{"(1, 0)": {"explain_plan": {"Plan": {"Node Type": "Aggregate", "Strategy": "Plain", "Startup Cost": 413659.37, "Total Cost": 413659.38, "Plan Rows": 1, "Plan Width": 49, "Plans": [{"Node Type": "Hash Join", "Parent Relationship": "Outer", "Join Type": "Inner", "Startup Cost": 88254.96, "Total Cost": 412831.75, "Plan Rows": 331050, "Plan Width": 17, "Inner Unique": true, "Hash Cond": "(mi.info_type_id = it.id), (LLVM Optimized)", "Plans": [{"Node Type": "Nested Loop", "Parent Relationship": "Outer", "Join Type": "Inner", "Startup Cost": 88251.44, "Total Cost": 408458.37, "Plan Rows": 331050, "Plan Width": 21, "Inner Unique": false, "Plans": [{"Node Type": "Hash Join", "Parent Relationship": "Outer", "Join Type": "Inner", "Startup Cost": 88251.44, "Total Cost": 149940.3, "Plan Rows": 289936, "Plan Width": 25, "Inner Unique": true, "Hash Cond": "(mc.movie_id = t.id), (LLVM Optimized)", "Plans": [{"Node Type": "Hash Join", "Parent Relationship": "Outer", "Join Type": "Inner", "Startup Cost": 1.05, "Total Cost": 58005.76, "Plan Rows": 209278, "Plan Width": 4, "Inner Unique": true, "Hash Cond": "(mc.company_type_id = ct.id), (LLVM Optimized)", "Plans": [{"Node Type": "Seq Scan", "Parent Relationship": "Outer", "Relation Name": "movie_companies", "Alias": "mc", "Startup Cost": 0.0, "Total Cost": 54862.92, "Plan Rows": 418557, "Plan Width": 8, "Filter": "(((note)::text !~~ '%(TV)%'::text) AND ((note)::text ~~ '%(USA)%'::text)), (LLVM Optimized)"}, {"Node Type": "Hash", "Parent Relationship": "Inner", "Startup Cost": 1.04, "Total Cost": 1.04, "Plan Rows": 1, "Plan Width": 4, "Plans": [{"Node Type": "Seq Scan", "Parent Relationship": "Outer", "Relation Name": "company_type", "Alias": "ct", "Startup Cost": 0.0, "Total Cost": 1.04, "Plan Rows": 1, "Plan Width": 4, "Filter": "((kind)::text = 'production companies'::text)"}]}]}, {"Node Type": "Hash", "Parent Relationship": "Inner", "Startup Cost": 66389.89, "Total Cost": 66389.89, "Plan Rows": 1748840, "Plan Width": 21, "Plans": [{"Node Type": "Seq Scan", "Parent Relationship": "Outer", "Relation Name": "title", "Alias": "t", "Startup Cost": 0.0, "Total Cost": 66389.89, "Plan Rows": 1748840, "Plan Width": 21, "Filter": "(production_year > 1990), (LLVM Optimized)"}]}]}, {"Node Type": "Index Scan", "Parent Relationship": "Inner", "Scan Direction": "Forward", "Index Name": "movie_id_movie_info", "Relation Name": "movie_info", "Alias": "mi", "Startup Cost": 0.0, "Total Cost": 0.88, "Plan Rows": 1, "Plan Width": 8, "Index Cond": "(movie_id = t.id)", "Filter": "((info)::text = ANY ('{Sweden,Norway,Germany,Denmark,Swedish,Denish,Norwegian,German,USA,American}'::text[]))"}]}, {"Node Type": "Hash", "Parent Relationship": "Inner", "Startup Cost": 2.12, "Total Cost": 2.12, "Plan Rows": 112, "Plan Width": 4, "Plans": [{"Node Type": "Index Only Scan", "Parent Relationship": "Outer", "Scan Direction": "Forward", "Index Name": "info_type_pkey", "Relation Name": "info_type", "Alias": "it", "Startup Cost": 0.0, "Total Cost": 2.12, "Plan Rows": 112, "Plan Width": 4}]}]}]}, "Unique SQL Id": 322094867}, "explain_analyze_plan": {"Plan": {"Node Type": "Aggregate", "Strategy": "Plain", "Startup Cost": 413659.37, "Total Cost": 413659.38, "Plan Rows": 1, "Plan Width": 49, "Actual Startup Time": 2764.239, "Actual Total Time": 2764.24, "Actual Rows": 1, "Actual Loops": 1, "Plans": [{"Node Type": "Hash Join", "Parent Relationship": "Outer", "Join Type": "Inner", "Startup Cost": 88254.96, "Total Cost": 412831.75, "Plan Rows": 331050, "Plan Width": 17, "Actual Startup Time": 2413.46, "Actual Total Time": 2763.712, "Actual Rows": 669, "Actual Loops": 1, "Inner Unique": true, "Hash Cond": "(mi.info_type_id = it.id), (LLVM Optimized, Jit Execute)", "Plans": [{"Node Type": "Nested Loop", "Parent Relationship": "Outer", "Join Type": "Inner", "Startup Cost": 88251.44, "Total Cost": 408458.37, "Plan Rows": 331050, "Plan Width": 21, "Actual Startup Time": 2413.334, "Actual Total Time": 2763.207, "Actual Rows": 669, "Actual Loops": 1, "Inner Unique": false, "Plans": [{"Node Type": "Hash Join", "Parent Relationship": "Outer", "Join Type": "Inner", "Startup Cost": 88251.44, "Total Cost": 149940.3, "Plan Rows": 289936, "Plan Width": 25, "Actual Startup Time": 2413.245, "Actual Total Time": 2741.677, "Actual Rows": 767, "Actual Loops": 1, "Inner Unique": true, "Hash Cond": "(mc.movie_id = t.id), (LLVM Optimized, Jit Execute)", "Plans": [{"Node Type": "Hash Join", "Parent Relationship": "Outer", "Join Type": "Inner", "Startup Cost": 1.05, "Total Cost": 58005.76, "Plan Rows": 209278, "Plan Width": 4, "Actual Startup Time": 896.76, "Actual Total Time": 1224.574, "Actual Rows": 798, "Actual Loops": 1, "Inner Unique": true, "Hash Cond": "(mc.company_type_id = ct.id), (LLVM Optimized, Jit Execute)", "Plans": [{"Node Type": "Seq Scan", "Parent Relationship": "Outer", "Relation Name": "movie_companies", "Alias": "mc", "Startup Cost": 0.0, "Total Cost": 54862.92, "Plan Rows": 418557, "Plan Width": 8, "Actual Startup Time": 0.041, "Actual Total Time": 1170.324, "Actual Rows": 295628, "Actual Loops": 1, "Filter": "(((note)::text !~~ '%(TV)%'::text) AND ((note)::text ~~ '%(USA)%'::text)), (LLVM Optimized, Jit Execute)", "Rows Removed by Filter": 2313500}, {"Node Type": "Hash", "Parent Relationship": "Inner", "Startup Cost": 1.04, "Total Cost": 1.04, "Plan Rows": 1, "Plan Width": 4, "Actual Startup Time": 0.013, "Actual Total Time": 0.013, "Actual Rows": 1, "Actual Loops": 1, "Hash Buckets": 32768, "Hash Batches": 1, "Original Hash Batches": 1, "Peak Memory Usage": 1, "Plans": [{"Node Type": "Seq Scan", "Parent Relationship": "Outer", "Relation Name": "company_type", "Alias": "ct", "Startup Cost": 0.0, "Total Cost": 1.04, "Plan Rows": 1, "Plan Width": 4, "Actual Startup Time": 0.007, "Actual Total Time": 0.009, "Actual Rows": 1, "Actual Loops": 1, "Filter": "((kind)::text = 'production companies'::text)", "Rows Removed by Filter": 2}]}]}, {"Node Type": "Hash", "Parent Relationship": "Inner", "Startup Cost": 66389.89, "Total Cost": 66389.89, "Plan Rows": 1748840, "Plan Width": 21, "Actual Startup Time": 1515.129, "Actual Total Time": 1515.129, "Actual Rows": 1749032, "Actual Loops": 1, "Hash Buckets": 2097152, "Hash Batches": 1, "Original Hash Batches": 1, "Peak Memory Usage": 93635, "Plans": [{"Node Type": "Seq Scan", "Parent Relationship": "Outer", "Relation Name": "title", "Alias": "t", "Startup Cost": 0.0, "Total Cost": 66389.89, "Plan Rows": 1748840, "Plan Width": 21, "Actual Startup Time": 0.047, "Actual Total Time": 897.982, "Actual Rows": 1749032, "Actual Loops": 1, "Filter": "(production_year > 1990), (LLVM Optimized, Jit Execute)", "Rows Removed by Filter": 779279}]}]}, {"Node Type": "Index Scan", "Parent Relationship": "Inner", "Scan Direction": "Forward", "Index Name": "movie_id_movie_info", "Relation Name": "movie_info", "Alias": "mi", "Startup Cost": 0.0, "Total Cost": 0.88, "Plan Rows": 1, "Plan Width": 8, "Actual Startup Time": 15.943, "Actual Total Time": 18.242, "Actual Rows": 669, "Actual Loops": 767, "Index Cond": "(movie_id = t.id)", "Rows Removed by Index Recheck": 0, "Filter": "((info)::text = ANY ('{Sweden,Norway,Germany,Denmark,Swedish,Denish,Norwegian,German,USA,American}'::text[]))", "Rows Removed by Filter": 7721}]}, {"Node Type": "Hash", "Parent Relationship": "Inner", "Startup Cost": 2.12, "Total Cost": 2.12, "Plan Rows": 112, "Plan Width": 4, "Actual Startup Time": 0.075, "Actual Total Time": 0.075, "Actual Rows": 112, "Actual Loops": 1, "Hash Buckets": 32768, "Hash Batches": 1, "Original Hash Batches": 1, "Peak Memory Usage": 4, "Plans": [{"Node Type": "Index Only Scan", "Parent Relationship": "Outer", "Scan Direction": "Forward", "Index Name": "info_type_pkey", "Relation Name": "info_type", "Alias": "it", "Startup Cost": 0.0, "Total Cost": 2.12, "Plan Rows": 112, "Plan Width": 4, "Actual Startup Time": 0.015, "Actual Total Time": 0.036, "Actual Rows": 112, "Actual Loops": 1, "Heap Fetches": 0}]}]}]}, "Triggers": [], "Planner Runtime": 11.615, "Total Runtime": 2774.343, "Unique SQL Id": 322094867}}, "(1, 1)": {"explain_plan": {"Plan": {"Node Type": "Aggregate", "Strategy": "Plain", "Startup Cost": 472671.15, "Total Cost": 472671.16, "Plan Rows": 1, "Plan Width": 49, "Plans": [{"Node Type": "Hash Join", "Parent Relationship": "Outer", "Join Type": "Inner", "Startup Cost": 11.33, "Total Cost": 471843.53, "Plan Rows": 331050, "Plan Width": 17, "Inner Unique": true, "Hash Cond": "(mi.info_type_id = it.id), (LLVM Optimized)", "Plans": [{"Node Type": "Nested Loop", "Parent Relationship": "Outer", "Join Type": "Inner", "Startup Cost": 0.0, "Total Cost": 467462.34, "Plan Rows": 331050, "Plan Width": 21, "Inner Unique": false, "Plans": [{"Node Type": "Nested Loop", "Parent Relationship": "Outer", "Join Type": "Inner", "Startup Cost": 0.0, "Total Cost": 208944.27, "Plan Rows": 289936, "Plan Width": 25, "Inner Unique": true, "Plans": [{"Node Type": "Nested Loop", "Parent Relationship": "Outer", "Join Type": "Inner", "Startup Cost": 0.0, "Total Cost": 61745.44, "Plan Rows": 209278, "Plan Width": 4, "Inner Unique": false, "Plans": [{"Node Type": "Index Scan", "Parent Relationship": "Outer", "Scan Direction": "Forward", "Index Name": "company_type_pkey", "Relation Name": "company_type", "Alias": "ct", "Startup Cost": 0.0, "Total Cost": 12.3, "Plan Rows": 1, "Plan Width": 4, "Filter": "((kind)::text = 'production companies'::text)"}, {"Node Type": "Index Scan", "Parent Relationship": "Inner", "Scan Direction": "Forward", "Index Name": "company_type_id_movie_companies", "Relation Name": "movie_companies", "Alias": "mc", "Startup Cost": 0.0, "Total Cost": 59640.35, "Plan Rows": 209279, "Plan Width": 8, "Index Cond": "(company_type_id = ct.id), (LLVM Optimized)", "Filter": "(((note)::text !~~ '%(TV)%'::text) AND ((note)::text ~~ '%(USA)%'::text)), (LLVM Optimized)"}]}, {"Node Type": "Index Scan", "Parent Relationship": "Inner", "Scan Direction": "Forward", "Index Name": "title_pkey", "Relation Name": "title", "Alias": "t", "Startup Cost": 0.0, "Total Cost": 0.69, "Plan Rows": 1, "Plan Width": 21, "Index Cond": "(id = mc.movie_id)", "Filter": "(production_year > 1990)"}]}, {"Node Type": "Index Scan", "Parent Relationship": "Inner", "Scan Direction": "Forward", "Index Name": "movie_id_movie_info", "Relation Name": "movie_info", "Alias": "mi", "Startup Cost": 0.0, "Total Cost": 0.88, "Plan Rows": 1, "Plan Width": 8, "Index Cond": "(movie_id = t.id)", "Filter": "((info)::text = ANY ('{Sweden,Norway,Germany,Denmark,Swedish,Denish,Norwegian,German,USA,American}'::text[]))"}]}, {"Node Type": "Hash", "Parent Relationship": "Inner", "Startup Cost": 9.93, "Total Cost": 9.93, "Plan Rows": 112, "Plan Width": 4, "Plans": [{"Node Type": "Index Only Scan", "Parent Relationship": "Outer", "Scan Direction": "Forward", "Index Name": "info_type_pkey", "Relation Name": "info_type", "Alias": "it", "Startup Cost": 0.0, "Total Cost": 9.93, "Plan Rows": 112, "Plan Width": 4}]}]}]}, "Unique SQL Id": 322094867}, "explain_analyze_plan": {"Plan": {"Node Type": "Aggregate", "Strategy": "Plain", "Startup Cost": 472671.15, "Total Cost": 472671.16, "Plan Rows": 1, "Plan Width": 49, "Actual Startup Time": 745.188, "Actual Total Time": 745.188, "Actual Rows": 1, "Actual Loops": 1, "Plans": [{"Node Type": "Hash Join", "Parent Relationship": "Outer", "Join Type": "Inner", "Startup Cost": 11.33, "Total Cost": 471843.53, "Plan Rows": 331050, "Plan Width": 17, "Actual Startup Time": 8.689, "Actual Total Time": 744.677, "Actual Rows": 669, "Actual Loops": 1, "Inner Unique": true, "Hash Cond": "(mi.info_type_id = it.id), (LLVM Optimized, Jit Execute)", "Plans": [{"Node Type": "Nested Loop", "Parent Relationship": "Outer", "Join Type": "Inner", "Startup Cost": 0.0, "Total Cost": 467462.34, "Plan Rows": 331050, "Plan Width": 21, "Actual Startup Time": 8.562, "Actual Total Time": 744.098, "Actual Rows": 669, "Actual Loops": 1, "Inner Unique": false, "Plans": [{"Node Type": "Nested Loop", "Parent Relationship": "Outer", "Join Type": "Inner", "Startup Cost": 0.0, "Total Cost": 208944.27, "Plan Rows": 289936, "Plan Width": 25, "Actual Startup Time": 8.544, "Actual Total Time": 716.894, "Actual Rows": 767, "Actual Loops": 1, "Inner Unique": true, "Plans": [{"Node Type": "Nested Loop", "Parent Relationship": "Outer", "Join Type": "Inner", "Startup Cost": 0.0, "Total Cost": 61745.44, "Plan Rows": 209278, "Plan Width": 4, "Actual Startup Time": 8.524, "Actual Total Time": 709.44, "Actual Rows": 798, "Actual Loops": 1, "Inner Unique": false, "Plans": [{"Node Type": "Index Scan", "Parent Relationship": "Outer", "Scan Direction": "Forward", "Index Name": "company_type_pkey", "Relation Name": "company_type", "Alias": "ct", "Startup Cost": 0.0, "Total Cost": 12.3, "Plan Rows": 1, "Plan Width": 4, "Actual Startup Time": 0.024, "Actual Total Time": 0.033, "Actual Rows": 1, "Actual Loops": 1, "Filter": "((kind)::text = 'production companies'::text)", "Rows Removed by Filter": 2}, {"Node Type": "Index Scan", "Parent Relationship": "Inner", "Scan Direction": "Forward", "Index Name": "company_type_id_movie_companies", "Relation Name": "movie_companies", "Alias": "mc", "Startup Cost": 0.0, "Total Cost": 59640.35, "Plan Rows": 209279, "Plan Width": 8, "Actual Startup Time": 8.495, "Actual Total Time": 709.163, "Actual Rows": 798, "Actual Loops": 1, "Index Cond": "(company_type_id = ct.id), (LLVM Optimized, Jit Execute)", "Rows Removed by Index Recheck": 0, "Filter": "(((note)::text !~~ '%(TV)%'::text) AND ((note)::text ~~ '%(USA)%'::text)), (LLVM Optimized, Jit Execute)", "Rows Removed by Filter": 1334085}]}, {"Node Type": "Index Scan", "Parent Relationship": "Inner", "Scan Direction": "Forward", "Index Name": "title_pkey", "Relation Name": "title", "Alias": "t", "Startup Cost": 0.0, "Total Cost": 0.69, "Plan Rows": 1, "Plan Width": 21, "Actual Startup Time": 6.559, "Actual Total Time": 6.559, "Actual Rows": 767, "Actual Loops": 798, "Index Cond": "(id = mc.movie_id)", "Rows Removed by Index Recheck": 0, "Filter": "(production_year > 1990)", "Rows Removed by Filter": 31}]}, {"Node Type": "Index Scan", "Parent Relationship": "Inner", "Scan Direction": "Forward", "Index Name": "movie_id_movie_info", "Relation Name": "movie_info", "Alias": "mi", "Startup Cost": 0.0, "Total Cost": 0.88, "Plan Rows": 1, "Plan Width": 8, "Actual Startup Time": 23.438, "Actual Total Time": 26.533, "Actual Rows": 669, "Actual Loops": 767, "Index Cond": "(movie_id = t.id)", "Rows Removed by Index Recheck": 0, "Filter": "((info)::text = ANY ('{Sweden,Norway,Germany,Denmark,Swedish,Denish,Norwegian,German,USA,American}'::text[]))", "Rows Removed by Filter": 7721}]}, {"Node Type": "Hash", "Parent Relationship": "Inner", "Startup Cost": 9.93, "Total Cost": 9.93, "Plan Rows": 112, "Plan Width": 4, "Actual Startup Time": 0.072, "Actual Total Time": 0.072, "Actual Rows": 112, "Actual Loops": 1, "Hash Buckets": 32768, "Hash Batches": 1, "Original Hash Batches": 1, "Peak Memory Usage": 4, "Plans": [{"Node Type": "Index Only Scan", "Parent Relationship": "Outer", "Scan Direction": "Forward", "Index Name": "info_type_pkey", "Relation Name": "info_type", "Alias": "it", "Startup Cost": 0.0, "Total Cost": 9.93, "Plan Rows": 112, "Plan Width": 4, "Actual Startup Time": 0.012, "Actual Total Time": 0.036, "Actual Rows": 112, "Actual Loops": 1, "Heap Fetches": 0}]}]}]}, "Triggers": [], "Planner Runtime": 7.504, "Total Runtime": 754.796, "Unique SQL Id": 322094867}}, "(1, 2)": {"explain_plan": {"Plan": {"Node Type": "Aggregate", "Strategy": "Plain", "Startup Cost": 646202.08, "Total Cost": 646202.09, "Plan Rows": 1, "Plan Width": 49, "Plans": [{"Node Type": "Hash Join", "Parent Relationship": "Outer", "Join Type": "Inner", "Startup Cost": 153568.02, "Total Cost": 645374.46, "Plan Rows": 331050, "Plan Width": 17, "Inner Unique": true, "Hash Cond": "(mi.info_type_id = it.id), (LLVM Optimized)", "Plans": [{"Node Type": "Hash Join", "Parent Relationship": "Outer", "Join Type": "Inner", "Startup Cost": 153564.5, "Total Cost": 640819.0, "Plan Rows": 331050, "Plan Width": 21, "Inner Unique": false, "Hash Cond": "(mi.movie_id = t.id), (LLVM Optimized)", "Plans": [{"Node Type": "Seq Scan", "Parent Relationship": "Outer", "Relation Name": "movie_info", "Alias": "mi", "Startup Cost": 0.0, "Total Cost": 482862.23, "Plan Rows": 726375, "Plan Width": 8, "Filter": "((info)::text = ANY ('{Sweden,Norway,Germany,Denmark,Swedish,Denish,Norwegian,German,USA,American}'::text[]))"}, {"Node Type": "Hash", "Parent Relationship": "Inner", "Startup Cost": 149940.3, "Total Cost": 149940.3, "Plan Rows": 289936, "Plan Width": 25, "Plans": [{"Node Type": "Hash Join", "Parent Relationship": "Outer", "Join Type": "Inner", "Startup Cost": 88251.44, "Total Cost": 149940.3, "Plan Rows": 289936, "Plan Width": 25, "Inner Unique": true, "Hash Cond": "(mc.movie_id = t.id), (LLVM Optimized)", "Plans": [{"Node Type": "Hash Join", "Parent Relationship": "Outer", "Join Type": "Inner", "Startup Cost": 1.05, "Total Cost": 58005.76, "Plan Rows": 209278, "Plan Width": 4, "Inner Unique": true, "Hash Cond": "(mc.company_type_id = ct.id), (LLVM Optimized)", "Plans": [{"Node Type": "Seq Scan", "Parent Relationship": "Outer", "Relation Name": "movie_companies", "Alias": "mc", "Startup Cost": 0.0, "Total Cost": 54862.92, "Plan Rows": 418557, "Plan Width": 8, "Filter": "(((note)::text !~~ '%(TV)%'::text) AND ((note)::text ~~ '%(USA)%'::text)), (LLVM Optimized)"}, {"Node Type": "Hash", "Parent Relationship": "Inner", "Startup Cost": 1.04, "Total Cost": 1.04, "Plan Rows": 1, "Plan Width": 4, "Plans": [{"Node Type": "Seq Scan", "Parent Relationship": "Outer", "Relation Name": "company_type", "Alias": "ct", "Startup Cost": 0.0, "Total Cost": 1.04, "Plan Rows": 1, "Plan Width": 4, "Filter": "((kind)::text = 'production companies'::text)"}]}]}, {"Node Type": "Hash", "Parent Relationship": "Inner", "Startup Cost": 66389.89, "Total Cost": 66389.89, "Plan Rows": 1748840, "Plan Width": 21, "Plans": [{"Node Type": "Seq Scan", "Parent Relationship": "Outer", "Relation Name": "title", "Alias": "t", "Startup Cost": 0.0, "Total Cost": 66389.89, "Plan Rows": 1748840, "Plan Width": 21, "Filter": "(production_year > 1990), (LLVM Optimized)"}]}]}]}]}, {"Node Type": "Hash", "Parent Relationship": "Inner", "Startup Cost": 2.12, "Total Cost": 2.12, "Plan Rows": 112, "Plan Width": 4, "Plans": [{"Node Type": "Seq Scan", "Parent Relationship": "Outer", "Relation Name": "info_type", "Alias": "it", "Startup Cost": 0.0, "Total Cost": 2.12, "Plan Rows": 112, "Plan Width": 4}]}]}]}, "Unique SQL Id": 322094867}, "explain_analyze_plan": null}, "(1, 3)": {"explain_plan": {"Plan": {"Node Type": "Aggregate", "Strategy": "Plain", "Startup Cost": 1000019247502.85, "Total Cost": 1000019247502.86, "Plan Rows": 1, "Plan Width": 49, "Plans": [{"Node Type": "Nested Loop", "Parent Relationship": "Outer", "Join Type": "Inner", "Startup Cost": 10000000001.66, "Total Cost": 1000019246675.23, "Plan Rows": 331050, "Plan Width": 17, "Inner Unique": true, "Plans": [{"Node Type": "Nested Loop", "Parent Relationship": "Outer", "Join Type": "Inner", "Startup Cost": 10000000001.35, "Total Cost": 1000018211114.89, "Plan Rows": 238955, "Plan Width": 8, "Inner Unique": true, "Plans": [{"Node Type": "Nested Loop", "Parent Relationship": "Outer", "Join Type": "Inner", "Startup Cost": 10000000001.09, "Total Cost": 1000017188325.12, "Plan Rows": 238955, "Plan Width": 12, "Inner Unique": false, "Plans": [{"Node Type": "Nested Loop", "Parent Relationship": "Outer", "Join Type": "Inner", "Startup Cost": 10000000000.26, "Total Cost": 1000016149093.12, "Plan Rows": 209278, "Plan Width": 4, "Inner Unique": true, "Plans": [{"Node Type": "Index Scan", "Parent Relationship": "Outer", "Scan Direction": "Forward", "Index Name": "movie_id_movie_companies", "Relation Name": "movie_companies", "Alias": "mc", "Startup Cost": 10000000000.0, "Total Cost": 1000014356510.13, "Plan Rows": 418557, "Plan Width": 8, "Filter": "(((note)::text !~~ '%(TV)%'::text) AND ((note)::text ~~ '%(USA)%'::text)), (LLVM Optimized)"}, {"Node Type": "Bitmap Heap Scan", "Parent Relationship": "Inner", "Relation Name": "company_type", "Alias": "ct", "Startup Cost": 0.26, "Total Cost": 4.27, "Plan Rows": 1, "Plan Width": 4, "Recheck Cond": "(id = mc.company_type_id)", "Filter": "((kind)::text = 'production companies'::text)", "Plans": [{"Node Type": "Bitmap Index Scan", "Parent Relationship": "Outer", "Index Name": "company_type_pkey", "Startup Cost": 0.0, "Total Cost": 0.26, "Plan Rows": 1, "Plan Width": 0, "Index Cond": "(id = mc.company_type_id)"}]}]}, {"Node Type": "Bitmap Heap Scan", "Parent Relationship": "Inner", "Relation Name": "movie_info", "Alias": "mi", "Startup Cost": 0.83, "Total Cost": 4.96, "Plan Rows": 1, "Plan Width": 8, "Recheck Cond": "(movie_id = mc.movie_id)", "Filter": "((info)::text = ANY ('{Sweden,Norway,Germany,Denmark,Swedish,Denish,Norwegian,German,USA,American}'::text[]))", "Plans": [{"Node Type": "Bitmap Index Scan", "Parent Relationship": "Outer", "Index Name": "movie_id_movie_info", "Startup Cost": 0.0, "Total Cost": 0.83, "Plan Rows": 5, "Plan Width": 0, "Index Cond": "(movie_id = mc.movie_id)"}]}]}, {"Node Type": "Bitmap Heap Scan", "Parent Relationship": "Inner", "Relation Name": "info_type", "Alias": "it", "Startup Cost": 0.26, "Total Cost": 4.27, "Plan Rows": 1, "Plan Width": 4, "Recheck Cond": "(id = mi.info_type_id)", "Plans": [{"Node Type": "Bitmap Index Scan", "Parent Relationship": "Outer", "Index Name": "info_type_pkey", "Startup Cost": 0.0, "Total Cost": 0.26, "Plan Rows": 1, "Plan Width": 0, "Index Cond": "(id = mi.info_type_id)"}]}]}, {"Node Type": "Bitmap Heap Scan", "Parent Relationship": "Inner", "Relation Name": "title", "Alias": "t", "Startup Cost": 0.31, "Total Cost": 4.32, "Plan Rows": 1, "Plan Width": 21, "Recheck Cond": "(id = mi.movie_id)", "Filter": "(production_year > 1990)", "Plans": [{"Node Type": "Bitmap Index Scan", "Parent Relationship": "Outer", "Index Name": "title_pkey", "Startup Cost": 0.0, "Total Cost": 0.31, "Plan Rows": 1, "Plan Width": 0, "Index Cond": "(id = mi.movie_id)"}]}]}]}, "Unique SQL Id": 322094867}, "explain_analyze_plan": {"Plan": {"Node Type": "Aggregate", "Strategy": "Plain", "Startup Cost": 1000019247502.85, "Total Cost": 1000019247502.86, "Plan Rows": 1, "Plan Width": 49, "Actual Startup Time": 2983.243, "Actual Total Time": 2983.244, "Actual Rows": 1, "Actual Loops": 1, "Plans": [{"Node Type": "Nested Loop", "Parent Relationship": "Outer", "Join Type": "Inner", "Startup Cost": 10000000001.66, "Total Cost": 1000019246675.23, "Plan Rows": 331050, "Plan Width": 17, "Actual Startup Time": 32.619, "Actual Total Time": 2982.151, "Actual Rows": 669, "Actual Loops": 1, "Inner Unique": true, "Plans": [{"Node Type": "Nested Loop", "Parent Relationship": "Outer", "Join Type": "Inner", "Startup Cost": 10000000001.35, "Total Cost": 1000018211114.89, "Plan Rows": 238955, "Plan Width": 8, "Actual Startup Time": 32.603, "Actual Total Time": 2974.089, "Actual Rows": 691, "Actual Loops": 1, "Inner Unique": true, "Plans": [{"Node Type": "Nested Loop", "Parent Relationship": "Outer", "Join Type": "Inner", "Startup Cost": 10000000001.09, "Total Cost": 1000017188325.12, "Plan Rows": 238955, "Plan Width": 12, "Actual Startup Time": 32.594, "Actual Total Time": 2969.962, "Actual Rows": 691, "Actual Loops": 1, "Inner Unique": false, "Plans": [{"Node Type": "Nested Loop", "Parent Relationship": "Outer", "Join Type": "Inner", "Startup Cost": 10000000000.26, "Total Cost": 1000016149093.12, "Plan Rows": 209278, "Plan Width": 4, "Actual Startup Time": 32.553, "Actual Total Time": 2937.753, "Actual Rows": 798, "Actual Loops": 1, "Inner Unique": true, "Plans": [{"Node Type": "Index Scan", "Parent Relationship": "Outer", "Scan Direction": "Forward", "Index Name": "movie_id_movie_companies", "Relation Name": "movie_companies", "Alias": "mc", "Startup Cost": 10000000000.0, "Total Cost": 1000014356510.13, "Plan Rows": 418557, "Plan Width": 8, "Actual Startup Time": 0.054, "Actual Total Time": 2285.125, "Actual Rows": 295628, "Actual Loops": 1, "Filter": "(((note)::text !~~ '%(TV)%'::text) AND ((note)::text ~~ '%(USA)%'::text)), (LLVM Optimized, Jit Execute)", "Rows Removed by Filter": 2313500}, {"Node Type": "Bitmap Heap Scan", "Parent Relationship": "Inner", "Relation Name": "company_type", "Alias": "ct", "Startup Cost": 0.26, "Total Cost": 4.27, "Plan Rows": 1, "Plan Width": 4, "Actual Startup Time": 341.416, "Actual Total Time": 341.416, "Actual Rows": 798, "Actual Loops": 295628, "Recheck Cond": "(id = mc.company_type_id)", "Rows Removed by Index Recheck": 0, "Filter": "((kind)::text = 'production companies'::text)", "Rows Removed by Filter": 0, "Exact Heap Blocks": 798, "Lossy Heap Blocks": 798, "Plans": [{"Node Type": "Bitmap Index Scan", "Parent Relationship": "Outer", "Index Name": "company_type_pkey", "Startup Cost": 0.0, "Total Cost": 0.26, "Plan Rows": 1, "Plan Width": 0, "Actual Startup Time": 205.492, "Actual Total Time": 205.492, "Actual Rows": 798, "Actual Loops": 295628, "Index Cond": "(id = mc.company_type_id)"}]}]}, {"Node Type": "Bitmap Heap Scan", "Parent Relationship": "Inner", "Relation Name": "movie_info", "Alias": "mi", "Startup Cost": 0.83, "Total Cost": 4.96, "Plan Rows": 1, "Plan Width": 8, "Actual Startup Time": 27.613, "Actual Total Time": 30.269, "Actual Rows": 691, "Actual Loops": 798, "Recheck Cond": "(movie_id = mc.movie_id)", "Rows Removed by Index Recheck": 0, "Filter": "((info)::text = ANY ('{Sweden,Norway,Germany,Denmark,Swedish,Denish,Norwegian,German,USA,American}'::text[]))", "Rows Removed by Filter": 7906, "Exact Heap Blocks": 6397, "Lossy Heap Blocks": 6397, "Plans": [{"Node Type": "Bitmap Index Scan", "Parent Relationship": "Outer", "Index Name": "movie_id_movie_info", "Startup Cost": 0.0, "Total Cost": 0.83, "Plan Rows": 5, "Plan Width": 0, "Actual Startup Time": 6.949, "Actual Total Time": 6.949, "Actual Rows": 8597, "Actual Loops": 798, "Index Cond": "(movie_id = mc.movie_id)"}]}]}, {"Node Type": "Bitmap Heap Scan", "Parent Relationship": "Inner", "Relation Name": "info_type", "Alias": "it", "Startup Cost": 0.26, "Total Cost": 4.27, "Plan Rows": 1, "Plan Width": 4, "Actual Startup Time": 2.573, "Actual Total Time": 2.573, "Actual Rows": 691, "Actual Loops": 691, "Recheck Cond": "(id = mi.info_type_id)", "Rows Removed by Index Recheck": 0, "Exact Heap Blocks": 691, "Lossy Heap Blocks": 691, "Plans": [{"Node Type": "Bitmap Index Scan", "Parent Relationship": "Outer", "Index Name": "info_type_pkey", "Startup Cost": 0.0, "Total Cost": 0.26, "Plan Rows": 1, "Plan Width": 0, "Actual Startup Time": 1.179, "Actual Total Time": 1.179, "Actual Rows": 691, "Actual Loops": 691, "Index Cond": "(id = mi.info_type_id)"}]}]}, {"Node Type": "Bitmap Heap Scan", "Parent Relationship": "Inner", "Relation Name": "title", "Alias": "t", "Startup Cost": 0.31, "Total Cost": 4.32, "Plan Rows": 1, "Plan Width": 21, "Actual Startup Time": 6.58, "Actual Total Time": 6.58, "Actual Rows": 669, "Actual Loops": 691, "Recheck Cond": "(id = mi.movie_id)", "Rows Removed by Index Recheck": 0, "Filter": "(production_year > 1990)", "Rows Removed by Filter": 22, "Exact Heap Blocks": 691, "Lossy Heap Blocks": 691, "Plans": [{"Node Type": "Bitmap Index Scan", "Parent Relationship": "Outer", "Index Name": "title_pkey", "Startup Cost": 0.0, "Total Cost": 0.31, "Plan Rows": 1, "Plan Width": 0, "Actual Startup Time": 3.813, "Actual Total Time": 3.813, "Actual Rows": 691, "Actual Loops": 691, "Index Cond": "(id = mi.movie_id)"}]}]}]}, "Triggers": [], "Planner Runtime": 4.896, "Total Runtime": 2992.474, "Unique SQL Id": 322094867}}, "(1, 4)": {"explain_plan": {"Plan": {"Node Type": "Aggregate", "Strategy": "Plain", "Startup Cost": 413659.37, "Total Cost": 413659.38, "Plan Rows": 1, "Plan Width": 49, "Plans": [{"Node Type": "Hash Join", "Parent Relationship": "Outer", "Join Type": "Inner", "Startup Cost": 88254.96, "Total Cost": 412831.75, "Plan Rows": 331050, "Plan Width": 17, "Inner Unique": true, "Hash Cond": "(mi.info_type_id = it.id), (LLVM Optimized)", "Plans": [{"Node Type": "Nested Loop", "Parent Relationship": "Outer", "Join Type": "Inner", "Startup Cost": 88251.44, "Total Cost": 408458.37, "Plan Rows": 331050, "Plan Width": 21, "Inner Unique": false, "Plans": [{"Node Type": "Hash Join", "Parent Relationship": "Outer", "Join Type": "Inner", "Startup Cost": 88251.44, "Total Cost": 149940.3, "Plan Rows": 289936, "Plan Width": 25, "Inner Unique": true, "Hash Cond": "(mc.movie_id = t.id), (LLVM Optimized)", "Plans": [{"Node Type": "Hash Join", "Parent Relationship": "Outer", "Join Type": "Inner", "Startup Cost": 1.05, "Total Cost": 58005.76, "Plan Rows": 209278, "Plan Width": 4, "Inner Unique": true, "Hash Cond": "(mc.company_type_id = ct.id), (LLVM Optimized)", "Plans": [{"Node Type": "Seq Scan", "Parent Relationship": "Outer", "Relation Name": "movie_companies", "Alias": "mc", "Startup Cost": 0.0, "Total Cost": 54862.92, "Plan Rows": 418557, "Plan Width": 8, "Filter": "(((note)::text !~~ '%(TV)%'::text) AND ((note)::text ~~ '%(USA)%'::text)), (LLVM Optimized)"}, {"Node Type": "Hash", "Parent Relationship": "Inner", "Startup Cost": 1.04, "Total Cost": 1.04, "Plan Rows": 1, "Plan Width": 4, "Plans": [{"Node Type": "Seq Scan", "Parent Relationship": "Outer", "Relation Name": "company_type", "Alias": "ct", "Startup Cost": 0.0, "Total Cost": 1.04, "Plan Rows": 1, "Plan Width": 4, "Filter": "((kind)::text = 'production companies'::text)"}]}]}, {"Node Type": "Hash", "Parent Relationship": "Inner", "Startup Cost": 66389.89, "Total Cost": 66389.89, "Plan Rows": 1748840, "Plan Width": 21, "Plans": [{"Node Type": "Seq Scan", "Parent Relationship": "Outer", "Relation Name": "title", "Alias": "t", "Startup Cost": 0.0, "Total Cost": 66389.89, "Plan Rows": 1748840, "Plan Width": 21, "Filter": "(production_year > 1990), (LLVM Optimized)"}]}]}, {"Node Type": "Index Scan", "Parent Relationship": "Inner", "Scan Direction": "Forward", "Index Name": "movie_id_movie_info", "Relation Name": "movie_info", "Alias": "mi", "Startup Cost": 0.0, "Total Cost": 0.88, "Plan Rows": 1, "Plan Width": 8, "Index Cond": "(movie_id = t.id)", "Filter": "((info)::text = ANY ('{Sweden,Norway,Germany,Denmark,Swedish,Denish,Norwegian,German,USA,American}'::text[]))"}]}, {"Node Type": "Hash", "Parent Relationship": "Inner", "Startup Cost": 2.12, "Total Cost": 2.12, "Plan Rows": 112, "Plan Width": 4, "Plans": [{"Node Type": "Seq Scan", "Parent Relationship": "Outer", "Relation Name": "info_type", "Alias": "it", "Startup Cost": 0.0, "Total Cost": 2.12, "Plan Rows": 112, "Plan Width": 4}]}]}]}, "Unique SQL Id": 322094867}, "explain_analyze_plan": {"Plan": {"Node Type": "Aggregate", "Strategy": "Plain", "Startup Cost": 413659.37, "Total Cost": 413659.38, "Plan Rows": 1, "Plan Width": 49, "Actual Startup Time": 2847.577, "Actual Total Time": 2847.578, "Actual Rows": 1, "Actual Loops": 1, "Plans": [{"Node Type": "Hash Join", "Parent Relationship": "Outer", "Join Type": "Inner", "Startup Cost": 88254.96, "Total Cost": 412831.75, "Plan Rows": 331050, "Plan Width": 17, "Actual Startup Time": 2465.807, "Actual Total Time": 2847.12, "Actual Rows": 669, "Actual Loops": 1, "Inner Unique": true, "Hash Cond": "(mi.info_type_id = it.id), (LLVM Optimized, Jit Execute)", "Plans": [{"Node Type": "Nested Loop", "Parent Relationship": "Outer", "Join Type": "Inner", "Startup Cost": 88251.44, "Total Cost": 408458.37, "Plan Rows": 331050, "Plan Width": 21, "Actual Startup Time": 2465.668, "Actual Total Time": 2846.565, "Actual Rows": 669, "Actual Loops": 1, "Inner Unique": false, "Plans": [{"Node Type": "Hash Join", "Parent Relationship": "Outer", "Join Type": "Inner", "Startup Cost": 88251.44, "Total Cost": 149940.3, "Plan Rows": 289936, "Plan Width": 25, "Actual Startup Time": 2465.603, "Actual Total Time": 2813.818, "Actual Rows": 767, "Actual Loops": 1, "Inner Unique": true, "Hash Cond": "(mc.movie_id = t.id), (LLVM Optimized, Jit Execute)", "Plans": [{"Node Type": "Hash Join", "Parent Relationship": "Outer", "Join Type": "Inner", "Startup Cost": 1.05, "Total Cost": 58005.76, "Plan Rows": 209278, "Plan Width": 4, "Actual Startup Time": 860.961, "Actual Total Time": 1208.39, "Actual Rows": 798, "Actual Loops": 1, "Inner Unique": true, "Hash Cond": "(mc.company_type_id = ct.id), (LLVM Optimized, Jit Execute)", "Plans": [{"Node Type": "Seq Scan", "Parent Relationship": "Outer", "Relation Name": "movie_companies", "Alias": "mc", "Startup Cost": 0.0, "Total Cost": 54862.92, "Plan Rows": 418557, "Plan Width": 8, "Actual Startup Time": 0.048, "Actual Total Time": 1154.522, "Actual Rows": 295628, "Actual Loops": 1, "Filter": "(((note)::text !~~ '%(TV)%'::text) AND ((note)::text ~~ '%(USA)%'::text)), (LLVM Optimized, Jit Execute)", "Rows Removed by Filter": 2313500}, {"Node Type": "Hash", "Parent Relationship": "Inner", "Startup Cost": 1.04, "Total Cost": 1.04, "Plan Rows": 1, "Plan Width": 4, "Actual Startup Time": 0.012, "Actual Total Time": 0.012, "Actual Rows": 1, "Actual Loops": 1, "Hash Buckets": 32768, "Hash Batches": 1, "Original Hash Batches": 1, "Peak Memory Usage": 1, "Plans": [{"Node Type": "Seq Scan", "Parent Relationship": "Outer", "Relation Name": "company_type", "Alias": "ct", "Startup Cost": 0.0, "Total Cost": 1.04, "Plan Rows": 1, "Plan Width": 4, "Actual Startup Time": 0.006, "Actual Total Time": 0.007, "Actual Rows": 1, "Actual Loops": 1, "Filter": "((kind)::text = 'production companies'::text)", "Rows Removed by Filter": 2}]}]}, {"Node Type": "Hash", "Parent Relationship": "Inner", "Startup Cost": 66389.89, "Total Cost": 66389.89, "Plan Rows": 1748840, "Plan Width": 21, "Actual Startup Time": 1603.236, "Actual Total Time": 1603.236, "Actual Rows": 1749032, "Actual Loops": 1, "Hash Buckets": 2097152, "Hash Batches": 1, "Original Hash Batches": 1, "Peak Memory Usage": 93635, "Plans": [{"Node Type": "Seq Scan", "Parent Relationship": "Outer", "Relation Name": "title", "Alias": "t", "Startup Cost": 0.0, "Total Cost": 66389.89, "Plan Rows": 1748840, "Plan Width": 21, "Actual Startup Time": 0.043, "Actual Total Time": 924.726, "Actual Rows": 1749032, "Actual Loops": 1, "Filter": "(production_year > 1990), (LLVM Optimized, Jit Execute)", "Rows Removed by Filter": 779279}]}]}, {"Node Type": "Index Scan", "Parent Relationship": "Inner", "Scan Direction": "Forward", "Index Name": "movie_id_movie_info", "Relation Name": "movie_info", "Alias": "mi", "Startup Cost": 0.0, "Total Cost": 0.88, "Plan Rows": 1, "Plan Width": 8, "Actual Startup Time": 25.446, "Actual Total Time": 28.771, "Actual Rows": 669, "Actual Loops": 767, "Index Cond": "(movie_id = t.id)", "Rows Removed by Index Recheck": 0, "Filter": "((info)::text = ANY ('{Sweden,Norway,Germany,Denmark,Swedish,Denish,Norwegian,German,USA,American}'::text[]))", "Rows Removed by Filter": 7721}]}, {"Node Type": "Hash", "Parent Relationship": "Inner", "Startup Cost": 2.12, "Total Cost": 2.12, "Plan Rows": 112, "Plan Width": 4, "Actual Startup Time": 0.092, "Actual Total Time": 0.092, "Actual Rows": 112, "Actual Loops": 1, "Hash Buckets": 32768, "Hash Batches": 1, "Original Hash Batches": 1, "Peak Memory Usage": 4, "Plans": [{"Node Type": "Seq Scan", "Parent Relationship": "Outer", "Relation Name": "info_type", "Alias": "it", "Startup Cost": 0.0, "Total Cost": 2.12, "Plan Rows": 112, "Plan Width": 4, "Actual Startup Time": 0.024, "Actual Total Time": 0.044, "Actual Rows": 112, "Actual Loops": 1}]}]}]}, "Triggers": [], "Planner Runtime": 11.646, "Total Runtime": 2857.721, "Unique SQL Id": 322094867}}, "(1, 5)": {"explain_plan": {"Plan": {"Node Type": "Aggregate", "Strategy": "Plain", "Startup Cost": 472675.15, "Total Cost": 472675.16, "Plan Rows": 1, "Plan Width": 49, "Plans": [{"Node Type": "Hash Join", "Parent Relationship": "Outer", "Join Type": "Inner", "Startup Cost": 15.33, "Total Cost": 471847.53, "Plan Rows": 331050, "Plan Width": 17, "Inner Unique": true, "Hash Cond": "(mi.info_type_id = it.id), (LLVM Optimized)", "Plans": [{"Node Type": "Nested Loop", "Parent Relationship": "Outer", "Join Type": "Inner", "Startup Cost": 0.0, "Total Cost": 467462.34, "Plan Rows": 331050, "Plan Width": 21, "Inner Unique": false, "Plans": [{"Node Type": "Nested Loop", "Parent Relationship": "Outer", "Join Type": "Inner", "Startup Cost": 0.0, "Total Cost": 208944.27, "Plan Rows": 289936, "Plan Width": 25, "Inner Unique": true, "Plans": [{"Node Type": "Nested Loop", "Parent Relationship": "Outer", "Join Type": "Inner", "Startup Cost": 0.0, "Total Cost": 61745.44, "Plan Rows": 209278, "Plan Width": 4, "Inner Unique": false, "Plans": [{"Node Type": "Index Scan", "Parent Relationship": "Outer", "Scan Direction": "Forward", "Index Name": "company_type_pkey", "Relation Name": "company_type", "Alias": "ct", "Startup Cost": 0.0, "Total Cost": 12.3, "Plan Rows": 1, "Plan Width": 4, "Filter": "((kind)::text = 'production companies'::text)"}, {"Node Type": "Index Scan", "Parent Relationship": "Inner", "Scan Direction": "Forward", "Index Name": "company_type_id_movie_companies", "Relation Name": "movie_companies", "Alias": "mc", "Startup Cost": 0.0, "Total Cost": 59640.35, "Plan Rows": 209279, "Plan Width": 8, "Index Cond": "(company_type_id = ct.id), (LLVM Optimized)", "Filter": "(((note)::text !~~ '%(TV)%'::text) AND ((note)::text ~~ '%(USA)%'::text)), (LLVM Optimized)"}]}, {"Node Type": "Index Scan", "Parent Relationship": "Inner", "Scan Direction": "Forward", "Index Name": "title_pkey", "Relation Name": "title", "Alias": "t", "Startup Cost": 0.0, "Total Cost": 0.69, "Plan Rows": 1, "Plan Width": 21, "Index Cond": "(id = mc.movie_id)", "Filter": "(production_year > 1990)"}]}, {"Node Type": "Index Scan", "Parent Relationship": "Inner", "Scan Direction": "Forward", "Index Name": "movie_id_movie_info", "Relation Name": "movie_info", "Alias": "mi", "Startup Cost": 0.0, "Total Cost": 0.88, "Plan Rows": 1, "Plan Width": 8, "Index Cond": "(movie_id = t.id)", "Filter": "((info)::text = ANY ('{Sweden,Norway,Germany,Denmark,Swedish,Denish,Norwegian,German,USA,American}'::text[]))"}]}, {"Node Type": "Hash", "Parent Relationship": "Inner", "Startup Cost": 13.93, "Total Cost": 13.93, "Plan Rows": 112, "Plan Width": 4, "Plans": [{"Node Type": "Index Scan", "Parent Relationship": "Outer", "Scan Direction": "Forward", "Index Name": "info_type_pkey", "Relation Name": "info_type", "Alias": "it", "Startup Cost": 0.0, "Total Cost": 13.93, "Plan Rows": 112, "Plan Width": 4}]}]}]}, "Unique SQL Id": 322094867}, "explain_analyze_plan": {"Plan": {"Node Type": "Aggregate", "Strategy": "Plain", "Startup Cost": 472675.15, "Total Cost": 472675.16, "Plan Rows": 1, "Plan Width": 49, "Actual Startup Time": 797.4, "Actual Total Time": 797.4, "Actual Rows": 1, "Actual Loops": 1, "Plans": [{"Node Type": "Hash Join", "Parent Relationship": "Outer", "Join Type": "Inner", "Startup Cost": 15.33, "Total Cost": 471847.53, "Plan Rows": 331050, "Plan Width": 17, "Actual Startup Time": 10.134, "Actual Total Time": 796.963, "Actual Rows": 669, "Actual Loops": 1, "Inner Unique": true, "Hash Cond": "(mi.info_type_id = it.id), (LLVM Optimized, Jit Execute)", "Plans": [{"Node Type": "Nested Loop", "Parent Relationship": "Outer", "Join Type": "Inner", "Startup Cost": 0.0, "Total Cost": 467462.34, "Plan Rows": 331050, "Plan Width": 21, "Actual Startup Time": 9.987, "Actual Total Time": 796.334, "Actual Rows": 669, "Actual Loops": 1, "Inner Unique": false, "Plans": [{"Node Type": "Nested Loop", "Parent Relationship": "Outer", "Join Type": "Inner", "Startup Cost": 0.0, "Total Cost": 208944.27, "Plan Rows": 289936, "Plan Width": 25, "Actual Startup Time": 9.963, "Actual Total Time": 768.356, "Actual Rows": 767, "Actual Loops": 1, "Inner Unique": true, "Plans": [{"Node Type": "Nested Loop", "Parent Relationship": "Outer", "Join Type": "Inner", "Startup Cost": 0.0, "Total Cost": 61745.44, "Plan Rows": 209278, "Plan Width": 4, "Actual Startup Time": 9.942, "Actual Total Time": 760.642, "Actual Rows": 798, "Actual Loops": 1, "Inner Unique": false, "Plans": [{"Node Type": "Index Scan", "Parent Relationship": "Outer", "Scan Direction": "Forward", "Index Name": "company_type_pkey", "Relation Name": "company_type", "Alias": "ct", "Startup Cost": 0.0, "Total Cost": 12.3, "Plan Rows": 1, "Plan Width": 4, "Actual Startup Time": 0.017, "Actual Total Time": 0.026, "Actual Rows": 1, "Actual Loops": 1, "Filter": "((kind)::text = 'production companies'::text)", "Rows Removed by Filter": 2}, {"Node Type": "Index Scan", "Parent Relationship": "Inner", "Scan Direction": "Forward", "Index Name": "company_type_id_movie_companies", "Relation Name": "movie_companies", "Alias": "mc", "Startup Cost": 0.0, "Total Cost": 59640.35, "Plan Rows": 209279, "Plan Width": 8, "Actual Startup Time": 9.918, "Actual Total Time": 760.362, "Actual Rows": 798, "Actual Loops": 1, "Index Cond": "(company_type_id = ct.id), (LLVM Optimized, Jit Execute)", "Rows Removed by Index Recheck": 0, "Filter": "(((note)::text !~~ '%(TV)%'::text) AND ((note)::text ~~ '%(USA)%'::text)), (LLVM Optimized, Jit Execute)", "Rows Removed by Filter": 1334085}]}, {"Node Type": "Index Scan", "Parent Relationship": "Inner", "Scan Direction": "Forward", "Index Name": "title_pkey", "Relation Name": "title", "Alias": "t", "Startup Cost": 0.0, "Total Cost": 0.69, "Plan Rows": 1, "Plan Width": 21, "Actual Startup Time": 6.854, "Actual Total Time": 6.854, "Actual Rows": 767, "Actual Loops": 798, "Index Cond": "(id = mc.movie_id)", "Rows Removed by Index Recheck": 0, "Filter": "(production_year > 1990)", "Rows Removed by Filter": 31}]}, {"Node Type": "Index Scan", "Parent Relationship": "Inner", "Scan Direction": "Forward", "Index Name": "movie_id_movie_info", "Relation Name": "movie_info", "Alias": "mi", "Startup Cost": 0.0, "Total Cost": 0.88, "Plan Rows": 1, "Plan Width": 8, "Actual Startup Time": 24.023, "Actual Total Time": 27.225, "Actual Rows": 669, "Actual Loops": 767, "Index Cond": "(movie_id = t.id)", "Rows Removed by Index Recheck": 0, "Filter": "((info)::text = ANY ('{Sweden,Norway,Germany,Denmark,Swedish,Denish,Norwegian,German,USA,American}'::text[]))", "Rows Removed by Filter": 7721}]}, {"Node Type": "Hash", "Parent Relationship": "Inner", "Startup Cost": 13.93, "Total Cost": 13.93, "Plan Rows": 112, "Plan Width": 4, "Actual Startup Time": 0.1, "Actual Total Time": 0.1, "Actual Rows": 112, "Actual Loops": 1, "Hash Buckets": 32768, "Hash Batches": 1, "Original Hash Batches": 1, "Peak Memory Usage": 4, "Plans": [{"Node Type": "Index Scan", "Parent Relationship": "Outer", "Scan Direction": "Forward", "Index Name": "info_type_pkey", "Relation Name": "info_type", "Alias": "it", "Startup Cost": 0.0, "Total Cost": 13.93, "Plan Rows": 112, "Plan Width": 4, "Actual Startup Time": 0.013, "Actual Total Time": 0.061, "Actual Rows": 112, "Actual Loops": 1}]}]}]}, "Triggers": [], "Planner Runtime": 7.955, "Total Runtime": 807.974, "Unique SQL Id": 322094867}}, "(1, 6)": {"explain_plan": {"Plan": {"Node Type": "Aggregate", "Strategy": "Plain", "Startup Cost": 646202.08, "Total Cost": 646202.09, "Plan Rows": 1, "Plan Width": 49, "Plans": [{"Node Type": "Hash Join", "Parent Relationship": "Outer", "Join Type": "Inner", "Startup Cost": 153568.02, "Total Cost": 645374.46, "Plan Rows": 331050, "Plan Width": 17, "Inner Unique": true, "Hash Cond": "(mi.info_type_id = it.id), (LLVM Optimized)", "Plans": [{"Node Type": "Hash Join", "Parent Relationship": "Outer", "Join Type": "Inner", "Startup Cost": 153564.5, "Total Cost": 640819.0, "Plan Rows": 331050, "Plan Width": 21, "Inner Unique": false, "Hash Cond": "(mi.movie_id = t.id), (LLVM Optimized)", "Plans": [{"Node Type": "Seq Scan", "Parent Relationship": "Outer", "Relation Name": "movie_info", "Alias": "mi", "Startup Cost": 0.0, "Total Cost": 482862.23, "Plan Rows": 726375, "Plan Width": 8, "Filter": "((info)::text = ANY ('{Sweden,Norway,Germany,Denmark,Swedish,Denish,Norwegian,German,USA,American}'::text[]))"}, {"Node Type": "Hash", "Parent Relationship": "Inner", "Startup Cost": 149940.3, "Total Cost": 149940.3, "Plan Rows": 289936, "Plan Width": 25, "Plans": [{"Node Type": "Hash Join", "Parent Relationship": "Outer", "Join Type": "Inner", "Startup Cost": 88251.44, "Total Cost": 149940.3, "Plan Rows": 289936, "Plan Width": 25, "Inner Unique": true, "Hash Cond": "(mc.movie_id = t.id), (LLVM Optimized)", "Plans": [{"Node Type": "Hash Join", "Parent Relationship": "Outer", "Join Type": "Inner", "Startup Cost": 1.05, "Total Cost": 58005.76, "Plan Rows": 209278, "Plan Width": 4, "Inner Unique": true, "Hash Cond": "(mc.company_type_id = ct.id), (LLVM Optimized)", "Plans": [{"Node Type": "Seq Scan", "Parent Relationship": "Outer", "Relation Name": "movie_companies", "Alias": "mc", "Startup Cost": 0.0, "Total Cost": 54862.92, "Plan Rows": 418557, "Plan Width": 8, "Filter": "(((note)::text !~~ '%(TV)%'::text) AND ((note)::text ~~ '%(USA)%'::text)), (LLVM Optimized)"}, {"Node Type": "Hash", "Parent Relationship": "Inner", "Startup Cost": 1.04, "Total Cost": 1.04, "Plan Rows": 1, "Plan Width": 4, "Plans": [{"Node Type": "Seq Scan", "Parent Relationship": "Outer", "Relation Name": "company_type", "Alias": "ct", "Startup Cost": 0.0, "Total Cost": 1.04, "Plan Rows": 1, "Plan Width": 4, "Filter": "((kind)::text = 'production companies'::text)"}]}]}, {"Node Type": "Hash", "Parent Relationship": "Inner", "Startup Cost": 66389.89, "Total Cost": 66389.89, "Plan Rows": 1748840, "Plan Width": 21, "Plans": [{"Node Type": "Seq Scan", "Parent Relationship": "Outer", "Relation Name": "title", "Alias": "t", "Startup Cost": 0.0, "Total Cost": 66389.89, "Plan Rows": 1748840, "Plan Width": 21, "Filter": "(production_year > 1990), (LLVM Optimized)"}]}]}]}]}, {"Node Type": "Hash", "Parent Relationship": "Inner", "Startup Cost": 2.12, "Total Cost": 2.12, "Plan Rows": 112, "Plan Width": 4, "Plans": [{"Node Type": "Seq Scan", "Parent Relationship": "Outer", "Relation Name": "info_type", "Alias": "it", "Startup Cost": 0.0, "Total Cost": 2.12, "Plan Rows": 112, "Plan Width": 4}]}]}]}, "Unique SQL Id": 322094867}, "explain_analyze_plan": null}, "(1, 7)": {"explain_plan": {"Plan": {"Node Type": "Aggregate", "Strategy": "Plain", "Startup Cost": 1000019247502.85, "Total Cost": 1000019247502.86, "Plan Rows": 1, "Plan Width": 49, "Plans": [{"Node Type": "Nested Loop", "Parent Relationship": "Outer", "Join Type": "Inner", "Startup Cost": 10000000001.66, "Total Cost": 1000019246675.23, "Plan Rows": 331050, "Plan Width": 17, "Inner Unique": true, "Plans": [{"Node Type": "Nested Loop", "Parent Relationship": "Outer", "Join Type": "Inner", "Startup Cost": 10000000001.35, "Total Cost": 1000018211114.89, "Plan Rows": 238955, "Plan Width": 8, "Inner Unique": true, "Plans": [{"Node Type": "Nested Loop", "Parent Relationship": "Outer", "Join Type": "Inner", "Startup Cost": 10000000001.09, "Total Cost": 1000017188325.12, "Plan Rows": 238955, "Plan Width": 12, "Inner Unique": false, "Plans": [{"Node Type": "Nested Loop", "Parent Relationship": "Outer", "Join Type": "Inner", "Startup Cost": 10000000000.26, "Total Cost": 1000016149093.12, "Plan Rows": 209278, "Plan Width": 4, "Inner Unique": true, "Plans": [{"Node Type": "Index Scan", "Parent Relationship": "Outer", "Scan Direction": "Forward", "Index Name": "movie_id_movie_companies", "Relation Name": "movie_companies", "Alias": "mc", "Startup Cost": 10000000000.0, "Total Cost": 1000014356510.13, "Plan Rows": 418557, "Plan Width": 8, "Filter": "(((note)::text !~~ '%(TV)%'::text) AND ((note)::text ~~ '%(USA)%'::text)), (LLVM Optimized)"}, {"Node Type": "Bitmap Heap Scan", "Parent Relationship": "Inner", "Relation Name": "company_type", "Alias": "ct", "Startup Cost": 0.26, "Total Cost": 4.27, "Plan Rows": 1, "Plan Width": 4, "Recheck Cond": "(id = mc.company_type_id)", "Filter": "((kind)::text = 'production companies'::text)", "Plans": [{"Node Type": "Bitmap Index Scan", "Parent Relationship": "Outer", "Index Name": "company_type_pkey", "Startup Cost": 0.0, "Total Cost": 0.26, "Plan Rows": 1, "Plan Width": 0, "Index Cond": "(id = mc.company_type_id)"}]}]}, {"Node Type": "Bitmap Heap Scan", "Parent Relationship": "Inner", "Relation Name": "movie_info", "Alias": "mi", "Startup Cost": 0.83, "Total Cost": 4.96, "Plan Rows": 1, "Plan Width": 8, "Recheck Cond": "(movie_id = mc.movie_id)", "Filter": "((info)::text = ANY ('{Sweden,Norway,Germany,Denmark,Swedish,Denish,Norwegian,German,USA,American}'::text[]))", "Plans": [{"Node Type": "Bitmap Index Scan", "Parent Relationship": "Outer", "Index Name": "movie_id_movie_info", "Startup Cost": 0.0, "Total Cost": 0.83, "Plan Rows": 5, "Plan Width": 0, "Index Cond": "(movie_id = mc.movie_id)"}]}]}, {"Node Type": "Bitmap Heap Scan", "Parent Relationship": "Inner", "Relation Name": "info_type", "Alias": "it", "Startup Cost": 0.26, "Total Cost": 4.27, "Plan Rows": 1, "Plan Width": 4, "Recheck Cond": "(id = mi.info_type_id)", "Plans": [{"Node Type": "Bitmap Index Scan", "Parent Relationship": "Outer", "Index Name": "info_type_pkey", "Startup Cost": 0.0, "Total Cost": 0.26, "Plan Rows": 1, "Plan Width": 0, "Index Cond": "(id = mi.info_type_id)"}]}]}, {"Node Type": "Bitmap Heap Scan", "Parent Relationship": "Inner", "Relation Name": "title", "Alias": "t", "Startup Cost": 0.31, "Total Cost": 4.32, "Plan Rows": 1, "Plan Width": 21, "Recheck Cond": "(id = mi.movie_id)", "Filter": "(production_year > 1990)", "Plans": [{"Node Type": "Bitmap Index Scan", "Parent Relationship": "Outer", "Index Name": "title_pkey", "Startup Cost": 0.0, "Total Cost": 0.31, "Plan Rows": 1, "Plan Width": 0, "Index Cond": "(id = mi.movie_id)"}]}]}]}, "Unique SQL Id": 322094867}, "explain_analyze_plan": {"Plan": {"Node Type": "Aggregate", "Strategy": "Plain", "Startup Cost": 1000019247502.85, "Total Cost": 1000019247502.86, "Plan Rows": 1, "Plan Width": 49, "Actual Startup Time": 2983.243, "Actual Total Time": 2983.244, "Actual Rows": 1, "Actual Loops": 1, "Plans": [{"Node Type": "Nested Loop", "Parent Relationship": "Outer", "Join Type": "Inner", "Startup Cost": 10000000001.66, "Total Cost": 1000019246675.23, "Plan Rows": 331050, "Plan Width": 17, "Actual Startup Time": 32.619, "Actual Total Time": 2982.151, "Actual Rows": 669, "Actual Loops": 1, "Inner Unique": true, "Plans": [{"Node Type": "Nested Loop", "Parent Relationship": "Outer", "Join Type": "Inner", "Startup Cost": 10000000001.35, "Total Cost": 1000018211114.89, "Plan Rows": 238955, "Plan Width": 8, "Actual Startup Time": 32.603, "Actual Total Time": 2974.089, "Actual Rows": 691, "Actual Loops": 1, "Inner Unique": true, "Plans": [{"Node Type": "Nested Loop", "Parent Relationship": "Outer", "Join Type": "Inner", "Startup Cost": 10000000001.09, "Total Cost": 1000017188325.12, "Plan Rows": 238955, "Plan Width": 12, "Actual Startup Time": 32.594, "Actual Total Time": 2969.962, "Actual Rows": 691, "Actual Loops": 1, "Inner Unique": false, "Plans": [{"Node Type": "Nested Loop", "Parent Relationship": "Outer", "Join Type": "Inner", "Startup Cost": 10000000000.26, "Total Cost": 1000016149093.12, "Plan Rows": 209278, "Plan Width": 4, "Actual Startup Time": 32.553, "Actual Total Time": 2937.753, "Actual Rows": 798, "Actual Loops": 1, "Inner Unique": true, "Plans": [{"Node Type": "Index Scan", "Parent Relationship": "Outer", "Scan Direction": "Forward", "Index Name": "movie_id_movie_companies", "Relation Name": "movie_companies", "Alias": "mc", "Startup Cost": 10000000000.0, "Total Cost": 1000014356510.13, "Plan Rows": 418557, "Plan Width": 8, "Actual Startup Time": 0.054, "Actual Total Time": 2285.125, "Actual Rows": 295628, "Actual Loops": 1, "Filter": "(((note)::text !~~ '%(TV)%'::text) AND ((note)::text ~~ '%(USA)%'::text)), (LLVM Optimized, Jit Execute)", "Rows Removed by Filter": 2313500}, {"Node Type": "Bitmap Heap Scan", "Parent Relationship": "Inner", "Relation Name": "company_type", "Alias": "ct", "Startup Cost": 0.26, "Total Cost": 4.27, "Plan Rows": 1, "Plan Width": 4, "Actual Startup Time": 341.416, "Actual Total Time": 341.416, "Actual Rows": 798, "Actual Loops": 295628, "Recheck Cond": "(id = mc.company_type_id)", "Rows Removed by Index Recheck": 0, "Filter": "((kind)::text = 'production companies'::text)", "Rows Removed by Filter": 0, "Exact Heap Blocks": 798, "Lossy Heap Blocks": 798, "Plans": [{"Node Type": "Bitmap Index Scan", "Parent Relationship": "Outer", "Index Name": "company_type_pkey", "Startup Cost": 0.0, "Total Cost": 0.26, "Plan Rows": 1, "Plan Width": 0, "Actual Startup Time": 205.492, "Actual Total Time": 205.492, "Actual Rows": 798, "Actual Loops": 295628, "Index Cond": "(id = mc.company_type_id)"}]}]}, {"Node Type": "Bitmap Heap Scan", "Parent Relationship": "Inner", "Relation Name": "movie_info", "Alias": "mi", "Startup Cost": 0.83, "Total Cost": 4.96, "Plan Rows": 1, "Plan Width": 8, "Actual Startup Time": 27.613, "Actual Total Time": 30.269, "Actual Rows": 691, "Actual Loops": 798, "Recheck Cond": "(movie_id = mc.movie_id)", "Rows Removed by Index Recheck": 0, "Filter": "((info)::text = ANY ('{Sweden,Norway,Germany,Denmark,Swedish,Denish,Norwegian,German,USA,American}'::text[]))", "Rows Removed by Filter": 7906, "Exact Heap Blocks": 6397, "Lossy Heap Blocks": 6397, "Plans": [{"Node Type": "Bitmap Index Scan", "Parent Relationship": "Outer", "Index Name": "movie_id_movie_info", "Startup Cost": 0.0, "Total Cost": 0.83, "Plan Rows": 5, "Plan Width": 0, "Actual Startup Time": 6.949, "Actual Total Time": 6.949, "Actual Rows": 8597, "Actual Loops": 798, "Index Cond": "(movie_id = mc.movie_id)"}]}]}, {"Node Type": "Bitmap Heap Scan", "Parent Relationship": "Inner", "Relation Name": "info_type", "Alias": "it", "Startup Cost": 0.26, "Total Cost": 4.27, "Plan Rows": 1, "Plan Width": 4, "Actual Startup Time": 2.573, "Actual Total Time": 2.573, "Actual Rows": 691, "Actual Loops": 691, "Recheck Cond": "(id = mi.info_type_id)", "Rows Removed by Index Recheck": 0, "Exact Heap Blocks": 691, "Lossy Heap Blocks": 691, "Plans": [{"Node Type": "Bitmap Index Scan", "Parent Relationship": "Outer", "Index Name": "info_type_pkey", "Startup Cost": 0.0, "Total Cost": 0.26, "Plan Rows": 1, "Plan Width": 0, "Actual Startup Time": 1.179, "Actual Total Time": 1.179, "Actual Rows": 691, "Actual Loops": 691, "Index Cond": "(id = mi.info_type_id)"}]}]}, {"Node Type": "Bitmap Heap Scan", "Parent Relationship": "Inner", "Relation Name": "title", "Alias": "t", "Startup Cost": 0.31, "Total Cost": 4.32, "Plan Rows": 1, "Plan Width": 21, "Actual Startup Time": 6.58, "Actual Total Time": 6.58, "Actual Rows": 669, "Actual Loops": 691, "Recheck Cond": "(id = mi.movie_id)", "Rows Removed by Index Recheck": 0, "Filter": "(production_year > 1990)", "Rows Removed by Filter": 22, "Exact Heap Blocks": 691, "Lossy Heap Blocks": 691, "Plans": [{"Node Type": "Bitmap Index Scan", "Parent Relationship": "Outer", "Index Name": "title_pkey", "Startup Cost": 0.0, "Total Cost": 0.31, "Plan Rows": 1, "Plan Width": 0, "Actual Startup Time": 3.813, "Actual Total Time": 3.813, "Actual Rows": 691, "Actual Loops": 691, "Index Cond": "(id = mi.movie_id)"}]}]}]}, "Triggers": [], "Planner Runtime": 4.896, "Total Runtime": 2992.474, "Unique SQL Id": 322094867}}, "(1, 8)": {"explain_plan": {"Plan": {"Node Type": "Aggregate", "Strategy": "Plain", "Startup Cost": 413659.37, "Total Cost": 413659.38, "Plan Rows": 1, "Plan Width": 49, "Plans": [{"Node Type": "Hash Join", "Parent Relationship": "Outer", "Join Type": "Inner", "Startup Cost": 88254.96, "Total Cost": 412831.75, "Plan Rows": 331050, "Plan Width": 17, "Inner Unique": true, "Hash Cond": "(mi.info_type_id = it.id), (LLVM Optimized)", "Plans": [{"Node Type": "Nested Loop", "Parent Relationship": "Outer", "Join Type": "Inner", "Startup Cost": 88251.44, "Total Cost": 408458.37, "Plan Rows": 331050, "Plan Width": 21, "Inner Unique": false, "Plans": [{"Node Type": "Hash Join", "Parent Relationship": "Outer", "Join Type": "Inner", "Startup Cost": 88251.44, "Total Cost": 149940.3, "Plan Rows": 289936, "Plan Width": 25, "Inner Unique": true, "Hash Cond": "(mc.movie_id = t.id), (LLVM Optimized)", "Plans": [{"Node Type": "Hash Join", "Parent Relationship": "Outer", "Join Type": "Inner", "Startup Cost": 1.05, "Total Cost": 58005.76, "Plan Rows": 209278, "Plan Width": 4, "Inner Unique": true, "Hash Cond": "(mc.company_type_id = ct.id), (LLVM Optimized)", "Plans": [{"Node Type": "Seq Scan", "Parent Relationship": "Outer", "Relation Name": "movie_companies", "Alias": "mc", "Startup Cost": 0.0, "Total Cost": 54862.92, "Plan Rows": 418557, "Plan Width": 8, "Filter": "(((note)::text !~~ '%(TV)%'::text) AND ((note)::text ~~ '%(USA)%'::text)), (LLVM Optimized)"}, {"Node Type": "Hash", "Parent Relationship": "Inner", "Startup Cost": 1.04, "Total Cost": 1.04, "Plan Rows": 1, "Plan Width": 4, "Plans": [{"Node Type": "Seq Scan", "Parent Relationship": "Outer", "Relation Name": "company_type", "Alias": "ct", "Startup Cost": 0.0, "Total Cost": 1.04, "Plan Rows": 1, "Plan Width": 4, "Filter": "((kind)::text = 'production companies'::text)"}]}]}, {"Node Type": "Hash", "Parent Relationship": "Inner", "Startup Cost": 66389.89, "Total Cost": 66389.89, "Plan Rows": 1748840, "Plan Width": 21, "Plans": [{"Node Type": "Seq Scan", "Parent Relationship": "Outer", "Relation Name": "title", "Alias": "t", "Startup Cost": 0.0, "Total Cost": 66389.89, "Plan Rows": 1748840, "Plan Width": 21, "Filter": "(production_year > 1990), (LLVM Optimized)"}]}]}, {"Node Type": "Index Scan", "Parent Relationship": "Inner", "Scan Direction": "Forward", "Index Name": "movie_id_movie_info", "Relation Name": "movie_info", "Alias": "mi", "Startup Cost": 0.0, "Total Cost": 0.88, "Plan Rows": 1, "Plan Width": 8, "Index Cond": "(movie_id = t.id)", "Filter": "((info)::text = ANY ('{Sweden,Norway,Germany,Denmark,Swedish,Denish,Norwegian,German,USA,American}'::text[]))"}]}, {"Node Type": "Hash", "Parent Relationship": "Inner", "Startup Cost": 2.12, "Total Cost": 2.12, "Plan Rows": 112, "Plan Width": 4, "Plans": [{"Node Type": "Index Only Scan", "Parent Relationship": "Outer", "Scan Direction": "Forward", "Index Name": "info_type_pkey", "Relation Name": "info_type", "Alias": "it", "Startup Cost": 0.0, "Total Cost": 2.12, "Plan Rows": 112, "Plan Width": 4}]}]}]}, "Unique SQL Id": 322094867}, "explain_analyze_plan": {"Plan": {"Node Type": "Aggregate", "Strategy": "Plain", "Startup Cost": 413659.37, "Total Cost": 413659.38, "Plan Rows": 1, "Plan Width": 49, "Actual Startup Time": 2764.239, "Actual Total Time": 2764.24, "Actual Rows": 1, "Actual Loops": 1, "Plans": [{"Node Type": "Hash Join", "Parent Relationship": "Outer", "Join Type": "Inner", "Startup Cost": 88254.96, "Total Cost": 412831.75, "Plan Rows": 331050, "Plan Width": 17, "Actual Startup Time": 2413.46, "Actual Total Time": 2763.712, "Actual Rows": 669, "Actual Loops": 1, "Inner Unique": true, "Hash Cond": "(mi.info_type_id = it.id), (LLVM Optimized, Jit Execute)", "Plans": [{"Node Type": "Nested Loop", "Parent Relationship": "Outer", "Join Type": "Inner", "Startup Cost": 88251.44, "Total Cost": 408458.37, "Plan Rows": 331050, "Plan Width": 21, "Actual Startup Time": 2413.334, "Actual Total Time": 2763.207, "Actual Rows": 669, "Actual Loops": 1, "Inner Unique": false, "Plans": [{"Node Type": "Hash Join", "Parent Relationship": "Outer", "Join Type": "Inner", "Startup Cost": 88251.44, "Total Cost": 149940.3, "Plan Rows": 289936, "Plan Width": 25, "Actual Startup Time": 2413.245, "Actual Total Time": 2741.677, "Actual Rows": 767, "Actual Loops": 1, "Inner Unique": true, "Hash Cond": "(mc.movie_id = t.id), (LLVM Optimized, Jit Execute)", "Plans": [{"Node Type": "Hash Join", "Parent Relationship": "Outer", "Join Type": "Inner", "Startup Cost": 1.05, "Total Cost": 58005.76, "Plan Rows": 209278, "Plan Width": 4, "Actual Startup Time": 896.76, "Actual Total Time": 1224.574, "Actual Rows": 798, "Actual Loops": 1, "Inner Unique": true, "Hash Cond": "(mc.company_type_id = ct.id), (LLVM Optimized, Jit Execute)", "Plans": [{"Node Type": "Seq Scan", "Parent Relationship": "Outer", "Relation Name": "movie_companies", "Alias": "mc", "Startup Cost": 0.0, "Total Cost": 54862.92, "Plan Rows": 418557, "Plan Width": 8, "Actual Startup Time": 0.041, "Actual Total Time": 1170.324, "Actual Rows": 295628, "Actual Loops": 1, "Filter": "(((note)::text !~~ '%(TV)%'::text) AND ((note)::text ~~ '%(USA)%'::text)), (LLVM Optimized, Jit Execute)", "Rows Removed by Filter": 2313500}, {"Node Type": "Hash", "Parent Relationship": "Inner", "Startup Cost": 1.04, "Total Cost": 1.04, "Plan Rows": 1, "Plan Width": 4, "Actual Startup Time": 0.013, "Actual Total Time": 0.013, "Actual Rows": 1, "Actual Loops": 1, "Hash Buckets": 32768, "Hash Batches": 1, "Original Hash Batches": 1, "Peak Memory Usage": 1, "Plans": [{"Node Type": "Seq Scan", "Parent Relationship": "Outer", "Relation Name": "company_type", "Alias": "ct", "Startup Cost": 0.0, "Total Cost": 1.04, "Plan Rows": 1, "Plan Width": 4, "Actual Startup Time": 0.007, "Actual Total Time": 0.009, "Actual Rows": 1, "Actual Loops": 1, "Filter": "((kind)::text = 'production companies'::text)", "Rows Removed by Filter": 2}]}]}, {"Node Type": "Hash", "Parent Relationship": "Inner", "Startup Cost": 66389.89, "Total Cost": 66389.89, "Plan Rows": 1748840, "Plan Width": 21, "Actual Startup Time": 1515.129, "Actual Total Time": 1515.129, "Actual Rows": 1749032, "Actual Loops": 1, "Hash Buckets": 2097152, "Hash Batches": 1, "Original Hash Batches": 1, "Peak Memory Usage": 93635, "Plans": [{"Node Type": "Seq Scan", "Parent Relationship": "Outer", "Relation Name": "title", "Alias": "t", "Startup Cost": 0.0, "Total Cost": 66389.89, "Plan Rows": 1748840, "Plan Width": 21, "Actual Startup Time": 0.047, "Actual Total Time": 897.982, "Actual Rows": 1749032, "Actual Loops": 1, "Filter": "(production_year > 1990), (LLVM Optimized, Jit Execute)", "Rows Removed by Filter": 779279}]}]}, {"Node Type": "Index Scan", "Parent Relationship": "Inner", "Scan Direction": "Forward", "Index Name": "movie_id_movie_info", "Relation Name": "movie_info", "Alias": "mi", "Startup Cost": 0.0, "Total Cost": 0.88, "Plan Rows": 1, "Plan Width": 8, "Actual Startup Time": 15.943, "Actual Total Time": 18.242, "Actual Rows": 669, "Actual Loops": 767, "Index Cond": "(movie_id = t.id)", "Rows Removed by Index Recheck": 0, "Filter": "((info)::text = ANY ('{Sweden,Norway,Germany,Denmark,Swedish,Denish,Norwegian,German,USA,American}'::text[]))", "Rows Removed by Filter": 7721}]}, {"Node Type": "Hash", "Parent Relationship": "Inner", "Startup Cost": 2.12, "Total Cost": 2.12, "Plan Rows": 112, "Plan Width": 4, "Actual Startup Time": 0.075, "Actual Total Time": 0.075, "Actual Rows": 112, "Actual Loops": 1, "Hash Buckets": 32768, "Hash Batches": 1, "Original Hash Batches": 1, "Peak Memory Usage": 4, "Plans": [{"Node Type": "Index Only Scan", "Parent Relationship": "Outer", "Scan Direction": "Forward", "Index Name": "info_type_pkey", "Relation Name": "info_type", "Alias": "it", "Startup Cost": 0.0, "Total Cost": 2.12, "Plan Rows": 112, "Plan Width": 4, "Actual Startup Time": 0.015, "Actual Total Time": 0.036, "Actual Rows": 112, "Actual Loops": 1, "Heap Fetches": 0}]}]}]}, "Triggers": [], "Planner Runtime": 11.615, "Total Runtime": 2774.343, "Unique SQL Id": 322094867}}, "(1, 9)": {"explain_plan": {"Plan": {"Node Type": "Aggregate", "Strategy": "Plain", "Startup Cost": 472671.15, "Total Cost": 472671.16, "Plan Rows": 1, "Plan Width": 49, "Plans": [{"Node Type": "Hash Join", "Parent Relationship": "Outer", "Join Type": "Inner", "Startup Cost": 11.33, "Total Cost": 471843.53, "Plan Rows": 331050, "Plan Width": 17, "Inner Unique": true, "Hash Cond": "(mi.info_type_id = it.id), (LLVM Optimized)", "Plans": [{"Node Type": "Nested Loop", "Parent Relationship": "Outer", "Join Type": "Inner", "Startup Cost": 0.0, "Total Cost": 467462.34, "Plan Rows": 331050, "Plan Width": 21, "Inner Unique": false, "Plans": [{"Node Type": "Nested Loop", "Parent Relationship": "Outer", "Join Type": "Inner", "Startup Cost": 0.0, "Total Cost": 208944.27, "Plan Rows": 289936, "Plan Width": 25, "Inner Unique": true, "Plans": [{"Node Type": "Nested Loop", "Parent Relationship": "Outer", "Join Type": "Inner", "Startup Cost": 0.0, "Total Cost": 61745.44, "Plan Rows": 209278, "Plan Width": 4, "Inner Unique": false, "Plans": [{"Node Type": "Index Scan", "Parent Relationship": "Outer", "Scan Direction": "Forward", "Index Name": "company_type_pkey", "Relation Name": "company_type", "Alias": "ct", "Startup Cost": 0.0, "Total Cost": 12.3, "Plan Rows": 1, "Plan Width": 4, "Filter": "((kind)::text = 'production companies'::text)"}, {"Node Type": "Index Scan", "Parent Relationship": "Inner", "Scan Direction": "Forward", "Index Name": "company_type_id_movie_companies", "Relation Name": "movie_companies", "Alias": "mc", "Startup Cost": 0.0, "Total Cost": 59640.35, "Plan Rows": 209279, "Plan Width": 8, "Index Cond": "(company_type_id = ct.id), (LLVM Optimized)", "Filter": "(((note)::text !~~ '%(TV)%'::text) AND ((note)::text ~~ '%(USA)%'::text)), (LLVM Optimized)"}]}, {"Node Type": "Index Scan", "Parent Relationship": "Inner", "Scan Direction": "Forward", "Index Name": "title_pkey", "Relation Name": "title", "Alias": "t", "Startup Cost": 0.0, "Total Cost": 0.69, "Plan Rows": 1, "Plan Width": 21, "Index Cond": "(id = mc.movie_id)", "Filter": "(production_year > 1990)"}]}, {"Node Type": "Index Scan", "Parent Relationship": "Inner", "Scan Direction": "Forward", "Index Name": "movie_id_movie_info", "Relation Name": "movie_info", "Alias": "mi", "Startup Cost": 0.0, "Total Cost": 0.88, "Plan Rows": 1, "Plan Width": 8, "Index Cond": "(movie_id = t.id)", "Filter": "((info)::text = ANY ('{Sweden,Norway,Germany,Denmark,Swedish,Denish,Norwegian,German,USA,American}'::text[]))"}]}, {"Node Type": "Hash", "Parent Relationship": "Inner", "Startup Cost": 9.93, "Total Cost": 9.93, "Plan Rows": 112, "Plan Width": 4, "Plans": [{"Node Type": "Index Only Scan", "Parent Relationship": "Outer", "Scan Direction": "Forward", "Index Name": "info_type_pkey", "Relation Name": "info_type", "Alias": "it", "Startup Cost": 0.0, "Total Cost": 9.93, "Plan Rows": 112, "Plan Width": 4}]}]}]}, "Unique SQL Id": 322094867}, "explain_analyze_plan": {"Plan": {"Node Type": "Aggregate", "Strategy": "Plain", "Startup Cost": 472671.15, "Total Cost": 472671.16, "Plan Rows": 1, "Plan Width": 49, "Actual Startup Time": 745.188, "Actual Total Time": 745.188, "Actual Rows": 1, "Actual Loops": 1, "Plans": [{"Node Type": "Hash Join", "Parent Relationship": "Outer", "Join Type": "Inner", "Startup Cost": 11.33, "Total Cost": 471843.53, "Plan Rows": 331050, "Plan Width": 17, "Actual Startup Time": 8.689, "Actual Total Time": 744.677, "Actual Rows": 669, "Actual Loops": 1, "Inner Unique": true, "Hash Cond": "(mi.info_type_id = it.id), (LLVM Optimized, Jit Execute)", "Plans": [{"Node Type": "Nested Loop", "Parent Relationship": "Outer", "Join Type": "Inner", "Startup Cost": 0.0, "Total Cost": 467462.34, "Plan Rows": 331050, "Plan Width": 21, "Actual Startup Time": 8.562, "Actual Total Time": 744.098, "Actual Rows": 669, "Actual Loops": 1, "Inner Unique": false, "Plans": [{"Node Type": "Nested Loop", "Parent Relationship": "Outer", "Join Type": "Inner", "Startup Cost": 0.0, "Total Cost": 208944.27, "Plan Rows": 289936, "Plan Width": 25, "Actual Startup Time": 8.544, "Actual Total Time": 716.894, "Actual Rows": 767, "Actual Loops": 1, "Inner Unique": true, "Plans": [{"Node Type": "Nested Loop", "Parent Relationship": "Outer", "Join Type": "Inner", "Startup Cost": 0.0, "Total Cost": 61745.44, "Plan Rows": 209278, "Plan Width": 4, "Actual Startup Time": 8.524, "Actual Total Time": 709.44, "Actual Rows": 798, "Actual Loops": 1, "Inner Unique": false, "Plans": [{"Node Type": "Index Scan", "Parent Relationship": "Outer", "Scan Direction": "Forward", "Index Name": "company_type_pkey", "Relation Name": "company_type", "Alias": "ct", "Startup Cost": 0.0, "Total Cost": 12.3, "Plan Rows": 1, "Plan Width": 4, "Actual Startup Time": 0.024, "Actual Total Time": 0.033, "Actual Rows": 1, "Actual Loops": 1, "Filter": "((kind)::text = 'production companies'::text)", "Rows Removed by Filter": 2}, {"Node Type": "Index Scan", "Parent Relationship": "Inner", "Scan Direction": "Forward", "Index Name": "company_type_id_movie_companies", "Relation Name": "movie_companies", "Alias": "mc", "Startup Cost": 0.0, "Total Cost": 59640.35, "Plan Rows": 209279, "Plan Width": 8, "Actual Startup Time": 8.495, "Actual Total Time": 709.163, "Actual Rows": 798, "Actual Loops": 1, "Index Cond": "(company_type_id = ct.id), (LLVM Optimized, Jit Execute)", "Rows Removed by Index Recheck": 0, "Filter": "(((note)::text !~~ '%(TV)%'::text) AND ((note)::text ~~ '%(USA)%'::text)), (LLVM Optimized, Jit Execute)", "Rows Removed by Filter": 1334085}]}, {"Node Type": "Index Scan", "Parent Relationship": "Inner", "Scan Direction": "Forward", "Index Name": "title_pkey", "Relation Name": "title", "Alias": "t", "Startup Cost": 0.0, "Total Cost": 0.69, "Plan Rows": 1, "Plan Width": 21, "Actual Startup Time": 6.559, "Actual Total Time": 6.559, "Actual Rows": 767, "Actual Loops": 798, "Index Cond": "(id = mc.movie_id)", "Rows Removed by Index Recheck": 0, "Filter": "(production_year > 1990)", "Rows Removed by Filter": 31}]}, {"Node Type": "Index Scan", "Parent Relationship": "Inner", "Scan Direction": "Forward", "Index Name": "movie_id_movie_info", "Relation Name": "movie_info", "Alias": "mi", "Startup Cost": 0.0, "Total Cost": 0.88, "Plan Rows": 1, "Plan Width": 8, "Actual Startup Time": 23.438, "Actual Total Time": 26.533, "Actual Rows": 669, "Actual Loops": 767, "Index Cond": "(movie_id = t.id)", "Rows Removed by Index Recheck": 0, "Filter": "((info)::text = ANY ('{Sweden,Norway,Germany,Denmark,Swedish,Denish,Norwegian,German,USA,American}'::text[]))", "Rows Removed by Filter": 7721}]}, {"Node Type": "Hash", "Parent Relationship": "Inner", "Startup Cost": 9.93, "Total Cost": 9.93, "Plan Rows": 112, "Plan Width": 4, "Actual Startup Time": 0.072, "Actual Total Time": 0.072, "Actual Rows": 112, "Actual Loops": 1, "Hash Buckets": 32768, "Hash Batches": 1, "Original Hash Batches": 1, "Peak Memory Usage": 4, "Plans": [{"Node Type": "Index Only Scan", "Parent Relationship": "Outer", "Scan Direction": "Forward", "Index Name": "info_type_pkey", "Relation Name": "info_type", "Alias": "it", "Startup Cost": 0.0, "Total Cost": 9.93, "Plan Rows": 112, "Plan Width": 4, "Actual Startup Time": 0.012, "Actual Total Time": 0.036, "Actual Rows": 112, "Actual Loops": 1, "Heap Fetches": 0}]}]}]}, "Triggers": [], "Planner Runtime": 7.504, "Total Runtime": 754.796, "Unique SQL Id": 322094867}}, "(1, 10)": {"explain_plan": {"Plan": {"Node Type": "Aggregate", "Strategy": "Plain", "Startup Cost": 646202.08, "Total Cost": 646202.09, "Plan Rows": 1, "Plan Width": 49, "Plans": [{"Node Type": "Hash Join", "Parent Relationship": "Outer", "Join Type": "Inner", "Startup Cost": 153568.02, "Total Cost": 645374.46, "Plan Rows": 331050, "Plan Width": 17, "Inner Unique": true, "Hash Cond": "(mi.info_type_id = it.id), (LLVM Optimized)", "Plans": [{"Node Type": "Hash Join", "Parent Relationship": "Outer", "Join Type": "Inner", "Startup Cost": 153564.5, "Total Cost": 640819.0, "Plan Rows": 331050, "Plan Width": 21, "Inner Unique": false, "Hash Cond": "(mi.movie_id = t.id), (LLVM Optimized)", "Plans": [{"Node Type": "Seq Scan", "Parent Relationship": "Outer", "Relation Name": "movie_info", "Alias": "mi", "Startup Cost": 0.0, "Total Cost": 482862.23, "Plan Rows": 726375, "Plan Width": 8, "Filter": "((info)::text = ANY ('{Sweden,Norway,Germany,Denmark,Swedish,Denish,Norwegian,German,USA,American}'::text[]))"}, {"Node Type": "Hash", "Parent Relationship": "Inner", "Startup Cost": 149940.3, "Total Cost": 149940.3, "Plan Rows": 289936, "Plan Width": 25, "Plans": [{"Node Type": "Hash Join", "Parent Relationship": "Outer", "Join Type": "Inner", "Startup Cost": 88251.44, "Total Cost": 149940.3, "Plan Rows": 289936, "Plan Width": 25, "Inner Unique": true, "Hash Cond": "(mc.movie_id = t.id), (LLVM Optimized)", "Plans": [{"Node Type": "Hash Join", "Parent Relationship": "Outer", "Join Type": "Inner", "Startup Cost": 1.05, "Total Cost": 58005.76, "Plan Rows": 209278, "Plan Width": 4, "Inner Unique": true, "Hash Cond": "(mc.company_type_id = ct.id), (LLVM Optimized)", "Plans": [{"Node Type": "Seq Scan", "Parent Relationship": "Outer", "Relation Name": "movie_companies", "Alias": "mc", "Startup Cost": 0.0, "Total Cost": 54862.92, "Plan Rows": 418557, "Plan Width": 8, "Filter": "(((note)::text !~~ '%(TV)%'::text) AND ((note)::text ~~ '%(USA)%'::text)), (LLVM Optimized)"}, {"Node Type": "Hash", "Parent Relationship": "Inner", "Startup Cost": 1.04, "Total Cost": 1.04, "Plan Rows": 1, "Plan Width": 4, "Plans": [{"Node Type": "Seq Scan", "Parent Relationship": "Outer", "Relation Name": "company_type", "Alias": "ct", "Startup Cost": 0.0, "Total Cost": 1.04, "Plan Rows": 1, "Plan Width": 4, "Filter": "((kind)::text = 'production companies'::text)"}]}]}, {"Node Type": "Hash", "Parent Relationship": "Inner", "Startup Cost": 66389.89, "Total Cost": 66389.89, "Plan Rows": 1748840, "Plan Width": 21, "Plans": [{"Node Type": "Seq Scan", "Parent Relationship": "Outer", "Relation Name": "title", "Alias": "t", "Startup Cost": 0.0, "Total Cost": 66389.89, "Plan Rows": 1748840, "Plan Width": 21, "Filter": "(production_year > 1990), (LLVM Optimized)"}]}]}]}]}, {"Node Type": "Hash", "Parent Relationship": "Inner", "Startup Cost": 2.12, "Total Cost": 2.12, "Plan Rows": 112, "Plan Width": 4, "Plans": [{"Node Type": "Seq Scan", "Parent Relationship": "Outer", "Relation Name": "info_type", "Alias": "it", "Startup Cost": 0.0, "Total Cost": 2.12, "Plan Rows": 112, "Plan Width": 4}]}]}]}, "Unique SQL Id": 322094867}, "explain_analyze_plan": null}, "(1, 11)": {"explain_plan": {"Plan": {"Node Type": "Aggregate", "Strategy": "Plain", "Startup Cost": 5001727514355.89, "Total Cost": 5001727514355.9, "Plan Rows": 1, "Plan Width": 49, "Plans": [{"Node Type": "Merge Join", "Parent Relationship": "Outer", "Join Type": "Inner", "Startup Cost": 50024908232.05, "Total Cost": 5001727513528.26, "Plan Rows": 331050, "Plan Width": 17, "Inner Unique": true, "Merge Cond": "(mi.movie_id = t.id)", "Plans": [{"Node Type": "Nested Loop", "Parent Relationship": "Outer", "Join Type": "Inner", "Startup Cost": 40000000000.0, "Total Cost": 4002417254292.22, "Plan Rows": 238955, "Plan Width": 8, "Inner Unique": true, "Join Filter": "(mi.info_type_id = it.id), (LLVM Optimized)", "Plans": [{"Node Type": "Nested Loop", "Parent Relationship": "Outer", "Join Type": "Inner", "Startup Cost": 30000000000.0, "Total Cost": 3002416851854.54, "Plan Rows": 238955, "Plan Width": 12, "Inner Unique": false, "Join Filter": "(mc.movie_id = mi.movie_id), (LLVM Optimized)", "Plans": [{"Node Type": "Nested Loop", "Parent Relationship": "Outer", "Join Type": "Inner", "Startup Cost": 20000000000.0, "Total Cost": 2000014364018.74, "Plan Rows": 209278, "Plan Width": 4, "Inner Unique": true, "Join Filter": "(ct.id = mc.company_type_id), (LLVM Optimized)", "Plans": [{"Node Type": "Index Scan", "Parent Relationship": "Outer", "Scan Direction": "Forward", "Index Name": "movie_id_movie_companies", "Relation Name": "movie_companies", "Alias": "mc", "Startup Cost": 10000000000.0, "Total Cost": 1000014356510.13, "Plan Rows": 418557, "Plan Width": 8, "Filter": "(((note)::text !~~ '%(TV)%'::text) AND ((note)::text ~~ '%(USA)%'::text)), (LLVM Optimized)"}, {"Node Type": "Materialize", "Parent Relationship": "Inner", "Startup Cost": 10000000000.0, "Total Cost": 1000000001230.26, "Plan Rows": 1, "Plan Width": 4, "Plans": [{"Node Type": "Index Scan", "Parent Relationship": "Outer", "Scan Direction": "Forward", "Index Name": "company_type_pkey", "Relation Name": "company_type", "Alias": "ct", "Startup Cost": 10000000000.0, "Total Cost": 1000000001230.25, "Plan Rows": 1, "Plan Width": 4, "Filter": "((kind)::text = 'production companies'::text)"}]}]}, {"Node Type": "Materialize", "Parent Relationship": "Inner", "Startup Cost": 10000000000.0, "Total Cost": 1000122275042.99, "Plan Rows": 726375, "Plan Width": 8, "Plans": [{"Node Type": "Index Scan", "Parent Relationship": "Outer", "Scan Direction": "Forward", "Index Name": "info_type_id_movie_info", "Relation Name": "movie_info", "Alias": "mi", "Startup Cost": 10000000000.0, "Total Cost": 1000122271411.12, "Plan Rows": 726375, "Plan Width": 8, "Filter": "((info)::text = ANY ('{Sweden,Norway,Germany,Denmark,Swedish,Denish,Norwegian,German,USA,American}'::text[]))"}]}]}, {"Node Type": "Materialize", "Parent Relationship": "Inner", "Startup Cost": 10000000000.0, "Total Cost": 1000000000993.56, "Plan Rows": 112, "Plan Width": 4, "Plans": [{"Node Type": "Index Only Scan", "Parent Relationship": "Outer", "Scan Direction": "Forward", "Index Name": "info_type_pkey", "Relation Name": "info_type", "Alias": "it", "Startup Cost": 10000000000.0, "Total Cost": 1000000000993.0, "Plan Rows": 112, "Plan Width": 4}]}]}, {"Node Type": "Index Scan", "Parent Relationship": "Inner", "Scan Direction": "Forward", "Index Name": "title_pkey", "Relation Name": "title", "Alias": "t", "Startup Cost": 10000000000.0, "Total Cost": 1000011644126.66, "Plan Rows": 1748840, "Plan Width": 21, "Filter": "(production_year > 1990), (LLVM Optimized)"}]}]}, "Unique SQL Id": 322094867}, "explain_analyze_plan": null}, "(1, 12)": {"explain_plan": {"Plan": {"Node Type": "Aggregate", "Strategy": "Plain", "Startup Cost": 413659.37, "Total Cost": 413659.38, "Plan Rows": 1, "Plan Width": 49, "Plans": [{"Node Type": "Hash Join", "Parent Relationship": "Outer", "Join Type": "Inner", "Startup Cost": 88254.96, "Total Cost": 412831.75, "Plan Rows": 331050, "Plan Width": 17, "Inner Unique": true, "Hash Cond": "(mi.info_type_id = it.id), (LLVM Optimized)", "Plans": [{"Node Type": "Nested Loop", "Parent Relationship": "Outer", "Join Type": "Inner", "Startup Cost": 88251.44, "Total Cost": 408458.37, "Plan Rows": 331050, "Plan Width": 21, "Inner Unique": false, "Plans": [{"Node Type": "Hash Join", "Parent Relationship": "Outer", "Join Type": "Inner", "Startup Cost": 88251.44, "Total Cost": 149940.3, "Plan Rows": 289936, "Plan Width": 25, "Inner Unique": true, "Hash Cond": "(mc.movie_id = t.id), (LLVM Optimized)", "Plans": [{"Node Type": "Hash Join", "Parent Relationship": "Outer", "Join Type": "Inner", "Startup Cost": 1.05, "Total Cost": 58005.76, "Plan Rows": 209278, "Plan Width": 4, "Inner Unique": true, "Hash Cond": "(mc.company_type_id = ct.id), (LLVM Optimized)", "Plans": [{"Node Type": "Seq Scan", "Parent Relationship": "Outer", "Relation Name": "movie_companies", "Alias": "mc", "Startup Cost": 0.0, "Total Cost": 54862.92, "Plan Rows": 418557, "Plan Width": 8, "Filter": "(((note)::text !~~ '%(TV)%'::text) AND ((note)::text ~~ '%(USA)%'::text)), (LLVM Optimized)"}, {"Node Type": "Hash", "Parent Relationship": "Inner", "Startup Cost": 1.04, "Total Cost": 1.04, "Plan Rows": 1, "Plan Width": 4, "Plans": [{"Node Type": "Seq Scan", "Parent Relationship": "Outer", "Relation Name": "company_type", "Alias": "ct", "Startup Cost": 0.0, "Total Cost": 1.04, "Plan Rows": 1, "Plan Width": 4, "Filter": "((kind)::text = 'production companies'::text)"}]}]}, {"Node Type": "Hash", "Parent Relationship": "Inner", "Startup Cost": 66389.89, "Total Cost": 66389.89, "Plan Rows": 1748840, "Plan Width": 21, "Plans": [{"Node Type": "Seq Scan", "Parent Relationship": "Outer", "Relation Name": "title", "Alias": "t", "Startup Cost": 0.0, "Total Cost": 66389.89, "Plan Rows": 1748840, "Plan Width": 21, "Filter": "(production_year > 1990), (LLVM Optimized)"}]}]}, {"Node Type": "Index Scan", "Parent Relationship": "Inner", "Scan Direction": "Forward", "Index Name": "movie_id_movie_info", "Relation Name": "movie_info", "Alias": "mi", "Startup Cost": 0.0, "Total Cost": 0.88, "Plan Rows": 1, "Plan Width": 8, "Index Cond": "(movie_id = t.id)", "Filter": "((info)::text = ANY ('{Sweden,Norway,Germany,Denmark,Swedish,Denish,Norwegian,German,USA,American}'::text[]))"}]}, {"Node Type": "Hash", "Parent Relationship": "Inner", "Startup Cost": 2.12, "Total Cost": 2.12, "Plan Rows": 112, "Plan Width": 4, "Plans": [{"Node Type": "Seq Scan", "Parent Relationship": "Outer", "Relation Name": "info_type", "Alias": "it", "Startup Cost": 0.0, "Total Cost": 2.12, "Plan Rows": 112, "Plan Width": 4}]}]}]}, "Unique SQL Id": 322094867}, "explain_analyze_plan": {"Plan": {"Node Type": "Aggregate", "Strategy": "Plain", "Startup Cost": 413659.37, "Total Cost": 413659.38, "Plan Rows": 1, "Plan Width": 49, "Actual Startup Time": 2847.577, "Actual Total Time": 2847.578, "Actual Rows": 1, "Actual Loops": 1, "Plans": [{"Node Type": "Hash Join", "Parent Relationship": "Outer", "Join Type": "Inner", "Startup Cost": 88254.96, "Total Cost": 412831.75, "Plan Rows": 331050, "Plan Width": 17, "Actual Startup Time": 2465.807, "Actual Total Time": 2847.12, "Actual Rows": 669, "Actual Loops": 1, "Inner Unique": true, "Hash Cond": "(mi.info_type_id = it.id), (LLVM Optimized, Jit Execute)", "Plans": [{"Node Type": "Nested Loop", "Parent Relationship": "Outer", "Join Type": "Inner", "Startup Cost": 88251.44, "Total Cost": 408458.37, "Plan Rows": 331050, "Plan Width": 21, "Actual Startup Time": 2465.668, "Actual Total Time": 2846.565, "Actual Rows": 669, "Actual Loops": 1, "Inner Unique": false, "Plans": [{"Node Type": "Hash Join", "Parent Relationship": "Outer", "Join Type": "Inner", "Startup Cost": 88251.44, "Total Cost": 149940.3, "Plan Rows": 289936, "Plan Width": 25, "Actual Startup Time": 2465.603, "Actual Total Time": 2813.818, "Actual Rows": 767, "Actual Loops": 1, "Inner Unique": true, "Hash Cond": "(mc.movie_id = t.id), (LLVM Optimized, Jit Execute)", "Plans": [{"Node Type": "Hash Join", "Parent Relationship": "Outer", "Join Type": "Inner", "Startup Cost": 1.05, "Total Cost": 58005.76, "Plan Rows": 209278, "Plan Width": 4, "Actual Startup Time": 860.961, "Actual Total Time": 1208.39, "Actual Rows": 798, "Actual Loops": 1, "Inner Unique": true, "Hash Cond": "(mc.company_type_id = ct.id), (LLVM Optimized, Jit Execute)", "Plans": [{"Node Type": "Seq Scan", "Parent Relationship": "Outer", "Relation Name": "movie_companies", "Alias": "mc", "Startup Cost": 0.0, "Total Cost": 54862.92, "Plan Rows": 418557, "Plan Width": 8, "Actual Startup Time": 0.048, "Actual Total Time": 1154.522, "Actual Rows": 295628, "Actual Loops": 1, "Filter": "(((note)::text !~~ '%(TV)%'::text) AND ((note)::text ~~ '%(USA)%'::text)), (LLVM Optimized, Jit Execute)", "Rows Removed by Filter": 2313500}, {"Node Type": "Hash", "Parent Relationship": "Inner", "Startup Cost": 1.04, "Total Cost": 1.04, "Plan Rows": 1, "Plan Width": 4, "Actual Startup Time": 0.012, "Actual Total Time": 0.012, "Actual Rows": 1, "Actual Loops": 1, "Hash Buckets": 32768, "Hash Batches": 1, "Original Hash Batches": 1, "Peak Memory Usage": 1, "Plans": [{"Node Type": "Seq Scan", "Parent Relationship": "Outer", "Relation Name": "company_type", "Alias": "ct", "Startup Cost": 0.0, "Total Cost": 1.04, "Plan Rows": 1, "Plan Width": 4, "Actual Startup Time": 0.006, "Actual Total Time": 0.007, "Actual Rows": 1, "Actual Loops": 1, "Filter": "((kind)::text = 'production companies'::text)", "Rows Removed by Filter": 2}]}]}, {"Node Type": "Hash", "Parent Relationship": "Inner", "Startup Cost": 66389.89, "Total Cost": 66389.89, "Plan Rows": 1748840, "Plan Width": 21, "Actual Startup Time": 1603.236, "Actual Total Time": 1603.236, "Actual Rows": 1749032, "Actual Loops": 1, "Hash Buckets": 2097152, "Hash Batches": 1, "Original Hash Batches": 1, "Peak Memory Usage": 93635, "Plans": [{"Node Type": "Seq Scan", "Parent Relationship": "Outer", "Relation Name": "title", "Alias": "t", "Startup Cost": 0.0, "Total Cost": 66389.89, "Plan Rows": 1748840, "Plan Width": 21, "Actual Startup Time": 0.043, "Actual Total Time": 924.726, "Actual Rows": 1749032, "Actual Loops": 1, "Filter": "(production_year > 1990), (LLVM Optimized, Jit Execute)", "Rows Removed by Filter": 779279}]}]}, {"Node Type": "Index Scan", "Parent Relationship": "Inner", "Scan Direction": "Forward", "Index Name": "movie_id_movie_info", "Relation Name": "movie_info", "Alias": "mi", "Startup Cost": 0.0, "Total Cost": 0.88, "Plan Rows": 1, "Plan Width": 8, "Actual Startup Time": 25.446, "Actual Total Time": 28.771, "Actual Rows": 669, "Actual Loops": 767, "Index Cond": "(movie_id = t.id)", "Rows Removed by Index Recheck": 0, "Filter": "((info)::text = ANY ('{Sweden,Norway,Germany,Denmark,Swedish,Denish,Norwegian,German,USA,American}'::text[]))", "Rows Removed by Filter": 7721}]}, {"Node Type": "Hash", "Parent Relationship": "Inner", "Startup Cost": 2.12, "Total Cost": 2.12, "Plan Rows": 112, "Plan Width": 4, "Actual Startup Time": 0.092, "Actual Total Time": 0.092, "Actual Rows": 112, "Actual Loops": 1, "Hash Buckets": 32768, "Hash Batches": 1, "Original Hash Batches": 1, "Peak Memory Usage": 4, "Plans": [{"Node Type": "Seq Scan", "Parent Relationship": "Outer", "Relation Name": "info_type", "Alias": "it", "Startup Cost": 0.0, "Total Cost": 2.12, "Plan Rows": 112, "Plan Width": 4, "Actual Startup Time": 0.024, "Actual Total Time": 0.044, "Actual Rows": 112, "Actual Loops": 1}]}]}]}, "Triggers": [], "Planner Runtime": 11.646, "Total Runtime": 2857.721, "Unique SQL Id": 322094867}}, "(1, 13)": {"explain_plan": {"Plan": {"Node Type": "Aggregate", "Strategy": "Plain", "Startup Cost": 472675.15, "Total Cost": 472675.16, "Plan Rows": 1, "Plan Width": 49, "Plans": [{"Node Type": "Hash Join", "Parent Relationship": "Outer", "Join Type": "Inner", "Startup Cost": 15.33, "Total Cost": 471847.53, "Plan Rows": 331050, "Plan Width": 17, "Inner Unique": true, "Hash Cond": "(mi.info_type_id = it.id), (LLVM Optimized)", "Plans": [{"Node Type": "Nested Loop", "Parent Relationship": "Outer", "Join Type": "Inner", "Startup Cost": 0.0, "Total Cost": 467462.34, "Plan Rows": 331050, "Plan Width": 21, "Inner Unique": false, "Plans": [{"Node Type": "Nested Loop", "Parent Relationship": "Outer", "Join Type": "Inner", "Startup Cost": 0.0, "Total Cost": 208944.27, "Plan Rows": 289936, "Plan Width": 25, "Inner Unique": true, "Plans": [{"Node Type": "Nested Loop", "Parent Relationship": "Outer", "Join Type": "Inner", "Startup Cost": 0.0, "Total Cost": 61745.44, "Plan Rows": 209278, "Plan Width": 4, "Inner Unique": false, "Plans": [{"Node Type": "Index Scan", "Parent Relationship": "Outer", "Scan Direction": "Forward", "Index Name": "company_type_pkey", "Relation Name": "company_type", "Alias": "ct", "Startup Cost": 0.0, "Total Cost": 12.3, "Plan Rows": 1, "Plan Width": 4, "Filter": "((kind)::text = 'production companies'::text)"}, {"Node Type": "Index Scan", "Parent Relationship": "Inner", "Scan Direction": "Forward", "Index Name": "company_type_id_movie_companies", "Relation Name": "movie_companies", "Alias": "mc", "Startup Cost": 0.0, "Total Cost": 59640.35, "Plan Rows": 209279, "Plan Width": 8, "Index Cond": "(company_type_id = ct.id), (LLVM Optimized)", "Filter": "(((note)::text !~~ '%(TV)%'::text) AND ((note)::text ~~ '%(USA)%'::text)), (LLVM Optimized)"}]}, {"Node Type": "Index Scan", "Parent Relationship": "Inner", "Scan Direction": "Forward", "Index Name": "title_pkey", "Relation Name": "title", "Alias": "t", "Startup Cost": 0.0, "Total Cost": 0.69, "Plan Rows": 1, "Plan Width": 21, "Index Cond": "(id = mc.movie_id)", "Filter": "(production_year > 1990)"}]}, {"Node Type": "Index Scan", "Parent Relationship": "Inner", "Scan Direction": "Forward", "Index Name": "movie_id_movie_info", "Relation Name": "movie_info", "Alias": "mi", "Startup Cost": 0.0, "Total Cost": 0.88, "Plan Rows": 1, "Plan Width": 8, "Index Cond": "(movie_id = t.id)", "Filter": "((info)::text = ANY ('{Sweden,Norway,Germany,Denmark,Swedish,Denish,Norwegian,German,USA,American}'::text[]))"}]}, {"Node Type": "Hash", "Parent Relationship": "Inner", "Startup Cost": 13.93, "Total Cost": 13.93, "Plan Rows": 112, "Plan Width": 4, "Plans": [{"Node Type": "Index Scan", "Parent Relationship": "Outer", "Scan Direction": "Forward", "Index Name": "info_type_pkey", "Relation Name": "info_type", "Alias": "it", "Startup Cost": 0.0, "Total Cost": 13.93, "Plan Rows": 112, "Plan Width": 4}]}]}]}, "Unique SQL Id": 322094867}, "explain_analyze_plan": {"Plan": {"Node Type": "Aggregate", "Strategy": "Plain", "Startup Cost": 472675.15, "Total Cost": 472675.16, "Plan Rows": 1, "Plan Width": 49, "Actual Startup Time": 797.4, "Actual Total Time": 797.4, "Actual Rows": 1, "Actual Loops": 1, "Plans": [{"Node Type": "Hash Join", "Parent Relationship": "Outer", "Join Type": "Inner", "Startup Cost": 15.33, "Total Cost": 471847.53, "Plan Rows": 331050, "Plan Width": 17, "Actual Startup Time": 10.134, "Actual Total Time": 796.963, "Actual Rows": 669, "Actual Loops": 1, "Inner Unique": true, "Hash Cond": "(mi.info_type_id = it.id), (LLVM Optimized, Jit Execute)", "Plans": [{"Node Type": "Nested Loop", "Parent Relationship": "Outer", "Join Type": "Inner", "Startup Cost": 0.0, "Total Cost": 467462.34, "Plan Rows": 331050, "Plan Width": 21, "Actual Startup Time": 9.987, "Actual Total Time": 796.334, "Actual Rows": 669, "Actual Loops": 1, "Inner Unique": false, "Plans": [{"Node Type": "Nested Loop", "Parent Relationship": "Outer", "Join Type": "Inner", "Startup Cost": 0.0, "Total Cost": 208944.27, "Plan Rows": 289936, "Plan Width": 25, "Actual Startup Time": 9.963, "Actual Total Time": 768.356, "Actual Rows": 767, "Actual Loops": 1, "Inner Unique": true, "Plans": [{"Node Type": "Nested Loop", "Parent Relationship": "Outer", "Join Type": "Inner", "Startup Cost": 0.0, "Total Cost": 61745.44, "Plan Rows": 209278, "Plan Width": 4, "Actual Startup Time": 9.942, "Actual Total Time": 760.642, "Actual Rows": 798, "Actual Loops": 1, "Inner Unique": false, "Plans": [{"Node Type": "Index Scan", "Parent Relationship": "Outer", "Scan Direction": "Forward", "Index Name": "company_type_pkey", "Relation Name": "company_type", "Alias": "ct", "Startup Cost": 0.0, "Total Cost": 12.3, "Plan Rows": 1, "Plan Width": 4, "Actual Startup Time": 0.017, "Actual Total Time": 0.026, "Actual Rows": 1, "Actual Loops": 1, "Filter": "((kind)::text = 'production companies'::text)", "Rows Removed by Filter": 2}, {"Node Type": "Index Scan", "Parent Relationship": "Inner", "Scan Direction": "Forward", "Index Name": "company_type_id_movie_companies", "Relation Name": "movie_companies", "Alias": "mc", "Startup Cost": 0.0, "Total Cost": 59640.35, "Plan Rows": 209279, "Plan Width": 8, "Actual Startup Time": 9.918, "Actual Total Time": 760.362, "Actual Rows": 798, "Actual Loops": 1, "Index Cond": "(company_type_id = ct.id), (LLVM Optimized, Jit Execute)", "Rows Removed by Index Recheck": 0, "Filter": "(((note)::text !~~ '%(TV)%'::text) AND ((note)::text ~~ '%(USA)%'::text)), (LLVM Optimized, Jit Execute)", "Rows Removed by Filter": 1334085}]}, {"Node Type": "Index Scan", "Parent Relationship": "Inner", "Scan Direction": "Forward", "Index Name": "title_pkey", "Relation Name": "title", "Alias": "t", "Startup Cost": 0.0, "Total Cost": 0.69, "Plan Rows": 1, "Plan Width": 21, "Actual Startup Time": 6.854, "Actual Total Time": 6.854, "Actual Rows": 767, "Actual Loops": 798, "Index Cond": "(id = mc.movie_id)", "Rows Removed by Index Recheck": 0, "Filter": "(production_year > 1990)", "Rows Removed by Filter": 31}]}, {"Node Type": "Index Scan", "Parent Relationship": "Inner", "Scan Direction": "Forward", "Index Name": "movie_id_movie_info", "Relation Name": "movie_info", "Alias": "mi", "Startup Cost": 0.0, "Total Cost": 0.88, "Plan Rows": 1, "Plan Width": 8, "Actual Startup Time": 24.023, "Actual Total Time": 27.225, "Actual Rows": 669, "Actual Loops": 767, "Index Cond": "(movie_id = t.id)", "Rows Removed by Index Recheck": 0, "Filter": "((info)::text = ANY ('{Sweden,Norway,Germany,Denmark,Swedish,Denish,Norwegian,German,USA,American}'::text[]))", "Rows Removed by Filter": 7721}]}, {"Node Type": "Hash", "Parent Relationship": "Inner", "Startup Cost": 13.93, "Total Cost": 13.93, "Plan Rows": 112, "Plan Width": 4, "Actual Startup Time": 0.1, "Actual Total Time": 0.1, "Actual Rows": 112, "Actual Loops": 1, "Hash Buckets": 32768, "Hash Batches": 1, "Original Hash Batches": 1, "Peak Memory Usage": 4, "Plans": [{"Node Type": "Index Scan", "Parent Relationship": "Outer", "Scan Direction": "Forward", "Index Name": "info_type_pkey", "Relation Name": "info_type", "Alias": "it", "Startup Cost": 0.0, "Total Cost": 13.93, "Plan Rows": 112, "Plan Width": 4, "Actual Startup Time": 0.013, "Actual Total Time": 0.061, "Actual Rows": 112, "Actual Loops": 1}]}]}]}, "Triggers": [], "Planner Runtime": 7.955, "Total Runtime": 807.974, "Unique SQL Id": 322094867}}, "(1, 14)": {"explain_plan": {"Plan": {"Node Type": "Aggregate", "Strategy": "Plain", "Startup Cost": 646202.08, "Total Cost": 646202.09, "Plan Rows": 1, "Plan Width": 49, "Plans": [{"Node Type": "Hash Join", "Parent Relationship": "Outer", "Join Type": "Inner", "Startup Cost": 153568.02, "Total Cost": 645374.46, "Plan Rows": 331050, "Plan Width": 17, "Inner Unique": true, "Hash Cond": "(mi.info_type_id = it.id), (LLVM Optimized)", "Plans": [{"Node Type": "Hash Join", "Parent Relationship": "Outer", "Join Type": "Inner", "Startup Cost": 153564.5, "Total Cost": 640819.0, "Plan Rows": 331050, "Plan Width": 21, "Inner Unique": false, "Hash Cond": "(mi.movie_id = t.id), (LLVM Optimized)", "Plans": [{"Node Type": "Seq Scan", "Parent Relationship": "Outer", "Relation Name": "movie_info", "Alias": "mi", "Startup Cost": 0.0, "Total Cost": 482862.23, "Plan Rows": 726375, "Plan Width": 8, "Filter": "((info)::text = ANY ('{Sweden,Norway,Germany,Denmark,Swedish,Denish,Norwegian,German,USA,American}'::text[]))"}, {"Node Type": "Hash", "Parent Relationship": "Inner", "Startup Cost": 149940.3, "Total Cost": 149940.3, "Plan Rows": 289936, "Plan Width": 25, "Plans": [{"Node Type": "Hash Join", "Parent Relationship": "Outer", "Join Type": "Inner", "Startup Cost": 88251.44, "Total Cost": 149940.3, "Plan Rows": 289936, "Plan Width": 25, "Inner Unique": true, "Hash Cond": "(mc.movie_id = t.id), (LLVM Optimized)", "Plans": [{"Node Type": "Hash Join", "Parent Relationship": "Outer", "Join Type": "Inner", "Startup Cost": 1.05, "Total Cost": 58005.76, "Plan Rows": 209278, "Plan Width": 4, "Inner Unique": true, "Hash Cond": "(mc.company_type_id = ct.id), (LLVM Optimized)", "Plans": [{"Node Type": "Seq Scan", "Parent Relationship": "Outer", "Relation Name": "movie_companies", "Alias": "mc", "Startup Cost": 0.0, "Total Cost": 54862.92, "Plan Rows": 418557, "Plan Width": 8, "Filter": "(((note)::text !~~ '%(TV)%'::text) AND ((note)::text ~~ '%(USA)%'::text)), (LLVM Optimized)"}, {"Node Type": "Hash", "Parent Relationship": "Inner", "Startup Cost": 1.04, "Total Cost": 1.04, "Plan Rows": 1, "Plan Width": 4, "Plans": [{"Node Type": "Seq Scan", "Parent Relationship": "Outer", "Relation Name": "company_type", "Alias": "ct", "Startup Cost": 0.0, "Total Cost": 1.04, "Plan Rows": 1, "Plan Width": 4, "Filter": "((kind)::text = 'production companies'::text)"}]}]}, {"Node Type": "Hash", "Parent Relationship": "Inner", "Startup Cost": 66389.89, "Total Cost": 66389.89, "Plan Rows": 1748840, "Plan Width": 21, "Plans": [{"Node Type": "Seq Scan", "Parent Relationship": "Outer", "Relation Name": "title", "Alias": "t", "Startup Cost": 0.0, "Total Cost": 66389.89, "Plan Rows": 1748840, "Plan Width": 21, "Filter": "(production_year > 1990), (LLVM Optimized)"}]}]}]}]}, {"Node Type": "Hash", "Parent Relationship": "Inner", "Startup Cost": 2.12, "Total Cost": 2.12, "Plan Rows": 112, "Plan Width": 4, "Plans": [{"Node Type": "Seq Scan", "Parent Relationship": "Outer", "Relation Name": "info_type", "Alias": "it", "Startup Cost": 0.0, "Total Cost": 2.12, "Plan Rows": 112, "Plan Width": 4}]}]}]}, "Unique SQL Id": 322094867}, "explain_analyze_plan": null}, "(1, 15)": {"explain_plan": {"Plan": {"Node Type": "Aggregate", "Strategy": "Plain", "Startup Cost": 5001727514755.89, "Total Cost": 5001727514755.9, "Plan Rows": 1, "Plan Width": 49, "Plans": [{"Node Type": "Merge Join", "Parent Relationship": "Outer", "Join Type": "Inner", "Startup Cost": 50024908232.05, "Total Cost": 5001727513928.26, "Plan Rows": 331050, "Plan Width": 17, "Inner Unique": true, "Merge Cond": "(mi.movie_id = t.id)", "Plans": [{"Node Type": "Nested Loop", "Parent Relationship": "Outer", "Join Type": "Inner", "Startup Cost": 40000000000.0, "Total Cost": 4002417254692.22, "Plan Rows": 238955, "Plan Width": 8, "Inner Unique": true, "Join Filter": "(mi.info_type_id = it.id), (LLVM Optimized)", "Plans": [{"Node Type": "Nested Loop", "Parent Relationship": "Outer", "Join Type": "Inner", "Startup Cost": 30000000000.0, "Total Cost": 3002416851854.54, "Plan Rows": 238955, "Plan Width": 12, "Inner Unique": false, "Join Filter": "(mc.movie_id = mi.movie_id), (LLVM Optimized)", "Plans": [{"Node Type": "Nested Loop", "Parent Relationship": "Outer", "Join Type": "Inner", "Startup Cost": 20000000000.0, "Total Cost": 2000014364018.74, "Plan Rows": 209278, "Plan Width": 4, "Inner Unique": true, "Join Filter": "(ct.id = mc.company_type_id), (LLVM Optimized)", "Plans": [{"Node Type": "Index Scan", "Parent Relationship": "Outer", "Scan Direction": "Forward", "Index Name": "movie_id_movie_companies", "Relation Name": "movie_companies", "Alias": "mc", "Startup Cost": 10000000000.0, "Total Cost": 1000014356510.13, "Plan Rows": 418557, "Plan Width": 8, "Filter": "(((note)::text !~~ '%(TV)%'::text) AND ((note)::text ~~ '%(USA)%'::text)), (LLVM Optimized)"}, {"Node Type": "Materialize", "Parent Relationship": "Inner", "Startup Cost": 10000000000.0, "Total Cost": 1000000001230.26, "Plan Rows": 1, "Plan Width": 4, "Plans": [{"Node Type": "Index Scan", "Parent Relationship": "Outer", "Scan Direction": "Forward", "Index Name": "company_type_pkey", "Relation Name": "company_type", "Alias": "ct", "Startup Cost": 10000000000.0, "Total Cost": 1000000001230.25, "Plan Rows": 1, "Plan Width": 4, "Filter": "((kind)::text = 'production companies'::text)"}]}]}, {"Node Type": "Materialize", "Parent Relationship": "Inner", "Startup Cost": 10000000000.0, "Total Cost": 1000122275042.99, "Plan Rows": 726375, "Plan Width": 8, "Plans": [{"Node Type": "Index Scan", "Parent Relationship": "Outer", "Scan Direction": "Forward", "Index Name": "info_type_id_movie_info", "Relation Name": "movie_info", "Alias": "mi", "Startup Cost": 10000000000.0, "Total Cost": 1000122271411.12, "Plan Rows": 726375, "Plan Width": 8, "Filter": "((info)::text = ANY ('{Sweden,Norway,Germany,Denmark,Swedish,Denish,Norwegian,German,USA,American}'::text[]))"}]}]}, {"Node Type": "Materialize", "Parent Relationship": "Inner", "Startup Cost": 10000000000.0, "Total Cost": 1000000001393.56, "Plan Rows": 112, "Plan Width": 4, "Plans": [{"Node Type": "Index Scan", "Parent Relationship": "Outer", "Scan Direction": "Forward", "Index Name": "info_type_pkey", "Relation Name": "info_type", "Alias": "it", "Startup Cost": 10000000000.0, "Total Cost": 1000000001393.0, "Plan Rows": 112, "Plan Width": 4}]}]}, {"Node Type": "Index Scan", "Parent Relationship": "Inner", "Scan Direction": "Forward", "Index Name": "title_pkey", "Relation Name": "title", "Alias": "t", "Startup Cost": 10000000000.0, "Total Cost": 1000011644126.66, "Plan Rows": 1748840, "Plan Width": 21, "Filter": "(production_year > 1990), (LLVM Optimized)"}]}]}, "Unique SQL Id": 322094867}, "explain_analyze_plan": null}, "(1, 16)": {"explain_plan": {"Plan": {"Node Type": "Aggregate", "Strategy": "Plain", "Startup Cost": 501960.35, "Total Cost": 501960.36, "Plan Rows": 1, "Plan Width": 49, "Plans": [{"Node Type": "Merge Join", "Parent Relationship": "Outer", "Join Type": "Inner", "Startup Cost": 496254.72, "Total Cost": 501132.73, "Plan Rows": 331050, "Plan Width": 17, "Inner Unique": false, "Merge Cond": "(it.id = mi.info_type_id)", "Plans": [{"Node Type": "Index Only Scan", "Parent Relationship": "Outer", "Scan Direction": "Forward", "Index Name": "info_type_pkey", "Relation Name": "info_type", "Alias": "it", "Startup Cost": 0.0, "Total Cost": 2.12, "Plan Rows": 112, "Plan Width": 4}, {"Node Type": "Sort", "Parent Relationship": "Inner", "Startup Cost": 496164.62, "Total Cost": 496992.25, "Plan Rows": 331050, "Plan Width": 21, "Sort Key": ["mi.info_type_id"], "Plans": [{"Node Type": "Nested Loop", "Parent Relationship": "Outer", "Join Type": "Inner", "Startup Cost": 0.0, "Total Cost": 465812.82, "Plan Rows": 331050, "Plan Width": 21, "Inner Unique": false, "Plans": [{"Node Type": "Nested Loop", "Parent Relationship": "Outer", "Join Type": "Inner", "Startup Cost": 0.0, "Total Cost": 207294.74, "Plan Rows": 289936, "Plan Width": 25, "Inner Unique": true, "Plans": [{"Node Type": "Nested Loop", "Parent Relationship": "Outer", "Join Type": "Inner", "Startup Cost": 0.0, "Total Cost": 60095.92, "Plan Rows": 209278, "Plan Width": 4, "Inner Unique": false, "Join Filter": "(ct.id = mc.company_type_id), (LLVM Optimized)", "Plans": [{"Node Type": "Seq Scan", "Parent Relationship": "Outer", "Relation Name": "company_type", "Alias": "ct", "Startup Cost": 0.0, "Total Cost": 1.04, "Plan Rows": 1, "Plan Width": 4, "Filter": "((kind)::text = 'production companies'::text)"}, {"Node Type": "Seq Scan", "Parent Relationship": "Inner", "Relation Name": "movie_companies", "Alias": "mc", "Startup Cost": 0.0, "Total Cost": 54862.92, "Plan Rows": 418557, "Plan Width": 8, "Filter": "(((note)::text !~~ '%(TV)%'::text) AND ((note)::text ~~ '%(USA)%'::text)), (LLVM Optimized)"}]}, {"Node Type": "Index Scan", "Parent Relationship": "Inner", "Scan Direction": "Forward", "Index Name": "title_pkey", "Relation Name": "title", "Alias": "t", "Startup Cost": 0.0, "Total Cost": 0.69, "Plan Rows": 1, "Plan Width": 21, "Index Cond": "(id = mc.movie_id)", "Filter": "(production_year > 1990)"}]}, {"Node Type": "Index Scan", "Parent Relationship": "Inner", "Scan Direction": "Forward", "Index Name": "movie_id_movie_info", "Relation Name": "movie_info", "Alias": "mi", "Startup Cost": 0.0, "Total Cost": 0.88, "Plan Rows": 1, "Plan Width": 8, "Index Cond": "(movie_id = t.id)", "Filter": "((info)::text = ANY ('{Sweden,Norway,Germany,Denmark,Swedish,Denish,Norwegian,German,USA,American}'::text[]))"}]}]}]}]}, "Unique SQL Id": 322094867}, "explain_analyze_plan": {"Plan": {"Node Type": "Aggregate", "Strategy": "Plain", "Startup Cost": 501960.35, "Total Cost": 501960.36, "Plan Rows": 1, "Plan Width": 49, "Actual Startup Time": 1319.352, "Actual Total Time": 1319.353, "Actual Rows": 1, "Actual Loops": 1, "Plans": [{"Node Type": "Merge Join", "Parent Relationship": "Outer", "Join Type": "Inner", "Startup Cost": 496254.72, "Total Cost": 501132.73, "Plan Rows": 331050, "Plan Width": 17, "Actual Startup Time": 1318.874, "Actual Total Time": 1319.123, "Actual Rows": 669, "Actual Loops": 1, "Inner Unique": false, "Merge Cond": "(it.id = mi.info_type_id)", "Plans": [{"Node Type": "Index Only Scan", "Parent Relationship": "Outer", "Scan Direction": "Forward", "Index Name": "info_type_pkey", "Relation Name": "info_type", "Alias": "it", "Startup Cost": 0.0, "Total Cost": 2.12, "Plan Rows": 112, "Plan Width": 4, "Actual Startup Time": 0.012, "Actual Total Time": 0.027, "Actual Rows": 18, "Actual Loops": 1, "Heap Fetches": 0}, {"Node Type": "Sort", "Parent Relationship": "Inner", "Startup Cost": 496164.62, "Total Cost": 496992.25, "Plan Rows": 331050, "Plan Width": 21, "Actual Startup Time": 1318.838, "Actual Total Time": 1318.917, "Actual Rows": 669, "Actual Loops": 1, "Sort Key": ["mi.info_type_id"], "Sort Method": "quicksort", "Sort Space Used": 90, "Sort Space Type": "Memory", "Plans": [{"Node Type": "Nested Loop", "Parent Relationship": "Outer", "Join Type": "Inner", "Startup Cost": 0.0, "Total Cost": 465812.82, "Plan Rows": 331050, "Plan Width": 21, "Actual Startup Time": 930.586, "Actual Total Time": 1318.389, "Actual Rows": 669, "Actual Loops": 1, "Inner Unique": false, "Plans": [{"Node Type": "Nested Loop", "Parent Relationship": "Outer", "Join Type": "Inner", "Startup Cost": 0.0, "Total Cost": 207294.74, "Plan Rows": 289936, "Plan Width": 25, "Actual Startup Time": 930.531, "Actual Total Time": 1289.632, "Actual Rows": 767, "Actual Loops": 1, "Inner Unique": true, "Plans": [{"Node Type": "Nested Loop", "Parent Relationship": "Outer", "Join Type": "Inner", "Startup Cost": 0.0, "Total Cost": 60095.92, "Plan Rows": 209278, "Plan Width": 4, "Actual Startup Time": 930.375, "Actual Total Time": 1281.585, "Actual Rows": 798, "Actual Loops": 1, "Inner Unique": false, "Join Filter": "(ct.id = mc.company_type_id), (LLVM Optimized, Jit Execute)", "Rows Removed by Join Filter": 294830, "Plans": [{"Node Type": "Seq Scan", "Parent Relationship": "Outer", "Relation Name": "company_type", "Alias": "ct", "Startup Cost": 0.0, "Total Cost": 1.04, "Plan Rows": 1, "Plan Width": 4, "Actual Startup Time": 0.014, "Actual Total Time": 0.02, "Actual Rows": 1, "Actual Loops": 1, "Filter": "((kind)::text = 'production companies'::text)", "Rows Removed by Filter": 2}, {"Node Type": "Seq Scan", "Parent Relationship": "Inner", "Relation Name": "movie_companies", "Alias": "mc", "Startup Cost": 0.0, "Total Cost": 54862.92, "Plan Rows": 418557, "Plan Width": 8, "Actual Startup Time": 0.028, "Actual Total Time": 1217.426, "Actual Rows": 295628, "Actual Loops": 1, "Filter": "(((note)::text !~~ '%(TV)%'::text) AND ((note)::text ~~ '%(USA)%'::text)), (LLVM Optimized, Jit Execute)", "Rows Removed by Filter": 2313500}]}, {"Node Type": "Index Scan", "Parent Relationship": "Inner", "Scan Direction": "Forward", "Index Name": "title_pkey", "Relation Name": "title", "Alias": "t", "Startup Cost": 0.0, "Total Cost": 0.69, "Plan Rows": 1, "Plan Width": 21, "Actual Startup Time": 7.136, "Actual Total Time": 7.136, "Actual Rows": 767, "Actual Loops": 798, "Index Cond": "(id = mc.movie_id)", "Rows Removed by Index Recheck": 0, "Filter": "(production_year > 1990)", "Rows Removed by Filter": 31}]}, {"Node Type": "Index Scan", "Parent Relationship": "Inner", "Scan Direction": "Forward", "Index Name": "movie_id_movie_info", "Relation Name": "movie_info", "Alias": "mi", "Startup Cost": 0.0, "Total Cost": 0.88, "Plan Rows": 1, "Plan Width": 8, "Actual Startup Time": 24.818, "Actual Total Time": 28.049, "Actual Rows": 669, "Actual Loops": 767, "Index Cond": "(movie_id = t.id)", "Rows Removed by Index Recheck": 0, "Filter": "((info)::text = ANY ('{Sweden,Norway,Germany,Denmark,Swedish,Denish,Norwegian,German,USA,American}'::text[]))", "Rows Removed by Filter": 7721}]}]}]}]}, "Triggers": [], "Planner Runtime": 7.548, "Total Runtime": 1328.847, "Unique SQL Id": 322094867}}, "(1, 17)": {"explain_plan": {"Plan": {"Node Type": "Aggregate", "Strategy": "Plain", "Startup Cost": 503617.55, "Total Cost": 503617.56, "Plan Rows": 1, "Plan Width": 49, "Plans": [{"Node Type": "Merge Join", "Parent Relationship": "Outer", "Join Type": "Inner", "Startup Cost": 497904.24, "Total Cost": 502789.92, "Plan Rows": 331050, "Plan Width": 17, "Inner Unique": false, "Merge Cond": "(it.id = mi.info_type_id)", "Plans": [{"Node Type": "Index Only Scan", "Parent Relationship": "Outer", "Scan Direction": "Forward", "Index Name": "info_type_pkey", "Relation Name": "info_type", "Alias": "it", "Startup Cost": 0.0, "Total Cost": 9.93, "Plan Rows": 112, "Plan Width": 4}, {"Node Type": "Sort", "Parent Relationship": "Inner", "Startup Cost": 497814.14, "Total Cost": 498641.77, "Plan Rows": 331050, "Plan Width": 21, "Sort Key": ["mi.info_type_id"], "Plans": [{"Node Type": "Nested Loop", "Parent Relationship": "Outer", "Join Type": "Inner", "Startup Cost": 0.0, "Total Cost": 467462.34, "Plan Rows": 331050, "Plan Width": 21, "Inner Unique": false, "Plans": [{"Node Type": "Nested Loop", "Parent Relationship": "Outer", "Join Type": "Inner", "Startup Cost": 0.0, "Total Cost": 208944.27, "Plan Rows": 289936, "Plan Width": 25, "Inner Unique": true, "Plans": [{"Node Type": "Nested Loop", "Parent Relationship": "Outer", "Join Type": "Inner", "Startup Cost": 0.0, "Total Cost": 61745.44, "Plan Rows": 209278, "Plan Width": 4, "Inner Unique": false, "Plans": [{"Node Type": "Index Scan", "Parent Relationship": "Outer", "Scan Direction": "Forward", "Index Name": "company_type_pkey", "Relation Name": "company_type", "Alias": "ct", "Startup Cost": 0.0, "Total Cost": 12.3, "Plan Rows": 1, "Plan Width": 4, "Filter": "((kind)::text = 'production companies'::text)"}, {"Node Type": "Index Scan", "Parent Relationship": "Inner", "Scan Direction": "Forward", "Index Name": "company_type_id_movie_companies", "Relation Name": "movie_companies", "Alias": "mc", "Startup Cost": 0.0, "Total Cost": 59640.35, "Plan Rows": 209279, "Plan Width": 8, "Index Cond": "(company_type_id = ct.id), (LLVM Optimized)", "Filter": "(((note)::text !~~ '%(TV)%'::text) AND ((note)::text ~~ '%(USA)%'::text)), (LLVM Optimized)"}]}, {"Node Type": "Index Scan", "Parent Relationship": "Inner", "Scan Direction": "Forward", "Index Name": "title_pkey", "Relation Name": "title", "Alias": "t", "Startup Cost": 0.0, "Total Cost": 0.69, "Plan Rows": 1, "Plan Width": 21, "Index Cond": "(id = mc.movie_id)", "Filter": "(production_year > 1990)"}]}, {"Node Type": "Index Scan", "Parent Relationship": "Inner", "Scan Direction": "Forward", "Index Name": "movie_id_movie_info", "Relation Name": "movie_info", "Alias": "mi", "Startup Cost": 0.0, "Total Cost": 0.88, "Plan Rows": 1, "Plan Width": 8, "Index Cond": "(movie_id = t.id)", "Filter": "((info)::text = ANY ('{Sweden,Norway,Germany,Denmark,Swedish,Denish,Norwegian,German,USA,American}'::text[]))"}]}]}]}]}, "Unique SQL Id": 322094867}, "explain_analyze_plan": {"Plan": {"Node Type": "Aggregate", "Strategy": "Plain", "Startup Cost": 503617.55, "Total Cost": 503617.56, "Plan Rows": 1, "Plan Width": 49, "Actual Startup Time": 806.542, "Actual Total Time": 806.542, "Actual Rows": 1, "Actual Loops": 1, "Plans": [{"Node Type": "Merge Join", "Parent Relationship": "Outer", "Join Type": "Inner", "Startup Cost": 497904.24, "Total Cost": 502789.92, "Plan Rows": 331050, "Plan Width": 17, "Actual Startup Time": 806.067, "Actual Total Time": 806.325, "Actual Rows": 669, "Actual Loops": 1, "Inner Unique": false, "Merge Cond": "(it.id = mi.info_type_id)", "Plans": [{"Node Type": "Index Only Scan", "Parent Relationship": "Outer", "Scan Direction": "Forward", "Index Name": "info_type_pkey", "Relation Name": "info_type", "Alias": "it", "Startup Cost": 0.0, "Total Cost": 9.93, "Plan Rows": 112, "Plan Width": 4, "Actual Startup Time": 0.015, "Actual Total Time": 0.021, "Actual Rows": 18, "Actual Loops": 1, "Heap Fetches": 0}, {"Node Type": "Sort", "Parent Relationship": "Inner", "Startup Cost": 497814.14, "Total Cost": 498641.77, "Plan Rows": 331050, "Plan Width": 21, "Actual Startup Time": 806.037, "Actual Total Time": 806.122, "Actual Rows": 669, "Actual Loops": 1, "Sort Key": ["mi.info_type_id"], "Sort Method": "quicksort", "Sort Space Used": 90, "Sort Space Type": "Memory", "Plans": [{"Node Type": "Nested Loop", "Parent Relationship": "Outer", "Join Type": "Inner", "Startup Cost": 0.0, "Total Cost": 467462.34, "Plan Rows": 331050, "Plan Width": 21, "Actual Startup Time": 10.032, "Actual Total Time": 805.62, "Actual Rows": 669, "Actual Loops": 1, "Inner Unique": false, "Plans": [{"Node Type": "Nested Loop", "Parent Relationship": "Outer", "Join Type": "Inner", "Startup Cost": 0.0, "Total Cost": 208944.27, "Plan Rows": 289936, "Plan Width": 25, "Actual Startup Time": 10.002, "Actual Total Time": 777.234, "Actual Rows": 767, "Actual Loops": 1, "Inner Unique": true, "Plans": [{"Node Type": "Nested Loop", "Parent Relationship": "Outer", "Join Type": "Inner", "Startup Cost": 0.0, "Total Cost": 61745.44, "Plan Rows": 209278, "Plan Width": 4, "Actual Startup Time": 9.972, "Actual Total Time": 769.432, "Actual Rows": 798, "Actual Loops": 1, "Inner Unique": false, "Plans": [{"Node Type": "Index Scan", "Parent Relationship": "Outer", "Scan Direction": "Forward", "Index Name": "company_type_pkey", "Relation Name": "company_type", "Alias": "ct", "Startup Cost": 0.0, "Total Cost": 12.3, "Plan Rows": 1, "Plan Width": 4, "Actual Startup Time": 0.019, "Actual Total Time": 0.028, "Actual Rows": 1, "Actual Loops": 1, "Filter": "((kind)::text = 'production companies'::text)", "Rows Removed by Filter": 2}, {"Node Type": "Index Scan", "Parent Relationship": "Inner", "Scan Direction": "Forward", "Index Name": "company_type_id_movie_companies", "Relation Name": "movie_companies", "Alias": "mc", "Startup Cost": 0.0, "Total Cost": 59640.35, "Plan Rows": 209279, "Plan Width": 8, "Actual Startup Time": 9.947, "Actual Total Time": 769.189, "Actual Rows": 798, "Actual Loops": 1, "Index Cond": "(company_type_id = ct.id), (LLVM Optimized, Jit Execute)", "Rows Removed by Index Recheck": 0, "Filter": "(((note)::text !~~ '%(TV)%'::text) AND ((note)::text ~~ '%(USA)%'::text)), (LLVM Optimized, Jit Execute)", "Rows Removed by Filter": 1334085}]}, {"Node Type": "Index Scan", "Parent Relationship": "Inner", "Scan Direction": "Forward", "Index Name": "title_pkey", "Relation Name": "title", "Alias": "t", "Startup Cost": 0.0, "Total Cost": 0.69, "Plan Rows": 1, "Plan Width": 21, "Actual Startup Time": 6.951, "Actual Total Time": 6.951, "Actual Rows": 767, "Actual Loops": 798, "Index Cond": "(id = mc.movie_id)", "Rows Removed by Index Recheck": 0, "Filter": "(production_year > 1990)", "Rows Removed by Filter": 31}]}, {"Node Type": "Index Scan", "Parent Relationship": "Inner", "Scan Direction": "Forward", "Index Name": "movie_id_movie_info", "Relation Name": "movie_info", "Alias": "mi", "Startup Cost": 0.0, "Total Cost": 0.88, "Plan Rows": 1, "Plan Width": 8, "Actual Startup Time": 24.471, "Actual Total Time": 27.673, "Actual Rows": 669, "Actual Loops": 767, "Index Cond": "(movie_id = t.id)", "Rows Removed by Index Recheck": 0, "Filter": "((info)::text = ANY ('{Sweden,Norway,Germany,Denmark,Swedish,Denish,Norwegian,German,USA,American}'::text[]))", "Rows Removed by Filter": 7721}]}]}]}]}, "Triggers": [], "Planner Runtime": 6.541, "Total Runtime": 816.125, "Unique SQL Id": 322094867}}, "(1, 18)": {"explain_plan": {"Plan": {"Node Type": "Aggregate", "Strategy": "Plain", "Startup Cost": 935757.67, "Total Cost": 935757.68, "Plan Rows": 1, "Plan Width": 49, "Plans": [{"Node Type": "Merge Join", "Parent Relationship": "Outer", "Join Type": "Inner", "Startup Cost": 930053.84, "Total Cost": 934930.04, "Plan Rows": 331050, "Plan Width": 17, "Inner Unique": false, "Merge Cond": "(it.id = mi.info_type_id)", "Plans": [{"Node Type": "Sort", "Parent Relationship": "Outer", "Startup Cost": 5.93, "Total Cost": 6.21, "Plan Rows": 112, "Plan Width": 4, "Sort Key": ["it.id"], "Plans": [{"Node Type": "Seq Scan", "Parent Relationship": "Outer", "Relation Name": "info_type", "Alias": "it", "Startup Cost": 0.0, "Total Cost": 2.12, "Plan Rows": 112, "Plan Width": 4}]}, {"Node Type": "Sort", "Parent Relationship": "Inner", "Startup Cost": 929957.81, "Total Cost": 930785.43, "Plan Rows": 331050, "Plan Width": 21, "Sort Key": ["mi.info_type_id"], "Plans": [{"Node Type": "Merge Join", "Parent Relationship": "Outer", "Join Type": "Inner", "Startup Cost": 879894.11, "Total Cost": 899606.0, "Plan Rows": 331050, "Plan Width": 21, "Inner Unique": true, "Merge Cond": "(mi.movie_id = t.id)", "Plans": [{"Node Type": "Merge Join", "Parent Relationship": "Outer", "Join Type": "Inner", "Startup Cost": 632167.07, "Total Cost": 639233.29, "Plan Rows": 238955, "Plan Width": 12, "Inner Unique": false, "Merge Cond": "(mc.movie_id = mi.movie_id)", "Plans": [{"Node Type": "Sort", "Parent Relationship": "Outer", "Startup Cost": 78590.93, "Total Cost": 79114.12, "Plan Rows": 209278, "Plan Width": 4, "Sort Key": ["mc.movie_id"], "Plans": [{"Node Type": "Nested Loop", "Parent Relationship": "Outer", "Join Type": "Inner", "Startup Cost": 0.0, "Total Cost": 60095.92, "Plan Rows": 209278, "Plan Width": 4, "Inner Unique": false, "Join Filter": "(ct.id = mc.company_type_id), (LLVM Optimized)", "Plans": [{"Node Type": "Seq Scan", "Parent Relationship": "Outer", "Relation Name": "company_type", "Alias": "ct", "Startup Cost": 0.0, "Total Cost": 1.04, "Plan Rows": 1, "Plan Width": 4, "Filter": "((kind)::text = 'production companies'::text)"}, {"Node Type": "Seq Scan", "Parent Relationship": "Inner", "Relation Name": "movie_companies", "Alias": "mc", "Startup Cost": 0.0, "Total Cost": 54862.92, "Plan Rows": 418557, "Plan Width": 8, "Filter": "(((note)::text !~~ '%(TV)%'::text) AND ((note)::text ~~ '%(USA)%'::text)), (LLVM Optimized)"}]}]}, {"Node Type": "Sort", "Parent Relationship": "Inner", "Startup Cost": 553576.13, "Total Cost": 555392.07, "Plan Rows": 726375, "Plan Width": 8, "Sort Key": ["mi.movie_id"], "Plans": [{"Node Type": "Seq Scan", "Parent Relationship": "Outer", "Relation Name": "movie_info", "Alias": "mi", "Startup Cost": 0.0, "Total Cost": 482862.23, "Plan Rows": 726375, "Plan Width": 8, "Filter": "((info)::text = ANY ('{Sweden,Norway,Germany,Denmark,Swedish,Denish,Norwegian,German,USA,American}'::text[]))"}]}]}, {"Node Type": "Sort", "Parent Relationship": "Inner", "Startup Cost": 247726.82, "Total Cost": 252098.92, "Plan Rows": 1748840, "Plan Width": 21, "Sort Key": ["t.id"], "Plans": [{"Node Type": "Seq Scan", "Parent Relationship": "Outer", "Relation Name": "title", "Alias": "t", "Startup Cost": 0.0, "Total Cost": 66389.89, "Plan Rows": 1748840, "Plan Width": 21, "Filter": "(production_year > 1990), (LLVM Optimized)"}]}]}]}]}]}, "Unique SQL Id": 322094867}, "explain_analyze_plan": null}, "(1, 19)": {"explain_plan": {"Plan": {"Node Type": "Aggregate", "Strategy": "Plain", "Startup Cost": 1000019247502.85, "Total Cost": 1000019247502.86, "Plan Rows": 1, "Plan Width": 49, "Plans": [{"Node Type": "Nested Loop", "Parent Relationship": "Outer", "Join Type": "Inner", "Startup Cost": 10000000001.66, "Total Cost": 1000019246675.23, "Plan Rows": 331050, "Plan Width": 17, "Inner Unique": true, "Plans": [{"Node Type": "Nested Loop", "Parent Relationship": "Outer", "Join Type": "Inner", "Startup Cost": 10000000001.35, "Total Cost": 1000018211114.89, "Plan Rows": 238955, "Plan Width": 8, "Inner Unique": true, "Plans": [{"Node Type": "Nested Loop", "Parent Relationship": "Outer", "Join Type": "Inner", "Startup Cost": 10000000001.09, "Total Cost": 1000017188325.12, "Plan Rows": 238955, "Plan Width": 12, "Inner Unique": false, "Plans": [{"Node Type": "Nested Loop", "Parent Relationship": "Outer", "Join Type": "Inner", "Startup Cost": 10000000000.26, "Total Cost": 1000016149093.12, "Plan Rows": 209278, "Plan Width": 4, "Inner Unique": true, "Plans": [{"Node Type": "Index Scan", "Parent Relationship": "Outer", "Scan Direction": "Forward", "Index Name": "movie_id_movie_companies", "Relation Name": "movie_companies", "Alias": "mc", "Startup Cost": 10000000000.0, "Total Cost": 1000014356510.13, "Plan Rows": 418557, "Plan Width": 8, "Filter": "(((note)::text !~~ '%(TV)%'::text) AND ((note)::text ~~ '%(USA)%'::text)), (LLVM Optimized)"}, {"Node Type": "Bitmap Heap Scan", "Parent Relationship": "Inner", "Relation Name": "company_type", "Alias": "ct", "Startup Cost": 0.26, "Total Cost": 4.27, "Plan Rows": 1, "Plan Width": 4, "Recheck Cond": "(id = mc.company_type_id)", "Filter": "((kind)::text = 'production companies'::text)", "Plans": [{"Node Type": "Bitmap Index Scan", "Parent Relationship": "Outer", "Index Name": "company_type_pkey", "Startup Cost": 0.0, "Total Cost": 0.26, "Plan Rows": 1, "Plan Width": 0, "Index Cond": "(id = mc.company_type_id)"}]}]}, {"Node Type": "Bitmap Heap Scan", "Parent Relationship": "Inner", "Relation Name": "movie_info", "Alias": "mi", "Startup Cost": 0.83, "Total Cost": 4.96, "Plan Rows": 1, "Plan Width": 8, "Recheck Cond": "(movie_id = mc.movie_id)", "Filter": "((info)::text = ANY ('{Sweden,Norway,Germany,Denmark,Swedish,Denish,Norwegian,German,USA,American}'::text[]))", "Plans": [{"Node Type": "Bitmap Index Scan", "Parent Relationship": "Outer", "Index Name": "movie_id_movie_info", "Startup Cost": 0.0, "Total Cost": 0.83, "Plan Rows": 5, "Plan Width": 0, "Index Cond": "(movie_id = mc.movie_id)"}]}]}, {"Node Type": "Bitmap Heap Scan", "Parent Relationship": "Inner", "Relation Name": "info_type", "Alias": "it", "Startup Cost": 0.26, "Total Cost": 4.27, "Plan Rows": 1, "Plan Width": 4, "Recheck Cond": "(id = mi.info_type_id)", "Plans": [{"Node Type": "Bitmap Index Scan", "Parent Relationship": "Outer", "Index Name": "info_type_pkey", "Startup Cost": 0.0, "Total Cost": 0.26, "Plan Rows": 1, "Plan Width": 0, "Index Cond": "(id = mi.info_type_id)"}]}]}, {"Node Type": "Bitmap Heap Scan", "Parent Relationship": "Inner", "Relation Name": "title", "Alias": "t", "Startup Cost": 0.31, "Total Cost": 4.32, "Plan Rows": 1, "Plan Width": 21, "Recheck Cond": "(id = mi.movie_id)", "Filter": "(production_year > 1990)", "Plans": [{"Node Type": "Bitmap Index Scan", "Parent Relationship": "Outer", "Index Name": "title_pkey", "Startup Cost": 0.0, "Total Cost": 0.31, "Plan Rows": 1, "Plan Width": 0, "Index Cond": "(id = mi.movie_id)"}]}]}]}, "Unique SQL Id": 322094867}, "explain_analyze_plan": {"Plan": {"Node Type": "Aggregate", "Strategy": "Plain", "Startup Cost": 1000019247502.85, "Total Cost": 1000019247502.86, "Plan Rows": 1, "Plan Width": 49, "Actual Startup Time": 2983.243, "Actual Total Time": 2983.244, "Actual Rows": 1, "Actual Loops": 1, "Plans": [{"Node Type": "Nested Loop", "Parent Relationship": "Outer", "Join Type": "Inner", "Startup Cost": 10000000001.66, "Total Cost": 1000019246675.23, "Plan Rows": 331050, "Plan Width": 17, "Actual Startup Time": 32.619, "Actual Total Time": 2982.151, "Actual Rows": 669, "Actual Loops": 1, "Inner Unique": true, "Plans": [{"Node Type": "Nested Loop", "Parent Relationship": "Outer", "Join Type": "Inner", "Startup Cost": 10000000001.35, "Total Cost": 1000018211114.89, "Plan Rows": 238955, "Plan Width": 8, "Actual Startup Time": 32.603, "Actual Total Time": 2974.089, "Actual Rows": 691, "Actual Loops": 1, "Inner Unique": true, "Plans": [{"Node Type": "Nested Loop", "Parent Relationship": "Outer", "Join Type": "Inner", "Startup Cost": 10000000001.09, "Total Cost": 1000017188325.12, "Plan Rows": 238955, "Plan Width": 12, "Actual Startup Time": 32.594, "Actual Total Time": 2969.962, "Actual Rows": 691, "Actual Loops": 1, "Inner Unique": false, "Plans": [{"Node Type": "Nested Loop", "Parent Relationship": "Outer", "Join Type": "Inner", "Startup Cost": 10000000000.26, "Total Cost": 1000016149093.12, "Plan Rows": 209278, "Plan Width": 4, "Actual Startup Time": 32.553, "Actual Total Time": 2937.753, "Actual Rows": 798, "Actual Loops": 1, "Inner Unique": true, "Plans": [{"Node Type": "Index Scan", "Parent Relationship": "Outer", "Scan Direction": "Forward", "Index Name": "movie_id_movie_companies", "Relation Name": "movie_companies", "Alias": "mc", "Startup Cost": 10000000000.0, "Total Cost": 1000014356510.13, "Plan Rows": 418557, "Plan Width": 8, "Actual Startup Time": 0.054, "Actual Total Time": 2285.125, "Actual Rows": 295628, "Actual Loops": 1, "Filter": "(((note)::text !~~ '%(TV)%'::text) AND ((note)::text ~~ '%(USA)%'::text)), (LLVM Optimized, Jit Execute)", "Rows Removed by Filter": 2313500}, {"Node Type": "Bitmap Heap Scan", "Parent Relationship": "Inner", "Relation Name": "company_type", "Alias": "ct", "Startup Cost": 0.26, "Total Cost": 4.27, "Plan Rows": 1, "Plan Width": 4, "Actual Startup Time": 341.416, "Actual Total Time": 341.416, "Actual Rows": 798, "Actual Loops": 295628, "Recheck Cond": "(id = mc.company_type_id)", "Rows Removed by Index Recheck": 0, "Filter": "((kind)::text = 'production companies'::text)", "Rows Removed by Filter": 0, "Exact Heap Blocks": 798, "Lossy Heap Blocks": 798, "Plans": [{"Node Type": "Bitmap Index Scan", "Parent Relationship": "Outer", "Index Name": "company_type_pkey", "Startup Cost": 0.0, "Total Cost": 0.26, "Plan Rows": 1, "Plan Width": 0, "Actual Startup Time": 205.492, "Actual Total Time": 205.492, "Actual Rows": 798, "Actual Loops": 295628, "Index Cond": "(id = mc.company_type_id)"}]}]}, {"Node Type": "Bitmap Heap Scan", "Parent Relationship": "Inner", "Relation Name": "movie_info", "Alias": "mi", "Startup Cost": 0.83, "Total Cost": 4.96, "Plan Rows": 1, "Plan Width": 8, "Actual Startup Time": 27.613, "Actual Total Time": 30.269, "Actual Rows": 691, "Actual Loops": 798, "Recheck Cond": "(movie_id = mc.movie_id)", "Rows Removed by Index Recheck": 0, "Filter": "((info)::text = ANY ('{Sweden,Norway,Germany,Denmark,Swedish,Denish,Norwegian,German,USA,American}'::text[]))", "Rows Removed by Filter": 7906, "Exact Heap Blocks": 6397, "Lossy Heap Blocks": 6397, "Plans": [{"Node Type": "Bitmap Index Scan", "Parent Relationship": "Outer", "Index Name": "movie_id_movie_info", "Startup Cost": 0.0, "Total Cost": 0.83, "Plan Rows": 5, "Plan Width": 0, "Actual Startup Time": 6.949, "Actual Total Time": 6.949, "Actual Rows": 8597, "Actual Loops": 798, "Index Cond": "(movie_id = mc.movie_id)"}]}]}, {"Node Type": "Bitmap Heap Scan", "Parent Relationship": "Inner", "Relation Name": "info_type", "Alias": "it", "Startup Cost": 0.26, "Total Cost": 4.27, "Plan Rows": 1, "Plan Width": 4, "Actual Startup Time": 2.573, "Actual Total Time": 2.573, "Actual Rows": 691, "Actual Loops": 691, "Recheck Cond": "(id = mi.info_type_id)", "Rows Removed by Index Recheck": 0, "Exact Heap Blocks": 691, "Lossy Heap Blocks": 691, "Plans": [{"Node Type": "Bitmap Index Scan", "Parent Relationship": "Outer", "Index Name": "info_type_pkey", "Startup Cost": 0.0, "Total Cost": 0.26, "Plan Rows": 1, "Plan Width": 0, "Actual Startup Time": 1.179, "Actual Total Time": 1.179, "Actual Rows": 691, "Actual Loops": 691, "Index Cond": "(id = mi.info_type_id)"}]}]}, {"Node Type": "Bitmap Heap Scan", "Parent Relationship": "Inner", "Relation Name": "title", "Alias": "t", "Startup Cost": 0.31, "Total Cost": 4.32, "Plan Rows": 1, "Plan Width": 21, "Actual Startup Time": 6.58, "Actual Total Time": 6.58, "Actual Rows": 669, "Actual Loops": 691, "Recheck Cond": "(id = mi.movie_id)", "Rows Removed by Index Recheck": 0, "Filter": "(production_year > 1990)", "Rows Removed by Filter": 22, "Exact Heap Blocks": 691, "Lossy Heap Blocks": 691, "Plans": [{"Node Type": "Bitmap Index Scan", "Parent Relationship": "Outer", "Index Name": "title_pkey", "Startup Cost": 0.0, "Total Cost": 0.31, "Plan Rows": 1, "Plan Width": 0, "Actual Startup Time": 3.813, "Actual Total Time": 3.813, "Actual Rows": 691, "Actual Loops": 691, "Index Cond": "(id = mi.movie_id)"}]}]}]}, "Triggers": [], "Planner Runtime": 4.896, "Total Runtime": 2992.474, "Unique SQL Id": 322094867}}, "(1, 20)": {"explain_plan": {"Plan": {"Node Type": "Aggregate", "Strategy": "Plain", "Startup Cost": 501964.48, "Total Cost": 501964.49, "Plan Rows": 1, "Plan Width": 49, "Plans": [{"Node Type": "Merge Join", "Parent Relationship": "Outer", "Join Type": "Inner", "Startup Cost": 496260.65, "Total Cost": 501136.85, "Plan Rows": 331050, "Plan Width": 17, "Inner Unique": false, "Merge Cond": "(it.id = mi.info_type_id)", "Plans": [{"Node Type": "Sort", "Parent Relationship": "Outer", "Startup Cost": 5.93, "Total Cost": 6.21, "Plan Rows": 112, "Plan Width": 4, "Sort Key": ["it.id"], "Plans": [{"Node Type": "Seq Scan", "Parent Relationship": "Outer", "Relation Name": "info_type", "Alias": "it", "Startup Cost": 0.0, "Total Cost": 2.12, "Plan Rows": 112, "Plan Width": 4}]}, {"Node Type": "Sort", "Parent Relationship": "Inner", "Startup Cost": 496164.62, "Total Cost": 496992.25, "Plan Rows": 331050, "Plan Width": 21, "Sort Key": ["mi.info_type_id"], "Plans": [{"Node Type": "Nested Loop", "Parent Relationship": "Outer", "Join Type": "Inner", "Startup Cost": 0.0, "Total Cost": 465812.82, "Plan Rows": 331050, "Plan Width": 21, "Inner Unique": false, "Plans": [{"Node Type": "Nested Loop", "Parent Relationship": "Outer", "Join Type": "Inner", "Startup Cost": 0.0, "Total Cost": 207294.74, "Plan Rows": 289936, "Plan Width": 25, "Inner Unique": true, "Plans": [{"Node Type": "Nested Loop", "Parent Relationship": "Outer", "Join Type": "Inner", "Startup Cost": 0.0, "Total Cost": 60095.92, "Plan Rows": 209278, "Plan Width": 4, "Inner Unique": false, "Join Filter": "(ct.id = mc.company_type_id), (LLVM Optimized)", "Plans": [{"Node Type": "Seq Scan", "Parent Relationship": "Outer", "Relation Name": "company_type", "Alias": "ct", "Startup Cost": 0.0, "Total Cost": 1.04, "Plan Rows": 1, "Plan Width": 4, "Filter": "((kind)::text = 'production companies'::text)"}, {"Node Type": "Seq Scan", "Parent Relationship": "Inner", "Relation Name": "movie_companies", "Alias": "mc", "Startup Cost": 0.0, "Total Cost": 54862.92, "Plan Rows": 418557, "Plan Width": 8, "Filter": "(((note)::text !~~ '%(TV)%'::text) AND ((note)::text ~~ '%(USA)%'::text)), (LLVM Optimized)"}]}, {"Node Type": "Index Scan", "Parent Relationship": "Inner", "Scan Direction": "Forward", "Index Name": "title_pkey", "Relation Name": "title", "Alias": "t", "Startup Cost": 0.0, "Total Cost": 0.69, "Plan Rows": 1, "Plan Width": 21, "Index Cond": "(id = mc.movie_id)", "Filter": "(production_year > 1990)"}]}, {"Node Type": "Index Scan", "Parent Relationship": "Inner", "Scan Direction": "Forward", "Index Name": "movie_id_movie_info", "Relation Name": "movie_info", "Alias": "mi", "Startup Cost": 0.0, "Total Cost": 0.88, "Plan Rows": 1, "Plan Width": 8, "Index Cond": "(movie_id = t.id)", "Filter": "((info)::text = ANY ('{Sweden,Norway,Germany,Denmark,Swedish,Denish,Norwegian,German,USA,American}'::text[]))"}]}]}]}]}, "Unique SQL Id": 322094867}, "explain_analyze_plan": {"Plan": {"Node Type": "Aggregate", "Strategy": "Plain", "Startup Cost": 501964.48, "Total Cost": 501964.49, "Plan Rows": 1, "Plan Width": 49, "Actual Startup Time": 1240.14, "Actual Total Time": 1240.14, "Actual Rows": 1, "Actual Loops": 1, "Plans": [{"Node Type": "Merge Join", "Parent Relationship": "Outer", "Join Type": "Inner", "Startup Cost": 496260.65, "Total Cost": 501136.85, "Plan Rows": 331050, "Plan Width": 17, "Actual Startup Time": 1239.676, "Actual Total Time": 1239.946, "Actual Rows": 669, "Actual Loops": 1, "Inner Unique": false, "Merge Cond": "(it.id = mi.info_type_id)", "Plans": [{"Node Type": "Sort", "Parent Relationship": "Outer", "Startup Cost": 5.93, "Total Cost": 6.21, "Plan Rows": 112, "Plan Width": 4, "Actual Startup Time": 0.103, "Actual Total Time": 0.108, "Actual Rows": 18, "Actual Loops": 1, "Sort Key": ["it.id"], "Sort Method": "quicksort", "Sort Space Used": 32, "Sort Space Type": "Memory", "Plans": [{"Node Type": "Seq Scan", "Parent Relationship": "Outer", "Relation Name": "info_type", "Alias": "it", "Startup Cost": 0.0, "Total Cost": 2.12, "Plan Rows": 112, "Plan Width": 4, "Actual Startup Time": 0.026, "Actual Total Time": 0.044, "Actual Rows": 112, "Actual Loops": 1}]}, {"Node Type": "Sort", "Parent Relationship": "Inner", "Startup Cost": 496164.62, "Total Cost": 496992.25, "Plan Rows": 331050, "Plan Width": 21, "Actual Startup Time": 1239.559, "Actual Total Time": 1239.652, "Actual Rows": 669, "Actual Loops": 1, "Sort Key": ["mi.info_type_id"], "Sort Method": "quicksort", "Sort Space Used": 90, "Sort Space Type": "Memory", "Plans": [{"Node Type": "Nested Loop", "Parent Relationship": "Outer", "Join Type": "Inner", "Startup Cost": 0.0, "Total Cost": 465812.82, "Plan Rows": 331050, "Plan Width": 21, "Actual Startup Time": 862.727, "Actual Total Time": 1239.178, "Actual Rows": 669, "Actual Loops": 1, "Inner Unique": false, "Plans": [{"Node Type": "Nested Loop", "Parent Relationship": "Outer", "Join Type": "Inner", "Startup Cost": 0.0, "Total Cost": 207294.74, "Plan Rows": 289936, "Plan Width": 25, "Actual Startup Time": 862.7, "Actual Total Time": 1212.394, "Actual Rows": 767, "Actual Loops": 1, "Inner Unique": true, "Plans": [{"Node Type": "Nested Loop", "Parent Relationship": "Outer", "Join Type": "Inner", "Startup Cost": 0.0, "Total Cost": 60095.92, "Plan Rows": 209278, "Plan Width": 4, "Actual Startup Time": 862.625, "Actual Total Time": 1204.875, "Actual Rows": 798, "Actual Loops": 1, "Inner Unique": false, "Join Filter": "(ct.id = mc.company_type_id), (LLVM Optimized, Jit Execute)", "Rows Removed by Join Filter": 294830, "Plans": [{"Node Type": "Seq Scan", "Parent Relationship": "Outer", "Relation Name": "company_type", "Alias": "ct", "Startup Cost": 0.0, "Total Cost": 1.04, "Plan Rows": 1, "Plan Width": 4, "Actual Startup Time": 0.015, "Actual Total Time": 0.019, "Actual Rows": 1, "Actual Loops": 1, "Filter": "((kind)::text = 'production companies'::text)", "Rows Removed by Filter": 2}, {"Node Type": "Seq Scan", "Parent Relationship": "Inner", "Relation Name": "movie_companies", "Alias": "mc", "Startup Cost": 0.0, "Total Cost": 54862.92, "Plan Rows": 418557, "Plan Width": 8, "Actual Startup Time": 0.028, "Actual Total Time": 1146.293, "Actual Rows": 295628, "Actual Loops": 1, "Filter": "(((note)::text !~~ '%(TV)%'::text) AND ((note)::text ~~ '%(USA)%'::text)), (LLVM Optimized, Jit Execute)", "Rows Removed by Filter": 2313500}]}, {"Node Type": "Index Scan", "Parent Relationship": "Inner", "Scan Direction": "Forward", "Index Name": "title_pkey", "Relation Name": "title", "Alias": "t", "Startup Cost": 0.0, "Total Cost": 0.69, "Plan Rows": 1, "Plan Width": 21, "Actual Startup Time": 6.72, "Actual Total Time": 6.72, "Actual Rows": 767, "Actual Loops": 798, "Index Cond": "(id = mc.movie_id)", "Rows Removed by Index Recheck": 0, "Filter": "(production_year > 1990)", "Rows Removed by Filter": 31}]}, {"Node Type": "Index Scan", "Parent Relationship": "Inner", "Scan Direction": "Forward", "Index Name": "movie_id_movie_info", "Relation Name": "movie_info", "Alias": "mi", "Startup Cost": 0.0, "Total Cost": 0.88, "Plan Rows": 1, "Plan Width": 8, "Actual Startup Time": 23.078, "Actual Total Time": 26.087, "Actual Rows": 669, "Actual Loops": 767, "Index Cond": "(movie_id = t.id)", "Rows Removed by Index Recheck": 0, "Filter": "((info)::text = ANY ('{Sweden,Norway,Germany,Denmark,Swedish,Denish,Norwegian,German,USA,American}'::text[]))", "Rows Removed by Filter": 7721}]}]}]}]}, "Triggers": [], "Planner Runtime": 7.49, "Total Runtime": 1249.486, "Unique SQL Id": 322094867}}, "(1, 21)": {"explain_plan": {"Plan": {"Node Type": "Aggregate", "Strategy": "Plain", "Startup Cost": 503621.48, "Total Cost": 503621.49, "Plan Rows": 1, "Plan Width": 49, "Plans": [{"Node Type": "Merge Join", "Parent Relationship": "Outer", "Join Type": "Inner", "Startup Cost": 497904.24, "Total Cost": 502793.85, "Plan Rows": 331050, "Plan Width": 17, "Inner Unique": false, "Merge Cond": "(it.id = mi.info_type_id)", "Plans": [{"Node Type": "Index Scan", "Parent Relationship": "Outer", "Scan Direction": "Forward", "Index Name": "info_type_pkey", "Relation Name": "info_type", "Alias": "it", "Startup Cost": 0.0, "Total Cost": 13.93, "Plan Rows": 112, "Plan Width": 4}, {"Node Type": "Sort", "Parent Relationship": "Inner", "Startup Cost": 497814.14, "Total Cost": 498641.77, "Plan Rows": 331050, "Plan Width": 21, "Sort Key": ["mi.info_type_id"], "Plans": [{"Node Type": "Nested Loop", "Parent Relationship": "Outer", "Join Type": "Inner", "Startup Cost": 0.0, "Total Cost": 467462.34, "Plan Rows": 331050, "Plan Width": 21, "Inner Unique": false, "Plans": [{"Node Type": "Nested Loop", "Parent Relationship": "Outer", "Join Type": "Inner", "Startup Cost": 0.0, "Total Cost": 208944.27, "Plan Rows": 289936, "Plan Width": 25, "Inner Unique": true, "Plans": [{"Node Type": "Nested Loop", "Parent Relationship": "Outer", "Join Type": "Inner", "Startup Cost": 0.0, "Total Cost": 61745.44, "Plan Rows": 209278, "Plan Width": 4, "Inner Unique": false, "Plans": [{"Node Type": "Index Scan", "Parent Relationship": "Outer", "Scan Direction": "Forward", "Index Name": "company_type_pkey", "Relation Name": "company_type", "Alias": "ct", "Startup Cost": 0.0, "Total Cost": 12.3, "Plan Rows": 1, "Plan Width": 4, "Filter": "((kind)::text = 'production companies'::text)"}, {"Node Type": "Index Scan", "Parent Relationship": "Inner", "Scan Direction": "Forward", "Index Name": "company_type_id_movie_companies", "Relation Name": "movie_companies", "Alias": "mc", "Startup Cost": 0.0, "Total Cost": 59640.35, "Plan Rows": 209279, "Plan Width": 8, "Index Cond": "(company_type_id = ct.id), (LLVM Optimized)", "Filter": "(((note)::text !~~ '%(TV)%'::text) AND ((note)::text ~~ '%(USA)%'::text)), (LLVM Optimized)"}]}, {"Node Type": "Index Scan", "Parent Relationship": "Inner", "Scan Direction": "Forward", "Index Name": "title_pkey", "Relation Name": "title", "Alias": "t", "Startup Cost": 0.0, "Total Cost": 0.69, "Plan Rows": 1, "Plan Width": 21, "Index Cond": "(id = mc.movie_id)", "Filter": "(production_year > 1990)"}]}, {"Node Type": "Index Scan", "Parent Relationship": "Inner", "Scan Direction": "Forward", "Index Name": "movie_id_movie_info", "Relation Name": "movie_info", "Alias": "mi", "Startup Cost": 0.0, "Total Cost": 0.88, "Plan Rows": 1, "Plan Width": 8, "Index Cond": "(movie_id = t.id)", "Filter": "((info)::text = ANY ('{Sweden,Norway,Germany,Denmark,Swedish,Denish,Norwegian,German,USA,American}'::text[]))"}]}]}]}]}, "Unique SQL Id": 322094867}, "explain_analyze_plan": {"Plan": {"Node Type": "Aggregate", "Strategy": "Plain", "Startup Cost": 503621.48, "Total Cost": 503621.49, "Plan Rows": 1, "Plan Width": 49, "Actual Startup Time": 798.681, "Actual Total Time": 798.682, "Actual Rows": 1, "Actual Loops": 1, "Plans": [{"Node Type": "Merge Join", "Parent Relationship": "Outer", "Join Type": "Inner", "Startup Cost": 497904.24, "Total Cost": 502793.85, "Plan Rows": 331050, "Plan Width": 17, "Actual Startup Time": 798.171, "Actual Total Time": 798.465, "Actual Rows": 669, "Actual Loops": 1, "Inner Unique": false, "Merge Cond": "(it.id = mi.info_type_id)", "Plans": [{"Node Type": "Index Scan", "Parent Relationship": "Outer", "Scan Direction": "Forward", "Index Name": "info_type_pkey", "Relation Name": "info_type", "Alias": "it", "Startup Cost": 0.0, "Total Cost": 13.93, "Plan Rows": 112, "Plan Width": 4, "Actual Startup Time": 0.019, "Actual Total Time": 0.029, "Actual Rows": 18, "Actual Loops": 1}, {"Node Type": "Sort", "Parent Relationship": "Inner", "Startup Cost": 497814.14, "Total Cost": 498641.77, "Plan Rows": 331050, "Plan Width": 21, "Actual Startup Time": 798.134, "Actual Total Time": 798.238, "Actual Rows": 669, "Actual Loops": 1, "Sort Key": ["mi.info_type_id"], "Sort Method": "quicksort", "Sort Space Used": 90, "Sort Space Type": "Memory", "Plans": [{"Node Type": "Nested Loop", "Parent Relationship": "Outer", "Join Type": "Inner", "Startup Cost": 0.0, "Total Cost": 467462.34, "Plan Rows": 331050, "Plan Width": 21, "Actual Startup Time": 9.925, "Actual Total Time": 797.707, "Actual Rows": 669, "Actual Loops": 1, "Inner Unique": false, "Plans": [{"Node Type": "Nested Loop", "Parent Relationship": "Outer", "Join Type": "Inner", "Startup Cost": 0.0, "Total Cost": 208944.27, "Plan Rows": 289936, "Plan Width": 25, "Actual Startup Time": 9.902, "Actual Total Time": 768.184, "Actual Rows": 767, "Actual Loops": 1, "Inner Unique": true, "Plans": [{"Node Type": "Nested Loop", "Parent Relationship": "Outer", "Join Type": "Inner", "Startup Cost": 0.0, "Total Cost": 61745.44, "Plan Rows": 209278, "Plan Width": 4, "Actual Startup Time": 9.88, "Actual Total Time": 760.024, "Actual Rows": 798, "Actual Loops": 1, "Inner Unique": false, "Plans": [{"Node Type": "Index Scan", "Parent Relationship": "Outer", "Scan Direction": "Forward", "Index Name": "company_type_pkey", "Relation Name": "company_type", "Alias": "ct", "Startup Cost": 0.0, "Total Cost": 12.3, "Plan Rows": 1, "Plan Width": 4, "Actual Startup Time": 0.009, "Actual Total Time": 0.019, "Actual Rows": 1, "Actual Loops": 1, "Filter": "((kind)::text = 'production companies'::text)", "Rows Removed by Filter": 2}, {"Node Type": "Index Scan", "Parent Relationship": "Inner", "Scan Direction": "Forward", "Index Name": "company_type_id_movie_companies", "Relation Name": "movie_companies", "Alias": "mc", "Startup Cost": 0.0, "Total Cost": 59640.35, "Plan Rows": 209279, "Plan Width": 8, "Actual Startup Time": 9.867, "Actual Total Time": 759.766, "Actual Rows": 798, "Actual Loops": 1, "Index Cond": "(company_type_id = ct.id), (LLVM Optimized, Jit Execute)", "Rows Removed by Index Recheck": 0, "Filter": "(((note)::text !~~ '%(TV)%'::text) AND ((note)::text ~~ '%(USA)%'::text)), (LLVM Optimized, Jit Execute)", "Rows Removed by Filter": 1334085}]}, {"Node Type": "Index Scan", "Parent Relationship": "Inner", "Scan Direction": "Forward", "Index Name": "title_pkey", "Relation Name": "title", "Alias": "t", "Startup Cost": 0.0, "Total Cost": 0.69, "Plan Rows": 1, "Plan Width": 21, "Actual Startup Time": 7.225, "Actual Total Time": 7.225, "Actual Rows": 767, "Actual Loops": 798, "Index Cond": "(id = mc.movie_id)", "Rows Removed by Index Recheck": 0, "Filter": "(production_year > 1990)", "Rows Removed by Filter": 31}]}, {"Node Type": "Index Scan", "Parent Relationship": "Inner", "Scan Direction": "Forward", "Index Name": "movie_id_movie_info", "Relation Name": "movie_info", "Alias": "mi", "Startup Cost": 0.0, "Total Cost": 0.88, "Plan Rows": 1, "Plan Width": 8, "Actual Startup Time": 25.437, "Actual Total Time": 28.768, "Actual Rows": 669, "Actual Loops": 767, "Index Cond": "(movie_id = t.id)", "Rows Removed by Index Recheck": 0, "Filter": "((info)::text = ANY ('{Sweden,Norway,Germany,Denmark,Swedish,Denish,Norwegian,German,USA,American}'::text[]))", "Rows Removed by Filter": 7721}]}]}]}]}, "Triggers": [], "Planner Runtime": 6.484, "Total Runtime": 808.299, "Unique SQL Id": 322094867}}, "(1, 22)": {"explain_plan": {"Plan": {"Node Type": "Aggregate", "Strategy": "Plain", "Startup Cost": 935757.67, "Total Cost": 935757.68, "Plan Rows": 1, "Plan Width": 49, "Plans": [{"Node Type": "Merge Join", "Parent Relationship": "Outer", "Join Type": "Inner", "Startup Cost": 930053.84, "Total Cost": 934930.04, "Plan Rows": 331050, "Plan Width": 17, "Inner Unique": false, "Merge Cond": "(it.id = mi.info_type_id)", "Plans": [{"Node Type": "Sort", "Parent Relationship": "Outer", "Startup Cost": 5.93, "Total Cost": 6.21, "Plan Rows": 112, "Plan Width": 4, "Sort Key": ["it.id"], "Plans": [{"Node Type": "Seq Scan", "Parent Relationship": "Outer", "Relation Name": "info_type", "Alias": "it", "Startup Cost": 0.0, "Total Cost": 2.12, "Plan Rows": 112, "Plan Width": 4}]}, {"Node Type": "Sort", "Parent Relationship": "Inner", "Startup Cost": 929957.81, "Total Cost": 930785.43, "Plan Rows": 331050, "Plan Width": 21, "Sort Key": ["mi.info_type_id"], "Plans": [{"Node Type": "Merge Join", "Parent Relationship": "Outer", "Join Type": "Inner", "Startup Cost": 879894.11, "Total Cost": 899606.0, "Plan Rows": 331050, "Plan Width": 21, "Inner Unique": true, "Merge Cond": "(mi.movie_id = t.id)", "Plans": [{"Node Type": "Merge Join", "Parent Relationship": "Outer", "Join Type": "Inner", "Startup Cost": 632167.07, "Total Cost": 639233.29, "Plan Rows": 238955, "Plan Width": 12, "Inner Unique": false, "Merge Cond": "(mc.movie_id = mi.movie_id)", "Plans": [{"Node Type": "Sort", "Parent Relationship": "Outer", "Startup Cost": 78590.93, "Total Cost": 79114.12, "Plan Rows": 209278, "Plan Width": 4, "Sort Key": ["mc.movie_id"], "Plans": [{"Node Type": "Nested Loop", "Parent Relationship": "Outer", "Join Type": "Inner", "Startup Cost": 0.0, "Total Cost": 60095.92, "Plan Rows": 209278, "Plan Width": 4, "Inner Unique": false, "Join Filter": "(ct.id = mc.company_type_id), (LLVM Optimized)", "Plans": [{"Node Type": "Seq Scan", "Parent Relationship": "Outer", "Relation Name": "company_type", "Alias": "ct", "Startup Cost": 0.0, "Total Cost": 1.04, "Plan Rows": 1, "Plan Width": 4, "Filter": "((kind)::text = 'production companies'::text)"}, {"Node Type": "Seq Scan", "Parent Relationship": "Inner", "Relation Name": "movie_companies", "Alias": "mc", "Startup Cost": 0.0, "Total Cost": 54862.92, "Plan Rows": 418557, "Plan Width": 8, "Filter": "(((note)::text !~~ '%(TV)%'::text) AND ((note)::text ~~ '%(USA)%'::text)), (LLVM Optimized)"}]}]}, {"Node Type": "Sort", "Parent Relationship": "Inner", "Startup Cost": 553576.13, "Total Cost": 555392.07, "Plan Rows": 726375, "Plan Width": 8, "Sort Key": ["mi.movie_id"], "Plans": [{"Node Type": "Seq Scan", "Parent Relationship": "Outer", "Relation Name": "movie_info", "Alias": "mi", "Startup Cost": 0.0, "Total Cost": 482862.23, "Plan Rows": 726375, "Plan Width": 8, "Filter": "((info)::text = ANY ('{Sweden,Norway,Germany,Denmark,Swedish,Denish,Norwegian,German,USA,American}'::text[]))"}]}]}, {"Node Type": "Sort", "Parent Relationship": "Inner", "Startup Cost": 247726.82, "Total Cost": 252098.92, "Plan Rows": 1748840, "Plan Width": 21, "Sort Key": ["t.id"], "Plans": [{"Node Type": "Seq Scan", "Parent Relationship": "Outer", "Relation Name": "title", "Alias": "t", "Startup Cost": 0.0, "Total Cost": 66389.89, "Plan Rows": 1748840, "Plan Width": 21, "Filter": "(production_year > 1990), (LLVM Optimized)"}]}]}]}]}]}, "Unique SQL Id": 322094867}, "explain_analyze_plan": null}, "(1, 23)": {"explain_plan": {"Plan": {"Node Type": "Aggregate", "Strategy": "Plain", "Startup Cost": 1000019247502.85, "Total Cost": 1000019247502.86, "Plan Rows": 1, "Plan Width": 49, "Plans": [{"Node Type": "Nested Loop", "Parent Relationship": "Outer", "Join Type": "Inner", "Startup Cost": 10000000001.66, "Total Cost": 1000019246675.23, "Plan Rows": 331050, "Plan Width": 17, "Inner Unique": true, "Plans": [{"Node Type": "Nested Loop", "Parent Relationship": "Outer", "Join Type": "Inner", "Startup Cost": 10000000001.35, "Total Cost": 1000018211114.89, "Plan Rows": 238955, "Plan Width": 8, "Inner Unique": true, "Plans": [{"Node Type": "Nested Loop", "Parent Relationship": "Outer", "Join Type": "Inner", "Startup Cost": 10000000001.09, "Total Cost": 1000017188325.12, "Plan Rows": 238955, "Plan Width": 12, "Inner Unique": false, "Plans": [{"Node Type": "Nested Loop", "Parent Relationship": "Outer", "Join Type": "Inner", "Startup Cost": 10000000000.26, "Total Cost": 1000016149093.12, "Plan Rows": 209278, "Plan Width": 4, "Inner Unique": true, "Plans": [{"Node Type": "Index Scan", "Parent Relationship": "Outer", "Scan Direction": "Forward", "Index Name": "movie_id_movie_companies", "Relation Name": "movie_companies", "Alias": "mc", "Startup Cost": 10000000000.0, "Total Cost": 1000014356510.13, "Plan Rows": 418557, "Plan Width": 8, "Filter": "(((note)::text !~~ '%(TV)%'::text) AND ((note)::text ~~ '%(USA)%'::text)), (LLVM Optimized)"}, {"Node Type": "Bitmap Heap Scan", "Parent Relationship": "Inner", "Relation Name": "company_type", "Alias": "ct", "Startup Cost": 0.26, "Total Cost": 4.27, "Plan Rows": 1, "Plan Width": 4, "Recheck Cond": "(id = mc.company_type_id)", "Filter": "((kind)::text = 'production companies'::text)", "Plans": [{"Node Type": "Bitmap Index Scan", "Parent Relationship": "Outer", "Index Name": "company_type_pkey", "Startup Cost": 0.0, "Total Cost": 0.26, "Plan Rows": 1, "Plan Width": 0, "Index Cond": "(id = mc.company_type_id)"}]}]}, {"Node Type": "Bitmap Heap Scan", "Parent Relationship": "Inner", "Relation Name": "movie_info", "Alias": "mi", "Startup Cost": 0.83, "Total Cost": 4.96, "Plan Rows": 1, "Plan Width": 8, "Recheck Cond": "(movie_id = mc.movie_id)", "Filter": "((info)::text = ANY ('{Sweden,Norway,Germany,Denmark,Swedish,Denish,Norwegian,German,USA,American}'::text[]))", "Plans": [{"Node Type": "Bitmap Index Scan", "Parent Relationship": "Outer", "Index Name": "movie_id_movie_info", "Startup Cost": 0.0, "Total Cost": 0.83, "Plan Rows": 5, "Plan Width": 0, "Index Cond": "(movie_id = mc.movie_id)"}]}]}, {"Node Type": "Bitmap Heap Scan", "Parent Relationship": "Inner", "Relation Name": "info_type", "Alias": "it", "Startup Cost": 0.26, "Total Cost": 4.27, "Plan Rows": 1, "Plan Width": 4, "Recheck Cond": "(id = mi.info_type_id)", "Plans": [{"Node Type": "Bitmap Index Scan", "Parent Relationship": "Outer", "Index Name": "info_type_pkey", "Startup Cost": 0.0, "Total Cost": 0.26, "Plan Rows": 1, "Plan Width": 0, "Index Cond": "(id = mi.info_type_id)"}]}]}, {"Node Type": "Bitmap Heap Scan", "Parent Relationship": "Inner", "Relation Name": "title", "Alias": "t", "Startup Cost": 0.31, "Total Cost": 4.32, "Plan Rows": 1, "Plan Width": 21, "Recheck Cond": "(id = mi.movie_id)", "Filter": "(production_year > 1990)", "Plans": [{"Node Type": "Bitmap Index Scan", "Parent Relationship": "Outer", "Index Name": "title_pkey", "Startup Cost": 0.0, "Total Cost": 0.31, "Plan Rows": 1, "Plan Width": 0, "Index Cond": "(id = mi.movie_id)"}]}]}]}, "Unique SQL Id": 322094867}, "explain_analyze_plan": {"Plan": {"Node Type": "Aggregate", "Strategy": "Plain", "Startup Cost": 1000019247502.85, "Total Cost": 1000019247502.86, "Plan Rows": 1, "Plan Width": 49, "Actual Startup Time": 2983.243, "Actual Total Time": 2983.244, "Actual Rows": 1, "Actual Loops": 1, "Plans": [{"Node Type": "Nested Loop", "Parent Relationship": "Outer", "Join Type": "Inner", "Startup Cost": 10000000001.66, "Total Cost": 1000019246675.23, "Plan Rows": 331050, "Plan Width": 17, "Actual Startup Time": 32.619, "Actual Total Time": 2982.151, "Actual Rows": 669, "Actual Loops": 1, "Inner Unique": true, "Plans": [{"Node Type": "Nested Loop", "Parent Relationship": "Outer", "Join Type": "Inner", "Startup Cost": 10000000001.35, "Total Cost": 1000018211114.89, "Plan Rows": 238955, "Plan Width": 8, "Actual Startup Time": 32.603, "Actual Total Time": 2974.089, "Actual Rows": 691, "Actual Loops": 1, "Inner Unique": true, "Plans": [{"Node Type": "Nested Loop", "Parent Relationship": "Outer", "Join Type": "Inner", "Startup Cost": 10000000001.09, "Total Cost": 1000017188325.12, "Plan Rows": 238955, "Plan Width": 12, "Actual Startup Time": 32.594, "Actual Total Time": 2969.962, "Actual Rows": 691, "Actual Loops": 1, "Inner Unique": false, "Plans": [{"Node Type": "Nested Loop", "Parent Relationship": "Outer", "Join Type": "Inner", "Startup Cost": 10000000000.26, "Total Cost": 1000016149093.12, "Plan Rows": 209278, "Plan Width": 4, "Actual Startup Time": 32.553, "Actual Total Time": 2937.753, "Actual Rows": 798, "Actual Loops": 1, "Inner Unique": true, "Plans": [{"Node Type": "Index Scan", "Parent Relationship": "Outer", "Scan Direction": "Forward", "Index Name": "movie_id_movie_companies", "Relation Name": "movie_companies", "Alias": "mc", "Startup Cost": 10000000000.0, "Total Cost": 1000014356510.13, "Plan Rows": 418557, "Plan Width": 8, "Actual Startup Time": 0.054, "Actual Total Time": 2285.125, "Actual Rows": 295628, "Actual Loops": 1, "Filter": "(((note)::text !~~ '%(TV)%'::text) AND ((note)::text ~~ '%(USA)%'::text)), (LLVM Optimized, Jit Execute)", "Rows Removed by Filter": 2313500}, {"Node Type": "Bitmap Heap Scan", "Parent Relationship": "Inner", "Relation Name": "company_type", "Alias": "ct", "Startup Cost": 0.26, "Total Cost": 4.27, "Plan Rows": 1, "Plan Width": 4, "Actual Startup Time": 341.416, "Actual Total Time": 341.416, "Actual Rows": 798, "Actual Loops": 295628, "Recheck Cond": "(id = mc.company_type_id)", "Rows Removed by Index Recheck": 0, "Filter": "((kind)::text = 'production companies'::text)", "Rows Removed by Filter": 0, "Exact Heap Blocks": 798, "Lossy Heap Blocks": 798, "Plans": [{"Node Type": "Bitmap Index Scan", "Parent Relationship": "Outer", "Index Name": "company_type_pkey", "Startup Cost": 0.0, "Total Cost": 0.26, "Plan Rows": 1, "Plan Width": 0, "Actual Startup Time": 205.492, "Actual Total Time": 205.492, "Actual Rows": 798, "Actual Loops": 295628, "Index Cond": "(id = mc.company_type_id)"}]}]}, {"Node Type": "Bitmap Heap Scan", "Parent Relationship": "Inner", "Relation Name": "movie_info", "Alias": "mi", "Startup Cost": 0.83, "Total Cost": 4.96, "Plan Rows": 1, "Plan Width": 8, "Actual Startup Time": 27.613, "Actual Total Time": 30.269, "Actual Rows": 691, "Actual Loops": 798, "Recheck Cond": "(movie_id = mc.movie_id)", "Rows Removed by Index Recheck": 0, "Filter": "((info)::text = ANY ('{Sweden,Norway,Germany,Denmark,Swedish,Denish,Norwegian,German,USA,American}'::text[]))", "Rows Removed by Filter": 7906, "Exact Heap Blocks": 6397, "Lossy Heap Blocks": 6397, "Plans": [{"Node Type": "Bitmap Index Scan", "Parent Relationship": "Outer", "Index Name": "movie_id_movie_info", "Startup Cost": 0.0, "Total Cost": 0.83, "Plan Rows": 5, "Plan Width": 0, "Actual Startup Time": 6.949, "Actual Total Time": 6.949, "Actual Rows": 8597, "Actual Loops": 798, "Index Cond": "(movie_id = mc.movie_id)"}]}]}, {"Node Type": "Bitmap Heap Scan", "Parent Relationship": "Inner", "Relation Name": "info_type", "Alias": "it", "Startup Cost": 0.26, "Total Cost": 4.27, "Plan Rows": 1, "Plan Width": 4, "Actual Startup Time": 2.573, "Actual Total Time": 2.573, "Actual Rows": 691, "Actual Loops": 691, "Recheck Cond": "(id = mi.info_type_id)", "Rows Removed by Index Recheck": 0, "Exact Heap Blocks": 691, "Lossy Heap Blocks": 691, "Plans": [{"Node Type": "Bitmap Index Scan", "Parent Relationship": "Outer", "Index Name": "info_type_pkey", "Startup Cost": 0.0, "Total Cost": 0.26, "Plan Rows": 1, "Plan Width": 0, "Actual Startup Time": 1.179, "Actual Total Time": 1.179, "Actual Rows": 691, "Actual Loops": 691, "Index Cond": "(id = mi.info_type_id)"}]}]}, {"Node Type": "Bitmap Heap Scan", "Parent Relationship": "Inner", "Relation Name": "title", "Alias": "t", "Startup Cost": 0.31, "Total Cost": 4.32, "Plan Rows": 1, "Plan Width": 21, "Actual Startup Time": 6.58, "Actual Total Time": 6.58, "Actual Rows": 669, "Actual Loops": 691, "Recheck Cond": "(id = mi.movie_id)", "Rows Removed by Index Recheck": 0, "Filter": "(production_year > 1990)", "Rows Removed by Filter": 22, "Exact Heap Blocks": 691, "Lossy Heap Blocks": 691, "Plans": [{"Node Type": "Bitmap Index Scan", "Parent Relationship": "Outer", "Index Name": "title_pkey", "Startup Cost": 0.0, "Total Cost": 0.31, "Plan Rows": 1, "Plan Width": 0, "Actual Startup Time": 3.813, "Actual Total Time": 3.813, "Actual Rows": 691, "Actual Loops": 691, "Index Cond": "(id = mi.movie_id)"}]}]}]}, "Triggers": [], "Planner Runtime": 4.896, "Total Runtime": 2992.474, "Unique SQL Id": 322094867}}, "(1, 24)": {"explain_plan": {"Plan": {"Node Type": "Aggregate", "Strategy": "Plain", "Startup Cost": 501960.35, "Total Cost": 501960.36, "Plan Rows": 1, "Plan Width": 49, "Plans": [{"Node Type": "Merge Join", "Parent Relationship": "Outer", "Join Type": "Inner", "Startup Cost": 496254.72, "Total Cost": 501132.73, "Plan Rows": 331050, "Plan Width": 17, "Inner Unique": false, "Merge Cond": "(it.id = mi.info_type_id)", "Plans": [{"Node Type": "Index Only Scan", "Parent Relationship": "Outer", "Scan Direction": "Forward", "Index Name": "info_type_pkey", "Relation Name": "info_type", "Alias": "it", "Startup Cost": 0.0, "Total Cost": 2.12, "Plan Rows": 112, "Plan Width": 4}, {"Node Type": "Sort", "Parent Relationship": "Inner", "Startup Cost": 496164.62, "Total Cost": 496992.25, "Plan Rows": 331050, "Plan Width": 21, "Sort Key": ["mi.info_type_id"], "Plans": [{"Node Type": "Nested Loop", "Parent Relationship": "Outer", "Join Type": "Inner", "Startup Cost": 0.0, "Total Cost": 465812.82, "Plan Rows": 331050, "Plan Width": 21, "Inner Unique": false, "Plans": [{"Node Type": "Nested Loop", "Parent Relationship": "Outer", "Join Type": "Inner", "Startup Cost": 0.0, "Total Cost": 207294.74, "Plan Rows": 289936, "Plan Width": 25, "Inner Unique": true, "Plans": [{"Node Type": "Nested Loop", "Parent Relationship": "Outer", "Join Type": "Inner", "Startup Cost": 0.0, "Total Cost": 60095.92, "Plan Rows": 209278, "Plan Width": 4, "Inner Unique": false, "Join Filter": "(ct.id = mc.company_type_id), (LLVM Optimized)", "Plans": [{"Node Type": "Seq Scan", "Parent Relationship": "Outer", "Relation Name": "company_type", "Alias": "ct", "Startup Cost": 0.0, "Total Cost": 1.04, "Plan Rows": 1, "Plan Width": 4, "Filter": "((kind)::text = 'production companies'::text)"}, {"Node Type": "Seq Scan", "Parent Relationship": "Inner", "Relation Name": "movie_companies", "Alias": "mc", "Startup Cost": 0.0, "Total Cost": 54862.92, "Plan Rows": 418557, "Plan Width": 8, "Filter": "(((note)::text !~~ '%(TV)%'::text) AND ((note)::text ~~ '%(USA)%'::text)), (LLVM Optimized)"}]}, {"Node Type": "Index Scan", "Parent Relationship": "Inner", "Scan Direction": "Forward", "Index Name": "title_pkey", "Relation Name": "title", "Alias": "t", "Startup Cost": 0.0, "Total Cost": 0.69, "Plan Rows": 1, "Plan Width": 21, "Index Cond": "(id = mc.movie_id)", "Filter": "(production_year > 1990)"}]}, {"Node Type": "Index Scan", "Parent Relationship": "Inner", "Scan Direction": "Forward", "Index Name": "movie_id_movie_info", "Relation Name": "movie_info", "Alias": "mi", "Startup Cost": 0.0, "Total Cost": 0.88, "Plan Rows": 1, "Plan Width": 8, "Index Cond": "(movie_id = t.id)", "Filter": "((info)::text = ANY ('{Sweden,Norway,Germany,Denmark,Swedish,Denish,Norwegian,German,USA,American}'::text[]))"}]}]}]}]}, "Unique SQL Id": 322094867}, "explain_analyze_plan": {"Plan": {"Node Type": "Aggregate", "Strategy": "Plain", "Startup Cost": 501960.35, "Total Cost": 501960.36, "Plan Rows": 1, "Plan Width": 49, "Actual Startup Time": 1319.352, "Actual Total Time": 1319.353, "Actual Rows": 1, "Actual Loops": 1, "Plans": [{"Node Type": "Merge Join", "Parent Relationship": "Outer", "Join Type": "Inner", "Startup Cost": 496254.72, "Total Cost": 501132.73, "Plan Rows": 331050, "Plan Width": 17, "Actual Startup Time": 1318.874, "Actual Total Time": 1319.123, "Actual Rows": 669, "Actual Loops": 1, "Inner Unique": false, "Merge Cond": "(it.id = mi.info_type_id)", "Plans": [{"Node Type": "Index Only Scan", "Parent Relationship": "Outer", "Scan Direction": "Forward", "Index Name": "info_type_pkey", "Relation Name": "info_type", "Alias": "it", "Startup Cost": 0.0, "Total Cost": 2.12, "Plan Rows": 112, "Plan Width": 4, "Actual Startup Time": 0.012, "Actual Total Time": 0.027, "Actual Rows": 18, "Actual Loops": 1, "Heap Fetches": 0}, {"Node Type": "Sort", "Parent Relationship": "Inner", "Startup Cost": 496164.62, "Total Cost": 496992.25, "Plan Rows": 331050, "Plan Width": 21, "Actual Startup Time": 1318.838, "Actual Total Time": 1318.917, "Actual Rows": 669, "Actual Loops": 1, "Sort Key": ["mi.info_type_id"], "Sort Method": "quicksort", "Sort Space Used": 90, "Sort Space Type": "Memory", "Plans": [{"Node Type": "Nested Loop", "Parent Relationship": "Outer", "Join Type": "Inner", "Startup Cost": 0.0, "Total Cost": 465812.82, "Plan Rows": 331050, "Plan Width": 21, "Actual Startup Time": 930.586, "Actual Total Time": 1318.389, "Actual Rows": 669, "Actual Loops": 1, "Inner Unique": false, "Plans": [{"Node Type": "Nested Loop", "Parent Relationship": "Outer", "Join Type": "Inner", "Startup Cost": 0.0, "Total Cost": 207294.74, "Plan Rows": 289936, "Plan Width": 25, "Actual Startup Time": 930.531, "Actual Total Time": 1289.632, "Actual Rows": 767, "Actual Loops": 1, "Inner Unique": true, "Plans": [{"Node Type": "Nested Loop", "Parent Relationship": "Outer", "Join Type": "Inner", "Startup Cost": 0.0, "Total Cost": 60095.92, "Plan Rows": 209278, "Plan Width": 4, "Actual Startup Time": 930.375, "Actual Total Time": 1281.585, "Actual Rows": 798, "Actual Loops": 1, "Inner Unique": false, "Join Filter": "(ct.id = mc.company_type_id), (LLVM Optimized, Jit Execute)", "Rows Removed by Join Filter": 294830, "Plans": [{"Node Type": "Seq Scan", "Parent Relationship": "Outer", "Relation Name": "company_type", "Alias": "ct", "Startup Cost": 0.0, "Total Cost": 1.04, "Plan Rows": 1, "Plan Width": 4, "Actual Startup Time": 0.014, "Actual Total Time": 0.02, "Actual Rows": 1, "Actual Loops": 1, "Filter": "((kind)::text = 'production companies'::text)", "Rows Removed by Filter": 2}, {"Node Type": "Seq Scan", "Parent Relationship": "Inner", "Relation Name": "movie_companies", "Alias": "mc", "Startup Cost": 0.0, "Total Cost": 54862.92, "Plan Rows": 418557, "Plan Width": 8, "Actual Startup Time": 0.028, "Actual Total Time": 1217.426, "Actual Rows": 295628, "Actual Loops": 1, "Filter": "(((note)::text !~~ '%(TV)%'::text) AND ((note)::text ~~ '%(USA)%'::text)), (LLVM Optimized, Jit Execute)", "Rows Removed by Filter": 2313500}]}, {"Node Type": "Index Scan", "Parent Relationship": "Inner", "Scan Direction": "Forward", "Index Name": "title_pkey", "Relation Name": "title", "Alias": "t", "Startup Cost": 0.0, "Total Cost": 0.69, "Plan Rows": 1, "Plan Width": 21, "Actual Startup Time": 7.136, "Actual Total Time": 7.136, "Actual Rows": 767, "Actual Loops": 798, "Index Cond": "(id = mc.movie_id)", "Rows Removed by Index Recheck": 0, "Filter": "(production_year > 1990)", "Rows Removed by Filter": 31}]}, {"Node Type": "Index Scan", "Parent Relationship": "Inner", "Scan Direction": "Forward", "Index Name": "movie_id_movie_info", "Relation Name": "movie_info", "Alias": "mi", "Startup Cost": 0.0, "Total Cost": 0.88, "Plan Rows": 1, "Plan Width": 8, "Actual Startup Time": 24.818, "Actual Total Time": 28.049, "Actual Rows": 669, "Actual Loops": 767, "Index Cond": "(movie_id = t.id)", "Rows Removed by Index Recheck": 0, "Filter": "((info)::text = ANY ('{Sweden,Norway,Germany,Denmark,Swedish,Denish,Norwegian,German,USA,American}'::text[]))", "Rows Removed by Filter": 7721}]}]}]}]}, "Triggers": [], "Planner Runtime": 7.548, "Total Runtime": 1328.847, "Unique SQL Id": 322094867}}, "(1, 25)": {"explain_plan": {"Plan": {"Node Type": "Aggregate", "Strategy": "Plain", "Startup Cost": 503617.55, "Total Cost": 503617.56, "Plan Rows": 1, "Plan Width": 49, "Plans": [{"Node Type": "Merge Join", "Parent Relationship": "Outer", "Join Type": "Inner", "Startup Cost": 497904.24, "Total Cost": 502789.92, "Plan Rows": 331050, "Plan Width": 17, "Inner Unique": false, "Merge Cond": "(it.id = mi.info_type_id)", "Plans": [{"Node Type": "Index Only Scan", "Parent Relationship": "Outer", "Scan Direction": "Forward", "Index Name": "info_type_pkey", "Relation Name": "info_type", "Alias": "it", "Startup Cost": 0.0, "Total Cost": 9.93, "Plan Rows": 112, "Plan Width": 4}, {"Node Type": "Sort", "Parent Relationship": "Inner", "Startup Cost": 497814.14, "Total Cost": 498641.77, "Plan Rows": 331050, "Plan Width": 21, "Sort Key": ["mi.info_type_id"], "Plans": [{"Node Type": "Nested Loop", "Parent Relationship": "Outer", "Join Type": "Inner", "Startup Cost": 0.0, "Total Cost": 467462.34, "Plan Rows": 331050, "Plan Width": 21, "Inner Unique": false, "Plans": [{"Node Type": "Nested Loop", "Parent Relationship": "Outer", "Join Type": "Inner", "Startup Cost": 0.0, "Total Cost": 208944.27, "Plan Rows": 289936, "Plan Width": 25, "Inner Unique": true, "Plans": [{"Node Type": "Nested Loop", "Parent Relationship": "Outer", "Join Type": "Inner", "Startup Cost": 0.0, "Total Cost": 61745.44, "Plan Rows": 209278, "Plan Width": 4, "Inner Unique": false, "Plans": [{"Node Type": "Index Scan", "Parent Relationship": "Outer", "Scan Direction": "Forward", "Index Name": "company_type_pkey", "Relation Name": "company_type", "Alias": "ct", "Startup Cost": 0.0, "Total Cost": 12.3, "Plan Rows": 1, "Plan Width": 4, "Filter": "((kind)::text = 'production companies'::text)"}, {"Node Type": "Index Scan", "Parent Relationship": "Inner", "Scan Direction": "Forward", "Index Name": "company_type_id_movie_companies", "Relation Name": "movie_companies", "Alias": "mc", "Startup Cost": 0.0, "Total Cost": 59640.35, "Plan Rows": 209279, "Plan Width": 8, "Index Cond": "(company_type_id = ct.id), (LLVM Optimized)", "Filter": "(((note)::text !~~ '%(TV)%'::text) AND ((note)::text ~~ '%(USA)%'::text)), (LLVM Optimized)"}]}, {"Node Type": "Index Scan", "Parent Relationship": "Inner", "Scan Direction": "Forward", "Index Name": "title_pkey", "Relation Name": "title", "Alias": "t", "Startup Cost": 0.0, "Total Cost": 0.69, "Plan Rows": 1, "Plan Width": 21, "Index Cond": "(id = mc.movie_id)", "Filter": "(production_year > 1990)"}]}, {"Node Type": "Index Scan", "Parent Relationship": "Inner", "Scan Direction": "Forward", "Index Name": "movie_id_movie_info", "Relation Name": "movie_info", "Alias": "mi", "Startup Cost": 0.0, "Total Cost": 0.88, "Plan Rows": 1, "Plan Width": 8, "Index Cond": "(movie_id = t.id)", "Filter": "((info)::text = ANY ('{Sweden,Norway,Germany,Denmark,Swedish,Denish,Norwegian,German,USA,American}'::text[]))"}]}]}]}]}, "Unique SQL Id": 322094867}, "explain_analyze_plan": {"Plan": {"Node Type": "Aggregate", "Strategy": "Plain", "Startup Cost": 503617.55, "Total Cost": 503617.56, "Plan Rows": 1, "Plan Width": 49, "Actual Startup Time": 806.542, "Actual Total Time": 806.542, "Actual Rows": 1, "Actual Loops": 1, "Plans": [{"Node Type": "Merge Join", "Parent Relationship": "Outer", "Join Type": "Inner", "Startup Cost": 497904.24, "Total Cost": 502789.92, "Plan Rows": 331050, "Plan Width": 17, "Actual Startup Time": 806.067, "Actual Total Time": 806.325, "Actual Rows": 669, "Actual Loops": 1, "Inner Unique": false, "Merge Cond": "(it.id = mi.info_type_id)", "Plans": [{"Node Type": "Index Only Scan", "Parent Relationship": "Outer", "Scan Direction": "Forward", "Index Name": "info_type_pkey", "Relation Name": "info_type", "Alias": "it", "Startup Cost": 0.0, "Total Cost": 9.93, "Plan Rows": 112, "Plan Width": 4, "Actual Startup Time": 0.015, "Actual Total Time": 0.021, "Actual Rows": 18, "Actual Loops": 1, "Heap Fetches": 0}, {"Node Type": "Sort", "Parent Relationship": "Inner", "Startup Cost": 497814.14, "Total Cost": 498641.77, "Plan Rows": 331050, "Plan Width": 21, "Actual Startup Time": 806.037, "Actual Total Time": 806.122, "Actual Rows": 669, "Actual Loops": 1, "Sort Key": ["mi.info_type_id"], "Sort Method": "quicksort", "Sort Space Used": 90, "Sort Space Type": "Memory", "Plans": [{"Node Type": "Nested Loop", "Parent Relationship": "Outer", "Join Type": "Inner", "Startup Cost": 0.0, "Total Cost": 467462.34, "Plan Rows": 331050, "Plan Width": 21, "Actual Startup Time": 10.032, "Actual Total Time": 805.62, "Actual Rows": 669, "Actual Loops": 1, "Inner Unique": false, "Plans": [{"Node Type": "Nested Loop", "Parent Relationship": "Outer", "Join Type": "Inner", "Startup Cost": 0.0, "Total Cost": 208944.27, "Plan Rows": 289936, "Plan Width": 25, "Actual Startup Time": 10.002, "Actual Total Time": 777.234, "Actual Rows": 767, "Actual Loops": 1, "Inner Unique": true, "Plans": [{"Node Type": "Nested Loop", "Parent Relationship": "Outer", "Join Type": "Inner", "Startup Cost": 0.0, "Total Cost": 61745.44, "Plan Rows": 209278, "Plan Width": 4, "Actual Startup Time": 9.972, "Actual Total Time": 769.432, "Actual Rows": 798, "Actual Loops": 1, "Inner Unique": false, "Plans": [{"Node Type": "Index Scan", "Parent Relationship": "Outer", "Scan Direction": "Forward", "Index Name": "company_type_pkey", "Relation Name": "company_type", "Alias": "ct", "Startup Cost": 0.0, "Total Cost": 12.3, "Plan Rows": 1, "Plan Width": 4, "Actual Startup Time": 0.019, "Actual Total Time": 0.028, "Actual Rows": 1, "Actual Loops": 1, "Filter": "((kind)::text = 'production companies'::text)", "Rows Removed by Filter": 2}, {"Node Type": "Index Scan", "Parent Relationship": "Inner", "Scan Direction": "Forward", "Index Name": "company_type_id_movie_companies", "Relation Name": "movie_companies", "Alias": "mc", "Startup Cost": 0.0, "Total Cost": 59640.35, "Plan Rows": 209279, "Plan Width": 8, "Actual Startup Time": 9.947, "Actual Total Time": 769.189, "Actual Rows": 798, "Actual Loops": 1, "Index Cond": "(company_type_id = ct.id), (LLVM Optimized, Jit Execute)", "Rows Removed by Index Recheck": 0, "Filter": "(((note)::text !~~ '%(TV)%'::text) AND ((note)::text ~~ '%(USA)%'::text)), (LLVM Optimized, Jit Execute)", "Rows Removed by Filter": 1334085}]}, {"Node Type": "Index Scan", "Parent Relationship": "Inner", "Scan Direction": "Forward", "Index Name": "title_pkey", "Relation Name": "title", "Alias": "t", "Startup Cost": 0.0, "Total Cost": 0.69, "Plan Rows": 1, "Plan Width": 21, "Actual Startup Time": 6.951, "Actual Total Time": 6.951, "Actual Rows": 767, "Actual Loops": 798, "Index Cond": "(id = mc.movie_id)", "Rows Removed by Index Recheck": 0, "Filter": "(production_year > 1990)", "Rows Removed by Filter": 31}]}, {"Node Type": "Index Scan", "Parent Relationship": "Inner", "Scan Direction": "Forward", "Index Name": "movie_id_movie_info", "Relation Name": "movie_info", "Alias": "mi", "Startup Cost": 0.0, "Total Cost": 0.88, "Plan Rows": 1, "Plan Width": 8, "Actual Startup Time": 24.471, "Actual Total Time": 27.673, "Actual Rows": 669, "Actual Loops": 767, "Index Cond": "(movie_id = t.id)", "Rows Removed by Index Recheck": 0, "Filter": "((info)::text = ANY ('{Sweden,Norway,Germany,Denmark,Swedish,Denish,Norwegian,German,USA,American}'::text[]))", "Rows Removed by Filter": 7721}]}]}]}]}, "Triggers": [], "Planner Runtime": 6.541, "Total Runtime": 816.125, "Unique SQL Id": 322094867}}, "(1, 26)": {"explain_plan": {"Plan": {"Node Type": "Aggregate", "Strategy": "Plain", "Startup Cost": 935757.67, "Total Cost": 935757.68, "Plan Rows": 1, "Plan Width": 49, "Plans": [{"Node Type": "Merge Join", "Parent Relationship": "Outer", "Join Type": "Inner", "Startup Cost": 930053.84, "Total Cost": 934930.04, "Plan Rows": 331050, "Plan Width": 17, "Inner Unique": false, "Merge Cond": "(it.id = mi.info_type_id)", "Plans": [{"Node Type": "Sort", "Parent Relationship": "Outer", "Startup Cost": 5.93, "Total Cost": 6.21, "Plan Rows": 112, "Plan Width": 4, "Sort Key": ["it.id"], "Plans": [{"Node Type": "Seq Scan", "Parent Relationship": "Outer", "Relation Name": "info_type", "Alias": "it", "Startup Cost": 0.0, "Total Cost": 2.12, "Plan Rows": 112, "Plan Width": 4}]}, {"Node Type": "Sort", "Parent Relationship": "Inner", "Startup Cost": 929957.81, "Total Cost": 930785.43, "Plan Rows": 331050, "Plan Width": 21, "Sort Key": ["mi.info_type_id"], "Plans": [{"Node Type": "Merge Join", "Parent Relationship": "Outer", "Join Type": "Inner", "Startup Cost": 879894.11, "Total Cost": 899606.0, "Plan Rows": 331050, "Plan Width": 21, "Inner Unique": true, "Merge Cond": "(mi.movie_id = t.id)", "Plans": [{"Node Type": "Merge Join", "Parent Relationship": "Outer", "Join Type": "Inner", "Startup Cost": 632167.07, "Total Cost": 639233.29, "Plan Rows": 238955, "Plan Width": 12, "Inner Unique": false, "Merge Cond": "(mc.movie_id = mi.movie_id)", "Plans": [{"Node Type": "Sort", "Parent Relationship": "Outer", "Startup Cost": 78590.93, "Total Cost": 79114.12, "Plan Rows": 209278, "Plan Width": 4, "Sort Key": ["mc.movie_id"], "Plans": [{"Node Type": "Nested Loop", "Parent Relationship": "Outer", "Join Type": "Inner", "Startup Cost": 0.0, "Total Cost": 60095.92, "Plan Rows": 209278, "Plan Width": 4, "Inner Unique": false, "Join Filter": "(ct.id = mc.company_type_id), (LLVM Optimized)", "Plans": [{"Node Type": "Seq Scan", "Parent Relationship": "Outer", "Relation Name": "company_type", "Alias": "ct", "Startup Cost": 0.0, "Total Cost": 1.04, "Plan Rows": 1, "Plan Width": 4, "Filter": "((kind)::text = 'production companies'::text)"}, {"Node Type": "Seq Scan", "Parent Relationship": "Inner", "Relation Name": "movie_companies", "Alias": "mc", "Startup Cost": 0.0, "Total Cost": 54862.92, "Plan Rows": 418557, "Plan Width": 8, "Filter": "(((note)::text !~~ '%(TV)%'::text) AND ((note)::text ~~ '%(USA)%'::text)), (LLVM Optimized)"}]}]}, {"Node Type": "Sort", "Parent Relationship": "Inner", "Startup Cost": 553576.13, "Total Cost": 555392.07, "Plan Rows": 726375, "Plan Width": 8, "Sort Key": ["mi.movie_id"], "Plans": [{"Node Type": "Seq Scan", "Parent Relationship": "Outer", "Relation Name": "movie_info", "Alias": "mi", "Startup Cost": 0.0, "Total Cost": 482862.23, "Plan Rows": 726375, "Plan Width": 8, "Filter": "((info)::text = ANY ('{Sweden,Norway,Germany,Denmark,Swedish,Denish,Norwegian,German,USA,American}'::text[]))"}]}]}, {"Node Type": "Sort", "Parent Relationship": "Inner", "Startup Cost": 247726.82, "Total Cost": 252098.92, "Plan Rows": 1748840, "Plan Width": 21, "Sort Key": ["t.id"], "Plans": [{"Node Type": "Seq Scan", "Parent Relationship": "Outer", "Relation Name": "title", "Alias": "t", "Startup Cost": 0.0, "Total Cost": 66389.89, "Plan Rows": 1748840, "Plan Width": 21, "Filter": "(production_year > 1990), (LLVM Optimized)"}]}]}]}]}]}, "Unique SQL Id": 322094867}, "explain_analyze_plan": null}, "(1, 27)": {"explain_plan": {"Plan": {"Node Type": "Aggregate", "Strategy": "Plain", "Startup Cost": 5001727514355.89, "Total Cost": 5001727514355.9, "Plan Rows": 1, "Plan Width": 49, "Plans": [{"Node Type": "Merge Join", "Parent Relationship": "Outer", "Join Type": "Inner", "Startup Cost": 50024908232.05, "Total Cost": 5001727513528.26, "Plan Rows": 331050, "Plan Width": 17, "Inner Unique": true, "Merge Cond": "(mi.movie_id = t.id)", "Plans": [{"Node Type": "Nested Loop", "Parent Relationship": "Outer", "Join Type": "Inner", "Startup Cost": 40000000000.0, "Total Cost": 4002417254292.22, "Plan Rows": 238955, "Plan Width": 8, "Inner Unique": true, "Join Filter": "(mi.info_type_id = it.id), (LLVM Optimized)", "Plans": [{"Node Type": "Nested Loop", "Parent Relationship": "Outer", "Join Type": "Inner", "Startup Cost": 30000000000.0, "Total Cost": 3002416851854.54, "Plan Rows": 238955, "Plan Width": 12, "Inner Unique": false, "Join Filter": "(mc.movie_id = mi.movie_id), (LLVM Optimized)", "Plans": [{"Node Type": "Nested Loop", "Parent Relationship": "Outer", "Join Type": "Inner", "Startup Cost": 20000000000.0, "Total Cost": 2000014364018.74, "Plan Rows": 209278, "Plan Width": 4, "Inner Unique": true, "Join Filter": "(ct.id = mc.company_type_id), (LLVM Optimized)", "Plans": [{"Node Type": "Index Scan", "Parent Relationship": "Outer", "Scan Direction": "Forward", "Index Name": "movie_id_movie_companies", "Relation Name": "movie_companies", "Alias": "mc", "Startup Cost": 10000000000.0, "Total Cost": 1000014356510.13, "Plan Rows": 418557, "Plan Width": 8, "Filter": "(((note)::text !~~ '%(TV)%'::text) AND ((note)::text ~~ '%(USA)%'::text)), (LLVM Optimized)"}, {"Node Type": "Materialize", "Parent Relationship": "Inner", "Startup Cost": 10000000000.0, "Total Cost": 1000000001230.26, "Plan Rows": 1, "Plan Width": 4, "Plans": [{"Node Type": "Index Scan", "Parent Relationship": "Outer", "Scan Direction": "Forward", "Index Name": "company_type_pkey", "Relation Name": "company_type", "Alias": "ct", "Startup Cost": 10000000000.0, "Total Cost": 1000000001230.25, "Plan Rows": 1, "Plan Width": 4, "Filter": "((kind)::text = 'production companies'::text)"}]}]}, {"Node Type": "Materialize", "Parent Relationship": "Inner", "Startup Cost": 10000000000.0, "Total Cost": 1000122275042.99, "Plan Rows": 726375, "Plan Width": 8, "Plans": [{"Node Type": "Index Scan", "Parent Relationship": "Outer", "Scan Direction": "Forward", "Index Name": "info_type_id_movie_info", "Relation Name": "movie_info", "Alias": "mi", "Startup Cost": 10000000000.0, "Total Cost": 1000122271411.12, "Plan Rows": 726375, "Plan Width": 8, "Filter": "((info)::text = ANY ('{Sweden,Norway,Germany,Denmark,Swedish,Denish,Norwegian,German,USA,American}'::text[]))"}]}]}, {"Node Type": "Materialize", "Parent Relationship": "Inner", "Startup Cost": 10000000000.0, "Total Cost": 1000000000993.56, "Plan Rows": 112, "Plan Width": 4, "Plans": [{"Node Type": "Index Only Scan", "Parent Relationship": "Outer", "Scan Direction": "Forward", "Index Name": "info_type_pkey", "Relation Name": "info_type", "Alias": "it", "Startup Cost": 10000000000.0, "Total Cost": 1000000000993.0, "Plan Rows": 112, "Plan Width": 4}]}]}, {"Node Type": "Index Scan", "Parent Relationship": "Inner", "Scan Direction": "Forward", "Index Name": "title_pkey", "Relation Name": "title", "Alias": "t", "Startup Cost": 10000000000.0, "Total Cost": 1000011644126.66, "Plan Rows": 1748840, "Plan Width": 21, "Filter": "(production_year > 1990), (LLVM Optimized)"}]}]}, "Unique SQL Id": 322094867}, "explain_analyze_plan": null}, "(1, 28)": {"explain_plan": {"Plan": {"Node Type": "Aggregate", "Strategy": "Plain", "Startup Cost": 501964.48, "Total Cost": 501964.49, "Plan Rows": 1, "Plan Width": 49, "Plans": [{"Node Type": "Merge Join", "Parent Relationship": "Outer", "Join Type": "Inner", "Startup Cost": 496260.65, "Total Cost": 501136.85, "Plan Rows": 331050, "Plan Width": 17, "Inner Unique": false, "Merge Cond": "(it.id = mi.info_type_id)", "Plans": [{"Node Type": "Sort", "Parent Relationship": "Outer", "Startup Cost": 5.93, "Total Cost": 6.21, "Plan Rows": 112, "Plan Width": 4, "Sort Key": ["it.id"], "Plans": [{"Node Type": "Seq Scan", "Parent Relationship": "Outer", "Relation Name": "info_type", "Alias": "it", "Startup Cost": 0.0, "Total Cost": 2.12, "Plan Rows": 112, "Plan Width": 4}]}, {"Node Type": "Sort", "Parent Relationship": "Inner", "Startup Cost": 496164.62, "Total Cost": 496992.25, "Plan Rows": 331050, "Plan Width": 21, "Sort Key": ["mi.info_type_id"], "Plans": [{"Node Type": "Nested Loop", "Parent Relationship": "Outer", "Join Type": "Inner", "Startup Cost": 0.0, "Total Cost": 465812.82, "Plan Rows": 331050, "Plan Width": 21, "Inner Unique": false, "Plans": [{"Node Type": "Nested Loop", "Parent Relationship": "Outer", "Join Type": "Inner", "Startup Cost": 0.0, "Total Cost": 207294.74, "Plan Rows": 289936, "Plan Width": 25, "Inner Unique": true, "Plans": [{"Node Type": "Nested Loop", "Parent Relationship": "Outer", "Join Type": "Inner", "Startup Cost": 0.0, "Total Cost": 60095.92, "Plan Rows": 209278, "Plan Width": 4, "Inner Unique": false, "Join Filter": "(ct.id = mc.company_type_id), (LLVM Optimized)", "Plans": [{"Node Type": "Seq Scan", "Parent Relationship": "Outer", "Relation Name": "company_type", "Alias": "ct", "Startup Cost": 0.0, "Total Cost": 1.04, "Plan Rows": 1, "Plan Width": 4, "Filter": "((kind)::text = 'production companies'::text)"}, {"Node Type": "Seq Scan", "Parent Relationship": "Inner", "Relation Name": "movie_companies", "Alias": "mc", "Startup Cost": 0.0, "Total Cost": 54862.92, "Plan Rows": 418557, "Plan Width": 8, "Filter": "(((note)::text !~~ '%(TV)%'::text) AND ((note)::text ~~ '%(USA)%'::text)), (LLVM Optimized)"}]}, {"Node Type": "Index Scan", "Parent Relationship": "Inner", "Scan Direction": "Forward", "Index Name": "title_pkey", "Relation Name": "title", "Alias": "t", "Startup Cost": 0.0, "Total Cost": 0.69, "Plan Rows": 1, "Plan Width": 21, "Index Cond": "(id = mc.movie_id)", "Filter": "(production_year > 1990)"}]}, {"Node Type": "Index Scan", "Parent Relationship": "Inner", "Scan Direction": "Forward", "Index Name": "movie_id_movie_info", "Relation Name": "movie_info", "Alias": "mi", "Startup Cost": 0.0, "Total Cost": 0.88, "Plan Rows": 1, "Plan Width": 8, "Index Cond": "(movie_id = t.id)", "Filter": "((info)::text = ANY ('{Sweden,Norway,Germany,Denmark,Swedish,Denish,Norwegian,German,USA,American}'::text[]))"}]}]}]}]}, "Unique SQL Id": 322094867}, "explain_analyze_plan": {"Plan": {"Node Type": "Aggregate", "Strategy": "Plain", "Startup Cost": 501964.48, "Total Cost": 501964.49, "Plan Rows": 1, "Plan Width": 49, "Actual Startup Time": 1240.14, "Actual Total Time": 1240.14, "Actual Rows": 1, "Actual Loops": 1, "Plans": [{"Node Type": "Merge Join", "Parent Relationship": "Outer", "Join Type": "Inner", "Startup Cost": 496260.65, "Total Cost": 501136.85, "Plan Rows": 331050, "Plan Width": 17, "Actual Startup Time": 1239.676, "Actual Total Time": 1239.946, "Actual Rows": 669, "Actual Loops": 1, "Inner Unique": false, "Merge Cond": "(it.id = mi.info_type_id)", "Plans": [{"Node Type": "Sort", "Parent Relationship": "Outer", "Startup Cost": 5.93, "Total Cost": 6.21, "Plan Rows": 112, "Plan Width": 4, "Actual Startup Time": 0.103, "Actual Total Time": 0.108, "Actual Rows": 18, "Actual Loops": 1, "Sort Key": ["it.id"], "Sort Method": "quicksort", "Sort Space Used": 32, "Sort Space Type": "Memory", "Plans": [{"Node Type": "Seq Scan", "Parent Relationship": "Outer", "Relation Name": "info_type", "Alias": "it", "Startup Cost": 0.0, "Total Cost": 2.12, "Plan Rows": 112, "Plan Width": 4, "Actual Startup Time": 0.026, "Actual Total Time": 0.044, "Actual Rows": 112, "Actual Loops": 1}]}, {"Node Type": "Sort", "Parent Relationship": "Inner", "Startup Cost": 496164.62, "Total Cost": 496992.25, "Plan Rows": 331050, "Plan Width": 21, "Actual Startup Time": 1239.559, "Actual Total Time": 1239.652, "Actual Rows": 669, "Actual Loops": 1, "Sort Key": ["mi.info_type_id"], "Sort Method": "quicksort", "Sort Space Used": 90, "Sort Space Type": "Memory", "Plans": [{"Node Type": "Nested Loop", "Parent Relationship": "Outer", "Join Type": "Inner", "Startup Cost": 0.0, "Total Cost": 465812.82, "Plan Rows": 331050, "Plan Width": 21, "Actual Startup Time": 862.727, "Actual Total Time": 1239.178, "Actual Rows": 669, "Actual Loops": 1, "Inner Unique": false, "Plans": [{"Node Type": "Nested Loop", "Parent Relationship": "Outer", "Join Type": "Inner", "Startup Cost": 0.0, "Total Cost": 207294.74, "Plan Rows": 289936, "Plan Width": 25, "Actual Startup Time": 862.7, "Actual Total Time": 1212.394, "Actual Rows": 767, "Actual Loops": 1, "Inner Unique": true, "Plans": [{"Node Type": "Nested Loop", "Parent Relationship": "Outer", "Join Type": "Inner", "Startup Cost": 0.0, "Total Cost": 60095.92, "Plan Rows": 209278, "Plan Width": 4, "Actual Startup Time": 862.625, "Actual Total Time": 1204.875, "Actual Rows": 798, "Actual Loops": 1, "Inner Unique": false, "Join Filter": "(ct.id = mc.company_type_id), (LLVM Optimized, Jit Execute)", "Rows Removed by Join Filter": 294830, "Plans": [{"Node Type": "Seq Scan", "Parent Relationship": "Outer", "Relation Name": "company_type", "Alias": "ct", "Startup Cost": 0.0, "Total Cost": 1.04, "Plan Rows": 1, "Plan Width": 4, "Actual Startup Time": 0.015, "Actual Total Time": 0.019, "Actual Rows": 1, "Actual Loops": 1, "Filter": "((kind)::text = 'production companies'::text)", "Rows Removed by Filter": 2}, {"Node Type": "Seq Scan", "Parent Relationship": "Inner", "Relation Name": "movie_companies", "Alias": "mc", "Startup Cost": 0.0, "Total Cost": 54862.92, "Plan Rows": 418557, "Plan Width": 8, "Actual Startup Time": 0.028, "Actual Total Time": 1146.293, "Actual Rows": 295628, "Actual Loops": 1, "Filter": "(((note)::text !~~ '%(TV)%'::text) AND ((note)::text ~~ '%(USA)%'::text)), (LLVM Optimized, Jit Execute)", "Rows Removed by Filter": 2313500}]}, {"Node Type": "Index Scan", "Parent Relationship": "Inner", "Scan Direction": "Forward", "Index Name": "title_pkey", "Relation Name": "title", "Alias": "t", "Startup Cost": 0.0, "Total Cost": 0.69, "Plan Rows": 1, "Plan Width": 21, "Actual Startup Time": 6.72, "Actual Total Time": 6.72, "Actual Rows": 767, "Actual Loops": 798, "Index Cond": "(id = mc.movie_id)", "Rows Removed by Index Recheck": 0, "Filter": "(production_year > 1990)", "Rows Removed by Filter": 31}]}, {"Node Type": "Index Scan", "Parent Relationship": "Inner", "Scan Direction": "Forward", "Index Name": "movie_id_movie_info", "Relation Name": "movie_info", "Alias": "mi", "Startup Cost": 0.0, "Total Cost": 0.88, "Plan Rows": 1, "Plan Width": 8, "Actual Startup Time": 23.078, "Actual Total Time": 26.087, "Actual Rows": 669, "Actual Loops": 767, "Index Cond": "(movie_id = t.id)", "Rows Removed by Index Recheck": 0, "Filter": "((info)::text = ANY ('{Sweden,Norway,Germany,Denmark,Swedish,Denish,Norwegian,German,USA,American}'::text[]))", "Rows Removed by Filter": 7721}]}]}]}]}, "Triggers": [], "Planner Runtime": 7.49, "Total Runtime": 1249.486, "Unique SQL Id": 322094867}}, "(1, 29)": {"explain_plan": {"Plan": {"Node Type": "Aggregate", "Strategy": "Plain", "Startup Cost": 503621.48, "Total Cost": 503621.49, "Plan Rows": 1, "Plan Width": 49, "Plans": [{"Node Type": "Merge Join", "Parent Relationship": "Outer", "Join Type": "Inner", "Startup Cost": 497904.24, "Total Cost": 502793.85, "Plan Rows": 331050, "Plan Width": 17, "Inner Unique": false, "Merge Cond": "(it.id = mi.info_type_id)", "Plans": [{"Node Type": "Index Scan", "Parent Relationship": "Outer", "Scan Direction": "Forward", "Index Name": "info_type_pkey", "Relation Name": "info_type", "Alias": "it", "Startup Cost": 0.0, "Total Cost": 13.93, "Plan Rows": 112, "Plan Width": 4}, {"Node Type": "Sort", "Parent Relationship": "Inner", "Startup Cost": 497814.14, "Total Cost": 498641.77, "Plan Rows": 331050, "Plan Width": 21, "Sort Key": ["mi.info_type_id"], "Plans": [{"Node Type": "Nested Loop", "Parent Relationship": "Outer", "Join Type": "Inner", "Startup Cost": 0.0, "Total Cost": 467462.34, "Plan Rows": 331050, "Plan Width": 21, "Inner Unique": false, "Plans": [{"Node Type": "Nested Loop", "Parent Relationship": "Outer", "Join Type": "Inner", "Startup Cost": 0.0, "Total Cost": 208944.27, "Plan Rows": 289936, "Plan Width": 25, "Inner Unique": true, "Plans": [{"Node Type": "Nested Loop", "Parent Relationship": "Outer", "Join Type": "Inner", "Startup Cost": 0.0, "Total Cost": 61745.44, "Plan Rows": 209278, "Plan Width": 4, "Inner Unique": false, "Plans": [{"Node Type": "Index Scan", "Parent Relationship": "Outer", "Scan Direction": "Forward", "Index Name": "company_type_pkey", "Relation Name": "company_type", "Alias": "ct", "Startup Cost": 0.0, "Total Cost": 12.3, "Plan Rows": 1, "Plan Width": 4, "Filter": "((kind)::text = 'production companies'::text)"}, {"Node Type": "Index Scan", "Parent Relationship": "Inner", "Scan Direction": "Forward", "Index Name": "company_type_id_movie_companies", "Relation Name": "movie_companies", "Alias": "mc", "Startup Cost": 0.0, "Total Cost": 59640.35, "Plan Rows": 209279, "Plan Width": 8, "Index Cond": "(company_type_id = ct.id), (LLVM Optimized)", "Filter": "(((note)::text !~~ '%(TV)%'::text) AND ((note)::text ~~ '%(USA)%'::text)), (LLVM Optimized)"}]}, {"Node Type": "Index Scan", "Parent Relationship": "Inner", "Scan Direction": "Forward", "Index Name": "title_pkey", "Relation Name": "title", "Alias": "t", "Startup Cost": 0.0, "Total Cost": 0.69, "Plan Rows": 1, "Plan Width": 21, "Index Cond": "(id = mc.movie_id)", "Filter": "(production_year > 1990)"}]}, {"Node Type": "Index Scan", "Parent Relationship": "Inner", "Scan Direction": "Forward", "Index Name": "movie_id_movie_info", "Relation Name": "movie_info", "Alias": "mi", "Startup Cost": 0.0, "Total Cost": 0.88, "Plan Rows": 1, "Plan Width": 8, "Index Cond": "(movie_id = t.id)", "Filter": "((info)::text = ANY ('{Sweden,Norway,Germany,Denmark,Swedish,Denish,Norwegian,German,USA,American}'::text[]))"}]}]}]}]}, "Unique SQL Id": 322094867}, "explain_analyze_plan": {"Plan": {"Node Type": "Aggregate", "Strategy": "Plain", "Startup Cost": 503621.48, "Total Cost": 503621.49, "Plan Rows": 1, "Plan Width": 49, "Actual Startup Time": 798.681, "Actual Total Time": 798.682, "Actual Rows": 1, "Actual Loops": 1, "Plans": [{"Node Type": "Merge Join", "Parent Relationship": "Outer", "Join Type": "Inner", "Startup Cost": 497904.24, "Total Cost": 502793.85, "Plan Rows": 331050, "Plan Width": 17, "Actual Startup Time": 798.171, "Actual Total Time": 798.465, "Actual Rows": 669, "Actual Loops": 1, "Inner Unique": false, "Merge Cond": "(it.id = mi.info_type_id)", "Plans": [{"Node Type": "Index Scan", "Parent Relationship": "Outer", "Scan Direction": "Forward", "Index Name": "info_type_pkey", "Relation Name": "info_type", "Alias": "it", "Startup Cost": 0.0, "Total Cost": 13.93, "Plan Rows": 112, "Plan Width": 4, "Actual Startup Time": 0.019, "Actual Total Time": 0.029, "Actual Rows": 18, "Actual Loops": 1}, {"Node Type": "Sort", "Parent Relationship": "Inner", "Startup Cost": 497814.14, "Total Cost": 498641.77, "Plan Rows": 331050, "Plan Width": 21, "Actual Startup Time": 798.134, "Actual Total Time": 798.238, "Actual Rows": 669, "Actual Loops": 1, "Sort Key": ["mi.info_type_id"], "Sort Method": "quicksort", "Sort Space Used": 90, "Sort Space Type": "Memory", "Plans": [{"Node Type": "Nested Loop", "Parent Relationship": "Outer", "Join Type": "Inner", "Startup Cost": 0.0, "Total Cost": 467462.34, "Plan Rows": 331050, "Plan Width": 21, "Actual Startup Time": 9.925, "Actual Total Time": 797.707, "Actual Rows": 669, "Actual Loops": 1, "Inner Unique": false, "Plans": [{"Node Type": "Nested Loop", "Parent Relationship": "Outer", "Join Type": "Inner", "Startup Cost": 0.0, "Total Cost": 208944.27, "Plan Rows": 289936, "Plan Width": 25, "Actual Startup Time": 9.902, "Actual Total Time": 768.184, "Actual Rows": 767, "Actual Loops": 1, "Inner Unique": true, "Plans": [{"Node Type": "Nested Loop", "Parent Relationship": "Outer", "Join Type": "Inner", "Startup Cost": 0.0, "Total Cost": 61745.44, "Plan Rows": 209278, "Plan Width": 4, "Actual Startup Time": 9.88, "Actual Total Time": 760.024, "Actual Rows": 798, "Actual Loops": 1, "Inner Unique": false, "Plans": [{"Node Type": "Index Scan", "Parent Relationship": "Outer", "Scan Direction": "Forward", "Index Name": "company_type_pkey", "Relation Name": "company_type", "Alias": "ct", "Startup Cost": 0.0, "Total Cost": 12.3, "Plan Rows": 1, "Plan Width": 4, "Actual Startup Time": 0.009, "Actual Total Time": 0.019, "Actual Rows": 1, "Actual Loops": 1, "Filter": "((kind)::text = 'production companies'::text)", "Rows Removed by Filter": 2}, {"Node Type": "Index Scan", "Parent Relationship": "Inner", "Scan Direction": "Forward", "Index Name": "company_type_id_movie_companies", "Relation Name": "movie_companies", "Alias": "mc", "Startup Cost": 0.0, "Total Cost": 59640.35, "Plan Rows": 209279, "Plan Width": 8, "Actual Startup Time": 9.867, "Actual Total Time": 759.766, "Actual Rows": 798, "Actual Loops": 1, "Index Cond": "(company_type_id = ct.id), (LLVM Optimized, Jit Execute)", "Rows Removed by Index Recheck": 0, "Filter": "(((note)::text !~~ '%(TV)%'::text) AND ((note)::text ~~ '%(USA)%'::text)), (LLVM Optimized, Jit Execute)", "Rows Removed by Filter": 1334085}]}, {"Node Type": "Index Scan", "Parent Relationship": "Inner", "Scan Direction": "Forward", "Index Name": "title_pkey", "Relation Name": "title", "Alias": "t", "Startup Cost": 0.0, "Total Cost": 0.69, "Plan Rows": 1, "Plan Width": 21, "Actual Startup Time": 7.225, "Actual Total Time": 7.225, "Actual Rows": 767, "Actual Loops": 798, "Index Cond": "(id = mc.movie_id)", "Rows Removed by Index Recheck": 0, "Filter": "(production_year > 1990)", "Rows Removed by Filter": 31}]}, {"Node Type": "Index Scan", "Parent Relationship": "Inner", "Scan Direction": "Forward", "Index Name": "movie_id_movie_info", "Relation Name": "movie_info", "Alias": "mi", "Startup Cost": 0.0, "Total Cost": 0.88, "Plan Rows": 1, "Plan Width": 8, "Actual Startup Time": 25.437, "Actual Total Time": 28.768, "Actual Rows": 669, "Actual Loops": 767, "Index Cond": "(movie_id = t.id)", "Rows Removed by Index Recheck": 0, "Filter": "((info)::text = ANY ('{Sweden,Norway,Germany,Denmark,Swedish,Denish,Norwegian,German,USA,American}'::text[]))", "Rows Removed by Filter": 7721}]}]}]}]}, "Triggers": [], "Planner Runtime": 6.484, "Total Runtime": 808.299, "Unique SQL Id": 322094867}}, "(1, 30)": {"explain_plan": {"Plan": {"Node Type": "Aggregate", "Strategy": "Plain", "Startup Cost": 935757.67, "Total Cost": 935757.68, "Plan Rows": 1, "Plan Width": 49, "Plans": [{"Node Type": "Merge Join", "Parent Relationship": "Outer", "Join Type": "Inner", "Startup Cost": 930053.84, "Total Cost": 934930.04, "Plan Rows": 331050, "Plan Width": 17, "Inner Unique": false, "Merge Cond": "(it.id = mi.info_type_id)", "Plans": [{"Node Type": "Sort", "Parent Relationship": "Outer", "Startup Cost": 5.93, "Total Cost": 6.21, "Plan Rows": 112, "Plan Width": 4, "Sort Key": ["it.id"], "Plans": [{"Node Type": "Seq Scan", "Parent Relationship": "Outer", "Relation Name": "info_type", "Alias": "it", "Startup Cost": 0.0, "Total Cost": 2.12, "Plan Rows": 112, "Plan Width": 4}]}, {"Node Type": "Sort", "Parent Relationship": "Inner", "Startup Cost": 929957.81, "Total Cost": 930785.43, "Plan Rows": 331050, "Plan Width": 21, "Sort Key": ["mi.info_type_id"], "Plans": [{"Node Type": "Merge Join", "Parent Relationship": "Outer", "Join Type": "Inner", "Startup Cost": 879894.11, "Total Cost": 899606.0, "Plan Rows": 331050, "Plan Width": 21, "Inner Unique": true, "Merge Cond": "(mi.movie_id = t.id)", "Plans": [{"Node Type": "Merge Join", "Parent Relationship": "Outer", "Join Type": "Inner", "Startup Cost": 632167.07, "Total Cost": 639233.29, "Plan Rows": 238955, "Plan Width": 12, "Inner Unique": false, "Merge Cond": "(mc.movie_id = mi.movie_id)", "Plans": [{"Node Type": "Sort", "Parent Relationship": "Outer", "Startup Cost": 78590.93, "Total Cost": 79114.12, "Plan Rows": 209278, "Plan Width": 4, "Sort Key": ["mc.movie_id"], "Plans": [{"Node Type": "Nested Loop", "Parent Relationship": "Outer", "Join Type": "Inner", "Startup Cost": 0.0, "Total Cost": 60095.92, "Plan Rows": 209278, "Plan Width": 4, "Inner Unique": false, "Join Filter": "(ct.id = mc.company_type_id), (LLVM Optimized)", "Plans": [{"Node Type": "Seq Scan", "Parent Relationship": "Outer", "Relation Name": "company_type", "Alias": "ct", "Startup Cost": 0.0, "Total Cost": 1.04, "Plan Rows": 1, "Plan Width": 4, "Filter": "((kind)::text = 'production companies'::text)"}, {"Node Type": "Seq Scan", "Parent Relationship": "Inner", "Relation Name": "movie_companies", "Alias": "mc", "Startup Cost": 0.0, "Total Cost": 54862.92, "Plan Rows": 418557, "Plan Width": 8, "Filter": "(((note)::text !~~ '%(TV)%'::text) AND ((note)::text ~~ '%(USA)%'::text)), (LLVM Optimized)"}]}]}, {"Node Type": "Sort", "Parent Relationship": "Inner", "Startup Cost": 553576.13, "Total Cost": 555392.07, "Plan Rows": 726375, "Plan Width": 8, "Sort Key": ["mi.movie_id"], "Plans": [{"Node Type": "Seq Scan", "Parent Relationship": "Outer", "Relation Name": "movie_info", "Alias": "mi", "Startup Cost": 0.0, "Total Cost": 482862.23, "Plan Rows": 726375, "Plan Width": 8, "Filter": "((info)::text = ANY ('{Sweden,Norway,Germany,Denmark,Swedish,Denish,Norwegian,German,USA,American}'::text[]))"}]}]}, {"Node Type": "Sort", "Parent Relationship": "Inner", "Startup Cost": 247726.82, "Total Cost": 252098.92, "Plan Rows": 1748840, "Plan Width": 21, "Sort Key": ["t.id"], "Plans": [{"Node Type": "Seq Scan", "Parent Relationship": "Outer", "Relation Name": "title", "Alias": "t", "Startup Cost": 0.0, "Total Cost": 66389.89, "Plan Rows": 1748840, "Plan Width": 21, "Filter": "(production_year > 1990), (LLVM Optimized)"}]}]}]}]}]}, "Unique SQL Id": 322094867}, "explain_analyze_plan": null}, "(1, 31)": {"explain_plan": {"Plan": {"Node Type": "Aggregate", "Strategy": "Plain", "Startup Cost": 5001727514755.89, "Total Cost": 5001727514755.9, "Plan Rows": 1, "Plan Width": 49, "Plans": [{"Node Type": "Merge Join", "Parent Relationship": "Outer", "Join Type": "Inner", "Startup Cost": 50024908232.05, "Total Cost": 5001727513928.26, "Plan Rows": 331050, "Plan Width": 17, "Inner Unique": true, "Merge Cond": "(mi.movie_id = t.id)", "Plans": [{"Node Type": "Nested Loop", "Parent Relationship": "Outer", "Join Type": "Inner", "Startup Cost": 40000000000.0, "Total Cost": 4002417254692.22, "Plan Rows": 238955, "Plan Width": 8, "Inner Unique": true, "Join Filter": "(mi.info_type_id = it.id), (LLVM Optimized)", "Plans": [{"Node Type": "Nested Loop", "Parent Relationship": "Outer", "Join Type": "Inner", "Startup Cost": 30000000000.0, "Total Cost": 3002416851854.54, "Plan Rows": 238955, "Plan Width": 12, "Inner Unique": false, "Join Filter": "(mc.movie_id = mi.movie_id), (LLVM Optimized)", "Plans": [{"Node Type": "Nested Loop", "Parent Relationship": "Outer", "Join Type": "Inner", "Startup Cost": 20000000000.0, "Total Cost": 2000014364018.74, "Plan Rows": 209278, "Plan Width": 4, "Inner Unique": true, "Join Filter": "(ct.id = mc.company_type_id), (LLVM Optimized)", "Plans": [{"Node Type": "Index Scan", "Parent Relationship": "Outer", "Scan Direction": "Forward", "Index Name": "movie_id_movie_companies", "Relation Name": "movie_companies", "Alias": "mc", "Startup Cost": 10000000000.0, "Total Cost": 1000014356510.13, "Plan Rows": 418557, "Plan Width": 8, "Filter": "(((note)::text !~~ '%(TV)%'::text) AND ((note)::text ~~ '%(USA)%'::text)), (LLVM Optimized)"}, {"Node Type": "Materialize", "Parent Relationship": "Inner", "Startup Cost": 10000000000.0, "Total Cost": 1000000001230.26, "Plan Rows": 1, "Plan Width": 4, "Plans": [{"Node Type": "Index Scan", "Parent Relationship": "Outer", "Scan Direction": "Forward", "Index Name": "company_type_pkey", "Relation Name": "company_type", "Alias": "ct", "Startup Cost": 10000000000.0, "Total Cost": 1000000001230.25, "Plan Rows": 1, "Plan Width": 4, "Filter": "((kind)::text = 'production companies'::text)"}]}]}, {"Node Type": "Materialize", "Parent Relationship": "Inner", "Startup Cost": 10000000000.0, "Total Cost": 1000122275042.99, "Plan Rows": 726375, "Plan Width": 8, "Plans": [{"Node Type": "Index Scan", "Parent Relationship": "Outer", "Scan Direction": "Forward", "Index Name": "info_type_id_movie_info", "Relation Name": "movie_info", "Alias": "mi", "Startup Cost": 10000000000.0, "Total Cost": 1000122271411.12, "Plan Rows": 726375, "Plan Width": 8, "Filter": "((info)::text = ANY ('{Sweden,Norway,Germany,Denmark,Swedish,Denish,Norwegian,German,USA,American}'::text[]))"}]}]}, {"Node Type": "Materialize", "Parent Relationship": "Inner", "Startup Cost": 10000000000.0, "Total Cost": 1000000001393.56, "Plan Rows": 112, "Plan Width": 4, "Plans": [{"Node Type": "Index Scan", "Parent Relationship": "Outer", "Scan Direction": "Forward", "Index Name": "info_type_pkey", "Relation Name": "info_type", "Alias": "it", "Startup Cost": 10000000000.0, "Total Cost": 1000000001393.0, "Plan Rows": 112, "Plan Width": 4}]}]}, {"Node Type": "Index Scan", "Parent Relationship": "Inner", "Scan Direction": "Forward", "Index Name": "title_pkey", "Relation Name": "title", "Alias": "t", "Startup Cost": 10000000000.0, "Total Cost": 1000011644126.66, "Plan Rows": 1748840, "Plan Width": 21, "Filter": "(production_year > 1990), (LLVM Optimized)"}]}]}, "Unique SQL Id": 322094867}, "explain_analyze_plan": null}, "(1, 32)": {"explain_plan": {"Plan": {"Node Type": "Aggregate", "Strategy": "Plain", "Startup Cost": 413659.37, "Total Cost": 413659.38, "Plan Rows": 1, "Plan Width": 49, "Plans": [{"Node Type": "Hash Join", "Parent Relationship": "Outer", "Join Type": "Inner", "Startup Cost": 88254.96, "Total Cost": 412831.75, "Plan Rows": 331050, "Plan Width": 17, "Inner Unique": true, "Hash Cond": "(mi.info_type_id = it.id), (LLVM Optimized)", "Plans": [{"Node Type": "Nested Loop", "Parent Relationship": "Outer", "Join Type": "Inner", "Startup Cost": 88251.44, "Total Cost": 408458.37, "Plan Rows": 331050, "Plan Width": 21, "Inner Unique": false, "Plans": [{"Node Type": "Hash Join", "Parent Relationship": "Outer", "Join Type": "Inner", "Startup Cost": 88251.44, "Total Cost": 149940.3, "Plan Rows": 289936, "Plan Width": 25, "Inner Unique": true, "Hash Cond": "(mc.movie_id = t.id), (LLVM Optimized)", "Plans": [{"Node Type": "Hash Join", "Parent Relationship": "Outer", "Join Type": "Inner", "Startup Cost": 1.05, "Total Cost": 58005.76, "Plan Rows": 209278, "Plan Width": 4, "Inner Unique": true, "Hash Cond": "(mc.company_type_id = ct.id), (LLVM Optimized)", "Plans": [{"Node Type": "Seq Scan", "Parent Relationship": "Outer", "Relation Name": "movie_companies", "Alias": "mc", "Startup Cost": 0.0, "Total Cost": 54862.92, "Plan Rows": 418557, "Plan Width": 8, "Filter": "(((note)::text !~~ '%(TV)%'::text) AND ((note)::text ~~ '%(USA)%'::text)), (LLVM Optimized)"}, {"Node Type": "Hash", "Parent Relationship": "Inner", "Startup Cost": 1.04, "Total Cost": 1.04, "Plan Rows": 1, "Plan Width": 4, "Plans": [{"Node Type": "Seq Scan", "Parent Relationship": "Outer", "Relation Name": "company_type", "Alias": "ct", "Startup Cost": 0.0, "Total Cost": 1.04, "Plan Rows": 1, "Plan Width": 4, "Filter": "((kind)::text = 'production companies'::text)"}]}]}, {"Node Type": "Hash", "Parent Relationship": "Inner", "Startup Cost": 66389.89, "Total Cost": 66389.89, "Plan Rows": 1748840, "Plan Width": 21, "Plans": [{"Node Type": "Seq Scan", "Parent Relationship": "Outer", "Relation Name": "title", "Alias": "t", "Startup Cost": 0.0, "Total Cost": 66389.89, "Plan Rows": 1748840, "Plan Width": 21, "Filter": "(production_year > 1990), (LLVM Optimized)"}]}]}, {"Node Type": "Index Scan", "Parent Relationship": "Inner", "Scan Direction": "Forward", "Index Name": "movie_id_movie_info", "Relation Name": "movie_info", "Alias": "mi", "Startup Cost": 0.0, "Total Cost": 0.88, "Plan Rows": 1, "Plan Width": 8, "Index Cond": "(movie_id = t.id)", "Filter": "((info)::text = ANY ('{Sweden,Norway,Germany,Denmark,Swedish,Denish,Norwegian,German,USA,American}'::text[]))"}]}, {"Node Type": "Hash", "Parent Relationship": "Inner", "Startup Cost": 2.12, "Total Cost": 2.12, "Plan Rows": 112, "Plan Width": 4, "Plans": [{"Node Type": "Index Only Scan", "Parent Relationship": "Outer", "Scan Direction": "Forward", "Index Name": "info_type_pkey", "Relation Name": "info_type", "Alias": "it", "Startup Cost": 0.0, "Total Cost": 2.12, "Plan Rows": 112, "Plan Width": 4}]}]}]}, "Unique SQL Id": 322094867}, "explain_analyze_plan": {"Plan": {"Node Type": "Aggregate", "Strategy": "Plain", "Startup Cost": 413659.37, "Total Cost": 413659.38, "Plan Rows": 1, "Plan Width": 49, "Actual Startup Time": 2764.239, "Actual Total Time": 2764.24, "Actual Rows": 1, "Actual Loops": 1, "Plans": [{"Node Type": "Hash Join", "Parent Relationship": "Outer", "Join Type": "Inner", "Startup Cost": 88254.96, "Total Cost": 412831.75, "Plan Rows": 331050, "Plan Width": 17, "Actual Startup Time": 2413.46, "Actual Total Time": 2763.712, "Actual Rows": 669, "Actual Loops": 1, "Inner Unique": true, "Hash Cond": "(mi.info_type_id = it.id), (LLVM Optimized, Jit Execute)", "Plans": [{"Node Type": "Nested Loop", "Parent Relationship": "Outer", "Join Type": "Inner", "Startup Cost": 88251.44, "Total Cost": 408458.37, "Plan Rows": 331050, "Plan Width": 21, "Actual Startup Time": 2413.334, "Actual Total Time": 2763.207, "Actual Rows": 669, "Actual Loops": 1, "Inner Unique": false, "Plans": [{"Node Type": "Hash Join", "Parent Relationship": "Outer", "Join Type": "Inner", "Startup Cost": 88251.44, "Total Cost": 149940.3, "Plan Rows": 289936, "Plan Width": 25, "Actual Startup Time": 2413.245, "Actual Total Time": 2741.677, "Actual Rows": 767, "Actual Loops": 1, "Inner Unique": true, "Hash Cond": "(mc.movie_id = t.id), (LLVM Optimized, Jit Execute)", "Plans": [{"Node Type": "Hash Join", "Parent Relationship": "Outer", "Join Type": "Inner", "Startup Cost": 1.05, "Total Cost": 58005.76, "Plan Rows": 209278, "Plan Width": 4, "Actual Startup Time": 896.76, "Actual Total Time": 1224.574, "Actual Rows": 798, "Actual Loops": 1, "Inner Unique": true, "Hash Cond": "(mc.company_type_id = ct.id), (LLVM Optimized, Jit Execute)", "Plans": [{"Node Type": "Seq Scan", "Parent Relationship": "Outer", "Relation Name": "movie_companies", "Alias": "mc", "Startup Cost": 0.0, "Total Cost": 54862.92, "Plan Rows": 418557, "Plan Width": 8, "Actual Startup Time": 0.041, "Actual Total Time": 1170.324, "Actual Rows": 295628, "Actual Loops": 1, "Filter": "(((note)::text !~~ '%(TV)%'::text) AND ((note)::text ~~ '%(USA)%'::text)), (LLVM Optimized, Jit Execute)", "Rows Removed by Filter": 2313500}, {"Node Type": "Hash", "Parent Relationship": "Inner", "Startup Cost": 1.04, "Total Cost": 1.04, "Plan Rows": 1, "Plan Width": 4, "Actual Startup Time": 0.013, "Actual Total Time": 0.013, "Actual Rows": 1, "Actual Loops": 1, "Hash Buckets": 32768, "Hash Batches": 1, "Original Hash Batches": 1, "Peak Memory Usage": 1, "Plans": [{"Node Type": "Seq Scan", "Parent Relationship": "Outer", "Relation Name": "company_type", "Alias": "ct", "Startup Cost": 0.0, "Total Cost": 1.04, "Plan Rows": 1, "Plan Width": 4, "Actual Startup Time": 0.007, "Actual Total Time": 0.009, "Actual Rows": 1, "Actual Loops": 1, "Filter": "((kind)::text = 'production companies'::text)", "Rows Removed by Filter": 2}]}]}, {"Node Type": "Hash", "Parent Relationship": "Inner", "Startup Cost": 66389.89, "Total Cost": 66389.89, "Plan Rows": 1748840, "Plan Width": 21, "Actual Startup Time": 1515.129, "Actual Total Time": 1515.129, "Actual Rows": 1749032, "Actual Loops": 1, "Hash Buckets": 2097152, "Hash Batches": 1, "Original Hash Batches": 1, "Peak Memory Usage": 93635, "Plans": [{"Node Type": "Seq Scan", "Parent Relationship": "Outer", "Relation Name": "title", "Alias": "t", "Startup Cost": 0.0, "Total Cost": 66389.89, "Plan Rows": 1748840, "Plan Width": 21, "Actual Startup Time": 0.047, "Actual Total Time": 897.982, "Actual Rows": 1749032, "Actual Loops": 1, "Filter": "(production_year > 1990), (LLVM Optimized, Jit Execute)", "Rows Removed by Filter": 779279}]}]}, {"Node Type": "Index Scan", "Parent Relationship": "Inner", "Scan Direction": "Forward", "Index Name": "movie_id_movie_info", "Relation Name": "movie_info", "Alias": "mi", "Startup Cost": 0.0, "Total Cost": 0.88, "Plan Rows": 1, "Plan Width": 8, "Actual Startup Time": 15.943, "Actual Total Time": 18.242, "Actual Rows": 669, "Actual Loops": 767, "Index Cond": "(movie_id = t.id)", "Rows Removed by Index Recheck": 0, "Filter": "((info)::text = ANY ('{Sweden,Norway,Germany,Denmark,Swedish,Denish,Norwegian,German,USA,American}'::text[]))", "Rows Removed by Filter": 7721}]}, {"Node Type": "Hash", "Parent Relationship": "Inner", "Startup Cost": 2.12, "Total Cost": 2.12, "Plan Rows": 112, "Plan Width": 4, "Actual Startup Time": 0.075, "Actual Total Time": 0.075, "Actual Rows": 112, "Actual Loops": 1, "Hash Buckets": 32768, "Hash Batches": 1, "Original Hash Batches": 1, "Peak Memory Usage": 4, "Plans": [{"Node Type": "Index Only Scan", "Parent Relationship": "Outer", "Scan Direction": "Forward", "Index Name": "info_type_pkey", "Relation Name": "info_type", "Alias": "it", "Startup Cost": 0.0, "Total Cost": 2.12, "Plan Rows": 112, "Plan Width": 4, "Actual Startup Time": 0.015, "Actual Total Time": 0.036, "Actual Rows": 112, "Actual Loops": 1, "Heap Fetches": 0}]}]}]}, "Triggers": [], "Planner Runtime": 11.615, "Total Runtime": 2774.343, "Unique SQL Id": 322094867}}, "(1, 33)": {"explain_plan": {"Plan": {"Node Type": "Aggregate", "Strategy": "Plain", "Startup Cost": 467458.25, "Total Cost": 467458.26, "Plan Rows": 1, "Plan Width": 49, "Plans": [{"Node Type": "Hash Join", "Parent Relationship": "Outer", "Join Type": "Inner", "Startup Cost": 138313.1, "Total Cost": 466630.62, "Plan Rows": 331050, "Plan Width": 17, "Inner Unique": true, "Hash Cond": "(mi.info_type_id = it.id), (LLVM Optimized)", "Plans": [{"Node Type": "Nested Loop", "Parent Relationship": "Outer", "Join Type": "Inner", "Startup Cost": 138301.77, "Total Cost": 462249.43, "Plan Rows": 331050, "Plan Width": 21, "Inner Unique": false, "Plans": [{"Node Type": "Hash Join", "Parent Relationship": "Outer", "Join Type": "Inner", "Startup Cost": 138301.77, "Total Cost": 203731.36, "Plan Rows": 289936, "Plan Width": 25, "Inner Unique": true, "Hash Cond": "(mc.movie_id = t.id), (LLVM Optimized)", "Plans": [{"Node Type": "Nested Loop", "Parent Relationship": "Outer", "Join Type": "Inner", "Startup Cost": 0.0, "Total Cost": 61745.44, "Plan Rows": 209278, "Plan Width": 4, "Inner Unique": false, "Plans": [{"Node Type": "Index Scan", "Parent Relationship": "Outer", "Scan Direction": "Forward", "Index Name": "company_type_pkey", "Relation Name": "company_type", "Alias": "ct", "Startup Cost": 0.0, "Total Cost": 12.3, "Plan Rows": 1, "Plan Width": 4, "Filter": "((kind)::text = 'production companies'::text)"}, {"Node Type": "Index Scan", "Parent Relationship": "Inner", "Scan Direction": "Forward", "Index Name": "company_type_id_movie_companies", "Relation Name": "movie_companies", "Alias": "mc", "Startup Cost": 0.0, "Total Cost": 59640.35, "Plan Rows": 209279, "Plan Width": 8, "Index Cond": "(company_type_id = ct.id), (LLVM Optimized)", "Filter": "(((note)::text !~~ '%(TV)%'::text) AND ((note)::text ~~ '%(USA)%'::text)), (LLVM Optimized)"}]}, {"Node Type": "Hash", "Parent Relationship": "Inner", "Startup Cost": 116441.27, "Total Cost": 116441.27, "Plan Rows": 1748840, "Plan Width": 21, "Plans": [{"Node Type": "Index Scan", "Parent Relationship": "Outer", "Scan Direction": "Forward", "Index Name": "title_pkey", "Relation Name": "title", "Alias": "t", "Startup Cost": 0.0, "Total Cost": 116441.27, "Plan Rows": 1748840, "Plan Width": 21, "Filter": "(production_year > 1990), (LLVM Optimized)"}]}]}, {"Node Type": "Index Scan", "Parent Relationship": "Inner", "Scan Direction": "Forward", "Index Name": "movie_id_movie_info", "Relation Name": "movie_info", "Alias": "mi", "Startup Cost": 0.0, "Total Cost": 0.88, "Plan Rows": 1, "Plan Width": 8, "Index Cond": "(movie_id = t.id)", "Filter": "((info)::text = ANY ('{Sweden,Norway,Germany,Denmark,Swedish,Denish,Norwegian,German,USA,American}'::text[]))"}]}, {"Node Type": "Hash", "Parent Relationship": "Inner", "Startup Cost": 9.93, "Total Cost": 9.93, "Plan Rows": 112, "Plan Width": 4, "Plans": [{"Node Type": "Index Only Scan", "Parent Relationship": "Outer", "Scan Direction": "Forward", "Index Name": "info_type_pkey", "Relation Name": "info_type", "Alias": "it", "Startup Cost": 0.0, "Total Cost": 9.93, "Plan Rows": 112, "Plan Width": 4}]}]}]}, "Unique SQL Id": 322094867}, "explain_analyze_plan": {"Plan": {"Node Type": "Aggregate", "Strategy": "Plain", "Startup Cost": 467458.25, "Total Cost": 467458.26, "Plan Rows": 1, "Plan Width": 49, "Actual Startup Time": 4471.694, "Actual Total Time": 4471.695, "Actual Rows": 1, "Actual Loops": 1, "Plans": [{"Node Type": "Hash Join", "Parent Relationship": "Outer", "Join Type": "Inner", "Startup Cost": 138313.1, "Total Cost": 466630.62, "Plan Rows": 331050, "Plan Width": 17, "Actual Startup Time": 3833.32, "Actual Total Time": 4471.174, "Actual Rows": 669, "Actual Loops": 1, "Inner Unique": true, "Hash Cond": "(mi.info_type_id = it.id), (LLVM Optimized, Jit Execute)", "Plans": [{"Node Type": "Nested Loop", "Parent Relationship": "Outer", "Join Type": "Inner", "Startup Cost": 138301.77, "Total Cost": 462249.43, "Plan Rows": 331050, "Plan Width": 21, "Actual Startup Time": 3833.069, "Actual Total Time": 4470.518, "Actual Rows": 669, "Actual Loops": 1, "Inner Unique": false, "Plans": [{"Node Type": "Hash Join", "Parent Relationship": "Outer", "Join Type": "Inner", "Startup Cost": 138301.77, "Total Cost": 203731.36, "Plan Rows": 289936, "Plan Width": 25, "Actual Startup Time": 3832.941, "Actual Total Time": 4448.359, "Actual Rows": 767, "Actual Loops": 1, "Inner Unique": true, "Hash Cond": "(mc.movie_id = t.id), (LLVM Optimized, Jit Execute)", "Plans": [{"Node Type": "Nested Loop", "Parent Relationship": "Outer", "Join Type": "Inner", "Startup Cost": 0.0, "Total Cost": 61745.44, "Plan Rows": 209278, "Plan Width": 4, "Actual Startup Time": 8.666, "Actual Total Time": 623.421, "Actual Rows": 798, "Actual Loops": 1, "Inner Unique": false, "Plans": [{"Node Type": "Index Scan", "Parent Relationship": "Outer", "Scan Direction": "Forward", "Index Name": "company_type_pkey", "Relation Name": "company_type", "Alias": "ct", "Startup Cost": 0.0, "Total Cost": 12.3, "Plan Rows": 1, "Plan Width": 4, "Actual Startup Time": 0.04, "Actual Total Time": 0.048, "Actual Rows": 1, "Actual Loops": 1, "Filter": "((kind)::text = 'production companies'::text)", "Rows Removed by Filter": 2}, {"Node Type": "Index Scan", "Parent Relationship": "Inner", "Scan Direction": "Forward", "Index Name": "company_type_id_movie_companies", "Relation Name": "movie_companies", "Alias": "mc", "Startup Cost": 0.0, "Total Cost": 59640.35, "Plan Rows": 209279, "Plan Width": 8, "Actual Startup Time": 8.615, "Actual Total Time": 623.117, "Actual Rows": 798, "Actual Loops": 1, "Index Cond": "(company_type_id = ct.id), (LLVM Optimized, Jit Execute)", "Rows Removed by Index Recheck": 0, "Filter": "(((note)::text !~~ '%(TV)%'::text) AND ((note)::text ~~ '%(USA)%'::text)), (LLVM Optimized, Jit Execute)", "Rows Removed by Filter": 1334085}]}, {"Node Type": "Hash", "Parent Relationship": "Inner", "Startup Cost": 116441.27, "Total Cost": 116441.27, "Plan Rows": 1748840, "Plan Width": 21, "Actual Startup Time": 3822.964, "Actual Total Time": 3822.964, "Actual Rows": 1749032, "Actual Loops": 1, "Hash Buckets": 2097152, "Hash Batches": 1, "Original Hash Batches": 1, "Peak Memory Usage": 93635, "Plans": [{"Node Type": "Index Scan", "Parent Relationship": "Outer", "Scan Direction": "Forward", "Index Name": "title_pkey", "Relation Name": "title", "Alias": "t", "Startup Cost": 0.0, "Total Cost": 116441.27, "Plan Rows": 1748840, "Plan Width": 21, "Actual Startup Time": 0.05, "Actual Total Time": 3089.922, "Actual Rows": 1749032, "Actual Loops": 1, "Filter": "(production_year > 1990), (LLVM Optimized, Jit Execute)", "Rows Removed by Filter": 779279}]}]}, {"Node Type": "Index Scan", "Parent Relationship": "Inner", "Scan Direction": "Forward", "Index Name": "movie_id_movie_info", "Relation Name": "movie_info", "Alias": "mi", "Startup Cost": 0.0, "Total Cost": 0.88, "Plan Rows": 1, "Plan Width": 8, "Actual Startup Time": 16.266, "Actual Total Time": 18.606, "Actual Rows": 669, "Actual Loops": 767, "Index Cond": "(movie_id = t.id)", "Rows Removed by Index Recheck": 0, "Filter": "((info)::text = ANY ('{Sweden,Norway,Germany,Denmark,Swedish,Denish,Norwegian,German,USA,American}'::text[]))", "Rows Removed by Filter": 7721}]}, {"Node Type": "Hash", "Parent Relationship": "Inner", "Startup Cost": 9.93, "Total Cost": 9.93, "Plan Rows": 112, "Plan Width": 4, "Actual Startup Time": 0.1, "Actual Total Time": 0.1, "Actual Rows": 112, "Actual Loops": 1, "Hash Buckets": 32768, "Hash Batches": 1, "Original Hash Batches": 1, "Peak Memory Usage": 4, "Plans": [{"Node Type": "Index Only Scan", "Parent Relationship": "Outer", "Scan Direction": "Forward", "Index Name": "info_type_pkey", "Relation Name": "info_type", "Alias": "it", "Startup Cost": 0.0, "Total Cost": 9.93, "Plan Rows": 112, "Plan Width": 4, "Actual Startup Time": 0.031, "Actual Total Time": 0.052, "Actual Rows": 112, "Actual Loops": 1, "Heap Fetches": 0}]}]}]}, "Triggers": [], "Planner Runtime": 3.997, "Total Runtime": 4481.796, "Unique SQL Id": 322094867}}, "(1, 34)": {"explain_plan": {"Plan": {"Node Type": "Aggregate", "Strategy": "Plain", "Startup Cost": 646202.08, "Total Cost": 646202.09, "Plan Rows": 1, "Plan Width": 49, "Plans": [{"Node Type": "Hash Join", "Parent Relationship": "Outer", "Join Type": "Inner", "Startup Cost": 153568.02, "Total Cost": 645374.46, "Plan Rows": 331050, "Plan Width": 17, "Inner Unique": true, "Hash Cond": "(mi.info_type_id = it.id), (LLVM Optimized)", "Plans": [{"Node Type": "Hash Join", "Parent Relationship": "Outer", "Join Type": "Inner", "Startup Cost": 153564.5, "Total Cost": 640819.0, "Plan Rows": 331050, "Plan Width": 21, "Inner Unique": false, "Hash Cond": "(mi.movie_id = t.id), (LLVM Optimized)", "Plans": [{"Node Type": "Seq Scan", "Parent Relationship": "Outer", "Relation Name": "movie_info", "Alias": "mi", "Startup Cost": 0.0, "Total Cost": 482862.23, "Plan Rows": 726375, "Plan Width": 8, "Filter": "((info)::text = ANY ('{Sweden,Norway,Germany,Denmark,Swedish,Denish,Norwegian,German,USA,American}'::text[]))"}, {"Node Type": "Hash", "Parent Relationship": "Inner", "Startup Cost": 149940.3, "Total Cost": 149940.3, "Plan Rows": 289936, "Plan Width": 25, "Plans": [{"Node Type": "Hash Join", "Parent Relationship": "Outer", "Join Type": "Inner", "Startup Cost": 88251.44, "Total Cost": 149940.3, "Plan Rows": 289936, "Plan Width": 25, "Inner Unique": true, "Hash Cond": "(mc.movie_id = t.id), (LLVM Optimized)", "Plans": [{"Node Type": "Hash Join", "Parent Relationship": "Outer", "Join Type": "Inner", "Startup Cost": 1.05, "Total Cost": 58005.76, "Plan Rows": 209278, "Plan Width": 4, "Inner Unique": true, "Hash Cond": "(mc.company_type_id = ct.id), (LLVM Optimized)", "Plans": [{"Node Type": "Seq Scan", "Parent Relationship": "Outer", "Relation Name": "movie_companies", "Alias": "mc", "Startup Cost": 0.0, "Total Cost": 54862.92, "Plan Rows": 418557, "Plan Width": 8, "Filter": "(((note)::text !~~ '%(TV)%'::text) AND ((note)::text ~~ '%(USA)%'::text)), (LLVM Optimized)"}, {"Node Type": "Hash", "Parent Relationship": "Inner", "Startup Cost": 1.04, "Total Cost": 1.04, "Plan Rows": 1, "Plan Width": 4, "Plans": [{"Node Type": "Seq Scan", "Parent Relationship": "Outer", "Relation Name": "company_type", "Alias": "ct", "Startup Cost": 0.0, "Total Cost": 1.04, "Plan Rows": 1, "Plan Width": 4, "Filter": "((kind)::text = 'production companies'::text)"}]}]}, {"Node Type": "Hash", "Parent Relationship": "Inner", "Startup Cost": 66389.89, "Total Cost": 66389.89, "Plan Rows": 1748840, "Plan Width": 21, "Plans": [{"Node Type": "Seq Scan", "Parent Relationship": "Outer", "Relation Name": "title", "Alias": "t", "Startup Cost": 0.0, "Total Cost": 66389.89, "Plan Rows": 1748840, "Plan Width": 21, "Filter": "(production_year > 1990), (LLVM Optimized)"}]}]}]}]}, {"Node Type": "Hash", "Parent Relationship": "Inner", "Startup Cost": 2.12, "Total Cost": 2.12, "Plan Rows": 112, "Plan Width": 4, "Plans": [{"Node Type": "Seq Scan", "Parent Relationship": "Outer", "Relation Name": "info_type", "Alias": "it", "Startup Cost": 0.0, "Total Cost": 2.12, "Plan Rows": 112, "Plan Width": 4}]}]}]}, "Unique SQL Id": 322094867}, "explain_analyze_plan": null}, "(1, 35)": {"explain_plan": {"Plan": {"Node Type": "Aggregate", "Strategy": "Plain", "Startup Cost": 1000019247502.85, "Total Cost": 1000019247502.86, "Plan Rows": 1, "Plan Width": 49, "Plans": [{"Node Type": "Nested Loop", "Parent Relationship": "Outer", "Join Type": "Inner", "Startup Cost": 10000000001.66, "Total Cost": 1000019246675.23, "Plan Rows": 331050, "Plan Width": 17, "Inner Unique": true, "Plans": [{"Node Type": "Nested Loop", "Parent Relationship": "Outer", "Join Type": "Inner", "Startup Cost": 10000000001.35, "Total Cost": 1000018211114.89, "Plan Rows": 238955, "Plan Width": 8, "Inner Unique": true, "Plans": [{"Node Type": "Nested Loop", "Parent Relationship": "Outer", "Join Type": "Inner", "Startup Cost": 10000000001.09, "Total Cost": 1000017188325.12, "Plan Rows": 238955, "Plan Width": 12, "Inner Unique": false, "Plans": [{"Node Type": "Nested Loop", "Parent Relationship": "Outer", "Join Type": "Inner", "Startup Cost": 10000000000.26, "Total Cost": 1000016149093.12, "Plan Rows": 209278, "Plan Width": 4, "Inner Unique": true, "Plans": [{"Node Type": "Index Scan", "Parent Relationship": "Outer", "Scan Direction": "Forward", "Index Name": "movie_id_movie_companies", "Relation Name": "movie_companies", "Alias": "mc", "Startup Cost": 10000000000.0, "Total Cost": 1000014356510.13, "Plan Rows": 418557, "Plan Width": 8, "Filter": "(((note)::text !~~ '%(TV)%'::text) AND ((note)::text ~~ '%(USA)%'::text)), (LLVM Optimized)"}, {"Node Type": "Bitmap Heap Scan", "Parent Relationship": "Inner", "Relation Name": "company_type", "Alias": "ct", "Startup Cost": 0.26, "Total Cost": 4.27, "Plan Rows": 1, "Plan Width": 4, "Recheck Cond": "(id = mc.company_type_id)", "Filter": "((kind)::text = 'production companies'::text)", "Plans": [{"Node Type": "Bitmap Index Scan", "Parent Relationship": "Outer", "Index Name": "company_type_pkey", "Startup Cost": 0.0, "Total Cost": 0.26, "Plan Rows": 1, "Plan Width": 0, "Index Cond": "(id = mc.company_type_id)"}]}]}, {"Node Type": "Bitmap Heap Scan", "Parent Relationship": "Inner", "Relation Name": "movie_info", "Alias": "mi", "Startup Cost": 0.83, "Total Cost": 4.96, "Plan Rows": 1, "Plan Width": 8, "Recheck Cond": "(movie_id = mc.movie_id)", "Filter": "((info)::text = ANY ('{Sweden,Norway,Germany,Denmark,Swedish,Denish,Norwegian,German,USA,American}'::text[]))", "Plans": [{"Node Type": "Bitmap Index Scan", "Parent Relationship": "Outer", "Index Name": "movie_id_movie_info", "Startup Cost": 0.0, "Total Cost": 0.83, "Plan Rows": 5, "Plan Width": 0, "Index Cond": "(movie_id = mc.movie_id)"}]}]}, {"Node Type": "Bitmap Heap Scan", "Parent Relationship": "Inner", "Relation Name": "info_type", "Alias": "it", "Startup Cost": 0.26, "Total Cost": 4.27, "Plan Rows": 1, "Plan Width": 4, "Recheck Cond": "(id = mi.info_type_id)", "Plans": [{"Node Type": "Bitmap Index Scan", "Parent Relationship": "Outer", "Index Name": "info_type_pkey", "Startup Cost": 0.0, "Total Cost": 0.26, "Plan Rows": 1, "Plan Width": 0, "Index Cond": "(id = mi.info_type_id)"}]}]}, {"Node Type": "Bitmap Heap Scan", "Parent Relationship": "Inner", "Relation Name": "title", "Alias": "t", "Startup Cost": 0.31, "Total Cost": 4.32, "Plan Rows": 1, "Plan Width": 21, "Recheck Cond": "(id = mi.movie_id)", "Filter": "(production_year > 1990)", "Plans": [{"Node Type": "Bitmap Index Scan", "Parent Relationship": "Outer", "Index Name": "title_pkey", "Startup Cost": 0.0, "Total Cost": 0.31, "Plan Rows": 1, "Plan Width": 0, "Index Cond": "(id = mi.movie_id)"}]}]}]}, "Unique SQL Id": 322094867}, "explain_analyze_plan": {"Plan": {"Node Type": "Aggregate", "Strategy": "Plain", "Startup Cost": 1000019247502.85, "Total Cost": 1000019247502.86, "Plan Rows": 1, "Plan Width": 49, "Actual Startup Time": 2983.243, "Actual Total Time": 2983.244, "Actual Rows": 1, "Actual Loops": 1, "Plans": [{"Node Type": "Nested Loop", "Parent Relationship": "Outer", "Join Type": "Inner", "Startup Cost": 10000000001.66, "Total Cost": 1000019246675.23, "Plan Rows": 331050, "Plan Width": 17, "Actual Startup Time": 32.619, "Actual Total Time": 2982.151, "Actual Rows": 669, "Actual Loops": 1, "Inner Unique": true, "Plans": [{"Node Type": "Nested Loop", "Parent Relationship": "Outer", "Join Type": "Inner", "Startup Cost": 10000000001.35, "Total Cost": 1000018211114.89, "Plan Rows": 238955, "Plan Width": 8, "Actual Startup Time": 32.603, "Actual Total Time": 2974.089, "Actual Rows": 691, "Actual Loops": 1, "Inner Unique": true, "Plans": [{"Node Type": "Nested Loop", "Parent Relationship": "Outer", "Join Type": "Inner", "Startup Cost": 10000000001.09, "Total Cost": 1000017188325.12, "Plan Rows": 238955, "Plan Width": 12, "Actual Startup Time": 32.594, "Actual Total Time": 2969.962, "Actual Rows": 691, "Actual Loops": 1, "Inner Unique": false, "Plans": [{"Node Type": "Nested Loop", "Parent Relationship": "Outer", "Join Type": "Inner", "Startup Cost": 10000000000.26, "Total Cost": 1000016149093.12, "Plan Rows": 209278, "Plan Width": 4, "Actual Startup Time": 32.553, "Actual Total Time": 2937.753, "Actual Rows": 798, "Actual Loops": 1, "Inner Unique": true, "Plans": [{"Node Type": "Index Scan", "Parent Relationship": "Outer", "Scan Direction": "Forward", "Index Name": "movie_id_movie_companies", "Relation Name": "movie_companies", "Alias": "mc", "Startup Cost": 10000000000.0, "Total Cost": 1000014356510.13, "Plan Rows": 418557, "Plan Width": 8, "Actual Startup Time": 0.054, "Actual Total Time": 2285.125, "Actual Rows": 295628, "Actual Loops": 1, "Filter": "(((note)::text !~~ '%(TV)%'::text) AND ((note)::text ~~ '%(USA)%'::text)), (LLVM Optimized, Jit Execute)", "Rows Removed by Filter": 2313500}, {"Node Type": "Bitmap Heap Scan", "Parent Relationship": "Inner", "Relation Name": "company_type", "Alias": "ct", "Startup Cost": 0.26, "Total Cost": 4.27, "Plan Rows": 1, "Plan Width": 4, "Actual Startup Time": 341.416, "Actual Total Time": 341.416, "Actual Rows": 798, "Actual Loops": 295628, "Recheck Cond": "(id = mc.company_type_id)", "Rows Removed by Index Recheck": 0, "Filter": "((kind)::text = 'production companies'::text)", "Rows Removed by Filter": 0, "Exact Heap Blocks": 798, "Lossy Heap Blocks": 798, "Plans": [{"Node Type": "Bitmap Index Scan", "Parent Relationship": "Outer", "Index Name": "company_type_pkey", "Startup Cost": 0.0, "Total Cost": 0.26, "Plan Rows": 1, "Plan Width": 0, "Actual Startup Time": 205.492, "Actual Total Time": 205.492, "Actual Rows": 798, "Actual Loops": 295628, "Index Cond": "(id = mc.company_type_id)"}]}]}, {"Node Type": "Bitmap Heap Scan", "Parent Relationship": "Inner", "Relation Name": "movie_info", "Alias": "mi", "Startup Cost": 0.83, "Total Cost": 4.96, "Plan Rows": 1, "Plan Width": 8, "Actual Startup Time": 27.613, "Actual Total Time": 30.269, "Actual Rows": 691, "Actual Loops": 798, "Recheck Cond": "(movie_id = mc.movie_id)", "Rows Removed by Index Recheck": 0, "Filter": "((info)::text = ANY ('{Sweden,Norway,Germany,Denmark,Swedish,Denish,Norwegian,German,USA,American}'::text[]))", "Rows Removed by Filter": 7906, "Exact Heap Blocks": 6397, "Lossy Heap Blocks": 6397, "Plans": [{"Node Type": "Bitmap Index Scan", "Parent Relationship": "Outer", "Index Name": "movie_id_movie_info", "Startup Cost": 0.0, "Total Cost": 0.83, "Plan Rows": 5, "Plan Width": 0, "Actual Startup Time": 6.949, "Actual Total Time": 6.949, "Actual Rows": 8597, "Actual Loops": 798, "Index Cond": "(movie_id = mc.movie_id)"}]}]}, {"Node Type": "Bitmap Heap Scan", "Parent Relationship": "Inner", "Relation Name": "info_type", "Alias": "it", "Startup Cost": 0.26, "Total Cost": 4.27, "Plan Rows": 1, "Plan Width": 4, "Actual Startup Time": 2.573, "Actual Total Time": 2.573, "Actual Rows": 691, "Actual Loops": 691, "Recheck Cond": "(id = mi.info_type_id)", "Rows Removed by Index Recheck": 0, "Exact Heap Blocks": 691, "Lossy Heap Blocks": 691, "Plans": [{"Node Type": "Bitmap Index Scan", "Parent Relationship": "Outer", "Index Name": "info_type_pkey", "Startup Cost": 0.0, "Total Cost": 0.26, "Plan Rows": 1, "Plan Width": 0, "Actual Startup Time": 1.179, "Actual Total Time": 1.179, "Actual Rows": 691, "Actual Loops": 691, "Index Cond": "(id = mi.info_type_id)"}]}]}, {"Node Type": "Bitmap Heap Scan", "Parent Relationship": "Inner", "Relation Name": "title", "Alias": "t", "Startup Cost": 0.31, "Total Cost": 4.32, "Plan Rows": 1, "Plan Width": 21, "Actual Startup Time": 6.58, "Actual Total Time": 6.58, "Actual Rows": 669, "Actual Loops": 691, "Recheck Cond": "(id = mi.movie_id)", "Rows Removed by Index Recheck": 0, "Filter": "(production_year > 1990)", "Rows Removed by Filter": 22, "Exact Heap Blocks": 691, "Lossy Heap Blocks": 691, "Plans": [{"Node Type": "Bitmap Index Scan", "Parent Relationship": "Outer", "Index Name": "title_pkey", "Startup Cost": 0.0, "Total Cost": 0.31, "Plan Rows": 1, "Plan Width": 0, "Actual Startup Time": 3.813, "Actual Total Time": 3.813, "Actual Rows": 691, "Actual Loops": 691, "Index Cond": "(id = mi.movie_id)"}]}]}]}, "Triggers": [], "Planner Runtime": 4.896, "Total Runtime": 2992.474, "Unique SQL Id": 322094867}}, "(1, 36)": {"explain_plan": {"Plan": {"Node Type": "Aggregate", "Strategy": "Plain", "Startup Cost": 413659.37, "Total Cost": 413659.38, "Plan Rows": 1, "Plan Width": 49, "Plans": [{"Node Type": "Hash Join", "Parent Relationship": "Outer", "Join Type": "Inner", "Startup Cost": 88254.96, "Total Cost": 412831.75, "Plan Rows": 331050, "Plan Width": 17, "Inner Unique": true, "Hash Cond": "(mi.info_type_id = it.id), (LLVM Optimized)", "Plans": [{"Node Type": "Nested Loop", "Parent Relationship": "Outer", "Join Type": "Inner", "Startup Cost": 88251.44, "Total Cost": 408458.37, "Plan Rows": 331050, "Plan Width": 21, "Inner Unique": false, "Plans": [{"Node Type": "Hash Join", "Parent Relationship": "Outer", "Join Type": "Inner", "Startup Cost": 88251.44, "Total Cost": 149940.3, "Plan Rows": 289936, "Plan Width": 25, "Inner Unique": true, "Hash Cond": "(mc.movie_id = t.id), (LLVM Optimized)", "Plans": [{"Node Type": "Hash Join", "Parent Relationship": "Outer", "Join Type": "Inner", "Startup Cost": 1.05, "Total Cost": 58005.76, "Plan Rows": 209278, "Plan Width": 4, "Inner Unique": true, "Hash Cond": "(mc.company_type_id = ct.id), (LLVM Optimized)", "Plans": [{"Node Type": "Seq Scan", "Parent Relationship": "Outer", "Relation Name": "movie_companies", "Alias": "mc", "Startup Cost": 0.0, "Total Cost": 54862.92, "Plan Rows": 418557, "Plan Width": 8, "Filter": "(((note)::text !~~ '%(TV)%'::text) AND ((note)::text ~~ '%(USA)%'::text)), (LLVM Optimized)"}, {"Node Type": "Hash", "Parent Relationship": "Inner", "Startup Cost": 1.04, "Total Cost": 1.04, "Plan Rows": 1, "Plan Width": 4, "Plans": [{"Node Type": "Seq Scan", "Parent Relationship": "Outer", "Relation Name": "company_type", "Alias": "ct", "Startup Cost": 0.0, "Total Cost": 1.04, "Plan Rows": 1, "Plan Width": 4, "Filter": "((kind)::text = 'production companies'::text)"}]}]}, {"Node Type": "Hash", "Parent Relationship": "Inner", "Startup Cost": 66389.89, "Total Cost": 66389.89, "Plan Rows": 1748840, "Plan Width": 21, "Plans": [{"Node Type": "Seq Scan", "Parent Relationship": "Outer", "Relation Name": "title", "Alias": "t", "Startup Cost": 0.0, "Total Cost": 66389.89, "Plan Rows": 1748840, "Plan Width": 21, "Filter": "(production_year > 1990), (LLVM Optimized)"}]}]}, {"Node Type": "Index Scan", "Parent Relationship": "Inner", "Scan Direction": "Forward", "Index Name": "movie_id_movie_info", "Relation Name": "movie_info", "Alias": "mi", "Startup Cost": 0.0, "Total Cost": 0.88, "Plan Rows": 1, "Plan Width": 8, "Index Cond": "(movie_id = t.id)", "Filter": "((info)::text = ANY ('{Sweden,Norway,Germany,Denmark,Swedish,Denish,Norwegian,German,USA,American}'::text[]))"}]}, {"Node Type": "Hash", "Parent Relationship": "Inner", "Startup Cost": 2.12, "Total Cost": 2.12, "Plan Rows": 112, "Plan Width": 4, "Plans": [{"Node Type": "Seq Scan", "Parent Relationship": "Outer", "Relation Name": "info_type", "Alias": "it", "Startup Cost": 0.0, "Total Cost": 2.12, "Plan Rows": 112, "Plan Width": 4}]}]}]}, "Unique SQL Id": 322094867}, "explain_analyze_plan": {"Plan": {"Node Type": "Aggregate", "Strategy": "Plain", "Startup Cost": 413659.37, "Total Cost": 413659.38, "Plan Rows": 1, "Plan Width": 49, "Actual Startup Time": 2847.577, "Actual Total Time": 2847.578, "Actual Rows": 1, "Actual Loops": 1, "Plans": [{"Node Type": "Hash Join", "Parent Relationship": "Outer", "Join Type": "Inner", "Startup Cost": 88254.96, "Total Cost": 412831.75, "Plan Rows": 331050, "Plan Width": 17, "Actual Startup Time": 2465.807, "Actual Total Time": 2847.12, "Actual Rows": 669, "Actual Loops": 1, "Inner Unique": true, "Hash Cond": "(mi.info_type_id = it.id), (LLVM Optimized, Jit Execute)", "Plans": [{"Node Type": "Nested Loop", "Parent Relationship": "Outer", "Join Type": "Inner", "Startup Cost": 88251.44, "Total Cost": 408458.37, "Plan Rows": 331050, "Plan Width": 21, "Actual Startup Time": 2465.668, "Actual Total Time": 2846.565, "Actual Rows": 669, "Actual Loops": 1, "Inner Unique": false, "Plans": [{"Node Type": "Hash Join", "Parent Relationship": "Outer", "Join Type": "Inner", "Startup Cost": 88251.44, "Total Cost": 149940.3, "Plan Rows": 289936, "Plan Width": 25, "Actual Startup Time": 2465.603, "Actual Total Time": 2813.818, "Actual Rows": 767, "Actual Loops": 1, "Inner Unique": true, "Hash Cond": "(mc.movie_id = t.id), (LLVM Optimized, Jit Execute)", "Plans": [{"Node Type": "Hash Join", "Parent Relationship": "Outer", "Join Type": "Inner", "Startup Cost": 1.05, "Total Cost": 58005.76, "Plan Rows": 209278, "Plan Width": 4, "Actual Startup Time": 860.961, "Actual Total Time": 1208.39, "Actual Rows": 798, "Actual Loops": 1, "Inner Unique": true, "Hash Cond": "(mc.company_type_id = ct.id), (LLVM Optimized, Jit Execute)", "Plans": [{"Node Type": "Seq Scan", "Parent Relationship": "Outer", "Relation Name": "movie_companies", "Alias": "mc", "Startup Cost": 0.0, "Total Cost": 54862.92, "Plan Rows": 418557, "Plan Width": 8, "Actual Startup Time": 0.048, "Actual Total Time": 1154.522, "Actual Rows": 295628, "Actual Loops": 1, "Filter": "(((note)::text !~~ '%(TV)%'::text) AND ((note)::text ~~ '%(USA)%'::text)), (LLVM Optimized, Jit Execute)", "Rows Removed by Filter": 2313500}, {"Node Type": "Hash", "Parent Relationship": "Inner", "Startup Cost": 1.04, "Total Cost": 1.04, "Plan Rows": 1, "Plan Width": 4, "Actual Startup Time": 0.012, "Actual Total Time": 0.012, "Actual Rows": 1, "Actual Loops": 1, "Hash Buckets": 32768, "Hash Batches": 1, "Original Hash Batches": 1, "Peak Memory Usage": 1, "Plans": [{"Node Type": "Seq Scan", "Parent Relationship": "Outer", "Relation Name": "company_type", "Alias": "ct", "Startup Cost": 0.0, "Total Cost": 1.04, "Plan Rows": 1, "Plan Width": 4, "Actual Startup Time": 0.006, "Actual Total Time": 0.007, "Actual Rows": 1, "Actual Loops": 1, "Filter": "((kind)::text = 'production companies'::text)", "Rows Removed by Filter": 2}]}]}, {"Node Type": "Hash", "Parent Relationship": "Inner", "Startup Cost": 66389.89, "Total Cost": 66389.89, "Plan Rows": 1748840, "Plan Width": 21, "Actual Startup Time": 1603.236, "Actual Total Time": 1603.236, "Actual Rows": 1749032, "Actual Loops": 1, "Hash Buckets": 2097152, "Hash Batches": 1, "Original Hash Batches": 1, "Peak Memory Usage": 93635, "Plans": [{"Node Type": "Seq Scan", "Parent Relationship": "Outer", "Relation Name": "title", "Alias": "t", "Startup Cost": 0.0, "Total Cost": 66389.89, "Plan Rows": 1748840, "Plan Width": 21, "Actual Startup Time": 0.043, "Actual Total Time": 924.726, "Actual Rows": 1749032, "Actual Loops": 1, "Filter": "(production_year > 1990), (LLVM Optimized, Jit Execute)", "Rows Removed by Filter": 779279}]}]}, {"Node Type": "Index Scan", "Parent Relationship": "Inner", "Scan Direction": "Forward", "Index Name": "movie_id_movie_info", "Relation Name": "movie_info", "Alias": "mi", "Startup Cost": 0.0, "Total Cost": 0.88, "Plan Rows": 1, "Plan Width": 8, "Actual Startup Time": 25.446, "Actual Total Time": 28.771, "Actual Rows": 669, "Actual Loops": 767, "Index Cond": "(movie_id = t.id)", "Rows Removed by Index Recheck": 0, "Filter": "((info)::text = ANY ('{Sweden,Norway,Germany,Denmark,Swedish,Denish,Norwegian,German,USA,American}'::text[]))", "Rows Removed by Filter": 7721}]}, {"Node Type": "Hash", "Parent Relationship": "Inner", "Startup Cost": 2.12, "Total Cost": 2.12, "Plan Rows": 112, "Plan Width": 4, "Actual Startup Time": 0.092, "Actual Total Time": 0.092, "Actual Rows": 112, "Actual Loops": 1, "Hash Buckets": 32768, "Hash Batches": 1, "Original Hash Batches": 1, "Peak Memory Usage": 4, "Plans": [{"Node Type": "Seq Scan", "Parent Relationship": "Outer", "Relation Name": "info_type", "Alias": "it", "Startup Cost": 0.0, "Total Cost": 2.12, "Plan Rows": 112, "Plan Width": 4, "Actual Startup Time": 0.024, "Actual Total Time": 0.044, "Actual Rows": 112, "Actual Loops": 1}]}]}]}, "Triggers": [], "Planner Runtime": 11.646, "Total Runtime": 2857.721, "Unique SQL Id": 322094867}}, "(1, 37)": {"explain_plan": {"Plan": {"Node Type": "Aggregate", "Strategy": "Plain", "Startup Cost": 467462.25, "Total Cost": 467462.26, "Plan Rows": 1, "Plan Width": 49, "Plans": [{"Node Type": "Hash Join", "Parent Relationship": "Outer", "Join Type": "Inner", "Startup Cost": 138317.1, "Total Cost": 466634.62, "Plan Rows": 331050, "Plan Width": 17, "Inner Unique": true, "Hash Cond": "(mi.info_type_id = it.id), (LLVM Optimized)", "Plans": [{"Node Type": "Nested Loop", "Parent Relationship": "Outer", "Join Type": "Inner", "Startup Cost": 138301.77, "Total Cost": 462249.43, "Plan Rows": 331050, "Plan Width": 21, "Inner Unique": false, "Plans": [{"Node Type": "Hash Join", "Parent Relationship": "Outer", "Join Type": "Inner", "Startup Cost": 138301.77, "Total Cost": 203731.36, "Plan Rows": 289936, "Plan Width": 25, "Inner Unique": true, "Hash Cond": "(mc.movie_id = t.id), (LLVM Optimized)", "Plans": [{"Node Type": "Nested Loop", "Parent Relationship": "Outer", "Join Type": "Inner", "Startup Cost": 0.0, "Total Cost": 61745.44, "Plan Rows": 209278, "Plan Width": 4, "Inner Unique": false, "Plans": [{"Node Type": "Index Scan", "Parent Relationship": "Outer", "Scan Direction": "Forward", "Index Name": "company_type_pkey", "Relation Name": "company_type", "Alias": "ct", "Startup Cost": 0.0, "Total Cost": 12.3, "Plan Rows": 1, "Plan Width": 4, "Filter": "((kind)::text = 'production companies'::text)"}, {"Node Type": "Index Scan", "Parent Relationship": "Inner", "Scan Direction": "Forward", "Index Name": "company_type_id_movie_companies", "Relation Name": "movie_companies", "Alias": "mc", "Startup Cost": 0.0, "Total Cost": 59640.35, "Plan Rows": 209279, "Plan Width": 8, "Index Cond": "(company_type_id = ct.id), (LLVM Optimized)", "Filter": "(((note)::text !~~ '%(TV)%'::text) AND ((note)::text ~~ '%(USA)%'::text)), (LLVM Optimized)"}]}, {"Node Type": "Hash", "Parent Relationship": "Inner", "Startup Cost": 116441.27, "Total Cost": 116441.27, "Plan Rows": 1748840, "Plan Width": 21, "Plans": [{"Node Type": "Index Scan", "Parent Relationship": "Outer", "Scan Direction": "Forward", "Index Name": "title_pkey", "Relation Name": "title", "Alias": "t", "Startup Cost": 0.0, "Total Cost": 116441.27, "Plan Rows": 1748840, "Plan Width": 21, "Filter": "(production_year > 1990), (LLVM Optimized)"}]}]}, {"Node Type": "Index Scan", "Parent Relationship": "Inner", "Scan Direction": "Forward", "Index Name": "movie_id_movie_info", "Relation Name": "movie_info", "Alias": "mi", "Startup Cost": 0.0, "Total Cost": 0.88, "Plan Rows": 1, "Plan Width": 8, "Index Cond": "(movie_id = t.id)", "Filter": "((info)::text = ANY ('{Sweden,Norway,Germany,Denmark,Swedish,Denish,Norwegian,German,USA,American}'::text[]))"}]}, {"Node Type": "Hash", "Parent Relationship": "Inner", "Startup Cost": 13.93, "Total Cost": 13.93, "Plan Rows": 112, "Plan Width": 4, "Plans": [{"Node Type": "Index Scan", "Parent Relationship": "Outer", "Scan Direction": "Forward", "Index Name": "info_type_pkey", "Relation Name": "info_type", "Alias": "it", "Startup Cost": 0.0, "Total Cost": 13.93, "Plan Rows": 112, "Plan Width": 4}]}]}]}, "Unique SQL Id": 322094867}, "explain_analyze_plan": {"Plan": {"Node Type": "Aggregate", "Strategy": "Plain", "Startup Cost": 467462.25, "Total Cost": 467462.26, "Plan Rows": 1, "Plan Width": 49, "Actual Startup Time": 4745.714, "Actual Total Time": 4745.714, "Actual Rows": 1, "Actual Loops": 1, "Plans": [{"Node Type": "Hash Join", "Parent Relationship": "Outer", "Join Type": "Inner", "Startup Cost": 138317.1, "Total Cost": 466634.62, "Plan Rows": 331050, "Plan Width": 17, "Actual Startup Time": 4106.481, "Actual Total Time": 4745.207, "Actual Rows": 669, "Actual Loops": 1, "Inner Unique": true, "Hash Cond": "(mi.info_type_id = it.id), (LLVM Optimized, Jit Execute)", "Plans": [{"Node Type": "Nested Loop", "Parent Relationship": "Outer", "Join Type": "Inner", "Startup Cost": 138301.77, "Total Cost": 462249.43, "Plan Rows": 331050, "Plan Width": 21, "Actual Startup Time": 4106.318, "Actual Total Time": 4744.669, "Actual Rows": 669, "Actual Loops": 1, "Inner Unique": false, "Plans": [{"Node Type": "Hash Join", "Parent Relationship": "Outer", "Join Type": "Inner", "Startup Cost": 138301.77, "Total Cost": 203731.36, "Plan Rows": 289936, "Plan Width": 25, "Actual Startup Time": 4106.252, "Actual Total Time": 4722.17, "Actual Rows": 767, "Actual Loops": 1, "Inner Unique": true, "Hash Cond": "(mc.movie_id = t.id), (LLVM Optimized, Jit Execute)", "Plans": [{"Node Type": "Nested Loop", "Parent Relationship": "Outer", "Join Type": "Inner", "Startup Cost": 0.0, "Total Cost": 61745.44, "Plan Rows": 209278, "Plan Width": 4, "Actual Startup Time": 9.711, "Actual Total Time": 624.827, "Actual Rows": 798, "Actual Loops": 1, "Inner Unique": false, "Plans": [{"Node Type": "Index Scan", "Parent Relationship": "Outer", "Scan Direction": "Forward", "Index Name": "company_type_pkey", "Relation Name": "company_type", "Alias": "ct", "Startup Cost": 0.0, "Total Cost": 12.3, "Plan Rows": 1, "Plan Width": 4, "Actual Startup Time": 0.012, "Actual Total Time": 0.02, "Actual Rows": 1, "Actual Loops": 1, "Filter": "((kind)::text = 'production companies'::text)", "Rows Removed by Filter": 2}, {"Node Type": "Index Scan", "Parent Relationship": "Inner", "Scan Direction": "Forward", "Index Name": "company_type_id_movie_companies", "Relation Name": "movie_companies", "Alias": "mc", "Startup Cost": 0.0, "Total Cost": 59640.35, "Plan Rows": 209279, "Plan Width": 8, "Actual Startup Time": 9.694, "Actual Total Time": 624.563, "Actual Rows": 798, "Actual Loops": 1, "Index Cond": "(company_type_id = ct.id), (LLVM Optimized, Jit Execute)", "Rows Removed by Index Recheck": 0, "Filter": "(((note)::text !~~ '%(TV)%'::text) AND ((note)::text ~~ '%(USA)%'::text)), (LLVM Optimized, Jit Execute)", "Rows Removed by Filter": 1334085}]}, {"Node Type": "Hash", "Parent Relationship": "Inner", "Startup Cost": 116441.27, "Total Cost": 116441.27, "Plan Rows": 1748840, "Plan Width": 21, "Actual Startup Time": 4095.246, "Actual Total Time": 4095.246, "Actual Rows": 1749032, "Actual Loops": 1, "Hash Buckets": 2097152, "Hash Batches": 1, "Original Hash Batches": 1, "Peak Memory Usage": 93635, "Plans": [{"Node Type": "Index Scan", "Parent Relationship": "Outer", "Scan Direction": "Forward", "Index Name": "title_pkey", "Relation Name": "title", "Alias": "t", "Startup Cost": 0.0, "Total Cost": 116441.27, "Plan Rows": 1748840, "Plan Width": 21, "Actual Startup Time": 0.045, "Actual Total Time": 3182.588, "Actual Rows": 1749032, "Actual Loops": 1, "Filter": "(production_year > 1990), (LLVM Optimized, Jit Execute)", "Rows Removed by Filter": 779279}]}]}, {"Node Type": "Index Scan", "Parent Relationship": "Inner", "Scan Direction": "Forward", "Index Name": "movie_id_movie_info", "Relation Name": "movie_info", "Alias": "mi", "Startup Cost": 0.0, "Total Cost": 0.88, "Plan Rows": 1, "Plan Width": 8, "Actual Startup Time": 16.279, "Actual Total Time": 18.603, "Actual Rows": 669, "Actual Loops": 767, "Index Cond": "(movie_id = t.id)", "Rows Removed by Index Recheck": 0, "Filter": "((info)::text = ANY ('{Sweden,Norway,Germany,Denmark,Swedish,Denish,Norwegian,German,USA,American}'::text[]))", "Rows Removed by Filter": 7721}]}, {"Node Type": "Hash", "Parent Relationship": "Inner", "Startup Cost": 13.93, "Total Cost": 13.93, "Plan Rows": 112, "Plan Width": 4, "Actual Startup Time": 0.117, "Actual Total Time": 0.117, "Actual Rows": 112, "Actual Loops": 1, "Hash Buckets": 32768, "Hash Batches": 1, "Original Hash Batches": 1, "Peak Memory Usage": 4, "Plans": [{"Node Type": "Index Scan", "Parent Relationship": "Outer", "Scan Direction": "Forward", "Index Name": "info_type_pkey", "Relation Name": "info_type", "Alias": "it", "Startup Cost": 0.0, "Total Cost": 13.93, "Plan Rows": 112, "Plan Width": 4, "Actual Startup Time": 0.027, "Actual Total Time": 0.074, "Actual Rows": 112, "Actual Loops": 1}]}]}]}, "Triggers": [], "Planner Runtime": 4.033, "Total Runtime": 4755.955, "Unique SQL Id": 322094867}}, "(1, 38)": {"explain_plan": {"Plan": {"Node Type": "Aggregate", "Strategy": "Plain", "Startup Cost": 646202.08, "Total Cost": 646202.09, "Plan Rows": 1, "Plan Width": 49, "Plans": [{"Node Type": "Hash Join", "Parent Relationship": "Outer", "Join Type": "Inner", "Startup Cost": 153568.02, "Total Cost": 645374.46, "Plan Rows": 331050, "Plan Width": 17, "Inner Unique": true, "Hash Cond": "(mi.info_type_id = it.id), (LLVM Optimized)", "Plans": [{"Node Type": "Hash Join", "Parent Relationship": "Outer", "Join Type": "Inner", "Startup Cost": 153564.5, "Total Cost": 640819.0, "Plan Rows": 331050, "Plan Width": 21, "Inner Unique": false, "Hash Cond": "(mi.movie_id = t.id), (LLVM Optimized)", "Plans": [{"Node Type": "Seq Scan", "Parent Relationship": "Outer", "Relation Name": "movie_info", "Alias": "mi", "Startup Cost": 0.0, "Total Cost": 482862.23, "Plan Rows": 726375, "Plan Width": 8, "Filter": "((info)::text = ANY ('{Sweden,Norway,Germany,Denmark,Swedish,Denish,Norwegian,German,USA,American}'::text[]))"}, {"Node Type": "Hash", "Parent Relationship": "Inner", "Startup Cost": 149940.3, "Total Cost": 149940.3, "Plan Rows": 289936, "Plan Width": 25, "Plans": [{"Node Type": "Hash Join", "Parent Relationship": "Outer", "Join Type": "Inner", "Startup Cost": 88251.44, "Total Cost": 149940.3, "Plan Rows": 289936, "Plan Width": 25, "Inner Unique": true, "Hash Cond": "(mc.movie_id = t.id), (LLVM Optimized)", "Plans": [{"Node Type": "Hash Join", "Parent Relationship": "Outer", "Join Type": "Inner", "Startup Cost": 1.05, "Total Cost": 58005.76, "Plan Rows": 209278, "Plan Width": 4, "Inner Unique": true, "Hash Cond": "(mc.company_type_id = ct.id), (LLVM Optimized)", "Plans": [{"Node Type": "Seq Scan", "Parent Relationship": "Outer", "Relation Name": "movie_companies", "Alias": "mc", "Startup Cost": 0.0, "Total Cost": 54862.92, "Plan Rows": 418557, "Plan Width": 8, "Filter": "(((note)::text !~~ '%(TV)%'::text) AND ((note)::text ~~ '%(USA)%'::text)), (LLVM Optimized)"}, {"Node Type": "Hash", "Parent Relationship": "Inner", "Startup Cost": 1.04, "Total Cost": 1.04, "Plan Rows": 1, "Plan Width": 4, "Plans": [{"Node Type": "Seq Scan", "Parent Relationship": "Outer", "Relation Name": "company_type", "Alias": "ct", "Startup Cost": 0.0, "Total Cost": 1.04, "Plan Rows": 1, "Plan Width": 4, "Filter": "((kind)::text = 'production companies'::text)"}]}]}, {"Node Type": "Hash", "Parent Relationship": "Inner", "Startup Cost": 66389.89, "Total Cost": 66389.89, "Plan Rows": 1748840, "Plan Width": 21, "Plans": [{"Node Type": "Seq Scan", "Parent Relationship": "Outer", "Relation Name": "title", "Alias": "t", "Startup Cost": 0.0, "Total Cost": 66389.89, "Plan Rows": 1748840, "Plan Width": 21, "Filter": "(production_year > 1990), (LLVM Optimized)"}]}]}]}]}, {"Node Type": "Hash", "Parent Relationship": "Inner", "Startup Cost": 2.12, "Total Cost": 2.12, "Plan Rows": 112, "Plan Width": 4, "Plans": [{"Node Type": "Seq Scan", "Parent Relationship": "Outer", "Relation Name": "info_type", "Alias": "it", "Startup Cost": 0.0, "Total Cost": 2.12, "Plan Rows": 112, "Plan Width": 4}]}]}]}, "Unique SQL Id": 322094867}, "explain_analyze_plan": null}, "(1, 39)": {"explain_plan": {"Plan": {"Node Type": "Aggregate", "Strategy": "Plain", "Startup Cost": 1000019247502.85, "Total Cost": 1000019247502.86, "Plan Rows": 1, "Plan Width": 49, "Plans": [{"Node Type": "Nested Loop", "Parent Relationship": "Outer", "Join Type": "Inner", "Startup Cost": 10000000001.66, "Total Cost": 1000019246675.23, "Plan Rows": 331050, "Plan Width": 17, "Inner Unique": true, "Plans": [{"Node Type": "Nested Loop", "Parent Relationship": "Outer", "Join Type": "Inner", "Startup Cost": 10000000001.35, "Total Cost": 1000018211114.89, "Plan Rows": 238955, "Plan Width": 8, "Inner Unique": true, "Plans": [{"Node Type": "Nested Loop", "Parent Relationship": "Outer", "Join Type": "Inner", "Startup Cost": 10000000001.09, "Total Cost": 1000017188325.12, "Plan Rows": 238955, "Plan Width": 12, "Inner Unique": false, "Plans": [{"Node Type": "Nested Loop", "Parent Relationship": "Outer", "Join Type": "Inner", "Startup Cost": 10000000000.26, "Total Cost": 1000016149093.12, "Plan Rows": 209278, "Plan Width": 4, "Inner Unique": true, "Plans": [{"Node Type": "Index Scan", "Parent Relationship": "Outer", "Scan Direction": "Forward", "Index Name": "movie_id_movie_companies", "Relation Name": "movie_companies", "Alias": "mc", "Startup Cost": 10000000000.0, "Total Cost": 1000014356510.13, "Plan Rows": 418557, "Plan Width": 8, "Filter": "(((note)::text !~~ '%(TV)%'::text) AND ((note)::text ~~ '%(USA)%'::text)), (LLVM Optimized)"}, {"Node Type": "Bitmap Heap Scan", "Parent Relationship": "Inner", "Relation Name": "company_type", "Alias": "ct", "Startup Cost": 0.26, "Total Cost": 4.27, "Plan Rows": 1, "Plan Width": 4, "Recheck Cond": "(id = mc.company_type_id)", "Filter": "((kind)::text = 'production companies'::text)", "Plans": [{"Node Type": "Bitmap Index Scan", "Parent Relationship": "Outer", "Index Name": "company_type_pkey", "Startup Cost": 0.0, "Total Cost": 0.26, "Plan Rows": 1, "Plan Width": 0, "Index Cond": "(id = mc.company_type_id)"}]}]}, {"Node Type": "Bitmap Heap Scan", "Parent Relationship": "Inner", "Relation Name": "movie_info", "Alias": "mi", "Startup Cost": 0.83, "Total Cost": 4.96, "Plan Rows": 1, "Plan Width": 8, "Recheck Cond": "(movie_id = mc.movie_id)", "Filter": "((info)::text = ANY ('{Sweden,Norway,Germany,Denmark,Swedish,Denish,Norwegian,German,USA,American}'::text[]))", "Plans": [{"Node Type": "Bitmap Index Scan", "Parent Relationship": "Outer", "Index Name": "movie_id_movie_info", "Startup Cost": 0.0, "Total Cost": 0.83, "Plan Rows": 5, "Plan Width": 0, "Index Cond": "(movie_id = mc.movie_id)"}]}]}, {"Node Type": "Bitmap Heap Scan", "Parent Relationship": "Inner", "Relation Name": "info_type", "Alias": "it", "Startup Cost": 0.26, "Total Cost": 4.27, "Plan Rows": 1, "Plan Width": 4, "Recheck Cond": "(id = mi.info_type_id)", "Plans": [{"Node Type": "Bitmap Index Scan", "Parent Relationship": "Outer", "Index Name": "info_type_pkey", "Startup Cost": 0.0, "Total Cost": 0.26, "Plan Rows": 1, "Plan Width": 0, "Index Cond": "(id = mi.info_type_id)"}]}]}, {"Node Type": "Bitmap Heap Scan", "Parent Relationship": "Inner", "Relation Name": "title", "Alias": "t", "Startup Cost": 0.31, "Total Cost": 4.32, "Plan Rows": 1, "Plan Width": 21, "Recheck Cond": "(id = mi.movie_id)", "Filter": "(production_year > 1990)", "Plans": [{"Node Type": "Bitmap Index Scan", "Parent Relationship": "Outer", "Index Name": "title_pkey", "Startup Cost": 0.0, "Total Cost": 0.31, "Plan Rows": 1, "Plan Width": 0, "Index Cond": "(id = mi.movie_id)"}]}]}]}, "Unique SQL Id": 322094867}, "explain_analyze_plan": {"Plan": {"Node Type": "Aggregate", "Strategy": "Plain", "Startup Cost": 1000019247502.85, "Total Cost": 1000019247502.86, "Plan Rows": 1, "Plan Width": 49, "Actual Startup Time": 2983.243, "Actual Total Time": 2983.244, "Actual Rows": 1, "Actual Loops": 1, "Plans": [{"Node Type": "Nested Loop", "Parent Relationship": "Outer", "Join Type": "Inner", "Startup Cost": 10000000001.66, "Total Cost": 1000019246675.23, "Plan Rows": 331050, "Plan Width": 17, "Actual Startup Time": 32.619, "Actual Total Time": 2982.151, "Actual Rows": 669, "Actual Loops": 1, "Inner Unique": true, "Plans": [{"Node Type": "Nested Loop", "Parent Relationship": "Outer", "Join Type": "Inner", "Startup Cost": 10000000001.35, "Total Cost": 1000018211114.89, "Plan Rows": 238955, "Plan Width": 8, "Actual Startup Time": 32.603, "Actual Total Time": 2974.089, "Actual Rows": 691, "Actual Loops": 1, "Inner Unique": true, "Plans": [{"Node Type": "Nested Loop", "Parent Relationship": "Outer", "Join Type": "Inner", "Startup Cost": 10000000001.09, "Total Cost": 1000017188325.12, "Plan Rows": 238955, "Plan Width": 12, "Actual Startup Time": 32.594, "Actual Total Time": 2969.962, "Actual Rows": 691, "Actual Loops": 1, "Inner Unique": false, "Plans": [{"Node Type": "Nested Loop", "Parent Relationship": "Outer", "Join Type": "Inner", "Startup Cost": 10000000000.26, "Total Cost": 1000016149093.12, "Plan Rows": 209278, "Plan Width": 4, "Actual Startup Time": 32.553, "Actual Total Time": 2937.753, "Actual Rows": 798, "Actual Loops": 1, "Inner Unique": true, "Plans": [{"Node Type": "Index Scan", "Parent Relationship": "Outer", "Scan Direction": "Forward", "Index Name": "movie_id_movie_companies", "Relation Name": "movie_companies", "Alias": "mc", "Startup Cost": 10000000000.0, "Total Cost": 1000014356510.13, "Plan Rows": 418557, "Plan Width": 8, "Actual Startup Time": 0.054, "Actual Total Time": 2285.125, "Actual Rows": 295628, "Actual Loops": 1, "Filter": "(((note)::text !~~ '%(TV)%'::text) AND ((note)::text ~~ '%(USA)%'::text)), (LLVM Optimized, Jit Execute)", "Rows Removed by Filter": 2313500}, {"Node Type": "Bitmap Heap Scan", "Parent Relationship": "Inner", "Relation Name": "company_type", "Alias": "ct", "Startup Cost": 0.26, "Total Cost": 4.27, "Plan Rows": 1, "Plan Width": 4, "Actual Startup Time": 341.416, "Actual Total Time": 341.416, "Actual Rows": 798, "Actual Loops": 295628, "Recheck Cond": "(id = mc.company_type_id)", "Rows Removed by Index Recheck": 0, "Filter": "((kind)::text = 'production companies'::text)", "Rows Removed by Filter": 0, "Exact Heap Blocks": 798, "Lossy Heap Blocks": 798, "Plans": [{"Node Type": "Bitmap Index Scan", "Parent Relationship": "Outer", "Index Name": "company_type_pkey", "Startup Cost": 0.0, "Total Cost": 0.26, "Plan Rows": 1, "Plan Width": 0, "Actual Startup Time": 205.492, "Actual Total Time": 205.492, "Actual Rows": 798, "Actual Loops": 295628, "Index Cond": "(id = mc.company_type_id)"}]}]}, {"Node Type": "Bitmap Heap Scan", "Parent Relationship": "Inner", "Relation Name": "movie_info", "Alias": "mi", "Startup Cost": 0.83, "Total Cost": 4.96, "Plan Rows": 1, "Plan Width": 8, "Actual Startup Time": 27.613, "Actual Total Time": 30.269, "Actual Rows": 691, "Actual Loops": 798, "Recheck Cond": "(movie_id = mc.movie_id)", "Rows Removed by Index Recheck": 0, "Filter": "((info)::text = ANY ('{Sweden,Norway,Germany,Denmark,Swedish,Denish,Norwegian,German,USA,American}'::text[]))", "Rows Removed by Filter": 7906, "Exact Heap Blocks": 6397, "Lossy Heap Blocks": 6397, "Plans": [{"Node Type": "Bitmap Index Scan", "Parent Relationship": "Outer", "Index Name": "movie_id_movie_info", "Startup Cost": 0.0, "Total Cost": 0.83, "Plan Rows": 5, "Plan Width": 0, "Actual Startup Time": 6.949, "Actual Total Time": 6.949, "Actual Rows": 8597, "Actual Loops": 798, "Index Cond": "(movie_id = mc.movie_id)"}]}]}, {"Node Type": "Bitmap Heap Scan", "Parent Relationship": "Inner", "Relation Name": "info_type", "Alias": "it", "Startup Cost": 0.26, "Total Cost": 4.27, "Plan Rows": 1, "Plan Width": 4, "Actual Startup Time": 2.573, "Actual Total Time": 2.573, "Actual Rows": 691, "Actual Loops": 691, "Recheck Cond": "(id = mi.info_type_id)", "Rows Removed by Index Recheck": 0, "Exact Heap Blocks": 691, "Lossy Heap Blocks": 691, "Plans": [{"Node Type": "Bitmap Index Scan", "Parent Relationship": "Outer", "Index Name": "info_type_pkey", "Startup Cost": 0.0, "Total Cost": 0.26, "Plan Rows": 1, "Plan Width": 0, "Actual Startup Time": 1.179, "Actual Total Time": 1.179, "Actual Rows": 691, "Actual Loops": 691, "Index Cond": "(id = mi.info_type_id)"}]}]}, {"Node Type": "Bitmap Heap Scan", "Parent Relationship": "Inner", "Relation Name": "title", "Alias": "t", "Startup Cost": 0.31, "Total Cost": 4.32, "Plan Rows": 1, "Plan Width": 21, "Actual Startup Time": 6.58, "Actual Total Time": 6.58, "Actual Rows": 669, "Actual Loops": 691, "Recheck Cond": "(id = mi.movie_id)", "Rows Removed by Index Recheck": 0, "Filter": "(production_year > 1990)", "Rows Removed by Filter": 22, "Exact Heap Blocks": 691, "Lossy Heap Blocks": 691, "Plans": [{"Node Type": "Bitmap Index Scan", "Parent Relationship": "Outer", "Index Name": "title_pkey", "Startup Cost": 0.0, "Total Cost": 0.31, "Plan Rows": 1, "Plan Width": 0, "Actual Startup Time": 3.813, "Actual Total Time": 3.813, "Actual Rows": 691, "Actual Loops": 691, "Index Cond": "(id = mi.movie_id)"}]}]}]}, "Triggers": [], "Planner Runtime": 4.896, "Total Runtime": 2992.474, "Unique SQL Id": 322094867}}, "(1, 40)": {"explain_plan": {"Plan": {"Node Type": "Aggregate", "Strategy": "Plain", "Startup Cost": 413659.37, "Total Cost": 413659.38, "Plan Rows": 1, "Plan Width": 49, "Plans": [{"Node Type": "Hash Join", "Parent Relationship": "Outer", "Join Type": "Inner", "Startup Cost": 88254.96, "Total Cost": 412831.75, "Plan Rows": 331050, "Plan Width": 17, "Inner Unique": true, "Hash Cond": "(mi.info_type_id = it.id), (LLVM Optimized)", "Plans": [{"Node Type": "Nested Loop", "Parent Relationship": "Outer", "Join Type": "Inner", "Startup Cost": 88251.44, "Total Cost": 408458.37, "Plan Rows": 331050, "Plan Width": 21, "Inner Unique": false, "Plans": [{"Node Type": "Hash Join", "Parent Relationship": "Outer", "Join Type": "Inner", "Startup Cost": 88251.44, "Total Cost": 149940.3, "Plan Rows": 289936, "Plan Width": 25, "Inner Unique": true, "Hash Cond": "(mc.movie_id = t.id), (LLVM Optimized)", "Plans": [{"Node Type": "Hash Join", "Parent Relationship": "Outer", "Join Type": "Inner", "Startup Cost": 1.05, "Total Cost": 58005.76, "Plan Rows": 209278, "Plan Width": 4, "Inner Unique": true, "Hash Cond": "(mc.company_type_id = ct.id), (LLVM Optimized)", "Plans": [{"Node Type": "Seq Scan", "Parent Relationship": "Outer", "Relation Name": "movie_companies", "Alias": "mc", "Startup Cost": 0.0, "Total Cost": 54862.92, "Plan Rows": 418557, "Plan Width": 8, "Filter": "(((note)::text !~~ '%(TV)%'::text) AND ((note)::text ~~ '%(USA)%'::text)), (LLVM Optimized)"}, {"Node Type": "Hash", "Parent Relationship": "Inner", "Startup Cost": 1.04, "Total Cost": 1.04, "Plan Rows": 1, "Plan Width": 4, "Plans": [{"Node Type": "Seq Scan", "Parent Relationship": "Outer", "Relation Name": "company_type", "Alias": "ct", "Startup Cost": 0.0, "Total Cost": 1.04, "Plan Rows": 1, "Plan Width": 4, "Filter": "((kind)::text = 'production companies'::text)"}]}]}, {"Node Type": "Hash", "Parent Relationship": "Inner", "Startup Cost": 66389.89, "Total Cost": 66389.89, "Plan Rows": 1748840, "Plan Width": 21, "Plans": [{"Node Type": "Seq Scan", "Parent Relationship": "Outer", "Relation Name": "title", "Alias": "t", "Startup Cost": 0.0, "Total Cost": 66389.89, "Plan Rows": 1748840, "Plan Width": 21, "Filter": "(production_year > 1990), (LLVM Optimized)"}]}]}, {"Node Type": "Index Scan", "Parent Relationship": "Inner", "Scan Direction": "Forward", "Index Name": "movie_id_movie_info", "Relation Name": "movie_info", "Alias": "mi", "Startup Cost": 0.0, "Total Cost": 0.88, "Plan Rows": 1, "Plan Width": 8, "Index Cond": "(movie_id = t.id)", "Filter": "((info)::text = ANY ('{Sweden,Norway,Germany,Denmark,Swedish,Denish,Norwegian,German,USA,American}'::text[]))"}]}, {"Node Type": "Hash", "Parent Relationship": "Inner", "Startup Cost": 2.12, "Total Cost": 2.12, "Plan Rows": 112, "Plan Width": 4, "Plans": [{"Node Type": "Index Only Scan", "Parent Relationship": "Outer", "Scan Direction": "Forward", "Index Name": "info_type_pkey", "Relation Name": "info_type", "Alias": "it", "Startup Cost": 0.0, "Total Cost": 2.12, "Plan Rows": 112, "Plan Width": 4}]}]}]}, "Unique SQL Id": 322094867}, "explain_analyze_plan": {"Plan": {"Node Type": "Aggregate", "Strategy": "Plain", "Startup Cost": 413659.37, "Total Cost": 413659.38, "Plan Rows": 1, "Plan Width": 49, "Actual Startup Time": 2764.239, "Actual Total Time": 2764.24, "Actual Rows": 1, "Actual Loops": 1, "Plans": [{"Node Type": "Hash Join", "Parent Relationship": "Outer", "Join Type": "Inner", "Startup Cost": 88254.96, "Total Cost": 412831.75, "Plan Rows": 331050, "Plan Width": 17, "Actual Startup Time": 2413.46, "Actual Total Time": 2763.712, "Actual Rows": 669, "Actual Loops": 1, "Inner Unique": true, "Hash Cond": "(mi.info_type_id = it.id), (LLVM Optimized, Jit Execute)", "Plans": [{"Node Type": "Nested Loop", "Parent Relationship": "Outer", "Join Type": "Inner", "Startup Cost": 88251.44, "Total Cost": 408458.37, "Plan Rows": 331050, "Plan Width": 21, "Actual Startup Time": 2413.334, "Actual Total Time": 2763.207, "Actual Rows": 669, "Actual Loops": 1, "Inner Unique": false, "Plans": [{"Node Type": "Hash Join", "Parent Relationship": "Outer", "Join Type": "Inner", "Startup Cost": 88251.44, "Total Cost": 149940.3, "Plan Rows": 289936, "Plan Width": 25, "Actual Startup Time": 2413.245, "Actual Total Time": 2741.677, "Actual Rows": 767, "Actual Loops": 1, "Inner Unique": true, "Hash Cond": "(mc.movie_id = t.id), (LLVM Optimized, Jit Execute)", "Plans": [{"Node Type": "Hash Join", "Parent Relationship": "Outer", "Join Type": "Inner", "Startup Cost": 1.05, "Total Cost": 58005.76, "Plan Rows": 209278, "Plan Width": 4, "Actual Startup Time": 896.76, "Actual Total Time": 1224.574, "Actual Rows": 798, "Actual Loops": 1, "Inner Unique": true, "Hash Cond": "(mc.company_type_id = ct.id), (LLVM Optimized, Jit Execute)", "Plans": [{"Node Type": "Seq Scan", "Parent Relationship": "Outer", "Relation Name": "movie_companies", "Alias": "mc", "Startup Cost": 0.0, "Total Cost": 54862.92, "Plan Rows": 418557, "Plan Width": 8, "Actual Startup Time": 0.041, "Actual Total Time": 1170.324, "Actual Rows": 295628, "Actual Loops": 1, "Filter": "(((note)::text !~~ '%(TV)%'::text) AND ((note)::text ~~ '%(USA)%'::text)), (LLVM Optimized, Jit Execute)", "Rows Removed by Filter": 2313500}, {"Node Type": "Hash", "Parent Relationship": "Inner", "Startup Cost": 1.04, "Total Cost": 1.04, "Plan Rows": 1, "Plan Width": 4, "Actual Startup Time": 0.013, "Actual Total Time": 0.013, "Actual Rows": 1, "Actual Loops": 1, "Hash Buckets": 32768, "Hash Batches": 1, "Original Hash Batches": 1, "Peak Memory Usage": 1, "Plans": [{"Node Type": "Seq Scan", "Parent Relationship": "Outer", "Relation Name": "company_type", "Alias": "ct", "Startup Cost": 0.0, "Total Cost": 1.04, "Plan Rows": 1, "Plan Width": 4, "Actual Startup Time": 0.007, "Actual Total Time": 0.009, "Actual Rows": 1, "Actual Loops": 1, "Filter": "((kind)::text = 'production companies'::text)", "Rows Removed by Filter": 2}]}]}, {"Node Type": "Hash", "Parent Relationship": "Inner", "Startup Cost": 66389.89, "Total Cost": 66389.89, "Plan Rows": 1748840, "Plan Width": 21, "Actual Startup Time": 1515.129, "Actual Total Time": 1515.129, "Actual Rows": 1749032, "Actual Loops": 1, "Hash Buckets": 2097152, "Hash Batches": 1, "Original Hash Batches": 1, "Peak Memory Usage": 93635, "Plans": [{"Node Type": "Seq Scan", "Parent Relationship": "Outer", "Relation Name": "title", "Alias": "t", "Startup Cost": 0.0, "Total Cost": 66389.89, "Plan Rows": 1748840, "Plan Width": 21, "Actual Startup Time": 0.047, "Actual Total Time": 897.982, "Actual Rows": 1749032, "Actual Loops": 1, "Filter": "(production_year > 1990), (LLVM Optimized, Jit Execute)", "Rows Removed by Filter": 779279}]}]}, {"Node Type": "Index Scan", "Parent Relationship": "Inner", "Scan Direction": "Forward", "Index Name": "movie_id_movie_info", "Relation Name": "movie_info", "Alias": "mi", "Startup Cost": 0.0, "Total Cost": 0.88, "Plan Rows": 1, "Plan Width": 8, "Actual Startup Time": 15.943, "Actual Total Time": 18.242, "Actual Rows": 669, "Actual Loops": 767, "Index Cond": "(movie_id = t.id)", "Rows Removed by Index Recheck": 0, "Filter": "((info)::text = ANY ('{Sweden,Norway,Germany,Denmark,Swedish,Denish,Norwegian,German,USA,American}'::text[]))", "Rows Removed by Filter": 7721}]}, {"Node Type": "Hash", "Parent Relationship": "Inner", "Startup Cost": 2.12, "Total Cost": 2.12, "Plan Rows": 112, "Plan Width": 4, "Actual Startup Time": 0.075, "Actual Total Time": 0.075, "Actual Rows": 112, "Actual Loops": 1, "Hash Buckets": 32768, "Hash Batches": 1, "Original Hash Batches": 1, "Peak Memory Usage": 4, "Plans": [{"Node Type": "Index Only Scan", "Parent Relationship": "Outer", "Scan Direction": "Forward", "Index Name": "info_type_pkey", "Relation Name": "info_type", "Alias": "it", "Startup Cost": 0.0, "Total Cost": 2.12, "Plan Rows": 112, "Plan Width": 4, "Actual Startup Time": 0.015, "Actual Total Time": 0.036, "Actual Rows": 112, "Actual Loops": 1, "Heap Fetches": 0}]}]}]}, "Triggers": [], "Planner Runtime": 11.615, "Total Runtime": 2774.343, "Unique SQL Id": 322094867}}, "(1, 41)": {"explain_plan": {"Plan": {"Node Type": "Aggregate", "Strategy": "Plain", "Startup Cost": 467458.25, "Total Cost": 467458.26, "Plan Rows": 1, "Plan Width": 49, "Plans": [{"Node Type": "Hash Join", "Parent Relationship": "Outer", "Join Type": "Inner", "Startup Cost": 138313.1, "Total Cost": 466630.62, "Plan Rows": 331050, "Plan Width": 17, "Inner Unique": true, "Hash Cond": "(mi.info_type_id = it.id), (LLVM Optimized)", "Plans": [{"Node Type": "Nested Loop", "Parent Relationship": "Outer", "Join Type": "Inner", "Startup Cost": 138301.77, "Total Cost": 462249.43, "Plan Rows": 331050, "Plan Width": 21, "Inner Unique": false, "Plans": [{"Node Type": "Hash Join", "Parent Relationship": "Outer", "Join Type": "Inner", "Startup Cost": 138301.77, "Total Cost": 203731.36, "Plan Rows": 289936, "Plan Width": 25, "Inner Unique": true, "Hash Cond": "(mc.movie_id = t.id), (LLVM Optimized)", "Plans": [{"Node Type": "Nested Loop", "Parent Relationship": "Outer", "Join Type": "Inner", "Startup Cost": 0.0, "Total Cost": 61745.44, "Plan Rows": 209278, "Plan Width": 4, "Inner Unique": false, "Plans": [{"Node Type": "Index Scan", "Parent Relationship": "Outer", "Scan Direction": "Forward", "Index Name": "company_type_pkey", "Relation Name": "company_type", "Alias": "ct", "Startup Cost": 0.0, "Total Cost": 12.3, "Plan Rows": 1, "Plan Width": 4, "Filter": "((kind)::text = 'production companies'::text)"}, {"Node Type": "Index Scan", "Parent Relationship": "Inner", "Scan Direction": "Forward", "Index Name": "company_type_id_movie_companies", "Relation Name": "movie_companies", "Alias": "mc", "Startup Cost": 0.0, "Total Cost": 59640.35, "Plan Rows": 209279, "Plan Width": 8, "Index Cond": "(company_type_id = ct.id), (LLVM Optimized)", "Filter": "(((note)::text !~~ '%(TV)%'::text) AND ((note)::text ~~ '%(USA)%'::text)), (LLVM Optimized)"}]}, {"Node Type": "Hash", "Parent Relationship": "Inner", "Startup Cost": 116441.27, "Total Cost": 116441.27, "Plan Rows": 1748840, "Plan Width": 21, "Plans": [{"Node Type": "Index Scan", "Parent Relationship": "Outer", "Scan Direction": "Forward", "Index Name": "title_pkey", "Relation Name": "title", "Alias": "t", "Startup Cost": 0.0, "Total Cost": 116441.27, "Plan Rows": 1748840, "Plan Width": 21, "Filter": "(production_year > 1990), (LLVM Optimized)"}]}]}, {"Node Type": "Index Scan", "Parent Relationship": "Inner", "Scan Direction": "Forward", "Index Name": "movie_id_movie_info", "Relation Name": "movie_info", "Alias": "mi", "Startup Cost": 0.0, "Total Cost": 0.88, "Plan Rows": 1, "Plan Width": 8, "Index Cond": "(movie_id = t.id)", "Filter": "((info)::text = ANY ('{Sweden,Norway,Germany,Denmark,Swedish,Denish,Norwegian,German,USA,American}'::text[]))"}]}, {"Node Type": "Hash", "Parent Relationship": "Inner", "Startup Cost": 9.93, "Total Cost": 9.93, "Plan Rows": 112, "Plan Width": 4, "Plans": [{"Node Type": "Index Only Scan", "Parent Relationship": "Outer", "Scan Direction": "Forward", "Index Name": "info_type_pkey", "Relation Name": "info_type", "Alias": "it", "Startup Cost": 0.0, "Total Cost": 9.93, "Plan Rows": 112, "Plan Width": 4}]}]}]}, "Unique SQL Id": 322094867}, "explain_analyze_plan": {"Plan": {"Node Type": "Aggregate", "Strategy": "Plain", "Startup Cost": 467458.25, "Total Cost": 467458.26, "Plan Rows": 1, "Plan Width": 49, "Actual Startup Time": 4471.694, "Actual Total Time": 4471.695, "Actual Rows": 1, "Actual Loops": 1, "Plans": [{"Node Type": "Hash Join", "Parent Relationship": "Outer", "Join Type": "Inner", "Startup Cost": 138313.1, "Total Cost": 466630.62, "Plan Rows": 331050, "Plan Width": 17, "Actual Startup Time": 3833.32, "Actual Total Time": 4471.174, "Actual Rows": 669, "Actual Loops": 1, "Inner Unique": true, "Hash Cond": "(mi.info_type_id = it.id), (LLVM Optimized, Jit Execute)", "Plans": [{"Node Type": "Nested Loop", "Parent Relationship": "Outer", "Join Type": "Inner", "Startup Cost": 138301.77, "Total Cost": 462249.43, "Plan Rows": 331050, "Plan Width": 21, "Actual Startup Time": 3833.069, "Actual Total Time": 4470.518, "Actual Rows": 669, "Actual Loops": 1, "Inner Unique": false, "Plans": [{"Node Type": "Hash Join", "Parent Relationship": "Outer", "Join Type": "Inner", "Startup Cost": 138301.77, "Total Cost": 203731.36, "Plan Rows": 289936, "Plan Width": 25, "Actual Startup Time": 3832.941, "Actual Total Time": 4448.359, "Actual Rows": 767, "Actual Loops": 1, "Inner Unique": true, "Hash Cond": "(mc.movie_id = t.id), (LLVM Optimized, Jit Execute)", "Plans": [{"Node Type": "Nested Loop", "Parent Relationship": "Outer", "Join Type": "Inner", "Startup Cost": 0.0, "Total Cost": 61745.44, "Plan Rows": 209278, "Plan Width": 4, "Actual Startup Time": 8.666, "Actual Total Time": 623.421, "Actual Rows": 798, "Actual Loops": 1, "Inner Unique": false, "Plans": [{"Node Type": "Index Scan", "Parent Relationship": "Outer", "Scan Direction": "Forward", "Index Name": "company_type_pkey", "Relation Name": "company_type", "Alias": "ct", "Startup Cost": 0.0, "Total Cost": 12.3, "Plan Rows": 1, "Plan Width": 4, "Actual Startup Time": 0.04, "Actual Total Time": 0.048, "Actual Rows": 1, "Actual Loops": 1, "Filter": "((kind)::text = 'production companies'::text)", "Rows Removed by Filter": 2}, {"Node Type": "Index Scan", "Parent Relationship": "Inner", "Scan Direction": "Forward", "Index Name": "company_type_id_movie_companies", "Relation Name": "movie_companies", "Alias": "mc", "Startup Cost": 0.0, "Total Cost": 59640.35, "Plan Rows": 209279, "Plan Width": 8, "Actual Startup Time": 8.615, "Actual Total Time": 623.117, "Actual Rows": 798, "Actual Loops": 1, "Index Cond": "(company_type_id = ct.id), (LLVM Optimized, Jit Execute)", "Rows Removed by Index Recheck": 0, "Filter": "(((note)::text !~~ '%(TV)%'::text) AND ((note)::text ~~ '%(USA)%'::text)), (LLVM Optimized, Jit Execute)", "Rows Removed by Filter": 1334085}]}, {"Node Type": "Hash", "Parent Relationship": "Inner", "Startup Cost": 116441.27, "Total Cost": 116441.27, "Plan Rows": 1748840, "Plan Width": 21, "Actual Startup Time": 3822.964, "Actual Total Time": 3822.964, "Actual Rows": 1749032, "Actual Loops": 1, "Hash Buckets": 2097152, "Hash Batches": 1, "Original Hash Batches": 1, "Peak Memory Usage": 93635, "Plans": [{"Node Type": "Index Scan", "Parent Relationship": "Outer", "Scan Direction": "Forward", "Index Name": "title_pkey", "Relation Name": "title", "Alias": "t", "Startup Cost": 0.0, "Total Cost": 116441.27, "Plan Rows": 1748840, "Plan Width": 21, "Actual Startup Time": 0.05, "Actual Total Time": 3089.922, "Actual Rows": 1749032, "Actual Loops": 1, "Filter": "(production_year > 1990), (LLVM Optimized, Jit Execute)", "Rows Removed by Filter": 779279}]}]}, {"Node Type": "Index Scan", "Parent Relationship": "Inner", "Scan Direction": "Forward", "Index Name": "movie_id_movie_info", "Relation Name": "movie_info", "Alias": "mi", "Startup Cost": 0.0, "Total Cost": 0.88, "Plan Rows": 1, "Plan Width": 8, "Actual Startup Time": 16.266, "Actual Total Time": 18.606, "Actual Rows": 669, "Actual Loops": 767, "Index Cond": "(movie_id = t.id)", "Rows Removed by Index Recheck": 0, "Filter": "((info)::text = ANY ('{Sweden,Norway,Germany,Denmark,Swedish,Denish,Norwegian,German,USA,American}'::text[]))", "Rows Removed by Filter": 7721}]}, {"Node Type": "Hash", "Parent Relationship": "Inner", "Startup Cost": 9.93, "Total Cost": 9.93, "Plan Rows": 112, "Plan Width": 4, "Actual Startup Time": 0.1, "Actual Total Time": 0.1, "Actual Rows": 112, "Actual Loops": 1, "Hash Buckets": 32768, "Hash Batches": 1, "Original Hash Batches": 1, "Peak Memory Usage": 4, "Plans": [{"Node Type": "Index Only Scan", "Parent Relationship": "Outer", "Scan Direction": "Forward", "Index Name": "info_type_pkey", "Relation Name": "info_type", "Alias": "it", "Startup Cost": 0.0, "Total Cost": 9.93, "Plan Rows": 112, "Plan Width": 4, "Actual Startup Time": 0.031, "Actual Total Time": 0.052, "Actual Rows": 112, "Actual Loops": 1, "Heap Fetches": 0}]}]}]}, "Triggers": [], "Planner Runtime": 3.997, "Total Runtime": 4481.796, "Unique SQL Id": 322094867}}, "(1, 42)": {"explain_plan": {"Plan": {"Node Type": "Aggregate", "Strategy": "Plain", "Startup Cost": 646202.08, "Total Cost": 646202.09, "Plan Rows": 1, "Plan Width": 49, "Plans": [{"Node Type": "Hash Join", "Parent Relationship": "Outer", "Join Type": "Inner", "Startup Cost": 153568.02, "Total Cost": 645374.46, "Plan Rows": 331050, "Plan Width": 17, "Inner Unique": true, "Hash Cond": "(mi.info_type_id = it.id), (LLVM Optimized)", "Plans": [{"Node Type": "Hash Join", "Parent Relationship": "Outer", "Join Type": "Inner", "Startup Cost": 153564.5, "Total Cost": 640819.0, "Plan Rows": 331050, "Plan Width": 21, "Inner Unique": false, "Hash Cond": "(mi.movie_id = t.id), (LLVM Optimized)", "Plans": [{"Node Type": "Seq Scan", "Parent Relationship": "Outer", "Relation Name": "movie_info", "Alias": "mi", "Startup Cost": 0.0, "Total Cost": 482862.23, "Plan Rows": 726375, "Plan Width": 8, "Filter": "((info)::text = ANY ('{Sweden,Norway,Germany,Denmark,Swedish,Denish,Norwegian,German,USA,American}'::text[]))"}, {"Node Type": "Hash", "Parent Relationship": "Inner", "Startup Cost": 149940.3, "Total Cost": 149940.3, "Plan Rows": 289936, "Plan Width": 25, "Plans": [{"Node Type": "Hash Join", "Parent Relationship": "Outer", "Join Type": "Inner", "Startup Cost": 88251.44, "Total Cost": 149940.3, "Plan Rows": 289936, "Plan Width": 25, "Inner Unique": true, "Hash Cond": "(mc.movie_id = t.id), (LLVM Optimized)", "Plans": [{"Node Type": "Hash Join", "Parent Relationship": "Outer", "Join Type": "Inner", "Startup Cost": 1.05, "Total Cost": 58005.76, "Plan Rows": 209278, "Plan Width": 4, "Inner Unique": true, "Hash Cond": "(mc.company_type_id = ct.id), (LLVM Optimized)", "Plans": [{"Node Type": "Seq Scan", "Parent Relationship": "Outer", "Relation Name": "movie_companies", "Alias": "mc", "Startup Cost": 0.0, "Total Cost": 54862.92, "Plan Rows": 418557, "Plan Width": 8, "Filter": "(((note)::text !~~ '%(TV)%'::text) AND ((note)::text ~~ '%(USA)%'::text)), (LLVM Optimized)"}, {"Node Type": "Hash", "Parent Relationship": "Inner", "Startup Cost": 1.04, "Total Cost": 1.04, "Plan Rows": 1, "Plan Width": 4, "Plans": [{"Node Type": "Seq Scan", "Parent Relationship": "Outer", "Relation Name": "company_type", "Alias": "ct", "Startup Cost": 0.0, "Total Cost": 1.04, "Plan Rows": 1, "Plan Width": 4, "Filter": "((kind)::text = 'production companies'::text)"}]}]}, {"Node Type": "Hash", "Parent Relationship": "Inner", "Startup Cost": 66389.89, "Total Cost": 66389.89, "Plan Rows": 1748840, "Plan Width": 21, "Plans": [{"Node Type": "Seq Scan", "Parent Relationship": "Outer", "Relation Name": "title", "Alias": "t", "Startup Cost": 0.0, "Total Cost": 66389.89, "Plan Rows": 1748840, "Plan Width": 21, "Filter": "(production_year > 1990), (LLVM Optimized)"}]}]}]}]}, {"Node Type": "Hash", "Parent Relationship": "Inner", "Startup Cost": 2.12, "Total Cost": 2.12, "Plan Rows": 112, "Plan Width": 4, "Plans": [{"Node Type": "Seq Scan", "Parent Relationship": "Outer", "Relation Name": "info_type", "Alias": "it", "Startup Cost": 0.0, "Total Cost": 2.12, "Plan Rows": 112, "Plan Width": 4}]}]}]}, "Unique SQL Id": 322094867}, "explain_analyze_plan": null}, "(1, 43)": {"explain_plan": {"Plan": {"Node Type": "Aggregate", "Strategy": "Plain", "Startup Cost": 5008697310776.9, "Total Cost": 5008697310776.91, "Plan Rows": 1, "Plan Width": 49, "Plans": [{"Node Type": "Nested Loop", "Parent Relationship": "Outer", "Join Type": "Inner", "Startup Cost": 50000000000.0, "Total Cost": 5008697309949.27, "Plan Rows": 331050, "Plan Width": 17, "Inner Unique": false, "Join Filter": "(mi.movie_id = t.id), (LLVM Optimized)", "Plans": [{"Node Type": "Index Scan", "Parent Relationship": "Outer", "Scan Direction": "Forward", "Index Name": "title_pkey", "Relation Name": "title", "Alias": "t", "Startup Cost": 10000000000.0, "Total Cost": 1000011644126.66, "Plan Rows": 1748840, "Plan Width": 21, "Filter": "(production_year > 1990), (LLVM Optimized)"}, {"Node Type": "Materialize", "Parent Relationship": "Inner", "Startup Cost": 40000000000.0, "Total Cost": 4002417255487.0, "Plan Rows": 238955, "Plan Width": 8, "Plans": [{"Node Type": "Nested Loop", "Parent Relationship": "Outer", "Join Type": "Inner", "Startup Cost": 40000000000.0, "Total Cost": 4002417254292.22, "Plan Rows": 238955, "Plan Width": 8, "Inner Unique": true, "Join Filter": "(mi.info_type_id = it.id), (LLVM Optimized)", "Plans": [{"Node Type": "Nested Loop", "Parent Relationship": "Outer", "Join Type": "Inner", "Startup Cost": 30000000000.0, "Total Cost": 3002416851854.54, "Plan Rows": 238955, "Plan Width": 12, "Inner Unique": false, "Join Filter": "(mc.movie_id = mi.movie_id), (LLVM Optimized)", "Plans": [{"Node Type": "Nested Loop", "Parent Relationship": "Outer", "Join Type": "Inner", "Startup Cost": 20000000000.0, "Total Cost": 2000014364018.74, "Plan Rows": 209278, "Plan Width": 4, "Inner Unique": true, "Join Filter": "(ct.id = mc.company_type_id), (LLVM Optimized)", "Plans": [{"Node Type": "Index Scan", "Parent Relationship": "Outer", "Scan Direction": "Forward", "Index Name": "movie_id_movie_companies", "Relation Name": "movie_companies", "Alias": "mc", "Startup Cost": 10000000000.0, "Total Cost": 1000014356510.13, "Plan Rows": 418557, "Plan Width": 8, "Filter": "(((note)::text !~~ '%(TV)%'::text) AND ((note)::text ~~ '%(USA)%'::text)), (LLVM Optimized)"}, {"Node Type": "Materialize", "Parent Relationship": "Inner", "Startup Cost": 10000000000.0, "Total Cost": 1000000001230.26, "Plan Rows": 1, "Plan Width": 4, "Plans": [{"Node Type": "Index Scan", "Parent Relationship": "Outer", "Scan Direction": "Forward", "Index Name": "company_type_pkey", "Relation Name": "company_type", "Alias": "ct", "Startup Cost": 10000000000.0, "Total Cost": 1000000001230.25, "Plan Rows": 1, "Plan Width": 4, "Filter": "((kind)::text = 'production companies'::text)"}]}]}, {"Node Type": "Materialize", "Parent Relationship": "Inner", "Startup Cost": 10000000000.0, "Total Cost": 1000122275042.99, "Plan Rows": 726375, "Plan Width": 8, "Plans": [{"Node Type": "Index Scan", "Parent Relationship": "Outer", "Scan Direction": "Forward", "Index Name": "info_type_id_movie_info", "Relation Name": "movie_info", "Alias": "mi", "Startup Cost": 10000000000.0, "Total Cost": 1000122271411.12, "Plan Rows": 726375, "Plan Width": 8, "Filter": "((info)::text = ANY ('{Sweden,Norway,Germany,Denmark,Swedish,Denish,Norwegian,German,USA,American}'::text[]))"}]}]}, {"Node Type": "Materialize", "Parent Relationship": "Inner", "Startup Cost": 10000000000.0, "Total Cost": 1000000000993.56, "Plan Rows": 112, "Plan Width": 4, "Plans": [{"Node Type": "Index Only Scan", "Parent Relationship": "Outer", "Scan Direction": "Forward", "Index Name": "info_type_pkey", "Relation Name": "info_type", "Alias": "it", "Startup Cost": 10000000000.0, "Total Cost": 1000000000993.0, "Plan Rows": 112, "Plan Width": 4}]}]}]}]}]}, "Unique SQL Id": 322094867}, "explain_analyze_plan": null}, "(1, 44)": {"explain_plan": {"Plan": {"Node Type": "Aggregate", "Strategy": "Plain", "Startup Cost": 413659.37, "Total Cost": 413659.38, "Plan Rows": 1, "Plan Width": 49, "Plans": [{"Node Type": "Hash Join", "Parent Relationship": "Outer", "Join Type": "Inner", "Startup Cost": 88254.96, "Total Cost": 412831.75, "Plan Rows": 331050, "Plan Width": 17, "Inner Unique": true, "Hash Cond": "(mi.info_type_id = it.id), (LLVM Optimized)", "Plans": [{"Node Type": "Nested Loop", "Parent Relationship": "Outer", "Join Type": "Inner", "Startup Cost": 88251.44, "Total Cost": 408458.37, "Plan Rows": 331050, "Plan Width": 21, "Inner Unique": false, "Plans": [{"Node Type": "Hash Join", "Parent Relationship": "Outer", "Join Type": "Inner", "Startup Cost": 88251.44, "Total Cost": 149940.3, "Plan Rows": 289936, "Plan Width": 25, "Inner Unique": true, "Hash Cond": "(mc.movie_id = t.id), (LLVM Optimized)", "Plans": [{"Node Type": "Hash Join", "Parent Relationship": "Outer", "Join Type": "Inner", "Startup Cost": 1.05, "Total Cost": 58005.76, "Plan Rows": 209278, "Plan Width": 4, "Inner Unique": true, "Hash Cond": "(mc.company_type_id = ct.id), (LLVM Optimized)", "Plans": [{"Node Type": "Seq Scan", "Parent Relationship": "Outer", "Relation Name": "movie_companies", "Alias": "mc", "Startup Cost": 0.0, "Total Cost": 54862.92, "Plan Rows": 418557, "Plan Width": 8, "Filter": "(((note)::text !~~ '%(TV)%'::text) AND ((note)::text ~~ '%(USA)%'::text)), (LLVM Optimized)"}, {"Node Type": "Hash", "Parent Relationship": "Inner", "Startup Cost": 1.04, "Total Cost": 1.04, "Plan Rows": 1, "Plan Width": 4, "Plans": [{"Node Type": "Seq Scan", "Parent Relationship": "Outer", "Relation Name": "company_type", "Alias": "ct", "Startup Cost": 0.0, "Total Cost": 1.04, "Plan Rows": 1, "Plan Width": 4, "Filter": "((kind)::text = 'production companies'::text)"}]}]}, {"Node Type": "Hash", "Parent Relationship": "Inner", "Startup Cost": 66389.89, "Total Cost": 66389.89, "Plan Rows": 1748840, "Plan Width": 21, "Plans": [{"Node Type": "Seq Scan", "Parent Relationship": "Outer", "Relation Name": "title", "Alias": "t", "Startup Cost": 0.0, "Total Cost": 66389.89, "Plan Rows": 1748840, "Plan Width": 21, "Filter": "(production_year > 1990), (LLVM Optimized)"}]}]}, {"Node Type": "Index Scan", "Parent Relationship": "Inner", "Scan Direction": "Forward", "Index Name": "movie_id_movie_info", "Relation Name": "movie_info", "Alias": "mi", "Startup Cost": 0.0, "Total Cost": 0.88, "Plan Rows": 1, "Plan Width": 8, "Index Cond": "(movie_id = t.id)", "Filter": "((info)::text = ANY ('{Sweden,Norway,Germany,Denmark,Swedish,Denish,Norwegian,German,USA,American}'::text[]))"}]}, {"Node Type": "Hash", "Parent Relationship": "Inner", "Startup Cost": 2.12, "Total Cost": 2.12, "Plan Rows": 112, "Plan Width": 4, "Plans": [{"Node Type": "Seq Scan", "Parent Relationship": "Outer", "Relation Name": "info_type", "Alias": "it", "Startup Cost": 0.0, "Total Cost": 2.12, "Plan Rows": 112, "Plan Width": 4}]}]}]}, "Unique SQL Id": 322094867}, "explain_analyze_plan": {"Plan": {"Node Type": "Aggregate", "Strategy": "Plain", "Startup Cost": 413659.37, "Total Cost": 413659.38, "Plan Rows": 1, "Plan Width": 49, "Actual Startup Time": 2847.577, "Actual Total Time": 2847.578, "Actual Rows": 1, "Actual Loops": 1, "Plans": [{"Node Type": "Hash Join", "Parent Relationship": "Outer", "Join Type": "Inner", "Startup Cost": 88254.96, "Total Cost": 412831.75, "Plan Rows": 331050, "Plan Width": 17, "Actual Startup Time": 2465.807, "Actual Total Time": 2847.12, "Actual Rows": 669, "Actual Loops": 1, "Inner Unique": true, "Hash Cond": "(mi.info_type_id = it.id), (LLVM Optimized, Jit Execute)", "Plans": [{"Node Type": "Nested Loop", "Parent Relationship": "Outer", "Join Type": "Inner", "Startup Cost": 88251.44, "Total Cost": 408458.37, "Plan Rows": 331050, "Plan Width": 21, "Actual Startup Time": 2465.668, "Actual Total Time": 2846.565, "Actual Rows": 669, "Actual Loops": 1, "Inner Unique": false, "Plans": [{"Node Type": "Hash Join", "Parent Relationship": "Outer", "Join Type": "Inner", "Startup Cost": 88251.44, "Total Cost": 149940.3, "Plan Rows": 289936, "Plan Width": 25, "Actual Startup Time": 2465.603, "Actual Total Time": 2813.818, "Actual Rows": 767, "Actual Loops": 1, "Inner Unique": true, "Hash Cond": "(mc.movie_id = t.id), (LLVM Optimized, Jit Execute)", "Plans": [{"Node Type": "Hash Join", "Parent Relationship": "Outer", "Join Type": "Inner", "Startup Cost": 1.05, "Total Cost": 58005.76, "Plan Rows": 209278, "Plan Width": 4, "Actual Startup Time": 860.961, "Actual Total Time": 1208.39, "Actual Rows": 798, "Actual Loops": 1, "Inner Unique": true, "Hash Cond": "(mc.company_type_id = ct.id), (LLVM Optimized, Jit Execute)", "Plans": [{"Node Type": "Seq Scan", "Parent Relationship": "Outer", "Relation Name": "movie_companies", "Alias": "mc", "Startup Cost": 0.0, "Total Cost": 54862.92, "Plan Rows": 418557, "Plan Width": 8, "Actual Startup Time": 0.048, "Actual Total Time": 1154.522, "Actual Rows": 295628, "Actual Loops": 1, "Filter": "(((note)::text !~~ '%(TV)%'::text) AND ((note)::text ~~ '%(USA)%'::text)), (LLVM Optimized, Jit Execute)", "Rows Removed by Filter": 2313500}, {"Node Type": "Hash", "Parent Relationship": "Inner", "Startup Cost": 1.04, "Total Cost": 1.04, "Plan Rows": 1, "Plan Width": 4, "Actual Startup Time": 0.012, "Actual Total Time": 0.012, "Actual Rows": 1, "Actual Loops": 1, "Hash Buckets": 32768, "Hash Batches": 1, "Original Hash Batches": 1, "Peak Memory Usage": 1, "Plans": [{"Node Type": "Seq Scan", "Parent Relationship": "Outer", "Relation Name": "company_type", "Alias": "ct", "Startup Cost": 0.0, "Total Cost": 1.04, "Plan Rows": 1, "Plan Width": 4, "Actual Startup Time": 0.006, "Actual Total Time": 0.007, "Actual Rows": 1, "Actual Loops": 1, "Filter": "((kind)::text = 'production companies'::text)", "Rows Removed by Filter": 2}]}]}, {"Node Type": "Hash", "Parent Relationship": "Inner", "Startup Cost": 66389.89, "Total Cost": 66389.89, "Plan Rows": 1748840, "Plan Width": 21, "Actual Startup Time": 1603.236, "Actual Total Time": 1603.236, "Actual Rows": 1749032, "Actual Loops": 1, "Hash Buckets": 2097152, "Hash Batches": 1, "Original Hash Batches": 1, "Peak Memory Usage": 93635, "Plans": [{"Node Type": "Seq Scan", "Parent Relationship": "Outer", "Relation Name": "title", "Alias": "t", "Startup Cost": 0.0, "Total Cost": 66389.89, "Plan Rows": 1748840, "Plan Width": 21, "Actual Startup Time": 0.043, "Actual Total Time": 924.726, "Actual Rows": 1749032, "Actual Loops": 1, "Filter": "(production_year > 1990), (LLVM Optimized, Jit Execute)", "Rows Removed by Filter": 779279}]}]}, {"Node Type": "Index Scan", "Parent Relationship": "Inner", "Scan Direction": "Forward", "Index Name": "movie_id_movie_info", "Relation Name": "movie_info", "Alias": "mi", "Startup Cost": 0.0, "Total Cost": 0.88, "Plan Rows": 1, "Plan Width": 8, "Actual Startup Time": 25.446, "Actual Total Time": 28.771, "Actual Rows": 669, "Actual Loops": 767, "Index Cond": "(movie_id = t.id)", "Rows Removed by Index Recheck": 0, "Filter": "((info)::text = ANY ('{Sweden,Norway,Germany,Denmark,Swedish,Denish,Norwegian,German,USA,American}'::text[]))", "Rows Removed by Filter": 7721}]}, {"Node Type": "Hash", "Parent Relationship": "Inner", "Startup Cost": 2.12, "Total Cost": 2.12, "Plan Rows": 112, "Plan Width": 4, "Actual Startup Time": 0.092, "Actual Total Time": 0.092, "Actual Rows": 112, "Actual Loops": 1, "Hash Buckets": 32768, "Hash Batches": 1, "Original Hash Batches": 1, "Peak Memory Usage": 4, "Plans": [{"Node Type": "Seq Scan", "Parent Relationship": "Outer", "Relation Name": "info_type", "Alias": "it", "Startup Cost": 0.0, "Total Cost": 2.12, "Plan Rows": 112, "Plan Width": 4, "Actual Startup Time": 0.024, "Actual Total Time": 0.044, "Actual Rows": 112, "Actual Loops": 1}]}]}]}, "Triggers": [], "Planner Runtime": 11.646, "Total Runtime": 2857.721, "Unique SQL Id": 322094867}}, "(1, 45)": {"explain_plan": {"Plan": {"Node Type": "Aggregate", "Strategy": "Plain", "Startup Cost": 467462.25, "Total Cost": 467462.26, "Plan Rows": 1, "Plan Width": 49, "Plans": [{"Node Type": "Hash Join", "Parent Relationship": "Outer", "Join Type": "Inner", "Startup Cost": 138317.1, "Total Cost": 466634.62, "Plan Rows": 331050, "Plan Width": 17, "Inner Unique": true, "Hash Cond": "(mi.info_type_id = it.id), (LLVM Optimized)", "Plans": [{"Node Type": "Nested Loop", "Parent Relationship": "Outer", "Join Type": "Inner", "Startup Cost": 138301.77, "Total Cost": 462249.43, "Plan Rows": 331050, "Plan Width": 21, "Inner Unique": false, "Plans": [{"Node Type": "Hash Join", "Parent Relationship": "Outer", "Join Type": "Inner", "Startup Cost": 138301.77, "Total Cost": 203731.36, "Plan Rows": 289936, "Plan Width": 25, "Inner Unique": true, "Hash Cond": "(mc.movie_id = t.id), (LLVM Optimized)", "Plans": [{"Node Type": "Nested Loop", "Parent Relationship": "Outer", "Join Type": "Inner", "Startup Cost": 0.0, "Total Cost": 61745.44, "Plan Rows": 209278, "Plan Width": 4, "Inner Unique": false, "Plans": [{"Node Type": "Index Scan", "Parent Relationship": "Outer", "Scan Direction": "Forward", "Index Name": "company_type_pkey", "Relation Name": "company_type", "Alias": "ct", "Startup Cost": 0.0, "Total Cost": 12.3, "Plan Rows": 1, "Plan Width": 4, "Filter": "((kind)::text = 'production companies'::text)"}, {"Node Type": "Index Scan", "Parent Relationship": "Inner", "Scan Direction": "Forward", "Index Name": "company_type_id_movie_companies", "Relation Name": "movie_companies", "Alias": "mc", "Startup Cost": 0.0, "Total Cost": 59640.35, "Plan Rows": 209279, "Plan Width": 8, "Index Cond": "(company_type_id = ct.id), (LLVM Optimized)", "Filter": "(((note)::text !~~ '%(TV)%'::text) AND ((note)::text ~~ '%(USA)%'::text)), (LLVM Optimized)"}]}, {"Node Type": "Hash", "Parent Relationship": "Inner", "Startup Cost": 116441.27, "Total Cost": 116441.27, "Plan Rows": 1748840, "Plan Width": 21, "Plans": [{"Node Type": "Index Scan", "Parent Relationship": "Outer", "Scan Direction": "Forward", "Index Name": "title_pkey", "Relation Name": "title", "Alias": "t", "Startup Cost": 0.0, "Total Cost": 116441.27, "Plan Rows": 1748840, "Plan Width": 21, "Filter": "(production_year > 1990), (LLVM Optimized)"}]}]}, {"Node Type": "Index Scan", "Parent Relationship": "Inner", "Scan Direction": "Forward", "Index Name": "movie_id_movie_info", "Relation Name": "movie_info", "Alias": "mi", "Startup Cost": 0.0, "Total Cost": 0.88, "Plan Rows": 1, "Plan Width": 8, "Index Cond": "(movie_id = t.id)", "Filter": "((info)::text = ANY ('{Sweden,Norway,Germany,Denmark,Swedish,Denish,Norwegian,German,USA,American}'::text[]))"}]}, {"Node Type": "Hash", "Parent Relationship": "Inner", "Startup Cost": 13.93, "Total Cost": 13.93, "Plan Rows": 112, "Plan Width": 4, "Plans": [{"Node Type": "Index Scan", "Parent Relationship": "Outer", "Scan Direction": "Forward", "Index Name": "info_type_pkey", "Relation Name": "info_type", "Alias": "it", "Startup Cost": 0.0, "Total Cost": 13.93, "Plan Rows": 112, "Plan Width": 4}]}]}]}, "Unique SQL Id": 322094867}, "explain_analyze_plan": {"Plan": {"Node Type": "Aggregate", "Strategy": "Plain", "Startup Cost": 467462.25, "Total Cost": 467462.26, "Plan Rows": 1, "Plan Width": 49, "Actual Startup Time": 4745.714, "Actual Total Time": 4745.714, "Actual Rows": 1, "Actual Loops": 1, "Plans": [{"Node Type": "Hash Join", "Parent Relationship": "Outer", "Join Type": "Inner", "Startup Cost": 138317.1, "Total Cost": 466634.62, "Plan Rows": 331050, "Plan Width": 17, "Actual Startup Time": 4106.481, "Actual Total Time": 4745.207, "Actual Rows": 669, "Actual Loops": 1, "Inner Unique": true, "Hash Cond": "(mi.info_type_id = it.id), (LLVM Optimized, Jit Execute)", "Plans": [{"Node Type": "Nested Loop", "Parent Relationship": "Outer", "Join Type": "Inner", "Startup Cost": 138301.77, "Total Cost": 462249.43, "Plan Rows": 331050, "Plan Width": 21, "Actual Startup Time": 4106.318, "Actual Total Time": 4744.669, "Actual Rows": 669, "Actual Loops": 1, "Inner Unique": false, "Plans": [{"Node Type": "Hash Join", "Parent Relationship": "Outer", "Join Type": "Inner", "Startup Cost": 138301.77, "Total Cost": 203731.36, "Plan Rows": 289936, "Plan Width": 25, "Actual Startup Time": 4106.252, "Actual Total Time": 4722.17, "Actual Rows": 767, "Actual Loops": 1, "Inner Unique": true, "Hash Cond": "(mc.movie_id = t.id), (LLVM Optimized, Jit Execute)", "Plans": [{"Node Type": "Nested Loop", "Parent Relationship": "Outer", "Join Type": "Inner", "Startup Cost": 0.0, "Total Cost": 61745.44, "Plan Rows": 209278, "Plan Width": 4, "Actual Startup Time": 9.711, "Actual Total Time": 624.827, "Actual Rows": 798, "Actual Loops": 1, "Inner Unique": false, "Plans": [{"Node Type": "Index Scan", "Parent Relationship": "Outer", "Scan Direction": "Forward", "Index Name": "company_type_pkey", "Relation Name": "company_type", "Alias": "ct", "Startup Cost": 0.0, "Total Cost": 12.3, "Plan Rows": 1, "Plan Width": 4, "Actual Startup Time": 0.012, "Actual Total Time": 0.02, "Actual Rows": 1, "Actual Loops": 1, "Filter": "((kind)::text = 'production companies'::text)", "Rows Removed by Filter": 2}, {"Node Type": "Index Scan", "Parent Relationship": "Inner", "Scan Direction": "Forward", "Index Name": "company_type_id_movie_companies", "Relation Name": "movie_companies", "Alias": "mc", "Startup Cost": 0.0, "Total Cost": 59640.35, "Plan Rows": 209279, "Plan Width": 8, "Actual Startup Time": 9.694, "Actual Total Time": 624.563, "Actual Rows": 798, "Actual Loops": 1, "Index Cond": "(company_type_id = ct.id), (LLVM Optimized, Jit Execute)", "Rows Removed by Index Recheck": 0, "Filter": "(((note)::text !~~ '%(TV)%'::text) AND ((note)::text ~~ '%(USA)%'::text)), (LLVM Optimized, Jit Execute)", "Rows Removed by Filter": 1334085}]}, {"Node Type": "Hash", "Parent Relationship": "Inner", "Startup Cost": 116441.27, "Total Cost": 116441.27, "Plan Rows": 1748840, "Plan Width": 21, "Actual Startup Time": 4095.246, "Actual Total Time": 4095.246, "Actual Rows": 1749032, "Actual Loops": 1, "Hash Buckets": 2097152, "Hash Batches": 1, "Original Hash Batches": 1, "Peak Memory Usage": 93635, "Plans": [{"Node Type": "Index Scan", "Parent Relationship": "Outer", "Scan Direction": "Forward", "Index Name": "title_pkey", "Relation Name": "title", "Alias": "t", "Startup Cost": 0.0, "Total Cost": 116441.27, "Plan Rows": 1748840, "Plan Width": 21, "Actual Startup Time": 0.045, "Actual Total Time": 3182.588, "Actual Rows": 1749032, "Actual Loops": 1, "Filter": "(production_year > 1990), (LLVM Optimized, Jit Execute)", "Rows Removed by Filter": 779279}]}]}, {"Node Type": "Index Scan", "Parent Relationship": "Inner", "Scan Direction": "Forward", "Index Name": "movie_id_movie_info", "Relation Name": "movie_info", "Alias": "mi", "Startup Cost": 0.0, "Total Cost": 0.88, "Plan Rows": 1, "Plan Width": 8, "Actual Startup Time": 16.279, "Actual Total Time": 18.603, "Actual Rows": 669, "Actual Loops": 767, "Index Cond": "(movie_id = t.id)", "Rows Removed by Index Recheck": 0, "Filter": "((info)::text = ANY ('{Sweden,Norway,Germany,Denmark,Swedish,Denish,Norwegian,German,USA,American}'::text[]))", "Rows Removed by Filter": 7721}]}, {"Node Type": "Hash", "Parent Relationship": "Inner", "Startup Cost": 13.93, "Total Cost": 13.93, "Plan Rows": 112, "Plan Width": 4, "Actual Startup Time": 0.117, "Actual Total Time": 0.117, "Actual Rows": 112, "Actual Loops": 1, "Hash Buckets": 32768, "Hash Batches": 1, "Original Hash Batches": 1, "Peak Memory Usage": 4, "Plans": [{"Node Type": "Index Scan", "Parent Relationship": "Outer", "Scan Direction": "Forward", "Index Name": "info_type_pkey", "Relation Name": "info_type", "Alias": "it", "Startup Cost": 0.0, "Total Cost": 13.93, "Plan Rows": 112, "Plan Width": 4, "Actual Startup Time": 0.027, "Actual Total Time": 0.074, "Actual Rows": 112, "Actual Loops": 1}]}]}]}, "Triggers": [], "Planner Runtime": 4.033, "Total Runtime": 4755.955, "Unique SQL Id": 322094867}}, "(1, 46)": {"explain_plan": {"Plan": {"Node Type": "Aggregate", "Strategy": "Plain", "Startup Cost": 646202.08, "Total Cost": 646202.09, "Plan Rows": 1, "Plan Width": 49, "Plans": [{"Node Type": "Hash Join", "Parent Relationship": "Outer", "Join Type": "Inner", "Startup Cost": 153568.02, "Total Cost": 645374.46, "Plan Rows": 331050, "Plan Width": 17, "Inner Unique": true, "Hash Cond": "(mi.info_type_id = it.id), (LLVM Optimized)", "Plans": [{"Node Type": "Hash Join", "Parent Relationship": "Outer", "Join Type": "Inner", "Startup Cost": 153564.5, "Total Cost": 640819.0, "Plan Rows": 331050, "Plan Width": 21, "Inner Unique": false, "Hash Cond": "(mi.movie_id = t.id), (LLVM Optimized)", "Plans": [{"Node Type": "Seq Scan", "Parent Relationship": "Outer", "Relation Name": "movie_info", "Alias": "mi", "Startup Cost": 0.0, "Total Cost": 482862.23, "Plan Rows": 726375, "Plan Width": 8, "Filter": "((info)::text = ANY ('{Sweden,Norway,Germany,Denmark,Swedish,Denish,Norwegian,German,USA,American}'::text[]))"}, {"Node Type": "Hash", "Parent Relationship": "Inner", "Startup Cost": 149940.3, "Total Cost": 149940.3, "Plan Rows": 289936, "Plan Width": 25, "Plans": [{"Node Type": "Hash Join", "Parent Relationship": "Outer", "Join Type": "Inner", "Startup Cost": 88251.44, "Total Cost": 149940.3, "Plan Rows": 289936, "Plan Width": 25, "Inner Unique": true, "Hash Cond": "(mc.movie_id = t.id), (LLVM Optimized)", "Plans": [{"Node Type": "Hash Join", "Parent Relationship": "Outer", "Join Type": "Inner", "Startup Cost": 1.05, "Total Cost": 58005.76, "Plan Rows": 209278, "Plan Width": 4, "Inner Unique": true, "Hash Cond": "(mc.company_type_id = ct.id), (LLVM Optimized)", "Plans": [{"Node Type": "Seq Scan", "Parent Relationship": "Outer", "Relation Name": "movie_companies", "Alias": "mc", "Startup Cost": 0.0, "Total Cost": 54862.92, "Plan Rows": 418557, "Plan Width": 8, "Filter": "(((note)::text !~~ '%(TV)%'::text) AND ((note)::text ~~ '%(USA)%'::text)), (LLVM Optimized)"}, {"Node Type": "Hash", "Parent Relationship": "Inner", "Startup Cost": 1.04, "Total Cost": 1.04, "Plan Rows": 1, "Plan Width": 4, "Plans": [{"Node Type": "Seq Scan", "Parent Relationship": "Outer", "Relation Name": "company_type", "Alias": "ct", "Startup Cost": 0.0, "Total Cost": 1.04, "Plan Rows": 1, "Plan Width": 4, "Filter": "((kind)::text = 'production companies'::text)"}]}]}, {"Node Type": "Hash", "Parent Relationship": "Inner", "Startup Cost": 66389.89, "Total Cost": 66389.89, "Plan Rows": 1748840, "Plan Width": 21, "Plans": [{"Node Type": "Seq Scan", "Parent Relationship": "Outer", "Relation Name": "title", "Alias": "t", "Startup Cost": 0.0, "Total Cost": 66389.89, "Plan Rows": 1748840, "Plan Width": 21, "Filter": "(production_year > 1990), (LLVM Optimized)"}]}]}]}]}, {"Node Type": "Hash", "Parent Relationship": "Inner", "Startup Cost": 2.12, "Total Cost": 2.12, "Plan Rows": 112, "Plan Width": 4, "Plans": [{"Node Type": "Seq Scan", "Parent Relationship": "Outer", "Relation Name": "info_type", "Alias": "it", "Startup Cost": 0.0, "Total Cost": 2.12, "Plan Rows": 112, "Plan Width": 4}]}]}]}, "Unique SQL Id": 322094867}, "explain_analyze_plan": null}, "(1, 47)": {"explain_plan": {"Plan": {"Node Type": "Aggregate", "Strategy": "Plain", "Startup Cost": 5008697311176.9, "Total Cost": 5008697311176.91, "Plan Rows": 1, "Plan Width": 49, "Plans": [{"Node Type": "Nested Loop", "Parent Relationship": "Outer", "Join Type": "Inner", "Startup Cost": 50000000000.0, "Total Cost": 5008697310349.27, "Plan Rows": 331050, "Plan Width": 17, "Inner Unique": false, "Join Filter": "(mi.movie_id = t.id), (LLVM Optimized)", "Plans": [{"Node Type": "Index Scan", "Parent Relationship": "Outer", "Scan Direction": "Forward", "Index Name": "title_pkey", "Relation Name": "title", "Alias": "t", "Startup Cost": 10000000000.0, "Total Cost": 1000011644126.66, "Plan Rows": 1748840, "Plan Width": 21, "Filter": "(production_year > 1990), (LLVM Optimized)"}, {"Node Type": "Materialize", "Parent Relationship": "Inner", "Startup Cost": 40000000000.0, "Total Cost": 4002417255887.0, "Plan Rows": 238955, "Plan Width": 8, "Plans": [{"Node Type": "Nested Loop", "Parent Relationship": "Outer", "Join Type": "Inner", "Startup Cost": 40000000000.0, "Total Cost": 4002417254692.22, "Plan Rows": 238955, "Plan Width": 8, "Inner Unique": true, "Join Filter": "(mi.info_type_id = it.id), (LLVM Optimized)", "Plans": [{"Node Type": "Nested Loop", "Parent Relationship": "Outer", "Join Type": "Inner", "Startup Cost": 30000000000.0, "Total Cost": 3002416851854.54, "Plan Rows": 238955, "Plan Width": 12, "Inner Unique": false, "Join Filter": "(mc.movie_id = mi.movie_id), (LLVM Optimized)", "Plans": [{"Node Type": "Nested Loop", "Parent Relationship": "Outer", "Join Type": "Inner", "Startup Cost": 20000000000.0, "Total Cost": 2000014364018.74, "Plan Rows": 209278, "Plan Width": 4, "Inner Unique": true, "Join Filter": "(ct.id = mc.company_type_id), (LLVM Optimized)", "Plans": [{"Node Type": "Index Scan", "Parent Relationship": "Outer", "Scan Direction": "Forward", "Index Name": "movie_id_movie_companies", "Relation Name": "movie_companies", "Alias": "mc", "Startup Cost": 10000000000.0, "Total Cost": 1000014356510.13, "Plan Rows": 418557, "Plan Width": 8, "Filter": "(((note)::text !~~ '%(TV)%'::text) AND ((note)::text ~~ '%(USA)%'::text)), (LLVM Optimized)"}, {"Node Type": "Materialize", "Parent Relationship": "Inner", "Startup Cost": 10000000000.0, "Total Cost": 1000000001230.26, "Plan Rows": 1, "Plan Width": 4, "Plans": [{"Node Type": "Index Scan", "Parent Relationship": "Outer", "Scan Direction": "Forward", "Index Name": "company_type_pkey", "Relation Name": "company_type", "Alias": "ct", "Startup Cost": 10000000000.0, "Total Cost": 1000000001230.25, "Plan Rows": 1, "Plan Width": 4, "Filter": "((kind)::text = 'production companies'::text)"}]}]}, {"Node Type": "Materialize", "Parent Relationship": "Inner", "Startup Cost": 10000000000.0, "Total Cost": 1000122275042.99, "Plan Rows": 726375, "Plan Width": 8, "Plans": [{"Node Type": "Index Scan", "Parent Relationship": "Outer", "Scan Direction": "Forward", "Index Name": "info_type_id_movie_info", "Relation Name": "movie_info", "Alias": "mi", "Startup Cost": 10000000000.0, "Total Cost": 1000122271411.12, "Plan Rows": 726375, "Plan Width": 8, "Filter": "((info)::text = ANY ('{Sweden,Norway,Germany,Denmark,Swedish,Denish,Norwegian,German,USA,American}'::text[]))"}]}]}, {"Node Type": "Materialize", "Parent Relationship": "Inner", "Startup Cost": 10000000000.0, "Total Cost": 1000000001393.56, "Plan Rows": 112, "Plan Width": 4, "Plans": [{"Node Type": "Index Scan", "Parent Relationship": "Outer", "Scan Direction": "Forward", "Index Name": "info_type_pkey", "Relation Name": "info_type", "Alias": "it", "Startup Cost": 10000000000.0, "Total Cost": 1000000001393.0, "Plan Rows": 112, "Plan Width": 4}]}]}]}]}]}, "Unique SQL Id": 322094867}, "explain_analyze_plan": null}, "(1, 48)": {"explain_plan": {"Plan": {"Node Type": "Aggregate", "Strategy": "Plain", "Startup Cost": 559338.09, "Total Cost": 559338.1, "Plan Rows": 1, "Plan Width": 49, "Plans": [{"Node Type": "Nested Loop", "Parent Relationship": "Outer", "Join Type": "Inner", "Startup Cost": 0.0, "Total Cost": 558510.46, "Plan Rows": 331050, "Plan Width": 17, "Inner Unique": true, "Plans": [{"Node Type": "Nested Loop", "Parent Relationship": "Outer", "Join Type": "Inner", "Startup Cost": 0.0, "Total Cost": 465812.82, "Plan Rows": 331050, "Plan Width": 21, "Inner Unique": false, "Plans": [{"Node Type": "Nested Loop", "Parent Relationship": "Outer", "Join Type": "Inner", "Startup Cost": 0.0, "Total Cost": 207294.74, "Plan Rows": 289936, "Plan Width": 25, "Inner Unique": true, "Plans": [{"Node Type": "Nested Loop", "Parent Relationship": "Outer", "Join Type": "Inner", "Startup Cost": 0.0, "Total Cost": 60095.92, "Plan Rows": 209278, "Plan Width": 4, "Inner Unique": false, "Join Filter": "(ct.id = mc.company_type_id), (LLVM Optimized)", "Plans": [{"Node Type": "Seq Scan", "Parent Relationship": "Outer", "Relation Name": "company_type", "Alias": "ct", "Startup Cost": 0.0, "Total Cost": 1.04, "Plan Rows": 1, "Plan Width": 4, "Filter": "((kind)::text = 'production companies'::text)"}, {"Node Type": "Seq Scan", "Parent Relationship": "Inner", "Relation Name": "movie_companies", "Alias": "mc", "Startup Cost": 0.0, "Total Cost": 54862.92, "Plan Rows": 418557, "Plan Width": 8, "Filter": "(((note)::text !~~ '%(TV)%'::text) AND ((note)::text ~~ '%(USA)%'::text)), (LLVM Optimized)"}]}, {"Node Type": "Index Scan", "Parent Relationship": "Inner", "Scan Direction": "Forward", "Index Name": "title_pkey", "Relation Name": "title", "Alias": "t", "Startup Cost": 0.0, "Total Cost": 0.69, "Plan Rows": 1, "Plan Width": 21, "Index Cond": "(id = mc.movie_id)", "Filter": "(production_year > 1990)"}]}, {"Node Type": "Index Scan", "Parent Relationship": "Inner", "Scan Direction": "Forward", "Index Name": "movie_id_movie_info", "Relation Name": "movie_info", "Alias": "mi", "Startup Cost": 0.0, "Total Cost": 0.88, "Plan Rows": 1, "Plan Width": 8, "Index Cond": "(movie_id = t.id)", "Filter": "((info)::text = ANY ('{Sweden,Norway,Germany,Denmark,Swedish,Denish,Norwegian,German,USA,American}'::text[]))"}]}, {"Node Type": "Index Only Scan", "Parent Relationship": "Inner", "Scan Direction": "Forward", "Index Name": "info_type_pkey", "Relation Name": "info_type", "Alias": "it", "Startup Cost": 0.0, "Total Cost": 0.27, "Plan Rows": 1, "Plan Width": 4, "Index Cond": "(id = mi.info_type_id)"}]}]}, "Unique SQL Id": 322094867}, "explain_analyze_plan": {"Plan": {"Node Type": "Aggregate", "Strategy": "Plain", "Startup Cost": 559338.09, "Total Cost": 559338.1, "Plan Rows": 1, "Plan Width": 49, "Actual Startup Time": 1232.267, "Actual Total Time": 1232.267, "Actual Rows": 1, "Actual Loops": 1, "Plans": [{"Node Type": "Nested Loop", "Parent Relationship": "Outer", "Join Type": "Inner", "Startup Cost": 0.0, "Total Cost": 558510.46, "Plan Rows": 331050, "Plan Width": 17, "Actual Startup Time": 878.992, "Actual Total Time": 1231.714, "Actual Rows": 669, "Actual Loops": 1, "Inner Unique": true, "Plans": [{"Node Type": "Nested Loop", "Parent Relationship": "Outer", "Join Type": "Inner", "Startup Cost": 0.0, "Total Cost": 465812.82, "Plan Rows": 331050, "Plan Width": 21, "Actual Startup Time": 878.979, "Actual Total Time": 1230.425, "Actual Rows": 669, "Actual Loops": 1, "Inner Unique": false, "Plans": [{"Node Type": "Nested Loop", "Parent Relationship": "Outer", "Join Type": "Inner", "Startup Cost": 0.0, "Total Cost": 207294.74, "Plan Rows": 289936, "Plan Width": 25, "Actual Startup Time": 878.951, "Actual Total Time": 1211.9, "Actual Rows": 767, "Actual Loops": 1, "Inner Unique": true, "Plans": [{"Node Type": "Nested Loop", "Parent Relationship": "Outer", "Join Type": "Inner", "Startup Cost": 0.0, "Total Cost": 60095.92, "Plan Rows": 209278, "Plan Width": 4, "Actual Startup Time": 878.88, "Actual Total Time": 1206.488, "Actual Rows": 798, "Actual Loops": 1, "Inner Unique": false, "Join Filter": "(ct.id = mc.company_type_id), (LLVM Optimized, Jit Execute)", "Rows Removed by Join Filter": 294830, "Plans": [{"Node Type": "Seq Scan", "Parent Relationship": "Outer", "Relation Name": "company_type", "Alias": "ct", "Startup Cost": 0.0, "Total Cost": 1.04, "Plan Rows": 1, "Plan Width": 4, "Actual Startup Time": 0.026, "Actual Total Time": 0.029, "Actual Rows": 1, "Actual Loops": 1, "Filter": "((kind)::text = 'production companies'::text)", "Rows Removed by Filter": 2}, {"Node Type": "Seq Scan", "Parent Relationship": "Inner", "Relation Name": "movie_companies", "Alias": "mc", "Startup Cost": 0.0, "Total Cost": 54862.92, "Plan Rows": 418557, "Plan Width": 8, "Actual Startup Time": 0.03, "Actual Total Time": 1146.717, "Actual Rows": 295628, "Actual Loops": 1, "Filter": "(((note)::text !~~ '%(TV)%'::text) AND ((note)::text ~~ '%(USA)%'::text)), (LLVM Optimized, Jit Execute)", "Rows Removed by Filter": 2313500}]}, {"Node Type": "Index Scan", "Parent Relationship": "Inner", "Scan Direction": "Forward", "Index Name": "title_pkey", "Relation Name": "title", "Alias": "t", "Startup Cost": 0.0, "Total Cost": 0.69, "Plan Rows": 1, "Plan Width": 21, "Actual Startup Time": 4.612, "Actual Total Time": 4.612, "Actual Rows": 767, "Actual Loops": 798, "Index Cond": "(id = mc.movie_id)", "Rows Removed by Index Recheck": 0, "Filter": "(production_year > 1990)", "Rows Removed by Filter": 31}]}, {"Node Type": "Index Scan", "Parent Relationship": "Inner", "Scan Direction": "Forward", "Index Name": "movie_id_movie_info", "Relation Name": "movie_info", "Alias": "mi", "Startup Cost": 0.0, "Total Cost": 0.88, "Plan Rows": 1, "Plan Width": 8, "Actual Startup Time": 15.433, "Actual Total Time": 17.858, "Actual Rows": 669, "Actual Loops": 767, "Index Cond": "(movie_id = t.id)", "Rows Removed by Index Recheck": 0, "Filter": "((info)::text = ANY ('{Sweden,Norway,Germany,Denmark,Swedish,Denish,Norwegian,German,USA,American}'::text[]))", "Rows Removed by Filter": 7721}]}, {"Node Type": "Index Only Scan", "Parent Relationship": "Inner", "Scan Direction": "Forward", "Index Name": "info_type_pkey", "Relation Name": "info_type", "Alias": "it", "Startup Cost": 0.0, "Total Cost": 0.27, "Plan Rows": 1, "Plan Width": 4, "Actual Startup Time": 0.712, "Actual Total Time": 0.712, "Actual Rows": 669, "Actual Loops": 669, "Index Cond": "(id = mi.info_type_id)", "Rows Removed by Index Recheck": 0, "Heap Fetches": 0}]}]}, "Triggers": [], "Planner Runtime": 2.971, "Total Runtime": 1241.626, "Unique SQL Id": 322094867}}, "(1, 49)": {"explain_plan": {"Plan": {"Node Type": "Aggregate", "Strategy": "Plain", "Startup Cost": 560987.61, "Total Cost": 560987.62, "Plan Rows": 1, "Plan Width": 49, "Plans": [{"Node Type": "Nested Loop", "Parent Relationship": "Outer", "Join Type": "Inner", "Startup Cost": 0.0, "Total Cost": 560159.98, "Plan Rows": 331050, "Plan Width": 17, "Inner Unique": true, "Plans": [{"Node Type": "Nested Loop", "Parent Relationship": "Outer", "Join Type": "Inner", "Startup Cost": 0.0, "Total Cost": 467462.34, "Plan Rows": 331050, "Plan Width": 21, "Inner Unique": false, "Plans": [{"Node Type": "Nested Loop", "Parent Relationship": "Outer", "Join Type": "Inner", "Startup Cost": 0.0, "Total Cost": 208944.27, "Plan Rows": 289936, "Plan Width": 25, "Inner Unique": true, "Plans": [{"Node Type": "Nested Loop", "Parent Relationship": "Outer", "Join Type": "Inner", "Startup Cost": 0.0, "Total Cost": 61745.44, "Plan Rows": 209278, "Plan Width": 4, "Inner Unique": false, "Plans": [{"Node Type": "Index Scan", "Parent Relationship": "Outer", "Scan Direction": "Forward", "Index Name": "company_type_pkey", "Relation Name": "company_type", "Alias": "ct", "Startup Cost": 0.0, "Total Cost": 12.3, "Plan Rows": 1, "Plan Width": 4, "Filter": "((kind)::text = 'production companies'::text)"}, {"Node Type": "Index Scan", "Parent Relationship": "Inner", "Scan Direction": "Forward", "Index Name": "company_type_id_movie_companies", "Relation Name": "movie_companies", "Alias": "mc", "Startup Cost": 0.0, "Total Cost": 59640.35, "Plan Rows": 209279, "Plan Width": 8, "Index Cond": "(company_type_id = ct.id), (LLVM Optimized)", "Filter": "(((note)::text !~~ '%(TV)%'::text) AND ((note)::text ~~ '%(USA)%'::text)), (LLVM Optimized)"}]}, {"Node Type": "Index Scan", "Parent Relationship": "Inner", "Scan Direction": "Forward", "Index Name": "title_pkey", "Relation Name": "title", "Alias": "t", "Startup Cost": 0.0, "Total Cost": 0.69, "Plan Rows": 1, "Plan Width": 21, "Index Cond": "(id = mc.movie_id)", "Filter": "(production_year > 1990)"}]}, {"Node Type": "Index Scan", "Parent Relationship": "Inner", "Scan Direction": "Forward", "Index Name": "movie_id_movie_info", "Relation Name": "movie_info", "Alias": "mi", "Startup Cost": 0.0, "Total Cost": 0.88, "Plan Rows": 1, "Plan Width": 8, "Index Cond": "(movie_id = t.id)", "Filter": "((info)::text = ANY ('{Sweden,Norway,Germany,Denmark,Swedish,Denish,Norwegian,German,USA,American}'::text[]))"}]}, {"Node Type": "Index Only Scan", "Parent Relationship": "Inner", "Scan Direction": "Forward", "Index Name": "info_type_pkey", "Relation Name": "info_type", "Alias": "it", "Startup Cost": 0.0, "Total Cost": 0.27, "Plan Rows": 1, "Plan Width": 4, "Index Cond": "(id = mi.info_type_id)"}]}]}, "Unique SQL Id": 322094867}, "explain_analyze_plan": {"Plan": {"Node Type": "Aggregate", "Strategy": "Plain", "Startup Cost": 560987.61, "Total Cost": 560987.62, "Plan Rows": 1, "Plan Width": 49, "Actual Startup Time": 682.348, "Actual Total Time": 682.349, "Actual Rows": 1, "Actual Loops": 1, "Plans": [{"Node Type": "Nested Loop", "Parent Relationship": "Outer", "Join Type": "Inner", "Startup Cost": 0.0, "Total Cost": 560159.98, "Plan Rows": 331050, "Plan Width": 17, "Actual Startup Time": 8.577, "Actual Total Time": 681.785, "Actual Rows": 669, "Actual Loops": 1, "Inner Unique": true, "Plans": [{"Node Type": "Nested Loop", "Parent Relationship": "Outer", "Join Type": "Inner", "Startup Cost": 0.0, "Total Cost": 467462.34, "Plan Rows": 331050, "Plan Width": 21, "Actual Startup Time": 8.567, "Actual Total Time": 680.298, "Actual Rows": 669, "Actual Loops": 1, "Inner Unique": false, "Plans": [{"Node Type": "Nested Loop", "Parent Relationship": "Outer", "Join Type": "Inner", "Startup Cost": 0.0, "Total Cost": 208944.27, "Plan Rows": 289936, "Plan Width": 25, "Actual Startup Time": 8.55, "Actual Total Time": 661.132, "Actual Rows": 767, "Actual Loops": 1, "Inner Unique": true, "Plans": [{"Node Type": "Nested Loop", "Parent Relationship": "Outer", "Join Type": "Inner", "Startup Cost": 0.0, "Total Cost": 61745.44, "Plan Rows": 209278, "Plan Width": 4, "Actual Startup Time": 8.53, "Actual Total Time": 655.44, "Actual Rows": 798, "Actual Loops": 1, "Inner Unique": false, "Plans": [{"Node Type": "Index Scan", "Parent Relationship": "Outer", "Scan Direction": "Forward", "Index Name": "company_type_pkey", "Relation Name": "company_type", "Alias": "ct", "Startup Cost": 0.0, "Total Cost": 12.3, "Plan Rows": 1, "Plan Width": 4, "Actual Startup Time": 0.03, "Actual Total Time": 0.035, "Actual Rows": 1, "Actual Loops": 1, "Filter": "((kind)::text = 'production companies'::text)", "Rows Removed by Filter": 2}, {"Node Type": "Index Scan", "Parent Relationship": "Inner", "Scan Direction": "Forward", "Index Name": "company_type_id_movie_companies", "Relation Name": "movie_companies", "Alias": "mc", "Startup Cost": 0.0, "Total Cost": 59640.35, "Plan Rows": 209279, "Plan Width": 8, "Actual Startup Time": 8.496, "Actual Total Time": 655.167, "Actual Rows": 798, "Actual Loops": 1, "Index Cond": "(company_type_id = ct.id), (LLVM Optimized, Jit Execute)", "Rows Removed by Index Recheck": 0, "Filter": "(((note)::text !~~ '%(TV)%'::text) AND ((note)::text ~~ '%(USA)%'::text)), (LLVM Optimized, Jit Execute)", "Rows Removed by Filter": 1334085}]}, {"Node Type": "Index Scan", "Parent Relationship": "Inner", "Scan Direction": "Forward", "Index Name": "title_pkey", "Relation Name": "title", "Alias": "t", "Startup Cost": 0.0, "Total Cost": 0.69, "Plan Rows": 1, "Plan Width": 21, "Actual Startup Time": 4.675, "Actual Total Time": 4.675, "Actual Rows": 767, "Actual Loops": 798, "Index Cond": "(id = mc.movie_id)", "Rows Removed by Index Recheck": 0, "Filter": "(production_year > 1990)", "Rows Removed by Filter": 31}]}, {"Node Type": "Index Scan", "Parent Relationship": "Inner", "Scan Direction": "Forward", "Index Name": "movie_id_movie_info", "Relation Name": "movie_info", "Alias": "mi", "Startup Cost": 0.0, "Total Cost": 0.88, "Plan Rows": 1, "Plan Width": 8, "Actual Startup Time": 15.948, "Actual Total Time": 18.439, "Actual Rows": 669, "Actual Loops": 767, "Index Cond": "(movie_id = t.id)", "Rows Removed by Index Recheck": 0, "Filter": "((info)::text = ANY ('{Sweden,Norway,Germany,Denmark,Swedish,Denish,Norwegian,German,USA,American}'::text[]))", "Rows Removed by Filter": 7721}]}, {"Node Type": "Index Only Scan", "Parent Relationship": "Inner", "Scan Direction": "Forward", "Index Name": "info_type_pkey", "Relation Name": "info_type", "Alias": "it", "Startup Cost": 0.0, "Total Cost": 0.27, "Plan Rows": 1, "Plan Width": 4, "Actual Startup Time": 0.832, "Actual Total Time": 0.832, "Actual Rows": 669, "Actual Loops": 669, "Index Cond": "(id = mi.info_type_id)", "Rows Removed by Index Recheck": 0, "Heap Fetches": 0}]}]}, "Triggers": [], "Planner Runtime": 2.905, "Total Runtime": 691.725, "Unique SQL Id": 322094867}}, "(1, 50)": {"explain_plan": {"Plan": {"Node Type": "Aggregate", "Strategy": "Plain", "Startup Cost": 2537162.68, "Total Cost": 2537162.69, "Plan Rows": 1, "Plan Width": 49, "Plans": [{"Node Type": "Nested Loop", "Parent Relationship": "Outer", "Join Type": "Inner", "Startup Cost": 1.14, "Total Cost": 2536335.06, "Plan Rows": 331050, "Plan Width": 17, "Inner Unique": true, "Plans": [{"Node Type": "Nested Loop", "Parent Relationship": "Outer", "Join Type": "Inner", "Startup Cost": 0.83, "Total Cost": 1500774.72, "Plan Rows": 238955, "Plan Width": 8, "Inner Unique": true, "Join Filter": "(mi.info_type_id = it.id), (LLVM Optimized)", "Plans": [{"Node Type": "Nested Loop", "Parent Relationship": "Outer", "Join Type": "Inner", "Startup Cost": 0.83, "Total Cost": 1099327.92, "Plan Rows": 238955, "Plan Width": 12, "Inner Unique": false, "Plans": [{"Node Type": "Nested Loop", "Parent Relationship": "Outer", "Join Type": "Inner", "Startup Cost": 0.0, "Total Cost": 60095.92, "Plan Rows": 209278, "Plan Width": 4, "Inner Unique": false, "Join Filter": "(ct.id = mc.company_type_id), (LLVM Optimized)", "Plans": [{"Node Type": "Seq Scan", "Parent Relationship": "Outer", "Relation Name": "company_type", "Alias": "ct", "Startup Cost": 0.0, "Total Cost": 1.04, "Plan Rows": 1, "Plan Width": 4, "Filter": "((kind)::text = 'production companies'::text)"}, {"Node Type": "Seq Scan", "Parent Relationship": "Inner", "Relation Name": "movie_companies", "Alias": "mc", "Startup Cost": 0.0, "Total Cost": 54862.92, "Plan Rows": 418557, "Plan Width": 8, "Filter": "(((note)::text !~~ '%(TV)%'::text) AND ((note)::text ~~ '%(USA)%'::text)), (LLVM Optimized)"}]}, {"Node Type": "Bitmap Heap Scan", "Parent Relationship": "Inner", "Relation Name": "movie_info", "Alias": "mi", "Startup Cost": 0.83, "Total Cost": 4.96, "Plan Rows": 1, "Plan Width": 8, "Recheck Cond": "(movie_id = mc.movie_id)", "Filter": "((info)::text = ANY ('{Sweden,Norway,Germany,Denmark,Swedish,Denish,Norwegian,German,USA,American}'::text[]))", "Plans": [{"Node Type": "Bitmap Index Scan", "Parent Relationship": "Outer", "Index Name": "movie_id_movie_info", "Startup Cost": 0.0, "Total Cost": 0.83, "Plan Rows": 5, "Plan Width": 0, "Index Cond": "(movie_id = mc.movie_id)"}]}]}, {"Node Type": "Materialize", "Parent Relationship": "Inner", "Startup Cost": 0.0, "Total Cost": 2.68, "Plan Rows": 112, "Plan Width": 4, "Plans": [{"Node Type": "Seq Scan", "Parent Relationship": "Outer", "Relation Name": "info_type", "Alias": "it", "Startup Cost": 0.0, "Total Cost": 2.12, "Plan Rows": 112, "Plan Width": 4}]}]}, {"Node Type": "Bitmap Heap Scan", "Parent Relationship": "Inner", "Relation Name": "title", "Alias": "t", "Startup Cost": 0.31, "Total Cost": 4.32, "Plan Rows": 1, "Plan Width": 21, "Recheck Cond": "(id = mi.movie_id)", "Filter": "(production_year > 1990)", "Plans": [{"Node Type": "Bitmap Index Scan", "Parent Relationship": "Outer", "Index Name": "title_pkey", "Startup Cost": 0.0, "Total Cost": 0.31, "Plan Rows": 1, "Plan Width": 0, "Index Cond": "(id = mi.movie_id)"}]}]}]}, "Unique SQL Id": 322094867}, "explain_analyze_plan": {"Plan": {"Node Type": "Aggregate", "Strategy": "Plain", "Startup Cost": 2537162.68, "Total Cost": 2537162.69, "Plan Rows": 1, "Plan Width": 49, "Actual Startup Time": 1308.092, "Actual Total Time": 1308.092, "Actual Rows": 1, "Actual Loops": 1, "Plans": [{"Node Type": "Nested Loop", "Parent Relationship": "Outer", "Join Type": "Inner", "Startup Cost": 1.14, "Total Cost": 2536335.06, "Plan Rows": 331050, "Plan Width": 17, "Actual Startup Time": 915.971, "Actual Total Time": 1307.476, "Actual Rows": 669, "Actual Loops": 1, "Inner Unique": true, "Plans": [{"Node Type": "Nested Loop", "Parent Relationship": "Outer", "Join Type": "Inner", "Startup Cost": 0.83, "Total Cost": 1500774.72, "Plan Rows": 238955, "Plan Width": 8, "Actual Startup Time": 915.923, "Actual Total Time": 1298.959, "Actual Rows": 691, "Actual Loops": 1, "Inner Unique": true, "Join Filter": "(mi.info_type_id = it.id), (LLVM Optimized, Jit Execute)", "Rows Removed by Join Filter": 4196, "Plans": [{"Node Type": "Nested Loop", "Parent Relationship": "Outer", "Join Type": "Inner", "Startup Cost": 0.83, "Total Cost": 1099327.92, "Plan Rows": 238955, "Plan Width": 12, "Actual Startup Time": 915.848, "Actual Total Time": 1297.299, "Actual Rows": 691, "Actual Loops": 1, "Inner Unique": false, "Plans": [{"Node Type": "Nested Loop", "Parent Relationship": "Outer", "Join Type": "Inner", "Startup Cost": 0.0, "Total Cost": 60095.92, "Plan Rows": 209278, "Plan Width": 4, "Actual Startup Time": 915.679, "Actual Total Time": 1262.757, "Actual Rows": 798, "Actual Loops": 1, "Inner Unique": false, "Join Filter": "(ct.id = mc.company_type_id), (LLVM Optimized, Jit Execute)", "Rows Removed by Join Filter": 294830, "Plans": [{"Node Type": "Seq Scan", "Parent Relationship": "Outer", "Relation Name": "company_type", "Alias": "ct", "Startup Cost": 0.0, "Total Cost": 1.04, "Plan Rows": 1, "Plan Width": 4, "Actual Startup Time": 0.02, "Actual Total Time": 0.025, "Actual Rows": 1, "Actual Loops": 1, "Filter": "((kind)::text = 'production companies'::text)", "Rows Removed by Filter": 2}, {"Node Type": "Seq Scan", "Parent Relationship": "Inner", "Relation Name": "movie_companies", "Alias": "mc", "Startup Cost": 0.0, "Total Cost": 54862.92, "Plan Rows": 418557, "Plan Width": 8, "Actual Startup Time": 0.042, "Actual Total Time": 1198.769, "Actual Rows": 295628, "Actual Loops": 1, "Filter": "(((note)::text !~~ '%(TV)%'::text) AND ((note)::text ~~ '%(USA)%'::text)), (LLVM Optimized, Jit Execute)", "Rows Removed by Filter": 2313500}]}, {"Node Type": "Bitmap Heap Scan", "Parent Relationship": "Inner", "Relation Name": "movie_info", "Alias": "mi", "Startup Cost": 0.83, "Total Cost": 4.96, "Plan Rows": 1, "Plan Width": 8, "Actual Startup Time": 29.956, "Actual Total Time": 32.838, "Actual Rows": 691, "Actual Loops": 798, "Recheck Cond": "(movie_id = mc.movie_id)", "Rows Removed by Index Recheck": 0, "Filter": "((info)::text = ANY ('{Sweden,Norway,Germany,Denmark,Swedish,Denish,Norwegian,German,USA,American}'::text[]))", "Rows Removed by Filter": 7906, "Exact Heap Blocks": 6397, "Lossy Heap Blocks": 6397, "Plans": [{"Node Type": "Bitmap Index Scan", "Parent Relationship": "Outer", "Index Name": "movie_id_movie_info", "Startup Cost": 0.0, "Total Cost": 0.83, "Plan Rows": 5, "Plan Width": 0, "Actual Startup Time": 7.675, "Actual Total Time": 7.675, "Actual Rows": 8597, "Actual Loops": 798, "Index Cond": "(movie_id = mc.movie_id)"}]}]}, {"Node Type": "Materialize", "Parent Relationship": "Inner", "Startup Cost": 0.0, "Total Cost": 2.68, "Plan Rows": 112, "Plan Width": 4, "Actual Startup Time": 0.156, "Actual Total Time": 0.506, "Actual Rows": 4887, "Actual Loops": 691, "Plans": [{"Node Type": "Seq Scan", "Parent Relationship": "Outer", "Relation Name": "info_type", "Alias": "it", "Startup Cost": 0.0, "Total Cost": 2.12, "Plan Rows": 112, "Plan Width": 4, "Actual Startup Time": 0.044, "Actual Total Time": 0.045, "Actual Rows": 17, "Actual Loops": 1}]}]}, {"Node Type": "Bitmap Heap Scan", "Parent Relationship": "Inner", "Relation Name": "title", "Alias": "t", "Startup Cost": 0.31, "Total Cost": 4.32, "Plan Rows": 1, "Plan Width": 21, "Actual Startup Time": 7.222, "Actual Total Time": 7.222, "Actual Rows": 669, "Actual Loops": 691, "Recheck Cond": "(id = mi.movie_id)", "Rows Removed by Index Recheck": 0, "Filter": "(production_year > 1990)", "Rows Removed by Filter": 22, "Exact Heap Blocks": 691, "Lossy Heap Blocks": 691, "Plans": [{"Node Type": "Bitmap Index Scan", "Parent Relationship": "Outer", "Index Name": "title_pkey", "Startup Cost": 0.0, "Total Cost": 0.31, "Plan Rows": 1, "Plan Width": 0, "Actual Startup Time": 4.247, "Actual Total Time": 4.247, "Actual Rows": 691, "Actual Loops": 691, "Index Cond": "(id = mi.movie_id)"}]}]}]}, "Triggers": [], "Planner Runtime": 3.211, "Total Runtime": 1317.884, "Unique SQL Id": 322094867}}, "(1, 51)": {"explain_plan": {"Plan": {"Node Type": "Aggregate", "Strategy": "Plain", "Startup Cost": 1000019247502.85, "Total Cost": 1000019247502.86, "Plan Rows": 1, "Plan Width": 49, "Plans": [{"Node Type": "Nested Loop", "Parent Relationship": "Outer", "Join Type": "Inner", "Startup Cost": 10000000001.66, "Total Cost": 1000019246675.23, "Plan Rows": 331050, "Plan Width": 17, "Inner Unique": true, "Plans": [{"Node Type": "Nested Loop", "Parent Relationship": "Outer", "Join Type": "Inner", "Startup Cost": 10000000001.35, "Total Cost": 1000018211114.89, "Plan Rows": 238955, "Plan Width": 8, "Inner Unique": true, "Plans": [{"Node Type": "Nested Loop", "Parent Relationship": "Outer", "Join Type": "Inner", "Startup Cost": 10000000001.09, "Total Cost": 1000017188325.12, "Plan Rows": 238955, "Plan Width": 12, "Inner Unique": false, "Plans": [{"Node Type": "Nested Loop", "Parent Relationship": "Outer", "Join Type": "Inner", "Startup Cost": 10000000000.26, "Total Cost": 1000016149093.12, "Plan Rows": 209278, "Plan Width": 4, "Inner Unique": true, "Plans": [{"Node Type": "Index Scan", "Parent Relationship": "Outer", "Scan Direction": "Forward", "Index Name": "movie_id_movie_companies", "Relation Name": "movie_companies", "Alias": "mc", "Startup Cost": 10000000000.0, "Total Cost": 1000014356510.13, "Plan Rows": 418557, "Plan Width": 8, "Filter": "(((note)::text !~~ '%(TV)%'::text) AND ((note)::text ~~ '%(USA)%'::text)), (LLVM Optimized)"}, {"Node Type": "Bitmap Heap Scan", "Parent Relationship": "Inner", "Relation Name": "company_type", "Alias": "ct", "Startup Cost": 0.26, "Total Cost": 4.27, "Plan Rows": 1, "Plan Width": 4, "Recheck Cond": "(id = mc.company_type_id)", "Filter": "((kind)::text = 'production companies'::text)", "Plans": [{"Node Type": "Bitmap Index Scan", "Parent Relationship": "Outer", "Index Name": "company_type_pkey", "Startup Cost": 0.0, "Total Cost": 0.26, "Plan Rows": 1, "Plan Width": 0, "Index Cond": "(id = mc.company_type_id)"}]}]}, {"Node Type": "Bitmap Heap Scan", "Parent Relationship": "Inner", "Relation Name": "movie_info", "Alias": "mi", "Startup Cost": 0.83, "Total Cost": 4.96, "Plan Rows": 1, "Plan Width": 8, "Recheck Cond": "(movie_id = mc.movie_id)", "Filter": "((info)::text = ANY ('{Sweden,Norway,Germany,Denmark,Swedish,Denish,Norwegian,German,USA,American}'::text[]))", "Plans": [{"Node Type": "Bitmap Index Scan", "Parent Relationship": "Outer", "Index Name": "movie_id_movie_info", "Startup Cost": 0.0, "Total Cost": 0.83, "Plan Rows": 5, "Plan Width": 0, "Index Cond": "(movie_id = mc.movie_id)"}]}]}, {"Node Type": "Bitmap Heap Scan", "Parent Relationship": "Inner", "Relation Name": "info_type", "Alias": "it", "Startup Cost": 0.26, "Total Cost": 4.27, "Plan Rows": 1, "Plan Width": 4, "Recheck Cond": "(id = mi.info_type_id)", "Plans": [{"Node Type": "Bitmap Index Scan", "Parent Relationship": "Outer", "Index Name": "info_type_pkey", "Startup Cost": 0.0, "Total Cost": 0.26, "Plan Rows": 1, "Plan Width": 0, "Index Cond": "(id = mi.info_type_id)"}]}]}, {"Node Type": "Bitmap Heap Scan", "Parent Relationship": "Inner", "Relation Name": "title", "Alias": "t", "Startup Cost": 0.31, "Total Cost": 4.32, "Plan Rows": 1, "Plan Width": 21, "Recheck Cond": "(id = mi.movie_id)", "Filter": "(production_year > 1990)", "Plans": [{"Node Type": "Bitmap Index Scan", "Parent Relationship": "Outer", "Index Name": "title_pkey", "Startup Cost": 0.0, "Total Cost": 0.31, "Plan Rows": 1, "Plan Width": 0, "Index Cond": "(id = mi.movie_id)"}]}]}]}, "Unique SQL Id": 322094867}, "explain_analyze_plan": {"Plan": {"Node Type": "Aggregate", "Strategy": "Plain", "Startup Cost": 1000019247502.85, "Total Cost": 1000019247502.86, "Plan Rows": 1, "Plan Width": 49, "Actual Startup Time": 2983.243, "Actual Total Time": 2983.244, "Actual Rows": 1, "Actual Loops": 1, "Plans": [{"Node Type": "Nested Loop", "Parent Relationship": "Outer", "Join Type": "Inner", "Startup Cost": 10000000001.66, "Total Cost": 1000019246675.23, "Plan Rows": 331050, "Plan Width": 17, "Actual Startup Time": 32.619, "Actual Total Time": 2982.151, "Actual Rows": 669, "Actual Loops": 1, "Inner Unique": true, "Plans": [{"Node Type": "Nested Loop", "Parent Relationship": "Outer", "Join Type": "Inner", "Startup Cost": 10000000001.35, "Total Cost": 1000018211114.89, "Plan Rows": 238955, "Plan Width": 8, "Actual Startup Time": 32.603, "Actual Total Time": 2974.089, "Actual Rows": 691, "Actual Loops": 1, "Inner Unique": true, "Plans": [{"Node Type": "Nested Loop", "Parent Relationship": "Outer", "Join Type": "Inner", "Startup Cost": 10000000001.09, "Total Cost": 1000017188325.12, "Plan Rows": 238955, "Plan Width": 12, "Actual Startup Time": 32.594, "Actual Total Time": 2969.962, "Actual Rows": 691, "Actual Loops": 1, "Inner Unique": false, "Plans": [{"Node Type": "Nested Loop", "Parent Relationship": "Outer", "Join Type": "Inner", "Startup Cost": 10000000000.26, "Total Cost": 1000016149093.12, "Plan Rows": 209278, "Plan Width": 4, "Actual Startup Time": 32.553, "Actual Total Time": 2937.753, "Actual Rows": 798, "Actual Loops": 1, "Inner Unique": true, "Plans": [{"Node Type": "Index Scan", "Parent Relationship": "Outer", "Scan Direction": "Forward", "Index Name": "movie_id_movie_companies", "Relation Name": "movie_companies", "Alias": "mc", "Startup Cost": 10000000000.0, "Total Cost": 1000014356510.13, "Plan Rows": 418557, "Plan Width": 8, "Actual Startup Time": 0.054, "Actual Total Time": 2285.125, "Actual Rows": 295628, "Actual Loops": 1, "Filter": "(((note)::text !~~ '%(TV)%'::text) AND ((note)::text ~~ '%(USA)%'::text)), (LLVM Optimized, Jit Execute)", "Rows Removed by Filter": 2313500}, {"Node Type": "Bitmap Heap Scan", "Parent Relationship": "Inner", "Relation Name": "company_type", "Alias": "ct", "Startup Cost": 0.26, "Total Cost": 4.27, "Plan Rows": 1, "Plan Width": 4, "Actual Startup Time": 341.416, "Actual Total Time": 341.416, "Actual Rows": 798, "Actual Loops": 295628, "Recheck Cond": "(id = mc.company_type_id)", "Rows Removed by Index Recheck": 0, "Filter": "((kind)::text = 'production companies'::text)", "Rows Removed by Filter": 0, "Exact Heap Blocks": 798, "Lossy Heap Blocks": 798, "Plans": [{"Node Type": "Bitmap Index Scan", "Parent Relationship": "Outer", "Index Name": "company_type_pkey", "Startup Cost": 0.0, "Total Cost": 0.26, "Plan Rows": 1, "Plan Width": 0, "Actual Startup Time": 205.492, "Actual Total Time": 205.492, "Actual Rows": 798, "Actual Loops": 295628, "Index Cond": "(id = mc.company_type_id)"}]}]}, {"Node Type": "Bitmap Heap Scan", "Parent Relationship": "Inner", "Relation Name": "movie_info", "Alias": "mi", "Startup Cost": 0.83, "Total Cost": 4.96, "Plan Rows": 1, "Plan Width": 8, "Actual Startup Time": 27.613, "Actual Total Time": 30.269, "Actual Rows": 691, "Actual Loops": 798, "Recheck Cond": "(movie_id = mc.movie_id)", "Rows Removed by Index Recheck": 0, "Filter": "((info)::text = ANY ('{Sweden,Norway,Germany,Denmark,Swedish,Denish,Norwegian,German,USA,American}'::text[]))", "Rows Removed by Filter": 7906, "Exact Heap Blocks": 6397, "Lossy Heap Blocks": 6397, "Plans": [{"Node Type": "Bitmap Index Scan", "Parent Relationship": "Outer", "Index Name": "movie_id_movie_info", "Startup Cost": 0.0, "Total Cost": 0.83, "Plan Rows": 5, "Plan Width": 0, "Actual Startup Time": 6.949, "Actual Total Time": 6.949, "Actual Rows": 8597, "Actual Loops": 798, "Index Cond": "(movie_id = mc.movie_id)"}]}]}, {"Node Type": "Bitmap Heap Scan", "Parent Relationship": "Inner", "Relation Name": "info_type", "Alias": "it", "Startup Cost": 0.26, "Total Cost": 4.27, "Plan Rows": 1, "Plan Width": 4, "Actual Startup Time": 2.573, "Actual Total Time": 2.573, "Actual Rows": 691, "Actual Loops": 691, "Recheck Cond": "(id = mi.info_type_id)", "Rows Removed by Index Recheck": 0, "Exact Heap Blocks": 691, "Lossy Heap Blocks": 691, "Plans": [{"Node Type": "Bitmap Index Scan", "Parent Relationship": "Outer", "Index Name": "info_type_pkey", "Startup Cost": 0.0, "Total Cost": 0.26, "Plan Rows": 1, "Plan Width": 0, "Actual Startup Time": 1.179, "Actual Total Time": 1.179, "Actual Rows": 691, "Actual Loops": 691, "Index Cond": "(id = mi.info_type_id)"}]}]}, {"Node Type": "Bitmap Heap Scan", "Parent Relationship": "Inner", "Relation Name": "title", "Alias": "t", "Startup Cost": 0.31, "Total Cost": 4.32, "Plan Rows": 1, "Plan Width": 21, "Actual Startup Time": 6.58, "Actual Total Time": 6.58, "Actual Rows": 669, "Actual Loops": 691, "Recheck Cond": "(id = mi.movie_id)", "Rows Removed by Index Recheck": 0, "Filter": "(production_year > 1990)", "Rows Removed by Filter": 22, "Exact Heap Blocks": 691, "Lossy Heap Blocks": 691, "Plans": [{"Node Type": "Bitmap Index Scan", "Parent Relationship": "Outer", "Index Name": "title_pkey", "Startup Cost": 0.0, "Total Cost": 0.31, "Plan Rows": 1, "Plan Width": 0, "Actual Startup Time": 3.813, "Actual Total Time": 3.813, "Actual Rows": 691, "Actual Loops": 691, "Index Cond": "(id = mi.movie_id)"}]}]}]}, "Triggers": [], "Planner Runtime": 4.896, "Total Runtime": 2992.474, "Unique SQL Id": 322094867}}, "(1, 52)": {"explain_plan": {"Plan": {"Node Type": "Aggregate", "Strategy": "Plain", "Startup Cost": 559339.91, "Total Cost": 559339.92, "Plan Rows": 1, "Plan Width": 49, "Plans": [{"Node Type": "Nested Loop", "Parent Relationship": "Outer", "Join Type": "Inner", "Startup Cost": 0.0, "Total Cost": 558512.28, "Plan Rows": 331050, "Plan Width": 17, "Inner Unique": true, "Plans": [{"Node Type": "Nested Loop", "Parent Relationship": "Outer", "Join Type": "Inner", "Startup Cost": 0.0, "Total Cost": 465812.82, "Plan Rows": 331050, "Plan Width": 21, "Inner Unique": false, "Plans": [{"Node Type": "Nested Loop", "Parent Relationship": "Outer", "Join Type": "Inner", "Startup Cost": 0.0, "Total Cost": 207294.74, "Plan Rows": 289936, "Plan Width": 25, "Inner Unique": true, "Plans": [{"Node Type": "Nested Loop", "Parent Relationship": "Outer", "Join Type": "Inner", "Startup Cost": 0.0, "Total Cost": 60095.92, "Plan Rows": 209278, "Plan Width": 4, "Inner Unique": false, "Join Filter": "(ct.id = mc.company_type_id), (LLVM Optimized)", "Plans": [{"Node Type": "Seq Scan", "Parent Relationship": "Outer", "Relation Name": "company_type", "Alias": "ct", "Startup Cost": 0.0, "Total Cost": 1.04, "Plan Rows": 1, "Plan Width": 4, "Filter": "((kind)::text = 'production companies'::text)"}, {"Node Type": "Seq Scan", "Parent Relationship": "Inner", "Relation Name": "movie_companies", "Alias": "mc", "Startup Cost": 0.0, "Total Cost": 54862.92, "Plan Rows": 418557, "Plan Width": 8, "Filter": "(((note)::text !~~ '%(TV)%'::text) AND ((note)::text ~~ '%(USA)%'::text)), (LLVM Optimized)"}]}, {"Node Type": "Index Scan", "Parent Relationship": "Inner", "Scan Direction": "Forward", "Index Name": "title_pkey", "Relation Name": "title", "Alias": "t", "Startup Cost": 0.0, "Total Cost": 0.69, "Plan Rows": 1, "Plan Width": 21, "Index Cond": "(id = mc.movie_id)", "Filter": "(production_year > 1990)"}]}, {"Node Type": "Index Scan", "Parent Relationship": "Inner", "Scan Direction": "Forward", "Index Name": "movie_id_movie_info", "Relation Name": "movie_info", "Alias": "mi", "Startup Cost": 0.0, "Total Cost": 0.88, "Plan Rows": 1, "Plan Width": 8, "Index Cond": "(movie_id = t.id)", "Filter": "((info)::text = ANY ('{Sweden,Norway,Germany,Denmark,Swedish,Denish,Norwegian,German,USA,American}'::text[]))"}]}, {"Node Type": "Index Scan", "Parent Relationship": "Inner", "Scan Direction": "Forward", "Index Name": "info_type_pkey", "Relation Name": "info_type", "Alias": "it", "Startup Cost": 0.0, "Total Cost": 0.27, "Plan Rows": 1, "Plan Width": 4, "Index Cond": "(id = mi.info_type_id)"}]}]}, "Unique SQL Id": 322094867}, "explain_analyze_plan": {"Plan": {"Node Type": "Aggregate", "Strategy": "Plain", "Startup Cost": 559339.91, "Total Cost": 559339.92, "Plan Rows": 1, "Plan Width": 49, "Actual Startup Time": 1247.891, "Actual Total Time": 1247.891, "Actual Rows": 1, "Actual Loops": 1, "Plans": [{"Node Type": "Nested Loop", "Parent Relationship": "Outer", "Join Type": "Inner", "Startup Cost": 0.0, "Total Cost": 558512.28, "Plan Rows": 331050, "Plan Width": 17, "Actual Startup Time": 891.887, "Actual Total Time": 1247.38, "Actual Rows": 669, "Actual Loops": 1, "Inner Unique": true, "Plans": [{"Node Type": "Nested Loop", "Parent Relationship": "Outer", "Join Type": "Inner", "Startup Cost": 0.0, "Total Cost": 465812.82, "Plan Rows": 331050, "Plan Width": 21, "Actual Startup Time": 891.877, "Actual Total Time": 1245.679, "Actual Rows": 669, "Actual Loops": 1, "Inner Unique": false, "Plans": [{"Node Type": "Nested Loop", "Parent Relationship": "Outer", "Join Type": "Inner", "Startup Cost": 0.0, "Total Cost": 207294.74, "Plan Rows": 289936, "Plan Width": 25, "Actual Startup Time": 891.851, "Actual Total Time": 1226.066, "Actual Rows": 767, "Actual Loops": 1, "Inner Unique": true, "Plans": [{"Node Type": "Nested Loop", "Parent Relationship": "Outer", "Join Type": "Inner", "Startup Cost": 0.0, "Total Cost": 60095.92, "Plan Rows": 209278, "Plan Width": 4, "Actual Startup Time": 891.783, "Actual Total Time": 1220.392, "Actual Rows": 798, "Actual Loops": 1, "Inner Unique": false, "Join Filter": "(ct.id = mc.company_type_id), (LLVM Optimized, Jit Execute)", "Rows Removed by Join Filter": 294830, "Plans": [{"Node Type": "Seq Scan", "Parent Relationship": "Outer", "Relation Name": "company_type", "Alias": "ct", "Startup Cost": 0.0, "Total Cost": 1.04, "Plan Rows": 1, "Plan Width": 4, "Actual Startup Time": 0.017, "Actual Total Time": 0.02, "Actual Rows": 1, "Actual Loops": 1, "Filter": "((kind)::text = 'production companies'::text)", "Rows Removed by Filter": 2}, {"Node Type": "Seq Scan", "Parent Relationship": "Inner", "Relation Name": "movie_companies", "Alias": "mc", "Startup Cost": 0.0, "Total Cost": 54862.92, "Plan Rows": 418557, "Plan Width": 8, "Actual Startup Time": 0.029, "Actual Total Time": 1160.971, "Actual Rows": 295628, "Actual Loops": 1, "Filter": "(((note)::text !~~ '%(TV)%'::text) AND ((note)::text ~~ '%(USA)%'::text)), (LLVM Optimized, Jit Execute)", "Rows Removed by Filter": 2313500}]}, {"Node Type": "Index Scan", "Parent Relationship": "Inner", "Scan Direction": "Forward", "Index Name": "title_pkey", "Relation Name": "title", "Alias": "t", "Startup Cost": 0.0, "Total Cost": 0.69, "Plan Rows": 1, "Plan Width": 21, "Actual Startup Time": 4.859, "Actual Total Time": 4.859, "Actual Rows": 767, "Actual Loops": 798, "Index Cond": "(id = mc.movie_id)", "Rows Removed by Index Recheck": 0, "Filter": "(production_year > 1990)", "Rows Removed by Filter": 31}]}, {"Node Type": "Index Scan", "Parent Relationship": "Inner", "Scan Direction": "Forward", "Index Name": "movie_id_movie_info", "Relation Name": "movie_info", "Alias": "mi", "Startup Cost": 0.0, "Total Cost": 0.88, "Plan Rows": 1, "Plan Width": 8, "Actual Startup Time": 16.539, "Actual Total Time": 18.987, "Actual Rows": 669, "Actual Loops": 767, "Index Cond": "(movie_id = t.id)", "Rows Removed by Index Recheck": 0, "Filter": "((info)::text = ANY ('{Sweden,Norway,Germany,Denmark,Swedish,Denish,Norwegian,German,USA,American}'::text[]))", "Rows Removed by Filter": 7721}]}, {"Node Type": "Index Scan", "Parent Relationship": "Inner", "Scan Direction": "Forward", "Index Name": "info_type_pkey", "Relation Name": "info_type", "Alias": "it", "Startup Cost": 0.0, "Total Cost": 0.27, "Plan Rows": 1, "Plan Width": 4, "Actual Startup Time": 1.119, "Actual Total Time": 1.119, "Actual Rows": 669, "Actual Loops": 669, "Index Cond": "(id = mi.info_type_id)", "Rows Removed by Index Recheck": 0}]}]}, "Triggers": [], "Planner Runtime": 2.956, "Total Runtime": 1257.304, "Unique SQL Id": 322094867}}, "(1, 53)": {"explain_plan": {"Plan": {"Node Type": "Aggregate", "Strategy": "Plain", "Startup Cost": 560989.43, "Total Cost": 560989.44, "Plan Rows": 1, "Plan Width": 49, "Plans": [{"Node Type": "Nested Loop", "Parent Relationship": "Outer", "Join Type": "Inner", "Startup Cost": 0.0, "Total Cost": 560161.81, "Plan Rows": 331050, "Plan Width": 17, "Inner Unique": true, "Plans": [{"Node Type": "Nested Loop", "Parent Relationship": "Outer", "Join Type": "Inner", "Startup Cost": 0.0, "Total Cost": 467462.34, "Plan Rows": 331050, "Plan Width": 21, "Inner Unique": false, "Plans": [{"Node Type": "Nested Loop", "Parent Relationship": "Outer", "Join Type": "Inner", "Startup Cost": 0.0, "Total Cost": 208944.27, "Plan Rows": 289936, "Plan Width": 25, "Inner Unique": true, "Plans": [{"Node Type": "Nested Loop", "Parent Relationship": "Outer", "Join Type": "Inner", "Startup Cost": 0.0, "Total Cost": 61745.44, "Plan Rows": 209278, "Plan Width": 4, "Inner Unique": false, "Plans": [{"Node Type": "Index Scan", "Parent Relationship": "Outer", "Scan Direction": "Forward", "Index Name": "company_type_pkey", "Relation Name": "company_type", "Alias": "ct", "Startup Cost": 0.0, "Total Cost": 12.3, "Plan Rows": 1, "Plan Width": 4, "Filter": "((kind)::text = 'production companies'::text)"}, {"Node Type": "Index Scan", "Parent Relationship": "Inner", "Scan Direction": "Forward", "Index Name": "company_type_id_movie_companies", "Relation Name": "movie_companies", "Alias": "mc", "Startup Cost": 0.0, "Total Cost": 59640.35, "Plan Rows": 209279, "Plan Width": 8, "Index Cond": "(company_type_id = ct.id), (LLVM Optimized)", "Filter": "(((note)::text !~~ '%(TV)%'::text) AND ((note)::text ~~ '%(USA)%'::text)), (LLVM Optimized)"}]}, {"Node Type": "Index Scan", "Parent Relationship": "Inner", "Scan Direction": "Forward", "Index Name": "title_pkey", "Relation Name": "title", "Alias": "t", "Startup Cost": 0.0, "Total Cost": 0.69, "Plan Rows": 1, "Plan Width": 21, "Index Cond": "(id = mc.movie_id)", "Filter": "(production_year > 1990)"}]}, {"Node Type": "Index Scan", "Parent Relationship": "Inner", "Scan Direction": "Forward", "Index Name": "movie_id_movie_info", "Relation Name": "movie_info", "Alias": "mi", "Startup Cost": 0.0, "Total Cost": 0.88, "Plan Rows": 1, "Plan Width": 8, "Index Cond": "(movie_id = t.id)", "Filter": "((info)::text = ANY ('{Sweden,Norway,Germany,Denmark,Swedish,Denish,Norwegian,German,USA,American}'::text[]))"}]}, {"Node Type": "Index Scan", "Parent Relationship": "Inner", "Scan Direction": "Forward", "Index Name": "info_type_pkey", "Relation Name": "info_type", "Alias": "it", "Startup Cost": 0.0, "Total Cost": 0.27, "Plan Rows": 1, "Plan Width": 4, "Index Cond": "(id = mi.info_type_id)"}]}]}, "Unique SQL Id": 322094867}, "explain_analyze_plan": {"Plan": {"Node Type": "Aggregate", "Strategy": "Plain", "Startup Cost": 560989.43, "Total Cost": 560989.44, "Plan Rows": 1, "Plan Width": 49, "Actual Startup Time": 748.589, "Actual Total Time": 748.59, "Actual Rows": 1, "Actual Loops": 1, "Plans": [{"Node Type": "Nested Loop", "Parent Relationship": "Outer", "Join Type": "Inner", "Startup Cost": 0.0, "Total Cost": 560161.81, "Plan Rows": 331050, "Plan Width": 17, "Actual Startup Time": 8.727, "Actual Total Time": 748.054, "Actual Rows": 669, "Actual Loops": 1, "Inner Unique": true, "Plans": [{"Node Type": "Nested Loop", "Parent Relationship": "Outer", "Join Type": "Inner", "Startup Cost": 0.0, "Total Cost": 467462.34, "Plan Rows": 331050, "Plan Width": 21, "Actual Startup Time": 8.72, "Actual Total Time": 746.191, "Actual Rows": 669, "Actual Loops": 1, "Inner Unique": false, "Plans": [{"Node Type": "Nested Loop", "Parent Relationship": "Outer", "Join Type": "Inner", "Startup Cost": 0.0, "Total Cost": 208944.27, "Plan Rows": 289936, "Plan Width": 25, "Actual Startup Time": 8.702, "Actual Total Time": 719.534, "Actual Rows": 767, "Actual Loops": 1, "Inner Unique": true, "Plans": [{"Node Type": "Nested Loop", "Parent Relationship": "Outer", "Join Type": "Inner", "Startup Cost": 0.0, "Total Cost": 61745.44, "Plan Rows": 209278, "Plan Width": 4, "Actual Startup Time": 8.68, "Actual Total Time": 712.35, "Actual Rows": 798, "Actual Loops": 1, "Inner Unique": false, "Plans": [{"Node Type": "Index Scan", "Parent Relationship": "Outer", "Scan Direction": "Forward", "Index Name": "company_type_pkey", "Relation Name": "company_type", "Alias": "ct", "Startup Cost": 0.0, "Total Cost": 12.3, "Plan Rows": 1, "Plan Width": 4, "Actual Startup Time": 0.021, "Actual Total Time": 0.03, "Actual Rows": 1, "Actual Loops": 1, "Filter": "((kind)::text = 'production companies'::text)", "Rows Removed by Filter": 2}, {"Node Type": "Index Scan", "Parent Relationship": "Inner", "Scan Direction": "Forward", "Index Name": "company_type_id_movie_companies", "Relation Name": "movie_companies", "Alias": "mc", "Startup Cost": 0.0, "Total Cost": 59640.35, "Plan Rows": 209279, "Plan Width": 8, "Actual Startup Time": 8.654, "Actual Total Time": 712.084, "Actual Rows": 798, "Actual Loops": 1, "Index Cond": "(company_type_id = ct.id), (LLVM Optimized, Jit Execute)", "Rows Removed by Index Recheck": 0, "Filter": "(((note)::text !~~ '%(TV)%'::text) AND ((note)::text ~~ '%(USA)%'::text)), (LLVM Optimized, Jit Execute)", "Rows Removed by Filter": 1334085}]}, {"Node Type": "Index Scan", "Parent Relationship": "Inner", "Scan Direction": "Forward", "Index Name": "title_pkey", "Relation Name": "title", "Alias": "t", "Startup Cost": 0.0, "Total Cost": 0.69, "Plan Rows": 1, "Plan Width": 21, "Actual Startup Time": 6.315, "Actual Total Time": 6.315, "Actual Rows": 767, "Actual Loops": 798, "Index Cond": "(id = mc.movie_id)", "Rows Removed by Index Recheck": 0, "Filter": "(production_year > 1990)", "Rows Removed by Filter": 31}]}, {"Node Type": "Index Scan", "Parent Relationship": "Inner", "Scan Direction": "Forward", "Index Name": "movie_id_movie_info", "Relation Name": "movie_info", "Alias": "mi", "Startup Cost": 0.0, "Total Cost": 0.88, "Plan Rows": 1, "Plan Width": 8, "Actual Startup Time": 22.914, "Actual Total Time": 25.991, "Actual Rows": 669, "Actual Loops": 767, "Index Cond": "(movie_id = t.id)", "Rows Removed by Index Recheck": 0, "Filter": "((info)::text = ANY ('{Sweden,Norway,Germany,Denmark,Swedish,Denish,Norwegian,German,USA,American}'::text[]))", "Rows Removed by Filter": 7721}]}, {"Node Type": "Index Scan", "Parent Relationship": "Inner", "Scan Direction": "Forward", "Index Name": "info_type_pkey", "Relation Name": "info_type", "Alias": "it", "Startup Cost": 0.0, "Total Cost": 0.27, "Plan Rows": 1, "Plan Width": 4, "Actual Startup Time": 1.201, "Actual Total Time": 1.201, "Actual Rows": 669, "Actual Loops": 669, "Index Cond": "(id = mi.info_type_id)", "Rows Removed by Index Recheck": 0}]}]}, "Triggers": [], "Planner Runtime": 2.91, "Total Runtime": 758.029, "Unique SQL Id": 322094867}}, "(1, 54)": {"explain_plan": {"Plan": {"Node Type": "Aggregate", "Strategy": "Plain", "Startup Cost": 2537162.68, "Total Cost": 2537162.69, "Plan Rows": 1, "Plan Width": 49, "Plans": [{"Node Type": "Nested Loop", "Parent Relationship": "Outer", "Join Type": "Inner", "Startup Cost": 1.14, "Total Cost": 2536335.06, "Plan Rows": 331050, "Plan Width": 17, "Inner Unique": true, "Plans": [{"Node Type": "Nested Loop", "Parent Relationship": "Outer", "Join Type": "Inner", "Startup Cost": 0.83, "Total Cost": 1500774.72, "Plan Rows": 238955, "Plan Width": 8, "Inner Unique": true, "Join Filter": "(mi.info_type_id = it.id), (LLVM Optimized)", "Plans": [{"Node Type": "Nested Loop", "Parent Relationship": "Outer", "Join Type": "Inner", "Startup Cost": 0.83, "Total Cost": 1099327.92, "Plan Rows": 238955, "Plan Width": 12, "Inner Unique": false, "Plans": [{"Node Type": "Nested Loop", "Parent Relationship": "Outer", "Join Type": "Inner", "Startup Cost": 0.0, "Total Cost": 60095.92, "Plan Rows": 209278, "Plan Width": 4, "Inner Unique": false, "Join Filter": "(ct.id = mc.company_type_id), (LLVM Optimized)", "Plans": [{"Node Type": "Seq Scan", "Parent Relationship": "Outer", "Relation Name": "company_type", "Alias": "ct", "Startup Cost": 0.0, "Total Cost": 1.04, "Plan Rows": 1, "Plan Width": 4, "Filter": "((kind)::text = 'production companies'::text)"}, {"Node Type": "Seq Scan", "Parent Relationship": "Inner", "Relation Name": "movie_companies", "Alias": "mc", "Startup Cost": 0.0, "Total Cost": 54862.92, "Plan Rows": 418557, "Plan Width": 8, "Filter": "(((note)::text !~~ '%(TV)%'::text) AND ((note)::text ~~ '%(USA)%'::text)), (LLVM Optimized)"}]}, {"Node Type": "Bitmap Heap Scan", "Parent Relationship": "Inner", "Relation Name": "movie_info", "Alias": "mi", "Startup Cost": 0.83, "Total Cost": 4.96, "Plan Rows": 1, "Plan Width": 8, "Recheck Cond": "(movie_id = mc.movie_id)", "Filter": "((info)::text = ANY ('{Sweden,Norway,Germany,Denmark,Swedish,Denish,Norwegian,German,USA,American}'::text[]))", "Plans": [{"Node Type": "Bitmap Index Scan", "Parent Relationship": "Outer", "Index Name": "movie_id_movie_info", "Startup Cost": 0.0, "Total Cost": 0.83, "Plan Rows": 5, "Plan Width": 0, "Index Cond": "(movie_id = mc.movie_id)"}]}]}, {"Node Type": "Materialize", "Parent Relationship": "Inner", "Startup Cost": 0.0, "Total Cost": 2.68, "Plan Rows": 112, "Plan Width": 4, "Plans": [{"Node Type": "Seq Scan", "Parent Relationship": "Outer", "Relation Name": "info_type", "Alias": "it", "Startup Cost": 0.0, "Total Cost": 2.12, "Plan Rows": 112, "Plan Width": 4}]}]}, {"Node Type": "Bitmap Heap Scan", "Parent Relationship": "Inner", "Relation Name": "title", "Alias": "t", "Startup Cost": 0.31, "Total Cost": 4.32, "Plan Rows": 1, "Plan Width": 21, "Recheck Cond": "(id = mi.movie_id)", "Filter": "(production_year > 1990)", "Plans": [{"Node Type": "Bitmap Index Scan", "Parent Relationship": "Outer", "Index Name": "title_pkey", "Startup Cost": 0.0, "Total Cost": 0.31, "Plan Rows": 1, "Plan Width": 0, "Index Cond": "(id = mi.movie_id)"}]}]}]}, "Unique SQL Id": 322094867}, "explain_analyze_plan": {"Plan": {"Node Type": "Aggregate", "Strategy": "Plain", "Startup Cost": 2537162.68, "Total Cost": 2537162.69, "Plan Rows": 1, "Plan Width": 49, "Actual Startup Time": 1308.092, "Actual Total Time": 1308.092, "Actual Rows": 1, "Actual Loops": 1, "Plans": [{"Node Type": "Nested Loop", "Parent Relationship": "Outer", "Join Type": "Inner", "Startup Cost": 1.14, "Total Cost": 2536335.06, "Plan Rows": 331050, "Plan Width": 17, "Actual Startup Time": 915.971, "Actual Total Time": 1307.476, "Actual Rows": 669, "Actual Loops": 1, "Inner Unique": true, "Plans": [{"Node Type": "Nested Loop", "Parent Relationship": "Outer", "Join Type": "Inner", "Startup Cost": 0.83, "Total Cost": 1500774.72, "Plan Rows": 238955, "Plan Width": 8, "Actual Startup Time": 915.923, "Actual Total Time": 1298.959, "Actual Rows": 691, "Actual Loops": 1, "Inner Unique": true, "Join Filter": "(mi.info_type_id = it.id), (LLVM Optimized, Jit Execute)", "Rows Removed by Join Filter": 4196, "Plans": [{"Node Type": "Nested Loop", "Parent Relationship": "Outer", "Join Type": "Inner", "Startup Cost": 0.83, "Total Cost": 1099327.92, "Plan Rows": 238955, "Plan Width": 12, "Actual Startup Time": 915.848, "Actual Total Time": 1297.299, "Actual Rows": 691, "Actual Loops": 1, "Inner Unique": false, "Plans": [{"Node Type": "Nested Loop", "Parent Relationship": "Outer", "Join Type": "Inner", "Startup Cost": 0.0, "Total Cost": 60095.92, "Plan Rows": 209278, "Plan Width": 4, "Actual Startup Time": 915.679, "Actual Total Time": 1262.757, "Actual Rows": 798, "Actual Loops": 1, "Inner Unique": false, "Join Filter": "(ct.id = mc.company_type_id), (LLVM Optimized, Jit Execute)", "Rows Removed by Join Filter": 294830, "Plans": [{"Node Type": "Seq Scan", "Parent Relationship": "Outer", "Relation Name": "company_type", "Alias": "ct", "Startup Cost": 0.0, "Total Cost": 1.04, "Plan Rows": 1, "Plan Width": 4, "Actual Startup Time": 0.02, "Actual Total Time": 0.025, "Actual Rows": 1, "Actual Loops": 1, "Filter": "((kind)::text = 'production companies'::text)", "Rows Removed by Filter": 2}, {"Node Type": "Seq Scan", "Parent Relationship": "Inner", "Relation Name": "movie_companies", "Alias": "mc", "Startup Cost": 0.0, "Total Cost": 54862.92, "Plan Rows": 418557, "Plan Width": 8, "Actual Startup Time": 0.042, "Actual Total Time": 1198.769, "Actual Rows": 295628, "Actual Loops": 1, "Filter": "(((note)::text !~~ '%(TV)%'::text) AND ((note)::text ~~ '%(USA)%'::text)), (LLVM Optimized, Jit Execute)", "Rows Removed by Filter": 2313500}]}, {"Node Type": "Bitmap Heap Scan", "Parent Relationship": "Inner", "Relation Name": "movie_info", "Alias": "mi", "Startup Cost": 0.83, "Total Cost": 4.96, "Plan Rows": 1, "Plan Width": 8, "Actual Startup Time": 29.956, "Actual Total Time": 32.838, "Actual Rows": 691, "Actual Loops": 798, "Recheck Cond": "(movie_id = mc.movie_id)", "Rows Removed by Index Recheck": 0, "Filter": "((info)::text = ANY ('{Sweden,Norway,Germany,Denmark,Swedish,Denish,Norwegian,German,USA,American}'::text[]))", "Rows Removed by Filter": 7906, "Exact Heap Blocks": 6397, "Lossy Heap Blocks": 6397, "Plans": [{"Node Type": "Bitmap Index Scan", "Parent Relationship": "Outer", "Index Name": "movie_id_movie_info", "Startup Cost": 0.0, "Total Cost": 0.83, "Plan Rows": 5, "Plan Width": 0, "Actual Startup Time": 7.675, "Actual Total Time": 7.675, "Actual Rows": 8597, "Actual Loops": 798, "Index Cond": "(movie_id = mc.movie_id)"}]}]}, {"Node Type": "Materialize", "Parent Relationship": "Inner", "Startup Cost": 0.0, "Total Cost": 2.68, "Plan Rows": 112, "Plan Width": 4, "Actual Startup Time": 0.156, "Actual Total Time": 0.506, "Actual Rows": 4887, "Actual Loops": 691, "Plans": [{"Node Type": "Seq Scan", "Parent Relationship": "Outer", "Relation Name": "info_type", "Alias": "it", "Startup Cost": 0.0, "Total Cost": 2.12, "Plan Rows": 112, "Plan Width": 4, "Actual Startup Time": 0.044, "Actual Total Time": 0.045, "Actual Rows": 17, "Actual Loops": 1}]}]}, {"Node Type": "Bitmap Heap Scan", "Parent Relationship": "Inner", "Relation Name": "title", "Alias": "t", "Startup Cost": 0.31, "Total Cost": 4.32, "Plan Rows": 1, "Plan Width": 21, "Actual Startup Time": 7.222, "Actual Total Time": 7.222, "Actual Rows": 669, "Actual Loops": 691, "Recheck Cond": "(id = mi.movie_id)", "Rows Removed by Index Recheck": 0, "Filter": "(production_year > 1990)", "Rows Removed by Filter": 22, "Exact Heap Blocks": 691, "Lossy Heap Blocks": 691, "Plans": [{"Node Type": "Bitmap Index Scan", "Parent Relationship": "Outer", "Index Name": "title_pkey", "Startup Cost": 0.0, "Total Cost": 0.31, "Plan Rows": 1, "Plan Width": 0, "Actual Startup Time": 4.247, "Actual Total Time": 4.247, "Actual Rows": 691, "Actual Loops": 691, "Index Cond": "(id = mi.movie_id)"}]}]}]}, "Triggers": [], "Planner Runtime": 3.211, "Total Runtime": 1317.884, "Unique SQL Id": 322094867}}, "(1, 55)": {"explain_plan": {"Plan": {"Node Type": "Aggregate", "Strategy": "Plain", "Startup Cost": 1000019247502.85, "Total Cost": 1000019247502.86, "Plan Rows": 1, "Plan Width": 49, "Plans": [{"Node Type": "Nested Loop", "Parent Relationship": "Outer", "Join Type": "Inner", "Startup Cost": 10000000001.66, "Total Cost": 1000019246675.23, "Plan Rows": 331050, "Plan Width": 17, "Inner Unique": true, "Plans": [{"Node Type": "Nested Loop", "Parent Relationship": "Outer", "Join Type": "Inner", "Startup Cost": 10000000001.35, "Total Cost": 1000018211114.89, "Plan Rows": 238955, "Plan Width": 8, "Inner Unique": true, "Plans": [{"Node Type": "Nested Loop", "Parent Relationship": "Outer", "Join Type": "Inner", "Startup Cost": 10000000001.09, "Total Cost": 1000017188325.12, "Plan Rows": 238955, "Plan Width": 12, "Inner Unique": false, "Plans": [{"Node Type": "Nested Loop", "Parent Relationship": "Outer", "Join Type": "Inner", "Startup Cost": 10000000000.26, "Total Cost": 1000016149093.12, "Plan Rows": 209278, "Plan Width": 4, "Inner Unique": true, "Plans": [{"Node Type": "Index Scan", "Parent Relationship": "Outer", "Scan Direction": "Forward", "Index Name": "movie_id_movie_companies", "Relation Name": "movie_companies", "Alias": "mc", "Startup Cost": 10000000000.0, "Total Cost": 1000014356510.13, "Plan Rows": 418557, "Plan Width": 8, "Filter": "(((note)::text !~~ '%(TV)%'::text) AND ((note)::text ~~ '%(USA)%'::text)), (LLVM Optimized)"}, {"Node Type": "Bitmap Heap Scan", "Parent Relationship": "Inner", "Relation Name": "company_type", "Alias": "ct", "Startup Cost": 0.26, "Total Cost": 4.27, "Plan Rows": 1, "Plan Width": 4, "Recheck Cond": "(id = mc.company_type_id)", "Filter": "((kind)::text = 'production companies'::text)", "Plans": [{"Node Type": "Bitmap Index Scan", "Parent Relationship": "Outer", "Index Name": "company_type_pkey", "Startup Cost": 0.0, "Total Cost": 0.26, "Plan Rows": 1, "Plan Width": 0, "Index Cond": "(id = mc.company_type_id)"}]}]}, {"Node Type": "Bitmap Heap Scan", "Parent Relationship": "Inner", "Relation Name": "movie_info", "Alias": "mi", "Startup Cost": 0.83, "Total Cost": 4.96, "Plan Rows": 1, "Plan Width": 8, "Recheck Cond": "(movie_id = mc.movie_id)", "Filter": "((info)::text = ANY ('{Sweden,Norway,Germany,Denmark,Swedish,Denish,Norwegian,German,USA,American}'::text[]))", "Plans": [{"Node Type": "Bitmap Index Scan", "Parent Relationship": "Outer", "Index Name": "movie_id_movie_info", "Startup Cost": 0.0, "Total Cost": 0.83, "Plan Rows": 5, "Plan Width": 0, "Index Cond": "(movie_id = mc.movie_id)"}]}]}, {"Node Type": "Bitmap Heap Scan", "Parent Relationship": "Inner", "Relation Name": "info_type", "Alias": "it", "Startup Cost": 0.26, "Total Cost": 4.27, "Plan Rows": 1, "Plan Width": 4, "Recheck Cond": "(id = mi.info_type_id)", "Plans": [{"Node Type": "Bitmap Index Scan", "Parent Relationship": "Outer", "Index Name": "info_type_pkey", "Startup Cost": 0.0, "Total Cost": 0.26, "Plan Rows": 1, "Plan Width": 0, "Index Cond": "(id = mi.info_type_id)"}]}]}, {"Node Type": "Bitmap Heap Scan", "Parent Relationship": "Inner", "Relation Name": "title", "Alias": "t", "Startup Cost": 0.31, "Total Cost": 4.32, "Plan Rows": 1, "Plan Width": 21, "Recheck Cond": "(id = mi.movie_id)", "Filter": "(production_year > 1990)", "Plans": [{"Node Type": "Bitmap Index Scan", "Parent Relationship": "Outer", "Index Name": "title_pkey", "Startup Cost": 0.0, "Total Cost": 0.31, "Plan Rows": 1, "Plan Width": 0, "Index Cond": "(id = mi.movie_id)"}]}]}]}, "Unique SQL Id": 322094867}, "explain_analyze_plan": {"Plan": {"Node Type": "Aggregate", "Strategy": "Plain", "Startup Cost": 1000019247502.85, "Total Cost": 1000019247502.86, "Plan Rows": 1, "Plan Width": 49, "Actual Startup Time": 2983.243, "Actual Total Time": 2983.244, "Actual Rows": 1, "Actual Loops": 1, "Plans": [{"Node Type": "Nested Loop", "Parent Relationship": "Outer", "Join Type": "Inner", "Startup Cost": 10000000001.66, "Total Cost": 1000019246675.23, "Plan Rows": 331050, "Plan Width": 17, "Actual Startup Time": 32.619, "Actual Total Time": 2982.151, "Actual Rows": 669, "Actual Loops": 1, "Inner Unique": true, "Plans": [{"Node Type": "Nested Loop", "Parent Relationship": "Outer", "Join Type": "Inner", "Startup Cost": 10000000001.35, "Total Cost": 1000018211114.89, "Plan Rows": 238955, "Plan Width": 8, "Actual Startup Time": 32.603, "Actual Total Time": 2974.089, "Actual Rows": 691, "Actual Loops": 1, "Inner Unique": true, "Plans": [{"Node Type": "Nested Loop", "Parent Relationship": "Outer", "Join Type": "Inner", "Startup Cost": 10000000001.09, "Total Cost": 1000017188325.12, "Plan Rows": 238955, "Plan Width": 12, "Actual Startup Time": 32.594, "Actual Total Time": 2969.962, "Actual Rows": 691, "Actual Loops": 1, "Inner Unique": false, "Plans": [{"Node Type": "Nested Loop", "Parent Relationship": "Outer", "Join Type": "Inner", "Startup Cost": 10000000000.26, "Total Cost": 1000016149093.12, "Plan Rows": 209278, "Plan Width": 4, "Actual Startup Time": 32.553, "Actual Total Time": 2937.753, "Actual Rows": 798, "Actual Loops": 1, "Inner Unique": true, "Plans": [{"Node Type": "Index Scan", "Parent Relationship": "Outer", "Scan Direction": "Forward", "Index Name": "movie_id_movie_companies", "Relation Name": "movie_companies", "Alias": "mc", "Startup Cost": 10000000000.0, "Total Cost": 1000014356510.13, "Plan Rows": 418557, "Plan Width": 8, "Actual Startup Time": 0.054, "Actual Total Time": 2285.125, "Actual Rows": 295628, "Actual Loops": 1, "Filter": "(((note)::text !~~ '%(TV)%'::text) AND ((note)::text ~~ '%(USA)%'::text)), (LLVM Optimized, Jit Execute)", "Rows Removed by Filter": 2313500}, {"Node Type": "Bitmap Heap Scan", "Parent Relationship": "Inner", "Relation Name": "company_type", "Alias": "ct", "Startup Cost": 0.26, "Total Cost": 4.27, "Plan Rows": 1, "Plan Width": 4, "Actual Startup Time": 341.416, "Actual Total Time": 341.416, "Actual Rows": 798, "Actual Loops": 295628, "Recheck Cond": "(id = mc.company_type_id)", "Rows Removed by Index Recheck": 0, "Filter": "((kind)::text = 'production companies'::text)", "Rows Removed by Filter": 0, "Exact Heap Blocks": 798, "Lossy Heap Blocks": 798, "Plans": [{"Node Type": "Bitmap Index Scan", "Parent Relationship": "Outer", "Index Name": "company_type_pkey", "Startup Cost": 0.0, "Total Cost": 0.26, "Plan Rows": 1, "Plan Width": 0, "Actual Startup Time": 205.492, "Actual Total Time": 205.492, "Actual Rows": 798, "Actual Loops": 295628, "Index Cond": "(id = mc.company_type_id)"}]}]}, {"Node Type": "Bitmap Heap Scan", "Parent Relationship": "Inner", "Relation Name": "movie_info", "Alias": "mi", "Startup Cost": 0.83, "Total Cost": 4.96, "Plan Rows": 1, "Plan Width": 8, "Actual Startup Time": 27.613, "Actual Total Time": 30.269, "Actual Rows": 691, "Actual Loops": 798, "Recheck Cond": "(movie_id = mc.movie_id)", "Rows Removed by Index Recheck": 0, "Filter": "((info)::text = ANY ('{Sweden,Norway,Germany,Denmark,Swedish,Denish,Norwegian,German,USA,American}'::text[]))", "Rows Removed by Filter": 7906, "Exact Heap Blocks": 6397, "Lossy Heap Blocks": 6397, "Plans": [{"Node Type": "Bitmap Index Scan", "Parent Relationship": "Outer", "Index Name": "movie_id_movie_info", "Startup Cost": 0.0, "Total Cost": 0.83, "Plan Rows": 5, "Plan Width": 0, "Actual Startup Time": 6.949, "Actual Total Time": 6.949, "Actual Rows": 8597, "Actual Loops": 798, "Index Cond": "(movie_id = mc.movie_id)"}]}]}, {"Node Type": "Bitmap Heap Scan", "Parent Relationship": "Inner", "Relation Name": "info_type", "Alias": "it", "Startup Cost": 0.26, "Total Cost": 4.27, "Plan Rows": 1, "Plan Width": 4, "Actual Startup Time": 2.573, "Actual Total Time": 2.573, "Actual Rows": 691, "Actual Loops": 691, "Recheck Cond": "(id = mi.info_type_id)", "Rows Removed by Index Recheck": 0, "Exact Heap Blocks": 691, "Lossy Heap Blocks": 691, "Plans": [{"Node Type": "Bitmap Index Scan", "Parent Relationship": "Outer", "Index Name": "info_type_pkey", "Startup Cost": 0.0, "Total Cost": 0.26, "Plan Rows": 1, "Plan Width": 0, "Actual Startup Time": 1.179, "Actual Total Time": 1.179, "Actual Rows": 691, "Actual Loops": 691, "Index Cond": "(id = mi.info_type_id)"}]}]}, {"Node Type": "Bitmap Heap Scan", "Parent Relationship": "Inner", "Relation Name": "title", "Alias": "t", "Startup Cost": 0.31, "Total Cost": 4.32, "Plan Rows": 1, "Plan Width": 21, "Actual Startup Time": 6.58, "Actual Total Time": 6.58, "Actual Rows": 669, "Actual Loops": 691, "Recheck Cond": "(id = mi.movie_id)", "Rows Removed by Index Recheck": 0, "Filter": "(production_year > 1990)", "Rows Removed by Filter": 22, "Exact Heap Blocks": 691, "Lossy Heap Blocks": 691, "Plans": [{"Node Type": "Bitmap Index Scan", "Parent Relationship": "Outer", "Index Name": "title_pkey", "Startup Cost": 0.0, "Total Cost": 0.31, "Plan Rows": 1, "Plan Width": 0, "Actual Startup Time": 3.813, "Actual Total Time": 3.813, "Actual Rows": 691, "Actual Loops": 691, "Index Cond": "(id = mi.movie_id)"}]}]}]}, "Triggers": [], "Planner Runtime": 4.896, "Total Runtime": 2992.474, "Unique SQL Id": 322094867}}, "(1, 56)": {"explain_plan": {"Plan": {"Node Type": "Aggregate", "Strategy": "Plain", "Startup Cost": 559338.09, "Total Cost": 559338.1, "Plan Rows": 1, "Plan Width": 49, "Plans": [{"Node Type": "Nested Loop", "Parent Relationship": "Outer", "Join Type": "Inner", "Startup Cost": 0.0, "Total Cost": 558510.46, "Plan Rows": 331050, "Plan Width": 17, "Inner Unique": true, "Plans": [{"Node Type": "Nested Loop", "Parent Relationship": "Outer", "Join Type": "Inner", "Startup Cost": 0.0, "Total Cost": 465812.82, "Plan Rows": 331050, "Plan Width": 21, "Inner Unique": false, "Plans": [{"Node Type": "Nested Loop", "Parent Relationship": "Outer", "Join Type": "Inner", "Startup Cost": 0.0, "Total Cost": 207294.74, "Plan Rows": 289936, "Plan Width": 25, "Inner Unique": true, "Plans": [{"Node Type": "Nested Loop", "Parent Relationship": "Outer", "Join Type": "Inner", "Startup Cost": 0.0, "Total Cost": 60095.92, "Plan Rows": 209278, "Plan Width": 4, "Inner Unique": false, "Join Filter": "(ct.id = mc.company_type_id), (LLVM Optimized)", "Plans": [{"Node Type": "Seq Scan", "Parent Relationship": "Outer", "Relation Name": "company_type", "Alias": "ct", "Startup Cost": 0.0, "Total Cost": 1.04, "Plan Rows": 1, "Plan Width": 4, "Filter": "((kind)::text = 'production companies'::text)"}, {"Node Type": "Seq Scan", "Parent Relationship": "Inner", "Relation Name": "movie_companies", "Alias": "mc", "Startup Cost": 0.0, "Total Cost": 54862.92, "Plan Rows": 418557, "Plan Width": 8, "Filter": "(((note)::text !~~ '%(TV)%'::text) AND ((note)::text ~~ '%(USA)%'::text)), (LLVM Optimized)"}]}, {"Node Type": "Index Scan", "Parent Relationship": "Inner", "Scan Direction": "Forward", "Index Name": "title_pkey", "Relation Name": "title", "Alias": "t", "Startup Cost": 0.0, "Total Cost": 0.69, "Plan Rows": 1, "Plan Width": 21, "Index Cond": "(id = mc.movie_id)", "Filter": "(production_year > 1990)"}]}, {"Node Type": "Index Scan", "Parent Relationship": "Inner", "Scan Direction": "Forward", "Index Name": "movie_id_movie_info", "Relation Name": "movie_info", "Alias": "mi", "Startup Cost": 0.0, "Total Cost": 0.88, "Plan Rows": 1, "Plan Width": 8, "Index Cond": "(movie_id = t.id)", "Filter": "((info)::text = ANY ('{Sweden,Norway,Germany,Denmark,Swedish,Denish,Norwegian,German,USA,American}'::text[]))"}]}, {"Node Type": "Index Only Scan", "Parent Relationship": "Inner", "Scan Direction": "Forward", "Index Name": "info_type_pkey", "Relation Name": "info_type", "Alias": "it", "Startup Cost": 0.0, "Total Cost": 0.27, "Plan Rows": 1, "Plan Width": 4, "Index Cond": "(id = mi.info_type_id)"}]}]}, "Unique SQL Id": 322094867}, "explain_analyze_plan": {"Plan": {"Node Type": "Aggregate", "Strategy": "Plain", "Startup Cost": 559338.09, "Total Cost": 559338.1, "Plan Rows": 1, "Plan Width": 49, "Actual Startup Time": 1232.267, "Actual Total Time": 1232.267, "Actual Rows": 1, "Actual Loops": 1, "Plans": [{"Node Type": "Nested Loop", "Parent Relationship": "Outer", "Join Type": "Inner", "Startup Cost": 0.0, "Total Cost": 558510.46, "Plan Rows": 331050, "Plan Width": 17, "Actual Startup Time": 878.992, "Actual Total Time": 1231.714, "Actual Rows": 669, "Actual Loops": 1, "Inner Unique": true, "Plans": [{"Node Type": "Nested Loop", "Parent Relationship": "Outer", "Join Type": "Inner", "Startup Cost": 0.0, "Total Cost": 465812.82, "Plan Rows": 331050, "Plan Width": 21, "Actual Startup Time": 878.979, "Actual Total Time": 1230.425, "Actual Rows": 669, "Actual Loops": 1, "Inner Unique": false, "Plans": [{"Node Type": "Nested Loop", "Parent Relationship": "Outer", "Join Type": "Inner", "Startup Cost": 0.0, "Total Cost": 207294.74, "Plan Rows": 289936, "Plan Width": 25, "Actual Startup Time": 878.951, "Actual Total Time": 1211.9, "Actual Rows": 767, "Actual Loops": 1, "Inner Unique": true, "Plans": [{"Node Type": "Nested Loop", "Parent Relationship": "Outer", "Join Type": "Inner", "Startup Cost": 0.0, "Total Cost": 60095.92, "Plan Rows": 209278, "Plan Width": 4, "Actual Startup Time": 878.88, "Actual Total Time": 1206.488, "Actual Rows": 798, "Actual Loops": 1, "Inner Unique": false, "Join Filter": "(ct.id = mc.company_type_id), (LLVM Optimized, Jit Execute)", "Rows Removed by Join Filter": 294830, "Plans": [{"Node Type": "Seq Scan", "Parent Relationship": "Outer", "Relation Name": "company_type", "Alias": "ct", "Startup Cost": 0.0, "Total Cost": 1.04, "Plan Rows": 1, "Plan Width": 4, "Actual Startup Time": 0.026, "Actual Total Time": 0.029, "Actual Rows": 1, "Actual Loops": 1, "Filter": "((kind)::text = 'production companies'::text)", "Rows Removed by Filter": 2}, {"Node Type": "Seq Scan", "Parent Relationship": "Inner", "Relation Name": "movie_companies", "Alias": "mc", "Startup Cost": 0.0, "Total Cost": 54862.92, "Plan Rows": 418557, "Plan Width": 8, "Actual Startup Time": 0.03, "Actual Total Time": 1146.717, "Actual Rows": 295628, "Actual Loops": 1, "Filter": "(((note)::text !~~ '%(TV)%'::text) AND ((note)::text ~~ '%(USA)%'::text)), (LLVM Optimized, Jit Execute)", "Rows Removed by Filter": 2313500}]}, {"Node Type": "Index Scan", "Parent Relationship": "Inner", "Scan Direction": "Forward", "Index Name": "title_pkey", "Relation Name": "title", "Alias": "t", "Startup Cost": 0.0, "Total Cost": 0.69, "Plan Rows": 1, "Plan Width": 21, "Actual Startup Time": 4.612, "Actual Total Time": 4.612, "Actual Rows": 767, "Actual Loops": 798, "Index Cond": "(id = mc.movie_id)", "Rows Removed by Index Recheck": 0, "Filter": "(production_year > 1990)", "Rows Removed by Filter": 31}]}, {"Node Type": "Index Scan", "Parent Relationship": "Inner", "Scan Direction": "Forward", "Index Name": "movie_id_movie_info", "Relation Name": "movie_info", "Alias": "mi", "Startup Cost": 0.0, "Total Cost": 0.88, "Plan Rows": 1, "Plan Width": 8, "Actual Startup Time": 15.433, "Actual Total Time": 17.858, "Actual Rows": 669, "Actual Loops": 767, "Index Cond": "(movie_id = t.id)", "Rows Removed by Index Recheck": 0, "Filter": "((info)::text = ANY ('{Sweden,Norway,Germany,Denmark,Swedish,Denish,Norwegian,German,USA,American}'::text[]))", "Rows Removed by Filter": 7721}]}, {"Node Type": "Index Only Scan", "Parent Relationship": "Inner", "Scan Direction": "Forward", "Index Name": "info_type_pkey", "Relation Name": "info_type", "Alias": "it", "Startup Cost": 0.0, "Total Cost": 0.27, "Plan Rows": 1, "Plan Width": 4, "Actual Startup Time": 0.712, "Actual Total Time": 0.712, "Actual Rows": 669, "Actual Loops": 669, "Index Cond": "(id = mi.info_type_id)", "Rows Removed by Index Recheck": 0, "Heap Fetches": 0}]}]}, "Triggers": [], "Planner Runtime": 2.971, "Total Runtime": 1241.626, "Unique SQL Id": 322094867}}, "(1, 57)": {"explain_plan": {"Plan": {"Node Type": "Aggregate", "Strategy": "Plain", "Startup Cost": 560987.61, "Total Cost": 560987.62, "Plan Rows": 1, "Plan Width": 49, "Plans": [{"Node Type": "Nested Loop", "Parent Relationship": "Outer", "Join Type": "Inner", "Startup Cost": 0.0, "Total Cost": 560159.98, "Plan Rows": 331050, "Plan Width": 17, "Inner Unique": true, "Plans": [{"Node Type": "Nested Loop", "Parent Relationship": "Outer", "Join Type": "Inner", "Startup Cost": 0.0, "Total Cost": 467462.34, "Plan Rows": 331050, "Plan Width": 21, "Inner Unique": false, "Plans": [{"Node Type": "Nested Loop", "Parent Relationship": "Outer", "Join Type": "Inner", "Startup Cost": 0.0, "Total Cost": 208944.27, "Plan Rows": 289936, "Plan Width": 25, "Inner Unique": true, "Plans": [{"Node Type": "Nested Loop", "Parent Relationship": "Outer", "Join Type": "Inner", "Startup Cost": 0.0, "Total Cost": 61745.44, "Plan Rows": 209278, "Plan Width": 4, "Inner Unique": false, "Plans": [{"Node Type": "Index Scan", "Parent Relationship": "Outer", "Scan Direction": "Forward", "Index Name": "company_type_pkey", "Relation Name": "company_type", "Alias": "ct", "Startup Cost": 0.0, "Total Cost": 12.3, "Plan Rows": 1, "Plan Width": 4, "Filter": "((kind)::text = 'production companies'::text)"}, {"Node Type": "Index Scan", "Parent Relationship": "Inner", "Scan Direction": "Forward", "Index Name": "company_type_id_movie_companies", "Relation Name": "movie_companies", "Alias": "mc", "Startup Cost": 0.0, "Total Cost": 59640.35, "Plan Rows": 209279, "Plan Width": 8, "Index Cond": "(company_type_id = ct.id), (LLVM Optimized)", "Filter": "(((note)::text !~~ '%(TV)%'::text) AND ((note)::text ~~ '%(USA)%'::text)), (LLVM Optimized)"}]}, {"Node Type": "Index Scan", "Parent Relationship": "Inner", "Scan Direction": "Forward", "Index Name": "title_pkey", "Relation Name": "title", "Alias": "t", "Startup Cost": 0.0, "Total Cost": 0.69, "Plan Rows": 1, "Plan Width": 21, "Index Cond": "(id = mc.movie_id)", "Filter": "(production_year > 1990)"}]}, {"Node Type": "Index Scan", "Parent Relationship": "Inner", "Scan Direction": "Forward", "Index Name": "movie_id_movie_info", "Relation Name": "movie_info", "Alias": "mi", "Startup Cost": 0.0, "Total Cost": 0.88, "Plan Rows": 1, "Plan Width": 8, "Index Cond": "(movie_id = t.id)", "Filter": "((info)::text = ANY ('{Sweden,Norway,Germany,Denmark,Swedish,Denish,Norwegian,German,USA,American}'::text[]))"}]}, {"Node Type": "Index Only Scan", "Parent Relationship": "Inner", "Scan Direction": "Forward", "Index Name": "info_type_pkey", "Relation Name": "info_type", "Alias": "it", "Startup Cost": 0.0, "Total Cost": 0.27, "Plan Rows": 1, "Plan Width": 4, "Index Cond": "(id = mi.info_type_id)"}]}]}, "Unique SQL Id": 322094867}, "explain_analyze_plan": {"Plan": {"Node Type": "Aggregate", "Strategy": "Plain", "Startup Cost": 560987.61, "Total Cost": 560987.62, "Plan Rows": 1, "Plan Width": 49, "Actual Startup Time": 682.348, "Actual Total Time": 682.349, "Actual Rows": 1, "Actual Loops": 1, "Plans": [{"Node Type": "Nested Loop", "Parent Relationship": "Outer", "Join Type": "Inner", "Startup Cost": 0.0, "Total Cost": 560159.98, "Plan Rows": 331050, "Plan Width": 17, "Actual Startup Time": 8.577, "Actual Total Time": 681.785, "Actual Rows": 669, "Actual Loops": 1, "Inner Unique": true, "Plans": [{"Node Type": "Nested Loop", "Parent Relationship": "Outer", "Join Type": "Inner", "Startup Cost": 0.0, "Total Cost": 467462.34, "Plan Rows": 331050, "Plan Width": 21, "Actual Startup Time": 8.567, "Actual Total Time": 680.298, "Actual Rows": 669, "Actual Loops": 1, "Inner Unique": false, "Plans": [{"Node Type": "Nested Loop", "Parent Relationship": "Outer", "Join Type": "Inner", "Startup Cost": 0.0, "Total Cost": 208944.27, "Plan Rows": 289936, "Plan Width": 25, "Actual Startup Time": 8.55, "Actual Total Time": 661.132, "Actual Rows": 767, "Actual Loops": 1, "Inner Unique": true, "Plans": [{"Node Type": "Nested Loop", "Parent Relationship": "Outer", "Join Type": "Inner", "Startup Cost": 0.0, "Total Cost": 61745.44, "Plan Rows": 209278, "Plan Width": 4, "Actual Startup Time": 8.53, "Actual Total Time": 655.44, "Actual Rows": 798, "Actual Loops": 1, "Inner Unique": false, "Plans": [{"Node Type": "Index Scan", "Parent Relationship": "Outer", "Scan Direction": "Forward", "Index Name": "company_type_pkey", "Relation Name": "company_type", "Alias": "ct", "Startup Cost": 0.0, "Total Cost": 12.3, "Plan Rows": 1, "Plan Width": 4, "Actual Startup Time": 0.03, "Actual Total Time": 0.035, "Actual Rows": 1, "Actual Loops": 1, "Filter": "((kind)::text = 'production companies'::text)", "Rows Removed by Filter": 2}, {"Node Type": "Index Scan", "Parent Relationship": "Inner", "Scan Direction": "Forward", "Index Name": "company_type_id_movie_companies", "Relation Name": "movie_companies", "Alias": "mc", "Startup Cost": 0.0, "Total Cost": 59640.35, "Plan Rows": 209279, "Plan Width": 8, "Actual Startup Time": 8.496, "Actual Total Time": 655.167, "Actual Rows": 798, "Actual Loops": 1, "Index Cond": "(company_type_id = ct.id), (LLVM Optimized, Jit Execute)", "Rows Removed by Index Recheck": 0, "Filter": "(((note)::text !~~ '%(TV)%'::text) AND ((note)::text ~~ '%(USA)%'::text)), (LLVM Optimized, Jit Execute)", "Rows Removed by Filter": 1334085}]}, {"Node Type": "Index Scan", "Parent Relationship": "Inner", "Scan Direction": "Forward", "Index Name": "title_pkey", "Relation Name": "title", "Alias": "t", "Startup Cost": 0.0, "Total Cost": 0.69, "Plan Rows": 1, "Plan Width": 21, "Actual Startup Time": 4.675, "Actual Total Time": 4.675, "Actual Rows": 767, "Actual Loops": 798, "Index Cond": "(id = mc.movie_id)", "Rows Removed by Index Recheck": 0, "Filter": "(production_year > 1990)", "Rows Removed by Filter": 31}]}, {"Node Type": "Index Scan", "Parent Relationship": "Inner", "Scan Direction": "Forward", "Index Name": "movie_id_movie_info", "Relation Name": "movie_info", "Alias": "mi", "Startup Cost": 0.0, "Total Cost": 0.88, "Plan Rows": 1, "Plan Width": 8, "Actual Startup Time": 15.948, "Actual Total Time": 18.439, "Actual Rows": 669, "Actual Loops": 767, "Index Cond": "(movie_id = t.id)", "Rows Removed by Index Recheck": 0, "Filter": "((info)::text = ANY ('{Sweden,Norway,Germany,Denmark,Swedish,Denish,Norwegian,German,USA,American}'::text[]))", "Rows Removed by Filter": 7721}]}, {"Node Type": "Index Only Scan", "Parent Relationship": "Inner", "Scan Direction": "Forward", "Index Name": "info_type_pkey", "Relation Name": "info_type", "Alias": "it", "Startup Cost": 0.0, "Total Cost": 0.27, "Plan Rows": 1, "Plan Width": 4, "Actual Startup Time": 0.832, "Actual Total Time": 0.832, "Actual Rows": 669, "Actual Loops": 669, "Index Cond": "(id = mi.info_type_id)", "Rows Removed by Index Recheck": 0, "Heap Fetches": 0}]}]}, "Triggers": [], "Planner Runtime": 2.905, "Total Runtime": 691.725, "Unique SQL Id": 322094867}}, "(1, 58)": {"explain_plan": {"Plan": {"Node Type": "Aggregate", "Strategy": "Plain", "Startup Cost": 8549638284.8, "Total Cost": 8549638284.81, "Plan Rows": 1, "Plan Width": 49, "Plans": [{"Node Type": "Nested Loop", "Parent Relationship": "Outer", "Join Type": "Inner", "Startup Cost": 0.0, "Total Cost": 8549637457.17, "Plan Rows": 331050, "Plan Width": 17, "Inner Unique": false, "Join Filter": "(mi.movie_id = t.id), (LLVM Optimized)", "Plans": [{"Node Type": "Seq Scan", "Parent Relationship": "Outer", "Relation Name": "title", "Alias": "t", "Startup Cost": 0.0, "Total Cost": 66389.89, "Plan Rows": 1748840, "Plan Width": 21, "Filter": "(production_year > 1990), (LLVM Optimized)"}, {"Node Type": "Materialize", "Parent Relationship": "Inner", "Startup Cost": 0.0, "Total Cost": 2281160731.67, "Plan Rows": 238955, "Plan Width": 8, "Plans": [{"Node Type": "Nested Loop", "Parent Relationship": "Outer", "Join Type": "Inner", "Startup Cost": 0.0, "Total Cost": 2281159536.9, "Plan Rows": 238955, "Plan Width": 8, "Inner Unique": true, "Join Filter": "(mi.info_type_id = it.id), (LLVM Optimized)", "Plans": [{"Node Type": "Nested Loop", "Parent Relationship": "Outer", "Join Type": "Inner", "Startup Cost": 0.0, "Total Cost": 2280758090.1, "Plan Rows": 238955, "Plan Width": 12, "Inner Unique": false, "Join Filter": "(mc.movie_id = mi.movie_id), (LLVM Optimized)", "Plans": [{"Node Type": "Seq Scan", "Parent Relationship": "Outer", "Relation Name": "movie_info", "Alias": "mi", "Startup Cost": 0.0, "Total Cost": 482862.23, "Plan Rows": 726375, "Plan Width": 8, "Filter": "((info)::text = ANY ('{Sweden,Norway,Germany,Denmark,Swedish,Denish,Norwegian,German,USA,American}'::text[]))"}, {"Node Type": "Materialize", "Parent Relationship": "Inner", "Startup Cost": 0.0, "Total Cost": 61142.31, "Plan Rows": 209278, "Plan Width": 4, "Plans": [{"Node Type": "Nested Loop", "Parent Relationship": "Outer", "Join Type": "Inner", "Startup Cost": 0.0, "Total Cost": 60095.92, "Plan Rows": 209278, "Plan Width": 4, "Inner Unique": false, "Join Filter": "(ct.id = mc.company_type_id), (LLVM Optimized)", "Plans": [{"Node Type": "Seq Scan", "Parent Relationship": "Outer", "Relation Name": "company_type", "Alias": "ct", "Startup Cost": 0.0, "Total Cost": 1.04, "Plan Rows": 1, "Plan Width": 4, "Filter": "((kind)::text = 'production companies'::text)"}, {"Node Type": "Seq Scan", "Parent Relationship": "Inner", "Relation Name": "movie_companies", "Alias": "mc", "Startup Cost": 0.0, "Total Cost": 54862.92, "Plan Rows": 418557, "Plan Width": 8, "Filter": "(((note)::text !~~ '%(TV)%'::text) AND ((note)::text ~~ '%(USA)%'::text)), (LLVM Optimized)"}]}]}]}, {"Node Type": "Materialize", "Parent Relationship": "Inner", "Startup Cost": 0.0, "Total Cost": 2.68, "Plan Rows": 112, "Plan Width": 4, "Plans": [{"Node Type": "Seq Scan", "Parent Relationship": "Outer", "Relation Name": "info_type", "Alias": "it", "Startup Cost": 0.0, "Total Cost": 2.12, "Plan Rows": 112, "Plan Width": 4}]}]}]}]}]}, "Unique SQL Id": 322094867}, "explain_analyze_plan": null}, "(1, 59)": {"explain_plan": {"Plan": {"Node Type": "Aggregate", "Strategy": "Plain", "Startup Cost": 5008697310776.9, "Total Cost": 5008697310776.91, "Plan Rows": 1, "Plan Width": 49, "Plans": [{"Node Type": "Nested Loop", "Parent Relationship": "Outer", "Join Type": "Inner", "Startup Cost": 50000000000.0, "Total Cost": 5008697309949.27, "Plan Rows": 331050, "Plan Width": 17, "Inner Unique": false, "Join Filter": "(mi.movie_id = t.id), (LLVM Optimized)", "Plans": [{"Node Type": "Index Scan", "Parent Relationship": "Outer", "Scan Direction": "Forward", "Index Name": "title_pkey", "Relation Name": "title", "Alias": "t", "Startup Cost": 10000000000.0, "Total Cost": 1000011644126.66, "Plan Rows": 1748840, "Plan Width": 21, "Filter": "(production_year > 1990), (LLVM Optimized)"}, {"Node Type": "Materialize", "Parent Relationship": "Inner", "Startup Cost": 40000000000.0, "Total Cost": 4002417255487.0, "Plan Rows": 238955, "Plan Width": 8, "Plans": [{"Node Type": "Nested Loop", "Parent Relationship": "Outer", "Join Type": "Inner", "Startup Cost": 40000000000.0, "Total Cost": 4002417254292.22, "Plan Rows": 238955, "Plan Width": 8, "Inner Unique": true, "Join Filter": "(mi.info_type_id = it.id), (LLVM Optimized)", "Plans": [{"Node Type": "Nested Loop", "Parent Relationship": "Outer", "Join Type": "Inner", "Startup Cost": 30000000000.0, "Total Cost": 3002416851854.54, "Plan Rows": 238955, "Plan Width": 12, "Inner Unique": false, "Join Filter": "(mc.movie_id = mi.movie_id), (LLVM Optimized)", "Plans": [{"Node Type": "Nested Loop", "Parent Relationship": "Outer", "Join Type": "Inner", "Startup Cost": 20000000000.0, "Total Cost": 2000014364018.74, "Plan Rows": 209278, "Plan Width": 4, "Inner Unique": true, "Join Filter": "(ct.id = mc.company_type_id), (LLVM Optimized)", "Plans": [{"Node Type": "Index Scan", "Parent Relationship": "Outer", "Scan Direction": "Forward", "Index Name": "movie_id_movie_companies", "Relation Name": "movie_companies", "Alias": "mc", "Startup Cost": 10000000000.0, "Total Cost": 1000014356510.13, "Plan Rows": 418557, "Plan Width": 8, "Filter": "(((note)::text !~~ '%(TV)%'::text) AND ((note)::text ~~ '%(USA)%'::text)), (LLVM Optimized)"}, {"Node Type": "Materialize", "Parent Relationship": "Inner", "Startup Cost": 10000000000.0, "Total Cost": 1000000001230.26, "Plan Rows": 1, "Plan Width": 4, "Plans": [{"Node Type": "Index Scan", "Parent Relationship": "Outer", "Scan Direction": "Forward", "Index Name": "company_type_pkey", "Relation Name": "company_type", "Alias": "ct", "Startup Cost": 10000000000.0, "Total Cost": 1000000001230.25, "Plan Rows": 1, "Plan Width": 4, "Filter": "((kind)::text = 'production companies'::text)"}]}]}, {"Node Type": "Materialize", "Parent Relationship": "Inner", "Startup Cost": 10000000000.0, "Total Cost": 1000122275042.99, "Plan Rows": 726375, "Plan Width": 8, "Plans": [{"Node Type": "Index Scan", "Parent Relationship": "Outer", "Scan Direction": "Forward", "Index Name": "info_type_id_movie_info", "Relation Name": "movie_info", "Alias": "mi", "Startup Cost": 10000000000.0, "Total Cost": 1000122271411.12, "Plan Rows": 726375, "Plan Width": 8, "Filter": "((info)::text = ANY ('{Sweden,Norway,Germany,Denmark,Swedish,Denish,Norwegian,German,USA,American}'::text[]))"}]}]}, {"Node Type": "Materialize", "Parent Relationship": "Inner", "Startup Cost": 10000000000.0, "Total Cost": 1000000000993.56, "Plan Rows": 112, "Plan Width": 4, "Plans": [{"Node Type": "Index Only Scan", "Parent Relationship": "Outer", "Scan Direction": "Forward", "Index Name": "info_type_pkey", "Relation Name": "info_type", "Alias": "it", "Startup Cost": 10000000000.0, "Total Cost": 1000000000993.0, "Plan Rows": 112, "Plan Width": 4}]}]}]}]}]}, "Unique SQL Id": 322094867}, "explain_analyze_plan": null}, "(1, 60)": {"explain_plan": {"Plan": {"Node Type": "Aggregate", "Strategy": "Plain", "Startup Cost": 559339.91, "Total Cost": 559339.92, "Plan Rows": 1, "Plan Width": 49, "Plans": [{"Node Type": "Nested Loop", "Parent Relationship": "Outer", "Join Type": "Inner", "Startup Cost": 0.0, "Total Cost": 558512.28, "Plan Rows": 331050, "Plan Width": 17, "Inner Unique": true, "Plans": [{"Node Type": "Nested Loop", "Parent Relationship": "Outer", "Join Type": "Inner", "Startup Cost": 0.0, "Total Cost": 465812.82, "Plan Rows": 331050, "Plan Width": 21, "Inner Unique": false, "Plans": [{"Node Type": "Nested Loop", "Parent Relationship": "Outer", "Join Type": "Inner", "Startup Cost": 0.0, "Total Cost": 207294.74, "Plan Rows": 289936, "Plan Width": 25, "Inner Unique": true, "Plans": [{"Node Type": "Nested Loop", "Parent Relationship": "Outer", "Join Type": "Inner", "Startup Cost": 0.0, "Total Cost": 60095.92, "Plan Rows": 209278, "Plan Width": 4, "Inner Unique": false, "Join Filter": "(ct.id = mc.company_type_id), (LLVM Optimized)", "Plans": [{"Node Type": "Seq Scan", "Parent Relationship": "Outer", "Relation Name": "company_type", "Alias": "ct", "Startup Cost": 0.0, "Total Cost": 1.04, "Plan Rows": 1, "Plan Width": 4, "Filter": "((kind)::text = 'production companies'::text)"}, {"Node Type": "Seq Scan", "Parent Relationship": "Inner", "Relation Name": "movie_companies", "Alias": "mc", "Startup Cost": 0.0, "Total Cost": 54862.92, "Plan Rows": 418557, "Plan Width": 8, "Filter": "(((note)::text !~~ '%(TV)%'::text) AND ((note)::text ~~ '%(USA)%'::text)), (LLVM Optimized)"}]}, {"Node Type": "Index Scan", "Parent Relationship": "Inner", "Scan Direction": "Forward", "Index Name": "title_pkey", "Relation Name": "title", "Alias": "t", "Startup Cost": 0.0, "Total Cost": 0.69, "Plan Rows": 1, "Plan Width": 21, "Index Cond": "(id = mc.movie_id)", "Filter": "(production_year > 1990)"}]}, {"Node Type": "Index Scan", "Parent Relationship": "Inner", "Scan Direction": "Forward", "Index Name": "movie_id_movie_info", "Relation Name": "movie_info", "Alias": "mi", "Startup Cost": 0.0, "Total Cost": 0.88, "Plan Rows": 1, "Plan Width": 8, "Index Cond": "(movie_id = t.id)", "Filter": "((info)::text = ANY ('{Sweden,Norway,Germany,Denmark,Swedish,Denish,Norwegian,German,USA,American}'::text[]))"}]}, {"Node Type": "Index Scan", "Parent Relationship": "Inner", "Scan Direction": "Forward", "Index Name": "info_type_pkey", "Relation Name": "info_type", "Alias": "it", "Startup Cost": 0.0, "Total Cost": 0.27, "Plan Rows": 1, "Plan Width": 4, "Index Cond": "(id = mi.info_type_id)"}]}]}, "Unique SQL Id": 322094867}, "explain_analyze_plan": {"Plan": {"Node Type": "Aggregate", "Strategy": "Plain", "Startup Cost": 559339.91, "Total Cost": 559339.92, "Plan Rows": 1, "Plan Width": 49, "Actual Startup Time": 1247.891, "Actual Total Time": 1247.891, "Actual Rows": 1, "Actual Loops": 1, "Plans": [{"Node Type": "Nested Loop", "Parent Relationship": "Outer", "Join Type": "Inner", "Startup Cost": 0.0, "Total Cost": 558512.28, "Plan Rows": 331050, "Plan Width": 17, "Actual Startup Time": 891.887, "Actual Total Time": 1247.38, "Actual Rows": 669, "Actual Loops": 1, "Inner Unique": true, "Plans": [{"Node Type": "Nested Loop", "Parent Relationship": "Outer", "Join Type": "Inner", "Startup Cost": 0.0, "Total Cost": 465812.82, "Plan Rows": 331050, "Plan Width": 21, "Actual Startup Time": 891.877, "Actual Total Time": 1245.679, "Actual Rows": 669, "Actual Loops": 1, "Inner Unique": false, "Plans": [{"Node Type": "Nested Loop", "Parent Relationship": "Outer", "Join Type": "Inner", "Startup Cost": 0.0, "Total Cost": 207294.74, "Plan Rows": 289936, "Plan Width": 25, "Actual Startup Time": 891.851, "Actual Total Time": 1226.066, "Actual Rows": 767, "Actual Loops": 1, "Inner Unique": true, "Plans": [{"Node Type": "Nested Loop", "Parent Relationship": "Outer", "Join Type": "Inner", "Startup Cost": 0.0, "Total Cost": 60095.92, "Plan Rows": 209278, "Plan Width": 4, "Actual Startup Time": 891.783, "Actual Total Time": 1220.392, "Actual Rows": 798, "Actual Loops": 1, "Inner Unique": false, "Join Filter": "(ct.id = mc.company_type_id), (LLVM Optimized, Jit Execute)", "Rows Removed by Join Filter": 294830, "Plans": [{"Node Type": "Seq Scan", "Parent Relationship": "Outer", "Relation Name": "company_type", "Alias": "ct", "Startup Cost": 0.0, "Total Cost": 1.04, "Plan Rows": 1, "Plan Width": 4, "Actual Startup Time": 0.017, "Actual Total Time": 0.02, "Actual Rows": 1, "Actual Loops": 1, "Filter": "((kind)::text = 'production companies'::text)", "Rows Removed by Filter": 2}, {"Node Type": "Seq Scan", "Parent Relationship": "Inner", "Relation Name": "movie_companies", "Alias": "mc", "Startup Cost": 0.0, "Total Cost": 54862.92, "Plan Rows": 418557, "Plan Width": 8, "Actual Startup Time": 0.029, "Actual Total Time": 1160.971, "Actual Rows": 295628, "Actual Loops": 1, "Filter": "(((note)::text !~~ '%(TV)%'::text) AND ((note)::text ~~ '%(USA)%'::text)), (LLVM Optimized, Jit Execute)", "Rows Removed by Filter": 2313500}]}, {"Node Type": "Index Scan", "Parent Relationship": "Inner", "Scan Direction": "Forward", "Index Name": "title_pkey", "Relation Name": "title", "Alias": "t", "Startup Cost": 0.0, "Total Cost": 0.69, "Plan Rows": 1, "Plan Width": 21, "Actual Startup Time": 4.859, "Actual Total Time": 4.859, "Actual Rows": 767, "Actual Loops": 798, "Index Cond": "(id = mc.movie_id)", "Rows Removed by Index Recheck": 0, "Filter": "(production_year > 1990)", "Rows Removed by Filter": 31}]}, {"Node Type": "Index Scan", "Parent Relationship": "Inner", "Scan Direction": "Forward", "Index Name": "movie_id_movie_info", "Relation Name": "movie_info", "Alias": "mi", "Startup Cost": 0.0, "Total Cost": 0.88, "Plan Rows": 1, "Plan Width": 8, "Actual Startup Time": 16.539, "Actual Total Time": 18.987, "Actual Rows": 669, "Actual Loops": 767, "Index Cond": "(movie_id = t.id)", "Rows Removed by Index Recheck": 0, "Filter": "((info)::text = ANY ('{Sweden,Norway,Germany,Denmark,Swedish,Denish,Norwegian,German,USA,American}'::text[]))", "Rows Removed by Filter": 7721}]}, {"Node Type": "Index Scan", "Parent Relationship": "Inner", "Scan Direction": "Forward", "Index Name": "info_type_pkey", "Relation Name": "info_type", "Alias": "it", "Startup Cost": 0.0, "Total Cost": 0.27, "Plan Rows": 1, "Plan Width": 4, "Actual Startup Time": 1.119, "Actual Total Time": 1.119, "Actual Rows": 669, "Actual Loops": 669, "Index Cond": "(id = mi.info_type_id)", "Rows Removed by Index Recheck": 0}]}]}, "Triggers": [], "Planner Runtime": 2.956, "Total Runtime": 1257.304, "Unique SQL Id": 322094867}}, "(1, 61)": {"explain_plan": {"Plan": {"Node Type": "Aggregate", "Strategy": "Plain", "Startup Cost": 560989.43, "Total Cost": 560989.44, "Plan Rows": 1, "Plan Width": 49, "Plans": [{"Node Type": "Nested Loop", "Parent Relationship": "Outer", "Join Type": "Inner", "Startup Cost": 0.0, "Total Cost": 560161.81, "Plan Rows": 331050, "Plan Width": 17, "Inner Unique": true, "Plans": [{"Node Type": "Nested Loop", "Parent Relationship": "Outer", "Join Type": "Inner", "Startup Cost": 0.0, "Total Cost": 467462.34, "Plan Rows": 331050, "Plan Width": 21, "Inner Unique": false, "Plans": [{"Node Type": "Nested Loop", "Parent Relationship": "Outer", "Join Type": "Inner", "Startup Cost": 0.0, "Total Cost": 208944.27, "Plan Rows": 289936, "Plan Width": 25, "Inner Unique": true, "Plans": [{"Node Type": "Nested Loop", "Parent Relationship": "Outer", "Join Type": "Inner", "Startup Cost": 0.0, "Total Cost": 61745.44, "Plan Rows": 209278, "Plan Width": 4, "Inner Unique": false, "Plans": [{"Node Type": "Index Scan", "Parent Relationship": "Outer", "Scan Direction": "Forward", "Index Name": "company_type_pkey", "Relation Name": "company_type", "Alias": "ct", "Startup Cost": 0.0, "Total Cost": 12.3, "Plan Rows": 1, "Plan Width": 4, "Filter": "((kind)::text = 'production companies'::text)"}, {"Node Type": "Index Scan", "Parent Relationship": "Inner", "Scan Direction": "Forward", "Index Name": "company_type_id_movie_companies", "Relation Name": "movie_companies", "Alias": "mc", "Startup Cost": 0.0, "Total Cost": 59640.35, "Plan Rows": 209279, "Plan Width": 8, "Index Cond": "(company_type_id = ct.id), (LLVM Optimized)", "Filter": "(((note)::text !~~ '%(TV)%'::text) AND ((note)::text ~~ '%(USA)%'::text)), (LLVM Optimized)"}]}, {"Node Type": "Index Scan", "Parent Relationship": "Inner", "Scan Direction": "Forward", "Index Name": "title_pkey", "Relation Name": "title", "Alias": "t", "Startup Cost": 0.0, "Total Cost": 0.69, "Plan Rows": 1, "Plan Width": 21, "Index Cond": "(id = mc.movie_id)", "Filter": "(production_year > 1990)"}]}, {"Node Type": "Index Scan", "Parent Relationship": "Inner", "Scan Direction": "Forward", "Index Name": "movie_id_movie_info", "Relation Name": "movie_info", "Alias": "mi", "Startup Cost": 0.0, "Total Cost": 0.88, "Plan Rows": 1, "Plan Width": 8, "Index Cond": "(movie_id = t.id)", "Filter": "((info)::text = ANY ('{Sweden,Norway,Germany,Denmark,Swedish,Denish,Norwegian,German,USA,American}'::text[]))"}]}, {"Node Type": "Index Scan", "Parent Relationship": "Inner", "Scan Direction": "Forward", "Index Name": "info_type_pkey", "Relation Name": "info_type", "Alias": "it", "Startup Cost": 0.0, "Total Cost": 0.27, "Plan Rows": 1, "Plan Width": 4, "Index Cond": "(id = mi.info_type_id)"}]}]}, "Unique SQL Id": 322094867}, "explain_analyze_plan": {"Plan": {"Node Type": "Aggregate", "Strategy": "Plain", "Startup Cost": 560989.43, "Total Cost": 560989.44, "Plan Rows": 1, "Plan Width": 49, "Actual Startup Time": 748.589, "Actual Total Time": 748.59, "Actual Rows": 1, "Actual Loops": 1, "Plans": [{"Node Type": "Nested Loop", "Parent Relationship": "Outer", "Join Type": "Inner", "Startup Cost": 0.0, "Total Cost": 560161.81, "Plan Rows": 331050, "Plan Width": 17, "Actual Startup Time": 8.727, "Actual Total Time": 748.054, "Actual Rows": 669, "Actual Loops": 1, "Inner Unique": true, "Plans": [{"Node Type": "Nested Loop", "Parent Relationship": "Outer", "Join Type": "Inner", "Startup Cost": 0.0, "Total Cost": 467462.34, "Plan Rows": 331050, "Plan Width": 21, "Actual Startup Time": 8.72, "Actual Total Time": 746.191, "Actual Rows": 669, "Actual Loops": 1, "Inner Unique": false, "Plans": [{"Node Type": "Nested Loop", "Parent Relationship": "Outer", "Join Type": "Inner", "Startup Cost": 0.0, "Total Cost": 208944.27, "Plan Rows": 289936, "Plan Width": 25, "Actual Startup Time": 8.702, "Actual Total Time": 719.534, "Actual Rows": 767, "Actual Loops": 1, "Inner Unique": true, "Plans": [{"Node Type": "Nested Loop", "Parent Relationship": "Outer", "Join Type": "Inner", "Startup Cost": 0.0, "Total Cost": 61745.44, "Plan Rows": 209278, "Plan Width": 4, "Actual Startup Time": 8.68, "Actual Total Time": 712.35, "Actual Rows": 798, "Actual Loops": 1, "Inner Unique": false, "Plans": [{"Node Type": "Index Scan", "Parent Relationship": "Outer", "Scan Direction": "Forward", "Index Name": "company_type_pkey", "Relation Name": "company_type", "Alias": "ct", "Startup Cost": 0.0, "Total Cost": 12.3, "Plan Rows": 1, "Plan Width": 4, "Actual Startup Time": 0.021, "Actual Total Time": 0.03, "Actual Rows": 1, "Actual Loops": 1, "Filter": "((kind)::text = 'production companies'::text)", "Rows Removed by Filter": 2}, {"Node Type": "Index Scan", "Parent Relationship": "Inner", "Scan Direction": "Forward", "Index Name": "company_type_id_movie_companies", "Relation Name": "movie_companies", "Alias": "mc", "Startup Cost": 0.0, "Total Cost": 59640.35, "Plan Rows": 209279, "Plan Width": 8, "Actual Startup Time": 8.654, "Actual Total Time": 712.084, "Actual Rows": 798, "Actual Loops": 1, "Index Cond": "(company_type_id = ct.id), (LLVM Optimized, Jit Execute)", "Rows Removed by Index Recheck": 0, "Filter": "(((note)::text !~~ '%(TV)%'::text) AND ((note)::text ~~ '%(USA)%'::text)), (LLVM Optimized, Jit Execute)", "Rows Removed by Filter": 1334085}]}, {"Node Type": "Index Scan", "Parent Relationship": "Inner", "Scan Direction": "Forward", "Index Name": "title_pkey", "Relation Name": "title", "Alias": "t", "Startup Cost": 0.0, "Total Cost": 0.69, "Plan Rows": 1, "Plan Width": 21, "Actual Startup Time": 6.315, "Actual Total Time": 6.315, "Actual Rows": 767, "Actual Loops": 798, "Index Cond": "(id = mc.movie_id)", "Rows Removed by Index Recheck": 0, "Filter": "(production_year > 1990)", "Rows Removed by Filter": 31}]}, {"Node Type": "Index Scan", "Parent Relationship": "Inner", "Scan Direction": "Forward", "Index Name": "movie_id_movie_info", "Relation Name": "movie_info", "Alias": "mi", "Startup Cost": 0.0, "Total Cost": 0.88, "Plan Rows": 1, "Plan Width": 8, "Actual Startup Time": 22.914, "Actual Total Time": 25.991, "Actual Rows": 669, "Actual Loops": 767, "Index Cond": "(movie_id = t.id)", "Rows Removed by Index Recheck": 0, "Filter": "((info)::text = ANY ('{Sweden,Norway,Germany,Denmark,Swedish,Denish,Norwegian,German,USA,American}'::text[]))", "Rows Removed by Filter": 7721}]}, {"Node Type": "Index Scan", "Parent Relationship": "Inner", "Scan Direction": "Forward", "Index Name": "info_type_pkey", "Relation Name": "info_type", "Alias": "it", "Startup Cost": 0.0, "Total Cost": 0.27, "Plan Rows": 1, "Plan Width": 4, "Actual Startup Time": 1.201, "Actual Total Time": 1.201, "Actual Rows": 669, "Actual Loops": 669, "Index Cond": "(id = mi.info_type_id)", "Rows Removed by Index Recheck": 0}]}]}, "Triggers": [], "Planner Runtime": 2.91, "Total Runtime": 758.029, "Unique SQL Id": 322094867}}, "(1, 62)": {"explain_plan": {"Plan": {"Node Type": "Aggregate", "Strategy": "Plain", "Startup Cost": 8549638284.8, "Total Cost": 8549638284.81, "Plan Rows": 1, "Plan Width": 49, "Plans": [{"Node Type": "Nested Loop", "Parent Relationship": "Outer", "Join Type": "Inner", "Startup Cost": 0.0, "Total Cost": 8549637457.17, "Plan Rows": 331050, "Plan Width": 17, "Inner Unique": false, "Join Filter": "(mi.movie_id = t.id), (LLVM Optimized)", "Plans": [{"Node Type": "Seq Scan", "Parent Relationship": "Outer", "Relation Name": "title", "Alias": "t", "Startup Cost": 0.0, "Total Cost": 66389.89, "Plan Rows": 1748840, "Plan Width": 21, "Filter": "(production_year > 1990), (LLVM Optimized)"}, {"Node Type": "Materialize", "Parent Relationship": "Inner", "Startup Cost": 0.0, "Total Cost": 2281160731.67, "Plan Rows": 238955, "Plan Width": 8, "Plans": [{"Node Type": "Nested Loop", "Parent Relationship": "Outer", "Join Type": "Inner", "Startup Cost": 0.0, "Total Cost": 2281159536.9, "Plan Rows": 238955, "Plan Width": 8, "Inner Unique": true, "Join Filter": "(mi.info_type_id = it.id), (LLVM Optimized)", "Plans": [{"Node Type": "Nested Loop", "Parent Relationship": "Outer", "Join Type": "Inner", "Startup Cost": 0.0, "Total Cost": 2280758090.1, "Plan Rows": 238955, "Plan Width": 12, "Inner Unique": false, "Join Filter": "(mc.movie_id = mi.movie_id), (LLVM Optimized)", "Plans": [{"Node Type": "Seq Scan", "Parent Relationship": "Outer", "Relation Name": "movie_info", "Alias": "mi", "Startup Cost": 0.0, "Total Cost": 482862.23, "Plan Rows": 726375, "Plan Width": 8, "Filter": "((info)::text = ANY ('{Sweden,Norway,Germany,Denmark,Swedish,Denish,Norwegian,German,USA,American}'::text[]))"}, {"Node Type": "Materialize", "Parent Relationship": "Inner", "Startup Cost": 0.0, "Total Cost": 61142.31, "Plan Rows": 209278, "Plan Width": 4, "Plans": [{"Node Type": "Nested Loop", "Parent Relationship": "Outer", "Join Type": "Inner", "Startup Cost": 0.0, "Total Cost": 60095.92, "Plan Rows": 209278, "Plan Width": 4, "Inner Unique": false, "Join Filter": "(ct.id = mc.company_type_id), (LLVM Optimized)", "Plans": [{"Node Type": "Seq Scan", "Parent Relationship": "Outer", "Relation Name": "company_type", "Alias": "ct", "Startup Cost": 0.0, "Total Cost": 1.04, "Plan Rows": 1, "Plan Width": 4, "Filter": "((kind)::text = 'production companies'::text)"}, {"Node Type": "Seq Scan", "Parent Relationship": "Inner", "Relation Name": "movie_companies", "Alias": "mc", "Startup Cost": 0.0, "Total Cost": 54862.92, "Plan Rows": 418557, "Plan Width": 8, "Filter": "(((note)::text !~~ '%(TV)%'::text) AND ((note)::text ~~ '%(USA)%'::text)), (LLVM Optimized)"}]}]}]}, {"Node Type": "Materialize", "Parent Relationship": "Inner", "Startup Cost": 0.0, "Total Cost": 2.68, "Plan Rows": 112, "Plan Width": 4, "Plans": [{"Node Type": "Seq Scan", "Parent Relationship": "Outer", "Relation Name": "info_type", "Alias": "it", "Startup Cost": 0.0, "Total Cost": 2.12, "Plan Rows": 112, "Plan Width": 4}]}]}]}]}]}, "Unique SQL Id": 322094867}, "explain_analyze_plan": null}, "(1, 63)": {"explain_plan": {"Plan": {"Node Type": "Aggregate", "Strategy": "Plain", "Startup Cost": 5008697311176.9, "Total Cost": 5008697311176.91, "Plan Rows": 1, "Plan Width": 49, "Plans": [{"Node Type": "Nested Loop", "Parent Relationship": "Outer", "Join Type": "Inner", "Startup Cost": 50000000000.0, "Total Cost": 5008697310349.27, "Plan Rows": 331050, "Plan Width": 17, "Inner Unique": false, "Join Filter": "(mi.movie_id = t.id), (LLVM Optimized)", "Plans": [{"Node Type": "Index Scan", "Parent Relationship": "Outer", "Scan Direction": "Forward", "Index Name": "title_pkey", "Relation Name": "title", "Alias": "t", "Startup Cost": 10000000000.0, "Total Cost": 1000011644126.66, "Plan Rows": 1748840, "Plan Width": 21, "Filter": "(production_year > 1990), (LLVM Optimized)"}, {"Node Type": "Materialize", "Parent Relationship": "Inner", "Startup Cost": 40000000000.0, "Total Cost": 4002417255887.0, "Plan Rows": 238955, "Plan Width": 8, "Plans": [{"Node Type": "Nested Loop", "Parent Relationship": "Outer", "Join Type": "Inner", "Startup Cost": 40000000000.0, "Total Cost": 4002417254692.22, "Plan Rows": 238955, "Plan Width": 8, "Inner Unique": true, "Join Filter": "(mi.info_type_id = it.id), (LLVM Optimized)", "Plans": [{"Node Type": "Nested Loop", "Parent Relationship": "Outer", "Join Type": "Inner", "Startup Cost": 30000000000.0, "Total Cost": 3002416851854.54, "Plan Rows": 238955, "Plan Width": 12, "Inner Unique": false, "Join Filter": "(mc.movie_id = mi.movie_id), (LLVM Optimized)", "Plans": [{"Node Type": "Nested Loop", "Parent Relationship": "Outer", "Join Type": "Inner", "Startup Cost": 20000000000.0, "Total Cost": 2000014364018.74, "Plan Rows": 209278, "Plan Width": 4, "Inner Unique": true, "Join Filter": "(ct.id = mc.company_type_id), (LLVM Optimized)", "Plans": [{"Node Type": "Index Scan", "Parent Relationship": "Outer", "Scan Direction": "Forward", "Index Name": "movie_id_movie_companies", "Relation Name": "movie_companies", "Alias": "mc", "Startup Cost": 10000000000.0, "Total Cost": 1000014356510.13, "Plan Rows": 418557, "Plan Width": 8, "Filter": "(((note)::text !~~ '%(TV)%'::text) AND ((note)::text ~~ '%(USA)%'::text)), (LLVM Optimized)"}, {"Node Type": "Materialize", "Parent Relationship": "Inner", "Startup Cost": 10000000000.0, "Total Cost": 1000000001230.26, "Plan Rows": 1, "Plan Width": 4, "Plans": [{"Node Type": "Index Scan", "Parent Relationship": "Outer", "Scan Direction": "Forward", "Index Name": "company_type_pkey", "Relation Name": "company_type", "Alias": "ct", "Startup Cost": 10000000000.0, "Total Cost": 1000000001230.25, "Plan Rows": 1, "Plan Width": 4, "Filter": "((kind)::text = 'production companies'::text)"}]}]}, {"Node Type": "Materialize", "Parent Relationship": "Inner", "Startup Cost": 10000000000.0, "Total Cost": 1000122275042.99, "Plan Rows": 726375, "Plan Width": 8, "Plans": [{"Node Type": "Index Scan", "Parent Relationship": "Outer", "Scan Direction": "Forward", "Index Name": "info_type_id_movie_info", "Relation Name": "movie_info", "Alias": "mi", "Startup Cost": 10000000000.0, "Total Cost": 1000122271411.12, "Plan Rows": 726375, "Plan Width": 8, "Filter": "((info)::text = ANY ('{Sweden,Norway,Germany,Denmark,Swedish,Denish,Norwegian,German,USA,American}'::text[]))"}]}]}, {"Node Type": "Materialize", "Parent Relationship": "Inner", "Startup Cost": 10000000000.0, "Total Cost": 1000000001393.56, "Plan Rows": 112, "Plan Width": 4, "Plans": [{"Node Type": "Index Scan", "Parent Relationship": "Outer", "Scan Direction": "Forward", "Index Name": "info_type_pkey", "Relation Name": "info_type", "Alias": "it", "Startup Cost": 10000000000.0, "Total Cost": 1000000001393.0, "Plan Rows": 112, "Plan Width": 4}]}]}]}]}]}, "Unique SQL Id": 322094867}, "explain_analyze_plan": null}, "(1, 64)": {"explain_plan": {"Plan": {"Node Type": "Aggregate", "Strategy": "Plain", "Startup Cost": 413659.37, "Total Cost": 413659.38, "Plan Rows": 1, "Plan Width": 49, "Plans": [{"Node Type": "Hash Join", "Parent Relationship": "Outer", "Join Type": "Inner", "Startup Cost": 88254.96, "Total Cost": 412831.75, "Plan Rows": 331050, "Plan Width": 17, "Inner Unique": true, "Hash Cond": "(mi.info_type_id = it.id), (LLVM Optimized)", "Plans": [{"Node Type": "Nested Loop", "Parent Relationship": "Outer", "Join Type": "Inner", "Startup Cost": 88251.44, "Total Cost": 408458.37, "Plan Rows": 331050, "Plan Width": 21, "Inner Unique": false, "Plans": [{"Node Type": "Hash Join", "Parent Relationship": "Outer", "Join Type": "Inner", "Startup Cost": 88251.44, "Total Cost": 149940.3, "Plan Rows": 289936, "Plan Width": 25, "Inner Unique": true, "Hash Cond": "(mc.movie_id = t.id), (LLVM Optimized)", "Plans": [{"Node Type": "Hash Join", "Parent Relationship": "Outer", "Join Type": "Inner", "Startup Cost": 1.05, "Total Cost": 58005.76, "Plan Rows": 209278, "Plan Width": 4, "Inner Unique": true, "Hash Cond": "(mc.company_type_id = ct.id), (LLVM Optimized)", "Plans": [{"Node Type": "Seq Scan", "Parent Relationship": "Outer", "Relation Name": "movie_companies", "Alias": "mc", "Startup Cost": 0.0, "Total Cost": 54862.92, "Plan Rows": 418557, "Plan Width": 8, "Filter": "(((note)::text !~~ '%(TV)%'::text) AND ((note)::text ~~ '%(USA)%'::text)), (LLVM Optimized)"}, {"Node Type": "Hash", "Parent Relationship": "Inner", "Startup Cost": 1.04, "Total Cost": 1.04, "Plan Rows": 1, "Plan Width": 4, "Plans": [{"Node Type": "Seq Scan", "Parent Relationship": "Outer", "Relation Name": "company_type", "Alias": "ct", "Startup Cost": 0.0, "Total Cost": 1.04, "Plan Rows": 1, "Plan Width": 4, "Filter": "((kind)::text = 'production companies'::text)"}]}]}, {"Node Type": "Hash", "Parent Relationship": "Inner", "Startup Cost": 66389.89, "Total Cost": 66389.89, "Plan Rows": 1748840, "Plan Width": 21, "Plans": [{"Node Type": "Seq Scan", "Parent Relationship": "Outer", "Relation Name": "title", "Alias": "t", "Startup Cost": 0.0, "Total Cost": 66389.89, "Plan Rows": 1748840, "Plan Width": 21, "Filter": "(production_year > 1990), (LLVM Optimized)"}]}]}, {"Node Type": "Index Scan", "Parent Relationship": "Inner", "Scan Direction": "Forward", "Index Name": "movie_id_movie_info", "Relation Name": "movie_info", "Alias": "mi", "Startup Cost": 0.0, "Total Cost": 0.88, "Plan Rows": 1, "Plan Width": 8, "Index Cond": "(movie_id = t.id)", "Filter": "((info)::text = ANY ('{Sweden,Norway,Germany,Denmark,Swedish,Denish,Norwegian,German,USA,American}'::text[]))"}]}, {"Node Type": "Hash", "Parent Relationship": "Inner", "Startup Cost": 2.12, "Total Cost": 2.12, "Plan Rows": 112, "Plan Width": 4, "Plans": [{"Node Type": "Index Only Scan", "Parent Relationship": "Outer", "Scan Direction": "Forward", "Index Name": "info_type_pkey", "Relation Name": "info_type", "Alias": "it", "Startup Cost": 0.0, "Total Cost": 2.12, "Plan Rows": 112, "Plan Width": 4}]}]}]}, "Unique SQL Id": 322094867}, "explain_analyze_plan": {"Plan": {"Node Type": "Aggregate", "Strategy": "Plain", "Startup Cost": 413659.37, "Total Cost": 413659.38, "Plan Rows": 1, "Plan Width": 49, "Actual Startup Time": 2764.239, "Actual Total Time": 2764.24, "Actual Rows": 1, "Actual Loops": 1, "Plans": [{"Node Type": "Hash Join", "Parent Relationship": "Outer", "Join Type": "Inner", "Startup Cost": 88254.96, "Total Cost": 412831.75, "Plan Rows": 331050, "Plan Width": 17, "Actual Startup Time": 2413.46, "Actual Total Time": 2763.712, "Actual Rows": 669, "Actual Loops": 1, "Inner Unique": true, "Hash Cond": "(mi.info_type_id = it.id), (LLVM Optimized, Jit Execute)", "Plans": [{"Node Type": "Nested Loop", "Parent Relationship": "Outer", "Join Type": "Inner", "Startup Cost": 88251.44, "Total Cost": 408458.37, "Plan Rows": 331050, "Plan Width": 21, "Actual Startup Time": 2413.334, "Actual Total Time": 2763.207, "Actual Rows": 669, "Actual Loops": 1, "Inner Unique": false, "Plans": [{"Node Type": "Hash Join", "Parent Relationship": "Outer", "Join Type": "Inner", "Startup Cost": 88251.44, "Total Cost": 149940.3, "Plan Rows": 289936, "Plan Width": 25, "Actual Startup Time": 2413.245, "Actual Total Time": 2741.677, "Actual Rows": 767, "Actual Loops": 1, "Inner Unique": true, "Hash Cond": "(mc.movie_id = t.id), (LLVM Optimized, Jit Execute)", "Plans": [{"Node Type": "Hash Join", "Parent Relationship": "Outer", "Join Type": "Inner", "Startup Cost": 1.05, "Total Cost": 58005.76, "Plan Rows": 209278, "Plan Width": 4, "Actual Startup Time": 896.76, "Actual Total Time": 1224.574, "Actual Rows": 798, "Actual Loops": 1, "Inner Unique": true, "Hash Cond": "(mc.company_type_id = ct.id), (LLVM Optimized, Jit Execute)", "Plans": [{"Node Type": "Seq Scan", "Parent Relationship": "Outer", "Relation Name": "movie_companies", "Alias": "mc", "Startup Cost": 0.0, "Total Cost": 54862.92, "Plan Rows": 418557, "Plan Width": 8, "Actual Startup Time": 0.041, "Actual Total Time": 1170.324, "Actual Rows": 295628, "Actual Loops": 1, "Filter": "(((note)::text !~~ '%(TV)%'::text) AND ((note)::text ~~ '%(USA)%'::text)), (LLVM Optimized, Jit Execute)", "Rows Removed by Filter": 2313500}, {"Node Type": "Hash", "Parent Relationship": "Inner", "Startup Cost": 1.04, "Total Cost": 1.04, "Plan Rows": 1, "Plan Width": 4, "Actual Startup Time": 0.013, "Actual Total Time": 0.013, "Actual Rows": 1, "Actual Loops": 1, "Hash Buckets": 32768, "Hash Batches": 1, "Original Hash Batches": 1, "Peak Memory Usage": 1, "Plans": [{"Node Type": "Seq Scan", "Parent Relationship": "Outer", "Relation Name": "company_type", "Alias": "ct", "Startup Cost": 0.0, "Total Cost": 1.04, "Plan Rows": 1, "Plan Width": 4, "Actual Startup Time": 0.007, "Actual Total Time": 0.009, "Actual Rows": 1, "Actual Loops": 1, "Filter": "((kind)::text = 'production companies'::text)", "Rows Removed by Filter": 2}]}]}, {"Node Type": "Hash", "Parent Relationship": "Inner", "Startup Cost": 66389.89, "Total Cost": 66389.89, "Plan Rows": 1748840, "Plan Width": 21, "Actual Startup Time": 1515.129, "Actual Total Time": 1515.129, "Actual Rows": 1749032, "Actual Loops": 1, "Hash Buckets": 2097152, "Hash Batches": 1, "Original Hash Batches": 1, "Peak Memory Usage": 93635, "Plans": [{"Node Type": "Seq Scan", "Parent Relationship": "Outer", "Relation Name": "title", "Alias": "t", "Startup Cost": 0.0, "Total Cost": 66389.89, "Plan Rows": 1748840, "Plan Width": 21, "Actual Startup Time": 0.047, "Actual Total Time": 897.982, "Actual Rows": 1749032, "Actual Loops": 1, "Filter": "(production_year > 1990), (LLVM Optimized, Jit Execute)", "Rows Removed by Filter": 779279}]}]}, {"Node Type": "Index Scan", "Parent Relationship": "Inner", "Scan Direction": "Forward", "Index Name": "movie_id_movie_info", "Relation Name": "movie_info", "Alias": "mi", "Startup Cost": 0.0, "Total Cost": 0.88, "Plan Rows": 1, "Plan Width": 8, "Actual Startup Time": 15.943, "Actual Total Time": 18.242, "Actual Rows": 669, "Actual Loops": 767, "Index Cond": "(movie_id = t.id)", "Rows Removed by Index Recheck": 0, "Filter": "((info)::text = ANY ('{Sweden,Norway,Germany,Denmark,Swedish,Denish,Norwegian,German,USA,American}'::text[]))", "Rows Removed by Filter": 7721}]}, {"Node Type": "Hash", "Parent Relationship": "Inner", "Startup Cost": 2.12, "Total Cost": 2.12, "Plan Rows": 112, "Plan Width": 4, "Actual Startup Time": 0.075, "Actual Total Time": 0.075, "Actual Rows": 112, "Actual Loops": 1, "Hash Buckets": 32768, "Hash Batches": 1, "Original Hash Batches": 1, "Peak Memory Usage": 4, "Plans": [{"Node Type": "Index Only Scan", "Parent Relationship": "Outer", "Scan Direction": "Forward", "Index Name": "info_type_pkey", "Relation Name": "info_type", "Alias": "it", "Startup Cost": 0.0, "Total Cost": 2.12, "Plan Rows": 112, "Plan Width": 4, "Actual Startup Time": 0.015, "Actual Total Time": 0.036, "Actual Rows": 112, "Actual Loops": 1, "Heap Fetches": 0}]}]}]}, "Triggers": [], "Planner Runtime": 11.615, "Total Runtime": 2774.343, "Unique SQL Id": 322094867}}, "(1, 65)": {"explain_plan": {"Plan": {"Node Type": "Aggregate", "Strategy": "Plain", "Startup Cost": 472671.15, "Total Cost": 472671.16, "Plan Rows": 1, "Plan Width": 49, "Plans": [{"Node Type": "Hash Join", "Parent Relationship": "Outer", "Join Type": "Inner", "Startup Cost": 11.33, "Total Cost": 471843.53, "Plan Rows": 331050, "Plan Width": 17, "Inner Unique": true, "Hash Cond": "(mi.info_type_id = it.id), (LLVM Optimized)", "Plans": [{"Node Type": "Nested Loop", "Parent Relationship": "Outer", "Join Type": "Inner", "Startup Cost": 0.0, "Total Cost": 467462.34, "Plan Rows": 331050, "Plan Width": 21, "Inner Unique": false, "Plans": [{"Node Type": "Nested Loop", "Parent Relationship": "Outer", "Join Type": "Inner", "Startup Cost": 0.0, "Total Cost": 208944.27, "Plan Rows": 289936, "Plan Width": 25, "Inner Unique": true, "Plans": [{"Node Type": "Nested Loop", "Parent Relationship": "Outer", "Join Type": "Inner", "Startup Cost": 0.0, "Total Cost": 61745.44, "Plan Rows": 209278, "Plan Width": 4, "Inner Unique": false, "Plans": [{"Node Type": "Index Scan", "Parent Relationship": "Outer", "Scan Direction": "Forward", "Index Name": "company_type_pkey", "Relation Name": "company_type", "Alias": "ct", "Startup Cost": 0.0, "Total Cost": 12.3, "Plan Rows": 1, "Plan Width": 4, "Filter": "((kind)::text = 'production companies'::text)"}, {"Node Type": "Index Scan", "Parent Relationship": "Inner", "Scan Direction": "Forward", "Index Name": "company_type_id_movie_companies", "Relation Name": "movie_companies", "Alias": "mc", "Startup Cost": 0.0, "Total Cost": 59640.35, "Plan Rows": 209279, "Plan Width": 8, "Index Cond": "(company_type_id = ct.id), (LLVM Optimized)", "Filter": "(((note)::text !~~ '%(TV)%'::text) AND ((note)::text ~~ '%(USA)%'::text)), (LLVM Optimized)"}]}, {"Node Type": "Index Scan", "Parent Relationship": "Inner", "Scan Direction": "Forward", "Index Name": "title_pkey", "Relation Name": "title", "Alias": "t", "Startup Cost": 0.0, "Total Cost": 0.69, "Plan Rows": 1, "Plan Width": 21, "Index Cond": "(id = mc.movie_id)", "Filter": "(production_year > 1990)"}]}, {"Node Type": "Index Scan", "Parent Relationship": "Inner", "Scan Direction": "Forward", "Index Name": "movie_id_movie_info", "Relation Name": "movie_info", "Alias": "mi", "Startup Cost": 0.0, "Total Cost": 0.88, "Plan Rows": 1, "Plan Width": 8, "Index Cond": "(movie_id = t.id)", "Filter": "((info)::text = ANY ('{Sweden,Norway,Germany,Denmark,Swedish,Denish,Norwegian,German,USA,American}'::text[]))"}]}, {"Node Type": "Hash", "Parent Relationship": "Inner", "Startup Cost": 9.93, "Total Cost": 9.93, "Plan Rows": 112, "Plan Width": 4, "Plans": [{"Node Type": "Index Only Scan", "Parent Relationship": "Outer", "Scan Direction": "Forward", "Index Name": "info_type_pkey", "Relation Name": "info_type", "Alias": "it", "Startup Cost": 0.0, "Total Cost": 9.93, "Plan Rows": 112, "Plan Width": 4}]}]}]}, "Unique SQL Id": 322094867}, "explain_analyze_plan": {"Plan": {"Node Type": "Aggregate", "Strategy": "Plain", "Startup Cost": 472671.15, "Total Cost": 472671.16, "Plan Rows": 1, "Plan Width": 49, "Actual Startup Time": 745.188, "Actual Total Time": 745.188, "Actual Rows": 1, "Actual Loops": 1, "Plans": [{"Node Type": "Hash Join", "Parent Relationship": "Outer", "Join Type": "Inner", "Startup Cost": 11.33, "Total Cost": 471843.53, "Plan Rows": 331050, "Plan Width": 17, "Actual Startup Time": 8.689, "Actual Total Time": 744.677, "Actual Rows": 669, "Actual Loops": 1, "Inner Unique": true, "Hash Cond": "(mi.info_type_id = it.id), (LLVM Optimized, Jit Execute)", "Plans": [{"Node Type": "Nested Loop", "Parent Relationship": "Outer", "Join Type": "Inner", "Startup Cost": 0.0, "Total Cost": 467462.34, "Plan Rows": 331050, "Plan Width": 21, "Actual Startup Time": 8.562, "Actual Total Time": 744.098, "Actual Rows": 669, "Actual Loops": 1, "Inner Unique": false, "Plans": [{"Node Type": "Nested Loop", "Parent Relationship": "Outer", "Join Type": "Inner", "Startup Cost": 0.0, "Total Cost": 208944.27, "Plan Rows": 289936, "Plan Width": 25, "Actual Startup Time": 8.544, "Actual Total Time": 716.894, "Actual Rows": 767, "Actual Loops": 1, "Inner Unique": true, "Plans": [{"Node Type": "Nested Loop", "Parent Relationship": "Outer", "Join Type": "Inner", "Startup Cost": 0.0, "Total Cost": 61745.44, "Plan Rows": 209278, "Plan Width": 4, "Actual Startup Time": 8.524, "Actual Total Time": 709.44, "Actual Rows": 798, "Actual Loops": 1, "Inner Unique": false, "Plans": [{"Node Type": "Index Scan", "Parent Relationship": "Outer", "Scan Direction": "Forward", "Index Name": "company_type_pkey", "Relation Name": "company_type", "Alias": "ct", "Startup Cost": 0.0, "Total Cost": 12.3, "Plan Rows": 1, "Plan Width": 4, "Actual Startup Time": 0.024, "Actual Total Time": 0.033, "Actual Rows": 1, "Actual Loops": 1, "Filter": "((kind)::text = 'production companies'::text)", "Rows Removed by Filter": 2}, {"Node Type": "Index Scan", "Parent Relationship": "Inner", "Scan Direction": "Forward", "Index Name": "company_type_id_movie_companies", "Relation Name": "movie_companies", "Alias": "mc", "Startup Cost": 0.0, "Total Cost": 59640.35, "Plan Rows": 209279, "Plan Width": 8, "Actual Startup Time": 8.495, "Actual Total Time": 709.163, "Actual Rows": 798, "Actual Loops": 1, "Index Cond": "(company_type_id = ct.id), (LLVM Optimized, Jit Execute)", "Rows Removed by Index Recheck": 0, "Filter": "(((note)::text !~~ '%(TV)%'::text) AND ((note)::text ~~ '%(USA)%'::text)), (LLVM Optimized, Jit Execute)", "Rows Removed by Filter": 1334085}]}, {"Node Type": "Index Scan", "Parent Relationship": "Inner", "Scan Direction": "Forward", "Index Name": "title_pkey", "Relation Name": "title", "Alias": "t", "Startup Cost": 0.0, "Total Cost": 0.69, "Plan Rows": 1, "Plan Width": 21, "Actual Startup Time": 6.559, "Actual Total Time": 6.559, "Actual Rows": 767, "Actual Loops": 798, "Index Cond": "(id = mc.movie_id)", "Rows Removed by Index Recheck": 0, "Filter": "(production_year > 1990)", "Rows Removed by Filter": 31}]}, {"Node Type": "Index Scan", "Parent Relationship": "Inner", "Scan Direction": "Forward", "Index Name": "movie_id_movie_info", "Relation Name": "movie_info", "Alias": "mi", "Startup Cost": 0.0, "Total Cost": 0.88, "Plan Rows": 1, "Plan Width": 8, "Actual Startup Time": 23.438, "Actual Total Time": 26.533, "Actual Rows": 669, "Actual Loops": 767, "Index Cond": "(movie_id = t.id)", "Rows Removed by Index Recheck": 0, "Filter": "((info)::text = ANY ('{Sweden,Norway,Germany,Denmark,Swedish,Denish,Norwegian,German,USA,American}'::text[]))", "Rows Removed by Filter": 7721}]}, {"Node Type": "Hash", "Parent Relationship": "Inner", "Startup Cost": 9.93, "Total Cost": 9.93, "Plan Rows": 112, "Plan Width": 4, "Actual Startup Time": 0.072, "Actual Total Time": 0.072, "Actual Rows": 112, "Actual Loops": 1, "Hash Buckets": 32768, "Hash Batches": 1, "Original Hash Batches": 1, "Peak Memory Usage": 4, "Plans": [{"Node Type": "Index Only Scan", "Parent Relationship": "Outer", "Scan Direction": "Forward", "Index Name": "info_type_pkey", "Relation Name": "info_type", "Alias": "it", "Startup Cost": 0.0, "Total Cost": 9.93, "Plan Rows": 112, "Plan Width": 4, "Actual Startup Time": 0.012, "Actual Total Time": 0.036, "Actual Rows": 112, "Actual Loops": 1, "Heap Fetches": 0}]}]}]}, "Triggers": [], "Planner Runtime": 7.504, "Total Runtime": 754.796, "Unique SQL Id": 322094867}}, "(1, 66)": {"explain_plan": {"Plan": {"Node Type": "Aggregate", "Strategy": "Plain", "Startup Cost": 646202.08, "Total Cost": 646202.09, "Plan Rows": 1, "Plan Width": 49, "Plans": [{"Node Type": "Hash Join", "Parent Relationship": "Outer", "Join Type": "Inner", "Startup Cost": 153568.02, "Total Cost": 645374.46, "Plan Rows": 331050, "Plan Width": 17, "Inner Unique": true, "Hash Cond": "(mi.info_type_id = it.id), (LLVM Optimized)", "Plans": [{"Node Type": "Hash Join", "Parent Relationship": "Outer", "Join Type": "Inner", "Startup Cost": 153564.5, "Total Cost": 640819.0, "Plan Rows": 331050, "Plan Width": 21, "Inner Unique": false, "Hash Cond": "(mi.movie_id = t.id), (LLVM Optimized)", "Plans": [{"Node Type": "Seq Scan", "Parent Relationship": "Outer", "Relation Name": "movie_info", "Alias": "mi", "Startup Cost": 0.0, "Total Cost": 482862.23, "Plan Rows": 726375, "Plan Width": 8, "Filter": "((info)::text = ANY ('{Sweden,Norway,Germany,Denmark,Swedish,Denish,Norwegian,German,USA,American}'::text[]))"}, {"Node Type": "Hash", "Parent Relationship": "Inner", "Startup Cost": 149940.3, "Total Cost": 149940.3, "Plan Rows": 289936, "Plan Width": 25, "Plans": [{"Node Type": "Hash Join", "Parent Relationship": "Outer", "Join Type": "Inner", "Startup Cost": 88251.44, "Total Cost": 149940.3, "Plan Rows": 289936, "Plan Width": 25, "Inner Unique": true, "Hash Cond": "(mc.movie_id = t.id), (LLVM Optimized)", "Plans": [{"Node Type": "Hash Join", "Parent Relationship": "Outer", "Join Type": "Inner", "Startup Cost": 1.05, "Total Cost": 58005.76, "Plan Rows": 209278, "Plan Width": 4, "Inner Unique": true, "Hash Cond": "(mc.company_type_id = ct.id), (LLVM Optimized)", "Plans": [{"Node Type": "Seq Scan", "Parent Relationship": "Outer", "Relation Name": "movie_companies", "Alias": "mc", "Startup Cost": 0.0, "Total Cost": 54862.92, "Plan Rows": 418557, "Plan Width": 8, "Filter": "(((note)::text !~~ '%(TV)%'::text) AND ((note)::text ~~ '%(USA)%'::text)), (LLVM Optimized)"}, {"Node Type": "Hash", "Parent Relationship": "Inner", "Startup Cost": 1.04, "Total Cost": 1.04, "Plan Rows": 1, "Plan Width": 4, "Plans": [{"Node Type": "Seq Scan", "Parent Relationship": "Outer", "Relation Name": "company_type", "Alias": "ct", "Startup Cost": 0.0, "Total Cost": 1.04, "Plan Rows": 1, "Plan Width": 4, "Filter": "((kind)::text = 'production companies'::text)"}]}]}, {"Node Type": "Hash", "Parent Relationship": "Inner", "Startup Cost": 66389.89, "Total Cost": 66389.89, "Plan Rows": 1748840, "Plan Width": 21, "Plans": [{"Node Type": "Seq Scan", "Parent Relationship": "Outer", "Relation Name": "title", "Alias": "t", "Startup Cost": 0.0, "Total Cost": 66389.89, "Plan Rows": 1748840, "Plan Width": 21, "Filter": "(production_year > 1990), (LLVM Optimized)"}]}]}]}]}, {"Node Type": "Hash", "Parent Relationship": "Inner", "Startup Cost": 2.12, "Total Cost": 2.12, "Plan Rows": 112, "Plan Width": 4, "Plans": [{"Node Type": "Seq Scan", "Parent Relationship": "Outer", "Relation Name": "info_type", "Alias": "it", "Startup Cost": 0.0, "Total Cost": 2.12, "Plan Rows": 112, "Plan Width": 4}]}]}]}, "Unique SQL Id": 322094867}, "explain_analyze_plan": null}, "(1, 67)": {"explain_plan": {"Plan": {"Node Type": "Aggregate", "Strategy": "Plain", "Startup Cost": 1000019247502.85, "Total Cost": 1000019247502.86, "Plan Rows": 1, "Plan Width": 49, "Plans": [{"Node Type": "Nested Loop", "Parent Relationship": "Outer", "Join Type": "Inner", "Startup Cost": 10000000001.66, "Total Cost": 1000019246675.23, "Plan Rows": 331050, "Plan Width": 17, "Inner Unique": true, "Plans": [{"Node Type": "Nested Loop", "Parent Relationship": "Outer", "Join Type": "Inner", "Startup Cost": 10000000001.35, "Total Cost": 1000018211114.89, "Plan Rows": 238955, "Plan Width": 8, "Inner Unique": true, "Plans": [{"Node Type": "Nested Loop", "Parent Relationship": "Outer", "Join Type": "Inner", "Startup Cost": 10000000001.09, "Total Cost": 1000017188325.12, "Plan Rows": 238955, "Plan Width": 12, "Inner Unique": false, "Plans": [{"Node Type": "Nested Loop", "Parent Relationship": "Outer", "Join Type": "Inner", "Startup Cost": 10000000000.26, "Total Cost": 1000016149093.12, "Plan Rows": 209278, "Plan Width": 4, "Inner Unique": true, "Plans": [{"Node Type": "Index Scan", "Parent Relationship": "Outer", "Scan Direction": "Forward", "Index Name": "movie_id_movie_companies", "Relation Name": "movie_companies", "Alias": "mc", "Startup Cost": 10000000000.0, "Total Cost": 1000014356510.13, "Plan Rows": 418557, "Plan Width": 8, "Filter": "(((note)::text !~~ '%(TV)%'::text) AND ((note)::text ~~ '%(USA)%'::text)), (LLVM Optimized)"}, {"Node Type": "Bitmap Heap Scan", "Parent Relationship": "Inner", "Relation Name": "company_type", "Alias": "ct", "Startup Cost": 0.26, "Total Cost": 4.27, "Plan Rows": 1, "Plan Width": 4, "Recheck Cond": "(id = mc.company_type_id)", "Filter": "((kind)::text = 'production companies'::text)", "Plans": [{"Node Type": "Bitmap Index Scan", "Parent Relationship": "Outer", "Index Name": "company_type_pkey", "Startup Cost": 0.0, "Total Cost": 0.26, "Plan Rows": 1, "Plan Width": 0, "Index Cond": "(id = mc.company_type_id)"}]}]}, {"Node Type": "Bitmap Heap Scan", "Parent Relationship": "Inner", "Relation Name": "movie_info", "Alias": "mi", "Startup Cost": 0.83, "Total Cost": 4.96, "Plan Rows": 1, "Plan Width": 8, "Recheck Cond": "(movie_id = mc.movie_id)", "Filter": "((info)::text = ANY ('{Sweden,Norway,Germany,Denmark,Swedish,Denish,Norwegian,German,USA,American}'::text[]))", "Plans": [{"Node Type": "Bitmap Index Scan", "Parent Relationship": "Outer", "Index Name": "movie_id_movie_info", "Startup Cost": 0.0, "Total Cost": 0.83, "Plan Rows": 5, "Plan Width": 0, "Index Cond": "(movie_id = mc.movie_id)"}]}]}, {"Node Type": "Bitmap Heap Scan", "Parent Relationship": "Inner", "Relation Name": "info_type", "Alias": "it", "Startup Cost": 0.26, "Total Cost": 4.27, "Plan Rows": 1, "Plan Width": 4, "Recheck Cond": "(id = mi.info_type_id)", "Plans": [{"Node Type": "Bitmap Index Scan", "Parent Relationship": "Outer", "Index Name": "info_type_pkey", "Startup Cost": 0.0, "Total Cost": 0.26, "Plan Rows": 1, "Plan Width": 0, "Index Cond": "(id = mi.info_type_id)"}]}]}, {"Node Type": "Bitmap Heap Scan", "Parent Relationship": "Inner", "Relation Name": "title", "Alias": "t", "Startup Cost": 0.31, "Total Cost": 4.32, "Plan Rows": 1, "Plan Width": 21, "Recheck Cond": "(id = mi.movie_id)", "Filter": "(production_year > 1990)", "Plans": [{"Node Type": "Bitmap Index Scan", "Parent Relationship": "Outer", "Index Name": "title_pkey", "Startup Cost": 0.0, "Total Cost": 0.31, "Plan Rows": 1, "Plan Width": 0, "Index Cond": "(id = mi.movie_id)"}]}]}]}, "Unique SQL Id": 322094867}, "explain_analyze_plan": {"Plan": {"Node Type": "Aggregate", "Strategy": "Plain", "Startup Cost": 1000019247502.85, "Total Cost": 1000019247502.86, "Plan Rows": 1, "Plan Width": 49, "Actual Startup Time": 2983.243, "Actual Total Time": 2983.244, "Actual Rows": 1, "Actual Loops": 1, "Plans": [{"Node Type": "Nested Loop", "Parent Relationship": "Outer", "Join Type": "Inner", "Startup Cost": 10000000001.66, "Total Cost": 1000019246675.23, "Plan Rows": 331050, "Plan Width": 17, "Actual Startup Time": 32.619, "Actual Total Time": 2982.151, "Actual Rows": 669, "Actual Loops": 1, "Inner Unique": true, "Plans": [{"Node Type": "Nested Loop", "Parent Relationship": "Outer", "Join Type": "Inner", "Startup Cost": 10000000001.35, "Total Cost": 1000018211114.89, "Plan Rows": 238955, "Plan Width": 8, "Actual Startup Time": 32.603, "Actual Total Time": 2974.089, "Actual Rows": 691, "Actual Loops": 1, "Inner Unique": true, "Plans": [{"Node Type": "Nested Loop", "Parent Relationship": "Outer", "Join Type": "Inner", "Startup Cost": 10000000001.09, "Total Cost": 1000017188325.12, "Plan Rows": 238955, "Plan Width": 12, "Actual Startup Time": 32.594, "Actual Total Time": 2969.962, "Actual Rows": 691, "Actual Loops": 1, "Inner Unique": false, "Plans": [{"Node Type": "Nested Loop", "Parent Relationship": "Outer", "Join Type": "Inner", "Startup Cost": 10000000000.26, "Total Cost": 1000016149093.12, "Plan Rows": 209278, "Plan Width": 4, "Actual Startup Time": 32.553, "Actual Total Time": 2937.753, "Actual Rows": 798, "Actual Loops": 1, "Inner Unique": true, "Plans": [{"Node Type": "Index Scan", "Parent Relationship": "Outer", "Scan Direction": "Forward", "Index Name": "movie_id_movie_companies", "Relation Name": "movie_companies", "Alias": "mc", "Startup Cost": 10000000000.0, "Total Cost": 1000014356510.13, "Plan Rows": 418557, "Plan Width": 8, "Actual Startup Time": 0.054, "Actual Total Time": 2285.125, "Actual Rows": 295628, "Actual Loops": 1, "Filter": "(((note)::text !~~ '%(TV)%'::text) AND ((note)::text ~~ '%(USA)%'::text)), (LLVM Optimized, Jit Execute)", "Rows Removed by Filter": 2313500}, {"Node Type": "Bitmap Heap Scan", "Parent Relationship": "Inner", "Relation Name": "company_type", "Alias": "ct", "Startup Cost": 0.26, "Total Cost": 4.27, "Plan Rows": 1, "Plan Width": 4, "Actual Startup Time": 341.416, "Actual Total Time": 341.416, "Actual Rows": 798, "Actual Loops": 295628, "Recheck Cond": "(id = mc.company_type_id)", "Rows Removed by Index Recheck": 0, "Filter": "((kind)::text = 'production companies'::text)", "Rows Removed by Filter": 0, "Exact Heap Blocks": 798, "Lossy Heap Blocks": 798, "Plans": [{"Node Type": "Bitmap Index Scan", "Parent Relationship": "Outer", "Index Name": "company_type_pkey", "Startup Cost": 0.0, "Total Cost": 0.26, "Plan Rows": 1, "Plan Width": 0, "Actual Startup Time": 205.492, "Actual Total Time": 205.492, "Actual Rows": 798, "Actual Loops": 295628, "Index Cond": "(id = mc.company_type_id)"}]}]}, {"Node Type": "Bitmap Heap Scan", "Parent Relationship": "Inner", "Relation Name": "movie_info", "Alias": "mi", "Startup Cost": 0.83, "Total Cost": 4.96, "Plan Rows": 1, "Plan Width": 8, "Actual Startup Time": 27.613, "Actual Total Time": 30.269, "Actual Rows": 691, "Actual Loops": 798, "Recheck Cond": "(movie_id = mc.movie_id)", "Rows Removed by Index Recheck": 0, "Filter": "((info)::text = ANY ('{Sweden,Norway,Germany,Denmark,Swedish,Denish,Norwegian,German,USA,American}'::text[]))", "Rows Removed by Filter": 7906, "Exact Heap Blocks": 6397, "Lossy Heap Blocks": 6397, "Plans": [{"Node Type": "Bitmap Index Scan", "Parent Relationship": "Outer", "Index Name": "movie_id_movie_info", "Startup Cost": 0.0, "Total Cost": 0.83, "Plan Rows": 5, "Plan Width": 0, "Actual Startup Time": 6.949, "Actual Total Time": 6.949, "Actual Rows": 8597, "Actual Loops": 798, "Index Cond": "(movie_id = mc.movie_id)"}]}]}, {"Node Type": "Bitmap Heap Scan", "Parent Relationship": "Inner", "Relation Name": "info_type", "Alias": "it", "Startup Cost": 0.26, "Total Cost": 4.27, "Plan Rows": 1, "Plan Width": 4, "Actual Startup Time": 2.573, "Actual Total Time": 2.573, "Actual Rows": 691, "Actual Loops": 691, "Recheck Cond": "(id = mi.info_type_id)", "Rows Removed by Index Recheck": 0, "Exact Heap Blocks": 691, "Lossy Heap Blocks": 691, "Plans": [{"Node Type": "Bitmap Index Scan", "Parent Relationship": "Outer", "Index Name": "info_type_pkey", "Startup Cost": 0.0, "Total Cost": 0.26, "Plan Rows": 1, "Plan Width": 0, "Actual Startup Time": 1.179, "Actual Total Time": 1.179, "Actual Rows": 691, "Actual Loops": 691, "Index Cond": "(id = mi.info_type_id)"}]}]}, {"Node Type": "Bitmap Heap Scan", "Parent Relationship": "Inner", "Relation Name": "title", "Alias": "t", "Startup Cost": 0.31, "Total Cost": 4.32, "Plan Rows": 1, "Plan Width": 21, "Actual Startup Time": 6.58, "Actual Total Time": 6.58, "Actual Rows": 669, "Actual Loops": 691, "Recheck Cond": "(id = mi.movie_id)", "Rows Removed by Index Recheck": 0, "Filter": "(production_year > 1990)", "Rows Removed by Filter": 22, "Exact Heap Blocks": 691, "Lossy Heap Blocks": 691, "Plans": [{"Node Type": "Bitmap Index Scan", "Parent Relationship": "Outer", "Index Name": "title_pkey", "Startup Cost": 0.0, "Total Cost": 0.31, "Plan Rows": 1, "Plan Width": 0, "Actual Startup Time": 3.813, "Actual Total Time": 3.813, "Actual Rows": 691, "Actual Loops": 691, "Index Cond": "(id = mi.movie_id)"}]}]}]}, "Triggers": [], "Planner Runtime": 4.896, "Total Runtime": 2992.474, "Unique SQL Id": 322094867}}, "(1, 68)": {"explain_plan": {"Plan": {"Node Type": "Aggregate", "Strategy": "Plain", "Startup Cost": 413659.37, "Total Cost": 413659.38, "Plan Rows": 1, "Plan Width": 49, "Plans": [{"Node Type": "Hash Join", "Parent Relationship": "Outer", "Join Type": "Inner", "Startup Cost": 88254.96, "Total Cost": 412831.75, "Plan Rows": 331050, "Plan Width": 17, "Inner Unique": true, "Hash Cond": "(mi.info_type_id = it.id), (LLVM Optimized)", "Plans": [{"Node Type": "Nested Loop", "Parent Relationship": "Outer", "Join Type": "Inner", "Startup Cost": 88251.44, "Total Cost": 408458.37, "Plan Rows": 331050, "Plan Width": 21, "Inner Unique": false, "Plans": [{"Node Type": "Hash Join", "Parent Relationship": "Outer", "Join Type": "Inner", "Startup Cost": 88251.44, "Total Cost": 149940.3, "Plan Rows": 289936, "Plan Width": 25, "Inner Unique": true, "Hash Cond": "(mc.movie_id = t.id), (LLVM Optimized)", "Plans": [{"Node Type": "Hash Join", "Parent Relationship": "Outer", "Join Type": "Inner", "Startup Cost": 1.05, "Total Cost": 58005.76, "Plan Rows": 209278, "Plan Width": 4, "Inner Unique": true, "Hash Cond": "(mc.company_type_id = ct.id), (LLVM Optimized)", "Plans": [{"Node Type": "Seq Scan", "Parent Relationship": "Outer", "Relation Name": "movie_companies", "Alias": "mc", "Startup Cost": 0.0, "Total Cost": 54862.92, "Plan Rows": 418557, "Plan Width": 8, "Filter": "(((note)::text !~~ '%(TV)%'::text) AND ((note)::text ~~ '%(USA)%'::text)), (LLVM Optimized)"}, {"Node Type": "Hash", "Parent Relationship": "Inner", "Startup Cost": 1.04, "Total Cost": 1.04, "Plan Rows": 1, "Plan Width": 4, "Plans": [{"Node Type": "Seq Scan", "Parent Relationship": "Outer", "Relation Name": "company_type", "Alias": "ct", "Startup Cost": 0.0, "Total Cost": 1.04, "Plan Rows": 1, "Plan Width": 4, "Filter": "((kind)::text = 'production companies'::text)"}]}]}, {"Node Type": "Hash", "Parent Relationship": "Inner", "Startup Cost": 66389.89, "Total Cost": 66389.89, "Plan Rows": 1748840, "Plan Width": 21, "Plans": [{"Node Type": "Seq Scan", "Parent Relationship": "Outer", "Relation Name": "title", "Alias": "t", "Startup Cost": 0.0, "Total Cost": 66389.89, "Plan Rows": 1748840, "Plan Width": 21, "Filter": "(production_year > 1990), (LLVM Optimized)"}]}]}, {"Node Type": "Index Scan", "Parent Relationship": "Inner", "Scan Direction": "Forward", "Index Name": "movie_id_movie_info", "Relation Name": "movie_info", "Alias": "mi", "Startup Cost": 0.0, "Total Cost": 0.88, "Plan Rows": 1, "Plan Width": 8, "Index Cond": "(movie_id = t.id)", "Filter": "((info)::text = ANY ('{Sweden,Norway,Germany,Denmark,Swedish,Denish,Norwegian,German,USA,American}'::text[]))"}]}, {"Node Type": "Hash", "Parent Relationship": "Inner", "Startup Cost": 2.12, "Total Cost": 2.12, "Plan Rows": 112, "Plan Width": 4, "Plans": [{"Node Type": "Seq Scan", "Parent Relationship": "Outer", "Relation Name": "info_type", "Alias": "it", "Startup Cost": 0.0, "Total Cost": 2.12, "Plan Rows": 112, "Plan Width": 4}]}]}]}, "Unique SQL Id": 322094867}, "explain_analyze_plan": {"Plan": {"Node Type": "Aggregate", "Strategy": "Plain", "Startup Cost": 413659.37, "Total Cost": 413659.38, "Plan Rows": 1, "Plan Width": 49, "Actual Startup Time": 2847.577, "Actual Total Time": 2847.578, "Actual Rows": 1, "Actual Loops": 1, "Plans": [{"Node Type": "Hash Join", "Parent Relationship": "Outer", "Join Type": "Inner", "Startup Cost": 88254.96, "Total Cost": 412831.75, "Plan Rows": 331050, "Plan Width": 17, "Actual Startup Time": 2465.807, "Actual Total Time": 2847.12, "Actual Rows": 669, "Actual Loops": 1, "Inner Unique": true, "Hash Cond": "(mi.info_type_id = it.id), (LLVM Optimized, Jit Execute)", "Plans": [{"Node Type": "Nested Loop", "Parent Relationship": "Outer", "Join Type": "Inner", "Startup Cost": 88251.44, "Total Cost": 408458.37, "Plan Rows": 331050, "Plan Width": 21, "Actual Startup Time": 2465.668, "Actual Total Time": 2846.565, "Actual Rows": 669, "Actual Loops": 1, "Inner Unique": false, "Plans": [{"Node Type": "Hash Join", "Parent Relationship": "Outer", "Join Type": "Inner", "Startup Cost": 88251.44, "Total Cost": 149940.3, "Plan Rows": 289936, "Plan Width": 25, "Actual Startup Time": 2465.603, "Actual Total Time": 2813.818, "Actual Rows": 767, "Actual Loops": 1, "Inner Unique": true, "Hash Cond": "(mc.movie_id = t.id), (LLVM Optimized, Jit Execute)", "Plans": [{"Node Type": "Hash Join", "Parent Relationship": "Outer", "Join Type": "Inner", "Startup Cost": 1.05, "Total Cost": 58005.76, "Plan Rows": 209278, "Plan Width": 4, "Actual Startup Time": 860.961, "Actual Total Time": 1208.39, "Actual Rows": 798, "Actual Loops": 1, "Inner Unique": true, "Hash Cond": "(mc.company_type_id = ct.id), (LLVM Optimized, Jit Execute)", "Plans": [{"Node Type": "Seq Scan", "Parent Relationship": "Outer", "Relation Name": "movie_companies", "Alias": "mc", "Startup Cost": 0.0, "Total Cost": 54862.92, "Plan Rows": 418557, "Plan Width": 8, "Actual Startup Time": 0.048, "Actual Total Time": 1154.522, "Actual Rows": 295628, "Actual Loops": 1, "Filter": "(((note)::text !~~ '%(TV)%'::text) AND ((note)::text ~~ '%(USA)%'::text)), (LLVM Optimized, Jit Execute)", "Rows Removed by Filter": 2313500}, {"Node Type": "Hash", "Parent Relationship": "Inner", "Startup Cost": 1.04, "Total Cost": 1.04, "Plan Rows": 1, "Plan Width": 4, "Actual Startup Time": 0.012, "Actual Total Time": 0.012, "Actual Rows": 1, "Actual Loops": 1, "Hash Buckets": 32768, "Hash Batches": 1, "Original Hash Batches": 1, "Peak Memory Usage": 1, "Plans": [{"Node Type": "Seq Scan", "Parent Relationship": "Outer", "Relation Name": "company_type", "Alias": "ct", "Startup Cost": 0.0, "Total Cost": 1.04, "Plan Rows": 1, "Plan Width": 4, "Actual Startup Time": 0.006, "Actual Total Time": 0.007, "Actual Rows": 1, "Actual Loops": 1, "Filter": "((kind)::text = 'production companies'::text)", "Rows Removed by Filter": 2}]}]}, {"Node Type": "Hash", "Parent Relationship": "Inner", "Startup Cost": 66389.89, "Total Cost": 66389.89, "Plan Rows": 1748840, "Plan Width": 21, "Actual Startup Time": 1603.236, "Actual Total Time": 1603.236, "Actual Rows": 1749032, "Actual Loops": 1, "Hash Buckets": 2097152, "Hash Batches": 1, "Original Hash Batches": 1, "Peak Memory Usage": 93635, "Plans": [{"Node Type": "Seq Scan", "Parent Relationship": "Outer", "Relation Name": "title", "Alias": "t", "Startup Cost": 0.0, "Total Cost": 66389.89, "Plan Rows": 1748840, "Plan Width": 21, "Actual Startup Time": 0.043, "Actual Total Time": 924.726, "Actual Rows": 1749032, "Actual Loops": 1, "Filter": "(production_year > 1990), (LLVM Optimized, Jit Execute)", "Rows Removed by Filter": 779279}]}]}, {"Node Type": "Index Scan", "Parent Relationship": "Inner", "Scan Direction": "Forward", "Index Name": "movie_id_movie_info", "Relation Name": "movie_info", "Alias": "mi", "Startup Cost": 0.0, "Total Cost": 0.88, "Plan Rows": 1, "Plan Width": 8, "Actual Startup Time": 25.446, "Actual Total Time": 28.771, "Actual Rows": 669, "Actual Loops": 767, "Index Cond": "(movie_id = t.id)", "Rows Removed by Index Recheck": 0, "Filter": "((info)::text = ANY ('{Sweden,Norway,Germany,Denmark,Swedish,Denish,Norwegian,German,USA,American}'::text[]))", "Rows Removed by Filter": 7721}]}, {"Node Type": "Hash", "Parent Relationship": "Inner", "Startup Cost": 2.12, "Total Cost": 2.12, "Plan Rows": 112, "Plan Width": 4, "Actual Startup Time": 0.092, "Actual Total Time": 0.092, "Actual Rows": 112, "Actual Loops": 1, "Hash Buckets": 32768, "Hash Batches": 1, "Original Hash Batches": 1, "Peak Memory Usage": 4, "Plans": [{"Node Type": "Seq Scan", "Parent Relationship": "Outer", "Relation Name": "info_type", "Alias": "it", "Startup Cost": 0.0, "Total Cost": 2.12, "Plan Rows": 112, "Plan Width": 4, "Actual Startup Time": 0.024, "Actual Total Time": 0.044, "Actual Rows": 112, "Actual Loops": 1}]}]}]}, "Triggers": [], "Planner Runtime": 11.646, "Total Runtime": 2857.721, "Unique SQL Id": 322094867}}, "(1, 69)": {"explain_plan": {"Plan": {"Node Type": "Aggregate", "Strategy": "Plain", "Startup Cost": 472675.15, "Total Cost": 472675.16, "Plan Rows": 1, "Plan Width": 49, "Plans": [{"Node Type": "Hash Join", "Parent Relationship": "Outer", "Join Type": "Inner", "Startup Cost": 15.33, "Total Cost": 471847.53, "Plan Rows": 331050, "Plan Width": 17, "Inner Unique": true, "Hash Cond": "(mi.info_type_id = it.id), (LLVM Optimized)", "Plans": [{"Node Type": "Nested Loop", "Parent Relationship": "Outer", "Join Type": "Inner", "Startup Cost": 0.0, "Total Cost": 467462.34, "Plan Rows": 331050, "Plan Width": 21, "Inner Unique": false, "Plans": [{"Node Type": "Nested Loop", "Parent Relationship": "Outer", "Join Type": "Inner", "Startup Cost": 0.0, "Total Cost": 208944.27, "Plan Rows": 289936, "Plan Width": 25, "Inner Unique": true, "Plans": [{"Node Type": "Nested Loop", "Parent Relationship": "Outer", "Join Type": "Inner", "Startup Cost": 0.0, "Total Cost": 61745.44, "Plan Rows": 209278, "Plan Width": 4, "Inner Unique": false, "Plans": [{"Node Type": "Index Scan", "Parent Relationship": "Outer", "Scan Direction": "Forward", "Index Name": "company_type_pkey", "Relation Name": "company_type", "Alias": "ct", "Startup Cost": 0.0, "Total Cost": 12.3, "Plan Rows": 1, "Plan Width": 4, "Filter": "((kind)::text = 'production companies'::text)"}, {"Node Type": "Index Scan", "Parent Relationship": "Inner", "Scan Direction": "Forward", "Index Name": "company_type_id_movie_companies", "Relation Name": "movie_companies", "Alias": "mc", "Startup Cost": 0.0, "Total Cost": 59640.35, "Plan Rows": 209279, "Plan Width": 8, "Index Cond": "(company_type_id = ct.id), (LLVM Optimized)", "Filter": "(((note)::text !~~ '%(TV)%'::text) AND ((note)::text ~~ '%(USA)%'::text)), (LLVM Optimized)"}]}, {"Node Type": "Index Scan", "Parent Relationship": "Inner", "Scan Direction": "Forward", "Index Name": "title_pkey", "Relation Name": "title", "Alias": "t", "Startup Cost": 0.0, "Total Cost": 0.69, "Plan Rows": 1, "Plan Width": 21, "Index Cond": "(id = mc.movie_id)", "Filter": "(production_year > 1990)"}]}, {"Node Type": "Index Scan", "Parent Relationship": "Inner", "Scan Direction": "Forward", "Index Name": "movie_id_movie_info", "Relation Name": "movie_info", "Alias": "mi", "Startup Cost": 0.0, "Total Cost": 0.88, "Plan Rows": 1, "Plan Width": 8, "Index Cond": "(movie_id = t.id)", "Filter": "((info)::text = ANY ('{Sweden,Norway,Germany,Denmark,Swedish,Denish,Norwegian,German,USA,American}'::text[]))"}]}, {"Node Type": "Hash", "Parent Relationship": "Inner", "Startup Cost": 13.93, "Total Cost": 13.93, "Plan Rows": 112, "Plan Width": 4, "Plans": [{"Node Type": "Index Scan", "Parent Relationship": "Outer", "Scan Direction": "Forward", "Index Name": "info_type_pkey", "Relation Name": "info_type", "Alias": "it", "Startup Cost": 0.0, "Total Cost": 13.93, "Plan Rows": 112, "Plan Width": 4}]}]}]}, "Unique SQL Id": 322094867}, "explain_analyze_plan": {"Plan": {"Node Type": "Aggregate", "Strategy": "Plain", "Startup Cost": 472675.15, "Total Cost": 472675.16, "Plan Rows": 1, "Plan Width": 49, "Actual Startup Time": 797.4, "Actual Total Time": 797.4, "Actual Rows": 1, "Actual Loops": 1, "Plans": [{"Node Type": "Hash Join", "Parent Relationship": "Outer", "Join Type": "Inner", "Startup Cost": 15.33, "Total Cost": 471847.53, "Plan Rows": 331050, "Plan Width": 17, "Actual Startup Time": 10.134, "Actual Total Time": 796.963, "Actual Rows": 669, "Actual Loops": 1, "Inner Unique": true, "Hash Cond": "(mi.info_type_id = it.id), (LLVM Optimized, Jit Execute)", "Plans": [{"Node Type": "Nested Loop", "Parent Relationship": "Outer", "Join Type": "Inner", "Startup Cost": 0.0, "Total Cost": 467462.34, "Plan Rows": 331050, "Plan Width": 21, "Actual Startup Time": 9.987, "Actual Total Time": 796.334, "Actual Rows": 669, "Actual Loops": 1, "Inner Unique": false, "Plans": [{"Node Type": "Nested Loop", "Parent Relationship": "Outer", "Join Type": "Inner", "Startup Cost": 0.0, "Total Cost": 208944.27, "Plan Rows": 289936, "Plan Width": 25, "Actual Startup Time": 9.963, "Actual Total Time": 768.356, "Actual Rows": 767, "Actual Loops": 1, "Inner Unique": true, "Plans": [{"Node Type": "Nested Loop", "Parent Relationship": "Outer", "Join Type": "Inner", "Startup Cost": 0.0, "Total Cost": 61745.44, "Plan Rows": 209278, "Plan Width": 4, "Actual Startup Time": 9.942, "Actual Total Time": 760.642, "Actual Rows": 798, "Actual Loops": 1, "Inner Unique": false, "Plans": [{"Node Type": "Index Scan", "Parent Relationship": "Outer", "Scan Direction": "Forward", "Index Name": "company_type_pkey", "Relation Name": "company_type", "Alias": "ct", "Startup Cost": 0.0, "Total Cost": 12.3, "Plan Rows": 1, "Plan Width": 4, "Actual Startup Time": 0.017, "Actual Total Time": 0.026, "Actual Rows": 1, "Actual Loops": 1, "Filter": "((kind)::text = 'production companies'::text)", "Rows Removed by Filter": 2}, {"Node Type": "Index Scan", "Parent Relationship": "Inner", "Scan Direction": "Forward", "Index Name": "company_type_id_movie_companies", "Relation Name": "movie_companies", "Alias": "mc", "Startup Cost": 0.0, "Total Cost": 59640.35, "Plan Rows": 209279, "Plan Width": 8, "Actual Startup Time": 9.918, "Actual Total Time": 760.362, "Actual Rows": 798, "Actual Loops": 1, "Index Cond": "(company_type_id = ct.id), (LLVM Optimized, Jit Execute)", "Rows Removed by Index Recheck": 0, "Filter": "(((note)::text !~~ '%(TV)%'::text) AND ((note)::text ~~ '%(USA)%'::text)), (LLVM Optimized, Jit Execute)", "Rows Removed by Filter": 1334085}]}, {"Node Type": "Index Scan", "Parent Relationship": "Inner", "Scan Direction": "Forward", "Index Name": "title_pkey", "Relation Name": "title", "Alias": "t", "Startup Cost": 0.0, "Total Cost": 0.69, "Plan Rows": 1, "Plan Width": 21, "Actual Startup Time": 6.854, "Actual Total Time": 6.854, "Actual Rows": 767, "Actual Loops": 798, "Index Cond": "(id = mc.movie_id)", "Rows Removed by Index Recheck": 0, "Filter": "(production_year > 1990)", "Rows Removed by Filter": 31}]}, {"Node Type": "Index Scan", "Parent Relationship": "Inner", "Scan Direction": "Forward", "Index Name": "movie_id_movie_info", "Relation Name": "movie_info", "Alias": "mi", "Startup Cost": 0.0, "Total Cost": 0.88, "Plan Rows": 1, "Plan Width": 8, "Actual Startup Time": 24.023, "Actual Total Time": 27.225, "Actual Rows": 669, "Actual Loops": 767, "Index Cond": "(movie_id = t.id)", "Rows Removed by Index Recheck": 0, "Filter": "((info)::text = ANY ('{Sweden,Norway,Germany,Denmark,Swedish,Denish,Norwegian,German,USA,American}'::text[]))", "Rows Removed by Filter": 7721}]}, {"Node Type": "Hash", "Parent Relationship": "Inner", "Startup Cost": 13.93, "Total Cost": 13.93, "Plan Rows": 112, "Plan Width": 4, "Actual Startup Time": 0.1, "Actual Total Time": 0.1, "Actual Rows": 112, "Actual Loops": 1, "Hash Buckets": 32768, "Hash Batches": 1, "Original Hash Batches": 1, "Peak Memory Usage": 4, "Plans": [{"Node Type": "Index Scan", "Parent Relationship": "Outer", "Scan Direction": "Forward", "Index Name": "info_type_pkey", "Relation Name": "info_type", "Alias": "it", "Startup Cost": 0.0, "Total Cost": 13.93, "Plan Rows": 112, "Plan Width": 4, "Actual Startup Time": 0.013, "Actual Total Time": 0.061, "Actual Rows": 112, "Actual Loops": 1}]}]}]}, "Triggers": [], "Planner Runtime": 7.955, "Total Runtime": 807.974, "Unique SQL Id": 322094867}}, "(1, 70)": {"explain_plan": {"Plan": {"Node Type": "Aggregate", "Strategy": "Plain", "Startup Cost": 646202.08, "Total Cost": 646202.09, "Plan Rows": 1, "Plan Width": 49, "Plans": [{"Node Type": "Hash Join", "Parent Relationship": "Outer", "Join Type": "Inner", "Startup Cost": 153568.02, "Total Cost": 645374.46, "Plan Rows": 331050, "Plan Width": 17, "Inner Unique": true, "Hash Cond": "(mi.info_type_id = it.id), (LLVM Optimized)", "Plans": [{"Node Type": "Hash Join", "Parent Relationship": "Outer", "Join Type": "Inner", "Startup Cost": 153564.5, "Total Cost": 640819.0, "Plan Rows": 331050, "Plan Width": 21, "Inner Unique": false, "Hash Cond": "(mi.movie_id = t.id), (LLVM Optimized)", "Plans": [{"Node Type": "Seq Scan", "Parent Relationship": "Outer", "Relation Name": "movie_info", "Alias": "mi", "Startup Cost": 0.0, "Total Cost": 482862.23, "Plan Rows": 726375, "Plan Width": 8, "Filter": "((info)::text = ANY ('{Sweden,Norway,Germany,Denmark,Swedish,Denish,Norwegian,German,USA,American}'::text[]))"}, {"Node Type": "Hash", "Parent Relationship": "Inner", "Startup Cost": 149940.3, "Total Cost": 149940.3, "Plan Rows": 289936, "Plan Width": 25, "Plans": [{"Node Type": "Hash Join", "Parent Relationship": "Outer", "Join Type": "Inner", "Startup Cost": 88251.44, "Total Cost": 149940.3, "Plan Rows": 289936, "Plan Width": 25, "Inner Unique": true, "Hash Cond": "(mc.movie_id = t.id), (LLVM Optimized)", "Plans": [{"Node Type": "Hash Join", "Parent Relationship": "Outer", "Join Type": "Inner", "Startup Cost": 1.05, "Total Cost": 58005.76, "Plan Rows": 209278, "Plan Width": 4, "Inner Unique": true, "Hash Cond": "(mc.company_type_id = ct.id), (LLVM Optimized)", "Plans": [{"Node Type": "Seq Scan", "Parent Relationship": "Outer", "Relation Name": "movie_companies", "Alias": "mc", "Startup Cost": 0.0, "Total Cost": 54862.92, "Plan Rows": 418557, "Plan Width": 8, "Filter": "(((note)::text !~~ '%(TV)%'::text) AND ((note)::text ~~ '%(USA)%'::text)), (LLVM Optimized)"}, {"Node Type": "Hash", "Parent Relationship": "Inner", "Startup Cost": 1.04, "Total Cost": 1.04, "Plan Rows": 1, "Plan Width": 4, "Plans": [{"Node Type": "Seq Scan", "Parent Relationship": "Outer", "Relation Name": "company_type", "Alias": "ct", "Startup Cost": 0.0, "Total Cost": 1.04, "Plan Rows": 1, "Plan Width": 4, "Filter": "((kind)::text = 'production companies'::text)"}]}]}, {"Node Type": "Hash", "Parent Relationship": "Inner", "Startup Cost": 66389.89, "Total Cost": 66389.89, "Plan Rows": 1748840, "Plan Width": 21, "Plans": [{"Node Type": "Seq Scan", "Parent Relationship": "Outer", "Relation Name": "title", "Alias": "t", "Startup Cost": 0.0, "Total Cost": 66389.89, "Plan Rows": 1748840, "Plan Width": 21, "Filter": "(production_year > 1990), (LLVM Optimized)"}]}]}]}]}, {"Node Type": "Hash", "Parent Relationship": "Inner", "Startup Cost": 2.12, "Total Cost": 2.12, "Plan Rows": 112, "Plan Width": 4, "Plans": [{"Node Type": "Seq Scan", "Parent Relationship": "Outer", "Relation Name": "info_type", "Alias": "it", "Startup Cost": 0.0, "Total Cost": 2.12, "Plan Rows": 112, "Plan Width": 4}]}]}]}, "Unique SQL Id": 322094867}, "explain_analyze_plan": null}, "(1, 71)": {"explain_plan": {"Plan": {"Node Type": "Aggregate", "Strategy": "Plain", "Startup Cost": 1000019247502.85, "Total Cost": 1000019247502.86, "Plan Rows": 1, "Plan Width": 49, "Plans": [{"Node Type": "Nested Loop", "Parent Relationship": "Outer", "Join Type": "Inner", "Startup Cost": 10000000001.66, "Total Cost": 1000019246675.23, "Plan Rows": 331050, "Plan Width": 17, "Inner Unique": true, "Plans": [{"Node Type": "Nested Loop", "Parent Relationship": "Outer", "Join Type": "Inner", "Startup Cost": 10000000001.35, "Total Cost": 1000018211114.89, "Plan Rows": 238955, "Plan Width": 8, "Inner Unique": true, "Plans": [{"Node Type": "Nested Loop", "Parent Relationship": "Outer", "Join Type": "Inner", "Startup Cost": 10000000001.09, "Total Cost": 1000017188325.12, "Plan Rows": 238955, "Plan Width": 12, "Inner Unique": false, "Plans": [{"Node Type": "Nested Loop", "Parent Relationship": "Outer", "Join Type": "Inner", "Startup Cost": 10000000000.26, "Total Cost": 1000016149093.12, "Plan Rows": 209278, "Plan Width": 4, "Inner Unique": true, "Plans": [{"Node Type": "Index Scan", "Parent Relationship": "Outer", "Scan Direction": "Forward", "Index Name": "movie_id_movie_companies", "Relation Name": "movie_companies", "Alias": "mc", "Startup Cost": 10000000000.0, "Total Cost": 1000014356510.13, "Plan Rows": 418557, "Plan Width": 8, "Filter": "(((note)::text !~~ '%(TV)%'::text) AND ((note)::text ~~ '%(USA)%'::text)), (LLVM Optimized)"}, {"Node Type": "Bitmap Heap Scan", "Parent Relationship": "Inner", "Relation Name": "company_type", "Alias": "ct", "Startup Cost": 0.26, "Total Cost": 4.27, "Plan Rows": 1, "Plan Width": 4, "Recheck Cond": "(id = mc.company_type_id)", "Filter": "((kind)::text = 'production companies'::text)", "Plans": [{"Node Type": "Bitmap Index Scan", "Parent Relationship": "Outer", "Index Name": "company_type_pkey", "Startup Cost": 0.0, "Total Cost": 0.26, "Plan Rows": 1, "Plan Width": 0, "Index Cond": "(id = mc.company_type_id)"}]}]}, {"Node Type": "Bitmap Heap Scan", "Parent Relationship": "Inner", "Relation Name": "movie_info", "Alias": "mi", "Startup Cost": 0.83, "Total Cost": 4.96, "Plan Rows": 1, "Plan Width": 8, "Recheck Cond": "(movie_id = mc.movie_id)", "Filter": "((info)::text = ANY ('{Sweden,Norway,Germany,Denmark,Swedish,Denish,Norwegian,German,USA,American}'::text[]))", "Plans": [{"Node Type": "Bitmap Index Scan", "Parent Relationship": "Outer", "Index Name": "movie_id_movie_info", "Startup Cost": 0.0, "Total Cost": 0.83, "Plan Rows": 5, "Plan Width": 0, "Index Cond": "(movie_id = mc.movie_id)"}]}]}, {"Node Type": "Bitmap Heap Scan", "Parent Relationship": "Inner", "Relation Name": "info_type", "Alias": "it", "Startup Cost": 0.26, "Total Cost": 4.27, "Plan Rows": 1, "Plan Width": 4, "Recheck Cond": "(id = mi.info_type_id)", "Plans": [{"Node Type": "Bitmap Index Scan", "Parent Relationship": "Outer", "Index Name": "info_type_pkey", "Startup Cost": 0.0, "Total Cost": 0.26, "Plan Rows": 1, "Plan Width": 0, "Index Cond": "(id = mi.info_type_id)"}]}]}, {"Node Type": "Bitmap Heap Scan", "Parent Relationship": "Inner", "Relation Name": "title", "Alias": "t", "Startup Cost": 0.31, "Total Cost": 4.32, "Plan Rows": 1, "Plan Width": 21, "Recheck Cond": "(id = mi.movie_id)", "Filter": "(production_year > 1990)", "Plans": [{"Node Type": "Bitmap Index Scan", "Parent Relationship": "Outer", "Index Name": "title_pkey", "Startup Cost": 0.0, "Total Cost": 0.31, "Plan Rows": 1, "Plan Width": 0, "Index Cond": "(id = mi.movie_id)"}]}]}]}, "Unique SQL Id": 322094867}, "explain_analyze_plan": {"Plan": {"Node Type": "Aggregate", "Strategy": "Plain", "Startup Cost": 1000019247502.85, "Total Cost": 1000019247502.86, "Plan Rows": 1, "Plan Width": 49, "Actual Startup Time": 2983.243, "Actual Total Time": 2983.244, "Actual Rows": 1, "Actual Loops": 1, "Plans": [{"Node Type": "Nested Loop", "Parent Relationship": "Outer", "Join Type": "Inner", "Startup Cost": 10000000001.66, "Total Cost": 1000019246675.23, "Plan Rows": 331050, "Plan Width": 17, "Actual Startup Time": 32.619, "Actual Total Time": 2982.151, "Actual Rows": 669, "Actual Loops": 1, "Inner Unique": true, "Plans": [{"Node Type": "Nested Loop", "Parent Relationship": "Outer", "Join Type": "Inner", "Startup Cost": 10000000001.35, "Total Cost": 1000018211114.89, "Plan Rows": 238955, "Plan Width": 8, "Actual Startup Time": 32.603, "Actual Total Time": 2974.089, "Actual Rows": 691, "Actual Loops": 1, "Inner Unique": true, "Plans": [{"Node Type": "Nested Loop", "Parent Relationship": "Outer", "Join Type": "Inner", "Startup Cost": 10000000001.09, "Total Cost": 1000017188325.12, "Plan Rows": 238955, "Plan Width": 12, "Actual Startup Time": 32.594, "Actual Total Time": 2969.962, "Actual Rows": 691, "Actual Loops": 1, "Inner Unique": false, "Plans": [{"Node Type": "Nested Loop", "Parent Relationship": "Outer", "Join Type": "Inner", "Startup Cost": 10000000000.26, "Total Cost": 1000016149093.12, "Plan Rows": 209278, "Plan Width": 4, "Actual Startup Time": 32.553, "Actual Total Time": 2937.753, "Actual Rows": 798, "Actual Loops": 1, "Inner Unique": true, "Plans": [{"Node Type": "Index Scan", "Parent Relationship": "Outer", "Scan Direction": "Forward", "Index Name": "movie_id_movie_companies", "Relation Name": "movie_companies", "Alias": "mc", "Startup Cost": 10000000000.0, "Total Cost": 1000014356510.13, "Plan Rows": 418557, "Plan Width": 8, "Actual Startup Time": 0.054, "Actual Total Time": 2285.125, "Actual Rows": 295628, "Actual Loops": 1, "Filter": "(((note)::text !~~ '%(TV)%'::text) AND ((note)::text ~~ '%(USA)%'::text)), (LLVM Optimized, Jit Execute)", "Rows Removed by Filter": 2313500}, {"Node Type": "Bitmap Heap Scan", "Parent Relationship": "Inner", "Relation Name": "company_type", "Alias": "ct", "Startup Cost": 0.26, "Total Cost": 4.27, "Plan Rows": 1, "Plan Width": 4, "Actual Startup Time": 341.416, "Actual Total Time": 341.416, "Actual Rows": 798, "Actual Loops": 295628, "Recheck Cond": "(id = mc.company_type_id)", "Rows Removed by Index Recheck": 0, "Filter": "((kind)::text = 'production companies'::text)", "Rows Removed by Filter": 0, "Exact Heap Blocks": 798, "Lossy Heap Blocks": 798, "Plans": [{"Node Type": "Bitmap Index Scan", "Parent Relationship": "Outer", "Index Name": "company_type_pkey", "Startup Cost": 0.0, "Total Cost": 0.26, "Plan Rows": 1, "Plan Width": 0, "Actual Startup Time": 205.492, "Actual Total Time": 205.492, "Actual Rows": 798, "Actual Loops": 295628, "Index Cond": "(id = mc.company_type_id)"}]}]}, {"Node Type": "Bitmap Heap Scan", "Parent Relationship": "Inner", "Relation Name": "movie_info", "Alias": "mi", "Startup Cost": 0.83, "Total Cost": 4.96, "Plan Rows": 1, "Plan Width": 8, "Actual Startup Time": 27.613, "Actual Total Time": 30.269, "Actual Rows": 691, "Actual Loops": 798, "Recheck Cond": "(movie_id = mc.movie_id)", "Rows Removed by Index Recheck": 0, "Filter": "((info)::text = ANY ('{Sweden,Norway,Germany,Denmark,Swedish,Denish,Norwegian,German,USA,American}'::text[]))", "Rows Removed by Filter": 7906, "Exact Heap Blocks": 6397, "Lossy Heap Blocks": 6397, "Plans": [{"Node Type": "Bitmap Index Scan", "Parent Relationship": "Outer", "Index Name": "movie_id_movie_info", "Startup Cost": 0.0, "Total Cost": 0.83, "Plan Rows": 5, "Plan Width": 0, "Actual Startup Time": 6.949, "Actual Total Time": 6.949, "Actual Rows": 8597, "Actual Loops": 798, "Index Cond": "(movie_id = mc.movie_id)"}]}]}, {"Node Type": "Bitmap Heap Scan", "Parent Relationship": "Inner", "Relation Name": "info_type", "Alias": "it", "Startup Cost": 0.26, "Total Cost": 4.27, "Plan Rows": 1, "Plan Width": 4, "Actual Startup Time": 2.573, "Actual Total Time": 2.573, "Actual Rows": 691, "Actual Loops": 691, "Recheck Cond": "(id = mi.info_type_id)", "Rows Removed by Index Recheck": 0, "Exact Heap Blocks": 691, "Lossy Heap Blocks": 691, "Plans": [{"Node Type": "Bitmap Index Scan", "Parent Relationship": "Outer", "Index Name": "info_type_pkey", "Startup Cost": 0.0, "Total Cost": 0.26, "Plan Rows": 1, "Plan Width": 0, "Actual Startup Time": 1.179, "Actual Total Time": 1.179, "Actual Rows": 691, "Actual Loops": 691, "Index Cond": "(id = mi.info_type_id)"}]}]}, {"Node Type": "Bitmap Heap Scan", "Parent Relationship": "Inner", "Relation Name": "title", "Alias": "t", "Startup Cost": 0.31, "Total Cost": 4.32, "Plan Rows": 1, "Plan Width": 21, "Actual Startup Time": 6.58, "Actual Total Time": 6.58, "Actual Rows": 669, "Actual Loops": 691, "Recheck Cond": "(id = mi.movie_id)", "Rows Removed by Index Recheck": 0, "Filter": "(production_year > 1990)", "Rows Removed by Filter": 22, "Exact Heap Blocks": 691, "Lossy Heap Blocks": 691, "Plans": [{"Node Type": "Bitmap Index Scan", "Parent Relationship": "Outer", "Index Name": "title_pkey", "Startup Cost": 0.0, "Total Cost": 0.31, "Plan Rows": 1, "Plan Width": 0, "Actual Startup Time": 3.813, "Actual Total Time": 3.813, "Actual Rows": 691, "Actual Loops": 691, "Index Cond": "(id = mi.movie_id)"}]}]}]}, "Triggers": [], "Planner Runtime": 4.896, "Total Runtime": 2992.474, "Unique SQL Id": 322094867}}, "(1, 72)": {"explain_plan": {"Plan": {"Node Type": "Aggregate", "Strategy": "Plain", "Startup Cost": 413659.37, "Total Cost": 413659.38, "Plan Rows": 1, "Plan Width": 49, "Plans": [{"Node Type": "Hash Join", "Parent Relationship": "Outer", "Join Type": "Inner", "Startup Cost": 88254.96, "Total Cost": 412831.75, "Plan Rows": 331050, "Plan Width": 17, "Inner Unique": true, "Hash Cond": "(mi.info_type_id = it.id), (LLVM Optimized)", "Plans": [{"Node Type": "Nested Loop", "Parent Relationship": "Outer", "Join Type": "Inner", "Startup Cost": 88251.44, "Total Cost": 408458.37, "Plan Rows": 331050, "Plan Width": 21, "Inner Unique": false, "Plans": [{"Node Type": "Hash Join", "Parent Relationship": "Outer", "Join Type": "Inner", "Startup Cost": 88251.44, "Total Cost": 149940.3, "Plan Rows": 289936, "Plan Width": 25, "Inner Unique": true, "Hash Cond": "(mc.movie_id = t.id), (LLVM Optimized)", "Plans": [{"Node Type": "Hash Join", "Parent Relationship": "Outer", "Join Type": "Inner", "Startup Cost": 1.05, "Total Cost": 58005.76, "Plan Rows": 209278, "Plan Width": 4, "Inner Unique": true, "Hash Cond": "(mc.company_type_id = ct.id), (LLVM Optimized)", "Plans": [{"Node Type": "Seq Scan", "Parent Relationship": "Outer", "Relation Name": "movie_companies", "Alias": "mc", "Startup Cost": 0.0, "Total Cost": 54862.92, "Plan Rows": 418557, "Plan Width": 8, "Filter": "(((note)::text !~~ '%(TV)%'::text) AND ((note)::text ~~ '%(USA)%'::text)), (LLVM Optimized)"}, {"Node Type": "Hash", "Parent Relationship": "Inner", "Startup Cost": 1.04, "Total Cost": 1.04, "Plan Rows": 1, "Plan Width": 4, "Plans": [{"Node Type": "Seq Scan", "Parent Relationship": "Outer", "Relation Name": "company_type", "Alias": "ct", "Startup Cost": 0.0, "Total Cost": 1.04, "Plan Rows": 1, "Plan Width": 4, "Filter": "((kind)::text = 'production companies'::text)"}]}]}, {"Node Type": "Hash", "Parent Relationship": "Inner", "Startup Cost": 66389.89, "Total Cost": 66389.89, "Plan Rows": 1748840, "Plan Width": 21, "Plans": [{"Node Type": "Seq Scan", "Parent Relationship": "Outer", "Relation Name": "title", "Alias": "t", "Startup Cost": 0.0, "Total Cost": 66389.89, "Plan Rows": 1748840, "Plan Width": 21, "Filter": "(production_year > 1990), (LLVM Optimized)"}]}]}, {"Node Type": "Index Scan", "Parent Relationship": "Inner", "Scan Direction": "Forward", "Index Name": "movie_id_movie_info", "Relation Name": "movie_info", "Alias": "mi", "Startup Cost": 0.0, "Total Cost": 0.88, "Plan Rows": 1, "Plan Width": 8, "Index Cond": "(movie_id = t.id)", "Filter": "((info)::text = ANY ('{Sweden,Norway,Germany,Denmark,Swedish,Denish,Norwegian,German,USA,American}'::text[]))"}]}, {"Node Type": "Hash", "Parent Relationship": "Inner", "Startup Cost": 2.12, "Total Cost": 2.12, "Plan Rows": 112, "Plan Width": 4, "Plans": [{"Node Type": "Index Only Scan", "Parent Relationship": "Outer", "Scan Direction": "Forward", "Index Name": "info_type_pkey", "Relation Name": "info_type", "Alias": "it", "Startup Cost": 0.0, "Total Cost": 2.12, "Plan Rows": 112, "Plan Width": 4}]}]}]}, "Unique SQL Id": 322094867}, "explain_analyze_plan": {"Plan": {"Node Type": "Aggregate", "Strategy": "Plain", "Startup Cost": 413659.37, "Total Cost": 413659.38, "Plan Rows": 1, "Plan Width": 49, "Actual Startup Time": 2764.239, "Actual Total Time": 2764.24, "Actual Rows": 1, "Actual Loops": 1, "Plans": [{"Node Type": "Hash Join", "Parent Relationship": "Outer", "Join Type": "Inner", "Startup Cost": 88254.96, "Total Cost": 412831.75, "Plan Rows": 331050, "Plan Width": 17, "Actual Startup Time": 2413.46, "Actual Total Time": 2763.712, "Actual Rows": 669, "Actual Loops": 1, "Inner Unique": true, "Hash Cond": "(mi.info_type_id = it.id), (LLVM Optimized, Jit Execute)", "Plans": [{"Node Type": "Nested Loop", "Parent Relationship": "Outer", "Join Type": "Inner", "Startup Cost": 88251.44, "Total Cost": 408458.37, "Plan Rows": 331050, "Plan Width": 21, "Actual Startup Time": 2413.334, "Actual Total Time": 2763.207, "Actual Rows": 669, "Actual Loops": 1, "Inner Unique": false, "Plans": [{"Node Type": "Hash Join", "Parent Relationship": "Outer", "Join Type": "Inner", "Startup Cost": 88251.44, "Total Cost": 149940.3, "Plan Rows": 289936, "Plan Width": 25, "Actual Startup Time": 2413.245, "Actual Total Time": 2741.677, "Actual Rows": 767, "Actual Loops": 1, "Inner Unique": true, "Hash Cond": "(mc.movie_id = t.id), (LLVM Optimized, Jit Execute)", "Plans": [{"Node Type": "Hash Join", "Parent Relationship": "Outer", "Join Type": "Inner", "Startup Cost": 1.05, "Total Cost": 58005.76, "Plan Rows": 209278, "Plan Width": 4, "Actual Startup Time": 896.76, "Actual Total Time": 1224.574, "Actual Rows": 798, "Actual Loops": 1, "Inner Unique": true, "Hash Cond": "(mc.company_type_id = ct.id), (LLVM Optimized, Jit Execute)", "Plans": [{"Node Type": "Seq Scan", "Parent Relationship": "Outer", "Relation Name": "movie_companies", "Alias": "mc", "Startup Cost": 0.0, "Total Cost": 54862.92, "Plan Rows": 418557, "Plan Width": 8, "Actual Startup Time": 0.041, "Actual Total Time": 1170.324, "Actual Rows": 295628, "Actual Loops": 1, "Filter": "(((note)::text !~~ '%(TV)%'::text) AND ((note)::text ~~ '%(USA)%'::text)), (LLVM Optimized, Jit Execute)", "Rows Removed by Filter": 2313500}, {"Node Type": "Hash", "Parent Relationship": "Inner", "Startup Cost": 1.04, "Total Cost": 1.04, "Plan Rows": 1, "Plan Width": 4, "Actual Startup Time": 0.013, "Actual Total Time": 0.013, "Actual Rows": 1, "Actual Loops": 1, "Hash Buckets": 32768, "Hash Batches": 1, "Original Hash Batches": 1, "Peak Memory Usage": 1, "Plans": [{"Node Type": "Seq Scan", "Parent Relationship": "Outer", "Relation Name": "company_type", "Alias": "ct", "Startup Cost": 0.0, "Total Cost": 1.04, "Plan Rows": 1, "Plan Width": 4, "Actual Startup Time": 0.007, "Actual Total Time": 0.009, "Actual Rows": 1, "Actual Loops": 1, "Filter": "((kind)::text = 'production companies'::text)", "Rows Removed by Filter": 2}]}]}, {"Node Type": "Hash", "Parent Relationship": "Inner", "Startup Cost": 66389.89, "Total Cost": 66389.89, "Plan Rows": 1748840, "Plan Width": 21, "Actual Startup Time": 1515.129, "Actual Total Time": 1515.129, "Actual Rows": 1749032, "Actual Loops": 1, "Hash Buckets": 2097152, "Hash Batches": 1, "Original Hash Batches": 1, "Peak Memory Usage": 93635, "Plans": [{"Node Type": "Seq Scan", "Parent Relationship": "Outer", "Relation Name": "title", "Alias": "t", "Startup Cost": 0.0, "Total Cost": 66389.89, "Plan Rows": 1748840, "Plan Width": 21, "Actual Startup Time": 0.047, "Actual Total Time": 897.982, "Actual Rows": 1749032, "Actual Loops": 1, "Filter": "(production_year > 1990), (LLVM Optimized, Jit Execute)", "Rows Removed by Filter": 779279}]}]}, {"Node Type": "Index Scan", "Parent Relationship": "Inner", "Scan Direction": "Forward", "Index Name": "movie_id_movie_info", "Relation Name": "movie_info", "Alias": "mi", "Startup Cost": 0.0, "Total Cost": 0.88, "Plan Rows": 1, "Plan Width": 8, "Actual Startup Time": 15.943, "Actual Total Time": 18.242, "Actual Rows": 669, "Actual Loops": 767, "Index Cond": "(movie_id = t.id)", "Rows Removed by Index Recheck": 0, "Filter": "((info)::text = ANY ('{Sweden,Norway,Germany,Denmark,Swedish,Denish,Norwegian,German,USA,American}'::text[]))", "Rows Removed by Filter": 7721}]}, {"Node Type": "Hash", "Parent Relationship": "Inner", "Startup Cost": 2.12, "Total Cost": 2.12, "Plan Rows": 112, "Plan Width": 4, "Actual Startup Time": 0.075, "Actual Total Time": 0.075, "Actual Rows": 112, "Actual Loops": 1, "Hash Buckets": 32768, "Hash Batches": 1, "Original Hash Batches": 1, "Peak Memory Usage": 4, "Plans": [{"Node Type": "Index Only Scan", "Parent Relationship": "Outer", "Scan Direction": "Forward", "Index Name": "info_type_pkey", "Relation Name": "info_type", "Alias": "it", "Startup Cost": 0.0, "Total Cost": 2.12, "Plan Rows": 112, "Plan Width": 4, "Actual Startup Time": 0.015, "Actual Total Time": 0.036, "Actual Rows": 112, "Actual Loops": 1, "Heap Fetches": 0}]}]}]}, "Triggers": [], "Planner Runtime": 11.615, "Total Runtime": 2774.343, "Unique SQL Id": 322094867}}, "(1, 73)": {"explain_plan": {"Plan": {"Node Type": "Aggregate", "Strategy": "Plain", "Startup Cost": 472671.15, "Total Cost": 472671.16, "Plan Rows": 1, "Plan Width": 49, "Plans": [{"Node Type": "Hash Join", "Parent Relationship": "Outer", "Join Type": "Inner", "Startup Cost": 11.33, "Total Cost": 471843.53, "Plan Rows": 331050, "Plan Width": 17, "Inner Unique": true, "Hash Cond": "(mi.info_type_id = it.id), (LLVM Optimized)", "Plans": [{"Node Type": "Nested Loop", "Parent Relationship": "Outer", "Join Type": "Inner", "Startup Cost": 0.0, "Total Cost": 467462.34, "Plan Rows": 331050, "Plan Width": 21, "Inner Unique": false, "Plans": [{"Node Type": "Nested Loop", "Parent Relationship": "Outer", "Join Type": "Inner", "Startup Cost": 0.0, "Total Cost": 208944.27, "Plan Rows": 289936, "Plan Width": 25, "Inner Unique": true, "Plans": [{"Node Type": "Nested Loop", "Parent Relationship": "Outer", "Join Type": "Inner", "Startup Cost": 0.0, "Total Cost": 61745.44, "Plan Rows": 209278, "Plan Width": 4, "Inner Unique": false, "Plans": [{"Node Type": "Index Scan", "Parent Relationship": "Outer", "Scan Direction": "Forward", "Index Name": "company_type_pkey", "Relation Name": "company_type", "Alias": "ct", "Startup Cost": 0.0, "Total Cost": 12.3, "Plan Rows": 1, "Plan Width": 4, "Filter": "((kind)::text = 'production companies'::text)"}, {"Node Type": "Index Scan", "Parent Relationship": "Inner", "Scan Direction": "Forward", "Index Name": "company_type_id_movie_companies", "Relation Name": "movie_companies", "Alias": "mc", "Startup Cost": 0.0, "Total Cost": 59640.35, "Plan Rows": 209279, "Plan Width": 8, "Index Cond": "(company_type_id = ct.id), (LLVM Optimized)", "Filter": "(((note)::text !~~ '%(TV)%'::text) AND ((note)::text ~~ '%(USA)%'::text)), (LLVM Optimized)"}]}, {"Node Type": "Index Scan", "Parent Relationship": "Inner", "Scan Direction": "Forward", "Index Name": "title_pkey", "Relation Name": "title", "Alias": "t", "Startup Cost": 0.0, "Total Cost": 0.69, "Plan Rows": 1, "Plan Width": 21, "Index Cond": "(id = mc.movie_id)", "Filter": "(production_year > 1990)"}]}, {"Node Type": "Index Scan", "Parent Relationship": "Inner", "Scan Direction": "Forward", "Index Name": "movie_id_movie_info", "Relation Name": "movie_info", "Alias": "mi", "Startup Cost": 0.0, "Total Cost": 0.88, "Plan Rows": 1, "Plan Width": 8, "Index Cond": "(movie_id = t.id)", "Filter": "((info)::text = ANY ('{Sweden,Norway,Germany,Denmark,Swedish,Denish,Norwegian,German,USA,American}'::text[]))"}]}, {"Node Type": "Hash", "Parent Relationship": "Inner", "Startup Cost": 9.93, "Total Cost": 9.93, "Plan Rows": 112, "Plan Width": 4, "Plans": [{"Node Type": "Index Only Scan", "Parent Relationship": "Outer", "Scan Direction": "Forward", "Index Name": "info_type_pkey", "Relation Name": "info_type", "Alias": "it", "Startup Cost": 0.0, "Total Cost": 9.93, "Plan Rows": 112, "Plan Width": 4}]}]}]}, "Unique SQL Id": 322094867}, "explain_analyze_plan": {"Plan": {"Node Type": "Aggregate", "Strategy": "Plain", "Startup Cost": 472671.15, "Total Cost": 472671.16, "Plan Rows": 1, "Plan Width": 49, "Actual Startup Time": 745.188, "Actual Total Time": 745.188, "Actual Rows": 1, "Actual Loops": 1, "Plans": [{"Node Type": "Hash Join", "Parent Relationship": "Outer", "Join Type": "Inner", "Startup Cost": 11.33, "Total Cost": 471843.53, "Plan Rows": 331050, "Plan Width": 17, "Actual Startup Time": 8.689, "Actual Total Time": 744.677, "Actual Rows": 669, "Actual Loops": 1, "Inner Unique": true, "Hash Cond": "(mi.info_type_id = it.id), (LLVM Optimized, Jit Execute)", "Plans": [{"Node Type": "Nested Loop", "Parent Relationship": "Outer", "Join Type": "Inner", "Startup Cost": 0.0, "Total Cost": 467462.34, "Plan Rows": 331050, "Plan Width": 21, "Actual Startup Time": 8.562, "Actual Total Time": 744.098, "Actual Rows": 669, "Actual Loops": 1, "Inner Unique": false, "Plans": [{"Node Type": "Nested Loop", "Parent Relationship": "Outer", "Join Type": "Inner", "Startup Cost": 0.0, "Total Cost": 208944.27, "Plan Rows": 289936, "Plan Width": 25, "Actual Startup Time": 8.544, "Actual Total Time": 716.894, "Actual Rows": 767, "Actual Loops": 1, "Inner Unique": true, "Plans": [{"Node Type": "Nested Loop", "Parent Relationship": "Outer", "Join Type": "Inner", "Startup Cost": 0.0, "Total Cost": 61745.44, "Plan Rows": 209278, "Plan Width": 4, "Actual Startup Time": 8.524, "Actual Total Time": 709.44, "Actual Rows": 798, "Actual Loops": 1, "Inner Unique": false, "Plans": [{"Node Type": "Index Scan", "Parent Relationship": "Outer", "Scan Direction": "Forward", "Index Name": "company_type_pkey", "Relation Name": "company_type", "Alias": "ct", "Startup Cost": 0.0, "Total Cost": 12.3, "Plan Rows": 1, "Plan Width": 4, "Actual Startup Time": 0.024, "Actual Total Time": 0.033, "Actual Rows": 1, "Actual Loops": 1, "Filter": "((kind)::text = 'production companies'::text)", "Rows Removed by Filter": 2}, {"Node Type": "Index Scan", "Parent Relationship": "Inner", "Scan Direction": "Forward", "Index Name": "company_type_id_movie_companies", "Relation Name": "movie_companies", "Alias": "mc", "Startup Cost": 0.0, "Total Cost": 59640.35, "Plan Rows": 209279, "Plan Width": 8, "Actual Startup Time": 8.495, "Actual Total Time": 709.163, "Actual Rows": 798, "Actual Loops": 1, "Index Cond": "(company_type_id = ct.id), (LLVM Optimized, Jit Execute)", "Rows Removed by Index Recheck": 0, "Filter": "(((note)::text !~~ '%(TV)%'::text) AND ((note)::text ~~ '%(USA)%'::text)), (LLVM Optimized, Jit Execute)", "Rows Removed by Filter": 1334085}]}, {"Node Type": "Index Scan", "Parent Relationship": "Inner", "Scan Direction": "Forward", "Index Name": "title_pkey", "Relation Name": "title", "Alias": "t", "Startup Cost": 0.0, "Total Cost": 0.69, "Plan Rows": 1, "Plan Width": 21, "Actual Startup Time": 6.559, "Actual Total Time": 6.559, "Actual Rows": 767, "Actual Loops": 798, "Index Cond": "(id = mc.movie_id)", "Rows Removed by Index Recheck": 0, "Filter": "(production_year > 1990)", "Rows Removed by Filter": 31}]}, {"Node Type": "Index Scan", "Parent Relationship": "Inner", "Scan Direction": "Forward", "Index Name": "movie_id_movie_info", "Relation Name": "movie_info", "Alias": "mi", "Startup Cost": 0.0, "Total Cost": 0.88, "Plan Rows": 1, "Plan Width": 8, "Actual Startup Time": 23.438, "Actual Total Time": 26.533, "Actual Rows": 669, "Actual Loops": 767, "Index Cond": "(movie_id = t.id)", "Rows Removed by Index Recheck": 0, "Filter": "((info)::text = ANY ('{Sweden,Norway,Germany,Denmark,Swedish,Denish,Norwegian,German,USA,American}'::text[]))", "Rows Removed by Filter": 7721}]}, {"Node Type": "Hash", "Parent Relationship": "Inner", "Startup Cost": 9.93, "Total Cost": 9.93, "Plan Rows": 112, "Plan Width": 4, "Actual Startup Time": 0.072, "Actual Total Time": 0.072, "Actual Rows": 112, "Actual Loops": 1, "Hash Buckets": 32768, "Hash Batches": 1, "Original Hash Batches": 1, "Peak Memory Usage": 4, "Plans": [{"Node Type": "Index Only Scan", "Parent Relationship": "Outer", "Scan Direction": "Forward", "Index Name": "info_type_pkey", "Relation Name": "info_type", "Alias": "it", "Startup Cost": 0.0, "Total Cost": 9.93, "Plan Rows": 112, "Plan Width": 4, "Actual Startup Time": 0.012, "Actual Total Time": 0.036, "Actual Rows": 112, "Actual Loops": 1, "Heap Fetches": 0}]}]}]}, "Triggers": [], "Planner Runtime": 7.504, "Total Runtime": 754.796, "Unique SQL Id": 322094867}}, "(1, 74)": {"explain_plan": {"Plan": {"Node Type": "Aggregate", "Strategy": "Plain", "Startup Cost": 646202.08, "Total Cost": 646202.09, "Plan Rows": 1, "Plan Width": 49, "Plans": [{"Node Type": "Hash Join", "Parent Relationship": "Outer", "Join Type": "Inner", "Startup Cost": 153568.02, "Total Cost": 645374.46, "Plan Rows": 331050, "Plan Width": 17, "Inner Unique": true, "Hash Cond": "(mi.info_type_id = it.id), (LLVM Optimized)", "Plans": [{"Node Type": "Hash Join", "Parent Relationship": "Outer", "Join Type": "Inner", "Startup Cost": 153564.5, "Total Cost": 640819.0, "Plan Rows": 331050, "Plan Width": 21, "Inner Unique": false, "Hash Cond": "(mi.movie_id = t.id), (LLVM Optimized)", "Plans": [{"Node Type": "Seq Scan", "Parent Relationship": "Outer", "Relation Name": "movie_info", "Alias": "mi", "Startup Cost": 0.0, "Total Cost": 482862.23, "Plan Rows": 726375, "Plan Width": 8, "Filter": "((info)::text = ANY ('{Sweden,Norway,Germany,Denmark,Swedish,Denish,Norwegian,German,USA,American}'::text[]))"}, {"Node Type": "Hash", "Parent Relationship": "Inner", "Startup Cost": 149940.3, "Total Cost": 149940.3, "Plan Rows": 289936, "Plan Width": 25, "Plans": [{"Node Type": "Hash Join", "Parent Relationship": "Outer", "Join Type": "Inner", "Startup Cost": 88251.44, "Total Cost": 149940.3, "Plan Rows": 289936, "Plan Width": 25, "Inner Unique": true, "Hash Cond": "(mc.movie_id = t.id), (LLVM Optimized)", "Plans": [{"Node Type": "Hash Join", "Parent Relationship": "Outer", "Join Type": "Inner", "Startup Cost": 1.05, "Total Cost": 58005.76, "Plan Rows": 209278, "Plan Width": 4, "Inner Unique": true, "Hash Cond": "(mc.company_type_id = ct.id), (LLVM Optimized)", "Plans": [{"Node Type": "Seq Scan", "Parent Relationship": "Outer", "Relation Name": "movie_companies", "Alias": "mc", "Startup Cost": 0.0, "Total Cost": 54862.92, "Plan Rows": 418557, "Plan Width": 8, "Filter": "(((note)::text !~~ '%(TV)%'::text) AND ((note)::text ~~ '%(USA)%'::text)), (LLVM Optimized)"}, {"Node Type": "Hash", "Parent Relationship": "Inner", "Startup Cost": 1.04, "Total Cost": 1.04, "Plan Rows": 1, "Plan Width": 4, "Plans": [{"Node Type": "Seq Scan", "Parent Relationship": "Outer", "Relation Name": "company_type", "Alias": "ct", "Startup Cost": 0.0, "Total Cost": 1.04, "Plan Rows": 1, "Plan Width": 4, "Filter": "((kind)::text = 'production companies'::text)"}]}]}, {"Node Type": "Hash", "Parent Relationship": "Inner", "Startup Cost": 66389.89, "Total Cost": 66389.89, "Plan Rows": 1748840, "Plan Width": 21, "Plans": [{"Node Type": "Seq Scan", "Parent Relationship": "Outer", "Relation Name": "title", "Alias": "t", "Startup Cost": 0.0, "Total Cost": 66389.89, "Plan Rows": 1748840, "Plan Width": 21, "Filter": "(production_year > 1990), (LLVM Optimized)"}]}]}]}]}, {"Node Type": "Hash", "Parent Relationship": "Inner", "Startup Cost": 2.12, "Total Cost": 2.12, "Plan Rows": 112, "Plan Width": 4, "Plans": [{"Node Type": "Seq Scan", "Parent Relationship": "Outer", "Relation Name": "info_type", "Alias": "it", "Startup Cost": 0.0, "Total Cost": 2.12, "Plan Rows": 112, "Plan Width": 4}]}]}]}, "Unique SQL Id": 322094867}, "explain_analyze_plan": null}, "(1, 75)": {"explain_plan": {"Plan": {"Node Type": "Aggregate", "Strategy": "Plain", "Startup Cost": 4999016304359.37, "Total Cost": 4999016304359.38, "Plan Rows": 1, "Plan Width": 49, "Plans": [{"Node Type": "Hash Join", "Parent Relationship": "Outer", "Join Type": "Inner", "Startup Cost": 2030041467581.55, "Total Cost": 4999016303531.75, "Plan Rows": 331050, "Plan Width": 17, "Inner Unique": true, "Hash Cond": "(mi.info_type_id = it.id), (LLVM Optimized)", "Plans": [{"Node Type": "Hash Join", "Parent Relationship": "Outer", "Join Type": "Inner", "Startup Cost": 1030041466587.15, "Total Cost": 3999016297985.41, "Plan Rows": 331050, "Plan Width": 21, "Inner Unique": true, "Hash Cond": "(mc.company_type_id = ct.id), (LLVM Optimized)", "Plans": [{"Node Type": "Merge Join", "Parent Relationship": "Outer", "Join Type": "Inner", "Startup Cost": 30041465356.89, "Total Cost": 2999016291785.23, "Plan Rows": 662103, "Plan Width": 25, "Inner Unique": true, "Merge Cond": "(mi.movie_id = t.id)", "Plans": [{"Node Type": "Merge Join", "Parent Relationship": "Outer", "Join Type": "Inner", "Startup Cost": 20016557124.84, "Total Cost": 1999706028641.27, "Plan Rows": 477912, "Plan Width": 16, "Inner Unique": false, "Merge Cond": "(mc.movie_id = mi.movie_id)", "Plans": [{"Node Type": "Index Scan", "Parent Relationship": "Outer", "Scan Direction": "Forward", "Index Name": "movie_id_movie_companies", "Relation Name": "movie_companies", "Alias": "mc", "Startup Cost": 10000000000.0, "Total Cost": 1000014356510.13, "Plan Rows": 418557, "Plan Width": 8, "Filter": "(((note)::text !~~ '%(TV)%'::text) AND ((note)::text ~~ '%(USA)%'::text)), (LLVM Optimized)"}, {"Node Type": "Index Scan", "Parent Relationship": "Inner", "Scan Direction": "Forward", "Index Name": "movie_id_movie_info", "Relation Name": "movie_info", "Alias": "mi", "Startup Cost": 10000000000.0, "Total Cost": 1000122404369.72, "Plan Rows": 726375, "Plan Width": 8, "Filter": "((info)::text = ANY ('{Sweden,Norway,Germany,Denmark,Swedish,Denish,Norwegian,German,USA,American}'::text[]))"}]}, {"Node Type": "Index Scan", "Parent Relationship": "Inner", "Scan Direction": "Forward", "Index Name": "title_pkey", "Relation Name": "title", "Alias": "t", "Startup Cost": 10000000000.0, "Total Cost": 1000011644126.66, "Plan Rows": 1748840, "Plan Width": 21, "Filter": "(production_year > 1990), (LLVM Optimized)"}]}, {"Node Type": "Hash", "Parent Relationship": "Inner", "Startup Cost": 1000000001230.25, "Total Cost": 1000000001230.25, "Plan Rows": 1, "Plan Width": 4, "Plans": [{"Node Type": "Index Scan", "Parent Relationship": "Outer", "Scan Direction": "Forward", "Index Name": "company_type_pkey", "Relation Name": "company_type", "Alias": "ct", "Startup Cost": 10000000000.0, "Total Cost": 1000000001230.25, "Plan Rows": 1, "Plan Width": 4, "Filter": "((kind)::text = 'production companies'::text)"}]}]}, {"Node Type": "Hash", "Parent Relationship": "Inner", "Startup Cost": 1000000000993.0, "Total Cost": 1000000000993.0, "Plan Rows": 112, "Plan Width": 4, "Plans": [{"Node Type": "Index Only Scan", "Parent Relationship": "Outer", "Scan Direction": "Forward", "Index Name": "info_type_pkey", "Relation Name": "info_type", "Alias": "it", "Startup Cost": 10000000000.0, "Total Cost": 1000000000993.0, "Plan Rows": 112, "Plan Width": 4}]}]}]}, "Unique SQL Id": 322094867}, "explain_analyze_plan": null}, "(1, 76)": {"explain_plan": {"Plan": {"Node Type": "Aggregate", "Strategy": "Plain", "Startup Cost": 413659.37, "Total Cost": 413659.38, "Plan Rows": 1, "Plan Width": 49, "Plans": [{"Node Type": "Hash Join", "Parent Relationship": "Outer", "Join Type": "Inner", "Startup Cost": 88254.96, "Total Cost": 412831.75, "Plan Rows": 331050, "Plan Width": 17, "Inner Unique": true, "Hash Cond": "(mi.info_type_id = it.id), (LLVM Optimized)", "Plans": [{"Node Type": "Nested Loop", "Parent Relationship": "Outer", "Join Type": "Inner", "Startup Cost": 88251.44, "Total Cost": 408458.37, "Plan Rows": 331050, "Plan Width": 21, "Inner Unique": false, "Plans": [{"Node Type": "Hash Join", "Parent Relationship": "Outer", "Join Type": "Inner", "Startup Cost": 88251.44, "Total Cost": 149940.3, "Plan Rows": 289936, "Plan Width": 25, "Inner Unique": true, "Hash Cond": "(mc.movie_id = t.id), (LLVM Optimized)", "Plans": [{"Node Type": "Hash Join", "Parent Relationship": "Outer", "Join Type": "Inner", "Startup Cost": 1.05, "Total Cost": 58005.76, "Plan Rows": 209278, "Plan Width": 4, "Inner Unique": true, "Hash Cond": "(mc.company_type_id = ct.id), (LLVM Optimized)", "Plans": [{"Node Type": "Seq Scan", "Parent Relationship": "Outer", "Relation Name": "movie_companies", "Alias": "mc", "Startup Cost": 0.0, "Total Cost": 54862.92, "Plan Rows": 418557, "Plan Width": 8, "Filter": "(((note)::text !~~ '%(TV)%'::text) AND ((note)::text ~~ '%(USA)%'::text)), (LLVM Optimized)"}, {"Node Type": "Hash", "Parent Relationship": "Inner", "Startup Cost": 1.04, "Total Cost": 1.04, "Plan Rows": 1, "Plan Width": 4, "Plans": [{"Node Type": "Seq Scan", "Parent Relationship": "Outer", "Relation Name": "company_type", "Alias": "ct", "Startup Cost": 0.0, "Total Cost": 1.04, "Plan Rows": 1, "Plan Width": 4, "Filter": "((kind)::text = 'production companies'::text)"}]}]}, {"Node Type": "Hash", "Parent Relationship": "Inner", "Startup Cost": 66389.89, "Total Cost": 66389.89, "Plan Rows": 1748840, "Plan Width": 21, "Plans": [{"Node Type": "Seq Scan", "Parent Relationship": "Outer", "Relation Name": "title", "Alias": "t", "Startup Cost": 0.0, "Total Cost": 66389.89, "Plan Rows": 1748840, "Plan Width": 21, "Filter": "(production_year > 1990), (LLVM Optimized)"}]}]}, {"Node Type": "Index Scan", "Parent Relationship": "Inner", "Scan Direction": "Forward", "Index Name": "movie_id_movie_info", "Relation Name": "movie_info", "Alias": "mi", "Startup Cost": 0.0, "Total Cost": 0.88, "Plan Rows": 1, "Plan Width": 8, "Index Cond": "(movie_id = t.id)", "Filter": "((info)::text = ANY ('{Sweden,Norway,Germany,Denmark,Swedish,Denish,Norwegian,German,USA,American}'::text[]))"}]}, {"Node Type": "Hash", "Parent Relationship": "Inner", "Startup Cost": 2.12, "Total Cost": 2.12, "Plan Rows": 112, "Plan Width": 4, "Plans": [{"Node Type": "Seq Scan", "Parent Relationship": "Outer", "Relation Name": "info_type", "Alias": "it", "Startup Cost": 0.0, "Total Cost": 2.12, "Plan Rows": 112, "Plan Width": 4}]}]}]}, "Unique SQL Id": 322094867}, "explain_analyze_plan": {"Plan": {"Node Type": "Aggregate", "Strategy": "Plain", "Startup Cost": 413659.37, "Total Cost": 413659.38, "Plan Rows": 1, "Plan Width": 49, "Actual Startup Time": 2847.577, "Actual Total Time": 2847.578, "Actual Rows": 1, "Actual Loops": 1, "Plans": [{"Node Type": "Hash Join", "Parent Relationship": "Outer", "Join Type": "Inner", "Startup Cost": 88254.96, "Total Cost": 412831.75, "Plan Rows": 331050, "Plan Width": 17, "Actual Startup Time": 2465.807, "Actual Total Time": 2847.12, "Actual Rows": 669, "Actual Loops": 1, "Inner Unique": true, "Hash Cond": "(mi.info_type_id = it.id), (LLVM Optimized, Jit Execute)", "Plans": [{"Node Type": "Nested Loop", "Parent Relationship": "Outer", "Join Type": "Inner", "Startup Cost": 88251.44, "Total Cost": 408458.37, "Plan Rows": 331050, "Plan Width": 21, "Actual Startup Time": 2465.668, "Actual Total Time": 2846.565, "Actual Rows": 669, "Actual Loops": 1, "Inner Unique": false, "Plans": [{"Node Type": "Hash Join", "Parent Relationship": "Outer", "Join Type": "Inner", "Startup Cost": 88251.44, "Total Cost": 149940.3, "Plan Rows": 289936, "Plan Width": 25, "Actual Startup Time": 2465.603, "Actual Total Time": 2813.818, "Actual Rows": 767, "Actual Loops": 1, "Inner Unique": true, "Hash Cond": "(mc.movie_id = t.id), (LLVM Optimized, Jit Execute)", "Plans": [{"Node Type": "Hash Join", "Parent Relationship": "Outer", "Join Type": "Inner", "Startup Cost": 1.05, "Total Cost": 58005.76, "Plan Rows": 209278, "Plan Width": 4, "Actual Startup Time": 860.961, "Actual Total Time": 1208.39, "Actual Rows": 798, "Actual Loops": 1, "Inner Unique": true, "Hash Cond": "(mc.company_type_id = ct.id), (LLVM Optimized, Jit Execute)", "Plans": [{"Node Type": "Seq Scan", "Parent Relationship": "Outer", "Relation Name": "movie_companies", "Alias": "mc", "Startup Cost": 0.0, "Total Cost": 54862.92, "Plan Rows": 418557, "Plan Width": 8, "Actual Startup Time": 0.048, "Actual Total Time": 1154.522, "Actual Rows": 295628, "Actual Loops": 1, "Filter": "(((note)::text !~~ '%(TV)%'::text) AND ((note)::text ~~ '%(USA)%'::text)), (LLVM Optimized, Jit Execute)", "Rows Removed by Filter": 2313500}, {"Node Type": "Hash", "Parent Relationship": "Inner", "Startup Cost": 1.04, "Total Cost": 1.04, "Plan Rows": 1, "Plan Width": 4, "Actual Startup Time": 0.012, "Actual Total Time": 0.012, "Actual Rows": 1, "Actual Loops": 1, "Hash Buckets": 32768, "Hash Batches": 1, "Original Hash Batches": 1, "Peak Memory Usage": 1, "Plans": [{"Node Type": "Seq Scan", "Parent Relationship": "Outer", "Relation Name": "company_type", "Alias": "ct", "Startup Cost": 0.0, "Total Cost": 1.04, "Plan Rows": 1, "Plan Width": 4, "Actual Startup Time": 0.006, "Actual Total Time": 0.007, "Actual Rows": 1, "Actual Loops": 1, "Filter": "((kind)::text = 'production companies'::text)", "Rows Removed by Filter": 2}]}]}, {"Node Type": "Hash", "Parent Relationship": "Inner", "Startup Cost": 66389.89, "Total Cost": 66389.89, "Plan Rows": 1748840, "Plan Width": 21, "Actual Startup Time": 1603.236, "Actual Total Time": 1603.236, "Actual Rows": 1749032, "Actual Loops": 1, "Hash Buckets": 2097152, "Hash Batches": 1, "Original Hash Batches": 1, "Peak Memory Usage": 93635, "Plans": [{"Node Type": "Seq Scan", "Parent Relationship": "Outer", "Relation Name": "title", "Alias": "t", "Startup Cost": 0.0, "Total Cost": 66389.89, "Plan Rows": 1748840, "Plan Width": 21, "Actual Startup Time": 0.043, "Actual Total Time": 924.726, "Actual Rows": 1749032, "Actual Loops": 1, "Filter": "(production_year > 1990), (LLVM Optimized, Jit Execute)", "Rows Removed by Filter": 779279}]}]}, {"Node Type": "Index Scan", "Parent Relationship": "Inner", "Scan Direction": "Forward", "Index Name": "movie_id_movie_info", "Relation Name": "movie_info", "Alias": "mi", "Startup Cost": 0.0, "Total Cost": 0.88, "Plan Rows": 1, "Plan Width": 8, "Actual Startup Time": 25.446, "Actual Total Time": 28.771, "Actual Rows": 669, "Actual Loops": 767, "Index Cond": "(movie_id = t.id)", "Rows Removed by Index Recheck": 0, "Filter": "((info)::text = ANY ('{Sweden,Norway,Germany,Denmark,Swedish,Denish,Norwegian,German,USA,American}'::text[]))", "Rows Removed by Filter": 7721}]}, {"Node Type": "Hash", "Parent Relationship": "Inner", "Startup Cost": 2.12, "Total Cost": 2.12, "Plan Rows": 112, "Plan Width": 4, "Actual Startup Time": 0.092, "Actual Total Time": 0.092, "Actual Rows": 112, "Actual Loops": 1, "Hash Buckets": 32768, "Hash Batches": 1, "Original Hash Batches": 1, "Peak Memory Usage": 4, "Plans": [{"Node Type": "Seq Scan", "Parent Relationship": "Outer", "Relation Name": "info_type", "Alias": "it", "Startup Cost": 0.0, "Total Cost": 2.12, "Plan Rows": 112, "Plan Width": 4, "Actual Startup Time": 0.024, "Actual Total Time": 0.044, "Actual Rows": 112, "Actual Loops": 1}]}]}]}, "Triggers": [], "Planner Runtime": 11.646, "Total Runtime": 2857.721, "Unique SQL Id": 322094867}}, "(1, 77)": {"explain_plan": {"Plan": {"Node Type": "Aggregate", "Strategy": "Plain", "Startup Cost": 472675.15, "Total Cost": 472675.16, "Plan Rows": 1, "Plan Width": 49, "Plans": [{"Node Type": "Hash Join", "Parent Relationship": "Outer", "Join Type": "Inner", "Startup Cost": 15.33, "Total Cost": 471847.53, "Plan Rows": 331050, "Plan Width": 17, "Inner Unique": true, "Hash Cond": "(mi.info_type_id = it.id), (LLVM Optimized)", "Plans": [{"Node Type": "Nested Loop", "Parent Relationship": "Outer", "Join Type": "Inner", "Startup Cost": 0.0, "Total Cost": 467462.34, "Plan Rows": 331050, "Plan Width": 21, "Inner Unique": false, "Plans": [{"Node Type": "Nested Loop", "Parent Relationship": "Outer", "Join Type": "Inner", "Startup Cost": 0.0, "Total Cost": 208944.27, "Plan Rows": 289936, "Plan Width": 25, "Inner Unique": true, "Plans": [{"Node Type": "Nested Loop", "Parent Relationship": "Outer", "Join Type": "Inner", "Startup Cost": 0.0, "Total Cost": 61745.44, "Plan Rows": 209278, "Plan Width": 4, "Inner Unique": false, "Plans": [{"Node Type": "Index Scan", "Parent Relationship": "Outer", "Scan Direction": "Forward", "Index Name": "company_type_pkey", "Relation Name": "company_type", "Alias": "ct", "Startup Cost": 0.0, "Total Cost": 12.3, "Plan Rows": 1, "Plan Width": 4, "Filter": "((kind)::text = 'production companies'::text)"}, {"Node Type": "Index Scan", "Parent Relationship": "Inner", "Scan Direction": "Forward", "Index Name": "company_type_id_movie_companies", "Relation Name": "movie_companies", "Alias": "mc", "Startup Cost": 0.0, "Total Cost": 59640.35, "Plan Rows": 209279, "Plan Width": 8, "Index Cond": "(company_type_id = ct.id), (LLVM Optimized)", "Filter": "(((note)::text !~~ '%(TV)%'::text) AND ((note)::text ~~ '%(USA)%'::text)), (LLVM Optimized)"}]}, {"Node Type": "Index Scan", "Parent Relationship": "Inner", "Scan Direction": "Forward", "Index Name": "title_pkey", "Relation Name": "title", "Alias": "t", "Startup Cost": 0.0, "Total Cost": 0.69, "Plan Rows": 1, "Plan Width": 21, "Index Cond": "(id = mc.movie_id)", "Filter": "(production_year > 1990)"}]}, {"Node Type": "Index Scan", "Parent Relationship": "Inner", "Scan Direction": "Forward", "Index Name": "movie_id_movie_info", "Relation Name": "movie_info", "Alias": "mi", "Startup Cost": 0.0, "Total Cost": 0.88, "Plan Rows": 1, "Plan Width": 8, "Index Cond": "(movie_id = t.id)", "Filter": "((info)::text = ANY ('{Sweden,Norway,Germany,Denmark,Swedish,Denish,Norwegian,German,USA,American}'::text[]))"}]}, {"Node Type": "Hash", "Parent Relationship": "Inner", "Startup Cost": 13.93, "Total Cost": 13.93, "Plan Rows": 112, "Plan Width": 4, "Plans": [{"Node Type": "Index Scan", "Parent Relationship": "Outer", "Scan Direction": "Forward", "Index Name": "info_type_pkey", "Relation Name": "info_type", "Alias": "it", "Startup Cost": 0.0, "Total Cost": 13.93, "Plan Rows": 112, "Plan Width": 4}]}]}]}, "Unique SQL Id": 322094867}, "explain_analyze_plan": {"Plan": {"Node Type": "Aggregate", "Strategy": "Plain", "Startup Cost": 472675.15, "Total Cost": 472675.16, "Plan Rows": 1, "Plan Width": 49, "Actual Startup Time": 797.4, "Actual Total Time": 797.4, "Actual Rows": 1, "Actual Loops": 1, "Plans": [{"Node Type": "Hash Join", "Parent Relationship": "Outer", "Join Type": "Inner", "Startup Cost": 15.33, "Total Cost": 471847.53, "Plan Rows": 331050, "Plan Width": 17, "Actual Startup Time": 10.134, "Actual Total Time": 796.963, "Actual Rows": 669, "Actual Loops": 1, "Inner Unique": true, "Hash Cond": "(mi.info_type_id = it.id), (LLVM Optimized, Jit Execute)", "Plans": [{"Node Type": "Nested Loop", "Parent Relationship": "Outer", "Join Type": "Inner", "Startup Cost": 0.0, "Total Cost": 467462.34, "Plan Rows": 331050, "Plan Width": 21, "Actual Startup Time": 9.987, "Actual Total Time": 796.334, "Actual Rows": 669, "Actual Loops": 1, "Inner Unique": false, "Plans": [{"Node Type": "Nested Loop", "Parent Relationship": "Outer", "Join Type": "Inner", "Startup Cost": 0.0, "Total Cost": 208944.27, "Plan Rows": 289936, "Plan Width": 25, "Actual Startup Time": 9.963, "Actual Total Time": 768.356, "Actual Rows": 767, "Actual Loops": 1, "Inner Unique": true, "Plans": [{"Node Type": "Nested Loop", "Parent Relationship": "Outer", "Join Type": "Inner", "Startup Cost": 0.0, "Total Cost": 61745.44, "Plan Rows": 209278, "Plan Width": 4, "Actual Startup Time": 9.942, "Actual Total Time": 760.642, "Actual Rows": 798, "Actual Loops": 1, "Inner Unique": false, "Plans": [{"Node Type": "Index Scan", "Parent Relationship": "Outer", "Scan Direction": "Forward", "Index Name": "company_type_pkey", "Relation Name": "company_type", "Alias": "ct", "Startup Cost": 0.0, "Total Cost": 12.3, "Plan Rows": 1, "Plan Width": 4, "Actual Startup Time": 0.017, "Actual Total Time": 0.026, "Actual Rows": 1, "Actual Loops": 1, "Filter": "((kind)::text = 'production companies'::text)", "Rows Removed by Filter": 2}, {"Node Type": "Index Scan", "Parent Relationship": "Inner", "Scan Direction": "Forward", "Index Name": "company_type_id_movie_companies", "Relation Name": "movie_companies", "Alias": "mc", "Startup Cost": 0.0, "Total Cost": 59640.35, "Plan Rows": 209279, "Plan Width": 8, "Actual Startup Time": 9.918, "Actual Total Time": 760.362, "Actual Rows": 798, "Actual Loops": 1, "Index Cond": "(company_type_id = ct.id), (LLVM Optimized, Jit Execute)", "Rows Removed by Index Recheck": 0, "Filter": "(((note)::text !~~ '%(TV)%'::text) AND ((note)::text ~~ '%(USA)%'::text)), (LLVM Optimized, Jit Execute)", "Rows Removed by Filter": 1334085}]}, {"Node Type": "Index Scan", "Parent Relationship": "Inner", "Scan Direction": "Forward", "Index Name": "title_pkey", "Relation Name": "title", "Alias": "t", "Startup Cost": 0.0, "Total Cost": 0.69, "Plan Rows": 1, "Plan Width": 21, "Actual Startup Time": 6.854, "Actual Total Time": 6.854, "Actual Rows": 767, "Actual Loops": 798, "Index Cond": "(id = mc.movie_id)", "Rows Removed by Index Recheck": 0, "Filter": "(production_year > 1990)", "Rows Removed by Filter": 31}]}, {"Node Type": "Index Scan", "Parent Relationship": "Inner", "Scan Direction": "Forward", "Index Name": "movie_id_movie_info", "Relation Name": "movie_info", "Alias": "mi", "Startup Cost": 0.0, "Total Cost": 0.88, "Plan Rows": 1, "Plan Width": 8, "Actual Startup Time": 24.023, "Actual Total Time": 27.225, "Actual Rows": 669, "Actual Loops": 767, "Index Cond": "(movie_id = t.id)", "Rows Removed by Index Recheck": 0, "Filter": "((info)::text = ANY ('{Sweden,Norway,Germany,Denmark,Swedish,Denish,Norwegian,German,USA,American}'::text[]))", "Rows Removed by Filter": 7721}]}, {"Node Type": "Hash", "Parent Relationship": "Inner", "Startup Cost": 13.93, "Total Cost": 13.93, "Plan Rows": 112, "Plan Width": 4, "Actual Startup Time": 0.1, "Actual Total Time": 0.1, "Actual Rows": 112, "Actual Loops": 1, "Hash Buckets": 32768, "Hash Batches": 1, "Original Hash Batches": 1, "Peak Memory Usage": 4, "Plans": [{"Node Type": "Index Scan", "Parent Relationship": "Outer", "Scan Direction": "Forward", "Index Name": "info_type_pkey", "Relation Name": "info_type", "Alias": "it", "Startup Cost": 0.0, "Total Cost": 13.93, "Plan Rows": 112, "Plan Width": 4, "Actual Startup Time": 0.013, "Actual Total Time": 0.061, "Actual Rows": 112, "Actual Loops": 1}]}]}]}, "Triggers": [], "Planner Runtime": 7.955, "Total Runtime": 807.974, "Unique SQL Id": 322094867}}, "(1, 78)": {"explain_plan": {"Plan": {"Node Type": "Aggregate", "Strategy": "Plain", "Startup Cost": 646202.08, "Total Cost": 646202.09, "Plan Rows": 1, "Plan Width": 49, "Plans": [{"Node Type": "Hash Join", "Parent Relationship": "Outer", "Join Type": "Inner", "Startup Cost": 153568.02, "Total Cost": 645374.46, "Plan Rows": 331050, "Plan Width": 17, "Inner Unique": true, "Hash Cond": "(mi.info_type_id = it.id), (LLVM Optimized)", "Plans": [{"Node Type": "Hash Join", "Parent Relationship": "Outer", "Join Type": "Inner", "Startup Cost": 153564.5, "Total Cost": 640819.0, "Plan Rows": 331050, "Plan Width": 21, "Inner Unique": false, "Hash Cond": "(mi.movie_id = t.id), (LLVM Optimized)", "Plans": [{"Node Type": "Seq Scan", "Parent Relationship": "Outer", "Relation Name": "movie_info", "Alias": "mi", "Startup Cost": 0.0, "Total Cost": 482862.23, "Plan Rows": 726375, "Plan Width": 8, "Filter": "((info)::text = ANY ('{Sweden,Norway,Germany,Denmark,Swedish,Denish,Norwegian,German,USA,American}'::text[]))"}, {"Node Type": "Hash", "Parent Relationship": "Inner", "Startup Cost": 149940.3, "Total Cost": 149940.3, "Plan Rows": 289936, "Plan Width": 25, "Plans": [{"Node Type": "Hash Join", "Parent Relationship": "Outer", "Join Type": "Inner", "Startup Cost": 88251.44, "Total Cost": 149940.3, "Plan Rows": 289936, "Plan Width": 25, "Inner Unique": true, "Hash Cond": "(mc.movie_id = t.id), (LLVM Optimized)", "Plans": [{"Node Type": "Hash Join", "Parent Relationship": "Outer", "Join Type": "Inner", "Startup Cost": 1.05, "Total Cost": 58005.76, "Plan Rows": 209278, "Plan Width": 4, "Inner Unique": true, "Hash Cond": "(mc.company_type_id = ct.id), (LLVM Optimized)", "Plans": [{"Node Type": "Seq Scan", "Parent Relationship": "Outer", "Relation Name": "movie_companies", "Alias": "mc", "Startup Cost": 0.0, "Total Cost": 54862.92, "Plan Rows": 418557, "Plan Width": 8, "Filter": "(((note)::text !~~ '%(TV)%'::text) AND ((note)::text ~~ '%(USA)%'::text)), (LLVM Optimized)"}, {"Node Type": "Hash", "Parent Relationship": "Inner", "Startup Cost": 1.04, "Total Cost": 1.04, "Plan Rows": 1, "Plan Width": 4, "Plans": [{"Node Type": "Seq Scan", "Parent Relationship": "Outer", "Relation Name": "company_type", "Alias": "ct", "Startup Cost": 0.0, "Total Cost": 1.04, "Plan Rows": 1, "Plan Width": 4, "Filter": "((kind)::text = 'production companies'::text)"}]}]}, {"Node Type": "Hash", "Parent Relationship": "Inner", "Startup Cost": 66389.89, "Total Cost": 66389.89, "Plan Rows": 1748840, "Plan Width": 21, "Plans": [{"Node Type": "Seq Scan", "Parent Relationship": "Outer", "Relation Name": "title", "Alias": "t", "Startup Cost": 0.0, "Total Cost": 66389.89, "Plan Rows": 1748840, "Plan Width": 21, "Filter": "(production_year > 1990), (LLVM Optimized)"}]}]}]}]}, {"Node Type": "Hash", "Parent Relationship": "Inner", "Startup Cost": 2.12, "Total Cost": 2.12, "Plan Rows": 112, "Plan Width": 4, "Plans": [{"Node Type": "Seq Scan", "Parent Relationship": "Outer", "Relation Name": "info_type", "Alias": "it", "Startup Cost": 0.0, "Total Cost": 2.12, "Plan Rows": 112, "Plan Width": 4}]}]}]}, "Unique SQL Id": 322094867}, "explain_analyze_plan": null}, "(1, 79)": {"explain_plan": {"Plan": {"Node Type": "Aggregate", "Strategy": "Plain", "Startup Cost": 4999016304759.37, "Total Cost": 4999016304759.38, "Plan Rows": 1, "Plan Width": 49, "Plans": [{"Node Type": "Hash Join", "Parent Relationship": "Outer", "Join Type": "Inner", "Startup Cost": 2030041467981.55, "Total Cost": 4999016303931.75, "Plan Rows": 331050, "Plan Width": 17, "Inner Unique": true, "Hash Cond": "(mi.info_type_id = it.id), (LLVM Optimized)", "Plans": [{"Node Type": "Hash Join", "Parent Relationship": "Outer", "Join Type": "Inner", "Startup Cost": 1030041466587.15, "Total Cost": 3999016297985.41, "Plan Rows": 331050, "Plan Width": 21, "Inner Unique": true, "Hash Cond": "(mc.company_type_id = ct.id), (LLVM Optimized)", "Plans": [{"Node Type": "Merge Join", "Parent Relationship": "Outer", "Join Type": "Inner", "Startup Cost": 30041465356.89, "Total Cost": 2999016291785.23, "Plan Rows": 662103, "Plan Width": 25, "Inner Unique": true, "Merge Cond": "(mi.movie_id = t.id)", "Plans": [{"Node Type": "Merge Join", "Parent Relationship": "Outer", "Join Type": "Inner", "Startup Cost": 20016557124.84, "Total Cost": 1999706028641.27, "Plan Rows": 477912, "Plan Width": 16, "Inner Unique": false, "Merge Cond": "(mc.movie_id = mi.movie_id)", "Plans": [{"Node Type": "Index Scan", "Parent Relationship": "Outer", "Scan Direction": "Forward", "Index Name": "movie_id_movie_companies", "Relation Name": "movie_companies", "Alias": "mc", "Startup Cost": 10000000000.0, "Total Cost": 1000014356510.13, "Plan Rows": 418557, "Plan Width": 8, "Filter": "(((note)::text !~~ '%(TV)%'::text) AND ((note)::text ~~ '%(USA)%'::text)), (LLVM Optimized)"}, {"Node Type": "Index Scan", "Parent Relationship": "Inner", "Scan Direction": "Forward", "Index Name": "movie_id_movie_info", "Relation Name": "movie_info", "Alias": "mi", "Startup Cost": 10000000000.0, "Total Cost": 1000122404369.72, "Plan Rows": 726375, "Plan Width": 8, "Filter": "((info)::text = ANY ('{Sweden,Norway,Germany,Denmark,Swedish,Denish,Norwegian,German,USA,American}'::text[]))"}]}, {"Node Type": "Index Scan", "Parent Relationship": "Inner", "Scan Direction": "Forward", "Index Name": "title_pkey", "Relation Name": "title", "Alias": "t", "Startup Cost": 10000000000.0, "Total Cost": 1000011644126.66, "Plan Rows": 1748840, "Plan Width": 21, "Filter": "(production_year > 1990), (LLVM Optimized)"}]}, {"Node Type": "Hash", "Parent Relationship": "Inner", "Startup Cost": 1000000001230.25, "Total Cost": 1000000001230.25, "Plan Rows": 1, "Plan Width": 4, "Plans": [{"Node Type": "Index Scan", "Parent Relationship": "Outer", "Scan Direction": "Forward", "Index Name": "company_type_pkey", "Relation Name": "company_type", "Alias": "ct", "Startup Cost": 10000000000.0, "Total Cost": 1000000001230.25, "Plan Rows": 1, "Plan Width": 4, "Filter": "((kind)::text = 'production companies'::text)"}]}]}, {"Node Type": "Hash", "Parent Relationship": "Inner", "Startup Cost": 1000000001393.0, "Total Cost": 1000000001393.0, "Plan Rows": 112, "Plan Width": 4, "Plans": [{"Node Type": "Index Scan", "Parent Relationship": "Outer", "Scan Direction": "Forward", "Index Name": "info_type_pkey", "Relation Name": "info_type", "Alias": "it", "Startup Cost": 10000000000.0, "Total Cost": 1000000001393.0, "Plan Rows": 112, "Plan Width": 4}]}]}]}, "Unique SQL Id": 322094867}, "explain_analyze_plan": null}, "(1, 80)": {"explain_plan": {"Plan": {"Node Type": "Aggregate", "Strategy": "Plain", "Startup Cost": 503598.61, "Total Cost": 503598.62, "Plan Rows": 1, "Plan Width": 49, "Plans": [{"Node Type": "Merge Join", "Parent Relationship": "Outer", "Join Type": "Inner", "Startup Cost": 497892.98, "Total Cost": 502770.99, "Plan Rows": 331050, "Plan Width": 17, "Inner Unique": false, "Merge Cond": "(it.id = mi.info_type_id)", "Plans": [{"Node Type": "Index Only Scan", "Parent Relationship": "Outer", "Scan Direction": "Forward", "Index Name": "info_type_pkey", "Relation Name": "info_type", "Alias": "it", "Startup Cost": 0.0, "Total Cost": 2.12, "Plan Rows": 112, "Plan Width": 4}, {"Node Type": "Sort", "Parent Relationship": "Inner", "Startup Cost": 497802.88, "Total Cost": 498630.5, "Plan Rows": 331050, "Plan Width": 21, "Sort Key": ["mi.info_type_id"], "Plans": [{"Node Type": "Nested Loop", "Parent Relationship": "Outer", "Join Type": "Inner", "Startup Cost": 0.0, "Total Cost": 467451.07, "Plan Rows": 331050, "Plan Width": 21, "Inner Unique": false, "Plans": [{"Node Type": "Nested Loop", "Parent Relationship": "Outer", "Join Type": "Inner", "Startup Cost": 0.0, "Total Cost": 208933.0, "Plan Rows": 289936, "Plan Width": 25, "Inner Unique": true, "Plans": [{"Node Type": "Nested Loop", "Parent Relationship": "Outer", "Join Type": "Inner", "Startup Cost": 0.0, "Total Cost": 61734.18, "Plan Rows": 209278, "Plan Width": 4, "Inner Unique": false, "Plans": [{"Node Type": "Seq Scan", "Parent Relationship": "Outer", "Relation Name": "company_type", "Alias": "ct", "Startup Cost": 0.0, "Total Cost": 1.04, "Plan Rows": 1, "Plan Width": 4, "Filter": "((kind)::text = 'production companies'::text)"}, {"Node Type": "Index Scan", "Parent Relationship": "Inner", "Scan Direction": "Forward", "Index Name": "company_type_id_movie_companies", "Relation Name": "movie_companies", "Alias": "mc", "Startup Cost": 0.0, "Total Cost": 59640.35, "Plan Rows": 209279, "Plan Width": 8, "Index Cond": "(company_type_id = ct.id), (LLVM Optimized)", "Filter": "(((note)::text !~~ '%(TV)%'::text) AND ((note)::text ~~ '%(USA)%'::text)), (LLVM Optimized)"}]}, {"Node Type": "Index Scan", "Parent Relationship": "Inner", "Scan Direction": "Forward", "Index Name": "title_pkey", "Relation Name": "title", "Alias": "t", "Startup Cost": 0.0, "Total Cost": 0.69, "Plan Rows": 1, "Plan Width": 21, "Index Cond": "(id = mc.movie_id)", "Filter": "(production_year > 1990)"}]}, {"Node Type": "Index Scan", "Parent Relationship": "Inner", "Scan Direction": "Forward", "Index Name": "movie_id_movie_info", "Relation Name": "movie_info", "Alias": "mi", "Startup Cost": 0.0, "Total Cost": 0.88, "Plan Rows": 1, "Plan Width": 8, "Index Cond": "(movie_id = t.id)", "Filter": "((info)::text = ANY ('{Sweden,Norway,Germany,Denmark,Swedish,Denish,Norwegian,German,USA,American}'::text[]))"}]}]}]}]}, "Unique SQL Id": 322094867}, "explain_analyze_plan": {"Plan": {"Node Type": "Aggregate", "Strategy": "Plain", "Startup Cost": 503598.61, "Total Cost": 503598.62, "Plan Rows": 1, "Plan Width": 49, "Actual Startup Time": 668.891, "Actual Total Time": 668.891, "Actual Rows": 1, "Actual Loops": 1, "Plans": [{"Node Type": "Merge Join", "Parent Relationship": "Outer", "Join Type": "Inner", "Startup Cost": 497892.98, "Total Cost": 502770.99, "Plan Rows": 331050, "Plan Width": 17, "Actual Startup Time": 668.428, "Actual Total Time": 668.667, "Actual Rows": 669, "Actual Loops": 1, "Inner Unique": false, "Merge Cond": "(it.id = mi.info_type_id)", "Plans": [{"Node Type": "Index Only Scan", "Parent Relationship": "Outer", "Scan Direction": "Forward", "Index Name": "info_type_pkey", "Relation Name": "info_type", "Alias": "it", "Startup Cost": 0.0, "Total Cost": 2.12, "Plan Rows": 112, "Plan Width": 4, "Actual Startup Time": 0.015, "Actual Total Time": 0.02, "Actual Rows": 18, "Actual Loops": 1, "Heap Fetches": 0}, {"Node Type": "Sort", "Parent Relationship": "Inner", "Startup Cost": 497802.88, "Total Cost": 498630.5, "Plan Rows": 331050, "Plan Width": 21, "Actual Startup Time": 668.393, "Actual Total Time": 668.468, "Actual Rows": 669, "Actual Loops": 1, "Sort Key": ["mi.info_type_id"], "Sort Method": "quicksort", "Sort Space Used": 90, "Sort Space Type": "Memory", "Plans": [{"Node Type": "Nested Loop", "Parent Relationship": "Outer", "Join Type": "Inner", "Startup Cost": 0.0, "Total Cost": 467451.07, "Plan Rows": 331050, "Plan Width": 21, "Actual Startup Time": 8.64, "Actual Total Time": 667.959, "Actual Rows": 669, "Actual Loops": 1, "Inner Unique": false, "Plans": [{"Node Type": "Nested Loop", "Parent Relationship": "Outer", "Join Type": "Inner", "Startup Cost": 0.0, "Total Cost": 208933.0, "Plan Rows": 289936, "Plan Width": 25, "Actual Startup Time": 8.619, "Actual Total Time": 649.353, "Actual Rows": 767, "Actual Loops": 1, "Inner Unique": true, "Plans": [{"Node Type": "Nested Loop", "Parent Relationship": "Outer", "Join Type": "Inner", "Startup Cost": 0.0, "Total Cost": 61734.18, "Plan Rows": 209278, "Plan Width": 4, "Actual Startup Time": 8.598, "Actual Total Time": 643.737, "Actual Rows": 798, "Actual Loops": 1, "Inner Unique": false, "Plans": [{"Node Type": "Seq Scan", "Parent Relationship": "Outer", "Relation Name": "company_type", "Alias": "ct", "Startup Cost": 0.0, "Total Cost": 1.04, "Plan Rows": 1, "Plan Width": 4, "Actual Startup Time": 0.023, "Actual Total Time": 0.03, "Actual Rows": 1, "Actual Loops": 1, "Filter": "((kind)::text = 'production companies'::text)", "Rows Removed by Filter": 2}, {"Node Type": "Index Scan", "Parent Relationship": "Inner", "Scan Direction": "Forward", "Index Name": "company_type_id_movie_companies", "Relation Name": "movie_companies", "Alias": "mc", "Startup Cost": 0.0, "Total Cost": 59640.35, "Plan Rows": 209279, "Plan Width": 8, "Actual Startup Time": 8.57, "Actual Total Time": 643.491, "Actual Rows": 798, "Actual Loops": 1, "Index Cond": "(company_type_id = ct.id), (LLVM Optimized, Jit Execute)", "Rows Removed by Index Recheck": 0, "Filter": "(((note)::text !~~ '%(TV)%'::text) AND ((note)::text ~~ '%(USA)%'::text)), (LLVM Optimized, Jit Execute)", "Rows Removed by Filter": 1334085}]}, {"Node Type": "Index Scan", "Parent Relationship": "Inner", "Scan Direction": "Forward", "Index Name": "title_pkey", "Relation Name": "title", "Alias": "t", "Startup Cost": 0.0, "Total Cost": 0.69, "Plan Rows": 1, "Plan Width": 21, "Actual Startup Time": 4.608, "Actual Total Time": 4.608, "Actual Rows": 767, "Actual Loops": 798, "Index Cond": "(id = mc.movie_id)", "Rows Removed by Index Recheck": 0, "Filter": "(production_year > 1990)", "Rows Removed by Filter": 31}]}, {"Node Type": "Index Scan", "Parent Relationship": "Inner", "Scan Direction": "Forward", "Index Name": "movie_id_movie_info", "Relation Name": "movie_info", "Alias": "mi", "Startup Cost": 0.0, "Total Cost": 0.88, "Plan Rows": 1, "Plan Width": 8, "Actual Startup Time": 15.68, "Actual Total Time": 17.929, "Actual Rows": 669, "Actual Loops": 767, "Index Cond": "(movie_id = t.id)", "Rows Removed by Index Recheck": 0, "Filter": "((info)::text = ANY ('{Sweden,Norway,Germany,Denmark,Swedish,Denish,Norwegian,German,USA,American}'::text[]))", "Rows Removed by Filter": 7721}]}]}]}]}, "Triggers": [], "Planner Runtime": 7.604, "Total Runtime": 678.367, "Unique SQL Id": 322094867}}, "(1, 81)": {"explain_plan": {"Plan": {"Node Type": "Aggregate", "Strategy": "Plain", "Startup Cost": 503617.55, "Total Cost": 503617.56, "Plan Rows": 1, "Plan Width": 49, "Plans": [{"Node Type": "Merge Join", "Parent Relationship": "Outer", "Join Type": "Inner", "Startup Cost": 497904.24, "Total Cost": 502789.92, "Plan Rows": 331050, "Plan Width": 17, "Inner Unique": false, "Merge Cond": "(it.id = mi.info_type_id)", "Plans": [{"Node Type": "Index Only Scan", "Parent Relationship": "Outer", "Scan Direction": "Forward", "Index Name": "info_type_pkey", "Relation Name": "info_type", "Alias": "it", "Startup Cost": 0.0, "Total Cost": 9.93, "Plan Rows": 112, "Plan Width": 4}, {"Node Type": "Sort", "Parent Relationship": "Inner", "Startup Cost": 497814.14, "Total Cost": 498641.77, "Plan Rows": 331050, "Plan Width": 21, "Sort Key": ["mi.info_type_id"], "Plans": [{"Node Type": "Nested Loop", "Parent Relationship": "Outer", "Join Type": "Inner", "Startup Cost": 0.0, "Total Cost": 467462.34, "Plan Rows": 331050, "Plan Width": 21, "Inner Unique": false, "Plans": [{"Node Type": "Nested Loop", "Parent Relationship": "Outer", "Join Type": "Inner", "Startup Cost": 0.0, "Total Cost": 208944.27, "Plan Rows": 289936, "Plan Width": 25, "Inner Unique": true, "Plans": [{"Node Type": "Nested Loop", "Parent Relationship": "Outer", "Join Type": "Inner", "Startup Cost": 0.0, "Total Cost": 61745.44, "Plan Rows": 209278, "Plan Width": 4, "Inner Unique": false, "Plans": [{"Node Type": "Index Scan", "Parent Relationship": "Outer", "Scan Direction": "Forward", "Index Name": "company_type_pkey", "Relation Name": "company_type", "Alias": "ct", "Startup Cost": 0.0, "Total Cost": 12.3, "Plan Rows": 1, "Plan Width": 4, "Filter": "((kind)::text = 'production companies'::text)"}, {"Node Type": "Index Scan", "Parent Relationship": "Inner", "Scan Direction": "Forward", "Index Name": "company_type_id_movie_companies", "Relation Name": "movie_companies", "Alias": "mc", "Startup Cost": 0.0, "Total Cost": 59640.35, "Plan Rows": 209279, "Plan Width": 8, "Index Cond": "(company_type_id = ct.id), (LLVM Optimized)", "Filter": "(((note)::text !~~ '%(TV)%'::text) AND ((note)::text ~~ '%(USA)%'::text)), (LLVM Optimized)"}]}, {"Node Type": "Index Scan", "Parent Relationship": "Inner", "Scan Direction": "Forward", "Index Name": "title_pkey", "Relation Name": "title", "Alias": "t", "Startup Cost": 0.0, "Total Cost": 0.69, "Plan Rows": 1, "Plan Width": 21, "Index Cond": "(id = mc.movie_id)", "Filter": "(production_year > 1990)"}]}, {"Node Type": "Index Scan", "Parent Relationship": "Inner", "Scan Direction": "Forward", "Index Name": "movie_id_movie_info", "Relation Name": "movie_info", "Alias": "mi", "Startup Cost": 0.0, "Total Cost": 0.88, "Plan Rows": 1, "Plan Width": 8, "Index Cond": "(movie_id = t.id)", "Filter": "((info)::text = ANY ('{Sweden,Norway,Germany,Denmark,Swedish,Denish,Norwegian,German,USA,American}'::text[]))"}]}]}]}]}, "Unique SQL Id": 322094867}, "explain_analyze_plan": {"Plan": {"Node Type": "Aggregate", "Strategy": "Plain", "Startup Cost": 503617.55, "Total Cost": 503617.56, "Plan Rows": 1, "Plan Width": 49, "Actual Startup Time": 806.542, "Actual Total Time": 806.542, "Actual Rows": 1, "Actual Loops": 1, "Plans": [{"Node Type": "Merge Join", "Parent Relationship": "Outer", "Join Type": "Inner", "Startup Cost": 497904.24, "Total Cost": 502789.92, "Plan Rows": 331050, "Plan Width": 17, "Actual Startup Time": 806.067, "Actual Total Time": 806.325, "Actual Rows": 669, "Actual Loops": 1, "Inner Unique": false, "Merge Cond": "(it.id = mi.info_type_id)", "Plans": [{"Node Type": "Index Only Scan", "Parent Relationship": "Outer", "Scan Direction": "Forward", "Index Name": "info_type_pkey", "Relation Name": "info_type", "Alias": "it", "Startup Cost": 0.0, "Total Cost": 9.93, "Plan Rows": 112, "Plan Width": 4, "Actual Startup Time": 0.015, "Actual Total Time": 0.021, "Actual Rows": 18, "Actual Loops": 1, "Heap Fetches": 0}, {"Node Type": "Sort", "Parent Relationship": "Inner", "Startup Cost": 497814.14, "Total Cost": 498641.77, "Plan Rows": 331050, "Plan Width": 21, "Actual Startup Time": 806.037, "Actual Total Time": 806.122, "Actual Rows": 669, "Actual Loops": 1, "Sort Key": ["mi.info_type_id"], "Sort Method": "quicksort", "Sort Space Used": 90, "Sort Space Type": "Memory", "Plans": [{"Node Type": "Nested Loop", "Parent Relationship": "Outer", "Join Type": "Inner", "Startup Cost": 0.0, "Total Cost": 467462.34, "Plan Rows": 331050, "Plan Width": 21, "Actual Startup Time": 10.032, "Actual Total Time": 805.62, "Actual Rows": 669, "Actual Loops": 1, "Inner Unique": false, "Plans": [{"Node Type": "Nested Loop", "Parent Relationship": "Outer", "Join Type": "Inner", "Startup Cost": 0.0, "Total Cost": 208944.27, "Plan Rows": 289936, "Plan Width": 25, "Actual Startup Time": 10.002, "Actual Total Time": 777.234, "Actual Rows": 767, "Actual Loops": 1, "Inner Unique": true, "Plans": [{"Node Type": "Nested Loop", "Parent Relationship": "Outer", "Join Type": "Inner", "Startup Cost": 0.0, "Total Cost": 61745.44, "Plan Rows": 209278, "Plan Width": 4, "Actual Startup Time": 9.972, "Actual Total Time": 769.432, "Actual Rows": 798, "Actual Loops": 1, "Inner Unique": false, "Plans": [{"Node Type": "Index Scan", "Parent Relationship": "Outer", "Scan Direction": "Forward", "Index Name": "company_type_pkey", "Relation Name": "company_type", "Alias": "ct", "Startup Cost": 0.0, "Total Cost": 12.3, "Plan Rows": 1, "Plan Width": 4, "Actual Startup Time": 0.019, "Actual Total Time": 0.028, "Actual Rows": 1, "Actual Loops": 1, "Filter": "((kind)::text = 'production companies'::text)", "Rows Removed by Filter": 2}, {"Node Type": "Index Scan", "Parent Relationship": "Inner", "Scan Direction": "Forward", "Index Name": "company_type_id_movie_companies", "Relation Name": "movie_companies", "Alias": "mc", "Startup Cost": 0.0, "Total Cost": 59640.35, "Plan Rows": 209279, "Plan Width": 8, "Actual Startup Time": 9.947, "Actual Total Time": 769.189, "Actual Rows": 798, "Actual Loops": 1, "Index Cond": "(company_type_id = ct.id), (LLVM Optimized, Jit Execute)", "Rows Removed by Index Recheck": 0, "Filter": "(((note)::text !~~ '%(TV)%'::text) AND ((note)::text ~~ '%(USA)%'::text)), (LLVM Optimized, Jit Execute)", "Rows Removed by Filter": 1334085}]}, {"Node Type": "Index Scan", "Parent Relationship": "Inner", "Scan Direction": "Forward", "Index Name": "title_pkey", "Relation Name": "title", "Alias": "t", "Startup Cost": 0.0, "Total Cost": 0.69, "Plan Rows": 1, "Plan Width": 21, "Actual Startup Time": 6.951, "Actual Total Time": 6.951, "Actual Rows": 767, "Actual Loops": 798, "Index Cond": "(id = mc.movie_id)", "Rows Removed by Index Recheck": 0, "Filter": "(production_year > 1990)", "Rows Removed by Filter": 31}]}, {"Node Type": "Index Scan", "Parent Relationship": "Inner", "Scan Direction": "Forward", "Index Name": "movie_id_movie_info", "Relation Name": "movie_info", "Alias": "mi", "Startup Cost": 0.0, "Total Cost": 0.88, "Plan Rows": 1, "Plan Width": 8, "Actual Startup Time": 24.471, "Actual Total Time": 27.673, "Actual Rows": 669, "Actual Loops": 767, "Index Cond": "(movie_id = t.id)", "Rows Removed by Index Recheck": 0, "Filter": "((info)::text = ANY ('{Sweden,Norway,Germany,Denmark,Swedish,Denish,Norwegian,German,USA,American}'::text[]))", "Rows Removed by Filter": 7721}]}]}]}]}, "Triggers": [], "Planner Runtime": 6.541, "Total Runtime": 816.125, "Unique SQL Id": 322094867}}, "(1, 82)": {"explain_plan": {"Plan": {"Node Type": "Aggregate", "Strategy": "Plain", "Startup Cost": 945308.24, "Total Cost": 945308.25, "Plan Rows": 1, "Plan Width": 49, "Plans": [{"Node Type": "Merge Join", "Parent Relationship": "Outer", "Join Type": "Inner", "Startup Cost": 939604.42, "Total Cost": 944480.62, "Plan Rows": 331050, "Plan Width": 17, "Inner Unique": false, "Merge Cond": "(it.id = mi.info_type_id)", "Plans": [{"Node Type": "Sort", "Parent Relationship": "Outer", "Startup Cost": 5.93, "Total Cost": 6.21, "Plan Rows": 112, "Plan Width": 4, "Sort Key": ["it.id"], "Plans": [{"Node Type": "Seq Scan", "Parent Relationship": "Outer", "Relation Name": "info_type", "Alias": "it", "Startup Cost": 0.0, "Total Cost": 2.12, "Plan Rows": 112, "Plan Width": 4}]}, {"Node Type": "Sort", "Parent Relationship": "Inner", "Startup Cost": 939508.39, "Total Cost": 940336.01, "Plan Rows": 331050, "Plan Width": 21, "Sort Key": ["mi.info_type_id"], "Plans": [{"Node Type": "Merge Join", "Parent Relationship": "Outer", "Join Type": "Inner", "Startup Cost": 889444.69, "Total Cost": 909156.58, "Plan Rows": 331050, "Plan Width": 21, "Inner Unique": true, "Merge Cond": "(mi.movie_id = t.id)", "Plans": [{"Node Type": "Merge Join", "Parent Relationship": "Outer", "Join Type": "Inner", "Startup Cost": 641717.65, "Total Cost": 648783.87, "Plan Rows": 238955, "Plan Width": 12, "Inner Unique": false, "Merge Cond": "(mc.movie_id = mi.movie_id)", "Plans": [{"Node Type": "Sort", "Parent Relationship": "Outer", "Startup Cost": 88141.5, "Total Cost": 88664.7, "Plan Rows": 209278, "Plan Width": 4, "Sort Key": ["mc.movie_id"], "Plans": [{"Node Type": "Nested Loop", "Parent Relationship": "Outer", "Join Type": "Inner", "Startup Cost": 28996.8, "Total Cost": 69646.5, "Plan Rows": 209278, "Plan Width": 4, "Inner Unique": false, "Plans": [{"Node Type": "Seq Scan", "Parent Relationship": "Outer", "Relation Name": "company_type", "Alias": "ct", "Startup Cost": 0.0, "Total Cost": 1.04, "Plan Rows": 1, "Plan Width": 4, "Filter": "((kind)::text = 'production companies'::text)"}, {"Node Type": "Bitmap Heap Scan", "Parent Relationship": "Inner", "Relation Name": "movie_companies", "Alias": "mc", "Startup Cost": 28996.8, "Total Cost": 67552.67, "Plan Rows": 209279, "Plan Width": 8, "Recheck Cond": "(company_type_id = ct.id), (LLVM Optimized)", "Filter": "(((note)::text !~~ '%(TV)%'::text) AND ((note)::text ~~ '%(USA)%'::text)), (LLVM Optimized)", "Plans": [{"Node Type": "Bitmap Index Scan", "Parent Relationship": "Outer", "Index Name": "company_type_id_movie_companies", "Startup Cost": 0.0, "Total Cost": 28944.48, "Plan Rows": 1304564, "Plan Width": 0, "Index Cond": "(company_type_id = ct.id)"}]}]}]}, {"Node Type": "Sort", "Parent Relationship": "Inner", "Startup Cost": 553576.13, "Total Cost": 555392.07, "Plan Rows": 726375, "Plan Width": 8, "Sort Key": ["mi.movie_id"], "Plans": [{"Node Type": "Seq Scan", "Parent Relationship": "Outer", "Relation Name": "movie_info", "Alias": "mi", "Startup Cost": 0.0, "Total Cost": 482862.23, "Plan Rows": 726375, "Plan Width": 8, "Filter": "((info)::text = ANY ('{Sweden,Norway,Germany,Denmark,Swedish,Denish,Norwegian,German,USA,American}'::text[]))"}]}]}, {"Node Type": "Sort", "Parent Relationship": "Inner", "Startup Cost": 247726.82, "Total Cost": 252098.92, "Plan Rows": 1748840, "Plan Width": 21, "Sort Key": ["t.id"], "Plans": [{"Node Type": "Seq Scan", "Parent Relationship": "Outer", "Relation Name": "title", "Alias": "t", "Startup Cost": 0.0, "Total Cost": 66389.89, "Plan Rows": 1748840, "Plan Width": 21, "Filter": "(production_year > 1990), (LLVM Optimized)"}]}]}]}]}]}, "Unique SQL Id": 322094867}, "explain_analyze_plan": null}, "(1, 83)": {"explain_plan": {"Plan": {"Node Type": "Aggregate", "Strategy": "Plain", "Startup Cost": 1000019247502.85, "Total Cost": 1000019247502.86, "Plan Rows": 1, "Plan Width": 49, "Plans": [{"Node Type": "Nested Loop", "Parent Relationship": "Outer", "Join Type": "Inner", "Startup Cost": 10000000001.66, "Total Cost": 1000019246675.23, "Plan Rows": 331050, "Plan Width": 17, "Inner Unique": true, "Plans": [{"Node Type": "Nested Loop", "Parent Relationship": "Outer", "Join Type": "Inner", "Startup Cost": 10000000001.35, "Total Cost": 1000018211114.89, "Plan Rows": 238955, "Plan Width": 8, "Inner Unique": true, "Plans": [{"Node Type": "Nested Loop", "Parent Relationship": "Outer", "Join Type": "Inner", "Startup Cost": 10000000001.09, "Total Cost": 1000017188325.12, "Plan Rows": 238955, "Plan Width": 12, "Inner Unique": false, "Plans": [{"Node Type": "Nested Loop", "Parent Relationship": "Outer", "Join Type": "Inner", "Startup Cost": 10000000000.26, "Total Cost": 1000016149093.12, "Plan Rows": 209278, "Plan Width": 4, "Inner Unique": true, "Plans": [{"Node Type": "Index Scan", "Parent Relationship": "Outer", "Scan Direction": "Forward", "Index Name": "movie_id_movie_companies", "Relation Name": "movie_companies", "Alias": "mc", "Startup Cost": 10000000000.0, "Total Cost": 1000014356510.13, "Plan Rows": 418557, "Plan Width": 8, "Filter": "(((note)::text !~~ '%(TV)%'::text) AND ((note)::text ~~ '%(USA)%'::text)), (LLVM Optimized)"}, {"Node Type": "Bitmap Heap Scan", "Parent Relationship": "Inner", "Relation Name": "company_type", "Alias": "ct", "Startup Cost": 0.26, "Total Cost": 4.27, "Plan Rows": 1, "Plan Width": 4, "Recheck Cond": "(id = mc.company_type_id)", "Filter": "((kind)::text = 'production companies'::text)", "Plans": [{"Node Type": "Bitmap Index Scan", "Parent Relationship": "Outer", "Index Name": "company_type_pkey", "Startup Cost": 0.0, "Total Cost": 0.26, "Plan Rows": 1, "Plan Width": 0, "Index Cond": "(id = mc.company_type_id)"}]}]}, {"Node Type": "Bitmap Heap Scan", "Parent Relationship": "Inner", "Relation Name": "movie_info", "Alias": "mi", "Startup Cost": 0.83, "Total Cost": 4.96, "Plan Rows": 1, "Plan Width": 8, "Recheck Cond": "(movie_id = mc.movie_id)", "Filter": "((info)::text = ANY ('{Sweden,Norway,Germany,Denmark,Swedish,Denish,Norwegian,German,USA,American}'::text[]))", "Plans": [{"Node Type": "Bitmap Index Scan", "Parent Relationship": "Outer", "Index Name": "movie_id_movie_info", "Startup Cost": 0.0, "Total Cost": 0.83, "Plan Rows": 5, "Plan Width": 0, "Index Cond": "(movie_id = mc.movie_id)"}]}]}, {"Node Type": "Bitmap Heap Scan", "Parent Relationship": "Inner", "Relation Name": "info_type", "Alias": "it", "Startup Cost": 0.26, "Total Cost": 4.27, "Plan Rows": 1, "Plan Width": 4, "Recheck Cond": "(id = mi.info_type_id)", "Plans": [{"Node Type": "Bitmap Index Scan", "Parent Relationship": "Outer", "Index Name": "info_type_pkey", "Startup Cost": 0.0, "Total Cost": 0.26, "Plan Rows": 1, "Plan Width": 0, "Index Cond": "(id = mi.info_type_id)"}]}]}, {"Node Type": "Bitmap Heap Scan", "Parent Relationship": "Inner", "Relation Name": "title", "Alias": "t", "Startup Cost": 0.31, "Total Cost": 4.32, "Plan Rows": 1, "Plan Width": 21, "Recheck Cond": "(id = mi.movie_id)", "Filter": "(production_year > 1990)", "Plans": [{"Node Type": "Bitmap Index Scan", "Parent Relationship": "Outer", "Index Name": "title_pkey", "Startup Cost": 0.0, "Total Cost": 0.31, "Plan Rows": 1, "Plan Width": 0, "Index Cond": "(id = mi.movie_id)"}]}]}]}, "Unique SQL Id": 322094867}, "explain_analyze_plan": {"Plan": {"Node Type": "Aggregate", "Strategy": "Plain", "Startup Cost": 1000019247502.85, "Total Cost": 1000019247502.86, "Plan Rows": 1, "Plan Width": 49, "Actual Startup Time": 2983.243, "Actual Total Time": 2983.244, "Actual Rows": 1, "Actual Loops": 1, "Plans": [{"Node Type": "Nested Loop", "Parent Relationship": "Outer", "Join Type": "Inner", "Startup Cost": 10000000001.66, "Total Cost": 1000019246675.23, "Plan Rows": 331050, "Plan Width": 17, "Actual Startup Time": 32.619, "Actual Total Time": 2982.151, "Actual Rows": 669, "Actual Loops": 1, "Inner Unique": true, "Plans": [{"Node Type": "Nested Loop", "Parent Relationship": "Outer", "Join Type": "Inner", "Startup Cost": 10000000001.35, "Total Cost": 1000018211114.89, "Plan Rows": 238955, "Plan Width": 8, "Actual Startup Time": 32.603, "Actual Total Time": 2974.089, "Actual Rows": 691, "Actual Loops": 1, "Inner Unique": true, "Plans": [{"Node Type": "Nested Loop", "Parent Relationship": "Outer", "Join Type": "Inner", "Startup Cost": 10000000001.09, "Total Cost": 1000017188325.12, "Plan Rows": 238955, "Plan Width": 12, "Actual Startup Time": 32.594, "Actual Total Time": 2969.962, "Actual Rows": 691, "Actual Loops": 1, "Inner Unique": false, "Plans": [{"Node Type": "Nested Loop", "Parent Relationship": "Outer", "Join Type": "Inner", "Startup Cost": 10000000000.26, "Total Cost": 1000016149093.12, "Plan Rows": 209278, "Plan Width": 4, "Actual Startup Time": 32.553, "Actual Total Time": 2937.753, "Actual Rows": 798, "Actual Loops": 1, "Inner Unique": true, "Plans": [{"Node Type": "Index Scan", "Parent Relationship": "Outer", "Scan Direction": "Forward", "Index Name": "movie_id_movie_companies", "Relation Name": "movie_companies", "Alias": "mc", "Startup Cost": 10000000000.0, "Total Cost": 1000014356510.13, "Plan Rows": 418557, "Plan Width": 8, "Actual Startup Time": 0.054, "Actual Total Time": 2285.125, "Actual Rows": 295628, "Actual Loops": 1, "Filter": "(((note)::text !~~ '%(TV)%'::text) AND ((note)::text ~~ '%(USA)%'::text)), (LLVM Optimized, Jit Execute)", "Rows Removed by Filter": 2313500}, {"Node Type": "Bitmap Heap Scan", "Parent Relationship": "Inner", "Relation Name": "company_type", "Alias": "ct", "Startup Cost": 0.26, "Total Cost": 4.27, "Plan Rows": 1, "Plan Width": 4, "Actual Startup Time": 341.416, "Actual Total Time": 341.416, "Actual Rows": 798, "Actual Loops": 295628, "Recheck Cond": "(id = mc.company_type_id)", "Rows Removed by Index Recheck": 0, "Filter": "((kind)::text = 'production companies'::text)", "Rows Removed by Filter": 0, "Exact Heap Blocks": 798, "Lossy Heap Blocks": 798, "Plans": [{"Node Type": "Bitmap Index Scan", "Parent Relationship": "Outer", "Index Name": "company_type_pkey", "Startup Cost": 0.0, "Total Cost": 0.26, "Plan Rows": 1, "Plan Width": 0, "Actual Startup Time": 205.492, "Actual Total Time": 205.492, "Actual Rows": 798, "Actual Loops": 295628, "Index Cond": "(id = mc.company_type_id)"}]}]}, {"Node Type": "Bitmap Heap Scan", "Parent Relationship": "Inner", "Relation Name": "movie_info", "Alias": "mi", "Startup Cost": 0.83, "Total Cost": 4.96, "Plan Rows": 1, "Plan Width": 8, "Actual Startup Time": 27.613, "Actual Total Time": 30.269, "Actual Rows": 691, "Actual Loops": 798, "Recheck Cond": "(movie_id = mc.movie_id)", "Rows Removed by Index Recheck": 0, "Filter": "((info)::text = ANY ('{Sweden,Norway,Germany,Denmark,Swedish,Denish,Norwegian,German,USA,American}'::text[]))", "Rows Removed by Filter": 7906, "Exact Heap Blocks": 6397, "Lossy Heap Blocks": 6397, "Plans": [{"Node Type": "Bitmap Index Scan", "Parent Relationship": "Outer", "Index Name": "movie_id_movie_info", "Startup Cost": 0.0, "Total Cost": 0.83, "Plan Rows": 5, "Plan Width": 0, "Actual Startup Time": 6.949, "Actual Total Time": 6.949, "Actual Rows": 8597, "Actual Loops": 798, "Index Cond": "(movie_id = mc.movie_id)"}]}]}, {"Node Type": "Bitmap Heap Scan", "Parent Relationship": "Inner", "Relation Name": "info_type", "Alias": "it", "Startup Cost": 0.26, "Total Cost": 4.27, "Plan Rows": 1, "Plan Width": 4, "Actual Startup Time": 2.573, "Actual Total Time": 2.573, "Actual Rows": 691, "Actual Loops": 691, "Recheck Cond": "(id = mi.info_type_id)", "Rows Removed by Index Recheck": 0, "Exact Heap Blocks": 691, "Lossy Heap Blocks": 691, "Plans": [{"Node Type": "Bitmap Index Scan", "Parent Relationship": "Outer", "Index Name": "info_type_pkey", "Startup Cost": 0.0, "Total Cost": 0.26, "Plan Rows": 1, "Plan Width": 0, "Actual Startup Time": 1.179, "Actual Total Time": 1.179, "Actual Rows": 691, "Actual Loops": 691, "Index Cond": "(id = mi.info_type_id)"}]}]}, {"Node Type": "Bitmap Heap Scan", "Parent Relationship": "Inner", "Relation Name": "title", "Alias": "t", "Startup Cost": 0.31, "Total Cost": 4.32, "Plan Rows": 1, "Plan Width": 21, "Actual Startup Time": 6.58, "Actual Total Time": 6.58, "Actual Rows": 669, "Actual Loops": 691, "Recheck Cond": "(id = mi.movie_id)", "Rows Removed by Index Recheck": 0, "Filter": "(production_year > 1990)", "Rows Removed by Filter": 22, "Exact Heap Blocks": 691, "Lossy Heap Blocks": 691, "Plans": [{"Node Type": "Bitmap Index Scan", "Parent Relationship": "Outer", "Index Name": "title_pkey", "Startup Cost": 0.0, "Total Cost": 0.31, "Plan Rows": 1, "Plan Width": 0, "Actual Startup Time": 3.813, "Actual Total Time": 3.813, "Actual Rows": 691, "Actual Loops": 691, "Index Cond": "(id = mi.movie_id)"}]}]}]}, "Triggers": [], "Planner Runtime": 4.896, "Total Runtime": 2992.474, "Unique SQL Id": 322094867}}, "(1, 84)": {"explain_plan": {"Plan": {"Node Type": "Aggregate", "Strategy": "Plain", "Startup Cost": 503602.74, "Total Cost": 503602.75, "Plan Rows": 1, "Plan Width": 49, "Plans": [{"Node Type": "Merge Join", "Parent Relationship": "Outer", "Join Type": "Inner", "Startup Cost": 497898.91, "Total Cost": 502775.11, "Plan Rows": 331050, "Plan Width": 17, "Inner Unique": false, "Merge Cond": "(it.id = mi.info_type_id)", "Plans": [{"Node Type": "Sort", "Parent Relationship": "Outer", "Startup Cost": 5.93, "Total Cost": 6.21, "Plan Rows": 112, "Plan Width": 4, "Sort Key": ["it.id"], "Plans": [{"Node Type": "Seq Scan", "Parent Relationship": "Outer", "Relation Name": "info_type", "Alias": "it", "Startup Cost": 0.0, "Total Cost": 2.12, "Plan Rows": 112, "Plan Width": 4}]}, {"Node Type": "Sort", "Parent Relationship": "Inner", "Startup Cost": 497802.88, "Total Cost": 498630.5, "Plan Rows": 331050, "Plan Width": 21, "Sort Key": ["mi.info_type_id"], "Plans": [{"Node Type": "Nested Loop", "Parent Relationship": "Outer", "Join Type": "Inner", "Startup Cost": 0.0, "Total Cost": 467451.07, "Plan Rows": 331050, "Plan Width": 21, "Inner Unique": false, "Plans": [{"Node Type": "Nested Loop", "Parent Relationship": "Outer", "Join Type": "Inner", "Startup Cost": 0.0, "Total Cost": 208933.0, "Plan Rows": 289936, "Plan Width": 25, "Inner Unique": true, "Plans": [{"Node Type": "Nested Loop", "Parent Relationship": "Outer", "Join Type": "Inner", "Startup Cost": 0.0, "Total Cost": 61734.18, "Plan Rows": 209278, "Plan Width": 4, "Inner Unique": false, "Plans": [{"Node Type": "Seq Scan", "Parent Relationship": "Outer", "Relation Name": "company_type", "Alias": "ct", "Startup Cost": 0.0, "Total Cost": 1.04, "Plan Rows": 1, "Plan Width": 4, "Filter": "((kind)::text = 'production companies'::text)"}, {"Node Type": "Index Scan", "Parent Relationship": "Inner", "Scan Direction": "Forward", "Index Name": "company_type_id_movie_companies", "Relation Name": "movie_companies", "Alias": "mc", "Startup Cost": 0.0, "Total Cost": 59640.35, "Plan Rows": 209279, "Plan Width": 8, "Index Cond": "(company_type_id = ct.id), (LLVM Optimized)", "Filter": "(((note)::text !~~ '%(TV)%'::text) AND ((note)::text ~~ '%(USA)%'::text)), (LLVM Optimized)"}]}, {"Node Type": "Index Scan", "Parent Relationship": "Inner", "Scan Direction": "Forward", "Index Name": "title_pkey", "Relation Name": "title", "Alias": "t", "Startup Cost": 0.0, "Total Cost": 0.69, "Plan Rows": 1, "Plan Width": 21, "Index Cond": "(id = mc.movie_id)", "Filter": "(production_year > 1990)"}]}, {"Node Type": "Index Scan", "Parent Relationship": "Inner", "Scan Direction": "Forward", "Index Name": "movie_id_movie_info", "Relation Name": "movie_info", "Alias": "mi", "Startup Cost": 0.0, "Total Cost": 0.88, "Plan Rows": 1, "Plan Width": 8, "Index Cond": "(movie_id = t.id)", "Filter": "((info)::text = ANY ('{Sweden,Norway,Germany,Denmark,Swedish,Denish,Norwegian,German,USA,American}'::text[]))"}]}]}]}]}, "Unique SQL Id": 322094867}, "explain_analyze_plan": {"Plan": {"Node Type": "Aggregate", "Strategy": "Plain", "Startup Cost": 503602.74, "Total Cost": 503602.75, "Plan Rows": 1, "Plan Width": 49, "Actual Startup Time": 665.317, "Actual Total Time": 665.317, "Actual Rows": 1, "Actual Loops": 1, "Plans": [{"Node Type": "Merge Join", "Parent Relationship": "Outer", "Join Type": "Inner", "Startup Cost": 497898.91, "Total Cost": 502775.11, "Plan Rows": 331050, "Plan Width": 17, "Actual Startup Time": 664.845, "Actual Total Time": 665.09, "Actual Rows": 669, "Actual Loops": 1, "Inner Unique": false, "Merge Cond": "(it.id = mi.info_type_id)", "Plans": [{"Node Type": "Sort", "Parent Relationship": "Outer", "Startup Cost": 5.93, "Total Cost": 6.21, "Plan Rows": 112, "Plan Width": 4, "Actual Startup Time": 0.093, "Actual Total Time": 0.098, "Actual Rows": 18, "Actual Loops": 1, "Sort Key": ["it.id"], "Sort Method": "quicksort", "Sort Space Used": 32, "Sort Space Type": "Memory", "Plans": [{"Node Type": "Seq Scan", "Parent Relationship": "Outer", "Relation Name": "info_type", "Alias": "it", "Startup Cost": 0.0, "Total Cost": 2.12, "Plan Rows": 112, "Plan Width": 4, "Actual Startup Time": 0.029, "Actual Total Time": 0.046, "Actual Rows": 112, "Actual Loops": 1}]}, {"Node Type": "Sort", "Parent Relationship": "Inner", "Startup Cost": 497802.88, "Total Cost": 498630.5, "Plan Rows": 331050, "Plan Width": 21, "Actual Startup Time": 664.736, "Actual Total Time": 664.809, "Actual Rows": 669, "Actual Loops": 1, "Sort Key": ["mi.info_type_id"], "Sort Method": "quicksort", "Sort Space Used": 90, "Sort Space Type": "Memory", "Plans": [{"Node Type": "Nested Loop", "Parent Relationship": "Outer", "Join Type": "Inner", "Startup Cost": 0.0, "Total Cost": 467451.07, "Plan Rows": 331050, "Plan Width": 21, "Actual Startup Time": 8.544, "Actual Total Time": 664.33, "Actual Rows": 669, "Actual Loops": 1, "Inner Unique": false, "Plans": [{"Node Type": "Nested Loop", "Parent Relationship": "Outer", "Join Type": "Inner", "Startup Cost": 0.0, "Total Cost": 208933.0, "Plan Rows": 289936, "Plan Width": 25, "Actual Startup Time": 8.524, "Actual Total Time": 645.827, "Actual Rows": 767, "Actual Loops": 1, "Inner Unique": true, "Plans": [{"Node Type": "Nested Loop", "Parent Relationship": "Outer", "Join Type": "Inner", "Startup Cost": 0.0, "Total Cost": 61734.18, "Plan Rows": 209278, "Plan Width": 4, "Actual Startup Time": 8.503, "Actual Total Time": 640.286, "Actual Rows": 798, "Actual Loops": 1, "Inner Unique": false, "Plans": [{"Node Type": "Seq Scan", "Parent Relationship": "Outer", "Relation Name": "company_type", "Alias": "ct", "Startup Cost": 0.0, "Total Cost": 1.04, "Plan Rows": 1, "Plan Width": 4, "Actual Startup Time": 0.015, "Actual Total Time": 0.022, "Actual Rows": 1, "Actual Loops": 1, "Filter": "((kind)::text = 'production companies'::text)", "Rows Removed by Filter": 2}, {"Node Type": "Index Scan", "Parent Relationship": "Inner", "Scan Direction": "Forward", "Index Name": "company_type_id_movie_companies", "Relation Name": "movie_companies", "Alias": "mc", "Startup Cost": 0.0, "Total Cost": 59640.35, "Plan Rows": 209279, "Plan Width": 8, "Actual Startup Time": 8.484, "Actual Total Time": 640.011, "Actual Rows": 798, "Actual Loops": 1, "Index Cond": "(company_type_id = ct.id), (LLVM Optimized, Jit Execute)", "Rows Removed by Index Recheck": 0, "Filter": "(((note)::text !~~ '%(TV)%'::text) AND ((note)::text ~~ '%(USA)%'::text)), (LLVM Optimized, Jit Execute)", "Rows Removed by Filter": 1334085}]}, {"Node Type": "Index Scan", "Parent Relationship": "Inner", "Scan Direction": "Forward", "Index Name": "title_pkey", "Relation Name": "title", "Alias": "t", "Startup Cost": 0.0, "Total Cost": 0.69, "Plan Rows": 1, "Plan Width": 21, "Actual Startup Time": 4.632, "Actual Total Time": 4.632, "Actual Rows": 767, "Actual Loops": 798, "Index Cond": "(id = mc.movie_id)", "Rows Removed by Index Recheck": 0, "Filter": "(production_year > 1990)", "Rows Removed by Filter": 31}]}, {"Node Type": "Index Scan", "Parent Relationship": "Inner", "Scan Direction": "Forward", "Index Name": "movie_id_movie_info", "Relation Name": "movie_info", "Alias": "mi", "Startup Cost": 0.0, "Total Cost": 0.88, "Plan Rows": 1, "Plan Width": 8, "Actual Startup Time": 15.573, "Actual Total Time": 17.808, "Actual Rows": 669, "Actual Loops": 767, "Index Cond": "(movie_id = t.id)", "Rows Removed by Index Recheck": 0, "Filter": "((info)::text = ANY ('{Sweden,Norway,Germany,Denmark,Swedish,Denish,Norwegian,German,USA,American}'::text[]))", "Rows Removed by Filter": 7721}]}]}]}]}, "Triggers": [], "Planner Runtime": 7.516, "Total Runtime": 674.78, "Unique SQL Id": 322094867}}, "(1, 85)": {"explain_plan": {"Plan": {"Node Type": "Aggregate", "Strategy": "Plain", "Startup Cost": 503621.48, "Total Cost": 503621.49, "Plan Rows": 1, "Plan Width": 49, "Plans": [{"Node Type": "Merge Join", "Parent Relationship": "Outer", "Join Type": "Inner", "Startup Cost": 497904.24, "Total Cost": 502793.85, "Plan Rows": 331050, "Plan Width": 17, "Inner Unique": false, "Merge Cond": "(it.id = mi.info_type_id)", "Plans": [{"Node Type": "Index Scan", "Parent Relationship": "Outer", "Scan Direction": "Forward", "Index Name": "info_type_pkey", "Relation Name": "info_type", "Alias": "it", "Startup Cost": 0.0, "Total Cost": 13.93, "Plan Rows": 112, "Plan Width": 4}, {"Node Type": "Sort", "Parent Relationship": "Inner", "Startup Cost": 497814.14, "Total Cost": 498641.77, "Plan Rows": 331050, "Plan Width": 21, "Sort Key": ["mi.info_type_id"], "Plans": [{"Node Type": "Nested Loop", "Parent Relationship": "Outer", "Join Type": "Inner", "Startup Cost": 0.0, "Total Cost": 467462.34, "Plan Rows": 331050, "Plan Width": 21, "Inner Unique": false, "Plans": [{"Node Type": "Nested Loop", "Parent Relationship": "Outer", "Join Type": "Inner", "Startup Cost": 0.0, "Total Cost": 208944.27, "Plan Rows": 289936, "Plan Width": 25, "Inner Unique": true, "Plans": [{"Node Type": "Nested Loop", "Parent Relationship": "Outer", "Join Type": "Inner", "Startup Cost": 0.0, "Total Cost": 61745.44, "Plan Rows": 209278, "Plan Width": 4, "Inner Unique": false, "Plans": [{"Node Type": "Index Scan", "Parent Relationship": "Outer", "Scan Direction": "Forward", "Index Name": "company_type_pkey", "Relation Name": "company_type", "Alias": "ct", "Startup Cost": 0.0, "Total Cost": 12.3, "Plan Rows": 1, "Plan Width": 4, "Filter": "((kind)::text = 'production companies'::text)"}, {"Node Type": "Index Scan", "Parent Relationship": "Inner", "Scan Direction": "Forward", "Index Name": "company_type_id_movie_companies", "Relation Name": "movie_companies", "Alias": "mc", "Startup Cost": 0.0, "Total Cost": 59640.35, "Plan Rows": 209279, "Plan Width": 8, "Index Cond": "(company_type_id = ct.id), (LLVM Optimized)", "Filter": "(((note)::text !~~ '%(TV)%'::text) AND ((note)::text ~~ '%(USA)%'::text)), (LLVM Optimized)"}]}, {"Node Type": "Index Scan", "Parent Relationship": "Inner", "Scan Direction": "Forward", "Index Name": "title_pkey", "Relation Name": "title", "Alias": "t", "Startup Cost": 0.0, "Total Cost": 0.69, "Plan Rows": 1, "Plan Width": 21, "Index Cond": "(id = mc.movie_id)", "Filter": "(production_year > 1990)"}]}, {"Node Type": "Index Scan", "Parent Relationship": "Inner", "Scan Direction": "Forward", "Index Name": "movie_id_movie_info", "Relation Name": "movie_info", "Alias": "mi", "Startup Cost": 0.0, "Total Cost": 0.88, "Plan Rows": 1, "Plan Width": 8, "Index Cond": "(movie_id = t.id)", "Filter": "((info)::text = ANY ('{Sweden,Norway,Germany,Denmark,Swedish,Denish,Norwegian,German,USA,American}'::text[]))"}]}]}]}]}, "Unique SQL Id": 322094867}, "explain_analyze_plan": {"Plan": {"Node Type": "Aggregate", "Strategy": "Plain", "Startup Cost": 503621.48, "Total Cost": 503621.49, "Plan Rows": 1, "Plan Width": 49, "Actual Startup Time": 798.681, "Actual Total Time": 798.682, "Actual Rows": 1, "Actual Loops": 1, "Plans": [{"Node Type": "Merge Join", "Parent Relationship": "Outer", "Join Type": "Inner", "Startup Cost": 497904.24, "Total Cost": 502793.85, "Plan Rows": 331050, "Plan Width": 17, "Actual Startup Time": 798.171, "Actual Total Time": 798.465, "Actual Rows": 669, "Actual Loops": 1, "Inner Unique": false, "Merge Cond": "(it.id = mi.info_type_id)", "Plans": [{"Node Type": "Index Scan", "Parent Relationship": "Outer", "Scan Direction": "Forward", "Index Name": "info_type_pkey", "Relation Name": "info_type", "Alias": "it", "Startup Cost": 0.0, "Total Cost": 13.93, "Plan Rows": 112, "Plan Width": 4, "Actual Startup Time": 0.019, "Actual Total Time": 0.029, "Actual Rows": 18, "Actual Loops": 1}, {"Node Type": "Sort", "Parent Relationship": "Inner", "Startup Cost": 497814.14, "Total Cost": 498641.77, "Plan Rows": 331050, "Plan Width": 21, "Actual Startup Time": 798.134, "Actual Total Time": 798.238, "Actual Rows": 669, "Actual Loops": 1, "Sort Key": ["mi.info_type_id"], "Sort Method": "quicksort", "Sort Space Used": 90, "Sort Space Type": "Memory", "Plans": [{"Node Type": "Nested Loop", "Parent Relationship": "Outer", "Join Type": "Inner", "Startup Cost": 0.0, "Total Cost": 467462.34, "Plan Rows": 331050, "Plan Width": 21, "Actual Startup Time": 9.925, "Actual Total Time": 797.707, "Actual Rows": 669, "Actual Loops": 1, "Inner Unique": false, "Plans": [{"Node Type": "Nested Loop", "Parent Relationship": "Outer", "Join Type": "Inner", "Startup Cost": 0.0, "Total Cost": 208944.27, "Plan Rows": 289936, "Plan Width": 25, "Actual Startup Time": 9.902, "Actual Total Time": 768.184, "Actual Rows": 767, "Actual Loops": 1, "Inner Unique": true, "Plans": [{"Node Type": "Nested Loop", "Parent Relationship": "Outer", "Join Type": "Inner", "Startup Cost": 0.0, "Total Cost": 61745.44, "Plan Rows": 209278, "Plan Width": 4, "Actual Startup Time": 9.88, "Actual Total Time": 760.024, "Actual Rows": 798, "Actual Loops": 1, "Inner Unique": false, "Plans": [{"Node Type": "Index Scan", "Parent Relationship": "Outer", "Scan Direction": "Forward", "Index Name": "company_type_pkey", "Relation Name": "company_type", "Alias": "ct", "Startup Cost": 0.0, "Total Cost": 12.3, "Plan Rows": 1, "Plan Width": 4, "Actual Startup Time": 0.009, "Actual Total Time": 0.019, "Actual Rows": 1, "Actual Loops": 1, "Filter": "((kind)::text = 'production companies'::text)", "Rows Removed by Filter": 2}, {"Node Type": "Index Scan", "Parent Relationship": "Inner", "Scan Direction": "Forward", "Index Name": "company_type_id_movie_companies", "Relation Name": "movie_companies", "Alias": "mc", "Startup Cost": 0.0, "Total Cost": 59640.35, "Plan Rows": 209279, "Plan Width": 8, "Actual Startup Time": 9.867, "Actual Total Time": 759.766, "Actual Rows": 798, "Actual Loops": 1, "Index Cond": "(company_type_id = ct.id), (LLVM Optimized, Jit Execute)", "Rows Removed by Index Recheck": 0, "Filter": "(((note)::text !~~ '%(TV)%'::text) AND ((note)::text ~~ '%(USA)%'::text)), (LLVM Optimized, Jit Execute)", "Rows Removed by Filter": 1334085}]}, {"Node Type": "Index Scan", "Parent Relationship": "Inner", "Scan Direction": "Forward", "Index Name": "title_pkey", "Relation Name": "title", "Alias": "t", "Startup Cost": 0.0, "Total Cost": 0.69, "Plan Rows": 1, "Plan Width": 21, "Actual Startup Time": 7.225, "Actual Total Time": 7.225, "Actual Rows": 767, "Actual Loops": 798, "Index Cond": "(id = mc.movie_id)", "Rows Removed by Index Recheck": 0, "Filter": "(production_year > 1990)", "Rows Removed by Filter": 31}]}, {"Node Type": "Index Scan", "Parent Relationship": "Inner", "Scan Direction": "Forward", "Index Name": "movie_id_movie_info", "Relation Name": "movie_info", "Alias": "mi", "Startup Cost": 0.0, "Total Cost": 0.88, "Plan Rows": 1, "Plan Width": 8, "Actual Startup Time": 25.437, "Actual Total Time": 28.768, "Actual Rows": 669, "Actual Loops": 767, "Index Cond": "(movie_id = t.id)", "Rows Removed by Index Recheck": 0, "Filter": "((info)::text = ANY ('{Sweden,Norway,Germany,Denmark,Swedish,Denish,Norwegian,German,USA,American}'::text[]))", "Rows Removed by Filter": 7721}]}]}]}]}, "Triggers": [], "Planner Runtime": 6.484, "Total Runtime": 808.299, "Unique SQL Id": 322094867}}, "(1, 86)": {"explain_plan": {"Plan": {"Node Type": "Aggregate", "Strategy": "Plain", "Startup Cost": 945308.24, "Total Cost": 945308.25, "Plan Rows": 1, "Plan Width": 49, "Plans": [{"Node Type": "Merge Join", "Parent Relationship": "Outer", "Join Type": "Inner", "Startup Cost": 939604.42, "Total Cost": 944480.62, "Plan Rows": 331050, "Plan Width": 17, "Inner Unique": false, "Merge Cond": "(it.id = mi.info_type_id)", "Plans": [{"Node Type": "Sort", "Parent Relationship": "Outer", "Startup Cost": 5.93, "Total Cost": 6.21, "Plan Rows": 112, "Plan Width": 4, "Sort Key": ["it.id"], "Plans": [{"Node Type": "Seq Scan", "Parent Relationship": "Outer", "Relation Name": "info_type", "Alias": "it", "Startup Cost": 0.0, "Total Cost": 2.12, "Plan Rows": 112, "Plan Width": 4}]}, {"Node Type": "Sort", "Parent Relationship": "Inner", "Startup Cost": 939508.39, "Total Cost": 940336.01, "Plan Rows": 331050, "Plan Width": 21, "Sort Key": ["mi.info_type_id"], "Plans": [{"Node Type": "Merge Join", "Parent Relationship": "Outer", "Join Type": "Inner", "Startup Cost": 889444.69, "Total Cost": 909156.58, "Plan Rows": 331050, "Plan Width": 21, "Inner Unique": true, "Merge Cond": "(mi.movie_id = t.id)", "Plans": [{"Node Type": "Merge Join", "Parent Relationship": "Outer", "Join Type": "Inner", "Startup Cost": 641717.65, "Total Cost": 648783.87, "Plan Rows": 238955, "Plan Width": 12, "Inner Unique": false, "Merge Cond": "(mc.movie_id = mi.movie_id)", "Plans": [{"Node Type": "Sort", "Parent Relationship": "Outer", "Startup Cost": 88141.5, "Total Cost": 88664.7, "Plan Rows": 209278, "Plan Width": 4, "Sort Key": ["mc.movie_id"], "Plans": [{"Node Type": "Nested Loop", "Parent Relationship": "Outer", "Join Type": "Inner", "Startup Cost": 28996.8, "Total Cost": 69646.5, "Plan Rows": 209278, "Plan Width": 4, "Inner Unique": false, "Plans": [{"Node Type": "Seq Scan", "Parent Relationship": "Outer", "Relation Name": "company_type", "Alias": "ct", "Startup Cost": 0.0, "Total Cost": 1.04, "Plan Rows": 1, "Plan Width": 4, "Filter": "((kind)::text = 'production companies'::text)"}, {"Node Type": "Bitmap Heap Scan", "Parent Relationship": "Inner", "Relation Name": "movie_companies", "Alias": "mc", "Startup Cost": 28996.8, "Total Cost": 67552.67, "Plan Rows": 209279, "Plan Width": 8, "Recheck Cond": "(company_type_id = ct.id), (LLVM Optimized)", "Filter": "(((note)::text !~~ '%(TV)%'::text) AND ((note)::text ~~ '%(USA)%'::text)), (LLVM Optimized)", "Plans": [{"Node Type": "Bitmap Index Scan", "Parent Relationship": "Outer", "Index Name": "company_type_id_movie_companies", "Startup Cost": 0.0, "Total Cost": 28944.48, "Plan Rows": 1304564, "Plan Width": 0, "Index Cond": "(company_type_id = ct.id)"}]}]}]}, {"Node Type": "Sort", "Parent Relationship": "Inner", "Startup Cost": 553576.13, "Total Cost": 555392.07, "Plan Rows": 726375, "Plan Width": 8, "Sort Key": ["mi.movie_id"], "Plans": [{"Node Type": "Seq Scan", "Parent Relationship": "Outer", "Relation Name": "movie_info", "Alias": "mi", "Startup Cost": 0.0, "Total Cost": 482862.23, "Plan Rows": 726375, "Plan Width": 8, "Filter": "((info)::text = ANY ('{Sweden,Norway,Germany,Denmark,Swedish,Denish,Norwegian,German,USA,American}'::text[]))"}]}]}, {"Node Type": "Sort", "Parent Relationship": "Inner", "Startup Cost": 247726.82, "Total Cost": 252098.92, "Plan Rows": 1748840, "Plan Width": 21, "Sort Key": ["t.id"], "Plans": [{"Node Type": "Seq Scan", "Parent Relationship": "Outer", "Relation Name": "title", "Alias": "t", "Startup Cost": 0.0, "Total Cost": 66389.89, "Plan Rows": 1748840, "Plan Width": 21, "Filter": "(production_year > 1990), (LLVM Optimized)"}]}]}]}]}]}, "Unique SQL Id": 322094867}, "explain_analyze_plan": null}, "(1, 87)": {"explain_plan": {"Plan": {"Node Type": "Aggregate", "Strategy": "Plain", "Startup Cost": 1000019247502.85, "Total Cost": 1000019247502.86, "Plan Rows": 1, "Plan Width": 49, "Plans": [{"Node Type": "Nested Loop", "Parent Relationship": "Outer", "Join Type": "Inner", "Startup Cost": 10000000001.66, "Total Cost": 1000019246675.23, "Plan Rows": 331050, "Plan Width": 17, "Inner Unique": true, "Plans": [{"Node Type": "Nested Loop", "Parent Relationship": "Outer", "Join Type": "Inner", "Startup Cost": 10000000001.35, "Total Cost": 1000018211114.89, "Plan Rows": 238955, "Plan Width": 8, "Inner Unique": true, "Plans": [{"Node Type": "Nested Loop", "Parent Relationship": "Outer", "Join Type": "Inner", "Startup Cost": 10000000001.09, "Total Cost": 1000017188325.12, "Plan Rows": 238955, "Plan Width": 12, "Inner Unique": false, "Plans": [{"Node Type": "Nested Loop", "Parent Relationship": "Outer", "Join Type": "Inner", "Startup Cost": 10000000000.26, "Total Cost": 1000016149093.12, "Plan Rows": 209278, "Plan Width": 4, "Inner Unique": true, "Plans": [{"Node Type": "Index Scan", "Parent Relationship": "Outer", "Scan Direction": "Forward", "Index Name": "movie_id_movie_companies", "Relation Name": "movie_companies", "Alias": "mc", "Startup Cost": 10000000000.0, "Total Cost": 1000014356510.13, "Plan Rows": 418557, "Plan Width": 8, "Filter": "(((note)::text !~~ '%(TV)%'::text) AND ((note)::text ~~ '%(USA)%'::text)), (LLVM Optimized)"}, {"Node Type": "Bitmap Heap Scan", "Parent Relationship": "Inner", "Relation Name": "company_type", "Alias": "ct", "Startup Cost": 0.26, "Total Cost": 4.27, "Plan Rows": 1, "Plan Width": 4, "Recheck Cond": "(id = mc.company_type_id)", "Filter": "((kind)::text = 'production companies'::text)", "Plans": [{"Node Type": "Bitmap Index Scan", "Parent Relationship": "Outer", "Index Name": "company_type_pkey", "Startup Cost": 0.0, "Total Cost": 0.26, "Plan Rows": 1, "Plan Width": 0, "Index Cond": "(id = mc.company_type_id)"}]}]}, {"Node Type": "Bitmap Heap Scan", "Parent Relationship": "Inner", "Relation Name": "movie_info", "Alias": "mi", "Startup Cost": 0.83, "Total Cost": 4.96, "Plan Rows": 1, "Plan Width": 8, "Recheck Cond": "(movie_id = mc.movie_id)", "Filter": "((info)::text = ANY ('{Sweden,Norway,Germany,Denmark,Swedish,Denish,Norwegian,German,USA,American}'::text[]))", "Plans": [{"Node Type": "Bitmap Index Scan", "Parent Relationship": "Outer", "Index Name": "movie_id_movie_info", "Startup Cost": 0.0, "Total Cost": 0.83, "Plan Rows": 5, "Plan Width": 0, "Index Cond": "(movie_id = mc.movie_id)"}]}]}, {"Node Type": "Bitmap Heap Scan", "Parent Relationship": "Inner", "Relation Name": "info_type", "Alias": "it", "Startup Cost": 0.26, "Total Cost": 4.27, "Plan Rows": 1, "Plan Width": 4, "Recheck Cond": "(id = mi.info_type_id)", "Plans": [{"Node Type": "Bitmap Index Scan", "Parent Relationship": "Outer", "Index Name": "info_type_pkey", "Startup Cost": 0.0, "Total Cost": 0.26, "Plan Rows": 1, "Plan Width": 0, "Index Cond": "(id = mi.info_type_id)"}]}]}, {"Node Type": "Bitmap Heap Scan", "Parent Relationship": "Inner", "Relation Name": "title", "Alias": "t", "Startup Cost": 0.31, "Total Cost": 4.32, "Plan Rows": 1, "Plan Width": 21, "Recheck Cond": "(id = mi.movie_id)", "Filter": "(production_year > 1990)", "Plans": [{"Node Type": "Bitmap Index Scan", "Parent Relationship": "Outer", "Index Name": "title_pkey", "Startup Cost": 0.0, "Total Cost": 0.31, "Plan Rows": 1, "Plan Width": 0, "Index Cond": "(id = mi.movie_id)"}]}]}]}, "Unique SQL Id": 322094867}, "explain_analyze_plan": {"Plan": {"Node Type": "Aggregate", "Strategy": "Plain", "Startup Cost": 1000019247502.85, "Total Cost": 1000019247502.86, "Plan Rows": 1, "Plan Width": 49, "Actual Startup Time": 2983.243, "Actual Total Time": 2983.244, "Actual Rows": 1, "Actual Loops": 1, "Plans": [{"Node Type": "Nested Loop", "Parent Relationship": "Outer", "Join Type": "Inner", "Startup Cost": 10000000001.66, "Total Cost": 1000019246675.23, "Plan Rows": 331050, "Plan Width": 17, "Actual Startup Time": 32.619, "Actual Total Time": 2982.151, "Actual Rows": 669, "Actual Loops": 1, "Inner Unique": true, "Plans": [{"Node Type": "Nested Loop", "Parent Relationship": "Outer", "Join Type": "Inner", "Startup Cost": 10000000001.35, "Total Cost": 1000018211114.89, "Plan Rows": 238955, "Plan Width": 8, "Actual Startup Time": 32.603, "Actual Total Time": 2974.089, "Actual Rows": 691, "Actual Loops": 1, "Inner Unique": true, "Plans": [{"Node Type": "Nested Loop", "Parent Relationship": "Outer", "Join Type": "Inner", "Startup Cost": 10000000001.09, "Total Cost": 1000017188325.12, "Plan Rows": 238955, "Plan Width": 12, "Actual Startup Time": 32.594, "Actual Total Time": 2969.962, "Actual Rows": 691, "Actual Loops": 1, "Inner Unique": false, "Plans": [{"Node Type": "Nested Loop", "Parent Relationship": "Outer", "Join Type": "Inner", "Startup Cost": 10000000000.26, "Total Cost": 1000016149093.12, "Plan Rows": 209278, "Plan Width": 4, "Actual Startup Time": 32.553, "Actual Total Time": 2937.753, "Actual Rows": 798, "Actual Loops": 1, "Inner Unique": true, "Plans": [{"Node Type": "Index Scan", "Parent Relationship": "Outer", "Scan Direction": "Forward", "Index Name": "movie_id_movie_companies", "Relation Name": "movie_companies", "Alias": "mc", "Startup Cost": 10000000000.0, "Total Cost": 1000014356510.13, "Plan Rows": 418557, "Plan Width": 8, "Actual Startup Time": 0.054, "Actual Total Time": 2285.125, "Actual Rows": 295628, "Actual Loops": 1, "Filter": "(((note)::text !~~ '%(TV)%'::text) AND ((note)::text ~~ '%(USA)%'::text)), (LLVM Optimized, Jit Execute)", "Rows Removed by Filter": 2313500}, {"Node Type": "Bitmap Heap Scan", "Parent Relationship": "Inner", "Relation Name": "company_type", "Alias": "ct", "Startup Cost": 0.26, "Total Cost": 4.27, "Plan Rows": 1, "Plan Width": 4, "Actual Startup Time": 341.416, "Actual Total Time": 341.416, "Actual Rows": 798, "Actual Loops": 295628, "Recheck Cond": "(id = mc.company_type_id)", "Rows Removed by Index Recheck": 0, "Filter": "((kind)::text = 'production companies'::text)", "Rows Removed by Filter": 0, "Exact Heap Blocks": 798, "Lossy Heap Blocks": 798, "Plans": [{"Node Type": "Bitmap Index Scan", "Parent Relationship": "Outer", "Index Name": "company_type_pkey", "Startup Cost": 0.0, "Total Cost": 0.26, "Plan Rows": 1, "Plan Width": 0, "Actual Startup Time": 205.492, "Actual Total Time": 205.492, "Actual Rows": 798, "Actual Loops": 295628, "Index Cond": "(id = mc.company_type_id)"}]}]}, {"Node Type": "Bitmap Heap Scan", "Parent Relationship": "Inner", "Relation Name": "movie_info", "Alias": "mi", "Startup Cost": 0.83, "Total Cost": 4.96, "Plan Rows": 1, "Plan Width": 8, "Actual Startup Time": 27.613, "Actual Total Time": 30.269, "Actual Rows": 691, "Actual Loops": 798, "Recheck Cond": "(movie_id = mc.movie_id)", "Rows Removed by Index Recheck": 0, "Filter": "((info)::text = ANY ('{Sweden,Norway,Germany,Denmark,Swedish,Denish,Norwegian,German,USA,American}'::text[]))", "Rows Removed by Filter": 7906, "Exact Heap Blocks": 6397, "Lossy Heap Blocks": 6397, "Plans": [{"Node Type": "Bitmap Index Scan", "Parent Relationship": "Outer", "Index Name": "movie_id_movie_info", "Startup Cost": 0.0, "Total Cost": 0.83, "Plan Rows": 5, "Plan Width": 0, "Actual Startup Time": 6.949, "Actual Total Time": 6.949, "Actual Rows": 8597, "Actual Loops": 798, "Index Cond": "(movie_id = mc.movie_id)"}]}]}, {"Node Type": "Bitmap Heap Scan", "Parent Relationship": "Inner", "Relation Name": "info_type", "Alias": "it", "Startup Cost": 0.26, "Total Cost": 4.27, "Plan Rows": 1, "Plan Width": 4, "Actual Startup Time": 2.573, "Actual Total Time": 2.573, "Actual Rows": 691, "Actual Loops": 691, "Recheck Cond": "(id = mi.info_type_id)", "Rows Removed by Index Recheck": 0, "Exact Heap Blocks": 691, "Lossy Heap Blocks": 691, "Plans": [{"Node Type": "Bitmap Index Scan", "Parent Relationship": "Outer", "Index Name": "info_type_pkey", "Startup Cost": 0.0, "Total Cost": 0.26, "Plan Rows": 1, "Plan Width": 0, "Actual Startup Time": 1.179, "Actual Total Time": 1.179, "Actual Rows": 691, "Actual Loops": 691, "Index Cond": "(id = mi.info_type_id)"}]}]}, {"Node Type": "Bitmap Heap Scan", "Parent Relationship": "Inner", "Relation Name": "title", "Alias": "t", "Startup Cost": 0.31, "Total Cost": 4.32, "Plan Rows": 1, "Plan Width": 21, "Actual Startup Time": 6.58, "Actual Total Time": 6.58, "Actual Rows": 669, "Actual Loops": 691, "Recheck Cond": "(id = mi.movie_id)", "Rows Removed by Index Recheck": 0, "Filter": "(production_year > 1990)", "Rows Removed by Filter": 22, "Exact Heap Blocks": 691, "Lossy Heap Blocks": 691, "Plans": [{"Node Type": "Bitmap Index Scan", "Parent Relationship": "Outer", "Index Name": "title_pkey", "Startup Cost": 0.0, "Total Cost": 0.31, "Plan Rows": 1, "Plan Width": 0, "Actual Startup Time": 3.813, "Actual Total Time": 3.813, "Actual Rows": 691, "Actual Loops": 691, "Index Cond": "(id = mi.movie_id)"}]}]}]}, "Triggers": [], "Planner Runtime": 4.896, "Total Runtime": 2992.474, "Unique SQL Id": 322094867}}, "(1, 88)": {"explain_plan": {"Plan": {"Node Type": "Aggregate", "Strategy": "Plain", "Startup Cost": 503598.61, "Total Cost": 503598.62, "Plan Rows": 1, "Plan Width": 49, "Plans": [{"Node Type": "Merge Join", "Parent Relationship": "Outer", "Join Type": "Inner", "Startup Cost": 497892.98, "Total Cost": 502770.99, "Plan Rows": 331050, "Plan Width": 17, "Inner Unique": false, "Merge Cond": "(it.id = mi.info_type_id)", "Plans": [{"Node Type": "Index Only Scan", "Parent Relationship": "Outer", "Scan Direction": "Forward", "Index Name": "info_type_pkey", "Relation Name": "info_type", "Alias": "it", "Startup Cost": 0.0, "Total Cost": 2.12, "Plan Rows": 112, "Plan Width": 4}, {"Node Type": "Sort", "Parent Relationship": "Inner", "Startup Cost": 497802.88, "Total Cost": 498630.5, "Plan Rows": 331050, "Plan Width": 21, "Sort Key": ["mi.info_type_id"], "Plans": [{"Node Type": "Nested Loop", "Parent Relationship": "Outer", "Join Type": "Inner", "Startup Cost": 0.0, "Total Cost": 467451.07, "Plan Rows": 331050, "Plan Width": 21, "Inner Unique": false, "Plans": [{"Node Type": "Nested Loop", "Parent Relationship": "Outer", "Join Type": "Inner", "Startup Cost": 0.0, "Total Cost": 208933.0, "Plan Rows": 289936, "Plan Width": 25, "Inner Unique": true, "Plans": [{"Node Type": "Nested Loop", "Parent Relationship": "Outer", "Join Type": "Inner", "Startup Cost": 0.0, "Total Cost": 61734.18, "Plan Rows": 209278, "Plan Width": 4, "Inner Unique": false, "Plans": [{"Node Type": "Seq Scan", "Parent Relationship": "Outer", "Relation Name": "company_type", "Alias": "ct", "Startup Cost": 0.0, "Total Cost": 1.04, "Plan Rows": 1, "Plan Width": 4, "Filter": "((kind)::text = 'production companies'::text)"}, {"Node Type": "Index Scan", "Parent Relationship": "Inner", "Scan Direction": "Forward", "Index Name": "company_type_id_movie_companies", "Relation Name": "movie_companies", "Alias": "mc", "Startup Cost": 0.0, "Total Cost": 59640.35, "Plan Rows": 209279, "Plan Width": 8, "Index Cond": "(company_type_id = ct.id), (LLVM Optimized)", "Filter": "(((note)::text !~~ '%(TV)%'::text) AND ((note)::text ~~ '%(USA)%'::text)), (LLVM Optimized)"}]}, {"Node Type": "Index Scan", "Parent Relationship": "Inner", "Scan Direction": "Forward", "Index Name": "title_pkey", "Relation Name": "title", "Alias": "t", "Startup Cost": 0.0, "Total Cost": 0.69, "Plan Rows": 1, "Plan Width": 21, "Index Cond": "(id = mc.movie_id)", "Filter": "(production_year > 1990)"}]}, {"Node Type": "Index Scan", "Parent Relationship": "Inner", "Scan Direction": "Forward", "Index Name": "movie_id_movie_info", "Relation Name": "movie_info", "Alias": "mi", "Startup Cost": 0.0, "Total Cost": 0.88, "Plan Rows": 1, "Plan Width": 8, "Index Cond": "(movie_id = t.id)", "Filter": "((info)::text = ANY ('{Sweden,Norway,Germany,Denmark,Swedish,Denish,Norwegian,German,USA,American}'::text[]))"}]}]}]}]}, "Unique SQL Id": 322094867}, "explain_analyze_plan": {"Plan": {"Node Type": "Aggregate", "Strategy": "Plain", "Startup Cost": 503598.61, "Total Cost": 503598.62, "Plan Rows": 1, "Plan Width": 49, "Actual Startup Time": 668.891, "Actual Total Time": 668.891, "Actual Rows": 1, "Actual Loops": 1, "Plans": [{"Node Type": "Merge Join", "Parent Relationship": "Outer", "Join Type": "Inner", "Startup Cost": 497892.98, "Total Cost": 502770.99, "Plan Rows": 331050, "Plan Width": 17, "Actual Startup Time": 668.428, "Actual Total Time": 668.667, "Actual Rows": 669, "Actual Loops": 1, "Inner Unique": false, "Merge Cond": "(it.id = mi.info_type_id)", "Plans": [{"Node Type": "Index Only Scan", "Parent Relationship": "Outer", "Scan Direction": "Forward", "Index Name": "info_type_pkey", "Relation Name": "info_type", "Alias": "it", "Startup Cost": 0.0, "Total Cost": 2.12, "Plan Rows": 112, "Plan Width": 4, "Actual Startup Time": 0.015, "Actual Total Time": 0.02, "Actual Rows": 18, "Actual Loops": 1, "Heap Fetches": 0}, {"Node Type": "Sort", "Parent Relationship": "Inner", "Startup Cost": 497802.88, "Total Cost": 498630.5, "Plan Rows": 331050, "Plan Width": 21, "Actual Startup Time": 668.393, "Actual Total Time": 668.468, "Actual Rows": 669, "Actual Loops": 1, "Sort Key": ["mi.info_type_id"], "Sort Method": "quicksort", "Sort Space Used": 90, "Sort Space Type": "Memory", "Plans": [{"Node Type": "Nested Loop", "Parent Relationship": "Outer", "Join Type": "Inner", "Startup Cost": 0.0, "Total Cost": 467451.07, "Plan Rows": 331050, "Plan Width": 21, "Actual Startup Time": 8.64, "Actual Total Time": 667.959, "Actual Rows": 669, "Actual Loops": 1, "Inner Unique": false, "Plans": [{"Node Type": "Nested Loop", "Parent Relationship": "Outer", "Join Type": "Inner", "Startup Cost": 0.0, "Total Cost": 208933.0, "Plan Rows": 289936, "Plan Width": 25, "Actual Startup Time": 8.619, "Actual Total Time": 649.353, "Actual Rows": 767, "Actual Loops": 1, "Inner Unique": true, "Plans": [{"Node Type": "Nested Loop", "Parent Relationship": "Outer", "Join Type": "Inner", "Startup Cost": 0.0, "Total Cost": 61734.18, "Plan Rows": 209278, "Plan Width": 4, "Actual Startup Time": 8.598, "Actual Total Time": 643.737, "Actual Rows": 798, "Actual Loops": 1, "Inner Unique": false, "Plans": [{"Node Type": "Seq Scan", "Parent Relationship": "Outer", "Relation Name": "company_type", "Alias": "ct", "Startup Cost": 0.0, "Total Cost": 1.04, "Plan Rows": 1, "Plan Width": 4, "Actual Startup Time": 0.023, "Actual Total Time": 0.03, "Actual Rows": 1, "Actual Loops": 1, "Filter": "((kind)::text = 'production companies'::text)", "Rows Removed by Filter": 2}, {"Node Type": "Index Scan", "Parent Relationship": "Inner", "Scan Direction": "Forward", "Index Name": "company_type_id_movie_companies", "Relation Name": "movie_companies", "Alias": "mc", "Startup Cost": 0.0, "Total Cost": 59640.35, "Plan Rows": 209279, "Plan Width": 8, "Actual Startup Time": 8.57, "Actual Total Time": 643.491, "Actual Rows": 798, "Actual Loops": 1, "Index Cond": "(company_type_id = ct.id), (LLVM Optimized, Jit Execute)", "Rows Removed by Index Recheck": 0, "Filter": "(((note)::text !~~ '%(TV)%'::text) AND ((note)::text ~~ '%(USA)%'::text)), (LLVM Optimized, Jit Execute)", "Rows Removed by Filter": 1334085}]}, {"Node Type": "Index Scan", "Parent Relationship": "Inner", "Scan Direction": "Forward", "Index Name": "title_pkey", "Relation Name": "title", "Alias": "t", "Startup Cost": 0.0, "Total Cost": 0.69, "Plan Rows": 1, "Plan Width": 21, "Actual Startup Time": 4.608, "Actual Total Time": 4.608, "Actual Rows": 767, "Actual Loops": 798, "Index Cond": "(id = mc.movie_id)", "Rows Removed by Index Recheck": 0, "Filter": "(production_year > 1990)", "Rows Removed by Filter": 31}]}, {"Node Type": "Index Scan", "Parent Relationship": "Inner", "Scan Direction": "Forward", "Index Name": "movie_id_movie_info", "Relation Name": "movie_info", "Alias": "mi", "Startup Cost": 0.0, "Total Cost": 0.88, "Plan Rows": 1, "Plan Width": 8, "Actual Startup Time": 15.68, "Actual Total Time": 17.929, "Actual Rows": 669, "Actual Loops": 767, "Index Cond": "(movie_id = t.id)", "Rows Removed by Index Recheck": 0, "Filter": "((info)::text = ANY ('{Sweden,Norway,Germany,Denmark,Swedish,Denish,Norwegian,German,USA,American}'::text[]))", "Rows Removed by Filter": 7721}]}]}]}]}, "Triggers": [], "Planner Runtime": 7.604, "Total Runtime": 678.367, "Unique SQL Id": 322094867}}, "(1, 89)": {"explain_plan": {"Plan": {"Node Type": "Aggregate", "Strategy": "Plain", "Startup Cost": 503617.55, "Total Cost": 503617.56, "Plan Rows": 1, "Plan Width": 49, "Plans": [{"Node Type": "Merge Join", "Parent Relationship": "Outer", "Join Type": "Inner", "Startup Cost": 497904.24, "Total Cost": 502789.92, "Plan Rows": 331050, "Plan Width": 17, "Inner Unique": false, "Merge Cond": "(it.id = mi.info_type_id)", "Plans": [{"Node Type": "Index Only Scan", "Parent Relationship": "Outer", "Scan Direction": "Forward", "Index Name": "info_type_pkey", "Relation Name": "info_type", "Alias": "it", "Startup Cost": 0.0, "Total Cost": 9.93, "Plan Rows": 112, "Plan Width": 4}, {"Node Type": "Sort", "Parent Relationship": "Inner", "Startup Cost": 497814.14, "Total Cost": 498641.77, "Plan Rows": 331050, "Plan Width": 21, "Sort Key": ["mi.info_type_id"], "Plans": [{"Node Type": "Nested Loop", "Parent Relationship": "Outer", "Join Type": "Inner", "Startup Cost": 0.0, "Total Cost": 467462.34, "Plan Rows": 331050, "Plan Width": 21, "Inner Unique": false, "Plans": [{"Node Type": "Nested Loop", "Parent Relationship": "Outer", "Join Type": "Inner", "Startup Cost": 0.0, "Total Cost": 208944.27, "Plan Rows": 289936, "Plan Width": 25, "Inner Unique": true, "Plans": [{"Node Type": "Nested Loop", "Parent Relationship": "Outer", "Join Type": "Inner", "Startup Cost": 0.0, "Total Cost": 61745.44, "Plan Rows": 209278, "Plan Width": 4, "Inner Unique": false, "Plans": [{"Node Type": "Index Scan", "Parent Relationship": "Outer", "Scan Direction": "Forward", "Index Name": "company_type_pkey", "Relation Name": "company_type", "Alias": "ct", "Startup Cost": 0.0, "Total Cost": 12.3, "Plan Rows": 1, "Plan Width": 4, "Filter": "((kind)::text = 'production companies'::text)"}, {"Node Type": "Index Scan", "Parent Relationship": "Inner", "Scan Direction": "Forward", "Index Name": "company_type_id_movie_companies", "Relation Name": "movie_companies", "Alias": "mc", "Startup Cost": 0.0, "Total Cost": 59640.35, "Plan Rows": 209279, "Plan Width": 8, "Index Cond": "(company_type_id = ct.id), (LLVM Optimized)", "Filter": "(((note)::text !~~ '%(TV)%'::text) AND ((note)::text ~~ '%(USA)%'::text)), (LLVM Optimized)"}]}, {"Node Type": "Index Scan", "Parent Relationship": "Inner", "Scan Direction": "Forward", "Index Name": "title_pkey", "Relation Name": "title", "Alias": "t", "Startup Cost": 0.0, "Total Cost": 0.69, "Plan Rows": 1, "Plan Width": 21, "Index Cond": "(id = mc.movie_id)", "Filter": "(production_year > 1990)"}]}, {"Node Type": "Index Scan", "Parent Relationship": "Inner", "Scan Direction": "Forward", "Index Name": "movie_id_movie_info", "Relation Name": "movie_info", "Alias": "mi", "Startup Cost": 0.0, "Total Cost": 0.88, "Plan Rows": 1, "Plan Width": 8, "Index Cond": "(movie_id = t.id)", "Filter": "((info)::text = ANY ('{Sweden,Norway,Germany,Denmark,Swedish,Denish,Norwegian,German,USA,American}'::text[]))"}]}]}]}]}, "Unique SQL Id": 322094867}, "explain_analyze_plan": {"Plan": {"Node Type": "Aggregate", "Strategy": "Plain", "Startup Cost": 503617.55, "Total Cost": 503617.56, "Plan Rows": 1, "Plan Width": 49, "Actual Startup Time": 806.542, "Actual Total Time": 806.542, "Actual Rows": 1, "Actual Loops": 1, "Plans": [{"Node Type": "Merge Join", "Parent Relationship": "Outer", "Join Type": "Inner", "Startup Cost": 497904.24, "Total Cost": 502789.92, "Plan Rows": 331050, "Plan Width": 17, "Actual Startup Time": 806.067, "Actual Total Time": 806.325, "Actual Rows": 669, "Actual Loops": 1, "Inner Unique": false, "Merge Cond": "(it.id = mi.info_type_id)", "Plans": [{"Node Type": "Index Only Scan", "Parent Relationship": "Outer", "Scan Direction": "Forward", "Index Name": "info_type_pkey", "Relation Name": "info_type", "Alias": "it", "Startup Cost": 0.0, "Total Cost": 9.93, "Plan Rows": 112, "Plan Width": 4, "Actual Startup Time": 0.015, "Actual Total Time": 0.021, "Actual Rows": 18, "Actual Loops": 1, "Heap Fetches": 0}, {"Node Type": "Sort", "Parent Relationship": "Inner", "Startup Cost": 497814.14, "Total Cost": 498641.77, "Plan Rows": 331050, "Plan Width": 21, "Actual Startup Time": 806.037, "Actual Total Time": 806.122, "Actual Rows": 669, "Actual Loops": 1, "Sort Key": ["mi.info_type_id"], "Sort Method": "quicksort", "Sort Space Used": 90, "Sort Space Type": "Memory", "Plans": [{"Node Type": "Nested Loop", "Parent Relationship": "Outer", "Join Type": "Inner", "Startup Cost": 0.0, "Total Cost": 467462.34, "Plan Rows": 331050, "Plan Width": 21, "Actual Startup Time": 10.032, "Actual Total Time": 805.62, "Actual Rows": 669, "Actual Loops": 1, "Inner Unique": false, "Plans": [{"Node Type": "Nested Loop", "Parent Relationship": "Outer", "Join Type": "Inner", "Startup Cost": 0.0, "Total Cost": 208944.27, "Plan Rows": 289936, "Plan Width": 25, "Actual Startup Time": 10.002, "Actual Total Time": 777.234, "Actual Rows": 767, "Actual Loops": 1, "Inner Unique": true, "Plans": [{"Node Type": "Nested Loop", "Parent Relationship": "Outer", "Join Type": "Inner", "Startup Cost": 0.0, "Total Cost": 61745.44, "Plan Rows": 209278, "Plan Width": 4, "Actual Startup Time": 9.972, "Actual Total Time": 769.432, "Actual Rows": 798, "Actual Loops": 1, "Inner Unique": false, "Plans": [{"Node Type": "Index Scan", "Parent Relationship": "Outer", "Scan Direction": "Forward", "Index Name": "company_type_pkey", "Relation Name": "company_type", "Alias": "ct", "Startup Cost": 0.0, "Total Cost": 12.3, "Plan Rows": 1, "Plan Width": 4, "Actual Startup Time": 0.019, "Actual Total Time": 0.028, "Actual Rows": 1, "Actual Loops": 1, "Filter": "((kind)::text = 'production companies'::text)", "Rows Removed by Filter": 2}, {"Node Type": "Index Scan", "Parent Relationship": "Inner", "Scan Direction": "Forward", "Index Name": "company_type_id_movie_companies", "Relation Name": "movie_companies", "Alias": "mc", "Startup Cost": 0.0, "Total Cost": 59640.35, "Plan Rows": 209279, "Plan Width": 8, "Actual Startup Time": 9.947, "Actual Total Time": 769.189, "Actual Rows": 798, "Actual Loops": 1, "Index Cond": "(company_type_id = ct.id), (LLVM Optimized, Jit Execute)", "Rows Removed by Index Recheck": 0, "Filter": "(((note)::text !~~ '%(TV)%'::text) AND ((note)::text ~~ '%(USA)%'::text)), (LLVM Optimized, Jit Execute)", "Rows Removed by Filter": 1334085}]}, {"Node Type": "Index Scan", "Parent Relationship": "Inner", "Scan Direction": "Forward", "Index Name": "title_pkey", "Relation Name": "title", "Alias": "t", "Startup Cost": 0.0, "Total Cost": 0.69, "Plan Rows": 1, "Plan Width": 21, "Actual Startup Time": 6.951, "Actual Total Time": 6.951, "Actual Rows": 767, "Actual Loops": 798, "Index Cond": "(id = mc.movie_id)", "Rows Removed by Index Recheck": 0, "Filter": "(production_year > 1990)", "Rows Removed by Filter": 31}]}, {"Node Type": "Index Scan", "Parent Relationship": "Inner", "Scan Direction": "Forward", "Index Name": "movie_id_movie_info", "Relation Name": "movie_info", "Alias": "mi", "Startup Cost": 0.0, "Total Cost": 0.88, "Plan Rows": 1, "Plan Width": 8, "Actual Startup Time": 24.471, "Actual Total Time": 27.673, "Actual Rows": 669, "Actual Loops": 767, "Index Cond": "(movie_id = t.id)", "Rows Removed by Index Recheck": 0, "Filter": "((info)::text = ANY ('{Sweden,Norway,Germany,Denmark,Swedish,Denish,Norwegian,German,USA,American}'::text[]))", "Rows Removed by Filter": 7721}]}]}]}]}, "Triggers": [], "Planner Runtime": 6.541, "Total Runtime": 816.125, "Unique SQL Id": 322094867}}, "(1, 90)": {"explain_plan": {"Plan": {"Node Type": "Aggregate", "Strategy": "Plain", "Startup Cost": 973794.18, "Total Cost": 973794.19, "Plan Rows": 1, "Plan Width": 49, "Plans": [{"Node Type": "Merge Join", "Parent Relationship": "Outer", "Join Type": "Inner", "Startup Cost": 968090.36, "Total Cost": 972966.56, "Plan Rows": 331050, "Plan Width": 17, "Inner Unique": false, "Merge Cond": "(it.id = mi.info_type_id)", "Plans": [{"Node Type": "Sort", "Parent Relationship": "Outer", "Startup Cost": 5.93, "Total Cost": 6.21, "Plan Rows": 112, "Plan Width": 4, "Sort Key": ["it.id"], "Plans": [{"Node Type": "Seq Scan", "Parent Relationship": "Outer", "Relation Name": "info_type", "Alias": "it", "Startup Cost": 0.0, "Total Cost": 2.12, "Plan Rows": 112, "Plan Width": 4}]}, {"Node Type": "Sort", "Parent Relationship": "Inner", "Startup Cost": 967994.32, "Total Cost": 968821.95, "Plan Rows": 331050, "Plan Width": 21, "Sort Key": ["mi.info_type_id"], "Plans": [{"Node Type": "Merge Join", "Parent Relationship": "Outer", "Join Type": "Inner", "Startup Cost": 917930.63, "Total Cost": 937642.52, "Plan Rows": 331050, "Plan Width": 21, "Inner Unique": true, "Merge Cond": "(mi.movie_id = t.id)", "Plans": [{"Node Type": "Merge Join", "Parent Relationship": "Outer", "Join Type": "Inner", "Startup Cost": 670203.59, "Total Cost": 677269.81, "Plan Rows": 238955, "Plan Width": 12, "Inner Unique": false, "Merge Cond": "(mc.movie_id = mi.movie_id)", "Plans": [{"Node Type": "Sort", "Parent Relationship": "Outer", "Startup Cost": 116627.44, "Total Cost": 117150.64, "Plan Rows": 209278, "Plan Width": 4, "Sort Key": ["mc.movie_id"], "Plans": [{"Node Type": "Merge Join", "Parent Relationship": "Outer", "Join Type": "Inner", "Startup Cost": 94971.16, "Total Cost": 98132.44, "Plan Rows": 209278, "Plan Width": 4, "Inner Unique": false, "Merge Cond": "(ct.id = mc.company_type_id)", "Plans": [{"Node Type": "Sort", "Parent Relationship": "Outer", "Startup Cost": 1.05, "Total Cost": 1.05, "Plan Rows": 1, "Plan Width": 4, "Sort Key": ["ct.id"], "Plans": [{"Node Type": "Seq Scan", "Parent Relationship": "Outer", "Relation Name": "company_type", "Alias": "ct", "Startup Cost": 0.0, "Total Cost": 1.04, "Plan Rows": 1, "Plan Width": 4, "Filter": "((kind)::text = 'production companies'::text)"}]}, {"Node Type": "Sort", "Parent Relationship": "Inner", "Startup Cost": 93945.82, "Total Cost": 94992.21, "Plan Rows": 418557, "Plan Width": 8, "Sort Key": ["mc.company_type_id"], "Plans": [{"Node Type": "Seq Scan", "Parent Relationship": "Outer", "Relation Name": "movie_companies", "Alias": "mc", "Startup Cost": 0.0, "Total Cost": 54862.92, "Plan Rows": 418557, "Plan Width": 8, "Filter": "(((note)::text !~~ '%(TV)%'::text) AND ((note)::text ~~ '%(USA)%'::text)), (LLVM Optimized)"}]}]}]}, {"Node Type": "Sort", "Parent Relationship": "Inner", "Startup Cost": 553576.13, "Total Cost": 555392.07, "Plan Rows": 726375, "Plan Width": 8, "Sort Key": ["mi.movie_id"], "Plans": [{"Node Type": "Seq Scan", "Parent Relationship": "Outer", "Relation Name": "movie_info", "Alias": "mi", "Startup Cost": 0.0, "Total Cost": 482862.23, "Plan Rows": 726375, "Plan Width": 8, "Filter": "((info)::text = ANY ('{Sweden,Norway,Germany,Denmark,Swedish,Denish,Norwegian,German,USA,American}'::text[]))"}]}]}, {"Node Type": "Sort", "Parent Relationship": "Inner", "Startup Cost": 247726.82, "Total Cost": 252098.92, "Plan Rows": 1748840, "Plan Width": 21, "Sort Key": ["t.id"], "Plans": [{"Node Type": "Seq Scan", "Parent Relationship": "Outer", "Relation Name": "title", "Alias": "t", "Startup Cost": 0.0, "Total Cost": 66389.89, "Plan Rows": 1748840, "Plan Width": 21, "Filter": "(production_year > 1990), (LLVM Optimized)"}]}]}]}]}]}, "Unique SQL Id": 322094867}, "explain_analyze_plan": null}, "(1, 91)": {"explain_plan": {"Plan": {"Node Type": "Aggregate", "Strategy": "Plain", "Startup Cost": 4981329392227.96, "Total Cost": 4981329392227.97, "Plan Rows": 1, "Plan Width": 49, "Plans": [{"Node Type": "Merge Join", "Parent Relationship": "Outer", "Join Type": "Inner", "Startup Cost": 3992044039798.95, "Total Cost": 4981329391400.33, "Plan Rows": 331050, "Plan Width": 17, "Inner Unique": true, "Merge Cond": "(mi.movie_id = t.id)", "Plans": [{"Node Type": "Sort", "Parent Relationship": "Outer", "Startup Cost": 3982019131566.9, "Total Cost": 3982019132164.29, "Plan Rows": 238955, "Plan Width": 8, "Sort Key": ["mc.movie_id"], "Plans": [{"Node Type": "Merge Join", "Parent Relationship": "Outer", "Join Type": "Inner", "Startup Cost": 3009697677154.34, "Total Cost": 3982019110220.6, "Plan Rows": 238955, "Plan Width": 8, "Inner Unique": false, "Merge Cond": "(it.id = mi.info_type_id)", "Plans": [{"Node Type": "Index Only Scan", "Parent Relationship": "Outer", "Scan Direction": "Forward", "Index Name": "info_type_pkey", "Relation Name": "info_type", "Alias": "it", "Startup Cost": 10000000000.0, "Total Cost": 1000000000993.0, "Plan Rows": 112, "Plan Width": 4}, {"Node Type": "Sort", "Parent Relationship": "Inner", "Startup Cost": 2999697677089.3, "Total Cost": 2999697677686.69, "Plan Rows": 238955, "Plan Width": 12, "Sort Key": ["mi.info_type_id"], "Plans": [{"Node Type": "Merge Join", "Parent Relationship": "Outer", "Join Type": "Inner", "Startup Cost": 2010005985853.06, "Total Cost": 2999697655743.0, "Plan Rows": 238955, "Plan Width": 12, "Inner Unique": false, "Merge Cond": "(mi.movie_id = mc.movie_id)", "Plans": [{"Node Type": "Index Scan", "Parent Relationship": "Outer", "Scan Direction": "Forward", "Index Name": "movie_id_movie_info", "Relation Name": "movie_info", "Alias": "mi", "Startup Cost": 10000000000.0, "Total Cost": 1000122404369.72, "Plan Rows": 726375, "Plan Width": 8, "Filter": "((info)::text = ANY ('{Sweden,Norway,Germany,Denmark,Swedish,Denish,Norwegian,German,USA,American}'::text[]))"}, {"Node Type": "Sort", "Parent Relationship": "Inner", "Startup Cost": 2000005985853.05, "Total Cost": 2000005986376.24, "Plan Rows": 209278, "Plan Width": 4, "Sort Key": ["mc.movie_id"], "Plans": [{"Node Type": "Nested Loop", "Parent Relationship": "Outer", "Join Type": "Inner", "Startup Cost": 20000000000.0, "Total Cost": 2000005967358.04, "Plan Rows": 209278, "Plan Width": 4, "Inner Unique": false, "Plans": [{"Node Type": "Index Scan", "Parent Relationship": "Outer", "Scan Direction": "Forward", "Index Name": "company_type_pkey", "Relation Name": "company_type", "Alias": "ct", "Startup Cost": 10000000000.0, "Total Cost": 1000000001230.25, "Plan Rows": 1, "Plan Width": 4, "Filter": "((kind)::text = 'production companies'::text)"}, {"Node Type": "Index Scan", "Parent Relationship": "Inner", "Scan Direction": "Forward", "Index Name": "company_type_id_movie_companies", "Relation Name": "movie_companies", "Alias": "mc", "Startup Cost": 10000000000.0, "Total Cost": 1000005964035.0, "Plan Rows": 209279, "Plan Width": 8, "Index Cond": "(company_type_id = ct.id), (LLVM Optimized)", "Filter": "(((note)::text !~~ '%(TV)%'::text) AND ((note)::text ~~ '%(USA)%'::text)), (LLVM Optimized)"}]}]}]}]}]}]}, {"Node Type": "Index Scan", "Parent Relationship": "Inner", "Scan Direction": "Forward", "Index Name": "title_pkey", "Relation Name": "title", "Alias": "t", "Startup Cost": 10000000000.0, "Total Cost": 1000011644126.66, "Plan Rows": 1748840, "Plan Width": 21, "Filter": "(production_year > 1990), (LLVM Optimized)"}]}]}, "Unique SQL Id": 322094867}, "explain_analyze_plan": null}, "(1, 92)": {"explain_plan": {"Plan": {"Node Type": "Aggregate", "Strategy": "Plain", "Startup Cost": 503602.74, "Total Cost": 503602.75, "Plan Rows": 1, "Plan Width": 49, "Plans": [{"Node Type": "Merge Join", "Parent Relationship": "Outer", "Join Type": "Inner", "Startup Cost": 497898.91, "Total Cost": 502775.11, "Plan Rows": 331050, "Plan Width": 17, "Inner Unique": false, "Merge Cond": "(it.id = mi.info_type_id)", "Plans": [{"Node Type": "Sort", "Parent Relationship": "Outer", "Startup Cost": 5.93, "Total Cost": 6.21, "Plan Rows": 112, "Plan Width": 4, "Sort Key": ["it.id"], "Plans": [{"Node Type": "Seq Scan", "Parent Relationship": "Outer", "Relation Name": "info_type", "Alias": "it", "Startup Cost": 0.0, "Total Cost": 2.12, "Plan Rows": 112, "Plan Width": 4}]}, {"Node Type": "Sort", "Parent Relationship": "Inner", "Startup Cost": 497802.88, "Total Cost": 498630.5, "Plan Rows": 331050, "Plan Width": 21, "Sort Key": ["mi.info_type_id"], "Plans": [{"Node Type": "Nested Loop", "Parent Relationship": "Outer", "Join Type": "Inner", "Startup Cost": 0.0, "Total Cost": 467451.07, "Plan Rows": 331050, "Plan Width": 21, "Inner Unique": false, "Plans": [{"Node Type": "Nested Loop", "Parent Relationship": "Outer", "Join Type": "Inner", "Startup Cost": 0.0, "Total Cost": 208933.0, "Plan Rows": 289936, "Plan Width": 25, "Inner Unique": true, "Plans": [{"Node Type": "Nested Loop", "Parent Relationship": "Outer", "Join Type": "Inner", "Startup Cost": 0.0, "Total Cost": 61734.18, "Plan Rows": 209278, "Plan Width": 4, "Inner Unique": false, "Plans": [{"Node Type": "Seq Scan", "Parent Relationship": "Outer", "Relation Name": "company_type", "Alias": "ct", "Startup Cost": 0.0, "Total Cost": 1.04, "Plan Rows": 1, "Plan Width": 4, "Filter": "((kind)::text = 'production companies'::text)"}, {"Node Type": "Index Scan", "Parent Relationship": "Inner", "Scan Direction": "Forward", "Index Name": "company_type_id_movie_companies", "Relation Name": "movie_companies", "Alias": "mc", "Startup Cost": 0.0, "Total Cost": 59640.35, "Plan Rows": 209279, "Plan Width": 8, "Index Cond": "(company_type_id = ct.id), (LLVM Optimized)", "Filter": "(((note)::text !~~ '%(TV)%'::text) AND ((note)::text ~~ '%(USA)%'::text)), (LLVM Optimized)"}]}, {"Node Type": "Index Scan", "Parent Relationship": "Inner", "Scan Direction": "Forward", "Index Name": "title_pkey", "Relation Name": "title", "Alias": "t", "Startup Cost": 0.0, "Total Cost": 0.69, "Plan Rows": 1, "Plan Width": 21, "Index Cond": "(id = mc.movie_id)", "Filter": "(production_year > 1990)"}]}, {"Node Type": "Index Scan", "Parent Relationship": "Inner", "Scan Direction": "Forward", "Index Name": "movie_id_movie_info", "Relation Name": "movie_info", "Alias": "mi", "Startup Cost": 0.0, "Total Cost": 0.88, "Plan Rows": 1, "Plan Width": 8, "Index Cond": "(movie_id = t.id)", "Filter": "((info)::text = ANY ('{Sweden,Norway,Germany,Denmark,Swedish,Denish,Norwegian,German,USA,American}'::text[]))"}]}]}]}]}, "Unique SQL Id": 322094867}, "explain_analyze_plan": {"Plan": {"Node Type": "Aggregate", "Strategy": "Plain", "Startup Cost": 503602.74, "Total Cost": 503602.75, "Plan Rows": 1, "Plan Width": 49, "Actual Startup Time": 665.317, "Actual Total Time": 665.317, "Actual Rows": 1, "Actual Loops": 1, "Plans": [{"Node Type": "Merge Join", "Parent Relationship": "Outer", "Join Type": "Inner", "Startup Cost": 497898.91, "Total Cost": 502775.11, "Plan Rows": 331050, "Plan Width": 17, "Actual Startup Time": 664.845, "Actual Total Time": 665.09, "Actual Rows": 669, "Actual Loops": 1, "Inner Unique": false, "Merge Cond": "(it.id = mi.info_type_id)", "Plans": [{"Node Type": "Sort", "Parent Relationship": "Outer", "Startup Cost": 5.93, "Total Cost": 6.21, "Plan Rows": 112, "Plan Width": 4, "Actual Startup Time": 0.093, "Actual Total Time": 0.098, "Actual Rows": 18, "Actual Loops": 1, "Sort Key": ["it.id"], "Sort Method": "quicksort", "Sort Space Used": 32, "Sort Space Type": "Memory", "Plans": [{"Node Type": "Seq Scan", "Parent Relationship": "Outer", "Relation Name": "info_type", "Alias": "it", "Startup Cost": 0.0, "Total Cost": 2.12, "Plan Rows": 112, "Plan Width": 4, "Actual Startup Time": 0.029, "Actual Total Time": 0.046, "Actual Rows": 112, "Actual Loops": 1}]}, {"Node Type": "Sort", "Parent Relationship": "Inner", "Startup Cost": 497802.88, "Total Cost": 498630.5, "Plan Rows": 331050, "Plan Width": 21, "Actual Startup Time": 664.736, "Actual Total Time": 664.809, "Actual Rows": 669, "Actual Loops": 1, "Sort Key": ["mi.info_type_id"], "Sort Method": "quicksort", "Sort Space Used": 90, "Sort Space Type": "Memory", "Plans": [{"Node Type": "Nested Loop", "Parent Relationship": "Outer", "Join Type": "Inner", "Startup Cost": 0.0, "Total Cost": 467451.07, "Plan Rows": 331050, "Plan Width": 21, "Actual Startup Time": 8.544, "Actual Total Time": 664.33, "Actual Rows": 669, "Actual Loops": 1, "Inner Unique": false, "Plans": [{"Node Type": "Nested Loop", "Parent Relationship": "Outer", "Join Type": "Inner", "Startup Cost": 0.0, "Total Cost": 208933.0, "Plan Rows": 289936, "Plan Width": 25, "Actual Startup Time": 8.524, "Actual Total Time": 645.827, "Actual Rows": 767, "Actual Loops": 1, "Inner Unique": true, "Plans": [{"Node Type": "Nested Loop", "Parent Relationship": "Outer", "Join Type": "Inner", "Startup Cost": 0.0, "Total Cost": 61734.18, "Plan Rows": 209278, "Plan Width": 4, "Actual Startup Time": 8.503, "Actual Total Time": 640.286, "Actual Rows": 798, "Actual Loops": 1, "Inner Unique": false, "Plans": [{"Node Type": "Seq Scan", "Parent Relationship": "Outer", "Relation Name": "company_type", "Alias": "ct", "Startup Cost": 0.0, "Total Cost": 1.04, "Plan Rows": 1, "Plan Width": 4, "Actual Startup Time": 0.015, "Actual Total Time": 0.022, "Actual Rows": 1, "Actual Loops": 1, "Filter": "((kind)::text = 'production companies'::text)", "Rows Removed by Filter": 2}, {"Node Type": "Index Scan", "Parent Relationship": "Inner", "Scan Direction": "Forward", "Index Name": "company_type_id_movie_companies", "Relation Name": "movie_companies", "Alias": "mc", "Startup Cost": 0.0, "Total Cost": 59640.35, "Plan Rows": 209279, "Plan Width": 8, "Actual Startup Time": 8.484, "Actual Total Time": 640.011, "Actual Rows": 798, "Actual Loops": 1, "Index Cond": "(company_type_id = ct.id), (LLVM Optimized, Jit Execute)", "Rows Removed by Index Recheck": 0, "Filter": "(((note)::text !~~ '%(TV)%'::text) AND ((note)::text ~~ '%(USA)%'::text)), (LLVM Optimized, Jit Execute)", "Rows Removed by Filter": 1334085}]}, {"Node Type": "Index Scan", "Parent Relationship": "Inner", "Scan Direction": "Forward", "Index Name": "title_pkey", "Relation Name": "title", "Alias": "t", "Startup Cost": 0.0, "Total Cost": 0.69, "Plan Rows": 1, "Plan Width": 21, "Actual Startup Time": 4.632, "Actual Total Time": 4.632, "Actual Rows": 767, "Actual Loops": 798, "Index Cond": "(id = mc.movie_id)", "Rows Removed by Index Recheck": 0, "Filter": "(production_year > 1990)", "Rows Removed by Filter": 31}]}, {"Node Type": "Index Scan", "Parent Relationship": "Inner", "Scan Direction": "Forward", "Index Name": "movie_id_movie_info", "Relation Name": "movie_info", "Alias": "mi", "Startup Cost": 0.0, "Total Cost": 0.88, "Plan Rows": 1, "Plan Width": 8, "Actual Startup Time": 15.573, "Actual Total Time": 17.808, "Actual Rows": 669, "Actual Loops": 767, "Index Cond": "(movie_id = t.id)", "Rows Removed by Index Recheck": 0, "Filter": "((info)::text = ANY ('{Sweden,Norway,Germany,Denmark,Swedish,Denish,Norwegian,German,USA,American}'::text[]))", "Rows Removed by Filter": 7721}]}]}]}]}, "Triggers": [], "Planner Runtime": 7.516, "Total Runtime": 674.78, "Unique SQL Id": 322094867}}, "(1, 93)": {"explain_plan": {"Plan": {"Node Type": "Aggregate", "Strategy": "Plain", "Startup Cost": 503621.48, "Total Cost": 503621.49, "Plan Rows": 1, "Plan Width": 49, "Plans": [{"Node Type": "Merge Join", "Parent Relationship": "Outer", "Join Type": "Inner", "Startup Cost": 497904.24, "Total Cost": 502793.85, "Plan Rows": 331050, "Plan Width": 17, "Inner Unique": false, "Merge Cond": "(it.id = mi.info_type_id)", "Plans": [{"Node Type": "Index Scan", "Parent Relationship": "Outer", "Scan Direction": "Forward", "Index Name": "info_type_pkey", "Relation Name": "info_type", "Alias": "it", "Startup Cost": 0.0, "Total Cost": 13.93, "Plan Rows": 112, "Plan Width": 4}, {"Node Type": "Sort", "Parent Relationship": "Inner", "Startup Cost": 497814.14, "Total Cost": 498641.77, "Plan Rows": 331050, "Plan Width": 21, "Sort Key": ["mi.info_type_id"], "Plans": [{"Node Type": "Nested Loop", "Parent Relationship": "Outer", "Join Type": "Inner", "Startup Cost": 0.0, "Total Cost": 467462.34, "Plan Rows": 331050, "Plan Width": 21, "Inner Unique": false, "Plans": [{"Node Type": "Nested Loop", "Parent Relationship": "Outer", "Join Type": "Inner", "Startup Cost": 0.0, "Total Cost": 208944.27, "Plan Rows": 289936, "Plan Width": 25, "Inner Unique": true, "Plans": [{"Node Type": "Nested Loop", "Parent Relationship": "Outer", "Join Type": "Inner", "Startup Cost": 0.0, "Total Cost": 61745.44, "Plan Rows": 209278, "Plan Width": 4, "Inner Unique": false, "Plans": [{"Node Type": "Index Scan", "Parent Relationship": "Outer", "Scan Direction": "Forward", "Index Name": "company_type_pkey", "Relation Name": "company_type", "Alias": "ct", "Startup Cost": 0.0, "Total Cost": 12.3, "Plan Rows": 1, "Plan Width": 4, "Filter": "((kind)::text = 'production companies'::text)"}, {"Node Type": "Index Scan", "Parent Relationship": "Inner", "Scan Direction": "Forward", "Index Name": "company_type_id_movie_companies", "Relation Name": "movie_companies", "Alias": "mc", "Startup Cost": 0.0, "Total Cost": 59640.35, "Plan Rows": 209279, "Plan Width": 8, "Index Cond": "(company_type_id = ct.id), (LLVM Optimized)", "Filter": "(((note)::text !~~ '%(TV)%'::text) AND ((note)::text ~~ '%(USA)%'::text)), (LLVM Optimized)"}]}, {"Node Type": "Index Scan", "Parent Relationship": "Inner", "Scan Direction": "Forward", "Index Name": "title_pkey", "Relation Name": "title", "Alias": "t", "Startup Cost": 0.0, "Total Cost": 0.69, "Plan Rows": 1, "Plan Width": 21, "Index Cond": "(id = mc.movie_id)", "Filter": "(production_year > 1990)"}]}, {"Node Type": "Index Scan", "Parent Relationship": "Inner", "Scan Direction": "Forward", "Index Name": "movie_id_movie_info", "Relation Name": "movie_info", "Alias": "mi", "Startup Cost": 0.0, "Total Cost": 0.88, "Plan Rows": 1, "Plan Width": 8, "Index Cond": "(movie_id = t.id)", "Filter": "((info)::text = ANY ('{Sweden,Norway,Germany,Denmark,Swedish,Denish,Norwegian,German,USA,American}'::text[]))"}]}]}]}]}, "Unique SQL Id": 322094867}, "explain_analyze_plan": {"Plan": {"Node Type": "Aggregate", "Strategy": "Plain", "Startup Cost": 503621.48, "Total Cost": 503621.49, "Plan Rows": 1, "Plan Width": 49, "Actual Startup Time": 798.681, "Actual Total Time": 798.682, "Actual Rows": 1, "Actual Loops": 1, "Plans": [{"Node Type": "Merge Join", "Parent Relationship": "Outer", "Join Type": "Inner", "Startup Cost": 497904.24, "Total Cost": 502793.85, "Plan Rows": 331050, "Plan Width": 17, "Actual Startup Time": 798.171, "Actual Total Time": 798.465, "Actual Rows": 669, "Actual Loops": 1, "Inner Unique": false, "Merge Cond": "(it.id = mi.info_type_id)", "Plans": [{"Node Type": "Index Scan", "Parent Relationship": "Outer", "Scan Direction": "Forward", "Index Name": "info_type_pkey", "Relation Name": "info_type", "Alias": "it", "Startup Cost": 0.0, "Total Cost": 13.93, "Plan Rows": 112, "Plan Width": 4, "Actual Startup Time": 0.019, "Actual Total Time": 0.029, "Actual Rows": 18, "Actual Loops": 1}, {"Node Type": "Sort", "Parent Relationship": "Inner", "Startup Cost": 497814.14, "Total Cost": 498641.77, "Plan Rows": 331050, "Plan Width": 21, "Actual Startup Time": 798.134, "Actual Total Time": 798.238, "Actual Rows": 669, "Actual Loops": 1, "Sort Key": ["mi.info_type_id"], "Sort Method": "quicksort", "Sort Space Used": 90, "Sort Space Type": "Memory", "Plans": [{"Node Type": "Nested Loop", "Parent Relationship": "Outer", "Join Type": "Inner", "Startup Cost": 0.0, "Total Cost": 467462.34, "Plan Rows": 331050, "Plan Width": 21, "Actual Startup Time": 9.925, "Actual Total Time": 797.707, "Actual Rows": 669, "Actual Loops": 1, "Inner Unique": false, "Plans": [{"Node Type": "Nested Loop", "Parent Relationship": "Outer", "Join Type": "Inner", "Startup Cost": 0.0, "Total Cost": 208944.27, "Plan Rows": 289936, "Plan Width": 25, "Actual Startup Time": 9.902, "Actual Total Time": 768.184, "Actual Rows": 767, "Actual Loops": 1, "Inner Unique": true, "Plans": [{"Node Type": "Nested Loop", "Parent Relationship": "Outer", "Join Type": "Inner", "Startup Cost": 0.0, "Total Cost": 61745.44, "Plan Rows": 209278, "Plan Width": 4, "Actual Startup Time": 9.88, "Actual Total Time": 760.024, "Actual Rows": 798, "Actual Loops": 1, "Inner Unique": false, "Plans": [{"Node Type": "Index Scan", "Parent Relationship": "Outer", "Scan Direction": "Forward", "Index Name": "company_type_pkey", "Relation Name": "company_type", "Alias": "ct", "Startup Cost": 0.0, "Total Cost": 12.3, "Plan Rows": 1, "Plan Width": 4, "Actual Startup Time": 0.009, "Actual Total Time": 0.019, "Actual Rows": 1, "Actual Loops": 1, "Filter": "((kind)::text = 'production companies'::text)", "Rows Removed by Filter": 2}, {"Node Type": "Index Scan", "Parent Relationship": "Inner", "Scan Direction": "Forward", "Index Name": "company_type_id_movie_companies", "Relation Name": "movie_companies", "Alias": "mc", "Startup Cost": 0.0, "Total Cost": 59640.35, "Plan Rows": 209279, "Plan Width": 8, "Actual Startup Time": 9.867, "Actual Total Time": 759.766, "Actual Rows": 798, "Actual Loops": 1, "Index Cond": "(company_type_id = ct.id), (LLVM Optimized, Jit Execute)", "Rows Removed by Index Recheck": 0, "Filter": "(((note)::text !~~ '%(TV)%'::text) AND ((note)::text ~~ '%(USA)%'::text)), (LLVM Optimized, Jit Execute)", "Rows Removed by Filter": 1334085}]}, {"Node Type": "Index Scan", "Parent Relationship": "Inner", "Scan Direction": "Forward", "Index Name": "title_pkey", "Relation Name": "title", "Alias": "t", "Startup Cost": 0.0, "Total Cost": 0.69, "Plan Rows": 1, "Plan Width": 21, "Actual Startup Time": 7.225, "Actual Total Time": 7.225, "Actual Rows": 767, "Actual Loops": 798, "Index Cond": "(id = mc.movie_id)", "Rows Removed by Index Recheck": 0, "Filter": "(production_year > 1990)", "Rows Removed by Filter": 31}]}, {"Node Type": "Index Scan", "Parent Relationship": "Inner", "Scan Direction": "Forward", "Index Name": "movie_id_movie_info", "Relation Name": "movie_info", "Alias": "mi", "Startup Cost": 0.0, "Total Cost": 0.88, "Plan Rows": 1, "Plan Width": 8, "Actual Startup Time": 25.437, "Actual Total Time": 28.768, "Actual Rows": 669, "Actual Loops": 767, "Index Cond": "(movie_id = t.id)", "Rows Removed by Index Recheck": 0, "Filter": "((info)::text = ANY ('{Sweden,Norway,Germany,Denmark,Swedish,Denish,Norwegian,German,USA,American}'::text[]))", "Rows Removed by Filter": 7721}]}]}]}]}, "Triggers": [], "Planner Runtime": 6.484, "Total Runtime": 808.299, "Unique SQL Id": 322094867}}, "(1, 94)": {"explain_plan": {"Plan": {"Node Type": "Aggregate", "Strategy": "Plain", "Startup Cost": 973794.18, "Total Cost": 973794.19, "Plan Rows": 1, "Plan Width": 49, "Plans": [{"Node Type": "Merge Join", "Parent Relationship": "Outer", "Join Type": "Inner", "Startup Cost": 968090.36, "Total Cost": 972966.56, "Plan Rows": 331050, "Plan Width": 17, "Inner Unique": false, "Merge Cond": "(it.id = mi.info_type_id)", "Plans": [{"Node Type": "Sort", "Parent Relationship": "Outer", "Startup Cost": 5.93, "Total Cost": 6.21, "Plan Rows": 112, "Plan Width": 4, "Sort Key": ["it.id"], "Plans": [{"Node Type": "Seq Scan", "Parent Relationship": "Outer", "Relation Name": "info_type", "Alias": "it", "Startup Cost": 0.0, "Total Cost": 2.12, "Plan Rows": 112, "Plan Width": 4}]}, {"Node Type": "Sort", "Parent Relationship": "Inner", "Startup Cost": 967994.32, "Total Cost": 968821.95, "Plan Rows": 331050, "Plan Width": 21, "Sort Key": ["mi.info_type_id"], "Plans": [{"Node Type": "Merge Join", "Parent Relationship": "Outer", "Join Type": "Inner", "Startup Cost": 917930.63, "Total Cost": 937642.52, "Plan Rows": 331050, "Plan Width": 21, "Inner Unique": true, "Merge Cond": "(mi.movie_id = t.id)", "Plans": [{"Node Type": "Merge Join", "Parent Relationship": "Outer", "Join Type": "Inner", "Startup Cost": 670203.59, "Total Cost": 677269.81, "Plan Rows": 238955, "Plan Width": 12, "Inner Unique": false, "Merge Cond": "(mc.movie_id = mi.movie_id)", "Plans": [{"Node Type": "Sort", "Parent Relationship": "Outer", "Startup Cost": 116627.44, "Total Cost": 117150.64, "Plan Rows": 209278, "Plan Width": 4, "Sort Key": ["mc.movie_id"], "Plans": [{"Node Type": "Merge Join", "Parent Relationship": "Outer", "Join Type": "Inner", "Startup Cost": 94971.16, "Total Cost": 98132.44, "Plan Rows": 209278, "Plan Width": 4, "Inner Unique": false, "Merge Cond": "(ct.id = mc.company_type_id)", "Plans": [{"Node Type": "Sort", "Parent Relationship": "Outer", "Startup Cost": 1.05, "Total Cost": 1.05, "Plan Rows": 1, "Plan Width": 4, "Sort Key": ["ct.id"], "Plans": [{"Node Type": "Seq Scan", "Parent Relationship": "Outer", "Relation Name": "company_type", "Alias": "ct", "Startup Cost": 0.0, "Total Cost": 1.04, "Plan Rows": 1, "Plan Width": 4, "Filter": "((kind)::text = 'production companies'::text)"}]}, {"Node Type": "Sort", "Parent Relationship": "Inner", "Startup Cost": 93945.82, "Total Cost": 94992.21, "Plan Rows": 418557, "Plan Width": 8, "Sort Key": ["mc.company_type_id"], "Plans": [{"Node Type": "Seq Scan", "Parent Relationship": "Outer", "Relation Name": "movie_companies", "Alias": "mc", "Startup Cost": 0.0, "Total Cost": 54862.92, "Plan Rows": 418557, "Plan Width": 8, "Filter": "(((note)::text !~~ '%(TV)%'::text) AND ((note)::text ~~ '%(USA)%'::text)), (LLVM Optimized)"}]}]}]}, {"Node Type": "Sort", "Parent Relationship": "Inner", "Startup Cost": 553576.13, "Total Cost": 555392.07, "Plan Rows": 726375, "Plan Width": 8, "Sort Key": ["mi.movie_id"], "Plans": [{"Node Type": "Seq Scan", "Parent Relationship": "Outer", "Relation Name": "movie_info", "Alias": "mi", "Startup Cost": 0.0, "Total Cost": 482862.23, "Plan Rows": 726375, "Plan Width": 8, "Filter": "((info)::text = ANY ('{Sweden,Norway,Germany,Denmark,Swedish,Denish,Norwegian,German,USA,American}'::text[]))"}]}]}, {"Node Type": "Sort", "Parent Relationship": "Inner", "Startup Cost": 247726.82, "Total Cost": 252098.92, "Plan Rows": 1748840, "Plan Width": 21, "Sort Key": ["t.id"], "Plans": [{"Node Type": "Seq Scan", "Parent Relationship": "Outer", "Relation Name": "title", "Alias": "t", "Startup Cost": 0.0, "Total Cost": 66389.89, "Plan Rows": 1748840, "Plan Width": 21, "Filter": "(production_year > 1990), (LLVM Optimized)"}]}]}]}]}]}, "Unique SQL Id": 322094867}, "explain_analyze_plan": null}, "(1, 95)": {"explain_plan": {"Plan": {"Node Type": "Aggregate", "Strategy": "Plain", "Startup Cost": 4981329392620.81, "Total Cost": 4981329392620.82, "Plan Rows": 1, "Plan Width": 49, "Plans": [{"Node Type": "Merge Join", "Parent Relationship": "Outer", "Join Type": "Inner", "Startup Cost": 3992044040191.81, "Total Cost": 4981329391793.19, "Plan Rows": 331050, "Plan Width": 17, "Inner Unique": true, "Merge Cond": "(mi.movie_id = t.id)", "Plans": [{"Node Type": "Sort", "Parent Relationship": "Outer", "Startup Cost": 3982019131959.76, "Total Cost": 3982019132557.15, "Plan Rows": 238955, "Plan Width": 8, "Sort Key": ["mc.movie_id"], "Plans": [{"Node Type": "Merge Join", "Parent Relationship": "Outer", "Join Type": "Inner", "Startup Cost": 3009697677154.34, "Total Cost": 3982019110613.46, "Plan Rows": 238955, "Plan Width": 8, "Inner Unique": false, "Merge Cond": "(it.id = mi.info_type_id)", "Plans": [{"Node Type": "Index Scan", "Parent Relationship": "Outer", "Scan Direction": "Forward", "Index Name": "info_type_pkey", "Relation Name": "info_type", "Alias": "it", "Startup Cost": 10000000000.0, "Total Cost": 1000000001393.0, "Plan Rows": 112, "Plan Width": 4}, {"Node Type": "Sort", "Parent Relationship": "Inner", "Startup Cost": 2999697677089.3, "Total Cost": 2999697677686.69, "Plan Rows": 238955, "Plan Width": 12, "Sort Key": ["mi.info_type_id"], "Plans": [{"Node Type": "Merge Join", "Parent Relationship": "Outer", "Join Type": "Inner", "Startup Cost": 2010005985853.06, "Total Cost": 2999697655743.0, "Plan Rows": 238955, "Plan Width": 12, "Inner Unique": false, "Merge Cond": "(mi.movie_id = mc.movie_id)", "Plans": [{"Node Type": "Index Scan", "Parent Relationship": "Outer", "Scan Direction": "Forward", "Index Name": "movie_id_movie_info", "Relation Name": "movie_info", "Alias": "mi", "Startup Cost": 10000000000.0, "Total Cost": 1000122404369.72, "Plan Rows": 726375, "Plan Width": 8, "Filter": "((info)::text = ANY ('{Sweden,Norway,Germany,Denmark,Swedish,Denish,Norwegian,German,USA,American}'::text[]))"}, {"Node Type": "Sort", "Parent Relationship": "Inner", "Startup Cost": 2000005985853.05, "Total Cost": 2000005986376.24, "Plan Rows": 209278, "Plan Width": 4, "Sort Key": ["mc.movie_id"], "Plans": [{"Node Type": "Nested Loop", "Parent Relationship": "Outer", "Join Type": "Inner", "Startup Cost": 20000000000.0, "Total Cost": 2000005967358.04, "Plan Rows": 209278, "Plan Width": 4, "Inner Unique": false, "Plans": [{"Node Type": "Index Scan", "Parent Relationship": "Outer", "Scan Direction": "Forward", "Index Name": "company_type_pkey", "Relation Name": "company_type", "Alias": "ct", "Startup Cost": 10000000000.0, "Total Cost": 1000000001230.25, "Plan Rows": 1, "Plan Width": 4, "Filter": "((kind)::text = 'production companies'::text)"}, {"Node Type": "Index Scan", "Parent Relationship": "Inner", "Scan Direction": "Forward", "Index Name": "company_type_id_movie_companies", "Relation Name": "movie_companies", "Alias": "mc", "Startup Cost": 10000000000.0, "Total Cost": 1000005964035.0, "Plan Rows": 209279, "Plan Width": 8, "Index Cond": "(company_type_id = ct.id), (LLVM Optimized)", "Filter": "(((note)::text !~~ '%(TV)%'::text) AND ((note)::text ~~ '%(USA)%'::text)), (LLVM Optimized)"}]}]}]}]}]}]}, {"Node Type": "Index Scan", "Parent Relationship": "Inner", "Scan Direction": "Forward", "Index Name": "title_pkey", "Relation Name": "title", "Alias": "t", "Startup Cost": 10000000000.0, "Total Cost": 1000011644126.66, "Plan Rows": 1748840, "Plan Width": 21, "Filter": "(production_year > 1990), (LLVM Optimized)"}]}]}, "Unique SQL Id": 322094867}, "explain_analyze_plan": null}, "(1, 96)": {"explain_plan": {"Plan": {"Node Type": "Aggregate", "Strategy": "Plain", "Startup Cost": 413659.37, "Total Cost": 413659.38, "Plan Rows": 1, "Plan Width": 49, "Plans": [{"Node Type": "Hash Join", "Parent Relationship": "Outer", "Join Type": "Inner", "Startup Cost": 88254.96, "Total Cost": 412831.75, "Plan Rows": 331050, "Plan Width": 17, "Inner Unique": true, "Hash Cond": "(mi.info_type_id = it.id), (LLVM Optimized)", "Plans": [{"Node Type": "Nested Loop", "Parent Relationship": "Outer", "Join Type": "Inner", "Startup Cost": 88251.44, "Total Cost": 408458.37, "Plan Rows": 331050, "Plan Width": 21, "Inner Unique": false, "Plans": [{"Node Type": "Hash Join", "Parent Relationship": "Outer", "Join Type": "Inner", "Startup Cost": 88251.44, "Total Cost": 149940.3, "Plan Rows": 289936, "Plan Width": 25, "Inner Unique": true, "Hash Cond": "(mc.movie_id = t.id), (LLVM Optimized)", "Plans": [{"Node Type": "Hash Join", "Parent Relationship": "Outer", "Join Type": "Inner", "Startup Cost": 1.05, "Total Cost": 58005.76, "Plan Rows": 209278, "Plan Width": 4, "Inner Unique": true, "Hash Cond": "(mc.company_type_id = ct.id), (LLVM Optimized)", "Plans": [{"Node Type": "Seq Scan", "Parent Relationship": "Outer", "Relation Name": "movie_companies", "Alias": "mc", "Startup Cost": 0.0, "Total Cost": 54862.92, "Plan Rows": 418557, "Plan Width": 8, "Filter": "(((note)::text !~~ '%(TV)%'::text) AND ((note)::text ~~ '%(USA)%'::text)), (LLVM Optimized)"}, {"Node Type": "Hash", "Parent Relationship": "Inner", "Startup Cost": 1.04, "Total Cost": 1.04, "Plan Rows": 1, "Plan Width": 4, "Plans": [{"Node Type": "Seq Scan", "Parent Relationship": "Outer", "Relation Name": "company_type", "Alias": "ct", "Startup Cost": 0.0, "Total Cost": 1.04, "Plan Rows": 1, "Plan Width": 4, "Filter": "((kind)::text = 'production companies'::text)"}]}]}, {"Node Type": "Hash", "Parent Relationship": "Inner", "Startup Cost": 66389.89, "Total Cost": 66389.89, "Plan Rows": 1748840, "Plan Width": 21, "Plans": [{"Node Type": "Seq Scan", "Parent Relationship": "Outer", "Relation Name": "title", "Alias": "t", "Startup Cost": 0.0, "Total Cost": 66389.89, "Plan Rows": 1748840, "Plan Width": 21, "Filter": "(production_year > 1990), (LLVM Optimized)"}]}]}, {"Node Type": "Index Scan", "Parent Relationship": "Inner", "Scan Direction": "Forward", "Index Name": "movie_id_movie_info", "Relation Name": "movie_info", "Alias": "mi", "Startup Cost": 0.0, "Total Cost": 0.88, "Plan Rows": 1, "Plan Width": 8, "Index Cond": "(movie_id = t.id)", "Filter": "((info)::text = ANY ('{Sweden,Norway,Germany,Denmark,Swedish,Denish,Norwegian,German,USA,American}'::text[]))"}]}, {"Node Type": "Hash", "Parent Relationship": "Inner", "Startup Cost": 2.12, "Total Cost": 2.12, "Plan Rows": 112, "Plan Width": 4, "Plans": [{"Node Type": "Index Only Scan", "Parent Relationship": "Outer", "Scan Direction": "Forward", "Index Name": "info_type_pkey", "Relation Name": "info_type", "Alias": "it", "Startup Cost": 0.0, "Total Cost": 2.12, "Plan Rows": 112, "Plan Width": 4}]}]}]}, "Unique SQL Id": 322094867}, "explain_analyze_plan": {"Plan": {"Node Type": "Aggregate", "Strategy": "Plain", "Startup Cost": 413659.37, "Total Cost": 413659.38, "Plan Rows": 1, "Plan Width": 49, "Actual Startup Time": 2764.239, "Actual Total Time": 2764.24, "Actual Rows": 1, "Actual Loops": 1, "Plans": [{"Node Type": "Hash Join", "Parent Relationship": "Outer", "Join Type": "Inner", "Startup Cost": 88254.96, "Total Cost": 412831.75, "Plan Rows": 331050, "Plan Width": 17, "Actual Startup Time": 2413.46, "Actual Total Time": 2763.712, "Actual Rows": 669, "Actual Loops": 1, "Inner Unique": true, "Hash Cond": "(mi.info_type_id = it.id), (LLVM Optimized, Jit Execute)", "Plans": [{"Node Type": "Nested Loop", "Parent Relationship": "Outer", "Join Type": "Inner", "Startup Cost": 88251.44, "Total Cost": 408458.37, "Plan Rows": 331050, "Plan Width": 21, "Actual Startup Time": 2413.334, "Actual Total Time": 2763.207, "Actual Rows": 669, "Actual Loops": 1, "Inner Unique": false, "Plans": [{"Node Type": "Hash Join", "Parent Relationship": "Outer", "Join Type": "Inner", "Startup Cost": 88251.44, "Total Cost": 149940.3, "Plan Rows": 289936, "Plan Width": 25, "Actual Startup Time": 2413.245, "Actual Total Time": 2741.677, "Actual Rows": 767, "Actual Loops": 1, "Inner Unique": true, "Hash Cond": "(mc.movie_id = t.id), (LLVM Optimized, Jit Execute)", "Plans": [{"Node Type": "Hash Join", "Parent Relationship": "Outer", "Join Type": "Inner", "Startup Cost": 1.05, "Total Cost": 58005.76, "Plan Rows": 209278, "Plan Width": 4, "Actual Startup Time": 896.76, "Actual Total Time": 1224.574, "Actual Rows": 798, "Actual Loops": 1, "Inner Unique": true, "Hash Cond": "(mc.company_type_id = ct.id), (LLVM Optimized, Jit Execute)", "Plans": [{"Node Type": "Seq Scan", "Parent Relationship": "Outer", "Relation Name": "movie_companies", "Alias": "mc", "Startup Cost": 0.0, "Total Cost": 54862.92, "Plan Rows": 418557, "Plan Width": 8, "Actual Startup Time": 0.041, "Actual Total Time": 1170.324, "Actual Rows": 295628, "Actual Loops": 1, "Filter": "(((note)::text !~~ '%(TV)%'::text) AND ((note)::text ~~ '%(USA)%'::text)), (LLVM Optimized, Jit Execute)", "Rows Removed by Filter": 2313500}, {"Node Type": "Hash", "Parent Relationship": "Inner", "Startup Cost": 1.04, "Total Cost": 1.04, "Plan Rows": 1, "Plan Width": 4, "Actual Startup Time": 0.013, "Actual Total Time": 0.013, "Actual Rows": 1, "Actual Loops": 1, "Hash Buckets": 32768, "Hash Batches": 1, "Original Hash Batches": 1, "Peak Memory Usage": 1, "Plans": [{"Node Type": "Seq Scan", "Parent Relationship": "Outer", "Relation Name": "company_type", "Alias": "ct", "Startup Cost": 0.0, "Total Cost": 1.04, "Plan Rows": 1, "Plan Width": 4, "Actual Startup Time": 0.007, "Actual Total Time": 0.009, "Actual Rows": 1, "Actual Loops": 1, "Filter": "((kind)::text = 'production companies'::text)", "Rows Removed by Filter": 2}]}]}, {"Node Type": "Hash", "Parent Relationship": "Inner", "Startup Cost": 66389.89, "Total Cost": 66389.89, "Plan Rows": 1748840, "Plan Width": 21, "Actual Startup Time": 1515.129, "Actual Total Time": 1515.129, "Actual Rows": 1749032, "Actual Loops": 1, "Hash Buckets": 2097152, "Hash Batches": 1, "Original Hash Batches": 1, "Peak Memory Usage": 93635, "Plans": [{"Node Type": "Seq Scan", "Parent Relationship": "Outer", "Relation Name": "title", "Alias": "t", "Startup Cost": 0.0, "Total Cost": 66389.89, "Plan Rows": 1748840, "Plan Width": 21, "Actual Startup Time": 0.047, "Actual Total Time": 897.982, "Actual Rows": 1749032, "Actual Loops": 1, "Filter": "(production_year > 1990), (LLVM Optimized, Jit Execute)", "Rows Removed by Filter": 779279}]}]}, {"Node Type": "Index Scan", "Parent Relationship": "Inner", "Scan Direction": "Forward", "Index Name": "movie_id_movie_info", "Relation Name": "movie_info", "Alias": "mi", "Startup Cost": 0.0, "Total Cost": 0.88, "Plan Rows": 1, "Plan Width": 8, "Actual Startup Time": 15.943, "Actual Total Time": 18.242, "Actual Rows": 669, "Actual Loops": 767, "Index Cond": "(movie_id = t.id)", "Rows Removed by Index Recheck": 0, "Filter": "((info)::text = ANY ('{Sweden,Norway,Germany,Denmark,Swedish,Denish,Norwegian,German,USA,American}'::text[]))", "Rows Removed by Filter": 7721}]}, {"Node Type": "Hash", "Parent Relationship": "Inner", "Startup Cost": 2.12, "Total Cost": 2.12, "Plan Rows": 112, "Plan Width": 4, "Actual Startup Time": 0.075, "Actual Total Time": 0.075, "Actual Rows": 112, "Actual Loops": 1, "Hash Buckets": 32768, "Hash Batches": 1, "Original Hash Batches": 1, "Peak Memory Usage": 4, "Plans": [{"Node Type": "Index Only Scan", "Parent Relationship": "Outer", "Scan Direction": "Forward", "Index Name": "info_type_pkey", "Relation Name": "info_type", "Alias": "it", "Startup Cost": 0.0, "Total Cost": 2.12, "Plan Rows": 112, "Plan Width": 4, "Actual Startup Time": 0.015, "Actual Total Time": 0.036, "Actual Rows": 112, "Actual Loops": 1, "Heap Fetches": 0}]}]}]}, "Triggers": [], "Planner Runtime": 11.615, "Total Runtime": 2774.343, "Unique SQL Id": 322094867}}, "(1, 97)": {"explain_plan": {"Plan": {"Node Type": "Aggregate", "Strategy": "Plain", "Startup Cost": 467458.25, "Total Cost": 467458.26, "Plan Rows": 1, "Plan Width": 49, "Plans": [{"Node Type": "Hash Join", "Parent Relationship": "Outer", "Join Type": "Inner", "Startup Cost": 138313.1, "Total Cost": 466630.62, "Plan Rows": 331050, "Plan Width": 17, "Inner Unique": true, "Hash Cond": "(mi.info_type_id = it.id), (LLVM Optimized)", "Plans": [{"Node Type": "Nested Loop", "Parent Relationship": "Outer", "Join Type": "Inner", "Startup Cost": 138301.77, "Total Cost": 462249.43, "Plan Rows": 331050, "Plan Width": 21, "Inner Unique": false, "Plans": [{"Node Type": "Hash Join", "Parent Relationship": "Outer", "Join Type": "Inner", "Startup Cost": 138301.77, "Total Cost": 203731.36, "Plan Rows": 289936, "Plan Width": 25, "Inner Unique": true, "Hash Cond": "(mc.movie_id = t.id), (LLVM Optimized)", "Plans": [{"Node Type": "Nested Loop", "Parent Relationship": "Outer", "Join Type": "Inner", "Startup Cost": 0.0, "Total Cost": 61745.44, "Plan Rows": 209278, "Plan Width": 4, "Inner Unique": false, "Plans": [{"Node Type": "Index Scan", "Parent Relationship": "Outer", "Scan Direction": "Forward", "Index Name": "company_type_pkey", "Relation Name": "company_type", "Alias": "ct", "Startup Cost": 0.0, "Total Cost": 12.3, "Plan Rows": 1, "Plan Width": 4, "Filter": "((kind)::text = 'production companies'::text)"}, {"Node Type": "Index Scan", "Parent Relationship": "Inner", "Scan Direction": "Forward", "Index Name": "company_type_id_movie_companies", "Relation Name": "movie_companies", "Alias": "mc", "Startup Cost": 0.0, "Total Cost": 59640.35, "Plan Rows": 209279, "Plan Width": 8, "Index Cond": "(company_type_id = ct.id), (LLVM Optimized)", "Filter": "(((note)::text !~~ '%(TV)%'::text) AND ((note)::text ~~ '%(USA)%'::text)), (LLVM Optimized)"}]}, {"Node Type": "Hash", "Parent Relationship": "Inner", "Startup Cost": 116441.27, "Total Cost": 116441.27, "Plan Rows": 1748840, "Plan Width": 21, "Plans": [{"Node Type": "Index Scan", "Parent Relationship": "Outer", "Scan Direction": "Forward", "Index Name": "title_pkey", "Relation Name": "title", "Alias": "t", "Startup Cost": 0.0, "Total Cost": 116441.27, "Plan Rows": 1748840, "Plan Width": 21, "Filter": "(production_year > 1990), (LLVM Optimized)"}]}]}, {"Node Type": "Index Scan", "Parent Relationship": "Inner", "Scan Direction": "Forward", "Index Name": "movie_id_movie_info", "Relation Name": "movie_info", "Alias": "mi", "Startup Cost": 0.0, "Total Cost": 0.88, "Plan Rows": 1, "Plan Width": 8, "Index Cond": "(movie_id = t.id)", "Filter": "((info)::text = ANY ('{Sweden,Norway,Germany,Denmark,Swedish,Denish,Norwegian,German,USA,American}'::text[]))"}]}, {"Node Type": "Hash", "Parent Relationship": "Inner", "Startup Cost": 9.93, "Total Cost": 9.93, "Plan Rows": 112, "Plan Width": 4, "Plans": [{"Node Type": "Index Only Scan", "Parent Relationship": "Outer", "Scan Direction": "Forward", "Index Name": "info_type_pkey", "Relation Name": "info_type", "Alias": "it", "Startup Cost": 0.0, "Total Cost": 9.93, "Plan Rows": 112, "Plan Width": 4}]}]}]}, "Unique SQL Id": 322094867}, "explain_analyze_plan": {"Plan": {"Node Type": "Aggregate", "Strategy": "Plain", "Startup Cost": 467458.25, "Total Cost": 467458.26, "Plan Rows": 1, "Plan Width": 49, "Actual Startup Time": 4471.694, "Actual Total Time": 4471.695, "Actual Rows": 1, "Actual Loops": 1, "Plans": [{"Node Type": "Hash Join", "Parent Relationship": "Outer", "Join Type": "Inner", "Startup Cost": 138313.1, "Total Cost": 466630.62, "Plan Rows": 331050, "Plan Width": 17, "Actual Startup Time": 3833.32, "Actual Total Time": 4471.174, "Actual Rows": 669, "Actual Loops": 1, "Inner Unique": true, "Hash Cond": "(mi.info_type_id = it.id), (LLVM Optimized, Jit Execute)", "Plans": [{"Node Type": "Nested Loop", "Parent Relationship": "Outer", "Join Type": "Inner", "Startup Cost": 138301.77, "Total Cost": 462249.43, "Plan Rows": 331050, "Plan Width": 21, "Actual Startup Time": 3833.069, "Actual Total Time": 4470.518, "Actual Rows": 669, "Actual Loops": 1, "Inner Unique": false, "Plans": [{"Node Type": "Hash Join", "Parent Relationship": "Outer", "Join Type": "Inner", "Startup Cost": 138301.77, "Total Cost": 203731.36, "Plan Rows": 289936, "Plan Width": 25, "Actual Startup Time": 3832.941, "Actual Total Time": 4448.359, "Actual Rows": 767, "Actual Loops": 1, "Inner Unique": true, "Hash Cond": "(mc.movie_id = t.id), (LLVM Optimized, Jit Execute)", "Plans": [{"Node Type": "Nested Loop", "Parent Relationship": "Outer", "Join Type": "Inner", "Startup Cost": 0.0, "Total Cost": 61745.44, "Plan Rows": 209278, "Plan Width": 4, "Actual Startup Time": 8.666, "Actual Total Time": 623.421, "Actual Rows": 798, "Actual Loops": 1, "Inner Unique": false, "Plans": [{"Node Type": "Index Scan", "Parent Relationship": "Outer", "Scan Direction": "Forward", "Index Name": "company_type_pkey", "Relation Name": "company_type", "Alias": "ct", "Startup Cost": 0.0, "Total Cost": 12.3, "Plan Rows": 1, "Plan Width": 4, "Actual Startup Time": 0.04, "Actual Total Time": 0.048, "Actual Rows": 1, "Actual Loops": 1, "Filter": "((kind)::text = 'production companies'::text)", "Rows Removed by Filter": 2}, {"Node Type": "Index Scan", "Parent Relationship": "Inner", "Scan Direction": "Forward", "Index Name": "company_type_id_movie_companies", "Relation Name": "movie_companies", "Alias": "mc", "Startup Cost": 0.0, "Total Cost": 59640.35, "Plan Rows": 209279, "Plan Width": 8, "Actual Startup Time": 8.615, "Actual Total Time": 623.117, "Actual Rows": 798, "Actual Loops": 1, "Index Cond": "(company_type_id = ct.id), (LLVM Optimized, Jit Execute)", "Rows Removed by Index Recheck": 0, "Filter": "(((note)::text !~~ '%(TV)%'::text) AND ((note)::text ~~ '%(USA)%'::text)), (LLVM Optimized, Jit Execute)", "Rows Removed by Filter": 1334085}]}, {"Node Type": "Hash", "Parent Relationship": "Inner", "Startup Cost": 116441.27, "Total Cost": 116441.27, "Plan Rows": 1748840, "Plan Width": 21, "Actual Startup Time": 3822.964, "Actual Total Time": 3822.964, "Actual Rows": 1749032, "Actual Loops": 1, "Hash Buckets": 2097152, "Hash Batches": 1, "Original Hash Batches": 1, "Peak Memory Usage": 93635, "Plans": [{"Node Type": "Index Scan", "Parent Relationship": "Outer", "Scan Direction": "Forward", "Index Name": "title_pkey", "Relation Name": "title", "Alias": "t", "Startup Cost": 0.0, "Total Cost": 116441.27, "Plan Rows": 1748840, "Plan Width": 21, "Actual Startup Time": 0.05, "Actual Total Time": 3089.922, "Actual Rows": 1749032, "Actual Loops": 1, "Filter": "(production_year > 1990), (LLVM Optimized, Jit Execute)", "Rows Removed by Filter": 779279}]}]}, {"Node Type": "Index Scan", "Parent Relationship": "Inner", "Scan Direction": "Forward", "Index Name": "movie_id_movie_info", "Relation Name": "movie_info", "Alias": "mi", "Startup Cost": 0.0, "Total Cost": 0.88, "Plan Rows": 1, "Plan Width": 8, "Actual Startup Time": 16.266, "Actual Total Time": 18.606, "Actual Rows": 669, "Actual Loops": 767, "Index Cond": "(movie_id = t.id)", "Rows Removed by Index Recheck": 0, "Filter": "((info)::text = ANY ('{Sweden,Norway,Germany,Denmark,Swedish,Denish,Norwegian,German,USA,American}'::text[]))", "Rows Removed by Filter": 7721}]}, {"Node Type": "Hash", "Parent Relationship": "Inner", "Startup Cost": 9.93, "Total Cost": 9.93, "Plan Rows": 112, "Plan Width": 4, "Actual Startup Time": 0.1, "Actual Total Time": 0.1, "Actual Rows": 112, "Actual Loops": 1, "Hash Buckets": 32768, "Hash Batches": 1, "Original Hash Batches": 1, "Peak Memory Usage": 4, "Plans": [{"Node Type": "Index Only Scan", "Parent Relationship": "Outer", "Scan Direction": "Forward", "Index Name": "info_type_pkey", "Relation Name": "info_type", "Alias": "it", "Startup Cost": 0.0, "Total Cost": 9.93, "Plan Rows": 112, "Plan Width": 4, "Actual Startup Time": 0.031, "Actual Total Time": 0.052, "Actual Rows": 112, "Actual Loops": 1, "Heap Fetches": 0}]}]}]}, "Triggers": [], "Planner Runtime": 3.997, "Total Runtime": 4481.796, "Unique SQL Id": 322094867}}, "(1, 98)": {"explain_plan": {"Plan": {"Node Type": "Aggregate", "Strategy": "Plain", "Startup Cost": 646202.08, "Total Cost": 646202.09, "Plan Rows": 1, "Plan Width": 49, "Plans": [{"Node Type": "Hash Join", "Parent Relationship": "Outer", "Join Type": "Inner", "Startup Cost": 153568.02, "Total Cost": 645374.46, "Plan Rows": 331050, "Plan Width": 17, "Inner Unique": true, "Hash Cond": "(mi.info_type_id = it.id), (LLVM Optimized)", "Plans": [{"Node Type": "Hash Join", "Parent Relationship": "Outer", "Join Type": "Inner", "Startup Cost": 153564.5, "Total Cost": 640819.0, "Plan Rows": 331050, "Plan Width": 21, "Inner Unique": false, "Hash Cond": "(mi.movie_id = t.id), (LLVM Optimized)", "Plans": [{"Node Type": "Seq Scan", "Parent Relationship": "Outer", "Relation Name": "movie_info", "Alias": "mi", "Startup Cost": 0.0, "Total Cost": 482862.23, "Plan Rows": 726375, "Plan Width": 8, "Filter": "((info)::text = ANY ('{Sweden,Norway,Germany,Denmark,Swedish,Denish,Norwegian,German,USA,American}'::text[]))"}, {"Node Type": "Hash", "Parent Relationship": "Inner", "Startup Cost": 149940.3, "Total Cost": 149940.3, "Plan Rows": 289936, "Plan Width": 25, "Plans": [{"Node Type": "Hash Join", "Parent Relationship": "Outer", "Join Type": "Inner", "Startup Cost": 88251.44, "Total Cost": 149940.3, "Plan Rows": 289936, "Plan Width": 25, "Inner Unique": true, "Hash Cond": "(mc.movie_id = t.id), (LLVM Optimized)", "Plans": [{"Node Type": "Hash Join", "Parent Relationship": "Outer", "Join Type": "Inner", "Startup Cost": 1.05, "Total Cost": 58005.76, "Plan Rows": 209278, "Plan Width": 4, "Inner Unique": true, "Hash Cond": "(mc.company_type_id = ct.id), (LLVM Optimized)", "Plans": [{"Node Type": "Seq Scan", "Parent Relationship": "Outer", "Relation Name": "movie_companies", "Alias": "mc", "Startup Cost": 0.0, "Total Cost": 54862.92, "Plan Rows": 418557, "Plan Width": 8, "Filter": "(((note)::text !~~ '%(TV)%'::text) AND ((note)::text ~~ '%(USA)%'::text)), (LLVM Optimized)"}, {"Node Type": "Hash", "Parent Relationship": "Inner", "Startup Cost": 1.04, "Total Cost": 1.04, "Plan Rows": 1, "Plan Width": 4, "Plans": [{"Node Type": "Seq Scan", "Parent Relationship": "Outer", "Relation Name": "company_type", "Alias": "ct", "Startup Cost": 0.0, "Total Cost": 1.04, "Plan Rows": 1, "Plan Width": 4, "Filter": "((kind)::text = 'production companies'::text)"}]}]}, {"Node Type": "Hash", "Parent Relationship": "Inner", "Startup Cost": 66389.89, "Total Cost": 66389.89, "Plan Rows": 1748840, "Plan Width": 21, "Plans": [{"Node Type": "Seq Scan", "Parent Relationship": "Outer", "Relation Name": "title", "Alias": "t", "Startup Cost": 0.0, "Total Cost": 66389.89, "Plan Rows": 1748840, "Plan Width": 21, "Filter": "(production_year > 1990), (LLVM Optimized)"}]}]}]}]}, {"Node Type": "Hash", "Parent Relationship": "Inner", "Startup Cost": 2.12, "Total Cost": 2.12, "Plan Rows": 112, "Plan Width": 4, "Plans": [{"Node Type": "Seq Scan", "Parent Relationship": "Outer", "Relation Name": "info_type", "Alias": "it", "Startup Cost": 0.0, "Total Cost": 2.12, "Plan Rows": 112, "Plan Width": 4}]}]}]}, "Unique SQL Id": 322094867}, "explain_analyze_plan": null}, "(1, 99)": {"explain_plan": {"Plan": {"Node Type": "Aggregate", "Strategy": "Plain", "Startup Cost": 1000019247502.85, "Total Cost": 1000019247502.86, "Plan Rows": 1, "Plan Width": 49, "Plans": [{"Node Type": "Nested Loop", "Parent Relationship": "Outer", "Join Type": "Inner", "Startup Cost": 10000000001.66, "Total Cost": 1000019246675.23, "Plan Rows": 331050, "Plan Width": 17, "Inner Unique": true, "Plans": [{"Node Type": "Nested Loop", "Parent Relationship": "Outer", "Join Type": "Inner", "Startup Cost": 10000000001.35, "Total Cost": 1000018211114.89, "Plan Rows": 238955, "Plan Width": 8, "Inner Unique": true, "Plans": [{"Node Type": "Nested Loop", "Parent Relationship": "Outer", "Join Type": "Inner", "Startup Cost": 10000000001.09, "Total Cost": 1000017188325.12, "Plan Rows": 238955, "Plan Width": 12, "Inner Unique": false, "Plans": [{"Node Type": "Nested Loop", "Parent Relationship": "Outer", "Join Type": "Inner", "Startup Cost": 10000000000.26, "Total Cost": 1000016149093.12, "Plan Rows": 209278, "Plan Width": 4, "Inner Unique": true, "Plans": [{"Node Type": "Index Scan", "Parent Relationship": "Outer", "Scan Direction": "Forward", "Index Name": "movie_id_movie_companies", "Relation Name": "movie_companies", "Alias": "mc", "Startup Cost": 10000000000.0, "Total Cost": 1000014356510.13, "Plan Rows": 418557, "Plan Width": 8, "Filter": "(((note)::text !~~ '%(TV)%'::text) AND ((note)::text ~~ '%(USA)%'::text)), (LLVM Optimized)"}, {"Node Type": "Bitmap Heap Scan", "Parent Relationship": "Inner", "Relation Name": "company_type", "Alias": "ct", "Startup Cost": 0.26, "Total Cost": 4.27, "Plan Rows": 1, "Plan Width": 4, "Recheck Cond": "(id = mc.company_type_id)", "Filter": "((kind)::text = 'production companies'::text)", "Plans": [{"Node Type": "Bitmap Index Scan", "Parent Relationship": "Outer", "Index Name": "company_type_pkey", "Startup Cost": 0.0, "Total Cost": 0.26, "Plan Rows": 1, "Plan Width": 0, "Index Cond": "(id = mc.company_type_id)"}]}]}, {"Node Type": "Bitmap Heap Scan", "Parent Relationship": "Inner", "Relation Name": "movie_info", "Alias": "mi", "Startup Cost": 0.83, "Total Cost": 4.96, "Plan Rows": 1, "Plan Width": 8, "Recheck Cond": "(movie_id = mc.movie_id)", "Filter": "((info)::text = ANY ('{Sweden,Norway,Germany,Denmark,Swedish,Denish,Norwegian,German,USA,American}'::text[]))", "Plans": [{"Node Type": "Bitmap Index Scan", "Parent Relationship": "Outer", "Index Name": "movie_id_movie_info", "Startup Cost": 0.0, "Total Cost": 0.83, "Plan Rows": 5, "Plan Width": 0, "Index Cond": "(movie_id = mc.movie_id)"}]}]}, {"Node Type": "Bitmap Heap Scan", "Parent Relationship": "Inner", "Relation Name": "info_type", "Alias": "it", "Startup Cost": 0.26, "Total Cost": 4.27, "Plan Rows": 1, "Plan Width": 4, "Recheck Cond": "(id = mi.info_type_id)", "Plans": [{"Node Type": "Bitmap Index Scan", "Parent Relationship": "Outer", "Index Name": "info_type_pkey", "Startup Cost": 0.0, "Total Cost": 0.26, "Plan Rows": 1, "Plan Width": 0, "Index Cond": "(id = mi.info_type_id)"}]}]}, {"Node Type": "Bitmap Heap Scan", "Parent Relationship": "Inner", "Relation Name": "title", "Alias": "t", "Startup Cost": 0.31, "Total Cost": 4.32, "Plan Rows": 1, "Plan Width": 21, "Recheck Cond": "(id = mi.movie_id)", "Filter": "(production_year > 1990)", "Plans": [{"Node Type": "Bitmap Index Scan", "Parent Relationship": "Outer", "Index Name": "title_pkey", "Startup Cost": 0.0, "Total Cost": 0.31, "Plan Rows": 1, "Plan Width": 0, "Index Cond": "(id = mi.movie_id)"}]}]}]}, "Unique SQL Id": 322094867}, "explain_analyze_plan": {"Plan": {"Node Type": "Aggregate", "Strategy": "Plain", "Startup Cost": 1000019247502.85, "Total Cost": 1000019247502.86, "Plan Rows": 1, "Plan Width": 49, "Actual Startup Time": 2983.243, "Actual Total Time": 2983.244, "Actual Rows": 1, "Actual Loops": 1, "Plans": [{"Node Type": "Nested Loop", "Parent Relationship": "Outer", "Join Type": "Inner", "Startup Cost": 10000000001.66, "Total Cost": 1000019246675.23, "Plan Rows": 331050, "Plan Width": 17, "Actual Startup Time": 32.619, "Actual Total Time": 2982.151, "Actual Rows": 669, "Actual Loops": 1, "Inner Unique": true, "Plans": [{"Node Type": "Nested Loop", "Parent Relationship": "Outer", "Join Type": "Inner", "Startup Cost": 10000000001.35, "Total Cost": 1000018211114.89, "Plan Rows": 238955, "Plan Width": 8, "Actual Startup Time": 32.603, "Actual Total Time": 2974.089, "Actual Rows": 691, "Actual Loops": 1, "Inner Unique": true, "Plans": [{"Node Type": "Nested Loop", "Parent Relationship": "Outer", "Join Type": "Inner", "Startup Cost": 10000000001.09, "Total Cost": 1000017188325.12, "Plan Rows": 238955, "Plan Width": 12, "Actual Startup Time": 32.594, "Actual Total Time": 2969.962, "Actual Rows": 691, "Actual Loops": 1, "Inner Unique": false, "Plans": [{"Node Type": "Nested Loop", "Parent Relationship": "Outer", "Join Type": "Inner", "Startup Cost": 10000000000.26, "Total Cost": 1000016149093.12, "Plan Rows": 209278, "Plan Width": 4, "Actual Startup Time": 32.553, "Actual Total Time": 2937.753, "Actual Rows": 798, "Actual Loops": 1, "Inner Unique": true, "Plans": [{"Node Type": "Index Scan", "Parent Relationship": "Outer", "Scan Direction": "Forward", "Index Name": "movie_id_movie_companies", "Relation Name": "movie_companies", "Alias": "mc", "Startup Cost": 10000000000.0, "Total Cost": 1000014356510.13, "Plan Rows": 418557, "Plan Width": 8, "Actual Startup Time": 0.054, "Actual Total Time": 2285.125, "Actual Rows": 295628, "Actual Loops": 1, "Filter": "(((note)::text !~~ '%(TV)%'::text) AND ((note)::text ~~ '%(USA)%'::text)), (LLVM Optimized, Jit Execute)", "Rows Removed by Filter": 2313500}, {"Node Type": "Bitmap Heap Scan", "Parent Relationship": "Inner", "Relation Name": "company_type", "Alias": "ct", "Startup Cost": 0.26, "Total Cost": 4.27, "Plan Rows": 1, "Plan Width": 4, "Actual Startup Time": 341.416, "Actual Total Time": 341.416, "Actual Rows": 798, "Actual Loops": 295628, "Recheck Cond": "(id = mc.company_type_id)", "Rows Removed by Index Recheck": 0, "Filter": "((kind)::text = 'production companies'::text)", "Rows Removed by Filter": 0, "Exact Heap Blocks": 798, "Lossy Heap Blocks": 798, "Plans": [{"Node Type": "Bitmap Index Scan", "Parent Relationship": "Outer", "Index Name": "company_type_pkey", "Startup Cost": 0.0, "Total Cost": 0.26, "Plan Rows": 1, "Plan Width": 0, "Actual Startup Time": 205.492, "Actual Total Time": 205.492, "Actual Rows": 798, "Actual Loops": 295628, "Index Cond": "(id = mc.company_type_id)"}]}]}, {"Node Type": "Bitmap Heap Scan", "Parent Relationship": "Inner", "Relation Name": "movie_info", "Alias": "mi", "Startup Cost": 0.83, "Total Cost": 4.96, "Plan Rows": 1, "Plan Width": 8, "Actual Startup Time": 27.613, "Actual Total Time": 30.269, "Actual Rows": 691, "Actual Loops": 798, "Recheck Cond": "(movie_id = mc.movie_id)", "Rows Removed by Index Recheck": 0, "Filter": "((info)::text = ANY ('{Sweden,Norway,Germany,Denmark,Swedish,Denish,Norwegian,German,USA,American}'::text[]))", "Rows Removed by Filter": 7906, "Exact Heap Blocks": 6397, "Lossy Heap Blocks": 6397, "Plans": [{"Node Type": "Bitmap Index Scan", "Parent Relationship": "Outer", "Index Name": "movie_id_movie_info", "Startup Cost": 0.0, "Total Cost": 0.83, "Plan Rows": 5, "Plan Width": 0, "Actual Startup Time": 6.949, "Actual Total Time": 6.949, "Actual Rows": 8597, "Actual Loops": 798, "Index Cond": "(movie_id = mc.movie_id)"}]}]}, {"Node Type": "Bitmap Heap Scan", "Parent Relationship": "Inner", "Relation Name": "info_type", "Alias": "it", "Startup Cost": 0.26, "Total Cost": 4.27, "Plan Rows": 1, "Plan Width": 4, "Actual Startup Time": 2.573, "Actual Total Time": 2.573, "Actual Rows": 691, "Actual Loops": 691, "Recheck Cond": "(id = mi.info_type_id)", "Rows Removed by Index Recheck": 0, "Exact Heap Blocks": 691, "Lossy Heap Blocks": 691, "Plans": [{"Node Type": "Bitmap Index Scan", "Parent Relationship": "Outer", "Index Name": "info_type_pkey", "Startup Cost": 0.0, "Total Cost": 0.26, "Plan Rows": 1, "Plan Width": 0, "Actual Startup Time": 1.179, "Actual Total Time": 1.179, "Actual Rows": 691, "Actual Loops": 691, "Index Cond": "(id = mi.info_type_id)"}]}]}, {"Node Type": "Bitmap Heap Scan", "Parent Relationship": "Inner", "Relation Name": "title", "Alias": "t", "Startup Cost": 0.31, "Total Cost": 4.32, "Plan Rows": 1, "Plan Width": 21, "Actual Startup Time": 6.58, "Actual Total Time": 6.58, "Actual Rows": 669, "Actual Loops": 691, "Recheck Cond": "(id = mi.movie_id)", "Rows Removed by Index Recheck": 0, "Filter": "(production_year > 1990)", "Rows Removed by Filter": 22, "Exact Heap Blocks": 691, "Lossy Heap Blocks": 691, "Plans": [{"Node Type": "Bitmap Index Scan", "Parent Relationship": "Outer", "Index Name": "title_pkey", "Startup Cost": 0.0, "Total Cost": 0.31, "Plan Rows": 1, "Plan Width": 0, "Actual Startup Time": 3.813, "Actual Total Time": 3.813, "Actual Rows": 691, "Actual Loops": 691, "Index Cond": "(id = mi.movie_id)"}]}]}]}, "Triggers": [], "Planner Runtime": 4.896, "Total Runtime": 2992.474, "Unique SQL Id": 322094867}}, "(1, 100)": {"explain_plan": {"Plan": {"Node Type": "Aggregate", "Strategy": "Plain", "Startup Cost": 413659.37, "Total Cost": 413659.38, "Plan Rows": 1, "Plan Width": 49, "Plans": [{"Node Type": "Hash Join", "Parent Relationship": "Outer", "Join Type": "Inner", "Startup Cost": 88254.96, "Total Cost": 412831.75, "Plan Rows": 331050, "Plan Width": 17, "Inner Unique": true, "Hash Cond": "(mi.info_type_id = it.id), (LLVM Optimized)", "Plans": [{"Node Type": "Nested Loop", "Parent Relationship": "Outer", "Join Type": "Inner", "Startup Cost": 88251.44, "Total Cost": 408458.37, "Plan Rows": 331050, "Plan Width": 21, "Inner Unique": false, "Plans": [{"Node Type": "Hash Join", "Parent Relationship": "Outer", "Join Type": "Inner", "Startup Cost": 88251.44, "Total Cost": 149940.3, "Plan Rows": 289936, "Plan Width": 25, "Inner Unique": true, "Hash Cond": "(mc.movie_id = t.id), (LLVM Optimized)", "Plans": [{"Node Type": "Hash Join", "Parent Relationship": "Outer", "Join Type": "Inner", "Startup Cost": 1.05, "Total Cost": 58005.76, "Plan Rows": 209278, "Plan Width": 4, "Inner Unique": true, "Hash Cond": "(mc.company_type_id = ct.id), (LLVM Optimized)", "Plans": [{"Node Type": "Seq Scan", "Parent Relationship": "Outer", "Relation Name": "movie_companies", "Alias": "mc", "Startup Cost": 0.0, "Total Cost": 54862.92, "Plan Rows": 418557, "Plan Width": 8, "Filter": "(((note)::text !~~ '%(TV)%'::text) AND ((note)::text ~~ '%(USA)%'::text)), (LLVM Optimized)"}, {"Node Type": "Hash", "Parent Relationship": "Inner", "Startup Cost": 1.04, "Total Cost": 1.04, "Plan Rows": 1, "Plan Width": 4, "Plans": [{"Node Type": "Seq Scan", "Parent Relationship": "Outer", "Relation Name": "company_type", "Alias": "ct", "Startup Cost": 0.0, "Total Cost": 1.04, "Plan Rows": 1, "Plan Width": 4, "Filter": "((kind)::text = 'production companies'::text)"}]}]}, {"Node Type": "Hash", "Parent Relationship": "Inner", "Startup Cost": 66389.89, "Total Cost": 66389.89, "Plan Rows": 1748840, "Plan Width": 21, "Plans": [{"Node Type": "Seq Scan", "Parent Relationship": "Outer", "Relation Name": "title", "Alias": "t", "Startup Cost": 0.0, "Total Cost": 66389.89, "Plan Rows": 1748840, "Plan Width": 21, "Filter": "(production_year > 1990), (LLVM Optimized)"}]}]}, {"Node Type": "Index Scan", "Parent Relationship": "Inner", "Scan Direction": "Forward", "Index Name": "movie_id_movie_info", "Relation Name": "movie_info", "Alias": "mi", "Startup Cost": 0.0, "Total Cost": 0.88, "Plan Rows": 1, "Plan Width": 8, "Index Cond": "(movie_id = t.id)", "Filter": "((info)::text = ANY ('{Sweden,Norway,Germany,Denmark,Swedish,Denish,Norwegian,German,USA,American}'::text[]))"}]}, {"Node Type": "Hash", "Parent Relationship": "Inner", "Startup Cost": 2.12, "Total Cost": 2.12, "Plan Rows": 112, "Plan Width": 4, "Plans": [{"Node Type": "Seq Scan", "Parent Relationship": "Outer", "Relation Name": "info_type", "Alias": "it", "Startup Cost": 0.0, "Total Cost": 2.12, "Plan Rows": 112, "Plan Width": 4}]}]}]}, "Unique SQL Id": 322094867}, "explain_analyze_plan": {"Plan": {"Node Type": "Aggregate", "Strategy": "Plain", "Startup Cost": 413659.37, "Total Cost": 413659.38, "Plan Rows": 1, "Plan Width": 49, "Actual Startup Time": 2847.577, "Actual Total Time": 2847.578, "Actual Rows": 1, "Actual Loops": 1, "Plans": [{"Node Type": "Hash Join", "Parent Relationship": "Outer", "Join Type": "Inner", "Startup Cost": 88254.96, "Total Cost": 412831.75, "Plan Rows": 331050, "Plan Width": 17, "Actual Startup Time": 2465.807, "Actual Total Time": 2847.12, "Actual Rows": 669, "Actual Loops": 1, "Inner Unique": true, "Hash Cond": "(mi.info_type_id = it.id), (LLVM Optimized, Jit Execute)", "Plans": [{"Node Type": "Nested Loop", "Parent Relationship": "Outer", "Join Type": "Inner", "Startup Cost": 88251.44, "Total Cost": 408458.37, "Plan Rows": 331050, "Plan Width": 21, "Actual Startup Time": 2465.668, "Actual Total Time": 2846.565, "Actual Rows": 669, "Actual Loops": 1, "Inner Unique": false, "Plans": [{"Node Type": "Hash Join", "Parent Relationship": "Outer", "Join Type": "Inner", "Startup Cost": 88251.44, "Total Cost": 149940.3, "Plan Rows": 289936, "Plan Width": 25, "Actual Startup Time": 2465.603, "Actual Total Time": 2813.818, "Actual Rows": 767, "Actual Loops": 1, "Inner Unique": true, "Hash Cond": "(mc.movie_id = t.id), (LLVM Optimized, Jit Execute)", "Plans": [{"Node Type": "Hash Join", "Parent Relationship": "Outer", "Join Type": "Inner", "Startup Cost": 1.05, "Total Cost": 58005.76, "Plan Rows": 209278, "Plan Width": 4, "Actual Startup Time": 860.961, "Actual Total Time": 1208.39, "Actual Rows": 798, "Actual Loops": 1, "Inner Unique": true, "Hash Cond": "(mc.company_type_id = ct.id), (LLVM Optimized, Jit Execute)", "Plans": [{"Node Type": "Seq Scan", "Parent Relationship": "Outer", "Relation Name": "movie_companies", "Alias": "mc", "Startup Cost": 0.0, "Total Cost": 54862.92, "Plan Rows": 418557, "Plan Width": 8, "Actual Startup Time": 0.048, "Actual Total Time": 1154.522, "Actual Rows": 295628, "Actual Loops": 1, "Filter": "(((note)::text !~~ '%(TV)%'::text) AND ((note)::text ~~ '%(USA)%'::text)), (LLVM Optimized, Jit Execute)", "Rows Removed by Filter": 2313500}, {"Node Type": "Hash", "Parent Relationship": "Inner", "Startup Cost": 1.04, "Total Cost": 1.04, "Plan Rows": 1, "Plan Width": 4, "Actual Startup Time": 0.012, "Actual Total Time": 0.012, "Actual Rows": 1, "Actual Loops": 1, "Hash Buckets": 32768, "Hash Batches": 1, "Original Hash Batches": 1, "Peak Memory Usage": 1, "Plans": [{"Node Type": "Seq Scan", "Parent Relationship": "Outer", "Relation Name": "company_type", "Alias": "ct", "Startup Cost": 0.0, "Total Cost": 1.04, "Plan Rows": 1, "Plan Width": 4, "Actual Startup Time": 0.006, "Actual Total Time": 0.007, "Actual Rows": 1, "Actual Loops": 1, "Filter": "((kind)::text = 'production companies'::text)", "Rows Removed by Filter": 2}]}]}, {"Node Type": "Hash", "Parent Relationship": "Inner", "Startup Cost": 66389.89, "Total Cost": 66389.89, "Plan Rows": 1748840, "Plan Width": 21, "Actual Startup Time": 1603.236, "Actual Total Time": 1603.236, "Actual Rows": 1749032, "Actual Loops": 1, "Hash Buckets": 2097152, "Hash Batches": 1, "Original Hash Batches": 1, "Peak Memory Usage": 93635, "Plans": [{"Node Type": "Seq Scan", "Parent Relationship": "Outer", "Relation Name": "title", "Alias": "t", "Startup Cost": 0.0, "Total Cost": 66389.89, "Plan Rows": 1748840, "Plan Width": 21, "Actual Startup Time": 0.043, "Actual Total Time": 924.726, "Actual Rows": 1749032, "Actual Loops": 1, "Filter": "(production_year > 1990), (LLVM Optimized, Jit Execute)", "Rows Removed by Filter": 779279}]}]}, {"Node Type": "Index Scan", "Parent Relationship": "Inner", "Scan Direction": "Forward", "Index Name": "movie_id_movie_info", "Relation Name": "movie_info", "Alias": "mi", "Startup Cost": 0.0, "Total Cost": 0.88, "Plan Rows": 1, "Plan Width": 8, "Actual Startup Time": 25.446, "Actual Total Time": 28.771, "Actual Rows": 669, "Actual Loops": 767, "Index Cond": "(movie_id = t.id)", "Rows Removed by Index Recheck": 0, "Filter": "((info)::text = ANY ('{Sweden,Norway,Germany,Denmark,Swedish,Denish,Norwegian,German,USA,American}'::text[]))", "Rows Removed by Filter": 7721}]}, {"Node Type": "Hash", "Parent Relationship": "Inner", "Startup Cost": 2.12, "Total Cost": 2.12, "Plan Rows": 112, "Plan Width": 4, "Actual Startup Time": 0.092, "Actual Total Time": 0.092, "Actual Rows": 112, "Actual Loops": 1, "Hash Buckets": 32768, "Hash Batches": 1, "Original Hash Batches": 1, "Peak Memory Usage": 4, "Plans": [{"Node Type": "Seq Scan", "Parent Relationship": "Outer", "Relation Name": "info_type", "Alias": "it", "Startup Cost": 0.0, "Total Cost": 2.12, "Plan Rows": 112, "Plan Width": 4, "Actual Startup Time": 0.024, "Actual Total Time": 0.044, "Actual Rows": 112, "Actual Loops": 1}]}]}]}, "Triggers": [], "Planner Runtime": 11.646, "Total Runtime": 2857.721, "Unique SQL Id": 322094867}}, "(1, 101)": {"explain_plan": {"Plan": {"Node Type": "Aggregate", "Strategy": "Plain", "Startup Cost": 467462.25, "Total Cost": 467462.26, "Plan Rows": 1, "Plan Width": 49, "Plans": [{"Node Type": "Hash Join", "Parent Relationship": "Outer", "Join Type": "Inner", "Startup Cost": 138317.1, "Total Cost": 466634.62, "Plan Rows": 331050, "Plan Width": 17, "Inner Unique": true, "Hash Cond": "(mi.info_type_id = it.id), (LLVM Optimized)", "Plans": [{"Node Type": "Nested Loop", "Parent Relationship": "Outer", "Join Type": "Inner", "Startup Cost": 138301.77, "Total Cost": 462249.43, "Plan Rows": 331050, "Plan Width": 21, "Inner Unique": false, "Plans": [{"Node Type": "Hash Join", "Parent Relationship": "Outer", "Join Type": "Inner", "Startup Cost": 138301.77, "Total Cost": 203731.36, "Plan Rows": 289936, "Plan Width": 25, "Inner Unique": true, "Hash Cond": "(mc.movie_id = t.id), (LLVM Optimized)", "Plans": [{"Node Type": "Nested Loop", "Parent Relationship": "Outer", "Join Type": "Inner", "Startup Cost": 0.0, "Total Cost": 61745.44, "Plan Rows": 209278, "Plan Width": 4, "Inner Unique": false, "Plans": [{"Node Type": "Index Scan", "Parent Relationship": "Outer", "Scan Direction": "Forward", "Index Name": "company_type_pkey", "Relation Name": "company_type", "Alias": "ct", "Startup Cost": 0.0, "Total Cost": 12.3, "Plan Rows": 1, "Plan Width": 4, "Filter": "((kind)::text = 'production companies'::text)"}, {"Node Type": "Index Scan", "Parent Relationship": "Inner", "Scan Direction": "Forward", "Index Name": "company_type_id_movie_companies", "Relation Name": "movie_companies", "Alias": "mc", "Startup Cost": 0.0, "Total Cost": 59640.35, "Plan Rows": 209279, "Plan Width": 8, "Index Cond": "(company_type_id = ct.id), (LLVM Optimized)", "Filter": "(((note)::text !~~ '%(TV)%'::text) AND ((note)::text ~~ '%(USA)%'::text)), (LLVM Optimized)"}]}, {"Node Type": "Hash", "Parent Relationship": "Inner", "Startup Cost": 116441.27, "Total Cost": 116441.27, "Plan Rows": 1748840, "Plan Width": 21, "Plans": [{"Node Type": "Index Scan", "Parent Relationship": "Outer", "Scan Direction": "Forward", "Index Name": "title_pkey", "Relation Name": "title", "Alias": "t", "Startup Cost": 0.0, "Total Cost": 116441.27, "Plan Rows": 1748840, "Plan Width": 21, "Filter": "(production_year > 1990), (LLVM Optimized)"}]}]}, {"Node Type": "Index Scan", "Parent Relationship": "Inner", "Scan Direction": "Forward", "Index Name": "movie_id_movie_info", "Relation Name": "movie_info", "Alias": "mi", "Startup Cost": 0.0, "Total Cost": 0.88, "Plan Rows": 1, "Plan Width": 8, "Index Cond": "(movie_id = t.id)", "Filter": "((info)::text = ANY ('{Sweden,Norway,Germany,Denmark,Swedish,Denish,Norwegian,German,USA,American}'::text[]))"}]}, {"Node Type": "Hash", "Parent Relationship": "Inner", "Startup Cost": 13.93, "Total Cost": 13.93, "Plan Rows": 112, "Plan Width": 4, "Plans": [{"Node Type": "Index Scan", "Parent Relationship": "Outer", "Scan Direction": "Forward", "Index Name": "info_type_pkey", "Relation Name": "info_type", "Alias": "it", "Startup Cost": 0.0, "Total Cost": 13.93, "Plan Rows": 112, "Plan Width": 4}]}]}]}, "Unique SQL Id": 322094867}, "explain_analyze_plan": {"Plan": {"Node Type": "Aggregate", "Strategy": "Plain", "Startup Cost": 467462.25, "Total Cost": 467462.26, "Plan Rows": 1, "Plan Width": 49, "Actual Startup Time": 4745.714, "Actual Total Time": 4745.714, "Actual Rows": 1, "Actual Loops": 1, "Plans": [{"Node Type": "Hash Join", "Parent Relationship": "Outer", "Join Type": "Inner", "Startup Cost": 138317.1, "Total Cost": 466634.62, "Plan Rows": 331050, "Plan Width": 17, "Actual Startup Time": 4106.481, "Actual Total Time": 4745.207, "Actual Rows": 669, "Actual Loops": 1, "Inner Unique": true, "Hash Cond": "(mi.info_type_id = it.id), (LLVM Optimized, Jit Execute)", "Plans": [{"Node Type": "Nested Loop", "Parent Relationship": "Outer", "Join Type": "Inner", "Startup Cost": 138301.77, "Total Cost": 462249.43, "Plan Rows": 331050, "Plan Width": 21, "Actual Startup Time": 4106.318, "Actual Total Time": 4744.669, "Actual Rows": 669, "Actual Loops": 1, "Inner Unique": false, "Plans": [{"Node Type": "Hash Join", "Parent Relationship": "Outer", "Join Type": "Inner", "Startup Cost": 138301.77, "Total Cost": 203731.36, "Plan Rows": 289936, "Plan Width": 25, "Actual Startup Time": 4106.252, "Actual Total Time": 4722.17, "Actual Rows": 767, "Actual Loops": 1, "Inner Unique": true, "Hash Cond": "(mc.movie_id = t.id), (LLVM Optimized, Jit Execute)", "Plans": [{"Node Type": "Nested Loop", "Parent Relationship": "Outer", "Join Type": "Inner", "Startup Cost": 0.0, "Total Cost": 61745.44, "Plan Rows": 209278, "Plan Width": 4, "Actual Startup Time": 9.711, "Actual Total Time": 624.827, "Actual Rows": 798, "Actual Loops": 1, "Inner Unique": false, "Plans": [{"Node Type": "Index Scan", "Parent Relationship": "Outer", "Scan Direction": "Forward", "Index Name": "company_type_pkey", "Relation Name": "company_type", "Alias": "ct", "Startup Cost": 0.0, "Total Cost": 12.3, "Plan Rows": 1, "Plan Width": 4, "Actual Startup Time": 0.012, "Actual Total Time": 0.02, "Actual Rows": 1, "Actual Loops": 1, "Filter": "((kind)::text = 'production companies'::text)", "Rows Removed by Filter": 2}, {"Node Type": "Index Scan", "Parent Relationship": "Inner", "Scan Direction": "Forward", "Index Name": "company_type_id_movie_companies", "Relation Name": "movie_companies", "Alias": "mc", "Startup Cost": 0.0, "Total Cost": 59640.35, "Plan Rows": 209279, "Plan Width": 8, "Actual Startup Time": 9.694, "Actual Total Time": 624.563, "Actual Rows": 798, "Actual Loops": 1, "Index Cond": "(company_type_id = ct.id), (LLVM Optimized, Jit Execute)", "Rows Removed by Index Recheck": 0, "Filter": "(((note)::text !~~ '%(TV)%'::text) AND ((note)::text ~~ '%(USA)%'::text)), (LLVM Optimized, Jit Execute)", "Rows Removed by Filter": 1334085}]}, {"Node Type": "Hash", "Parent Relationship": "Inner", "Startup Cost": 116441.27, "Total Cost": 116441.27, "Plan Rows": 1748840, "Plan Width": 21, "Actual Startup Time": 4095.246, "Actual Total Time": 4095.246, "Actual Rows": 1749032, "Actual Loops": 1, "Hash Buckets": 2097152, "Hash Batches": 1, "Original Hash Batches": 1, "Peak Memory Usage": 93635, "Plans": [{"Node Type": "Index Scan", "Parent Relationship": "Outer", "Scan Direction": "Forward", "Index Name": "title_pkey", "Relation Name": "title", "Alias": "t", "Startup Cost": 0.0, "Total Cost": 116441.27, "Plan Rows": 1748840, "Plan Width": 21, "Actual Startup Time": 0.045, "Actual Total Time": 3182.588, "Actual Rows": 1749032, "Actual Loops": 1, "Filter": "(production_year > 1990), (LLVM Optimized, Jit Execute)", "Rows Removed by Filter": 779279}]}]}, {"Node Type": "Index Scan", "Parent Relationship": "Inner", "Scan Direction": "Forward", "Index Name": "movie_id_movie_info", "Relation Name": "movie_info", "Alias": "mi", "Startup Cost": 0.0, "Total Cost": 0.88, "Plan Rows": 1, "Plan Width": 8, "Actual Startup Time": 16.279, "Actual Total Time": 18.603, "Actual Rows": 669, "Actual Loops": 767, "Index Cond": "(movie_id = t.id)", "Rows Removed by Index Recheck": 0, "Filter": "((info)::text = ANY ('{Sweden,Norway,Germany,Denmark,Swedish,Denish,Norwegian,German,USA,American}'::text[]))", "Rows Removed by Filter": 7721}]}, {"Node Type": "Hash", "Parent Relationship": "Inner", "Startup Cost": 13.93, "Total Cost": 13.93, "Plan Rows": 112, "Plan Width": 4, "Actual Startup Time": 0.117, "Actual Total Time": 0.117, "Actual Rows": 112, "Actual Loops": 1, "Hash Buckets": 32768, "Hash Batches": 1, "Original Hash Batches": 1, "Peak Memory Usage": 4, "Plans": [{"Node Type": "Index Scan", "Parent Relationship": "Outer", "Scan Direction": "Forward", "Index Name": "info_type_pkey", "Relation Name": "info_type", "Alias": "it", "Startup Cost": 0.0, "Total Cost": 13.93, "Plan Rows": 112, "Plan Width": 4, "Actual Startup Time": 0.027, "Actual Total Time": 0.074, "Actual Rows": 112, "Actual Loops": 1}]}]}]}, "Triggers": [], "Planner Runtime": 4.033, "Total Runtime": 4755.955, "Unique SQL Id": 322094867}}, "(1, 102)": {"explain_plan": {"Plan": {"Node Type": "Aggregate", "Strategy": "Plain", "Startup Cost": 646202.08, "Total Cost": 646202.09, "Plan Rows": 1, "Plan Width": 49, "Plans": [{"Node Type": "Hash Join", "Parent Relationship": "Outer", "Join Type": "Inner", "Startup Cost": 153568.02, "Total Cost": 645374.46, "Plan Rows": 331050, "Plan Width": 17, "Inner Unique": true, "Hash Cond": "(mi.info_type_id = it.id), (LLVM Optimized)", "Plans": [{"Node Type": "Hash Join", "Parent Relationship": "Outer", "Join Type": "Inner", "Startup Cost": 153564.5, "Total Cost": 640819.0, "Plan Rows": 331050, "Plan Width": 21, "Inner Unique": false, "Hash Cond": "(mi.movie_id = t.id), (LLVM Optimized)", "Plans": [{"Node Type": "Seq Scan", "Parent Relationship": "Outer", "Relation Name": "movie_info", "Alias": "mi", "Startup Cost": 0.0, "Total Cost": 482862.23, "Plan Rows": 726375, "Plan Width": 8, "Filter": "((info)::text = ANY ('{Sweden,Norway,Germany,Denmark,Swedish,Denish,Norwegian,German,USA,American}'::text[]))"}, {"Node Type": "Hash", "Parent Relationship": "Inner", "Startup Cost": 149940.3, "Total Cost": 149940.3, "Plan Rows": 289936, "Plan Width": 25, "Plans": [{"Node Type": "Hash Join", "Parent Relationship": "Outer", "Join Type": "Inner", "Startup Cost": 88251.44, "Total Cost": 149940.3, "Plan Rows": 289936, "Plan Width": 25, "Inner Unique": true, "Hash Cond": "(mc.movie_id = t.id), (LLVM Optimized)", "Plans": [{"Node Type": "Hash Join", "Parent Relationship": "Outer", "Join Type": "Inner", "Startup Cost": 1.05, "Total Cost": 58005.76, "Plan Rows": 209278, "Plan Width": 4, "Inner Unique": true, "Hash Cond": "(mc.company_type_id = ct.id), (LLVM Optimized)", "Plans": [{"Node Type": "Seq Scan", "Parent Relationship": "Outer", "Relation Name": "movie_companies", "Alias": "mc", "Startup Cost": 0.0, "Total Cost": 54862.92, "Plan Rows": 418557, "Plan Width": 8, "Filter": "(((note)::text !~~ '%(TV)%'::text) AND ((note)::text ~~ '%(USA)%'::text)), (LLVM Optimized)"}, {"Node Type": "Hash", "Parent Relationship": "Inner", "Startup Cost": 1.04, "Total Cost": 1.04, "Plan Rows": 1, "Plan Width": 4, "Plans": [{"Node Type": "Seq Scan", "Parent Relationship": "Outer", "Relation Name": "company_type", "Alias": "ct", "Startup Cost": 0.0, "Total Cost": 1.04, "Plan Rows": 1, "Plan Width": 4, "Filter": "((kind)::text = 'production companies'::text)"}]}]}, {"Node Type": "Hash", "Parent Relationship": "Inner", "Startup Cost": 66389.89, "Total Cost": 66389.89, "Plan Rows": 1748840, "Plan Width": 21, "Plans": [{"Node Type": "Seq Scan", "Parent Relationship": "Outer", "Relation Name": "title", "Alias": "t", "Startup Cost": 0.0, "Total Cost": 66389.89, "Plan Rows": 1748840, "Plan Width": 21, "Filter": "(production_year > 1990), (LLVM Optimized)"}]}]}]}]}, {"Node Type": "Hash", "Parent Relationship": "Inner", "Startup Cost": 2.12, "Total Cost": 2.12, "Plan Rows": 112, "Plan Width": 4, "Plans": [{"Node Type": "Seq Scan", "Parent Relationship": "Outer", "Relation Name": "info_type", "Alias": "it", "Startup Cost": 0.0, "Total Cost": 2.12, "Plan Rows": 112, "Plan Width": 4}]}]}]}, "Unique SQL Id": 322094867}, "explain_analyze_plan": null}, "(1, 103)": {"explain_plan": {"Plan": {"Node Type": "Aggregate", "Strategy": "Plain", "Startup Cost": 1000019247502.85, "Total Cost": 1000019247502.86, "Plan Rows": 1, "Plan Width": 49, "Plans": [{"Node Type": "Nested Loop", "Parent Relationship": "Outer", "Join Type": "Inner", "Startup Cost": 10000000001.66, "Total Cost": 1000019246675.23, "Plan Rows": 331050, "Plan Width": 17, "Inner Unique": true, "Plans": [{"Node Type": "Nested Loop", "Parent Relationship": "Outer", "Join Type": "Inner", "Startup Cost": 10000000001.35, "Total Cost": 1000018211114.89, "Plan Rows": 238955, "Plan Width": 8, "Inner Unique": true, "Plans": [{"Node Type": "Nested Loop", "Parent Relationship": "Outer", "Join Type": "Inner", "Startup Cost": 10000000001.09, "Total Cost": 1000017188325.12, "Plan Rows": 238955, "Plan Width": 12, "Inner Unique": false, "Plans": [{"Node Type": "Nested Loop", "Parent Relationship": "Outer", "Join Type": "Inner", "Startup Cost": 10000000000.26, "Total Cost": 1000016149093.12, "Plan Rows": 209278, "Plan Width": 4, "Inner Unique": true, "Plans": [{"Node Type": "Index Scan", "Parent Relationship": "Outer", "Scan Direction": "Forward", "Index Name": "movie_id_movie_companies", "Relation Name": "movie_companies", "Alias": "mc", "Startup Cost": 10000000000.0, "Total Cost": 1000014356510.13, "Plan Rows": 418557, "Plan Width": 8, "Filter": "(((note)::text !~~ '%(TV)%'::text) AND ((note)::text ~~ '%(USA)%'::text)), (LLVM Optimized)"}, {"Node Type": "Bitmap Heap Scan", "Parent Relationship": "Inner", "Relation Name": "company_type", "Alias": "ct", "Startup Cost": 0.26, "Total Cost": 4.27, "Plan Rows": 1, "Plan Width": 4, "Recheck Cond": "(id = mc.company_type_id)", "Filter": "((kind)::text = 'production companies'::text)", "Plans": [{"Node Type": "Bitmap Index Scan", "Parent Relationship": "Outer", "Index Name": "company_type_pkey", "Startup Cost": 0.0, "Total Cost": 0.26, "Plan Rows": 1, "Plan Width": 0, "Index Cond": "(id = mc.company_type_id)"}]}]}, {"Node Type": "Bitmap Heap Scan", "Parent Relationship": "Inner", "Relation Name": "movie_info", "Alias": "mi", "Startup Cost": 0.83, "Total Cost": 4.96, "Plan Rows": 1, "Plan Width": 8, "Recheck Cond": "(movie_id = mc.movie_id)", "Filter": "((info)::text = ANY ('{Sweden,Norway,Germany,Denmark,Swedish,Denish,Norwegian,German,USA,American}'::text[]))", "Plans": [{"Node Type": "Bitmap Index Scan", "Parent Relationship": "Outer", "Index Name": "movie_id_movie_info", "Startup Cost": 0.0, "Total Cost": 0.83, "Plan Rows": 5, "Plan Width": 0, "Index Cond": "(movie_id = mc.movie_id)"}]}]}, {"Node Type": "Bitmap Heap Scan", "Parent Relationship": "Inner", "Relation Name": "info_type", "Alias": "it", "Startup Cost": 0.26, "Total Cost": 4.27, "Plan Rows": 1, "Plan Width": 4, "Recheck Cond": "(id = mi.info_type_id)", "Plans": [{"Node Type": "Bitmap Index Scan", "Parent Relationship": "Outer", "Index Name": "info_type_pkey", "Startup Cost": 0.0, "Total Cost": 0.26, "Plan Rows": 1, "Plan Width": 0, "Index Cond": "(id = mi.info_type_id)"}]}]}, {"Node Type": "Bitmap Heap Scan", "Parent Relationship": "Inner", "Relation Name": "title", "Alias": "t", "Startup Cost": 0.31, "Total Cost": 4.32, "Plan Rows": 1, "Plan Width": 21, "Recheck Cond": "(id = mi.movie_id)", "Filter": "(production_year > 1990)", "Plans": [{"Node Type": "Bitmap Index Scan", "Parent Relationship": "Outer", "Index Name": "title_pkey", "Startup Cost": 0.0, "Total Cost": 0.31, "Plan Rows": 1, "Plan Width": 0, "Index Cond": "(id = mi.movie_id)"}]}]}]}, "Unique SQL Id": 322094867}, "explain_analyze_plan": {"Plan": {"Node Type": "Aggregate", "Strategy": "Plain", "Startup Cost": 1000019247502.85, "Total Cost": 1000019247502.86, "Plan Rows": 1, "Plan Width": 49, "Actual Startup Time": 2983.243, "Actual Total Time": 2983.244, "Actual Rows": 1, "Actual Loops": 1, "Plans": [{"Node Type": "Nested Loop", "Parent Relationship": "Outer", "Join Type": "Inner", "Startup Cost": 10000000001.66, "Total Cost": 1000019246675.23, "Plan Rows": 331050, "Plan Width": 17, "Actual Startup Time": 32.619, "Actual Total Time": 2982.151, "Actual Rows": 669, "Actual Loops": 1, "Inner Unique": true, "Plans": [{"Node Type": "Nested Loop", "Parent Relationship": "Outer", "Join Type": "Inner", "Startup Cost": 10000000001.35, "Total Cost": 1000018211114.89, "Plan Rows": 238955, "Plan Width": 8, "Actual Startup Time": 32.603, "Actual Total Time": 2974.089, "Actual Rows": 691, "Actual Loops": 1, "Inner Unique": true, "Plans": [{"Node Type": "Nested Loop", "Parent Relationship": "Outer", "Join Type": "Inner", "Startup Cost": 10000000001.09, "Total Cost": 1000017188325.12, "Plan Rows": 238955, "Plan Width": 12, "Actual Startup Time": 32.594, "Actual Total Time": 2969.962, "Actual Rows": 691, "Actual Loops": 1, "Inner Unique": false, "Plans": [{"Node Type": "Nested Loop", "Parent Relationship": "Outer", "Join Type": "Inner", "Startup Cost": 10000000000.26, "Total Cost": 1000016149093.12, "Plan Rows": 209278, "Plan Width": 4, "Actual Startup Time": 32.553, "Actual Total Time": 2937.753, "Actual Rows": 798, "Actual Loops": 1, "Inner Unique": true, "Plans": [{"Node Type": "Index Scan", "Parent Relationship": "Outer", "Scan Direction": "Forward", "Index Name": "movie_id_movie_companies", "Relation Name": "movie_companies", "Alias": "mc", "Startup Cost": 10000000000.0, "Total Cost": 1000014356510.13, "Plan Rows": 418557, "Plan Width": 8, "Actual Startup Time": 0.054, "Actual Total Time": 2285.125, "Actual Rows": 295628, "Actual Loops": 1, "Filter": "(((note)::text !~~ '%(TV)%'::text) AND ((note)::text ~~ '%(USA)%'::text)), (LLVM Optimized, Jit Execute)", "Rows Removed by Filter": 2313500}, {"Node Type": "Bitmap Heap Scan", "Parent Relationship": "Inner", "Relation Name": "company_type", "Alias": "ct", "Startup Cost": 0.26, "Total Cost": 4.27, "Plan Rows": 1, "Plan Width": 4, "Actual Startup Time": 341.416, "Actual Total Time": 341.416, "Actual Rows": 798, "Actual Loops": 295628, "Recheck Cond": "(id = mc.company_type_id)", "Rows Removed by Index Recheck": 0, "Filter": "((kind)::text = 'production companies'::text)", "Rows Removed by Filter": 0, "Exact Heap Blocks": 798, "Lossy Heap Blocks": 798, "Plans": [{"Node Type": "Bitmap Index Scan", "Parent Relationship": "Outer", "Index Name": "company_type_pkey", "Startup Cost": 0.0, "Total Cost": 0.26, "Plan Rows": 1, "Plan Width": 0, "Actual Startup Time": 205.492, "Actual Total Time": 205.492, "Actual Rows": 798, "Actual Loops": 295628, "Index Cond": "(id = mc.company_type_id)"}]}]}, {"Node Type": "Bitmap Heap Scan", "Parent Relationship": "Inner", "Relation Name": "movie_info", "Alias": "mi", "Startup Cost": 0.83, "Total Cost": 4.96, "Plan Rows": 1, "Plan Width": 8, "Actual Startup Time": 27.613, "Actual Total Time": 30.269, "Actual Rows": 691, "Actual Loops": 798, "Recheck Cond": "(movie_id = mc.movie_id)", "Rows Removed by Index Recheck": 0, "Filter": "((info)::text = ANY ('{Sweden,Norway,Germany,Denmark,Swedish,Denish,Norwegian,German,USA,American}'::text[]))", "Rows Removed by Filter": 7906, "Exact Heap Blocks": 6397, "Lossy Heap Blocks": 6397, "Plans": [{"Node Type": "Bitmap Index Scan", "Parent Relationship": "Outer", "Index Name": "movie_id_movie_info", "Startup Cost": 0.0, "Total Cost": 0.83, "Plan Rows": 5, "Plan Width": 0, "Actual Startup Time": 6.949, "Actual Total Time": 6.949, "Actual Rows": 8597, "Actual Loops": 798, "Index Cond": "(movie_id = mc.movie_id)"}]}]}, {"Node Type": "Bitmap Heap Scan", "Parent Relationship": "Inner", "Relation Name": "info_type", "Alias": "it", "Startup Cost": 0.26, "Total Cost": 4.27, "Plan Rows": 1, "Plan Width": 4, "Actual Startup Time": 2.573, "Actual Total Time": 2.573, "Actual Rows": 691, "Actual Loops": 691, "Recheck Cond": "(id = mi.info_type_id)", "Rows Removed by Index Recheck": 0, "Exact Heap Blocks": 691, "Lossy Heap Blocks": 691, "Plans": [{"Node Type": "Bitmap Index Scan", "Parent Relationship": "Outer", "Index Name": "info_type_pkey", "Startup Cost": 0.0, "Total Cost": 0.26, "Plan Rows": 1, "Plan Width": 0, "Actual Startup Time": 1.179, "Actual Total Time": 1.179, "Actual Rows": 691, "Actual Loops": 691, "Index Cond": "(id = mi.info_type_id)"}]}]}, {"Node Type": "Bitmap Heap Scan", "Parent Relationship": "Inner", "Relation Name": "title", "Alias": "t", "Startup Cost": 0.31, "Total Cost": 4.32, "Plan Rows": 1, "Plan Width": 21, "Actual Startup Time": 6.58, "Actual Total Time": 6.58, "Actual Rows": 669, "Actual Loops": 691, "Recheck Cond": "(id = mi.movie_id)", "Rows Removed by Index Recheck": 0, "Filter": "(production_year > 1990)", "Rows Removed by Filter": 22, "Exact Heap Blocks": 691, "Lossy Heap Blocks": 691, "Plans": [{"Node Type": "Bitmap Index Scan", "Parent Relationship": "Outer", "Index Name": "title_pkey", "Startup Cost": 0.0, "Total Cost": 0.31, "Plan Rows": 1, "Plan Width": 0, "Actual Startup Time": 3.813, "Actual Total Time": 3.813, "Actual Rows": 691, "Actual Loops": 691, "Index Cond": "(id = mi.movie_id)"}]}]}]}, "Triggers": [], "Planner Runtime": 4.896, "Total Runtime": 2992.474, "Unique SQL Id": 322094867}}, "(1, 104)": {"explain_plan": {"Plan": {"Node Type": "Aggregate", "Strategy": "Plain", "Startup Cost": 413659.37, "Total Cost": 413659.38, "Plan Rows": 1, "Plan Width": 49, "Plans": [{"Node Type": "Hash Join", "Parent Relationship": "Outer", "Join Type": "Inner", "Startup Cost": 88254.96, "Total Cost": 412831.75, "Plan Rows": 331050, "Plan Width": 17, "Inner Unique": true, "Hash Cond": "(mi.info_type_id = it.id), (LLVM Optimized)", "Plans": [{"Node Type": "Nested Loop", "Parent Relationship": "Outer", "Join Type": "Inner", "Startup Cost": 88251.44, "Total Cost": 408458.37, "Plan Rows": 331050, "Plan Width": 21, "Inner Unique": false, "Plans": [{"Node Type": "Hash Join", "Parent Relationship": "Outer", "Join Type": "Inner", "Startup Cost": 88251.44, "Total Cost": 149940.3, "Plan Rows": 289936, "Plan Width": 25, "Inner Unique": true, "Hash Cond": "(mc.movie_id = t.id), (LLVM Optimized)", "Plans": [{"Node Type": "Hash Join", "Parent Relationship": "Outer", "Join Type": "Inner", "Startup Cost": 1.05, "Total Cost": 58005.76, "Plan Rows": 209278, "Plan Width": 4, "Inner Unique": true, "Hash Cond": "(mc.company_type_id = ct.id), (LLVM Optimized)", "Plans": [{"Node Type": "Seq Scan", "Parent Relationship": "Outer", "Relation Name": "movie_companies", "Alias": "mc", "Startup Cost": 0.0, "Total Cost": 54862.92, "Plan Rows": 418557, "Plan Width": 8, "Filter": "(((note)::text !~~ '%(TV)%'::text) AND ((note)::text ~~ '%(USA)%'::text)), (LLVM Optimized)"}, {"Node Type": "Hash", "Parent Relationship": "Inner", "Startup Cost": 1.04, "Total Cost": 1.04, "Plan Rows": 1, "Plan Width": 4, "Plans": [{"Node Type": "Seq Scan", "Parent Relationship": "Outer", "Relation Name": "company_type", "Alias": "ct", "Startup Cost": 0.0, "Total Cost": 1.04, "Plan Rows": 1, "Plan Width": 4, "Filter": "((kind)::text = 'production companies'::text)"}]}]}, {"Node Type": "Hash", "Parent Relationship": "Inner", "Startup Cost": 66389.89, "Total Cost": 66389.89, "Plan Rows": 1748840, "Plan Width": 21, "Plans": [{"Node Type": "Seq Scan", "Parent Relationship": "Outer", "Relation Name": "title", "Alias": "t", "Startup Cost": 0.0, "Total Cost": 66389.89, "Plan Rows": 1748840, "Plan Width": 21, "Filter": "(production_year > 1990), (LLVM Optimized)"}]}]}, {"Node Type": "Index Scan", "Parent Relationship": "Inner", "Scan Direction": "Forward", "Index Name": "movie_id_movie_info", "Relation Name": "movie_info", "Alias": "mi", "Startup Cost": 0.0, "Total Cost": 0.88, "Plan Rows": 1, "Plan Width": 8, "Index Cond": "(movie_id = t.id)", "Filter": "((info)::text = ANY ('{Sweden,Norway,Germany,Denmark,Swedish,Denish,Norwegian,German,USA,American}'::text[]))"}]}, {"Node Type": "Hash", "Parent Relationship": "Inner", "Startup Cost": 2.12, "Total Cost": 2.12, "Plan Rows": 112, "Plan Width": 4, "Plans": [{"Node Type": "Index Only Scan", "Parent Relationship": "Outer", "Scan Direction": "Forward", "Index Name": "info_type_pkey", "Relation Name": "info_type", "Alias": "it", "Startup Cost": 0.0, "Total Cost": 2.12, "Plan Rows": 112, "Plan Width": 4}]}]}]}, "Unique SQL Id": 322094867}, "explain_analyze_plan": {"Plan": {"Node Type": "Aggregate", "Strategy": "Plain", "Startup Cost": 413659.37, "Total Cost": 413659.38, "Plan Rows": 1, "Plan Width": 49, "Actual Startup Time": 2764.239, "Actual Total Time": 2764.24, "Actual Rows": 1, "Actual Loops": 1, "Plans": [{"Node Type": "Hash Join", "Parent Relationship": "Outer", "Join Type": "Inner", "Startup Cost": 88254.96, "Total Cost": 412831.75, "Plan Rows": 331050, "Plan Width": 17, "Actual Startup Time": 2413.46, "Actual Total Time": 2763.712, "Actual Rows": 669, "Actual Loops": 1, "Inner Unique": true, "Hash Cond": "(mi.info_type_id = it.id), (LLVM Optimized, Jit Execute)", "Plans": [{"Node Type": "Nested Loop", "Parent Relationship": "Outer", "Join Type": "Inner", "Startup Cost": 88251.44, "Total Cost": 408458.37, "Plan Rows": 331050, "Plan Width": 21, "Actual Startup Time": 2413.334, "Actual Total Time": 2763.207, "Actual Rows": 669, "Actual Loops": 1, "Inner Unique": false, "Plans": [{"Node Type": "Hash Join", "Parent Relationship": "Outer", "Join Type": "Inner", "Startup Cost": 88251.44, "Total Cost": 149940.3, "Plan Rows": 289936, "Plan Width": 25, "Actual Startup Time": 2413.245, "Actual Total Time": 2741.677, "Actual Rows": 767, "Actual Loops": 1, "Inner Unique": true, "Hash Cond": "(mc.movie_id = t.id), (LLVM Optimized, Jit Execute)", "Plans": [{"Node Type": "Hash Join", "Parent Relationship": "Outer", "Join Type": "Inner", "Startup Cost": 1.05, "Total Cost": 58005.76, "Plan Rows": 209278, "Plan Width": 4, "Actual Startup Time": 896.76, "Actual Total Time": 1224.574, "Actual Rows": 798, "Actual Loops": 1, "Inner Unique": true, "Hash Cond": "(mc.company_type_id = ct.id), (LLVM Optimized, Jit Execute)", "Plans": [{"Node Type": "Seq Scan", "Parent Relationship": "Outer", "Relation Name": "movie_companies", "Alias": "mc", "Startup Cost": 0.0, "Total Cost": 54862.92, "Plan Rows": 418557, "Plan Width": 8, "Actual Startup Time": 0.041, "Actual Total Time": 1170.324, "Actual Rows": 295628, "Actual Loops": 1, "Filter": "(((note)::text !~~ '%(TV)%'::text) AND ((note)::text ~~ '%(USA)%'::text)), (LLVM Optimized, Jit Execute)", "Rows Removed by Filter": 2313500}, {"Node Type": "Hash", "Parent Relationship": "Inner", "Startup Cost": 1.04, "Total Cost": 1.04, "Plan Rows": 1, "Plan Width": 4, "Actual Startup Time": 0.013, "Actual Total Time": 0.013, "Actual Rows": 1, "Actual Loops": 1, "Hash Buckets": 32768, "Hash Batches": 1, "Original Hash Batches": 1, "Peak Memory Usage": 1, "Plans": [{"Node Type": "Seq Scan", "Parent Relationship": "Outer", "Relation Name": "company_type", "Alias": "ct", "Startup Cost": 0.0, "Total Cost": 1.04, "Plan Rows": 1, "Plan Width": 4, "Actual Startup Time": 0.007, "Actual Total Time": 0.009, "Actual Rows": 1, "Actual Loops": 1, "Filter": "((kind)::text = 'production companies'::text)", "Rows Removed by Filter": 2}]}]}, {"Node Type": "Hash", "Parent Relationship": "Inner", "Startup Cost": 66389.89, "Total Cost": 66389.89, "Plan Rows": 1748840, "Plan Width": 21, "Actual Startup Time": 1515.129, "Actual Total Time": 1515.129, "Actual Rows": 1749032, "Actual Loops": 1, "Hash Buckets": 2097152, "Hash Batches": 1, "Original Hash Batches": 1, "Peak Memory Usage": 93635, "Plans": [{"Node Type": "Seq Scan", "Parent Relationship": "Outer", "Relation Name": "title", "Alias": "t", "Startup Cost": 0.0, "Total Cost": 66389.89, "Plan Rows": 1748840, "Plan Width": 21, "Actual Startup Time": 0.047, "Actual Total Time": 897.982, "Actual Rows": 1749032, "Actual Loops": 1, "Filter": "(production_year > 1990), (LLVM Optimized, Jit Execute)", "Rows Removed by Filter": 779279}]}]}, {"Node Type": "Index Scan", "Parent Relationship": "Inner", "Scan Direction": "Forward", "Index Name": "movie_id_movie_info", "Relation Name": "movie_info", "Alias": "mi", "Startup Cost": 0.0, "Total Cost": 0.88, "Plan Rows": 1, "Plan Width": 8, "Actual Startup Time": 15.943, "Actual Total Time": 18.242, "Actual Rows": 669, "Actual Loops": 767, "Index Cond": "(movie_id = t.id)", "Rows Removed by Index Recheck": 0, "Filter": "((info)::text = ANY ('{Sweden,Norway,Germany,Denmark,Swedish,Denish,Norwegian,German,USA,American}'::text[]))", "Rows Removed by Filter": 7721}]}, {"Node Type": "Hash", "Parent Relationship": "Inner", "Startup Cost": 2.12, "Total Cost": 2.12, "Plan Rows": 112, "Plan Width": 4, "Actual Startup Time": 0.075, "Actual Total Time": 0.075, "Actual Rows": 112, "Actual Loops": 1, "Hash Buckets": 32768, "Hash Batches": 1, "Original Hash Batches": 1, "Peak Memory Usage": 4, "Plans": [{"Node Type": "Index Only Scan", "Parent Relationship": "Outer", "Scan Direction": "Forward", "Index Name": "info_type_pkey", "Relation Name": "info_type", "Alias": "it", "Startup Cost": 0.0, "Total Cost": 2.12, "Plan Rows": 112, "Plan Width": 4, "Actual Startup Time": 0.015, "Actual Total Time": 0.036, "Actual Rows": 112, "Actual Loops": 1, "Heap Fetches": 0}]}]}]}, "Triggers": [], "Planner Runtime": 11.615, "Total Runtime": 2774.343, "Unique SQL Id": 322094867}}, "(1, 105)": {"explain_plan": {"Plan": {"Node Type": "Aggregate", "Strategy": "Plain", "Startup Cost": 467458.25, "Total Cost": 467458.26, "Plan Rows": 1, "Plan Width": 49, "Plans": [{"Node Type": "Hash Join", "Parent Relationship": "Outer", "Join Type": "Inner", "Startup Cost": 138313.1, "Total Cost": 466630.62, "Plan Rows": 331050, "Plan Width": 17, "Inner Unique": true, "Hash Cond": "(mi.info_type_id = it.id), (LLVM Optimized)", "Plans": [{"Node Type": "Nested Loop", "Parent Relationship": "Outer", "Join Type": "Inner", "Startup Cost": 138301.77, "Total Cost": 462249.43, "Plan Rows": 331050, "Plan Width": 21, "Inner Unique": false, "Plans": [{"Node Type": "Hash Join", "Parent Relationship": "Outer", "Join Type": "Inner", "Startup Cost": 138301.77, "Total Cost": 203731.36, "Plan Rows": 289936, "Plan Width": 25, "Inner Unique": true, "Hash Cond": "(mc.movie_id = t.id), (LLVM Optimized)", "Plans": [{"Node Type": "Nested Loop", "Parent Relationship": "Outer", "Join Type": "Inner", "Startup Cost": 0.0, "Total Cost": 61745.44, "Plan Rows": 209278, "Plan Width": 4, "Inner Unique": false, "Plans": [{"Node Type": "Index Scan", "Parent Relationship": "Outer", "Scan Direction": "Forward", "Index Name": "company_type_pkey", "Relation Name": "company_type", "Alias": "ct", "Startup Cost": 0.0, "Total Cost": 12.3, "Plan Rows": 1, "Plan Width": 4, "Filter": "((kind)::text = 'production companies'::text)"}, {"Node Type": "Index Scan", "Parent Relationship": "Inner", "Scan Direction": "Forward", "Index Name": "company_type_id_movie_companies", "Relation Name": "movie_companies", "Alias": "mc", "Startup Cost": 0.0, "Total Cost": 59640.35, "Plan Rows": 209279, "Plan Width": 8, "Index Cond": "(company_type_id = ct.id), (LLVM Optimized)", "Filter": "(((note)::text !~~ '%(TV)%'::text) AND ((note)::text ~~ '%(USA)%'::text)), (LLVM Optimized)"}]}, {"Node Type": "Hash", "Parent Relationship": "Inner", "Startup Cost": 116441.27, "Total Cost": 116441.27, "Plan Rows": 1748840, "Plan Width": 21, "Plans": [{"Node Type": "Index Scan", "Parent Relationship": "Outer", "Scan Direction": "Forward", "Index Name": "title_pkey", "Relation Name": "title", "Alias": "t", "Startup Cost": 0.0, "Total Cost": 116441.27, "Plan Rows": 1748840, "Plan Width": 21, "Filter": "(production_year > 1990), (LLVM Optimized)"}]}]}, {"Node Type": "Index Scan", "Parent Relationship": "Inner", "Scan Direction": "Forward", "Index Name": "movie_id_movie_info", "Relation Name": "movie_info", "Alias": "mi", "Startup Cost": 0.0, "Total Cost": 0.88, "Plan Rows": 1, "Plan Width": 8, "Index Cond": "(movie_id = t.id)", "Filter": "((info)::text = ANY ('{Sweden,Norway,Germany,Denmark,Swedish,Denish,Norwegian,German,USA,American}'::text[]))"}]}, {"Node Type": "Hash", "Parent Relationship": "Inner", "Startup Cost": 9.93, "Total Cost": 9.93, "Plan Rows": 112, "Plan Width": 4, "Plans": [{"Node Type": "Index Only Scan", "Parent Relationship": "Outer", "Scan Direction": "Forward", "Index Name": "info_type_pkey", "Relation Name": "info_type", "Alias": "it", "Startup Cost": 0.0, "Total Cost": 9.93, "Plan Rows": 112, "Plan Width": 4}]}]}]}, "Unique SQL Id": 322094867}, "explain_analyze_plan": {"Plan": {"Node Type": "Aggregate", "Strategy": "Plain", "Startup Cost": 467458.25, "Total Cost": 467458.26, "Plan Rows": 1, "Plan Width": 49, "Actual Startup Time": 4471.694, "Actual Total Time": 4471.695, "Actual Rows": 1, "Actual Loops": 1, "Plans": [{"Node Type": "Hash Join", "Parent Relationship": "Outer", "Join Type": "Inner", "Startup Cost": 138313.1, "Total Cost": 466630.62, "Plan Rows": 331050, "Plan Width": 17, "Actual Startup Time": 3833.32, "Actual Total Time": 4471.174, "Actual Rows": 669, "Actual Loops": 1, "Inner Unique": true, "Hash Cond": "(mi.info_type_id = it.id), (LLVM Optimized, Jit Execute)", "Plans": [{"Node Type": "Nested Loop", "Parent Relationship": "Outer", "Join Type": "Inner", "Startup Cost": 138301.77, "Total Cost": 462249.43, "Plan Rows": 331050, "Plan Width": 21, "Actual Startup Time": 3833.069, "Actual Total Time": 4470.518, "Actual Rows": 669, "Actual Loops": 1, "Inner Unique": false, "Plans": [{"Node Type": "Hash Join", "Parent Relationship": "Outer", "Join Type": "Inner", "Startup Cost": 138301.77, "Total Cost": 203731.36, "Plan Rows": 289936, "Plan Width": 25, "Actual Startup Time": 3832.941, "Actual Total Time": 4448.359, "Actual Rows": 767, "Actual Loops": 1, "Inner Unique": true, "Hash Cond": "(mc.movie_id = t.id), (LLVM Optimized, Jit Execute)", "Plans": [{"Node Type": "Nested Loop", "Parent Relationship": "Outer", "Join Type": "Inner", "Startup Cost": 0.0, "Total Cost": 61745.44, "Plan Rows": 209278, "Plan Width": 4, "Actual Startup Time": 8.666, "Actual Total Time": 623.421, "Actual Rows": 798, "Actual Loops": 1, "Inner Unique": false, "Plans": [{"Node Type": "Index Scan", "Parent Relationship": "Outer", "Scan Direction": "Forward", "Index Name": "company_type_pkey", "Relation Name": "company_type", "Alias": "ct", "Startup Cost": 0.0, "Total Cost": 12.3, "Plan Rows": 1, "Plan Width": 4, "Actual Startup Time": 0.04, "Actual Total Time": 0.048, "Actual Rows": 1, "Actual Loops": 1, "Filter": "((kind)::text = 'production companies'::text)", "Rows Removed by Filter": 2}, {"Node Type": "Index Scan", "Parent Relationship": "Inner", "Scan Direction": "Forward", "Index Name": "company_type_id_movie_companies", "Relation Name": "movie_companies", "Alias": "mc", "Startup Cost": 0.0, "Total Cost": 59640.35, "Plan Rows": 209279, "Plan Width": 8, "Actual Startup Time": 8.615, "Actual Total Time": 623.117, "Actual Rows": 798, "Actual Loops": 1, "Index Cond": "(company_type_id = ct.id), (LLVM Optimized, Jit Execute)", "Rows Removed by Index Recheck": 0, "Filter": "(((note)::text !~~ '%(TV)%'::text) AND ((note)::text ~~ '%(USA)%'::text)), (LLVM Optimized, Jit Execute)", "Rows Removed by Filter": 1334085}]}, {"Node Type": "Hash", "Parent Relationship": "Inner", "Startup Cost": 116441.27, "Total Cost": 116441.27, "Plan Rows": 1748840, "Plan Width": 21, "Actual Startup Time": 3822.964, "Actual Total Time": 3822.964, "Actual Rows": 1749032, "Actual Loops": 1, "Hash Buckets": 2097152, "Hash Batches": 1, "Original Hash Batches": 1, "Peak Memory Usage": 93635, "Plans": [{"Node Type": "Index Scan", "Parent Relationship": "Outer", "Scan Direction": "Forward", "Index Name": "title_pkey", "Relation Name": "title", "Alias": "t", "Startup Cost": 0.0, "Total Cost": 116441.27, "Plan Rows": 1748840, "Plan Width": 21, "Actual Startup Time": 0.05, "Actual Total Time": 3089.922, "Actual Rows": 1749032, "Actual Loops": 1, "Filter": "(production_year > 1990), (LLVM Optimized, Jit Execute)", "Rows Removed by Filter": 779279}]}]}, {"Node Type": "Index Scan", "Parent Relationship": "Inner", "Scan Direction": "Forward", "Index Name": "movie_id_movie_info", "Relation Name": "movie_info", "Alias": "mi", "Startup Cost": 0.0, "Total Cost": 0.88, "Plan Rows": 1, "Plan Width": 8, "Actual Startup Time": 16.266, "Actual Total Time": 18.606, "Actual Rows": 669, "Actual Loops": 767, "Index Cond": "(movie_id = t.id)", "Rows Removed by Index Recheck": 0, "Filter": "((info)::text = ANY ('{Sweden,Norway,Germany,Denmark,Swedish,Denish,Norwegian,German,USA,American}'::text[]))", "Rows Removed by Filter": 7721}]}, {"Node Type": "Hash", "Parent Relationship": "Inner", "Startup Cost": 9.93, "Total Cost": 9.93, "Plan Rows": 112, "Plan Width": 4, "Actual Startup Time": 0.1, "Actual Total Time": 0.1, "Actual Rows": 112, "Actual Loops": 1, "Hash Buckets": 32768, "Hash Batches": 1, "Original Hash Batches": 1, "Peak Memory Usage": 4, "Plans": [{"Node Type": "Index Only Scan", "Parent Relationship": "Outer", "Scan Direction": "Forward", "Index Name": "info_type_pkey", "Relation Name": "info_type", "Alias": "it", "Startup Cost": 0.0, "Total Cost": 9.93, "Plan Rows": 112, "Plan Width": 4, "Actual Startup Time": 0.031, "Actual Total Time": 0.052, "Actual Rows": 112, "Actual Loops": 1, "Heap Fetches": 0}]}]}]}, "Triggers": [], "Planner Runtime": 3.997, "Total Runtime": 4481.796, "Unique SQL Id": 322094867}}, "(1, 106)": {"explain_plan": {"Plan": {"Node Type": "Aggregate", "Strategy": "Plain", "Startup Cost": 646202.08, "Total Cost": 646202.09, "Plan Rows": 1, "Plan Width": 49, "Plans": [{"Node Type": "Hash Join", "Parent Relationship": "Outer", "Join Type": "Inner", "Startup Cost": 153568.02, "Total Cost": 645374.46, "Plan Rows": 331050, "Plan Width": 17, "Inner Unique": true, "Hash Cond": "(mi.info_type_id = it.id), (LLVM Optimized)", "Plans": [{"Node Type": "Hash Join", "Parent Relationship": "Outer", "Join Type": "Inner", "Startup Cost": 153564.5, "Total Cost": 640819.0, "Plan Rows": 331050, "Plan Width": 21, "Inner Unique": false, "Hash Cond": "(mi.movie_id = t.id), (LLVM Optimized)", "Plans": [{"Node Type": "Seq Scan", "Parent Relationship": "Outer", "Relation Name": "movie_info", "Alias": "mi", "Startup Cost": 0.0, "Total Cost": 482862.23, "Plan Rows": 726375, "Plan Width": 8, "Filter": "((info)::text = ANY ('{Sweden,Norway,Germany,Denmark,Swedish,Denish,Norwegian,German,USA,American}'::text[]))"}, {"Node Type": "Hash", "Parent Relationship": "Inner", "Startup Cost": 149940.3, "Total Cost": 149940.3, "Plan Rows": 289936, "Plan Width": 25, "Plans": [{"Node Type": "Hash Join", "Parent Relationship": "Outer", "Join Type": "Inner", "Startup Cost": 88251.44, "Total Cost": 149940.3, "Plan Rows": 289936, "Plan Width": 25, "Inner Unique": true, "Hash Cond": "(mc.movie_id = t.id), (LLVM Optimized)", "Plans": [{"Node Type": "Hash Join", "Parent Relationship": "Outer", "Join Type": "Inner", "Startup Cost": 1.05, "Total Cost": 58005.76, "Plan Rows": 209278, "Plan Width": 4, "Inner Unique": true, "Hash Cond": "(mc.company_type_id = ct.id), (LLVM Optimized)", "Plans": [{"Node Type": "Seq Scan", "Parent Relationship": "Outer", "Relation Name": "movie_companies", "Alias": "mc", "Startup Cost": 0.0, "Total Cost": 54862.92, "Plan Rows": 418557, "Plan Width": 8, "Filter": "(((note)::text !~~ '%(TV)%'::text) AND ((note)::text ~~ '%(USA)%'::text)), (LLVM Optimized)"}, {"Node Type": "Hash", "Parent Relationship": "Inner", "Startup Cost": 1.04, "Total Cost": 1.04, "Plan Rows": 1, "Plan Width": 4, "Plans": [{"Node Type": "Seq Scan", "Parent Relationship": "Outer", "Relation Name": "company_type", "Alias": "ct", "Startup Cost": 0.0, "Total Cost": 1.04, "Plan Rows": 1, "Plan Width": 4, "Filter": "((kind)::text = 'production companies'::text)"}]}]}, {"Node Type": "Hash", "Parent Relationship": "Inner", "Startup Cost": 66389.89, "Total Cost": 66389.89, "Plan Rows": 1748840, "Plan Width": 21, "Plans": [{"Node Type": "Seq Scan", "Parent Relationship": "Outer", "Relation Name": "title", "Alias": "t", "Startup Cost": 0.0, "Total Cost": 66389.89, "Plan Rows": 1748840, "Plan Width": 21, "Filter": "(production_year > 1990), (LLVM Optimized)"}]}]}]}]}, {"Node Type": "Hash", "Parent Relationship": "Inner", "Startup Cost": 2.12, "Total Cost": 2.12, "Plan Rows": 112, "Plan Width": 4, "Plans": [{"Node Type": "Seq Scan", "Parent Relationship": "Outer", "Relation Name": "info_type", "Alias": "it", "Startup Cost": 0.0, "Total Cost": 2.12, "Plan Rows": 112, "Plan Width": 4}]}]}]}, "Unique SQL Id": 322094867}, "explain_analyze_plan": null}, "(1, 107)": {"explain_plan": {"Plan": {"Node Type": "Aggregate", "Strategy": "Plain", "Startup Cost": 5000140660890.37, "Total Cost": 5000140660890.38, "Plan Rows": 1, "Plan Width": 49, "Plans": [{"Node Type": "Hash Join", "Parent Relationship": "Outer", "Join Type": "Inner", "Startup Cost": 3020133947472.37, "Total Cost": 5000140660062.75, "Plan Rows": 331050, "Plan Width": 17, "Inner Unique": true, "Hash Cond": "(mi.movie_id = t.id), (LLVM Optimized)", "Plans": [{"Node Type": "Hash Join", "Parent Relationship": "Outer", "Join Type": "Inner", "Startup Cost": 2020122281485.21, "Total Cost": 4000128989869.0, "Plan Rows": 238955, "Plan Width": 8, "Inner Unique": true, "Hash Cond": "(mi.info_type_id = it.id), (LLVM Optimized)", "Plans": [{"Node Type": "Hash Join", "Parent Relationship": "Outer", "Join Type": "Inner", "Startup Cost": 1020122280490.81, "Total Cost": 3000128985588.97, "Plan Rows": 238955, "Plan Width": 12, "Inner Unique": false, "Hash Cond": "(mc.movie_id = mi.movie_id), (LLVM Optimized)", "Plans": [{"Node Type": "Nested Loop", "Parent Relationship": "Outer", "Join Type": "Inner", "Startup Cost": 20000000000.0, "Total Cost": 2000005967358.04, "Plan Rows": 209278, "Plan Width": 4, "Inner Unique": false, "Plans": [{"Node Type": "Index Scan", "Parent Relationship": "Outer", "Scan Direction": "Forward", "Index Name": "company_type_pkey", "Relation Name": "company_type", "Alias": "ct", "Startup Cost": 10000000000.0, "Total Cost": 1000000001230.25, "Plan Rows": 1, "Plan Width": 4, "Filter": "((kind)::text = 'production companies'::text)"}, {"Node Type": "Index Scan", "Parent Relationship": "Inner", "Scan Direction": "Forward", "Index Name": "company_type_id_movie_companies", "Relation Name": "movie_companies", "Alias": "mc", "Startup Cost": 10000000000.0, "Total Cost": 1000005964035.0, "Plan Rows": 209279, "Plan Width": 8, "Index Cond": "(company_type_id = ct.id), (LLVM Optimized)", "Filter": "(((note)::text !~~ '%(TV)%'::text) AND ((note)::text ~~ '%(USA)%'::text)), (LLVM Optimized)"}]}, {"Node Type": "Hash", "Parent Relationship": "Inner", "Startup Cost": 1000122271411.12, "Total Cost": 1000122271411.12, "Plan Rows": 726375, "Plan Width": 8, "Plans": [{"Node Type": "Index Scan", "Parent Relationship": "Outer", "Scan Direction": "Forward", "Index Name": "info_type_id_movie_info", "Relation Name": "movie_info", "Alias": "mi", "Startup Cost": 10000000000.0, "Total Cost": 1000122271411.12, "Plan Rows": 726375, "Plan Width": 8, "Filter": "((info)::text = ANY ('{Sweden,Norway,Germany,Denmark,Swedish,Denish,Norwegian,German,USA,American}'::text[]))"}]}]}, {"Node Type": "Hash", "Parent Relationship": "Inner", "Startup Cost": 1000000000993.0, "Total Cost": 1000000000993.0, "Plan Rows": 112, "Plan Width": 4, "Plans": [{"Node Type": "Index Only Scan", "Parent Relationship": "Outer", "Scan Direction": "Forward", "Index Name": "info_type_pkey", "Relation Name": "info_type", "Alias": "it", "Startup Cost": 10000000000.0, "Total Cost": 1000000000993.0, "Plan Rows": 112, "Plan Width": 4}]}]}, {"Node Type": "Hash", "Parent Relationship": "Inner", "Startup Cost": 1000011644126.66, "Total Cost": 1000011644126.66, "Plan Rows": 1748840, "Plan Width": 21, "Plans": [{"Node Type": "Index Scan", "Parent Relationship": "Outer", "Scan Direction": "Forward", "Index Name": "title_pkey", "Relation Name": "title", "Alias": "t", "Startup Cost": 10000000000.0, "Total Cost": 1000011644126.66, "Plan Rows": 1748840, "Plan Width": 21, "Filter": "(production_year > 1990), (LLVM Optimized)"}]}]}]}, "Unique SQL Id": 322094867}, "explain_analyze_plan": null}, "(1, 108)": {"explain_plan": {"Plan": {"Node Type": "Aggregate", "Strategy": "Plain", "Startup Cost": 413659.37, "Total Cost": 413659.38, "Plan Rows": 1, "Plan Width": 49, "Plans": [{"Node Type": "Hash Join", "Parent Relationship": "Outer", "Join Type": "Inner", "Startup Cost": 88254.96, "Total Cost": 412831.75, "Plan Rows": 331050, "Plan Width": 17, "Inner Unique": true, "Hash Cond": "(mi.info_type_id = it.id), (LLVM Optimized)", "Plans": [{"Node Type": "Nested Loop", "Parent Relationship": "Outer", "Join Type": "Inner", "Startup Cost": 88251.44, "Total Cost": 408458.37, "Plan Rows": 331050, "Plan Width": 21, "Inner Unique": false, "Plans": [{"Node Type": "Hash Join", "Parent Relationship": "Outer", "Join Type": "Inner", "Startup Cost": 88251.44, "Total Cost": 149940.3, "Plan Rows": 289936, "Plan Width": 25, "Inner Unique": true, "Hash Cond": "(mc.movie_id = t.id), (LLVM Optimized)", "Plans": [{"Node Type": "Hash Join", "Parent Relationship": "Outer", "Join Type": "Inner", "Startup Cost": 1.05, "Total Cost": 58005.76, "Plan Rows": 209278, "Plan Width": 4, "Inner Unique": true, "Hash Cond": "(mc.company_type_id = ct.id), (LLVM Optimized)", "Plans": [{"Node Type": "Seq Scan", "Parent Relationship": "Outer", "Relation Name": "movie_companies", "Alias": "mc", "Startup Cost": 0.0, "Total Cost": 54862.92, "Plan Rows": 418557, "Plan Width": 8, "Filter": "(((note)::text !~~ '%(TV)%'::text) AND ((note)::text ~~ '%(USA)%'::text)), (LLVM Optimized)"}, {"Node Type": "Hash", "Parent Relationship": "Inner", "Startup Cost": 1.04, "Total Cost": 1.04, "Plan Rows": 1, "Plan Width": 4, "Plans": [{"Node Type": "Seq Scan", "Parent Relationship": "Outer", "Relation Name": "company_type", "Alias": "ct", "Startup Cost": 0.0, "Total Cost": 1.04, "Plan Rows": 1, "Plan Width": 4, "Filter": "((kind)::text = 'production companies'::text)"}]}]}, {"Node Type": "Hash", "Parent Relationship": "Inner", "Startup Cost": 66389.89, "Total Cost": 66389.89, "Plan Rows": 1748840, "Plan Width": 21, "Plans": [{"Node Type": "Seq Scan", "Parent Relationship": "Outer", "Relation Name": "title", "Alias": "t", "Startup Cost": 0.0, "Total Cost": 66389.89, "Plan Rows": 1748840, "Plan Width": 21, "Filter": "(production_year > 1990), (LLVM Optimized)"}]}]}, {"Node Type": "Index Scan", "Parent Relationship": "Inner", "Scan Direction": "Forward", "Index Name": "movie_id_movie_info", "Relation Name": "movie_info", "Alias": "mi", "Startup Cost": 0.0, "Total Cost": 0.88, "Plan Rows": 1, "Plan Width": 8, "Index Cond": "(movie_id = t.id)", "Filter": "((info)::text = ANY ('{Sweden,Norway,Germany,Denmark,Swedish,Denish,Norwegian,German,USA,American}'::text[]))"}]}, {"Node Type": "Hash", "Parent Relationship": "Inner", "Startup Cost": 2.12, "Total Cost": 2.12, "Plan Rows": 112, "Plan Width": 4, "Plans": [{"Node Type": "Seq Scan", "Parent Relationship": "Outer", "Relation Name": "info_type", "Alias": "it", "Startup Cost": 0.0, "Total Cost": 2.12, "Plan Rows": 112, "Plan Width": 4}]}]}]}, "Unique SQL Id": 322094867}, "explain_analyze_plan": {"Plan": {"Node Type": "Aggregate", "Strategy": "Plain", "Startup Cost": 413659.37, "Total Cost": 413659.38, "Plan Rows": 1, "Plan Width": 49, "Actual Startup Time": 2847.577, "Actual Total Time": 2847.578, "Actual Rows": 1, "Actual Loops": 1, "Plans": [{"Node Type": "Hash Join", "Parent Relationship": "Outer", "Join Type": "Inner", "Startup Cost": 88254.96, "Total Cost": 412831.75, "Plan Rows": 331050, "Plan Width": 17, "Actual Startup Time": 2465.807, "Actual Total Time": 2847.12, "Actual Rows": 669, "Actual Loops": 1, "Inner Unique": true, "Hash Cond": "(mi.info_type_id = it.id), (LLVM Optimized, Jit Execute)", "Plans": [{"Node Type": "Nested Loop", "Parent Relationship": "Outer", "Join Type": "Inner", "Startup Cost": 88251.44, "Total Cost": 408458.37, "Plan Rows": 331050, "Plan Width": 21, "Actual Startup Time": 2465.668, "Actual Total Time": 2846.565, "Actual Rows": 669, "Actual Loops": 1, "Inner Unique": false, "Plans": [{"Node Type": "Hash Join", "Parent Relationship": "Outer", "Join Type": "Inner", "Startup Cost": 88251.44, "Total Cost": 149940.3, "Plan Rows": 289936, "Plan Width": 25, "Actual Startup Time": 2465.603, "Actual Total Time": 2813.818, "Actual Rows": 767, "Actual Loops": 1, "Inner Unique": true, "Hash Cond": "(mc.movie_id = t.id), (LLVM Optimized, Jit Execute)", "Plans": [{"Node Type": "Hash Join", "Parent Relationship": "Outer", "Join Type": "Inner", "Startup Cost": 1.05, "Total Cost": 58005.76, "Plan Rows": 209278, "Plan Width": 4, "Actual Startup Time": 860.961, "Actual Total Time": 1208.39, "Actual Rows": 798, "Actual Loops": 1, "Inner Unique": true, "Hash Cond": "(mc.company_type_id = ct.id), (LLVM Optimized, Jit Execute)", "Plans": [{"Node Type": "Seq Scan", "Parent Relationship": "Outer", "Relation Name": "movie_companies", "Alias": "mc", "Startup Cost": 0.0, "Total Cost": 54862.92, "Plan Rows": 418557, "Plan Width": 8, "Actual Startup Time": 0.048, "Actual Total Time": 1154.522, "Actual Rows": 295628, "Actual Loops": 1, "Filter": "(((note)::text !~~ '%(TV)%'::text) AND ((note)::text ~~ '%(USA)%'::text)), (LLVM Optimized, Jit Execute)", "Rows Removed by Filter": 2313500}, {"Node Type": "Hash", "Parent Relationship": "Inner", "Startup Cost": 1.04, "Total Cost": 1.04, "Plan Rows": 1, "Plan Width": 4, "Actual Startup Time": 0.012, "Actual Total Time": 0.012, "Actual Rows": 1, "Actual Loops": 1, "Hash Buckets": 32768, "Hash Batches": 1, "Original Hash Batches": 1, "Peak Memory Usage": 1, "Plans": [{"Node Type": "Seq Scan", "Parent Relationship": "Outer", "Relation Name": "company_type", "Alias": "ct", "Startup Cost": 0.0, "Total Cost": 1.04, "Plan Rows": 1, "Plan Width": 4, "Actual Startup Time": 0.006, "Actual Total Time": 0.007, "Actual Rows": 1, "Actual Loops": 1, "Filter": "((kind)::text = 'production companies'::text)", "Rows Removed by Filter": 2}]}]}, {"Node Type": "Hash", "Parent Relationship": "Inner", "Startup Cost": 66389.89, "Total Cost": 66389.89, "Plan Rows": 1748840, "Plan Width": 21, "Actual Startup Time": 1603.236, "Actual Total Time": 1603.236, "Actual Rows": 1749032, "Actual Loops": 1, "Hash Buckets": 2097152, "Hash Batches": 1, "Original Hash Batches": 1, "Peak Memory Usage": 93635, "Plans": [{"Node Type": "Seq Scan", "Parent Relationship": "Outer", "Relation Name": "title", "Alias": "t", "Startup Cost": 0.0, "Total Cost": 66389.89, "Plan Rows": 1748840, "Plan Width": 21, "Actual Startup Time": 0.043, "Actual Total Time": 924.726, "Actual Rows": 1749032, "Actual Loops": 1, "Filter": "(production_year > 1990), (LLVM Optimized, Jit Execute)", "Rows Removed by Filter": 779279}]}]}, {"Node Type": "Index Scan", "Parent Relationship": "Inner", "Scan Direction": "Forward", "Index Name": "movie_id_movie_info", "Relation Name": "movie_info", "Alias": "mi", "Startup Cost": 0.0, "Total Cost": 0.88, "Plan Rows": 1, "Plan Width": 8, "Actual Startup Time": 25.446, "Actual Total Time": 28.771, "Actual Rows": 669, "Actual Loops": 767, "Index Cond": "(movie_id = t.id)", "Rows Removed by Index Recheck": 0, "Filter": "((info)::text = ANY ('{Sweden,Norway,Germany,Denmark,Swedish,Denish,Norwegian,German,USA,American}'::text[]))", "Rows Removed by Filter": 7721}]}, {"Node Type": "Hash", "Parent Relationship": "Inner", "Startup Cost": 2.12, "Total Cost": 2.12, "Plan Rows": 112, "Plan Width": 4, "Actual Startup Time": 0.092, "Actual Total Time": 0.092, "Actual Rows": 112, "Actual Loops": 1, "Hash Buckets": 32768, "Hash Batches": 1, "Original Hash Batches": 1, "Peak Memory Usage": 4, "Plans": [{"Node Type": "Seq Scan", "Parent Relationship": "Outer", "Relation Name": "info_type", "Alias": "it", "Startup Cost": 0.0, "Total Cost": 2.12, "Plan Rows": 112, "Plan Width": 4, "Actual Startup Time": 0.024, "Actual Total Time": 0.044, "Actual Rows": 112, "Actual Loops": 1}]}]}]}, "Triggers": [], "Planner Runtime": 11.646, "Total Runtime": 2857.721, "Unique SQL Id": 322094867}}, "(1, 109)": {"explain_plan": {"Plan": {"Node Type": "Aggregate", "Strategy": "Plain", "Startup Cost": 467462.25, "Total Cost": 467462.26, "Plan Rows": 1, "Plan Width": 49, "Plans": [{"Node Type": "Hash Join", "Parent Relationship": "Outer", "Join Type": "Inner", "Startup Cost": 138317.1, "Total Cost": 466634.62, "Plan Rows": 331050, "Plan Width": 17, "Inner Unique": true, "Hash Cond": "(mi.info_type_id = it.id), (LLVM Optimized)", "Plans": [{"Node Type": "Nested Loop", "Parent Relationship": "Outer", "Join Type": "Inner", "Startup Cost": 138301.77, "Total Cost": 462249.43, "Plan Rows": 331050, "Plan Width": 21, "Inner Unique": false, "Plans": [{"Node Type": "Hash Join", "Parent Relationship": "Outer", "Join Type": "Inner", "Startup Cost": 138301.77, "Total Cost": 203731.36, "Plan Rows": 289936, "Plan Width": 25, "Inner Unique": true, "Hash Cond": "(mc.movie_id = t.id), (LLVM Optimized)", "Plans": [{"Node Type": "Nested Loop", "Parent Relationship": "Outer", "Join Type": "Inner", "Startup Cost": 0.0, "Total Cost": 61745.44, "Plan Rows": 209278, "Plan Width": 4, "Inner Unique": false, "Plans": [{"Node Type": "Index Scan", "Parent Relationship": "Outer", "Scan Direction": "Forward", "Index Name": "company_type_pkey", "Relation Name": "company_type", "Alias": "ct", "Startup Cost": 0.0, "Total Cost": 12.3, "Plan Rows": 1, "Plan Width": 4, "Filter": "((kind)::text = 'production companies'::text)"}, {"Node Type": "Index Scan", "Parent Relationship": "Inner", "Scan Direction": "Forward", "Index Name": "company_type_id_movie_companies", "Relation Name": "movie_companies", "Alias": "mc", "Startup Cost": 0.0, "Total Cost": 59640.35, "Plan Rows": 209279, "Plan Width": 8, "Index Cond": "(company_type_id = ct.id), (LLVM Optimized)", "Filter": "(((note)::text !~~ '%(TV)%'::text) AND ((note)::text ~~ '%(USA)%'::text)), (LLVM Optimized)"}]}, {"Node Type": "Hash", "Parent Relationship": "Inner", "Startup Cost": 116441.27, "Total Cost": 116441.27, "Plan Rows": 1748840, "Plan Width": 21, "Plans": [{"Node Type": "Index Scan", "Parent Relationship": "Outer", "Scan Direction": "Forward", "Index Name": "title_pkey", "Relation Name": "title", "Alias": "t", "Startup Cost": 0.0, "Total Cost": 116441.27, "Plan Rows": 1748840, "Plan Width": 21, "Filter": "(production_year > 1990), (LLVM Optimized)"}]}]}, {"Node Type": "Index Scan", "Parent Relationship": "Inner", "Scan Direction": "Forward", "Index Name": "movie_id_movie_info", "Relation Name": "movie_info", "Alias": "mi", "Startup Cost": 0.0, "Total Cost": 0.88, "Plan Rows": 1, "Plan Width": 8, "Index Cond": "(movie_id = t.id)", "Filter": "((info)::text = ANY ('{Sweden,Norway,Germany,Denmark,Swedish,Denish,Norwegian,German,USA,American}'::text[]))"}]}, {"Node Type": "Hash", "Parent Relationship": "Inner", "Startup Cost": 13.93, "Total Cost": 13.93, "Plan Rows": 112, "Plan Width": 4, "Plans": [{"Node Type": "Index Scan", "Parent Relationship": "Outer", "Scan Direction": "Forward", "Index Name": "info_type_pkey", "Relation Name": "info_type", "Alias": "it", "Startup Cost": 0.0, "Total Cost": 13.93, "Plan Rows": 112, "Plan Width": 4}]}]}]}, "Unique SQL Id": 322094867}, "explain_analyze_plan": {"Plan": {"Node Type": "Aggregate", "Strategy": "Plain", "Startup Cost": 467462.25, "Total Cost": 467462.26, "Plan Rows": 1, "Plan Width": 49, "Actual Startup Time": 4745.714, "Actual Total Time": 4745.714, "Actual Rows": 1, "Actual Loops": 1, "Plans": [{"Node Type": "Hash Join", "Parent Relationship": "Outer", "Join Type": "Inner", "Startup Cost": 138317.1, "Total Cost": 466634.62, "Plan Rows": 331050, "Plan Width": 17, "Actual Startup Time": 4106.481, "Actual Total Time": 4745.207, "Actual Rows": 669, "Actual Loops": 1, "Inner Unique": true, "Hash Cond": "(mi.info_type_id = it.id), (LLVM Optimized, Jit Execute)", "Plans": [{"Node Type": "Nested Loop", "Parent Relationship": "Outer", "Join Type": "Inner", "Startup Cost": 138301.77, "Total Cost": 462249.43, "Plan Rows": 331050, "Plan Width": 21, "Actual Startup Time": 4106.318, "Actual Total Time": 4744.669, "Actual Rows": 669, "Actual Loops": 1, "Inner Unique": false, "Plans": [{"Node Type": "Hash Join", "Parent Relationship": "Outer", "Join Type": "Inner", "Startup Cost": 138301.77, "Total Cost": 203731.36, "Plan Rows": 289936, "Plan Width": 25, "Actual Startup Time": 4106.252, "Actual Total Time": 4722.17, "Actual Rows": 767, "Actual Loops": 1, "Inner Unique": true, "Hash Cond": "(mc.movie_id = t.id), (LLVM Optimized, Jit Execute)", "Plans": [{"Node Type": "Nested Loop", "Parent Relationship": "Outer", "Join Type": "Inner", "Startup Cost": 0.0, "Total Cost": 61745.44, "Plan Rows": 209278, "Plan Width": 4, "Actual Startup Time": 9.711, "Actual Total Time": 624.827, "Actual Rows": 798, "Actual Loops": 1, "Inner Unique": false, "Plans": [{"Node Type": "Index Scan", "Parent Relationship": "Outer", "Scan Direction": "Forward", "Index Name": "company_type_pkey", "Relation Name": "company_type", "Alias": "ct", "Startup Cost": 0.0, "Total Cost": 12.3, "Plan Rows": 1, "Plan Width": 4, "Actual Startup Time": 0.012, "Actual Total Time": 0.02, "Actual Rows": 1, "Actual Loops": 1, "Filter": "((kind)::text = 'production companies'::text)", "Rows Removed by Filter": 2}, {"Node Type": "Index Scan", "Parent Relationship": "Inner", "Scan Direction": "Forward", "Index Name": "company_type_id_movie_companies", "Relation Name": "movie_companies", "Alias": "mc", "Startup Cost": 0.0, "Total Cost": 59640.35, "Plan Rows": 209279, "Plan Width": 8, "Actual Startup Time": 9.694, "Actual Total Time": 624.563, "Actual Rows": 798, "Actual Loops": 1, "Index Cond": "(company_type_id = ct.id), (LLVM Optimized, Jit Execute)", "Rows Removed by Index Recheck": 0, "Filter": "(((note)::text !~~ '%(TV)%'::text) AND ((note)::text ~~ '%(USA)%'::text)), (LLVM Optimized, Jit Execute)", "Rows Removed by Filter": 1334085}]}, {"Node Type": "Hash", "Parent Relationship": "Inner", "Startup Cost": 116441.27, "Total Cost": 116441.27, "Plan Rows": 1748840, "Plan Width": 21, "Actual Startup Time": 4095.246, "Actual Total Time": 4095.246, "Actual Rows": 1749032, "Actual Loops": 1, "Hash Buckets": 2097152, "Hash Batches": 1, "Original Hash Batches": 1, "Peak Memory Usage": 93635, "Plans": [{"Node Type": "Index Scan", "Parent Relationship": "Outer", "Scan Direction": "Forward", "Index Name": "title_pkey", "Relation Name": "title", "Alias": "t", "Startup Cost": 0.0, "Total Cost": 116441.27, "Plan Rows": 1748840, "Plan Width": 21, "Actual Startup Time": 0.045, "Actual Total Time": 3182.588, "Actual Rows": 1749032, "Actual Loops": 1, "Filter": "(production_year > 1990), (LLVM Optimized, Jit Execute)", "Rows Removed by Filter": 779279}]}]}, {"Node Type": "Index Scan", "Parent Relationship": "Inner", "Scan Direction": "Forward", "Index Name": "movie_id_movie_info", "Relation Name": "movie_info", "Alias": "mi", "Startup Cost": 0.0, "Total Cost": 0.88, "Plan Rows": 1, "Plan Width": 8, "Actual Startup Time": 16.279, "Actual Total Time": 18.603, "Actual Rows": 669, "Actual Loops": 767, "Index Cond": "(movie_id = t.id)", "Rows Removed by Index Recheck": 0, "Filter": "((info)::text = ANY ('{Sweden,Norway,Germany,Denmark,Swedish,Denish,Norwegian,German,USA,American}'::text[]))", "Rows Removed by Filter": 7721}]}, {"Node Type": "Hash", "Parent Relationship": "Inner", "Startup Cost": 13.93, "Total Cost": 13.93, "Plan Rows": 112, "Plan Width": 4, "Actual Startup Time": 0.117, "Actual Total Time": 0.117, "Actual Rows": 112, "Actual Loops": 1, "Hash Buckets": 32768, "Hash Batches": 1, "Original Hash Batches": 1, "Peak Memory Usage": 4, "Plans": [{"Node Type": "Index Scan", "Parent Relationship": "Outer", "Scan Direction": "Forward", "Index Name": "info_type_pkey", "Relation Name": "info_type", "Alias": "it", "Startup Cost": 0.0, "Total Cost": 13.93, "Plan Rows": 112, "Plan Width": 4, "Actual Startup Time": 0.027, "Actual Total Time": 0.074, "Actual Rows": 112, "Actual Loops": 1}]}]}]}, "Triggers": [], "Planner Runtime": 4.033, "Total Runtime": 4755.955, "Unique SQL Id": 322094867}}, "(1, 110)": {"explain_plan": {"Plan": {"Node Type": "Aggregate", "Strategy": "Plain", "Startup Cost": 646202.08, "Total Cost": 646202.09, "Plan Rows": 1, "Plan Width": 49, "Plans": [{"Node Type": "Hash Join", "Parent Relationship": "Outer", "Join Type": "Inner", "Startup Cost": 153568.02, "Total Cost": 645374.46, "Plan Rows": 331050, "Plan Width": 17, "Inner Unique": true, "Hash Cond": "(mi.info_type_id = it.id), (LLVM Optimized)", "Plans": [{"Node Type": "Hash Join", "Parent Relationship": "Outer", "Join Type": "Inner", "Startup Cost": 153564.5, "Total Cost": 640819.0, "Plan Rows": 331050, "Plan Width": 21, "Inner Unique": false, "Hash Cond": "(mi.movie_id = t.id), (LLVM Optimized)", "Plans": [{"Node Type": "Seq Scan", "Parent Relationship": "Outer", "Relation Name": "movie_info", "Alias": "mi", "Startup Cost": 0.0, "Total Cost": 482862.23, "Plan Rows": 726375, "Plan Width": 8, "Filter": "((info)::text = ANY ('{Sweden,Norway,Germany,Denmark,Swedish,Denish,Norwegian,German,USA,American}'::text[]))"}, {"Node Type": "Hash", "Parent Relationship": "Inner", "Startup Cost": 149940.3, "Total Cost": 149940.3, "Plan Rows": 289936, "Plan Width": 25, "Plans": [{"Node Type": "Hash Join", "Parent Relationship": "Outer", "Join Type": "Inner", "Startup Cost": 88251.44, "Total Cost": 149940.3, "Plan Rows": 289936, "Plan Width": 25, "Inner Unique": true, "Hash Cond": "(mc.movie_id = t.id), (LLVM Optimized)", "Plans": [{"Node Type": "Hash Join", "Parent Relationship": "Outer", "Join Type": "Inner", "Startup Cost": 1.05, "Total Cost": 58005.76, "Plan Rows": 209278, "Plan Width": 4, "Inner Unique": true, "Hash Cond": "(mc.company_type_id = ct.id), (LLVM Optimized)", "Plans": [{"Node Type": "Seq Scan", "Parent Relationship": "Outer", "Relation Name": "movie_companies", "Alias": "mc", "Startup Cost": 0.0, "Total Cost": 54862.92, "Plan Rows": 418557, "Plan Width": 8, "Filter": "(((note)::text !~~ '%(TV)%'::text) AND ((note)::text ~~ '%(USA)%'::text)), (LLVM Optimized)"}, {"Node Type": "Hash", "Parent Relationship": "Inner", "Startup Cost": 1.04, "Total Cost": 1.04, "Plan Rows": 1, "Plan Width": 4, "Plans": [{"Node Type": "Seq Scan", "Parent Relationship": "Outer", "Relation Name": "company_type", "Alias": "ct", "Startup Cost": 0.0, "Total Cost": 1.04, "Plan Rows": 1, "Plan Width": 4, "Filter": "((kind)::text = 'production companies'::text)"}]}]}, {"Node Type": "Hash", "Parent Relationship": "Inner", "Startup Cost": 66389.89, "Total Cost": 66389.89, "Plan Rows": 1748840, "Plan Width": 21, "Plans": [{"Node Type": "Seq Scan", "Parent Relationship": "Outer", "Relation Name": "title", "Alias": "t", "Startup Cost": 0.0, "Total Cost": 66389.89, "Plan Rows": 1748840, "Plan Width": 21, "Filter": "(production_year > 1990), (LLVM Optimized)"}]}]}]}]}, {"Node Type": "Hash", "Parent Relationship": "Inner", "Startup Cost": 2.12, "Total Cost": 2.12, "Plan Rows": 112, "Plan Width": 4, "Plans": [{"Node Type": "Seq Scan", "Parent Relationship": "Outer", "Relation Name": "info_type", "Alias": "it", "Startup Cost": 0.0, "Total Cost": 2.12, "Plan Rows": 112, "Plan Width": 4}]}]}]}, "Unique SQL Id": 322094867}, "explain_analyze_plan": null}, "(1, 111)": {"explain_plan": {"Plan": {"Node Type": "Aggregate", "Strategy": "Plain", "Startup Cost": 5000140661290.37, "Total Cost": 5000140661290.38, "Plan Rows": 1, "Plan Width": 49, "Plans": [{"Node Type": "Hash Join", "Parent Relationship": "Outer", "Join Type": "Inner", "Startup Cost": 3020133947872.37, "Total Cost": 5000140660462.75, "Plan Rows": 331050, "Plan Width": 17, "Inner Unique": true, "Hash Cond": "(mi.movie_id = t.id), (LLVM Optimized)", "Plans": [{"Node Type": "Hash Join", "Parent Relationship": "Outer", "Join Type": "Inner", "Startup Cost": 2020122281885.21, "Total Cost": 4000128990269.0, "Plan Rows": 238955, "Plan Width": 8, "Inner Unique": true, "Hash Cond": "(mi.info_type_id = it.id), (LLVM Optimized)", "Plans": [{"Node Type": "Hash Join", "Parent Relationship": "Outer", "Join Type": "Inner", "Startup Cost": 1020122280490.81, "Total Cost": 3000128985588.97, "Plan Rows": 238955, "Plan Width": 12, "Inner Unique": false, "Hash Cond": "(mc.movie_id = mi.movie_id), (LLVM Optimized)", "Plans": [{"Node Type": "Nested Loop", "Parent Relationship": "Outer", "Join Type": "Inner", "Startup Cost": 20000000000.0, "Total Cost": 2000005967358.04, "Plan Rows": 209278, "Plan Width": 4, "Inner Unique": false, "Plans": [{"Node Type": "Index Scan", "Parent Relationship": "Outer", "Scan Direction": "Forward", "Index Name": "company_type_pkey", "Relation Name": "company_type", "Alias": "ct", "Startup Cost": 10000000000.0, "Total Cost": 1000000001230.25, "Plan Rows": 1, "Plan Width": 4, "Filter": "((kind)::text = 'production companies'::text)"}, {"Node Type": "Index Scan", "Parent Relationship": "Inner", "Scan Direction": "Forward", "Index Name": "company_type_id_movie_companies", "Relation Name": "movie_companies", "Alias": "mc", "Startup Cost": 10000000000.0, "Total Cost": 1000005964035.0, "Plan Rows": 209279, "Plan Width": 8, "Index Cond": "(company_type_id = ct.id), (LLVM Optimized)", "Filter": "(((note)::text !~~ '%(TV)%'::text) AND ((note)::text ~~ '%(USA)%'::text)), (LLVM Optimized)"}]}, {"Node Type": "Hash", "Parent Relationship": "Inner", "Startup Cost": 1000122271411.12, "Total Cost": 1000122271411.12, "Plan Rows": 726375, "Plan Width": 8, "Plans": [{"Node Type": "Index Scan", "Parent Relationship": "Outer", "Scan Direction": "Forward", "Index Name": "info_type_id_movie_info", "Relation Name": "movie_info", "Alias": "mi", "Startup Cost": 10000000000.0, "Total Cost": 1000122271411.12, "Plan Rows": 726375, "Plan Width": 8, "Filter": "((info)::text = ANY ('{Sweden,Norway,Germany,Denmark,Swedish,Denish,Norwegian,German,USA,American}'::text[]))"}]}]}, {"Node Type": "Hash", "Parent Relationship": "Inner", "Startup Cost": 1000000001393.0, "Total Cost": 1000000001393.0, "Plan Rows": 112, "Plan Width": 4, "Plans": [{"Node Type": "Index Scan", "Parent Relationship": "Outer", "Scan Direction": "Forward", "Index Name": "info_type_pkey", "Relation Name": "info_type", "Alias": "it", "Startup Cost": 10000000000.0, "Total Cost": 1000000001393.0, "Plan Rows": 112, "Plan Width": 4}]}]}, {"Node Type": "Hash", "Parent Relationship": "Inner", "Startup Cost": 1000011644126.66, "Total Cost": 1000011644126.66, "Plan Rows": 1748840, "Plan Width": 21, "Plans": [{"Node Type": "Index Scan", "Parent Relationship": "Outer", "Scan Direction": "Forward", "Index Name": "title_pkey", "Relation Name": "title", "Alias": "t", "Startup Cost": 10000000000.0, "Total Cost": 1000011644126.66, "Plan Rows": 1748840, "Plan Width": 21, "Filter": "(production_year > 1990), (LLVM Optimized)"}]}]}]}, "Unique SQL Id": 322094867}, "explain_analyze_plan": null}, "(1, 112)": {"explain_plan": {"Plan": {"Node Type": "Aggregate", "Strategy": "Plain", "Startup Cost": 559338.09, "Total Cost": 559338.1, "Plan Rows": 1, "Plan Width": 49, "Plans": [{"Node Type": "Nested Loop", "Parent Relationship": "Outer", "Join Type": "Inner", "Startup Cost": 0.0, "Total Cost": 558510.46, "Plan Rows": 331050, "Plan Width": 17, "Inner Unique": true, "Plans": [{"Node Type": "Nested Loop", "Parent Relationship": "Outer", "Join Type": "Inner", "Startup Cost": 0.0, "Total Cost": 465812.82, "Plan Rows": 331050, "Plan Width": 21, "Inner Unique": false, "Plans": [{"Node Type": "Nested Loop", "Parent Relationship": "Outer", "Join Type": "Inner", "Startup Cost": 0.0, "Total Cost": 207294.74, "Plan Rows": 289936, "Plan Width": 25, "Inner Unique": true, "Plans": [{"Node Type": "Nested Loop", "Parent Relationship": "Outer", "Join Type": "Inner", "Startup Cost": 0.0, "Total Cost": 60095.92, "Plan Rows": 209278, "Plan Width": 4, "Inner Unique": false, "Join Filter": "(ct.id = mc.company_type_id), (LLVM Optimized)", "Plans": [{"Node Type": "Seq Scan", "Parent Relationship": "Outer", "Relation Name": "company_type", "Alias": "ct", "Startup Cost": 0.0, "Total Cost": 1.04, "Plan Rows": 1, "Plan Width": 4, "Filter": "((kind)::text = 'production companies'::text)"}, {"Node Type": "Seq Scan", "Parent Relationship": "Inner", "Relation Name": "movie_companies", "Alias": "mc", "Startup Cost": 0.0, "Total Cost": 54862.92, "Plan Rows": 418557, "Plan Width": 8, "Filter": "(((note)::text !~~ '%(TV)%'::text) AND ((note)::text ~~ '%(USA)%'::text)), (LLVM Optimized)"}]}, {"Node Type": "Index Scan", "Parent Relationship": "Inner", "Scan Direction": "Forward", "Index Name": "title_pkey", "Relation Name": "title", "Alias": "t", "Startup Cost": 0.0, "Total Cost": 0.69, "Plan Rows": 1, "Plan Width": 21, "Index Cond": "(id = mc.movie_id)", "Filter": "(production_year > 1990)"}]}, {"Node Type": "Index Scan", "Parent Relationship": "Inner", "Scan Direction": "Forward", "Index Name": "movie_id_movie_info", "Relation Name": "movie_info", "Alias": "mi", "Startup Cost": 0.0, "Total Cost": 0.88, "Plan Rows": 1, "Plan Width": 8, "Index Cond": "(movie_id = t.id)", "Filter": "((info)::text = ANY ('{Sweden,Norway,Germany,Denmark,Swedish,Denish,Norwegian,German,USA,American}'::text[]))"}]}, {"Node Type": "Index Only Scan", "Parent Relationship": "Inner", "Scan Direction": "Forward", "Index Name": "info_type_pkey", "Relation Name": "info_type", "Alias": "it", "Startup Cost": 0.0, "Total Cost": 0.27, "Plan Rows": 1, "Plan Width": 4, "Index Cond": "(id = mi.info_type_id)"}]}]}, "Unique SQL Id": 322094867}, "explain_analyze_plan": {"Plan": {"Node Type": "Aggregate", "Strategy": "Plain", "Startup Cost": 559338.09, "Total Cost": 559338.1, "Plan Rows": 1, "Plan Width": 49, "Actual Startup Time": 1232.267, "Actual Total Time": 1232.267, "Actual Rows": 1, "Actual Loops": 1, "Plans": [{"Node Type": "Nested Loop", "Parent Relationship": "Outer", "Join Type": "Inner", "Startup Cost": 0.0, "Total Cost": 558510.46, "Plan Rows": 331050, "Plan Width": 17, "Actual Startup Time": 878.992, "Actual Total Time": 1231.714, "Actual Rows": 669, "Actual Loops": 1, "Inner Unique": true, "Plans": [{"Node Type": "Nested Loop", "Parent Relationship": "Outer", "Join Type": "Inner", "Startup Cost": 0.0, "Total Cost": 465812.82, "Plan Rows": 331050, "Plan Width": 21, "Actual Startup Time": 878.979, "Actual Total Time": 1230.425, "Actual Rows": 669, "Actual Loops": 1, "Inner Unique": false, "Plans": [{"Node Type": "Nested Loop", "Parent Relationship": "Outer", "Join Type": "Inner", "Startup Cost": 0.0, "Total Cost": 207294.74, "Plan Rows": 289936, "Plan Width": 25, "Actual Startup Time": 878.951, "Actual Total Time": 1211.9, "Actual Rows": 767, "Actual Loops": 1, "Inner Unique": true, "Plans": [{"Node Type": "Nested Loop", "Parent Relationship": "Outer", "Join Type": "Inner", "Startup Cost": 0.0, "Total Cost": 60095.92, "Plan Rows": 209278, "Plan Width": 4, "Actual Startup Time": 878.88, "Actual Total Time": 1206.488, "Actual Rows": 798, "Actual Loops": 1, "Inner Unique": false, "Join Filter": "(ct.id = mc.company_type_id), (LLVM Optimized, Jit Execute)", "Rows Removed by Join Filter": 294830, "Plans": [{"Node Type": "Seq Scan", "Parent Relationship": "Outer", "Relation Name": "company_type", "Alias": "ct", "Startup Cost": 0.0, "Total Cost": 1.04, "Plan Rows": 1, "Plan Width": 4, "Actual Startup Time": 0.026, "Actual Total Time": 0.029, "Actual Rows": 1, "Actual Loops": 1, "Filter": "((kind)::text = 'production companies'::text)", "Rows Removed by Filter": 2}, {"Node Type": "Seq Scan", "Parent Relationship": "Inner", "Relation Name": "movie_companies", "Alias": "mc", "Startup Cost": 0.0, "Total Cost": 54862.92, "Plan Rows": 418557, "Plan Width": 8, "Actual Startup Time": 0.03, "Actual Total Time": 1146.717, "Actual Rows": 295628, "Actual Loops": 1, "Filter": "(((note)::text !~~ '%(TV)%'::text) AND ((note)::text ~~ '%(USA)%'::text)), (LLVM Optimized, Jit Execute)", "Rows Removed by Filter": 2313500}]}, {"Node Type": "Index Scan", "Parent Relationship": "Inner", "Scan Direction": "Forward", "Index Name": "title_pkey", "Relation Name": "title", "Alias": "t", "Startup Cost": 0.0, "Total Cost": 0.69, "Plan Rows": 1, "Plan Width": 21, "Actual Startup Time": 4.612, "Actual Total Time": 4.612, "Actual Rows": 767, "Actual Loops": 798, "Index Cond": "(id = mc.movie_id)", "Rows Removed by Index Recheck": 0, "Filter": "(production_year > 1990)", "Rows Removed by Filter": 31}]}, {"Node Type": "Index Scan", "Parent Relationship": "Inner", "Scan Direction": "Forward", "Index Name": "movie_id_movie_info", "Relation Name": "movie_info", "Alias": "mi", "Startup Cost": 0.0, "Total Cost": 0.88, "Plan Rows": 1, "Plan Width": 8, "Actual Startup Time": 15.433, "Actual Total Time": 17.858, "Actual Rows": 669, "Actual Loops": 767, "Index Cond": "(movie_id = t.id)", "Rows Removed by Index Recheck": 0, "Filter": "((info)::text = ANY ('{Sweden,Norway,Germany,Denmark,Swedish,Denish,Norwegian,German,USA,American}'::text[]))", "Rows Removed by Filter": 7721}]}, {"Node Type": "Index Only Scan", "Parent Relationship": "Inner", "Scan Direction": "Forward", "Index Name": "info_type_pkey", "Relation Name": "info_type", "Alias": "it", "Startup Cost": 0.0, "Total Cost": 0.27, "Plan Rows": 1, "Plan Width": 4, "Actual Startup Time": 0.712, "Actual Total Time": 0.712, "Actual Rows": 669, "Actual Loops": 669, "Index Cond": "(id = mi.info_type_id)", "Rows Removed by Index Recheck": 0, "Heap Fetches": 0}]}]}, "Triggers": [], "Planner Runtime": 2.971, "Total Runtime": 1241.626, "Unique SQL Id": 322094867}}, "(1, 113)": {"explain_plan": {"Plan": {"Node Type": "Aggregate", "Strategy": "Plain", "Startup Cost": 560987.61, "Total Cost": 560987.62, "Plan Rows": 1, "Plan Width": 49, "Plans": [{"Node Type": "Nested Loop", "Parent Relationship": "Outer", "Join Type": "Inner", "Startup Cost": 0.0, "Total Cost": 560159.98, "Plan Rows": 331050, "Plan Width": 17, "Inner Unique": true, "Plans": [{"Node Type": "Nested Loop", "Parent Relationship": "Outer", "Join Type": "Inner", "Startup Cost": 0.0, "Total Cost": 467462.34, "Plan Rows": 331050, "Plan Width": 21, "Inner Unique": false, "Plans": [{"Node Type": "Nested Loop", "Parent Relationship": "Outer", "Join Type": "Inner", "Startup Cost": 0.0, "Total Cost": 208944.27, "Plan Rows": 289936, "Plan Width": 25, "Inner Unique": true, "Plans": [{"Node Type": "Nested Loop", "Parent Relationship": "Outer", "Join Type": "Inner", "Startup Cost": 0.0, "Total Cost": 61745.44, "Plan Rows": 209278, "Plan Width": 4, "Inner Unique": false, "Plans": [{"Node Type": "Index Scan", "Parent Relationship": "Outer", "Scan Direction": "Forward", "Index Name": "company_type_pkey", "Relation Name": "company_type", "Alias": "ct", "Startup Cost": 0.0, "Total Cost": 12.3, "Plan Rows": 1, "Plan Width": 4, "Filter": "((kind)::text = 'production companies'::text)"}, {"Node Type": "Index Scan", "Parent Relationship": "Inner", "Scan Direction": "Forward", "Index Name": "company_type_id_movie_companies", "Relation Name": "movie_companies", "Alias": "mc", "Startup Cost": 0.0, "Total Cost": 59640.35, "Plan Rows": 209279, "Plan Width": 8, "Index Cond": "(company_type_id = ct.id), (LLVM Optimized)", "Filter": "(((note)::text !~~ '%(TV)%'::text) AND ((note)::text ~~ '%(USA)%'::text)), (LLVM Optimized)"}]}, {"Node Type": "Index Scan", "Parent Relationship": "Inner", "Scan Direction": "Forward", "Index Name": "title_pkey", "Relation Name": "title", "Alias": "t", "Startup Cost": 0.0, "Total Cost": 0.69, "Plan Rows": 1, "Plan Width": 21, "Index Cond": "(id = mc.movie_id)", "Filter": "(production_year > 1990)"}]}, {"Node Type": "Index Scan", "Parent Relationship": "Inner", "Scan Direction": "Forward", "Index Name": "movie_id_movie_info", "Relation Name": "movie_info", "Alias": "mi", "Startup Cost": 0.0, "Total Cost": 0.88, "Plan Rows": 1, "Plan Width": 8, "Index Cond": "(movie_id = t.id)", "Filter": "((info)::text = ANY ('{Sweden,Norway,Germany,Denmark,Swedish,Denish,Norwegian,German,USA,American}'::text[]))"}]}, {"Node Type": "Index Only Scan", "Parent Relationship": "Inner", "Scan Direction": "Forward", "Index Name": "info_type_pkey", "Relation Name": "info_type", "Alias": "it", "Startup Cost": 0.0, "Total Cost": 0.27, "Plan Rows": 1, "Plan Width": 4, "Index Cond": "(id = mi.info_type_id)"}]}]}, "Unique SQL Id": 322094867}, "explain_analyze_plan": {"Plan": {"Node Type": "Aggregate", "Strategy": "Plain", "Startup Cost": 560987.61, "Total Cost": 560987.62, "Plan Rows": 1, "Plan Width": 49, "Actual Startup Time": 682.348, "Actual Total Time": 682.349, "Actual Rows": 1, "Actual Loops": 1, "Plans": [{"Node Type": "Nested Loop", "Parent Relationship": "Outer", "Join Type": "Inner", "Startup Cost": 0.0, "Total Cost": 560159.98, "Plan Rows": 331050, "Plan Width": 17, "Actual Startup Time": 8.577, "Actual Total Time": 681.785, "Actual Rows": 669, "Actual Loops": 1, "Inner Unique": true, "Plans": [{"Node Type": "Nested Loop", "Parent Relationship": "Outer", "Join Type": "Inner", "Startup Cost": 0.0, "Total Cost": 467462.34, "Plan Rows": 331050, "Plan Width": 21, "Actual Startup Time": 8.567, "Actual Total Time": 680.298, "Actual Rows": 669, "Actual Loops": 1, "Inner Unique": false, "Plans": [{"Node Type": "Nested Loop", "Parent Relationship": "Outer", "Join Type": "Inner", "Startup Cost": 0.0, "Total Cost": 208944.27, "Plan Rows": 289936, "Plan Width": 25, "Actual Startup Time": 8.55, "Actual Total Time": 661.132, "Actual Rows": 767, "Actual Loops": 1, "Inner Unique": true, "Plans": [{"Node Type": "Nested Loop", "Parent Relationship": "Outer", "Join Type": "Inner", "Startup Cost": 0.0, "Total Cost": 61745.44, "Plan Rows": 209278, "Plan Width": 4, "Actual Startup Time": 8.53, "Actual Total Time": 655.44, "Actual Rows": 798, "Actual Loops": 1, "Inner Unique": false, "Plans": [{"Node Type": "Index Scan", "Parent Relationship": "Outer", "Scan Direction": "Forward", "Index Name": "company_type_pkey", "Relation Name": "company_type", "Alias": "ct", "Startup Cost": 0.0, "Total Cost": 12.3, "Plan Rows": 1, "Plan Width": 4, "Actual Startup Time": 0.03, "Actual Total Time": 0.035, "Actual Rows": 1, "Actual Loops": 1, "Filter": "((kind)::text = 'production companies'::text)", "Rows Removed by Filter": 2}, {"Node Type": "Index Scan", "Parent Relationship": "Inner", "Scan Direction": "Forward", "Index Name": "company_type_id_movie_companies", "Relation Name": "movie_companies", "Alias": "mc", "Startup Cost": 0.0, "Total Cost": 59640.35, "Plan Rows": 209279, "Plan Width": 8, "Actual Startup Time": 8.496, "Actual Total Time": 655.167, "Actual Rows": 798, "Actual Loops": 1, "Index Cond": "(company_type_id = ct.id), (LLVM Optimized, Jit Execute)", "Rows Removed by Index Recheck": 0, "Filter": "(((note)::text !~~ '%(TV)%'::text) AND ((note)::text ~~ '%(USA)%'::text)), (LLVM Optimized, Jit Execute)", "Rows Removed by Filter": 1334085}]}, {"Node Type": "Index Scan", "Parent Relationship": "Inner", "Scan Direction": "Forward", "Index Name": "title_pkey", "Relation Name": "title", "Alias": "t", "Startup Cost": 0.0, "Total Cost": 0.69, "Plan Rows": 1, "Plan Width": 21, "Actual Startup Time": 4.675, "Actual Total Time": 4.675, "Actual Rows": 767, "Actual Loops": 798, "Index Cond": "(id = mc.movie_id)", "Rows Removed by Index Recheck": 0, "Filter": "(production_year > 1990)", "Rows Removed by Filter": 31}]}, {"Node Type": "Index Scan", "Parent Relationship": "Inner", "Scan Direction": "Forward", "Index Name": "movie_id_movie_info", "Relation Name": "movie_info", "Alias": "mi", "Startup Cost": 0.0, "Total Cost": 0.88, "Plan Rows": 1, "Plan Width": 8, "Actual Startup Time": 15.948, "Actual Total Time": 18.439, "Actual Rows": 669, "Actual Loops": 767, "Index Cond": "(movie_id = t.id)", "Rows Removed by Index Recheck": 0, "Filter": "((info)::text = ANY ('{Sweden,Norway,Germany,Denmark,Swedish,Denish,Norwegian,German,USA,American}'::text[]))", "Rows Removed by Filter": 7721}]}, {"Node Type": "Index Only Scan", "Parent Relationship": "Inner", "Scan Direction": "Forward", "Index Name": "info_type_pkey", "Relation Name": "info_type", "Alias": "it", "Startup Cost": 0.0, "Total Cost": 0.27, "Plan Rows": 1, "Plan Width": 4, "Actual Startup Time": 0.832, "Actual Total Time": 0.832, "Actual Rows": 669, "Actual Loops": 669, "Index Cond": "(id = mi.info_type_id)", "Rows Removed by Index Recheck": 0, "Heap Fetches": 0}]}]}, "Triggers": [], "Planner Runtime": 2.905, "Total Runtime": 691.725, "Unique SQL Id": 322094867}}, "(1, 114)": {"explain_plan": {"Plan": {"Node Type": "Aggregate", "Strategy": "Plain", "Startup Cost": 2537162.68, "Total Cost": 2537162.69, "Plan Rows": 1, "Plan Width": 49, "Plans": [{"Node Type": "Nested Loop", "Parent Relationship": "Outer", "Join Type": "Inner", "Startup Cost": 1.14, "Total Cost": 2536335.06, "Plan Rows": 331050, "Plan Width": 17, "Inner Unique": true, "Plans": [{"Node Type": "Nested Loop", "Parent Relationship": "Outer", "Join Type": "Inner", "Startup Cost": 0.83, "Total Cost": 1500774.72, "Plan Rows": 238955, "Plan Width": 8, "Inner Unique": true, "Join Filter": "(mi.info_type_id = it.id), (LLVM Optimized)", "Plans": [{"Node Type": "Nested Loop", "Parent Relationship": "Outer", "Join Type": "Inner", "Startup Cost": 0.83, "Total Cost": 1099327.92, "Plan Rows": 238955, "Plan Width": 12, "Inner Unique": false, "Plans": [{"Node Type": "Nested Loop", "Parent Relationship": "Outer", "Join Type": "Inner", "Startup Cost": 0.0, "Total Cost": 60095.92, "Plan Rows": 209278, "Plan Width": 4, "Inner Unique": false, "Join Filter": "(ct.id = mc.company_type_id), (LLVM Optimized)", "Plans": [{"Node Type": "Seq Scan", "Parent Relationship": "Outer", "Relation Name": "company_type", "Alias": "ct", "Startup Cost": 0.0, "Total Cost": 1.04, "Plan Rows": 1, "Plan Width": 4, "Filter": "((kind)::text = 'production companies'::text)"}, {"Node Type": "Seq Scan", "Parent Relationship": "Inner", "Relation Name": "movie_companies", "Alias": "mc", "Startup Cost": 0.0, "Total Cost": 54862.92, "Plan Rows": 418557, "Plan Width": 8, "Filter": "(((note)::text !~~ '%(TV)%'::text) AND ((note)::text ~~ '%(USA)%'::text)), (LLVM Optimized)"}]}, {"Node Type": "Bitmap Heap Scan", "Parent Relationship": "Inner", "Relation Name": "movie_info", "Alias": "mi", "Startup Cost": 0.83, "Total Cost": 4.96, "Plan Rows": 1, "Plan Width": 8, "Recheck Cond": "(movie_id = mc.movie_id)", "Filter": "((info)::text = ANY ('{Sweden,Norway,Germany,Denmark,Swedish,Denish,Norwegian,German,USA,American}'::text[]))", "Plans": [{"Node Type": "Bitmap Index Scan", "Parent Relationship": "Outer", "Index Name": "movie_id_movie_info", "Startup Cost": 0.0, "Total Cost": 0.83, "Plan Rows": 5, "Plan Width": 0, "Index Cond": "(movie_id = mc.movie_id)"}]}]}, {"Node Type": "Materialize", "Parent Relationship": "Inner", "Startup Cost": 0.0, "Total Cost": 2.68, "Plan Rows": 112, "Plan Width": 4, "Plans": [{"Node Type": "Seq Scan", "Parent Relationship": "Outer", "Relation Name": "info_type", "Alias": "it", "Startup Cost": 0.0, "Total Cost": 2.12, "Plan Rows": 112, "Plan Width": 4}]}]}, {"Node Type": "Bitmap Heap Scan", "Parent Relationship": "Inner", "Relation Name": "title", "Alias": "t", "Startup Cost": 0.31, "Total Cost": 4.32, "Plan Rows": 1, "Plan Width": 21, "Recheck Cond": "(id = mi.movie_id)", "Filter": "(production_year > 1990)", "Plans": [{"Node Type": "Bitmap Index Scan", "Parent Relationship": "Outer", "Index Name": "title_pkey", "Startup Cost": 0.0, "Total Cost": 0.31, "Plan Rows": 1, "Plan Width": 0, "Index Cond": "(id = mi.movie_id)"}]}]}]}, "Unique SQL Id": 322094867}, "explain_analyze_plan": {"Plan": {"Node Type": "Aggregate", "Strategy": "Plain", "Startup Cost": 2537162.68, "Total Cost": 2537162.69, "Plan Rows": 1, "Plan Width": 49, "Actual Startup Time": 1308.092, "Actual Total Time": 1308.092, "Actual Rows": 1, "Actual Loops": 1, "Plans": [{"Node Type": "Nested Loop", "Parent Relationship": "Outer", "Join Type": "Inner", "Startup Cost": 1.14, "Total Cost": 2536335.06, "Plan Rows": 331050, "Plan Width": 17, "Actual Startup Time": 915.971, "Actual Total Time": 1307.476, "Actual Rows": 669, "Actual Loops": 1, "Inner Unique": true, "Plans": [{"Node Type": "Nested Loop", "Parent Relationship": "Outer", "Join Type": "Inner", "Startup Cost": 0.83, "Total Cost": 1500774.72, "Plan Rows": 238955, "Plan Width": 8, "Actual Startup Time": 915.923, "Actual Total Time": 1298.959, "Actual Rows": 691, "Actual Loops": 1, "Inner Unique": true, "Join Filter": "(mi.info_type_id = it.id), (LLVM Optimized, Jit Execute)", "Rows Removed by Join Filter": 4196, "Plans": [{"Node Type": "Nested Loop", "Parent Relationship": "Outer", "Join Type": "Inner", "Startup Cost": 0.83, "Total Cost": 1099327.92, "Plan Rows": 238955, "Plan Width": 12, "Actual Startup Time": 915.848, "Actual Total Time": 1297.299, "Actual Rows": 691, "Actual Loops": 1, "Inner Unique": false, "Plans": [{"Node Type": "Nested Loop", "Parent Relationship": "Outer", "Join Type": "Inner", "Startup Cost": 0.0, "Total Cost": 60095.92, "Plan Rows": 209278, "Plan Width": 4, "Actual Startup Time": 915.679, "Actual Total Time": 1262.757, "Actual Rows": 798, "Actual Loops": 1, "Inner Unique": false, "Join Filter": "(ct.id = mc.company_type_id), (LLVM Optimized, Jit Execute)", "Rows Removed by Join Filter": 294830, "Plans": [{"Node Type": "Seq Scan", "Parent Relationship": "Outer", "Relation Name": "company_type", "Alias": "ct", "Startup Cost": 0.0, "Total Cost": 1.04, "Plan Rows": 1, "Plan Width": 4, "Actual Startup Time": 0.02, "Actual Total Time": 0.025, "Actual Rows": 1, "Actual Loops": 1, "Filter": "((kind)::text = 'production companies'::text)", "Rows Removed by Filter": 2}, {"Node Type": "Seq Scan", "Parent Relationship": "Inner", "Relation Name": "movie_companies", "Alias": "mc", "Startup Cost": 0.0, "Total Cost": 54862.92, "Plan Rows": 418557, "Plan Width": 8, "Actual Startup Time": 0.042, "Actual Total Time": 1198.769, "Actual Rows": 295628, "Actual Loops": 1, "Filter": "(((note)::text !~~ '%(TV)%'::text) AND ((note)::text ~~ '%(USA)%'::text)), (LLVM Optimized, Jit Execute)", "Rows Removed by Filter": 2313500}]}, {"Node Type": "Bitmap Heap Scan", "Parent Relationship": "Inner", "Relation Name": "movie_info", "Alias": "mi", "Startup Cost": 0.83, "Total Cost": 4.96, "Plan Rows": 1, "Plan Width": 8, "Actual Startup Time": 29.956, "Actual Total Time": 32.838, "Actual Rows": 691, "Actual Loops": 798, "Recheck Cond": "(movie_id = mc.movie_id)", "Rows Removed by Index Recheck": 0, "Filter": "((info)::text = ANY ('{Sweden,Norway,Germany,Denmark,Swedish,Denish,Norwegian,German,USA,American}'::text[]))", "Rows Removed by Filter": 7906, "Exact Heap Blocks": 6397, "Lossy Heap Blocks": 6397, "Plans": [{"Node Type": "Bitmap Index Scan", "Parent Relationship": "Outer", "Index Name": "movie_id_movie_info", "Startup Cost": 0.0, "Total Cost": 0.83, "Plan Rows": 5, "Plan Width": 0, "Actual Startup Time": 7.675, "Actual Total Time": 7.675, "Actual Rows": 8597, "Actual Loops": 798, "Index Cond": "(movie_id = mc.movie_id)"}]}]}, {"Node Type": "Materialize", "Parent Relationship": "Inner", "Startup Cost": 0.0, "Total Cost": 2.68, "Plan Rows": 112, "Plan Width": 4, "Actual Startup Time": 0.156, "Actual Total Time": 0.506, "Actual Rows": 4887, "Actual Loops": 691, "Plans": [{"Node Type": "Seq Scan", "Parent Relationship": "Outer", "Relation Name": "info_type", "Alias": "it", "Startup Cost": 0.0, "Total Cost": 2.12, "Plan Rows": 112, "Plan Width": 4, "Actual Startup Time": 0.044, "Actual Total Time": 0.045, "Actual Rows": 17, "Actual Loops": 1}]}]}, {"Node Type": "Bitmap Heap Scan", "Parent Relationship": "Inner", "Relation Name": "title", "Alias": "t", "Startup Cost": 0.31, "Total Cost": 4.32, "Plan Rows": 1, "Plan Width": 21, "Actual Startup Time": 7.222, "Actual Total Time": 7.222, "Actual Rows": 669, "Actual Loops": 691, "Recheck Cond": "(id = mi.movie_id)", "Rows Removed by Index Recheck": 0, "Filter": "(production_year > 1990)", "Rows Removed by Filter": 22, "Exact Heap Blocks": 691, "Lossy Heap Blocks": 691, "Plans": [{"Node Type": "Bitmap Index Scan", "Parent Relationship": "Outer", "Index Name": "title_pkey", "Startup Cost": 0.0, "Total Cost": 0.31, "Plan Rows": 1, "Plan Width": 0, "Actual Startup Time": 4.247, "Actual Total Time": 4.247, "Actual Rows": 691, "Actual Loops": 691, "Index Cond": "(id = mi.movie_id)"}]}]}]}, "Triggers": [], "Planner Runtime": 3.211, "Total Runtime": 1317.884, "Unique SQL Id": 322094867}}, "(1, 115)": {"explain_plan": {"Plan": {"Node Type": "Aggregate", "Strategy": "Plain", "Startup Cost": 1000019247502.85, "Total Cost": 1000019247502.86, "Plan Rows": 1, "Plan Width": 49, "Plans": [{"Node Type": "Nested Loop", "Parent Relationship": "Outer", "Join Type": "Inner", "Startup Cost": 10000000001.66, "Total Cost": 1000019246675.23, "Plan Rows": 331050, "Plan Width": 17, "Inner Unique": true, "Plans": [{"Node Type": "Nested Loop", "Parent Relationship": "Outer", "Join Type": "Inner", "Startup Cost": 10000000001.35, "Total Cost": 1000018211114.89, "Plan Rows": 238955, "Plan Width": 8, "Inner Unique": true, "Plans": [{"Node Type": "Nested Loop", "Parent Relationship": "Outer", "Join Type": "Inner", "Startup Cost": 10000000001.09, "Total Cost": 1000017188325.12, "Plan Rows": 238955, "Plan Width": 12, "Inner Unique": false, "Plans": [{"Node Type": "Nested Loop", "Parent Relationship": "Outer", "Join Type": "Inner", "Startup Cost": 10000000000.26, "Total Cost": 1000016149093.12, "Plan Rows": 209278, "Plan Width": 4, "Inner Unique": true, "Plans": [{"Node Type": "Index Scan", "Parent Relationship": "Outer", "Scan Direction": "Forward", "Index Name": "movie_id_movie_companies", "Relation Name": "movie_companies", "Alias": "mc", "Startup Cost": 10000000000.0, "Total Cost": 1000014356510.13, "Plan Rows": 418557, "Plan Width": 8, "Filter": "(((note)::text !~~ '%(TV)%'::text) AND ((note)::text ~~ '%(USA)%'::text)), (LLVM Optimized)"}, {"Node Type": "Bitmap Heap Scan", "Parent Relationship": "Inner", "Relation Name": "company_type", "Alias": "ct", "Startup Cost": 0.26, "Total Cost": 4.27, "Plan Rows": 1, "Plan Width": 4, "Recheck Cond": "(id = mc.company_type_id)", "Filter": "((kind)::text = 'production companies'::text)", "Plans": [{"Node Type": "Bitmap Index Scan", "Parent Relationship": "Outer", "Index Name": "company_type_pkey", "Startup Cost": 0.0, "Total Cost": 0.26, "Plan Rows": 1, "Plan Width": 0, "Index Cond": "(id = mc.company_type_id)"}]}]}, {"Node Type": "Bitmap Heap Scan", "Parent Relationship": "Inner", "Relation Name": "movie_info", "Alias": "mi", "Startup Cost": 0.83, "Total Cost": 4.96, "Plan Rows": 1, "Plan Width": 8, "Recheck Cond": "(movie_id = mc.movie_id)", "Filter": "((info)::text = ANY ('{Sweden,Norway,Germany,Denmark,Swedish,Denish,Norwegian,German,USA,American}'::text[]))", "Plans": [{"Node Type": "Bitmap Index Scan", "Parent Relationship": "Outer", "Index Name": "movie_id_movie_info", "Startup Cost": 0.0, "Total Cost": 0.83, "Plan Rows": 5, "Plan Width": 0, "Index Cond": "(movie_id = mc.movie_id)"}]}]}, {"Node Type": "Bitmap Heap Scan", "Parent Relationship": "Inner", "Relation Name": "info_type", "Alias": "it", "Startup Cost": 0.26, "Total Cost": 4.27, "Plan Rows": 1, "Plan Width": 4, "Recheck Cond": "(id = mi.info_type_id)", "Plans": [{"Node Type": "Bitmap Index Scan", "Parent Relationship": "Outer", "Index Name": "info_type_pkey", "Startup Cost": 0.0, "Total Cost": 0.26, "Plan Rows": 1, "Plan Width": 0, "Index Cond": "(id = mi.info_type_id)"}]}]}, {"Node Type": "Bitmap Heap Scan", "Parent Relationship": "Inner", "Relation Name": "title", "Alias": "t", "Startup Cost": 0.31, "Total Cost": 4.32, "Plan Rows": 1, "Plan Width": 21, "Recheck Cond": "(id = mi.movie_id)", "Filter": "(production_year > 1990)", "Plans": [{"Node Type": "Bitmap Index Scan", "Parent Relationship": "Outer", "Index Name": "title_pkey", "Startup Cost": 0.0, "Total Cost": 0.31, "Plan Rows": 1, "Plan Width": 0, "Index Cond": "(id = mi.movie_id)"}]}]}]}, "Unique SQL Id": 322094867}, "explain_analyze_plan": {"Plan": {"Node Type": "Aggregate", "Strategy": "Plain", "Startup Cost": 1000019247502.85, "Total Cost": 1000019247502.86, "Plan Rows": 1, "Plan Width": 49, "Actual Startup Time": 2983.243, "Actual Total Time": 2983.244, "Actual Rows": 1, "Actual Loops": 1, "Plans": [{"Node Type": "Nested Loop", "Parent Relationship": "Outer", "Join Type": "Inner", "Startup Cost": 10000000001.66, "Total Cost": 1000019246675.23, "Plan Rows": 331050, "Plan Width": 17, "Actual Startup Time": 32.619, "Actual Total Time": 2982.151, "Actual Rows": 669, "Actual Loops": 1, "Inner Unique": true, "Plans": [{"Node Type": "Nested Loop", "Parent Relationship": "Outer", "Join Type": "Inner", "Startup Cost": 10000000001.35, "Total Cost": 1000018211114.89, "Plan Rows": 238955, "Plan Width": 8, "Actual Startup Time": 32.603, "Actual Total Time": 2974.089, "Actual Rows": 691, "Actual Loops": 1, "Inner Unique": true, "Plans": [{"Node Type": "Nested Loop", "Parent Relationship": "Outer", "Join Type": "Inner", "Startup Cost": 10000000001.09, "Total Cost": 1000017188325.12, "Plan Rows": 238955, "Plan Width": 12, "Actual Startup Time": 32.594, "Actual Total Time": 2969.962, "Actual Rows": 691, "Actual Loops": 1, "Inner Unique": false, "Plans": [{"Node Type": "Nested Loop", "Parent Relationship": "Outer", "Join Type": "Inner", "Startup Cost": 10000000000.26, "Total Cost": 1000016149093.12, "Plan Rows": 209278, "Plan Width": 4, "Actual Startup Time": 32.553, "Actual Total Time": 2937.753, "Actual Rows": 798, "Actual Loops": 1, "Inner Unique": true, "Plans": [{"Node Type": "Index Scan", "Parent Relationship": "Outer", "Scan Direction": "Forward", "Index Name": "movie_id_movie_companies", "Relation Name": "movie_companies", "Alias": "mc", "Startup Cost": 10000000000.0, "Total Cost": 1000014356510.13, "Plan Rows": 418557, "Plan Width": 8, "Actual Startup Time": 0.054, "Actual Total Time": 2285.125, "Actual Rows": 295628, "Actual Loops": 1, "Filter": "(((note)::text !~~ '%(TV)%'::text) AND ((note)::text ~~ '%(USA)%'::text)), (LLVM Optimized, Jit Execute)", "Rows Removed by Filter": 2313500}, {"Node Type": "Bitmap Heap Scan", "Parent Relationship": "Inner", "Relation Name": "company_type", "Alias": "ct", "Startup Cost": 0.26, "Total Cost": 4.27, "Plan Rows": 1, "Plan Width": 4, "Actual Startup Time": 341.416, "Actual Total Time": 341.416, "Actual Rows": 798, "Actual Loops": 295628, "Recheck Cond": "(id = mc.company_type_id)", "Rows Removed by Index Recheck": 0, "Filter": "((kind)::text = 'production companies'::text)", "Rows Removed by Filter": 0, "Exact Heap Blocks": 798, "Lossy Heap Blocks": 798, "Plans": [{"Node Type": "Bitmap Index Scan", "Parent Relationship": "Outer", "Index Name": "company_type_pkey", "Startup Cost": 0.0, "Total Cost": 0.26, "Plan Rows": 1, "Plan Width": 0, "Actual Startup Time": 205.492, "Actual Total Time": 205.492, "Actual Rows": 798, "Actual Loops": 295628, "Index Cond": "(id = mc.company_type_id)"}]}]}, {"Node Type": "Bitmap Heap Scan", "Parent Relationship": "Inner", "Relation Name": "movie_info", "Alias": "mi", "Startup Cost": 0.83, "Total Cost": 4.96, "Plan Rows": 1, "Plan Width": 8, "Actual Startup Time": 27.613, "Actual Total Time": 30.269, "Actual Rows": 691, "Actual Loops": 798, "Recheck Cond": "(movie_id = mc.movie_id)", "Rows Removed by Index Recheck": 0, "Filter": "((info)::text = ANY ('{Sweden,Norway,Germany,Denmark,Swedish,Denish,Norwegian,German,USA,American}'::text[]))", "Rows Removed by Filter": 7906, "Exact Heap Blocks": 6397, "Lossy Heap Blocks": 6397, "Plans": [{"Node Type": "Bitmap Index Scan", "Parent Relationship": "Outer", "Index Name": "movie_id_movie_info", "Startup Cost": 0.0, "Total Cost": 0.83, "Plan Rows": 5, "Plan Width": 0, "Actual Startup Time": 6.949, "Actual Total Time": 6.949, "Actual Rows": 8597, "Actual Loops": 798, "Index Cond": "(movie_id = mc.movie_id)"}]}]}, {"Node Type": "Bitmap Heap Scan", "Parent Relationship": "Inner", "Relation Name": "info_type", "Alias": "it", "Startup Cost": 0.26, "Total Cost": 4.27, "Plan Rows": 1, "Plan Width": 4, "Actual Startup Time": 2.573, "Actual Total Time": 2.573, "Actual Rows": 691, "Actual Loops": 691, "Recheck Cond": "(id = mi.info_type_id)", "Rows Removed by Index Recheck": 0, "Exact Heap Blocks": 691, "Lossy Heap Blocks": 691, "Plans": [{"Node Type": "Bitmap Index Scan", "Parent Relationship": "Outer", "Index Name": "info_type_pkey", "Startup Cost": 0.0, "Total Cost": 0.26, "Plan Rows": 1, "Plan Width": 0, "Actual Startup Time": 1.179, "Actual Total Time": 1.179, "Actual Rows": 691, "Actual Loops": 691, "Index Cond": "(id = mi.info_type_id)"}]}]}, {"Node Type": "Bitmap Heap Scan", "Parent Relationship": "Inner", "Relation Name": "title", "Alias": "t", "Startup Cost": 0.31, "Total Cost": 4.32, "Plan Rows": 1, "Plan Width": 21, "Actual Startup Time": 6.58, "Actual Total Time": 6.58, "Actual Rows": 669, "Actual Loops": 691, "Recheck Cond": "(id = mi.movie_id)", "Rows Removed by Index Recheck": 0, "Filter": "(production_year > 1990)", "Rows Removed by Filter": 22, "Exact Heap Blocks": 691, "Lossy Heap Blocks": 691, "Plans": [{"Node Type": "Bitmap Index Scan", "Parent Relationship": "Outer", "Index Name": "title_pkey", "Startup Cost": 0.0, "Total Cost": 0.31, "Plan Rows": 1, "Plan Width": 0, "Actual Startup Time": 3.813, "Actual Total Time": 3.813, "Actual Rows": 691, "Actual Loops": 691, "Index Cond": "(id = mi.movie_id)"}]}]}]}, "Triggers": [], "Planner Runtime": 4.896, "Total Runtime": 2992.474, "Unique SQL Id": 322094867}}, "(1, 116)": {"explain_plan": {"Plan": {"Node Type": "Aggregate", "Strategy": "Plain", "Startup Cost": 559339.91, "Total Cost": 559339.92, "Plan Rows": 1, "Plan Width": 49, "Plans": [{"Node Type": "Nested Loop", "Parent Relationship": "Outer", "Join Type": "Inner", "Startup Cost": 0.0, "Total Cost": 558512.28, "Plan Rows": 331050, "Plan Width": 17, "Inner Unique": true, "Plans": [{"Node Type": "Nested Loop", "Parent Relationship": "Outer", "Join Type": "Inner", "Startup Cost": 0.0, "Total Cost": 465812.82, "Plan Rows": 331050, "Plan Width": 21, "Inner Unique": false, "Plans": [{"Node Type": "Nested Loop", "Parent Relationship": "Outer", "Join Type": "Inner", "Startup Cost": 0.0, "Total Cost": 207294.74, "Plan Rows": 289936, "Plan Width": 25, "Inner Unique": true, "Plans": [{"Node Type": "Nested Loop", "Parent Relationship": "Outer", "Join Type": "Inner", "Startup Cost": 0.0, "Total Cost": 60095.92, "Plan Rows": 209278, "Plan Width": 4, "Inner Unique": false, "Join Filter": "(ct.id = mc.company_type_id), (LLVM Optimized)", "Plans": [{"Node Type": "Seq Scan", "Parent Relationship": "Outer", "Relation Name": "company_type", "Alias": "ct", "Startup Cost": 0.0, "Total Cost": 1.04, "Plan Rows": 1, "Plan Width": 4, "Filter": "((kind)::text = 'production companies'::text)"}, {"Node Type": "Seq Scan", "Parent Relationship": "Inner", "Relation Name": "movie_companies", "Alias": "mc", "Startup Cost": 0.0, "Total Cost": 54862.92, "Plan Rows": 418557, "Plan Width": 8, "Filter": "(((note)::text !~~ '%(TV)%'::text) AND ((note)::text ~~ '%(USA)%'::text)), (LLVM Optimized)"}]}, {"Node Type": "Index Scan", "Parent Relationship": "Inner", "Scan Direction": "Forward", "Index Name": "title_pkey", "Relation Name": "title", "Alias": "t", "Startup Cost": 0.0, "Total Cost": 0.69, "Plan Rows": 1, "Plan Width": 21, "Index Cond": "(id = mc.movie_id)", "Filter": "(production_year > 1990)"}]}, {"Node Type": "Index Scan", "Parent Relationship": "Inner", "Scan Direction": "Forward", "Index Name": "movie_id_movie_info", "Relation Name": "movie_info", "Alias": "mi", "Startup Cost": 0.0, "Total Cost": 0.88, "Plan Rows": 1, "Plan Width": 8, "Index Cond": "(movie_id = t.id)", "Filter": "((info)::text = ANY ('{Sweden,Norway,Germany,Denmark,Swedish,Denish,Norwegian,German,USA,American}'::text[]))"}]}, {"Node Type": "Index Scan", "Parent Relationship": "Inner", "Scan Direction": "Forward", "Index Name": "info_type_pkey", "Relation Name": "info_type", "Alias": "it", "Startup Cost": 0.0, "Total Cost": 0.27, "Plan Rows": 1, "Plan Width": 4, "Index Cond": "(id = mi.info_type_id)"}]}]}, "Unique SQL Id": 322094867}, "explain_analyze_plan": {"Plan": {"Node Type": "Aggregate", "Strategy": "Plain", "Startup Cost": 559339.91, "Total Cost": 559339.92, "Plan Rows": 1, "Plan Width": 49, "Actual Startup Time": 1247.891, "Actual Total Time": 1247.891, "Actual Rows": 1, "Actual Loops": 1, "Plans": [{"Node Type": "Nested Loop", "Parent Relationship": "Outer", "Join Type": "Inner", "Startup Cost": 0.0, "Total Cost": 558512.28, "Plan Rows": 331050, "Plan Width": 17, "Actual Startup Time": 891.887, "Actual Total Time": 1247.38, "Actual Rows": 669, "Actual Loops": 1, "Inner Unique": true, "Plans": [{"Node Type": "Nested Loop", "Parent Relationship": "Outer", "Join Type": "Inner", "Startup Cost": 0.0, "Total Cost": 465812.82, "Plan Rows": 331050, "Plan Width": 21, "Actual Startup Time": 891.877, "Actual Total Time": 1245.679, "Actual Rows": 669, "Actual Loops": 1, "Inner Unique": false, "Plans": [{"Node Type": "Nested Loop", "Parent Relationship": "Outer", "Join Type": "Inner", "Startup Cost": 0.0, "Total Cost": 207294.74, "Plan Rows": 289936, "Plan Width": 25, "Actual Startup Time": 891.851, "Actual Total Time": 1226.066, "Actual Rows": 767, "Actual Loops": 1, "Inner Unique": true, "Plans": [{"Node Type": "Nested Loop", "Parent Relationship": "Outer", "Join Type": "Inner", "Startup Cost": 0.0, "Total Cost": 60095.92, "Plan Rows": 209278, "Plan Width": 4, "Actual Startup Time": 891.783, "Actual Total Time": 1220.392, "Actual Rows": 798, "Actual Loops": 1, "Inner Unique": false, "Join Filter": "(ct.id = mc.company_type_id), (LLVM Optimized, Jit Execute)", "Rows Removed by Join Filter": 294830, "Plans": [{"Node Type": "Seq Scan", "Parent Relationship": "Outer", "Relation Name": "company_type", "Alias": "ct", "Startup Cost": 0.0, "Total Cost": 1.04, "Plan Rows": 1, "Plan Width": 4, "Actual Startup Time": 0.017, "Actual Total Time": 0.02, "Actual Rows": 1, "Actual Loops": 1, "Filter": "((kind)::text = 'production companies'::text)", "Rows Removed by Filter": 2}, {"Node Type": "Seq Scan", "Parent Relationship": "Inner", "Relation Name": "movie_companies", "Alias": "mc", "Startup Cost": 0.0, "Total Cost": 54862.92, "Plan Rows": 418557, "Plan Width": 8, "Actual Startup Time": 0.029, "Actual Total Time": 1160.971, "Actual Rows": 295628, "Actual Loops": 1, "Filter": "(((note)::text !~~ '%(TV)%'::text) AND ((note)::text ~~ '%(USA)%'::text)), (LLVM Optimized, Jit Execute)", "Rows Removed by Filter": 2313500}]}, {"Node Type": "Index Scan", "Parent Relationship": "Inner", "Scan Direction": "Forward", "Index Name": "title_pkey", "Relation Name": "title", "Alias": "t", "Startup Cost": 0.0, "Total Cost": 0.69, "Plan Rows": 1, "Plan Width": 21, "Actual Startup Time": 4.859, "Actual Total Time": 4.859, "Actual Rows": 767, "Actual Loops": 798, "Index Cond": "(id = mc.movie_id)", "Rows Removed by Index Recheck": 0, "Filter": "(production_year > 1990)", "Rows Removed by Filter": 31}]}, {"Node Type": "Index Scan", "Parent Relationship": "Inner", "Scan Direction": "Forward", "Index Name": "movie_id_movie_info", "Relation Name": "movie_info", "Alias": "mi", "Startup Cost": 0.0, "Total Cost": 0.88, "Plan Rows": 1, "Plan Width": 8, "Actual Startup Time": 16.539, "Actual Total Time": 18.987, "Actual Rows": 669, "Actual Loops": 767, "Index Cond": "(movie_id = t.id)", "Rows Removed by Index Recheck": 0, "Filter": "((info)::text = ANY ('{Sweden,Norway,Germany,Denmark,Swedish,Denish,Norwegian,German,USA,American}'::text[]))", "Rows Removed by Filter": 7721}]}, {"Node Type": "Index Scan", "Parent Relationship": "Inner", "Scan Direction": "Forward", "Index Name": "info_type_pkey", "Relation Name": "info_type", "Alias": "it", "Startup Cost": 0.0, "Total Cost": 0.27, "Plan Rows": 1, "Plan Width": 4, "Actual Startup Time": 1.119, "Actual Total Time": 1.119, "Actual Rows": 669, "Actual Loops": 669, "Index Cond": "(id = mi.info_type_id)", "Rows Removed by Index Recheck": 0}]}]}, "Triggers": [], "Planner Runtime": 2.956, "Total Runtime": 1257.304, "Unique SQL Id": 322094867}}, "(1, 117)": {"explain_plan": {"Plan": {"Node Type": "Aggregate", "Strategy": "Plain", "Startup Cost": 560989.43, "Total Cost": 560989.44, "Plan Rows": 1, "Plan Width": 49, "Plans": [{"Node Type": "Nested Loop", "Parent Relationship": "Outer", "Join Type": "Inner", "Startup Cost": 0.0, "Total Cost": 560161.81, "Plan Rows": 331050, "Plan Width": 17, "Inner Unique": true, "Plans": [{"Node Type": "Nested Loop", "Parent Relationship": "Outer", "Join Type": "Inner", "Startup Cost": 0.0, "Total Cost": 467462.34, "Plan Rows": 331050, "Plan Width": 21, "Inner Unique": false, "Plans": [{"Node Type": "Nested Loop", "Parent Relationship": "Outer", "Join Type": "Inner", "Startup Cost": 0.0, "Total Cost": 208944.27, "Plan Rows": 289936, "Plan Width": 25, "Inner Unique": true, "Plans": [{"Node Type": "Nested Loop", "Parent Relationship": "Outer", "Join Type": "Inner", "Startup Cost": 0.0, "Total Cost": 61745.44, "Plan Rows": 209278, "Plan Width": 4, "Inner Unique": false, "Plans": [{"Node Type": "Index Scan", "Parent Relationship": "Outer", "Scan Direction": "Forward", "Index Name": "company_type_pkey", "Relation Name": "company_type", "Alias": "ct", "Startup Cost": 0.0, "Total Cost": 12.3, "Plan Rows": 1, "Plan Width": 4, "Filter": "((kind)::text = 'production companies'::text)"}, {"Node Type": "Index Scan", "Parent Relationship": "Inner", "Scan Direction": "Forward", "Index Name": "company_type_id_movie_companies", "Relation Name": "movie_companies", "Alias": "mc", "Startup Cost": 0.0, "Total Cost": 59640.35, "Plan Rows": 209279, "Plan Width": 8, "Index Cond": "(company_type_id = ct.id), (LLVM Optimized)", "Filter": "(((note)::text !~~ '%(TV)%'::text) AND ((note)::text ~~ '%(USA)%'::text)), (LLVM Optimized)"}]}, {"Node Type": "Index Scan", "Parent Relationship": "Inner", "Scan Direction": "Forward", "Index Name": "title_pkey", "Relation Name": "title", "Alias": "t", "Startup Cost": 0.0, "Total Cost": 0.69, "Plan Rows": 1, "Plan Width": 21, "Index Cond": "(id = mc.movie_id)", "Filter": "(production_year > 1990)"}]}, {"Node Type": "Index Scan", "Parent Relationship": "Inner", "Scan Direction": "Forward", "Index Name": "movie_id_movie_info", "Relation Name": "movie_info", "Alias": "mi", "Startup Cost": 0.0, "Total Cost": 0.88, "Plan Rows": 1, "Plan Width": 8, "Index Cond": "(movie_id = t.id)", "Filter": "((info)::text = ANY ('{Sweden,Norway,Germany,Denmark,Swedish,Denish,Norwegian,German,USA,American}'::text[]))"}]}, {"Node Type": "Index Scan", "Parent Relationship": "Inner", "Scan Direction": "Forward", "Index Name": "info_type_pkey", "Relation Name": "info_type", "Alias": "it", "Startup Cost": 0.0, "Total Cost": 0.27, "Plan Rows": 1, "Plan Width": 4, "Index Cond": "(id = mi.info_type_id)"}]}]}, "Unique SQL Id": 322094867}, "explain_analyze_plan": {"Plan": {"Node Type": "Aggregate", "Strategy": "Plain", "Startup Cost": 560989.43, "Total Cost": 560989.44, "Plan Rows": 1, "Plan Width": 49, "Actual Startup Time": 748.589, "Actual Total Time": 748.59, "Actual Rows": 1, "Actual Loops": 1, "Plans": [{"Node Type": "Nested Loop", "Parent Relationship": "Outer", "Join Type": "Inner", "Startup Cost": 0.0, "Total Cost": 560161.81, "Plan Rows": 331050, "Plan Width": 17, "Actual Startup Time": 8.727, "Actual Total Time": 748.054, "Actual Rows": 669, "Actual Loops": 1, "Inner Unique": true, "Plans": [{"Node Type": "Nested Loop", "Parent Relationship": "Outer", "Join Type": "Inner", "Startup Cost": 0.0, "Total Cost": 467462.34, "Plan Rows": 331050, "Plan Width": 21, "Actual Startup Time": 8.72, "Actual Total Time": 746.191, "Actual Rows": 669, "Actual Loops": 1, "Inner Unique": false, "Plans": [{"Node Type": "Nested Loop", "Parent Relationship": "Outer", "Join Type": "Inner", "Startup Cost": 0.0, "Total Cost": 208944.27, "Plan Rows": 289936, "Plan Width": 25, "Actual Startup Time": 8.702, "Actual Total Time": 719.534, "Actual Rows": 767, "Actual Loops": 1, "Inner Unique": true, "Plans": [{"Node Type": "Nested Loop", "Parent Relationship": "Outer", "Join Type": "Inner", "Startup Cost": 0.0, "Total Cost": 61745.44, "Plan Rows": 209278, "Plan Width": 4, "Actual Startup Time": 8.68, "Actual Total Time": 712.35, "Actual Rows": 798, "Actual Loops": 1, "Inner Unique": false, "Plans": [{"Node Type": "Index Scan", "Parent Relationship": "Outer", "Scan Direction": "Forward", "Index Name": "company_type_pkey", "Relation Name": "company_type", "Alias": "ct", "Startup Cost": 0.0, "Total Cost": 12.3, "Plan Rows": 1, "Plan Width": 4, "Actual Startup Time": 0.021, "Actual Total Time": 0.03, "Actual Rows": 1, "Actual Loops": 1, "Filter": "((kind)::text = 'production companies'::text)", "Rows Removed by Filter": 2}, {"Node Type": "Index Scan", "Parent Relationship": "Inner", "Scan Direction": "Forward", "Index Name": "company_type_id_movie_companies", "Relation Name": "movie_companies", "Alias": "mc", "Startup Cost": 0.0, "Total Cost": 59640.35, "Plan Rows": 209279, "Plan Width": 8, "Actual Startup Time": 8.654, "Actual Total Time": 712.084, "Actual Rows": 798, "Actual Loops": 1, "Index Cond": "(company_type_id = ct.id), (LLVM Optimized, Jit Execute)", "Rows Removed by Index Recheck": 0, "Filter": "(((note)::text !~~ '%(TV)%'::text) AND ((note)::text ~~ '%(USA)%'::text)), (LLVM Optimized, Jit Execute)", "Rows Removed by Filter": 1334085}]}, {"Node Type": "Index Scan", "Parent Relationship": "Inner", "Scan Direction": "Forward", "Index Name": "title_pkey", "Relation Name": "title", "Alias": "t", "Startup Cost": 0.0, "Total Cost": 0.69, "Plan Rows": 1, "Plan Width": 21, "Actual Startup Time": 6.315, "Actual Total Time": 6.315, "Actual Rows": 767, "Actual Loops": 798, "Index Cond": "(id = mc.movie_id)", "Rows Removed by Index Recheck": 0, "Filter": "(production_year > 1990)", "Rows Removed by Filter": 31}]}, {"Node Type": "Index Scan", "Parent Relationship": "Inner", "Scan Direction": "Forward", "Index Name": "movie_id_movie_info", "Relation Name": "movie_info", "Alias": "mi", "Startup Cost": 0.0, "Total Cost": 0.88, "Plan Rows": 1, "Plan Width": 8, "Actual Startup Time": 22.914, "Actual Total Time": 25.991, "Actual Rows": 669, "Actual Loops": 767, "Index Cond": "(movie_id = t.id)", "Rows Removed by Index Recheck": 0, "Filter": "((info)::text = ANY ('{Sweden,Norway,Germany,Denmark,Swedish,Denish,Norwegian,German,USA,American}'::text[]))", "Rows Removed by Filter": 7721}]}, {"Node Type": "Index Scan", "Parent Relationship": "Inner", "Scan Direction": "Forward", "Index Name": "info_type_pkey", "Relation Name": "info_type", "Alias": "it", "Startup Cost": 0.0, "Total Cost": 0.27, "Plan Rows": 1, "Plan Width": 4, "Actual Startup Time": 1.201, "Actual Total Time": 1.201, "Actual Rows": 669, "Actual Loops": 669, "Index Cond": "(id = mi.info_type_id)", "Rows Removed by Index Recheck": 0}]}]}, "Triggers": [], "Planner Runtime": 2.91, "Total Runtime": 758.029, "Unique SQL Id": 322094867}}, "(1, 118)": {"explain_plan": {"Plan": {"Node Type": "Aggregate", "Strategy": "Plain", "Startup Cost": 2537162.68, "Total Cost": 2537162.69, "Plan Rows": 1, "Plan Width": 49, "Plans": [{"Node Type": "Nested Loop", "Parent Relationship": "Outer", "Join Type": "Inner", "Startup Cost": 1.14, "Total Cost": 2536335.06, "Plan Rows": 331050, "Plan Width": 17, "Inner Unique": true, "Plans": [{"Node Type": "Nested Loop", "Parent Relationship": "Outer", "Join Type": "Inner", "Startup Cost": 0.83, "Total Cost": 1500774.72, "Plan Rows": 238955, "Plan Width": 8, "Inner Unique": true, "Join Filter": "(mi.info_type_id = it.id), (LLVM Optimized)", "Plans": [{"Node Type": "Nested Loop", "Parent Relationship": "Outer", "Join Type": "Inner", "Startup Cost": 0.83, "Total Cost": 1099327.92, "Plan Rows": 238955, "Plan Width": 12, "Inner Unique": false, "Plans": [{"Node Type": "Nested Loop", "Parent Relationship": "Outer", "Join Type": "Inner", "Startup Cost": 0.0, "Total Cost": 60095.92, "Plan Rows": 209278, "Plan Width": 4, "Inner Unique": false, "Join Filter": "(ct.id = mc.company_type_id), (LLVM Optimized)", "Plans": [{"Node Type": "Seq Scan", "Parent Relationship": "Outer", "Relation Name": "company_type", "Alias": "ct", "Startup Cost": 0.0, "Total Cost": 1.04, "Plan Rows": 1, "Plan Width": 4, "Filter": "((kind)::text = 'production companies'::text)"}, {"Node Type": "Seq Scan", "Parent Relationship": "Inner", "Relation Name": "movie_companies", "Alias": "mc", "Startup Cost": 0.0, "Total Cost": 54862.92, "Plan Rows": 418557, "Plan Width": 8, "Filter": "(((note)::text !~~ '%(TV)%'::text) AND ((note)::text ~~ '%(USA)%'::text)), (LLVM Optimized)"}]}, {"Node Type": "Bitmap Heap Scan", "Parent Relationship": "Inner", "Relation Name": "movie_info", "Alias": "mi", "Startup Cost": 0.83, "Total Cost": 4.96, "Plan Rows": 1, "Plan Width": 8, "Recheck Cond": "(movie_id = mc.movie_id)", "Filter": "((info)::text = ANY ('{Sweden,Norway,Germany,Denmark,Swedish,Denish,Norwegian,German,USA,American}'::text[]))", "Plans": [{"Node Type": "Bitmap Index Scan", "Parent Relationship": "Outer", "Index Name": "movie_id_movie_info", "Startup Cost": 0.0, "Total Cost": 0.83, "Plan Rows": 5, "Plan Width": 0, "Index Cond": "(movie_id = mc.movie_id)"}]}]}, {"Node Type": "Materialize", "Parent Relationship": "Inner", "Startup Cost": 0.0, "Total Cost": 2.68, "Plan Rows": 112, "Plan Width": 4, "Plans": [{"Node Type": "Seq Scan", "Parent Relationship": "Outer", "Relation Name": "info_type", "Alias": "it", "Startup Cost": 0.0, "Total Cost": 2.12, "Plan Rows": 112, "Plan Width": 4}]}]}, {"Node Type": "Bitmap Heap Scan", "Parent Relationship": "Inner", "Relation Name": "title", "Alias": "t", "Startup Cost": 0.31, "Total Cost": 4.32, "Plan Rows": 1, "Plan Width": 21, "Recheck Cond": "(id = mi.movie_id)", "Filter": "(production_year > 1990)", "Plans": [{"Node Type": "Bitmap Index Scan", "Parent Relationship": "Outer", "Index Name": "title_pkey", "Startup Cost": 0.0, "Total Cost": 0.31, "Plan Rows": 1, "Plan Width": 0, "Index Cond": "(id = mi.movie_id)"}]}]}]}, "Unique SQL Id": 322094867}, "explain_analyze_plan": {"Plan": {"Node Type": "Aggregate", "Strategy": "Plain", "Startup Cost": 2537162.68, "Total Cost": 2537162.69, "Plan Rows": 1, "Plan Width": 49, "Actual Startup Time": 1308.092, "Actual Total Time": 1308.092, "Actual Rows": 1, "Actual Loops": 1, "Plans": [{"Node Type": "Nested Loop", "Parent Relationship": "Outer", "Join Type": "Inner", "Startup Cost": 1.14, "Total Cost": 2536335.06, "Plan Rows": 331050, "Plan Width": 17, "Actual Startup Time": 915.971, "Actual Total Time": 1307.476, "Actual Rows": 669, "Actual Loops": 1, "Inner Unique": true, "Plans": [{"Node Type": "Nested Loop", "Parent Relationship": "Outer", "Join Type": "Inner", "Startup Cost": 0.83, "Total Cost": 1500774.72, "Plan Rows": 238955, "Plan Width": 8, "Actual Startup Time": 915.923, "Actual Total Time": 1298.959, "Actual Rows": 691, "Actual Loops": 1, "Inner Unique": true, "Join Filter": "(mi.info_type_id = it.id), (LLVM Optimized, Jit Execute)", "Rows Removed by Join Filter": 4196, "Plans": [{"Node Type": "Nested Loop", "Parent Relationship": "Outer", "Join Type": "Inner", "Startup Cost": 0.83, "Total Cost": 1099327.92, "Plan Rows": 238955, "Plan Width": 12, "Actual Startup Time": 915.848, "Actual Total Time": 1297.299, "Actual Rows": 691, "Actual Loops": 1, "Inner Unique": false, "Plans": [{"Node Type": "Nested Loop", "Parent Relationship": "Outer", "Join Type": "Inner", "Startup Cost": 0.0, "Total Cost": 60095.92, "Plan Rows": 209278, "Plan Width": 4, "Actual Startup Time": 915.679, "Actual Total Time": 1262.757, "Actual Rows": 798, "Actual Loops": 1, "Inner Unique": false, "Join Filter": "(ct.id = mc.company_type_id), (LLVM Optimized, Jit Execute)", "Rows Removed by Join Filter": 294830, "Plans": [{"Node Type": "Seq Scan", "Parent Relationship": "Outer", "Relation Name": "company_type", "Alias": "ct", "Startup Cost": 0.0, "Total Cost": 1.04, "Plan Rows": 1, "Plan Width": 4, "Actual Startup Time": 0.02, "Actual Total Time": 0.025, "Actual Rows": 1, "Actual Loops": 1, "Filter": "((kind)::text = 'production companies'::text)", "Rows Removed by Filter": 2}, {"Node Type": "Seq Scan", "Parent Relationship": "Inner", "Relation Name": "movie_companies", "Alias": "mc", "Startup Cost": 0.0, "Total Cost": 54862.92, "Plan Rows": 418557, "Plan Width": 8, "Actual Startup Time": 0.042, "Actual Total Time": 1198.769, "Actual Rows": 295628, "Actual Loops": 1, "Filter": "(((note)::text !~~ '%(TV)%'::text) AND ((note)::text ~~ '%(USA)%'::text)), (LLVM Optimized, Jit Execute)", "Rows Removed by Filter": 2313500}]}, {"Node Type": "Bitmap Heap Scan", "Parent Relationship": "Inner", "Relation Name": "movie_info", "Alias": "mi", "Startup Cost": 0.83, "Total Cost": 4.96, "Plan Rows": 1, "Plan Width": 8, "Actual Startup Time": 29.956, "Actual Total Time": 32.838, "Actual Rows": 691, "Actual Loops": 798, "Recheck Cond": "(movie_id = mc.movie_id)", "Rows Removed by Index Recheck": 0, "Filter": "((info)::text = ANY ('{Sweden,Norway,Germany,Denmark,Swedish,Denish,Norwegian,German,USA,American}'::text[]))", "Rows Removed by Filter": 7906, "Exact Heap Blocks": 6397, "Lossy Heap Blocks": 6397, "Plans": [{"Node Type": "Bitmap Index Scan", "Parent Relationship": "Outer", "Index Name": "movie_id_movie_info", "Startup Cost": 0.0, "Total Cost": 0.83, "Plan Rows": 5, "Plan Width": 0, "Actual Startup Time": 7.675, "Actual Total Time": 7.675, "Actual Rows": 8597, "Actual Loops": 798, "Index Cond": "(movie_id = mc.movie_id)"}]}]}, {"Node Type": "Materialize", "Parent Relationship": "Inner", "Startup Cost": 0.0, "Total Cost": 2.68, "Plan Rows": 112, "Plan Width": 4, "Actual Startup Time": 0.156, "Actual Total Time": 0.506, "Actual Rows": 4887, "Actual Loops": 691, "Plans": [{"Node Type": "Seq Scan", "Parent Relationship": "Outer", "Relation Name": "info_type", "Alias": "it", "Startup Cost": 0.0, "Total Cost": 2.12, "Plan Rows": 112, "Plan Width": 4, "Actual Startup Time": 0.044, "Actual Total Time": 0.045, "Actual Rows": 17, "Actual Loops": 1}]}]}, {"Node Type": "Bitmap Heap Scan", "Parent Relationship": "Inner", "Relation Name": "title", "Alias": "t", "Startup Cost": 0.31, "Total Cost": 4.32, "Plan Rows": 1, "Plan Width": 21, "Actual Startup Time": 7.222, "Actual Total Time": 7.222, "Actual Rows": 669, "Actual Loops": 691, "Recheck Cond": "(id = mi.movie_id)", "Rows Removed by Index Recheck": 0, "Filter": "(production_year > 1990)", "Rows Removed by Filter": 22, "Exact Heap Blocks": 691, "Lossy Heap Blocks": 691, "Plans": [{"Node Type": "Bitmap Index Scan", "Parent Relationship": "Outer", "Index Name": "title_pkey", "Startup Cost": 0.0, "Total Cost": 0.31, "Plan Rows": 1, "Plan Width": 0, "Actual Startup Time": 4.247, "Actual Total Time": 4.247, "Actual Rows": 691, "Actual Loops": 691, "Index Cond": "(id = mi.movie_id)"}]}]}]}, "Triggers": [], "Planner Runtime": 3.211, "Total Runtime": 1317.884, "Unique SQL Id": 322094867}}, "(1, 119)": {"explain_plan": {"Plan": {"Node Type": "Aggregate", "Strategy": "Plain", "Startup Cost": 1000019247502.85, "Total Cost": 1000019247502.86, "Plan Rows": 1, "Plan Width": 49, "Plans": [{"Node Type": "Nested Loop", "Parent Relationship": "Outer", "Join Type": "Inner", "Startup Cost": 10000000001.66, "Total Cost": 1000019246675.23, "Plan Rows": 331050, "Plan Width": 17, "Inner Unique": true, "Plans": [{"Node Type": "Nested Loop", "Parent Relationship": "Outer", "Join Type": "Inner", "Startup Cost": 10000000001.35, "Total Cost": 1000018211114.89, "Plan Rows": 238955, "Plan Width": 8, "Inner Unique": true, "Plans": [{"Node Type": "Nested Loop", "Parent Relationship": "Outer", "Join Type": "Inner", "Startup Cost": 10000000001.09, "Total Cost": 1000017188325.12, "Plan Rows": 238955, "Plan Width": 12, "Inner Unique": false, "Plans": [{"Node Type": "Nested Loop", "Parent Relationship": "Outer", "Join Type": "Inner", "Startup Cost": 10000000000.26, "Total Cost": 1000016149093.12, "Plan Rows": 209278, "Plan Width": 4, "Inner Unique": true, "Plans": [{"Node Type": "Index Scan", "Parent Relationship": "Outer", "Scan Direction": "Forward", "Index Name": "movie_id_movie_companies", "Relation Name": "movie_companies", "Alias": "mc", "Startup Cost": 10000000000.0, "Total Cost": 1000014356510.13, "Plan Rows": 418557, "Plan Width": 8, "Filter": "(((note)::text !~~ '%(TV)%'::text) AND ((note)::text ~~ '%(USA)%'::text)), (LLVM Optimized)"}, {"Node Type": "Bitmap Heap Scan", "Parent Relationship": "Inner", "Relation Name": "company_type", "Alias": "ct", "Startup Cost": 0.26, "Total Cost": 4.27, "Plan Rows": 1, "Plan Width": 4, "Recheck Cond": "(id = mc.company_type_id)", "Filter": "((kind)::text = 'production companies'::text)", "Plans": [{"Node Type": "Bitmap Index Scan", "Parent Relationship": "Outer", "Index Name": "company_type_pkey", "Startup Cost": 0.0, "Total Cost": 0.26, "Plan Rows": 1, "Plan Width": 0, "Index Cond": "(id = mc.company_type_id)"}]}]}, {"Node Type": "Bitmap Heap Scan", "Parent Relationship": "Inner", "Relation Name": "movie_info", "Alias": "mi", "Startup Cost": 0.83, "Total Cost": 4.96, "Plan Rows": 1, "Plan Width": 8, "Recheck Cond": "(movie_id = mc.movie_id)", "Filter": "((info)::text = ANY ('{Sweden,Norway,Germany,Denmark,Swedish,Denish,Norwegian,German,USA,American}'::text[]))", "Plans": [{"Node Type": "Bitmap Index Scan", "Parent Relationship": "Outer", "Index Name": "movie_id_movie_info", "Startup Cost": 0.0, "Total Cost": 0.83, "Plan Rows": 5, "Plan Width": 0, "Index Cond": "(movie_id = mc.movie_id)"}]}]}, {"Node Type": "Bitmap Heap Scan", "Parent Relationship": "Inner", "Relation Name": "info_type", "Alias": "it", "Startup Cost": 0.26, "Total Cost": 4.27, "Plan Rows": 1, "Plan Width": 4, "Recheck Cond": "(id = mi.info_type_id)", "Plans": [{"Node Type": "Bitmap Index Scan", "Parent Relationship": "Outer", "Index Name": "info_type_pkey", "Startup Cost": 0.0, "Total Cost": 0.26, "Plan Rows": 1, "Plan Width": 0, "Index Cond": "(id = mi.info_type_id)"}]}]}, {"Node Type": "Bitmap Heap Scan", "Parent Relationship": "Inner", "Relation Name": "title", "Alias": "t", "Startup Cost": 0.31, "Total Cost": 4.32, "Plan Rows": 1, "Plan Width": 21, "Recheck Cond": "(id = mi.movie_id)", "Filter": "(production_year > 1990)", "Plans": [{"Node Type": "Bitmap Index Scan", "Parent Relationship": "Outer", "Index Name": "title_pkey", "Startup Cost": 0.0, "Total Cost": 0.31, "Plan Rows": 1, "Plan Width": 0, "Index Cond": "(id = mi.movie_id)"}]}]}]}, "Unique SQL Id": 322094867}, "explain_analyze_plan": {"Plan": {"Node Type": "Aggregate", "Strategy": "Plain", "Startup Cost": 1000019247502.85, "Total Cost": 1000019247502.86, "Plan Rows": 1, "Plan Width": 49, "Actual Startup Time": 2983.243, "Actual Total Time": 2983.244, "Actual Rows": 1, "Actual Loops": 1, "Plans": [{"Node Type": "Nested Loop", "Parent Relationship": "Outer", "Join Type": "Inner", "Startup Cost": 10000000001.66, "Total Cost": 1000019246675.23, "Plan Rows": 331050, "Plan Width": 17, "Actual Startup Time": 32.619, "Actual Total Time": 2982.151, "Actual Rows": 669, "Actual Loops": 1, "Inner Unique": true, "Plans": [{"Node Type": "Nested Loop", "Parent Relationship": "Outer", "Join Type": "Inner", "Startup Cost": 10000000001.35, "Total Cost": 1000018211114.89, "Plan Rows": 238955, "Plan Width": 8, "Actual Startup Time": 32.603, "Actual Total Time": 2974.089, "Actual Rows": 691, "Actual Loops": 1, "Inner Unique": true, "Plans": [{"Node Type": "Nested Loop", "Parent Relationship": "Outer", "Join Type": "Inner", "Startup Cost": 10000000001.09, "Total Cost": 1000017188325.12, "Plan Rows": 238955, "Plan Width": 12, "Actual Startup Time": 32.594, "Actual Total Time": 2969.962, "Actual Rows": 691, "Actual Loops": 1, "Inner Unique": false, "Plans": [{"Node Type": "Nested Loop", "Parent Relationship": "Outer", "Join Type": "Inner", "Startup Cost": 10000000000.26, "Total Cost": 1000016149093.12, "Plan Rows": 209278, "Plan Width": 4, "Actual Startup Time": 32.553, "Actual Total Time": 2937.753, "Actual Rows": 798, "Actual Loops": 1, "Inner Unique": true, "Plans": [{"Node Type": "Index Scan", "Parent Relationship": "Outer", "Scan Direction": "Forward", "Index Name": "movie_id_movie_companies", "Relation Name": "movie_companies", "Alias": "mc", "Startup Cost": 10000000000.0, "Total Cost": 1000014356510.13, "Plan Rows": 418557, "Plan Width": 8, "Actual Startup Time": 0.054, "Actual Total Time": 2285.125, "Actual Rows": 295628, "Actual Loops": 1, "Filter": "(((note)::text !~~ '%(TV)%'::text) AND ((note)::text ~~ '%(USA)%'::text)), (LLVM Optimized, Jit Execute)", "Rows Removed by Filter": 2313500}, {"Node Type": "Bitmap Heap Scan", "Parent Relationship": "Inner", "Relation Name": "company_type", "Alias": "ct", "Startup Cost": 0.26, "Total Cost": 4.27, "Plan Rows": 1, "Plan Width": 4, "Actual Startup Time": 341.416, "Actual Total Time": 341.416, "Actual Rows": 798, "Actual Loops": 295628, "Recheck Cond": "(id = mc.company_type_id)", "Rows Removed by Index Recheck": 0, "Filter": "((kind)::text = 'production companies'::text)", "Rows Removed by Filter": 0, "Exact Heap Blocks": 798, "Lossy Heap Blocks": 798, "Plans": [{"Node Type": "Bitmap Index Scan", "Parent Relationship": "Outer", "Index Name": "company_type_pkey", "Startup Cost": 0.0, "Total Cost": 0.26, "Plan Rows": 1, "Plan Width": 0, "Actual Startup Time": 205.492, "Actual Total Time": 205.492, "Actual Rows": 798, "Actual Loops": 295628, "Index Cond": "(id = mc.company_type_id)"}]}]}, {"Node Type": "Bitmap Heap Scan", "Parent Relationship": "Inner", "Relation Name": "movie_info", "Alias": "mi", "Startup Cost": 0.83, "Total Cost": 4.96, "Plan Rows": 1, "Plan Width": 8, "Actual Startup Time": 27.613, "Actual Total Time": 30.269, "Actual Rows": 691, "Actual Loops": 798, "Recheck Cond": "(movie_id = mc.movie_id)", "Rows Removed by Index Recheck": 0, "Filter": "((info)::text = ANY ('{Sweden,Norway,Germany,Denmark,Swedish,Denish,Norwegian,German,USA,American}'::text[]))", "Rows Removed by Filter": 7906, "Exact Heap Blocks": 6397, "Lossy Heap Blocks": 6397, "Plans": [{"Node Type": "Bitmap Index Scan", "Parent Relationship": "Outer", "Index Name": "movie_id_movie_info", "Startup Cost": 0.0, "Total Cost": 0.83, "Plan Rows": 5, "Plan Width": 0, "Actual Startup Time": 6.949, "Actual Total Time": 6.949, "Actual Rows": 8597, "Actual Loops": 798, "Index Cond": "(movie_id = mc.movie_id)"}]}]}, {"Node Type": "Bitmap Heap Scan", "Parent Relationship": "Inner", "Relation Name": "info_type", "Alias": "it", "Startup Cost": 0.26, "Total Cost": 4.27, "Plan Rows": 1, "Plan Width": 4, "Actual Startup Time": 2.573, "Actual Total Time": 2.573, "Actual Rows": 691, "Actual Loops": 691, "Recheck Cond": "(id = mi.info_type_id)", "Rows Removed by Index Recheck": 0, "Exact Heap Blocks": 691, "Lossy Heap Blocks": 691, "Plans": [{"Node Type": "Bitmap Index Scan", "Parent Relationship": "Outer", "Index Name": "info_type_pkey", "Startup Cost": 0.0, "Total Cost": 0.26, "Plan Rows": 1, "Plan Width": 0, "Actual Startup Time": 1.179, "Actual Total Time": 1.179, "Actual Rows": 691, "Actual Loops": 691, "Index Cond": "(id = mi.info_type_id)"}]}]}, {"Node Type": "Bitmap Heap Scan", "Parent Relationship": "Inner", "Relation Name": "title", "Alias": "t", "Startup Cost": 0.31, "Total Cost": 4.32, "Plan Rows": 1, "Plan Width": 21, "Actual Startup Time": 6.58, "Actual Total Time": 6.58, "Actual Rows": 669, "Actual Loops": 691, "Recheck Cond": "(id = mi.movie_id)", "Rows Removed by Index Recheck": 0, "Filter": "(production_year > 1990)", "Rows Removed by Filter": 22, "Exact Heap Blocks": 691, "Lossy Heap Blocks": 691, "Plans": [{"Node Type": "Bitmap Index Scan", "Parent Relationship": "Outer", "Index Name": "title_pkey", "Startup Cost": 0.0, "Total Cost": 0.31, "Plan Rows": 1, "Plan Width": 0, "Actual Startup Time": 3.813, "Actual Total Time": 3.813, "Actual Rows": 691, "Actual Loops": 691, "Index Cond": "(id = mi.movie_id)"}]}]}]}, "Triggers": [], "Planner Runtime": 4.896, "Total Runtime": 2992.474, "Unique SQL Id": 322094867}}, "(1, 120)": {"explain_plan": {"Plan": {"Node Type": "Aggregate", "Strategy": "Plain", "Startup Cost": 559338.09, "Total Cost": 559338.1, "Plan Rows": 1, "Plan Width": 49, "Plans": [{"Node Type": "Nested Loop", "Parent Relationship": "Outer", "Join Type": "Inner", "Startup Cost": 0.0, "Total Cost": 558510.46, "Plan Rows": 331050, "Plan Width": 17, "Inner Unique": true, "Plans": [{"Node Type": "Nested Loop", "Parent Relationship": "Outer", "Join Type": "Inner", "Startup Cost": 0.0, "Total Cost": 465812.82, "Plan Rows": 331050, "Plan Width": 21, "Inner Unique": false, "Plans": [{"Node Type": "Nested Loop", "Parent Relationship": "Outer", "Join Type": "Inner", "Startup Cost": 0.0, "Total Cost": 207294.74, "Plan Rows": 289936, "Plan Width": 25, "Inner Unique": true, "Plans": [{"Node Type": "Nested Loop", "Parent Relationship": "Outer", "Join Type": "Inner", "Startup Cost": 0.0, "Total Cost": 60095.92, "Plan Rows": 209278, "Plan Width": 4, "Inner Unique": false, "Join Filter": "(ct.id = mc.company_type_id), (LLVM Optimized)", "Plans": [{"Node Type": "Seq Scan", "Parent Relationship": "Outer", "Relation Name": "company_type", "Alias": "ct", "Startup Cost": 0.0, "Total Cost": 1.04, "Plan Rows": 1, "Plan Width": 4, "Filter": "((kind)::text = 'production companies'::text)"}, {"Node Type": "Seq Scan", "Parent Relationship": "Inner", "Relation Name": "movie_companies", "Alias": "mc", "Startup Cost": 0.0, "Total Cost": 54862.92, "Plan Rows": 418557, "Plan Width": 8, "Filter": "(((note)::text !~~ '%(TV)%'::text) AND ((note)::text ~~ '%(USA)%'::text)), (LLVM Optimized)"}]}, {"Node Type": "Index Scan", "Parent Relationship": "Inner", "Scan Direction": "Forward", "Index Name": "title_pkey", "Relation Name": "title", "Alias": "t", "Startup Cost": 0.0, "Total Cost": 0.69, "Plan Rows": 1, "Plan Width": 21, "Index Cond": "(id = mc.movie_id)", "Filter": "(production_year > 1990)"}]}, {"Node Type": "Index Scan", "Parent Relationship": "Inner", "Scan Direction": "Forward", "Index Name": "movie_id_movie_info", "Relation Name": "movie_info", "Alias": "mi", "Startup Cost": 0.0, "Total Cost": 0.88, "Plan Rows": 1, "Plan Width": 8, "Index Cond": "(movie_id = t.id)", "Filter": "((info)::text = ANY ('{Sweden,Norway,Germany,Denmark,Swedish,Denish,Norwegian,German,USA,American}'::text[]))"}]}, {"Node Type": "Index Only Scan", "Parent Relationship": "Inner", "Scan Direction": "Forward", "Index Name": "info_type_pkey", "Relation Name": "info_type", "Alias": "it", "Startup Cost": 0.0, "Total Cost": 0.27, "Plan Rows": 1, "Plan Width": 4, "Index Cond": "(id = mi.info_type_id)"}]}]}, "Unique SQL Id": 322094867}, "explain_analyze_plan": {"Plan": {"Node Type": "Aggregate", "Strategy": "Plain", "Startup Cost": 559338.09, "Total Cost": 559338.1, "Plan Rows": 1, "Plan Width": 49, "Actual Startup Time": 1232.267, "Actual Total Time": 1232.267, "Actual Rows": 1, "Actual Loops": 1, "Plans": [{"Node Type": "Nested Loop", "Parent Relationship": "Outer", "Join Type": "Inner", "Startup Cost": 0.0, "Total Cost": 558510.46, "Plan Rows": 331050, "Plan Width": 17, "Actual Startup Time": 878.992, "Actual Total Time": 1231.714, "Actual Rows": 669, "Actual Loops": 1, "Inner Unique": true, "Plans": [{"Node Type": "Nested Loop", "Parent Relationship": "Outer", "Join Type": "Inner", "Startup Cost": 0.0, "Total Cost": 465812.82, "Plan Rows": 331050, "Plan Width": 21, "Actual Startup Time": 878.979, "Actual Total Time": 1230.425, "Actual Rows": 669, "Actual Loops": 1, "Inner Unique": false, "Plans": [{"Node Type": "Nested Loop", "Parent Relationship": "Outer", "Join Type": "Inner", "Startup Cost": 0.0, "Total Cost": 207294.74, "Plan Rows": 289936, "Plan Width": 25, "Actual Startup Time": 878.951, "Actual Total Time": 1211.9, "Actual Rows": 767, "Actual Loops": 1, "Inner Unique": true, "Plans": [{"Node Type": "Nested Loop", "Parent Relationship": "Outer", "Join Type": "Inner", "Startup Cost": 0.0, "Total Cost": 60095.92, "Plan Rows": 209278, "Plan Width": 4, "Actual Startup Time": 878.88, "Actual Total Time": 1206.488, "Actual Rows": 798, "Actual Loops": 1, "Inner Unique": false, "Join Filter": "(ct.id = mc.company_type_id), (LLVM Optimized, Jit Execute)", "Rows Removed by Join Filter": 294830, "Plans": [{"Node Type": "Seq Scan", "Parent Relationship": "Outer", "Relation Name": "company_type", "Alias": "ct", "Startup Cost": 0.0, "Total Cost": 1.04, "Plan Rows": 1, "Plan Width": 4, "Actual Startup Time": 0.026, "Actual Total Time": 0.029, "Actual Rows": 1, "Actual Loops": 1, "Filter": "((kind)::text = 'production companies'::text)", "Rows Removed by Filter": 2}, {"Node Type": "Seq Scan", "Parent Relationship": "Inner", "Relation Name": "movie_companies", "Alias": "mc", "Startup Cost": 0.0, "Total Cost": 54862.92, "Plan Rows": 418557, "Plan Width": 8, "Actual Startup Time": 0.03, "Actual Total Time": 1146.717, "Actual Rows": 295628, "Actual Loops": 1, "Filter": "(((note)::text !~~ '%(TV)%'::text) AND ((note)::text ~~ '%(USA)%'::text)), (LLVM Optimized, Jit Execute)", "Rows Removed by Filter": 2313500}]}, {"Node Type": "Index Scan", "Parent Relationship": "Inner", "Scan Direction": "Forward", "Index Name": "title_pkey", "Relation Name": "title", "Alias": "t", "Startup Cost": 0.0, "Total Cost": 0.69, "Plan Rows": 1, "Plan Width": 21, "Actual Startup Time": 4.612, "Actual Total Time": 4.612, "Actual Rows": 767, "Actual Loops": 798, "Index Cond": "(id = mc.movie_id)", "Rows Removed by Index Recheck": 0, "Filter": "(production_year > 1990)", "Rows Removed by Filter": 31}]}, {"Node Type": "Index Scan", "Parent Relationship": "Inner", "Scan Direction": "Forward", "Index Name": "movie_id_movie_info", "Relation Name": "movie_info", "Alias": "mi", "Startup Cost": 0.0, "Total Cost": 0.88, "Plan Rows": 1, "Plan Width": 8, "Actual Startup Time": 15.433, "Actual Total Time": 17.858, "Actual Rows": 669, "Actual Loops": 767, "Index Cond": "(movie_id = t.id)", "Rows Removed by Index Recheck": 0, "Filter": "((info)::text = ANY ('{Sweden,Norway,Germany,Denmark,Swedish,Denish,Norwegian,German,USA,American}'::text[]))", "Rows Removed by Filter": 7721}]}, {"Node Type": "Index Only Scan", "Parent Relationship": "Inner", "Scan Direction": "Forward", "Index Name": "info_type_pkey", "Relation Name": "info_type", "Alias": "it", "Startup Cost": 0.0, "Total Cost": 0.27, "Plan Rows": 1, "Plan Width": 4, "Actual Startup Time": 0.712, "Actual Total Time": 0.712, "Actual Rows": 669, "Actual Loops": 669, "Index Cond": "(id = mi.info_type_id)", "Rows Removed by Index Recheck": 0, "Heap Fetches": 0}]}]}, "Triggers": [], "Planner Runtime": 2.971, "Total Runtime": 1241.626, "Unique SQL Id": 322094867}}, "(1, 121)": {"explain_plan": {"Plan": {"Node Type": "Aggregate", "Strategy": "Plain", "Startup Cost": 560987.61, "Total Cost": 560987.62, "Plan Rows": 1, "Plan Width": 49, "Plans": [{"Node Type": "Nested Loop", "Parent Relationship": "Outer", "Join Type": "Inner", "Startup Cost": 0.0, "Total Cost": 560159.98, "Plan Rows": 331050, "Plan Width": 17, "Inner Unique": true, "Plans": [{"Node Type": "Nested Loop", "Parent Relationship": "Outer", "Join Type": "Inner", "Startup Cost": 0.0, "Total Cost": 467462.34, "Plan Rows": 331050, "Plan Width": 21, "Inner Unique": false, "Plans": [{"Node Type": "Nested Loop", "Parent Relationship": "Outer", "Join Type": "Inner", "Startup Cost": 0.0, "Total Cost": 208944.27, "Plan Rows": 289936, "Plan Width": 25, "Inner Unique": true, "Plans": [{"Node Type": "Nested Loop", "Parent Relationship": "Outer", "Join Type": "Inner", "Startup Cost": 0.0, "Total Cost": 61745.44, "Plan Rows": 209278, "Plan Width": 4, "Inner Unique": false, "Plans": [{"Node Type": "Index Scan", "Parent Relationship": "Outer", "Scan Direction": "Forward", "Index Name": "company_type_pkey", "Relation Name": "company_type", "Alias": "ct", "Startup Cost": 0.0, "Total Cost": 12.3, "Plan Rows": 1, "Plan Width": 4, "Filter": "((kind)::text = 'production companies'::text)"}, {"Node Type": "Index Scan", "Parent Relationship": "Inner", "Scan Direction": "Forward", "Index Name": "company_type_id_movie_companies", "Relation Name": "movie_companies", "Alias": "mc", "Startup Cost": 0.0, "Total Cost": 59640.35, "Plan Rows": 209279, "Plan Width": 8, "Index Cond": "(company_type_id = ct.id), (LLVM Optimized)", "Filter": "(((note)::text !~~ '%(TV)%'::text) AND ((note)::text ~~ '%(USA)%'::text)), (LLVM Optimized)"}]}, {"Node Type": "Index Scan", "Parent Relationship": "Inner", "Scan Direction": "Forward", "Index Name": "title_pkey", "Relation Name": "title", "Alias": "t", "Startup Cost": 0.0, "Total Cost": 0.69, "Plan Rows": 1, "Plan Width": 21, "Index Cond": "(id = mc.movie_id)", "Filter": "(production_year > 1990)"}]}, {"Node Type": "Index Scan", "Parent Relationship": "Inner", "Scan Direction": "Forward", "Index Name": "movie_id_movie_info", "Relation Name": "movie_info", "Alias": "mi", "Startup Cost": 0.0, "Total Cost": 0.88, "Plan Rows": 1, "Plan Width": 8, "Index Cond": "(movie_id = t.id)", "Filter": "((info)::text = ANY ('{Sweden,Norway,Germany,Denmark,Swedish,Denish,Norwegian,German,USA,American}'::text[]))"}]}, {"Node Type": "Index Only Scan", "Parent Relationship": "Inner", "Scan Direction": "Forward", "Index Name": "info_type_pkey", "Relation Name": "info_type", "Alias": "it", "Startup Cost": 0.0, "Total Cost": 0.27, "Plan Rows": 1, "Plan Width": 4, "Index Cond": "(id = mi.info_type_id)"}]}]}, "Unique SQL Id": 322094867}, "explain_analyze_plan": {"Plan": {"Node Type": "Aggregate", "Strategy": "Plain", "Startup Cost": 560987.61, "Total Cost": 560987.62, "Plan Rows": 1, "Plan Width": 49, "Actual Startup Time": 682.348, "Actual Total Time": 682.349, "Actual Rows": 1, "Actual Loops": 1, "Plans": [{"Node Type": "Nested Loop", "Parent Relationship": "Outer", "Join Type": "Inner", "Startup Cost": 0.0, "Total Cost": 560159.98, "Plan Rows": 331050, "Plan Width": 17, "Actual Startup Time": 8.577, "Actual Total Time": 681.785, "Actual Rows": 669, "Actual Loops": 1, "Inner Unique": true, "Plans": [{"Node Type": "Nested Loop", "Parent Relationship": "Outer", "Join Type": "Inner", "Startup Cost": 0.0, "Total Cost": 467462.34, "Plan Rows": 331050, "Plan Width": 21, "Actual Startup Time": 8.567, "Actual Total Time": 680.298, "Actual Rows": 669, "Actual Loops": 1, "Inner Unique": false, "Plans": [{"Node Type": "Nested Loop", "Parent Relationship": "Outer", "Join Type": "Inner", "Startup Cost": 0.0, "Total Cost": 208944.27, "Plan Rows": 289936, "Plan Width": 25, "Actual Startup Time": 8.55, "Actual Total Time": 661.132, "Actual Rows": 767, "Actual Loops": 1, "Inner Unique": true, "Plans": [{"Node Type": "Nested Loop", "Parent Relationship": "Outer", "Join Type": "Inner", "Startup Cost": 0.0, "Total Cost": 61745.44, "Plan Rows": 209278, "Plan Width": 4, "Actual Startup Time": 8.53, "Actual Total Time": 655.44, "Actual Rows": 798, "Actual Loops": 1, "Inner Unique": false, "Plans": [{"Node Type": "Index Scan", "Parent Relationship": "Outer", "Scan Direction": "Forward", "Index Name": "company_type_pkey", "Relation Name": "company_type", "Alias": "ct", "Startup Cost": 0.0, "Total Cost": 12.3, "Plan Rows": 1, "Plan Width": 4, "Actual Startup Time": 0.03, "Actual Total Time": 0.035, "Actual Rows": 1, "Actual Loops": 1, "Filter": "((kind)::text = 'production companies'::text)", "Rows Removed by Filter": 2}, {"Node Type": "Index Scan", "Parent Relationship": "Inner", "Scan Direction": "Forward", "Index Name": "company_type_id_movie_companies", "Relation Name": "movie_companies", "Alias": "mc", "Startup Cost": 0.0, "Total Cost": 59640.35, "Plan Rows": 209279, "Plan Width": 8, "Actual Startup Time": 8.496, "Actual Total Time": 655.167, "Actual Rows": 798, "Actual Loops": 1, "Index Cond": "(company_type_id = ct.id), (LLVM Optimized, Jit Execute)", "Rows Removed by Index Recheck": 0, "Filter": "(((note)::text !~~ '%(TV)%'::text) AND ((note)::text ~~ '%(USA)%'::text)), (LLVM Optimized, Jit Execute)", "Rows Removed by Filter": 1334085}]}, {"Node Type": "Index Scan", "Parent Relationship": "Inner", "Scan Direction": "Forward", "Index Name": "title_pkey", "Relation Name": "title", "Alias": "t", "Startup Cost": 0.0, "Total Cost": 0.69, "Plan Rows": 1, "Plan Width": 21, "Actual Startup Time": 4.675, "Actual Total Time": 4.675, "Actual Rows": 767, "Actual Loops": 798, "Index Cond": "(id = mc.movie_id)", "Rows Removed by Index Recheck": 0, "Filter": "(production_year > 1990)", "Rows Removed by Filter": 31}]}, {"Node Type": "Index Scan", "Parent Relationship": "Inner", "Scan Direction": "Forward", "Index Name": "movie_id_movie_info", "Relation Name": "movie_info", "Alias": "mi", "Startup Cost": 0.0, "Total Cost": 0.88, "Plan Rows": 1, "Plan Width": 8, "Actual Startup Time": 15.948, "Actual Total Time": 18.439, "Actual Rows": 669, "Actual Loops": 767, "Index Cond": "(movie_id = t.id)", "Rows Removed by Index Recheck": 0, "Filter": "((info)::text = ANY ('{Sweden,Norway,Germany,Denmark,Swedish,Denish,Norwegian,German,USA,American}'::text[]))", "Rows Removed by Filter": 7721}]}, {"Node Type": "Index Only Scan", "Parent Relationship": "Inner", "Scan Direction": "Forward", "Index Name": "info_type_pkey", "Relation Name": "info_type", "Alias": "it", "Startup Cost": 0.0, "Total Cost": 0.27, "Plan Rows": 1, "Plan Width": 4, "Actual Startup Time": 0.832, "Actual Total Time": 0.832, "Actual Rows": 669, "Actual Loops": 669, "Index Cond": "(id = mi.info_type_id)", "Rows Removed by Index Recheck": 0, "Heap Fetches": 0}]}]}, "Triggers": [], "Planner Runtime": 2.905, "Total Runtime": 691.725, "Unique SQL Id": 322094867}}, "(1, 122)": {"explain_plan": {"Plan": {"Node Type": "Aggregate", "Strategy": "Plain", "Startup Cost": 8549638284.8, "Total Cost": 8549638284.81, "Plan Rows": 1, "Plan Width": 49, "Plans": [{"Node Type": "Nested Loop", "Parent Relationship": "Outer", "Join Type": "Inner", "Startup Cost": 0.0, "Total Cost": 8549637457.17, "Plan Rows": 331050, "Plan Width": 17, "Inner Unique": false, "Join Filter": "(mi.movie_id = t.id), (LLVM Optimized)", "Plans": [{"Node Type": "Seq Scan", "Parent Relationship": "Outer", "Relation Name": "title", "Alias": "t", "Startup Cost": 0.0, "Total Cost": 66389.89, "Plan Rows": 1748840, "Plan Width": 21, "Filter": "(production_year > 1990), (LLVM Optimized)"}, {"Node Type": "Materialize", "Parent Relationship": "Inner", "Startup Cost": 0.0, "Total Cost": 2281160731.67, "Plan Rows": 238955, "Plan Width": 8, "Plans": [{"Node Type": "Nested Loop", "Parent Relationship": "Outer", "Join Type": "Inner", "Startup Cost": 0.0, "Total Cost": 2281159536.9, "Plan Rows": 238955, "Plan Width": 8, "Inner Unique": true, "Join Filter": "(mi.info_type_id = it.id), (LLVM Optimized)", "Plans": [{"Node Type": "Nested Loop", "Parent Relationship": "Outer", "Join Type": "Inner", "Startup Cost": 0.0, "Total Cost": 2280758090.1, "Plan Rows": 238955, "Plan Width": 12, "Inner Unique": false, "Join Filter": "(mc.movie_id = mi.movie_id), (LLVM Optimized)", "Plans": [{"Node Type": "Seq Scan", "Parent Relationship": "Outer", "Relation Name": "movie_info", "Alias": "mi", "Startup Cost": 0.0, "Total Cost": 482862.23, "Plan Rows": 726375, "Plan Width": 8, "Filter": "((info)::text = ANY ('{Sweden,Norway,Germany,Denmark,Swedish,Denish,Norwegian,German,USA,American}'::text[]))"}, {"Node Type": "Materialize", "Parent Relationship": "Inner", "Startup Cost": 0.0, "Total Cost": 61142.31, "Plan Rows": 209278, "Plan Width": 4, "Plans": [{"Node Type": "Nested Loop", "Parent Relationship": "Outer", "Join Type": "Inner", "Startup Cost": 0.0, "Total Cost": 60095.92, "Plan Rows": 209278, "Plan Width": 4, "Inner Unique": false, "Join Filter": "(ct.id = mc.company_type_id), (LLVM Optimized)", "Plans": [{"Node Type": "Seq Scan", "Parent Relationship": "Outer", "Relation Name": "company_type", "Alias": "ct", "Startup Cost": 0.0, "Total Cost": 1.04, "Plan Rows": 1, "Plan Width": 4, "Filter": "((kind)::text = 'production companies'::text)"}, {"Node Type": "Seq Scan", "Parent Relationship": "Inner", "Relation Name": "movie_companies", "Alias": "mc", "Startup Cost": 0.0, "Total Cost": 54862.92, "Plan Rows": 418557, "Plan Width": 8, "Filter": "(((note)::text !~~ '%(TV)%'::text) AND ((note)::text ~~ '%(USA)%'::text)), (LLVM Optimized)"}]}]}]}, {"Node Type": "Materialize", "Parent Relationship": "Inner", "Startup Cost": 0.0, "Total Cost": 2.68, "Plan Rows": 112, "Plan Width": 4, "Plans": [{"Node Type": "Seq Scan", "Parent Relationship": "Outer", "Relation Name": "info_type", "Alias": "it", "Startup Cost": 0.0, "Total Cost": 2.12, "Plan Rows": 112, "Plan Width": 4}]}]}]}]}]}, "Unique SQL Id": 322094867}, "explain_analyze_plan": null}, "(1, 123)": {"explain_plan": {"Plan": {"Node Type": "Aggregate", "Strategy": "Plain", "Startup Cost": 5008697310776.9, "Total Cost": 5008697310776.91, "Plan Rows": 1, "Plan Width": 49, "Plans": [{"Node Type": "Nested Loop", "Parent Relationship": "Outer", "Join Type": "Inner", "Startup Cost": 50000000000.0, "Total Cost": 5008697309949.27, "Plan Rows": 331050, "Plan Width": 17, "Inner Unique": false, "Join Filter": "(mi.movie_id = t.id), (LLVM Optimized)", "Plans": [{"Node Type": "Index Scan", "Parent Relationship": "Outer", "Scan Direction": "Forward", "Index Name": "title_pkey", "Relation Name": "title", "Alias": "t", "Startup Cost": 10000000000.0, "Total Cost": 1000011644126.66, "Plan Rows": 1748840, "Plan Width": 21, "Filter": "(production_year > 1990), (LLVM Optimized)"}, {"Node Type": "Materialize", "Parent Relationship": "Inner", "Startup Cost": 40000000000.0, "Total Cost": 4002417255487.0, "Plan Rows": 238955, "Plan Width": 8, "Plans": [{"Node Type": "Nested Loop", "Parent Relationship": "Outer", "Join Type": "Inner", "Startup Cost": 40000000000.0, "Total Cost": 4002417254292.22, "Plan Rows": 238955, "Plan Width": 8, "Inner Unique": true, "Join Filter": "(mi.info_type_id = it.id), (LLVM Optimized)", "Plans": [{"Node Type": "Nested Loop", "Parent Relationship": "Outer", "Join Type": "Inner", "Startup Cost": 30000000000.0, "Total Cost": 3002416851854.54, "Plan Rows": 238955, "Plan Width": 12, "Inner Unique": false, "Join Filter": "(mc.movie_id = mi.movie_id), (LLVM Optimized)", "Plans": [{"Node Type": "Nested Loop", "Parent Relationship": "Outer", "Join Type": "Inner", "Startup Cost": 20000000000.0, "Total Cost": 2000014364018.74, "Plan Rows": 209278, "Plan Width": 4, "Inner Unique": true, "Join Filter": "(ct.id = mc.company_type_id), (LLVM Optimized)", "Plans": [{"Node Type": "Index Scan", "Parent Relationship": "Outer", "Scan Direction": "Forward", "Index Name": "movie_id_movie_companies", "Relation Name": "movie_companies", "Alias": "mc", "Startup Cost": 10000000000.0, "Total Cost": 1000014356510.13, "Plan Rows": 418557, "Plan Width": 8, "Filter": "(((note)::text !~~ '%(TV)%'::text) AND ((note)::text ~~ '%(USA)%'::text)), (LLVM Optimized)"}, {"Node Type": "Materialize", "Parent Relationship": "Inner", "Startup Cost": 10000000000.0, "Total Cost": 1000000001230.26, "Plan Rows": 1, "Plan Width": 4, "Plans": [{"Node Type": "Index Scan", "Parent Relationship": "Outer", "Scan Direction": "Forward", "Index Name": "company_type_pkey", "Relation Name": "company_type", "Alias": "ct", "Startup Cost": 10000000000.0, "Total Cost": 1000000001230.25, "Plan Rows": 1, "Plan Width": 4, "Filter": "((kind)::text = 'production companies'::text)"}]}]}, {"Node Type": "Materialize", "Parent Relationship": "Inner", "Startup Cost": 10000000000.0, "Total Cost": 1000122275042.99, "Plan Rows": 726375, "Plan Width": 8, "Plans": [{"Node Type": "Index Scan", "Parent Relationship": "Outer", "Scan Direction": "Forward", "Index Name": "info_type_id_movie_info", "Relation Name": "movie_info", "Alias": "mi", "Startup Cost": 10000000000.0, "Total Cost": 1000122271411.12, "Plan Rows": 726375, "Plan Width": 8, "Filter": "((info)::text = ANY ('{Sweden,Norway,Germany,Denmark,Swedish,Denish,Norwegian,German,USA,American}'::text[]))"}]}]}, {"Node Type": "Materialize", "Parent Relationship": "Inner", "Startup Cost": 10000000000.0, "Total Cost": 1000000000993.56, "Plan Rows": 112, "Plan Width": 4, "Plans": [{"Node Type": "Index Only Scan", "Parent Relationship": "Outer", "Scan Direction": "Forward", "Index Name": "info_type_pkey", "Relation Name": "info_type", "Alias": "it", "Startup Cost": 10000000000.0, "Total Cost": 1000000000993.0, "Plan Rows": 112, "Plan Width": 4}]}]}]}]}]}, "Unique SQL Id": 322094867}, "explain_analyze_plan": null}, "(1, 124)": {"explain_plan": {"Plan": {"Node Type": "Aggregate", "Strategy": "Plain", "Startup Cost": 559339.91, "Total Cost": 559339.92, "Plan Rows": 1, "Plan Width": 49, "Plans": [{"Node Type": "Nested Loop", "Parent Relationship": "Outer", "Join Type": "Inner", "Startup Cost": 0.0, "Total Cost": 558512.28, "Plan Rows": 331050, "Plan Width": 17, "Inner Unique": true, "Plans": [{"Node Type": "Nested Loop", "Parent Relationship": "Outer", "Join Type": "Inner", "Startup Cost": 0.0, "Total Cost": 465812.82, "Plan Rows": 331050, "Plan Width": 21, "Inner Unique": false, "Plans": [{"Node Type": "Nested Loop", "Parent Relationship": "Outer", "Join Type": "Inner", "Startup Cost": 0.0, "Total Cost": 207294.74, "Plan Rows": 289936, "Plan Width": 25, "Inner Unique": true, "Plans": [{"Node Type": "Nested Loop", "Parent Relationship": "Outer", "Join Type": "Inner", "Startup Cost": 0.0, "Total Cost": 60095.92, "Plan Rows": 209278, "Plan Width": 4, "Inner Unique": false, "Join Filter": "(ct.id = mc.company_type_id), (LLVM Optimized)", "Plans": [{"Node Type": "Seq Scan", "Parent Relationship": "Outer", "Relation Name": "company_type", "Alias": "ct", "Startup Cost": 0.0, "Total Cost": 1.04, "Plan Rows": 1, "Plan Width": 4, "Filter": "((kind)::text = 'production companies'::text)"}, {"Node Type": "Seq Scan", "Parent Relationship": "Inner", "Relation Name": "movie_companies", "Alias": "mc", "Startup Cost": 0.0, "Total Cost": 54862.92, "Plan Rows": 418557, "Plan Width": 8, "Filter": "(((note)::text !~~ '%(TV)%'::text) AND ((note)::text ~~ '%(USA)%'::text)), (LLVM Optimized)"}]}, {"Node Type": "Index Scan", "Parent Relationship": "Inner", "Scan Direction": "Forward", "Index Name": "title_pkey", "Relation Name": "title", "Alias": "t", "Startup Cost": 0.0, "Total Cost": 0.69, "Plan Rows": 1, "Plan Width": 21, "Index Cond": "(id = mc.movie_id)", "Filter": "(production_year > 1990)"}]}, {"Node Type": "Index Scan", "Parent Relationship": "Inner", "Scan Direction": "Forward", "Index Name": "movie_id_movie_info", "Relation Name": "movie_info", "Alias": "mi", "Startup Cost": 0.0, "Total Cost": 0.88, "Plan Rows": 1, "Plan Width": 8, "Index Cond": "(movie_id = t.id)", "Filter": "((info)::text = ANY ('{Sweden,Norway,Germany,Denmark,Swedish,Denish,Norwegian,German,USA,American}'::text[]))"}]}, {"Node Type": "Index Scan", "Parent Relationship": "Inner", "Scan Direction": "Forward", "Index Name": "info_type_pkey", "Relation Name": "info_type", "Alias": "it", "Startup Cost": 0.0, "Total Cost": 0.27, "Plan Rows": 1, "Plan Width": 4, "Index Cond": "(id = mi.info_type_id)"}]}]}, "Unique SQL Id": 322094867}, "explain_analyze_plan": {"Plan": {"Node Type": "Aggregate", "Strategy": "Plain", "Startup Cost": 559339.91, "Total Cost": 559339.92, "Plan Rows": 1, "Plan Width": 49, "Actual Startup Time": 1247.891, "Actual Total Time": 1247.891, "Actual Rows": 1, "Actual Loops": 1, "Plans": [{"Node Type": "Nested Loop", "Parent Relationship": "Outer", "Join Type": "Inner", "Startup Cost": 0.0, "Total Cost": 558512.28, "Plan Rows": 331050, "Plan Width": 17, "Actual Startup Time": 891.887, "Actual Total Time": 1247.38, "Actual Rows": 669, "Actual Loops": 1, "Inner Unique": true, "Plans": [{"Node Type": "Nested Loop", "Parent Relationship": "Outer", "Join Type": "Inner", "Startup Cost": 0.0, "Total Cost": 465812.82, "Plan Rows": 331050, "Plan Width": 21, "Actual Startup Time": 891.877, "Actual Total Time": 1245.679, "Actual Rows": 669, "Actual Loops": 1, "Inner Unique": false, "Plans": [{"Node Type": "Nested Loop", "Parent Relationship": "Outer", "Join Type": "Inner", "Startup Cost": 0.0, "Total Cost": 207294.74, "Plan Rows": 289936, "Plan Width": 25, "Actual Startup Time": 891.851, "Actual Total Time": 1226.066, "Actual Rows": 767, "Actual Loops": 1, "Inner Unique": true, "Plans": [{"Node Type": "Nested Loop", "Parent Relationship": "Outer", "Join Type": "Inner", "Startup Cost": 0.0, "Total Cost": 60095.92, "Plan Rows": 209278, "Plan Width": 4, "Actual Startup Time": 891.783, "Actual Total Time": 1220.392, "Actual Rows": 798, "Actual Loops": 1, "Inner Unique": false, "Join Filter": "(ct.id = mc.company_type_id), (LLVM Optimized, Jit Execute)", "Rows Removed by Join Filter": 294830, "Plans": [{"Node Type": "Seq Scan", "Parent Relationship": "Outer", "Relation Name": "company_type", "Alias": "ct", "Startup Cost": 0.0, "Total Cost": 1.04, "Plan Rows": 1, "Plan Width": 4, "Actual Startup Time": 0.017, "Actual Total Time": 0.02, "Actual Rows": 1, "Actual Loops": 1, "Filter": "((kind)::text = 'production companies'::text)", "Rows Removed by Filter": 2}, {"Node Type": "Seq Scan", "Parent Relationship": "Inner", "Relation Name": "movie_companies", "Alias": "mc", "Startup Cost": 0.0, "Total Cost": 54862.92, "Plan Rows": 418557, "Plan Width": 8, "Actual Startup Time": 0.029, "Actual Total Time": 1160.971, "Actual Rows": 295628, "Actual Loops": 1, "Filter": "(((note)::text !~~ '%(TV)%'::text) AND ((note)::text ~~ '%(USA)%'::text)), (LLVM Optimized, Jit Execute)", "Rows Removed by Filter": 2313500}]}, {"Node Type": "Index Scan", "Parent Relationship": "Inner", "Scan Direction": "Forward", "Index Name": "title_pkey", "Relation Name": "title", "Alias": "t", "Startup Cost": 0.0, "Total Cost": 0.69, "Plan Rows": 1, "Plan Width": 21, "Actual Startup Time": 4.859, "Actual Total Time": 4.859, "Actual Rows": 767, "Actual Loops": 798, "Index Cond": "(id = mc.movie_id)", "Rows Removed by Index Recheck": 0, "Filter": "(production_year > 1990)", "Rows Removed by Filter": 31}]}, {"Node Type": "Index Scan", "Parent Relationship": "Inner", "Scan Direction": "Forward", "Index Name": "movie_id_movie_info", "Relation Name": "movie_info", "Alias": "mi", "Startup Cost": 0.0, "Total Cost": 0.88, "Plan Rows": 1, "Plan Width": 8, "Actual Startup Time": 16.539, "Actual Total Time": 18.987, "Actual Rows": 669, "Actual Loops": 767, "Index Cond": "(movie_id = t.id)", "Rows Removed by Index Recheck": 0, "Filter": "((info)::text = ANY ('{Sweden,Norway,Germany,Denmark,Swedish,Denish,Norwegian,German,USA,American}'::text[]))", "Rows Removed by Filter": 7721}]}, {"Node Type": "Index Scan", "Parent Relationship": "Inner", "Scan Direction": "Forward", "Index Name": "info_type_pkey", "Relation Name": "info_type", "Alias": "it", "Startup Cost": 0.0, "Total Cost": 0.27, "Plan Rows": 1, "Plan Width": 4, "Actual Startup Time": 1.119, "Actual Total Time": 1.119, "Actual Rows": 669, "Actual Loops": 669, "Index Cond": "(id = mi.info_type_id)", "Rows Removed by Index Recheck": 0}]}]}, "Triggers": [], "Planner Runtime": 2.956, "Total Runtime": 1257.304, "Unique SQL Id": 322094867}}, "(1, 125)": {"explain_plan": {"Plan": {"Node Type": "Aggregate", "Strategy": "Plain", "Startup Cost": 560989.43, "Total Cost": 560989.44, "Plan Rows": 1, "Plan Width": 49, "Plans": [{"Node Type": "Nested Loop", "Parent Relationship": "Outer", "Join Type": "Inner", "Startup Cost": 0.0, "Total Cost": 560161.81, "Plan Rows": 331050, "Plan Width": 17, "Inner Unique": true, "Plans": [{"Node Type": "Nested Loop", "Parent Relationship": "Outer", "Join Type": "Inner", "Startup Cost": 0.0, "Total Cost": 467462.34, "Plan Rows": 331050, "Plan Width": 21, "Inner Unique": false, "Plans": [{"Node Type": "Nested Loop", "Parent Relationship": "Outer", "Join Type": "Inner", "Startup Cost": 0.0, "Total Cost": 208944.27, "Plan Rows": 289936, "Plan Width": 25, "Inner Unique": true, "Plans": [{"Node Type": "Nested Loop", "Parent Relationship": "Outer", "Join Type": "Inner", "Startup Cost": 0.0, "Total Cost": 61745.44, "Plan Rows": 209278, "Plan Width": 4, "Inner Unique": false, "Plans": [{"Node Type": "Index Scan", "Parent Relationship": "Outer", "Scan Direction": "Forward", "Index Name": "company_type_pkey", "Relation Name": "company_type", "Alias": "ct", "Startup Cost": 0.0, "Total Cost": 12.3, "Plan Rows": 1, "Plan Width": 4, "Filter": "((kind)::text = 'production companies'::text)"}, {"Node Type": "Index Scan", "Parent Relationship": "Inner", "Scan Direction": "Forward", "Index Name": "company_type_id_movie_companies", "Relation Name": "movie_companies", "Alias": "mc", "Startup Cost": 0.0, "Total Cost": 59640.35, "Plan Rows": 209279, "Plan Width": 8, "Index Cond": "(company_type_id = ct.id), (LLVM Optimized)", "Filter": "(((note)::text !~~ '%(TV)%'::text) AND ((note)::text ~~ '%(USA)%'::text)), (LLVM Optimized)"}]}, {"Node Type": "Index Scan", "Parent Relationship": "Inner", "Scan Direction": "Forward", "Index Name": "title_pkey", "Relation Name": "title", "Alias": "t", "Startup Cost": 0.0, "Total Cost": 0.69, "Plan Rows": 1, "Plan Width": 21, "Index Cond": "(id = mc.movie_id)", "Filter": "(production_year > 1990)"}]}, {"Node Type": "Index Scan", "Parent Relationship": "Inner", "Scan Direction": "Forward", "Index Name": "movie_id_movie_info", "Relation Name": "movie_info", "Alias": "mi", "Startup Cost": 0.0, "Total Cost": 0.88, "Plan Rows": 1, "Plan Width": 8, "Index Cond": "(movie_id = t.id)", "Filter": "((info)::text = ANY ('{Sweden,Norway,Germany,Denmark,Swedish,Denish,Norwegian,German,USA,American}'::text[]))"}]}, {"Node Type": "Index Scan", "Parent Relationship": "Inner", "Scan Direction": "Forward", "Index Name": "info_type_pkey", "Relation Name": "info_type", "Alias": "it", "Startup Cost": 0.0, "Total Cost": 0.27, "Plan Rows": 1, "Plan Width": 4, "Index Cond": "(id = mi.info_type_id)"}]}]}, "Unique SQL Id": 322094867}, "explain_analyze_plan": {"Plan": {"Node Type": "Aggregate", "Strategy": "Plain", "Startup Cost": 560989.43, "Total Cost": 560989.44, "Plan Rows": 1, "Plan Width": 49, "Actual Startup Time": 748.589, "Actual Total Time": 748.59, "Actual Rows": 1, "Actual Loops": 1, "Plans": [{"Node Type": "Nested Loop", "Parent Relationship": "Outer", "Join Type": "Inner", "Startup Cost": 0.0, "Total Cost": 560161.81, "Plan Rows": 331050, "Plan Width": 17, "Actual Startup Time": 8.727, "Actual Total Time": 748.054, "Actual Rows": 669, "Actual Loops": 1, "Inner Unique": true, "Plans": [{"Node Type": "Nested Loop", "Parent Relationship": "Outer", "Join Type": "Inner", "Startup Cost": 0.0, "Total Cost": 467462.34, "Plan Rows": 331050, "Plan Width": 21, "Actual Startup Time": 8.72, "Actual Total Time": 746.191, "Actual Rows": 669, "Actual Loops": 1, "Inner Unique": false, "Plans": [{"Node Type": "Nested Loop", "Parent Relationship": "Outer", "Join Type": "Inner", "Startup Cost": 0.0, "Total Cost": 208944.27, "Plan Rows": 289936, "Plan Width": 25, "Actual Startup Time": 8.702, "Actual Total Time": 719.534, "Actual Rows": 767, "Actual Loops": 1, "Inner Unique": true, "Plans": [{"Node Type": "Nested Loop", "Parent Relationship": "Outer", "Join Type": "Inner", "Startup Cost": 0.0, "Total Cost": 61745.44, "Plan Rows": 209278, "Plan Width": 4, "Actual Startup Time": 8.68, "Actual Total Time": 712.35, "Actual Rows": 798, "Actual Loops": 1, "Inner Unique": false, "Plans": [{"Node Type": "Index Scan", "Parent Relationship": "Outer", "Scan Direction": "Forward", "Index Name": "company_type_pkey", "Relation Name": "company_type", "Alias": "ct", "Startup Cost": 0.0, "Total Cost": 12.3, "Plan Rows": 1, "Plan Width": 4, "Actual Startup Time": 0.021, "Actual Total Time": 0.03, "Actual Rows": 1, "Actual Loops": 1, "Filter": "((kind)::text = 'production companies'::text)", "Rows Removed by Filter": 2}, {"Node Type": "Index Scan", "Parent Relationship": "Inner", "Scan Direction": "Forward", "Index Name": "company_type_id_movie_companies", "Relation Name": "movie_companies", "Alias": "mc", "Startup Cost": 0.0, "Total Cost": 59640.35, "Plan Rows": 209279, "Plan Width": 8, "Actual Startup Time": 8.654, "Actual Total Time": 712.084, "Actual Rows": 798, "Actual Loops": 1, "Index Cond": "(company_type_id = ct.id), (LLVM Optimized, Jit Execute)", "Rows Removed by Index Recheck": 0, "Filter": "(((note)::text !~~ '%(TV)%'::text) AND ((note)::text ~~ '%(USA)%'::text)), (LLVM Optimized, Jit Execute)", "Rows Removed by Filter": 1334085}]}, {"Node Type": "Index Scan", "Parent Relationship": "Inner", "Scan Direction": "Forward", "Index Name": "title_pkey", "Relation Name": "title", "Alias": "t", "Startup Cost": 0.0, "Total Cost": 0.69, "Plan Rows": 1, "Plan Width": 21, "Actual Startup Time": 6.315, "Actual Total Time": 6.315, "Actual Rows": 767, "Actual Loops": 798, "Index Cond": "(id = mc.movie_id)", "Rows Removed by Index Recheck": 0, "Filter": "(production_year > 1990)", "Rows Removed by Filter": 31}]}, {"Node Type": "Index Scan", "Parent Relationship": "Inner", "Scan Direction": "Forward", "Index Name": "movie_id_movie_info", "Relation Name": "movie_info", "Alias": "mi", "Startup Cost": 0.0, "Total Cost": 0.88, "Plan Rows": 1, "Plan Width": 8, "Actual Startup Time": 22.914, "Actual Total Time": 25.991, "Actual Rows": 669, "Actual Loops": 767, "Index Cond": "(movie_id = t.id)", "Rows Removed by Index Recheck": 0, "Filter": "((info)::text = ANY ('{Sweden,Norway,Germany,Denmark,Swedish,Denish,Norwegian,German,USA,American}'::text[]))", "Rows Removed by Filter": 7721}]}, {"Node Type": "Index Scan", "Parent Relationship": "Inner", "Scan Direction": "Forward", "Index Name": "info_type_pkey", "Relation Name": "info_type", "Alias": "it", "Startup Cost": 0.0, "Total Cost": 0.27, "Plan Rows": 1, "Plan Width": 4, "Actual Startup Time": 1.201, "Actual Total Time": 1.201, "Actual Rows": 669, "Actual Loops": 669, "Index Cond": "(id = mi.info_type_id)", "Rows Removed by Index Recheck": 0}]}]}, "Triggers": [], "Planner Runtime": 2.91, "Total Runtime": 758.029, "Unique SQL Id": 322094867}}, "(1, 126)": {"explain_plan": {"Plan": {"Node Type": "Aggregate", "Strategy": "Plain", "Startup Cost": 8549638284.8, "Total Cost": 8549638284.81, "Plan Rows": 1, "Plan Width": 49, "Plans": [{"Node Type": "Nested Loop", "Parent Relationship": "Outer", "Join Type": "Inner", "Startup Cost": 0.0, "Total Cost": 8549637457.17, "Plan Rows": 331050, "Plan Width": 17, "Inner Unique": false, "Join Filter": "(mi.movie_id = t.id), (LLVM Optimized)", "Plans": [{"Node Type": "Seq Scan", "Parent Relationship": "Outer", "Relation Name": "title", "Alias": "t", "Startup Cost": 0.0, "Total Cost": 66389.89, "Plan Rows": 1748840, "Plan Width": 21, "Filter": "(production_year > 1990), (LLVM Optimized)"}, {"Node Type": "Materialize", "Parent Relationship": "Inner", "Startup Cost": 0.0, "Total Cost": 2281160731.67, "Plan Rows": 238955, "Plan Width": 8, "Plans": [{"Node Type": "Nested Loop", "Parent Relationship": "Outer", "Join Type": "Inner", "Startup Cost": 0.0, "Total Cost": 2281159536.9, "Plan Rows": 238955, "Plan Width": 8, "Inner Unique": true, "Join Filter": "(mi.info_type_id = it.id), (LLVM Optimized)", "Plans": [{"Node Type": "Nested Loop", "Parent Relationship": "Outer", "Join Type": "Inner", "Startup Cost": 0.0, "Total Cost": 2280758090.1, "Plan Rows": 238955, "Plan Width": 12, "Inner Unique": false, "Join Filter": "(mc.movie_id = mi.movie_id), (LLVM Optimized)", "Plans": [{"Node Type": "Seq Scan", "Parent Relationship": "Outer", "Relation Name": "movie_info", "Alias": "mi", "Startup Cost": 0.0, "Total Cost": 482862.23, "Plan Rows": 726375, "Plan Width": 8, "Filter": "((info)::text = ANY ('{Sweden,Norway,Germany,Denmark,Swedish,Denish,Norwegian,German,USA,American}'::text[]))"}, {"Node Type": "Materialize", "Parent Relationship": "Inner", "Startup Cost": 0.0, "Total Cost": 61142.31, "Plan Rows": 209278, "Plan Width": 4, "Plans": [{"Node Type": "Nested Loop", "Parent Relationship": "Outer", "Join Type": "Inner", "Startup Cost": 0.0, "Total Cost": 60095.92, "Plan Rows": 209278, "Plan Width": 4, "Inner Unique": false, "Join Filter": "(ct.id = mc.company_type_id), (LLVM Optimized)", "Plans": [{"Node Type": "Seq Scan", "Parent Relationship": "Outer", "Relation Name": "company_type", "Alias": "ct", "Startup Cost": 0.0, "Total Cost": 1.04, "Plan Rows": 1, "Plan Width": 4, "Filter": "((kind)::text = 'production companies'::text)"}, {"Node Type": "Seq Scan", "Parent Relationship": "Inner", "Relation Name": "movie_companies", "Alias": "mc", "Startup Cost": 0.0, "Total Cost": 54862.92, "Plan Rows": 418557, "Plan Width": 8, "Filter": "(((note)::text !~~ '%(TV)%'::text) AND ((note)::text ~~ '%(USA)%'::text)), (LLVM Optimized)"}]}]}]}, {"Node Type": "Materialize", "Parent Relationship": "Inner", "Startup Cost": 0.0, "Total Cost": 2.68, "Plan Rows": 112, "Plan Width": 4, "Plans": [{"Node Type": "Seq Scan", "Parent Relationship": "Outer", "Relation Name": "info_type", "Alias": "it", "Startup Cost": 0.0, "Total Cost": 2.12, "Plan Rows": 112, "Plan Width": 4}]}]}]}]}]}, "Unique SQL Id": 322094867}, "explain_analyze_plan": null}, "(1, 127)": {"explain_plan": {"Plan": {"Node Type": "Aggregate", "Strategy": "Plain", "Startup Cost": 5008697311176.9, "Total Cost": 5008697311176.91, "Plan Rows": 1, "Plan Width": 49, "Plans": [{"Node Type": "Nested Loop", "Parent Relationship": "Outer", "Join Type": "Inner", "Startup Cost": 50000000000.0, "Total Cost": 5008697310349.27, "Plan Rows": 331050, "Plan Width": 17, "Inner Unique": false, "Join Filter": "(mi.movie_id = t.id), (LLVM Optimized)", "Plans": [{"Node Type": "Index Scan", "Parent Relationship": "Outer", "Scan Direction": "Forward", "Index Name": "title_pkey", "Relation Name": "title", "Alias": "t", "Startup Cost": 10000000000.0, "Total Cost": 1000011644126.66, "Plan Rows": 1748840, "Plan Width": 21, "Filter": "(production_year > 1990), (LLVM Optimized)"}, {"Node Type": "Materialize", "Parent Relationship": "Inner", "Startup Cost": 40000000000.0, "Total Cost": 4002417255887.0, "Plan Rows": 238955, "Plan Width": 8, "Plans": [{"Node Type": "Nested Loop", "Parent Relationship": "Outer", "Join Type": "Inner", "Startup Cost": 40000000000.0, "Total Cost": 4002417254692.22, "Plan Rows": 238955, "Plan Width": 8, "Inner Unique": true, "Join Filter": "(mi.info_type_id = it.id), (LLVM Optimized)", "Plans": [{"Node Type": "Nested Loop", "Parent Relationship": "Outer", "Join Type": "Inner", "Startup Cost": 30000000000.0, "Total Cost": 3002416851854.54, "Plan Rows": 238955, "Plan Width": 12, "Inner Unique": false, "Join Filter": "(mc.movie_id = mi.movie_id), (LLVM Optimized)", "Plans": [{"Node Type": "Nested Loop", "Parent Relationship": "Outer", "Join Type": "Inner", "Startup Cost": 20000000000.0, "Total Cost": 2000014364018.74, "Plan Rows": 209278, "Plan Width": 4, "Inner Unique": true, "Join Filter": "(ct.id = mc.company_type_id), (LLVM Optimized)", "Plans": [{"Node Type": "Index Scan", "Parent Relationship": "Outer", "Scan Direction": "Forward", "Index Name": "movie_id_movie_companies", "Relation Name": "movie_companies", "Alias": "mc", "Startup Cost": 10000000000.0, "Total Cost": 1000014356510.13, "Plan Rows": 418557, "Plan Width": 8, "Filter": "(((note)::text !~~ '%(TV)%'::text) AND ((note)::text ~~ '%(USA)%'::text)), (LLVM Optimized)"}, {"Node Type": "Materialize", "Parent Relationship": "Inner", "Startup Cost": 10000000000.0, "Total Cost": 1000000001230.26, "Plan Rows": 1, "Plan Width": 4, "Plans": [{"Node Type": "Index Scan", "Parent Relationship": "Outer", "Scan Direction": "Forward", "Index Name": "company_type_pkey", "Relation Name": "company_type", "Alias": "ct", "Startup Cost": 10000000000.0, "Total Cost": 1000000001230.25, "Plan Rows": 1, "Plan Width": 4, "Filter": "((kind)::text = 'production companies'::text)"}]}]}, {"Node Type": "Materialize", "Parent Relationship": "Inner", "Startup Cost": 10000000000.0, "Total Cost": 1000122275042.99, "Plan Rows": 726375, "Plan Width": 8, "Plans": [{"Node Type": "Index Scan", "Parent Relationship": "Outer", "Scan Direction": "Forward", "Index Name": "info_type_id_movie_info", "Relation Name": "movie_info", "Alias": "mi", "Startup Cost": 10000000000.0, "Total Cost": 1000122271411.12, "Plan Rows": 726375, "Plan Width": 8, "Filter": "((info)::text = ANY ('{Sweden,Norway,Germany,Denmark,Swedish,Denish,Norwegian,German,USA,American}'::text[]))"}]}]}, {"Node Type": "Materialize", "Parent Relationship": "Inner", "Startup Cost": 10000000000.0, "Total Cost": 1000000001393.56, "Plan Rows": 112, "Plan Width": 4, "Plans": [{"Node Type": "Index Scan", "Parent Relationship": "Outer", "Scan Direction": "Forward", "Index Name": "info_type_pkey", "Relation Name": "info_type", "Alias": "it", "Startup Cost": 10000000000.0, "Total Cost": 1000000001393.0, "Plan Rows": 112, "Plan Width": 4}]}]}]}]}]}, "Unique SQL Id": 322094867}, "explain_analyze_plan": null}, "(16, 0)": {"explain_plan": {"Plan": {"Node Type": "Aggregate", "Strategy": "Plain", "Startup Cost": 173651.71, "Total Cost": 173651.72, "Plan Rows": 1, "Plan Width": 49, "Plans": [{"Node Type": "Hash Join", "Parent Relationship": "Outer", "Join Type": "Inner", "Startup Cost": 55861.04, "Total Cost": 172824.08, "Plan Rows": 331050, "Plan Width": 17, "Inner Unique": true, "Hash Cond": "(mi.info_type_id = it.id), (LLVM Optimized)", "Plans": [{"Node Type": "Streaming(type: LOCAL GATHER dop: 1/16)", "Parent Relationship": "Outer", "Startup Cost": 55857.52, "Total Cost": 168268.62, "Plan Rows": 331050, "Plan Width": 21, "Plans": [{"Node Type": "Hash Join", "Parent Relationship": "Outer", "Join Type": "Inner", "Startup Cost": 55857.52, "Total Cost": 161123.89, "Plan Rows": 331050, "Plan Width": 21, "Inner Unique": true, "Hash Cond": "(mi.movie_id = t.id), (LLVM Optimized)", "Plans": [{"Node Type": "Streaming(type: BROADCAST dop: 16/16)", "Parent Relationship": "Outer", "Startup Cost": 35341.87, "Total Cost": 139505.25, "Plan Rows": 3823280, "Plan Width": 12, "Plans": [{"Node Type": "Nested Loop", "Parent Relationship": "Outer", "Join Type": "Inner", "Startup Cost": 35341.87, "Total Cost": 114797.7, "Plan Rows": 238955, "Plan Width": 12, "Inner Unique": false, "Join Filter": "(mc.company_type_id = ct.id), (LLVM Optimized)", "Plans": [{"Node Type": "Streaming(type: BROADCAST dop: 16/1)", "Parent Relationship": "Outer", "Startup Cost": 0.0, "Total Cost": 15001.38, "Plan Rows": 16, "Plan Width": 4, "Plans": [{"Node Type": "Seq Scan", "Parent Relationship": "Outer", "Relation Name": "company_type", "Alias": "ct", "Startup Cost": 0.0, "Total Cost": 1.04, "Plan Rows": 1, "Plan Width": 4, "Filter": "((kind)::text = 'production companies'::text)"}]}, {"Node Type": "Materialize", "Parent Relationship": "Inner", "Startup Cost": 35341.87, "Total Cost": 100617.73, "Plan Rows": 477912, "Plan Width": 16, "Plans": [{"Node Type": "Hash Join", "Parent Relationship": "Outer", "Join Type": "Inner", "Startup Cost": 35341.87, "Total Cost": 99422.95, "Plan Rows": 477912, "Plan Width": 16, "Inner Unique": false, "Hash Cond": "(mi.movie_id = mc.movie_id), (LLVM Optimized)", "Plans": [{"Node Type": "Streaming(type: LOCAL REDISTRIBUTE dop: 16/16)", "Parent Relationship": "Outer", "Startup Cost": 0.0, "Total Cost": 62931.17, "Plan Rows": 726375, "Plan Width": 8, "Plans": [{"Node Type": "Seq Scan", "Parent Relationship": "Outer", "Relation Name": "movie_info", "Alias": "mi", "Startup Cost": 0.0, "Total Cost": 45178.89, "Plan Rows": 726375, "Plan Width": 8, "Filter": "((info)::text = ANY ('{Sweden,Norway,Germany,Denmark,Swedish,Denish,Norwegian,German,USA,American}'::text[]))"}]}, {"Node Type": "Hash", "Parent Relationship": "Inner", "Startup Cost": 35014.87, "Total Cost": 35014.87, "Plan Rows": 418557, "Plan Width": 8, "Plans": [{"Node Type": "Streaming(type: LOCAL REDISTRIBUTE dop: 16/16)", "Parent Relationship": "Outer", "Startup Cost": 0.0, "Total Cost": 35014.87, "Plan Rows": 418557, "Plan Width": 8, "Plans": [{"Node Type": "Seq Scan", "Parent Relationship": "Outer", "Relation Name": "movie_companies", "Alias": "mc", "Startup Cost": 0.0, "Total Cost": 18428.93, "Plan Rows": 418557, "Plan Width": 8, "Filter": "(((note)::text !~~ '%(TV)%'::text) AND ((note)::text ~~ '%(USA)%'::text)), (LLVM Optimized)"}]}]}]}]}]}]}, {"Node Type": "Hash", "Parent Relationship": "Inner", "Startup Cost": 19149.37, "Total Cost": 19149.37, "Plan Rows": 1748840, "Plan Width": 21, "Plans": [{"Node Type": "Seq Scan", "Parent Relationship": "Outer", "Relation Name": "title", "Alias": "t", "Startup Cost": 0.0, "Total Cost": 19149.37, "Plan Rows": 1748840, "Plan Width": 21, "Filter": "(production_year > 1990), (LLVM Optimized)"}]}]}]}, {"Node Type": "Hash", "Parent Relationship": "Inner", "Startup Cost": 2.12, "Total Cost": 2.12, "Plan Rows": 112, "Plan Width": 4, "Plans": [{"Node Type": "Index Only Scan", "Parent Relationship": "Outer", "Scan Direction": "Forward", "Index Name": "info_type_pkey", "Relation Name": "info_type", "Alias": "it", "Startup Cost": 0.0, "Total Cost": 2.12, "Plan Rows": 112, "Plan Width": 4}]}]}]}, "Unique SQL Id": 322094867}, "explain_analyze_plan": {"Plan": {"Node Type": "Aggregate", "Strategy": "Plain", "Startup Cost": 173651.71, "Total Cost": 173651.72, "Plan Rows": 1, "Plan Width": 49, "Actual Min Startup Time": 875.822, "Actual Max Startup Time": 875.822, "Actual Min Total Time": 875.823, "Actual Max Total Time": 875.823, "Actual Total Rows": 1, "Plans": [{"Node Type": "Hash Join", "Parent Relationship": "Outer", "Join Type": "Inner", "Startup Cost": 55861.04, "Total Cost": 172824.08, "Plan Rows": 331050, "Plan Width": 17, "Actual Min Startup Time": 875.195, "Actual Max Startup Time": 875.195, "Actual Min Total Time": 875.609, "Actual Max Total Time": 875.609, "Actual Total Rows": 669, "Inner Unique": true, "Hash Cond": "(mi.info_type_id = it.id), (LLVM Optimized)", "Plans": [{"Node Type": "Streaming(type: LOCAL GATHER dop: 1/16)", "Parent Relationship": "Outer", "Startup Cost": 55857.52, "Total Cost": 168268.62, "Plan Rows": 331050, "Plan Width": 21, "Actual Min Startup Time": 875.014, "Actual Max Startup Time": 875.014, "Actual Min Total Time": 875.185, "Actual Max Total Time": 875.185, "Actual Total Rows": 669, "Plans": [{"Node Type": "Hash Join", "Parent Relationship": "Outer", "Join Type": "Inner", "Startup Cost": 55857.52, "Total Cost": 161123.89, "Plan Rows": 331050, "Plan Width": 21, "Actual Min Startup Time": 696.401, "Actual Max Startup Time": 736.579, "Actual Min Total Time": 696.864, "Actual Max Total Time": 737.053, "Actual Total Rows": 669, "Inner Unique": true, "Hash Cond": "(mi.movie_id = t.id), (LLVM Optimized)", "Plans": [{"Node Type": "Streaming(type: BROADCAST dop: 16/16)", "Parent Relationship": "Outer", "Startup Cost": 35341.87, "Total Cost": 139505.25, "Plan Rows": 3823280, "Plan Width": 12, "Actual Min Startup Time": 594.04, "Actual Max Startup Time": 640.119, "Actual Min Total Time": 594.258, "Actual Max Total Time": 640.329, "Actual Total Rows": 11056, "Plans": [{"Node Type": "Nested Loop", "Parent Relationship": "Outer", "Join Type": "Inner", "Startup Cost": 35341.87, "Total Cost": 114797.7, "Plan Rows": 238955, "Plan Width": 12, "Actual Min Startup Time": 690.01, "Actual Max Startup Time": 751.468, "Actual Min Total Time": 695.844, "Actual Max Total Time": 756.362, "Actual Total Rows": 691, "Inner Unique": false, "Join Filter": "(mc.company_type_id = ct.id), (LLVM Optimized)", "Rows Removed by Join Filter": 294235, "Plans": [{"Node Type": "Streaming(type: BROADCAST dop: 16/1)", "Parent Relationship": "Outer", "Startup Cost": 0.0, "Total Cost": 15001.38, "Plan Rows": 16, "Plan Width": 4, "Actual Min Startup Time": 0.003, "Actual Max Startup Time": 0.007, "Actual Min Total Time": 0.003, "Actual Max Total Time": 0.008, "Actual Total Rows": 16, "Plans": [{"Node Type": "Seq Scan", "Parent Relationship": "Outer", "Relation Name": "company_type", "Alias": "ct", "Startup Cost": 0.0, "Total Cost": 1.04, "Plan Rows": 1, "Plan Width": 4, "Actual Min Startup Time": 0.019, "Actual Max Startup Time": 0.019, "Actual Min Total Time": 0.021, "Actual Max Total Time": 0.021, "Actual Total Rows": 1, "Filter": "((kind)::text = 'production companies'::text)", "Rows Removed by Filter": 2}]}, {"Node Type": "Materialize", "Parent Relationship": "Inner", "Startup Cost": 35341.87, "Total Cost": 100617.73, "Plan Rows": 477912, "Plan Width": 16, "Actual Min Startup Time": 689.593, "Actual Max Startup Time": 749.972, "Actual Min Total Time": 691.904, "Actual Max Total Time": 752.252, "Actual Total Rows": 294942, "Plans": [{"Node Type": "Hash Join", "Parent Relationship": "Outer", "Join Type": "Inner", "Startup Cost": 35341.87, "Total Cost": 99422.95, "Plan Rows": 477912, "Plan Width": 16, "Actual Min Startup Time": 91.909, "Actual Max Startup Time": 152.56, "Actual Min Total Time": 685.313, "Actual Max Total Time": 745.926, "Actual Total Rows": 294926, "Inner Unique": false, "Hash Cond": "(mi.movie_id = mc.movie_id), (LLVM Optimized)", "Plans": [{"Node Type": "Streaming(type: LOCAL REDISTRIBUTE dop: 16/16)", "Parent Relationship": "Outer", "Startup Cost": 0.0, "Total Cost": 62931.17, "Plan Rows": 726375, "Plan Width": 8, "Actual Min Startup Time": 0.064, "Actual Max Startup Time": 0.587, "Actual Min Total Time": 578.176, "Actual Max Total Time": 579.178, "Actual Total Rows": 706674, "Plans": [{"Node Type": "Seq Scan", "Parent Relationship": "Outer", "Relation Name": "movie_info", "Alias": "mi", "Startup Cost": 0.0, "Total Cost": 45178.89, "Plan Rows": 726375, "Plan Width": 8, "Actual Min Startup Time": 0.042, "Actual Max Startup Time": 3.369, "Actual Min Total Time": 508.498, "Actual Max Total Time": 546.641, "Actual Total Rows": 706674, "Filter": "((info)::text = ANY ('{Sweden,Norway,Germany,Denmark,Swedish,Denish,Norwegian,German,USA,American}'::text[]))", "Rows Removed by Filter": 14129045}]}, {"Node Type": "Hash", "Parent Relationship": "Inner", "Startup Cost": 35014.87, "Total Cost": 35014.87, "Plan Rows": 418557, "Plan Width": 8, "Actual Min Startup Time": 91.753, "Actual Max Startup Time": 152.136, "Actual Min Total Time": 91.753, "Actual Max Total Time": 152.136, "Actual Total Rows": 295628, "Max Hash Buckets": 32768, "Min Hash Buckets": 32768, "Max Hash Batches": 1, "Min Hash Batches": 1, "Max Original Hash Batches": 1, "Min Original Hash Batches": 1, "Max Peak Memory Usage": 722, "min Peak Memory Usage": 722, "Plans": [{"Node Type": "Streaming(type: LOCAL REDISTRIBUTE dop: 16/16)", "Parent Relationship": "Outer", "Startup Cost": 0.0, "Total Cost": 35014.87, "Plan Rows": 418557, "Plan Width": 8, "Actual Min Startup Time": 0.057, "Actual Max Startup Time": 57.89, "Actual Min Total Time": 86.982, "Actual Max Total Time": 147.517, "Actual Total Rows": 295628, "Plans": [{"Node Type": "Seq Scan", "Parent Relationship": "Outer", "Relation Name": "movie_companies", "Alias": "mc", "Startup Cost": 0.0, "Total Cost": 18428.93, "Plan Rows": 418557, "Plan Width": 8, "Actual Min Startup Time": 0.041, "Actual Max Startup Time": 0.3, "Actual Min Total Time": 71.008, "Actual Max Total Time": 78.719, "Actual Total Rows": 295628, "Filter": "(((note)::text !~~ '%(TV)%'::text) AND ((note)::text ~~ '%(USA)%'::text)), (LLVM Optimized)", "Rows Removed by Filter": 2313500}]}]}]}]}]}]}, {"Node Type": "Hash", "Parent Relationship": "Inner", "Startup Cost": 19149.37, "Total Cost": 19149.37, "Plan Rows": 1748840, "Plan Width": 21, "Actual Min Startup Time": 95.598, "Actual Max Startup Time": 102.305, "Actual Min Total Time": 95.598, "Actual Max Total Time": 102.305, "Actual Total Rows": 1749032, "Max Hash Buckets": 131072, "Min Hash Buckets": 131072, "Max Hash Batches": 1, "Min Hash Batches": 1, "Max Original Hash Batches": 1, "Min Original Hash Batches": 1, "Max Peak Memory Usage": 5962, "min Peak Memory Usage": 5962, "Plans": [{"Node Type": "Seq Scan", "Parent Relationship": "Outer", "Relation Name": "title", "Alias": "t", "Startup Cost": 0.0, "Total Cost": 19149.37, "Plan Rows": 1748840, "Plan Width": 21, "Actual Min Startup Time": 0.025, "Actual Max Startup Time": 0.035, "Actual Min Total Time": 63.718, "Actual Max Total Time": 66.991, "Actual Total Rows": 1749032, "Filter": "(production_year > 1990), (LLVM Optimized)", "Rows Removed by Filter": 779279}]}]}]}, {"Node Type": "Hash", "Parent Relationship": "Inner", "Startup Cost": 2.12, "Total Cost": 2.12, "Plan Rows": 112, "Plan Width": 4, "Actual Min Startup Time": 0.104, "Actual Max Startup Time": 0.104, "Actual Min Total Time": 0.104, "Actual Max Total Time": 0.104, "Actual Total Rows": 112, "Max Hash Buckets": 32768, "Min Hash Buckets": 32768, "Max Hash Batches": 1, "Min Hash Batches": 1, "Max Original Hash Batches": 1, "Min Original Hash Batches": 1, "Max Peak Memory Usage": 4, "min Peak Memory Usage": 4, "Plans": [{"Node Type": "Index Only Scan", "Parent Relationship": "Outer", "Scan Direction": "Forward", "Index Name": "info_type_pkey", "Relation Name": "info_type", "Alias": "it", "Startup Cost": 0.0, "Total Cost": 2.12, "Plan Rows": 112, "Plan Width": 4, "Actual Min Startup Time": 0.028, "Actual Max Startup Time": 0.028, "Actual Min Total Time": 0.045, "Actual Max Total Time": 0.045, "Actual Total Rows": 112, "Heap Fetches": 0}]}]}]}, "Triggers": [], "Planner Runtime": 24.762, "Total Runtime": 899.027, "Unique SQL Id": 322094867}}, "(16, 1)": {"explain_plan": {"Plan": {"Node Type": "Aggregate", "Strategy": "Plain", "Startup Cost": 504513.46, "Total Cost": 504513.47, "Plan Rows": 1, "Plan Width": 49, "Plans": [{"Node Type": "Hash Join", "Parent Relationship": "Outer", "Join Type": "Inner", "Startup Cost": 115753.9, "Total Cost": 503685.84, "Plan Rows": 331050, "Plan Width": 17, "Inner Unique": true, "Hash Cond": "(mi.info_type_id = it.id), (LLVM Optimized)", "Plans": [{"Node Type": "Nested Loop", "Parent Relationship": "Outer", "Join Type": "Inner", "Startup Cost": 115742.57, "Total Cost": 499304.65, "Plan Rows": 331050, "Plan Width": 21, "Inner Unique": false, "Plans": [{"Node Type": "Merge Join", "Parent Relationship": "Outer", "Join Type": "Inner", "Startup Cost": 115742.57, "Total Cost": 240786.57, "Plan Rows": 289936, "Plan Width": 25, "Inner Unique": false, "Merge Cond": "(t.id = mc.movie_id)", "Plans": [{"Node Type": "Index Scan", "Parent Relationship": "Outer", "Scan Direction": "Forward", "Index Name": "title_pkey", "Relation Name": "title", "Alias": "t", "Startup Cost": 0.0, "Total Cost": 116441.27, "Plan Rows": 1748840, "Plan Width": 21, "Filter": "(production_year > 1990), (LLVM Optimized)"}, {"Node Type": "Sort", "Parent Relationship": "Inner", "Startup Cost": 115739.95, "Total Cost": 116263.14, "Plan Rows": 209278, "Plan Width": 4, "Sort Key": ["mc.movie_id"], "Plans": [{"Node Type": "Hash Join", "Parent Relationship": "Outer", "Join Type": "Inner", "Startup Cost": 12.31, "Total Cost": 97244.94, "Plan Rows": 209278, "Plan Width": 4, "Inner Unique": true, "Hash Cond": "(mc.company_type_id = ct.id), (LLVM Optimized)", "Plans": [{"Node Type": "Streaming(type: LOCAL GATHER dop: 1/16)", "Parent Relationship": "Outer", "Startup Cost": 0.0, "Total Cost": 93570.26, "Plan Rows": 418557, "Plan Width": 8, "Plans": [{"Node Type": "Index Scan", "Parent Relationship": "Outer", "Scan Direction": "Forward", "Index Name": "company_type_id_movie_companies", "Relation Name": "movie_companies", "Alias": "mc", "Startup Cost": 0.0, "Total Cost": 84536.95, "Plan Rows": 418557, "Plan Width": 8, "Filter": "(((note)::text !~~ '%(TV)%'::text) AND ((note)::text ~~ '%(USA)%'::text)), (LLVM Optimized)"}]}, {"Node Type": "Hash", "Parent Relationship": "Inner", "Startup Cost": 12.3, "Total Cost": 12.3, "Plan Rows": 1, "Plan Width": 4, "Plans": [{"Node Type": "Index Scan", "Parent Relationship": "Outer", "Scan Direction": "Forward", "Index Name": "company_type_pkey", "Relation Name": "company_type", "Alias": "ct", "Startup Cost": 0.0, "Total Cost": 12.3, "Plan Rows": 1, "Plan Width": 4, "Filter": "((kind)::text = 'production companies'::text)"}]}]}]}]}, {"Node Type": "Index Scan", "Parent Relationship": "Inner", "Scan Direction": "Forward", "Index Name": "movie_id_movie_info", "Relation Name": "movie_info", "Alias": "mi", "Startup Cost": 0.0, "Total Cost": 0.88, "Plan Rows": 1, "Plan Width": 8, "Index Cond": "(movie_id = t.id)", "Filter": "((info)::text = ANY ('{Sweden,Norway,Germany,Denmark,Swedish,Denish,Norwegian,German,USA,American}'::text[]))"}]}, {"Node Type": "Hash", "Parent Relationship": "Inner", "Startup Cost": 9.93, "Total Cost": 9.93, "Plan Rows": 112, "Plan Width": 4, "Plans": [{"Node Type": "Index Only Scan", "Parent Relationship": "Outer", "Scan Direction": "Forward", "Index Name": "info_type_pkey", "Relation Name": "info_type", "Alias": "it", "Startup Cost": 0.0, "Total Cost": 9.93, "Plan Rows": 112, "Plan Width": 4}]}]}]}, "Unique SQL Id": 322094867}, "explain_analyze_plan": null}, "(16, 2)": {"explain_plan": {"Plan": {"Node Type": "Aggregate", "Strategy": "Plain", "Startup Cost": 173651.71, "Total Cost": 173651.72, "Plan Rows": 1, "Plan Width": 49, "Plans": [{"Node Type": "Hash Join", "Parent Relationship": "Outer", "Join Type": "Inner", "Startup Cost": 55861.04, "Total Cost": 172824.08, "Plan Rows": 331050, "Plan Width": 17, "Inner Unique": true, "Hash Cond": "(mi.info_type_id = it.id), (LLVM Optimized)", "Plans": [{"Node Type": "Streaming(type: LOCAL GATHER dop: 1/16)", "Parent Relationship": "Outer", "Startup Cost": 55857.52, "Total Cost": 168268.62, "Plan Rows": 331050, "Plan Width": 21, "Plans": [{"Node Type": "Hash Join", "Parent Relationship": "Outer", "Join Type": "Inner", "Startup Cost": 55857.52, "Total Cost": 161123.89, "Plan Rows": 331050, "Plan Width": 21, "Inner Unique": true, "Hash Cond": "(mi.movie_id = t.id), (LLVM Optimized)", "Plans": [{"Node Type": "Streaming(type: BROADCAST dop: 16/16)", "Parent Relationship": "Outer", "Startup Cost": 35341.87, "Total Cost": 139505.25, "Plan Rows": 3823280, "Plan Width": 12, "Plans": [{"Node Type": "Nested Loop", "Parent Relationship": "Outer", "Join Type": "Inner", "Startup Cost": 35341.87, "Total Cost": 114797.7, "Plan Rows": 238955, "Plan Width": 12, "Inner Unique": false, "Join Filter": "(mc.company_type_id = ct.id), (LLVM Optimized)", "Plans": [{"Node Type": "Streaming(type: BROADCAST dop: 16/1)", "Parent Relationship": "Outer", "Startup Cost": 0.0, "Total Cost": 15001.38, "Plan Rows": 16, "Plan Width": 4, "Plans": [{"Node Type": "Seq Scan", "Parent Relationship": "Outer", "Relation Name": "company_type", "Alias": "ct", "Startup Cost": 0.0, "Total Cost": 1.04, "Plan Rows": 1, "Plan Width": 4, "Filter": "((kind)::text = 'production companies'::text)"}]}, {"Node Type": "Materialize", "Parent Relationship": "Inner", "Startup Cost": 35341.87, "Total Cost": 100617.73, "Plan Rows": 477912, "Plan Width": 16, "Plans": [{"Node Type": "Hash Join", "Parent Relationship": "Outer", "Join Type": "Inner", "Startup Cost": 35341.87, "Total Cost": 99422.95, "Plan Rows": 477912, "Plan Width": 16, "Inner Unique": false, "Hash Cond": "(mi.movie_id = mc.movie_id), (LLVM Optimized)", "Plans": [{"Node Type": "Streaming(type: LOCAL REDISTRIBUTE dop: 16/16)", "Parent Relationship": "Outer", "Startup Cost": 0.0, "Total Cost": 62931.17, "Plan Rows": 726375, "Plan Width": 8, "Plans": [{"Node Type": "Seq Scan", "Parent Relationship": "Outer", "Relation Name": "movie_info", "Alias": "mi", "Startup Cost": 0.0, "Total Cost": 45178.89, "Plan Rows": 726375, "Plan Width": 8, "Filter": "((info)::text = ANY ('{Sweden,Norway,Germany,Denmark,Swedish,Denish,Norwegian,German,USA,American}'::text[]))"}]}, {"Node Type": "Hash", "Parent Relationship": "Inner", "Startup Cost": 35014.87, "Total Cost": 35014.87, "Plan Rows": 418557, "Plan Width": 8, "Plans": [{"Node Type": "Streaming(type: LOCAL REDISTRIBUTE dop: 16/16)", "Parent Relationship": "Outer", "Startup Cost": 0.0, "Total Cost": 35014.87, "Plan Rows": 418557, "Plan Width": 8, "Plans": [{"Node Type": "Seq Scan", "Parent Relationship": "Outer", "Relation Name": "movie_companies", "Alias": "mc", "Startup Cost": 0.0, "Total Cost": 18428.93, "Plan Rows": 418557, "Plan Width": 8, "Filter": "(((note)::text !~~ '%(TV)%'::text) AND ((note)::text ~~ '%(USA)%'::text)), (LLVM Optimized)"}]}]}]}]}]}]}, {"Node Type": "Hash", "Parent Relationship": "Inner", "Startup Cost": 19149.37, "Total Cost": 19149.37, "Plan Rows": 1748840, "Plan Width": 21, "Plans": [{"Node Type": "Seq Scan", "Parent Relationship": "Outer", "Relation Name": "title", "Alias": "t", "Startup Cost": 0.0, "Total Cost": 19149.37, "Plan Rows": 1748840, "Plan Width": 21, "Filter": "(production_year > 1990), (LLVM Optimized)"}]}]}]}, {"Node Type": "Hash", "Parent Relationship": "Inner", "Startup Cost": 2.12, "Total Cost": 2.12, "Plan Rows": 112, "Plan Width": 4, "Plans": [{"Node Type": "Seq Scan", "Parent Relationship": "Outer", "Relation Name": "info_type", "Alias": "it", "Startup Cost": 0.0, "Total Cost": 2.12, "Plan Rows": 112, "Plan Width": 4}]}]}]}, "Unique SQL Id": 322094867}, "explain_analyze_plan": {"Plan": {"Node Type": "Aggregate", "Strategy": "Plain", "Startup Cost": 173651.71, "Total Cost": 173651.72, "Plan Rows": 1, "Plan Width": 49, "Actual Min Startup Time": 857.467, "Actual Max Startup Time": 857.467, "Actual Min Total Time": 857.467, "Actual Max Total Time": 857.467, "Actual Total Rows": 1, "Plans": [{"Node Type": "Hash Join", "Parent Relationship": "Outer", "Join Type": "Inner", "Startup Cost": 55861.04, "Total Cost": 172824.08, "Plan Rows": 331050, "Plan Width": 17, "Actual Min Startup Time": 856.698, "Actual Max Startup Time": 856.698, "Actual Min Total Time": 857.261, "Actual Max Total Time": 857.261, "Actual Total Rows": 669, "Inner Unique": true, "Hash Cond": "(mi.info_type_id = it.id), (LLVM Optimized, Jit Execute)", "Plans": [{"Node Type": "Streaming(type: LOCAL GATHER dop: 1/16)", "Parent Relationship": "Outer", "Startup Cost": 55857.52, "Total Cost": 168268.62, "Plan Rows": 331050, "Plan Width": 21, "Actual Min Startup Time": 856.508, "Actual Max Startup Time": 856.508, "Actual Min Total Time": 856.84, "Actual Max Total Time": 856.84, "Actual Total Rows": 669, "Plans": [{"Node Type": "Hash Join", "Parent Relationship": "Outer", "Join Type": "Inner", "Startup Cost": 55857.52, "Total Cost": 161123.89, "Plan Rows": 331050, "Plan Width": 21, "Actual Min Startup Time": 672.46, "Actual Max Startup Time": 727.717, "Actual Min Total Time": 673.159, "Actual Max Total Time": 728.574, "Actual Total Rows": 669, "Inner Unique": true, "Hash Cond": "(mi.movie_id = t.id), (LLVM Optimized, Jit Execute)", "Plans": [{"Node Type": "Streaming(type: BROADCAST dop: 16/16)", "Parent Relationship": "Outer", "Startup Cost": 35341.87, "Total Cost": 139505.25, "Plan Rows": 3823280, "Plan Width": 12, "Actual Min Startup Time": 569.0, "Actual Max Startup Time": 626.908, "Actual Min Total Time": 569.646, "Actual Max Total Time": 627.507, "Actual Total Rows": 11056, "Plans": [{"Node Type": "Nested Loop", "Parent Relationship": "Outer", "Join Type": "Inner", "Startup Cost": 35341.87, "Total Cost": 114797.7, "Plan Rows": 238955, "Plan Width": 12, "Actual Min Startup Time": 666.518, "Actual Max Startup Time": 710.842, "Actual Min Total Time": 672.869, "Actual Max Total Time": 715.244, "Actual Total Rows": 691, "Inner Unique": false, "Join Filter": "(mc.company_type_id = ct.id), (LLVM Optimized, Jit Execute)", "Rows Removed by Join Filter": 294235, "Plans": [{"Node Type": "Streaming(type: BROADCAST dop: 16/1)", "Parent Relationship": "Outer", "Startup Cost": 0.0, "Total Cost": 15001.38, "Plan Rows": 16, "Plan Width": 4, "Actual Min Startup Time": 0.003, "Actual Max Startup Time": 0.005, "Actual Min Total Time": 0.004, "Actual Max Total Time": 0.007, "Actual Total Rows": 16, "Plans": [{"Node Type": "Seq Scan", "Parent Relationship": "Outer", "Relation Name": "company_type", "Alias": "ct", "Startup Cost": 0.0, "Total Cost": 1.04, "Plan Rows": 1, "Plan Width": 4, "Actual Min Startup Time": 0.048, "Actual Max Startup Time": 0.048, "Actual Min Total Time": 0.053, "Actual Max Total Time": 0.053, "Actual Total Rows": 1, "Filter": "((kind)::text = 'production companies'::text)", "Rows Removed by Filter": 2}]}, {"Node Type": "Materialize", "Parent Relationship": "Inner", "Startup Cost": 35341.87, "Total Cost": 100617.73, "Plan Rows": 477912, "Plan Width": 16, "Actual Min Startup Time": 666.288, "Actual Max Startup Time": 710.353, "Actual Min Total Time": 668.757, "Actual Max Total Time": 712.154, "Actual Total Rows": 294942, "Plans": [{"Node Type": "Hash Join", "Parent Relationship": "Outer", "Join Type": "Inner", "Startup Cost": 35341.87, "Total Cost": 99422.95, "Plan Rows": 477912, "Plan Width": 16, "Actual Min Startup Time": 90.453, "Actual Max Startup Time": 134.62, "Actual Min Total Time": 662.302, "Actual Max Total Time": 706.324, "Actual Total Rows": 294926, "Inner Unique": false, "Hash Cond": "(mi.movie_id = mc.movie_id), (LLVM Optimized, Jit Execute)", "Plans": [{"Node Type": "Streaming(type: LOCAL REDISTRIBUTE dop: 16/16)", "Parent Relationship": "Outer", "Startup Cost": 0.0, "Total Cost": 62931.17, "Plan Rows": 726375, "Plan Width": 8, "Actual Min Startup Time": 0.063, "Actual Max Startup Time": 0.5, "Actual Min Total Time": 556.564, "Actual Max Total Time": 557.588, "Actual Total Rows": 706674, "Plans": [{"Node Type": "Seq Scan", "Parent Relationship": "Outer", "Relation Name": "movie_info", "Alias": "mi", "Startup Cost": 0.0, "Total Cost": 45178.89, "Plan Rows": 726375, "Plan Width": 8, "Actual Min Startup Time": 0.043, "Actual Max Startup Time": 3.351, "Actual Min Total Time": 507.151, "Actual Max Total Time": 540.185, "Actual Total Rows": 706674, "Filter": "((info)::text = ANY ('{Sweden,Norway,Germany,Denmark,Swedish,Denish,Norwegian,German,USA,American}'::text[]))", "Rows Removed by Filter": 14129045}]}, {"Node Type": "Hash", "Parent Relationship": "Inner", "Startup Cost": 35014.87, "Total Cost": 35014.87, "Plan Rows": 418557, "Plan Width": 8, "Actual Min Startup Time": 90.095, "Actual Max Startup Time": 134.125, "Actual Min Total Time": 90.095, "Actual Max Total Time": 134.125, "Actual Total Rows": 295628, "Max Hash Buckets": 32768, "Min Hash Buckets": 32768, "Max Hash Batches": 1, "Min Hash Batches": 1, "Max Original Hash Batches": 1, "Min Original Hash Batches": 1, "Max Peak Memory Usage": 722, "min Peak Memory Usage": 722, "Plans": [{"Node Type": "Streaming(type: LOCAL REDISTRIBUTE dop: 16/16)", "Parent Relationship": "Outer", "Startup Cost": 0.0, "Total Cost": 35014.87, "Plan Rows": 418557, "Plan Width": 8, "Actual Min Startup Time": 0.049, "Actual Max Startup Time": 33.207, "Actual Min Total Time": 85.516, "Actual Max Total Time": 129.41, "Actual Total Rows": 295628, "Plans": [{"Node Type": "Seq Scan", "Parent Relationship": "Outer", "Relation Name": "movie_companies", "Alias": "mc", "Startup Cost": 0.0, "Total Cost": 18428.93, "Plan Rows": 418557, "Plan Width": 8, "Actual Min Startup Time": 0.04, "Actual Max Startup Time": 0.31, "Actual Min Total Time": 70.806, "Actual Max Total Time": 78.798, "Actual Total Rows": 295628, "Filter": "(((note)::text !~~ '%(TV)%'::text) AND ((note)::text ~~ '%(USA)%'::text)), (LLVM Optimized, Jit Execute)", "Rows Removed by Filter": 2313500}]}]}]}]}]}]}, {"Node Type": "Hash", "Parent Relationship": "Inner", "Startup Cost": 19149.37, "Total Cost": 19149.37, "Plan Rows": 1748840, "Plan Width": 21, "Actual Min Startup Time": 96.642, "Actual Max Startup Time": 105.087, "Actual Min Total Time": 96.642, "Actual Max Total Time": 105.087, "Actual Total Rows": 1749032, "Max Hash Buckets": 131072, "Min Hash Buckets": 131072, "Max Hash Batches": 1, "Min Hash Batches": 1, "Max Original Hash Batches": 1, "Min Original Hash Batches": 1, "Max Peak Memory Usage": 5962, "min Peak Memory Usage": 5962, "Plans": [{"Node Type": "Seq Scan", "Parent Relationship": "Outer", "Relation Name": "title", "Alias": "t", "Startup Cost": 0.0, "Total Cost": 19149.37, "Plan Rows": 1748840, "Plan Width": 21, "Actual Min Startup Time": 0.022, "Actual Max Startup Time": 0.034, "Actual Min Total Time": 63.648, "Actual Max Total Time": 70.486, "Actual Total Rows": 1749032, "Filter": "(production_year > 1990), (LLVM Optimized, Jit Execute)", "Rows Removed by Filter": 779279}]}]}]}, {"Node Type": "Hash", "Parent Relationship": "Inner", "Startup Cost": 2.12, "Total Cost": 2.12, "Plan Rows": 112, "Plan Width": 4, "Actual Min Startup Time": 0.123, "Actual Max Startup Time": 0.123, "Actual Min Total Time": 0.123, "Actual Max Total Time": 0.123, "Actual Total Rows": 112, "Max Hash Buckets": 32768, "Min Hash Buckets": 32768, "Max Hash Batches": 1, "Min Hash Batches": 1, "Max Original Hash Batches": 1, "Min Original Hash Batches": 1, "Max Peak Memory Usage": 4, "min Peak Memory Usage": 4, "Plans": [{"Node Type": "Seq Scan", "Parent Relationship": "Outer", "Relation Name": "info_type", "Alias": "it", "Startup Cost": 0.0, "Total Cost": 2.12, "Plan Rows": 112, "Plan Width": 4, "Actual Min Startup Time": 0.052, "Actual Max Startup Time": 0.052, "Actual Min Total Time": 0.069, "Actual Max Total Time": 0.069, "Actual Total Rows": 112}]}]}]}, "Triggers": [], "Planner Runtime": 25.775, "Total Runtime": 880.179, "Unique SQL Id": 322094867}}, "(16, 3)": {"explain_plan": {"Plan": {"Node Type": "Aggregate", "Strategy": "Plain", "Startup Cost": 1009784.61, "Total Cost": 1009784.62, "Plan Rows": 1, "Plan Width": 49, "Plans": [{"Node Type": "Hash Join", "Parent Relationship": "Outer", "Join Type": "Inner", "Startup Cost": 517150.55, "Total Cost": 1008956.99, "Plan Rows": 331050, "Plan Width": 17, "Inner Unique": true, "Hash Cond": "(mi.info_type_id = it.id), (LLVM Optimized)", "Plans": [{"Node Type": "Hash Join", "Parent Relationship": "Outer", "Join Type": "Inner", "Startup Cost": 517135.19, "Total Cost": 1004389.69, "Plan Rows": 331050, "Plan Width": 21, "Inner Unique": false, "Hash Cond": "(mi.movie_id = t.id), (LLVM Optimized)", "Plans": [{"Node Type": "Bitmap Heap Scan", "Parent Relationship": "Outer", "Relation Name": "movie_info", "Alias": "mi", "Startup Cost": 301827.67, "Total Cost": 784689.91, "Plan Rows": 726375, "Plan Width": 8, "Filter": "((info)::text = ANY ('{Sweden,Norway,Germany,Denmark,Swedish,Denish,Norwegian,German,USA,American}'::text[]))", "Plans": [{"Node Type": "Bitmap Index Scan", "Parent Relationship": "Outer", "Index Name": "movie_id_movie_info", "Startup Cost": 0.0, "Total Cost": 301646.08, "Plan Rows": 14869966, "Plan Width": 0}]}, {"Node Type": "Hash", "Parent Relationship": "Inner", "Startup Cost": 211683.32, "Total Cost": 211683.32, "Plan Rows": 289936, "Plan Width": 25, "Plans": [{"Node Type": "Hash Join", "Parent Relationship": "Outer", "Join Type": "Inner", "Startup Cost": 167346.47, "Total Cost": 211683.32, "Plan Rows": 289936, "Plan Width": 25, "Inner Unique": true, "Hash Cond": "(mc.movie_id = t.id), (LLVM Optimized)", "Plans": [{"Node Type": "Nested Loop", "Parent Relationship": "Outer", "Join Type": "Inner", "Startup Cost": 29005.06, "Total Cost": 69657.76, "Plan Rows": 209278, "Plan Width": 4, "Inner Unique": false, "Plans": [{"Node Type": "Bitmap Heap Scan", "Parent Relationship": "Outer", "Relation Name": "company_type", "Alias": "ct", "Startup Cost": 8.27, "Total Cost": 12.3, "Plan Rows": 1, "Plan Width": 4, "Filter": "((kind)::text = 'production companies'::text)", "Plans": [{"Node Type": "Bitmap Index Scan", "Parent Relationship": "Outer", "Index Name": "company_type_pkey", "Startup Cost": 0.0, "Total Cost": 8.27, "Plan Rows": 3, "Plan Width": 0}]}, {"Node Type": "Bitmap Heap Scan", "Parent Relationship": "Inner", "Relation Name": "movie_companies", "Alias": "mc", "Startup Cost": 28996.8, "Total Cost": 67552.67, "Plan Rows": 209279, "Plan Width": 8, "Recheck Cond": "(company_type_id = ct.id), (LLVM Optimized)", "Filter": "(((note)::text !~~ '%(TV)%'::text) AND ((note)::text ~~ '%(USA)%'::text)), (LLVM Optimized)", "Plans": [{"Node Type": "Bitmap Index Scan", "Parent Relationship": "Outer", "Index Name": "company_type_id_movie_companies", "Startup Cost": 0.0, "Total Cost": 28944.48, "Plan Rows": 1304564, "Plan Width": 0, "Index Cond": "(company_type_id = ct.id)"}]}]}, {"Node Type": "Hash", "Parent Relationship": "Inner", "Startup Cost": 116480.9, "Total Cost": 116480.9, "Plan Rows": 1748840, "Plan Width": 21, "Plans": [{"Node Type": "Bitmap Heap Scan", "Parent Relationship": "Outer", "Relation Name": "title", "Alias": "t", "Startup Cost": 50091.01, "Total Cost": 116480.9, "Plan Rows": 1748840, "Plan Width": 21, "Filter": "(production_year > 1990), (LLVM Optimized)", "Plans": [{"Node Type": "Bitmap Index Scan", "Parent Relationship": "Outer", "Index Name": "title_pkey", "Startup Cost": 0.0, "Total Cost": 49653.81, "Plan Rows": 2528311, "Plan Width": 0}]}]}]}]}]}, {"Node Type": "Hash", "Parent Relationship": "Inner", "Startup Cost": 13.96, "Total Cost": 13.96, "Plan Rows": 112, "Plan Width": 4, "Plans": [{"Node Type": "Bitmap Heap Scan", "Parent Relationship": "Outer", "Relation Name": "info_type", "Alias": "it", "Startup Cost": 8.84, "Total Cost": 13.96, "Plan Rows": 112, "Plan Width": 4, "Plans": [{"Node Type": "Bitmap Index Scan", "Parent Relationship": "Outer", "Index Name": "info_type_pkey", "Startup Cost": 0.0, "Total Cost": 8.81, "Plan Rows": 112, "Plan Width": 0}]}]}]}]}, "Unique SQL Id": 322094867}, "explain_analyze_plan": null}, "(16, 4)": {"explain_plan": {"Plan": {"Node Type": "Aggregate", "Strategy": "Plain", "Startup Cost": 173651.71, "Total Cost": 173651.72, "Plan Rows": 1, "Plan Width": 49, "Plans": [{"Node Type": "Hash Join", "Parent Relationship": "Outer", "Join Type": "Inner", "Startup Cost": 55861.04, "Total Cost": 172824.08, "Plan Rows": 331050, "Plan Width": 17, "Inner Unique": true, "Hash Cond": "(mi.info_type_id = it.id), (LLVM Optimized)", "Plans": [{"Node Type": "Streaming(type: LOCAL GATHER dop: 1/16)", "Parent Relationship": "Outer", "Startup Cost": 55857.52, "Total Cost": 168268.62, "Plan Rows": 331050, "Plan Width": 21, "Plans": [{"Node Type": "Hash Join", "Parent Relationship": "Outer", "Join Type": "Inner", "Startup Cost": 55857.52, "Total Cost": 161123.89, "Plan Rows": 331050, "Plan Width": 21, "Inner Unique": true, "Hash Cond": "(mi.movie_id = t.id), (LLVM Optimized)", "Plans": [{"Node Type": "Streaming(type: BROADCAST dop: 16/16)", "Parent Relationship": "Outer", "Startup Cost": 35341.87, "Total Cost": 139505.25, "Plan Rows": 3823280, "Plan Width": 12, "Plans": [{"Node Type": "Nested Loop", "Parent Relationship": "Outer", "Join Type": "Inner", "Startup Cost": 35341.87, "Total Cost": 114797.7, "Plan Rows": 238955, "Plan Width": 12, "Inner Unique": false, "Join Filter": "(mc.company_type_id = ct.id), (LLVM Optimized)", "Plans": [{"Node Type": "Streaming(type: BROADCAST dop: 16/1)", "Parent Relationship": "Outer", "Startup Cost": 0.0, "Total Cost": 15001.38, "Plan Rows": 16, "Plan Width": 4, "Plans": [{"Node Type": "Seq Scan", "Parent Relationship": "Outer", "Relation Name": "company_type", "Alias": "ct", "Startup Cost": 0.0, "Total Cost": 1.04, "Plan Rows": 1, "Plan Width": 4, "Filter": "((kind)::text = 'production companies'::text)"}]}, {"Node Type": "Materialize", "Parent Relationship": "Inner", "Startup Cost": 35341.87, "Total Cost": 100617.73, "Plan Rows": 477912, "Plan Width": 16, "Plans": [{"Node Type": "Hash Join", "Parent Relationship": "Outer", "Join Type": "Inner", "Startup Cost": 35341.87, "Total Cost": 99422.95, "Plan Rows": 477912, "Plan Width": 16, "Inner Unique": false, "Hash Cond": "(mi.movie_id = mc.movie_id), (LLVM Optimized)", "Plans": [{"Node Type": "Streaming(type: LOCAL REDISTRIBUTE dop: 16/16)", "Parent Relationship": "Outer", "Startup Cost": 0.0, "Total Cost": 62931.17, "Plan Rows": 726375, "Plan Width": 8, "Plans": [{"Node Type": "Seq Scan", "Parent Relationship": "Outer", "Relation Name": "movie_info", "Alias": "mi", "Startup Cost": 0.0, "Total Cost": 45178.89, "Plan Rows": 726375, "Plan Width": 8, "Filter": "((info)::text = ANY ('{Sweden,Norway,Germany,Denmark,Swedish,Denish,Norwegian,German,USA,American}'::text[]))"}]}, {"Node Type": "Hash", "Parent Relationship": "Inner", "Startup Cost": 35014.87, "Total Cost": 35014.87, "Plan Rows": 418557, "Plan Width": 8, "Plans": [{"Node Type": "Streaming(type: LOCAL REDISTRIBUTE dop: 16/16)", "Parent Relationship": "Outer", "Startup Cost": 0.0, "Total Cost": 35014.87, "Plan Rows": 418557, "Plan Width": 8, "Plans": [{"Node Type": "Seq Scan", "Parent Relationship": "Outer", "Relation Name": "movie_companies", "Alias": "mc", "Startup Cost": 0.0, "Total Cost": 18428.93, "Plan Rows": 418557, "Plan Width": 8, "Filter": "(((note)::text !~~ '%(TV)%'::text) AND ((note)::text ~~ '%(USA)%'::text)), (LLVM Optimized)"}]}]}]}]}]}]}, {"Node Type": "Hash", "Parent Relationship": "Inner", "Startup Cost": 19149.37, "Total Cost": 19149.37, "Plan Rows": 1748840, "Plan Width": 21, "Plans": [{"Node Type": "Seq Scan", "Parent Relationship": "Outer", "Relation Name": "title", "Alias": "t", "Startup Cost": 0.0, "Total Cost": 19149.37, "Plan Rows": 1748840, "Plan Width": 21, "Filter": "(production_year > 1990), (LLVM Optimized)"}]}]}]}, {"Node Type": "Hash", "Parent Relationship": "Inner", "Startup Cost": 2.12, "Total Cost": 2.12, "Plan Rows": 112, "Plan Width": 4, "Plans": [{"Node Type": "Seq Scan", "Parent Relationship": "Outer", "Relation Name": "info_type", "Alias": "it", "Startup Cost": 0.0, "Total Cost": 2.12, "Plan Rows": 112, "Plan Width": 4}]}]}]}, "Unique SQL Id": 322094867}, "explain_analyze_plan": {"Plan": {"Node Type": "Aggregate", "Strategy": "Plain", "Startup Cost": 173651.71, "Total Cost": 173651.72, "Plan Rows": 1, "Plan Width": 49, "Actual Min Startup Time": 857.467, "Actual Max Startup Time": 857.467, "Actual Min Total Time": 857.467, "Actual Max Total Time": 857.467, "Actual Total Rows": 1, "Plans": [{"Node Type": "Hash Join", "Parent Relationship": "Outer", "Join Type": "Inner", "Startup Cost": 55861.04, "Total Cost": 172824.08, "Plan Rows": 331050, "Plan Width": 17, "Actual Min Startup Time": 856.698, "Actual Max Startup Time": 856.698, "Actual Min Total Time": 857.261, "Actual Max Total Time": 857.261, "Actual Total Rows": 669, "Inner Unique": true, "Hash Cond": "(mi.info_type_id = it.id), (LLVM Optimized, Jit Execute)", "Plans": [{"Node Type": "Streaming(type: LOCAL GATHER dop: 1/16)", "Parent Relationship": "Outer", "Startup Cost": 55857.52, "Total Cost": 168268.62, "Plan Rows": 331050, "Plan Width": 21, "Actual Min Startup Time": 856.508, "Actual Max Startup Time": 856.508, "Actual Min Total Time": 856.84, "Actual Max Total Time": 856.84, "Actual Total Rows": 669, "Plans": [{"Node Type": "Hash Join", "Parent Relationship": "Outer", "Join Type": "Inner", "Startup Cost": 55857.52, "Total Cost": 161123.89, "Plan Rows": 331050, "Plan Width": 21, "Actual Min Startup Time": 672.46, "Actual Max Startup Time": 727.717, "Actual Min Total Time": 673.159, "Actual Max Total Time": 728.574, "Actual Total Rows": 669, "Inner Unique": true, "Hash Cond": "(mi.movie_id = t.id), (LLVM Optimized, Jit Execute)", "Plans": [{"Node Type": "Streaming(type: BROADCAST dop: 16/16)", "Parent Relationship": "Outer", "Startup Cost": 35341.87, "Total Cost": 139505.25, "Plan Rows": 3823280, "Plan Width": 12, "Actual Min Startup Time": 569.0, "Actual Max Startup Time": 626.908, "Actual Min Total Time": 569.646, "Actual Max Total Time": 627.507, "Actual Total Rows": 11056, "Plans": [{"Node Type": "Nested Loop", "Parent Relationship": "Outer", "Join Type": "Inner", "Startup Cost": 35341.87, "Total Cost": 114797.7, "Plan Rows": 238955, "Plan Width": 12, "Actual Min Startup Time": 666.518, "Actual Max Startup Time": 710.842, "Actual Min Total Time": 672.869, "Actual Max Total Time": 715.244, "Actual Total Rows": 691, "Inner Unique": false, "Join Filter": "(mc.company_type_id = ct.id), (LLVM Optimized, Jit Execute)", "Rows Removed by Join Filter": 294235, "Plans": [{"Node Type": "Streaming(type: BROADCAST dop: 16/1)", "Parent Relationship": "Outer", "Startup Cost": 0.0, "Total Cost": 15001.38, "Plan Rows": 16, "Plan Width": 4, "Actual Min Startup Time": 0.003, "Actual Max Startup Time": 0.005, "Actual Min Total Time": 0.004, "Actual Max Total Time": 0.007, "Actual Total Rows": 16, "Plans": [{"Node Type": "Seq Scan", "Parent Relationship": "Outer", "Relation Name": "company_type", "Alias": "ct", "Startup Cost": 0.0, "Total Cost": 1.04, "Plan Rows": 1, "Plan Width": 4, "Actual Min Startup Time": 0.048, "Actual Max Startup Time": 0.048, "Actual Min Total Time": 0.053, "Actual Max Total Time": 0.053, "Actual Total Rows": 1, "Filter": "((kind)::text = 'production companies'::text)", "Rows Removed by Filter": 2}]}, {"Node Type": "Materialize", "Parent Relationship": "Inner", "Startup Cost": 35341.87, "Total Cost": 100617.73, "Plan Rows": 477912, "Plan Width": 16, "Actual Min Startup Time": 666.288, "Actual Max Startup Time": 710.353, "Actual Min Total Time": 668.757, "Actual Max Total Time": 712.154, "Actual Total Rows": 294942, "Plans": [{"Node Type": "Hash Join", "Parent Relationship": "Outer", "Join Type": "Inner", "Startup Cost": 35341.87, "Total Cost": 99422.95, "Plan Rows": 477912, "Plan Width": 16, "Actual Min Startup Time": 90.453, "Actual Max Startup Time": 134.62, "Actual Min Total Time": 662.302, "Actual Max Total Time": 706.324, "Actual Total Rows": 294926, "Inner Unique": false, "Hash Cond": "(mi.movie_id = mc.movie_id), (LLVM Optimized, Jit Execute)", "Plans": [{"Node Type": "Streaming(type: LOCAL REDISTRIBUTE dop: 16/16)", "Parent Relationship": "Outer", "Startup Cost": 0.0, "Total Cost": 62931.17, "Plan Rows": 726375, "Plan Width": 8, "Actual Min Startup Time": 0.063, "Actual Max Startup Time": 0.5, "Actual Min Total Time": 556.564, "Actual Max Total Time": 557.588, "Actual Total Rows": 706674, "Plans": [{"Node Type": "Seq Scan", "Parent Relationship": "Outer", "Relation Name": "movie_info", "Alias": "mi", "Startup Cost": 0.0, "Total Cost": 45178.89, "Plan Rows": 726375, "Plan Width": 8, "Actual Min Startup Time": 0.043, "Actual Max Startup Time": 3.351, "Actual Min Total Time": 507.151, "Actual Max Total Time": 540.185, "Actual Total Rows": 706674, "Filter": "((info)::text = ANY ('{Sweden,Norway,Germany,Denmark,Swedish,Denish,Norwegian,German,USA,American}'::text[]))", "Rows Removed by Filter": 14129045}]}, {"Node Type": "Hash", "Parent Relationship": "Inner", "Startup Cost": 35014.87, "Total Cost": 35014.87, "Plan Rows": 418557, "Plan Width": 8, "Actual Min Startup Time": 90.095, "Actual Max Startup Time": 134.125, "Actual Min Total Time": 90.095, "Actual Max Total Time": 134.125, "Actual Total Rows": 295628, "Max Hash Buckets": 32768, "Min Hash Buckets": 32768, "Max Hash Batches": 1, "Min Hash Batches": 1, "Max Original Hash Batches": 1, "Min Original Hash Batches": 1, "Max Peak Memory Usage": 722, "min Peak Memory Usage": 722, "Plans": [{"Node Type": "Streaming(type: LOCAL REDISTRIBUTE dop: 16/16)", "Parent Relationship": "Outer", "Startup Cost": 0.0, "Total Cost": 35014.87, "Plan Rows": 418557, "Plan Width": 8, "Actual Min Startup Time": 0.049, "Actual Max Startup Time": 33.207, "Actual Min Total Time": 85.516, "Actual Max Total Time": 129.41, "Actual Total Rows": 295628, "Plans": [{"Node Type": "Seq Scan", "Parent Relationship": "Outer", "Relation Name": "movie_companies", "Alias": "mc", "Startup Cost": 0.0, "Total Cost": 18428.93, "Plan Rows": 418557, "Plan Width": 8, "Actual Min Startup Time": 0.04, "Actual Max Startup Time": 0.31, "Actual Min Total Time": 70.806, "Actual Max Total Time": 78.798, "Actual Total Rows": 295628, "Filter": "(((note)::text !~~ '%(TV)%'::text) AND ((note)::text ~~ '%(USA)%'::text)), (LLVM Optimized, Jit Execute)", "Rows Removed by Filter": 2313500}]}]}]}]}]}]}, {"Node Type": "Hash", "Parent Relationship": "Inner", "Startup Cost": 19149.37, "Total Cost": 19149.37, "Plan Rows": 1748840, "Plan Width": 21, "Actual Min Startup Time": 96.642, "Actual Max Startup Time": 105.087, "Actual Min Total Time": 96.642, "Actual Max Total Time": 105.087, "Actual Total Rows": 1749032, "Max Hash Buckets": 131072, "Min Hash Buckets": 131072, "Max Hash Batches": 1, "Min Hash Batches": 1, "Max Original Hash Batches": 1, "Min Original Hash Batches": 1, "Max Peak Memory Usage": 5962, "min Peak Memory Usage": 5962, "Plans": [{"Node Type": "Seq Scan", "Parent Relationship": "Outer", "Relation Name": "title", "Alias": "t", "Startup Cost": 0.0, "Total Cost": 19149.37, "Plan Rows": 1748840, "Plan Width": 21, "Actual Min Startup Time": 0.022, "Actual Max Startup Time": 0.034, "Actual Min Total Time": 63.648, "Actual Max Total Time": 70.486, "Actual Total Rows": 1749032, "Filter": "(production_year > 1990), (LLVM Optimized, Jit Execute)", "Rows Removed by Filter": 779279}]}]}]}, {"Node Type": "Hash", "Parent Relationship": "Inner", "Startup Cost": 2.12, "Total Cost": 2.12, "Plan Rows": 112, "Plan Width": 4, "Actual Min Startup Time": 0.123, "Actual Max Startup Time": 0.123, "Actual Min Total Time": 0.123, "Actual Max Total Time": 0.123, "Actual Total Rows": 112, "Max Hash Buckets": 32768, "Min Hash Buckets": 32768, "Max Hash Batches": 1, "Min Hash Batches": 1, "Max Original Hash Batches": 1, "Min Original Hash Batches": 1, "Max Peak Memory Usage": 4, "min Peak Memory Usage": 4, "Plans": [{"Node Type": "Seq Scan", "Parent Relationship": "Outer", "Relation Name": "info_type", "Alias": "it", "Startup Cost": 0.0, "Total Cost": 2.12, "Plan Rows": 112, "Plan Width": 4, "Actual Min Startup Time": 0.052, "Actual Max Startup Time": 0.052, "Actual Min Total Time": 0.069, "Actual Max Total Time": 0.069, "Actual Total Rows": 112}]}]}]}, "Triggers": [], "Planner Runtime": 25.775, "Total Runtime": 880.179, "Unique SQL Id": 322094867}}, "(16, 5)": {"explain_plan": {"Plan": {"Node Type": "Aggregate", "Strategy": "Plain", "Startup Cost": 504517.46, "Total Cost": 504517.47, "Plan Rows": 1, "Plan Width": 49, "Plans": [{"Node Type": "Hash Join", "Parent Relationship": "Outer", "Join Type": "Inner", "Startup Cost": 115757.9, "Total Cost": 503689.84, "Plan Rows": 331050, "Plan Width": 17, "Inner Unique": true, "Hash Cond": "(mi.info_type_id = it.id), (LLVM Optimized)", "Plans": [{"Node Type": "Nested Loop", "Parent Relationship": "Outer", "Join Type": "Inner", "Startup Cost": 115742.57, "Total Cost": 499304.65, "Plan Rows": 331050, "Plan Width": 21, "Inner Unique": false, "Plans": [{"Node Type": "Merge Join", "Parent Relationship": "Outer", "Join Type": "Inner", "Startup Cost": 115742.57, "Total Cost": 240786.57, "Plan Rows": 289936, "Plan Width": 25, "Inner Unique": false, "Merge Cond": "(t.id = mc.movie_id)", "Plans": [{"Node Type": "Index Scan", "Parent Relationship": "Outer", "Scan Direction": "Forward", "Index Name": "title_pkey", "Relation Name": "title", "Alias": "t", "Startup Cost": 0.0, "Total Cost": 116441.27, "Plan Rows": 1748840, "Plan Width": 21, "Filter": "(production_year > 1990), (LLVM Optimized)"}, {"Node Type": "Sort", "Parent Relationship": "Inner", "Startup Cost": 115739.95, "Total Cost": 116263.14, "Plan Rows": 209278, "Plan Width": 4, "Sort Key": ["mc.movie_id"], "Plans": [{"Node Type": "Hash Join", "Parent Relationship": "Outer", "Join Type": "Inner", "Startup Cost": 12.31, "Total Cost": 97244.94, "Plan Rows": 209278, "Plan Width": 4, "Inner Unique": true, "Hash Cond": "(mc.company_type_id = ct.id), (LLVM Optimized)", "Plans": [{"Node Type": "Streaming(type: LOCAL GATHER dop: 1/16)", "Parent Relationship": "Outer", "Startup Cost": 0.0, "Total Cost": 93570.26, "Plan Rows": 418557, "Plan Width": 8, "Plans": [{"Node Type": "Index Scan", "Parent Relationship": "Outer", "Scan Direction": "Forward", "Index Name": "company_type_id_movie_companies", "Relation Name": "movie_companies", "Alias": "mc", "Startup Cost": 0.0, "Total Cost": 84536.95, "Plan Rows": 418557, "Plan Width": 8, "Filter": "(((note)::text !~~ '%(TV)%'::text) AND ((note)::text ~~ '%(USA)%'::text)), (LLVM Optimized)"}]}, {"Node Type": "Hash", "Parent Relationship": "Inner", "Startup Cost": 12.3, "Total Cost": 12.3, "Plan Rows": 1, "Plan Width": 4, "Plans": [{"Node Type": "Index Scan", "Parent Relationship": "Outer", "Scan Direction": "Forward", "Index Name": "company_type_pkey", "Relation Name": "company_type", "Alias": "ct", "Startup Cost": 0.0, "Total Cost": 12.3, "Plan Rows": 1, "Plan Width": 4, "Filter": "((kind)::text = 'production companies'::text)"}]}]}]}]}, {"Node Type": "Index Scan", "Parent Relationship": "Inner", "Scan Direction": "Forward", "Index Name": "movie_id_movie_info", "Relation Name": "movie_info", "Alias": "mi", "Startup Cost": 0.0, "Total Cost": 0.88, "Plan Rows": 1, "Plan Width": 8, "Index Cond": "(movie_id = t.id)", "Filter": "((info)::text = ANY ('{Sweden,Norway,Germany,Denmark,Swedish,Denish,Norwegian,German,USA,American}'::text[]))"}]}, {"Node Type": "Hash", "Parent Relationship": "Inner", "Startup Cost": 13.93, "Total Cost": 13.93, "Plan Rows": 112, "Plan Width": 4, "Plans": [{"Node Type": "Index Scan", "Parent Relationship": "Outer", "Scan Direction": "Forward", "Index Name": "info_type_pkey", "Relation Name": "info_type", "Alias": "it", "Startup Cost": 0.0, "Total Cost": 13.93, "Plan Rows": 112, "Plan Width": 4}]}]}]}, "Unique SQL Id": 322094867}, "explain_analyze_plan": null}, "(16, 6)": {"explain_plan": {"Plan": {"Node Type": "Aggregate", "Strategy": "Plain", "Startup Cost": 173651.71, "Total Cost": 173651.72, "Plan Rows": 1, "Plan Width": 49, "Plans": [{"Node Type": "Hash Join", "Parent Relationship": "Outer", "Join Type": "Inner", "Startup Cost": 55861.04, "Total Cost": 172824.08, "Plan Rows": 331050, "Plan Width": 17, "Inner Unique": true, "Hash Cond": "(mi.info_type_id = it.id), (LLVM Optimized)", "Plans": [{"Node Type": "Streaming(type: LOCAL GATHER dop: 1/16)", "Parent Relationship": "Outer", "Startup Cost": 55857.52, "Total Cost": 168268.62, "Plan Rows": 331050, "Plan Width": 21, "Plans": [{"Node Type": "Hash Join", "Parent Relationship": "Outer", "Join Type": "Inner", "Startup Cost": 55857.52, "Total Cost": 161123.89, "Plan Rows": 331050, "Plan Width": 21, "Inner Unique": true, "Hash Cond": "(mi.movie_id = t.id), (LLVM Optimized)", "Plans": [{"Node Type": "Streaming(type: BROADCAST dop: 16/16)", "Parent Relationship": "Outer", "Startup Cost": 35341.87, "Total Cost": 139505.25, "Plan Rows": 3823280, "Plan Width": 12, "Plans": [{"Node Type": "Nested Loop", "Parent Relationship": "Outer", "Join Type": "Inner", "Startup Cost": 35341.87, "Total Cost": 114797.7, "Plan Rows": 238955, "Plan Width": 12, "Inner Unique": false, "Join Filter": "(mc.company_type_id = ct.id), (LLVM Optimized)", "Plans": [{"Node Type": "Streaming(type: BROADCAST dop: 16/1)", "Parent Relationship": "Outer", "Startup Cost": 0.0, "Total Cost": 15001.38, "Plan Rows": 16, "Plan Width": 4, "Plans": [{"Node Type": "Seq Scan", "Parent Relationship": "Outer", "Relation Name": "company_type", "Alias": "ct", "Startup Cost": 0.0, "Total Cost": 1.04, "Plan Rows": 1, "Plan Width": 4, "Filter": "((kind)::text = 'production companies'::text)"}]}, {"Node Type": "Materialize", "Parent Relationship": "Inner", "Startup Cost": 35341.87, "Total Cost": 100617.73, "Plan Rows": 477912, "Plan Width": 16, "Plans": [{"Node Type": "Hash Join", "Parent Relationship": "Outer", "Join Type": "Inner", "Startup Cost": 35341.87, "Total Cost": 99422.95, "Plan Rows": 477912, "Plan Width": 16, "Inner Unique": false, "Hash Cond": "(mi.movie_id = mc.movie_id), (LLVM Optimized)", "Plans": [{"Node Type": "Streaming(type: LOCAL REDISTRIBUTE dop: 16/16)", "Parent Relationship": "Outer", "Startup Cost": 0.0, "Total Cost": 62931.17, "Plan Rows": 726375, "Plan Width": 8, "Plans": [{"Node Type": "Seq Scan", "Parent Relationship": "Outer", "Relation Name": "movie_info", "Alias": "mi", "Startup Cost": 0.0, "Total Cost": 45178.89, "Plan Rows": 726375, "Plan Width": 8, "Filter": "((info)::text = ANY ('{Sweden,Norway,Germany,Denmark,Swedish,Denish,Norwegian,German,USA,American}'::text[]))"}]}, {"Node Type": "Hash", "Parent Relationship": "Inner", "Startup Cost": 35014.87, "Total Cost": 35014.87, "Plan Rows": 418557, "Plan Width": 8, "Plans": [{"Node Type": "Streaming(type: LOCAL REDISTRIBUTE dop: 16/16)", "Parent Relationship": "Outer", "Startup Cost": 0.0, "Total Cost": 35014.87, "Plan Rows": 418557, "Plan Width": 8, "Plans": [{"Node Type": "Seq Scan", "Parent Relationship": "Outer", "Relation Name": "movie_companies", "Alias": "mc", "Startup Cost": 0.0, "Total Cost": 18428.93, "Plan Rows": 418557, "Plan Width": 8, "Filter": "(((note)::text !~~ '%(TV)%'::text) AND ((note)::text ~~ '%(USA)%'::text)), (LLVM Optimized)"}]}]}]}]}]}]}, {"Node Type": "Hash", "Parent Relationship": "Inner", "Startup Cost": 19149.37, "Total Cost": 19149.37, "Plan Rows": 1748840, "Plan Width": 21, "Plans": [{"Node Type": "Seq Scan", "Parent Relationship": "Outer", "Relation Name": "title", "Alias": "t", "Startup Cost": 0.0, "Total Cost": 19149.37, "Plan Rows": 1748840, "Plan Width": 21, "Filter": "(production_year > 1990), (LLVM Optimized)"}]}]}]}, {"Node Type": "Hash", "Parent Relationship": "Inner", "Startup Cost": 2.12, "Total Cost": 2.12, "Plan Rows": 112, "Plan Width": 4, "Plans": [{"Node Type": "Seq Scan", "Parent Relationship": "Outer", "Relation Name": "info_type", "Alias": "it", "Startup Cost": 0.0, "Total Cost": 2.12, "Plan Rows": 112, "Plan Width": 4}]}]}]}, "Unique SQL Id": 322094867}, "explain_analyze_plan": {"Plan": {"Node Type": "Aggregate", "Strategy": "Plain", "Startup Cost": 173651.71, "Total Cost": 173651.72, "Plan Rows": 1, "Plan Width": 49, "Actual Min Startup Time": 857.467, "Actual Max Startup Time": 857.467, "Actual Min Total Time": 857.467, "Actual Max Total Time": 857.467, "Actual Total Rows": 1, "Plans": [{"Node Type": "Hash Join", "Parent Relationship": "Outer", "Join Type": "Inner", "Startup Cost": 55861.04, "Total Cost": 172824.08, "Plan Rows": 331050, "Plan Width": 17, "Actual Min Startup Time": 856.698, "Actual Max Startup Time": 856.698, "Actual Min Total Time": 857.261, "Actual Max Total Time": 857.261, "Actual Total Rows": 669, "Inner Unique": true, "Hash Cond": "(mi.info_type_id = it.id), (LLVM Optimized, Jit Execute)", "Plans": [{"Node Type": "Streaming(type: LOCAL GATHER dop: 1/16)", "Parent Relationship": "Outer", "Startup Cost": 55857.52, "Total Cost": 168268.62, "Plan Rows": 331050, "Plan Width": 21, "Actual Min Startup Time": 856.508, "Actual Max Startup Time": 856.508, "Actual Min Total Time": 856.84, "Actual Max Total Time": 856.84, "Actual Total Rows": 669, "Plans": [{"Node Type": "Hash Join", "Parent Relationship": "Outer", "Join Type": "Inner", "Startup Cost": 55857.52, "Total Cost": 161123.89, "Plan Rows": 331050, "Plan Width": 21, "Actual Min Startup Time": 672.46, "Actual Max Startup Time": 727.717, "Actual Min Total Time": 673.159, "Actual Max Total Time": 728.574, "Actual Total Rows": 669, "Inner Unique": true, "Hash Cond": "(mi.movie_id = t.id), (LLVM Optimized, Jit Execute)", "Plans": [{"Node Type": "Streaming(type: BROADCAST dop: 16/16)", "Parent Relationship": "Outer", "Startup Cost": 35341.87, "Total Cost": 139505.25, "Plan Rows": 3823280, "Plan Width": 12, "Actual Min Startup Time": 569.0, "Actual Max Startup Time": 626.908, "Actual Min Total Time": 569.646, "Actual Max Total Time": 627.507, "Actual Total Rows": 11056, "Plans": [{"Node Type": "Nested Loop", "Parent Relationship": "Outer", "Join Type": "Inner", "Startup Cost": 35341.87, "Total Cost": 114797.7, "Plan Rows": 238955, "Plan Width": 12, "Actual Min Startup Time": 666.518, "Actual Max Startup Time": 710.842, "Actual Min Total Time": 672.869, "Actual Max Total Time": 715.244, "Actual Total Rows": 691, "Inner Unique": false, "Join Filter": "(mc.company_type_id = ct.id), (LLVM Optimized, Jit Execute)", "Rows Removed by Join Filter": 294235, "Plans": [{"Node Type": "Streaming(type: BROADCAST dop: 16/1)", "Parent Relationship": "Outer", "Startup Cost": 0.0, "Total Cost": 15001.38, "Plan Rows": 16, "Plan Width": 4, "Actual Min Startup Time": 0.003, "Actual Max Startup Time": 0.005, "Actual Min Total Time": 0.004, "Actual Max Total Time": 0.007, "Actual Total Rows": 16, "Plans": [{"Node Type": "Seq Scan", "Parent Relationship": "Outer", "Relation Name": "company_type", "Alias": "ct", "Startup Cost": 0.0, "Total Cost": 1.04, "Plan Rows": 1, "Plan Width": 4, "Actual Min Startup Time": 0.048, "Actual Max Startup Time": 0.048, "Actual Min Total Time": 0.053, "Actual Max Total Time": 0.053, "Actual Total Rows": 1, "Filter": "((kind)::text = 'production companies'::text)", "Rows Removed by Filter": 2}]}, {"Node Type": "Materialize", "Parent Relationship": "Inner", "Startup Cost": 35341.87, "Total Cost": 100617.73, "Plan Rows": 477912, "Plan Width": 16, "Actual Min Startup Time": 666.288, "Actual Max Startup Time": 710.353, "Actual Min Total Time": 668.757, "Actual Max Total Time": 712.154, "Actual Total Rows": 294942, "Plans": [{"Node Type": "Hash Join", "Parent Relationship": "Outer", "Join Type": "Inner", "Startup Cost": 35341.87, "Total Cost": 99422.95, "Plan Rows": 477912, "Plan Width": 16, "Actual Min Startup Time": 90.453, "Actual Max Startup Time": 134.62, "Actual Min Total Time": 662.302, "Actual Max Total Time": 706.324, "Actual Total Rows": 294926, "Inner Unique": false, "Hash Cond": "(mi.movie_id = mc.movie_id), (LLVM Optimized, Jit Execute)", "Plans": [{"Node Type": "Streaming(type: LOCAL REDISTRIBUTE dop: 16/16)", "Parent Relationship": "Outer", "Startup Cost": 0.0, "Total Cost": 62931.17, "Plan Rows": 726375, "Plan Width": 8, "Actual Min Startup Time": 0.063, "Actual Max Startup Time": 0.5, "Actual Min Total Time": 556.564, "Actual Max Total Time": 557.588, "Actual Total Rows": 706674, "Plans": [{"Node Type": "Seq Scan", "Parent Relationship": "Outer", "Relation Name": "movie_info", "Alias": "mi", "Startup Cost": 0.0, "Total Cost": 45178.89, "Plan Rows": 726375, "Plan Width": 8, "Actual Min Startup Time": 0.043, "Actual Max Startup Time": 3.351, "Actual Min Total Time": 507.151, "Actual Max Total Time": 540.185, "Actual Total Rows": 706674, "Filter": "((info)::text = ANY ('{Sweden,Norway,Germany,Denmark,Swedish,Denish,Norwegian,German,USA,American}'::text[]))", "Rows Removed by Filter": 14129045}]}, {"Node Type": "Hash", "Parent Relationship": "Inner", "Startup Cost": 35014.87, "Total Cost": 35014.87, "Plan Rows": 418557, "Plan Width": 8, "Actual Min Startup Time": 90.095, "Actual Max Startup Time": 134.125, "Actual Min Total Time": 90.095, "Actual Max Total Time": 134.125, "Actual Total Rows": 295628, "Max Hash Buckets": 32768, "Min Hash Buckets": 32768, "Max Hash Batches": 1, "Min Hash Batches": 1, "Max Original Hash Batches": 1, "Min Original Hash Batches": 1, "Max Peak Memory Usage": 722, "min Peak Memory Usage": 722, "Plans": [{"Node Type": "Streaming(type: LOCAL REDISTRIBUTE dop: 16/16)", "Parent Relationship": "Outer", "Startup Cost": 0.0, "Total Cost": 35014.87, "Plan Rows": 418557, "Plan Width": 8, "Actual Min Startup Time": 0.049, "Actual Max Startup Time": 33.207, "Actual Min Total Time": 85.516, "Actual Max Total Time": 129.41, "Actual Total Rows": 295628, "Plans": [{"Node Type": "Seq Scan", "Parent Relationship": "Outer", "Relation Name": "movie_companies", "Alias": "mc", "Startup Cost": 0.0, "Total Cost": 18428.93, "Plan Rows": 418557, "Plan Width": 8, "Actual Min Startup Time": 0.04, "Actual Max Startup Time": 0.31, "Actual Min Total Time": 70.806, "Actual Max Total Time": 78.798, "Actual Total Rows": 295628, "Filter": "(((note)::text !~~ '%(TV)%'::text) AND ((note)::text ~~ '%(USA)%'::text)), (LLVM Optimized, Jit Execute)", "Rows Removed by Filter": 2313500}]}]}]}]}]}]}, {"Node Type": "Hash", "Parent Relationship": "Inner", "Startup Cost": 19149.37, "Total Cost": 19149.37, "Plan Rows": 1748840, "Plan Width": 21, "Actual Min Startup Time": 96.642, "Actual Max Startup Time": 105.087, "Actual Min Total Time": 96.642, "Actual Max Total Time": 105.087, "Actual Total Rows": 1749032, "Max Hash Buckets": 131072, "Min Hash Buckets": 131072, "Max Hash Batches": 1, "Min Hash Batches": 1, "Max Original Hash Batches": 1, "Min Original Hash Batches": 1, "Max Peak Memory Usage": 5962, "min Peak Memory Usage": 5962, "Plans": [{"Node Type": "Seq Scan", "Parent Relationship": "Outer", "Relation Name": "title", "Alias": "t", "Startup Cost": 0.0, "Total Cost": 19149.37, "Plan Rows": 1748840, "Plan Width": 21, "Actual Min Startup Time": 0.022, "Actual Max Startup Time": 0.034, "Actual Min Total Time": 63.648, "Actual Max Total Time": 70.486, "Actual Total Rows": 1749032, "Filter": "(production_year > 1990), (LLVM Optimized, Jit Execute)", "Rows Removed by Filter": 779279}]}]}]}, {"Node Type": "Hash", "Parent Relationship": "Inner", "Startup Cost": 2.12, "Total Cost": 2.12, "Plan Rows": 112, "Plan Width": 4, "Actual Min Startup Time": 0.123, "Actual Max Startup Time": 0.123, "Actual Min Total Time": 0.123, "Actual Max Total Time": 0.123, "Actual Total Rows": 112, "Max Hash Buckets": 32768, "Min Hash Buckets": 32768, "Max Hash Batches": 1, "Min Hash Batches": 1, "Max Original Hash Batches": 1, "Min Original Hash Batches": 1, "Max Peak Memory Usage": 4, "min Peak Memory Usage": 4, "Plans": [{"Node Type": "Seq Scan", "Parent Relationship": "Outer", "Relation Name": "info_type", "Alias": "it", "Startup Cost": 0.0, "Total Cost": 2.12, "Plan Rows": 112, "Plan Width": 4, "Actual Min Startup Time": 0.052, "Actual Max Startup Time": 0.052, "Actual Min Total Time": 0.069, "Actual Max Total Time": 0.069, "Actual Total Rows": 112}]}]}]}, "Triggers": [], "Planner Runtime": 25.775, "Total Runtime": 880.179, "Unique SQL Id": 322094867}}, "(16, 7)": {"explain_plan": {"Plan": {"Node Type": "Aggregate", "Strategy": "Plain", "Startup Cost": 1009784.61, "Total Cost": 1009784.62, "Plan Rows": 1, "Plan Width": 49, "Plans": [{"Node Type": "Hash Join", "Parent Relationship": "Outer", "Join Type": "Inner", "Startup Cost": 517150.55, "Total Cost": 1008956.99, "Plan Rows": 331050, "Plan Width": 17, "Inner Unique": true, "Hash Cond": "(mi.info_type_id = it.id), (LLVM Optimized)", "Plans": [{"Node Type": "Hash Join", "Parent Relationship": "Outer", "Join Type": "Inner", "Startup Cost": 517135.19, "Total Cost": 1004389.69, "Plan Rows": 331050, "Plan Width": 21, "Inner Unique": false, "Hash Cond": "(mi.movie_id = t.id), (LLVM Optimized)", "Plans": [{"Node Type": "Bitmap Heap Scan", "Parent Relationship": "Outer", "Relation Name": "movie_info", "Alias": "mi", "Startup Cost": 301827.67, "Total Cost": 784689.91, "Plan Rows": 726375, "Plan Width": 8, "Filter": "((info)::text = ANY ('{Sweden,Norway,Germany,Denmark,Swedish,Denish,Norwegian,German,USA,American}'::text[]))", "Plans": [{"Node Type": "Bitmap Index Scan", "Parent Relationship": "Outer", "Index Name": "movie_id_movie_info", "Startup Cost": 0.0, "Total Cost": 301646.08, "Plan Rows": 14869966, "Plan Width": 0}]}, {"Node Type": "Hash", "Parent Relationship": "Inner", "Startup Cost": 211683.32, "Total Cost": 211683.32, "Plan Rows": 289936, "Plan Width": 25, "Plans": [{"Node Type": "Hash Join", "Parent Relationship": "Outer", "Join Type": "Inner", "Startup Cost": 167346.47, "Total Cost": 211683.32, "Plan Rows": 289936, "Plan Width": 25, "Inner Unique": true, "Hash Cond": "(mc.movie_id = t.id), (LLVM Optimized)", "Plans": [{"Node Type": "Nested Loop", "Parent Relationship": "Outer", "Join Type": "Inner", "Startup Cost": 29005.06, "Total Cost": 69657.76, "Plan Rows": 209278, "Plan Width": 4, "Inner Unique": false, "Plans": [{"Node Type": "Bitmap Heap Scan", "Parent Relationship": "Outer", "Relation Name": "company_type", "Alias": "ct", "Startup Cost": 8.27, "Total Cost": 12.3, "Plan Rows": 1, "Plan Width": 4, "Filter": "((kind)::text = 'production companies'::text)", "Plans": [{"Node Type": "Bitmap Index Scan", "Parent Relationship": "Outer", "Index Name": "company_type_pkey", "Startup Cost": 0.0, "Total Cost": 8.27, "Plan Rows": 3, "Plan Width": 0}]}, {"Node Type": "Bitmap Heap Scan", "Parent Relationship": "Inner", "Relation Name": "movie_companies", "Alias": "mc", "Startup Cost": 28996.8, "Total Cost": 67552.67, "Plan Rows": 209279, "Plan Width": 8, "Recheck Cond": "(company_type_id = ct.id), (LLVM Optimized)", "Filter": "(((note)::text !~~ '%(TV)%'::text) AND ((note)::text ~~ '%(USA)%'::text)), (LLVM Optimized)", "Plans": [{"Node Type": "Bitmap Index Scan", "Parent Relationship": "Outer", "Index Name": "company_type_id_movie_companies", "Startup Cost": 0.0, "Total Cost": 28944.48, "Plan Rows": 1304564, "Plan Width": 0, "Index Cond": "(company_type_id = ct.id)"}]}]}, {"Node Type": "Hash", "Parent Relationship": "Inner", "Startup Cost": 116480.9, "Total Cost": 116480.9, "Plan Rows": 1748840, "Plan Width": 21, "Plans": [{"Node Type": "Bitmap Heap Scan", "Parent Relationship": "Outer", "Relation Name": "title", "Alias": "t", "Startup Cost": 50091.01, "Total Cost": 116480.9, "Plan Rows": 1748840, "Plan Width": 21, "Filter": "(production_year > 1990), (LLVM Optimized)", "Plans": [{"Node Type": "Bitmap Index Scan", "Parent Relationship": "Outer", "Index Name": "title_pkey", "Startup Cost": 0.0, "Total Cost": 49653.81, "Plan Rows": 2528311, "Plan Width": 0}]}]}]}]}]}, {"Node Type": "Hash", "Parent Relationship": "Inner", "Startup Cost": 13.96, "Total Cost": 13.96, "Plan Rows": 112, "Plan Width": 4, "Plans": [{"Node Type": "Bitmap Heap Scan", "Parent Relationship": "Outer", "Relation Name": "info_type", "Alias": "it", "Startup Cost": 8.84, "Total Cost": 13.96, "Plan Rows": 112, "Plan Width": 4, "Plans": [{"Node Type": "Bitmap Index Scan", "Parent Relationship": "Outer", "Index Name": "info_type_pkey", "Startup Cost": 0.0, "Total Cost": 8.81, "Plan Rows": 112, "Plan Width": 0}]}]}]}]}, "Unique SQL Id": 322094867}, "explain_analyze_plan": null}, "(16, 8)": {"explain_plan": {"Plan": {"Node Type": "Aggregate", "Strategy": "Plain", "Startup Cost": 173651.71, "Total Cost": 173651.72, "Plan Rows": 1, "Plan Width": 49, "Plans": [{"Node Type": "Hash Join", "Parent Relationship": "Outer", "Join Type": "Inner", "Startup Cost": 55861.04, "Total Cost": 172824.08, "Plan Rows": 331050, "Plan Width": 17, "Inner Unique": true, "Hash Cond": "(mi.info_type_id = it.id), (LLVM Optimized)", "Plans": [{"Node Type": "Streaming(type: LOCAL GATHER dop: 1/16)", "Parent Relationship": "Outer", "Startup Cost": 55857.52, "Total Cost": 168268.62, "Plan Rows": 331050, "Plan Width": 21, "Plans": [{"Node Type": "Hash Join", "Parent Relationship": "Outer", "Join Type": "Inner", "Startup Cost": 55857.52, "Total Cost": 161123.89, "Plan Rows": 331050, "Plan Width": 21, "Inner Unique": true, "Hash Cond": "(mi.movie_id = t.id), (LLVM Optimized)", "Plans": [{"Node Type": "Streaming(type: BROADCAST dop: 16/16)", "Parent Relationship": "Outer", "Startup Cost": 35341.87, "Total Cost": 139505.25, "Plan Rows": 3823280, "Plan Width": 12, "Plans": [{"Node Type": "Nested Loop", "Parent Relationship": "Outer", "Join Type": "Inner", "Startup Cost": 35341.87, "Total Cost": 114797.7, "Plan Rows": 238955, "Plan Width": 12, "Inner Unique": false, "Join Filter": "(mc.company_type_id = ct.id), (LLVM Optimized)", "Plans": [{"Node Type": "Streaming(type: BROADCAST dop: 16/1)", "Parent Relationship": "Outer", "Startup Cost": 0.0, "Total Cost": 15001.38, "Plan Rows": 16, "Plan Width": 4, "Plans": [{"Node Type": "Seq Scan", "Parent Relationship": "Outer", "Relation Name": "company_type", "Alias": "ct", "Startup Cost": 0.0, "Total Cost": 1.04, "Plan Rows": 1, "Plan Width": 4, "Filter": "((kind)::text = 'production companies'::text)"}]}, {"Node Type": "Materialize", "Parent Relationship": "Inner", "Startup Cost": 35341.87, "Total Cost": 100617.73, "Plan Rows": 477912, "Plan Width": 16, "Plans": [{"Node Type": "Hash Join", "Parent Relationship": "Outer", "Join Type": "Inner", "Startup Cost": 35341.87, "Total Cost": 99422.95, "Plan Rows": 477912, "Plan Width": 16, "Inner Unique": false, "Hash Cond": "(mi.movie_id = mc.movie_id), (LLVM Optimized)", "Plans": [{"Node Type": "Streaming(type: LOCAL REDISTRIBUTE dop: 16/16)", "Parent Relationship": "Outer", "Startup Cost": 0.0, "Total Cost": 62931.17, "Plan Rows": 726375, "Plan Width": 8, "Plans": [{"Node Type": "Seq Scan", "Parent Relationship": "Outer", "Relation Name": "movie_info", "Alias": "mi", "Startup Cost": 0.0, "Total Cost": 45178.89, "Plan Rows": 726375, "Plan Width": 8, "Filter": "((info)::text = ANY ('{Sweden,Norway,Germany,Denmark,Swedish,Denish,Norwegian,German,USA,American}'::text[]))"}]}, {"Node Type": "Hash", "Parent Relationship": "Inner", "Startup Cost": 35014.87, "Total Cost": 35014.87, "Plan Rows": 418557, "Plan Width": 8, "Plans": [{"Node Type": "Streaming(type: LOCAL REDISTRIBUTE dop: 16/16)", "Parent Relationship": "Outer", "Startup Cost": 0.0, "Total Cost": 35014.87, "Plan Rows": 418557, "Plan Width": 8, "Plans": [{"Node Type": "Seq Scan", "Parent Relationship": "Outer", "Relation Name": "movie_companies", "Alias": "mc", "Startup Cost": 0.0, "Total Cost": 18428.93, "Plan Rows": 418557, "Plan Width": 8, "Filter": "(((note)::text !~~ '%(TV)%'::text) AND ((note)::text ~~ '%(USA)%'::text)), (LLVM Optimized)"}]}]}]}]}]}]}, {"Node Type": "Hash", "Parent Relationship": "Inner", "Startup Cost": 19149.37, "Total Cost": 19149.37, "Plan Rows": 1748840, "Plan Width": 21, "Plans": [{"Node Type": "Seq Scan", "Parent Relationship": "Outer", "Relation Name": "title", "Alias": "t", "Startup Cost": 0.0, "Total Cost": 19149.37, "Plan Rows": 1748840, "Plan Width": 21, "Filter": "(production_year > 1990), (LLVM Optimized)"}]}]}]}, {"Node Type": "Hash", "Parent Relationship": "Inner", "Startup Cost": 2.12, "Total Cost": 2.12, "Plan Rows": 112, "Plan Width": 4, "Plans": [{"Node Type": "Index Only Scan", "Parent Relationship": "Outer", "Scan Direction": "Forward", "Index Name": "info_type_pkey", "Relation Name": "info_type", "Alias": "it", "Startup Cost": 0.0, "Total Cost": 2.12, "Plan Rows": 112, "Plan Width": 4}]}]}]}, "Unique SQL Id": 322094867}, "explain_analyze_plan": {"Plan": {"Node Type": "Aggregate", "Strategy": "Plain", "Startup Cost": 173651.71, "Total Cost": 173651.72, "Plan Rows": 1, "Plan Width": 49, "Actual Min Startup Time": 875.822, "Actual Max Startup Time": 875.822, "Actual Min Total Time": 875.823, "Actual Max Total Time": 875.823, "Actual Total Rows": 1, "Plans": [{"Node Type": "Hash Join", "Parent Relationship": "Outer", "Join Type": "Inner", "Startup Cost": 55861.04, "Total Cost": 172824.08, "Plan Rows": 331050, "Plan Width": 17, "Actual Min Startup Time": 875.195, "Actual Max Startup Time": 875.195, "Actual Min Total Time": 875.609, "Actual Max Total Time": 875.609, "Actual Total Rows": 669, "Inner Unique": true, "Hash Cond": "(mi.info_type_id = it.id), (LLVM Optimized)", "Plans": [{"Node Type": "Streaming(type: LOCAL GATHER dop: 1/16)", "Parent Relationship": "Outer", "Startup Cost": 55857.52, "Total Cost": 168268.62, "Plan Rows": 331050, "Plan Width": 21, "Actual Min Startup Time": 875.014, "Actual Max Startup Time": 875.014, "Actual Min Total Time": 875.185, "Actual Max Total Time": 875.185, "Actual Total Rows": 669, "Plans": [{"Node Type": "Hash Join", "Parent Relationship": "Outer", "Join Type": "Inner", "Startup Cost": 55857.52, "Total Cost": 161123.89, "Plan Rows": 331050, "Plan Width": 21, "Actual Min Startup Time": 696.401, "Actual Max Startup Time": 736.579, "Actual Min Total Time": 696.864, "Actual Max Total Time": 737.053, "Actual Total Rows": 669, "Inner Unique": true, "Hash Cond": "(mi.movie_id = t.id), (LLVM Optimized)", "Plans": [{"Node Type": "Streaming(type: BROADCAST dop: 16/16)", "Parent Relationship": "Outer", "Startup Cost": 35341.87, "Total Cost": 139505.25, "Plan Rows": 3823280, "Plan Width": 12, "Actual Min Startup Time": 594.04, "Actual Max Startup Time": 640.119, "Actual Min Total Time": 594.258, "Actual Max Total Time": 640.329, "Actual Total Rows": 11056, "Plans": [{"Node Type": "Nested Loop", "Parent Relationship": "Outer", "Join Type": "Inner", "Startup Cost": 35341.87, "Total Cost": 114797.7, "Plan Rows": 238955, "Plan Width": 12, "Actual Min Startup Time": 690.01, "Actual Max Startup Time": 751.468, "Actual Min Total Time": 695.844, "Actual Max Total Time": 756.362, "Actual Total Rows": 691, "Inner Unique": false, "Join Filter": "(mc.company_type_id = ct.id), (LLVM Optimized)", "Rows Removed by Join Filter": 294235, "Plans": [{"Node Type": "Streaming(type: BROADCAST dop: 16/1)", "Parent Relationship": "Outer", "Startup Cost": 0.0, "Total Cost": 15001.38, "Plan Rows": 16, "Plan Width": 4, "Actual Min Startup Time": 0.003, "Actual Max Startup Time": 0.007, "Actual Min Total Time": 0.003, "Actual Max Total Time": 0.008, "Actual Total Rows": 16, "Plans": [{"Node Type": "Seq Scan", "Parent Relationship": "Outer", "Relation Name": "company_type", "Alias": "ct", "Startup Cost": 0.0, "Total Cost": 1.04, "Plan Rows": 1, "Plan Width": 4, "Actual Min Startup Time": 0.019, "Actual Max Startup Time": 0.019, "Actual Min Total Time": 0.021, "Actual Max Total Time": 0.021, "Actual Total Rows": 1, "Filter": "((kind)::text = 'production companies'::text)", "Rows Removed by Filter": 2}]}, {"Node Type": "Materialize", "Parent Relationship": "Inner", "Startup Cost": 35341.87, "Total Cost": 100617.73, "Plan Rows": 477912, "Plan Width": 16, "Actual Min Startup Time": 689.593, "Actual Max Startup Time": 749.972, "Actual Min Total Time": 691.904, "Actual Max Total Time": 752.252, "Actual Total Rows": 294942, "Plans": [{"Node Type": "Hash Join", "Parent Relationship": "Outer", "Join Type": "Inner", "Startup Cost": 35341.87, "Total Cost": 99422.95, "Plan Rows": 477912, "Plan Width": 16, "Actual Min Startup Time": 91.909, "Actual Max Startup Time": 152.56, "Actual Min Total Time": 685.313, "Actual Max Total Time": 745.926, "Actual Total Rows": 294926, "Inner Unique": false, "Hash Cond": "(mi.movie_id = mc.movie_id), (LLVM Optimized)", "Plans": [{"Node Type": "Streaming(type: LOCAL REDISTRIBUTE dop: 16/16)", "Parent Relationship": "Outer", "Startup Cost": 0.0, "Total Cost": 62931.17, "Plan Rows": 726375, "Plan Width": 8, "Actual Min Startup Time": 0.064, "Actual Max Startup Time": 0.587, "Actual Min Total Time": 578.176, "Actual Max Total Time": 579.178, "Actual Total Rows": 706674, "Plans": [{"Node Type": "Seq Scan", "Parent Relationship": "Outer", "Relation Name": "movie_info", "Alias": "mi", "Startup Cost": 0.0, "Total Cost": 45178.89, "Plan Rows": 726375, "Plan Width": 8, "Actual Min Startup Time": 0.042, "Actual Max Startup Time": 3.369, "Actual Min Total Time": 508.498, "Actual Max Total Time": 546.641, "Actual Total Rows": 706674, "Filter": "((info)::text = ANY ('{Sweden,Norway,Germany,Denmark,Swedish,Denish,Norwegian,German,USA,American}'::text[]))", "Rows Removed by Filter": 14129045}]}, {"Node Type": "Hash", "Parent Relationship": "Inner", "Startup Cost": 35014.87, "Total Cost": 35014.87, "Plan Rows": 418557, "Plan Width": 8, "Actual Min Startup Time": 91.753, "Actual Max Startup Time": 152.136, "Actual Min Total Time": 91.753, "Actual Max Total Time": 152.136, "Actual Total Rows": 295628, "Max Hash Buckets": 32768, "Min Hash Buckets": 32768, "Max Hash Batches": 1, "Min Hash Batches": 1, "Max Original Hash Batches": 1, "Min Original Hash Batches": 1, "Max Peak Memory Usage": 722, "min Peak Memory Usage": 722, "Plans": [{"Node Type": "Streaming(type: LOCAL REDISTRIBUTE dop: 16/16)", "Parent Relationship": "Outer", "Startup Cost": 0.0, "Total Cost": 35014.87, "Plan Rows": 418557, "Plan Width": 8, "Actual Min Startup Time": 0.057, "Actual Max Startup Time": 57.89, "Actual Min Total Time": 86.982, "Actual Max Total Time": 147.517, "Actual Total Rows": 295628, "Plans": [{"Node Type": "Seq Scan", "Parent Relationship": "Outer", "Relation Name": "movie_companies", "Alias": "mc", "Startup Cost": 0.0, "Total Cost": 18428.93, "Plan Rows": 418557, "Plan Width": 8, "Actual Min Startup Time": 0.041, "Actual Max Startup Time": 0.3, "Actual Min Total Time": 71.008, "Actual Max Total Time": 78.719, "Actual Total Rows": 295628, "Filter": "(((note)::text !~~ '%(TV)%'::text) AND ((note)::text ~~ '%(USA)%'::text)), (LLVM Optimized)", "Rows Removed by Filter": 2313500}]}]}]}]}]}]}, {"Node Type": "Hash", "Parent Relationship": "Inner", "Startup Cost": 19149.37, "Total Cost": 19149.37, "Plan Rows": 1748840, "Plan Width": 21, "Actual Min Startup Time": 95.598, "Actual Max Startup Time": 102.305, "Actual Min Total Time": 95.598, "Actual Max Total Time": 102.305, "Actual Total Rows": 1749032, "Max Hash Buckets": 131072, "Min Hash Buckets": 131072, "Max Hash Batches": 1, "Min Hash Batches": 1, "Max Original Hash Batches": 1, "Min Original Hash Batches": 1, "Max Peak Memory Usage": 5962, "min Peak Memory Usage": 5962, "Plans": [{"Node Type": "Seq Scan", "Parent Relationship": "Outer", "Relation Name": "title", "Alias": "t", "Startup Cost": 0.0, "Total Cost": 19149.37, "Plan Rows": 1748840, "Plan Width": 21, "Actual Min Startup Time": 0.025, "Actual Max Startup Time": 0.035, "Actual Min Total Time": 63.718, "Actual Max Total Time": 66.991, "Actual Total Rows": 1749032, "Filter": "(production_year > 1990), (LLVM Optimized)", "Rows Removed by Filter": 779279}]}]}]}, {"Node Type": "Hash", "Parent Relationship": "Inner", "Startup Cost": 2.12, "Total Cost": 2.12, "Plan Rows": 112, "Plan Width": 4, "Actual Min Startup Time": 0.104, "Actual Max Startup Time": 0.104, "Actual Min Total Time": 0.104, "Actual Max Total Time": 0.104, "Actual Total Rows": 112, "Max Hash Buckets": 32768, "Min Hash Buckets": 32768, "Max Hash Batches": 1, "Min Hash Batches": 1, "Max Original Hash Batches": 1, "Min Original Hash Batches": 1, "Max Peak Memory Usage": 4, "min Peak Memory Usage": 4, "Plans": [{"Node Type": "Index Only Scan", "Parent Relationship": "Outer", "Scan Direction": "Forward", "Index Name": "info_type_pkey", "Relation Name": "info_type", "Alias": "it", "Startup Cost": 0.0, "Total Cost": 2.12, "Plan Rows": 112, "Plan Width": 4, "Actual Min Startup Time": 0.028, "Actual Max Startup Time": 0.028, "Actual Min Total Time": 0.045, "Actual Max Total Time": 0.045, "Actual Total Rows": 112, "Heap Fetches": 0}]}]}]}, "Triggers": [], "Planner Runtime": 24.762, "Total Runtime": 899.027, "Unique SQL Id": 322094867}}, "(16, 9)": {"explain_plan": {"Plan": {"Node Type": "Aggregate", "Strategy": "Plain", "Startup Cost": 504513.46, "Total Cost": 504513.47, "Plan Rows": 1, "Plan Width": 49, "Plans": [{"Node Type": "Hash Join", "Parent Relationship": "Outer", "Join Type": "Inner", "Startup Cost": 115753.9, "Total Cost": 503685.84, "Plan Rows": 331050, "Plan Width": 17, "Inner Unique": true, "Hash Cond": "(mi.info_type_id = it.id), (LLVM Optimized)", "Plans": [{"Node Type": "Nested Loop", "Parent Relationship": "Outer", "Join Type": "Inner", "Startup Cost": 115742.57, "Total Cost": 499304.65, "Plan Rows": 331050, "Plan Width": 21, "Inner Unique": false, "Plans": [{"Node Type": "Merge Join", "Parent Relationship": "Outer", "Join Type": "Inner", "Startup Cost": 115742.57, "Total Cost": 240786.57, "Plan Rows": 289936, "Plan Width": 25, "Inner Unique": false, "Merge Cond": "(t.id = mc.movie_id)", "Plans": [{"Node Type": "Index Scan", "Parent Relationship": "Outer", "Scan Direction": "Forward", "Index Name": "title_pkey", "Relation Name": "title", "Alias": "t", "Startup Cost": 0.0, "Total Cost": 116441.27, "Plan Rows": 1748840, "Plan Width": 21, "Filter": "(production_year > 1990), (LLVM Optimized)"}, {"Node Type": "Sort", "Parent Relationship": "Inner", "Startup Cost": 115739.95, "Total Cost": 116263.14, "Plan Rows": 209278, "Plan Width": 4, "Sort Key": ["mc.movie_id"], "Plans": [{"Node Type": "Hash Join", "Parent Relationship": "Outer", "Join Type": "Inner", "Startup Cost": 12.31, "Total Cost": 97244.94, "Plan Rows": 209278, "Plan Width": 4, "Inner Unique": true, "Hash Cond": "(mc.company_type_id = ct.id), (LLVM Optimized)", "Plans": [{"Node Type": "Streaming(type: LOCAL GATHER dop: 1/16)", "Parent Relationship": "Outer", "Startup Cost": 0.0, "Total Cost": 93570.26, "Plan Rows": 418557, "Plan Width": 8, "Plans": [{"Node Type": "Index Scan", "Parent Relationship": "Outer", "Scan Direction": "Forward", "Index Name": "company_type_id_movie_companies", "Relation Name": "movie_companies", "Alias": "mc", "Startup Cost": 0.0, "Total Cost": 84536.95, "Plan Rows": 418557, "Plan Width": 8, "Filter": "(((note)::text !~~ '%(TV)%'::text) AND ((note)::text ~~ '%(USA)%'::text)), (LLVM Optimized)"}]}, {"Node Type": "Hash", "Parent Relationship": "Inner", "Startup Cost": 12.3, "Total Cost": 12.3, "Plan Rows": 1, "Plan Width": 4, "Plans": [{"Node Type": "Index Scan", "Parent Relationship": "Outer", "Scan Direction": "Forward", "Index Name": "company_type_pkey", "Relation Name": "company_type", "Alias": "ct", "Startup Cost": 0.0, "Total Cost": 12.3, "Plan Rows": 1, "Plan Width": 4, "Filter": "((kind)::text = 'production companies'::text)"}]}]}]}]}, {"Node Type": "Index Scan", "Parent Relationship": "Inner", "Scan Direction": "Forward", "Index Name": "movie_id_movie_info", "Relation Name": "movie_info", "Alias": "mi", "Startup Cost": 0.0, "Total Cost": 0.88, "Plan Rows": 1, "Plan Width": 8, "Index Cond": "(movie_id = t.id)", "Filter": "((info)::text = ANY ('{Sweden,Norway,Germany,Denmark,Swedish,Denish,Norwegian,German,USA,American}'::text[]))"}]}, {"Node Type": "Hash", "Parent Relationship": "Inner", "Startup Cost": 9.93, "Total Cost": 9.93, "Plan Rows": 112, "Plan Width": 4, "Plans": [{"Node Type": "Index Only Scan", "Parent Relationship": "Outer", "Scan Direction": "Forward", "Index Name": "info_type_pkey", "Relation Name": "info_type", "Alias": "it", "Startup Cost": 0.0, "Total Cost": 9.93, "Plan Rows": 112, "Plan Width": 4}]}]}]}, "Unique SQL Id": 322094867}, "explain_analyze_plan": null}, "(16, 10)": {"explain_plan": {"Plan": {"Node Type": "Aggregate", "Strategy": "Plain", "Startup Cost": 173651.71, "Total Cost": 173651.72, "Plan Rows": 1, "Plan Width": 49, "Plans": [{"Node Type": "Hash Join", "Parent Relationship": "Outer", "Join Type": "Inner", "Startup Cost": 55861.04, "Total Cost": 172824.08, "Plan Rows": 331050, "Plan Width": 17, "Inner Unique": true, "Hash Cond": "(mi.info_type_id = it.id), (LLVM Optimized)", "Plans": [{"Node Type": "Streaming(type: LOCAL GATHER dop: 1/16)", "Parent Relationship": "Outer", "Startup Cost": 55857.52, "Total Cost": 168268.62, "Plan Rows": 331050, "Plan Width": 21, "Plans": [{"Node Type": "Hash Join", "Parent Relationship": "Outer", "Join Type": "Inner", "Startup Cost": 55857.52, "Total Cost": 161123.89, "Plan Rows": 331050, "Plan Width": 21, "Inner Unique": true, "Hash Cond": "(mi.movie_id = t.id), (LLVM Optimized)", "Plans": [{"Node Type": "Streaming(type: BROADCAST dop: 16/16)", "Parent Relationship": "Outer", "Startup Cost": 35341.87, "Total Cost": 139505.25, "Plan Rows": 3823280, "Plan Width": 12, "Plans": [{"Node Type": "Nested Loop", "Parent Relationship": "Outer", "Join Type": "Inner", "Startup Cost": 35341.87, "Total Cost": 114797.7, "Plan Rows": 238955, "Plan Width": 12, "Inner Unique": false, "Join Filter": "(mc.company_type_id = ct.id), (LLVM Optimized)", "Plans": [{"Node Type": "Streaming(type: BROADCAST dop: 16/1)", "Parent Relationship": "Outer", "Startup Cost": 0.0, "Total Cost": 15001.38, "Plan Rows": 16, "Plan Width": 4, "Plans": [{"Node Type": "Seq Scan", "Parent Relationship": "Outer", "Relation Name": "company_type", "Alias": "ct", "Startup Cost": 0.0, "Total Cost": 1.04, "Plan Rows": 1, "Plan Width": 4, "Filter": "((kind)::text = 'production companies'::text)"}]}, {"Node Type": "Materialize", "Parent Relationship": "Inner", "Startup Cost": 35341.87, "Total Cost": 100617.73, "Plan Rows": 477912, "Plan Width": 16, "Plans": [{"Node Type": "Hash Join", "Parent Relationship": "Outer", "Join Type": "Inner", "Startup Cost": 35341.87, "Total Cost": 99422.95, "Plan Rows": 477912, "Plan Width": 16, "Inner Unique": false, "Hash Cond": "(mi.movie_id = mc.movie_id), (LLVM Optimized)", "Plans": [{"Node Type": "Streaming(type: LOCAL REDISTRIBUTE dop: 16/16)", "Parent Relationship": "Outer", "Startup Cost": 0.0, "Total Cost": 62931.17, "Plan Rows": 726375, "Plan Width": 8, "Plans": [{"Node Type": "Seq Scan", "Parent Relationship": "Outer", "Relation Name": "movie_info", "Alias": "mi", "Startup Cost": 0.0, "Total Cost": 45178.89, "Plan Rows": 726375, "Plan Width": 8, "Filter": "((info)::text = ANY ('{Sweden,Norway,Germany,Denmark,Swedish,Denish,Norwegian,German,USA,American}'::text[]))"}]}, {"Node Type": "Hash", "Parent Relationship": "Inner", "Startup Cost": 35014.87, "Total Cost": 35014.87, "Plan Rows": 418557, "Plan Width": 8, "Plans": [{"Node Type": "Streaming(type: LOCAL REDISTRIBUTE dop: 16/16)", "Parent Relationship": "Outer", "Startup Cost": 0.0, "Total Cost": 35014.87, "Plan Rows": 418557, "Plan Width": 8, "Plans": [{"Node Type": "Seq Scan", "Parent Relationship": "Outer", "Relation Name": "movie_companies", "Alias": "mc", "Startup Cost": 0.0, "Total Cost": 18428.93, "Plan Rows": 418557, "Plan Width": 8, "Filter": "(((note)::text !~~ '%(TV)%'::text) AND ((note)::text ~~ '%(USA)%'::text)), (LLVM Optimized)"}]}]}]}]}]}]}, {"Node Type": "Hash", "Parent Relationship": "Inner", "Startup Cost": 19149.37, "Total Cost": 19149.37, "Plan Rows": 1748840, "Plan Width": 21, "Plans": [{"Node Type": "Seq Scan", "Parent Relationship": "Outer", "Relation Name": "title", "Alias": "t", "Startup Cost": 0.0, "Total Cost": 19149.37, "Plan Rows": 1748840, "Plan Width": 21, "Filter": "(production_year > 1990), (LLVM Optimized)"}]}]}]}, {"Node Type": "Hash", "Parent Relationship": "Inner", "Startup Cost": 2.12, "Total Cost": 2.12, "Plan Rows": 112, "Plan Width": 4, "Plans": [{"Node Type": "Seq Scan", "Parent Relationship": "Outer", "Relation Name": "info_type", "Alias": "it", "Startup Cost": 0.0, "Total Cost": 2.12, "Plan Rows": 112, "Plan Width": 4}]}]}]}, "Unique SQL Id": 322094867}, "explain_analyze_plan": {"Plan": {"Node Type": "Aggregate", "Strategy": "Plain", "Startup Cost": 173651.71, "Total Cost": 173651.72, "Plan Rows": 1, "Plan Width": 49, "Actual Min Startup Time": 857.467, "Actual Max Startup Time": 857.467, "Actual Min Total Time": 857.467, "Actual Max Total Time": 857.467, "Actual Total Rows": 1, "Plans": [{"Node Type": "Hash Join", "Parent Relationship": "Outer", "Join Type": "Inner", "Startup Cost": 55861.04, "Total Cost": 172824.08, "Plan Rows": 331050, "Plan Width": 17, "Actual Min Startup Time": 856.698, "Actual Max Startup Time": 856.698, "Actual Min Total Time": 857.261, "Actual Max Total Time": 857.261, "Actual Total Rows": 669, "Inner Unique": true, "Hash Cond": "(mi.info_type_id = it.id), (LLVM Optimized, Jit Execute)", "Plans": [{"Node Type": "Streaming(type: LOCAL GATHER dop: 1/16)", "Parent Relationship": "Outer", "Startup Cost": 55857.52, "Total Cost": 168268.62, "Plan Rows": 331050, "Plan Width": 21, "Actual Min Startup Time": 856.508, "Actual Max Startup Time": 856.508, "Actual Min Total Time": 856.84, "Actual Max Total Time": 856.84, "Actual Total Rows": 669, "Plans": [{"Node Type": "Hash Join", "Parent Relationship": "Outer", "Join Type": "Inner", "Startup Cost": 55857.52, "Total Cost": 161123.89, "Plan Rows": 331050, "Plan Width": 21, "Actual Min Startup Time": 672.46, "Actual Max Startup Time": 727.717, "Actual Min Total Time": 673.159, "Actual Max Total Time": 728.574, "Actual Total Rows": 669, "Inner Unique": true, "Hash Cond": "(mi.movie_id = t.id), (LLVM Optimized, Jit Execute)", "Plans": [{"Node Type": "Streaming(type: BROADCAST dop: 16/16)", "Parent Relationship": "Outer", "Startup Cost": 35341.87, "Total Cost": 139505.25, "Plan Rows": 3823280, "Plan Width": 12, "Actual Min Startup Time": 569.0, "Actual Max Startup Time": 626.908, "Actual Min Total Time": 569.646, "Actual Max Total Time": 627.507, "Actual Total Rows": 11056, "Plans": [{"Node Type": "Nested Loop", "Parent Relationship": "Outer", "Join Type": "Inner", "Startup Cost": 35341.87, "Total Cost": 114797.7, "Plan Rows": 238955, "Plan Width": 12, "Actual Min Startup Time": 666.518, "Actual Max Startup Time": 710.842, "Actual Min Total Time": 672.869, "Actual Max Total Time": 715.244, "Actual Total Rows": 691, "Inner Unique": false, "Join Filter": "(mc.company_type_id = ct.id), (LLVM Optimized, Jit Execute)", "Rows Removed by Join Filter": 294235, "Plans": [{"Node Type": "Streaming(type: BROADCAST dop: 16/1)", "Parent Relationship": "Outer", "Startup Cost": 0.0, "Total Cost": 15001.38, "Plan Rows": 16, "Plan Width": 4, "Actual Min Startup Time": 0.003, "Actual Max Startup Time": 0.005, "Actual Min Total Time": 0.004, "Actual Max Total Time": 0.007, "Actual Total Rows": 16, "Plans": [{"Node Type": "Seq Scan", "Parent Relationship": "Outer", "Relation Name": "company_type", "Alias": "ct", "Startup Cost": 0.0, "Total Cost": 1.04, "Plan Rows": 1, "Plan Width": 4, "Actual Min Startup Time": 0.048, "Actual Max Startup Time": 0.048, "Actual Min Total Time": 0.053, "Actual Max Total Time": 0.053, "Actual Total Rows": 1, "Filter": "((kind)::text = 'production companies'::text)", "Rows Removed by Filter": 2}]}, {"Node Type": "Materialize", "Parent Relationship": "Inner", "Startup Cost": 35341.87, "Total Cost": 100617.73, "Plan Rows": 477912, "Plan Width": 16, "Actual Min Startup Time": 666.288, "Actual Max Startup Time": 710.353, "Actual Min Total Time": 668.757, "Actual Max Total Time": 712.154, "Actual Total Rows": 294942, "Plans": [{"Node Type": "Hash Join", "Parent Relationship": "Outer", "Join Type": "Inner", "Startup Cost": 35341.87, "Total Cost": 99422.95, "Plan Rows": 477912, "Plan Width": 16, "Actual Min Startup Time": 90.453, "Actual Max Startup Time": 134.62, "Actual Min Total Time": 662.302, "Actual Max Total Time": 706.324, "Actual Total Rows": 294926, "Inner Unique": false, "Hash Cond": "(mi.movie_id = mc.movie_id), (LLVM Optimized, Jit Execute)", "Plans": [{"Node Type": "Streaming(type: LOCAL REDISTRIBUTE dop: 16/16)", "Parent Relationship": "Outer", "Startup Cost": 0.0, "Total Cost": 62931.17, "Plan Rows": 726375, "Plan Width": 8, "Actual Min Startup Time": 0.063, "Actual Max Startup Time": 0.5, "Actual Min Total Time": 556.564, "Actual Max Total Time": 557.588, "Actual Total Rows": 706674, "Plans": [{"Node Type": "Seq Scan", "Parent Relationship": "Outer", "Relation Name": "movie_info", "Alias": "mi", "Startup Cost": 0.0, "Total Cost": 45178.89, "Plan Rows": 726375, "Plan Width": 8, "Actual Min Startup Time": 0.043, "Actual Max Startup Time": 3.351, "Actual Min Total Time": 507.151, "Actual Max Total Time": 540.185, "Actual Total Rows": 706674, "Filter": "((info)::text = ANY ('{Sweden,Norway,Germany,Denmark,Swedish,Denish,Norwegian,German,USA,American}'::text[]))", "Rows Removed by Filter": 14129045}]}, {"Node Type": "Hash", "Parent Relationship": "Inner", "Startup Cost": 35014.87, "Total Cost": 35014.87, "Plan Rows": 418557, "Plan Width": 8, "Actual Min Startup Time": 90.095, "Actual Max Startup Time": 134.125, "Actual Min Total Time": 90.095, "Actual Max Total Time": 134.125, "Actual Total Rows": 295628, "Max Hash Buckets": 32768, "Min Hash Buckets": 32768, "Max Hash Batches": 1, "Min Hash Batches": 1, "Max Original Hash Batches": 1, "Min Original Hash Batches": 1, "Max Peak Memory Usage": 722, "min Peak Memory Usage": 722, "Plans": [{"Node Type": "Streaming(type: LOCAL REDISTRIBUTE dop: 16/16)", "Parent Relationship": "Outer", "Startup Cost": 0.0, "Total Cost": 35014.87, "Plan Rows": 418557, "Plan Width": 8, "Actual Min Startup Time": 0.049, "Actual Max Startup Time": 33.207, "Actual Min Total Time": 85.516, "Actual Max Total Time": 129.41, "Actual Total Rows": 295628, "Plans": [{"Node Type": "Seq Scan", "Parent Relationship": "Outer", "Relation Name": "movie_companies", "Alias": "mc", "Startup Cost": 0.0, "Total Cost": 18428.93, "Plan Rows": 418557, "Plan Width": 8, "Actual Min Startup Time": 0.04, "Actual Max Startup Time": 0.31, "Actual Min Total Time": 70.806, "Actual Max Total Time": 78.798, "Actual Total Rows": 295628, "Filter": "(((note)::text !~~ '%(TV)%'::text) AND ((note)::text ~~ '%(USA)%'::text)), (LLVM Optimized, Jit Execute)", "Rows Removed by Filter": 2313500}]}]}]}]}]}]}, {"Node Type": "Hash", "Parent Relationship": "Inner", "Startup Cost": 19149.37, "Total Cost": 19149.37, "Plan Rows": 1748840, "Plan Width": 21, "Actual Min Startup Time": 96.642, "Actual Max Startup Time": 105.087, "Actual Min Total Time": 96.642, "Actual Max Total Time": 105.087, "Actual Total Rows": 1749032, "Max Hash Buckets": 131072, "Min Hash Buckets": 131072, "Max Hash Batches": 1, "Min Hash Batches": 1, "Max Original Hash Batches": 1, "Min Original Hash Batches": 1, "Max Peak Memory Usage": 5962, "min Peak Memory Usage": 5962, "Plans": [{"Node Type": "Seq Scan", "Parent Relationship": "Outer", "Relation Name": "title", "Alias": "t", "Startup Cost": 0.0, "Total Cost": 19149.37, "Plan Rows": 1748840, "Plan Width": 21, "Actual Min Startup Time": 0.022, "Actual Max Startup Time": 0.034, "Actual Min Total Time": 63.648, "Actual Max Total Time": 70.486, "Actual Total Rows": 1749032, "Filter": "(production_year > 1990), (LLVM Optimized, Jit Execute)", "Rows Removed by Filter": 779279}]}]}]}, {"Node Type": "Hash", "Parent Relationship": "Inner", "Startup Cost": 2.12, "Total Cost": 2.12, "Plan Rows": 112, "Plan Width": 4, "Actual Min Startup Time": 0.123, "Actual Max Startup Time": 0.123, "Actual Min Total Time": 0.123, "Actual Max Total Time": 0.123, "Actual Total Rows": 112, "Max Hash Buckets": 32768, "Min Hash Buckets": 32768, "Max Hash Batches": 1, "Min Hash Batches": 1, "Max Original Hash Batches": 1, "Min Original Hash Batches": 1, "Max Peak Memory Usage": 4, "min Peak Memory Usage": 4, "Plans": [{"Node Type": "Seq Scan", "Parent Relationship": "Outer", "Relation Name": "info_type", "Alias": "it", "Startup Cost": 0.0, "Total Cost": 2.12, "Plan Rows": 112, "Plan Width": 4, "Actual Min Startup Time": 0.052, "Actual Max Startup Time": 0.052, "Actual Min Total Time": 0.069, "Actual Max Total Time": 0.069, "Actual Total Rows": 112}]}]}]}, "Triggers": [], "Planner Runtime": 25.775, "Total Runtime": 880.179, "Unique SQL Id": 322094867}}, "(16, 11)": {"explain_plan": {"Plan": {"Node Type": "Aggregate", "Strategy": "Plain", "Startup Cost": 5001727514355.89, "Total Cost": 5001727514355.9, "Plan Rows": 1, "Plan Width": 49, "Plans": [{"Node Type": "Merge Join", "Parent Relationship": "Outer", "Join Type": "Inner", "Startup Cost": 50024908232.05, "Total Cost": 5001727513528.26, "Plan Rows": 331050, "Plan Width": 17, "Inner Unique": true, "Merge Cond": "(mi.movie_id = t.id)", "Plans": [{"Node Type": "Nested Loop", "Parent Relationship": "Outer", "Join Type": "Inner", "Startup Cost": 40000000000.0, "Total Cost": 4002417254292.22, "Plan Rows": 238955, "Plan Width": 8, "Inner Unique": true, "Join Filter": "(mi.info_type_id = it.id), (LLVM Optimized)", "Plans": [{"Node Type": "Nested Loop", "Parent Relationship": "Outer", "Join Type": "Inner", "Startup Cost": 30000000000.0, "Total Cost": 3002416851854.54, "Plan Rows": 238955, "Plan Width": 12, "Inner Unique": false, "Join Filter": "(mc.movie_id = mi.movie_id), (LLVM Optimized)", "Plans": [{"Node Type": "Nested Loop", "Parent Relationship": "Outer", "Join Type": "Inner", "Startup Cost": 20000000000.0, "Total Cost": 2000014364018.74, "Plan Rows": 209278, "Plan Width": 4, "Inner Unique": true, "Join Filter": "(ct.id = mc.company_type_id), (LLVM Optimized)", "Plans": [{"Node Type": "Index Scan", "Parent Relationship": "Outer", "Scan Direction": "Forward", "Index Name": "movie_id_movie_companies", "Relation Name": "movie_companies", "Alias": "mc", "Startup Cost": 10000000000.0, "Total Cost": 1000014356510.13, "Plan Rows": 418557, "Plan Width": 8, "Filter": "(((note)::text !~~ '%(TV)%'::text) AND ((note)::text ~~ '%(USA)%'::text)), (LLVM Optimized)"}, {"Node Type": "Materialize", "Parent Relationship": "Inner", "Startup Cost": 10000000000.0, "Total Cost": 1000000001230.26, "Plan Rows": 1, "Plan Width": 4, "Plans": [{"Node Type": "Index Scan", "Parent Relationship": "Outer", "Scan Direction": "Forward", "Index Name": "company_type_pkey", "Relation Name": "company_type", "Alias": "ct", "Startup Cost": 10000000000.0, "Total Cost": 1000000001230.25, "Plan Rows": 1, "Plan Width": 4, "Filter": "((kind)::text = 'production companies'::text)"}]}]}, {"Node Type": "Materialize", "Parent Relationship": "Inner", "Startup Cost": 10000000000.0, "Total Cost": 1000122275042.99, "Plan Rows": 726375, "Plan Width": 8, "Plans": [{"Node Type": "Index Scan", "Parent Relationship": "Outer", "Scan Direction": "Forward", "Index Name": "info_type_id_movie_info", "Relation Name": "movie_info", "Alias": "mi", "Startup Cost": 10000000000.0, "Total Cost": 1000122271411.12, "Plan Rows": 726375, "Plan Width": 8, "Filter": "((info)::text = ANY ('{Sweden,Norway,Germany,Denmark,Swedish,Denish,Norwegian,German,USA,American}'::text[]))"}]}]}, {"Node Type": "Materialize", "Parent Relationship": "Inner", "Startup Cost": 10000000000.0, "Total Cost": 1000000000993.56, "Plan Rows": 112, "Plan Width": 4, "Plans": [{"Node Type": "Index Only Scan", "Parent Relationship": "Outer", "Scan Direction": "Forward", "Index Name": "info_type_pkey", "Relation Name": "info_type", "Alias": "it", "Startup Cost": 10000000000.0, "Total Cost": 1000000000993.0, "Plan Rows": 112, "Plan Width": 4}]}]}, {"Node Type": "Index Scan", "Parent Relationship": "Inner", "Scan Direction": "Forward", "Index Name": "title_pkey", "Relation Name": "title", "Alias": "t", "Startup Cost": 10000000000.0, "Total Cost": 1000011644126.66, "Plan Rows": 1748840, "Plan Width": 21, "Filter": "(production_year > 1990), (LLVM Optimized)"}]}]}, "Unique SQL Id": 322094867}, "explain_analyze_plan": null}, "(16, 12)": {"explain_plan": {"Plan": {"Node Type": "Aggregate", "Strategy": "Plain", "Startup Cost": 173651.71, "Total Cost": 173651.72, "Plan Rows": 1, "Plan Width": 49, "Plans": [{"Node Type": "Hash Join", "Parent Relationship": "Outer", "Join Type": "Inner", "Startup Cost": 55861.04, "Total Cost": 172824.08, "Plan Rows": 331050, "Plan Width": 17, "Inner Unique": true, "Hash Cond": "(mi.info_type_id = it.id), (LLVM Optimized)", "Plans": [{"Node Type": "Streaming(type: LOCAL GATHER dop: 1/16)", "Parent Relationship": "Outer", "Startup Cost": 55857.52, "Total Cost": 168268.62, "Plan Rows": 331050, "Plan Width": 21, "Plans": [{"Node Type": "Hash Join", "Parent Relationship": "Outer", "Join Type": "Inner", "Startup Cost": 55857.52, "Total Cost": 161123.89, "Plan Rows": 331050, "Plan Width": 21, "Inner Unique": true, "Hash Cond": "(mi.movie_id = t.id), (LLVM Optimized)", "Plans": [{"Node Type": "Streaming(type: BROADCAST dop: 16/16)", "Parent Relationship": "Outer", "Startup Cost": 35341.87, "Total Cost": 139505.25, "Plan Rows": 3823280, "Plan Width": 12, "Plans": [{"Node Type": "Nested Loop", "Parent Relationship": "Outer", "Join Type": "Inner", "Startup Cost": 35341.87, "Total Cost": 114797.7, "Plan Rows": 238955, "Plan Width": 12, "Inner Unique": false, "Join Filter": "(mc.company_type_id = ct.id), (LLVM Optimized)", "Plans": [{"Node Type": "Streaming(type: BROADCAST dop: 16/1)", "Parent Relationship": "Outer", "Startup Cost": 0.0, "Total Cost": 15001.38, "Plan Rows": 16, "Plan Width": 4, "Plans": [{"Node Type": "Seq Scan", "Parent Relationship": "Outer", "Relation Name": "company_type", "Alias": "ct", "Startup Cost": 0.0, "Total Cost": 1.04, "Plan Rows": 1, "Plan Width": 4, "Filter": "((kind)::text = 'production companies'::text)"}]}, {"Node Type": "Materialize", "Parent Relationship": "Inner", "Startup Cost": 35341.87, "Total Cost": 100617.73, "Plan Rows": 477912, "Plan Width": 16, "Plans": [{"Node Type": "Hash Join", "Parent Relationship": "Outer", "Join Type": "Inner", "Startup Cost": 35341.87, "Total Cost": 99422.95, "Plan Rows": 477912, "Plan Width": 16, "Inner Unique": false, "Hash Cond": "(mi.movie_id = mc.movie_id), (LLVM Optimized)", "Plans": [{"Node Type": "Streaming(type: LOCAL REDISTRIBUTE dop: 16/16)", "Parent Relationship": "Outer", "Startup Cost": 0.0, "Total Cost": 62931.17, "Plan Rows": 726375, "Plan Width": 8, "Plans": [{"Node Type": "Seq Scan", "Parent Relationship": "Outer", "Relation Name": "movie_info", "Alias": "mi", "Startup Cost": 0.0, "Total Cost": 45178.89, "Plan Rows": 726375, "Plan Width": 8, "Filter": "((info)::text = ANY ('{Sweden,Norway,Germany,Denmark,Swedish,Denish,Norwegian,German,USA,American}'::text[]))"}]}, {"Node Type": "Hash", "Parent Relationship": "Inner", "Startup Cost": 35014.87, "Total Cost": 35014.87, "Plan Rows": 418557, "Plan Width": 8, "Plans": [{"Node Type": "Streaming(type: LOCAL REDISTRIBUTE dop: 16/16)", "Parent Relationship": "Outer", "Startup Cost": 0.0, "Total Cost": 35014.87, "Plan Rows": 418557, "Plan Width": 8, "Plans": [{"Node Type": "Seq Scan", "Parent Relationship": "Outer", "Relation Name": "movie_companies", "Alias": "mc", "Startup Cost": 0.0, "Total Cost": 18428.93, "Plan Rows": 418557, "Plan Width": 8, "Filter": "(((note)::text !~~ '%(TV)%'::text) AND ((note)::text ~~ '%(USA)%'::text)), (LLVM Optimized)"}]}]}]}]}]}]}, {"Node Type": "Hash", "Parent Relationship": "Inner", "Startup Cost": 19149.37, "Total Cost": 19149.37, "Plan Rows": 1748840, "Plan Width": 21, "Plans": [{"Node Type": "Seq Scan", "Parent Relationship": "Outer", "Relation Name": "title", "Alias": "t", "Startup Cost": 0.0, "Total Cost": 19149.37, "Plan Rows": 1748840, "Plan Width": 21, "Filter": "(production_year > 1990), (LLVM Optimized)"}]}]}]}, {"Node Type": "Hash", "Parent Relationship": "Inner", "Startup Cost": 2.12, "Total Cost": 2.12, "Plan Rows": 112, "Plan Width": 4, "Plans": [{"Node Type": "Seq Scan", "Parent Relationship": "Outer", "Relation Name": "info_type", "Alias": "it", "Startup Cost": 0.0, "Total Cost": 2.12, "Plan Rows": 112, "Plan Width": 4}]}]}]}, "Unique SQL Id": 322094867}, "explain_analyze_plan": {"Plan": {"Node Type": "Aggregate", "Strategy": "Plain", "Startup Cost": 173651.71, "Total Cost": 173651.72, "Plan Rows": 1, "Plan Width": 49, "Actual Min Startup Time": 857.467, "Actual Max Startup Time": 857.467, "Actual Min Total Time": 857.467, "Actual Max Total Time": 857.467, "Actual Total Rows": 1, "Plans": [{"Node Type": "Hash Join", "Parent Relationship": "Outer", "Join Type": "Inner", "Startup Cost": 55861.04, "Total Cost": 172824.08, "Plan Rows": 331050, "Plan Width": 17, "Actual Min Startup Time": 856.698, "Actual Max Startup Time": 856.698, "Actual Min Total Time": 857.261, "Actual Max Total Time": 857.261, "Actual Total Rows": 669, "Inner Unique": true, "Hash Cond": "(mi.info_type_id = it.id), (LLVM Optimized, Jit Execute)", "Plans": [{"Node Type": "Streaming(type: LOCAL GATHER dop: 1/16)", "Parent Relationship": "Outer", "Startup Cost": 55857.52, "Total Cost": 168268.62, "Plan Rows": 331050, "Plan Width": 21, "Actual Min Startup Time": 856.508, "Actual Max Startup Time": 856.508, "Actual Min Total Time": 856.84, "Actual Max Total Time": 856.84, "Actual Total Rows": 669, "Plans": [{"Node Type": "Hash Join", "Parent Relationship": "Outer", "Join Type": "Inner", "Startup Cost": 55857.52, "Total Cost": 161123.89, "Plan Rows": 331050, "Plan Width": 21, "Actual Min Startup Time": 672.46, "Actual Max Startup Time": 727.717, "Actual Min Total Time": 673.159, "Actual Max Total Time": 728.574, "Actual Total Rows": 669, "Inner Unique": true, "Hash Cond": "(mi.movie_id = t.id), (LLVM Optimized, Jit Execute)", "Plans": [{"Node Type": "Streaming(type: BROADCAST dop: 16/16)", "Parent Relationship": "Outer", "Startup Cost": 35341.87, "Total Cost": 139505.25, "Plan Rows": 3823280, "Plan Width": 12, "Actual Min Startup Time": 569.0, "Actual Max Startup Time": 626.908, "Actual Min Total Time": 569.646, "Actual Max Total Time": 627.507, "Actual Total Rows": 11056, "Plans": [{"Node Type": "Nested Loop", "Parent Relationship": "Outer", "Join Type": "Inner", "Startup Cost": 35341.87, "Total Cost": 114797.7, "Plan Rows": 238955, "Plan Width": 12, "Actual Min Startup Time": 666.518, "Actual Max Startup Time": 710.842, "Actual Min Total Time": 672.869, "Actual Max Total Time": 715.244, "Actual Total Rows": 691, "Inner Unique": false, "Join Filter": "(mc.company_type_id = ct.id), (LLVM Optimized, Jit Execute)", "Rows Removed by Join Filter": 294235, "Plans": [{"Node Type": "Streaming(type: BROADCAST dop: 16/1)", "Parent Relationship": "Outer", "Startup Cost": 0.0, "Total Cost": 15001.38, "Plan Rows": 16, "Plan Width": 4, "Actual Min Startup Time": 0.003, "Actual Max Startup Time": 0.005, "Actual Min Total Time": 0.004, "Actual Max Total Time": 0.007, "Actual Total Rows": 16, "Plans": [{"Node Type": "Seq Scan", "Parent Relationship": "Outer", "Relation Name": "company_type", "Alias": "ct", "Startup Cost": 0.0, "Total Cost": 1.04, "Plan Rows": 1, "Plan Width": 4, "Actual Min Startup Time": 0.048, "Actual Max Startup Time": 0.048, "Actual Min Total Time": 0.053, "Actual Max Total Time": 0.053, "Actual Total Rows": 1, "Filter": "((kind)::text = 'production companies'::text)", "Rows Removed by Filter": 2}]}, {"Node Type": "Materialize", "Parent Relationship": "Inner", "Startup Cost": 35341.87, "Total Cost": 100617.73, "Plan Rows": 477912, "Plan Width": 16, "Actual Min Startup Time": 666.288, "Actual Max Startup Time": 710.353, "Actual Min Total Time": 668.757, "Actual Max Total Time": 712.154, "Actual Total Rows": 294942, "Plans": [{"Node Type": "Hash Join", "Parent Relationship": "Outer", "Join Type": "Inner", "Startup Cost": 35341.87, "Total Cost": 99422.95, "Plan Rows": 477912, "Plan Width": 16, "Actual Min Startup Time": 90.453, "Actual Max Startup Time": 134.62, "Actual Min Total Time": 662.302, "Actual Max Total Time": 706.324, "Actual Total Rows": 294926, "Inner Unique": false, "Hash Cond": "(mi.movie_id = mc.movie_id), (LLVM Optimized, Jit Execute)", "Plans": [{"Node Type": "Streaming(type: LOCAL REDISTRIBUTE dop: 16/16)", "Parent Relationship": "Outer", "Startup Cost": 0.0, "Total Cost": 62931.17, "Plan Rows": 726375, "Plan Width": 8, "Actual Min Startup Time": 0.063, "Actual Max Startup Time": 0.5, "Actual Min Total Time": 556.564, "Actual Max Total Time": 557.588, "Actual Total Rows": 706674, "Plans": [{"Node Type": "Seq Scan", "Parent Relationship": "Outer", "Relation Name": "movie_info", "Alias": "mi", "Startup Cost": 0.0, "Total Cost": 45178.89, "Plan Rows": 726375, "Plan Width": 8, "Actual Min Startup Time": 0.043, "Actual Max Startup Time": 3.351, "Actual Min Total Time": 507.151, "Actual Max Total Time": 540.185, "Actual Total Rows": 706674, "Filter": "((info)::text = ANY ('{Sweden,Norway,Germany,Denmark,Swedish,Denish,Norwegian,German,USA,American}'::text[]))", "Rows Removed by Filter": 14129045}]}, {"Node Type": "Hash", "Parent Relationship": "Inner", "Startup Cost": 35014.87, "Total Cost": 35014.87, "Plan Rows": 418557, "Plan Width": 8, "Actual Min Startup Time": 90.095, "Actual Max Startup Time": 134.125, "Actual Min Total Time": 90.095, "Actual Max Total Time": 134.125, "Actual Total Rows": 295628, "Max Hash Buckets": 32768, "Min Hash Buckets": 32768, "Max Hash Batches": 1, "Min Hash Batches": 1, "Max Original Hash Batches": 1, "Min Original Hash Batches": 1, "Max Peak Memory Usage": 722, "min Peak Memory Usage": 722, "Plans": [{"Node Type": "Streaming(type: LOCAL REDISTRIBUTE dop: 16/16)", "Parent Relationship": "Outer", "Startup Cost": 0.0, "Total Cost": 35014.87, "Plan Rows": 418557, "Plan Width": 8, "Actual Min Startup Time": 0.049, "Actual Max Startup Time": 33.207, "Actual Min Total Time": 85.516, "Actual Max Total Time": 129.41, "Actual Total Rows": 295628, "Plans": [{"Node Type": "Seq Scan", "Parent Relationship": "Outer", "Relation Name": "movie_companies", "Alias": "mc", "Startup Cost": 0.0, "Total Cost": 18428.93, "Plan Rows": 418557, "Plan Width": 8, "Actual Min Startup Time": 0.04, "Actual Max Startup Time": 0.31, "Actual Min Total Time": 70.806, "Actual Max Total Time": 78.798, "Actual Total Rows": 295628, "Filter": "(((note)::text !~~ '%(TV)%'::text) AND ((note)::text ~~ '%(USA)%'::text)), (LLVM Optimized, Jit Execute)", "Rows Removed by Filter": 2313500}]}]}]}]}]}]}, {"Node Type": "Hash", "Parent Relationship": "Inner", "Startup Cost": 19149.37, "Total Cost": 19149.37, "Plan Rows": 1748840, "Plan Width": 21, "Actual Min Startup Time": 96.642, "Actual Max Startup Time": 105.087, "Actual Min Total Time": 96.642, "Actual Max Total Time": 105.087, "Actual Total Rows": 1749032, "Max Hash Buckets": 131072, "Min Hash Buckets": 131072, "Max Hash Batches": 1, "Min Hash Batches": 1, "Max Original Hash Batches": 1, "Min Original Hash Batches": 1, "Max Peak Memory Usage": 5962, "min Peak Memory Usage": 5962, "Plans": [{"Node Type": "Seq Scan", "Parent Relationship": "Outer", "Relation Name": "title", "Alias": "t", "Startup Cost": 0.0, "Total Cost": 19149.37, "Plan Rows": 1748840, "Plan Width": 21, "Actual Min Startup Time": 0.022, "Actual Max Startup Time": 0.034, "Actual Min Total Time": 63.648, "Actual Max Total Time": 70.486, "Actual Total Rows": 1749032, "Filter": "(production_year > 1990), (LLVM Optimized, Jit Execute)", "Rows Removed by Filter": 779279}]}]}]}, {"Node Type": "Hash", "Parent Relationship": "Inner", "Startup Cost": 2.12, "Total Cost": 2.12, "Plan Rows": 112, "Plan Width": 4, "Actual Min Startup Time": 0.123, "Actual Max Startup Time": 0.123, "Actual Min Total Time": 0.123, "Actual Max Total Time": 0.123, "Actual Total Rows": 112, "Max Hash Buckets": 32768, "Min Hash Buckets": 32768, "Max Hash Batches": 1, "Min Hash Batches": 1, "Max Original Hash Batches": 1, "Min Original Hash Batches": 1, "Max Peak Memory Usage": 4, "min Peak Memory Usage": 4, "Plans": [{"Node Type": "Seq Scan", "Parent Relationship": "Outer", "Relation Name": "info_type", "Alias": "it", "Startup Cost": 0.0, "Total Cost": 2.12, "Plan Rows": 112, "Plan Width": 4, "Actual Min Startup Time": 0.052, "Actual Max Startup Time": 0.052, "Actual Min Total Time": 0.069, "Actual Max Total Time": 0.069, "Actual Total Rows": 112}]}]}]}, "Triggers": [], "Planner Runtime": 25.775, "Total Runtime": 880.179, "Unique SQL Id": 322094867}}, "(16, 13)": {"explain_plan": {"Plan": {"Node Type": "Aggregate", "Strategy": "Plain", "Startup Cost": 504517.46, "Total Cost": 504517.47, "Plan Rows": 1, "Plan Width": 49, "Plans": [{"Node Type": "Hash Join", "Parent Relationship": "Outer", "Join Type": "Inner", "Startup Cost": 115757.9, "Total Cost": 503689.84, "Plan Rows": 331050, "Plan Width": 17, "Inner Unique": true, "Hash Cond": "(mi.info_type_id = it.id), (LLVM Optimized)", "Plans": [{"Node Type": "Nested Loop", "Parent Relationship": "Outer", "Join Type": "Inner", "Startup Cost": 115742.57, "Total Cost": 499304.65, "Plan Rows": 331050, "Plan Width": 21, "Inner Unique": false, "Plans": [{"Node Type": "Merge Join", "Parent Relationship": "Outer", "Join Type": "Inner", "Startup Cost": 115742.57, "Total Cost": 240786.57, "Plan Rows": 289936, "Plan Width": 25, "Inner Unique": false, "Merge Cond": "(t.id = mc.movie_id)", "Plans": [{"Node Type": "Index Scan", "Parent Relationship": "Outer", "Scan Direction": "Forward", "Index Name": "title_pkey", "Relation Name": "title", "Alias": "t", "Startup Cost": 0.0, "Total Cost": 116441.27, "Plan Rows": 1748840, "Plan Width": 21, "Filter": "(production_year > 1990), (LLVM Optimized)"}, {"Node Type": "Sort", "Parent Relationship": "Inner", "Startup Cost": 115739.95, "Total Cost": 116263.14, "Plan Rows": 209278, "Plan Width": 4, "Sort Key": ["mc.movie_id"], "Plans": [{"Node Type": "Hash Join", "Parent Relationship": "Outer", "Join Type": "Inner", "Startup Cost": 12.31, "Total Cost": 97244.94, "Plan Rows": 209278, "Plan Width": 4, "Inner Unique": true, "Hash Cond": "(mc.company_type_id = ct.id), (LLVM Optimized)", "Plans": [{"Node Type": "Streaming(type: LOCAL GATHER dop: 1/16)", "Parent Relationship": "Outer", "Startup Cost": 0.0, "Total Cost": 93570.26, "Plan Rows": 418557, "Plan Width": 8, "Plans": [{"Node Type": "Index Scan", "Parent Relationship": "Outer", "Scan Direction": "Forward", "Index Name": "company_type_id_movie_companies", "Relation Name": "movie_companies", "Alias": "mc", "Startup Cost": 0.0, "Total Cost": 84536.95, "Plan Rows": 418557, "Plan Width": 8, "Filter": "(((note)::text !~~ '%(TV)%'::text) AND ((note)::text ~~ '%(USA)%'::text)), (LLVM Optimized)"}]}, {"Node Type": "Hash", "Parent Relationship": "Inner", "Startup Cost": 12.3, "Total Cost": 12.3, "Plan Rows": 1, "Plan Width": 4, "Plans": [{"Node Type": "Index Scan", "Parent Relationship": "Outer", "Scan Direction": "Forward", "Index Name": "company_type_pkey", "Relation Name": "company_type", "Alias": "ct", "Startup Cost": 0.0, "Total Cost": 12.3, "Plan Rows": 1, "Plan Width": 4, "Filter": "((kind)::text = 'production companies'::text)"}]}]}]}]}, {"Node Type": "Index Scan", "Parent Relationship": "Inner", "Scan Direction": "Forward", "Index Name": "movie_id_movie_info", "Relation Name": "movie_info", "Alias": "mi", "Startup Cost": 0.0, "Total Cost": 0.88, "Plan Rows": 1, "Plan Width": 8, "Index Cond": "(movie_id = t.id)", "Filter": "((info)::text = ANY ('{Sweden,Norway,Germany,Denmark,Swedish,Denish,Norwegian,German,USA,American}'::text[]))"}]}, {"Node Type": "Hash", "Parent Relationship": "Inner", "Startup Cost": 13.93, "Total Cost": 13.93, "Plan Rows": 112, "Plan Width": 4, "Plans": [{"Node Type": "Index Scan", "Parent Relationship": "Outer", "Scan Direction": "Forward", "Index Name": "info_type_pkey", "Relation Name": "info_type", "Alias": "it", "Startup Cost": 0.0, "Total Cost": 13.93, "Plan Rows": 112, "Plan Width": 4}]}]}]}, "Unique SQL Id": 322094867}, "explain_analyze_plan": null}, "(16, 14)": {"explain_plan": {"Plan": {"Node Type": "Aggregate", "Strategy": "Plain", "Startup Cost": 173651.71, "Total Cost": 173651.72, "Plan Rows": 1, "Plan Width": 49, "Plans": [{"Node Type": "Hash Join", "Parent Relationship": "Outer", "Join Type": "Inner", "Startup Cost": 55861.04, "Total Cost": 172824.08, "Plan Rows": 331050, "Plan Width": 17, "Inner Unique": true, "Hash Cond": "(mi.info_type_id = it.id), (LLVM Optimized)", "Plans": [{"Node Type": "Streaming(type: LOCAL GATHER dop: 1/16)", "Parent Relationship": "Outer", "Startup Cost": 55857.52, "Total Cost": 168268.62, "Plan Rows": 331050, "Plan Width": 21, "Plans": [{"Node Type": "Hash Join", "Parent Relationship": "Outer", "Join Type": "Inner", "Startup Cost": 55857.52, "Total Cost": 161123.89, "Plan Rows": 331050, "Plan Width": 21, "Inner Unique": true, "Hash Cond": "(mi.movie_id = t.id), (LLVM Optimized)", "Plans": [{"Node Type": "Streaming(type: BROADCAST dop: 16/16)", "Parent Relationship": "Outer", "Startup Cost": 35341.87, "Total Cost": 139505.25, "Plan Rows": 3823280, "Plan Width": 12, "Plans": [{"Node Type": "Nested Loop", "Parent Relationship": "Outer", "Join Type": "Inner", "Startup Cost": 35341.87, "Total Cost": 114797.7, "Plan Rows": 238955, "Plan Width": 12, "Inner Unique": false, "Join Filter": "(mc.company_type_id = ct.id), (LLVM Optimized)", "Plans": [{"Node Type": "Streaming(type: BROADCAST dop: 16/1)", "Parent Relationship": "Outer", "Startup Cost": 0.0, "Total Cost": 15001.38, "Plan Rows": 16, "Plan Width": 4, "Plans": [{"Node Type": "Seq Scan", "Parent Relationship": "Outer", "Relation Name": "company_type", "Alias": "ct", "Startup Cost": 0.0, "Total Cost": 1.04, "Plan Rows": 1, "Plan Width": 4, "Filter": "((kind)::text = 'production companies'::text)"}]}, {"Node Type": "Materialize", "Parent Relationship": "Inner", "Startup Cost": 35341.87, "Total Cost": 100617.73, "Plan Rows": 477912, "Plan Width": 16, "Plans": [{"Node Type": "Hash Join", "Parent Relationship": "Outer", "Join Type": "Inner", "Startup Cost": 35341.87, "Total Cost": 99422.95, "Plan Rows": 477912, "Plan Width": 16, "Inner Unique": false, "Hash Cond": "(mi.movie_id = mc.movie_id), (LLVM Optimized)", "Plans": [{"Node Type": "Streaming(type: LOCAL REDISTRIBUTE dop: 16/16)", "Parent Relationship": "Outer", "Startup Cost": 0.0, "Total Cost": 62931.17, "Plan Rows": 726375, "Plan Width": 8, "Plans": [{"Node Type": "Seq Scan", "Parent Relationship": "Outer", "Relation Name": "movie_info", "Alias": "mi", "Startup Cost": 0.0, "Total Cost": 45178.89, "Plan Rows": 726375, "Plan Width": 8, "Filter": "((info)::text = ANY ('{Sweden,Norway,Germany,Denmark,Swedish,Denish,Norwegian,German,USA,American}'::text[]))"}]}, {"Node Type": "Hash", "Parent Relationship": "Inner", "Startup Cost": 35014.87, "Total Cost": 35014.87, "Plan Rows": 418557, "Plan Width": 8, "Plans": [{"Node Type": "Streaming(type: LOCAL REDISTRIBUTE dop: 16/16)", "Parent Relationship": "Outer", "Startup Cost": 0.0, "Total Cost": 35014.87, "Plan Rows": 418557, "Plan Width": 8, "Plans": [{"Node Type": "Seq Scan", "Parent Relationship": "Outer", "Relation Name": "movie_companies", "Alias": "mc", "Startup Cost": 0.0, "Total Cost": 18428.93, "Plan Rows": 418557, "Plan Width": 8, "Filter": "(((note)::text !~~ '%(TV)%'::text) AND ((note)::text ~~ '%(USA)%'::text)), (LLVM Optimized)"}]}]}]}]}]}]}, {"Node Type": "Hash", "Parent Relationship": "Inner", "Startup Cost": 19149.37, "Total Cost": 19149.37, "Plan Rows": 1748840, "Plan Width": 21, "Plans": [{"Node Type": "Seq Scan", "Parent Relationship": "Outer", "Relation Name": "title", "Alias": "t", "Startup Cost": 0.0, "Total Cost": 19149.37, "Plan Rows": 1748840, "Plan Width": 21, "Filter": "(production_year > 1990), (LLVM Optimized)"}]}]}]}, {"Node Type": "Hash", "Parent Relationship": "Inner", "Startup Cost": 2.12, "Total Cost": 2.12, "Plan Rows": 112, "Plan Width": 4, "Plans": [{"Node Type": "Seq Scan", "Parent Relationship": "Outer", "Relation Name": "info_type", "Alias": "it", "Startup Cost": 0.0, "Total Cost": 2.12, "Plan Rows": 112, "Plan Width": 4}]}]}]}, "Unique SQL Id": 322094867}, "explain_analyze_plan": {"Plan": {"Node Type": "Aggregate", "Strategy": "Plain", "Startup Cost": 173651.71, "Total Cost": 173651.72, "Plan Rows": 1, "Plan Width": 49, "Actual Min Startup Time": 857.467, "Actual Max Startup Time": 857.467, "Actual Min Total Time": 857.467, "Actual Max Total Time": 857.467, "Actual Total Rows": 1, "Plans": [{"Node Type": "Hash Join", "Parent Relationship": "Outer", "Join Type": "Inner", "Startup Cost": 55861.04, "Total Cost": 172824.08, "Plan Rows": 331050, "Plan Width": 17, "Actual Min Startup Time": 856.698, "Actual Max Startup Time": 856.698, "Actual Min Total Time": 857.261, "Actual Max Total Time": 857.261, "Actual Total Rows": 669, "Inner Unique": true, "Hash Cond": "(mi.info_type_id = it.id), (LLVM Optimized, Jit Execute)", "Plans": [{"Node Type": "Streaming(type: LOCAL GATHER dop: 1/16)", "Parent Relationship": "Outer", "Startup Cost": 55857.52, "Total Cost": 168268.62, "Plan Rows": 331050, "Plan Width": 21, "Actual Min Startup Time": 856.508, "Actual Max Startup Time": 856.508, "Actual Min Total Time": 856.84, "Actual Max Total Time": 856.84, "Actual Total Rows": 669, "Plans": [{"Node Type": "Hash Join", "Parent Relationship": "Outer", "Join Type": "Inner", "Startup Cost": 55857.52, "Total Cost": 161123.89, "Plan Rows": 331050, "Plan Width": 21, "Actual Min Startup Time": 672.46, "Actual Max Startup Time": 727.717, "Actual Min Total Time": 673.159, "Actual Max Total Time": 728.574, "Actual Total Rows": 669, "Inner Unique": true, "Hash Cond": "(mi.movie_id = t.id), (LLVM Optimized, Jit Execute)", "Plans": [{"Node Type": "Streaming(type: BROADCAST dop: 16/16)", "Parent Relationship": "Outer", "Startup Cost": 35341.87, "Total Cost": 139505.25, "Plan Rows": 3823280, "Plan Width": 12, "Actual Min Startup Time": 569.0, "Actual Max Startup Time": 626.908, "Actual Min Total Time": 569.646, "Actual Max Total Time": 627.507, "Actual Total Rows": 11056, "Plans": [{"Node Type": "Nested Loop", "Parent Relationship": "Outer", "Join Type": "Inner", "Startup Cost": 35341.87, "Total Cost": 114797.7, "Plan Rows": 238955, "Plan Width": 12, "Actual Min Startup Time": 666.518, "Actual Max Startup Time": 710.842, "Actual Min Total Time": 672.869, "Actual Max Total Time": 715.244, "Actual Total Rows": 691, "Inner Unique": false, "Join Filter": "(mc.company_type_id = ct.id), (LLVM Optimized, Jit Execute)", "Rows Removed by Join Filter": 294235, "Plans": [{"Node Type": "Streaming(type: BROADCAST dop: 16/1)", "Parent Relationship": "Outer", "Startup Cost": 0.0, "Total Cost": 15001.38, "Plan Rows": 16, "Plan Width": 4, "Actual Min Startup Time": 0.003, "Actual Max Startup Time": 0.005, "Actual Min Total Time": 0.004, "Actual Max Total Time": 0.007, "Actual Total Rows": 16, "Plans": [{"Node Type": "Seq Scan", "Parent Relationship": "Outer", "Relation Name": "company_type", "Alias": "ct", "Startup Cost": 0.0, "Total Cost": 1.04, "Plan Rows": 1, "Plan Width": 4, "Actual Min Startup Time": 0.048, "Actual Max Startup Time": 0.048, "Actual Min Total Time": 0.053, "Actual Max Total Time": 0.053, "Actual Total Rows": 1, "Filter": "((kind)::text = 'production companies'::text)", "Rows Removed by Filter": 2}]}, {"Node Type": "Materialize", "Parent Relationship": "Inner", "Startup Cost": 35341.87, "Total Cost": 100617.73, "Plan Rows": 477912, "Plan Width": 16, "Actual Min Startup Time": 666.288, "Actual Max Startup Time": 710.353, "Actual Min Total Time": 668.757, "Actual Max Total Time": 712.154, "Actual Total Rows": 294942, "Plans": [{"Node Type": "Hash Join", "Parent Relationship": "Outer", "Join Type": "Inner", "Startup Cost": 35341.87, "Total Cost": 99422.95, "Plan Rows": 477912, "Plan Width": 16, "Actual Min Startup Time": 90.453, "Actual Max Startup Time": 134.62, "Actual Min Total Time": 662.302, "Actual Max Total Time": 706.324, "Actual Total Rows": 294926, "Inner Unique": false, "Hash Cond": "(mi.movie_id = mc.movie_id), (LLVM Optimized, Jit Execute)", "Plans": [{"Node Type": "Streaming(type: LOCAL REDISTRIBUTE dop: 16/16)", "Parent Relationship": "Outer", "Startup Cost": 0.0, "Total Cost": 62931.17, "Plan Rows": 726375, "Plan Width": 8, "Actual Min Startup Time": 0.063, "Actual Max Startup Time": 0.5, "Actual Min Total Time": 556.564, "Actual Max Total Time": 557.588, "Actual Total Rows": 706674, "Plans": [{"Node Type": "Seq Scan", "Parent Relationship": "Outer", "Relation Name": "movie_info", "Alias": "mi", "Startup Cost": 0.0, "Total Cost": 45178.89, "Plan Rows": 726375, "Plan Width": 8, "Actual Min Startup Time": 0.043, "Actual Max Startup Time": 3.351, "Actual Min Total Time": 507.151, "Actual Max Total Time": 540.185, "Actual Total Rows": 706674, "Filter": "((info)::text = ANY ('{Sweden,Norway,Germany,Denmark,Swedish,Denish,Norwegian,German,USA,American}'::text[]))", "Rows Removed by Filter": 14129045}]}, {"Node Type": "Hash", "Parent Relationship": "Inner", "Startup Cost": 35014.87, "Total Cost": 35014.87, "Plan Rows": 418557, "Plan Width": 8, "Actual Min Startup Time": 90.095, "Actual Max Startup Time": 134.125, "Actual Min Total Time": 90.095, "Actual Max Total Time": 134.125, "Actual Total Rows": 295628, "Max Hash Buckets": 32768, "Min Hash Buckets": 32768, "Max Hash Batches": 1, "Min Hash Batches": 1, "Max Original Hash Batches": 1, "Min Original Hash Batches": 1, "Max Peak Memory Usage": 722, "min Peak Memory Usage": 722, "Plans": [{"Node Type": "Streaming(type: LOCAL REDISTRIBUTE dop: 16/16)", "Parent Relationship": "Outer", "Startup Cost": 0.0, "Total Cost": 35014.87, "Plan Rows": 418557, "Plan Width": 8, "Actual Min Startup Time": 0.049, "Actual Max Startup Time": 33.207, "Actual Min Total Time": 85.516, "Actual Max Total Time": 129.41, "Actual Total Rows": 295628, "Plans": [{"Node Type": "Seq Scan", "Parent Relationship": "Outer", "Relation Name": "movie_companies", "Alias": "mc", "Startup Cost": 0.0, "Total Cost": 18428.93, "Plan Rows": 418557, "Plan Width": 8, "Actual Min Startup Time": 0.04, "Actual Max Startup Time": 0.31, "Actual Min Total Time": 70.806, "Actual Max Total Time": 78.798, "Actual Total Rows": 295628, "Filter": "(((note)::text !~~ '%(TV)%'::text) AND ((note)::text ~~ '%(USA)%'::text)), (LLVM Optimized, Jit Execute)", "Rows Removed by Filter": 2313500}]}]}]}]}]}]}, {"Node Type": "Hash", "Parent Relationship": "Inner", "Startup Cost": 19149.37, "Total Cost": 19149.37, "Plan Rows": 1748840, "Plan Width": 21, "Actual Min Startup Time": 96.642, "Actual Max Startup Time": 105.087, "Actual Min Total Time": 96.642, "Actual Max Total Time": 105.087, "Actual Total Rows": 1749032, "Max Hash Buckets": 131072, "Min Hash Buckets": 131072, "Max Hash Batches": 1, "Min Hash Batches": 1, "Max Original Hash Batches": 1, "Min Original Hash Batches": 1, "Max Peak Memory Usage": 5962, "min Peak Memory Usage": 5962, "Plans": [{"Node Type": "Seq Scan", "Parent Relationship": "Outer", "Relation Name": "title", "Alias": "t", "Startup Cost": 0.0, "Total Cost": 19149.37, "Plan Rows": 1748840, "Plan Width": 21, "Actual Min Startup Time": 0.022, "Actual Max Startup Time": 0.034, "Actual Min Total Time": 63.648, "Actual Max Total Time": 70.486, "Actual Total Rows": 1749032, "Filter": "(production_year > 1990), (LLVM Optimized, Jit Execute)", "Rows Removed by Filter": 779279}]}]}]}, {"Node Type": "Hash", "Parent Relationship": "Inner", "Startup Cost": 2.12, "Total Cost": 2.12, "Plan Rows": 112, "Plan Width": 4, "Actual Min Startup Time": 0.123, "Actual Max Startup Time": 0.123, "Actual Min Total Time": 0.123, "Actual Max Total Time": 0.123, "Actual Total Rows": 112, "Max Hash Buckets": 32768, "Min Hash Buckets": 32768, "Max Hash Batches": 1, "Min Hash Batches": 1, "Max Original Hash Batches": 1, "Min Original Hash Batches": 1, "Max Peak Memory Usage": 4, "min Peak Memory Usage": 4, "Plans": [{"Node Type": "Seq Scan", "Parent Relationship": "Outer", "Relation Name": "info_type", "Alias": "it", "Startup Cost": 0.0, "Total Cost": 2.12, "Plan Rows": 112, "Plan Width": 4, "Actual Min Startup Time": 0.052, "Actual Max Startup Time": 0.052, "Actual Min Total Time": 0.069, "Actual Max Total Time": 0.069, "Actual Total Rows": 112}]}]}]}, "Triggers": [], "Planner Runtime": 25.775, "Total Runtime": 880.179, "Unique SQL Id": 322094867}}, "(16, 15)": {"explain_plan": {"Plan": {"Node Type": "Aggregate", "Strategy": "Plain", "Startup Cost": 5001727514755.89, "Total Cost": 5001727514755.9, "Plan Rows": 1, "Plan Width": 49, "Plans": [{"Node Type": "Merge Join", "Parent Relationship": "Outer", "Join Type": "Inner", "Startup Cost": 50024908232.05, "Total Cost": 5001727513928.26, "Plan Rows": 331050, "Plan Width": 17, "Inner Unique": true, "Merge Cond": "(mi.movie_id = t.id)", "Plans": [{"Node Type": "Nested Loop", "Parent Relationship": "Outer", "Join Type": "Inner", "Startup Cost": 40000000000.0, "Total Cost": 4002417254692.22, "Plan Rows": 238955, "Plan Width": 8, "Inner Unique": true, "Join Filter": "(mi.info_type_id = it.id), (LLVM Optimized)", "Plans": [{"Node Type": "Nested Loop", "Parent Relationship": "Outer", "Join Type": "Inner", "Startup Cost": 30000000000.0, "Total Cost": 3002416851854.54, "Plan Rows": 238955, "Plan Width": 12, "Inner Unique": false, "Join Filter": "(mc.movie_id = mi.movie_id), (LLVM Optimized)", "Plans": [{"Node Type": "Nested Loop", "Parent Relationship": "Outer", "Join Type": "Inner", "Startup Cost": 20000000000.0, "Total Cost": 2000014364018.74, "Plan Rows": 209278, "Plan Width": 4, "Inner Unique": true, "Join Filter": "(ct.id = mc.company_type_id), (LLVM Optimized)", "Plans": [{"Node Type": "Index Scan", "Parent Relationship": "Outer", "Scan Direction": "Forward", "Index Name": "movie_id_movie_companies", "Relation Name": "movie_companies", "Alias": "mc", "Startup Cost": 10000000000.0, "Total Cost": 1000014356510.13, "Plan Rows": 418557, "Plan Width": 8, "Filter": "(((note)::text !~~ '%(TV)%'::text) AND ((note)::text ~~ '%(USA)%'::text)), (LLVM Optimized)"}, {"Node Type": "Materialize", "Parent Relationship": "Inner", "Startup Cost": 10000000000.0, "Total Cost": 1000000001230.26, "Plan Rows": 1, "Plan Width": 4, "Plans": [{"Node Type": "Index Scan", "Parent Relationship": "Outer", "Scan Direction": "Forward", "Index Name": "company_type_pkey", "Relation Name": "company_type", "Alias": "ct", "Startup Cost": 10000000000.0, "Total Cost": 1000000001230.25, "Plan Rows": 1, "Plan Width": 4, "Filter": "((kind)::text = 'production companies'::text)"}]}]}, {"Node Type": "Materialize", "Parent Relationship": "Inner", "Startup Cost": 10000000000.0, "Total Cost": 1000122275042.99, "Plan Rows": 726375, "Plan Width": 8, "Plans": [{"Node Type": "Index Scan", "Parent Relationship": "Outer", "Scan Direction": "Forward", "Index Name": "info_type_id_movie_info", "Relation Name": "movie_info", "Alias": "mi", "Startup Cost": 10000000000.0, "Total Cost": 1000122271411.12, "Plan Rows": 726375, "Plan Width": 8, "Filter": "((info)::text = ANY ('{Sweden,Norway,Germany,Denmark,Swedish,Denish,Norwegian,German,USA,American}'::text[]))"}]}]}, {"Node Type": "Materialize", "Parent Relationship": "Inner", "Startup Cost": 10000000000.0, "Total Cost": 1000000001393.56, "Plan Rows": 112, "Plan Width": 4, "Plans": [{"Node Type": "Index Scan", "Parent Relationship": "Outer", "Scan Direction": "Forward", "Index Name": "info_type_pkey", "Relation Name": "info_type", "Alias": "it", "Startup Cost": 10000000000.0, "Total Cost": 1000000001393.0, "Plan Rows": 112, "Plan Width": 4}]}]}, {"Node Type": "Index Scan", "Parent Relationship": "Inner", "Scan Direction": "Forward", "Index Name": "title_pkey", "Relation Name": "title", "Alias": "t", "Startup Cost": 10000000000.0, "Total Cost": 1000011644126.66, "Plan Rows": 1748840, "Plan Width": 21, "Filter": "(production_year > 1990), (LLVM Optimized)"}]}]}, "Unique SQL Id": 322094867}, "explain_analyze_plan": null}, "(16, 16)": {"explain_plan": {"Plan": {"Node Type": "Aggregate", "Strategy": "Plain", "Startup Cost": 474559.68, "Total Cost": 474559.69, "Plan Rows": 1, "Plan Width": 49, "Plans": [{"Node Type": "Merge Join", "Parent Relationship": "Outer", "Join Type": "Inner", "Startup Cost": 468854.04, "Total Cost": 473732.05, "Plan Rows": 331050, "Plan Width": 17, "Inner Unique": false, "Merge Cond": "(it.id = mi.info_type_id)", "Plans": [{"Node Type": "Index Only Scan", "Parent Relationship": "Outer", "Scan Direction": "Forward", "Index Name": "info_type_pkey", "Relation Name": "info_type", "Alias": "it", "Startup Cost": 0.0, "Total Cost": 2.12, "Plan Rows": 112, "Plan Width": 4}, {"Node Type": "Sort", "Parent Relationship": "Inner", "Startup Cost": 468763.94, "Total Cost": 469591.57, "Plan Rows": 331050, "Plan Width": 21, "Sort Key": ["mi.info_type_id"], "Plans": [{"Node Type": "Nested Loop", "Parent Relationship": "Outer", "Join Type": "Inner", "Startup Cost": 0.0, "Total Cost": 438412.14, "Plan Rows": 331050, "Plan Width": 21, "Inner Unique": false, "Plans": [{"Node Type": "Nested Loop", "Parent Relationship": "Outer", "Join Type": "Inner", "Startup Cost": 0.0, "Total Cost": 179894.07, "Plan Rows": 289936, "Plan Width": 25, "Inner Unique": true, "Plans": [{"Node Type": "Nested Loop", "Parent Relationship": "Outer", "Join Type": "Inner", "Startup Cost": 0.0, "Total Cost": 32695.24, "Plan Rows": 209278, "Plan Width": 4, "Inner Unique": false, "Join Filter": "(ct.id = mc.company_type_id), (LLVM Optimized)", "Plans": [{"Node Type": "Seq Scan", "Parent Relationship": "Outer", "Relation Name": "company_type", "Alias": "ct", "Startup Cost": 0.0, "Total Cost": 1.04, "Plan Rows": 1, "Plan Width": 4, "Filter": "((kind)::text = 'production companies'::text)"}, {"Node Type": "Materialize", "Parent Relationship": "Inner", "Startup Cost": 0.0, "Total Cost": 28508.64, "Plan Rows": 418557, "Plan Width": 8, "Plans": [{"Node Type": "Streaming(type: LOCAL GATHER dop: 1/16)", "Parent Relationship": "Outer", "Startup Cost": 0.0, "Total Cost": 27462.24, "Plan Rows": 418557, "Plan Width": 8, "Plans": [{"Node Type": "Seq Scan", "Parent Relationship": "Outer", "Relation Name": "movie_companies", "Alias": "mc", "Startup Cost": 0.0, "Total Cost": 18428.93, "Plan Rows": 418557, "Plan Width": 8, "Filter": "(((note)::text !~~ '%(TV)%'::text) AND ((note)::text ~~ '%(USA)%'::text)), (LLVM Optimized)"}]}]}]}, {"Node Type": "Index Scan", "Parent Relationship": "Inner", "Scan Direction": "Forward", "Index Name": "title_pkey", "Relation Name": "title", "Alias": "t", "Startup Cost": 0.0, "Total Cost": 0.69, "Plan Rows": 1, "Plan Width": 21, "Index Cond": "(id = mc.movie_id)", "Filter": "(production_year > 1990)"}]}, {"Node Type": "Index Scan", "Parent Relationship": "Inner", "Scan Direction": "Forward", "Index Name": "movie_id_movie_info", "Relation Name": "movie_info", "Alias": "mi", "Startup Cost": 0.0, "Total Cost": 0.88, "Plan Rows": 1, "Plan Width": 8, "Index Cond": "(movie_id = t.id)", "Filter": "((info)::text = ANY ('{Sweden,Norway,Germany,Denmark,Swedish,Denish,Norwegian,German,USA,American}'::text[]))"}]}]}]}]}, "Unique SQL Id": 322094867}, "explain_analyze_plan": {"Plan": {"Node Type": "Aggregate", "Strategy": "Plain", "Startup Cost": 474559.68, "Total Cost": 474559.69, "Plan Rows": 1, "Plan Width": 49, "Actual Min Startup Time": 297.136, "Actual Max Startup Time": 297.136, "Actual Min Total Time": 297.137, "Actual Max Total Time": 297.137, "Actual Total Rows": 1, "Plans": [{"Node Type": "Merge Join", "Parent Relationship": "Outer", "Join Type": "Inner", "Startup Cost": 468854.04, "Total Cost": 473732.05, "Plan Rows": 331050, "Plan Width": 17, "Actual Min Startup Time": 296.676, "Actual Max Startup Time": 296.676, "Actual Min Total Time": 296.899, "Actual Max Total Time": 296.899, "Actual Total Rows": 669, "Inner Unique": false, "Merge Cond": "(it.id = mi.info_type_id)", "Plans": [{"Node Type": "Index Only Scan", "Parent Relationship": "Outer", "Scan Direction": "Forward", "Index Name": "info_type_pkey", "Relation Name": "info_type", "Alias": "it", "Startup Cost": 0.0, "Total Cost": 2.12, "Plan Rows": 112, "Plan Width": 4, "Actual Min Startup Time": 0.029, "Actual Max Startup Time": 0.029, "Actual Min Total Time": 0.037, "Actual Max Total Time": 0.037, "Actual Total Rows": 18, "Heap Fetches": 0}, {"Node Type": "Sort", "Parent Relationship": "Inner", "Startup Cost": 468763.94, "Total Cost": 469591.57, "Plan Rows": 331050, "Plan Width": 21, "Actual Min Startup Time": 296.624, "Actual Max Startup Time": 296.624, "Actual Min Total Time": 296.695, "Actual Max Total Time": 296.695, "Actual Total Rows": 669, "Sort Key": ["mi.info_type_id"], "Sort Method": "quicksort", "Sort Space Min Used": 90, "Sort Space Max Used": 90, "Sort Space Type": "Memory", "Plans": [{"Node Type": "Nested Loop", "Parent Relationship": "Outer", "Join Type": "Inner", "Startup Cost": 0.0, "Total Cost": 438412.14, "Plan Rows": 331050, "Plan Width": 21, "Actual Min Startup Time": 264.676, "Actual Max Startup Time": 264.676, "Actual Min Total Time": 296.264, "Actual Max Total Time": 296.264, "Actual Total Rows": 669, "Inner Unique": false, "Plans": [{"Node Type": "Nested Loop", "Parent Relationship": "Outer", "Join Type": "Inner", "Startup Cost": 0.0, "Total Cost": 179894.07, "Plan Rows": 289936, "Plan Width": 25, "Actual Min Startup Time": 264.631, "Actual Max Startup Time": 264.631, "Actual Min Total Time": 278.439, "Actual Max Total Time": 278.439, "Actual Total Rows": 767, "Inner Unique": true, "Plans": [{"Node Type": "Nested Loop", "Parent Relationship": "Outer", "Join Type": "Inner", "Startup Cost": 0.0, "Total Cost": 32695.24, "Plan Rows": 209278, "Plan Width": 4, "Actual Min Startup Time": 264.546, "Actual Max Startup Time": 264.546, "Actual Min Total Time": 273.651, "Actual Max Total Time": 273.651, "Actual Total Rows": 798, "Inner Unique": false, "Join Filter": "(ct.id = mc.company_type_id), (LLVM Optimized, Jit Execute)", "Rows Removed by Join Filter": 294830, "Plans": [{"Node Type": "Seq Scan", "Parent Relationship": "Outer", "Relation Name": "company_type", "Alias": "ct", "Startup Cost": 0.0, "Total Cost": 1.04, "Plan Rows": 1, "Plan Width": 4, "Actual Min Startup Time": 0.043, "Actual Max Startup Time": 0.043, "Actual Min Total Time": 0.049, "Actual Max Total Time": 0.049, "Actual Total Rows": 1, "Filter": "((kind)::text = 'production companies'::text)", "Rows Removed by Filter": 2}, {"Node Type": "Materialize", "Parent Relationship": "Inner", "Startup Cost": 0.0, "Total Cost": 28508.64, "Plan Rows": 418557, "Plan Width": 8, "Actual Min Startup Time": 177.751, "Actual Max Startup Time": 177.751, "Actual Min Total Time": 212.892, "Actual Max Total Time": 212.892, "Actual Total Rows": 295629, "Plans": [{"Node Type": "Streaming(type: LOCAL GATHER dop: 1/16)", "Parent Relationship": "Outer", "Startup Cost": 0.0, "Total Cost": 27462.24, "Plan Rows": 418557, "Plan Width": 8, "Actual Min Startup Time": 35.028, "Actual Max Startup Time": 35.028, "Actual Min Total Time": 135.315, "Actual Max Total Time": 135.315, "Actual Total Rows": 295628, "Plans": [{"Node Type": "Seq Scan", "Parent Relationship": "Outer", "Relation Name": "movie_companies", "Alias": "mc", "Startup Cost": 0.0, "Total Cost": 18428.93, "Plan Rows": 418557, "Plan Width": 8, "Actual Min Startup Time": 0.035, "Actual Max Startup Time": 0.305, "Actual Min Total Time": 70.597, "Actual Max Total Time": 78.391, "Actual Total Rows": 295628, "Filter": "(((note)::text !~~ '%(TV)%'::text) AND ((note)::text ~~ '%(USA)%'::text)), (LLVM Optimized, Jit Execute)", "Rows Removed by Filter": 2313500}]}]}]}, {"Node Type": "Index Scan", "Parent Relationship": "Inner", "Scan Direction": "Forward", "Index Name": "title_pkey", "Relation Name": "title", "Alias": "t", "Startup Cost": 0.0, "Total Cost": 0.69, "Plan Rows": 1, "Plan Width": 21, "Actual Min Startup Time": 4.157, "Actual Max Startup Time": 4.157, "Actual Min Total Time": 4.157, "Actual Max Total Time": 4.157, "Actual Total Rows": 767, "Index Cond": "(id = mc.movie_id)", "Rows Removed by Index Recheck": 0, "Filter": "(production_year > 1990)", "Rows Removed by Filter": 31}]}, {"Node Type": "Index Scan", "Parent Relationship": "Inner", "Scan Direction": "Forward", "Index Name": "movie_id_movie_info", "Relation Name": "movie_info", "Alias": "mi", "Startup Cost": 0.0, "Total Cost": 0.88, "Plan Rows": 1, "Plan Width": 8, "Actual Min Startup Time": 15.106, "Actual Max Startup Time": 15.106, "Actual Min Total Time": 17.268, "Actual Max Total Time": 17.268, "Actual Total Rows": 669, "Index Cond": "(movie_id = t.id)", "Rows Removed by Index Recheck": 0, "Filter": "((info)::text = ANY ('{Sweden,Norway,Germany,Denmark,Swedish,Denish,Norwegian,German,USA,American}'::text[]))", "Rows Removed by Filter": 7721}]}]}]}]}, "Triggers": [], "Planner Runtime": 5.683, "Total Runtime": 310.73, "Unique SQL Id": 322094867}}, "(16, 17)": {"explain_plan": {"Plan": {"Node Type": "Aggregate", "Strategy": "Plain", "Startup Cost": 540686.63, "Total Cost": 540686.64, "Plan Rows": 1, "Plan Width": 49, "Plans": [{"Node Type": "Merge Join", "Parent Relationship": "Outer", "Join Type": "Inner", "Startup Cost": 534973.32, "Total Cost": 539859.0, "Plan Rows": 331050, "Plan Width": 17, "Inner Unique": false, "Merge Cond": "(it.id = mi.info_type_id)", "Plans": [{"Node Type": "Index Only Scan", "Parent Relationship": "Outer", "Scan Direction": "Forward", "Index Name": "info_type_pkey", "Relation Name": "info_type", "Alias": "it", "Startup Cost": 0.0, "Total Cost": 9.93, "Plan Rows": 112, "Plan Width": 4}, {"Node Type": "Sort", "Parent Relationship": "Inner", "Startup Cost": 534883.22, "Total Cost": 535710.85, "Plan Rows": 331050, "Plan Width": 21, "Sort Key": ["mi.info_type_id"], "Plans": [{"Node Type": "Nested Loop", "Parent Relationship": "Outer", "Join Type": "Inner", "Startup Cost": 0.0, "Total Cost": 504531.42, "Plan Rows": 331050, "Plan Width": 21, "Inner Unique": false, "Plans": [{"Node Type": "Nested Loop", "Parent Relationship": "Outer", "Join Type": "Inner", "Startup Cost": 0.0, "Total Cost": 246013.35, "Plan Rows": 289936, "Plan Width": 25, "Inner Unique": true, "Plans": [{"Node Type": "Nested Loop", "Parent Relationship": "Outer", "Join Type": "Inner", "Startup Cost": 0.0, "Total Cost": 98814.52, "Plan Rows": 209278, "Plan Width": 4, "Inner Unique": false, "Join Filter": "(ct.id = mc.company_type_id), (LLVM Optimized)", "Plans": [{"Node Type": "Index Scan", "Parent Relationship": "Outer", "Scan Direction": "Forward", "Index Name": "company_type_pkey", "Relation Name": "company_type", "Alias": "ct", "Startup Cost": 0.0, "Total Cost": 12.3, "Plan Rows": 1, "Plan Width": 4, "Filter": "((kind)::text = 'production companies'::text)"}, {"Node Type": "Materialize", "Parent Relationship": "Inner", "Startup Cost": 0.0, "Total Cost": 94616.65, "Plan Rows": 418557, "Plan Width": 8, "Plans": [{"Node Type": "Streaming(type: LOCAL GATHER dop: 1/16)", "Parent Relationship": "Outer", "Startup Cost": 0.0, "Total Cost": 93570.26, "Plan Rows": 418557, "Plan Width": 8, "Plans": [{"Node Type": "Index Scan", "Parent Relationship": "Outer", "Scan Direction": "Forward", "Index Name": "company_type_id_movie_companies", "Relation Name": "movie_companies", "Alias": "mc", "Startup Cost": 0.0, "Total Cost": 84536.95, "Plan Rows": 418557, "Plan Width": 8, "Filter": "(((note)::text !~~ '%(TV)%'::text) AND ((note)::text ~~ '%(USA)%'::text)), (LLVM Optimized)"}]}]}]}, {"Node Type": "Index Scan", "Parent Relationship": "Inner", "Scan Direction": "Forward", "Index Name": "title_pkey", "Relation Name": "title", "Alias": "t", "Startup Cost": 0.0, "Total Cost": 0.69, "Plan Rows": 1, "Plan Width": 21, "Index Cond": "(id = mc.movie_id)", "Filter": "(production_year > 1990)"}]}, {"Node Type": "Index Scan", "Parent Relationship": "Inner", "Scan Direction": "Forward", "Index Name": "movie_id_movie_info", "Relation Name": "movie_info", "Alias": "mi", "Startup Cost": 0.0, "Total Cost": 0.88, "Plan Rows": 1, "Plan Width": 8, "Index Cond": "(movie_id = t.id)", "Filter": "((info)::text = ANY ('{Sweden,Norway,Germany,Denmark,Swedish,Denish,Norwegian,German,USA,American}'::text[]))"}]}]}]}]}, "Unique SQL Id": 322094867}, "explain_analyze_plan": {"Plan": {"Node Type": "Aggregate", "Strategy": "Plain", "Startup Cost": 540686.63, "Total Cost": 540686.64, "Plan Rows": 1, "Plan Width": 49, "Actual Min Startup Time": 404.405, "Actual Max Startup Time": 404.405, "Actual Min Total Time": 404.406, "Actual Max Total Time": 404.406, "Actual Total Rows": 1, "Plans": [{"Node Type": "Merge Join", "Parent Relationship": "Outer", "Join Type": "Inner", "Startup Cost": 534973.32, "Total Cost": 539859.0, "Plan Rows": 331050, "Plan Width": 17, "Actual Min Startup Time": 403.934, "Actual Max Startup Time": 403.934, "Actual Min Total Time": 404.195, "Actual Max Total Time": 404.195, "Actual Total Rows": 669, "Inner Unique": false, "Merge Cond": "(it.id = mi.info_type_id)", "Plans": [{"Node Type": "Index Only Scan", "Parent Relationship": "Outer", "Scan Direction": "Forward", "Index Name": "info_type_pkey", "Relation Name": "info_type", "Alias": "it", "Startup Cost": 0.0, "Total Cost": 9.93, "Plan Rows": 112, "Plan Width": 4, "Actual Min Startup Time": 0.019, "Actual Max Startup Time": 0.019, "Actual Min Total Time": 0.026, "Actual Max Total Time": 0.026, "Actual Total Rows": 18, "Heap Fetches": 0}, {"Node Type": "Sort", "Parent Relationship": "Inner", "Startup Cost": 534883.22, "Total Cost": 535710.85, "Plan Rows": 331050, "Plan Width": 21, "Actual Min Startup Time": 403.896, "Actual Max Startup Time": 403.896, "Actual Min Total Time": 403.971, "Actual Max Total Time": 403.971, "Actual Total Rows": 669, "Sort Key": ["mi.info_type_id"], "Sort Method": "quicksort", "Sort Space Min Used": 90, "Sort Space Max Used": 90, "Sort Space Type": "Memory", "Plans": [{"Node Type": "Nested Loop", "Parent Relationship": "Outer", "Join Type": "Inner", "Startup Cost": 0.0, "Total Cost": 504531.42, "Plan Rows": 331050, "Plan Width": 21, "Actual Min Startup Time": 298.472, "Actual Max Startup Time": 298.472, "Actual Min Total Time": 403.525, "Actual Max Total Time": 403.525, "Actual Total Rows": 669, "Inner Unique": false, "Plans": [{"Node Type": "Nested Loop", "Parent Relationship": "Outer", "Join Type": "Inner", "Startup Cost": 0.0, "Total Cost": 246013.35, "Plan Rows": 289936, "Plan Width": 25, "Actual Min Startup Time": 298.433, "Actual Max Startup Time": 298.433, "Actual Min Total Time": 385.892, "Actual Max Total Time": 385.892, "Actual Total Rows": 767, "Inner Unique": true, "Plans": [{"Node Type": "Nested Loop", "Parent Relationship": "Outer", "Join Type": "Inner", "Startup Cost": 0.0, "Total Cost": 98814.52, "Plan Rows": 209278, "Plan Width": 4, "Actual Min Startup Time": 298.386, "Actual Max Startup Time": 298.386, "Actual Min Total Time": 381.128, "Actual Max Total Time": 381.128, "Actual Total Rows": 798, "Inner Unique": false, "Join Filter": "(ct.id = mc.company_type_id), (LLVM Optimized)", "Rows Removed by Join Filter": 294830, "Plans": [{"Node Type": "Index Scan", "Parent Relationship": "Outer", "Scan Direction": "Forward", "Index Name": "company_type_pkey", "Relation Name": "company_type", "Alias": "ct", "Startup Cost": 0.0, "Total Cost": 12.3, "Plan Rows": 1, "Plan Width": 4, "Actual Min Startup Time": 0.04, "Actual Max Startup Time": 0.04, "Actual Min Total Time": 0.046, "Actual Max Total Time": 0.046, "Actual Total Rows": 1, "Filter": "((kind)::text = 'production companies'::text)", "Rows Removed by Filter": 2}, {"Node Type": "Materialize", "Parent Relationship": "Inner", "Startup Cost": 0.0, "Total Cost": 94616.65, "Plan Rows": 418557, "Plan Width": 8, "Actual Min Startup Time": 269.913, "Actual Max Startup Time": 269.913, "Actual Min Total Time": 312.73, "Actual Max Total Time": 312.73, "Actual Total Rows": 295629, "Plans": [{"Node Type": "Streaming(type: LOCAL GATHER dop: 1/16)", "Parent Relationship": "Outer", "Startup Cost": 0.0, "Total Cost": 93570.26, "Plan Rows": 418557, "Plan Width": 8, "Actual Min Startup Time": 70.221, "Actual Max Startup Time": 70.221, "Actual Min Total Time": 226.903, "Actual Max Total Time": 226.903, "Actual Total Rows": 295628, "Plans": [{"Node Type": "Index Scan", "Parent Relationship": "Outer", "Scan Direction": "Forward", "Index Name": "company_type_id_movie_companies", "Relation Name": "movie_companies", "Alias": "mc", "Startup Cost": 0.0, "Total Cost": 84536.95, "Plan Rows": 418557, "Plan Width": 8, "Actual Min Startup Time": 14.827, "Actual Max Startup Time": 36.766, "Actual Min Total Time": 90.619, "Actual Max Total Time": 177.439, "Actual Total Rows": 295628, "Filter": "(((note)::text !~~ '%(TV)%'::text) AND ((note)::text ~~ '%(USA)%'::text)), (LLVM Optimized)", "Rows Removed by Filter": 2313500}]}]}]}, {"Node Type": "Index Scan", "Parent Relationship": "Inner", "Scan Direction": "Forward", "Index Name": "title_pkey", "Relation Name": "title", "Alias": "t", "Startup Cost": 0.0, "Total Cost": 0.69, "Plan Rows": 1, "Plan Width": 21, "Actual Min Startup Time": 4.137, "Actual Max Startup Time": 4.137, "Actual Min Total Time": 4.137, "Actual Max Total Time": 4.137, "Actual Total Rows": 767, "Index Cond": "(id = mc.movie_id)", "Rows Removed by Index Recheck": 0, "Filter": "(production_year > 1990)", "Rows Removed by Filter": 31}]}, {"Node Type": "Index Scan", "Parent Relationship": "Inner", "Scan Direction": "Forward", "Index Name": "movie_id_movie_info", "Relation Name": "movie_info", "Alias": "mi", "Startup Cost": 0.0, "Total Cost": 0.88, "Plan Rows": 1, "Plan Width": 8, "Actual Min Startup Time": 14.901, "Actual Max Startup Time": 14.901, "Actual Min Total Time": 17.062, "Actual Max Total Time": 17.062, "Actual Total Rows": 669, "Index Cond": "(movie_id = t.id)", "Rows Removed by Index Recheck": 0, "Filter": "((info)::text = ANY ('{Sweden,Norway,Germany,Denmark,Swedish,Denish,Norwegian,German,USA,American}'::text[]))", "Rows Removed by Filter": 7721}]}]}]}]}, "Triggers": [], "Planner Runtime": 6.898, "Total Runtime": 417.619, "Unique SQL Id": 322094867}}, "(16, 18)": {"explain_plan": {"Plan": {"Node Type": "Aggregate", "Strategy": "Plain", "Startup Cost": 2133252.32, "Total Cost": 2133252.33, "Plan Rows": 1, "Plan Width": 49, "Plans": [{"Node Type": "Nested Loop", "Parent Relationship": "Outer", "Join Type": "Inner", "Startup Cost": 1093344.83, "Total Cost": 2132424.69, "Plan Rows": 331050, "Plan Width": 17, "Inner Unique": true, "Plans": [{"Node Type": "Merge Join", "Parent Relationship": "Outer", "Join Type": "Inner", "Startup Cost": 1093344.52, "Total Cost": 1096864.36, "Plan Rows": 238955, "Plan Width": 8, "Inner Unique": false, "Merge Cond": "(it.id = mi.info_type_id)", "Plans": [{"Node Type": "Sort", "Parent Relationship": "Outer", "Startup Cost": 5.93, "Total Cost": 6.21, "Plan Rows": 112, "Plan Width": 4, "Sort Key": ["it.id"], "Plans": [{"Node Type": "Seq Scan", "Parent Relationship": "Outer", "Relation Name": "info_type", "Alias": "it", "Startup Cost": 0.0, "Total Cost": 2.12, "Plan Rows": 112, "Plan Width": 4}]}, {"Node Type": "Sort", "Parent Relationship": "Inner", "Startup Cost": 1093273.55, "Total Cost": 1093870.94, "Plan Rows": 238955, "Plan Width": 12, "Sort Key": ["mi.info_type_id"], "Plans": [{"Node Type": "Nested Loop", "Parent Relationship": "Outer", "Join Type": "Inner", "Startup Cost": 0.83, "Total Cost": 1071927.25, "Plan Rows": 238955, "Plan Width": 12, "Inner Unique": false, "Plans": [{"Node Type": "Nested Loop", "Parent Relationship": "Outer", "Join Type": "Inner", "Startup Cost": 0.0, "Total Cost": 32695.24, "Plan Rows": 209278, "Plan Width": 4, "Inner Unique": false, "Join Filter": "(ct.id = mc.company_type_id), (LLVM Optimized)", "Plans": [{"Node Type": "Seq Scan", "Parent Relationship": "Outer", "Relation Name": "company_type", "Alias": "ct", "Startup Cost": 0.0, "Total Cost": 1.04, "Plan Rows": 1, "Plan Width": 4, "Filter": "((kind)::text = 'production companies'::text)"}, {"Node Type": "Materialize", "Parent Relationship": "Inner", "Startup Cost": 0.0, "Total Cost": 28508.64, "Plan Rows": 418557, "Plan Width": 8, "Plans": [{"Node Type": "Streaming(type: LOCAL GATHER dop: 1/16)", "Parent Relationship": "Outer", "Startup Cost": 0.0, "Total Cost": 27462.24, "Plan Rows": 418557, "Plan Width": 8, "Plans": [{"Node Type": "Seq Scan", "Parent Relationship": "Outer", "Relation Name": "movie_companies", "Alias": "mc", "Startup Cost": 0.0, "Total Cost": 18428.93, "Plan Rows": 418557, "Plan Width": 8, "Filter": "(((note)::text !~~ '%(TV)%'::text) AND ((note)::text ~~ '%(USA)%'::text)), (LLVM Optimized)"}]}]}]}, {"Node Type": "Bitmap Heap Scan", "Parent Relationship": "Inner", "Relation Name": "movie_info", "Alias": "mi", "Startup Cost": 0.83, "Total Cost": 4.96, "Plan Rows": 1, "Plan Width": 8, "Recheck Cond": "(movie_id = mc.movie_id)", "Filter": "((info)::text = ANY ('{Sweden,Norway,Germany,Denmark,Swedish,Denish,Norwegian,German,USA,American}'::text[]))", "Plans": [{"Node Type": "Bitmap Index Scan", "Parent Relationship": "Outer", "Index Name": "movie_id_movie_info", "Startup Cost": 0.0, "Total Cost": 0.83, "Plan Rows": 5, "Plan Width": 0, "Index Cond": "(movie_id = mc.movie_id)"}]}]}]}]}, {"Node Type": "Bitmap Heap Scan", "Parent Relationship": "Inner", "Relation Name": "title", "Alias": "t", "Startup Cost": 0.31, "Total Cost": 4.32, "Plan Rows": 1, "Plan Width": 21, "Recheck Cond": "(id = mi.movie_id)", "Filter": "(production_year > 1990)", "Plans": [{"Node Type": "Bitmap Index Scan", "Parent Relationship": "Outer", "Index Name": "title_pkey", "Startup Cost": 0.0, "Total Cost": 0.31, "Plan Rows": 1, "Plan Width": 0, "Index Cond": "(id = mi.movie_id)"}]}]}]}, "Unique SQL Id": 322094867}, "explain_analyze_plan": {"Plan": {"Node Type": "Aggregate", "Strategy": "Plain", "Startup Cost": 2133252.32, "Total Cost": 2133252.33, "Plan Rows": 1, "Plan Width": 49, "Actual Min Startup Time": 312.203, "Actual Max Startup Time": 312.203, "Actual Min Total Time": 312.203, "Actual Max Total Time": 312.203, "Actual Total Rows": 1, "Plans": [{"Node Type": "Nested Loop", "Parent Relationship": "Outer", "Join Type": "Inner", "Startup Cost": 1093344.83, "Total Cost": 2132424.69, "Plan Rows": 331050, "Plan Width": 17, "Actual Min Startup Time": 306.281, "Actual Max Startup Time": 306.281, "Actual Min Total Time": 311.83, "Actual Max Total Time": 311.83, "Actual Total Rows": 669, "Inner Unique": true, "Plans": [{"Node Type": "Merge Join", "Parent Relationship": "Outer", "Join Type": "Inner", "Startup Cost": 1093344.52, "Total Cost": 1096864.36, "Plan Rows": 238955, "Plan Width": 8, "Actual Min Startup Time": 306.207, "Actual Max Startup Time": 306.207, "Actual Min Total Time": 306.49, "Actual Max Total Time": 306.49, "Actual Total Rows": 691, "Inner Unique": false, "Merge Cond": "(it.id = mi.info_type_id)", "Plans": [{"Node Type": "Sort", "Parent Relationship": "Outer", "Startup Cost": 5.93, "Total Cost": 6.21, "Plan Rows": 112, "Plan Width": 4, "Actual Min Startup Time": 0.118, "Actual Max Startup Time": 0.118, "Actual Min Total Time": 0.121, "Actual Max Total Time": 0.121, "Actual Total Rows": 18, "Sort Key": ["it.id"], "Sort Method": "quicksort", "Sort Space Min Used": 32, "Sort Space Max Used": 32, "Sort Space Type": "Memory", "Plans": [{"Node Type": "Seq Scan", "Parent Relationship": "Outer", "Relation Name": "info_type", "Alias": "it", "Startup Cost": 0.0, "Total Cost": 2.12, "Plan Rows": 112, "Plan Width": 4, "Actual Min Startup Time": 0.042, "Actual Max Startup Time": 0.042, "Actual Min Total Time": 0.06, "Actual Max Total Time": 0.06, "Actual Total Rows": 112}]}, {"Node Type": "Sort", "Parent Relationship": "Inner", "Startup Cost": 1093273.55, "Total Cost": 1093870.94, "Plan Rows": 238955, "Plan Width": 12, "Actual Min Startup Time": 306.076, "Actual Max Startup Time": 306.076, "Actual Min Total Time": 306.158, "Actual Max Total Time": 306.158, "Actual Total Rows": 691, "Sort Key": ["mi.info_type_id"], "Sort Method": "quicksort", "Sort Space Min Used": 89, "Sort Space Max Used": 89, "Sort Space Type": "Memory", "Plans": [{"Node Type": "Nested Loop", "Parent Relationship": "Outer", "Join Type": "Inner", "Startup Cost": 0.83, "Total Cost": 1071927.25, "Plan Rows": 238955, "Plan Width": 12, "Actual Min Startup Time": 269.591, "Actual Max Startup Time": 269.591, "Actual Min Total Time": 305.741, "Actual Max Total Time": 305.741, "Actual Total Rows": 691, "Inner Unique": false, "Plans": [{"Node Type": "Nested Loop", "Parent Relationship": "Outer", "Join Type": "Inner", "Startup Cost": 0.0, "Total Cost": 32695.24, "Plan Rows": 209278, "Plan Width": 4, "Actual Min Startup Time": 269.47, "Actual Max Startup Time": 269.47, "Actual Min Total Time": 283.023, "Actual Max Total Time": 283.023, "Actual Total Rows": 798, "Inner Unique": false, "Join Filter": "(ct.id = mc.company_type_id), (LLVM Optimized)", "Rows Removed by Join Filter": 294830, "Plans": [{"Node Type": "Seq Scan", "Parent Relationship": "Outer", "Relation Name": "company_type", "Alias": "ct", "Startup Cost": 0.0, "Total Cost": 1.04, "Plan Rows": 1, "Plan Width": 4, "Actual Min Startup Time": 0.046, "Actual Max Startup Time": 0.046, "Actual Min Total Time": 0.052, "Actual Max Total Time": 0.052, "Actual Total Rows": 1, "Filter": "((kind)::text = 'production companies'::text)", "Rows Removed by Filter": 2}, {"Node Type": "Materialize", "Parent Relationship": "Inner", "Startup Cost": 0.0, "Total Cost": 28508.64, "Plan Rows": 418557, "Plan Width": 8, "Actual Min Startup Time": 182.173, "Actual Max Startup Time": 182.173, "Actual Min Total Time": 218.127, "Actual Max Total Time": 218.127, "Actual Total Rows": 295629, "Plans": [{"Node Type": "Streaming(type: LOCAL GATHER dop: 1/16)", "Parent Relationship": "Outer", "Startup Cost": 0.0, "Total Cost": 27462.24, "Plan Rows": 418557, "Plan Width": 8, "Actual Min Startup Time": 45.362, "Actual Max Startup Time": 45.362, "Actual Min Total Time": 139.97, "Actual Max Total Time": 139.97, "Actual Total Rows": 295628, "Plans": [{"Node Type": "Seq Scan", "Parent Relationship": "Outer", "Relation Name": "movie_companies", "Alias": "mc", "Startup Cost": 0.0, "Total Cost": 18428.93, "Plan Rows": 418557, "Plan Width": 8, "Actual Min Startup Time": 0.039, "Actual Max Startup Time": 0.305, "Actual Min Total Time": 70.567, "Actual Max Total Time": 78.444, "Actual Total Rows": 295628, "Filter": "(((note)::text !~~ '%(TV)%'::text) AND ((note)::text ~~ '%(USA)%'::text)), (LLVM Optimized)", "Rows Removed by Filter": 2313500}]}]}]}, {"Node Type": "Bitmap Heap Scan", "Parent Relationship": "Inner", "Relation Name": "movie_info", "Alias": "mi", "Startup Cost": 0.83, "Total Cost": 4.96, "Plan Rows": 1, "Plan Width": 8, "Actual Min Startup Time": 19.487, "Actual Max Startup Time": 19.487, "Actual Min Total Time": 21.36, "Actual Max Total Time": 21.36, "Actual Total Rows": 691, "Recheck Cond": "(movie_id = mc.movie_id)", "Rows Removed by Index Recheck": 0, "Filter": "((info)::text = ANY ('{Sweden,Norway,Germany,Denmark,Swedish,Denish,Norwegian,German,USA,American}'::text[]))", "Rows Removed by Filter": 7906, "Exact Heap Blocks": 6397, "Lossy Heap Blocks": 6397, "Plans": [{"Node Type": "Bitmap Index Scan", "Parent Relationship": "Outer", "Index Name": "movie_id_movie_info", "Startup Cost": 0.0, "Total Cost": 0.83, "Plan Rows": 5, "Plan Width": 0, "Actual Min Startup Time": 5.055, "Actual Max Startup Time": 5.055, "Actual Min Total Time": 5.055, "Actual Max Total Time": 5.055, "Actual Total Rows": 8597, "Index Cond": "(movie_id = mc.movie_id)"}]}]}]}]}, {"Node Type": "Bitmap Heap Scan", "Parent Relationship": "Inner", "Relation Name": "title", "Alias": "t", "Startup Cost": 0.31, "Total Cost": 4.32, "Plan Rows": 1, "Plan Width": 21, "Actual Min Startup Time": 4.396, "Actual Max Startup Time": 4.396, "Actual Min Total Time": 4.396, "Actual Max Total Time": 4.396, "Actual Total Rows": 669, "Recheck Cond": "(id = mi.movie_id)", "Rows Removed by Index Recheck": 0, "Filter": "(production_year > 1990)", "Rows Removed by Filter": 22, "Exact Heap Blocks": 691, "Lossy Heap Blocks": 691, "Plans": [{"Node Type": "Bitmap Index Scan", "Parent Relationship": "Outer", "Index Name": "title_pkey", "Startup Cost": 0.0, "Total Cost": 0.31, "Plan Rows": 1, "Plan Width": 0, "Actual Min Startup Time": 2.648, "Actual Max Startup Time": 2.648, "Actual Min Total Time": 2.648, "Actual Max Total Time": 2.648, "Actual Total Rows": 691, "Index Cond": "(id = mi.movie_id)"}]}]}]}, "Triggers": [], "Planner Runtime": 7.042, "Total Runtime": 324.383, "Unique SQL Id": 322094867}}, "(16, 19)": {"explain_plan": {"Plan": {"Node Type": "Aggregate", "Strategy": "Plain", "Startup Cost": 1297250.03, "Total Cost": 1297250.04, "Plan Rows": 1, "Plan Width": 49, "Plans": [{"Node Type": "Merge Join", "Parent Relationship": "Outer", "Join Type": "Inner", "Startup Cost": 1291546.21, "Total Cost": 1296422.41, "Plan Rows": 331050, "Plan Width": 17, "Inner Unique": false, "Merge Cond": "(it.id = mi.info_type_id)", "Plans": [{"Node Type": "Sort", "Parent Relationship": "Outer", "Startup Cost": 17.77, "Total Cost": 18.05, "Plan Rows": 112, "Plan Width": 4, "Sort Key": ["it.id"], "Plans": [{"Node Type": "Bitmap Heap Scan", "Parent Relationship": "Outer", "Relation Name": "info_type", "Alias": "it", "Startup Cost": 8.84, "Total Cost": 13.96, "Plan Rows": 112, "Plan Width": 4, "Plans": [{"Node Type": "Bitmap Index Scan", "Parent Relationship": "Outer", "Index Name": "info_type_pkey", "Startup Cost": 0.0, "Total Cost": 8.81, "Plan Rows": 112, "Plan Width": 0}]}]}, {"Node Type": "Sort", "Parent Relationship": "Inner", "Startup Cost": 1291438.34, "Total Cost": 1292265.96, "Plan Rows": 331050, "Plan Width": 21, "Sort Key": ["mi.info_type_id"], "Plans": [{"Node Type": "Merge Join", "Parent Relationship": "Outer", "Join Type": "Inner", "Startup Cost": 1241374.64, "Total Cost": 1261086.53, "Plan Rows": 331050, "Plan Width": 21, "Inner Unique": true, "Merge Cond": "(mi.movie_id = t.id)", "Plans": [{"Node Type": "Merge Join", "Parent Relationship": "Outer", "Join Type": "Inner", "Startup Cost": 943556.59, "Total Cost": 950622.81, "Plan Rows": 238955, "Plan Width": 12, "Inner Unique": false, "Merge Cond": "(mc.movie_id = mi.movie_id)", "Plans": [{"Node Type": "Sort", "Parent Relationship": "Outer", "Startup Cost": 88152.77, "Total Cost": 88675.96, "Plan Rows": 209278, "Plan Width": 4, "Sort Key": ["mc.movie_id"], "Plans": [{"Node Type": "Nested Loop", "Parent Relationship": "Outer", "Join Type": "Inner", "Startup Cost": 29005.06, "Total Cost": 69657.76, "Plan Rows": 209278, "Plan Width": 4, "Inner Unique": false, "Plans": [{"Node Type": "Bitmap Heap Scan", "Parent Relationship": "Outer", "Relation Name": "company_type", "Alias": "ct", "Startup Cost": 8.27, "Total Cost": 12.3, "Plan Rows": 1, "Plan Width": 4, "Filter": "((kind)::text = 'production companies'::text)", "Plans": [{"Node Type": "Bitmap Index Scan", "Parent Relationship": "Outer", "Index Name": "company_type_pkey", "Startup Cost": 0.0, "Total Cost": 8.27, "Plan Rows": 3, "Plan Width": 0}]}, {"Node Type": "Bitmap Heap Scan", "Parent Relationship": "Inner", "Relation Name": "movie_companies", "Alias": "mc", "Startup Cost": 28996.8, "Total Cost": 67552.67, "Plan Rows": 209279, "Plan Width": 8, "Recheck Cond": "(company_type_id = ct.id), (LLVM Optimized)", "Filter": "(((note)::text !~~ '%(TV)%'::text) AND ((note)::text ~~ '%(USA)%'::text)), (LLVM Optimized)", "Plans": [{"Node Type": "Bitmap Index Scan", "Parent Relationship": "Outer", "Index Name": "company_type_id_movie_companies", "Startup Cost": 0.0, "Total Cost": 28944.48, "Plan Rows": 1304564, "Plan Width": 0, "Index Cond": "(company_type_id = ct.id)"}]}]}]}, {"Node Type": "Sort", "Parent Relationship": "Inner", "Startup Cost": 855403.8, "Total Cost": 857219.74, "Plan Rows": 726375, "Plan Width": 8, "Sort Key": ["mi.movie_id"], "Plans": [{"Node Type": "Bitmap Heap Scan", "Parent Relationship": "Outer", "Relation Name": "movie_info", "Alias": "mi", "Startup Cost": 301827.67, "Total Cost": 784689.91, "Plan Rows": 726375, "Plan Width": 8, "Filter": "((info)::text = ANY ('{Sweden,Norway,Germany,Denmark,Swedish,Denish,Norwegian,German,USA,American}'::text[]))", "Plans": [{"Node Type": "Bitmap Index Scan", "Parent Relationship": "Outer", "Index Name": "movie_id_movie_info", "Startup Cost": 0.0, "Total Cost": 301646.08, "Plan Rows": 14869966, "Plan Width": 0}]}]}]}, {"Node Type": "Sort", "Parent Relationship": "Inner", "Startup Cost": 297817.83, "Total Cost": 302189.93, "Plan Rows": 1748840, "Plan Width": 21, "Sort Key": ["t.id"], "Plans": [{"Node Type": "Bitmap Heap Scan", "Parent Relationship": "Outer", "Relation Name": "title", "Alias": "t", "Startup Cost": 50091.01, "Total Cost": 116480.9, "Plan Rows": 1748840, "Plan Width": 21, "Filter": "(production_year > 1990), (LLVM Optimized)", "Plans": [{"Node Type": "Bitmap Index Scan", "Parent Relationship": "Outer", "Index Name": "title_pkey", "Startup Cost": 0.0, "Total Cost": 49653.81, "Plan Rows": 2528311, "Plan Width": 0}]}]}]}]}]}]}, "Unique SQL Id": 322094867}, "explain_analyze_plan": null}, "(16, 20)": {"explain_plan": {"Plan": {"Node Type": "Aggregate", "Strategy": "Plain", "Startup Cost": 474563.8, "Total Cost": 474563.81, "Plan Rows": 1, "Plan Width": 49, "Plans": [{"Node Type": "Merge Join", "Parent Relationship": "Outer", "Join Type": "Inner", "Startup Cost": 468859.98, "Total Cost": 473736.18, "Plan Rows": 331050, "Plan Width": 17, "Inner Unique": false, "Merge Cond": "(it.id = mi.info_type_id)", "Plans": [{"Node Type": "Sort", "Parent Relationship": "Outer", "Startup Cost": 5.93, "Total Cost": 6.21, "Plan Rows": 112, "Plan Width": 4, "Sort Key": ["it.id"], "Plans": [{"Node Type": "Seq Scan", "Parent Relationship": "Outer", "Relation Name": "info_type", "Alias": "it", "Startup Cost": 0.0, "Total Cost": 2.12, "Plan Rows": 112, "Plan Width": 4}]}, {"Node Type": "Sort", "Parent Relationship": "Inner", "Startup Cost": 468763.94, "Total Cost": 469591.57, "Plan Rows": 331050, "Plan Width": 21, "Sort Key": ["mi.info_type_id"], "Plans": [{"Node Type": "Nested Loop", "Parent Relationship": "Outer", "Join Type": "Inner", "Startup Cost": 0.0, "Total Cost": 438412.14, "Plan Rows": 331050, "Plan Width": 21, "Inner Unique": false, "Plans": [{"Node Type": "Nested Loop", "Parent Relationship": "Outer", "Join Type": "Inner", "Startup Cost": 0.0, "Total Cost": 179894.07, "Plan Rows": 289936, "Plan Width": 25, "Inner Unique": true, "Plans": [{"Node Type": "Nested Loop", "Parent Relationship": "Outer", "Join Type": "Inner", "Startup Cost": 0.0, "Total Cost": 32695.24, "Plan Rows": 209278, "Plan Width": 4, "Inner Unique": false, "Join Filter": "(ct.id = mc.company_type_id), (LLVM Optimized)", "Plans": [{"Node Type": "Seq Scan", "Parent Relationship": "Outer", "Relation Name": "company_type", "Alias": "ct", "Startup Cost": 0.0, "Total Cost": 1.04, "Plan Rows": 1, "Plan Width": 4, "Filter": "((kind)::text = 'production companies'::text)"}, {"Node Type": "Materialize", "Parent Relationship": "Inner", "Startup Cost": 0.0, "Total Cost": 28508.64, "Plan Rows": 418557, "Plan Width": 8, "Plans": [{"Node Type": "Streaming(type: LOCAL GATHER dop: 1/16)", "Parent Relationship": "Outer", "Startup Cost": 0.0, "Total Cost": 27462.24, "Plan Rows": 418557, "Plan Width": 8, "Plans": [{"Node Type": "Seq Scan", "Parent Relationship": "Outer", "Relation Name": "movie_companies", "Alias": "mc", "Startup Cost": 0.0, "Total Cost": 18428.93, "Plan Rows": 418557, "Plan Width": 8, "Filter": "(((note)::text !~~ '%(TV)%'::text) AND ((note)::text ~~ '%(USA)%'::text)), (LLVM Optimized)"}]}]}]}, {"Node Type": "Index Scan", "Parent Relationship": "Inner", "Scan Direction": "Forward", "Index Name": "title_pkey", "Relation Name": "title", "Alias": "t", "Startup Cost": 0.0, "Total Cost": 0.69, "Plan Rows": 1, "Plan Width": 21, "Index Cond": "(id = mc.movie_id)", "Filter": "(production_year > 1990)"}]}, {"Node Type": "Index Scan", "Parent Relationship": "Inner", "Scan Direction": "Forward", "Index Name": "movie_id_movie_info", "Relation Name": "movie_info", "Alias": "mi", "Startup Cost": 0.0, "Total Cost": 0.88, "Plan Rows": 1, "Plan Width": 8, "Index Cond": "(movie_id = t.id)", "Filter": "((info)::text = ANY ('{Sweden,Norway,Germany,Denmark,Swedish,Denish,Norwegian,German,USA,American}'::text[]))"}]}]}]}]}, "Unique SQL Id": 322094867}, "explain_analyze_plan": {"Plan": {"Node Type": "Aggregate", "Strategy": "Plain", "Startup Cost": 474563.8, "Total Cost": 474563.81, "Plan Rows": 1, "Plan Width": 49, "Actual Min Startup Time": 314.006, "Actual Max Startup Time": 314.006, "Actual Min Total Time": 314.006, "Actual Max Total Time": 314.006, "Actual Total Rows": 1, "Plans": [{"Node Type": "Merge Join", "Parent Relationship": "Outer", "Join Type": "Inner", "Startup Cost": 468859.98, "Total Cost": 473736.18, "Plan Rows": 331050, "Plan Width": 17, "Actual Min Startup Time": 313.497, "Actual Max Startup Time": 313.497, "Actual Min Total Time": 313.773, "Actual Max Total Time": 313.773, "Actual Total Rows": 669, "Inner Unique": false, "Merge Cond": "(it.id = mi.info_type_id)", "Plans": [{"Node Type": "Sort", "Parent Relationship": "Outer", "Startup Cost": 5.93, "Total Cost": 6.21, "Plan Rows": 112, "Plan Width": 4, "Actual Min Startup Time": 0.106, "Actual Max Startup Time": 0.106, "Actual Min Total Time": 0.109, "Actual Max Total Time": 0.109, "Actual Total Rows": 18, "Sort Key": ["it.id"], "Sort Method": "quicksort", "Sort Space Min Used": 32, "Sort Space Max Used": 32, "Sort Space Type": "Memory", "Plans": [{"Node Type": "Seq Scan", "Parent Relationship": "Outer", "Relation Name": "info_type", "Alias": "it", "Startup Cost": 0.0, "Total Cost": 2.12, "Plan Rows": 112, "Plan Width": 4, "Actual Min Startup Time": 0.032, "Actual Max Startup Time": 0.032, "Actual Min Total Time": 0.051, "Actual Max Total Time": 0.051, "Actual Total Rows": 112}]}, {"Node Type": "Sort", "Parent Relationship": "Inner", "Startup Cost": 468763.94, "Total Cost": 469591.57, "Plan Rows": 331050, "Plan Width": 21, "Actual Min Startup Time": 313.374, "Actual Max Startup Time": 313.374, "Actual Min Total Time": 313.468, "Actual Max Total Time": 313.468, "Actual Total Rows": 669, "Sort Key": ["mi.info_type_id"], "Sort Method": "quicksort", "Sort Space Min Used": 90, "Sort Space Max Used": 90, "Sort Space Type": "Memory", "Plans": [{"Node Type": "Nested Loop", "Parent Relationship": "Outer", "Join Type": "Inner", "Startup Cost": 0.0, "Total Cost": 438412.14, "Plan Rows": 331050, "Plan Width": 21, "Actual Min Startup Time": 274.184, "Actual Max Startup Time": 274.184, "Actual Min Total Time": 313.068, "Actual Max Total Time": 313.068, "Actual Total Rows": 669, "Inner Unique": false, "Plans": [{"Node Type": "Nested Loop", "Parent Relationship": "Outer", "Join Type": "Inner", "Startup Cost": 0.0, "Total Cost": 179894.07, "Plan Rows": 289936, "Plan Width": 25, "Actual Min Startup Time": 274.132, "Actual Max Startup Time": 274.132, "Actual Min Total Time": 295.435, "Actual Max Total Time": 295.435, "Actual Total Rows": 767, "Inner Unique": true, "Plans": [{"Node Type": "Nested Loop", "Parent Relationship": "Outer", "Join Type": "Inner", "Startup Cost": 0.0, "Total Cost": 32695.24, "Plan Rows": 209278, "Plan Width": 4, "Actual Min Startup Time": 274.061, "Actual Max Startup Time": 274.061, "Actual Min Total Time": 290.692, "Actual Max Total Time": 290.692, "Actual Total Rows": 798, "Inner Unique": false, "Join Filter": "(ct.id = mc.company_type_id), (LLVM Optimized)", "Rows Removed by Join Filter": 294830, "Plans": [{"Node Type": "Seq Scan", "Parent Relationship": "Outer", "Relation Name": "company_type", "Alias": "ct", "Startup Cost": 0.0, "Total Cost": 1.04, "Plan Rows": 1, "Plan Width": 4, "Actual Min Startup Time": 0.043, "Actual Max Startup Time": 0.043, "Actual Min Total Time": 0.048, "Actual Max Total Time": 0.048, "Actual Total Rows": 1, "Filter": "((kind)::text = 'production companies'::text)", "Rows Removed by Filter": 2}, {"Node Type": "Materialize", "Parent Relationship": "Inner", "Startup Cost": 0.0, "Total Cost": 28508.64, "Plan Rows": 418557, "Plan Width": 8, "Actual Min Startup Time": 188.587, "Actual Max Startup Time": 188.587, "Actual Min Total Time": 224.443, "Actual Max Total Time": 224.443, "Actual Total Rows": 295629, "Plans": [{"Node Type": "Streaming(type: LOCAL GATHER dop: 1/16)", "Parent Relationship": "Outer", "Startup Cost": 0.0, "Total Cost": 27462.24, "Plan Rows": 418557, "Plan Width": 8, "Actual Min Startup Time": 49.97, "Actual Max Startup Time": 49.97, "Actual Min Total Time": 146.294, "Actual Max Total Time": 146.294, "Actual Total Rows": 295628, "Plans": [{"Node Type": "Seq Scan", "Parent Relationship": "Outer", "Relation Name": "movie_companies", "Alias": "mc", "Startup Cost": 0.0, "Total Cost": 18428.93, "Plan Rows": 418557, "Plan Width": 8, "Actual Min Startup Time": 0.039, "Actual Max Startup Time": 0.299, "Actual Min Total Time": 70.624, "Actual Max Total Time": 78.383, "Actual Total Rows": 295628, "Filter": "(((note)::text !~~ '%(TV)%'::text) AND ((note)::text ~~ '%(USA)%'::text)), (LLVM Optimized)", "Rows Removed by Filter": 2313500}]}]}]}, {"Node Type": "Index Scan", "Parent Relationship": "Inner", "Scan Direction": "Forward", "Index Name": "title_pkey", "Relation Name": "title", "Alias": "t", "Startup Cost": 0.0, "Total Cost": 0.69, "Plan Rows": 1, "Plan Width": 21, "Actual Min Startup Time": 4.124, "Actual Max Startup Time": 4.124, "Actual Min Total Time": 4.124, "Actual Max Total Time": 4.124, "Actual Total Rows": 767, "Index Cond": "(id = mc.movie_id)", "Rows Removed by Index Recheck": 0, "Filter": "(production_year > 1990)", "Rows Removed by Filter": 31}]}, {"Node Type": "Index Scan", "Parent Relationship": "Inner", "Scan Direction": "Forward", "Index Name": "movie_id_movie_info", "Relation Name": "movie_info", "Alias": "mi", "Startup Cost": 0.0, "Total Cost": 0.88, "Plan Rows": 1, "Plan Width": 8, "Actual Min Startup Time": 14.9, "Actual Max Startup Time": 14.9, "Actual Min Total Time": 17.036, "Actual Max Total Time": 17.036, "Actual Total Rows": 669, "Index Cond": "(movie_id = t.id)", "Rows Removed by Index Recheck": 0, "Filter": "((info)::text = ANY ('{Sweden,Norway,Germany,Denmark,Swedish,Denish,Norwegian,German,USA,American}'::text[]))", "Rows Removed by Filter": 7721}]}]}]}]}, "Triggers": [], "Planner Runtime": 5.817, "Total Runtime": 326.355, "Unique SQL Id": 322094867}}, "(16, 21)": {"explain_plan": {"Plan": {"Node Type": "Aggregate", "Strategy": "Plain", "Startup Cost": 540690.56, "Total Cost": 540690.57, "Plan Rows": 1, "Plan Width": 49, "Plans": [{"Node Type": "Merge Join", "Parent Relationship": "Outer", "Join Type": "Inner", "Startup Cost": 534973.32, "Total Cost": 539862.93, "Plan Rows": 331050, "Plan Width": 17, "Inner Unique": false, "Merge Cond": "(it.id = mi.info_type_id)", "Plans": [{"Node Type": "Index Scan", "Parent Relationship": "Outer", "Scan Direction": "Forward", "Index Name": "info_type_pkey", "Relation Name": "info_type", "Alias": "it", "Startup Cost": 0.0, "Total Cost": 13.93, "Plan Rows": 112, "Plan Width": 4}, {"Node Type": "Sort", "Parent Relationship": "Inner", "Startup Cost": 534883.22, "Total Cost": 535710.85, "Plan Rows": 331050, "Plan Width": 21, "Sort Key": ["mi.info_type_id"], "Plans": [{"Node Type": "Nested Loop", "Parent Relationship": "Outer", "Join Type": "Inner", "Startup Cost": 0.0, "Total Cost": 504531.42, "Plan Rows": 331050, "Plan Width": 21, "Inner Unique": false, "Plans": [{"Node Type": "Nested Loop", "Parent Relationship": "Outer", "Join Type": "Inner", "Startup Cost": 0.0, "Total Cost": 246013.35, "Plan Rows": 289936, "Plan Width": 25, "Inner Unique": true, "Plans": [{"Node Type": "Nested Loop", "Parent Relationship": "Outer", "Join Type": "Inner", "Startup Cost": 0.0, "Total Cost": 98814.52, "Plan Rows": 209278, "Plan Width": 4, "Inner Unique": false, "Join Filter": "(ct.id = mc.company_type_id), (LLVM Optimized)", "Plans": [{"Node Type": "Index Scan", "Parent Relationship": "Outer", "Scan Direction": "Forward", "Index Name": "company_type_pkey", "Relation Name": "company_type", "Alias": "ct", "Startup Cost": 0.0, "Total Cost": 12.3, "Plan Rows": 1, "Plan Width": 4, "Filter": "((kind)::text = 'production companies'::text)"}, {"Node Type": "Materialize", "Parent Relationship": "Inner", "Startup Cost": 0.0, "Total Cost": 94616.65, "Plan Rows": 418557, "Plan Width": 8, "Plans": [{"Node Type": "Streaming(type: LOCAL GATHER dop: 1/16)", "Parent Relationship": "Outer", "Startup Cost": 0.0, "Total Cost": 93570.26, "Plan Rows": 418557, "Plan Width": 8, "Plans": [{"Node Type": "Index Scan", "Parent Relationship": "Outer", "Scan Direction": "Forward", "Index Name": "company_type_id_movie_companies", "Relation Name": "movie_companies", "Alias": "mc", "Startup Cost": 0.0, "Total Cost": 84536.95, "Plan Rows": 418557, "Plan Width": 8, "Filter": "(((note)::text !~~ '%(TV)%'::text) AND ((note)::text ~~ '%(USA)%'::text)), (LLVM Optimized)"}]}]}]}, {"Node Type": "Index Scan", "Parent Relationship": "Inner", "Scan Direction": "Forward", "Index Name": "title_pkey", "Relation Name": "title", "Alias": "t", "Startup Cost": 0.0, "Total Cost": 0.69, "Plan Rows": 1, "Plan Width": 21, "Index Cond": "(id = mc.movie_id)", "Filter": "(production_year > 1990)"}]}, {"Node Type": "Index Scan", "Parent Relationship": "Inner", "Scan Direction": "Forward", "Index Name": "movie_id_movie_info", "Relation Name": "movie_info", "Alias": "mi", "Startup Cost": 0.0, "Total Cost": 0.88, "Plan Rows": 1, "Plan Width": 8, "Index Cond": "(movie_id = t.id)", "Filter": "((info)::text = ANY ('{Sweden,Norway,Germany,Denmark,Swedish,Denish,Norwegian,German,USA,American}'::text[]))"}]}]}]}]}, "Unique SQL Id": 322094867}, "explain_analyze_plan": {"Plan": {"Node Type": "Aggregate", "Strategy": "Plain", "Startup Cost": 540690.56, "Total Cost": 540690.57, "Plan Rows": 1, "Plan Width": 49, "Actual Min Startup Time": 381.494, "Actual Max Startup Time": 381.494, "Actual Min Total Time": 381.494, "Actual Max Total Time": 381.494, "Actual Total Rows": 1, "Plans": [{"Node Type": "Merge Join", "Parent Relationship": "Outer", "Join Type": "Inner", "Startup Cost": 534973.32, "Total Cost": 539862.93, "Plan Rows": 331050, "Plan Width": 17, "Actual Min Startup Time": 381.025, "Actual Max Startup Time": 381.025, "Actual Min Total Time": 381.262, "Actual Max Total Time": 381.262, "Actual Total Rows": 669, "Inner Unique": false, "Merge Cond": "(it.id = mi.info_type_id)", "Plans": [{"Node Type": "Index Scan", "Parent Relationship": "Outer", "Scan Direction": "Forward", "Index Name": "info_type_pkey", "Relation Name": "info_type", "Alias": "it", "Startup Cost": 0.0, "Total Cost": 13.93, "Plan Rows": 112, "Plan Width": 4, "Actual Min Startup Time": 0.028, "Actual Max Startup Time": 0.028, "Actual Min Total Time": 0.036, "Actual Max Total Time": 0.036, "Actual Total Rows": 18}, {"Node Type": "Sort", "Parent Relationship": "Inner", "Startup Cost": 534883.22, "Total Cost": 535710.85, "Plan Rows": 331050, "Plan Width": 21, "Actual Min Startup Time": 380.975, "Actual Max Startup Time": 380.975, "Actual Min Total Time": 381.041, "Actual Max Total Time": 381.041, "Actual Total Rows": 669, "Sort Key": ["mi.info_type_id"], "Sort Method": "quicksort", "Sort Space Min Used": 90, "Sort Space Max Used": 90, "Sort Space Type": "Memory", "Plans": [{"Node Type": "Nested Loop", "Parent Relationship": "Outer", "Join Type": "Inner", "Startup Cost": 0.0, "Total Cost": 504531.42, "Plan Rows": 331050, "Plan Width": 21, "Actual Min Startup Time": 291.964, "Actual Max Startup Time": 291.964, "Actual Min Total Time": 380.634, "Actual Max Total Time": 380.634, "Actual Total Rows": 669, "Inner Unique": false, "Plans": [{"Node Type": "Nested Loop", "Parent Relationship": "Outer", "Join Type": "Inner", "Startup Cost": 0.0, "Total Cost": 246013.35, "Plan Rows": 289936, "Plan Width": 25, "Actual Min Startup Time": 291.922, "Actual Max Startup Time": 291.922, "Actual Min Total Time": 362.676, "Actual Max Total Time": 362.676, "Actual Total Rows": 767, "Inner Unique": true, "Plans": [{"Node Type": "Nested Loop", "Parent Relationship": "Outer", "Join Type": "Inner", "Startup Cost": 0.0, "Total Cost": 98814.52, "Plan Rows": 209278, "Plan Width": 4, "Actual Min Startup Time": 291.868, "Actual Max Startup Time": 291.868, "Actual Min Total Time": 357.812, "Actual Max Total Time": 357.812, "Actual Total Rows": 798, "Inner Unique": false, "Join Filter": "(ct.id = mc.company_type_id), (LLVM Optimized, Jit Execute)", "Rows Removed by Join Filter": 294830, "Plans": [{"Node Type": "Index Scan", "Parent Relationship": "Outer", "Scan Direction": "Forward", "Index Name": "company_type_pkey", "Relation Name": "company_type", "Alias": "ct", "Startup Cost": 0.0, "Total Cost": 12.3, "Plan Rows": 1, "Plan Width": 4, "Actual Min Startup Time": 0.04, "Actual Max Startup Time": 0.04, "Actual Min Total Time": 0.046, "Actual Max Total Time": 0.046, "Actual Total Rows": 1, "Filter": "((kind)::text = 'production companies'::text)", "Rows Removed by Filter": 2}, {"Node Type": "Materialize", "Parent Relationship": "Inner", "Startup Cost": 0.0, "Total Cost": 94616.65, "Plan Rows": 418557, "Plan Width": 8, "Actual Min Startup Time": 266.433, "Actual Max Startup Time": 266.433, "Actual Min Total Time": 304.497, "Actual Max Total Time": 304.497, "Actual Total Rows": 295629, "Plans": [{"Node Type": "Streaming(type: LOCAL GATHER dop: 1/16)", "Parent Relationship": "Outer", "Startup Cost": 0.0, "Total Cost": 93570.26, "Plan Rows": 418557, "Plan Width": 8, "Actual Min Startup Time": 63.895, "Actual Max Startup Time": 63.895, "Actual Min Total Time": 223.195, "Actual Max Total Time": 223.195, "Actual Total Rows": 295628, "Plans": [{"Node Type": "Index Scan", "Parent Relationship": "Outer", "Scan Direction": "Forward", "Index Name": "company_type_id_movie_companies", "Relation Name": "movie_companies", "Alias": "mc", "Startup Cost": 0.0, "Total Cost": 84536.95, "Plan Rows": 418557, "Plan Width": 8, "Actual Min Startup Time": 11.087, "Actual Max Startup Time": 27.85, "Actual Min Total Time": 86.452, "Actual Max Total Time": 175.421, "Actual Total Rows": 295628, "Filter": "(((note)::text !~~ '%(TV)%'::text) AND ((note)::text ~~ '%(USA)%'::text)), (LLVM Optimized, Jit Execute)", "Rows Removed by Filter": 2313500}]}]}]}, {"Node Type": "Index Scan", "Parent Relationship": "Inner", "Scan Direction": "Forward", "Index Name": "title_pkey", "Relation Name": "title", "Alias": "t", "Startup Cost": 0.0, "Total Cost": 0.69, "Plan Rows": 1, "Plan Width": 21, "Actual Min Startup Time": 4.213, "Actual Max Startup Time": 4.213, "Actual Min Total Time": 4.213, "Actual Max Total Time": 4.213, "Actual Total Rows": 767, "Index Cond": "(id = mc.movie_id)", "Rows Removed by Index Recheck": 0, "Filter": "(production_year > 1990)", "Rows Removed by Filter": 31}]}, {"Node Type": "Index Scan", "Parent Relationship": "Inner", "Scan Direction": "Forward", "Index Name": "movie_id_movie_info", "Relation Name": "movie_info", "Alias": "mi", "Startup Cost": 0.0, "Total Cost": 0.88, "Plan Rows": 1, "Plan Width": 8, "Actual Min Startup Time": 15.171, "Actual Max Startup Time": 15.171, "Actual Min Total Time": 17.353, "Actual Max Total Time": 17.353, "Actual Total Rows": 669, "Index Cond": "(movie_id = t.id)", "Rows Removed by Index Recheck": 0, "Filter": "((info)::text = ANY ('{Sweden,Norway,Germany,Denmark,Swedish,Denish,Norwegian,German,USA,American}'::text[]))", "Rows Removed by Filter": 7721}]}]}]}]}, "Triggers": [], "Planner Runtime": 6.808, "Total Runtime": 393.719, "Unique SQL Id": 322094867}}, "(16, 22)": {"explain_plan": {"Plan": {"Node Type": "Aggregate", "Strategy": "Plain", "Startup Cost": 2133252.32, "Total Cost": 2133252.33, "Plan Rows": 1, "Plan Width": 49, "Plans": [{"Node Type": "Nested Loop", "Parent Relationship": "Outer", "Join Type": "Inner", "Startup Cost": 1093344.83, "Total Cost": 2132424.69, "Plan Rows": 331050, "Plan Width": 17, "Inner Unique": true, "Plans": [{"Node Type": "Merge Join", "Parent Relationship": "Outer", "Join Type": "Inner", "Startup Cost": 1093344.52, "Total Cost": 1096864.36, "Plan Rows": 238955, "Plan Width": 8, "Inner Unique": false, "Merge Cond": "(it.id = mi.info_type_id)", "Plans": [{"Node Type": "Sort", "Parent Relationship": "Outer", "Startup Cost": 5.93, "Total Cost": 6.21, "Plan Rows": 112, "Plan Width": 4, "Sort Key": ["it.id"], "Plans": [{"Node Type": "Seq Scan", "Parent Relationship": "Outer", "Relation Name": "info_type", "Alias": "it", "Startup Cost": 0.0, "Total Cost": 2.12, "Plan Rows": 112, "Plan Width": 4}]}, {"Node Type": "Sort", "Parent Relationship": "Inner", "Startup Cost": 1093273.55, "Total Cost": 1093870.94, "Plan Rows": 238955, "Plan Width": 12, "Sort Key": ["mi.info_type_id"], "Plans": [{"Node Type": "Nested Loop", "Parent Relationship": "Outer", "Join Type": "Inner", "Startup Cost": 0.83, "Total Cost": 1071927.25, "Plan Rows": 238955, "Plan Width": 12, "Inner Unique": false, "Plans": [{"Node Type": "Nested Loop", "Parent Relationship": "Outer", "Join Type": "Inner", "Startup Cost": 0.0, "Total Cost": 32695.24, "Plan Rows": 209278, "Plan Width": 4, "Inner Unique": false, "Join Filter": "(ct.id = mc.company_type_id), (LLVM Optimized)", "Plans": [{"Node Type": "Seq Scan", "Parent Relationship": "Outer", "Relation Name": "company_type", "Alias": "ct", "Startup Cost": 0.0, "Total Cost": 1.04, "Plan Rows": 1, "Plan Width": 4, "Filter": "((kind)::text = 'production companies'::text)"}, {"Node Type": "Materialize", "Parent Relationship": "Inner", "Startup Cost": 0.0, "Total Cost": 28508.64, "Plan Rows": 418557, "Plan Width": 8, "Plans": [{"Node Type": "Streaming(type: LOCAL GATHER dop: 1/16)", "Parent Relationship": "Outer", "Startup Cost": 0.0, "Total Cost": 27462.24, "Plan Rows": 418557, "Plan Width": 8, "Plans": [{"Node Type": "Seq Scan", "Parent Relationship": "Outer", "Relation Name": "movie_companies", "Alias": "mc", "Startup Cost": 0.0, "Total Cost": 18428.93, "Plan Rows": 418557, "Plan Width": 8, "Filter": "(((note)::text !~~ '%(TV)%'::text) AND ((note)::text ~~ '%(USA)%'::text)), (LLVM Optimized)"}]}]}]}, {"Node Type": "Bitmap Heap Scan", "Parent Relationship": "Inner", "Relation Name": "movie_info", "Alias": "mi", "Startup Cost": 0.83, "Total Cost": 4.96, "Plan Rows": 1, "Plan Width": 8, "Recheck Cond": "(movie_id = mc.movie_id)", "Filter": "((info)::text = ANY ('{Sweden,Norway,Germany,Denmark,Swedish,Denish,Norwegian,German,USA,American}'::text[]))", "Plans": [{"Node Type": "Bitmap Index Scan", "Parent Relationship": "Outer", "Index Name": "movie_id_movie_info", "Startup Cost": 0.0, "Total Cost": 0.83, "Plan Rows": 5, "Plan Width": 0, "Index Cond": "(movie_id = mc.movie_id)"}]}]}]}]}, {"Node Type": "Bitmap Heap Scan", "Parent Relationship": "Inner", "Relation Name": "title", "Alias": "t", "Startup Cost": 0.31, "Total Cost": 4.32, "Plan Rows": 1, "Plan Width": 21, "Recheck Cond": "(id = mi.movie_id)", "Filter": "(production_year > 1990)", "Plans": [{"Node Type": "Bitmap Index Scan", "Parent Relationship": "Outer", "Index Name": "title_pkey", "Startup Cost": 0.0, "Total Cost": 0.31, "Plan Rows": 1, "Plan Width": 0, "Index Cond": "(id = mi.movie_id)"}]}]}]}, "Unique SQL Id": 322094867}, "explain_analyze_plan": {"Plan": {"Node Type": "Aggregate", "Strategy": "Plain", "Startup Cost": 2133252.32, "Total Cost": 2133252.33, "Plan Rows": 1, "Plan Width": 49, "Actual Min Startup Time": 312.203, "Actual Max Startup Time": 312.203, "Actual Min Total Time": 312.203, "Actual Max Total Time": 312.203, "Actual Total Rows": 1, "Plans": [{"Node Type": "Nested Loop", "Parent Relationship": "Outer", "Join Type": "Inner", "Startup Cost": 1093344.83, "Total Cost": 2132424.69, "Plan Rows": 331050, "Plan Width": 17, "Actual Min Startup Time": 306.281, "Actual Max Startup Time": 306.281, "Actual Min Total Time": 311.83, "Actual Max Total Time": 311.83, "Actual Total Rows": 669, "Inner Unique": true, "Plans": [{"Node Type": "Merge Join", "Parent Relationship": "Outer", "Join Type": "Inner", "Startup Cost": 1093344.52, "Total Cost": 1096864.36, "Plan Rows": 238955, "Plan Width": 8, "Actual Min Startup Time": 306.207, "Actual Max Startup Time": 306.207, "Actual Min Total Time": 306.49, "Actual Max Total Time": 306.49, "Actual Total Rows": 691, "Inner Unique": false, "Merge Cond": "(it.id = mi.info_type_id)", "Plans": [{"Node Type": "Sort", "Parent Relationship": "Outer", "Startup Cost": 5.93, "Total Cost": 6.21, "Plan Rows": 112, "Plan Width": 4, "Actual Min Startup Time": 0.118, "Actual Max Startup Time": 0.118, "Actual Min Total Time": 0.121, "Actual Max Total Time": 0.121, "Actual Total Rows": 18, "Sort Key": ["it.id"], "Sort Method": "quicksort", "Sort Space Min Used": 32, "Sort Space Max Used": 32, "Sort Space Type": "Memory", "Plans": [{"Node Type": "Seq Scan", "Parent Relationship": "Outer", "Relation Name": "info_type", "Alias": "it", "Startup Cost": 0.0, "Total Cost": 2.12, "Plan Rows": 112, "Plan Width": 4, "Actual Min Startup Time": 0.042, "Actual Max Startup Time": 0.042, "Actual Min Total Time": 0.06, "Actual Max Total Time": 0.06, "Actual Total Rows": 112}]}, {"Node Type": "Sort", "Parent Relationship": "Inner", "Startup Cost": 1093273.55, "Total Cost": 1093870.94, "Plan Rows": 238955, "Plan Width": 12, "Actual Min Startup Time": 306.076, "Actual Max Startup Time": 306.076, "Actual Min Total Time": 306.158, "Actual Max Total Time": 306.158, "Actual Total Rows": 691, "Sort Key": ["mi.info_type_id"], "Sort Method": "quicksort", "Sort Space Min Used": 89, "Sort Space Max Used": 89, "Sort Space Type": "Memory", "Plans": [{"Node Type": "Nested Loop", "Parent Relationship": "Outer", "Join Type": "Inner", "Startup Cost": 0.83, "Total Cost": 1071927.25, "Plan Rows": 238955, "Plan Width": 12, "Actual Min Startup Time": 269.591, "Actual Max Startup Time": 269.591, "Actual Min Total Time": 305.741, "Actual Max Total Time": 305.741, "Actual Total Rows": 691, "Inner Unique": false, "Plans": [{"Node Type": "Nested Loop", "Parent Relationship": "Outer", "Join Type": "Inner", "Startup Cost": 0.0, "Total Cost": 32695.24, "Plan Rows": 209278, "Plan Width": 4, "Actual Min Startup Time": 269.47, "Actual Max Startup Time": 269.47, "Actual Min Total Time": 283.023, "Actual Max Total Time": 283.023, "Actual Total Rows": 798, "Inner Unique": false, "Join Filter": "(ct.id = mc.company_type_id), (LLVM Optimized)", "Rows Removed by Join Filter": 294830, "Plans": [{"Node Type": "Seq Scan", "Parent Relationship": "Outer", "Relation Name": "company_type", "Alias": "ct", "Startup Cost": 0.0, "Total Cost": 1.04, "Plan Rows": 1, "Plan Width": 4, "Actual Min Startup Time": 0.046, "Actual Max Startup Time": 0.046, "Actual Min Total Time": 0.052, "Actual Max Total Time": 0.052, "Actual Total Rows": 1, "Filter": "((kind)::text = 'production companies'::text)", "Rows Removed by Filter": 2}, {"Node Type": "Materialize", "Parent Relationship": "Inner", "Startup Cost": 0.0, "Total Cost": 28508.64, "Plan Rows": 418557, "Plan Width": 8, "Actual Min Startup Time": 182.173, "Actual Max Startup Time": 182.173, "Actual Min Total Time": 218.127, "Actual Max Total Time": 218.127, "Actual Total Rows": 295629, "Plans": [{"Node Type": "Streaming(type: LOCAL GATHER dop: 1/16)", "Parent Relationship": "Outer", "Startup Cost": 0.0, "Total Cost": 27462.24, "Plan Rows": 418557, "Plan Width": 8, "Actual Min Startup Time": 45.362, "Actual Max Startup Time": 45.362, "Actual Min Total Time": 139.97, "Actual Max Total Time": 139.97, "Actual Total Rows": 295628, "Plans": [{"Node Type": "Seq Scan", "Parent Relationship": "Outer", "Relation Name": "movie_companies", "Alias": "mc", "Startup Cost": 0.0, "Total Cost": 18428.93, "Plan Rows": 418557, "Plan Width": 8, "Actual Min Startup Time": 0.039, "Actual Max Startup Time": 0.305, "Actual Min Total Time": 70.567, "Actual Max Total Time": 78.444, "Actual Total Rows": 295628, "Filter": "(((note)::text !~~ '%(TV)%'::text) AND ((note)::text ~~ '%(USA)%'::text)), (LLVM Optimized)", "Rows Removed by Filter": 2313500}]}]}]}, {"Node Type": "Bitmap Heap Scan", "Parent Relationship": "Inner", "Relation Name": "movie_info", "Alias": "mi", "Startup Cost": 0.83, "Total Cost": 4.96, "Plan Rows": 1, "Plan Width": 8, "Actual Min Startup Time": 19.487, "Actual Max Startup Time": 19.487, "Actual Min Total Time": 21.36, "Actual Max Total Time": 21.36, "Actual Total Rows": 691, "Recheck Cond": "(movie_id = mc.movie_id)", "Rows Removed by Index Recheck": 0, "Filter": "((info)::text = ANY ('{Sweden,Norway,Germany,Denmark,Swedish,Denish,Norwegian,German,USA,American}'::text[]))", "Rows Removed by Filter": 7906, "Exact Heap Blocks": 6397, "Lossy Heap Blocks": 6397, "Plans": [{"Node Type": "Bitmap Index Scan", "Parent Relationship": "Outer", "Index Name": "movie_id_movie_info", "Startup Cost": 0.0, "Total Cost": 0.83, "Plan Rows": 5, "Plan Width": 0, "Actual Min Startup Time": 5.055, "Actual Max Startup Time": 5.055, "Actual Min Total Time": 5.055, "Actual Max Total Time": 5.055, "Actual Total Rows": 8597, "Index Cond": "(movie_id = mc.movie_id)"}]}]}]}]}, {"Node Type": "Bitmap Heap Scan", "Parent Relationship": "Inner", "Relation Name": "title", "Alias": "t", "Startup Cost": 0.31, "Total Cost": 4.32, "Plan Rows": 1, "Plan Width": 21, "Actual Min Startup Time": 4.396, "Actual Max Startup Time": 4.396, "Actual Min Total Time": 4.396, "Actual Max Total Time": 4.396, "Actual Total Rows": 669, "Recheck Cond": "(id = mi.movie_id)", "Rows Removed by Index Recheck": 0, "Filter": "(production_year > 1990)", "Rows Removed by Filter": 22, "Exact Heap Blocks": 691, "Lossy Heap Blocks": 691, "Plans": [{"Node Type": "Bitmap Index Scan", "Parent Relationship": "Outer", "Index Name": "title_pkey", "Startup Cost": 0.0, "Total Cost": 0.31, "Plan Rows": 1, "Plan Width": 0, "Actual Min Startup Time": 2.648, "Actual Max Startup Time": 2.648, "Actual Min Total Time": 2.648, "Actual Max Total Time": 2.648, "Actual Total Rows": 691, "Index Cond": "(id = mi.movie_id)"}]}]}]}, "Triggers": [], "Planner Runtime": 7.042, "Total Runtime": 324.383, "Unique SQL Id": 322094867}}, "(16, 23)": {"explain_plan": {"Plan": {"Node Type": "Aggregate", "Strategy": "Plain", "Startup Cost": 1297250.03, "Total Cost": 1297250.04, "Plan Rows": 1, "Plan Width": 49, "Plans": [{"Node Type": "Merge Join", "Parent Relationship": "Outer", "Join Type": "Inner", "Startup Cost": 1291546.21, "Total Cost": 1296422.41, "Plan Rows": 331050, "Plan Width": 17, "Inner Unique": false, "Merge Cond": "(it.id = mi.info_type_id)", "Plans": [{"Node Type": "Sort", "Parent Relationship": "Outer", "Startup Cost": 17.77, "Total Cost": 18.05, "Plan Rows": 112, "Plan Width": 4, "Sort Key": ["it.id"], "Plans": [{"Node Type": "Bitmap Heap Scan", "Parent Relationship": "Outer", "Relation Name": "info_type", "Alias": "it", "Startup Cost": 8.84, "Total Cost": 13.96, "Plan Rows": 112, "Plan Width": 4, "Plans": [{"Node Type": "Bitmap Index Scan", "Parent Relationship": "Outer", "Index Name": "info_type_pkey", "Startup Cost": 0.0, "Total Cost": 8.81, "Plan Rows": 112, "Plan Width": 0}]}]}, {"Node Type": "Sort", "Parent Relationship": "Inner", "Startup Cost": 1291438.34, "Total Cost": 1292265.96, "Plan Rows": 331050, "Plan Width": 21, "Sort Key": ["mi.info_type_id"], "Plans": [{"Node Type": "Merge Join", "Parent Relationship": "Outer", "Join Type": "Inner", "Startup Cost": 1241374.64, "Total Cost": 1261086.53, "Plan Rows": 331050, "Plan Width": 21, "Inner Unique": true, "Merge Cond": "(mi.movie_id = t.id)", "Plans": [{"Node Type": "Merge Join", "Parent Relationship": "Outer", "Join Type": "Inner", "Startup Cost": 943556.59, "Total Cost": 950622.81, "Plan Rows": 238955, "Plan Width": 12, "Inner Unique": false, "Merge Cond": "(mc.movie_id = mi.movie_id)", "Plans": [{"Node Type": "Sort", "Parent Relationship": "Outer", "Startup Cost": 88152.77, "Total Cost": 88675.96, "Plan Rows": 209278, "Plan Width": 4, "Sort Key": ["mc.movie_id"], "Plans": [{"Node Type": "Nested Loop", "Parent Relationship": "Outer", "Join Type": "Inner", "Startup Cost": 29005.06, "Total Cost": 69657.76, "Plan Rows": 209278, "Plan Width": 4, "Inner Unique": false, "Plans": [{"Node Type": "Bitmap Heap Scan", "Parent Relationship": "Outer", "Relation Name": "company_type", "Alias": "ct", "Startup Cost": 8.27, "Total Cost": 12.3, "Plan Rows": 1, "Plan Width": 4, "Filter": "((kind)::text = 'production companies'::text)", "Plans": [{"Node Type": "Bitmap Index Scan", "Parent Relationship": "Outer", "Index Name": "company_type_pkey", "Startup Cost": 0.0, "Total Cost": 8.27, "Plan Rows": 3, "Plan Width": 0}]}, {"Node Type": "Bitmap Heap Scan", "Parent Relationship": "Inner", "Relation Name": "movie_companies", "Alias": "mc", "Startup Cost": 28996.8, "Total Cost": 67552.67, "Plan Rows": 209279, "Plan Width": 8, "Recheck Cond": "(company_type_id = ct.id), (LLVM Optimized)", "Filter": "(((note)::text !~~ '%(TV)%'::text) AND ((note)::text ~~ '%(USA)%'::text)), (LLVM Optimized)", "Plans": [{"Node Type": "Bitmap Index Scan", "Parent Relationship": "Outer", "Index Name": "company_type_id_movie_companies", "Startup Cost": 0.0, "Total Cost": 28944.48, "Plan Rows": 1304564, "Plan Width": 0, "Index Cond": "(company_type_id = ct.id)"}]}]}]}, {"Node Type": "Sort", "Parent Relationship": "Inner", "Startup Cost": 855403.8, "Total Cost": 857219.74, "Plan Rows": 726375, "Plan Width": 8, "Sort Key": ["mi.movie_id"], "Plans": [{"Node Type": "Bitmap Heap Scan", "Parent Relationship": "Outer", "Relation Name": "movie_info", "Alias": "mi", "Startup Cost": 301827.67, "Total Cost": 784689.91, "Plan Rows": 726375, "Plan Width": 8, "Filter": "((info)::text = ANY ('{Sweden,Norway,Germany,Denmark,Swedish,Denish,Norwegian,German,USA,American}'::text[]))", "Plans": [{"Node Type": "Bitmap Index Scan", "Parent Relationship": "Outer", "Index Name": "movie_id_movie_info", "Startup Cost": 0.0, "Total Cost": 301646.08, "Plan Rows": 14869966, "Plan Width": 0}]}]}]}, {"Node Type": "Sort", "Parent Relationship": "Inner", "Startup Cost": 297817.83, "Total Cost": 302189.93, "Plan Rows": 1748840, "Plan Width": 21, "Sort Key": ["t.id"], "Plans": [{"Node Type": "Bitmap Heap Scan", "Parent Relationship": "Outer", "Relation Name": "title", "Alias": "t", "Startup Cost": 50091.01, "Total Cost": 116480.9, "Plan Rows": 1748840, "Plan Width": 21, "Filter": "(production_year > 1990), (LLVM Optimized)", "Plans": [{"Node Type": "Bitmap Index Scan", "Parent Relationship": "Outer", "Index Name": "title_pkey", "Startup Cost": 0.0, "Total Cost": 49653.81, "Plan Rows": 2528311, "Plan Width": 0}]}]}]}]}]}]}, "Unique SQL Id": 322094867}, "explain_analyze_plan": null}, "(16, 24)": {"explain_plan": {"Plan": {"Node Type": "Aggregate", "Strategy": "Plain", "Startup Cost": 474559.68, "Total Cost": 474559.69, "Plan Rows": 1, "Plan Width": 49, "Plans": [{"Node Type": "Merge Join", "Parent Relationship": "Outer", "Join Type": "Inner", "Startup Cost": 468854.04, "Total Cost": 473732.05, "Plan Rows": 331050, "Plan Width": 17, "Inner Unique": false, "Merge Cond": "(it.id = mi.info_type_id)", "Plans": [{"Node Type": "Index Only Scan", "Parent Relationship": "Outer", "Scan Direction": "Forward", "Index Name": "info_type_pkey", "Relation Name": "info_type", "Alias": "it", "Startup Cost": 0.0, "Total Cost": 2.12, "Plan Rows": 112, "Plan Width": 4}, {"Node Type": "Sort", "Parent Relationship": "Inner", "Startup Cost": 468763.94, "Total Cost": 469591.57, "Plan Rows": 331050, "Plan Width": 21, "Sort Key": ["mi.info_type_id"], "Plans": [{"Node Type": "Nested Loop", "Parent Relationship": "Outer", "Join Type": "Inner", "Startup Cost": 0.0, "Total Cost": 438412.14, "Plan Rows": 331050, "Plan Width": 21, "Inner Unique": false, "Plans": [{"Node Type": "Nested Loop", "Parent Relationship": "Outer", "Join Type": "Inner", "Startup Cost": 0.0, "Total Cost": 179894.07, "Plan Rows": 289936, "Plan Width": 25, "Inner Unique": true, "Plans": [{"Node Type": "Nested Loop", "Parent Relationship": "Outer", "Join Type": "Inner", "Startup Cost": 0.0, "Total Cost": 32695.24, "Plan Rows": 209278, "Plan Width": 4, "Inner Unique": false, "Join Filter": "(ct.id = mc.company_type_id), (LLVM Optimized)", "Plans": [{"Node Type": "Seq Scan", "Parent Relationship": "Outer", "Relation Name": "company_type", "Alias": "ct", "Startup Cost": 0.0, "Total Cost": 1.04, "Plan Rows": 1, "Plan Width": 4, "Filter": "((kind)::text = 'production companies'::text)"}, {"Node Type": "Materialize", "Parent Relationship": "Inner", "Startup Cost": 0.0, "Total Cost": 28508.64, "Plan Rows": 418557, "Plan Width": 8, "Plans": [{"Node Type": "Streaming(type: LOCAL GATHER dop: 1/16)", "Parent Relationship": "Outer", "Startup Cost": 0.0, "Total Cost": 27462.24, "Plan Rows": 418557, "Plan Width": 8, "Plans": [{"Node Type": "Seq Scan", "Parent Relationship": "Outer", "Relation Name": "movie_companies", "Alias": "mc", "Startup Cost": 0.0, "Total Cost": 18428.93, "Plan Rows": 418557, "Plan Width": 8, "Filter": "(((note)::text !~~ '%(TV)%'::text) AND ((note)::text ~~ '%(USA)%'::text)), (LLVM Optimized)"}]}]}]}, {"Node Type": "Index Scan", "Parent Relationship": "Inner", "Scan Direction": "Forward", "Index Name": "title_pkey", "Relation Name": "title", "Alias": "t", "Startup Cost": 0.0, "Total Cost": 0.69, "Plan Rows": 1, "Plan Width": 21, "Index Cond": "(id = mc.movie_id)", "Filter": "(production_year > 1990)"}]}, {"Node Type": "Index Scan", "Parent Relationship": "Inner", "Scan Direction": "Forward", "Index Name": "movie_id_movie_info", "Relation Name": "movie_info", "Alias": "mi", "Startup Cost": 0.0, "Total Cost": 0.88, "Plan Rows": 1, "Plan Width": 8, "Index Cond": "(movie_id = t.id)", "Filter": "((info)::text = ANY ('{Sweden,Norway,Germany,Denmark,Swedish,Denish,Norwegian,German,USA,American}'::text[]))"}]}]}]}]}, "Unique SQL Id": 322094867}, "explain_analyze_plan": {"Plan": {"Node Type": "Aggregate", "Strategy": "Plain", "Startup Cost": 474559.68, "Total Cost": 474559.69, "Plan Rows": 1, "Plan Width": 49, "Actual Min Startup Time": 297.136, "Actual Max Startup Time": 297.136, "Actual Min Total Time": 297.137, "Actual Max Total Time": 297.137, "Actual Total Rows": 1, "Plans": [{"Node Type": "Merge Join", "Parent Relationship": "Outer", "Join Type": "Inner", "Startup Cost": 468854.04, "Total Cost": 473732.05, "Plan Rows": 331050, "Plan Width": 17, "Actual Min Startup Time": 296.676, "Actual Max Startup Time": 296.676, "Actual Min Total Time": 296.899, "Actual Max Total Time": 296.899, "Actual Total Rows": 669, "Inner Unique": false, "Merge Cond": "(it.id = mi.info_type_id)", "Plans": [{"Node Type": "Index Only Scan", "Parent Relationship": "Outer", "Scan Direction": "Forward", "Index Name": "info_type_pkey", "Relation Name": "info_type", "Alias": "it", "Startup Cost": 0.0, "Total Cost": 2.12, "Plan Rows": 112, "Plan Width": 4, "Actual Min Startup Time": 0.029, "Actual Max Startup Time": 0.029, "Actual Min Total Time": 0.037, "Actual Max Total Time": 0.037, "Actual Total Rows": 18, "Heap Fetches": 0}, {"Node Type": "Sort", "Parent Relationship": "Inner", "Startup Cost": 468763.94, "Total Cost": 469591.57, "Plan Rows": 331050, "Plan Width": 21, "Actual Min Startup Time": 296.624, "Actual Max Startup Time": 296.624, "Actual Min Total Time": 296.695, "Actual Max Total Time": 296.695, "Actual Total Rows": 669, "Sort Key": ["mi.info_type_id"], "Sort Method": "quicksort", "Sort Space Min Used": 90, "Sort Space Max Used": 90, "Sort Space Type": "Memory", "Plans": [{"Node Type": "Nested Loop", "Parent Relationship": "Outer", "Join Type": "Inner", "Startup Cost": 0.0, "Total Cost": 438412.14, "Plan Rows": 331050, "Plan Width": 21, "Actual Min Startup Time": 264.676, "Actual Max Startup Time": 264.676, "Actual Min Total Time": 296.264, "Actual Max Total Time": 296.264, "Actual Total Rows": 669, "Inner Unique": false, "Plans": [{"Node Type": "Nested Loop", "Parent Relationship": "Outer", "Join Type": "Inner", "Startup Cost": 0.0, "Total Cost": 179894.07, "Plan Rows": 289936, "Plan Width": 25, "Actual Min Startup Time": 264.631, "Actual Max Startup Time": 264.631, "Actual Min Total Time": 278.439, "Actual Max Total Time": 278.439, "Actual Total Rows": 767, "Inner Unique": true, "Plans": [{"Node Type": "Nested Loop", "Parent Relationship": "Outer", "Join Type": "Inner", "Startup Cost": 0.0, "Total Cost": 32695.24, "Plan Rows": 209278, "Plan Width": 4, "Actual Min Startup Time": 264.546, "Actual Max Startup Time": 264.546, "Actual Min Total Time": 273.651, "Actual Max Total Time": 273.651, "Actual Total Rows": 798, "Inner Unique": false, "Join Filter": "(ct.id = mc.company_type_id), (LLVM Optimized, Jit Execute)", "Rows Removed by Join Filter": 294830, "Plans": [{"Node Type": "Seq Scan", "Parent Relationship": "Outer", "Relation Name": "company_type", "Alias": "ct", "Startup Cost": 0.0, "Total Cost": 1.04, "Plan Rows": 1, "Plan Width": 4, "Actual Min Startup Time": 0.043, "Actual Max Startup Time": 0.043, "Actual Min Total Time": 0.049, "Actual Max Total Time": 0.049, "Actual Total Rows": 1, "Filter": "((kind)::text = 'production companies'::text)", "Rows Removed by Filter": 2}, {"Node Type": "Materialize", "Parent Relationship": "Inner", "Startup Cost": 0.0, "Total Cost": 28508.64, "Plan Rows": 418557, "Plan Width": 8, "Actual Min Startup Time": 177.751, "Actual Max Startup Time": 177.751, "Actual Min Total Time": 212.892, "Actual Max Total Time": 212.892, "Actual Total Rows": 295629, "Plans": [{"Node Type": "Streaming(type: LOCAL GATHER dop: 1/16)", "Parent Relationship": "Outer", "Startup Cost": 0.0, "Total Cost": 27462.24, "Plan Rows": 418557, "Plan Width": 8, "Actual Min Startup Time": 35.028, "Actual Max Startup Time": 35.028, "Actual Min Total Time": 135.315, "Actual Max Total Time": 135.315, "Actual Total Rows": 295628, "Plans": [{"Node Type": "Seq Scan", "Parent Relationship": "Outer", "Relation Name": "movie_companies", "Alias": "mc", "Startup Cost": 0.0, "Total Cost": 18428.93, "Plan Rows": 418557, "Plan Width": 8, "Actual Min Startup Time": 0.035, "Actual Max Startup Time": 0.305, "Actual Min Total Time": 70.597, "Actual Max Total Time": 78.391, "Actual Total Rows": 295628, "Filter": "(((note)::text !~~ '%(TV)%'::text) AND ((note)::text ~~ '%(USA)%'::text)), (LLVM Optimized, Jit Execute)", "Rows Removed by Filter": 2313500}]}]}]}, {"Node Type": "Index Scan", "Parent Relationship": "Inner", "Scan Direction": "Forward", "Index Name": "title_pkey", "Relation Name": "title", "Alias": "t", "Startup Cost": 0.0, "Total Cost": 0.69, "Plan Rows": 1, "Plan Width": 21, "Actual Min Startup Time": 4.157, "Actual Max Startup Time": 4.157, "Actual Min Total Time": 4.157, "Actual Max Total Time": 4.157, "Actual Total Rows": 767, "Index Cond": "(id = mc.movie_id)", "Rows Removed by Index Recheck": 0, "Filter": "(production_year > 1990)", "Rows Removed by Filter": 31}]}, {"Node Type": "Index Scan", "Parent Relationship": "Inner", "Scan Direction": "Forward", "Index Name": "movie_id_movie_info", "Relation Name": "movie_info", "Alias": "mi", "Startup Cost": 0.0, "Total Cost": 0.88, "Plan Rows": 1, "Plan Width": 8, "Actual Min Startup Time": 15.106, "Actual Max Startup Time": 15.106, "Actual Min Total Time": 17.268, "Actual Max Total Time": 17.268, "Actual Total Rows": 669, "Index Cond": "(movie_id = t.id)", "Rows Removed by Index Recheck": 0, "Filter": "((info)::text = ANY ('{Sweden,Norway,Germany,Denmark,Swedish,Denish,Norwegian,German,USA,American}'::text[]))", "Rows Removed by Filter": 7721}]}]}]}]}, "Triggers": [], "Planner Runtime": 5.683, "Total Runtime": 310.73, "Unique SQL Id": 322094867}}, "(16, 25)": {"explain_plan": {"Plan": {"Node Type": "Aggregate", "Strategy": "Plain", "Startup Cost": 540686.63, "Total Cost": 540686.64, "Plan Rows": 1, "Plan Width": 49, "Plans": [{"Node Type": "Merge Join", "Parent Relationship": "Outer", "Join Type": "Inner", "Startup Cost": 534973.32, "Total Cost": 539859.0, "Plan Rows": 331050, "Plan Width": 17, "Inner Unique": false, "Merge Cond": "(it.id = mi.info_type_id)", "Plans": [{"Node Type": "Index Only Scan", "Parent Relationship": "Outer", "Scan Direction": "Forward", "Index Name": "info_type_pkey", "Relation Name": "info_type", "Alias": "it", "Startup Cost": 0.0, "Total Cost": 9.93, "Plan Rows": 112, "Plan Width": 4}, {"Node Type": "Sort", "Parent Relationship": "Inner", "Startup Cost": 534883.22, "Total Cost": 535710.85, "Plan Rows": 331050, "Plan Width": 21, "Sort Key": ["mi.info_type_id"], "Plans": [{"Node Type": "Nested Loop", "Parent Relationship": "Outer", "Join Type": "Inner", "Startup Cost": 0.0, "Total Cost": 504531.42, "Plan Rows": 331050, "Plan Width": 21, "Inner Unique": false, "Plans": [{"Node Type": "Nested Loop", "Parent Relationship": "Outer", "Join Type": "Inner", "Startup Cost": 0.0, "Total Cost": 246013.35, "Plan Rows": 289936, "Plan Width": 25, "Inner Unique": true, "Plans": [{"Node Type": "Nested Loop", "Parent Relationship": "Outer", "Join Type": "Inner", "Startup Cost": 0.0, "Total Cost": 98814.52, "Plan Rows": 209278, "Plan Width": 4, "Inner Unique": false, "Join Filter": "(ct.id = mc.company_type_id), (LLVM Optimized)", "Plans": [{"Node Type": "Index Scan", "Parent Relationship": "Outer", "Scan Direction": "Forward", "Index Name": "company_type_pkey", "Relation Name": "company_type", "Alias": "ct", "Startup Cost": 0.0, "Total Cost": 12.3, "Plan Rows": 1, "Plan Width": 4, "Filter": "((kind)::text = 'production companies'::text)"}, {"Node Type": "Materialize", "Parent Relationship": "Inner", "Startup Cost": 0.0, "Total Cost": 94616.65, "Plan Rows": 418557, "Plan Width": 8, "Plans": [{"Node Type": "Streaming(type: LOCAL GATHER dop: 1/16)", "Parent Relationship": "Outer", "Startup Cost": 0.0, "Total Cost": 93570.26, "Plan Rows": 418557, "Plan Width": 8, "Plans": [{"Node Type": "Index Scan", "Parent Relationship": "Outer", "Scan Direction": "Forward", "Index Name": "company_type_id_movie_companies", "Relation Name": "movie_companies", "Alias": "mc", "Startup Cost": 0.0, "Total Cost": 84536.95, "Plan Rows": 418557, "Plan Width": 8, "Filter": "(((note)::text !~~ '%(TV)%'::text) AND ((note)::text ~~ '%(USA)%'::text)), (LLVM Optimized)"}]}]}]}, {"Node Type": "Index Scan", "Parent Relationship": "Inner", "Scan Direction": "Forward", "Index Name": "title_pkey", "Relation Name": "title", "Alias": "t", "Startup Cost": 0.0, "Total Cost": 0.69, "Plan Rows": 1, "Plan Width": 21, "Index Cond": "(id = mc.movie_id)", "Filter": "(production_year > 1990)"}]}, {"Node Type": "Index Scan", "Parent Relationship": "Inner", "Scan Direction": "Forward", "Index Name": "movie_id_movie_info", "Relation Name": "movie_info", "Alias": "mi", "Startup Cost": 0.0, "Total Cost": 0.88, "Plan Rows": 1, "Plan Width": 8, "Index Cond": "(movie_id = t.id)", "Filter": "((info)::text = ANY ('{Sweden,Norway,Germany,Denmark,Swedish,Denish,Norwegian,German,USA,American}'::text[]))"}]}]}]}]}, "Unique SQL Id": 322094867}, "explain_analyze_plan": {"Plan": {"Node Type": "Aggregate", "Strategy": "Plain", "Startup Cost": 540686.63, "Total Cost": 540686.64, "Plan Rows": 1, "Plan Width": 49, "Actual Min Startup Time": 404.405, "Actual Max Startup Time": 404.405, "Actual Min Total Time": 404.406, "Actual Max Total Time": 404.406, "Actual Total Rows": 1, "Plans": [{"Node Type": "Merge Join", "Parent Relationship": "Outer", "Join Type": "Inner", "Startup Cost": 534973.32, "Total Cost": 539859.0, "Plan Rows": 331050, "Plan Width": 17, "Actual Min Startup Time": 403.934, "Actual Max Startup Time": 403.934, "Actual Min Total Time": 404.195, "Actual Max Total Time": 404.195, "Actual Total Rows": 669, "Inner Unique": false, "Merge Cond": "(it.id = mi.info_type_id)", "Plans": [{"Node Type": "Index Only Scan", "Parent Relationship": "Outer", "Scan Direction": "Forward", "Index Name": "info_type_pkey", "Relation Name": "info_type", "Alias": "it", "Startup Cost": 0.0, "Total Cost": 9.93, "Plan Rows": 112, "Plan Width": 4, "Actual Min Startup Time": 0.019, "Actual Max Startup Time": 0.019, "Actual Min Total Time": 0.026, "Actual Max Total Time": 0.026, "Actual Total Rows": 18, "Heap Fetches": 0}, {"Node Type": "Sort", "Parent Relationship": "Inner", "Startup Cost": 534883.22, "Total Cost": 535710.85, "Plan Rows": 331050, "Plan Width": 21, "Actual Min Startup Time": 403.896, "Actual Max Startup Time": 403.896, "Actual Min Total Time": 403.971, "Actual Max Total Time": 403.971, "Actual Total Rows": 669, "Sort Key": ["mi.info_type_id"], "Sort Method": "quicksort", "Sort Space Min Used": 90, "Sort Space Max Used": 90, "Sort Space Type": "Memory", "Plans": [{"Node Type": "Nested Loop", "Parent Relationship": "Outer", "Join Type": "Inner", "Startup Cost": 0.0, "Total Cost": 504531.42, "Plan Rows": 331050, "Plan Width": 21, "Actual Min Startup Time": 298.472, "Actual Max Startup Time": 298.472, "Actual Min Total Time": 403.525, "Actual Max Total Time": 403.525, "Actual Total Rows": 669, "Inner Unique": false, "Plans": [{"Node Type": "Nested Loop", "Parent Relationship": "Outer", "Join Type": "Inner", "Startup Cost": 0.0, "Total Cost": 246013.35, "Plan Rows": 289936, "Plan Width": 25, "Actual Min Startup Time": 298.433, "Actual Max Startup Time": 298.433, "Actual Min Total Time": 385.892, "Actual Max Total Time": 385.892, "Actual Total Rows": 767, "Inner Unique": true, "Plans": [{"Node Type": "Nested Loop", "Parent Relationship": "Outer", "Join Type": "Inner", "Startup Cost": 0.0, "Total Cost": 98814.52, "Plan Rows": 209278, "Plan Width": 4, "Actual Min Startup Time": 298.386, "Actual Max Startup Time": 298.386, "Actual Min Total Time": 381.128, "Actual Max Total Time": 381.128, "Actual Total Rows": 798, "Inner Unique": false, "Join Filter": "(ct.id = mc.company_type_id), (LLVM Optimized)", "Rows Removed by Join Filter": 294830, "Plans": [{"Node Type": "Index Scan", "Parent Relationship": "Outer", "Scan Direction": "Forward", "Index Name": "company_type_pkey", "Relation Name": "company_type", "Alias": "ct", "Startup Cost": 0.0, "Total Cost": 12.3, "Plan Rows": 1, "Plan Width": 4, "Actual Min Startup Time": 0.04, "Actual Max Startup Time": 0.04, "Actual Min Total Time": 0.046, "Actual Max Total Time": 0.046, "Actual Total Rows": 1, "Filter": "((kind)::text = 'production companies'::text)", "Rows Removed by Filter": 2}, {"Node Type": "Materialize", "Parent Relationship": "Inner", "Startup Cost": 0.0, "Total Cost": 94616.65, "Plan Rows": 418557, "Plan Width": 8, "Actual Min Startup Time": 269.913, "Actual Max Startup Time": 269.913, "Actual Min Total Time": 312.73, "Actual Max Total Time": 312.73, "Actual Total Rows": 295629, "Plans": [{"Node Type": "Streaming(type: LOCAL GATHER dop: 1/16)", "Parent Relationship": "Outer", "Startup Cost": 0.0, "Total Cost": 93570.26, "Plan Rows": 418557, "Plan Width": 8, "Actual Min Startup Time": 70.221, "Actual Max Startup Time": 70.221, "Actual Min Total Time": 226.903, "Actual Max Total Time": 226.903, "Actual Total Rows": 295628, "Plans": [{"Node Type": "Index Scan", "Parent Relationship": "Outer", "Scan Direction": "Forward", "Index Name": "company_type_id_movie_companies", "Relation Name": "movie_companies", "Alias": "mc", "Startup Cost": 0.0, "Total Cost": 84536.95, "Plan Rows": 418557, "Plan Width": 8, "Actual Min Startup Time": 14.827, "Actual Max Startup Time": 36.766, "Actual Min Total Time": 90.619, "Actual Max Total Time": 177.439, "Actual Total Rows": 295628, "Filter": "(((note)::text !~~ '%(TV)%'::text) AND ((note)::text ~~ '%(USA)%'::text)), (LLVM Optimized)", "Rows Removed by Filter": 2313500}]}]}]}, {"Node Type": "Index Scan", "Parent Relationship": "Inner", "Scan Direction": "Forward", "Index Name": "title_pkey", "Relation Name": "title", "Alias": "t", "Startup Cost": 0.0, "Total Cost": 0.69, "Plan Rows": 1, "Plan Width": 21, "Actual Min Startup Time": 4.137, "Actual Max Startup Time": 4.137, "Actual Min Total Time": 4.137, "Actual Max Total Time": 4.137, "Actual Total Rows": 767, "Index Cond": "(id = mc.movie_id)", "Rows Removed by Index Recheck": 0, "Filter": "(production_year > 1990)", "Rows Removed by Filter": 31}]}, {"Node Type": "Index Scan", "Parent Relationship": "Inner", "Scan Direction": "Forward", "Index Name": "movie_id_movie_info", "Relation Name": "movie_info", "Alias": "mi", "Startup Cost": 0.0, "Total Cost": 0.88, "Plan Rows": 1, "Plan Width": 8, "Actual Min Startup Time": 14.901, "Actual Max Startup Time": 14.901, "Actual Min Total Time": 17.062, "Actual Max Total Time": 17.062, "Actual Total Rows": 669, "Index Cond": "(movie_id = t.id)", "Rows Removed by Index Recheck": 0, "Filter": "((info)::text = ANY ('{Sweden,Norway,Germany,Denmark,Swedish,Denish,Norwegian,German,USA,American}'::text[]))", "Rows Removed by Filter": 7721}]}]}]}]}, "Triggers": [], "Planner Runtime": 6.898, "Total Runtime": 417.619, "Unique SQL Id": 322094867}}, "(16, 26)": {"explain_plan": {"Plan": {"Node Type": "Aggregate", "Strategy": "Plain", "Startup Cost": 33602537.2, "Total Cost": 33602537.22, "Plan Rows": 1, "Plan Width": 49, "Plans": [{"Node Type": "Streaming(type: LOCAL GATHER dop: 1/16)", "Parent Relationship": "Outer", "Startup Cost": 33602537.2, "Total Cost": 33602537.22, "Plan Rows": 1, "Plan Width": 49, "Plans": [{"Node Type": "Aggregate", "Strategy": "Plain", "Parent Relationship": "Outer", "Startup Cost": 33602537.2, "Total Cost": 33602537.21, "Plan Rows": 1, "Plan Width": 49, "Plans": [{"Node Type": "Nested Loop", "Parent Relationship": "Outer", "Join Type": "Inner", "Startup Cost": 0.0, "Total Cost": 33601709.57, "Plan Rows": 331050, "Plan Width": 17, "Inner Unique": false, "Join Filter": "(mi.movie_id = t.id), (LLVM Optimized)", "Plans": [{"Node Type": "Streaming(type: LOCAL REDISTRIBUTE dop: 16/16)", "Parent Relationship": "Outer", "Startup Cost": 0.0, "Total Cost": 40775.83, "Plan Rows": 1748840, "Plan Width": 21, "Plans": [{"Node Type": "Seq Scan", "Parent Relationship": "Outer", "Relation Name": "title", "Alias": "t", "Startup Cost": 0.0, "Total Cost": 19149.37, "Plan Rows": 1748840, "Plan Width": 21, "Filter": "(production_year > 1990), (LLVM Optimized)"}]}, {"Node Type": "Materialize", "Parent Relationship": "Inner", "Startup Cost": 0.0, "Total Cost": 9074990.87, "Plan Rows": 238955, "Plan Width": 8, "Plans": [{"Node Type": "Streaming(type: LOCAL REDISTRIBUTE dop: 16/16)", "Parent Relationship": "Outer", "Startup Cost": 0.0, "Total Cost": 9074916.2, "Plan Rows": 238955, "Plan Width": 8, "Plans": [{"Node Type": "Nested Loop", "Parent Relationship": "Outer", "Join Type": "Inner", "Startup Cost": 0.0, "Total Cost": 9059010.78, "Plan Rows": 238955, "Plan Width": 8, "Inner Unique": true, "Join Filter": "(mi.info_type_id = it.id), (LLVM Optimized)", "Plans": [{"Node Type": "Streaming(type: LOCAL REDISTRIBUTE dop: 16/16)", "Parent Relationship": "Outer", "Startup Cost": 0.0, "Total Cost": 9042435.84, "Plan Rows": 238955, "Plan Width": 12, "Plans": [{"Node Type": "Nested Loop", "Parent Relationship": "Outer", "Join Type": "Inner", "Startup Cost": 0.0, "Total Cost": 9026530.43, "Plan Rows": 238955, "Plan Width": 12, "Inner Unique": false, "Join Filter": "(mc.movie_id = mi.movie_id), (LLVM Optimized)", "Plans": [{"Node Type": "Streaming(type: LOCAL REDISTRIBUTE dop: 16/1)", "Parent Relationship": "Outer", "Startup Cost": 0.0, "Total Cost": 56397.45, "Plan Rows": 209278, "Plan Width": 4, "Plans": [{"Node Type": "Nested Loop", "Parent Relationship": "Outer", "Join Type": "Inner", "Startup Cost": 0.0, "Total Cost": 32695.24, "Plan Rows": 209278, "Plan Width": 4, "Inner Unique": false, "Join Filter": "(ct.id = mc.company_type_id), (LLVM Optimized)", "Plans": [{"Node Type": "Seq Scan", "Parent Relationship": "Outer", "Relation Name": "company_type", "Alias": "ct", "Startup Cost": 0.0, "Total Cost": 1.04, "Plan Rows": 1, "Plan Width": 4, "Filter": "((kind)::text = 'production companies'::text)"}, {"Node Type": "Materialize", "Parent Relationship": "Inner", "Startup Cost": 0.0, "Total Cost": 28508.64, "Plan Rows": 418557, "Plan Width": 8, "Plans": [{"Node Type": "Streaming(type: LOCAL GATHER dop: 1/16)", "Parent Relationship": "Outer", "Startup Cost": 0.0, "Total Cost": 27462.24, "Plan Rows": 418557, "Plan Width": 8, "Plans": [{"Node Type": "Seq Scan", "Parent Relationship": "Outer", "Relation Name": "movie_companies", "Alias": "mc", "Startup Cost": 0.0, "Total Cost": 18428.93, "Plan Rows": 418557, "Plan Width": 8, "Filter": "(((note)::text !~~ '%(TV)%'::text) AND ((note)::text ~~ '%(USA)%'::text)), (LLVM Optimized)"}]}]}]}]}, {"Node Type": "Materialize", "Parent Relationship": "Inner", "Startup Cost": 0.0, "Total Cost": 63158.16, "Plan Rows": 726375, "Plan Width": 8, "Plans": [{"Node Type": "Streaming(type: LOCAL REDISTRIBUTE dop: 16/16)", "Parent Relationship": "Outer", "Startup Cost": 0.0, "Total Cost": 62931.17, "Plan Rows": 726375, "Plan Width": 8, "Plans": [{"Node Type": "Seq Scan", "Parent Relationship": "Outer", "Relation Name": "movie_info", "Alias": "mi", "Startup Cost": 0.0, "Total Cost": 45178.89, "Plan Rows": 726375, "Plan Width": 8, "Filter": "((info)::text = ANY ('{Sweden,Norway,Germany,Denmark,Swedish,Denish,Norwegian,German,USA,American}'::text[]))"}]}]}]}]}, {"Node Type": "Materialize", "Parent Relationship": "Inner", "Startup Cost": 0.0, "Total Cost": 15006.81, "Plan Rows": 112, "Plan Width": 4, "Plans": [{"Node Type": "Streaming(type: LOCAL REDISTRIBUTE dop: 16/1)", "Parent Relationship": "Outer", "Startup Cost": 0.0, "Total Cost": 15006.78, "Plan Rows": 112, "Plan Width": 4, "Plans": [{"Node Type": "Seq Scan", "Parent Relationship": "Outer", "Relation Name": "info_type", "Alias": "it", "Startup Cost": 0.0, "Total Cost": 2.12, "Plan Rows": 112, "Plan Width": 4}]}]}]}]}]}]}]}]}]}, "Unique SQL Id": 322094867}, "explain_analyze_plan": null}, "(16, 27)": {"explain_plan": {"Plan": {"Node Type": "Aggregate", "Strategy": "Plain", "Startup Cost": 5001727514355.89, "Total Cost": 5001727514355.9, "Plan Rows": 1, "Plan Width": 49, "Plans": [{"Node Type": "Merge Join", "Parent Relationship": "Outer", "Join Type": "Inner", "Startup Cost": 50024908232.05, "Total Cost": 5001727513528.26, "Plan Rows": 331050, "Plan Width": 17, "Inner Unique": true, "Merge Cond": "(mi.movie_id = t.id)", "Plans": [{"Node Type": "Nested Loop", "Parent Relationship": "Outer", "Join Type": "Inner", "Startup Cost": 40000000000.0, "Total Cost": 4002417254292.22, "Plan Rows": 238955, "Plan Width": 8, "Inner Unique": true, "Join Filter": "(mi.info_type_id = it.id), (LLVM Optimized)", "Plans": [{"Node Type": "Nested Loop", "Parent Relationship": "Outer", "Join Type": "Inner", "Startup Cost": 30000000000.0, "Total Cost": 3002416851854.54, "Plan Rows": 238955, "Plan Width": 12, "Inner Unique": false, "Join Filter": "(mc.movie_id = mi.movie_id), (LLVM Optimized)", "Plans": [{"Node Type": "Nested Loop", "Parent Relationship": "Outer", "Join Type": "Inner", "Startup Cost": 20000000000.0, "Total Cost": 2000014364018.74, "Plan Rows": 209278, "Plan Width": 4, "Inner Unique": true, "Join Filter": "(ct.id = mc.company_type_id), (LLVM Optimized)", "Plans": [{"Node Type": "Index Scan", "Parent Relationship": "Outer", "Scan Direction": "Forward", "Index Name": "movie_id_movie_companies", "Relation Name": "movie_companies", "Alias": "mc", "Startup Cost": 10000000000.0, "Total Cost": 1000014356510.13, "Plan Rows": 418557, "Plan Width": 8, "Filter": "(((note)::text !~~ '%(TV)%'::text) AND ((note)::text ~~ '%(USA)%'::text)), (LLVM Optimized)"}, {"Node Type": "Materialize", "Parent Relationship": "Inner", "Startup Cost": 10000000000.0, "Total Cost": 1000000001230.26, "Plan Rows": 1, "Plan Width": 4, "Plans": [{"Node Type": "Index Scan", "Parent Relationship": "Outer", "Scan Direction": "Forward", "Index Name": "company_type_pkey", "Relation Name": "company_type", "Alias": "ct", "Startup Cost": 10000000000.0, "Total Cost": 1000000001230.25, "Plan Rows": 1, "Plan Width": 4, "Filter": "((kind)::text = 'production companies'::text)"}]}]}, {"Node Type": "Materialize", "Parent Relationship": "Inner", "Startup Cost": 10000000000.0, "Total Cost": 1000122275042.99, "Plan Rows": 726375, "Plan Width": 8, "Plans": [{"Node Type": "Index Scan", "Parent Relationship": "Outer", "Scan Direction": "Forward", "Index Name": "info_type_id_movie_info", "Relation Name": "movie_info", "Alias": "mi", "Startup Cost": 10000000000.0, "Total Cost": 1000122271411.12, "Plan Rows": 726375, "Plan Width": 8, "Filter": "((info)::text = ANY ('{Sweden,Norway,Germany,Denmark,Swedish,Denish,Norwegian,German,USA,American}'::text[]))"}]}]}, {"Node Type": "Materialize", "Parent Relationship": "Inner", "Startup Cost": 10000000000.0, "Total Cost": 1000000000993.56, "Plan Rows": 112, "Plan Width": 4, "Plans": [{"Node Type": "Index Only Scan", "Parent Relationship": "Outer", "Scan Direction": "Forward", "Index Name": "info_type_pkey", "Relation Name": "info_type", "Alias": "it", "Startup Cost": 10000000000.0, "Total Cost": 1000000000993.0, "Plan Rows": 112, "Plan Width": 4}]}]}, {"Node Type": "Index Scan", "Parent Relationship": "Inner", "Scan Direction": "Forward", "Index Name": "title_pkey", "Relation Name": "title", "Alias": "t", "Startup Cost": 10000000000.0, "Total Cost": 1000011644126.66, "Plan Rows": 1748840, "Plan Width": 21, "Filter": "(production_year > 1990), (LLVM Optimized)"}]}]}, "Unique SQL Id": 322094867}, "explain_analyze_plan": null}, "(16, 28)": {"explain_plan": {"Plan": {"Node Type": "Aggregate", "Strategy": "Plain", "Startup Cost": 474563.8, "Total Cost": 474563.81, "Plan Rows": 1, "Plan Width": 49, "Plans": [{"Node Type": "Merge Join", "Parent Relationship": "Outer", "Join Type": "Inner", "Startup Cost": 468859.98, "Total Cost": 473736.18, "Plan Rows": 331050, "Plan Width": 17, "Inner Unique": false, "Merge Cond": "(it.id = mi.info_type_id)", "Plans": [{"Node Type": "Sort", "Parent Relationship": "Outer", "Startup Cost": 5.93, "Total Cost": 6.21, "Plan Rows": 112, "Plan Width": 4, "Sort Key": ["it.id"], "Plans": [{"Node Type": "Seq Scan", "Parent Relationship": "Outer", "Relation Name": "info_type", "Alias": "it", "Startup Cost": 0.0, "Total Cost": 2.12, "Plan Rows": 112, "Plan Width": 4}]}, {"Node Type": "Sort", "Parent Relationship": "Inner", "Startup Cost": 468763.94, "Total Cost": 469591.57, "Plan Rows": 331050, "Plan Width": 21, "Sort Key": ["mi.info_type_id"], "Plans": [{"Node Type": "Nested Loop", "Parent Relationship": "Outer", "Join Type": "Inner", "Startup Cost": 0.0, "Total Cost": 438412.14, "Plan Rows": 331050, "Plan Width": 21, "Inner Unique": false, "Plans": [{"Node Type": "Nested Loop", "Parent Relationship": "Outer", "Join Type": "Inner", "Startup Cost": 0.0, "Total Cost": 179894.07, "Plan Rows": 289936, "Plan Width": 25, "Inner Unique": true, "Plans": [{"Node Type": "Nested Loop", "Parent Relationship": "Outer", "Join Type": "Inner", "Startup Cost": 0.0, "Total Cost": 32695.24, "Plan Rows": 209278, "Plan Width": 4, "Inner Unique": false, "Join Filter": "(ct.id = mc.company_type_id), (LLVM Optimized)", "Plans": [{"Node Type": "Seq Scan", "Parent Relationship": "Outer", "Relation Name": "company_type", "Alias": "ct", "Startup Cost": 0.0, "Total Cost": 1.04, "Plan Rows": 1, "Plan Width": 4, "Filter": "((kind)::text = 'production companies'::text)"}, {"Node Type": "Materialize", "Parent Relationship": "Inner", "Startup Cost": 0.0, "Total Cost": 28508.64, "Plan Rows": 418557, "Plan Width": 8, "Plans": [{"Node Type": "Streaming(type: LOCAL GATHER dop: 1/16)", "Parent Relationship": "Outer", "Startup Cost": 0.0, "Total Cost": 27462.24, "Plan Rows": 418557, "Plan Width": 8, "Plans": [{"Node Type": "Seq Scan", "Parent Relationship": "Outer", "Relation Name": "movie_companies", "Alias": "mc", "Startup Cost": 0.0, "Total Cost": 18428.93, "Plan Rows": 418557, "Plan Width": 8, "Filter": "(((note)::text !~~ '%(TV)%'::text) AND ((note)::text ~~ '%(USA)%'::text)), (LLVM Optimized)"}]}]}]}, {"Node Type": "Index Scan", "Parent Relationship": "Inner", "Scan Direction": "Forward", "Index Name": "title_pkey", "Relation Name": "title", "Alias": "t", "Startup Cost": 0.0, "Total Cost": 0.69, "Plan Rows": 1, "Plan Width": 21, "Index Cond": "(id = mc.movie_id)", "Filter": "(production_year > 1990)"}]}, {"Node Type": "Index Scan", "Parent Relationship": "Inner", "Scan Direction": "Forward", "Index Name": "movie_id_movie_info", "Relation Name": "movie_info", "Alias": "mi", "Startup Cost": 0.0, "Total Cost": 0.88, "Plan Rows": 1, "Plan Width": 8, "Index Cond": "(movie_id = t.id)", "Filter": "((info)::text = ANY ('{Sweden,Norway,Germany,Denmark,Swedish,Denish,Norwegian,German,USA,American}'::text[]))"}]}]}]}]}, "Unique SQL Id": 322094867}, "explain_analyze_plan": {"Plan": {"Node Type": "Aggregate", "Strategy": "Plain", "Startup Cost": 474563.8, "Total Cost": 474563.81, "Plan Rows": 1, "Plan Width": 49, "Actual Min Startup Time": 314.006, "Actual Max Startup Time": 314.006, "Actual Min Total Time": 314.006, "Actual Max Total Time": 314.006, "Actual Total Rows": 1, "Plans": [{"Node Type": "Merge Join", "Parent Relationship": "Outer", "Join Type": "Inner", "Startup Cost": 468859.98, "Total Cost": 473736.18, "Plan Rows": 331050, "Plan Width": 17, "Actual Min Startup Time": 313.497, "Actual Max Startup Time": 313.497, "Actual Min Total Time": 313.773, "Actual Max Total Time": 313.773, "Actual Total Rows": 669, "Inner Unique": false, "Merge Cond": "(it.id = mi.info_type_id)", "Plans": [{"Node Type": "Sort", "Parent Relationship": "Outer", "Startup Cost": 5.93, "Total Cost": 6.21, "Plan Rows": 112, "Plan Width": 4, "Actual Min Startup Time": 0.106, "Actual Max Startup Time": 0.106, "Actual Min Total Time": 0.109, "Actual Max Total Time": 0.109, "Actual Total Rows": 18, "Sort Key": ["it.id"], "Sort Method": "quicksort", "Sort Space Min Used": 32, "Sort Space Max Used": 32, "Sort Space Type": "Memory", "Plans": [{"Node Type": "Seq Scan", "Parent Relationship": "Outer", "Relation Name": "info_type", "Alias": "it", "Startup Cost": 0.0, "Total Cost": 2.12, "Plan Rows": 112, "Plan Width": 4, "Actual Min Startup Time": 0.032, "Actual Max Startup Time": 0.032, "Actual Min Total Time": 0.051, "Actual Max Total Time": 0.051, "Actual Total Rows": 112}]}, {"Node Type": "Sort", "Parent Relationship": "Inner", "Startup Cost": 468763.94, "Total Cost": 469591.57, "Plan Rows": 331050, "Plan Width": 21, "Actual Min Startup Time": 313.374, "Actual Max Startup Time": 313.374, "Actual Min Total Time": 313.468, "Actual Max Total Time": 313.468, "Actual Total Rows": 669, "Sort Key": ["mi.info_type_id"], "Sort Method": "quicksort", "Sort Space Min Used": 90, "Sort Space Max Used": 90, "Sort Space Type": "Memory", "Plans": [{"Node Type": "Nested Loop", "Parent Relationship": "Outer", "Join Type": "Inner", "Startup Cost": 0.0, "Total Cost": 438412.14, "Plan Rows": 331050, "Plan Width": 21, "Actual Min Startup Time": 274.184, "Actual Max Startup Time": 274.184, "Actual Min Total Time": 313.068, "Actual Max Total Time": 313.068, "Actual Total Rows": 669, "Inner Unique": false, "Plans": [{"Node Type": "Nested Loop", "Parent Relationship": "Outer", "Join Type": "Inner", "Startup Cost": 0.0, "Total Cost": 179894.07, "Plan Rows": 289936, "Plan Width": 25, "Actual Min Startup Time": 274.132, "Actual Max Startup Time": 274.132, "Actual Min Total Time": 295.435, "Actual Max Total Time": 295.435, "Actual Total Rows": 767, "Inner Unique": true, "Plans": [{"Node Type": "Nested Loop", "Parent Relationship": "Outer", "Join Type": "Inner", "Startup Cost": 0.0, "Total Cost": 32695.24, "Plan Rows": 209278, "Plan Width": 4, "Actual Min Startup Time": 274.061, "Actual Max Startup Time": 274.061, "Actual Min Total Time": 290.692, "Actual Max Total Time": 290.692, "Actual Total Rows": 798, "Inner Unique": false, "Join Filter": "(ct.id = mc.company_type_id), (LLVM Optimized)", "Rows Removed by Join Filter": 294830, "Plans": [{"Node Type": "Seq Scan", "Parent Relationship": "Outer", "Relation Name": "company_type", "Alias": "ct", "Startup Cost": 0.0, "Total Cost": 1.04, "Plan Rows": 1, "Plan Width": 4, "Actual Min Startup Time": 0.043, "Actual Max Startup Time": 0.043, "Actual Min Total Time": 0.048, "Actual Max Total Time": 0.048, "Actual Total Rows": 1, "Filter": "((kind)::text = 'production companies'::text)", "Rows Removed by Filter": 2}, {"Node Type": "Materialize", "Parent Relationship": "Inner", "Startup Cost": 0.0, "Total Cost": 28508.64, "Plan Rows": 418557, "Plan Width": 8, "Actual Min Startup Time": 188.587, "Actual Max Startup Time": 188.587, "Actual Min Total Time": 224.443, "Actual Max Total Time": 224.443, "Actual Total Rows": 295629, "Plans": [{"Node Type": "Streaming(type: LOCAL GATHER dop: 1/16)", "Parent Relationship": "Outer", "Startup Cost": 0.0, "Total Cost": 27462.24, "Plan Rows": 418557, "Plan Width": 8, "Actual Min Startup Time": 49.97, "Actual Max Startup Time": 49.97, "Actual Min Total Time": 146.294, "Actual Max Total Time": 146.294, "Actual Total Rows": 295628, "Plans": [{"Node Type": "Seq Scan", "Parent Relationship": "Outer", "Relation Name": "movie_companies", "Alias": "mc", "Startup Cost": 0.0, "Total Cost": 18428.93, "Plan Rows": 418557, "Plan Width": 8, "Actual Min Startup Time": 0.039, "Actual Max Startup Time": 0.299, "Actual Min Total Time": 70.624, "Actual Max Total Time": 78.383, "Actual Total Rows": 295628, "Filter": "(((note)::text !~~ '%(TV)%'::text) AND ((note)::text ~~ '%(USA)%'::text)), (LLVM Optimized)", "Rows Removed by Filter": 2313500}]}]}]}, {"Node Type": "Index Scan", "Parent Relationship": "Inner", "Scan Direction": "Forward", "Index Name": "title_pkey", "Relation Name": "title", "Alias": "t", "Startup Cost": 0.0, "Total Cost": 0.69, "Plan Rows": 1, "Plan Width": 21, "Actual Min Startup Time": 4.124, "Actual Max Startup Time": 4.124, "Actual Min Total Time": 4.124, "Actual Max Total Time": 4.124, "Actual Total Rows": 767, "Index Cond": "(id = mc.movie_id)", "Rows Removed by Index Recheck": 0, "Filter": "(production_year > 1990)", "Rows Removed by Filter": 31}]}, {"Node Type": "Index Scan", "Parent Relationship": "Inner", "Scan Direction": "Forward", "Index Name": "movie_id_movie_info", "Relation Name": "movie_info", "Alias": "mi", "Startup Cost": 0.0, "Total Cost": 0.88, "Plan Rows": 1, "Plan Width": 8, "Actual Min Startup Time": 14.9, "Actual Max Startup Time": 14.9, "Actual Min Total Time": 17.036, "Actual Max Total Time": 17.036, "Actual Total Rows": 669, "Index Cond": "(movie_id = t.id)", "Rows Removed by Index Recheck": 0, "Filter": "((info)::text = ANY ('{Sweden,Norway,Germany,Denmark,Swedish,Denish,Norwegian,German,USA,American}'::text[]))", "Rows Removed by Filter": 7721}]}]}]}]}, "Triggers": [], "Planner Runtime": 5.817, "Total Runtime": 326.355, "Unique SQL Id": 322094867}}, "(16, 29)": {"explain_plan": {"Plan": {"Node Type": "Aggregate", "Strategy": "Plain", "Startup Cost": 540690.56, "Total Cost": 540690.57, "Plan Rows": 1, "Plan Width": 49, "Plans": [{"Node Type": "Merge Join", "Parent Relationship": "Outer", "Join Type": "Inner", "Startup Cost": 534973.32, "Total Cost": 539862.93, "Plan Rows": 331050, "Plan Width": 17, "Inner Unique": false, "Merge Cond": "(it.id = mi.info_type_id)", "Plans": [{"Node Type": "Index Scan", "Parent Relationship": "Outer", "Scan Direction": "Forward", "Index Name": "info_type_pkey", "Relation Name": "info_type", "Alias": "it", "Startup Cost": 0.0, "Total Cost": 13.93, "Plan Rows": 112, "Plan Width": 4}, {"Node Type": "Sort", "Parent Relationship": "Inner", "Startup Cost": 534883.22, "Total Cost": 535710.85, "Plan Rows": 331050, "Plan Width": 21, "Sort Key": ["mi.info_type_id"], "Plans": [{"Node Type": "Nested Loop", "Parent Relationship": "Outer", "Join Type": "Inner", "Startup Cost": 0.0, "Total Cost": 504531.42, "Plan Rows": 331050, "Plan Width": 21, "Inner Unique": false, "Plans": [{"Node Type": "Nested Loop", "Parent Relationship": "Outer", "Join Type": "Inner", "Startup Cost": 0.0, "Total Cost": 246013.35, "Plan Rows": 289936, "Plan Width": 25, "Inner Unique": true, "Plans": [{"Node Type": "Nested Loop", "Parent Relationship": "Outer", "Join Type": "Inner", "Startup Cost": 0.0, "Total Cost": 98814.52, "Plan Rows": 209278, "Plan Width": 4, "Inner Unique": false, "Join Filter": "(ct.id = mc.company_type_id), (LLVM Optimized)", "Plans": [{"Node Type": "Index Scan", "Parent Relationship": "Outer", "Scan Direction": "Forward", "Index Name": "company_type_pkey", "Relation Name": "company_type", "Alias": "ct", "Startup Cost": 0.0, "Total Cost": 12.3, "Plan Rows": 1, "Plan Width": 4, "Filter": "((kind)::text = 'production companies'::text)"}, {"Node Type": "Materialize", "Parent Relationship": "Inner", "Startup Cost": 0.0, "Total Cost": 94616.65, "Plan Rows": 418557, "Plan Width": 8, "Plans": [{"Node Type": "Streaming(type: LOCAL GATHER dop: 1/16)", "Parent Relationship": "Outer", "Startup Cost": 0.0, "Total Cost": 93570.26, "Plan Rows": 418557, "Plan Width": 8, "Plans": [{"Node Type": "Index Scan", "Parent Relationship": "Outer", "Scan Direction": "Forward", "Index Name": "company_type_id_movie_companies", "Relation Name": "movie_companies", "Alias": "mc", "Startup Cost": 0.0, "Total Cost": 84536.95, "Plan Rows": 418557, "Plan Width": 8, "Filter": "(((note)::text !~~ '%(TV)%'::text) AND ((note)::text ~~ '%(USA)%'::text)), (LLVM Optimized)"}]}]}]}, {"Node Type": "Index Scan", "Parent Relationship": "Inner", "Scan Direction": "Forward", "Index Name": "title_pkey", "Relation Name": "title", "Alias": "t", "Startup Cost": 0.0, "Total Cost": 0.69, "Plan Rows": 1, "Plan Width": 21, "Index Cond": "(id = mc.movie_id)", "Filter": "(production_year > 1990)"}]}, {"Node Type": "Index Scan", "Parent Relationship": "Inner", "Scan Direction": "Forward", "Index Name": "movie_id_movie_info", "Relation Name": "movie_info", "Alias": "mi", "Startup Cost": 0.0, "Total Cost": 0.88, "Plan Rows": 1, "Plan Width": 8, "Index Cond": "(movie_id = t.id)", "Filter": "((info)::text = ANY ('{Sweden,Norway,Germany,Denmark,Swedish,Denish,Norwegian,German,USA,American}'::text[]))"}]}]}]}]}, "Unique SQL Id": 322094867}, "explain_analyze_plan": {"Plan": {"Node Type": "Aggregate", "Strategy": "Plain", "Startup Cost": 540690.56, "Total Cost": 540690.57, "Plan Rows": 1, "Plan Width": 49, "Actual Min Startup Time": 381.494, "Actual Max Startup Time": 381.494, "Actual Min Total Time": 381.494, "Actual Max Total Time": 381.494, "Actual Total Rows": 1, "Plans": [{"Node Type": "Merge Join", "Parent Relationship": "Outer", "Join Type": "Inner", "Startup Cost": 534973.32, "Total Cost": 539862.93, "Plan Rows": 331050, "Plan Width": 17, "Actual Min Startup Time": 381.025, "Actual Max Startup Time": 381.025, "Actual Min Total Time": 381.262, "Actual Max Total Time": 381.262, "Actual Total Rows": 669, "Inner Unique": false, "Merge Cond": "(it.id = mi.info_type_id)", "Plans": [{"Node Type": "Index Scan", "Parent Relationship": "Outer", "Scan Direction": "Forward", "Index Name": "info_type_pkey", "Relation Name": "info_type", "Alias": "it", "Startup Cost": 0.0, "Total Cost": 13.93, "Plan Rows": 112, "Plan Width": 4, "Actual Min Startup Time": 0.028, "Actual Max Startup Time": 0.028, "Actual Min Total Time": 0.036, "Actual Max Total Time": 0.036, "Actual Total Rows": 18}, {"Node Type": "Sort", "Parent Relationship": "Inner", "Startup Cost": 534883.22, "Total Cost": 535710.85, "Plan Rows": 331050, "Plan Width": 21, "Actual Min Startup Time": 380.975, "Actual Max Startup Time": 380.975, "Actual Min Total Time": 381.041, "Actual Max Total Time": 381.041, "Actual Total Rows": 669, "Sort Key": ["mi.info_type_id"], "Sort Method": "quicksort", "Sort Space Min Used": 90, "Sort Space Max Used": 90, "Sort Space Type": "Memory", "Plans": [{"Node Type": "Nested Loop", "Parent Relationship": "Outer", "Join Type": "Inner", "Startup Cost": 0.0, "Total Cost": 504531.42, "Plan Rows": 331050, "Plan Width": 21, "Actual Min Startup Time": 291.964, "Actual Max Startup Time": 291.964, "Actual Min Total Time": 380.634, "Actual Max Total Time": 380.634, "Actual Total Rows": 669, "Inner Unique": false, "Plans": [{"Node Type": "Nested Loop", "Parent Relationship": "Outer", "Join Type": "Inner", "Startup Cost": 0.0, "Total Cost": 246013.35, "Plan Rows": 289936, "Plan Width": 25, "Actual Min Startup Time": 291.922, "Actual Max Startup Time": 291.922, "Actual Min Total Time": 362.676, "Actual Max Total Time": 362.676, "Actual Total Rows": 767, "Inner Unique": true, "Plans": [{"Node Type": "Nested Loop", "Parent Relationship": "Outer", "Join Type": "Inner", "Startup Cost": 0.0, "Total Cost": 98814.52, "Plan Rows": 209278, "Plan Width": 4, "Actual Min Startup Time": 291.868, "Actual Max Startup Time": 291.868, "Actual Min Total Time": 357.812, "Actual Max Total Time": 357.812, "Actual Total Rows": 798, "Inner Unique": false, "Join Filter": "(ct.id = mc.company_type_id), (LLVM Optimized, Jit Execute)", "Rows Removed by Join Filter": 294830, "Plans": [{"Node Type": "Index Scan", "Parent Relationship": "Outer", "Scan Direction": "Forward", "Index Name": "company_type_pkey", "Relation Name": "company_type", "Alias": "ct", "Startup Cost": 0.0, "Total Cost": 12.3, "Plan Rows": 1, "Plan Width": 4, "Actual Min Startup Time": 0.04, "Actual Max Startup Time": 0.04, "Actual Min Total Time": 0.046, "Actual Max Total Time": 0.046, "Actual Total Rows": 1, "Filter": "((kind)::text = 'production companies'::text)", "Rows Removed by Filter": 2}, {"Node Type": "Materialize", "Parent Relationship": "Inner", "Startup Cost": 0.0, "Total Cost": 94616.65, "Plan Rows": 418557, "Plan Width": 8, "Actual Min Startup Time": 266.433, "Actual Max Startup Time": 266.433, "Actual Min Total Time": 304.497, "Actual Max Total Time": 304.497, "Actual Total Rows": 295629, "Plans": [{"Node Type": "Streaming(type: LOCAL GATHER dop: 1/16)", "Parent Relationship": "Outer", "Startup Cost": 0.0, "Total Cost": 93570.26, "Plan Rows": 418557, "Plan Width": 8, "Actual Min Startup Time": 63.895, "Actual Max Startup Time": 63.895, "Actual Min Total Time": 223.195, "Actual Max Total Time": 223.195, "Actual Total Rows": 295628, "Plans": [{"Node Type": "Index Scan", "Parent Relationship": "Outer", "Scan Direction": "Forward", "Index Name": "company_type_id_movie_companies", "Relation Name": "movie_companies", "Alias": "mc", "Startup Cost": 0.0, "Total Cost": 84536.95, "Plan Rows": 418557, "Plan Width": 8, "Actual Min Startup Time": 11.087, "Actual Max Startup Time": 27.85, "Actual Min Total Time": 86.452, "Actual Max Total Time": 175.421, "Actual Total Rows": 295628, "Filter": "(((note)::text !~~ '%(TV)%'::text) AND ((note)::text ~~ '%(USA)%'::text)), (LLVM Optimized, Jit Execute)", "Rows Removed by Filter": 2313500}]}]}]}, {"Node Type": "Index Scan", "Parent Relationship": "Inner", "Scan Direction": "Forward", "Index Name": "title_pkey", "Relation Name": "title", "Alias": "t", "Startup Cost": 0.0, "Total Cost": 0.69, "Plan Rows": 1, "Plan Width": 21, "Actual Min Startup Time": 4.213, "Actual Max Startup Time": 4.213, "Actual Min Total Time": 4.213, "Actual Max Total Time": 4.213, "Actual Total Rows": 767, "Index Cond": "(id = mc.movie_id)", "Rows Removed by Index Recheck": 0, "Filter": "(production_year > 1990)", "Rows Removed by Filter": 31}]}, {"Node Type": "Index Scan", "Parent Relationship": "Inner", "Scan Direction": "Forward", "Index Name": "movie_id_movie_info", "Relation Name": "movie_info", "Alias": "mi", "Startup Cost": 0.0, "Total Cost": 0.88, "Plan Rows": 1, "Plan Width": 8, "Actual Min Startup Time": 15.171, "Actual Max Startup Time": 15.171, "Actual Min Total Time": 17.353, "Actual Max Total Time": 17.353, "Actual Total Rows": 669, "Index Cond": "(movie_id = t.id)", "Rows Removed by Index Recheck": 0, "Filter": "((info)::text = ANY ('{Sweden,Norway,Germany,Denmark,Swedish,Denish,Norwegian,German,USA,American}'::text[]))", "Rows Removed by Filter": 7721}]}]}]}]}, "Triggers": [], "Planner Runtime": 6.808, "Total Runtime": 393.719, "Unique SQL Id": 322094867}}, "(16, 30)": {"explain_plan": {"Plan": {"Node Type": "Aggregate", "Strategy": "Plain", "Startup Cost": 33602537.2, "Total Cost": 33602537.22, "Plan Rows": 1, "Plan Width": 49, "Plans": [{"Node Type": "Streaming(type: LOCAL GATHER dop: 1/16)", "Parent Relationship": "Outer", "Startup Cost": 33602537.2, "Total Cost": 33602537.22, "Plan Rows": 1, "Plan Width": 49, "Plans": [{"Node Type": "Aggregate", "Strategy": "Plain", "Parent Relationship": "Outer", "Startup Cost": 33602537.2, "Total Cost": 33602537.21, "Plan Rows": 1, "Plan Width": 49, "Plans": [{"Node Type": "Nested Loop", "Parent Relationship": "Outer", "Join Type": "Inner", "Startup Cost": 0.0, "Total Cost": 33601709.57, "Plan Rows": 331050, "Plan Width": 17, "Inner Unique": false, "Join Filter": "(mi.movie_id = t.id), (LLVM Optimized)", "Plans": [{"Node Type": "Streaming(type: LOCAL REDISTRIBUTE dop: 16/16)", "Parent Relationship": "Outer", "Startup Cost": 0.0, "Total Cost": 40775.83, "Plan Rows": 1748840, "Plan Width": 21, "Plans": [{"Node Type": "Seq Scan", "Parent Relationship": "Outer", "Relation Name": "title", "Alias": "t", "Startup Cost": 0.0, "Total Cost": 19149.37, "Plan Rows": 1748840, "Plan Width": 21, "Filter": "(production_year > 1990), (LLVM Optimized)"}]}, {"Node Type": "Materialize", "Parent Relationship": "Inner", "Startup Cost": 0.0, "Total Cost": 9074990.87, "Plan Rows": 238955, "Plan Width": 8, "Plans": [{"Node Type": "Streaming(type: LOCAL REDISTRIBUTE dop: 16/16)", "Parent Relationship": "Outer", "Startup Cost": 0.0, "Total Cost": 9074916.2, "Plan Rows": 238955, "Plan Width": 8, "Plans": [{"Node Type": "Nested Loop", "Parent Relationship": "Outer", "Join Type": "Inner", "Startup Cost": 0.0, "Total Cost": 9059010.78, "Plan Rows": 238955, "Plan Width": 8, "Inner Unique": true, "Join Filter": "(mi.info_type_id = it.id), (LLVM Optimized)", "Plans": [{"Node Type": "Streaming(type: LOCAL REDISTRIBUTE dop: 16/16)", "Parent Relationship": "Outer", "Startup Cost": 0.0, "Total Cost": 9042435.84, "Plan Rows": 238955, "Plan Width": 12, "Plans": [{"Node Type": "Nested Loop", "Parent Relationship": "Outer", "Join Type": "Inner", "Startup Cost": 0.0, "Total Cost": 9026530.43, "Plan Rows": 238955, "Plan Width": 12, "Inner Unique": false, "Join Filter": "(mc.movie_id = mi.movie_id), (LLVM Optimized)", "Plans": [{"Node Type": "Streaming(type: LOCAL REDISTRIBUTE dop: 16/1)", "Parent Relationship": "Outer", "Startup Cost": 0.0, "Total Cost": 56397.45, "Plan Rows": 209278, "Plan Width": 4, "Plans": [{"Node Type": "Nested Loop", "Parent Relationship": "Outer", "Join Type": "Inner", "Startup Cost": 0.0, "Total Cost": 32695.24, "Plan Rows": 209278, "Plan Width": 4, "Inner Unique": false, "Join Filter": "(ct.id = mc.company_type_id), (LLVM Optimized)", "Plans": [{"Node Type": "Seq Scan", "Parent Relationship": "Outer", "Relation Name": "company_type", "Alias": "ct", "Startup Cost": 0.0, "Total Cost": 1.04, "Plan Rows": 1, "Plan Width": 4, "Filter": "((kind)::text = 'production companies'::text)"}, {"Node Type": "Materialize", "Parent Relationship": "Inner", "Startup Cost": 0.0, "Total Cost": 28508.64, "Plan Rows": 418557, "Plan Width": 8, "Plans": [{"Node Type": "Streaming(type: LOCAL GATHER dop: 1/16)", "Parent Relationship": "Outer", "Startup Cost": 0.0, "Total Cost": 27462.24, "Plan Rows": 418557, "Plan Width": 8, "Plans": [{"Node Type": "Seq Scan", "Parent Relationship": "Outer", "Relation Name": "movie_companies", "Alias": "mc", "Startup Cost": 0.0, "Total Cost": 18428.93, "Plan Rows": 418557, "Plan Width": 8, "Filter": "(((note)::text !~~ '%(TV)%'::text) AND ((note)::text ~~ '%(USA)%'::text)), (LLVM Optimized)"}]}]}]}]}, {"Node Type": "Materialize", "Parent Relationship": "Inner", "Startup Cost": 0.0, "Total Cost": 63158.16, "Plan Rows": 726375, "Plan Width": 8, "Plans": [{"Node Type": "Streaming(type: LOCAL REDISTRIBUTE dop: 16/16)", "Parent Relationship": "Outer", "Startup Cost": 0.0, "Total Cost": 62931.17, "Plan Rows": 726375, "Plan Width": 8, "Plans": [{"Node Type": "Seq Scan", "Parent Relationship": "Outer", "Relation Name": "movie_info", "Alias": "mi", "Startup Cost": 0.0, "Total Cost": 45178.89, "Plan Rows": 726375, "Plan Width": 8, "Filter": "((info)::text = ANY ('{Sweden,Norway,Germany,Denmark,Swedish,Denish,Norwegian,German,USA,American}'::text[]))"}]}]}]}]}, {"Node Type": "Materialize", "Parent Relationship": "Inner", "Startup Cost": 0.0, "Total Cost": 15006.81, "Plan Rows": 112, "Plan Width": 4, "Plans": [{"Node Type": "Streaming(type: LOCAL REDISTRIBUTE dop: 16/1)", "Parent Relationship": "Outer", "Startup Cost": 0.0, "Total Cost": 15006.78, "Plan Rows": 112, "Plan Width": 4, "Plans": [{"Node Type": "Seq Scan", "Parent Relationship": "Outer", "Relation Name": "info_type", "Alias": "it", "Startup Cost": 0.0, "Total Cost": 2.12, "Plan Rows": 112, "Plan Width": 4}]}]}]}]}]}]}]}]}]}, "Unique SQL Id": 322094867}, "explain_analyze_plan": null}, "(16, 31)": {"explain_plan": {"Plan": {"Node Type": "Aggregate", "Strategy": "Plain", "Startup Cost": 5001727514755.89, "Total Cost": 5001727514755.9, "Plan Rows": 1, "Plan Width": 49, "Plans": [{"Node Type": "Merge Join", "Parent Relationship": "Outer", "Join Type": "Inner", "Startup Cost": 50024908232.05, "Total Cost": 5001727513928.26, "Plan Rows": 331050, "Plan Width": 17, "Inner Unique": true, "Merge Cond": "(mi.movie_id = t.id)", "Plans": [{"Node Type": "Nested Loop", "Parent Relationship": "Outer", "Join Type": "Inner", "Startup Cost": 40000000000.0, "Total Cost": 4002417254692.22, "Plan Rows": 238955, "Plan Width": 8, "Inner Unique": true, "Join Filter": "(mi.info_type_id = it.id), (LLVM Optimized)", "Plans": [{"Node Type": "Nested Loop", "Parent Relationship": "Outer", "Join Type": "Inner", "Startup Cost": 30000000000.0, "Total Cost": 3002416851854.54, "Plan Rows": 238955, "Plan Width": 12, "Inner Unique": false, "Join Filter": "(mc.movie_id = mi.movie_id), (LLVM Optimized)", "Plans": [{"Node Type": "Nested Loop", "Parent Relationship": "Outer", "Join Type": "Inner", "Startup Cost": 20000000000.0, "Total Cost": 2000014364018.74, "Plan Rows": 209278, "Plan Width": 4, "Inner Unique": true, "Join Filter": "(ct.id = mc.company_type_id), (LLVM Optimized)", "Plans": [{"Node Type": "Index Scan", "Parent Relationship": "Outer", "Scan Direction": "Forward", "Index Name": "movie_id_movie_companies", "Relation Name": "movie_companies", "Alias": "mc", "Startup Cost": 10000000000.0, "Total Cost": 1000014356510.13, "Plan Rows": 418557, "Plan Width": 8, "Filter": "(((note)::text !~~ '%(TV)%'::text) AND ((note)::text ~~ '%(USA)%'::text)), (LLVM Optimized)"}, {"Node Type": "Materialize", "Parent Relationship": "Inner", "Startup Cost": 10000000000.0, "Total Cost": 1000000001230.26, "Plan Rows": 1, "Plan Width": 4, "Plans": [{"Node Type": "Index Scan", "Parent Relationship": "Outer", "Scan Direction": "Forward", "Index Name": "company_type_pkey", "Relation Name": "company_type", "Alias": "ct", "Startup Cost": 10000000000.0, "Total Cost": 1000000001230.25, "Plan Rows": 1, "Plan Width": 4, "Filter": "((kind)::text = 'production companies'::text)"}]}]}, {"Node Type": "Materialize", "Parent Relationship": "Inner", "Startup Cost": 10000000000.0, "Total Cost": 1000122275042.99, "Plan Rows": 726375, "Plan Width": 8, "Plans": [{"Node Type": "Index Scan", "Parent Relationship": "Outer", "Scan Direction": "Forward", "Index Name": "info_type_id_movie_info", "Relation Name": "movie_info", "Alias": "mi", "Startup Cost": 10000000000.0, "Total Cost": 1000122271411.12, "Plan Rows": 726375, "Plan Width": 8, "Filter": "((info)::text = ANY ('{Sweden,Norway,Germany,Denmark,Swedish,Denish,Norwegian,German,USA,American}'::text[]))"}]}]}, {"Node Type": "Materialize", "Parent Relationship": "Inner", "Startup Cost": 10000000000.0, "Total Cost": 1000000001393.56, "Plan Rows": 112, "Plan Width": 4, "Plans": [{"Node Type": "Index Scan", "Parent Relationship": "Outer", "Scan Direction": "Forward", "Index Name": "info_type_pkey", "Relation Name": "info_type", "Alias": "it", "Startup Cost": 10000000000.0, "Total Cost": 1000000001393.0, "Plan Rows": 112, "Plan Width": 4}]}]}, {"Node Type": "Index Scan", "Parent Relationship": "Inner", "Scan Direction": "Forward", "Index Name": "title_pkey", "Relation Name": "title", "Alias": "t", "Startup Cost": 10000000000.0, "Total Cost": 1000011644126.66, "Plan Rows": 1748840, "Plan Width": 21, "Filter": "(production_year > 1990), (LLVM Optimized)"}]}]}, "Unique SQL Id": 322094867}, "explain_analyze_plan": null}, "(16, 32)": {"explain_plan": {"Plan": {"Node Type": "Aggregate", "Strategy": "Plain", "Startup Cost": 173651.71, "Total Cost": 173651.72, "Plan Rows": 1, "Plan Width": 49, "Plans": [{"Node Type": "Hash Join", "Parent Relationship": "Outer", "Join Type": "Inner", "Startup Cost": 55861.04, "Total Cost": 172824.08, "Plan Rows": 331050, "Plan Width": 17, "Inner Unique": true, "Hash Cond": "(mi.info_type_id = it.id), (LLVM Optimized)", "Plans": [{"Node Type": "Streaming(type: LOCAL GATHER dop: 1/16)", "Parent Relationship": "Outer", "Startup Cost": 55857.52, "Total Cost": 168268.62, "Plan Rows": 331050, "Plan Width": 21, "Plans": [{"Node Type": "Hash Join", "Parent Relationship": "Outer", "Join Type": "Inner", "Startup Cost": 55857.52, "Total Cost": 161123.89, "Plan Rows": 331050, "Plan Width": 21, "Inner Unique": true, "Hash Cond": "(mi.movie_id = t.id), (LLVM Optimized)", "Plans": [{"Node Type": "Streaming(type: BROADCAST dop: 16/16)", "Parent Relationship": "Outer", "Startup Cost": 35341.87, "Total Cost": 139505.25, "Plan Rows": 3823280, "Plan Width": 12, "Plans": [{"Node Type": "Nested Loop", "Parent Relationship": "Outer", "Join Type": "Inner", "Startup Cost": 35341.87, "Total Cost": 114797.7, "Plan Rows": 238955, "Plan Width": 12, "Inner Unique": false, "Join Filter": "(mc.company_type_id = ct.id), (LLVM Optimized)", "Plans": [{"Node Type": "Streaming(type: BROADCAST dop: 16/1)", "Parent Relationship": "Outer", "Startup Cost": 0.0, "Total Cost": 15001.38, "Plan Rows": 16, "Plan Width": 4, "Plans": [{"Node Type": "Seq Scan", "Parent Relationship": "Outer", "Relation Name": "company_type", "Alias": "ct", "Startup Cost": 0.0, "Total Cost": 1.04, "Plan Rows": 1, "Plan Width": 4, "Filter": "((kind)::text = 'production companies'::text)"}]}, {"Node Type": "Materialize", "Parent Relationship": "Inner", "Startup Cost": 35341.87, "Total Cost": 100617.73, "Plan Rows": 477912, "Plan Width": 16, "Plans": [{"Node Type": "Hash Join", "Parent Relationship": "Outer", "Join Type": "Inner", "Startup Cost": 35341.87, "Total Cost": 99422.95, "Plan Rows": 477912, "Plan Width": 16, "Inner Unique": false, "Hash Cond": "(mi.movie_id = mc.movie_id), (LLVM Optimized)", "Plans": [{"Node Type": "Streaming(type: LOCAL REDISTRIBUTE dop: 16/16)", "Parent Relationship": "Outer", "Startup Cost": 0.0, "Total Cost": 62931.17, "Plan Rows": 726375, "Plan Width": 8, "Plans": [{"Node Type": "Seq Scan", "Parent Relationship": "Outer", "Relation Name": "movie_info", "Alias": "mi", "Startup Cost": 0.0, "Total Cost": 45178.89, "Plan Rows": 726375, "Plan Width": 8, "Filter": "((info)::text = ANY ('{Sweden,Norway,Germany,Denmark,Swedish,Denish,Norwegian,German,USA,American}'::text[]))"}]}, {"Node Type": "Hash", "Parent Relationship": "Inner", "Startup Cost": 35014.87, "Total Cost": 35014.87, "Plan Rows": 418557, "Plan Width": 8, "Plans": [{"Node Type": "Streaming(type: LOCAL REDISTRIBUTE dop: 16/16)", "Parent Relationship": "Outer", "Startup Cost": 0.0, "Total Cost": 35014.87, "Plan Rows": 418557, "Plan Width": 8, "Plans": [{"Node Type": "Seq Scan", "Parent Relationship": "Outer", "Relation Name": "movie_companies", "Alias": "mc", "Startup Cost": 0.0, "Total Cost": 18428.93, "Plan Rows": 418557, "Plan Width": 8, "Filter": "(((note)::text !~~ '%(TV)%'::text) AND ((note)::text ~~ '%(USA)%'::text)), (LLVM Optimized)"}]}]}]}]}]}]}, {"Node Type": "Hash", "Parent Relationship": "Inner", "Startup Cost": 19149.37, "Total Cost": 19149.37, "Plan Rows": 1748840, "Plan Width": 21, "Plans": [{"Node Type": "Seq Scan", "Parent Relationship": "Outer", "Relation Name": "title", "Alias": "t", "Startup Cost": 0.0, "Total Cost": 19149.37, "Plan Rows": 1748840, "Plan Width": 21, "Filter": "(production_year > 1990), (LLVM Optimized)"}]}]}]}, {"Node Type": "Hash", "Parent Relationship": "Inner", "Startup Cost": 2.12, "Total Cost": 2.12, "Plan Rows": 112, "Plan Width": 4, "Plans": [{"Node Type": "Index Only Scan", "Parent Relationship": "Outer", "Scan Direction": "Forward", "Index Name": "info_type_pkey", "Relation Name": "info_type", "Alias": "it", "Startup Cost": 0.0, "Total Cost": 2.12, "Plan Rows": 112, "Plan Width": 4}]}]}]}, "Unique SQL Id": 322094867}, "explain_analyze_plan": {"Plan": {"Node Type": "Aggregate", "Strategy": "Plain", "Startup Cost": 173651.71, "Total Cost": 173651.72, "Plan Rows": 1, "Plan Width": 49, "Actual Min Startup Time": 875.822, "Actual Max Startup Time": 875.822, "Actual Min Total Time": 875.823, "Actual Max Total Time": 875.823, "Actual Total Rows": 1, "Plans": [{"Node Type": "Hash Join", "Parent Relationship": "Outer", "Join Type": "Inner", "Startup Cost": 55861.04, "Total Cost": 172824.08, "Plan Rows": 331050, "Plan Width": 17, "Actual Min Startup Time": 875.195, "Actual Max Startup Time": 875.195, "Actual Min Total Time": 875.609, "Actual Max Total Time": 875.609, "Actual Total Rows": 669, "Inner Unique": true, "Hash Cond": "(mi.info_type_id = it.id), (LLVM Optimized)", "Plans": [{"Node Type": "Streaming(type: LOCAL GATHER dop: 1/16)", "Parent Relationship": "Outer", "Startup Cost": 55857.52, "Total Cost": 168268.62, "Plan Rows": 331050, "Plan Width": 21, "Actual Min Startup Time": 875.014, "Actual Max Startup Time": 875.014, "Actual Min Total Time": 875.185, "Actual Max Total Time": 875.185, "Actual Total Rows": 669, "Plans": [{"Node Type": "Hash Join", "Parent Relationship": "Outer", "Join Type": "Inner", "Startup Cost": 55857.52, "Total Cost": 161123.89, "Plan Rows": 331050, "Plan Width": 21, "Actual Min Startup Time": 696.401, "Actual Max Startup Time": 736.579, "Actual Min Total Time": 696.864, "Actual Max Total Time": 737.053, "Actual Total Rows": 669, "Inner Unique": true, "Hash Cond": "(mi.movie_id = t.id), (LLVM Optimized)", "Plans": [{"Node Type": "Streaming(type: BROADCAST dop: 16/16)", "Parent Relationship": "Outer", "Startup Cost": 35341.87, "Total Cost": 139505.25, "Plan Rows": 3823280, "Plan Width": 12, "Actual Min Startup Time": 594.04, "Actual Max Startup Time": 640.119, "Actual Min Total Time": 594.258, "Actual Max Total Time": 640.329, "Actual Total Rows": 11056, "Plans": [{"Node Type": "Nested Loop", "Parent Relationship": "Outer", "Join Type": "Inner", "Startup Cost": 35341.87, "Total Cost": 114797.7, "Plan Rows": 238955, "Plan Width": 12, "Actual Min Startup Time": 690.01, "Actual Max Startup Time": 751.468, "Actual Min Total Time": 695.844, "Actual Max Total Time": 756.362, "Actual Total Rows": 691, "Inner Unique": false, "Join Filter": "(mc.company_type_id = ct.id), (LLVM Optimized)", "Rows Removed by Join Filter": 294235, "Plans": [{"Node Type": "Streaming(type: BROADCAST dop: 16/1)", "Parent Relationship": "Outer", "Startup Cost": 0.0, "Total Cost": 15001.38, "Plan Rows": 16, "Plan Width": 4, "Actual Min Startup Time": 0.003, "Actual Max Startup Time": 0.007, "Actual Min Total Time": 0.003, "Actual Max Total Time": 0.008, "Actual Total Rows": 16, "Plans": [{"Node Type": "Seq Scan", "Parent Relationship": "Outer", "Relation Name": "company_type", "Alias": "ct", "Startup Cost": 0.0, "Total Cost": 1.04, "Plan Rows": 1, "Plan Width": 4, "Actual Min Startup Time": 0.019, "Actual Max Startup Time": 0.019, "Actual Min Total Time": 0.021, "Actual Max Total Time": 0.021, "Actual Total Rows": 1, "Filter": "((kind)::text = 'production companies'::text)", "Rows Removed by Filter": 2}]}, {"Node Type": "Materialize", "Parent Relationship": "Inner", "Startup Cost": 35341.87, "Total Cost": 100617.73, "Plan Rows": 477912, "Plan Width": 16, "Actual Min Startup Time": 689.593, "Actual Max Startup Time": 749.972, "Actual Min Total Time": 691.904, "Actual Max Total Time": 752.252, "Actual Total Rows": 294942, "Plans": [{"Node Type": "Hash Join", "Parent Relationship": "Outer", "Join Type": "Inner", "Startup Cost": 35341.87, "Total Cost": 99422.95, "Plan Rows": 477912, "Plan Width": 16, "Actual Min Startup Time": 91.909, "Actual Max Startup Time": 152.56, "Actual Min Total Time": 685.313, "Actual Max Total Time": 745.926, "Actual Total Rows": 294926, "Inner Unique": false, "Hash Cond": "(mi.movie_id = mc.movie_id), (LLVM Optimized)", "Plans": [{"Node Type": "Streaming(type: LOCAL REDISTRIBUTE dop: 16/16)", "Parent Relationship": "Outer", "Startup Cost": 0.0, "Total Cost": 62931.17, "Plan Rows": 726375, "Plan Width": 8, "Actual Min Startup Time": 0.064, "Actual Max Startup Time": 0.587, "Actual Min Total Time": 578.176, "Actual Max Total Time": 579.178, "Actual Total Rows": 706674, "Plans": [{"Node Type": "Seq Scan", "Parent Relationship": "Outer", "Relation Name": "movie_info", "Alias": "mi", "Startup Cost": 0.0, "Total Cost": 45178.89, "Plan Rows": 726375, "Plan Width": 8, "Actual Min Startup Time": 0.042, "Actual Max Startup Time": 3.369, "Actual Min Total Time": 508.498, "Actual Max Total Time": 546.641, "Actual Total Rows": 706674, "Filter": "((info)::text = ANY ('{Sweden,Norway,Germany,Denmark,Swedish,Denish,Norwegian,German,USA,American}'::text[]))", "Rows Removed by Filter": 14129045}]}, {"Node Type": "Hash", "Parent Relationship": "Inner", "Startup Cost": 35014.87, "Total Cost": 35014.87, "Plan Rows": 418557, "Plan Width": 8, "Actual Min Startup Time": 91.753, "Actual Max Startup Time": 152.136, "Actual Min Total Time": 91.753, "Actual Max Total Time": 152.136, "Actual Total Rows": 295628, "Max Hash Buckets": 32768, "Min Hash Buckets": 32768, "Max Hash Batches": 1, "Min Hash Batches": 1, "Max Original Hash Batches": 1, "Min Original Hash Batches": 1, "Max Peak Memory Usage": 722, "min Peak Memory Usage": 722, "Plans": [{"Node Type": "Streaming(type: LOCAL REDISTRIBUTE dop: 16/16)", "Parent Relationship": "Outer", "Startup Cost": 0.0, "Total Cost": 35014.87, "Plan Rows": 418557, "Plan Width": 8, "Actual Min Startup Time": 0.057, "Actual Max Startup Time": 57.89, "Actual Min Total Time": 86.982, "Actual Max Total Time": 147.517, "Actual Total Rows": 295628, "Plans": [{"Node Type": "Seq Scan", "Parent Relationship": "Outer", "Relation Name": "movie_companies", "Alias": "mc", "Startup Cost": 0.0, "Total Cost": 18428.93, "Plan Rows": 418557, "Plan Width": 8, "Actual Min Startup Time": 0.041, "Actual Max Startup Time": 0.3, "Actual Min Total Time": 71.008, "Actual Max Total Time": 78.719, "Actual Total Rows": 295628, "Filter": "(((note)::text !~~ '%(TV)%'::text) AND ((note)::text ~~ '%(USA)%'::text)), (LLVM Optimized)", "Rows Removed by Filter": 2313500}]}]}]}]}]}]}, {"Node Type": "Hash", "Parent Relationship": "Inner", "Startup Cost": 19149.37, "Total Cost": 19149.37, "Plan Rows": 1748840, "Plan Width": 21, "Actual Min Startup Time": 95.598, "Actual Max Startup Time": 102.305, "Actual Min Total Time": 95.598, "Actual Max Total Time": 102.305, "Actual Total Rows": 1749032, "Max Hash Buckets": 131072, "Min Hash Buckets": 131072, "Max Hash Batches": 1, "Min Hash Batches": 1, "Max Original Hash Batches": 1, "Min Original Hash Batches": 1, "Max Peak Memory Usage": 5962, "min Peak Memory Usage": 5962, "Plans": [{"Node Type": "Seq Scan", "Parent Relationship": "Outer", "Relation Name": "title", "Alias": "t", "Startup Cost": 0.0, "Total Cost": 19149.37, "Plan Rows": 1748840, "Plan Width": 21, "Actual Min Startup Time": 0.025, "Actual Max Startup Time": 0.035, "Actual Min Total Time": 63.718, "Actual Max Total Time": 66.991, "Actual Total Rows": 1749032, "Filter": "(production_year > 1990), (LLVM Optimized)", "Rows Removed by Filter": 779279}]}]}]}, {"Node Type": "Hash", "Parent Relationship": "Inner", "Startup Cost": 2.12, "Total Cost": 2.12, "Plan Rows": 112, "Plan Width": 4, "Actual Min Startup Time": 0.104, "Actual Max Startup Time": 0.104, "Actual Min Total Time": 0.104, "Actual Max Total Time": 0.104, "Actual Total Rows": 112, "Max Hash Buckets": 32768, "Min Hash Buckets": 32768, "Max Hash Batches": 1, "Min Hash Batches": 1, "Max Original Hash Batches": 1, "Min Original Hash Batches": 1, "Max Peak Memory Usage": 4, "min Peak Memory Usage": 4, "Plans": [{"Node Type": "Index Only Scan", "Parent Relationship": "Outer", "Scan Direction": "Forward", "Index Name": "info_type_pkey", "Relation Name": "info_type", "Alias": "it", "Startup Cost": 0.0, "Total Cost": 2.12, "Plan Rows": 112, "Plan Width": 4, "Actual Min Startup Time": 0.028, "Actual Max Startup Time": 0.028, "Actual Min Total Time": 0.045, "Actual Max Total Time": 0.045, "Actual Total Rows": 112, "Heap Fetches": 0}]}]}]}, "Triggers": [], "Planner Runtime": 24.762, "Total Runtime": 899.027, "Unique SQL Id": 322094867}}, "(16, 33)": {"explain_plan": {"Plan": {"Node Type": "Aggregate", "Strategy": "Plain", "Startup Cost": 509740.23, "Total Cost": 509740.24, "Plan Rows": 1, "Plan Width": 49, "Plans": [{"Node Type": "Hash Join", "Parent Relationship": "Outer", "Join Type": "Inner", "Startup Cost": 11.33, "Total Cost": 508912.61, "Plan Rows": 331050, "Plan Width": 17, "Inner Unique": true, "Hash Cond": "(mi.info_type_id = it.id), (LLVM Optimized)", "Plans": [{"Node Type": "Nested Loop", "Parent Relationship": "Outer", "Join Type": "Inner", "Startup Cost": 0.0, "Total Cost": 504531.42, "Plan Rows": 331050, "Plan Width": 21, "Inner Unique": false, "Plans": [{"Node Type": "Nested Loop", "Parent Relationship": "Outer", "Join Type": "Inner", "Startup Cost": 0.0, "Total Cost": 246013.35, "Plan Rows": 289936, "Plan Width": 25, "Inner Unique": true, "Plans": [{"Node Type": "Nested Loop", "Parent Relationship": "Outer", "Join Type": "Inner", "Startup Cost": 0.0, "Total Cost": 98814.52, "Plan Rows": 209278, "Plan Width": 4, "Inner Unique": false, "Join Filter": "(ct.id = mc.company_type_id), (LLVM Optimized)", "Plans": [{"Node Type": "Index Scan", "Parent Relationship": "Outer", "Scan Direction": "Forward", "Index Name": "company_type_pkey", "Relation Name": "company_type", "Alias": "ct", "Startup Cost": 0.0, "Total Cost": 12.3, "Plan Rows": 1, "Plan Width": 4, "Filter": "((kind)::text = 'production companies'::text)"}, {"Node Type": "Materialize", "Parent Relationship": "Inner", "Startup Cost": 0.0, "Total Cost": 94616.65, "Plan Rows": 418557, "Plan Width": 8, "Plans": [{"Node Type": "Streaming(type: LOCAL GATHER dop: 1/16)", "Parent Relationship": "Outer", "Startup Cost": 0.0, "Total Cost": 93570.26, "Plan Rows": 418557, "Plan Width": 8, "Plans": [{"Node Type": "Index Scan", "Parent Relationship": "Outer", "Scan Direction": "Forward", "Index Name": "company_type_id_movie_companies", "Relation Name": "movie_companies", "Alias": "mc", "Startup Cost": 0.0, "Total Cost": 84536.95, "Plan Rows": 418557, "Plan Width": 8, "Filter": "(((note)::text !~~ '%(TV)%'::text) AND ((note)::text ~~ '%(USA)%'::text)), (LLVM Optimized)"}]}]}]}, {"Node Type": "Index Scan", "Parent Relationship": "Inner", "Scan Direction": "Forward", "Index Name": "title_pkey", "Relation Name": "title", "Alias": "t", "Startup Cost": 0.0, "Total Cost": 0.69, "Plan Rows": 1, "Plan Width": 21, "Index Cond": "(id = mc.movie_id)", "Filter": "(production_year > 1990)"}]}, {"Node Type": "Index Scan", "Parent Relationship": "Inner", "Scan Direction": "Forward", "Index Name": "movie_id_movie_info", "Relation Name": "movie_info", "Alias": "mi", "Startup Cost": 0.0, "Total Cost": 0.88, "Plan Rows": 1, "Plan Width": 8, "Index Cond": "(movie_id = t.id)", "Filter": "((info)::text = ANY ('{Sweden,Norway,Germany,Denmark,Swedish,Denish,Norwegian,German,USA,American}'::text[]))"}]}, {"Node Type": "Hash", "Parent Relationship": "Inner", "Startup Cost": 9.93, "Total Cost": 9.93, "Plan Rows": 112, "Plan Width": 4, "Plans": [{"Node Type": "Index Only Scan", "Parent Relationship": "Outer", "Scan Direction": "Forward", "Index Name": "info_type_pkey", "Relation Name": "info_type", "Alias": "it", "Startup Cost": 0.0, "Total Cost": 9.93, "Plan Rows": 112, "Plan Width": 4}]}]}]}, "Unique SQL Id": 322094867}, "explain_analyze_plan": {"Plan": {"Node Type": "Aggregate", "Strategy": "Plain", "Startup Cost": 509740.23, "Total Cost": 509740.24, "Plan Rows": 1, "Plan Width": 49, "Actual Min Startup Time": 389.243, "Actual Max Startup Time": 389.243, "Actual Min Total Time": 389.244, "Actual Max Total Time": 389.244, "Actual Total Rows": 1, "Plans": [{"Node Type": "Hash Join", "Parent Relationship": "Outer", "Join Type": "Inner", "Startup Cost": 11.33, "Total Cost": 508912.61, "Plan Rows": 331050, "Plan Width": 17, "Actual Min Startup Time": 293.251, "Actual Max Startup Time": 293.251, "Actual Min Total Time": 388.882, "Actual Max Total Time": 388.882, "Actual Total Rows": 669, "Inner Unique": true, "Hash Cond": "(mi.info_type_id = it.id), (LLVM Optimized)", "Plans": [{"Node Type": "Nested Loop", "Parent Relationship": "Outer", "Join Type": "Inner", "Startup Cost": 0.0, "Total Cost": 504531.42, "Plan Rows": 331050, "Plan Width": 21, "Actual Min Startup Time": 293.102, "Actual Max Startup Time": 293.102, "Actual Min Total Time": 388.388, "Actual Max Total Time": 388.388, "Actual Total Rows": 669, "Inner Unique": false, "Plans": [{"Node Type": "Nested Loop", "Parent Relationship": "Outer", "Join Type": "Inner", "Startup Cost": 0.0, "Total Cost": 246013.35, "Plan Rows": 289936, "Plan Width": 25, "Actual Min Startup Time": 293.063, "Actual Max Startup Time": 293.063, "Actual Min Total Time": 370.722, "Actual Max Total Time": 370.722, "Actual Total Rows": 767, "Inner Unique": true, "Plans": [{"Node Type": "Nested Loop", "Parent Relationship": "Outer", "Join Type": "Inner", "Startup Cost": 0.0, "Total Cost": 98814.52, "Plan Rows": 209278, "Plan Width": 4, "Actual Min Startup Time": 293.013, "Actual Max Startup Time": 293.013, "Actual Min Total Time": 365.923, "Actual Max Total Time": 365.923, "Actual Total Rows": 798, "Inner Unique": false, "Join Filter": "(ct.id = mc.company_type_id), (LLVM Optimized)", "Rows Removed by Join Filter": 294830, "Plans": [{"Node Type": "Index Scan", "Parent Relationship": "Outer", "Scan Direction": "Forward", "Index Name": "company_type_pkey", "Relation Name": "company_type", "Alias": "ct", "Startup Cost": 0.0, "Total Cost": 12.3, "Plan Rows": 1, "Plan Width": 4, "Actual Min Startup Time": 0.04, "Actual Max Startup Time": 0.04, "Actual Min Total Time": 0.046, "Actual Max Total Time": 0.046, "Actual Total Rows": 1, "Filter": "((kind)::text = 'production companies'::text)", "Rows Removed by Filter": 2}, {"Node Type": "Materialize", "Parent Relationship": "Inner", "Startup Cost": 0.0, "Total Cost": 94616.65, "Plan Rows": 418557, "Plan Width": 8, "Actual Min Startup Time": 264.489, "Actual Max Startup Time": 264.489, "Actual Min Total Time": 301.158, "Actual Max Total Time": 301.158, "Actual Total Rows": 295629, "Plans": [{"Node Type": "Streaming(type: LOCAL GATHER dop: 1/16)", "Parent Relationship": "Outer", "Startup Cost": 0.0, "Total Cost": 93570.26, "Plan Rows": 418557, "Plan Width": 8, "Actual Min Startup Time": 66.369, "Actual Max Startup Time": 66.369, "Actual Min Total Time": 221.63, "Actual Max Total Time": 221.63, "Actual Total Rows": 295628, "Plans": [{"Node Type": "Index Scan", "Parent Relationship": "Outer", "Scan Direction": "Forward", "Index Name": "company_type_id_movie_companies", "Relation Name": "movie_companies", "Alias": "mc", "Startup Cost": 0.0, "Total Cost": 84536.95, "Plan Rows": 418557, "Plan Width": 8, "Actual Min Startup Time": 12.674, "Actual Max Startup Time": 36.007, "Actual Min Total Time": 88.506, "Actual Max Total Time": 172.7, "Actual Total Rows": 295628, "Filter": "(((note)::text !~~ '%(TV)%'::text) AND ((note)::text ~~ '%(USA)%'::text)), (LLVM Optimized)", "Rows Removed by Filter": 2313500}]}]}]}, {"Node Type": "Index Scan", "Parent Relationship": "Inner", "Scan Direction": "Forward", "Index Name": "title_pkey", "Relation Name": "title", "Alias": "t", "Startup Cost": 0.0, "Total Cost": 0.69, "Plan Rows": 1, "Plan Width": 21, "Actual Min Startup Time": 4.153, "Actual Max Startup Time": 4.153, "Actual Min Total Time": 4.153, "Actual Max Total Time": 4.153, "Actual Total Rows": 767, "Index Cond": "(id = mc.movie_id)", "Rows Removed by Index Recheck": 0, "Filter": "(production_year > 1990)", "Rows Removed by Filter": 31}]}, {"Node Type": "Index Scan", "Parent Relationship": "Inner", "Scan Direction": "Forward", "Index Name": "movie_id_movie_info", "Relation Name": "movie_info", "Alias": "mi", "Startup Cost": 0.0, "Total Cost": 0.88, "Plan Rows": 1, "Plan Width": 8, "Actual Min Startup Time": 14.935, "Actual Max Startup Time": 14.935, "Actual Min Total Time": 17.099, "Actual Max Total Time": 17.099, "Actual Total Rows": 669, "Index Cond": "(movie_id = t.id)", "Rows Removed by Index Recheck": 0, "Filter": "((info)::text = ANY ('{Sweden,Norway,Germany,Denmark,Swedish,Denish,Norwegian,German,USA,American}'::text[]))", "Rows Removed by Filter": 7721}]}, {"Node Type": "Hash", "Parent Relationship": "Inner", "Startup Cost": 9.93, "Total Cost": 9.93, "Plan Rows": 112, "Plan Width": 4, "Actual Min Startup Time": 0.073, "Actual Max Startup Time": 0.073, "Actual Min Total Time": 0.073, "Actual Max Total Time": 0.073, "Actual Total Rows": 112, "Max Hash Buckets": 32768, "Min Hash Buckets": 32768, "Max Hash Batches": 1, "Min Hash Batches": 1, "Max Original Hash Batches": 1, "Min Original Hash Batches": 1, "Max Peak Memory Usage": 4, "min Peak Memory Usage": 4, "Plans": [{"Node Type": "Index Only Scan", "Parent Relationship": "Outer", "Scan Direction": "Forward", "Index Name": "info_type_pkey", "Relation Name": "info_type", "Alias": "it", "Startup Cost": 0.0, "Total Cost": 9.93, "Plan Rows": 112, "Plan Width": 4, "Actual Min Startup Time": 0.013, "Actual Max Startup Time": 0.013, "Actual Min Total Time": 0.033, "Actual Max Total Time": 0.033, "Actual Total Rows": 112, "Heap Fetches": 0}]}]}]}, "Triggers": [], "Planner Runtime": 11.47, "Total Runtime": 401.76, "Unique SQL Id": 322094867}}, "(16, 34)": {"explain_plan": {"Plan": {"Node Type": "Aggregate", "Strategy": "Plain", "Startup Cost": 173651.71, "Total Cost": 173651.72, "Plan Rows": 1, "Plan Width": 49, "Plans": [{"Node Type": "Hash Join", "Parent Relationship": "Outer", "Join Type": "Inner", "Startup Cost": 55861.04, "Total Cost": 172824.08, "Plan Rows": 331050, "Plan Width": 17, "Inner Unique": true, "Hash Cond": "(mi.info_type_id = it.id), (LLVM Optimized)", "Plans": [{"Node Type": "Streaming(type: LOCAL GATHER dop: 1/16)", "Parent Relationship": "Outer", "Startup Cost": 55857.52, "Total Cost": 168268.62, "Plan Rows": 331050, "Plan Width": 21, "Plans": [{"Node Type": "Hash Join", "Parent Relationship": "Outer", "Join Type": "Inner", "Startup Cost": 55857.52, "Total Cost": 161123.89, "Plan Rows": 331050, "Plan Width": 21, "Inner Unique": true, "Hash Cond": "(mi.movie_id = t.id), (LLVM Optimized)", "Plans": [{"Node Type": "Streaming(type: BROADCAST dop: 16/16)", "Parent Relationship": "Outer", "Startup Cost": 35341.87, "Total Cost": 139505.25, "Plan Rows": 3823280, "Plan Width": 12, "Plans": [{"Node Type": "Nested Loop", "Parent Relationship": "Outer", "Join Type": "Inner", "Startup Cost": 35341.87, "Total Cost": 114797.7, "Plan Rows": 238955, "Plan Width": 12, "Inner Unique": false, "Join Filter": "(mc.company_type_id = ct.id), (LLVM Optimized)", "Plans": [{"Node Type": "Streaming(type: BROADCAST dop: 16/1)", "Parent Relationship": "Outer", "Startup Cost": 0.0, "Total Cost": 15001.38, "Plan Rows": 16, "Plan Width": 4, "Plans": [{"Node Type": "Seq Scan", "Parent Relationship": "Outer", "Relation Name": "company_type", "Alias": "ct", "Startup Cost": 0.0, "Total Cost": 1.04, "Plan Rows": 1, "Plan Width": 4, "Filter": "((kind)::text = 'production companies'::text)"}]}, {"Node Type": "Materialize", "Parent Relationship": "Inner", "Startup Cost": 35341.87, "Total Cost": 100617.73, "Plan Rows": 477912, "Plan Width": 16, "Plans": [{"Node Type": "Hash Join", "Parent Relationship": "Outer", "Join Type": "Inner", "Startup Cost": 35341.87, "Total Cost": 99422.95, "Plan Rows": 477912, "Plan Width": 16, "Inner Unique": false, "Hash Cond": "(mi.movie_id = mc.movie_id), (LLVM Optimized)", "Plans": [{"Node Type": "Streaming(type: LOCAL REDISTRIBUTE dop: 16/16)", "Parent Relationship": "Outer", "Startup Cost": 0.0, "Total Cost": 62931.17, "Plan Rows": 726375, "Plan Width": 8, "Plans": [{"Node Type": "Seq Scan", "Parent Relationship": "Outer", "Relation Name": "movie_info", "Alias": "mi", "Startup Cost": 0.0, "Total Cost": 45178.89, "Plan Rows": 726375, "Plan Width": 8, "Filter": "((info)::text = ANY ('{Sweden,Norway,Germany,Denmark,Swedish,Denish,Norwegian,German,USA,American}'::text[]))"}]}, {"Node Type": "Hash", "Parent Relationship": "Inner", "Startup Cost": 35014.87, "Total Cost": 35014.87, "Plan Rows": 418557, "Plan Width": 8, "Plans": [{"Node Type": "Streaming(type: LOCAL REDISTRIBUTE dop: 16/16)", "Parent Relationship": "Outer", "Startup Cost": 0.0, "Total Cost": 35014.87, "Plan Rows": 418557, "Plan Width": 8, "Plans": [{"Node Type": "Seq Scan", "Parent Relationship": "Outer", "Relation Name": "movie_companies", "Alias": "mc", "Startup Cost": 0.0, "Total Cost": 18428.93, "Plan Rows": 418557, "Plan Width": 8, "Filter": "(((note)::text !~~ '%(TV)%'::text) AND ((note)::text ~~ '%(USA)%'::text)), (LLVM Optimized)"}]}]}]}]}]}]}, {"Node Type": "Hash", "Parent Relationship": "Inner", "Startup Cost": 19149.37, "Total Cost": 19149.37, "Plan Rows": 1748840, "Plan Width": 21, "Plans": [{"Node Type": "Seq Scan", "Parent Relationship": "Outer", "Relation Name": "title", "Alias": "t", "Startup Cost": 0.0, "Total Cost": 19149.37, "Plan Rows": 1748840, "Plan Width": 21, "Filter": "(production_year > 1990), (LLVM Optimized)"}]}]}]}, {"Node Type": "Hash", "Parent Relationship": "Inner", "Startup Cost": 2.12, "Total Cost": 2.12, "Plan Rows": 112, "Plan Width": 4, "Plans": [{"Node Type": "Seq Scan", "Parent Relationship": "Outer", "Relation Name": "info_type", "Alias": "it", "Startup Cost": 0.0, "Total Cost": 2.12, "Plan Rows": 112, "Plan Width": 4}]}]}]}, "Unique SQL Id": 322094867}, "explain_analyze_plan": {"Plan": {"Node Type": "Aggregate", "Strategy": "Plain", "Startup Cost": 173651.71, "Total Cost": 173651.72, "Plan Rows": 1, "Plan Width": 49, "Actual Min Startup Time": 857.467, "Actual Max Startup Time": 857.467, "Actual Min Total Time": 857.467, "Actual Max Total Time": 857.467, "Actual Total Rows": 1, "Plans": [{"Node Type": "Hash Join", "Parent Relationship": "Outer", "Join Type": "Inner", "Startup Cost": 55861.04, "Total Cost": 172824.08, "Plan Rows": 331050, "Plan Width": 17, "Actual Min Startup Time": 856.698, "Actual Max Startup Time": 856.698, "Actual Min Total Time": 857.261, "Actual Max Total Time": 857.261, "Actual Total Rows": 669, "Inner Unique": true, "Hash Cond": "(mi.info_type_id = it.id), (LLVM Optimized, Jit Execute)", "Plans": [{"Node Type": "Streaming(type: LOCAL GATHER dop: 1/16)", "Parent Relationship": "Outer", "Startup Cost": 55857.52, "Total Cost": 168268.62, "Plan Rows": 331050, "Plan Width": 21, "Actual Min Startup Time": 856.508, "Actual Max Startup Time": 856.508, "Actual Min Total Time": 856.84, "Actual Max Total Time": 856.84, "Actual Total Rows": 669, "Plans": [{"Node Type": "Hash Join", "Parent Relationship": "Outer", "Join Type": "Inner", "Startup Cost": 55857.52, "Total Cost": 161123.89, "Plan Rows": 331050, "Plan Width": 21, "Actual Min Startup Time": 672.46, "Actual Max Startup Time": 727.717, "Actual Min Total Time": 673.159, "Actual Max Total Time": 728.574, "Actual Total Rows": 669, "Inner Unique": true, "Hash Cond": "(mi.movie_id = t.id), (LLVM Optimized, Jit Execute)", "Plans": [{"Node Type": "Streaming(type: BROADCAST dop: 16/16)", "Parent Relationship": "Outer", "Startup Cost": 35341.87, "Total Cost": 139505.25, "Plan Rows": 3823280, "Plan Width": 12, "Actual Min Startup Time": 569.0, "Actual Max Startup Time": 626.908, "Actual Min Total Time": 569.646, "Actual Max Total Time": 627.507, "Actual Total Rows": 11056, "Plans": [{"Node Type": "Nested Loop", "Parent Relationship": "Outer", "Join Type": "Inner", "Startup Cost": 35341.87, "Total Cost": 114797.7, "Plan Rows": 238955, "Plan Width": 12, "Actual Min Startup Time": 666.518, "Actual Max Startup Time": 710.842, "Actual Min Total Time": 672.869, "Actual Max Total Time": 715.244, "Actual Total Rows": 691, "Inner Unique": false, "Join Filter": "(mc.company_type_id = ct.id), (LLVM Optimized, Jit Execute)", "Rows Removed by Join Filter": 294235, "Plans": [{"Node Type": "Streaming(type: BROADCAST dop: 16/1)", "Parent Relationship": "Outer", "Startup Cost": 0.0, "Total Cost": 15001.38, "Plan Rows": 16, "Plan Width": 4, "Actual Min Startup Time": 0.003, "Actual Max Startup Time": 0.005, "Actual Min Total Time": 0.004, "Actual Max Total Time": 0.007, "Actual Total Rows": 16, "Plans": [{"Node Type": "Seq Scan", "Parent Relationship": "Outer", "Relation Name": "company_type", "Alias": "ct", "Startup Cost": 0.0, "Total Cost": 1.04, "Plan Rows": 1, "Plan Width": 4, "Actual Min Startup Time": 0.048, "Actual Max Startup Time": 0.048, "Actual Min Total Time": 0.053, "Actual Max Total Time": 0.053, "Actual Total Rows": 1, "Filter": "((kind)::text = 'production companies'::text)", "Rows Removed by Filter": 2}]}, {"Node Type": "Materialize", "Parent Relationship": "Inner", "Startup Cost": 35341.87, "Total Cost": 100617.73, "Plan Rows": 477912, "Plan Width": 16, "Actual Min Startup Time": 666.288, "Actual Max Startup Time": 710.353, "Actual Min Total Time": 668.757, "Actual Max Total Time": 712.154, "Actual Total Rows": 294942, "Plans": [{"Node Type": "Hash Join", "Parent Relationship": "Outer", "Join Type": "Inner", "Startup Cost": 35341.87, "Total Cost": 99422.95, "Plan Rows": 477912, "Plan Width": 16, "Actual Min Startup Time": 90.453, "Actual Max Startup Time": 134.62, "Actual Min Total Time": 662.302, "Actual Max Total Time": 706.324, "Actual Total Rows": 294926, "Inner Unique": false, "Hash Cond": "(mi.movie_id = mc.movie_id), (LLVM Optimized, Jit Execute)", "Plans": [{"Node Type": "Streaming(type: LOCAL REDISTRIBUTE dop: 16/16)", "Parent Relationship": "Outer", "Startup Cost": 0.0, "Total Cost": 62931.17, "Plan Rows": 726375, "Plan Width": 8, "Actual Min Startup Time": 0.063, "Actual Max Startup Time": 0.5, "Actual Min Total Time": 556.564, "Actual Max Total Time": 557.588, "Actual Total Rows": 706674, "Plans": [{"Node Type": "Seq Scan", "Parent Relationship": "Outer", "Relation Name": "movie_info", "Alias": "mi", "Startup Cost": 0.0, "Total Cost": 45178.89, "Plan Rows": 726375, "Plan Width": 8, "Actual Min Startup Time": 0.043, "Actual Max Startup Time": 3.351, "Actual Min Total Time": 507.151, "Actual Max Total Time": 540.185, "Actual Total Rows": 706674, "Filter": "((info)::text = ANY ('{Sweden,Norway,Germany,Denmark,Swedish,Denish,Norwegian,German,USA,American}'::text[]))", "Rows Removed by Filter": 14129045}]}, {"Node Type": "Hash", "Parent Relationship": "Inner", "Startup Cost": 35014.87, "Total Cost": 35014.87, "Plan Rows": 418557, "Plan Width": 8, "Actual Min Startup Time": 90.095, "Actual Max Startup Time": 134.125, "Actual Min Total Time": 90.095, "Actual Max Total Time": 134.125, "Actual Total Rows": 295628, "Max Hash Buckets": 32768, "Min Hash Buckets": 32768, "Max Hash Batches": 1, "Min Hash Batches": 1, "Max Original Hash Batches": 1, "Min Original Hash Batches": 1, "Max Peak Memory Usage": 722, "min Peak Memory Usage": 722, "Plans": [{"Node Type": "Streaming(type: LOCAL REDISTRIBUTE dop: 16/16)", "Parent Relationship": "Outer", "Startup Cost": 0.0, "Total Cost": 35014.87, "Plan Rows": 418557, "Plan Width": 8, "Actual Min Startup Time": 0.049, "Actual Max Startup Time": 33.207, "Actual Min Total Time": 85.516, "Actual Max Total Time": 129.41, "Actual Total Rows": 295628, "Plans": [{"Node Type": "Seq Scan", "Parent Relationship": "Outer", "Relation Name": "movie_companies", "Alias": "mc", "Startup Cost": 0.0, "Total Cost": 18428.93, "Plan Rows": 418557, "Plan Width": 8, "Actual Min Startup Time": 0.04, "Actual Max Startup Time": 0.31, "Actual Min Total Time": 70.806, "Actual Max Total Time": 78.798, "Actual Total Rows": 295628, "Filter": "(((note)::text !~~ '%(TV)%'::text) AND ((note)::text ~~ '%(USA)%'::text)), (LLVM Optimized, Jit Execute)", "Rows Removed by Filter": 2313500}]}]}]}]}]}]}, {"Node Type": "Hash", "Parent Relationship": "Inner", "Startup Cost": 19149.37, "Total Cost": 19149.37, "Plan Rows": 1748840, "Plan Width": 21, "Actual Min Startup Time": 96.642, "Actual Max Startup Time": 105.087, "Actual Min Total Time": 96.642, "Actual Max Total Time": 105.087, "Actual Total Rows": 1749032, "Max Hash Buckets": 131072, "Min Hash Buckets": 131072, "Max Hash Batches": 1, "Min Hash Batches": 1, "Max Original Hash Batches": 1, "Min Original Hash Batches": 1, "Max Peak Memory Usage": 5962, "min Peak Memory Usage": 5962, "Plans": [{"Node Type": "Seq Scan", "Parent Relationship": "Outer", "Relation Name": "title", "Alias": "t", "Startup Cost": 0.0, "Total Cost": 19149.37, "Plan Rows": 1748840, "Plan Width": 21, "Actual Min Startup Time": 0.022, "Actual Max Startup Time": 0.034, "Actual Min Total Time": 63.648, "Actual Max Total Time": 70.486, "Actual Total Rows": 1749032, "Filter": "(production_year > 1990), (LLVM Optimized, Jit Execute)", "Rows Removed by Filter": 779279}]}]}]}, {"Node Type": "Hash", "Parent Relationship": "Inner", "Startup Cost": 2.12, "Total Cost": 2.12, "Plan Rows": 112, "Plan Width": 4, "Actual Min Startup Time": 0.123, "Actual Max Startup Time": 0.123, "Actual Min Total Time": 0.123, "Actual Max Total Time": 0.123, "Actual Total Rows": 112, "Max Hash Buckets": 32768, "Min Hash Buckets": 32768, "Max Hash Batches": 1, "Min Hash Batches": 1, "Max Original Hash Batches": 1, "Min Original Hash Batches": 1, "Max Peak Memory Usage": 4, "min Peak Memory Usage": 4, "Plans": [{"Node Type": "Seq Scan", "Parent Relationship": "Outer", "Relation Name": "info_type", "Alias": "it", "Startup Cost": 0.0, "Total Cost": 2.12, "Plan Rows": 112, "Plan Width": 4, "Actual Min Startup Time": 0.052, "Actual Max Startup Time": 0.052, "Actual Min Total Time": 0.069, "Actual Max Total Time": 0.069, "Actual Total Rows": 112}]}]}]}, "Triggers": [], "Planner Runtime": 25.775, "Total Runtime": 880.179, "Unique SQL Id": 322094867}}, "(16, 35)": {"explain_plan": {"Plan": {"Node Type": "Aggregate", "Strategy": "Plain", "Startup Cost": 1009784.61, "Total Cost": 1009784.62, "Plan Rows": 1, "Plan Width": 49, "Plans": [{"Node Type": "Hash Join", "Parent Relationship": "Outer", "Join Type": "Inner", "Startup Cost": 517150.55, "Total Cost": 1008956.99, "Plan Rows": 331050, "Plan Width": 17, "Inner Unique": true, "Hash Cond": "(mi.info_type_id = it.id), (LLVM Optimized)", "Plans": [{"Node Type": "Hash Join", "Parent Relationship": "Outer", "Join Type": "Inner", "Startup Cost": 517135.19, "Total Cost": 1004389.69, "Plan Rows": 331050, "Plan Width": 21, "Inner Unique": false, "Hash Cond": "(mi.movie_id = t.id), (LLVM Optimized)", "Plans": [{"Node Type": "Bitmap Heap Scan", "Parent Relationship": "Outer", "Relation Name": "movie_info", "Alias": "mi", "Startup Cost": 301827.67, "Total Cost": 784689.91, "Plan Rows": 726375, "Plan Width": 8, "Filter": "((info)::text = ANY ('{Sweden,Norway,Germany,Denmark,Swedish,Denish,Norwegian,German,USA,American}'::text[]))", "Plans": [{"Node Type": "Bitmap Index Scan", "Parent Relationship": "Outer", "Index Name": "movie_id_movie_info", "Startup Cost": 0.0, "Total Cost": 301646.08, "Plan Rows": 14869966, "Plan Width": 0}]}, {"Node Type": "Hash", "Parent Relationship": "Inner", "Startup Cost": 211683.32, "Total Cost": 211683.32, "Plan Rows": 289936, "Plan Width": 25, "Plans": [{"Node Type": "Hash Join", "Parent Relationship": "Outer", "Join Type": "Inner", "Startup Cost": 167346.47, "Total Cost": 211683.32, "Plan Rows": 289936, "Plan Width": 25, "Inner Unique": true, "Hash Cond": "(mc.movie_id = t.id), (LLVM Optimized)", "Plans": [{"Node Type": "Nested Loop", "Parent Relationship": "Outer", "Join Type": "Inner", "Startup Cost": 29005.06, "Total Cost": 69657.76, "Plan Rows": 209278, "Plan Width": 4, "Inner Unique": false, "Plans": [{"Node Type": "Bitmap Heap Scan", "Parent Relationship": "Outer", "Relation Name": "company_type", "Alias": "ct", "Startup Cost": 8.27, "Total Cost": 12.3, "Plan Rows": 1, "Plan Width": 4, "Filter": "((kind)::text = 'production companies'::text)", "Plans": [{"Node Type": "Bitmap Index Scan", "Parent Relationship": "Outer", "Index Name": "company_type_pkey", "Startup Cost": 0.0, "Total Cost": 8.27, "Plan Rows": 3, "Plan Width": 0}]}, {"Node Type": "Bitmap Heap Scan", "Parent Relationship": "Inner", "Relation Name": "movie_companies", "Alias": "mc", "Startup Cost": 28996.8, "Total Cost": 67552.67, "Plan Rows": 209279, "Plan Width": 8, "Recheck Cond": "(company_type_id = ct.id), (LLVM Optimized)", "Filter": "(((note)::text !~~ '%(TV)%'::text) AND ((note)::text ~~ '%(USA)%'::text)), (LLVM Optimized)", "Plans": [{"Node Type": "Bitmap Index Scan", "Parent Relationship": "Outer", "Index Name": "company_type_id_movie_companies", "Startup Cost": 0.0, "Total Cost": 28944.48, "Plan Rows": 1304564, "Plan Width": 0, "Index Cond": "(company_type_id = ct.id)"}]}]}, {"Node Type": "Hash", "Parent Relationship": "Inner", "Startup Cost": 116480.9, "Total Cost": 116480.9, "Plan Rows": 1748840, "Plan Width": 21, "Plans": [{"Node Type": "Bitmap Heap Scan", "Parent Relationship": "Outer", "Relation Name": "title", "Alias": "t", "Startup Cost": 50091.01, "Total Cost": 116480.9, "Plan Rows": 1748840, "Plan Width": 21, "Filter": "(production_year > 1990), (LLVM Optimized)", "Plans": [{"Node Type": "Bitmap Index Scan", "Parent Relationship": "Outer", "Index Name": "title_pkey", "Startup Cost": 0.0, "Total Cost": 49653.81, "Plan Rows": 2528311, "Plan Width": 0}]}]}]}]}]}, {"Node Type": "Hash", "Parent Relationship": "Inner", "Startup Cost": 13.96, "Total Cost": 13.96, "Plan Rows": 112, "Plan Width": 4, "Plans": [{"Node Type": "Bitmap Heap Scan", "Parent Relationship": "Outer", "Relation Name": "info_type", "Alias": "it", "Startup Cost": 8.84, "Total Cost": 13.96, "Plan Rows": 112, "Plan Width": 4, "Plans": [{"Node Type": "Bitmap Index Scan", "Parent Relationship": "Outer", "Index Name": "info_type_pkey", "Startup Cost": 0.0, "Total Cost": 8.81, "Plan Rows": 112, "Plan Width": 0}]}]}]}]}, "Unique SQL Id": 322094867}, "explain_analyze_plan": null}, "(16, 36)": {"explain_plan": {"Plan": {"Node Type": "Aggregate", "Strategy": "Plain", "Startup Cost": 173651.71, "Total Cost": 173651.72, "Plan Rows": 1, "Plan Width": 49, "Plans": [{"Node Type": "Hash Join", "Parent Relationship": "Outer", "Join Type": "Inner", "Startup Cost": 55861.04, "Total Cost": 172824.08, "Plan Rows": 331050, "Plan Width": 17, "Inner Unique": true, "Hash Cond": "(mi.info_type_id = it.id), (LLVM Optimized)", "Plans": [{"Node Type": "Streaming(type: LOCAL GATHER dop: 1/16)", "Parent Relationship": "Outer", "Startup Cost": 55857.52, "Total Cost": 168268.62, "Plan Rows": 331050, "Plan Width": 21, "Plans": [{"Node Type": "Hash Join", "Parent Relationship": "Outer", "Join Type": "Inner", "Startup Cost": 55857.52, "Total Cost": 161123.89, "Plan Rows": 331050, "Plan Width": 21, "Inner Unique": true, "Hash Cond": "(mi.movie_id = t.id), (LLVM Optimized)", "Plans": [{"Node Type": "Streaming(type: BROADCAST dop: 16/16)", "Parent Relationship": "Outer", "Startup Cost": 35341.87, "Total Cost": 139505.25, "Plan Rows": 3823280, "Plan Width": 12, "Plans": [{"Node Type": "Nested Loop", "Parent Relationship": "Outer", "Join Type": "Inner", "Startup Cost": 35341.87, "Total Cost": 114797.7, "Plan Rows": 238955, "Plan Width": 12, "Inner Unique": false, "Join Filter": "(mc.company_type_id = ct.id), (LLVM Optimized)", "Plans": [{"Node Type": "Streaming(type: BROADCAST dop: 16/1)", "Parent Relationship": "Outer", "Startup Cost": 0.0, "Total Cost": 15001.38, "Plan Rows": 16, "Plan Width": 4, "Plans": [{"Node Type": "Seq Scan", "Parent Relationship": "Outer", "Relation Name": "company_type", "Alias": "ct", "Startup Cost": 0.0, "Total Cost": 1.04, "Plan Rows": 1, "Plan Width": 4, "Filter": "((kind)::text = 'production companies'::text)"}]}, {"Node Type": "Materialize", "Parent Relationship": "Inner", "Startup Cost": 35341.87, "Total Cost": 100617.73, "Plan Rows": 477912, "Plan Width": 16, "Plans": [{"Node Type": "Hash Join", "Parent Relationship": "Outer", "Join Type": "Inner", "Startup Cost": 35341.87, "Total Cost": 99422.95, "Plan Rows": 477912, "Plan Width": 16, "Inner Unique": false, "Hash Cond": "(mi.movie_id = mc.movie_id), (LLVM Optimized)", "Plans": [{"Node Type": "Streaming(type: LOCAL REDISTRIBUTE dop: 16/16)", "Parent Relationship": "Outer", "Startup Cost": 0.0, "Total Cost": 62931.17, "Plan Rows": 726375, "Plan Width": 8, "Plans": [{"Node Type": "Seq Scan", "Parent Relationship": "Outer", "Relation Name": "movie_info", "Alias": "mi", "Startup Cost": 0.0, "Total Cost": 45178.89, "Plan Rows": 726375, "Plan Width": 8, "Filter": "((info)::text = ANY ('{Sweden,Norway,Germany,Denmark,Swedish,Denish,Norwegian,German,USA,American}'::text[]))"}]}, {"Node Type": "Hash", "Parent Relationship": "Inner", "Startup Cost": 35014.87, "Total Cost": 35014.87, "Plan Rows": 418557, "Plan Width": 8, "Plans": [{"Node Type": "Streaming(type: LOCAL REDISTRIBUTE dop: 16/16)", "Parent Relationship": "Outer", "Startup Cost": 0.0, "Total Cost": 35014.87, "Plan Rows": 418557, "Plan Width": 8, "Plans": [{"Node Type": "Seq Scan", "Parent Relationship": "Outer", "Relation Name": "movie_companies", "Alias": "mc", "Startup Cost": 0.0, "Total Cost": 18428.93, "Plan Rows": 418557, "Plan Width": 8, "Filter": "(((note)::text !~~ '%(TV)%'::text) AND ((note)::text ~~ '%(USA)%'::text)), (LLVM Optimized)"}]}]}]}]}]}]}, {"Node Type": "Hash", "Parent Relationship": "Inner", "Startup Cost": 19149.37, "Total Cost": 19149.37, "Plan Rows": 1748840, "Plan Width": 21, "Plans": [{"Node Type": "Seq Scan", "Parent Relationship": "Outer", "Relation Name": "title", "Alias": "t", "Startup Cost": 0.0, "Total Cost": 19149.37, "Plan Rows": 1748840, "Plan Width": 21, "Filter": "(production_year > 1990), (LLVM Optimized)"}]}]}]}, {"Node Type": "Hash", "Parent Relationship": "Inner", "Startup Cost": 2.12, "Total Cost": 2.12, "Plan Rows": 112, "Plan Width": 4, "Plans": [{"Node Type": "Seq Scan", "Parent Relationship": "Outer", "Relation Name": "info_type", "Alias": "it", "Startup Cost": 0.0, "Total Cost": 2.12, "Plan Rows": 112, "Plan Width": 4}]}]}]}, "Unique SQL Id": 322094867}, "explain_analyze_plan": {"Plan": {"Node Type": "Aggregate", "Strategy": "Plain", "Startup Cost": 173651.71, "Total Cost": 173651.72, "Plan Rows": 1, "Plan Width": 49, "Actual Min Startup Time": 857.467, "Actual Max Startup Time": 857.467, "Actual Min Total Time": 857.467, "Actual Max Total Time": 857.467, "Actual Total Rows": 1, "Plans": [{"Node Type": "Hash Join", "Parent Relationship": "Outer", "Join Type": "Inner", "Startup Cost": 55861.04, "Total Cost": 172824.08, "Plan Rows": 331050, "Plan Width": 17, "Actual Min Startup Time": 856.698, "Actual Max Startup Time": 856.698, "Actual Min Total Time": 857.261, "Actual Max Total Time": 857.261, "Actual Total Rows": 669, "Inner Unique": true, "Hash Cond": "(mi.info_type_id = it.id), (LLVM Optimized, Jit Execute)", "Plans": [{"Node Type": "Streaming(type: LOCAL GATHER dop: 1/16)", "Parent Relationship": "Outer", "Startup Cost": 55857.52, "Total Cost": 168268.62, "Plan Rows": 331050, "Plan Width": 21, "Actual Min Startup Time": 856.508, "Actual Max Startup Time": 856.508, "Actual Min Total Time": 856.84, "Actual Max Total Time": 856.84, "Actual Total Rows": 669, "Plans": [{"Node Type": "Hash Join", "Parent Relationship": "Outer", "Join Type": "Inner", "Startup Cost": 55857.52, "Total Cost": 161123.89, "Plan Rows": 331050, "Plan Width": 21, "Actual Min Startup Time": 672.46, "Actual Max Startup Time": 727.717, "Actual Min Total Time": 673.159, "Actual Max Total Time": 728.574, "Actual Total Rows": 669, "Inner Unique": true, "Hash Cond": "(mi.movie_id = t.id), (LLVM Optimized, Jit Execute)", "Plans": [{"Node Type": "Streaming(type: BROADCAST dop: 16/16)", "Parent Relationship": "Outer", "Startup Cost": 35341.87, "Total Cost": 139505.25, "Plan Rows": 3823280, "Plan Width": 12, "Actual Min Startup Time": 569.0, "Actual Max Startup Time": 626.908, "Actual Min Total Time": 569.646, "Actual Max Total Time": 627.507, "Actual Total Rows": 11056, "Plans": [{"Node Type": "Nested Loop", "Parent Relationship": "Outer", "Join Type": "Inner", "Startup Cost": 35341.87, "Total Cost": 114797.7, "Plan Rows": 238955, "Plan Width": 12, "Actual Min Startup Time": 666.518, "Actual Max Startup Time": 710.842, "Actual Min Total Time": 672.869, "Actual Max Total Time": 715.244, "Actual Total Rows": 691, "Inner Unique": false, "Join Filter": "(mc.company_type_id = ct.id), (LLVM Optimized, Jit Execute)", "Rows Removed by Join Filter": 294235, "Plans": [{"Node Type": "Streaming(type: BROADCAST dop: 16/1)", "Parent Relationship": "Outer", "Startup Cost": 0.0, "Total Cost": 15001.38, "Plan Rows": 16, "Plan Width": 4, "Actual Min Startup Time": 0.003, "Actual Max Startup Time": 0.005, "Actual Min Total Time": 0.004, "Actual Max Total Time": 0.007, "Actual Total Rows": 16, "Plans": [{"Node Type": "Seq Scan", "Parent Relationship": "Outer", "Relation Name": "company_type", "Alias": "ct", "Startup Cost": 0.0, "Total Cost": 1.04, "Plan Rows": 1, "Plan Width": 4, "Actual Min Startup Time": 0.048, "Actual Max Startup Time": 0.048, "Actual Min Total Time": 0.053, "Actual Max Total Time": 0.053, "Actual Total Rows": 1, "Filter": "((kind)::text = 'production companies'::text)", "Rows Removed by Filter": 2}]}, {"Node Type": "Materialize", "Parent Relationship": "Inner", "Startup Cost": 35341.87, "Total Cost": 100617.73, "Plan Rows": 477912, "Plan Width": 16, "Actual Min Startup Time": 666.288, "Actual Max Startup Time": 710.353, "Actual Min Total Time": 668.757, "Actual Max Total Time": 712.154, "Actual Total Rows": 294942, "Plans": [{"Node Type": "Hash Join", "Parent Relationship": "Outer", "Join Type": "Inner", "Startup Cost": 35341.87, "Total Cost": 99422.95, "Plan Rows": 477912, "Plan Width": 16, "Actual Min Startup Time": 90.453, "Actual Max Startup Time": 134.62, "Actual Min Total Time": 662.302, "Actual Max Total Time": 706.324, "Actual Total Rows": 294926, "Inner Unique": false, "Hash Cond": "(mi.movie_id = mc.movie_id), (LLVM Optimized, Jit Execute)", "Plans": [{"Node Type": "Streaming(type: LOCAL REDISTRIBUTE dop: 16/16)", "Parent Relationship": "Outer", "Startup Cost": 0.0, "Total Cost": 62931.17, "Plan Rows": 726375, "Plan Width": 8, "Actual Min Startup Time": 0.063, "Actual Max Startup Time": 0.5, "Actual Min Total Time": 556.564, "Actual Max Total Time": 557.588, "Actual Total Rows": 706674, "Plans": [{"Node Type": "Seq Scan", "Parent Relationship": "Outer", "Relation Name": "movie_info", "Alias": "mi", "Startup Cost": 0.0, "Total Cost": 45178.89, "Plan Rows": 726375, "Plan Width": 8, "Actual Min Startup Time": 0.043, "Actual Max Startup Time": 3.351, "Actual Min Total Time": 507.151, "Actual Max Total Time": 540.185, "Actual Total Rows": 706674, "Filter": "((info)::text = ANY ('{Sweden,Norway,Germany,Denmark,Swedish,Denish,Norwegian,German,USA,American}'::text[]))", "Rows Removed by Filter": 14129045}]}, {"Node Type": "Hash", "Parent Relationship": "Inner", "Startup Cost": 35014.87, "Total Cost": 35014.87, "Plan Rows": 418557, "Plan Width": 8, "Actual Min Startup Time": 90.095, "Actual Max Startup Time": 134.125, "Actual Min Total Time": 90.095, "Actual Max Total Time": 134.125, "Actual Total Rows": 295628, "Max Hash Buckets": 32768, "Min Hash Buckets": 32768, "Max Hash Batches": 1, "Min Hash Batches": 1, "Max Original Hash Batches": 1, "Min Original Hash Batches": 1, "Max Peak Memory Usage": 722, "min Peak Memory Usage": 722, "Plans": [{"Node Type": "Streaming(type: LOCAL REDISTRIBUTE dop: 16/16)", "Parent Relationship": "Outer", "Startup Cost": 0.0, "Total Cost": 35014.87, "Plan Rows": 418557, "Plan Width": 8, "Actual Min Startup Time": 0.049, "Actual Max Startup Time": 33.207, "Actual Min Total Time": 85.516, "Actual Max Total Time": 129.41, "Actual Total Rows": 295628, "Plans": [{"Node Type": "Seq Scan", "Parent Relationship": "Outer", "Relation Name": "movie_companies", "Alias": "mc", "Startup Cost": 0.0, "Total Cost": 18428.93, "Plan Rows": 418557, "Plan Width": 8, "Actual Min Startup Time": 0.04, "Actual Max Startup Time": 0.31, "Actual Min Total Time": 70.806, "Actual Max Total Time": 78.798, "Actual Total Rows": 295628, "Filter": "(((note)::text !~~ '%(TV)%'::text) AND ((note)::text ~~ '%(USA)%'::text)), (LLVM Optimized, Jit Execute)", "Rows Removed by Filter": 2313500}]}]}]}]}]}]}, {"Node Type": "Hash", "Parent Relationship": "Inner", "Startup Cost": 19149.37, "Total Cost": 19149.37, "Plan Rows": 1748840, "Plan Width": 21, "Actual Min Startup Time": 96.642, "Actual Max Startup Time": 105.087, "Actual Min Total Time": 96.642, "Actual Max Total Time": 105.087, "Actual Total Rows": 1749032, "Max Hash Buckets": 131072, "Min Hash Buckets": 131072, "Max Hash Batches": 1, "Min Hash Batches": 1, "Max Original Hash Batches": 1, "Min Original Hash Batches": 1, "Max Peak Memory Usage": 5962, "min Peak Memory Usage": 5962, "Plans": [{"Node Type": "Seq Scan", "Parent Relationship": "Outer", "Relation Name": "title", "Alias": "t", "Startup Cost": 0.0, "Total Cost": 19149.37, "Plan Rows": 1748840, "Plan Width": 21, "Actual Min Startup Time": 0.022, "Actual Max Startup Time": 0.034, "Actual Min Total Time": 63.648, "Actual Max Total Time": 70.486, "Actual Total Rows": 1749032, "Filter": "(production_year > 1990), (LLVM Optimized, Jit Execute)", "Rows Removed by Filter": 779279}]}]}]}, {"Node Type": "Hash", "Parent Relationship": "Inner", "Startup Cost": 2.12, "Total Cost": 2.12, "Plan Rows": 112, "Plan Width": 4, "Actual Min Startup Time": 0.123, "Actual Max Startup Time": 0.123, "Actual Min Total Time": 0.123, "Actual Max Total Time": 0.123, "Actual Total Rows": 112, "Max Hash Buckets": 32768, "Min Hash Buckets": 32768, "Max Hash Batches": 1, "Min Hash Batches": 1, "Max Original Hash Batches": 1, "Min Original Hash Batches": 1, "Max Peak Memory Usage": 4, "min Peak Memory Usage": 4, "Plans": [{"Node Type": "Seq Scan", "Parent Relationship": "Outer", "Relation Name": "info_type", "Alias": "it", "Startup Cost": 0.0, "Total Cost": 2.12, "Plan Rows": 112, "Plan Width": 4, "Actual Min Startup Time": 0.052, "Actual Max Startup Time": 0.052, "Actual Min Total Time": 0.069, "Actual Max Total Time": 0.069, "Actual Total Rows": 112}]}]}]}, "Triggers": [], "Planner Runtime": 25.775, "Total Runtime": 880.179, "Unique SQL Id": 322094867}}, "(16, 37)": {"explain_plan": {"Plan": {"Node Type": "Aggregate", "Strategy": "Plain", "Startup Cost": 509744.23, "Total Cost": 509744.24, "Plan Rows": 1, "Plan Width": 49, "Plans": [{"Node Type": "Hash Join", "Parent Relationship": "Outer", "Join Type": "Inner", "Startup Cost": 15.33, "Total Cost": 508916.61, "Plan Rows": 331050, "Plan Width": 17, "Inner Unique": true, "Hash Cond": "(mi.info_type_id = it.id), (LLVM Optimized)", "Plans": [{"Node Type": "Nested Loop", "Parent Relationship": "Outer", "Join Type": "Inner", "Startup Cost": 0.0, "Total Cost": 504531.42, "Plan Rows": 331050, "Plan Width": 21, "Inner Unique": false, "Plans": [{"Node Type": "Nested Loop", "Parent Relationship": "Outer", "Join Type": "Inner", "Startup Cost": 0.0, "Total Cost": 246013.35, "Plan Rows": 289936, "Plan Width": 25, "Inner Unique": true, "Plans": [{"Node Type": "Nested Loop", "Parent Relationship": "Outer", "Join Type": "Inner", "Startup Cost": 0.0, "Total Cost": 98814.52, "Plan Rows": 209278, "Plan Width": 4, "Inner Unique": false, "Join Filter": "(ct.id = mc.company_type_id), (LLVM Optimized)", "Plans": [{"Node Type": "Index Scan", "Parent Relationship": "Outer", "Scan Direction": "Forward", "Index Name": "company_type_pkey", "Relation Name": "company_type", "Alias": "ct", "Startup Cost": 0.0, "Total Cost": 12.3, "Plan Rows": 1, "Plan Width": 4, "Filter": "((kind)::text = 'production companies'::text)"}, {"Node Type": "Materialize", "Parent Relationship": "Inner", "Startup Cost": 0.0, "Total Cost": 94616.65, "Plan Rows": 418557, "Plan Width": 8, "Plans": [{"Node Type": "Streaming(type: LOCAL GATHER dop: 1/16)", "Parent Relationship": "Outer", "Startup Cost": 0.0, "Total Cost": 93570.26, "Plan Rows": 418557, "Plan Width": 8, "Plans": [{"Node Type": "Index Scan", "Parent Relationship": "Outer", "Scan Direction": "Forward", "Index Name": "company_type_id_movie_companies", "Relation Name": "movie_companies", "Alias": "mc", "Startup Cost": 0.0, "Total Cost": 84536.95, "Plan Rows": 418557, "Plan Width": 8, "Filter": "(((note)::text !~~ '%(TV)%'::text) AND ((note)::text ~~ '%(USA)%'::text)), (LLVM Optimized)"}]}]}]}, {"Node Type": "Index Scan", "Parent Relationship": "Inner", "Scan Direction": "Forward", "Index Name": "title_pkey", "Relation Name": "title", "Alias": "t", "Startup Cost": 0.0, "Total Cost": 0.69, "Plan Rows": 1, "Plan Width": 21, "Index Cond": "(id = mc.movie_id)", "Filter": "(production_year > 1990)"}]}, {"Node Type": "Index Scan", "Parent Relationship": "Inner", "Scan Direction": "Forward", "Index Name": "movie_id_movie_info", "Relation Name": "movie_info", "Alias": "mi", "Startup Cost": 0.0, "Total Cost": 0.88, "Plan Rows": 1, "Plan Width": 8, "Index Cond": "(movie_id = t.id)", "Filter": "((info)::text = ANY ('{Sweden,Norway,Germany,Denmark,Swedish,Denish,Norwegian,German,USA,American}'::text[]))"}]}, {"Node Type": "Hash", "Parent Relationship": "Inner", "Startup Cost": 13.93, "Total Cost": 13.93, "Plan Rows": 112, "Plan Width": 4, "Plans": [{"Node Type": "Index Scan", "Parent Relationship": "Outer", "Scan Direction": "Forward", "Index Name": "info_type_pkey", "Relation Name": "info_type", "Alias": "it", "Startup Cost": 0.0, "Total Cost": 13.93, "Plan Rows": 112, "Plan Width": 4}]}]}]}, "Unique SQL Id": 322094867}, "explain_analyze_plan": {"Plan": {"Node Type": "Aggregate", "Strategy": "Plain", "Startup Cost": 509744.23, "Total Cost": 509744.24, "Plan Rows": 1, "Plan Width": 49, "Actual Min Startup Time": 389.965, "Actual Max Startup Time": 389.965, "Actual Min Total Time": 389.966, "Actual Max Total Time": 389.966, "Actual Total Rows": 1, "Plans": [{"Node Type": "Hash Join", "Parent Relationship": "Outer", "Join Type": "Inner", "Startup Cost": 15.33, "Total Cost": 508916.61, "Plan Rows": 331050, "Plan Width": 17, "Actual Min Startup Time": 294.396, "Actual Max Startup Time": 294.396, "Actual Min Total Time": 389.597, "Actual Max Total Time": 389.597, "Actual Total Rows": 669, "Inner Unique": true, "Hash Cond": "(mi.info_type_id = it.id), (LLVM Optimized)", "Plans": [{"Node Type": "Nested Loop", "Parent Relationship": "Outer", "Join Type": "Inner", "Startup Cost": 0.0, "Total Cost": 504531.42, "Plan Rows": 331050, "Plan Width": 21, "Actual Min Startup Time": 294.228, "Actual Max Startup Time": 294.228, "Actual Min Total Time": 389.08, "Actual Max Total Time": 389.08, "Actual Total Rows": 669, "Inner Unique": false, "Plans": [{"Node Type": "Nested Loop", "Parent Relationship": "Outer", "Join Type": "Inner", "Startup Cost": 0.0, "Total Cost": 246013.35, "Plan Rows": 289936, "Plan Width": 25, "Actual Min Startup Time": 294.188, "Actual Max Startup Time": 294.188, "Actual Min Total Time": 371.419, "Actual Max Total Time": 371.419, "Actual Total Rows": 767, "Inner Unique": true, "Plans": [{"Node Type": "Nested Loop", "Parent Relationship": "Outer", "Join Type": "Inner", "Startup Cost": 0.0, "Total Cost": 98814.52, "Plan Rows": 209278, "Plan Width": 4, "Actual Min Startup Time": 294.141, "Actual Max Startup Time": 294.141, "Actual Min Total Time": 366.634, "Actual Max Total Time": 366.634, "Actual Total Rows": 798, "Inner Unique": false, "Join Filter": "(ct.id = mc.company_type_id), (LLVM Optimized)", "Rows Removed by Join Filter": 294830, "Plans": [{"Node Type": "Index Scan", "Parent Relationship": "Outer", "Scan Direction": "Forward", "Index Name": "company_type_pkey", "Relation Name": "company_type", "Alias": "ct", "Startup Cost": 0.0, "Total Cost": 12.3, "Plan Rows": 1, "Plan Width": 4, "Actual Min Startup Time": 0.042, "Actual Max Startup Time": 0.042, "Actual Min Total Time": 0.049, "Actual Max Total Time": 0.049, "Actual Total Rows": 1, "Filter": "((kind)::text = 'production companies'::text)", "Rows Removed by Filter": 2}, {"Node Type": "Materialize", "Parent Relationship": "Inner", "Startup Cost": 0.0, "Total Cost": 94616.65, "Plan Rows": 418557, "Plan Width": 8, "Actual Min Startup Time": 265.449, "Actual Max Startup Time": 265.449, "Actual Min Total Time": 302.112, "Actual Max Total Time": 302.112, "Actual Total Rows": 295629, "Plans": [{"Node Type": "Streaming(type: LOCAL GATHER dop: 1/16)", "Parent Relationship": "Outer", "Startup Cost": 0.0, "Total Cost": 93570.26, "Plan Rows": 418557, "Plan Width": 8, "Actual Min Startup Time": 67.06, "Actual Max Startup Time": 67.06, "Actual Min Total Time": 222.602, "Actual Max Total Time": 222.602, "Actual Total Rows": 295628, "Plans": [{"Node Type": "Index Scan", "Parent Relationship": "Outer", "Scan Direction": "Forward", "Index Name": "company_type_id_movie_companies", "Relation Name": "movie_companies", "Alias": "mc", "Startup Cost": 0.0, "Total Cost": 84536.95, "Plan Rows": 418557, "Plan Width": 8, "Actual Min Startup Time": 14.152, "Actual Max Startup Time": 37.345, "Actual Min Total Time": 91.566, "Actual Max Total Time": 178.313, "Actual Total Rows": 295628, "Filter": "(((note)::text !~~ '%(TV)%'::text) AND ((note)::text ~~ '%(USA)%'::text)), (LLVM Optimized)", "Rows Removed by Filter": 2313500}]}]}]}, {"Node Type": "Index Scan", "Parent Relationship": "Inner", "Scan Direction": "Forward", "Index Name": "title_pkey", "Relation Name": "title", "Alias": "t", "Startup Cost": 0.0, "Total Cost": 0.69, "Plan Rows": 1, "Plan Width": 21, "Actual Min Startup Time": 4.114, "Actual Max Startup Time": 4.114, "Actual Min Total Time": 4.114, "Actual Max Total Time": 4.114, "Actual Total Rows": 767, "Index Cond": "(id = mc.movie_id)", "Rows Removed by Index Recheck": 0, "Filter": "(production_year > 1990)", "Rows Removed by Filter": 31}]}, {"Node Type": "Index Scan", "Parent Relationship": "Inner", "Scan Direction": "Forward", "Index Name": "movie_id_movie_info", "Relation Name": "movie_info", "Alias": "mi", "Startup Cost": 0.0, "Total Cost": 0.88, "Plan Rows": 1, "Plan Width": 8, "Actual Min Startup Time": 14.882, "Actual Max Startup Time": 14.882, "Actual Min Total Time": 17.076, "Actual Max Total Time": 17.076, "Actual Total Rows": 669, "Index Cond": "(movie_id = t.id)", "Rows Removed by Index Recheck": 0, "Filter": "((info)::text = ANY ('{Sweden,Norway,Germany,Denmark,Swedish,Denish,Norwegian,German,USA,American}'::text[]))", "Rows Removed by Filter": 7721}]}, {"Node Type": "Hash", "Parent Relationship": "Inner", "Startup Cost": 13.93, "Total Cost": 13.93, "Plan Rows": 112, "Plan Width": 4, "Actual Min Startup Time": 0.096, "Actual Max Startup Time": 0.096, "Actual Min Total Time": 0.096, "Actual Max Total Time": 0.096, "Actual Total Rows": 112, "Max Hash Buckets": 32768, "Min Hash Buckets": 32768, "Max Hash Batches": 1, "Min Hash Batches": 1, "Max Original Hash Batches": 1, "Min Original Hash Batches": 1, "Max Peak Memory Usage": 4, "min Peak Memory Usage": 4, "Plans": [{"Node Type": "Index Scan", "Parent Relationship": "Outer", "Scan Direction": "Forward", "Index Name": "info_type_pkey", "Relation Name": "info_type", "Alias": "it", "Startup Cost": 0.0, "Total Cost": 13.93, "Plan Rows": 112, "Plan Width": 4, "Actual Min Startup Time": 0.012, "Actual Max Startup Time": 0.012, "Actual Min Total Time": 0.06, "Actual Max Total Time": 0.06, "Actual Total Rows": 112}]}]}]}, "Triggers": [], "Planner Runtime": 11.43, "Total Runtime": 402.341, "Unique SQL Id": 322094867}}, "(16, 38)": {"explain_plan": {"Plan": {"Node Type": "Aggregate", "Strategy": "Plain", "Startup Cost": 173651.71, "Total Cost": 173651.72, "Plan Rows": 1, "Plan Width": 49, "Plans": [{"Node Type": "Hash Join", "Parent Relationship": "Outer", "Join Type": "Inner", "Startup Cost": 55861.04, "Total Cost": 172824.08, "Plan Rows": 331050, "Plan Width": 17, "Inner Unique": true, "Hash Cond": "(mi.info_type_id = it.id), (LLVM Optimized)", "Plans": [{"Node Type": "Streaming(type: LOCAL GATHER dop: 1/16)", "Parent Relationship": "Outer", "Startup Cost": 55857.52, "Total Cost": 168268.62, "Plan Rows": 331050, "Plan Width": 21, "Plans": [{"Node Type": "Hash Join", "Parent Relationship": "Outer", "Join Type": "Inner", "Startup Cost": 55857.52, "Total Cost": 161123.89, "Plan Rows": 331050, "Plan Width": 21, "Inner Unique": true, "Hash Cond": "(mi.movie_id = t.id), (LLVM Optimized)", "Plans": [{"Node Type": "Streaming(type: BROADCAST dop: 16/16)", "Parent Relationship": "Outer", "Startup Cost": 35341.87, "Total Cost": 139505.25, "Plan Rows": 3823280, "Plan Width": 12, "Plans": [{"Node Type": "Nested Loop", "Parent Relationship": "Outer", "Join Type": "Inner", "Startup Cost": 35341.87, "Total Cost": 114797.7, "Plan Rows": 238955, "Plan Width": 12, "Inner Unique": false, "Join Filter": "(mc.company_type_id = ct.id), (LLVM Optimized)", "Plans": [{"Node Type": "Streaming(type: BROADCAST dop: 16/1)", "Parent Relationship": "Outer", "Startup Cost": 0.0, "Total Cost": 15001.38, "Plan Rows": 16, "Plan Width": 4, "Plans": [{"Node Type": "Seq Scan", "Parent Relationship": "Outer", "Relation Name": "company_type", "Alias": "ct", "Startup Cost": 0.0, "Total Cost": 1.04, "Plan Rows": 1, "Plan Width": 4, "Filter": "((kind)::text = 'production companies'::text)"}]}, {"Node Type": "Materialize", "Parent Relationship": "Inner", "Startup Cost": 35341.87, "Total Cost": 100617.73, "Plan Rows": 477912, "Plan Width": 16, "Plans": [{"Node Type": "Hash Join", "Parent Relationship": "Outer", "Join Type": "Inner", "Startup Cost": 35341.87, "Total Cost": 99422.95, "Plan Rows": 477912, "Plan Width": 16, "Inner Unique": false, "Hash Cond": "(mi.movie_id = mc.movie_id), (LLVM Optimized)", "Plans": [{"Node Type": "Streaming(type: LOCAL REDISTRIBUTE dop: 16/16)", "Parent Relationship": "Outer", "Startup Cost": 0.0, "Total Cost": 62931.17, "Plan Rows": 726375, "Plan Width": 8, "Plans": [{"Node Type": "Seq Scan", "Parent Relationship": "Outer", "Relation Name": "movie_info", "Alias": "mi", "Startup Cost": 0.0, "Total Cost": 45178.89, "Plan Rows": 726375, "Plan Width": 8, "Filter": "((info)::text = ANY ('{Sweden,Norway,Germany,Denmark,Swedish,Denish,Norwegian,German,USA,American}'::text[]))"}]}, {"Node Type": "Hash", "Parent Relationship": "Inner", "Startup Cost": 35014.87, "Total Cost": 35014.87, "Plan Rows": 418557, "Plan Width": 8, "Plans": [{"Node Type": "Streaming(type: LOCAL REDISTRIBUTE dop: 16/16)", "Parent Relationship": "Outer", "Startup Cost": 0.0, "Total Cost": 35014.87, "Plan Rows": 418557, "Plan Width": 8, "Plans": [{"Node Type": "Seq Scan", "Parent Relationship": "Outer", "Relation Name": "movie_companies", "Alias": "mc", "Startup Cost": 0.0, "Total Cost": 18428.93, "Plan Rows": 418557, "Plan Width": 8, "Filter": "(((note)::text !~~ '%(TV)%'::text) AND ((note)::text ~~ '%(USA)%'::text)), (LLVM Optimized)"}]}]}]}]}]}]}, {"Node Type": "Hash", "Parent Relationship": "Inner", "Startup Cost": 19149.37, "Total Cost": 19149.37, "Plan Rows": 1748840, "Plan Width": 21, "Plans": [{"Node Type": "Seq Scan", "Parent Relationship": "Outer", "Relation Name": "title", "Alias": "t", "Startup Cost": 0.0, "Total Cost": 19149.37, "Plan Rows": 1748840, "Plan Width": 21, "Filter": "(production_year > 1990), (LLVM Optimized)"}]}]}]}, {"Node Type": "Hash", "Parent Relationship": "Inner", "Startup Cost": 2.12, "Total Cost": 2.12, "Plan Rows": 112, "Plan Width": 4, "Plans": [{"Node Type": "Seq Scan", "Parent Relationship": "Outer", "Relation Name": "info_type", "Alias": "it", "Startup Cost": 0.0, "Total Cost": 2.12, "Plan Rows": 112, "Plan Width": 4}]}]}]}, "Unique SQL Id": 322094867}, "explain_analyze_plan": {"Plan": {"Node Type": "Aggregate", "Strategy": "Plain", "Startup Cost": 173651.71, "Total Cost": 173651.72, "Plan Rows": 1, "Plan Width": 49, "Actual Min Startup Time": 857.467, "Actual Max Startup Time": 857.467, "Actual Min Total Time": 857.467, "Actual Max Total Time": 857.467, "Actual Total Rows": 1, "Plans": [{"Node Type": "Hash Join", "Parent Relationship": "Outer", "Join Type": "Inner", "Startup Cost": 55861.04, "Total Cost": 172824.08, "Plan Rows": 331050, "Plan Width": 17, "Actual Min Startup Time": 856.698, "Actual Max Startup Time": 856.698, "Actual Min Total Time": 857.261, "Actual Max Total Time": 857.261, "Actual Total Rows": 669, "Inner Unique": true, "Hash Cond": "(mi.info_type_id = it.id), (LLVM Optimized, Jit Execute)", "Plans": [{"Node Type": "Streaming(type: LOCAL GATHER dop: 1/16)", "Parent Relationship": "Outer", "Startup Cost": 55857.52, "Total Cost": 168268.62, "Plan Rows": 331050, "Plan Width": 21, "Actual Min Startup Time": 856.508, "Actual Max Startup Time": 856.508, "Actual Min Total Time": 856.84, "Actual Max Total Time": 856.84, "Actual Total Rows": 669, "Plans": [{"Node Type": "Hash Join", "Parent Relationship": "Outer", "Join Type": "Inner", "Startup Cost": 55857.52, "Total Cost": 161123.89, "Plan Rows": 331050, "Plan Width": 21, "Actual Min Startup Time": 672.46, "Actual Max Startup Time": 727.717, "Actual Min Total Time": 673.159, "Actual Max Total Time": 728.574, "Actual Total Rows": 669, "Inner Unique": true, "Hash Cond": "(mi.movie_id = t.id), (LLVM Optimized, Jit Execute)", "Plans": [{"Node Type": "Streaming(type: BROADCAST dop: 16/16)", "Parent Relationship": "Outer", "Startup Cost": 35341.87, "Total Cost": 139505.25, "Plan Rows": 3823280, "Plan Width": 12, "Actual Min Startup Time": 569.0, "Actual Max Startup Time": 626.908, "Actual Min Total Time": 569.646, "Actual Max Total Time": 627.507, "Actual Total Rows": 11056, "Plans": [{"Node Type": "Nested Loop", "Parent Relationship": "Outer", "Join Type": "Inner", "Startup Cost": 35341.87, "Total Cost": 114797.7, "Plan Rows": 238955, "Plan Width": 12, "Actual Min Startup Time": 666.518, "Actual Max Startup Time": 710.842, "Actual Min Total Time": 672.869, "Actual Max Total Time": 715.244, "Actual Total Rows": 691, "Inner Unique": false, "Join Filter": "(mc.company_type_id = ct.id), (LLVM Optimized, Jit Execute)", "Rows Removed by Join Filter": 294235, "Plans": [{"Node Type": "Streaming(type: BROADCAST dop: 16/1)", "Parent Relationship": "Outer", "Startup Cost": 0.0, "Total Cost": 15001.38, "Plan Rows": 16, "Plan Width": 4, "Actual Min Startup Time": 0.003, "Actual Max Startup Time": 0.005, "Actual Min Total Time": 0.004, "Actual Max Total Time": 0.007, "Actual Total Rows": 16, "Plans": [{"Node Type": "Seq Scan", "Parent Relationship": "Outer", "Relation Name": "company_type", "Alias": "ct", "Startup Cost": 0.0, "Total Cost": 1.04, "Plan Rows": 1, "Plan Width": 4, "Actual Min Startup Time": 0.048, "Actual Max Startup Time": 0.048, "Actual Min Total Time": 0.053, "Actual Max Total Time": 0.053, "Actual Total Rows": 1, "Filter": "((kind)::text = 'production companies'::text)", "Rows Removed by Filter": 2}]}, {"Node Type": "Materialize", "Parent Relationship": "Inner", "Startup Cost": 35341.87, "Total Cost": 100617.73, "Plan Rows": 477912, "Plan Width": 16, "Actual Min Startup Time": 666.288, "Actual Max Startup Time": 710.353, "Actual Min Total Time": 668.757, "Actual Max Total Time": 712.154, "Actual Total Rows": 294942, "Plans": [{"Node Type": "Hash Join", "Parent Relationship": "Outer", "Join Type": "Inner", "Startup Cost": 35341.87, "Total Cost": 99422.95, "Plan Rows": 477912, "Plan Width": 16, "Actual Min Startup Time": 90.453, "Actual Max Startup Time": 134.62, "Actual Min Total Time": 662.302, "Actual Max Total Time": 706.324, "Actual Total Rows": 294926, "Inner Unique": false, "Hash Cond": "(mi.movie_id = mc.movie_id), (LLVM Optimized, Jit Execute)", "Plans": [{"Node Type": "Streaming(type: LOCAL REDISTRIBUTE dop: 16/16)", "Parent Relationship": "Outer", "Startup Cost": 0.0, "Total Cost": 62931.17, "Plan Rows": 726375, "Plan Width": 8, "Actual Min Startup Time": 0.063, "Actual Max Startup Time": 0.5, "Actual Min Total Time": 556.564, "Actual Max Total Time": 557.588, "Actual Total Rows": 706674, "Plans": [{"Node Type": "Seq Scan", "Parent Relationship": "Outer", "Relation Name": "movie_info", "Alias": "mi", "Startup Cost": 0.0, "Total Cost": 45178.89, "Plan Rows": 726375, "Plan Width": 8, "Actual Min Startup Time": 0.043, "Actual Max Startup Time": 3.351, "Actual Min Total Time": 507.151, "Actual Max Total Time": 540.185, "Actual Total Rows": 706674, "Filter": "((info)::text = ANY ('{Sweden,Norway,Germany,Denmark,Swedish,Denish,Norwegian,German,USA,American}'::text[]))", "Rows Removed by Filter": 14129045}]}, {"Node Type": "Hash", "Parent Relationship": "Inner", "Startup Cost": 35014.87, "Total Cost": 35014.87, "Plan Rows": 418557, "Plan Width": 8, "Actual Min Startup Time": 90.095, "Actual Max Startup Time": 134.125, "Actual Min Total Time": 90.095, "Actual Max Total Time": 134.125, "Actual Total Rows": 295628, "Max Hash Buckets": 32768, "Min Hash Buckets": 32768, "Max Hash Batches": 1, "Min Hash Batches": 1, "Max Original Hash Batches": 1, "Min Original Hash Batches": 1, "Max Peak Memory Usage": 722, "min Peak Memory Usage": 722, "Plans": [{"Node Type": "Streaming(type: LOCAL REDISTRIBUTE dop: 16/16)", "Parent Relationship": "Outer", "Startup Cost": 0.0, "Total Cost": 35014.87, "Plan Rows": 418557, "Plan Width": 8, "Actual Min Startup Time": 0.049, "Actual Max Startup Time": 33.207, "Actual Min Total Time": 85.516, "Actual Max Total Time": 129.41, "Actual Total Rows": 295628, "Plans": [{"Node Type": "Seq Scan", "Parent Relationship": "Outer", "Relation Name": "movie_companies", "Alias": "mc", "Startup Cost": 0.0, "Total Cost": 18428.93, "Plan Rows": 418557, "Plan Width": 8, "Actual Min Startup Time": 0.04, "Actual Max Startup Time": 0.31, "Actual Min Total Time": 70.806, "Actual Max Total Time": 78.798, "Actual Total Rows": 295628, "Filter": "(((note)::text !~~ '%(TV)%'::text) AND ((note)::text ~~ '%(USA)%'::text)), (LLVM Optimized, Jit Execute)", "Rows Removed by Filter": 2313500}]}]}]}]}]}]}, {"Node Type": "Hash", "Parent Relationship": "Inner", "Startup Cost": 19149.37, "Total Cost": 19149.37, "Plan Rows": 1748840, "Plan Width": 21, "Actual Min Startup Time": 96.642, "Actual Max Startup Time": 105.087, "Actual Min Total Time": 96.642, "Actual Max Total Time": 105.087, "Actual Total Rows": 1749032, "Max Hash Buckets": 131072, "Min Hash Buckets": 131072, "Max Hash Batches": 1, "Min Hash Batches": 1, "Max Original Hash Batches": 1, "Min Original Hash Batches": 1, "Max Peak Memory Usage": 5962, "min Peak Memory Usage": 5962, "Plans": [{"Node Type": "Seq Scan", "Parent Relationship": "Outer", "Relation Name": "title", "Alias": "t", "Startup Cost": 0.0, "Total Cost": 19149.37, "Plan Rows": 1748840, "Plan Width": 21, "Actual Min Startup Time": 0.022, "Actual Max Startup Time": 0.034, "Actual Min Total Time": 63.648, "Actual Max Total Time": 70.486, "Actual Total Rows": 1749032, "Filter": "(production_year > 1990), (LLVM Optimized, Jit Execute)", "Rows Removed by Filter": 779279}]}]}]}, {"Node Type": "Hash", "Parent Relationship": "Inner", "Startup Cost": 2.12, "Total Cost": 2.12, "Plan Rows": 112, "Plan Width": 4, "Actual Min Startup Time": 0.123, "Actual Max Startup Time": 0.123, "Actual Min Total Time": 0.123, "Actual Max Total Time": 0.123, "Actual Total Rows": 112, "Max Hash Buckets": 32768, "Min Hash Buckets": 32768, "Max Hash Batches": 1, "Min Hash Batches": 1, "Max Original Hash Batches": 1, "Min Original Hash Batches": 1, "Max Peak Memory Usage": 4, "min Peak Memory Usage": 4, "Plans": [{"Node Type": "Seq Scan", "Parent Relationship": "Outer", "Relation Name": "info_type", "Alias": "it", "Startup Cost": 0.0, "Total Cost": 2.12, "Plan Rows": 112, "Plan Width": 4, "Actual Min Startup Time": 0.052, "Actual Max Startup Time": 0.052, "Actual Min Total Time": 0.069, "Actual Max Total Time": 0.069, "Actual Total Rows": 112}]}]}]}, "Triggers": [], "Planner Runtime": 25.775, "Total Runtime": 880.179, "Unique SQL Id": 322094867}}, "(16, 39)": {"explain_plan": {"Plan": {"Node Type": "Aggregate", "Strategy": "Plain", "Startup Cost": 1009784.61, "Total Cost": 1009784.62, "Plan Rows": 1, "Plan Width": 49, "Plans": [{"Node Type": "Hash Join", "Parent Relationship": "Outer", "Join Type": "Inner", "Startup Cost": 517150.55, "Total Cost": 1008956.99, "Plan Rows": 331050, "Plan Width": 17, "Inner Unique": true, "Hash Cond": "(mi.info_type_id = it.id), (LLVM Optimized)", "Plans": [{"Node Type": "Hash Join", "Parent Relationship": "Outer", "Join Type": "Inner", "Startup Cost": 517135.19, "Total Cost": 1004389.69, "Plan Rows": 331050, "Plan Width": 21, "Inner Unique": false, "Hash Cond": "(mi.movie_id = t.id), (LLVM Optimized)", "Plans": [{"Node Type": "Bitmap Heap Scan", "Parent Relationship": "Outer", "Relation Name": "movie_info", "Alias": "mi", "Startup Cost": 301827.67, "Total Cost": 784689.91, "Plan Rows": 726375, "Plan Width": 8, "Filter": "((info)::text = ANY ('{Sweden,Norway,Germany,Denmark,Swedish,Denish,Norwegian,German,USA,American}'::text[]))", "Plans": [{"Node Type": "Bitmap Index Scan", "Parent Relationship": "Outer", "Index Name": "movie_id_movie_info", "Startup Cost": 0.0, "Total Cost": 301646.08, "Plan Rows": 14869966, "Plan Width": 0}]}, {"Node Type": "Hash", "Parent Relationship": "Inner", "Startup Cost": 211683.32, "Total Cost": 211683.32, "Plan Rows": 289936, "Plan Width": 25, "Plans": [{"Node Type": "Hash Join", "Parent Relationship": "Outer", "Join Type": "Inner", "Startup Cost": 167346.47, "Total Cost": 211683.32, "Plan Rows": 289936, "Plan Width": 25, "Inner Unique": true, "Hash Cond": "(mc.movie_id = t.id), (LLVM Optimized)", "Plans": [{"Node Type": "Nested Loop", "Parent Relationship": "Outer", "Join Type": "Inner", "Startup Cost": 29005.06, "Total Cost": 69657.76, "Plan Rows": 209278, "Plan Width": 4, "Inner Unique": false, "Plans": [{"Node Type": "Bitmap Heap Scan", "Parent Relationship": "Outer", "Relation Name": "company_type", "Alias": "ct", "Startup Cost": 8.27, "Total Cost": 12.3, "Plan Rows": 1, "Plan Width": 4, "Filter": "((kind)::text = 'production companies'::text)", "Plans": [{"Node Type": "Bitmap Index Scan", "Parent Relationship": "Outer", "Index Name": "company_type_pkey", "Startup Cost": 0.0, "Total Cost": 8.27, "Plan Rows": 3, "Plan Width": 0}]}, {"Node Type": "Bitmap Heap Scan", "Parent Relationship": "Inner", "Relation Name": "movie_companies", "Alias": "mc", "Startup Cost": 28996.8, "Total Cost": 67552.67, "Plan Rows": 209279, "Plan Width": 8, "Recheck Cond": "(company_type_id = ct.id), (LLVM Optimized)", "Filter": "(((note)::text !~~ '%(TV)%'::text) AND ((note)::text ~~ '%(USA)%'::text)), (LLVM Optimized)", "Plans": [{"Node Type": "Bitmap Index Scan", "Parent Relationship": "Outer", "Index Name": "company_type_id_movie_companies", "Startup Cost": 0.0, "Total Cost": 28944.48, "Plan Rows": 1304564, "Plan Width": 0, "Index Cond": "(company_type_id = ct.id)"}]}]}, {"Node Type": "Hash", "Parent Relationship": "Inner", "Startup Cost": 116480.9, "Total Cost": 116480.9, "Plan Rows": 1748840, "Plan Width": 21, "Plans": [{"Node Type": "Bitmap Heap Scan", "Parent Relationship": "Outer", "Relation Name": "title", "Alias": "t", "Startup Cost": 50091.01, "Total Cost": 116480.9, "Plan Rows": 1748840, "Plan Width": 21, "Filter": "(production_year > 1990), (LLVM Optimized)", "Plans": [{"Node Type": "Bitmap Index Scan", "Parent Relationship": "Outer", "Index Name": "title_pkey", "Startup Cost": 0.0, "Total Cost": 49653.81, "Plan Rows": 2528311, "Plan Width": 0}]}]}]}]}]}, {"Node Type": "Hash", "Parent Relationship": "Inner", "Startup Cost": 13.96, "Total Cost": 13.96, "Plan Rows": 112, "Plan Width": 4, "Plans": [{"Node Type": "Bitmap Heap Scan", "Parent Relationship": "Outer", "Relation Name": "info_type", "Alias": "it", "Startup Cost": 8.84, "Total Cost": 13.96, "Plan Rows": 112, "Plan Width": 4, "Plans": [{"Node Type": "Bitmap Index Scan", "Parent Relationship": "Outer", "Index Name": "info_type_pkey", "Startup Cost": 0.0, "Total Cost": 8.81, "Plan Rows": 112, "Plan Width": 0}]}]}]}]}, "Unique SQL Id": 322094867}, "explain_analyze_plan": null}, "(16, 40)": {"explain_plan": {"Plan": {"Node Type": "Aggregate", "Strategy": "Plain", "Startup Cost": 173651.71, "Total Cost": 173651.72, "Plan Rows": 1, "Plan Width": 49, "Plans": [{"Node Type": "Hash Join", "Parent Relationship": "Outer", "Join Type": "Inner", "Startup Cost": 55861.04, "Total Cost": 172824.08, "Plan Rows": 331050, "Plan Width": 17, "Inner Unique": true, "Hash Cond": "(mi.info_type_id = it.id), (LLVM Optimized)", "Plans": [{"Node Type": "Streaming(type: LOCAL GATHER dop: 1/16)", "Parent Relationship": "Outer", "Startup Cost": 55857.52, "Total Cost": 168268.62, "Plan Rows": 331050, "Plan Width": 21, "Plans": [{"Node Type": "Hash Join", "Parent Relationship": "Outer", "Join Type": "Inner", "Startup Cost": 55857.52, "Total Cost": 161123.89, "Plan Rows": 331050, "Plan Width": 21, "Inner Unique": true, "Hash Cond": "(mi.movie_id = t.id), (LLVM Optimized)", "Plans": [{"Node Type": "Streaming(type: BROADCAST dop: 16/16)", "Parent Relationship": "Outer", "Startup Cost": 35341.87, "Total Cost": 139505.25, "Plan Rows": 3823280, "Plan Width": 12, "Plans": [{"Node Type": "Nested Loop", "Parent Relationship": "Outer", "Join Type": "Inner", "Startup Cost": 35341.87, "Total Cost": 114797.7, "Plan Rows": 238955, "Plan Width": 12, "Inner Unique": false, "Join Filter": "(mc.company_type_id = ct.id), (LLVM Optimized)", "Plans": [{"Node Type": "Streaming(type: BROADCAST dop: 16/1)", "Parent Relationship": "Outer", "Startup Cost": 0.0, "Total Cost": 15001.38, "Plan Rows": 16, "Plan Width": 4, "Plans": [{"Node Type": "Seq Scan", "Parent Relationship": "Outer", "Relation Name": "company_type", "Alias": "ct", "Startup Cost": 0.0, "Total Cost": 1.04, "Plan Rows": 1, "Plan Width": 4, "Filter": "((kind)::text = 'production companies'::text)"}]}, {"Node Type": "Materialize", "Parent Relationship": "Inner", "Startup Cost": 35341.87, "Total Cost": 100617.73, "Plan Rows": 477912, "Plan Width": 16, "Plans": [{"Node Type": "Hash Join", "Parent Relationship": "Outer", "Join Type": "Inner", "Startup Cost": 35341.87, "Total Cost": 99422.95, "Plan Rows": 477912, "Plan Width": 16, "Inner Unique": false, "Hash Cond": "(mi.movie_id = mc.movie_id), (LLVM Optimized)", "Plans": [{"Node Type": "Streaming(type: LOCAL REDISTRIBUTE dop: 16/16)", "Parent Relationship": "Outer", "Startup Cost": 0.0, "Total Cost": 62931.17, "Plan Rows": 726375, "Plan Width": 8, "Plans": [{"Node Type": "Seq Scan", "Parent Relationship": "Outer", "Relation Name": "movie_info", "Alias": "mi", "Startup Cost": 0.0, "Total Cost": 45178.89, "Plan Rows": 726375, "Plan Width": 8, "Filter": "((info)::text = ANY ('{Sweden,Norway,Germany,Denmark,Swedish,Denish,Norwegian,German,USA,American}'::text[]))"}]}, {"Node Type": "Hash", "Parent Relationship": "Inner", "Startup Cost": 35014.87, "Total Cost": 35014.87, "Plan Rows": 418557, "Plan Width": 8, "Plans": [{"Node Type": "Streaming(type: LOCAL REDISTRIBUTE dop: 16/16)", "Parent Relationship": "Outer", "Startup Cost": 0.0, "Total Cost": 35014.87, "Plan Rows": 418557, "Plan Width": 8, "Plans": [{"Node Type": "Seq Scan", "Parent Relationship": "Outer", "Relation Name": "movie_companies", "Alias": "mc", "Startup Cost": 0.0, "Total Cost": 18428.93, "Plan Rows": 418557, "Plan Width": 8, "Filter": "(((note)::text !~~ '%(TV)%'::text) AND ((note)::text ~~ '%(USA)%'::text)), (LLVM Optimized)"}]}]}]}]}]}]}, {"Node Type": "Hash", "Parent Relationship": "Inner", "Startup Cost": 19149.37, "Total Cost": 19149.37, "Plan Rows": 1748840, "Plan Width": 21, "Plans": [{"Node Type": "Seq Scan", "Parent Relationship": "Outer", "Relation Name": "title", "Alias": "t", "Startup Cost": 0.0, "Total Cost": 19149.37, "Plan Rows": 1748840, "Plan Width": 21, "Filter": "(production_year > 1990), (LLVM Optimized)"}]}]}]}, {"Node Type": "Hash", "Parent Relationship": "Inner", "Startup Cost": 2.12, "Total Cost": 2.12, "Plan Rows": 112, "Plan Width": 4, "Plans": [{"Node Type": "Index Only Scan", "Parent Relationship": "Outer", "Scan Direction": "Forward", "Index Name": "info_type_pkey", "Relation Name": "info_type", "Alias": "it", "Startup Cost": 0.0, "Total Cost": 2.12, "Plan Rows": 112, "Plan Width": 4}]}]}]}, "Unique SQL Id": 322094867}, "explain_analyze_plan": {"Plan": {"Node Type": "Aggregate", "Strategy": "Plain", "Startup Cost": 173651.71, "Total Cost": 173651.72, "Plan Rows": 1, "Plan Width": 49, "Actual Min Startup Time": 875.822, "Actual Max Startup Time": 875.822, "Actual Min Total Time": 875.823, "Actual Max Total Time": 875.823, "Actual Total Rows": 1, "Plans": [{"Node Type": "Hash Join", "Parent Relationship": "Outer", "Join Type": "Inner", "Startup Cost": 55861.04, "Total Cost": 172824.08, "Plan Rows": 331050, "Plan Width": 17, "Actual Min Startup Time": 875.195, "Actual Max Startup Time": 875.195, "Actual Min Total Time": 875.609, "Actual Max Total Time": 875.609, "Actual Total Rows": 669, "Inner Unique": true, "Hash Cond": "(mi.info_type_id = it.id), (LLVM Optimized)", "Plans": [{"Node Type": "Streaming(type: LOCAL GATHER dop: 1/16)", "Parent Relationship": "Outer", "Startup Cost": 55857.52, "Total Cost": 168268.62, "Plan Rows": 331050, "Plan Width": 21, "Actual Min Startup Time": 875.014, "Actual Max Startup Time": 875.014, "Actual Min Total Time": 875.185, "Actual Max Total Time": 875.185, "Actual Total Rows": 669, "Plans": [{"Node Type": "Hash Join", "Parent Relationship": "Outer", "Join Type": "Inner", "Startup Cost": 55857.52, "Total Cost": 161123.89, "Plan Rows": 331050, "Plan Width": 21, "Actual Min Startup Time": 696.401, "Actual Max Startup Time": 736.579, "Actual Min Total Time": 696.864, "Actual Max Total Time": 737.053, "Actual Total Rows": 669, "Inner Unique": true, "Hash Cond": "(mi.movie_id = t.id), (LLVM Optimized)", "Plans": [{"Node Type": "Streaming(type: BROADCAST dop: 16/16)", "Parent Relationship": "Outer", "Startup Cost": 35341.87, "Total Cost": 139505.25, "Plan Rows": 3823280, "Plan Width": 12, "Actual Min Startup Time": 594.04, "Actual Max Startup Time": 640.119, "Actual Min Total Time": 594.258, "Actual Max Total Time": 640.329, "Actual Total Rows": 11056, "Plans": [{"Node Type": "Nested Loop", "Parent Relationship": "Outer", "Join Type": "Inner", "Startup Cost": 35341.87, "Total Cost": 114797.7, "Plan Rows": 238955, "Plan Width": 12, "Actual Min Startup Time": 690.01, "Actual Max Startup Time": 751.468, "Actual Min Total Time": 695.844, "Actual Max Total Time": 756.362, "Actual Total Rows": 691, "Inner Unique": false, "Join Filter": "(mc.company_type_id = ct.id), (LLVM Optimized)", "Rows Removed by Join Filter": 294235, "Plans": [{"Node Type": "Streaming(type: BROADCAST dop: 16/1)", "Parent Relationship": "Outer", "Startup Cost": 0.0, "Total Cost": 15001.38, "Plan Rows": 16, "Plan Width": 4, "Actual Min Startup Time": 0.003, "Actual Max Startup Time": 0.007, "Actual Min Total Time": 0.003, "Actual Max Total Time": 0.008, "Actual Total Rows": 16, "Plans": [{"Node Type": "Seq Scan", "Parent Relationship": "Outer", "Relation Name": "company_type", "Alias": "ct", "Startup Cost": 0.0, "Total Cost": 1.04, "Plan Rows": 1, "Plan Width": 4, "Actual Min Startup Time": 0.019, "Actual Max Startup Time": 0.019, "Actual Min Total Time": 0.021, "Actual Max Total Time": 0.021, "Actual Total Rows": 1, "Filter": "((kind)::text = 'production companies'::text)", "Rows Removed by Filter": 2}]}, {"Node Type": "Materialize", "Parent Relationship": "Inner", "Startup Cost": 35341.87, "Total Cost": 100617.73, "Plan Rows": 477912, "Plan Width": 16, "Actual Min Startup Time": 689.593, "Actual Max Startup Time": 749.972, "Actual Min Total Time": 691.904, "Actual Max Total Time": 752.252, "Actual Total Rows": 294942, "Plans": [{"Node Type": "Hash Join", "Parent Relationship": "Outer", "Join Type": "Inner", "Startup Cost": 35341.87, "Total Cost": 99422.95, "Plan Rows": 477912, "Plan Width": 16, "Actual Min Startup Time": 91.909, "Actual Max Startup Time": 152.56, "Actual Min Total Time": 685.313, "Actual Max Total Time": 745.926, "Actual Total Rows": 294926, "Inner Unique": false, "Hash Cond": "(mi.movie_id = mc.movie_id), (LLVM Optimized)", "Plans": [{"Node Type": "Streaming(type: LOCAL REDISTRIBUTE dop: 16/16)", "Parent Relationship": "Outer", "Startup Cost": 0.0, "Total Cost": 62931.17, "Plan Rows": 726375, "Plan Width": 8, "Actual Min Startup Time": 0.064, "Actual Max Startup Time": 0.587, "Actual Min Total Time": 578.176, "Actual Max Total Time": 579.178, "Actual Total Rows": 706674, "Plans": [{"Node Type": "Seq Scan", "Parent Relationship": "Outer", "Relation Name": "movie_info", "Alias": "mi", "Startup Cost": 0.0, "Total Cost": 45178.89, "Plan Rows": 726375, "Plan Width": 8, "Actual Min Startup Time": 0.042, "Actual Max Startup Time": 3.369, "Actual Min Total Time": 508.498, "Actual Max Total Time": 546.641, "Actual Total Rows": 706674, "Filter": "((info)::text = ANY ('{Sweden,Norway,Germany,Denmark,Swedish,Denish,Norwegian,German,USA,American}'::text[]))", "Rows Removed by Filter": 14129045}]}, {"Node Type": "Hash", "Parent Relationship": "Inner", "Startup Cost": 35014.87, "Total Cost": 35014.87, "Plan Rows": 418557, "Plan Width": 8, "Actual Min Startup Time": 91.753, "Actual Max Startup Time": 152.136, "Actual Min Total Time": 91.753, "Actual Max Total Time": 152.136, "Actual Total Rows": 295628, "Max Hash Buckets": 32768, "Min Hash Buckets": 32768, "Max Hash Batches": 1, "Min Hash Batches": 1, "Max Original Hash Batches": 1, "Min Original Hash Batches": 1, "Max Peak Memory Usage": 722, "min Peak Memory Usage": 722, "Plans": [{"Node Type": "Streaming(type: LOCAL REDISTRIBUTE dop: 16/16)", "Parent Relationship": "Outer", "Startup Cost": 0.0, "Total Cost": 35014.87, "Plan Rows": 418557, "Plan Width": 8, "Actual Min Startup Time": 0.057, "Actual Max Startup Time": 57.89, "Actual Min Total Time": 86.982, "Actual Max Total Time": 147.517, "Actual Total Rows": 295628, "Plans": [{"Node Type": "Seq Scan", "Parent Relationship": "Outer", "Relation Name": "movie_companies", "Alias": "mc", "Startup Cost": 0.0, "Total Cost": 18428.93, "Plan Rows": 418557, "Plan Width": 8, "Actual Min Startup Time": 0.041, "Actual Max Startup Time": 0.3, "Actual Min Total Time": 71.008, "Actual Max Total Time": 78.719, "Actual Total Rows": 295628, "Filter": "(((note)::text !~~ '%(TV)%'::text) AND ((note)::text ~~ '%(USA)%'::text)), (LLVM Optimized)", "Rows Removed by Filter": 2313500}]}]}]}]}]}]}, {"Node Type": "Hash", "Parent Relationship": "Inner", "Startup Cost": 19149.37, "Total Cost": 19149.37, "Plan Rows": 1748840, "Plan Width": 21, "Actual Min Startup Time": 95.598, "Actual Max Startup Time": 102.305, "Actual Min Total Time": 95.598, "Actual Max Total Time": 102.305, "Actual Total Rows": 1749032, "Max Hash Buckets": 131072, "Min Hash Buckets": 131072, "Max Hash Batches": 1, "Min Hash Batches": 1, "Max Original Hash Batches": 1, "Min Original Hash Batches": 1, "Max Peak Memory Usage": 5962, "min Peak Memory Usage": 5962, "Plans": [{"Node Type": "Seq Scan", "Parent Relationship": "Outer", "Relation Name": "title", "Alias": "t", "Startup Cost": 0.0, "Total Cost": 19149.37, "Plan Rows": 1748840, "Plan Width": 21, "Actual Min Startup Time": 0.025, "Actual Max Startup Time": 0.035, "Actual Min Total Time": 63.718, "Actual Max Total Time": 66.991, "Actual Total Rows": 1749032, "Filter": "(production_year > 1990), (LLVM Optimized)", "Rows Removed by Filter": 779279}]}]}]}, {"Node Type": "Hash", "Parent Relationship": "Inner", "Startup Cost": 2.12, "Total Cost": 2.12, "Plan Rows": 112, "Plan Width": 4, "Actual Min Startup Time": 0.104, "Actual Max Startup Time": 0.104, "Actual Min Total Time": 0.104, "Actual Max Total Time": 0.104, "Actual Total Rows": 112, "Max Hash Buckets": 32768, "Min Hash Buckets": 32768, "Max Hash Batches": 1, "Min Hash Batches": 1, "Max Original Hash Batches": 1, "Min Original Hash Batches": 1, "Max Peak Memory Usage": 4, "min Peak Memory Usage": 4, "Plans": [{"Node Type": "Index Only Scan", "Parent Relationship": "Outer", "Scan Direction": "Forward", "Index Name": "info_type_pkey", "Relation Name": "info_type", "Alias": "it", "Startup Cost": 0.0, "Total Cost": 2.12, "Plan Rows": 112, "Plan Width": 4, "Actual Min Startup Time": 0.028, "Actual Max Startup Time": 0.028, "Actual Min Total Time": 0.045, "Actual Max Total Time": 0.045, "Actual Total Rows": 112, "Heap Fetches": 0}]}]}]}, "Triggers": [], "Planner Runtime": 24.762, "Total Runtime": 899.027, "Unique SQL Id": 322094867}}, "(16, 41)": {"explain_plan": {"Plan": {"Node Type": "Aggregate", "Strategy": "Plain", "Startup Cost": 509740.23, "Total Cost": 509740.24, "Plan Rows": 1, "Plan Width": 49, "Plans": [{"Node Type": "Hash Join", "Parent Relationship": "Outer", "Join Type": "Inner", "Startup Cost": 11.33, "Total Cost": 508912.61, "Plan Rows": 331050, "Plan Width": 17, "Inner Unique": true, "Hash Cond": "(mi.info_type_id = it.id), (LLVM Optimized)", "Plans": [{"Node Type": "Nested Loop", "Parent Relationship": "Outer", "Join Type": "Inner", "Startup Cost": 0.0, "Total Cost": 504531.42, "Plan Rows": 331050, "Plan Width": 21, "Inner Unique": false, "Plans": [{"Node Type": "Nested Loop", "Parent Relationship": "Outer", "Join Type": "Inner", "Startup Cost": 0.0, "Total Cost": 246013.35, "Plan Rows": 289936, "Plan Width": 25, "Inner Unique": true, "Plans": [{"Node Type": "Nested Loop", "Parent Relationship": "Outer", "Join Type": "Inner", "Startup Cost": 0.0, "Total Cost": 98814.52, "Plan Rows": 209278, "Plan Width": 4, "Inner Unique": false, "Join Filter": "(ct.id = mc.company_type_id), (LLVM Optimized)", "Plans": [{"Node Type": "Index Scan", "Parent Relationship": "Outer", "Scan Direction": "Forward", "Index Name": "company_type_pkey", "Relation Name": "company_type", "Alias": "ct", "Startup Cost": 0.0, "Total Cost": 12.3, "Plan Rows": 1, "Plan Width": 4, "Filter": "((kind)::text = 'production companies'::text)"}, {"Node Type": "Materialize", "Parent Relationship": "Inner", "Startup Cost": 0.0, "Total Cost": 94616.65, "Plan Rows": 418557, "Plan Width": 8, "Plans": [{"Node Type": "Streaming(type: LOCAL GATHER dop: 1/16)", "Parent Relationship": "Outer", "Startup Cost": 0.0, "Total Cost": 93570.26, "Plan Rows": 418557, "Plan Width": 8, "Plans": [{"Node Type": "Index Scan", "Parent Relationship": "Outer", "Scan Direction": "Forward", "Index Name": "company_type_id_movie_companies", "Relation Name": "movie_companies", "Alias": "mc", "Startup Cost": 0.0, "Total Cost": 84536.95, "Plan Rows": 418557, "Plan Width": 8, "Filter": "(((note)::text !~~ '%(TV)%'::text) AND ((note)::text ~~ '%(USA)%'::text)), (LLVM Optimized)"}]}]}]}, {"Node Type": "Index Scan", "Parent Relationship": "Inner", "Scan Direction": "Forward", "Index Name": "title_pkey", "Relation Name": "title", "Alias": "t", "Startup Cost": 0.0, "Total Cost": 0.69, "Plan Rows": 1, "Plan Width": 21, "Index Cond": "(id = mc.movie_id)", "Filter": "(production_year > 1990)"}]}, {"Node Type": "Index Scan", "Parent Relationship": "Inner", "Scan Direction": "Forward", "Index Name": "movie_id_movie_info", "Relation Name": "movie_info", "Alias": "mi", "Startup Cost": 0.0, "Total Cost": 0.88, "Plan Rows": 1, "Plan Width": 8, "Index Cond": "(movie_id = t.id)", "Filter": "((info)::text = ANY ('{Sweden,Norway,Germany,Denmark,Swedish,Denish,Norwegian,German,USA,American}'::text[]))"}]}, {"Node Type": "Hash", "Parent Relationship": "Inner", "Startup Cost": 9.93, "Total Cost": 9.93, "Plan Rows": 112, "Plan Width": 4, "Plans": [{"Node Type": "Index Only Scan", "Parent Relationship": "Outer", "Scan Direction": "Forward", "Index Name": "info_type_pkey", "Relation Name": "info_type", "Alias": "it", "Startup Cost": 0.0, "Total Cost": 9.93, "Plan Rows": 112, "Plan Width": 4}]}]}]}, "Unique SQL Id": 322094867}, "explain_analyze_plan": {"Plan": {"Node Type": "Aggregate", "Strategy": "Plain", "Startup Cost": 509740.23, "Total Cost": 509740.24, "Plan Rows": 1, "Plan Width": 49, "Actual Min Startup Time": 389.243, "Actual Max Startup Time": 389.243, "Actual Min Total Time": 389.244, "Actual Max Total Time": 389.244, "Actual Total Rows": 1, "Plans": [{"Node Type": "Hash Join", "Parent Relationship": "Outer", "Join Type": "Inner", "Startup Cost": 11.33, "Total Cost": 508912.61, "Plan Rows": 331050, "Plan Width": 17, "Actual Min Startup Time": 293.251, "Actual Max Startup Time": 293.251, "Actual Min Total Time": 388.882, "Actual Max Total Time": 388.882, "Actual Total Rows": 669, "Inner Unique": true, "Hash Cond": "(mi.info_type_id = it.id), (LLVM Optimized)", "Plans": [{"Node Type": "Nested Loop", "Parent Relationship": "Outer", "Join Type": "Inner", "Startup Cost": 0.0, "Total Cost": 504531.42, "Plan Rows": 331050, "Plan Width": 21, "Actual Min Startup Time": 293.102, "Actual Max Startup Time": 293.102, "Actual Min Total Time": 388.388, "Actual Max Total Time": 388.388, "Actual Total Rows": 669, "Inner Unique": false, "Plans": [{"Node Type": "Nested Loop", "Parent Relationship": "Outer", "Join Type": "Inner", "Startup Cost": 0.0, "Total Cost": 246013.35, "Plan Rows": 289936, "Plan Width": 25, "Actual Min Startup Time": 293.063, "Actual Max Startup Time": 293.063, "Actual Min Total Time": 370.722, "Actual Max Total Time": 370.722, "Actual Total Rows": 767, "Inner Unique": true, "Plans": [{"Node Type": "Nested Loop", "Parent Relationship": "Outer", "Join Type": "Inner", "Startup Cost": 0.0, "Total Cost": 98814.52, "Plan Rows": 209278, "Plan Width": 4, "Actual Min Startup Time": 293.013, "Actual Max Startup Time": 293.013, "Actual Min Total Time": 365.923, "Actual Max Total Time": 365.923, "Actual Total Rows": 798, "Inner Unique": false, "Join Filter": "(ct.id = mc.company_type_id), (LLVM Optimized)", "Rows Removed by Join Filter": 294830, "Plans": [{"Node Type": "Index Scan", "Parent Relationship": "Outer", "Scan Direction": "Forward", "Index Name": "company_type_pkey", "Relation Name": "company_type", "Alias": "ct", "Startup Cost": 0.0, "Total Cost": 12.3, "Plan Rows": 1, "Plan Width": 4, "Actual Min Startup Time": 0.04, "Actual Max Startup Time": 0.04, "Actual Min Total Time": 0.046, "Actual Max Total Time": 0.046, "Actual Total Rows": 1, "Filter": "((kind)::text = 'production companies'::text)", "Rows Removed by Filter": 2}, {"Node Type": "Materialize", "Parent Relationship": "Inner", "Startup Cost": 0.0, "Total Cost": 94616.65, "Plan Rows": 418557, "Plan Width": 8, "Actual Min Startup Time": 264.489, "Actual Max Startup Time": 264.489, "Actual Min Total Time": 301.158, "Actual Max Total Time": 301.158, "Actual Total Rows": 295629, "Plans": [{"Node Type": "Streaming(type: LOCAL GATHER dop: 1/16)", "Parent Relationship": "Outer", "Startup Cost": 0.0, "Total Cost": 93570.26, "Plan Rows": 418557, "Plan Width": 8, "Actual Min Startup Time": 66.369, "Actual Max Startup Time": 66.369, "Actual Min Total Time": 221.63, "Actual Max Total Time": 221.63, "Actual Total Rows": 295628, "Plans": [{"Node Type": "Index Scan", "Parent Relationship": "Outer", "Scan Direction": "Forward", "Index Name": "company_type_id_movie_companies", "Relation Name": "movie_companies", "Alias": "mc", "Startup Cost": 0.0, "Total Cost": 84536.95, "Plan Rows": 418557, "Plan Width": 8, "Actual Min Startup Time": 12.674, "Actual Max Startup Time": 36.007, "Actual Min Total Time": 88.506, "Actual Max Total Time": 172.7, "Actual Total Rows": 295628, "Filter": "(((note)::text !~~ '%(TV)%'::text) AND ((note)::text ~~ '%(USA)%'::text)), (LLVM Optimized)", "Rows Removed by Filter": 2313500}]}]}]}, {"Node Type": "Index Scan", "Parent Relationship": "Inner", "Scan Direction": "Forward", "Index Name": "title_pkey", "Relation Name": "title", "Alias": "t", "Startup Cost": 0.0, "Total Cost": 0.69, "Plan Rows": 1, "Plan Width": 21, "Actual Min Startup Time": 4.153, "Actual Max Startup Time": 4.153, "Actual Min Total Time": 4.153, "Actual Max Total Time": 4.153, "Actual Total Rows": 767, "Index Cond": "(id = mc.movie_id)", "Rows Removed by Index Recheck": 0, "Filter": "(production_year > 1990)", "Rows Removed by Filter": 31}]}, {"Node Type": "Index Scan", "Parent Relationship": "Inner", "Scan Direction": "Forward", "Index Name": "movie_id_movie_info", "Relation Name": "movie_info", "Alias": "mi", "Startup Cost": 0.0, "Total Cost": 0.88, "Plan Rows": 1, "Plan Width": 8, "Actual Min Startup Time": 14.935, "Actual Max Startup Time": 14.935, "Actual Min Total Time": 17.099, "Actual Max Total Time": 17.099, "Actual Total Rows": 669, "Index Cond": "(movie_id = t.id)", "Rows Removed by Index Recheck": 0, "Filter": "((info)::text = ANY ('{Sweden,Norway,Germany,Denmark,Swedish,Denish,Norwegian,German,USA,American}'::text[]))", "Rows Removed by Filter": 7721}]}, {"Node Type": "Hash", "Parent Relationship": "Inner", "Startup Cost": 9.93, "Total Cost": 9.93, "Plan Rows": 112, "Plan Width": 4, "Actual Min Startup Time": 0.073, "Actual Max Startup Time": 0.073, "Actual Min Total Time": 0.073, "Actual Max Total Time": 0.073, "Actual Total Rows": 112, "Max Hash Buckets": 32768, "Min Hash Buckets": 32768, "Max Hash Batches": 1, "Min Hash Batches": 1, "Max Original Hash Batches": 1, "Min Original Hash Batches": 1, "Max Peak Memory Usage": 4, "min Peak Memory Usage": 4, "Plans": [{"Node Type": "Index Only Scan", "Parent Relationship": "Outer", "Scan Direction": "Forward", "Index Name": "info_type_pkey", "Relation Name": "info_type", "Alias": "it", "Startup Cost": 0.0, "Total Cost": 9.93, "Plan Rows": 112, "Plan Width": 4, "Actual Min Startup Time": 0.013, "Actual Max Startup Time": 0.013, "Actual Min Total Time": 0.033, "Actual Max Total Time": 0.033, "Actual Total Rows": 112, "Heap Fetches": 0}]}]}]}, "Triggers": [], "Planner Runtime": 11.47, "Total Runtime": 401.76, "Unique SQL Id": 322094867}}, "(16, 42)": {"explain_plan": {"Plan": {"Node Type": "Aggregate", "Strategy": "Plain", "Startup Cost": 173651.71, "Total Cost": 173651.72, "Plan Rows": 1, "Plan Width": 49, "Plans": [{"Node Type": "Hash Join", "Parent Relationship": "Outer", "Join Type": "Inner", "Startup Cost": 55861.04, "Total Cost": 172824.08, "Plan Rows": 331050, "Plan Width": 17, "Inner Unique": true, "Hash Cond": "(mi.info_type_id = it.id), (LLVM Optimized)", "Plans": [{"Node Type": "Streaming(type: LOCAL GATHER dop: 1/16)", "Parent Relationship": "Outer", "Startup Cost": 55857.52, "Total Cost": 168268.62, "Plan Rows": 331050, "Plan Width": 21, "Plans": [{"Node Type": "Hash Join", "Parent Relationship": "Outer", "Join Type": "Inner", "Startup Cost": 55857.52, "Total Cost": 161123.89, "Plan Rows": 331050, "Plan Width": 21, "Inner Unique": true, "Hash Cond": "(mi.movie_id = t.id), (LLVM Optimized)", "Plans": [{"Node Type": "Streaming(type: BROADCAST dop: 16/16)", "Parent Relationship": "Outer", "Startup Cost": 35341.87, "Total Cost": 139505.25, "Plan Rows": 3823280, "Plan Width": 12, "Plans": [{"Node Type": "Nested Loop", "Parent Relationship": "Outer", "Join Type": "Inner", "Startup Cost": 35341.87, "Total Cost": 114797.7, "Plan Rows": 238955, "Plan Width": 12, "Inner Unique": false, "Join Filter": "(mc.company_type_id = ct.id), (LLVM Optimized)", "Plans": [{"Node Type": "Streaming(type: BROADCAST dop: 16/1)", "Parent Relationship": "Outer", "Startup Cost": 0.0, "Total Cost": 15001.38, "Plan Rows": 16, "Plan Width": 4, "Plans": [{"Node Type": "Seq Scan", "Parent Relationship": "Outer", "Relation Name": "company_type", "Alias": "ct", "Startup Cost": 0.0, "Total Cost": 1.04, "Plan Rows": 1, "Plan Width": 4, "Filter": "((kind)::text = 'production companies'::text)"}]}, {"Node Type": "Materialize", "Parent Relationship": "Inner", "Startup Cost": 35341.87, "Total Cost": 100617.73, "Plan Rows": 477912, "Plan Width": 16, "Plans": [{"Node Type": "Hash Join", "Parent Relationship": "Outer", "Join Type": "Inner", "Startup Cost": 35341.87, "Total Cost": 99422.95, "Plan Rows": 477912, "Plan Width": 16, "Inner Unique": false, "Hash Cond": "(mi.movie_id = mc.movie_id), (LLVM Optimized)", "Plans": [{"Node Type": "Streaming(type: LOCAL REDISTRIBUTE dop: 16/16)", "Parent Relationship": "Outer", "Startup Cost": 0.0, "Total Cost": 62931.17, "Plan Rows": 726375, "Plan Width": 8, "Plans": [{"Node Type": "Seq Scan", "Parent Relationship": "Outer", "Relation Name": "movie_info", "Alias": "mi", "Startup Cost": 0.0, "Total Cost": 45178.89, "Plan Rows": 726375, "Plan Width": 8, "Filter": "((info)::text = ANY ('{Sweden,Norway,Germany,Denmark,Swedish,Denish,Norwegian,German,USA,American}'::text[]))"}]}, {"Node Type": "Hash", "Parent Relationship": "Inner", "Startup Cost": 35014.87, "Total Cost": 35014.87, "Plan Rows": 418557, "Plan Width": 8, "Plans": [{"Node Type": "Streaming(type: LOCAL REDISTRIBUTE dop: 16/16)", "Parent Relationship": "Outer", "Startup Cost": 0.0, "Total Cost": 35014.87, "Plan Rows": 418557, "Plan Width": 8, "Plans": [{"Node Type": "Seq Scan", "Parent Relationship": "Outer", "Relation Name": "movie_companies", "Alias": "mc", "Startup Cost": 0.0, "Total Cost": 18428.93, "Plan Rows": 418557, "Plan Width": 8, "Filter": "(((note)::text !~~ '%(TV)%'::text) AND ((note)::text ~~ '%(USA)%'::text)), (LLVM Optimized)"}]}]}]}]}]}]}, {"Node Type": "Hash", "Parent Relationship": "Inner", "Startup Cost": 19149.37, "Total Cost": 19149.37, "Plan Rows": 1748840, "Plan Width": 21, "Plans": [{"Node Type": "Seq Scan", "Parent Relationship": "Outer", "Relation Name": "title", "Alias": "t", "Startup Cost": 0.0, "Total Cost": 19149.37, "Plan Rows": 1748840, "Plan Width": 21, "Filter": "(production_year > 1990), (LLVM Optimized)"}]}]}]}, {"Node Type": "Hash", "Parent Relationship": "Inner", "Startup Cost": 2.12, "Total Cost": 2.12, "Plan Rows": 112, "Plan Width": 4, "Plans": [{"Node Type": "Seq Scan", "Parent Relationship": "Outer", "Relation Name": "info_type", "Alias": "it", "Startup Cost": 0.0, "Total Cost": 2.12, "Plan Rows": 112, "Plan Width": 4}]}]}]}, "Unique SQL Id": 322094867}, "explain_analyze_plan": {"Plan": {"Node Type": "Aggregate", "Strategy": "Plain", "Startup Cost": 173651.71, "Total Cost": 173651.72, "Plan Rows": 1, "Plan Width": 49, "Actual Min Startup Time": 857.467, "Actual Max Startup Time": 857.467, "Actual Min Total Time": 857.467, "Actual Max Total Time": 857.467, "Actual Total Rows": 1, "Plans": [{"Node Type": "Hash Join", "Parent Relationship": "Outer", "Join Type": "Inner", "Startup Cost": 55861.04, "Total Cost": 172824.08, "Plan Rows": 331050, "Plan Width": 17, "Actual Min Startup Time": 856.698, "Actual Max Startup Time": 856.698, "Actual Min Total Time": 857.261, "Actual Max Total Time": 857.261, "Actual Total Rows": 669, "Inner Unique": true, "Hash Cond": "(mi.info_type_id = it.id), (LLVM Optimized, Jit Execute)", "Plans": [{"Node Type": "Streaming(type: LOCAL GATHER dop: 1/16)", "Parent Relationship": "Outer", "Startup Cost": 55857.52, "Total Cost": 168268.62, "Plan Rows": 331050, "Plan Width": 21, "Actual Min Startup Time": 856.508, "Actual Max Startup Time": 856.508, "Actual Min Total Time": 856.84, "Actual Max Total Time": 856.84, "Actual Total Rows": 669, "Plans": [{"Node Type": "Hash Join", "Parent Relationship": "Outer", "Join Type": "Inner", "Startup Cost": 55857.52, "Total Cost": 161123.89, "Plan Rows": 331050, "Plan Width": 21, "Actual Min Startup Time": 672.46, "Actual Max Startup Time": 727.717, "Actual Min Total Time": 673.159, "Actual Max Total Time": 728.574, "Actual Total Rows": 669, "Inner Unique": true, "Hash Cond": "(mi.movie_id = t.id), (LLVM Optimized, Jit Execute)", "Plans": [{"Node Type": "Streaming(type: BROADCAST dop: 16/16)", "Parent Relationship": "Outer", "Startup Cost": 35341.87, "Total Cost": 139505.25, "Plan Rows": 3823280, "Plan Width": 12, "Actual Min Startup Time": 569.0, "Actual Max Startup Time": 626.908, "Actual Min Total Time": 569.646, "Actual Max Total Time": 627.507, "Actual Total Rows": 11056, "Plans": [{"Node Type": "Nested Loop", "Parent Relationship": "Outer", "Join Type": "Inner", "Startup Cost": 35341.87, "Total Cost": 114797.7, "Plan Rows": 238955, "Plan Width": 12, "Actual Min Startup Time": 666.518, "Actual Max Startup Time": 710.842, "Actual Min Total Time": 672.869, "Actual Max Total Time": 715.244, "Actual Total Rows": 691, "Inner Unique": false, "Join Filter": "(mc.company_type_id = ct.id), (LLVM Optimized, Jit Execute)", "Rows Removed by Join Filter": 294235, "Plans": [{"Node Type": "Streaming(type: BROADCAST dop: 16/1)", "Parent Relationship": "Outer", "Startup Cost": 0.0, "Total Cost": 15001.38, "Plan Rows": 16, "Plan Width": 4, "Actual Min Startup Time": 0.003, "Actual Max Startup Time": 0.005, "Actual Min Total Time": 0.004, "Actual Max Total Time": 0.007, "Actual Total Rows": 16, "Plans": [{"Node Type": "Seq Scan", "Parent Relationship": "Outer", "Relation Name": "company_type", "Alias": "ct", "Startup Cost": 0.0, "Total Cost": 1.04, "Plan Rows": 1, "Plan Width": 4, "Actual Min Startup Time": 0.048, "Actual Max Startup Time": 0.048, "Actual Min Total Time": 0.053, "Actual Max Total Time": 0.053, "Actual Total Rows": 1, "Filter": "((kind)::text = 'production companies'::text)", "Rows Removed by Filter": 2}]}, {"Node Type": "Materialize", "Parent Relationship": "Inner", "Startup Cost": 35341.87, "Total Cost": 100617.73, "Plan Rows": 477912, "Plan Width": 16, "Actual Min Startup Time": 666.288, "Actual Max Startup Time": 710.353, "Actual Min Total Time": 668.757, "Actual Max Total Time": 712.154, "Actual Total Rows": 294942, "Plans": [{"Node Type": "Hash Join", "Parent Relationship": "Outer", "Join Type": "Inner", "Startup Cost": 35341.87, "Total Cost": 99422.95, "Plan Rows": 477912, "Plan Width": 16, "Actual Min Startup Time": 90.453, "Actual Max Startup Time": 134.62, "Actual Min Total Time": 662.302, "Actual Max Total Time": 706.324, "Actual Total Rows": 294926, "Inner Unique": false, "Hash Cond": "(mi.movie_id = mc.movie_id), (LLVM Optimized, Jit Execute)", "Plans": [{"Node Type": "Streaming(type: LOCAL REDISTRIBUTE dop: 16/16)", "Parent Relationship": "Outer", "Startup Cost": 0.0, "Total Cost": 62931.17, "Plan Rows": 726375, "Plan Width": 8, "Actual Min Startup Time": 0.063, "Actual Max Startup Time": 0.5, "Actual Min Total Time": 556.564, "Actual Max Total Time": 557.588, "Actual Total Rows": 706674, "Plans": [{"Node Type": "Seq Scan", "Parent Relationship": "Outer", "Relation Name": "movie_info", "Alias": "mi", "Startup Cost": 0.0, "Total Cost": 45178.89, "Plan Rows": 726375, "Plan Width": 8, "Actual Min Startup Time": 0.043, "Actual Max Startup Time": 3.351, "Actual Min Total Time": 507.151, "Actual Max Total Time": 540.185, "Actual Total Rows": 706674, "Filter": "((info)::text = ANY ('{Sweden,Norway,Germany,Denmark,Swedish,Denish,Norwegian,German,USA,American}'::text[]))", "Rows Removed by Filter": 14129045}]}, {"Node Type": "Hash", "Parent Relationship": "Inner", "Startup Cost": 35014.87, "Total Cost": 35014.87, "Plan Rows": 418557, "Plan Width": 8, "Actual Min Startup Time": 90.095, "Actual Max Startup Time": 134.125, "Actual Min Total Time": 90.095, "Actual Max Total Time": 134.125, "Actual Total Rows": 295628, "Max Hash Buckets": 32768, "Min Hash Buckets": 32768, "Max Hash Batches": 1, "Min Hash Batches": 1, "Max Original Hash Batches": 1, "Min Original Hash Batches": 1, "Max Peak Memory Usage": 722, "min Peak Memory Usage": 722, "Plans": [{"Node Type": "Streaming(type: LOCAL REDISTRIBUTE dop: 16/16)", "Parent Relationship": "Outer", "Startup Cost": 0.0, "Total Cost": 35014.87, "Plan Rows": 418557, "Plan Width": 8, "Actual Min Startup Time": 0.049, "Actual Max Startup Time": 33.207, "Actual Min Total Time": 85.516, "Actual Max Total Time": 129.41, "Actual Total Rows": 295628, "Plans": [{"Node Type": "Seq Scan", "Parent Relationship": "Outer", "Relation Name": "movie_companies", "Alias": "mc", "Startup Cost": 0.0, "Total Cost": 18428.93, "Plan Rows": 418557, "Plan Width": 8, "Actual Min Startup Time": 0.04, "Actual Max Startup Time": 0.31, "Actual Min Total Time": 70.806, "Actual Max Total Time": 78.798, "Actual Total Rows": 295628, "Filter": "(((note)::text !~~ '%(TV)%'::text) AND ((note)::text ~~ '%(USA)%'::text)), (LLVM Optimized, Jit Execute)", "Rows Removed by Filter": 2313500}]}]}]}]}]}]}, {"Node Type": "Hash", "Parent Relationship": "Inner", "Startup Cost": 19149.37, "Total Cost": 19149.37, "Plan Rows": 1748840, "Plan Width": 21, "Actual Min Startup Time": 96.642, "Actual Max Startup Time": 105.087, "Actual Min Total Time": 96.642, "Actual Max Total Time": 105.087, "Actual Total Rows": 1749032, "Max Hash Buckets": 131072, "Min Hash Buckets": 131072, "Max Hash Batches": 1, "Min Hash Batches": 1, "Max Original Hash Batches": 1, "Min Original Hash Batches": 1, "Max Peak Memory Usage": 5962, "min Peak Memory Usage": 5962, "Plans": [{"Node Type": "Seq Scan", "Parent Relationship": "Outer", "Relation Name": "title", "Alias": "t", "Startup Cost": 0.0, "Total Cost": 19149.37, "Plan Rows": 1748840, "Plan Width": 21, "Actual Min Startup Time": 0.022, "Actual Max Startup Time": 0.034, "Actual Min Total Time": 63.648, "Actual Max Total Time": 70.486, "Actual Total Rows": 1749032, "Filter": "(production_year > 1990), (LLVM Optimized, Jit Execute)", "Rows Removed by Filter": 779279}]}]}]}, {"Node Type": "Hash", "Parent Relationship": "Inner", "Startup Cost": 2.12, "Total Cost": 2.12, "Plan Rows": 112, "Plan Width": 4, "Actual Min Startup Time": 0.123, "Actual Max Startup Time": 0.123, "Actual Min Total Time": 0.123, "Actual Max Total Time": 0.123, "Actual Total Rows": 112, "Max Hash Buckets": 32768, "Min Hash Buckets": 32768, "Max Hash Batches": 1, "Min Hash Batches": 1, "Max Original Hash Batches": 1, "Min Original Hash Batches": 1, "Max Peak Memory Usage": 4, "min Peak Memory Usage": 4, "Plans": [{"Node Type": "Seq Scan", "Parent Relationship": "Outer", "Relation Name": "info_type", "Alias": "it", "Startup Cost": 0.0, "Total Cost": 2.12, "Plan Rows": 112, "Plan Width": 4, "Actual Min Startup Time": 0.052, "Actual Max Startup Time": 0.052, "Actual Min Total Time": 0.069, "Actual Max Total Time": 0.069, "Actual Total Rows": 112}]}]}]}, "Triggers": [], "Planner Runtime": 25.775, "Total Runtime": 880.179, "Unique SQL Id": 322094867}}, "(16, 43)": {"explain_plan": {"Plan": {"Node Type": "Aggregate", "Strategy": "Plain", "Startup Cost": 5008697310776.9, "Total Cost": 5008697310776.91, "Plan Rows": 1, "Plan Width": 49, "Plans": [{"Node Type": "Nested Loop", "Parent Relationship": "Outer", "Join Type": "Inner", "Startup Cost": 50000000000.0, "Total Cost": 5008697309949.27, "Plan Rows": 331050, "Plan Width": 17, "Inner Unique": false, "Join Filter": "(mi.movie_id = t.id), (LLVM Optimized)", "Plans": [{"Node Type": "Index Scan", "Parent Relationship": "Outer", "Scan Direction": "Forward", "Index Name": "title_pkey", "Relation Name": "title", "Alias": "t", "Startup Cost": 10000000000.0, "Total Cost": 1000011644126.66, "Plan Rows": 1748840, "Plan Width": 21, "Filter": "(production_year > 1990), (LLVM Optimized)"}, {"Node Type": "Materialize", "Parent Relationship": "Inner", "Startup Cost": 40000000000.0, "Total Cost": 4002417255487.0, "Plan Rows": 238955, "Plan Width": 8, "Plans": [{"Node Type": "Nested Loop", "Parent Relationship": "Outer", "Join Type": "Inner", "Startup Cost": 40000000000.0, "Total Cost": 4002417254292.22, "Plan Rows": 238955, "Plan Width": 8, "Inner Unique": true, "Join Filter": "(mi.info_type_id = it.id), (LLVM Optimized)", "Plans": [{"Node Type": "Nested Loop", "Parent Relationship": "Outer", "Join Type": "Inner", "Startup Cost": 30000000000.0, "Total Cost": 3002416851854.54, "Plan Rows": 238955, "Plan Width": 12, "Inner Unique": false, "Join Filter": "(mc.movie_id = mi.movie_id), (LLVM Optimized)", "Plans": [{"Node Type": "Nested Loop", "Parent Relationship": "Outer", "Join Type": "Inner", "Startup Cost": 20000000000.0, "Total Cost": 2000014364018.74, "Plan Rows": 209278, "Plan Width": 4, "Inner Unique": true, "Join Filter": "(ct.id = mc.company_type_id), (LLVM Optimized)", "Plans": [{"Node Type": "Index Scan", "Parent Relationship": "Outer", "Scan Direction": "Forward", "Index Name": "movie_id_movie_companies", "Relation Name": "movie_companies", "Alias": "mc", "Startup Cost": 10000000000.0, "Total Cost": 1000014356510.13, "Plan Rows": 418557, "Plan Width": 8, "Filter": "(((note)::text !~~ '%(TV)%'::text) AND ((note)::text ~~ '%(USA)%'::text)), (LLVM Optimized)"}, {"Node Type": "Materialize", "Parent Relationship": "Inner", "Startup Cost": 10000000000.0, "Total Cost": 1000000001230.26, "Plan Rows": 1, "Plan Width": 4, "Plans": [{"Node Type": "Index Scan", "Parent Relationship": "Outer", "Scan Direction": "Forward", "Index Name": "company_type_pkey", "Relation Name": "company_type", "Alias": "ct", "Startup Cost": 10000000000.0, "Total Cost": 1000000001230.25, "Plan Rows": 1, "Plan Width": 4, "Filter": "((kind)::text = 'production companies'::text)"}]}]}, {"Node Type": "Materialize", "Parent Relationship": "Inner", "Startup Cost": 10000000000.0, "Total Cost": 1000122275042.99, "Plan Rows": 726375, "Plan Width": 8, "Plans": [{"Node Type": "Index Scan", "Parent Relationship": "Outer", "Scan Direction": "Forward", "Index Name": "info_type_id_movie_info", "Relation Name": "movie_info", "Alias": "mi", "Startup Cost": 10000000000.0, "Total Cost": 1000122271411.12, "Plan Rows": 726375, "Plan Width": 8, "Filter": "((info)::text = ANY ('{Sweden,Norway,Germany,Denmark,Swedish,Denish,Norwegian,German,USA,American}'::text[]))"}]}]}, {"Node Type": "Materialize", "Parent Relationship": "Inner", "Startup Cost": 10000000000.0, "Total Cost": 1000000000993.56, "Plan Rows": 112, "Plan Width": 4, "Plans": [{"Node Type": "Index Only Scan", "Parent Relationship": "Outer", "Scan Direction": "Forward", "Index Name": "info_type_pkey", "Relation Name": "info_type", "Alias": "it", "Startup Cost": 10000000000.0, "Total Cost": 1000000000993.0, "Plan Rows": 112, "Plan Width": 4}]}]}]}]}]}, "Unique SQL Id": 322094867}, "explain_analyze_plan": null}, "(16, 44)": {"explain_plan": {"Plan": {"Node Type": "Aggregate", "Strategy": "Plain", "Startup Cost": 173651.71, "Total Cost": 173651.72, "Plan Rows": 1, "Plan Width": 49, "Plans": [{"Node Type": "Hash Join", "Parent Relationship": "Outer", "Join Type": "Inner", "Startup Cost": 55861.04, "Total Cost": 172824.08, "Plan Rows": 331050, "Plan Width": 17, "Inner Unique": true, "Hash Cond": "(mi.info_type_id = it.id), (LLVM Optimized)", "Plans": [{"Node Type": "Streaming(type: LOCAL GATHER dop: 1/16)", "Parent Relationship": "Outer", "Startup Cost": 55857.52, "Total Cost": 168268.62, "Plan Rows": 331050, "Plan Width": 21, "Plans": [{"Node Type": "Hash Join", "Parent Relationship": "Outer", "Join Type": "Inner", "Startup Cost": 55857.52, "Total Cost": 161123.89, "Plan Rows": 331050, "Plan Width": 21, "Inner Unique": true, "Hash Cond": "(mi.movie_id = t.id), (LLVM Optimized)", "Plans": [{"Node Type": "Streaming(type: BROADCAST dop: 16/16)", "Parent Relationship": "Outer", "Startup Cost": 35341.87, "Total Cost": 139505.25, "Plan Rows": 3823280, "Plan Width": 12, "Plans": [{"Node Type": "Nested Loop", "Parent Relationship": "Outer", "Join Type": "Inner", "Startup Cost": 35341.87, "Total Cost": 114797.7, "Plan Rows": 238955, "Plan Width": 12, "Inner Unique": false, "Join Filter": "(mc.company_type_id = ct.id), (LLVM Optimized)", "Plans": [{"Node Type": "Streaming(type: BROADCAST dop: 16/1)", "Parent Relationship": "Outer", "Startup Cost": 0.0, "Total Cost": 15001.38, "Plan Rows": 16, "Plan Width": 4, "Plans": [{"Node Type": "Seq Scan", "Parent Relationship": "Outer", "Relation Name": "company_type", "Alias": "ct", "Startup Cost": 0.0, "Total Cost": 1.04, "Plan Rows": 1, "Plan Width": 4, "Filter": "((kind)::text = 'production companies'::text)"}]}, {"Node Type": "Materialize", "Parent Relationship": "Inner", "Startup Cost": 35341.87, "Total Cost": 100617.73, "Plan Rows": 477912, "Plan Width": 16, "Plans": [{"Node Type": "Hash Join", "Parent Relationship": "Outer", "Join Type": "Inner", "Startup Cost": 35341.87, "Total Cost": 99422.95, "Plan Rows": 477912, "Plan Width": 16, "Inner Unique": false, "Hash Cond": "(mi.movie_id = mc.movie_id), (LLVM Optimized)", "Plans": [{"Node Type": "Streaming(type: LOCAL REDISTRIBUTE dop: 16/16)", "Parent Relationship": "Outer", "Startup Cost": 0.0, "Total Cost": 62931.17, "Plan Rows": 726375, "Plan Width": 8, "Plans": [{"Node Type": "Seq Scan", "Parent Relationship": "Outer", "Relation Name": "movie_info", "Alias": "mi", "Startup Cost": 0.0, "Total Cost": 45178.89, "Plan Rows": 726375, "Plan Width": 8, "Filter": "((info)::text = ANY ('{Sweden,Norway,Germany,Denmark,Swedish,Denish,Norwegian,German,USA,American}'::text[]))"}]}, {"Node Type": "Hash", "Parent Relationship": "Inner", "Startup Cost": 35014.87, "Total Cost": 35014.87, "Plan Rows": 418557, "Plan Width": 8, "Plans": [{"Node Type": "Streaming(type: LOCAL REDISTRIBUTE dop: 16/16)", "Parent Relationship": "Outer", "Startup Cost": 0.0, "Total Cost": 35014.87, "Plan Rows": 418557, "Plan Width": 8, "Plans": [{"Node Type": "Seq Scan", "Parent Relationship": "Outer", "Relation Name": "movie_companies", "Alias": "mc", "Startup Cost": 0.0, "Total Cost": 18428.93, "Plan Rows": 418557, "Plan Width": 8, "Filter": "(((note)::text !~~ '%(TV)%'::text) AND ((note)::text ~~ '%(USA)%'::text)), (LLVM Optimized)"}]}]}]}]}]}]}, {"Node Type": "Hash", "Parent Relationship": "Inner", "Startup Cost": 19149.37, "Total Cost": 19149.37, "Plan Rows": 1748840, "Plan Width": 21, "Plans": [{"Node Type": "Seq Scan", "Parent Relationship": "Outer", "Relation Name": "title", "Alias": "t", "Startup Cost": 0.0, "Total Cost": 19149.37, "Plan Rows": 1748840, "Plan Width": 21, "Filter": "(production_year > 1990), (LLVM Optimized)"}]}]}]}, {"Node Type": "Hash", "Parent Relationship": "Inner", "Startup Cost": 2.12, "Total Cost": 2.12, "Plan Rows": 112, "Plan Width": 4, "Plans": [{"Node Type": "Seq Scan", "Parent Relationship": "Outer", "Relation Name": "info_type", "Alias": "it", "Startup Cost": 0.0, "Total Cost": 2.12, "Plan Rows": 112, "Plan Width": 4}]}]}]}, "Unique SQL Id": 322094867}, "explain_analyze_plan": {"Plan": {"Node Type": "Aggregate", "Strategy": "Plain", "Startup Cost": 173651.71, "Total Cost": 173651.72, "Plan Rows": 1, "Plan Width": 49, "Actual Min Startup Time": 857.467, "Actual Max Startup Time": 857.467, "Actual Min Total Time": 857.467, "Actual Max Total Time": 857.467, "Actual Total Rows": 1, "Plans": [{"Node Type": "Hash Join", "Parent Relationship": "Outer", "Join Type": "Inner", "Startup Cost": 55861.04, "Total Cost": 172824.08, "Plan Rows": 331050, "Plan Width": 17, "Actual Min Startup Time": 856.698, "Actual Max Startup Time": 856.698, "Actual Min Total Time": 857.261, "Actual Max Total Time": 857.261, "Actual Total Rows": 669, "Inner Unique": true, "Hash Cond": "(mi.info_type_id = it.id), (LLVM Optimized, Jit Execute)", "Plans": [{"Node Type": "Streaming(type: LOCAL GATHER dop: 1/16)", "Parent Relationship": "Outer", "Startup Cost": 55857.52, "Total Cost": 168268.62, "Plan Rows": 331050, "Plan Width": 21, "Actual Min Startup Time": 856.508, "Actual Max Startup Time": 856.508, "Actual Min Total Time": 856.84, "Actual Max Total Time": 856.84, "Actual Total Rows": 669, "Plans": [{"Node Type": "Hash Join", "Parent Relationship": "Outer", "Join Type": "Inner", "Startup Cost": 55857.52, "Total Cost": 161123.89, "Plan Rows": 331050, "Plan Width": 21, "Actual Min Startup Time": 672.46, "Actual Max Startup Time": 727.717, "Actual Min Total Time": 673.159, "Actual Max Total Time": 728.574, "Actual Total Rows": 669, "Inner Unique": true, "Hash Cond": "(mi.movie_id = t.id), (LLVM Optimized, Jit Execute)", "Plans": [{"Node Type": "Streaming(type: BROADCAST dop: 16/16)", "Parent Relationship": "Outer", "Startup Cost": 35341.87, "Total Cost": 139505.25, "Plan Rows": 3823280, "Plan Width": 12, "Actual Min Startup Time": 569.0, "Actual Max Startup Time": 626.908, "Actual Min Total Time": 569.646, "Actual Max Total Time": 627.507, "Actual Total Rows": 11056, "Plans": [{"Node Type": "Nested Loop", "Parent Relationship": "Outer", "Join Type": "Inner", "Startup Cost": 35341.87, "Total Cost": 114797.7, "Plan Rows": 238955, "Plan Width": 12, "Actual Min Startup Time": 666.518, "Actual Max Startup Time": 710.842, "Actual Min Total Time": 672.869, "Actual Max Total Time": 715.244, "Actual Total Rows": 691, "Inner Unique": false, "Join Filter": "(mc.company_type_id = ct.id), (LLVM Optimized, Jit Execute)", "Rows Removed by Join Filter": 294235, "Plans": [{"Node Type": "Streaming(type: BROADCAST dop: 16/1)", "Parent Relationship": "Outer", "Startup Cost": 0.0, "Total Cost": 15001.38, "Plan Rows": 16, "Plan Width": 4, "Actual Min Startup Time": 0.003, "Actual Max Startup Time": 0.005, "Actual Min Total Time": 0.004, "Actual Max Total Time": 0.007, "Actual Total Rows": 16, "Plans": [{"Node Type": "Seq Scan", "Parent Relationship": "Outer", "Relation Name": "company_type", "Alias": "ct", "Startup Cost": 0.0, "Total Cost": 1.04, "Plan Rows": 1, "Plan Width": 4, "Actual Min Startup Time": 0.048, "Actual Max Startup Time": 0.048, "Actual Min Total Time": 0.053, "Actual Max Total Time": 0.053, "Actual Total Rows": 1, "Filter": "((kind)::text = 'production companies'::text)", "Rows Removed by Filter": 2}]}, {"Node Type": "Materialize", "Parent Relationship": "Inner", "Startup Cost": 35341.87, "Total Cost": 100617.73, "Plan Rows": 477912, "Plan Width": 16, "Actual Min Startup Time": 666.288, "Actual Max Startup Time": 710.353, "Actual Min Total Time": 668.757, "Actual Max Total Time": 712.154, "Actual Total Rows": 294942, "Plans": [{"Node Type": "Hash Join", "Parent Relationship": "Outer", "Join Type": "Inner", "Startup Cost": 35341.87, "Total Cost": 99422.95, "Plan Rows": 477912, "Plan Width": 16, "Actual Min Startup Time": 90.453, "Actual Max Startup Time": 134.62, "Actual Min Total Time": 662.302, "Actual Max Total Time": 706.324, "Actual Total Rows": 294926, "Inner Unique": false, "Hash Cond": "(mi.movie_id = mc.movie_id), (LLVM Optimized, Jit Execute)", "Plans": [{"Node Type": "Streaming(type: LOCAL REDISTRIBUTE dop: 16/16)", "Parent Relationship": "Outer", "Startup Cost": 0.0, "Total Cost": 62931.17, "Plan Rows": 726375, "Plan Width": 8, "Actual Min Startup Time": 0.063, "Actual Max Startup Time": 0.5, "Actual Min Total Time": 556.564, "Actual Max Total Time": 557.588, "Actual Total Rows": 706674, "Plans": [{"Node Type": "Seq Scan", "Parent Relationship": "Outer", "Relation Name": "movie_info", "Alias": "mi", "Startup Cost": 0.0, "Total Cost": 45178.89, "Plan Rows": 726375, "Plan Width": 8, "Actual Min Startup Time": 0.043, "Actual Max Startup Time": 3.351, "Actual Min Total Time": 507.151, "Actual Max Total Time": 540.185, "Actual Total Rows": 706674, "Filter": "((info)::text = ANY ('{Sweden,Norway,Germany,Denmark,Swedish,Denish,Norwegian,German,USA,American}'::text[]))", "Rows Removed by Filter": 14129045}]}, {"Node Type": "Hash", "Parent Relationship": "Inner", "Startup Cost": 35014.87, "Total Cost": 35014.87, "Plan Rows": 418557, "Plan Width": 8, "Actual Min Startup Time": 90.095, "Actual Max Startup Time": 134.125, "Actual Min Total Time": 90.095, "Actual Max Total Time": 134.125, "Actual Total Rows": 295628, "Max Hash Buckets": 32768, "Min Hash Buckets": 32768, "Max Hash Batches": 1, "Min Hash Batches": 1, "Max Original Hash Batches": 1, "Min Original Hash Batches": 1, "Max Peak Memory Usage": 722, "min Peak Memory Usage": 722, "Plans": [{"Node Type": "Streaming(type: LOCAL REDISTRIBUTE dop: 16/16)", "Parent Relationship": "Outer", "Startup Cost": 0.0, "Total Cost": 35014.87, "Plan Rows": 418557, "Plan Width": 8, "Actual Min Startup Time": 0.049, "Actual Max Startup Time": 33.207, "Actual Min Total Time": 85.516, "Actual Max Total Time": 129.41, "Actual Total Rows": 295628, "Plans": [{"Node Type": "Seq Scan", "Parent Relationship": "Outer", "Relation Name": "movie_companies", "Alias": "mc", "Startup Cost": 0.0, "Total Cost": 18428.93, "Plan Rows": 418557, "Plan Width": 8, "Actual Min Startup Time": 0.04, "Actual Max Startup Time": 0.31, "Actual Min Total Time": 70.806, "Actual Max Total Time": 78.798, "Actual Total Rows": 295628, "Filter": "(((note)::text !~~ '%(TV)%'::text) AND ((note)::text ~~ '%(USA)%'::text)), (LLVM Optimized, Jit Execute)", "Rows Removed by Filter": 2313500}]}]}]}]}]}]}, {"Node Type": "Hash", "Parent Relationship": "Inner", "Startup Cost": 19149.37, "Total Cost": 19149.37, "Plan Rows": 1748840, "Plan Width": 21, "Actual Min Startup Time": 96.642, "Actual Max Startup Time": 105.087, "Actual Min Total Time": 96.642, "Actual Max Total Time": 105.087, "Actual Total Rows": 1749032, "Max Hash Buckets": 131072, "Min Hash Buckets": 131072, "Max Hash Batches": 1, "Min Hash Batches": 1, "Max Original Hash Batches": 1, "Min Original Hash Batches": 1, "Max Peak Memory Usage": 5962, "min Peak Memory Usage": 5962, "Plans": [{"Node Type": "Seq Scan", "Parent Relationship": "Outer", "Relation Name": "title", "Alias": "t", "Startup Cost": 0.0, "Total Cost": 19149.37, "Plan Rows": 1748840, "Plan Width": 21, "Actual Min Startup Time": 0.022, "Actual Max Startup Time": 0.034, "Actual Min Total Time": 63.648, "Actual Max Total Time": 70.486, "Actual Total Rows": 1749032, "Filter": "(production_year > 1990), (LLVM Optimized, Jit Execute)", "Rows Removed by Filter": 779279}]}]}]}, {"Node Type": "Hash", "Parent Relationship": "Inner", "Startup Cost": 2.12, "Total Cost": 2.12, "Plan Rows": 112, "Plan Width": 4, "Actual Min Startup Time": 0.123, "Actual Max Startup Time": 0.123, "Actual Min Total Time": 0.123, "Actual Max Total Time": 0.123, "Actual Total Rows": 112, "Max Hash Buckets": 32768, "Min Hash Buckets": 32768, "Max Hash Batches": 1, "Min Hash Batches": 1, "Max Original Hash Batches": 1, "Min Original Hash Batches": 1, "Max Peak Memory Usage": 4, "min Peak Memory Usage": 4, "Plans": [{"Node Type": "Seq Scan", "Parent Relationship": "Outer", "Relation Name": "info_type", "Alias": "it", "Startup Cost": 0.0, "Total Cost": 2.12, "Plan Rows": 112, "Plan Width": 4, "Actual Min Startup Time": 0.052, "Actual Max Startup Time": 0.052, "Actual Min Total Time": 0.069, "Actual Max Total Time": 0.069, "Actual Total Rows": 112}]}]}]}, "Triggers": [], "Planner Runtime": 25.775, "Total Runtime": 880.179, "Unique SQL Id": 322094867}}, "(16, 45)": {"explain_plan": {"Plan": {"Node Type": "Aggregate", "Strategy": "Plain", "Startup Cost": 509744.23, "Total Cost": 509744.24, "Plan Rows": 1, "Plan Width": 49, "Plans": [{"Node Type": "Hash Join", "Parent Relationship": "Outer", "Join Type": "Inner", "Startup Cost": 15.33, "Total Cost": 508916.61, "Plan Rows": 331050, "Plan Width": 17, "Inner Unique": true, "Hash Cond": "(mi.info_type_id = it.id), (LLVM Optimized)", "Plans": [{"Node Type": "Nested Loop", "Parent Relationship": "Outer", "Join Type": "Inner", "Startup Cost": 0.0, "Total Cost": 504531.42, "Plan Rows": 331050, "Plan Width": 21, "Inner Unique": false, "Plans": [{"Node Type": "Nested Loop", "Parent Relationship": "Outer", "Join Type": "Inner", "Startup Cost": 0.0, "Total Cost": 246013.35, "Plan Rows": 289936, "Plan Width": 25, "Inner Unique": true, "Plans": [{"Node Type": "Nested Loop", "Parent Relationship": "Outer", "Join Type": "Inner", "Startup Cost": 0.0, "Total Cost": 98814.52, "Plan Rows": 209278, "Plan Width": 4, "Inner Unique": false, "Join Filter": "(ct.id = mc.company_type_id), (LLVM Optimized)", "Plans": [{"Node Type": "Index Scan", "Parent Relationship": "Outer", "Scan Direction": "Forward", "Index Name": "company_type_pkey", "Relation Name": "company_type", "Alias": "ct", "Startup Cost": 0.0, "Total Cost": 12.3, "Plan Rows": 1, "Plan Width": 4, "Filter": "((kind)::text = 'production companies'::text)"}, {"Node Type": "Materialize", "Parent Relationship": "Inner", "Startup Cost": 0.0, "Total Cost": 94616.65, "Plan Rows": 418557, "Plan Width": 8, "Plans": [{"Node Type": "Streaming(type: LOCAL GATHER dop: 1/16)", "Parent Relationship": "Outer", "Startup Cost": 0.0, "Total Cost": 93570.26, "Plan Rows": 418557, "Plan Width": 8, "Plans": [{"Node Type": "Index Scan", "Parent Relationship": "Outer", "Scan Direction": "Forward", "Index Name": "company_type_id_movie_companies", "Relation Name": "movie_companies", "Alias": "mc", "Startup Cost": 0.0, "Total Cost": 84536.95, "Plan Rows": 418557, "Plan Width": 8, "Filter": "(((note)::text !~~ '%(TV)%'::text) AND ((note)::text ~~ '%(USA)%'::text)), (LLVM Optimized)"}]}]}]}, {"Node Type": "Index Scan", "Parent Relationship": "Inner", "Scan Direction": "Forward", "Index Name": "title_pkey", "Relation Name": "title", "Alias": "t", "Startup Cost": 0.0, "Total Cost": 0.69, "Plan Rows": 1, "Plan Width": 21, "Index Cond": "(id = mc.movie_id)", "Filter": "(production_year > 1990)"}]}, {"Node Type": "Index Scan", "Parent Relationship": "Inner", "Scan Direction": "Forward", "Index Name": "movie_id_movie_info", "Relation Name": "movie_info", "Alias": "mi", "Startup Cost": 0.0, "Total Cost": 0.88, "Plan Rows": 1, "Plan Width": 8, "Index Cond": "(movie_id = t.id)", "Filter": "((info)::text = ANY ('{Sweden,Norway,Germany,Denmark,Swedish,Denish,Norwegian,German,USA,American}'::text[]))"}]}, {"Node Type": "Hash", "Parent Relationship": "Inner", "Startup Cost": 13.93, "Total Cost": 13.93, "Plan Rows": 112, "Plan Width": 4, "Plans": [{"Node Type": "Index Scan", "Parent Relationship": "Outer", "Scan Direction": "Forward", "Index Name": "info_type_pkey", "Relation Name": "info_type", "Alias": "it", "Startup Cost": 0.0, "Total Cost": 13.93, "Plan Rows": 112, "Plan Width": 4}]}]}]}, "Unique SQL Id": 322094867}, "explain_analyze_plan": {"Plan": {"Node Type": "Aggregate", "Strategy": "Plain", "Startup Cost": 509744.23, "Total Cost": 509744.24, "Plan Rows": 1, "Plan Width": 49, "Actual Min Startup Time": 389.965, "Actual Max Startup Time": 389.965, "Actual Min Total Time": 389.966, "Actual Max Total Time": 389.966, "Actual Total Rows": 1, "Plans": [{"Node Type": "Hash Join", "Parent Relationship": "Outer", "Join Type": "Inner", "Startup Cost": 15.33, "Total Cost": 508916.61, "Plan Rows": 331050, "Plan Width": 17, "Actual Min Startup Time": 294.396, "Actual Max Startup Time": 294.396, "Actual Min Total Time": 389.597, "Actual Max Total Time": 389.597, "Actual Total Rows": 669, "Inner Unique": true, "Hash Cond": "(mi.info_type_id = it.id), (LLVM Optimized)", "Plans": [{"Node Type": "Nested Loop", "Parent Relationship": "Outer", "Join Type": "Inner", "Startup Cost": 0.0, "Total Cost": 504531.42, "Plan Rows": 331050, "Plan Width": 21, "Actual Min Startup Time": 294.228, "Actual Max Startup Time": 294.228, "Actual Min Total Time": 389.08, "Actual Max Total Time": 389.08, "Actual Total Rows": 669, "Inner Unique": false, "Plans": [{"Node Type": "Nested Loop", "Parent Relationship": "Outer", "Join Type": "Inner", "Startup Cost": 0.0, "Total Cost": 246013.35, "Plan Rows": 289936, "Plan Width": 25, "Actual Min Startup Time": 294.188, "Actual Max Startup Time": 294.188, "Actual Min Total Time": 371.419, "Actual Max Total Time": 371.419, "Actual Total Rows": 767, "Inner Unique": true, "Plans": [{"Node Type": "Nested Loop", "Parent Relationship": "Outer", "Join Type": "Inner", "Startup Cost": 0.0, "Total Cost": 98814.52, "Plan Rows": 209278, "Plan Width": 4, "Actual Min Startup Time": 294.141, "Actual Max Startup Time": 294.141, "Actual Min Total Time": 366.634, "Actual Max Total Time": 366.634, "Actual Total Rows": 798, "Inner Unique": false, "Join Filter": "(ct.id = mc.company_type_id), (LLVM Optimized)", "Rows Removed by Join Filter": 294830, "Plans": [{"Node Type": "Index Scan", "Parent Relationship": "Outer", "Scan Direction": "Forward", "Index Name": "company_type_pkey", "Relation Name": "company_type", "Alias": "ct", "Startup Cost": 0.0, "Total Cost": 12.3, "Plan Rows": 1, "Plan Width": 4, "Actual Min Startup Time": 0.042, "Actual Max Startup Time": 0.042, "Actual Min Total Time": 0.049, "Actual Max Total Time": 0.049, "Actual Total Rows": 1, "Filter": "((kind)::text = 'production companies'::text)", "Rows Removed by Filter": 2}, {"Node Type": "Materialize", "Parent Relationship": "Inner", "Startup Cost": 0.0, "Total Cost": 94616.65, "Plan Rows": 418557, "Plan Width": 8, "Actual Min Startup Time": 265.449, "Actual Max Startup Time": 265.449, "Actual Min Total Time": 302.112, "Actual Max Total Time": 302.112, "Actual Total Rows": 295629, "Plans": [{"Node Type": "Streaming(type: LOCAL GATHER dop: 1/16)", "Parent Relationship": "Outer", "Startup Cost": 0.0, "Total Cost": 93570.26, "Plan Rows": 418557, "Plan Width": 8, "Actual Min Startup Time": 67.06, "Actual Max Startup Time": 67.06, "Actual Min Total Time": 222.602, "Actual Max Total Time": 222.602, "Actual Total Rows": 295628, "Plans": [{"Node Type": "Index Scan", "Parent Relationship": "Outer", "Scan Direction": "Forward", "Index Name": "company_type_id_movie_companies", "Relation Name": "movie_companies", "Alias": "mc", "Startup Cost": 0.0, "Total Cost": 84536.95, "Plan Rows": 418557, "Plan Width": 8, "Actual Min Startup Time": 14.152, "Actual Max Startup Time": 37.345, "Actual Min Total Time": 91.566, "Actual Max Total Time": 178.313, "Actual Total Rows": 295628, "Filter": "(((note)::text !~~ '%(TV)%'::text) AND ((note)::text ~~ '%(USA)%'::text)), (LLVM Optimized)", "Rows Removed by Filter": 2313500}]}]}]}, {"Node Type": "Index Scan", "Parent Relationship": "Inner", "Scan Direction": "Forward", "Index Name": "title_pkey", "Relation Name": "title", "Alias": "t", "Startup Cost": 0.0, "Total Cost": 0.69, "Plan Rows": 1, "Plan Width": 21, "Actual Min Startup Time": 4.114, "Actual Max Startup Time": 4.114, "Actual Min Total Time": 4.114, "Actual Max Total Time": 4.114, "Actual Total Rows": 767, "Index Cond": "(id = mc.movie_id)", "Rows Removed by Index Recheck": 0, "Filter": "(production_year > 1990)", "Rows Removed by Filter": 31}]}, {"Node Type": "Index Scan", "Parent Relationship": "Inner", "Scan Direction": "Forward", "Index Name": "movie_id_movie_info", "Relation Name": "movie_info", "Alias": "mi", "Startup Cost": 0.0, "Total Cost": 0.88, "Plan Rows": 1, "Plan Width": 8, "Actual Min Startup Time": 14.882, "Actual Max Startup Time": 14.882, "Actual Min Total Time": 17.076, "Actual Max Total Time": 17.076, "Actual Total Rows": 669, "Index Cond": "(movie_id = t.id)", "Rows Removed by Index Recheck": 0, "Filter": "((info)::text = ANY ('{Sweden,Norway,Germany,Denmark,Swedish,Denish,Norwegian,German,USA,American}'::text[]))", "Rows Removed by Filter": 7721}]}, {"Node Type": "Hash", "Parent Relationship": "Inner", "Startup Cost": 13.93, "Total Cost": 13.93, "Plan Rows": 112, "Plan Width": 4, "Actual Min Startup Time": 0.096, "Actual Max Startup Time": 0.096, "Actual Min Total Time": 0.096, "Actual Max Total Time": 0.096, "Actual Total Rows": 112, "Max Hash Buckets": 32768, "Min Hash Buckets": 32768, "Max Hash Batches": 1, "Min Hash Batches": 1, "Max Original Hash Batches": 1, "Min Original Hash Batches": 1, "Max Peak Memory Usage": 4, "min Peak Memory Usage": 4, "Plans": [{"Node Type": "Index Scan", "Parent Relationship": "Outer", "Scan Direction": "Forward", "Index Name": "info_type_pkey", "Relation Name": "info_type", "Alias": "it", "Startup Cost": 0.0, "Total Cost": 13.93, "Plan Rows": 112, "Plan Width": 4, "Actual Min Startup Time": 0.012, "Actual Max Startup Time": 0.012, "Actual Min Total Time": 0.06, "Actual Max Total Time": 0.06, "Actual Total Rows": 112}]}]}]}, "Triggers": [], "Planner Runtime": 11.43, "Total Runtime": 402.341, "Unique SQL Id": 322094867}}, "(16, 46)": {"explain_plan": {"Plan": {"Node Type": "Aggregate", "Strategy": "Plain", "Startup Cost": 173651.71, "Total Cost": 173651.72, "Plan Rows": 1, "Plan Width": 49, "Plans": [{"Node Type": "Hash Join", "Parent Relationship": "Outer", "Join Type": "Inner", "Startup Cost": 55861.04, "Total Cost": 172824.08, "Plan Rows": 331050, "Plan Width": 17, "Inner Unique": true, "Hash Cond": "(mi.info_type_id = it.id), (LLVM Optimized)", "Plans": [{"Node Type": "Streaming(type: LOCAL GATHER dop: 1/16)", "Parent Relationship": "Outer", "Startup Cost": 55857.52, "Total Cost": 168268.62, "Plan Rows": 331050, "Plan Width": 21, "Plans": [{"Node Type": "Hash Join", "Parent Relationship": "Outer", "Join Type": "Inner", "Startup Cost": 55857.52, "Total Cost": 161123.89, "Plan Rows": 331050, "Plan Width": 21, "Inner Unique": true, "Hash Cond": "(mi.movie_id = t.id), (LLVM Optimized)", "Plans": [{"Node Type": "Streaming(type: BROADCAST dop: 16/16)", "Parent Relationship": "Outer", "Startup Cost": 35341.87, "Total Cost": 139505.25, "Plan Rows": 3823280, "Plan Width": 12, "Plans": [{"Node Type": "Nested Loop", "Parent Relationship": "Outer", "Join Type": "Inner", "Startup Cost": 35341.87, "Total Cost": 114797.7, "Plan Rows": 238955, "Plan Width": 12, "Inner Unique": false, "Join Filter": "(mc.company_type_id = ct.id), (LLVM Optimized)", "Plans": [{"Node Type": "Streaming(type: BROADCAST dop: 16/1)", "Parent Relationship": "Outer", "Startup Cost": 0.0, "Total Cost": 15001.38, "Plan Rows": 16, "Plan Width": 4, "Plans": [{"Node Type": "Seq Scan", "Parent Relationship": "Outer", "Relation Name": "company_type", "Alias": "ct", "Startup Cost": 0.0, "Total Cost": 1.04, "Plan Rows": 1, "Plan Width": 4, "Filter": "((kind)::text = 'production companies'::text)"}]}, {"Node Type": "Materialize", "Parent Relationship": "Inner", "Startup Cost": 35341.87, "Total Cost": 100617.73, "Plan Rows": 477912, "Plan Width": 16, "Plans": [{"Node Type": "Hash Join", "Parent Relationship": "Outer", "Join Type": "Inner", "Startup Cost": 35341.87, "Total Cost": 99422.95, "Plan Rows": 477912, "Plan Width": 16, "Inner Unique": false, "Hash Cond": "(mi.movie_id = mc.movie_id), (LLVM Optimized)", "Plans": [{"Node Type": "Streaming(type: LOCAL REDISTRIBUTE dop: 16/16)", "Parent Relationship": "Outer", "Startup Cost": 0.0, "Total Cost": 62931.17, "Plan Rows": 726375, "Plan Width": 8, "Plans": [{"Node Type": "Seq Scan", "Parent Relationship": "Outer", "Relation Name": "movie_info", "Alias": "mi", "Startup Cost": 0.0, "Total Cost": 45178.89, "Plan Rows": 726375, "Plan Width": 8, "Filter": "((info)::text = ANY ('{Sweden,Norway,Germany,Denmark,Swedish,Denish,Norwegian,German,USA,American}'::text[]))"}]}, {"Node Type": "Hash", "Parent Relationship": "Inner", "Startup Cost": 35014.87, "Total Cost": 35014.87, "Plan Rows": 418557, "Plan Width": 8, "Plans": [{"Node Type": "Streaming(type: LOCAL REDISTRIBUTE dop: 16/16)", "Parent Relationship": "Outer", "Startup Cost": 0.0, "Total Cost": 35014.87, "Plan Rows": 418557, "Plan Width": 8, "Plans": [{"Node Type": "Seq Scan", "Parent Relationship": "Outer", "Relation Name": "movie_companies", "Alias": "mc", "Startup Cost": 0.0, "Total Cost": 18428.93, "Plan Rows": 418557, "Plan Width": 8, "Filter": "(((note)::text !~~ '%(TV)%'::text) AND ((note)::text ~~ '%(USA)%'::text)), (LLVM Optimized)"}]}]}]}]}]}]}, {"Node Type": "Hash", "Parent Relationship": "Inner", "Startup Cost": 19149.37, "Total Cost": 19149.37, "Plan Rows": 1748840, "Plan Width": 21, "Plans": [{"Node Type": "Seq Scan", "Parent Relationship": "Outer", "Relation Name": "title", "Alias": "t", "Startup Cost": 0.0, "Total Cost": 19149.37, "Plan Rows": 1748840, "Plan Width": 21, "Filter": "(production_year > 1990), (LLVM Optimized)"}]}]}]}, {"Node Type": "Hash", "Parent Relationship": "Inner", "Startup Cost": 2.12, "Total Cost": 2.12, "Plan Rows": 112, "Plan Width": 4, "Plans": [{"Node Type": "Seq Scan", "Parent Relationship": "Outer", "Relation Name": "info_type", "Alias": "it", "Startup Cost": 0.0, "Total Cost": 2.12, "Plan Rows": 112, "Plan Width": 4}]}]}]}, "Unique SQL Id": 322094867}, "explain_analyze_plan": {"Plan": {"Node Type": "Aggregate", "Strategy": "Plain", "Startup Cost": 173651.71, "Total Cost": 173651.72, "Plan Rows": 1, "Plan Width": 49, "Actual Min Startup Time": 857.467, "Actual Max Startup Time": 857.467, "Actual Min Total Time": 857.467, "Actual Max Total Time": 857.467, "Actual Total Rows": 1, "Plans": [{"Node Type": "Hash Join", "Parent Relationship": "Outer", "Join Type": "Inner", "Startup Cost": 55861.04, "Total Cost": 172824.08, "Plan Rows": 331050, "Plan Width": 17, "Actual Min Startup Time": 856.698, "Actual Max Startup Time": 856.698, "Actual Min Total Time": 857.261, "Actual Max Total Time": 857.261, "Actual Total Rows": 669, "Inner Unique": true, "Hash Cond": "(mi.info_type_id = it.id), (LLVM Optimized, Jit Execute)", "Plans": [{"Node Type": "Streaming(type: LOCAL GATHER dop: 1/16)", "Parent Relationship": "Outer", "Startup Cost": 55857.52, "Total Cost": 168268.62, "Plan Rows": 331050, "Plan Width": 21, "Actual Min Startup Time": 856.508, "Actual Max Startup Time": 856.508, "Actual Min Total Time": 856.84, "Actual Max Total Time": 856.84, "Actual Total Rows": 669, "Plans": [{"Node Type": "Hash Join", "Parent Relationship": "Outer", "Join Type": "Inner", "Startup Cost": 55857.52, "Total Cost": 161123.89, "Plan Rows": 331050, "Plan Width": 21, "Actual Min Startup Time": 672.46, "Actual Max Startup Time": 727.717, "Actual Min Total Time": 673.159, "Actual Max Total Time": 728.574, "Actual Total Rows": 669, "Inner Unique": true, "Hash Cond": "(mi.movie_id = t.id), (LLVM Optimized, Jit Execute)", "Plans": [{"Node Type": "Streaming(type: BROADCAST dop: 16/16)", "Parent Relationship": "Outer", "Startup Cost": 35341.87, "Total Cost": 139505.25, "Plan Rows": 3823280, "Plan Width": 12, "Actual Min Startup Time": 569.0, "Actual Max Startup Time": 626.908, "Actual Min Total Time": 569.646, "Actual Max Total Time": 627.507, "Actual Total Rows": 11056, "Plans": [{"Node Type": "Nested Loop", "Parent Relationship": "Outer", "Join Type": "Inner", "Startup Cost": 35341.87, "Total Cost": 114797.7, "Plan Rows": 238955, "Plan Width": 12, "Actual Min Startup Time": 666.518, "Actual Max Startup Time": 710.842, "Actual Min Total Time": 672.869, "Actual Max Total Time": 715.244, "Actual Total Rows": 691, "Inner Unique": false, "Join Filter": "(mc.company_type_id = ct.id), (LLVM Optimized, Jit Execute)", "Rows Removed by Join Filter": 294235, "Plans": [{"Node Type": "Streaming(type: BROADCAST dop: 16/1)", "Parent Relationship": "Outer", "Startup Cost": 0.0, "Total Cost": 15001.38, "Plan Rows": 16, "Plan Width": 4, "Actual Min Startup Time": 0.003, "Actual Max Startup Time": 0.005, "Actual Min Total Time": 0.004, "Actual Max Total Time": 0.007, "Actual Total Rows": 16, "Plans": [{"Node Type": "Seq Scan", "Parent Relationship": "Outer", "Relation Name": "company_type", "Alias": "ct", "Startup Cost": 0.0, "Total Cost": 1.04, "Plan Rows": 1, "Plan Width": 4, "Actual Min Startup Time": 0.048, "Actual Max Startup Time": 0.048, "Actual Min Total Time": 0.053, "Actual Max Total Time": 0.053, "Actual Total Rows": 1, "Filter": "((kind)::text = 'production companies'::text)", "Rows Removed by Filter": 2}]}, {"Node Type": "Materialize", "Parent Relationship": "Inner", "Startup Cost": 35341.87, "Total Cost": 100617.73, "Plan Rows": 477912, "Plan Width": 16, "Actual Min Startup Time": 666.288, "Actual Max Startup Time": 710.353, "Actual Min Total Time": 668.757, "Actual Max Total Time": 712.154, "Actual Total Rows": 294942, "Plans": [{"Node Type": "Hash Join", "Parent Relationship": "Outer", "Join Type": "Inner", "Startup Cost": 35341.87, "Total Cost": 99422.95, "Plan Rows": 477912, "Plan Width": 16, "Actual Min Startup Time": 90.453, "Actual Max Startup Time": 134.62, "Actual Min Total Time": 662.302, "Actual Max Total Time": 706.324, "Actual Total Rows": 294926, "Inner Unique": false, "Hash Cond": "(mi.movie_id = mc.movie_id), (LLVM Optimized, Jit Execute)", "Plans": [{"Node Type": "Streaming(type: LOCAL REDISTRIBUTE dop: 16/16)", "Parent Relationship": "Outer", "Startup Cost": 0.0, "Total Cost": 62931.17, "Plan Rows": 726375, "Plan Width": 8, "Actual Min Startup Time": 0.063, "Actual Max Startup Time": 0.5, "Actual Min Total Time": 556.564, "Actual Max Total Time": 557.588, "Actual Total Rows": 706674, "Plans": [{"Node Type": "Seq Scan", "Parent Relationship": "Outer", "Relation Name": "movie_info", "Alias": "mi", "Startup Cost": 0.0, "Total Cost": 45178.89, "Plan Rows": 726375, "Plan Width": 8, "Actual Min Startup Time": 0.043, "Actual Max Startup Time": 3.351, "Actual Min Total Time": 507.151, "Actual Max Total Time": 540.185, "Actual Total Rows": 706674, "Filter": "((info)::text = ANY ('{Sweden,Norway,Germany,Denmark,Swedish,Denish,Norwegian,German,USA,American}'::text[]))", "Rows Removed by Filter": 14129045}]}, {"Node Type": "Hash", "Parent Relationship": "Inner", "Startup Cost": 35014.87, "Total Cost": 35014.87, "Plan Rows": 418557, "Plan Width": 8, "Actual Min Startup Time": 90.095, "Actual Max Startup Time": 134.125, "Actual Min Total Time": 90.095, "Actual Max Total Time": 134.125, "Actual Total Rows": 295628, "Max Hash Buckets": 32768, "Min Hash Buckets": 32768, "Max Hash Batches": 1, "Min Hash Batches": 1, "Max Original Hash Batches": 1, "Min Original Hash Batches": 1, "Max Peak Memory Usage": 722, "min Peak Memory Usage": 722, "Plans": [{"Node Type": "Streaming(type: LOCAL REDISTRIBUTE dop: 16/16)", "Parent Relationship": "Outer", "Startup Cost": 0.0, "Total Cost": 35014.87, "Plan Rows": 418557, "Plan Width": 8, "Actual Min Startup Time": 0.049, "Actual Max Startup Time": 33.207, "Actual Min Total Time": 85.516, "Actual Max Total Time": 129.41, "Actual Total Rows": 295628, "Plans": [{"Node Type": "Seq Scan", "Parent Relationship": "Outer", "Relation Name": "movie_companies", "Alias": "mc", "Startup Cost": 0.0, "Total Cost": 18428.93, "Plan Rows": 418557, "Plan Width": 8, "Actual Min Startup Time": 0.04, "Actual Max Startup Time": 0.31, "Actual Min Total Time": 70.806, "Actual Max Total Time": 78.798, "Actual Total Rows": 295628, "Filter": "(((note)::text !~~ '%(TV)%'::text) AND ((note)::text ~~ '%(USA)%'::text)), (LLVM Optimized, Jit Execute)", "Rows Removed by Filter": 2313500}]}]}]}]}]}]}, {"Node Type": "Hash", "Parent Relationship": "Inner", "Startup Cost": 19149.37, "Total Cost": 19149.37, "Plan Rows": 1748840, "Plan Width": 21, "Actual Min Startup Time": 96.642, "Actual Max Startup Time": 105.087, "Actual Min Total Time": 96.642, "Actual Max Total Time": 105.087, "Actual Total Rows": 1749032, "Max Hash Buckets": 131072, "Min Hash Buckets": 131072, "Max Hash Batches": 1, "Min Hash Batches": 1, "Max Original Hash Batches": 1, "Min Original Hash Batches": 1, "Max Peak Memory Usage": 5962, "min Peak Memory Usage": 5962, "Plans": [{"Node Type": "Seq Scan", "Parent Relationship": "Outer", "Relation Name": "title", "Alias": "t", "Startup Cost": 0.0, "Total Cost": 19149.37, "Plan Rows": 1748840, "Plan Width": 21, "Actual Min Startup Time": 0.022, "Actual Max Startup Time": 0.034, "Actual Min Total Time": 63.648, "Actual Max Total Time": 70.486, "Actual Total Rows": 1749032, "Filter": "(production_year > 1990), (LLVM Optimized, Jit Execute)", "Rows Removed by Filter": 779279}]}]}]}, {"Node Type": "Hash", "Parent Relationship": "Inner", "Startup Cost": 2.12, "Total Cost": 2.12, "Plan Rows": 112, "Plan Width": 4, "Actual Min Startup Time": 0.123, "Actual Max Startup Time": 0.123, "Actual Min Total Time": 0.123, "Actual Max Total Time": 0.123, "Actual Total Rows": 112, "Max Hash Buckets": 32768, "Min Hash Buckets": 32768, "Max Hash Batches": 1, "Min Hash Batches": 1, "Max Original Hash Batches": 1, "Min Original Hash Batches": 1, "Max Peak Memory Usage": 4, "min Peak Memory Usage": 4, "Plans": [{"Node Type": "Seq Scan", "Parent Relationship": "Outer", "Relation Name": "info_type", "Alias": "it", "Startup Cost": 0.0, "Total Cost": 2.12, "Plan Rows": 112, "Plan Width": 4, "Actual Min Startup Time": 0.052, "Actual Max Startup Time": 0.052, "Actual Min Total Time": 0.069, "Actual Max Total Time": 0.069, "Actual Total Rows": 112}]}]}]}, "Triggers": [], "Planner Runtime": 25.775, "Total Runtime": 880.179, "Unique SQL Id": 322094867}}, "(16, 47)": {"explain_plan": {"Plan": {"Node Type": "Aggregate", "Strategy": "Plain", "Startup Cost": 5008697311176.9, "Total Cost": 5008697311176.91, "Plan Rows": 1, "Plan Width": 49, "Plans": [{"Node Type": "Nested Loop", "Parent Relationship": "Outer", "Join Type": "Inner", "Startup Cost": 50000000000.0, "Total Cost": 5008697310349.27, "Plan Rows": 331050, "Plan Width": 17, "Inner Unique": false, "Join Filter": "(mi.movie_id = t.id), (LLVM Optimized)", "Plans": [{"Node Type": "Index Scan", "Parent Relationship": "Outer", "Scan Direction": "Forward", "Index Name": "title_pkey", "Relation Name": "title", "Alias": "t", "Startup Cost": 10000000000.0, "Total Cost": 1000011644126.66, "Plan Rows": 1748840, "Plan Width": 21, "Filter": "(production_year > 1990), (LLVM Optimized)"}, {"Node Type": "Materialize", "Parent Relationship": "Inner", "Startup Cost": 40000000000.0, "Total Cost": 4002417255887.0, "Plan Rows": 238955, "Plan Width": 8, "Plans": [{"Node Type": "Nested Loop", "Parent Relationship": "Outer", "Join Type": "Inner", "Startup Cost": 40000000000.0, "Total Cost": 4002417254692.22, "Plan Rows": 238955, "Plan Width": 8, "Inner Unique": true, "Join Filter": "(mi.info_type_id = it.id), (LLVM Optimized)", "Plans": [{"Node Type": "Nested Loop", "Parent Relationship": "Outer", "Join Type": "Inner", "Startup Cost": 30000000000.0, "Total Cost": 3002416851854.54, "Plan Rows": 238955, "Plan Width": 12, "Inner Unique": false, "Join Filter": "(mc.movie_id = mi.movie_id), (LLVM Optimized)", "Plans": [{"Node Type": "Nested Loop", "Parent Relationship": "Outer", "Join Type": "Inner", "Startup Cost": 20000000000.0, "Total Cost": 2000014364018.74, "Plan Rows": 209278, "Plan Width": 4, "Inner Unique": true, "Join Filter": "(ct.id = mc.company_type_id), (LLVM Optimized)", "Plans": [{"Node Type": "Index Scan", "Parent Relationship": "Outer", "Scan Direction": "Forward", "Index Name": "movie_id_movie_companies", "Relation Name": "movie_companies", "Alias": "mc", "Startup Cost": 10000000000.0, "Total Cost": 1000014356510.13, "Plan Rows": 418557, "Plan Width": 8, "Filter": "(((note)::text !~~ '%(TV)%'::text) AND ((note)::text ~~ '%(USA)%'::text)), (LLVM Optimized)"}, {"Node Type": "Materialize", "Parent Relationship": "Inner", "Startup Cost": 10000000000.0, "Total Cost": 1000000001230.26, "Plan Rows": 1, "Plan Width": 4, "Plans": [{"Node Type": "Index Scan", "Parent Relationship": "Outer", "Scan Direction": "Forward", "Index Name": "company_type_pkey", "Relation Name": "company_type", "Alias": "ct", "Startup Cost": 10000000000.0, "Total Cost": 1000000001230.25, "Plan Rows": 1, "Plan Width": 4, "Filter": "((kind)::text = 'production companies'::text)"}]}]}, {"Node Type": "Materialize", "Parent Relationship": "Inner", "Startup Cost": 10000000000.0, "Total Cost": 1000122275042.99, "Plan Rows": 726375, "Plan Width": 8, "Plans": [{"Node Type": "Index Scan", "Parent Relationship": "Outer", "Scan Direction": "Forward", "Index Name": "info_type_id_movie_info", "Relation Name": "movie_info", "Alias": "mi", "Startup Cost": 10000000000.0, "Total Cost": 1000122271411.12, "Plan Rows": 726375, "Plan Width": 8, "Filter": "((info)::text = ANY ('{Sweden,Norway,Germany,Denmark,Swedish,Denish,Norwegian,German,USA,American}'::text[]))"}]}]}, {"Node Type": "Materialize", "Parent Relationship": "Inner", "Startup Cost": 10000000000.0, "Total Cost": 1000000001393.56, "Plan Rows": 112, "Plan Width": 4, "Plans": [{"Node Type": "Index Scan", "Parent Relationship": "Outer", "Scan Direction": "Forward", "Index Name": "info_type_pkey", "Relation Name": "info_type", "Alias": "it", "Startup Cost": 10000000000.0, "Total Cost": 1000000001393.0, "Plan Rows": 112, "Plan Width": 4}]}]}]}]}]}, "Unique SQL Id": 322094867}, "explain_analyze_plan": null}, "(16, 48)": {"explain_plan": {"Plan": {"Node Type": "Aggregate", "Strategy": "Plain", "Startup Cost": 531937.41, "Total Cost": 531937.42, "Plan Rows": 1, "Plan Width": 49, "Plans": [{"Node Type": "Nested Loop", "Parent Relationship": "Outer", "Join Type": "Inner", "Startup Cost": 0.0, "Total Cost": 531109.78, "Plan Rows": 331050, "Plan Width": 17, "Inner Unique": true, "Plans": [{"Node Type": "Nested Loop", "Parent Relationship": "Outer", "Join Type": "Inner", "Startup Cost": 0.0, "Total Cost": 438412.14, "Plan Rows": 331050, "Plan Width": 21, "Inner Unique": false, "Plans": [{"Node Type": "Nested Loop", "Parent Relationship": "Outer", "Join Type": "Inner", "Startup Cost": 0.0, "Total Cost": 179894.07, "Plan Rows": 289936, "Plan Width": 25, "Inner Unique": true, "Plans": [{"Node Type": "Nested Loop", "Parent Relationship": "Outer", "Join Type": "Inner", "Startup Cost": 0.0, "Total Cost": 32695.24, "Plan Rows": 209278, "Plan Width": 4, "Inner Unique": false, "Join Filter": "(ct.id = mc.company_type_id), (LLVM Optimized)", "Plans": [{"Node Type": "Seq Scan", "Parent Relationship": "Outer", "Relation Name": "company_type", "Alias": "ct", "Startup Cost": 0.0, "Total Cost": 1.04, "Plan Rows": 1, "Plan Width": 4, "Filter": "((kind)::text = 'production companies'::text)"}, {"Node Type": "Materialize", "Parent Relationship": "Inner", "Startup Cost": 0.0, "Total Cost": 28508.64, "Plan Rows": 418557, "Plan Width": 8, "Plans": [{"Node Type": "Streaming(type: LOCAL GATHER dop: 1/16)", "Parent Relationship": "Outer", "Startup Cost": 0.0, "Total Cost": 27462.24, "Plan Rows": 418557, "Plan Width": 8, "Plans": [{"Node Type": "Seq Scan", "Parent Relationship": "Outer", "Relation Name": "movie_companies", "Alias": "mc", "Startup Cost": 0.0, "Total Cost": 18428.93, "Plan Rows": 418557, "Plan Width": 8, "Filter": "(((note)::text !~~ '%(TV)%'::text) AND ((note)::text ~~ '%(USA)%'::text)), (LLVM Optimized)"}]}]}]}, {"Node Type": "Index Scan", "Parent Relationship": "Inner", "Scan Direction": "Forward", "Index Name": "title_pkey", "Relation Name": "title", "Alias": "t", "Startup Cost": 0.0, "Total Cost": 0.69, "Plan Rows": 1, "Plan Width": 21, "Index Cond": "(id = mc.movie_id)", "Filter": "(production_year > 1990)"}]}, {"Node Type": "Index Scan", "Parent Relationship": "Inner", "Scan Direction": "Forward", "Index Name": "movie_id_movie_info", "Relation Name": "movie_info", "Alias": "mi", "Startup Cost": 0.0, "Total Cost": 0.88, "Plan Rows": 1, "Plan Width": 8, "Index Cond": "(movie_id = t.id)", "Filter": "((info)::text = ANY ('{Sweden,Norway,Germany,Denmark,Swedish,Denish,Norwegian,German,USA,American}'::text[]))"}]}, {"Node Type": "Index Only Scan", "Parent Relationship": "Inner", "Scan Direction": "Forward", "Index Name": "info_type_pkey", "Relation Name": "info_type", "Alias": "it", "Startup Cost": 0.0, "Total Cost": 0.27, "Plan Rows": 1, "Plan Width": 4, "Index Cond": "(id = mi.info_type_id)"}]}]}, "Unique SQL Id": 322094867}, "explain_analyze_plan": {"Plan": {"Node Type": "Aggregate", "Strategy": "Plain", "Startup Cost": 531937.41, "Total Cost": 531937.42, "Plan Rows": 1, "Plan Width": 49, "Actual Min Startup Time": 313.252, "Actual Max Startup Time": 313.252, "Actual Min Total Time": 313.253, "Actual Max Total Time": 313.253, "Actual Total Rows": 1, "Plans": [{"Node Type": "Nested Loop", "Parent Relationship": "Outer", "Join Type": "Inner", "Startup Cost": 0.0, "Total Cost": 531109.78, "Plan Rows": 331050, "Plan Width": 17, "Actual Min Startup Time": 276.764, "Actual Max Startup Time": 276.764, "Actual Min Total Time": 312.896, "Actual Max Total Time": 312.896, "Actual Total Rows": 669, "Inner Unique": true, "Plans": [{"Node Type": "Nested Loop", "Parent Relationship": "Outer", "Join Type": "Inner", "Startup Cost": 0.0, "Total Cost": 438412.14, "Plan Rows": 331050, "Plan Width": 21, "Actual Min Startup Time": 276.753, "Actual Max Startup Time": 276.753, "Actual Min Total Time": 311.787, "Actual Max Total Time": 311.787, "Actual Total Rows": 669, "Inner Unique": false, "Plans": [{"Node Type": "Nested Loop", "Parent Relationship": "Outer", "Join Type": "Inner", "Startup Cost": 0.0, "Total Cost": 179894.07, "Plan Rows": 289936, "Plan Width": 25, "Actual Min Startup Time": 276.71, "Actual Max Startup Time": 276.71, "Actual Min Total Time": 293.869, "Actual Max Total Time": 293.869, "Actual Total Rows": 767, "Inner Unique": true, "Plans": [{"Node Type": "Nested Loop", "Parent Relationship": "Outer", "Join Type": "Inner", "Startup Cost": 0.0, "Total Cost": 32695.24, "Plan Rows": 209278, "Plan Width": 4, "Actual Min Startup Time": 276.64, "Actual Max Startup Time": 276.64, "Actual Min Total Time": 289.038, "Actual Max Total Time": 289.038, "Actual Total Rows": 798, "Inner Unique": false, "Join Filter": "(ct.id = mc.company_type_id), (LLVM Optimized)", "Rows Removed by Join Filter": 294830, "Plans": [{"Node Type": "Seq Scan", "Parent Relationship": "Outer", "Relation Name": "company_type", "Alias": "ct", "Startup Cost": 0.0, "Total Cost": 1.04, "Plan Rows": 1, "Plan Width": 4, "Actual Min Startup Time": 0.048, "Actual Max Startup Time": 0.048, "Actual Min Total Time": 0.053, "Actual Max Total Time": 0.053, "Actual Total Rows": 1, "Filter": "((kind)::text = 'production companies'::text)", "Rows Removed by Filter": 2}, {"Node Type": "Materialize", "Parent Relationship": "Inner", "Startup Cost": 0.0, "Total Cost": 28508.64, "Plan Rows": 418557, "Plan Width": 8, "Actual Min Startup Time": 187.377, "Actual Max Startup Time": 187.377, "Actual Min Total Time": 224.164, "Actual Max Total Time": 224.164, "Actual Total Rows": 295629, "Plans": [{"Node Type": "Streaming(type: LOCAL GATHER dop: 1/16)", "Parent Relationship": "Outer", "Startup Cost": 0.0, "Total Cost": 27462.24, "Plan Rows": 418557, "Plan Width": 8, "Actual Min Startup Time": 46.378, "Actual Max Startup Time": 46.378, "Actual Min Total Time": 145.013, "Actual Max Total Time": 145.013, "Actual Total Rows": 295628, "Plans": [{"Node Type": "Seq Scan", "Parent Relationship": "Outer", "Relation Name": "movie_companies", "Alias": "mc", "Startup Cost": 0.0, "Total Cost": 18428.93, "Plan Rows": 418557, "Plan Width": 8, "Actual Min Startup Time": 0.035, "Actual Max Startup Time": 0.305, "Actual Min Total Time": 70.621, "Actual Max Total Time": 78.478, "Actual Total Rows": 295628, "Filter": "(((note)::text !~~ '%(TV)%'::text) AND ((note)::text ~~ '%(USA)%'::text)), (LLVM Optimized)", "Rows Removed by Filter": 2313500}]}]}]}, {"Node Type": "Index Scan", "Parent Relationship": "Inner", "Scan Direction": "Forward", "Index Name": "title_pkey", "Relation Name": "title", "Alias": "t", "Startup Cost": 0.0, "Total Cost": 0.69, "Plan Rows": 1, "Plan Width": 21, "Actual Min Startup Time": 4.172, "Actual Max Startup Time": 4.172, "Actual Min Total Time": 4.172, "Actual Max Total Time": 4.172, "Actual Total Rows": 767, "Index Cond": "(id = mc.movie_id)", "Rows Removed by Index Recheck": 0, "Filter": "(production_year > 1990)", "Rows Removed by Filter": 31}]}, {"Node Type": "Index Scan", "Parent Relationship": "Inner", "Scan Direction": "Forward", "Index Name": "movie_id_movie_info", "Relation Name": "movie_info", "Alias": "mi", "Startup Cost": 0.0, "Total Cost": 0.88, "Plan Rows": 1, "Plan Width": 8, "Actual Min Startup Time": 15.072, "Actual Max Startup Time": 15.072, "Actual Min Total Time": 17.367, "Actual Max Total Time": 17.367, "Actual Total Rows": 669, "Index Cond": "(movie_id = t.id)", "Rows Removed by Index Recheck": 0, "Filter": "((info)::text = ANY ('{Sweden,Norway,Germany,Denmark,Swedish,Denish,Norwegian,German,USA,American}'::text[]))", "Rows Removed by Filter": 7721}]}, {"Node Type": "Index Only Scan", "Parent Relationship": "Inner", "Scan Direction": "Forward", "Index Name": "info_type_pkey", "Relation Name": "info_type", "Alias": "it", "Startup Cost": 0.0, "Total Cost": 0.27, "Plan Rows": 1, "Plan Width": 4, "Actual Min Startup Time": 0.625, "Actual Max Startup Time": 0.625, "Actual Min Total Time": 0.625, "Actual Max Total Time": 0.625, "Actual Total Rows": 669, "Index Cond": "(id = mi.info_type_id)", "Rows Removed by Index Recheck": 0, "Heap Fetches": 0}]}]}, "Triggers": [], "Planner Runtime": 3.77, "Total Runtime": 325.424, "Unique SQL Id": 322094867}}, "(16, 49)": {"explain_plan": {"Plan": {"Node Type": "Aggregate", "Strategy": "Plain", "Startup Cost": 598056.69, "Total Cost": 598056.7, "Plan Rows": 1, "Plan Width": 49, "Plans": [{"Node Type": "Nested Loop", "Parent Relationship": "Outer", "Join Type": "Inner", "Startup Cost": 0.0, "Total Cost": 597229.06, "Plan Rows": 331050, "Plan Width": 17, "Inner Unique": true, "Plans": [{"Node Type": "Nested Loop", "Parent Relationship": "Outer", "Join Type": "Inner", "Startup Cost": 0.0, "Total Cost": 504531.42, "Plan Rows": 331050, "Plan Width": 21, "Inner Unique": false, "Plans": [{"Node Type": "Nested Loop", "Parent Relationship": "Outer", "Join Type": "Inner", "Startup Cost": 0.0, "Total Cost": 246013.35, "Plan Rows": 289936, "Plan Width": 25, "Inner Unique": true, "Plans": [{"Node Type": "Nested Loop", "Parent Relationship": "Outer", "Join Type": "Inner", "Startup Cost": 0.0, "Total Cost": 98814.52, "Plan Rows": 209278, "Plan Width": 4, "Inner Unique": false, "Join Filter": "(ct.id = mc.company_type_id), (LLVM Optimized)", "Plans": [{"Node Type": "Index Scan", "Parent Relationship": "Outer", "Scan Direction": "Forward", "Index Name": "company_type_pkey", "Relation Name": "company_type", "Alias": "ct", "Startup Cost": 0.0, "Total Cost": 12.3, "Plan Rows": 1, "Plan Width": 4, "Filter": "((kind)::text = 'production companies'::text)"}, {"Node Type": "Materialize", "Parent Relationship": "Inner", "Startup Cost": 0.0, "Total Cost": 94616.65, "Plan Rows": 418557, "Plan Width": 8, "Plans": [{"Node Type": "Streaming(type: LOCAL GATHER dop: 1/16)", "Parent Relationship": "Outer", "Startup Cost": 0.0, "Total Cost": 93570.26, "Plan Rows": 418557, "Plan Width": 8, "Plans": [{"Node Type": "Index Scan", "Parent Relationship": "Outer", "Scan Direction": "Forward", "Index Name": "company_type_id_movie_companies", "Relation Name": "movie_companies", "Alias": "mc", "Startup Cost": 0.0, "Total Cost": 84536.95, "Plan Rows": 418557, "Plan Width": 8, "Filter": "(((note)::text !~~ '%(TV)%'::text) AND ((note)::text ~~ '%(USA)%'::text)), (LLVM Optimized)"}]}]}]}, {"Node Type": "Index Scan", "Parent Relationship": "Inner", "Scan Direction": "Forward", "Index Name": "title_pkey", "Relation Name": "title", "Alias": "t", "Startup Cost": 0.0, "Total Cost": 0.69, "Plan Rows": 1, "Plan Width": 21, "Index Cond": "(id = mc.movie_id)", "Filter": "(production_year > 1990)"}]}, {"Node Type": "Index Scan", "Parent Relationship": "Inner", "Scan Direction": "Forward", "Index Name": "movie_id_movie_info", "Relation Name": "movie_info", "Alias": "mi", "Startup Cost": 0.0, "Total Cost": 0.88, "Plan Rows": 1, "Plan Width": 8, "Index Cond": "(movie_id = t.id)", "Filter": "((info)::text = ANY ('{Sweden,Norway,Germany,Denmark,Swedish,Denish,Norwegian,German,USA,American}'::text[]))"}]}, {"Node Type": "Index Only Scan", "Parent Relationship": "Inner", "Scan Direction": "Forward", "Index Name": "info_type_pkey", "Relation Name": "info_type", "Alias": "it", "Startup Cost": 0.0, "Total Cost": 0.27, "Plan Rows": 1, "Plan Width": 4, "Index Cond": "(id = mi.info_type_id)"}]}]}, "Unique SQL Id": 322094867}, "explain_analyze_plan": {"Plan": {"Node Type": "Aggregate", "Strategy": "Plain", "Startup Cost": 598056.69, "Total Cost": 598056.7, "Plan Rows": 1, "Plan Width": 49, "Actual Min Startup Time": 399.724, "Actual Max Startup Time": 399.724, "Actual Min Total Time": 399.725, "Actual Max Total Time": 399.725, "Actual Total Rows": 1, "Plans": [{"Node Type": "Nested Loop", "Parent Relationship": "Outer", "Join Type": "Inner", "Startup Cost": 0.0, "Total Cost": 597229.06, "Plan Rows": 331050, "Plan Width": 17, "Actual Min Startup Time": 302.371, "Actual Max Startup Time": 302.371, "Actual Min Total Time": 399.329, "Actual Max Total Time": 399.329, "Actual Total Rows": 669, "Inner Unique": true, "Plans": [{"Node Type": "Nested Loop", "Parent Relationship": "Outer", "Join Type": "Inner", "Startup Cost": 0.0, "Total Cost": 504531.42, "Plan Rows": 331050, "Plan Width": 21, "Actual Min Startup Time": 302.36, "Actual Max Startup Time": 302.36, "Actual Min Total Time": 398.227, "Actual Max Total Time": 398.227, "Actual Total Rows": 669, "Inner Unique": false, "Plans": [{"Node Type": "Nested Loop", "Parent Relationship": "Outer", "Join Type": "Inner", "Startup Cost": 0.0, "Total Cost": 246013.35, "Plan Rows": 289936, "Plan Width": 25, "Actual Min Startup Time": 302.318, "Actual Max Startup Time": 302.318, "Actual Min Total Time": 380.455, "Actual Max Total Time": 380.455, "Actual Total Rows": 767, "Inner Unique": true, "Plans": [{"Node Type": "Nested Loop", "Parent Relationship": "Outer", "Join Type": "Inner", "Startup Cost": 0.0, "Total Cost": 98814.52, "Plan Rows": 209278, "Plan Width": 4, "Actual Min Startup Time": 302.258, "Actual Max Startup Time": 302.258, "Actual Min Total Time": 375.677, "Actual Max Total Time": 375.677, "Actual Total Rows": 798, "Inner Unique": false, "Join Filter": "(ct.id = mc.company_type_id), (LLVM Optimized, Jit Execute)", "Rows Removed by Join Filter": 294830, "Plans": [{"Node Type": "Index Scan", "Parent Relationship": "Outer", "Scan Direction": "Forward", "Index Name": "company_type_pkey", "Relation Name": "company_type", "Alias": "ct", "Startup Cost": 0.0, "Total Cost": 12.3, "Plan Rows": 1, "Plan Width": 4, "Actual Min Startup Time": 0.044, "Actual Max Startup Time": 0.044, "Actual Min Total Time": 0.05, "Actual Max Total Time": 0.05, "Actual Total Rows": 1, "Filter": "((kind)::text = 'production companies'::text)", "Rows Removed by Filter": 2}, {"Node Type": "Materialize", "Parent Relationship": "Inner", "Startup Cost": 0.0, "Total Cost": 94616.65, "Plan Rows": 418557, "Plan Width": 8, "Actual Min Startup Time": 273.752, "Actual Max Startup Time": 273.752, "Actual Min Total Time": 311.268, "Actual Max Total Time": 311.268, "Actual Total Rows": 295629, "Plans": [{"Node Type": "Streaming(type: LOCAL GATHER dop: 1/16)", "Parent Relationship": "Outer", "Startup Cost": 0.0, "Total Cost": 93570.26, "Plan Rows": 418557, "Plan Width": 8, "Actual Min Startup Time": 69.494, "Actual Max Startup Time": 69.494, "Actual Min Total Time": 230.884, "Actual Max Total Time": 230.884, "Actual Total Rows": 295628, "Plans": [{"Node Type": "Index Scan", "Parent Relationship": "Outer", "Scan Direction": "Forward", "Index Name": "company_type_id_movie_companies", "Relation Name": "movie_companies", "Alias": "mc", "Startup Cost": 0.0, "Total Cost": 84536.95, "Plan Rows": 418557, "Plan Width": 8, "Actual Min Startup Time": 14.696, "Actual Max Startup Time": 32.834, "Actual Min Total Time": 91.711, "Actual Max Total Time": 179.361, "Actual Total Rows": 295628, "Filter": "(((note)::text !~~ '%(TV)%'::text) AND ((note)::text ~~ '%(USA)%'::text)), (LLVM Optimized, Jit Execute)", "Rows Removed by Filter": 2313500}]}]}]}, {"Node Type": "Index Scan", "Parent Relationship": "Inner", "Scan Direction": "Forward", "Index Name": "title_pkey", "Relation Name": "title", "Alias": "t", "Startup Cost": 0.0, "Total Cost": 0.69, "Plan Rows": 1, "Plan Width": 21, "Actual Min Startup Time": 4.129, "Actual Max Startup Time": 4.129, "Actual Min Total Time": 4.129, "Actual Max Total Time": 4.129, "Actual Total Rows": 767, "Index Cond": "(id = mc.movie_id)", "Rows Removed by Index Recheck": 0, "Filter": "(production_year > 1990)", "Rows Removed by Filter": 31}]}, {"Node Type": "Index Scan", "Parent Relationship": "Inner", "Scan Direction": "Forward", "Index Name": "movie_id_movie_info", "Relation Name": "movie_info", "Alias": "mi", "Startup Cost": 0.0, "Total Cost": 0.88, "Plan Rows": 1, "Plan Width": 8, "Actual Min Startup Time": 14.924, "Actual Max Startup Time": 14.924, "Actual Min Total Time": 17.173, "Actual Max Total Time": 17.173, "Actual Total Rows": 669, "Index Cond": "(movie_id = t.id)", "Rows Removed by Index Recheck": 0, "Filter": "((info)::text = ANY ('{Sweden,Norway,Germany,Denmark,Swedish,Denish,Norwegian,German,USA,American}'::text[]))", "Rows Removed by Filter": 7721}]}, {"Node Type": "Index Only Scan", "Parent Relationship": "Inner", "Scan Direction": "Forward", "Index Name": "info_type_pkey", "Relation Name": "info_type", "Alias": "it", "Startup Cost": 0.0, "Total Cost": 0.27, "Plan Rows": 1, "Plan Width": 4, "Actual Min Startup Time": 0.636, "Actual Max Startup Time": 0.636, "Actual Min Total Time": 0.636, "Actual Max Total Time": 0.636, "Actual Total Rows": 669, "Index Cond": "(id = mi.info_type_id)", "Rows Removed by Index Recheck": 0, "Heap Fetches": 0}]}]}, "Triggers": [], "Planner Runtime": 3.744, "Total Runtime": 411.618, "Unique SQL Id": 322094867}}, "(16, 50)": {"explain_plan": {"Plan": {"Node Type": "Aggregate", "Strategy": "Plain", "Startup Cost": 2509762.0, "Total Cost": 2509762.01, "Plan Rows": 1, "Plan Width": 49, "Plans": [{"Node Type": "Nested Loop", "Parent Relationship": "Outer", "Join Type": "Inner", "Startup Cost": 1.14, "Total Cost": 2508934.38, "Plan Rows": 331050, "Plan Width": 17, "Inner Unique": true, "Plans": [{"Node Type": "Nested Loop", "Parent Relationship": "Outer", "Join Type": "Inner", "Startup Cost": 0.83, "Total Cost": 1473374.05, "Plan Rows": 238955, "Plan Width": 8, "Inner Unique": true, "Join Filter": "(mi.info_type_id = it.id), (LLVM Optimized)", "Plans": [{"Node Type": "Nested Loop", "Parent Relationship": "Outer", "Join Type": "Inner", "Startup Cost": 0.83, "Total Cost": 1071927.25, "Plan Rows": 238955, "Plan Width": 12, "Inner Unique": false, "Plans": [{"Node Type": "Nested Loop", "Parent Relationship": "Outer", "Join Type": "Inner", "Startup Cost": 0.0, "Total Cost": 32695.24, "Plan Rows": 209278, "Plan Width": 4, "Inner Unique": false, "Join Filter": "(ct.id = mc.company_type_id), (LLVM Optimized)", "Plans": [{"Node Type": "Seq Scan", "Parent Relationship": "Outer", "Relation Name": "company_type", "Alias": "ct", "Startup Cost": 0.0, "Total Cost": 1.04, "Plan Rows": 1, "Plan Width": 4, "Filter": "((kind)::text = 'production companies'::text)"}, {"Node Type": "Materialize", "Parent Relationship": "Inner", "Startup Cost": 0.0, "Total Cost": 28508.64, "Plan Rows": 418557, "Plan Width": 8, "Plans": [{"Node Type": "Streaming(type: LOCAL GATHER dop: 1/16)", "Parent Relationship": "Outer", "Startup Cost": 0.0, "Total Cost": 27462.24, "Plan Rows": 418557, "Plan Width": 8, "Plans": [{"Node Type": "Seq Scan", "Parent Relationship": "Outer", "Relation Name": "movie_companies", "Alias": "mc", "Startup Cost": 0.0, "Total Cost": 18428.93, "Plan Rows": 418557, "Plan Width": 8, "Filter": "(((note)::text !~~ '%(TV)%'::text) AND ((note)::text ~~ '%(USA)%'::text)), (LLVM Optimized)"}]}]}]}, {"Node Type": "Bitmap Heap Scan", "Parent Relationship": "Inner", "Relation Name": "movie_info", "Alias": "mi", "Startup Cost": 0.83, "Total Cost": 4.96, "Plan Rows": 1, "Plan Width": 8, "Recheck Cond": "(movie_id = mc.movie_id)", "Filter": "((info)::text = ANY ('{Sweden,Norway,Germany,Denmark,Swedish,Denish,Norwegian,German,USA,American}'::text[]))", "Plans": [{"Node Type": "Bitmap Index Scan", "Parent Relationship": "Outer", "Index Name": "movie_id_movie_info", "Startup Cost": 0.0, "Total Cost": 0.83, "Plan Rows": 5, "Plan Width": 0, "Index Cond": "(movie_id = mc.movie_id)"}]}]}, {"Node Type": "Materialize", "Parent Relationship": "Inner", "Startup Cost": 0.0, "Total Cost": 2.68, "Plan Rows": 112, "Plan Width": 4, "Plans": [{"Node Type": "Seq Scan", "Parent Relationship": "Outer", "Relation Name": "info_type", "Alias": "it", "Startup Cost": 0.0, "Total Cost": 2.12, "Plan Rows": 112, "Plan Width": 4}]}]}, {"Node Type": "Bitmap Heap Scan", "Parent Relationship": "Inner", "Relation Name": "title", "Alias": "t", "Startup Cost": 0.31, "Total Cost": 4.32, "Plan Rows": 1, "Plan Width": 21, "Recheck Cond": "(id = mi.movie_id)", "Filter": "(production_year > 1990)", "Plans": [{"Node Type": "Bitmap Index Scan", "Parent Relationship": "Outer", "Index Name": "title_pkey", "Startup Cost": 0.0, "Total Cost": 0.31, "Plan Rows": 1, "Plan Width": 0, "Index Cond": "(id = mi.movie_id)"}]}]}]}, "Unique SQL Id": 322094867}, "explain_analyze_plan": {"Plan": {"Node Type": "Aggregate", "Strategy": "Plain", "Startup Cost": 2509762.0, "Total Cost": 2509762.01, "Plan Rows": 1, "Plan Width": 49, "Actual Min Startup Time": 310.311, "Actual Max Startup Time": 310.311, "Actual Min Total Time": 310.311, "Actual Max Total Time": 310.311, "Actual Total Rows": 1, "Plans": [{"Node Type": "Nested Loop", "Parent Relationship": "Outer", "Join Type": "Inner", "Startup Cost": 1.14, "Total Cost": 2508934.38, "Plan Rows": 331050, "Plan Width": 17, "Actual Min Startup Time": 267.556, "Actual Max Startup Time": 267.556, "Actual Min Total Time": 309.868, "Actual Max Total Time": 309.868, "Actual Total Rows": 669, "Inner Unique": true, "Plans": [{"Node Type": "Nested Loop", "Parent Relationship": "Outer", "Join Type": "Inner", "Startup Cost": 0.83, "Total Cost": 1473374.05, "Plan Rows": 238955, "Plan Width": 8, "Actual Min Startup Time": 267.53, "Actual Max Startup Time": 267.53, "Actual Min Total Time": 304.241, "Actual Max Total Time": 304.241, "Actual Total Rows": 691, "Inner Unique": true, "Join Filter": "(mi.info_type_id = it.id), (LLVM Optimized)", "Rows Removed by Join Filter": 4196, "Plans": [{"Node Type": "Nested Loop", "Parent Relationship": "Outer", "Join Type": "Inner", "Startup Cost": 0.83, "Total Cost": 1071927.25, "Plan Rows": 238955, "Plan Width": 12, "Actual Min Startup Time": 267.472, "Actual Max Startup Time": 267.472, "Actual Min Total Time": 302.51, "Actual Max Total Time": 302.51, "Actual Total Rows": 691, "Inner Unique": false, "Plans": [{"Node Type": "Nested Loop", "Parent Relationship": "Outer", "Join Type": "Inner", "Startup Cost": 0.0, "Total Cost": 32695.24, "Plan Rows": 209278, "Plan Width": 4, "Actual Min Startup Time": 267.347, "Actual Max Startup Time": 267.347, "Actual Min Total Time": 279.561, "Actual Max Total Time": 279.561, "Actual Total Rows": 798, "Inner Unique": false, "Join Filter": "(ct.id = mc.company_type_id), (LLVM Optimized)", "Rows Removed by Join Filter": 294830, "Plans": [{"Node Type": "Seq Scan", "Parent Relationship": "Outer", "Relation Name": "company_type", "Alias": "ct", "Startup Cost": 0.0, "Total Cost": 1.04, "Plan Rows": 1, "Plan Width": 4, "Actual Min Startup Time": 0.046, "Actual Max Startup Time": 0.046, "Actual Min Total Time": 0.052, "Actual Max Total Time": 0.052, "Actual Total Rows": 1, "Filter": "((kind)::text = 'production companies'::text)", "Rows Removed by Filter": 2}, {"Node Type": "Materialize", "Parent Relationship": "Inner", "Startup Cost": 0.0, "Total Cost": 28508.64, "Plan Rows": 418557, "Plan Width": 8, "Actual Min Startup Time": 177.963, "Actual Max Startup Time": 177.963, "Actual Min Total Time": 214.763, "Actual Max Total Time": 214.763, "Actual Total Rows": 295629, "Plans": [{"Node Type": "Streaming(type: LOCAL GATHER dop: 1/16)", "Parent Relationship": "Outer", "Startup Cost": 0.0, "Total Cost": 27462.24, "Plan Rows": 418557, "Plan Width": 8, "Actual Min Startup Time": 42.8, "Actual Max Startup Time": 42.8, "Actual Min Total Time": 135.567, "Actual Max Total Time": 135.567, "Actual Total Rows": 295628, "Plans": [{"Node Type": "Seq Scan", "Parent Relationship": "Outer", "Relation Name": "movie_companies", "Alias": "mc", "Startup Cost": 0.0, "Total Cost": 18428.93, "Plan Rows": 418557, "Plan Width": 8, "Actual Min Startup Time": 0.038, "Actual Max Startup Time": 0.331, "Actual Min Total Time": 70.58, "Actual Max Total Time": 78.521, "Actual Total Rows": 295628, "Filter": "(((note)::text !~~ '%(TV)%'::text) AND ((note)::text ~~ '%(USA)%'::text)), (LLVM Optimized)", "Rows Removed by Filter": 2313500}]}]}]}, {"Node Type": "Bitmap Heap Scan", "Parent Relationship": "Inner", "Relation Name": "movie_info", "Alias": "mi", "Startup Cost": 0.83, "Total Cost": 4.96, "Plan Rows": 1, "Plan Width": 8, "Actual Min Startup Time": 19.628, "Actual Max Startup Time": 19.628, "Actual Min Total Time": 21.652, "Actual Max Total Time": 21.652, "Actual Total Rows": 691, "Recheck Cond": "(movie_id = mc.movie_id)", "Rows Removed by Index Recheck": 0, "Filter": "((info)::text = ANY ('{Sweden,Norway,Germany,Denmark,Swedish,Denish,Norwegian,German,USA,American}'::text[]))", "Rows Removed by Filter": 7906, "Exact Heap Blocks": 6397, "Lossy Heap Blocks": 6397, "Plans": [{"Node Type": "Bitmap Index Scan", "Parent Relationship": "Outer", "Index Name": "movie_id_movie_info", "Startup Cost": 0.0, "Total Cost": 0.83, "Plan Rows": 5, "Plan Width": 0, "Actual Min Startup Time": 5.1, "Actual Max Startup Time": 5.1, "Actual Min Total Time": 5.1, "Actual Max Total Time": 5.1, "Actual Total Rows": 8597, "Index Cond": "(movie_id = mc.movie_id)"}]}]}, {"Node Type": "Materialize", "Parent Relationship": "Inner", "Startup Cost": 0.0, "Total Cost": 2.68, "Plan Rows": 112, "Plan Width": 4, "Actual Min Startup Time": 0.108, "Actual Max Startup Time": 0.108, "Actual Min Total Time": 0.481, "Actual Max Total Time": 0.481, "Actual Total Rows": 4887, "Plans": [{"Node Type": "Seq Scan", "Parent Relationship": "Outer", "Relation Name": "info_type", "Alias": "it", "Startup Cost": 0.0, "Total Cost": 2.12, "Plan Rows": 112, "Plan Width": 4, "Actual Min Startup Time": 0.036, "Actual Max Startup Time": 0.036, "Actual Min Total Time": 0.04, "Actual Max Total Time": 0.04, "Actual Total Rows": 17}]}]}, {"Node Type": "Bitmap Heap Scan", "Parent Relationship": "Inner", "Relation Name": "title", "Alias": "t", "Startup Cost": 0.31, "Total Cost": 4.32, "Plan Rows": 1, "Plan Width": 21, "Actual Min Startup Time": 4.616, "Actual Max Startup Time": 4.616, "Actual Min Total Time": 4.616, "Actual Max Total Time": 4.616, "Actual Total Rows": 669, "Recheck Cond": "(id = mi.movie_id)", "Rows Removed by Index Recheck": 0, "Filter": "(production_year > 1990)", "Rows Removed by Filter": 22, "Exact Heap Blocks": 691, "Lossy Heap Blocks": 691, "Plans": [{"Node Type": "Bitmap Index Scan", "Parent Relationship": "Outer", "Index Name": "title_pkey", "Startup Cost": 0.0, "Total Cost": 0.31, "Plan Rows": 1, "Plan Width": 0, "Actual Min Startup Time": 2.823, "Actual Max Startup Time": 2.823, "Actual Min Total Time": 2.823, "Actual Max Total Time": 2.823, "Actual Total Rows": 691, "Index Cond": "(id = mi.movie_id)"}]}]}]}, "Triggers": [], "Planner Runtime": 5.221, "Total Runtime": 322.955, "Unique SQL Id": 322094867}}, "(16, 51)": {"explain_plan": {"Plan": {"Node Type": "Aggregate", "Strategy": "Plain", "Startup Cost": 2546736.36, "Total Cost": 2546736.37, "Plan Rows": 1, "Plan Width": 49, "Plans": [{"Node Type": "Nested Loop", "Parent Relationship": "Outer", "Join Type": "Inner", "Startup Cost": 29015.04, "Total Cost": 2545908.74, "Plan Rows": 331050, "Plan Width": 17, "Inner Unique": true, "Plans": [{"Node Type": "Nested Loop", "Parent Relationship": "Outer", "Join Type": "Inner", "Startup Cost": 29014.73, "Total Cost": 1510348.4, "Plan Rows": 238955, "Plan Width": 8, "Inner Unique": true, "Join Filter": "(mi.info_type_id = it.id), (LLVM Optimized)", "Plans": [{"Node Type": "Nested Loop", "Parent Relationship": "Outer", "Join Type": "Inner", "Startup Cost": 29005.9, "Total Cost": 1108889.77, "Plan Rows": 238955, "Plan Width": 12, "Inner Unique": false, "Plans": [{"Node Type": "Nested Loop", "Parent Relationship": "Outer", "Join Type": "Inner", "Startup Cost": 29005.06, "Total Cost": 69657.76, "Plan Rows": 209278, "Plan Width": 4, "Inner Unique": false, "Plans": [{"Node Type": "Bitmap Heap Scan", "Parent Relationship": "Outer", "Relation Name": "company_type", "Alias": "ct", "Startup Cost": 8.27, "Total Cost": 12.3, "Plan Rows": 1, "Plan Width": 4, "Filter": "((kind)::text = 'production companies'::text)", "Plans": [{"Node Type": "Bitmap Index Scan", "Parent Relationship": "Outer", "Index Name": "company_type_pkey", "Startup Cost": 0.0, "Total Cost": 8.27, "Plan Rows": 3, "Plan Width": 0}]}, {"Node Type": "Bitmap Heap Scan", "Parent Relationship": "Inner", "Relation Name": "movie_companies", "Alias": "mc", "Startup Cost": 28996.8, "Total Cost": 67552.67, "Plan Rows": 209279, "Plan Width": 8, "Recheck Cond": "(company_type_id = ct.id), (LLVM Optimized)", "Filter": "(((note)::text !~~ '%(TV)%'::text) AND ((note)::text ~~ '%(USA)%'::text)), (LLVM Optimized)", "Plans": [{"Node Type": "Bitmap Index Scan", "Parent Relationship": "Outer", "Index Name": "company_type_id_movie_companies", "Startup Cost": 0.0, "Total Cost": 28944.48, "Plan Rows": 1304564, "Plan Width": 0, "Index Cond": "(company_type_id = ct.id)"}]}]}, {"Node Type": "Bitmap Heap Scan", "Parent Relationship": "Inner", "Relation Name": "movie_info", "Alias": "mi", "Startup Cost": 0.83, "Total Cost": 4.96, "Plan Rows": 1, "Plan Width": 8, "Recheck Cond": "(movie_id = mc.movie_id)", "Filter": "((info)::text = ANY ('{Sweden,Norway,Germany,Denmark,Swedish,Denish,Norwegian,German,USA,American}'::text[]))", "Plans": [{"Node Type": "Bitmap Index Scan", "Parent Relationship": "Outer", "Index Name": "movie_id_movie_info", "Startup Cost": 0.0, "Total Cost": 0.83, "Plan Rows": 5, "Plan Width": 0, "Index Cond": "(movie_id = mc.movie_id)"}]}]}, {"Node Type": "Materialize", "Parent Relationship": "Inner", "Startup Cost": 8.84, "Total Cost": 14.52, "Plan Rows": 112, "Plan Width": 4, "Plans": [{"Node Type": "Bitmap Heap Scan", "Parent Relationship": "Outer", "Relation Name": "info_type", "Alias": "it", "Startup Cost": 8.84, "Total Cost": 13.96, "Plan Rows": 112, "Plan Width": 4, "Plans": [{"Node Type": "Bitmap Index Scan", "Parent Relationship": "Outer", "Index Name": "info_type_pkey", "Startup Cost": 0.0, "Total Cost": 8.81, "Plan Rows": 112, "Plan Width": 0}]}]}]}, {"Node Type": "Bitmap Heap Scan", "Parent Relationship": "Inner", "Relation Name": "title", "Alias": "t", "Startup Cost": 0.31, "Total Cost": 4.32, "Plan Rows": 1, "Plan Width": 21, "Recheck Cond": "(id = mi.movie_id)", "Filter": "(production_year > 1990)", "Plans": [{"Node Type": "Bitmap Index Scan", "Parent Relationship": "Outer", "Index Name": "title_pkey", "Startup Cost": 0.0, "Total Cost": 0.31, "Plan Rows": 1, "Plan Width": 0, "Index Cond": "(id = mi.movie_id)"}]}]}]}, "Unique SQL Id": 322094867}, "explain_analyze_plan": {"Plan": {"Node Type": "Aggregate", "Strategy": "Plain", "Startup Cost": 2546736.36, "Total Cost": 2546736.37, "Plan Rows": 1, "Plan Width": 49, "Actual Startup Time": 653.165, "Actual Total Time": 653.166, "Actual Rows": 1, "Actual Loops": 1, "Plans": [{"Node Type": "Nested Loop", "Parent Relationship": "Outer", "Join Type": "Inner", "Startup Cost": 29015.04, "Total Cost": 2545908.74, "Plan Rows": 331050, "Plan Width": 17, "Actual Startup Time": 170.6, "Actual Total Time": 652.494, "Actual Rows": 669, "Actual Loops": 1, "Inner Unique": true, "Plans": [{"Node Type": "Nested Loop", "Parent Relationship": "Outer", "Join Type": "Inner", "Startup Cost": 29014.73, "Total Cost": 1510348.4, "Plan Rows": 238955, "Plan Width": 8, "Actual Startup Time": 170.574, "Actual Total Time": 646.362, "Actual Rows": 691, "Actual Loops": 1, "Inner Unique": true, "Join Filter": "(mi.info_type_id = it.id), (LLVM Optimized)", "Rows Removed by Join Filter": 4196, "Plans": [{"Node Type": "Nested Loop", "Parent Relationship": "Outer", "Join Type": "Inner", "Startup Cost": 29005.9, "Total Cost": 1108889.77, "Plan Rows": 238955, "Plan Width": 12, "Actual Startup Time": 170.504, "Actual Total Time": 644.429, "Actual Rows": 691, "Actual Loops": 1, "Inner Unique": false, "Plans": [{"Node Type": "Nested Loop", "Parent Relationship": "Outer", "Join Type": "Inner", "Startup Cost": 29005.06, "Total Cost": 69657.76, "Plan Rows": 209278, "Plan Width": 4, "Actual Startup Time": 170.432, "Actual Total Time": 619.468, "Actual Rows": 798, "Actual Loops": 1, "Inner Unique": false, "Plans": [{"Node Type": "Bitmap Heap Scan", "Parent Relationship": "Outer", "Relation Name": "company_type", "Alias": "ct", "Startup Cost": 8.27, "Total Cost": 12.3, "Plan Rows": 1, "Plan Width": 4, "Actual Startup Time": 0.044, "Actual Total Time": 0.047, "Actual Rows": 1, "Actual Loops": 1, "Filter": "((kind)::text = 'production companies'::text)", "Rows Removed by Filter": 2, "Exact Heap Blocks": 1, "Lossy Heap Blocks": 1, "Plans": [{"Node Type": "Bitmap Index Scan", "Parent Relationship": "Outer", "Index Name": "company_type_pkey", "Startup Cost": 0.0, "Total Cost": 8.27, "Plan Rows": 3, "Plan Width": 0, "Actual Startup Time": 0.017, "Actual Total Time": 0.017, "Actual Rows": 3, "Actual Loops": 1}]}, {"Node Type": "Bitmap Heap Scan", "Parent Relationship": "Inner", "Relation Name": "movie_companies", "Alias": "mc", "Startup Cost": 28996.8, "Total Cost": 67552.67, "Plan Rows": 209279, "Plan Width": 8, "Actual Startup Time": 170.379, "Actual Total Time": 619.179, "Actual Rows": 798, "Actual Loops": 1, "Recheck Cond": "(company_type_id = ct.id), (LLVM Optimized)", "Rows Removed by Index Recheck": 0, "Filter": "(((note)::text !~~ '%(TV)%'::text) AND ((note)::text ~~ '%(USA)%'::text)), (LLVM Optimized)", "Rows Removed by Filter": 1334085, "Exact Heap Blocks": 6196, "Lossy Heap Blocks": 6196, "Plans": [{"Node Type": "Bitmap Index Scan", "Parent Relationship": "Outer", "Index Name": "company_type_id_movie_companies", "Startup Cost": 0.0, "Total Cost": 28944.48, "Plan Rows": 1304564, "Plan Width": 0, "Actual Startup Time": 163.448, "Actual Total Time": 163.448, "Actual Rows": 1334883, "Actual Loops": 1, "Index Cond": "(company_type_id = ct.id)"}]}]}, {"Node Type": "Bitmap Heap Scan", "Parent Relationship": "Inner", "Relation Name": "movie_info", "Alias": "mi", "Startup Cost": 0.83, "Total Cost": 4.96, "Plan Rows": 1, "Plan Width": 8, "Actual Startup Time": 21.112, "Actual Total Time": 23.239, "Actual Rows": 691, "Actual Loops": 798, "Recheck Cond": "(movie_id = mc.movie_id)", "Rows Removed by Index Recheck": 0, "Filter": "((info)::text = ANY ('{Sweden,Norway,Germany,Denmark,Swedish,Denish,Norwegian,German,USA,American}'::text[]))", "Rows Removed by Filter": 7906, "Exact Heap Blocks": 6397, "Lossy Heap Blocks": 6397, "Plans": [{"Node Type": "Bitmap Index Scan", "Parent Relationship": "Outer", "Index Name": "movie_id_movie_info", "Startup Cost": 0.0, "Total Cost": 0.83, "Plan Rows": 5, "Plan Width": 0, "Actual Startup Time": 5.59, "Actual Total Time": 5.59, "Actual Rows": 8597, "Actual Loops": 798, "Index Cond": "(movie_id = mc.movie_id)"}]}]}, {"Node Type": "Materialize", "Parent Relationship": "Inner", "Startup Cost": 8.84, "Total Cost": 14.52, "Plan Rows": 112, "Plan Width": 4, "Actual Startup Time": 0.153, "Actual Total Time": 0.492, "Actual Rows": 4887, "Actual Loops": 691, "Plans": [{"Node Type": "Bitmap Heap Scan", "Parent Relationship": "Outer", "Relation Name": "info_type", "Alias": "it", "Startup Cost": 8.84, "Total Cost": 13.96, "Plan Rows": 112, "Plan Width": 4, "Actual Startup Time": 0.041, "Actual Total Time": 0.044, "Actual Rows": 17, "Actual Loops": 1, "Exact Heap Blocks": 1, "Lossy Heap Blocks": 1, "Plans": [{"Node Type": "Bitmap Index Scan", "Parent Relationship": "Outer", "Index Name": "info_type_pkey", "Startup Cost": 0.0, "Total Cost": 8.81, "Plan Rows": 112, "Plan Width": 0, "Actual Startup Time": 0.013, "Actual Total Time": 0.013, "Actual Rows": 112, "Actual Loops": 1}]}]}]}, {"Node Type": "Bitmap Heap Scan", "Parent Relationship": "Inner", "Relation Name": "title", "Alias": "t", "Startup Cost": 0.31, "Total Cost": 4.32, "Plan Rows": 1, "Plan Width": 21, "Actual Startup Time": 4.903, "Actual Total Time": 4.903, "Actual Rows": 669, "Actual Loops": 691, "Recheck Cond": "(id = mi.movie_id)", "Rows Removed by Index Recheck": 0, "Filter": "(production_year > 1990)", "Rows Removed by Filter": 22, "Exact Heap Blocks": 691, "Lossy Heap Blocks": 691, "Plans": [{"Node Type": "Bitmap Index Scan", "Parent Relationship": "Outer", "Index Name": "title_pkey", "Startup Cost": 0.0, "Total Cost": 0.31, "Plan Rows": 1, "Plan Width": 0, "Actual Startup Time": 3.007, "Actual Total Time": 3.007, "Actual Rows": 691, "Actual Loops": 691, "Index Cond": "(id = mi.movie_id)"}]}]}]}, "Triggers": [], "Planner Runtime": 3.534, "Total Runtime": 662.856, "Unique SQL Id": 322094867}}, "(16, 52)": {"explain_plan": {"Plan": {"Node Type": "Aggregate", "Strategy": "Plain", "Startup Cost": 531939.23, "Total Cost": 531939.24, "Plan Rows": 1, "Plan Width": 49, "Plans": [{"Node Type": "Nested Loop", "Parent Relationship": "Outer", "Join Type": "Inner", "Startup Cost": 0.0, "Total Cost": 531111.61, "Plan Rows": 331050, "Plan Width": 17, "Inner Unique": true, "Plans": [{"Node Type": "Nested Loop", "Parent Relationship": "Outer", "Join Type": "Inner", "Startup Cost": 0.0, "Total Cost": 438412.14, "Plan Rows": 331050, "Plan Width": 21, "Inner Unique": false, "Plans": [{"Node Type": "Nested Loop", "Parent Relationship": "Outer", "Join Type": "Inner", "Startup Cost": 0.0, "Total Cost": 179894.07, "Plan Rows": 289936, "Plan Width": 25, "Inner Unique": true, "Plans": [{"Node Type": "Nested Loop", "Parent Relationship": "Outer", "Join Type": "Inner", "Startup Cost": 0.0, "Total Cost": 32695.24, "Plan Rows": 209278, "Plan Width": 4, "Inner Unique": false, "Join Filter": "(ct.id = mc.company_type_id), (LLVM Optimized)", "Plans": [{"Node Type": "Seq Scan", "Parent Relationship": "Outer", "Relation Name": "company_type", "Alias": "ct", "Startup Cost": 0.0, "Total Cost": 1.04, "Plan Rows": 1, "Plan Width": 4, "Filter": "((kind)::text = 'production companies'::text)"}, {"Node Type": "Materialize", "Parent Relationship": "Inner", "Startup Cost": 0.0, "Total Cost": 28508.64, "Plan Rows": 418557, "Plan Width": 8, "Plans": [{"Node Type": "Streaming(type: LOCAL GATHER dop: 1/16)", "Parent Relationship": "Outer", "Startup Cost": 0.0, "Total Cost": 27462.24, "Plan Rows": 418557, "Plan Width": 8, "Plans": [{"Node Type": "Seq Scan", "Parent Relationship": "Outer", "Relation Name": "movie_companies", "Alias": "mc", "Startup Cost": 0.0, "Total Cost": 18428.93, "Plan Rows": 418557, "Plan Width": 8, "Filter": "(((note)::text !~~ '%(TV)%'::text) AND ((note)::text ~~ '%(USA)%'::text)), (LLVM Optimized)"}]}]}]}, {"Node Type": "Index Scan", "Parent Relationship": "Inner", "Scan Direction": "Forward", "Index Name": "title_pkey", "Relation Name": "title", "Alias": "t", "Startup Cost": 0.0, "Total Cost": 0.69, "Plan Rows": 1, "Plan Width": 21, "Index Cond": "(id = mc.movie_id)", "Filter": "(production_year > 1990)"}]}, {"Node Type": "Index Scan", "Parent Relationship": "Inner", "Scan Direction": "Forward", "Index Name": "movie_id_movie_info", "Relation Name": "movie_info", "Alias": "mi", "Startup Cost": 0.0, "Total Cost": 0.88, "Plan Rows": 1, "Plan Width": 8, "Index Cond": "(movie_id = t.id)", "Filter": "((info)::text = ANY ('{Sweden,Norway,Germany,Denmark,Swedish,Denish,Norwegian,German,USA,American}'::text[]))"}]}, {"Node Type": "Index Scan", "Parent Relationship": "Inner", "Scan Direction": "Forward", "Index Name": "info_type_pkey", "Relation Name": "info_type", "Alias": "it", "Startup Cost": 0.0, "Total Cost": 0.27, "Plan Rows": 1, "Plan Width": 4, "Index Cond": "(id = mi.info_type_id)"}]}]}, "Unique SQL Id": 322094867}, "explain_analyze_plan": {"Plan": {"Node Type": "Aggregate", "Strategy": "Plain", "Startup Cost": 531939.23, "Total Cost": 531939.24, "Plan Rows": 1, "Plan Width": 49, "Actual Min Startup Time": 308.916, "Actual Max Startup Time": 308.916, "Actual Min Total Time": 308.916, "Actual Max Total Time": 308.916, "Actual Total Rows": 1, "Plans": [{"Node Type": "Nested Loop", "Parent Relationship": "Outer", "Join Type": "Inner", "Startup Cost": 0.0, "Total Cost": 531111.61, "Plan Rows": 331050, "Plan Width": 17, "Actual Min Startup Time": 273.051, "Actual Max Startup Time": 273.051, "Actual Min Total Time": 308.573, "Actual Max Total Time": 308.573, "Actual Total Rows": 669, "Inner Unique": true, "Plans": [{"Node Type": "Nested Loop", "Parent Relationship": "Outer", "Join Type": "Inner", "Startup Cost": 0.0, "Total Cost": 438412.14, "Plan Rows": 331050, "Plan Width": 21, "Actual Min Startup Time": 273.042, "Actual Max Startup Time": 273.042, "Actual Min Total Time": 306.962, "Actual Max Total Time": 306.962, "Actual Total Rows": 669, "Inner Unique": false, "Plans": [{"Node Type": "Nested Loop", "Parent Relationship": "Outer", "Join Type": "Inner", "Startup Cost": 0.0, "Total Cost": 179894.07, "Plan Rows": 289936, "Plan Width": 25, "Actual Min Startup Time": 273.004, "Actual Max Startup Time": 273.004, "Actual Min Total Time": 289.211, "Actual Max Total Time": 289.211, "Actual Total Rows": 767, "Inner Unique": true, "Plans": [{"Node Type": "Nested Loop", "Parent Relationship": "Outer", "Join Type": "Inner", "Startup Cost": 0.0, "Total Cost": 32695.24, "Plan Rows": 209278, "Plan Width": 4, "Actual Min Startup Time": 272.935, "Actual Max Startup Time": 272.935, "Actual Min Total Time": 284.44, "Actual Max Total Time": 284.44, "Actual Total Rows": 798, "Inner Unique": false, "Join Filter": "(ct.id = mc.company_type_id), (LLVM Optimized)", "Rows Removed by Join Filter": 294830, "Plans": [{"Node Type": "Seq Scan", "Parent Relationship": "Outer", "Relation Name": "company_type", "Alias": "ct", "Startup Cost": 0.0, "Total Cost": 1.04, "Plan Rows": 1, "Plan Width": 4, "Actual Min Startup Time": 0.041, "Actual Max Startup Time": 0.041, "Actual Min Total Time": 0.046, "Actual Max Total Time": 0.046, "Actual Total Rows": 1, "Filter": "((kind)::text = 'production companies'::text)", "Rows Removed by Filter": 2}, {"Node Type": "Materialize", "Parent Relationship": "Inner", "Startup Cost": 0.0, "Total Cost": 28508.64, "Plan Rows": 418557, "Plan Width": 8, "Actual Min Startup Time": 183.415, "Actual Max Startup Time": 183.415, "Actual Min Total Time": 219.504, "Actual Max Total Time": 219.504, "Actual Total Rows": 295629, "Plans": [{"Node Type": "Streaming(type: LOCAL GATHER dop: 1/16)", "Parent Relationship": "Outer", "Startup Cost": 0.0, "Total Cost": 27462.24, "Plan Rows": 418557, "Plan Width": 8, "Actual Min Startup Time": 45.405, "Actual Max Startup Time": 45.405, "Actual Min Total Time": 140.238, "Actual Max Total Time": 140.238, "Actual Total Rows": 295628, "Plans": [{"Node Type": "Seq Scan", "Parent Relationship": "Outer", "Relation Name": "movie_companies", "Alias": "mc", "Startup Cost": 0.0, "Total Cost": 18428.93, "Plan Rows": 418557, "Plan Width": 8, "Actual Min Startup Time": 0.036, "Actual Max Startup Time": 0.295, "Actual Min Total Time": 70.811, "Actual Max Total Time": 78.326, "Actual Total Rows": 295628, "Filter": "(((note)::text !~~ '%(TV)%'::text) AND ((note)::text ~~ '%(USA)%'::text)), (LLVM Optimized)", "Rows Removed by Filter": 2313500}]}]}]}, {"Node Type": "Index Scan", "Parent Relationship": "Inner", "Scan Direction": "Forward", "Index Name": "title_pkey", "Relation Name": "title", "Alias": "t", "Startup Cost": 0.0, "Total Cost": 0.69, "Plan Rows": 1, "Plan Width": 21, "Actual Min Startup Time": 4.168, "Actual Max Startup Time": 4.168, "Actual Min Total Time": 4.168, "Actual Max Total Time": 4.168, "Actual Total Rows": 767, "Index Cond": "(id = mc.movie_id)", "Rows Removed by Index Recheck": 0, "Filter": "(production_year > 1990)", "Rows Removed by Filter": 31}]}, {"Node Type": "Index Scan", "Parent Relationship": "Inner", "Scan Direction": "Forward", "Index Name": "movie_id_movie_info", "Relation Name": "movie_info", "Alias": "mi", "Startup Cost": 0.0, "Total Cost": 0.88, "Plan Rows": 1, "Plan Width": 8, "Actual Min Startup Time": 14.968, "Actual Max Startup Time": 14.968, "Actual Min Total Time": 17.176, "Actual Max Total Time": 17.176, "Actual Total Rows": 669, "Index Cond": "(movie_id = t.id)", "Rows Removed by Index Recheck": 0, "Filter": "((info)::text = ANY ('{Sweden,Norway,Germany,Denmark,Swedish,Denish,Norwegian,German,USA,American}'::text[]))", "Rows Removed by Filter": 7721}]}, {"Node Type": "Index Scan", "Parent Relationship": "Inner", "Scan Direction": "Forward", "Index Name": "info_type_pkey", "Relation Name": "info_type", "Alias": "it", "Startup Cost": 0.0, "Total Cost": 0.27, "Plan Rows": 1, "Plan Width": 4, "Actual Min Startup Time": 1.063, "Actual Max Startup Time": 1.063, "Actual Min Total Time": 1.063, "Actual Max Total Time": 1.063, "Actual Total Rows": 669, "Index Cond": "(id = mi.info_type_id)", "Rows Removed by Index Recheck": 0}]}]}, "Triggers": [], "Planner Runtime": 3.836, "Total Runtime": 321.318, "Unique SQL Id": 322094867}}, "(16, 53)": {"explain_plan": {"Plan": {"Node Type": "Aggregate", "Strategy": "Plain", "Startup Cost": 598058.51, "Total Cost": 598058.52, "Plan Rows": 1, "Plan Width": 49, "Plans": [{"Node Type": "Nested Loop", "Parent Relationship": "Outer", "Join Type": "Inner", "Startup Cost": 0.0, "Total Cost": 597230.89, "Plan Rows": 331050, "Plan Width": 17, "Inner Unique": true, "Plans": [{"Node Type": "Nested Loop", "Parent Relationship": "Outer", "Join Type": "Inner", "Startup Cost": 0.0, "Total Cost": 504531.42, "Plan Rows": 331050, "Plan Width": 21, "Inner Unique": false, "Plans": [{"Node Type": "Nested Loop", "Parent Relationship": "Outer", "Join Type": "Inner", "Startup Cost": 0.0, "Total Cost": 246013.35, "Plan Rows": 289936, "Plan Width": 25, "Inner Unique": true, "Plans": [{"Node Type": "Nested Loop", "Parent Relationship": "Outer", "Join Type": "Inner", "Startup Cost": 0.0, "Total Cost": 98814.52, "Plan Rows": 209278, "Plan Width": 4, "Inner Unique": false, "Join Filter": "(ct.id = mc.company_type_id), (LLVM Optimized)", "Plans": [{"Node Type": "Index Scan", "Parent Relationship": "Outer", "Scan Direction": "Forward", "Index Name": "company_type_pkey", "Relation Name": "company_type", "Alias": "ct", "Startup Cost": 0.0, "Total Cost": 12.3, "Plan Rows": 1, "Plan Width": 4, "Filter": "((kind)::text = 'production companies'::text)"}, {"Node Type": "Materialize", "Parent Relationship": "Inner", "Startup Cost": 0.0, "Total Cost": 94616.65, "Plan Rows": 418557, "Plan Width": 8, "Plans": [{"Node Type": "Streaming(type: LOCAL GATHER dop: 1/16)", "Parent Relationship": "Outer", "Startup Cost": 0.0, "Total Cost": 93570.26, "Plan Rows": 418557, "Plan Width": 8, "Plans": [{"Node Type": "Index Scan", "Parent Relationship": "Outer", "Scan Direction": "Forward", "Index Name": "company_type_id_movie_companies", "Relation Name": "movie_companies", "Alias": "mc", "Startup Cost": 0.0, "Total Cost": 84536.95, "Plan Rows": 418557, "Plan Width": 8, "Filter": "(((note)::text !~~ '%(TV)%'::text) AND ((note)::text ~~ '%(USA)%'::text)), (LLVM Optimized)"}]}]}]}, {"Node Type": "Index Scan", "Parent Relationship": "Inner", "Scan Direction": "Forward", "Index Name": "title_pkey", "Relation Name": "title", "Alias": "t", "Startup Cost": 0.0, "Total Cost": 0.69, "Plan Rows": 1, "Plan Width": 21, "Index Cond": "(id = mc.movie_id)", "Filter": "(production_year > 1990)"}]}, {"Node Type": "Index Scan", "Parent Relationship": "Inner", "Scan Direction": "Forward", "Index Name": "movie_id_movie_info", "Relation Name": "movie_info", "Alias": "mi", "Startup Cost": 0.0, "Total Cost": 0.88, "Plan Rows": 1, "Plan Width": 8, "Index Cond": "(movie_id = t.id)", "Filter": "((info)::text = ANY ('{Sweden,Norway,Germany,Denmark,Swedish,Denish,Norwegian,German,USA,American}'::text[]))"}]}, {"Node Type": "Index Scan", "Parent Relationship": "Inner", "Scan Direction": "Forward", "Index Name": "info_type_pkey", "Relation Name": "info_type", "Alias": "it", "Startup Cost": 0.0, "Total Cost": 0.27, "Plan Rows": 1, "Plan Width": 4, "Index Cond": "(id = mi.info_type_id)"}]}]}, "Unique SQL Id": 322094867}, "explain_analyze_plan": {"Plan": {"Node Type": "Aggregate", "Strategy": "Plain", "Startup Cost": 598058.51, "Total Cost": 598058.52, "Plan Rows": 1, "Plan Width": 49, "Actual Min Startup Time": 410.498, "Actual Max Startup Time": 410.498, "Actual Min Total Time": 410.499, "Actual Max Total Time": 410.499, "Actual Total Rows": 1, "Plans": [{"Node Type": "Nested Loop", "Parent Relationship": "Outer", "Join Type": "Inner", "Startup Cost": 0.0, "Total Cost": 597230.89, "Plan Rows": 331050, "Plan Width": 17, "Actual Min Startup Time": 311.847, "Actual Max Startup Time": 311.847, "Actual Min Total Time": 410.148, "Actual Max Total Time": 410.148, "Actual Total Rows": 669, "Inner Unique": true, "Plans": [{"Node Type": "Nested Loop", "Parent Relationship": "Outer", "Join Type": "Inner", "Startup Cost": 0.0, "Total Cost": 504531.42, "Plan Rows": 331050, "Plan Width": 21, "Actual Min Startup Time": 311.838, "Actual Max Startup Time": 311.838, "Actual Min Total Time": 408.54, "Actual Max Total Time": 408.54, "Actual Total Rows": 669, "Inner Unique": false, "Plans": [{"Node Type": "Nested Loop", "Parent Relationship": "Outer", "Join Type": "Inner", "Startup Cost": 0.0, "Total Cost": 246013.35, "Plan Rows": 289936, "Plan Width": 25, "Actual Min Startup Time": 311.797, "Actual Max Startup Time": 311.797, "Actual Min Total Time": 389.441, "Actual Max Total Time": 389.441, "Actual Total Rows": 767, "Inner Unique": true, "Plans": [{"Node Type": "Nested Loop", "Parent Relationship": "Outer", "Join Type": "Inner", "Startup Cost": 0.0, "Total Cost": 98814.52, "Plan Rows": 209278, "Plan Width": 4, "Actual Min Startup Time": 311.75, "Actual Max Startup Time": 311.75, "Actual Min Total Time": 384.409, "Actual Max Total Time": 384.409, "Actual Total Rows": 798, "Inner Unique": false, "Join Filter": "(ct.id = mc.company_type_id), (LLVM Optimized)", "Rows Removed by Join Filter": 294830, "Plans": [{"Node Type": "Index Scan", "Parent Relationship": "Outer", "Scan Direction": "Forward", "Index Name": "company_type_pkey", "Relation Name": "company_type", "Alias": "ct", "Startup Cost": 0.0, "Total Cost": 12.3, "Plan Rows": 1, "Plan Width": 4, "Actual Min Startup Time": 0.041, "Actual Max Startup Time": 0.041, "Actual Min Total Time": 0.047, "Actual Max Total Time": 0.047, "Actual Total Rows": 1, "Filter": "((kind)::text = 'production companies'::text)", "Rows Removed by Filter": 2}, {"Node Type": "Materialize", "Parent Relationship": "Inner", "Startup Cost": 0.0, "Total Cost": 94616.65, "Plan Rows": 418557, "Plan Width": 8, "Actual Min Startup Time": 282.551, "Actual Max Startup Time": 282.551, "Actual Min Total Time": 319.914, "Actual Max Total Time": 319.914, "Actual Total Rows": 295629, "Plans": [{"Node Type": "Streaming(type: LOCAL GATHER dop: 1/16)", "Parent Relationship": "Outer", "Startup Cost": 0.0, "Total Cost": 93570.26, "Plan Rows": 418557, "Plan Width": 8, "Actual Min Startup Time": 80.79, "Actual Max Startup Time": 80.79, "Actual Min Total Time": 240.3, "Actual Max Total Time": 240.3, "Actual Total Rows": 295628, "Plans": [{"Node Type": "Index Scan", "Parent Relationship": "Outer", "Scan Direction": "Forward", "Index Name": "company_type_id_movie_companies", "Relation Name": "movie_companies", "Alias": "mc", "Startup Cost": 0.0, "Total Cost": 84536.95, "Plan Rows": 418557, "Plan Width": 8, "Actual Min Startup Time": 20.209, "Actual Max Startup Time": 41.977, "Actual Min Total Time": 93.2, "Actual Max Total Time": 186.907, "Actual Total Rows": 295628, "Filter": "(((note)::text !~~ '%(TV)%'::text) AND ((note)::text ~~ '%(USA)%'::text)), (LLVM Optimized)", "Rows Removed by Filter": 2313500}]}]}]}, {"Node Type": "Index Scan", "Parent Relationship": "Inner", "Scan Direction": "Forward", "Index Name": "title_pkey", "Relation Name": "title", "Alias": "t", "Startup Cost": 0.0, "Total Cost": 0.69, "Plan Rows": 1, "Plan Width": 21, "Actual Min Startup Time": 4.378, "Actual Max Startup Time": 4.378, "Actual Min Total Time": 4.378, "Actual Max Total Time": 4.378, "Actual Total Rows": 767, "Index Cond": "(id = mc.movie_id)", "Rows Removed by Index Recheck": 0, "Filter": "(production_year > 1990)", "Rows Removed by Filter": 31}]}, {"Node Type": "Index Scan", "Parent Relationship": "Inner", "Scan Direction": "Forward", "Index Name": "movie_id_movie_info", "Relation Name": "movie_info", "Alias": "mi", "Startup Cost": 0.0, "Total Cost": 0.88, "Plan Rows": 1, "Plan Width": 8, "Actual Min Startup Time": 16.146, "Actual Max Startup Time": 16.146, "Actual Min Total Time": 18.521, "Actual Max Total Time": 18.521, "Actual Total Rows": 669, "Index Cond": "(movie_id = t.id)", "Rows Removed by Index Recheck": 0, "Filter": "((info)::text = ANY ('{Sweden,Norway,Germany,Denmark,Swedish,Denish,Norwegian,German,USA,American}'::text[]))", "Rows Removed by Filter": 7721}]}, {"Node Type": "Index Scan", "Parent Relationship": "Inner", "Scan Direction": "Forward", "Index Name": "info_type_pkey", "Relation Name": "info_type", "Alias": "it", "Startup Cost": 0.0, "Total Cost": 0.27, "Plan Rows": 1, "Plan Width": 4, "Actual Min Startup Time": 1.059, "Actual Max Startup Time": 1.059, "Actual Min Total Time": 1.059, "Actual Max Total Time": 1.059, "Actual Total Rows": 669, "Index Cond": "(id = mi.info_type_id)", "Rows Removed by Index Recheck": 0}]}]}, "Triggers": [], "Planner Runtime": 3.844, "Total Runtime": 422.528, "Unique SQL Id": 322094867}}, "(16, 54)": {"explain_plan": {"Plan": {"Node Type": "Aggregate", "Strategy": "Plain", "Startup Cost": 2509762.0, "Total Cost": 2509762.01, "Plan Rows": 1, "Plan Width": 49, "Plans": [{"Node Type": "Nested Loop", "Parent Relationship": "Outer", "Join Type": "Inner", "Startup Cost": 1.14, "Total Cost": 2508934.38, "Plan Rows": 331050, "Plan Width": 17, "Inner Unique": true, "Plans": [{"Node Type": "Nested Loop", "Parent Relationship": "Outer", "Join Type": "Inner", "Startup Cost": 0.83, "Total Cost": 1473374.05, "Plan Rows": 238955, "Plan Width": 8, "Inner Unique": true, "Join Filter": "(mi.info_type_id = it.id), (LLVM Optimized)", "Plans": [{"Node Type": "Nested Loop", "Parent Relationship": "Outer", "Join Type": "Inner", "Startup Cost": 0.83, "Total Cost": 1071927.25, "Plan Rows": 238955, "Plan Width": 12, "Inner Unique": false, "Plans": [{"Node Type": "Nested Loop", "Parent Relationship": "Outer", "Join Type": "Inner", "Startup Cost": 0.0, "Total Cost": 32695.24, "Plan Rows": 209278, "Plan Width": 4, "Inner Unique": false, "Join Filter": "(ct.id = mc.company_type_id), (LLVM Optimized)", "Plans": [{"Node Type": "Seq Scan", "Parent Relationship": "Outer", "Relation Name": "company_type", "Alias": "ct", "Startup Cost": 0.0, "Total Cost": 1.04, "Plan Rows": 1, "Plan Width": 4, "Filter": "((kind)::text = 'production companies'::text)"}, {"Node Type": "Materialize", "Parent Relationship": "Inner", "Startup Cost": 0.0, "Total Cost": 28508.64, "Plan Rows": 418557, "Plan Width": 8, "Plans": [{"Node Type": "Streaming(type: LOCAL GATHER dop: 1/16)", "Parent Relationship": "Outer", "Startup Cost": 0.0, "Total Cost": 27462.24, "Plan Rows": 418557, "Plan Width": 8, "Plans": [{"Node Type": "Seq Scan", "Parent Relationship": "Outer", "Relation Name": "movie_companies", "Alias": "mc", "Startup Cost": 0.0, "Total Cost": 18428.93, "Plan Rows": 418557, "Plan Width": 8, "Filter": "(((note)::text !~~ '%(TV)%'::text) AND ((note)::text ~~ '%(USA)%'::text)), (LLVM Optimized)"}]}]}]}, {"Node Type": "Bitmap Heap Scan", "Parent Relationship": "Inner", "Relation Name": "movie_info", "Alias": "mi", "Startup Cost": 0.83, "Total Cost": 4.96, "Plan Rows": 1, "Plan Width": 8, "Recheck Cond": "(movie_id = mc.movie_id)", "Filter": "((info)::text = ANY ('{Sweden,Norway,Germany,Denmark,Swedish,Denish,Norwegian,German,USA,American}'::text[]))", "Plans": [{"Node Type": "Bitmap Index Scan", "Parent Relationship": "Outer", "Index Name": "movie_id_movie_info", "Startup Cost": 0.0, "Total Cost": 0.83, "Plan Rows": 5, "Plan Width": 0, "Index Cond": "(movie_id = mc.movie_id)"}]}]}, {"Node Type": "Materialize", "Parent Relationship": "Inner", "Startup Cost": 0.0, "Total Cost": 2.68, "Plan Rows": 112, "Plan Width": 4, "Plans": [{"Node Type": "Seq Scan", "Parent Relationship": "Outer", "Relation Name": "info_type", "Alias": "it", "Startup Cost": 0.0, "Total Cost": 2.12, "Plan Rows": 112, "Plan Width": 4}]}]}, {"Node Type": "Bitmap Heap Scan", "Parent Relationship": "Inner", "Relation Name": "title", "Alias": "t", "Startup Cost": 0.31, "Total Cost": 4.32, "Plan Rows": 1, "Plan Width": 21, "Recheck Cond": "(id = mi.movie_id)", "Filter": "(production_year > 1990)", "Plans": [{"Node Type": "Bitmap Index Scan", "Parent Relationship": "Outer", "Index Name": "title_pkey", "Startup Cost": 0.0, "Total Cost": 0.31, "Plan Rows": 1, "Plan Width": 0, "Index Cond": "(id = mi.movie_id)"}]}]}]}, "Unique SQL Id": 322094867}, "explain_analyze_plan": {"Plan": {"Node Type": "Aggregate", "Strategy": "Plain", "Startup Cost": 2509762.0, "Total Cost": 2509762.01, "Plan Rows": 1, "Plan Width": 49, "Actual Min Startup Time": 310.311, "Actual Max Startup Time": 310.311, "Actual Min Total Time": 310.311, "Actual Max Total Time": 310.311, "Actual Total Rows": 1, "Plans": [{"Node Type": "Nested Loop", "Parent Relationship": "Outer", "Join Type": "Inner", "Startup Cost": 1.14, "Total Cost": 2508934.38, "Plan Rows": 331050, "Plan Width": 17, "Actual Min Startup Time": 267.556, "Actual Max Startup Time": 267.556, "Actual Min Total Time": 309.868, "Actual Max Total Time": 309.868, "Actual Total Rows": 669, "Inner Unique": true, "Plans": [{"Node Type": "Nested Loop", "Parent Relationship": "Outer", "Join Type": "Inner", "Startup Cost": 0.83, "Total Cost": 1473374.05, "Plan Rows": 238955, "Plan Width": 8, "Actual Min Startup Time": 267.53, "Actual Max Startup Time": 267.53, "Actual Min Total Time": 304.241, "Actual Max Total Time": 304.241, "Actual Total Rows": 691, "Inner Unique": true, "Join Filter": "(mi.info_type_id = it.id), (LLVM Optimized)", "Rows Removed by Join Filter": 4196, "Plans": [{"Node Type": "Nested Loop", "Parent Relationship": "Outer", "Join Type": "Inner", "Startup Cost": 0.83, "Total Cost": 1071927.25, "Plan Rows": 238955, "Plan Width": 12, "Actual Min Startup Time": 267.472, "Actual Max Startup Time": 267.472, "Actual Min Total Time": 302.51, "Actual Max Total Time": 302.51, "Actual Total Rows": 691, "Inner Unique": false, "Plans": [{"Node Type": "Nested Loop", "Parent Relationship": "Outer", "Join Type": "Inner", "Startup Cost": 0.0, "Total Cost": 32695.24, "Plan Rows": 209278, "Plan Width": 4, "Actual Min Startup Time": 267.347, "Actual Max Startup Time": 267.347, "Actual Min Total Time": 279.561, "Actual Max Total Time": 279.561, "Actual Total Rows": 798, "Inner Unique": false, "Join Filter": "(ct.id = mc.company_type_id), (LLVM Optimized)", "Rows Removed by Join Filter": 294830, "Plans": [{"Node Type": "Seq Scan", "Parent Relationship": "Outer", "Relation Name": "company_type", "Alias": "ct", "Startup Cost": 0.0, "Total Cost": 1.04, "Plan Rows": 1, "Plan Width": 4, "Actual Min Startup Time": 0.046, "Actual Max Startup Time": 0.046, "Actual Min Total Time": 0.052, "Actual Max Total Time": 0.052, "Actual Total Rows": 1, "Filter": "((kind)::text = 'production companies'::text)", "Rows Removed by Filter": 2}, {"Node Type": "Materialize", "Parent Relationship": "Inner", "Startup Cost": 0.0, "Total Cost": 28508.64, "Plan Rows": 418557, "Plan Width": 8, "Actual Min Startup Time": 177.963, "Actual Max Startup Time": 177.963, "Actual Min Total Time": 214.763, "Actual Max Total Time": 214.763, "Actual Total Rows": 295629, "Plans": [{"Node Type": "Streaming(type: LOCAL GATHER dop: 1/16)", "Parent Relationship": "Outer", "Startup Cost": 0.0, "Total Cost": 27462.24, "Plan Rows": 418557, "Plan Width": 8, "Actual Min Startup Time": 42.8, "Actual Max Startup Time": 42.8, "Actual Min Total Time": 135.567, "Actual Max Total Time": 135.567, "Actual Total Rows": 295628, "Plans": [{"Node Type": "Seq Scan", "Parent Relationship": "Outer", "Relation Name": "movie_companies", "Alias": "mc", "Startup Cost": 0.0, "Total Cost": 18428.93, "Plan Rows": 418557, "Plan Width": 8, "Actual Min Startup Time": 0.038, "Actual Max Startup Time": 0.331, "Actual Min Total Time": 70.58, "Actual Max Total Time": 78.521, "Actual Total Rows": 295628, "Filter": "(((note)::text !~~ '%(TV)%'::text) AND ((note)::text ~~ '%(USA)%'::text)), (LLVM Optimized)", "Rows Removed by Filter": 2313500}]}]}]}, {"Node Type": "Bitmap Heap Scan", "Parent Relationship": "Inner", "Relation Name": "movie_info", "Alias": "mi", "Startup Cost": 0.83, "Total Cost": 4.96, "Plan Rows": 1, "Plan Width": 8, "Actual Min Startup Time": 19.628, "Actual Max Startup Time": 19.628, "Actual Min Total Time": 21.652, "Actual Max Total Time": 21.652, "Actual Total Rows": 691, "Recheck Cond": "(movie_id = mc.movie_id)", "Rows Removed by Index Recheck": 0, "Filter": "((info)::text = ANY ('{Sweden,Norway,Germany,Denmark,Swedish,Denish,Norwegian,German,USA,American}'::text[]))", "Rows Removed by Filter": 7906, "Exact Heap Blocks": 6397, "Lossy Heap Blocks": 6397, "Plans": [{"Node Type": "Bitmap Index Scan", "Parent Relationship": "Outer", "Index Name": "movie_id_movie_info", "Startup Cost": 0.0, "Total Cost": 0.83, "Plan Rows": 5, "Plan Width": 0, "Actual Min Startup Time": 5.1, "Actual Max Startup Time": 5.1, "Actual Min Total Time": 5.1, "Actual Max Total Time": 5.1, "Actual Total Rows": 8597, "Index Cond": "(movie_id = mc.movie_id)"}]}]}, {"Node Type": "Materialize", "Parent Relationship": "Inner", "Startup Cost": 0.0, "Total Cost": 2.68, "Plan Rows": 112, "Plan Width": 4, "Actual Min Startup Time": 0.108, "Actual Max Startup Time": 0.108, "Actual Min Total Time": 0.481, "Actual Max Total Time": 0.481, "Actual Total Rows": 4887, "Plans": [{"Node Type": "Seq Scan", "Parent Relationship": "Outer", "Relation Name": "info_type", "Alias": "it", "Startup Cost": 0.0, "Total Cost": 2.12, "Plan Rows": 112, "Plan Width": 4, "Actual Min Startup Time": 0.036, "Actual Max Startup Time": 0.036, "Actual Min Total Time": 0.04, "Actual Max Total Time": 0.04, "Actual Total Rows": 17}]}]}, {"Node Type": "Bitmap Heap Scan", "Parent Relationship": "Inner", "Relation Name": "title", "Alias": "t", "Startup Cost": 0.31, "Total Cost": 4.32, "Plan Rows": 1, "Plan Width": 21, "Actual Min Startup Time": 4.616, "Actual Max Startup Time": 4.616, "Actual Min Total Time": 4.616, "Actual Max Total Time": 4.616, "Actual Total Rows": 669, "Recheck Cond": "(id = mi.movie_id)", "Rows Removed by Index Recheck": 0, "Filter": "(production_year > 1990)", "Rows Removed by Filter": 22, "Exact Heap Blocks": 691, "Lossy Heap Blocks": 691, "Plans": [{"Node Type": "Bitmap Index Scan", "Parent Relationship": "Outer", "Index Name": "title_pkey", "Startup Cost": 0.0, "Total Cost": 0.31, "Plan Rows": 1, "Plan Width": 0, "Actual Min Startup Time": 2.823, "Actual Max Startup Time": 2.823, "Actual Min Total Time": 2.823, "Actual Max Total Time": 2.823, "Actual Total Rows": 691, "Index Cond": "(id = mi.movie_id)"}]}]}]}, "Triggers": [], "Planner Runtime": 5.221, "Total Runtime": 322.955, "Unique SQL Id": 322094867}}, "(16, 55)": {"explain_plan": {"Plan": {"Node Type": "Aggregate", "Strategy": "Plain", "Startup Cost": 2546736.36, "Total Cost": 2546736.37, "Plan Rows": 1, "Plan Width": 49, "Plans": [{"Node Type": "Nested Loop", "Parent Relationship": "Outer", "Join Type": "Inner", "Startup Cost": 29015.04, "Total Cost": 2545908.74, "Plan Rows": 331050, "Plan Width": 17, "Inner Unique": true, "Plans": [{"Node Type": "Nested Loop", "Parent Relationship": "Outer", "Join Type": "Inner", "Startup Cost": 29014.73, "Total Cost": 1510348.4, "Plan Rows": 238955, "Plan Width": 8, "Inner Unique": true, "Join Filter": "(mi.info_type_id = it.id), (LLVM Optimized)", "Plans": [{"Node Type": "Nested Loop", "Parent Relationship": "Outer", "Join Type": "Inner", "Startup Cost": 29005.9, "Total Cost": 1108889.77, "Plan Rows": 238955, "Plan Width": 12, "Inner Unique": false, "Plans": [{"Node Type": "Nested Loop", "Parent Relationship": "Outer", "Join Type": "Inner", "Startup Cost": 29005.06, "Total Cost": 69657.76, "Plan Rows": 209278, "Plan Width": 4, "Inner Unique": false, "Plans": [{"Node Type": "Bitmap Heap Scan", "Parent Relationship": "Outer", "Relation Name": "company_type", "Alias": "ct", "Startup Cost": 8.27, "Total Cost": 12.3, "Plan Rows": 1, "Plan Width": 4, "Filter": "((kind)::text = 'production companies'::text)", "Plans": [{"Node Type": "Bitmap Index Scan", "Parent Relationship": "Outer", "Index Name": "company_type_pkey", "Startup Cost": 0.0, "Total Cost": 8.27, "Plan Rows": 3, "Plan Width": 0}]}, {"Node Type": "Bitmap Heap Scan", "Parent Relationship": "Inner", "Relation Name": "movie_companies", "Alias": "mc", "Startup Cost": 28996.8, "Total Cost": 67552.67, "Plan Rows": 209279, "Plan Width": 8, "Recheck Cond": "(company_type_id = ct.id), (LLVM Optimized)", "Filter": "(((note)::text !~~ '%(TV)%'::text) AND ((note)::text ~~ '%(USA)%'::text)), (LLVM Optimized)", "Plans": [{"Node Type": "Bitmap Index Scan", "Parent Relationship": "Outer", "Index Name": "company_type_id_movie_companies", "Startup Cost": 0.0, "Total Cost": 28944.48, "Plan Rows": 1304564, "Plan Width": 0, "Index Cond": "(company_type_id = ct.id)"}]}]}, {"Node Type": "Bitmap Heap Scan", "Parent Relationship": "Inner", "Relation Name": "movie_info", "Alias": "mi", "Startup Cost": 0.83, "Total Cost": 4.96, "Plan Rows": 1, "Plan Width": 8, "Recheck Cond": "(movie_id = mc.movie_id)", "Filter": "((info)::text = ANY ('{Sweden,Norway,Germany,Denmark,Swedish,Denish,Norwegian,German,USA,American}'::text[]))", "Plans": [{"Node Type": "Bitmap Index Scan", "Parent Relationship": "Outer", "Index Name": "movie_id_movie_info", "Startup Cost": 0.0, "Total Cost": 0.83, "Plan Rows": 5, "Plan Width": 0, "Index Cond": "(movie_id = mc.movie_id)"}]}]}, {"Node Type": "Materialize", "Parent Relationship": "Inner", "Startup Cost": 8.84, "Total Cost": 14.52, "Plan Rows": 112, "Plan Width": 4, "Plans": [{"Node Type": "Bitmap Heap Scan", "Parent Relationship": "Outer", "Relation Name": "info_type", "Alias": "it", "Startup Cost": 8.84, "Total Cost": 13.96, "Plan Rows": 112, "Plan Width": 4, "Plans": [{"Node Type": "Bitmap Index Scan", "Parent Relationship": "Outer", "Index Name": "info_type_pkey", "Startup Cost": 0.0, "Total Cost": 8.81, "Plan Rows": 112, "Plan Width": 0}]}]}]}, {"Node Type": "Bitmap Heap Scan", "Parent Relationship": "Inner", "Relation Name": "title", "Alias": "t", "Startup Cost": 0.31, "Total Cost": 4.32, "Plan Rows": 1, "Plan Width": 21, "Recheck Cond": "(id = mi.movie_id)", "Filter": "(production_year > 1990)", "Plans": [{"Node Type": "Bitmap Index Scan", "Parent Relationship": "Outer", "Index Name": "title_pkey", "Startup Cost": 0.0, "Total Cost": 0.31, "Plan Rows": 1, "Plan Width": 0, "Index Cond": "(id = mi.movie_id)"}]}]}]}, "Unique SQL Id": 322094867}, "explain_analyze_plan": {"Plan": {"Node Type": "Aggregate", "Strategy": "Plain", "Startup Cost": 2546736.36, "Total Cost": 2546736.37, "Plan Rows": 1, "Plan Width": 49, "Actual Startup Time": 653.165, "Actual Total Time": 653.166, "Actual Rows": 1, "Actual Loops": 1, "Plans": [{"Node Type": "Nested Loop", "Parent Relationship": "Outer", "Join Type": "Inner", "Startup Cost": 29015.04, "Total Cost": 2545908.74, "Plan Rows": 331050, "Plan Width": 17, "Actual Startup Time": 170.6, "Actual Total Time": 652.494, "Actual Rows": 669, "Actual Loops": 1, "Inner Unique": true, "Plans": [{"Node Type": "Nested Loop", "Parent Relationship": "Outer", "Join Type": "Inner", "Startup Cost": 29014.73, "Total Cost": 1510348.4, "Plan Rows": 238955, "Plan Width": 8, "Actual Startup Time": 170.574, "Actual Total Time": 646.362, "Actual Rows": 691, "Actual Loops": 1, "Inner Unique": true, "Join Filter": "(mi.info_type_id = it.id), (LLVM Optimized)", "Rows Removed by Join Filter": 4196, "Plans": [{"Node Type": "Nested Loop", "Parent Relationship": "Outer", "Join Type": "Inner", "Startup Cost": 29005.9, "Total Cost": 1108889.77, "Plan Rows": 238955, "Plan Width": 12, "Actual Startup Time": 170.504, "Actual Total Time": 644.429, "Actual Rows": 691, "Actual Loops": 1, "Inner Unique": false, "Plans": [{"Node Type": "Nested Loop", "Parent Relationship": "Outer", "Join Type": "Inner", "Startup Cost": 29005.06, "Total Cost": 69657.76, "Plan Rows": 209278, "Plan Width": 4, "Actual Startup Time": 170.432, "Actual Total Time": 619.468, "Actual Rows": 798, "Actual Loops": 1, "Inner Unique": false, "Plans": [{"Node Type": "Bitmap Heap Scan", "Parent Relationship": "Outer", "Relation Name": "company_type", "Alias": "ct", "Startup Cost": 8.27, "Total Cost": 12.3, "Plan Rows": 1, "Plan Width": 4, "Actual Startup Time": 0.044, "Actual Total Time": 0.047, "Actual Rows": 1, "Actual Loops": 1, "Filter": "((kind)::text = 'production companies'::text)", "Rows Removed by Filter": 2, "Exact Heap Blocks": 1, "Lossy Heap Blocks": 1, "Plans": [{"Node Type": "Bitmap Index Scan", "Parent Relationship": "Outer", "Index Name": "company_type_pkey", "Startup Cost": 0.0, "Total Cost": 8.27, "Plan Rows": 3, "Plan Width": 0, "Actual Startup Time": 0.017, "Actual Total Time": 0.017, "Actual Rows": 3, "Actual Loops": 1}]}, {"Node Type": "Bitmap Heap Scan", "Parent Relationship": "Inner", "Relation Name": "movie_companies", "Alias": "mc", "Startup Cost": 28996.8, "Total Cost": 67552.67, "Plan Rows": 209279, "Plan Width": 8, "Actual Startup Time": 170.379, "Actual Total Time": 619.179, "Actual Rows": 798, "Actual Loops": 1, "Recheck Cond": "(company_type_id = ct.id), (LLVM Optimized)", "Rows Removed by Index Recheck": 0, "Filter": "(((note)::text !~~ '%(TV)%'::text) AND ((note)::text ~~ '%(USA)%'::text)), (LLVM Optimized)", "Rows Removed by Filter": 1334085, "Exact Heap Blocks": 6196, "Lossy Heap Blocks": 6196, "Plans": [{"Node Type": "Bitmap Index Scan", "Parent Relationship": "Outer", "Index Name": "company_type_id_movie_companies", "Startup Cost": 0.0, "Total Cost": 28944.48, "Plan Rows": 1304564, "Plan Width": 0, "Actual Startup Time": 163.448, "Actual Total Time": 163.448, "Actual Rows": 1334883, "Actual Loops": 1, "Index Cond": "(company_type_id = ct.id)"}]}]}, {"Node Type": "Bitmap Heap Scan", "Parent Relationship": "Inner", "Relation Name": "movie_info", "Alias": "mi", "Startup Cost": 0.83, "Total Cost": 4.96, "Plan Rows": 1, "Plan Width": 8, "Actual Startup Time": 21.112, "Actual Total Time": 23.239, "Actual Rows": 691, "Actual Loops": 798, "Recheck Cond": "(movie_id = mc.movie_id)", "Rows Removed by Index Recheck": 0, "Filter": "((info)::text = ANY ('{Sweden,Norway,Germany,Denmark,Swedish,Denish,Norwegian,German,USA,American}'::text[]))", "Rows Removed by Filter": 7906, "Exact Heap Blocks": 6397, "Lossy Heap Blocks": 6397, "Plans": [{"Node Type": "Bitmap Index Scan", "Parent Relationship": "Outer", "Index Name": "movie_id_movie_info", "Startup Cost": 0.0, "Total Cost": 0.83, "Plan Rows": 5, "Plan Width": 0, "Actual Startup Time": 5.59, "Actual Total Time": 5.59, "Actual Rows": 8597, "Actual Loops": 798, "Index Cond": "(movie_id = mc.movie_id)"}]}]}, {"Node Type": "Materialize", "Parent Relationship": "Inner", "Startup Cost": 8.84, "Total Cost": 14.52, "Plan Rows": 112, "Plan Width": 4, "Actual Startup Time": 0.153, "Actual Total Time": 0.492, "Actual Rows": 4887, "Actual Loops": 691, "Plans": [{"Node Type": "Bitmap Heap Scan", "Parent Relationship": "Outer", "Relation Name": "info_type", "Alias": "it", "Startup Cost": 8.84, "Total Cost": 13.96, "Plan Rows": 112, "Plan Width": 4, "Actual Startup Time": 0.041, "Actual Total Time": 0.044, "Actual Rows": 17, "Actual Loops": 1, "Exact Heap Blocks": 1, "Lossy Heap Blocks": 1, "Plans": [{"Node Type": "Bitmap Index Scan", "Parent Relationship": "Outer", "Index Name": "info_type_pkey", "Startup Cost": 0.0, "Total Cost": 8.81, "Plan Rows": 112, "Plan Width": 0, "Actual Startup Time": 0.013, "Actual Total Time": 0.013, "Actual Rows": 112, "Actual Loops": 1}]}]}]}, {"Node Type": "Bitmap Heap Scan", "Parent Relationship": "Inner", "Relation Name": "title", "Alias": "t", "Startup Cost": 0.31, "Total Cost": 4.32, "Plan Rows": 1, "Plan Width": 21, "Actual Startup Time": 4.903, "Actual Total Time": 4.903, "Actual Rows": 669, "Actual Loops": 691, "Recheck Cond": "(id = mi.movie_id)", "Rows Removed by Index Recheck": 0, "Filter": "(production_year > 1990)", "Rows Removed by Filter": 22, "Exact Heap Blocks": 691, "Lossy Heap Blocks": 691, "Plans": [{"Node Type": "Bitmap Index Scan", "Parent Relationship": "Outer", "Index Name": "title_pkey", "Startup Cost": 0.0, "Total Cost": 0.31, "Plan Rows": 1, "Plan Width": 0, "Actual Startup Time": 3.007, "Actual Total Time": 3.007, "Actual Rows": 691, "Actual Loops": 691, "Index Cond": "(id = mi.movie_id)"}]}]}]}, "Triggers": [], "Planner Runtime": 3.534, "Total Runtime": 662.856, "Unique SQL Id": 322094867}}, "(16, 56)": {"explain_plan": {"Plan": {"Node Type": "Aggregate", "Strategy": "Plain", "Startup Cost": 531937.41, "Total Cost": 531937.42, "Plan Rows": 1, "Plan Width": 49, "Plans": [{"Node Type": "Nested Loop", "Parent Relationship": "Outer", "Join Type": "Inner", "Startup Cost": 0.0, "Total Cost": 531109.78, "Plan Rows": 331050, "Plan Width": 17, "Inner Unique": true, "Plans": [{"Node Type": "Nested Loop", "Parent Relationship": "Outer", "Join Type": "Inner", "Startup Cost": 0.0, "Total Cost": 438412.14, "Plan Rows": 331050, "Plan Width": 21, "Inner Unique": false, "Plans": [{"Node Type": "Nested Loop", "Parent Relationship": "Outer", "Join Type": "Inner", "Startup Cost": 0.0, "Total Cost": 179894.07, "Plan Rows": 289936, "Plan Width": 25, "Inner Unique": true, "Plans": [{"Node Type": "Nested Loop", "Parent Relationship": "Outer", "Join Type": "Inner", "Startup Cost": 0.0, "Total Cost": 32695.24, "Plan Rows": 209278, "Plan Width": 4, "Inner Unique": false, "Join Filter": "(ct.id = mc.company_type_id), (LLVM Optimized)", "Plans": [{"Node Type": "Seq Scan", "Parent Relationship": "Outer", "Relation Name": "company_type", "Alias": "ct", "Startup Cost": 0.0, "Total Cost": 1.04, "Plan Rows": 1, "Plan Width": 4, "Filter": "((kind)::text = 'production companies'::text)"}, {"Node Type": "Materialize", "Parent Relationship": "Inner", "Startup Cost": 0.0, "Total Cost": 28508.64, "Plan Rows": 418557, "Plan Width": 8, "Plans": [{"Node Type": "Streaming(type: LOCAL GATHER dop: 1/16)", "Parent Relationship": "Outer", "Startup Cost": 0.0, "Total Cost": 27462.24, "Plan Rows": 418557, "Plan Width": 8, "Plans": [{"Node Type": "Seq Scan", "Parent Relationship": "Outer", "Relation Name": "movie_companies", "Alias": "mc", "Startup Cost": 0.0, "Total Cost": 18428.93, "Plan Rows": 418557, "Plan Width": 8, "Filter": "(((note)::text !~~ '%(TV)%'::text) AND ((note)::text ~~ '%(USA)%'::text)), (LLVM Optimized)"}]}]}]}, {"Node Type": "Index Scan", "Parent Relationship": "Inner", "Scan Direction": "Forward", "Index Name": "title_pkey", "Relation Name": "title", "Alias": "t", "Startup Cost": 0.0, "Total Cost": 0.69, "Plan Rows": 1, "Plan Width": 21, "Index Cond": "(id = mc.movie_id)", "Filter": "(production_year > 1990)"}]}, {"Node Type": "Index Scan", "Parent Relationship": "Inner", "Scan Direction": "Forward", "Index Name": "movie_id_movie_info", "Relation Name": "movie_info", "Alias": "mi", "Startup Cost": 0.0, "Total Cost": 0.88, "Plan Rows": 1, "Plan Width": 8, "Index Cond": "(movie_id = t.id)", "Filter": "((info)::text = ANY ('{Sweden,Norway,Germany,Denmark,Swedish,Denish,Norwegian,German,USA,American}'::text[]))"}]}, {"Node Type": "Index Only Scan", "Parent Relationship": "Inner", "Scan Direction": "Forward", "Index Name": "info_type_pkey", "Relation Name": "info_type", "Alias": "it", "Startup Cost": 0.0, "Total Cost": 0.27, "Plan Rows": 1, "Plan Width": 4, "Index Cond": "(id = mi.info_type_id)"}]}]}, "Unique SQL Id": 322094867}, "explain_analyze_plan": {"Plan": {"Node Type": "Aggregate", "Strategy": "Plain", "Startup Cost": 531937.41, "Total Cost": 531937.42, "Plan Rows": 1, "Plan Width": 49, "Actual Min Startup Time": 313.252, "Actual Max Startup Time": 313.252, "Actual Min Total Time": 313.253, "Actual Max Total Time": 313.253, "Actual Total Rows": 1, "Plans": [{"Node Type": "Nested Loop", "Parent Relationship": "Outer", "Join Type": "Inner", "Startup Cost": 0.0, "Total Cost": 531109.78, "Plan Rows": 331050, "Plan Width": 17, "Actual Min Startup Time": 276.764, "Actual Max Startup Time": 276.764, "Actual Min Total Time": 312.896, "Actual Max Total Time": 312.896, "Actual Total Rows": 669, "Inner Unique": true, "Plans": [{"Node Type": "Nested Loop", "Parent Relationship": "Outer", "Join Type": "Inner", "Startup Cost": 0.0, "Total Cost": 438412.14, "Plan Rows": 331050, "Plan Width": 21, "Actual Min Startup Time": 276.753, "Actual Max Startup Time": 276.753, "Actual Min Total Time": 311.787, "Actual Max Total Time": 311.787, "Actual Total Rows": 669, "Inner Unique": false, "Plans": [{"Node Type": "Nested Loop", "Parent Relationship": "Outer", "Join Type": "Inner", "Startup Cost": 0.0, "Total Cost": 179894.07, "Plan Rows": 289936, "Plan Width": 25, "Actual Min Startup Time": 276.71, "Actual Max Startup Time": 276.71, "Actual Min Total Time": 293.869, "Actual Max Total Time": 293.869, "Actual Total Rows": 767, "Inner Unique": true, "Plans": [{"Node Type": "Nested Loop", "Parent Relationship": "Outer", "Join Type": "Inner", "Startup Cost": 0.0, "Total Cost": 32695.24, "Plan Rows": 209278, "Plan Width": 4, "Actual Min Startup Time": 276.64, "Actual Max Startup Time": 276.64, "Actual Min Total Time": 289.038, "Actual Max Total Time": 289.038, "Actual Total Rows": 798, "Inner Unique": false, "Join Filter": "(ct.id = mc.company_type_id), (LLVM Optimized)", "Rows Removed by Join Filter": 294830, "Plans": [{"Node Type": "Seq Scan", "Parent Relationship": "Outer", "Relation Name": "company_type", "Alias": "ct", "Startup Cost": 0.0, "Total Cost": 1.04, "Plan Rows": 1, "Plan Width": 4, "Actual Min Startup Time": 0.048, "Actual Max Startup Time": 0.048, "Actual Min Total Time": 0.053, "Actual Max Total Time": 0.053, "Actual Total Rows": 1, "Filter": "((kind)::text = 'production companies'::text)", "Rows Removed by Filter": 2}, {"Node Type": "Materialize", "Parent Relationship": "Inner", "Startup Cost": 0.0, "Total Cost": 28508.64, "Plan Rows": 418557, "Plan Width": 8, "Actual Min Startup Time": 187.377, "Actual Max Startup Time": 187.377, "Actual Min Total Time": 224.164, "Actual Max Total Time": 224.164, "Actual Total Rows": 295629, "Plans": [{"Node Type": "Streaming(type: LOCAL GATHER dop: 1/16)", "Parent Relationship": "Outer", "Startup Cost": 0.0, "Total Cost": 27462.24, "Plan Rows": 418557, "Plan Width": 8, "Actual Min Startup Time": 46.378, "Actual Max Startup Time": 46.378, "Actual Min Total Time": 145.013, "Actual Max Total Time": 145.013, "Actual Total Rows": 295628, "Plans": [{"Node Type": "Seq Scan", "Parent Relationship": "Outer", "Relation Name": "movie_companies", "Alias": "mc", "Startup Cost": 0.0, "Total Cost": 18428.93, "Plan Rows": 418557, "Plan Width": 8, "Actual Min Startup Time": 0.035, "Actual Max Startup Time": 0.305, "Actual Min Total Time": 70.621, "Actual Max Total Time": 78.478, "Actual Total Rows": 295628, "Filter": "(((note)::text !~~ '%(TV)%'::text) AND ((note)::text ~~ '%(USA)%'::text)), (LLVM Optimized)", "Rows Removed by Filter": 2313500}]}]}]}, {"Node Type": "Index Scan", "Parent Relationship": "Inner", "Scan Direction": "Forward", "Index Name": "title_pkey", "Relation Name": "title", "Alias": "t", "Startup Cost": 0.0, "Total Cost": 0.69, "Plan Rows": 1, "Plan Width": 21, "Actual Min Startup Time": 4.172, "Actual Max Startup Time": 4.172, "Actual Min Total Time": 4.172, "Actual Max Total Time": 4.172, "Actual Total Rows": 767, "Index Cond": "(id = mc.movie_id)", "Rows Removed by Index Recheck": 0, "Filter": "(production_year > 1990)", "Rows Removed by Filter": 31}]}, {"Node Type": "Index Scan", "Parent Relationship": "Inner", "Scan Direction": "Forward", "Index Name": "movie_id_movie_info", "Relation Name": "movie_info", "Alias": "mi", "Startup Cost": 0.0, "Total Cost": 0.88, "Plan Rows": 1, "Plan Width": 8, "Actual Min Startup Time": 15.072, "Actual Max Startup Time": 15.072, "Actual Min Total Time": 17.367, "Actual Max Total Time": 17.367, "Actual Total Rows": 669, "Index Cond": "(movie_id = t.id)", "Rows Removed by Index Recheck": 0, "Filter": "((info)::text = ANY ('{Sweden,Norway,Germany,Denmark,Swedish,Denish,Norwegian,German,USA,American}'::text[]))", "Rows Removed by Filter": 7721}]}, {"Node Type": "Index Only Scan", "Parent Relationship": "Inner", "Scan Direction": "Forward", "Index Name": "info_type_pkey", "Relation Name": "info_type", "Alias": "it", "Startup Cost": 0.0, "Total Cost": 0.27, "Plan Rows": 1, "Plan Width": 4, "Actual Min Startup Time": 0.625, "Actual Max Startup Time": 0.625, "Actual Min Total Time": 0.625, "Actual Max Total Time": 0.625, "Actual Total Rows": 669, "Index Cond": "(id = mi.info_type_id)", "Rows Removed by Index Recheck": 0, "Heap Fetches": 0}]}]}, "Triggers": [], "Planner Runtime": 3.77, "Total Runtime": 325.424, "Unique SQL Id": 322094867}}, "(16, 57)": {"explain_plan": {"Plan": {"Node Type": "Aggregate", "Strategy": "Plain", "Startup Cost": 598056.69, "Total Cost": 598056.7, "Plan Rows": 1, "Plan Width": 49, "Plans": [{"Node Type": "Nested Loop", "Parent Relationship": "Outer", "Join Type": "Inner", "Startup Cost": 0.0, "Total Cost": 597229.06, "Plan Rows": 331050, "Plan Width": 17, "Inner Unique": true, "Plans": [{"Node Type": "Nested Loop", "Parent Relationship": "Outer", "Join Type": "Inner", "Startup Cost": 0.0, "Total Cost": 504531.42, "Plan Rows": 331050, "Plan Width": 21, "Inner Unique": false, "Plans": [{"Node Type": "Nested Loop", "Parent Relationship": "Outer", "Join Type": "Inner", "Startup Cost": 0.0, "Total Cost": 246013.35, "Plan Rows": 289936, "Plan Width": 25, "Inner Unique": true, "Plans": [{"Node Type": "Nested Loop", "Parent Relationship": "Outer", "Join Type": "Inner", "Startup Cost": 0.0, "Total Cost": 98814.52, "Plan Rows": 209278, "Plan Width": 4, "Inner Unique": false, "Join Filter": "(ct.id = mc.company_type_id), (LLVM Optimized)", "Plans": [{"Node Type": "Index Scan", "Parent Relationship": "Outer", "Scan Direction": "Forward", "Index Name": "company_type_pkey", "Relation Name": "company_type", "Alias": "ct", "Startup Cost": 0.0, "Total Cost": 12.3, "Plan Rows": 1, "Plan Width": 4, "Filter": "((kind)::text = 'production companies'::text)"}, {"Node Type": "Materialize", "Parent Relationship": "Inner", "Startup Cost": 0.0, "Total Cost": 94616.65, "Plan Rows": 418557, "Plan Width": 8, "Plans": [{"Node Type": "Streaming(type: LOCAL GATHER dop: 1/16)", "Parent Relationship": "Outer", "Startup Cost": 0.0, "Total Cost": 93570.26, "Plan Rows": 418557, "Plan Width": 8, "Plans": [{"Node Type": "Index Scan", "Parent Relationship": "Outer", "Scan Direction": "Forward", "Index Name": "company_type_id_movie_companies", "Relation Name": "movie_companies", "Alias": "mc", "Startup Cost": 0.0, "Total Cost": 84536.95, "Plan Rows": 418557, "Plan Width": 8, "Filter": "(((note)::text !~~ '%(TV)%'::text) AND ((note)::text ~~ '%(USA)%'::text)), (LLVM Optimized)"}]}]}]}, {"Node Type": "Index Scan", "Parent Relationship": "Inner", "Scan Direction": "Forward", "Index Name": "title_pkey", "Relation Name": "title", "Alias": "t", "Startup Cost": 0.0, "Total Cost": 0.69, "Plan Rows": 1, "Plan Width": 21, "Index Cond": "(id = mc.movie_id)", "Filter": "(production_year > 1990)"}]}, {"Node Type": "Index Scan", "Parent Relationship": "Inner", "Scan Direction": "Forward", "Index Name": "movie_id_movie_info", "Relation Name": "movie_info", "Alias": "mi", "Startup Cost": 0.0, "Total Cost": 0.88, "Plan Rows": 1, "Plan Width": 8, "Index Cond": "(movie_id = t.id)", "Filter": "((info)::text = ANY ('{Sweden,Norway,Germany,Denmark,Swedish,Denish,Norwegian,German,USA,American}'::text[]))"}]}, {"Node Type": "Index Only Scan", "Parent Relationship": "Inner", "Scan Direction": "Forward", "Index Name": "info_type_pkey", "Relation Name": "info_type", "Alias": "it", "Startup Cost": 0.0, "Total Cost": 0.27, "Plan Rows": 1, "Plan Width": 4, "Index Cond": "(id = mi.info_type_id)"}]}]}, "Unique SQL Id": 322094867}, "explain_analyze_plan": {"Plan": {"Node Type": "Aggregate", "Strategy": "Plain", "Startup Cost": 598056.69, "Total Cost": 598056.7, "Plan Rows": 1, "Plan Width": 49, "Actual Min Startup Time": 399.724, "Actual Max Startup Time": 399.724, "Actual Min Total Time": 399.725, "Actual Max Total Time": 399.725, "Actual Total Rows": 1, "Plans": [{"Node Type": "Nested Loop", "Parent Relationship": "Outer", "Join Type": "Inner", "Startup Cost": 0.0, "Total Cost": 597229.06, "Plan Rows": 331050, "Plan Width": 17, "Actual Min Startup Time": 302.371, "Actual Max Startup Time": 302.371, "Actual Min Total Time": 399.329, "Actual Max Total Time": 399.329, "Actual Total Rows": 669, "Inner Unique": true, "Plans": [{"Node Type": "Nested Loop", "Parent Relationship": "Outer", "Join Type": "Inner", "Startup Cost": 0.0, "Total Cost": 504531.42, "Plan Rows": 331050, "Plan Width": 21, "Actual Min Startup Time": 302.36, "Actual Max Startup Time": 302.36, "Actual Min Total Time": 398.227, "Actual Max Total Time": 398.227, "Actual Total Rows": 669, "Inner Unique": false, "Plans": [{"Node Type": "Nested Loop", "Parent Relationship": "Outer", "Join Type": "Inner", "Startup Cost": 0.0, "Total Cost": 246013.35, "Plan Rows": 289936, "Plan Width": 25, "Actual Min Startup Time": 302.318, "Actual Max Startup Time": 302.318, "Actual Min Total Time": 380.455, "Actual Max Total Time": 380.455, "Actual Total Rows": 767, "Inner Unique": true, "Plans": [{"Node Type": "Nested Loop", "Parent Relationship": "Outer", "Join Type": "Inner", "Startup Cost": 0.0, "Total Cost": 98814.52, "Plan Rows": 209278, "Plan Width": 4, "Actual Min Startup Time": 302.258, "Actual Max Startup Time": 302.258, "Actual Min Total Time": 375.677, "Actual Max Total Time": 375.677, "Actual Total Rows": 798, "Inner Unique": false, "Join Filter": "(ct.id = mc.company_type_id), (LLVM Optimized, Jit Execute)", "Rows Removed by Join Filter": 294830, "Plans": [{"Node Type": "Index Scan", "Parent Relationship": "Outer", "Scan Direction": "Forward", "Index Name": "company_type_pkey", "Relation Name": "company_type", "Alias": "ct", "Startup Cost": 0.0, "Total Cost": 12.3, "Plan Rows": 1, "Plan Width": 4, "Actual Min Startup Time": 0.044, "Actual Max Startup Time": 0.044, "Actual Min Total Time": 0.05, "Actual Max Total Time": 0.05, "Actual Total Rows": 1, "Filter": "((kind)::text = 'production companies'::text)", "Rows Removed by Filter": 2}, {"Node Type": "Materialize", "Parent Relationship": "Inner", "Startup Cost": 0.0, "Total Cost": 94616.65, "Plan Rows": 418557, "Plan Width": 8, "Actual Min Startup Time": 273.752, "Actual Max Startup Time": 273.752, "Actual Min Total Time": 311.268, "Actual Max Total Time": 311.268, "Actual Total Rows": 295629, "Plans": [{"Node Type": "Streaming(type: LOCAL GATHER dop: 1/16)", "Parent Relationship": "Outer", "Startup Cost": 0.0, "Total Cost": 93570.26, "Plan Rows": 418557, "Plan Width": 8, "Actual Min Startup Time": 69.494, "Actual Max Startup Time": 69.494, "Actual Min Total Time": 230.884, "Actual Max Total Time": 230.884, "Actual Total Rows": 295628, "Plans": [{"Node Type": "Index Scan", "Parent Relationship": "Outer", "Scan Direction": "Forward", "Index Name": "company_type_id_movie_companies", "Relation Name": "movie_companies", "Alias": "mc", "Startup Cost": 0.0, "Total Cost": 84536.95, "Plan Rows": 418557, "Plan Width": 8, "Actual Min Startup Time": 14.696, "Actual Max Startup Time": 32.834, "Actual Min Total Time": 91.711, "Actual Max Total Time": 179.361, "Actual Total Rows": 295628, "Filter": "(((note)::text !~~ '%(TV)%'::text) AND ((note)::text ~~ '%(USA)%'::text)), (LLVM Optimized, Jit Execute)", "Rows Removed by Filter": 2313500}]}]}]}, {"Node Type": "Index Scan", "Parent Relationship": "Inner", "Scan Direction": "Forward", "Index Name": "title_pkey", "Relation Name": "title", "Alias": "t", "Startup Cost": 0.0, "Total Cost": 0.69, "Plan Rows": 1, "Plan Width": 21, "Actual Min Startup Time": 4.129, "Actual Max Startup Time": 4.129, "Actual Min Total Time": 4.129, "Actual Max Total Time": 4.129, "Actual Total Rows": 767, "Index Cond": "(id = mc.movie_id)", "Rows Removed by Index Recheck": 0, "Filter": "(production_year > 1990)", "Rows Removed by Filter": 31}]}, {"Node Type": "Index Scan", "Parent Relationship": "Inner", "Scan Direction": "Forward", "Index Name": "movie_id_movie_info", "Relation Name": "movie_info", "Alias": "mi", "Startup Cost": 0.0, "Total Cost": 0.88, "Plan Rows": 1, "Plan Width": 8, "Actual Min Startup Time": 14.924, "Actual Max Startup Time": 14.924, "Actual Min Total Time": 17.173, "Actual Max Total Time": 17.173, "Actual Total Rows": 669, "Index Cond": "(movie_id = t.id)", "Rows Removed by Index Recheck": 0, "Filter": "((info)::text = ANY ('{Sweden,Norway,Germany,Denmark,Swedish,Denish,Norwegian,German,USA,American}'::text[]))", "Rows Removed by Filter": 7721}]}, {"Node Type": "Index Only Scan", "Parent Relationship": "Inner", "Scan Direction": "Forward", "Index Name": "info_type_pkey", "Relation Name": "info_type", "Alias": "it", "Startup Cost": 0.0, "Total Cost": 0.27, "Plan Rows": 1, "Plan Width": 4, "Actual Min Startup Time": 0.636, "Actual Max Startup Time": 0.636, "Actual Min Total Time": 0.636, "Actual Max Total Time": 0.636, "Actual Total Rows": 669, "Index Cond": "(id = mi.info_type_id)", "Rows Removed by Index Recheck": 0, "Heap Fetches": 0}]}]}, "Triggers": [], "Planner Runtime": 3.744, "Total Runtime": 411.618, "Unique SQL Id": 322094867}}, "(16, 58)": {"explain_plan": {"Plan": {"Node Type": "Aggregate", "Strategy": "Plain", "Startup Cost": 33602537.2, "Total Cost": 33602537.22, "Plan Rows": 1, "Plan Width": 49, "Plans": [{"Node Type": "Streaming(type: LOCAL GATHER dop: 1/16)", "Parent Relationship": "Outer", "Startup Cost": 33602537.2, "Total Cost": 33602537.22, "Plan Rows": 1, "Plan Width": 49, "Plans": [{"Node Type": "Aggregate", "Strategy": "Plain", "Parent Relationship": "Outer", "Startup Cost": 33602537.2, "Total Cost": 33602537.21, "Plan Rows": 1, "Plan Width": 49, "Plans": [{"Node Type": "Nested Loop", "Parent Relationship": "Outer", "Join Type": "Inner", "Startup Cost": 0.0, "Total Cost": 33601709.57, "Plan Rows": 331050, "Plan Width": 17, "Inner Unique": false, "Join Filter": "(mi.movie_id = t.id), (LLVM Optimized)", "Plans": [{"Node Type": "Streaming(type: LOCAL REDISTRIBUTE dop: 16/16)", "Parent Relationship": "Outer", "Startup Cost": 0.0, "Total Cost": 40775.83, "Plan Rows": 1748840, "Plan Width": 21, "Plans": [{"Node Type": "Seq Scan", "Parent Relationship": "Outer", "Relation Name": "title", "Alias": "t", "Startup Cost": 0.0, "Total Cost": 19149.37, "Plan Rows": 1748840, "Plan Width": 21, "Filter": "(production_year > 1990), (LLVM Optimized)"}]}, {"Node Type": "Materialize", "Parent Relationship": "Inner", "Startup Cost": 0.0, "Total Cost": 9074990.87, "Plan Rows": 238955, "Plan Width": 8, "Plans": [{"Node Type": "Streaming(type: LOCAL REDISTRIBUTE dop: 16/16)", "Parent Relationship": "Outer", "Startup Cost": 0.0, "Total Cost": 9074916.2, "Plan Rows": 238955, "Plan Width": 8, "Plans": [{"Node Type": "Nested Loop", "Parent Relationship": "Outer", "Join Type": "Inner", "Startup Cost": 0.0, "Total Cost": 9059010.78, "Plan Rows": 238955, "Plan Width": 8, "Inner Unique": true, "Join Filter": "(mi.info_type_id = it.id), (LLVM Optimized)", "Plans": [{"Node Type": "Streaming(type: LOCAL REDISTRIBUTE dop: 16/16)", "Parent Relationship": "Outer", "Startup Cost": 0.0, "Total Cost": 9042435.84, "Plan Rows": 238955, "Plan Width": 12, "Plans": [{"Node Type": "Nested Loop", "Parent Relationship": "Outer", "Join Type": "Inner", "Startup Cost": 0.0, "Total Cost": 9026530.43, "Plan Rows": 238955, "Plan Width": 12, "Inner Unique": false, "Join Filter": "(mc.movie_id = mi.movie_id), (LLVM Optimized)", "Plans": [{"Node Type": "Streaming(type: LOCAL REDISTRIBUTE dop: 16/1)", "Parent Relationship": "Outer", "Startup Cost": 0.0, "Total Cost": 56397.45, "Plan Rows": 209278, "Plan Width": 4, "Plans": [{"Node Type": "Nested Loop", "Parent Relationship": "Outer", "Join Type": "Inner", "Startup Cost": 0.0, "Total Cost": 32695.24, "Plan Rows": 209278, "Plan Width": 4, "Inner Unique": false, "Join Filter": "(ct.id = mc.company_type_id), (LLVM Optimized)", "Plans": [{"Node Type": "Seq Scan", "Parent Relationship": "Outer", "Relation Name": "company_type", "Alias": "ct", "Startup Cost": 0.0, "Total Cost": 1.04, "Plan Rows": 1, "Plan Width": 4, "Filter": "((kind)::text = 'production companies'::text)"}, {"Node Type": "Materialize", "Parent Relationship": "Inner", "Startup Cost": 0.0, "Total Cost": 28508.64, "Plan Rows": 418557, "Plan Width": 8, "Plans": [{"Node Type": "Streaming(type: LOCAL GATHER dop: 1/16)", "Parent Relationship": "Outer", "Startup Cost": 0.0, "Total Cost": 27462.24, "Plan Rows": 418557, "Plan Width": 8, "Plans": [{"Node Type": "Seq Scan", "Parent Relationship": "Outer", "Relation Name": "movie_companies", "Alias": "mc", "Startup Cost": 0.0, "Total Cost": 18428.93, "Plan Rows": 418557, "Plan Width": 8, "Filter": "(((note)::text !~~ '%(TV)%'::text) AND ((note)::text ~~ '%(USA)%'::text)), (LLVM Optimized)"}]}]}]}]}, {"Node Type": "Materialize", "Parent Relationship": "Inner", "Startup Cost": 0.0, "Total Cost": 63158.16, "Plan Rows": 726375, "Plan Width": 8, "Plans": [{"Node Type": "Streaming(type: LOCAL REDISTRIBUTE dop: 16/16)", "Parent Relationship": "Outer", "Startup Cost": 0.0, "Total Cost": 62931.17, "Plan Rows": 726375, "Plan Width": 8, "Plans": [{"Node Type": "Seq Scan", "Parent Relationship": "Outer", "Relation Name": "movie_info", "Alias": "mi", "Startup Cost": 0.0, "Total Cost": 45178.89, "Plan Rows": 726375, "Plan Width": 8, "Filter": "((info)::text = ANY ('{Sweden,Norway,Germany,Denmark,Swedish,Denish,Norwegian,German,USA,American}'::text[]))"}]}]}]}]}, {"Node Type": "Materialize", "Parent Relationship": "Inner", "Startup Cost": 0.0, "Total Cost": 15006.81, "Plan Rows": 112, "Plan Width": 4, "Plans": [{"Node Type": "Streaming(type: LOCAL REDISTRIBUTE dop: 16/1)", "Parent Relationship": "Outer", "Startup Cost": 0.0, "Total Cost": 15006.78, "Plan Rows": 112, "Plan Width": 4, "Plans": [{"Node Type": "Seq Scan", "Parent Relationship": "Outer", "Relation Name": "info_type", "Alias": "it", "Startup Cost": 0.0, "Total Cost": 2.12, "Plan Rows": 112, "Plan Width": 4}]}]}]}]}]}]}]}]}]}, "Unique SQL Id": 322094867}, "explain_analyze_plan": null}, "(16, 59)": {"explain_plan": {"Plan": {"Node Type": "Aggregate", "Strategy": "Plain", "Startup Cost": 5008697310776.9, "Total Cost": 5008697310776.91, "Plan Rows": 1, "Plan Width": 49, "Plans": [{"Node Type": "Nested Loop", "Parent Relationship": "Outer", "Join Type": "Inner", "Startup Cost": 50000000000.0, "Total Cost": 5008697309949.27, "Plan Rows": 331050, "Plan Width": 17, "Inner Unique": false, "Join Filter": "(mi.movie_id = t.id), (LLVM Optimized)", "Plans": [{"Node Type": "Index Scan", "Parent Relationship": "Outer", "Scan Direction": "Forward", "Index Name": "title_pkey", "Relation Name": "title", "Alias": "t", "Startup Cost": 10000000000.0, "Total Cost": 1000011644126.66, "Plan Rows": 1748840, "Plan Width": 21, "Filter": "(production_year > 1990), (LLVM Optimized)"}, {"Node Type": "Materialize", "Parent Relationship": "Inner", "Startup Cost": 40000000000.0, "Total Cost": 4002417255487.0, "Plan Rows": 238955, "Plan Width": 8, "Plans": [{"Node Type": "Nested Loop", "Parent Relationship": "Outer", "Join Type": "Inner", "Startup Cost": 40000000000.0, "Total Cost": 4002417254292.22, "Plan Rows": 238955, "Plan Width": 8, "Inner Unique": true, "Join Filter": "(mi.info_type_id = it.id), (LLVM Optimized)", "Plans": [{"Node Type": "Nested Loop", "Parent Relationship": "Outer", "Join Type": "Inner", "Startup Cost": 30000000000.0, "Total Cost": 3002416851854.54, "Plan Rows": 238955, "Plan Width": 12, "Inner Unique": false, "Join Filter": "(mc.movie_id = mi.movie_id), (LLVM Optimized)", "Plans": [{"Node Type": "Nested Loop", "Parent Relationship": "Outer", "Join Type": "Inner", "Startup Cost": 20000000000.0, "Total Cost": 2000014364018.74, "Plan Rows": 209278, "Plan Width": 4, "Inner Unique": true, "Join Filter": "(ct.id = mc.company_type_id), (LLVM Optimized)", "Plans": [{"Node Type": "Index Scan", "Parent Relationship": "Outer", "Scan Direction": "Forward", "Index Name": "movie_id_movie_companies", "Relation Name": "movie_companies", "Alias": "mc", "Startup Cost": 10000000000.0, "Total Cost": 1000014356510.13, "Plan Rows": 418557, "Plan Width": 8, "Filter": "(((note)::text !~~ '%(TV)%'::text) AND ((note)::text ~~ '%(USA)%'::text)), (LLVM Optimized)"}, {"Node Type": "Materialize", "Parent Relationship": "Inner", "Startup Cost": 10000000000.0, "Total Cost": 1000000001230.26, "Plan Rows": 1, "Plan Width": 4, "Plans": [{"Node Type": "Index Scan", "Parent Relationship": "Outer", "Scan Direction": "Forward", "Index Name": "company_type_pkey", "Relation Name": "company_type", "Alias": "ct", "Startup Cost": 10000000000.0, "Total Cost": 1000000001230.25, "Plan Rows": 1, "Plan Width": 4, "Filter": "((kind)::text = 'production companies'::text)"}]}]}, {"Node Type": "Materialize", "Parent Relationship": "Inner", "Startup Cost": 10000000000.0, "Total Cost": 1000122275042.99, "Plan Rows": 726375, "Plan Width": 8, "Plans": [{"Node Type": "Index Scan", "Parent Relationship": "Outer", "Scan Direction": "Forward", "Index Name": "info_type_id_movie_info", "Relation Name": "movie_info", "Alias": "mi", "Startup Cost": 10000000000.0, "Total Cost": 1000122271411.12, "Plan Rows": 726375, "Plan Width": 8, "Filter": "((info)::text = ANY ('{Sweden,Norway,Germany,Denmark,Swedish,Denish,Norwegian,German,USA,American}'::text[]))"}]}]}, {"Node Type": "Materialize", "Parent Relationship": "Inner", "Startup Cost": 10000000000.0, "Total Cost": 1000000000993.56, "Plan Rows": 112, "Plan Width": 4, "Plans": [{"Node Type": "Index Only Scan", "Parent Relationship": "Outer", "Scan Direction": "Forward", "Index Name": "info_type_pkey", "Relation Name": "info_type", "Alias": "it", "Startup Cost": 10000000000.0, "Total Cost": 1000000000993.0, "Plan Rows": 112, "Plan Width": 4}]}]}]}]}]}, "Unique SQL Id": 322094867}, "explain_analyze_plan": null}, "(16, 60)": {"explain_plan": {"Plan": {"Node Type": "Aggregate", "Strategy": "Plain", "Startup Cost": 531939.23, "Total Cost": 531939.24, "Plan Rows": 1, "Plan Width": 49, "Plans": [{"Node Type": "Nested Loop", "Parent Relationship": "Outer", "Join Type": "Inner", "Startup Cost": 0.0, "Total Cost": 531111.61, "Plan Rows": 331050, "Plan Width": 17, "Inner Unique": true, "Plans": [{"Node Type": "Nested Loop", "Parent Relationship": "Outer", "Join Type": "Inner", "Startup Cost": 0.0, "Total Cost": 438412.14, "Plan Rows": 331050, "Plan Width": 21, "Inner Unique": false, "Plans": [{"Node Type": "Nested Loop", "Parent Relationship": "Outer", "Join Type": "Inner", "Startup Cost": 0.0, "Total Cost": 179894.07, "Plan Rows": 289936, "Plan Width": 25, "Inner Unique": true, "Plans": [{"Node Type": "Nested Loop", "Parent Relationship": "Outer", "Join Type": "Inner", "Startup Cost": 0.0, "Total Cost": 32695.24, "Plan Rows": 209278, "Plan Width": 4, "Inner Unique": false, "Join Filter": "(ct.id = mc.company_type_id), (LLVM Optimized)", "Plans": [{"Node Type": "Seq Scan", "Parent Relationship": "Outer", "Relation Name": "company_type", "Alias": "ct", "Startup Cost": 0.0, "Total Cost": 1.04, "Plan Rows": 1, "Plan Width": 4, "Filter": "((kind)::text = 'production companies'::text)"}, {"Node Type": "Materialize", "Parent Relationship": "Inner", "Startup Cost": 0.0, "Total Cost": 28508.64, "Plan Rows": 418557, "Plan Width": 8, "Plans": [{"Node Type": "Streaming(type: LOCAL GATHER dop: 1/16)", "Parent Relationship": "Outer", "Startup Cost": 0.0, "Total Cost": 27462.24, "Plan Rows": 418557, "Plan Width": 8, "Plans": [{"Node Type": "Seq Scan", "Parent Relationship": "Outer", "Relation Name": "movie_companies", "Alias": "mc", "Startup Cost": 0.0, "Total Cost": 18428.93, "Plan Rows": 418557, "Plan Width": 8, "Filter": "(((note)::text !~~ '%(TV)%'::text) AND ((note)::text ~~ '%(USA)%'::text)), (LLVM Optimized)"}]}]}]}, {"Node Type": "Index Scan", "Parent Relationship": "Inner", "Scan Direction": "Forward", "Index Name": "title_pkey", "Relation Name": "title", "Alias": "t", "Startup Cost": 0.0, "Total Cost": 0.69, "Plan Rows": 1, "Plan Width": 21, "Index Cond": "(id = mc.movie_id)", "Filter": "(production_year > 1990)"}]}, {"Node Type": "Index Scan", "Parent Relationship": "Inner", "Scan Direction": "Forward", "Index Name": "movie_id_movie_info", "Relation Name": "movie_info", "Alias": "mi", "Startup Cost": 0.0, "Total Cost": 0.88, "Plan Rows": 1, "Plan Width": 8, "Index Cond": "(movie_id = t.id)", "Filter": "((info)::text = ANY ('{Sweden,Norway,Germany,Denmark,Swedish,Denish,Norwegian,German,USA,American}'::text[]))"}]}, {"Node Type": "Index Scan", "Parent Relationship": "Inner", "Scan Direction": "Forward", "Index Name": "info_type_pkey", "Relation Name": "info_type", "Alias": "it", "Startup Cost": 0.0, "Total Cost": 0.27, "Plan Rows": 1, "Plan Width": 4, "Index Cond": "(id = mi.info_type_id)"}]}]}, "Unique SQL Id": 322094867}, "explain_analyze_plan": {"Plan": {"Node Type": "Aggregate", "Strategy": "Plain", "Startup Cost": 531939.23, "Total Cost": 531939.24, "Plan Rows": 1, "Plan Width": 49, "Actual Min Startup Time": 308.916, "Actual Max Startup Time": 308.916, "Actual Min Total Time": 308.916, "Actual Max Total Time": 308.916, "Actual Total Rows": 1, "Plans": [{"Node Type": "Nested Loop", "Parent Relationship": "Outer", "Join Type": "Inner", "Startup Cost": 0.0, "Total Cost": 531111.61, "Plan Rows": 331050, "Plan Width": 17, "Actual Min Startup Time": 273.051, "Actual Max Startup Time": 273.051, "Actual Min Total Time": 308.573, "Actual Max Total Time": 308.573, "Actual Total Rows": 669, "Inner Unique": true, "Plans": [{"Node Type": "Nested Loop", "Parent Relationship": "Outer", "Join Type": "Inner", "Startup Cost": 0.0, "Total Cost": 438412.14, "Plan Rows": 331050, "Plan Width": 21, "Actual Min Startup Time": 273.042, "Actual Max Startup Time": 273.042, "Actual Min Total Time": 306.962, "Actual Max Total Time": 306.962, "Actual Total Rows": 669, "Inner Unique": false, "Plans": [{"Node Type": "Nested Loop", "Parent Relationship": "Outer", "Join Type": "Inner", "Startup Cost": 0.0, "Total Cost": 179894.07, "Plan Rows": 289936, "Plan Width": 25, "Actual Min Startup Time": 273.004, "Actual Max Startup Time": 273.004, "Actual Min Total Time": 289.211, "Actual Max Total Time": 289.211, "Actual Total Rows": 767, "Inner Unique": true, "Plans": [{"Node Type": "Nested Loop", "Parent Relationship": "Outer", "Join Type": "Inner", "Startup Cost": 0.0, "Total Cost": 32695.24, "Plan Rows": 209278, "Plan Width": 4, "Actual Min Startup Time": 272.935, "Actual Max Startup Time": 272.935, "Actual Min Total Time": 284.44, "Actual Max Total Time": 284.44, "Actual Total Rows": 798, "Inner Unique": false, "Join Filter": "(ct.id = mc.company_type_id), (LLVM Optimized)", "Rows Removed by Join Filter": 294830, "Plans": [{"Node Type": "Seq Scan", "Parent Relationship": "Outer", "Relation Name": "company_type", "Alias": "ct", "Startup Cost": 0.0, "Total Cost": 1.04, "Plan Rows": 1, "Plan Width": 4, "Actual Min Startup Time": 0.041, "Actual Max Startup Time": 0.041, "Actual Min Total Time": 0.046, "Actual Max Total Time": 0.046, "Actual Total Rows": 1, "Filter": "((kind)::text = 'production companies'::text)", "Rows Removed by Filter": 2}, {"Node Type": "Materialize", "Parent Relationship": "Inner", "Startup Cost": 0.0, "Total Cost": 28508.64, "Plan Rows": 418557, "Plan Width": 8, "Actual Min Startup Time": 183.415, "Actual Max Startup Time": 183.415, "Actual Min Total Time": 219.504, "Actual Max Total Time": 219.504, "Actual Total Rows": 295629, "Plans": [{"Node Type": "Streaming(type: LOCAL GATHER dop: 1/16)", "Parent Relationship": "Outer", "Startup Cost": 0.0, "Total Cost": 27462.24, "Plan Rows": 418557, "Plan Width": 8, "Actual Min Startup Time": 45.405, "Actual Max Startup Time": 45.405, "Actual Min Total Time": 140.238, "Actual Max Total Time": 140.238, "Actual Total Rows": 295628, "Plans": [{"Node Type": "Seq Scan", "Parent Relationship": "Outer", "Relation Name": "movie_companies", "Alias": "mc", "Startup Cost": 0.0, "Total Cost": 18428.93, "Plan Rows": 418557, "Plan Width": 8, "Actual Min Startup Time": 0.036, "Actual Max Startup Time": 0.295, "Actual Min Total Time": 70.811, "Actual Max Total Time": 78.326, "Actual Total Rows": 295628, "Filter": "(((note)::text !~~ '%(TV)%'::text) AND ((note)::text ~~ '%(USA)%'::text)), (LLVM Optimized)", "Rows Removed by Filter": 2313500}]}]}]}, {"Node Type": "Index Scan", "Parent Relationship": "Inner", "Scan Direction": "Forward", "Index Name": "title_pkey", "Relation Name": "title", "Alias": "t", "Startup Cost": 0.0, "Total Cost": 0.69, "Plan Rows": 1, "Plan Width": 21, "Actual Min Startup Time": 4.168, "Actual Max Startup Time": 4.168, "Actual Min Total Time": 4.168, "Actual Max Total Time": 4.168, "Actual Total Rows": 767, "Index Cond": "(id = mc.movie_id)", "Rows Removed by Index Recheck": 0, "Filter": "(production_year > 1990)", "Rows Removed by Filter": 31}]}, {"Node Type": "Index Scan", "Parent Relationship": "Inner", "Scan Direction": "Forward", "Index Name": "movie_id_movie_info", "Relation Name": "movie_info", "Alias": "mi", "Startup Cost": 0.0, "Total Cost": 0.88, "Plan Rows": 1, "Plan Width": 8, "Actual Min Startup Time": 14.968, "Actual Max Startup Time": 14.968, "Actual Min Total Time": 17.176, "Actual Max Total Time": 17.176, "Actual Total Rows": 669, "Index Cond": "(movie_id = t.id)", "Rows Removed by Index Recheck": 0, "Filter": "((info)::text = ANY ('{Sweden,Norway,Germany,Denmark,Swedish,Denish,Norwegian,German,USA,American}'::text[]))", "Rows Removed by Filter": 7721}]}, {"Node Type": "Index Scan", "Parent Relationship": "Inner", "Scan Direction": "Forward", "Index Name": "info_type_pkey", "Relation Name": "info_type", "Alias": "it", "Startup Cost": 0.0, "Total Cost": 0.27, "Plan Rows": 1, "Plan Width": 4, "Actual Min Startup Time": 1.063, "Actual Max Startup Time": 1.063, "Actual Min Total Time": 1.063, "Actual Max Total Time": 1.063, "Actual Total Rows": 669, "Index Cond": "(id = mi.info_type_id)", "Rows Removed by Index Recheck": 0}]}]}, "Triggers": [], "Planner Runtime": 3.836, "Total Runtime": 321.318, "Unique SQL Id": 322094867}}, "(16, 61)": {"explain_plan": {"Plan": {"Node Type": "Aggregate", "Strategy": "Plain", "Startup Cost": 598058.51, "Total Cost": 598058.52, "Plan Rows": 1, "Plan Width": 49, "Plans": [{"Node Type": "Nested Loop", "Parent Relationship": "Outer", "Join Type": "Inner", "Startup Cost": 0.0, "Total Cost": 597230.89, "Plan Rows": 331050, "Plan Width": 17, "Inner Unique": true, "Plans": [{"Node Type": "Nested Loop", "Parent Relationship": "Outer", "Join Type": "Inner", "Startup Cost": 0.0, "Total Cost": 504531.42, "Plan Rows": 331050, "Plan Width": 21, "Inner Unique": false, "Plans": [{"Node Type": "Nested Loop", "Parent Relationship": "Outer", "Join Type": "Inner", "Startup Cost": 0.0, "Total Cost": 246013.35, "Plan Rows": 289936, "Plan Width": 25, "Inner Unique": true, "Plans": [{"Node Type": "Nested Loop", "Parent Relationship": "Outer", "Join Type": "Inner", "Startup Cost": 0.0, "Total Cost": 98814.52, "Plan Rows": 209278, "Plan Width": 4, "Inner Unique": false, "Join Filter": "(ct.id = mc.company_type_id), (LLVM Optimized)", "Plans": [{"Node Type": "Index Scan", "Parent Relationship": "Outer", "Scan Direction": "Forward", "Index Name": "company_type_pkey", "Relation Name": "company_type", "Alias": "ct", "Startup Cost": 0.0, "Total Cost": 12.3, "Plan Rows": 1, "Plan Width": 4, "Filter": "((kind)::text = 'production companies'::text)"}, {"Node Type": "Materialize", "Parent Relationship": "Inner", "Startup Cost": 0.0, "Total Cost": 94616.65, "Plan Rows": 418557, "Plan Width": 8, "Plans": [{"Node Type": "Streaming(type: LOCAL GATHER dop: 1/16)", "Parent Relationship": "Outer", "Startup Cost": 0.0, "Total Cost": 93570.26, "Plan Rows": 418557, "Plan Width": 8, "Plans": [{"Node Type": "Index Scan", "Parent Relationship": "Outer", "Scan Direction": "Forward", "Index Name": "company_type_id_movie_companies", "Relation Name": "movie_companies", "Alias": "mc", "Startup Cost": 0.0, "Total Cost": 84536.95, "Plan Rows": 418557, "Plan Width": 8, "Filter": "(((note)::text !~~ '%(TV)%'::text) AND ((note)::text ~~ '%(USA)%'::text)), (LLVM Optimized)"}]}]}]}, {"Node Type": "Index Scan", "Parent Relationship": "Inner", "Scan Direction": "Forward", "Index Name": "title_pkey", "Relation Name": "title", "Alias": "t", "Startup Cost": 0.0, "Total Cost": 0.69, "Plan Rows": 1, "Plan Width": 21, "Index Cond": "(id = mc.movie_id)", "Filter": "(production_year > 1990)"}]}, {"Node Type": "Index Scan", "Parent Relationship": "Inner", "Scan Direction": "Forward", "Index Name": "movie_id_movie_info", "Relation Name": "movie_info", "Alias": "mi", "Startup Cost": 0.0, "Total Cost": 0.88, "Plan Rows": 1, "Plan Width": 8, "Index Cond": "(movie_id = t.id)", "Filter": "((info)::text = ANY ('{Sweden,Norway,Germany,Denmark,Swedish,Denish,Norwegian,German,USA,American}'::text[]))"}]}, {"Node Type": "Index Scan", "Parent Relationship": "Inner", "Scan Direction": "Forward", "Index Name": "info_type_pkey", "Relation Name": "info_type", "Alias": "it", "Startup Cost": 0.0, "Total Cost": 0.27, "Plan Rows": 1, "Plan Width": 4, "Index Cond": "(id = mi.info_type_id)"}]}]}, "Unique SQL Id": 322094867}, "explain_analyze_plan": {"Plan": {"Node Type": "Aggregate", "Strategy": "Plain", "Startup Cost": 598058.51, "Total Cost": 598058.52, "Plan Rows": 1, "Plan Width": 49, "Actual Min Startup Time": 410.498, "Actual Max Startup Time": 410.498, "Actual Min Total Time": 410.499, "Actual Max Total Time": 410.499, "Actual Total Rows": 1, "Plans": [{"Node Type": "Nested Loop", "Parent Relationship": "Outer", "Join Type": "Inner", "Startup Cost": 0.0, "Total Cost": 597230.89, "Plan Rows": 331050, "Plan Width": 17, "Actual Min Startup Time": 311.847, "Actual Max Startup Time": 311.847, "Actual Min Total Time": 410.148, "Actual Max Total Time": 410.148, "Actual Total Rows": 669, "Inner Unique": true, "Plans": [{"Node Type": "Nested Loop", "Parent Relationship": "Outer", "Join Type": "Inner", "Startup Cost": 0.0, "Total Cost": 504531.42, "Plan Rows": 331050, "Plan Width": 21, "Actual Min Startup Time": 311.838, "Actual Max Startup Time": 311.838, "Actual Min Total Time": 408.54, "Actual Max Total Time": 408.54, "Actual Total Rows": 669, "Inner Unique": false, "Plans": [{"Node Type": "Nested Loop", "Parent Relationship": "Outer", "Join Type": "Inner", "Startup Cost": 0.0, "Total Cost": 246013.35, "Plan Rows": 289936, "Plan Width": 25, "Actual Min Startup Time": 311.797, "Actual Max Startup Time": 311.797, "Actual Min Total Time": 389.441, "Actual Max Total Time": 389.441, "Actual Total Rows": 767, "Inner Unique": true, "Plans": [{"Node Type": "Nested Loop", "Parent Relationship": "Outer", "Join Type": "Inner", "Startup Cost": 0.0, "Total Cost": 98814.52, "Plan Rows": 209278, "Plan Width": 4, "Actual Min Startup Time": 311.75, "Actual Max Startup Time": 311.75, "Actual Min Total Time": 384.409, "Actual Max Total Time": 384.409, "Actual Total Rows": 798, "Inner Unique": false, "Join Filter": "(ct.id = mc.company_type_id), (LLVM Optimized)", "Rows Removed by Join Filter": 294830, "Plans": [{"Node Type": "Index Scan", "Parent Relationship": "Outer", "Scan Direction": "Forward", "Index Name": "company_type_pkey", "Relation Name": "company_type", "Alias": "ct", "Startup Cost": 0.0, "Total Cost": 12.3, "Plan Rows": 1, "Plan Width": 4, "Actual Min Startup Time": 0.041, "Actual Max Startup Time": 0.041, "Actual Min Total Time": 0.047, "Actual Max Total Time": 0.047, "Actual Total Rows": 1, "Filter": "((kind)::text = 'production companies'::text)", "Rows Removed by Filter": 2}, {"Node Type": "Materialize", "Parent Relationship": "Inner", "Startup Cost": 0.0, "Total Cost": 94616.65, "Plan Rows": 418557, "Plan Width": 8, "Actual Min Startup Time": 282.551, "Actual Max Startup Time": 282.551, "Actual Min Total Time": 319.914, "Actual Max Total Time": 319.914, "Actual Total Rows": 295629, "Plans": [{"Node Type": "Streaming(type: LOCAL GATHER dop: 1/16)", "Parent Relationship": "Outer", "Startup Cost": 0.0, "Total Cost": 93570.26, "Plan Rows": 418557, "Plan Width": 8, "Actual Min Startup Time": 80.79, "Actual Max Startup Time": 80.79, "Actual Min Total Time": 240.3, "Actual Max Total Time": 240.3, "Actual Total Rows": 295628, "Plans": [{"Node Type": "Index Scan", "Parent Relationship": "Outer", "Scan Direction": "Forward", "Index Name": "company_type_id_movie_companies", "Relation Name": "movie_companies", "Alias": "mc", "Startup Cost": 0.0, "Total Cost": 84536.95, "Plan Rows": 418557, "Plan Width": 8, "Actual Min Startup Time": 20.209, "Actual Max Startup Time": 41.977, "Actual Min Total Time": 93.2, "Actual Max Total Time": 186.907, "Actual Total Rows": 295628, "Filter": "(((note)::text !~~ '%(TV)%'::text) AND ((note)::text ~~ '%(USA)%'::text)), (LLVM Optimized)", "Rows Removed by Filter": 2313500}]}]}]}, {"Node Type": "Index Scan", "Parent Relationship": "Inner", "Scan Direction": "Forward", "Index Name": "title_pkey", "Relation Name": "title", "Alias": "t", "Startup Cost": 0.0, "Total Cost": 0.69, "Plan Rows": 1, "Plan Width": 21, "Actual Min Startup Time": 4.378, "Actual Max Startup Time": 4.378, "Actual Min Total Time": 4.378, "Actual Max Total Time": 4.378, "Actual Total Rows": 767, "Index Cond": "(id = mc.movie_id)", "Rows Removed by Index Recheck": 0, "Filter": "(production_year > 1990)", "Rows Removed by Filter": 31}]}, {"Node Type": "Index Scan", "Parent Relationship": "Inner", "Scan Direction": "Forward", "Index Name": "movie_id_movie_info", "Relation Name": "movie_info", "Alias": "mi", "Startup Cost": 0.0, "Total Cost": 0.88, "Plan Rows": 1, "Plan Width": 8, "Actual Min Startup Time": 16.146, "Actual Max Startup Time": 16.146, "Actual Min Total Time": 18.521, "Actual Max Total Time": 18.521, "Actual Total Rows": 669, "Index Cond": "(movie_id = t.id)", "Rows Removed by Index Recheck": 0, "Filter": "((info)::text = ANY ('{Sweden,Norway,Germany,Denmark,Swedish,Denish,Norwegian,German,USA,American}'::text[]))", "Rows Removed by Filter": 7721}]}, {"Node Type": "Index Scan", "Parent Relationship": "Inner", "Scan Direction": "Forward", "Index Name": "info_type_pkey", "Relation Name": "info_type", "Alias": "it", "Startup Cost": 0.0, "Total Cost": 0.27, "Plan Rows": 1, "Plan Width": 4, "Actual Min Startup Time": 1.059, "Actual Max Startup Time": 1.059, "Actual Min Total Time": 1.059, "Actual Max Total Time": 1.059, "Actual Total Rows": 669, "Index Cond": "(id = mi.info_type_id)", "Rows Removed by Index Recheck": 0}]}]}, "Triggers": [], "Planner Runtime": 3.844, "Total Runtime": 422.528, "Unique SQL Id": 322094867}}, "(16, 62)": {"explain_plan": {"Plan": {"Node Type": "Aggregate", "Strategy": "Plain", "Startup Cost": 33602537.2, "Total Cost": 33602537.22, "Plan Rows": 1, "Plan Width": 49, "Plans": [{"Node Type": "Streaming(type: LOCAL GATHER dop: 1/16)", "Parent Relationship": "Outer", "Startup Cost": 33602537.2, "Total Cost": 33602537.22, "Plan Rows": 1, "Plan Width": 49, "Plans": [{"Node Type": "Aggregate", "Strategy": "Plain", "Parent Relationship": "Outer", "Startup Cost": 33602537.2, "Total Cost": 33602537.21, "Plan Rows": 1, "Plan Width": 49, "Plans": [{"Node Type": "Nested Loop", "Parent Relationship": "Outer", "Join Type": "Inner", "Startup Cost": 0.0, "Total Cost": 33601709.57, "Plan Rows": 331050, "Plan Width": 17, "Inner Unique": false, "Join Filter": "(mi.movie_id = t.id), (LLVM Optimized)", "Plans": [{"Node Type": "Streaming(type: LOCAL REDISTRIBUTE dop: 16/16)", "Parent Relationship": "Outer", "Startup Cost": 0.0, "Total Cost": 40775.83, "Plan Rows": 1748840, "Plan Width": 21, "Plans": [{"Node Type": "Seq Scan", "Parent Relationship": "Outer", "Relation Name": "title", "Alias": "t", "Startup Cost": 0.0, "Total Cost": 19149.37, "Plan Rows": 1748840, "Plan Width": 21, "Filter": "(production_year > 1990), (LLVM Optimized)"}]}, {"Node Type": "Materialize", "Parent Relationship": "Inner", "Startup Cost": 0.0, "Total Cost": 9074990.87, "Plan Rows": 238955, "Plan Width": 8, "Plans": [{"Node Type": "Streaming(type: LOCAL REDISTRIBUTE dop: 16/16)", "Parent Relationship": "Outer", "Startup Cost": 0.0, "Total Cost": 9074916.2, "Plan Rows": 238955, "Plan Width": 8, "Plans": [{"Node Type": "Nested Loop", "Parent Relationship": "Outer", "Join Type": "Inner", "Startup Cost": 0.0, "Total Cost": 9059010.78, "Plan Rows": 238955, "Plan Width": 8, "Inner Unique": true, "Join Filter": "(mi.info_type_id = it.id), (LLVM Optimized)", "Plans": [{"Node Type": "Streaming(type: LOCAL REDISTRIBUTE dop: 16/16)", "Parent Relationship": "Outer", "Startup Cost": 0.0, "Total Cost": 9042435.84, "Plan Rows": 238955, "Plan Width": 12, "Plans": [{"Node Type": "Nested Loop", "Parent Relationship": "Outer", "Join Type": "Inner", "Startup Cost": 0.0, "Total Cost": 9026530.43, "Plan Rows": 238955, "Plan Width": 12, "Inner Unique": false, "Join Filter": "(mc.movie_id = mi.movie_id), (LLVM Optimized)", "Plans": [{"Node Type": "Streaming(type: LOCAL REDISTRIBUTE dop: 16/1)", "Parent Relationship": "Outer", "Startup Cost": 0.0, "Total Cost": 56397.45, "Plan Rows": 209278, "Plan Width": 4, "Plans": [{"Node Type": "Nested Loop", "Parent Relationship": "Outer", "Join Type": "Inner", "Startup Cost": 0.0, "Total Cost": 32695.24, "Plan Rows": 209278, "Plan Width": 4, "Inner Unique": false, "Join Filter": "(ct.id = mc.company_type_id), (LLVM Optimized)", "Plans": [{"Node Type": "Seq Scan", "Parent Relationship": "Outer", "Relation Name": "company_type", "Alias": "ct", "Startup Cost": 0.0, "Total Cost": 1.04, "Plan Rows": 1, "Plan Width": 4, "Filter": "((kind)::text = 'production companies'::text)"}, {"Node Type": "Materialize", "Parent Relationship": "Inner", "Startup Cost": 0.0, "Total Cost": 28508.64, "Plan Rows": 418557, "Plan Width": 8, "Plans": [{"Node Type": "Streaming(type: LOCAL GATHER dop: 1/16)", "Parent Relationship": "Outer", "Startup Cost": 0.0, "Total Cost": 27462.24, "Plan Rows": 418557, "Plan Width": 8, "Plans": [{"Node Type": "Seq Scan", "Parent Relationship": "Outer", "Relation Name": "movie_companies", "Alias": "mc", "Startup Cost": 0.0, "Total Cost": 18428.93, "Plan Rows": 418557, "Plan Width": 8, "Filter": "(((note)::text !~~ '%(TV)%'::text) AND ((note)::text ~~ '%(USA)%'::text)), (LLVM Optimized)"}]}]}]}]}, {"Node Type": "Materialize", "Parent Relationship": "Inner", "Startup Cost": 0.0, "Total Cost": 63158.16, "Plan Rows": 726375, "Plan Width": 8, "Plans": [{"Node Type": "Streaming(type: LOCAL REDISTRIBUTE dop: 16/16)", "Parent Relationship": "Outer", "Startup Cost": 0.0, "Total Cost": 62931.17, "Plan Rows": 726375, "Plan Width": 8, "Plans": [{"Node Type": "Seq Scan", "Parent Relationship": "Outer", "Relation Name": "movie_info", "Alias": "mi", "Startup Cost": 0.0, "Total Cost": 45178.89, "Plan Rows": 726375, "Plan Width": 8, "Filter": "((info)::text = ANY ('{Sweden,Norway,Germany,Denmark,Swedish,Denish,Norwegian,German,USA,American}'::text[]))"}]}]}]}]}, {"Node Type": "Materialize", "Parent Relationship": "Inner", "Startup Cost": 0.0, "Total Cost": 15006.81, "Plan Rows": 112, "Plan Width": 4, "Plans": [{"Node Type": "Streaming(type: LOCAL REDISTRIBUTE dop: 16/1)", "Parent Relationship": "Outer", "Startup Cost": 0.0, "Total Cost": 15006.78, "Plan Rows": 112, "Plan Width": 4, "Plans": [{"Node Type": "Seq Scan", "Parent Relationship": "Outer", "Relation Name": "info_type", "Alias": "it", "Startup Cost": 0.0, "Total Cost": 2.12, "Plan Rows": 112, "Plan Width": 4}]}]}]}]}]}]}]}]}]}, "Unique SQL Id": 322094867}, "explain_analyze_plan": null}, "(16, 63)": {"explain_plan": {"Plan": {"Node Type": "Aggregate", "Strategy": "Plain", "Startup Cost": 5008697311176.9, "Total Cost": 5008697311176.91, "Plan Rows": 1, "Plan Width": 49, "Plans": [{"Node Type": "Nested Loop", "Parent Relationship": "Outer", "Join Type": "Inner", "Startup Cost": 50000000000.0, "Total Cost": 5008697310349.27, "Plan Rows": 331050, "Plan Width": 17, "Inner Unique": false, "Join Filter": "(mi.movie_id = t.id), (LLVM Optimized)", "Plans": [{"Node Type": "Index Scan", "Parent Relationship": "Outer", "Scan Direction": "Forward", "Index Name": "title_pkey", "Relation Name": "title", "Alias": "t", "Startup Cost": 10000000000.0, "Total Cost": 1000011644126.66, "Plan Rows": 1748840, "Plan Width": 21, "Filter": "(production_year > 1990), (LLVM Optimized)"}, {"Node Type": "Materialize", "Parent Relationship": "Inner", "Startup Cost": 40000000000.0, "Total Cost": 4002417255887.0, "Plan Rows": 238955, "Plan Width": 8, "Plans": [{"Node Type": "Nested Loop", "Parent Relationship": "Outer", "Join Type": "Inner", "Startup Cost": 40000000000.0, "Total Cost": 4002417254692.22, "Plan Rows": 238955, "Plan Width": 8, "Inner Unique": true, "Join Filter": "(mi.info_type_id = it.id), (LLVM Optimized)", "Plans": [{"Node Type": "Nested Loop", "Parent Relationship": "Outer", "Join Type": "Inner", "Startup Cost": 30000000000.0, "Total Cost": 3002416851854.54, "Plan Rows": 238955, "Plan Width": 12, "Inner Unique": false, "Join Filter": "(mc.movie_id = mi.movie_id), (LLVM Optimized)", "Plans": [{"Node Type": "Nested Loop", "Parent Relationship": "Outer", "Join Type": "Inner", "Startup Cost": 20000000000.0, "Total Cost": 2000014364018.74, "Plan Rows": 209278, "Plan Width": 4, "Inner Unique": true, "Join Filter": "(ct.id = mc.company_type_id), (LLVM Optimized)", "Plans": [{"Node Type": "Index Scan", "Parent Relationship": "Outer", "Scan Direction": "Forward", "Index Name": "movie_id_movie_companies", "Relation Name": "movie_companies", "Alias": "mc", "Startup Cost": 10000000000.0, "Total Cost": 1000014356510.13, "Plan Rows": 418557, "Plan Width": 8, "Filter": "(((note)::text !~~ '%(TV)%'::text) AND ((note)::text ~~ '%(USA)%'::text)), (LLVM Optimized)"}, {"Node Type": "Materialize", "Parent Relationship": "Inner", "Startup Cost": 10000000000.0, "Total Cost": 1000000001230.26, "Plan Rows": 1, "Plan Width": 4, "Plans": [{"Node Type": "Index Scan", "Parent Relationship": "Outer", "Scan Direction": "Forward", "Index Name": "company_type_pkey", "Relation Name": "company_type", "Alias": "ct", "Startup Cost": 10000000000.0, "Total Cost": 1000000001230.25, "Plan Rows": 1, "Plan Width": 4, "Filter": "((kind)::text = 'production companies'::text)"}]}]}, {"Node Type": "Materialize", "Parent Relationship": "Inner", "Startup Cost": 10000000000.0, "Total Cost": 1000122275042.99, "Plan Rows": 726375, "Plan Width": 8, "Plans": [{"Node Type": "Index Scan", "Parent Relationship": "Outer", "Scan Direction": "Forward", "Index Name": "info_type_id_movie_info", "Relation Name": "movie_info", "Alias": "mi", "Startup Cost": 10000000000.0, "Total Cost": 1000122271411.12, "Plan Rows": 726375, "Plan Width": 8, "Filter": "((info)::text = ANY ('{Sweden,Norway,Germany,Denmark,Swedish,Denish,Norwegian,German,USA,American}'::text[]))"}]}]}, {"Node Type": "Materialize", "Parent Relationship": "Inner", "Startup Cost": 10000000000.0, "Total Cost": 1000000001393.56, "Plan Rows": 112, "Plan Width": 4, "Plans": [{"Node Type": "Index Scan", "Parent Relationship": "Outer", "Scan Direction": "Forward", "Index Name": "info_type_pkey", "Relation Name": "info_type", "Alias": "it", "Startup Cost": 10000000000.0, "Total Cost": 1000000001393.0, "Plan Rows": 112, "Plan Width": 4}]}]}]}]}]}, "Unique SQL Id": 322094867}, "explain_analyze_plan": null}, "(16, 64)": {"explain_plan": {"Plan": {"Node Type": "Aggregate", "Strategy": "Plain", "Startup Cost": 173539.71, "Total Cost": 173539.72, "Plan Rows": 1, "Plan Width": 49, "Plans": [{"Node Type": "Hash Join", "Parent Relationship": "Outer", "Join Type": "Inner", "Startup Cost": 70862.43, "Total Cost": 172712.09, "Plan Rows": 331050, "Plan Width": 17, "Inner Unique": true, "Hash Cond": "(mi.info_type_id = it.id), (LLVM Optimized)", "Plans": [{"Node Type": "Streaming(type: LOCAL GATHER dop: 1/16)", "Parent Relationship": "Outer", "Startup Cost": 70858.91, "Total Cost": 168156.63, "Plan Rows": 331050, "Plan Width": 21, "Plans": [{"Node Type": "Hash Join", "Parent Relationship": "Outer", "Join Type": "Inner", "Startup Cost": 70858.91, "Total Cost": 161011.9, "Plan Rows": 331050, "Plan Width": 21, "Inner Unique": true, "Hash Cond": "(mi.movie_id = t.id), (LLVM Optimized)", "Plans": [{"Node Type": "Streaming(type: BROADCAST dop: 16/16)", "Parent Relationship": "Outer", "Startup Cost": 50343.26, "Total Cost": 139393.26, "Plan Rows": 3823280, "Plan Width": 12, "Plans": [{"Node Type": "Hash Join", "Parent Relationship": "Outer", "Join Type": "Inner", "Startup Cost": 50343.26, "Total Cost": 114685.71, "Plan Rows": 238955, "Plan Width": 12, "Inner Unique": true, "Hash Cond": "(mc.company_type_id = ct.id), (LLVM Optimized)", "Plans": [{"Node Type": "Hash Join", "Parent Relationship": "Outer", "Join Type": "Inner", "Startup Cost": 35341.87, "Total Cost": 99422.95, "Plan Rows": 477912, "Plan Width": 16, "Inner Unique": false, "Hash Cond": "(mi.movie_id = mc.movie_id), (LLVM Optimized)", "Plans": [{"Node Type": "Streaming(type: LOCAL REDISTRIBUTE dop: 16/16)", "Parent Relationship": "Outer", "Startup Cost": 0.0, "Total Cost": 62931.17, "Plan Rows": 726375, "Plan Width": 8, "Plans": [{"Node Type": "Seq Scan", "Parent Relationship": "Outer", "Relation Name": "movie_info", "Alias": "mi", "Startup Cost": 0.0, "Total Cost": 45178.89, "Plan Rows": 726375, "Plan Width": 8, "Filter": "((info)::text = ANY ('{Sweden,Norway,Germany,Denmark,Swedish,Denish,Norwegian,German,USA,American}'::text[]))"}]}, {"Node Type": "Hash", "Parent Relationship": "Inner", "Startup Cost": 35014.87, "Total Cost": 35014.87, "Plan Rows": 418557, "Plan Width": 8, "Plans": [{"Node Type": "Streaming(type: LOCAL REDISTRIBUTE dop: 16/16)", "Parent Relationship": "Outer", "Startup Cost": 0.0, "Total Cost": 35014.87, "Plan Rows": 418557, "Plan Width": 8, "Plans": [{"Node Type": "Seq Scan", "Parent Relationship": "Outer", "Relation Name": "movie_companies", "Alias": "mc", "Startup Cost": 0.0, "Total Cost": 18428.93, "Plan Rows": 418557, "Plan Width": 8, "Filter": "(((note)::text !~~ '%(TV)%'::text) AND ((note)::text ~~ '%(USA)%'::text)), (LLVM Optimized)"}]}]}]}, {"Node Type": "Hash", "Parent Relationship": "Inner", "Startup Cost": 15001.38, "Total Cost": 15001.38, "Plan Rows": 16, "Plan Width": 4, "Plans": [{"Node Type": "Streaming(type: BROADCAST dop: 16/1)", "Parent Relationship": "Outer", "Startup Cost": 0.0, "Total Cost": 15001.38, "Plan Rows": 16, "Plan Width": 4, "Plans": [{"Node Type": "Seq Scan", "Parent Relationship": "Outer", "Relation Name": "company_type", "Alias": "ct", "Startup Cost": 0.0, "Total Cost": 1.04, "Plan Rows": 1, "Plan Width": 4, "Filter": "((kind)::text = 'production companies'::text)"}]}]}]}]}, {"Node Type": "Hash", "Parent Relationship": "Inner", "Startup Cost": 19149.37, "Total Cost": 19149.37, "Plan Rows": 1748840, "Plan Width": 21, "Plans": [{"Node Type": "Seq Scan", "Parent Relationship": "Outer", "Relation Name": "title", "Alias": "t", "Startup Cost": 0.0, "Total Cost": 19149.37, "Plan Rows": 1748840, "Plan Width": 21, "Filter": "(production_year > 1990), (LLVM Optimized)"}]}]}]}, {"Node Type": "Hash", "Parent Relationship": "Inner", "Startup Cost": 2.12, "Total Cost": 2.12, "Plan Rows": 112, "Plan Width": 4, "Plans": [{"Node Type": "Index Only Scan", "Parent Relationship": "Outer", "Scan Direction": "Forward", "Index Name": "info_type_pkey", "Relation Name": "info_type", "Alias": "it", "Startup Cost": 0.0, "Total Cost": 2.12, "Plan Rows": 112, "Plan Width": 4}]}]}]}, "Unique SQL Id": 322094867}, "explain_analyze_plan": {"Plan": {"Node Type": "Aggregate", "Strategy": "Plain", "Startup Cost": 173539.71, "Total Cost": 173539.72, "Plan Rows": 1, "Plan Width": 49, "Actual Min Startup Time": 880.696, "Actual Max Startup Time": 880.696, "Actual Min Total Time": 880.697, "Actual Max Total Time": 880.697, "Actual Total Rows": 1, "Plans": [{"Node Type": "Hash Join", "Parent Relationship": "Outer", "Join Type": "Inner", "Startup Cost": 70862.43, "Total Cost": 172712.09, "Plan Rows": 331050, "Plan Width": 17, "Actual Min Startup Time": 879.552, "Actual Max Startup Time": 879.552, "Actual Min Total Time": 880.49, "Actual Max Total Time": 880.49, "Actual Total Rows": 669, "Inner Unique": true, "Hash Cond": "(mi.info_type_id = it.id), (LLVM Optimized, Jit Execute)", "Plans": [{"Node Type": "Streaming(type: LOCAL GATHER dop: 1/16)", "Parent Relationship": "Outer", "Startup Cost": 70858.91, "Total Cost": 168156.63, "Plan Rows": 331050, "Plan Width": 21, "Actual Min Startup Time": 879.361, "Actual Max Startup Time": 879.361, "Actual Min Total Time": 880.084, "Actual Max Total Time": 880.084, "Actual Total Rows": 669, "Plans": [{"Node Type": "Hash Join", "Parent Relationship": "Outer", "Join Type": "Inner", "Startup Cost": 70858.91, "Total Cost": 161011.9, "Plan Rows": 331050, "Plan Width": 21, "Actual Min Startup Time": 685.466, "Actual Max Startup Time": 782.844, "Actual Min Total Time": 686.781, "Actual Max Total Time": 784.227, "Actual Total Rows": 669, "Inner Unique": true, "Hash Cond": "(mi.movie_id = t.id), (LLVM Optimized, Jit Execute)", "Plans": [{"Node Type": "Streaming(type: BROADCAST dop: 16/16)", "Parent Relationship": "Outer", "Startup Cost": 50343.26, "Total Cost": 139393.26, "Plan Rows": 3823280, "Plan Width": 12, "Actual Min Startup Time": 583.429, "Actual Max Startup Time": 675.301, "Actual Min Total Time": 584.463, "Actual Max Total Time": 676.356, "Actual Total Rows": 11056, "Plans": [{"Node Type": "Hash Join", "Parent Relationship": "Outer", "Join Type": "Inner", "Startup Cost": 50343.26, "Total Cost": 114685.71, "Plan Rows": 238955, "Plan Width": 12, "Actual Min Startup Time": 94.677, "Actual Max Startup Time": 529.454, "Actual Min Total Time": 684.441, "Actual Max Total Time": 718.486, "Actual Total Rows": 691, "Inner Unique": true, "Hash Cond": "(mc.company_type_id = ct.id), (LLVM Optimized, Jit Execute)", "Plans": [{"Node Type": "Hash Join", "Parent Relationship": "Outer", "Join Type": "Inner", "Startup Cost": 35341.87, "Total Cost": 99422.95, "Plan Rows": 477912, "Plan Width": 16, "Actual Min Startup Time": 93.373, "Actual Max Startup Time": 127.409, "Actual Min Total Time": 681.733, "Actual Max Total Time": 715.896, "Actual Total Rows": 294926, "Inner Unique": false, "Hash Cond": "(mi.movie_id = mc.movie_id), (LLVM Optimized, Jit Execute)", "Plans": [{"Node Type": "Streaming(type: LOCAL REDISTRIBUTE dop: 16/16)", "Parent Relationship": "Outer", "Startup Cost": 0.0, "Total Cost": 62931.17, "Plan Rows": 726375, "Plan Width": 8, "Actual Min Startup Time": 0.061, "Actual Max Startup Time": 0.447, "Actual Min Total Time": 573.563, "Actual Max Total Time": 574.841, "Actual Total Rows": 706674, "Plans": [{"Node Type": "Seq Scan", "Parent Relationship": "Outer", "Relation Name": "movie_info", "Alias": "mi", "Startup Cost": 0.0, "Total Cost": 45178.89, "Plan Rows": 726375, "Plan Width": 8, "Actual Min Startup Time": 0.038, "Actual Max Startup Time": 3.334, "Actual Min Total Time": 506.504, "Actual Max Total Time": 539.56, "Actual Total Rows": 706674, "Filter": "((info)::text = ANY ('{Sweden,Norway,Germany,Denmark,Swedish,Denish,Norwegian,German,USA,American}'::text[]))", "Rows Removed by Filter": 14129045}]}, {"Node Type": "Hash", "Parent Relationship": "Inner", "Startup Cost": 35014.87, "Total Cost": 35014.87, "Plan Rows": 418557, "Plan Width": 8, "Actual Min Startup Time": 93.087, "Actual Max Startup Time": 127.139, "Actual Min Total Time": 93.087, "Actual Max Total Time": 127.139, "Actual Total Rows": 295628, "Max Hash Buckets": 32768, "Min Hash Buckets": 32768, "Max Hash Batches": 1, "Min Hash Batches": 1, "Max Original Hash Batches": 1, "Min Original Hash Batches": 1, "Max Peak Memory Usage": 722, "min Peak Memory Usage": 722, "Plans": [{"Node Type": "Streaming(type: LOCAL REDISTRIBUTE dop: 16/16)", "Parent Relationship": "Outer", "Startup Cost": 0.0, "Total Cost": 35014.87, "Plan Rows": 418557, "Plan Width": 8, "Actual Min Startup Time": 0.047, "Actual Max Startup Time": 32.451, "Actual Min Total Time": 88.343, "Actual Max Total Time": 122.427, "Actual Total Rows": 295628, "Plans": [{"Node Type": "Seq Scan", "Parent Relationship": "Outer", "Relation Name": "movie_companies", "Alias": "mc", "Startup Cost": 0.0, "Total Cost": 18428.93, "Plan Rows": 418557, "Plan Width": 8, "Actual Min Startup Time": 0.042, "Actual Max Startup Time": 0.307, "Actual Min Total Time": 71.102, "Actual Max Total Time": 78.494, "Actual Total Rows": 295628, "Filter": "(((note)::text !~~ '%(TV)%'::text) AND ((note)::text ~~ '%(USA)%'::text)), (LLVM Optimized, Jit Execute)", "Rows Removed by Filter": 2313500}]}]}]}, {"Node Type": "Hash", "Parent Relationship": "Inner", "Startup Cost": 15001.38, "Total Cost": 15001.38, "Plan Rows": 16, "Plan Width": 4, "Actual Min Startup Time": 0.006, "Actual Max Startup Time": 0.019, "Actual Min Total Time": 0.006, "Actual Max Total Time": 0.019, "Actual Total Rows": 16, "Max Hash Buckets": 32768, "Min Hash Buckets": 32768, "Max Hash Batches": 1, "Min Hash Batches": 1, "Max Original Hash Batches": 1, "Min Original Hash Batches": 1, "Max Peak Memory Usage": 1, "min Peak Memory Usage": 1, "Plans": [{"Node Type": "Streaming(type: BROADCAST dop: 16/1)", "Parent Relationship": "Outer", "Startup Cost": 0.0, "Total Cost": 15001.38, "Plan Rows": 16, "Plan Width": 4, "Actual Min Startup Time": 0.003, "Actual Max Startup Time": 0.009, "Actual Min Total Time": 0.003, "Actual Max Total Time": 0.01, "Actual Total Rows": 16, "Plans": [{"Node Type": "Seq Scan", "Parent Relationship": "Outer", "Relation Name": "company_type", "Alias": "ct", "Startup Cost": 0.0, "Total Cost": 1.04, "Plan Rows": 1, "Plan Width": 4, "Actual Min Startup Time": 0.035, "Actual Max Startup Time": 0.035, "Actual Min Total Time": 0.039, "Actual Max Total Time": 0.039, "Actual Total Rows": 1, "Filter": "((kind)::text = 'production companies'::text)", "Rows Removed by Filter": 2}]}]}]}]}, {"Node Type": "Hash", "Parent Relationship": "Inner", "Startup Cost": 19149.37, "Total Cost": 19149.37, "Plan Rows": 1748840, "Plan Width": 21, "Actual Min Startup Time": 96.534, "Actual Max Startup Time": 107.264, "Actual Min Total Time": 96.534, "Actual Max Total Time": 107.264, "Actual Total Rows": 1749032, "Max Hash Buckets": 131072, "Min Hash Buckets": 131072, "Max Hash Batches": 1, "Min Hash Batches": 1, "Max Original Hash Batches": 1, "Min Original Hash Batches": 1, "Max Peak Memory Usage": 5962, "min Peak Memory Usage": 5962, "Plans": [{"Node Type": "Seq Scan", "Parent Relationship": "Outer", "Relation Name": "title", "Alias": "t", "Startup Cost": 0.0, "Total Cost": 19149.37, "Plan Rows": 1748840, "Plan Width": 21, "Actual Min Startup Time": 0.023, "Actual Max Startup Time": 0.037, "Actual Min Total Time": 63.539, "Actual Max Total Time": 71.614, "Actual Total Rows": 1749032, "Filter": "(production_year > 1990), (LLVM Optimized, Jit Execute)", "Rows Removed by Filter": 779279}]}]}]}, {"Node Type": "Hash", "Parent Relationship": "Inner", "Startup Cost": 2.12, "Total Cost": 2.12, "Plan Rows": 112, "Plan Width": 4, "Actual Min Startup Time": 0.115, "Actual Max Startup Time": 0.115, "Actual Min Total Time": 0.115, "Actual Max Total Time": 0.115, "Actual Total Rows": 112, "Max Hash Buckets": 32768, "Min Hash Buckets": 32768, "Max Hash Batches": 1, "Min Hash Batches": 1, "Max Original Hash Batches": 1, "Min Original Hash Batches": 1, "Max Peak Memory Usage": 4, "min Peak Memory Usage": 4, "Plans": [{"Node Type": "Index Only Scan", "Parent Relationship": "Outer", "Scan Direction": "Forward", "Index Name": "info_type_pkey", "Relation Name": "info_type", "Alias": "it", "Startup Cost": 0.0, "Total Cost": 2.12, "Plan Rows": 112, "Plan Width": 4, "Actual Min Startup Time": 0.031, "Actual Max Startup Time": 0.031, "Actual Min Total Time": 0.054, "Actual Max Total Time": 0.054, "Actual Total Rows": 112, "Heap Fetches": 0}]}]}]}, "Triggers": [], "Planner Runtime": 22.157, "Total Runtime": 904.787, "Unique SQL Id": 322094867}}, "(16, 65)": {"explain_plan": {"Plan": {"Node Type": "Aggregate", "Strategy": "Plain", "Startup Cost": 502970.41, "Total Cost": 502970.42, "Plan Rows": 1, "Plan Width": 49, "Plans": [{"Node Type": "Hash Join", "Parent Relationship": "Outer", "Join Type": "Inner", "Startup Cost": 103193.32, "Total Cost": 502142.78, "Plan Rows": 331050, "Plan Width": 17, "Inner Unique": true, "Hash Cond": "(mi.info_type_id = it.id), (LLVM Optimized)", "Plans": [{"Node Type": "Nested Loop", "Parent Relationship": "Outer", "Join Type": "Inner", "Startup Cost": 103181.99, "Total Cost": 497761.59, "Plan Rows": 331050, "Plan Width": 21, "Inner Unique": false, "Plans": [{"Node Type": "Hash Join", "Parent Relationship": "Outer", "Join Type": "Inner", "Startup Cost": 103181.99, "Total Cost": 239243.52, "Plan Rows": 289936, "Plan Width": 25, "Inner Unique": true, "Hash Cond": "(mc.company_type_id = ct.id), (LLVM Optimized)", "Plans": [{"Node Type": "Streaming(type: LOCAL GATHER dop: 1/16)", "Parent Relationship": "Outer", "Startup Cost": 103178.9, "Total Cost": 234166.55, "Plan Rows": 579872, "Plan Width": 29, "Plans": [{"Node Type": "Hash Join", "Parent Relationship": "Outer", "Join Type": "Inner", "Startup Cost": 103178.9, "Total Cost": 221651.74, "Plan Rows": 579872, "Plan Width": 29, "Inner Unique": true, "Hash Cond": "(mc.movie_id = t.id), (LLVM Optimized)", "Plans": [{"Node Type": "Streaming(type: BROADCAST dop: 16/16)", "Parent Relationship": "Outer", "Startup Cost": 0.0, "Total Cost": 116540.83, "Plan Rows": 6696912, "Plan Width": 8, "Plans": [{"Node Type": "Index Scan", "Parent Relationship": "Outer", "Scan Direction": "Forward", "Index Name": "company_type_id_movie_companies", "Relation Name": "movie_companies", "Alias": "mc", "Startup Cost": 0.0, "Total Cost": 84536.95, "Plan Rows": 418557, "Plan Width": 8, "Filter": "(((note)::text !~~ '%(TV)%'::text) AND ((note)::text ~~ '%(USA)%'::text)), (LLVM Optimized)"}]}, {"Node Type": "Hash", "Parent Relationship": "Inner", "Startup Cost": 101812.62, "Total Cost": 101812.62, "Plan Rows": 1748840, "Plan Width": 21, "Plans": [{"Node Type": "Index Scan", "Parent Relationship": "Outer", "Scan Direction": "Forward", "Index Name": "title_pkey", "Relation Name": "title", "Alias": "t", "Startup Cost": 0.0, "Total Cost": 101812.62, "Plan Rows": 1748840, "Plan Width": 21, "Filter": "(production_year > 1990), (LLVM Optimized)"}]}]}]}, {"Node Type": "Hash", "Parent Relationship": "Inner", "Startup Cost": 12.3, "Total Cost": 12.3, "Plan Rows": 1, "Plan Width": 4, "Plans": [{"Node Type": "Index Scan", "Parent Relationship": "Outer", "Scan Direction": "Forward", "Index Name": "company_type_pkey", "Relation Name": "company_type", "Alias": "ct", "Startup Cost": 0.0, "Total Cost": 12.3, "Plan Rows": 1, "Plan Width": 4, "Filter": "((kind)::text = 'production companies'::text)"}]}]}, {"Node Type": "Index Scan", "Parent Relationship": "Inner", "Scan Direction": "Forward", "Index Name": "movie_id_movie_info", "Relation Name": "movie_info", "Alias": "mi", "Startup Cost": 0.0, "Total Cost": 0.88, "Plan Rows": 1, "Plan Width": 8, "Index Cond": "(movie_id = t.id)", "Filter": "((info)::text = ANY ('{Sweden,Norway,Germany,Denmark,Swedish,Denish,Norwegian,German,USA,American}'::text[]))"}]}, {"Node Type": "Hash", "Parent Relationship": "Inner", "Startup Cost": 9.93, "Total Cost": 9.93, "Plan Rows": 112, "Plan Width": 4, "Plans": [{"Node Type": "Index Only Scan", "Parent Relationship": "Outer", "Scan Direction": "Forward", "Index Name": "info_type_pkey", "Relation Name": "info_type", "Alias": "it", "Startup Cost": 0.0, "Total Cost": 9.93, "Plan Rows": 112, "Plan Width": 4}]}]}]}, "Unique SQL Id": 322094867}, "explain_analyze_plan": {"Plan": {"Node Type": "Aggregate", "Strategy": "Plain", "Startup Cost": 502970.41, "Total Cost": 502970.42, "Plan Rows": 1, "Plan Width": 49, "Actual Min Startup Time": 1223.111, "Actual Max Startup Time": 1223.111, "Actual Min Total Time": 1223.111, "Actual Max Total Time": 1223.111, "Actual Total Rows": 1, "Plans": [{"Node Type": "Hash Join", "Parent Relationship": "Outer", "Join Type": "Inner", "Startup Cost": 103193.32, "Total Cost": 502142.78, "Plan Rows": 331050, "Plan Width": 17, "Actual Min Startup Time": 386.492, "Actual Max Startup Time": 386.492, "Actual Min Total Time": 1222.691, "Actual Max Total Time": 1222.691, "Actual Total Rows": 669, "Inner Unique": true, "Hash Cond": "(mi.info_type_id = it.id), (LLVM Optimized, Jit Execute)", "Plans": [{"Node Type": "Nested Loop", "Parent Relationship": "Outer", "Join Type": "Inner", "Startup Cost": 103181.99, "Total Cost": 497761.59, "Plan Rows": 331050, "Plan Width": 21, "Actual Min Startup Time": 386.341, "Actual Max Startup Time": 386.341, "Actual Min Total Time": 1222.2, "Actual Max Total Time": 1222.2, "Actual Total Rows": 669, "Inner Unique": false, "Plans": [{"Node Type": "Hash Join", "Parent Relationship": "Outer", "Join Type": "Inner", "Startup Cost": 103181.99, "Total Cost": 239243.52, "Plan Rows": 289936, "Plan Width": 25, "Actual Min Startup Time": 386.224, "Actual Max Startup Time": 386.224, "Actual Min Total Time": 1202.944, "Actual Max Total Time": 1202.944, "Actual Total Rows": 767, "Inner Unique": true, "Hash Cond": "(mc.company_type_id = ct.id), (LLVM Optimized, Jit Execute)", "Plans": [{"Node Type": "Streaming(type: LOCAL GATHER dop: 1/16)", "Parent Relationship": "Outer", "Startup Cost": 103178.9, "Total Cost": 234166.55, "Plan Rows": 579872, "Plan Width": 29, "Actual Min Startup Time": 386.126, "Actual Max Startup Time": 386.126, "Actual Min Total Time": 1186.16, "Actual Max Total Time": 1186.16, "Actual Total Rows": 105501, "Plans": [{"Node Type": "Hash Join", "Parent Relationship": "Outer", "Join Type": "Inner", "Startup Cost": 103178.9, "Total Cost": 221651.74, "Plan Rows": 579872, "Plan Width": 29, "Actual Min Startup Time": 284.768, "Actual Max Startup Time": 329.208, "Actual Min Total Time": 1104.702, "Actual Max Total Time": 1126.285, "Actual Total Rows": 105501, "Inner Unique": true, "Hash Cond": "(mc.movie_id = t.id), (LLVM Optimized, Jit Execute)", "Plans": [{"Node Type": "Streaming(type: BROADCAST dop: 16/16)", "Parent Relationship": "Outer", "Startup Cost": 0.0, "Total Cost": 116540.83, "Plan Rows": 6696912, "Plan Width": 8, "Actual Min Startup Time": 0.049, "Actual Max Startup Time": 0.068, "Actual Min Total Time": 716.84, "Actual Max Total Time": 756.417, "Actual Total Rows": 4730048, "Plans": [{"Node Type": "Index Scan", "Parent Relationship": "Outer", "Scan Direction": "Forward", "Index Name": "company_type_id_movie_companies", "Relation Name": "movie_companies", "Alias": "mc", "Startup Cost": 0.0, "Total Cost": 84536.95, "Plan Rows": 418557, "Plan Width": 8, "Actual Min Startup Time": 0.052, "Actual Max Startup Time": 40.281, "Actual Min Total Time": 74.818, "Actual Max Total Time": 181.308, "Actual Total Rows": 295628, "Filter": "(((note)::text !~~ '%(TV)%'::text) AND ((note)::text ~~ '%(USA)%'::text)), (LLVM Optimized, Jit Execute)", "Rows Removed by Filter": 2313500}]}, {"Node Type": "Hash", "Parent Relationship": "Inner", "Startup Cost": 101812.62, "Total Cost": 101812.62, "Plan Rows": 1748840, "Plan Width": 21, "Actual Min Startup Time": 284.2, "Actual Max Startup Time": 328.607, "Actual Min Total Time": 284.2, "Actual Max Total Time": 328.607, "Actual Total Rows": 1749032, "Max Hash Buckets": 131072, "Min Hash Buckets": 131072, "Max Hash Batches": 1, "Min Hash Batches": 1, "Max Original Hash Batches": 1, "Min Original Hash Batches": 1, "Max Peak Memory Usage": 6766, "min Peak Memory Usage": 6766, "Plans": [{"Node Type": "Index Scan", "Parent Relationship": "Outer", "Scan Direction": "Forward", "Index Name": "title_pkey", "Relation Name": "title", "Alias": "t", "Startup Cost": 0.0, "Total Cost": 101812.62, "Plan Rows": 1748840, "Plan Width": 21, "Actual Min Startup Time": 8.301, "Actual Max Startup Time": 18.326, "Actual Min Total Time": 245.846, "Actual Max Total Time": 282.505, "Actual Total Rows": 1749032, "Filter": "(production_year > 1990), (LLVM Optimized, Jit Execute)", "Rows Removed by Filter": 779279}]}]}]}, {"Node Type": "Hash", "Parent Relationship": "Inner", "Startup Cost": 12.3, "Total Cost": 12.3, "Plan Rows": 1, "Plan Width": 4, "Actual Min Startup Time": 0.044, "Actual Max Startup Time": 0.044, "Actual Min Total Time": 0.044, "Actual Max Total Time": 0.044, "Actual Total Rows": 1, "Max Hash Buckets": 32768, "Min Hash Buckets": 32768, "Max Hash Batches": 1, "Min Hash Batches": 1, "Max Original Hash Batches": 1, "Min Original Hash Batches": 1, "Max Peak Memory Usage": 1, "min Peak Memory Usage": 1, "Plans": [{"Node Type": "Index Scan", "Parent Relationship": "Outer", "Scan Direction": "Forward", "Index Name": "company_type_pkey", "Relation Name": "company_type", "Alias": "ct", "Startup Cost": 0.0, "Total Cost": 12.3, "Plan Rows": 1, "Plan Width": 4, "Actual Min Startup Time": 0.033, "Actual Max Startup Time": 0.033, "Actual Min Total Time": 0.036, "Actual Max Total Time": 0.036, "Actual Total Rows": 1, "Filter": "((kind)::text = 'production companies'::text)", "Rows Removed by Filter": 2}]}]}, {"Node Type": "Index Scan", "Parent Relationship": "Inner", "Scan Direction": "Forward", "Index Name": "movie_id_movie_info", "Relation Name": "movie_info", "Alias": "mi", "Startup Cost": 0.0, "Total Cost": 0.88, "Plan Rows": 1, "Plan Width": 8, "Actual Min Startup Time": 16.234, "Actual Max Startup Time": 16.234, "Actual Min Total Time": 18.546, "Actual Max Total Time": 18.546, "Actual Total Rows": 669, "Index Cond": "(movie_id = t.id)", "Rows Removed by Index Recheck": 0, "Filter": "((info)::text = ANY ('{Sweden,Norway,Germany,Denmark,Swedish,Denish,Norwegian,German,USA,American}'::text[]))", "Rows Removed by Filter": 7721}]}, {"Node Type": "Hash", "Parent Relationship": "Inner", "Startup Cost": 9.93, "Total Cost": 9.93, "Plan Rows": 112, "Plan Width": 4, "Actual Min Startup Time": 0.093, "Actual Max Startup Time": 0.093, "Actual Min Total Time": 0.093, "Actual Max Total Time": 0.093, "Actual Total Rows": 112, "Max Hash Buckets": 32768, "Min Hash Buckets": 32768, "Max Hash Batches": 1, "Min Hash Batches": 1, "Max Original Hash Batches": 1, "Min Original Hash Batches": 1, "Max Peak Memory Usage": 4, "min Peak Memory Usage": 4, "Plans": [{"Node Type": "Index Only Scan", "Parent Relationship": "Outer", "Scan Direction": "Forward", "Index Name": "info_type_pkey", "Relation Name": "info_type", "Alias": "it", "Startup Cost": 0.0, "Total Cost": 9.93, "Plan Rows": 112, "Plan Width": 4, "Actual Min Startup Time": 0.022, "Actual Max Startup Time": 0.022, "Actual Min Total Time": 0.046, "Actual Max Total Time": 0.046, "Actual Total Rows": 112, "Heap Fetches": 0}]}]}]}, "Triggers": [], "Planner Runtime": 14.746, "Total Runtime": 1239.16, "Unique SQL Id": 322094867}}, "(16, 66)": {"explain_plan": {"Plan": {"Node Type": "Aggregate", "Strategy": "Plain", "Startup Cost": 173539.71, "Total Cost": 173539.72, "Plan Rows": 1, "Plan Width": 49, "Plans": [{"Node Type": "Hash Join", "Parent Relationship": "Outer", "Join Type": "Inner", "Startup Cost": 70862.43, "Total Cost": 172712.09, "Plan Rows": 331050, "Plan Width": 17, "Inner Unique": true, "Hash Cond": "(mi.info_type_id = it.id), (LLVM Optimized)", "Plans": [{"Node Type": "Streaming(type: LOCAL GATHER dop: 1/16)", "Parent Relationship": "Outer", "Startup Cost": 70858.91, "Total Cost": 168156.63, "Plan Rows": 331050, "Plan Width": 21, "Plans": [{"Node Type": "Hash Join", "Parent Relationship": "Outer", "Join Type": "Inner", "Startup Cost": 70858.91, "Total Cost": 161011.9, "Plan Rows": 331050, "Plan Width": 21, "Inner Unique": true, "Hash Cond": "(mi.movie_id = t.id), (LLVM Optimized)", "Plans": [{"Node Type": "Streaming(type: BROADCAST dop: 16/16)", "Parent Relationship": "Outer", "Startup Cost": 50343.26, "Total Cost": 139393.26, "Plan Rows": 3823280, "Plan Width": 12, "Plans": [{"Node Type": "Hash Join", "Parent Relationship": "Outer", "Join Type": "Inner", "Startup Cost": 50343.26, "Total Cost": 114685.71, "Plan Rows": 238955, "Plan Width": 12, "Inner Unique": true, "Hash Cond": "(mc.company_type_id = ct.id), (LLVM Optimized)", "Plans": [{"Node Type": "Hash Join", "Parent Relationship": "Outer", "Join Type": "Inner", "Startup Cost": 35341.87, "Total Cost": 99422.95, "Plan Rows": 477912, "Plan Width": 16, "Inner Unique": false, "Hash Cond": "(mi.movie_id = mc.movie_id), (LLVM Optimized)", "Plans": [{"Node Type": "Streaming(type: LOCAL REDISTRIBUTE dop: 16/16)", "Parent Relationship": "Outer", "Startup Cost": 0.0, "Total Cost": 62931.17, "Plan Rows": 726375, "Plan Width": 8, "Plans": [{"Node Type": "Seq Scan", "Parent Relationship": "Outer", "Relation Name": "movie_info", "Alias": "mi", "Startup Cost": 0.0, "Total Cost": 45178.89, "Plan Rows": 726375, "Plan Width": 8, "Filter": "((info)::text = ANY ('{Sweden,Norway,Germany,Denmark,Swedish,Denish,Norwegian,German,USA,American}'::text[]))"}]}, {"Node Type": "Hash", "Parent Relationship": "Inner", "Startup Cost": 35014.87, "Total Cost": 35014.87, "Plan Rows": 418557, "Plan Width": 8, "Plans": [{"Node Type": "Streaming(type: LOCAL REDISTRIBUTE dop: 16/16)", "Parent Relationship": "Outer", "Startup Cost": 0.0, "Total Cost": 35014.87, "Plan Rows": 418557, "Plan Width": 8, "Plans": [{"Node Type": "Seq Scan", "Parent Relationship": "Outer", "Relation Name": "movie_companies", "Alias": "mc", "Startup Cost": 0.0, "Total Cost": 18428.93, "Plan Rows": 418557, "Plan Width": 8, "Filter": "(((note)::text !~~ '%(TV)%'::text) AND ((note)::text ~~ '%(USA)%'::text)), (LLVM Optimized)"}]}]}]}, {"Node Type": "Hash", "Parent Relationship": "Inner", "Startup Cost": 15001.38, "Total Cost": 15001.38, "Plan Rows": 16, "Plan Width": 4, "Plans": [{"Node Type": "Streaming(type: BROADCAST dop: 16/1)", "Parent Relationship": "Outer", "Startup Cost": 0.0, "Total Cost": 15001.38, "Plan Rows": 16, "Plan Width": 4, "Plans": [{"Node Type": "Seq Scan", "Parent Relationship": "Outer", "Relation Name": "company_type", "Alias": "ct", "Startup Cost": 0.0, "Total Cost": 1.04, "Plan Rows": 1, "Plan Width": 4, "Filter": "((kind)::text = 'production companies'::text)"}]}]}]}]}, {"Node Type": "Hash", "Parent Relationship": "Inner", "Startup Cost": 19149.37, "Total Cost": 19149.37, "Plan Rows": 1748840, "Plan Width": 21, "Plans": [{"Node Type": "Seq Scan", "Parent Relationship": "Outer", "Relation Name": "title", "Alias": "t", "Startup Cost": 0.0, "Total Cost": 19149.37, "Plan Rows": 1748840, "Plan Width": 21, "Filter": "(production_year > 1990), (LLVM Optimized)"}]}]}]}, {"Node Type": "Hash", "Parent Relationship": "Inner", "Startup Cost": 2.12, "Total Cost": 2.12, "Plan Rows": 112, "Plan Width": 4, "Plans": [{"Node Type": "Seq Scan", "Parent Relationship": "Outer", "Relation Name": "info_type", "Alias": "it", "Startup Cost": 0.0, "Total Cost": 2.12, "Plan Rows": 112, "Plan Width": 4}]}]}]}, "Unique SQL Id": 322094867}, "explain_analyze_plan": {"Plan": {"Node Type": "Aggregate", "Strategy": "Plain", "Startup Cost": 173539.71, "Total Cost": 173539.72, "Plan Rows": 1, "Plan Width": 49, "Actual Min Startup Time": 882.09, "Actual Max Startup Time": 882.09, "Actual Min Total Time": 882.09, "Actual Max Total Time": 882.09, "Actual Total Rows": 1, "Plans": [{"Node Type": "Hash Join", "Parent Relationship": "Outer", "Join Type": "Inner", "Startup Cost": 70862.43, "Total Cost": 172712.09, "Plan Rows": 331050, "Plan Width": 17, "Actual Min Startup Time": 881.426, "Actual Max Startup Time": 881.426, "Actual Min Total Time": 881.87, "Actual Max Total Time": 881.87, "Actual Total Rows": 669, "Inner Unique": true, "Hash Cond": "(mi.info_type_id = it.id), (LLVM Optimized)", "Plans": [{"Node Type": "Streaming(type: LOCAL GATHER dop: 1/16)", "Parent Relationship": "Outer", "Startup Cost": 70858.91, "Total Cost": 168156.63, "Plan Rows": 331050, "Plan Width": 21, "Actual Min Startup Time": 881.224, "Actual Max Startup Time": 881.224, "Actual Min Total Time": 881.408, "Actual Max Total Time": 881.408, "Actual Total Rows": 669, "Plans": [{"Node Type": "Hash Join", "Parent Relationship": "Outer", "Join Type": "Inner", "Startup Cost": 70858.91, "Total Cost": 161011.9, "Plan Rows": 331050, "Plan Width": 21, "Actual Min Startup Time": 690.477, "Actual Max Startup Time": 755.388, "Actual Min Total Time": 690.979, "Actual Max Total Time": 756.212, "Actual Total Rows": 669, "Inner Unique": true, "Hash Cond": "(mi.movie_id = t.id), (LLVM Optimized)", "Plans": [{"Node Type": "Streaming(type: BROADCAST dop: 16/16)", "Parent Relationship": "Outer", "Startup Cost": 50343.26, "Total Cost": 139393.26, "Plan Rows": 3823280, "Plan Width": 12, "Actual Min Startup Time": 590.564, "Actual Max Startup Time": 654.095, "Actual Min Total Time": 590.798, "Actual Max Total Time": 654.526, "Actual Total Rows": 11056, "Plans": [{"Node Type": "Hash Join", "Parent Relationship": "Outer", "Join Type": "Inner", "Startup Cost": 50343.26, "Total Cost": 114685.71, "Plan Rows": 238955, "Plan Width": 12, "Actual Min Startup Time": 126.219, "Actual Max Startup Time": 549.608, "Actual Min Total Time": 688.334, "Actual Max Total Time": 748.889, "Actual Total Rows": 691, "Inner Unique": true, "Hash Cond": "(mc.company_type_id = ct.id), (LLVM Optimized)", "Plans": [{"Node Type": "Hash Join", "Parent Relationship": "Outer", "Join Type": "Inner", "Startup Cost": 35341.87, "Total Cost": 99422.95, "Plan Rows": 477912, "Plan Width": 16, "Actual Min Startup Time": 90.346, "Actual Max Startup Time": 151.051, "Actual Min Total Time": 685.75, "Actual Max Total Time": 746.227, "Actual Total Rows": 294926, "Inner Unique": false, "Hash Cond": "(mi.movie_id = mc.movie_id), (LLVM Optimized)", "Plans": [{"Node Type": "Streaming(type: LOCAL REDISTRIBUTE dop: 16/16)", "Parent Relationship": "Outer", "Startup Cost": 0.0, "Total Cost": 62931.17, "Plan Rows": 726375, "Plan Width": 8, "Actual Min Startup Time": 0.063, "Actual Max Startup Time": 0.422, "Actual Min Total Time": 580.509, "Actual Max Total Time": 581.815, "Actual Total Rows": 706674, "Plans": [{"Node Type": "Seq Scan", "Parent Relationship": "Outer", "Relation Name": "movie_info", "Alias": "mi", "Startup Cost": 0.0, "Total Cost": 45178.89, "Plan Rows": 726375, "Plan Width": 8, "Actual Min Startup Time": 0.037, "Actual Max Startup Time": 3.311, "Actual Min Total Time": 506.795, "Actual Max Total Time": 551.798, "Actual Total Rows": 706674, "Filter": "((info)::text = ANY ('{Sweden,Norway,Germany,Denmark,Swedish,Denish,Norwegian,German,USA,American}'::text[]))", "Rows Removed by Filter": 14129045}]}, {"Node Type": "Hash", "Parent Relationship": "Inner", "Startup Cost": 35014.87, "Total Cost": 35014.87, "Plan Rows": 418557, "Plan Width": 8, "Actual Min Startup Time": 90.201, "Actual Max Startup Time": 150.767, "Actual Min Total Time": 90.201, "Actual Max Total Time": 150.767, "Actual Total Rows": 295628, "Max Hash Buckets": 32768, "Min Hash Buckets": 32768, "Max Hash Batches": 1, "Min Hash Batches": 1, "Max Original Hash Batches": 1, "Min Original Hash Batches": 1, "Max Peak Memory Usage": 722, "min Peak Memory Usage": 722, "Plans": [{"Node Type": "Streaming(type: LOCAL REDISTRIBUTE dop: 16/16)", "Parent Relationship": "Outer", "Startup Cost": 0.0, "Total Cost": 35014.87, "Plan Rows": 418557, "Plan Width": 8, "Actual Min Startup Time": 0.045, "Actual Max Startup Time": 44.925, "Actual Min Total Time": 85.467, "Actual Max Total Time": 146.017, "Actual Total Rows": 295628, "Plans": [{"Node Type": "Seq Scan", "Parent Relationship": "Outer", "Relation Name": "movie_companies", "Alias": "mc", "Startup Cost": 0.0, "Total Cost": 18428.93, "Plan Rows": 418557, "Plan Width": 8, "Actual Min Startup Time": 0.045, "Actual Max Startup Time": 0.318, "Actual Min Total Time": 71.182, "Actual Max Total Time": 78.657, "Actual Total Rows": 295628, "Filter": "(((note)::text !~~ '%(TV)%'::text) AND ((note)::text ~~ '%(USA)%'::text)), (LLVM Optimized)", "Rows Removed by Filter": 2313500}]}]}]}, {"Node Type": "Hash", "Parent Relationship": "Inner", "Startup Cost": 15001.38, "Total Cost": 15001.38, "Plan Rows": 16, "Plan Width": 4, "Actual Min Startup Time": 0.006, "Actual Max Startup Time": 0.019, "Actual Min Total Time": 0.006, "Actual Max Total Time": 0.019, "Actual Total Rows": 16, "Max Hash Buckets": 32768, "Min Hash Buckets": 32768, "Max Hash Batches": 1, "Min Hash Batches": 1, "Max Original Hash Batches": 1, "Min Original Hash Batches": 1, "Max Peak Memory Usage": 1, "min Peak Memory Usage": 1, "Plans": [{"Node Type": "Streaming(type: BROADCAST dop: 16/1)", "Parent Relationship": "Outer", "Startup Cost": 0.0, "Total Cost": 15001.38, "Plan Rows": 16, "Plan Width": 4, "Actual Min Startup Time": 0.003, "Actual Max Startup Time": 0.008, "Actual Min Total Time": 0.004, "Actual Max Total Time": 0.009, "Actual Total Rows": 16, "Plans": [{"Node Type": "Seq Scan", "Parent Relationship": "Outer", "Relation Name": "company_type", "Alias": "ct", "Startup Cost": 0.0, "Total Cost": 1.04, "Plan Rows": 1, "Plan Width": 4, "Actual Min Startup Time": 0.034, "Actual Max Startup Time": 0.034, "Actual Min Total Time": 0.037, "Actual Max Total Time": 0.037, "Actual Total Rows": 1, "Filter": "((kind)::text = 'production companies'::text)", "Rows Removed by Filter": 2}]}]}]}]}, {"Node Type": "Hash", "Parent Relationship": "Inner", "Startup Cost": 19149.37, "Total Cost": 19149.37, "Plan Rows": 1748840, "Plan Width": 21, "Actual Min Startup Time": 96.519, "Actual Max Startup Time": 102.215, "Actual Min Total Time": 96.519, "Actual Max Total Time": 102.215, "Actual Total Rows": 1749032, "Max Hash Buckets": 131072, "Min Hash Buckets": 131072, "Max Hash Batches": 1, "Min Hash Batches": 1, "Max Original Hash Batches": 1, "Min Original Hash Batches": 1, "Max Peak Memory Usage": 5962, "min Peak Memory Usage": 5962, "Plans": [{"Node Type": "Seq Scan", "Parent Relationship": "Outer", "Relation Name": "title", "Alias": "t", "Startup Cost": 0.0, "Total Cost": 19149.37, "Plan Rows": 1748840, "Plan Width": 21, "Actual Min Startup Time": 0.023, "Actual Max Startup Time": 0.032, "Actual Min Total Time": 63.637, "Actual Max Total Time": 68.547, "Actual Total Rows": 1749032, "Filter": "(production_year > 1990), (LLVM Optimized)", "Rows Removed by Filter": 779279}]}]}]}, {"Node Type": "Hash", "Parent Relationship": "Inner", "Startup Cost": 2.12, "Total Cost": 2.12, "Plan Rows": 112, "Plan Width": 4, "Actual Min Startup Time": 0.121, "Actual Max Startup Time": 0.121, "Actual Min Total Time": 0.121, "Actual Max Total Time": 0.121, "Actual Total Rows": 112, "Max Hash Buckets": 32768, "Min Hash Buckets": 32768, "Max Hash Batches": 1, "Min Hash Batches": 1, "Max Original Hash Batches": 1, "Min Original Hash Batches": 1, "Max Peak Memory Usage": 4, "min Peak Memory Usage": 4, "Plans": [{"Node Type": "Seq Scan", "Parent Relationship": "Outer", "Relation Name": "info_type", "Alias": "it", "Startup Cost": 0.0, "Total Cost": 2.12, "Plan Rows": 112, "Plan Width": 4, "Actual Min Startup Time": 0.05, "Actual Max Startup Time": 0.05, "Actual Min Total Time": 0.07, "Actual Max Total Time": 0.07, "Actual Total Rows": 112}]}]}]}, "Triggers": [], "Planner Runtime": 21.316, "Total Runtime": 905.003, "Unique SQL Id": 322094867}}, "(16, 67)": {"explain_plan": {"Plan": {"Node Type": "Aggregate", "Strategy": "Plain", "Startup Cost": 1009784.61, "Total Cost": 1009784.62, "Plan Rows": 1, "Plan Width": 49, "Plans": [{"Node Type": "Hash Join", "Parent Relationship": "Outer", "Join Type": "Inner", "Startup Cost": 517150.55, "Total Cost": 1008956.99, "Plan Rows": 331050, "Plan Width": 17, "Inner Unique": true, "Hash Cond": "(mi.info_type_id = it.id), (LLVM Optimized)", "Plans": [{"Node Type": "Hash Join", "Parent Relationship": "Outer", "Join Type": "Inner", "Startup Cost": 517135.19, "Total Cost": 1004389.69, "Plan Rows": 331050, "Plan Width": 21, "Inner Unique": false, "Hash Cond": "(mi.movie_id = t.id), (LLVM Optimized)", "Plans": [{"Node Type": "Bitmap Heap Scan", "Parent Relationship": "Outer", "Relation Name": "movie_info", "Alias": "mi", "Startup Cost": 301827.67, "Total Cost": 784689.91, "Plan Rows": 726375, "Plan Width": 8, "Filter": "((info)::text = ANY ('{Sweden,Norway,Germany,Denmark,Swedish,Denish,Norwegian,German,USA,American}'::text[]))", "Plans": [{"Node Type": "Bitmap Index Scan", "Parent Relationship": "Outer", "Index Name": "movie_id_movie_info", "Startup Cost": 0.0, "Total Cost": 301646.08, "Plan Rows": 14869966, "Plan Width": 0}]}, {"Node Type": "Hash", "Parent Relationship": "Inner", "Startup Cost": 211683.32, "Total Cost": 211683.32, "Plan Rows": 289936, "Plan Width": 25, "Plans": [{"Node Type": "Hash Join", "Parent Relationship": "Outer", "Join Type": "Inner", "Startup Cost": 167346.47, "Total Cost": 211683.32, "Plan Rows": 289936, "Plan Width": 25, "Inner Unique": true, "Hash Cond": "(mc.movie_id = t.id), (LLVM Optimized)", "Plans": [{"Node Type": "Nested Loop", "Parent Relationship": "Outer", "Join Type": "Inner", "Startup Cost": 29005.06, "Total Cost": 69657.76, "Plan Rows": 209278, "Plan Width": 4, "Inner Unique": false, "Plans": [{"Node Type": "Bitmap Heap Scan", "Parent Relationship": "Outer", "Relation Name": "company_type", "Alias": "ct", "Startup Cost": 8.27, "Total Cost": 12.3, "Plan Rows": 1, "Plan Width": 4, "Filter": "((kind)::text = 'production companies'::text)", "Plans": [{"Node Type": "Bitmap Index Scan", "Parent Relationship": "Outer", "Index Name": "company_type_pkey", "Startup Cost": 0.0, "Total Cost": 8.27, "Plan Rows": 3, "Plan Width": 0}]}, {"Node Type": "Bitmap Heap Scan", "Parent Relationship": "Inner", "Relation Name": "movie_companies", "Alias": "mc", "Startup Cost": 28996.8, "Total Cost": 67552.67, "Plan Rows": 209279, "Plan Width": 8, "Recheck Cond": "(company_type_id = ct.id), (LLVM Optimized)", "Filter": "(((note)::text !~~ '%(TV)%'::text) AND ((note)::text ~~ '%(USA)%'::text)), (LLVM Optimized)", "Plans": [{"Node Type": "Bitmap Index Scan", "Parent Relationship": "Outer", "Index Name": "company_type_id_movie_companies", "Startup Cost": 0.0, "Total Cost": 28944.48, "Plan Rows": 1304564, "Plan Width": 0, "Index Cond": "(company_type_id = ct.id)"}]}]}, {"Node Type": "Hash", "Parent Relationship": "Inner", "Startup Cost": 116480.9, "Total Cost": 116480.9, "Plan Rows": 1748840, "Plan Width": 21, "Plans": [{"Node Type": "Bitmap Heap Scan", "Parent Relationship": "Outer", "Relation Name": "title", "Alias": "t", "Startup Cost": 50091.01, "Total Cost": 116480.9, "Plan Rows": 1748840, "Plan Width": 21, "Filter": "(production_year > 1990), (LLVM Optimized)", "Plans": [{"Node Type": "Bitmap Index Scan", "Parent Relationship": "Outer", "Index Name": "title_pkey", "Startup Cost": 0.0, "Total Cost": 49653.81, "Plan Rows": 2528311, "Plan Width": 0}]}]}]}]}]}, {"Node Type": "Hash", "Parent Relationship": "Inner", "Startup Cost": 13.96, "Total Cost": 13.96, "Plan Rows": 112, "Plan Width": 4, "Plans": [{"Node Type": "Bitmap Heap Scan", "Parent Relationship": "Outer", "Relation Name": "info_type", "Alias": "it", "Startup Cost": 8.84, "Total Cost": 13.96, "Plan Rows": 112, "Plan Width": 4, "Plans": [{"Node Type": "Bitmap Index Scan", "Parent Relationship": "Outer", "Index Name": "info_type_pkey", "Startup Cost": 0.0, "Total Cost": 8.81, "Plan Rows": 112, "Plan Width": 0}]}]}]}]}, "Unique SQL Id": 322094867}, "explain_analyze_plan": null}, "(16, 68)": {"explain_plan": {"Plan": {"Node Type": "Aggregate", "Strategy": "Plain", "Startup Cost": 173539.71, "Total Cost": 173539.72, "Plan Rows": 1, "Plan Width": 49, "Plans": [{"Node Type": "Hash Join", "Parent Relationship": "Outer", "Join Type": "Inner", "Startup Cost": 70862.43, "Total Cost": 172712.09, "Plan Rows": 331050, "Plan Width": 17, "Inner Unique": true, "Hash Cond": "(mi.info_type_id = it.id), (LLVM Optimized)", "Plans": [{"Node Type": "Streaming(type: LOCAL GATHER dop: 1/16)", "Parent Relationship": "Outer", "Startup Cost": 70858.91, "Total Cost": 168156.63, "Plan Rows": 331050, "Plan Width": 21, "Plans": [{"Node Type": "Hash Join", "Parent Relationship": "Outer", "Join Type": "Inner", "Startup Cost": 70858.91, "Total Cost": 161011.9, "Plan Rows": 331050, "Plan Width": 21, "Inner Unique": true, "Hash Cond": "(mi.movie_id = t.id), (LLVM Optimized)", "Plans": [{"Node Type": "Streaming(type: BROADCAST dop: 16/16)", "Parent Relationship": "Outer", "Startup Cost": 50343.26, "Total Cost": 139393.26, "Plan Rows": 3823280, "Plan Width": 12, "Plans": [{"Node Type": "Hash Join", "Parent Relationship": "Outer", "Join Type": "Inner", "Startup Cost": 50343.26, "Total Cost": 114685.71, "Plan Rows": 238955, "Plan Width": 12, "Inner Unique": true, "Hash Cond": "(mc.company_type_id = ct.id), (LLVM Optimized)", "Plans": [{"Node Type": "Hash Join", "Parent Relationship": "Outer", "Join Type": "Inner", "Startup Cost": 35341.87, "Total Cost": 99422.95, "Plan Rows": 477912, "Plan Width": 16, "Inner Unique": false, "Hash Cond": "(mi.movie_id = mc.movie_id), (LLVM Optimized)", "Plans": [{"Node Type": "Streaming(type: LOCAL REDISTRIBUTE dop: 16/16)", "Parent Relationship": "Outer", "Startup Cost": 0.0, "Total Cost": 62931.17, "Plan Rows": 726375, "Plan Width": 8, "Plans": [{"Node Type": "Seq Scan", "Parent Relationship": "Outer", "Relation Name": "movie_info", "Alias": "mi", "Startup Cost": 0.0, "Total Cost": 45178.89, "Plan Rows": 726375, "Plan Width": 8, "Filter": "((info)::text = ANY ('{Sweden,Norway,Germany,Denmark,Swedish,Denish,Norwegian,German,USA,American}'::text[]))"}]}, {"Node Type": "Hash", "Parent Relationship": "Inner", "Startup Cost": 35014.87, "Total Cost": 35014.87, "Plan Rows": 418557, "Plan Width": 8, "Plans": [{"Node Type": "Streaming(type: LOCAL REDISTRIBUTE dop: 16/16)", "Parent Relationship": "Outer", "Startup Cost": 0.0, "Total Cost": 35014.87, "Plan Rows": 418557, "Plan Width": 8, "Plans": [{"Node Type": "Seq Scan", "Parent Relationship": "Outer", "Relation Name": "movie_companies", "Alias": "mc", "Startup Cost": 0.0, "Total Cost": 18428.93, "Plan Rows": 418557, "Plan Width": 8, "Filter": "(((note)::text !~~ '%(TV)%'::text) AND ((note)::text ~~ '%(USA)%'::text)), (LLVM Optimized)"}]}]}]}, {"Node Type": "Hash", "Parent Relationship": "Inner", "Startup Cost": 15001.38, "Total Cost": 15001.38, "Plan Rows": 16, "Plan Width": 4, "Plans": [{"Node Type": "Streaming(type: BROADCAST dop: 16/1)", "Parent Relationship": "Outer", "Startup Cost": 0.0, "Total Cost": 15001.38, "Plan Rows": 16, "Plan Width": 4, "Plans": [{"Node Type": "Seq Scan", "Parent Relationship": "Outer", "Relation Name": "company_type", "Alias": "ct", "Startup Cost": 0.0, "Total Cost": 1.04, "Plan Rows": 1, "Plan Width": 4, "Filter": "((kind)::text = 'production companies'::text)"}]}]}]}]}, {"Node Type": "Hash", "Parent Relationship": "Inner", "Startup Cost": 19149.37, "Total Cost": 19149.37, "Plan Rows": 1748840, "Plan Width": 21, "Plans": [{"Node Type": "Seq Scan", "Parent Relationship": "Outer", "Relation Name": "title", "Alias": "t", "Startup Cost": 0.0, "Total Cost": 19149.37, "Plan Rows": 1748840, "Plan Width": 21, "Filter": "(production_year > 1990), (LLVM Optimized)"}]}]}]}, {"Node Type": "Hash", "Parent Relationship": "Inner", "Startup Cost": 2.12, "Total Cost": 2.12, "Plan Rows": 112, "Plan Width": 4, "Plans": [{"Node Type": "Seq Scan", "Parent Relationship": "Outer", "Relation Name": "info_type", "Alias": "it", "Startup Cost": 0.0, "Total Cost": 2.12, "Plan Rows": 112, "Plan Width": 4}]}]}]}, "Unique SQL Id": 322094867}, "explain_analyze_plan": {"Plan": {"Node Type": "Aggregate", "Strategy": "Plain", "Startup Cost": 173539.71, "Total Cost": 173539.72, "Plan Rows": 1, "Plan Width": 49, "Actual Min Startup Time": 882.09, "Actual Max Startup Time": 882.09, "Actual Min Total Time": 882.09, "Actual Max Total Time": 882.09, "Actual Total Rows": 1, "Plans": [{"Node Type": "Hash Join", "Parent Relationship": "Outer", "Join Type": "Inner", "Startup Cost": 70862.43, "Total Cost": 172712.09, "Plan Rows": 331050, "Plan Width": 17, "Actual Min Startup Time": 881.426, "Actual Max Startup Time": 881.426, "Actual Min Total Time": 881.87, "Actual Max Total Time": 881.87, "Actual Total Rows": 669, "Inner Unique": true, "Hash Cond": "(mi.info_type_id = it.id), (LLVM Optimized)", "Plans": [{"Node Type": "Streaming(type: LOCAL GATHER dop: 1/16)", "Parent Relationship": "Outer", "Startup Cost": 70858.91, "Total Cost": 168156.63, "Plan Rows": 331050, "Plan Width": 21, "Actual Min Startup Time": 881.224, "Actual Max Startup Time": 881.224, "Actual Min Total Time": 881.408, "Actual Max Total Time": 881.408, "Actual Total Rows": 669, "Plans": [{"Node Type": "Hash Join", "Parent Relationship": "Outer", "Join Type": "Inner", "Startup Cost": 70858.91, "Total Cost": 161011.9, "Plan Rows": 331050, "Plan Width": 21, "Actual Min Startup Time": 690.477, "Actual Max Startup Time": 755.388, "Actual Min Total Time": 690.979, "Actual Max Total Time": 756.212, "Actual Total Rows": 669, "Inner Unique": true, "Hash Cond": "(mi.movie_id = t.id), (LLVM Optimized)", "Plans": [{"Node Type": "Streaming(type: BROADCAST dop: 16/16)", "Parent Relationship": "Outer", "Startup Cost": 50343.26, "Total Cost": 139393.26, "Plan Rows": 3823280, "Plan Width": 12, "Actual Min Startup Time": 590.564, "Actual Max Startup Time": 654.095, "Actual Min Total Time": 590.798, "Actual Max Total Time": 654.526, "Actual Total Rows": 11056, "Plans": [{"Node Type": "Hash Join", "Parent Relationship": "Outer", "Join Type": "Inner", "Startup Cost": 50343.26, "Total Cost": 114685.71, "Plan Rows": 238955, "Plan Width": 12, "Actual Min Startup Time": 126.219, "Actual Max Startup Time": 549.608, "Actual Min Total Time": 688.334, "Actual Max Total Time": 748.889, "Actual Total Rows": 691, "Inner Unique": true, "Hash Cond": "(mc.company_type_id = ct.id), (LLVM Optimized)", "Plans": [{"Node Type": "Hash Join", "Parent Relationship": "Outer", "Join Type": "Inner", "Startup Cost": 35341.87, "Total Cost": 99422.95, "Plan Rows": 477912, "Plan Width": 16, "Actual Min Startup Time": 90.346, "Actual Max Startup Time": 151.051, "Actual Min Total Time": 685.75, "Actual Max Total Time": 746.227, "Actual Total Rows": 294926, "Inner Unique": false, "Hash Cond": "(mi.movie_id = mc.movie_id), (LLVM Optimized)", "Plans": [{"Node Type": "Streaming(type: LOCAL REDISTRIBUTE dop: 16/16)", "Parent Relationship": "Outer", "Startup Cost": 0.0, "Total Cost": 62931.17, "Plan Rows": 726375, "Plan Width": 8, "Actual Min Startup Time": 0.063, "Actual Max Startup Time": 0.422, "Actual Min Total Time": 580.509, "Actual Max Total Time": 581.815, "Actual Total Rows": 706674, "Plans": [{"Node Type": "Seq Scan", "Parent Relationship": "Outer", "Relation Name": "movie_info", "Alias": "mi", "Startup Cost": 0.0, "Total Cost": 45178.89, "Plan Rows": 726375, "Plan Width": 8, "Actual Min Startup Time": 0.037, "Actual Max Startup Time": 3.311, "Actual Min Total Time": 506.795, "Actual Max Total Time": 551.798, "Actual Total Rows": 706674, "Filter": "((info)::text = ANY ('{Sweden,Norway,Germany,Denmark,Swedish,Denish,Norwegian,German,USA,American}'::text[]))", "Rows Removed by Filter": 14129045}]}, {"Node Type": "Hash", "Parent Relationship": "Inner", "Startup Cost": 35014.87, "Total Cost": 35014.87, "Plan Rows": 418557, "Plan Width": 8, "Actual Min Startup Time": 90.201, "Actual Max Startup Time": 150.767, "Actual Min Total Time": 90.201, "Actual Max Total Time": 150.767, "Actual Total Rows": 295628, "Max Hash Buckets": 32768, "Min Hash Buckets": 32768, "Max Hash Batches": 1, "Min Hash Batches": 1, "Max Original Hash Batches": 1, "Min Original Hash Batches": 1, "Max Peak Memory Usage": 722, "min Peak Memory Usage": 722, "Plans": [{"Node Type": "Streaming(type: LOCAL REDISTRIBUTE dop: 16/16)", "Parent Relationship": "Outer", "Startup Cost": 0.0, "Total Cost": 35014.87, "Plan Rows": 418557, "Plan Width": 8, "Actual Min Startup Time": 0.045, "Actual Max Startup Time": 44.925, "Actual Min Total Time": 85.467, "Actual Max Total Time": 146.017, "Actual Total Rows": 295628, "Plans": [{"Node Type": "Seq Scan", "Parent Relationship": "Outer", "Relation Name": "movie_companies", "Alias": "mc", "Startup Cost": 0.0, "Total Cost": 18428.93, "Plan Rows": 418557, "Plan Width": 8, "Actual Min Startup Time": 0.045, "Actual Max Startup Time": 0.318, "Actual Min Total Time": 71.182, "Actual Max Total Time": 78.657, "Actual Total Rows": 295628, "Filter": "(((note)::text !~~ '%(TV)%'::text) AND ((note)::text ~~ '%(USA)%'::text)), (LLVM Optimized)", "Rows Removed by Filter": 2313500}]}]}]}, {"Node Type": "Hash", "Parent Relationship": "Inner", "Startup Cost": 15001.38, "Total Cost": 15001.38, "Plan Rows": 16, "Plan Width": 4, "Actual Min Startup Time": 0.006, "Actual Max Startup Time": 0.019, "Actual Min Total Time": 0.006, "Actual Max Total Time": 0.019, "Actual Total Rows": 16, "Max Hash Buckets": 32768, "Min Hash Buckets": 32768, "Max Hash Batches": 1, "Min Hash Batches": 1, "Max Original Hash Batches": 1, "Min Original Hash Batches": 1, "Max Peak Memory Usage": 1, "min Peak Memory Usage": 1, "Plans": [{"Node Type": "Streaming(type: BROADCAST dop: 16/1)", "Parent Relationship": "Outer", "Startup Cost": 0.0, "Total Cost": 15001.38, "Plan Rows": 16, "Plan Width": 4, "Actual Min Startup Time": 0.003, "Actual Max Startup Time": 0.008, "Actual Min Total Time": 0.004, "Actual Max Total Time": 0.009, "Actual Total Rows": 16, "Plans": [{"Node Type": "Seq Scan", "Parent Relationship": "Outer", "Relation Name": "company_type", "Alias": "ct", "Startup Cost": 0.0, "Total Cost": 1.04, "Plan Rows": 1, "Plan Width": 4, "Actual Min Startup Time": 0.034, "Actual Max Startup Time": 0.034, "Actual Min Total Time": 0.037, "Actual Max Total Time": 0.037, "Actual Total Rows": 1, "Filter": "((kind)::text = 'production companies'::text)", "Rows Removed by Filter": 2}]}]}]}]}, {"Node Type": "Hash", "Parent Relationship": "Inner", "Startup Cost": 19149.37, "Total Cost": 19149.37, "Plan Rows": 1748840, "Plan Width": 21, "Actual Min Startup Time": 96.519, "Actual Max Startup Time": 102.215, "Actual Min Total Time": 96.519, "Actual Max Total Time": 102.215, "Actual Total Rows": 1749032, "Max Hash Buckets": 131072, "Min Hash Buckets": 131072, "Max Hash Batches": 1, "Min Hash Batches": 1, "Max Original Hash Batches": 1, "Min Original Hash Batches": 1, "Max Peak Memory Usage": 5962, "min Peak Memory Usage": 5962, "Plans": [{"Node Type": "Seq Scan", "Parent Relationship": "Outer", "Relation Name": "title", "Alias": "t", "Startup Cost": 0.0, "Total Cost": 19149.37, "Plan Rows": 1748840, "Plan Width": 21, "Actual Min Startup Time": 0.023, "Actual Max Startup Time": 0.032, "Actual Min Total Time": 63.637, "Actual Max Total Time": 68.547, "Actual Total Rows": 1749032, "Filter": "(production_year > 1990), (LLVM Optimized)", "Rows Removed by Filter": 779279}]}]}]}, {"Node Type": "Hash", "Parent Relationship": "Inner", "Startup Cost": 2.12, "Total Cost": 2.12, "Plan Rows": 112, "Plan Width": 4, "Actual Min Startup Time": 0.121, "Actual Max Startup Time": 0.121, "Actual Min Total Time": 0.121, "Actual Max Total Time": 0.121, "Actual Total Rows": 112, "Max Hash Buckets": 32768, "Min Hash Buckets": 32768, "Max Hash Batches": 1, "Min Hash Batches": 1, "Max Original Hash Batches": 1, "Min Original Hash Batches": 1, "Max Peak Memory Usage": 4, "min Peak Memory Usage": 4, "Plans": [{"Node Type": "Seq Scan", "Parent Relationship": "Outer", "Relation Name": "info_type", "Alias": "it", "Startup Cost": 0.0, "Total Cost": 2.12, "Plan Rows": 112, "Plan Width": 4, "Actual Min Startup Time": 0.05, "Actual Max Startup Time": 0.05, "Actual Min Total Time": 0.07, "Actual Max Total Time": 0.07, "Actual Total Rows": 112}]}]}]}, "Triggers": [], "Planner Runtime": 21.316, "Total Runtime": 905.003, "Unique SQL Id": 322094867}}, "(16, 69)": {"explain_plan": {"Plan": {"Node Type": "Aggregate", "Strategy": "Plain", "Startup Cost": 502974.41, "Total Cost": 502974.42, "Plan Rows": 1, "Plan Width": 49, "Plans": [{"Node Type": "Hash Join", "Parent Relationship": "Outer", "Join Type": "Inner", "Startup Cost": 103197.32, "Total Cost": 502146.78, "Plan Rows": 331050, "Plan Width": 17, "Inner Unique": true, "Hash Cond": "(mi.info_type_id = it.id), (LLVM Optimized)", "Plans": [{"Node Type": "Nested Loop", "Parent Relationship": "Outer", "Join Type": "Inner", "Startup Cost": 103181.99, "Total Cost": 497761.59, "Plan Rows": 331050, "Plan Width": 21, "Inner Unique": false, "Plans": [{"Node Type": "Hash Join", "Parent Relationship": "Outer", "Join Type": "Inner", "Startup Cost": 103181.99, "Total Cost": 239243.52, "Plan Rows": 289936, "Plan Width": 25, "Inner Unique": true, "Hash Cond": "(mc.company_type_id = ct.id), (LLVM Optimized)", "Plans": [{"Node Type": "Streaming(type: LOCAL GATHER dop: 1/16)", "Parent Relationship": "Outer", "Startup Cost": 103178.9, "Total Cost": 234166.55, "Plan Rows": 579872, "Plan Width": 29, "Plans": [{"Node Type": "Hash Join", "Parent Relationship": "Outer", "Join Type": "Inner", "Startup Cost": 103178.9, "Total Cost": 221651.74, "Plan Rows": 579872, "Plan Width": 29, "Inner Unique": true, "Hash Cond": "(mc.movie_id = t.id), (LLVM Optimized)", "Plans": [{"Node Type": "Streaming(type: BROADCAST dop: 16/16)", "Parent Relationship": "Outer", "Startup Cost": 0.0, "Total Cost": 116540.83, "Plan Rows": 6696912, "Plan Width": 8, "Plans": [{"Node Type": "Index Scan", "Parent Relationship": "Outer", "Scan Direction": "Forward", "Index Name": "company_type_id_movie_companies", "Relation Name": "movie_companies", "Alias": "mc", "Startup Cost": 0.0, "Total Cost": 84536.95, "Plan Rows": 418557, "Plan Width": 8, "Filter": "(((note)::text !~~ '%(TV)%'::text) AND ((note)::text ~~ '%(USA)%'::text)), (LLVM Optimized)"}]}, {"Node Type": "Hash", "Parent Relationship": "Inner", "Startup Cost": 101812.62, "Total Cost": 101812.62, "Plan Rows": 1748840, "Plan Width": 21, "Plans": [{"Node Type": "Index Scan", "Parent Relationship": "Outer", "Scan Direction": "Forward", "Index Name": "title_pkey", "Relation Name": "title", "Alias": "t", "Startup Cost": 0.0, "Total Cost": 101812.62, "Plan Rows": 1748840, "Plan Width": 21, "Filter": "(production_year > 1990), (LLVM Optimized)"}]}]}]}, {"Node Type": "Hash", "Parent Relationship": "Inner", "Startup Cost": 12.3, "Total Cost": 12.3, "Plan Rows": 1, "Plan Width": 4, "Plans": [{"Node Type": "Index Scan", "Parent Relationship": "Outer", "Scan Direction": "Forward", "Index Name": "company_type_pkey", "Relation Name": "company_type", "Alias": "ct", "Startup Cost": 0.0, "Total Cost": 12.3, "Plan Rows": 1, "Plan Width": 4, "Filter": "((kind)::text = 'production companies'::text)"}]}]}, {"Node Type": "Index Scan", "Parent Relationship": "Inner", "Scan Direction": "Forward", "Index Name": "movie_id_movie_info", "Relation Name": "movie_info", "Alias": "mi", "Startup Cost": 0.0, "Total Cost": 0.88, "Plan Rows": 1, "Plan Width": 8, "Index Cond": "(movie_id = t.id)", "Filter": "((info)::text = ANY ('{Sweden,Norway,Germany,Denmark,Swedish,Denish,Norwegian,German,USA,American}'::text[]))"}]}, {"Node Type": "Hash", "Parent Relationship": "Inner", "Startup Cost": 13.93, "Total Cost": 13.93, "Plan Rows": 112, "Plan Width": 4, "Plans": [{"Node Type": "Index Scan", "Parent Relationship": "Outer", "Scan Direction": "Forward", "Index Name": "info_type_pkey", "Relation Name": "info_type", "Alias": "it", "Startup Cost": 0.0, "Total Cost": 13.93, "Plan Rows": 112, "Plan Width": 4}]}]}]}, "Unique SQL Id": 322094867}, "explain_analyze_plan": {"Plan": {"Node Type": "Aggregate", "Strategy": "Plain", "Startup Cost": 502974.41, "Total Cost": 502974.42, "Plan Rows": 1, "Plan Width": 49, "Actual Min Startup Time": 1064.737, "Actual Max Startup Time": 1064.737, "Actual Min Total Time": 1064.737, "Actual Max Total Time": 1064.737, "Actual Total Rows": 1, "Plans": [{"Node Type": "Hash Join", "Parent Relationship": "Outer", "Join Type": "Inner", "Startup Cost": 103197.32, "Total Cost": 502146.78, "Plan Rows": 331050, "Plan Width": 17, "Actual Min Startup Time": 386.964, "Actual Max Startup Time": 386.964, "Actual Min Total Time": 1064.289, "Actual Max Total Time": 1064.289, "Actual Total Rows": 669, "Inner Unique": true, "Hash Cond": "(mi.info_type_id = it.id), (LLVM Optimized, Jit Execute)", "Plans": [{"Node Type": "Nested Loop", "Parent Relationship": "Outer", "Join Type": "Inner", "Startup Cost": 103181.99, "Total Cost": 497761.59, "Plan Rows": 331050, "Plan Width": 21, "Actual Min Startup Time": 386.77, "Actual Max Startup Time": 386.77, "Actual Min Total Time": 1063.791, "Actual Max Total Time": 1063.791, "Actual Total Rows": 669, "Inner Unique": false, "Plans": [{"Node Type": "Hash Join", "Parent Relationship": "Outer", "Join Type": "Inner", "Startup Cost": 103181.99, "Total Cost": 239243.52, "Plan Rows": 289936, "Plan Width": 25, "Actual Min Startup Time": 386.657, "Actual Max Startup Time": 386.657, "Actual Min Total Time": 1044.352, "Actual Max Total Time": 1044.352, "Actual Total Rows": 767, "Inner Unique": true, "Hash Cond": "(mc.company_type_id = ct.id), (LLVM Optimized, Jit Execute)", "Plans": [{"Node Type": "Streaming(type: LOCAL GATHER dop: 1/16)", "Parent Relationship": "Outer", "Startup Cost": 103178.9, "Total Cost": 234166.55, "Plan Rows": 579872, "Plan Width": 29, "Actual Min Startup Time": 386.569, "Actual Max Startup Time": 386.569, "Actual Min Total Time": 1027.44, "Actual Max Total Time": 1027.44, "Actual Total Rows": 105501, "Plans": [{"Node Type": "Hash Join", "Parent Relationship": "Outer", "Join Type": "Inner", "Startup Cost": 103178.9, "Total Cost": 221651.74, "Plan Rows": 579872, "Plan Width": 29, "Actual Min Startup Time": 289.501, "Actual Max Startup Time": 379.366, "Actual Min Total Time": 951.269, "Actual Max Total Time": 972.121, "Actual Total Rows": 105501, "Inner Unique": true, "Hash Cond": "(mc.movie_id = t.id), (LLVM Optimized, Jit Execute)", "Plans": [{"Node Type": "Streaming(type: BROADCAST dop: 16/16)", "Parent Relationship": "Outer", "Startup Cost": 0.0, "Total Cost": 116540.83, "Plan Rows": 6696912, "Plan Width": 8, "Actual Min Startup Time": 0.05, "Actual Max Startup Time": 0.139, "Actual Min Total Time": 510.992, "Actual Max Total Time": 592.12, "Actual Total Rows": 4730048, "Plans": [{"Node Type": "Index Scan", "Parent Relationship": "Outer", "Scan Direction": "Forward", "Index Name": "company_type_id_movie_companies", "Relation Name": "movie_companies", "Alias": "mc", "Startup Cost": 0.0, "Total Cost": 84536.95, "Plan Rows": 418557, "Plan Width": 8, "Actual Min Startup Time": 0.08, "Actual Max Startup Time": 59.784, "Actual Min Total Time": 75.551, "Actual Max Total Time": 204.25, "Actual Total Rows": 295628, "Filter": "(((note)::text !~~ '%(TV)%'::text) AND ((note)::text ~~ '%(USA)%'::text)), (LLVM Optimized, Jit Execute)", "Rows Removed by Filter": 2313500}]}, {"Node Type": "Hash", "Parent Relationship": "Inner", "Startup Cost": 101812.62, "Total Cost": 101812.62, "Plan Rows": 1748840, "Plan Width": 21, "Actual Min Startup Time": 289.1, "Actual Max Startup Time": 377.983, "Actual Min Total Time": 289.1, "Actual Max Total Time": 377.983, "Actual Total Rows": 1749032, "Max Hash Buckets": 131072, "Min Hash Buckets": 131072, "Max Hash Batches": 1, "Min Hash Batches": 1, "Max Original Hash Batches": 1, "Min Original Hash Batches": 1, "Max Peak Memory Usage": 6766, "min Peak Memory Usage": 6766, "Plans": [{"Node Type": "Index Scan", "Parent Relationship": "Outer", "Scan Direction": "Forward", "Index Name": "title_pkey", "Relation Name": "title", "Alias": "t", "Startup Cost": 0.0, "Total Cost": 101812.62, "Plan Rows": 1748840, "Plan Width": 21, "Actual Min Startup Time": 15.394, "Actual Max Startup Time": 48.394, "Actual Min Total Time": 253.097, "Actual Max Total Time": 343.838, "Actual Total Rows": 1749032, "Filter": "(production_year > 1990), (LLVM Optimized, Jit Execute)", "Rows Removed by Filter": 779279}]}]}]}, {"Node Type": "Hash", "Parent Relationship": "Inner", "Startup Cost": 12.3, "Total Cost": 12.3, "Plan Rows": 1, "Plan Width": 4, "Actual Min Startup Time": 0.029, "Actual Max Startup Time": 0.029, "Actual Min Total Time": 0.029, "Actual Max Total Time": 0.029, "Actual Total Rows": 1, "Max Hash Buckets": 32768, "Min Hash Buckets": 32768, "Max Hash Batches": 1, "Min Hash Batches": 1, "Max Original Hash Batches": 1, "Min Original Hash Batches": 1, "Max Peak Memory Usage": 1, "min Peak Memory Usage": 1, "Plans": [{"Node Type": "Index Scan", "Parent Relationship": "Outer", "Scan Direction": "Forward", "Index Name": "company_type_pkey", "Relation Name": "company_type", "Alias": "ct", "Startup Cost": 0.0, "Total Cost": 12.3, "Plan Rows": 1, "Plan Width": 4, "Actual Min Startup Time": 0.019, "Actual Max Startup Time": 0.019, "Actual Min Total Time": 0.021, "Actual Max Total Time": 0.021, "Actual Total Rows": 1, "Filter": "((kind)::text = 'production companies'::text)", "Rows Removed by Filter": 2}]}]}, {"Node Type": "Index Scan", "Parent Relationship": "Inner", "Scan Direction": "Forward", "Index Name": "movie_id_movie_info", "Relation Name": "movie_info", "Alias": "mi", "Startup Cost": 0.0, "Total Cost": 0.88, "Plan Rows": 1, "Plan Width": 8, "Actual Min Startup Time": 16.381, "Actual Max Startup Time": 16.381, "Actual Min Total Time": 18.704, "Actual Max Total Time": 18.704, "Actual Total Rows": 669, "Index Cond": "(movie_id = t.id)", "Rows Removed by Index Recheck": 0, "Filter": "((info)::text = ANY ('{Sweden,Norway,Germany,Denmark,Swedish,Denish,Norwegian,German,USA,American}'::text[]))", "Rows Removed by Filter": 7721}]}, {"Node Type": "Hash", "Parent Relationship": "Inner", "Startup Cost": 13.93, "Total Cost": 13.93, "Plan Rows": 112, "Plan Width": 4, "Actual Min Startup Time": 0.132, "Actual Max Startup Time": 0.132, "Actual Min Total Time": 0.132, "Actual Max Total Time": 0.132, "Actual Total Rows": 112, "Max Hash Buckets": 32768, "Min Hash Buckets": 32768, "Max Hash Batches": 1, "Min Hash Batches": 1, "Max Original Hash Batches": 1, "Min Original Hash Batches": 1, "Max Peak Memory Usage": 4, "min Peak Memory Usage": 4, "Plans": [{"Node Type": "Index Scan", "Parent Relationship": "Outer", "Scan Direction": "Forward", "Index Name": "info_type_pkey", "Relation Name": "info_type", "Alias": "it", "Startup Cost": 0.0, "Total Cost": 13.93, "Plan Rows": 112, "Plan Width": 4, "Actual Min Startup Time": 0.031, "Actual Max Startup Time": 0.031, "Actual Min Total Time": 0.077, "Actual Max Total Time": 0.077, "Actual Total Rows": 112}]}]}]}, "Triggers": [], "Planner Runtime": 14.324, "Total Runtime": 1080.686, "Unique SQL Id": 322094867}}, "(16, 70)": {"explain_plan": {"Plan": {"Node Type": "Aggregate", "Strategy": "Plain", "Startup Cost": 173539.71, "Total Cost": 173539.72, "Plan Rows": 1, "Plan Width": 49, "Plans": [{"Node Type": "Hash Join", "Parent Relationship": "Outer", "Join Type": "Inner", "Startup Cost": 70862.43, "Total Cost": 172712.09, "Plan Rows": 331050, "Plan Width": 17, "Inner Unique": true, "Hash Cond": "(mi.info_type_id = it.id), (LLVM Optimized)", "Plans": [{"Node Type": "Streaming(type: LOCAL GATHER dop: 1/16)", "Parent Relationship": "Outer", "Startup Cost": 70858.91, "Total Cost": 168156.63, "Plan Rows": 331050, "Plan Width": 21, "Plans": [{"Node Type": "Hash Join", "Parent Relationship": "Outer", "Join Type": "Inner", "Startup Cost": 70858.91, "Total Cost": 161011.9, "Plan Rows": 331050, "Plan Width": 21, "Inner Unique": true, "Hash Cond": "(mi.movie_id = t.id), (LLVM Optimized)", "Plans": [{"Node Type": "Streaming(type: BROADCAST dop: 16/16)", "Parent Relationship": "Outer", "Startup Cost": 50343.26, "Total Cost": 139393.26, "Plan Rows": 3823280, "Plan Width": 12, "Plans": [{"Node Type": "Hash Join", "Parent Relationship": "Outer", "Join Type": "Inner", "Startup Cost": 50343.26, "Total Cost": 114685.71, "Plan Rows": 238955, "Plan Width": 12, "Inner Unique": true, "Hash Cond": "(mc.company_type_id = ct.id), (LLVM Optimized)", "Plans": [{"Node Type": "Hash Join", "Parent Relationship": "Outer", "Join Type": "Inner", "Startup Cost": 35341.87, "Total Cost": 99422.95, "Plan Rows": 477912, "Plan Width": 16, "Inner Unique": false, "Hash Cond": "(mi.movie_id = mc.movie_id), (LLVM Optimized)", "Plans": [{"Node Type": "Streaming(type: LOCAL REDISTRIBUTE dop: 16/16)", "Parent Relationship": "Outer", "Startup Cost": 0.0, "Total Cost": 62931.17, "Plan Rows": 726375, "Plan Width": 8, "Plans": [{"Node Type": "Seq Scan", "Parent Relationship": "Outer", "Relation Name": "movie_info", "Alias": "mi", "Startup Cost": 0.0, "Total Cost": 45178.89, "Plan Rows": 726375, "Plan Width": 8, "Filter": "((info)::text = ANY ('{Sweden,Norway,Germany,Denmark,Swedish,Denish,Norwegian,German,USA,American}'::text[]))"}]}, {"Node Type": "Hash", "Parent Relationship": "Inner", "Startup Cost": 35014.87, "Total Cost": 35014.87, "Plan Rows": 418557, "Plan Width": 8, "Plans": [{"Node Type": "Streaming(type: LOCAL REDISTRIBUTE dop: 16/16)", "Parent Relationship": "Outer", "Startup Cost": 0.0, "Total Cost": 35014.87, "Plan Rows": 418557, "Plan Width": 8, "Plans": [{"Node Type": "Seq Scan", "Parent Relationship": "Outer", "Relation Name": "movie_companies", "Alias": "mc", "Startup Cost": 0.0, "Total Cost": 18428.93, "Plan Rows": 418557, "Plan Width": 8, "Filter": "(((note)::text !~~ '%(TV)%'::text) AND ((note)::text ~~ '%(USA)%'::text)), (LLVM Optimized)"}]}]}]}, {"Node Type": "Hash", "Parent Relationship": "Inner", "Startup Cost": 15001.38, "Total Cost": 15001.38, "Plan Rows": 16, "Plan Width": 4, "Plans": [{"Node Type": "Streaming(type: BROADCAST dop: 16/1)", "Parent Relationship": "Outer", "Startup Cost": 0.0, "Total Cost": 15001.38, "Plan Rows": 16, "Plan Width": 4, "Plans": [{"Node Type": "Seq Scan", "Parent Relationship": "Outer", "Relation Name": "company_type", "Alias": "ct", "Startup Cost": 0.0, "Total Cost": 1.04, "Plan Rows": 1, "Plan Width": 4, "Filter": "((kind)::text = 'production companies'::text)"}]}]}]}]}, {"Node Type": "Hash", "Parent Relationship": "Inner", "Startup Cost": 19149.37, "Total Cost": 19149.37, "Plan Rows": 1748840, "Plan Width": 21, "Plans": [{"Node Type": "Seq Scan", "Parent Relationship": "Outer", "Relation Name": "title", "Alias": "t", "Startup Cost": 0.0, "Total Cost": 19149.37, "Plan Rows": 1748840, "Plan Width": 21, "Filter": "(production_year > 1990), (LLVM Optimized)"}]}]}]}, {"Node Type": "Hash", "Parent Relationship": "Inner", "Startup Cost": 2.12, "Total Cost": 2.12, "Plan Rows": 112, "Plan Width": 4, "Plans": [{"Node Type": "Seq Scan", "Parent Relationship": "Outer", "Relation Name": "info_type", "Alias": "it", "Startup Cost": 0.0, "Total Cost": 2.12, "Plan Rows": 112, "Plan Width": 4}]}]}]}, "Unique SQL Id": 322094867}, "explain_analyze_plan": {"Plan": {"Node Type": "Aggregate", "Strategy": "Plain", "Startup Cost": 173539.71, "Total Cost": 173539.72, "Plan Rows": 1, "Plan Width": 49, "Actual Min Startup Time": 882.09, "Actual Max Startup Time": 882.09, "Actual Min Total Time": 882.09, "Actual Max Total Time": 882.09, "Actual Total Rows": 1, "Plans": [{"Node Type": "Hash Join", "Parent Relationship": "Outer", "Join Type": "Inner", "Startup Cost": 70862.43, "Total Cost": 172712.09, "Plan Rows": 331050, "Plan Width": 17, "Actual Min Startup Time": 881.426, "Actual Max Startup Time": 881.426, "Actual Min Total Time": 881.87, "Actual Max Total Time": 881.87, "Actual Total Rows": 669, "Inner Unique": true, "Hash Cond": "(mi.info_type_id = it.id), (LLVM Optimized)", "Plans": [{"Node Type": "Streaming(type: LOCAL GATHER dop: 1/16)", "Parent Relationship": "Outer", "Startup Cost": 70858.91, "Total Cost": 168156.63, "Plan Rows": 331050, "Plan Width": 21, "Actual Min Startup Time": 881.224, "Actual Max Startup Time": 881.224, "Actual Min Total Time": 881.408, "Actual Max Total Time": 881.408, "Actual Total Rows": 669, "Plans": [{"Node Type": "Hash Join", "Parent Relationship": "Outer", "Join Type": "Inner", "Startup Cost": 70858.91, "Total Cost": 161011.9, "Plan Rows": 331050, "Plan Width": 21, "Actual Min Startup Time": 690.477, "Actual Max Startup Time": 755.388, "Actual Min Total Time": 690.979, "Actual Max Total Time": 756.212, "Actual Total Rows": 669, "Inner Unique": true, "Hash Cond": "(mi.movie_id = t.id), (LLVM Optimized)", "Plans": [{"Node Type": "Streaming(type: BROADCAST dop: 16/16)", "Parent Relationship": "Outer", "Startup Cost": 50343.26, "Total Cost": 139393.26, "Plan Rows": 3823280, "Plan Width": 12, "Actual Min Startup Time": 590.564, "Actual Max Startup Time": 654.095, "Actual Min Total Time": 590.798, "Actual Max Total Time": 654.526, "Actual Total Rows": 11056, "Plans": [{"Node Type": "Hash Join", "Parent Relationship": "Outer", "Join Type": "Inner", "Startup Cost": 50343.26, "Total Cost": 114685.71, "Plan Rows": 238955, "Plan Width": 12, "Actual Min Startup Time": 126.219, "Actual Max Startup Time": 549.608, "Actual Min Total Time": 688.334, "Actual Max Total Time": 748.889, "Actual Total Rows": 691, "Inner Unique": true, "Hash Cond": "(mc.company_type_id = ct.id), (LLVM Optimized)", "Plans": [{"Node Type": "Hash Join", "Parent Relationship": "Outer", "Join Type": "Inner", "Startup Cost": 35341.87, "Total Cost": 99422.95, "Plan Rows": 477912, "Plan Width": 16, "Actual Min Startup Time": 90.346, "Actual Max Startup Time": 151.051, "Actual Min Total Time": 685.75, "Actual Max Total Time": 746.227, "Actual Total Rows": 294926, "Inner Unique": false, "Hash Cond": "(mi.movie_id = mc.movie_id), (LLVM Optimized)", "Plans": [{"Node Type": "Streaming(type: LOCAL REDISTRIBUTE dop: 16/16)", "Parent Relationship": "Outer", "Startup Cost": 0.0, "Total Cost": 62931.17, "Plan Rows": 726375, "Plan Width": 8, "Actual Min Startup Time": 0.063, "Actual Max Startup Time": 0.422, "Actual Min Total Time": 580.509, "Actual Max Total Time": 581.815, "Actual Total Rows": 706674, "Plans": [{"Node Type": "Seq Scan", "Parent Relationship": "Outer", "Relation Name": "movie_info", "Alias": "mi", "Startup Cost": 0.0, "Total Cost": 45178.89, "Plan Rows": 726375, "Plan Width": 8, "Actual Min Startup Time": 0.037, "Actual Max Startup Time": 3.311, "Actual Min Total Time": 506.795, "Actual Max Total Time": 551.798, "Actual Total Rows": 706674, "Filter": "((info)::text = ANY ('{Sweden,Norway,Germany,Denmark,Swedish,Denish,Norwegian,German,USA,American}'::text[]))", "Rows Removed by Filter": 14129045}]}, {"Node Type": "Hash", "Parent Relationship": "Inner", "Startup Cost": 35014.87, "Total Cost": 35014.87, "Plan Rows": 418557, "Plan Width": 8, "Actual Min Startup Time": 90.201, "Actual Max Startup Time": 150.767, "Actual Min Total Time": 90.201, "Actual Max Total Time": 150.767, "Actual Total Rows": 295628, "Max Hash Buckets": 32768, "Min Hash Buckets": 32768, "Max Hash Batches": 1, "Min Hash Batches": 1, "Max Original Hash Batches": 1, "Min Original Hash Batches": 1, "Max Peak Memory Usage": 722, "min Peak Memory Usage": 722, "Plans": [{"Node Type": "Streaming(type: LOCAL REDISTRIBUTE dop: 16/16)", "Parent Relationship": "Outer", "Startup Cost": 0.0, "Total Cost": 35014.87, "Plan Rows": 418557, "Plan Width": 8, "Actual Min Startup Time": 0.045, "Actual Max Startup Time": 44.925, "Actual Min Total Time": 85.467, "Actual Max Total Time": 146.017, "Actual Total Rows": 295628, "Plans": [{"Node Type": "Seq Scan", "Parent Relationship": "Outer", "Relation Name": "movie_companies", "Alias": "mc", "Startup Cost": 0.0, "Total Cost": 18428.93, "Plan Rows": 418557, "Plan Width": 8, "Actual Min Startup Time": 0.045, "Actual Max Startup Time": 0.318, "Actual Min Total Time": 71.182, "Actual Max Total Time": 78.657, "Actual Total Rows": 295628, "Filter": "(((note)::text !~~ '%(TV)%'::text) AND ((note)::text ~~ '%(USA)%'::text)), (LLVM Optimized)", "Rows Removed by Filter": 2313500}]}]}]}, {"Node Type": "Hash", "Parent Relationship": "Inner", "Startup Cost": 15001.38, "Total Cost": 15001.38, "Plan Rows": 16, "Plan Width": 4, "Actual Min Startup Time": 0.006, "Actual Max Startup Time": 0.019, "Actual Min Total Time": 0.006, "Actual Max Total Time": 0.019, "Actual Total Rows": 16, "Max Hash Buckets": 32768, "Min Hash Buckets": 32768, "Max Hash Batches": 1, "Min Hash Batches": 1, "Max Original Hash Batches": 1, "Min Original Hash Batches": 1, "Max Peak Memory Usage": 1, "min Peak Memory Usage": 1, "Plans": [{"Node Type": "Streaming(type: BROADCAST dop: 16/1)", "Parent Relationship": "Outer", "Startup Cost": 0.0, "Total Cost": 15001.38, "Plan Rows": 16, "Plan Width": 4, "Actual Min Startup Time": 0.003, "Actual Max Startup Time": 0.008, "Actual Min Total Time": 0.004, "Actual Max Total Time": 0.009, "Actual Total Rows": 16, "Plans": [{"Node Type": "Seq Scan", "Parent Relationship": "Outer", "Relation Name": "company_type", "Alias": "ct", "Startup Cost": 0.0, "Total Cost": 1.04, "Plan Rows": 1, "Plan Width": 4, "Actual Min Startup Time": 0.034, "Actual Max Startup Time": 0.034, "Actual Min Total Time": 0.037, "Actual Max Total Time": 0.037, "Actual Total Rows": 1, "Filter": "((kind)::text = 'production companies'::text)", "Rows Removed by Filter": 2}]}]}]}]}, {"Node Type": "Hash", "Parent Relationship": "Inner", "Startup Cost": 19149.37, "Total Cost": 19149.37, "Plan Rows": 1748840, "Plan Width": 21, "Actual Min Startup Time": 96.519, "Actual Max Startup Time": 102.215, "Actual Min Total Time": 96.519, "Actual Max Total Time": 102.215, "Actual Total Rows": 1749032, "Max Hash Buckets": 131072, "Min Hash Buckets": 131072, "Max Hash Batches": 1, "Min Hash Batches": 1, "Max Original Hash Batches": 1, "Min Original Hash Batches": 1, "Max Peak Memory Usage": 5962, "min Peak Memory Usage": 5962, "Plans": [{"Node Type": "Seq Scan", "Parent Relationship": "Outer", "Relation Name": "title", "Alias": "t", "Startup Cost": 0.0, "Total Cost": 19149.37, "Plan Rows": 1748840, "Plan Width": 21, "Actual Min Startup Time": 0.023, "Actual Max Startup Time": 0.032, "Actual Min Total Time": 63.637, "Actual Max Total Time": 68.547, "Actual Total Rows": 1749032, "Filter": "(production_year > 1990), (LLVM Optimized)", "Rows Removed by Filter": 779279}]}]}]}, {"Node Type": "Hash", "Parent Relationship": "Inner", "Startup Cost": 2.12, "Total Cost": 2.12, "Plan Rows": 112, "Plan Width": 4, "Actual Min Startup Time": 0.121, "Actual Max Startup Time": 0.121, "Actual Min Total Time": 0.121, "Actual Max Total Time": 0.121, "Actual Total Rows": 112, "Max Hash Buckets": 32768, "Min Hash Buckets": 32768, "Max Hash Batches": 1, "Min Hash Batches": 1, "Max Original Hash Batches": 1, "Min Original Hash Batches": 1, "Max Peak Memory Usage": 4, "min Peak Memory Usage": 4, "Plans": [{"Node Type": "Seq Scan", "Parent Relationship": "Outer", "Relation Name": "info_type", "Alias": "it", "Startup Cost": 0.0, "Total Cost": 2.12, "Plan Rows": 112, "Plan Width": 4, "Actual Min Startup Time": 0.05, "Actual Max Startup Time": 0.05, "Actual Min Total Time": 0.07, "Actual Max Total Time": 0.07, "Actual Total Rows": 112}]}]}]}, "Triggers": [], "Planner Runtime": 21.316, "Total Runtime": 905.003, "Unique SQL Id": 322094867}}, "(16, 71)": {"explain_plan": {"Plan": {"Node Type": "Aggregate", "Strategy": "Plain", "Startup Cost": 1009784.61, "Total Cost": 1009784.62, "Plan Rows": 1, "Plan Width": 49, "Plans": [{"Node Type": "Hash Join", "Parent Relationship": "Outer", "Join Type": "Inner", "Startup Cost": 517150.55, "Total Cost": 1008956.99, "Plan Rows": 331050, "Plan Width": 17, "Inner Unique": true, "Hash Cond": "(mi.info_type_id = it.id), (LLVM Optimized)", "Plans": [{"Node Type": "Hash Join", "Parent Relationship": "Outer", "Join Type": "Inner", "Startup Cost": 517135.19, "Total Cost": 1004389.69, "Plan Rows": 331050, "Plan Width": 21, "Inner Unique": false, "Hash Cond": "(mi.movie_id = t.id), (LLVM Optimized)", "Plans": [{"Node Type": "Bitmap Heap Scan", "Parent Relationship": "Outer", "Relation Name": "movie_info", "Alias": "mi", "Startup Cost": 301827.67, "Total Cost": 784689.91, "Plan Rows": 726375, "Plan Width": 8, "Filter": "((info)::text = ANY ('{Sweden,Norway,Germany,Denmark,Swedish,Denish,Norwegian,German,USA,American}'::text[]))", "Plans": [{"Node Type": "Bitmap Index Scan", "Parent Relationship": "Outer", "Index Name": "movie_id_movie_info", "Startup Cost": 0.0, "Total Cost": 301646.08, "Plan Rows": 14869966, "Plan Width": 0}]}, {"Node Type": "Hash", "Parent Relationship": "Inner", "Startup Cost": 211683.32, "Total Cost": 211683.32, "Plan Rows": 289936, "Plan Width": 25, "Plans": [{"Node Type": "Hash Join", "Parent Relationship": "Outer", "Join Type": "Inner", "Startup Cost": 167346.47, "Total Cost": 211683.32, "Plan Rows": 289936, "Plan Width": 25, "Inner Unique": true, "Hash Cond": "(mc.movie_id = t.id), (LLVM Optimized)", "Plans": [{"Node Type": "Nested Loop", "Parent Relationship": "Outer", "Join Type": "Inner", "Startup Cost": 29005.06, "Total Cost": 69657.76, "Plan Rows": 209278, "Plan Width": 4, "Inner Unique": false, "Plans": [{"Node Type": "Bitmap Heap Scan", "Parent Relationship": "Outer", "Relation Name": "company_type", "Alias": "ct", "Startup Cost": 8.27, "Total Cost": 12.3, "Plan Rows": 1, "Plan Width": 4, "Filter": "((kind)::text = 'production companies'::text)", "Plans": [{"Node Type": "Bitmap Index Scan", "Parent Relationship": "Outer", "Index Name": "company_type_pkey", "Startup Cost": 0.0, "Total Cost": 8.27, "Plan Rows": 3, "Plan Width": 0}]}, {"Node Type": "Bitmap Heap Scan", "Parent Relationship": "Inner", "Relation Name": "movie_companies", "Alias": "mc", "Startup Cost": 28996.8, "Total Cost": 67552.67, "Plan Rows": 209279, "Plan Width": 8, "Recheck Cond": "(company_type_id = ct.id), (LLVM Optimized)", "Filter": "(((note)::text !~~ '%(TV)%'::text) AND ((note)::text ~~ '%(USA)%'::text)), (LLVM Optimized)", "Plans": [{"Node Type": "Bitmap Index Scan", "Parent Relationship": "Outer", "Index Name": "company_type_id_movie_companies", "Startup Cost": 0.0, "Total Cost": 28944.48, "Plan Rows": 1304564, "Plan Width": 0, "Index Cond": "(company_type_id = ct.id)"}]}]}, {"Node Type": "Hash", "Parent Relationship": "Inner", "Startup Cost": 116480.9, "Total Cost": 116480.9, "Plan Rows": 1748840, "Plan Width": 21, "Plans": [{"Node Type": "Bitmap Heap Scan", "Parent Relationship": "Outer", "Relation Name": "title", "Alias": "t", "Startup Cost": 50091.01, "Total Cost": 116480.9, "Plan Rows": 1748840, "Plan Width": 21, "Filter": "(production_year > 1990), (LLVM Optimized)", "Plans": [{"Node Type": "Bitmap Index Scan", "Parent Relationship": "Outer", "Index Name": "title_pkey", "Startup Cost": 0.0, "Total Cost": 49653.81, "Plan Rows": 2528311, "Plan Width": 0}]}]}]}]}]}, {"Node Type": "Hash", "Parent Relationship": "Inner", "Startup Cost": 13.96, "Total Cost": 13.96, "Plan Rows": 112, "Plan Width": 4, "Plans": [{"Node Type": "Bitmap Heap Scan", "Parent Relationship": "Outer", "Relation Name": "info_type", "Alias": "it", "Startup Cost": 8.84, "Total Cost": 13.96, "Plan Rows": 112, "Plan Width": 4, "Plans": [{"Node Type": "Bitmap Index Scan", "Parent Relationship": "Outer", "Index Name": "info_type_pkey", "Startup Cost": 0.0, "Total Cost": 8.81, "Plan Rows": 112, "Plan Width": 0}]}]}]}]}, "Unique SQL Id": 322094867}, "explain_analyze_plan": null}, "(16, 72)": {"explain_plan": {"Plan": {"Node Type": "Aggregate", "Strategy": "Plain", "Startup Cost": 173539.71, "Total Cost": 173539.72, "Plan Rows": 1, "Plan Width": 49, "Plans": [{"Node Type": "Hash Join", "Parent Relationship": "Outer", "Join Type": "Inner", "Startup Cost": 70862.43, "Total Cost": 172712.09, "Plan Rows": 331050, "Plan Width": 17, "Inner Unique": true, "Hash Cond": "(mi.info_type_id = it.id), (LLVM Optimized)", "Plans": [{"Node Type": "Streaming(type: LOCAL GATHER dop: 1/16)", "Parent Relationship": "Outer", "Startup Cost": 70858.91, "Total Cost": 168156.63, "Plan Rows": 331050, "Plan Width": 21, "Plans": [{"Node Type": "Hash Join", "Parent Relationship": "Outer", "Join Type": "Inner", "Startup Cost": 70858.91, "Total Cost": 161011.9, "Plan Rows": 331050, "Plan Width": 21, "Inner Unique": true, "Hash Cond": "(mi.movie_id = t.id), (LLVM Optimized)", "Plans": [{"Node Type": "Streaming(type: BROADCAST dop: 16/16)", "Parent Relationship": "Outer", "Startup Cost": 50343.26, "Total Cost": 139393.26, "Plan Rows": 3823280, "Plan Width": 12, "Plans": [{"Node Type": "Hash Join", "Parent Relationship": "Outer", "Join Type": "Inner", "Startup Cost": 50343.26, "Total Cost": 114685.71, "Plan Rows": 238955, "Plan Width": 12, "Inner Unique": true, "Hash Cond": "(mc.company_type_id = ct.id), (LLVM Optimized)", "Plans": [{"Node Type": "Hash Join", "Parent Relationship": "Outer", "Join Type": "Inner", "Startup Cost": 35341.87, "Total Cost": 99422.95, "Plan Rows": 477912, "Plan Width": 16, "Inner Unique": false, "Hash Cond": "(mi.movie_id = mc.movie_id), (LLVM Optimized)", "Plans": [{"Node Type": "Streaming(type: LOCAL REDISTRIBUTE dop: 16/16)", "Parent Relationship": "Outer", "Startup Cost": 0.0, "Total Cost": 62931.17, "Plan Rows": 726375, "Plan Width": 8, "Plans": [{"Node Type": "Seq Scan", "Parent Relationship": "Outer", "Relation Name": "movie_info", "Alias": "mi", "Startup Cost": 0.0, "Total Cost": 45178.89, "Plan Rows": 726375, "Plan Width": 8, "Filter": "((info)::text = ANY ('{Sweden,Norway,Germany,Denmark,Swedish,Denish,Norwegian,German,USA,American}'::text[]))"}]}, {"Node Type": "Hash", "Parent Relationship": "Inner", "Startup Cost": 35014.87, "Total Cost": 35014.87, "Plan Rows": 418557, "Plan Width": 8, "Plans": [{"Node Type": "Streaming(type: LOCAL REDISTRIBUTE dop: 16/16)", "Parent Relationship": "Outer", "Startup Cost": 0.0, "Total Cost": 35014.87, "Plan Rows": 418557, "Plan Width": 8, "Plans": [{"Node Type": "Seq Scan", "Parent Relationship": "Outer", "Relation Name": "movie_companies", "Alias": "mc", "Startup Cost": 0.0, "Total Cost": 18428.93, "Plan Rows": 418557, "Plan Width": 8, "Filter": "(((note)::text !~~ '%(TV)%'::text) AND ((note)::text ~~ '%(USA)%'::text)), (LLVM Optimized)"}]}]}]}, {"Node Type": "Hash", "Parent Relationship": "Inner", "Startup Cost": 15001.38, "Total Cost": 15001.38, "Plan Rows": 16, "Plan Width": 4, "Plans": [{"Node Type": "Streaming(type: BROADCAST dop: 16/1)", "Parent Relationship": "Outer", "Startup Cost": 0.0, "Total Cost": 15001.38, "Plan Rows": 16, "Plan Width": 4, "Plans": [{"Node Type": "Seq Scan", "Parent Relationship": "Outer", "Relation Name": "company_type", "Alias": "ct", "Startup Cost": 0.0, "Total Cost": 1.04, "Plan Rows": 1, "Plan Width": 4, "Filter": "((kind)::text = 'production companies'::text)"}]}]}]}]}, {"Node Type": "Hash", "Parent Relationship": "Inner", "Startup Cost": 19149.37, "Total Cost": 19149.37, "Plan Rows": 1748840, "Plan Width": 21, "Plans": [{"Node Type": "Seq Scan", "Parent Relationship": "Outer", "Relation Name": "title", "Alias": "t", "Startup Cost": 0.0, "Total Cost": 19149.37, "Plan Rows": 1748840, "Plan Width": 21, "Filter": "(production_year > 1990), (LLVM Optimized)"}]}]}]}, {"Node Type": "Hash", "Parent Relationship": "Inner", "Startup Cost": 2.12, "Total Cost": 2.12, "Plan Rows": 112, "Plan Width": 4, "Plans": [{"Node Type": "Index Only Scan", "Parent Relationship": "Outer", "Scan Direction": "Forward", "Index Name": "info_type_pkey", "Relation Name": "info_type", "Alias": "it", "Startup Cost": 0.0, "Total Cost": 2.12, "Plan Rows": 112, "Plan Width": 4}]}]}]}, "Unique SQL Id": 322094867}, "explain_analyze_plan": {"Plan": {"Node Type": "Aggregate", "Strategy": "Plain", "Startup Cost": 173539.71, "Total Cost": 173539.72, "Plan Rows": 1, "Plan Width": 49, "Actual Min Startup Time": 880.696, "Actual Max Startup Time": 880.696, "Actual Min Total Time": 880.697, "Actual Max Total Time": 880.697, "Actual Total Rows": 1, "Plans": [{"Node Type": "Hash Join", "Parent Relationship": "Outer", "Join Type": "Inner", "Startup Cost": 70862.43, "Total Cost": 172712.09, "Plan Rows": 331050, "Plan Width": 17, "Actual Min Startup Time": 879.552, "Actual Max Startup Time": 879.552, "Actual Min Total Time": 880.49, "Actual Max Total Time": 880.49, "Actual Total Rows": 669, "Inner Unique": true, "Hash Cond": "(mi.info_type_id = it.id), (LLVM Optimized, Jit Execute)", "Plans": [{"Node Type": "Streaming(type: LOCAL GATHER dop: 1/16)", "Parent Relationship": "Outer", "Startup Cost": 70858.91, "Total Cost": 168156.63, "Plan Rows": 331050, "Plan Width": 21, "Actual Min Startup Time": 879.361, "Actual Max Startup Time": 879.361, "Actual Min Total Time": 880.084, "Actual Max Total Time": 880.084, "Actual Total Rows": 669, "Plans": [{"Node Type": "Hash Join", "Parent Relationship": "Outer", "Join Type": "Inner", "Startup Cost": 70858.91, "Total Cost": 161011.9, "Plan Rows": 331050, "Plan Width": 21, "Actual Min Startup Time": 685.466, "Actual Max Startup Time": 782.844, "Actual Min Total Time": 686.781, "Actual Max Total Time": 784.227, "Actual Total Rows": 669, "Inner Unique": true, "Hash Cond": "(mi.movie_id = t.id), (LLVM Optimized, Jit Execute)", "Plans": [{"Node Type": "Streaming(type: BROADCAST dop: 16/16)", "Parent Relationship": "Outer", "Startup Cost": 50343.26, "Total Cost": 139393.26, "Plan Rows": 3823280, "Plan Width": 12, "Actual Min Startup Time": 583.429, "Actual Max Startup Time": 675.301, "Actual Min Total Time": 584.463, "Actual Max Total Time": 676.356, "Actual Total Rows": 11056, "Plans": [{"Node Type": "Hash Join", "Parent Relationship": "Outer", "Join Type": "Inner", "Startup Cost": 50343.26, "Total Cost": 114685.71, "Plan Rows": 238955, "Plan Width": 12, "Actual Min Startup Time": 94.677, "Actual Max Startup Time": 529.454, "Actual Min Total Time": 684.441, "Actual Max Total Time": 718.486, "Actual Total Rows": 691, "Inner Unique": true, "Hash Cond": "(mc.company_type_id = ct.id), (LLVM Optimized, Jit Execute)", "Plans": [{"Node Type": "Hash Join", "Parent Relationship": "Outer", "Join Type": "Inner", "Startup Cost": 35341.87, "Total Cost": 99422.95, "Plan Rows": 477912, "Plan Width": 16, "Actual Min Startup Time": 93.373, "Actual Max Startup Time": 127.409, "Actual Min Total Time": 681.733, "Actual Max Total Time": 715.896, "Actual Total Rows": 294926, "Inner Unique": false, "Hash Cond": "(mi.movie_id = mc.movie_id), (LLVM Optimized, Jit Execute)", "Plans": [{"Node Type": "Streaming(type: LOCAL REDISTRIBUTE dop: 16/16)", "Parent Relationship": "Outer", "Startup Cost": 0.0, "Total Cost": 62931.17, "Plan Rows": 726375, "Plan Width": 8, "Actual Min Startup Time": 0.061, "Actual Max Startup Time": 0.447, "Actual Min Total Time": 573.563, "Actual Max Total Time": 574.841, "Actual Total Rows": 706674, "Plans": [{"Node Type": "Seq Scan", "Parent Relationship": "Outer", "Relation Name": "movie_info", "Alias": "mi", "Startup Cost": 0.0, "Total Cost": 45178.89, "Plan Rows": 726375, "Plan Width": 8, "Actual Min Startup Time": 0.038, "Actual Max Startup Time": 3.334, "Actual Min Total Time": 506.504, "Actual Max Total Time": 539.56, "Actual Total Rows": 706674, "Filter": "((info)::text = ANY ('{Sweden,Norway,Germany,Denmark,Swedish,Denish,Norwegian,German,USA,American}'::text[]))", "Rows Removed by Filter": 14129045}]}, {"Node Type": "Hash", "Parent Relationship": "Inner", "Startup Cost": 35014.87, "Total Cost": 35014.87, "Plan Rows": 418557, "Plan Width": 8, "Actual Min Startup Time": 93.087, "Actual Max Startup Time": 127.139, "Actual Min Total Time": 93.087, "Actual Max Total Time": 127.139, "Actual Total Rows": 295628, "Max Hash Buckets": 32768, "Min Hash Buckets": 32768, "Max Hash Batches": 1, "Min Hash Batches": 1, "Max Original Hash Batches": 1, "Min Original Hash Batches": 1, "Max Peak Memory Usage": 722, "min Peak Memory Usage": 722, "Plans": [{"Node Type": "Streaming(type: LOCAL REDISTRIBUTE dop: 16/16)", "Parent Relationship": "Outer", "Startup Cost": 0.0, "Total Cost": 35014.87, "Plan Rows": 418557, "Plan Width": 8, "Actual Min Startup Time": 0.047, "Actual Max Startup Time": 32.451, "Actual Min Total Time": 88.343, "Actual Max Total Time": 122.427, "Actual Total Rows": 295628, "Plans": [{"Node Type": "Seq Scan", "Parent Relationship": "Outer", "Relation Name": "movie_companies", "Alias": "mc", "Startup Cost": 0.0, "Total Cost": 18428.93, "Plan Rows": 418557, "Plan Width": 8, "Actual Min Startup Time": 0.042, "Actual Max Startup Time": 0.307, "Actual Min Total Time": 71.102, "Actual Max Total Time": 78.494, "Actual Total Rows": 295628, "Filter": "(((note)::text !~~ '%(TV)%'::text) AND ((note)::text ~~ '%(USA)%'::text)), (LLVM Optimized, Jit Execute)", "Rows Removed by Filter": 2313500}]}]}]}, {"Node Type": "Hash", "Parent Relationship": "Inner", "Startup Cost": 15001.38, "Total Cost": 15001.38, "Plan Rows": 16, "Plan Width": 4, "Actual Min Startup Time": 0.006, "Actual Max Startup Time": 0.019, "Actual Min Total Time": 0.006, "Actual Max Total Time": 0.019, "Actual Total Rows": 16, "Max Hash Buckets": 32768, "Min Hash Buckets": 32768, "Max Hash Batches": 1, "Min Hash Batches": 1, "Max Original Hash Batches": 1, "Min Original Hash Batches": 1, "Max Peak Memory Usage": 1, "min Peak Memory Usage": 1, "Plans": [{"Node Type": "Streaming(type: BROADCAST dop: 16/1)", "Parent Relationship": "Outer", "Startup Cost": 0.0, "Total Cost": 15001.38, "Plan Rows": 16, "Plan Width": 4, "Actual Min Startup Time": 0.003, "Actual Max Startup Time": 0.009, "Actual Min Total Time": 0.003, "Actual Max Total Time": 0.01, "Actual Total Rows": 16, "Plans": [{"Node Type": "Seq Scan", "Parent Relationship": "Outer", "Relation Name": "company_type", "Alias": "ct", "Startup Cost": 0.0, "Total Cost": 1.04, "Plan Rows": 1, "Plan Width": 4, "Actual Min Startup Time": 0.035, "Actual Max Startup Time": 0.035, "Actual Min Total Time": 0.039, "Actual Max Total Time": 0.039, "Actual Total Rows": 1, "Filter": "((kind)::text = 'production companies'::text)", "Rows Removed by Filter": 2}]}]}]}]}, {"Node Type": "Hash", "Parent Relationship": "Inner", "Startup Cost": 19149.37, "Total Cost": 19149.37, "Plan Rows": 1748840, "Plan Width": 21, "Actual Min Startup Time": 96.534, "Actual Max Startup Time": 107.264, "Actual Min Total Time": 96.534, "Actual Max Total Time": 107.264, "Actual Total Rows": 1749032, "Max Hash Buckets": 131072, "Min Hash Buckets": 131072, "Max Hash Batches": 1, "Min Hash Batches": 1, "Max Original Hash Batches": 1, "Min Original Hash Batches": 1, "Max Peak Memory Usage": 5962, "min Peak Memory Usage": 5962, "Plans": [{"Node Type": "Seq Scan", "Parent Relationship": "Outer", "Relation Name": "title", "Alias": "t", "Startup Cost": 0.0, "Total Cost": 19149.37, "Plan Rows": 1748840, "Plan Width": 21, "Actual Min Startup Time": 0.023, "Actual Max Startup Time": 0.037, "Actual Min Total Time": 63.539, "Actual Max Total Time": 71.614, "Actual Total Rows": 1749032, "Filter": "(production_year > 1990), (LLVM Optimized, Jit Execute)", "Rows Removed by Filter": 779279}]}]}]}, {"Node Type": "Hash", "Parent Relationship": "Inner", "Startup Cost": 2.12, "Total Cost": 2.12, "Plan Rows": 112, "Plan Width": 4, "Actual Min Startup Time": 0.115, "Actual Max Startup Time": 0.115, "Actual Min Total Time": 0.115, "Actual Max Total Time": 0.115, "Actual Total Rows": 112, "Max Hash Buckets": 32768, "Min Hash Buckets": 32768, "Max Hash Batches": 1, "Min Hash Batches": 1, "Max Original Hash Batches": 1, "Min Original Hash Batches": 1, "Max Peak Memory Usage": 4, "min Peak Memory Usage": 4, "Plans": [{"Node Type": "Index Only Scan", "Parent Relationship": "Outer", "Scan Direction": "Forward", "Index Name": "info_type_pkey", "Relation Name": "info_type", "Alias": "it", "Startup Cost": 0.0, "Total Cost": 2.12, "Plan Rows": 112, "Plan Width": 4, "Actual Min Startup Time": 0.031, "Actual Max Startup Time": 0.031, "Actual Min Total Time": 0.054, "Actual Max Total Time": 0.054, "Actual Total Rows": 112, "Heap Fetches": 0}]}]}]}, "Triggers": [], "Planner Runtime": 22.157, "Total Runtime": 904.787, "Unique SQL Id": 322094867}}, "(16, 73)": {"explain_plan": {"Plan": {"Node Type": "Aggregate", "Strategy": "Plain", "Startup Cost": 502970.41, "Total Cost": 502970.42, "Plan Rows": 1, "Plan Width": 49, "Plans": [{"Node Type": "Hash Join", "Parent Relationship": "Outer", "Join Type": "Inner", "Startup Cost": 103193.32, "Total Cost": 502142.78, "Plan Rows": 331050, "Plan Width": 17, "Inner Unique": true, "Hash Cond": "(mi.info_type_id = it.id), (LLVM Optimized)", "Plans": [{"Node Type": "Nested Loop", "Parent Relationship": "Outer", "Join Type": "Inner", "Startup Cost": 103181.99, "Total Cost": 497761.59, "Plan Rows": 331050, "Plan Width": 21, "Inner Unique": false, "Plans": [{"Node Type": "Hash Join", "Parent Relationship": "Outer", "Join Type": "Inner", "Startup Cost": 103181.99, "Total Cost": 239243.52, "Plan Rows": 289936, "Plan Width": 25, "Inner Unique": true, "Hash Cond": "(mc.company_type_id = ct.id), (LLVM Optimized)", "Plans": [{"Node Type": "Streaming(type: LOCAL GATHER dop: 1/16)", "Parent Relationship": "Outer", "Startup Cost": 103178.9, "Total Cost": 234166.55, "Plan Rows": 579872, "Plan Width": 29, "Plans": [{"Node Type": "Hash Join", "Parent Relationship": "Outer", "Join Type": "Inner", "Startup Cost": 103178.9, "Total Cost": 221651.74, "Plan Rows": 579872, "Plan Width": 29, "Inner Unique": true, "Hash Cond": "(mc.movie_id = t.id), (LLVM Optimized)", "Plans": [{"Node Type": "Streaming(type: BROADCAST dop: 16/16)", "Parent Relationship": "Outer", "Startup Cost": 0.0, "Total Cost": 116540.83, "Plan Rows": 6696912, "Plan Width": 8, "Plans": [{"Node Type": "Index Scan", "Parent Relationship": "Outer", "Scan Direction": "Forward", "Index Name": "company_type_id_movie_companies", "Relation Name": "movie_companies", "Alias": "mc", "Startup Cost": 0.0, "Total Cost": 84536.95, "Plan Rows": 418557, "Plan Width": 8, "Filter": "(((note)::text !~~ '%(TV)%'::text) AND ((note)::text ~~ '%(USA)%'::text)), (LLVM Optimized)"}]}, {"Node Type": "Hash", "Parent Relationship": "Inner", "Startup Cost": 101812.62, "Total Cost": 101812.62, "Plan Rows": 1748840, "Plan Width": 21, "Plans": [{"Node Type": "Index Scan", "Parent Relationship": "Outer", "Scan Direction": "Forward", "Index Name": "title_pkey", "Relation Name": "title", "Alias": "t", "Startup Cost": 0.0, "Total Cost": 101812.62, "Plan Rows": 1748840, "Plan Width": 21, "Filter": "(production_year > 1990), (LLVM Optimized)"}]}]}]}, {"Node Type": "Hash", "Parent Relationship": "Inner", "Startup Cost": 12.3, "Total Cost": 12.3, "Plan Rows": 1, "Plan Width": 4, "Plans": [{"Node Type": "Index Scan", "Parent Relationship": "Outer", "Scan Direction": "Forward", "Index Name": "company_type_pkey", "Relation Name": "company_type", "Alias": "ct", "Startup Cost": 0.0, "Total Cost": 12.3, "Plan Rows": 1, "Plan Width": 4, "Filter": "((kind)::text = 'production companies'::text)"}]}]}, {"Node Type": "Index Scan", "Parent Relationship": "Inner", "Scan Direction": "Forward", "Index Name": "movie_id_movie_info", "Relation Name": "movie_info", "Alias": "mi", "Startup Cost": 0.0, "Total Cost": 0.88, "Plan Rows": 1, "Plan Width": 8, "Index Cond": "(movie_id = t.id)", "Filter": "((info)::text = ANY ('{Sweden,Norway,Germany,Denmark,Swedish,Denish,Norwegian,German,USA,American}'::text[]))"}]}, {"Node Type": "Hash", "Parent Relationship": "Inner", "Startup Cost": 9.93, "Total Cost": 9.93, "Plan Rows": 112, "Plan Width": 4, "Plans": [{"Node Type": "Index Only Scan", "Parent Relationship": "Outer", "Scan Direction": "Forward", "Index Name": "info_type_pkey", "Relation Name": "info_type", "Alias": "it", "Startup Cost": 0.0, "Total Cost": 9.93, "Plan Rows": 112, "Plan Width": 4}]}]}]}, "Unique SQL Id": 322094867}, "explain_analyze_plan": {"Plan": {"Node Type": "Aggregate", "Strategy": "Plain", "Startup Cost": 502970.41, "Total Cost": 502970.42, "Plan Rows": 1, "Plan Width": 49, "Actual Min Startup Time": 1223.111, "Actual Max Startup Time": 1223.111, "Actual Min Total Time": 1223.111, "Actual Max Total Time": 1223.111, "Actual Total Rows": 1, "Plans": [{"Node Type": "Hash Join", "Parent Relationship": "Outer", "Join Type": "Inner", "Startup Cost": 103193.32, "Total Cost": 502142.78, "Plan Rows": 331050, "Plan Width": 17, "Actual Min Startup Time": 386.492, "Actual Max Startup Time": 386.492, "Actual Min Total Time": 1222.691, "Actual Max Total Time": 1222.691, "Actual Total Rows": 669, "Inner Unique": true, "Hash Cond": "(mi.info_type_id = it.id), (LLVM Optimized, Jit Execute)", "Plans": [{"Node Type": "Nested Loop", "Parent Relationship": "Outer", "Join Type": "Inner", "Startup Cost": 103181.99, "Total Cost": 497761.59, "Plan Rows": 331050, "Plan Width": 21, "Actual Min Startup Time": 386.341, "Actual Max Startup Time": 386.341, "Actual Min Total Time": 1222.2, "Actual Max Total Time": 1222.2, "Actual Total Rows": 669, "Inner Unique": false, "Plans": [{"Node Type": "Hash Join", "Parent Relationship": "Outer", "Join Type": "Inner", "Startup Cost": 103181.99, "Total Cost": 239243.52, "Plan Rows": 289936, "Plan Width": 25, "Actual Min Startup Time": 386.224, "Actual Max Startup Time": 386.224, "Actual Min Total Time": 1202.944, "Actual Max Total Time": 1202.944, "Actual Total Rows": 767, "Inner Unique": true, "Hash Cond": "(mc.company_type_id = ct.id), (LLVM Optimized, Jit Execute)", "Plans": [{"Node Type": "Streaming(type: LOCAL GATHER dop: 1/16)", "Parent Relationship": "Outer", "Startup Cost": 103178.9, "Total Cost": 234166.55, "Plan Rows": 579872, "Plan Width": 29, "Actual Min Startup Time": 386.126, "Actual Max Startup Time": 386.126, "Actual Min Total Time": 1186.16, "Actual Max Total Time": 1186.16, "Actual Total Rows": 105501, "Plans": [{"Node Type": "Hash Join", "Parent Relationship": "Outer", "Join Type": "Inner", "Startup Cost": 103178.9, "Total Cost": 221651.74, "Plan Rows": 579872, "Plan Width": 29, "Actual Min Startup Time": 284.768, "Actual Max Startup Time": 329.208, "Actual Min Total Time": 1104.702, "Actual Max Total Time": 1126.285, "Actual Total Rows": 105501, "Inner Unique": true, "Hash Cond": "(mc.movie_id = t.id), (LLVM Optimized, Jit Execute)", "Plans": [{"Node Type": "Streaming(type: BROADCAST dop: 16/16)", "Parent Relationship": "Outer", "Startup Cost": 0.0, "Total Cost": 116540.83, "Plan Rows": 6696912, "Plan Width": 8, "Actual Min Startup Time": 0.049, "Actual Max Startup Time": 0.068, "Actual Min Total Time": 716.84, "Actual Max Total Time": 756.417, "Actual Total Rows": 4730048, "Plans": [{"Node Type": "Index Scan", "Parent Relationship": "Outer", "Scan Direction": "Forward", "Index Name": "company_type_id_movie_companies", "Relation Name": "movie_companies", "Alias": "mc", "Startup Cost": 0.0, "Total Cost": 84536.95, "Plan Rows": 418557, "Plan Width": 8, "Actual Min Startup Time": 0.052, "Actual Max Startup Time": 40.281, "Actual Min Total Time": 74.818, "Actual Max Total Time": 181.308, "Actual Total Rows": 295628, "Filter": "(((note)::text !~~ '%(TV)%'::text) AND ((note)::text ~~ '%(USA)%'::text)), (LLVM Optimized, Jit Execute)", "Rows Removed by Filter": 2313500}]}, {"Node Type": "Hash", "Parent Relationship": "Inner", "Startup Cost": 101812.62, "Total Cost": 101812.62, "Plan Rows": 1748840, "Plan Width": 21, "Actual Min Startup Time": 284.2, "Actual Max Startup Time": 328.607, "Actual Min Total Time": 284.2, "Actual Max Total Time": 328.607, "Actual Total Rows": 1749032, "Max Hash Buckets": 131072, "Min Hash Buckets": 131072, "Max Hash Batches": 1, "Min Hash Batches": 1, "Max Original Hash Batches": 1, "Min Original Hash Batches": 1, "Max Peak Memory Usage": 6766, "min Peak Memory Usage": 6766, "Plans": [{"Node Type": "Index Scan", "Parent Relationship": "Outer", "Scan Direction": "Forward", "Index Name": "title_pkey", "Relation Name": "title", "Alias": "t", "Startup Cost": 0.0, "Total Cost": 101812.62, "Plan Rows": 1748840, "Plan Width": 21, "Actual Min Startup Time": 8.301, "Actual Max Startup Time": 18.326, "Actual Min Total Time": 245.846, "Actual Max Total Time": 282.505, "Actual Total Rows": 1749032, "Filter": "(production_year > 1990), (LLVM Optimized, Jit Execute)", "Rows Removed by Filter": 779279}]}]}]}, {"Node Type": "Hash", "Parent Relationship": "Inner", "Startup Cost": 12.3, "Total Cost": 12.3, "Plan Rows": 1, "Plan Width": 4, "Actual Min Startup Time": 0.044, "Actual Max Startup Time": 0.044, "Actual Min Total Time": 0.044, "Actual Max Total Time": 0.044, "Actual Total Rows": 1, "Max Hash Buckets": 32768, "Min Hash Buckets": 32768, "Max Hash Batches": 1, "Min Hash Batches": 1, "Max Original Hash Batches": 1, "Min Original Hash Batches": 1, "Max Peak Memory Usage": 1, "min Peak Memory Usage": 1, "Plans": [{"Node Type": "Index Scan", "Parent Relationship": "Outer", "Scan Direction": "Forward", "Index Name": "company_type_pkey", "Relation Name": "company_type", "Alias": "ct", "Startup Cost": 0.0, "Total Cost": 12.3, "Plan Rows": 1, "Plan Width": 4, "Actual Min Startup Time": 0.033, "Actual Max Startup Time": 0.033, "Actual Min Total Time": 0.036, "Actual Max Total Time": 0.036, "Actual Total Rows": 1, "Filter": "((kind)::text = 'production companies'::text)", "Rows Removed by Filter": 2}]}]}, {"Node Type": "Index Scan", "Parent Relationship": "Inner", "Scan Direction": "Forward", "Index Name": "movie_id_movie_info", "Relation Name": "movie_info", "Alias": "mi", "Startup Cost": 0.0, "Total Cost": 0.88, "Plan Rows": 1, "Plan Width": 8, "Actual Min Startup Time": 16.234, "Actual Max Startup Time": 16.234, "Actual Min Total Time": 18.546, "Actual Max Total Time": 18.546, "Actual Total Rows": 669, "Index Cond": "(movie_id = t.id)", "Rows Removed by Index Recheck": 0, "Filter": "((info)::text = ANY ('{Sweden,Norway,Germany,Denmark,Swedish,Denish,Norwegian,German,USA,American}'::text[]))", "Rows Removed by Filter": 7721}]}, {"Node Type": "Hash", "Parent Relationship": "Inner", "Startup Cost": 9.93, "Total Cost": 9.93, "Plan Rows": 112, "Plan Width": 4, "Actual Min Startup Time": 0.093, "Actual Max Startup Time": 0.093, "Actual Min Total Time": 0.093, "Actual Max Total Time": 0.093, "Actual Total Rows": 112, "Max Hash Buckets": 32768, "Min Hash Buckets": 32768, "Max Hash Batches": 1, "Min Hash Batches": 1, "Max Original Hash Batches": 1, "Min Original Hash Batches": 1, "Max Peak Memory Usage": 4, "min Peak Memory Usage": 4, "Plans": [{"Node Type": "Index Only Scan", "Parent Relationship": "Outer", "Scan Direction": "Forward", "Index Name": "info_type_pkey", "Relation Name": "info_type", "Alias": "it", "Startup Cost": 0.0, "Total Cost": 9.93, "Plan Rows": 112, "Plan Width": 4, "Actual Min Startup Time": 0.022, "Actual Max Startup Time": 0.022, "Actual Min Total Time": 0.046, "Actual Max Total Time": 0.046, "Actual Total Rows": 112, "Heap Fetches": 0}]}]}]}, "Triggers": [], "Planner Runtime": 14.746, "Total Runtime": 1239.16, "Unique SQL Id": 322094867}}, "(16, 74)": {"explain_plan": {"Plan": {"Node Type": "Aggregate", "Strategy": "Plain", "Startup Cost": 173539.71, "Total Cost": 173539.72, "Plan Rows": 1, "Plan Width": 49, "Plans": [{"Node Type": "Hash Join", "Parent Relationship": "Outer", "Join Type": "Inner", "Startup Cost": 70862.43, "Total Cost": 172712.09, "Plan Rows": 331050, "Plan Width": 17, "Inner Unique": true, "Hash Cond": "(mi.info_type_id = it.id), (LLVM Optimized)", "Plans": [{"Node Type": "Streaming(type: LOCAL GATHER dop: 1/16)", "Parent Relationship": "Outer", "Startup Cost": 70858.91, "Total Cost": 168156.63, "Plan Rows": 331050, "Plan Width": 21, "Plans": [{"Node Type": "Hash Join", "Parent Relationship": "Outer", "Join Type": "Inner", "Startup Cost": 70858.91, "Total Cost": 161011.9, "Plan Rows": 331050, "Plan Width": 21, "Inner Unique": true, "Hash Cond": "(mi.movie_id = t.id), (LLVM Optimized)", "Plans": [{"Node Type": "Streaming(type: BROADCAST dop: 16/16)", "Parent Relationship": "Outer", "Startup Cost": 50343.26, "Total Cost": 139393.26, "Plan Rows": 3823280, "Plan Width": 12, "Plans": [{"Node Type": "Hash Join", "Parent Relationship": "Outer", "Join Type": "Inner", "Startup Cost": 50343.26, "Total Cost": 114685.71, "Plan Rows": 238955, "Plan Width": 12, "Inner Unique": true, "Hash Cond": "(mc.company_type_id = ct.id), (LLVM Optimized)", "Plans": [{"Node Type": "Hash Join", "Parent Relationship": "Outer", "Join Type": "Inner", "Startup Cost": 35341.87, "Total Cost": 99422.95, "Plan Rows": 477912, "Plan Width": 16, "Inner Unique": false, "Hash Cond": "(mi.movie_id = mc.movie_id), (LLVM Optimized)", "Plans": [{"Node Type": "Streaming(type: LOCAL REDISTRIBUTE dop: 16/16)", "Parent Relationship": "Outer", "Startup Cost": 0.0, "Total Cost": 62931.17, "Plan Rows": 726375, "Plan Width": 8, "Plans": [{"Node Type": "Seq Scan", "Parent Relationship": "Outer", "Relation Name": "movie_info", "Alias": "mi", "Startup Cost": 0.0, "Total Cost": 45178.89, "Plan Rows": 726375, "Plan Width": 8, "Filter": "((info)::text = ANY ('{Sweden,Norway,Germany,Denmark,Swedish,Denish,Norwegian,German,USA,American}'::text[]))"}]}, {"Node Type": "Hash", "Parent Relationship": "Inner", "Startup Cost": 35014.87, "Total Cost": 35014.87, "Plan Rows": 418557, "Plan Width": 8, "Plans": [{"Node Type": "Streaming(type: LOCAL REDISTRIBUTE dop: 16/16)", "Parent Relationship": "Outer", "Startup Cost": 0.0, "Total Cost": 35014.87, "Plan Rows": 418557, "Plan Width": 8, "Plans": [{"Node Type": "Seq Scan", "Parent Relationship": "Outer", "Relation Name": "movie_companies", "Alias": "mc", "Startup Cost": 0.0, "Total Cost": 18428.93, "Plan Rows": 418557, "Plan Width": 8, "Filter": "(((note)::text !~~ '%(TV)%'::text) AND ((note)::text ~~ '%(USA)%'::text)), (LLVM Optimized)"}]}]}]}, {"Node Type": "Hash", "Parent Relationship": "Inner", "Startup Cost": 15001.38, "Total Cost": 15001.38, "Plan Rows": 16, "Plan Width": 4, "Plans": [{"Node Type": "Streaming(type: BROADCAST dop: 16/1)", "Parent Relationship": "Outer", "Startup Cost": 0.0, "Total Cost": 15001.38, "Plan Rows": 16, "Plan Width": 4, "Plans": [{"Node Type": "Seq Scan", "Parent Relationship": "Outer", "Relation Name": "company_type", "Alias": "ct", "Startup Cost": 0.0, "Total Cost": 1.04, "Plan Rows": 1, "Plan Width": 4, "Filter": "((kind)::text = 'production companies'::text)"}]}]}]}]}, {"Node Type": "Hash", "Parent Relationship": "Inner", "Startup Cost": 19149.37, "Total Cost": 19149.37, "Plan Rows": 1748840, "Plan Width": 21, "Plans": [{"Node Type": "Seq Scan", "Parent Relationship": "Outer", "Relation Name": "title", "Alias": "t", "Startup Cost": 0.0, "Total Cost": 19149.37, "Plan Rows": 1748840, "Plan Width": 21, "Filter": "(production_year > 1990), (LLVM Optimized)"}]}]}]}, {"Node Type": "Hash", "Parent Relationship": "Inner", "Startup Cost": 2.12, "Total Cost": 2.12, "Plan Rows": 112, "Plan Width": 4, "Plans": [{"Node Type": "Seq Scan", "Parent Relationship": "Outer", "Relation Name": "info_type", "Alias": "it", "Startup Cost": 0.0, "Total Cost": 2.12, "Plan Rows": 112, "Plan Width": 4}]}]}]}, "Unique SQL Id": 322094867}, "explain_analyze_plan": {"Plan": {"Node Type": "Aggregate", "Strategy": "Plain", "Startup Cost": 173539.71, "Total Cost": 173539.72, "Plan Rows": 1, "Plan Width": 49, "Actual Min Startup Time": 882.09, "Actual Max Startup Time": 882.09, "Actual Min Total Time": 882.09, "Actual Max Total Time": 882.09, "Actual Total Rows": 1, "Plans": [{"Node Type": "Hash Join", "Parent Relationship": "Outer", "Join Type": "Inner", "Startup Cost": 70862.43, "Total Cost": 172712.09, "Plan Rows": 331050, "Plan Width": 17, "Actual Min Startup Time": 881.426, "Actual Max Startup Time": 881.426, "Actual Min Total Time": 881.87, "Actual Max Total Time": 881.87, "Actual Total Rows": 669, "Inner Unique": true, "Hash Cond": "(mi.info_type_id = it.id), (LLVM Optimized)", "Plans": [{"Node Type": "Streaming(type: LOCAL GATHER dop: 1/16)", "Parent Relationship": "Outer", "Startup Cost": 70858.91, "Total Cost": 168156.63, "Plan Rows": 331050, "Plan Width": 21, "Actual Min Startup Time": 881.224, "Actual Max Startup Time": 881.224, "Actual Min Total Time": 881.408, "Actual Max Total Time": 881.408, "Actual Total Rows": 669, "Plans": [{"Node Type": "Hash Join", "Parent Relationship": "Outer", "Join Type": "Inner", "Startup Cost": 70858.91, "Total Cost": 161011.9, "Plan Rows": 331050, "Plan Width": 21, "Actual Min Startup Time": 690.477, "Actual Max Startup Time": 755.388, "Actual Min Total Time": 690.979, "Actual Max Total Time": 756.212, "Actual Total Rows": 669, "Inner Unique": true, "Hash Cond": "(mi.movie_id = t.id), (LLVM Optimized)", "Plans": [{"Node Type": "Streaming(type: BROADCAST dop: 16/16)", "Parent Relationship": "Outer", "Startup Cost": 50343.26, "Total Cost": 139393.26, "Plan Rows": 3823280, "Plan Width": 12, "Actual Min Startup Time": 590.564, "Actual Max Startup Time": 654.095, "Actual Min Total Time": 590.798, "Actual Max Total Time": 654.526, "Actual Total Rows": 11056, "Plans": [{"Node Type": "Hash Join", "Parent Relationship": "Outer", "Join Type": "Inner", "Startup Cost": 50343.26, "Total Cost": 114685.71, "Plan Rows": 238955, "Plan Width": 12, "Actual Min Startup Time": 126.219, "Actual Max Startup Time": 549.608, "Actual Min Total Time": 688.334, "Actual Max Total Time": 748.889, "Actual Total Rows": 691, "Inner Unique": true, "Hash Cond": "(mc.company_type_id = ct.id), (LLVM Optimized)", "Plans": [{"Node Type": "Hash Join", "Parent Relationship": "Outer", "Join Type": "Inner", "Startup Cost": 35341.87, "Total Cost": 99422.95, "Plan Rows": 477912, "Plan Width": 16, "Actual Min Startup Time": 90.346, "Actual Max Startup Time": 151.051, "Actual Min Total Time": 685.75, "Actual Max Total Time": 746.227, "Actual Total Rows": 294926, "Inner Unique": false, "Hash Cond": "(mi.movie_id = mc.movie_id), (LLVM Optimized)", "Plans": [{"Node Type": "Streaming(type: LOCAL REDISTRIBUTE dop: 16/16)", "Parent Relationship": "Outer", "Startup Cost": 0.0, "Total Cost": 62931.17, "Plan Rows": 726375, "Plan Width": 8, "Actual Min Startup Time": 0.063, "Actual Max Startup Time": 0.422, "Actual Min Total Time": 580.509, "Actual Max Total Time": 581.815, "Actual Total Rows": 706674, "Plans": [{"Node Type": "Seq Scan", "Parent Relationship": "Outer", "Relation Name": "movie_info", "Alias": "mi", "Startup Cost": 0.0, "Total Cost": 45178.89, "Plan Rows": 726375, "Plan Width": 8, "Actual Min Startup Time": 0.037, "Actual Max Startup Time": 3.311, "Actual Min Total Time": 506.795, "Actual Max Total Time": 551.798, "Actual Total Rows": 706674, "Filter": "((info)::text = ANY ('{Sweden,Norway,Germany,Denmark,Swedish,Denish,Norwegian,German,USA,American}'::text[]))", "Rows Removed by Filter": 14129045}]}, {"Node Type": "Hash", "Parent Relationship": "Inner", "Startup Cost": 35014.87, "Total Cost": 35014.87, "Plan Rows": 418557, "Plan Width": 8, "Actual Min Startup Time": 90.201, "Actual Max Startup Time": 150.767, "Actual Min Total Time": 90.201, "Actual Max Total Time": 150.767, "Actual Total Rows": 295628, "Max Hash Buckets": 32768, "Min Hash Buckets": 32768, "Max Hash Batches": 1, "Min Hash Batches": 1, "Max Original Hash Batches": 1, "Min Original Hash Batches": 1, "Max Peak Memory Usage": 722, "min Peak Memory Usage": 722, "Plans": [{"Node Type": "Streaming(type: LOCAL REDISTRIBUTE dop: 16/16)", "Parent Relationship": "Outer", "Startup Cost": 0.0, "Total Cost": 35014.87, "Plan Rows": 418557, "Plan Width": 8, "Actual Min Startup Time": 0.045, "Actual Max Startup Time": 44.925, "Actual Min Total Time": 85.467, "Actual Max Total Time": 146.017, "Actual Total Rows": 295628, "Plans": [{"Node Type": "Seq Scan", "Parent Relationship": "Outer", "Relation Name": "movie_companies", "Alias": "mc", "Startup Cost": 0.0, "Total Cost": 18428.93, "Plan Rows": 418557, "Plan Width": 8, "Actual Min Startup Time": 0.045, "Actual Max Startup Time": 0.318, "Actual Min Total Time": 71.182, "Actual Max Total Time": 78.657, "Actual Total Rows": 295628, "Filter": "(((note)::text !~~ '%(TV)%'::text) AND ((note)::text ~~ '%(USA)%'::text)), (LLVM Optimized)", "Rows Removed by Filter": 2313500}]}]}]}, {"Node Type": "Hash", "Parent Relationship": "Inner", "Startup Cost": 15001.38, "Total Cost": 15001.38, "Plan Rows": 16, "Plan Width": 4, "Actual Min Startup Time": 0.006, "Actual Max Startup Time": 0.019, "Actual Min Total Time": 0.006, "Actual Max Total Time": 0.019, "Actual Total Rows": 16, "Max Hash Buckets": 32768, "Min Hash Buckets": 32768, "Max Hash Batches": 1, "Min Hash Batches": 1, "Max Original Hash Batches": 1, "Min Original Hash Batches": 1, "Max Peak Memory Usage": 1, "min Peak Memory Usage": 1, "Plans": [{"Node Type": "Streaming(type: BROADCAST dop: 16/1)", "Parent Relationship": "Outer", "Startup Cost": 0.0, "Total Cost": 15001.38, "Plan Rows": 16, "Plan Width": 4, "Actual Min Startup Time": 0.003, "Actual Max Startup Time": 0.008, "Actual Min Total Time": 0.004, "Actual Max Total Time": 0.009, "Actual Total Rows": 16, "Plans": [{"Node Type": "Seq Scan", "Parent Relationship": "Outer", "Relation Name": "company_type", "Alias": "ct", "Startup Cost": 0.0, "Total Cost": 1.04, "Plan Rows": 1, "Plan Width": 4, "Actual Min Startup Time": 0.034, "Actual Max Startup Time": 0.034, "Actual Min Total Time": 0.037, "Actual Max Total Time": 0.037, "Actual Total Rows": 1, "Filter": "((kind)::text = 'production companies'::text)", "Rows Removed by Filter": 2}]}]}]}]}, {"Node Type": "Hash", "Parent Relationship": "Inner", "Startup Cost": 19149.37, "Total Cost": 19149.37, "Plan Rows": 1748840, "Plan Width": 21, "Actual Min Startup Time": 96.519, "Actual Max Startup Time": 102.215, "Actual Min Total Time": 96.519, "Actual Max Total Time": 102.215, "Actual Total Rows": 1749032, "Max Hash Buckets": 131072, "Min Hash Buckets": 131072, "Max Hash Batches": 1, "Min Hash Batches": 1, "Max Original Hash Batches": 1, "Min Original Hash Batches": 1, "Max Peak Memory Usage": 5962, "min Peak Memory Usage": 5962, "Plans": [{"Node Type": "Seq Scan", "Parent Relationship": "Outer", "Relation Name": "title", "Alias": "t", "Startup Cost": 0.0, "Total Cost": 19149.37, "Plan Rows": 1748840, "Plan Width": 21, "Actual Min Startup Time": 0.023, "Actual Max Startup Time": 0.032, "Actual Min Total Time": 63.637, "Actual Max Total Time": 68.547, "Actual Total Rows": 1749032, "Filter": "(production_year > 1990), (LLVM Optimized)", "Rows Removed by Filter": 779279}]}]}]}, {"Node Type": "Hash", "Parent Relationship": "Inner", "Startup Cost": 2.12, "Total Cost": 2.12, "Plan Rows": 112, "Plan Width": 4, "Actual Min Startup Time": 0.121, "Actual Max Startup Time": 0.121, "Actual Min Total Time": 0.121, "Actual Max Total Time": 0.121, "Actual Total Rows": 112, "Max Hash Buckets": 32768, "Min Hash Buckets": 32768, "Max Hash Batches": 1, "Min Hash Batches": 1, "Max Original Hash Batches": 1, "Min Original Hash Batches": 1, "Max Peak Memory Usage": 4, "min Peak Memory Usage": 4, "Plans": [{"Node Type": "Seq Scan", "Parent Relationship": "Outer", "Relation Name": "info_type", "Alias": "it", "Startup Cost": 0.0, "Total Cost": 2.12, "Plan Rows": 112, "Plan Width": 4, "Actual Min Startup Time": 0.05, "Actual Max Startup Time": 0.05, "Actual Min Total Time": 0.07, "Actual Max Total Time": 0.07, "Actual Total Rows": 112}]}]}]}, "Triggers": [], "Planner Runtime": 21.316, "Total Runtime": 905.003, "Unique SQL Id": 322094867}}, "(16, 75)": {"explain_plan": {"Plan": {"Node Type": "Aggregate", "Strategy": "Plain", "Startup Cost": 4999016304359.37, "Total Cost": 4999016304359.38, "Plan Rows": 1, "Plan Width": 49, "Plans": [{"Node Type": "Hash Join", "Parent Relationship": "Outer", "Join Type": "Inner", "Startup Cost": 2030041467581.55, "Total Cost": 4999016303531.75, "Plan Rows": 331050, "Plan Width": 17, "Inner Unique": true, "Hash Cond": "(mi.info_type_id = it.id), (LLVM Optimized)", "Plans": [{"Node Type": "Hash Join", "Parent Relationship": "Outer", "Join Type": "Inner", "Startup Cost": 1030041466587.15, "Total Cost": 3999016297985.41, "Plan Rows": 331050, "Plan Width": 21, "Inner Unique": true, "Hash Cond": "(mc.company_type_id = ct.id), (LLVM Optimized)", "Plans": [{"Node Type": "Merge Join", "Parent Relationship": "Outer", "Join Type": "Inner", "Startup Cost": 30041465356.89, "Total Cost": 2999016291785.23, "Plan Rows": 662103, "Plan Width": 25, "Inner Unique": true, "Merge Cond": "(mi.movie_id = t.id)", "Plans": [{"Node Type": "Merge Join", "Parent Relationship": "Outer", "Join Type": "Inner", "Startup Cost": 20016557124.84, "Total Cost": 1999706028641.27, "Plan Rows": 477912, "Plan Width": 16, "Inner Unique": false, "Merge Cond": "(mc.movie_id = mi.movie_id)", "Plans": [{"Node Type": "Index Scan", "Parent Relationship": "Outer", "Scan Direction": "Forward", "Index Name": "movie_id_movie_companies", "Relation Name": "movie_companies", "Alias": "mc", "Startup Cost": 10000000000.0, "Total Cost": 1000014356510.13, "Plan Rows": 418557, "Plan Width": 8, "Filter": "(((note)::text !~~ '%(TV)%'::text) AND ((note)::text ~~ '%(USA)%'::text)), (LLVM Optimized)"}, {"Node Type": "Index Scan", "Parent Relationship": "Inner", "Scan Direction": "Forward", "Index Name": "movie_id_movie_info", "Relation Name": "movie_info", "Alias": "mi", "Startup Cost": 10000000000.0, "Total Cost": 1000122404369.72, "Plan Rows": 726375, "Plan Width": 8, "Filter": "((info)::text = ANY ('{Sweden,Norway,Germany,Denmark,Swedish,Denish,Norwegian,German,USA,American}'::text[]))"}]}, {"Node Type": "Index Scan", "Parent Relationship": "Inner", "Scan Direction": "Forward", "Index Name": "title_pkey", "Relation Name": "title", "Alias": "t", "Startup Cost": 10000000000.0, "Total Cost": 1000011644126.66, "Plan Rows": 1748840, "Plan Width": 21, "Filter": "(production_year > 1990), (LLVM Optimized)"}]}, {"Node Type": "Hash", "Parent Relationship": "Inner", "Startup Cost": 1000000001230.25, "Total Cost": 1000000001230.25, "Plan Rows": 1, "Plan Width": 4, "Plans": [{"Node Type": "Index Scan", "Parent Relationship": "Outer", "Scan Direction": "Forward", "Index Name": "company_type_pkey", "Relation Name": "company_type", "Alias": "ct", "Startup Cost": 10000000000.0, "Total Cost": 1000000001230.25, "Plan Rows": 1, "Plan Width": 4, "Filter": "((kind)::text = 'production companies'::text)"}]}]}, {"Node Type": "Hash", "Parent Relationship": "Inner", "Startup Cost": 1000000000993.0, "Total Cost": 1000000000993.0, "Plan Rows": 112, "Plan Width": 4, "Plans": [{"Node Type": "Index Only Scan", "Parent Relationship": "Outer", "Scan Direction": "Forward", "Index Name": "info_type_pkey", "Relation Name": "info_type", "Alias": "it", "Startup Cost": 10000000000.0, "Total Cost": 1000000000993.0, "Plan Rows": 112, "Plan Width": 4}]}]}]}, "Unique SQL Id": 322094867}, "explain_analyze_plan": null}, "(16, 76)": {"explain_plan": {"Plan": {"Node Type": "Aggregate", "Strategy": "Plain", "Startup Cost": 173539.71, "Total Cost": 173539.72, "Plan Rows": 1, "Plan Width": 49, "Plans": [{"Node Type": "Hash Join", "Parent Relationship": "Outer", "Join Type": "Inner", "Startup Cost": 70862.43, "Total Cost": 172712.09, "Plan Rows": 331050, "Plan Width": 17, "Inner Unique": true, "Hash Cond": "(mi.info_type_id = it.id), (LLVM Optimized)", "Plans": [{"Node Type": "Streaming(type: LOCAL GATHER dop: 1/16)", "Parent Relationship": "Outer", "Startup Cost": 70858.91, "Total Cost": 168156.63, "Plan Rows": 331050, "Plan Width": 21, "Plans": [{"Node Type": "Hash Join", "Parent Relationship": "Outer", "Join Type": "Inner", "Startup Cost": 70858.91, "Total Cost": 161011.9, "Plan Rows": 331050, "Plan Width": 21, "Inner Unique": true, "Hash Cond": "(mi.movie_id = t.id), (LLVM Optimized)", "Plans": [{"Node Type": "Streaming(type: BROADCAST dop: 16/16)", "Parent Relationship": "Outer", "Startup Cost": 50343.26, "Total Cost": 139393.26, "Plan Rows": 3823280, "Plan Width": 12, "Plans": [{"Node Type": "Hash Join", "Parent Relationship": "Outer", "Join Type": "Inner", "Startup Cost": 50343.26, "Total Cost": 114685.71, "Plan Rows": 238955, "Plan Width": 12, "Inner Unique": true, "Hash Cond": "(mc.company_type_id = ct.id), (LLVM Optimized)", "Plans": [{"Node Type": "Hash Join", "Parent Relationship": "Outer", "Join Type": "Inner", "Startup Cost": 35341.87, "Total Cost": 99422.95, "Plan Rows": 477912, "Plan Width": 16, "Inner Unique": false, "Hash Cond": "(mi.movie_id = mc.movie_id), (LLVM Optimized)", "Plans": [{"Node Type": "Streaming(type: LOCAL REDISTRIBUTE dop: 16/16)", "Parent Relationship": "Outer", "Startup Cost": 0.0, "Total Cost": 62931.17, "Plan Rows": 726375, "Plan Width": 8, "Plans": [{"Node Type": "Seq Scan", "Parent Relationship": "Outer", "Relation Name": "movie_info", "Alias": "mi", "Startup Cost": 0.0, "Total Cost": 45178.89, "Plan Rows": 726375, "Plan Width": 8, "Filter": "((info)::text = ANY ('{Sweden,Norway,Germany,Denmark,Swedish,Denish,Norwegian,German,USA,American}'::text[]))"}]}, {"Node Type": "Hash", "Parent Relationship": "Inner", "Startup Cost": 35014.87, "Total Cost": 35014.87, "Plan Rows": 418557, "Plan Width": 8, "Plans": [{"Node Type": "Streaming(type: LOCAL REDISTRIBUTE dop: 16/16)", "Parent Relationship": "Outer", "Startup Cost": 0.0, "Total Cost": 35014.87, "Plan Rows": 418557, "Plan Width": 8, "Plans": [{"Node Type": "Seq Scan", "Parent Relationship": "Outer", "Relation Name": "movie_companies", "Alias": "mc", "Startup Cost": 0.0, "Total Cost": 18428.93, "Plan Rows": 418557, "Plan Width": 8, "Filter": "(((note)::text !~~ '%(TV)%'::text) AND ((note)::text ~~ '%(USA)%'::text)), (LLVM Optimized)"}]}]}]}, {"Node Type": "Hash", "Parent Relationship": "Inner", "Startup Cost": 15001.38, "Total Cost": 15001.38, "Plan Rows": 16, "Plan Width": 4, "Plans": [{"Node Type": "Streaming(type: BROADCAST dop: 16/1)", "Parent Relationship": "Outer", "Startup Cost": 0.0, "Total Cost": 15001.38, "Plan Rows": 16, "Plan Width": 4, "Plans": [{"Node Type": "Seq Scan", "Parent Relationship": "Outer", "Relation Name": "company_type", "Alias": "ct", "Startup Cost": 0.0, "Total Cost": 1.04, "Plan Rows": 1, "Plan Width": 4, "Filter": "((kind)::text = 'production companies'::text)"}]}]}]}]}, {"Node Type": "Hash", "Parent Relationship": "Inner", "Startup Cost": 19149.37, "Total Cost": 19149.37, "Plan Rows": 1748840, "Plan Width": 21, "Plans": [{"Node Type": "Seq Scan", "Parent Relationship": "Outer", "Relation Name": "title", "Alias": "t", "Startup Cost": 0.0, "Total Cost": 19149.37, "Plan Rows": 1748840, "Plan Width": 21, "Filter": "(production_year > 1990), (LLVM Optimized)"}]}]}]}, {"Node Type": "Hash", "Parent Relationship": "Inner", "Startup Cost": 2.12, "Total Cost": 2.12, "Plan Rows": 112, "Plan Width": 4, "Plans": [{"Node Type": "Seq Scan", "Parent Relationship": "Outer", "Relation Name": "info_type", "Alias": "it", "Startup Cost": 0.0, "Total Cost": 2.12, "Plan Rows": 112, "Plan Width": 4}]}]}]}, "Unique SQL Id": 322094867}, "explain_analyze_plan": {"Plan": {"Node Type": "Aggregate", "Strategy": "Plain", "Startup Cost": 173539.71, "Total Cost": 173539.72, "Plan Rows": 1, "Plan Width": 49, "Actual Min Startup Time": 882.09, "Actual Max Startup Time": 882.09, "Actual Min Total Time": 882.09, "Actual Max Total Time": 882.09, "Actual Total Rows": 1, "Plans": [{"Node Type": "Hash Join", "Parent Relationship": "Outer", "Join Type": "Inner", "Startup Cost": 70862.43, "Total Cost": 172712.09, "Plan Rows": 331050, "Plan Width": 17, "Actual Min Startup Time": 881.426, "Actual Max Startup Time": 881.426, "Actual Min Total Time": 881.87, "Actual Max Total Time": 881.87, "Actual Total Rows": 669, "Inner Unique": true, "Hash Cond": "(mi.info_type_id = it.id), (LLVM Optimized)", "Plans": [{"Node Type": "Streaming(type: LOCAL GATHER dop: 1/16)", "Parent Relationship": "Outer", "Startup Cost": 70858.91, "Total Cost": 168156.63, "Plan Rows": 331050, "Plan Width": 21, "Actual Min Startup Time": 881.224, "Actual Max Startup Time": 881.224, "Actual Min Total Time": 881.408, "Actual Max Total Time": 881.408, "Actual Total Rows": 669, "Plans": [{"Node Type": "Hash Join", "Parent Relationship": "Outer", "Join Type": "Inner", "Startup Cost": 70858.91, "Total Cost": 161011.9, "Plan Rows": 331050, "Plan Width": 21, "Actual Min Startup Time": 690.477, "Actual Max Startup Time": 755.388, "Actual Min Total Time": 690.979, "Actual Max Total Time": 756.212, "Actual Total Rows": 669, "Inner Unique": true, "Hash Cond": "(mi.movie_id = t.id), (LLVM Optimized)", "Plans": [{"Node Type": "Streaming(type: BROADCAST dop: 16/16)", "Parent Relationship": "Outer", "Startup Cost": 50343.26, "Total Cost": 139393.26, "Plan Rows": 3823280, "Plan Width": 12, "Actual Min Startup Time": 590.564, "Actual Max Startup Time": 654.095, "Actual Min Total Time": 590.798, "Actual Max Total Time": 654.526, "Actual Total Rows": 11056, "Plans": [{"Node Type": "Hash Join", "Parent Relationship": "Outer", "Join Type": "Inner", "Startup Cost": 50343.26, "Total Cost": 114685.71, "Plan Rows": 238955, "Plan Width": 12, "Actual Min Startup Time": 126.219, "Actual Max Startup Time": 549.608, "Actual Min Total Time": 688.334, "Actual Max Total Time": 748.889, "Actual Total Rows": 691, "Inner Unique": true, "Hash Cond": "(mc.company_type_id = ct.id), (LLVM Optimized)", "Plans": [{"Node Type": "Hash Join", "Parent Relationship": "Outer", "Join Type": "Inner", "Startup Cost": 35341.87, "Total Cost": 99422.95, "Plan Rows": 477912, "Plan Width": 16, "Actual Min Startup Time": 90.346, "Actual Max Startup Time": 151.051, "Actual Min Total Time": 685.75, "Actual Max Total Time": 746.227, "Actual Total Rows": 294926, "Inner Unique": false, "Hash Cond": "(mi.movie_id = mc.movie_id), (LLVM Optimized)", "Plans": [{"Node Type": "Streaming(type: LOCAL REDISTRIBUTE dop: 16/16)", "Parent Relationship": "Outer", "Startup Cost": 0.0, "Total Cost": 62931.17, "Plan Rows": 726375, "Plan Width": 8, "Actual Min Startup Time": 0.063, "Actual Max Startup Time": 0.422, "Actual Min Total Time": 580.509, "Actual Max Total Time": 581.815, "Actual Total Rows": 706674, "Plans": [{"Node Type": "Seq Scan", "Parent Relationship": "Outer", "Relation Name": "movie_info", "Alias": "mi", "Startup Cost": 0.0, "Total Cost": 45178.89, "Plan Rows": 726375, "Plan Width": 8, "Actual Min Startup Time": 0.037, "Actual Max Startup Time": 3.311, "Actual Min Total Time": 506.795, "Actual Max Total Time": 551.798, "Actual Total Rows": 706674, "Filter": "((info)::text = ANY ('{Sweden,Norway,Germany,Denmark,Swedish,Denish,Norwegian,German,USA,American}'::text[]))", "Rows Removed by Filter": 14129045}]}, {"Node Type": "Hash", "Parent Relationship": "Inner", "Startup Cost": 35014.87, "Total Cost": 35014.87, "Plan Rows": 418557, "Plan Width": 8, "Actual Min Startup Time": 90.201, "Actual Max Startup Time": 150.767, "Actual Min Total Time": 90.201, "Actual Max Total Time": 150.767, "Actual Total Rows": 295628, "Max Hash Buckets": 32768, "Min Hash Buckets": 32768, "Max Hash Batches": 1, "Min Hash Batches": 1, "Max Original Hash Batches": 1, "Min Original Hash Batches": 1, "Max Peak Memory Usage": 722, "min Peak Memory Usage": 722, "Plans": [{"Node Type": "Streaming(type: LOCAL REDISTRIBUTE dop: 16/16)", "Parent Relationship": "Outer", "Startup Cost": 0.0, "Total Cost": 35014.87, "Plan Rows": 418557, "Plan Width": 8, "Actual Min Startup Time": 0.045, "Actual Max Startup Time": 44.925, "Actual Min Total Time": 85.467, "Actual Max Total Time": 146.017, "Actual Total Rows": 295628, "Plans": [{"Node Type": "Seq Scan", "Parent Relationship": "Outer", "Relation Name": "movie_companies", "Alias": "mc", "Startup Cost": 0.0, "Total Cost": 18428.93, "Plan Rows": 418557, "Plan Width": 8, "Actual Min Startup Time": 0.045, "Actual Max Startup Time": 0.318, "Actual Min Total Time": 71.182, "Actual Max Total Time": 78.657, "Actual Total Rows": 295628, "Filter": "(((note)::text !~~ '%(TV)%'::text) AND ((note)::text ~~ '%(USA)%'::text)), (LLVM Optimized)", "Rows Removed by Filter": 2313500}]}]}]}, {"Node Type": "Hash", "Parent Relationship": "Inner", "Startup Cost": 15001.38, "Total Cost": 15001.38, "Plan Rows": 16, "Plan Width": 4, "Actual Min Startup Time": 0.006, "Actual Max Startup Time": 0.019, "Actual Min Total Time": 0.006, "Actual Max Total Time": 0.019, "Actual Total Rows": 16, "Max Hash Buckets": 32768, "Min Hash Buckets": 32768, "Max Hash Batches": 1, "Min Hash Batches": 1, "Max Original Hash Batches": 1, "Min Original Hash Batches": 1, "Max Peak Memory Usage": 1, "min Peak Memory Usage": 1, "Plans": [{"Node Type": "Streaming(type: BROADCAST dop: 16/1)", "Parent Relationship": "Outer", "Startup Cost": 0.0, "Total Cost": 15001.38, "Plan Rows": 16, "Plan Width": 4, "Actual Min Startup Time": 0.003, "Actual Max Startup Time": 0.008, "Actual Min Total Time": 0.004, "Actual Max Total Time": 0.009, "Actual Total Rows": 16, "Plans": [{"Node Type": "Seq Scan", "Parent Relationship": "Outer", "Relation Name": "company_type", "Alias": "ct", "Startup Cost": 0.0, "Total Cost": 1.04, "Plan Rows": 1, "Plan Width": 4, "Actual Min Startup Time": 0.034, "Actual Max Startup Time": 0.034, "Actual Min Total Time": 0.037, "Actual Max Total Time": 0.037, "Actual Total Rows": 1, "Filter": "((kind)::text = 'production companies'::text)", "Rows Removed by Filter": 2}]}]}]}]}, {"Node Type": "Hash", "Parent Relationship": "Inner", "Startup Cost": 19149.37, "Total Cost": 19149.37, "Plan Rows": 1748840, "Plan Width": 21, "Actual Min Startup Time": 96.519, "Actual Max Startup Time": 102.215, "Actual Min Total Time": 96.519, "Actual Max Total Time": 102.215, "Actual Total Rows": 1749032, "Max Hash Buckets": 131072, "Min Hash Buckets": 131072, "Max Hash Batches": 1, "Min Hash Batches": 1, "Max Original Hash Batches": 1, "Min Original Hash Batches": 1, "Max Peak Memory Usage": 5962, "min Peak Memory Usage": 5962, "Plans": [{"Node Type": "Seq Scan", "Parent Relationship": "Outer", "Relation Name": "title", "Alias": "t", "Startup Cost": 0.0, "Total Cost": 19149.37, "Plan Rows": 1748840, "Plan Width": 21, "Actual Min Startup Time": 0.023, "Actual Max Startup Time": 0.032, "Actual Min Total Time": 63.637, "Actual Max Total Time": 68.547, "Actual Total Rows": 1749032, "Filter": "(production_year > 1990), (LLVM Optimized)", "Rows Removed by Filter": 779279}]}]}]}, {"Node Type": "Hash", "Parent Relationship": "Inner", "Startup Cost": 2.12, "Total Cost": 2.12, "Plan Rows": 112, "Plan Width": 4, "Actual Min Startup Time": 0.121, "Actual Max Startup Time": 0.121, "Actual Min Total Time": 0.121, "Actual Max Total Time": 0.121, "Actual Total Rows": 112, "Max Hash Buckets": 32768, "Min Hash Buckets": 32768, "Max Hash Batches": 1, "Min Hash Batches": 1, "Max Original Hash Batches": 1, "Min Original Hash Batches": 1, "Max Peak Memory Usage": 4, "min Peak Memory Usage": 4, "Plans": [{"Node Type": "Seq Scan", "Parent Relationship": "Outer", "Relation Name": "info_type", "Alias": "it", "Startup Cost": 0.0, "Total Cost": 2.12, "Plan Rows": 112, "Plan Width": 4, "Actual Min Startup Time": 0.05, "Actual Max Startup Time": 0.05, "Actual Min Total Time": 0.07, "Actual Max Total Time": 0.07, "Actual Total Rows": 112}]}]}]}, "Triggers": [], "Planner Runtime": 21.316, "Total Runtime": 905.003, "Unique SQL Id": 322094867}}, "(16, 77)": {"explain_plan": {"Plan": {"Node Type": "Aggregate", "Strategy": "Plain", "Startup Cost": 502974.41, "Total Cost": 502974.42, "Plan Rows": 1, "Plan Width": 49, "Plans": [{"Node Type": "Hash Join", "Parent Relationship": "Outer", "Join Type": "Inner", "Startup Cost": 103197.32, "Total Cost": 502146.78, "Plan Rows": 331050, "Plan Width": 17, "Inner Unique": true, "Hash Cond": "(mi.info_type_id = it.id), (LLVM Optimized)", "Plans": [{"Node Type": "Nested Loop", "Parent Relationship": "Outer", "Join Type": "Inner", "Startup Cost": 103181.99, "Total Cost": 497761.59, "Plan Rows": 331050, "Plan Width": 21, "Inner Unique": false, "Plans": [{"Node Type": "Hash Join", "Parent Relationship": "Outer", "Join Type": "Inner", "Startup Cost": 103181.99, "Total Cost": 239243.52, "Plan Rows": 289936, "Plan Width": 25, "Inner Unique": true, "Hash Cond": "(mc.company_type_id = ct.id), (LLVM Optimized)", "Plans": [{"Node Type": "Streaming(type: LOCAL GATHER dop: 1/16)", "Parent Relationship": "Outer", "Startup Cost": 103178.9, "Total Cost": 234166.55, "Plan Rows": 579872, "Plan Width": 29, "Plans": [{"Node Type": "Hash Join", "Parent Relationship": "Outer", "Join Type": "Inner", "Startup Cost": 103178.9, "Total Cost": 221651.74, "Plan Rows": 579872, "Plan Width": 29, "Inner Unique": true, "Hash Cond": "(mc.movie_id = t.id), (LLVM Optimized)", "Plans": [{"Node Type": "Streaming(type: BROADCAST dop: 16/16)", "Parent Relationship": "Outer", "Startup Cost": 0.0, "Total Cost": 116540.83, "Plan Rows": 6696912, "Plan Width": 8, "Plans": [{"Node Type": "Index Scan", "Parent Relationship": "Outer", "Scan Direction": "Forward", "Index Name": "company_type_id_movie_companies", "Relation Name": "movie_companies", "Alias": "mc", "Startup Cost": 0.0, "Total Cost": 84536.95, "Plan Rows": 418557, "Plan Width": 8, "Filter": "(((note)::text !~~ '%(TV)%'::text) AND ((note)::text ~~ '%(USA)%'::text)), (LLVM Optimized)"}]}, {"Node Type": "Hash", "Parent Relationship": "Inner", "Startup Cost": 101812.62, "Total Cost": 101812.62, "Plan Rows": 1748840, "Plan Width": 21, "Plans": [{"Node Type": "Index Scan", "Parent Relationship": "Outer", "Scan Direction": "Forward", "Index Name": "title_pkey", "Relation Name": "title", "Alias": "t", "Startup Cost": 0.0, "Total Cost": 101812.62, "Plan Rows": 1748840, "Plan Width": 21, "Filter": "(production_year > 1990), (LLVM Optimized)"}]}]}]}, {"Node Type": "Hash", "Parent Relationship": "Inner", "Startup Cost": 12.3, "Total Cost": 12.3, "Plan Rows": 1, "Plan Width": 4, "Plans": [{"Node Type": "Index Scan", "Parent Relationship": "Outer", "Scan Direction": "Forward", "Index Name": "company_type_pkey", "Relation Name": "company_type", "Alias": "ct", "Startup Cost": 0.0, "Total Cost": 12.3, "Plan Rows": 1, "Plan Width": 4, "Filter": "((kind)::text = 'production companies'::text)"}]}]}, {"Node Type": "Index Scan", "Parent Relationship": "Inner", "Scan Direction": "Forward", "Index Name": "movie_id_movie_info", "Relation Name": "movie_info", "Alias": "mi", "Startup Cost": 0.0, "Total Cost": 0.88, "Plan Rows": 1, "Plan Width": 8, "Index Cond": "(movie_id = t.id)", "Filter": "((info)::text = ANY ('{Sweden,Norway,Germany,Denmark,Swedish,Denish,Norwegian,German,USA,American}'::text[]))"}]}, {"Node Type": "Hash", "Parent Relationship": "Inner", "Startup Cost": 13.93, "Total Cost": 13.93, "Plan Rows": 112, "Plan Width": 4, "Plans": [{"Node Type": "Index Scan", "Parent Relationship": "Outer", "Scan Direction": "Forward", "Index Name": "info_type_pkey", "Relation Name": "info_type", "Alias": "it", "Startup Cost": 0.0, "Total Cost": 13.93, "Plan Rows": 112, "Plan Width": 4}]}]}]}, "Unique SQL Id": 322094867}, "explain_analyze_plan": {"Plan": {"Node Type": "Aggregate", "Strategy": "Plain", "Startup Cost": 502974.41, "Total Cost": 502974.42, "Plan Rows": 1, "Plan Width": 49, "Actual Min Startup Time": 1064.737, "Actual Max Startup Time": 1064.737, "Actual Min Total Time": 1064.737, "Actual Max Total Time": 1064.737, "Actual Total Rows": 1, "Plans": [{"Node Type": "Hash Join", "Parent Relationship": "Outer", "Join Type": "Inner", "Startup Cost": 103197.32, "Total Cost": 502146.78, "Plan Rows": 331050, "Plan Width": 17, "Actual Min Startup Time": 386.964, "Actual Max Startup Time": 386.964, "Actual Min Total Time": 1064.289, "Actual Max Total Time": 1064.289, "Actual Total Rows": 669, "Inner Unique": true, "Hash Cond": "(mi.info_type_id = it.id), (LLVM Optimized, Jit Execute)", "Plans": [{"Node Type": "Nested Loop", "Parent Relationship": "Outer", "Join Type": "Inner", "Startup Cost": 103181.99, "Total Cost": 497761.59, "Plan Rows": 331050, "Plan Width": 21, "Actual Min Startup Time": 386.77, "Actual Max Startup Time": 386.77, "Actual Min Total Time": 1063.791, "Actual Max Total Time": 1063.791, "Actual Total Rows": 669, "Inner Unique": false, "Plans": [{"Node Type": "Hash Join", "Parent Relationship": "Outer", "Join Type": "Inner", "Startup Cost": 103181.99, "Total Cost": 239243.52, "Plan Rows": 289936, "Plan Width": 25, "Actual Min Startup Time": 386.657, "Actual Max Startup Time": 386.657, "Actual Min Total Time": 1044.352, "Actual Max Total Time": 1044.352, "Actual Total Rows": 767, "Inner Unique": true, "Hash Cond": "(mc.company_type_id = ct.id), (LLVM Optimized, Jit Execute)", "Plans": [{"Node Type": "Streaming(type: LOCAL GATHER dop: 1/16)", "Parent Relationship": "Outer", "Startup Cost": 103178.9, "Total Cost": 234166.55, "Plan Rows": 579872, "Plan Width": 29, "Actual Min Startup Time": 386.569, "Actual Max Startup Time": 386.569, "Actual Min Total Time": 1027.44, "Actual Max Total Time": 1027.44, "Actual Total Rows": 105501, "Plans": [{"Node Type": "Hash Join", "Parent Relationship": "Outer", "Join Type": "Inner", "Startup Cost": 103178.9, "Total Cost": 221651.74, "Plan Rows": 579872, "Plan Width": 29, "Actual Min Startup Time": 289.501, "Actual Max Startup Time": 379.366, "Actual Min Total Time": 951.269, "Actual Max Total Time": 972.121, "Actual Total Rows": 105501, "Inner Unique": true, "Hash Cond": "(mc.movie_id = t.id), (LLVM Optimized, Jit Execute)", "Plans": [{"Node Type": "Streaming(type: BROADCAST dop: 16/16)", "Parent Relationship": "Outer", "Startup Cost": 0.0, "Total Cost": 116540.83, "Plan Rows": 6696912, "Plan Width": 8, "Actual Min Startup Time": 0.05, "Actual Max Startup Time": 0.139, "Actual Min Total Time": 510.992, "Actual Max Total Time": 592.12, "Actual Total Rows": 4730048, "Plans": [{"Node Type": "Index Scan", "Parent Relationship": "Outer", "Scan Direction": "Forward", "Index Name": "company_type_id_movie_companies", "Relation Name": "movie_companies", "Alias": "mc", "Startup Cost": 0.0, "Total Cost": 84536.95, "Plan Rows": 418557, "Plan Width": 8, "Actual Min Startup Time": 0.08, "Actual Max Startup Time": 59.784, "Actual Min Total Time": 75.551, "Actual Max Total Time": 204.25, "Actual Total Rows": 295628, "Filter": "(((note)::text !~~ '%(TV)%'::text) AND ((note)::text ~~ '%(USA)%'::text)), (LLVM Optimized, Jit Execute)", "Rows Removed by Filter": 2313500}]}, {"Node Type": "Hash", "Parent Relationship": "Inner", "Startup Cost": 101812.62, "Total Cost": 101812.62, "Plan Rows": 1748840, "Plan Width": 21, "Actual Min Startup Time": 289.1, "Actual Max Startup Time": 377.983, "Actual Min Total Time": 289.1, "Actual Max Total Time": 377.983, "Actual Total Rows": 1749032, "Max Hash Buckets": 131072, "Min Hash Buckets": 131072, "Max Hash Batches": 1, "Min Hash Batches": 1, "Max Original Hash Batches": 1, "Min Original Hash Batches": 1, "Max Peak Memory Usage": 6766, "min Peak Memory Usage": 6766, "Plans": [{"Node Type": "Index Scan", "Parent Relationship": "Outer", "Scan Direction": "Forward", "Index Name": "title_pkey", "Relation Name": "title", "Alias": "t", "Startup Cost": 0.0, "Total Cost": 101812.62, "Plan Rows": 1748840, "Plan Width": 21, "Actual Min Startup Time": 15.394, "Actual Max Startup Time": 48.394, "Actual Min Total Time": 253.097, "Actual Max Total Time": 343.838, "Actual Total Rows": 1749032, "Filter": "(production_year > 1990), (LLVM Optimized, Jit Execute)", "Rows Removed by Filter": 779279}]}]}]}, {"Node Type": "Hash", "Parent Relationship": "Inner", "Startup Cost": 12.3, "Total Cost": 12.3, "Plan Rows": 1, "Plan Width": 4, "Actual Min Startup Time": 0.029, "Actual Max Startup Time": 0.029, "Actual Min Total Time": 0.029, "Actual Max Total Time": 0.029, "Actual Total Rows": 1, "Max Hash Buckets": 32768, "Min Hash Buckets": 32768, "Max Hash Batches": 1, "Min Hash Batches": 1, "Max Original Hash Batches": 1, "Min Original Hash Batches": 1, "Max Peak Memory Usage": 1, "min Peak Memory Usage": 1, "Plans": [{"Node Type": "Index Scan", "Parent Relationship": "Outer", "Scan Direction": "Forward", "Index Name": "company_type_pkey", "Relation Name": "company_type", "Alias": "ct", "Startup Cost": 0.0, "Total Cost": 12.3, "Plan Rows": 1, "Plan Width": 4, "Actual Min Startup Time": 0.019, "Actual Max Startup Time": 0.019, "Actual Min Total Time": 0.021, "Actual Max Total Time": 0.021, "Actual Total Rows": 1, "Filter": "((kind)::text = 'production companies'::text)", "Rows Removed by Filter": 2}]}]}, {"Node Type": "Index Scan", "Parent Relationship": "Inner", "Scan Direction": "Forward", "Index Name": "movie_id_movie_info", "Relation Name": "movie_info", "Alias": "mi", "Startup Cost": 0.0, "Total Cost": 0.88, "Plan Rows": 1, "Plan Width": 8, "Actual Min Startup Time": 16.381, "Actual Max Startup Time": 16.381, "Actual Min Total Time": 18.704, "Actual Max Total Time": 18.704, "Actual Total Rows": 669, "Index Cond": "(movie_id = t.id)", "Rows Removed by Index Recheck": 0, "Filter": "((info)::text = ANY ('{Sweden,Norway,Germany,Denmark,Swedish,Denish,Norwegian,German,USA,American}'::text[]))", "Rows Removed by Filter": 7721}]}, {"Node Type": "Hash", "Parent Relationship": "Inner", "Startup Cost": 13.93, "Total Cost": 13.93, "Plan Rows": 112, "Plan Width": 4, "Actual Min Startup Time": 0.132, "Actual Max Startup Time": 0.132, "Actual Min Total Time": 0.132, "Actual Max Total Time": 0.132, "Actual Total Rows": 112, "Max Hash Buckets": 32768, "Min Hash Buckets": 32768, "Max Hash Batches": 1, "Min Hash Batches": 1, "Max Original Hash Batches": 1, "Min Original Hash Batches": 1, "Max Peak Memory Usage": 4, "min Peak Memory Usage": 4, "Plans": [{"Node Type": "Index Scan", "Parent Relationship": "Outer", "Scan Direction": "Forward", "Index Name": "info_type_pkey", "Relation Name": "info_type", "Alias": "it", "Startup Cost": 0.0, "Total Cost": 13.93, "Plan Rows": 112, "Plan Width": 4, "Actual Min Startup Time": 0.031, "Actual Max Startup Time": 0.031, "Actual Min Total Time": 0.077, "Actual Max Total Time": 0.077, "Actual Total Rows": 112}]}]}]}, "Triggers": [], "Planner Runtime": 14.324, "Total Runtime": 1080.686, "Unique SQL Id": 322094867}}, "(16, 78)": {"explain_plan": {"Plan": {"Node Type": "Aggregate", "Strategy": "Plain", "Startup Cost": 173539.71, "Total Cost": 173539.72, "Plan Rows": 1, "Plan Width": 49, "Plans": [{"Node Type": "Hash Join", "Parent Relationship": "Outer", "Join Type": "Inner", "Startup Cost": 70862.43, "Total Cost": 172712.09, "Plan Rows": 331050, "Plan Width": 17, "Inner Unique": true, "Hash Cond": "(mi.info_type_id = it.id), (LLVM Optimized)", "Plans": [{"Node Type": "Streaming(type: LOCAL GATHER dop: 1/16)", "Parent Relationship": "Outer", "Startup Cost": 70858.91, "Total Cost": 168156.63, "Plan Rows": 331050, "Plan Width": 21, "Plans": [{"Node Type": "Hash Join", "Parent Relationship": "Outer", "Join Type": "Inner", "Startup Cost": 70858.91, "Total Cost": 161011.9, "Plan Rows": 331050, "Plan Width": 21, "Inner Unique": true, "Hash Cond": "(mi.movie_id = t.id), (LLVM Optimized)", "Plans": [{"Node Type": "Streaming(type: BROADCAST dop: 16/16)", "Parent Relationship": "Outer", "Startup Cost": 50343.26, "Total Cost": 139393.26, "Plan Rows": 3823280, "Plan Width": 12, "Plans": [{"Node Type": "Hash Join", "Parent Relationship": "Outer", "Join Type": "Inner", "Startup Cost": 50343.26, "Total Cost": 114685.71, "Plan Rows": 238955, "Plan Width": 12, "Inner Unique": true, "Hash Cond": "(mc.company_type_id = ct.id), (LLVM Optimized)", "Plans": [{"Node Type": "Hash Join", "Parent Relationship": "Outer", "Join Type": "Inner", "Startup Cost": 35341.87, "Total Cost": 99422.95, "Plan Rows": 477912, "Plan Width": 16, "Inner Unique": false, "Hash Cond": "(mi.movie_id = mc.movie_id), (LLVM Optimized)", "Plans": [{"Node Type": "Streaming(type: LOCAL REDISTRIBUTE dop: 16/16)", "Parent Relationship": "Outer", "Startup Cost": 0.0, "Total Cost": 62931.17, "Plan Rows": 726375, "Plan Width": 8, "Plans": [{"Node Type": "Seq Scan", "Parent Relationship": "Outer", "Relation Name": "movie_info", "Alias": "mi", "Startup Cost": 0.0, "Total Cost": 45178.89, "Plan Rows": 726375, "Plan Width": 8, "Filter": "((info)::text = ANY ('{Sweden,Norway,Germany,Denmark,Swedish,Denish,Norwegian,German,USA,American}'::text[]))"}]}, {"Node Type": "Hash", "Parent Relationship": "Inner", "Startup Cost": 35014.87, "Total Cost": 35014.87, "Plan Rows": 418557, "Plan Width": 8, "Plans": [{"Node Type": "Streaming(type: LOCAL REDISTRIBUTE dop: 16/16)", "Parent Relationship": "Outer", "Startup Cost": 0.0, "Total Cost": 35014.87, "Plan Rows": 418557, "Plan Width": 8, "Plans": [{"Node Type": "Seq Scan", "Parent Relationship": "Outer", "Relation Name": "movie_companies", "Alias": "mc", "Startup Cost": 0.0, "Total Cost": 18428.93, "Plan Rows": 418557, "Plan Width": 8, "Filter": "(((note)::text !~~ '%(TV)%'::text) AND ((note)::text ~~ '%(USA)%'::text)), (LLVM Optimized)"}]}]}]}, {"Node Type": "Hash", "Parent Relationship": "Inner", "Startup Cost": 15001.38, "Total Cost": 15001.38, "Plan Rows": 16, "Plan Width": 4, "Plans": [{"Node Type": "Streaming(type: BROADCAST dop: 16/1)", "Parent Relationship": "Outer", "Startup Cost": 0.0, "Total Cost": 15001.38, "Plan Rows": 16, "Plan Width": 4, "Plans": [{"Node Type": "Seq Scan", "Parent Relationship": "Outer", "Relation Name": "company_type", "Alias": "ct", "Startup Cost": 0.0, "Total Cost": 1.04, "Plan Rows": 1, "Plan Width": 4, "Filter": "((kind)::text = 'production companies'::text)"}]}]}]}]}, {"Node Type": "Hash", "Parent Relationship": "Inner", "Startup Cost": 19149.37, "Total Cost": 19149.37, "Plan Rows": 1748840, "Plan Width": 21, "Plans": [{"Node Type": "Seq Scan", "Parent Relationship": "Outer", "Relation Name": "title", "Alias": "t", "Startup Cost": 0.0, "Total Cost": 19149.37, "Plan Rows": 1748840, "Plan Width": 21, "Filter": "(production_year > 1990), (LLVM Optimized)"}]}]}]}, {"Node Type": "Hash", "Parent Relationship": "Inner", "Startup Cost": 2.12, "Total Cost": 2.12, "Plan Rows": 112, "Plan Width": 4, "Plans": [{"Node Type": "Seq Scan", "Parent Relationship": "Outer", "Relation Name": "info_type", "Alias": "it", "Startup Cost": 0.0, "Total Cost": 2.12, "Plan Rows": 112, "Plan Width": 4}]}]}]}, "Unique SQL Id": 322094867}, "explain_analyze_plan": {"Plan": {"Node Type": "Aggregate", "Strategy": "Plain", "Startup Cost": 173539.71, "Total Cost": 173539.72, "Plan Rows": 1, "Plan Width": 49, "Actual Min Startup Time": 882.09, "Actual Max Startup Time": 882.09, "Actual Min Total Time": 882.09, "Actual Max Total Time": 882.09, "Actual Total Rows": 1, "Plans": [{"Node Type": "Hash Join", "Parent Relationship": "Outer", "Join Type": "Inner", "Startup Cost": 70862.43, "Total Cost": 172712.09, "Plan Rows": 331050, "Plan Width": 17, "Actual Min Startup Time": 881.426, "Actual Max Startup Time": 881.426, "Actual Min Total Time": 881.87, "Actual Max Total Time": 881.87, "Actual Total Rows": 669, "Inner Unique": true, "Hash Cond": "(mi.info_type_id = it.id), (LLVM Optimized)", "Plans": [{"Node Type": "Streaming(type: LOCAL GATHER dop: 1/16)", "Parent Relationship": "Outer", "Startup Cost": 70858.91, "Total Cost": 168156.63, "Plan Rows": 331050, "Plan Width": 21, "Actual Min Startup Time": 881.224, "Actual Max Startup Time": 881.224, "Actual Min Total Time": 881.408, "Actual Max Total Time": 881.408, "Actual Total Rows": 669, "Plans": [{"Node Type": "Hash Join", "Parent Relationship": "Outer", "Join Type": "Inner", "Startup Cost": 70858.91, "Total Cost": 161011.9, "Plan Rows": 331050, "Plan Width": 21, "Actual Min Startup Time": 690.477, "Actual Max Startup Time": 755.388, "Actual Min Total Time": 690.979, "Actual Max Total Time": 756.212, "Actual Total Rows": 669, "Inner Unique": true, "Hash Cond": "(mi.movie_id = t.id), (LLVM Optimized)", "Plans": [{"Node Type": "Streaming(type: BROADCAST dop: 16/16)", "Parent Relationship": "Outer", "Startup Cost": 50343.26, "Total Cost": 139393.26, "Plan Rows": 3823280, "Plan Width": 12, "Actual Min Startup Time": 590.564, "Actual Max Startup Time": 654.095, "Actual Min Total Time": 590.798, "Actual Max Total Time": 654.526, "Actual Total Rows": 11056, "Plans": [{"Node Type": "Hash Join", "Parent Relationship": "Outer", "Join Type": "Inner", "Startup Cost": 50343.26, "Total Cost": 114685.71, "Plan Rows": 238955, "Plan Width": 12, "Actual Min Startup Time": 126.219, "Actual Max Startup Time": 549.608, "Actual Min Total Time": 688.334, "Actual Max Total Time": 748.889, "Actual Total Rows": 691, "Inner Unique": true, "Hash Cond": "(mc.company_type_id = ct.id), (LLVM Optimized)", "Plans": [{"Node Type": "Hash Join", "Parent Relationship": "Outer", "Join Type": "Inner", "Startup Cost": 35341.87, "Total Cost": 99422.95, "Plan Rows": 477912, "Plan Width": 16, "Actual Min Startup Time": 90.346, "Actual Max Startup Time": 151.051, "Actual Min Total Time": 685.75, "Actual Max Total Time": 746.227, "Actual Total Rows": 294926, "Inner Unique": false, "Hash Cond": "(mi.movie_id = mc.movie_id), (LLVM Optimized)", "Plans": [{"Node Type": "Streaming(type: LOCAL REDISTRIBUTE dop: 16/16)", "Parent Relationship": "Outer", "Startup Cost": 0.0, "Total Cost": 62931.17, "Plan Rows": 726375, "Plan Width": 8, "Actual Min Startup Time": 0.063, "Actual Max Startup Time": 0.422, "Actual Min Total Time": 580.509, "Actual Max Total Time": 581.815, "Actual Total Rows": 706674, "Plans": [{"Node Type": "Seq Scan", "Parent Relationship": "Outer", "Relation Name": "movie_info", "Alias": "mi", "Startup Cost": 0.0, "Total Cost": 45178.89, "Plan Rows": 726375, "Plan Width": 8, "Actual Min Startup Time": 0.037, "Actual Max Startup Time": 3.311, "Actual Min Total Time": 506.795, "Actual Max Total Time": 551.798, "Actual Total Rows": 706674, "Filter": "((info)::text = ANY ('{Sweden,Norway,Germany,Denmark,Swedish,Denish,Norwegian,German,USA,American}'::text[]))", "Rows Removed by Filter": 14129045}]}, {"Node Type": "Hash", "Parent Relationship": "Inner", "Startup Cost": 35014.87, "Total Cost": 35014.87, "Plan Rows": 418557, "Plan Width": 8, "Actual Min Startup Time": 90.201, "Actual Max Startup Time": 150.767, "Actual Min Total Time": 90.201, "Actual Max Total Time": 150.767, "Actual Total Rows": 295628, "Max Hash Buckets": 32768, "Min Hash Buckets": 32768, "Max Hash Batches": 1, "Min Hash Batches": 1, "Max Original Hash Batches": 1, "Min Original Hash Batches": 1, "Max Peak Memory Usage": 722, "min Peak Memory Usage": 722, "Plans": [{"Node Type": "Streaming(type: LOCAL REDISTRIBUTE dop: 16/16)", "Parent Relationship": "Outer", "Startup Cost": 0.0, "Total Cost": 35014.87, "Plan Rows": 418557, "Plan Width": 8, "Actual Min Startup Time": 0.045, "Actual Max Startup Time": 44.925, "Actual Min Total Time": 85.467, "Actual Max Total Time": 146.017, "Actual Total Rows": 295628, "Plans": [{"Node Type": "Seq Scan", "Parent Relationship": "Outer", "Relation Name": "movie_companies", "Alias": "mc", "Startup Cost": 0.0, "Total Cost": 18428.93, "Plan Rows": 418557, "Plan Width": 8, "Actual Min Startup Time": 0.045, "Actual Max Startup Time": 0.318, "Actual Min Total Time": 71.182, "Actual Max Total Time": 78.657, "Actual Total Rows": 295628, "Filter": "(((note)::text !~~ '%(TV)%'::text) AND ((note)::text ~~ '%(USA)%'::text)), (LLVM Optimized)", "Rows Removed by Filter": 2313500}]}]}]}, {"Node Type": "Hash", "Parent Relationship": "Inner", "Startup Cost": 15001.38, "Total Cost": 15001.38, "Plan Rows": 16, "Plan Width": 4, "Actual Min Startup Time": 0.006, "Actual Max Startup Time": 0.019, "Actual Min Total Time": 0.006, "Actual Max Total Time": 0.019, "Actual Total Rows": 16, "Max Hash Buckets": 32768, "Min Hash Buckets": 32768, "Max Hash Batches": 1, "Min Hash Batches": 1, "Max Original Hash Batches": 1, "Min Original Hash Batches": 1, "Max Peak Memory Usage": 1, "min Peak Memory Usage": 1, "Plans": [{"Node Type": "Streaming(type: BROADCAST dop: 16/1)", "Parent Relationship": "Outer", "Startup Cost": 0.0, "Total Cost": 15001.38, "Plan Rows": 16, "Plan Width": 4, "Actual Min Startup Time": 0.003, "Actual Max Startup Time": 0.008, "Actual Min Total Time": 0.004, "Actual Max Total Time": 0.009, "Actual Total Rows": 16, "Plans": [{"Node Type": "Seq Scan", "Parent Relationship": "Outer", "Relation Name": "company_type", "Alias": "ct", "Startup Cost": 0.0, "Total Cost": 1.04, "Plan Rows": 1, "Plan Width": 4, "Actual Min Startup Time": 0.034, "Actual Max Startup Time": 0.034, "Actual Min Total Time": 0.037, "Actual Max Total Time": 0.037, "Actual Total Rows": 1, "Filter": "((kind)::text = 'production companies'::text)", "Rows Removed by Filter": 2}]}]}]}]}, {"Node Type": "Hash", "Parent Relationship": "Inner", "Startup Cost": 19149.37, "Total Cost": 19149.37, "Plan Rows": 1748840, "Plan Width": 21, "Actual Min Startup Time": 96.519, "Actual Max Startup Time": 102.215, "Actual Min Total Time": 96.519, "Actual Max Total Time": 102.215, "Actual Total Rows": 1749032, "Max Hash Buckets": 131072, "Min Hash Buckets": 131072, "Max Hash Batches": 1, "Min Hash Batches": 1, "Max Original Hash Batches": 1, "Min Original Hash Batches": 1, "Max Peak Memory Usage": 5962, "min Peak Memory Usage": 5962, "Plans": [{"Node Type": "Seq Scan", "Parent Relationship": "Outer", "Relation Name": "title", "Alias": "t", "Startup Cost": 0.0, "Total Cost": 19149.37, "Plan Rows": 1748840, "Plan Width": 21, "Actual Min Startup Time": 0.023, "Actual Max Startup Time": 0.032, "Actual Min Total Time": 63.637, "Actual Max Total Time": 68.547, "Actual Total Rows": 1749032, "Filter": "(production_year > 1990), (LLVM Optimized)", "Rows Removed by Filter": 779279}]}]}]}, {"Node Type": "Hash", "Parent Relationship": "Inner", "Startup Cost": 2.12, "Total Cost": 2.12, "Plan Rows": 112, "Plan Width": 4, "Actual Min Startup Time": 0.121, "Actual Max Startup Time": 0.121, "Actual Min Total Time": 0.121, "Actual Max Total Time": 0.121, "Actual Total Rows": 112, "Max Hash Buckets": 32768, "Min Hash Buckets": 32768, "Max Hash Batches": 1, "Min Hash Batches": 1, "Max Original Hash Batches": 1, "Min Original Hash Batches": 1, "Max Peak Memory Usage": 4, "min Peak Memory Usage": 4, "Plans": [{"Node Type": "Seq Scan", "Parent Relationship": "Outer", "Relation Name": "info_type", "Alias": "it", "Startup Cost": 0.0, "Total Cost": 2.12, "Plan Rows": 112, "Plan Width": 4, "Actual Min Startup Time": 0.05, "Actual Max Startup Time": 0.05, "Actual Min Total Time": 0.07, "Actual Max Total Time": 0.07, "Actual Total Rows": 112}]}]}]}, "Triggers": [], "Planner Runtime": 21.316, "Total Runtime": 905.003, "Unique SQL Id": 322094867}}, "(16, 79)": {"explain_plan": {"Plan": {"Node Type": "Aggregate", "Strategy": "Plain", "Startup Cost": 4999016304759.37, "Total Cost": 4999016304759.38, "Plan Rows": 1, "Plan Width": 49, "Plans": [{"Node Type": "Hash Join", "Parent Relationship": "Outer", "Join Type": "Inner", "Startup Cost": 2030041467981.55, "Total Cost": 4999016303931.75, "Plan Rows": 331050, "Plan Width": 17, "Inner Unique": true, "Hash Cond": "(mi.info_type_id = it.id), (LLVM Optimized)", "Plans": [{"Node Type": "Hash Join", "Parent Relationship": "Outer", "Join Type": "Inner", "Startup Cost": 1030041466587.15, "Total Cost": 3999016297985.41, "Plan Rows": 331050, "Plan Width": 21, "Inner Unique": true, "Hash Cond": "(mc.company_type_id = ct.id), (LLVM Optimized)", "Plans": [{"Node Type": "Merge Join", "Parent Relationship": "Outer", "Join Type": "Inner", "Startup Cost": 30041465356.89, "Total Cost": 2999016291785.23, "Plan Rows": 662103, "Plan Width": 25, "Inner Unique": true, "Merge Cond": "(mi.movie_id = t.id)", "Plans": [{"Node Type": "Merge Join", "Parent Relationship": "Outer", "Join Type": "Inner", "Startup Cost": 20016557124.84, "Total Cost": 1999706028641.27, "Plan Rows": 477912, "Plan Width": 16, "Inner Unique": false, "Merge Cond": "(mc.movie_id = mi.movie_id)", "Plans": [{"Node Type": "Index Scan", "Parent Relationship": "Outer", "Scan Direction": "Forward", "Index Name": "movie_id_movie_companies", "Relation Name": "movie_companies", "Alias": "mc", "Startup Cost": 10000000000.0, "Total Cost": 1000014356510.13, "Plan Rows": 418557, "Plan Width": 8, "Filter": "(((note)::text !~~ '%(TV)%'::text) AND ((note)::text ~~ '%(USA)%'::text)), (LLVM Optimized)"}, {"Node Type": "Index Scan", "Parent Relationship": "Inner", "Scan Direction": "Forward", "Index Name": "movie_id_movie_info", "Relation Name": "movie_info", "Alias": "mi", "Startup Cost": 10000000000.0, "Total Cost": 1000122404369.72, "Plan Rows": 726375, "Plan Width": 8, "Filter": "((info)::text = ANY ('{Sweden,Norway,Germany,Denmark,Swedish,Denish,Norwegian,German,USA,American}'::text[]))"}]}, {"Node Type": "Index Scan", "Parent Relationship": "Inner", "Scan Direction": "Forward", "Index Name": "title_pkey", "Relation Name": "title", "Alias": "t", "Startup Cost": 10000000000.0, "Total Cost": 1000011644126.66, "Plan Rows": 1748840, "Plan Width": 21, "Filter": "(production_year > 1990), (LLVM Optimized)"}]}, {"Node Type": "Hash", "Parent Relationship": "Inner", "Startup Cost": 1000000001230.25, "Total Cost": 1000000001230.25, "Plan Rows": 1, "Plan Width": 4, "Plans": [{"Node Type": "Index Scan", "Parent Relationship": "Outer", "Scan Direction": "Forward", "Index Name": "company_type_pkey", "Relation Name": "company_type", "Alias": "ct", "Startup Cost": 10000000000.0, "Total Cost": 1000000001230.25, "Plan Rows": 1, "Plan Width": 4, "Filter": "((kind)::text = 'production companies'::text)"}]}]}, {"Node Type": "Hash", "Parent Relationship": "Inner", "Startup Cost": 1000000001393.0, "Total Cost": 1000000001393.0, "Plan Rows": 112, "Plan Width": 4, "Plans": [{"Node Type": "Index Scan", "Parent Relationship": "Outer", "Scan Direction": "Forward", "Index Name": "info_type_pkey", "Relation Name": "info_type", "Alias": "it", "Startup Cost": 10000000000.0, "Total Cost": 1000000001393.0, "Plan Rows": 112, "Plan Width": 4}]}]}]}, "Unique SQL Id": 322094867}, "explain_analyze_plan": null}, "(16, 80)": {"explain_plan": {"Plan": {"Node Type": "Aggregate", "Strategy": "Plain", "Startup Cost": 551243.72, "Total Cost": 551243.73, "Plan Rows": 1, "Plan Width": 49, "Plans": [{"Node Type": "Merge Join", "Parent Relationship": "Outer", "Join Type": "Inner", "Startup Cost": 545538.09, "Total Cost": 550416.1, "Plan Rows": 331050, "Plan Width": 17, "Inner Unique": false, "Merge Cond": "(it.id = mi.info_type_id)", "Plans": [{"Node Type": "Index Only Scan", "Parent Relationship": "Outer", "Scan Direction": "Forward", "Index Name": "info_type_pkey", "Relation Name": "info_type", "Alias": "it", "Startup Cost": 0.0, "Total Cost": 2.12, "Plan Rows": 112, "Plan Width": 4}, {"Node Type": "Sort", "Parent Relationship": "Inner", "Startup Cost": 545447.99, "Total Cost": 546275.61, "Plan Rows": 331050, "Plan Width": 21, "Sort Key": ["mi.info_type_id"], "Plans": [{"Node Type": "Nested Loop", "Parent Relationship": "Outer", "Join Type": "Inner", "Startup Cost": 52504.66, "Total Cost": 515096.18, "Plan Rows": 331050, "Plan Width": 21, "Inner Unique": false, "Plans": [{"Node Type": "Nested Loop", "Parent Relationship": "Outer", "Join Type": "Inner", "Startup Cost": 52504.66, "Total Cost": 256578.11, "Plan Rows": 289936, "Plan Width": 25, "Inner Unique": true, "Plans": [{"Node Type": "Merge Join", "Parent Relationship": "Outer", "Join Type": "Inner", "Startup Cost": 52504.66, "Total Cost": 109379.29, "Plan Rows": 209278, "Plan Width": 4, "Inner Unique": false, "Merge Cond": "(ct.id = mc.company_type_id)", "Plans": [{"Node Type": "Index Scan", "Parent Relationship": "Outer", "Scan Direction": "Forward", "Index Name": "company_type_pkey", "Relation Name": "company_type", "Alias": "ct", "Startup Cost": 0.0, "Total Cost": 12.3, "Plan Rows": 1, "Plan Width": 4, "Filter": "((kind)::text = 'production companies'::text)"}, {"Node Type": "Index Scan", "Parent Relationship": "Inner", "Scan Direction": "Forward", "Index Name": "company_type_id_movie_companies", "Relation Name": "movie_companies", "Alias": "mc", "Startup Cost": 0.0, "Total Cost": 106227.81, "Plan Rows": 418557, "Plan Width": 8, "Filter": "(((note)::text !~~ '%(TV)%'::text) AND ((note)::text ~~ '%(USA)%'::text)), (LLVM Optimized)"}]}, {"Node Type": "Index Scan", "Parent Relationship": "Inner", "Scan Direction": "Forward", "Index Name": "title_pkey", "Relation Name": "title", "Alias": "t", "Startup Cost": 0.0, "Total Cost": 0.69, "Plan Rows": 1, "Plan Width": 21, "Index Cond": "(id = mc.movie_id)", "Filter": "(production_year > 1990)"}]}, {"Node Type": "Index Scan", "Parent Relationship": "Inner", "Scan Direction": "Forward", "Index Name": "movie_id_movie_info", "Relation Name": "movie_info", "Alias": "mi", "Startup Cost": 0.0, "Total Cost": 0.88, "Plan Rows": 1, "Plan Width": 8, "Index Cond": "(movie_id = t.id)", "Filter": "((info)::text = ANY ('{Sweden,Norway,Germany,Denmark,Swedish,Denish,Norwegian,German,USA,American}'::text[]))"}]}]}]}]}, "Unique SQL Id": 322094867}, "explain_analyze_plan": {"Plan": {"Node Type": "Aggregate", "Strategy": "Plain", "Startup Cost": 551243.72, "Total Cost": 551243.73, "Plan Rows": 1, "Plan Width": 49, "Actual Startup Time": 1720.349, "Actual Total Time": 1720.349, "Actual Rows": 1, "Actual Loops": 1, "Plans": [{"Node Type": "Merge Join", "Parent Relationship": "Outer", "Join Type": "Inner", "Startup Cost": 545538.09, "Total Cost": 550416.1, "Plan Rows": 331050, "Plan Width": 17, "Actual Startup Time": 1719.83, "Actual Total Time": 1720.143, "Actual Rows": 669, "Actual Loops": 1, "Inner Unique": false, "Merge Cond": "(it.id = mi.info_type_id)", "Plans": [{"Node Type": "Index Only Scan", "Parent Relationship": "Outer", "Scan Direction": "Forward", "Index Name": "info_type_pkey", "Relation Name": "info_type", "Alias": "it", "Startup Cost": 0.0, "Total Cost": 2.12, "Plan Rows": 112, "Plan Width": 4, "Actual Startup Time": 0.014, "Actual Total Time": 0.022, "Actual Rows": 18, "Actual Loops": 1, "Heap Fetches": 0}, {"Node Type": "Sort", "Parent Relationship": "Inner", "Startup Cost": 545447.99, "Total Cost": 546275.61, "Plan Rows": 331050, "Plan Width": 21, "Actual Startup Time": 1719.798, "Actual Total Time": 1719.914, "Actual Rows": 669, "Actual Loops": 1, "Sort Key": ["mi.info_type_id"], "Sort Method": "quicksort", "Sort Space Used": 90, "Sort Space Type": "Memory", "Plans": [{"Node Type": "Nested Loop", "Parent Relationship": "Outer", "Join Type": "Inner", "Startup Cost": 52504.66, "Total Cost": 515096.18, "Plan Rows": 331050, "Plan Width": 21, "Actual Startup Time": 1097.544, "Actual Total Time": 1719.338, "Actual Rows": 669, "Actual Loops": 1, "Inner Unique": false, "Plans": [{"Node Type": "Nested Loop", "Parent Relationship": "Outer", "Join Type": "Inner", "Startup Cost": 52504.66, "Total Cost": 256578.11, "Plan Rows": 289936, "Plan Width": 25, "Actual Startup Time": 1097.512, "Actual Total Time": 1696.056, "Actual Rows": 767, "Actual Loops": 1, "Inner Unique": true, "Plans": [{"Node Type": "Merge Join", "Parent Relationship": "Outer", "Join Type": "Inner", "Startup Cost": 52504.66, "Total Cost": 109379.29, "Plan Rows": 209278, "Plan Width": 4, "Actual Startup Time": 1097.449, "Actual Total Time": 1689.426, "Actual Rows": 798, "Actual Loops": 1, "Inner Unique": false, "Merge Cond": "(ct.id = mc.company_type_id)", "Plans": [{"Node Type": "Index Scan", "Parent Relationship": "Outer", "Scan Direction": "Forward", "Index Name": "company_type_pkey", "Relation Name": "company_type", "Alias": "ct", "Startup Cost": 0.0, "Total Cost": 12.3, "Plan Rows": 1, "Plan Width": 4, "Actual Startup Time": 0.018, "Actual Total Time": 0.028, "Actual Rows": 1, "Actual Loops": 1, "Filter": "((kind)::text = 'production companies'::text)", "Rows Removed by Filter": 2}, {"Node Type": "Index Scan", "Parent Relationship": "Inner", "Scan Direction": "Forward", "Index Name": "company_type_id_movie_companies", "Relation Name": "movie_companies", "Alias": "mc", "Startup Cost": 0.0, "Total Cost": 106227.81, "Plan Rows": 418557, "Plan Width": 8, "Actual Startup Time": 0.029, "Actual Total Time": 1643.258, "Actual Rows": 295628, "Actual Loops": 1, "Filter": "(((note)::text !~~ '%(TV)%'::text) AND ((note)::text ~~ '%(USA)%'::text)), (LLVM Optimized, Jit Execute)", "Rows Removed by Filter": 2313500}]}, {"Node Type": "Index Scan", "Parent Relationship": "Inner", "Scan Direction": "Forward", "Index Name": "title_pkey", "Relation Name": "title", "Alias": "t", "Startup Cost": 0.0, "Total Cost": 0.69, "Plan Rows": 1, "Plan Width": 21, "Actual Startup Time": 5.658, "Actual Total Time": 5.658, "Actual Rows": 767, "Actual Loops": 798, "Index Cond": "(id = mc.movie_id)", "Rows Removed by Index Recheck": 0, "Filter": "(production_year > 1990)", "Rows Removed by Filter": 31}]}, {"Node Type": "Index Scan", "Parent Relationship": "Inner", "Scan Direction": "Forward", "Index Name": "movie_id_movie_info", "Relation Name": "movie_info", "Alias": "mi", "Startup Cost": 0.0, "Total Cost": 0.88, "Plan Rows": 1, "Plan Width": 8, "Actual Startup Time": 19.928, "Actual Total Time": 22.59, "Actual Rows": 669, "Actual Loops": 767, "Index Cond": "(movie_id = t.id)", "Rows Removed by Index Recheck": 0, "Filter": "((info)::text = ANY ('{Sweden,Norway,Germany,Denmark,Swedish,Denish,Norwegian,German,USA,American}'::text[]))", "Rows Removed by Filter": 7721}]}]}]}]}, "Triggers": [], "Planner Runtime": 7.117, "Total Runtime": 1729.537, "Unique SQL Id": 322094867}}, "(16, 81)": {"explain_plan": {"Plan": {"Node Type": "Aggregate", "Strategy": "Plain", "Startup Cost": 551251.39, "Total Cost": 551251.4, "Plan Rows": 1, "Plan Width": 49, "Plans": [{"Node Type": "Merge Join", "Parent Relationship": "Outer", "Join Type": "Inner", "Startup Cost": 545538.09, "Total Cost": 550423.77, "Plan Rows": 331050, "Plan Width": 17, "Inner Unique": false, "Merge Cond": "(it.id = mi.info_type_id)", "Plans": [{"Node Type": "Index Only Scan", "Parent Relationship": "Outer", "Scan Direction": "Forward", "Index Name": "info_type_pkey", "Relation Name": "info_type", "Alias": "it", "Startup Cost": 0.0, "Total Cost": 9.93, "Plan Rows": 112, "Plan Width": 4}, {"Node Type": "Sort", "Parent Relationship": "Inner", "Startup Cost": 545447.99, "Total Cost": 546275.61, "Plan Rows": 331050, "Plan Width": 21, "Sort Key": ["mi.info_type_id"], "Plans": [{"Node Type": "Nested Loop", "Parent Relationship": "Outer", "Join Type": "Inner", "Startup Cost": 52504.66, "Total Cost": 515096.18, "Plan Rows": 331050, "Plan Width": 21, "Inner Unique": false, "Plans": [{"Node Type": "Nested Loop", "Parent Relationship": "Outer", "Join Type": "Inner", "Startup Cost": 52504.66, "Total Cost": 256578.11, "Plan Rows": 289936, "Plan Width": 25, "Inner Unique": true, "Plans": [{"Node Type": "Merge Join", "Parent Relationship": "Outer", "Join Type": "Inner", "Startup Cost": 52504.66, "Total Cost": 109379.29, "Plan Rows": 209278, "Plan Width": 4, "Inner Unique": false, "Merge Cond": "(ct.id = mc.company_type_id)", "Plans": [{"Node Type": "Index Scan", "Parent Relationship": "Outer", "Scan Direction": "Forward", "Index Name": "company_type_pkey", "Relation Name": "company_type", "Alias": "ct", "Startup Cost": 0.0, "Total Cost": 12.3, "Plan Rows": 1, "Plan Width": 4, "Filter": "((kind)::text = 'production companies'::text)"}, {"Node Type": "Index Scan", "Parent Relationship": "Inner", "Scan Direction": "Forward", "Index Name": "company_type_id_movie_companies", "Relation Name": "movie_companies", "Alias": "mc", "Startup Cost": 0.0, "Total Cost": 106227.81, "Plan Rows": 418557, "Plan Width": 8, "Filter": "(((note)::text !~~ '%(TV)%'::text) AND ((note)::text ~~ '%(USA)%'::text)), (LLVM Optimized)"}]}, {"Node Type": "Index Scan", "Parent Relationship": "Inner", "Scan Direction": "Forward", "Index Name": "title_pkey", "Relation Name": "title", "Alias": "t", "Startup Cost": 0.0, "Total Cost": 0.69, "Plan Rows": 1, "Plan Width": 21, "Index Cond": "(id = mc.movie_id)", "Filter": "(production_year > 1990)"}]}, {"Node Type": "Index Scan", "Parent Relationship": "Inner", "Scan Direction": "Forward", "Index Name": "movie_id_movie_info", "Relation Name": "movie_info", "Alias": "mi", "Startup Cost": 0.0, "Total Cost": 0.88, "Plan Rows": 1, "Plan Width": 8, "Index Cond": "(movie_id = t.id)", "Filter": "((info)::text = ANY ('{Sweden,Norway,Germany,Denmark,Swedish,Denish,Norwegian,German,USA,American}'::text[]))"}]}]}]}]}, "Unique SQL Id": 322094867}, "explain_analyze_plan": null}, "(16, 82)": {"explain_plan": {"Plan": {"Node Type": "Aggregate", "Strategy": "Plain", "Startup Cost": 2170203.57, "Total Cost": 2170203.58, "Plan Rows": 1, "Plan Width": 49, "Plans": [{"Node Type": "Nested Loop", "Parent Relationship": "Outer", "Join Type": "Inner", "Startup Cost": 1130296.08, "Total Cost": 2169375.94, "Plan Rows": 331050, "Plan Width": 17, "Inner Unique": true, "Plans": [{"Node Type": "Merge Join", "Parent Relationship": "Outer", "Join Type": "Inner", "Startup Cost": 1130295.77, "Total Cost": 1133815.61, "Plan Rows": 238955, "Plan Width": 8, "Inner Unique": false, "Merge Cond": "(it.id = mi.info_type_id)", "Plans": [{"Node Type": "Sort", "Parent Relationship": "Outer", "Startup Cost": 5.93, "Total Cost": 6.21, "Plan Rows": 112, "Plan Width": 4, "Sort Key": ["it.id"], "Plans": [{"Node Type": "Seq Scan", "Parent Relationship": "Outer", "Relation Name": "info_type", "Alias": "it", "Startup Cost": 0.0, "Total Cost": 2.12, "Plan Rows": 112, "Plan Width": 4}]}, {"Node Type": "Sort", "Parent Relationship": "Inner", "Startup Cost": 1130224.8, "Total Cost": 1130822.19, "Plan Rows": 238955, "Plan Width": 12, "Sort Key": ["mi.info_type_id"], "Plans": [{"Node Type": "Nested Loop", "Parent Relationship": "Outer", "Join Type": "Inner", "Startup Cost": 28997.63, "Total Cost": 1108878.5, "Plan Rows": 238955, "Plan Width": 12, "Inner Unique": false, "Plans": [{"Node Type": "Nested Loop", "Parent Relationship": "Outer", "Join Type": "Inner", "Startup Cost": 28996.8, "Total Cost": 69646.5, "Plan Rows": 209278, "Plan Width": 4, "Inner Unique": false, "Plans": [{"Node Type": "Seq Scan", "Parent Relationship": "Outer", "Relation Name": "company_type", "Alias": "ct", "Startup Cost": 0.0, "Total Cost": 1.04, "Plan Rows": 1, "Plan Width": 4, "Filter": "((kind)::text = 'production companies'::text)"}, {"Node Type": "Bitmap Heap Scan", "Parent Relationship": "Inner", "Relation Name": "movie_companies", "Alias": "mc", "Startup Cost": 28996.8, "Total Cost": 67552.67, "Plan Rows": 209279, "Plan Width": 8, "Recheck Cond": "(company_type_id = ct.id), (LLVM Optimized)", "Filter": "(((note)::text !~~ '%(TV)%'::text) AND ((note)::text ~~ '%(USA)%'::text)), (LLVM Optimized)", "Plans": [{"Node Type": "Bitmap Index Scan", "Parent Relationship": "Outer", "Index Name": "company_type_id_movie_companies", "Startup Cost": 0.0, "Total Cost": 28944.48, "Plan Rows": 1304564, "Plan Width": 0, "Index Cond": "(company_type_id = ct.id)"}]}]}, {"Node Type": "Bitmap Heap Scan", "Parent Relationship": "Inner", "Relation Name": "movie_info", "Alias": "mi", "Startup Cost": 0.83, "Total Cost": 4.96, "Plan Rows": 1, "Plan Width": 8, "Recheck Cond": "(movie_id = mc.movie_id)", "Filter": "((info)::text = ANY ('{Sweden,Norway,Germany,Denmark,Swedish,Denish,Norwegian,German,USA,American}'::text[]))", "Plans": [{"Node Type": "Bitmap Index Scan", "Parent Relationship": "Outer", "Index Name": "movie_id_movie_info", "Startup Cost": 0.0, "Total Cost": 0.83, "Plan Rows": 5, "Plan Width": 0, "Index Cond": "(movie_id = mc.movie_id)"}]}]}]}]}, {"Node Type": "Bitmap Heap Scan", "Parent Relationship": "Inner", "Relation Name": "title", "Alias": "t", "Startup Cost": 0.31, "Total Cost": 4.32, "Plan Rows": 1, "Plan Width": 21, "Recheck Cond": "(id = mi.movie_id)", "Filter": "(production_year > 1990)", "Plans": [{"Node Type": "Bitmap Index Scan", "Parent Relationship": "Outer", "Index Name": "title_pkey", "Startup Cost": 0.0, "Total Cost": 0.31, "Plan Rows": 1, "Plan Width": 0, "Index Cond": "(id = mi.movie_id)"}]}]}]}, "Unique SQL Id": 322094867}, "explain_analyze_plan": {"Plan": {"Node Type": "Aggregate", "Strategy": "Plain", "Startup Cost": 2170203.57, "Total Cost": 2170203.58, "Plan Rows": 1, "Plan Width": 49, "Actual Startup Time": 742.156, "Actual Total Time": 742.157, "Actual Rows": 1, "Actual Loops": 1, "Plans": [{"Node Type": "Nested Loop", "Parent Relationship": "Outer", "Join Type": "Inner", "Startup Cost": 1130296.08, "Total Cost": 2169375.94, "Plan Rows": 331050, "Plan Width": 17, "Actual Startup Time": 736.08, "Actual Total Time": 741.802, "Actual Rows": 669, "Actual Loops": 1, "Inner Unique": true, "Plans": [{"Node Type": "Merge Join", "Parent Relationship": "Outer", "Join Type": "Inner", "Startup Cost": 1130295.77, "Total Cost": 1133815.61, "Plan Rows": 238955, "Plan Width": 8, "Actual Startup Time": 736.037, "Actual Total Time": 736.34, "Actual Rows": 691, "Actual Loops": 1, "Inner Unique": false, "Merge Cond": "(it.id = mi.info_type_id)", "Plans": [{"Node Type": "Sort", "Parent Relationship": "Outer", "Startup Cost": 5.93, "Total Cost": 6.21, "Plan Rows": 112, "Plan Width": 4, "Actual Startup Time": 0.093, "Actual Total Time": 0.098, "Actual Rows": 18, "Actual Loops": 1, "Sort Key": ["it.id"], "Sort Method": "quicksort", "Sort Space Used": 32, "Sort Space Type": "Memory", "Plans": [{"Node Type": "Seq Scan", "Parent Relationship": "Outer", "Relation Name": "info_type", "Alias": "it", "Startup Cost": 0.0, "Total Cost": 2.12, "Plan Rows": 112, "Plan Width": 4, "Actual Startup Time": 0.035, "Actual Total Time": 0.053, "Actual Rows": 112, "Actual Loops": 1}]}, {"Node Type": "Sort", "Parent Relationship": "Inner", "Startup Cost": 1130224.8, "Total Cost": 1130822.19, "Plan Rows": 238955, "Plan Width": 12, "Actual Startup Time": 735.933, "Actual Total Time": 736.026, "Actual Rows": 691, "Actual Loops": 1, "Sort Key": ["mi.info_type_id"], "Sort Method": "quicksort", "Sort Space Used": 89, "Sort Space Type": "Memory", "Plans": [{"Node Type": "Nested Loop", "Parent Relationship": "Outer", "Join Type": "Inner", "Startup Cost": 28997.63, "Total Cost": 1108878.5, "Plan Rows": 238955, "Plan Width": 12, "Actual Startup Time": 227.677, "Actual Total Time": 735.518, "Actual Rows": 691, "Actual Loops": 1, "Inner Unique": false, "Plans": [{"Node Type": "Nested Loop", "Parent Relationship": "Outer", "Join Type": "Inner", "Startup Cost": 28996.8, "Total Cost": 69646.5, "Plan Rows": 209278, "Plan Width": 4, "Actual Startup Time": 227.6, "Actual Total Time": 707.223, "Actual Rows": 798, "Actual Loops": 1, "Inner Unique": false, "Plans": [{"Node Type": "Seq Scan", "Parent Relationship": "Outer", "Relation Name": "company_type", "Alias": "ct", "Startup Cost": 0.0, "Total Cost": 1.04, "Plan Rows": 1, "Plan Width": 4, "Actual Startup Time": 0.01, "Actual Total Time": 0.017, "Actual Rows": 1, "Actual Loops": 1, "Filter": "((kind)::text = 'production companies'::text)", "Rows Removed by Filter": 2}, {"Node Type": "Bitmap Heap Scan", "Parent Relationship": "Inner", "Relation Name": "movie_companies", "Alias": "mc", "Startup Cost": 28996.8, "Total Cost": 67552.67, "Plan Rows": 209279, "Plan Width": 8, "Actual Startup Time": 227.583, "Actual Total Time": 706.963, "Actual Rows": 798, "Actual Loops": 1, "Recheck Cond": "(company_type_id = ct.id), (LLVM Optimized)", "Rows Removed by Index Recheck": 0, "Filter": "(((note)::text !~~ '%(TV)%'::text) AND ((note)::text ~~ '%(USA)%'::text)), (LLVM Optimized)", "Rows Removed by Filter": 1334085, "Exact Heap Blocks": 6196, "Lossy Heap Blocks": 6196, "Plans": [{"Node Type": "Bitmap Index Scan", "Parent Relationship": "Outer", "Index Name": "company_type_id_movie_companies", "Startup Cost": 0.0, "Total Cost": 28944.48, "Plan Rows": 1304564, "Plan Width": 0, "Actual Startup Time": 219.898, "Actual Total Time": 219.898, "Actual Rows": 1334883, "Actual Loops": 1, "Index Cond": "(company_type_id = ct.id)"}]}]}, {"Node Type": "Bitmap Heap Scan", "Parent Relationship": "Inner", "Relation Name": "movie_info", "Alias": "mi", "Startup Cost": 0.83, "Total Cost": 4.96, "Plan Rows": 1, "Plan Width": 8, "Actual Startup Time": 24.327, "Actual Total Time": 26.494, "Actual Rows": 691, "Actual Loops": 798, "Recheck Cond": "(movie_id = mc.movie_id)", "Rows Removed by Index Recheck": 0, "Filter": "((info)::text = ANY ('{Sweden,Norway,Germany,Denmark,Swedish,Denish,Norwegian,German,USA,American}'::text[]))", "Rows Removed by Filter": 7906, "Exact Heap Blocks": 6397, "Lossy Heap Blocks": 6397, "Plans": [{"Node Type": "Bitmap Index Scan", "Parent Relationship": "Outer", "Index Name": "movie_id_movie_info", "Startup Cost": 0.0, "Total Cost": 0.83, "Plan Rows": 5, "Plan Width": 0, "Actual Startup Time": 6.501, "Actual Total Time": 6.501, "Actual Rows": 8597, "Actual Loops": 798, "Index Cond": "(movie_id = mc.movie_id)"}]}]}]}]}, {"Node Type": "Bitmap Heap Scan", "Parent Relationship": "Inner", "Relation Name": "title", "Alias": "t", "Startup Cost": 0.31, "Total Cost": 4.32, "Plan Rows": 1, "Plan Width": 21, "Actual Startup Time": 4.523, "Actual Total Time": 4.523, "Actual Rows": 669, "Actual Loops": 691, "Recheck Cond": "(id = mi.movie_id)", "Rows Removed by Index Recheck": 0, "Filter": "(production_year > 1990)", "Rows Removed by Filter": 22, "Exact Heap Blocks": 691, "Lossy Heap Blocks": 691, "Plans": [{"Node Type": "Bitmap Index Scan", "Parent Relationship": "Outer", "Index Name": "title_pkey", "Startup Cost": 0.0, "Total Cost": 0.31, "Plan Rows": 1, "Plan Width": 0, "Actual Startup Time": 2.681, "Actual Total Time": 2.681, "Actual Rows": 691, "Actual Loops": 691, "Index Cond": "(id = mi.movie_id)"}]}]}]}, "Triggers": [], "Planner Runtime": 7.07, "Total Runtime": 751.846, "Unique SQL Id": 322094867}}, "(16, 83)": {"explain_plan": {"Plan": {"Node Type": "Aggregate", "Strategy": "Plain", "Startup Cost": 1297250.03, "Total Cost": 1297250.04, "Plan Rows": 1, "Plan Width": 49, "Plans": [{"Node Type": "Merge Join", "Parent Relationship": "Outer", "Join Type": "Inner", "Startup Cost": 1291546.21, "Total Cost": 1296422.41, "Plan Rows": 331050, "Plan Width": 17, "Inner Unique": false, "Merge Cond": "(it.id = mi.info_type_id)", "Plans": [{"Node Type": "Sort", "Parent Relationship": "Outer", "Startup Cost": 17.77, "Total Cost": 18.05, "Plan Rows": 112, "Plan Width": 4, "Sort Key": ["it.id"], "Plans": [{"Node Type": "Bitmap Heap Scan", "Parent Relationship": "Outer", "Relation Name": "info_type", "Alias": "it", "Startup Cost": 8.84, "Total Cost": 13.96, "Plan Rows": 112, "Plan Width": 4, "Plans": [{"Node Type": "Bitmap Index Scan", "Parent Relationship": "Outer", "Index Name": "info_type_pkey", "Startup Cost": 0.0, "Total Cost": 8.81, "Plan Rows": 112, "Plan Width": 0}]}]}, {"Node Type": "Sort", "Parent Relationship": "Inner", "Startup Cost": 1291438.34, "Total Cost": 1292265.96, "Plan Rows": 331050, "Plan Width": 21, "Sort Key": ["mi.info_type_id"], "Plans": [{"Node Type": "Merge Join", "Parent Relationship": "Outer", "Join Type": "Inner", "Startup Cost": 1241374.64, "Total Cost": 1261086.53, "Plan Rows": 331050, "Plan Width": 21, "Inner Unique": true, "Merge Cond": "(mi.movie_id = t.id)", "Plans": [{"Node Type": "Merge Join", "Parent Relationship": "Outer", "Join Type": "Inner", "Startup Cost": 943556.59, "Total Cost": 950622.81, "Plan Rows": 238955, "Plan Width": 12, "Inner Unique": false, "Merge Cond": "(mc.movie_id = mi.movie_id)", "Plans": [{"Node Type": "Sort", "Parent Relationship": "Outer", "Startup Cost": 88152.77, "Total Cost": 88675.96, "Plan Rows": 209278, "Plan Width": 4, "Sort Key": ["mc.movie_id"], "Plans": [{"Node Type": "Nested Loop", "Parent Relationship": "Outer", "Join Type": "Inner", "Startup Cost": 29005.06, "Total Cost": 69657.76, "Plan Rows": 209278, "Plan Width": 4, "Inner Unique": false, "Plans": [{"Node Type": "Bitmap Heap Scan", "Parent Relationship": "Outer", "Relation Name": "company_type", "Alias": "ct", "Startup Cost": 8.27, "Total Cost": 12.3, "Plan Rows": 1, "Plan Width": 4, "Filter": "((kind)::text = 'production companies'::text)", "Plans": [{"Node Type": "Bitmap Index Scan", "Parent Relationship": "Outer", "Index Name": "company_type_pkey", "Startup Cost": 0.0, "Total Cost": 8.27, "Plan Rows": 3, "Plan Width": 0}]}, {"Node Type": "Bitmap Heap Scan", "Parent Relationship": "Inner", "Relation Name": "movie_companies", "Alias": "mc", "Startup Cost": 28996.8, "Total Cost": 67552.67, "Plan Rows": 209279, "Plan Width": 8, "Recheck Cond": "(company_type_id = ct.id), (LLVM Optimized)", "Filter": "(((note)::text !~~ '%(TV)%'::text) AND ((note)::text ~~ '%(USA)%'::text)), (LLVM Optimized)", "Plans": [{"Node Type": "Bitmap Index Scan", "Parent Relationship": "Outer", "Index Name": "company_type_id_movie_companies", "Startup Cost": 0.0, "Total Cost": 28944.48, "Plan Rows": 1304564, "Plan Width": 0, "Index Cond": "(company_type_id = ct.id)"}]}]}]}, {"Node Type": "Sort", "Parent Relationship": "Inner", "Startup Cost": 855403.8, "Total Cost": 857219.74, "Plan Rows": 726375, "Plan Width": 8, "Sort Key": ["mi.movie_id"], "Plans": [{"Node Type": "Bitmap Heap Scan", "Parent Relationship": "Outer", "Relation Name": "movie_info", "Alias": "mi", "Startup Cost": 301827.67, "Total Cost": 784689.91, "Plan Rows": 726375, "Plan Width": 8, "Filter": "((info)::text = ANY ('{Sweden,Norway,Germany,Denmark,Swedish,Denish,Norwegian,German,USA,American}'::text[]))", "Plans": [{"Node Type": "Bitmap Index Scan", "Parent Relationship": "Outer", "Index Name": "movie_id_movie_info", "Startup Cost": 0.0, "Total Cost": 301646.08, "Plan Rows": 14869966, "Plan Width": 0}]}]}]}, {"Node Type": "Sort", "Parent Relationship": "Inner", "Startup Cost": 297817.83, "Total Cost": 302189.93, "Plan Rows": 1748840, "Plan Width": 21, "Sort Key": ["t.id"], "Plans": [{"Node Type": "Bitmap Heap Scan", "Parent Relationship": "Outer", "Relation Name": "title", "Alias": "t", "Startup Cost": 50091.01, "Total Cost": 116480.9, "Plan Rows": 1748840, "Plan Width": 21, "Filter": "(production_year > 1990), (LLVM Optimized)", "Plans": [{"Node Type": "Bitmap Index Scan", "Parent Relationship": "Outer", "Index Name": "title_pkey", "Startup Cost": 0.0, "Total Cost": 49653.81, "Plan Rows": 2528311, "Plan Width": 0}]}]}]}]}]}]}, "Unique SQL Id": 322094867}, "explain_analyze_plan": null}, "(16, 84)": {"explain_plan": {"Plan": {"Node Type": "Aggregate", "Strategy": "Plain", "Startup Cost": 551247.85, "Total Cost": 551247.86, "Plan Rows": 1, "Plan Width": 49, "Plans": [{"Node Type": "Merge Join", "Parent Relationship": "Outer", "Join Type": "Inner", "Startup Cost": 545544.02, "Total Cost": 550420.22, "Plan Rows": 331050, "Plan Width": 17, "Inner Unique": false, "Merge Cond": "(it.id = mi.info_type_id)", "Plans": [{"Node Type": "Sort", "Parent Relationship": "Outer", "Startup Cost": 5.93, "Total Cost": 6.21, "Plan Rows": 112, "Plan Width": 4, "Sort Key": ["it.id"], "Plans": [{"Node Type": "Seq Scan", "Parent Relationship": "Outer", "Relation Name": "info_type", "Alias": "it", "Startup Cost": 0.0, "Total Cost": 2.12, "Plan Rows": 112, "Plan Width": 4}]}, {"Node Type": "Sort", "Parent Relationship": "Inner", "Startup Cost": 545447.99, "Total Cost": 546275.61, "Plan Rows": 331050, "Plan Width": 21, "Sort Key": ["mi.info_type_id"], "Plans": [{"Node Type": "Nested Loop", "Parent Relationship": "Outer", "Join Type": "Inner", "Startup Cost": 52504.66, "Total Cost": 515096.18, "Plan Rows": 331050, "Plan Width": 21, "Inner Unique": false, "Plans": [{"Node Type": "Nested Loop", "Parent Relationship": "Outer", "Join Type": "Inner", "Startup Cost": 52504.66, "Total Cost": 256578.11, "Plan Rows": 289936, "Plan Width": 25, "Inner Unique": true, "Plans": [{"Node Type": "Merge Join", "Parent Relationship": "Outer", "Join Type": "Inner", "Startup Cost": 52504.66, "Total Cost": 109379.29, "Plan Rows": 209278, "Plan Width": 4, "Inner Unique": false, "Merge Cond": "(ct.id = mc.company_type_id)", "Plans": [{"Node Type": "Index Scan", "Parent Relationship": "Outer", "Scan Direction": "Forward", "Index Name": "company_type_pkey", "Relation Name": "company_type", "Alias": "ct", "Startup Cost": 0.0, "Total Cost": 12.3, "Plan Rows": 1, "Plan Width": 4, "Filter": "((kind)::text = 'production companies'::text)"}, {"Node Type": "Index Scan", "Parent Relationship": "Inner", "Scan Direction": "Forward", "Index Name": "company_type_id_movie_companies", "Relation Name": "movie_companies", "Alias": "mc", "Startup Cost": 0.0, "Total Cost": 106227.81, "Plan Rows": 418557, "Plan Width": 8, "Filter": "(((note)::text !~~ '%(TV)%'::text) AND ((note)::text ~~ '%(USA)%'::text)), (LLVM Optimized)"}]}, {"Node Type": "Index Scan", "Parent Relationship": "Inner", "Scan Direction": "Forward", "Index Name": "title_pkey", "Relation Name": "title", "Alias": "t", "Startup Cost": 0.0, "Total Cost": 0.69, "Plan Rows": 1, "Plan Width": 21, "Index Cond": "(id = mc.movie_id)", "Filter": "(production_year > 1990)"}]}, {"Node Type": "Index Scan", "Parent Relationship": "Inner", "Scan Direction": "Forward", "Index Name": "movie_id_movie_info", "Relation Name": "movie_info", "Alias": "mi", "Startup Cost": 0.0, "Total Cost": 0.88, "Plan Rows": 1, "Plan Width": 8, "Index Cond": "(movie_id = t.id)", "Filter": "((info)::text = ANY ('{Sweden,Norway,Germany,Denmark,Swedish,Denish,Norwegian,German,USA,American}'::text[]))"}]}]}]}]}, "Unique SQL Id": 322094867}, "explain_analyze_plan": null}, "(16, 85)": {"explain_plan": {"Plan": {"Node Type": "Aggregate", "Strategy": "Plain", "Startup Cost": 551255.32, "Total Cost": 551255.33, "Plan Rows": 1, "Plan Width": 49, "Plans": [{"Node Type": "Merge Join", "Parent Relationship": "Outer", "Join Type": "Inner", "Startup Cost": 545538.09, "Total Cost": 550427.7, "Plan Rows": 331050, "Plan Width": 17, "Inner Unique": false, "Merge Cond": "(it.id = mi.info_type_id)", "Plans": [{"Node Type": "Index Scan", "Parent Relationship": "Outer", "Scan Direction": "Forward", "Index Name": "info_type_pkey", "Relation Name": "info_type", "Alias": "it", "Startup Cost": 0.0, "Total Cost": 13.93, "Plan Rows": 112, "Plan Width": 4}, {"Node Type": "Sort", "Parent Relationship": "Inner", "Startup Cost": 545447.99, "Total Cost": 546275.61, "Plan Rows": 331050, "Plan Width": 21, "Sort Key": ["mi.info_type_id"], "Plans": [{"Node Type": "Nested Loop", "Parent Relationship": "Outer", "Join Type": "Inner", "Startup Cost": 52504.66, "Total Cost": 515096.18, "Plan Rows": 331050, "Plan Width": 21, "Inner Unique": false, "Plans": [{"Node Type": "Nested Loop", "Parent Relationship": "Outer", "Join Type": "Inner", "Startup Cost": 52504.66, "Total Cost": 256578.11, "Plan Rows": 289936, "Plan Width": 25, "Inner Unique": true, "Plans": [{"Node Type": "Merge Join", "Parent Relationship": "Outer", "Join Type": "Inner", "Startup Cost": 52504.66, "Total Cost": 109379.29, "Plan Rows": 209278, "Plan Width": 4, "Inner Unique": false, "Merge Cond": "(ct.id = mc.company_type_id)", "Plans": [{"Node Type": "Index Scan", "Parent Relationship": "Outer", "Scan Direction": "Forward", "Index Name": "company_type_pkey", "Relation Name": "company_type", "Alias": "ct", "Startup Cost": 0.0, "Total Cost": 12.3, "Plan Rows": 1, "Plan Width": 4, "Filter": "((kind)::text = 'production companies'::text)"}, {"Node Type": "Index Scan", "Parent Relationship": "Inner", "Scan Direction": "Forward", "Index Name": "company_type_id_movie_companies", "Relation Name": "movie_companies", "Alias": "mc", "Startup Cost": 0.0, "Total Cost": 106227.81, "Plan Rows": 418557, "Plan Width": 8, "Filter": "(((note)::text !~~ '%(TV)%'::text) AND ((note)::text ~~ '%(USA)%'::text)), (LLVM Optimized)"}]}, {"Node Type": "Index Scan", "Parent Relationship": "Inner", "Scan Direction": "Forward", "Index Name": "title_pkey", "Relation Name": "title", "Alias": "t", "Startup Cost": 0.0, "Total Cost": 0.69, "Plan Rows": 1, "Plan Width": 21, "Index Cond": "(id = mc.movie_id)", "Filter": "(production_year > 1990)"}]}, {"Node Type": "Index Scan", "Parent Relationship": "Inner", "Scan Direction": "Forward", "Index Name": "movie_id_movie_info", "Relation Name": "movie_info", "Alias": "mi", "Startup Cost": 0.0, "Total Cost": 0.88, "Plan Rows": 1, "Plan Width": 8, "Index Cond": "(movie_id = t.id)", "Filter": "((info)::text = ANY ('{Sweden,Norway,Germany,Denmark,Swedish,Denish,Norwegian,German,USA,American}'::text[]))"}]}]}]}]}, "Unique SQL Id": 322094867}, "explain_analyze_plan": null}, "(16, 86)": {"explain_plan": {"Plan": {"Node Type": "Aggregate", "Strategy": "Plain", "Startup Cost": 2170203.57, "Total Cost": 2170203.58, "Plan Rows": 1, "Plan Width": 49, "Plans": [{"Node Type": "Nested Loop", "Parent Relationship": "Outer", "Join Type": "Inner", "Startup Cost": 1130296.08, "Total Cost": 2169375.94, "Plan Rows": 331050, "Plan Width": 17, "Inner Unique": true, "Plans": [{"Node Type": "Merge Join", "Parent Relationship": "Outer", "Join Type": "Inner", "Startup Cost": 1130295.77, "Total Cost": 1133815.61, "Plan Rows": 238955, "Plan Width": 8, "Inner Unique": false, "Merge Cond": "(it.id = mi.info_type_id)", "Plans": [{"Node Type": "Sort", "Parent Relationship": "Outer", "Startup Cost": 5.93, "Total Cost": 6.21, "Plan Rows": 112, "Plan Width": 4, "Sort Key": ["it.id"], "Plans": [{"Node Type": "Seq Scan", "Parent Relationship": "Outer", "Relation Name": "info_type", "Alias": "it", "Startup Cost": 0.0, "Total Cost": 2.12, "Plan Rows": 112, "Plan Width": 4}]}, {"Node Type": "Sort", "Parent Relationship": "Inner", "Startup Cost": 1130224.8, "Total Cost": 1130822.19, "Plan Rows": 238955, "Plan Width": 12, "Sort Key": ["mi.info_type_id"], "Plans": [{"Node Type": "Nested Loop", "Parent Relationship": "Outer", "Join Type": "Inner", "Startup Cost": 28997.63, "Total Cost": 1108878.5, "Plan Rows": 238955, "Plan Width": 12, "Inner Unique": false, "Plans": [{"Node Type": "Nested Loop", "Parent Relationship": "Outer", "Join Type": "Inner", "Startup Cost": 28996.8, "Total Cost": 69646.5, "Plan Rows": 209278, "Plan Width": 4, "Inner Unique": false, "Plans": [{"Node Type": "Seq Scan", "Parent Relationship": "Outer", "Relation Name": "company_type", "Alias": "ct", "Startup Cost": 0.0, "Total Cost": 1.04, "Plan Rows": 1, "Plan Width": 4, "Filter": "((kind)::text = 'production companies'::text)"}, {"Node Type": "Bitmap Heap Scan", "Parent Relationship": "Inner", "Relation Name": "movie_companies", "Alias": "mc", "Startup Cost": 28996.8, "Total Cost": 67552.67, "Plan Rows": 209279, "Plan Width": 8, "Recheck Cond": "(company_type_id = ct.id), (LLVM Optimized)", "Filter": "(((note)::text !~~ '%(TV)%'::text) AND ((note)::text ~~ '%(USA)%'::text)), (LLVM Optimized)", "Plans": [{"Node Type": "Bitmap Index Scan", "Parent Relationship": "Outer", "Index Name": "company_type_id_movie_companies", "Startup Cost": 0.0, "Total Cost": 28944.48, "Plan Rows": 1304564, "Plan Width": 0, "Index Cond": "(company_type_id = ct.id)"}]}]}, {"Node Type": "Bitmap Heap Scan", "Parent Relationship": "Inner", "Relation Name": "movie_info", "Alias": "mi", "Startup Cost": 0.83, "Total Cost": 4.96, "Plan Rows": 1, "Plan Width": 8, "Recheck Cond": "(movie_id = mc.movie_id)", "Filter": "((info)::text = ANY ('{Sweden,Norway,Germany,Denmark,Swedish,Denish,Norwegian,German,USA,American}'::text[]))", "Plans": [{"Node Type": "Bitmap Index Scan", "Parent Relationship": "Outer", "Index Name": "movie_id_movie_info", "Startup Cost": 0.0, "Total Cost": 0.83, "Plan Rows": 5, "Plan Width": 0, "Index Cond": "(movie_id = mc.movie_id)"}]}]}]}]}, {"Node Type": "Bitmap Heap Scan", "Parent Relationship": "Inner", "Relation Name": "title", "Alias": "t", "Startup Cost": 0.31, "Total Cost": 4.32, "Plan Rows": 1, "Plan Width": 21, "Recheck Cond": "(id = mi.movie_id)", "Filter": "(production_year > 1990)", "Plans": [{"Node Type": "Bitmap Index Scan", "Parent Relationship": "Outer", "Index Name": "title_pkey", "Startup Cost": 0.0, "Total Cost": 0.31, "Plan Rows": 1, "Plan Width": 0, "Index Cond": "(id = mi.movie_id)"}]}]}]}, "Unique SQL Id": 322094867}, "explain_analyze_plan": {"Plan": {"Node Type": "Aggregate", "Strategy": "Plain", "Startup Cost": 2170203.57, "Total Cost": 2170203.58, "Plan Rows": 1, "Plan Width": 49, "Actual Startup Time": 742.156, "Actual Total Time": 742.157, "Actual Rows": 1, "Actual Loops": 1, "Plans": [{"Node Type": "Nested Loop", "Parent Relationship": "Outer", "Join Type": "Inner", "Startup Cost": 1130296.08, "Total Cost": 2169375.94, "Plan Rows": 331050, "Plan Width": 17, "Actual Startup Time": 736.08, "Actual Total Time": 741.802, "Actual Rows": 669, "Actual Loops": 1, "Inner Unique": true, "Plans": [{"Node Type": "Merge Join", "Parent Relationship": "Outer", "Join Type": "Inner", "Startup Cost": 1130295.77, "Total Cost": 1133815.61, "Plan Rows": 238955, "Plan Width": 8, "Actual Startup Time": 736.037, "Actual Total Time": 736.34, "Actual Rows": 691, "Actual Loops": 1, "Inner Unique": false, "Merge Cond": "(it.id = mi.info_type_id)", "Plans": [{"Node Type": "Sort", "Parent Relationship": "Outer", "Startup Cost": 5.93, "Total Cost": 6.21, "Plan Rows": 112, "Plan Width": 4, "Actual Startup Time": 0.093, "Actual Total Time": 0.098, "Actual Rows": 18, "Actual Loops": 1, "Sort Key": ["it.id"], "Sort Method": "quicksort", "Sort Space Used": 32, "Sort Space Type": "Memory", "Plans": [{"Node Type": "Seq Scan", "Parent Relationship": "Outer", "Relation Name": "info_type", "Alias": "it", "Startup Cost": 0.0, "Total Cost": 2.12, "Plan Rows": 112, "Plan Width": 4, "Actual Startup Time": 0.035, "Actual Total Time": 0.053, "Actual Rows": 112, "Actual Loops": 1}]}, {"Node Type": "Sort", "Parent Relationship": "Inner", "Startup Cost": 1130224.8, "Total Cost": 1130822.19, "Plan Rows": 238955, "Plan Width": 12, "Actual Startup Time": 735.933, "Actual Total Time": 736.026, "Actual Rows": 691, "Actual Loops": 1, "Sort Key": ["mi.info_type_id"], "Sort Method": "quicksort", "Sort Space Used": 89, "Sort Space Type": "Memory", "Plans": [{"Node Type": "Nested Loop", "Parent Relationship": "Outer", "Join Type": "Inner", "Startup Cost": 28997.63, "Total Cost": 1108878.5, "Plan Rows": 238955, "Plan Width": 12, "Actual Startup Time": 227.677, "Actual Total Time": 735.518, "Actual Rows": 691, "Actual Loops": 1, "Inner Unique": false, "Plans": [{"Node Type": "Nested Loop", "Parent Relationship": "Outer", "Join Type": "Inner", "Startup Cost": 28996.8, "Total Cost": 69646.5, "Plan Rows": 209278, "Plan Width": 4, "Actual Startup Time": 227.6, "Actual Total Time": 707.223, "Actual Rows": 798, "Actual Loops": 1, "Inner Unique": false, "Plans": [{"Node Type": "Seq Scan", "Parent Relationship": "Outer", "Relation Name": "company_type", "Alias": "ct", "Startup Cost": 0.0, "Total Cost": 1.04, "Plan Rows": 1, "Plan Width": 4, "Actual Startup Time": 0.01, "Actual Total Time": 0.017, "Actual Rows": 1, "Actual Loops": 1, "Filter": "((kind)::text = 'production companies'::text)", "Rows Removed by Filter": 2}, {"Node Type": "Bitmap Heap Scan", "Parent Relationship": "Inner", "Relation Name": "movie_companies", "Alias": "mc", "Startup Cost": 28996.8, "Total Cost": 67552.67, "Plan Rows": 209279, "Plan Width": 8, "Actual Startup Time": 227.583, "Actual Total Time": 706.963, "Actual Rows": 798, "Actual Loops": 1, "Recheck Cond": "(company_type_id = ct.id), (LLVM Optimized)", "Rows Removed by Index Recheck": 0, "Filter": "(((note)::text !~~ '%(TV)%'::text) AND ((note)::text ~~ '%(USA)%'::text)), (LLVM Optimized)", "Rows Removed by Filter": 1334085, "Exact Heap Blocks": 6196, "Lossy Heap Blocks": 6196, "Plans": [{"Node Type": "Bitmap Index Scan", "Parent Relationship": "Outer", "Index Name": "company_type_id_movie_companies", "Startup Cost": 0.0, "Total Cost": 28944.48, "Plan Rows": 1304564, "Plan Width": 0, "Actual Startup Time": 219.898, "Actual Total Time": 219.898, "Actual Rows": 1334883, "Actual Loops": 1, "Index Cond": "(company_type_id = ct.id)"}]}]}, {"Node Type": "Bitmap Heap Scan", "Parent Relationship": "Inner", "Relation Name": "movie_info", "Alias": "mi", "Startup Cost": 0.83, "Total Cost": 4.96, "Plan Rows": 1, "Plan Width": 8, "Actual Startup Time": 24.327, "Actual Total Time": 26.494, "Actual Rows": 691, "Actual Loops": 798, "Recheck Cond": "(movie_id = mc.movie_id)", "Rows Removed by Index Recheck": 0, "Filter": "((info)::text = ANY ('{Sweden,Norway,Germany,Denmark,Swedish,Denish,Norwegian,German,USA,American}'::text[]))", "Rows Removed by Filter": 7906, "Exact Heap Blocks": 6397, "Lossy Heap Blocks": 6397, "Plans": [{"Node Type": "Bitmap Index Scan", "Parent Relationship": "Outer", "Index Name": "movie_id_movie_info", "Startup Cost": 0.0, "Total Cost": 0.83, "Plan Rows": 5, "Plan Width": 0, "Actual Startup Time": 6.501, "Actual Total Time": 6.501, "Actual Rows": 8597, "Actual Loops": 798, "Index Cond": "(movie_id = mc.movie_id)"}]}]}]}]}, {"Node Type": "Bitmap Heap Scan", "Parent Relationship": "Inner", "Relation Name": "title", "Alias": "t", "Startup Cost": 0.31, "Total Cost": 4.32, "Plan Rows": 1, "Plan Width": 21, "Actual Startup Time": 4.523, "Actual Total Time": 4.523, "Actual Rows": 669, "Actual Loops": 691, "Recheck Cond": "(id = mi.movie_id)", "Rows Removed by Index Recheck": 0, "Filter": "(production_year > 1990)", "Rows Removed by Filter": 22, "Exact Heap Blocks": 691, "Lossy Heap Blocks": 691, "Plans": [{"Node Type": "Bitmap Index Scan", "Parent Relationship": "Outer", "Index Name": "title_pkey", "Startup Cost": 0.0, "Total Cost": 0.31, "Plan Rows": 1, "Plan Width": 0, "Actual Startup Time": 2.681, "Actual Total Time": 2.681, "Actual Rows": 691, "Actual Loops": 691, "Index Cond": "(id = mi.movie_id)"}]}]}]}, "Triggers": [], "Planner Runtime": 7.07, "Total Runtime": 751.846, "Unique SQL Id": 322094867}}, "(16, 87)": {"explain_plan": {"Plan": {"Node Type": "Aggregate", "Strategy": "Plain", "Startup Cost": 1297250.03, "Total Cost": 1297250.04, "Plan Rows": 1, "Plan Width": 49, "Plans": [{"Node Type": "Merge Join", "Parent Relationship": "Outer", "Join Type": "Inner", "Startup Cost": 1291546.21, "Total Cost": 1296422.41, "Plan Rows": 331050, "Plan Width": 17, "Inner Unique": false, "Merge Cond": "(it.id = mi.info_type_id)", "Plans": [{"Node Type": "Sort", "Parent Relationship": "Outer", "Startup Cost": 17.77, "Total Cost": 18.05, "Plan Rows": 112, "Plan Width": 4, "Sort Key": ["it.id"], "Plans": [{"Node Type": "Bitmap Heap Scan", "Parent Relationship": "Outer", "Relation Name": "info_type", "Alias": "it", "Startup Cost": 8.84, "Total Cost": 13.96, "Plan Rows": 112, "Plan Width": 4, "Plans": [{"Node Type": "Bitmap Index Scan", "Parent Relationship": "Outer", "Index Name": "info_type_pkey", "Startup Cost": 0.0, "Total Cost": 8.81, "Plan Rows": 112, "Plan Width": 0}]}]}, {"Node Type": "Sort", "Parent Relationship": "Inner", "Startup Cost": 1291438.34, "Total Cost": 1292265.96, "Plan Rows": 331050, "Plan Width": 21, "Sort Key": ["mi.info_type_id"], "Plans": [{"Node Type": "Merge Join", "Parent Relationship": "Outer", "Join Type": "Inner", "Startup Cost": 1241374.64, "Total Cost": 1261086.53, "Plan Rows": 331050, "Plan Width": 21, "Inner Unique": true, "Merge Cond": "(mi.movie_id = t.id)", "Plans": [{"Node Type": "Merge Join", "Parent Relationship": "Outer", "Join Type": "Inner", "Startup Cost": 943556.59, "Total Cost": 950622.81, "Plan Rows": 238955, "Plan Width": 12, "Inner Unique": false, "Merge Cond": "(mc.movie_id = mi.movie_id)", "Plans": [{"Node Type": "Sort", "Parent Relationship": "Outer", "Startup Cost": 88152.77, "Total Cost": 88675.96, "Plan Rows": 209278, "Plan Width": 4, "Sort Key": ["mc.movie_id"], "Plans": [{"Node Type": "Nested Loop", "Parent Relationship": "Outer", "Join Type": "Inner", "Startup Cost": 29005.06, "Total Cost": 69657.76, "Plan Rows": 209278, "Plan Width": 4, "Inner Unique": false, "Plans": [{"Node Type": "Bitmap Heap Scan", "Parent Relationship": "Outer", "Relation Name": "company_type", "Alias": "ct", "Startup Cost": 8.27, "Total Cost": 12.3, "Plan Rows": 1, "Plan Width": 4, "Filter": "((kind)::text = 'production companies'::text)", "Plans": [{"Node Type": "Bitmap Index Scan", "Parent Relationship": "Outer", "Index Name": "company_type_pkey", "Startup Cost": 0.0, "Total Cost": 8.27, "Plan Rows": 3, "Plan Width": 0}]}, {"Node Type": "Bitmap Heap Scan", "Parent Relationship": "Inner", "Relation Name": "movie_companies", "Alias": "mc", "Startup Cost": 28996.8, "Total Cost": 67552.67, "Plan Rows": 209279, "Plan Width": 8, "Recheck Cond": "(company_type_id = ct.id), (LLVM Optimized)", "Filter": "(((note)::text !~~ '%(TV)%'::text) AND ((note)::text ~~ '%(USA)%'::text)), (LLVM Optimized)", "Plans": [{"Node Type": "Bitmap Index Scan", "Parent Relationship": "Outer", "Index Name": "company_type_id_movie_companies", "Startup Cost": 0.0, "Total Cost": 28944.48, "Plan Rows": 1304564, "Plan Width": 0, "Index Cond": "(company_type_id = ct.id)"}]}]}]}, {"Node Type": "Sort", "Parent Relationship": "Inner", "Startup Cost": 855403.8, "Total Cost": 857219.74, "Plan Rows": 726375, "Plan Width": 8, "Sort Key": ["mi.movie_id"], "Plans": [{"Node Type": "Bitmap Heap Scan", "Parent Relationship": "Outer", "Relation Name": "movie_info", "Alias": "mi", "Startup Cost": 301827.67, "Total Cost": 784689.91, "Plan Rows": 726375, "Plan Width": 8, "Filter": "((info)::text = ANY ('{Sweden,Norway,Germany,Denmark,Swedish,Denish,Norwegian,German,USA,American}'::text[]))", "Plans": [{"Node Type": "Bitmap Index Scan", "Parent Relationship": "Outer", "Index Name": "movie_id_movie_info", "Startup Cost": 0.0, "Total Cost": 301646.08, "Plan Rows": 14869966, "Plan Width": 0}]}]}]}, {"Node Type": "Sort", "Parent Relationship": "Inner", "Startup Cost": 297817.83, "Total Cost": 302189.93, "Plan Rows": 1748840, "Plan Width": 21, "Sort Key": ["t.id"], "Plans": [{"Node Type": "Bitmap Heap Scan", "Parent Relationship": "Outer", "Relation Name": "title", "Alias": "t", "Startup Cost": 50091.01, "Total Cost": 116480.9, "Plan Rows": 1748840, "Plan Width": 21, "Filter": "(production_year > 1990), (LLVM Optimized)", "Plans": [{"Node Type": "Bitmap Index Scan", "Parent Relationship": "Outer", "Index Name": "title_pkey", "Startup Cost": 0.0, "Total Cost": 49653.81, "Plan Rows": 2528311, "Plan Width": 0}]}]}]}]}]}]}, "Unique SQL Id": 322094867}, "explain_analyze_plan": null}, "(16, 88)": {"explain_plan": {"Plan": {"Node Type": "Aggregate", "Strategy": "Plain", "Startup Cost": 551243.72, "Total Cost": 551243.73, "Plan Rows": 1, "Plan Width": 49, "Plans": [{"Node Type": "Merge Join", "Parent Relationship": "Outer", "Join Type": "Inner", "Startup Cost": 545538.09, "Total Cost": 550416.1, "Plan Rows": 331050, "Plan Width": 17, "Inner Unique": false, "Merge Cond": "(it.id = mi.info_type_id)", "Plans": [{"Node Type": "Index Only Scan", "Parent Relationship": "Outer", "Scan Direction": "Forward", "Index Name": "info_type_pkey", "Relation Name": "info_type", "Alias": "it", "Startup Cost": 0.0, "Total Cost": 2.12, "Plan Rows": 112, "Plan Width": 4}, {"Node Type": "Sort", "Parent Relationship": "Inner", "Startup Cost": 545447.99, "Total Cost": 546275.61, "Plan Rows": 331050, "Plan Width": 21, "Sort Key": ["mi.info_type_id"], "Plans": [{"Node Type": "Nested Loop", "Parent Relationship": "Outer", "Join Type": "Inner", "Startup Cost": 52504.66, "Total Cost": 515096.18, "Plan Rows": 331050, "Plan Width": 21, "Inner Unique": false, "Plans": [{"Node Type": "Nested Loop", "Parent Relationship": "Outer", "Join Type": "Inner", "Startup Cost": 52504.66, "Total Cost": 256578.11, "Plan Rows": 289936, "Plan Width": 25, "Inner Unique": true, "Plans": [{"Node Type": "Merge Join", "Parent Relationship": "Outer", "Join Type": "Inner", "Startup Cost": 52504.66, "Total Cost": 109379.29, "Plan Rows": 209278, "Plan Width": 4, "Inner Unique": false, "Merge Cond": "(ct.id = mc.company_type_id)", "Plans": [{"Node Type": "Index Scan", "Parent Relationship": "Outer", "Scan Direction": "Forward", "Index Name": "company_type_pkey", "Relation Name": "company_type", "Alias": "ct", "Startup Cost": 0.0, "Total Cost": 12.3, "Plan Rows": 1, "Plan Width": 4, "Filter": "((kind)::text = 'production companies'::text)"}, {"Node Type": "Index Scan", "Parent Relationship": "Inner", "Scan Direction": "Forward", "Index Name": "company_type_id_movie_companies", "Relation Name": "movie_companies", "Alias": "mc", "Startup Cost": 0.0, "Total Cost": 106227.81, "Plan Rows": 418557, "Plan Width": 8, "Filter": "(((note)::text !~~ '%(TV)%'::text) AND ((note)::text ~~ '%(USA)%'::text)), (LLVM Optimized)"}]}, {"Node Type": "Index Scan", "Parent Relationship": "Inner", "Scan Direction": "Forward", "Index Name": "title_pkey", "Relation Name": "title", "Alias": "t", "Startup Cost": 0.0, "Total Cost": 0.69, "Plan Rows": 1, "Plan Width": 21, "Index Cond": "(id = mc.movie_id)", "Filter": "(production_year > 1990)"}]}, {"Node Type": "Index Scan", "Parent Relationship": "Inner", "Scan Direction": "Forward", "Index Name": "movie_id_movie_info", "Relation Name": "movie_info", "Alias": "mi", "Startup Cost": 0.0, "Total Cost": 0.88, "Plan Rows": 1, "Plan Width": 8, "Index Cond": "(movie_id = t.id)", "Filter": "((info)::text = ANY ('{Sweden,Norway,Germany,Denmark,Swedish,Denish,Norwegian,German,USA,American}'::text[]))"}]}]}]}]}, "Unique SQL Id": 322094867}, "explain_analyze_plan": {"Plan": {"Node Type": "Aggregate", "Strategy": "Plain", "Startup Cost": 551243.72, "Total Cost": 551243.73, "Plan Rows": 1, "Plan Width": 49, "Actual Startup Time": 1720.349, "Actual Total Time": 1720.349, "Actual Rows": 1, "Actual Loops": 1, "Plans": [{"Node Type": "Merge Join", "Parent Relationship": "Outer", "Join Type": "Inner", "Startup Cost": 545538.09, "Total Cost": 550416.1, "Plan Rows": 331050, "Plan Width": 17, "Actual Startup Time": 1719.83, "Actual Total Time": 1720.143, "Actual Rows": 669, "Actual Loops": 1, "Inner Unique": false, "Merge Cond": "(it.id = mi.info_type_id)", "Plans": [{"Node Type": "Index Only Scan", "Parent Relationship": "Outer", "Scan Direction": "Forward", "Index Name": "info_type_pkey", "Relation Name": "info_type", "Alias": "it", "Startup Cost": 0.0, "Total Cost": 2.12, "Plan Rows": 112, "Plan Width": 4, "Actual Startup Time": 0.014, "Actual Total Time": 0.022, "Actual Rows": 18, "Actual Loops": 1, "Heap Fetches": 0}, {"Node Type": "Sort", "Parent Relationship": "Inner", "Startup Cost": 545447.99, "Total Cost": 546275.61, "Plan Rows": 331050, "Plan Width": 21, "Actual Startup Time": 1719.798, "Actual Total Time": 1719.914, "Actual Rows": 669, "Actual Loops": 1, "Sort Key": ["mi.info_type_id"], "Sort Method": "quicksort", "Sort Space Used": 90, "Sort Space Type": "Memory", "Plans": [{"Node Type": "Nested Loop", "Parent Relationship": "Outer", "Join Type": "Inner", "Startup Cost": 52504.66, "Total Cost": 515096.18, "Plan Rows": 331050, "Plan Width": 21, "Actual Startup Time": 1097.544, "Actual Total Time": 1719.338, "Actual Rows": 669, "Actual Loops": 1, "Inner Unique": false, "Plans": [{"Node Type": "Nested Loop", "Parent Relationship": "Outer", "Join Type": "Inner", "Startup Cost": 52504.66, "Total Cost": 256578.11, "Plan Rows": 289936, "Plan Width": 25, "Actual Startup Time": 1097.512, "Actual Total Time": 1696.056, "Actual Rows": 767, "Actual Loops": 1, "Inner Unique": true, "Plans": [{"Node Type": "Merge Join", "Parent Relationship": "Outer", "Join Type": "Inner", "Startup Cost": 52504.66, "Total Cost": 109379.29, "Plan Rows": 209278, "Plan Width": 4, "Actual Startup Time": 1097.449, "Actual Total Time": 1689.426, "Actual Rows": 798, "Actual Loops": 1, "Inner Unique": false, "Merge Cond": "(ct.id = mc.company_type_id)", "Plans": [{"Node Type": "Index Scan", "Parent Relationship": "Outer", "Scan Direction": "Forward", "Index Name": "company_type_pkey", "Relation Name": "company_type", "Alias": "ct", "Startup Cost": 0.0, "Total Cost": 12.3, "Plan Rows": 1, "Plan Width": 4, "Actual Startup Time": 0.018, "Actual Total Time": 0.028, "Actual Rows": 1, "Actual Loops": 1, "Filter": "((kind)::text = 'production companies'::text)", "Rows Removed by Filter": 2}, {"Node Type": "Index Scan", "Parent Relationship": "Inner", "Scan Direction": "Forward", "Index Name": "company_type_id_movie_companies", "Relation Name": "movie_companies", "Alias": "mc", "Startup Cost": 0.0, "Total Cost": 106227.81, "Plan Rows": 418557, "Plan Width": 8, "Actual Startup Time": 0.029, "Actual Total Time": 1643.258, "Actual Rows": 295628, "Actual Loops": 1, "Filter": "(((note)::text !~~ '%(TV)%'::text) AND ((note)::text ~~ '%(USA)%'::text)), (LLVM Optimized, Jit Execute)", "Rows Removed by Filter": 2313500}]}, {"Node Type": "Index Scan", "Parent Relationship": "Inner", "Scan Direction": "Forward", "Index Name": "title_pkey", "Relation Name": "title", "Alias": "t", "Startup Cost": 0.0, "Total Cost": 0.69, "Plan Rows": 1, "Plan Width": 21, "Actual Startup Time": 5.658, "Actual Total Time": 5.658, "Actual Rows": 767, "Actual Loops": 798, "Index Cond": "(id = mc.movie_id)", "Rows Removed by Index Recheck": 0, "Filter": "(production_year > 1990)", "Rows Removed by Filter": 31}]}, {"Node Type": "Index Scan", "Parent Relationship": "Inner", "Scan Direction": "Forward", "Index Name": "movie_id_movie_info", "Relation Name": "movie_info", "Alias": "mi", "Startup Cost": 0.0, "Total Cost": 0.88, "Plan Rows": 1, "Plan Width": 8, "Actual Startup Time": 19.928, "Actual Total Time": 22.59, "Actual Rows": 669, "Actual Loops": 767, "Index Cond": "(movie_id = t.id)", "Rows Removed by Index Recheck": 0, "Filter": "((info)::text = ANY ('{Sweden,Norway,Germany,Denmark,Swedish,Denish,Norwegian,German,USA,American}'::text[]))", "Rows Removed by Filter": 7721}]}]}]}]}, "Triggers": [], "Planner Runtime": 7.117, "Total Runtime": 1729.537, "Unique SQL Id": 322094867}}, "(16, 89)": {"explain_plan": {"Plan": {"Node Type": "Aggregate", "Strategy": "Plain", "Startup Cost": 551251.39, "Total Cost": 551251.4, "Plan Rows": 1, "Plan Width": 49, "Plans": [{"Node Type": "Merge Join", "Parent Relationship": "Outer", "Join Type": "Inner", "Startup Cost": 545538.09, "Total Cost": 550423.77, "Plan Rows": 331050, "Plan Width": 17, "Inner Unique": false, "Merge Cond": "(it.id = mi.info_type_id)", "Plans": [{"Node Type": "Index Only Scan", "Parent Relationship": "Outer", "Scan Direction": "Forward", "Index Name": "info_type_pkey", "Relation Name": "info_type", "Alias": "it", "Startup Cost": 0.0, "Total Cost": 9.93, "Plan Rows": 112, "Plan Width": 4}, {"Node Type": "Sort", "Parent Relationship": "Inner", "Startup Cost": 545447.99, "Total Cost": 546275.61, "Plan Rows": 331050, "Plan Width": 21, "Sort Key": ["mi.info_type_id"], "Plans": [{"Node Type": "Nested Loop", "Parent Relationship": "Outer", "Join Type": "Inner", "Startup Cost": 52504.66, "Total Cost": 515096.18, "Plan Rows": 331050, "Plan Width": 21, "Inner Unique": false, "Plans": [{"Node Type": "Nested Loop", "Parent Relationship": "Outer", "Join Type": "Inner", "Startup Cost": 52504.66, "Total Cost": 256578.11, "Plan Rows": 289936, "Plan Width": 25, "Inner Unique": true, "Plans": [{"Node Type": "Merge Join", "Parent Relationship": "Outer", "Join Type": "Inner", "Startup Cost": 52504.66, "Total Cost": 109379.29, "Plan Rows": 209278, "Plan Width": 4, "Inner Unique": false, "Merge Cond": "(ct.id = mc.company_type_id)", "Plans": [{"Node Type": "Index Scan", "Parent Relationship": "Outer", "Scan Direction": "Forward", "Index Name": "company_type_pkey", "Relation Name": "company_type", "Alias": "ct", "Startup Cost": 0.0, "Total Cost": 12.3, "Plan Rows": 1, "Plan Width": 4, "Filter": "((kind)::text = 'production companies'::text)"}, {"Node Type": "Index Scan", "Parent Relationship": "Inner", "Scan Direction": "Forward", "Index Name": "company_type_id_movie_companies", "Relation Name": "movie_companies", "Alias": "mc", "Startup Cost": 0.0, "Total Cost": 106227.81, "Plan Rows": 418557, "Plan Width": 8, "Filter": "(((note)::text !~~ '%(TV)%'::text) AND ((note)::text ~~ '%(USA)%'::text)), (LLVM Optimized)"}]}, {"Node Type": "Index Scan", "Parent Relationship": "Inner", "Scan Direction": "Forward", "Index Name": "title_pkey", "Relation Name": "title", "Alias": "t", "Startup Cost": 0.0, "Total Cost": 0.69, "Plan Rows": 1, "Plan Width": 21, "Index Cond": "(id = mc.movie_id)", "Filter": "(production_year > 1990)"}]}, {"Node Type": "Index Scan", "Parent Relationship": "Inner", "Scan Direction": "Forward", "Index Name": "movie_id_movie_info", "Relation Name": "movie_info", "Alias": "mi", "Startup Cost": 0.0, "Total Cost": 0.88, "Plan Rows": 1, "Plan Width": 8, "Index Cond": "(movie_id = t.id)", "Filter": "((info)::text = ANY ('{Sweden,Norway,Germany,Denmark,Swedish,Denish,Norwegian,German,USA,American}'::text[]))"}]}]}]}]}, "Unique SQL Id": 322094867}, "explain_analyze_plan": null}, "(16, 90)": {"explain_plan": {"Plan": {"Node Type": "Aggregate", "Strategy": "Plain", "Startup Cost": 2099002322742.33, "Total Cost": 2099002322742.34, "Plan Rows": 1, "Plan Width": 49, "Plans": [{"Node Type": "Merge Join", "Parent Relationship": "Outer", "Join Type": "Inner", "Startup Cost": 1109716969852.85, "Total Cost": 2099002321914.7, "Plan Rows": 331050, "Plan Width": 17, "Inner Unique": false, "Merge Cond": "(t.id = mi.movie_id)", "Plans": [{"Node Type": "Index Scan", "Parent Relationship": "Outer", "Scan Direction": "Forward", "Index Name": "title_pkey", "Relation Name": "title", "Alias": "t", "Startup Cost": 10000000000.0, "Total Cost": 1000011644126.66, "Plan Rows": 1748840, "Plan Width": 21, "Filter": "(production_year > 1990), (LLVM Optimized)"}, {"Node Type": "Sort", "Parent Relationship": "Inner", "Startup Cost": 1099692061620.8, "Total Cost": 1099692062218.19, "Plan Rows": 238955, "Plan Width": 8, "Sort Key": ["mc.movie_id"], "Plans": [{"Node Type": "Merge Join", "Parent Relationship": "Outer", "Join Type": "Inner", "Startup Cost": 1099692036754.66, "Total Cost": 1099692040274.5, "Plan Rows": 238955, "Plan Width": 8, "Inner Unique": false, "Merge Cond": "(it.id = mi.info_type_id)", "Plans": [{"Node Type": "Sort", "Parent Relationship": "Outer", "Startup Cost": 5.93, "Total Cost": 6.21, "Plan Rows": 112, "Plan Width": 4, "Sort Key": ["it.id"], "Plans": [{"Node Type": "Seq Scan", "Parent Relationship": "Outer", "Relation Name": "info_type", "Alias": "it", "Startup Cost": 0.0, "Total Cost": 2.12, "Plan Rows": 112, "Plan Width": 4}]}, {"Node Type": "Sort", "Parent Relationship": "Inner", "Startup Cost": 1099692036683.69, "Total Cost": 1099692037281.08, "Plan Rows": 238955, "Plan Width": 12, "Sort Key": ["mi.info_type_id"], "Plans": [{"Node Type": "Merge Join", "Parent Relationship": "Outer", "Join Type": "Inner", "Startup Cost": 110000345447.45, "Total Cost": 1099692015337.39, "Plan Rows": 238955, "Plan Width": 12, "Inner Unique": false, "Merge Cond": "(mi.movie_id = mc.movie_id)", "Plans": [{"Node Type": "Index Scan", "Parent Relationship": "Outer", "Scan Direction": "Forward", "Index Name": "movie_id_movie_info", "Relation Name": "movie_info", "Alias": "mi", "Startup Cost": 10000000000.0, "Total Cost": 1000122404369.72, "Plan Rows": 726375, "Plan Width": 8, "Filter": "((info)::text = ANY ('{Sweden,Norway,Germany,Denmark,Swedish,Denish,Norwegian,German,USA,American}'::text[]))"}, {"Node Type": "Sort", "Parent Relationship": "Inner", "Startup Cost": 100000345447.43, "Total Cost": 100000345970.63, "Plan Rows": 209278, "Plan Width": 4, "Sort Key": ["mc.movie_id"], "Plans": [{"Node Type": "Nested Loop", "Parent Relationship": "Outer", "Join Type": "Inner", "Startup Cost": 10000000000.0, "Total Cost": 100000326952.43, "Plan Rows": 209278, "Plan Width": 4, "Inner Unique": false, "Join Filter": "(ct.id = mc.company_type_id), (LLVM Optimized)", "Plans": [{"Node Type": "Seq Scan", "Parent Relationship": "Outer", "Relation Name": "company_type", "Alias": "ct", "Startup Cost": 0.0, "Total Cost": 1.04, "Plan Rows": 1, "Plan Width": 4, "Filter": "((kind)::text = 'production companies'::text)"}, {"Node Type": "Materialize", "Parent Relationship": "Inner", "Startup Cost": 0.0, "Total Cost": 28508.64, "Plan Rows": 418557, "Plan Width": 8, "Plans": [{"Node Type": "Streaming(type: LOCAL GATHER dop: 1/16)", "Parent Relationship": "Outer", "Startup Cost": 0.0, "Total Cost": 27462.24, "Plan Rows": 418557, "Plan Width": 8, "Plans": [{"Node Type": "Seq Scan", "Parent Relationship": "Outer", "Relation Name": "movie_companies", "Alias": "mc", "Startup Cost": 0.0, "Total Cost": 18428.93, "Plan Rows": 418557, "Plan Width": 8, "Filter": "(((note)::text !~~ '%(TV)%'::text) AND ((note)::text ~~ '%(USA)%'::text)), (LLVM Optimized)"}]}]}]}]}]}]}]}]}]}]}, "Unique SQL Id": 322094867}, "explain_analyze_plan": null}, "(16, 91)": {"explain_plan": {"Plan": {"Node Type": "Aggregate", "Strategy": "Plain", "Startup Cost": 4981334052020.34, "Total Cost": 4981334052020.35, "Plan Rows": 1, "Plan Width": 49, "Plans": [{"Node Type": "Merge Join", "Parent Relationship": "Outer", "Join Type": "Inner", "Startup Cost": 3992048699591.33, "Total Cost": 4981334051192.72, "Plan Rows": 331050, "Plan Width": 17, "Inner Unique": true, "Merge Cond": "(mi.movie_id = t.id)", "Plans": [{"Node Type": "Sort", "Parent Relationship": "Outer", "Startup Cost": 3982023791359.29, "Total Cost": 3982023791956.68, "Plan Rows": 238955, "Plan Width": 8, "Sort Key": ["mc.movie_id"], "Plans": [{"Node Type": "Merge Join", "Parent Relationship": "Outer", "Join Type": "Inner", "Startup Cost": 3009702336946.72, "Total Cost": 3982023770012.98, "Plan Rows": 238955, "Plan Width": 8, "Inner Unique": false, "Merge Cond": "(it.id = mi.info_type_id)", "Plans": [{"Node Type": "Index Only Scan", "Parent Relationship": "Outer", "Scan Direction": "Forward", "Index Name": "info_type_pkey", "Relation Name": "info_type", "Alias": "it", "Startup Cost": 10000000000.0, "Total Cost": 1000000000993.0, "Plan Rows": 112, "Plan Width": 4}, {"Node Type": "Sort", "Parent Relationship": "Inner", "Startup Cost": 2999702336881.69, "Total Cost": 2999702337479.07, "Plan Rows": 238955, "Plan Width": 12, "Sort Key": ["mi.info_type_id"], "Plans": [{"Node Type": "Merge Join", "Parent Relationship": "Outer", "Join Type": "Inner", "Startup Cost": 2010010645645.45, "Total Cost": 2999702315535.38, "Plan Rows": 238955, "Plan Width": 12, "Inner Unique": false, "Merge Cond": "(mi.movie_id = mc.movie_id)", "Plans": [{"Node Type": "Index Scan", "Parent Relationship": "Outer", "Scan Direction": "Forward", "Index Name": "movie_id_movie_info", "Relation Name": "movie_info", "Alias": "mi", "Startup Cost": 10000000000.0, "Total Cost": 1000122404369.72, "Plan Rows": 726375, "Plan Width": 8, "Filter": "((info)::text = ANY ('{Sweden,Norway,Germany,Denmark,Swedish,Denish,Norwegian,German,USA,American}'::text[]))"}, {"Node Type": "Sort", "Parent Relationship": "Inner", "Startup Cost": 2000010645645.43, "Total Cost": 2000010646168.63, "Plan Rows": 209278, "Plan Width": 4, "Sort Key": ["mc.movie_id"], "Plans": [{"Node Type": "Merge Join", "Parent Relationship": "Outer", "Join Type": "Inner", "Startup Cost": 504554257597.6, "Total Cost": 2000010627150.43, "Plan Rows": 209278, "Plan Width": 4, "Inner Unique": false, "Merge Cond": "(ct.id = mc.company_type_id)", "Plans": [{"Node Type": "Index Scan", "Parent Relationship": "Outer", "Scan Direction": "Forward", "Index Name": "company_type_pkey", "Relation Name": "company_type", "Alias": "ct", "Startup Cost": 10000000000.0, "Total Cost": 1000000001230.25, "Plan Rows": 1, "Plan Width": 4, "Filter": "((kind)::text = 'production companies'::text)"}, {"Node Type": "Index Scan", "Parent Relationship": "Inner", "Scan Direction": "Forward", "Index Name": "company_type_id_movie_companies", "Relation Name": "movie_companies", "Alias": "mc", "Startup Cost": 10000000000.0, "Total Cost": 1000010622781.0, "Plan Rows": 418557, "Plan Width": 8, "Filter": "(((note)::text !~~ '%(TV)%'::text) AND ((note)::text ~~ '%(USA)%'::text)), (LLVM Optimized)"}]}]}]}]}]}]}, {"Node Type": "Index Scan", "Parent Relationship": "Inner", "Scan Direction": "Forward", "Index Name": "title_pkey", "Relation Name": "title", "Alias": "t", "Startup Cost": 10000000000.0, "Total Cost": 1000011644126.66, "Plan Rows": 1748840, "Plan Width": 21, "Filter": "(production_year > 1990), (LLVM Optimized)"}]}]}, "Unique SQL Id": 322094867}, "explain_analyze_plan": null}, "(16, 92)": {"explain_plan": {"Plan": {"Node Type": "Aggregate", "Strategy": "Plain", "Startup Cost": 551247.85, "Total Cost": 551247.86, "Plan Rows": 1, "Plan Width": 49, "Plans": [{"Node Type": "Merge Join", "Parent Relationship": "Outer", "Join Type": "Inner", "Startup Cost": 545544.02, "Total Cost": 550420.22, "Plan Rows": 331050, "Plan Width": 17, "Inner Unique": false, "Merge Cond": "(it.id = mi.info_type_id)", "Plans": [{"Node Type": "Sort", "Parent Relationship": "Outer", "Startup Cost": 5.93, "Total Cost": 6.21, "Plan Rows": 112, "Plan Width": 4, "Sort Key": ["it.id"], "Plans": [{"Node Type": "Seq Scan", "Parent Relationship": "Outer", "Relation Name": "info_type", "Alias": "it", "Startup Cost": 0.0, "Total Cost": 2.12, "Plan Rows": 112, "Plan Width": 4}]}, {"Node Type": "Sort", "Parent Relationship": "Inner", "Startup Cost": 545447.99, "Total Cost": 546275.61, "Plan Rows": 331050, "Plan Width": 21, "Sort Key": ["mi.info_type_id"], "Plans": [{"Node Type": "Nested Loop", "Parent Relationship": "Outer", "Join Type": "Inner", "Startup Cost": 52504.66, "Total Cost": 515096.18, "Plan Rows": 331050, "Plan Width": 21, "Inner Unique": false, "Plans": [{"Node Type": "Nested Loop", "Parent Relationship": "Outer", "Join Type": "Inner", "Startup Cost": 52504.66, "Total Cost": 256578.11, "Plan Rows": 289936, "Plan Width": 25, "Inner Unique": true, "Plans": [{"Node Type": "Merge Join", "Parent Relationship": "Outer", "Join Type": "Inner", "Startup Cost": 52504.66, "Total Cost": 109379.29, "Plan Rows": 209278, "Plan Width": 4, "Inner Unique": false, "Merge Cond": "(ct.id = mc.company_type_id)", "Plans": [{"Node Type": "Index Scan", "Parent Relationship": "Outer", "Scan Direction": "Forward", "Index Name": "company_type_pkey", "Relation Name": "company_type", "Alias": "ct", "Startup Cost": 0.0, "Total Cost": 12.3, "Plan Rows": 1, "Plan Width": 4, "Filter": "((kind)::text = 'production companies'::text)"}, {"Node Type": "Index Scan", "Parent Relationship": "Inner", "Scan Direction": "Forward", "Index Name": "company_type_id_movie_companies", "Relation Name": "movie_companies", "Alias": "mc", "Startup Cost": 0.0, "Total Cost": 106227.81, "Plan Rows": 418557, "Plan Width": 8, "Filter": "(((note)::text !~~ '%(TV)%'::text) AND ((note)::text ~~ '%(USA)%'::text)), (LLVM Optimized)"}]}, {"Node Type": "Index Scan", "Parent Relationship": "Inner", "Scan Direction": "Forward", "Index Name": "title_pkey", "Relation Name": "title", "Alias": "t", "Startup Cost": 0.0, "Total Cost": 0.69, "Plan Rows": 1, "Plan Width": 21, "Index Cond": "(id = mc.movie_id)", "Filter": "(production_year > 1990)"}]}, {"Node Type": "Index Scan", "Parent Relationship": "Inner", "Scan Direction": "Forward", "Index Name": "movie_id_movie_info", "Relation Name": "movie_info", "Alias": "mi", "Startup Cost": 0.0, "Total Cost": 0.88, "Plan Rows": 1, "Plan Width": 8, "Index Cond": "(movie_id = t.id)", "Filter": "((info)::text = ANY ('{Sweden,Norway,Germany,Denmark,Swedish,Denish,Norwegian,German,USA,American}'::text[]))"}]}]}]}]}, "Unique SQL Id": 322094867}, "explain_analyze_plan": null}, "(16, 93)": {"explain_plan": {"Plan": {"Node Type": "Aggregate", "Strategy": "Plain", "Startup Cost": 551255.32, "Total Cost": 551255.33, "Plan Rows": 1, "Plan Width": 49, "Plans": [{"Node Type": "Merge Join", "Parent Relationship": "Outer", "Join Type": "Inner", "Startup Cost": 545538.09, "Total Cost": 550427.7, "Plan Rows": 331050, "Plan Width": 17, "Inner Unique": false, "Merge Cond": "(it.id = mi.info_type_id)", "Plans": [{"Node Type": "Index Scan", "Parent Relationship": "Outer", "Scan Direction": "Forward", "Index Name": "info_type_pkey", "Relation Name": "info_type", "Alias": "it", "Startup Cost": 0.0, "Total Cost": 13.93, "Plan Rows": 112, "Plan Width": 4}, {"Node Type": "Sort", "Parent Relationship": "Inner", "Startup Cost": 545447.99, "Total Cost": 546275.61, "Plan Rows": 331050, "Plan Width": 21, "Sort Key": ["mi.info_type_id"], "Plans": [{"Node Type": "Nested Loop", "Parent Relationship": "Outer", "Join Type": "Inner", "Startup Cost": 52504.66, "Total Cost": 515096.18, "Plan Rows": 331050, "Plan Width": 21, "Inner Unique": false, "Plans": [{"Node Type": "Nested Loop", "Parent Relationship": "Outer", "Join Type": "Inner", "Startup Cost": 52504.66, "Total Cost": 256578.11, "Plan Rows": 289936, "Plan Width": 25, "Inner Unique": true, "Plans": [{"Node Type": "Merge Join", "Parent Relationship": "Outer", "Join Type": "Inner", "Startup Cost": 52504.66, "Total Cost": 109379.29, "Plan Rows": 209278, "Plan Width": 4, "Inner Unique": false, "Merge Cond": "(ct.id = mc.company_type_id)", "Plans": [{"Node Type": "Index Scan", "Parent Relationship": "Outer", "Scan Direction": "Forward", "Index Name": "company_type_pkey", "Relation Name": "company_type", "Alias": "ct", "Startup Cost": 0.0, "Total Cost": 12.3, "Plan Rows": 1, "Plan Width": 4, "Filter": "((kind)::text = 'production companies'::text)"}, {"Node Type": "Index Scan", "Parent Relationship": "Inner", "Scan Direction": "Forward", "Index Name": "company_type_id_movie_companies", "Relation Name": "movie_companies", "Alias": "mc", "Startup Cost": 0.0, "Total Cost": 106227.81, "Plan Rows": 418557, "Plan Width": 8, "Filter": "(((note)::text !~~ '%(TV)%'::text) AND ((note)::text ~~ '%(USA)%'::text)), (LLVM Optimized)"}]}, {"Node Type": "Index Scan", "Parent Relationship": "Inner", "Scan Direction": "Forward", "Index Name": "title_pkey", "Relation Name": "title", "Alias": "t", "Startup Cost": 0.0, "Total Cost": 0.69, "Plan Rows": 1, "Plan Width": 21, "Index Cond": "(id = mc.movie_id)", "Filter": "(production_year > 1990)"}]}, {"Node Type": "Index Scan", "Parent Relationship": "Inner", "Scan Direction": "Forward", "Index Name": "movie_id_movie_info", "Relation Name": "movie_info", "Alias": "mi", "Startup Cost": 0.0, "Total Cost": 0.88, "Plan Rows": 1, "Plan Width": 8, "Index Cond": "(movie_id = t.id)", "Filter": "((info)::text = ANY ('{Sweden,Norway,Germany,Denmark,Swedish,Denish,Norwegian,German,USA,American}'::text[]))"}]}]}]}]}, "Unique SQL Id": 322094867}, "explain_analyze_plan": null}, "(16, 94)": {"explain_plan": {"Plan": {"Node Type": "Aggregate", "Strategy": "Plain", "Startup Cost": 2099002322742.33, "Total Cost": 2099002322742.34, "Plan Rows": 1, "Plan Width": 49, "Plans": [{"Node Type": "Merge Join", "Parent Relationship": "Outer", "Join Type": "Inner", "Startup Cost": 1109716969852.85, "Total Cost": 2099002321914.7, "Plan Rows": 331050, "Plan Width": 17, "Inner Unique": false, "Merge Cond": "(t.id = mi.movie_id)", "Plans": [{"Node Type": "Index Scan", "Parent Relationship": "Outer", "Scan Direction": "Forward", "Index Name": "title_pkey", "Relation Name": "title", "Alias": "t", "Startup Cost": 10000000000.0, "Total Cost": 1000011644126.66, "Plan Rows": 1748840, "Plan Width": 21, "Filter": "(production_year > 1990), (LLVM Optimized)"}, {"Node Type": "Sort", "Parent Relationship": "Inner", "Startup Cost": 1099692061620.8, "Total Cost": 1099692062218.19, "Plan Rows": 238955, "Plan Width": 8, "Sort Key": ["mc.movie_id"], "Plans": [{"Node Type": "Merge Join", "Parent Relationship": "Outer", "Join Type": "Inner", "Startup Cost": 1099692036754.66, "Total Cost": 1099692040274.5, "Plan Rows": 238955, "Plan Width": 8, "Inner Unique": false, "Merge Cond": "(it.id = mi.info_type_id)", "Plans": [{"Node Type": "Sort", "Parent Relationship": "Outer", "Startup Cost": 5.93, "Total Cost": 6.21, "Plan Rows": 112, "Plan Width": 4, "Sort Key": ["it.id"], "Plans": [{"Node Type": "Seq Scan", "Parent Relationship": "Outer", "Relation Name": "info_type", "Alias": "it", "Startup Cost": 0.0, "Total Cost": 2.12, "Plan Rows": 112, "Plan Width": 4}]}, {"Node Type": "Sort", "Parent Relationship": "Inner", "Startup Cost": 1099692036683.69, "Total Cost": 1099692037281.08, "Plan Rows": 238955, "Plan Width": 12, "Sort Key": ["mi.info_type_id"], "Plans": [{"Node Type": "Merge Join", "Parent Relationship": "Outer", "Join Type": "Inner", "Startup Cost": 110000345447.45, "Total Cost": 1099692015337.39, "Plan Rows": 238955, "Plan Width": 12, "Inner Unique": false, "Merge Cond": "(mi.movie_id = mc.movie_id)", "Plans": [{"Node Type": "Index Scan", "Parent Relationship": "Outer", "Scan Direction": "Forward", "Index Name": "movie_id_movie_info", "Relation Name": "movie_info", "Alias": "mi", "Startup Cost": 10000000000.0, "Total Cost": 1000122404369.72, "Plan Rows": 726375, "Plan Width": 8, "Filter": "((info)::text = ANY ('{Sweden,Norway,Germany,Denmark,Swedish,Denish,Norwegian,German,USA,American}'::text[]))"}, {"Node Type": "Sort", "Parent Relationship": "Inner", "Startup Cost": 100000345447.43, "Total Cost": 100000345970.63, "Plan Rows": 209278, "Plan Width": 4, "Sort Key": ["mc.movie_id"], "Plans": [{"Node Type": "Nested Loop", "Parent Relationship": "Outer", "Join Type": "Inner", "Startup Cost": 10000000000.0, "Total Cost": 100000326952.43, "Plan Rows": 209278, "Plan Width": 4, "Inner Unique": false, "Join Filter": "(ct.id = mc.company_type_id), (LLVM Optimized)", "Plans": [{"Node Type": "Seq Scan", "Parent Relationship": "Outer", "Relation Name": "company_type", "Alias": "ct", "Startup Cost": 0.0, "Total Cost": 1.04, "Plan Rows": 1, "Plan Width": 4, "Filter": "((kind)::text = 'production companies'::text)"}, {"Node Type": "Materialize", "Parent Relationship": "Inner", "Startup Cost": 0.0, "Total Cost": 28508.64, "Plan Rows": 418557, "Plan Width": 8, "Plans": [{"Node Type": "Streaming(type: LOCAL GATHER dop: 1/16)", "Parent Relationship": "Outer", "Startup Cost": 0.0, "Total Cost": 27462.24, "Plan Rows": 418557, "Plan Width": 8, "Plans": [{"Node Type": "Seq Scan", "Parent Relationship": "Outer", "Relation Name": "movie_companies", "Alias": "mc", "Startup Cost": 0.0, "Total Cost": 18428.93, "Plan Rows": 418557, "Plan Width": 8, "Filter": "(((note)::text !~~ '%(TV)%'::text) AND ((note)::text ~~ '%(USA)%'::text)), (LLVM Optimized)"}]}]}]}]}]}]}]}]}]}]}, "Unique SQL Id": 322094867}, "explain_analyze_plan": null}, "(16, 95)": {"explain_plan": {"Plan": {"Node Type": "Aggregate", "Strategy": "Plain", "Startup Cost": 4981334052413.2, "Total Cost": 4981334052413.21, "Plan Rows": 1, "Plan Width": 49, "Plans": [{"Node Type": "Merge Join", "Parent Relationship": "Outer", "Join Type": "Inner", "Startup Cost": 3992048699984.19, "Total Cost": 4981334051585.57, "Plan Rows": 331050, "Plan Width": 17, "Inner Unique": true, "Merge Cond": "(mi.movie_id = t.id)", "Plans": [{"Node Type": "Sort", "Parent Relationship": "Outer", "Startup Cost": 3982023791752.14, "Total Cost": 3982023792349.53, "Plan Rows": 238955, "Plan Width": 8, "Sort Key": ["mc.movie_id"], "Plans": [{"Node Type": "Merge Join", "Parent Relationship": "Outer", "Join Type": "Inner", "Startup Cost": 3009702336946.72, "Total Cost": 3982023770405.84, "Plan Rows": 238955, "Plan Width": 8, "Inner Unique": false, "Merge Cond": "(it.id = mi.info_type_id)", "Plans": [{"Node Type": "Index Scan", "Parent Relationship": "Outer", "Scan Direction": "Forward", "Index Name": "info_type_pkey", "Relation Name": "info_type", "Alias": "it", "Startup Cost": 10000000000.0, "Total Cost": 1000000001393.0, "Plan Rows": 112, "Plan Width": 4}, {"Node Type": "Sort", "Parent Relationship": "Inner", "Startup Cost": 2999702336881.69, "Total Cost": 2999702337479.07, "Plan Rows": 238955, "Plan Width": 12, "Sort Key": ["mi.info_type_id"], "Plans": [{"Node Type": "Merge Join", "Parent Relationship": "Outer", "Join Type": "Inner", "Startup Cost": 2010010645645.45, "Total Cost": 2999702315535.38, "Plan Rows": 238955, "Plan Width": 12, "Inner Unique": false, "Merge Cond": "(mi.movie_id = mc.movie_id)", "Plans": [{"Node Type": "Index Scan", "Parent Relationship": "Outer", "Scan Direction": "Forward", "Index Name": "movie_id_movie_info", "Relation Name": "movie_info", "Alias": "mi", "Startup Cost": 10000000000.0, "Total Cost": 1000122404369.72, "Plan Rows": 726375, "Plan Width": 8, "Filter": "((info)::text = ANY ('{Sweden,Norway,Germany,Denmark,Swedish,Denish,Norwegian,German,USA,American}'::text[]))"}, {"Node Type": "Sort", "Parent Relationship": "Inner", "Startup Cost": 2000010645645.43, "Total Cost": 2000010646168.63, "Plan Rows": 209278, "Plan Width": 4, "Sort Key": ["mc.movie_id"], "Plans": [{"Node Type": "Merge Join", "Parent Relationship": "Outer", "Join Type": "Inner", "Startup Cost": 504554257597.6, "Total Cost": 2000010627150.43, "Plan Rows": 209278, "Plan Width": 4, "Inner Unique": false, "Merge Cond": "(ct.id = mc.company_type_id)", "Plans": [{"Node Type": "Index Scan", "Parent Relationship": "Outer", "Scan Direction": "Forward", "Index Name": "company_type_pkey", "Relation Name": "company_type", "Alias": "ct", "Startup Cost": 10000000000.0, "Total Cost": 1000000001230.25, "Plan Rows": 1, "Plan Width": 4, "Filter": "((kind)::text = 'production companies'::text)"}, {"Node Type": "Index Scan", "Parent Relationship": "Inner", "Scan Direction": "Forward", "Index Name": "company_type_id_movie_companies", "Relation Name": "movie_companies", "Alias": "mc", "Startup Cost": 10000000000.0, "Total Cost": 1000010622781.0, "Plan Rows": 418557, "Plan Width": 8, "Filter": "(((note)::text !~~ '%(TV)%'::text) AND ((note)::text ~~ '%(USA)%'::text)), (LLVM Optimized)"}]}]}]}]}]}]}, {"Node Type": "Index Scan", "Parent Relationship": "Inner", "Scan Direction": "Forward", "Index Name": "title_pkey", "Relation Name": "title", "Alias": "t", "Startup Cost": 10000000000.0, "Total Cost": 1000011644126.66, "Plan Rows": 1748840, "Plan Width": 21, "Filter": "(production_year > 1990), (LLVM Optimized)"}]}]}, "Unique SQL Id": 322094867}, "explain_analyze_plan": null}, "(16, 96)": {"explain_plan": {"Plan": {"Node Type": "Aggregate", "Strategy": "Plain", "Startup Cost": 173539.71, "Total Cost": 173539.72, "Plan Rows": 1, "Plan Width": 49, "Plans": [{"Node Type": "Hash Join", "Parent Relationship": "Outer", "Join Type": "Inner", "Startup Cost": 70862.43, "Total Cost": 172712.09, "Plan Rows": 331050, "Plan Width": 17, "Inner Unique": true, "Hash Cond": "(mi.info_type_id = it.id), (LLVM Optimized)", "Plans": [{"Node Type": "Streaming(type: LOCAL GATHER dop: 1/16)", "Parent Relationship": "Outer", "Startup Cost": 70858.91, "Total Cost": 168156.63, "Plan Rows": 331050, "Plan Width": 21, "Plans": [{"Node Type": "Hash Join", "Parent Relationship": "Outer", "Join Type": "Inner", "Startup Cost": 70858.91, "Total Cost": 161011.9, "Plan Rows": 331050, "Plan Width": 21, "Inner Unique": true, "Hash Cond": "(mi.movie_id = t.id), (LLVM Optimized)", "Plans": [{"Node Type": "Streaming(type: BROADCAST dop: 16/16)", "Parent Relationship": "Outer", "Startup Cost": 50343.26, "Total Cost": 139393.26, "Plan Rows": 3823280, "Plan Width": 12, "Plans": [{"Node Type": "Hash Join", "Parent Relationship": "Outer", "Join Type": "Inner", "Startup Cost": 50343.26, "Total Cost": 114685.71, "Plan Rows": 238955, "Plan Width": 12, "Inner Unique": true, "Hash Cond": "(mc.company_type_id = ct.id), (LLVM Optimized)", "Plans": [{"Node Type": "Hash Join", "Parent Relationship": "Outer", "Join Type": "Inner", "Startup Cost": 35341.87, "Total Cost": 99422.95, "Plan Rows": 477912, "Plan Width": 16, "Inner Unique": false, "Hash Cond": "(mi.movie_id = mc.movie_id), (LLVM Optimized)", "Plans": [{"Node Type": "Streaming(type: LOCAL REDISTRIBUTE dop: 16/16)", "Parent Relationship": "Outer", "Startup Cost": 0.0, "Total Cost": 62931.17, "Plan Rows": 726375, "Plan Width": 8, "Plans": [{"Node Type": "Seq Scan", "Parent Relationship": "Outer", "Relation Name": "movie_info", "Alias": "mi", "Startup Cost": 0.0, "Total Cost": 45178.89, "Plan Rows": 726375, "Plan Width": 8, "Filter": "((info)::text = ANY ('{Sweden,Norway,Germany,Denmark,Swedish,Denish,Norwegian,German,USA,American}'::text[]))"}]}, {"Node Type": "Hash", "Parent Relationship": "Inner", "Startup Cost": 35014.87, "Total Cost": 35014.87, "Plan Rows": 418557, "Plan Width": 8, "Plans": [{"Node Type": "Streaming(type: LOCAL REDISTRIBUTE dop: 16/16)", "Parent Relationship": "Outer", "Startup Cost": 0.0, "Total Cost": 35014.87, "Plan Rows": 418557, "Plan Width": 8, "Plans": [{"Node Type": "Seq Scan", "Parent Relationship": "Outer", "Relation Name": "movie_companies", "Alias": "mc", "Startup Cost": 0.0, "Total Cost": 18428.93, "Plan Rows": 418557, "Plan Width": 8, "Filter": "(((note)::text !~~ '%(TV)%'::text) AND ((note)::text ~~ '%(USA)%'::text)), (LLVM Optimized)"}]}]}]}, {"Node Type": "Hash", "Parent Relationship": "Inner", "Startup Cost": 15001.38, "Total Cost": 15001.38, "Plan Rows": 16, "Plan Width": 4, "Plans": [{"Node Type": "Streaming(type: BROADCAST dop: 16/1)", "Parent Relationship": "Outer", "Startup Cost": 0.0, "Total Cost": 15001.38, "Plan Rows": 16, "Plan Width": 4, "Plans": [{"Node Type": "Seq Scan", "Parent Relationship": "Outer", "Relation Name": "company_type", "Alias": "ct", "Startup Cost": 0.0, "Total Cost": 1.04, "Plan Rows": 1, "Plan Width": 4, "Filter": "((kind)::text = 'production companies'::text)"}]}]}]}]}, {"Node Type": "Hash", "Parent Relationship": "Inner", "Startup Cost": 19149.37, "Total Cost": 19149.37, "Plan Rows": 1748840, "Plan Width": 21, "Plans": [{"Node Type": "Seq Scan", "Parent Relationship": "Outer", "Relation Name": "title", "Alias": "t", "Startup Cost": 0.0, "Total Cost": 19149.37, "Plan Rows": 1748840, "Plan Width": 21, "Filter": "(production_year > 1990), (LLVM Optimized)"}]}]}]}, {"Node Type": "Hash", "Parent Relationship": "Inner", "Startup Cost": 2.12, "Total Cost": 2.12, "Plan Rows": 112, "Plan Width": 4, "Plans": [{"Node Type": "Index Only Scan", "Parent Relationship": "Outer", "Scan Direction": "Forward", "Index Name": "info_type_pkey", "Relation Name": "info_type", "Alias": "it", "Startup Cost": 0.0, "Total Cost": 2.12, "Plan Rows": 112, "Plan Width": 4}]}]}]}, "Unique SQL Id": 322094867}, "explain_analyze_plan": {"Plan": {"Node Type": "Aggregate", "Strategy": "Plain", "Startup Cost": 173539.71, "Total Cost": 173539.72, "Plan Rows": 1, "Plan Width": 49, "Actual Min Startup Time": 880.696, "Actual Max Startup Time": 880.696, "Actual Min Total Time": 880.697, "Actual Max Total Time": 880.697, "Actual Total Rows": 1, "Plans": [{"Node Type": "Hash Join", "Parent Relationship": "Outer", "Join Type": "Inner", "Startup Cost": 70862.43, "Total Cost": 172712.09, "Plan Rows": 331050, "Plan Width": 17, "Actual Min Startup Time": 879.552, "Actual Max Startup Time": 879.552, "Actual Min Total Time": 880.49, "Actual Max Total Time": 880.49, "Actual Total Rows": 669, "Inner Unique": true, "Hash Cond": "(mi.info_type_id = it.id), (LLVM Optimized, Jit Execute)", "Plans": [{"Node Type": "Streaming(type: LOCAL GATHER dop: 1/16)", "Parent Relationship": "Outer", "Startup Cost": 70858.91, "Total Cost": 168156.63, "Plan Rows": 331050, "Plan Width": 21, "Actual Min Startup Time": 879.361, "Actual Max Startup Time": 879.361, "Actual Min Total Time": 880.084, "Actual Max Total Time": 880.084, "Actual Total Rows": 669, "Plans": [{"Node Type": "Hash Join", "Parent Relationship": "Outer", "Join Type": "Inner", "Startup Cost": 70858.91, "Total Cost": 161011.9, "Plan Rows": 331050, "Plan Width": 21, "Actual Min Startup Time": 685.466, "Actual Max Startup Time": 782.844, "Actual Min Total Time": 686.781, "Actual Max Total Time": 784.227, "Actual Total Rows": 669, "Inner Unique": true, "Hash Cond": "(mi.movie_id = t.id), (LLVM Optimized, Jit Execute)", "Plans": [{"Node Type": "Streaming(type: BROADCAST dop: 16/16)", "Parent Relationship": "Outer", "Startup Cost": 50343.26, "Total Cost": 139393.26, "Plan Rows": 3823280, "Plan Width": 12, "Actual Min Startup Time": 583.429, "Actual Max Startup Time": 675.301, "Actual Min Total Time": 584.463, "Actual Max Total Time": 676.356, "Actual Total Rows": 11056, "Plans": [{"Node Type": "Hash Join", "Parent Relationship": "Outer", "Join Type": "Inner", "Startup Cost": 50343.26, "Total Cost": 114685.71, "Plan Rows": 238955, "Plan Width": 12, "Actual Min Startup Time": 94.677, "Actual Max Startup Time": 529.454, "Actual Min Total Time": 684.441, "Actual Max Total Time": 718.486, "Actual Total Rows": 691, "Inner Unique": true, "Hash Cond": "(mc.company_type_id = ct.id), (LLVM Optimized, Jit Execute)", "Plans": [{"Node Type": "Hash Join", "Parent Relationship": "Outer", "Join Type": "Inner", "Startup Cost": 35341.87, "Total Cost": 99422.95, "Plan Rows": 477912, "Plan Width": 16, "Actual Min Startup Time": 93.373, "Actual Max Startup Time": 127.409, "Actual Min Total Time": 681.733, "Actual Max Total Time": 715.896, "Actual Total Rows": 294926, "Inner Unique": false, "Hash Cond": "(mi.movie_id = mc.movie_id), (LLVM Optimized, Jit Execute)", "Plans": [{"Node Type": "Streaming(type: LOCAL REDISTRIBUTE dop: 16/16)", "Parent Relationship": "Outer", "Startup Cost": 0.0, "Total Cost": 62931.17, "Plan Rows": 726375, "Plan Width": 8, "Actual Min Startup Time": 0.061, "Actual Max Startup Time": 0.447, "Actual Min Total Time": 573.563, "Actual Max Total Time": 574.841, "Actual Total Rows": 706674, "Plans": [{"Node Type": "Seq Scan", "Parent Relationship": "Outer", "Relation Name": "movie_info", "Alias": "mi", "Startup Cost": 0.0, "Total Cost": 45178.89, "Plan Rows": 726375, "Plan Width": 8, "Actual Min Startup Time": 0.038, "Actual Max Startup Time": 3.334, "Actual Min Total Time": 506.504, "Actual Max Total Time": 539.56, "Actual Total Rows": 706674, "Filter": "((info)::text = ANY ('{Sweden,Norway,Germany,Denmark,Swedish,Denish,Norwegian,German,USA,American}'::text[]))", "Rows Removed by Filter": 14129045}]}, {"Node Type": "Hash", "Parent Relationship": "Inner", "Startup Cost": 35014.87, "Total Cost": 35014.87, "Plan Rows": 418557, "Plan Width": 8, "Actual Min Startup Time": 93.087, "Actual Max Startup Time": 127.139, "Actual Min Total Time": 93.087, "Actual Max Total Time": 127.139, "Actual Total Rows": 295628, "Max Hash Buckets": 32768, "Min Hash Buckets": 32768, "Max Hash Batches": 1, "Min Hash Batches": 1, "Max Original Hash Batches": 1, "Min Original Hash Batches": 1, "Max Peak Memory Usage": 722, "min Peak Memory Usage": 722, "Plans": [{"Node Type": "Streaming(type: LOCAL REDISTRIBUTE dop: 16/16)", "Parent Relationship": "Outer", "Startup Cost": 0.0, "Total Cost": 35014.87, "Plan Rows": 418557, "Plan Width": 8, "Actual Min Startup Time": 0.047, "Actual Max Startup Time": 32.451, "Actual Min Total Time": 88.343, "Actual Max Total Time": 122.427, "Actual Total Rows": 295628, "Plans": [{"Node Type": "Seq Scan", "Parent Relationship": "Outer", "Relation Name": "movie_companies", "Alias": "mc", "Startup Cost": 0.0, "Total Cost": 18428.93, "Plan Rows": 418557, "Plan Width": 8, "Actual Min Startup Time": 0.042, "Actual Max Startup Time": 0.307, "Actual Min Total Time": 71.102, "Actual Max Total Time": 78.494, "Actual Total Rows": 295628, "Filter": "(((note)::text !~~ '%(TV)%'::text) AND ((note)::text ~~ '%(USA)%'::text)), (LLVM Optimized, Jit Execute)", "Rows Removed by Filter": 2313500}]}]}]}, {"Node Type": "Hash", "Parent Relationship": "Inner", "Startup Cost": 15001.38, "Total Cost": 15001.38, "Plan Rows": 16, "Plan Width": 4, "Actual Min Startup Time": 0.006, "Actual Max Startup Time": 0.019, "Actual Min Total Time": 0.006, "Actual Max Total Time": 0.019, "Actual Total Rows": 16, "Max Hash Buckets": 32768, "Min Hash Buckets": 32768, "Max Hash Batches": 1, "Min Hash Batches": 1, "Max Original Hash Batches": 1, "Min Original Hash Batches": 1, "Max Peak Memory Usage": 1, "min Peak Memory Usage": 1, "Plans": [{"Node Type": "Streaming(type: BROADCAST dop: 16/1)", "Parent Relationship": "Outer", "Startup Cost": 0.0, "Total Cost": 15001.38, "Plan Rows": 16, "Plan Width": 4, "Actual Min Startup Time": 0.003, "Actual Max Startup Time": 0.009, "Actual Min Total Time": 0.003, "Actual Max Total Time": 0.01, "Actual Total Rows": 16, "Plans": [{"Node Type": "Seq Scan", "Parent Relationship": "Outer", "Relation Name": "company_type", "Alias": "ct", "Startup Cost": 0.0, "Total Cost": 1.04, "Plan Rows": 1, "Plan Width": 4, "Actual Min Startup Time": 0.035, "Actual Max Startup Time": 0.035, "Actual Min Total Time": 0.039, "Actual Max Total Time": 0.039, "Actual Total Rows": 1, "Filter": "((kind)::text = 'production companies'::text)", "Rows Removed by Filter": 2}]}]}]}]}, {"Node Type": "Hash", "Parent Relationship": "Inner", "Startup Cost": 19149.37, "Total Cost": 19149.37, "Plan Rows": 1748840, "Plan Width": 21, "Actual Min Startup Time": 96.534, "Actual Max Startup Time": 107.264, "Actual Min Total Time": 96.534, "Actual Max Total Time": 107.264, "Actual Total Rows": 1749032, "Max Hash Buckets": 131072, "Min Hash Buckets": 131072, "Max Hash Batches": 1, "Min Hash Batches": 1, "Max Original Hash Batches": 1, "Min Original Hash Batches": 1, "Max Peak Memory Usage": 5962, "min Peak Memory Usage": 5962, "Plans": [{"Node Type": "Seq Scan", "Parent Relationship": "Outer", "Relation Name": "title", "Alias": "t", "Startup Cost": 0.0, "Total Cost": 19149.37, "Plan Rows": 1748840, "Plan Width": 21, "Actual Min Startup Time": 0.023, "Actual Max Startup Time": 0.037, "Actual Min Total Time": 63.539, "Actual Max Total Time": 71.614, "Actual Total Rows": 1749032, "Filter": "(production_year > 1990), (LLVM Optimized, Jit Execute)", "Rows Removed by Filter": 779279}]}]}]}, {"Node Type": "Hash", "Parent Relationship": "Inner", "Startup Cost": 2.12, "Total Cost": 2.12, "Plan Rows": 112, "Plan Width": 4, "Actual Min Startup Time": 0.115, "Actual Max Startup Time": 0.115, "Actual Min Total Time": 0.115, "Actual Max Total Time": 0.115, "Actual Total Rows": 112, "Max Hash Buckets": 32768, "Min Hash Buckets": 32768, "Max Hash Batches": 1, "Min Hash Batches": 1, "Max Original Hash Batches": 1, "Min Original Hash Batches": 1, "Max Peak Memory Usage": 4, "min Peak Memory Usage": 4, "Plans": [{"Node Type": "Index Only Scan", "Parent Relationship": "Outer", "Scan Direction": "Forward", "Index Name": "info_type_pkey", "Relation Name": "info_type", "Alias": "it", "Startup Cost": 0.0, "Total Cost": 2.12, "Plan Rows": 112, "Plan Width": 4, "Actual Min Startup Time": 0.031, "Actual Max Startup Time": 0.031, "Actual Min Total Time": 0.054, "Actual Max Total Time": 0.054, "Actual Total Rows": 112, "Heap Fetches": 0}]}]}]}, "Triggers": [], "Planner Runtime": 22.157, "Total Runtime": 904.787, "Unique SQL Id": 322094867}}, "(16, 97)": {"explain_plan": {"Plan": {"Node Type": "Aggregate", "Strategy": "Plain", "Startup Cost": 502970.41, "Total Cost": 502970.42, "Plan Rows": 1, "Plan Width": 49, "Plans": [{"Node Type": "Hash Join", "Parent Relationship": "Outer", "Join Type": "Inner", "Startup Cost": 103193.32, "Total Cost": 502142.78, "Plan Rows": 331050, "Plan Width": 17, "Inner Unique": true, "Hash Cond": "(mi.info_type_id = it.id), (LLVM Optimized)", "Plans": [{"Node Type": "Nested Loop", "Parent Relationship": "Outer", "Join Type": "Inner", "Startup Cost": 103181.99, "Total Cost": 497761.59, "Plan Rows": 331050, "Plan Width": 21, "Inner Unique": false, "Plans": [{"Node Type": "Hash Join", "Parent Relationship": "Outer", "Join Type": "Inner", "Startup Cost": 103181.99, "Total Cost": 239243.52, "Plan Rows": 289936, "Plan Width": 25, "Inner Unique": true, "Hash Cond": "(mc.company_type_id = ct.id), (LLVM Optimized)", "Plans": [{"Node Type": "Streaming(type: LOCAL GATHER dop: 1/16)", "Parent Relationship": "Outer", "Startup Cost": 103178.9, "Total Cost": 234166.55, "Plan Rows": 579872, "Plan Width": 29, "Plans": [{"Node Type": "Hash Join", "Parent Relationship": "Outer", "Join Type": "Inner", "Startup Cost": 103178.9, "Total Cost": 221651.74, "Plan Rows": 579872, "Plan Width": 29, "Inner Unique": true, "Hash Cond": "(mc.movie_id = t.id), (LLVM Optimized)", "Plans": [{"Node Type": "Streaming(type: BROADCAST dop: 16/16)", "Parent Relationship": "Outer", "Startup Cost": 0.0, "Total Cost": 116540.83, "Plan Rows": 6696912, "Plan Width": 8, "Plans": [{"Node Type": "Index Scan", "Parent Relationship": "Outer", "Scan Direction": "Forward", "Index Name": "company_type_id_movie_companies", "Relation Name": "movie_companies", "Alias": "mc", "Startup Cost": 0.0, "Total Cost": 84536.95, "Plan Rows": 418557, "Plan Width": 8, "Filter": "(((note)::text !~~ '%(TV)%'::text) AND ((note)::text ~~ '%(USA)%'::text)), (LLVM Optimized)"}]}, {"Node Type": "Hash", "Parent Relationship": "Inner", "Startup Cost": 101812.62, "Total Cost": 101812.62, "Plan Rows": 1748840, "Plan Width": 21, "Plans": [{"Node Type": "Index Scan", "Parent Relationship": "Outer", "Scan Direction": "Forward", "Index Name": "title_pkey", "Relation Name": "title", "Alias": "t", "Startup Cost": 0.0, "Total Cost": 101812.62, "Plan Rows": 1748840, "Plan Width": 21, "Filter": "(production_year > 1990), (LLVM Optimized)"}]}]}]}, {"Node Type": "Hash", "Parent Relationship": "Inner", "Startup Cost": 12.3, "Total Cost": 12.3, "Plan Rows": 1, "Plan Width": 4, "Plans": [{"Node Type": "Index Scan", "Parent Relationship": "Outer", "Scan Direction": "Forward", "Index Name": "company_type_pkey", "Relation Name": "company_type", "Alias": "ct", "Startup Cost": 0.0, "Total Cost": 12.3, "Plan Rows": 1, "Plan Width": 4, "Filter": "((kind)::text = 'production companies'::text)"}]}]}, {"Node Type": "Index Scan", "Parent Relationship": "Inner", "Scan Direction": "Forward", "Index Name": "movie_id_movie_info", "Relation Name": "movie_info", "Alias": "mi", "Startup Cost": 0.0, "Total Cost": 0.88, "Plan Rows": 1, "Plan Width": 8, "Index Cond": "(movie_id = t.id)", "Filter": "((info)::text = ANY ('{Sweden,Norway,Germany,Denmark,Swedish,Denish,Norwegian,German,USA,American}'::text[]))"}]}, {"Node Type": "Hash", "Parent Relationship": "Inner", "Startup Cost": 9.93, "Total Cost": 9.93, "Plan Rows": 112, "Plan Width": 4, "Plans": [{"Node Type": "Index Only Scan", "Parent Relationship": "Outer", "Scan Direction": "Forward", "Index Name": "info_type_pkey", "Relation Name": "info_type", "Alias": "it", "Startup Cost": 0.0, "Total Cost": 9.93, "Plan Rows": 112, "Plan Width": 4}]}]}]}, "Unique SQL Id": 322094867}, "explain_analyze_plan": {"Plan": {"Node Type": "Aggregate", "Strategy": "Plain", "Startup Cost": 502970.41, "Total Cost": 502970.42, "Plan Rows": 1, "Plan Width": 49, "Actual Min Startup Time": 1223.111, "Actual Max Startup Time": 1223.111, "Actual Min Total Time": 1223.111, "Actual Max Total Time": 1223.111, "Actual Total Rows": 1, "Plans": [{"Node Type": "Hash Join", "Parent Relationship": "Outer", "Join Type": "Inner", "Startup Cost": 103193.32, "Total Cost": 502142.78, "Plan Rows": 331050, "Plan Width": 17, "Actual Min Startup Time": 386.492, "Actual Max Startup Time": 386.492, "Actual Min Total Time": 1222.691, "Actual Max Total Time": 1222.691, "Actual Total Rows": 669, "Inner Unique": true, "Hash Cond": "(mi.info_type_id = it.id), (LLVM Optimized, Jit Execute)", "Plans": [{"Node Type": "Nested Loop", "Parent Relationship": "Outer", "Join Type": "Inner", "Startup Cost": 103181.99, "Total Cost": 497761.59, "Plan Rows": 331050, "Plan Width": 21, "Actual Min Startup Time": 386.341, "Actual Max Startup Time": 386.341, "Actual Min Total Time": 1222.2, "Actual Max Total Time": 1222.2, "Actual Total Rows": 669, "Inner Unique": false, "Plans": [{"Node Type": "Hash Join", "Parent Relationship": "Outer", "Join Type": "Inner", "Startup Cost": 103181.99, "Total Cost": 239243.52, "Plan Rows": 289936, "Plan Width": 25, "Actual Min Startup Time": 386.224, "Actual Max Startup Time": 386.224, "Actual Min Total Time": 1202.944, "Actual Max Total Time": 1202.944, "Actual Total Rows": 767, "Inner Unique": true, "Hash Cond": "(mc.company_type_id = ct.id), (LLVM Optimized, Jit Execute)", "Plans": [{"Node Type": "Streaming(type: LOCAL GATHER dop: 1/16)", "Parent Relationship": "Outer", "Startup Cost": 103178.9, "Total Cost": 234166.55, "Plan Rows": 579872, "Plan Width": 29, "Actual Min Startup Time": 386.126, "Actual Max Startup Time": 386.126, "Actual Min Total Time": 1186.16, "Actual Max Total Time": 1186.16, "Actual Total Rows": 105501, "Plans": [{"Node Type": "Hash Join", "Parent Relationship": "Outer", "Join Type": "Inner", "Startup Cost": 103178.9, "Total Cost": 221651.74, "Plan Rows": 579872, "Plan Width": 29, "Actual Min Startup Time": 284.768, "Actual Max Startup Time": 329.208, "Actual Min Total Time": 1104.702, "Actual Max Total Time": 1126.285, "Actual Total Rows": 105501, "Inner Unique": true, "Hash Cond": "(mc.movie_id = t.id), (LLVM Optimized, Jit Execute)", "Plans": [{"Node Type": "Streaming(type: BROADCAST dop: 16/16)", "Parent Relationship": "Outer", "Startup Cost": 0.0, "Total Cost": 116540.83, "Plan Rows": 6696912, "Plan Width": 8, "Actual Min Startup Time": 0.049, "Actual Max Startup Time": 0.068, "Actual Min Total Time": 716.84, "Actual Max Total Time": 756.417, "Actual Total Rows": 4730048, "Plans": [{"Node Type": "Index Scan", "Parent Relationship": "Outer", "Scan Direction": "Forward", "Index Name": "company_type_id_movie_companies", "Relation Name": "movie_companies", "Alias": "mc", "Startup Cost": 0.0, "Total Cost": 84536.95, "Plan Rows": 418557, "Plan Width": 8, "Actual Min Startup Time": 0.052, "Actual Max Startup Time": 40.281, "Actual Min Total Time": 74.818, "Actual Max Total Time": 181.308, "Actual Total Rows": 295628, "Filter": "(((note)::text !~~ '%(TV)%'::text) AND ((note)::text ~~ '%(USA)%'::text)), (LLVM Optimized, Jit Execute)", "Rows Removed by Filter": 2313500}]}, {"Node Type": "Hash", "Parent Relationship": "Inner", "Startup Cost": 101812.62, "Total Cost": 101812.62, "Plan Rows": 1748840, "Plan Width": 21, "Actual Min Startup Time": 284.2, "Actual Max Startup Time": 328.607, "Actual Min Total Time": 284.2, "Actual Max Total Time": 328.607, "Actual Total Rows": 1749032, "Max Hash Buckets": 131072, "Min Hash Buckets": 131072, "Max Hash Batches": 1, "Min Hash Batches": 1, "Max Original Hash Batches": 1, "Min Original Hash Batches": 1, "Max Peak Memory Usage": 6766, "min Peak Memory Usage": 6766, "Plans": [{"Node Type": "Index Scan", "Parent Relationship": "Outer", "Scan Direction": "Forward", "Index Name": "title_pkey", "Relation Name": "title", "Alias": "t", "Startup Cost": 0.0, "Total Cost": 101812.62, "Plan Rows": 1748840, "Plan Width": 21, "Actual Min Startup Time": 8.301, "Actual Max Startup Time": 18.326, "Actual Min Total Time": 245.846, "Actual Max Total Time": 282.505, "Actual Total Rows": 1749032, "Filter": "(production_year > 1990), (LLVM Optimized, Jit Execute)", "Rows Removed by Filter": 779279}]}]}]}, {"Node Type": "Hash", "Parent Relationship": "Inner", "Startup Cost": 12.3, "Total Cost": 12.3, "Plan Rows": 1, "Plan Width": 4, "Actual Min Startup Time": 0.044, "Actual Max Startup Time": 0.044, "Actual Min Total Time": 0.044, "Actual Max Total Time": 0.044, "Actual Total Rows": 1, "Max Hash Buckets": 32768, "Min Hash Buckets": 32768, "Max Hash Batches": 1, "Min Hash Batches": 1, "Max Original Hash Batches": 1, "Min Original Hash Batches": 1, "Max Peak Memory Usage": 1, "min Peak Memory Usage": 1, "Plans": [{"Node Type": "Index Scan", "Parent Relationship": "Outer", "Scan Direction": "Forward", "Index Name": "company_type_pkey", "Relation Name": "company_type", "Alias": "ct", "Startup Cost": 0.0, "Total Cost": 12.3, "Plan Rows": 1, "Plan Width": 4, "Actual Min Startup Time": 0.033, "Actual Max Startup Time": 0.033, "Actual Min Total Time": 0.036, "Actual Max Total Time": 0.036, "Actual Total Rows": 1, "Filter": "((kind)::text = 'production companies'::text)", "Rows Removed by Filter": 2}]}]}, {"Node Type": "Index Scan", "Parent Relationship": "Inner", "Scan Direction": "Forward", "Index Name": "movie_id_movie_info", "Relation Name": "movie_info", "Alias": "mi", "Startup Cost": 0.0, "Total Cost": 0.88, "Plan Rows": 1, "Plan Width": 8, "Actual Min Startup Time": 16.234, "Actual Max Startup Time": 16.234, "Actual Min Total Time": 18.546, "Actual Max Total Time": 18.546, "Actual Total Rows": 669, "Index Cond": "(movie_id = t.id)", "Rows Removed by Index Recheck": 0, "Filter": "((info)::text = ANY ('{Sweden,Norway,Germany,Denmark,Swedish,Denish,Norwegian,German,USA,American}'::text[]))", "Rows Removed by Filter": 7721}]}, {"Node Type": "Hash", "Parent Relationship": "Inner", "Startup Cost": 9.93, "Total Cost": 9.93, "Plan Rows": 112, "Plan Width": 4, "Actual Min Startup Time": 0.093, "Actual Max Startup Time": 0.093, "Actual Min Total Time": 0.093, "Actual Max Total Time": 0.093, "Actual Total Rows": 112, "Max Hash Buckets": 32768, "Min Hash Buckets": 32768, "Max Hash Batches": 1, "Min Hash Batches": 1, "Max Original Hash Batches": 1, "Min Original Hash Batches": 1, "Max Peak Memory Usage": 4, "min Peak Memory Usage": 4, "Plans": [{"Node Type": "Index Only Scan", "Parent Relationship": "Outer", "Scan Direction": "Forward", "Index Name": "info_type_pkey", "Relation Name": "info_type", "Alias": "it", "Startup Cost": 0.0, "Total Cost": 9.93, "Plan Rows": 112, "Plan Width": 4, "Actual Min Startup Time": 0.022, "Actual Max Startup Time": 0.022, "Actual Min Total Time": 0.046, "Actual Max Total Time": 0.046, "Actual Total Rows": 112, "Heap Fetches": 0}]}]}]}, "Triggers": [], "Planner Runtime": 14.746, "Total Runtime": 1239.16, "Unique SQL Id": 322094867}}, "(16, 98)": {"explain_plan": {"Plan": {"Node Type": "Aggregate", "Strategy": "Plain", "Startup Cost": 173539.71, "Total Cost": 173539.72, "Plan Rows": 1, "Plan Width": 49, "Plans": [{"Node Type": "Hash Join", "Parent Relationship": "Outer", "Join Type": "Inner", "Startup Cost": 70862.43, "Total Cost": 172712.09, "Plan Rows": 331050, "Plan Width": 17, "Inner Unique": true, "Hash Cond": "(mi.info_type_id = it.id), (LLVM Optimized)", "Plans": [{"Node Type": "Streaming(type: LOCAL GATHER dop: 1/16)", "Parent Relationship": "Outer", "Startup Cost": 70858.91, "Total Cost": 168156.63, "Plan Rows": 331050, "Plan Width": 21, "Plans": [{"Node Type": "Hash Join", "Parent Relationship": "Outer", "Join Type": "Inner", "Startup Cost": 70858.91, "Total Cost": 161011.9, "Plan Rows": 331050, "Plan Width": 21, "Inner Unique": true, "Hash Cond": "(mi.movie_id = t.id), (LLVM Optimized)", "Plans": [{"Node Type": "Streaming(type: BROADCAST dop: 16/16)", "Parent Relationship": "Outer", "Startup Cost": 50343.26, "Total Cost": 139393.26, "Plan Rows": 3823280, "Plan Width": 12, "Plans": [{"Node Type": "Hash Join", "Parent Relationship": "Outer", "Join Type": "Inner", "Startup Cost": 50343.26, "Total Cost": 114685.71, "Plan Rows": 238955, "Plan Width": 12, "Inner Unique": true, "Hash Cond": "(mc.company_type_id = ct.id), (LLVM Optimized)", "Plans": [{"Node Type": "Hash Join", "Parent Relationship": "Outer", "Join Type": "Inner", "Startup Cost": 35341.87, "Total Cost": 99422.95, "Plan Rows": 477912, "Plan Width": 16, "Inner Unique": false, "Hash Cond": "(mi.movie_id = mc.movie_id), (LLVM Optimized)", "Plans": [{"Node Type": "Streaming(type: LOCAL REDISTRIBUTE dop: 16/16)", "Parent Relationship": "Outer", "Startup Cost": 0.0, "Total Cost": 62931.17, "Plan Rows": 726375, "Plan Width": 8, "Plans": [{"Node Type": "Seq Scan", "Parent Relationship": "Outer", "Relation Name": "movie_info", "Alias": "mi", "Startup Cost": 0.0, "Total Cost": 45178.89, "Plan Rows": 726375, "Plan Width": 8, "Filter": "((info)::text = ANY ('{Sweden,Norway,Germany,Denmark,Swedish,Denish,Norwegian,German,USA,American}'::text[]))"}]}, {"Node Type": "Hash", "Parent Relationship": "Inner", "Startup Cost": 35014.87, "Total Cost": 35014.87, "Plan Rows": 418557, "Plan Width": 8, "Plans": [{"Node Type": "Streaming(type: LOCAL REDISTRIBUTE dop: 16/16)", "Parent Relationship": "Outer", "Startup Cost": 0.0, "Total Cost": 35014.87, "Plan Rows": 418557, "Plan Width": 8, "Plans": [{"Node Type": "Seq Scan", "Parent Relationship": "Outer", "Relation Name": "movie_companies", "Alias": "mc", "Startup Cost": 0.0, "Total Cost": 18428.93, "Plan Rows": 418557, "Plan Width": 8, "Filter": "(((note)::text !~~ '%(TV)%'::text) AND ((note)::text ~~ '%(USA)%'::text)), (LLVM Optimized)"}]}]}]}, {"Node Type": "Hash", "Parent Relationship": "Inner", "Startup Cost": 15001.38, "Total Cost": 15001.38, "Plan Rows": 16, "Plan Width": 4, "Plans": [{"Node Type": "Streaming(type: BROADCAST dop: 16/1)", "Parent Relationship": "Outer", "Startup Cost": 0.0, "Total Cost": 15001.38, "Plan Rows": 16, "Plan Width": 4, "Plans": [{"Node Type": "Seq Scan", "Parent Relationship": "Outer", "Relation Name": "company_type", "Alias": "ct", "Startup Cost": 0.0, "Total Cost": 1.04, "Plan Rows": 1, "Plan Width": 4, "Filter": "((kind)::text = 'production companies'::text)"}]}]}]}]}, {"Node Type": "Hash", "Parent Relationship": "Inner", "Startup Cost": 19149.37, "Total Cost": 19149.37, "Plan Rows": 1748840, "Plan Width": 21, "Plans": [{"Node Type": "Seq Scan", "Parent Relationship": "Outer", "Relation Name": "title", "Alias": "t", "Startup Cost": 0.0, "Total Cost": 19149.37, "Plan Rows": 1748840, "Plan Width": 21, "Filter": "(production_year > 1990), (LLVM Optimized)"}]}]}]}, {"Node Type": "Hash", "Parent Relationship": "Inner", "Startup Cost": 2.12, "Total Cost": 2.12, "Plan Rows": 112, "Plan Width": 4, "Plans": [{"Node Type": "Seq Scan", "Parent Relationship": "Outer", "Relation Name": "info_type", "Alias": "it", "Startup Cost": 0.0, "Total Cost": 2.12, "Plan Rows": 112, "Plan Width": 4}]}]}]}, "Unique SQL Id": 322094867}, "explain_analyze_plan": {"Plan": {"Node Type": "Aggregate", "Strategy": "Plain", "Startup Cost": 173539.71, "Total Cost": 173539.72, "Plan Rows": 1, "Plan Width": 49, "Actual Min Startup Time": 882.09, "Actual Max Startup Time": 882.09, "Actual Min Total Time": 882.09, "Actual Max Total Time": 882.09, "Actual Total Rows": 1, "Plans": [{"Node Type": "Hash Join", "Parent Relationship": "Outer", "Join Type": "Inner", "Startup Cost": 70862.43, "Total Cost": 172712.09, "Plan Rows": 331050, "Plan Width": 17, "Actual Min Startup Time": 881.426, "Actual Max Startup Time": 881.426, "Actual Min Total Time": 881.87, "Actual Max Total Time": 881.87, "Actual Total Rows": 669, "Inner Unique": true, "Hash Cond": "(mi.info_type_id = it.id), (LLVM Optimized)", "Plans": [{"Node Type": "Streaming(type: LOCAL GATHER dop: 1/16)", "Parent Relationship": "Outer", "Startup Cost": 70858.91, "Total Cost": 168156.63, "Plan Rows": 331050, "Plan Width": 21, "Actual Min Startup Time": 881.224, "Actual Max Startup Time": 881.224, "Actual Min Total Time": 881.408, "Actual Max Total Time": 881.408, "Actual Total Rows": 669, "Plans": [{"Node Type": "Hash Join", "Parent Relationship": "Outer", "Join Type": "Inner", "Startup Cost": 70858.91, "Total Cost": 161011.9, "Plan Rows": 331050, "Plan Width": 21, "Actual Min Startup Time": 690.477, "Actual Max Startup Time": 755.388, "Actual Min Total Time": 690.979, "Actual Max Total Time": 756.212, "Actual Total Rows": 669, "Inner Unique": true, "Hash Cond": "(mi.movie_id = t.id), (LLVM Optimized)", "Plans": [{"Node Type": "Streaming(type: BROADCAST dop: 16/16)", "Parent Relationship": "Outer", "Startup Cost": 50343.26, "Total Cost": 139393.26, "Plan Rows": 3823280, "Plan Width": 12, "Actual Min Startup Time": 590.564, "Actual Max Startup Time": 654.095, "Actual Min Total Time": 590.798, "Actual Max Total Time": 654.526, "Actual Total Rows": 11056, "Plans": [{"Node Type": "Hash Join", "Parent Relationship": "Outer", "Join Type": "Inner", "Startup Cost": 50343.26, "Total Cost": 114685.71, "Plan Rows": 238955, "Plan Width": 12, "Actual Min Startup Time": 126.219, "Actual Max Startup Time": 549.608, "Actual Min Total Time": 688.334, "Actual Max Total Time": 748.889, "Actual Total Rows": 691, "Inner Unique": true, "Hash Cond": "(mc.company_type_id = ct.id), (LLVM Optimized)", "Plans": [{"Node Type": "Hash Join", "Parent Relationship": "Outer", "Join Type": "Inner", "Startup Cost": 35341.87, "Total Cost": 99422.95, "Plan Rows": 477912, "Plan Width": 16, "Actual Min Startup Time": 90.346, "Actual Max Startup Time": 151.051, "Actual Min Total Time": 685.75, "Actual Max Total Time": 746.227, "Actual Total Rows": 294926, "Inner Unique": false, "Hash Cond": "(mi.movie_id = mc.movie_id), (LLVM Optimized)", "Plans": [{"Node Type": "Streaming(type: LOCAL REDISTRIBUTE dop: 16/16)", "Parent Relationship": "Outer", "Startup Cost": 0.0, "Total Cost": 62931.17, "Plan Rows": 726375, "Plan Width": 8, "Actual Min Startup Time": 0.063, "Actual Max Startup Time": 0.422, "Actual Min Total Time": 580.509, "Actual Max Total Time": 581.815, "Actual Total Rows": 706674, "Plans": [{"Node Type": "Seq Scan", "Parent Relationship": "Outer", "Relation Name": "movie_info", "Alias": "mi", "Startup Cost": 0.0, "Total Cost": 45178.89, "Plan Rows": 726375, "Plan Width": 8, "Actual Min Startup Time": 0.037, "Actual Max Startup Time": 3.311, "Actual Min Total Time": 506.795, "Actual Max Total Time": 551.798, "Actual Total Rows": 706674, "Filter": "((info)::text = ANY ('{Sweden,Norway,Germany,Denmark,Swedish,Denish,Norwegian,German,USA,American}'::text[]))", "Rows Removed by Filter": 14129045}]}, {"Node Type": "Hash", "Parent Relationship": "Inner", "Startup Cost": 35014.87, "Total Cost": 35014.87, "Plan Rows": 418557, "Plan Width": 8, "Actual Min Startup Time": 90.201, "Actual Max Startup Time": 150.767, "Actual Min Total Time": 90.201, "Actual Max Total Time": 150.767, "Actual Total Rows": 295628, "Max Hash Buckets": 32768, "Min Hash Buckets": 32768, "Max Hash Batches": 1, "Min Hash Batches": 1, "Max Original Hash Batches": 1, "Min Original Hash Batches": 1, "Max Peak Memory Usage": 722, "min Peak Memory Usage": 722, "Plans": [{"Node Type": "Streaming(type: LOCAL REDISTRIBUTE dop: 16/16)", "Parent Relationship": "Outer", "Startup Cost": 0.0, "Total Cost": 35014.87, "Plan Rows": 418557, "Plan Width": 8, "Actual Min Startup Time": 0.045, "Actual Max Startup Time": 44.925, "Actual Min Total Time": 85.467, "Actual Max Total Time": 146.017, "Actual Total Rows": 295628, "Plans": [{"Node Type": "Seq Scan", "Parent Relationship": "Outer", "Relation Name": "movie_companies", "Alias": "mc", "Startup Cost": 0.0, "Total Cost": 18428.93, "Plan Rows": 418557, "Plan Width": 8, "Actual Min Startup Time": 0.045, "Actual Max Startup Time": 0.318, "Actual Min Total Time": 71.182, "Actual Max Total Time": 78.657, "Actual Total Rows": 295628, "Filter": "(((note)::text !~~ '%(TV)%'::text) AND ((note)::text ~~ '%(USA)%'::text)), (LLVM Optimized)", "Rows Removed by Filter": 2313500}]}]}]}, {"Node Type": "Hash", "Parent Relationship": "Inner", "Startup Cost": 15001.38, "Total Cost": 15001.38, "Plan Rows": 16, "Plan Width": 4, "Actual Min Startup Time": 0.006, "Actual Max Startup Time": 0.019, "Actual Min Total Time": 0.006, "Actual Max Total Time": 0.019, "Actual Total Rows": 16, "Max Hash Buckets": 32768, "Min Hash Buckets": 32768, "Max Hash Batches": 1, "Min Hash Batches": 1, "Max Original Hash Batches": 1, "Min Original Hash Batches": 1, "Max Peak Memory Usage": 1, "min Peak Memory Usage": 1, "Plans": [{"Node Type": "Streaming(type: BROADCAST dop: 16/1)", "Parent Relationship": "Outer", "Startup Cost": 0.0, "Total Cost": 15001.38, "Plan Rows": 16, "Plan Width": 4, "Actual Min Startup Time": 0.003, "Actual Max Startup Time": 0.008, "Actual Min Total Time": 0.004, "Actual Max Total Time": 0.009, "Actual Total Rows": 16, "Plans": [{"Node Type": "Seq Scan", "Parent Relationship": "Outer", "Relation Name": "company_type", "Alias": "ct", "Startup Cost": 0.0, "Total Cost": 1.04, "Plan Rows": 1, "Plan Width": 4, "Actual Min Startup Time": 0.034, "Actual Max Startup Time": 0.034, "Actual Min Total Time": 0.037, "Actual Max Total Time": 0.037, "Actual Total Rows": 1, "Filter": "((kind)::text = 'production companies'::text)", "Rows Removed by Filter": 2}]}]}]}]}, {"Node Type": "Hash", "Parent Relationship": "Inner", "Startup Cost": 19149.37, "Total Cost": 19149.37, "Plan Rows": 1748840, "Plan Width": 21, "Actual Min Startup Time": 96.519, "Actual Max Startup Time": 102.215, "Actual Min Total Time": 96.519, "Actual Max Total Time": 102.215, "Actual Total Rows": 1749032, "Max Hash Buckets": 131072, "Min Hash Buckets": 131072, "Max Hash Batches": 1, "Min Hash Batches": 1, "Max Original Hash Batches": 1, "Min Original Hash Batches": 1, "Max Peak Memory Usage": 5962, "min Peak Memory Usage": 5962, "Plans": [{"Node Type": "Seq Scan", "Parent Relationship": "Outer", "Relation Name": "title", "Alias": "t", "Startup Cost": 0.0, "Total Cost": 19149.37, "Plan Rows": 1748840, "Plan Width": 21, "Actual Min Startup Time": 0.023, "Actual Max Startup Time": 0.032, "Actual Min Total Time": 63.637, "Actual Max Total Time": 68.547, "Actual Total Rows": 1749032, "Filter": "(production_year > 1990), (LLVM Optimized)", "Rows Removed by Filter": 779279}]}]}]}, {"Node Type": "Hash", "Parent Relationship": "Inner", "Startup Cost": 2.12, "Total Cost": 2.12, "Plan Rows": 112, "Plan Width": 4, "Actual Min Startup Time": 0.121, "Actual Max Startup Time": 0.121, "Actual Min Total Time": 0.121, "Actual Max Total Time": 0.121, "Actual Total Rows": 112, "Max Hash Buckets": 32768, "Min Hash Buckets": 32768, "Max Hash Batches": 1, "Min Hash Batches": 1, "Max Original Hash Batches": 1, "Min Original Hash Batches": 1, "Max Peak Memory Usage": 4, "min Peak Memory Usage": 4, "Plans": [{"Node Type": "Seq Scan", "Parent Relationship": "Outer", "Relation Name": "info_type", "Alias": "it", "Startup Cost": 0.0, "Total Cost": 2.12, "Plan Rows": 112, "Plan Width": 4, "Actual Min Startup Time": 0.05, "Actual Max Startup Time": 0.05, "Actual Min Total Time": 0.07, "Actual Max Total Time": 0.07, "Actual Total Rows": 112}]}]}]}, "Triggers": [], "Planner Runtime": 21.316, "Total Runtime": 905.003, "Unique SQL Id": 322094867}}, "(16, 99)": {"explain_plan": {"Plan": {"Node Type": "Aggregate", "Strategy": "Plain", "Startup Cost": 1009784.61, "Total Cost": 1009784.62, "Plan Rows": 1, "Plan Width": 49, "Plans": [{"Node Type": "Hash Join", "Parent Relationship": "Outer", "Join Type": "Inner", "Startup Cost": 517150.55, "Total Cost": 1008956.99, "Plan Rows": 331050, "Plan Width": 17, "Inner Unique": true, "Hash Cond": "(mi.info_type_id = it.id), (LLVM Optimized)", "Plans": [{"Node Type": "Hash Join", "Parent Relationship": "Outer", "Join Type": "Inner", "Startup Cost": 517135.19, "Total Cost": 1004389.69, "Plan Rows": 331050, "Plan Width": 21, "Inner Unique": false, "Hash Cond": "(mi.movie_id = t.id), (LLVM Optimized)", "Plans": [{"Node Type": "Bitmap Heap Scan", "Parent Relationship": "Outer", "Relation Name": "movie_info", "Alias": "mi", "Startup Cost": 301827.67, "Total Cost": 784689.91, "Plan Rows": 726375, "Plan Width": 8, "Filter": "((info)::text = ANY ('{Sweden,Norway,Germany,Denmark,Swedish,Denish,Norwegian,German,USA,American}'::text[]))", "Plans": [{"Node Type": "Bitmap Index Scan", "Parent Relationship": "Outer", "Index Name": "movie_id_movie_info", "Startup Cost": 0.0, "Total Cost": 301646.08, "Plan Rows": 14869966, "Plan Width": 0}]}, {"Node Type": "Hash", "Parent Relationship": "Inner", "Startup Cost": 211683.32, "Total Cost": 211683.32, "Plan Rows": 289936, "Plan Width": 25, "Plans": [{"Node Type": "Hash Join", "Parent Relationship": "Outer", "Join Type": "Inner", "Startup Cost": 167346.47, "Total Cost": 211683.32, "Plan Rows": 289936, "Plan Width": 25, "Inner Unique": true, "Hash Cond": "(mc.movie_id = t.id), (LLVM Optimized)", "Plans": [{"Node Type": "Nested Loop", "Parent Relationship": "Outer", "Join Type": "Inner", "Startup Cost": 29005.06, "Total Cost": 69657.76, "Plan Rows": 209278, "Plan Width": 4, "Inner Unique": false, "Plans": [{"Node Type": "Bitmap Heap Scan", "Parent Relationship": "Outer", "Relation Name": "company_type", "Alias": "ct", "Startup Cost": 8.27, "Total Cost": 12.3, "Plan Rows": 1, "Plan Width": 4, "Filter": "((kind)::text = 'production companies'::text)", "Plans": [{"Node Type": "Bitmap Index Scan", "Parent Relationship": "Outer", "Index Name": "company_type_pkey", "Startup Cost": 0.0, "Total Cost": 8.27, "Plan Rows": 3, "Plan Width": 0}]}, {"Node Type": "Bitmap Heap Scan", "Parent Relationship": "Inner", "Relation Name": "movie_companies", "Alias": "mc", "Startup Cost": 28996.8, "Total Cost": 67552.67, "Plan Rows": 209279, "Plan Width": 8, "Recheck Cond": "(company_type_id = ct.id), (LLVM Optimized)", "Filter": "(((note)::text !~~ '%(TV)%'::text) AND ((note)::text ~~ '%(USA)%'::text)), (LLVM Optimized)", "Plans": [{"Node Type": "Bitmap Index Scan", "Parent Relationship": "Outer", "Index Name": "company_type_id_movie_companies", "Startup Cost": 0.0, "Total Cost": 28944.48, "Plan Rows": 1304564, "Plan Width": 0, "Index Cond": "(company_type_id = ct.id)"}]}]}, {"Node Type": "Hash", "Parent Relationship": "Inner", "Startup Cost": 116480.9, "Total Cost": 116480.9, "Plan Rows": 1748840, "Plan Width": 21, "Plans": [{"Node Type": "Bitmap Heap Scan", "Parent Relationship": "Outer", "Relation Name": "title", "Alias": "t", "Startup Cost": 50091.01, "Total Cost": 116480.9, "Plan Rows": 1748840, "Plan Width": 21, "Filter": "(production_year > 1990), (LLVM Optimized)", "Plans": [{"Node Type": "Bitmap Index Scan", "Parent Relationship": "Outer", "Index Name": "title_pkey", "Startup Cost": 0.0, "Total Cost": 49653.81, "Plan Rows": 2528311, "Plan Width": 0}]}]}]}]}]}, {"Node Type": "Hash", "Parent Relationship": "Inner", "Startup Cost": 13.96, "Total Cost": 13.96, "Plan Rows": 112, "Plan Width": 4, "Plans": [{"Node Type": "Bitmap Heap Scan", "Parent Relationship": "Outer", "Relation Name": "info_type", "Alias": "it", "Startup Cost": 8.84, "Total Cost": 13.96, "Plan Rows": 112, "Plan Width": 4, "Plans": [{"Node Type": "Bitmap Index Scan", "Parent Relationship": "Outer", "Index Name": "info_type_pkey", "Startup Cost": 0.0, "Total Cost": 8.81, "Plan Rows": 112, "Plan Width": 0}]}]}]}]}, "Unique SQL Id": 322094867}, "explain_analyze_plan": null}, "(16, 100)": {"explain_plan": {"Plan": {"Node Type": "Aggregate", "Strategy": "Plain", "Startup Cost": 173539.71, "Total Cost": 173539.72, "Plan Rows": 1, "Plan Width": 49, "Plans": [{"Node Type": "Hash Join", "Parent Relationship": "Outer", "Join Type": "Inner", "Startup Cost": 70862.43, "Total Cost": 172712.09, "Plan Rows": 331050, "Plan Width": 17, "Inner Unique": true, "Hash Cond": "(mi.info_type_id = it.id), (LLVM Optimized)", "Plans": [{"Node Type": "Streaming(type: LOCAL GATHER dop: 1/16)", "Parent Relationship": "Outer", "Startup Cost": 70858.91, "Total Cost": 168156.63, "Plan Rows": 331050, "Plan Width": 21, "Plans": [{"Node Type": "Hash Join", "Parent Relationship": "Outer", "Join Type": "Inner", "Startup Cost": 70858.91, "Total Cost": 161011.9, "Plan Rows": 331050, "Plan Width": 21, "Inner Unique": true, "Hash Cond": "(mi.movie_id = t.id), (LLVM Optimized)", "Plans": [{"Node Type": "Streaming(type: BROADCAST dop: 16/16)", "Parent Relationship": "Outer", "Startup Cost": 50343.26, "Total Cost": 139393.26, "Plan Rows": 3823280, "Plan Width": 12, "Plans": [{"Node Type": "Hash Join", "Parent Relationship": "Outer", "Join Type": "Inner", "Startup Cost": 50343.26, "Total Cost": 114685.71, "Plan Rows": 238955, "Plan Width": 12, "Inner Unique": true, "Hash Cond": "(mc.company_type_id = ct.id), (LLVM Optimized)", "Plans": [{"Node Type": "Hash Join", "Parent Relationship": "Outer", "Join Type": "Inner", "Startup Cost": 35341.87, "Total Cost": 99422.95, "Plan Rows": 477912, "Plan Width": 16, "Inner Unique": false, "Hash Cond": "(mi.movie_id = mc.movie_id), (LLVM Optimized)", "Plans": [{"Node Type": "Streaming(type: LOCAL REDISTRIBUTE dop: 16/16)", "Parent Relationship": "Outer", "Startup Cost": 0.0, "Total Cost": 62931.17, "Plan Rows": 726375, "Plan Width": 8, "Plans": [{"Node Type": "Seq Scan", "Parent Relationship": "Outer", "Relation Name": "movie_info", "Alias": "mi", "Startup Cost": 0.0, "Total Cost": 45178.89, "Plan Rows": 726375, "Plan Width": 8, "Filter": "((info)::text = ANY ('{Sweden,Norway,Germany,Denmark,Swedish,Denish,Norwegian,German,USA,American}'::text[]))"}]}, {"Node Type": "Hash", "Parent Relationship": "Inner", "Startup Cost": 35014.87, "Total Cost": 35014.87, "Plan Rows": 418557, "Plan Width": 8, "Plans": [{"Node Type": "Streaming(type: LOCAL REDISTRIBUTE dop: 16/16)", "Parent Relationship": "Outer", "Startup Cost": 0.0, "Total Cost": 35014.87, "Plan Rows": 418557, "Plan Width": 8, "Plans": [{"Node Type": "Seq Scan", "Parent Relationship": "Outer", "Relation Name": "movie_companies", "Alias": "mc", "Startup Cost": 0.0, "Total Cost": 18428.93, "Plan Rows": 418557, "Plan Width": 8, "Filter": "(((note)::text !~~ '%(TV)%'::text) AND ((note)::text ~~ '%(USA)%'::text)), (LLVM Optimized)"}]}]}]}, {"Node Type": "Hash", "Parent Relationship": "Inner", "Startup Cost": 15001.38, "Total Cost": 15001.38, "Plan Rows": 16, "Plan Width": 4, "Plans": [{"Node Type": "Streaming(type: BROADCAST dop: 16/1)", "Parent Relationship": "Outer", "Startup Cost": 0.0, "Total Cost": 15001.38, "Plan Rows": 16, "Plan Width": 4, "Plans": [{"Node Type": "Seq Scan", "Parent Relationship": "Outer", "Relation Name": "company_type", "Alias": "ct", "Startup Cost": 0.0, "Total Cost": 1.04, "Plan Rows": 1, "Plan Width": 4, "Filter": "((kind)::text = 'production companies'::text)"}]}]}]}]}, {"Node Type": "Hash", "Parent Relationship": "Inner", "Startup Cost": 19149.37, "Total Cost": 19149.37, "Plan Rows": 1748840, "Plan Width": 21, "Plans": [{"Node Type": "Seq Scan", "Parent Relationship": "Outer", "Relation Name": "title", "Alias": "t", "Startup Cost": 0.0, "Total Cost": 19149.37, "Plan Rows": 1748840, "Plan Width": 21, "Filter": "(production_year > 1990), (LLVM Optimized)"}]}]}]}, {"Node Type": "Hash", "Parent Relationship": "Inner", "Startup Cost": 2.12, "Total Cost": 2.12, "Plan Rows": 112, "Plan Width": 4, "Plans": [{"Node Type": "Seq Scan", "Parent Relationship": "Outer", "Relation Name": "info_type", "Alias": "it", "Startup Cost": 0.0, "Total Cost": 2.12, "Plan Rows": 112, "Plan Width": 4}]}]}]}, "Unique SQL Id": 322094867}, "explain_analyze_plan": {"Plan": {"Node Type": "Aggregate", "Strategy": "Plain", "Startup Cost": 173539.71, "Total Cost": 173539.72, "Plan Rows": 1, "Plan Width": 49, "Actual Min Startup Time": 882.09, "Actual Max Startup Time": 882.09, "Actual Min Total Time": 882.09, "Actual Max Total Time": 882.09, "Actual Total Rows": 1, "Plans": [{"Node Type": "Hash Join", "Parent Relationship": "Outer", "Join Type": "Inner", "Startup Cost": 70862.43, "Total Cost": 172712.09, "Plan Rows": 331050, "Plan Width": 17, "Actual Min Startup Time": 881.426, "Actual Max Startup Time": 881.426, "Actual Min Total Time": 881.87, "Actual Max Total Time": 881.87, "Actual Total Rows": 669, "Inner Unique": true, "Hash Cond": "(mi.info_type_id = it.id), (LLVM Optimized)", "Plans": [{"Node Type": "Streaming(type: LOCAL GATHER dop: 1/16)", "Parent Relationship": "Outer", "Startup Cost": 70858.91, "Total Cost": 168156.63, "Plan Rows": 331050, "Plan Width": 21, "Actual Min Startup Time": 881.224, "Actual Max Startup Time": 881.224, "Actual Min Total Time": 881.408, "Actual Max Total Time": 881.408, "Actual Total Rows": 669, "Plans": [{"Node Type": "Hash Join", "Parent Relationship": "Outer", "Join Type": "Inner", "Startup Cost": 70858.91, "Total Cost": 161011.9, "Plan Rows": 331050, "Plan Width": 21, "Actual Min Startup Time": 690.477, "Actual Max Startup Time": 755.388, "Actual Min Total Time": 690.979, "Actual Max Total Time": 756.212, "Actual Total Rows": 669, "Inner Unique": true, "Hash Cond": "(mi.movie_id = t.id), (LLVM Optimized)", "Plans": [{"Node Type": "Streaming(type: BROADCAST dop: 16/16)", "Parent Relationship": "Outer", "Startup Cost": 50343.26, "Total Cost": 139393.26, "Plan Rows": 3823280, "Plan Width": 12, "Actual Min Startup Time": 590.564, "Actual Max Startup Time": 654.095, "Actual Min Total Time": 590.798, "Actual Max Total Time": 654.526, "Actual Total Rows": 11056, "Plans": [{"Node Type": "Hash Join", "Parent Relationship": "Outer", "Join Type": "Inner", "Startup Cost": 50343.26, "Total Cost": 114685.71, "Plan Rows": 238955, "Plan Width": 12, "Actual Min Startup Time": 126.219, "Actual Max Startup Time": 549.608, "Actual Min Total Time": 688.334, "Actual Max Total Time": 748.889, "Actual Total Rows": 691, "Inner Unique": true, "Hash Cond": "(mc.company_type_id = ct.id), (LLVM Optimized)", "Plans": [{"Node Type": "Hash Join", "Parent Relationship": "Outer", "Join Type": "Inner", "Startup Cost": 35341.87, "Total Cost": 99422.95, "Plan Rows": 477912, "Plan Width": 16, "Actual Min Startup Time": 90.346, "Actual Max Startup Time": 151.051, "Actual Min Total Time": 685.75, "Actual Max Total Time": 746.227, "Actual Total Rows": 294926, "Inner Unique": false, "Hash Cond": "(mi.movie_id = mc.movie_id), (LLVM Optimized)", "Plans": [{"Node Type": "Streaming(type: LOCAL REDISTRIBUTE dop: 16/16)", "Parent Relationship": "Outer", "Startup Cost": 0.0, "Total Cost": 62931.17, "Plan Rows": 726375, "Plan Width": 8, "Actual Min Startup Time": 0.063, "Actual Max Startup Time": 0.422, "Actual Min Total Time": 580.509, "Actual Max Total Time": 581.815, "Actual Total Rows": 706674, "Plans": [{"Node Type": "Seq Scan", "Parent Relationship": "Outer", "Relation Name": "movie_info", "Alias": "mi", "Startup Cost": 0.0, "Total Cost": 45178.89, "Plan Rows": 726375, "Plan Width": 8, "Actual Min Startup Time": 0.037, "Actual Max Startup Time": 3.311, "Actual Min Total Time": 506.795, "Actual Max Total Time": 551.798, "Actual Total Rows": 706674, "Filter": "((info)::text = ANY ('{Sweden,Norway,Germany,Denmark,Swedish,Denish,Norwegian,German,USA,American}'::text[]))", "Rows Removed by Filter": 14129045}]}, {"Node Type": "Hash", "Parent Relationship": "Inner", "Startup Cost": 35014.87, "Total Cost": 35014.87, "Plan Rows": 418557, "Plan Width": 8, "Actual Min Startup Time": 90.201, "Actual Max Startup Time": 150.767, "Actual Min Total Time": 90.201, "Actual Max Total Time": 150.767, "Actual Total Rows": 295628, "Max Hash Buckets": 32768, "Min Hash Buckets": 32768, "Max Hash Batches": 1, "Min Hash Batches": 1, "Max Original Hash Batches": 1, "Min Original Hash Batches": 1, "Max Peak Memory Usage": 722, "min Peak Memory Usage": 722, "Plans": [{"Node Type": "Streaming(type: LOCAL REDISTRIBUTE dop: 16/16)", "Parent Relationship": "Outer", "Startup Cost": 0.0, "Total Cost": 35014.87, "Plan Rows": 418557, "Plan Width": 8, "Actual Min Startup Time": 0.045, "Actual Max Startup Time": 44.925, "Actual Min Total Time": 85.467, "Actual Max Total Time": 146.017, "Actual Total Rows": 295628, "Plans": [{"Node Type": "Seq Scan", "Parent Relationship": "Outer", "Relation Name": "movie_companies", "Alias": "mc", "Startup Cost": 0.0, "Total Cost": 18428.93, "Plan Rows": 418557, "Plan Width": 8, "Actual Min Startup Time": 0.045, "Actual Max Startup Time": 0.318, "Actual Min Total Time": 71.182, "Actual Max Total Time": 78.657, "Actual Total Rows": 295628, "Filter": "(((note)::text !~~ '%(TV)%'::text) AND ((note)::text ~~ '%(USA)%'::text)), (LLVM Optimized)", "Rows Removed by Filter": 2313500}]}]}]}, {"Node Type": "Hash", "Parent Relationship": "Inner", "Startup Cost": 15001.38, "Total Cost": 15001.38, "Plan Rows": 16, "Plan Width": 4, "Actual Min Startup Time": 0.006, "Actual Max Startup Time": 0.019, "Actual Min Total Time": 0.006, "Actual Max Total Time": 0.019, "Actual Total Rows": 16, "Max Hash Buckets": 32768, "Min Hash Buckets": 32768, "Max Hash Batches": 1, "Min Hash Batches": 1, "Max Original Hash Batches": 1, "Min Original Hash Batches": 1, "Max Peak Memory Usage": 1, "min Peak Memory Usage": 1, "Plans": [{"Node Type": "Streaming(type: BROADCAST dop: 16/1)", "Parent Relationship": "Outer", "Startup Cost": 0.0, "Total Cost": 15001.38, "Plan Rows": 16, "Plan Width": 4, "Actual Min Startup Time": 0.003, "Actual Max Startup Time": 0.008, "Actual Min Total Time": 0.004, "Actual Max Total Time": 0.009, "Actual Total Rows": 16, "Plans": [{"Node Type": "Seq Scan", "Parent Relationship": "Outer", "Relation Name": "company_type", "Alias": "ct", "Startup Cost": 0.0, "Total Cost": 1.04, "Plan Rows": 1, "Plan Width": 4, "Actual Min Startup Time": 0.034, "Actual Max Startup Time": 0.034, "Actual Min Total Time": 0.037, "Actual Max Total Time": 0.037, "Actual Total Rows": 1, "Filter": "((kind)::text = 'production companies'::text)", "Rows Removed by Filter": 2}]}]}]}]}, {"Node Type": "Hash", "Parent Relationship": "Inner", "Startup Cost": 19149.37, "Total Cost": 19149.37, "Plan Rows": 1748840, "Plan Width": 21, "Actual Min Startup Time": 96.519, "Actual Max Startup Time": 102.215, "Actual Min Total Time": 96.519, "Actual Max Total Time": 102.215, "Actual Total Rows": 1749032, "Max Hash Buckets": 131072, "Min Hash Buckets": 131072, "Max Hash Batches": 1, "Min Hash Batches": 1, "Max Original Hash Batches": 1, "Min Original Hash Batches": 1, "Max Peak Memory Usage": 5962, "min Peak Memory Usage": 5962, "Plans": [{"Node Type": "Seq Scan", "Parent Relationship": "Outer", "Relation Name": "title", "Alias": "t", "Startup Cost": 0.0, "Total Cost": 19149.37, "Plan Rows": 1748840, "Plan Width": 21, "Actual Min Startup Time": 0.023, "Actual Max Startup Time": 0.032, "Actual Min Total Time": 63.637, "Actual Max Total Time": 68.547, "Actual Total Rows": 1749032, "Filter": "(production_year > 1990), (LLVM Optimized)", "Rows Removed by Filter": 779279}]}]}]}, {"Node Type": "Hash", "Parent Relationship": "Inner", "Startup Cost": 2.12, "Total Cost": 2.12, "Plan Rows": 112, "Plan Width": 4, "Actual Min Startup Time": 0.121, "Actual Max Startup Time": 0.121, "Actual Min Total Time": 0.121, "Actual Max Total Time": 0.121, "Actual Total Rows": 112, "Max Hash Buckets": 32768, "Min Hash Buckets": 32768, "Max Hash Batches": 1, "Min Hash Batches": 1, "Max Original Hash Batches": 1, "Min Original Hash Batches": 1, "Max Peak Memory Usage": 4, "min Peak Memory Usage": 4, "Plans": [{"Node Type": "Seq Scan", "Parent Relationship": "Outer", "Relation Name": "info_type", "Alias": "it", "Startup Cost": 0.0, "Total Cost": 2.12, "Plan Rows": 112, "Plan Width": 4, "Actual Min Startup Time": 0.05, "Actual Max Startup Time": 0.05, "Actual Min Total Time": 0.07, "Actual Max Total Time": 0.07, "Actual Total Rows": 112}]}]}]}, "Triggers": [], "Planner Runtime": 21.316, "Total Runtime": 905.003, "Unique SQL Id": 322094867}}, "(16, 101)": {"explain_plan": {"Plan": {"Node Type": "Aggregate", "Strategy": "Plain", "Startup Cost": 502974.41, "Total Cost": 502974.42, "Plan Rows": 1, "Plan Width": 49, "Plans": [{"Node Type": "Hash Join", "Parent Relationship": "Outer", "Join Type": "Inner", "Startup Cost": 103197.32, "Total Cost": 502146.78, "Plan Rows": 331050, "Plan Width": 17, "Inner Unique": true, "Hash Cond": "(mi.info_type_id = it.id), (LLVM Optimized)", "Plans": [{"Node Type": "Nested Loop", "Parent Relationship": "Outer", "Join Type": "Inner", "Startup Cost": 103181.99, "Total Cost": 497761.59, "Plan Rows": 331050, "Plan Width": 21, "Inner Unique": false, "Plans": [{"Node Type": "Hash Join", "Parent Relationship": "Outer", "Join Type": "Inner", "Startup Cost": 103181.99, "Total Cost": 239243.52, "Plan Rows": 289936, "Plan Width": 25, "Inner Unique": true, "Hash Cond": "(mc.company_type_id = ct.id), (LLVM Optimized)", "Plans": [{"Node Type": "Streaming(type: LOCAL GATHER dop: 1/16)", "Parent Relationship": "Outer", "Startup Cost": 103178.9, "Total Cost": 234166.55, "Plan Rows": 579872, "Plan Width": 29, "Plans": [{"Node Type": "Hash Join", "Parent Relationship": "Outer", "Join Type": "Inner", "Startup Cost": 103178.9, "Total Cost": 221651.74, "Plan Rows": 579872, "Plan Width": 29, "Inner Unique": true, "Hash Cond": "(mc.movie_id = t.id), (LLVM Optimized)", "Plans": [{"Node Type": "Streaming(type: BROADCAST dop: 16/16)", "Parent Relationship": "Outer", "Startup Cost": 0.0, "Total Cost": 116540.83, "Plan Rows": 6696912, "Plan Width": 8, "Plans": [{"Node Type": "Index Scan", "Parent Relationship": "Outer", "Scan Direction": "Forward", "Index Name": "company_type_id_movie_companies", "Relation Name": "movie_companies", "Alias": "mc", "Startup Cost": 0.0, "Total Cost": 84536.95, "Plan Rows": 418557, "Plan Width": 8, "Filter": "(((note)::text !~~ '%(TV)%'::text) AND ((note)::text ~~ '%(USA)%'::text)), (LLVM Optimized)"}]}, {"Node Type": "Hash", "Parent Relationship": "Inner", "Startup Cost": 101812.62, "Total Cost": 101812.62, "Plan Rows": 1748840, "Plan Width": 21, "Plans": [{"Node Type": "Index Scan", "Parent Relationship": "Outer", "Scan Direction": "Forward", "Index Name": "title_pkey", "Relation Name": "title", "Alias": "t", "Startup Cost": 0.0, "Total Cost": 101812.62, "Plan Rows": 1748840, "Plan Width": 21, "Filter": "(production_year > 1990), (LLVM Optimized)"}]}]}]}, {"Node Type": "Hash", "Parent Relationship": "Inner", "Startup Cost": 12.3, "Total Cost": 12.3, "Plan Rows": 1, "Plan Width": 4, "Plans": [{"Node Type": "Index Scan", "Parent Relationship": "Outer", "Scan Direction": "Forward", "Index Name": "company_type_pkey", "Relation Name": "company_type", "Alias": "ct", "Startup Cost": 0.0, "Total Cost": 12.3, "Plan Rows": 1, "Plan Width": 4, "Filter": "((kind)::text = 'production companies'::text)"}]}]}, {"Node Type": "Index Scan", "Parent Relationship": "Inner", "Scan Direction": "Forward", "Index Name": "movie_id_movie_info", "Relation Name": "movie_info", "Alias": "mi", "Startup Cost": 0.0, "Total Cost": 0.88, "Plan Rows": 1, "Plan Width": 8, "Index Cond": "(movie_id = t.id)", "Filter": "((info)::text = ANY ('{Sweden,Norway,Germany,Denmark,Swedish,Denish,Norwegian,German,USA,American}'::text[]))"}]}, {"Node Type": "Hash", "Parent Relationship": "Inner", "Startup Cost": 13.93, "Total Cost": 13.93, "Plan Rows": 112, "Plan Width": 4, "Plans": [{"Node Type": "Index Scan", "Parent Relationship": "Outer", "Scan Direction": "Forward", "Index Name": "info_type_pkey", "Relation Name": "info_type", "Alias": "it", "Startup Cost": 0.0, "Total Cost": 13.93, "Plan Rows": 112, "Plan Width": 4}]}]}]}, "Unique SQL Id": 322094867}, "explain_analyze_plan": {"Plan": {"Node Type": "Aggregate", "Strategy": "Plain", "Startup Cost": 502974.41, "Total Cost": 502974.42, "Plan Rows": 1, "Plan Width": 49, "Actual Min Startup Time": 1064.737, "Actual Max Startup Time": 1064.737, "Actual Min Total Time": 1064.737, "Actual Max Total Time": 1064.737, "Actual Total Rows": 1, "Plans": [{"Node Type": "Hash Join", "Parent Relationship": "Outer", "Join Type": "Inner", "Startup Cost": 103197.32, "Total Cost": 502146.78, "Plan Rows": 331050, "Plan Width": 17, "Actual Min Startup Time": 386.964, "Actual Max Startup Time": 386.964, "Actual Min Total Time": 1064.289, "Actual Max Total Time": 1064.289, "Actual Total Rows": 669, "Inner Unique": true, "Hash Cond": "(mi.info_type_id = it.id), (LLVM Optimized, Jit Execute)", "Plans": [{"Node Type": "Nested Loop", "Parent Relationship": "Outer", "Join Type": "Inner", "Startup Cost": 103181.99, "Total Cost": 497761.59, "Plan Rows": 331050, "Plan Width": 21, "Actual Min Startup Time": 386.77, "Actual Max Startup Time": 386.77, "Actual Min Total Time": 1063.791, "Actual Max Total Time": 1063.791, "Actual Total Rows": 669, "Inner Unique": false, "Plans": [{"Node Type": "Hash Join", "Parent Relationship": "Outer", "Join Type": "Inner", "Startup Cost": 103181.99, "Total Cost": 239243.52, "Plan Rows": 289936, "Plan Width": 25, "Actual Min Startup Time": 386.657, "Actual Max Startup Time": 386.657, "Actual Min Total Time": 1044.352, "Actual Max Total Time": 1044.352, "Actual Total Rows": 767, "Inner Unique": true, "Hash Cond": "(mc.company_type_id = ct.id), (LLVM Optimized, Jit Execute)", "Plans": [{"Node Type": "Streaming(type: LOCAL GATHER dop: 1/16)", "Parent Relationship": "Outer", "Startup Cost": 103178.9, "Total Cost": 234166.55, "Plan Rows": 579872, "Plan Width": 29, "Actual Min Startup Time": 386.569, "Actual Max Startup Time": 386.569, "Actual Min Total Time": 1027.44, "Actual Max Total Time": 1027.44, "Actual Total Rows": 105501, "Plans": [{"Node Type": "Hash Join", "Parent Relationship": "Outer", "Join Type": "Inner", "Startup Cost": 103178.9, "Total Cost": 221651.74, "Plan Rows": 579872, "Plan Width": 29, "Actual Min Startup Time": 289.501, "Actual Max Startup Time": 379.366, "Actual Min Total Time": 951.269, "Actual Max Total Time": 972.121, "Actual Total Rows": 105501, "Inner Unique": true, "Hash Cond": "(mc.movie_id = t.id), (LLVM Optimized, Jit Execute)", "Plans": [{"Node Type": "Streaming(type: BROADCAST dop: 16/16)", "Parent Relationship": "Outer", "Startup Cost": 0.0, "Total Cost": 116540.83, "Plan Rows": 6696912, "Plan Width": 8, "Actual Min Startup Time": 0.05, "Actual Max Startup Time": 0.139, "Actual Min Total Time": 510.992, "Actual Max Total Time": 592.12, "Actual Total Rows": 4730048, "Plans": [{"Node Type": "Index Scan", "Parent Relationship": "Outer", "Scan Direction": "Forward", "Index Name": "company_type_id_movie_companies", "Relation Name": "movie_companies", "Alias": "mc", "Startup Cost": 0.0, "Total Cost": 84536.95, "Plan Rows": 418557, "Plan Width": 8, "Actual Min Startup Time": 0.08, "Actual Max Startup Time": 59.784, "Actual Min Total Time": 75.551, "Actual Max Total Time": 204.25, "Actual Total Rows": 295628, "Filter": "(((note)::text !~~ '%(TV)%'::text) AND ((note)::text ~~ '%(USA)%'::text)), (LLVM Optimized, Jit Execute)", "Rows Removed by Filter": 2313500}]}, {"Node Type": "Hash", "Parent Relationship": "Inner", "Startup Cost": 101812.62, "Total Cost": 101812.62, "Plan Rows": 1748840, "Plan Width": 21, "Actual Min Startup Time": 289.1, "Actual Max Startup Time": 377.983, "Actual Min Total Time": 289.1, "Actual Max Total Time": 377.983, "Actual Total Rows": 1749032, "Max Hash Buckets": 131072, "Min Hash Buckets": 131072, "Max Hash Batches": 1, "Min Hash Batches": 1, "Max Original Hash Batches": 1, "Min Original Hash Batches": 1, "Max Peak Memory Usage": 6766, "min Peak Memory Usage": 6766, "Plans": [{"Node Type": "Index Scan", "Parent Relationship": "Outer", "Scan Direction": "Forward", "Index Name": "title_pkey", "Relation Name": "title", "Alias": "t", "Startup Cost": 0.0, "Total Cost": 101812.62, "Plan Rows": 1748840, "Plan Width": 21, "Actual Min Startup Time": 15.394, "Actual Max Startup Time": 48.394, "Actual Min Total Time": 253.097, "Actual Max Total Time": 343.838, "Actual Total Rows": 1749032, "Filter": "(production_year > 1990), (LLVM Optimized, Jit Execute)", "Rows Removed by Filter": 779279}]}]}]}, {"Node Type": "Hash", "Parent Relationship": "Inner", "Startup Cost": 12.3, "Total Cost": 12.3, "Plan Rows": 1, "Plan Width": 4, "Actual Min Startup Time": 0.029, "Actual Max Startup Time": 0.029, "Actual Min Total Time": 0.029, "Actual Max Total Time": 0.029, "Actual Total Rows": 1, "Max Hash Buckets": 32768, "Min Hash Buckets": 32768, "Max Hash Batches": 1, "Min Hash Batches": 1, "Max Original Hash Batches": 1, "Min Original Hash Batches": 1, "Max Peak Memory Usage": 1, "min Peak Memory Usage": 1, "Plans": [{"Node Type": "Index Scan", "Parent Relationship": "Outer", "Scan Direction": "Forward", "Index Name": "company_type_pkey", "Relation Name": "company_type", "Alias": "ct", "Startup Cost": 0.0, "Total Cost": 12.3, "Plan Rows": 1, "Plan Width": 4, "Actual Min Startup Time": 0.019, "Actual Max Startup Time": 0.019, "Actual Min Total Time": 0.021, "Actual Max Total Time": 0.021, "Actual Total Rows": 1, "Filter": "((kind)::text = 'production companies'::text)", "Rows Removed by Filter": 2}]}]}, {"Node Type": "Index Scan", "Parent Relationship": "Inner", "Scan Direction": "Forward", "Index Name": "movie_id_movie_info", "Relation Name": "movie_info", "Alias": "mi", "Startup Cost": 0.0, "Total Cost": 0.88, "Plan Rows": 1, "Plan Width": 8, "Actual Min Startup Time": 16.381, "Actual Max Startup Time": 16.381, "Actual Min Total Time": 18.704, "Actual Max Total Time": 18.704, "Actual Total Rows": 669, "Index Cond": "(movie_id = t.id)", "Rows Removed by Index Recheck": 0, "Filter": "((info)::text = ANY ('{Sweden,Norway,Germany,Denmark,Swedish,Denish,Norwegian,German,USA,American}'::text[]))", "Rows Removed by Filter": 7721}]}, {"Node Type": "Hash", "Parent Relationship": "Inner", "Startup Cost": 13.93, "Total Cost": 13.93, "Plan Rows": 112, "Plan Width": 4, "Actual Min Startup Time": 0.132, "Actual Max Startup Time": 0.132, "Actual Min Total Time": 0.132, "Actual Max Total Time": 0.132, "Actual Total Rows": 112, "Max Hash Buckets": 32768, "Min Hash Buckets": 32768, "Max Hash Batches": 1, "Min Hash Batches": 1, "Max Original Hash Batches": 1, "Min Original Hash Batches": 1, "Max Peak Memory Usage": 4, "min Peak Memory Usage": 4, "Plans": [{"Node Type": "Index Scan", "Parent Relationship": "Outer", "Scan Direction": "Forward", "Index Name": "info_type_pkey", "Relation Name": "info_type", "Alias": "it", "Startup Cost": 0.0, "Total Cost": 13.93, "Plan Rows": 112, "Plan Width": 4, "Actual Min Startup Time": 0.031, "Actual Max Startup Time": 0.031, "Actual Min Total Time": 0.077, "Actual Max Total Time": 0.077, "Actual Total Rows": 112}]}]}]}, "Triggers": [], "Planner Runtime": 14.324, "Total Runtime": 1080.686, "Unique SQL Id": 322094867}}, "(16, 102)": {"explain_plan": {"Plan": {"Node Type": "Aggregate", "Strategy": "Plain", "Startup Cost": 173539.71, "Total Cost": 173539.72, "Plan Rows": 1, "Plan Width": 49, "Plans": [{"Node Type": "Hash Join", "Parent Relationship": "Outer", "Join Type": "Inner", "Startup Cost": 70862.43, "Total Cost": 172712.09, "Plan Rows": 331050, "Plan Width": 17, "Inner Unique": true, "Hash Cond": "(mi.info_type_id = it.id), (LLVM Optimized)", "Plans": [{"Node Type": "Streaming(type: LOCAL GATHER dop: 1/16)", "Parent Relationship": "Outer", "Startup Cost": 70858.91, "Total Cost": 168156.63, "Plan Rows": 331050, "Plan Width": 21, "Plans": [{"Node Type": "Hash Join", "Parent Relationship": "Outer", "Join Type": "Inner", "Startup Cost": 70858.91, "Total Cost": 161011.9, "Plan Rows": 331050, "Plan Width": 21, "Inner Unique": true, "Hash Cond": "(mi.movie_id = t.id), (LLVM Optimized)", "Plans": [{"Node Type": "Streaming(type: BROADCAST dop: 16/16)", "Parent Relationship": "Outer", "Startup Cost": 50343.26, "Total Cost": 139393.26, "Plan Rows": 3823280, "Plan Width": 12, "Plans": [{"Node Type": "Hash Join", "Parent Relationship": "Outer", "Join Type": "Inner", "Startup Cost": 50343.26, "Total Cost": 114685.71, "Plan Rows": 238955, "Plan Width": 12, "Inner Unique": true, "Hash Cond": "(mc.company_type_id = ct.id), (LLVM Optimized)", "Plans": [{"Node Type": "Hash Join", "Parent Relationship": "Outer", "Join Type": "Inner", "Startup Cost": 35341.87, "Total Cost": 99422.95, "Plan Rows": 477912, "Plan Width": 16, "Inner Unique": false, "Hash Cond": "(mi.movie_id = mc.movie_id), (LLVM Optimized)", "Plans": [{"Node Type": "Streaming(type: LOCAL REDISTRIBUTE dop: 16/16)", "Parent Relationship": "Outer", "Startup Cost": 0.0, "Total Cost": 62931.17, "Plan Rows": 726375, "Plan Width": 8, "Plans": [{"Node Type": "Seq Scan", "Parent Relationship": "Outer", "Relation Name": "movie_info", "Alias": "mi", "Startup Cost": 0.0, "Total Cost": 45178.89, "Plan Rows": 726375, "Plan Width": 8, "Filter": "((info)::text = ANY ('{Sweden,Norway,Germany,Denmark,Swedish,Denish,Norwegian,German,USA,American}'::text[]))"}]}, {"Node Type": "Hash", "Parent Relationship": "Inner", "Startup Cost": 35014.87, "Total Cost": 35014.87, "Plan Rows": 418557, "Plan Width": 8, "Plans": [{"Node Type": "Streaming(type: LOCAL REDISTRIBUTE dop: 16/16)", "Parent Relationship": "Outer", "Startup Cost": 0.0, "Total Cost": 35014.87, "Plan Rows": 418557, "Plan Width": 8, "Plans": [{"Node Type": "Seq Scan", "Parent Relationship": "Outer", "Relation Name": "movie_companies", "Alias": "mc", "Startup Cost": 0.0, "Total Cost": 18428.93, "Plan Rows": 418557, "Plan Width": 8, "Filter": "(((note)::text !~~ '%(TV)%'::text) AND ((note)::text ~~ '%(USA)%'::text)), (LLVM Optimized)"}]}]}]}, {"Node Type": "Hash", "Parent Relationship": "Inner", "Startup Cost": 15001.38, "Total Cost": 15001.38, "Plan Rows": 16, "Plan Width": 4, "Plans": [{"Node Type": "Streaming(type: BROADCAST dop: 16/1)", "Parent Relationship": "Outer", "Startup Cost": 0.0, "Total Cost": 15001.38, "Plan Rows": 16, "Plan Width": 4, "Plans": [{"Node Type": "Seq Scan", "Parent Relationship": "Outer", "Relation Name": "company_type", "Alias": "ct", "Startup Cost": 0.0, "Total Cost": 1.04, "Plan Rows": 1, "Plan Width": 4, "Filter": "((kind)::text = 'production companies'::text)"}]}]}]}]}, {"Node Type": "Hash", "Parent Relationship": "Inner", "Startup Cost": 19149.37, "Total Cost": 19149.37, "Plan Rows": 1748840, "Plan Width": 21, "Plans": [{"Node Type": "Seq Scan", "Parent Relationship": "Outer", "Relation Name": "title", "Alias": "t", "Startup Cost": 0.0, "Total Cost": 19149.37, "Plan Rows": 1748840, "Plan Width": 21, "Filter": "(production_year > 1990), (LLVM Optimized)"}]}]}]}, {"Node Type": "Hash", "Parent Relationship": "Inner", "Startup Cost": 2.12, "Total Cost": 2.12, "Plan Rows": 112, "Plan Width": 4, "Plans": [{"Node Type": "Seq Scan", "Parent Relationship": "Outer", "Relation Name": "info_type", "Alias": "it", "Startup Cost": 0.0, "Total Cost": 2.12, "Plan Rows": 112, "Plan Width": 4}]}]}]}, "Unique SQL Id": 322094867}, "explain_analyze_plan": {"Plan": {"Node Type": "Aggregate", "Strategy": "Plain", "Startup Cost": 173539.71, "Total Cost": 173539.72, "Plan Rows": 1, "Plan Width": 49, "Actual Min Startup Time": 882.09, "Actual Max Startup Time": 882.09, "Actual Min Total Time": 882.09, "Actual Max Total Time": 882.09, "Actual Total Rows": 1, "Plans": [{"Node Type": "Hash Join", "Parent Relationship": "Outer", "Join Type": "Inner", "Startup Cost": 70862.43, "Total Cost": 172712.09, "Plan Rows": 331050, "Plan Width": 17, "Actual Min Startup Time": 881.426, "Actual Max Startup Time": 881.426, "Actual Min Total Time": 881.87, "Actual Max Total Time": 881.87, "Actual Total Rows": 669, "Inner Unique": true, "Hash Cond": "(mi.info_type_id = it.id), (LLVM Optimized)", "Plans": [{"Node Type": "Streaming(type: LOCAL GATHER dop: 1/16)", "Parent Relationship": "Outer", "Startup Cost": 70858.91, "Total Cost": 168156.63, "Plan Rows": 331050, "Plan Width": 21, "Actual Min Startup Time": 881.224, "Actual Max Startup Time": 881.224, "Actual Min Total Time": 881.408, "Actual Max Total Time": 881.408, "Actual Total Rows": 669, "Plans": [{"Node Type": "Hash Join", "Parent Relationship": "Outer", "Join Type": "Inner", "Startup Cost": 70858.91, "Total Cost": 161011.9, "Plan Rows": 331050, "Plan Width": 21, "Actual Min Startup Time": 690.477, "Actual Max Startup Time": 755.388, "Actual Min Total Time": 690.979, "Actual Max Total Time": 756.212, "Actual Total Rows": 669, "Inner Unique": true, "Hash Cond": "(mi.movie_id = t.id), (LLVM Optimized)", "Plans": [{"Node Type": "Streaming(type: BROADCAST dop: 16/16)", "Parent Relationship": "Outer", "Startup Cost": 50343.26, "Total Cost": 139393.26, "Plan Rows": 3823280, "Plan Width": 12, "Actual Min Startup Time": 590.564, "Actual Max Startup Time": 654.095, "Actual Min Total Time": 590.798, "Actual Max Total Time": 654.526, "Actual Total Rows": 11056, "Plans": [{"Node Type": "Hash Join", "Parent Relationship": "Outer", "Join Type": "Inner", "Startup Cost": 50343.26, "Total Cost": 114685.71, "Plan Rows": 238955, "Plan Width": 12, "Actual Min Startup Time": 126.219, "Actual Max Startup Time": 549.608, "Actual Min Total Time": 688.334, "Actual Max Total Time": 748.889, "Actual Total Rows": 691, "Inner Unique": true, "Hash Cond": "(mc.company_type_id = ct.id), (LLVM Optimized)", "Plans": [{"Node Type": "Hash Join", "Parent Relationship": "Outer", "Join Type": "Inner", "Startup Cost": 35341.87, "Total Cost": 99422.95, "Plan Rows": 477912, "Plan Width": 16, "Actual Min Startup Time": 90.346, "Actual Max Startup Time": 151.051, "Actual Min Total Time": 685.75, "Actual Max Total Time": 746.227, "Actual Total Rows": 294926, "Inner Unique": false, "Hash Cond": "(mi.movie_id = mc.movie_id), (LLVM Optimized)", "Plans": [{"Node Type": "Streaming(type: LOCAL REDISTRIBUTE dop: 16/16)", "Parent Relationship": "Outer", "Startup Cost": 0.0, "Total Cost": 62931.17, "Plan Rows": 726375, "Plan Width": 8, "Actual Min Startup Time": 0.063, "Actual Max Startup Time": 0.422, "Actual Min Total Time": 580.509, "Actual Max Total Time": 581.815, "Actual Total Rows": 706674, "Plans": [{"Node Type": "Seq Scan", "Parent Relationship": "Outer", "Relation Name": "movie_info", "Alias": "mi", "Startup Cost": 0.0, "Total Cost": 45178.89, "Plan Rows": 726375, "Plan Width": 8, "Actual Min Startup Time": 0.037, "Actual Max Startup Time": 3.311, "Actual Min Total Time": 506.795, "Actual Max Total Time": 551.798, "Actual Total Rows": 706674, "Filter": "((info)::text = ANY ('{Sweden,Norway,Germany,Denmark,Swedish,Denish,Norwegian,German,USA,American}'::text[]))", "Rows Removed by Filter": 14129045}]}, {"Node Type": "Hash", "Parent Relationship": "Inner", "Startup Cost": 35014.87, "Total Cost": 35014.87, "Plan Rows": 418557, "Plan Width": 8, "Actual Min Startup Time": 90.201, "Actual Max Startup Time": 150.767, "Actual Min Total Time": 90.201, "Actual Max Total Time": 150.767, "Actual Total Rows": 295628, "Max Hash Buckets": 32768, "Min Hash Buckets": 32768, "Max Hash Batches": 1, "Min Hash Batches": 1, "Max Original Hash Batches": 1, "Min Original Hash Batches": 1, "Max Peak Memory Usage": 722, "min Peak Memory Usage": 722, "Plans": [{"Node Type": "Streaming(type: LOCAL REDISTRIBUTE dop: 16/16)", "Parent Relationship": "Outer", "Startup Cost": 0.0, "Total Cost": 35014.87, "Plan Rows": 418557, "Plan Width": 8, "Actual Min Startup Time": 0.045, "Actual Max Startup Time": 44.925, "Actual Min Total Time": 85.467, "Actual Max Total Time": 146.017, "Actual Total Rows": 295628, "Plans": [{"Node Type": "Seq Scan", "Parent Relationship": "Outer", "Relation Name": "movie_companies", "Alias": "mc", "Startup Cost": 0.0, "Total Cost": 18428.93, "Plan Rows": 418557, "Plan Width": 8, "Actual Min Startup Time": 0.045, "Actual Max Startup Time": 0.318, "Actual Min Total Time": 71.182, "Actual Max Total Time": 78.657, "Actual Total Rows": 295628, "Filter": "(((note)::text !~~ '%(TV)%'::text) AND ((note)::text ~~ '%(USA)%'::text)), (LLVM Optimized)", "Rows Removed by Filter": 2313500}]}]}]}, {"Node Type": "Hash", "Parent Relationship": "Inner", "Startup Cost": 15001.38, "Total Cost": 15001.38, "Plan Rows": 16, "Plan Width": 4, "Actual Min Startup Time": 0.006, "Actual Max Startup Time": 0.019, "Actual Min Total Time": 0.006, "Actual Max Total Time": 0.019, "Actual Total Rows": 16, "Max Hash Buckets": 32768, "Min Hash Buckets": 32768, "Max Hash Batches": 1, "Min Hash Batches": 1, "Max Original Hash Batches": 1, "Min Original Hash Batches": 1, "Max Peak Memory Usage": 1, "min Peak Memory Usage": 1, "Plans": [{"Node Type": "Streaming(type: BROADCAST dop: 16/1)", "Parent Relationship": "Outer", "Startup Cost": 0.0, "Total Cost": 15001.38, "Plan Rows": 16, "Plan Width": 4, "Actual Min Startup Time": 0.003, "Actual Max Startup Time": 0.008, "Actual Min Total Time": 0.004, "Actual Max Total Time": 0.009, "Actual Total Rows": 16, "Plans": [{"Node Type": "Seq Scan", "Parent Relationship": "Outer", "Relation Name": "company_type", "Alias": "ct", "Startup Cost": 0.0, "Total Cost": 1.04, "Plan Rows": 1, "Plan Width": 4, "Actual Min Startup Time": 0.034, "Actual Max Startup Time": 0.034, "Actual Min Total Time": 0.037, "Actual Max Total Time": 0.037, "Actual Total Rows": 1, "Filter": "((kind)::text = 'production companies'::text)", "Rows Removed by Filter": 2}]}]}]}]}, {"Node Type": "Hash", "Parent Relationship": "Inner", "Startup Cost": 19149.37, "Total Cost": 19149.37, "Plan Rows": 1748840, "Plan Width": 21, "Actual Min Startup Time": 96.519, "Actual Max Startup Time": 102.215, "Actual Min Total Time": 96.519, "Actual Max Total Time": 102.215, "Actual Total Rows": 1749032, "Max Hash Buckets": 131072, "Min Hash Buckets": 131072, "Max Hash Batches": 1, "Min Hash Batches": 1, "Max Original Hash Batches": 1, "Min Original Hash Batches": 1, "Max Peak Memory Usage": 5962, "min Peak Memory Usage": 5962, "Plans": [{"Node Type": "Seq Scan", "Parent Relationship": "Outer", "Relation Name": "title", "Alias": "t", "Startup Cost": 0.0, "Total Cost": 19149.37, "Plan Rows": 1748840, "Plan Width": 21, "Actual Min Startup Time": 0.023, "Actual Max Startup Time": 0.032, "Actual Min Total Time": 63.637, "Actual Max Total Time": 68.547, "Actual Total Rows": 1749032, "Filter": "(production_year > 1990), (LLVM Optimized)", "Rows Removed by Filter": 779279}]}]}]}, {"Node Type": "Hash", "Parent Relationship": "Inner", "Startup Cost": 2.12, "Total Cost": 2.12, "Plan Rows": 112, "Plan Width": 4, "Actual Min Startup Time": 0.121, "Actual Max Startup Time": 0.121, "Actual Min Total Time": 0.121, "Actual Max Total Time": 0.121, "Actual Total Rows": 112, "Max Hash Buckets": 32768, "Min Hash Buckets": 32768, "Max Hash Batches": 1, "Min Hash Batches": 1, "Max Original Hash Batches": 1, "Min Original Hash Batches": 1, "Max Peak Memory Usage": 4, "min Peak Memory Usage": 4, "Plans": [{"Node Type": "Seq Scan", "Parent Relationship": "Outer", "Relation Name": "info_type", "Alias": "it", "Startup Cost": 0.0, "Total Cost": 2.12, "Plan Rows": 112, "Plan Width": 4, "Actual Min Startup Time": 0.05, "Actual Max Startup Time": 0.05, "Actual Min Total Time": 0.07, "Actual Max Total Time": 0.07, "Actual Total Rows": 112}]}]}]}, "Triggers": [], "Planner Runtime": 21.316, "Total Runtime": 905.003, "Unique SQL Id": 322094867}}, "(16, 103)": {"explain_plan": {"Plan": {"Node Type": "Aggregate", "Strategy": "Plain", "Startup Cost": 1009784.61, "Total Cost": 1009784.62, "Plan Rows": 1, "Plan Width": 49, "Plans": [{"Node Type": "Hash Join", "Parent Relationship": "Outer", "Join Type": "Inner", "Startup Cost": 517150.55, "Total Cost": 1008956.99, "Plan Rows": 331050, "Plan Width": 17, "Inner Unique": true, "Hash Cond": "(mi.info_type_id = it.id), (LLVM Optimized)", "Plans": [{"Node Type": "Hash Join", "Parent Relationship": "Outer", "Join Type": "Inner", "Startup Cost": 517135.19, "Total Cost": 1004389.69, "Plan Rows": 331050, "Plan Width": 21, "Inner Unique": false, "Hash Cond": "(mi.movie_id = t.id), (LLVM Optimized)", "Plans": [{"Node Type": "Bitmap Heap Scan", "Parent Relationship": "Outer", "Relation Name": "movie_info", "Alias": "mi", "Startup Cost": 301827.67, "Total Cost": 784689.91, "Plan Rows": 726375, "Plan Width": 8, "Filter": "((info)::text = ANY ('{Sweden,Norway,Germany,Denmark,Swedish,Denish,Norwegian,German,USA,American}'::text[]))", "Plans": [{"Node Type": "Bitmap Index Scan", "Parent Relationship": "Outer", "Index Name": "movie_id_movie_info", "Startup Cost": 0.0, "Total Cost": 301646.08, "Plan Rows": 14869966, "Plan Width": 0}]}, {"Node Type": "Hash", "Parent Relationship": "Inner", "Startup Cost": 211683.32, "Total Cost": 211683.32, "Plan Rows": 289936, "Plan Width": 25, "Plans": [{"Node Type": "Hash Join", "Parent Relationship": "Outer", "Join Type": "Inner", "Startup Cost": 167346.47, "Total Cost": 211683.32, "Plan Rows": 289936, "Plan Width": 25, "Inner Unique": true, "Hash Cond": "(mc.movie_id = t.id), (LLVM Optimized)", "Plans": [{"Node Type": "Nested Loop", "Parent Relationship": "Outer", "Join Type": "Inner", "Startup Cost": 29005.06, "Total Cost": 69657.76, "Plan Rows": 209278, "Plan Width": 4, "Inner Unique": false, "Plans": [{"Node Type": "Bitmap Heap Scan", "Parent Relationship": "Outer", "Relation Name": "company_type", "Alias": "ct", "Startup Cost": 8.27, "Total Cost": 12.3, "Plan Rows": 1, "Plan Width": 4, "Filter": "((kind)::text = 'production companies'::text)", "Plans": [{"Node Type": "Bitmap Index Scan", "Parent Relationship": "Outer", "Index Name": "company_type_pkey", "Startup Cost": 0.0, "Total Cost": 8.27, "Plan Rows": 3, "Plan Width": 0}]}, {"Node Type": "Bitmap Heap Scan", "Parent Relationship": "Inner", "Relation Name": "movie_companies", "Alias": "mc", "Startup Cost": 28996.8, "Total Cost": 67552.67, "Plan Rows": 209279, "Plan Width": 8, "Recheck Cond": "(company_type_id = ct.id), (LLVM Optimized)", "Filter": "(((note)::text !~~ '%(TV)%'::text) AND ((note)::text ~~ '%(USA)%'::text)), (LLVM Optimized)", "Plans": [{"Node Type": "Bitmap Index Scan", "Parent Relationship": "Outer", "Index Name": "company_type_id_movie_companies", "Startup Cost": 0.0, "Total Cost": 28944.48, "Plan Rows": 1304564, "Plan Width": 0, "Index Cond": "(company_type_id = ct.id)"}]}]}, {"Node Type": "Hash", "Parent Relationship": "Inner", "Startup Cost": 116480.9, "Total Cost": 116480.9, "Plan Rows": 1748840, "Plan Width": 21, "Plans": [{"Node Type": "Bitmap Heap Scan", "Parent Relationship": "Outer", "Relation Name": "title", "Alias": "t", "Startup Cost": 50091.01, "Total Cost": 116480.9, "Plan Rows": 1748840, "Plan Width": 21, "Filter": "(production_year > 1990), (LLVM Optimized)", "Plans": [{"Node Type": "Bitmap Index Scan", "Parent Relationship": "Outer", "Index Name": "title_pkey", "Startup Cost": 0.0, "Total Cost": 49653.81, "Plan Rows": 2528311, "Plan Width": 0}]}]}]}]}]}, {"Node Type": "Hash", "Parent Relationship": "Inner", "Startup Cost": 13.96, "Total Cost": 13.96, "Plan Rows": 112, "Plan Width": 4, "Plans": [{"Node Type": "Bitmap Heap Scan", "Parent Relationship": "Outer", "Relation Name": "info_type", "Alias": "it", "Startup Cost": 8.84, "Total Cost": 13.96, "Plan Rows": 112, "Plan Width": 4, "Plans": [{"Node Type": "Bitmap Index Scan", "Parent Relationship": "Outer", "Index Name": "info_type_pkey", "Startup Cost": 0.0, "Total Cost": 8.81, "Plan Rows": 112, "Plan Width": 0}]}]}]}]}, "Unique SQL Id": 322094867}, "explain_analyze_plan": null}, "(16, 104)": {"explain_plan": {"Plan": {"Node Type": "Aggregate", "Strategy": "Plain", "Startup Cost": 173539.71, "Total Cost": 173539.72, "Plan Rows": 1, "Plan Width": 49, "Plans": [{"Node Type": "Hash Join", "Parent Relationship": "Outer", "Join Type": "Inner", "Startup Cost": 70862.43, "Total Cost": 172712.09, "Plan Rows": 331050, "Plan Width": 17, "Inner Unique": true, "Hash Cond": "(mi.info_type_id = it.id), (LLVM Optimized)", "Plans": [{"Node Type": "Streaming(type: LOCAL GATHER dop: 1/16)", "Parent Relationship": "Outer", "Startup Cost": 70858.91, "Total Cost": 168156.63, "Plan Rows": 331050, "Plan Width": 21, "Plans": [{"Node Type": "Hash Join", "Parent Relationship": "Outer", "Join Type": "Inner", "Startup Cost": 70858.91, "Total Cost": 161011.9, "Plan Rows": 331050, "Plan Width": 21, "Inner Unique": true, "Hash Cond": "(mi.movie_id = t.id), (LLVM Optimized)", "Plans": [{"Node Type": "Streaming(type: BROADCAST dop: 16/16)", "Parent Relationship": "Outer", "Startup Cost": 50343.26, "Total Cost": 139393.26, "Plan Rows": 3823280, "Plan Width": 12, "Plans": [{"Node Type": "Hash Join", "Parent Relationship": "Outer", "Join Type": "Inner", "Startup Cost": 50343.26, "Total Cost": 114685.71, "Plan Rows": 238955, "Plan Width": 12, "Inner Unique": true, "Hash Cond": "(mc.company_type_id = ct.id), (LLVM Optimized)", "Plans": [{"Node Type": "Hash Join", "Parent Relationship": "Outer", "Join Type": "Inner", "Startup Cost": 35341.87, "Total Cost": 99422.95, "Plan Rows": 477912, "Plan Width": 16, "Inner Unique": false, "Hash Cond": "(mi.movie_id = mc.movie_id), (LLVM Optimized)", "Plans": [{"Node Type": "Streaming(type: LOCAL REDISTRIBUTE dop: 16/16)", "Parent Relationship": "Outer", "Startup Cost": 0.0, "Total Cost": 62931.17, "Plan Rows": 726375, "Plan Width": 8, "Plans": [{"Node Type": "Seq Scan", "Parent Relationship": "Outer", "Relation Name": "movie_info", "Alias": "mi", "Startup Cost": 0.0, "Total Cost": 45178.89, "Plan Rows": 726375, "Plan Width": 8, "Filter": "((info)::text = ANY ('{Sweden,Norway,Germany,Denmark,Swedish,Denish,Norwegian,German,USA,American}'::text[]))"}]}, {"Node Type": "Hash", "Parent Relationship": "Inner", "Startup Cost": 35014.87, "Total Cost": 35014.87, "Plan Rows": 418557, "Plan Width": 8, "Plans": [{"Node Type": "Streaming(type: LOCAL REDISTRIBUTE dop: 16/16)", "Parent Relationship": "Outer", "Startup Cost": 0.0, "Total Cost": 35014.87, "Plan Rows": 418557, "Plan Width": 8, "Plans": [{"Node Type": "Seq Scan", "Parent Relationship": "Outer", "Relation Name": "movie_companies", "Alias": "mc", "Startup Cost": 0.0, "Total Cost": 18428.93, "Plan Rows": 418557, "Plan Width": 8, "Filter": "(((note)::text !~~ '%(TV)%'::text) AND ((note)::text ~~ '%(USA)%'::text)), (LLVM Optimized)"}]}]}]}, {"Node Type": "Hash", "Parent Relationship": "Inner", "Startup Cost": 15001.38, "Total Cost": 15001.38, "Plan Rows": 16, "Plan Width": 4, "Plans": [{"Node Type": "Streaming(type: BROADCAST dop: 16/1)", "Parent Relationship": "Outer", "Startup Cost": 0.0, "Total Cost": 15001.38, "Plan Rows": 16, "Plan Width": 4, "Plans": [{"Node Type": "Seq Scan", "Parent Relationship": "Outer", "Relation Name": "company_type", "Alias": "ct", "Startup Cost": 0.0, "Total Cost": 1.04, "Plan Rows": 1, "Plan Width": 4, "Filter": "((kind)::text = 'production companies'::text)"}]}]}]}]}, {"Node Type": "Hash", "Parent Relationship": "Inner", "Startup Cost": 19149.37, "Total Cost": 19149.37, "Plan Rows": 1748840, "Plan Width": 21, "Plans": [{"Node Type": "Seq Scan", "Parent Relationship": "Outer", "Relation Name": "title", "Alias": "t", "Startup Cost": 0.0, "Total Cost": 19149.37, "Plan Rows": 1748840, "Plan Width": 21, "Filter": "(production_year > 1990), (LLVM Optimized)"}]}]}]}, {"Node Type": "Hash", "Parent Relationship": "Inner", "Startup Cost": 2.12, "Total Cost": 2.12, "Plan Rows": 112, "Plan Width": 4, "Plans": [{"Node Type": "Index Only Scan", "Parent Relationship": "Outer", "Scan Direction": "Forward", "Index Name": "info_type_pkey", "Relation Name": "info_type", "Alias": "it", "Startup Cost": 0.0, "Total Cost": 2.12, "Plan Rows": 112, "Plan Width": 4}]}]}]}, "Unique SQL Id": 322094867}, "explain_analyze_plan": {"Plan": {"Node Type": "Aggregate", "Strategy": "Plain", "Startup Cost": 173539.71, "Total Cost": 173539.72, "Plan Rows": 1, "Plan Width": 49, "Actual Min Startup Time": 880.696, "Actual Max Startup Time": 880.696, "Actual Min Total Time": 880.697, "Actual Max Total Time": 880.697, "Actual Total Rows": 1, "Plans": [{"Node Type": "Hash Join", "Parent Relationship": "Outer", "Join Type": "Inner", "Startup Cost": 70862.43, "Total Cost": 172712.09, "Plan Rows": 331050, "Plan Width": 17, "Actual Min Startup Time": 879.552, "Actual Max Startup Time": 879.552, "Actual Min Total Time": 880.49, "Actual Max Total Time": 880.49, "Actual Total Rows": 669, "Inner Unique": true, "Hash Cond": "(mi.info_type_id = it.id), (LLVM Optimized, Jit Execute)", "Plans": [{"Node Type": "Streaming(type: LOCAL GATHER dop: 1/16)", "Parent Relationship": "Outer", "Startup Cost": 70858.91, "Total Cost": 168156.63, "Plan Rows": 331050, "Plan Width": 21, "Actual Min Startup Time": 879.361, "Actual Max Startup Time": 879.361, "Actual Min Total Time": 880.084, "Actual Max Total Time": 880.084, "Actual Total Rows": 669, "Plans": [{"Node Type": "Hash Join", "Parent Relationship": "Outer", "Join Type": "Inner", "Startup Cost": 70858.91, "Total Cost": 161011.9, "Plan Rows": 331050, "Plan Width": 21, "Actual Min Startup Time": 685.466, "Actual Max Startup Time": 782.844, "Actual Min Total Time": 686.781, "Actual Max Total Time": 784.227, "Actual Total Rows": 669, "Inner Unique": true, "Hash Cond": "(mi.movie_id = t.id), (LLVM Optimized, Jit Execute)", "Plans": [{"Node Type": "Streaming(type: BROADCAST dop: 16/16)", "Parent Relationship": "Outer", "Startup Cost": 50343.26, "Total Cost": 139393.26, "Plan Rows": 3823280, "Plan Width": 12, "Actual Min Startup Time": 583.429, "Actual Max Startup Time": 675.301, "Actual Min Total Time": 584.463, "Actual Max Total Time": 676.356, "Actual Total Rows": 11056, "Plans": [{"Node Type": "Hash Join", "Parent Relationship": "Outer", "Join Type": "Inner", "Startup Cost": 50343.26, "Total Cost": 114685.71, "Plan Rows": 238955, "Plan Width": 12, "Actual Min Startup Time": 94.677, "Actual Max Startup Time": 529.454, "Actual Min Total Time": 684.441, "Actual Max Total Time": 718.486, "Actual Total Rows": 691, "Inner Unique": true, "Hash Cond": "(mc.company_type_id = ct.id), (LLVM Optimized, Jit Execute)", "Plans": [{"Node Type": "Hash Join", "Parent Relationship": "Outer", "Join Type": "Inner", "Startup Cost": 35341.87, "Total Cost": 99422.95, "Plan Rows": 477912, "Plan Width": 16, "Actual Min Startup Time": 93.373, "Actual Max Startup Time": 127.409, "Actual Min Total Time": 681.733, "Actual Max Total Time": 715.896, "Actual Total Rows": 294926, "Inner Unique": false, "Hash Cond": "(mi.movie_id = mc.movie_id), (LLVM Optimized, Jit Execute)", "Plans": [{"Node Type": "Streaming(type: LOCAL REDISTRIBUTE dop: 16/16)", "Parent Relationship": "Outer", "Startup Cost": 0.0, "Total Cost": 62931.17, "Plan Rows": 726375, "Plan Width": 8, "Actual Min Startup Time": 0.061, "Actual Max Startup Time": 0.447, "Actual Min Total Time": 573.563, "Actual Max Total Time": 574.841, "Actual Total Rows": 706674, "Plans": [{"Node Type": "Seq Scan", "Parent Relationship": "Outer", "Relation Name": "movie_info", "Alias": "mi", "Startup Cost": 0.0, "Total Cost": 45178.89, "Plan Rows": 726375, "Plan Width": 8, "Actual Min Startup Time": 0.038, "Actual Max Startup Time": 3.334, "Actual Min Total Time": 506.504, "Actual Max Total Time": 539.56, "Actual Total Rows": 706674, "Filter": "((info)::text = ANY ('{Sweden,Norway,Germany,Denmark,Swedish,Denish,Norwegian,German,USA,American}'::text[]))", "Rows Removed by Filter": 14129045}]}, {"Node Type": "Hash", "Parent Relationship": "Inner", "Startup Cost": 35014.87, "Total Cost": 35014.87, "Plan Rows": 418557, "Plan Width": 8, "Actual Min Startup Time": 93.087, "Actual Max Startup Time": 127.139, "Actual Min Total Time": 93.087, "Actual Max Total Time": 127.139, "Actual Total Rows": 295628, "Max Hash Buckets": 32768, "Min Hash Buckets": 32768, "Max Hash Batches": 1, "Min Hash Batches": 1, "Max Original Hash Batches": 1, "Min Original Hash Batches": 1, "Max Peak Memory Usage": 722, "min Peak Memory Usage": 722, "Plans": [{"Node Type": "Streaming(type: LOCAL REDISTRIBUTE dop: 16/16)", "Parent Relationship": "Outer", "Startup Cost": 0.0, "Total Cost": 35014.87, "Plan Rows": 418557, "Plan Width": 8, "Actual Min Startup Time": 0.047, "Actual Max Startup Time": 32.451, "Actual Min Total Time": 88.343, "Actual Max Total Time": 122.427, "Actual Total Rows": 295628, "Plans": [{"Node Type": "Seq Scan", "Parent Relationship": "Outer", "Relation Name": "movie_companies", "Alias": "mc", "Startup Cost": 0.0, "Total Cost": 18428.93, "Plan Rows": 418557, "Plan Width": 8, "Actual Min Startup Time": 0.042, "Actual Max Startup Time": 0.307, "Actual Min Total Time": 71.102, "Actual Max Total Time": 78.494, "Actual Total Rows": 295628, "Filter": "(((note)::text !~~ '%(TV)%'::text) AND ((note)::text ~~ '%(USA)%'::text)), (LLVM Optimized, Jit Execute)", "Rows Removed by Filter": 2313500}]}]}]}, {"Node Type": "Hash", "Parent Relationship": "Inner", "Startup Cost": 15001.38, "Total Cost": 15001.38, "Plan Rows": 16, "Plan Width": 4, "Actual Min Startup Time": 0.006, "Actual Max Startup Time": 0.019, "Actual Min Total Time": 0.006, "Actual Max Total Time": 0.019, "Actual Total Rows": 16, "Max Hash Buckets": 32768, "Min Hash Buckets": 32768, "Max Hash Batches": 1, "Min Hash Batches": 1, "Max Original Hash Batches": 1, "Min Original Hash Batches": 1, "Max Peak Memory Usage": 1, "min Peak Memory Usage": 1, "Plans": [{"Node Type": "Streaming(type: BROADCAST dop: 16/1)", "Parent Relationship": "Outer", "Startup Cost": 0.0, "Total Cost": 15001.38, "Plan Rows": 16, "Plan Width": 4, "Actual Min Startup Time": 0.003, "Actual Max Startup Time": 0.009, "Actual Min Total Time": 0.003, "Actual Max Total Time": 0.01, "Actual Total Rows": 16, "Plans": [{"Node Type": "Seq Scan", "Parent Relationship": "Outer", "Relation Name": "company_type", "Alias": "ct", "Startup Cost": 0.0, "Total Cost": 1.04, "Plan Rows": 1, "Plan Width": 4, "Actual Min Startup Time": 0.035, "Actual Max Startup Time": 0.035, "Actual Min Total Time": 0.039, "Actual Max Total Time": 0.039, "Actual Total Rows": 1, "Filter": "((kind)::text = 'production companies'::text)", "Rows Removed by Filter": 2}]}]}]}]}, {"Node Type": "Hash", "Parent Relationship": "Inner", "Startup Cost": 19149.37, "Total Cost": 19149.37, "Plan Rows": 1748840, "Plan Width": 21, "Actual Min Startup Time": 96.534, "Actual Max Startup Time": 107.264, "Actual Min Total Time": 96.534, "Actual Max Total Time": 107.264, "Actual Total Rows": 1749032, "Max Hash Buckets": 131072, "Min Hash Buckets": 131072, "Max Hash Batches": 1, "Min Hash Batches": 1, "Max Original Hash Batches": 1, "Min Original Hash Batches": 1, "Max Peak Memory Usage": 5962, "min Peak Memory Usage": 5962, "Plans": [{"Node Type": "Seq Scan", "Parent Relationship": "Outer", "Relation Name": "title", "Alias": "t", "Startup Cost": 0.0, "Total Cost": 19149.37, "Plan Rows": 1748840, "Plan Width": 21, "Actual Min Startup Time": 0.023, "Actual Max Startup Time": 0.037, "Actual Min Total Time": 63.539, "Actual Max Total Time": 71.614, "Actual Total Rows": 1749032, "Filter": "(production_year > 1990), (LLVM Optimized, Jit Execute)", "Rows Removed by Filter": 779279}]}]}]}, {"Node Type": "Hash", "Parent Relationship": "Inner", "Startup Cost": 2.12, "Total Cost": 2.12, "Plan Rows": 112, "Plan Width": 4, "Actual Min Startup Time": 0.115, "Actual Max Startup Time": 0.115, "Actual Min Total Time": 0.115, "Actual Max Total Time": 0.115, "Actual Total Rows": 112, "Max Hash Buckets": 32768, "Min Hash Buckets": 32768, "Max Hash Batches": 1, "Min Hash Batches": 1, "Max Original Hash Batches": 1, "Min Original Hash Batches": 1, "Max Peak Memory Usage": 4, "min Peak Memory Usage": 4, "Plans": [{"Node Type": "Index Only Scan", "Parent Relationship": "Outer", "Scan Direction": "Forward", "Index Name": "info_type_pkey", "Relation Name": "info_type", "Alias": "it", "Startup Cost": 0.0, "Total Cost": 2.12, "Plan Rows": 112, "Plan Width": 4, "Actual Min Startup Time": 0.031, "Actual Max Startup Time": 0.031, "Actual Min Total Time": 0.054, "Actual Max Total Time": 0.054, "Actual Total Rows": 112, "Heap Fetches": 0}]}]}]}, "Triggers": [], "Planner Runtime": 22.157, "Total Runtime": 904.787, "Unique SQL Id": 322094867}}, "(16, 105)": {"explain_plan": {"Plan": {"Node Type": "Aggregate", "Strategy": "Plain", "Startup Cost": 502970.41, "Total Cost": 502970.42, "Plan Rows": 1, "Plan Width": 49, "Plans": [{"Node Type": "Hash Join", "Parent Relationship": "Outer", "Join Type": "Inner", "Startup Cost": 103193.32, "Total Cost": 502142.78, "Plan Rows": 331050, "Plan Width": 17, "Inner Unique": true, "Hash Cond": "(mi.info_type_id = it.id), (LLVM Optimized)", "Plans": [{"Node Type": "Nested Loop", "Parent Relationship": "Outer", "Join Type": "Inner", "Startup Cost": 103181.99, "Total Cost": 497761.59, "Plan Rows": 331050, "Plan Width": 21, "Inner Unique": false, "Plans": [{"Node Type": "Hash Join", "Parent Relationship": "Outer", "Join Type": "Inner", "Startup Cost": 103181.99, "Total Cost": 239243.52, "Plan Rows": 289936, "Plan Width": 25, "Inner Unique": true, "Hash Cond": "(mc.company_type_id = ct.id), (LLVM Optimized)", "Plans": [{"Node Type": "Streaming(type: LOCAL GATHER dop: 1/16)", "Parent Relationship": "Outer", "Startup Cost": 103178.9, "Total Cost": 234166.55, "Plan Rows": 579872, "Plan Width": 29, "Plans": [{"Node Type": "Hash Join", "Parent Relationship": "Outer", "Join Type": "Inner", "Startup Cost": 103178.9, "Total Cost": 221651.74, "Plan Rows": 579872, "Plan Width": 29, "Inner Unique": true, "Hash Cond": "(mc.movie_id = t.id), (LLVM Optimized)", "Plans": [{"Node Type": "Streaming(type: BROADCAST dop: 16/16)", "Parent Relationship": "Outer", "Startup Cost": 0.0, "Total Cost": 116540.83, "Plan Rows": 6696912, "Plan Width": 8, "Plans": [{"Node Type": "Index Scan", "Parent Relationship": "Outer", "Scan Direction": "Forward", "Index Name": "company_type_id_movie_companies", "Relation Name": "movie_companies", "Alias": "mc", "Startup Cost": 0.0, "Total Cost": 84536.95, "Plan Rows": 418557, "Plan Width": 8, "Filter": "(((note)::text !~~ '%(TV)%'::text) AND ((note)::text ~~ '%(USA)%'::text)), (LLVM Optimized)"}]}, {"Node Type": "Hash", "Parent Relationship": "Inner", "Startup Cost": 101812.62, "Total Cost": 101812.62, "Plan Rows": 1748840, "Plan Width": 21, "Plans": [{"Node Type": "Index Scan", "Parent Relationship": "Outer", "Scan Direction": "Forward", "Index Name": "title_pkey", "Relation Name": "title", "Alias": "t", "Startup Cost": 0.0, "Total Cost": 101812.62, "Plan Rows": 1748840, "Plan Width": 21, "Filter": "(production_year > 1990), (LLVM Optimized)"}]}]}]}, {"Node Type": "Hash", "Parent Relationship": "Inner", "Startup Cost": 12.3, "Total Cost": 12.3, "Plan Rows": 1, "Plan Width": 4, "Plans": [{"Node Type": "Index Scan", "Parent Relationship": "Outer", "Scan Direction": "Forward", "Index Name": "company_type_pkey", "Relation Name": "company_type", "Alias": "ct", "Startup Cost": 0.0, "Total Cost": 12.3, "Plan Rows": 1, "Plan Width": 4, "Filter": "((kind)::text = 'production companies'::text)"}]}]}, {"Node Type": "Index Scan", "Parent Relationship": "Inner", "Scan Direction": "Forward", "Index Name": "movie_id_movie_info", "Relation Name": "movie_info", "Alias": "mi", "Startup Cost": 0.0, "Total Cost": 0.88, "Plan Rows": 1, "Plan Width": 8, "Index Cond": "(movie_id = t.id)", "Filter": "((info)::text = ANY ('{Sweden,Norway,Germany,Denmark,Swedish,Denish,Norwegian,German,USA,American}'::text[]))"}]}, {"Node Type": "Hash", "Parent Relationship": "Inner", "Startup Cost": 9.93, "Total Cost": 9.93, "Plan Rows": 112, "Plan Width": 4, "Plans": [{"Node Type": "Index Only Scan", "Parent Relationship": "Outer", "Scan Direction": "Forward", "Index Name": "info_type_pkey", "Relation Name": "info_type", "Alias": "it", "Startup Cost": 0.0, "Total Cost": 9.93, "Plan Rows": 112, "Plan Width": 4}]}]}]}, "Unique SQL Id": 322094867}, "explain_analyze_plan": {"Plan": {"Node Type": "Aggregate", "Strategy": "Plain", "Startup Cost": 502970.41, "Total Cost": 502970.42, "Plan Rows": 1, "Plan Width": 49, "Actual Min Startup Time": 1223.111, "Actual Max Startup Time": 1223.111, "Actual Min Total Time": 1223.111, "Actual Max Total Time": 1223.111, "Actual Total Rows": 1, "Plans": [{"Node Type": "Hash Join", "Parent Relationship": "Outer", "Join Type": "Inner", "Startup Cost": 103193.32, "Total Cost": 502142.78, "Plan Rows": 331050, "Plan Width": 17, "Actual Min Startup Time": 386.492, "Actual Max Startup Time": 386.492, "Actual Min Total Time": 1222.691, "Actual Max Total Time": 1222.691, "Actual Total Rows": 669, "Inner Unique": true, "Hash Cond": "(mi.info_type_id = it.id), (LLVM Optimized, Jit Execute)", "Plans": [{"Node Type": "Nested Loop", "Parent Relationship": "Outer", "Join Type": "Inner", "Startup Cost": 103181.99, "Total Cost": 497761.59, "Plan Rows": 331050, "Plan Width": 21, "Actual Min Startup Time": 386.341, "Actual Max Startup Time": 386.341, "Actual Min Total Time": 1222.2, "Actual Max Total Time": 1222.2, "Actual Total Rows": 669, "Inner Unique": false, "Plans": [{"Node Type": "Hash Join", "Parent Relationship": "Outer", "Join Type": "Inner", "Startup Cost": 103181.99, "Total Cost": 239243.52, "Plan Rows": 289936, "Plan Width": 25, "Actual Min Startup Time": 386.224, "Actual Max Startup Time": 386.224, "Actual Min Total Time": 1202.944, "Actual Max Total Time": 1202.944, "Actual Total Rows": 767, "Inner Unique": true, "Hash Cond": "(mc.company_type_id = ct.id), (LLVM Optimized, Jit Execute)", "Plans": [{"Node Type": "Streaming(type: LOCAL GATHER dop: 1/16)", "Parent Relationship": "Outer", "Startup Cost": 103178.9, "Total Cost": 234166.55, "Plan Rows": 579872, "Plan Width": 29, "Actual Min Startup Time": 386.126, "Actual Max Startup Time": 386.126, "Actual Min Total Time": 1186.16, "Actual Max Total Time": 1186.16, "Actual Total Rows": 105501, "Plans": [{"Node Type": "Hash Join", "Parent Relationship": "Outer", "Join Type": "Inner", "Startup Cost": 103178.9, "Total Cost": 221651.74, "Plan Rows": 579872, "Plan Width": 29, "Actual Min Startup Time": 284.768, "Actual Max Startup Time": 329.208, "Actual Min Total Time": 1104.702, "Actual Max Total Time": 1126.285, "Actual Total Rows": 105501, "Inner Unique": true, "Hash Cond": "(mc.movie_id = t.id), (LLVM Optimized, Jit Execute)", "Plans": [{"Node Type": "Streaming(type: BROADCAST dop: 16/16)", "Parent Relationship": "Outer", "Startup Cost": 0.0, "Total Cost": 116540.83, "Plan Rows": 6696912, "Plan Width": 8, "Actual Min Startup Time": 0.049, "Actual Max Startup Time": 0.068, "Actual Min Total Time": 716.84, "Actual Max Total Time": 756.417, "Actual Total Rows": 4730048, "Plans": [{"Node Type": "Index Scan", "Parent Relationship": "Outer", "Scan Direction": "Forward", "Index Name": "company_type_id_movie_companies", "Relation Name": "movie_companies", "Alias": "mc", "Startup Cost": 0.0, "Total Cost": 84536.95, "Plan Rows": 418557, "Plan Width": 8, "Actual Min Startup Time": 0.052, "Actual Max Startup Time": 40.281, "Actual Min Total Time": 74.818, "Actual Max Total Time": 181.308, "Actual Total Rows": 295628, "Filter": "(((note)::text !~~ '%(TV)%'::text) AND ((note)::text ~~ '%(USA)%'::text)), (LLVM Optimized, Jit Execute)", "Rows Removed by Filter": 2313500}]}, {"Node Type": "Hash", "Parent Relationship": "Inner", "Startup Cost": 101812.62, "Total Cost": 101812.62, "Plan Rows": 1748840, "Plan Width": 21, "Actual Min Startup Time": 284.2, "Actual Max Startup Time": 328.607, "Actual Min Total Time": 284.2, "Actual Max Total Time": 328.607, "Actual Total Rows": 1749032, "Max Hash Buckets": 131072, "Min Hash Buckets": 131072, "Max Hash Batches": 1, "Min Hash Batches": 1, "Max Original Hash Batches": 1, "Min Original Hash Batches": 1, "Max Peak Memory Usage": 6766, "min Peak Memory Usage": 6766, "Plans": [{"Node Type": "Index Scan", "Parent Relationship": "Outer", "Scan Direction": "Forward", "Index Name": "title_pkey", "Relation Name": "title", "Alias": "t", "Startup Cost": 0.0, "Total Cost": 101812.62, "Plan Rows": 1748840, "Plan Width": 21, "Actual Min Startup Time": 8.301, "Actual Max Startup Time": 18.326, "Actual Min Total Time": 245.846, "Actual Max Total Time": 282.505, "Actual Total Rows": 1749032, "Filter": "(production_year > 1990), (LLVM Optimized, Jit Execute)", "Rows Removed by Filter": 779279}]}]}]}, {"Node Type": "Hash", "Parent Relationship": "Inner", "Startup Cost": 12.3, "Total Cost": 12.3, "Plan Rows": 1, "Plan Width": 4, "Actual Min Startup Time": 0.044, "Actual Max Startup Time": 0.044, "Actual Min Total Time": 0.044, "Actual Max Total Time": 0.044, "Actual Total Rows": 1, "Max Hash Buckets": 32768, "Min Hash Buckets": 32768, "Max Hash Batches": 1, "Min Hash Batches": 1, "Max Original Hash Batches": 1, "Min Original Hash Batches": 1, "Max Peak Memory Usage": 1, "min Peak Memory Usage": 1, "Plans": [{"Node Type": "Index Scan", "Parent Relationship": "Outer", "Scan Direction": "Forward", "Index Name": "company_type_pkey", "Relation Name": "company_type", "Alias": "ct", "Startup Cost": 0.0, "Total Cost": 12.3, "Plan Rows": 1, "Plan Width": 4, "Actual Min Startup Time": 0.033, "Actual Max Startup Time": 0.033, "Actual Min Total Time": 0.036, "Actual Max Total Time": 0.036, "Actual Total Rows": 1, "Filter": "((kind)::text = 'production companies'::text)", "Rows Removed by Filter": 2}]}]}, {"Node Type": "Index Scan", "Parent Relationship": "Inner", "Scan Direction": "Forward", "Index Name": "movie_id_movie_info", "Relation Name": "movie_info", "Alias": "mi", "Startup Cost": 0.0, "Total Cost": 0.88, "Plan Rows": 1, "Plan Width": 8, "Actual Min Startup Time": 16.234, "Actual Max Startup Time": 16.234, "Actual Min Total Time": 18.546, "Actual Max Total Time": 18.546, "Actual Total Rows": 669, "Index Cond": "(movie_id = t.id)", "Rows Removed by Index Recheck": 0, "Filter": "((info)::text = ANY ('{Sweden,Norway,Germany,Denmark,Swedish,Denish,Norwegian,German,USA,American}'::text[]))", "Rows Removed by Filter": 7721}]}, {"Node Type": "Hash", "Parent Relationship": "Inner", "Startup Cost": 9.93, "Total Cost": 9.93, "Plan Rows": 112, "Plan Width": 4, "Actual Min Startup Time": 0.093, "Actual Max Startup Time": 0.093, "Actual Min Total Time": 0.093, "Actual Max Total Time": 0.093, "Actual Total Rows": 112, "Max Hash Buckets": 32768, "Min Hash Buckets": 32768, "Max Hash Batches": 1, "Min Hash Batches": 1, "Max Original Hash Batches": 1, "Min Original Hash Batches": 1, "Max Peak Memory Usage": 4, "min Peak Memory Usage": 4, "Plans": [{"Node Type": "Index Only Scan", "Parent Relationship": "Outer", "Scan Direction": "Forward", "Index Name": "info_type_pkey", "Relation Name": "info_type", "Alias": "it", "Startup Cost": 0.0, "Total Cost": 9.93, "Plan Rows": 112, "Plan Width": 4, "Actual Min Startup Time": 0.022, "Actual Max Startup Time": 0.022, "Actual Min Total Time": 0.046, "Actual Max Total Time": 0.046, "Actual Total Rows": 112, "Heap Fetches": 0}]}]}]}, "Triggers": [], "Planner Runtime": 14.746, "Total Runtime": 1239.16, "Unique SQL Id": 322094867}}, "(16, 106)": {"explain_plan": {"Plan": {"Node Type": "Aggregate", "Strategy": "Plain", "Startup Cost": 173539.71, "Total Cost": 173539.72, "Plan Rows": 1, "Plan Width": 49, "Plans": [{"Node Type": "Hash Join", "Parent Relationship": "Outer", "Join Type": "Inner", "Startup Cost": 70862.43, "Total Cost": 172712.09, "Plan Rows": 331050, "Plan Width": 17, "Inner Unique": true, "Hash Cond": "(mi.info_type_id = it.id), (LLVM Optimized)", "Plans": [{"Node Type": "Streaming(type: LOCAL GATHER dop: 1/16)", "Parent Relationship": "Outer", "Startup Cost": 70858.91, "Total Cost": 168156.63, "Plan Rows": 331050, "Plan Width": 21, "Plans": [{"Node Type": "Hash Join", "Parent Relationship": "Outer", "Join Type": "Inner", "Startup Cost": 70858.91, "Total Cost": 161011.9, "Plan Rows": 331050, "Plan Width": 21, "Inner Unique": true, "Hash Cond": "(mi.movie_id = t.id), (LLVM Optimized)", "Plans": [{"Node Type": "Streaming(type: BROADCAST dop: 16/16)", "Parent Relationship": "Outer", "Startup Cost": 50343.26, "Total Cost": 139393.26, "Plan Rows": 3823280, "Plan Width": 12, "Plans": [{"Node Type": "Hash Join", "Parent Relationship": "Outer", "Join Type": "Inner", "Startup Cost": 50343.26, "Total Cost": 114685.71, "Plan Rows": 238955, "Plan Width": 12, "Inner Unique": true, "Hash Cond": "(mc.company_type_id = ct.id), (LLVM Optimized)", "Plans": [{"Node Type": "Hash Join", "Parent Relationship": "Outer", "Join Type": "Inner", "Startup Cost": 35341.87, "Total Cost": 99422.95, "Plan Rows": 477912, "Plan Width": 16, "Inner Unique": false, "Hash Cond": "(mi.movie_id = mc.movie_id), (LLVM Optimized)", "Plans": [{"Node Type": "Streaming(type: LOCAL REDISTRIBUTE dop: 16/16)", "Parent Relationship": "Outer", "Startup Cost": 0.0, "Total Cost": 62931.17, "Plan Rows": 726375, "Plan Width": 8, "Plans": [{"Node Type": "Seq Scan", "Parent Relationship": "Outer", "Relation Name": "movie_info", "Alias": "mi", "Startup Cost": 0.0, "Total Cost": 45178.89, "Plan Rows": 726375, "Plan Width": 8, "Filter": "((info)::text = ANY ('{Sweden,Norway,Germany,Denmark,Swedish,Denish,Norwegian,German,USA,American}'::text[]))"}]}, {"Node Type": "Hash", "Parent Relationship": "Inner", "Startup Cost": 35014.87, "Total Cost": 35014.87, "Plan Rows": 418557, "Plan Width": 8, "Plans": [{"Node Type": "Streaming(type: LOCAL REDISTRIBUTE dop: 16/16)", "Parent Relationship": "Outer", "Startup Cost": 0.0, "Total Cost": 35014.87, "Plan Rows": 418557, "Plan Width": 8, "Plans": [{"Node Type": "Seq Scan", "Parent Relationship": "Outer", "Relation Name": "movie_companies", "Alias": "mc", "Startup Cost": 0.0, "Total Cost": 18428.93, "Plan Rows": 418557, "Plan Width": 8, "Filter": "(((note)::text !~~ '%(TV)%'::text) AND ((note)::text ~~ '%(USA)%'::text)), (LLVM Optimized)"}]}]}]}, {"Node Type": "Hash", "Parent Relationship": "Inner", "Startup Cost": 15001.38, "Total Cost": 15001.38, "Plan Rows": 16, "Plan Width": 4, "Plans": [{"Node Type": "Streaming(type: BROADCAST dop: 16/1)", "Parent Relationship": "Outer", "Startup Cost": 0.0, "Total Cost": 15001.38, "Plan Rows": 16, "Plan Width": 4, "Plans": [{"Node Type": "Seq Scan", "Parent Relationship": "Outer", "Relation Name": "company_type", "Alias": "ct", "Startup Cost": 0.0, "Total Cost": 1.04, "Plan Rows": 1, "Plan Width": 4, "Filter": "((kind)::text = 'production companies'::text)"}]}]}]}]}, {"Node Type": "Hash", "Parent Relationship": "Inner", "Startup Cost": 19149.37, "Total Cost": 19149.37, "Plan Rows": 1748840, "Plan Width": 21, "Plans": [{"Node Type": "Seq Scan", "Parent Relationship": "Outer", "Relation Name": "title", "Alias": "t", "Startup Cost": 0.0, "Total Cost": 19149.37, "Plan Rows": 1748840, "Plan Width": 21, "Filter": "(production_year > 1990), (LLVM Optimized)"}]}]}]}, {"Node Type": "Hash", "Parent Relationship": "Inner", "Startup Cost": 2.12, "Total Cost": 2.12, "Plan Rows": 112, "Plan Width": 4, "Plans": [{"Node Type": "Seq Scan", "Parent Relationship": "Outer", "Relation Name": "info_type", "Alias": "it", "Startup Cost": 0.0, "Total Cost": 2.12, "Plan Rows": 112, "Plan Width": 4}]}]}]}, "Unique SQL Id": 322094867}, "explain_analyze_plan": {"Plan": {"Node Type": "Aggregate", "Strategy": "Plain", "Startup Cost": 173539.71, "Total Cost": 173539.72, "Plan Rows": 1, "Plan Width": 49, "Actual Min Startup Time": 882.09, "Actual Max Startup Time": 882.09, "Actual Min Total Time": 882.09, "Actual Max Total Time": 882.09, "Actual Total Rows": 1, "Plans": [{"Node Type": "Hash Join", "Parent Relationship": "Outer", "Join Type": "Inner", "Startup Cost": 70862.43, "Total Cost": 172712.09, "Plan Rows": 331050, "Plan Width": 17, "Actual Min Startup Time": 881.426, "Actual Max Startup Time": 881.426, "Actual Min Total Time": 881.87, "Actual Max Total Time": 881.87, "Actual Total Rows": 669, "Inner Unique": true, "Hash Cond": "(mi.info_type_id = it.id), (LLVM Optimized)", "Plans": [{"Node Type": "Streaming(type: LOCAL GATHER dop: 1/16)", "Parent Relationship": "Outer", "Startup Cost": 70858.91, "Total Cost": 168156.63, "Plan Rows": 331050, "Plan Width": 21, "Actual Min Startup Time": 881.224, "Actual Max Startup Time": 881.224, "Actual Min Total Time": 881.408, "Actual Max Total Time": 881.408, "Actual Total Rows": 669, "Plans": [{"Node Type": "Hash Join", "Parent Relationship": "Outer", "Join Type": "Inner", "Startup Cost": 70858.91, "Total Cost": 161011.9, "Plan Rows": 331050, "Plan Width": 21, "Actual Min Startup Time": 690.477, "Actual Max Startup Time": 755.388, "Actual Min Total Time": 690.979, "Actual Max Total Time": 756.212, "Actual Total Rows": 669, "Inner Unique": true, "Hash Cond": "(mi.movie_id = t.id), (LLVM Optimized)", "Plans": [{"Node Type": "Streaming(type: BROADCAST dop: 16/16)", "Parent Relationship": "Outer", "Startup Cost": 50343.26, "Total Cost": 139393.26, "Plan Rows": 3823280, "Plan Width": 12, "Actual Min Startup Time": 590.564, "Actual Max Startup Time": 654.095, "Actual Min Total Time": 590.798, "Actual Max Total Time": 654.526, "Actual Total Rows": 11056, "Plans": [{"Node Type": "Hash Join", "Parent Relationship": "Outer", "Join Type": "Inner", "Startup Cost": 50343.26, "Total Cost": 114685.71, "Plan Rows": 238955, "Plan Width": 12, "Actual Min Startup Time": 126.219, "Actual Max Startup Time": 549.608, "Actual Min Total Time": 688.334, "Actual Max Total Time": 748.889, "Actual Total Rows": 691, "Inner Unique": true, "Hash Cond": "(mc.company_type_id = ct.id), (LLVM Optimized)", "Plans": [{"Node Type": "Hash Join", "Parent Relationship": "Outer", "Join Type": "Inner", "Startup Cost": 35341.87, "Total Cost": 99422.95, "Plan Rows": 477912, "Plan Width": 16, "Actual Min Startup Time": 90.346, "Actual Max Startup Time": 151.051, "Actual Min Total Time": 685.75, "Actual Max Total Time": 746.227, "Actual Total Rows": 294926, "Inner Unique": false, "Hash Cond": "(mi.movie_id = mc.movie_id), (LLVM Optimized)", "Plans": [{"Node Type": "Streaming(type: LOCAL REDISTRIBUTE dop: 16/16)", "Parent Relationship": "Outer", "Startup Cost": 0.0, "Total Cost": 62931.17, "Plan Rows": 726375, "Plan Width": 8, "Actual Min Startup Time": 0.063, "Actual Max Startup Time": 0.422, "Actual Min Total Time": 580.509, "Actual Max Total Time": 581.815, "Actual Total Rows": 706674, "Plans": [{"Node Type": "Seq Scan", "Parent Relationship": "Outer", "Relation Name": "movie_info", "Alias": "mi", "Startup Cost": 0.0, "Total Cost": 45178.89, "Plan Rows": 726375, "Plan Width": 8, "Actual Min Startup Time": 0.037, "Actual Max Startup Time": 3.311, "Actual Min Total Time": 506.795, "Actual Max Total Time": 551.798, "Actual Total Rows": 706674, "Filter": "((info)::text = ANY ('{Sweden,Norway,Germany,Denmark,Swedish,Denish,Norwegian,German,USA,American}'::text[]))", "Rows Removed by Filter": 14129045}]}, {"Node Type": "Hash", "Parent Relationship": "Inner", "Startup Cost": 35014.87, "Total Cost": 35014.87, "Plan Rows": 418557, "Plan Width": 8, "Actual Min Startup Time": 90.201, "Actual Max Startup Time": 150.767, "Actual Min Total Time": 90.201, "Actual Max Total Time": 150.767, "Actual Total Rows": 295628, "Max Hash Buckets": 32768, "Min Hash Buckets": 32768, "Max Hash Batches": 1, "Min Hash Batches": 1, "Max Original Hash Batches": 1, "Min Original Hash Batches": 1, "Max Peak Memory Usage": 722, "min Peak Memory Usage": 722, "Plans": [{"Node Type": "Streaming(type: LOCAL REDISTRIBUTE dop: 16/16)", "Parent Relationship": "Outer", "Startup Cost": 0.0, "Total Cost": 35014.87, "Plan Rows": 418557, "Plan Width": 8, "Actual Min Startup Time": 0.045, "Actual Max Startup Time": 44.925, "Actual Min Total Time": 85.467, "Actual Max Total Time": 146.017, "Actual Total Rows": 295628, "Plans": [{"Node Type": "Seq Scan", "Parent Relationship": "Outer", "Relation Name": "movie_companies", "Alias": "mc", "Startup Cost": 0.0, "Total Cost": 18428.93, "Plan Rows": 418557, "Plan Width": 8, "Actual Min Startup Time": 0.045, "Actual Max Startup Time": 0.318, "Actual Min Total Time": 71.182, "Actual Max Total Time": 78.657, "Actual Total Rows": 295628, "Filter": "(((note)::text !~~ '%(TV)%'::text) AND ((note)::text ~~ '%(USA)%'::text)), (LLVM Optimized)", "Rows Removed by Filter": 2313500}]}]}]}, {"Node Type": "Hash", "Parent Relationship": "Inner", "Startup Cost": 15001.38, "Total Cost": 15001.38, "Plan Rows": 16, "Plan Width": 4, "Actual Min Startup Time": 0.006, "Actual Max Startup Time": 0.019, "Actual Min Total Time": 0.006, "Actual Max Total Time": 0.019, "Actual Total Rows": 16, "Max Hash Buckets": 32768, "Min Hash Buckets": 32768, "Max Hash Batches": 1, "Min Hash Batches": 1, "Max Original Hash Batches": 1, "Min Original Hash Batches": 1, "Max Peak Memory Usage": 1, "min Peak Memory Usage": 1, "Plans": [{"Node Type": "Streaming(type: BROADCAST dop: 16/1)", "Parent Relationship": "Outer", "Startup Cost": 0.0, "Total Cost": 15001.38, "Plan Rows": 16, "Plan Width": 4, "Actual Min Startup Time": 0.003, "Actual Max Startup Time": 0.008, "Actual Min Total Time": 0.004, "Actual Max Total Time": 0.009, "Actual Total Rows": 16, "Plans": [{"Node Type": "Seq Scan", "Parent Relationship": "Outer", "Relation Name": "company_type", "Alias": "ct", "Startup Cost": 0.0, "Total Cost": 1.04, "Plan Rows": 1, "Plan Width": 4, "Actual Min Startup Time": 0.034, "Actual Max Startup Time": 0.034, "Actual Min Total Time": 0.037, "Actual Max Total Time": 0.037, "Actual Total Rows": 1, "Filter": "((kind)::text = 'production companies'::text)", "Rows Removed by Filter": 2}]}]}]}]}, {"Node Type": "Hash", "Parent Relationship": "Inner", "Startup Cost": 19149.37, "Total Cost": 19149.37, "Plan Rows": 1748840, "Plan Width": 21, "Actual Min Startup Time": 96.519, "Actual Max Startup Time": 102.215, "Actual Min Total Time": 96.519, "Actual Max Total Time": 102.215, "Actual Total Rows": 1749032, "Max Hash Buckets": 131072, "Min Hash Buckets": 131072, "Max Hash Batches": 1, "Min Hash Batches": 1, "Max Original Hash Batches": 1, "Min Original Hash Batches": 1, "Max Peak Memory Usage": 5962, "min Peak Memory Usage": 5962, "Plans": [{"Node Type": "Seq Scan", "Parent Relationship": "Outer", "Relation Name": "title", "Alias": "t", "Startup Cost": 0.0, "Total Cost": 19149.37, "Plan Rows": 1748840, "Plan Width": 21, "Actual Min Startup Time": 0.023, "Actual Max Startup Time": 0.032, "Actual Min Total Time": 63.637, "Actual Max Total Time": 68.547, "Actual Total Rows": 1749032, "Filter": "(production_year > 1990), (LLVM Optimized)", "Rows Removed by Filter": 779279}]}]}]}, {"Node Type": "Hash", "Parent Relationship": "Inner", "Startup Cost": 2.12, "Total Cost": 2.12, "Plan Rows": 112, "Plan Width": 4, "Actual Min Startup Time": 0.121, "Actual Max Startup Time": 0.121, "Actual Min Total Time": 0.121, "Actual Max Total Time": 0.121, "Actual Total Rows": 112, "Max Hash Buckets": 32768, "Min Hash Buckets": 32768, "Max Hash Batches": 1, "Min Hash Batches": 1, "Max Original Hash Batches": 1, "Min Original Hash Batches": 1, "Max Peak Memory Usage": 4, "min Peak Memory Usage": 4, "Plans": [{"Node Type": "Seq Scan", "Parent Relationship": "Outer", "Relation Name": "info_type", "Alias": "it", "Startup Cost": 0.0, "Total Cost": 2.12, "Plan Rows": 112, "Plan Width": 4, "Actual Min Startup Time": 0.05, "Actual Max Startup Time": 0.05, "Actual Min Total Time": 0.07, "Actual Max Total Time": 0.07, "Actual Total Rows": 112}]}]}]}, "Triggers": [], "Planner Runtime": 21.316, "Total Runtime": 905.003, "Unique SQL Id": 322094867}}, "(16, 107)": {"explain_plan": {"Plan": {"Node Type": "Aggregate", "Strategy": "Plain", "Startup Cost": 5000144672391.88, "Total Cost": 5000144672391.89, "Plan Rows": 1, "Plan Width": 49, "Plans": [{"Node Type": "Hash Join", "Parent Relationship": "Outer", "Join Type": "Inner", "Startup Cost": 4010022296750.59, "Total Cost": 5000144671564.25, "Plan Rows": 331050, "Plan Width": 17, "Inner Unique": true, "Hash Cond": "(mi.movie_id = t.id), (LLVM Optimized)", "Plans": [{"Node Type": "Hash Join", "Parent Relationship": "Outer", "Join Type": "Inner", "Startup Cost": 3010010630763.43, "Total Cost": 4000133001370.51, "Plan Rows": 238955, "Plan Width": 8, "Inner Unique": true, "Hash Cond": "(mi.info_type_id = it.id), (LLVM Optimized)", "Plans": [{"Node Type": "Hash Join", "Parent Relationship": "Outer", "Join Type": "Inner", "Startup Cost": 2010010629769.03, "Total Cost": 3000132997090.48, "Plan Rows": 238955, "Plan Width": 12, "Inner Unique": false, "Hash Cond": "(mi.movie_id = mc.movie_id), (LLVM Optimized)", "Plans": [{"Node Type": "Index Scan", "Parent Relationship": "Outer", "Scan Direction": "Forward", "Index Name": "info_type_id_movie_info", "Relation Name": "movie_info", "Alias": "mi", "Startup Cost": 10000000000.0, "Total Cost": 1000122271411.12, "Plan Rows": 726375, "Plan Width": 8, "Filter": "((info)::text = ANY ('{Sweden,Norway,Germany,Denmark,Swedish,Denish,Norwegian,German,USA,American}'::text[]))"}, {"Node Type": "Hash", "Parent Relationship": "Inner", "Startup Cost": 2000010627153.05, "Total Cost": 2000010627153.05, "Plan Rows": 209278, "Plan Width": 4, "Plans": [{"Node Type": "Hash Join", "Parent Relationship": "Outer", "Join Type": "Inner", "Startup Cost": 1010000001230.26, "Total Cost": 2000010627153.05, "Plan Rows": 209278, "Plan Width": 4, "Inner Unique": true, "Hash Cond": "(mc.company_type_id = ct.id), (LLVM Optimized)", "Plans": [{"Node Type": "Index Scan", "Parent Relationship": "Outer", "Scan Direction": "Forward", "Index Name": "company_type_id_movie_companies", "Relation Name": "movie_companies", "Alias": "mc", "Startup Cost": 10000000000.0, "Total Cost": 1000010622781.0, "Plan Rows": 418557, "Plan Width": 8, "Filter": "(((note)::text !~~ '%(TV)%'::text) AND ((note)::text ~~ '%(USA)%'::text)), (LLVM Optimized)"}, {"Node Type": "Hash", "Parent Relationship": "Inner", "Startup Cost": 1000000001230.25, "Total Cost": 1000000001230.25, "Plan Rows": 1, "Plan Width": 4, "Plans": [{"Node Type": "Index Scan", "Parent Relationship": "Outer", "Scan Direction": "Forward", "Index Name": "company_type_pkey", "Relation Name": "company_type", "Alias": "ct", "Startup Cost": 10000000000.0, "Total Cost": 1000000001230.25, "Plan Rows": 1, "Plan Width": 4, "Filter": "((kind)::text = 'production companies'::text)"}]}]}]}]}, {"Node Type": "Hash", "Parent Relationship": "Inner", "Startup Cost": 1000000000993.0, "Total Cost": 1000000000993.0, "Plan Rows": 112, "Plan Width": 4, "Plans": [{"Node Type": "Index Only Scan", "Parent Relationship": "Outer", "Scan Direction": "Forward", "Index Name": "info_type_pkey", "Relation Name": "info_type", "Alias": "it", "Startup Cost": 10000000000.0, "Total Cost": 1000000000993.0, "Plan Rows": 112, "Plan Width": 4}]}]}, {"Node Type": "Hash", "Parent Relationship": "Inner", "Startup Cost": 1000011644126.66, "Total Cost": 1000011644126.66, "Plan Rows": 1748840, "Plan Width": 21, "Plans": [{"Node Type": "Index Scan", "Parent Relationship": "Outer", "Scan Direction": "Forward", "Index Name": "title_pkey", "Relation Name": "title", "Alias": "t", "Startup Cost": 10000000000.0, "Total Cost": 1000011644126.66, "Plan Rows": 1748840, "Plan Width": 21, "Filter": "(production_year > 1990), (LLVM Optimized)"}]}]}]}, "Unique SQL Id": 322094867}, "explain_analyze_plan": null}, "(16, 108)": {"explain_plan": {"Plan": {"Node Type": "Aggregate", "Strategy": "Plain", "Startup Cost": 173539.71, "Total Cost": 173539.72, "Plan Rows": 1, "Plan Width": 49, "Plans": [{"Node Type": "Hash Join", "Parent Relationship": "Outer", "Join Type": "Inner", "Startup Cost": 70862.43, "Total Cost": 172712.09, "Plan Rows": 331050, "Plan Width": 17, "Inner Unique": true, "Hash Cond": "(mi.info_type_id = it.id), (LLVM Optimized)", "Plans": [{"Node Type": "Streaming(type: LOCAL GATHER dop: 1/16)", "Parent Relationship": "Outer", "Startup Cost": 70858.91, "Total Cost": 168156.63, "Plan Rows": 331050, "Plan Width": 21, "Plans": [{"Node Type": "Hash Join", "Parent Relationship": "Outer", "Join Type": "Inner", "Startup Cost": 70858.91, "Total Cost": 161011.9, "Plan Rows": 331050, "Plan Width": 21, "Inner Unique": true, "Hash Cond": "(mi.movie_id = t.id), (LLVM Optimized)", "Plans": [{"Node Type": "Streaming(type: BROADCAST dop: 16/16)", "Parent Relationship": "Outer", "Startup Cost": 50343.26, "Total Cost": 139393.26, "Plan Rows": 3823280, "Plan Width": 12, "Plans": [{"Node Type": "Hash Join", "Parent Relationship": "Outer", "Join Type": "Inner", "Startup Cost": 50343.26, "Total Cost": 114685.71, "Plan Rows": 238955, "Plan Width": 12, "Inner Unique": true, "Hash Cond": "(mc.company_type_id = ct.id), (LLVM Optimized)", "Plans": [{"Node Type": "Hash Join", "Parent Relationship": "Outer", "Join Type": "Inner", "Startup Cost": 35341.87, "Total Cost": 99422.95, "Plan Rows": 477912, "Plan Width": 16, "Inner Unique": false, "Hash Cond": "(mi.movie_id = mc.movie_id), (LLVM Optimized)", "Plans": [{"Node Type": "Streaming(type: LOCAL REDISTRIBUTE dop: 16/16)", "Parent Relationship": "Outer", "Startup Cost": 0.0, "Total Cost": 62931.17, "Plan Rows": 726375, "Plan Width": 8, "Plans": [{"Node Type": "Seq Scan", "Parent Relationship": "Outer", "Relation Name": "movie_info", "Alias": "mi", "Startup Cost": 0.0, "Total Cost": 45178.89, "Plan Rows": 726375, "Plan Width": 8, "Filter": "((info)::text = ANY ('{Sweden,Norway,Germany,Denmark,Swedish,Denish,Norwegian,German,USA,American}'::text[]))"}]}, {"Node Type": "Hash", "Parent Relationship": "Inner", "Startup Cost": 35014.87, "Total Cost": 35014.87, "Plan Rows": 418557, "Plan Width": 8, "Plans": [{"Node Type": "Streaming(type: LOCAL REDISTRIBUTE dop: 16/16)", "Parent Relationship": "Outer", "Startup Cost": 0.0, "Total Cost": 35014.87, "Plan Rows": 418557, "Plan Width": 8, "Plans": [{"Node Type": "Seq Scan", "Parent Relationship": "Outer", "Relation Name": "movie_companies", "Alias": "mc", "Startup Cost": 0.0, "Total Cost": 18428.93, "Plan Rows": 418557, "Plan Width": 8, "Filter": "(((note)::text !~~ '%(TV)%'::text) AND ((note)::text ~~ '%(USA)%'::text)), (LLVM Optimized)"}]}]}]}, {"Node Type": "Hash", "Parent Relationship": "Inner", "Startup Cost": 15001.38, "Total Cost": 15001.38, "Plan Rows": 16, "Plan Width": 4, "Plans": [{"Node Type": "Streaming(type: BROADCAST dop: 16/1)", "Parent Relationship": "Outer", "Startup Cost": 0.0, "Total Cost": 15001.38, "Plan Rows": 16, "Plan Width": 4, "Plans": [{"Node Type": "Seq Scan", "Parent Relationship": "Outer", "Relation Name": "company_type", "Alias": "ct", "Startup Cost": 0.0, "Total Cost": 1.04, "Plan Rows": 1, "Plan Width": 4, "Filter": "((kind)::text = 'production companies'::text)"}]}]}]}]}, {"Node Type": "Hash", "Parent Relationship": "Inner", "Startup Cost": 19149.37, "Total Cost": 19149.37, "Plan Rows": 1748840, "Plan Width": 21, "Plans": [{"Node Type": "Seq Scan", "Parent Relationship": "Outer", "Relation Name": "title", "Alias": "t", "Startup Cost": 0.0, "Total Cost": 19149.37, "Plan Rows": 1748840, "Plan Width": 21, "Filter": "(production_year > 1990), (LLVM Optimized)"}]}]}]}, {"Node Type": "Hash", "Parent Relationship": "Inner", "Startup Cost": 2.12, "Total Cost": 2.12, "Plan Rows": 112, "Plan Width": 4, "Plans": [{"Node Type": "Seq Scan", "Parent Relationship": "Outer", "Relation Name": "info_type", "Alias": "it", "Startup Cost": 0.0, "Total Cost": 2.12, "Plan Rows": 112, "Plan Width": 4}]}]}]}, "Unique SQL Id": 322094867}, "explain_analyze_plan": {"Plan": {"Node Type": "Aggregate", "Strategy": "Plain", "Startup Cost": 173539.71, "Total Cost": 173539.72, "Plan Rows": 1, "Plan Width": 49, "Actual Min Startup Time": 882.09, "Actual Max Startup Time": 882.09, "Actual Min Total Time": 882.09, "Actual Max Total Time": 882.09, "Actual Total Rows": 1, "Plans": [{"Node Type": "Hash Join", "Parent Relationship": "Outer", "Join Type": "Inner", "Startup Cost": 70862.43, "Total Cost": 172712.09, "Plan Rows": 331050, "Plan Width": 17, "Actual Min Startup Time": 881.426, "Actual Max Startup Time": 881.426, "Actual Min Total Time": 881.87, "Actual Max Total Time": 881.87, "Actual Total Rows": 669, "Inner Unique": true, "Hash Cond": "(mi.info_type_id = it.id), (LLVM Optimized)", "Plans": [{"Node Type": "Streaming(type: LOCAL GATHER dop: 1/16)", "Parent Relationship": "Outer", "Startup Cost": 70858.91, "Total Cost": 168156.63, "Plan Rows": 331050, "Plan Width": 21, "Actual Min Startup Time": 881.224, "Actual Max Startup Time": 881.224, "Actual Min Total Time": 881.408, "Actual Max Total Time": 881.408, "Actual Total Rows": 669, "Plans": [{"Node Type": "Hash Join", "Parent Relationship": "Outer", "Join Type": "Inner", "Startup Cost": 70858.91, "Total Cost": 161011.9, "Plan Rows": 331050, "Plan Width": 21, "Actual Min Startup Time": 690.477, "Actual Max Startup Time": 755.388, "Actual Min Total Time": 690.979, "Actual Max Total Time": 756.212, "Actual Total Rows": 669, "Inner Unique": true, "Hash Cond": "(mi.movie_id = t.id), (LLVM Optimized)", "Plans": [{"Node Type": "Streaming(type: BROADCAST dop: 16/16)", "Parent Relationship": "Outer", "Startup Cost": 50343.26, "Total Cost": 139393.26, "Plan Rows": 3823280, "Plan Width": 12, "Actual Min Startup Time": 590.564, "Actual Max Startup Time": 654.095, "Actual Min Total Time": 590.798, "Actual Max Total Time": 654.526, "Actual Total Rows": 11056, "Plans": [{"Node Type": "Hash Join", "Parent Relationship": "Outer", "Join Type": "Inner", "Startup Cost": 50343.26, "Total Cost": 114685.71, "Plan Rows": 238955, "Plan Width": 12, "Actual Min Startup Time": 126.219, "Actual Max Startup Time": 549.608, "Actual Min Total Time": 688.334, "Actual Max Total Time": 748.889, "Actual Total Rows": 691, "Inner Unique": true, "Hash Cond": "(mc.company_type_id = ct.id), (LLVM Optimized)", "Plans": [{"Node Type": "Hash Join", "Parent Relationship": "Outer", "Join Type": "Inner", "Startup Cost": 35341.87, "Total Cost": 99422.95, "Plan Rows": 477912, "Plan Width": 16, "Actual Min Startup Time": 90.346, "Actual Max Startup Time": 151.051, "Actual Min Total Time": 685.75, "Actual Max Total Time": 746.227, "Actual Total Rows": 294926, "Inner Unique": false, "Hash Cond": "(mi.movie_id = mc.movie_id), (LLVM Optimized)", "Plans": [{"Node Type": "Streaming(type: LOCAL REDISTRIBUTE dop: 16/16)", "Parent Relationship": "Outer", "Startup Cost": 0.0, "Total Cost": 62931.17, "Plan Rows": 726375, "Plan Width": 8, "Actual Min Startup Time": 0.063, "Actual Max Startup Time": 0.422, "Actual Min Total Time": 580.509, "Actual Max Total Time": 581.815, "Actual Total Rows": 706674, "Plans": [{"Node Type": "Seq Scan", "Parent Relationship": "Outer", "Relation Name": "movie_info", "Alias": "mi", "Startup Cost": 0.0, "Total Cost": 45178.89, "Plan Rows": 726375, "Plan Width": 8, "Actual Min Startup Time": 0.037, "Actual Max Startup Time": 3.311, "Actual Min Total Time": 506.795, "Actual Max Total Time": 551.798, "Actual Total Rows": 706674, "Filter": "((info)::text = ANY ('{Sweden,Norway,Germany,Denmark,Swedish,Denish,Norwegian,German,USA,American}'::text[]))", "Rows Removed by Filter": 14129045}]}, {"Node Type": "Hash", "Parent Relationship": "Inner", "Startup Cost": 35014.87, "Total Cost": 35014.87, "Plan Rows": 418557, "Plan Width": 8, "Actual Min Startup Time": 90.201, "Actual Max Startup Time": 150.767, "Actual Min Total Time": 90.201, "Actual Max Total Time": 150.767, "Actual Total Rows": 295628, "Max Hash Buckets": 32768, "Min Hash Buckets": 32768, "Max Hash Batches": 1, "Min Hash Batches": 1, "Max Original Hash Batches": 1, "Min Original Hash Batches": 1, "Max Peak Memory Usage": 722, "min Peak Memory Usage": 722, "Plans": [{"Node Type": "Streaming(type: LOCAL REDISTRIBUTE dop: 16/16)", "Parent Relationship": "Outer", "Startup Cost": 0.0, "Total Cost": 35014.87, "Plan Rows": 418557, "Plan Width": 8, "Actual Min Startup Time": 0.045, "Actual Max Startup Time": 44.925, "Actual Min Total Time": 85.467, "Actual Max Total Time": 146.017, "Actual Total Rows": 295628, "Plans": [{"Node Type": "Seq Scan", "Parent Relationship": "Outer", "Relation Name": "movie_companies", "Alias": "mc", "Startup Cost": 0.0, "Total Cost": 18428.93, "Plan Rows": 418557, "Plan Width": 8, "Actual Min Startup Time": 0.045, "Actual Max Startup Time": 0.318, "Actual Min Total Time": 71.182, "Actual Max Total Time": 78.657, "Actual Total Rows": 295628, "Filter": "(((note)::text !~~ '%(TV)%'::text) AND ((note)::text ~~ '%(USA)%'::text)), (LLVM Optimized)", "Rows Removed by Filter": 2313500}]}]}]}, {"Node Type": "Hash", "Parent Relationship": "Inner", "Startup Cost": 15001.38, "Total Cost": 15001.38, "Plan Rows": 16, "Plan Width": 4, "Actual Min Startup Time": 0.006, "Actual Max Startup Time": 0.019, "Actual Min Total Time": 0.006, "Actual Max Total Time": 0.019, "Actual Total Rows": 16, "Max Hash Buckets": 32768, "Min Hash Buckets": 32768, "Max Hash Batches": 1, "Min Hash Batches": 1, "Max Original Hash Batches": 1, "Min Original Hash Batches": 1, "Max Peak Memory Usage": 1, "min Peak Memory Usage": 1, "Plans": [{"Node Type": "Streaming(type: BROADCAST dop: 16/1)", "Parent Relationship": "Outer", "Startup Cost": 0.0, "Total Cost": 15001.38, "Plan Rows": 16, "Plan Width": 4, "Actual Min Startup Time": 0.003, "Actual Max Startup Time": 0.008, "Actual Min Total Time": 0.004, "Actual Max Total Time": 0.009, "Actual Total Rows": 16, "Plans": [{"Node Type": "Seq Scan", "Parent Relationship": "Outer", "Relation Name": "company_type", "Alias": "ct", "Startup Cost": 0.0, "Total Cost": 1.04, "Plan Rows": 1, "Plan Width": 4, "Actual Min Startup Time": 0.034, "Actual Max Startup Time": 0.034, "Actual Min Total Time": 0.037, "Actual Max Total Time": 0.037, "Actual Total Rows": 1, "Filter": "((kind)::text = 'production companies'::text)", "Rows Removed by Filter": 2}]}]}]}]}, {"Node Type": "Hash", "Parent Relationship": "Inner", "Startup Cost": 19149.37, "Total Cost": 19149.37, "Plan Rows": 1748840, "Plan Width": 21, "Actual Min Startup Time": 96.519, "Actual Max Startup Time": 102.215, "Actual Min Total Time": 96.519, "Actual Max Total Time": 102.215, "Actual Total Rows": 1749032, "Max Hash Buckets": 131072, "Min Hash Buckets": 131072, "Max Hash Batches": 1, "Min Hash Batches": 1, "Max Original Hash Batches": 1, "Min Original Hash Batches": 1, "Max Peak Memory Usage": 5962, "min Peak Memory Usage": 5962, "Plans": [{"Node Type": "Seq Scan", "Parent Relationship": "Outer", "Relation Name": "title", "Alias": "t", "Startup Cost": 0.0, "Total Cost": 19149.37, "Plan Rows": 1748840, "Plan Width": 21, "Actual Min Startup Time": 0.023, "Actual Max Startup Time": 0.032, "Actual Min Total Time": 63.637, "Actual Max Total Time": 68.547, "Actual Total Rows": 1749032, "Filter": "(production_year > 1990), (LLVM Optimized)", "Rows Removed by Filter": 779279}]}]}]}, {"Node Type": "Hash", "Parent Relationship": "Inner", "Startup Cost": 2.12, "Total Cost": 2.12, "Plan Rows": 112, "Plan Width": 4, "Actual Min Startup Time": 0.121, "Actual Max Startup Time": 0.121, "Actual Min Total Time": 0.121, "Actual Max Total Time": 0.121, "Actual Total Rows": 112, "Max Hash Buckets": 32768, "Min Hash Buckets": 32768, "Max Hash Batches": 1, "Min Hash Batches": 1, "Max Original Hash Batches": 1, "Min Original Hash Batches": 1, "Max Peak Memory Usage": 4, "min Peak Memory Usage": 4, "Plans": [{"Node Type": "Seq Scan", "Parent Relationship": "Outer", "Relation Name": "info_type", "Alias": "it", "Startup Cost": 0.0, "Total Cost": 2.12, "Plan Rows": 112, "Plan Width": 4, "Actual Min Startup Time": 0.05, "Actual Max Startup Time": 0.05, "Actual Min Total Time": 0.07, "Actual Max Total Time": 0.07, "Actual Total Rows": 112}]}]}]}, "Triggers": [], "Planner Runtime": 21.316, "Total Runtime": 905.003, "Unique SQL Id": 322094867}}, "(16, 109)": {"explain_plan": {"Plan": {"Node Type": "Aggregate", "Strategy": "Plain", "Startup Cost": 502974.41, "Total Cost": 502974.42, "Plan Rows": 1, "Plan Width": 49, "Plans": [{"Node Type": "Hash Join", "Parent Relationship": "Outer", "Join Type": "Inner", "Startup Cost": 103197.32, "Total Cost": 502146.78, "Plan Rows": 331050, "Plan Width": 17, "Inner Unique": true, "Hash Cond": "(mi.info_type_id = it.id), (LLVM Optimized)", "Plans": [{"Node Type": "Nested Loop", "Parent Relationship": "Outer", "Join Type": "Inner", "Startup Cost": 103181.99, "Total Cost": 497761.59, "Plan Rows": 331050, "Plan Width": 21, "Inner Unique": false, "Plans": [{"Node Type": "Hash Join", "Parent Relationship": "Outer", "Join Type": "Inner", "Startup Cost": 103181.99, "Total Cost": 239243.52, "Plan Rows": 289936, "Plan Width": 25, "Inner Unique": true, "Hash Cond": "(mc.company_type_id = ct.id), (LLVM Optimized)", "Plans": [{"Node Type": "Streaming(type: LOCAL GATHER dop: 1/16)", "Parent Relationship": "Outer", "Startup Cost": 103178.9, "Total Cost": 234166.55, "Plan Rows": 579872, "Plan Width": 29, "Plans": [{"Node Type": "Hash Join", "Parent Relationship": "Outer", "Join Type": "Inner", "Startup Cost": 103178.9, "Total Cost": 221651.74, "Plan Rows": 579872, "Plan Width": 29, "Inner Unique": true, "Hash Cond": "(mc.movie_id = t.id), (LLVM Optimized)", "Plans": [{"Node Type": "Streaming(type: BROADCAST dop: 16/16)", "Parent Relationship": "Outer", "Startup Cost": 0.0, "Total Cost": 116540.83, "Plan Rows": 6696912, "Plan Width": 8, "Plans": [{"Node Type": "Index Scan", "Parent Relationship": "Outer", "Scan Direction": "Forward", "Index Name": "company_type_id_movie_companies", "Relation Name": "movie_companies", "Alias": "mc", "Startup Cost": 0.0, "Total Cost": 84536.95, "Plan Rows": 418557, "Plan Width": 8, "Filter": "(((note)::text !~~ '%(TV)%'::text) AND ((note)::text ~~ '%(USA)%'::text)), (LLVM Optimized)"}]}, {"Node Type": "Hash", "Parent Relationship": "Inner", "Startup Cost": 101812.62, "Total Cost": 101812.62, "Plan Rows": 1748840, "Plan Width": 21, "Plans": [{"Node Type": "Index Scan", "Parent Relationship": "Outer", "Scan Direction": "Forward", "Index Name": "title_pkey", "Relation Name": "title", "Alias": "t", "Startup Cost": 0.0, "Total Cost": 101812.62, "Plan Rows": 1748840, "Plan Width": 21, "Filter": "(production_year > 1990), (LLVM Optimized)"}]}]}]}, {"Node Type": "Hash", "Parent Relationship": "Inner", "Startup Cost": 12.3, "Total Cost": 12.3, "Plan Rows": 1, "Plan Width": 4, "Plans": [{"Node Type": "Index Scan", "Parent Relationship": "Outer", "Scan Direction": "Forward", "Index Name": "company_type_pkey", "Relation Name": "company_type", "Alias": "ct", "Startup Cost": 0.0, "Total Cost": 12.3, "Plan Rows": 1, "Plan Width": 4, "Filter": "((kind)::text = 'production companies'::text)"}]}]}, {"Node Type": "Index Scan", "Parent Relationship": "Inner", "Scan Direction": "Forward", "Index Name": "movie_id_movie_info", "Relation Name": "movie_info", "Alias": "mi", "Startup Cost": 0.0, "Total Cost": 0.88, "Plan Rows": 1, "Plan Width": 8, "Index Cond": "(movie_id = t.id)", "Filter": "((info)::text = ANY ('{Sweden,Norway,Germany,Denmark,Swedish,Denish,Norwegian,German,USA,American}'::text[]))"}]}, {"Node Type": "Hash", "Parent Relationship": "Inner", "Startup Cost": 13.93, "Total Cost": 13.93, "Plan Rows": 112, "Plan Width": 4, "Plans": [{"Node Type": "Index Scan", "Parent Relationship": "Outer", "Scan Direction": "Forward", "Index Name": "info_type_pkey", "Relation Name": "info_type", "Alias": "it", "Startup Cost": 0.0, "Total Cost": 13.93, "Plan Rows": 112, "Plan Width": 4}]}]}]}, "Unique SQL Id": 322094867}, "explain_analyze_plan": {"Plan": {"Node Type": "Aggregate", "Strategy": "Plain", "Startup Cost": 502974.41, "Total Cost": 502974.42, "Plan Rows": 1, "Plan Width": 49, "Actual Min Startup Time": 1064.737, "Actual Max Startup Time": 1064.737, "Actual Min Total Time": 1064.737, "Actual Max Total Time": 1064.737, "Actual Total Rows": 1, "Plans": [{"Node Type": "Hash Join", "Parent Relationship": "Outer", "Join Type": "Inner", "Startup Cost": 103197.32, "Total Cost": 502146.78, "Plan Rows": 331050, "Plan Width": 17, "Actual Min Startup Time": 386.964, "Actual Max Startup Time": 386.964, "Actual Min Total Time": 1064.289, "Actual Max Total Time": 1064.289, "Actual Total Rows": 669, "Inner Unique": true, "Hash Cond": "(mi.info_type_id = it.id), (LLVM Optimized, Jit Execute)", "Plans": [{"Node Type": "Nested Loop", "Parent Relationship": "Outer", "Join Type": "Inner", "Startup Cost": 103181.99, "Total Cost": 497761.59, "Plan Rows": 331050, "Plan Width": 21, "Actual Min Startup Time": 386.77, "Actual Max Startup Time": 386.77, "Actual Min Total Time": 1063.791, "Actual Max Total Time": 1063.791, "Actual Total Rows": 669, "Inner Unique": false, "Plans": [{"Node Type": "Hash Join", "Parent Relationship": "Outer", "Join Type": "Inner", "Startup Cost": 103181.99, "Total Cost": 239243.52, "Plan Rows": 289936, "Plan Width": 25, "Actual Min Startup Time": 386.657, "Actual Max Startup Time": 386.657, "Actual Min Total Time": 1044.352, "Actual Max Total Time": 1044.352, "Actual Total Rows": 767, "Inner Unique": true, "Hash Cond": "(mc.company_type_id = ct.id), (LLVM Optimized, Jit Execute)", "Plans": [{"Node Type": "Streaming(type: LOCAL GATHER dop: 1/16)", "Parent Relationship": "Outer", "Startup Cost": 103178.9, "Total Cost": 234166.55, "Plan Rows": 579872, "Plan Width": 29, "Actual Min Startup Time": 386.569, "Actual Max Startup Time": 386.569, "Actual Min Total Time": 1027.44, "Actual Max Total Time": 1027.44, "Actual Total Rows": 105501, "Plans": [{"Node Type": "Hash Join", "Parent Relationship": "Outer", "Join Type": "Inner", "Startup Cost": 103178.9, "Total Cost": 221651.74, "Plan Rows": 579872, "Plan Width": 29, "Actual Min Startup Time": 289.501, "Actual Max Startup Time": 379.366, "Actual Min Total Time": 951.269, "Actual Max Total Time": 972.121, "Actual Total Rows": 105501, "Inner Unique": true, "Hash Cond": "(mc.movie_id = t.id), (LLVM Optimized, Jit Execute)", "Plans": [{"Node Type": "Streaming(type: BROADCAST dop: 16/16)", "Parent Relationship": "Outer", "Startup Cost": 0.0, "Total Cost": 116540.83, "Plan Rows": 6696912, "Plan Width": 8, "Actual Min Startup Time": 0.05, "Actual Max Startup Time": 0.139, "Actual Min Total Time": 510.992, "Actual Max Total Time": 592.12, "Actual Total Rows": 4730048, "Plans": [{"Node Type": "Index Scan", "Parent Relationship": "Outer", "Scan Direction": "Forward", "Index Name": "company_type_id_movie_companies", "Relation Name": "movie_companies", "Alias": "mc", "Startup Cost": 0.0, "Total Cost": 84536.95, "Plan Rows": 418557, "Plan Width": 8, "Actual Min Startup Time": 0.08, "Actual Max Startup Time": 59.784, "Actual Min Total Time": 75.551, "Actual Max Total Time": 204.25, "Actual Total Rows": 295628, "Filter": "(((note)::text !~~ '%(TV)%'::text) AND ((note)::text ~~ '%(USA)%'::text)), (LLVM Optimized, Jit Execute)", "Rows Removed by Filter": 2313500}]}, {"Node Type": "Hash", "Parent Relationship": "Inner", "Startup Cost": 101812.62, "Total Cost": 101812.62, "Plan Rows": 1748840, "Plan Width": 21, "Actual Min Startup Time": 289.1, "Actual Max Startup Time": 377.983, "Actual Min Total Time": 289.1, "Actual Max Total Time": 377.983, "Actual Total Rows": 1749032, "Max Hash Buckets": 131072, "Min Hash Buckets": 131072, "Max Hash Batches": 1, "Min Hash Batches": 1, "Max Original Hash Batches": 1, "Min Original Hash Batches": 1, "Max Peak Memory Usage": 6766, "min Peak Memory Usage": 6766, "Plans": [{"Node Type": "Index Scan", "Parent Relationship": "Outer", "Scan Direction": "Forward", "Index Name": "title_pkey", "Relation Name": "title", "Alias": "t", "Startup Cost": 0.0, "Total Cost": 101812.62, "Plan Rows": 1748840, "Plan Width": 21, "Actual Min Startup Time": 15.394, "Actual Max Startup Time": 48.394, "Actual Min Total Time": 253.097, "Actual Max Total Time": 343.838, "Actual Total Rows": 1749032, "Filter": "(production_year > 1990), (LLVM Optimized, Jit Execute)", "Rows Removed by Filter": 779279}]}]}]}, {"Node Type": "Hash", "Parent Relationship": "Inner", "Startup Cost": 12.3, "Total Cost": 12.3, "Plan Rows": 1, "Plan Width": 4, "Actual Min Startup Time": 0.029, "Actual Max Startup Time": 0.029, "Actual Min Total Time": 0.029, "Actual Max Total Time": 0.029, "Actual Total Rows": 1, "Max Hash Buckets": 32768, "Min Hash Buckets": 32768, "Max Hash Batches": 1, "Min Hash Batches": 1, "Max Original Hash Batches": 1, "Min Original Hash Batches": 1, "Max Peak Memory Usage": 1, "min Peak Memory Usage": 1, "Plans": [{"Node Type": "Index Scan", "Parent Relationship": "Outer", "Scan Direction": "Forward", "Index Name": "company_type_pkey", "Relation Name": "company_type", "Alias": "ct", "Startup Cost": 0.0, "Total Cost": 12.3, "Plan Rows": 1, "Plan Width": 4, "Actual Min Startup Time": 0.019, "Actual Max Startup Time": 0.019, "Actual Min Total Time": 0.021, "Actual Max Total Time": 0.021, "Actual Total Rows": 1, "Filter": "((kind)::text = 'production companies'::text)", "Rows Removed by Filter": 2}]}]}, {"Node Type": "Index Scan", "Parent Relationship": "Inner", "Scan Direction": "Forward", "Index Name": "movie_id_movie_info", "Relation Name": "movie_info", "Alias": "mi", "Startup Cost": 0.0, "Total Cost": 0.88, "Plan Rows": 1, "Plan Width": 8, "Actual Min Startup Time": 16.381, "Actual Max Startup Time": 16.381, "Actual Min Total Time": 18.704, "Actual Max Total Time": 18.704, "Actual Total Rows": 669, "Index Cond": "(movie_id = t.id)", "Rows Removed by Index Recheck": 0, "Filter": "((info)::text = ANY ('{Sweden,Norway,Germany,Denmark,Swedish,Denish,Norwegian,German,USA,American}'::text[]))", "Rows Removed by Filter": 7721}]}, {"Node Type": "Hash", "Parent Relationship": "Inner", "Startup Cost": 13.93, "Total Cost": 13.93, "Plan Rows": 112, "Plan Width": 4, "Actual Min Startup Time": 0.132, "Actual Max Startup Time": 0.132, "Actual Min Total Time": 0.132, "Actual Max Total Time": 0.132, "Actual Total Rows": 112, "Max Hash Buckets": 32768, "Min Hash Buckets": 32768, "Max Hash Batches": 1, "Min Hash Batches": 1, "Max Original Hash Batches": 1, "Min Original Hash Batches": 1, "Max Peak Memory Usage": 4, "min Peak Memory Usage": 4, "Plans": [{"Node Type": "Index Scan", "Parent Relationship": "Outer", "Scan Direction": "Forward", "Index Name": "info_type_pkey", "Relation Name": "info_type", "Alias": "it", "Startup Cost": 0.0, "Total Cost": 13.93, "Plan Rows": 112, "Plan Width": 4, "Actual Min Startup Time": 0.031, "Actual Max Startup Time": 0.031, "Actual Min Total Time": 0.077, "Actual Max Total Time": 0.077, "Actual Total Rows": 112}]}]}]}, "Triggers": [], "Planner Runtime": 14.324, "Total Runtime": 1080.686, "Unique SQL Id": 322094867}}, "(16, 110)": {"explain_plan": {"Plan": {"Node Type": "Aggregate", "Strategy": "Plain", "Startup Cost": 173539.71, "Total Cost": 173539.72, "Plan Rows": 1, "Plan Width": 49, "Plans": [{"Node Type": "Hash Join", "Parent Relationship": "Outer", "Join Type": "Inner", "Startup Cost": 70862.43, "Total Cost": 172712.09, "Plan Rows": 331050, "Plan Width": 17, "Inner Unique": true, "Hash Cond": "(mi.info_type_id = it.id), (LLVM Optimized)", "Plans": [{"Node Type": "Streaming(type: LOCAL GATHER dop: 1/16)", "Parent Relationship": "Outer", "Startup Cost": 70858.91, "Total Cost": 168156.63, "Plan Rows": 331050, "Plan Width": 21, "Plans": [{"Node Type": "Hash Join", "Parent Relationship": "Outer", "Join Type": "Inner", "Startup Cost": 70858.91, "Total Cost": 161011.9, "Plan Rows": 331050, "Plan Width": 21, "Inner Unique": true, "Hash Cond": "(mi.movie_id = t.id), (LLVM Optimized)", "Plans": [{"Node Type": "Streaming(type: BROADCAST dop: 16/16)", "Parent Relationship": "Outer", "Startup Cost": 50343.26, "Total Cost": 139393.26, "Plan Rows": 3823280, "Plan Width": 12, "Plans": [{"Node Type": "Hash Join", "Parent Relationship": "Outer", "Join Type": "Inner", "Startup Cost": 50343.26, "Total Cost": 114685.71, "Plan Rows": 238955, "Plan Width": 12, "Inner Unique": true, "Hash Cond": "(mc.company_type_id = ct.id), (LLVM Optimized)", "Plans": [{"Node Type": "Hash Join", "Parent Relationship": "Outer", "Join Type": "Inner", "Startup Cost": 35341.87, "Total Cost": 99422.95, "Plan Rows": 477912, "Plan Width": 16, "Inner Unique": false, "Hash Cond": "(mi.movie_id = mc.movie_id), (LLVM Optimized)", "Plans": [{"Node Type": "Streaming(type: LOCAL REDISTRIBUTE dop: 16/16)", "Parent Relationship": "Outer", "Startup Cost": 0.0, "Total Cost": 62931.17, "Plan Rows": 726375, "Plan Width": 8, "Plans": [{"Node Type": "Seq Scan", "Parent Relationship": "Outer", "Relation Name": "movie_info", "Alias": "mi", "Startup Cost": 0.0, "Total Cost": 45178.89, "Plan Rows": 726375, "Plan Width": 8, "Filter": "((info)::text = ANY ('{Sweden,Norway,Germany,Denmark,Swedish,Denish,Norwegian,German,USA,American}'::text[]))"}]}, {"Node Type": "Hash", "Parent Relationship": "Inner", "Startup Cost": 35014.87, "Total Cost": 35014.87, "Plan Rows": 418557, "Plan Width": 8, "Plans": [{"Node Type": "Streaming(type: LOCAL REDISTRIBUTE dop: 16/16)", "Parent Relationship": "Outer", "Startup Cost": 0.0, "Total Cost": 35014.87, "Plan Rows": 418557, "Plan Width": 8, "Plans": [{"Node Type": "Seq Scan", "Parent Relationship": "Outer", "Relation Name": "movie_companies", "Alias": "mc", "Startup Cost": 0.0, "Total Cost": 18428.93, "Plan Rows": 418557, "Plan Width": 8, "Filter": "(((note)::text !~~ '%(TV)%'::text) AND ((note)::text ~~ '%(USA)%'::text)), (LLVM Optimized)"}]}]}]}, {"Node Type": "Hash", "Parent Relationship": "Inner", "Startup Cost": 15001.38, "Total Cost": 15001.38, "Plan Rows": 16, "Plan Width": 4, "Plans": [{"Node Type": "Streaming(type: BROADCAST dop: 16/1)", "Parent Relationship": "Outer", "Startup Cost": 0.0, "Total Cost": 15001.38, "Plan Rows": 16, "Plan Width": 4, "Plans": [{"Node Type": "Seq Scan", "Parent Relationship": "Outer", "Relation Name": "company_type", "Alias": "ct", "Startup Cost": 0.0, "Total Cost": 1.04, "Plan Rows": 1, "Plan Width": 4, "Filter": "((kind)::text = 'production companies'::text)"}]}]}]}]}, {"Node Type": "Hash", "Parent Relationship": "Inner", "Startup Cost": 19149.37, "Total Cost": 19149.37, "Plan Rows": 1748840, "Plan Width": 21, "Plans": [{"Node Type": "Seq Scan", "Parent Relationship": "Outer", "Relation Name": "title", "Alias": "t", "Startup Cost": 0.0, "Total Cost": 19149.37, "Plan Rows": 1748840, "Plan Width": 21, "Filter": "(production_year > 1990), (LLVM Optimized)"}]}]}]}, {"Node Type": "Hash", "Parent Relationship": "Inner", "Startup Cost": 2.12, "Total Cost": 2.12, "Plan Rows": 112, "Plan Width": 4, "Plans": [{"Node Type": "Seq Scan", "Parent Relationship": "Outer", "Relation Name": "info_type", "Alias": "it", "Startup Cost": 0.0, "Total Cost": 2.12, "Plan Rows": 112, "Plan Width": 4}]}]}]}, "Unique SQL Id": 322094867}, "explain_analyze_plan": {"Plan": {"Node Type": "Aggregate", "Strategy": "Plain", "Startup Cost": 173539.71, "Total Cost": 173539.72, "Plan Rows": 1, "Plan Width": 49, "Actual Min Startup Time": 882.09, "Actual Max Startup Time": 882.09, "Actual Min Total Time": 882.09, "Actual Max Total Time": 882.09, "Actual Total Rows": 1, "Plans": [{"Node Type": "Hash Join", "Parent Relationship": "Outer", "Join Type": "Inner", "Startup Cost": 70862.43, "Total Cost": 172712.09, "Plan Rows": 331050, "Plan Width": 17, "Actual Min Startup Time": 881.426, "Actual Max Startup Time": 881.426, "Actual Min Total Time": 881.87, "Actual Max Total Time": 881.87, "Actual Total Rows": 669, "Inner Unique": true, "Hash Cond": "(mi.info_type_id = it.id), (LLVM Optimized)", "Plans": [{"Node Type": "Streaming(type: LOCAL GATHER dop: 1/16)", "Parent Relationship": "Outer", "Startup Cost": 70858.91, "Total Cost": 168156.63, "Plan Rows": 331050, "Plan Width": 21, "Actual Min Startup Time": 881.224, "Actual Max Startup Time": 881.224, "Actual Min Total Time": 881.408, "Actual Max Total Time": 881.408, "Actual Total Rows": 669, "Plans": [{"Node Type": "Hash Join", "Parent Relationship": "Outer", "Join Type": "Inner", "Startup Cost": 70858.91, "Total Cost": 161011.9, "Plan Rows": 331050, "Plan Width": 21, "Actual Min Startup Time": 690.477, "Actual Max Startup Time": 755.388, "Actual Min Total Time": 690.979, "Actual Max Total Time": 756.212, "Actual Total Rows": 669, "Inner Unique": true, "Hash Cond": "(mi.movie_id = t.id), (LLVM Optimized)", "Plans": [{"Node Type": "Streaming(type: BROADCAST dop: 16/16)", "Parent Relationship": "Outer", "Startup Cost": 50343.26, "Total Cost": 139393.26, "Plan Rows": 3823280, "Plan Width": 12, "Actual Min Startup Time": 590.564, "Actual Max Startup Time": 654.095, "Actual Min Total Time": 590.798, "Actual Max Total Time": 654.526, "Actual Total Rows": 11056, "Plans": [{"Node Type": "Hash Join", "Parent Relationship": "Outer", "Join Type": "Inner", "Startup Cost": 50343.26, "Total Cost": 114685.71, "Plan Rows": 238955, "Plan Width": 12, "Actual Min Startup Time": 126.219, "Actual Max Startup Time": 549.608, "Actual Min Total Time": 688.334, "Actual Max Total Time": 748.889, "Actual Total Rows": 691, "Inner Unique": true, "Hash Cond": "(mc.company_type_id = ct.id), (LLVM Optimized)", "Plans": [{"Node Type": "Hash Join", "Parent Relationship": "Outer", "Join Type": "Inner", "Startup Cost": 35341.87, "Total Cost": 99422.95, "Plan Rows": 477912, "Plan Width": 16, "Actual Min Startup Time": 90.346, "Actual Max Startup Time": 151.051, "Actual Min Total Time": 685.75, "Actual Max Total Time": 746.227, "Actual Total Rows": 294926, "Inner Unique": false, "Hash Cond": "(mi.movie_id = mc.movie_id), (LLVM Optimized)", "Plans": [{"Node Type": "Streaming(type: LOCAL REDISTRIBUTE dop: 16/16)", "Parent Relationship": "Outer", "Startup Cost": 0.0, "Total Cost": 62931.17, "Plan Rows": 726375, "Plan Width": 8, "Actual Min Startup Time": 0.063, "Actual Max Startup Time": 0.422, "Actual Min Total Time": 580.509, "Actual Max Total Time": 581.815, "Actual Total Rows": 706674, "Plans": [{"Node Type": "Seq Scan", "Parent Relationship": "Outer", "Relation Name": "movie_info", "Alias": "mi", "Startup Cost": 0.0, "Total Cost": 45178.89, "Plan Rows": 726375, "Plan Width": 8, "Actual Min Startup Time": 0.037, "Actual Max Startup Time": 3.311, "Actual Min Total Time": 506.795, "Actual Max Total Time": 551.798, "Actual Total Rows": 706674, "Filter": "((info)::text = ANY ('{Sweden,Norway,Germany,Denmark,Swedish,Denish,Norwegian,German,USA,American}'::text[]))", "Rows Removed by Filter": 14129045}]}, {"Node Type": "Hash", "Parent Relationship": "Inner", "Startup Cost": 35014.87, "Total Cost": 35014.87, "Plan Rows": 418557, "Plan Width": 8, "Actual Min Startup Time": 90.201, "Actual Max Startup Time": 150.767, "Actual Min Total Time": 90.201, "Actual Max Total Time": 150.767, "Actual Total Rows": 295628, "Max Hash Buckets": 32768, "Min Hash Buckets": 32768, "Max Hash Batches": 1, "Min Hash Batches": 1, "Max Original Hash Batches": 1, "Min Original Hash Batches": 1, "Max Peak Memory Usage": 722, "min Peak Memory Usage": 722, "Plans": [{"Node Type": "Streaming(type: LOCAL REDISTRIBUTE dop: 16/16)", "Parent Relationship": "Outer", "Startup Cost": 0.0, "Total Cost": 35014.87, "Plan Rows": 418557, "Plan Width": 8, "Actual Min Startup Time": 0.045, "Actual Max Startup Time": 44.925, "Actual Min Total Time": 85.467, "Actual Max Total Time": 146.017, "Actual Total Rows": 295628, "Plans": [{"Node Type": "Seq Scan", "Parent Relationship": "Outer", "Relation Name": "movie_companies", "Alias": "mc", "Startup Cost": 0.0, "Total Cost": 18428.93, "Plan Rows": 418557, "Plan Width": 8, "Actual Min Startup Time": 0.045, "Actual Max Startup Time": 0.318, "Actual Min Total Time": 71.182, "Actual Max Total Time": 78.657, "Actual Total Rows": 295628, "Filter": "(((note)::text !~~ '%(TV)%'::text) AND ((note)::text ~~ '%(USA)%'::text)), (LLVM Optimized)", "Rows Removed by Filter": 2313500}]}]}]}, {"Node Type": "Hash", "Parent Relationship": "Inner", "Startup Cost": 15001.38, "Total Cost": 15001.38, "Plan Rows": 16, "Plan Width": 4, "Actual Min Startup Time": 0.006, "Actual Max Startup Time": 0.019, "Actual Min Total Time": 0.006, "Actual Max Total Time": 0.019, "Actual Total Rows": 16, "Max Hash Buckets": 32768, "Min Hash Buckets": 32768, "Max Hash Batches": 1, "Min Hash Batches": 1, "Max Original Hash Batches": 1, "Min Original Hash Batches": 1, "Max Peak Memory Usage": 1, "min Peak Memory Usage": 1, "Plans": [{"Node Type": "Streaming(type: BROADCAST dop: 16/1)", "Parent Relationship": "Outer", "Startup Cost": 0.0, "Total Cost": 15001.38, "Plan Rows": 16, "Plan Width": 4, "Actual Min Startup Time": 0.003, "Actual Max Startup Time": 0.008, "Actual Min Total Time": 0.004, "Actual Max Total Time": 0.009, "Actual Total Rows": 16, "Plans": [{"Node Type": "Seq Scan", "Parent Relationship": "Outer", "Relation Name": "company_type", "Alias": "ct", "Startup Cost": 0.0, "Total Cost": 1.04, "Plan Rows": 1, "Plan Width": 4, "Actual Min Startup Time": 0.034, "Actual Max Startup Time": 0.034, "Actual Min Total Time": 0.037, "Actual Max Total Time": 0.037, "Actual Total Rows": 1, "Filter": "((kind)::text = 'production companies'::text)", "Rows Removed by Filter": 2}]}]}]}]}, {"Node Type": "Hash", "Parent Relationship": "Inner", "Startup Cost": 19149.37, "Total Cost": 19149.37, "Plan Rows": 1748840, "Plan Width": 21, "Actual Min Startup Time": 96.519, "Actual Max Startup Time": 102.215, "Actual Min Total Time": 96.519, "Actual Max Total Time": 102.215, "Actual Total Rows": 1749032, "Max Hash Buckets": 131072, "Min Hash Buckets": 131072, "Max Hash Batches": 1, "Min Hash Batches": 1, "Max Original Hash Batches": 1, "Min Original Hash Batches": 1, "Max Peak Memory Usage": 5962, "min Peak Memory Usage": 5962, "Plans": [{"Node Type": "Seq Scan", "Parent Relationship": "Outer", "Relation Name": "title", "Alias": "t", "Startup Cost": 0.0, "Total Cost": 19149.37, "Plan Rows": 1748840, "Plan Width": 21, "Actual Min Startup Time": 0.023, "Actual Max Startup Time": 0.032, "Actual Min Total Time": 63.637, "Actual Max Total Time": 68.547, "Actual Total Rows": 1749032, "Filter": "(production_year > 1990), (LLVM Optimized)", "Rows Removed by Filter": 779279}]}]}]}, {"Node Type": "Hash", "Parent Relationship": "Inner", "Startup Cost": 2.12, "Total Cost": 2.12, "Plan Rows": 112, "Plan Width": 4, "Actual Min Startup Time": 0.121, "Actual Max Startup Time": 0.121, "Actual Min Total Time": 0.121, "Actual Max Total Time": 0.121, "Actual Total Rows": 112, "Max Hash Buckets": 32768, "Min Hash Buckets": 32768, "Max Hash Batches": 1, "Min Hash Batches": 1, "Max Original Hash Batches": 1, "Min Original Hash Batches": 1, "Max Peak Memory Usage": 4, "min Peak Memory Usage": 4, "Plans": [{"Node Type": "Seq Scan", "Parent Relationship": "Outer", "Relation Name": "info_type", "Alias": "it", "Startup Cost": 0.0, "Total Cost": 2.12, "Plan Rows": 112, "Plan Width": 4, "Actual Min Startup Time": 0.05, "Actual Max Startup Time": 0.05, "Actual Min Total Time": 0.07, "Actual Max Total Time": 0.07, "Actual Total Rows": 112}]}]}]}, "Triggers": [], "Planner Runtime": 21.316, "Total Runtime": 905.003, "Unique SQL Id": 322094867}}, "(16, 111)": {"explain_plan": {"Plan": {"Node Type": "Aggregate", "Strategy": "Plain", "Startup Cost": 5000144672791.88, "Total Cost": 5000144672791.89, "Plan Rows": 1, "Plan Width": 49, "Plans": [{"Node Type": "Hash Join", "Parent Relationship": "Outer", "Join Type": "Inner", "Startup Cost": 4010022297150.59, "Total Cost": 5000144671964.25, "Plan Rows": 331050, "Plan Width": 17, "Inner Unique": true, "Hash Cond": "(mi.movie_id = t.id), (LLVM Optimized)", "Plans": [{"Node Type": "Hash Join", "Parent Relationship": "Outer", "Join Type": "Inner", "Startup Cost": 3010010631163.43, "Total Cost": 4000133001770.51, "Plan Rows": 238955, "Plan Width": 8, "Inner Unique": true, "Hash Cond": "(mi.info_type_id = it.id), (LLVM Optimized)", "Plans": [{"Node Type": "Hash Join", "Parent Relationship": "Outer", "Join Type": "Inner", "Startup Cost": 2010010629769.03, "Total Cost": 3000132997090.48, "Plan Rows": 238955, "Plan Width": 12, "Inner Unique": false, "Hash Cond": "(mi.movie_id = mc.movie_id), (LLVM Optimized)", "Plans": [{"Node Type": "Index Scan", "Parent Relationship": "Outer", "Scan Direction": "Forward", "Index Name": "info_type_id_movie_info", "Relation Name": "movie_info", "Alias": "mi", "Startup Cost": 10000000000.0, "Total Cost": 1000122271411.12, "Plan Rows": 726375, "Plan Width": 8, "Filter": "((info)::text = ANY ('{Sweden,Norway,Germany,Denmark,Swedish,Denish,Norwegian,German,USA,American}'::text[]))"}, {"Node Type": "Hash", "Parent Relationship": "Inner", "Startup Cost": 2000010627153.05, "Total Cost": 2000010627153.05, "Plan Rows": 209278, "Plan Width": 4, "Plans": [{"Node Type": "Hash Join", "Parent Relationship": "Outer", "Join Type": "Inner", "Startup Cost": 1010000001230.26, "Total Cost": 2000010627153.05, "Plan Rows": 209278, "Plan Width": 4, "Inner Unique": true, "Hash Cond": "(mc.company_type_id = ct.id), (LLVM Optimized)", "Plans": [{"Node Type": "Index Scan", "Parent Relationship": "Outer", "Scan Direction": "Forward", "Index Name": "company_type_id_movie_companies", "Relation Name": "movie_companies", "Alias": "mc", "Startup Cost": 10000000000.0, "Total Cost": 1000010622781.0, "Plan Rows": 418557, "Plan Width": 8, "Filter": "(((note)::text !~~ '%(TV)%'::text) AND ((note)::text ~~ '%(USA)%'::text)), (LLVM Optimized)"}, {"Node Type": "Hash", "Parent Relationship": "Inner", "Startup Cost": 1000000001230.25, "Total Cost": 1000000001230.25, "Plan Rows": 1, "Plan Width": 4, "Plans": [{"Node Type": "Index Scan", "Parent Relationship": "Outer", "Scan Direction": "Forward", "Index Name": "company_type_pkey", "Relation Name": "company_type", "Alias": "ct", "Startup Cost": 10000000000.0, "Total Cost": 1000000001230.25, "Plan Rows": 1, "Plan Width": 4, "Filter": "((kind)::text = 'production companies'::text)"}]}]}]}]}, {"Node Type": "Hash", "Parent Relationship": "Inner", "Startup Cost": 1000000001393.0, "Total Cost": 1000000001393.0, "Plan Rows": 112, "Plan Width": 4, "Plans": [{"Node Type": "Index Scan", "Parent Relationship": "Outer", "Scan Direction": "Forward", "Index Name": "info_type_pkey", "Relation Name": "info_type", "Alias": "it", "Startup Cost": 10000000000.0, "Total Cost": 1000000001393.0, "Plan Rows": 112, "Plan Width": 4}]}]}, {"Node Type": "Hash", "Parent Relationship": "Inner", "Startup Cost": 1000011644126.66, "Total Cost": 1000011644126.66, "Plan Rows": 1748840, "Plan Width": 21, "Plans": [{"Node Type": "Index Scan", "Parent Relationship": "Outer", "Scan Direction": "Forward", "Index Name": "title_pkey", "Relation Name": "title", "Alias": "t", "Startup Cost": 10000000000.0, "Total Cost": 1000011644126.66, "Plan Rows": 1748840, "Plan Width": 21, "Filter": "(production_year > 1990), (LLVM Optimized)"}]}]}]}, "Unique SQL Id": 322094867}, "explain_analyze_plan": null}, "(16, 112)": {"explain_plan": {"Plan": {"Node Type": "Aggregate", "Strategy": "Plain", "Startup Cost": 531937.41, "Total Cost": 531937.42, "Plan Rows": 1, "Plan Width": 49, "Plans": [{"Node Type": "Nested Loop", "Parent Relationship": "Outer", "Join Type": "Inner", "Startup Cost": 0.0, "Total Cost": 531109.78, "Plan Rows": 331050, "Plan Width": 17, "Inner Unique": true, "Plans": [{"Node Type": "Nested Loop", "Parent Relationship": "Outer", "Join Type": "Inner", "Startup Cost": 0.0, "Total Cost": 438412.14, "Plan Rows": 331050, "Plan Width": 21, "Inner Unique": false, "Plans": [{"Node Type": "Nested Loop", "Parent Relationship": "Outer", "Join Type": "Inner", "Startup Cost": 0.0, "Total Cost": 179894.07, "Plan Rows": 289936, "Plan Width": 25, "Inner Unique": true, "Plans": [{"Node Type": "Nested Loop", "Parent Relationship": "Outer", "Join Type": "Inner", "Startup Cost": 0.0, "Total Cost": 32695.24, "Plan Rows": 209278, "Plan Width": 4, "Inner Unique": false, "Join Filter": "(ct.id = mc.company_type_id), (LLVM Optimized)", "Plans": [{"Node Type": "Seq Scan", "Parent Relationship": "Outer", "Relation Name": "company_type", "Alias": "ct", "Startup Cost": 0.0, "Total Cost": 1.04, "Plan Rows": 1, "Plan Width": 4, "Filter": "((kind)::text = 'production companies'::text)"}, {"Node Type": "Materialize", "Parent Relationship": "Inner", "Startup Cost": 0.0, "Total Cost": 28508.64, "Plan Rows": 418557, "Plan Width": 8, "Plans": [{"Node Type": "Streaming(type: LOCAL GATHER dop: 1/16)", "Parent Relationship": "Outer", "Startup Cost": 0.0, "Total Cost": 27462.24, "Plan Rows": 418557, "Plan Width": 8, "Plans": [{"Node Type": "Seq Scan", "Parent Relationship": "Outer", "Relation Name": "movie_companies", "Alias": "mc", "Startup Cost": 0.0, "Total Cost": 18428.93, "Plan Rows": 418557, "Plan Width": 8, "Filter": "(((note)::text !~~ '%(TV)%'::text) AND ((note)::text ~~ '%(USA)%'::text)), (LLVM Optimized)"}]}]}]}, {"Node Type": "Index Scan", "Parent Relationship": "Inner", "Scan Direction": "Forward", "Index Name": "title_pkey", "Relation Name": "title", "Alias": "t", "Startup Cost": 0.0, "Total Cost": 0.69, "Plan Rows": 1, "Plan Width": 21, "Index Cond": "(id = mc.movie_id)", "Filter": "(production_year > 1990)"}]}, {"Node Type": "Index Scan", "Parent Relationship": "Inner", "Scan Direction": "Forward", "Index Name": "movie_id_movie_info", "Relation Name": "movie_info", "Alias": "mi", "Startup Cost": 0.0, "Total Cost": 0.88, "Plan Rows": 1, "Plan Width": 8, "Index Cond": "(movie_id = t.id)", "Filter": "((info)::text = ANY ('{Sweden,Norway,Germany,Denmark,Swedish,Denish,Norwegian,German,USA,American}'::text[]))"}]}, {"Node Type": "Index Only Scan", "Parent Relationship": "Inner", "Scan Direction": "Forward", "Index Name": "info_type_pkey", "Relation Name": "info_type", "Alias": "it", "Startup Cost": 0.0, "Total Cost": 0.27, "Plan Rows": 1, "Plan Width": 4, "Index Cond": "(id = mi.info_type_id)"}]}]}, "Unique SQL Id": 322094867}, "explain_analyze_plan": {"Plan": {"Node Type": "Aggregate", "Strategy": "Plain", "Startup Cost": 531937.41, "Total Cost": 531937.42, "Plan Rows": 1, "Plan Width": 49, "Actual Min Startup Time": 313.252, "Actual Max Startup Time": 313.252, "Actual Min Total Time": 313.253, "Actual Max Total Time": 313.253, "Actual Total Rows": 1, "Plans": [{"Node Type": "Nested Loop", "Parent Relationship": "Outer", "Join Type": "Inner", "Startup Cost": 0.0, "Total Cost": 531109.78, "Plan Rows": 331050, "Plan Width": 17, "Actual Min Startup Time": 276.764, "Actual Max Startup Time": 276.764, "Actual Min Total Time": 312.896, "Actual Max Total Time": 312.896, "Actual Total Rows": 669, "Inner Unique": true, "Plans": [{"Node Type": "Nested Loop", "Parent Relationship": "Outer", "Join Type": "Inner", "Startup Cost": 0.0, "Total Cost": 438412.14, "Plan Rows": 331050, "Plan Width": 21, "Actual Min Startup Time": 276.753, "Actual Max Startup Time": 276.753, "Actual Min Total Time": 311.787, "Actual Max Total Time": 311.787, "Actual Total Rows": 669, "Inner Unique": false, "Plans": [{"Node Type": "Nested Loop", "Parent Relationship": "Outer", "Join Type": "Inner", "Startup Cost": 0.0, "Total Cost": 179894.07, "Plan Rows": 289936, "Plan Width": 25, "Actual Min Startup Time": 276.71, "Actual Max Startup Time": 276.71, "Actual Min Total Time": 293.869, "Actual Max Total Time": 293.869, "Actual Total Rows": 767, "Inner Unique": true, "Plans": [{"Node Type": "Nested Loop", "Parent Relationship": "Outer", "Join Type": "Inner", "Startup Cost": 0.0, "Total Cost": 32695.24, "Plan Rows": 209278, "Plan Width": 4, "Actual Min Startup Time": 276.64, "Actual Max Startup Time": 276.64, "Actual Min Total Time": 289.038, "Actual Max Total Time": 289.038, "Actual Total Rows": 798, "Inner Unique": false, "Join Filter": "(ct.id = mc.company_type_id), (LLVM Optimized)", "Rows Removed by Join Filter": 294830, "Plans": [{"Node Type": "Seq Scan", "Parent Relationship": "Outer", "Relation Name": "company_type", "Alias": "ct", "Startup Cost": 0.0, "Total Cost": 1.04, "Plan Rows": 1, "Plan Width": 4, "Actual Min Startup Time": 0.048, "Actual Max Startup Time": 0.048, "Actual Min Total Time": 0.053, "Actual Max Total Time": 0.053, "Actual Total Rows": 1, "Filter": "((kind)::text = 'production companies'::text)", "Rows Removed by Filter": 2}, {"Node Type": "Materialize", "Parent Relationship": "Inner", "Startup Cost": 0.0, "Total Cost": 28508.64, "Plan Rows": 418557, "Plan Width": 8, "Actual Min Startup Time": 187.377, "Actual Max Startup Time": 187.377, "Actual Min Total Time": 224.164, "Actual Max Total Time": 224.164, "Actual Total Rows": 295629, "Plans": [{"Node Type": "Streaming(type: LOCAL GATHER dop: 1/16)", "Parent Relationship": "Outer", "Startup Cost": 0.0, "Total Cost": 27462.24, "Plan Rows": 418557, "Plan Width": 8, "Actual Min Startup Time": 46.378, "Actual Max Startup Time": 46.378, "Actual Min Total Time": 145.013, "Actual Max Total Time": 145.013, "Actual Total Rows": 295628, "Plans": [{"Node Type": "Seq Scan", "Parent Relationship": "Outer", "Relation Name": "movie_companies", "Alias": "mc", "Startup Cost": 0.0, "Total Cost": 18428.93, "Plan Rows": 418557, "Plan Width": 8, "Actual Min Startup Time": 0.035, "Actual Max Startup Time": 0.305, "Actual Min Total Time": 70.621, "Actual Max Total Time": 78.478, "Actual Total Rows": 295628, "Filter": "(((note)::text !~~ '%(TV)%'::text) AND ((note)::text ~~ '%(USA)%'::text)), (LLVM Optimized)", "Rows Removed by Filter": 2313500}]}]}]}, {"Node Type": "Index Scan", "Parent Relationship": "Inner", "Scan Direction": "Forward", "Index Name": "title_pkey", "Relation Name": "title", "Alias": "t", "Startup Cost": 0.0, "Total Cost": 0.69, "Plan Rows": 1, "Plan Width": 21, "Actual Min Startup Time": 4.172, "Actual Max Startup Time": 4.172, "Actual Min Total Time": 4.172, "Actual Max Total Time": 4.172, "Actual Total Rows": 767, "Index Cond": "(id = mc.movie_id)", "Rows Removed by Index Recheck": 0, "Filter": "(production_year > 1990)", "Rows Removed by Filter": 31}]}, {"Node Type": "Index Scan", "Parent Relationship": "Inner", "Scan Direction": "Forward", "Index Name": "movie_id_movie_info", "Relation Name": "movie_info", "Alias": "mi", "Startup Cost": 0.0, "Total Cost": 0.88, "Plan Rows": 1, "Plan Width": 8, "Actual Min Startup Time": 15.072, "Actual Max Startup Time": 15.072, "Actual Min Total Time": 17.367, "Actual Max Total Time": 17.367, "Actual Total Rows": 669, "Index Cond": "(movie_id = t.id)", "Rows Removed by Index Recheck": 0, "Filter": "((info)::text = ANY ('{Sweden,Norway,Germany,Denmark,Swedish,Denish,Norwegian,German,USA,American}'::text[]))", "Rows Removed by Filter": 7721}]}, {"Node Type": "Index Only Scan", "Parent Relationship": "Inner", "Scan Direction": "Forward", "Index Name": "info_type_pkey", "Relation Name": "info_type", "Alias": "it", "Startup Cost": 0.0, "Total Cost": 0.27, "Plan Rows": 1, "Plan Width": 4, "Actual Min Startup Time": 0.625, "Actual Max Startup Time": 0.625, "Actual Min Total Time": 0.625, "Actual Max Total Time": 0.625, "Actual Total Rows": 669, "Index Cond": "(id = mi.info_type_id)", "Rows Removed by Index Recheck": 0, "Heap Fetches": 0}]}]}, "Triggers": [], "Planner Runtime": 3.77, "Total Runtime": 325.424, "Unique SQL Id": 322094867}}, "(16, 113)": {"explain_plan": {"Plan": {"Node Type": "Aggregate", "Strategy": "Plain", "Startup Cost": 598056.69, "Total Cost": 598056.7, "Plan Rows": 1, "Plan Width": 49, "Plans": [{"Node Type": "Nested Loop", "Parent Relationship": "Outer", "Join Type": "Inner", "Startup Cost": 0.0, "Total Cost": 597229.06, "Plan Rows": 331050, "Plan Width": 17, "Inner Unique": true, "Plans": [{"Node Type": "Nested Loop", "Parent Relationship": "Outer", "Join Type": "Inner", "Startup Cost": 0.0, "Total Cost": 504531.42, "Plan Rows": 331050, "Plan Width": 21, "Inner Unique": false, "Plans": [{"Node Type": "Nested Loop", "Parent Relationship": "Outer", "Join Type": "Inner", "Startup Cost": 0.0, "Total Cost": 246013.35, "Plan Rows": 289936, "Plan Width": 25, "Inner Unique": true, "Plans": [{"Node Type": "Nested Loop", "Parent Relationship": "Outer", "Join Type": "Inner", "Startup Cost": 0.0, "Total Cost": 98814.52, "Plan Rows": 209278, "Plan Width": 4, "Inner Unique": false, "Join Filter": "(ct.id = mc.company_type_id), (LLVM Optimized)", "Plans": [{"Node Type": "Index Scan", "Parent Relationship": "Outer", "Scan Direction": "Forward", "Index Name": "company_type_pkey", "Relation Name": "company_type", "Alias": "ct", "Startup Cost": 0.0, "Total Cost": 12.3, "Plan Rows": 1, "Plan Width": 4, "Filter": "((kind)::text = 'production companies'::text)"}, {"Node Type": "Materialize", "Parent Relationship": "Inner", "Startup Cost": 0.0, "Total Cost": 94616.65, "Plan Rows": 418557, "Plan Width": 8, "Plans": [{"Node Type": "Streaming(type: LOCAL GATHER dop: 1/16)", "Parent Relationship": "Outer", "Startup Cost": 0.0, "Total Cost": 93570.26, "Plan Rows": 418557, "Plan Width": 8, "Plans": [{"Node Type": "Index Scan", "Parent Relationship": "Outer", "Scan Direction": "Forward", "Index Name": "company_type_id_movie_companies", "Relation Name": "movie_companies", "Alias": "mc", "Startup Cost": 0.0, "Total Cost": 84536.95, "Plan Rows": 418557, "Plan Width": 8, "Filter": "(((note)::text !~~ '%(TV)%'::text) AND ((note)::text ~~ '%(USA)%'::text)), (LLVM Optimized)"}]}]}]}, {"Node Type": "Index Scan", "Parent Relationship": "Inner", "Scan Direction": "Forward", "Index Name": "title_pkey", "Relation Name": "title", "Alias": "t", "Startup Cost": 0.0, "Total Cost": 0.69, "Plan Rows": 1, "Plan Width": 21, "Index Cond": "(id = mc.movie_id)", "Filter": "(production_year > 1990)"}]}, {"Node Type": "Index Scan", "Parent Relationship": "Inner", "Scan Direction": "Forward", "Index Name": "movie_id_movie_info", "Relation Name": "movie_info", "Alias": "mi", "Startup Cost": 0.0, "Total Cost": 0.88, "Plan Rows": 1, "Plan Width": 8, "Index Cond": "(movie_id = t.id)", "Filter": "((info)::text = ANY ('{Sweden,Norway,Germany,Denmark,Swedish,Denish,Norwegian,German,USA,American}'::text[]))"}]}, {"Node Type": "Index Only Scan", "Parent Relationship": "Inner", "Scan Direction": "Forward", "Index Name": "info_type_pkey", "Relation Name": "info_type", "Alias": "it", "Startup Cost": 0.0, "Total Cost": 0.27, "Plan Rows": 1, "Plan Width": 4, "Index Cond": "(id = mi.info_type_id)"}]}]}, "Unique SQL Id": 322094867}, "explain_analyze_plan": {"Plan": {"Node Type": "Aggregate", "Strategy": "Plain", "Startup Cost": 598056.69, "Total Cost": 598056.7, "Plan Rows": 1, "Plan Width": 49, "Actual Min Startup Time": 399.724, "Actual Max Startup Time": 399.724, "Actual Min Total Time": 399.725, "Actual Max Total Time": 399.725, "Actual Total Rows": 1, "Plans": [{"Node Type": "Nested Loop", "Parent Relationship": "Outer", "Join Type": "Inner", "Startup Cost": 0.0, "Total Cost": 597229.06, "Plan Rows": 331050, "Plan Width": 17, "Actual Min Startup Time": 302.371, "Actual Max Startup Time": 302.371, "Actual Min Total Time": 399.329, "Actual Max Total Time": 399.329, "Actual Total Rows": 669, "Inner Unique": true, "Plans": [{"Node Type": "Nested Loop", "Parent Relationship": "Outer", "Join Type": "Inner", "Startup Cost": 0.0, "Total Cost": 504531.42, "Plan Rows": 331050, "Plan Width": 21, "Actual Min Startup Time": 302.36, "Actual Max Startup Time": 302.36, "Actual Min Total Time": 398.227, "Actual Max Total Time": 398.227, "Actual Total Rows": 669, "Inner Unique": false, "Plans": [{"Node Type": "Nested Loop", "Parent Relationship": "Outer", "Join Type": "Inner", "Startup Cost": 0.0, "Total Cost": 246013.35, "Plan Rows": 289936, "Plan Width": 25, "Actual Min Startup Time": 302.318, "Actual Max Startup Time": 302.318, "Actual Min Total Time": 380.455, "Actual Max Total Time": 380.455, "Actual Total Rows": 767, "Inner Unique": true, "Plans": [{"Node Type": "Nested Loop", "Parent Relationship": "Outer", "Join Type": "Inner", "Startup Cost": 0.0, "Total Cost": 98814.52, "Plan Rows": 209278, "Plan Width": 4, "Actual Min Startup Time": 302.258, "Actual Max Startup Time": 302.258, "Actual Min Total Time": 375.677, "Actual Max Total Time": 375.677, "Actual Total Rows": 798, "Inner Unique": false, "Join Filter": "(ct.id = mc.company_type_id), (LLVM Optimized, Jit Execute)", "Rows Removed by Join Filter": 294830, "Plans": [{"Node Type": "Index Scan", "Parent Relationship": "Outer", "Scan Direction": "Forward", "Index Name": "company_type_pkey", "Relation Name": "company_type", "Alias": "ct", "Startup Cost": 0.0, "Total Cost": 12.3, "Plan Rows": 1, "Plan Width": 4, "Actual Min Startup Time": 0.044, "Actual Max Startup Time": 0.044, "Actual Min Total Time": 0.05, "Actual Max Total Time": 0.05, "Actual Total Rows": 1, "Filter": "((kind)::text = 'production companies'::text)", "Rows Removed by Filter": 2}, {"Node Type": "Materialize", "Parent Relationship": "Inner", "Startup Cost": 0.0, "Total Cost": 94616.65, "Plan Rows": 418557, "Plan Width": 8, "Actual Min Startup Time": 273.752, "Actual Max Startup Time": 273.752, "Actual Min Total Time": 311.268, "Actual Max Total Time": 311.268, "Actual Total Rows": 295629, "Plans": [{"Node Type": "Streaming(type: LOCAL GATHER dop: 1/16)", "Parent Relationship": "Outer", "Startup Cost": 0.0, "Total Cost": 93570.26, "Plan Rows": 418557, "Plan Width": 8, "Actual Min Startup Time": 69.494, "Actual Max Startup Time": 69.494, "Actual Min Total Time": 230.884, "Actual Max Total Time": 230.884, "Actual Total Rows": 295628, "Plans": [{"Node Type": "Index Scan", "Parent Relationship": "Outer", "Scan Direction": "Forward", "Index Name": "company_type_id_movie_companies", "Relation Name": "movie_companies", "Alias": "mc", "Startup Cost": 0.0, "Total Cost": 84536.95, "Plan Rows": 418557, "Plan Width": 8, "Actual Min Startup Time": 14.696, "Actual Max Startup Time": 32.834, "Actual Min Total Time": 91.711, "Actual Max Total Time": 179.361, "Actual Total Rows": 295628, "Filter": "(((note)::text !~~ '%(TV)%'::text) AND ((note)::text ~~ '%(USA)%'::text)), (LLVM Optimized, Jit Execute)", "Rows Removed by Filter": 2313500}]}]}]}, {"Node Type": "Index Scan", "Parent Relationship": "Inner", "Scan Direction": "Forward", "Index Name": "title_pkey", "Relation Name": "title", "Alias": "t", "Startup Cost": 0.0, "Total Cost": 0.69, "Plan Rows": 1, "Plan Width": 21, "Actual Min Startup Time": 4.129, "Actual Max Startup Time": 4.129, "Actual Min Total Time": 4.129, "Actual Max Total Time": 4.129, "Actual Total Rows": 767, "Index Cond": "(id = mc.movie_id)", "Rows Removed by Index Recheck": 0, "Filter": "(production_year > 1990)", "Rows Removed by Filter": 31}]}, {"Node Type": "Index Scan", "Parent Relationship": "Inner", "Scan Direction": "Forward", "Index Name": "movie_id_movie_info", "Relation Name": "movie_info", "Alias": "mi", "Startup Cost": 0.0, "Total Cost": 0.88, "Plan Rows": 1, "Plan Width": 8, "Actual Min Startup Time": 14.924, "Actual Max Startup Time": 14.924, "Actual Min Total Time": 17.173, "Actual Max Total Time": 17.173, "Actual Total Rows": 669, "Index Cond": "(movie_id = t.id)", "Rows Removed by Index Recheck": 0, "Filter": "((info)::text = ANY ('{Sweden,Norway,Germany,Denmark,Swedish,Denish,Norwegian,German,USA,American}'::text[]))", "Rows Removed by Filter": 7721}]}, {"Node Type": "Index Only Scan", "Parent Relationship": "Inner", "Scan Direction": "Forward", "Index Name": "info_type_pkey", "Relation Name": "info_type", "Alias": "it", "Startup Cost": 0.0, "Total Cost": 0.27, "Plan Rows": 1, "Plan Width": 4, "Actual Min Startup Time": 0.636, "Actual Max Startup Time": 0.636, "Actual Min Total Time": 0.636, "Actual Max Total Time": 0.636, "Actual Total Rows": 669, "Index Cond": "(id = mi.info_type_id)", "Rows Removed by Index Recheck": 0, "Heap Fetches": 0}]}]}, "Triggers": [], "Planner Runtime": 3.744, "Total Runtime": 411.618, "Unique SQL Id": 322094867}}, "(16, 114)": {"explain_plan": {"Plan": {"Node Type": "Aggregate", "Strategy": "Plain", "Startup Cost": 2509762.0, "Total Cost": 2509762.01, "Plan Rows": 1, "Plan Width": 49, "Plans": [{"Node Type": "Nested Loop", "Parent Relationship": "Outer", "Join Type": "Inner", "Startup Cost": 1.14, "Total Cost": 2508934.38, "Plan Rows": 331050, "Plan Width": 17, "Inner Unique": true, "Plans": [{"Node Type": "Nested Loop", "Parent Relationship": "Outer", "Join Type": "Inner", "Startup Cost": 0.83, "Total Cost": 1473374.05, "Plan Rows": 238955, "Plan Width": 8, "Inner Unique": true, "Join Filter": "(mi.info_type_id = it.id), (LLVM Optimized)", "Plans": [{"Node Type": "Nested Loop", "Parent Relationship": "Outer", "Join Type": "Inner", "Startup Cost": 0.83, "Total Cost": 1071927.25, "Plan Rows": 238955, "Plan Width": 12, "Inner Unique": false, "Plans": [{"Node Type": "Nested Loop", "Parent Relationship": "Outer", "Join Type": "Inner", "Startup Cost": 0.0, "Total Cost": 32695.24, "Plan Rows": 209278, "Plan Width": 4, "Inner Unique": false, "Join Filter": "(ct.id = mc.company_type_id), (LLVM Optimized)", "Plans": [{"Node Type": "Seq Scan", "Parent Relationship": "Outer", "Relation Name": "company_type", "Alias": "ct", "Startup Cost": 0.0, "Total Cost": 1.04, "Plan Rows": 1, "Plan Width": 4, "Filter": "((kind)::text = 'production companies'::text)"}, {"Node Type": "Materialize", "Parent Relationship": "Inner", "Startup Cost": 0.0, "Total Cost": 28508.64, "Plan Rows": 418557, "Plan Width": 8, "Plans": [{"Node Type": "Streaming(type: LOCAL GATHER dop: 1/16)", "Parent Relationship": "Outer", "Startup Cost": 0.0, "Total Cost": 27462.24, "Plan Rows": 418557, "Plan Width": 8, "Plans": [{"Node Type": "Seq Scan", "Parent Relationship": "Outer", "Relation Name": "movie_companies", "Alias": "mc", "Startup Cost": 0.0, "Total Cost": 18428.93, "Plan Rows": 418557, "Plan Width": 8, "Filter": "(((note)::text !~~ '%(TV)%'::text) AND ((note)::text ~~ '%(USA)%'::text)), (LLVM Optimized)"}]}]}]}, {"Node Type": "Bitmap Heap Scan", "Parent Relationship": "Inner", "Relation Name": "movie_info", "Alias": "mi", "Startup Cost": 0.83, "Total Cost": 4.96, "Plan Rows": 1, "Plan Width": 8, "Recheck Cond": "(movie_id = mc.movie_id)", "Filter": "((info)::text = ANY ('{Sweden,Norway,Germany,Denmark,Swedish,Denish,Norwegian,German,USA,American}'::text[]))", "Plans": [{"Node Type": "Bitmap Index Scan", "Parent Relationship": "Outer", "Index Name": "movie_id_movie_info", "Startup Cost": 0.0, "Total Cost": 0.83, "Plan Rows": 5, "Plan Width": 0, "Index Cond": "(movie_id = mc.movie_id)"}]}]}, {"Node Type": "Materialize", "Parent Relationship": "Inner", "Startup Cost": 0.0, "Total Cost": 2.68, "Plan Rows": 112, "Plan Width": 4, "Plans": [{"Node Type": "Seq Scan", "Parent Relationship": "Outer", "Relation Name": "info_type", "Alias": "it", "Startup Cost": 0.0, "Total Cost": 2.12, "Plan Rows": 112, "Plan Width": 4}]}]}, {"Node Type": "Bitmap Heap Scan", "Parent Relationship": "Inner", "Relation Name": "title", "Alias": "t", "Startup Cost": 0.31, "Total Cost": 4.32, "Plan Rows": 1, "Plan Width": 21, "Recheck Cond": "(id = mi.movie_id)", "Filter": "(production_year > 1990)", "Plans": [{"Node Type": "Bitmap Index Scan", "Parent Relationship": "Outer", "Index Name": "title_pkey", "Startup Cost": 0.0, "Total Cost": 0.31, "Plan Rows": 1, "Plan Width": 0, "Index Cond": "(id = mi.movie_id)"}]}]}]}, "Unique SQL Id": 322094867}, "explain_analyze_plan": {"Plan": {"Node Type": "Aggregate", "Strategy": "Plain", "Startup Cost": 2509762.0, "Total Cost": 2509762.01, "Plan Rows": 1, "Plan Width": 49, "Actual Min Startup Time": 310.311, "Actual Max Startup Time": 310.311, "Actual Min Total Time": 310.311, "Actual Max Total Time": 310.311, "Actual Total Rows": 1, "Plans": [{"Node Type": "Nested Loop", "Parent Relationship": "Outer", "Join Type": "Inner", "Startup Cost": 1.14, "Total Cost": 2508934.38, "Plan Rows": 331050, "Plan Width": 17, "Actual Min Startup Time": 267.556, "Actual Max Startup Time": 267.556, "Actual Min Total Time": 309.868, "Actual Max Total Time": 309.868, "Actual Total Rows": 669, "Inner Unique": true, "Plans": [{"Node Type": "Nested Loop", "Parent Relationship": "Outer", "Join Type": "Inner", "Startup Cost": 0.83, "Total Cost": 1473374.05, "Plan Rows": 238955, "Plan Width": 8, "Actual Min Startup Time": 267.53, "Actual Max Startup Time": 267.53, "Actual Min Total Time": 304.241, "Actual Max Total Time": 304.241, "Actual Total Rows": 691, "Inner Unique": true, "Join Filter": "(mi.info_type_id = it.id), (LLVM Optimized)", "Rows Removed by Join Filter": 4196, "Plans": [{"Node Type": "Nested Loop", "Parent Relationship": "Outer", "Join Type": "Inner", "Startup Cost": 0.83, "Total Cost": 1071927.25, "Plan Rows": 238955, "Plan Width": 12, "Actual Min Startup Time": 267.472, "Actual Max Startup Time": 267.472, "Actual Min Total Time": 302.51, "Actual Max Total Time": 302.51, "Actual Total Rows": 691, "Inner Unique": false, "Plans": [{"Node Type": "Nested Loop", "Parent Relationship": "Outer", "Join Type": "Inner", "Startup Cost": 0.0, "Total Cost": 32695.24, "Plan Rows": 209278, "Plan Width": 4, "Actual Min Startup Time": 267.347, "Actual Max Startup Time": 267.347, "Actual Min Total Time": 279.561, "Actual Max Total Time": 279.561, "Actual Total Rows": 798, "Inner Unique": false, "Join Filter": "(ct.id = mc.company_type_id), (LLVM Optimized)", "Rows Removed by Join Filter": 294830, "Plans": [{"Node Type": "Seq Scan", "Parent Relationship": "Outer", "Relation Name": "company_type", "Alias": "ct", "Startup Cost": 0.0, "Total Cost": 1.04, "Plan Rows": 1, "Plan Width": 4, "Actual Min Startup Time": 0.046, "Actual Max Startup Time": 0.046, "Actual Min Total Time": 0.052, "Actual Max Total Time": 0.052, "Actual Total Rows": 1, "Filter": "((kind)::text = 'production companies'::text)", "Rows Removed by Filter": 2}, {"Node Type": "Materialize", "Parent Relationship": "Inner", "Startup Cost": 0.0, "Total Cost": 28508.64, "Plan Rows": 418557, "Plan Width": 8, "Actual Min Startup Time": 177.963, "Actual Max Startup Time": 177.963, "Actual Min Total Time": 214.763, "Actual Max Total Time": 214.763, "Actual Total Rows": 295629, "Plans": [{"Node Type": "Streaming(type: LOCAL GATHER dop: 1/16)", "Parent Relationship": "Outer", "Startup Cost": 0.0, "Total Cost": 27462.24, "Plan Rows": 418557, "Plan Width": 8, "Actual Min Startup Time": 42.8, "Actual Max Startup Time": 42.8, "Actual Min Total Time": 135.567, "Actual Max Total Time": 135.567, "Actual Total Rows": 295628, "Plans": [{"Node Type": "Seq Scan", "Parent Relationship": "Outer", "Relation Name": "movie_companies", "Alias": "mc", "Startup Cost": 0.0, "Total Cost": 18428.93, "Plan Rows": 418557, "Plan Width": 8, "Actual Min Startup Time": 0.038, "Actual Max Startup Time": 0.331, "Actual Min Total Time": 70.58, "Actual Max Total Time": 78.521, "Actual Total Rows": 295628, "Filter": "(((note)::text !~~ '%(TV)%'::text) AND ((note)::text ~~ '%(USA)%'::text)), (LLVM Optimized)", "Rows Removed by Filter": 2313500}]}]}]}, {"Node Type": "Bitmap Heap Scan", "Parent Relationship": "Inner", "Relation Name": "movie_info", "Alias": "mi", "Startup Cost": 0.83, "Total Cost": 4.96, "Plan Rows": 1, "Plan Width": 8, "Actual Min Startup Time": 19.628, "Actual Max Startup Time": 19.628, "Actual Min Total Time": 21.652, "Actual Max Total Time": 21.652, "Actual Total Rows": 691, "Recheck Cond": "(movie_id = mc.movie_id)", "Rows Removed by Index Recheck": 0, "Filter": "((info)::text = ANY ('{Sweden,Norway,Germany,Denmark,Swedish,Denish,Norwegian,German,USA,American}'::text[]))", "Rows Removed by Filter": 7906, "Exact Heap Blocks": 6397, "Lossy Heap Blocks": 6397, "Plans": [{"Node Type": "Bitmap Index Scan", "Parent Relationship": "Outer", "Index Name": "movie_id_movie_info", "Startup Cost": 0.0, "Total Cost": 0.83, "Plan Rows": 5, "Plan Width": 0, "Actual Min Startup Time": 5.1, "Actual Max Startup Time": 5.1, "Actual Min Total Time": 5.1, "Actual Max Total Time": 5.1, "Actual Total Rows": 8597, "Index Cond": "(movie_id = mc.movie_id)"}]}]}, {"Node Type": "Materialize", "Parent Relationship": "Inner", "Startup Cost": 0.0, "Total Cost": 2.68, "Plan Rows": 112, "Plan Width": 4, "Actual Min Startup Time": 0.108, "Actual Max Startup Time": 0.108, "Actual Min Total Time": 0.481, "Actual Max Total Time": 0.481, "Actual Total Rows": 4887, "Plans": [{"Node Type": "Seq Scan", "Parent Relationship": "Outer", "Relation Name": "info_type", "Alias": "it", "Startup Cost": 0.0, "Total Cost": 2.12, "Plan Rows": 112, "Plan Width": 4, "Actual Min Startup Time": 0.036, "Actual Max Startup Time": 0.036, "Actual Min Total Time": 0.04, "Actual Max Total Time": 0.04, "Actual Total Rows": 17}]}]}, {"Node Type": "Bitmap Heap Scan", "Parent Relationship": "Inner", "Relation Name": "title", "Alias": "t", "Startup Cost": 0.31, "Total Cost": 4.32, "Plan Rows": 1, "Plan Width": 21, "Actual Min Startup Time": 4.616, "Actual Max Startup Time": 4.616, "Actual Min Total Time": 4.616, "Actual Max Total Time": 4.616, "Actual Total Rows": 669, "Recheck Cond": "(id = mi.movie_id)", "Rows Removed by Index Recheck": 0, "Filter": "(production_year > 1990)", "Rows Removed by Filter": 22, "Exact Heap Blocks": 691, "Lossy Heap Blocks": 691, "Plans": [{"Node Type": "Bitmap Index Scan", "Parent Relationship": "Outer", "Index Name": "title_pkey", "Startup Cost": 0.0, "Total Cost": 0.31, "Plan Rows": 1, "Plan Width": 0, "Actual Min Startup Time": 2.823, "Actual Max Startup Time": 2.823, "Actual Min Total Time": 2.823, "Actual Max Total Time": 2.823, "Actual Total Rows": 691, "Index Cond": "(id = mi.movie_id)"}]}]}]}, "Triggers": [], "Planner Runtime": 5.221, "Total Runtime": 322.955, "Unique SQL Id": 322094867}}, "(16, 115)": {"explain_plan": {"Plan": {"Node Type": "Aggregate", "Strategy": "Plain", "Startup Cost": 2546736.36, "Total Cost": 2546736.37, "Plan Rows": 1, "Plan Width": 49, "Plans": [{"Node Type": "Nested Loop", "Parent Relationship": "Outer", "Join Type": "Inner", "Startup Cost": 29015.04, "Total Cost": 2545908.74, "Plan Rows": 331050, "Plan Width": 17, "Inner Unique": true, "Plans": [{"Node Type": "Nested Loop", "Parent Relationship": "Outer", "Join Type": "Inner", "Startup Cost": 29014.73, "Total Cost": 1510348.4, "Plan Rows": 238955, "Plan Width": 8, "Inner Unique": true, "Join Filter": "(mi.info_type_id = it.id), (LLVM Optimized)", "Plans": [{"Node Type": "Nested Loop", "Parent Relationship": "Outer", "Join Type": "Inner", "Startup Cost": 29005.9, "Total Cost": 1108889.77, "Plan Rows": 238955, "Plan Width": 12, "Inner Unique": false, "Plans": [{"Node Type": "Nested Loop", "Parent Relationship": "Outer", "Join Type": "Inner", "Startup Cost": 29005.06, "Total Cost": 69657.76, "Plan Rows": 209278, "Plan Width": 4, "Inner Unique": false, "Plans": [{"Node Type": "Bitmap Heap Scan", "Parent Relationship": "Outer", "Relation Name": "company_type", "Alias": "ct", "Startup Cost": 8.27, "Total Cost": 12.3, "Plan Rows": 1, "Plan Width": 4, "Filter": "((kind)::text = 'production companies'::text)", "Plans": [{"Node Type": "Bitmap Index Scan", "Parent Relationship": "Outer", "Index Name": "company_type_pkey", "Startup Cost": 0.0, "Total Cost": 8.27, "Plan Rows": 3, "Plan Width": 0}]}, {"Node Type": "Bitmap Heap Scan", "Parent Relationship": "Inner", "Relation Name": "movie_companies", "Alias": "mc", "Startup Cost": 28996.8, "Total Cost": 67552.67, "Plan Rows": 209279, "Plan Width": 8, "Recheck Cond": "(company_type_id = ct.id), (LLVM Optimized)", "Filter": "(((note)::text !~~ '%(TV)%'::text) AND ((note)::text ~~ '%(USA)%'::text)), (LLVM Optimized)", "Plans": [{"Node Type": "Bitmap Index Scan", "Parent Relationship": "Outer", "Index Name": "company_type_id_movie_companies", "Startup Cost": 0.0, "Total Cost": 28944.48, "Plan Rows": 1304564, "Plan Width": 0, "Index Cond": "(company_type_id = ct.id)"}]}]}, {"Node Type": "Bitmap Heap Scan", "Parent Relationship": "Inner", "Relation Name": "movie_info", "Alias": "mi", "Startup Cost": 0.83, "Total Cost": 4.96, "Plan Rows": 1, "Plan Width": 8, "Recheck Cond": "(movie_id = mc.movie_id)", "Filter": "((info)::text = ANY ('{Sweden,Norway,Germany,Denmark,Swedish,Denish,Norwegian,German,USA,American}'::text[]))", "Plans": [{"Node Type": "Bitmap Index Scan", "Parent Relationship": "Outer", "Index Name": "movie_id_movie_info", "Startup Cost": 0.0, "Total Cost": 0.83, "Plan Rows": 5, "Plan Width": 0, "Index Cond": "(movie_id = mc.movie_id)"}]}]}, {"Node Type": "Materialize", "Parent Relationship": "Inner", "Startup Cost": 8.84, "Total Cost": 14.52, "Plan Rows": 112, "Plan Width": 4, "Plans": [{"Node Type": "Bitmap Heap Scan", "Parent Relationship": "Outer", "Relation Name": "info_type", "Alias": "it", "Startup Cost": 8.84, "Total Cost": 13.96, "Plan Rows": 112, "Plan Width": 4, "Plans": [{"Node Type": "Bitmap Index Scan", "Parent Relationship": "Outer", "Index Name": "info_type_pkey", "Startup Cost": 0.0, "Total Cost": 8.81, "Plan Rows": 112, "Plan Width": 0}]}]}]}, {"Node Type": "Bitmap Heap Scan", "Parent Relationship": "Inner", "Relation Name": "title", "Alias": "t", "Startup Cost": 0.31, "Total Cost": 4.32, "Plan Rows": 1, "Plan Width": 21, "Recheck Cond": "(id = mi.movie_id)", "Filter": "(production_year > 1990)", "Plans": [{"Node Type": "Bitmap Index Scan", "Parent Relationship": "Outer", "Index Name": "title_pkey", "Startup Cost": 0.0, "Total Cost": 0.31, "Plan Rows": 1, "Plan Width": 0, "Index Cond": "(id = mi.movie_id)"}]}]}]}, "Unique SQL Id": 322094867}, "explain_analyze_plan": {"Plan": {"Node Type": "Aggregate", "Strategy": "Plain", "Startup Cost": 2546736.36, "Total Cost": 2546736.37, "Plan Rows": 1, "Plan Width": 49, "Actual Startup Time": 653.165, "Actual Total Time": 653.166, "Actual Rows": 1, "Actual Loops": 1, "Plans": [{"Node Type": "Nested Loop", "Parent Relationship": "Outer", "Join Type": "Inner", "Startup Cost": 29015.04, "Total Cost": 2545908.74, "Plan Rows": 331050, "Plan Width": 17, "Actual Startup Time": 170.6, "Actual Total Time": 652.494, "Actual Rows": 669, "Actual Loops": 1, "Inner Unique": true, "Plans": [{"Node Type": "Nested Loop", "Parent Relationship": "Outer", "Join Type": "Inner", "Startup Cost": 29014.73, "Total Cost": 1510348.4, "Plan Rows": 238955, "Plan Width": 8, "Actual Startup Time": 170.574, "Actual Total Time": 646.362, "Actual Rows": 691, "Actual Loops": 1, "Inner Unique": true, "Join Filter": "(mi.info_type_id = it.id), (LLVM Optimized)", "Rows Removed by Join Filter": 4196, "Plans": [{"Node Type": "Nested Loop", "Parent Relationship": "Outer", "Join Type": "Inner", "Startup Cost": 29005.9, "Total Cost": 1108889.77, "Plan Rows": 238955, "Plan Width": 12, "Actual Startup Time": 170.504, "Actual Total Time": 644.429, "Actual Rows": 691, "Actual Loops": 1, "Inner Unique": false, "Plans": [{"Node Type": "Nested Loop", "Parent Relationship": "Outer", "Join Type": "Inner", "Startup Cost": 29005.06, "Total Cost": 69657.76, "Plan Rows": 209278, "Plan Width": 4, "Actual Startup Time": 170.432, "Actual Total Time": 619.468, "Actual Rows": 798, "Actual Loops": 1, "Inner Unique": false, "Plans": [{"Node Type": "Bitmap Heap Scan", "Parent Relationship": "Outer", "Relation Name": "company_type", "Alias": "ct", "Startup Cost": 8.27, "Total Cost": 12.3, "Plan Rows": 1, "Plan Width": 4, "Actual Startup Time": 0.044, "Actual Total Time": 0.047, "Actual Rows": 1, "Actual Loops": 1, "Filter": "((kind)::text = 'production companies'::text)", "Rows Removed by Filter": 2, "Exact Heap Blocks": 1, "Lossy Heap Blocks": 1, "Plans": [{"Node Type": "Bitmap Index Scan", "Parent Relationship": "Outer", "Index Name": "company_type_pkey", "Startup Cost": 0.0, "Total Cost": 8.27, "Plan Rows": 3, "Plan Width": 0, "Actual Startup Time": 0.017, "Actual Total Time": 0.017, "Actual Rows": 3, "Actual Loops": 1}]}, {"Node Type": "Bitmap Heap Scan", "Parent Relationship": "Inner", "Relation Name": "movie_companies", "Alias": "mc", "Startup Cost": 28996.8, "Total Cost": 67552.67, "Plan Rows": 209279, "Plan Width": 8, "Actual Startup Time": 170.379, "Actual Total Time": 619.179, "Actual Rows": 798, "Actual Loops": 1, "Recheck Cond": "(company_type_id = ct.id), (LLVM Optimized)", "Rows Removed by Index Recheck": 0, "Filter": "(((note)::text !~~ '%(TV)%'::text) AND ((note)::text ~~ '%(USA)%'::text)), (LLVM Optimized)", "Rows Removed by Filter": 1334085, "Exact Heap Blocks": 6196, "Lossy Heap Blocks": 6196, "Plans": [{"Node Type": "Bitmap Index Scan", "Parent Relationship": "Outer", "Index Name": "company_type_id_movie_companies", "Startup Cost": 0.0, "Total Cost": 28944.48, "Plan Rows": 1304564, "Plan Width": 0, "Actual Startup Time": 163.448, "Actual Total Time": 163.448, "Actual Rows": 1334883, "Actual Loops": 1, "Index Cond": "(company_type_id = ct.id)"}]}]}, {"Node Type": "Bitmap Heap Scan", "Parent Relationship": "Inner", "Relation Name": "movie_info", "Alias": "mi", "Startup Cost": 0.83, "Total Cost": 4.96, "Plan Rows": 1, "Plan Width": 8, "Actual Startup Time": 21.112, "Actual Total Time": 23.239, "Actual Rows": 691, "Actual Loops": 798, "Recheck Cond": "(movie_id = mc.movie_id)", "Rows Removed by Index Recheck": 0, "Filter": "((info)::text = ANY ('{Sweden,Norway,Germany,Denmark,Swedish,Denish,Norwegian,German,USA,American}'::text[]))", "Rows Removed by Filter": 7906, "Exact Heap Blocks": 6397, "Lossy Heap Blocks": 6397, "Plans": [{"Node Type": "Bitmap Index Scan", "Parent Relationship": "Outer", "Index Name": "movie_id_movie_info", "Startup Cost": 0.0, "Total Cost": 0.83, "Plan Rows": 5, "Plan Width": 0, "Actual Startup Time": 5.59, "Actual Total Time": 5.59, "Actual Rows": 8597, "Actual Loops": 798, "Index Cond": "(movie_id = mc.movie_id)"}]}]}, {"Node Type": "Materialize", "Parent Relationship": "Inner", "Startup Cost": 8.84, "Total Cost": 14.52, "Plan Rows": 112, "Plan Width": 4, "Actual Startup Time": 0.153, "Actual Total Time": 0.492, "Actual Rows": 4887, "Actual Loops": 691, "Plans": [{"Node Type": "Bitmap Heap Scan", "Parent Relationship": "Outer", "Relation Name": "info_type", "Alias": "it", "Startup Cost": 8.84, "Total Cost": 13.96, "Plan Rows": 112, "Plan Width": 4, "Actual Startup Time": 0.041, "Actual Total Time": 0.044, "Actual Rows": 17, "Actual Loops": 1, "Exact Heap Blocks": 1, "Lossy Heap Blocks": 1, "Plans": [{"Node Type": "Bitmap Index Scan", "Parent Relationship": "Outer", "Index Name": "info_type_pkey", "Startup Cost": 0.0, "Total Cost": 8.81, "Plan Rows": 112, "Plan Width": 0, "Actual Startup Time": 0.013, "Actual Total Time": 0.013, "Actual Rows": 112, "Actual Loops": 1}]}]}]}, {"Node Type": "Bitmap Heap Scan", "Parent Relationship": "Inner", "Relation Name": "title", "Alias": "t", "Startup Cost": 0.31, "Total Cost": 4.32, "Plan Rows": 1, "Plan Width": 21, "Actual Startup Time": 4.903, "Actual Total Time": 4.903, "Actual Rows": 669, "Actual Loops": 691, "Recheck Cond": "(id = mi.movie_id)", "Rows Removed by Index Recheck": 0, "Filter": "(production_year > 1990)", "Rows Removed by Filter": 22, "Exact Heap Blocks": 691, "Lossy Heap Blocks": 691, "Plans": [{"Node Type": "Bitmap Index Scan", "Parent Relationship": "Outer", "Index Name": "title_pkey", "Startup Cost": 0.0, "Total Cost": 0.31, "Plan Rows": 1, "Plan Width": 0, "Actual Startup Time": 3.007, "Actual Total Time": 3.007, "Actual Rows": 691, "Actual Loops": 691, "Index Cond": "(id = mi.movie_id)"}]}]}]}, "Triggers": [], "Planner Runtime": 3.534, "Total Runtime": 662.856, "Unique SQL Id": 322094867}}, "(16, 116)": {"explain_plan": {"Plan": {"Node Type": "Aggregate", "Strategy": "Plain", "Startup Cost": 531939.23, "Total Cost": 531939.24, "Plan Rows": 1, "Plan Width": 49, "Plans": [{"Node Type": "Nested Loop", "Parent Relationship": "Outer", "Join Type": "Inner", "Startup Cost": 0.0, "Total Cost": 531111.61, "Plan Rows": 331050, "Plan Width": 17, "Inner Unique": true, "Plans": [{"Node Type": "Nested Loop", "Parent Relationship": "Outer", "Join Type": "Inner", "Startup Cost": 0.0, "Total Cost": 438412.14, "Plan Rows": 331050, "Plan Width": 21, "Inner Unique": false, "Plans": [{"Node Type": "Nested Loop", "Parent Relationship": "Outer", "Join Type": "Inner", "Startup Cost": 0.0, "Total Cost": 179894.07, "Plan Rows": 289936, "Plan Width": 25, "Inner Unique": true, "Plans": [{"Node Type": "Nested Loop", "Parent Relationship": "Outer", "Join Type": "Inner", "Startup Cost": 0.0, "Total Cost": 32695.24, "Plan Rows": 209278, "Plan Width": 4, "Inner Unique": false, "Join Filter": "(ct.id = mc.company_type_id), (LLVM Optimized)", "Plans": [{"Node Type": "Seq Scan", "Parent Relationship": "Outer", "Relation Name": "company_type", "Alias": "ct", "Startup Cost": 0.0, "Total Cost": 1.04, "Plan Rows": 1, "Plan Width": 4, "Filter": "((kind)::text = 'production companies'::text)"}, {"Node Type": "Materialize", "Parent Relationship": "Inner", "Startup Cost": 0.0, "Total Cost": 28508.64, "Plan Rows": 418557, "Plan Width": 8, "Plans": [{"Node Type": "Streaming(type: LOCAL GATHER dop: 1/16)", "Parent Relationship": "Outer", "Startup Cost": 0.0, "Total Cost": 27462.24, "Plan Rows": 418557, "Plan Width": 8, "Plans": [{"Node Type": "Seq Scan", "Parent Relationship": "Outer", "Relation Name": "movie_companies", "Alias": "mc", "Startup Cost": 0.0, "Total Cost": 18428.93, "Plan Rows": 418557, "Plan Width": 8, "Filter": "(((note)::text !~~ '%(TV)%'::text) AND ((note)::text ~~ '%(USA)%'::text)), (LLVM Optimized)"}]}]}]}, {"Node Type": "Index Scan", "Parent Relationship": "Inner", "Scan Direction": "Forward", "Index Name": "title_pkey", "Relation Name": "title", "Alias": "t", "Startup Cost": 0.0, "Total Cost": 0.69, "Plan Rows": 1, "Plan Width": 21, "Index Cond": "(id = mc.movie_id)", "Filter": "(production_year > 1990)"}]}, {"Node Type": "Index Scan", "Parent Relationship": "Inner", "Scan Direction": "Forward", "Index Name": "movie_id_movie_info", "Relation Name": "movie_info", "Alias": "mi", "Startup Cost": 0.0, "Total Cost": 0.88, "Plan Rows": 1, "Plan Width": 8, "Index Cond": "(movie_id = t.id)", "Filter": "((info)::text = ANY ('{Sweden,Norway,Germany,Denmark,Swedish,Denish,Norwegian,German,USA,American}'::text[]))"}]}, {"Node Type": "Index Scan", "Parent Relationship": "Inner", "Scan Direction": "Forward", "Index Name": "info_type_pkey", "Relation Name": "info_type", "Alias": "it", "Startup Cost": 0.0, "Total Cost": 0.27, "Plan Rows": 1, "Plan Width": 4, "Index Cond": "(id = mi.info_type_id)"}]}]}, "Unique SQL Id": 322094867}, "explain_analyze_plan": {"Plan": {"Node Type": "Aggregate", "Strategy": "Plain", "Startup Cost": 531939.23, "Total Cost": 531939.24, "Plan Rows": 1, "Plan Width": 49, "Actual Min Startup Time": 308.916, "Actual Max Startup Time": 308.916, "Actual Min Total Time": 308.916, "Actual Max Total Time": 308.916, "Actual Total Rows": 1, "Plans": [{"Node Type": "Nested Loop", "Parent Relationship": "Outer", "Join Type": "Inner", "Startup Cost": 0.0, "Total Cost": 531111.61, "Plan Rows": 331050, "Plan Width": 17, "Actual Min Startup Time": 273.051, "Actual Max Startup Time": 273.051, "Actual Min Total Time": 308.573, "Actual Max Total Time": 308.573, "Actual Total Rows": 669, "Inner Unique": true, "Plans": [{"Node Type": "Nested Loop", "Parent Relationship": "Outer", "Join Type": "Inner", "Startup Cost": 0.0, "Total Cost": 438412.14, "Plan Rows": 331050, "Plan Width": 21, "Actual Min Startup Time": 273.042, "Actual Max Startup Time": 273.042, "Actual Min Total Time": 306.962, "Actual Max Total Time": 306.962, "Actual Total Rows": 669, "Inner Unique": false, "Plans": [{"Node Type": "Nested Loop", "Parent Relationship": "Outer", "Join Type": "Inner", "Startup Cost": 0.0, "Total Cost": 179894.07, "Plan Rows": 289936, "Plan Width": 25, "Actual Min Startup Time": 273.004, "Actual Max Startup Time": 273.004, "Actual Min Total Time": 289.211, "Actual Max Total Time": 289.211, "Actual Total Rows": 767, "Inner Unique": true, "Plans": [{"Node Type": "Nested Loop", "Parent Relationship": "Outer", "Join Type": "Inner", "Startup Cost": 0.0, "Total Cost": 32695.24, "Plan Rows": 209278, "Plan Width": 4, "Actual Min Startup Time": 272.935, "Actual Max Startup Time": 272.935, "Actual Min Total Time": 284.44, "Actual Max Total Time": 284.44, "Actual Total Rows": 798, "Inner Unique": false, "Join Filter": "(ct.id = mc.company_type_id), (LLVM Optimized)", "Rows Removed by Join Filter": 294830, "Plans": [{"Node Type": "Seq Scan", "Parent Relationship": "Outer", "Relation Name": "company_type", "Alias": "ct", "Startup Cost": 0.0, "Total Cost": 1.04, "Plan Rows": 1, "Plan Width": 4, "Actual Min Startup Time": 0.041, "Actual Max Startup Time": 0.041, "Actual Min Total Time": 0.046, "Actual Max Total Time": 0.046, "Actual Total Rows": 1, "Filter": "((kind)::text = 'production companies'::text)", "Rows Removed by Filter": 2}, {"Node Type": "Materialize", "Parent Relationship": "Inner", "Startup Cost": 0.0, "Total Cost": 28508.64, "Plan Rows": 418557, "Plan Width": 8, "Actual Min Startup Time": 183.415, "Actual Max Startup Time": 183.415, "Actual Min Total Time": 219.504, "Actual Max Total Time": 219.504, "Actual Total Rows": 295629, "Plans": [{"Node Type": "Streaming(type: LOCAL GATHER dop: 1/16)", "Parent Relationship": "Outer", "Startup Cost": 0.0, "Total Cost": 27462.24, "Plan Rows": 418557, "Plan Width": 8, "Actual Min Startup Time": 45.405, "Actual Max Startup Time": 45.405, "Actual Min Total Time": 140.238, "Actual Max Total Time": 140.238, "Actual Total Rows": 295628, "Plans": [{"Node Type": "Seq Scan", "Parent Relationship": "Outer", "Relation Name": "movie_companies", "Alias": "mc", "Startup Cost": 0.0, "Total Cost": 18428.93, "Plan Rows": 418557, "Plan Width": 8, "Actual Min Startup Time": 0.036, "Actual Max Startup Time": 0.295, "Actual Min Total Time": 70.811, "Actual Max Total Time": 78.326, "Actual Total Rows": 295628, "Filter": "(((note)::text !~~ '%(TV)%'::text) AND ((note)::text ~~ '%(USA)%'::text)), (LLVM Optimized)", "Rows Removed by Filter": 2313500}]}]}]}, {"Node Type": "Index Scan", "Parent Relationship": "Inner", "Scan Direction": "Forward", "Index Name": "title_pkey", "Relation Name": "title", "Alias": "t", "Startup Cost": 0.0, "Total Cost": 0.69, "Plan Rows": 1, "Plan Width": 21, "Actual Min Startup Time": 4.168, "Actual Max Startup Time": 4.168, "Actual Min Total Time": 4.168, "Actual Max Total Time": 4.168, "Actual Total Rows": 767, "Index Cond": "(id = mc.movie_id)", "Rows Removed by Index Recheck": 0, "Filter": "(production_year > 1990)", "Rows Removed by Filter": 31}]}, {"Node Type": "Index Scan", "Parent Relationship": "Inner", "Scan Direction": "Forward", "Index Name": "movie_id_movie_info", "Relation Name": "movie_info", "Alias": "mi", "Startup Cost": 0.0, "Total Cost": 0.88, "Plan Rows": 1, "Plan Width": 8, "Actual Min Startup Time": 14.968, "Actual Max Startup Time": 14.968, "Actual Min Total Time": 17.176, "Actual Max Total Time": 17.176, "Actual Total Rows": 669, "Index Cond": "(movie_id = t.id)", "Rows Removed by Index Recheck": 0, "Filter": "((info)::text = ANY ('{Sweden,Norway,Germany,Denmark,Swedish,Denish,Norwegian,German,USA,American}'::text[]))", "Rows Removed by Filter": 7721}]}, {"Node Type": "Index Scan", "Parent Relationship": "Inner", "Scan Direction": "Forward", "Index Name": "info_type_pkey", "Relation Name": "info_type", "Alias": "it", "Startup Cost": 0.0, "Total Cost": 0.27, "Plan Rows": 1, "Plan Width": 4, "Actual Min Startup Time": 1.063, "Actual Max Startup Time": 1.063, "Actual Min Total Time": 1.063, "Actual Max Total Time": 1.063, "Actual Total Rows": 669, "Index Cond": "(id = mi.info_type_id)", "Rows Removed by Index Recheck": 0}]}]}, "Triggers": [], "Planner Runtime": 3.836, "Total Runtime": 321.318, "Unique SQL Id": 322094867}}, "(16, 117)": {"explain_plan": {"Plan": {"Node Type": "Aggregate", "Strategy": "Plain", "Startup Cost": 598058.51, "Total Cost": 598058.52, "Plan Rows": 1, "Plan Width": 49, "Plans": [{"Node Type": "Nested Loop", "Parent Relationship": "Outer", "Join Type": "Inner", "Startup Cost": 0.0, "Total Cost": 597230.89, "Plan Rows": 331050, "Plan Width": 17, "Inner Unique": true, "Plans": [{"Node Type": "Nested Loop", "Parent Relationship": "Outer", "Join Type": "Inner", "Startup Cost": 0.0, "Total Cost": 504531.42, "Plan Rows": 331050, "Plan Width": 21, "Inner Unique": false, "Plans": [{"Node Type": "Nested Loop", "Parent Relationship": "Outer", "Join Type": "Inner", "Startup Cost": 0.0, "Total Cost": 246013.35, "Plan Rows": 289936, "Plan Width": 25, "Inner Unique": true, "Plans": [{"Node Type": "Nested Loop", "Parent Relationship": "Outer", "Join Type": "Inner", "Startup Cost": 0.0, "Total Cost": 98814.52, "Plan Rows": 209278, "Plan Width": 4, "Inner Unique": false, "Join Filter": "(ct.id = mc.company_type_id), (LLVM Optimized)", "Plans": [{"Node Type": "Index Scan", "Parent Relationship": "Outer", "Scan Direction": "Forward", "Index Name": "company_type_pkey", "Relation Name": "company_type", "Alias": "ct", "Startup Cost": 0.0, "Total Cost": 12.3, "Plan Rows": 1, "Plan Width": 4, "Filter": "((kind)::text = 'production companies'::text)"}, {"Node Type": "Materialize", "Parent Relationship": "Inner", "Startup Cost": 0.0, "Total Cost": 94616.65, "Plan Rows": 418557, "Plan Width": 8, "Plans": [{"Node Type": "Streaming(type: LOCAL GATHER dop: 1/16)", "Parent Relationship": "Outer", "Startup Cost": 0.0, "Total Cost": 93570.26, "Plan Rows": 418557, "Plan Width": 8, "Plans": [{"Node Type": "Index Scan", "Parent Relationship": "Outer", "Scan Direction": "Forward", "Index Name": "company_type_id_movie_companies", "Relation Name": "movie_companies", "Alias": "mc", "Startup Cost": 0.0, "Total Cost": 84536.95, "Plan Rows": 418557, "Plan Width": 8, "Filter": "(((note)::text !~~ '%(TV)%'::text) AND ((note)::text ~~ '%(USA)%'::text)), (LLVM Optimized)"}]}]}]}, {"Node Type": "Index Scan", "Parent Relationship": "Inner", "Scan Direction": "Forward", "Index Name": "title_pkey", "Relation Name": "title", "Alias": "t", "Startup Cost": 0.0, "Total Cost": 0.69, "Plan Rows": 1, "Plan Width": 21, "Index Cond": "(id = mc.movie_id)", "Filter": "(production_year > 1990)"}]}, {"Node Type": "Index Scan", "Parent Relationship": "Inner", "Scan Direction": "Forward", "Index Name": "movie_id_movie_info", "Relation Name": "movie_info", "Alias": "mi", "Startup Cost": 0.0, "Total Cost": 0.88, "Plan Rows": 1, "Plan Width": 8, "Index Cond": "(movie_id = t.id)", "Filter": "((info)::text = ANY ('{Sweden,Norway,Germany,Denmark,Swedish,Denish,Norwegian,German,USA,American}'::text[]))"}]}, {"Node Type": "Index Scan", "Parent Relationship": "Inner", "Scan Direction": "Forward", "Index Name": "info_type_pkey", "Relation Name": "info_type", "Alias": "it", "Startup Cost": 0.0, "Total Cost": 0.27, "Plan Rows": 1, "Plan Width": 4, "Index Cond": "(id = mi.info_type_id)"}]}]}, "Unique SQL Id": 322094867}, "explain_analyze_plan": {"Plan": {"Node Type": "Aggregate", "Strategy": "Plain", "Startup Cost": 598058.51, "Total Cost": 598058.52, "Plan Rows": 1, "Plan Width": 49, "Actual Min Startup Time": 410.498, "Actual Max Startup Time": 410.498, "Actual Min Total Time": 410.499, "Actual Max Total Time": 410.499, "Actual Total Rows": 1, "Plans": [{"Node Type": "Nested Loop", "Parent Relationship": "Outer", "Join Type": "Inner", "Startup Cost": 0.0, "Total Cost": 597230.89, "Plan Rows": 331050, "Plan Width": 17, "Actual Min Startup Time": 311.847, "Actual Max Startup Time": 311.847, "Actual Min Total Time": 410.148, "Actual Max Total Time": 410.148, "Actual Total Rows": 669, "Inner Unique": true, "Plans": [{"Node Type": "Nested Loop", "Parent Relationship": "Outer", "Join Type": "Inner", "Startup Cost": 0.0, "Total Cost": 504531.42, "Plan Rows": 331050, "Plan Width": 21, "Actual Min Startup Time": 311.838, "Actual Max Startup Time": 311.838, "Actual Min Total Time": 408.54, "Actual Max Total Time": 408.54, "Actual Total Rows": 669, "Inner Unique": false, "Plans": [{"Node Type": "Nested Loop", "Parent Relationship": "Outer", "Join Type": "Inner", "Startup Cost": 0.0, "Total Cost": 246013.35, "Plan Rows": 289936, "Plan Width": 25, "Actual Min Startup Time": 311.797, "Actual Max Startup Time": 311.797, "Actual Min Total Time": 389.441, "Actual Max Total Time": 389.441, "Actual Total Rows": 767, "Inner Unique": true, "Plans": [{"Node Type": "Nested Loop", "Parent Relationship": "Outer", "Join Type": "Inner", "Startup Cost": 0.0, "Total Cost": 98814.52, "Plan Rows": 209278, "Plan Width": 4, "Actual Min Startup Time": 311.75, "Actual Max Startup Time": 311.75, "Actual Min Total Time": 384.409, "Actual Max Total Time": 384.409, "Actual Total Rows": 798, "Inner Unique": false, "Join Filter": "(ct.id = mc.company_type_id), (LLVM Optimized)", "Rows Removed by Join Filter": 294830, "Plans": [{"Node Type": "Index Scan", "Parent Relationship": "Outer", "Scan Direction": "Forward", "Index Name": "company_type_pkey", "Relation Name": "company_type", "Alias": "ct", "Startup Cost": 0.0, "Total Cost": 12.3, "Plan Rows": 1, "Plan Width": 4, "Actual Min Startup Time": 0.041, "Actual Max Startup Time": 0.041, "Actual Min Total Time": 0.047, "Actual Max Total Time": 0.047, "Actual Total Rows": 1, "Filter": "((kind)::text = 'production companies'::text)", "Rows Removed by Filter": 2}, {"Node Type": "Materialize", "Parent Relationship": "Inner", "Startup Cost": 0.0, "Total Cost": 94616.65, "Plan Rows": 418557, "Plan Width": 8, "Actual Min Startup Time": 282.551, "Actual Max Startup Time": 282.551, "Actual Min Total Time": 319.914, "Actual Max Total Time": 319.914, "Actual Total Rows": 295629, "Plans": [{"Node Type": "Streaming(type: LOCAL GATHER dop: 1/16)", "Parent Relationship": "Outer", "Startup Cost": 0.0, "Total Cost": 93570.26, "Plan Rows": 418557, "Plan Width": 8, "Actual Min Startup Time": 80.79, "Actual Max Startup Time": 80.79, "Actual Min Total Time": 240.3, "Actual Max Total Time": 240.3, "Actual Total Rows": 295628, "Plans": [{"Node Type": "Index Scan", "Parent Relationship": "Outer", "Scan Direction": "Forward", "Index Name": "company_type_id_movie_companies", "Relation Name": "movie_companies", "Alias": "mc", "Startup Cost": 0.0, "Total Cost": 84536.95, "Plan Rows": 418557, "Plan Width": 8, "Actual Min Startup Time": 20.209, "Actual Max Startup Time": 41.977, "Actual Min Total Time": 93.2, "Actual Max Total Time": 186.907, "Actual Total Rows": 295628, "Filter": "(((note)::text !~~ '%(TV)%'::text) AND ((note)::text ~~ '%(USA)%'::text)), (LLVM Optimized)", "Rows Removed by Filter": 2313500}]}]}]}, {"Node Type": "Index Scan", "Parent Relationship": "Inner", "Scan Direction": "Forward", "Index Name": "title_pkey", "Relation Name": "title", "Alias": "t", "Startup Cost": 0.0, "Total Cost": 0.69, "Plan Rows": 1, "Plan Width": 21, "Actual Min Startup Time": 4.378, "Actual Max Startup Time": 4.378, "Actual Min Total Time": 4.378, "Actual Max Total Time": 4.378, "Actual Total Rows": 767, "Index Cond": "(id = mc.movie_id)", "Rows Removed by Index Recheck": 0, "Filter": "(production_year > 1990)", "Rows Removed by Filter": 31}]}, {"Node Type": "Index Scan", "Parent Relationship": "Inner", "Scan Direction": "Forward", "Index Name": "movie_id_movie_info", "Relation Name": "movie_info", "Alias": "mi", "Startup Cost": 0.0, "Total Cost": 0.88, "Plan Rows": 1, "Plan Width": 8, "Actual Min Startup Time": 16.146, "Actual Max Startup Time": 16.146, "Actual Min Total Time": 18.521, "Actual Max Total Time": 18.521, "Actual Total Rows": 669, "Index Cond": "(movie_id = t.id)", "Rows Removed by Index Recheck": 0, "Filter": "((info)::text = ANY ('{Sweden,Norway,Germany,Denmark,Swedish,Denish,Norwegian,German,USA,American}'::text[]))", "Rows Removed by Filter": 7721}]}, {"Node Type": "Index Scan", "Parent Relationship": "Inner", "Scan Direction": "Forward", "Index Name": "info_type_pkey", "Relation Name": "info_type", "Alias": "it", "Startup Cost": 0.0, "Total Cost": 0.27, "Plan Rows": 1, "Plan Width": 4, "Actual Min Startup Time": 1.059, "Actual Max Startup Time": 1.059, "Actual Min Total Time": 1.059, "Actual Max Total Time": 1.059, "Actual Total Rows": 669, "Index Cond": "(id = mi.info_type_id)", "Rows Removed by Index Recheck": 0}]}]}, "Triggers": [], "Planner Runtime": 3.844, "Total Runtime": 422.528, "Unique SQL Id": 322094867}}, "(16, 118)": {"explain_plan": {"Plan": {"Node Type": "Aggregate", "Strategy": "Plain", "Startup Cost": 2509762.0, "Total Cost": 2509762.01, "Plan Rows": 1, "Plan Width": 49, "Plans": [{"Node Type": "Nested Loop", "Parent Relationship": "Outer", "Join Type": "Inner", "Startup Cost": 1.14, "Total Cost": 2508934.38, "Plan Rows": 331050, "Plan Width": 17, "Inner Unique": true, "Plans": [{"Node Type": "Nested Loop", "Parent Relationship": "Outer", "Join Type": "Inner", "Startup Cost": 0.83, "Total Cost": 1473374.05, "Plan Rows": 238955, "Plan Width": 8, "Inner Unique": true, "Join Filter": "(mi.info_type_id = it.id), (LLVM Optimized)", "Plans": [{"Node Type": "Nested Loop", "Parent Relationship": "Outer", "Join Type": "Inner", "Startup Cost": 0.83, "Total Cost": 1071927.25, "Plan Rows": 238955, "Plan Width": 12, "Inner Unique": false, "Plans": [{"Node Type": "Nested Loop", "Parent Relationship": "Outer", "Join Type": "Inner", "Startup Cost": 0.0, "Total Cost": 32695.24, "Plan Rows": 209278, "Plan Width": 4, "Inner Unique": false, "Join Filter": "(ct.id = mc.company_type_id), (LLVM Optimized)", "Plans": [{"Node Type": "Seq Scan", "Parent Relationship": "Outer", "Relation Name": "company_type", "Alias": "ct", "Startup Cost": 0.0, "Total Cost": 1.04, "Plan Rows": 1, "Plan Width": 4, "Filter": "((kind)::text = 'production companies'::text)"}, {"Node Type": "Materialize", "Parent Relationship": "Inner", "Startup Cost": 0.0, "Total Cost": 28508.64, "Plan Rows": 418557, "Plan Width": 8, "Plans": [{"Node Type": "Streaming(type: LOCAL GATHER dop: 1/16)", "Parent Relationship": "Outer", "Startup Cost": 0.0, "Total Cost": 27462.24, "Plan Rows": 418557, "Plan Width": 8, "Plans": [{"Node Type": "Seq Scan", "Parent Relationship": "Outer", "Relation Name": "movie_companies", "Alias": "mc", "Startup Cost": 0.0, "Total Cost": 18428.93, "Plan Rows": 418557, "Plan Width": 8, "Filter": "(((note)::text !~~ '%(TV)%'::text) AND ((note)::text ~~ '%(USA)%'::text)), (LLVM Optimized)"}]}]}]}, {"Node Type": "Bitmap Heap Scan", "Parent Relationship": "Inner", "Relation Name": "movie_info", "Alias": "mi", "Startup Cost": 0.83, "Total Cost": 4.96, "Plan Rows": 1, "Plan Width": 8, "Recheck Cond": "(movie_id = mc.movie_id)", "Filter": "((info)::text = ANY ('{Sweden,Norway,Germany,Denmark,Swedish,Denish,Norwegian,German,USA,American}'::text[]))", "Plans": [{"Node Type": "Bitmap Index Scan", "Parent Relationship": "Outer", "Index Name": "movie_id_movie_info", "Startup Cost": 0.0, "Total Cost": 0.83, "Plan Rows": 5, "Plan Width": 0, "Index Cond": "(movie_id = mc.movie_id)"}]}]}, {"Node Type": "Materialize", "Parent Relationship": "Inner", "Startup Cost": 0.0, "Total Cost": 2.68, "Plan Rows": 112, "Plan Width": 4, "Plans": [{"Node Type": "Seq Scan", "Parent Relationship": "Outer", "Relation Name": "info_type", "Alias": "it", "Startup Cost": 0.0, "Total Cost": 2.12, "Plan Rows": 112, "Plan Width": 4}]}]}, {"Node Type": "Bitmap Heap Scan", "Parent Relationship": "Inner", "Relation Name": "title", "Alias": "t", "Startup Cost": 0.31, "Total Cost": 4.32, "Plan Rows": 1, "Plan Width": 21, "Recheck Cond": "(id = mi.movie_id)", "Filter": "(production_year > 1990)", "Plans": [{"Node Type": "Bitmap Index Scan", "Parent Relationship": "Outer", "Index Name": "title_pkey", "Startup Cost": 0.0, "Total Cost": 0.31, "Plan Rows": 1, "Plan Width": 0, "Index Cond": "(id = mi.movie_id)"}]}]}]}, "Unique SQL Id": 322094867}, "explain_analyze_plan": {"Plan": {"Node Type": "Aggregate", "Strategy": "Plain", "Startup Cost": 2509762.0, "Total Cost": 2509762.01, "Plan Rows": 1, "Plan Width": 49, "Actual Min Startup Time": 310.311, "Actual Max Startup Time": 310.311, "Actual Min Total Time": 310.311, "Actual Max Total Time": 310.311, "Actual Total Rows": 1, "Plans": [{"Node Type": "Nested Loop", "Parent Relationship": "Outer", "Join Type": "Inner", "Startup Cost": 1.14, "Total Cost": 2508934.38, "Plan Rows": 331050, "Plan Width": 17, "Actual Min Startup Time": 267.556, "Actual Max Startup Time": 267.556, "Actual Min Total Time": 309.868, "Actual Max Total Time": 309.868, "Actual Total Rows": 669, "Inner Unique": true, "Plans": [{"Node Type": "Nested Loop", "Parent Relationship": "Outer", "Join Type": "Inner", "Startup Cost": 0.83, "Total Cost": 1473374.05, "Plan Rows": 238955, "Plan Width": 8, "Actual Min Startup Time": 267.53, "Actual Max Startup Time": 267.53, "Actual Min Total Time": 304.241, "Actual Max Total Time": 304.241, "Actual Total Rows": 691, "Inner Unique": true, "Join Filter": "(mi.info_type_id = it.id), (LLVM Optimized)", "Rows Removed by Join Filter": 4196, "Plans": [{"Node Type": "Nested Loop", "Parent Relationship": "Outer", "Join Type": "Inner", "Startup Cost": 0.83, "Total Cost": 1071927.25, "Plan Rows": 238955, "Plan Width": 12, "Actual Min Startup Time": 267.472, "Actual Max Startup Time": 267.472, "Actual Min Total Time": 302.51, "Actual Max Total Time": 302.51, "Actual Total Rows": 691, "Inner Unique": false, "Plans": [{"Node Type": "Nested Loop", "Parent Relationship": "Outer", "Join Type": "Inner", "Startup Cost": 0.0, "Total Cost": 32695.24, "Plan Rows": 209278, "Plan Width": 4, "Actual Min Startup Time": 267.347, "Actual Max Startup Time": 267.347, "Actual Min Total Time": 279.561, "Actual Max Total Time": 279.561, "Actual Total Rows": 798, "Inner Unique": false, "Join Filter": "(ct.id = mc.company_type_id), (LLVM Optimized)", "Rows Removed by Join Filter": 294830, "Plans": [{"Node Type": "Seq Scan", "Parent Relationship": "Outer", "Relation Name": "company_type", "Alias": "ct", "Startup Cost": 0.0, "Total Cost": 1.04, "Plan Rows": 1, "Plan Width": 4, "Actual Min Startup Time": 0.046, "Actual Max Startup Time": 0.046, "Actual Min Total Time": 0.052, "Actual Max Total Time": 0.052, "Actual Total Rows": 1, "Filter": "((kind)::text = 'production companies'::text)", "Rows Removed by Filter": 2}, {"Node Type": "Materialize", "Parent Relationship": "Inner", "Startup Cost": 0.0, "Total Cost": 28508.64, "Plan Rows": 418557, "Plan Width": 8, "Actual Min Startup Time": 177.963, "Actual Max Startup Time": 177.963, "Actual Min Total Time": 214.763, "Actual Max Total Time": 214.763, "Actual Total Rows": 295629, "Plans": [{"Node Type": "Streaming(type: LOCAL GATHER dop: 1/16)", "Parent Relationship": "Outer", "Startup Cost": 0.0, "Total Cost": 27462.24, "Plan Rows": 418557, "Plan Width": 8, "Actual Min Startup Time": 42.8, "Actual Max Startup Time": 42.8, "Actual Min Total Time": 135.567, "Actual Max Total Time": 135.567, "Actual Total Rows": 295628, "Plans": [{"Node Type": "Seq Scan", "Parent Relationship": "Outer", "Relation Name": "movie_companies", "Alias": "mc", "Startup Cost": 0.0, "Total Cost": 18428.93, "Plan Rows": 418557, "Plan Width": 8, "Actual Min Startup Time": 0.038, "Actual Max Startup Time": 0.331, "Actual Min Total Time": 70.58, "Actual Max Total Time": 78.521, "Actual Total Rows": 295628, "Filter": "(((note)::text !~~ '%(TV)%'::text) AND ((note)::text ~~ '%(USA)%'::text)), (LLVM Optimized)", "Rows Removed by Filter": 2313500}]}]}]}, {"Node Type": "Bitmap Heap Scan", "Parent Relationship": "Inner", "Relation Name": "movie_info", "Alias": "mi", "Startup Cost": 0.83, "Total Cost": 4.96, "Plan Rows": 1, "Plan Width": 8, "Actual Min Startup Time": 19.628, "Actual Max Startup Time": 19.628, "Actual Min Total Time": 21.652, "Actual Max Total Time": 21.652, "Actual Total Rows": 691, "Recheck Cond": "(movie_id = mc.movie_id)", "Rows Removed by Index Recheck": 0, "Filter": "((info)::text = ANY ('{Sweden,Norway,Germany,Denmark,Swedish,Denish,Norwegian,German,USA,American}'::text[]))", "Rows Removed by Filter": 7906, "Exact Heap Blocks": 6397, "Lossy Heap Blocks": 6397, "Plans": [{"Node Type": "Bitmap Index Scan", "Parent Relationship": "Outer", "Index Name": "movie_id_movie_info", "Startup Cost": 0.0, "Total Cost": 0.83, "Plan Rows": 5, "Plan Width": 0, "Actual Min Startup Time": 5.1, "Actual Max Startup Time": 5.1, "Actual Min Total Time": 5.1, "Actual Max Total Time": 5.1, "Actual Total Rows": 8597, "Index Cond": "(movie_id = mc.movie_id)"}]}]}, {"Node Type": "Materialize", "Parent Relationship": "Inner", "Startup Cost": 0.0, "Total Cost": 2.68, "Plan Rows": 112, "Plan Width": 4, "Actual Min Startup Time": 0.108, "Actual Max Startup Time": 0.108, "Actual Min Total Time": 0.481, "Actual Max Total Time": 0.481, "Actual Total Rows": 4887, "Plans": [{"Node Type": "Seq Scan", "Parent Relationship": "Outer", "Relation Name": "info_type", "Alias": "it", "Startup Cost": 0.0, "Total Cost": 2.12, "Plan Rows": 112, "Plan Width": 4, "Actual Min Startup Time": 0.036, "Actual Max Startup Time": 0.036, "Actual Min Total Time": 0.04, "Actual Max Total Time": 0.04, "Actual Total Rows": 17}]}]}, {"Node Type": "Bitmap Heap Scan", "Parent Relationship": "Inner", "Relation Name": "title", "Alias": "t", "Startup Cost": 0.31, "Total Cost": 4.32, "Plan Rows": 1, "Plan Width": 21, "Actual Min Startup Time": 4.616, "Actual Max Startup Time": 4.616, "Actual Min Total Time": 4.616, "Actual Max Total Time": 4.616, "Actual Total Rows": 669, "Recheck Cond": "(id = mi.movie_id)", "Rows Removed by Index Recheck": 0, "Filter": "(production_year > 1990)", "Rows Removed by Filter": 22, "Exact Heap Blocks": 691, "Lossy Heap Blocks": 691, "Plans": [{"Node Type": "Bitmap Index Scan", "Parent Relationship": "Outer", "Index Name": "title_pkey", "Startup Cost": 0.0, "Total Cost": 0.31, "Plan Rows": 1, "Plan Width": 0, "Actual Min Startup Time": 2.823, "Actual Max Startup Time": 2.823, "Actual Min Total Time": 2.823, "Actual Max Total Time": 2.823, "Actual Total Rows": 691, "Index Cond": "(id = mi.movie_id)"}]}]}]}, "Triggers": [], "Planner Runtime": 5.221, "Total Runtime": 322.955, "Unique SQL Id": 322094867}}, "(16, 119)": {"explain_plan": {"Plan": {"Node Type": "Aggregate", "Strategy": "Plain", "Startup Cost": 2546736.36, "Total Cost": 2546736.37, "Plan Rows": 1, "Plan Width": 49, "Plans": [{"Node Type": "Nested Loop", "Parent Relationship": "Outer", "Join Type": "Inner", "Startup Cost": 29015.04, "Total Cost": 2545908.74, "Plan Rows": 331050, "Plan Width": 17, "Inner Unique": true, "Plans": [{"Node Type": "Nested Loop", "Parent Relationship": "Outer", "Join Type": "Inner", "Startup Cost": 29014.73, "Total Cost": 1510348.4, "Plan Rows": 238955, "Plan Width": 8, "Inner Unique": true, "Join Filter": "(mi.info_type_id = it.id), (LLVM Optimized)", "Plans": [{"Node Type": "Nested Loop", "Parent Relationship": "Outer", "Join Type": "Inner", "Startup Cost": 29005.9, "Total Cost": 1108889.77, "Plan Rows": 238955, "Plan Width": 12, "Inner Unique": false, "Plans": [{"Node Type": "Nested Loop", "Parent Relationship": "Outer", "Join Type": "Inner", "Startup Cost": 29005.06, "Total Cost": 69657.76, "Plan Rows": 209278, "Plan Width": 4, "Inner Unique": false, "Plans": [{"Node Type": "Bitmap Heap Scan", "Parent Relationship": "Outer", "Relation Name": "company_type", "Alias": "ct", "Startup Cost": 8.27, "Total Cost": 12.3, "Plan Rows": 1, "Plan Width": 4, "Filter": "((kind)::text = 'production companies'::text)", "Plans": [{"Node Type": "Bitmap Index Scan", "Parent Relationship": "Outer", "Index Name": "company_type_pkey", "Startup Cost": 0.0, "Total Cost": 8.27, "Plan Rows": 3, "Plan Width": 0}]}, {"Node Type": "Bitmap Heap Scan", "Parent Relationship": "Inner", "Relation Name": "movie_companies", "Alias": "mc", "Startup Cost": 28996.8, "Total Cost": 67552.67, "Plan Rows": 209279, "Plan Width": 8, "Recheck Cond": "(company_type_id = ct.id), (LLVM Optimized)", "Filter": "(((note)::text !~~ '%(TV)%'::text) AND ((note)::text ~~ '%(USA)%'::text)), (LLVM Optimized)", "Plans": [{"Node Type": "Bitmap Index Scan", "Parent Relationship": "Outer", "Index Name": "company_type_id_movie_companies", "Startup Cost": 0.0, "Total Cost": 28944.48, "Plan Rows": 1304564, "Plan Width": 0, "Index Cond": "(company_type_id = ct.id)"}]}]}, {"Node Type": "Bitmap Heap Scan", "Parent Relationship": "Inner", "Relation Name": "movie_info", "Alias": "mi", "Startup Cost": 0.83, "Total Cost": 4.96, "Plan Rows": 1, "Plan Width": 8, "Recheck Cond": "(movie_id = mc.movie_id)", "Filter": "((info)::text = ANY ('{Sweden,Norway,Germany,Denmark,Swedish,Denish,Norwegian,German,USA,American}'::text[]))", "Plans": [{"Node Type": "Bitmap Index Scan", "Parent Relationship": "Outer", "Index Name": "movie_id_movie_info", "Startup Cost": 0.0, "Total Cost": 0.83, "Plan Rows": 5, "Plan Width": 0, "Index Cond": "(movie_id = mc.movie_id)"}]}]}, {"Node Type": "Materialize", "Parent Relationship": "Inner", "Startup Cost": 8.84, "Total Cost": 14.52, "Plan Rows": 112, "Plan Width": 4, "Plans": [{"Node Type": "Bitmap Heap Scan", "Parent Relationship": "Outer", "Relation Name": "info_type", "Alias": "it", "Startup Cost": 8.84, "Total Cost": 13.96, "Plan Rows": 112, "Plan Width": 4, "Plans": [{"Node Type": "Bitmap Index Scan", "Parent Relationship": "Outer", "Index Name": "info_type_pkey", "Startup Cost": 0.0, "Total Cost": 8.81, "Plan Rows": 112, "Plan Width": 0}]}]}]}, {"Node Type": "Bitmap Heap Scan", "Parent Relationship": "Inner", "Relation Name": "title", "Alias": "t", "Startup Cost": 0.31, "Total Cost": 4.32, "Plan Rows": 1, "Plan Width": 21, "Recheck Cond": "(id = mi.movie_id)", "Filter": "(production_year > 1990)", "Plans": [{"Node Type": "Bitmap Index Scan", "Parent Relationship": "Outer", "Index Name": "title_pkey", "Startup Cost": 0.0, "Total Cost": 0.31, "Plan Rows": 1, "Plan Width": 0, "Index Cond": "(id = mi.movie_id)"}]}]}]}, "Unique SQL Id": 322094867}, "explain_analyze_plan": {"Plan": {"Node Type": "Aggregate", "Strategy": "Plain", "Startup Cost": 2546736.36, "Total Cost": 2546736.37, "Plan Rows": 1, "Plan Width": 49, "Actual Startup Time": 653.165, "Actual Total Time": 653.166, "Actual Rows": 1, "Actual Loops": 1, "Plans": [{"Node Type": "Nested Loop", "Parent Relationship": "Outer", "Join Type": "Inner", "Startup Cost": 29015.04, "Total Cost": 2545908.74, "Plan Rows": 331050, "Plan Width": 17, "Actual Startup Time": 170.6, "Actual Total Time": 652.494, "Actual Rows": 669, "Actual Loops": 1, "Inner Unique": true, "Plans": [{"Node Type": "Nested Loop", "Parent Relationship": "Outer", "Join Type": "Inner", "Startup Cost": 29014.73, "Total Cost": 1510348.4, "Plan Rows": 238955, "Plan Width": 8, "Actual Startup Time": 170.574, "Actual Total Time": 646.362, "Actual Rows": 691, "Actual Loops": 1, "Inner Unique": true, "Join Filter": "(mi.info_type_id = it.id), (LLVM Optimized)", "Rows Removed by Join Filter": 4196, "Plans": [{"Node Type": "Nested Loop", "Parent Relationship": "Outer", "Join Type": "Inner", "Startup Cost": 29005.9, "Total Cost": 1108889.77, "Plan Rows": 238955, "Plan Width": 12, "Actual Startup Time": 170.504, "Actual Total Time": 644.429, "Actual Rows": 691, "Actual Loops": 1, "Inner Unique": false, "Plans": [{"Node Type": "Nested Loop", "Parent Relationship": "Outer", "Join Type": "Inner", "Startup Cost": 29005.06, "Total Cost": 69657.76, "Plan Rows": 209278, "Plan Width": 4, "Actual Startup Time": 170.432, "Actual Total Time": 619.468, "Actual Rows": 798, "Actual Loops": 1, "Inner Unique": false, "Plans": [{"Node Type": "Bitmap Heap Scan", "Parent Relationship": "Outer", "Relation Name": "company_type", "Alias": "ct", "Startup Cost": 8.27, "Total Cost": 12.3, "Plan Rows": 1, "Plan Width": 4, "Actual Startup Time": 0.044, "Actual Total Time": 0.047, "Actual Rows": 1, "Actual Loops": 1, "Filter": "((kind)::text = 'production companies'::text)", "Rows Removed by Filter": 2, "Exact Heap Blocks": 1, "Lossy Heap Blocks": 1, "Plans": [{"Node Type": "Bitmap Index Scan", "Parent Relationship": "Outer", "Index Name": "company_type_pkey", "Startup Cost": 0.0, "Total Cost": 8.27, "Plan Rows": 3, "Plan Width": 0, "Actual Startup Time": 0.017, "Actual Total Time": 0.017, "Actual Rows": 3, "Actual Loops": 1}]}, {"Node Type": "Bitmap Heap Scan", "Parent Relationship": "Inner", "Relation Name": "movie_companies", "Alias": "mc", "Startup Cost": 28996.8, "Total Cost": 67552.67, "Plan Rows": 209279, "Plan Width": 8, "Actual Startup Time": 170.379, "Actual Total Time": 619.179, "Actual Rows": 798, "Actual Loops": 1, "Recheck Cond": "(company_type_id = ct.id), (LLVM Optimized)", "Rows Removed by Index Recheck": 0, "Filter": "(((note)::text !~~ '%(TV)%'::text) AND ((note)::text ~~ '%(USA)%'::text)), (LLVM Optimized)", "Rows Removed by Filter": 1334085, "Exact Heap Blocks": 6196, "Lossy Heap Blocks": 6196, "Plans": [{"Node Type": "Bitmap Index Scan", "Parent Relationship": "Outer", "Index Name": "company_type_id_movie_companies", "Startup Cost": 0.0, "Total Cost": 28944.48, "Plan Rows": 1304564, "Plan Width": 0, "Actual Startup Time": 163.448, "Actual Total Time": 163.448, "Actual Rows": 1334883, "Actual Loops": 1, "Index Cond": "(company_type_id = ct.id)"}]}]}, {"Node Type": "Bitmap Heap Scan", "Parent Relationship": "Inner", "Relation Name": "movie_info", "Alias": "mi", "Startup Cost": 0.83, "Total Cost": 4.96, "Plan Rows": 1, "Plan Width": 8, "Actual Startup Time": 21.112, "Actual Total Time": 23.239, "Actual Rows": 691, "Actual Loops": 798, "Recheck Cond": "(movie_id = mc.movie_id)", "Rows Removed by Index Recheck": 0, "Filter": "((info)::text = ANY ('{Sweden,Norway,Germany,Denmark,Swedish,Denish,Norwegian,German,USA,American}'::text[]))", "Rows Removed by Filter": 7906, "Exact Heap Blocks": 6397, "Lossy Heap Blocks": 6397, "Plans": [{"Node Type": "Bitmap Index Scan", "Parent Relationship": "Outer", "Index Name": "movie_id_movie_info", "Startup Cost": 0.0, "Total Cost": 0.83, "Plan Rows": 5, "Plan Width": 0, "Actual Startup Time": 5.59, "Actual Total Time": 5.59, "Actual Rows": 8597, "Actual Loops": 798, "Index Cond": "(movie_id = mc.movie_id)"}]}]}, {"Node Type": "Materialize", "Parent Relationship": "Inner", "Startup Cost": 8.84, "Total Cost": 14.52, "Plan Rows": 112, "Plan Width": 4, "Actual Startup Time": 0.153, "Actual Total Time": 0.492, "Actual Rows": 4887, "Actual Loops": 691, "Plans": [{"Node Type": "Bitmap Heap Scan", "Parent Relationship": "Outer", "Relation Name": "info_type", "Alias": "it", "Startup Cost": 8.84, "Total Cost": 13.96, "Plan Rows": 112, "Plan Width": 4, "Actual Startup Time": 0.041, "Actual Total Time": 0.044, "Actual Rows": 17, "Actual Loops": 1, "Exact Heap Blocks": 1, "Lossy Heap Blocks": 1, "Plans": [{"Node Type": "Bitmap Index Scan", "Parent Relationship": "Outer", "Index Name": "info_type_pkey", "Startup Cost": 0.0, "Total Cost": 8.81, "Plan Rows": 112, "Plan Width": 0, "Actual Startup Time": 0.013, "Actual Total Time": 0.013, "Actual Rows": 112, "Actual Loops": 1}]}]}]}, {"Node Type": "Bitmap Heap Scan", "Parent Relationship": "Inner", "Relation Name": "title", "Alias": "t", "Startup Cost": 0.31, "Total Cost": 4.32, "Plan Rows": 1, "Plan Width": 21, "Actual Startup Time": 4.903, "Actual Total Time": 4.903, "Actual Rows": 669, "Actual Loops": 691, "Recheck Cond": "(id = mi.movie_id)", "Rows Removed by Index Recheck": 0, "Filter": "(production_year > 1990)", "Rows Removed by Filter": 22, "Exact Heap Blocks": 691, "Lossy Heap Blocks": 691, "Plans": [{"Node Type": "Bitmap Index Scan", "Parent Relationship": "Outer", "Index Name": "title_pkey", "Startup Cost": 0.0, "Total Cost": 0.31, "Plan Rows": 1, "Plan Width": 0, "Actual Startup Time": 3.007, "Actual Total Time": 3.007, "Actual Rows": 691, "Actual Loops": 691, "Index Cond": "(id = mi.movie_id)"}]}]}]}, "Triggers": [], "Planner Runtime": 3.534, "Total Runtime": 662.856, "Unique SQL Id": 322094867}}, "(16, 120)": {"explain_plan": {"Plan": {"Node Type": "Aggregate", "Strategy": "Plain", "Startup Cost": 531937.41, "Total Cost": 531937.42, "Plan Rows": 1, "Plan Width": 49, "Plans": [{"Node Type": "Nested Loop", "Parent Relationship": "Outer", "Join Type": "Inner", "Startup Cost": 0.0, "Total Cost": 531109.78, "Plan Rows": 331050, "Plan Width": 17, "Inner Unique": true, "Plans": [{"Node Type": "Nested Loop", "Parent Relationship": "Outer", "Join Type": "Inner", "Startup Cost": 0.0, "Total Cost": 438412.14, "Plan Rows": 331050, "Plan Width": 21, "Inner Unique": false, "Plans": [{"Node Type": "Nested Loop", "Parent Relationship": "Outer", "Join Type": "Inner", "Startup Cost": 0.0, "Total Cost": 179894.07, "Plan Rows": 289936, "Plan Width": 25, "Inner Unique": true, "Plans": [{"Node Type": "Nested Loop", "Parent Relationship": "Outer", "Join Type": "Inner", "Startup Cost": 0.0, "Total Cost": 32695.24, "Plan Rows": 209278, "Plan Width": 4, "Inner Unique": false, "Join Filter": "(ct.id = mc.company_type_id), (LLVM Optimized)", "Plans": [{"Node Type": "Seq Scan", "Parent Relationship": "Outer", "Relation Name": "company_type", "Alias": "ct", "Startup Cost": 0.0, "Total Cost": 1.04, "Plan Rows": 1, "Plan Width": 4, "Filter": "((kind)::text = 'production companies'::text)"}, {"Node Type": "Materialize", "Parent Relationship": "Inner", "Startup Cost": 0.0, "Total Cost": 28508.64, "Plan Rows": 418557, "Plan Width": 8, "Plans": [{"Node Type": "Streaming(type: LOCAL GATHER dop: 1/16)", "Parent Relationship": "Outer", "Startup Cost": 0.0, "Total Cost": 27462.24, "Plan Rows": 418557, "Plan Width": 8, "Plans": [{"Node Type": "Seq Scan", "Parent Relationship": "Outer", "Relation Name": "movie_companies", "Alias": "mc", "Startup Cost": 0.0, "Total Cost": 18428.93, "Plan Rows": 418557, "Plan Width": 8, "Filter": "(((note)::text !~~ '%(TV)%'::text) AND ((note)::text ~~ '%(USA)%'::text)), (LLVM Optimized)"}]}]}]}, {"Node Type": "Index Scan", "Parent Relationship": "Inner", "Scan Direction": "Forward", "Index Name": "title_pkey", "Relation Name": "title", "Alias": "t", "Startup Cost": 0.0, "Total Cost": 0.69, "Plan Rows": 1, "Plan Width": 21, "Index Cond": "(id = mc.movie_id)", "Filter": "(production_year > 1990)"}]}, {"Node Type": "Index Scan", "Parent Relationship": "Inner", "Scan Direction": "Forward", "Index Name": "movie_id_movie_info", "Relation Name": "movie_info", "Alias": "mi", "Startup Cost": 0.0, "Total Cost": 0.88, "Plan Rows": 1, "Plan Width": 8, "Index Cond": "(movie_id = t.id)", "Filter": "((info)::text = ANY ('{Sweden,Norway,Germany,Denmark,Swedish,Denish,Norwegian,German,USA,American}'::text[]))"}]}, {"Node Type": "Index Only Scan", "Parent Relationship": "Inner", "Scan Direction": "Forward", "Index Name": "info_type_pkey", "Relation Name": "info_type", "Alias": "it", "Startup Cost": 0.0, "Total Cost": 0.27, "Plan Rows": 1, "Plan Width": 4, "Index Cond": "(id = mi.info_type_id)"}]}]}, "Unique SQL Id": 322094867}, "explain_analyze_plan": {"Plan": {"Node Type": "Aggregate", "Strategy": "Plain", "Startup Cost": 531937.41, "Total Cost": 531937.42, "Plan Rows": 1, "Plan Width": 49, "Actual Min Startup Time": 313.252, "Actual Max Startup Time": 313.252, "Actual Min Total Time": 313.253, "Actual Max Total Time": 313.253, "Actual Total Rows": 1, "Plans": [{"Node Type": "Nested Loop", "Parent Relationship": "Outer", "Join Type": "Inner", "Startup Cost": 0.0, "Total Cost": 531109.78, "Plan Rows": 331050, "Plan Width": 17, "Actual Min Startup Time": 276.764, "Actual Max Startup Time": 276.764, "Actual Min Total Time": 312.896, "Actual Max Total Time": 312.896, "Actual Total Rows": 669, "Inner Unique": true, "Plans": [{"Node Type": "Nested Loop", "Parent Relationship": "Outer", "Join Type": "Inner", "Startup Cost": 0.0, "Total Cost": 438412.14, "Plan Rows": 331050, "Plan Width": 21, "Actual Min Startup Time": 276.753, "Actual Max Startup Time": 276.753, "Actual Min Total Time": 311.787, "Actual Max Total Time": 311.787, "Actual Total Rows": 669, "Inner Unique": false, "Plans": [{"Node Type": "Nested Loop", "Parent Relationship": "Outer", "Join Type": "Inner", "Startup Cost": 0.0, "Total Cost": 179894.07, "Plan Rows": 289936, "Plan Width": 25, "Actual Min Startup Time": 276.71, "Actual Max Startup Time": 276.71, "Actual Min Total Time": 293.869, "Actual Max Total Time": 293.869, "Actual Total Rows": 767, "Inner Unique": true, "Plans": [{"Node Type": "Nested Loop", "Parent Relationship": "Outer", "Join Type": "Inner", "Startup Cost": 0.0, "Total Cost": 32695.24, "Plan Rows": 209278, "Plan Width": 4, "Actual Min Startup Time": 276.64, "Actual Max Startup Time": 276.64, "Actual Min Total Time": 289.038, "Actual Max Total Time": 289.038, "Actual Total Rows": 798, "Inner Unique": false, "Join Filter": "(ct.id = mc.company_type_id), (LLVM Optimized)", "Rows Removed by Join Filter": 294830, "Plans": [{"Node Type": "Seq Scan", "Parent Relationship": "Outer", "Relation Name": "company_type", "Alias": "ct", "Startup Cost": 0.0, "Total Cost": 1.04, "Plan Rows": 1, "Plan Width": 4, "Actual Min Startup Time": 0.048, "Actual Max Startup Time": 0.048, "Actual Min Total Time": 0.053, "Actual Max Total Time": 0.053, "Actual Total Rows": 1, "Filter": "((kind)::text = 'production companies'::text)", "Rows Removed by Filter": 2}, {"Node Type": "Materialize", "Parent Relationship": "Inner", "Startup Cost": 0.0, "Total Cost": 28508.64, "Plan Rows": 418557, "Plan Width": 8, "Actual Min Startup Time": 187.377, "Actual Max Startup Time": 187.377, "Actual Min Total Time": 224.164, "Actual Max Total Time": 224.164, "Actual Total Rows": 295629, "Plans": [{"Node Type": "Streaming(type: LOCAL GATHER dop: 1/16)", "Parent Relationship": "Outer", "Startup Cost": 0.0, "Total Cost": 27462.24, "Plan Rows": 418557, "Plan Width": 8, "Actual Min Startup Time": 46.378, "Actual Max Startup Time": 46.378, "Actual Min Total Time": 145.013, "Actual Max Total Time": 145.013, "Actual Total Rows": 295628, "Plans": [{"Node Type": "Seq Scan", "Parent Relationship": "Outer", "Relation Name": "movie_companies", "Alias": "mc", "Startup Cost": 0.0, "Total Cost": 18428.93, "Plan Rows": 418557, "Plan Width": 8, "Actual Min Startup Time": 0.035, "Actual Max Startup Time": 0.305, "Actual Min Total Time": 70.621, "Actual Max Total Time": 78.478, "Actual Total Rows": 295628, "Filter": "(((note)::text !~~ '%(TV)%'::text) AND ((note)::text ~~ '%(USA)%'::text)), (LLVM Optimized)", "Rows Removed by Filter": 2313500}]}]}]}, {"Node Type": "Index Scan", "Parent Relationship": "Inner", "Scan Direction": "Forward", "Index Name": "title_pkey", "Relation Name": "title", "Alias": "t", "Startup Cost": 0.0, "Total Cost": 0.69, "Plan Rows": 1, "Plan Width": 21, "Actual Min Startup Time": 4.172, "Actual Max Startup Time": 4.172, "Actual Min Total Time": 4.172, "Actual Max Total Time": 4.172, "Actual Total Rows": 767, "Index Cond": "(id = mc.movie_id)", "Rows Removed by Index Recheck": 0, "Filter": "(production_year > 1990)", "Rows Removed by Filter": 31}]}, {"Node Type": "Index Scan", "Parent Relationship": "Inner", "Scan Direction": "Forward", "Index Name": "movie_id_movie_info", "Relation Name": "movie_info", "Alias": "mi", "Startup Cost": 0.0, "Total Cost": 0.88, "Plan Rows": 1, "Plan Width": 8, "Actual Min Startup Time": 15.072, "Actual Max Startup Time": 15.072, "Actual Min Total Time": 17.367, "Actual Max Total Time": 17.367, "Actual Total Rows": 669, "Index Cond": "(movie_id = t.id)", "Rows Removed by Index Recheck": 0, "Filter": "((info)::text = ANY ('{Sweden,Norway,Germany,Denmark,Swedish,Denish,Norwegian,German,USA,American}'::text[]))", "Rows Removed by Filter": 7721}]}, {"Node Type": "Index Only Scan", "Parent Relationship": "Inner", "Scan Direction": "Forward", "Index Name": "info_type_pkey", "Relation Name": "info_type", "Alias": "it", "Startup Cost": 0.0, "Total Cost": 0.27, "Plan Rows": 1, "Plan Width": 4, "Actual Min Startup Time": 0.625, "Actual Max Startup Time": 0.625, "Actual Min Total Time": 0.625, "Actual Max Total Time": 0.625, "Actual Total Rows": 669, "Index Cond": "(id = mi.info_type_id)", "Rows Removed by Index Recheck": 0, "Heap Fetches": 0}]}]}, "Triggers": [], "Planner Runtime": 3.77, "Total Runtime": 325.424, "Unique SQL Id": 322094867}}, "(16, 121)": {"explain_plan": {"Plan": {"Node Type": "Aggregate", "Strategy": "Plain", "Startup Cost": 598056.69, "Total Cost": 598056.7, "Plan Rows": 1, "Plan Width": 49, "Plans": [{"Node Type": "Nested Loop", "Parent Relationship": "Outer", "Join Type": "Inner", "Startup Cost": 0.0, "Total Cost": 597229.06, "Plan Rows": 331050, "Plan Width": 17, "Inner Unique": true, "Plans": [{"Node Type": "Nested Loop", "Parent Relationship": "Outer", "Join Type": "Inner", "Startup Cost": 0.0, "Total Cost": 504531.42, "Plan Rows": 331050, "Plan Width": 21, "Inner Unique": false, "Plans": [{"Node Type": "Nested Loop", "Parent Relationship": "Outer", "Join Type": "Inner", "Startup Cost": 0.0, "Total Cost": 246013.35, "Plan Rows": 289936, "Plan Width": 25, "Inner Unique": true, "Plans": [{"Node Type": "Nested Loop", "Parent Relationship": "Outer", "Join Type": "Inner", "Startup Cost": 0.0, "Total Cost": 98814.52, "Plan Rows": 209278, "Plan Width": 4, "Inner Unique": false, "Join Filter": "(ct.id = mc.company_type_id), (LLVM Optimized)", "Plans": [{"Node Type": "Index Scan", "Parent Relationship": "Outer", "Scan Direction": "Forward", "Index Name": "company_type_pkey", "Relation Name": "company_type", "Alias": "ct", "Startup Cost": 0.0, "Total Cost": 12.3, "Plan Rows": 1, "Plan Width": 4, "Filter": "((kind)::text = 'production companies'::text)"}, {"Node Type": "Materialize", "Parent Relationship": "Inner", "Startup Cost": 0.0, "Total Cost": 94616.65, "Plan Rows": 418557, "Plan Width": 8, "Plans": [{"Node Type": "Streaming(type: LOCAL GATHER dop: 1/16)", "Parent Relationship": "Outer", "Startup Cost": 0.0, "Total Cost": 93570.26, "Plan Rows": 418557, "Plan Width": 8, "Plans": [{"Node Type": "Index Scan", "Parent Relationship": "Outer", "Scan Direction": "Forward", "Index Name": "company_type_id_movie_companies", "Relation Name": "movie_companies", "Alias": "mc", "Startup Cost": 0.0, "Total Cost": 84536.95, "Plan Rows": 418557, "Plan Width": 8, "Filter": "(((note)::text !~~ '%(TV)%'::text) AND ((note)::text ~~ '%(USA)%'::text)), (LLVM Optimized)"}]}]}]}, {"Node Type": "Index Scan", "Parent Relationship": "Inner", "Scan Direction": "Forward", "Index Name": "title_pkey", "Relation Name": "title", "Alias": "t", "Startup Cost": 0.0, "Total Cost": 0.69, "Plan Rows": 1, "Plan Width": 21, "Index Cond": "(id = mc.movie_id)", "Filter": "(production_year > 1990)"}]}, {"Node Type": "Index Scan", "Parent Relationship": "Inner", "Scan Direction": "Forward", "Index Name": "movie_id_movie_info", "Relation Name": "movie_info", "Alias": "mi", "Startup Cost": 0.0, "Total Cost": 0.88, "Plan Rows": 1, "Plan Width": 8, "Index Cond": "(movie_id = t.id)", "Filter": "((info)::text = ANY ('{Sweden,Norway,Germany,Denmark,Swedish,Denish,Norwegian,German,USA,American}'::text[]))"}]}, {"Node Type": "Index Only Scan", "Parent Relationship": "Inner", "Scan Direction": "Forward", "Index Name": "info_type_pkey", "Relation Name": "info_type", "Alias": "it", "Startup Cost": 0.0, "Total Cost": 0.27, "Plan Rows": 1, "Plan Width": 4, "Index Cond": "(id = mi.info_type_id)"}]}]}, "Unique SQL Id": 322094867}, "explain_analyze_plan": {"Plan": {"Node Type": "Aggregate", "Strategy": "Plain", "Startup Cost": 598056.69, "Total Cost": 598056.7, "Plan Rows": 1, "Plan Width": 49, "Actual Min Startup Time": 399.724, "Actual Max Startup Time": 399.724, "Actual Min Total Time": 399.725, "Actual Max Total Time": 399.725, "Actual Total Rows": 1, "Plans": [{"Node Type": "Nested Loop", "Parent Relationship": "Outer", "Join Type": "Inner", "Startup Cost": 0.0, "Total Cost": 597229.06, "Plan Rows": 331050, "Plan Width": 17, "Actual Min Startup Time": 302.371, "Actual Max Startup Time": 302.371, "Actual Min Total Time": 399.329, "Actual Max Total Time": 399.329, "Actual Total Rows": 669, "Inner Unique": true, "Plans": [{"Node Type": "Nested Loop", "Parent Relationship": "Outer", "Join Type": "Inner", "Startup Cost": 0.0, "Total Cost": 504531.42, "Plan Rows": 331050, "Plan Width": 21, "Actual Min Startup Time": 302.36, "Actual Max Startup Time": 302.36, "Actual Min Total Time": 398.227, "Actual Max Total Time": 398.227, "Actual Total Rows": 669, "Inner Unique": false, "Plans": [{"Node Type": "Nested Loop", "Parent Relationship": "Outer", "Join Type": "Inner", "Startup Cost": 0.0, "Total Cost": 246013.35, "Plan Rows": 289936, "Plan Width": 25, "Actual Min Startup Time": 302.318, "Actual Max Startup Time": 302.318, "Actual Min Total Time": 380.455, "Actual Max Total Time": 380.455, "Actual Total Rows": 767, "Inner Unique": true, "Plans": [{"Node Type": "Nested Loop", "Parent Relationship": "Outer", "Join Type": "Inner", "Startup Cost": 0.0, "Total Cost": 98814.52, "Plan Rows": 209278, "Plan Width": 4, "Actual Min Startup Time": 302.258, "Actual Max Startup Time": 302.258, "Actual Min Total Time": 375.677, "Actual Max Total Time": 375.677, "Actual Total Rows": 798, "Inner Unique": false, "Join Filter": "(ct.id = mc.company_type_id), (LLVM Optimized, Jit Execute)", "Rows Removed by Join Filter": 294830, "Plans": [{"Node Type": "Index Scan", "Parent Relationship": "Outer", "Scan Direction": "Forward", "Index Name": "company_type_pkey", "Relation Name": "company_type", "Alias": "ct", "Startup Cost": 0.0, "Total Cost": 12.3, "Plan Rows": 1, "Plan Width": 4, "Actual Min Startup Time": 0.044, "Actual Max Startup Time": 0.044, "Actual Min Total Time": 0.05, "Actual Max Total Time": 0.05, "Actual Total Rows": 1, "Filter": "((kind)::text = 'production companies'::text)", "Rows Removed by Filter": 2}, {"Node Type": "Materialize", "Parent Relationship": "Inner", "Startup Cost": 0.0, "Total Cost": 94616.65, "Plan Rows": 418557, "Plan Width": 8, "Actual Min Startup Time": 273.752, "Actual Max Startup Time": 273.752, "Actual Min Total Time": 311.268, "Actual Max Total Time": 311.268, "Actual Total Rows": 295629, "Plans": [{"Node Type": "Streaming(type: LOCAL GATHER dop: 1/16)", "Parent Relationship": "Outer", "Startup Cost": 0.0, "Total Cost": 93570.26, "Plan Rows": 418557, "Plan Width": 8, "Actual Min Startup Time": 69.494, "Actual Max Startup Time": 69.494, "Actual Min Total Time": 230.884, "Actual Max Total Time": 230.884, "Actual Total Rows": 295628, "Plans": [{"Node Type": "Index Scan", "Parent Relationship": "Outer", "Scan Direction": "Forward", "Index Name": "company_type_id_movie_companies", "Relation Name": "movie_companies", "Alias": "mc", "Startup Cost": 0.0, "Total Cost": 84536.95, "Plan Rows": 418557, "Plan Width": 8, "Actual Min Startup Time": 14.696, "Actual Max Startup Time": 32.834, "Actual Min Total Time": 91.711, "Actual Max Total Time": 179.361, "Actual Total Rows": 295628, "Filter": "(((note)::text !~~ '%(TV)%'::text) AND ((note)::text ~~ '%(USA)%'::text)), (LLVM Optimized, Jit Execute)", "Rows Removed by Filter": 2313500}]}]}]}, {"Node Type": "Index Scan", "Parent Relationship": "Inner", "Scan Direction": "Forward", "Index Name": "title_pkey", "Relation Name": "title", "Alias": "t", "Startup Cost": 0.0, "Total Cost": 0.69, "Plan Rows": 1, "Plan Width": 21, "Actual Min Startup Time": 4.129, "Actual Max Startup Time": 4.129, "Actual Min Total Time": 4.129, "Actual Max Total Time": 4.129, "Actual Total Rows": 767, "Index Cond": "(id = mc.movie_id)", "Rows Removed by Index Recheck": 0, "Filter": "(production_year > 1990)", "Rows Removed by Filter": 31}]}, {"Node Type": "Index Scan", "Parent Relationship": "Inner", "Scan Direction": "Forward", "Index Name": "movie_id_movie_info", "Relation Name": "movie_info", "Alias": "mi", "Startup Cost": 0.0, "Total Cost": 0.88, "Plan Rows": 1, "Plan Width": 8, "Actual Min Startup Time": 14.924, "Actual Max Startup Time": 14.924, "Actual Min Total Time": 17.173, "Actual Max Total Time": 17.173, "Actual Total Rows": 669, "Index Cond": "(movie_id = t.id)", "Rows Removed by Index Recheck": 0, "Filter": "((info)::text = ANY ('{Sweden,Norway,Germany,Denmark,Swedish,Denish,Norwegian,German,USA,American}'::text[]))", "Rows Removed by Filter": 7721}]}, {"Node Type": "Index Only Scan", "Parent Relationship": "Inner", "Scan Direction": "Forward", "Index Name": "info_type_pkey", "Relation Name": "info_type", "Alias": "it", "Startup Cost": 0.0, "Total Cost": 0.27, "Plan Rows": 1, "Plan Width": 4, "Actual Min Startup Time": 0.636, "Actual Max Startup Time": 0.636, "Actual Min Total Time": 0.636, "Actual Max Total Time": 0.636, "Actual Total Rows": 669, "Index Cond": "(id = mi.info_type_id)", "Rows Removed by Index Recheck": 0, "Heap Fetches": 0}]}]}, "Triggers": [], "Planner Runtime": 3.744, "Total Runtime": 411.618, "Unique SQL Id": 322094867}}, "(16, 122)": {"explain_plan": {"Plan": {"Node Type": "Aggregate", "Strategy": "Plain", "Startup Cost": 33602537.2, "Total Cost": 33602537.22, "Plan Rows": 1, "Plan Width": 49, "Plans": [{"Node Type": "Streaming(type: LOCAL GATHER dop: 1/16)", "Parent Relationship": "Outer", "Startup Cost": 33602537.2, "Total Cost": 33602537.22, "Plan Rows": 1, "Plan Width": 49, "Plans": [{"Node Type": "Aggregate", "Strategy": "Plain", "Parent Relationship": "Outer", "Startup Cost": 33602537.2, "Total Cost": 33602537.21, "Plan Rows": 1, "Plan Width": 49, "Plans": [{"Node Type": "Nested Loop", "Parent Relationship": "Outer", "Join Type": "Inner", "Startup Cost": 0.0, "Total Cost": 33601709.57, "Plan Rows": 331050, "Plan Width": 17, "Inner Unique": false, "Join Filter": "(mi.movie_id = t.id), (LLVM Optimized)", "Plans": [{"Node Type": "Streaming(type: LOCAL REDISTRIBUTE dop: 16/16)", "Parent Relationship": "Outer", "Startup Cost": 0.0, "Total Cost": 40775.83, "Plan Rows": 1748840, "Plan Width": 21, "Plans": [{"Node Type": "Seq Scan", "Parent Relationship": "Outer", "Relation Name": "title", "Alias": "t", "Startup Cost": 0.0, "Total Cost": 19149.37, "Plan Rows": 1748840, "Plan Width": 21, "Filter": "(production_year > 1990), (LLVM Optimized)"}]}, {"Node Type": "Materialize", "Parent Relationship": "Inner", "Startup Cost": 0.0, "Total Cost": 9074990.87, "Plan Rows": 238955, "Plan Width": 8, "Plans": [{"Node Type": "Streaming(type: LOCAL REDISTRIBUTE dop: 16/16)", "Parent Relationship": "Outer", "Startup Cost": 0.0, "Total Cost": 9074916.2, "Plan Rows": 238955, "Plan Width": 8, "Plans": [{"Node Type": "Nested Loop", "Parent Relationship": "Outer", "Join Type": "Inner", "Startup Cost": 0.0, "Total Cost": 9059010.78, "Plan Rows": 238955, "Plan Width": 8, "Inner Unique": true, "Join Filter": "(mi.info_type_id = it.id), (LLVM Optimized)", "Plans": [{"Node Type": "Streaming(type: LOCAL REDISTRIBUTE dop: 16/16)", "Parent Relationship": "Outer", "Startup Cost": 0.0, "Total Cost": 9042435.84, "Plan Rows": 238955, "Plan Width": 12, "Plans": [{"Node Type": "Nested Loop", "Parent Relationship": "Outer", "Join Type": "Inner", "Startup Cost": 0.0, "Total Cost": 9026530.43, "Plan Rows": 238955, "Plan Width": 12, "Inner Unique": false, "Join Filter": "(mc.movie_id = mi.movie_id), (LLVM Optimized)", "Plans": [{"Node Type": "Streaming(type: LOCAL REDISTRIBUTE dop: 16/1)", "Parent Relationship": "Outer", "Startup Cost": 0.0, "Total Cost": 56397.45, "Plan Rows": 209278, "Plan Width": 4, "Plans": [{"Node Type": "Nested Loop", "Parent Relationship": "Outer", "Join Type": "Inner", "Startup Cost": 0.0, "Total Cost": 32695.24, "Plan Rows": 209278, "Plan Width": 4, "Inner Unique": false, "Join Filter": "(ct.id = mc.company_type_id), (LLVM Optimized)", "Plans": [{"Node Type": "Seq Scan", "Parent Relationship": "Outer", "Relation Name": "company_type", "Alias": "ct", "Startup Cost": 0.0, "Total Cost": 1.04, "Plan Rows": 1, "Plan Width": 4, "Filter": "((kind)::text = 'production companies'::text)"}, {"Node Type": "Materialize", "Parent Relationship": "Inner", "Startup Cost": 0.0, "Total Cost": 28508.64, "Plan Rows": 418557, "Plan Width": 8, "Plans": [{"Node Type": "Streaming(type: LOCAL GATHER dop: 1/16)", "Parent Relationship": "Outer", "Startup Cost": 0.0, "Total Cost": 27462.24, "Plan Rows": 418557, "Plan Width": 8, "Plans": [{"Node Type": "Seq Scan", "Parent Relationship": "Outer", "Relation Name": "movie_companies", "Alias": "mc", "Startup Cost": 0.0, "Total Cost": 18428.93, "Plan Rows": 418557, "Plan Width": 8, "Filter": "(((note)::text !~~ '%(TV)%'::text) AND ((note)::text ~~ '%(USA)%'::text)), (LLVM Optimized)"}]}]}]}]}, {"Node Type": "Materialize", "Parent Relationship": "Inner", "Startup Cost": 0.0, "Total Cost": 63158.16, "Plan Rows": 726375, "Plan Width": 8, "Plans": [{"Node Type": "Streaming(type: LOCAL REDISTRIBUTE dop: 16/16)", "Parent Relationship": "Outer", "Startup Cost": 0.0, "Total Cost": 62931.17, "Plan Rows": 726375, "Plan Width": 8, "Plans": [{"Node Type": "Seq Scan", "Parent Relationship": "Outer", "Relation Name": "movie_info", "Alias": "mi", "Startup Cost": 0.0, "Total Cost": 45178.89, "Plan Rows": 726375, "Plan Width": 8, "Filter": "((info)::text = ANY ('{Sweden,Norway,Germany,Denmark,Swedish,Denish,Norwegian,German,USA,American}'::text[]))"}]}]}]}]}, {"Node Type": "Materialize", "Parent Relationship": "Inner", "Startup Cost": 0.0, "Total Cost": 15006.81, "Plan Rows": 112, "Plan Width": 4, "Plans": [{"Node Type": "Streaming(type: LOCAL REDISTRIBUTE dop: 16/1)", "Parent Relationship": "Outer", "Startup Cost": 0.0, "Total Cost": 15006.78, "Plan Rows": 112, "Plan Width": 4, "Plans": [{"Node Type": "Seq Scan", "Parent Relationship": "Outer", "Relation Name": "info_type", "Alias": "it", "Startup Cost": 0.0, "Total Cost": 2.12, "Plan Rows": 112, "Plan Width": 4}]}]}]}]}]}]}]}]}]}, "Unique SQL Id": 322094867}, "explain_analyze_plan": null}, "(16, 123)": {"explain_plan": {"Plan": {"Node Type": "Aggregate", "Strategy": "Plain", "Startup Cost": 5008697310776.9, "Total Cost": 5008697310776.91, "Plan Rows": 1, "Plan Width": 49, "Plans": [{"Node Type": "Nested Loop", "Parent Relationship": "Outer", "Join Type": "Inner", "Startup Cost": 50000000000.0, "Total Cost": 5008697309949.27, "Plan Rows": 331050, "Plan Width": 17, "Inner Unique": false, "Join Filter": "(mi.movie_id = t.id), (LLVM Optimized)", "Plans": [{"Node Type": "Index Scan", "Parent Relationship": "Outer", "Scan Direction": "Forward", "Index Name": "title_pkey", "Relation Name": "title", "Alias": "t", "Startup Cost": 10000000000.0, "Total Cost": 1000011644126.66, "Plan Rows": 1748840, "Plan Width": 21, "Filter": "(production_year > 1990), (LLVM Optimized)"}, {"Node Type": "Materialize", "Parent Relationship": "Inner", "Startup Cost": 40000000000.0, "Total Cost": 4002417255487.0, "Plan Rows": 238955, "Plan Width": 8, "Plans": [{"Node Type": "Nested Loop", "Parent Relationship": "Outer", "Join Type": "Inner", "Startup Cost": 40000000000.0, "Total Cost": 4002417254292.22, "Plan Rows": 238955, "Plan Width": 8, "Inner Unique": true, "Join Filter": "(mi.info_type_id = it.id), (LLVM Optimized)", "Plans": [{"Node Type": "Nested Loop", "Parent Relationship": "Outer", "Join Type": "Inner", "Startup Cost": 30000000000.0, "Total Cost": 3002416851854.54, "Plan Rows": 238955, "Plan Width": 12, "Inner Unique": false, "Join Filter": "(mc.movie_id = mi.movie_id), (LLVM Optimized)", "Plans": [{"Node Type": "Nested Loop", "Parent Relationship": "Outer", "Join Type": "Inner", "Startup Cost": 20000000000.0, "Total Cost": 2000014364018.74, "Plan Rows": 209278, "Plan Width": 4, "Inner Unique": true, "Join Filter": "(ct.id = mc.company_type_id), (LLVM Optimized)", "Plans": [{"Node Type": "Index Scan", "Parent Relationship": "Outer", "Scan Direction": "Forward", "Index Name": "movie_id_movie_companies", "Relation Name": "movie_companies", "Alias": "mc", "Startup Cost": 10000000000.0, "Total Cost": 1000014356510.13, "Plan Rows": 418557, "Plan Width": 8, "Filter": "(((note)::text !~~ '%(TV)%'::text) AND ((note)::text ~~ '%(USA)%'::text)), (LLVM Optimized)"}, {"Node Type": "Materialize", "Parent Relationship": "Inner", "Startup Cost": 10000000000.0, "Total Cost": 1000000001230.26, "Plan Rows": 1, "Plan Width": 4, "Plans": [{"Node Type": "Index Scan", "Parent Relationship": "Outer", "Scan Direction": "Forward", "Index Name": "company_type_pkey", "Relation Name": "company_type", "Alias": "ct", "Startup Cost": 10000000000.0, "Total Cost": 1000000001230.25, "Plan Rows": 1, "Plan Width": 4, "Filter": "((kind)::text = 'production companies'::text)"}]}]}, {"Node Type": "Materialize", "Parent Relationship": "Inner", "Startup Cost": 10000000000.0, "Total Cost": 1000122275042.99, "Plan Rows": 726375, "Plan Width": 8, "Plans": [{"Node Type": "Index Scan", "Parent Relationship": "Outer", "Scan Direction": "Forward", "Index Name": "info_type_id_movie_info", "Relation Name": "movie_info", "Alias": "mi", "Startup Cost": 10000000000.0, "Total Cost": 1000122271411.12, "Plan Rows": 726375, "Plan Width": 8, "Filter": "((info)::text = ANY ('{Sweden,Norway,Germany,Denmark,Swedish,Denish,Norwegian,German,USA,American}'::text[]))"}]}]}, {"Node Type": "Materialize", "Parent Relationship": "Inner", "Startup Cost": 10000000000.0, "Total Cost": 1000000000993.56, "Plan Rows": 112, "Plan Width": 4, "Plans": [{"Node Type": "Index Only Scan", "Parent Relationship": "Outer", "Scan Direction": "Forward", "Index Name": "info_type_pkey", "Relation Name": "info_type", "Alias": "it", "Startup Cost": 10000000000.0, "Total Cost": 1000000000993.0, "Plan Rows": 112, "Plan Width": 4}]}]}]}]}]}, "Unique SQL Id": 322094867}, "explain_analyze_plan": null}, "(16, 124)": {"explain_plan": {"Plan": {"Node Type": "Aggregate", "Strategy": "Plain", "Startup Cost": 531939.23, "Total Cost": 531939.24, "Plan Rows": 1, "Plan Width": 49, "Plans": [{"Node Type": "Nested Loop", "Parent Relationship": "Outer", "Join Type": "Inner", "Startup Cost": 0.0, "Total Cost": 531111.61, "Plan Rows": 331050, "Plan Width": 17, "Inner Unique": true, "Plans": [{"Node Type": "Nested Loop", "Parent Relationship": "Outer", "Join Type": "Inner", "Startup Cost": 0.0, "Total Cost": 438412.14, "Plan Rows": 331050, "Plan Width": 21, "Inner Unique": false, "Plans": [{"Node Type": "Nested Loop", "Parent Relationship": "Outer", "Join Type": "Inner", "Startup Cost": 0.0, "Total Cost": 179894.07, "Plan Rows": 289936, "Plan Width": 25, "Inner Unique": true, "Plans": [{"Node Type": "Nested Loop", "Parent Relationship": "Outer", "Join Type": "Inner", "Startup Cost": 0.0, "Total Cost": 32695.24, "Plan Rows": 209278, "Plan Width": 4, "Inner Unique": false, "Join Filter": "(ct.id = mc.company_type_id), (LLVM Optimized)", "Plans": [{"Node Type": "Seq Scan", "Parent Relationship": "Outer", "Relation Name": "company_type", "Alias": "ct", "Startup Cost": 0.0, "Total Cost": 1.04, "Plan Rows": 1, "Plan Width": 4, "Filter": "((kind)::text = 'production companies'::text)"}, {"Node Type": "Materialize", "Parent Relationship": "Inner", "Startup Cost": 0.0, "Total Cost": 28508.64, "Plan Rows": 418557, "Plan Width": 8, "Plans": [{"Node Type": "Streaming(type: LOCAL GATHER dop: 1/16)", "Parent Relationship": "Outer", "Startup Cost": 0.0, "Total Cost": 27462.24, "Plan Rows": 418557, "Plan Width": 8, "Plans": [{"Node Type": "Seq Scan", "Parent Relationship": "Outer", "Relation Name": "movie_companies", "Alias": "mc", "Startup Cost": 0.0, "Total Cost": 18428.93, "Plan Rows": 418557, "Plan Width": 8, "Filter": "(((note)::text !~~ '%(TV)%'::text) AND ((note)::text ~~ '%(USA)%'::text)), (LLVM Optimized)"}]}]}]}, {"Node Type": "Index Scan", "Parent Relationship": "Inner", "Scan Direction": "Forward", "Index Name": "title_pkey", "Relation Name": "title", "Alias": "t", "Startup Cost": 0.0, "Total Cost": 0.69, "Plan Rows": 1, "Plan Width": 21, "Index Cond": "(id = mc.movie_id)", "Filter": "(production_year > 1990)"}]}, {"Node Type": "Index Scan", "Parent Relationship": "Inner", "Scan Direction": "Forward", "Index Name": "movie_id_movie_info", "Relation Name": "movie_info", "Alias": "mi", "Startup Cost": 0.0, "Total Cost": 0.88, "Plan Rows": 1, "Plan Width": 8, "Index Cond": "(movie_id = t.id)", "Filter": "((info)::text = ANY ('{Sweden,Norway,Germany,Denmark,Swedish,Denish,Norwegian,German,USA,American}'::text[]))"}]}, {"Node Type": "Index Scan", "Parent Relationship": "Inner", "Scan Direction": "Forward", "Index Name": "info_type_pkey", "Relation Name": "info_type", "Alias": "it", "Startup Cost": 0.0, "Total Cost": 0.27, "Plan Rows": 1, "Plan Width": 4, "Index Cond": "(id = mi.info_type_id)"}]}]}, "Unique SQL Id": 322094867}, "explain_analyze_plan": {"Plan": {"Node Type": "Aggregate", "Strategy": "Plain", "Startup Cost": 531939.23, "Total Cost": 531939.24, "Plan Rows": 1, "Plan Width": 49, "Actual Min Startup Time": 308.916, "Actual Max Startup Time": 308.916, "Actual Min Total Time": 308.916, "Actual Max Total Time": 308.916, "Actual Total Rows": 1, "Plans": [{"Node Type": "Nested Loop", "Parent Relationship": "Outer", "Join Type": "Inner", "Startup Cost": 0.0, "Total Cost": 531111.61, "Plan Rows": 331050, "Plan Width": 17, "Actual Min Startup Time": 273.051, "Actual Max Startup Time": 273.051, "Actual Min Total Time": 308.573, "Actual Max Total Time": 308.573, "Actual Total Rows": 669, "Inner Unique": true, "Plans": [{"Node Type": "Nested Loop", "Parent Relationship": "Outer", "Join Type": "Inner", "Startup Cost": 0.0, "Total Cost": 438412.14, "Plan Rows": 331050, "Plan Width": 21, "Actual Min Startup Time": 273.042, "Actual Max Startup Time": 273.042, "Actual Min Total Time": 306.962, "Actual Max Total Time": 306.962, "Actual Total Rows": 669, "Inner Unique": false, "Plans": [{"Node Type": "Nested Loop", "Parent Relationship": "Outer", "Join Type": "Inner", "Startup Cost": 0.0, "Total Cost": 179894.07, "Plan Rows": 289936, "Plan Width": 25, "Actual Min Startup Time": 273.004, "Actual Max Startup Time": 273.004, "Actual Min Total Time": 289.211, "Actual Max Total Time": 289.211, "Actual Total Rows": 767, "Inner Unique": true, "Plans": [{"Node Type": "Nested Loop", "Parent Relationship": "Outer", "Join Type": "Inner", "Startup Cost": 0.0, "Total Cost": 32695.24, "Plan Rows": 209278, "Plan Width": 4, "Actual Min Startup Time": 272.935, "Actual Max Startup Time": 272.935, "Actual Min Total Time": 284.44, "Actual Max Total Time": 284.44, "Actual Total Rows": 798, "Inner Unique": false, "Join Filter": "(ct.id = mc.company_type_id), (LLVM Optimized)", "Rows Removed by Join Filter": 294830, "Plans": [{"Node Type": "Seq Scan", "Parent Relationship": "Outer", "Relation Name": "company_type", "Alias": "ct", "Startup Cost": 0.0, "Total Cost": 1.04, "Plan Rows": 1, "Plan Width": 4, "Actual Min Startup Time": 0.041, "Actual Max Startup Time": 0.041, "Actual Min Total Time": 0.046, "Actual Max Total Time": 0.046, "Actual Total Rows": 1, "Filter": "((kind)::text = 'production companies'::text)", "Rows Removed by Filter": 2}, {"Node Type": "Materialize", "Parent Relationship": "Inner", "Startup Cost": 0.0, "Total Cost": 28508.64, "Plan Rows": 418557, "Plan Width": 8, "Actual Min Startup Time": 183.415, "Actual Max Startup Time": 183.415, "Actual Min Total Time": 219.504, "Actual Max Total Time": 219.504, "Actual Total Rows": 295629, "Plans": [{"Node Type": "Streaming(type: LOCAL GATHER dop: 1/16)", "Parent Relationship": "Outer", "Startup Cost": 0.0, "Total Cost": 27462.24, "Plan Rows": 418557, "Plan Width": 8, "Actual Min Startup Time": 45.405, "Actual Max Startup Time": 45.405, "Actual Min Total Time": 140.238, "Actual Max Total Time": 140.238, "Actual Total Rows": 295628, "Plans": [{"Node Type": "Seq Scan", "Parent Relationship": "Outer", "Relation Name": "movie_companies", "Alias": "mc", "Startup Cost": 0.0, "Total Cost": 18428.93, "Plan Rows": 418557, "Plan Width": 8, "Actual Min Startup Time": 0.036, "Actual Max Startup Time": 0.295, "Actual Min Total Time": 70.811, "Actual Max Total Time": 78.326, "Actual Total Rows": 295628, "Filter": "(((note)::text !~~ '%(TV)%'::text) AND ((note)::text ~~ '%(USA)%'::text)), (LLVM Optimized)", "Rows Removed by Filter": 2313500}]}]}]}, {"Node Type": "Index Scan", "Parent Relationship": "Inner", "Scan Direction": "Forward", "Index Name": "title_pkey", "Relation Name": "title", "Alias": "t", "Startup Cost": 0.0, "Total Cost": 0.69, "Plan Rows": 1, "Plan Width": 21, "Actual Min Startup Time": 4.168, "Actual Max Startup Time": 4.168, "Actual Min Total Time": 4.168, "Actual Max Total Time": 4.168, "Actual Total Rows": 767, "Index Cond": "(id = mc.movie_id)", "Rows Removed by Index Recheck": 0, "Filter": "(production_year > 1990)", "Rows Removed by Filter": 31}]}, {"Node Type": "Index Scan", "Parent Relationship": "Inner", "Scan Direction": "Forward", "Index Name": "movie_id_movie_info", "Relation Name": "movie_info", "Alias": "mi", "Startup Cost": 0.0, "Total Cost": 0.88, "Plan Rows": 1, "Plan Width": 8, "Actual Min Startup Time": 14.968, "Actual Max Startup Time": 14.968, "Actual Min Total Time": 17.176, "Actual Max Total Time": 17.176, "Actual Total Rows": 669, "Index Cond": "(movie_id = t.id)", "Rows Removed by Index Recheck": 0, "Filter": "((info)::text = ANY ('{Sweden,Norway,Germany,Denmark,Swedish,Denish,Norwegian,German,USA,American}'::text[]))", "Rows Removed by Filter": 7721}]}, {"Node Type": "Index Scan", "Parent Relationship": "Inner", "Scan Direction": "Forward", "Index Name": "info_type_pkey", "Relation Name": "info_type", "Alias": "it", "Startup Cost": 0.0, "Total Cost": 0.27, "Plan Rows": 1, "Plan Width": 4, "Actual Min Startup Time": 1.063, "Actual Max Startup Time": 1.063, "Actual Min Total Time": 1.063, "Actual Max Total Time": 1.063, "Actual Total Rows": 669, "Index Cond": "(id = mi.info_type_id)", "Rows Removed by Index Recheck": 0}]}]}, "Triggers": [], "Planner Runtime": 3.836, "Total Runtime": 321.318, "Unique SQL Id": 322094867}}, "(16, 125)": {"explain_plan": {"Plan": {"Node Type": "Aggregate", "Strategy": "Plain", "Startup Cost": 598058.51, "Total Cost": 598058.52, "Plan Rows": 1, "Plan Width": 49, "Plans": [{"Node Type": "Nested Loop", "Parent Relationship": "Outer", "Join Type": "Inner", "Startup Cost": 0.0, "Total Cost": 597230.89, "Plan Rows": 331050, "Plan Width": 17, "Inner Unique": true, "Plans": [{"Node Type": "Nested Loop", "Parent Relationship": "Outer", "Join Type": "Inner", "Startup Cost": 0.0, "Total Cost": 504531.42, "Plan Rows": 331050, "Plan Width": 21, "Inner Unique": false, "Plans": [{"Node Type": "Nested Loop", "Parent Relationship": "Outer", "Join Type": "Inner", "Startup Cost": 0.0, "Total Cost": 246013.35, "Plan Rows": 289936, "Plan Width": 25, "Inner Unique": true, "Plans": [{"Node Type": "Nested Loop", "Parent Relationship": "Outer", "Join Type": "Inner", "Startup Cost": 0.0, "Total Cost": 98814.52, "Plan Rows": 209278, "Plan Width": 4, "Inner Unique": false, "Join Filter": "(ct.id = mc.company_type_id), (LLVM Optimized)", "Plans": [{"Node Type": "Index Scan", "Parent Relationship": "Outer", "Scan Direction": "Forward", "Index Name": "company_type_pkey", "Relation Name": "company_type", "Alias": "ct", "Startup Cost": 0.0, "Total Cost": 12.3, "Plan Rows": 1, "Plan Width": 4, "Filter": "((kind)::text = 'production companies'::text)"}, {"Node Type": "Materialize", "Parent Relationship": "Inner", "Startup Cost": 0.0, "Total Cost": 94616.65, "Plan Rows": 418557, "Plan Width": 8, "Plans": [{"Node Type": "Streaming(type: LOCAL GATHER dop: 1/16)", "Parent Relationship": "Outer", "Startup Cost": 0.0, "Total Cost": 93570.26, "Plan Rows": 418557, "Plan Width": 8, "Plans": [{"Node Type": "Index Scan", "Parent Relationship": "Outer", "Scan Direction": "Forward", "Index Name": "company_type_id_movie_companies", "Relation Name": "movie_companies", "Alias": "mc", "Startup Cost": 0.0, "Total Cost": 84536.95, "Plan Rows": 418557, "Plan Width": 8, "Filter": "(((note)::text !~~ '%(TV)%'::text) AND ((note)::text ~~ '%(USA)%'::text)), (LLVM Optimized)"}]}]}]}, {"Node Type": "Index Scan", "Parent Relationship": "Inner", "Scan Direction": "Forward", "Index Name": "title_pkey", "Relation Name": "title", "Alias": "t", "Startup Cost": 0.0, "Total Cost": 0.69, "Plan Rows": 1, "Plan Width": 21, "Index Cond": "(id = mc.movie_id)", "Filter": "(production_year > 1990)"}]}, {"Node Type": "Index Scan", "Parent Relationship": "Inner", "Scan Direction": "Forward", "Index Name": "movie_id_movie_info", "Relation Name": "movie_info", "Alias": "mi", "Startup Cost": 0.0, "Total Cost": 0.88, "Plan Rows": 1, "Plan Width": 8, "Index Cond": "(movie_id = t.id)", "Filter": "((info)::text = ANY ('{Sweden,Norway,Germany,Denmark,Swedish,Denish,Norwegian,German,USA,American}'::text[]))"}]}, {"Node Type": "Index Scan", "Parent Relationship": "Inner", "Scan Direction": "Forward", "Index Name": "info_type_pkey", "Relation Name": "info_type", "Alias": "it", "Startup Cost": 0.0, "Total Cost": 0.27, "Plan Rows": 1, "Plan Width": 4, "Index Cond": "(id = mi.info_type_id)"}]}]}, "Unique SQL Id": 322094867}, "explain_analyze_plan": {"Plan": {"Node Type": "Aggregate", "Strategy": "Plain", "Startup Cost": 598058.51, "Total Cost": 598058.52, "Plan Rows": 1, "Plan Width": 49, "Actual Min Startup Time": 410.498, "Actual Max Startup Time": 410.498, "Actual Min Total Time": 410.499, "Actual Max Total Time": 410.499, "Actual Total Rows": 1, "Plans": [{"Node Type": "Nested Loop", "Parent Relationship": "Outer", "Join Type": "Inner", "Startup Cost": 0.0, "Total Cost": 597230.89, "Plan Rows": 331050, "Plan Width": 17, "Actual Min Startup Time": 311.847, "Actual Max Startup Time": 311.847, "Actual Min Total Time": 410.148, "Actual Max Total Time": 410.148, "Actual Total Rows": 669, "Inner Unique": true, "Plans": [{"Node Type": "Nested Loop", "Parent Relationship": "Outer", "Join Type": "Inner", "Startup Cost": 0.0, "Total Cost": 504531.42, "Plan Rows": 331050, "Plan Width": 21, "Actual Min Startup Time": 311.838, "Actual Max Startup Time": 311.838, "Actual Min Total Time": 408.54, "Actual Max Total Time": 408.54, "Actual Total Rows": 669, "Inner Unique": false, "Plans": [{"Node Type": "Nested Loop", "Parent Relationship": "Outer", "Join Type": "Inner", "Startup Cost": 0.0, "Total Cost": 246013.35, "Plan Rows": 289936, "Plan Width": 25, "Actual Min Startup Time": 311.797, "Actual Max Startup Time": 311.797, "Actual Min Total Time": 389.441, "Actual Max Total Time": 389.441, "Actual Total Rows": 767, "Inner Unique": true, "Plans": [{"Node Type": "Nested Loop", "Parent Relationship": "Outer", "Join Type": "Inner", "Startup Cost": 0.0, "Total Cost": 98814.52, "Plan Rows": 209278, "Plan Width": 4, "Actual Min Startup Time": 311.75, "Actual Max Startup Time": 311.75, "Actual Min Total Time": 384.409, "Actual Max Total Time": 384.409, "Actual Total Rows": 798, "Inner Unique": false, "Join Filter": "(ct.id = mc.company_type_id), (LLVM Optimized)", "Rows Removed by Join Filter": 294830, "Plans": [{"Node Type": "Index Scan", "Parent Relationship": "Outer", "Scan Direction": "Forward", "Index Name": "company_type_pkey", "Relation Name": "company_type", "Alias": "ct", "Startup Cost": 0.0, "Total Cost": 12.3, "Plan Rows": 1, "Plan Width": 4, "Actual Min Startup Time": 0.041, "Actual Max Startup Time": 0.041, "Actual Min Total Time": 0.047, "Actual Max Total Time": 0.047, "Actual Total Rows": 1, "Filter": "((kind)::text = 'production companies'::text)", "Rows Removed by Filter": 2}, {"Node Type": "Materialize", "Parent Relationship": "Inner", "Startup Cost": 0.0, "Total Cost": 94616.65, "Plan Rows": 418557, "Plan Width": 8, "Actual Min Startup Time": 282.551, "Actual Max Startup Time": 282.551, "Actual Min Total Time": 319.914, "Actual Max Total Time": 319.914, "Actual Total Rows": 295629, "Plans": [{"Node Type": "Streaming(type: LOCAL GATHER dop: 1/16)", "Parent Relationship": "Outer", "Startup Cost": 0.0, "Total Cost": 93570.26, "Plan Rows": 418557, "Plan Width": 8, "Actual Min Startup Time": 80.79, "Actual Max Startup Time": 80.79, "Actual Min Total Time": 240.3, "Actual Max Total Time": 240.3, "Actual Total Rows": 295628, "Plans": [{"Node Type": "Index Scan", "Parent Relationship": "Outer", "Scan Direction": "Forward", "Index Name": "company_type_id_movie_companies", "Relation Name": "movie_companies", "Alias": "mc", "Startup Cost": 0.0, "Total Cost": 84536.95, "Plan Rows": 418557, "Plan Width": 8, "Actual Min Startup Time": 20.209, "Actual Max Startup Time": 41.977, "Actual Min Total Time": 93.2, "Actual Max Total Time": 186.907, "Actual Total Rows": 295628, "Filter": "(((note)::text !~~ '%(TV)%'::text) AND ((note)::text ~~ '%(USA)%'::text)), (LLVM Optimized)", "Rows Removed by Filter": 2313500}]}]}]}, {"Node Type": "Index Scan", "Parent Relationship": "Inner", "Scan Direction": "Forward", "Index Name": "title_pkey", "Relation Name": "title", "Alias": "t", "Startup Cost": 0.0, "Total Cost": 0.69, "Plan Rows": 1, "Plan Width": 21, "Actual Min Startup Time": 4.378, "Actual Max Startup Time": 4.378, "Actual Min Total Time": 4.378, "Actual Max Total Time": 4.378, "Actual Total Rows": 767, "Index Cond": "(id = mc.movie_id)", "Rows Removed by Index Recheck": 0, "Filter": "(production_year > 1990)", "Rows Removed by Filter": 31}]}, {"Node Type": "Index Scan", "Parent Relationship": "Inner", "Scan Direction": "Forward", "Index Name": "movie_id_movie_info", "Relation Name": "movie_info", "Alias": "mi", "Startup Cost": 0.0, "Total Cost": 0.88, "Plan Rows": 1, "Plan Width": 8, "Actual Min Startup Time": 16.146, "Actual Max Startup Time": 16.146, "Actual Min Total Time": 18.521, "Actual Max Total Time": 18.521, "Actual Total Rows": 669, "Index Cond": "(movie_id = t.id)", "Rows Removed by Index Recheck": 0, "Filter": "((info)::text = ANY ('{Sweden,Norway,Germany,Denmark,Swedish,Denish,Norwegian,German,USA,American}'::text[]))", "Rows Removed by Filter": 7721}]}, {"Node Type": "Index Scan", "Parent Relationship": "Inner", "Scan Direction": "Forward", "Index Name": "info_type_pkey", "Relation Name": "info_type", "Alias": "it", "Startup Cost": 0.0, "Total Cost": 0.27, "Plan Rows": 1, "Plan Width": 4, "Actual Min Startup Time": 1.059, "Actual Max Startup Time": 1.059, "Actual Min Total Time": 1.059, "Actual Max Total Time": 1.059, "Actual Total Rows": 669, "Index Cond": "(id = mi.info_type_id)", "Rows Removed by Index Recheck": 0}]}]}, "Triggers": [], "Planner Runtime": 3.844, "Total Runtime": 422.528, "Unique SQL Id": 322094867}}, "(16, 126)": {"explain_plan": {"Plan": {"Node Type": "Aggregate", "Strategy": "Plain", "Startup Cost": 33602537.2, "Total Cost": 33602537.22, "Plan Rows": 1, "Plan Width": 49, "Plans": [{"Node Type": "Streaming(type: LOCAL GATHER dop: 1/16)", "Parent Relationship": "Outer", "Startup Cost": 33602537.2, "Total Cost": 33602537.22, "Plan Rows": 1, "Plan Width": 49, "Plans": [{"Node Type": "Aggregate", "Strategy": "Plain", "Parent Relationship": "Outer", "Startup Cost": 33602537.2, "Total Cost": 33602537.21, "Plan Rows": 1, "Plan Width": 49, "Plans": [{"Node Type": "Nested Loop", "Parent Relationship": "Outer", "Join Type": "Inner", "Startup Cost": 0.0, "Total Cost": 33601709.57, "Plan Rows": 331050, "Plan Width": 17, "Inner Unique": false, "Join Filter": "(mi.movie_id = t.id), (LLVM Optimized)", "Plans": [{"Node Type": "Streaming(type: LOCAL REDISTRIBUTE dop: 16/16)", "Parent Relationship": "Outer", "Startup Cost": 0.0, "Total Cost": 40775.83, "Plan Rows": 1748840, "Plan Width": 21, "Plans": [{"Node Type": "Seq Scan", "Parent Relationship": "Outer", "Relation Name": "title", "Alias": "t", "Startup Cost": 0.0, "Total Cost": 19149.37, "Plan Rows": 1748840, "Plan Width": 21, "Filter": "(production_year > 1990), (LLVM Optimized)"}]}, {"Node Type": "Materialize", "Parent Relationship": "Inner", "Startup Cost": 0.0, "Total Cost": 9074990.87, "Plan Rows": 238955, "Plan Width": 8, "Plans": [{"Node Type": "Streaming(type: LOCAL REDISTRIBUTE dop: 16/16)", "Parent Relationship": "Outer", "Startup Cost": 0.0, "Total Cost": 9074916.2, "Plan Rows": 238955, "Plan Width": 8, "Plans": [{"Node Type": "Nested Loop", "Parent Relationship": "Outer", "Join Type": "Inner", "Startup Cost": 0.0, "Total Cost": 9059010.78, "Plan Rows": 238955, "Plan Width": 8, "Inner Unique": true, "Join Filter": "(mi.info_type_id = it.id), (LLVM Optimized)", "Plans": [{"Node Type": "Streaming(type: LOCAL REDISTRIBUTE dop: 16/16)", "Parent Relationship": "Outer", "Startup Cost": 0.0, "Total Cost": 9042435.84, "Plan Rows": 238955, "Plan Width": 12, "Plans": [{"Node Type": "Nested Loop", "Parent Relationship": "Outer", "Join Type": "Inner", "Startup Cost": 0.0, "Total Cost": 9026530.43, "Plan Rows": 238955, "Plan Width": 12, "Inner Unique": false, "Join Filter": "(mc.movie_id = mi.movie_id), (LLVM Optimized)", "Plans": [{"Node Type": "Streaming(type: LOCAL REDISTRIBUTE dop: 16/1)", "Parent Relationship": "Outer", "Startup Cost": 0.0, "Total Cost": 56397.45, "Plan Rows": 209278, "Plan Width": 4, "Plans": [{"Node Type": "Nested Loop", "Parent Relationship": "Outer", "Join Type": "Inner", "Startup Cost": 0.0, "Total Cost": 32695.24, "Plan Rows": 209278, "Plan Width": 4, "Inner Unique": false, "Join Filter": "(ct.id = mc.company_type_id), (LLVM Optimized)", "Plans": [{"Node Type": "Seq Scan", "Parent Relationship": "Outer", "Relation Name": "company_type", "Alias": "ct", "Startup Cost": 0.0, "Total Cost": 1.04, "Plan Rows": 1, "Plan Width": 4, "Filter": "((kind)::text = 'production companies'::text)"}, {"Node Type": "Materialize", "Parent Relationship": "Inner", "Startup Cost": 0.0, "Total Cost": 28508.64, "Plan Rows": 418557, "Plan Width": 8, "Plans": [{"Node Type": "Streaming(type: LOCAL GATHER dop: 1/16)", "Parent Relationship": "Outer", "Startup Cost": 0.0, "Total Cost": 27462.24, "Plan Rows": 418557, "Plan Width": 8, "Plans": [{"Node Type": "Seq Scan", "Parent Relationship": "Outer", "Relation Name": "movie_companies", "Alias": "mc", "Startup Cost": 0.0, "Total Cost": 18428.93, "Plan Rows": 418557, "Plan Width": 8, "Filter": "(((note)::text !~~ '%(TV)%'::text) AND ((note)::text ~~ '%(USA)%'::text)), (LLVM Optimized)"}]}]}]}]}, {"Node Type": "Materialize", "Parent Relationship": "Inner", "Startup Cost": 0.0, "Total Cost": 63158.16, "Plan Rows": 726375, "Plan Width": 8, "Plans": [{"Node Type": "Streaming(type: LOCAL REDISTRIBUTE dop: 16/16)", "Parent Relationship": "Outer", "Startup Cost": 0.0, "Total Cost": 62931.17, "Plan Rows": 726375, "Plan Width": 8, "Plans": [{"Node Type": "Seq Scan", "Parent Relationship": "Outer", "Relation Name": "movie_info", "Alias": "mi", "Startup Cost": 0.0, "Total Cost": 45178.89, "Plan Rows": 726375, "Plan Width": 8, "Filter": "((info)::text = ANY ('{Sweden,Norway,Germany,Denmark,Swedish,Denish,Norwegian,German,USA,American}'::text[]))"}]}]}]}]}, {"Node Type": "Materialize", "Parent Relationship": "Inner", "Startup Cost": 0.0, "Total Cost": 15006.81, "Plan Rows": 112, "Plan Width": 4, "Plans": [{"Node Type": "Streaming(type: LOCAL REDISTRIBUTE dop: 16/1)", "Parent Relationship": "Outer", "Startup Cost": 0.0, "Total Cost": 15006.78, "Plan Rows": 112, "Plan Width": 4, "Plans": [{"Node Type": "Seq Scan", "Parent Relationship": "Outer", "Relation Name": "info_type", "Alias": "it", "Startup Cost": 0.0, "Total Cost": 2.12, "Plan Rows": 112, "Plan Width": 4}]}]}]}]}]}]}]}]}]}, "Unique SQL Id": 322094867}, "explain_analyze_plan": null}, "(16, 127)": {"explain_plan": {"Plan": {"Node Type": "Aggregate", "Strategy": "Plain", "Startup Cost": 5008697311176.9, "Total Cost": 5008697311176.91, "Plan Rows": 1, "Plan Width": 49, "Plans": [{"Node Type": "Nested Loop", "Parent Relationship": "Outer", "Join Type": "Inner", "Startup Cost": 50000000000.0, "Total Cost": 5008697310349.27, "Plan Rows": 331050, "Plan Width": 17, "Inner Unique": false, "Join Filter": "(mi.movie_id = t.id), (LLVM Optimized)", "Plans": [{"Node Type": "Index Scan", "Parent Relationship": "Outer", "Scan Direction": "Forward", "Index Name": "title_pkey", "Relation Name": "title", "Alias": "t", "Startup Cost": 10000000000.0, "Total Cost": 1000011644126.66, "Plan Rows": 1748840, "Plan Width": 21, "Filter": "(production_year > 1990), (LLVM Optimized)"}, {"Node Type": "Materialize", "Parent Relationship": "Inner", "Startup Cost": 40000000000.0, "Total Cost": 4002417255887.0, "Plan Rows": 238955, "Plan Width": 8, "Plans": [{"Node Type": "Nested Loop", "Parent Relationship": "Outer", "Join Type": "Inner", "Startup Cost": 40000000000.0, "Total Cost": 4002417254692.22, "Plan Rows": 238955, "Plan Width": 8, "Inner Unique": true, "Join Filter": "(mi.info_type_id = it.id), (LLVM Optimized)", "Plans": [{"Node Type": "Nested Loop", "Parent Relationship": "Outer", "Join Type": "Inner", "Startup Cost": 30000000000.0, "Total Cost": 3002416851854.54, "Plan Rows": 238955, "Plan Width": 12, "Inner Unique": false, "Join Filter": "(mc.movie_id = mi.movie_id), (LLVM Optimized)", "Plans": [{"Node Type": "Nested Loop", "Parent Relationship": "Outer", "Join Type": "Inner", "Startup Cost": 20000000000.0, "Total Cost": 2000014364018.74, "Plan Rows": 209278, "Plan Width": 4, "Inner Unique": true, "Join Filter": "(ct.id = mc.company_type_id), (LLVM Optimized)", "Plans": [{"Node Type": "Index Scan", "Parent Relationship": "Outer", "Scan Direction": "Forward", "Index Name": "movie_id_movie_companies", "Relation Name": "movie_companies", "Alias": "mc", "Startup Cost": 10000000000.0, "Total Cost": 1000014356510.13, "Plan Rows": 418557, "Plan Width": 8, "Filter": "(((note)::text !~~ '%(TV)%'::text) AND ((note)::text ~~ '%(USA)%'::text)), (LLVM Optimized)"}, {"Node Type": "Materialize", "Parent Relationship": "Inner", "Startup Cost": 10000000000.0, "Total Cost": 1000000001230.26, "Plan Rows": 1, "Plan Width": 4, "Plans": [{"Node Type": "Index Scan", "Parent Relationship": "Outer", "Scan Direction": "Forward", "Index Name": "company_type_pkey", "Relation Name": "company_type", "Alias": "ct", "Startup Cost": 10000000000.0, "Total Cost": 1000000001230.25, "Plan Rows": 1, "Plan Width": 4, "Filter": "((kind)::text = 'production companies'::text)"}]}]}, {"Node Type": "Materialize", "Parent Relationship": "Inner", "Startup Cost": 10000000000.0, "Total Cost": 1000122275042.99, "Plan Rows": 726375, "Plan Width": 8, "Plans": [{"Node Type": "Index Scan", "Parent Relationship": "Outer", "Scan Direction": "Forward", "Index Name": "info_type_id_movie_info", "Relation Name": "movie_info", "Alias": "mi", "Startup Cost": 10000000000.0, "Total Cost": 1000122271411.12, "Plan Rows": 726375, "Plan Width": 8, "Filter": "((info)::text = ANY ('{Sweden,Norway,Germany,Denmark,Swedish,Denish,Norwegian,German,USA,American}'::text[]))"}]}]}, {"Node Type": "Materialize", "Parent Relationship": "Inner", "Startup Cost": 10000000000.0, "Total Cost": 1000000001393.56, "Plan Rows": 112, "Plan Width": 4, "Plans": [{"Node Type": "Index Scan", "Parent Relationship": "Outer", "Scan Direction": "Forward", "Index Name": "info_type_pkey", "Relation Name": "info_type", "Alias": "it", "Startup Cost": 10000000000.0, "Total Cost": 1000000001393.0, "Plan Rows": 112, "Plan Width": 4}]}]}]}]}]}, "Unique SQL Id": 322094867}, "explain_analyze_plan": null}, "(64, 0)": {"explain_plan": {"Plan": {"Node Type": "Aggregate", "Strategy": "Plain", "Startup Cost": 282595.42, "Total Cost": 282595.43, "Plan Rows": 1, "Plan Width": 49, "Plans": [{"Node Type": "Hash Join", "Parent Relationship": "Outer", "Join Type": "Inner", "Startup Cost": 187293.84, "Total Cost": 281767.79, "Plan Rows": 331050, "Plan Width": 17, "Inner Unique": true, "Hash Cond": "(mi.info_type_id = it.id), (LLVM Optimized)", "Plans": [{"Node Type": "Hash Join", "Parent Relationship": "Outer", "Join Type": "Inner", "Startup Cost": 187290.32, "Total Cost": 277212.34, "Plan Rows": 331050, "Plan Width": 21, "Inner Unique": false, "Hash Cond": "(mi.movie_id = t.id), (LLVM Optimized)", "Plans": [{"Node Type": "Streaming(type: LOCAL GATHER dop: 1/64)", "Parent Relationship": "Outer", "Startup Cost": 0.0, "Total Cost": 85529.75, "Plan Rows": 726375, "Plan Width": 8, "Plans": [{"Node Type": "Seq Scan", "Parent Relationship": "Outer", "Relation Name": "movie_info", "Alias": "mi", "Startup Cost": 0.0, "Total Cost": 70544.72, "Plan Rows": 726375, "Plan Width": 8, "Filter": "((info)::text = ANY ('{Sweden,Norway,Germany,Denmark,Swedish,Denish,Norwegian,German,USA,American}'::text[]))"}]}, {"Node Type": "Hash", "Parent Relationship": "Inner", "Startup Cost": 183666.12, "Total Cost": 183666.12, "Plan Rows": 289936, "Plan Width": 25, "Plans": [{"Node Type": "Hash Join", "Parent Relationship": "Outer", "Join Type": "Inner", "Startup Cost": 121977.26, "Total Cost": 183666.12, "Plan Rows": 289936, "Plan Width": 25, "Inner Unique": true, "Hash Cond": "(mc.movie_id = t.id), (LLVM Optimized)", "Plans": [{"Node Type": "Hash Join", "Parent Relationship": "Outer", "Join Type": "Inner", "Startup Cost": 1.05, "Total Cost": 58005.76, "Plan Rows": 209278, "Plan Width": 4, "Inner Unique": true, "Hash Cond": "(mc.company_type_id = ct.id), (LLVM Optimized)", "Plans": [{"Node Type": "Seq Scan", "Parent Relationship": "Outer", "Relation Name": "movie_companies", "Alias": "mc", "Startup Cost": 0.0, "Total Cost": 54862.92, "Plan Rows": 418557, "Plan Width": 8, "Filter": "(((note)::text !~~ '%(TV)%'::text) AND ((note)::text ~~ '%(USA)%'::text)), (LLVM Optimized)"}, {"Node Type": "Hash", "Parent Relationship": "Inner", "Startup Cost": 1.04, "Total Cost": 1.04, "Plan Rows": 1, "Plan Width": 4, "Plans": [{"Node Type": "Seq Scan", "Parent Relationship": "Outer", "Relation Name": "company_type", "Alias": "ct", "Startup Cost": 0.0, "Total Cost": 1.04, "Plan Rows": 1, "Plan Width": 4, "Filter": "((kind)::text = 'production companies'::text)"}]}]}, {"Node Type": "Hash", "Parent Relationship": "Inner", "Startup Cost": 100115.71, "Total Cost": 100115.71, "Plan Rows": 1748840, "Plan Width": 21, "Plans": [{"Node Type": "Streaming(type: LOCAL GATHER dop: 1/64)", "Parent Relationship": "Outer", "Startup Cost": 0.0, "Total Cost": 100115.71, "Plan Rows": 1748840, "Plan Width": 21, "Plans": [{"Node Type": "Seq Scan", "Parent Relationship": "Outer", "Relation Name": "title", "Alias": "t", "Startup Cost": 0.0, "Total Cost": 64037.34, "Plan Rows": 1748840, "Plan Width": 21, "Filter": "(production_year > 1990), (LLVM Optimized)"}]}]}]}]}]}, {"Node Type": "Hash", "Parent Relationship": "Inner", "Startup Cost": 2.12, "Total Cost": 2.12, "Plan Rows": 112, "Plan Width": 4, "Plans": [{"Node Type": "Index Only Scan", "Parent Relationship": "Outer", "Scan Direction": "Forward", "Index Name": "info_type_pkey", "Relation Name": "info_type", "Alias": "it", "Startup Cost": 0.0, "Total Cost": 2.12, "Plan Rows": 112, "Plan Width": 4}]}]}]}, "Unique SQL Id": 322094867}, "explain_analyze_plan": {"Plan": {"Node Type": "Aggregate", "Strategy": "Plain", "Startup Cost": 282595.42, "Total Cost": 282595.43, "Plan Rows": 1, "Plan Width": 49, "Actual Min Startup Time": 2819.09, "Actual Max Startup Time": 2819.09, "Actual Min Total Time": 2819.09, "Actual Max Total Time": 2819.09, "Actual Total Rows": 1, "Plans": [{"Node Type": "Hash Join", "Parent Relationship": "Outer", "Join Type": "Inner", "Startup Cost": 187293.84, "Total Cost": 281767.79, "Plan Rows": 331050, "Plan Width": 17, "Actual Min Startup Time": 2473.353, "Actual Max Startup Time": 2473.353, "Actual Min Total Time": 2818.616, "Actual Max Total Time": 2818.616, "Actual Total Rows": 669, "Inner Unique": true, "Hash Cond": "(mi.info_type_id = it.id), (LLVM Optimized, Jit Execute)", "Plans": [{"Node Type": "Hash Join", "Parent Relationship": "Outer", "Join Type": "Inner", "Startup Cost": 187290.32, "Total Cost": 277212.34, "Plan Rows": 331050, "Plan Width": 21, "Actual Min Startup Time": 2473.167, "Actual Max Startup Time": 2473.167, "Actual Min Total Time": 2817.954, "Actual Max Total Time": 2817.954, "Actual Total Rows": 669, "Inner Unique": false, "Hash Cond": "(mi.movie_id = t.id), (LLVM Optimized, Jit Execute)", "Plans": [{"Node Type": "Streaming(type: LOCAL GATHER dop: 1/64)", "Parent Relationship": "Outer", "Startup Cost": 0.0, "Total Cost": 85529.75, "Plan Rows": 726375, "Plan Width": 8, "Actual Min Startup Time": 0.144, "Actual Max Startup Time": 0.144, "Actual Min Total Time": 210.639, "Actual Max Total Time": 210.639, "Actual Total Rows": 706674, "Plans": [{"Node Type": "Seq Scan", "Parent Relationship": "Outer", "Relation Name": "movie_info", "Alias": "mi", "Startup Cost": 0.0, "Total Cost": 70544.72, "Plan Rows": 726375, "Plan Width": 8, "Actual Min Startup Time": 0.037, "Actual Max Startup Time": 3.327, "Actual Min Total Time": 122.346, "Actual Max Total Time": 141.453, "Actual Total Rows": 706674, "Filter": "((info)::text = ANY ('{Sweden,Norway,Germany,Denmark,Swedish,Denish,Norwegian,German,USA,American}'::text[]))", "Rows Removed by Filter": 14129045}]}, {"Node Type": "Hash", "Parent Relationship": "Inner", "Startup Cost": 183666.12, "Total Cost": 183666.12, "Plan Rows": 289936, "Plan Width": 25, "Actual Min Startup Time": 2467.444, "Actual Max Startup Time": 2467.444, "Actual Min Total Time": 2467.444, "Actual Max Total Time": 2467.444, "Actual Total Rows": 767, "Max Hash Buckets": 524288, "Min Hash Buckets": 524288, "Max Hash Batches": 1, "Min Hash Batches": 1, "Max Original Hash Batches": 1, "Min Original Hash Batches": 1, "Max Peak Memory Usage": 45, "min Peak Memory Usage": 45, "Plans": [{"Node Type": "Hash Join", "Parent Relationship": "Outer", "Join Type": "Inner", "Startup Cost": 121977.26, "Total Cost": 183666.12, "Plan Rows": 289936, "Plan Width": 25, "Actual Min Startup Time": 2133.332, "Actual Max Startup Time": 2133.332, "Actual Min Total Time": 2467.037, "Actual Max Total Time": 2467.037, "Actual Total Rows": 767, "Inner Unique": true, "Hash Cond": "(mc.movie_id = t.id), (LLVM Optimized, Jit Execute)", "Plans": [{"Node Type": "Hash Join", "Parent Relationship": "Outer", "Join Type": "Inner", "Startup Cost": 1.05, "Total Cost": 58005.76, "Plan Rows": 209278, "Plan Width": 4, "Actual Min Startup Time": 792.833, "Actual Max Startup Time": 792.833, "Actual Min Total Time": 1125.904, "Actual Max Total Time": 1125.904, "Actual Total Rows": 798, "Inner Unique": true, "Hash Cond": "(mc.company_type_id = ct.id), (LLVM Optimized, Jit Execute)", "Plans": [{"Node Type": "Seq Scan", "Parent Relationship": "Outer", "Relation Name": "movie_companies", "Alias": "mc", "Startup Cost": 0.0, "Total Cost": 54862.92, "Plan Rows": 418557, "Plan Width": 8, "Actual Min Startup Time": 0.049, "Actual Max Startup Time": 0.049, "Actual Min Total Time": 1073.944, "Actual Max Total Time": 1073.944, "Actual Total Rows": 295628, "Filter": "(((note)::text !~~ '%(TV)%'::text) AND ((note)::text ~~ '%(USA)%'::text)), (LLVM Optimized, Jit Execute)", "Rows Removed by Filter": 2313500}, {"Node Type": "Hash", "Parent Relationship": "Inner", "Startup Cost": 1.04, "Total Cost": 1.04, "Plan Rows": 1, "Plan Width": 4, "Actual Min Startup Time": 0.029, "Actual Max Startup Time": 0.029, "Actual Min Total Time": 0.029, "Actual Max Total Time": 0.029, "Actual Total Rows": 1, "Max Hash Buckets": 32768, "Min Hash Buckets": 32768, "Max Hash Batches": 1, "Min Hash Batches": 1, "Max Original Hash Batches": 1, "Min Original Hash Batches": 1, "Max Peak Memory Usage": 1, "min Peak Memory Usage": 1, "Plans": [{"Node Type": "Seq Scan", "Parent Relationship": "Outer", "Relation Name": "company_type", "Alias": "ct", "Startup Cost": 0.0, "Total Cost": 1.04, "Plan Rows": 1, "Plan Width": 4, "Actual Min Startup Time": 0.023, "Actual Max Startup Time": 0.023, "Actual Min Total Time": 0.026, "Actual Max Total Time": 0.026, "Actual Total Rows": 1, "Filter": "((kind)::text = 'production companies'::text)", "Rows Removed by Filter": 2}]}]}, {"Node Type": "Hash", "Parent Relationship": "Inner", "Startup Cost": 100115.71, "Total Cost": 100115.71, "Plan Rows": 1748840, "Plan Width": 21, "Actual Min Startup Time": 1338.823, "Actual Max Startup Time": 1338.823, "Actual Min Total Time": 1338.823, "Actual Max Total Time": 1338.823, "Actual Total Rows": 1749032, "Max Hash Buckets": 2097152, "Min Hash Buckets": 2097152, "Max Hash Batches": 1, "Min Hash Batches": 1, "Max Original Hash Batches": 1, "Min Original Hash Batches": 1, "Max Peak Memory Usage": 93635, "min Peak Memory Usage": 93635, "Plans": [{"Node Type": "Streaming(type: LOCAL GATHER dop: 1/64)", "Parent Relationship": "Outer", "Startup Cost": 0.0, "Total Cost": 100115.71, "Plan Rows": 1748840, "Plan Width": 21, "Actual Min Startup Time": 31.174, "Actual Max Startup Time": 31.174, "Actual Min Total Time": 688.819, "Actual Max Total Time": 688.819, "Actual Total Rows": 1749032, "Plans": [{"Node Type": "Seq Scan", "Parent Relationship": "Outer", "Relation Name": "title", "Alias": "t", "Startup Cost": 0.0, "Total Cost": 64037.34, "Plan Rows": 1748840, "Plan Width": 21, "Actual Min Startup Time": 0.025, "Actual Max Startup Time": 0.045, "Actual Min Total Time": 14.76, "Actual Max Total Time": 18.88, "Actual Total Rows": 1749032, "Filter": "(production_year > 1990), (LLVM Optimized, Jit Execute)", "Rows Removed by Filter": 779279}]}]}]}]}]}, {"Node Type": "Hash", "Parent Relationship": "Inner", "Startup Cost": 2.12, "Total Cost": 2.12, "Plan Rows": 112, "Plan Width": 4, "Actual Min Startup Time": 0.108, "Actual Max Startup Time": 0.108, "Actual Min Total Time": 0.108, "Actual Max Total Time": 0.108, "Actual Total Rows": 112, "Max Hash Buckets": 32768, "Min Hash Buckets": 32768, "Max Hash Batches": 1, "Min Hash Batches": 1, "Max Original Hash Batches": 1, "Min Original Hash Batches": 1, "Max Peak Memory Usage": 4, "min Peak Memory Usage": 4, "Plans": [{"Node Type": "Index Only Scan", "Parent Relationship": "Outer", "Scan Direction": "Forward", "Index Name": "info_type_pkey", "Relation Name": "info_type", "Alias": "it", "Startup Cost": 0.0, "Total Cost": 2.12, "Plan Rows": 112, "Plan Width": 4, "Actual Min Startup Time": 0.027, "Actual Max Startup Time": 0.027, "Actual Min Total Time": 0.053, "Actual Max Total Time": 0.053, "Actual Total Rows": 112, "Heap Fetches": 0}]}]}]}, "Triggers": [], "Planner Runtime": 19.884, "Total Runtime": 2854.662, "Unique SQL Id": 322094867}}, "(64, 1)": {"explain_plan": {"Plan": {"Node Type": "Aggregate", "Strategy": "Plain", "Startup Cost": 472671.15, "Total Cost": 472671.16, "Plan Rows": 1, "Plan Width": 49, "Plans": [{"Node Type": "Hash Join", "Parent Relationship": "Outer", "Join Type": "Inner", "Startup Cost": 11.33, "Total Cost": 471843.53, "Plan Rows": 331050, "Plan Width": 17, "Inner Unique": true, "Hash Cond": "(mi.info_type_id = it.id), (LLVM Optimized)", "Plans": [{"Node Type": "Nested Loop", "Parent Relationship": "Outer", "Join Type": "Inner", "Startup Cost": 0.0, "Total Cost": 467462.34, "Plan Rows": 331050, "Plan Width": 21, "Inner Unique": false, "Plans": [{"Node Type": "Nested Loop", "Parent Relationship": "Outer", "Join Type": "Inner", "Startup Cost": 0.0, "Total Cost": 208944.27, "Plan Rows": 289936, "Plan Width": 25, "Inner Unique": true, "Plans": [{"Node Type": "Nested Loop", "Parent Relationship": "Outer", "Join Type": "Inner", "Startup Cost": 0.0, "Total Cost": 61745.44, "Plan Rows": 209278, "Plan Width": 4, "Inner Unique": false, "Plans": [{"Node Type": "Index Scan", "Parent Relationship": "Outer", "Scan Direction": "Forward", "Index Name": "company_type_pkey", "Relation Name": "company_type", "Alias": "ct", "Startup Cost": 0.0, "Total Cost": 12.3, "Plan Rows": 1, "Plan Width": 4, "Filter": "((kind)::text = 'production companies'::text)"}, {"Node Type": "Index Scan", "Parent Relationship": "Inner", "Scan Direction": "Forward", "Index Name": "company_type_id_movie_companies", "Relation Name": "movie_companies", "Alias": "mc", "Startup Cost": 0.0, "Total Cost": 59640.35, "Plan Rows": 209279, "Plan Width": 8, "Index Cond": "(company_type_id = ct.id), (LLVM Optimized)", "Filter": "(((note)::text !~~ '%(TV)%'::text) AND ((note)::text ~~ '%(USA)%'::text)), (LLVM Optimized)"}]}, {"Node Type": "Index Scan", "Parent Relationship": "Inner", "Scan Direction": "Forward", "Index Name": "title_pkey", "Relation Name": "title", "Alias": "t", "Startup Cost": 0.0, "Total Cost": 0.69, "Plan Rows": 1, "Plan Width": 21, "Index Cond": "(id = mc.movie_id)", "Filter": "(production_year > 1990)"}]}, {"Node Type": "Index Scan", "Parent Relationship": "Inner", "Scan Direction": "Forward", "Index Name": "movie_id_movie_info", "Relation Name": "movie_info", "Alias": "mi", "Startup Cost": 0.0, "Total Cost": 0.88, "Plan Rows": 1, "Plan Width": 8, "Index Cond": "(movie_id = t.id)", "Filter": "((info)::text = ANY ('{Sweden,Norway,Germany,Denmark,Swedish,Denish,Norwegian,German,USA,American}'::text[]))"}]}, {"Node Type": "Hash", "Parent Relationship": "Inner", "Startup Cost": 9.93, "Total Cost": 9.93, "Plan Rows": 112, "Plan Width": 4, "Plans": [{"Node Type": "Index Only Scan", "Parent Relationship": "Outer", "Scan Direction": "Forward", "Index Name": "info_type_pkey", "Relation Name": "info_type", "Alias": "it", "Startup Cost": 0.0, "Total Cost": 9.93, "Plan Rows": 112, "Plan Width": 4}]}]}]}, "Unique SQL Id": 322094867}, "explain_analyze_plan": {"Plan": {"Node Type": "Aggregate", "Strategy": "Plain", "Startup Cost": 472671.15, "Total Cost": 472671.16, "Plan Rows": 1, "Plan Width": 49, "Actual Startup Time": 774.213, "Actual Total Time": 774.213, "Actual Rows": 1, "Actual Loops": 1, "Plans": [{"Node Type": "Hash Join", "Parent Relationship": "Outer", "Join Type": "Inner", "Startup Cost": 11.33, "Total Cost": 471843.53, "Plan Rows": 331050, "Plan Width": 17, "Actual Startup Time": 9.858, "Actual Total Time": 773.74, "Actual Rows": 669, "Actual Loops": 1, "Inner Unique": true, "Hash Cond": "(mi.info_type_id = it.id), (LLVM Optimized, Jit Execute)", "Plans": [{"Node Type": "Nested Loop", "Parent Relationship": "Outer", "Join Type": "Inner", "Startup Cost": 0.0, "Total Cost": 467462.34, "Plan Rows": 331050, "Plan Width": 21, "Actual Startup Time": 9.725, "Actual Total Time": 773.118, "Actual Rows": 669, "Actual Loops": 1, "Inner Unique": false, "Plans": [{"Node Type": "Nested Loop", "Parent Relationship": "Outer", "Join Type": "Inner", "Startup Cost": 0.0, "Total Cost": 208944.27, "Plan Rows": 289936, "Plan Width": 25, "Actual Startup Time": 9.7, "Actual Total Time": 747.656, "Actual Rows": 767, "Actual Loops": 1, "Inner Unique": true, "Plans": [{"Node Type": "Nested Loop", "Parent Relationship": "Outer", "Join Type": "Inner", "Startup Cost": 0.0, "Total Cost": 61745.44, "Plan Rows": 209278, "Plan Width": 4, "Actual Startup Time": 9.665, "Actual Total Time": 739.754, "Actual Rows": 798, "Actual Loops": 1, "Inner Unique": false, "Plans": [{"Node Type": "Index Scan", "Parent Relationship": "Outer", "Scan Direction": "Forward", "Index Name": "company_type_pkey", "Relation Name": "company_type", "Alias": "ct", "Startup Cost": 0.0, "Total Cost": 12.3, "Plan Rows": 1, "Plan Width": 4, "Actual Startup Time": 0.017, "Actual Total Time": 0.025, "Actual Rows": 1, "Actual Loops": 1, "Filter": "((kind)::text = 'production companies'::text)", "Rows Removed by Filter": 2}, {"Node Type": "Index Scan", "Parent Relationship": "Inner", "Scan Direction": "Forward", "Index Name": "company_type_id_movie_companies", "Relation Name": "movie_companies", "Alias": "mc", "Startup Cost": 0.0, "Total Cost": 59640.35, "Plan Rows": 209279, "Plan Width": 8, "Actual Startup Time": 9.643, "Actual Total Time": 739.513, "Actual Rows": 798, "Actual Loops": 1, "Index Cond": "(company_type_id = ct.id), (LLVM Optimized, Jit Execute)", "Rows Removed by Index Recheck": 0, "Filter": "(((note)::text !~~ '%(TV)%'::text) AND ((note)::text ~~ '%(USA)%'::text)), (LLVM Optimized, Jit Execute)", "Rows Removed by Filter": 1334085}]}, {"Node Type": "Index Scan", "Parent Relationship": "Inner", "Scan Direction": "Forward", "Index Name": "title_pkey", "Relation Name": "title", "Alias": "t", "Startup Cost": 0.0, "Total Cost": 0.69, "Plan Rows": 1, "Plan Width": 21, "Actual Startup Time": 7.041, "Actual Total Time": 7.041, "Actual Rows": 767, "Actual Loops": 798, "Index Cond": "(id = mc.movie_id)", "Rows Removed by Index Recheck": 0, "Filter": "(production_year > 1990)", "Rows Removed by Filter": 31}]}, {"Node Type": "Index Scan", "Parent Relationship": "Inner", "Scan Direction": "Forward", "Index Name": "movie_id_movie_info", "Relation Name": "movie_info", "Alias": "mi", "Startup Cost": 0.0, "Total Cost": 0.88, "Plan Rows": 1, "Plan Width": 8, "Actual Startup Time": 21.814, "Actual Total Time": 24.782, "Actual Rows": 669, "Actual Loops": 767, "Index Cond": "(movie_id = t.id)", "Rows Removed by Index Recheck": 0, "Filter": "((info)::text = ANY ('{Sweden,Norway,Germany,Denmark,Swedish,Denish,Norwegian,German,USA,American}'::text[]))", "Rows Removed by Filter": 7721}]}, {"Node Type": "Hash", "Parent Relationship": "Inner", "Startup Cost": 9.93, "Total Cost": 9.93, "Plan Rows": 112, "Plan Width": 4, "Actual Startup Time": 0.074, "Actual Total Time": 0.074, "Actual Rows": 112, "Actual Loops": 1, "Hash Buckets": 32768, "Hash Batches": 1, "Original Hash Batches": 1, "Peak Memory Usage": 4, "Plans": [{"Node Type": "Index Only Scan", "Parent Relationship": "Outer", "Scan Direction": "Forward", "Index Name": "info_type_pkey", "Relation Name": "info_type", "Alias": "it", "Startup Cost": 0.0, "Total Cost": 9.93, "Plan Rows": 112, "Plan Width": 4, "Actual Startup Time": 0.014, "Actual Total Time": 0.03, "Actual Rows": 112, "Actual Loops": 1, "Heap Fetches": 0}]}]}]}, "Triggers": [], "Planner Runtime": 12.079, "Total Runtime": 784.223, "Unique SQL Id": 322094867}}, "(64, 2)": {"explain_plan": {"Plan": {"Node Type": "Aggregate", "Strategy": "Plain", "Startup Cost": 282595.42, "Total Cost": 282595.43, "Plan Rows": 1, "Plan Width": 49, "Plans": [{"Node Type": "Hash Join", "Parent Relationship": "Outer", "Join Type": "Inner", "Startup Cost": 187293.84, "Total Cost": 281767.79, "Plan Rows": 331050, "Plan Width": 17, "Inner Unique": true, "Hash Cond": "(mi.info_type_id = it.id), (LLVM Optimized)", "Plans": [{"Node Type": "Hash Join", "Parent Relationship": "Outer", "Join Type": "Inner", "Startup Cost": 187290.32, "Total Cost": 277212.34, "Plan Rows": 331050, "Plan Width": 21, "Inner Unique": false, "Hash Cond": "(mi.movie_id = t.id), (LLVM Optimized)", "Plans": [{"Node Type": "Streaming(type: LOCAL GATHER dop: 1/64)", "Parent Relationship": "Outer", "Startup Cost": 0.0, "Total Cost": 85529.75, "Plan Rows": 726375, "Plan Width": 8, "Plans": [{"Node Type": "Seq Scan", "Parent Relationship": "Outer", "Relation Name": "movie_info", "Alias": "mi", "Startup Cost": 0.0, "Total Cost": 70544.72, "Plan Rows": 726375, "Plan Width": 8, "Filter": "((info)::text = ANY ('{Sweden,Norway,Germany,Denmark,Swedish,Denish,Norwegian,German,USA,American}'::text[]))"}]}, {"Node Type": "Hash", "Parent Relationship": "Inner", "Startup Cost": 183666.12, "Total Cost": 183666.12, "Plan Rows": 289936, "Plan Width": 25, "Plans": [{"Node Type": "Hash Join", "Parent Relationship": "Outer", "Join Type": "Inner", "Startup Cost": 121977.26, "Total Cost": 183666.12, "Plan Rows": 289936, "Plan Width": 25, "Inner Unique": true, "Hash Cond": "(mc.movie_id = t.id), (LLVM Optimized)", "Plans": [{"Node Type": "Hash Join", "Parent Relationship": "Outer", "Join Type": "Inner", "Startup Cost": 1.05, "Total Cost": 58005.76, "Plan Rows": 209278, "Plan Width": 4, "Inner Unique": true, "Hash Cond": "(mc.company_type_id = ct.id), (LLVM Optimized)", "Plans": [{"Node Type": "Seq Scan", "Parent Relationship": "Outer", "Relation Name": "movie_companies", "Alias": "mc", "Startup Cost": 0.0, "Total Cost": 54862.92, "Plan Rows": 418557, "Plan Width": 8, "Filter": "(((note)::text !~~ '%(TV)%'::text) AND ((note)::text ~~ '%(USA)%'::text)), (LLVM Optimized)"}, {"Node Type": "Hash", "Parent Relationship": "Inner", "Startup Cost": 1.04, "Total Cost": 1.04, "Plan Rows": 1, "Plan Width": 4, "Plans": [{"Node Type": "Seq Scan", "Parent Relationship": "Outer", "Relation Name": "company_type", "Alias": "ct", "Startup Cost": 0.0, "Total Cost": 1.04, "Plan Rows": 1, "Plan Width": 4, "Filter": "((kind)::text = 'production companies'::text)"}]}]}, {"Node Type": "Hash", "Parent Relationship": "Inner", "Startup Cost": 100115.71, "Total Cost": 100115.71, "Plan Rows": 1748840, "Plan Width": 21, "Plans": [{"Node Type": "Streaming(type: LOCAL GATHER dop: 1/64)", "Parent Relationship": "Outer", "Startup Cost": 0.0, "Total Cost": 100115.71, "Plan Rows": 1748840, "Plan Width": 21, "Plans": [{"Node Type": "Seq Scan", "Parent Relationship": "Outer", "Relation Name": "title", "Alias": "t", "Startup Cost": 0.0, "Total Cost": 64037.34, "Plan Rows": 1748840, "Plan Width": 21, "Filter": "(production_year > 1990), (LLVM Optimized)"}]}]}]}]}]}, {"Node Type": "Hash", "Parent Relationship": "Inner", "Startup Cost": 2.12, "Total Cost": 2.12, "Plan Rows": 112, "Plan Width": 4, "Plans": [{"Node Type": "Seq Scan", "Parent Relationship": "Outer", "Relation Name": "info_type", "Alias": "it", "Startup Cost": 0.0, "Total Cost": 2.12, "Plan Rows": 112, "Plan Width": 4}]}]}]}, "Unique SQL Id": 322094867}, "explain_analyze_plan": {"Plan": {"Node Type": "Aggregate", "Strategy": "Plain", "Startup Cost": 282595.42, "Total Cost": 282595.43, "Plan Rows": 1, "Plan Width": 49, "Actual Min Startup Time": 2863.059, "Actual Max Startup Time": 2863.059, "Actual Min Total Time": 2863.059, "Actual Max Total Time": 2863.059, "Actual Total Rows": 1, "Plans": [{"Node Type": "Hash Join", "Parent Relationship": "Outer", "Join Type": "Inner", "Startup Cost": 187293.84, "Total Cost": 281767.79, "Plan Rows": 331050, "Plan Width": 17, "Actual Min Startup Time": 2501.901, "Actual Max Startup Time": 2501.901, "Actual Min Total Time": 2862.568, "Actual Max Total Time": 2862.568, "Actual Total Rows": 669, "Inner Unique": true, "Hash Cond": "(mi.info_type_id = it.id), (LLVM Optimized, Jit Execute)", "Plans": [{"Node Type": "Hash Join", "Parent Relationship": "Outer", "Join Type": "Inner", "Startup Cost": 187290.32, "Total Cost": 277212.34, "Plan Rows": 331050, "Plan Width": 21, "Actual Min Startup Time": 2501.69, "Actual Max Startup Time": 2501.69, "Actual Min Total Time": 2861.865, "Actual Max Total Time": 2861.865, "Actual Total Rows": 669, "Inner Unique": false, "Hash Cond": "(mi.movie_id = t.id), (LLVM Optimized, Jit Execute)", "Plans": [{"Node Type": "Streaming(type: LOCAL GATHER dop: 1/64)", "Parent Relationship": "Outer", "Startup Cost": 0.0, "Total Cost": 85529.75, "Plan Rows": 726375, "Plan Width": 8, "Actual Min Startup Time": 0.158, "Actual Max Startup Time": 0.158, "Actual Min Total Time": 218.045, "Actual Max Total Time": 218.045, "Actual Total Rows": 706674, "Plans": [{"Node Type": "Seq Scan", "Parent Relationship": "Outer", "Relation Name": "movie_info", "Alias": "mi", "Startup Cost": 0.0, "Total Cost": 70544.72, "Plan Rows": 726375, "Plan Width": 8, "Actual Min Startup Time": 0.04, "Actual Max Startup Time": 3.309, "Actual Min Total Time": 121.222, "Actual Max Total Time": 141.902, "Actual Total Rows": 706674, "Filter": "((info)::text = ANY ('{Sweden,Norway,Germany,Denmark,Swedish,Denish,Norwegian,German,USA,American}'::text[]))", "Rows Removed by Filter": 14129045}]}, {"Node Type": "Hash", "Parent Relationship": "Inner", "Startup Cost": 183666.12, "Total Cost": 183666.12, "Plan Rows": 289936, "Plan Width": 25, "Actual Min Startup Time": 2495.521, "Actual Max Startup Time": 2495.521, "Actual Min Total Time": 2495.521, "Actual Max Total Time": 2495.521, "Actual Total Rows": 767, "Max Hash Buckets": 524288, "Min Hash Buckets": 524288, "Max Hash Batches": 1, "Min Hash Batches": 1, "Max Original Hash Batches": 1, "Min Original Hash Batches": 1, "Max Peak Memory Usage": 45, "min Peak Memory Usage": 45, "Plans": [{"Node Type": "Hash Join", "Parent Relationship": "Outer", "Join Type": "Inner", "Startup Cost": 121977.26, "Total Cost": 183666.12, "Plan Rows": 289936, "Plan Width": 25, "Actual Min Startup Time": 2159.015, "Actual Max Startup Time": 2159.015, "Actual Min Total Time": 2495.106, "Actual Max Total Time": 2495.106, "Actual Total Rows": 767, "Inner Unique": true, "Hash Cond": "(mc.movie_id = t.id), (LLVM Optimized, Jit Execute)", "Plans": [{"Node Type": "Hash Join", "Parent Relationship": "Outer", "Join Type": "Inner", "Startup Cost": 1.05, "Total Cost": 58005.76, "Plan Rows": 209278, "Plan Width": 4, "Actual Min Startup Time": 793.946, "Actual Max Startup Time": 793.946, "Actual Min Total Time": 1129.362, "Actual Max Total Time": 1129.362, "Actual Total Rows": 798, "Inner Unique": true, "Hash Cond": "(mc.company_type_id = ct.id), (LLVM Optimized, Jit Execute)", "Plans": [{"Node Type": "Seq Scan", "Parent Relationship": "Outer", "Relation Name": "movie_companies", "Alias": "mc", "Startup Cost": 0.0, "Total Cost": 54862.92, "Plan Rows": 418557, "Plan Width": 8, "Actual Min Startup Time": 0.053, "Actual Max Startup Time": 0.053, "Actual Min Total Time": 1077.451, "Actual Max Total Time": 1077.451, "Actual Total Rows": 295628, "Filter": "(((note)::text !~~ '%(TV)%'::text) AND ((note)::text ~~ '%(USA)%'::text)), (LLVM Optimized, Jit Execute)", "Rows Removed by Filter": 2313500}, {"Node Type": "Hash", "Parent Relationship": "Inner", "Startup Cost": 1.04, "Total Cost": 1.04, "Plan Rows": 1, "Plan Width": 4, "Actual Min Startup Time": 0.032, "Actual Max Startup Time": 0.032, "Actual Min Total Time": 0.032, "Actual Max Total Time": 0.032, "Actual Total Rows": 1, "Max Hash Buckets": 32768, "Min Hash Buckets": 32768, "Max Hash Batches": 1, "Min Hash Batches": 1, "Max Original Hash Batches": 1, "Min Original Hash Batches": 1, "Max Peak Memory Usage": 1, "min Peak Memory Usage": 1, "Plans": [{"Node Type": "Seq Scan", "Parent Relationship": "Outer", "Relation Name": "company_type", "Alias": "ct", "Startup Cost": 0.0, "Total Cost": 1.04, "Plan Rows": 1, "Plan Width": 4, "Actual Min Startup Time": 0.024, "Actual Max Startup Time": 0.024, "Actual Min Total Time": 0.027, "Actual Max Total Time": 0.027, "Actual Total Rows": 1, "Filter": "((kind)::text = 'production companies'::text)", "Rows Removed by Filter": 2}]}]}, {"Node Type": "Hash", "Parent Relationship": "Inner", "Startup Cost": 100115.71, "Total Cost": 100115.71, "Plan Rows": 1748840, "Plan Width": 21, "Actual Min Startup Time": 1363.436, "Actual Max Startup Time": 1363.436, "Actual Min Total Time": 1363.436, "Actual Max Total Time": 1363.436, "Actual Total Rows": 1749032, "Max Hash Buckets": 2097152, "Min Hash Buckets": 2097152, "Max Hash Batches": 1, "Min Hash Batches": 1, "Max Original Hash Batches": 1, "Min Original Hash Batches": 1, "Max Peak Memory Usage": 93635, "min Peak Memory Usage": 93635, "Plans": [{"Node Type": "Streaming(type: LOCAL GATHER dop: 1/64)", "Parent Relationship": "Outer", "Startup Cost": 0.0, "Total Cost": 100115.71, "Plan Rows": 1748840, "Plan Width": 21, "Actual Min Startup Time": 111.075, "Actual Max Startup Time": 111.075, "Actual Min Total Time": 745.821, "Actual Max Total Time": 745.821, "Actual Total Rows": 1749032, "Plans": [{"Node Type": "Seq Scan", "Parent Relationship": "Outer", "Relation Name": "title", "Alias": "t", "Startup Cost": 0.0, "Total Cost": 64037.34, "Plan Rows": 1748840, "Plan Width": 21, "Actual Min Startup Time": 0.025, "Actual Max Startup Time": 0.049, "Actual Min Total Time": 15.077, "Actual Max Total Time": 19.374, "Actual Total Rows": 1749032, "Filter": "(production_year > 1990), (LLVM Optimized, Jit Execute)", "Rows Removed by Filter": 779279}]}]}]}]}]}, {"Node Type": "Hash", "Parent Relationship": "Inner", "Startup Cost": 2.12, "Total Cost": 2.12, "Plan Rows": 112, "Plan Width": 4, "Actual Min Startup Time": 0.133, "Actual Max Startup Time": 0.133, "Actual Min Total Time": 0.133, "Actual Max Total Time": 0.133, "Actual Total Rows": 112, "Max Hash Buckets": 32768, "Min Hash Buckets": 32768, "Max Hash Batches": 1, "Min Hash Batches": 1, "Max Original Hash Batches": 1, "Min Original Hash Batches": 1, "Max Peak Memory Usage": 4, "min Peak Memory Usage": 4, "Plans": [{"Node Type": "Seq Scan", "Parent Relationship": "Outer", "Relation Name": "info_type", "Alias": "it", "Startup Cost": 0.0, "Total Cost": 2.12, "Plan Rows": 112, "Plan Width": 4, "Actual Min Startup Time": 0.056, "Actual Max Startup Time": 0.056, "Actual Min Total Time": 0.079, "Actual Max Total Time": 0.079, "Actual Total Rows": 112}]}]}]}, "Triggers": [], "Planner Runtime": 19.742, "Total Runtime": 2897.891, "Unique SQL Id": 322094867}}, "(64, 3)": {"explain_plan": {"Plan": {"Node Type": "Aggregate", "Strategy": "Plain", "Startup Cost": 1009784.61, "Total Cost": 1009784.62, "Plan Rows": 1, "Plan Width": 49, "Plans": [{"Node Type": "Hash Join", "Parent Relationship": "Outer", "Join Type": "Inner", "Startup Cost": 517150.55, "Total Cost": 1008956.99, "Plan Rows": 331050, "Plan Width": 17, "Inner Unique": true, "Hash Cond": "(mi.info_type_id = it.id), (LLVM Optimized)", "Plans": [{"Node Type": "Hash Join", "Parent Relationship": "Outer", "Join Type": "Inner", "Startup Cost": 517135.19, "Total Cost": 1004389.69, "Plan Rows": 331050, "Plan Width": 21, "Inner Unique": false, "Hash Cond": "(mi.movie_id = t.id), (LLVM Optimized)", "Plans": [{"Node Type": "Bitmap Heap Scan", "Parent Relationship": "Outer", "Relation Name": "movie_info", "Alias": "mi", "Startup Cost": 301827.67, "Total Cost": 784689.91, "Plan Rows": 726375, "Plan Width": 8, "Filter": "((info)::text = ANY ('{Sweden,Norway,Germany,Denmark,Swedish,Denish,Norwegian,German,USA,American}'::text[]))", "Plans": [{"Node Type": "Bitmap Index Scan", "Parent Relationship": "Outer", "Index Name": "movie_id_movie_info", "Startup Cost": 0.0, "Total Cost": 301646.08, "Plan Rows": 14869966, "Plan Width": 0}]}, {"Node Type": "Hash", "Parent Relationship": "Inner", "Startup Cost": 211683.32, "Total Cost": 211683.32, "Plan Rows": 289936, "Plan Width": 25, "Plans": [{"Node Type": "Hash Join", "Parent Relationship": "Outer", "Join Type": "Inner", "Startup Cost": 167346.47, "Total Cost": 211683.32, "Plan Rows": 289936, "Plan Width": 25, "Inner Unique": true, "Hash Cond": "(mc.movie_id = t.id), (LLVM Optimized)", "Plans": [{"Node Type": "Nested Loop", "Parent Relationship": "Outer", "Join Type": "Inner", "Startup Cost": 29005.06, "Total Cost": 69657.76, "Plan Rows": 209278, "Plan Width": 4, "Inner Unique": false, "Plans": [{"Node Type": "Bitmap Heap Scan", "Parent Relationship": "Outer", "Relation Name": "company_type", "Alias": "ct", "Startup Cost": 8.27, "Total Cost": 12.3, "Plan Rows": 1, "Plan Width": 4, "Filter": "((kind)::text = 'production companies'::text)", "Plans": [{"Node Type": "Bitmap Index Scan", "Parent Relationship": "Outer", "Index Name": "company_type_pkey", "Startup Cost": 0.0, "Total Cost": 8.27, "Plan Rows": 3, "Plan Width": 0}]}, {"Node Type": "Bitmap Heap Scan", "Parent Relationship": "Inner", "Relation Name": "movie_companies", "Alias": "mc", "Startup Cost": 28996.8, "Total Cost": 67552.67, "Plan Rows": 209279, "Plan Width": 8, "Recheck Cond": "(company_type_id = ct.id), (LLVM Optimized)", "Filter": "(((note)::text !~~ '%(TV)%'::text) AND ((note)::text ~~ '%(USA)%'::text)), (LLVM Optimized)", "Plans": [{"Node Type": "Bitmap Index Scan", "Parent Relationship": "Outer", "Index Name": "company_type_id_movie_companies", "Startup Cost": 0.0, "Total Cost": 28944.48, "Plan Rows": 1304564, "Plan Width": 0, "Index Cond": "(company_type_id = ct.id)"}]}]}, {"Node Type": "Hash", "Parent Relationship": "Inner", "Startup Cost": 116480.9, "Total Cost": 116480.9, "Plan Rows": 1748840, "Plan Width": 21, "Plans": [{"Node Type": "Bitmap Heap Scan", "Parent Relationship": "Outer", "Relation Name": "title", "Alias": "t", "Startup Cost": 50091.01, "Total Cost": 116480.9, "Plan Rows": 1748840, "Plan Width": 21, "Filter": "(production_year > 1990), (LLVM Optimized)", "Plans": [{"Node Type": "Bitmap Index Scan", "Parent Relationship": "Outer", "Index Name": "title_pkey", "Startup Cost": 0.0, "Total Cost": 49653.81, "Plan Rows": 2528311, "Plan Width": 0}]}]}]}]}]}, {"Node Type": "Hash", "Parent Relationship": "Inner", "Startup Cost": 13.96, "Total Cost": 13.96, "Plan Rows": 112, "Plan Width": 4, "Plans": [{"Node Type": "Bitmap Heap Scan", "Parent Relationship": "Outer", "Relation Name": "info_type", "Alias": "it", "Startup Cost": 8.84, "Total Cost": 13.96, "Plan Rows": 112, "Plan Width": 4, "Plans": [{"Node Type": "Bitmap Index Scan", "Parent Relationship": "Outer", "Index Name": "info_type_pkey", "Startup Cost": 0.0, "Total Cost": 8.81, "Plan Rows": 112, "Plan Width": 0}]}]}]}]}, "Unique SQL Id": 322094867}, "explain_analyze_plan": null}, "(64, 4)": {"explain_plan": {"Plan": {"Node Type": "Aggregate", "Strategy": "Plain", "Startup Cost": 282595.42, "Total Cost": 282595.43, "Plan Rows": 1, "Plan Width": 49, "Plans": [{"Node Type": "Hash Join", "Parent Relationship": "Outer", "Join Type": "Inner", "Startup Cost": 187293.84, "Total Cost": 281767.79, "Plan Rows": 331050, "Plan Width": 17, "Inner Unique": true, "Hash Cond": "(mi.info_type_id = it.id), (LLVM Optimized)", "Plans": [{"Node Type": "Hash Join", "Parent Relationship": "Outer", "Join Type": "Inner", "Startup Cost": 187290.32, "Total Cost": 277212.34, "Plan Rows": 331050, "Plan Width": 21, "Inner Unique": false, "Hash Cond": "(mi.movie_id = t.id), (LLVM Optimized)", "Plans": [{"Node Type": "Streaming(type: LOCAL GATHER dop: 1/64)", "Parent Relationship": "Outer", "Startup Cost": 0.0, "Total Cost": 85529.75, "Plan Rows": 726375, "Plan Width": 8, "Plans": [{"Node Type": "Seq Scan", "Parent Relationship": "Outer", "Relation Name": "movie_info", "Alias": "mi", "Startup Cost": 0.0, "Total Cost": 70544.72, "Plan Rows": 726375, "Plan Width": 8, "Filter": "((info)::text = ANY ('{Sweden,Norway,Germany,Denmark,Swedish,Denish,Norwegian,German,USA,American}'::text[]))"}]}, {"Node Type": "Hash", "Parent Relationship": "Inner", "Startup Cost": 183666.12, "Total Cost": 183666.12, "Plan Rows": 289936, "Plan Width": 25, "Plans": [{"Node Type": "Hash Join", "Parent Relationship": "Outer", "Join Type": "Inner", "Startup Cost": 121977.26, "Total Cost": 183666.12, "Plan Rows": 289936, "Plan Width": 25, "Inner Unique": true, "Hash Cond": "(mc.movie_id = t.id), (LLVM Optimized)", "Plans": [{"Node Type": "Hash Join", "Parent Relationship": "Outer", "Join Type": "Inner", "Startup Cost": 1.05, "Total Cost": 58005.76, "Plan Rows": 209278, "Plan Width": 4, "Inner Unique": true, "Hash Cond": "(mc.company_type_id = ct.id), (LLVM Optimized)", "Plans": [{"Node Type": "Seq Scan", "Parent Relationship": "Outer", "Relation Name": "movie_companies", "Alias": "mc", "Startup Cost": 0.0, "Total Cost": 54862.92, "Plan Rows": 418557, "Plan Width": 8, "Filter": "(((note)::text !~~ '%(TV)%'::text) AND ((note)::text ~~ '%(USA)%'::text)), (LLVM Optimized)"}, {"Node Type": "Hash", "Parent Relationship": "Inner", "Startup Cost": 1.04, "Total Cost": 1.04, "Plan Rows": 1, "Plan Width": 4, "Plans": [{"Node Type": "Seq Scan", "Parent Relationship": "Outer", "Relation Name": "company_type", "Alias": "ct", "Startup Cost": 0.0, "Total Cost": 1.04, "Plan Rows": 1, "Plan Width": 4, "Filter": "((kind)::text = 'production companies'::text)"}]}]}, {"Node Type": "Hash", "Parent Relationship": "Inner", "Startup Cost": 100115.71, "Total Cost": 100115.71, "Plan Rows": 1748840, "Plan Width": 21, "Plans": [{"Node Type": "Streaming(type: LOCAL GATHER dop: 1/64)", "Parent Relationship": "Outer", "Startup Cost": 0.0, "Total Cost": 100115.71, "Plan Rows": 1748840, "Plan Width": 21, "Plans": [{"Node Type": "Seq Scan", "Parent Relationship": "Outer", "Relation Name": "title", "Alias": "t", "Startup Cost": 0.0, "Total Cost": 64037.34, "Plan Rows": 1748840, "Plan Width": 21, "Filter": "(production_year > 1990), (LLVM Optimized)"}]}]}]}]}]}, {"Node Type": "Hash", "Parent Relationship": "Inner", "Startup Cost": 2.12, "Total Cost": 2.12, "Plan Rows": 112, "Plan Width": 4, "Plans": [{"Node Type": "Seq Scan", "Parent Relationship": "Outer", "Relation Name": "info_type", "Alias": "it", "Startup Cost": 0.0, "Total Cost": 2.12, "Plan Rows": 112, "Plan Width": 4}]}]}]}, "Unique SQL Id": 322094867}, "explain_analyze_plan": {"Plan": {"Node Type": "Aggregate", "Strategy": "Plain", "Startup Cost": 282595.42, "Total Cost": 282595.43, "Plan Rows": 1, "Plan Width": 49, "Actual Min Startup Time": 2863.059, "Actual Max Startup Time": 2863.059, "Actual Min Total Time": 2863.059, "Actual Max Total Time": 2863.059, "Actual Total Rows": 1, "Plans": [{"Node Type": "Hash Join", "Parent Relationship": "Outer", "Join Type": "Inner", "Startup Cost": 187293.84, "Total Cost": 281767.79, "Plan Rows": 331050, "Plan Width": 17, "Actual Min Startup Time": 2501.901, "Actual Max Startup Time": 2501.901, "Actual Min Total Time": 2862.568, "Actual Max Total Time": 2862.568, "Actual Total Rows": 669, "Inner Unique": true, "Hash Cond": "(mi.info_type_id = it.id), (LLVM Optimized, Jit Execute)", "Plans": [{"Node Type": "Hash Join", "Parent Relationship": "Outer", "Join Type": "Inner", "Startup Cost": 187290.32, "Total Cost": 277212.34, "Plan Rows": 331050, "Plan Width": 21, "Actual Min Startup Time": 2501.69, "Actual Max Startup Time": 2501.69, "Actual Min Total Time": 2861.865, "Actual Max Total Time": 2861.865, "Actual Total Rows": 669, "Inner Unique": false, "Hash Cond": "(mi.movie_id = t.id), (LLVM Optimized, Jit Execute)", "Plans": [{"Node Type": "Streaming(type: LOCAL GATHER dop: 1/64)", "Parent Relationship": "Outer", "Startup Cost": 0.0, "Total Cost": 85529.75, "Plan Rows": 726375, "Plan Width": 8, "Actual Min Startup Time": 0.158, "Actual Max Startup Time": 0.158, "Actual Min Total Time": 218.045, "Actual Max Total Time": 218.045, "Actual Total Rows": 706674, "Plans": [{"Node Type": "Seq Scan", "Parent Relationship": "Outer", "Relation Name": "movie_info", "Alias": "mi", "Startup Cost": 0.0, "Total Cost": 70544.72, "Plan Rows": 726375, "Plan Width": 8, "Actual Min Startup Time": 0.04, "Actual Max Startup Time": 3.309, "Actual Min Total Time": 121.222, "Actual Max Total Time": 141.902, "Actual Total Rows": 706674, "Filter": "((info)::text = ANY ('{Sweden,Norway,Germany,Denmark,Swedish,Denish,Norwegian,German,USA,American}'::text[]))", "Rows Removed by Filter": 14129045}]}, {"Node Type": "Hash", "Parent Relationship": "Inner", "Startup Cost": 183666.12, "Total Cost": 183666.12, "Plan Rows": 289936, "Plan Width": 25, "Actual Min Startup Time": 2495.521, "Actual Max Startup Time": 2495.521, "Actual Min Total Time": 2495.521, "Actual Max Total Time": 2495.521, "Actual Total Rows": 767, "Max Hash Buckets": 524288, "Min Hash Buckets": 524288, "Max Hash Batches": 1, "Min Hash Batches": 1, "Max Original Hash Batches": 1, "Min Original Hash Batches": 1, "Max Peak Memory Usage": 45, "min Peak Memory Usage": 45, "Plans": [{"Node Type": "Hash Join", "Parent Relationship": "Outer", "Join Type": "Inner", "Startup Cost": 121977.26, "Total Cost": 183666.12, "Plan Rows": 289936, "Plan Width": 25, "Actual Min Startup Time": 2159.015, "Actual Max Startup Time": 2159.015, "Actual Min Total Time": 2495.106, "Actual Max Total Time": 2495.106, "Actual Total Rows": 767, "Inner Unique": true, "Hash Cond": "(mc.movie_id = t.id), (LLVM Optimized, Jit Execute)", "Plans": [{"Node Type": "Hash Join", "Parent Relationship": "Outer", "Join Type": "Inner", "Startup Cost": 1.05, "Total Cost": 58005.76, "Plan Rows": 209278, "Plan Width": 4, "Actual Min Startup Time": 793.946, "Actual Max Startup Time": 793.946, "Actual Min Total Time": 1129.362, "Actual Max Total Time": 1129.362, "Actual Total Rows": 798, "Inner Unique": true, "Hash Cond": "(mc.company_type_id = ct.id), (LLVM Optimized, Jit Execute)", "Plans": [{"Node Type": "Seq Scan", "Parent Relationship": "Outer", "Relation Name": "movie_companies", "Alias": "mc", "Startup Cost": 0.0, "Total Cost": 54862.92, "Plan Rows": 418557, "Plan Width": 8, "Actual Min Startup Time": 0.053, "Actual Max Startup Time": 0.053, "Actual Min Total Time": 1077.451, "Actual Max Total Time": 1077.451, "Actual Total Rows": 295628, "Filter": "(((note)::text !~~ '%(TV)%'::text) AND ((note)::text ~~ '%(USA)%'::text)), (LLVM Optimized, Jit Execute)", "Rows Removed by Filter": 2313500}, {"Node Type": "Hash", "Parent Relationship": "Inner", "Startup Cost": 1.04, "Total Cost": 1.04, "Plan Rows": 1, "Plan Width": 4, "Actual Min Startup Time": 0.032, "Actual Max Startup Time": 0.032, "Actual Min Total Time": 0.032, "Actual Max Total Time": 0.032, "Actual Total Rows": 1, "Max Hash Buckets": 32768, "Min Hash Buckets": 32768, "Max Hash Batches": 1, "Min Hash Batches": 1, "Max Original Hash Batches": 1, "Min Original Hash Batches": 1, "Max Peak Memory Usage": 1, "min Peak Memory Usage": 1, "Plans": [{"Node Type": "Seq Scan", "Parent Relationship": "Outer", "Relation Name": "company_type", "Alias": "ct", "Startup Cost": 0.0, "Total Cost": 1.04, "Plan Rows": 1, "Plan Width": 4, "Actual Min Startup Time": 0.024, "Actual Max Startup Time": 0.024, "Actual Min Total Time": 0.027, "Actual Max Total Time": 0.027, "Actual Total Rows": 1, "Filter": "((kind)::text = 'production companies'::text)", "Rows Removed by Filter": 2}]}]}, {"Node Type": "Hash", "Parent Relationship": "Inner", "Startup Cost": 100115.71, "Total Cost": 100115.71, "Plan Rows": 1748840, "Plan Width": 21, "Actual Min Startup Time": 1363.436, "Actual Max Startup Time": 1363.436, "Actual Min Total Time": 1363.436, "Actual Max Total Time": 1363.436, "Actual Total Rows": 1749032, "Max Hash Buckets": 2097152, "Min Hash Buckets": 2097152, "Max Hash Batches": 1, "Min Hash Batches": 1, "Max Original Hash Batches": 1, "Min Original Hash Batches": 1, "Max Peak Memory Usage": 93635, "min Peak Memory Usage": 93635, "Plans": [{"Node Type": "Streaming(type: LOCAL GATHER dop: 1/64)", "Parent Relationship": "Outer", "Startup Cost": 0.0, "Total Cost": 100115.71, "Plan Rows": 1748840, "Plan Width": 21, "Actual Min Startup Time": 111.075, "Actual Max Startup Time": 111.075, "Actual Min Total Time": 745.821, "Actual Max Total Time": 745.821, "Actual Total Rows": 1749032, "Plans": [{"Node Type": "Seq Scan", "Parent Relationship": "Outer", "Relation Name": "title", "Alias": "t", "Startup Cost": 0.0, "Total Cost": 64037.34, "Plan Rows": 1748840, "Plan Width": 21, "Actual Min Startup Time": 0.025, "Actual Max Startup Time": 0.049, "Actual Min Total Time": 15.077, "Actual Max Total Time": 19.374, "Actual Total Rows": 1749032, "Filter": "(production_year > 1990), (LLVM Optimized, Jit Execute)", "Rows Removed by Filter": 779279}]}]}]}]}]}, {"Node Type": "Hash", "Parent Relationship": "Inner", "Startup Cost": 2.12, "Total Cost": 2.12, "Plan Rows": 112, "Plan Width": 4, "Actual Min Startup Time": 0.133, "Actual Max Startup Time": 0.133, "Actual Min Total Time": 0.133, "Actual Max Total Time": 0.133, "Actual Total Rows": 112, "Max Hash Buckets": 32768, "Min Hash Buckets": 32768, "Max Hash Batches": 1, "Min Hash Batches": 1, "Max Original Hash Batches": 1, "Min Original Hash Batches": 1, "Max Peak Memory Usage": 4, "min Peak Memory Usage": 4, "Plans": [{"Node Type": "Seq Scan", "Parent Relationship": "Outer", "Relation Name": "info_type", "Alias": "it", "Startup Cost": 0.0, "Total Cost": 2.12, "Plan Rows": 112, "Plan Width": 4, "Actual Min Startup Time": 0.056, "Actual Max Startup Time": 0.056, "Actual Min Total Time": 0.079, "Actual Max Total Time": 0.079, "Actual Total Rows": 112}]}]}]}, "Triggers": [], "Planner Runtime": 19.742, "Total Runtime": 2897.891, "Unique SQL Id": 322094867}}, "(64, 5)": {"explain_plan": {"Plan": {"Node Type": "Aggregate", "Strategy": "Plain", "Startup Cost": 472675.15, "Total Cost": 472675.16, "Plan Rows": 1, "Plan Width": 49, "Plans": [{"Node Type": "Hash Join", "Parent Relationship": "Outer", "Join Type": "Inner", "Startup Cost": 15.33, "Total Cost": 471847.53, "Plan Rows": 331050, "Plan Width": 17, "Inner Unique": true, "Hash Cond": "(mi.info_type_id = it.id), (LLVM Optimized)", "Plans": [{"Node Type": "Nested Loop", "Parent Relationship": "Outer", "Join Type": "Inner", "Startup Cost": 0.0, "Total Cost": 467462.34, "Plan Rows": 331050, "Plan Width": 21, "Inner Unique": false, "Plans": [{"Node Type": "Nested Loop", "Parent Relationship": "Outer", "Join Type": "Inner", "Startup Cost": 0.0, "Total Cost": 208944.27, "Plan Rows": 289936, "Plan Width": 25, "Inner Unique": true, "Plans": [{"Node Type": "Nested Loop", "Parent Relationship": "Outer", "Join Type": "Inner", "Startup Cost": 0.0, "Total Cost": 61745.44, "Plan Rows": 209278, "Plan Width": 4, "Inner Unique": false, "Plans": [{"Node Type": "Index Scan", "Parent Relationship": "Outer", "Scan Direction": "Forward", "Index Name": "company_type_pkey", "Relation Name": "company_type", "Alias": "ct", "Startup Cost": 0.0, "Total Cost": 12.3, "Plan Rows": 1, "Plan Width": 4, "Filter": "((kind)::text = 'production companies'::text)"}, {"Node Type": "Index Scan", "Parent Relationship": "Inner", "Scan Direction": "Forward", "Index Name": "company_type_id_movie_companies", "Relation Name": "movie_companies", "Alias": "mc", "Startup Cost": 0.0, "Total Cost": 59640.35, "Plan Rows": 209279, "Plan Width": 8, "Index Cond": "(company_type_id = ct.id), (LLVM Optimized)", "Filter": "(((note)::text !~~ '%(TV)%'::text) AND ((note)::text ~~ '%(USA)%'::text)), (LLVM Optimized)"}]}, {"Node Type": "Index Scan", "Parent Relationship": "Inner", "Scan Direction": "Forward", "Index Name": "title_pkey", "Relation Name": "title", "Alias": "t", "Startup Cost": 0.0, "Total Cost": 0.69, "Plan Rows": 1, "Plan Width": 21, "Index Cond": "(id = mc.movie_id)", "Filter": "(production_year > 1990)"}]}, {"Node Type": "Index Scan", "Parent Relationship": "Inner", "Scan Direction": "Forward", "Index Name": "movie_id_movie_info", "Relation Name": "movie_info", "Alias": "mi", "Startup Cost": 0.0, "Total Cost": 0.88, "Plan Rows": 1, "Plan Width": 8, "Index Cond": "(movie_id = t.id)", "Filter": "((info)::text = ANY ('{Sweden,Norway,Germany,Denmark,Swedish,Denish,Norwegian,German,USA,American}'::text[]))"}]}, {"Node Type": "Hash", "Parent Relationship": "Inner", "Startup Cost": 13.93, "Total Cost": 13.93, "Plan Rows": 112, "Plan Width": 4, "Plans": [{"Node Type": "Index Scan", "Parent Relationship": "Outer", "Scan Direction": "Forward", "Index Name": "info_type_pkey", "Relation Name": "info_type", "Alias": "it", "Startup Cost": 0.0, "Total Cost": 13.93, "Plan Rows": 112, "Plan Width": 4}]}]}]}, "Unique SQL Id": 322094867}, "explain_analyze_plan": {"Plan": {"Node Type": "Aggregate", "Strategy": "Plain", "Startup Cost": 472675.15, "Total Cost": 472675.16, "Plan Rows": 1, "Plan Width": 49, "Actual Startup Time": 699.169, "Actual Total Time": 699.17, "Actual Rows": 1, "Actual Loops": 1, "Plans": [{"Node Type": "Hash Join", "Parent Relationship": "Outer", "Join Type": "Inner", "Startup Cost": 15.33, "Total Cost": 471847.53, "Plan Rows": 331050, "Plan Width": 17, "Actual Startup Time": 8.757, "Actual Total Time": 698.585, "Actual Rows": 669, "Actual Loops": 1, "Inner Unique": true, "Hash Cond": "(mi.info_type_id = it.id), (LLVM Optimized)", "Plans": [{"Node Type": "Nested Loop", "Parent Relationship": "Outer", "Join Type": "Inner", "Startup Cost": 0.0, "Total Cost": 467462.34, "Plan Rows": 331050, "Plan Width": 21, "Actual Startup Time": 8.603, "Actual Total Time": 697.879, "Actual Rows": 669, "Actual Loops": 1, "Inner Unique": false, "Plans": [{"Node Type": "Nested Loop", "Parent Relationship": "Outer", "Join Type": "Inner", "Startup Cost": 0.0, "Total Cost": 208944.27, "Plan Rows": 289936, "Plan Width": 25, "Actual Startup Time": 8.584, "Actual Total Time": 674.172, "Actual Rows": 767, "Actual Loops": 1, "Inner Unique": true, "Plans": [{"Node Type": "Nested Loop", "Parent Relationship": "Outer", "Join Type": "Inner", "Startup Cost": 0.0, "Total Cost": 61745.44, "Plan Rows": 209278, "Plan Width": 4, "Actual Startup Time": 8.559, "Actual Total Time": 667.687, "Actual Rows": 798, "Actual Loops": 1, "Inner Unique": false, "Plans": [{"Node Type": "Index Scan", "Parent Relationship": "Outer", "Scan Direction": "Forward", "Index Name": "company_type_pkey", "Relation Name": "company_type", "Alias": "ct", "Startup Cost": 0.0, "Total Cost": 12.3, "Plan Rows": 1, "Plan Width": 4, "Actual Startup Time": 0.025, "Actual Total Time": 0.058, "Actual Rows": 1, "Actual Loops": 1, "Filter": "((kind)::text = 'production companies'::text)", "Rows Removed by Filter": 2}, {"Node Type": "Index Scan", "Parent Relationship": "Inner", "Scan Direction": "Forward", "Index Name": "company_type_id_movie_companies", "Relation Name": "movie_companies", "Alias": "mc", "Startup Cost": 0.0, "Total Cost": 59640.35, "Plan Rows": 209279, "Plan Width": 8, "Actual Startup Time": 8.528, "Actual Total Time": 667.302, "Actual Rows": 798, "Actual Loops": 1, "Index Cond": "(company_type_id = ct.id), (LLVM Optimized)", "Rows Removed by Index Recheck": 0, "Filter": "(((note)::text !~~ '%(TV)%'::text) AND ((note)::text ~~ '%(USA)%'::text)), (LLVM Optimized)", "Rows Removed by Filter": 1334085}]}, {"Node Type": "Index Scan", "Parent Relationship": "Inner", "Scan Direction": "Forward", "Index Name": "title_pkey", "Relation Name": "title", "Alias": "t", "Startup Cost": 0.0, "Total Cost": 0.69, "Plan Rows": 1, "Plan Width": 21, "Actual Startup Time": 5.513, "Actual Total Time": 5.513, "Actual Rows": 767, "Actual Loops": 798, "Index Cond": "(id = mc.movie_id)", "Rows Removed by Index Recheck": 0, "Filter": "(production_year > 1990)", "Rows Removed by Filter": 31}]}, {"Node Type": "Index Scan", "Parent Relationship": "Inner", "Scan Direction": "Forward", "Index Name": "movie_id_movie_info", "Relation Name": "movie_info", "Alias": "mi", "Startup Cost": 0.0, "Total Cost": 0.88, "Plan Rows": 1, "Plan Width": 8, "Actual Startup Time": 20.03, "Actual Total Time": 22.922, "Actual Rows": 669, "Actual Loops": 767, "Index Cond": "(movie_id = t.id)", "Rows Removed by Index Recheck": 0, "Filter": "((info)::text = ANY ('{Sweden,Norway,Germany,Denmark,Swedish,Denish,Norwegian,German,USA,American}'::text[]))", "Rows Removed by Filter": 7721}]}, {"Node Type": "Hash", "Parent Relationship": "Inner", "Startup Cost": 13.93, "Total Cost": 13.93, "Plan Rows": 112, "Plan Width": 4, "Actual Startup Time": 0.1, "Actual Total Time": 0.1, "Actual Rows": 112, "Actual Loops": 1, "Hash Buckets": 32768, "Hash Batches": 1, "Original Hash Batches": 1, "Peak Memory Usage": 4, "Plans": [{"Node Type": "Index Scan", "Parent Relationship": "Outer", "Scan Direction": "Forward", "Index Name": "info_type_pkey", "Relation Name": "info_type", "Alias": "it", "Startup Cost": 0.0, "Total Cost": 13.93, "Plan Rows": 112, "Plan Width": 4, "Actual Startup Time": 0.014, "Actual Total Time": 0.06, "Actual Rows": 112, "Actual Loops": 1}]}]}]}, "Triggers": [], "Planner Runtime": 12.107, "Total Runtime": 709.295, "Unique SQL Id": 322094867}}, "(64, 6)": {"explain_plan": {"Plan": {"Node Type": "Aggregate", "Strategy": "Plain", "Startup Cost": 282595.42, "Total Cost": 282595.43, "Plan Rows": 1, "Plan Width": 49, "Plans": [{"Node Type": "Hash Join", "Parent Relationship": "Outer", "Join Type": "Inner", "Startup Cost": 187293.84, "Total Cost": 281767.79, "Plan Rows": 331050, "Plan Width": 17, "Inner Unique": true, "Hash Cond": "(mi.info_type_id = it.id), (LLVM Optimized)", "Plans": [{"Node Type": "Hash Join", "Parent Relationship": "Outer", "Join Type": "Inner", "Startup Cost": 187290.32, "Total Cost": 277212.34, "Plan Rows": 331050, "Plan Width": 21, "Inner Unique": false, "Hash Cond": "(mi.movie_id = t.id), (LLVM Optimized)", "Plans": [{"Node Type": "Streaming(type: LOCAL GATHER dop: 1/64)", "Parent Relationship": "Outer", "Startup Cost": 0.0, "Total Cost": 85529.75, "Plan Rows": 726375, "Plan Width": 8, "Plans": [{"Node Type": "Seq Scan", "Parent Relationship": "Outer", "Relation Name": "movie_info", "Alias": "mi", "Startup Cost": 0.0, "Total Cost": 70544.72, "Plan Rows": 726375, "Plan Width": 8, "Filter": "((info)::text = ANY ('{Sweden,Norway,Germany,Denmark,Swedish,Denish,Norwegian,German,USA,American}'::text[]))"}]}, {"Node Type": "Hash", "Parent Relationship": "Inner", "Startup Cost": 183666.12, "Total Cost": 183666.12, "Plan Rows": 289936, "Plan Width": 25, "Plans": [{"Node Type": "Hash Join", "Parent Relationship": "Outer", "Join Type": "Inner", "Startup Cost": 121977.26, "Total Cost": 183666.12, "Plan Rows": 289936, "Plan Width": 25, "Inner Unique": true, "Hash Cond": "(mc.movie_id = t.id), (LLVM Optimized)", "Plans": [{"Node Type": "Hash Join", "Parent Relationship": "Outer", "Join Type": "Inner", "Startup Cost": 1.05, "Total Cost": 58005.76, "Plan Rows": 209278, "Plan Width": 4, "Inner Unique": true, "Hash Cond": "(mc.company_type_id = ct.id), (LLVM Optimized)", "Plans": [{"Node Type": "Seq Scan", "Parent Relationship": "Outer", "Relation Name": "movie_companies", "Alias": "mc", "Startup Cost": 0.0, "Total Cost": 54862.92, "Plan Rows": 418557, "Plan Width": 8, "Filter": "(((note)::text !~~ '%(TV)%'::text) AND ((note)::text ~~ '%(USA)%'::text)), (LLVM Optimized)"}, {"Node Type": "Hash", "Parent Relationship": "Inner", "Startup Cost": 1.04, "Total Cost": 1.04, "Plan Rows": 1, "Plan Width": 4, "Plans": [{"Node Type": "Seq Scan", "Parent Relationship": "Outer", "Relation Name": "company_type", "Alias": "ct", "Startup Cost": 0.0, "Total Cost": 1.04, "Plan Rows": 1, "Plan Width": 4, "Filter": "((kind)::text = 'production companies'::text)"}]}]}, {"Node Type": "Hash", "Parent Relationship": "Inner", "Startup Cost": 100115.71, "Total Cost": 100115.71, "Plan Rows": 1748840, "Plan Width": 21, "Plans": [{"Node Type": "Streaming(type: LOCAL GATHER dop: 1/64)", "Parent Relationship": "Outer", "Startup Cost": 0.0, "Total Cost": 100115.71, "Plan Rows": 1748840, "Plan Width": 21, "Plans": [{"Node Type": "Seq Scan", "Parent Relationship": "Outer", "Relation Name": "title", "Alias": "t", "Startup Cost": 0.0, "Total Cost": 64037.34, "Plan Rows": 1748840, "Plan Width": 21, "Filter": "(production_year > 1990), (LLVM Optimized)"}]}]}]}]}]}, {"Node Type": "Hash", "Parent Relationship": "Inner", "Startup Cost": 2.12, "Total Cost": 2.12, "Plan Rows": 112, "Plan Width": 4, "Plans": [{"Node Type": "Seq Scan", "Parent Relationship": "Outer", "Relation Name": "info_type", "Alias": "it", "Startup Cost": 0.0, "Total Cost": 2.12, "Plan Rows": 112, "Plan Width": 4}]}]}]}, "Unique SQL Id": 322094867}, "explain_analyze_plan": {"Plan": {"Node Type": "Aggregate", "Strategy": "Plain", "Startup Cost": 282595.42, "Total Cost": 282595.43, "Plan Rows": 1, "Plan Width": 49, "Actual Min Startup Time": 2863.059, "Actual Max Startup Time": 2863.059, "Actual Min Total Time": 2863.059, "Actual Max Total Time": 2863.059, "Actual Total Rows": 1, "Plans": [{"Node Type": "Hash Join", "Parent Relationship": "Outer", "Join Type": "Inner", "Startup Cost": 187293.84, "Total Cost": 281767.79, "Plan Rows": 331050, "Plan Width": 17, "Actual Min Startup Time": 2501.901, "Actual Max Startup Time": 2501.901, "Actual Min Total Time": 2862.568, "Actual Max Total Time": 2862.568, "Actual Total Rows": 669, "Inner Unique": true, "Hash Cond": "(mi.info_type_id = it.id), (LLVM Optimized, Jit Execute)", "Plans": [{"Node Type": "Hash Join", "Parent Relationship": "Outer", "Join Type": "Inner", "Startup Cost": 187290.32, "Total Cost": 277212.34, "Plan Rows": 331050, "Plan Width": 21, "Actual Min Startup Time": 2501.69, "Actual Max Startup Time": 2501.69, "Actual Min Total Time": 2861.865, "Actual Max Total Time": 2861.865, "Actual Total Rows": 669, "Inner Unique": false, "Hash Cond": "(mi.movie_id = t.id), (LLVM Optimized, Jit Execute)", "Plans": [{"Node Type": "Streaming(type: LOCAL GATHER dop: 1/64)", "Parent Relationship": "Outer", "Startup Cost": 0.0, "Total Cost": 85529.75, "Plan Rows": 726375, "Plan Width": 8, "Actual Min Startup Time": 0.158, "Actual Max Startup Time": 0.158, "Actual Min Total Time": 218.045, "Actual Max Total Time": 218.045, "Actual Total Rows": 706674, "Plans": [{"Node Type": "Seq Scan", "Parent Relationship": "Outer", "Relation Name": "movie_info", "Alias": "mi", "Startup Cost": 0.0, "Total Cost": 70544.72, "Plan Rows": 726375, "Plan Width": 8, "Actual Min Startup Time": 0.04, "Actual Max Startup Time": 3.309, "Actual Min Total Time": 121.222, "Actual Max Total Time": 141.902, "Actual Total Rows": 706674, "Filter": "((info)::text = ANY ('{Sweden,Norway,Germany,Denmark,Swedish,Denish,Norwegian,German,USA,American}'::text[]))", "Rows Removed by Filter": 14129045}]}, {"Node Type": "Hash", "Parent Relationship": "Inner", "Startup Cost": 183666.12, "Total Cost": 183666.12, "Plan Rows": 289936, "Plan Width": 25, "Actual Min Startup Time": 2495.521, "Actual Max Startup Time": 2495.521, "Actual Min Total Time": 2495.521, "Actual Max Total Time": 2495.521, "Actual Total Rows": 767, "Max Hash Buckets": 524288, "Min Hash Buckets": 524288, "Max Hash Batches": 1, "Min Hash Batches": 1, "Max Original Hash Batches": 1, "Min Original Hash Batches": 1, "Max Peak Memory Usage": 45, "min Peak Memory Usage": 45, "Plans": [{"Node Type": "Hash Join", "Parent Relationship": "Outer", "Join Type": "Inner", "Startup Cost": 121977.26, "Total Cost": 183666.12, "Plan Rows": 289936, "Plan Width": 25, "Actual Min Startup Time": 2159.015, "Actual Max Startup Time": 2159.015, "Actual Min Total Time": 2495.106, "Actual Max Total Time": 2495.106, "Actual Total Rows": 767, "Inner Unique": true, "Hash Cond": "(mc.movie_id = t.id), (LLVM Optimized, Jit Execute)", "Plans": [{"Node Type": "Hash Join", "Parent Relationship": "Outer", "Join Type": "Inner", "Startup Cost": 1.05, "Total Cost": 58005.76, "Plan Rows": 209278, "Plan Width": 4, "Actual Min Startup Time": 793.946, "Actual Max Startup Time": 793.946, "Actual Min Total Time": 1129.362, "Actual Max Total Time": 1129.362, "Actual Total Rows": 798, "Inner Unique": true, "Hash Cond": "(mc.company_type_id = ct.id), (LLVM Optimized, Jit Execute)", "Plans": [{"Node Type": "Seq Scan", "Parent Relationship": "Outer", "Relation Name": "movie_companies", "Alias": "mc", "Startup Cost": 0.0, "Total Cost": 54862.92, "Plan Rows": 418557, "Plan Width": 8, "Actual Min Startup Time": 0.053, "Actual Max Startup Time": 0.053, "Actual Min Total Time": 1077.451, "Actual Max Total Time": 1077.451, "Actual Total Rows": 295628, "Filter": "(((note)::text !~~ '%(TV)%'::text) AND ((note)::text ~~ '%(USA)%'::text)), (LLVM Optimized, Jit Execute)", "Rows Removed by Filter": 2313500}, {"Node Type": "Hash", "Parent Relationship": "Inner", "Startup Cost": 1.04, "Total Cost": 1.04, "Plan Rows": 1, "Plan Width": 4, "Actual Min Startup Time": 0.032, "Actual Max Startup Time": 0.032, "Actual Min Total Time": 0.032, "Actual Max Total Time": 0.032, "Actual Total Rows": 1, "Max Hash Buckets": 32768, "Min Hash Buckets": 32768, "Max Hash Batches": 1, "Min Hash Batches": 1, "Max Original Hash Batches": 1, "Min Original Hash Batches": 1, "Max Peak Memory Usage": 1, "min Peak Memory Usage": 1, "Plans": [{"Node Type": "Seq Scan", "Parent Relationship": "Outer", "Relation Name": "company_type", "Alias": "ct", "Startup Cost": 0.0, "Total Cost": 1.04, "Plan Rows": 1, "Plan Width": 4, "Actual Min Startup Time": 0.024, "Actual Max Startup Time": 0.024, "Actual Min Total Time": 0.027, "Actual Max Total Time": 0.027, "Actual Total Rows": 1, "Filter": "((kind)::text = 'production companies'::text)", "Rows Removed by Filter": 2}]}]}, {"Node Type": "Hash", "Parent Relationship": "Inner", "Startup Cost": 100115.71, "Total Cost": 100115.71, "Plan Rows": 1748840, "Plan Width": 21, "Actual Min Startup Time": 1363.436, "Actual Max Startup Time": 1363.436, "Actual Min Total Time": 1363.436, "Actual Max Total Time": 1363.436, "Actual Total Rows": 1749032, "Max Hash Buckets": 2097152, "Min Hash Buckets": 2097152, "Max Hash Batches": 1, "Min Hash Batches": 1, "Max Original Hash Batches": 1, "Min Original Hash Batches": 1, "Max Peak Memory Usage": 93635, "min Peak Memory Usage": 93635, "Plans": [{"Node Type": "Streaming(type: LOCAL GATHER dop: 1/64)", "Parent Relationship": "Outer", "Startup Cost": 0.0, "Total Cost": 100115.71, "Plan Rows": 1748840, "Plan Width": 21, "Actual Min Startup Time": 111.075, "Actual Max Startup Time": 111.075, "Actual Min Total Time": 745.821, "Actual Max Total Time": 745.821, "Actual Total Rows": 1749032, "Plans": [{"Node Type": "Seq Scan", "Parent Relationship": "Outer", "Relation Name": "title", "Alias": "t", "Startup Cost": 0.0, "Total Cost": 64037.34, "Plan Rows": 1748840, "Plan Width": 21, "Actual Min Startup Time": 0.025, "Actual Max Startup Time": 0.049, "Actual Min Total Time": 15.077, "Actual Max Total Time": 19.374, "Actual Total Rows": 1749032, "Filter": "(production_year > 1990), (LLVM Optimized, Jit Execute)", "Rows Removed by Filter": 779279}]}]}]}]}]}, {"Node Type": "Hash", "Parent Relationship": "Inner", "Startup Cost": 2.12, "Total Cost": 2.12, "Plan Rows": 112, "Plan Width": 4, "Actual Min Startup Time": 0.133, "Actual Max Startup Time": 0.133, "Actual Min Total Time": 0.133, "Actual Max Total Time": 0.133, "Actual Total Rows": 112, "Max Hash Buckets": 32768, "Min Hash Buckets": 32768, "Max Hash Batches": 1, "Min Hash Batches": 1, "Max Original Hash Batches": 1, "Min Original Hash Batches": 1, "Max Peak Memory Usage": 4, "min Peak Memory Usage": 4, "Plans": [{"Node Type": "Seq Scan", "Parent Relationship": "Outer", "Relation Name": "info_type", "Alias": "it", "Startup Cost": 0.0, "Total Cost": 2.12, "Plan Rows": 112, "Plan Width": 4, "Actual Min Startup Time": 0.056, "Actual Max Startup Time": 0.056, "Actual Min Total Time": 0.079, "Actual Max Total Time": 0.079, "Actual Total Rows": 112}]}]}]}, "Triggers": [], "Planner Runtime": 19.742, "Total Runtime": 2897.891, "Unique SQL Id": 322094867}}, "(64, 7)": {"explain_plan": {"Plan": {"Node Type": "Aggregate", "Strategy": "Plain", "Startup Cost": 1009784.61, "Total Cost": 1009784.62, "Plan Rows": 1, "Plan Width": 49, "Plans": [{"Node Type": "Hash Join", "Parent Relationship": "Outer", "Join Type": "Inner", "Startup Cost": 517150.55, "Total Cost": 1008956.99, "Plan Rows": 331050, "Plan Width": 17, "Inner Unique": true, "Hash Cond": "(mi.info_type_id = it.id), (LLVM Optimized)", "Plans": [{"Node Type": "Hash Join", "Parent Relationship": "Outer", "Join Type": "Inner", "Startup Cost": 517135.19, "Total Cost": 1004389.69, "Plan Rows": 331050, "Plan Width": 21, "Inner Unique": false, "Hash Cond": "(mi.movie_id = t.id), (LLVM Optimized)", "Plans": [{"Node Type": "Bitmap Heap Scan", "Parent Relationship": "Outer", "Relation Name": "movie_info", "Alias": "mi", "Startup Cost": 301827.67, "Total Cost": 784689.91, "Plan Rows": 726375, "Plan Width": 8, "Filter": "((info)::text = ANY ('{Sweden,Norway,Germany,Denmark,Swedish,Denish,Norwegian,German,USA,American}'::text[]))", "Plans": [{"Node Type": "Bitmap Index Scan", "Parent Relationship": "Outer", "Index Name": "movie_id_movie_info", "Startup Cost": 0.0, "Total Cost": 301646.08, "Plan Rows": 14869966, "Plan Width": 0}]}, {"Node Type": "Hash", "Parent Relationship": "Inner", "Startup Cost": 211683.32, "Total Cost": 211683.32, "Plan Rows": 289936, "Plan Width": 25, "Plans": [{"Node Type": "Hash Join", "Parent Relationship": "Outer", "Join Type": "Inner", "Startup Cost": 167346.47, "Total Cost": 211683.32, "Plan Rows": 289936, "Plan Width": 25, "Inner Unique": true, "Hash Cond": "(mc.movie_id = t.id), (LLVM Optimized)", "Plans": [{"Node Type": "Nested Loop", "Parent Relationship": "Outer", "Join Type": "Inner", "Startup Cost": 29005.06, "Total Cost": 69657.76, "Plan Rows": 209278, "Plan Width": 4, "Inner Unique": false, "Plans": [{"Node Type": "Bitmap Heap Scan", "Parent Relationship": "Outer", "Relation Name": "company_type", "Alias": "ct", "Startup Cost": 8.27, "Total Cost": 12.3, "Plan Rows": 1, "Plan Width": 4, "Filter": "((kind)::text = 'production companies'::text)", "Plans": [{"Node Type": "Bitmap Index Scan", "Parent Relationship": "Outer", "Index Name": "company_type_pkey", "Startup Cost": 0.0, "Total Cost": 8.27, "Plan Rows": 3, "Plan Width": 0}]}, {"Node Type": "Bitmap Heap Scan", "Parent Relationship": "Inner", "Relation Name": "movie_companies", "Alias": "mc", "Startup Cost": 28996.8, "Total Cost": 67552.67, "Plan Rows": 209279, "Plan Width": 8, "Recheck Cond": "(company_type_id = ct.id), (LLVM Optimized)", "Filter": "(((note)::text !~~ '%(TV)%'::text) AND ((note)::text ~~ '%(USA)%'::text)), (LLVM Optimized)", "Plans": [{"Node Type": "Bitmap Index Scan", "Parent Relationship": "Outer", "Index Name": "company_type_id_movie_companies", "Startup Cost": 0.0, "Total Cost": 28944.48, "Plan Rows": 1304564, "Plan Width": 0, "Index Cond": "(company_type_id = ct.id)"}]}]}, {"Node Type": "Hash", "Parent Relationship": "Inner", "Startup Cost": 116480.9, "Total Cost": 116480.9, "Plan Rows": 1748840, "Plan Width": 21, "Plans": [{"Node Type": "Bitmap Heap Scan", "Parent Relationship": "Outer", "Relation Name": "title", "Alias": "t", "Startup Cost": 50091.01, "Total Cost": 116480.9, "Plan Rows": 1748840, "Plan Width": 21, "Filter": "(production_year > 1990), (LLVM Optimized)", "Plans": [{"Node Type": "Bitmap Index Scan", "Parent Relationship": "Outer", "Index Name": "title_pkey", "Startup Cost": 0.0, "Total Cost": 49653.81, "Plan Rows": 2528311, "Plan Width": 0}]}]}]}]}]}, {"Node Type": "Hash", "Parent Relationship": "Inner", "Startup Cost": 13.96, "Total Cost": 13.96, "Plan Rows": 112, "Plan Width": 4, "Plans": [{"Node Type": "Bitmap Heap Scan", "Parent Relationship": "Outer", "Relation Name": "info_type", "Alias": "it", "Startup Cost": 8.84, "Total Cost": 13.96, "Plan Rows": 112, "Plan Width": 4, "Plans": [{"Node Type": "Bitmap Index Scan", "Parent Relationship": "Outer", "Index Name": "info_type_pkey", "Startup Cost": 0.0, "Total Cost": 8.81, "Plan Rows": 112, "Plan Width": 0}]}]}]}]}, "Unique SQL Id": 322094867}, "explain_analyze_plan": null}, "(64, 8)": {"explain_plan": {"Plan": {"Node Type": "Aggregate", "Strategy": "Plain", "Startup Cost": 282595.42, "Total Cost": 282595.43, "Plan Rows": 1, "Plan Width": 49, "Plans": [{"Node Type": "Hash Join", "Parent Relationship": "Outer", "Join Type": "Inner", "Startup Cost": 187293.84, "Total Cost": 281767.79, "Plan Rows": 331050, "Plan Width": 17, "Inner Unique": true, "Hash Cond": "(mi.info_type_id = it.id), (LLVM Optimized)", "Plans": [{"Node Type": "Hash Join", "Parent Relationship": "Outer", "Join Type": "Inner", "Startup Cost": 187290.32, "Total Cost": 277212.34, "Plan Rows": 331050, "Plan Width": 21, "Inner Unique": false, "Hash Cond": "(mi.movie_id = t.id), (LLVM Optimized)", "Plans": [{"Node Type": "Streaming(type: LOCAL GATHER dop: 1/64)", "Parent Relationship": "Outer", "Startup Cost": 0.0, "Total Cost": 85529.75, "Plan Rows": 726375, "Plan Width": 8, "Plans": [{"Node Type": "Seq Scan", "Parent Relationship": "Outer", "Relation Name": "movie_info", "Alias": "mi", "Startup Cost": 0.0, "Total Cost": 70544.72, "Plan Rows": 726375, "Plan Width": 8, "Filter": "((info)::text = ANY ('{Sweden,Norway,Germany,Denmark,Swedish,Denish,Norwegian,German,USA,American}'::text[]))"}]}, {"Node Type": "Hash", "Parent Relationship": "Inner", "Startup Cost": 183666.12, "Total Cost": 183666.12, "Plan Rows": 289936, "Plan Width": 25, "Plans": [{"Node Type": "Hash Join", "Parent Relationship": "Outer", "Join Type": "Inner", "Startup Cost": 121977.26, "Total Cost": 183666.12, "Plan Rows": 289936, "Plan Width": 25, "Inner Unique": true, "Hash Cond": "(mc.movie_id = t.id), (LLVM Optimized)", "Plans": [{"Node Type": "Hash Join", "Parent Relationship": "Outer", "Join Type": "Inner", "Startup Cost": 1.05, "Total Cost": 58005.76, "Plan Rows": 209278, "Plan Width": 4, "Inner Unique": true, "Hash Cond": "(mc.company_type_id = ct.id), (LLVM Optimized)", "Plans": [{"Node Type": "Seq Scan", "Parent Relationship": "Outer", "Relation Name": "movie_companies", "Alias": "mc", "Startup Cost": 0.0, "Total Cost": 54862.92, "Plan Rows": 418557, "Plan Width": 8, "Filter": "(((note)::text !~~ '%(TV)%'::text) AND ((note)::text ~~ '%(USA)%'::text)), (LLVM Optimized)"}, {"Node Type": "Hash", "Parent Relationship": "Inner", "Startup Cost": 1.04, "Total Cost": 1.04, "Plan Rows": 1, "Plan Width": 4, "Plans": [{"Node Type": "Seq Scan", "Parent Relationship": "Outer", "Relation Name": "company_type", "Alias": "ct", "Startup Cost": 0.0, "Total Cost": 1.04, "Plan Rows": 1, "Plan Width": 4, "Filter": "((kind)::text = 'production companies'::text)"}]}]}, {"Node Type": "Hash", "Parent Relationship": "Inner", "Startup Cost": 100115.71, "Total Cost": 100115.71, "Plan Rows": 1748840, "Plan Width": 21, "Plans": [{"Node Type": "Streaming(type: LOCAL GATHER dop: 1/64)", "Parent Relationship": "Outer", "Startup Cost": 0.0, "Total Cost": 100115.71, "Plan Rows": 1748840, "Plan Width": 21, "Plans": [{"Node Type": "Seq Scan", "Parent Relationship": "Outer", "Relation Name": "title", "Alias": "t", "Startup Cost": 0.0, "Total Cost": 64037.34, "Plan Rows": 1748840, "Plan Width": 21, "Filter": "(production_year > 1990), (LLVM Optimized)"}]}]}]}]}]}, {"Node Type": "Hash", "Parent Relationship": "Inner", "Startup Cost": 2.12, "Total Cost": 2.12, "Plan Rows": 112, "Plan Width": 4, "Plans": [{"Node Type": "Index Only Scan", "Parent Relationship": "Outer", "Scan Direction": "Forward", "Index Name": "info_type_pkey", "Relation Name": "info_type", "Alias": "it", "Startup Cost": 0.0, "Total Cost": 2.12, "Plan Rows": 112, "Plan Width": 4}]}]}]}, "Unique SQL Id": 322094867}, "explain_analyze_plan": {"Plan": {"Node Type": "Aggregate", "Strategy": "Plain", "Startup Cost": 282595.42, "Total Cost": 282595.43, "Plan Rows": 1, "Plan Width": 49, "Actual Min Startup Time": 2819.09, "Actual Max Startup Time": 2819.09, "Actual Min Total Time": 2819.09, "Actual Max Total Time": 2819.09, "Actual Total Rows": 1, "Plans": [{"Node Type": "Hash Join", "Parent Relationship": "Outer", "Join Type": "Inner", "Startup Cost": 187293.84, "Total Cost": 281767.79, "Plan Rows": 331050, "Plan Width": 17, "Actual Min Startup Time": 2473.353, "Actual Max Startup Time": 2473.353, "Actual Min Total Time": 2818.616, "Actual Max Total Time": 2818.616, "Actual Total Rows": 669, "Inner Unique": true, "Hash Cond": "(mi.info_type_id = it.id), (LLVM Optimized, Jit Execute)", "Plans": [{"Node Type": "Hash Join", "Parent Relationship": "Outer", "Join Type": "Inner", "Startup Cost": 187290.32, "Total Cost": 277212.34, "Plan Rows": 331050, "Plan Width": 21, "Actual Min Startup Time": 2473.167, "Actual Max Startup Time": 2473.167, "Actual Min Total Time": 2817.954, "Actual Max Total Time": 2817.954, "Actual Total Rows": 669, "Inner Unique": false, "Hash Cond": "(mi.movie_id = t.id), (LLVM Optimized, Jit Execute)", "Plans": [{"Node Type": "Streaming(type: LOCAL GATHER dop: 1/64)", "Parent Relationship": "Outer", "Startup Cost": 0.0, "Total Cost": 85529.75, "Plan Rows": 726375, "Plan Width": 8, "Actual Min Startup Time": 0.144, "Actual Max Startup Time": 0.144, "Actual Min Total Time": 210.639, "Actual Max Total Time": 210.639, "Actual Total Rows": 706674, "Plans": [{"Node Type": "Seq Scan", "Parent Relationship": "Outer", "Relation Name": "movie_info", "Alias": "mi", "Startup Cost": 0.0, "Total Cost": 70544.72, "Plan Rows": 726375, "Plan Width": 8, "Actual Min Startup Time": 0.037, "Actual Max Startup Time": 3.327, "Actual Min Total Time": 122.346, "Actual Max Total Time": 141.453, "Actual Total Rows": 706674, "Filter": "((info)::text = ANY ('{Sweden,Norway,Germany,Denmark,Swedish,Denish,Norwegian,German,USA,American}'::text[]))", "Rows Removed by Filter": 14129045}]}, {"Node Type": "Hash", "Parent Relationship": "Inner", "Startup Cost": 183666.12, "Total Cost": 183666.12, "Plan Rows": 289936, "Plan Width": 25, "Actual Min Startup Time": 2467.444, "Actual Max Startup Time": 2467.444, "Actual Min Total Time": 2467.444, "Actual Max Total Time": 2467.444, "Actual Total Rows": 767, "Max Hash Buckets": 524288, "Min Hash Buckets": 524288, "Max Hash Batches": 1, "Min Hash Batches": 1, "Max Original Hash Batches": 1, "Min Original Hash Batches": 1, "Max Peak Memory Usage": 45, "min Peak Memory Usage": 45, "Plans": [{"Node Type": "Hash Join", "Parent Relationship": "Outer", "Join Type": "Inner", "Startup Cost": 121977.26, "Total Cost": 183666.12, "Plan Rows": 289936, "Plan Width": 25, "Actual Min Startup Time": 2133.332, "Actual Max Startup Time": 2133.332, "Actual Min Total Time": 2467.037, "Actual Max Total Time": 2467.037, "Actual Total Rows": 767, "Inner Unique": true, "Hash Cond": "(mc.movie_id = t.id), (LLVM Optimized, Jit Execute)", "Plans": [{"Node Type": "Hash Join", "Parent Relationship": "Outer", "Join Type": "Inner", "Startup Cost": 1.05, "Total Cost": 58005.76, "Plan Rows": 209278, "Plan Width": 4, "Actual Min Startup Time": 792.833, "Actual Max Startup Time": 792.833, "Actual Min Total Time": 1125.904, "Actual Max Total Time": 1125.904, "Actual Total Rows": 798, "Inner Unique": true, "Hash Cond": "(mc.company_type_id = ct.id), (LLVM Optimized, Jit Execute)", "Plans": [{"Node Type": "Seq Scan", "Parent Relationship": "Outer", "Relation Name": "movie_companies", "Alias": "mc", "Startup Cost": 0.0, "Total Cost": 54862.92, "Plan Rows": 418557, "Plan Width": 8, "Actual Min Startup Time": 0.049, "Actual Max Startup Time": 0.049, "Actual Min Total Time": 1073.944, "Actual Max Total Time": 1073.944, "Actual Total Rows": 295628, "Filter": "(((note)::text !~~ '%(TV)%'::text) AND ((note)::text ~~ '%(USA)%'::text)), (LLVM Optimized, Jit Execute)", "Rows Removed by Filter": 2313500}, {"Node Type": "Hash", "Parent Relationship": "Inner", "Startup Cost": 1.04, "Total Cost": 1.04, "Plan Rows": 1, "Plan Width": 4, "Actual Min Startup Time": 0.029, "Actual Max Startup Time": 0.029, "Actual Min Total Time": 0.029, "Actual Max Total Time": 0.029, "Actual Total Rows": 1, "Max Hash Buckets": 32768, "Min Hash Buckets": 32768, "Max Hash Batches": 1, "Min Hash Batches": 1, "Max Original Hash Batches": 1, "Min Original Hash Batches": 1, "Max Peak Memory Usage": 1, "min Peak Memory Usage": 1, "Plans": [{"Node Type": "Seq Scan", "Parent Relationship": "Outer", "Relation Name": "company_type", "Alias": "ct", "Startup Cost": 0.0, "Total Cost": 1.04, "Plan Rows": 1, "Plan Width": 4, "Actual Min Startup Time": 0.023, "Actual Max Startup Time": 0.023, "Actual Min Total Time": 0.026, "Actual Max Total Time": 0.026, "Actual Total Rows": 1, "Filter": "((kind)::text = 'production companies'::text)", "Rows Removed by Filter": 2}]}]}, {"Node Type": "Hash", "Parent Relationship": "Inner", "Startup Cost": 100115.71, "Total Cost": 100115.71, "Plan Rows": 1748840, "Plan Width": 21, "Actual Min Startup Time": 1338.823, "Actual Max Startup Time": 1338.823, "Actual Min Total Time": 1338.823, "Actual Max Total Time": 1338.823, "Actual Total Rows": 1749032, "Max Hash Buckets": 2097152, "Min Hash Buckets": 2097152, "Max Hash Batches": 1, "Min Hash Batches": 1, "Max Original Hash Batches": 1, "Min Original Hash Batches": 1, "Max Peak Memory Usage": 93635, "min Peak Memory Usage": 93635, "Plans": [{"Node Type": "Streaming(type: LOCAL GATHER dop: 1/64)", "Parent Relationship": "Outer", "Startup Cost": 0.0, "Total Cost": 100115.71, "Plan Rows": 1748840, "Plan Width": 21, "Actual Min Startup Time": 31.174, "Actual Max Startup Time": 31.174, "Actual Min Total Time": 688.819, "Actual Max Total Time": 688.819, "Actual Total Rows": 1749032, "Plans": [{"Node Type": "Seq Scan", "Parent Relationship": "Outer", "Relation Name": "title", "Alias": "t", "Startup Cost": 0.0, "Total Cost": 64037.34, "Plan Rows": 1748840, "Plan Width": 21, "Actual Min Startup Time": 0.025, "Actual Max Startup Time": 0.045, "Actual Min Total Time": 14.76, "Actual Max Total Time": 18.88, "Actual Total Rows": 1749032, "Filter": "(production_year > 1990), (LLVM Optimized, Jit Execute)", "Rows Removed by Filter": 779279}]}]}]}]}]}, {"Node Type": "Hash", "Parent Relationship": "Inner", "Startup Cost": 2.12, "Total Cost": 2.12, "Plan Rows": 112, "Plan Width": 4, "Actual Min Startup Time": 0.108, "Actual Max Startup Time": 0.108, "Actual Min Total Time": 0.108, "Actual Max Total Time": 0.108, "Actual Total Rows": 112, "Max Hash Buckets": 32768, "Min Hash Buckets": 32768, "Max Hash Batches": 1, "Min Hash Batches": 1, "Max Original Hash Batches": 1, "Min Original Hash Batches": 1, "Max Peak Memory Usage": 4, "min Peak Memory Usage": 4, "Plans": [{"Node Type": "Index Only Scan", "Parent Relationship": "Outer", "Scan Direction": "Forward", "Index Name": "info_type_pkey", "Relation Name": "info_type", "Alias": "it", "Startup Cost": 0.0, "Total Cost": 2.12, "Plan Rows": 112, "Plan Width": 4, "Actual Min Startup Time": 0.027, "Actual Max Startup Time": 0.027, "Actual Min Total Time": 0.053, "Actual Max Total Time": 0.053, "Actual Total Rows": 112, "Heap Fetches": 0}]}]}]}, "Triggers": [], "Planner Runtime": 19.884, "Total Runtime": 2854.662, "Unique SQL Id": 322094867}}, "(64, 9)": {"explain_plan": {"Plan": {"Node Type": "Aggregate", "Strategy": "Plain", "Startup Cost": 472671.15, "Total Cost": 472671.16, "Plan Rows": 1, "Plan Width": 49, "Plans": [{"Node Type": "Hash Join", "Parent Relationship": "Outer", "Join Type": "Inner", "Startup Cost": 11.33, "Total Cost": 471843.53, "Plan Rows": 331050, "Plan Width": 17, "Inner Unique": true, "Hash Cond": "(mi.info_type_id = it.id), (LLVM Optimized)", "Plans": [{"Node Type": "Nested Loop", "Parent Relationship": "Outer", "Join Type": "Inner", "Startup Cost": 0.0, "Total Cost": 467462.34, "Plan Rows": 331050, "Plan Width": 21, "Inner Unique": false, "Plans": [{"Node Type": "Nested Loop", "Parent Relationship": "Outer", "Join Type": "Inner", "Startup Cost": 0.0, "Total Cost": 208944.27, "Plan Rows": 289936, "Plan Width": 25, "Inner Unique": true, "Plans": [{"Node Type": "Nested Loop", "Parent Relationship": "Outer", "Join Type": "Inner", "Startup Cost": 0.0, "Total Cost": 61745.44, "Plan Rows": 209278, "Plan Width": 4, "Inner Unique": false, "Plans": [{"Node Type": "Index Scan", "Parent Relationship": "Outer", "Scan Direction": "Forward", "Index Name": "company_type_pkey", "Relation Name": "company_type", "Alias": "ct", "Startup Cost": 0.0, "Total Cost": 12.3, "Plan Rows": 1, "Plan Width": 4, "Filter": "((kind)::text = 'production companies'::text)"}, {"Node Type": "Index Scan", "Parent Relationship": "Inner", "Scan Direction": "Forward", "Index Name": "company_type_id_movie_companies", "Relation Name": "movie_companies", "Alias": "mc", "Startup Cost": 0.0, "Total Cost": 59640.35, "Plan Rows": 209279, "Plan Width": 8, "Index Cond": "(company_type_id = ct.id), (LLVM Optimized)", "Filter": "(((note)::text !~~ '%(TV)%'::text) AND ((note)::text ~~ '%(USA)%'::text)), (LLVM Optimized)"}]}, {"Node Type": "Index Scan", "Parent Relationship": "Inner", "Scan Direction": "Forward", "Index Name": "title_pkey", "Relation Name": "title", "Alias": "t", "Startup Cost": 0.0, "Total Cost": 0.69, "Plan Rows": 1, "Plan Width": 21, "Index Cond": "(id = mc.movie_id)", "Filter": "(production_year > 1990)"}]}, {"Node Type": "Index Scan", "Parent Relationship": "Inner", "Scan Direction": "Forward", "Index Name": "movie_id_movie_info", "Relation Name": "movie_info", "Alias": "mi", "Startup Cost": 0.0, "Total Cost": 0.88, "Plan Rows": 1, "Plan Width": 8, "Index Cond": "(movie_id = t.id)", "Filter": "((info)::text = ANY ('{Sweden,Norway,Germany,Denmark,Swedish,Denish,Norwegian,German,USA,American}'::text[]))"}]}, {"Node Type": "Hash", "Parent Relationship": "Inner", "Startup Cost": 9.93, "Total Cost": 9.93, "Plan Rows": 112, "Plan Width": 4, "Plans": [{"Node Type": "Index Only Scan", "Parent Relationship": "Outer", "Scan Direction": "Forward", "Index Name": "info_type_pkey", "Relation Name": "info_type", "Alias": "it", "Startup Cost": 0.0, "Total Cost": 9.93, "Plan Rows": 112, "Plan Width": 4}]}]}]}, "Unique SQL Id": 322094867}, "explain_analyze_plan": {"Plan": {"Node Type": "Aggregate", "Strategy": "Plain", "Startup Cost": 472671.15, "Total Cost": 472671.16, "Plan Rows": 1, "Plan Width": 49, "Actual Startup Time": 774.213, "Actual Total Time": 774.213, "Actual Rows": 1, "Actual Loops": 1, "Plans": [{"Node Type": "Hash Join", "Parent Relationship": "Outer", "Join Type": "Inner", "Startup Cost": 11.33, "Total Cost": 471843.53, "Plan Rows": 331050, "Plan Width": 17, "Actual Startup Time": 9.858, "Actual Total Time": 773.74, "Actual Rows": 669, "Actual Loops": 1, "Inner Unique": true, "Hash Cond": "(mi.info_type_id = it.id), (LLVM Optimized, Jit Execute)", "Plans": [{"Node Type": "Nested Loop", "Parent Relationship": "Outer", "Join Type": "Inner", "Startup Cost": 0.0, "Total Cost": 467462.34, "Plan Rows": 331050, "Plan Width": 21, "Actual Startup Time": 9.725, "Actual Total Time": 773.118, "Actual Rows": 669, "Actual Loops": 1, "Inner Unique": false, "Plans": [{"Node Type": "Nested Loop", "Parent Relationship": "Outer", "Join Type": "Inner", "Startup Cost": 0.0, "Total Cost": 208944.27, "Plan Rows": 289936, "Plan Width": 25, "Actual Startup Time": 9.7, "Actual Total Time": 747.656, "Actual Rows": 767, "Actual Loops": 1, "Inner Unique": true, "Plans": [{"Node Type": "Nested Loop", "Parent Relationship": "Outer", "Join Type": "Inner", "Startup Cost": 0.0, "Total Cost": 61745.44, "Plan Rows": 209278, "Plan Width": 4, "Actual Startup Time": 9.665, "Actual Total Time": 739.754, "Actual Rows": 798, "Actual Loops": 1, "Inner Unique": false, "Plans": [{"Node Type": "Index Scan", "Parent Relationship": "Outer", "Scan Direction": "Forward", "Index Name": "company_type_pkey", "Relation Name": "company_type", "Alias": "ct", "Startup Cost": 0.0, "Total Cost": 12.3, "Plan Rows": 1, "Plan Width": 4, "Actual Startup Time": 0.017, "Actual Total Time": 0.025, "Actual Rows": 1, "Actual Loops": 1, "Filter": "((kind)::text = 'production companies'::text)", "Rows Removed by Filter": 2}, {"Node Type": "Index Scan", "Parent Relationship": "Inner", "Scan Direction": "Forward", "Index Name": "company_type_id_movie_companies", "Relation Name": "movie_companies", "Alias": "mc", "Startup Cost": 0.0, "Total Cost": 59640.35, "Plan Rows": 209279, "Plan Width": 8, "Actual Startup Time": 9.643, "Actual Total Time": 739.513, "Actual Rows": 798, "Actual Loops": 1, "Index Cond": "(company_type_id = ct.id), (LLVM Optimized, Jit Execute)", "Rows Removed by Index Recheck": 0, "Filter": "(((note)::text !~~ '%(TV)%'::text) AND ((note)::text ~~ '%(USA)%'::text)), (LLVM Optimized, Jit Execute)", "Rows Removed by Filter": 1334085}]}, {"Node Type": "Index Scan", "Parent Relationship": "Inner", "Scan Direction": "Forward", "Index Name": "title_pkey", "Relation Name": "title", "Alias": "t", "Startup Cost": 0.0, "Total Cost": 0.69, "Plan Rows": 1, "Plan Width": 21, "Actual Startup Time": 7.041, "Actual Total Time": 7.041, "Actual Rows": 767, "Actual Loops": 798, "Index Cond": "(id = mc.movie_id)", "Rows Removed by Index Recheck": 0, "Filter": "(production_year > 1990)", "Rows Removed by Filter": 31}]}, {"Node Type": "Index Scan", "Parent Relationship": "Inner", "Scan Direction": "Forward", "Index Name": "movie_id_movie_info", "Relation Name": "movie_info", "Alias": "mi", "Startup Cost": 0.0, "Total Cost": 0.88, "Plan Rows": 1, "Plan Width": 8, "Actual Startup Time": 21.814, "Actual Total Time": 24.782, "Actual Rows": 669, "Actual Loops": 767, "Index Cond": "(movie_id = t.id)", "Rows Removed by Index Recheck": 0, "Filter": "((info)::text = ANY ('{Sweden,Norway,Germany,Denmark,Swedish,Denish,Norwegian,German,USA,American}'::text[]))", "Rows Removed by Filter": 7721}]}, {"Node Type": "Hash", "Parent Relationship": "Inner", "Startup Cost": 9.93, "Total Cost": 9.93, "Plan Rows": 112, "Plan Width": 4, "Actual Startup Time": 0.074, "Actual Total Time": 0.074, "Actual Rows": 112, "Actual Loops": 1, "Hash Buckets": 32768, "Hash Batches": 1, "Original Hash Batches": 1, "Peak Memory Usage": 4, "Plans": [{"Node Type": "Index Only Scan", "Parent Relationship": "Outer", "Scan Direction": "Forward", "Index Name": "info_type_pkey", "Relation Name": "info_type", "Alias": "it", "Startup Cost": 0.0, "Total Cost": 9.93, "Plan Rows": 112, "Plan Width": 4, "Actual Startup Time": 0.014, "Actual Total Time": 0.03, "Actual Rows": 112, "Actual Loops": 1, "Heap Fetches": 0}]}]}]}, "Triggers": [], "Planner Runtime": 12.079, "Total Runtime": 784.223, "Unique SQL Id": 322094867}}, "(64, 10)": {"explain_plan": {"Plan": {"Node Type": "Aggregate", "Strategy": "Plain", "Startup Cost": 282595.42, "Total Cost": 282595.43, "Plan Rows": 1, "Plan Width": 49, "Plans": [{"Node Type": "Hash Join", "Parent Relationship": "Outer", "Join Type": "Inner", "Startup Cost": 187293.84, "Total Cost": 281767.79, "Plan Rows": 331050, "Plan Width": 17, "Inner Unique": true, "Hash Cond": "(mi.info_type_id = it.id), (LLVM Optimized)", "Plans": [{"Node Type": "Hash Join", "Parent Relationship": "Outer", "Join Type": "Inner", "Startup Cost": 187290.32, "Total Cost": 277212.34, "Plan Rows": 331050, "Plan Width": 21, "Inner Unique": false, "Hash Cond": "(mi.movie_id = t.id), (LLVM Optimized)", "Plans": [{"Node Type": "Streaming(type: LOCAL GATHER dop: 1/64)", "Parent Relationship": "Outer", "Startup Cost": 0.0, "Total Cost": 85529.75, "Plan Rows": 726375, "Plan Width": 8, "Plans": [{"Node Type": "Seq Scan", "Parent Relationship": "Outer", "Relation Name": "movie_info", "Alias": "mi", "Startup Cost": 0.0, "Total Cost": 70544.72, "Plan Rows": 726375, "Plan Width": 8, "Filter": "((info)::text = ANY ('{Sweden,Norway,Germany,Denmark,Swedish,Denish,Norwegian,German,USA,American}'::text[]))"}]}, {"Node Type": "Hash", "Parent Relationship": "Inner", "Startup Cost": 183666.12, "Total Cost": 183666.12, "Plan Rows": 289936, "Plan Width": 25, "Plans": [{"Node Type": "Hash Join", "Parent Relationship": "Outer", "Join Type": "Inner", "Startup Cost": 121977.26, "Total Cost": 183666.12, "Plan Rows": 289936, "Plan Width": 25, "Inner Unique": true, "Hash Cond": "(mc.movie_id = t.id), (LLVM Optimized)", "Plans": [{"Node Type": "Hash Join", "Parent Relationship": "Outer", "Join Type": "Inner", "Startup Cost": 1.05, "Total Cost": 58005.76, "Plan Rows": 209278, "Plan Width": 4, "Inner Unique": true, "Hash Cond": "(mc.company_type_id = ct.id), (LLVM Optimized)", "Plans": [{"Node Type": "Seq Scan", "Parent Relationship": "Outer", "Relation Name": "movie_companies", "Alias": "mc", "Startup Cost": 0.0, "Total Cost": 54862.92, "Plan Rows": 418557, "Plan Width": 8, "Filter": "(((note)::text !~~ '%(TV)%'::text) AND ((note)::text ~~ '%(USA)%'::text)), (LLVM Optimized)"}, {"Node Type": "Hash", "Parent Relationship": "Inner", "Startup Cost": 1.04, "Total Cost": 1.04, "Plan Rows": 1, "Plan Width": 4, "Plans": [{"Node Type": "Seq Scan", "Parent Relationship": "Outer", "Relation Name": "company_type", "Alias": "ct", "Startup Cost": 0.0, "Total Cost": 1.04, "Plan Rows": 1, "Plan Width": 4, "Filter": "((kind)::text = 'production companies'::text)"}]}]}, {"Node Type": "Hash", "Parent Relationship": "Inner", "Startup Cost": 100115.71, "Total Cost": 100115.71, "Plan Rows": 1748840, "Plan Width": 21, "Plans": [{"Node Type": "Streaming(type: LOCAL GATHER dop: 1/64)", "Parent Relationship": "Outer", "Startup Cost": 0.0, "Total Cost": 100115.71, "Plan Rows": 1748840, "Plan Width": 21, "Plans": [{"Node Type": "Seq Scan", "Parent Relationship": "Outer", "Relation Name": "title", "Alias": "t", "Startup Cost": 0.0, "Total Cost": 64037.34, "Plan Rows": 1748840, "Plan Width": 21, "Filter": "(production_year > 1990), (LLVM Optimized)"}]}]}]}]}]}, {"Node Type": "Hash", "Parent Relationship": "Inner", "Startup Cost": 2.12, "Total Cost": 2.12, "Plan Rows": 112, "Plan Width": 4, "Plans": [{"Node Type": "Seq Scan", "Parent Relationship": "Outer", "Relation Name": "info_type", "Alias": "it", "Startup Cost": 0.0, "Total Cost": 2.12, "Plan Rows": 112, "Plan Width": 4}]}]}]}, "Unique SQL Id": 322094867}, "explain_analyze_plan": {"Plan": {"Node Type": "Aggregate", "Strategy": "Plain", "Startup Cost": 282595.42, "Total Cost": 282595.43, "Plan Rows": 1, "Plan Width": 49, "Actual Min Startup Time": 2863.059, "Actual Max Startup Time": 2863.059, "Actual Min Total Time": 2863.059, "Actual Max Total Time": 2863.059, "Actual Total Rows": 1, "Plans": [{"Node Type": "Hash Join", "Parent Relationship": "Outer", "Join Type": "Inner", "Startup Cost": 187293.84, "Total Cost": 281767.79, "Plan Rows": 331050, "Plan Width": 17, "Actual Min Startup Time": 2501.901, "Actual Max Startup Time": 2501.901, "Actual Min Total Time": 2862.568, "Actual Max Total Time": 2862.568, "Actual Total Rows": 669, "Inner Unique": true, "Hash Cond": "(mi.info_type_id = it.id), (LLVM Optimized, Jit Execute)", "Plans": [{"Node Type": "Hash Join", "Parent Relationship": "Outer", "Join Type": "Inner", "Startup Cost": 187290.32, "Total Cost": 277212.34, "Plan Rows": 331050, "Plan Width": 21, "Actual Min Startup Time": 2501.69, "Actual Max Startup Time": 2501.69, "Actual Min Total Time": 2861.865, "Actual Max Total Time": 2861.865, "Actual Total Rows": 669, "Inner Unique": false, "Hash Cond": "(mi.movie_id = t.id), (LLVM Optimized, Jit Execute)", "Plans": [{"Node Type": "Streaming(type: LOCAL GATHER dop: 1/64)", "Parent Relationship": "Outer", "Startup Cost": 0.0, "Total Cost": 85529.75, "Plan Rows": 726375, "Plan Width": 8, "Actual Min Startup Time": 0.158, "Actual Max Startup Time": 0.158, "Actual Min Total Time": 218.045, "Actual Max Total Time": 218.045, "Actual Total Rows": 706674, "Plans": [{"Node Type": "Seq Scan", "Parent Relationship": "Outer", "Relation Name": "movie_info", "Alias": "mi", "Startup Cost": 0.0, "Total Cost": 70544.72, "Plan Rows": 726375, "Plan Width": 8, "Actual Min Startup Time": 0.04, "Actual Max Startup Time": 3.309, "Actual Min Total Time": 121.222, "Actual Max Total Time": 141.902, "Actual Total Rows": 706674, "Filter": "((info)::text = ANY ('{Sweden,Norway,Germany,Denmark,Swedish,Denish,Norwegian,German,USA,American}'::text[]))", "Rows Removed by Filter": 14129045}]}, {"Node Type": "Hash", "Parent Relationship": "Inner", "Startup Cost": 183666.12, "Total Cost": 183666.12, "Plan Rows": 289936, "Plan Width": 25, "Actual Min Startup Time": 2495.521, "Actual Max Startup Time": 2495.521, "Actual Min Total Time": 2495.521, "Actual Max Total Time": 2495.521, "Actual Total Rows": 767, "Max Hash Buckets": 524288, "Min Hash Buckets": 524288, "Max Hash Batches": 1, "Min Hash Batches": 1, "Max Original Hash Batches": 1, "Min Original Hash Batches": 1, "Max Peak Memory Usage": 45, "min Peak Memory Usage": 45, "Plans": [{"Node Type": "Hash Join", "Parent Relationship": "Outer", "Join Type": "Inner", "Startup Cost": 121977.26, "Total Cost": 183666.12, "Plan Rows": 289936, "Plan Width": 25, "Actual Min Startup Time": 2159.015, "Actual Max Startup Time": 2159.015, "Actual Min Total Time": 2495.106, "Actual Max Total Time": 2495.106, "Actual Total Rows": 767, "Inner Unique": true, "Hash Cond": "(mc.movie_id = t.id), (LLVM Optimized, Jit Execute)", "Plans": [{"Node Type": "Hash Join", "Parent Relationship": "Outer", "Join Type": "Inner", "Startup Cost": 1.05, "Total Cost": 58005.76, "Plan Rows": 209278, "Plan Width": 4, "Actual Min Startup Time": 793.946, "Actual Max Startup Time": 793.946, "Actual Min Total Time": 1129.362, "Actual Max Total Time": 1129.362, "Actual Total Rows": 798, "Inner Unique": true, "Hash Cond": "(mc.company_type_id = ct.id), (LLVM Optimized, Jit Execute)", "Plans": [{"Node Type": "Seq Scan", "Parent Relationship": "Outer", "Relation Name": "movie_companies", "Alias": "mc", "Startup Cost": 0.0, "Total Cost": 54862.92, "Plan Rows": 418557, "Plan Width": 8, "Actual Min Startup Time": 0.053, "Actual Max Startup Time": 0.053, "Actual Min Total Time": 1077.451, "Actual Max Total Time": 1077.451, "Actual Total Rows": 295628, "Filter": "(((note)::text !~~ '%(TV)%'::text) AND ((note)::text ~~ '%(USA)%'::text)), (LLVM Optimized, Jit Execute)", "Rows Removed by Filter": 2313500}, {"Node Type": "Hash", "Parent Relationship": "Inner", "Startup Cost": 1.04, "Total Cost": 1.04, "Plan Rows": 1, "Plan Width": 4, "Actual Min Startup Time": 0.032, "Actual Max Startup Time": 0.032, "Actual Min Total Time": 0.032, "Actual Max Total Time": 0.032, "Actual Total Rows": 1, "Max Hash Buckets": 32768, "Min Hash Buckets": 32768, "Max Hash Batches": 1, "Min Hash Batches": 1, "Max Original Hash Batches": 1, "Min Original Hash Batches": 1, "Max Peak Memory Usage": 1, "min Peak Memory Usage": 1, "Plans": [{"Node Type": "Seq Scan", "Parent Relationship": "Outer", "Relation Name": "company_type", "Alias": "ct", "Startup Cost": 0.0, "Total Cost": 1.04, "Plan Rows": 1, "Plan Width": 4, "Actual Min Startup Time": 0.024, "Actual Max Startup Time": 0.024, "Actual Min Total Time": 0.027, "Actual Max Total Time": 0.027, "Actual Total Rows": 1, "Filter": "((kind)::text = 'production companies'::text)", "Rows Removed by Filter": 2}]}]}, {"Node Type": "Hash", "Parent Relationship": "Inner", "Startup Cost": 100115.71, "Total Cost": 100115.71, "Plan Rows": 1748840, "Plan Width": 21, "Actual Min Startup Time": 1363.436, "Actual Max Startup Time": 1363.436, "Actual Min Total Time": 1363.436, "Actual Max Total Time": 1363.436, "Actual Total Rows": 1749032, "Max Hash Buckets": 2097152, "Min Hash Buckets": 2097152, "Max Hash Batches": 1, "Min Hash Batches": 1, "Max Original Hash Batches": 1, "Min Original Hash Batches": 1, "Max Peak Memory Usage": 93635, "min Peak Memory Usage": 93635, "Plans": [{"Node Type": "Streaming(type: LOCAL GATHER dop: 1/64)", "Parent Relationship": "Outer", "Startup Cost": 0.0, "Total Cost": 100115.71, "Plan Rows": 1748840, "Plan Width": 21, "Actual Min Startup Time": 111.075, "Actual Max Startup Time": 111.075, "Actual Min Total Time": 745.821, "Actual Max Total Time": 745.821, "Actual Total Rows": 1749032, "Plans": [{"Node Type": "Seq Scan", "Parent Relationship": "Outer", "Relation Name": "title", "Alias": "t", "Startup Cost": 0.0, "Total Cost": 64037.34, "Plan Rows": 1748840, "Plan Width": 21, "Actual Min Startup Time": 0.025, "Actual Max Startup Time": 0.049, "Actual Min Total Time": 15.077, "Actual Max Total Time": 19.374, "Actual Total Rows": 1749032, "Filter": "(production_year > 1990), (LLVM Optimized, Jit Execute)", "Rows Removed by Filter": 779279}]}]}]}]}]}, {"Node Type": "Hash", "Parent Relationship": "Inner", "Startup Cost": 2.12, "Total Cost": 2.12, "Plan Rows": 112, "Plan Width": 4, "Actual Min Startup Time": 0.133, "Actual Max Startup Time": 0.133, "Actual Min Total Time": 0.133, "Actual Max Total Time": 0.133, "Actual Total Rows": 112, "Max Hash Buckets": 32768, "Min Hash Buckets": 32768, "Max Hash Batches": 1, "Min Hash Batches": 1, "Max Original Hash Batches": 1, "Min Original Hash Batches": 1, "Max Peak Memory Usage": 4, "min Peak Memory Usage": 4, "Plans": [{"Node Type": "Seq Scan", "Parent Relationship": "Outer", "Relation Name": "info_type", "Alias": "it", "Startup Cost": 0.0, "Total Cost": 2.12, "Plan Rows": 112, "Plan Width": 4, "Actual Min Startup Time": 0.056, "Actual Max Startup Time": 0.056, "Actual Min Total Time": 0.079, "Actual Max Total Time": 0.079, "Actual Total Rows": 112}]}]}]}, "Triggers": [], "Planner Runtime": 19.742, "Total Runtime": 2897.891, "Unique SQL Id": 322094867}}, "(64, 11)": {"explain_plan": {"Plan": {"Node Type": "Aggregate", "Strategy": "Plain", "Startup Cost": 5001727514355.89, "Total Cost": 5001727514355.9, "Plan Rows": 1, "Plan Width": 49, "Plans": [{"Node Type": "Merge Join", "Parent Relationship": "Outer", "Join Type": "Inner", "Startup Cost": 50024908232.05, "Total Cost": 5001727513528.26, "Plan Rows": 331050, "Plan Width": 17, "Inner Unique": true, "Merge Cond": "(mi.movie_id = t.id)", "Plans": [{"Node Type": "Nested Loop", "Parent Relationship": "Outer", "Join Type": "Inner", "Startup Cost": 40000000000.0, "Total Cost": 4002417254292.22, "Plan Rows": 238955, "Plan Width": 8, "Inner Unique": true, "Join Filter": "(mi.info_type_id = it.id), (LLVM Optimized)", "Plans": [{"Node Type": "Nested Loop", "Parent Relationship": "Outer", "Join Type": "Inner", "Startup Cost": 30000000000.0, "Total Cost": 3002416851854.54, "Plan Rows": 238955, "Plan Width": 12, "Inner Unique": false, "Join Filter": "(mc.movie_id = mi.movie_id), (LLVM Optimized)", "Plans": [{"Node Type": "Nested Loop", "Parent Relationship": "Outer", "Join Type": "Inner", "Startup Cost": 20000000000.0, "Total Cost": 2000014364018.74, "Plan Rows": 209278, "Plan Width": 4, "Inner Unique": true, "Join Filter": "(ct.id = mc.company_type_id), (LLVM Optimized)", "Plans": [{"Node Type": "Index Scan", "Parent Relationship": "Outer", "Scan Direction": "Forward", "Index Name": "movie_id_movie_companies", "Relation Name": "movie_companies", "Alias": "mc", "Startup Cost": 10000000000.0, "Total Cost": 1000014356510.13, "Plan Rows": 418557, "Plan Width": 8, "Filter": "(((note)::text !~~ '%(TV)%'::text) AND ((note)::text ~~ '%(USA)%'::text)), (LLVM Optimized)"}, {"Node Type": "Materialize", "Parent Relationship": "Inner", "Startup Cost": 10000000000.0, "Total Cost": 1000000001230.26, "Plan Rows": 1, "Plan Width": 4, "Plans": [{"Node Type": "Index Scan", "Parent Relationship": "Outer", "Scan Direction": "Forward", "Index Name": "company_type_pkey", "Relation Name": "company_type", "Alias": "ct", "Startup Cost": 10000000000.0, "Total Cost": 1000000001230.25, "Plan Rows": 1, "Plan Width": 4, "Filter": "((kind)::text = 'production companies'::text)"}]}]}, {"Node Type": "Materialize", "Parent Relationship": "Inner", "Startup Cost": 10000000000.0, "Total Cost": 1000122275042.99, "Plan Rows": 726375, "Plan Width": 8, "Plans": [{"Node Type": "Index Scan", "Parent Relationship": "Outer", "Scan Direction": "Forward", "Index Name": "info_type_id_movie_info", "Relation Name": "movie_info", "Alias": "mi", "Startup Cost": 10000000000.0, "Total Cost": 1000122271411.12, "Plan Rows": 726375, "Plan Width": 8, "Filter": "((info)::text = ANY ('{Sweden,Norway,Germany,Denmark,Swedish,Denish,Norwegian,German,USA,American}'::text[]))"}]}]}, {"Node Type": "Materialize", "Parent Relationship": "Inner", "Startup Cost": 10000000000.0, "Total Cost": 1000000000993.56, "Plan Rows": 112, "Plan Width": 4, "Plans": [{"Node Type": "Index Only Scan", "Parent Relationship": "Outer", "Scan Direction": "Forward", "Index Name": "info_type_pkey", "Relation Name": "info_type", "Alias": "it", "Startup Cost": 10000000000.0, "Total Cost": 1000000000993.0, "Plan Rows": 112, "Plan Width": 4}]}]}, {"Node Type": "Index Scan", "Parent Relationship": "Inner", "Scan Direction": "Forward", "Index Name": "title_pkey", "Relation Name": "title", "Alias": "t", "Startup Cost": 10000000000.0, "Total Cost": 1000011644126.66, "Plan Rows": 1748840, "Plan Width": 21, "Filter": "(production_year > 1990), (LLVM Optimized)"}]}]}, "Unique SQL Id": 322094867}, "explain_analyze_plan": null}, "(64, 12)": {"explain_plan": {"Plan": {"Node Type": "Aggregate", "Strategy": "Plain", "Startup Cost": 282595.42, "Total Cost": 282595.43, "Plan Rows": 1, "Plan Width": 49, "Plans": [{"Node Type": "Hash Join", "Parent Relationship": "Outer", "Join Type": "Inner", "Startup Cost": 187293.84, "Total Cost": 281767.79, "Plan Rows": 331050, "Plan Width": 17, "Inner Unique": true, "Hash Cond": "(mi.info_type_id = it.id), (LLVM Optimized)", "Plans": [{"Node Type": "Hash Join", "Parent Relationship": "Outer", "Join Type": "Inner", "Startup Cost": 187290.32, "Total Cost": 277212.34, "Plan Rows": 331050, "Plan Width": 21, "Inner Unique": false, "Hash Cond": "(mi.movie_id = t.id), (LLVM Optimized)", "Plans": [{"Node Type": "Streaming(type: LOCAL GATHER dop: 1/64)", "Parent Relationship": "Outer", "Startup Cost": 0.0, "Total Cost": 85529.75, "Plan Rows": 726375, "Plan Width": 8, "Plans": [{"Node Type": "Seq Scan", "Parent Relationship": "Outer", "Relation Name": "movie_info", "Alias": "mi", "Startup Cost": 0.0, "Total Cost": 70544.72, "Plan Rows": 726375, "Plan Width": 8, "Filter": "((info)::text = ANY ('{Sweden,Norway,Germany,Denmark,Swedish,Denish,Norwegian,German,USA,American}'::text[]))"}]}, {"Node Type": "Hash", "Parent Relationship": "Inner", "Startup Cost": 183666.12, "Total Cost": 183666.12, "Plan Rows": 289936, "Plan Width": 25, "Plans": [{"Node Type": "Hash Join", "Parent Relationship": "Outer", "Join Type": "Inner", "Startup Cost": 121977.26, "Total Cost": 183666.12, "Plan Rows": 289936, "Plan Width": 25, "Inner Unique": true, "Hash Cond": "(mc.movie_id = t.id), (LLVM Optimized)", "Plans": [{"Node Type": "Hash Join", "Parent Relationship": "Outer", "Join Type": "Inner", "Startup Cost": 1.05, "Total Cost": 58005.76, "Plan Rows": 209278, "Plan Width": 4, "Inner Unique": true, "Hash Cond": "(mc.company_type_id = ct.id), (LLVM Optimized)", "Plans": [{"Node Type": "Seq Scan", "Parent Relationship": "Outer", "Relation Name": "movie_companies", "Alias": "mc", "Startup Cost": 0.0, "Total Cost": 54862.92, "Plan Rows": 418557, "Plan Width": 8, "Filter": "(((note)::text !~~ '%(TV)%'::text) AND ((note)::text ~~ '%(USA)%'::text)), (LLVM Optimized)"}, {"Node Type": "Hash", "Parent Relationship": "Inner", "Startup Cost": 1.04, "Total Cost": 1.04, "Plan Rows": 1, "Plan Width": 4, "Plans": [{"Node Type": "Seq Scan", "Parent Relationship": "Outer", "Relation Name": "company_type", "Alias": "ct", "Startup Cost": 0.0, "Total Cost": 1.04, "Plan Rows": 1, "Plan Width": 4, "Filter": "((kind)::text = 'production companies'::text)"}]}]}, {"Node Type": "Hash", "Parent Relationship": "Inner", "Startup Cost": 100115.71, "Total Cost": 100115.71, "Plan Rows": 1748840, "Plan Width": 21, "Plans": [{"Node Type": "Streaming(type: LOCAL GATHER dop: 1/64)", "Parent Relationship": "Outer", "Startup Cost": 0.0, "Total Cost": 100115.71, "Plan Rows": 1748840, "Plan Width": 21, "Plans": [{"Node Type": "Seq Scan", "Parent Relationship": "Outer", "Relation Name": "title", "Alias": "t", "Startup Cost": 0.0, "Total Cost": 64037.34, "Plan Rows": 1748840, "Plan Width": 21, "Filter": "(production_year > 1990), (LLVM Optimized)"}]}]}]}]}]}, {"Node Type": "Hash", "Parent Relationship": "Inner", "Startup Cost": 2.12, "Total Cost": 2.12, "Plan Rows": 112, "Plan Width": 4, "Plans": [{"Node Type": "Seq Scan", "Parent Relationship": "Outer", "Relation Name": "info_type", "Alias": "it", "Startup Cost": 0.0, "Total Cost": 2.12, "Plan Rows": 112, "Plan Width": 4}]}]}]}, "Unique SQL Id": 322094867}, "explain_analyze_plan": {"Plan": {"Node Type": "Aggregate", "Strategy": "Plain", "Startup Cost": 282595.42, "Total Cost": 282595.43, "Plan Rows": 1, "Plan Width": 49, "Actual Min Startup Time": 2863.059, "Actual Max Startup Time": 2863.059, "Actual Min Total Time": 2863.059, "Actual Max Total Time": 2863.059, "Actual Total Rows": 1, "Plans": [{"Node Type": "Hash Join", "Parent Relationship": "Outer", "Join Type": "Inner", "Startup Cost": 187293.84, "Total Cost": 281767.79, "Plan Rows": 331050, "Plan Width": 17, "Actual Min Startup Time": 2501.901, "Actual Max Startup Time": 2501.901, "Actual Min Total Time": 2862.568, "Actual Max Total Time": 2862.568, "Actual Total Rows": 669, "Inner Unique": true, "Hash Cond": "(mi.info_type_id = it.id), (LLVM Optimized, Jit Execute)", "Plans": [{"Node Type": "Hash Join", "Parent Relationship": "Outer", "Join Type": "Inner", "Startup Cost": 187290.32, "Total Cost": 277212.34, "Plan Rows": 331050, "Plan Width": 21, "Actual Min Startup Time": 2501.69, "Actual Max Startup Time": 2501.69, "Actual Min Total Time": 2861.865, "Actual Max Total Time": 2861.865, "Actual Total Rows": 669, "Inner Unique": false, "Hash Cond": "(mi.movie_id = t.id), (LLVM Optimized, Jit Execute)", "Plans": [{"Node Type": "Streaming(type: LOCAL GATHER dop: 1/64)", "Parent Relationship": "Outer", "Startup Cost": 0.0, "Total Cost": 85529.75, "Plan Rows": 726375, "Plan Width": 8, "Actual Min Startup Time": 0.158, "Actual Max Startup Time": 0.158, "Actual Min Total Time": 218.045, "Actual Max Total Time": 218.045, "Actual Total Rows": 706674, "Plans": [{"Node Type": "Seq Scan", "Parent Relationship": "Outer", "Relation Name": "movie_info", "Alias": "mi", "Startup Cost": 0.0, "Total Cost": 70544.72, "Plan Rows": 726375, "Plan Width": 8, "Actual Min Startup Time": 0.04, "Actual Max Startup Time": 3.309, "Actual Min Total Time": 121.222, "Actual Max Total Time": 141.902, "Actual Total Rows": 706674, "Filter": "((info)::text = ANY ('{Sweden,Norway,Germany,Denmark,Swedish,Denish,Norwegian,German,USA,American}'::text[]))", "Rows Removed by Filter": 14129045}]}, {"Node Type": "Hash", "Parent Relationship": "Inner", "Startup Cost": 183666.12, "Total Cost": 183666.12, "Plan Rows": 289936, "Plan Width": 25, "Actual Min Startup Time": 2495.521, "Actual Max Startup Time": 2495.521, "Actual Min Total Time": 2495.521, "Actual Max Total Time": 2495.521, "Actual Total Rows": 767, "Max Hash Buckets": 524288, "Min Hash Buckets": 524288, "Max Hash Batches": 1, "Min Hash Batches": 1, "Max Original Hash Batches": 1, "Min Original Hash Batches": 1, "Max Peak Memory Usage": 45, "min Peak Memory Usage": 45, "Plans": [{"Node Type": "Hash Join", "Parent Relationship": "Outer", "Join Type": "Inner", "Startup Cost": 121977.26, "Total Cost": 183666.12, "Plan Rows": 289936, "Plan Width": 25, "Actual Min Startup Time": 2159.015, "Actual Max Startup Time": 2159.015, "Actual Min Total Time": 2495.106, "Actual Max Total Time": 2495.106, "Actual Total Rows": 767, "Inner Unique": true, "Hash Cond": "(mc.movie_id = t.id), (LLVM Optimized, Jit Execute)", "Plans": [{"Node Type": "Hash Join", "Parent Relationship": "Outer", "Join Type": "Inner", "Startup Cost": 1.05, "Total Cost": 58005.76, "Plan Rows": 209278, "Plan Width": 4, "Actual Min Startup Time": 793.946, "Actual Max Startup Time": 793.946, "Actual Min Total Time": 1129.362, "Actual Max Total Time": 1129.362, "Actual Total Rows": 798, "Inner Unique": true, "Hash Cond": "(mc.company_type_id = ct.id), (LLVM Optimized, Jit Execute)", "Plans": [{"Node Type": "Seq Scan", "Parent Relationship": "Outer", "Relation Name": "movie_companies", "Alias": "mc", "Startup Cost": 0.0, "Total Cost": 54862.92, "Plan Rows": 418557, "Plan Width": 8, "Actual Min Startup Time": 0.053, "Actual Max Startup Time": 0.053, "Actual Min Total Time": 1077.451, "Actual Max Total Time": 1077.451, "Actual Total Rows": 295628, "Filter": "(((note)::text !~~ '%(TV)%'::text) AND ((note)::text ~~ '%(USA)%'::text)), (LLVM Optimized, Jit Execute)", "Rows Removed by Filter": 2313500}, {"Node Type": "Hash", "Parent Relationship": "Inner", "Startup Cost": 1.04, "Total Cost": 1.04, "Plan Rows": 1, "Plan Width": 4, "Actual Min Startup Time": 0.032, "Actual Max Startup Time": 0.032, "Actual Min Total Time": 0.032, "Actual Max Total Time": 0.032, "Actual Total Rows": 1, "Max Hash Buckets": 32768, "Min Hash Buckets": 32768, "Max Hash Batches": 1, "Min Hash Batches": 1, "Max Original Hash Batches": 1, "Min Original Hash Batches": 1, "Max Peak Memory Usage": 1, "min Peak Memory Usage": 1, "Plans": [{"Node Type": "Seq Scan", "Parent Relationship": "Outer", "Relation Name": "company_type", "Alias": "ct", "Startup Cost": 0.0, "Total Cost": 1.04, "Plan Rows": 1, "Plan Width": 4, "Actual Min Startup Time": 0.024, "Actual Max Startup Time": 0.024, "Actual Min Total Time": 0.027, "Actual Max Total Time": 0.027, "Actual Total Rows": 1, "Filter": "((kind)::text = 'production companies'::text)", "Rows Removed by Filter": 2}]}]}, {"Node Type": "Hash", "Parent Relationship": "Inner", "Startup Cost": 100115.71, "Total Cost": 100115.71, "Plan Rows": 1748840, "Plan Width": 21, "Actual Min Startup Time": 1363.436, "Actual Max Startup Time": 1363.436, "Actual Min Total Time": 1363.436, "Actual Max Total Time": 1363.436, "Actual Total Rows": 1749032, "Max Hash Buckets": 2097152, "Min Hash Buckets": 2097152, "Max Hash Batches": 1, "Min Hash Batches": 1, "Max Original Hash Batches": 1, "Min Original Hash Batches": 1, "Max Peak Memory Usage": 93635, "min Peak Memory Usage": 93635, "Plans": [{"Node Type": "Streaming(type: LOCAL GATHER dop: 1/64)", "Parent Relationship": "Outer", "Startup Cost": 0.0, "Total Cost": 100115.71, "Plan Rows": 1748840, "Plan Width": 21, "Actual Min Startup Time": 111.075, "Actual Max Startup Time": 111.075, "Actual Min Total Time": 745.821, "Actual Max Total Time": 745.821, "Actual Total Rows": 1749032, "Plans": [{"Node Type": "Seq Scan", "Parent Relationship": "Outer", "Relation Name": "title", "Alias": "t", "Startup Cost": 0.0, "Total Cost": 64037.34, "Plan Rows": 1748840, "Plan Width": 21, "Actual Min Startup Time": 0.025, "Actual Max Startup Time": 0.049, "Actual Min Total Time": 15.077, "Actual Max Total Time": 19.374, "Actual Total Rows": 1749032, "Filter": "(production_year > 1990), (LLVM Optimized, Jit Execute)", "Rows Removed by Filter": 779279}]}]}]}]}]}, {"Node Type": "Hash", "Parent Relationship": "Inner", "Startup Cost": 2.12, "Total Cost": 2.12, "Plan Rows": 112, "Plan Width": 4, "Actual Min Startup Time": 0.133, "Actual Max Startup Time": 0.133, "Actual Min Total Time": 0.133, "Actual Max Total Time": 0.133, "Actual Total Rows": 112, "Max Hash Buckets": 32768, "Min Hash Buckets": 32768, "Max Hash Batches": 1, "Min Hash Batches": 1, "Max Original Hash Batches": 1, "Min Original Hash Batches": 1, "Max Peak Memory Usage": 4, "min Peak Memory Usage": 4, "Plans": [{"Node Type": "Seq Scan", "Parent Relationship": "Outer", "Relation Name": "info_type", "Alias": "it", "Startup Cost": 0.0, "Total Cost": 2.12, "Plan Rows": 112, "Plan Width": 4, "Actual Min Startup Time": 0.056, "Actual Max Startup Time": 0.056, "Actual Min Total Time": 0.079, "Actual Max Total Time": 0.079, "Actual Total Rows": 112}]}]}]}, "Triggers": [], "Planner Runtime": 19.742, "Total Runtime": 2897.891, "Unique SQL Id": 322094867}}, "(64, 13)": {"explain_plan": {"Plan": {"Node Type": "Aggregate", "Strategy": "Plain", "Startup Cost": 472675.15, "Total Cost": 472675.16, "Plan Rows": 1, "Plan Width": 49, "Plans": [{"Node Type": "Hash Join", "Parent Relationship": "Outer", "Join Type": "Inner", "Startup Cost": 15.33, "Total Cost": 471847.53, "Plan Rows": 331050, "Plan Width": 17, "Inner Unique": true, "Hash Cond": "(mi.info_type_id = it.id), (LLVM Optimized)", "Plans": [{"Node Type": "Nested Loop", "Parent Relationship": "Outer", "Join Type": "Inner", "Startup Cost": 0.0, "Total Cost": 467462.34, "Plan Rows": 331050, "Plan Width": 21, "Inner Unique": false, "Plans": [{"Node Type": "Nested Loop", "Parent Relationship": "Outer", "Join Type": "Inner", "Startup Cost": 0.0, "Total Cost": 208944.27, "Plan Rows": 289936, "Plan Width": 25, "Inner Unique": true, "Plans": [{"Node Type": "Nested Loop", "Parent Relationship": "Outer", "Join Type": "Inner", "Startup Cost": 0.0, "Total Cost": 61745.44, "Plan Rows": 209278, "Plan Width": 4, "Inner Unique": false, "Plans": [{"Node Type": "Index Scan", "Parent Relationship": "Outer", "Scan Direction": "Forward", "Index Name": "company_type_pkey", "Relation Name": "company_type", "Alias": "ct", "Startup Cost": 0.0, "Total Cost": 12.3, "Plan Rows": 1, "Plan Width": 4, "Filter": "((kind)::text = 'production companies'::text)"}, {"Node Type": "Index Scan", "Parent Relationship": "Inner", "Scan Direction": "Forward", "Index Name": "company_type_id_movie_companies", "Relation Name": "movie_companies", "Alias": "mc", "Startup Cost": 0.0, "Total Cost": 59640.35, "Plan Rows": 209279, "Plan Width": 8, "Index Cond": "(company_type_id = ct.id), (LLVM Optimized)", "Filter": "(((note)::text !~~ '%(TV)%'::text) AND ((note)::text ~~ '%(USA)%'::text)), (LLVM Optimized)"}]}, {"Node Type": "Index Scan", "Parent Relationship": "Inner", "Scan Direction": "Forward", "Index Name": "title_pkey", "Relation Name": "title", "Alias": "t", "Startup Cost": 0.0, "Total Cost": 0.69, "Plan Rows": 1, "Plan Width": 21, "Index Cond": "(id = mc.movie_id)", "Filter": "(production_year > 1990)"}]}, {"Node Type": "Index Scan", "Parent Relationship": "Inner", "Scan Direction": "Forward", "Index Name": "movie_id_movie_info", "Relation Name": "movie_info", "Alias": "mi", "Startup Cost": 0.0, "Total Cost": 0.88, "Plan Rows": 1, "Plan Width": 8, "Index Cond": "(movie_id = t.id)", "Filter": "((info)::text = ANY ('{Sweden,Norway,Germany,Denmark,Swedish,Denish,Norwegian,German,USA,American}'::text[]))"}]}, {"Node Type": "Hash", "Parent Relationship": "Inner", "Startup Cost": 13.93, "Total Cost": 13.93, "Plan Rows": 112, "Plan Width": 4, "Plans": [{"Node Type": "Index Scan", "Parent Relationship": "Outer", "Scan Direction": "Forward", "Index Name": "info_type_pkey", "Relation Name": "info_type", "Alias": "it", "Startup Cost": 0.0, "Total Cost": 13.93, "Plan Rows": 112, "Plan Width": 4}]}]}]}, "Unique SQL Id": 322094867}, "explain_analyze_plan": {"Plan": {"Node Type": "Aggregate", "Strategy": "Plain", "Startup Cost": 472675.15, "Total Cost": 472675.16, "Plan Rows": 1, "Plan Width": 49, "Actual Startup Time": 699.169, "Actual Total Time": 699.17, "Actual Rows": 1, "Actual Loops": 1, "Plans": [{"Node Type": "Hash Join", "Parent Relationship": "Outer", "Join Type": "Inner", "Startup Cost": 15.33, "Total Cost": 471847.53, "Plan Rows": 331050, "Plan Width": 17, "Actual Startup Time": 8.757, "Actual Total Time": 698.585, "Actual Rows": 669, "Actual Loops": 1, "Inner Unique": true, "Hash Cond": "(mi.info_type_id = it.id), (LLVM Optimized)", "Plans": [{"Node Type": "Nested Loop", "Parent Relationship": "Outer", "Join Type": "Inner", "Startup Cost": 0.0, "Total Cost": 467462.34, "Plan Rows": 331050, "Plan Width": 21, "Actual Startup Time": 8.603, "Actual Total Time": 697.879, "Actual Rows": 669, "Actual Loops": 1, "Inner Unique": false, "Plans": [{"Node Type": "Nested Loop", "Parent Relationship": "Outer", "Join Type": "Inner", "Startup Cost": 0.0, "Total Cost": 208944.27, "Plan Rows": 289936, "Plan Width": 25, "Actual Startup Time": 8.584, "Actual Total Time": 674.172, "Actual Rows": 767, "Actual Loops": 1, "Inner Unique": true, "Plans": [{"Node Type": "Nested Loop", "Parent Relationship": "Outer", "Join Type": "Inner", "Startup Cost": 0.0, "Total Cost": 61745.44, "Plan Rows": 209278, "Plan Width": 4, "Actual Startup Time": 8.559, "Actual Total Time": 667.687, "Actual Rows": 798, "Actual Loops": 1, "Inner Unique": false, "Plans": [{"Node Type": "Index Scan", "Parent Relationship": "Outer", "Scan Direction": "Forward", "Index Name": "company_type_pkey", "Relation Name": "company_type", "Alias": "ct", "Startup Cost": 0.0, "Total Cost": 12.3, "Plan Rows": 1, "Plan Width": 4, "Actual Startup Time": 0.025, "Actual Total Time": 0.058, "Actual Rows": 1, "Actual Loops": 1, "Filter": "((kind)::text = 'production companies'::text)", "Rows Removed by Filter": 2}, {"Node Type": "Index Scan", "Parent Relationship": "Inner", "Scan Direction": "Forward", "Index Name": "company_type_id_movie_companies", "Relation Name": "movie_companies", "Alias": "mc", "Startup Cost": 0.0, "Total Cost": 59640.35, "Plan Rows": 209279, "Plan Width": 8, "Actual Startup Time": 8.528, "Actual Total Time": 667.302, "Actual Rows": 798, "Actual Loops": 1, "Index Cond": "(company_type_id = ct.id), (LLVM Optimized)", "Rows Removed by Index Recheck": 0, "Filter": "(((note)::text !~~ '%(TV)%'::text) AND ((note)::text ~~ '%(USA)%'::text)), (LLVM Optimized)", "Rows Removed by Filter": 1334085}]}, {"Node Type": "Index Scan", "Parent Relationship": "Inner", "Scan Direction": "Forward", "Index Name": "title_pkey", "Relation Name": "title", "Alias": "t", "Startup Cost": 0.0, "Total Cost": 0.69, "Plan Rows": 1, "Plan Width": 21, "Actual Startup Time": 5.513, "Actual Total Time": 5.513, "Actual Rows": 767, "Actual Loops": 798, "Index Cond": "(id = mc.movie_id)", "Rows Removed by Index Recheck": 0, "Filter": "(production_year > 1990)", "Rows Removed by Filter": 31}]}, {"Node Type": "Index Scan", "Parent Relationship": "Inner", "Scan Direction": "Forward", "Index Name": "movie_id_movie_info", "Relation Name": "movie_info", "Alias": "mi", "Startup Cost": 0.0, "Total Cost": 0.88, "Plan Rows": 1, "Plan Width": 8, "Actual Startup Time": 20.03, "Actual Total Time": 22.922, "Actual Rows": 669, "Actual Loops": 767, "Index Cond": "(movie_id = t.id)", "Rows Removed by Index Recheck": 0, "Filter": "((info)::text = ANY ('{Sweden,Norway,Germany,Denmark,Swedish,Denish,Norwegian,German,USA,American}'::text[]))", "Rows Removed by Filter": 7721}]}, {"Node Type": "Hash", "Parent Relationship": "Inner", "Startup Cost": 13.93, "Total Cost": 13.93, "Plan Rows": 112, "Plan Width": 4, "Actual Startup Time": 0.1, "Actual Total Time": 0.1, "Actual Rows": 112, "Actual Loops": 1, "Hash Buckets": 32768, "Hash Batches": 1, "Original Hash Batches": 1, "Peak Memory Usage": 4, "Plans": [{"Node Type": "Index Scan", "Parent Relationship": "Outer", "Scan Direction": "Forward", "Index Name": "info_type_pkey", "Relation Name": "info_type", "Alias": "it", "Startup Cost": 0.0, "Total Cost": 13.93, "Plan Rows": 112, "Plan Width": 4, "Actual Startup Time": 0.014, "Actual Total Time": 0.06, "Actual Rows": 112, "Actual Loops": 1}]}]}]}, "Triggers": [], "Planner Runtime": 12.107, "Total Runtime": 709.295, "Unique SQL Id": 322094867}}, "(64, 14)": {"explain_plan": {"Plan": {"Node Type": "Aggregate", "Strategy": "Plain", "Startup Cost": 282595.42, "Total Cost": 282595.43, "Plan Rows": 1, "Plan Width": 49, "Plans": [{"Node Type": "Hash Join", "Parent Relationship": "Outer", "Join Type": "Inner", "Startup Cost": 187293.84, "Total Cost": 281767.79, "Plan Rows": 331050, "Plan Width": 17, "Inner Unique": true, "Hash Cond": "(mi.info_type_id = it.id), (LLVM Optimized)", "Plans": [{"Node Type": "Hash Join", "Parent Relationship": "Outer", "Join Type": "Inner", "Startup Cost": 187290.32, "Total Cost": 277212.34, "Plan Rows": 331050, "Plan Width": 21, "Inner Unique": false, "Hash Cond": "(mi.movie_id = t.id), (LLVM Optimized)", "Plans": [{"Node Type": "Streaming(type: LOCAL GATHER dop: 1/64)", "Parent Relationship": "Outer", "Startup Cost": 0.0, "Total Cost": 85529.75, "Plan Rows": 726375, "Plan Width": 8, "Plans": [{"Node Type": "Seq Scan", "Parent Relationship": "Outer", "Relation Name": "movie_info", "Alias": "mi", "Startup Cost": 0.0, "Total Cost": 70544.72, "Plan Rows": 726375, "Plan Width": 8, "Filter": "((info)::text = ANY ('{Sweden,Norway,Germany,Denmark,Swedish,Denish,Norwegian,German,USA,American}'::text[]))"}]}, {"Node Type": "Hash", "Parent Relationship": "Inner", "Startup Cost": 183666.12, "Total Cost": 183666.12, "Plan Rows": 289936, "Plan Width": 25, "Plans": [{"Node Type": "Hash Join", "Parent Relationship": "Outer", "Join Type": "Inner", "Startup Cost": 121977.26, "Total Cost": 183666.12, "Plan Rows": 289936, "Plan Width": 25, "Inner Unique": true, "Hash Cond": "(mc.movie_id = t.id), (LLVM Optimized)", "Plans": [{"Node Type": "Hash Join", "Parent Relationship": "Outer", "Join Type": "Inner", "Startup Cost": 1.05, "Total Cost": 58005.76, "Plan Rows": 209278, "Plan Width": 4, "Inner Unique": true, "Hash Cond": "(mc.company_type_id = ct.id), (LLVM Optimized)", "Plans": [{"Node Type": "Seq Scan", "Parent Relationship": "Outer", "Relation Name": "movie_companies", "Alias": "mc", "Startup Cost": 0.0, "Total Cost": 54862.92, "Plan Rows": 418557, "Plan Width": 8, "Filter": "(((note)::text !~~ '%(TV)%'::text) AND ((note)::text ~~ '%(USA)%'::text)), (LLVM Optimized)"}, {"Node Type": "Hash", "Parent Relationship": "Inner", "Startup Cost": 1.04, "Total Cost": 1.04, "Plan Rows": 1, "Plan Width": 4, "Plans": [{"Node Type": "Seq Scan", "Parent Relationship": "Outer", "Relation Name": "company_type", "Alias": "ct", "Startup Cost": 0.0, "Total Cost": 1.04, "Plan Rows": 1, "Plan Width": 4, "Filter": "((kind)::text = 'production companies'::text)"}]}]}, {"Node Type": "Hash", "Parent Relationship": "Inner", "Startup Cost": 100115.71, "Total Cost": 100115.71, "Plan Rows": 1748840, "Plan Width": 21, "Plans": [{"Node Type": "Streaming(type: LOCAL GATHER dop: 1/64)", "Parent Relationship": "Outer", "Startup Cost": 0.0, "Total Cost": 100115.71, "Plan Rows": 1748840, "Plan Width": 21, "Plans": [{"Node Type": "Seq Scan", "Parent Relationship": "Outer", "Relation Name": "title", "Alias": "t", "Startup Cost": 0.0, "Total Cost": 64037.34, "Plan Rows": 1748840, "Plan Width": 21, "Filter": "(production_year > 1990), (LLVM Optimized)"}]}]}]}]}]}, {"Node Type": "Hash", "Parent Relationship": "Inner", "Startup Cost": 2.12, "Total Cost": 2.12, "Plan Rows": 112, "Plan Width": 4, "Plans": [{"Node Type": "Seq Scan", "Parent Relationship": "Outer", "Relation Name": "info_type", "Alias": "it", "Startup Cost": 0.0, "Total Cost": 2.12, "Plan Rows": 112, "Plan Width": 4}]}]}]}, "Unique SQL Id": 322094867}, "explain_analyze_plan": {"Plan": {"Node Type": "Aggregate", "Strategy": "Plain", "Startup Cost": 282595.42, "Total Cost": 282595.43, "Plan Rows": 1, "Plan Width": 49, "Actual Min Startup Time": 2863.059, "Actual Max Startup Time": 2863.059, "Actual Min Total Time": 2863.059, "Actual Max Total Time": 2863.059, "Actual Total Rows": 1, "Plans": [{"Node Type": "Hash Join", "Parent Relationship": "Outer", "Join Type": "Inner", "Startup Cost": 187293.84, "Total Cost": 281767.79, "Plan Rows": 331050, "Plan Width": 17, "Actual Min Startup Time": 2501.901, "Actual Max Startup Time": 2501.901, "Actual Min Total Time": 2862.568, "Actual Max Total Time": 2862.568, "Actual Total Rows": 669, "Inner Unique": true, "Hash Cond": "(mi.info_type_id = it.id), (LLVM Optimized, Jit Execute)", "Plans": [{"Node Type": "Hash Join", "Parent Relationship": "Outer", "Join Type": "Inner", "Startup Cost": 187290.32, "Total Cost": 277212.34, "Plan Rows": 331050, "Plan Width": 21, "Actual Min Startup Time": 2501.69, "Actual Max Startup Time": 2501.69, "Actual Min Total Time": 2861.865, "Actual Max Total Time": 2861.865, "Actual Total Rows": 669, "Inner Unique": false, "Hash Cond": "(mi.movie_id = t.id), (LLVM Optimized, Jit Execute)", "Plans": [{"Node Type": "Streaming(type: LOCAL GATHER dop: 1/64)", "Parent Relationship": "Outer", "Startup Cost": 0.0, "Total Cost": 85529.75, "Plan Rows": 726375, "Plan Width": 8, "Actual Min Startup Time": 0.158, "Actual Max Startup Time": 0.158, "Actual Min Total Time": 218.045, "Actual Max Total Time": 218.045, "Actual Total Rows": 706674, "Plans": [{"Node Type": "Seq Scan", "Parent Relationship": "Outer", "Relation Name": "movie_info", "Alias": "mi", "Startup Cost": 0.0, "Total Cost": 70544.72, "Plan Rows": 726375, "Plan Width": 8, "Actual Min Startup Time": 0.04, "Actual Max Startup Time": 3.309, "Actual Min Total Time": 121.222, "Actual Max Total Time": 141.902, "Actual Total Rows": 706674, "Filter": "((info)::text = ANY ('{Sweden,Norway,Germany,Denmark,Swedish,Denish,Norwegian,German,USA,American}'::text[]))", "Rows Removed by Filter": 14129045}]}, {"Node Type": "Hash", "Parent Relationship": "Inner", "Startup Cost": 183666.12, "Total Cost": 183666.12, "Plan Rows": 289936, "Plan Width": 25, "Actual Min Startup Time": 2495.521, "Actual Max Startup Time": 2495.521, "Actual Min Total Time": 2495.521, "Actual Max Total Time": 2495.521, "Actual Total Rows": 767, "Max Hash Buckets": 524288, "Min Hash Buckets": 524288, "Max Hash Batches": 1, "Min Hash Batches": 1, "Max Original Hash Batches": 1, "Min Original Hash Batches": 1, "Max Peak Memory Usage": 45, "min Peak Memory Usage": 45, "Plans": [{"Node Type": "Hash Join", "Parent Relationship": "Outer", "Join Type": "Inner", "Startup Cost": 121977.26, "Total Cost": 183666.12, "Plan Rows": 289936, "Plan Width": 25, "Actual Min Startup Time": 2159.015, "Actual Max Startup Time": 2159.015, "Actual Min Total Time": 2495.106, "Actual Max Total Time": 2495.106, "Actual Total Rows": 767, "Inner Unique": true, "Hash Cond": "(mc.movie_id = t.id), (LLVM Optimized, Jit Execute)", "Plans": [{"Node Type": "Hash Join", "Parent Relationship": "Outer", "Join Type": "Inner", "Startup Cost": 1.05, "Total Cost": 58005.76, "Plan Rows": 209278, "Plan Width": 4, "Actual Min Startup Time": 793.946, "Actual Max Startup Time": 793.946, "Actual Min Total Time": 1129.362, "Actual Max Total Time": 1129.362, "Actual Total Rows": 798, "Inner Unique": true, "Hash Cond": "(mc.company_type_id = ct.id), (LLVM Optimized, Jit Execute)", "Plans": [{"Node Type": "Seq Scan", "Parent Relationship": "Outer", "Relation Name": "movie_companies", "Alias": "mc", "Startup Cost": 0.0, "Total Cost": 54862.92, "Plan Rows": 418557, "Plan Width": 8, "Actual Min Startup Time": 0.053, "Actual Max Startup Time": 0.053, "Actual Min Total Time": 1077.451, "Actual Max Total Time": 1077.451, "Actual Total Rows": 295628, "Filter": "(((note)::text !~~ '%(TV)%'::text) AND ((note)::text ~~ '%(USA)%'::text)), (LLVM Optimized, Jit Execute)", "Rows Removed by Filter": 2313500}, {"Node Type": "Hash", "Parent Relationship": "Inner", "Startup Cost": 1.04, "Total Cost": 1.04, "Plan Rows": 1, "Plan Width": 4, "Actual Min Startup Time": 0.032, "Actual Max Startup Time": 0.032, "Actual Min Total Time": 0.032, "Actual Max Total Time": 0.032, "Actual Total Rows": 1, "Max Hash Buckets": 32768, "Min Hash Buckets": 32768, "Max Hash Batches": 1, "Min Hash Batches": 1, "Max Original Hash Batches": 1, "Min Original Hash Batches": 1, "Max Peak Memory Usage": 1, "min Peak Memory Usage": 1, "Plans": [{"Node Type": "Seq Scan", "Parent Relationship": "Outer", "Relation Name": "company_type", "Alias": "ct", "Startup Cost": 0.0, "Total Cost": 1.04, "Plan Rows": 1, "Plan Width": 4, "Actual Min Startup Time": 0.024, "Actual Max Startup Time": 0.024, "Actual Min Total Time": 0.027, "Actual Max Total Time": 0.027, "Actual Total Rows": 1, "Filter": "((kind)::text = 'production companies'::text)", "Rows Removed by Filter": 2}]}]}, {"Node Type": "Hash", "Parent Relationship": "Inner", "Startup Cost": 100115.71, "Total Cost": 100115.71, "Plan Rows": 1748840, "Plan Width": 21, "Actual Min Startup Time": 1363.436, "Actual Max Startup Time": 1363.436, "Actual Min Total Time": 1363.436, "Actual Max Total Time": 1363.436, "Actual Total Rows": 1749032, "Max Hash Buckets": 2097152, "Min Hash Buckets": 2097152, "Max Hash Batches": 1, "Min Hash Batches": 1, "Max Original Hash Batches": 1, "Min Original Hash Batches": 1, "Max Peak Memory Usage": 93635, "min Peak Memory Usage": 93635, "Plans": [{"Node Type": "Streaming(type: LOCAL GATHER dop: 1/64)", "Parent Relationship": "Outer", "Startup Cost": 0.0, "Total Cost": 100115.71, "Plan Rows": 1748840, "Plan Width": 21, "Actual Min Startup Time": 111.075, "Actual Max Startup Time": 111.075, "Actual Min Total Time": 745.821, "Actual Max Total Time": 745.821, "Actual Total Rows": 1749032, "Plans": [{"Node Type": "Seq Scan", "Parent Relationship": "Outer", "Relation Name": "title", "Alias": "t", "Startup Cost": 0.0, "Total Cost": 64037.34, "Plan Rows": 1748840, "Plan Width": 21, "Actual Min Startup Time": 0.025, "Actual Max Startup Time": 0.049, "Actual Min Total Time": 15.077, "Actual Max Total Time": 19.374, "Actual Total Rows": 1749032, "Filter": "(production_year > 1990), (LLVM Optimized, Jit Execute)", "Rows Removed by Filter": 779279}]}]}]}]}]}, {"Node Type": "Hash", "Parent Relationship": "Inner", "Startup Cost": 2.12, "Total Cost": 2.12, "Plan Rows": 112, "Plan Width": 4, "Actual Min Startup Time": 0.133, "Actual Max Startup Time": 0.133, "Actual Min Total Time": 0.133, "Actual Max Total Time": 0.133, "Actual Total Rows": 112, "Max Hash Buckets": 32768, "Min Hash Buckets": 32768, "Max Hash Batches": 1, "Min Hash Batches": 1, "Max Original Hash Batches": 1, "Min Original Hash Batches": 1, "Max Peak Memory Usage": 4, "min Peak Memory Usage": 4, "Plans": [{"Node Type": "Seq Scan", "Parent Relationship": "Outer", "Relation Name": "info_type", "Alias": "it", "Startup Cost": 0.0, "Total Cost": 2.12, "Plan Rows": 112, "Plan Width": 4, "Actual Min Startup Time": 0.056, "Actual Max Startup Time": 0.056, "Actual Min Total Time": 0.079, "Actual Max Total Time": 0.079, "Actual Total Rows": 112}]}]}]}, "Triggers": [], "Planner Runtime": 19.742, "Total Runtime": 2897.891, "Unique SQL Id": 322094867}}, "(64, 15)": {"explain_plan": {"Plan": {"Node Type": "Aggregate", "Strategy": "Plain", "Startup Cost": 5001727514755.89, "Total Cost": 5001727514755.9, "Plan Rows": 1, "Plan Width": 49, "Plans": [{"Node Type": "Merge Join", "Parent Relationship": "Outer", "Join Type": "Inner", "Startup Cost": 50024908232.05, "Total Cost": 5001727513928.26, "Plan Rows": 331050, "Plan Width": 17, "Inner Unique": true, "Merge Cond": "(mi.movie_id = t.id)", "Plans": [{"Node Type": "Nested Loop", "Parent Relationship": "Outer", "Join Type": "Inner", "Startup Cost": 40000000000.0, "Total Cost": 4002417254692.22, "Plan Rows": 238955, "Plan Width": 8, "Inner Unique": true, "Join Filter": "(mi.info_type_id = it.id), (LLVM Optimized)", "Plans": [{"Node Type": "Nested Loop", "Parent Relationship": "Outer", "Join Type": "Inner", "Startup Cost": 30000000000.0, "Total Cost": 3002416851854.54, "Plan Rows": 238955, "Plan Width": 12, "Inner Unique": false, "Join Filter": "(mc.movie_id = mi.movie_id), (LLVM Optimized)", "Plans": [{"Node Type": "Nested Loop", "Parent Relationship": "Outer", "Join Type": "Inner", "Startup Cost": 20000000000.0, "Total Cost": 2000014364018.74, "Plan Rows": 209278, "Plan Width": 4, "Inner Unique": true, "Join Filter": "(ct.id = mc.company_type_id), (LLVM Optimized)", "Plans": [{"Node Type": "Index Scan", "Parent Relationship": "Outer", "Scan Direction": "Forward", "Index Name": "movie_id_movie_companies", "Relation Name": "movie_companies", "Alias": "mc", "Startup Cost": 10000000000.0, "Total Cost": 1000014356510.13, "Plan Rows": 418557, "Plan Width": 8, "Filter": "(((note)::text !~~ '%(TV)%'::text) AND ((note)::text ~~ '%(USA)%'::text)), (LLVM Optimized)"}, {"Node Type": "Materialize", "Parent Relationship": "Inner", "Startup Cost": 10000000000.0, "Total Cost": 1000000001230.26, "Plan Rows": 1, "Plan Width": 4, "Plans": [{"Node Type": "Index Scan", "Parent Relationship": "Outer", "Scan Direction": "Forward", "Index Name": "company_type_pkey", "Relation Name": "company_type", "Alias": "ct", "Startup Cost": 10000000000.0, "Total Cost": 1000000001230.25, "Plan Rows": 1, "Plan Width": 4, "Filter": "((kind)::text = 'production companies'::text)"}]}]}, {"Node Type": "Materialize", "Parent Relationship": "Inner", "Startup Cost": 10000000000.0, "Total Cost": 1000122275042.99, "Plan Rows": 726375, "Plan Width": 8, "Plans": [{"Node Type": "Index Scan", "Parent Relationship": "Outer", "Scan Direction": "Forward", "Index Name": "info_type_id_movie_info", "Relation Name": "movie_info", "Alias": "mi", "Startup Cost": 10000000000.0, "Total Cost": 1000122271411.12, "Plan Rows": 726375, "Plan Width": 8, "Filter": "((info)::text = ANY ('{Sweden,Norway,Germany,Denmark,Swedish,Denish,Norwegian,German,USA,American}'::text[]))"}]}]}, {"Node Type": "Materialize", "Parent Relationship": "Inner", "Startup Cost": 10000000000.0, "Total Cost": 1000000001393.56, "Plan Rows": 112, "Plan Width": 4, "Plans": [{"Node Type": "Index Scan", "Parent Relationship": "Outer", "Scan Direction": "Forward", "Index Name": "info_type_pkey", "Relation Name": "info_type", "Alias": "it", "Startup Cost": 10000000000.0, "Total Cost": 1000000001393.0, "Plan Rows": 112, "Plan Width": 4}]}]}, {"Node Type": "Index Scan", "Parent Relationship": "Inner", "Scan Direction": "Forward", "Index Name": "title_pkey", "Relation Name": "title", "Alias": "t", "Startup Cost": 10000000000.0, "Total Cost": 1000011644126.66, "Plan Rows": 1748840, "Plan Width": 21, "Filter": "(production_year > 1990), (LLVM Optimized)"}]}]}, "Unique SQL Id": 322094867}, "explain_analyze_plan": null}, "(64, 16)": {"explain_plan": {"Plan": {"Node Type": "Aggregate", "Strategy": "Plain", "Startup Cost": 501960.35, "Total Cost": 501960.36, "Plan Rows": 1, "Plan Width": 49, "Plans": [{"Node Type": "Merge Join", "Parent Relationship": "Outer", "Join Type": "Inner", "Startup Cost": 496254.72, "Total Cost": 501132.73, "Plan Rows": 331050, "Plan Width": 17, "Inner Unique": false, "Merge Cond": "(it.id = mi.info_type_id)", "Plans": [{"Node Type": "Index Only Scan", "Parent Relationship": "Outer", "Scan Direction": "Forward", "Index Name": "info_type_pkey", "Relation Name": "info_type", "Alias": "it", "Startup Cost": 0.0, "Total Cost": 2.12, "Plan Rows": 112, "Plan Width": 4}, {"Node Type": "Sort", "Parent Relationship": "Inner", "Startup Cost": 496164.62, "Total Cost": 496992.25, "Plan Rows": 331050, "Plan Width": 21, "Sort Key": ["mi.info_type_id"], "Plans": [{"Node Type": "Nested Loop", "Parent Relationship": "Outer", "Join Type": "Inner", "Startup Cost": 0.0, "Total Cost": 465812.82, "Plan Rows": 331050, "Plan Width": 21, "Inner Unique": false, "Plans": [{"Node Type": "Nested Loop", "Parent Relationship": "Outer", "Join Type": "Inner", "Startup Cost": 0.0, "Total Cost": 207294.74, "Plan Rows": 289936, "Plan Width": 25, "Inner Unique": true, "Plans": [{"Node Type": "Nested Loop", "Parent Relationship": "Outer", "Join Type": "Inner", "Startup Cost": 0.0, "Total Cost": 60095.92, "Plan Rows": 209278, "Plan Width": 4, "Inner Unique": false, "Join Filter": "(ct.id = mc.company_type_id), (LLVM Optimized)", "Plans": [{"Node Type": "Seq Scan", "Parent Relationship": "Outer", "Relation Name": "company_type", "Alias": "ct", "Startup Cost": 0.0, "Total Cost": 1.04, "Plan Rows": 1, "Plan Width": 4, "Filter": "((kind)::text = 'production companies'::text)"}, {"Node Type": "Seq Scan", "Parent Relationship": "Inner", "Relation Name": "movie_companies", "Alias": "mc", "Startup Cost": 0.0, "Total Cost": 54862.92, "Plan Rows": 418557, "Plan Width": 8, "Filter": "(((note)::text !~~ '%(TV)%'::text) AND ((note)::text ~~ '%(USA)%'::text)), (LLVM Optimized)"}]}, {"Node Type": "Index Scan", "Parent Relationship": "Inner", "Scan Direction": "Forward", "Index Name": "title_pkey", "Relation Name": "title", "Alias": "t", "Startup Cost": 0.0, "Total Cost": 0.69, "Plan Rows": 1, "Plan Width": 21, "Index Cond": "(id = mc.movie_id)", "Filter": "(production_year > 1990)"}]}, {"Node Type": "Index Scan", "Parent Relationship": "Inner", "Scan Direction": "Forward", "Index Name": "movie_id_movie_info", "Relation Name": "movie_info", "Alias": "mi", "Startup Cost": 0.0, "Total Cost": 0.88, "Plan Rows": 1, "Plan Width": 8, "Index Cond": "(movie_id = t.id)", "Filter": "((info)::text = ANY ('{Sweden,Norway,Germany,Denmark,Swedish,Denish,Norwegian,German,USA,American}'::text[]))"}]}]}]}]}, "Unique SQL Id": 322094867}, "explain_analyze_plan": {"Plan": {"Node Type": "Aggregate", "Strategy": "Plain", "Startup Cost": 501960.35, "Total Cost": 501960.36, "Plan Rows": 1, "Plan Width": 49, "Actual Startup Time": 1233.737, "Actual Total Time": 1233.738, "Actual Rows": 1, "Actual Loops": 1, "Plans": [{"Node Type": "Merge Join", "Parent Relationship": "Outer", "Join Type": "Inner", "Startup Cost": 496254.72, "Total Cost": 501132.73, "Plan Rows": 331050, "Plan Width": 17, "Actual Startup Time": 1233.208, "Actual Total Time": 1233.529, "Actual Rows": 669, "Actual Loops": 1, "Inner Unique": false, "Merge Cond": "(it.id = mi.info_type_id)", "Plans": [{"Node Type": "Index Only Scan", "Parent Relationship": "Outer", "Scan Direction": "Forward", "Index Name": "info_type_pkey", "Relation Name": "info_type", "Alias": "it", "Startup Cost": 0.0, "Total Cost": 2.12, "Plan Rows": 112, "Plan Width": 4, "Actual Startup Time": 0.016, "Actual Total Time": 0.025, "Actual Rows": 18, "Actual Loops": 1, "Heap Fetches": 0}, {"Node Type": "Sort", "Parent Relationship": "Inner", "Startup Cost": 496164.62, "Total Cost": 496992.25, "Plan Rows": 331050, "Plan Width": 21, "Actual Startup Time": 1233.175, "Actual Total Time": 1233.296, "Actual Rows": 669, "Actual Loops": 1, "Sort Key": ["mi.info_type_id"], "Sort Method": "quicksort", "Sort Space Used": 90, "Sort Space Type": "Memory", "Plans": [{"Node Type": "Nested Loop", "Parent Relationship": "Outer", "Join Type": "Inner", "Startup Cost": 0.0, "Total Cost": 465812.82, "Plan Rows": 331050, "Plan Width": 21, "Actual Startup Time": 860.75, "Actual Total Time": 1232.751, "Actual Rows": 669, "Actual Loops": 1, "Inner Unique": false, "Plans": [{"Node Type": "Nested Loop", "Parent Relationship": "Outer", "Join Type": "Inner", "Startup Cost": 0.0, "Total Cost": 207294.74, "Plan Rows": 289936, "Plan Width": 25, "Actual Startup Time": 860.715, "Actual Total Time": 1208.415, "Actual Rows": 767, "Actual Loops": 1, "Inner Unique": true, "Plans": [{"Node Type": "Nested Loop", "Parent Relationship": "Outer", "Join Type": "Inner", "Startup Cost": 0.0, "Total Cost": 60095.92, "Plan Rows": 209278, "Plan Width": 4, "Actual Startup Time": 860.66, "Actual Total Time": 1201.3, "Actual Rows": 798, "Actual Loops": 1, "Inner Unique": false, "Join Filter": "(ct.id = mc.company_type_id), (LLVM Optimized, Jit Execute)", "Rows Removed by Join Filter": 294830, "Plans": [{"Node Type": "Seq Scan", "Parent Relationship": "Outer", "Relation Name": "company_type", "Alias": "ct", "Startup Cost": 0.0, "Total Cost": 1.04, "Plan Rows": 1, "Plan Width": 4, "Actual Startup Time": 0.022, "Actual Total Time": 0.028, "Actual Rows": 1, "Actual Loops": 1, "Filter": "((kind)::text = 'production companies'::text)", "Rows Removed by Filter": 2}, {"Node Type": "Seq Scan", "Parent Relationship": "Inner", "Relation Name": "movie_companies", "Alias": "mc", "Startup Cost": 0.0, "Total Cost": 54862.92, "Plan Rows": 418557, "Plan Width": 8, "Actual Startup Time": 0.03, "Actual Total Time": 1143.19, "Actual Rows": 295628, "Actual Loops": 1, "Filter": "(((note)::text !~~ '%(TV)%'::text) AND ((note)::text ~~ '%(USA)%'::text)), (LLVM Optimized, Jit Execute)", "Rows Removed by Filter": 2313500}]}, {"Node Type": "Index Scan", "Parent Relationship": "Inner", "Scan Direction": "Forward", "Index Name": "title_pkey", "Relation Name": "title", "Alias": "t", "Startup Cost": 0.0, "Total Cost": 0.69, "Plan Rows": 1, "Plan Width": 21, "Actual Startup Time": 6.323, "Actual Total Time": 6.323, "Actual Rows": 767, "Actual Loops": 798, "Index Cond": "(id = mc.movie_id)", "Rows Removed by Index Recheck": 0, "Filter": "(production_year > 1990)", "Rows Removed by Filter": 31}]}, {"Node Type": "Index Scan", "Parent Relationship": "Inner", "Scan Direction": "Forward", "Index Name": "movie_id_movie_info", "Relation Name": "movie_info", "Alias": "mi", "Startup Cost": 0.0, "Total Cost": 0.88, "Plan Rows": 1, "Plan Width": 8, "Actual Startup Time": 20.868, "Actual Total Time": 23.622, "Actual Rows": 669, "Actual Loops": 767, "Index Cond": "(movie_id = t.id)", "Rows Removed by Index Recheck": 0, "Filter": "((info)::text = ANY ('{Sweden,Norway,Germany,Denmark,Swedish,Denish,Norwegian,German,USA,American}'::text[]))", "Rows Removed by Filter": 7721}]}]}]}]}, "Triggers": [], "Planner Runtime": 6.249, "Total Runtime": 1243.444, "Unique SQL Id": 322094867}}, "(64, 17)": {"explain_plan": {"Plan": {"Node Type": "Aggregate", "Strategy": "Plain", "Startup Cost": 503617.55, "Total Cost": 503617.56, "Plan Rows": 1, "Plan Width": 49, "Plans": [{"Node Type": "Merge Join", "Parent Relationship": "Outer", "Join Type": "Inner", "Startup Cost": 497904.24, "Total Cost": 502789.92, "Plan Rows": 331050, "Plan Width": 17, "Inner Unique": false, "Merge Cond": "(it.id = mi.info_type_id)", "Plans": [{"Node Type": "Index Only Scan", "Parent Relationship": "Outer", "Scan Direction": "Forward", "Index Name": "info_type_pkey", "Relation Name": "info_type", "Alias": "it", "Startup Cost": 0.0, "Total Cost": 9.93, "Plan Rows": 112, "Plan Width": 4}, {"Node Type": "Sort", "Parent Relationship": "Inner", "Startup Cost": 497814.14, "Total Cost": 498641.77, "Plan Rows": 331050, "Plan Width": 21, "Sort Key": ["mi.info_type_id"], "Plans": [{"Node Type": "Nested Loop", "Parent Relationship": "Outer", "Join Type": "Inner", "Startup Cost": 0.0, "Total Cost": 467462.34, "Plan Rows": 331050, "Plan Width": 21, "Inner Unique": false, "Plans": [{"Node Type": "Nested Loop", "Parent Relationship": "Outer", "Join Type": "Inner", "Startup Cost": 0.0, "Total Cost": 208944.27, "Plan Rows": 289936, "Plan Width": 25, "Inner Unique": true, "Plans": [{"Node Type": "Nested Loop", "Parent Relationship": "Outer", "Join Type": "Inner", "Startup Cost": 0.0, "Total Cost": 61745.44, "Plan Rows": 209278, "Plan Width": 4, "Inner Unique": false, "Plans": [{"Node Type": "Index Scan", "Parent Relationship": "Outer", "Scan Direction": "Forward", "Index Name": "company_type_pkey", "Relation Name": "company_type", "Alias": "ct", "Startup Cost": 0.0, "Total Cost": 12.3, "Plan Rows": 1, "Plan Width": 4, "Filter": "((kind)::text = 'production companies'::text)"}, {"Node Type": "Index Scan", "Parent Relationship": "Inner", "Scan Direction": "Forward", "Index Name": "company_type_id_movie_companies", "Relation Name": "movie_companies", "Alias": "mc", "Startup Cost": 0.0, "Total Cost": 59640.35, "Plan Rows": 209279, "Plan Width": 8, "Index Cond": "(company_type_id = ct.id), (LLVM Optimized)", "Filter": "(((note)::text !~~ '%(TV)%'::text) AND ((note)::text ~~ '%(USA)%'::text)), (LLVM Optimized)"}]}, {"Node Type": "Index Scan", "Parent Relationship": "Inner", "Scan Direction": "Forward", "Index Name": "title_pkey", "Relation Name": "title", "Alias": "t", "Startup Cost": 0.0, "Total Cost": 0.69, "Plan Rows": 1, "Plan Width": 21, "Index Cond": "(id = mc.movie_id)", "Filter": "(production_year > 1990)"}]}, {"Node Type": "Index Scan", "Parent Relationship": "Inner", "Scan Direction": "Forward", "Index Name": "movie_id_movie_info", "Relation Name": "movie_info", "Alias": "mi", "Startup Cost": 0.0, "Total Cost": 0.88, "Plan Rows": 1, "Plan Width": 8, "Index Cond": "(movie_id = t.id)", "Filter": "((info)::text = ANY ('{Sweden,Norway,Germany,Denmark,Swedish,Denish,Norwegian,German,USA,American}'::text[]))"}]}]}]}]}, "Unique SQL Id": 322094867}, "explain_analyze_plan": {"Plan": {"Node Type": "Aggregate", "Strategy": "Plain", "Startup Cost": 503617.55, "Total Cost": 503617.56, "Plan Rows": 1, "Plan Width": 49, "Actual Startup Time": 688.66, "Actual Total Time": 688.66, "Actual Rows": 1, "Actual Loops": 1, "Plans": [{"Node Type": "Merge Join", "Parent Relationship": "Outer", "Join Type": "Inner", "Startup Cost": 497904.24, "Total Cost": 502789.92, "Plan Rows": 331050, "Plan Width": 17, "Actual Startup Time": 688.192, "Actual Total Time": 688.43, "Actual Rows": 669, "Actual Loops": 1, "Inner Unique": false, "Merge Cond": "(it.id = mi.info_type_id)", "Plans": [{"Node Type": "Index Only Scan", "Parent Relationship": "Outer", "Scan Direction": "Forward", "Index Name": "info_type_pkey", "Relation Name": "info_type", "Alias": "it", "Startup Cost": 0.0, "Total Cost": 9.93, "Plan Rows": 112, "Plan Width": 4, "Actual Startup Time": 0.015, "Actual Total Time": 0.022, "Actual Rows": 18, "Actual Loops": 1, "Heap Fetches": 0}, {"Node Type": "Sort", "Parent Relationship": "Inner", "Startup Cost": 497814.14, "Total Cost": 498641.77, "Plan Rows": 331050, "Plan Width": 21, "Actual Startup Time": 688.157, "Actual Total Time": 688.238, "Actual Rows": 669, "Actual Loops": 1, "Sort Key": ["mi.info_type_id"], "Sort Method": "quicksort", "Sort Space Used": 90, "Sort Space Type": "Memory", "Plans": [{"Node Type": "Nested Loop", "Parent Relationship": "Outer", "Join Type": "Inner", "Startup Cost": 0.0, "Total Cost": 467462.34, "Plan Rows": 331050, "Plan Width": 21, "Actual Startup Time": 8.62, "Actual Total Time": 687.694, "Actual Rows": 669, "Actual Loops": 1, "Inner Unique": false, "Plans": [{"Node Type": "Nested Loop", "Parent Relationship": "Outer", "Join Type": "Inner", "Startup Cost": 0.0, "Total Cost": 208944.27, "Plan Rows": 289936, "Plan Width": 25, "Actual Startup Time": 8.599, "Actual Total Time": 661.543, "Actual Rows": 767, "Actual Loops": 1, "Inner Unique": true, "Plans": [{"Node Type": "Nested Loop", "Parent Relationship": "Outer", "Join Type": "Inner", "Startup Cost": 0.0, "Total Cost": 61745.44, "Plan Rows": 209278, "Plan Width": 4, "Actual Startup Time": 8.578, "Actual Total Time": 654.207, "Actual Rows": 798, "Actual Loops": 1, "Inner Unique": false, "Plans": [{"Node Type": "Index Scan", "Parent Relationship": "Outer", "Scan Direction": "Forward", "Index Name": "company_type_pkey", "Relation Name": "company_type", "Alias": "ct", "Startup Cost": 0.0, "Total Cost": 12.3, "Plan Rows": 1, "Plan Width": 4, "Actual Startup Time": 0.018, "Actual Total Time": 0.024, "Actual Rows": 1, "Actual Loops": 1, "Filter": "((kind)::text = 'production companies'::text)", "Rows Removed by Filter": 2}, {"Node Type": "Index Scan", "Parent Relationship": "Inner", "Scan Direction": "Forward", "Index Name": "company_type_id_movie_companies", "Relation Name": "movie_companies", "Alias": "mc", "Startup Cost": 0.0, "Total Cost": 59640.35, "Plan Rows": 209279, "Plan Width": 8, "Actual Startup Time": 8.556, "Actual Total Time": 653.906, "Actual Rows": 798, "Actual Loops": 1, "Index Cond": "(company_type_id = ct.id), (LLVM Optimized, Jit Execute)", "Rows Removed by Index Recheck": 0, "Filter": "(((note)::text !~~ '%(TV)%'::text) AND ((note)::text ~~ '%(USA)%'::text)), (LLVM Optimized, Jit Execute)", "Rows Removed by Filter": 1334085}]}, {"Node Type": "Index Scan", "Parent Relationship": "Inner", "Scan Direction": "Forward", "Index Name": "title_pkey", "Relation Name": "title", "Alias": "t", "Startup Cost": 0.0, "Total Cost": 0.69, "Plan Rows": 1, "Plan Width": 21, "Actual Startup Time": 6.319, "Actual Total Time": 6.319, "Actual Rows": 767, "Actual Loops": 798, "Index Cond": "(id = mc.movie_id)", "Rows Removed by Index Recheck": 0, "Filter": "(production_year > 1990)", "Rows Removed by Filter": 31}]}, {"Node Type": "Index Scan", "Parent Relationship": "Inner", "Scan Direction": "Forward", "Index Name": "movie_id_movie_info", "Relation Name": "movie_info", "Alias": "mi", "Startup Cost": 0.0, "Total Cost": 0.88, "Plan Rows": 1, "Plan Width": 8, "Actual Startup Time": 22.446, "Actual Total Time": 25.507, "Actual Rows": 669, "Actual Loops": 767, "Index Cond": "(movie_id = t.id)", "Rows Removed by Index Recheck": 0, "Filter": "((info)::text = ANY ('{Sweden,Norway,Germany,Denmark,Swedish,Denish,Norwegian,German,USA,American}'::text[]))", "Rows Removed by Filter": 7721}]}]}]}]}, "Triggers": [], "Planner Runtime": 7.997, "Total Runtime": 698.237, "Unique SQL Id": 322094867}}, "(64, 18)": {"explain_plan": {"Plan": {"Node Type": "Aggregate", "Strategy": "Plain", "Startup Cost": 1899194.66, "Total Cost": 1899194.67, "Plan Rows": 1, "Plan Width": 49, "Plans": [{"Node Type": "Merge Join", "Parent Relationship": "Outer", "Join Type": "Inner", "Startup Cost": 1893490.83, "Total Cost": 1898367.03, "Plan Rows": 331050, "Plan Width": 17, "Inner Unique": false, "Merge Cond": "(it.id = mi.info_type_id)", "Plans": [{"Node Type": "Sort", "Parent Relationship": "Outer", "Startup Cost": 5.93, "Total Cost": 6.21, "Plan Rows": 112, "Plan Width": 4, "Sort Key": ["it.id"], "Plans": [{"Node Type": "Seq Scan", "Parent Relationship": "Outer", "Relation Name": "info_type", "Alias": "it", "Startup Cost": 0.0, "Total Cost": 2.12, "Plan Rows": 112, "Plan Width": 4}]}, {"Node Type": "Sort", "Parent Relationship": "Inner", "Startup Cost": 1893394.8, "Total Cost": 1894222.43, "Plan Rows": 331050, "Plan Width": 21, "Sort Key": ["mi.info_type_id"], "Plans": [{"Node Type": "Nested Loop", "Parent Relationship": "Outer", "Join Type": "Inner", "Startup Cost": 0.31, "Total Cost": 1863042.99, "Plan Rows": 331050, "Plan Width": 21, "Inner Unique": true, "Plans": [{"Node Type": "Streaming(type: LOCAL GATHER dop: 1/64)", "Parent Relationship": "Outer", "Startup Cost": 0.0, "Total Cost": 827482.66, "Plan Rows": 238955, "Plan Width": 12, "Plans": [{"Node Type": "Nested Loop", "Parent Relationship": "Outer", "Join Type": "Inner", "Startup Cost": 0.0, "Total Cost": 822553.05, "Plan Rows": 238955, "Plan Width": 12, "Inner Unique": false, "Join Filter": "(mc.movie_id = mi.movie_id), (LLVM Optimized)", "Plans": [{"Node Type": "Streaming(type: LOCAL REDISTRIBUTE dop: 64/1)", "Parent Relationship": "Outer", "Startup Cost": 0.0, "Total Cost": 131598.86, "Plan Rows": 209278, "Plan Width": 4, "Plans": [{"Node Type": "Nested Loop", "Parent Relationship": "Outer", "Join Type": "Inner", "Startup Cost": 0.0, "Total Cost": 60095.92, "Plan Rows": 209278, "Plan Width": 4, "Inner Unique": false, "Join Filter": "(ct.id = mc.company_type_id), (LLVM Optimized)", "Plans": [{"Node Type": "Seq Scan", "Parent Relationship": "Outer", "Relation Name": "company_type", "Alias": "ct", "Startup Cost": 0.0, "Total Cost": 1.04, "Plan Rows": 1, "Plan Width": 4, "Filter": "((kind)::text = 'production companies'::text)"}, {"Node Type": "Seq Scan", "Parent Relationship": "Inner", "Relation Name": "movie_companies", "Alias": "mc", "Startup Cost": 0.0, "Total Cost": 54862.92, "Plan Rows": 418557, "Plan Width": 8, "Filter": "(((note)::text !~~ '%(TV)%'::text) AND ((note)::text ~~ '%(USA)%'::text)), (LLVM Optimized)"}]}]}, {"Node Type": "Materialize", "Parent Relationship": "Inner", "Startup Cost": 0.0, "Total Cost": 134289.54, "Plan Rows": 726375, "Plan Width": 8, "Plans": [{"Node Type": "Streaming(type: LOCAL REDISTRIBUTE dop: 64/64)", "Parent Relationship": "Outer", "Startup Cost": 0.0, "Total Cost": 134232.79, "Plan Rows": 726375, "Plan Width": 8, "Plans": [{"Node Type": "Seq Scan", "Parent Relationship": "Outer", "Relation Name": "movie_info", "Alias": "mi", "Startup Cost": 0.0, "Total Cost": 70544.72, "Plan Rows": 726375, "Plan Width": 8, "Filter": "((info)::text = ANY ('{Sweden,Norway,Germany,Denmark,Swedish,Denish,Norwegian,German,USA,American}'::text[]))"}]}]}]}]}, {"Node Type": "Bitmap Heap Scan", "Parent Relationship": "Inner", "Relation Name": "title", "Alias": "t", "Startup Cost": 0.31, "Total Cost": 4.32, "Plan Rows": 1, "Plan Width": 21, "Recheck Cond": "(id = mi.movie_id)", "Filter": "(production_year > 1990)", "Plans": [{"Node Type": "Bitmap Index Scan", "Parent Relationship": "Outer", "Index Name": "title_pkey", "Startup Cost": 0.0, "Total Cost": 0.31, "Plan Rows": 1, "Plan Width": 0, "Index Cond": "(id = mi.movie_id)"}]}]}]}]}]}, "Unique SQL Id": 322094867}, "explain_analyze_plan": {"Plan": {"Node Type": "Aggregate", "Strategy": "Plain", "Startup Cost": 1899194.66, "Total Cost": 1899194.67, "Plan Rows": 1, "Plan Width": 49, "Actual Min Startup Time": 1626.236, "Actual Max Startup Time": 1626.236, "Actual Min Total Time": 1626.237, "Actual Max Total Time": 1626.237, "Actual Total Rows": 1, "Plans": [{"Node Type": "Merge Join", "Parent Relationship": "Outer", "Join Type": "Inner", "Startup Cost": 1893490.83, "Total Cost": 1898367.03, "Plan Rows": 331050, "Plan Width": 17, "Actual Min Startup Time": 1625.781, "Actual Max Startup Time": 1625.781, "Actual Min Total Time": 1626.013, "Actual Max Total Time": 1626.013, "Actual Total Rows": 669, "Inner Unique": false, "Merge Cond": "(it.id = mi.info_type_id)", "Plans": [{"Node Type": "Sort", "Parent Relationship": "Outer", "Startup Cost": 5.93, "Total Cost": 6.21, "Plan Rows": 112, "Plan Width": 4, "Actual Min Startup Time": 0.164, "Actual Max Startup Time": 0.164, "Actual Min Total Time": 0.165, "Actual Max Total Time": 0.165, "Actual Total Rows": 18, "Sort Key": ["it.id"], "Sort Method": "quicksort", "Sort Space Min Used": 32, "Sort Space Max Used": 32, "Sort Space Type": "Memory", "Plans": [{"Node Type": "Seq Scan", "Parent Relationship": "Outer", "Relation Name": "info_type", "Alias": "it", "Startup Cost": 0.0, "Total Cost": 2.12, "Plan Rows": 112, "Plan Width": 4, "Actual Min Startup Time": 0.054, "Actual Max Startup Time": 0.054, "Actual Min Total Time": 0.076, "Actual Max Total Time": 0.076, "Actual Total Rows": 112}]}, {"Node Type": "Sort", "Parent Relationship": "Inner", "Startup Cost": 1893394.8, "Total Cost": 1894222.43, "Plan Rows": 331050, "Plan Width": 21, "Actual Min Startup Time": 1625.601, "Actual Max Startup Time": 1625.601, "Actual Min Total Time": 1625.67, "Actual Max Total Time": 1625.67, "Actual Total Rows": 669, "Sort Key": ["mi.info_type_id"], "Sort Method": "quicksort", "Sort Space Min Used": 90, "Sort Space Max Used": 90, "Sort Space Type": "Memory", "Plans": [{"Node Type": "Nested Loop", "Parent Relationship": "Outer", "Join Type": "Inner", "Startup Cost": 0.31, "Total Cost": 1863042.99, "Plan Rows": 331050, "Plan Width": 21, "Actual Min Startup Time": 1577.078, "Actual Max Startup Time": 1577.078, "Actual Min Total Time": 1625.28, "Actual Max Total Time": 1625.28, "Actual Total Rows": 669, "Inner Unique": true, "Plans": [{"Node Type": "Streaming(type: LOCAL GATHER dop: 1/64)", "Parent Relationship": "Outer", "Startup Cost": 0.0, "Total Cost": 827482.66, "Plan Rows": 238955, "Plan Width": 12, "Actual Min Startup Time": 1576.97, "Actual Max Startup Time": 1576.97, "Actual Min Total Time": 1618.421, "Actual Max Total Time": 1618.421, "Actual Total Rows": 691, "Plans": [{"Node Type": "Nested Loop", "Parent Relationship": "Outer", "Join Type": "Inner", "Startup Cost": 0.0, "Total Cost": 822553.05, "Plan Rows": 238955, "Plan Width": 12, "Actual Min Startup Time": 1078.922, "Actual Max Startup Time": 1366.365, "Actual Min Total Time": 1099.557, "Actual Max Total Time": 1400.285, "Actual Total Rows": 691, "Inner Unique": false, "Join Filter": "(mc.movie_id = mi.movie_id), (LLVM Optimized, Jit Execute)", "Rows Removed by Join Filter": 8812715, "Plans": [{"Node Type": "Streaming(type: LOCAL REDISTRIBUTE dop: 64/1)", "Parent Relationship": "Outer", "Startup Cost": 0.0, "Total Cost": 131598.86, "Plan Rows": 209278, "Plan Width": 4, "Actual Min Startup Time": 942.634, "Actual Max Startup Time": 944.066, "Actual Min Total Time": 942.639, "Actual Max Total Time": 944.072, "Actual Total Rows": 798, "Plans": [{"Node Type": "Nested Loop", "Parent Relationship": "Outer", "Join Type": "Inner", "Startup Cost": 0.0, "Total Cost": 60095.92, "Plan Rows": 209278, "Plan Width": 4, "Actual Min Startup Time": 891.817, "Actual Max Startup Time": 891.817, "Actual Min Total Time": 1231.309, "Actual Max Total Time": 1231.309, "Actual Total Rows": 798, "Inner Unique": false, "Join Filter": "(ct.id = mc.company_type_id), (LLVM Optimized, Jit Execute)", "Rows Removed by Join Filter": 294830, "Plans": [{"Node Type": "Seq Scan", "Parent Relationship": "Outer", "Relation Name": "company_type", "Alias": "ct", "Startup Cost": 0.0, "Total Cost": 1.04, "Plan Rows": 1, "Plan Width": 4, "Actual Min Startup Time": 0.022, "Actual Max Startup Time": 0.022, "Actual Min Total Time": 0.029, "Actual Max Total Time": 0.029, "Actual Total Rows": 1, "Filter": "((kind)::text = 'production companies'::text)", "Rows Removed by Filter": 2}, {"Node Type": "Seq Scan", "Parent Relationship": "Inner", "Relation Name": "movie_companies", "Alias": "mc", "Startup Cost": 0.0, "Total Cost": 54862.92, "Plan Rows": 418557, "Plan Width": 8, "Actual Min Startup Time": 0.032, "Actual Max Startup Time": 0.032, "Actual Min Total Time": 1171.042, "Actual Max Total Time": 1171.042, "Actual Total Rows": 295628, "Filter": "(((note)::text !~~ '%(TV)%'::text) AND ((note)::text ~~ '%(USA)%'::text)), (LLVM Optimized, Jit Execute)", "Rows Removed by Filter": 2313500}]}]}, {"Node Type": "Materialize", "Parent Relationship": "Inner", "Startup Cost": 0.0, "Total Cost": 134289.54, "Plan Rows": 726375, "Plan Width": 8, "Actual Min Startup Time": 133.021, "Actual Max Startup Time": 420.207, "Actual Min Total Time": 141.868, "Actual Max Total Time": 435.536, "Actual Total Rows": 8813470, "Plans": [{"Node Type": "Streaming(type: LOCAL REDISTRIBUTE dop: 64/64)", "Parent Relationship": "Outer", "Startup Cost": 0.0, "Total Cost": 134232.79, "Plan Rows": 726375, "Plan Width": 8, "Actual Min Startup Time": 0.116, "Actual Max Startup Time": 248.75, "Actual Min Total Time": 131.056, "Actual Max Total Time": 418.125, "Actual Total Rows": 706674, "Plans": [{"Node Type": "Seq Scan", "Parent Relationship": "Outer", "Relation Name": "movie_info", "Alias": "mi", "Startup Cost": 0.0, "Total Cost": 70544.72, "Plan Rows": 726375, "Plan Width": 8, "Actual Min Startup Time": 0.039, "Actual Max Startup Time": 3.435, "Actual Min Total Time": 121.918, "Actual Max Total Time": 154.562, "Actual Total Rows": 706674, "Filter": "((info)::text = ANY ('{Sweden,Norway,Germany,Denmark,Swedish,Denish,Norwegian,German,USA,American}'::text[]))", "Rows Removed by Filter": 14129045}]}]}]}]}, {"Node Type": "Bitmap Heap Scan", "Parent Relationship": "Inner", "Relation Name": "title", "Alias": "t", "Startup Cost": 0.31, "Total Cost": 4.32, "Plan Rows": 1, "Plan Width": 21, "Actual Min Startup Time": 5.821, "Actual Max Startup Time": 5.821, "Actual Min Total Time": 5.821, "Actual Max Total Time": 5.821, "Actual Total Rows": 669, "Recheck Cond": "(id = mi.movie_id)", "Rows Removed by Index Recheck": 0, "Filter": "(production_year > 1990)", "Rows Removed by Filter": 22, "Exact Heap Blocks": 691, "Lossy Heap Blocks": 691, "Plans": [{"Node Type": "Bitmap Index Scan", "Parent Relationship": "Outer", "Index Name": "title_pkey", "Startup Cost": 0.0, "Total Cost": 0.31, "Plan Rows": 1, "Plan Width": 0, "Actual Min Startup Time": 3.297, "Actual Max Startup Time": 3.297, "Actual Min Total Time": 3.297, "Actual Max Total Time": 3.297, "Actual Total Rows": 691, "Index Cond": "(id = mi.movie_id)"}]}]}]}]}]}, "Triggers": [], "Planner Runtime": 7.061, "Total Runtime": 1662.965, "Unique SQL Id": 322094867}}, "(64, 19)": {"explain_plan": {"Plan": {"Node Type": "Aggregate", "Strategy": "Plain", "Startup Cost": 1297250.03, "Total Cost": 1297250.04, "Plan Rows": 1, "Plan Width": 49, "Plans": [{"Node Type": "Merge Join", "Parent Relationship": "Outer", "Join Type": "Inner", "Startup Cost": 1291546.21, "Total Cost": 1296422.41, "Plan Rows": 331050, "Plan Width": 17, "Inner Unique": false, "Merge Cond": "(it.id = mi.info_type_id)", "Plans": [{"Node Type": "Sort", "Parent Relationship": "Outer", "Startup Cost": 17.77, "Total Cost": 18.05, "Plan Rows": 112, "Plan Width": 4, "Sort Key": ["it.id"], "Plans": [{"Node Type": "Bitmap Heap Scan", "Parent Relationship": "Outer", "Relation Name": "info_type", "Alias": "it", "Startup Cost": 8.84, "Total Cost": 13.96, "Plan Rows": 112, "Plan Width": 4, "Plans": [{"Node Type": "Bitmap Index Scan", "Parent Relationship": "Outer", "Index Name": "info_type_pkey", "Startup Cost": 0.0, "Total Cost": 8.81, "Plan Rows": 112, "Plan Width": 0}]}]}, {"Node Type": "Sort", "Parent Relationship": "Inner", "Startup Cost": 1291438.34, "Total Cost": 1292265.96, "Plan Rows": 331050, "Plan Width": 21, "Sort Key": ["mi.info_type_id"], "Plans": [{"Node Type": "Merge Join", "Parent Relationship": "Outer", "Join Type": "Inner", "Startup Cost": 1241374.64, "Total Cost": 1261086.53, "Plan Rows": 331050, "Plan Width": 21, "Inner Unique": true, "Merge Cond": "(mi.movie_id = t.id)", "Plans": [{"Node Type": "Merge Join", "Parent Relationship": "Outer", "Join Type": "Inner", "Startup Cost": 943556.59, "Total Cost": 950622.81, "Plan Rows": 238955, "Plan Width": 12, "Inner Unique": false, "Merge Cond": "(mc.movie_id = mi.movie_id)", "Plans": [{"Node Type": "Sort", "Parent Relationship": "Outer", "Startup Cost": 88152.77, "Total Cost": 88675.96, "Plan Rows": 209278, "Plan Width": 4, "Sort Key": ["mc.movie_id"], "Plans": [{"Node Type": "Nested Loop", "Parent Relationship": "Outer", "Join Type": "Inner", "Startup Cost": 29005.06, "Total Cost": 69657.76, "Plan Rows": 209278, "Plan Width": 4, "Inner Unique": false, "Plans": [{"Node Type": "Bitmap Heap Scan", "Parent Relationship": "Outer", "Relation Name": "company_type", "Alias": "ct", "Startup Cost": 8.27, "Total Cost": 12.3, "Plan Rows": 1, "Plan Width": 4, "Filter": "((kind)::text = 'production companies'::text)", "Plans": [{"Node Type": "Bitmap Index Scan", "Parent Relationship": "Outer", "Index Name": "company_type_pkey", "Startup Cost": 0.0, "Total Cost": 8.27, "Plan Rows": 3, "Plan Width": 0}]}, {"Node Type": "Bitmap Heap Scan", "Parent Relationship": "Inner", "Relation Name": "movie_companies", "Alias": "mc", "Startup Cost": 28996.8, "Total Cost": 67552.67, "Plan Rows": 209279, "Plan Width": 8, "Recheck Cond": "(company_type_id = ct.id), (LLVM Optimized)", "Filter": "(((note)::text !~~ '%(TV)%'::text) AND ((note)::text ~~ '%(USA)%'::text)), (LLVM Optimized)", "Plans": [{"Node Type": "Bitmap Index Scan", "Parent Relationship": "Outer", "Index Name": "company_type_id_movie_companies", "Startup Cost": 0.0, "Total Cost": 28944.48, "Plan Rows": 1304564, "Plan Width": 0, "Index Cond": "(company_type_id = ct.id)"}]}]}]}, {"Node Type": "Sort", "Parent Relationship": "Inner", "Startup Cost": 855403.8, "Total Cost": 857219.74, "Plan Rows": 726375, "Plan Width": 8, "Sort Key": ["mi.movie_id"], "Plans": [{"Node Type": "Bitmap Heap Scan", "Parent Relationship": "Outer", "Relation Name": "movie_info", "Alias": "mi", "Startup Cost": 301827.67, "Total Cost": 784689.91, "Plan Rows": 726375, "Plan Width": 8, "Filter": "((info)::text = ANY ('{Sweden,Norway,Germany,Denmark,Swedish,Denish,Norwegian,German,USA,American}'::text[]))", "Plans": [{"Node Type": "Bitmap Index Scan", "Parent Relationship": "Outer", "Index Name": "movie_id_movie_info", "Startup Cost": 0.0, "Total Cost": 301646.08, "Plan Rows": 14869966, "Plan Width": 0}]}]}]}, {"Node Type": "Sort", "Parent Relationship": "Inner", "Startup Cost": 297817.83, "Total Cost": 302189.93, "Plan Rows": 1748840, "Plan Width": 21, "Sort Key": ["t.id"], "Plans": [{"Node Type": "Bitmap Heap Scan", "Parent Relationship": "Outer", "Relation Name": "title", "Alias": "t", "Startup Cost": 50091.01, "Total Cost": 116480.9, "Plan Rows": 1748840, "Plan Width": 21, "Filter": "(production_year > 1990), (LLVM Optimized)", "Plans": [{"Node Type": "Bitmap Index Scan", "Parent Relationship": "Outer", "Index Name": "title_pkey", "Startup Cost": 0.0, "Total Cost": 49653.81, "Plan Rows": 2528311, "Plan Width": 0}]}]}]}]}]}]}, "Unique SQL Id": 322094867}, "explain_analyze_plan": null}, "(64, 20)": {"explain_plan": {"Plan": {"Node Type": "Aggregate", "Strategy": "Plain", "Startup Cost": 501964.48, "Total Cost": 501964.49, "Plan Rows": 1, "Plan Width": 49, "Plans": [{"Node Type": "Merge Join", "Parent Relationship": "Outer", "Join Type": "Inner", "Startup Cost": 496260.65, "Total Cost": 501136.85, "Plan Rows": 331050, "Plan Width": 17, "Inner Unique": false, "Merge Cond": "(it.id = mi.info_type_id)", "Plans": [{"Node Type": "Sort", "Parent Relationship": "Outer", "Startup Cost": 5.93, "Total Cost": 6.21, "Plan Rows": 112, "Plan Width": 4, "Sort Key": ["it.id"], "Plans": [{"Node Type": "Seq Scan", "Parent Relationship": "Outer", "Relation Name": "info_type", "Alias": "it", "Startup Cost": 0.0, "Total Cost": 2.12, "Plan Rows": 112, "Plan Width": 4}]}, {"Node Type": "Sort", "Parent Relationship": "Inner", "Startup Cost": 496164.62, "Total Cost": 496992.25, "Plan Rows": 331050, "Plan Width": 21, "Sort Key": ["mi.info_type_id"], "Plans": [{"Node Type": "Nested Loop", "Parent Relationship": "Outer", "Join Type": "Inner", "Startup Cost": 0.0, "Total Cost": 465812.82, "Plan Rows": 331050, "Plan Width": 21, "Inner Unique": false, "Plans": [{"Node Type": "Nested Loop", "Parent Relationship": "Outer", "Join Type": "Inner", "Startup Cost": 0.0, "Total Cost": 207294.74, "Plan Rows": 289936, "Plan Width": 25, "Inner Unique": true, "Plans": [{"Node Type": "Nested Loop", "Parent Relationship": "Outer", "Join Type": "Inner", "Startup Cost": 0.0, "Total Cost": 60095.92, "Plan Rows": 209278, "Plan Width": 4, "Inner Unique": false, "Join Filter": "(ct.id = mc.company_type_id), (LLVM Optimized)", "Plans": [{"Node Type": "Seq Scan", "Parent Relationship": "Outer", "Relation Name": "company_type", "Alias": "ct", "Startup Cost": 0.0, "Total Cost": 1.04, "Plan Rows": 1, "Plan Width": 4, "Filter": "((kind)::text = 'production companies'::text)"}, {"Node Type": "Seq Scan", "Parent Relationship": "Inner", "Relation Name": "movie_companies", "Alias": "mc", "Startup Cost": 0.0, "Total Cost": 54862.92, "Plan Rows": 418557, "Plan Width": 8, "Filter": "(((note)::text !~~ '%(TV)%'::text) AND ((note)::text ~~ '%(USA)%'::text)), (LLVM Optimized)"}]}, {"Node Type": "Index Scan", "Parent Relationship": "Inner", "Scan Direction": "Forward", "Index Name": "title_pkey", "Relation Name": "title", "Alias": "t", "Startup Cost": 0.0, "Total Cost": 0.69, "Plan Rows": 1, "Plan Width": 21, "Index Cond": "(id = mc.movie_id)", "Filter": "(production_year > 1990)"}]}, {"Node Type": "Index Scan", "Parent Relationship": "Inner", "Scan Direction": "Forward", "Index Name": "movie_id_movie_info", "Relation Name": "movie_info", "Alias": "mi", "Startup Cost": 0.0, "Total Cost": 0.88, "Plan Rows": 1, "Plan Width": 8, "Index Cond": "(movie_id = t.id)", "Filter": "((info)::text = ANY ('{Sweden,Norway,Germany,Denmark,Swedish,Denish,Norwegian,German,USA,American}'::text[]))"}]}]}]}]}, "Unique SQL Id": 322094867}, "explain_analyze_plan": {"Plan": {"Node Type": "Aggregate", "Strategy": "Plain", "Startup Cost": 501964.48, "Total Cost": 501964.49, "Plan Rows": 1, "Plan Width": 49, "Actual Startup Time": 1223.199, "Actual Total Time": 1223.2, "Actual Rows": 1, "Actual Loops": 1, "Plans": [{"Node Type": "Merge Join", "Parent Relationship": "Outer", "Join Type": "Inner", "Startup Cost": 496260.65, "Total Cost": 501136.85, "Plan Rows": 331050, "Plan Width": 17, "Actual Startup Time": 1222.742, "Actual Total Time": 1222.986, "Actual Rows": 669, "Actual Loops": 1, "Inner Unique": false, "Merge Cond": "(it.id = mi.info_type_id)", "Plans": [{"Node Type": "Sort", "Parent Relationship": "Outer", "Startup Cost": 5.93, "Total Cost": 6.21, "Plan Rows": 112, "Plan Width": 4, "Actual Startup Time": 0.095, "Actual Total Time": 0.097, "Actual Rows": 18, "Actual Loops": 1, "Sort Key": ["it.id"], "Sort Method": "quicksort", "Sort Space Used": 32, "Sort Space Type": "Memory", "Plans": [{"Node Type": "Seq Scan", "Parent Relationship": "Outer", "Relation Name": "info_type", "Alias": "it", "Startup Cost": 0.0, "Total Cost": 2.12, "Plan Rows": 112, "Plan Width": 4, "Actual Startup Time": 0.03, "Actual Total Time": 0.049, "Actual Rows": 112, "Actual Loops": 1}]}, {"Node Type": "Sort", "Parent Relationship": "Inner", "Startup Cost": 496164.62, "Total Cost": 496992.25, "Plan Rows": 331050, "Plan Width": 21, "Actual Startup Time": 1222.634, "Actual Total Time": 1222.692, "Actual Rows": 669, "Actual Loops": 1, "Sort Key": ["mi.info_type_id"], "Sort Method": "quicksort", "Sort Space Used": 90, "Sort Space Type": "Memory", "Plans": [{"Node Type": "Nested Loop", "Parent Relationship": "Outer", "Join Type": "Inner", "Startup Cost": 0.0, "Total Cost": 465812.82, "Plan Rows": 331050, "Plan Width": 21, "Actual Startup Time": 847.442, "Actual Total Time": 1222.245, "Actual Rows": 669, "Actual Loops": 1, "Inner Unique": false, "Plans": [{"Node Type": "Nested Loop", "Parent Relationship": "Outer", "Join Type": "Inner", "Startup Cost": 0.0, "Total Cost": 207294.74, "Plan Rows": 289936, "Plan Width": 25, "Actual Startup Time": 847.401, "Actual Total Time": 1197.562, "Actual Rows": 767, "Actual Loops": 1, "Inner Unique": true, "Plans": [{"Node Type": "Nested Loop", "Parent Relationship": "Outer", "Join Type": "Inner", "Startup Cost": 0.0, "Total Cost": 60095.92, "Plan Rows": 209278, "Plan Width": 4, "Actual Startup Time": 847.34, "Actual Total Time": 1190.246, "Actual Rows": 798, "Actual Loops": 1, "Inner Unique": false, "Join Filter": "(ct.id = mc.company_type_id), (LLVM Optimized, Jit Execute)", "Rows Removed by Join Filter": 294830, "Plans": [{"Node Type": "Seq Scan", "Parent Relationship": "Outer", "Relation Name": "company_type", "Alias": "ct", "Startup Cost": 0.0, "Total Cost": 1.04, "Plan Rows": 1, "Plan Width": 4, "Actual Startup Time": 0.015, "Actual Total Time": 0.02, "Actual Rows": 1, "Actual Loops": 1, "Filter": "((kind)::text = 'production companies'::text)", "Rows Removed by Filter": 2}, {"Node Type": "Seq Scan", "Parent Relationship": "Inner", "Relation Name": "movie_companies", "Alias": "mc", "Startup Cost": 0.0, "Total Cost": 54862.92, "Plan Rows": 418557, "Plan Width": 8, "Actual Startup Time": 0.029, "Actual Total Time": 1133.748, "Actual Rows": 295628, "Actual Loops": 1, "Filter": "(((note)::text !~~ '%(TV)%'::text) AND ((note)::text ~~ '%(USA)%'::text)), (LLVM Optimized, Jit Execute)", "Rows Removed by Filter": 2313500}]}, {"Node Type": "Index Scan", "Parent Relationship": "Inner", "Scan Direction": "Forward", "Index Name": "title_pkey", "Relation Name": "title", "Alias": "t", "Startup Cost": 0.0, "Total Cost": 0.69, "Plan Rows": 1, "Plan Width": 21, "Actual Startup Time": 6.432, "Actual Total Time": 6.432, "Actual Rows": 767, "Actual Loops": 798, "Index Cond": "(id = mc.movie_id)", "Rows Removed by Index Recheck": 0, "Filter": "(production_year > 1990)", "Rows Removed by Filter": 31}]}, {"Node Type": "Index Scan", "Parent Relationship": "Inner", "Scan Direction": "Forward", "Index Name": "movie_id_movie_info", "Relation Name": "movie_info", "Alias": "mi", "Startup Cost": 0.0, "Total Cost": 0.88, "Plan Rows": 1, "Plan Width": 8, "Actual Startup Time": 21.183, "Actual Total Time": 24.003, "Actual Rows": 669, "Actual Loops": 767, "Index Cond": "(movie_id = t.id)", "Rows Removed by Index Recheck": 0, "Filter": "((info)::text = ANY ('{Sweden,Norway,Germany,Denmark,Swedish,Denish,Norwegian,German,USA,American}'::text[]))", "Rows Removed by Filter": 7721}]}]}]}]}, "Triggers": [], "Planner Runtime": 6.319, "Total Runtime": 1233.031, "Unique SQL Id": 322094867}}, "(64, 21)": {"explain_plan": {"Plan": {"Node Type": "Aggregate", "Strategy": "Plain", "Startup Cost": 503621.48, "Total Cost": 503621.49, "Plan Rows": 1, "Plan Width": 49, "Plans": [{"Node Type": "Merge Join", "Parent Relationship": "Outer", "Join Type": "Inner", "Startup Cost": 497904.24, "Total Cost": 502793.85, "Plan Rows": 331050, "Plan Width": 17, "Inner Unique": false, "Merge Cond": "(it.id = mi.info_type_id)", "Plans": [{"Node Type": "Index Scan", "Parent Relationship": "Outer", "Scan Direction": "Forward", "Index Name": "info_type_pkey", "Relation Name": "info_type", "Alias": "it", "Startup Cost": 0.0, "Total Cost": 13.93, "Plan Rows": 112, "Plan Width": 4}, {"Node Type": "Sort", "Parent Relationship": "Inner", "Startup Cost": 497814.14, "Total Cost": 498641.77, "Plan Rows": 331050, "Plan Width": 21, "Sort Key": ["mi.info_type_id"], "Plans": [{"Node Type": "Nested Loop", "Parent Relationship": "Outer", "Join Type": "Inner", "Startup Cost": 0.0, "Total Cost": 467462.34, "Plan Rows": 331050, "Plan Width": 21, "Inner Unique": false, "Plans": [{"Node Type": "Nested Loop", "Parent Relationship": "Outer", "Join Type": "Inner", "Startup Cost": 0.0, "Total Cost": 208944.27, "Plan Rows": 289936, "Plan Width": 25, "Inner Unique": true, "Plans": [{"Node Type": "Nested Loop", "Parent Relationship": "Outer", "Join Type": "Inner", "Startup Cost": 0.0, "Total Cost": 61745.44, "Plan Rows": 209278, "Plan Width": 4, "Inner Unique": false, "Plans": [{"Node Type": "Index Scan", "Parent Relationship": "Outer", "Scan Direction": "Forward", "Index Name": "company_type_pkey", "Relation Name": "company_type", "Alias": "ct", "Startup Cost": 0.0, "Total Cost": 12.3, "Plan Rows": 1, "Plan Width": 4, "Filter": "((kind)::text = 'production companies'::text)"}, {"Node Type": "Index Scan", "Parent Relationship": "Inner", "Scan Direction": "Forward", "Index Name": "company_type_id_movie_companies", "Relation Name": "movie_companies", "Alias": "mc", "Startup Cost": 0.0, "Total Cost": 59640.35, "Plan Rows": 209279, "Plan Width": 8, "Index Cond": "(company_type_id = ct.id), (LLVM Optimized)", "Filter": "(((note)::text !~~ '%(TV)%'::text) AND ((note)::text ~~ '%(USA)%'::text)), (LLVM Optimized)"}]}, {"Node Type": "Index Scan", "Parent Relationship": "Inner", "Scan Direction": "Forward", "Index Name": "title_pkey", "Relation Name": "title", "Alias": "t", "Startup Cost": 0.0, "Total Cost": 0.69, "Plan Rows": 1, "Plan Width": 21, "Index Cond": "(id = mc.movie_id)", "Filter": "(production_year > 1990)"}]}, {"Node Type": "Index Scan", "Parent Relationship": "Inner", "Scan Direction": "Forward", "Index Name": "movie_id_movie_info", "Relation Name": "movie_info", "Alias": "mi", "Startup Cost": 0.0, "Total Cost": 0.88, "Plan Rows": 1, "Plan Width": 8, "Index Cond": "(movie_id = t.id)", "Filter": "((info)::text = ANY ('{Sweden,Norway,Germany,Denmark,Swedish,Denish,Norwegian,German,USA,American}'::text[]))"}]}]}]}]}, "Unique SQL Id": 322094867}, "explain_analyze_plan": {"Plan": {"Node Type": "Aggregate", "Strategy": "Plain", "Startup Cost": 503621.48, "Total Cost": 503621.49, "Plan Rows": 1, "Plan Width": 49, "Actual Startup Time": 753.741, "Actual Total Time": 753.741, "Actual Rows": 1, "Actual Loops": 1, "Plans": [{"Node Type": "Merge Join", "Parent Relationship": "Outer", "Join Type": "Inner", "Startup Cost": 497904.24, "Total Cost": 502793.85, "Plan Rows": 331050, "Plan Width": 17, "Actual Startup Time": 753.254, "Actual Total Time": 753.542, "Actual Rows": 669, "Actual Loops": 1, "Inner Unique": false, "Merge Cond": "(it.id = mi.info_type_id)", "Plans": [{"Node Type": "Index Scan", "Parent Relationship": "Outer", "Scan Direction": "Forward", "Index Name": "info_type_pkey", "Relation Name": "info_type", "Alias": "it", "Startup Cost": 0.0, "Total Cost": 13.93, "Plan Rows": 112, "Plan Width": 4, "Actual Startup Time": 0.015, "Actual Total Time": 0.028, "Actual Rows": 18, "Actual Loops": 1}, {"Node Type": "Sort", "Parent Relationship": "Inner", "Startup Cost": 497814.14, "Total Cost": 498641.77, "Plan Rows": 331050, "Plan Width": 21, "Actual Startup Time": 753.223, "Actual Total Time": 753.31, "Actual Rows": 669, "Actual Loops": 1, "Sort Key": ["mi.info_type_id"], "Sort Method": "quicksort", "Sort Space Used": 90, "Sort Space Type": "Memory", "Plans": [{"Node Type": "Nested Loop", "Parent Relationship": "Outer", "Join Type": "Inner", "Startup Cost": 0.0, "Total Cost": 467462.34, "Plan Rows": 331050, "Plan Width": 21, "Actual Startup Time": 9.576, "Actual Total Time": 752.798, "Actual Rows": 669, "Actual Loops": 1, "Inner Unique": false, "Plans": [{"Node Type": "Nested Loop", "Parent Relationship": "Outer", "Join Type": "Inner", "Startup Cost": 0.0, "Total Cost": 208944.27, "Plan Rows": 289936, "Plan Width": 25, "Actual Startup Time": 9.554, "Actual Total Time": 727.598, "Actual Rows": 767, "Actual Loops": 1, "Inner Unique": true, "Plans": [{"Node Type": "Nested Loop", "Parent Relationship": "Outer", "Join Type": "Inner", "Startup Cost": 0.0, "Total Cost": 61745.44, "Plan Rows": 209278, "Plan Width": 4, "Actual Startup Time": 9.535, "Actual Total Time": 720.265, "Actual Rows": 798, "Actual Loops": 1, "Inner Unique": false, "Plans": [{"Node Type": "Index Scan", "Parent Relationship": "Outer", "Scan Direction": "Forward", "Index Name": "company_type_pkey", "Relation Name": "company_type", "Alias": "ct", "Startup Cost": 0.0, "Total Cost": 12.3, "Plan Rows": 1, "Plan Width": 4, "Actual Startup Time": 0.009, "Actual Total Time": 0.018, "Actual Rows": 1, "Actual Loops": 1, "Filter": "((kind)::text = 'production companies'::text)", "Rows Removed by Filter": 2}, {"Node Type": "Index Scan", "Parent Relationship": "Inner", "Scan Direction": "Forward", "Index Name": "company_type_id_movie_companies", "Relation Name": "movie_companies", "Alias": "mc", "Startup Cost": 0.0, "Total Cost": 59640.35, "Plan Rows": 209279, "Plan Width": 8, "Actual Startup Time": 9.523, "Actual Total Time": 719.997, "Actual Rows": 798, "Actual Loops": 1, "Index Cond": "(company_type_id = ct.id), (LLVM Optimized, Jit Execute)", "Rows Removed by Index Recheck": 0, "Filter": "(((note)::text !~~ '%(TV)%'::text) AND ((note)::text ~~ '%(USA)%'::text)), (LLVM Optimized, Jit Execute)", "Rows Removed by Filter": 1334085}]}, {"Node Type": "Index Scan", "Parent Relationship": "Inner", "Scan Direction": "Forward", "Index Name": "title_pkey", "Relation Name": "title", "Alias": "t", "Startup Cost": 0.0, "Total Cost": 0.69, "Plan Rows": 1, "Plan Width": 21, "Actual Startup Time": 6.486, "Actual Total Time": 6.486, "Actual Rows": 767, "Actual Loops": 798, "Index Cond": "(id = mc.movie_id)", "Rows Removed by Index Recheck": 0, "Filter": "(production_year > 1990)", "Rows Removed by Filter": 31}]}, {"Node Type": "Index Scan", "Parent Relationship": "Inner", "Scan Direction": "Forward", "Index Name": "movie_id_movie_info", "Relation Name": "movie_info", "Alias": "mi", "Startup Cost": 0.0, "Total Cost": 0.88, "Plan Rows": 1, "Plan Width": 8, "Actual Startup Time": 21.63, "Actual Total Time": 24.495, "Actual Rows": 669, "Actual Loops": 767, "Index Cond": "(movie_id = t.id)", "Rows Removed by Index Recheck": 0, "Filter": "((info)::text = ANY ('{Sweden,Norway,Germany,Denmark,Swedish,Denish,Norwegian,German,USA,American}'::text[]))", "Rows Removed by Filter": 7721}]}]}]}]}, "Triggers": [], "Planner Runtime": 8.004, "Total Runtime": 763.569, "Unique SQL Id": 322094867}}, "(64, 22)": {"explain_plan": {"Plan": {"Node Type": "Aggregate", "Strategy": "Plain", "Startup Cost": 1899194.66, "Total Cost": 1899194.67, "Plan Rows": 1, "Plan Width": 49, "Plans": [{"Node Type": "Merge Join", "Parent Relationship": "Outer", "Join Type": "Inner", "Startup Cost": 1893490.83, "Total Cost": 1898367.03, "Plan Rows": 331050, "Plan Width": 17, "Inner Unique": false, "Merge Cond": "(it.id = mi.info_type_id)", "Plans": [{"Node Type": "Sort", "Parent Relationship": "Outer", "Startup Cost": 5.93, "Total Cost": 6.21, "Plan Rows": 112, "Plan Width": 4, "Sort Key": ["it.id"], "Plans": [{"Node Type": "Seq Scan", "Parent Relationship": "Outer", "Relation Name": "info_type", "Alias": "it", "Startup Cost": 0.0, "Total Cost": 2.12, "Plan Rows": 112, "Plan Width": 4}]}, {"Node Type": "Sort", "Parent Relationship": "Inner", "Startup Cost": 1893394.8, "Total Cost": 1894222.43, "Plan Rows": 331050, "Plan Width": 21, "Sort Key": ["mi.info_type_id"], "Plans": [{"Node Type": "Nested Loop", "Parent Relationship": "Outer", "Join Type": "Inner", "Startup Cost": 0.31, "Total Cost": 1863042.99, "Plan Rows": 331050, "Plan Width": 21, "Inner Unique": true, "Plans": [{"Node Type": "Streaming(type: LOCAL GATHER dop: 1/64)", "Parent Relationship": "Outer", "Startup Cost": 0.0, "Total Cost": 827482.66, "Plan Rows": 238955, "Plan Width": 12, "Plans": [{"Node Type": "Nested Loop", "Parent Relationship": "Outer", "Join Type": "Inner", "Startup Cost": 0.0, "Total Cost": 822553.05, "Plan Rows": 238955, "Plan Width": 12, "Inner Unique": false, "Join Filter": "(mc.movie_id = mi.movie_id), (LLVM Optimized)", "Plans": [{"Node Type": "Streaming(type: LOCAL REDISTRIBUTE dop: 64/1)", "Parent Relationship": "Outer", "Startup Cost": 0.0, "Total Cost": 131598.86, "Plan Rows": 209278, "Plan Width": 4, "Plans": [{"Node Type": "Nested Loop", "Parent Relationship": "Outer", "Join Type": "Inner", "Startup Cost": 0.0, "Total Cost": 60095.92, "Plan Rows": 209278, "Plan Width": 4, "Inner Unique": false, "Join Filter": "(ct.id = mc.company_type_id), (LLVM Optimized)", "Plans": [{"Node Type": "Seq Scan", "Parent Relationship": "Outer", "Relation Name": "company_type", "Alias": "ct", "Startup Cost": 0.0, "Total Cost": 1.04, "Plan Rows": 1, "Plan Width": 4, "Filter": "((kind)::text = 'production companies'::text)"}, {"Node Type": "Seq Scan", "Parent Relationship": "Inner", "Relation Name": "movie_companies", "Alias": "mc", "Startup Cost": 0.0, "Total Cost": 54862.92, "Plan Rows": 418557, "Plan Width": 8, "Filter": "(((note)::text !~~ '%(TV)%'::text) AND ((note)::text ~~ '%(USA)%'::text)), (LLVM Optimized)"}]}]}, {"Node Type": "Materialize", "Parent Relationship": "Inner", "Startup Cost": 0.0, "Total Cost": 134289.54, "Plan Rows": 726375, "Plan Width": 8, "Plans": [{"Node Type": "Streaming(type: LOCAL REDISTRIBUTE dop: 64/64)", "Parent Relationship": "Outer", "Startup Cost": 0.0, "Total Cost": 134232.79, "Plan Rows": 726375, "Plan Width": 8, "Plans": [{"Node Type": "Seq Scan", "Parent Relationship": "Outer", "Relation Name": "movie_info", "Alias": "mi", "Startup Cost": 0.0, "Total Cost": 70544.72, "Plan Rows": 726375, "Plan Width": 8, "Filter": "((info)::text = ANY ('{Sweden,Norway,Germany,Denmark,Swedish,Denish,Norwegian,German,USA,American}'::text[]))"}]}]}]}]}, {"Node Type": "Bitmap Heap Scan", "Parent Relationship": "Inner", "Relation Name": "title", "Alias": "t", "Startup Cost": 0.31, "Total Cost": 4.32, "Plan Rows": 1, "Plan Width": 21, "Recheck Cond": "(id = mi.movie_id)", "Filter": "(production_year > 1990)", "Plans": [{"Node Type": "Bitmap Index Scan", "Parent Relationship": "Outer", "Index Name": "title_pkey", "Startup Cost": 0.0, "Total Cost": 0.31, "Plan Rows": 1, "Plan Width": 0, "Index Cond": "(id = mi.movie_id)"}]}]}]}]}]}, "Unique SQL Id": 322094867}, "explain_analyze_plan": {"Plan": {"Node Type": "Aggregate", "Strategy": "Plain", "Startup Cost": 1899194.66, "Total Cost": 1899194.67, "Plan Rows": 1, "Plan Width": 49, "Actual Min Startup Time": 1626.236, "Actual Max Startup Time": 1626.236, "Actual Min Total Time": 1626.237, "Actual Max Total Time": 1626.237, "Actual Total Rows": 1, "Plans": [{"Node Type": "Merge Join", "Parent Relationship": "Outer", "Join Type": "Inner", "Startup Cost": 1893490.83, "Total Cost": 1898367.03, "Plan Rows": 331050, "Plan Width": 17, "Actual Min Startup Time": 1625.781, "Actual Max Startup Time": 1625.781, "Actual Min Total Time": 1626.013, "Actual Max Total Time": 1626.013, "Actual Total Rows": 669, "Inner Unique": false, "Merge Cond": "(it.id = mi.info_type_id)", "Plans": [{"Node Type": "Sort", "Parent Relationship": "Outer", "Startup Cost": 5.93, "Total Cost": 6.21, "Plan Rows": 112, "Plan Width": 4, "Actual Min Startup Time": 0.164, "Actual Max Startup Time": 0.164, "Actual Min Total Time": 0.165, "Actual Max Total Time": 0.165, "Actual Total Rows": 18, "Sort Key": ["it.id"], "Sort Method": "quicksort", "Sort Space Min Used": 32, "Sort Space Max Used": 32, "Sort Space Type": "Memory", "Plans": [{"Node Type": "Seq Scan", "Parent Relationship": "Outer", "Relation Name": "info_type", "Alias": "it", "Startup Cost": 0.0, "Total Cost": 2.12, "Plan Rows": 112, "Plan Width": 4, "Actual Min Startup Time": 0.054, "Actual Max Startup Time": 0.054, "Actual Min Total Time": 0.076, "Actual Max Total Time": 0.076, "Actual Total Rows": 112}]}, {"Node Type": "Sort", "Parent Relationship": "Inner", "Startup Cost": 1893394.8, "Total Cost": 1894222.43, "Plan Rows": 331050, "Plan Width": 21, "Actual Min Startup Time": 1625.601, "Actual Max Startup Time": 1625.601, "Actual Min Total Time": 1625.67, "Actual Max Total Time": 1625.67, "Actual Total Rows": 669, "Sort Key": ["mi.info_type_id"], "Sort Method": "quicksort", "Sort Space Min Used": 90, "Sort Space Max Used": 90, "Sort Space Type": "Memory", "Plans": [{"Node Type": "Nested Loop", "Parent Relationship": "Outer", "Join Type": "Inner", "Startup Cost": 0.31, "Total Cost": 1863042.99, "Plan Rows": 331050, "Plan Width": 21, "Actual Min Startup Time": 1577.078, "Actual Max Startup Time": 1577.078, "Actual Min Total Time": 1625.28, "Actual Max Total Time": 1625.28, "Actual Total Rows": 669, "Inner Unique": true, "Plans": [{"Node Type": "Streaming(type: LOCAL GATHER dop: 1/64)", "Parent Relationship": "Outer", "Startup Cost": 0.0, "Total Cost": 827482.66, "Plan Rows": 238955, "Plan Width": 12, "Actual Min Startup Time": 1576.97, "Actual Max Startup Time": 1576.97, "Actual Min Total Time": 1618.421, "Actual Max Total Time": 1618.421, "Actual Total Rows": 691, "Plans": [{"Node Type": "Nested Loop", "Parent Relationship": "Outer", "Join Type": "Inner", "Startup Cost": 0.0, "Total Cost": 822553.05, "Plan Rows": 238955, "Plan Width": 12, "Actual Min Startup Time": 1078.922, "Actual Max Startup Time": 1366.365, "Actual Min Total Time": 1099.557, "Actual Max Total Time": 1400.285, "Actual Total Rows": 691, "Inner Unique": false, "Join Filter": "(mc.movie_id = mi.movie_id), (LLVM Optimized, Jit Execute)", "Rows Removed by Join Filter": 8812715, "Plans": [{"Node Type": "Streaming(type: LOCAL REDISTRIBUTE dop: 64/1)", "Parent Relationship": "Outer", "Startup Cost": 0.0, "Total Cost": 131598.86, "Plan Rows": 209278, "Plan Width": 4, "Actual Min Startup Time": 942.634, "Actual Max Startup Time": 944.066, "Actual Min Total Time": 942.639, "Actual Max Total Time": 944.072, "Actual Total Rows": 798, "Plans": [{"Node Type": "Nested Loop", "Parent Relationship": "Outer", "Join Type": "Inner", "Startup Cost": 0.0, "Total Cost": 60095.92, "Plan Rows": 209278, "Plan Width": 4, "Actual Min Startup Time": 891.817, "Actual Max Startup Time": 891.817, "Actual Min Total Time": 1231.309, "Actual Max Total Time": 1231.309, "Actual Total Rows": 798, "Inner Unique": false, "Join Filter": "(ct.id = mc.company_type_id), (LLVM Optimized, Jit Execute)", "Rows Removed by Join Filter": 294830, "Plans": [{"Node Type": "Seq Scan", "Parent Relationship": "Outer", "Relation Name": "company_type", "Alias": "ct", "Startup Cost": 0.0, "Total Cost": 1.04, "Plan Rows": 1, "Plan Width": 4, "Actual Min Startup Time": 0.022, "Actual Max Startup Time": 0.022, "Actual Min Total Time": 0.029, "Actual Max Total Time": 0.029, "Actual Total Rows": 1, "Filter": "((kind)::text = 'production companies'::text)", "Rows Removed by Filter": 2}, {"Node Type": "Seq Scan", "Parent Relationship": "Inner", "Relation Name": "movie_companies", "Alias": "mc", "Startup Cost": 0.0, "Total Cost": 54862.92, "Plan Rows": 418557, "Plan Width": 8, "Actual Min Startup Time": 0.032, "Actual Max Startup Time": 0.032, "Actual Min Total Time": 1171.042, "Actual Max Total Time": 1171.042, "Actual Total Rows": 295628, "Filter": "(((note)::text !~~ '%(TV)%'::text) AND ((note)::text ~~ '%(USA)%'::text)), (LLVM Optimized, Jit Execute)", "Rows Removed by Filter": 2313500}]}]}, {"Node Type": "Materialize", "Parent Relationship": "Inner", "Startup Cost": 0.0, "Total Cost": 134289.54, "Plan Rows": 726375, "Plan Width": 8, "Actual Min Startup Time": 133.021, "Actual Max Startup Time": 420.207, "Actual Min Total Time": 141.868, "Actual Max Total Time": 435.536, "Actual Total Rows": 8813470, "Plans": [{"Node Type": "Streaming(type: LOCAL REDISTRIBUTE dop: 64/64)", "Parent Relationship": "Outer", "Startup Cost": 0.0, "Total Cost": 134232.79, "Plan Rows": 726375, "Plan Width": 8, "Actual Min Startup Time": 0.116, "Actual Max Startup Time": 248.75, "Actual Min Total Time": 131.056, "Actual Max Total Time": 418.125, "Actual Total Rows": 706674, "Plans": [{"Node Type": "Seq Scan", "Parent Relationship": "Outer", "Relation Name": "movie_info", "Alias": "mi", "Startup Cost": 0.0, "Total Cost": 70544.72, "Plan Rows": 726375, "Plan Width": 8, "Actual Min Startup Time": 0.039, "Actual Max Startup Time": 3.435, "Actual Min Total Time": 121.918, "Actual Max Total Time": 154.562, "Actual Total Rows": 706674, "Filter": "((info)::text = ANY ('{Sweden,Norway,Germany,Denmark,Swedish,Denish,Norwegian,German,USA,American}'::text[]))", "Rows Removed by Filter": 14129045}]}]}]}]}, {"Node Type": "Bitmap Heap Scan", "Parent Relationship": "Inner", "Relation Name": "title", "Alias": "t", "Startup Cost": 0.31, "Total Cost": 4.32, "Plan Rows": 1, "Plan Width": 21, "Actual Min Startup Time": 5.821, "Actual Max Startup Time": 5.821, "Actual Min Total Time": 5.821, "Actual Max Total Time": 5.821, "Actual Total Rows": 669, "Recheck Cond": "(id = mi.movie_id)", "Rows Removed by Index Recheck": 0, "Filter": "(production_year > 1990)", "Rows Removed by Filter": 22, "Exact Heap Blocks": 691, "Lossy Heap Blocks": 691, "Plans": [{"Node Type": "Bitmap Index Scan", "Parent Relationship": "Outer", "Index Name": "title_pkey", "Startup Cost": 0.0, "Total Cost": 0.31, "Plan Rows": 1, "Plan Width": 0, "Actual Min Startup Time": 3.297, "Actual Max Startup Time": 3.297, "Actual Min Total Time": 3.297, "Actual Max Total Time": 3.297, "Actual Total Rows": 691, "Index Cond": "(id = mi.movie_id)"}]}]}]}]}]}, "Triggers": [], "Planner Runtime": 7.061, "Total Runtime": 1662.965, "Unique SQL Id": 322094867}}, "(64, 23)": {"explain_plan": {"Plan": {"Node Type": "Aggregate", "Strategy": "Plain", "Startup Cost": 1297250.03, "Total Cost": 1297250.04, "Plan Rows": 1, "Plan Width": 49, "Plans": [{"Node Type": "Merge Join", "Parent Relationship": "Outer", "Join Type": "Inner", "Startup Cost": 1291546.21, "Total Cost": 1296422.41, "Plan Rows": 331050, "Plan Width": 17, "Inner Unique": false, "Merge Cond": "(it.id = mi.info_type_id)", "Plans": [{"Node Type": "Sort", "Parent Relationship": "Outer", "Startup Cost": 17.77, "Total Cost": 18.05, "Plan Rows": 112, "Plan Width": 4, "Sort Key": ["it.id"], "Plans": [{"Node Type": "Bitmap Heap Scan", "Parent Relationship": "Outer", "Relation Name": "info_type", "Alias": "it", "Startup Cost": 8.84, "Total Cost": 13.96, "Plan Rows": 112, "Plan Width": 4, "Plans": [{"Node Type": "Bitmap Index Scan", "Parent Relationship": "Outer", "Index Name": "info_type_pkey", "Startup Cost": 0.0, "Total Cost": 8.81, "Plan Rows": 112, "Plan Width": 0}]}]}, {"Node Type": "Sort", "Parent Relationship": "Inner", "Startup Cost": 1291438.34, "Total Cost": 1292265.96, "Plan Rows": 331050, "Plan Width": 21, "Sort Key": ["mi.info_type_id"], "Plans": [{"Node Type": "Merge Join", "Parent Relationship": "Outer", "Join Type": "Inner", "Startup Cost": 1241374.64, "Total Cost": 1261086.53, "Plan Rows": 331050, "Plan Width": 21, "Inner Unique": true, "Merge Cond": "(mi.movie_id = t.id)", "Plans": [{"Node Type": "Merge Join", "Parent Relationship": "Outer", "Join Type": "Inner", "Startup Cost": 943556.59, "Total Cost": 950622.81, "Plan Rows": 238955, "Plan Width": 12, "Inner Unique": false, "Merge Cond": "(mc.movie_id = mi.movie_id)", "Plans": [{"Node Type": "Sort", "Parent Relationship": "Outer", "Startup Cost": 88152.77, "Total Cost": 88675.96, "Plan Rows": 209278, "Plan Width": 4, "Sort Key": ["mc.movie_id"], "Plans": [{"Node Type": "Nested Loop", "Parent Relationship": "Outer", "Join Type": "Inner", "Startup Cost": 29005.06, "Total Cost": 69657.76, "Plan Rows": 209278, "Plan Width": 4, "Inner Unique": false, "Plans": [{"Node Type": "Bitmap Heap Scan", "Parent Relationship": "Outer", "Relation Name": "company_type", "Alias": "ct", "Startup Cost": 8.27, "Total Cost": 12.3, "Plan Rows": 1, "Plan Width": 4, "Filter": "((kind)::text = 'production companies'::text)", "Plans": [{"Node Type": "Bitmap Index Scan", "Parent Relationship": "Outer", "Index Name": "company_type_pkey", "Startup Cost": 0.0, "Total Cost": 8.27, "Plan Rows": 3, "Plan Width": 0}]}, {"Node Type": "Bitmap Heap Scan", "Parent Relationship": "Inner", "Relation Name": "movie_companies", "Alias": "mc", "Startup Cost": 28996.8, "Total Cost": 67552.67, "Plan Rows": 209279, "Plan Width": 8, "Recheck Cond": "(company_type_id = ct.id), (LLVM Optimized)", "Filter": "(((note)::text !~~ '%(TV)%'::text) AND ((note)::text ~~ '%(USA)%'::text)), (LLVM Optimized)", "Plans": [{"Node Type": "Bitmap Index Scan", "Parent Relationship": "Outer", "Index Name": "company_type_id_movie_companies", "Startup Cost": 0.0, "Total Cost": 28944.48, "Plan Rows": 1304564, "Plan Width": 0, "Index Cond": "(company_type_id = ct.id)"}]}]}]}, {"Node Type": "Sort", "Parent Relationship": "Inner", "Startup Cost": 855403.8, "Total Cost": 857219.74, "Plan Rows": 726375, "Plan Width": 8, "Sort Key": ["mi.movie_id"], "Plans": [{"Node Type": "Bitmap Heap Scan", "Parent Relationship": "Outer", "Relation Name": "movie_info", "Alias": "mi", "Startup Cost": 301827.67, "Total Cost": 784689.91, "Plan Rows": 726375, "Plan Width": 8, "Filter": "((info)::text = ANY ('{Sweden,Norway,Germany,Denmark,Swedish,Denish,Norwegian,German,USA,American}'::text[]))", "Plans": [{"Node Type": "Bitmap Index Scan", "Parent Relationship": "Outer", "Index Name": "movie_id_movie_info", "Startup Cost": 0.0, "Total Cost": 301646.08, "Plan Rows": 14869966, "Plan Width": 0}]}]}]}, {"Node Type": "Sort", "Parent Relationship": "Inner", "Startup Cost": 297817.83, "Total Cost": 302189.93, "Plan Rows": 1748840, "Plan Width": 21, "Sort Key": ["t.id"], "Plans": [{"Node Type": "Bitmap Heap Scan", "Parent Relationship": "Outer", "Relation Name": "title", "Alias": "t", "Startup Cost": 50091.01, "Total Cost": 116480.9, "Plan Rows": 1748840, "Plan Width": 21, "Filter": "(production_year > 1990), (LLVM Optimized)", "Plans": [{"Node Type": "Bitmap Index Scan", "Parent Relationship": "Outer", "Index Name": "title_pkey", "Startup Cost": 0.0, "Total Cost": 49653.81, "Plan Rows": 2528311, "Plan Width": 0}]}]}]}]}]}]}, "Unique SQL Id": 322094867}, "explain_analyze_plan": null}, "(64, 24)": {"explain_plan": {"Plan": {"Node Type": "Aggregate", "Strategy": "Plain", "Startup Cost": 501960.35, "Total Cost": 501960.36, "Plan Rows": 1, "Plan Width": 49, "Plans": [{"Node Type": "Merge Join", "Parent Relationship": "Outer", "Join Type": "Inner", "Startup Cost": 496254.72, "Total Cost": 501132.73, "Plan Rows": 331050, "Plan Width": 17, "Inner Unique": false, "Merge Cond": "(it.id = mi.info_type_id)", "Plans": [{"Node Type": "Index Only Scan", "Parent Relationship": "Outer", "Scan Direction": "Forward", "Index Name": "info_type_pkey", "Relation Name": "info_type", "Alias": "it", "Startup Cost": 0.0, "Total Cost": 2.12, "Plan Rows": 112, "Plan Width": 4}, {"Node Type": "Sort", "Parent Relationship": "Inner", "Startup Cost": 496164.62, "Total Cost": 496992.25, "Plan Rows": 331050, "Plan Width": 21, "Sort Key": ["mi.info_type_id"], "Plans": [{"Node Type": "Nested Loop", "Parent Relationship": "Outer", "Join Type": "Inner", "Startup Cost": 0.0, "Total Cost": 465812.82, "Plan Rows": 331050, "Plan Width": 21, "Inner Unique": false, "Plans": [{"Node Type": "Nested Loop", "Parent Relationship": "Outer", "Join Type": "Inner", "Startup Cost": 0.0, "Total Cost": 207294.74, "Plan Rows": 289936, "Plan Width": 25, "Inner Unique": true, "Plans": [{"Node Type": "Nested Loop", "Parent Relationship": "Outer", "Join Type": "Inner", "Startup Cost": 0.0, "Total Cost": 60095.92, "Plan Rows": 209278, "Plan Width": 4, "Inner Unique": false, "Join Filter": "(ct.id = mc.company_type_id), (LLVM Optimized)", "Plans": [{"Node Type": "Seq Scan", "Parent Relationship": "Outer", "Relation Name": "company_type", "Alias": "ct", "Startup Cost": 0.0, "Total Cost": 1.04, "Plan Rows": 1, "Plan Width": 4, "Filter": "((kind)::text = 'production companies'::text)"}, {"Node Type": "Seq Scan", "Parent Relationship": "Inner", "Relation Name": "movie_companies", "Alias": "mc", "Startup Cost": 0.0, "Total Cost": 54862.92, "Plan Rows": 418557, "Plan Width": 8, "Filter": "(((note)::text !~~ '%(TV)%'::text) AND ((note)::text ~~ '%(USA)%'::text)), (LLVM Optimized)"}]}, {"Node Type": "Index Scan", "Parent Relationship": "Inner", "Scan Direction": "Forward", "Index Name": "title_pkey", "Relation Name": "title", "Alias": "t", "Startup Cost": 0.0, "Total Cost": 0.69, "Plan Rows": 1, "Plan Width": 21, "Index Cond": "(id = mc.movie_id)", "Filter": "(production_year > 1990)"}]}, {"Node Type": "Index Scan", "Parent Relationship": "Inner", "Scan Direction": "Forward", "Index Name": "movie_id_movie_info", "Relation Name": "movie_info", "Alias": "mi", "Startup Cost": 0.0, "Total Cost": 0.88, "Plan Rows": 1, "Plan Width": 8, "Index Cond": "(movie_id = t.id)", "Filter": "((info)::text = ANY ('{Sweden,Norway,Germany,Denmark,Swedish,Denish,Norwegian,German,USA,American}'::text[]))"}]}]}]}]}, "Unique SQL Id": 322094867}, "explain_analyze_plan": {"Plan": {"Node Type": "Aggregate", "Strategy": "Plain", "Startup Cost": 501960.35, "Total Cost": 501960.36, "Plan Rows": 1, "Plan Width": 49, "Actual Startup Time": 1233.737, "Actual Total Time": 1233.738, "Actual Rows": 1, "Actual Loops": 1, "Plans": [{"Node Type": "Merge Join", "Parent Relationship": "Outer", "Join Type": "Inner", "Startup Cost": 496254.72, "Total Cost": 501132.73, "Plan Rows": 331050, "Plan Width": 17, "Actual Startup Time": 1233.208, "Actual Total Time": 1233.529, "Actual Rows": 669, "Actual Loops": 1, "Inner Unique": false, "Merge Cond": "(it.id = mi.info_type_id)", "Plans": [{"Node Type": "Index Only Scan", "Parent Relationship": "Outer", "Scan Direction": "Forward", "Index Name": "info_type_pkey", "Relation Name": "info_type", "Alias": "it", "Startup Cost": 0.0, "Total Cost": 2.12, "Plan Rows": 112, "Plan Width": 4, "Actual Startup Time": 0.016, "Actual Total Time": 0.025, "Actual Rows": 18, "Actual Loops": 1, "Heap Fetches": 0}, {"Node Type": "Sort", "Parent Relationship": "Inner", "Startup Cost": 496164.62, "Total Cost": 496992.25, "Plan Rows": 331050, "Plan Width": 21, "Actual Startup Time": 1233.175, "Actual Total Time": 1233.296, "Actual Rows": 669, "Actual Loops": 1, "Sort Key": ["mi.info_type_id"], "Sort Method": "quicksort", "Sort Space Used": 90, "Sort Space Type": "Memory", "Plans": [{"Node Type": "Nested Loop", "Parent Relationship": "Outer", "Join Type": "Inner", "Startup Cost": 0.0, "Total Cost": 465812.82, "Plan Rows": 331050, "Plan Width": 21, "Actual Startup Time": 860.75, "Actual Total Time": 1232.751, "Actual Rows": 669, "Actual Loops": 1, "Inner Unique": false, "Plans": [{"Node Type": "Nested Loop", "Parent Relationship": "Outer", "Join Type": "Inner", "Startup Cost": 0.0, "Total Cost": 207294.74, "Plan Rows": 289936, "Plan Width": 25, "Actual Startup Time": 860.715, "Actual Total Time": 1208.415, "Actual Rows": 767, "Actual Loops": 1, "Inner Unique": true, "Plans": [{"Node Type": "Nested Loop", "Parent Relationship": "Outer", "Join Type": "Inner", "Startup Cost": 0.0, "Total Cost": 60095.92, "Plan Rows": 209278, "Plan Width": 4, "Actual Startup Time": 860.66, "Actual Total Time": 1201.3, "Actual Rows": 798, "Actual Loops": 1, "Inner Unique": false, "Join Filter": "(ct.id = mc.company_type_id), (LLVM Optimized, Jit Execute)", "Rows Removed by Join Filter": 294830, "Plans": [{"Node Type": "Seq Scan", "Parent Relationship": "Outer", "Relation Name": "company_type", "Alias": "ct", "Startup Cost": 0.0, "Total Cost": 1.04, "Plan Rows": 1, "Plan Width": 4, "Actual Startup Time": 0.022, "Actual Total Time": 0.028, "Actual Rows": 1, "Actual Loops": 1, "Filter": "((kind)::text = 'production companies'::text)", "Rows Removed by Filter": 2}, {"Node Type": "Seq Scan", "Parent Relationship": "Inner", "Relation Name": "movie_companies", "Alias": "mc", "Startup Cost": 0.0, "Total Cost": 54862.92, "Plan Rows": 418557, "Plan Width": 8, "Actual Startup Time": 0.03, "Actual Total Time": 1143.19, "Actual Rows": 295628, "Actual Loops": 1, "Filter": "(((note)::text !~~ '%(TV)%'::text) AND ((note)::text ~~ '%(USA)%'::text)), (LLVM Optimized, Jit Execute)", "Rows Removed by Filter": 2313500}]}, {"Node Type": "Index Scan", "Parent Relationship": "Inner", "Scan Direction": "Forward", "Index Name": "title_pkey", "Relation Name": "title", "Alias": "t", "Startup Cost": 0.0, "Total Cost": 0.69, "Plan Rows": 1, "Plan Width": 21, "Actual Startup Time": 6.323, "Actual Total Time": 6.323, "Actual Rows": 767, "Actual Loops": 798, "Index Cond": "(id = mc.movie_id)", "Rows Removed by Index Recheck": 0, "Filter": "(production_year > 1990)", "Rows Removed by Filter": 31}]}, {"Node Type": "Index Scan", "Parent Relationship": "Inner", "Scan Direction": "Forward", "Index Name": "movie_id_movie_info", "Relation Name": "movie_info", "Alias": "mi", "Startup Cost": 0.0, "Total Cost": 0.88, "Plan Rows": 1, "Plan Width": 8, "Actual Startup Time": 20.868, "Actual Total Time": 23.622, "Actual Rows": 669, "Actual Loops": 767, "Index Cond": "(movie_id = t.id)", "Rows Removed by Index Recheck": 0, "Filter": "((info)::text = ANY ('{Sweden,Norway,Germany,Denmark,Swedish,Denish,Norwegian,German,USA,American}'::text[]))", "Rows Removed by Filter": 7721}]}]}]}]}, "Triggers": [], "Planner Runtime": 6.249, "Total Runtime": 1243.444, "Unique SQL Id": 322094867}}, "(64, 25)": {"explain_plan": {"Plan": {"Node Type": "Aggregate", "Strategy": "Plain", "Startup Cost": 503617.55, "Total Cost": 503617.56, "Plan Rows": 1, "Plan Width": 49, "Plans": [{"Node Type": "Merge Join", "Parent Relationship": "Outer", "Join Type": "Inner", "Startup Cost": 497904.24, "Total Cost": 502789.92, "Plan Rows": 331050, "Plan Width": 17, "Inner Unique": false, "Merge Cond": "(it.id = mi.info_type_id)", "Plans": [{"Node Type": "Index Only Scan", "Parent Relationship": "Outer", "Scan Direction": "Forward", "Index Name": "info_type_pkey", "Relation Name": "info_type", "Alias": "it", "Startup Cost": 0.0, "Total Cost": 9.93, "Plan Rows": 112, "Plan Width": 4}, {"Node Type": "Sort", "Parent Relationship": "Inner", "Startup Cost": 497814.14, "Total Cost": 498641.77, "Plan Rows": 331050, "Plan Width": 21, "Sort Key": ["mi.info_type_id"], "Plans": [{"Node Type": "Nested Loop", "Parent Relationship": "Outer", "Join Type": "Inner", "Startup Cost": 0.0, "Total Cost": 467462.34, "Plan Rows": 331050, "Plan Width": 21, "Inner Unique": false, "Plans": [{"Node Type": "Nested Loop", "Parent Relationship": "Outer", "Join Type": "Inner", "Startup Cost": 0.0, "Total Cost": 208944.27, "Plan Rows": 289936, "Plan Width": 25, "Inner Unique": true, "Plans": [{"Node Type": "Nested Loop", "Parent Relationship": "Outer", "Join Type": "Inner", "Startup Cost": 0.0, "Total Cost": 61745.44, "Plan Rows": 209278, "Plan Width": 4, "Inner Unique": false, "Plans": [{"Node Type": "Index Scan", "Parent Relationship": "Outer", "Scan Direction": "Forward", "Index Name": "company_type_pkey", "Relation Name": "company_type", "Alias": "ct", "Startup Cost": 0.0, "Total Cost": 12.3, "Plan Rows": 1, "Plan Width": 4, "Filter": "((kind)::text = 'production companies'::text)"}, {"Node Type": "Index Scan", "Parent Relationship": "Inner", "Scan Direction": "Forward", "Index Name": "company_type_id_movie_companies", "Relation Name": "movie_companies", "Alias": "mc", "Startup Cost": 0.0, "Total Cost": 59640.35, "Plan Rows": 209279, "Plan Width": 8, "Index Cond": "(company_type_id = ct.id), (LLVM Optimized)", "Filter": "(((note)::text !~~ '%(TV)%'::text) AND ((note)::text ~~ '%(USA)%'::text)), (LLVM Optimized)"}]}, {"Node Type": "Index Scan", "Parent Relationship": "Inner", "Scan Direction": "Forward", "Index Name": "title_pkey", "Relation Name": "title", "Alias": "t", "Startup Cost": 0.0, "Total Cost": 0.69, "Plan Rows": 1, "Plan Width": 21, "Index Cond": "(id = mc.movie_id)", "Filter": "(production_year > 1990)"}]}, {"Node Type": "Index Scan", "Parent Relationship": "Inner", "Scan Direction": "Forward", "Index Name": "movie_id_movie_info", "Relation Name": "movie_info", "Alias": "mi", "Startup Cost": 0.0, "Total Cost": 0.88, "Plan Rows": 1, "Plan Width": 8, "Index Cond": "(movie_id = t.id)", "Filter": "((info)::text = ANY ('{Sweden,Norway,Germany,Denmark,Swedish,Denish,Norwegian,German,USA,American}'::text[]))"}]}]}]}]}, "Unique SQL Id": 322094867}, "explain_analyze_plan": {"Plan": {"Node Type": "Aggregate", "Strategy": "Plain", "Startup Cost": 503617.55, "Total Cost": 503617.56, "Plan Rows": 1, "Plan Width": 49, "Actual Startup Time": 688.66, "Actual Total Time": 688.66, "Actual Rows": 1, "Actual Loops": 1, "Plans": [{"Node Type": "Merge Join", "Parent Relationship": "Outer", "Join Type": "Inner", "Startup Cost": 497904.24, "Total Cost": 502789.92, "Plan Rows": 331050, "Plan Width": 17, "Actual Startup Time": 688.192, "Actual Total Time": 688.43, "Actual Rows": 669, "Actual Loops": 1, "Inner Unique": false, "Merge Cond": "(it.id = mi.info_type_id)", "Plans": [{"Node Type": "Index Only Scan", "Parent Relationship": "Outer", "Scan Direction": "Forward", "Index Name": "info_type_pkey", "Relation Name": "info_type", "Alias": "it", "Startup Cost": 0.0, "Total Cost": 9.93, "Plan Rows": 112, "Plan Width": 4, "Actual Startup Time": 0.015, "Actual Total Time": 0.022, "Actual Rows": 18, "Actual Loops": 1, "Heap Fetches": 0}, {"Node Type": "Sort", "Parent Relationship": "Inner", "Startup Cost": 497814.14, "Total Cost": 498641.77, "Plan Rows": 331050, "Plan Width": 21, "Actual Startup Time": 688.157, "Actual Total Time": 688.238, "Actual Rows": 669, "Actual Loops": 1, "Sort Key": ["mi.info_type_id"], "Sort Method": "quicksort", "Sort Space Used": 90, "Sort Space Type": "Memory", "Plans": [{"Node Type": "Nested Loop", "Parent Relationship": "Outer", "Join Type": "Inner", "Startup Cost": 0.0, "Total Cost": 467462.34, "Plan Rows": 331050, "Plan Width": 21, "Actual Startup Time": 8.62, "Actual Total Time": 687.694, "Actual Rows": 669, "Actual Loops": 1, "Inner Unique": false, "Plans": [{"Node Type": "Nested Loop", "Parent Relationship": "Outer", "Join Type": "Inner", "Startup Cost": 0.0, "Total Cost": 208944.27, "Plan Rows": 289936, "Plan Width": 25, "Actual Startup Time": 8.599, "Actual Total Time": 661.543, "Actual Rows": 767, "Actual Loops": 1, "Inner Unique": true, "Plans": [{"Node Type": "Nested Loop", "Parent Relationship": "Outer", "Join Type": "Inner", "Startup Cost": 0.0, "Total Cost": 61745.44, "Plan Rows": 209278, "Plan Width": 4, "Actual Startup Time": 8.578, "Actual Total Time": 654.207, "Actual Rows": 798, "Actual Loops": 1, "Inner Unique": false, "Plans": [{"Node Type": "Index Scan", "Parent Relationship": "Outer", "Scan Direction": "Forward", "Index Name": "company_type_pkey", "Relation Name": "company_type", "Alias": "ct", "Startup Cost": 0.0, "Total Cost": 12.3, "Plan Rows": 1, "Plan Width": 4, "Actual Startup Time": 0.018, "Actual Total Time": 0.024, "Actual Rows": 1, "Actual Loops": 1, "Filter": "((kind)::text = 'production companies'::text)", "Rows Removed by Filter": 2}, {"Node Type": "Index Scan", "Parent Relationship": "Inner", "Scan Direction": "Forward", "Index Name": "company_type_id_movie_companies", "Relation Name": "movie_companies", "Alias": "mc", "Startup Cost": 0.0, "Total Cost": 59640.35, "Plan Rows": 209279, "Plan Width": 8, "Actual Startup Time": 8.556, "Actual Total Time": 653.906, "Actual Rows": 798, "Actual Loops": 1, "Index Cond": "(company_type_id = ct.id), (LLVM Optimized, Jit Execute)", "Rows Removed by Index Recheck": 0, "Filter": "(((note)::text !~~ '%(TV)%'::text) AND ((note)::text ~~ '%(USA)%'::text)), (LLVM Optimized, Jit Execute)", "Rows Removed by Filter": 1334085}]}, {"Node Type": "Index Scan", "Parent Relationship": "Inner", "Scan Direction": "Forward", "Index Name": "title_pkey", "Relation Name": "title", "Alias": "t", "Startup Cost": 0.0, "Total Cost": 0.69, "Plan Rows": 1, "Plan Width": 21, "Actual Startup Time": 6.319, "Actual Total Time": 6.319, "Actual Rows": 767, "Actual Loops": 798, "Index Cond": "(id = mc.movie_id)", "Rows Removed by Index Recheck": 0, "Filter": "(production_year > 1990)", "Rows Removed by Filter": 31}]}, {"Node Type": "Index Scan", "Parent Relationship": "Inner", "Scan Direction": "Forward", "Index Name": "movie_id_movie_info", "Relation Name": "movie_info", "Alias": "mi", "Startup Cost": 0.0, "Total Cost": 0.88, "Plan Rows": 1, "Plan Width": 8, "Actual Startup Time": 22.446, "Actual Total Time": 25.507, "Actual Rows": 669, "Actual Loops": 767, "Index Cond": "(movie_id = t.id)", "Rows Removed by Index Recheck": 0, "Filter": "((info)::text = ANY ('{Sweden,Norway,Germany,Denmark,Swedish,Denish,Norwegian,German,USA,American}'::text[]))", "Rows Removed by Filter": 7721}]}]}]}]}, "Triggers": [], "Planner Runtime": 7.997, "Total Runtime": 698.237, "Unique SQL Id": 322094867}}, "(64, 26)": {"explain_plan": {"Plan": {"Node Type": "Aggregate", "Strategy": "Plain", "Startup Cost": 2615106.92, "Total Cost": 2615106.94, "Plan Rows": 1, "Plan Width": 49, "Plans": [{"Node Type": "Streaming(type: LOCAL GATHER dop: 1/64)", "Parent Relationship": "Outer", "Startup Cost": 2615106.92, "Total Cost": 2615106.94, "Plan Rows": 1, "Plan Width": 49, "Plans": [{"Node Type": "Aggregate", "Strategy": "Plain", "Parent Relationship": "Outer", "Startup Cost": 2615106.92, "Total Cost": 2615106.93, "Plan Rows": 1, "Plan Width": 49, "Plans": [{"Node Type": "Nested Loop", "Parent Relationship": "Outer", "Join Type": "Inner", "Startup Cost": 0.0, "Total Cost": 2614279.3, "Plan Rows": 331050, "Plan Width": 17, "Inner Unique": false, "Join Filter": "(mi.movie_id = t.id), (LLVM Optimized)", "Plans": [{"Node Type": "Streaming(type: LOCAL REDISTRIBUTE dop: 64/64)", "Parent Relationship": "Outer", "Startup Cost": 0.0, "Total Cost": 128693.96, "Plan Rows": 1748840, "Plan Width": 21, "Plans": [{"Node Type": "Seq Scan", "Parent Relationship": "Outer", "Relation Name": "title", "Alias": "t", "Startup Cost": 0.0, "Total Cost": 64037.34, "Plan Rows": 1748840, "Plan Width": 21, "Filter": "(production_year > 1990), (LLVM Optimized)"}]}, {"Node Type": "Materialize", "Parent Relationship": "Inner", "Startup Cost": 0.0, "Total Cost": 955220.91, "Plan Rows": 238955, "Plan Width": 8, "Plans": [{"Node Type": "Streaming(type: LOCAL REDISTRIBUTE dop: 64/64)", "Parent Relationship": "Outer", "Startup Cost": 0.0, "Total Cost": 955202.24, "Plan Rows": 238955, "Plan Width": 8, "Plans": [{"Node Type": "Nested Loop", "Parent Relationship": "Outer", "Join Type": "Inner", "Startup Cost": 0.0, "Total Cost": 891975.89, "Plan Rows": 238955, "Plan Width": 8, "Inner Unique": true, "Join Filter": "(mi.info_type_id = it.id), (LLVM Optimized)", "Plans": [{"Node Type": "Nested Loop", "Parent Relationship": "Outer", "Join Type": "Inner", "Startup Cost": 0.0, "Total Cost": 822553.05, "Plan Rows": 238955, "Plan Width": 12, "Inner Unique": false, "Join Filter": "(mc.movie_id = mi.movie_id), (LLVM Optimized)", "Plans": [{"Node Type": "Streaming(type: LOCAL REDISTRIBUTE dop: 64/1)", "Parent Relationship": "Outer", "Startup Cost": 0.0, "Total Cost": 131598.86, "Plan Rows": 209278, "Plan Width": 4, "Plans": [{"Node Type": "Nested Loop", "Parent Relationship": "Outer", "Join Type": "Inner", "Startup Cost": 0.0, "Total Cost": 60095.92, "Plan Rows": 209278, "Plan Width": 4, "Inner Unique": false, "Join Filter": "(ct.id = mc.company_type_id), (LLVM Optimized)", "Plans": [{"Node Type": "Seq Scan", "Parent Relationship": "Outer", "Relation Name": "company_type", "Alias": "ct", "Startup Cost": 0.0, "Total Cost": 1.04, "Plan Rows": 1, "Plan Width": 4, "Filter": "((kind)::text = 'production companies'::text)"}, {"Node Type": "Seq Scan", "Parent Relationship": "Inner", "Relation Name": "movie_companies", "Alias": "mc", "Startup Cost": 0.0, "Total Cost": 54862.92, "Plan Rows": 418557, "Plan Width": 8, "Filter": "(((note)::text !~~ '%(TV)%'::text) AND ((note)::text ~~ '%(USA)%'::text)), (LLVM Optimized)"}]}]}, {"Node Type": "Materialize", "Parent Relationship": "Inner", "Startup Cost": 0.0, "Total Cost": 134289.54, "Plan Rows": 726375, "Plan Width": 8, "Plans": [{"Node Type": "Streaming(type: LOCAL REDISTRIBUTE dop: 64/64)", "Parent Relationship": "Outer", "Startup Cost": 0.0, "Total Cost": 134232.79, "Plan Rows": 726375, "Plan Width": 8, "Plans": [{"Node Type": "Seq Scan", "Parent Relationship": "Outer", "Relation Name": "movie_info", "Alias": "mi", "Startup Cost": 0.0, "Total Cost": 70544.72, "Plan Rows": 726375, "Plan Width": 8, "Filter": "((info)::text = ANY ('{Sweden,Norway,Germany,Denmark,Swedish,Denish,Norwegian,German,USA,American}'::text[]))"}]}]}]}, {"Node Type": "Materialize", "Parent Relationship": "Inner", "Startup Cost": 0.0, "Total Cost": 63150.56, "Plan Rows": 7168, "Plan Width": 4, "Plans": [{"Node Type": "Streaming(type: BROADCAST dop: 64/1)", "Parent Relationship": "Outer", "Startup Cost": 0.0, "Total Cost": 63150.0, "Plan Rows": 7168, "Plan Width": 4, "Plans": [{"Node Type": "Seq Scan", "Parent Relationship": "Outer", "Relation Name": "info_type", "Alias": "it", "Startup Cost": 0.0, "Total Cost": 2.12, "Plan Rows": 112, "Plan Width": 4}]}]}]}]}]}]}]}]}]}, "Unique SQL Id": 322094867}, "explain_analyze_plan": {"Plan": {"Node Type": "Aggregate", "Strategy": "Plain", "Startup Cost": 2615106.92, "Total Cost": 2615106.94, "Plan Rows": 1, "Plan Width": 49, "Actual Min Startup Time": 2439.201, "Actual Max Startup Time": 2439.201, "Actual Min Total Time": 2439.201, "Actual Max Total Time": 2439.201, "Actual Total Rows": 1, "Plans": [{"Node Type": "Streaming(type: LOCAL GATHER dop: 1/64)", "Parent Relationship": "Outer", "Startup Cost": 2615106.92, "Total Cost": 2615106.94, "Plan Rows": 1, "Plan Width": 49, "Actual Min Startup Time": 2436.965, "Actual Max Startup Time": 2436.965, "Actual Min Total Time": 2439.16, "Actual Max Total Time": 2439.16, "Actual Total Rows": 64, "Plans": [{"Node Type": "Aggregate", "Strategy": "Plain", "Parent Relationship": "Outer", "Startup Cost": 2615106.92, "Total Cost": 2615106.93, "Plan Rows": 1, "Plan Width": 49, "Actual Min Startup Time": 1476.129, "Actual Max Startup Time": 2091.997, "Actual Min Total Time": 1476.13, "Actual Max Total Time": 2091.997, "Actual Total Rows": 64, "Plans": [{"Node Type": "Nested Loop", "Parent Relationship": "Outer", "Join Type": "Inner", "Startup Cost": 0.0, "Total Cost": 2614279.3, "Plan Rows": 331050, "Plan Width": 17, "Actual Min Startup Time": 1272.903, "Actual Max Startup Time": 1987.566, "Actual Min Total Time": 1476.083, "Actual Max Total Time": 2091.954, "Actual Total Rows": 669, "Inner Unique": false, "Join Filter": "(mi.movie_id = t.id), (LLVM Optimized, Jit Execute)", "Rows Removed by Join Filter": 18883935, "Plans": [{"Node Type": "Streaming(type: LOCAL REDISTRIBUTE dop: 64/64)", "Parent Relationship": "Outer", "Startup Cost": 0.0, "Total Cost": 128693.96, "Plan Rows": 1748840, "Plan Width": 21, "Actual Min Startup Time": 0.134, "Actual Max Startup Time": 2.115, "Actual Min Total Time": 16.292, "Actual Max Total Time": 168.525, "Actual Total Rows": 1749032, "Plans": [{"Node Type": "Seq Scan", "Parent Relationship": "Outer", "Relation Name": "title", "Alias": "t", "Startup Cost": 0.0, "Total Cost": 64037.34, "Plan Rows": 1748840, "Plan Width": 21, "Actual Min Startup Time": 0.022, "Actual Max Startup Time": 0.059, "Actual Min Total Time": 13.729, "Actual Max Total Time": 20.417, "Actual Total Rows": 1749032, "Filter": "(production_year > 1990), (LLVM Optimized, Jit Execute)", "Rows Removed by Filter": 779279}]}, {"Node Type": "Materialize", "Parent Relationship": "Inner", "Startup Cost": 0.0, "Total Cost": 955220.91, "Plan Rows": 238955, "Plan Width": 8, "Actual Min Startup Time": 1266.981, "Actual Max Startup Time": 1883.517, "Actual Min Total Time": 1286.757, "Actual Max Total Time": 1903.106, "Actual Total Rows": 18884668, "Plans": [{"Node Type": "Streaming(type: LOCAL REDISTRIBUTE dop: 64/64)", "Parent Relationship": "Outer", "Startup Cost": 0.0, "Total Cost": 955202.24, "Plan Rows": 238955, "Plan Width": 8, "Actual Min Startup Time": 1216.481, "Actual Max Startup Time": 1833.622, "Actual Min Total Time": 1264.705, "Actual Max Total Time": 1880.653, "Actual Total Rows": 691, "Plans": [{"Node Type": "Nested Loop", "Parent Relationship": "Outer", "Join Type": "Inner", "Startup Cost": 0.0, "Total Cost": 891975.89, "Plan Rows": 238955, "Plan Width": 8, "Actual Min Startup Time": 1191.535, "Actual Max Startup Time": 1778.909, "Actual Min Total Time": 1222.772, "Actual Max Total Time": 1794.644, "Actual Total Rows": 691, "Inner Unique": true, "Join Filter": "(mi.info_type_id = it.id), (LLVM Optimized, Jit Execute)", "Rows Removed by Join Filter": 4196, "Plans": [{"Node Type": "Nested Loop", "Parent Relationship": "Outer", "Join Type": "Inner", "Startup Cost": 0.0, "Total Cost": 822553.05, "Plan Rows": 238955, "Plan Width": 12, "Actual Min Startup Time": 1189.635, "Actual Max Startup Time": 1207.649, "Actual Min Total Time": 1202.415, "Actual Max Total Time": 1263.699, "Actual Total Rows": 691, "Inner Unique": false, "Join Filter": "(mc.movie_id = mi.movie_id), (LLVM Optimized, Jit Execute)", "Rows Removed by Join Filter": 8812715, "Plans": [{"Node Type": "Streaming(type: LOCAL REDISTRIBUTE dop: 64/1)", "Parent Relationship": "Outer", "Startup Cost": 0.0, "Total Cost": 131598.86, "Plan Rows": 209278, "Plan Width": 4, "Actual Min Startup Time": 1055.219, "Actual Max Startup Time": 1056.688, "Actual Min Total Time": 1055.221, "Actual Max Total Time": 1056.69, "Actual Total Rows": 798, "Plans": [{"Node Type": "Nested Loop", "Parent Relationship": "Outer", "Join Type": "Inner", "Startup Cost": 0.0, "Total Cost": 60095.92, "Plan Rows": 209278, "Plan Width": 4, "Actual Min Startup Time": 918.887, "Actual Max Startup Time": 918.887, "Actual Min Total Time": 1287.975, "Actual Max Total Time": 1287.975, "Actual Total Rows": 798, "Inner Unique": false, "Join Filter": "(ct.id = mc.company_type_id), (LLVM Optimized, Jit Execute)", "Rows Removed by Join Filter": 294830, "Plans": [{"Node Type": "Seq Scan", "Parent Relationship": "Outer", "Relation Name": "company_type", "Alias": "ct", "Startup Cost": 0.0, "Total Cost": 1.04, "Plan Rows": 1, "Plan Width": 4, "Actual Min Startup Time": 0.02, "Actual Max Startup Time": 0.02, "Actual Min Total Time": 0.025, "Actual Max Total Time": 0.025, "Actual Total Rows": 1, "Filter": "((kind)::text = 'production companies'::text)", "Rows Removed by Filter": 2}, {"Node Type": "Seq Scan", "Parent Relationship": "Inner", "Relation Name": "movie_companies", "Alias": "mc", "Startup Cost": 0.0, "Total Cost": 54862.92, "Plan Rows": 418557, "Plan Width": 8, "Actual Min Startup Time": 0.032, "Actual Max Startup Time": 0.032, "Actual Min Total Time": 1225.084, "Actual Max Total Time": 1225.084, "Actual Total Rows": 295628, "Filter": "(((note)::text !~~ '%(TV)%'::text) AND ((note)::text ~~ '%(USA)%'::text)), (LLVM Optimized, Jit Execute)", "Rows Removed by Filter": 2313500}]}]}, {"Node Type": "Materialize", "Parent Relationship": "Inner", "Startup Cost": 0.0, "Total Cost": 134289.54, "Plan Rows": 726375, "Plan Width": 8, "Actual Min Startup Time": 132.506, "Actual Max Startup Time": 133.404, "Actual Min Total Time": 138.187, "Actual Max Total Time": 158.542, "Actual Total Rows": 8813470, "Plans": [{"Node Type": "Streaming(type: LOCAL REDISTRIBUTE dop: 64/64)", "Parent Relationship": "Outer", "Startup Cost": 0.0, "Total Cost": 134232.79, "Plan Rows": 726375, "Plan Width": 8, "Actual Min Startup Time": 0.154, "Actual Max Startup Time": 0.336, "Actual Min Total Time": 130.046, "Actual Max Total Time": 131.483, "Actual Total Rows": 706674, "Plans": [{"Node Type": "Seq Scan", "Parent Relationship": "Outer", "Relation Name": "movie_info", "Alias": "mi", "Startup Cost": 0.0, "Total Cost": 70544.72, "Plan Rows": 726375, "Plan Width": 8, "Actual Min Startup Time": 0.039, "Actual Max Startup Time": 3.417, "Actual Min Total Time": 121.927, "Actual Max Total Time": 167.649, "Actual Total Rows": 706674, "Filter": "((info)::text = ANY ('{Sweden,Norway,Germany,Denmark,Swedish,Denish,Norwegian,German,USA,American}'::text[]))", "Rows Removed by Filter": 14129045}]}]}]}, {"Node Type": "Materialize", "Parent Relationship": "Inner", "Startup Cost": 0.0, "Total Cost": 63150.56, "Plan Rows": 7168, "Plan Width": 4, "Actual Min Startup Time": 0.752, "Actual Max Startup Time": 573.661, "Actual Min Total Time": 0.756, "Actual Max Total Time": 573.665, "Actual Total Rows": 4951, "Plans": [{"Node Type": "Streaming(type: BROADCAST dop: 64/1)", "Parent Relationship": "Outer", "Startup Cost": 0.0, "Total Cost": 63150.0, "Plan Rows": 7168, "Plan Width": 4, "Actual Min Startup Time": 0.029, "Actual Max Startup Time": 81.786, "Actual Min Total Time": 0.724, "Actual Max Total Time": 573.624, "Actual Total Rows": 7168, "Plans": [{"Node Type": "Seq Scan", "Parent Relationship": "Outer", "Relation Name": "info_type", "Alias": "it", "Startup Cost": 0.0, "Total Cost": 2.12, "Plan Rows": 112, "Plan Width": 4, "Actual Min Startup Time": 0.041, "Actual Max Startup Time": 0.041, "Actual Min Total Time": 0.072, "Actual Max Total Time": 0.072, "Actual Total Rows": 112}]}]}]}]}]}]}]}]}]}, "Triggers": [], "Planner Runtime": 7.273, "Total Runtime": 2508.586, "Unique SQL Id": 322094867}}, "(64, 27)": {"explain_plan": {"Plan": {"Node Type": "Aggregate", "Strategy": "Plain", "Startup Cost": 5001727514355.89, "Total Cost": 5001727514355.9, "Plan Rows": 1, "Plan Width": 49, "Plans": [{"Node Type": "Merge Join", "Parent Relationship": "Outer", "Join Type": "Inner", "Startup Cost": 50024908232.05, "Total Cost": 5001727513528.26, "Plan Rows": 331050, "Plan Width": 17, "Inner Unique": true, "Merge Cond": "(mi.movie_id = t.id)", "Plans": [{"Node Type": "Nested Loop", "Parent Relationship": "Outer", "Join Type": "Inner", "Startup Cost": 40000000000.0, "Total Cost": 4002417254292.22, "Plan Rows": 238955, "Plan Width": 8, "Inner Unique": true, "Join Filter": "(mi.info_type_id = it.id), (LLVM Optimized)", "Plans": [{"Node Type": "Nested Loop", "Parent Relationship": "Outer", "Join Type": "Inner", "Startup Cost": 30000000000.0, "Total Cost": 3002416851854.54, "Plan Rows": 238955, "Plan Width": 12, "Inner Unique": false, "Join Filter": "(mc.movie_id = mi.movie_id), (LLVM Optimized)", "Plans": [{"Node Type": "Nested Loop", "Parent Relationship": "Outer", "Join Type": "Inner", "Startup Cost": 20000000000.0, "Total Cost": 2000014364018.74, "Plan Rows": 209278, "Plan Width": 4, "Inner Unique": true, "Join Filter": "(ct.id = mc.company_type_id), (LLVM Optimized)", "Plans": [{"Node Type": "Index Scan", "Parent Relationship": "Outer", "Scan Direction": "Forward", "Index Name": "movie_id_movie_companies", "Relation Name": "movie_companies", "Alias": "mc", "Startup Cost": 10000000000.0, "Total Cost": 1000014356510.13, "Plan Rows": 418557, "Plan Width": 8, "Filter": "(((note)::text !~~ '%(TV)%'::text) AND ((note)::text ~~ '%(USA)%'::text)), (LLVM Optimized)"}, {"Node Type": "Materialize", "Parent Relationship": "Inner", "Startup Cost": 10000000000.0, "Total Cost": 1000000001230.26, "Plan Rows": 1, "Plan Width": 4, "Plans": [{"Node Type": "Index Scan", "Parent Relationship": "Outer", "Scan Direction": "Forward", "Index Name": "company_type_pkey", "Relation Name": "company_type", "Alias": "ct", "Startup Cost": 10000000000.0, "Total Cost": 1000000001230.25, "Plan Rows": 1, "Plan Width": 4, "Filter": "((kind)::text = 'production companies'::text)"}]}]}, {"Node Type": "Materialize", "Parent Relationship": "Inner", "Startup Cost": 10000000000.0, "Total Cost": 1000122275042.99, "Plan Rows": 726375, "Plan Width": 8, "Plans": [{"Node Type": "Index Scan", "Parent Relationship": "Outer", "Scan Direction": "Forward", "Index Name": "info_type_id_movie_info", "Relation Name": "movie_info", "Alias": "mi", "Startup Cost": 10000000000.0, "Total Cost": 1000122271411.12, "Plan Rows": 726375, "Plan Width": 8, "Filter": "((info)::text = ANY ('{Sweden,Norway,Germany,Denmark,Swedish,Denish,Norwegian,German,USA,American}'::text[]))"}]}]}, {"Node Type": "Materialize", "Parent Relationship": "Inner", "Startup Cost": 10000000000.0, "Total Cost": 1000000000993.56, "Plan Rows": 112, "Plan Width": 4, "Plans": [{"Node Type": "Index Only Scan", "Parent Relationship": "Outer", "Scan Direction": "Forward", "Index Name": "info_type_pkey", "Relation Name": "info_type", "Alias": "it", "Startup Cost": 10000000000.0, "Total Cost": 1000000000993.0, "Plan Rows": 112, "Plan Width": 4}]}]}, {"Node Type": "Index Scan", "Parent Relationship": "Inner", "Scan Direction": "Forward", "Index Name": "title_pkey", "Relation Name": "title", "Alias": "t", "Startup Cost": 10000000000.0, "Total Cost": 1000011644126.66, "Plan Rows": 1748840, "Plan Width": 21, "Filter": "(production_year > 1990), (LLVM Optimized)"}]}]}, "Unique SQL Id": 322094867}, "explain_analyze_plan": null}, "(64, 28)": {"explain_plan": {"Plan": {"Node Type": "Aggregate", "Strategy": "Plain", "Startup Cost": 501964.48, "Total Cost": 501964.49, "Plan Rows": 1, "Plan Width": 49, "Plans": [{"Node Type": "Merge Join", "Parent Relationship": "Outer", "Join Type": "Inner", "Startup Cost": 496260.65, "Total Cost": 501136.85, "Plan Rows": 331050, "Plan Width": 17, "Inner Unique": false, "Merge Cond": "(it.id = mi.info_type_id)", "Plans": [{"Node Type": "Sort", "Parent Relationship": "Outer", "Startup Cost": 5.93, "Total Cost": 6.21, "Plan Rows": 112, "Plan Width": 4, "Sort Key": ["it.id"], "Plans": [{"Node Type": "Seq Scan", "Parent Relationship": "Outer", "Relation Name": "info_type", "Alias": "it", "Startup Cost": 0.0, "Total Cost": 2.12, "Plan Rows": 112, "Plan Width": 4}]}, {"Node Type": "Sort", "Parent Relationship": "Inner", "Startup Cost": 496164.62, "Total Cost": 496992.25, "Plan Rows": 331050, "Plan Width": 21, "Sort Key": ["mi.info_type_id"], "Plans": [{"Node Type": "Nested Loop", "Parent Relationship": "Outer", "Join Type": "Inner", "Startup Cost": 0.0, "Total Cost": 465812.82, "Plan Rows": 331050, "Plan Width": 21, "Inner Unique": false, "Plans": [{"Node Type": "Nested Loop", "Parent Relationship": "Outer", "Join Type": "Inner", "Startup Cost": 0.0, "Total Cost": 207294.74, "Plan Rows": 289936, "Plan Width": 25, "Inner Unique": true, "Plans": [{"Node Type": "Nested Loop", "Parent Relationship": "Outer", "Join Type": "Inner", "Startup Cost": 0.0, "Total Cost": 60095.92, "Plan Rows": 209278, "Plan Width": 4, "Inner Unique": false, "Join Filter": "(ct.id = mc.company_type_id), (LLVM Optimized)", "Plans": [{"Node Type": "Seq Scan", "Parent Relationship": "Outer", "Relation Name": "company_type", "Alias": "ct", "Startup Cost": 0.0, "Total Cost": 1.04, "Plan Rows": 1, "Plan Width": 4, "Filter": "((kind)::text = 'production companies'::text)"}, {"Node Type": "Seq Scan", "Parent Relationship": "Inner", "Relation Name": "movie_companies", "Alias": "mc", "Startup Cost": 0.0, "Total Cost": 54862.92, "Plan Rows": 418557, "Plan Width": 8, "Filter": "(((note)::text !~~ '%(TV)%'::text) AND ((note)::text ~~ '%(USA)%'::text)), (LLVM Optimized)"}]}, {"Node Type": "Index Scan", "Parent Relationship": "Inner", "Scan Direction": "Forward", "Index Name": "title_pkey", "Relation Name": "title", "Alias": "t", "Startup Cost": 0.0, "Total Cost": 0.69, "Plan Rows": 1, "Plan Width": 21, "Index Cond": "(id = mc.movie_id)", "Filter": "(production_year > 1990)"}]}, {"Node Type": "Index Scan", "Parent Relationship": "Inner", "Scan Direction": "Forward", "Index Name": "movie_id_movie_info", "Relation Name": "movie_info", "Alias": "mi", "Startup Cost": 0.0, "Total Cost": 0.88, "Plan Rows": 1, "Plan Width": 8, "Index Cond": "(movie_id = t.id)", "Filter": "((info)::text = ANY ('{Sweden,Norway,Germany,Denmark,Swedish,Denish,Norwegian,German,USA,American}'::text[]))"}]}]}]}]}, "Unique SQL Id": 322094867}, "explain_analyze_plan": {"Plan": {"Node Type": "Aggregate", "Strategy": "Plain", "Startup Cost": 501964.48, "Total Cost": 501964.49, "Plan Rows": 1, "Plan Width": 49, "Actual Startup Time": 1223.199, "Actual Total Time": 1223.2, "Actual Rows": 1, "Actual Loops": 1, "Plans": [{"Node Type": "Merge Join", "Parent Relationship": "Outer", "Join Type": "Inner", "Startup Cost": 496260.65, "Total Cost": 501136.85, "Plan Rows": 331050, "Plan Width": 17, "Actual Startup Time": 1222.742, "Actual Total Time": 1222.986, "Actual Rows": 669, "Actual Loops": 1, "Inner Unique": false, "Merge Cond": "(it.id = mi.info_type_id)", "Plans": [{"Node Type": "Sort", "Parent Relationship": "Outer", "Startup Cost": 5.93, "Total Cost": 6.21, "Plan Rows": 112, "Plan Width": 4, "Actual Startup Time": 0.095, "Actual Total Time": 0.097, "Actual Rows": 18, "Actual Loops": 1, "Sort Key": ["it.id"], "Sort Method": "quicksort", "Sort Space Used": 32, "Sort Space Type": "Memory", "Plans": [{"Node Type": "Seq Scan", "Parent Relationship": "Outer", "Relation Name": "info_type", "Alias": "it", "Startup Cost": 0.0, "Total Cost": 2.12, "Plan Rows": 112, "Plan Width": 4, "Actual Startup Time": 0.03, "Actual Total Time": 0.049, "Actual Rows": 112, "Actual Loops": 1}]}, {"Node Type": "Sort", "Parent Relationship": "Inner", "Startup Cost": 496164.62, "Total Cost": 496992.25, "Plan Rows": 331050, "Plan Width": 21, "Actual Startup Time": 1222.634, "Actual Total Time": 1222.692, "Actual Rows": 669, "Actual Loops": 1, "Sort Key": ["mi.info_type_id"], "Sort Method": "quicksort", "Sort Space Used": 90, "Sort Space Type": "Memory", "Plans": [{"Node Type": "Nested Loop", "Parent Relationship": "Outer", "Join Type": "Inner", "Startup Cost": 0.0, "Total Cost": 465812.82, "Plan Rows": 331050, "Plan Width": 21, "Actual Startup Time": 847.442, "Actual Total Time": 1222.245, "Actual Rows": 669, "Actual Loops": 1, "Inner Unique": false, "Plans": [{"Node Type": "Nested Loop", "Parent Relationship": "Outer", "Join Type": "Inner", "Startup Cost": 0.0, "Total Cost": 207294.74, "Plan Rows": 289936, "Plan Width": 25, "Actual Startup Time": 847.401, "Actual Total Time": 1197.562, "Actual Rows": 767, "Actual Loops": 1, "Inner Unique": true, "Plans": [{"Node Type": "Nested Loop", "Parent Relationship": "Outer", "Join Type": "Inner", "Startup Cost": 0.0, "Total Cost": 60095.92, "Plan Rows": 209278, "Plan Width": 4, "Actual Startup Time": 847.34, "Actual Total Time": 1190.246, "Actual Rows": 798, "Actual Loops": 1, "Inner Unique": false, "Join Filter": "(ct.id = mc.company_type_id), (LLVM Optimized, Jit Execute)", "Rows Removed by Join Filter": 294830, "Plans": [{"Node Type": "Seq Scan", "Parent Relationship": "Outer", "Relation Name": "company_type", "Alias": "ct", "Startup Cost": 0.0, "Total Cost": 1.04, "Plan Rows": 1, "Plan Width": 4, "Actual Startup Time": 0.015, "Actual Total Time": 0.02, "Actual Rows": 1, "Actual Loops": 1, "Filter": "((kind)::text = 'production companies'::text)", "Rows Removed by Filter": 2}, {"Node Type": "Seq Scan", "Parent Relationship": "Inner", "Relation Name": "movie_companies", "Alias": "mc", "Startup Cost": 0.0, "Total Cost": 54862.92, "Plan Rows": 418557, "Plan Width": 8, "Actual Startup Time": 0.029, "Actual Total Time": 1133.748, "Actual Rows": 295628, "Actual Loops": 1, "Filter": "(((note)::text !~~ '%(TV)%'::text) AND ((note)::text ~~ '%(USA)%'::text)), (LLVM Optimized, Jit Execute)", "Rows Removed by Filter": 2313500}]}, {"Node Type": "Index Scan", "Parent Relationship": "Inner", "Scan Direction": "Forward", "Index Name": "title_pkey", "Relation Name": "title", "Alias": "t", "Startup Cost": 0.0, "Total Cost": 0.69, "Plan Rows": 1, "Plan Width": 21, "Actual Startup Time": 6.432, "Actual Total Time": 6.432, "Actual Rows": 767, "Actual Loops": 798, "Index Cond": "(id = mc.movie_id)", "Rows Removed by Index Recheck": 0, "Filter": "(production_year > 1990)", "Rows Removed by Filter": 31}]}, {"Node Type": "Index Scan", "Parent Relationship": "Inner", "Scan Direction": "Forward", "Index Name": "movie_id_movie_info", "Relation Name": "movie_info", "Alias": "mi", "Startup Cost": 0.0, "Total Cost": 0.88, "Plan Rows": 1, "Plan Width": 8, "Actual Startup Time": 21.183, "Actual Total Time": 24.003, "Actual Rows": 669, "Actual Loops": 767, "Index Cond": "(movie_id = t.id)", "Rows Removed by Index Recheck": 0, "Filter": "((info)::text = ANY ('{Sweden,Norway,Germany,Denmark,Swedish,Denish,Norwegian,German,USA,American}'::text[]))", "Rows Removed by Filter": 7721}]}]}]}]}, "Triggers": [], "Planner Runtime": 6.319, "Total Runtime": 1233.031, "Unique SQL Id": 322094867}}, "(64, 29)": {"explain_plan": {"Plan": {"Node Type": "Aggregate", "Strategy": "Plain", "Startup Cost": 503621.48, "Total Cost": 503621.49, "Plan Rows": 1, "Plan Width": 49, "Plans": [{"Node Type": "Merge Join", "Parent Relationship": "Outer", "Join Type": "Inner", "Startup Cost": 497904.24, "Total Cost": 502793.85, "Plan Rows": 331050, "Plan Width": 17, "Inner Unique": false, "Merge Cond": "(it.id = mi.info_type_id)", "Plans": [{"Node Type": "Index Scan", "Parent Relationship": "Outer", "Scan Direction": "Forward", "Index Name": "info_type_pkey", "Relation Name": "info_type", "Alias": "it", "Startup Cost": 0.0, "Total Cost": 13.93, "Plan Rows": 112, "Plan Width": 4}, {"Node Type": "Sort", "Parent Relationship": "Inner", "Startup Cost": 497814.14, "Total Cost": 498641.77, "Plan Rows": 331050, "Plan Width": 21, "Sort Key": ["mi.info_type_id"], "Plans": [{"Node Type": "Nested Loop", "Parent Relationship": "Outer", "Join Type": "Inner", "Startup Cost": 0.0, "Total Cost": 467462.34, "Plan Rows": 331050, "Plan Width": 21, "Inner Unique": false, "Plans": [{"Node Type": "Nested Loop", "Parent Relationship": "Outer", "Join Type": "Inner", "Startup Cost": 0.0, "Total Cost": 208944.27, "Plan Rows": 289936, "Plan Width": 25, "Inner Unique": true, "Plans": [{"Node Type": "Nested Loop", "Parent Relationship": "Outer", "Join Type": "Inner", "Startup Cost": 0.0, "Total Cost": 61745.44, "Plan Rows": 209278, "Plan Width": 4, "Inner Unique": false, "Plans": [{"Node Type": "Index Scan", "Parent Relationship": "Outer", "Scan Direction": "Forward", "Index Name": "company_type_pkey", "Relation Name": "company_type", "Alias": "ct", "Startup Cost": 0.0, "Total Cost": 12.3, "Plan Rows": 1, "Plan Width": 4, "Filter": "((kind)::text = 'production companies'::text)"}, {"Node Type": "Index Scan", "Parent Relationship": "Inner", "Scan Direction": "Forward", "Index Name": "company_type_id_movie_companies", "Relation Name": "movie_companies", "Alias": "mc", "Startup Cost": 0.0, "Total Cost": 59640.35, "Plan Rows": 209279, "Plan Width": 8, "Index Cond": "(company_type_id = ct.id), (LLVM Optimized)", "Filter": "(((note)::text !~~ '%(TV)%'::text) AND ((note)::text ~~ '%(USA)%'::text)), (LLVM Optimized)"}]}, {"Node Type": "Index Scan", "Parent Relationship": "Inner", "Scan Direction": "Forward", "Index Name": "title_pkey", "Relation Name": "title", "Alias": "t", "Startup Cost": 0.0, "Total Cost": 0.69, "Plan Rows": 1, "Plan Width": 21, "Index Cond": "(id = mc.movie_id)", "Filter": "(production_year > 1990)"}]}, {"Node Type": "Index Scan", "Parent Relationship": "Inner", "Scan Direction": "Forward", "Index Name": "movie_id_movie_info", "Relation Name": "movie_info", "Alias": "mi", "Startup Cost": 0.0, "Total Cost": 0.88, "Plan Rows": 1, "Plan Width": 8, "Index Cond": "(movie_id = t.id)", "Filter": "((info)::text = ANY ('{Sweden,Norway,Germany,Denmark,Swedish,Denish,Norwegian,German,USA,American}'::text[]))"}]}]}]}]}, "Unique SQL Id": 322094867}, "explain_analyze_plan": {"Plan": {"Node Type": "Aggregate", "Strategy": "Plain", "Startup Cost": 503621.48, "Total Cost": 503621.49, "Plan Rows": 1, "Plan Width": 49, "Actual Startup Time": 753.741, "Actual Total Time": 753.741, "Actual Rows": 1, "Actual Loops": 1, "Plans": [{"Node Type": "Merge Join", "Parent Relationship": "Outer", "Join Type": "Inner", "Startup Cost": 497904.24, "Total Cost": 502793.85, "Plan Rows": 331050, "Plan Width": 17, "Actual Startup Time": 753.254, "Actual Total Time": 753.542, "Actual Rows": 669, "Actual Loops": 1, "Inner Unique": false, "Merge Cond": "(it.id = mi.info_type_id)", "Plans": [{"Node Type": "Index Scan", "Parent Relationship": "Outer", "Scan Direction": "Forward", "Index Name": "info_type_pkey", "Relation Name": "info_type", "Alias": "it", "Startup Cost": 0.0, "Total Cost": 13.93, "Plan Rows": 112, "Plan Width": 4, "Actual Startup Time": 0.015, "Actual Total Time": 0.028, "Actual Rows": 18, "Actual Loops": 1}, {"Node Type": "Sort", "Parent Relationship": "Inner", "Startup Cost": 497814.14, "Total Cost": 498641.77, "Plan Rows": 331050, "Plan Width": 21, "Actual Startup Time": 753.223, "Actual Total Time": 753.31, "Actual Rows": 669, "Actual Loops": 1, "Sort Key": ["mi.info_type_id"], "Sort Method": "quicksort", "Sort Space Used": 90, "Sort Space Type": "Memory", "Plans": [{"Node Type": "Nested Loop", "Parent Relationship": "Outer", "Join Type": "Inner", "Startup Cost": 0.0, "Total Cost": 467462.34, "Plan Rows": 331050, "Plan Width": 21, "Actual Startup Time": 9.576, "Actual Total Time": 752.798, "Actual Rows": 669, "Actual Loops": 1, "Inner Unique": false, "Plans": [{"Node Type": "Nested Loop", "Parent Relationship": "Outer", "Join Type": "Inner", "Startup Cost": 0.0, "Total Cost": 208944.27, "Plan Rows": 289936, "Plan Width": 25, "Actual Startup Time": 9.554, "Actual Total Time": 727.598, "Actual Rows": 767, "Actual Loops": 1, "Inner Unique": true, "Plans": [{"Node Type": "Nested Loop", "Parent Relationship": "Outer", "Join Type": "Inner", "Startup Cost": 0.0, "Total Cost": 61745.44, "Plan Rows": 209278, "Plan Width": 4, "Actual Startup Time": 9.535, "Actual Total Time": 720.265, "Actual Rows": 798, "Actual Loops": 1, "Inner Unique": false, "Plans": [{"Node Type": "Index Scan", "Parent Relationship": "Outer", "Scan Direction": "Forward", "Index Name": "company_type_pkey", "Relation Name": "company_type", "Alias": "ct", "Startup Cost": 0.0, "Total Cost": 12.3, "Plan Rows": 1, "Plan Width": 4, "Actual Startup Time": 0.009, "Actual Total Time": 0.018, "Actual Rows": 1, "Actual Loops": 1, "Filter": "((kind)::text = 'production companies'::text)", "Rows Removed by Filter": 2}, {"Node Type": "Index Scan", "Parent Relationship": "Inner", "Scan Direction": "Forward", "Index Name": "company_type_id_movie_companies", "Relation Name": "movie_companies", "Alias": "mc", "Startup Cost": 0.0, "Total Cost": 59640.35, "Plan Rows": 209279, "Plan Width": 8, "Actual Startup Time": 9.523, "Actual Total Time": 719.997, "Actual Rows": 798, "Actual Loops": 1, "Index Cond": "(company_type_id = ct.id), (LLVM Optimized, Jit Execute)", "Rows Removed by Index Recheck": 0, "Filter": "(((note)::text !~~ '%(TV)%'::text) AND ((note)::text ~~ '%(USA)%'::text)), (LLVM Optimized, Jit Execute)", "Rows Removed by Filter": 1334085}]}, {"Node Type": "Index Scan", "Parent Relationship": "Inner", "Scan Direction": "Forward", "Index Name": "title_pkey", "Relation Name": "title", "Alias": "t", "Startup Cost": 0.0, "Total Cost": 0.69, "Plan Rows": 1, "Plan Width": 21, "Actual Startup Time": 6.486, "Actual Total Time": 6.486, "Actual Rows": 767, "Actual Loops": 798, "Index Cond": "(id = mc.movie_id)", "Rows Removed by Index Recheck": 0, "Filter": "(production_year > 1990)", "Rows Removed by Filter": 31}]}, {"Node Type": "Index Scan", "Parent Relationship": "Inner", "Scan Direction": "Forward", "Index Name": "movie_id_movie_info", "Relation Name": "movie_info", "Alias": "mi", "Startup Cost": 0.0, "Total Cost": 0.88, "Plan Rows": 1, "Plan Width": 8, "Actual Startup Time": 21.63, "Actual Total Time": 24.495, "Actual Rows": 669, "Actual Loops": 767, "Index Cond": "(movie_id = t.id)", "Rows Removed by Index Recheck": 0, "Filter": "((info)::text = ANY ('{Sweden,Norway,Germany,Denmark,Swedish,Denish,Norwegian,German,USA,American}'::text[]))", "Rows Removed by Filter": 7721}]}]}]}]}, "Triggers": [], "Planner Runtime": 8.004, "Total Runtime": 763.569, "Unique SQL Id": 322094867}}, "(64, 30)": {"explain_plan": {"Plan": {"Node Type": "Aggregate", "Strategy": "Plain", "Startup Cost": 2615106.92, "Total Cost": 2615106.94, "Plan Rows": 1, "Plan Width": 49, "Plans": [{"Node Type": "Streaming(type: LOCAL GATHER dop: 1/64)", "Parent Relationship": "Outer", "Startup Cost": 2615106.92, "Total Cost": 2615106.94, "Plan Rows": 1, "Plan Width": 49, "Plans": [{"Node Type": "Aggregate", "Strategy": "Plain", "Parent Relationship": "Outer", "Startup Cost": 2615106.92, "Total Cost": 2615106.93, "Plan Rows": 1, "Plan Width": 49, "Plans": [{"Node Type": "Nested Loop", "Parent Relationship": "Outer", "Join Type": "Inner", "Startup Cost": 0.0, "Total Cost": 2614279.3, "Plan Rows": 331050, "Plan Width": 17, "Inner Unique": false, "Join Filter": "(mi.movie_id = t.id), (LLVM Optimized)", "Plans": [{"Node Type": "Streaming(type: LOCAL REDISTRIBUTE dop: 64/64)", "Parent Relationship": "Outer", "Startup Cost": 0.0, "Total Cost": 128693.96, "Plan Rows": 1748840, "Plan Width": 21, "Plans": [{"Node Type": "Seq Scan", "Parent Relationship": "Outer", "Relation Name": "title", "Alias": "t", "Startup Cost": 0.0, "Total Cost": 64037.34, "Plan Rows": 1748840, "Plan Width": 21, "Filter": "(production_year > 1990), (LLVM Optimized)"}]}, {"Node Type": "Materialize", "Parent Relationship": "Inner", "Startup Cost": 0.0, "Total Cost": 955220.91, "Plan Rows": 238955, "Plan Width": 8, "Plans": [{"Node Type": "Streaming(type: LOCAL REDISTRIBUTE dop: 64/64)", "Parent Relationship": "Outer", "Startup Cost": 0.0, "Total Cost": 955202.24, "Plan Rows": 238955, "Plan Width": 8, "Plans": [{"Node Type": "Nested Loop", "Parent Relationship": "Outer", "Join Type": "Inner", "Startup Cost": 0.0, "Total Cost": 891975.89, "Plan Rows": 238955, "Plan Width": 8, "Inner Unique": true, "Join Filter": "(mi.info_type_id = it.id), (LLVM Optimized)", "Plans": [{"Node Type": "Nested Loop", "Parent Relationship": "Outer", "Join Type": "Inner", "Startup Cost": 0.0, "Total Cost": 822553.05, "Plan Rows": 238955, "Plan Width": 12, "Inner Unique": false, "Join Filter": "(mc.movie_id = mi.movie_id), (LLVM Optimized)", "Plans": [{"Node Type": "Streaming(type: LOCAL REDISTRIBUTE dop: 64/1)", "Parent Relationship": "Outer", "Startup Cost": 0.0, "Total Cost": 131598.86, "Plan Rows": 209278, "Plan Width": 4, "Plans": [{"Node Type": "Nested Loop", "Parent Relationship": "Outer", "Join Type": "Inner", "Startup Cost": 0.0, "Total Cost": 60095.92, "Plan Rows": 209278, "Plan Width": 4, "Inner Unique": false, "Join Filter": "(ct.id = mc.company_type_id), (LLVM Optimized)", "Plans": [{"Node Type": "Seq Scan", "Parent Relationship": "Outer", "Relation Name": "company_type", "Alias": "ct", "Startup Cost": 0.0, "Total Cost": 1.04, "Plan Rows": 1, "Plan Width": 4, "Filter": "((kind)::text = 'production companies'::text)"}, {"Node Type": "Seq Scan", "Parent Relationship": "Inner", "Relation Name": "movie_companies", "Alias": "mc", "Startup Cost": 0.0, "Total Cost": 54862.92, "Plan Rows": 418557, "Plan Width": 8, "Filter": "(((note)::text !~~ '%(TV)%'::text) AND ((note)::text ~~ '%(USA)%'::text)), (LLVM Optimized)"}]}]}, {"Node Type": "Materialize", "Parent Relationship": "Inner", "Startup Cost": 0.0, "Total Cost": 134289.54, "Plan Rows": 726375, "Plan Width": 8, "Plans": [{"Node Type": "Streaming(type: LOCAL REDISTRIBUTE dop: 64/64)", "Parent Relationship": "Outer", "Startup Cost": 0.0, "Total Cost": 134232.79, "Plan Rows": 726375, "Plan Width": 8, "Plans": [{"Node Type": "Seq Scan", "Parent Relationship": "Outer", "Relation Name": "movie_info", "Alias": "mi", "Startup Cost": 0.0, "Total Cost": 70544.72, "Plan Rows": 726375, "Plan Width": 8, "Filter": "((info)::text = ANY ('{Sweden,Norway,Germany,Denmark,Swedish,Denish,Norwegian,German,USA,American}'::text[]))"}]}]}]}, {"Node Type": "Materialize", "Parent Relationship": "Inner", "Startup Cost": 0.0, "Total Cost": 63150.56, "Plan Rows": 7168, "Plan Width": 4, "Plans": [{"Node Type": "Streaming(type: BROADCAST dop: 64/1)", "Parent Relationship": "Outer", "Startup Cost": 0.0, "Total Cost": 63150.0, "Plan Rows": 7168, "Plan Width": 4, "Plans": [{"Node Type": "Seq Scan", "Parent Relationship": "Outer", "Relation Name": "info_type", "Alias": "it", "Startup Cost": 0.0, "Total Cost": 2.12, "Plan Rows": 112, "Plan Width": 4}]}]}]}]}]}]}]}]}]}, "Unique SQL Id": 322094867}, "explain_analyze_plan": {"Plan": {"Node Type": "Aggregate", "Strategy": "Plain", "Startup Cost": 2615106.92, "Total Cost": 2615106.94, "Plan Rows": 1, "Plan Width": 49, "Actual Min Startup Time": 2439.201, "Actual Max Startup Time": 2439.201, "Actual Min Total Time": 2439.201, "Actual Max Total Time": 2439.201, "Actual Total Rows": 1, "Plans": [{"Node Type": "Streaming(type: LOCAL GATHER dop: 1/64)", "Parent Relationship": "Outer", "Startup Cost": 2615106.92, "Total Cost": 2615106.94, "Plan Rows": 1, "Plan Width": 49, "Actual Min Startup Time": 2436.965, "Actual Max Startup Time": 2436.965, "Actual Min Total Time": 2439.16, "Actual Max Total Time": 2439.16, "Actual Total Rows": 64, "Plans": [{"Node Type": "Aggregate", "Strategy": "Plain", "Parent Relationship": "Outer", "Startup Cost": 2615106.92, "Total Cost": 2615106.93, "Plan Rows": 1, "Plan Width": 49, "Actual Min Startup Time": 1476.129, "Actual Max Startup Time": 2091.997, "Actual Min Total Time": 1476.13, "Actual Max Total Time": 2091.997, "Actual Total Rows": 64, "Plans": [{"Node Type": "Nested Loop", "Parent Relationship": "Outer", "Join Type": "Inner", "Startup Cost": 0.0, "Total Cost": 2614279.3, "Plan Rows": 331050, "Plan Width": 17, "Actual Min Startup Time": 1272.903, "Actual Max Startup Time": 1987.566, "Actual Min Total Time": 1476.083, "Actual Max Total Time": 2091.954, "Actual Total Rows": 669, "Inner Unique": false, "Join Filter": "(mi.movie_id = t.id), (LLVM Optimized, Jit Execute)", "Rows Removed by Join Filter": 18883935, "Plans": [{"Node Type": "Streaming(type: LOCAL REDISTRIBUTE dop: 64/64)", "Parent Relationship": "Outer", "Startup Cost": 0.0, "Total Cost": 128693.96, "Plan Rows": 1748840, "Plan Width": 21, "Actual Min Startup Time": 0.134, "Actual Max Startup Time": 2.115, "Actual Min Total Time": 16.292, "Actual Max Total Time": 168.525, "Actual Total Rows": 1749032, "Plans": [{"Node Type": "Seq Scan", "Parent Relationship": "Outer", "Relation Name": "title", "Alias": "t", "Startup Cost": 0.0, "Total Cost": 64037.34, "Plan Rows": 1748840, "Plan Width": 21, "Actual Min Startup Time": 0.022, "Actual Max Startup Time": 0.059, "Actual Min Total Time": 13.729, "Actual Max Total Time": 20.417, "Actual Total Rows": 1749032, "Filter": "(production_year > 1990), (LLVM Optimized, Jit Execute)", "Rows Removed by Filter": 779279}]}, {"Node Type": "Materialize", "Parent Relationship": "Inner", "Startup Cost": 0.0, "Total Cost": 955220.91, "Plan Rows": 238955, "Plan Width": 8, "Actual Min Startup Time": 1266.981, "Actual Max Startup Time": 1883.517, "Actual Min Total Time": 1286.757, "Actual Max Total Time": 1903.106, "Actual Total Rows": 18884668, "Plans": [{"Node Type": "Streaming(type: LOCAL REDISTRIBUTE dop: 64/64)", "Parent Relationship": "Outer", "Startup Cost": 0.0, "Total Cost": 955202.24, "Plan Rows": 238955, "Plan Width": 8, "Actual Min Startup Time": 1216.481, "Actual Max Startup Time": 1833.622, "Actual Min Total Time": 1264.705, "Actual Max Total Time": 1880.653, "Actual Total Rows": 691, "Plans": [{"Node Type": "Nested Loop", "Parent Relationship": "Outer", "Join Type": "Inner", "Startup Cost": 0.0, "Total Cost": 891975.89, "Plan Rows": 238955, "Plan Width": 8, "Actual Min Startup Time": 1191.535, "Actual Max Startup Time": 1778.909, "Actual Min Total Time": 1222.772, "Actual Max Total Time": 1794.644, "Actual Total Rows": 691, "Inner Unique": true, "Join Filter": "(mi.info_type_id = it.id), (LLVM Optimized, Jit Execute)", "Rows Removed by Join Filter": 4196, "Plans": [{"Node Type": "Nested Loop", "Parent Relationship": "Outer", "Join Type": "Inner", "Startup Cost": 0.0, "Total Cost": 822553.05, "Plan Rows": 238955, "Plan Width": 12, "Actual Min Startup Time": 1189.635, "Actual Max Startup Time": 1207.649, "Actual Min Total Time": 1202.415, "Actual Max Total Time": 1263.699, "Actual Total Rows": 691, "Inner Unique": false, "Join Filter": "(mc.movie_id = mi.movie_id), (LLVM Optimized, Jit Execute)", "Rows Removed by Join Filter": 8812715, "Plans": [{"Node Type": "Streaming(type: LOCAL REDISTRIBUTE dop: 64/1)", "Parent Relationship": "Outer", "Startup Cost": 0.0, "Total Cost": 131598.86, "Plan Rows": 209278, "Plan Width": 4, "Actual Min Startup Time": 1055.219, "Actual Max Startup Time": 1056.688, "Actual Min Total Time": 1055.221, "Actual Max Total Time": 1056.69, "Actual Total Rows": 798, "Plans": [{"Node Type": "Nested Loop", "Parent Relationship": "Outer", "Join Type": "Inner", "Startup Cost": 0.0, "Total Cost": 60095.92, "Plan Rows": 209278, "Plan Width": 4, "Actual Min Startup Time": 918.887, "Actual Max Startup Time": 918.887, "Actual Min Total Time": 1287.975, "Actual Max Total Time": 1287.975, "Actual Total Rows": 798, "Inner Unique": false, "Join Filter": "(ct.id = mc.company_type_id), (LLVM Optimized, Jit Execute)", "Rows Removed by Join Filter": 294830, "Plans": [{"Node Type": "Seq Scan", "Parent Relationship": "Outer", "Relation Name": "company_type", "Alias": "ct", "Startup Cost": 0.0, "Total Cost": 1.04, "Plan Rows": 1, "Plan Width": 4, "Actual Min Startup Time": 0.02, "Actual Max Startup Time": 0.02, "Actual Min Total Time": 0.025, "Actual Max Total Time": 0.025, "Actual Total Rows": 1, "Filter": "((kind)::text = 'production companies'::text)", "Rows Removed by Filter": 2}, {"Node Type": "Seq Scan", "Parent Relationship": "Inner", "Relation Name": "movie_companies", "Alias": "mc", "Startup Cost": 0.0, "Total Cost": 54862.92, "Plan Rows": 418557, "Plan Width": 8, "Actual Min Startup Time": 0.032, "Actual Max Startup Time": 0.032, "Actual Min Total Time": 1225.084, "Actual Max Total Time": 1225.084, "Actual Total Rows": 295628, "Filter": "(((note)::text !~~ '%(TV)%'::text) AND ((note)::text ~~ '%(USA)%'::text)), (LLVM Optimized, Jit Execute)", "Rows Removed by Filter": 2313500}]}]}, {"Node Type": "Materialize", "Parent Relationship": "Inner", "Startup Cost": 0.0, "Total Cost": 134289.54, "Plan Rows": 726375, "Plan Width": 8, "Actual Min Startup Time": 132.506, "Actual Max Startup Time": 133.404, "Actual Min Total Time": 138.187, "Actual Max Total Time": 158.542, "Actual Total Rows": 8813470, "Plans": [{"Node Type": "Streaming(type: LOCAL REDISTRIBUTE dop: 64/64)", "Parent Relationship": "Outer", "Startup Cost": 0.0, "Total Cost": 134232.79, "Plan Rows": 726375, "Plan Width": 8, "Actual Min Startup Time": 0.154, "Actual Max Startup Time": 0.336, "Actual Min Total Time": 130.046, "Actual Max Total Time": 131.483, "Actual Total Rows": 706674, "Plans": [{"Node Type": "Seq Scan", "Parent Relationship": "Outer", "Relation Name": "movie_info", "Alias": "mi", "Startup Cost": 0.0, "Total Cost": 70544.72, "Plan Rows": 726375, "Plan Width": 8, "Actual Min Startup Time": 0.039, "Actual Max Startup Time": 3.417, "Actual Min Total Time": 121.927, "Actual Max Total Time": 167.649, "Actual Total Rows": 706674, "Filter": "((info)::text = ANY ('{Sweden,Norway,Germany,Denmark,Swedish,Denish,Norwegian,German,USA,American}'::text[]))", "Rows Removed by Filter": 14129045}]}]}]}, {"Node Type": "Materialize", "Parent Relationship": "Inner", "Startup Cost": 0.0, "Total Cost": 63150.56, "Plan Rows": 7168, "Plan Width": 4, "Actual Min Startup Time": 0.752, "Actual Max Startup Time": 573.661, "Actual Min Total Time": 0.756, "Actual Max Total Time": 573.665, "Actual Total Rows": 4951, "Plans": [{"Node Type": "Streaming(type: BROADCAST dop: 64/1)", "Parent Relationship": "Outer", "Startup Cost": 0.0, "Total Cost": 63150.0, "Plan Rows": 7168, "Plan Width": 4, "Actual Min Startup Time": 0.029, "Actual Max Startup Time": 81.786, "Actual Min Total Time": 0.724, "Actual Max Total Time": 573.624, "Actual Total Rows": 7168, "Plans": [{"Node Type": "Seq Scan", "Parent Relationship": "Outer", "Relation Name": "info_type", "Alias": "it", "Startup Cost": 0.0, "Total Cost": 2.12, "Plan Rows": 112, "Plan Width": 4, "Actual Min Startup Time": 0.041, "Actual Max Startup Time": 0.041, "Actual Min Total Time": 0.072, "Actual Max Total Time": 0.072, "Actual Total Rows": 112}]}]}]}]}]}]}]}]}]}, "Triggers": [], "Planner Runtime": 7.273, "Total Runtime": 2508.586, "Unique SQL Id": 322094867}}, "(64, 31)": {"explain_plan": {"Plan": {"Node Type": "Aggregate", "Strategy": "Plain", "Startup Cost": 5001727514755.89, "Total Cost": 5001727514755.9, "Plan Rows": 1, "Plan Width": 49, "Plans": [{"Node Type": "Merge Join", "Parent Relationship": "Outer", "Join Type": "Inner", "Startup Cost": 50024908232.05, "Total Cost": 5001727513928.26, "Plan Rows": 331050, "Plan Width": 17, "Inner Unique": true, "Merge Cond": "(mi.movie_id = t.id)", "Plans": [{"Node Type": "Nested Loop", "Parent Relationship": "Outer", "Join Type": "Inner", "Startup Cost": 40000000000.0, "Total Cost": 4002417254692.22, "Plan Rows": 238955, "Plan Width": 8, "Inner Unique": true, "Join Filter": "(mi.info_type_id = it.id), (LLVM Optimized)", "Plans": [{"Node Type": "Nested Loop", "Parent Relationship": "Outer", "Join Type": "Inner", "Startup Cost": 30000000000.0, "Total Cost": 3002416851854.54, "Plan Rows": 238955, "Plan Width": 12, "Inner Unique": false, "Join Filter": "(mc.movie_id = mi.movie_id), (LLVM Optimized)", "Plans": [{"Node Type": "Nested Loop", "Parent Relationship": "Outer", "Join Type": "Inner", "Startup Cost": 20000000000.0, "Total Cost": 2000014364018.74, "Plan Rows": 209278, "Plan Width": 4, "Inner Unique": true, "Join Filter": "(ct.id = mc.company_type_id), (LLVM Optimized)", "Plans": [{"Node Type": "Index Scan", "Parent Relationship": "Outer", "Scan Direction": "Forward", "Index Name": "movie_id_movie_companies", "Relation Name": "movie_companies", "Alias": "mc", "Startup Cost": 10000000000.0, "Total Cost": 1000014356510.13, "Plan Rows": 418557, "Plan Width": 8, "Filter": "(((note)::text !~~ '%(TV)%'::text) AND ((note)::text ~~ '%(USA)%'::text)), (LLVM Optimized)"}, {"Node Type": "Materialize", "Parent Relationship": "Inner", "Startup Cost": 10000000000.0, "Total Cost": 1000000001230.26, "Plan Rows": 1, "Plan Width": 4, "Plans": [{"Node Type": "Index Scan", "Parent Relationship": "Outer", "Scan Direction": "Forward", "Index Name": "company_type_pkey", "Relation Name": "company_type", "Alias": "ct", "Startup Cost": 10000000000.0, "Total Cost": 1000000001230.25, "Plan Rows": 1, "Plan Width": 4, "Filter": "((kind)::text = 'production companies'::text)"}]}]}, {"Node Type": "Materialize", "Parent Relationship": "Inner", "Startup Cost": 10000000000.0, "Total Cost": 1000122275042.99, "Plan Rows": 726375, "Plan Width": 8, "Plans": [{"Node Type": "Index Scan", "Parent Relationship": "Outer", "Scan Direction": "Forward", "Index Name": "info_type_id_movie_info", "Relation Name": "movie_info", "Alias": "mi", "Startup Cost": 10000000000.0, "Total Cost": 1000122271411.12, "Plan Rows": 726375, "Plan Width": 8, "Filter": "((info)::text = ANY ('{Sweden,Norway,Germany,Denmark,Swedish,Denish,Norwegian,German,USA,American}'::text[]))"}]}]}, {"Node Type": "Materialize", "Parent Relationship": "Inner", "Startup Cost": 10000000000.0, "Total Cost": 1000000001393.56, "Plan Rows": 112, "Plan Width": 4, "Plans": [{"Node Type": "Index Scan", "Parent Relationship": "Outer", "Scan Direction": "Forward", "Index Name": "info_type_pkey", "Relation Name": "info_type", "Alias": "it", "Startup Cost": 10000000000.0, "Total Cost": 1000000001393.0, "Plan Rows": 112, "Plan Width": 4}]}]}, {"Node Type": "Index Scan", "Parent Relationship": "Inner", "Scan Direction": "Forward", "Index Name": "title_pkey", "Relation Name": "title", "Alias": "t", "Startup Cost": 10000000000.0, "Total Cost": 1000011644126.66, "Plan Rows": 1748840, "Plan Width": 21, "Filter": "(production_year > 1990), (LLVM Optimized)"}]}]}, "Unique SQL Id": 322094867}, "explain_analyze_plan": null}, "(64, 32)": {"explain_plan": {"Plan": {"Node Type": "Aggregate", "Strategy": "Plain", "Startup Cost": 282595.42, "Total Cost": 282595.43, "Plan Rows": 1, "Plan Width": 49, "Plans": [{"Node Type": "Hash Join", "Parent Relationship": "Outer", "Join Type": "Inner", "Startup Cost": 187293.84, "Total Cost": 281767.79, "Plan Rows": 331050, "Plan Width": 17, "Inner Unique": true, "Hash Cond": "(mi.info_type_id = it.id), (LLVM Optimized)", "Plans": [{"Node Type": "Hash Join", "Parent Relationship": "Outer", "Join Type": "Inner", "Startup Cost": 187290.32, "Total Cost": 277212.34, "Plan Rows": 331050, "Plan Width": 21, "Inner Unique": false, "Hash Cond": "(mi.movie_id = t.id), (LLVM Optimized)", "Plans": [{"Node Type": "Streaming(type: LOCAL GATHER dop: 1/64)", "Parent Relationship": "Outer", "Startup Cost": 0.0, "Total Cost": 85529.75, "Plan Rows": 726375, "Plan Width": 8, "Plans": [{"Node Type": "Seq Scan", "Parent Relationship": "Outer", "Relation Name": "movie_info", "Alias": "mi", "Startup Cost": 0.0, "Total Cost": 70544.72, "Plan Rows": 726375, "Plan Width": 8, "Filter": "((info)::text = ANY ('{Sweden,Norway,Germany,Denmark,Swedish,Denish,Norwegian,German,USA,American}'::text[]))"}]}, {"Node Type": "Hash", "Parent Relationship": "Inner", "Startup Cost": 183666.12, "Total Cost": 183666.12, "Plan Rows": 289936, "Plan Width": 25, "Plans": [{"Node Type": "Hash Join", "Parent Relationship": "Outer", "Join Type": "Inner", "Startup Cost": 121977.26, "Total Cost": 183666.12, "Plan Rows": 289936, "Plan Width": 25, "Inner Unique": true, "Hash Cond": "(mc.movie_id = t.id), (LLVM Optimized)", "Plans": [{"Node Type": "Hash Join", "Parent Relationship": "Outer", "Join Type": "Inner", "Startup Cost": 1.05, "Total Cost": 58005.76, "Plan Rows": 209278, "Plan Width": 4, "Inner Unique": true, "Hash Cond": "(mc.company_type_id = ct.id), (LLVM Optimized)", "Plans": [{"Node Type": "Seq Scan", "Parent Relationship": "Outer", "Relation Name": "movie_companies", "Alias": "mc", "Startup Cost": 0.0, "Total Cost": 54862.92, "Plan Rows": 418557, "Plan Width": 8, "Filter": "(((note)::text !~~ '%(TV)%'::text) AND ((note)::text ~~ '%(USA)%'::text)), (LLVM Optimized)"}, {"Node Type": "Hash", "Parent Relationship": "Inner", "Startup Cost": 1.04, "Total Cost": 1.04, "Plan Rows": 1, "Plan Width": 4, "Plans": [{"Node Type": "Seq Scan", "Parent Relationship": "Outer", "Relation Name": "company_type", "Alias": "ct", "Startup Cost": 0.0, "Total Cost": 1.04, "Plan Rows": 1, "Plan Width": 4, "Filter": "((kind)::text = 'production companies'::text)"}]}]}, {"Node Type": "Hash", "Parent Relationship": "Inner", "Startup Cost": 100115.71, "Total Cost": 100115.71, "Plan Rows": 1748840, "Plan Width": 21, "Plans": [{"Node Type": "Streaming(type: LOCAL GATHER dop: 1/64)", "Parent Relationship": "Outer", "Startup Cost": 0.0, "Total Cost": 100115.71, "Plan Rows": 1748840, "Plan Width": 21, "Plans": [{"Node Type": "Seq Scan", "Parent Relationship": "Outer", "Relation Name": "title", "Alias": "t", "Startup Cost": 0.0, "Total Cost": 64037.34, "Plan Rows": 1748840, "Plan Width": 21, "Filter": "(production_year > 1990), (LLVM Optimized)"}]}]}]}]}]}, {"Node Type": "Hash", "Parent Relationship": "Inner", "Startup Cost": 2.12, "Total Cost": 2.12, "Plan Rows": 112, "Plan Width": 4, "Plans": [{"Node Type": "Index Only Scan", "Parent Relationship": "Outer", "Scan Direction": "Forward", "Index Name": "info_type_pkey", "Relation Name": "info_type", "Alias": "it", "Startup Cost": 0.0, "Total Cost": 2.12, "Plan Rows": 112, "Plan Width": 4}]}]}]}, "Unique SQL Id": 322094867}, "explain_analyze_plan": {"Plan": {"Node Type": "Aggregate", "Strategy": "Plain", "Startup Cost": 282595.42, "Total Cost": 282595.43, "Plan Rows": 1, "Plan Width": 49, "Actual Min Startup Time": 2819.09, "Actual Max Startup Time": 2819.09, "Actual Min Total Time": 2819.09, "Actual Max Total Time": 2819.09, "Actual Total Rows": 1, "Plans": [{"Node Type": "Hash Join", "Parent Relationship": "Outer", "Join Type": "Inner", "Startup Cost": 187293.84, "Total Cost": 281767.79, "Plan Rows": 331050, "Plan Width": 17, "Actual Min Startup Time": 2473.353, "Actual Max Startup Time": 2473.353, "Actual Min Total Time": 2818.616, "Actual Max Total Time": 2818.616, "Actual Total Rows": 669, "Inner Unique": true, "Hash Cond": "(mi.info_type_id = it.id), (LLVM Optimized, Jit Execute)", "Plans": [{"Node Type": "Hash Join", "Parent Relationship": "Outer", "Join Type": "Inner", "Startup Cost": 187290.32, "Total Cost": 277212.34, "Plan Rows": 331050, "Plan Width": 21, "Actual Min Startup Time": 2473.167, "Actual Max Startup Time": 2473.167, "Actual Min Total Time": 2817.954, "Actual Max Total Time": 2817.954, "Actual Total Rows": 669, "Inner Unique": false, "Hash Cond": "(mi.movie_id = t.id), (LLVM Optimized, Jit Execute)", "Plans": [{"Node Type": "Streaming(type: LOCAL GATHER dop: 1/64)", "Parent Relationship": "Outer", "Startup Cost": 0.0, "Total Cost": 85529.75, "Plan Rows": 726375, "Plan Width": 8, "Actual Min Startup Time": 0.144, "Actual Max Startup Time": 0.144, "Actual Min Total Time": 210.639, "Actual Max Total Time": 210.639, "Actual Total Rows": 706674, "Plans": [{"Node Type": "Seq Scan", "Parent Relationship": "Outer", "Relation Name": "movie_info", "Alias": "mi", "Startup Cost": 0.0, "Total Cost": 70544.72, "Plan Rows": 726375, "Plan Width": 8, "Actual Min Startup Time": 0.037, "Actual Max Startup Time": 3.327, "Actual Min Total Time": 122.346, "Actual Max Total Time": 141.453, "Actual Total Rows": 706674, "Filter": "((info)::text = ANY ('{Sweden,Norway,Germany,Denmark,Swedish,Denish,Norwegian,German,USA,American}'::text[]))", "Rows Removed by Filter": 14129045}]}, {"Node Type": "Hash", "Parent Relationship": "Inner", "Startup Cost": 183666.12, "Total Cost": 183666.12, "Plan Rows": 289936, "Plan Width": 25, "Actual Min Startup Time": 2467.444, "Actual Max Startup Time": 2467.444, "Actual Min Total Time": 2467.444, "Actual Max Total Time": 2467.444, "Actual Total Rows": 767, "Max Hash Buckets": 524288, "Min Hash Buckets": 524288, "Max Hash Batches": 1, "Min Hash Batches": 1, "Max Original Hash Batches": 1, "Min Original Hash Batches": 1, "Max Peak Memory Usage": 45, "min Peak Memory Usage": 45, "Plans": [{"Node Type": "Hash Join", "Parent Relationship": "Outer", "Join Type": "Inner", "Startup Cost": 121977.26, "Total Cost": 183666.12, "Plan Rows": 289936, "Plan Width": 25, "Actual Min Startup Time": 2133.332, "Actual Max Startup Time": 2133.332, "Actual Min Total Time": 2467.037, "Actual Max Total Time": 2467.037, "Actual Total Rows": 767, "Inner Unique": true, "Hash Cond": "(mc.movie_id = t.id), (LLVM Optimized, Jit Execute)", "Plans": [{"Node Type": "Hash Join", "Parent Relationship": "Outer", "Join Type": "Inner", "Startup Cost": 1.05, "Total Cost": 58005.76, "Plan Rows": 209278, "Plan Width": 4, "Actual Min Startup Time": 792.833, "Actual Max Startup Time": 792.833, "Actual Min Total Time": 1125.904, "Actual Max Total Time": 1125.904, "Actual Total Rows": 798, "Inner Unique": true, "Hash Cond": "(mc.company_type_id = ct.id), (LLVM Optimized, Jit Execute)", "Plans": [{"Node Type": "Seq Scan", "Parent Relationship": "Outer", "Relation Name": "movie_companies", "Alias": "mc", "Startup Cost": 0.0, "Total Cost": 54862.92, "Plan Rows": 418557, "Plan Width": 8, "Actual Min Startup Time": 0.049, "Actual Max Startup Time": 0.049, "Actual Min Total Time": 1073.944, "Actual Max Total Time": 1073.944, "Actual Total Rows": 295628, "Filter": "(((note)::text !~~ '%(TV)%'::text) AND ((note)::text ~~ '%(USA)%'::text)), (LLVM Optimized, Jit Execute)", "Rows Removed by Filter": 2313500}, {"Node Type": "Hash", "Parent Relationship": "Inner", "Startup Cost": 1.04, "Total Cost": 1.04, "Plan Rows": 1, "Plan Width": 4, "Actual Min Startup Time": 0.029, "Actual Max Startup Time": 0.029, "Actual Min Total Time": 0.029, "Actual Max Total Time": 0.029, "Actual Total Rows": 1, "Max Hash Buckets": 32768, "Min Hash Buckets": 32768, "Max Hash Batches": 1, "Min Hash Batches": 1, "Max Original Hash Batches": 1, "Min Original Hash Batches": 1, "Max Peak Memory Usage": 1, "min Peak Memory Usage": 1, "Plans": [{"Node Type": "Seq Scan", "Parent Relationship": "Outer", "Relation Name": "company_type", "Alias": "ct", "Startup Cost": 0.0, "Total Cost": 1.04, "Plan Rows": 1, "Plan Width": 4, "Actual Min Startup Time": 0.023, "Actual Max Startup Time": 0.023, "Actual Min Total Time": 0.026, "Actual Max Total Time": 0.026, "Actual Total Rows": 1, "Filter": "((kind)::text = 'production companies'::text)", "Rows Removed by Filter": 2}]}]}, {"Node Type": "Hash", "Parent Relationship": "Inner", "Startup Cost": 100115.71, "Total Cost": 100115.71, "Plan Rows": 1748840, "Plan Width": 21, "Actual Min Startup Time": 1338.823, "Actual Max Startup Time": 1338.823, "Actual Min Total Time": 1338.823, "Actual Max Total Time": 1338.823, "Actual Total Rows": 1749032, "Max Hash Buckets": 2097152, "Min Hash Buckets": 2097152, "Max Hash Batches": 1, "Min Hash Batches": 1, "Max Original Hash Batches": 1, "Min Original Hash Batches": 1, "Max Peak Memory Usage": 93635, "min Peak Memory Usage": 93635, "Plans": [{"Node Type": "Streaming(type: LOCAL GATHER dop: 1/64)", "Parent Relationship": "Outer", "Startup Cost": 0.0, "Total Cost": 100115.71, "Plan Rows": 1748840, "Plan Width": 21, "Actual Min Startup Time": 31.174, "Actual Max Startup Time": 31.174, "Actual Min Total Time": 688.819, "Actual Max Total Time": 688.819, "Actual Total Rows": 1749032, "Plans": [{"Node Type": "Seq Scan", "Parent Relationship": "Outer", "Relation Name": "title", "Alias": "t", "Startup Cost": 0.0, "Total Cost": 64037.34, "Plan Rows": 1748840, "Plan Width": 21, "Actual Min Startup Time": 0.025, "Actual Max Startup Time": 0.045, "Actual Min Total Time": 14.76, "Actual Max Total Time": 18.88, "Actual Total Rows": 1749032, "Filter": "(production_year > 1990), (LLVM Optimized, Jit Execute)", "Rows Removed by Filter": 779279}]}]}]}]}]}, {"Node Type": "Hash", "Parent Relationship": "Inner", "Startup Cost": 2.12, "Total Cost": 2.12, "Plan Rows": 112, "Plan Width": 4, "Actual Min Startup Time": 0.108, "Actual Max Startup Time": 0.108, "Actual Min Total Time": 0.108, "Actual Max Total Time": 0.108, "Actual Total Rows": 112, "Max Hash Buckets": 32768, "Min Hash Buckets": 32768, "Max Hash Batches": 1, "Min Hash Batches": 1, "Max Original Hash Batches": 1, "Min Original Hash Batches": 1, "Max Peak Memory Usage": 4, "min Peak Memory Usage": 4, "Plans": [{"Node Type": "Index Only Scan", "Parent Relationship": "Outer", "Scan Direction": "Forward", "Index Name": "info_type_pkey", "Relation Name": "info_type", "Alias": "it", "Startup Cost": 0.0, "Total Cost": 2.12, "Plan Rows": 112, "Plan Width": 4, "Actual Min Startup Time": 0.027, "Actual Max Startup Time": 0.027, "Actual Min Total Time": 0.053, "Actual Max Total Time": 0.053, "Actual Total Rows": 112, "Heap Fetches": 0}]}]}]}, "Triggers": [], "Planner Runtime": 19.884, "Total Runtime": 2854.662, "Unique SQL Id": 322094867}}, "(64, 33)": {"explain_plan": {"Plan": {"Node Type": "Aggregate", "Strategy": "Plain", "Startup Cost": 467458.25, "Total Cost": 467458.26, "Plan Rows": 1, "Plan Width": 49, "Plans": [{"Node Type": "Hash Join", "Parent Relationship": "Outer", "Join Type": "Inner", "Startup Cost": 138313.1, "Total Cost": 466630.62, "Plan Rows": 331050, "Plan Width": 17, "Inner Unique": true, "Hash Cond": "(mi.info_type_id = it.id), (LLVM Optimized)", "Plans": [{"Node Type": "Nested Loop", "Parent Relationship": "Outer", "Join Type": "Inner", "Startup Cost": 138301.77, "Total Cost": 462249.43, "Plan Rows": 331050, "Plan Width": 21, "Inner Unique": false, "Plans": [{"Node Type": "Hash Join", "Parent Relationship": "Outer", "Join Type": "Inner", "Startup Cost": 138301.77, "Total Cost": 203731.36, "Plan Rows": 289936, "Plan Width": 25, "Inner Unique": true, "Hash Cond": "(mc.movie_id = t.id), (LLVM Optimized)", "Plans": [{"Node Type": "Nested Loop", "Parent Relationship": "Outer", "Join Type": "Inner", "Startup Cost": 0.0, "Total Cost": 61745.44, "Plan Rows": 209278, "Plan Width": 4, "Inner Unique": false, "Plans": [{"Node Type": "Index Scan", "Parent Relationship": "Outer", "Scan Direction": "Forward", "Index Name": "company_type_pkey", "Relation Name": "company_type", "Alias": "ct", "Startup Cost": 0.0, "Total Cost": 12.3, "Plan Rows": 1, "Plan Width": 4, "Filter": "((kind)::text = 'production companies'::text)"}, {"Node Type": "Index Scan", "Parent Relationship": "Inner", "Scan Direction": "Forward", "Index Name": "company_type_id_movie_companies", "Relation Name": "movie_companies", "Alias": "mc", "Startup Cost": 0.0, "Total Cost": 59640.35, "Plan Rows": 209279, "Plan Width": 8, "Index Cond": "(company_type_id = ct.id), (LLVM Optimized)", "Filter": "(((note)::text !~~ '%(TV)%'::text) AND ((note)::text ~~ '%(USA)%'::text)), (LLVM Optimized)"}]}, {"Node Type": "Hash", "Parent Relationship": "Inner", "Startup Cost": 116441.27, "Total Cost": 116441.27, "Plan Rows": 1748840, "Plan Width": 21, "Plans": [{"Node Type": "Index Scan", "Parent Relationship": "Outer", "Scan Direction": "Forward", "Index Name": "title_pkey", "Relation Name": "title", "Alias": "t", "Startup Cost": 0.0, "Total Cost": 116441.27, "Plan Rows": 1748840, "Plan Width": 21, "Filter": "(production_year > 1990), (LLVM Optimized)"}]}]}, {"Node Type": "Index Scan", "Parent Relationship": "Inner", "Scan Direction": "Forward", "Index Name": "movie_id_movie_info", "Relation Name": "movie_info", "Alias": "mi", "Startup Cost": 0.0, "Total Cost": 0.88, "Plan Rows": 1, "Plan Width": 8, "Index Cond": "(movie_id = t.id)", "Filter": "((info)::text = ANY ('{Sweden,Norway,Germany,Denmark,Swedish,Denish,Norwegian,German,USA,American}'::text[]))"}]}, {"Node Type": "Hash", "Parent Relationship": "Inner", "Startup Cost": 9.93, "Total Cost": 9.93, "Plan Rows": 112, "Plan Width": 4, "Plans": [{"Node Type": "Index Only Scan", "Parent Relationship": "Outer", "Scan Direction": "Forward", "Index Name": "info_type_pkey", "Relation Name": "info_type", "Alias": "it", "Startup Cost": 0.0, "Total Cost": 9.93, "Plan Rows": 112, "Plan Width": 4}]}]}]}, "Unique SQL Id": 322094867}, "explain_analyze_plan": {"Plan": {"Node Type": "Aggregate", "Strategy": "Plain", "Startup Cost": 467458.25, "Total Cost": 467458.26, "Plan Rows": 1, "Plan Width": 49, "Actual Startup Time": 4883.833, "Actual Total Time": 4883.833, "Actual Rows": 1, "Actual Loops": 1, "Plans": [{"Node Type": "Hash Join", "Parent Relationship": "Outer", "Join Type": "Inner", "Startup Cost": 138313.1, "Total Cost": 466630.62, "Plan Rows": 331050, "Plan Width": 17, "Actual Startup Time": 4171.512, "Actual Total Time": 4883.36, "Actual Rows": 669, "Actual Loops": 1, "Inner Unique": true, "Hash Cond": "(mi.info_type_id = it.id), (LLVM Optimized, Jit Execute)", "Plans": [{"Node Type": "Nested Loop", "Parent Relationship": "Outer", "Join Type": "Inner", "Startup Cost": 138301.77, "Total Cost": 462249.43, "Plan Rows": 331050, "Plan Width": 21, "Actual Startup Time": 4171.253, "Actual Total Time": 4882.654, "Actual Rows": 669, "Actual Loops": 1, "Inner Unique": false, "Plans": [{"Node Type": "Hash Join", "Parent Relationship": "Outer", "Join Type": "Inner", "Startup Cost": 138301.77, "Total Cost": 203731.36, "Plan Rows": 289936, "Plan Width": 25, "Actual Startup Time": 4171.199, "Actual Total Time": 4855.08, "Actual Rows": 767, "Actual Loops": 1, "Inner Unique": true, "Hash Cond": "(mc.movie_id = t.id), (LLVM Optimized, Jit Execute)", "Plans": [{"Node Type": "Nested Loop", "Parent Relationship": "Outer", "Join Type": "Inner", "Startup Cost": 0.0, "Total Cost": 61745.44, "Plan Rows": 209278, "Plan Width": 4, "Actual Startup Time": 9.63, "Actual Total Time": 692.789, "Actual Rows": 798, "Actual Loops": 1, "Inner Unique": false, "Plans": [{"Node Type": "Index Scan", "Parent Relationship": "Outer", "Scan Direction": "Forward", "Index Name": "company_type_pkey", "Relation Name": "company_type", "Alias": "ct", "Startup Cost": 0.0, "Total Cost": 12.3, "Plan Rows": 1, "Plan Width": 4, "Actual Startup Time": 0.034, "Actual Total Time": 0.044, "Actual Rows": 1, "Actual Loops": 1, "Filter": "((kind)::text = 'production companies'::text)", "Rows Removed by Filter": 2}, {"Node Type": "Index Scan", "Parent Relationship": "Inner", "Scan Direction": "Forward", "Index Name": "company_type_id_movie_companies", "Relation Name": "movie_companies", "Alias": "mc", "Startup Cost": 0.0, "Total Cost": 59640.35, "Plan Rows": 209279, "Plan Width": 8, "Actual Startup Time": 9.586, "Actual Total Time": 692.504, "Actual Rows": 798, "Actual Loops": 1, "Index Cond": "(company_type_id = ct.id), (LLVM Optimized, Jit Execute)", "Rows Removed by Index Recheck": 0, "Filter": "(((note)::text !~~ '%(TV)%'::text) AND ((note)::text ~~ '%(USA)%'::text)), (LLVM Optimized, Jit Execute)", "Rows Removed by Filter": 1334085}]}, {"Node Type": "Hash", "Parent Relationship": "Inner", "Startup Cost": 116441.27, "Total Cost": 116441.27, "Plan Rows": 1748840, "Plan Width": 21, "Actual Startup Time": 4160.051, "Actual Total Time": 4160.051, "Actual Rows": 1749032, "Actual Loops": 1, "Hash Buckets": 2097152, "Hash Batches": 1, "Original Hash Batches": 1, "Peak Memory Usage": 93635, "Plans": [{"Node Type": "Index Scan", "Parent Relationship": "Outer", "Scan Direction": "Forward", "Index Name": "title_pkey", "Relation Name": "title", "Alias": "t", "Startup Cost": 0.0, "Total Cost": 116441.27, "Plan Rows": 1748840, "Plan Width": 21, "Actual Startup Time": 0.054, "Actual Total Time": 3336.652, "Actual Rows": 1749032, "Actual Loops": 1, "Filter": "(production_year > 1990), (LLVM Optimized, Jit Execute)", "Rows Removed by Filter": 779279}]}]}, {"Node Type": "Index Scan", "Parent Relationship": "Inner", "Scan Direction": "Forward", "Index Name": "movie_id_movie_info", "Relation Name": "movie_info", "Alias": "mi", "Startup Cost": 0.0, "Total Cost": 0.88, "Plan Rows": 1, "Plan Width": 8, "Actual Startup Time": 21.027, "Actual Total Time": 23.865, "Actual Rows": 669, "Actual Loops": 767, "Index Cond": "(movie_id = t.id)", "Rows Removed by Index Recheck": 0, "Filter": "((info)::text = ANY ('{Sweden,Norway,Germany,Denmark,Swedish,Denish,Norwegian,German,USA,American}'::text[]))", "Rows Removed by Filter": 7721}]}, {"Node Type": "Hash", "Parent Relationship": "Inner", "Startup Cost": 9.93, "Total Cost": 9.93, "Plan Rows": 112, "Plan Width": 4, "Actual Startup Time": 0.097, "Actual Total Time": 0.097, "Actual Rows": 112, "Actual Loops": 1, "Hash Buckets": 32768, "Hash Batches": 1, "Original Hash Batches": 1, "Peak Memory Usage": 4, "Plans": [{"Node Type": "Index Only Scan", "Parent Relationship": "Outer", "Scan Direction": "Forward", "Index Name": "info_type_pkey", "Relation Name": "info_type", "Alias": "it", "Startup Cost": 0.0, "Total Cost": 9.93, "Plan Rows": 112, "Plan Width": 4, "Actual Startup Time": 0.026, "Actual Total Time": 0.05, "Actual Rows": 112, "Actual Loops": 1, "Heap Fetches": 0}]}]}]}, "Triggers": [], "Planner Runtime": 7.582, "Total Runtime": 4894.178, "Unique SQL Id": 322094867}}, "(64, 34)": {"explain_plan": {"Plan": {"Node Type": "Aggregate", "Strategy": "Plain", "Startup Cost": 282595.42, "Total Cost": 282595.43, "Plan Rows": 1, "Plan Width": 49, "Plans": [{"Node Type": "Hash Join", "Parent Relationship": "Outer", "Join Type": "Inner", "Startup Cost": 187293.84, "Total Cost": 281767.79, "Plan Rows": 331050, "Plan Width": 17, "Inner Unique": true, "Hash Cond": "(mi.info_type_id = it.id), (LLVM Optimized)", "Plans": [{"Node Type": "Hash Join", "Parent Relationship": "Outer", "Join Type": "Inner", "Startup Cost": 187290.32, "Total Cost": 277212.34, "Plan Rows": 331050, "Plan Width": 21, "Inner Unique": false, "Hash Cond": "(mi.movie_id = t.id), (LLVM Optimized)", "Plans": [{"Node Type": "Streaming(type: LOCAL GATHER dop: 1/64)", "Parent Relationship": "Outer", "Startup Cost": 0.0, "Total Cost": 85529.75, "Plan Rows": 726375, "Plan Width": 8, "Plans": [{"Node Type": "Seq Scan", "Parent Relationship": "Outer", "Relation Name": "movie_info", "Alias": "mi", "Startup Cost": 0.0, "Total Cost": 70544.72, "Plan Rows": 726375, "Plan Width": 8, "Filter": "((info)::text = ANY ('{Sweden,Norway,Germany,Denmark,Swedish,Denish,Norwegian,German,USA,American}'::text[]))"}]}, {"Node Type": "Hash", "Parent Relationship": "Inner", "Startup Cost": 183666.12, "Total Cost": 183666.12, "Plan Rows": 289936, "Plan Width": 25, "Plans": [{"Node Type": "Hash Join", "Parent Relationship": "Outer", "Join Type": "Inner", "Startup Cost": 121977.26, "Total Cost": 183666.12, "Plan Rows": 289936, "Plan Width": 25, "Inner Unique": true, "Hash Cond": "(mc.movie_id = t.id), (LLVM Optimized)", "Plans": [{"Node Type": "Hash Join", "Parent Relationship": "Outer", "Join Type": "Inner", "Startup Cost": 1.05, "Total Cost": 58005.76, "Plan Rows": 209278, "Plan Width": 4, "Inner Unique": true, "Hash Cond": "(mc.company_type_id = ct.id), (LLVM Optimized)", "Plans": [{"Node Type": "Seq Scan", "Parent Relationship": "Outer", "Relation Name": "movie_companies", "Alias": "mc", "Startup Cost": 0.0, "Total Cost": 54862.92, "Plan Rows": 418557, "Plan Width": 8, "Filter": "(((note)::text !~~ '%(TV)%'::text) AND ((note)::text ~~ '%(USA)%'::text)), (LLVM Optimized)"}, {"Node Type": "Hash", "Parent Relationship": "Inner", "Startup Cost": 1.04, "Total Cost": 1.04, "Plan Rows": 1, "Plan Width": 4, "Plans": [{"Node Type": "Seq Scan", "Parent Relationship": "Outer", "Relation Name": "company_type", "Alias": "ct", "Startup Cost": 0.0, "Total Cost": 1.04, "Plan Rows": 1, "Plan Width": 4, "Filter": "((kind)::text = 'production companies'::text)"}]}]}, {"Node Type": "Hash", "Parent Relationship": "Inner", "Startup Cost": 100115.71, "Total Cost": 100115.71, "Plan Rows": 1748840, "Plan Width": 21, "Plans": [{"Node Type": "Streaming(type: LOCAL GATHER dop: 1/64)", "Parent Relationship": "Outer", "Startup Cost": 0.0, "Total Cost": 100115.71, "Plan Rows": 1748840, "Plan Width": 21, "Plans": [{"Node Type": "Seq Scan", "Parent Relationship": "Outer", "Relation Name": "title", "Alias": "t", "Startup Cost": 0.0, "Total Cost": 64037.34, "Plan Rows": 1748840, "Plan Width": 21, "Filter": "(production_year > 1990), (LLVM Optimized)"}]}]}]}]}]}, {"Node Type": "Hash", "Parent Relationship": "Inner", "Startup Cost": 2.12, "Total Cost": 2.12, "Plan Rows": 112, "Plan Width": 4, "Plans": [{"Node Type": "Seq Scan", "Parent Relationship": "Outer", "Relation Name": "info_type", "Alias": "it", "Startup Cost": 0.0, "Total Cost": 2.12, "Plan Rows": 112, "Plan Width": 4}]}]}]}, "Unique SQL Id": 322094867}, "explain_analyze_plan": {"Plan": {"Node Type": "Aggregate", "Strategy": "Plain", "Startup Cost": 282595.42, "Total Cost": 282595.43, "Plan Rows": 1, "Plan Width": 49, "Actual Min Startup Time": 2863.059, "Actual Max Startup Time": 2863.059, "Actual Min Total Time": 2863.059, "Actual Max Total Time": 2863.059, "Actual Total Rows": 1, "Plans": [{"Node Type": "Hash Join", "Parent Relationship": "Outer", "Join Type": "Inner", "Startup Cost": 187293.84, "Total Cost": 281767.79, "Plan Rows": 331050, "Plan Width": 17, "Actual Min Startup Time": 2501.901, "Actual Max Startup Time": 2501.901, "Actual Min Total Time": 2862.568, "Actual Max Total Time": 2862.568, "Actual Total Rows": 669, "Inner Unique": true, "Hash Cond": "(mi.info_type_id = it.id), (LLVM Optimized, Jit Execute)", "Plans": [{"Node Type": "Hash Join", "Parent Relationship": "Outer", "Join Type": "Inner", "Startup Cost": 187290.32, "Total Cost": 277212.34, "Plan Rows": 331050, "Plan Width": 21, "Actual Min Startup Time": 2501.69, "Actual Max Startup Time": 2501.69, "Actual Min Total Time": 2861.865, "Actual Max Total Time": 2861.865, "Actual Total Rows": 669, "Inner Unique": false, "Hash Cond": "(mi.movie_id = t.id), (LLVM Optimized, Jit Execute)", "Plans": [{"Node Type": "Streaming(type: LOCAL GATHER dop: 1/64)", "Parent Relationship": "Outer", "Startup Cost": 0.0, "Total Cost": 85529.75, "Plan Rows": 726375, "Plan Width": 8, "Actual Min Startup Time": 0.158, "Actual Max Startup Time": 0.158, "Actual Min Total Time": 218.045, "Actual Max Total Time": 218.045, "Actual Total Rows": 706674, "Plans": [{"Node Type": "Seq Scan", "Parent Relationship": "Outer", "Relation Name": "movie_info", "Alias": "mi", "Startup Cost": 0.0, "Total Cost": 70544.72, "Plan Rows": 726375, "Plan Width": 8, "Actual Min Startup Time": 0.04, "Actual Max Startup Time": 3.309, "Actual Min Total Time": 121.222, "Actual Max Total Time": 141.902, "Actual Total Rows": 706674, "Filter": "((info)::text = ANY ('{Sweden,Norway,Germany,Denmark,Swedish,Denish,Norwegian,German,USA,American}'::text[]))", "Rows Removed by Filter": 14129045}]}, {"Node Type": "Hash", "Parent Relationship": "Inner", "Startup Cost": 183666.12, "Total Cost": 183666.12, "Plan Rows": 289936, "Plan Width": 25, "Actual Min Startup Time": 2495.521, "Actual Max Startup Time": 2495.521, "Actual Min Total Time": 2495.521, "Actual Max Total Time": 2495.521, "Actual Total Rows": 767, "Max Hash Buckets": 524288, "Min Hash Buckets": 524288, "Max Hash Batches": 1, "Min Hash Batches": 1, "Max Original Hash Batches": 1, "Min Original Hash Batches": 1, "Max Peak Memory Usage": 45, "min Peak Memory Usage": 45, "Plans": [{"Node Type": "Hash Join", "Parent Relationship": "Outer", "Join Type": "Inner", "Startup Cost": 121977.26, "Total Cost": 183666.12, "Plan Rows": 289936, "Plan Width": 25, "Actual Min Startup Time": 2159.015, "Actual Max Startup Time": 2159.015, "Actual Min Total Time": 2495.106, "Actual Max Total Time": 2495.106, "Actual Total Rows": 767, "Inner Unique": true, "Hash Cond": "(mc.movie_id = t.id), (LLVM Optimized, Jit Execute)", "Plans": [{"Node Type": "Hash Join", "Parent Relationship": "Outer", "Join Type": "Inner", "Startup Cost": 1.05, "Total Cost": 58005.76, "Plan Rows": 209278, "Plan Width": 4, "Actual Min Startup Time": 793.946, "Actual Max Startup Time": 793.946, "Actual Min Total Time": 1129.362, "Actual Max Total Time": 1129.362, "Actual Total Rows": 798, "Inner Unique": true, "Hash Cond": "(mc.company_type_id = ct.id), (LLVM Optimized, Jit Execute)", "Plans": [{"Node Type": "Seq Scan", "Parent Relationship": "Outer", "Relation Name": "movie_companies", "Alias": "mc", "Startup Cost": 0.0, "Total Cost": 54862.92, "Plan Rows": 418557, "Plan Width": 8, "Actual Min Startup Time": 0.053, "Actual Max Startup Time": 0.053, "Actual Min Total Time": 1077.451, "Actual Max Total Time": 1077.451, "Actual Total Rows": 295628, "Filter": "(((note)::text !~~ '%(TV)%'::text) AND ((note)::text ~~ '%(USA)%'::text)), (LLVM Optimized, Jit Execute)", "Rows Removed by Filter": 2313500}, {"Node Type": "Hash", "Parent Relationship": "Inner", "Startup Cost": 1.04, "Total Cost": 1.04, "Plan Rows": 1, "Plan Width": 4, "Actual Min Startup Time": 0.032, "Actual Max Startup Time": 0.032, "Actual Min Total Time": 0.032, "Actual Max Total Time": 0.032, "Actual Total Rows": 1, "Max Hash Buckets": 32768, "Min Hash Buckets": 32768, "Max Hash Batches": 1, "Min Hash Batches": 1, "Max Original Hash Batches": 1, "Min Original Hash Batches": 1, "Max Peak Memory Usage": 1, "min Peak Memory Usage": 1, "Plans": [{"Node Type": "Seq Scan", "Parent Relationship": "Outer", "Relation Name": "company_type", "Alias": "ct", "Startup Cost": 0.0, "Total Cost": 1.04, "Plan Rows": 1, "Plan Width": 4, "Actual Min Startup Time": 0.024, "Actual Max Startup Time": 0.024, "Actual Min Total Time": 0.027, "Actual Max Total Time": 0.027, "Actual Total Rows": 1, "Filter": "((kind)::text = 'production companies'::text)", "Rows Removed by Filter": 2}]}]}, {"Node Type": "Hash", "Parent Relationship": "Inner", "Startup Cost": 100115.71, "Total Cost": 100115.71, "Plan Rows": 1748840, "Plan Width": 21, "Actual Min Startup Time": 1363.436, "Actual Max Startup Time": 1363.436, "Actual Min Total Time": 1363.436, "Actual Max Total Time": 1363.436, "Actual Total Rows": 1749032, "Max Hash Buckets": 2097152, "Min Hash Buckets": 2097152, "Max Hash Batches": 1, "Min Hash Batches": 1, "Max Original Hash Batches": 1, "Min Original Hash Batches": 1, "Max Peak Memory Usage": 93635, "min Peak Memory Usage": 93635, "Plans": [{"Node Type": "Streaming(type: LOCAL GATHER dop: 1/64)", "Parent Relationship": "Outer", "Startup Cost": 0.0, "Total Cost": 100115.71, "Plan Rows": 1748840, "Plan Width": 21, "Actual Min Startup Time": 111.075, "Actual Max Startup Time": 111.075, "Actual Min Total Time": 745.821, "Actual Max Total Time": 745.821, "Actual Total Rows": 1749032, "Plans": [{"Node Type": "Seq Scan", "Parent Relationship": "Outer", "Relation Name": "title", "Alias": "t", "Startup Cost": 0.0, "Total Cost": 64037.34, "Plan Rows": 1748840, "Plan Width": 21, "Actual Min Startup Time": 0.025, "Actual Max Startup Time": 0.049, "Actual Min Total Time": 15.077, "Actual Max Total Time": 19.374, "Actual Total Rows": 1749032, "Filter": "(production_year > 1990), (LLVM Optimized, Jit Execute)", "Rows Removed by Filter": 779279}]}]}]}]}]}, {"Node Type": "Hash", "Parent Relationship": "Inner", "Startup Cost": 2.12, "Total Cost": 2.12, "Plan Rows": 112, "Plan Width": 4, "Actual Min Startup Time": 0.133, "Actual Max Startup Time": 0.133, "Actual Min Total Time": 0.133, "Actual Max Total Time": 0.133, "Actual Total Rows": 112, "Max Hash Buckets": 32768, "Min Hash Buckets": 32768, "Max Hash Batches": 1, "Min Hash Batches": 1, "Max Original Hash Batches": 1, "Min Original Hash Batches": 1, "Max Peak Memory Usage": 4, "min Peak Memory Usage": 4, "Plans": [{"Node Type": "Seq Scan", "Parent Relationship": "Outer", "Relation Name": "info_type", "Alias": "it", "Startup Cost": 0.0, "Total Cost": 2.12, "Plan Rows": 112, "Plan Width": 4, "Actual Min Startup Time": 0.056, "Actual Max Startup Time": 0.056, "Actual Min Total Time": 0.079, "Actual Max Total Time": 0.079, "Actual Total Rows": 112}]}]}]}, "Triggers": [], "Planner Runtime": 19.742, "Total Runtime": 2897.891, "Unique SQL Id": 322094867}}, "(64, 35)": {"explain_plan": {"Plan": {"Node Type": "Aggregate", "Strategy": "Plain", "Startup Cost": 1009784.61, "Total Cost": 1009784.62, "Plan Rows": 1, "Plan Width": 49, "Plans": [{"Node Type": "Hash Join", "Parent Relationship": "Outer", "Join Type": "Inner", "Startup Cost": 517150.55, "Total Cost": 1008956.99, "Plan Rows": 331050, "Plan Width": 17, "Inner Unique": true, "Hash Cond": "(mi.info_type_id = it.id), (LLVM Optimized)", "Plans": [{"Node Type": "Hash Join", "Parent Relationship": "Outer", "Join Type": "Inner", "Startup Cost": 517135.19, "Total Cost": 1004389.69, "Plan Rows": 331050, "Plan Width": 21, "Inner Unique": false, "Hash Cond": "(mi.movie_id = t.id), (LLVM Optimized)", "Plans": [{"Node Type": "Bitmap Heap Scan", "Parent Relationship": "Outer", "Relation Name": "movie_info", "Alias": "mi", "Startup Cost": 301827.67, "Total Cost": 784689.91, "Plan Rows": 726375, "Plan Width": 8, "Filter": "((info)::text = ANY ('{Sweden,Norway,Germany,Denmark,Swedish,Denish,Norwegian,German,USA,American}'::text[]))", "Plans": [{"Node Type": "Bitmap Index Scan", "Parent Relationship": "Outer", "Index Name": "movie_id_movie_info", "Startup Cost": 0.0, "Total Cost": 301646.08, "Plan Rows": 14869966, "Plan Width": 0}]}, {"Node Type": "Hash", "Parent Relationship": "Inner", "Startup Cost": 211683.32, "Total Cost": 211683.32, "Plan Rows": 289936, "Plan Width": 25, "Plans": [{"Node Type": "Hash Join", "Parent Relationship": "Outer", "Join Type": "Inner", "Startup Cost": 167346.47, "Total Cost": 211683.32, "Plan Rows": 289936, "Plan Width": 25, "Inner Unique": true, "Hash Cond": "(mc.movie_id = t.id), (LLVM Optimized)", "Plans": [{"Node Type": "Nested Loop", "Parent Relationship": "Outer", "Join Type": "Inner", "Startup Cost": 29005.06, "Total Cost": 69657.76, "Plan Rows": 209278, "Plan Width": 4, "Inner Unique": false, "Plans": [{"Node Type": "Bitmap Heap Scan", "Parent Relationship": "Outer", "Relation Name": "company_type", "Alias": "ct", "Startup Cost": 8.27, "Total Cost": 12.3, "Plan Rows": 1, "Plan Width": 4, "Filter": "((kind)::text = 'production companies'::text)", "Plans": [{"Node Type": "Bitmap Index Scan", "Parent Relationship": "Outer", "Index Name": "company_type_pkey", "Startup Cost": 0.0, "Total Cost": 8.27, "Plan Rows": 3, "Plan Width": 0}]}, {"Node Type": "Bitmap Heap Scan", "Parent Relationship": "Inner", "Relation Name": "movie_companies", "Alias": "mc", "Startup Cost": 28996.8, "Total Cost": 67552.67, "Plan Rows": 209279, "Plan Width": 8, "Recheck Cond": "(company_type_id = ct.id), (LLVM Optimized)", "Filter": "(((note)::text !~~ '%(TV)%'::text) AND ((note)::text ~~ '%(USA)%'::text)), (LLVM Optimized)", "Plans": [{"Node Type": "Bitmap Index Scan", "Parent Relationship": "Outer", "Index Name": "company_type_id_movie_companies", "Startup Cost": 0.0, "Total Cost": 28944.48, "Plan Rows": 1304564, "Plan Width": 0, "Index Cond": "(company_type_id = ct.id)"}]}]}, {"Node Type": "Hash", "Parent Relationship": "Inner", "Startup Cost": 116480.9, "Total Cost": 116480.9, "Plan Rows": 1748840, "Plan Width": 21, "Plans": [{"Node Type": "Bitmap Heap Scan", "Parent Relationship": "Outer", "Relation Name": "title", "Alias": "t", "Startup Cost": 50091.01, "Total Cost": 116480.9, "Plan Rows": 1748840, "Plan Width": 21, "Filter": "(production_year > 1990), (LLVM Optimized)", "Plans": [{"Node Type": "Bitmap Index Scan", "Parent Relationship": "Outer", "Index Name": "title_pkey", "Startup Cost": 0.0, "Total Cost": 49653.81, "Plan Rows": 2528311, "Plan Width": 0}]}]}]}]}]}, {"Node Type": "Hash", "Parent Relationship": "Inner", "Startup Cost": 13.96, "Total Cost": 13.96, "Plan Rows": 112, "Plan Width": 4, "Plans": [{"Node Type": "Bitmap Heap Scan", "Parent Relationship": "Outer", "Relation Name": "info_type", "Alias": "it", "Startup Cost": 8.84, "Total Cost": 13.96, "Plan Rows": 112, "Plan Width": 4, "Plans": [{"Node Type": "Bitmap Index Scan", "Parent Relationship": "Outer", "Index Name": "info_type_pkey", "Startup Cost": 0.0, "Total Cost": 8.81, "Plan Rows": 112, "Plan Width": 0}]}]}]}]}, "Unique SQL Id": 322094867}, "explain_analyze_plan": null}, "(64, 36)": {"explain_plan": {"Plan": {"Node Type": "Aggregate", "Strategy": "Plain", "Startup Cost": 282595.42, "Total Cost": 282595.43, "Plan Rows": 1, "Plan Width": 49, "Plans": [{"Node Type": "Hash Join", "Parent Relationship": "Outer", "Join Type": "Inner", "Startup Cost": 187293.84, "Total Cost": 281767.79, "Plan Rows": 331050, "Plan Width": 17, "Inner Unique": true, "Hash Cond": "(mi.info_type_id = it.id), (LLVM Optimized)", "Plans": [{"Node Type": "Hash Join", "Parent Relationship": "Outer", "Join Type": "Inner", "Startup Cost": 187290.32, "Total Cost": 277212.34, "Plan Rows": 331050, "Plan Width": 21, "Inner Unique": false, "Hash Cond": "(mi.movie_id = t.id), (LLVM Optimized)", "Plans": [{"Node Type": "Streaming(type: LOCAL GATHER dop: 1/64)", "Parent Relationship": "Outer", "Startup Cost": 0.0, "Total Cost": 85529.75, "Plan Rows": 726375, "Plan Width": 8, "Plans": [{"Node Type": "Seq Scan", "Parent Relationship": "Outer", "Relation Name": "movie_info", "Alias": "mi", "Startup Cost": 0.0, "Total Cost": 70544.72, "Plan Rows": 726375, "Plan Width": 8, "Filter": "((info)::text = ANY ('{Sweden,Norway,Germany,Denmark,Swedish,Denish,Norwegian,German,USA,American}'::text[]))"}]}, {"Node Type": "Hash", "Parent Relationship": "Inner", "Startup Cost": 183666.12, "Total Cost": 183666.12, "Plan Rows": 289936, "Plan Width": 25, "Plans": [{"Node Type": "Hash Join", "Parent Relationship": "Outer", "Join Type": "Inner", "Startup Cost": 121977.26, "Total Cost": 183666.12, "Plan Rows": 289936, "Plan Width": 25, "Inner Unique": true, "Hash Cond": "(mc.movie_id = t.id), (LLVM Optimized)", "Plans": [{"Node Type": "Hash Join", "Parent Relationship": "Outer", "Join Type": "Inner", "Startup Cost": 1.05, "Total Cost": 58005.76, "Plan Rows": 209278, "Plan Width": 4, "Inner Unique": true, "Hash Cond": "(mc.company_type_id = ct.id), (LLVM Optimized)", "Plans": [{"Node Type": "Seq Scan", "Parent Relationship": "Outer", "Relation Name": "movie_companies", "Alias": "mc", "Startup Cost": 0.0, "Total Cost": 54862.92, "Plan Rows": 418557, "Plan Width": 8, "Filter": "(((note)::text !~~ '%(TV)%'::text) AND ((note)::text ~~ '%(USA)%'::text)), (LLVM Optimized)"}, {"Node Type": "Hash", "Parent Relationship": "Inner", "Startup Cost": 1.04, "Total Cost": 1.04, "Plan Rows": 1, "Plan Width": 4, "Plans": [{"Node Type": "Seq Scan", "Parent Relationship": "Outer", "Relation Name": "company_type", "Alias": "ct", "Startup Cost": 0.0, "Total Cost": 1.04, "Plan Rows": 1, "Plan Width": 4, "Filter": "((kind)::text = 'production companies'::text)"}]}]}, {"Node Type": "Hash", "Parent Relationship": "Inner", "Startup Cost": 100115.71, "Total Cost": 100115.71, "Plan Rows": 1748840, "Plan Width": 21, "Plans": [{"Node Type": "Streaming(type: LOCAL GATHER dop: 1/64)", "Parent Relationship": "Outer", "Startup Cost": 0.0, "Total Cost": 100115.71, "Plan Rows": 1748840, "Plan Width": 21, "Plans": [{"Node Type": "Seq Scan", "Parent Relationship": "Outer", "Relation Name": "title", "Alias": "t", "Startup Cost": 0.0, "Total Cost": 64037.34, "Plan Rows": 1748840, "Plan Width": 21, "Filter": "(production_year > 1990), (LLVM Optimized)"}]}]}]}]}]}, {"Node Type": "Hash", "Parent Relationship": "Inner", "Startup Cost": 2.12, "Total Cost": 2.12, "Plan Rows": 112, "Plan Width": 4, "Plans": [{"Node Type": "Seq Scan", "Parent Relationship": "Outer", "Relation Name": "info_type", "Alias": "it", "Startup Cost": 0.0, "Total Cost": 2.12, "Plan Rows": 112, "Plan Width": 4}]}]}]}, "Unique SQL Id": 322094867}, "explain_analyze_plan": {"Plan": {"Node Type": "Aggregate", "Strategy": "Plain", "Startup Cost": 282595.42, "Total Cost": 282595.43, "Plan Rows": 1, "Plan Width": 49, "Actual Min Startup Time": 2863.059, "Actual Max Startup Time": 2863.059, "Actual Min Total Time": 2863.059, "Actual Max Total Time": 2863.059, "Actual Total Rows": 1, "Plans": [{"Node Type": "Hash Join", "Parent Relationship": "Outer", "Join Type": "Inner", "Startup Cost": 187293.84, "Total Cost": 281767.79, "Plan Rows": 331050, "Plan Width": 17, "Actual Min Startup Time": 2501.901, "Actual Max Startup Time": 2501.901, "Actual Min Total Time": 2862.568, "Actual Max Total Time": 2862.568, "Actual Total Rows": 669, "Inner Unique": true, "Hash Cond": "(mi.info_type_id = it.id), (LLVM Optimized, Jit Execute)", "Plans": [{"Node Type": "Hash Join", "Parent Relationship": "Outer", "Join Type": "Inner", "Startup Cost": 187290.32, "Total Cost": 277212.34, "Plan Rows": 331050, "Plan Width": 21, "Actual Min Startup Time": 2501.69, "Actual Max Startup Time": 2501.69, "Actual Min Total Time": 2861.865, "Actual Max Total Time": 2861.865, "Actual Total Rows": 669, "Inner Unique": false, "Hash Cond": "(mi.movie_id = t.id), (LLVM Optimized, Jit Execute)", "Plans": [{"Node Type": "Streaming(type: LOCAL GATHER dop: 1/64)", "Parent Relationship": "Outer", "Startup Cost": 0.0, "Total Cost": 85529.75, "Plan Rows": 726375, "Plan Width": 8, "Actual Min Startup Time": 0.158, "Actual Max Startup Time": 0.158, "Actual Min Total Time": 218.045, "Actual Max Total Time": 218.045, "Actual Total Rows": 706674, "Plans": [{"Node Type": "Seq Scan", "Parent Relationship": "Outer", "Relation Name": "movie_info", "Alias": "mi", "Startup Cost": 0.0, "Total Cost": 70544.72, "Plan Rows": 726375, "Plan Width": 8, "Actual Min Startup Time": 0.04, "Actual Max Startup Time": 3.309, "Actual Min Total Time": 121.222, "Actual Max Total Time": 141.902, "Actual Total Rows": 706674, "Filter": "((info)::text = ANY ('{Sweden,Norway,Germany,Denmark,Swedish,Denish,Norwegian,German,USA,American}'::text[]))", "Rows Removed by Filter": 14129045}]}, {"Node Type": "Hash", "Parent Relationship": "Inner", "Startup Cost": 183666.12, "Total Cost": 183666.12, "Plan Rows": 289936, "Plan Width": 25, "Actual Min Startup Time": 2495.521, "Actual Max Startup Time": 2495.521, "Actual Min Total Time": 2495.521, "Actual Max Total Time": 2495.521, "Actual Total Rows": 767, "Max Hash Buckets": 524288, "Min Hash Buckets": 524288, "Max Hash Batches": 1, "Min Hash Batches": 1, "Max Original Hash Batches": 1, "Min Original Hash Batches": 1, "Max Peak Memory Usage": 45, "min Peak Memory Usage": 45, "Plans": [{"Node Type": "Hash Join", "Parent Relationship": "Outer", "Join Type": "Inner", "Startup Cost": 121977.26, "Total Cost": 183666.12, "Plan Rows": 289936, "Plan Width": 25, "Actual Min Startup Time": 2159.015, "Actual Max Startup Time": 2159.015, "Actual Min Total Time": 2495.106, "Actual Max Total Time": 2495.106, "Actual Total Rows": 767, "Inner Unique": true, "Hash Cond": "(mc.movie_id = t.id), (LLVM Optimized, Jit Execute)", "Plans": [{"Node Type": "Hash Join", "Parent Relationship": "Outer", "Join Type": "Inner", "Startup Cost": 1.05, "Total Cost": 58005.76, "Plan Rows": 209278, "Plan Width": 4, "Actual Min Startup Time": 793.946, "Actual Max Startup Time": 793.946, "Actual Min Total Time": 1129.362, "Actual Max Total Time": 1129.362, "Actual Total Rows": 798, "Inner Unique": true, "Hash Cond": "(mc.company_type_id = ct.id), (LLVM Optimized, Jit Execute)", "Plans": [{"Node Type": "Seq Scan", "Parent Relationship": "Outer", "Relation Name": "movie_companies", "Alias": "mc", "Startup Cost": 0.0, "Total Cost": 54862.92, "Plan Rows": 418557, "Plan Width": 8, "Actual Min Startup Time": 0.053, "Actual Max Startup Time": 0.053, "Actual Min Total Time": 1077.451, "Actual Max Total Time": 1077.451, "Actual Total Rows": 295628, "Filter": "(((note)::text !~~ '%(TV)%'::text) AND ((note)::text ~~ '%(USA)%'::text)), (LLVM Optimized, Jit Execute)", "Rows Removed by Filter": 2313500}, {"Node Type": "Hash", "Parent Relationship": "Inner", "Startup Cost": 1.04, "Total Cost": 1.04, "Plan Rows": 1, "Plan Width": 4, "Actual Min Startup Time": 0.032, "Actual Max Startup Time": 0.032, "Actual Min Total Time": 0.032, "Actual Max Total Time": 0.032, "Actual Total Rows": 1, "Max Hash Buckets": 32768, "Min Hash Buckets": 32768, "Max Hash Batches": 1, "Min Hash Batches": 1, "Max Original Hash Batches": 1, "Min Original Hash Batches": 1, "Max Peak Memory Usage": 1, "min Peak Memory Usage": 1, "Plans": [{"Node Type": "Seq Scan", "Parent Relationship": "Outer", "Relation Name": "company_type", "Alias": "ct", "Startup Cost": 0.0, "Total Cost": 1.04, "Plan Rows": 1, "Plan Width": 4, "Actual Min Startup Time": 0.024, "Actual Max Startup Time": 0.024, "Actual Min Total Time": 0.027, "Actual Max Total Time": 0.027, "Actual Total Rows": 1, "Filter": "((kind)::text = 'production companies'::text)", "Rows Removed by Filter": 2}]}]}, {"Node Type": "Hash", "Parent Relationship": "Inner", "Startup Cost": 100115.71, "Total Cost": 100115.71, "Plan Rows": 1748840, "Plan Width": 21, "Actual Min Startup Time": 1363.436, "Actual Max Startup Time": 1363.436, "Actual Min Total Time": 1363.436, "Actual Max Total Time": 1363.436, "Actual Total Rows": 1749032, "Max Hash Buckets": 2097152, "Min Hash Buckets": 2097152, "Max Hash Batches": 1, "Min Hash Batches": 1, "Max Original Hash Batches": 1, "Min Original Hash Batches": 1, "Max Peak Memory Usage": 93635, "min Peak Memory Usage": 93635, "Plans": [{"Node Type": "Streaming(type: LOCAL GATHER dop: 1/64)", "Parent Relationship": "Outer", "Startup Cost": 0.0, "Total Cost": 100115.71, "Plan Rows": 1748840, "Plan Width": 21, "Actual Min Startup Time": 111.075, "Actual Max Startup Time": 111.075, "Actual Min Total Time": 745.821, "Actual Max Total Time": 745.821, "Actual Total Rows": 1749032, "Plans": [{"Node Type": "Seq Scan", "Parent Relationship": "Outer", "Relation Name": "title", "Alias": "t", "Startup Cost": 0.0, "Total Cost": 64037.34, "Plan Rows": 1748840, "Plan Width": 21, "Actual Min Startup Time": 0.025, "Actual Max Startup Time": 0.049, "Actual Min Total Time": 15.077, "Actual Max Total Time": 19.374, "Actual Total Rows": 1749032, "Filter": "(production_year > 1990), (LLVM Optimized, Jit Execute)", "Rows Removed by Filter": 779279}]}]}]}]}]}, {"Node Type": "Hash", "Parent Relationship": "Inner", "Startup Cost": 2.12, "Total Cost": 2.12, "Plan Rows": 112, "Plan Width": 4, "Actual Min Startup Time": 0.133, "Actual Max Startup Time": 0.133, "Actual Min Total Time": 0.133, "Actual Max Total Time": 0.133, "Actual Total Rows": 112, "Max Hash Buckets": 32768, "Min Hash Buckets": 32768, "Max Hash Batches": 1, "Min Hash Batches": 1, "Max Original Hash Batches": 1, "Min Original Hash Batches": 1, "Max Peak Memory Usage": 4, "min Peak Memory Usage": 4, "Plans": [{"Node Type": "Seq Scan", "Parent Relationship": "Outer", "Relation Name": "info_type", "Alias": "it", "Startup Cost": 0.0, "Total Cost": 2.12, "Plan Rows": 112, "Plan Width": 4, "Actual Min Startup Time": 0.056, "Actual Max Startup Time": 0.056, "Actual Min Total Time": 0.079, "Actual Max Total Time": 0.079, "Actual Total Rows": 112}]}]}]}, "Triggers": [], "Planner Runtime": 19.742, "Total Runtime": 2897.891, "Unique SQL Id": 322094867}}, "(64, 37)": {"explain_plan": {"Plan": {"Node Type": "Aggregate", "Strategy": "Plain", "Startup Cost": 467462.25, "Total Cost": 467462.26, "Plan Rows": 1, "Plan Width": 49, "Plans": [{"Node Type": "Hash Join", "Parent Relationship": "Outer", "Join Type": "Inner", "Startup Cost": 138317.1, "Total Cost": 466634.62, "Plan Rows": 331050, "Plan Width": 17, "Inner Unique": true, "Hash Cond": "(mi.info_type_id = it.id), (LLVM Optimized)", "Plans": [{"Node Type": "Nested Loop", "Parent Relationship": "Outer", "Join Type": "Inner", "Startup Cost": 138301.77, "Total Cost": 462249.43, "Plan Rows": 331050, "Plan Width": 21, "Inner Unique": false, "Plans": [{"Node Type": "Hash Join", "Parent Relationship": "Outer", "Join Type": "Inner", "Startup Cost": 138301.77, "Total Cost": 203731.36, "Plan Rows": 289936, "Plan Width": 25, "Inner Unique": true, "Hash Cond": "(mc.movie_id = t.id), (LLVM Optimized)", "Plans": [{"Node Type": "Nested Loop", "Parent Relationship": "Outer", "Join Type": "Inner", "Startup Cost": 0.0, "Total Cost": 61745.44, "Plan Rows": 209278, "Plan Width": 4, "Inner Unique": false, "Plans": [{"Node Type": "Index Scan", "Parent Relationship": "Outer", "Scan Direction": "Forward", "Index Name": "company_type_pkey", "Relation Name": "company_type", "Alias": "ct", "Startup Cost": 0.0, "Total Cost": 12.3, "Plan Rows": 1, "Plan Width": 4, "Filter": "((kind)::text = 'production companies'::text)"}, {"Node Type": "Index Scan", "Parent Relationship": "Inner", "Scan Direction": "Forward", "Index Name": "company_type_id_movie_companies", "Relation Name": "movie_companies", "Alias": "mc", "Startup Cost": 0.0, "Total Cost": 59640.35, "Plan Rows": 209279, "Plan Width": 8, "Index Cond": "(company_type_id = ct.id), (LLVM Optimized)", "Filter": "(((note)::text !~~ '%(TV)%'::text) AND ((note)::text ~~ '%(USA)%'::text)), (LLVM Optimized)"}]}, {"Node Type": "Hash", "Parent Relationship": "Inner", "Startup Cost": 116441.27, "Total Cost": 116441.27, "Plan Rows": 1748840, "Plan Width": 21, "Plans": [{"Node Type": "Index Scan", "Parent Relationship": "Outer", "Scan Direction": "Forward", "Index Name": "title_pkey", "Relation Name": "title", "Alias": "t", "Startup Cost": 0.0, "Total Cost": 116441.27, "Plan Rows": 1748840, "Plan Width": 21, "Filter": "(production_year > 1990), (LLVM Optimized)"}]}]}, {"Node Type": "Index Scan", "Parent Relationship": "Inner", "Scan Direction": "Forward", "Index Name": "movie_id_movie_info", "Relation Name": "movie_info", "Alias": "mi", "Startup Cost": 0.0, "Total Cost": 0.88, "Plan Rows": 1, "Plan Width": 8, "Index Cond": "(movie_id = t.id)", "Filter": "((info)::text = ANY ('{Sweden,Norway,Germany,Denmark,Swedish,Denish,Norwegian,German,USA,American}'::text[]))"}]}, {"Node Type": "Hash", "Parent Relationship": "Inner", "Startup Cost": 13.93, "Total Cost": 13.93, "Plan Rows": 112, "Plan Width": 4, "Plans": [{"Node Type": "Index Scan", "Parent Relationship": "Outer", "Scan Direction": "Forward", "Index Name": "info_type_pkey", "Relation Name": "info_type", "Alias": "it", "Startup Cost": 0.0, "Total Cost": 13.93, "Plan Rows": 112, "Plan Width": 4}]}]}]}, "Unique SQL Id": 322094867}, "explain_analyze_plan": {"Plan": {"Node Type": "Aggregate", "Strategy": "Plain", "Startup Cost": 467462.25, "Total Cost": 467462.26, "Plan Rows": 1, "Plan Width": 49, "Actual Startup Time": 4755.137, "Actual Total Time": 4755.137, "Actual Rows": 1, "Actual Loops": 1, "Plans": [{"Node Type": "Hash Join", "Parent Relationship": "Outer", "Join Type": "Inner", "Startup Cost": 138317.1, "Total Cost": 466634.62, "Plan Rows": 331050, "Plan Width": 17, "Actual Startup Time": 4097.447, "Actual Total Time": 4754.593, "Actual Rows": 669, "Actual Loops": 1, "Inner Unique": true, "Hash Cond": "(mi.info_type_id = it.id), (LLVM Optimized, Jit Execute)", "Plans": [{"Node Type": "Nested Loop", "Parent Relationship": "Outer", "Join Type": "Inner", "Startup Cost": 138301.77, "Total Cost": 462249.43, "Plan Rows": 331050, "Plan Width": 21, "Actual Startup Time": 4097.296, "Actual Total Time": 4754.032, "Actual Rows": 669, "Actual Loops": 1, "Inner Unique": false, "Plans": [{"Node Type": "Hash Join", "Parent Relationship": "Outer", "Join Type": "Inner", "Startup Cost": 138301.77, "Total Cost": 203731.36, "Plan Rows": 289936, "Plan Width": 25, "Actual Startup Time": 4097.236, "Actual Total Time": 4727.0, "Actual Rows": 767, "Actual Loops": 1, "Inner Unique": true, "Hash Cond": "(mc.movie_id = t.id), (LLVM Optimized, Jit Execute)", "Plans": [{"Node Type": "Nested Loop", "Parent Relationship": "Outer", "Join Type": "Inner", "Startup Cost": 0.0, "Total Cost": 61745.44, "Plan Rows": 209278, "Plan Width": 4, "Actual Startup Time": 9.617, "Actual Total Time": 638.617, "Actual Rows": 798, "Actual Loops": 1, "Inner Unique": false, "Plans": [{"Node Type": "Index Scan", "Parent Relationship": "Outer", "Scan Direction": "Forward", "Index Name": "company_type_pkey", "Relation Name": "company_type", "Alias": "ct", "Startup Cost": 0.0, "Total Cost": 12.3, "Plan Rows": 1, "Plan Width": 4, "Actual Startup Time": 0.009, "Actual Total Time": 0.024, "Actual Rows": 1, "Actual Loops": 1, "Filter": "((kind)::text = 'production companies'::text)", "Rows Removed by Filter": 2}, {"Node Type": "Index Scan", "Parent Relationship": "Inner", "Scan Direction": "Forward", "Index Name": "company_type_id_movie_companies", "Relation Name": "movie_companies", "Alias": "mc", "Startup Cost": 0.0, "Total Cost": 59640.35, "Plan Rows": 209279, "Plan Width": 8, "Actual Startup Time": 9.603, "Actual Total Time": 638.328, "Actual Rows": 798, "Actual Loops": 1, "Index Cond": "(company_type_id = ct.id), (LLVM Optimized, Jit Execute)", "Rows Removed by Index Recheck": 0, "Filter": "(((note)::text !~~ '%(TV)%'::text) AND ((note)::text ~~ '%(USA)%'::text)), (LLVM Optimized, Jit Execute)", "Rows Removed by Filter": 1334085}]}, {"Node Type": "Hash", "Parent Relationship": "Inner", "Startup Cost": 116441.27, "Total Cost": 116441.27, "Plan Rows": 1748840, "Plan Width": 21, "Actual Startup Time": 4086.382, "Actual Total Time": 4086.382, "Actual Rows": 1749032, "Actual Loops": 1, "Hash Buckets": 2097152, "Hash Batches": 1, "Original Hash Batches": 1, "Peak Memory Usage": 93635, "Plans": [{"Node Type": "Index Scan", "Parent Relationship": "Outer", "Scan Direction": "Forward", "Index Name": "title_pkey", "Relation Name": "title", "Alias": "t", "Startup Cost": 0.0, "Total Cost": 116441.27, "Plan Rows": 1748840, "Plan Width": 21, "Actual Startup Time": 0.042, "Actual Total Time": 3211.25, "Actual Rows": 1749032, "Actual Loops": 1, "Filter": "(production_year > 1990), (LLVM Optimized, Jit Execute)", "Rows Removed by Filter": 779279}]}]}, {"Node Type": "Index Scan", "Parent Relationship": "Inner", "Scan Direction": "Forward", "Index Name": "movie_id_movie_info", "Relation Name": "movie_info", "Alias": "mi", "Startup Cost": 0.0, "Total Cost": 0.88, "Plan Rows": 1, "Plan Width": 8, "Actual Startup Time": 19.498, "Actual Total Time": 22.215, "Actual Rows": 669, "Actual Loops": 767, "Index Cond": "(movie_id = t.id)", "Rows Removed by Index Recheck": 0, "Filter": "((info)::text = ANY ('{Sweden,Norway,Germany,Denmark,Swedish,Denish,Norwegian,German,USA,American}'::text[]))", "Rows Removed by Filter": 7721}]}, {"Node Type": "Hash", "Parent Relationship": "Inner", "Startup Cost": 13.93, "Total Cost": 13.93, "Plan Rows": 112, "Plan Width": 4, "Actual Startup Time": 0.107, "Actual Total Time": 0.107, "Actual Rows": 112, "Actual Loops": 1, "Hash Buckets": 32768, "Hash Batches": 1, "Original Hash Batches": 1, "Peak Memory Usage": 4, "Plans": [{"Node Type": "Index Scan", "Parent Relationship": "Outer", "Scan Direction": "Forward", "Index Name": "info_type_pkey", "Relation Name": "info_type", "Alias": "it", "Startup Cost": 0.0, "Total Cost": 13.93, "Plan Rows": 112, "Plan Width": 4, "Actual Startup Time": 0.024, "Actual Total Time": 0.071, "Actual Rows": 112, "Actual Loops": 1}]}]}]}, "Triggers": [], "Planner Runtime": 7.547, "Total Runtime": 4765.546, "Unique SQL Id": 322094867}}, "(64, 38)": {"explain_plan": {"Plan": {"Node Type": "Aggregate", "Strategy": "Plain", "Startup Cost": 282595.42, "Total Cost": 282595.43, "Plan Rows": 1, "Plan Width": 49, "Plans": [{"Node Type": "Hash Join", "Parent Relationship": "Outer", "Join Type": "Inner", "Startup Cost": 187293.84, "Total Cost": 281767.79, "Plan Rows": 331050, "Plan Width": 17, "Inner Unique": true, "Hash Cond": "(mi.info_type_id = it.id), (LLVM Optimized)", "Plans": [{"Node Type": "Hash Join", "Parent Relationship": "Outer", "Join Type": "Inner", "Startup Cost": 187290.32, "Total Cost": 277212.34, "Plan Rows": 331050, "Plan Width": 21, "Inner Unique": false, "Hash Cond": "(mi.movie_id = t.id), (LLVM Optimized)", "Plans": [{"Node Type": "Streaming(type: LOCAL GATHER dop: 1/64)", "Parent Relationship": "Outer", "Startup Cost": 0.0, "Total Cost": 85529.75, "Plan Rows": 726375, "Plan Width": 8, "Plans": [{"Node Type": "Seq Scan", "Parent Relationship": "Outer", "Relation Name": "movie_info", "Alias": "mi", "Startup Cost": 0.0, "Total Cost": 70544.72, "Plan Rows": 726375, "Plan Width": 8, "Filter": "((info)::text = ANY ('{Sweden,Norway,Germany,Denmark,Swedish,Denish,Norwegian,German,USA,American}'::text[]))"}]}, {"Node Type": "Hash", "Parent Relationship": "Inner", "Startup Cost": 183666.12, "Total Cost": 183666.12, "Plan Rows": 289936, "Plan Width": 25, "Plans": [{"Node Type": "Hash Join", "Parent Relationship": "Outer", "Join Type": "Inner", "Startup Cost": 121977.26, "Total Cost": 183666.12, "Plan Rows": 289936, "Plan Width": 25, "Inner Unique": true, "Hash Cond": "(mc.movie_id = t.id), (LLVM Optimized)", "Plans": [{"Node Type": "Hash Join", "Parent Relationship": "Outer", "Join Type": "Inner", "Startup Cost": 1.05, "Total Cost": 58005.76, "Plan Rows": 209278, "Plan Width": 4, "Inner Unique": true, "Hash Cond": "(mc.company_type_id = ct.id), (LLVM Optimized)", "Plans": [{"Node Type": "Seq Scan", "Parent Relationship": "Outer", "Relation Name": "movie_companies", "Alias": "mc", "Startup Cost": 0.0, "Total Cost": 54862.92, "Plan Rows": 418557, "Plan Width": 8, "Filter": "(((note)::text !~~ '%(TV)%'::text) AND ((note)::text ~~ '%(USA)%'::text)), (LLVM Optimized)"}, {"Node Type": "Hash", "Parent Relationship": "Inner", "Startup Cost": 1.04, "Total Cost": 1.04, "Plan Rows": 1, "Plan Width": 4, "Plans": [{"Node Type": "Seq Scan", "Parent Relationship": "Outer", "Relation Name": "company_type", "Alias": "ct", "Startup Cost": 0.0, "Total Cost": 1.04, "Plan Rows": 1, "Plan Width": 4, "Filter": "((kind)::text = 'production companies'::text)"}]}]}, {"Node Type": "Hash", "Parent Relationship": "Inner", "Startup Cost": 100115.71, "Total Cost": 100115.71, "Plan Rows": 1748840, "Plan Width": 21, "Plans": [{"Node Type": "Streaming(type: LOCAL GATHER dop: 1/64)", "Parent Relationship": "Outer", "Startup Cost": 0.0, "Total Cost": 100115.71, "Plan Rows": 1748840, "Plan Width": 21, "Plans": [{"Node Type": "Seq Scan", "Parent Relationship": "Outer", "Relation Name": "title", "Alias": "t", "Startup Cost": 0.0, "Total Cost": 64037.34, "Plan Rows": 1748840, "Plan Width": 21, "Filter": "(production_year > 1990), (LLVM Optimized)"}]}]}]}]}]}, {"Node Type": "Hash", "Parent Relationship": "Inner", "Startup Cost": 2.12, "Total Cost": 2.12, "Plan Rows": 112, "Plan Width": 4, "Plans": [{"Node Type": "Seq Scan", "Parent Relationship": "Outer", "Relation Name": "info_type", "Alias": "it", "Startup Cost": 0.0, "Total Cost": 2.12, "Plan Rows": 112, "Plan Width": 4}]}]}]}, "Unique SQL Id": 322094867}, "explain_analyze_plan": {"Plan": {"Node Type": "Aggregate", "Strategy": "Plain", "Startup Cost": 282595.42, "Total Cost": 282595.43, "Plan Rows": 1, "Plan Width": 49, "Actual Min Startup Time": 2863.059, "Actual Max Startup Time": 2863.059, "Actual Min Total Time": 2863.059, "Actual Max Total Time": 2863.059, "Actual Total Rows": 1, "Plans": [{"Node Type": "Hash Join", "Parent Relationship": "Outer", "Join Type": "Inner", "Startup Cost": 187293.84, "Total Cost": 281767.79, "Plan Rows": 331050, "Plan Width": 17, "Actual Min Startup Time": 2501.901, "Actual Max Startup Time": 2501.901, "Actual Min Total Time": 2862.568, "Actual Max Total Time": 2862.568, "Actual Total Rows": 669, "Inner Unique": true, "Hash Cond": "(mi.info_type_id = it.id), (LLVM Optimized, Jit Execute)", "Plans": [{"Node Type": "Hash Join", "Parent Relationship": "Outer", "Join Type": "Inner", "Startup Cost": 187290.32, "Total Cost": 277212.34, "Plan Rows": 331050, "Plan Width": 21, "Actual Min Startup Time": 2501.69, "Actual Max Startup Time": 2501.69, "Actual Min Total Time": 2861.865, "Actual Max Total Time": 2861.865, "Actual Total Rows": 669, "Inner Unique": false, "Hash Cond": "(mi.movie_id = t.id), (LLVM Optimized, Jit Execute)", "Plans": [{"Node Type": "Streaming(type: LOCAL GATHER dop: 1/64)", "Parent Relationship": "Outer", "Startup Cost": 0.0, "Total Cost": 85529.75, "Plan Rows": 726375, "Plan Width": 8, "Actual Min Startup Time": 0.158, "Actual Max Startup Time": 0.158, "Actual Min Total Time": 218.045, "Actual Max Total Time": 218.045, "Actual Total Rows": 706674, "Plans": [{"Node Type": "Seq Scan", "Parent Relationship": "Outer", "Relation Name": "movie_info", "Alias": "mi", "Startup Cost": 0.0, "Total Cost": 70544.72, "Plan Rows": 726375, "Plan Width": 8, "Actual Min Startup Time": 0.04, "Actual Max Startup Time": 3.309, "Actual Min Total Time": 121.222, "Actual Max Total Time": 141.902, "Actual Total Rows": 706674, "Filter": "((info)::text = ANY ('{Sweden,Norway,Germany,Denmark,Swedish,Denish,Norwegian,German,USA,American}'::text[]))", "Rows Removed by Filter": 14129045}]}, {"Node Type": "Hash", "Parent Relationship": "Inner", "Startup Cost": 183666.12, "Total Cost": 183666.12, "Plan Rows": 289936, "Plan Width": 25, "Actual Min Startup Time": 2495.521, "Actual Max Startup Time": 2495.521, "Actual Min Total Time": 2495.521, "Actual Max Total Time": 2495.521, "Actual Total Rows": 767, "Max Hash Buckets": 524288, "Min Hash Buckets": 524288, "Max Hash Batches": 1, "Min Hash Batches": 1, "Max Original Hash Batches": 1, "Min Original Hash Batches": 1, "Max Peak Memory Usage": 45, "min Peak Memory Usage": 45, "Plans": [{"Node Type": "Hash Join", "Parent Relationship": "Outer", "Join Type": "Inner", "Startup Cost": 121977.26, "Total Cost": 183666.12, "Plan Rows": 289936, "Plan Width": 25, "Actual Min Startup Time": 2159.015, "Actual Max Startup Time": 2159.015, "Actual Min Total Time": 2495.106, "Actual Max Total Time": 2495.106, "Actual Total Rows": 767, "Inner Unique": true, "Hash Cond": "(mc.movie_id = t.id), (LLVM Optimized, Jit Execute)", "Plans": [{"Node Type": "Hash Join", "Parent Relationship": "Outer", "Join Type": "Inner", "Startup Cost": 1.05, "Total Cost": 58005.76, "Plan Rows": 209278, "Plan Width": 4, "Actual Min Startup Time": 793.946, "Actual Max Startup Time": 793.946, "Actual Min Total Time": 1129.362, "Actual Max Total Time": 1129.362, "Actual Total Rows": 798, "Inner Unique": true, "Hash Cond": "(mc.company_type_id = ct.id), (LLVM Optimized, Jit Execute)", "Plans": [{"Node Type": "Seq Scan", "Parent Relationship": "Outer", "Relation Name": "movie_companies", "Alias": "mc", "Startup Cost": 0.0, "Total Cost": 54862.92, "Plan Rows": 418557, "Plan Width": 8, "Actual Min Startup Time": 0.053, "Actual Max Startup Time": 0.053, "Actual Min Total Time": 1077.451, "Actual Max Total Time": 1077.451, "Actual Total Rows": 295628, "Filter": "(((note)::text !~~ '%(TV)%'::text) AND ((note)::text ~~ '%(USA)%'::text)), (LLVM Optimized, Jit Execute)", "Rows Removed by Filter": 2313500}, {"Node Type": "Hash", "Parent Relationship": "Inner", "Startup Cost": 1.04, "Total Cost": 1.04, "Plan Rows": 1, "Plan Width": 4, "Actual Min Startup Time": 0.032, "Actual Max Startup Time": 0.032, "Actual Min Total Time": 0.032, "Actual Max Total Time": 0.032, "Actual Total Rows": 1, "Max Hash Buckets": 32768, "Min Hash Buckets": 32768, "Max Hash Batches": 1, "Min Hash Batches": 1, "Max Original Hash Batches": 1, "Min Original Hash Batches": 1, "Max Peak Memory Usage": 1, "min Peak Memory Usage": 1, "Plans": [{"Node Type": "Seq Scan", "Parent Relationship": "Outer", "Relation Name": "company_type", "Alias": "ct", "Startup Cost": 0.0, "Total Cost": 1.04, "Plan Rows": 1, "Plan Width": 4, "Actual Min Startup Time": 0.024, "Actual Max Startup Time": 0.024, "Actual Min Total Time": 0.027, "Actual Max Total Time": 0.027, "Actual Total Rows": 1, "Filter": "((kind)::text = 'production companies'::text)", "Rows Removed by Filter": 2}]}]}, {"Node Type": "Hash", "Parent Relationship": "Inner", "Startup Cost": 100115.71, "Total Cost": 100115.71, "Plan Rows": 1748840, "Plan Width": 21, "Actual Min Startup Time": 1363.436, "Actual Max Startup Time": 1363.436, "Actual Min Total Time": 1363.436, "Actual Max Total Time": 1363.436, "Actual Total Rows": 1749032, "Max Hash Buckets": 2097152, "Min Hash Buckets": 2097152, "Max Hash Batches": 1, "Min Hash Batches": 1, "Max Original Hash Batches": 1, "Min Original Hash Batches": 1, "Max Peak Memory Usage": 93635, "min Peak Memory Usage": 93635, "Plans": [{"Node Type": "Streaming(type: LOCAL GATHER dop: 1/64)", "Parent Relationship": "Outer", "Startup Cost": 0.0, "Total Cost": 100115.71, "Plan Rows": 1748840, "Plan Width": 21, "Actual Min Startup Time": 111.075, "Actual Max Startup Time": 111.075, "Actual Min Total Time": 745.821, "Actual Max Total Time": 745.821, "Actual Total Rows": 1749032, "Plans": [{"Node Type": "Seq Scan", "Parent Relationship": "Outer", "Relation Name": "title", "Alias": "t", "Startup Cost": 0.0, "Total Cost": 64037.34, "Plan Rows": 1748840, "Plan Width": 21, "Actual Min Startup Time": 0.025, "Actual Max Startup Time": 0.049, "Actual Min Total Time": 15.077, "Actual Max Total Time": 19.374, "Actual Total Rows": 1749032, "Filter": "(production_year > 1990), (LLVM Optimized, Jit Execute)", "Rows Removed by Filter": 779279}]}]}]}]}]}, {"Node Type": "Hash", "Parent Relationship": "Inner", "Startup Cost": 2.12, "Total Cost": 2.12, "Plan Rows": 112, "Plan Width": 4, "Actual Min Startup Time": 0.133, "Actual Max Startup Time": 0.133, "Actual Min Total Time": 0.133, "Actual Max Total Time": 0.133, "Actual Total Rows": 112, "Max Hash Buckets": 32768, "Min Hash Buckets": 32768, "Max Hash Batches": 1, "Min Hash Batches": 1, "Max Original Hash Batches": 1, "Min Original Hash Batches": 1, "Max Peak Memory Usage": 4, "min Peak Memory Usage": 4, "Plans": [{"Node Type": "Seq Scan", "Parent Relationship": "Outer", "Relation Name": "info_type", "Alias": "it", "Startup Cost": 0.0, "Total Cost": 2.12, "Plan Rows": 112, "Plan Width": 4, "Actual Min Startup Time": 0.056, "Actual Max Startup Time": 0.056, "Actual Min Total Time": 0.079, "Actual Max Total Time": 0.079, "Actual Total Rows": 112}]}]}]}, "Triggers": [], "Planner Runtime": 19.742, "Total Runtime": 2897.891, "Unique SQL Id": 322094867}}, "(64, 39)": {"explain_plan": {"Plan": {"Node Type": "Aggregate", "Strategy": "Plain", "Startup Cost": 1009784.61, "Total Cost": 1009784.62, "Plan Rows": 1, "Plan Width": 49, "Plans": [{"Node Type": "Hash Join", "Parent Relationship": "Outer", "Join Type": "Inner", "Startup Cost": 517150.55, "Total Cost": 1008956.99, "Plan Rows": 331050, "Plan Width": 17, "Inner Unique": true, "Hash Cond": "(mi.info_type_id = it.id), (LLVM Optimized)", "Plans": [{"Node Type": "Hash Join", "Parent Relationship": "Outer", "Join Type": "Inner", "Startup Cost": 517135.19, "Total Cost": 1004389.69, "Plan Rows": 331050, "Plan Width": 21, "Inner Unique": false, "Hash Cond": "(mi.movie_id = t.id), (LLVM Optimized)", "Plans": [{"Node Type": "Bitmap Heap Scan", "Parent Relationship": "Outer", "Relation Name": "movie_info", "Alias": "mi", "Startup Cost": 301827.67, "Total Cost": 784689.91, "Plan Rows": 726375, "Plan Width": 8, "Filter": "((info)::text = ANY ('{Sweden,Norway,Germany,Denmark,Swedish,Denish,Norwegian,German,USA,American}'::text[]))", "Plans": [{"Node Type": "Bitmap Index Scan", "Parent Relationship": "Outer", "Index Name": "movie_id_movie_info", "Startup Cost": 0.0, "Total Cost": 301646.08, "Plan Rows": 14869966, "Plan Width": 0}]}, {"Node Type": "Hash", "Parent Relationship": "Inner", "Startup Cost": 211683.32, "Total Cost": 211683.32, "Plan Rows": 289936, "Plan Width": 25, "Plans": [{"Node Type": "Hash Join", "Parent Relationship": "Outer", "Join Type": "Inner", "Startup Cost": 167346.47, "Total Cost": 211683.32, "Plan Rows": 289936, "Plan Width": 25, "Inner Unique": true, "Hash Cond": "(mc.movie_id = t.id), (LLVM Optimized)", "Plans": [{"Node Type": "Nested Loop", "Parent Relationship": "Outer", "Join Type": "Inner", "Startup Cost": 29005.06, "Total Cost": 69657.76, "Plan Rows": 209278, "Plan Width": 4, "Inner Unique": false, "Plans": [{"Node Type": "Bitmap Heap Scan", "Parent Relationship": "Outer", "Relation Name": "company_type", "Alias": "ct", "Startup Cost": 8.27, "Total Cost": 12.3, "Plan Rows": 1, "Plan Width": 4, "Filter": "((kind)::text = 'production companies'::text)", "Plans": [{"Node Type": "Bitmap Index Scan", "Parent Relationship": "Outer", "Index Name": "company_type_pkey", "Startup Cost": 0.0, "Total Cost": 8.27, "Plan Rows": 3, "Plan Width": 0}]}, {"Node Type": "Bitmap Heap Scan", "Parent Relationship": "Inner", "Relation Name": "movie_companies", "Alias": "mc", "Startup Cost": 28996.8, "Total Cost": 67552.67, "Plan Rows": 209279, "Plan Width": 8, "Recheck Cond": "(company_type_id = ct.id), (LLVM Optimized)", "Filter": "(((note)::text !~~ '%(TV)%'::text) AND ((note)::text ~~ '%(USA)%'::text)), (LLVM Optimized)", "Plans": [{"Node Type": "Bitmap Index Scan", "Parent Relationship": "Outer", "Index Name": "company_type_id_movie_companies", "Startup Cost": 0.0, "Total Cost": 28944.48, "Plan Rows": 1304564, "Plan Width": 0, "Index Cond": "(company_type_id = ct.id)"}]}]}, {"Node Type": "Hash", "Parent Relationship": "Inner", "Startup Cost": 116480.9, "Total Cost": 116480.9, "Plan Rows": 1748840, "Plan Width": 21, "Plans": [{"Node Type": "Bitmap Heap Scan", "Parent Relationship": "Outer", "Relation Name": "title", "Alias": "t", "Startup Cost": 50091.01, "Total Cost": 116480.9, "Plan Rows": 1748840, "Plan Width": 21, "Filter": "(production_year > 1990), (LLVM Optimized)", "Plans": [{"Node Type": "Bitmap Index Scan", "Parent Relationship": "Outer", "Index Name": "title_pkey", "Startup Cost": 0.0, "Total Cost": 49653.81, "Plan Rows": 2528311, "Plan Width": 0}]}]}]}]}]}, {"Node Type": "Hash", "Parent Relationship": "Inner", "Startup Cost": 13.96, "Total Cost": 13.96, "Plan Rows": 112, "Plan Width": 4, "Plans": [{"Node Type": "Bitmap Heap Scan", "Parent Relationship": "Outer", "Relation Name": "info_type", "Alias": "it", "Startup Cost": 8.84, "Total Cost": 13.96, "Plan Rows": 112, "Plan Width": 4, "Plans": [{"Node Type": "Bitmap Index Scan", "Parent Relationship": "Outer", "Index Name": "info_type_pkey", "Startup Cost": 0.0, "Total Cost": 8.81, "Plan Rows": 112, "Plan Width": 0}]}]}]}]}, "Unique SQL Id": 322094867}, "explain_analyze_plan": null}, "(64, 40)": {"explain_plan": {"Plan": {"Node Type": "Aggregate", "Strategy": "Plain", "Startup Cost": 282595.42, "Total Cost": 282595.43, "Plan Rows": 1, "Plan Width": 49, "Plans": [{"Node Type": "Hash Join", "Parent Relationship": "Outer", "Join Type": "Inner", "Startup Cost": 187293.84, "Total Cost": 281767.79, "Plan Rows": 331050, "Plan Width": 17, "Inner Unique": true, "Hash Cond": "(mi.info_type_id = it.id), (LLVM Optimized)", "Plans": [{"Node Type": "Hash Join", "Parent Relationship": "Outer", "Join Type": "Inner", "Startup Cost": 187290.32, "Total Cost": 277212.34, "Plan Rows": 331050, "Plan Width": 21, "Inner Unique": false, "Hash Cond": "(mi.movie_id = t.id), (LLVM Optimized)", "Plans": [{"Node Type": "Streaming(type: LOCAL GATHER dop: 1/64)", "Parent Relationship": "Outer", "Startup Cost": 0.0, "Total Cost": 85529.75, "Plan Rows": 726375, "Plan Width": 8, "Plans": [{"Node Type": "Seq Scan", "Parent Relationship": "Outer", "Relation Name": "movie_info", "Alias": "mi", "Startup Cost": 0.0, "Total Cost": 70544.72, "Plan Rows": 726375, "Plan Width": 8, "Filter": "((info)::text = ANY ('{Sweden,Norway,Germany,Denmark,Swedish,Denish,Norwegian,German,USA,American}'::text[]))"}]}, {"Node Type": "Hash", "Parent Relationship": "Inner", "Startup Cost": 183666.12, "Total Cost": 183666.12, "Plan Rows": 289936, "Plan Width": 25, "Plans": [{"Node Type": "Hash Join", "Parent Relationship": "Outer", "Join Type": "Inner", "Startup Cost": 121977.26, "Total Cost": 183666.12, "Plan Rows": 289936, "Plan Width": 25, "Inner Unique": true, "Hash Cond": "(mc.movie_id = t.id), (LLVM Optimized)", "Plans": [{"Node Type": "Hash Join", "Parent Relationship": "Outer", "Join Type": "Inner", "Startup Cost": 1.05, "Total Cost": 58005.76, "Plan Rows": 209278, "Plan Width": 4, "Inner Unique": true, "Hash Cond": "(mc.company_type_id = ct.id), (LLVM Optimized)", "Plans": [{"Node Type": "Seq Scan", "Parent Relationship": "Outer", "Relation Name": "movie_companies", "Alias": "mc", "Startup Cost": 0.0, "Total Cost": 54862.92, "Plan Rows": 418557, "Plan Width": 8, "Filter": "(((note)::text !~~ '%(TV)%'::text) AND ((note)::text ~~ '%(USA)%'::text)), (LLVM Optimized)"}, {"Node Type": "Hash", "Parent Relationship": "Inner", "Startup Cost": 1.04, "Total Cost": 1.04, "Plan Rows": 1, "Plan Width": 4, "Plans": [{"Node Type": "Seq Scan", "Parent Relationship": "Outer", "Relation Name": "company_type", "Alias": "ct", "Startup Cost": 0.0, "Total Cost": 1.04, "Plan Rows": 1, "Plan Width": 4, "Filter": "((kind)::text = 'production companies'::text)"}]}]}, {"Node Type": "Hash", "Parent Relationship": "Inner", "Startup Cost": 100115.71, "Total Cost": 100115.71, "Plan Rows": 1748840, "Plan Width": 21, "Plans": [{"Node Type": "Streaming(type: LOCAL GATHER dop: 1/64)", "Parent Relationship": "Outer", "Startup Cost": 0.0, "Total Cost": 100115.71, "Plan Rows": 1748840, "Plan Width": 21, "Plans": [{"Node Type": "Seq Scan", "Parent Relationship": "Outer", "Relation Name": "title", "Alias": "t", "Startup Cost": 0.0, "Total Cost": 64037.34, "Plan Rows": 1748840, "Plan Width": 21, "Filter": "(production_year > 1990), (LLVM Optimized)"}]}]}]}]}]}, {"Node Type": "Hash", "Parent Relationship": "Inner", "Startup Cost": 2.12, "Total Cost": 2.12, "Plan Rows": 112, "Plan Width": 4, "Plans": [{"Node Type": "Index Only Scan", "Parent Relationship": "Outer", "Scan Direction": "Forward", "Index Name": "info_type_pkey", "Relation Name": "info_type", "Alias": "it", "Startup Cost": 0.0, "Total Cost": 2.12, "Plan Rows": 112, "Plan Width": 4}]}]}]}, "Unique SQL Id": 322094867}, "explain_analyze_plan": {"Plan": {"Node Type": "Aggregate", "Strategy": "Plain", "Startup Cost": 282595.42, "Total Cost": 282595.43, "Plan Rows": 1, "Plan Width": 49, "Actual Min Startup Time": 2819.09, "Actual Max Startup Time": 2819.09, "Actual Min Total Time": 2819.09, "Actual Max Total Time": 2819.09, "Actual Total Rows": 1, "Plans": [{"Node Type": "Hash Join", "Parent Relationship": "Outer", "Join Type": "Inner", "Startup Cost": 187293.84, "Total Cost": 281767.79, "Plan Rows": 331050, "Plan Width": 17, "Actual Min Startup Time": 2473.353, "Actual Max Startup Time": 2473.353, "Actual Min Total Time": 2818.616, "Actual Max Total Time": 2818.616, "Actual Total Rows": 669, "Inner Unique": true, "Hash Cond": "(mi.info_type_id = it.id), (LLVM Optimized, Jit Execute)", "Plans": [{"Node Type": "Hash Join", "Parent Relationship": "Outer", "Join Type": "Inner", "Startup Cost": 187290.32, "Total Cost": 277212.34, "Plan Rows": 331050, "Plan Width": 21, "Actual Min Startup Time": 2473.167, "Actual Max Startup Time": 2473.167, "Actual Min Total Time": 2817.954, "Actual Max Total Time": 2817.954, "Actual Total Rows": 669, "Inner Unique": false, "Hash Cond": "(mi.movie_id = t.id), (LLVM Optimized, Jit Execute)", "Plans": [{"Node Type": "Streaming(type: LOCAL GATHER dop: 1/64)", "Parent Relationship": "Outer", "Startup Cost": 0.0, "Total Cost": 85529.75, "Plan Rows": 726375, "Plan Width": 8, "Actual Min Startup Time": 0.144, "Actual Max Startup Time": 0.144, "Actual Min Total Time": 210.639, "Actual Max Total Time": 210.639, "Actual Total Rows": 706674, "Plans": [{"Node Type": "Seq Scan", "Parent Relationship": "Outer", "Relation Name": "movie_info", "Alias": "mi", "Startup Cost": 0.0, "Total Cost": 70544.72, "Plan Rows": 726375, "Plan Width": 8, "Actual Min Startup Time": 0.037, "Actual Max Startup Time": 3.327, "Actual Min Total Time": 122.346, "Actual Max Total Time": 141.453, "Actual Total Rows": 706674, "Filter": "((info)::text = ANY ('{Sweden,Norway,Germany,Denmark,Swedish,Denish,Norwegian,German,USA,American}'::text[]))", "Rows Removed by Filter": 14129045}]}, {"Node Type": "Hash", "Parent Relationship": "Inner", "Startup Cost": 183666.12, "Total Cost": 183666.12, "Plan Rows": 289936, "Plan Width": 25, "Actual Min Startup Time": 2467.444, "Actual Max Startup Time": 2467.444, "Actual Min Total Time": 2467.444, "Actual Max Total Time": 2467.444, "Actual Total Rows": 767, "Max Hash Buckets": 524288, "Min Hash Buckets": 524288, "Max Hash Batches": 1, "Min Hash Batches": 1, "Max Original Hash Batches": 1, "Min Original Hash Batches": 1, "Max Peak Memory Usage": 45, "min Peak Memory Usage": 45, "Plans": [{"Node Type": "Hash Join", "Parent Relationship": "Outer", "Join Type": "Inner", "Startup Cost": 121977.26, "Total Cost": 183666.12, "Plan Rows": 289936, "Plan Width": 25, "Actual Min Startup Time": 2133.332, "Actual Max Startup Time": 2133.332, "Actual Min Total Time": 2467.037, "Actual Max Total Time": 2467.037, "Actual Total Rows": 767, "Inner Unique": true, "Hash Cond": "(mc.movie_id = t.id), (LLVM Optimized, Jit Execute)", "Plans": [{"Node Type": "Hash Join", "Parent Relationship": "Outer", "Join Type": "Inner", "Startup Cost": 1.05, "Total Cost": 58005.76, "Plan Rows": 209278, "Plan Width": 4, "Actual Min Startup Time": 792.833, "Actual Max Startup Time": 792.833, "Actual Min Total Time": 1125.904, "Actual Max Total Time": 1125.904, "Actual Total Rows": 798, "Inner Unique": true, "Hash Cond": "(mc.company_type_id = ct.id), (LLVM Optimized, Jit Execute)", "Plans": [{"Node Type": "Seq Scan", "Parent Relationship": "Outer", "Relation Name": "movie_companies", "Alias": "mc", "Startup Cost": 0.0, "Total Cost": 54862.92, "Plan Rows": 418557, "Plan Width": 8, "Actual Min Startup Time": 0.049, "Actual Max Startup Time": 0.049, "Actual Min Total Time": 1073.944, "Actual Max Total Time": 1073.944, "Actual Total Rows": 295628, "Filter": "(((note)::text !~~ '%(TV)%'::text) AND ((note)::text ~~ '%(USA)%'::text)), (LLVM Optimized, Jit Execute)", "Rows Removed by Filter": 2313500}, {"Node Type": "Hash", "Parent Relationship": "Inner", "Startup Cost": 1.04, "Total Cost": 1.04, "Plan Rows": 1, "Plan Width": 4, "Actual Min Startup Time": 0.029, "Actual Max Startup Time": 0.029, "Actual Min Total Time": 0.029, "Actual Max Total Time": 0.029, "Actual Total Rows": 1, "Max Hash Buckets": 32768, "Min Hash Buckets": 32768, "Max Hash Batches": 1, "Min Hash Batches": 1, "Max Original Hash Batches": 1, "Min Original Hash Batches": 1, "Max Peak Memory Usage": 1, "min Peak Memory Usage": 1, "Plans": [{"Node Type": "Seq Scan", "Parent Relationship": "Outer", "Relation Name": "company_type", "Alias": "ct", "Startup Cost": 0.0, "Total Cost": 1.04, "Plan Rows": 1, "Plan Width": 4, "Actual Min Startup Time": 0.023, "Actual Max Startup Time": 0.023, "Actual Min Total Time": 0.026, "Actual Max Total Time": 0.026, "Actual Total Rows": 1, "Filter": "((kind)::text = 'production companies'::text)", "Rows Removed by Filter": 2}]}]}, {"Node Type": "Hash", "Parent Relationship": "Inner", "Startup Cost": 100115.71, "Total Cost": 100115.71, "Plan Rows": 1748840, "Plan Width": 21, "Actual Min Startup Time": 1338.823, "Actual Max Startup Time": 1338.823, "Actual Min Total Time": 1338.823, "Actual Max Total Time": 1338.823, "Actual Total Rows": 1749032, "Max Hash Buckets": 2097152, "Min Hash Buckets": 2097152, "Max Hash Batches": 1, "Min Hash Batches": 1, "Max Original Hash Batches": 1, "Min Original Hash Batches": 1, "Max Peak Memory Usage": 93635, "min Peak Memory Usage": 93635, "Plans": [{"Node Type": "Streaming(type: LOCAL GATHER dop: 1/64)", "Parent Relationship": "Outer", "Startup Cost": 0.0, "Total Cost": 100115.71, "Plan Rows": 1748840, "Plan Width": 21, "Actual Min Startup Time": 31.174, "Actual Max Startup Time": 31.174, "Actual Min Total Time": 688.819, "Actual Max Total Time": 688.819, "Actual Total Rows": 1749032, "Plans": [{"Node Type": "Seq Scan", "Parent Relationship": "Outer", "Relation Name": "title", "Alias": "t", "Startup Cost": 0.0, "Total Cost": 64037.34, "Plan Rows": 1748840, "Plan Width": 21, "Actual Min Startup Time": 0.025, "Actual Max Startup Time": 0.045, "Actual Min Total Time": 14.76, "Actual Max Total Time": 18.88, "Actual Total Rows": 1749032, "Filter": "(production_year > 1990), (LLVM Optimized, Jit Execute)", "Rows Removed by Filter": 779279}]}]}]}]}]}, {"Node Type": "Hash", "Parent Relationship": "Inner", "Startup Cost": 2.12, "Total Cost": 2.12, "Plan Rows": 112, "Plan Width": 4, "Actual Min Startup Time": 0.108, "Actual Max Startup Time": 0.108, "Actual Min Total Time": 0.108, "Actual Max Total Time": 0.108, "Actual Total Rows": 112, "Max Hash Buckets": 32768, "Min Hash Buckets": 32768, "Max Hash Batches": 1, "Min Hash Batches": 1, "Max Original Hash Batches": 1, "Min Original Hash Batches": 1, "Max Peak Memory Usage": 4, "min Peak Memory Usage": 4, "Plans": [{"Node Type": "Index Only Scan", "Parent Relationship": "Outer", "Scan Direction": "Forward", "Index Name": "info_type_pkey", "Relation Name": "info_type", "Alias": "it", "Startup Cost": 0.0, "Total Cost": 2.12, "Plan Rows": 112, "Plan Width": 4, "Actual Min Startup Time": 0.027, "Actual Max Startup Time": 0.027, "Actual Min Total Time": 0.053, "Actual Max Total Time": 0.053, "Actual Total Rows": 112, "Heap Fetches": 0}]}]}]}, "Triggers": [], "Planner Runtime": 19.884, "Total Runtime": 2854.662, "Unique SQL Id": 322094867}}, "(64, 41)": {"explain_plan": {"Plan": {"Node Type": "Aggregate", "Strategy": "Plain", "Startup Cost": 467458.25, "Total Cost": 467458.26, "Plan Rows": 1, "Plan Width": 49, "Plans": [{"Node Type": "Hash Join", "Parent Relationship": "Outer", "Join Type": "Inner", "Startup Cost": 138313.1, "Total Cost": 466630.62, "Plan Rows": 331050, "Plan Width": 17, "Inner Unique": true, "Hash Cond": "(mi.info_type_id = it.id), (LLVM Optimized)", "Plans": [{"Node Type": "Nested Loop", "Parent Relationship": "Outer", "Join Type": "Inner", "Startup Cost": 138301.77, "Total Cost": 462249.43, "Plan Rows": 331050, "Plan Width": 21, "Inner Unique": false, "Plans": [{"Node Type": "Hash Join", "Parent Relationship": "Outer", "Join Type": "Inner", "Startup Cost": 138301.77, "Total Cost": 203731.36, "Plan Rows": 289936, "Plan Width": 25, "Inner Unique": true, "Hash Cond": "(mc.movie_id = t.id), (LLVM Optimized)", "Plans": [{"Node Type": "Nested Loop", "Parent Relationship": "Outer", "Join Type": "Inner", "Startup Cost": 0.0, "Total Cost": 61745.44, "Plan Rows": 209278, "Plan Width": 4, "Inner Unique": false, "Plans": [{"Node Type": "Index Scan", "Parent Relationship": "Outer", "Scan Direction": "Forward", "Index Name": "company_type_pkey", "Relation Name": "company_type", "Alias": "ct", "Startup Cost": 0.0, "Total Cost": 12.3, "Plan Rows": 1, "Plan Width": 4, "Filter": "((kind)::text = 'production companies'::text)"}, {"Node Type": "Index Scan", "Parent Relationship": "Inner", "Scan Direction": "Forward", "Index Name": "company_type_id_movie_companies", "Relation Name": "movie_companies", "Alias": "mc", "Startup Cost": 0.0, "Total Cost": 59640.35, "Plan Rows": 209279, "Plan Width": 8, "Index Cond": "(company_type_id = ct.id), (LLVM Optimized)", "Filter": "(((note)::text !~~ '%(TV)%'::text) AND ((note)::text ~~ '%(USA)%'::text)), (LLVM Optimized)"}]}, {"Node Type": "Hash", "Parent Relationship": "Inner", "Startup Cost": 116441.27, "Total Cost": 116441.27, "Plan Rows": 1748840, "Plan Width": 21, "Plans": [{"Node Type": "Index Scan", "Parent Relationship": "Outer", "Scan Direction": "Forward", "Index Name": "title_pkey", "Relation Name": "title", "Alias": "t", "Startup Cost": 0.0, "Total Cost": 116441.27, "Plan Rows": 1748840, "Plan Width": 21, "Filter": "(production_year > 1990), (LLVM Optimized)"}]}]}, {"Node Type": "Index Scan", "Parent Relationship": "Inner", "Scan Direction": "Forward", "Index Name": "movie_id_movie_info", "Relation Name": "movie_info", "Alias": "mi", "Startup Cost": 0.0, "Total Cost": 0.88, "Plan Rows": 1, "Plan Width": 8, "Index Cond": "(movie_id = t.id)", "Filter": "((info)::text = ANY ('{Sweden,Norway,Germany,Denmark,Swedish,Denish,Norwegian,German,USA,American}'::text[]))"}]}, {"Node Type": "Hash", "Parent Relationship": "Inner", "Startup Cost": 9.93, "Total Cost": 9.93, "Plan Rows": 112, "Plan Width": 4, "Plans": [{"Node Type": "Index Only Scan", "Parent Relationship": "Outer", "Scan Direction": "Forward", "Index Name": "info_type_pkey", "Relation Name": "info_type", "Alias": "it", "Startup Cost": 0.0, "Total Cost": 9.93, "Plan Rows": 112, "Plan Width": 4}]}]}]}, "Unique SQL Id": 322094867}, "explain_analyze_plan": {"Plan": {"Node Type": "Aggregate", "Strategy": "Plain", "Startup Cost": 467458.25, "Total Cost": 467458.26, "Plan Rows": 1, "Plan Width": 49, "Actual Startup Time": 4883.833, "Actual Total Time": 4883.833, "Actual Rows": 1, "Actual Loops": 1, "Plans": [{"Node Type": "Hash Join", "Parent Relationship": "Outer", "Join Type": "Inner", "Startup Cost": 138313.1, "Total Cost": 466630.62, "Plan Rows": 331050, "Plan Width": 17, "Actual Startup Time": 4171.512, "Actual Total Time": 4883.36, "Actual Rows": 669, "Actual Loops": 1, "Inner Unique": true, "Hash Cond": "(mi.info_type_id = it.id), (LLVM Optimized, Jit Execute)", "Plans": [{"Node Type": "Nested Loop", "Parent Relationship": "Outer", "Join Type": "Inner", "Startup Cost": 138301.77, "Total Cost": 462249.43, "Plan Rows": 331050, "Plan Width": 21, "Actual Startup Time": 4171.253, "Actual Total Time": 4882.654, "Actual Rows": 669, "Actual Loops": 1, "Inner Unique": false, "Plans": [{"Node Type": "Hash Join", "Parent Relationship": "Outer", "Join Type": "Inner", "Startup Cost": 138301.77, "Total Cost": 203731.36, "Plan Rows": 289936, "Plan Width": 25, "Actual Startup Time": 4171.199, "Actual Total Time": 4855.08, "Actual Rows": 767, "Actual Loops": 1, "Inner Unique": true, "Hash Cond": "(mc.movie_id = t.id), (LLVM Optimized, Jit Execute)", "Plans": [{"Node Type": "Nested Loop", "Parent Relationship": "Outer", "Join Type": "Inner", "Startup Cost": 0.0, "Total Cost": 61745.44, "Plan Rows": 209278, "Plan Width": 4, "Actual Startup Time": 9.63, "Actual Total Time": 692.789, "Actual Rows": 798, "Actual Loops": 1, "Inner Unique": false, "Plans": [{"Node Type": "Index Scan", "Parent Relationship": "Outer", "Scan Direction": "Forward", "Index Name": "company_type_pkey", "Relation Name": "company_type", "Alias": "ct", "Startup Cost": 0.0, "Total Cost": 12.3, "Plan Rows": 1, "Plan Width": 4, "Actual Startup Time": 0.034, "Actual Total Time": 0.044, "Actual Rows": 1, "Actual Loops": 1, "Filter": "((kind)::text = 'production companies'::text)", "Rows Removed by Filter": 2}, {"Node Type": "Index Scan", "Parent Relationship": "Inner", "Scan Direction": "Forward", "Index Name": "company_type_id_movie_companies", "Relation Name": "movie_companies", "Alias": "mc", "Startup Cost": 0.0, "Total Cost": 59640.35, "Plan Rows": 209279, "Plan Width": 8, "Actual Startup Time": 9.586, "Actual Total Time": 692.504, "Actual Rows": 798, "Actual Loops": 1, "Index Cond": "(company_type_id = ct.id), (LLVM Optimized, Jit Execute)", "Rows Removed by Index Recheck": 0, "Filter": "(((note)::text !~~ '%(TV)%'::text) AND ((note)::text ~~ '%(USA)%'::text)), (LLVM Optimized, Jit Execute)", "Rows Removed by Filter": 1334085}]}, {"Node Type": "Hash", "Parent Relationship": "Inner", "Startup Cost": 116441.27, "Total Cost": 116441.27, "Plan Rows": 1748840, "Plan Width": 21, "Actual Startup Time": 4160.051, "Actual Total Time": 4160.051, "Actual Rows": 1749032, "Actual Loops": 1, "Hash Buckets": 2097152, "Hash Batches": 1, "Original Hash Batches": 1, "Peak Memory Usage": 93635, "Plans": [{"Node Type": "Index Scan", "Parent Relationship": "Outer", "Scan Direction": "Forward", "Index Name": "title_pkey", "Relation Name": "title", "Alias": "t", "Startup Cost": 0.0, "Total Cost": 116441.27, "Plan Rows": 1748840, "Plan Width": 21, "Actual Startup Time": 0.054, "Actual Total Time": 3336.652, "Actual Rows": 1749032, "Actual Loops": 1, "Filter": "(production_year > 1990), (LLVM Optimized, Jit Execute)", "Rows Removed by Filter": 779279}]}]}, {"Node Type": "Index Scan", "Parent Relationship": "Inner", "Scan Direction": "Forward", "Index Name": "movie_id_movie_info", "Relation Name": "movie_info", "Alias": "mi", "Startup Cost": 0.0, "Total Cost": 0.88, "Plan Rows": 1, "Plan Width": 8, "Actual Startup Time": 21.027, "Actual Total Time": 23.865, "Actual Rows": 669, "Actual Loops": 767, "Index Cond": "(movie_id = t.id)", "Rows Removed by Index Recheck": 0, "Filter": "((info)::text = ANY ('{Sweden,Norway,Germany,Denmark,Swedish,Denish,Norwegian,German,USA,American}'::text[]))", "Rows Removed by Filter": 7721}]}, {"Node Type": "Hash", "Parent Relationship": "Inner", "Startup Cost": 9.93, "Total Cost": 9.93, "Plan Rows": 112, "Plan Width": 4, "Actual Startup Time": 0.097, "Actual Total Time": 0.097, "Actual Rows": 112, "Actual Loops": 1, "Hash Buckets": 32768, "Hash Batches": 1, "Original Hash Batches": 1, "Peak Memory Usage": 4, "Plans": [{"Node Type": "Index Only Scan", "Parent Relationship": "Outer", "Scan Direction": "Forward", "Index Name": "info_type_pkey", "Relation Name": "info_type", "Alias": "it", "Startup Cost": 0.0, "Total Cost": 9.93, "Plan Rows": 112, "Plan Width": 4, "Actual Startup Time": 0.026, "Actual Total Time": 0.05, "Actual Rows": 112, "Actual Loops": 1, "Heap Fetches": 0}]}]}]}, "Triggers": [], "Planner Runtime": 7.582, "Total Runtime": 4894.178, "Unique SQL Id": 322094867}}, "(64, 42)": {"explain_plan": {"Plan": {"Node Type": "Aggregate", "Strategy": "Plain", "Startup Cost": 282595.42, "Total Cost": 282595.43, "Plan Rows": 1, "Plan Width": 49, "Plans": [{"Node Type": "Hash Join", "Parent Relationship": "Outer", "Join Type": "Inner", "Startup Cost": 187293.84, "Total Cost": 281767.79, "Plan Rows": 331050, "Plan Width": 17, "Inner Unique": true, "Hash Cond": "(mi.info_type_id = it.id), (LLVM Optimized)", "Plans": [{"Node Type": "Hash Join", "Parent Relationship": "Outer", "Join Type": "Inner", "Startup Cost": 187290.32, "Total Cost": 277212.34, "Plan Rows": 331050, "Plan Width": 21, "Inner Unique": false, "Hash Cond": "(mi.movie_id = t.id), (LLVM Optimized)", "Plans": [{"Node Type": "Streaming(type: LOCAL GATHER dop: 1/64)", "Parent Relationship": "Outer", "Startup Cost": 0.0, "Total Cost": 85529.75, "Plan Rows": 726375, "Plan Width": 8, "Plans": [{"Node Type": "Seq Scan", "Parent Relationship": "Outer", "Relation Name": "movie_info", "Alias": "mi", "Startup Cost": 0.0, "Total Cost": 70544.72, "Plan Rows": 726375, "Plan Width": 8, "Filter": "((info)::text = ANY ('{Sweden,Norway,Germany,Denmark,Swedish,Denish,Norwegian,German,USA,American}'::text[]))"}]}, {"Node Type": "Hash", "Parent Relationship": "Inner", "Startup Cost": 183666.12, "Total Cost": 183666.12, "Plan Rows": 289936, "Plan Width": 25, "Plans": [{"Node Type": "Hash Join", "Parent Relationship": "Outer", "Join Type": "Inner", "Startup Cost": 121977.26, "Total Cost": 183666.12, "Plan Rows": 289936, "Plan Width": 25, "Inner Unique": true, "Hash Cond": "(mc.movie_id = t.id), (LLVM Optimized)", "Plans": [{"Node Type": "Hash Join", "Parent Relationship": "Outer", "Join Type": "Inner", "Startup Cost": 1.05, "Total Cost": 58005.76, "Plan Rows": 209278, "Plan Width": 4, "Inner Unique": true, "Hash Cond": "(mc.company_type_id = ct.id), (LLVM Optimized)", "Plans": [{"Node Type": "Seq Scan", "Parent Relationship": "Outer", "Relation Name": "movie_companies", "Alias": "mc", "Startup Cost": 0.0, "Total Cost": 54862.92, "Plan Rows": 418557, "Plan Width": 8, "Filter": "(((note)::text !~~ '%(TV)%'::text) AND ((note)::text ~~ '%(USA)%'::text)), (LLVM Optimized)"}, {"Node Type": "Hash", "Parent Relationship": "Inner", "Startup Cost": 1.04, "Total Cost": 1.04, "Plan Rows": 1, "Plan Width": 4, "Plans": [{"Node Type": "Seq Scan", "Parent Relationship": "Outer", "Relation Name": "company_type", "Alias": "ct", "Startup Cost": 0.0, "Total Cost": 1.04, "Plan Rows": 1, "Plan Width": 4, "Filter": "((kind)::text = 'production companies'::text)"}]}]}, {"Node Type": "Hash", "Parent Relationship": "Inner", "Startup Cost": 100115.71, "Total Cost": 100115.71, "Plan Rows": 1748840, "Plan Width": 21, "Plans": [{"Node Type": "Streaming(type: LOCAL GATHER dop: 1/64)", "Parent Relationship": "Outer", "Startup Cost": 0.0, "Total Cost": 100115.71, "Plan Rows": 1748840, "Plan Width": 21, "Plans": [{"Node Type": "Seq Scan", "Parent Relationship": "Outer", "Relation Name": "title", "Alias": "t", "Startup Cost": 0.0, "Total Cost": 64037.34, "Plan Rows": 1748840, "Plan Width": 21, "Filter": "(production_year > 1990), (LLVM Optimized)"}]}]}]}]}]}, {"Node Type": "Hash", "Parent Relationship": "Inner", "Startup Cost": 2.12, "Total Cost": 2.12, "Plan Rows": 112, "Plan Width": 4, "Plans": [{"Node Type": "Seq Scan", "Parent Relationship": "Outer", "Relation Name": "info_type", "Alias": "it", "Startup Cost": 0.0, "Total Cost": 2.12, "Plan Rows": 112, "Plan Width": 4}]}]}]}, "Unique SQL Id": 322094867}, "explain_analyze_plan": {"Plan": {"Node Type": "Aggregate", "Strategy": "Plain", "Startup Cost": 282595.42, "Total Cost": 282595.43, "Plan Rows": 1, "Plan Width": 49, "Actual Min Startup Time": 2863.059, "Actual Max Startup Time": 2863.059, "Actual Min Total Time": 2863.059, "Actual Max Total Time": 2863.059, "Actual Total Rows": 1, "Plans": [{"Node Type": "Hash Join", "Parent Relationship": "Outer", "Join Type": "Inner", "Startup Cost": 187293.84, "Total Cost": 281767.79, "Plan Rows": 331050, "Plan Width": 17, "Actual Min Startup Time": 2501.901, "Actual Max Startup Time": 2501.901, "Actual Min Total Time": 2862.568, "Actual Max Total Time": 2862.568, "Actual Total Rows": 669, "Inner Unique": true, "Hash Cond": "(mi.info_type_id = it.id), (LLVM Optimized, Jit Execute)", "Plans": [{"Node Type": "Hash Join", "Parent Relationship": "Outer", "Join Type": "Inner", "Startup Cost": 187290.32, "Total Cost": 277212.34, "Plan Rows": 331050, "Plan Width": 21, "Actual Min Startup Time": 2501.69, "Actual Max Startup Time": 2501.69, "Actual Min Total Time": 2861.865, "Actual Max Total Time": 2861.865, "Actual Total Rows": 669, "Inner Unique": false, "Hash Cond": "(mi.movie_id = t.id), (LLVM Optimized, Jit Execute)", "Plans": [{"Node Type": "Streaming(type: LOCAL GATHER dop: 1/64)", "Parent Relationship": "Outer", "Startup Cost": 0.0, "Total Cost": 85529.75, "Plan Rows": 726375, "Plan Width": 8, "Actual Min Startup Time": 0.158, "Actual Max Startup Time": 0.158, "Actual Min Total Time": 218.045, "Actual Max Total Time": 218.045, "Actual Total Rows": 706674, "Plans": [{"Node Type": "Seq Scan", "Parent Relationship": "Outer", "Relation Name": "movie_info", "Alias": "mi", "Startup Cost": 0.0, "Total Cost": 70544.72, "Plan Rows": 726375, "Plan Width": 8, "Actual Min Startup Time": 0.04, "Actual Max Startup Time": 3.309, "Actual Min Total Time": 121.222, "Actual Max Total Time": 141.902, "Actual Total Rows": 706674, "Filter": "((info)::text = ANY ('{Sweden,Norway,Germany,Denmark,Swedish,Denish,Norwegian,German,USA,American}'::text[]))", "Rows Removed by Filter": 14129045}]}, {"Node Type": "Hash", "Parent Relationship": "Inner", "Startup Cost": 183666.12, "Total Cost": 183666.12, "Plan Rows": 289936, "Plan Width": 25, "Actual Min Startup Time": 2495.521, "Actual Max Startup Time": 2495.521, "Actual Min Total Time": 2495.521, "Actual Max Total Time": 2495.521, "Actual Total Rows": 767, "Max Hash Buckets": 524288, "Min Hash Buckets": 524288, "Max Hash Batches": 1, "Min Hash Batches": 1, "Max Original Hash Batches": 1, "Min Original Hash Batches": 1, "Max Peak Memory Usage": 45, "min Peak Memory Usage": 45, "Plans": [{"Node Type": "Hash Join", "Parent Relationship": "Outer", "Join Type": "Inner", "Startup Cost": 121977.26, "Total Cost": 183666.12, "Plan Rows": 289936, "Plan Width": 25, "Actual Min Startup Time": 2159.015, "Actual Max Startup Time": 2159.015, "Actual Min Total Time": 2495.106, "Actual Max Total Time": 2495.106, "Actual Total Rows": 767, "Inner Unique": true, "Hash Cond": "(mc.movie_id = t.id), (LLVM Optimized, Jit Execute)", "Plans": [{"Node Type": "Hash Join", "Parent Relationship": "Outer", "Join Type": "Inner", "Startup Cost": 1.05, "Total Cost": 58005.76, "Plan Rows": 209278, "Plan Width": 4, "Actual Min Startup Time": 793.946, "Actual Max Startup Time": 793.946, "Actual Min Total Time": 1129.362, "Actual Max Total Time": 1129.362, "Actual Total Rows": 798, "Inner Unique": true, "Hash Cond": "(mc.company_type_id = ct.id), (LLVM Optimized, Jit Execute)", "Plans": [{"Node Type": "Seq Scan", "Parent Relationship": "Outer", "Relation Name": "movie_companies", "Alias": "mc", "Startup Cost": 0.0, "Total Cost": 54862.92, "Plan Rows": 418557, "Plan Width": 8, "Actual Min Startup Time": 0.053, "Actual Max Startup Time": 0.053, "Actual Min Total Time": 1077.451, "Actual Max Total Time": 1077.451, "Actual Total Rows": 295628, "Filter": "(((note)::text !~~ '%(TV)%'::text) AND ((note)::text ~~ '%(USA)%'::text)), (LLVM Optimized, Jit Execute)", "Rows Removed by Filter": 2313500}, {"Node Type": "Hash", "Parent Relationship": "Inner", "Startup Cost": 1.04, "Total Cost": 1.04, "Plan Rows": 1, "Plan Width": 4, "Actual Min Startup Time": 0.032, "Actual Max Startup Time": 0.032, "Actual Min Total Time": 0.032, "Actual Max Total Time": 0.032, "Actual Total Rows": 1, "Max Hash Buckets": 32768, "Min Hash Buckets": 32768, "Max Hash Batches": 1, "Min Hash Batches": 1, "Max Original Hash Batches": 1, "Min Original Hash Batches": 1, "Max Peak Memory Usage": 1, "min Peak Memory Usage": 1, "Plans": [{"Node Type": "Seq Scan", "Parent Relationship": "Outer", "Relation Name": "company_type", "Alias": "ct", "Startup Cost": 0.0, "Total Cost": 1.04, "Plan Rows": 1, "Plan Width": 4, "Actual Min Startup Time": 0.024, "Actual Max Startup Time": 0.024, "Actual Min Total Time": 0.027, "Actual Max Total Time": 0.027, "Actual Total Rows": 1, "Filter": "((kind)::text = 'production companies'::text)", "Rows Removed by Filter": 2}]}]}, {"Node Type": "Hash", "Parent Relationship": "Inner", "Startup Cost": 100115.71, "Total Cost": 100115.71, "Plan Rows": 1748840, "Plan Width": 21, "Actual Min Startup Time": 1363.436, "Actual Max Startup Time": 1363.436, "Actual Min Total Time": 1363.436, "Actual Max Total Time": 1363.436, "Actual Total Rows": 1749032, "Max Hash Buckets": 2097152, "Min Hash Buckets": 2097152, "Max Hash Batches": 1, "Min Hash Batches": 1, "Max Original Hash Batches": 1, "Min Original Hash Batches": 1, "Max Peak Memory Usage": 93635, "min Peak Memory Usage": 93635, "Plans": [{"Node Type": "Streaming(type: LOCAL GATHER dop: 1/64)", "Parent Relationship": "Outer", "Startup Cost": 0.0, "Total Cost": 100115.71, "Plan Rows": 1748840, "Plan Width": 21, "Actual Min Startup Time": 111.075, "Actual Max Startup Time": 111.075, "Actual Min Total Time": 745.821, "Actual Max Total Time": 745.821, "Actual Total Rows": 1749032, "Plans": [{"Node Type": "Seq Scan", "Parent Relationship": "Outer", "Relation Name": "title", "Alias": "t", "Startup Cost": 0.0, "Total Cost": 64037.34, "Plan Rows": 1748840, "Plan Width": 21, "Actual Min Startup Time": 0.025, "Actual Max Startup Time": 0.049, "Actual Min Total Time": 15.077, "Actual Max Total Time": 19.374, "Actual Total Rows": 1749032, "Filter": "(production_year > 1990), (LLVM Optimized, Jit Execute)", "Rows Removed by Filter": 779279}]}]}]}]}]}, {"Node Type": "Hash", "Parent Relationship": "Inner", "Startup Cost": 2.12, "Total Cost": 2.12, "Plan Rows": 112, "Plan Width": 4, "Actual Min Startup Time": 0.133, "Actual Max Startup Time": 0.133, "Actual Min Total Time": 0.133, "Actual Max Total Time": 0.133, "Actual Total Rows": 112, "Max Hash Buckets": 32768, "Min Hash Buckets": 32768, "Max Hash Batches": 1, "Min Hash Batches": 1, "Max Original Hash Batches": 1, "Min Original Hash Batches": 1, "Max Peak Memory Usage": 4, "min Peak Memory Usage": 4, "Plans": [{"Node Type": "Seq Scan", "Parent Relationship": "Outer", "Relation Name": "info_type", "Alias": "it", "Startup Cost": 0.0, "Total Cost": 2.12, "Plan Rows": 112, "Plan Width": 4, "Actual Min Startup Time": 0.056, "Actual Max Startup Time": 0.056, "Actual Min Total Time": 0.079, "Actual Max Total Time": 0.079, "Actual Total Rows": 112}]}]}]}, "Triggers": [], "Planner Runtime": 19.742, "Total Runtime": 2897.891, "Unique SQL Id": 322094867}}, "(64, 43)": {"explain_plan": {"Plan": {"Node Type": "Aggregate", "Strategy": "Plain", "Startup Cost": 5008697310776.9, "Total Cost": 5008697310776.91, "Plan Rows": 1, "Plan Width": 49, "Plans": [{"Node Type": "Nested Loop", "Parent Relationship": "Outer", "Join Type": "Inner", "Startup Cost": 50000000000.0, "Total Cost": 5008697309949.27, "Plan Rows": 331050, "Plan Width": 17, "Inner Unique": false, "Join Filter": "(mi.movie_id = t.id), (LLVM Optimized)", "Plans": [{"Node Type": "Index Scan", "Parent Relationship": "Outer", "Scan Direction": "Forward", "Index Name": "title_pkey", "Relation Name": "title", "Alias": "t", "Startup Cost": 10000000000.0, "Total Cost": 1000011644126.66, "Plan Rows": 1748840, "Plan Width": 21, "Filter": "(production_year > 1990), (LLVM Optimized)"}, {"Node Type": "Materialize", "Parent Relationship": "Inner", "Startup Cost": 40000000000.0, "Total Cost": 4002417255487.0, "Plan Rows": 238955, "Plan Width": 8, "Plans": [{"Node Type": "Nested Loop", "Parent Relationship": "Outer", "Join Type": "Inner", "Startup Cost": 40000000000.0, "Total Cost": 4002417254292.22, "Plan Rows": 238955, "Plan Width": 8, "Inner Unique": true, "Join Filter": "(mi.info_type_id = it.id), (LLVM Optimized)", "Plans": [{"Node Type": "Nested Loop", "Parent Relationship": "Outer", "Join Type": "Inner", "Startup Cost": 30000000000.0, "Total Cost": 3002416851854.54, "Plan Rows": 238955, "Plan Width": 12, "Inner Unique": false, "Join Filter": "(mc.movie_id = mi.movie_id), (LLVM Optimized)", "Plans": [{"Node Type": "Nested Loop", "Parent Relationship": "Outer", "Join Type": "Inner", "Startup Cost": 20000000000.0, "Total Cost": 2000014364018.74, "Plan Rows": 209278, "Plan Width": 4, "Inner Unique": true, "Join Filter": "(ct.id = mc.company_type_id), (LLVM Optimized)", "Plans": [{"Node Type": "Index Scan", "Parent Relationship": "Outer", "Scan Direction": "Forward", "Index Name": "movie_id_movie_companies", "Relation Name": "movie_companies", "Alias": "mc", "Startup Cost": 10000000000.0, "Total Cost": 1000014356510.13, "Plan Rows": 418557, "Plan Width": 8, "Filter": "(((note)::text !~~ '%(TV)%'::text) AND ((note)::text ~~ '%(USA)%'::text)), (LLVM Optimized)"}, {"Node Type": "Materialize", "Parent Relationship": "Inner", "Startup Cost": 10000000000.0, "Total Cost": 1000000001230.26, "Plan Rows": 1, "Plan Width": 4, "Plans": [{"Node Type": "Index Scan", "Parent Relationship": "Outer", "Scan Direction": "Forward", "Index Name": "company_type_pkey", "Relation Name": "company_type", "Alias": "ct", "Startup Cost": 10000000000.0, "Total Cost": 1000000001230.25, "Plan Rows": 1, "Plan Width": 4, "Filter": "((kind)::text = 'production companies'::text)"}]}]}, {"Node Type": "Materialize", "Parent Relationship": "Inner", "Startup Cost": 10000000000.0, "Total Cost": 1000122275042.99, "Plan Rows": 726375, "Plan Width": 8, "Plans": [{"Node Type": "Index Scan", "Parent Relationship": "Outer", "Scan Direction": "Forward", "Index Name": "info_type_id_movie_info", "Relation Name": "movie_info", "Alias": "mi", "Startup Cost": 10000000000.0, "Total Cost": 1000122271411.12, "Plan Rows": 726375, "Plan Width": 8, "Filter": "((info)::text = ANY ('{Sweden,Norway,Germany,Denmark,Swedish,Denish,Norwegian,German,USA,American}'::text[]))"}]}]}, {"Node Type": "Materialize", "Parent Relationship": "Inner", "Startup Cost": 10000000000.0, "Total Cost": 1000000000993.56, "Plan Rows": 112, "Plan Width": 4, "Plans": [{"Node Type": "Index Only Scan", "Parent Relationship": "Outer", "Scan Direction": "Forward", "Index Name": "info_type_pkey", "Relation Name": "info_type", "Alias": "it", "Startup Cost": 10000000000.0, "Total Cost": 1000000000993.0, "Plan Rows": 112, "Plan Width": 4}]}]}]}]}]}, "Unique SQL Id": 322094867}, "explain_analyze_plan": null}, "(64, 44)": {"explain_plan": {"Plan": {"Node Type": "Aggregate", "Strategy": "Plain", "Startup Cost": 282595.42, "Total Cost": 282595.43, "Plan Rows": 1, "Plan Width": 49, "Plans": [{"Node Type": "Hash Join", "Parent Relationship": "Outer", "Join Type": "Inner", "Startup Cost": 187293.84, "Total Cost": 281767.79, "Plan Rows": 331050, "Plan Width": 17, "Inner Unique": true, "Hash Cond": "(mi.info_type_id = it.id), (LLVM Optimized)", "Plans": [{"Node Type": "Hash Join", "Parent Relationship": "Outer", "Join Type": "Inner", "Startup Cost": 187290.32, "Total Cost": 277212.34, "Plan Rows": 331050, "Plan Width": 21, "Inner Unique": false, "Hash Cond": "(mi.movie_id = t.id), (LLVM Optimized)", "Plans": [{"Node Type": "Streaming(type: LOCAL GATHER dop: 1/64)", "Parent Relationship": "Outer", "Startup Cost": 0.0, "Total Cost": 85529.75, "Plan Rows": 726375, "Plan Width": 8, "Plans": [{"Node Type": "Seq Scan", "Parent Relationship": "Outer", "Relation Name": "movie_info", "Alias": "mi", "Startup Cost": 0.0, "Total Cost": 70544.72, "Plan Rows": 726375, "Plan Width": 8, "Filter": "((info)::text = ANY ('{Sweden,Norway,Germany,Denmark,Swedish,Denish,Norwegian,German,USA,American}'::text[]))"}]}, {"Node Type": "Hash", "Parent Relationship": "Inner", "Startup Cost": 183666.12, "Total Cost": 183666.12, "Plan Rows": 289936, "Plan Width": 25, "Plans": [{"Node Type": "Hash Join", "Parent Relationship": "Outer", "Join Type": "Inner", "Startup Cost": 121977.26, "Total Cost": 183666.12, "Plan Rows": 289936, "Plan Width": 25, "Inner Unique": true, "Hash Cond": "(mc.movie_id = t.id), (LLVM Optimized)", "Plans": [{"Node Type": "Hash Join", "Parent Relationship": "Outer", "Join Type": "Inner", "Startup Cost": 1.05, "Total Cost": 58005.76, "Plan Rows": 209278, "Plan Width": 4, "Inner Unique": true, "Hash Cond": "(mc.company_type_id = ct.id), (LLVM Optimized)", "Plans": [{"Node Type": "Seq Scan", "Parent Relationship": "Outer", "Relation Name": "movie_companies", "Alias": "mc", "Startup Cost": 0.0, "Total Cost": 54862.92, "Plan Rows": 418557, "Plan Width": 8, "Filter": "(((note)::text !~~ '%(TV)%'::text) AND ((note)::text ~~ '%(USA)%'::text)), (LLVM Optimized)"}, {"Node Type": "Hash", "Parent Relationship": "Inner", "Startup Cost": 1.04, "Total Cost": 1.04, "Plan Rows": 1, "Plan Width": 4, "Plans": [{"Node Type": "Seq Scan", "Parent Relationship": "Outer", "Relation Name": "company_type", "Alias": "ct", "Startup Cost": 0.0, "Total Cost": 1.04, "Plan Rows": 1, "Plan Width": 4, "Filter": "((kind)::text = 'production companies'::text)"}]}]}, {"Node Type": "Hash", "Parent Relationship": "Inner", "Startup Cost": 100115.71, "Total Cost": 100115.71, "Plan Rows": 1748840, "Plan Width": 21, "Plans": [{"Node Type": "Streaming(type: LOCAL GATHER dop: 1/64)", "Parent Relationship": "Outer", "Startup Cost": 0.0, "Total Cost": 100115.71, "Plan Rows": 1748840, "Plan Width": 21, "Plans": [{"Node Type": "Seq Scan", "Parent Relationship": "Outer", "Relation Name": "title", "Alias": "t", "Startup Cost": 0.0, "Total Cost": 64037.34, "Plan Rows": 1748840, "Plan Width": 21, "Filter": "(production_year > 1990), (LLVM Optimized)"}]}]}]}]}]}, {"Node Type": "Hash", "Parent Relationship": "Inner", "Startup Cost": 2.12, "Total Cost": 2.12, "Plan Rows": 112, "Plan Width": 4, "Plans": [{"Node Type": "Seq Scan", "Parent Relationship": "Outer", "Relation Name": "info_type", "Alias": "it", "Startup Cost": 0.0, "Total Cost": 2.12, "Plan Rows": 112, "Plan Width": 4}]}]}]}, "Unique SQL Id": 322094867}, "explain_analyze_plan": {"Plan": {"Node Type": "Aggregate", "Strategy": "Plain", "Startup Cost": 282595.42, "Total Cost": 282595.43, "Plan Rows": 1, "Plan Width": 49, "Actual Min Startup Time": 2863.059, "Actual Max Startup Time": 2863.059, "Actual Min Total Time": 2863.059, "Actual Max Total Time": 2863.059, "Actual Total Rows": 1, "Plans": [{"Node Type": "Hash Join", "Parent Relationship": "Outer", "Join Type": "Inner", "Startup Cost": 187293.84, "Total Cost": 281767.79, "Plan Rows": 331050, "Plan Width": 17, "Actual Min Startup Time": 2501.901, "Actual Max Startup Time": 2501.901, "Actual Min Total Time": 2862.568, "Actual Max Total Time": 2862.568, "Actual Total Rows": 669, "Inner Unique": true, "Hash Cond": "(mi.info_type_id = it.id), (LLVM Optimized, Jit Execute)", "Plans": [{"Node Type": "Hash Join", "Parent Relationship": "Outer", "Join Type": "Inner", "Startup Cost": 187290.32, "Total Cost": 277212.34, "Plan Rows": 331050, "Plan Width": 21, "Actual Min Startup Time": 2501.69, "Actual Max Startup Time": 2501.69, "Actual Min Total Time": 2861.865, "Actual Max Total Time": 2861.865, "Actual Total Rows": 669, "Inner Unique": false, "Hash Cond": "(mi.movie_id = t.id), (LLVM Optimized, Jit Execute)", "Plans": [{"Node Type": "Streaming(type: LOCAL GATHER dop: 1/64)", "Parent Relationship": "Outer", "Startup Cost": 0.0, "Total Cost": 85529.75, "Plan Rows": 726375, "Plan Width": 8, "Actual Min Startup Time": 0.158, "Actual Max Startup Time": 0.158, "Actual Min Total Time": 218.045, "Actual Max Total Time": 218.045, "Actual Total Rows": 706674, "Plans": [{"Node Type": "Seq Scan", "Parent Relationship": "Outer", "Relation Name": "movie_info", "Alias": "mi", "Startup Cost": 0.0, "Total Cost": 70544.72, "Plan Rows": 726375, "Plan Width": 8, "Actual Min Startup Time": 0.04, "Actual Max Startup Time": 3.309, "Actual Min Total Time": 121.222, "Actual Max Total Time": 141.902, "Actual Total Rows": 706674, "Filter": "((info)::text = ANY ('{Sweden,Norway,Germany,Denmark,Swedish,Denish,Norwegian,German,USA,American}'::text[]))", "Rows Removed by Filter": 14129045}]}, {"Node Type": "Hash", "Parent Relationship": "Inner", "Startup Cost": 183666.12, "Total Cost": 183666.12, "Plan Rows": 289936, "Plan Width": 25, "Actual Min Startup Time": 2495.521, "Actual Max Startup Time": 2495.521, "Actual Min Total Time": 2495.521, "Actual Max Total Time": 2495.521, "Actual Total Rows": 767, "Max Hash Buckets": 524288, "Min Hash Buckets": 524288, "Max Hash Batches": 1, "Min Hash Batches": 1, "Max Original Hash Batches": 1, "Min Original Hash Batches": 1, "Max Peak Memory Usage": 45, "min Peak Memory Usage": 45, "Plans": [{"Node Type": "Hash Join", "Parent Relationship": "Outer", "Join Type": "Inner", "Startup Cost": 121977.26, "Total Cost": 183666.12, "Plan Rows": 289936, "Plan Width": 25, "Actual Min Startup Time": 2159.015, "Actual Max Startup Time": 2159.015, "Actual Min Total Time": 2495.106, "Actual Max Total Time": 2495.106, "Actual Total Rows": 767, "Inner Unique": true, "Hash Cond": "(mc.movie_id = t.id), (LLVM Optimized, Jit Execute)", "Plans": [{"Node Type": "Hash Join", "Parent Relationship": "Outer", "Join Type": "Inner", "Startup Cost": 1.05, "Total Cost": 58005.76, "Plan Rows": 209278, "Plan Width": 4, "Actual Min Startup Time": 793.946, "Actual Max Startup Time": 793.946, "Actual Min Total Time": 1129.362, "Actual Max Total Time": 1129.362, "Actual Total Rows": 798, "Inner Unique": true, "Hash Cond": "(mc.company_type_id = ct.id), (LLVM Optimized, Jit Execute)", "Plans": [{"Node Type": "Seq Scan", "Parent Relationship": "Outer", "Relation Name": "movie_companies", "Alias": "mc", "Startup Cost": 0.0, "Total Cost": 54862.92, "Plan Rows": 418557, "Plan Width": 8, "Actual Min Startup Time": 0.053, "Actual Max Startup Time": 0.053, "Actual Min Total Time": 1077.451, "Actual Max Total Time": 1077.451, "Actual Total Rows": 295628, "Filter": "(((note)::text !~~ '%(TV)%'::text) AND ((note)::text ~~ '%(USA)%'::text)), (LLVM Optimized, Jit Execute)", "Rows Removed by Filter": 2313500}, {"Node Type": "Hash", "Parent Relationship": "Inner", "Startup Cost": 1.04, "Total Cost": 1.04, "Plan Rows": 1, "Plan Width": 4, "Actual Min Startup Time": 0.032, "Actual Max Startup Time": 0.032, "Actual Min Total Time": 0.032, "Actual Max Total Time": 0.032, "Actual Total Rows": 1, "Max Hash Buckets": 32768, "Min Hash Buckets": 32768, "Max Hash Batches": 1, "Min Hash Batches": 1, "Max Original Hash Batches": 1, "Min Original Hash Batches": 1, "Max Peak Memory Usage": 1, "min Peak Memory Usage": 1, "Plans": [{"Node Type": "Seq Scan", "Parent Relationship": "Outer", "Relation Name": "company_type", "Alias": "ct", "Startup Cost": 0.0, "Total Cost": 1.04, "Plan Rows": 1, "Plan Width": 4, "Actual Min Startup Time": 0.024, "Actual Max Startup Time": 0.024, "Actual Min Total Time": 0.027, "Actual Max Total Time": 0.027, "Actual Total Rows": 1, "Filter": "((kind)::text = 'production companies'::text)", "Rows Removed by Filter": 2}]}]}, {"Node Type": "Hash", "Parent Relationship": "Inner", "Startup Cost": 100115.71, "Total Cost": 100115.71, "Plan Rows": 1748840, "Plan Width": 21, "Actual Min Startup Time": 1363.436, "Actual Max Startup Time": 1363.436, "Actual Min Total Time": 1363.436, "Actual Max Total Time": 1363.436, "Actual Total Rows": 1749032, "Max Hash Buckets": 2097152, "Min Hash Buckets": 2097152, "Max Hash Batches": 1, "Min Hash Batches": 1, "Max Original Hash Batches": 1, "Min Original Hash Batches": 1, "Max Peak Memory Usage": 93635, "min Peak Memory Usage": 93635, "Plans": [{"Node Type": "Streaming(type: LOCAL GATHER dop: 1/64)", "Parent Relationship": "Outer", "Startup Cost": 0.0, "Total Cost": 100115.71, "Plan Rows": 1748840, "Plan Width": 21, "Actual Min Startup Time": 111.075, "Actual Max Startup Time": 111.075, "Actual Min Total Time": 745.821, "Actual Max Total Time": 745.821, "Actual Total Rows": 1749032, "Plans": [{"Node Type": "Seq Scan", "Parent Relationship": "Outer", "Relation Name": "title", "Alias": "t", "Startup Cost": 0.0, "Total Cost": 64037.34, "Plan Rows": 1748840, "Plan Width": 21, "Actual Min Startup Time": 0.025, "Actual Max Startup Time": 0.049, "Actual Min Total Time": 15.077, "Actual Max Total Time": 19.374, "Actual Total Rows": 1749032, "Filter": "(production_year > 1990), (LLVM Optimized, Jit Execute)", "Rows Removed by Filter": 779279}]}]}]}]}]}, {"Node Type": "Hash", "Parent Relationship": "Inner", "Startup Cost": 2.12, "Total Cost": 2.12, "Plan Rows": 112, "Plan Width": 4, "Actual Min Startup Time": 0.133, "Actual Max Startup Time": 0.133, "Actual Min Total Time": 0.133, "Actual Max Total Time": 0.133, "Actual Total Rows": 112, "Max Hash Buckets": 32768, "Min Hash Buckets": 32768, "Max Hash Batches": 1, "Min Hash Batches": 1, "Max Original Hash Batches": 1, "Min Original Hash Batches": 1, "Max Peak Memory Usage": 4, "min Peak Memory Usage": 4, "Plans": [{"Node Type": "Seq Scan", "Parent Relationship": "Outer", "Relation Name": "info_type", "Alias": "it", "Startup Cost": 0.0, "Total Cost": 2.12, "Plan Rows": 112, "Plan Width": 4, "Actual Min Startup Time": 0.056, "Actual Max Startup Time": 0.056, "Actual Min Total Time": 0.079, "Actual Max Total Time": 0.079, "Actual Total Rows": 112}]}]}]}, "Triggers": [], "Planner Runtime": 19.742, "Total Runtime": 2897.891, "Unique SQL Id": 322094867}}, "(64, 45)": {"explain_plan": {"Plan": {"Node Type": "Aggregate", "Strategy": "Plain", "Startup Cost": 467462.25, "Total Cost": 467462.26, "Plan Rows": 1, "Plan Width": 49, "Plans": [{"Node Type": "Hash Join", "Parent Relationship": "Outer", "Join Type": "Inner", "Startup Cost": 138317.1, "Total Cost": 466634.62, "Plan Rows": 331050, "Plan Width": 17, "Inner Unique": true, "Hash Cond": "(mi.info_type_id = it.id), (LLVM Optimized)", "Plans": [{"Node Type": "Nested Loop", "Parent Relationship": "Outer", "Join Type": "Inner", "Startup Cost": 138301.77, "Total Cost": 462249.43, "Plan Rows": 331050, "Plan Width": 21, "Inner Unique": false, "Plans": [{"Node Type": "Hash Join", "Parent Relationship": "Outer", "Join Type": "Inner", "Startup Cost": 138301.77, "Total Cost": 203731.36, "Plan Rows": 289936, "Plan Width": 25, "Inner Unique": true, "Hash Cond": "(mc.movie_id = t.id), (LLVM Optimized)", "Plans": [{"Node Type": "Nested Loop", "Parent Relationship": "Outer", "Join Type": "Inner", "Startup Cost": 0.0, "Total Cost": 61745.44, "Plan Rows": 209278, "Plan Width": 4, "Inner Unique": false, "Plans": [{"Node Type": "Index Scan", "Parent Relationship": "Outer", "Scan Direction": "Forward", "Index Name": "company_type_pkey", "Relation Name": "company_type", "Alias": "ct", "Startup Cost": 0.0, "Total Cost": 12.3, "Plan Rows": 1, "Plan Width": 4, "Filter": "((kind)::text = 'production companies'::text)"}, {"Node Type": "Index Scan", "Parent Relationship": "Inner", "Scan Direction": "Forward", "Index Name": "company_type_id_movie_companies", "Relation Name": "movie_companies", "Alias": "mc", "Startup Cost": 0.0, "Total Cost": 59640.35, "Plan Rows": 209279, "Plan Width": 8, "Index Cond": "(company_type_id = ct.id), (LLVM Optimized)", "Filter": "(((note)::text !~~ '%(TV)%'::text) AND ((note)::text ~~ '%(USA)%'::text)), (LLVM Optimized)"}]}, {"Node Type": "Hash", "Parent Relationship": "Inner", "Startup Cost": 116441.27, "Total Cost": 116441.27, "Plan Rows": 1748840, "Plan Width": 21, "Plans": [{"Node Type": "Index Scan", "Parent Relationship": "Outer", "Scan Direction": "Forward", "Index Name": "title_pkey", "Relation Name": "title", "Alias": "t", "Startup Cost": 0.0, "Total Cost": 116441.27, "Plan Rows": 1748840, "Plan Width": 21, "Filter": "(production_year > 1990), (LLVM Optimized)"}]}]}, {"Node Type": "Index Scan", "Parent Relationship": "Inner", "Scan Direction": "Forward", "Index Name": "movie_id_movie_info", "Relation Name": "movie_info", "Alias": "mi", "Startup Cost": 0.0, "Total Cost": 0.88, "Plan Rows": 1, "Plan Width": 8, "Index Cond": "(movie_id = t.id)", "Filter": "((info)::text = ANY ('{Sweden,Norway,Germany,Denmark,Swedish,Denish,Norwegian,German,USA,American}'::text[]))"}]}, {"Node Type": "Hash", "Parent Relationship": "Inner", "Startup Cost": 13.93, "Total Cost": 13.93, "Plan Rows": 112, "Plan Width": 4, "Plans": [{"Node Type": "Index Scan", "Parent Relationship": "Outer", "Scan Direction": "Forward", "Index Name": "info_type_pkey", "Relation Name": "info_type", "Alias": "it", "Startup Cost": 0.0, "Total Cost": 13.93, "Plan Rows": 112, "Plan Width": 4}]}]}]}, "Unique SQL Id": 322094867}, "explain_analyze_plan": {"Plan": {"Node Type": "Aggregate", "Strategy": "Plain", "Startup Cost": 467462.25, "Total Cost": 467462.26, "Plan Rows": 1, "Plan Width": 49, "Actual Startup Time": 4755.137, "Actual Total Time": 4755.137, "Actual Rows": 1, "Actual Loops": 1, "Plans": [{"Node Type": "Hash Join", "Parent Relationship": "Outer", "Join Type": "Inner", "Startup Cost": 138317.1, "Total Cost": 466634.62, "Plan Rows": 331050, "Plan Width": 17, "Actual Startup Time": 4097.447, "Actual Total Time": 4754.593, "Actual Rows": 669, "Actual Loops": 1, "Inner Unique": true, "Hash Cond": "(mi.info_type_id = it.id), (LLVM Optimized, Jit Execute)", "Plans": [{"Node Type": "Nested Loop", "Parent Relationship": "Outer", "Join Type": "Inner", "Startup Cost": 138301.77, "Total Cost": 462249.43, "Plan Rows": 331050, "Plan Width": 21, "Actual Startup Time": 4097.296, "Actual Total Time": 4754.032, "Actual Rows": 669, "Actual Loops": 1, "Inner Unique": false, "Plans": [{"Node Type": "Hash Join", "Parent Relationship": "Outer", "Join Type": "Inner", "Startup Cost": 138301.77, "Total Cost": 203731.36, "Plan Rows": 289936, "Plan Width": 25, "Actual Startup Time": 4097.236, "Actual Total Time": 4727.0, "Actual Rows": 767, "Actual Loops": 1, "Inner Unique": true, "Hash Cond": "(mc.movie_id = t.id), (LLVM Optimized, Jit Execute)", "Plans": [{"Node Type": "Nested Loop", "Parent Relationship": "Outer", "Join Type": "Inner", "Startup Cost": 0.0, "Total Cost": 61745.44, "Plan Rows": 209278, "Plan Width": 4, "Actual Startup Time": 9.617, "Actual Total Time": 638.617, "Actual Rows": 798, "Actual Loops": 1, "Inner Unique": false, "Plans": [{"Node Type": "Index Scan", "Parent Relationship": "Outer", "Scan Direction": "Forward", "Index Name": "company_type_pkey", "Relation Name": "company_type", "Alias": "ct", "Startup Cost": 0.0, "Total Cost": 12.3, "Plan Rows": 1, "Plan Width": 4, "Actual Startup Time": 0.009, "Actual Total Time": 0.024, "Actual Rows": 1, "Actual Loops": 1, "Filter": "((kind)::text = 'production companies'::text)", "Rows Removed by Filter": 2}, {"Node Type": "Index Scan", "Parent Relationship": "Inner", "Scan Direction": "Forward", "Index Name": "company_type_id_movie_companies", "Relation Name": "movie_companies", "Alias": "mc", "Startup Cost": 0.0, "Total Cost": 59640.35, "Plan Rows": 209279, "Plan Width": 8, "Actual Startup Time": 9.603, "Actual Total Time": 638.328, "Actual Rows": 798, "Actual Loops": 1, "Index Cond": "(company_type_id = ct.id), (LLVM Optimized, Jit Execute)", "Rows Removed by Index Recheck": 0, "Filter": "(((note)::text !~~ '%(TV)%'::text) AND ((note)::text ~~ '%(USA)%'::text)), (LLVM Optimized, Jit Execute)", "Rows Removed by Filter": 1334085}]}, {"Node Type": "Hash", "Parent Relationship": "Inner", "Startup Cost": 116441.27, "Total Cost": 116441.27, "Plan Rows": 1748840, "Plan Width": 21, "Actual Startup Time": 4086.382, "Actual Total Time": 4086.382, "Actual Rows": 1749032, "Actual Loops": 1, "Hash Buckets": 2097152, "Hash Batches": 1, "Original Hash Batches": 1, "Peak Memory Usage": 93635, "Plans": [{"Node Type": "Index Scan", "Parent Relationship": "Outer", "Scan Direction": "Forward", "Index Name": "title_pkey", "Relation Name": "title", "Alias": "t", "Startup Cost": 0.0, "Total Cost": 116441.27, "Plan Rows": 1748840, "Plan Width": 21, "Actual Startup Time": 0.042, "Actual Total Time": 3211.25, "Actual Rows": 1749032, "Actual Loops": 1, "Filter": "(production_year > 1990), (LLVM Optimized, Jit Execute)", "Rows Removed by Filter": 779279}]}]}, {"Node Type": "Index Scan", "Parent Relationship": "Inner", "Scan Direction": "Forward", "Index Name": "movie_id_movie_info", "Relation Name": "movie_info", "Alias": "mi", "Startup Cost": 0.0, "Total Cost": 0.88, "Plan Rows": 1, "Plan Width": 8, "Actual Startup Time": 19.498, "Actual Total Time": 22.215, "Actual Rows": 669, "Actual Loops": 767, "Index Cond": "(movie_id = t.id)", "Rows Removed by Index Recheck": 0, "Filter": "((info)::text = ANY ('{Sweden,Norway,Germany,Denmark,Swedish,Denish,Norwegian,German,USA,American}'::text[]))", "Rows Removed by Filter": 7721}]}, {"Node Type": "Hash", "Parent Relationship": "Inner", "Startup Cost": 13.93, "Total Cost": 13.93, "Plan Rows": 112, "Plan Width": 4, "Actual Startup Time": 0.107, "Actual Total Time": 0.107, "Actual Rows": 112, "Actual Loops": 1, "Hash Buckets": 32768, "Hash Batches": 1, "Original Hash Batches": 1, "Peak Memory Usage": 4, "Plans": [{"Node Type": "Index Scan", "Parent Relationship": "Outer", "Scan Direction": "Forward", "Index Name": "info_type_pkey", "Relation Name": "info_type", "Alias": "it", "Startup Cost": 0.0, "Total Cost": 13.93, "Plan Rows": 112, "Plan Width": 4, "Actual Startup Time": 0.024, "Actual Total Time": 0.071, "Actual Rows": 112, "Actual Loops": 1}]}]}]}, "Triggers": [], "Planner Runtime": 7.547, "Total Runtime": 4765.546, "Unique SQL Id": 322094867}}, "(64, 46)": {"explain_plan": {"Plan": {"Node Type": "Aggregate", "Strategy": "Plain", "Startup Cost": 282595.42, "Total Cost": 282595.43, "Plan Rows": 1, "Plan Width": 49, "Plans": [{"Node Type": "Hash Join", "Parent Relationship": "Outer", "Join Type": "Inner", "Startup Cost": 187293.84, "Total Cost": 281767.79, "Plan Rows": 331050, "Plan Width": 17, "Inner Unique": true, "Hash Cond": "(mi.info_type_id = it.id), (LLVM Optimized)", "Plans": [{"Node Type": "Hash Join", "Parent Relationship": "Outer", "Join Type": "Inner", "Startup Cost": 187290.32, "Total Cost": 277212.34, "Plan Rows": 331050, "Plan Width": 21, "Inner Unique": false, "Hash Cond": "(mi.movie_id = t.id), (LLVM Optimized)", "Plans": [{"Node Type": "Streaming(type: LOCAL GATHER dop: 1/64)", "Parent Relationship": "Outer", "Startup Cost": 0.0, "Total Cost": 85529.75, "Plan Rows": 726375, "Plan Width": 8, "Plans": [{"Node Type": "Seq Scan", "Parent Relationship": "Outer", "Relation Name": "movie_info", "Alias": "mi", "Startup Cost": 0.0, "Total Cost": 70544.72, "Plan Rows": 726375, "Plan Width": 8, "Filter": "((info)::text = ANY ('{Sweden,Norway,Germany,Denmark,Swedish,Denish,Norwegian,German,USA,American}'::text[]))"}]}, {"Node Type": "Hash", "Parent Relationship": "Inner", "Startup Cost": 183666.12, "Total Cost": 183666.12, "Plan Rows": 289936, "Plan Width": 25, "Plans": [{"Node Type": "Hash Join", "Parent Relationship": "Outer", "Join Type": "Inner", "Startup Cost": 121977.26, "Total Cost": 183666.12, "Plan Rows": 289936, "Plan Width": 25, "Inner Unique": true, "Hash Cond": "(mc.movie_id = t.id), (LLVM Optimized)", "Plans": [{"Node Type": "Hash Join", "Parent Relationship": "Outer", "Join Type": "Inner", "Startup Cost": 1.05, "Total Cost": 58005.76, "Plan Rows": 209278, "Plan Width": 4, "Inner Unique": true, "Hash Cond": "(mc.company_type_id = ct.id), (LLVM Optimized)", "Plans": [{"Node Type": "Seq Scan", "Parent Relationship": "Outer", "Relation Name": "movie_companies", "Alias": "mc", "Startup Cost": 0.0, "Total Cost": 54862.92, "Plan Rows": 418557, "Plan Width": 8, "Filter": "(((note)::text !~~ '%(TV)%'::text) AND ((note)::text ~~ '%(USA)%'::text)), (LLVM Optimized)"}, {"Node Type": "Hash", "Parent Relationship": "Inner", "Startup Cost": 1.04, "Total Cost": 1.04, "Plan Rows": 1, "Plan Width": 4, "Plans": [{"Node Type": "Seq Scan", "Parent Relationship": "Outer", "Relation Name": "company_type", "Alias": "ct", "Startup Cost": 0.0, "Total Cost": 1.04, "Plan Rows": 1, "Plan Width": 4, "Filter": "((kind)::text = 'production companies'::text)"}]}]}, {"Node Type": "Hash", "Parent Relationship": "Inner", "Startup Cost": 100115.71, "Total Cost": 100115.71, "Plan Rows": 1748840, "Plan Width": 21, "Plans": [{"Node Type": "Streaming(type: LOCAL GATHER dop: 1/64)", "Parent Relationship": "Outer", "Startup Cost": 0.0, "Total Cost": 100115.71, "Plan Rows": 1748840, "Plan Width": 21, "Plans": [{"Node Type": "Seq Scan", "Parent Relationship": "Outer", "Relation Name": "title", "Alias": "t", "Startup Cost": 0.0, "Total Cost": 64037.34, "Plan Rows": 1748840, "Plan Width": 21, "Filter": "(production_year > 1990), (LLVM Optimized)"}]}]}]}]}]}, {"Node Type": "Hash", "Parent Relationship": "Inner", "Startup Cost": 2.12, "Total Cost": 2.12, "Plan Rows": 112, "Plan Width": 4, "Plans": [{"Node Type": "Seq Scan", "Parent Relationship": "Outer", "Relation Name": "info_type", "Alias": "it", "Startup Cost": 0.0, "Total Cost": 2.12, "Plan Rows": 112, "Plan Width": 4}]}]}]}, "Unique SQL Id": 322094867}, "explain_analyze_plan": {"Plan": {"Node Type": "Aggregate", "Strategy": "Plain", "Startup Cost": 282595.42, "Total Cost": 282595.43, "Plan Rows": 1, "Plan Width": 49, "Actual Min Startup Time": 2863.059, "Actual Max Startup Time": 2863.059, "Actual Min Total Time": 2863.059, "Actual Max Total Time": 2863.059, "Actual Total Rows": 1, "Plans": [{"Node Type": "Hash Join", "Parent Relationship": "Outer", "Join Type": "Inner", "Startup Cost": 187293.84, "Total Cost": 281767.79, "Plan Rows": 331050, "Plan Width": 17, "Actual Min Startup Time": 2501.901, "Actual Max Startup Time": 2501.901, "Actual Min Total Time": 2862.568, "Actual Max Total Time": 2862.568, "Actual Total Rows": 669, "Inner Unique": true, "Hash Cond": "(mi.info_type_id = it.id), (LLVM Optimized, Jit Execute)", "Plans": [{"Node Type": "Hash Join", "Parent Relationship": "Outer", "Join Type": "Inner", "Startup Cost": 187290.32, "Total Cost": 277212.34, "Plan Rows": 331050, "Plan Width": 21, "Actual Min Startup Time": 2501.69, "Actual Max Startup Time": 2501.69, "Actual Min Total Time": 2861.865, "Actual Max Total Time": 2861.865, "Actual Total Rows": 669, "Inner Unique": false, "Hash Cond": "(mi.movie_id = t.id), (LLVM Optimized, Jit Execute)", "Plans": [{"Node Type": "Streaming(type: LOCAL GATHER dop: 1/64)", "Parent Relationship": "Outer", "Startup Cost": 0.0, "Total Cost": 85529.75, "Plan Rows": 726375, "Plan Width": 8, "Actual Min Startup Time": 0.158, "Actual Max Startup Time": 0.158, "Actual Min Total Time": 218.045, "Actual Max Total Time": 218.045, "Actual Total Rows": 706674, "Plans": [{"Node Type": "Seq Scan", "Parent Relationship": "Outer", "Relation Name": "movie_info", "Alias": "mi", "Startup Cost": 0.0, "Total Cost": 70544.72, "Plan Rows": 726375, "Plan Width": 8, "Actual Min Startup Time": 0.04, "Actual Max Startup Time": 3.309, "Actual Min Total Time": 121.222, "Actual Max Total Time": 141.902, "Actual Total Rows": 706674, "Filter": "((info)::text = ANY ('{Sweden,Norway,Germany,Denmark,Swedish,Denish,Norwegian,German,USA,American}'::text[]))", "Rows Removed by Filter": 14129045}]}, {"Node Type": "Hash", "Parent Relationship": "Inner", "Startup Cost": 183666.12, "Total Cost": 183666.12, "Plan Rows": 289936, "Plan Width": 25, "Actual Min Startup Time": 2495.521, "Actual Max Startup Time": 2495.521, "Actual Min Total Time": 2495.521, "Actual Max Total Time": 2495.521, "Actual Total Rows": 767, "Max Hash Buckets": 524288, "Min Hash Buckets": 524288, "Max Hash Batches": 1, "Min Hash Batches": 1, "Max Original Hash Batches": 1, "Min Original Hash Batches": 1, "Max Peak Memory Usage": 45, "min Peak Memory Usage": 45, "Plans": [{"Node Type": "Hash Join", "Parent Relationship": "Outer", "Join Type": "Inner", "Startup Cost": 121977.26, "Total Cost": 183666.12, "Plan Rows": 289936, "Plan Width": 25, "Actual Min Startup Time": 2159.015, "Actual Max Startup Time": 2159.015, "Actual Min Total Time": 2495.106, "Actual Max Total Time": 2495.106, "Actual Total Rows": 767, "Inner Unique": true, "Hash Cond": "(mc.movie_id = t.id), (LLVM Optimized, Jit Execute)", "Plans": [{"Node Type": "Hash Join", "Parent Relationship": "Outer", "Join Type": "Inner", "Startup Cost": 1.05, "Total Cost": 58005.76, "Plan Rows": 209278, "Plan Width": 4, "Actual Min Startup Time": 793.946, "Actual Max Startup Time": 793.946, "Actual Min Total Time": 1129.362, "Actual Max Total Time": 1129.362, "Actual Total Rows": 798, "Inner Unique": true, "Hash Cond": "(mc.company_type_id = ct.id), (LLVM Optimized, Jit Execute)", "Plans": [{"Node Type": "Seq Scan", "Parent Relationship": "Outer", "Relation Name": "movie_companies", "Alias": "mc", "Startup Cost": 0.0, "Total Cost": 54862.92, "Plan Rows": 418557, "Plan Width": 8, "Actual Min Startup Time": 0.053, "Actual Max Startup Time": 0.053, "Actual Min Total Time": 1077.451, "Actual Max Total Time": 1077.451, "Actual Total Rows": 295628, "Filter": "(((note)::text !~~ '%(TV)%'::text) AND ((note)::text ~~ '%(USA)%'::text)), (LLVM Optimized, Jit Execute)", "Rows Removed by Filter": 2313500}, {"Node Type": "Hash", "Parent Relationship": "Inner", "Startup Cost": 1.04, "Total Cost": 1.04, "Plan Rows": 1, "Plan Width": 4, "Actual Min Startup Time": 0.032, "Actual Max Startup Time": 0.032, "Actual Min Total Time": 0.032, "Actual Max Total Time": 0.032, "Actual Total Rows": 1, "Max Hash Buckets": 32768, "Min Hash Buckets": 32768, "Max Hash Batches": 1, "Min Hash Batches": 1, "Max Original Hash Batches": 1, "Min Original Hash Batches": 1, "Max Peak Memory Usage": 1, "min Peak Memory Usage": 1, "Plans": [{"Node Type": "Seq Scan", "Parent Relationship": "Outer", "Relation Name": "company_type", "Alias": "ct", "Startup Cost": 0.0, "Total Cost": 1.04, "Plan Rows": 1, "Plan Width": 4, "Actual Min Startup Time": 0.024, "Actual Max Startup Time": 0.024, "Actual Min Total Time": 0.027, "Actual Max Total Time": 0.027, "Actual Total Rows": 1, "Filter": "((kind)::text = 'production companies'::text)", "Rows Removed by Filter": 2}]}]}, {"Node Type": "Hash", "Parent Relationship": "Inner", "Startup Cost": 100115.71, "Total Cost": 100115.71, "Plan Rows": 1748840, "Plan Width": 21, "Actual Min Startup Time": 1363.436, "Actual Max Startup Time": 1363.436, "Actual Min Total Time": 1363.436, "Actual Max Total Time": 1363.436, "Actual Total Rows": 1749032, "Max Hash Buckets": 2097152, "Min Hash Buckets": 2097152, "Max Hash Batches": 1, "Min Hash Batches": 1, "Max Original Hash Batches": 1, "Min Original Hash Batches": 1, "Max Peak Memory Usage": 93635, "min Peak Memory Usage": 93635, "Plans": [{"Node Type": "Streaming(type: LOCAL GATHER dop: 1/64)", "Parent Relationship": "Outer", "Startup Cost": 0.0, "Total Cost": 100115.71, "Plan Rows": 1748840, "Plan Width": 21, "Actual Min Startup Time": 111.075, "Actual Max Startup Time": 111.075, "Actual Min Total Time": 745.821, "Actual Max Total Time": 745.821, "Actual Total Rows": 1749032, "Plans": [{"Node Type": "Seq Scan", "Parent Relationship": "Outer", "Relation Name": "title", "Alias": "t", "Startup Cost": 0.0, "Total Cost": 64037.34, "Plan Rows": 1748840, "Plan Width": 21, "Actual Min Startup Time": 0.025, "Actual Max Startup Time": 0.049, "Actual Min Total Time": 15.077, "Actual Max Total Time": 19.374, "Actual Total Rows": 1749032, "Filter": "(production_year > 1990), (LLVM Optimized, Jit Execute)", "Rows Removed by Filter": 779279}]}]}]}]}]}, {"Node Type": "Hash", "Parent Relationship": "Inner", "Startup Cost": 2.12, "Total Cost": 2.12, "Plan Rows": 112, "Plan Width": 4, "Actual Min Startup Time": 0.133, "Actual Max Startup Time": 0.133, "Actual Min Total Time": 0.133, "Actual Max Total Time": 0.133, "Actual Total Rows": 112, "Max Hash Buckets": 32768, "Min Hash Buckets": 32768, "Max Hash Batches": 1, "Min Hash Batches": 1, "Max Original Hash Batches": 1, "Min Original Hash Batches": 1, "Max Peak Memory Usage": 4, "min Peak Memory Usage": 4, "Plans": [{"Node Type": "Seq Scan", "Parent Relationship": "Outer", "Relation Name": "info_type", "Alias": "it", "Startup Cost": 0.0, "Total Cost": 2.12, "Plan Rows": 112, "Plan Width": 4, "Actual Min Startup Time": 0.056, "Actual Max Startup Time": 0.056, "Actual Min Total Time": 0.079, "Actual Max Total Time": 0.079, "Actual Total Rows": 112}]}]}]}, "Triggers": [], "Planner Runtime": 19.742, "Total Runtime": 2897.891, "Unique SQL Id": 322094867}}, "(64, 47)": {"explain_plan": {"Plan": {"Node Type": "Aggregate", "Strategy": "Plain", "Startup Cost": 5008697311176.9, "Total Cost": 5008697311176.91, "Plan Rows": 1, "Plan Width": 49, "Plans": [{"Node Type": "Nested Loop", "Parent Relationship": "Outer", "Join Type": "Inner", "Startup Cost": 50000000000.0, "Total Cost": 5008697310349.27, "Plan Rows": 331050, "Plan Width": 17, "Inner Unique": false, "Join Filter": "(mi.movie_id = t.id), (LLVM Optimized)", "Plans": [{"Node Type": "Index Scan", "Parent Relationship": "Outer", "Scan Direction": "Forward", "Index Name": "title_pkey", "Relation Name": "title", "Alias": "t", "Startup Cost": 10000000000.0, "Total Cost": 1000011644126.66, "Plan Rows": 1748840, "Plan Width": 21, "Filter": "(production_year > 1990), (LLVM Optimized)"}, {"Node Type": "Materialize", "Parent Relationship": "Inner", "Startup Cost": 40000000000.0, "Total Cost": 4002417255887.0, "Plan Rows": 238955, "Plan Width": 8, "Plans": [{"Node Type": "Nested Loop", "Parent Relationship": "Outer", "Join Type": "Inner", "Startup Cost": 40000000000.0, "Total Cost": 4002417254692.22, "Plan Rows": 238955, "Plan Width": 8, "Inner Unique": true, "Join Filter": "(mi.info_type_id = it.id), (LLVM Optimized)", "Plans": [{"Node Type": "Nested Loop", "Parent Relationship": "Outer", "Join Type": "Inner", "Startup Cost": 30000000000.0, "Total Cost": 3002416851854.54, "Plan Rows": 238955, "Plan Width": 12, "Inner Unique": false, "Join Filter": "(mc.movie_id = mi.movie_id), (LLVM Optimized)", "Plans": [{"Node Type": "Nested Loop", "Parent Relationship": "Outer", "Join Type": "Inner", "Startup Cost": 20000000000.0, "Total Cost": 2000014364018.74, "Plan Rows": 209278, "Plan Width": 4, "Inner Unique": true, "Join Filter": "(ct.id = mc.company_type_id), (LLVM Optimized)", "Plans": [{"Node Type": "Index Scan", "Parent Relationship": "Outer", "Scan Direction": "Forward", "Index Name": "movie_id_movie_companies", "Relation Name": "movie_companies", "Alias": "mc", "Startup Cost": 10000000000.0, "Total Cost": 1000014356510.13, "Plan Rows": 418557, "Plan Width": 8, "Filter": "(((note)::text !~~ '%(TV)%'::text) AND ((note)::text ~~ '%(USA)%'::text)), (LLVM Optimized)"}, {"Node Type": "Materialize", "Parent Relationship": "Inner", "Startup Cost": 10000000000.0, "Total Cost": 1000000001230.26, "Plan Rows": 1, "Plan Width": 4, "Plans": [{"Node Type": "Index Scan", "Parent Relationship": "Outer", "Scan Direction": "Forward", "Index Name": "company_type_pkey", "Relation Name": "company_type", "Alias": "ct", "Startup Cost": 10000000000.0, "Total Cost": 1000000001230.25, "Plan Rows": 1, "Plan Width": 4, "Filter": "((kind)::text = 'production companies'::text)"}]}]}, {"Node Type": "Materialize", "Parent Relationship": "Inner", "Startup Cost": 10000000000.0, "Total Cost": 1000122275042.99, "Plan Rows": 726375, "Plan Width": 8, "Plans": [{"Node Type": "Index Scan", "Parent Relationship": "Outer", "Scan Direction": "Forward", "Index Name": "info_type_id_movie_info", "Relation Name": "movie_info", "Alias": "mi", "Startup Cost": 10000000000.0, "Total Cost": 1000122271411.12, "Plan Rows": 726375, "Plan Width": 8, "Filter": "((info)::text = ANY ('{Sweden,Norway,Germany,Denmark,Swedish,Denish,Norwegian,German,USA,American}'::text[]))"}]}]}, {"Node Type": "Materialize", "Parent Relationship": "Inner", "Startup Cost": 10000000000.0, "Total Cost": 1000000001393.56, "Plan Rows": 112, "Plan Width": 4, "Plans": [{"Node Type": "Index Scan", "Parent Relationship": "Outer", "Scan Direction": "Forward", "Index Name": "info_type_pkey", "Relation Name": "info_type", "Alias": "it", "Startup Cost": 10000000000.0, "Total Cost": 1000000001393.0, "Plan Rows": 112, "Plan Width": 4}]}]}]}]}]}, "Unique SQL Id": 322094867}, "explain_analyze_plan": null}, "(64, 48)": {"explain_plan": {"Plan": {"Node Type": "Aggregate", "Strategy": "Plain", "Startup Cost": 559338.09, "Total Cost": 559338.1, "Plan Rows": 1, "Plan Width": 49, "Plans": [{"Node Type": "Nested Loop", "Parent Relationship": "Outer", "Join Type": "Inner", "Startup Cost": 0.0, "Total Cost": 558510.46, "Plan Rows": 331050, "Plan Width": 17, "Inner Unique": true, "Plans": [{"Node Type": "Nested Loop", "Parent Relationship": "Outer", "Join Type": "Inner", "Startup Cost": 0.0, "Total Cost": 465812.82, "Plan Rows": 331050, "Plan Width": 21, "Inner Unique": false, "Plans": [{"Node Type": "Nested Loop", "Parent Relationship": "Outer", "Join Type": "Inner", "Startup Cost": 0.0, "Total Cost": 207294.74, "Plan Rows": 289936, "Plan Width": 25, "Inner Unique": true, "Plans": [{"Node Type": "Nested Loop", "Parent Relationship": "Outer", "Join Type": "Inner", "Startup Cost": 0.0, "Total Cost": 60095.92, "Plan Rows": 209278, "Plan Width": 4, "Inner Unique": false, "Join Filter": "(ct.id = mc.company_type_id), (LLVM Optimized)", "Plans": [{"Node Type": "Seq Scan", "Parent Relationship": "Outer", "Relation Name": "company_type", "Alias": "ct", "Startup Cost": 0.0, "Total Cost": 1.04, "Plan Rows": 1, "Plan Width": 4, "Filter": "((kind)::text = 'production companies'::text)"}, {"Node Type": "Seq Scan", "Parent Relationship": "Inner", "Relation Name": "movie_companies", "Alias": "mc", "Startup Cost": 0.0, "Total Cost": 54862.92, "Plan Rows": 418557, "Plan Width": 8, "Filter": "(((note)::text !~~ '%(TV)%'::text) AND ((note)::text ~~ '%(USA)%'::text)), (LLVM Optimized)"}]}, {"Node Type": "Index Scan", "Parent Relationship": "Inner", "Scan Direction": "Forward", "Index Name": "title_pkey", "Relation Name": "title", "Alias": "t", "Startup Cost": 0.0, "Total Cost": 0.69, "Plan Rows": 1, "Plan Width": 21, "Index Cond": "(id = mc.movie_id)", "Filter": "(production_year > 1990)"}]}, {"Node Type": "Index Scan", "Parent Relationship": "Inner", "Scan Direction": "Forward", "Index Name": "movie_id_movie_info", "Relation Name": "movie_info", "Alias": "mi", "Startup Cost": 0.0, "Total Cost": 0.88, "Plan Rows": 1, "Plan Width": 8, "Index Cond": "(movie_id = t.id)", "Filter": "((info)::text = ANY ('{Sweden,Norway,Germany,Denmark,Swedish,Denish,Norwegian,German,USA,American}'::text[]))"}]}, {"Node Type": "Index Only Scan", "Parent Relationship": "Inner", "Scan Direction": "Forward", "Index Name": "info_type_pkey", "Relation Name": "info_type", "Alias": "it", "Startup Cost": 0.0, "Total Cost": 0.27, "Plan Rows": 1, "Plan Width": 4, "Index Cond": "(id = mi.info_type_id)"}]}]}, "Unique SQL Id": 322094867}, "explain_analyze_plan": {"Plan": {"Node Type": "Aggregate", "Strategy": "Plain", "Startup Cost": 559338.09, "Total Cost": 559338.1, "Plan Rows": 1, "Plan Width": 49, "Actual Startup Time": 1293.678, "Actual Total Time": 1293.678, "Actual Rows": 1, "Actual Loops": 1, "Plans": [{"Node Type": "Nested Loop", "Parent Relationship": "Outer", "Join Type": "Inner", "Startup Cost": 0.0, "Total Cost": 558510.46, "Plan Rows": 331050, "Plan Width": 17, "Actual Startup Time": 913.508, "Actual Total Time": 1293.16, "Actual Rows": 669, "Actual Loops": 1, "Inner Unique": true, "Plans": [{"Node Type": "Nested Loop", "Parent Relationship": "Outer", "Join Type": "Inner", "Startup Cost": 0.0, "Total Cost": 465812.82, "Plan Rows": 331050, "Plan Width": 21, "Actual Startup Time": 913.494, "Actual Total Time": 1291.84, "Actual Rows": 669, "Actual Loops": 1, "Inner Unique": false, "Plans": [{"Node Type": "Nested Loop", "Parent Relationship": "Outer", "Join Type": "Inner", "Startup Cost": 0.0, "Total Cost": 207294.74, "Plan Rows": 289936, "Plan Width": 25, "Actual Startup Time": 913.466, "Actual Total Time": 1267.389, "Actual Rows": 767, "Actual Loops": 1, "Inner Unique": true, "Plans": [{"Node Type": "Nested Loop", "Parent Relationship": "Outer", "Join Type": "Inner", "Startup Cost": 0.0, "Total Cost": 60095.92, "Plan Rows": 209278, "Plan Width": 4, "Actual Startup Time": 913.398, "Actual Total Time": 1260.262, "Actual Rows": 798, "Actual Loops": 1, "Inner Unique": false, "Join Filter": "(ct.id = mc.company_type_id), (LLVM Optimized, Jit Execute)", "Rows Removed by Join Filter": 294830, "Plans": [{"Node Type": "Seq Scan", "Parent Relationship": "Outer", "Relation Name": "company_type", "Alias": "ct", "Startup Cost": 0.0, "Total Cost": 1.04, "Plan Rows": 1, "Plan Width": 4, "Actual Startup Time": 0.019, "Actual Total Time": 0.023, "Actual Rows": 1, "Actual Loops": 1, "Filter": "((kind)::text = 'production companies'::text)", "Rows Removed by Filter": 2}, {"Node Type": "Seq Scan", "Parent Relationship": "Inner", "Relation Name": "movie_companies", "Alias": "mc", "Startup Cost": 0.0, "Total Cost": 54862.92, "Plan Rows": 418557, "Plan Width": 8, "Actual Startup Time": 0.026, "Actual Total Time": 1197.65, "Actual Rows": 295628, "Actual Loops": 1, "Filter": "(((note)::text !~~ '%(TV)%'::text) AND ((note)::text ~~ '%(USA)%'::text)), (LLVM Optimized, Jit Execute)", "Rows Removed by Filter": 2313500}]}, {"Node Type": "Index Scan", "Parent Relationship": "Inner", "Scan Direction": "Forward", "Index Name": "title_pkey", "Relation Name": "title", "Alias": "t", "Startup Cost": 0.0, "Total Cost": 0.69, "Plan Rows": 1, "Plan Width": 21, "Actual Startup Time": 6.271, "Actual Total Time": 6.271, "Actual Rows": 767, "Actual Loops": 798, "Index Cond": "(id = mc.movie_id)", "Rows Removed by Index Recheck": 0, "Filter": "(production_year > 1990)", "Rows Removed by Filter": 31}]}, {"Node Type": "Index Scan", "Parent Relationship": "Inner", "Scan Direction": "Forward", "Index Name": "movie_id_movie_info", "Relation Name": "movie_info", "Alias": "mi", "Startup Cost": 0.0, "Total Cost": 0.88, "Plan Rows": 1, "Plan Width": 8, "Actual Startup Time": 20.834, "Actual Total Time": 23.78, "Actual Rows": 669, "Actual Loops": 767, "Index Cond": "(movie_id = t.id)", "Rows Removed by Index Recheck": 0, "Filter": "((info)::text = ANY ('{Sweden,Norway,Germany,Denmark,Swedish,Denish,Norwegian,German,USA,American}'::text[]))", "Rows Removed by Filter": 7721}]}, {"Node Type": "Index Only Scan", "Parent Relationship": "Inner", "Scan Direction": "Forward", "Index Name": "info_type_pkey", "Relation Name": "info_type", "Alias": "it", "Startup Cost": 0.0, "Total Cost": 0.27, "Plan Rows": 1, "Plan Width": 4, "Actual Startup Time": 0.706, "Actual Total Time": 0.706, "Actual Rows": 669, "Actual Loops": 669, "Index Cond": "(id = mi.info_type_id)", "Rows Removed by Index Recheck": 0, "Heap Fetches": 0}]}]}, "Triggers": [], "Planner Runtime": 3.845, "Total Runtime": 1303.42, "Unique SQL Id": 322094867}}, "(64, 49)": {"explain_plan": {"Plan": {"Node Type": "Aggregate", "Strategy": "Plain", "Startup Cost": 560987.61, "Total Cost": 560987.62, "Plan Rows": 1, "Plan Width": 49, "Plans": [{"Node Type": "Nested Loop", "Parent Relationship": "Outer", "Join Type": "Inner", "Startup Cost": 0.0, "Total Cost": 560159.98, "Plan Rows": 331050, "Plan Width": 17, "Inner Unique": true, "Plans": [{"Node Type": "Nested Loop", "Parent Relationship": "Outer", "Join Type": "Inner", "Startup Cost": 0.0, "Total Cost": 467462.34, "Plan Rows": 331050, "Plan Width": 21, "Inner Unique": false, "Plans": [{"Node Type": "Nested Loop", "Parent Relationship": "Outer", "Join Type": "Inner", "Startup Cost": 0.0, "Total Cost": 208944.27, "Plan Rows": 289936, "Plan Width": 25, "Inner Unique": true, "Plans": [{"Node Type": "Nested Loop", "Parent Relationship": "Outer", "Join Type": "Inner", "Startup Cost": 0.0, "Total Cost": 61745.44, "Plan Rows": 209278, "Plan Width": 4, "Inner Unique": false, "Plans": [{"Node Type": "Index Scan", "Parent Relationship": "Outer", "Scan Direction": "Forward", "Index Name": "company_type_pkey", "Relation Name": "company_type", "Alias": "ct", "Startup Cost": 0.0, "Total Cost": 12.3, "Plan Rows": 1, "Plan Width": 4, "Filter": "((kind)::text = 'production companies'::text)"}, {"Node Type": "Index Scan", "Parent Relationship": "Inner", "Scan Direction": "Forward", "Index Name": "company_type_id_movie_companies", "Relation Name": "movie_companies", "Alias": "mc", "Startup Cost": 0.0, "Total Cost": 59640.35, "Plan Rows": 209279, "Plan Width": 8, "Index Cond": "(company_type_id = ct.id), (LLVM Optimized)", "Filter": "(((note)::text !~~ '%(TV)%'::text) AND ((note)::text ~~ '%(USA)%'::text)), (LLVM Optimized)"}]}, {"Node Type": "Index Scan", "Parent Relationship": "Inner", "Scan Direction": "Forward", "Index Name": "title_pkey", "Relation Name": "title", "Alias": "t", "Startup Cost": 0.0, "Total Cost": 0.69, "Plan Rows": 1, "Plan Width": 21, "Index Cond": "(id = mc.movie_id)", "Filter": "(production_year > 1990)"}]}, {"Node Type": "Index Scan", "Parent Relationship": "Inner", "Scan Direction": "Forward", "Index Name": "movie_id_movie_info", "Relation Name": "movie_info", "Alias": "mi", "Startup Cost": 0.0, "Total Cost": 0.88, "Plan Rows": 1, "Plan Width": 8, "Index Cond": "(movie_id = t.id)", "Filter": "((info)::text = ANY ('{Sweden,Norway,Germany,Denmark,Swedish,Denish,Norwegian,German,USA,American}'::text[]))"}]}, {"Node Type": "Index Only Scan", "Parent Relationship": "Inner", "Scan Direction": "Forward", "Index Name": "info_type_pkey", "Relation Name": "info_type", "Alias": "it", "Startup Cost": 0.0, "Total Cost": 0.27, "Plan Rows": 1, "Plan Width": 4, "Index Cond": "(id = mi.info_type_id)"}]}]}, "Unique SQL Id": 322094867}, "explain_analyze_plan": {"Plan": {"Node Type": "Aggregate", "Strategy": "Plain", "Startup Cost": 560987.61, "Total Cost": 560987.62, "Plan Rows": 1, "Plan Width": 49, "Actual Startup Time": 791.846, "Actual Total Time": 791.847, "Actual Rows": 1, "Actual Loops": 1, "Plans": [{"Node Type": "Nested Loop", "Parent Relationship": "Outer", "Join Type": "Inner", "Startup Cost": 0.0, "Total Cost": 560159.98, "Plan Rows": 331050, "Plan Width": 17, "Actual Startup Time": 9.819, "Actual Total Time": 791.354, "Actual Rows": 669, "Actual Loops": 1, "Inner Unique": true, "Plans": [{"Node Type": "Nested Loop", "Parent Relationship": "Outer", "Join Type": "Inner", "Startup Cost": 0.0, "Total Cost": 467462.34, "Plan Rows": 331050, "Plan Width": 21, "Actual Startup Time": 9.809, "Actual Total Time": 789.934, "Actual Rows": 669, "Actual Loops": 1, "Inner Unique": false, "Plans": [{"Node Type": "Nested Loop", "Parent Relationship": "Outer", "Join Type": "Inner", "Startup Cost": 0.0, "Total Cost": 208944.27, "Plan Rows": 289936, "Plan Width": 25, "Actual Startup Time": 9.786, "Actual Total Time": 763.201, "Actual Rows": 767, "Actual Loops": 1, "Inner Unique": true, "Plans": [{"Node Type": "Nested Loop", "Parent Relationship": "Outer", "Join Type": "Inner", "Startup Cost": 0.0, "Total Cost": 61745.44, "Plan Rows": 209278, "Plan Width": 4, "Actual Startup Time": 9.76, "Actual Total Time": 755.52, "Actual Rows": 798, "Actual Loops": 1, "Inner Unique": false, "Plans": [{"Node Type": "Index Scan", "Parent Relationship": "Outer", "Scan Direction": "Forward", "Index Name": "company_type_pkey", "Relation Name": "company_type", "Alias": "ct", "Startup Cost": 0.0, "Total Cost": 12.3, "Plan Rows": 1, "Plan Width": 4, "Actual Startup Time": 0.025, "Actual Total Time": 0.032, "Actual Rows": 1, "Actual Loops": 1, "Filter": "((kind)::text = 'production companies'::text)", "Rows Removed by Filter": 2}, {"Node Type": "Index Scan", "Parent Relationship": "Inner", "Scan Direction": "Forward", "Index Name": "company_type_id_movie_companies", "Relation Name": "movie_companies", "Alias": "mc", "Startup Cost": 0.0, "Total Cost": 59640.35, "Plan Rows": 209279, "Plan Width": 8, "Actual Startup Time": 9.731, "Actual Total Time": 755.252, "Actual Rows": 798, "Actual Loops": 1, "Index Cond": "(company_type_id = ct.id), (LLVM Optimized)", "Rows Removed by Index Recheck": 0, "Filter": "(((note)::text !~~ '%(TV)%'::text) AND ((note)::text ~~ '%(USA)%'::text)), (LLVM Optimized)", "Rows Removed by Filter": 1334085}]}, {"Node Type": "Index Scan", "Parent Relationship": "Inner", "Scan Direction": "Forward", "Index Name": "title_pkey", "Relation Name": "title", "Alias": "t", "Startup Cost": 0.0, "Total Cost": 0.69, "Plan Rows": 1, "Plan Width": 21, "Actual Startup Time": 6.74, "Actual Total Time": 6.74, "Actual Rows": 767, "Actual Loops": 798, "Index Cond": "(id = mc.movie_id)", "Rows Removed by Index Recheck": 0, "Filter": "(production_year > 1990)", "Rows Removed by Filter": 31}]}, {"Node Type": "Index Scan", "Parent Relationship": "Inner", "Scan Direction": "Forward", "Index Name": "movie_id_movie_info", "Relation Name": "movie_info", "Alias": "mi", "Startup Cost": 0.0, "Total Cost": 0.88, "Plan Rows": 1, "Plan Width": 8, "Actual Startup Time": 22.838, "Actual Total Time": 26.044, "Actual Rows": 669, "Actual Loops": 767, "Index Cond": "(movie_id = t.id)", "Rows Removed by Index Recheck": 0, "Filter": "((info)::text = ANY ('{Sweden,Norway,Germany,Denmark,Swedish,Denish,Norwegian,German,USA,American}'::text[]))", "Rows Removed by Filter": 7721}]}, {"Node Type": "Index Only Scan", "Parent Relationship": "Inner", "Scan Direction": "Forward", "Index Name": "info_type_pkey", "Relation Name": "info_type", "Alias": "it", "Startup Cost": 0.0, "Total Cost": 0.27, "Plan Rows": 1, "Plan Width": 4, "Actual Startup Time": 0.771, "Actual Total Time": 0.771, "Actual Rows": 669, "Actual Loops": 669, "Index Cond": "(id = mi.info_type_id)", "Rows Removed by Index Recheck": 0, "Heap Fetches": 0}]}]}, "Triggers": [], "Planner Runtime": 3.468, "Total Runtime": 801.509, "Unique SQL Id": 322094867}}, "(64, 50)": {"explain_plan": {"Plan": {"Node Type": "Aggregate", "Strategy": "Plain", "Startup Cost": 1933293.46, "Total Cost": 1933293.47, "Plan Rows": 1, "Plan Width": 49, "Plans": [{"Node Type": "Nested Loop", "Parent Relationship": "Outer", "Join Type": "Inner", "Startup Cost": 0.31, "Total Cost": 1932465.84, "Plan Rows": 331050, "Plan Width": 17, "Inner Unique": true, "Plans": [{"Node Type": "Streaming(type: LOCAL GATHER dop: 1/64)", "Parent Relationship": "Outer", "Startup Cost": 0.0, "Total Cost": 896905.5, "Plan Rows": 238955, "Plan Width": 8, "Plans": [{"Node Type": "Nested Loop", "Parent Relationship": "Outer", "Join Type": "Inner", "Startup Cost": 0.0, "Total Cost": 891975.89, "Plan Rows": 238955, "Plan Width": 8, "Inner Unique": true, "Join Filter": "(mi.info_type_id = it.id), (LLVM Optimized)", "Plans": [{"Node Type": "Nested Loop", "Parent Relationship": "Outer", "Join Type": "Inner", "Startup Cost": 0.0, "Total Cost": 822553.05, "Plan Rows": 238955, "Plan Width": 12, "Inner Unique": false, "Join Filter": "(mc.movie_id = mi.movie_id), (LLVM Optimized)", "Plans": [{"Node Type": "Streaming(type: LOCAL REDISTRIBUTE dop: 64/1)", "Parent Relationship": "Outer", "Startup Cost": 0.0, "Total Cost": 131598.86, "Plan Rows": 209278, "Plan Width": 4, "Plans": [{"Node Type": "Nested Loop", "Parent Relationship": "Outer", "Join Type": "Inner", "Startup Cost": 0.0, "Total Cost": 60095.92, "Plan Rows": 209278, "Plan Width": 4, "Inner Unique": false, "Join Filter": "(ct.id = mc.company_type_id), (LLVM Optimized)", "Plans": [{"Node Type": "Seq Scan", "Parent Relationship": "Outer", "Relation Name": "company_type", "Alias": "ct", "Startup Cost": 0.0, "Total Cost": 1.04, "Plan Rows": 1, "Plan Width": 4, "Filter": "((kind)::text = 'production companies'::text)"}, {"Node Type": "Seq Scan", "Parent Relationship": "Inner", "Relation Name": "movie_companies", "Alias": "mc", "Startup Cost": 0.0, "Total Cost": 54862.92, "Plan Rows": 418557, "Plan Width": 8, "Filter": "(((note)::text !~~ '%(TV)%'::text) AND ((note)::text ~~ '%(USA)%'::text)), (LLVM Optimized)"}]}]}, {"Node Type": "Materialize", "Parent Relationship": "Inner", "Startup Cost": 0.0, "Total Cost": 134289.54, "Plan Rows": 726375, "Plan Width": 8, "Plans": [{"Node Type": "Streaming(type: LOCAL REDISTRIBUTE dop: 64/64)", "Parent Relationship": "Outer", "Startup Cost": 0.0, "Total Cost": 134232.79, "Plan Rows": 726375, "Plan Width": 8, "Plans": [{"Node Type": "Seq Scan", "Parent Relationship": "Outer", "Relation Name": "movie_info", "Alias": "mi", "Startup Cost": 0.0, "Total Cost": 70544.72, "Plan Rows": 726375, "Plan Width": 8, "Filter": "((info)::text = ANY ('{Sweden,Norway,Germany,Denmark,Swedish,Denish,Norwegian,German,USA,American}'::text[]))"}]}]}]}, {"Node Type": "Materialize", "Parent Relationship": "Inner", "Startup Cost": 0.0, "Total Cost": 63150.56, "Plan Rows": 7168, "Plan Width": 4, "Plans": [{"Node Type": "Streaming(type: BROADCAST dop: 64/1)", "Parent Relationship": "Outer", "Startup Cost": 0.0, "Total Cost": 63150.0, "Plan Rows": 7168, "Plan Width": 4, "Plans": [{"Node Type": "Seq Scan", "Parent Relationship": "Outer", "Relation Name": "info_type", "Alias": "it", "Startup Cost": 0.0, "Total Cost": 2.12, "Plan Rows": 112, "Plan Width": 4}]}]}]}]}, {"Node Type": "Bitmap Heap Scan", "Parent Relationship": "Inner", "Relation Name": "title", "Alias": "t", "Startup Cost": 0.31, "Total Cost": 4.32, "Plan Rows": 1, "Plan Width": 21, "Recheck Cond": "(id = mi.movie_id)", "Filter": "(production_year > 1990)", "Plans": [{"Node Type": "Bitmap Index Scan", "Parent Relationship": "Outer", "Index Name": "title_pkey", "Startup Cost": 0.0, "Total Cost": 0.31, "Plan Rows": 1, "Plan Width": 0, "Index Cond": "(id = mi.movie_id)"}]}]}]}, "Unique SQL Id": 322094867}, "explain_analyze_plan": {"Plan": {"Node Type": "Aggregate", "Strategy": "Plain", "Startup Cost": 1933293.46, "Total Cost": 1933293.47, "Plan Rows": 1, "Plan Width": 49, "Actual Min Startup Time": 1818.726, "Actual Max Startup Time": 1818.726, "Actual Min Total Time": 1818.727, "Actual Max Total Time": 1818.727, "Actual Total Rows": 1, "Plans": [{"Node Type": "Nested Loop", "Parent Relationship": "Outer", "Join Type": "Inner", "Startup Cost": 0.31, "Total Cost": 1932465.84, "Plan Rows": 331050, "Plan Width": 17, "Actual Min Startup Time": 1770.5, "Actual Max Startup Time": 1770.5, "Actual Min Total Time": 1818.365, "Actual Max Total Time": 1818.365, "Actual Total Rows": 669, "Inner Unique": true, "Plans": [{"Node Type": "Streaming(type: LOCAL GATHER dop: 1/64)", "Parent Relationship": "Outer", "Startup Cost": 0.0, "Total Cost": 896905.5, "Plan Rows": 238955, "Plan Width": 8, "Actual Min Startup Time": 1770.402, "Actual Max Startup Time": 1770.402, "Actual Min Total Time": 1811.577, "Actual Max Total Time": 1811.577, "Actual Total Rows": 691, "Plans": [{"Node Type": "Nested Loop", "Parent Relationship": "Outer", "Join Type": "Inner", "Startup Cost": 0.0, "Total Cost": 891975.89, "Plan Rows": 238955, "Plan Width": 8, "Actual Min Startup Time": 1183.494, "Actual Max Startup Time": 1436.013, "Actual Min Total Time": 1205.125, "Actual Max Total Time": 1463.585, "Actual Total Rows": 691, "Inner Unique": true, "Join Filter": "(mi.info_type_id = it.id), (LLVM Optimized, Jit Execute)", "Rows Removed by Join Filter": 4196, "Plans": [{"Node Type": "Nested Loop", "Parent Relationship": "Outer", "Join Type": "Inner", "Startup Cost": 0.0, "Total Cost": 822553.05, "Plan Rows": 238955, "Plan Width": 12, "Actual Min Startup Time": 1180.818, "Actual Max Startup Time": 1198.533, "Actual Min Total Time": 1196.143, "Actual Max Total Time": 1243.775, "Actual Total Rows": 691, "Inner Unique": false, "Join Filter": "(mc.movie_id = mi.movie_id), (LLVM Optimized, Jit Execute)", "Rows Removed by Join Filter": 8812715, "Plans": [{"Node Type": "Streaming(type: LOCAL REDISTRIBUTE dop: 64/1)", "Parent Relationship": "Outer", "Startup Cost": 0.0, "Total Cost": 131598.86, "Plan Rows": 209278, "Plan Width": 4, "Actual Min Startup Time": 1048.685, "Actual Max Startup Time": 1050.03, "Actual Min Total Time": 1048.686, "Actual Max Total Time": 1050.033, "Actual Total Rows": 798, "Plans": [{"Node Type": "Nested Loop", "Parent Relationship": "Outer", "Join Type": "Inner", "Startup Cost": 0.0, "Total Cost": 60095.92, "Plan Rows": 209278, "Plan Width": 4, "Actual Min Startup Time": 911.934, "Actual Max Startup Time": 911.934, "Actual Min Total Time": 1271.722, "Actual Max Total Time": 1271.722, "Actual Total Rows": 798, "Inner Unique": false, "Join Filter": "(ct.id = mc.company_type_id), (LLVM Optimized, Jit Execute)", "Rows Removed by Join Filter": 294830, "Plans": [{"Node Type": "Seq Scan", "Parent Relationship": "Outer", "Relation Name": "company_type", "Alias": "ct", "Startup Cost": 0.0, "Total Cost": 1.04, "Plan Rows": 1, "Plan Width": 4, "Actual Min Startup Time": 0.021, "Actual Max Startup Time": 0.021, "Actual Min Total Time": 0.026, "Actual Max Total Time": 0.026, "Actual Total Rows": 1, "Filter": "((kind)::text = 'production companies'::text)", "Rows Removed by Filter": 2}, {"Node Type": "Seq Scan", "Parent Relationship": "Inner", "Relation Name": "movie_companies", "Alias": "mc", "Startup Cost": 0.0, "Total Cost": 54862.92, "Plan Rows": 418557, "Plan Width": 8, "Actual Min Startup Time": 0.032, "Actual Max Startup Time": 0.032, "Actual Min Total Time": 1209.088, "Actual Max Total Time": 1209.088, "Actual Total Rows": 295628, "Filter": "(((note)::text !~~ '%(TV)%'::text) AND ((note)::text ~~ '%(USA)%'::text)), (LLVM Optimized, Jit Execute)", "Rows Removed by Filter": 2313500}]}]}, {"Node Type": "Materialize", "Parent Relationship": "Inner", "Startup Cost": 0.0, "Total Cost": 134289.54, "Plan Rows": 726375, "Plan Width": 8, "Actual Min Startup Time": 130.287, "Actual Max Startup Time": 130.941, "Actual Min Total Time": 136.247, "Actual Max Total Time": 155.804, "Actual Total Rows": 8813470, "Plans": [{"Node Type": "Streaming(type: LOCAL REDISTRIBUTE dop: 64/64)", "Parent Relationship": "Outer", "Startup Cost": 0.0, "Total Cost": 134232.79, "Plan Rows": 726375, "Plan Width": 8, "Actual Min Startup Time": 0.126, "Actual Max Startup Time": 0.312, "Actual Min Total Time": 128.285, "Actual Max Total Time": 129.063, "Actual Total Rows": 706674, "Plans": [{"Node Type": "Seq Scan", "Parent Relationship": "Outer", "Relation Name": "movie_info", "Alias": "mi", "Startup Cost": 0.0, "Total Cost": 70544.72, "Plan Rows": 726375, "Plan Width": 8, "Actual Min Startup Time": 0.039, "Actual Max Startup Time": 3.447, "Actual Min Total Time": 126.01, "Actual Max Total Time": 158.433, "Actual Total Rows": 706674, "Filter": "((info)::text = ANY ('{Sweden,Norway,Germany,Denmark,Swedish,Denish,Norwegian,German,USA,American}'::text[]))", "Rows Removed by Filter": 14129045}]}]}]}, {"Node Type": "Materialize", "Parent Relationship": "Inner", "Startup Cost": 0.0, "Total Cost": 63150.56, "Plan Rows": 7168, "Plan Width": 4, "Actual Min Startup Time": 0.719, "Actual Max Startup Time": 249.421, "Actual Min Total Time": 0.725, "Actual Max Total Time": 249.426, "Actual Total Rows": 4951, "Plans": [{"Node Type": "Streaming(type: BROADCAST dop: 64/1)", "Parent Relationship": "Outer", "Startup Cost": 0.0, "Total Cost": 63150.0, "Plan Rows": 7168, "Plan Width": 4, "Actual Min Startup Time": 0.028, "Actual Max Startup Time": 50.203, "Actual Min Total Time": 0.693, "Actual Max Total Time": 249.4, "Actual Total Rows": 7168, "Plans": [{"Node Type": "Seq Scan", "Parent Relationship": "Outer", "Relation Name": "info_type", "Alias": "it", "Startup Cost": 0.0, "Total Cost": 2.12, "Plan Rows": 112, "Plan Width": 4, "Actual Min Startup Time": 0.025, "Actual Max Startup Time": 0.025, "Actual Min Total Time": 0.065, "Actual Max Total Time": 0.065, "Actual Total Rows": 112}]}]}]}]}, {"Node Type": "Bitmap Heap Scan", "Parent Relationship": "Inner", "Relation Name": "title", "Alias": "t", "Startup Cost": 0.31, "Total Cost": 4.32, "Plan Rows": 1, "Plan Width": 21, "Actual Min Startup Time": 5.774, "Actual Max Startup Time": 5.774, "Actual Min Total Time": 5.774, "Actual Max Total Time": 5.774, "Actual Total Rows": 669, "Recheck Cond": "(id = mi.movie_id)", "Rows Removed by Index Recheck": 0, "Filter": "(production_year > 1990)", "Rows Removed by Filter": 22, "Exact Heap Blocks": 691, "Lossy Heap Blocks": 691, "Plans": [{"Node Type": "Bitmap Index Scan", "Parent Relationship": "Outer", "Index Name": "title_pkey", "Startup Cost": 0.0, "Total Cost": 0.31, "Plan Rows": 1, "Plan Width": 0, "Actual Min Startup Time": 3.242, "Actual Max Startup Time": 3.242, "Actual Min Total Time": 3.242, "Actual Max Total Time": 3.242, "Actual Total Rows": 691, "Index Cond": "(id = mi.movie_id)"}]}]}]}, "Triggers": [], "Planner Runtime": 4.932, "Total Runtime": 1856.394, "Unique SQL Id": 322094867}}, "(64, 51)": {"explain_plan": {"Plan": {"Node Type": "Aggregate", "Strategy": "Plain", "Startup Cost": 2546736.36, "Total Cost": 2546736.37, "Plan Rows": 1, "Plan Width": 49, "Plans": [{"Node Type": "Nested Loop", "Parent Relationship": "Outer", "Join Type": "Inner", "Startup Cost": 29015.04, "Total Cost": 2545908.74, "Plan Rows": 331050, "Plan Width": 17, "Inner Unique": true, "Plans": [{"Node Type": "Nested Loop", "Parent Relationship": "Outer", "Join Type": "Inner", "Startup Cost": 29014.73, "Total Cost": 1510348.4, "Plan Rows": 238955, "Plan Width": 8, "Inner Unique": true, "Join Filter": "(mi.info_type_id = it.id), (LLVM Optimized)", "Plans": [{"Node Type": "Nested Loop", "Parent Relationship": "Outer", "Join Type": "Inner", "Startup Cost": 29005.9, "Total Cost": 1108889.77, "Plan Rows": 238955, "Plan Width": 12, "Inner Unique": false, "Plans": [{"Node Type": "Nested Loop", "Parent Relationship": "Outer", "Join Type": "Inner", "Startup Cost": 29005.06, "Total Cost": 69657.76, "Plan Rows": 209278, "Plan Width": 4, "Inner Unique": false, "Plans": [{"Node Type": "Bitmap Heap Scan", "Parent Relationship": "Outer", "Relation Name": "company_type", "Alias": "ct", "Startup Cost": 8.27, "Total Cost": 12.3, "Plan Rows": 1, "Plan Width": 4, "Filter": "((kind)::text = 'production companies'::text)", "Plans": [{"Node Type": "Bitmap Index Scan", "Parent Relationship": "Outer", "Index Name": "company_type_pkey", "Startup Cost": 0.0, "Total Cost": 8.27, "Plan Rows": 3, "Plan Width": 0}]}, {"Node Type": "Bitmap Heap Scan", "Parent Relationship": "Inner", "Relation Name": "movie_companies", "Alias": "mc", "Startup Cost": 28996.8, "Total Cost": 67552.67, "Plan Rows": 209279, "Plan Width": 8, "Recheck Cond": "(company_type_id = ct.id), (LLVM Optimized)", "Filter": "(((note)::text !~~ '%(TV)%'::text) AND ((note)::text ~~ '%(USA)%'::text)), (LLVM Optimized)", "Plans": [{"Node Type": "Bitmap Index Scan", "Parent Relationship": "Outer", "Index Name": "company_type_id_movie_companies", "Startup Cost": 0.0, "Total Cost": 28944.48, "Plan Rows": 1304564, "Plan Width": 0, "Index Cond": "(company_type_id = ct.id)"}]}]}, {"Node Type": "Bitmap Heap Scan", "Parent Relationship": "Inner", "Relation Name": "movie_info", "Alias": "mi", "Startup Cost": 0.83, "Total Cost": 4.96, "Plan Rows": 1, "Plan Width": 8, "Recheck Cond": "(movie_id = mc.movie_id)", "Filter": "((info)::text = ANY ('{Sweden,Norway,Germany,Denmark,Swedish,Denish,Norwegian,German,USA,American}'::text[]))", "Plans": [{"Node Type": "Bitmap Index Scan", "Parent Relationship": "Outer", "Index Name": "movie_id_movie_info", "Startup Cost": 0.0, "Total Cost": 0.83, "Plan Rows": 5, "Plan Width": 0, "Index Cond": "(movie_id = mc.movie_id)"}]}]}, {"Node Type": "Materialize", "Parent Relationship": "Inner", "Startup Cost": 8.84, "Total Cost": 14.52, "Plan Rows": 112, "Plan Width": 4, "Plans": [{"Node Type": "Bitmap Heap Scan", "Parent Relationship": "Outer", "Relation Name": "info_type", "Alias": "it", "Startup Cost": 8.84, "Total Cost": 13.96, "Plan Rows": 112, "Plan Width": 4, "Plans": [{"Node Type": "Bitmap Index Scan", "Parent Relationship": "Outer", "Index Name": "info_type_pkey", "Startup Cost": 0.0, "Total Cost": 8.81, "Plan Rows": 112, "Plan Width": 0}]}]}]}, {"Node Type": "Bitmap Heap Scan", "Parent Relationship": "Inner", "Relation Name": "title", "Alias": "t", "Startup Cost": 0.31, "Total Cost": 4.32, "Plan Rows": 1, "Plan Width": 21, "Recheck Cond": "(id = mi.movie_id)", "Filter": "(production_year > 1990)", "Plans": [{"Node Type": "Bitmap Index Scan", "Parent Relationship": "Outer", "Index Name": "title_pkey", "Startup Cost": 0.0, "Total Cost": 0.31, "Plan Rows": 1, "Plan Width": 0, "Index Cond": "(id = mi.movie_id)"}]}]}]}, "Unique SQL Id": 322094867}, "explain_analyze_plan": {"Plan": {"Node Type": "Aggregate", "Strategy": "Plain", "Startup Cost": 2546736.36, "Total Cost": 2546736.37, "Plan Rows": 1, "Plan Width": 49, "Actual Startup Time": 611.599, "Actual Total Time": 611.599, "Actual Rows": 1, "Actual Loops": 1, "Plans": [{"Node Type": "Nested Loop", "Parent Relationship": "Outer", "Join Type": "Inner", "Startup Cost": 29015.04, "Total Cost": 2545908.74, "Plan Rows": 331050, "Plan Width": 17, "Actual Startup Time": 154.525, "Actual Total Time": 610.873, "Actual Rows": 669, "Actual Loops": 1, "Inner Unique": true, "Plans": [{"Node Type": "Nested Loop", "Parent Relationship": "Outer", "Join Type": "Inner", "Startup Cost": 29014.73, "Total Cost": 1510348.4, "Plan Rows": 238955, "Plan Width": 8, "Actual Startup Time": 154.496, "Actual Total Time": 603.591, "Actual Rows": 691, "Actual Loops": 1, "Inner Unique": true, "Join Filter": "(mi.info_type_id = it.id), (LLVM Optimized, Jit Execute)", "Rows Removed by Join Filter": 4196, "Plans": [{"Node Type": "Nested Loop", "Parent Relationship": "Outer", "Join Type": "Inner", "Startup Cost": 29005.9, "Total Cost": 1108889.77, "Plan Rows": 238955, "Plan Width": 12, "Actual Startup Time": 154.424, "Actual Total Time": 601.877, "Actual Rows": 691, "Actual Loops": 1, "Inner Unique": false, "Plans": [{"Node Type": "Nested Loop", "Parent Relationship": "Outer", "Join Type": "Inner", "Startup Cost": 29005.06, "Total Cost": 69657.76, "Plan Rows": 209278, "Plan Width": 4, "Actual Startup Time": 154.34, "Actual Total Time": 571.393, "Actual Rows": 798, "Actual Loops": 1, "Inner Unique": false, "Plans": [{"Node Type": "Bitmap Heap Scan", "Parent Relationship": "Outer", "Relation Name": "company_type", "Alias": "ct", "Startup Cost": 8.27, "Total Cost": 12.3, "Plan Rows": 1, "Plan Width": 4, "Actual Startup Time": 0.053, "Actual Total Time": 0.058, "Actual Rows": 1, "Actual Loops": 1, "Filter": "((kind)::text = 'production companies'::text)", "Rows Removed by Filter": 2, "Exact Heap Blocks": 1, "Lossy Heap Blocks": 1, "Plans": [{"Node Type": "Bitmap Index Scan", "Parent Relationship": "Outer", "Index Name": "company_type_pkey", "Startup Cost": 0.0, "Total Cost": 8.27, "Plan Rows": 3, "Plan Width": 0, "Actual Startup Time": 0.02, "Actual Total Time": 0.02, "Actual Rows": 3, "Actual Loops": 1}]}, {"Node Type": "Bitmap Heap Scan", "Parent Relationship": "Inner", "Relation Name": "movie_companies", "Alias": "mc", "Startup Cost": 28996.8, "Total Cost": 67552.67, "Plan Rows": 209279, "Plan Width": 8, "Actual Startup Time": 154.278, "Actual Total Time": 571.084, "Actual Rows": 798, "Actual Loops": 1, "Recheck Cond": "(company_type_id = ct.id), (LLVM Optimized, Jit Execute)", "Rows Removed by Index Recheck": 0, "Filter": "(((note)::text !~~ '%(TV)%'::text) AND ((note)::text ~~ '%(USA)%'::text)), (LLVM Optimized, Jit Execute)", "Rows Removed by Filter": 1334085, "Exact Heap Blocks": 6196, "Lossy Heap Blocks": 6196, "Plans": [{"Node Type": "Bitmap Index Scan", "Parent Relationship": "Outer", "Index Name": "company_type_id_movie_companies", "Startup Cost": 0.0, "Total Cost": 28944.48, "Plan Rows": 1304564, "Plan Width": 0, "Actual Startup Time": 147.323, "Actual Total Time": 147.323, "Actual Rows": 1334883, "Actual Loops": 1, "Index Cond": "(company_type_id = ct.id)"}]}]}, {"Node Type": "Bitmap Heap Scan", "Parent Relationship": "Inner", "Relation Name": "movie_info", "Alias": "mi", "Startup Cost": 0.83, "Total Cost": 4.96, "Plan Rows": 1, "Plan Width": 8, "Actual Startup Time": 26.092, "Actual Total Time": 28.716, "Actual Rows": 691, "Actual Loops": 798, "Recheck Cond": "(movie_id = mc.movie_id)", "Rows Removed by Index Recheck": 0, "Filter": "((info)::text = ANY ('{Sweden,Norway,Germany,Denmark,Swedish,Denish,Norwegian,German,USA,American}'::text[]))", "Rows Removed by Filter": 7906, "Exact Heap Blocks": 6397, "Lossy Heap Blocks": 6397, "Plans": [{"Node Type": "Bitmap Index Scan", "Parent Relationship": "Outer", "Index Name": "movie_id_movie_info", "Startup Cost": 0.0, "Total Cost": 0.83, "Plan Rows": 5, "Plan Width": 0, "Actual Startup Time": 6.265, "Actual Total Time": 6.265, "Actual Rows": 8597, "Actual Loops": 798, "Index Cond": "(movie_id = mc.movie_id)"}]}]}, {"Node Type": "Materialize", "Parent Relationship": "Inner", "Startup Cost": 8.84, "Total Cost": 14.52, "Plan Rows": 112, "Plan Width": 4, "Actual Startup Time": 0.182, "Actual Total Time": 0.528, "Actual Rows": 4887, "Actual Loops": 691, "Plans": [{"Node Type": "Bitmap Heap Scan", "Parent Relationship": "Outer", "Relation Name": "info_type", "Alias": "it", "Startup Cost": 8.84, "Total Cost": 13.96, "Plan Rows": 112, "Plan Width": 4, "Actual Startup Time": 0.043, "Actual Total Time": 0.047, "Actual Rows": 17, "Actual Loops": 1, "Exact Heap Blocks": 1, "Lossy Heap Blocks": 1, "Plans": [{"Node Type": "Bitmap Index Scan", "Parent Relationship": "Outer", "Index Name": "info_type_pkey", "Startup Cost": 0.0, "Total Cost": 8.81, "Plan Rows": 112, "Plan Width": 0, "Actual Startup Time": 0.016, "Actual Total Time": 0.016, "Actual Rows": 112, "Actual Loops": 1}]}]}]}, {"Node Type": "Bitmap Heap Scan", "Parent Relationship": "Inner", "Relation Name": "title", "Alias": "t", "Startup Cost": 0.31, "Total Cost": 4.32, "Plan Rows": 1, "Plan Width": 21, "Actual Startup Time": 6.052, "Actual Total Time": 6.052, "Actual Rows": 669, "Actual Loops": 691, "Recheck Cond": "(id = mi.movie_id)", "Rows Removed by Index Recheck": 0, "Filter": "(production_year > 1990)", "Rows Removed by Filter": 22, "Exact Heap Blocks": 691, "Lossy Heap Blocks": 691, "Plans": [{"Node Type": "Bitmap Index Scan", "Parent Relationship": "Outer", "Index Name": "title_pkey", "Startup Cost": 0.0, "Total Cost": 0.31, "Plan Rows": 1, "Plan Width": 0, "Actual Startup Time": 3.384, "Actual Total Time": 3.384, "Actual Rows": 691, "Actual Loops": 691, "Index Cond": "(id = mi.movie_id)"}]}]}]}, "Triggers": [], "Planner Runtime": 3.695, "Total Runtime": 621.921, "Unique SQL Id": 322094867}}, "(64, 52)": {"explain_plan": {"Plan": {"Node Type": "Aggregate", "Strategy": "Plain", "Startup Cost": 559339.91, "Total Cost": 559339.92, "Plan Rows": 1, "Plan Width": 49, "Plans": [{"Node Type": "Nested Loop", "Parent Relationship": "Outer", "Join Type": "Inner", "Startup Cost": 0.0, "Total Cost": 558512.28, "Plan Rows": 331050, "Plan Width": 17, "Inner Unique": true, "Plans": [{"Node Type": "Nested Loop", "Parent Relationship": "Outer", "Join Type": "Inner", "Startup Cost": 0.0, "Total Cost": 465812.82, "Plan Rows": 331050, "Plan Width": 21, "Inner Unique": false, "Plans": [{"Node Type": "Nested Loop", "Parent Relationship": "Outer", "Join Type": "Inner", "Startup Cost": 0.0, "Total Cost": 207294.74, "Plan Rows": 289936, "Plan Width": 25, "Inner Unique": true, "Plans": [{"Node Type": "Nested Loop", "Parent Relationship": "Outer", "Join Type": "Inner", "Startup Cost": 0.0, "Total Cost": 60095.92, "Plan Rows": 209278, "Plan Width": 4, "Inner Unique": false, "Join Filter": "(ct.id = mc.company_type_id), (LLVM Optimized)", "Plans": [{"Node Type": "Seq Scan", "Parent Relationship": "Outer", "Relation Name": "company_type", "Alias": "ct", "Startup Cost": 0.0, "Total Cost": 1.04, "Plan Rows": 1, "Plan Width": 4, "Filter": "((kind)::text = 'production companies'::text)"}, {"Node Type": "Seq Scan", "Parent Relationship": "Inner", "Relation Name": "movie_companies", "Alias": "mc", "Startup Cost": 0.0, "Total Cost": 54862.92, "Plan Rows": 418557, "Plan Width": 8, "Filter": "(((note)::text !~~ '%(TV)%'::text) AND ((note)::text ~~ '%(USA)%'::text)), (LLVM Optimized)"}]}, {"Node Type": "Index Scan", "Parent Relationship": "Inner", "Scan Direction": "Forward", "Index Name": "title_pkey", "Relation Name": "title", "Alias": "t", "Startup Cost": 0.0, "Total Cost": 0.69, "Plan Rows": 1, "Plan Width": 21, "Index Cond": "(id = mc.movie_id)", "Filter": "(production_year > 1990)"}]}, {"Node Type": "Index Scan", "Parent Relationship": "Inner", "Scan Direction": "Forward", "Index Name": "movie_id_movie_info", "Relation Name": "movie_info", "Alias": "mi", "Startup Cost": 0.0, "Total Cost": 0.88, "Plan Rows": 1, "Plan Width": 8, "Index Cond": "(movie_id = t.id)", "Filter": "((info)::text = ANY ('{Sweden,Norway,Germany,Denmark,Swedish,Denish,Norwegian,German,USA,American}'::text[]))"}]}, {"Node Type": "Index Scan", "Parent Relationship": "Inner", "Scan Direction": "Forward", "Index Name": "info_type_pkey", "Relation Name": "info_type", "Alias": "it", "Startup Cost": 0.0, "Total Cost": 0.27, "Plan Rows": 1, "Plan Width": 4, "Index Cond": "(id = mi.info_type_id)"}]}]}, "Unique SQL Id": 322094867}, "explain_analyze_plan": {"Plan": {"Node Type": "Aggregate", "Strategy": "Plain", "Startup Cost": 559339.91, "Total Cost": 559339.92, "Plan Rows": 1, "Plan Width": 49, "Actual Startup Time": 1247.626, "Actual Total Time": 1247.626, "Actual Rows": 1, "Actual Loops": 1, "Plans": [{"Node Type": "Nested Loop", "Parent Relationship": "Outer", "Join Type": "Inner", "Startup Cost": 0.0, "Total Cost": 558512.28, "Plan Rows": 331050, "Plan Width": 17, "Actual Startup Time": 876.587, "Actual Total Time": 1247.132, "Actual Rows": 669, "Actual Loops": 1, "Inner Unique": true, "Plans": [{"Node Type": "Nested Loop", "Parent Relationship": "Outer", "Join Type": "Inner", "Startup Cost": 0.0, "Total Cost": 465812.82, "Plan Rows": 331050, "Plan Width": 21, "Actual Startup Time": 876.577, "Actual Total Time": 1245.329, "Actual Rows": 669, "Actual Loops": 1, "Inner Unique": false, "Plans": [{"Node Type": "Nested Loop", "Parent Relationship": "Outer", "Join Type": "Inner", "Startup Cost": 0.0, "Total Cost": 207294.74, "Plan Rows": 289936, "Plan Width": 25, "Actual Startup Time": 876.543, "Actual Total Time": 1221.006, "Actual Rows": 767, "Actual Loops": 1, "Inner Unique": true, "Plans": [{"Node Type": "Nested Loop", "Parent Relationship": "Outer", "Join Type": "Inner", "Startup Cost": 0.0, "Total Cost": 60095.92, "Plan Rows": 209278, "Plan Width": 4, "Actual Startup Time": 876.456, "Actual Total Time": 1213.721, "Actual Rows": 798, "Actual Loops": 1, "Inner Unique": false, "Join Filter": "(ct.id = mc.company_type_id), (LLVM Optimized, Jit Execute)", "Rows Removed by Join Filter": 294830, "Plans": [{"Node Type": "Seq Scan", "Parent Relationship": "Outer", "Relation Name": "company_type", "Alias": "ct", "Startup Cost": 0.0, "Total Cost": 1.04, "Plan Rows": 1, "Plan Width": 4, "Actual Startup Time": 0.018, "Actual Total Time": 0.024, "Actual Rows": 1, "Actual Loops": 1, "Filter": "((kind)::text = 'production companies'::text)", "Rows Removed by Filter": 2}, {"Node Type": "Seq Scan", "Parent Relationship": "Inner", "Relation Name": "movie_companies", "Alias": "mc", "Startup Cost": 0.0, "Total Cost": 54862.92, "Plan Rows": 418557, "Plan Width": 8, "Actual Startup Time": 0.03, "Actual Total Time": 1154.3, "Actual Rows": 295628, "Actual Loops": 1, "Filter": "(((note)::text !~~ '%(TV)%'::text) AND ((note)::text ~~ '%(USA)%'::text)), (LLVM Optimized, Jit Execute)", "Rows Removed by Filter": 2313500}]}, {"Node Type": "Index Scan", "Parent Relationship": "Inner", "Scan Direction": "Forward", "Index Name": "title_pkey", "Relation Name": "title", "Alias": "t", "Startup Cost": 0.0, "Total Cost": 0.69, "Plan Rows": 1, "Plan Width": 21, "Actual Startup Time": 6.363, "Actual Total Time": 6.363, "Actual Rows": 767, "Actual Loops": 798, "Index Cond": "(id = mc.movie_id)", "Rows Removed by Index Recheck": 0, "Filter": "(production_year > 1990)", "Rows Removed by Filter": 31}]}, {"Node Type": "Index Scan", "Parent Relationship": "Inner", "Scan Direction": "Forward", "Index Name": "movie_id_movie_info", "Relation Name": "movie_info", "Alias": "mi", "Startup Cost": 0.0, "Total Cost": 0.88, "Plan Rows": 1, "Plan Width": 8, "Actual Startup Time": 20.811, "Actual Total Time": 23.654, "Actual Rows": 669, "Actual Loops": 767, "Index Cond": "(movie_id = t.id)", "Rows Removed by Index Recheck": 0, "Filter": "((info)::text = ANY ('{Sweden,Norway,Germany,Denmark,Swedish,Denish,Norwegian,German,USA,American}'::text[]))", "Rows Removed by Filter": 7721}]}, {"Node Type": "Index Scan", "Parent Relationship": "Inner", "Scan Direction": "Forward", "Index Name": "info_type_pkey", "Relation Name": "info_type", "Alias": "it", "Startup Cost": 0.0, "Total Cost": 0.27, "Plan Rows": 1, "Plan Width": 4, "Actual Startup Time": 1.116, "Actual Total Time": 1.116, "Actual Rows": 669, "Actual Loops": 669, "Index Cond": "(id = mi.info_type_id)", "Rows Removed by Index Recheck": 0}]}]}, "Triggers": [], "Planner Runtime": 3.886, "Total Runtime": 1257.315, "Unique SQL Id": 322094867}}, "(64, 53)": {"explain_plan": {"Plan": {"Node Type": "Aggregate", "Strategy": "Plain", "Startup Cost": 560989.43, "Total Cost": 560989.44, "Plan Rows": 1, "Plan Width": 49, "Plans": [{"Node Type": "Nested Loop", "Parent Relationship": "Outer", "Join Type": "Inner", "Startup Cost": 0.0, "Total Cost": 560161.81, "Plan Rows": 331050, "Plan Width": 17, "Inner Unique": true, "Plans": [{"Node Type": "Nested Loop", "Parent Relationship": "Outer", "Join Type": "Inner", "Startup Cost": 0.0, "Total Cost": 467462.34, "Plan Rows": 331050, "Plan Width": 21, "Inner Unique": false, "Plans": [{"Node Type": "Nested Loop", "Parent Relationship": "Outer", "Join Type": "Inner", "Startup Cost": 0.0, "Total Cost": 208944.27, "Plan Rows": 289936, "Plan Width": 25, "Inner Unique": true, "Plans": [{"Node Type": "Nested Loop", "Parent Relationship": "Outer", "Join Type": "Inner", "Startup Cost": 0.0, "Total Cost": 61745.44, "Plan Rows": 209278, "Plan Width": 4, "Inner Unique": false, "Plans": [{"Node Type": "Index Scan", "Parent Relationship": "Outer", "Scan Direction": "Forward", "Index Name": "company_type_pkey", "Relation Name": "company_type", "Alias": "ct", "Startup Cost": 0.0, "Total Cost": 12.3, "Plan Rows": 1, "Plan Width": 4, "Filter": "((kind)::text = 'production companies'::text)"}, {"Node Type": "Index Scan", "Parent Relationship": "Inner", "Scan Direction": "Forward", "Index Name": "company_type_id_movie_companies", "Relation Name": "movie_companies", "Alias": "mc", "Startup Cost": 0.0, "Total Cost": 59640.35, "Plan Rows": 209279, "Plan Width": 8, "Index Cond": "(company_type_id = ct.id), (LLVM Optimized)", "Filter": "(((note)::text !~~ '%(TV)%'::text) AND ((note)::text ~~ '%(USA)%'::text)), (LLVM Optimized)"}]}, {"Node Type": "Index Scan", "Parent Relationship": "Inner", "Scan Direction": "Forward", "Index Name": "title_pkey", "Relation Name": "title", "Alias": "t", "Startup Cost": 0.0, "Total Cost": 0.69, "Plan Rows": 1, "Plan Width": 21, "Index Cond": "(id = mc.movie_id)", "Filter": "(production_year > 1990)"}]}, {"Node Type": "Index Scan", "Parent Relationship": "Inner", "Scan Direction": "Forward", "Index Name": "movie_id_movie_info", "Relation Name": "movie_info", "Alias": "mi", "Startup Cost": 0.0, "Total Cost": 0.88, "Plan Rows": 1, "Plan Width": 8, "Index Cond": "(movie_id = t.id)", "Filter": "((info)::text = ANY ('{Sweden,Norway,Germany,Denmark,Swedish,Denish,Norwegian,German,USA,American}'::text[]))"}]}, {"Node Type": "Index Scan", "Parent Relationship": "Inner", "Scan Direction": "Forward", "Index Name": "info_type_pkey", "Relation Name": "info_type", "Alias": "it", "Startup Cost": 0.0, "Total Cost": 0.27, "Plan Rows": 1, "Plan Width": 4, "Index Cond": "(id = mi.info_type_id)"}]}]}, "Unique SQL Id": 322094867}, "explain_analyze_plan": {"Plan": {"Node Type": "Aggregate", "Strategy": "Plain", "Startup Cost": 560989.43, "Total Cost": 560989.44, "Plan Rows": 1, "Plan Width": 49, "Actual Startup Time": 710.059, "Actual Total Time": 710.059, "Actual Rows": 1, "Actual Loops": 1, "Plans": [{"Node Type": "Nested Loop", "Parent Relationship": "Outer", "Join Type": "Inner", "Startup Cost": 0.0, "Total Cost": 560161.81, "Plan Rows": 331050, "Plan Width": 17, "Actual Startup Time": 8.764, "Actual Total Time": 709.495, "Actual Rows": 669, "Actual Loops": 1, "Inner Unique": true, "Plans": [{"Node Type": "Nested Loop", "Parent Relationship": "Outer", "Join Type": "Inner", "Startup Cost": 0.0, "Total Cost": 467462.34, "Plan Rows": 331050, "Plan Width": 21, "Actual Startup Time": 8.756, "Actual Total Time": 707.622, "Actual Rows": 669, "Actual Loops": 1, "Inner Unique": false, "Plans": [{"Node Type": "Nested Loop", "Parent Relationship": "Outer", "Join Type": "Inner", "Startup Cost": 0.0, "Total Cost": 208944.27, "Plan Rows": 289936, "Plan Width": 25, "Actual Startup Time": 8.735, "Actual Total Time": 683.297, "Actual Rows": 767, "Actual Loops": 1, "Inner Unique": true, "Plans": [{"Node Type": "Nested Loop", "Parent Relationship": "Outer", "Join Type": "Inner", "Startup Cost": 0.0, "Total Cost": 61745.44, "Plan Rows": 209278, "Plan Width": 4, "Actual Startup Time": 8.711, "Actual Total Time": 676.429, "Actual Rows": 798, "Actual Loops": 1, "Inner Unique": false, "Plans": [{"Node Type": "Index Scan", "Parent Relationship": "Outer", "Scan Direction": "Forward", "Index Name": "company_type_pkey", "Relation Name": "company_type", "Alias": "ct", "Startup Cost": 0.0, "Total Cost": 12.3, "Plan Rows": 1, "Plan Width": 4, "Actual Startup Time": 0.037, "Actual Total Time": 0.046, "Actual Rows": 1, "Actual Loops": 1, "Filter": "((kind)::text = 'production companies'::text)", "Rows Removed by Filter": 2}, {"Node Type": "Index Scan", "Parent Relationship": "Inner", "Scan Direction": "Forward", "Index Name": "company_type_id_movie_companies", "Relation Name": "movie_companies", "Alias": "mc", "Startup Cost": 0.0, "Total Cost": 59640.35, "Plan Rows": 209279, "Plan Width": 8, "Actual Startup Time": 8.669, "Actual Total Time": 676.13, "Actual Rows": 798, "Actual Loops": 1, "Index Cond": "(company_type_id = ct.id), (LLVM Optimized, Jit Execute)", "Rows Removed by Index Recheck": 0, "Filter": "(((note)::text !~~ '%(TV)%'::text) AND ((note)::text ~~ '%(USA)%'::text)), (LLVM Optimized, Jit Execute)", "Rows Removed by Filter": 1334085}]}, {"Node Type": "Index Scan", "Parent Relationship": "Inner", "Scan Direction": "Forward", "Index Name": "title_pkey", "Relation Name": "title", "Alias": "t", "Startup Cost": 0.0, "Total Cost": 0.69, "Plan Rows": 1, "Plan Width": 21, "Actual Startup Time": 5.946, "Actual Total Time": 5.946, "Actual Rows": 767, "Actual Loops": 798, "Index Cond": "(id = mc.movie_id)", "Rows Removed by Index Recheck": 0, "Filter": "(production_year > 1990)", "Rows Removed by Filter": 31}]}, {"Node Type": "Index Scan", "Parent Relationship": "Inner", "Scan Direction": "Forward", "Index Name": "movie_id_movie_info", "Relation Name": "movie_info", "Alias": "mi", "Startup Cost": 0.0, "Total Cost": 0.88, "Plan Rows": 1, "Plan Width": 8, "Actual Startup Time": 20.757, "Actual Total Time": 23.645, "Actual Rows": 669, "Actual Loops": 767, "Index Cond": "(movie_id = t.id)", "Rows Removed by Index Recheck": 0, "Filter": "((info)::text = ANY ('{Sweden,Norway,Germany,Denmark,Swedish,Denish,Norwegian,German,USA,American}'::text[]))", "Rows Removed by Filter": 7721}]}, {"Node Type": "Index Scan", "Parent Relationship": "Inner", "Scan Direction": "Forward", "Index Name": "info_type_pkey", "Relation Name": "info_type", "Alias": "it", "Startup Cost": 0.0, "Total Cost": 0.27, "Plan Rows": 1, "Plan Width": 4, "Actual Startup Time": 1.208, "Actual Total Time": 1.208, "Actual Rows": 669, "Actual Loops": 669, "Index Cond": "(id = mi.info_type_id)", "Rows Removed by Index Recheck": 0}]}]}, "Triggers": [], "Planner Runtime": 3.573, "Total Runtime": 719.774, "Unique SQL Id": 322094867}}, "(64, 54)": {"explain_plan": {"Plan": {"Node Type": "Aggregate", "Strategy": "Plain", "Startup Cost": 1933293.46, "Total Cost": 1933293.47, "Plan Rows": 1, "Plan Width": 49, "Plans": [{"Node Type": "Nested Loop", "Parent Relationship": "Outer", "Join Type": "Inner", "Startup Cost": 0.31, "Total Cost": 1932465.84, "Plan Rows": 331050, "Plan Width": 17, "Inner Unique": true, "Plans": [{"Node Type": "Streaming(type: LOCAL GATHER dop: 1/64)", "Parent Relationship": "Outer", "Startup Cost": 0.0, "Total Cost": 896905.5, "Plan Rows": 238955, "Plan Width": 8, "Plans": [{"Node Type": "Nested Loop", "Parent Relationship": "Outer", "Join Type": "Inner", "Startup Cost": 0.0, "Total Cost": 891975.89, "Plan Rows": 238955, "Plan Width": 8, "Inner Unique": true, "Join Filter": "(mi.info_type_id = it.id), (LLVM Optimized)", "Plans": [{"Node Type": "Nested Loop", "Parent Relationship": "Outer", "Join Type": "Inner", "Startup Cost": 0.0, "Total Cost": 822553.05, "Plan Rows": 238955, "Plan Width": 12, "Inner Unique": false, "Join Filter": "(mc.movie_id = mi.movie_id), (LLVM Optimized)", "Plans": [{"Node Type": "Streaming(type: LOCAL REDISTRIBUTE dop: 64/1)", "Parent Relationship": "Outer", "Startup Cost": 0.0, "Total Cost": 131598.86, "Plan Rows": 209278, "Plan Width": 4, "Plans": [{"Node Type": "Nested Loop", "Parent Relationship": "Outer", "Join Type": "Inner", "Startup Cost": 0.0, "Total Cost": 60095.92, "Plan Rows": 209278, "Plan Width": 4, "Inner Unique": false, "Join Filter": "(ct.id = mc.company_type_id), (LLVM Optimized)", "Plans": [{"Node Type": "Seq Scan", "Parent Relationship": "Outer", "Relation Name": "company_type", "Alias": "ct", "Startup Cost": 0.0, "Total Cost": 1.04, "Plan Rows": 1, "Plan Width": 4, "Filter": "((kind)::text = 'production companies'::text)"}, {"Node Type": "Seq Scan", "Parent Relationship": "Inner", "Relation Name": "movie_companies", "Alias": "mc", "Startup Cost": 0.0, "Total Cost": 54862.92, "Plan Rows": 418557, "Plan Width": 8, "Filter": "(((note)::text !~~ '%(TV)%'::text) AND ((note)::text ~~ '%(USA)%'::text)), (LLVM Optimized)"}]}]}, {"Node Type": "Materialize", "Parent Relationship": "Inner", "Startup Cost": 0.0, "Total Cost": 134289.54, "Plan Rows": 726375, "Plan Width": 8, "Plans": [{"Node Type": "Streaming(type: LOCAL REDISTRIBUTE dop: 64/64)", "Parent Relationship": "Outer", "Startup Cost": 0.0, "Total Cost": 134232.79, "Plan Rows": 726375, "Plan Width": 8, "Plans": [{"Node Type": "Seq Scan", "Parent Relationship": "Outer", "Relation Name": "movie_info", "Alias": "mi", "Startup Cost": 0.0, "Total Cost": 70544.72, "Plan Rows": 726375, "Plan Width": 8, "Filter": "((info)::text = ANY ('{Sweden,Norway,Germany,Denmark,Swedish,Denish,Norwegian,German,USA,American}'::text[]))"}]}]}]}, {"Node Type": "Materialize", "Parent Relationship": "Inner", "Startup Cost": 0.0, "Total Cost": 63150.56, "Plan Rows": 7168, "Plan Width": 4, "Plans": [{"Node Type": "Streaming(type: BROADCAST dop: 64/1)", "Parent Relationship": "Outer", "Startup Cost": 0.0, "Total Cost": 63150.0, "Plan Rows": 7168, "Plan Width": 4, "Plans": [{"Node Type": "Seq Scan", "Parent Relationship": "Outer", "Relation Name": "info_type", "Alias": "it", "Startup Cost": 0.0, "Total Cost": 2.12, "Plan Rows": 112, "Plan Width": 4}]}]}]}]}, {"Node Type": "Bitmap Heap Scan", "Parent Relationship": "Inner", "Relation Name": "title", "Alias": "t", "Startup Cost": 0.31, "Total Cost": 4.32, "Plan Rows": 1, "Plan Width": 21, "Recheck Cond": "(id = mi.movie_id)", "Filter": "(production_year > 1990)", "Plans": [{"Node Type": "Bitmap Index Scan", "Parent Relationship": "Outer", "Index Name": "title_pkey", "Startup Cost": 0.0, "Total Cost": 0.31, "Plan Rows": 1, "Plan Width": 0, "Index Cond": "(id = mi.movie_id)"}]}]}]}, "Unique SQL Id": 322094867}, "explain_analyze_plan": {"Plan": {"Node Type": "Aggregate", "Strategy": "Plain", "Startup Cost": 1933293.46, "Total Cost": 1933293.47, "Plan Rows": 1, "Plan Width": 49, "Actual Min Startup Time": 1818.726, "Actual Max Startup Time": 1818.726, "Actual Min Total Time": 1818.727, "Actual Max Total Time": 1818.727, "Actual Total Rows": 1, "Plans": [{"Node Type": "Nested Loop", "Parent Relationship": "Outer", "Join Type": "Inner", "Startup Cost": 0.31, "Total Cost": 1932465.84, "Plan Rows": 331050, "Plan Width": 17, "Actual Min Startup Time": 1770.5, "Actual Max Startup Time": 1770.5, "Actual Min Total Time": 1818.365, "Actual Max Total Time": 1818.365, "Actual Total Rows": 669, "Inner Unique": true, "Plans": [{"Node Type": "Streaming(type: LOCAL GATHER dop: 1/64)", "Parent Relationship": "Outer", "Startup Cost": 0.0, "Total Cost": 896905.5, "Plan Rows": 238955, "Plan Width": 8, "Actual Min Startup Time": 1770.402, "Actual Max Startup Time": 1770.402, "Actual Min Total Time": 1811.577, "Actual Max Total Time": 1811.577, "Actual Total Rows": 691, "Plans": [{"Node Type": "Nested Loop", "Parent Relationship": "Outer", "Join Type": "Inner", "Startup Cost": 0.0, "Total Cost": 891975.89, "Plan Rows": 238955, "Plan Width": 8, "Actual Min Startup Time": 1183.494, "Actual Max Startup Time": 1436.013, "Actual Min Total Time": 1205.125, "Actual Max Total Time": 1463.585, "Actual Total Rows": 691, "Inner Unique": true, "Join Filter": "(mi.info_type_id = it.id), (LLVM Optimized, Jit Execute)", "Rows Removed by Join Filter": 4196, "Plans": [{"Node Type": "Nested Loop", "Parent Relationship": "Outer", "Join Type": "Inner", "Startup Cost": 0.0, "Total Cost": 822553.05, "Plan Rows": 238955, "Plan Width": 12, "Actual Min Startup Time": 1180.818, "Actual Max Startup Time": 1198.533, "Actual Min Total Time": 1196.143, "Actual Max Total Time": 1243.775, "Actual Total Rows": 691, "Inner Unique": false, "Join Filter": "(mc.movie_id = mi.movie_id), (LLVM Optimized, Jit Execute)", "Rows Removed by Join Filter": 8812715, "Plans": [{"Node Type": "Streaming(type: LOCAL REDISTRIBUTE dop: 64/1)", "Parent Relationship": "Outer", "Startup Cost": 0.0, "Total Cost": 131598.86, "Plan Rows": 209278, "Plan Width": 4, "Actual Min Startup Time": 1048.685, "Actual Max Startup Time": 1050.03, "Actual Min Total Time": 1048.686, "Actual Max Total Time": 1050.033, "Actual Total Rows": 798, "Plans": [{"Node Type": "Nested Loop", "Parent Relationship": "Outer", "Join Type": "Inner", "Startup Cost": 0.0, "Total Cost": 60095.92, "Plan Rows": 209278, "Plan Width": 4, "Actual Min Startup Time": 911.934, "Actual Max Startup Time": 911.934, "Actual Min Total Time": 1271.722, "Actual Max Total Time": 1271.722, "Actual Total Rows": 798, "Inner Unique": false, "Join Filter": "(ct.id = mc.company_type_id), (LLVM Optimized, Jit Execute)", "Rows Removed by Join Filter": 294830, "Plans": [{"Node Type": "Seq Scan", "Parent Relationship": "Outer", "Relation Name": "company_type", "Alias": "ct", "Startup Cost": 0.0, "Total Cost": 1.04, "Plan Rows": 1, "Plan Width": 4, "Actual Min Startup Time": 0.021, "Actual Max Startup Time": 0.021, "Actual Min Total Time": 0.026, "Actual Max Total Time": 0.026, "Actual Total Rows": 1, "Filter": "((kind)::text = 'production companies'::text)", "Rows Removed by Filter": 2}, {"Node Type": "Seq Scan", "Parent Relationship": "Inner", "Relation Name": "movie_companies", "Alias": "mc", "Startup Cost": 0.0, "Total Cost": 54862.92, "Plan Rows": 418557, "Plan Width": 8, "Actual Min Startup Time": 0.032, "Actual Max Startup Time": 0.032, "Actual Min Total Time": 1209.088, "Actual Max Total Time": 1209.088, "Actual Total Rows": 295628, "Filter": "(((note)::text !~~ '%(TV)%'::text) AND ((note)::text ~~ '%(USA)%'::text)), (LLVM Optimized, Jit Execute)", "Rows Removed by Filter": 2313500}]}]}, {"Node Type": "Materialize", "Parent Relationship": "Inner", "Startup Cost": 0.0, "Total Cost": 134289.54, "Plan Rows": 726375, "Plan Width": 8, "Actual Min Startup Time": 130.287, "Actual Max Startup Time": 130.941, "Actual Min Total Time": 136.247, "Actual Max Total Time": 155.804, "Actual Total Rows": 8813470, "Plans": [{"Node Type": "Streaming(type: LOCAL REDISTRIBUTE dop: 64/64)", "Parent Relationship": "Outer", "Startup Cost": 0.0, "Total Cost": 134232.79, "Plan Rows": 726375, "Plan Width": 8, "Actual Min Startup Time": 0.126, "Actual Max Startup Time": 0.312, "Actual Min Total Time": 128.285, "Actual Max Total Time": 129.063, "Actual Total Rows": 706674, "Plans": [{"Node Type": "Seq Scan", "Parent Relationship": "Outer", "Relation Name": "movie_info", "Alias": "mi", "Startup Cost": 0.0, "Total Cost": 70544.72, "Plan Rows": 726375, "Plan Width": 8, "Actual Min Startup Time": 0.039, "Actual Max Startup Time": 3.447, "Actual Min Total Time": 126.01, "Actual Max Total Time": 158.433, "Actual Total Rows": 706674, "Filter": "((info)::text = ANY ('{Sweden,Norway,Germany,Denmark,Swedish,Denish,Norwegian,German,USA,American}'::text[]))", "Rows Removed by Filter": 14129045}]}]}]}, {"Node Type": "Materialize", "Parent Relationship": "Inner", "Startup Cost": 0.0, "Total Cost": 63150.56, "Plan Rows": 7168, "Plan Width": 4, "Actual Min Startup Time": 0.719, "Actual Max Startup Time": 249.421, "Actual Min Total Time": 0.725, "Actual Max Total Time": 249.426, "Actual Total Rows": 4951, "Plans": [{"Node Type": "Streaming(type: BROADCAST dop: 64/1)", "Parent Relationship": "Outer", "Startup Cost": 0.0, "Total Cost": 63150.0, "Plan Rows": 7168, "Plan Width": 4, "Actual Min Startup Time": 0.028, "Actual Max Startup Time": 50.203, "Actual Min Total Time": 0.693, "Actual Max Total Time": 249.4, "Actual Total Rows": 7168, "Plans": [{"Node Type": "Seq Scan", "Parent Relationship": "Outer", "Relation Name": "info_type", "Alias": "it", "Startup Cost": 0.0, "Total Cost": 2.12, "Plan Rows": 112, "Plan Width": 4, "Actual Min Startup Time": 0.025, "Actual Max Startup Time": 0.025, "Actual Min Total Time": 0.065, "Actual Max Total Time": 0.065, "Actual Total Rows": 112}]}]}]}]}, {"Node Type": "Bitmap Heap Scan", "Parent Relationship": "Inner", "Relation Name": "title", "Alias": "t", "Startup Cost": 0.31, "Total Cost": 4.32, "Plan Rows": 1, "Plan Width": 21, "Actual Min Startup Time": 5.774, "Actual Max Startup Time": 5.774, "Actual Min Total Time": 5.774, "Actual Max Total Time": 5.774, "Actual Total Rows": 669, "Recheck Cond": "(id = mi.movie_id)", "Rows Removed by Index Recheck": 0, "Filter": "(production_year > 1990)", "Rows Removed by Filter": 22, "Exact Heap Blocks": 691, "Lossy Heap Blocks": 691, "Plans": [{"Node Type": "Bitmap Index Scan", "Parent Relationship": "Outer", "Index Name": "title_pkey", "Startup Cost": 0.0, "Total Cost": 0.31, "Plan Rows": 1, "Plan Width": 0, "Actual Min Startup Time": 3.242, "Actual Max Startup Time": 3.242, "Actual Min Total Time": 3.242, "Actual Max Total Time": 3.242, "Actual Total Rows": 691, "Index Cond": "(id = mi.movie_id)"}]}]}]}, "Triggers": [], "Planner Runtime": 4.932, "Total Runtime": 1856.394, "Unique SQL Id": 322094867}}, "(64, 55)": {"explain_plan": {"Plan": {"Node Type": "Aggregate", "Strategy": "Plain", "Startup Cost": 2546736.36, "Total Cost": 2546736.37, "Plan Rows": 1, "Plan Width": 49, "Plans": [{"Node Type": "Nested Loop", "Parent Relationship": "Outer", "Join Type": "Inner", "Startup Cost": 29015.04, "Total Cost": 2545908.74, "Plan Rows": 331050, "Plan Width": 17, "Inner Unique": true, "Plans": [{"Node Type": "Nested Loop", "Parent Relationship": "Outer", "Join Type": "Inner", "Startup Cost": 29014.73, "Total Cost": 1510348.4, "Plan Rows": 238955, "Plan Width": 8, "Inner Unique": true, "Join Filter": "(mi.info_type_id = it.id), (LLVM Optimized)", "Plans": [{"Node Type": "Nested Loop", "Parent Relationship": "Outer", "Join Type": "Inner", "Startup Cost": 29005.9, "Total Cost": 1108889.77, "Plan Rows": 238955, "Plan Width": 12, "Inner Unique": false, "Plans": [{"Node Type": "Nested Loop", "Parent Relationship": "Outer", "Join Type": "Inner", "Startup Cost": 29005.06, "Total Cost": 69657.76, "Plan Rows": 209278, "Plan Width": 4, "Inner Unique": false, "Plans": [{"Node Type": "Bitmap Heap Scan", "Parent Relationship": "Outer", "Relation Name": "company_type", "Alias": "ct", "Startup Cost": 8.27, "Total Cost": 12.3, "Plan Rows": 1, "Plan Width": 4, "Filter": "((kind)::text = 'production companies'::text)", "Plans": [{"Node Type": "Bitmap Index Scan", "Parent Relationship": "Outer", "Index Name": "company_type_pkey", "Startup Cost": 0.0, "Total Cost": 8.27, "Plan Rows": 3, "Plan Width": 0}]}, {"Node Type": "Bitmap Heap Scan", "Parent Relationship": "Inner", "Relation Name": "movie_companies", "Alias": "mc", "Startup Cost": 28996.8, "Total Cost": 67552.67, "Plan Rows": 209279, "Plan Width": 8, "Recheck Cond": "(company_type_id = ct.id), (LLVM Optimized)", "Filter": "(((note)::text !~~ '%(TV)%'::text) AND ((note)::text ~~ '%(USA)%'::text)), (LLVM Optimized)", "Plans": [{"Node Type": "Bitmap Index Scan", "Parent Relationship": "Outer", "Index Name": "company_type_id_movie_companies", "Startup Cost": 0.0, "Total Cost": 28944.48, "Plan Rows": 1304564, "Plan Width": 0, "Index Cond": "(company_type_id = ct.id)"}]}]}, {"Node Type": "Bitmap Heap Scan", "Parent Relationship": "Inner", "Relation Name": "movie_info", "Alias": "mi", "Startup Cost": 0.83, "Total Cost": 4.96, "Plan Rows": 1, "Plan Width": 8, "Recheck Cond": "(movie_id = mc.movie_id)", "Filter": "((info)::text = ANY ('{Sweden,Norway,Germany,Denmark,Swedish,Denish,Norwegian,German,USA,American}'::text[]))", "Plans": [{"Node Type": "Bitmap Index Scan", "Parent Relationship": "Outer", "Index Name": "movie_id_movie_info", "Startup Cost": 0.0, "Total Cost": 0.83, "Plan Rows": 5, "Plan Width": 0, "Index Cond": "(movie_id = mc.movie_id)"}]}]}, {"Node Type": "Materialize", "Parent Relationship": "Inner", "Startup Cost": 8.84, "Total Cost": 14.52, "Plan Rows": 112, "Plan Width": 4, "Plans": [{"Node Type": "Bitmap Heap Scan", "Parent Relationship": "Outer", "Relation Name": "info_type", "Alias": "it", "Startup Cost": 8.84, "Total Cost": 13.96, "Plan Rows": 112, "Plan Width": 4, "Plans": [{"Node Type": "Bitmap Index Scan", "Parent Relationship": "Outer", "Index Name": "info_type_pkey", "Startup Cost": 0.0, "Total Cost": 8.81, "Plan Rows": 112, "Plan Width": 0}]}]}]}, {"Node Type": "Bitmap Heap Scan", "Parent Relationship": "Inner", "Relation Name": "title", "Alias": "t", "Startup Cost": 0.31, "Total Cost": 4.32, "Plan Rows": 1, "Plan Width": 21, "Recheck Cond": "(id = mi.movie_id)", "Filter": "(production_year > 1990)", "Plans": [{"Node Type": "Bitmap Index Scan", "Parent Relationship": "Outer", "Index Name": "title_pkey", "Startup Cost": 0.0, "Total Cost": 0.31, "Plan Rows": 1, "Plan Width": 0, "Index Cond": "(id = mi.movie_id)"}]}]}]}, "Unique SQL Id": 322094867}, "explain_analyze_plan": {"Plan": {"Node Type": "Aggregate", "Strategy": "Plain", "Startup Cost": 2546736.36, "Total Cost": 2546736.37, "Plan Rows": 1, "Plan Width": 49, "Actual Startup Time": 611.599, "Actual Total Time": 611.599, "Actual Rows": 1, "Actual Loops": 1, "Plans": [{"Node Type": "Nested Loop", "Parent Relationship": "Outer", "Join Type": "Inner", "Startup Cost": 29015.04, "Total Cost": 2545908.74, "Plan Rows": 331050, "Plan Width": 17, "Actual Startup Time": 154.525, "Actual Total Time": 610.873, "Actual Rows": 669, "Actual Loops": 1, "Inner Unique": true, "Plans": [{"Node Type": "Nested Loop", "Parent Relationship": "Outer", "Join Type": "Inner", "Startup Cost": 29014.73, "Total Cost": 1510348.4, "Plan Rows": 238955, "Plan Width": 8, "Actual Startup Time": 154.496, "Actual Total Time": 603.591, "Actual Rows": 691, "Actual Loops": 1, "Inner Unique": true, "Join Filter": "(mi.info_type_id = it.id), (LLVM Optimized, Jit Execute)", "Rows Removed by Join Filter": 4196, "Plans": [{"Node Type": "Nested Loop", "Parent Relationship": "Outer", "Join Type": "Inner", "Startup Cost": 29005.9, "Total Cost": 1108889.77, "Plan Rows": 238955, "Plan Width": 12, "Actual Startup Time": 154.424, "Actual Total Time": 601.877, "Actual Rows": 691, "Actual Loops": 1, "Inner Unique": false, "Plans": [{"Node Type": "Nested Loop", "Parent Relationship": "Outer", "Join Type": "Inner", "Startup Cost": 29005.06, "Total Cost": 69657.76, "Plan Rows": 209278, "Plan Width": 4, "Actual Startup Time": 154.34, "Actual Total Time": 571.393, "Actual Rows": 798, "Actual Loops": 1, "Inner Unique": false, "Plans": [{"Node Type": "Bitmap Heap Scan", "Parent Relationship": "Outer", "Relation Name": "company_type", "Alias": "ct", "Startup Cost": 8.27, "Total Cost": 12.3, "Plan Rows": 1, "Plan Width": 4, "Actual Startup Time": 0.053, "Actual Total Time": 0.058, "Actual Rows": 1, "Actual Loops": 1, "Filter": "((kind)::text = 'production companies'::text)", "Rows Removed by Filter": 2, "Exact Heap Blocks": 1, "Lossy Heap Blocks": 1, "Plans": [{"Node Type": "Bitmap Index Scan", "Parent Relationship": "Outer", "Index Name": "company_type_pkey", "Startup Cost": 0.0, "Total Cost": 8.27, "Plan Rows": 3, "Plan Width": 0, "Actual Startup Time": 0.02, "Actual Total Time": 0.02, "Actual Rows": 3, "Actual Loops": 1}]}, {"Node Type": "Bitmap Heap Scan", "Parent Relationship": "Inner", "Relation Name": "movie_companies", "Alias": "mc", "Startup Cost": 28996.8, "Total Cost": 67552.67, "Plan Rows": 209279, "Plan Width": 8, "Actual Startup Time": 154.278, "Actual Total Time": 571.084, "Actual Rows": 798, "Actual Loops": 1, "Recheck Cond": "(company_type_id = ct.id), (LLVM Optimized, Jit Execute)", "Rows Removed by Index Recheck": 0, "Filter": "(((note)::text !~~ '%(TV)%'::text) AND ((note)::text ~~ '%(USA)%'::text)), (LLVM Optimized, Jit Execute)", "Rows Removed by Filter": 1334085, "Exact Heap Blocks": 6196, "Lossy Heap Blocks": 6196, "Plans": [{"Node Type": "Bitmap Index Scan", "Parent Relationship": "Outer", "Index Name": "company_type_id_movie_companies", "Startup Cost": 0.0, "Total Cost": 28944.48, "Plan Rows": 1304564, "Plan Width": 0, "Actual Startup Time": 147.323, "Actual Total Time": 147.323, "Actual Rows": 1334883, "Actual Loops": 1, "Index Cond": "(company_type_id = ct.id)"}]}]}, {"Node Type": "Bitmap Heap Scan", "Parent Relationship": "Inner", "Relation Name": "movie_info", "Alias": "mi", "Startup Cost": 0.83, "Total Cost": 4.96, "Plan Rows": 1, "Plan Width": 8, "Actual Startup Time": 26.092, "Actual Total Time": 28.716, "Actual Rows": 691, "Actual Loops": 798, "Recheck Cond": "(movie_id = mc.movie_id)", "Rows Removed by Index Recheck": 0, "Filter": "((info)::text = ANY ('{Sweden,Norway,Germany,Denmark,Swedish,Denish,Norwegian,German,USA,American}'::text[]))", "Rows Removed by Filter": 7906, "Exact Heap Blocks": 6397, "Lossy Heap Blocks": 6397, "Plans": [{"Node Type": "Bitmap Index Scan", "Parent Relationship": "Outer", "Index Name": "movie_id_movie_info", "Startup Cost": 0.0, "Total Cost": 0.83, "Plan Rows": 5, "Plan Width": 0, "Actual Startup Time": 6.265, "Actual Total Time": 6.265, "Actual Rows": 8597, "Actual Loops": 798, "Index Cond": "(movie_id = mc.movie_id)"}]}]}, {"Node Type": "Materialize", "Parent Relationship": "Inner", "Startup Cost": 8.84, "Total Cost": 14.52, "Plan Rows": 112, "Plan Width": 4, "Actual Startup Time": 0.182, "Actual Total Time": 0.528, "Actual Rows": 4887, "Actual Loops": 691, "Plans": [{"Node Type": "Bitmap Heap Scan", "Parent Relationship": "Outer", "Relation Name": "info_type", "Alias": "it", "Startup Cost": 8.84, "Total Cost": 13.96, "Plan Rows": 112, "Plan Width": 4, "Actual Startup Time": 0.043, "Actual Total Time": 0.047, "Actual Rows": 17, "Actual Loops": 1, "Exact Heap Blocks": 1, "Lossy Heap Blocks": 1, "Plans": [{"Node Type": "Bitmap Index Scan", "Parent Relationship": "Outer", "Index Name": "info_type_pkey", "Startup Cost": 0.0, "Total Cost": 8.81, "Plan Rows": 112, "Plan Width": 0, "Actual Startup Time": 0.016, "Actual Total Time": 0.016, "Actual Rows": 112, "Actual Loops": 1}]}]}]}, {"Node Type": "Bitmap Heap Scan", "Parent Relationship": "Inner", "Relation Name": "title", "Alias": "t", "Startup Cost": 0.31, "Total Cost": 4.32, "Plan Rows": 1, "Plan Width": 21, "Actual Startup Time": 6.052, "Actual Total Time": 6.052, "Actual Rows": 669, "Actual Loops": 691, "Recheck Cond": "(id = mi.movie_id)", "Rows Removed by Index Recheck": 0, "Filter": "(production_year > 1990)", "Rows Removed by Filter": 22, "Exact Heap Blocks": 691, "Lossy Heap Blocks": 691, "Plans": [{"Node Type": "Bitmap Index Scan", "Parent Relationship": "Outer", "Index Name": "title_pkey", "Startup Cost": 0.0, "Total Cost": 0.31, "Plan Rows": 1, "Plan Width": 0, "Actual Startup Time": 3.384, "Actual Total Time": 3.384, "Actual Rows": 691, "Actual Loops": 691, "Index Cond": "(id = mi.movie_id)"}]}]}]}, "Triggers": [], "Planner Runtime": 3.695, "Total Runtime": 621.921, "Unique SQL Id": 322094867}}, "(64, 56)": {"explain_plan": {"Plan": {"Node Type": "Aggregate", "Strategy": "Plain", "Startup Cost": 559338.09, "Total Cost": 559338.1, "Plan Rows": 1, "Plan Width": 49, "Plans": [{"Node Type": "Nested Loop", "Parent Relationship": "Outer", "Join Type": "Inner", "Startup Cost": 0.0, "Total Cost": 558510.46, "Plan Rows": 331050, "Plan Width": 17, "Inner Unique": true, "Plans": [{"Node Type": "Nested Loop", "Parent Relationship": "Outer", "Join Type": "Inner", "Startup Cost": 0.0, "Total Cost": 465812.82, "Plan Rows": 331050, "Plan Width": 21, "Inner Unique": false, "Plans": [{"Node Type": "Nested Loop", "Parent Relationship": "Outer", "Join Type": "Inner", "Startup Cost": 0.0, "Total Cost": 207294.74, "Plan Rows": 289936, "Plan Width": 25, "Inner Unique": true, "Plans": [{"Node Type": "Nested Loop", "Parent Relationship": "Outer", "Join Type": "Inner", "Startup Cost": 0.0, "Total Cost": 60095.92, "Plan Rows": 209278, "Plan Width": 4, "Inner Unique": false, "Join Filter": "(ct.id = mc.company_type_id), (LLVM Optimized)", "Plans": [{"Node Type": "Seq Scan", "Parent Relationship": "Outer", "Relation Name": "company_type", "Alias": "ct", "Startup Cost": 0.0, "Total Cost": 1.04, "Plan Rows": 1, "Plan Width": 4, "Filter": "((kind)::text = 'production companies'::text)"}, {"Node Type": "Seq Scan", "Parent Relationship": "Inner", "Relation Name": "movie_companies", "Alias": "mc", "Startup Cost": 0.0, "Total Cost": 54862.92, "Plan Rows": 418557, "Plan Width": 8, "Filter": "(((note)::text !~~ '%(TV)%'::text) AND ((note)::text ~~ '%(USA)%'::text)), (LLVM Optimized)"}]}, {"Node Type": "Index Scan", "Parent Relationship": "Inner", "Scan Direction": "Forward", "Index Name": "title_pkey", "Relation Name": "title", "Alias": "t", "Startup Cost": 0.0, "Total Cost": 0.69, "Plan Rows": 1, "Plan Width": 21, "Index Cond": "(id = mc.movie_id)", "Filter": "(production_year > 1990)"}]}, {"Node Type": "Index Scan", "Parent Relationship": "Inner", "Scan Direction": "Forward", "Index Name": "movie_id_movie_info", "Relation Name": "movie_info", "Alias": "mi", "Startup Cost": 0.0, "Total Cost": 0.88, "Plan Rows": 1, "Plan Width": 8, "Index Cond": "(movie_id = t.id)", "Filter": "((info)::text = ANY ('{Sweden,Norway,Germany,Denmark,Swedish,Denish,Norwegian,German,USA,American}'::text[]))"}]}, {"Node Type": "Index Only Scan", "Parent Relationship": "Inner", "Scan Direction": "Forward", "Index Name": "info_type_pkey", "Relation Name": "info_type", "Alias": "it", "Startup Cost": 0.0, "Total Cost": 0.27, "Plan Rows": 1, "Plan Width": 4, "Index Cond": "(id = mi.info_type_id)"}]}]}, "Unique SQL Id": 322094867}, "explain_analyze_plan": {"Plan": {"Node Type": "Aggregate", "Strategy": "Plain", "Startup Cost": 559338.09, "Total Cost": 559338.1, "Plan Rows": 1, "Plan Width": 49, "Actual Startup Time": 1293.678, "Actual Total Time": 1293.678, "Actual Rows": 1, "Actual Loops": 1, "Plans": [{"Node Type": "Nested Loop", "Parent Relationship": "Outer", "Join Type": "Inner", "Startup Cost": 0.0, "Total Cost": 558510.46, "Plan Rows": 331050, "Plan Width": 17, "Actual Startup Time": 913.508, "Actual Total Time": 1293.16, "Actual Rows": 669, "Actual Loops": 1, "Inner Unique": true, "Plans": [{"Node Type": "Nested Loop", "Parent Relationship": "Outer", "Join Type": "Inner", "Startup Cost": 0.0, "Total Cost": 465812.82, "Plan Rows": 331050, "Plan Width": 21, "Actual Startup Time": 913.494, "Actual Total Time": 1291.84, "Actual Rows": 669, "Actual Loops": 1, "Inner Unique": false, "Plans": [{"Node Type": "Nested Loop", "Parent Relationship": "Outer", "Join Type": "Inner", "Startup Cost": 0.0, "Total Cost": 207294.74, "Plan Rows": 289936, "Plan Width": 25, "Actual Startup Time": 913.466, "Actual Total Time": 1267.389, "Actual Rows": 767, "Actual Loops": 1, "Inner Unique": true, "Plans": [{"Node Type": "Nested Loop", "Parent Relationship": "Outer", "Join Type": "Inner", "Startup Cost": 0.0, "Total Cost": 60095.92, "Plan Rows": 209278, "Plan Width": 4, "Actual Startup Time": 913.398, "Actual Total Time": 1260.262, "Actual Rows": 798, "Actual Loops": 1, "Inner Unique": false, "Join Filter": "(ct.id = mc.company_type_id), (LLVM Optimized, Jit Execute)", "Rows Removed by Join Filter": 294830, "Plans": [{"Node Type": "Seq Scan", "Parent Relationship": "Outer", "Relation Name": "company_type", "Alias": "ct", "Startup Cost": 0.0, "Total Cost": 1.04, "Plan Rows": 1, "Plan Width": 4, "Actual Startup Time": 0.019, "Actual Total Time": 0.023, "Actual Rows": 1, "Actual Loops": 1, "Filter": "((kind)::text = 'production companies'::text)", "Rows Removed by Filter": 2}, {"Node Type": "Seq Scan", "Parent Relationship": "Inner", "Relation Name": "movie_companies", "Alias": "mc", "Startup Cost": 0.0, "Total Cost": 54862.92, "Plan Rows": 418557, "Plan Width": 8, "Actual Startup Time": 0.026, "Actual Total Time": 1197.65, "Actual Rows": 295628, "Actual Loops": 1, "Filter": "(((note)::text !~~ '%(TV)%'::text) AND ((note)::text ~~ '%(USA)%'::text)), (LLVM Optimized, Jit Execute)", "Rows Removed by Filter": 2313500}]}, {"Node Type": "Index Scan", "Parent Relationship": "Inner", "Scan Direction": "Forward", "Index Name": "title_pkey", "Relation Name": "title", "Alias": "t", "Startup Cost": 0.0, "Total Cost": 0.69, "Plan Rows": 1, "Plan Width": 21, "Actual Startup Time": 6.271, "Actual Total Time": 6.271, "Actual Rows": 767, "Actual Loops": 798, "Index Cond": "(id = mc.movie_id)", "Rows Removed by Index Recheck": 0, "Filter": "(production_year > 1990)", "Rows Removed by Filter": 31}]}, {"Node Type": "Index Scan", "Parent Relationship": "Inner", "Scan Direction": "Forward", "Index Name": "movie_id_movie_info", "Relation Name": "movie_info", "Alias": "mi", "Startup Cost": 0.0, "Total Cost": 0.88, "Plan Rows": 1, "Plan Width": 8, "Actual Startup Time": 20.834, "Actual Total Time": 23.78, "Actual Rows": 669, "Actual Loops": 767, "Index Cond": "(movie_id = t.id)", "Rows Removed by Index Recheck": 0, "Filter": "((info)::text = ANY ('{Sweden,Norway,Germany,Denmark,Swedish,Denish,Norwegian,German,USA,American}'::text[]))", "Rows Removed by Filter": 7721}]}, {"Node Type": "Index Only Scan", "Parent Relationship": "Inner", "Scan Direction": "Forward", "Index Name": "info_type_pkey", "Relation Name": "info_type", "Alias": "it", "Startup Cost": 0.0, "Total Cost": 0.27, "Plan Rows": 1, "Plan Width": 4, "Actual Startup Time": 0.706, "Actual Total Time": 0.706, "Actual Rows": 669, "Actual Loops": 669, "Index Cond": "(id = mi.info_type_id)", "Rows Removed by Index Recheck": 0, "Heap Fetches": 0}]}]}, "Triggers": [], "Planner Runtime": 3.845, "Total Runtime": 1303.42, "Unique SQL Id": 322094867}}, "(64, 57)": {"explain_plan": {"Plan": {"Node Type": "Aggregate", "Strategy": "Plain", "Startup Cost": 560987.61, "Total Cost": 560987.62, "Plan Rows": 1, "Plan Width": 49, "Plans": [{"Node Type": "Nested Loop", "Parent Relationship": "Outer", "Join Type": "Inner", "Startup Cost": 0.0, "Total Cost": 560159.98, "Plan Rows": 331050, "Plan Width": 17, "Inner Unique": true, "Plans": [{"Node Type": "Nested Loop", "Parent Relationship": "Outer", "Join Type": "Inner", "Startup Cost": 0.0, "Total Cost": 467462.34, "Plan Rows": 331050, "Plan Width": 21, "Inner Unique": false, "Plans": [{"Node Type": "Nested Loop", "Parent Relationship": "Outer", "Join Type": "Inner", "Startup Cost": 0.0, "Total Cost": 208944.27, "Plan Rows": 289936, "Plan Width": 25, "Inner Unique": true, "Plans": [{"Node Type": "Nested Loop", "Parent Relationship": "Outer", "Join Type": "Inner", "Startup Cost": 0.0, "Total Cost": 61745.44, "Plan Rows": 209278, "Plan Width": 4, "Inner Unique": false, "Plans": [{"Node Type": "Index Scan", "Parent Relationship": "Outer", "Scan Direction": "Forward", "Index Name": "company_type_pkey", "Relation Name": "company_type", "Alias": "ct", "Startup Cost": 0.0, "Total Cost": 12.3, "Plan Rows": 1, "Plan Width": 4, "Filter": "((kind)::text = 'production companies'::text)"}, {"Node Type": "Index Scan", "Parent Relationship": "Inner", "Scan Direction": "Forward", "Index Name": "company_type_id_movie_companies", "Relation Name": "movie_companies", "Alias": "mc", "Startup Cost": 0.0, "Total Cost": 59640.35, "Plan Rows": 209279, "Plan Width": 8, "Index Cond": "(company_type_id = ct.id), (LLVM Optimized)", "Filter": "(((note)::text !~~ '%(TV)%'::text) AND ((note)::text ~~ '%(USA)%'::text)), (LLVM Optimized)"}]}, {"Node Type": "Index Scan", "Parent Relationship": "Inner", "Scan Direction": "Forward", "Index Name": "title_pkey", "Relation Name": "title", "Alias": "t", "Startup Cost": 0.0, "Total Cost": 0.69, "Plan Rows": 1, "Plan Width": 21, "Index Cond": "(id = mc.movie_id)", "Filter": "(production_year > 1990)"}]}, {"Node Type": "Index Scan", "Parent Relationship": "Inner", "Scan Direction": "Forward", "Index Name": "movie_id_movie_info", "Relation Name": "movie_info", "Alias": "mi", "Startup Cost": 0.0, "Total Cost": 0.88, "Plan Rows": 1, "Plan Width": 8, "Index Cond": "(movie_id = t.id)", "Filter": "((info)::text = ANY ('{Sweden,Norway,Germany,Denmark,Swedish,Denish,Norwegian,German,USA,American}'::text[]))"}]}, {"Node Type": "Index Only Scan", "Parent Relationship": "Inner", "Scan Direction": "Forward", "Index Name": "info_type_pkey", "Relation Name": "info_type", "Alias": "it", "Startup Cost": 0.0, "Total Cost": 0.27, "Plan Rows": 1, "Plan Width": 4, "Index Cond": "(id = mi.info_type_id)"}]}]}, "Unique SQL Id": 322094867}, "explain_analyze_plan": {"Plan": {"Node Type": "Aggregate", "Strategy": "Plain", "Startup Cost": 560987.61, "Total Cost": 560987.62, "Plan Rows": 1, "Plan Width": 49, "Actual Startup Time": 791.846, "Actual Total Time": 791.847, "Actual Rows": 1, "Actual Loops": 1, "Plans": [{"Node Type": "Nested Loop", "Parent Relationship": "Outer", "Join Type": "Inner", "Startup Cost": 0.0, "Total Cost": 560159.98, "Plan Rows": 331050, "Plan Width": 17, "Actual Startup Time": 9.819, "Actual Total Time": 791.354, "Actual Rows": 669, "Actual Loops": 1, "Inner Unique": true, "Plans": [{"Node Type": "Nested Loop", "Parent Relationship": "Outer", "Join Type": "Inner", "Startup Cost": 0.0, "Total Cost": 467462.34, "Plan Rows": 331050, "Plan Width": 21, "Actual Startup Time": 9.809, "Actual Total Time": 789.934, "Actual Rows": 669, "Actual Loops": 1, "Inner Unique": false, "Plans": [{"Node Type": "Nested Loop", "Parent Relationship": "Outer", "Join Type": "Inner", "Startup Cost": 0.0, "Total Cost": 208944.27, "Plan Rows": 289936, "Plan Width": 25, "Actual Startup Time": 9.786, "Actual Total Time": 763.201, "Actual Rows": 767, "Actual Loops": 1, "Inner Unique": true, "Plans": [{"Node Type": "Nested Loop", "Parent Relationship": "Outer", "Join Type": "Inner", "Startup Cost": 0.0, "Total Cost": 61745.44, "Plan Rows": 209278, "Plan Width": 4, "Actual Startup Time": 9.76, "Actual Total Time": 755.52, "Actual Rows": 798, "Actual Loops": 1, "Inner Unique": false, "Plans": [{"Node Type": "Index Scan", "Parent Relationship": "Outer", "Scan Direction": "Forward", "Index Name": "company_type_pkey", "Relation Name": "company_type", "Alias": "ct", "Startup Cost": 0.0, "Total Cost": 12.3, "Plan Rows": 1, "Plan Width": 4, "Actual Startup Time": 0.025, "Actual Total Time": 0.032, "Actual Rows": 1, "Actual Loops": 1, "Filter": "((kind)::text = 'production companies'::text)", "Rows Removed by Filter": 2}, {"Node Type": "Index Scan", "Parent Relationship": "Inner", "Scan Direction": "Forward", "Index Name": "company_type_id_movie_companies", "Relation Name": "movie_companies", "Alias": "mc", "Startup Cost": 0.0, "Total Cost": 59640.35, "Plan Rows": 209279, "Plan Width": 8, "Actual Startup Time": 9.731, "Actual Total Time": 755.252, "Actual Rows": 798, "Actual Loops": 1, "Index Cond": "(company_type_id = ct.id), (LLVM Optimized)", "Rows Removed by Index Recheck": 0, "Filter": "(((note)::text !~~ '%(TV)%'::text) AND ((note)::text ~~ '%(USA)%'::text)), (LLVM Optimized)", "Rows Removed by Filter": 1334085}]}, {"Node Type": "Index Scan", "Parent Relationship": "Inner", "Scan Direction": "Forward", "Index Name": "title_pkey", "Relation Name": "title", "Alias": "t", "Startup Cost": 0.0, "Total Cost": 0.69, "Plan Rows": 1, "Plan Width": 21, "Actual Startup Time": 6.74, "Actual Total Time": 6.74, "Actual Rows": 767, "Actual Loops": 798, "Index Cond": "(id = mc.movie_id)", "Rows Removed by Index Recheck": 0, "Filter": "(production_year > 1990)", "Rows Removed by Filter": 31}]}, {"Node Type": "Index Scan", "Parent Relationship": "Inner", "Scan Direction": "Forward", "Index Name": "movie_id_movie_info", "Relation Name": "movie_info", "Alias": "mi", "Startup Cost": 0.0, "Total Cost": 0.88, "Plan Rows": 1, "Plan Width": 8, "Actual Startup Time": 22.838, "Actual Total Time": 26.044, "Actual Rows": 669, "Actual Loops": 767, "Index Cond": "(movie_id = t.id)", "Rows Removed by Index Recheck": 0, "Filter": "((info)::text = ANY ('{Sweden,Norway,Germany,Denmark,Swedish,Denish,Norwegian,German,USA,American}'::text[]))", "Rows Removed by Filter": 7721}]}, {"Node Type": "Index Only Scan", "Parent Relationship": "Inner", "Scan Direction": "Forward", "Index Name": "info_type_pkey", "Relation Name": "info_type", "Alias": "it", "Startup Cost": 0.0, "Total Cost": 0.27, "Plan Rows": 1, "Plan Width": 4, "Actual Startup Time": 0.771, "Actual Total Time": 0.771, "Actual Rows": 669, "Actual Loops": 669, "Index Cond": "(id = mi.info_type_id)", "Rows Removed by Index Recheck": 0, "Heap Fetches": 0}]}]}, "Triggers": [], "Planner Runtime": 3.468, "Total Runtime": 801.509, "Unique SQL Id": 322094867}}, "(64, 58)": {"explain_plan": {"Plan": {"Node Type": "Aggregate", "Strategy": "Plain", "Startup Cost": 2615106.92, "Total Cost": 2615106.94, "Plan Rows": 1, "Plan Width": 49, "Plans": [{"Node Type": "Streaming(type: LOCAL GATHER dop: 1/64)", "Parent Relationship": "Outer", "Startup Cost": 2615106.92, "Total Cost": 2615106.94, "Plan Rows": 1, "Plan Width": 49, "Plans": [{"Node Type": "Aggregate", "Strategy": "Plain", "Parent Relationship": "Outer", "Startup Cost": 2615106.92, "Total Cost": 2615106.93, "Plan Rows": 1, "Plan Width": 49, "Plans": [{"Node Type": "Nested Loop", "Parent Relationship": "Outer", "Join Type": "Inner", "Startup Cost": 0.0, "Total Cost": 2614279.3, "Plan Rows": 331050, "Plan Width": 17, "Inner Unique": false, "Join Filter": "(mi.movie_id = t.id), (LLVM Optimized)", "Plans": [{"Node Type": "Streaming(type: LOCAL REDISTRIBUTE dop: 64/64)", "Parent Relationship": "Outer", "Startup Cost": 0.0, "Total Cost": 128693.96, "Plan Rows": 1748840, "Plan Width": 21, "Plans": [{"Node Type": "Seq Scan", "Parent Relationship": "Outer", "Relation Name": "title", "Alias": "t", "Startup Cost": 0.0, "Total Cost": 64037.34, "Plan Rows": 1748840, "Plan Width": 21, "Filter": "(production_year > 1990), (LLVM Optimized)"}]}, {"Node Type": "Materialize", "Parent Relationship": "Inner", "Startup Cost": 0.0, "Total Cost": 955220.91, "Plan Rows": 238955, "Plan Width": 8, "Plans": [{"Node Type": "Streaming(type: LOCAL REDISTRIBUTE dop: 64/64)", "Parent Relationship": "Outer", "Startup Cost": 0.0, "Total Cost": 955202.24, "Plan Rows": 238955, "Plan Width": 8, "Plans": [{"Node Type": "Nested Loop", "Parent Relationship": "Outer", "Join Type": "Inner", "Startup Cost": 0.0, "Total Cost": 891975.89, "Plan Rows": 238955, "Plan Width": 8, "Inner Unique": true, "Join Filter": "(mi.info_type_id = it.id), (LLVM Optimized)", "Plans": [{"Node Type": "Nested Loop", "Parent Relationship": "Outer", "Join Type": "Inner", "Startup Cost": 0.0, "Total Cost": 822553.05, "Plan Rows": 238955, "Plan Width": 12, "Inner Unique": false, "Join Filter": "(mc.movie_id = mi.movie_id), (LLVM Optimized)", "Plans": [{"Node Type": "Streaming(type: LOCAL REDISTRIBUTE dop: 64/1)", "Parent Relationship": "Outer", "Startup Cost": 0.0, "Total Cost": 131598.86, "Plan Rows": 209278, "Plan Width": 4, "Plans": [{"Node Type": "Nested Loop", "Parent Relationship": "Outer", "Join Type": "Inner", "Startup Cost": 0.0, "Total Cost": 60095.92, "Plan Rows": 209278, "Plan Width": 4, "Inner Unique": false, "Join Filter": "(ct.id = mc.company_type_id), (LLVM Optimized)", "Plans": [{"Node Type": "Seq Scan", "Parent Relationship": "Outer", "Relation Name": "company_type", "Alias": "ct", "Startup Cost": 0.0, "Total Cost": 1.04, "Plan Rows": 1, "Plan Width": 4, "Filter": "((kind)::text = 'production companies'::text)"}, {"Node Type": "Seq Scan", "Parent Relationship": "Inner", "Relation Name": "movie_companies", "Alias": "mc", "Startup Cost": 0.0, "Total Cost": 54862.92, "Plan Rows": 418557, "Plan Width": 8, "Filter": "(((note)::text !~~ '%(TV)%'::text) AND ((note)::text ~~ '%(USA)%'::text)), (LLVM Optimized)"}]}]}, {"Node Type": "Materialize", "Parent Relationship": "Inner", "Startup Cost": 0.0, "Total Cost": 134289.54, "Plan Rows": 726375, "Plan Width": 8, "Plans": [{"Node Type": "Streaming(type: LOCAL REDISTRIBUTE dop: 64/64)", "Parent Relationship": "Outer", "Startup Cost": 0.0, "Total Cost": 134232.79, "Plan Rows": 726375, "Plan Width": 8, "Plans": [{"Node Type": "Seq Scan", "Parent Relationship": "Outer", "Relation Name": "movie_info", "Alias": "mi", "Startup Cost": 0.0, "Total Cost": 70544.72, "Plan Rows": 726375, "Plan Width": 8, "Filter": "((info)::text = ANY ('{Sweden,Norway,Germany,Denmark,Swedish,Denish,Norwegian,German,USA,American}'::text[]))"}]}]}]}, {"Node Type": "Materialize", "Parent Relationship": "Inner", "Startup Cost": 0.0, "Total Cost": 63150.56, "Plan Rows": 7168, "Plan Width": 4, "Plans": [{"Node Type": "Streaming(type: BROADCAST dop: 64/1)", "Parent Relationship": "Outer", "Startup Cost": 0.0, "Total Cost": 63150.0, "Plan Rows": 7168, "Plan Width": 4, "Plans": [{"Node Type": "Seq Scan", "Parent Relationship": "Outer", "Relation Name": "info_type", "Alias": "it", "Startup Cost": 0.0, "Total Cost": 2.12, "Plan Rows": 112, "Plan Width": 4}]}]}]}]}]}]}]}]}]}, "Unique SQL Id": 322094867}, "explain_analyze_plan": {"Plan": {"Node Type": "Aggregate", "Strategy": "Plain", "Startup Cost": 2615106.92, "Total Cost": 2615106.94, "Plan Rows": 1, "Plan Width": 49, "Actual Min Startup Time": 2439.201, "Actual Max Startup Time": 2439.201, "Actual Min Total Time": 2439.201, "Actual Max Total Time": 2439.201, "Actual Total Rows": 1, "Plans": [{"Node Type": "Streaming(type: LOCAL GATHER dop: 1/64)", "Parent Relationship": "Outer", "Startup Cost": 2615106.92, "Total Cost": 2615106.94, "Plan Rows": 1, "Plan Width": 49, "Actual Min Startup Time": 2436.965, "Actual Max Startup Time": 2436.965, "Actual Min Total Time": 2439.16, "Actual Max Total Time": 2439.16, "Actual Total Rows": 64, "Plans": [{"Node Type": "Aggregate", "Strategy": "Plain", "Parent Relationship": "Outer", "Startup Cost": 2615106.92, "Total Cost": 2615106.93, "Plan Rows": 1, "Plan Width": 49, "Actual Min Startup Time": 1476.129, "Actual Max Startup Time": 2091.997, "Actual Min Total Time": 1476.13, "Actual Max Total Time": 2091.997, "Actual Total Rows": 64, "Plans": [{"Node Type": "Nested Loop", "Parent Relationship": "Outer", "Join Type": "Inner", "Startup Cost": 0.0, "Total Cost": 2614279.3, "Plan Rows": 331050, "Plan Width": 17, "Actual Min Startup Time": 1272.903, "Actual Max Startup Time": 1987.566, "Actual Min Total Time": 1476.083, "Actual Max Total Time": 2091.954, "Actual Total Rows": 669, "Inner Unique": false, "Join Filter": "(mi.movie_id = t.id), (LLVM Optimized, Jit Execute)", "Rows Removed by Join Filter": 18883935, "Plans": [{"Node Type": "Streaming(type: LOCAL REDISTRIBUTE dop: 64/64)", "Parent Relationship": "Outer", "Startup Cost": 0.0, "Total Cost": 128693.96, "Plan Rows": 1748840, "Plan Width": 21, "Actual Min Startup Time": 0.134, "Actual Max Startup Time": 2.115, "Actual Min Total Time": 16.292, "Actual Max Total Time": 168.525, "Actual Total Rows": 1749032, "Plans": [{"Node Type": "Seq Scan", "Parent Relationship": "Outer", "Relation Name": "title", "Alias": "t", "Startup Cost": 0.0, "Total Cost": 64037.34, "Plan Rows": 1748840, "Plan Width": 21, "Actual Min Startup Time": 0.022, "Actual Max Startup Time": 0.059, "Actual Min Total Time": 13.729, "Actual Max Total Time": 20.417, "Actual Total Rows": 1749032, "Filter": "(production_year > 1990), (LLVM Optimized, Jit Execute)", "Rows Removed by Filter": 779279}]}, {"Node Type": "Materialize", "Parent Relationship": "Inner", "Startup Cost": 0.0, "Total Cost": 955220.91, "Plan Rows": 238955, "Plan Width": 8, "Actual Min Startup Time": 1266.981, "Actual Max Startup Time": 1883.517, "Actual Min Total Time": 1286.757, "Actual Max Total Time": 1903.106, "Actual Total Rows": 18884668, "Plans": [{"Node Type": "Streaming(type: LOCAL REDISTRIBUTE dop: 64/64)", "Parent Relationship": "Outer", "Startup Cost": 0.0, "Total Cost": 955202.24, "Plan Rows": 238955, "Plan Width": 8, "Actual Min Startup Time": 1216.481, "Actual Max Startup Time": 1833.622, "Actual Min Total Time": 1264.705, "Actual Max Total Time": 1880.653, "Actual Total Rows": 691, "Plans": [{"Node Type": "Nested Loop", "Parent Relationship": "Outer", "Join Type": "Inner", "Startup Cost": 0.0, "Total Cost": 891975.89, "Plan Rows": 238955, "Plan Width": 8, "Actual Min Startup Time": 1191.535, "Actual Max Startup Time": 1778.909, "Actual Min Total Time": 1222.772, "Actual Max Total Time": 1794.644, "Actual Total Rows": 691, "Inner Unique": true, "Join Filter": "(mi.info_type_id = it.id), (LLVM Optimized, Jit Execute)", "Rows Removed by Join Filter": 4196, "Plans": [{"Node Type": "Nested Loop", "Parent Relationship": "Outer", "Join Type": "Inner", "Startup Cost": 0.0, "Total Cost": 822553.05, "Plan Rows": 238955, "Plan Width": 12, "Actual Min Startup Time": 1189.635, "Actual Max Startup Time": 1207.649, "Actual Min Total Time": 1202.415, "Actual Max Total Time": 1263.699, "Actual Total Rows": 691, "Inner Unique": false, "Join Filter": "(mc.movie_id = mi.movie_id), (LLVM Optimized, Jit Execute)", "Rows Removed by Join Filter": 8812715, "Plans": [{"Node Type": "Streaming(type: LOCAL REDISTRIBUTE dop: 64/1)", "Parent Relationship": "Outer", "Startup Cost": 0.0, "Total Cost": 131598.86, "Plan Rows": 209278, "Plan Width": 4, "Actual Min Startup Time": 1055.219, "Actual Max Startup Time": 1056.688, "Actual Min Total Time": 1055.221, "Actual Max Total Time": 1056.69, "Actual Total Rows": 798, "Plans": [{"Node Type": "Nested Loop", "Parent Relationship": "Outer", "Join Type": "Inner", "Startup Cost": 0.0, "Total Cost": 60095.92, "Plan Rows": 209278, "Plan Width": 4, "Actual Min Startup Time": 918.887, "Actual Max Startup Time": 918.887, "Actual Min Total Time": 1287.975, "Actual Max Total Time": 1287.975, "Actual Total Rows": 798, "Inner Unique": false, "Join Filter": "(ct.id = mc.company_type_id), (LLVM Optimized, Jit Execute)", "Rows Removed by Join Filter": 294830, "Plans": [{"Node Type": "Seq Scan", "Parent Relationship": "Outer", "Relation Name": "company_type", "Alias": "ct", "Startup Cost": 0.0, "Total Cost": 1.04, "Plan Rows": 1, "Plan Width": 4, "Actual Min Startup Time": 0.02, "Actual Max Startup Time": 0.02, "Actual Min Total Time": 0.025, "Actual Max Total Time": 0.025, "Actual Total Rows": 1, "Filter": "((kind)::text = 'production companies'::text)", "Rows Removed by Filter": 2}, {"Node Type": "Seq Scan", "Parent Relationship": "Inner", "Relation Name": "movie_companies", "Alias": "mc", "Startup Cost": 0.0, "Total Cost": 54862.92, "Plan Rows": 418557, "Plan Width": 8, "Actual Min Startup Time": 0.032, "Actual Max Startup Time": 0.032, "Actual Min Total Time": 1225.084, "Actual Max Total Time": 1225.084, "Actual Total Rows": 295628, "Filter": "(((note)::text !~~ '%(TV)%'::text) AND ((note)::text ~~ '%(USA)%'::text)), (LLVM Optimized, Jit Execute)", "Rows Removed by Filter": 2313500}]}]}, {"Node Type": "Materialize", "Parent Relationship": "Inner", "Startup Cost": 0.0, "Total Cost": 134289.54, "Plan Rows": 726375, "Plan Width": 8, "Actual Min Startup Time": 132.506, "Actual Max Startup Time": 133.404, "Actual Min Total Time": 138.187, "Actual Max Total Time": 158.542, "Actual Total Rows": 8813470, "Plans": [{"Node Type": "Streaming(type: LOCAL REDISTRIBUTE dop: 64/64)", "Parent Relationship": "Outer", "Startup Cost": 0.0, "Total Cost": 134232.79, "Plan Rows": 726375, "Plan Width": 8, "Actual Min Startup Time": 0.154, "Actual Max Startup Time": 0.336, "Actual Min Total Time": 130.046, "Actual Max Total Time": 131.483, "Actual Total Rows": 706674, "Plans": [{"Node Type": "Seq Scan", "Parent Relationship": "Outer", "Relation Name": "movie_info", "Alias": "mi", "Startup Cost": 0.0, "Total Cost": 70544.72, "Plan Rows": 726375, "Plan Width": 8, "Actual Min Startup Time": 0.039, "Actual Max Startup Time": 3.417, "Actual Min Total Time": 121.927, "Actual Max Total Time": 167.649, "Actual Total Rows": 706674, "Filter": "((info)::text = ANY ('{Sweden,Norway,Germany,Denmark,Swedish,Denish,Norwegian,German,USA,American}'::text[]))", "Rows Removed by Filter": 14129045}]}]}]}, {"Node Type": "Materialize", "Parent Relationship": "Inner", "Startup Cost": 0.0, "Total Cost": 63150.56, "Plan Rows": 7168, "Plan Width": 4, "Actual Min Startup Time": 0.752, "Actual Max Startup Time": 573.661, "Actual Min Total Time": 0.756, "Actual Max Total Time": 573.665, "Actual Total Rows": 4951, "Plans": [{"Node Type": "Streaming(type: BROADCAST dop: 64/1)", "Parent Relationship": "Outer", "Startup Cost": 0.0, "Total Cost": 63150.0, "Plan Rows": 7168, "Plan Width": 4, "Actual Min Startup Time": 0.029, "Actual Max Startup Time": 81.786, "Actual Min Total Time": 0.724, "Actual Max Total Time": 573.624, "Actual Total Rows": 7168, "Plans": [{"Node Type": "Seq Scan", "Parent Relationship": "Outer", "Relation Name": "info_type", "Alias": "it", "Startup Cost": 0.0, "Total Cost": 2.12, "Plan Rows": 112, "Plan Width": 4, "Actual Min Startup Time": 0.041, "Actual Max Startup Time": 0.041, "Actual Min Total Time": 0.072, "Actual Max Total Time": 0.072, "Actual Total Rows": 112}]}]}]}]}]}]}]}]}]}, "Triggers": [], "Planner Runtime": 7.273, "Total Runtime": 2508.586, "Unique SQL Id": 322094867}}, "(64, 59)": {"explain_plan": {"Plan": {"Node Type": "Aggregate", "Strategy": "Plain", "Startup Cost": 5008697310776.9, "Total Cost": 5008697310776.91, "Plan Rows": 1, "Plan Width": 49, "Plans": [{"Node Type": "Nested Loop", "Parent Relationship": "Outer", "Join Type": "Inner", "Startup Cost": 50000000000.0, "Total Cost": 5008697309949.27, "Plan Rows": 331050, "Plan Width": 17, "Inner Unique": false, "Join Filter": "(mi.movie_id = t.id), (LLVM Optimized)", "Plans": [{"Node Type": "Index Scan", "Parent Relationship": "Outer", "Scan Direction": "Forward", "Index Name": "title_pkey", "Relation Name": "title", "Alias": "t", "Startup Cost": 10000000000.0, "Total Cost": 1000011644126.66, "Plan Rows": 1748840, "Plan Width": 21, "Filter": "(production_year > 1990), (LLVM Optimized)"}, {"Node Type": "Materialize", "Parent Relationship": "Inner", "Startup Cost": 40000000000.0, "Total Cost": 4002417255487.0, "Plan Rows": 238955, "Plan Width": 8, "Plans": [{"Node Type": "Nested Loop", "Parent Relationship": "Outer", "Join Type": "Inner", "Startup Cost": 40000000000.0, "Total Cost": 4002417254292.22, "Plan Rows": 238955, "Plan Width": 8, "Inner Unique": true, "Join Filter": "(mi.info_type_id = it.id), (LLVM Optimized)", "Plans": [{"Node Type": "Nested Loop", "Parent Relationship": "Outer", "Join Type": "Inner", "Startup Cost": 30000000000.0, "Total Cost": 3002416851854.54, "Plan Rows": 238955, "Plan Width": 12, "Inner Unique": false, "Join Filter": "(mc.movie_id = mi.movie_id), (LLVM Optimized)", "Plans": [{"Node Type": "Nested Loop", "Parent Relationship": "Outer", "Join Type": "Inner", "Startup Cost": 20000000000.0, "Total Cost": 2000014364018.74, "Plan Rows": 209278, "Plan Width": 4, "Inner Unique": true, "Join Filter": "(ct.id = mc.company_type_id), (LLVM Optimized)", "Plans": [{"Node Type": "Index Scan", "Parent Relationship": "Outer", "Scan Direction": "Forward", "Index Name": "movie_id_movie_companies", "Relation Name": "movie_companies", "Alias": "mc", "Startup Cost": 10000000000.0, "Total Cost": 1000014356510.13, "Plan Rows": 418557, "Plan Width": 8, "Filter": "(((note)::text !~~ '%(TV)%'::text) AND ((note)::text ~~ '%(USA)%'::text)), (LLVM Optimized)"}, {"Node Type": "Materialize", "Parent Relationship": "Inner", "Startup Cost": 10000000000.0, "Total Cost": 1000000001230.26, "Plan Rows": 1, "Plan Width": 4, "Plans": [{"Node Type": "Index Scan", "Parent Relationship": "Outer", "Scan Direction": "Forward", "Index Name": "company_type_pkey", "Relation Name": "company_type", "Alias": "ct", "Startup Cost": 10000000000.0, "Total Cost": 1000000001230.25, "Plan Rows": 1, "Plan Width": 4, "Filter": "((kind)::text = 'production companies'::text)"}]}]}, {"Node Type": "Materialize", "Parent Relationship": "Inner", "Startup Cost": 10000000000.0, "Total Cost": 1000122275042.99, "Plan Rows": 726375, "Plan Width": 8, "Plans": [{"Node Type": "Index Scan", "Parent Relationship": "Outer", "Scan Direction": "Forward", "Index Name": "info_type_id_movie_info", "Relation Name": "movie_info", "Alias": "mi", "Startup Cost": 10000000000.0, "Total Cost": 1000122271411.12, "Plan Rows": 726375, "Plan Width": 8, "Filter": "((info)::text = ANY ('{Sweden,Norway,Germany,Denmark,Swedish,Denish,Norwegian,German,USA,American}'::text[]))"}]}]}, {"Node Type": "Materialize", "Parent Relationship": "Inner", "Startup Cost": 10000000000.0, "Total Cost": 1000000000993.56, "Plan Rows": 112, "Plan Width": 4, "Plans": [{"Node Type": "Index Only Scan", "Parent Relationship": "Outer", "Scan Direction": "Forward", "Index Name": "info_type_pkey", "Relation Name": "info_type", "Alias": "it", "Startup Cost": 10000000000.0, "Total Cost": 1000000000993.0, "Plan Rows": 112, "Plan Width": 4}]}]}]}]}]}, "Unique SQL Id": 322094867}, "explain_analyze_plan": null}, "(64, 60)": {"explain_plan": {"Plan": {"Node Type": "Aggregate", "Strategy": "Plain", "Startup Cost": 559339.91, "Total Cost": 559339.92, "Plan Rows": 1, "Plan Width": 49, "Plans": [{"Node Type": "Nested Loop", "Parent Relationship": "Outer", "Join Type": "Inner", "Startup Cost": 0.0, "Total Cost": 558512.28, "Plan Rows": 331050, "Plan Width": 17, "Inner Unique": true, "Plans": [{"Node Type": "Nested Loop", "Parent Relationship": "Outer", "Join Type": "Inner", "Startup Cost": 0.0, "Total Cost": 465812.82, "Plan Rows": 331050, "Plan Width": 21, "Inner Unique": false, "Plans": [{"Node Type": "Nested Loop", "Parent Relationship": "Outer", "Join Type": "Inner", "Startup Cost": 0.0, "Total Cost": 207294.74, "Plan Rows": 289936, "Plan Width": 25, "Inner Unique": true, "Plans": [{"Node Type": "Nested Loop", "Parent Relationship": "Outer", "Join Type": "Inner", "Startup Cost": 0.0, "Total Cost": 60095.92, "Plan Rows": 209278, "Plan Width": 4, "Inner Unique": false, "Join Filter": "(ct.id = mc.company_type_id), (LLVM Optimized)", "Plans": [{"Node Type": "Seq Scan", "Parent Relationship": "Outer", "Relation Name": "company_type", "Alias": "ct", "Startup Cost": 0.0, "Total Cost": 1.04, "Plan Rows": 1, "Plan Width": 4, "Filter": "((kind)::text = 'production companies'::text)"}, {"Node Type": "Seq Scan", "Parent Relationship": "Inner", "Relation Name": "movie_companies", "Alias": "mc", "Startup Cost": 0.0, "Total Cost": 54862.92, "Plan Rows": 418557, "Plan Width": 8, "Filter": "(((note)::text !~~ '%(TV)%'::text) AND ((note)::text ~~ '%(USA)%'::text)), (LLVM Optimized)"}]}, {"Node Type": "Index Scan", "Parent Relationship": "Inner", "Scan Direction": "Forward", "Index Name": "title_pkey", "Relation Name": "title", "Alias": "t", "Startup Cost": 0.0, "Total Cost": 0.69, "Plan Rows": 1, "Plan Width": 21, "Index Cond": "(id = mc.movie_id)", "Filter": "(production_year > 1990)"}]}, {"Node Type": "Index Scan", "Parent Relationship": "Inner", "Scan Direction": "Forward", "Index Name": "movie_id_movie_info", "Relation Name": "movie_info", "Alias": "mi", "Startup Cost": 0.0, "Total Cost": 0.88, "Plan Rows": 1, "Plan Width": 8, "Index Cond": "(movie_id = t.id)", "Filter": "((info)::text = ANY ('{Sweden,Norway,Germany,Denmark,Swedish,Denish,Norwegian,German,USA,American}'::text[]))"}]}, {"Node Type": "Index Scan", "Parent Relationship": "Inner", "Scan Direction": "Forward", "Index Name": "info_type_pkey", "Relation Name": "info_type", "Alias": "it", "Startup Cost": 0.0, "Total Cost": 0.27, "Plan Rows": 1, "Plan Width": 4, "Index Cond": "(id = mi.info_type_id)"}]}]}, "Unique SQL Id": 322094867}, "explain_analyze_plan": {"Plan": {"Node Type": "Aggregate", "Strategy": "Plain", "Startup Cost": 559339.91, "Total Cost": 559339.92, "Plan Rows": 1, "Plan Width": 49, "Actual Startup Time": 1247.626, "Actual Total Time": 1247.626, "Actual Rows": 1, "Actual Loops": 1, "Plans": [{"Node Type": "Nested Loop", "Parent Relationship": "Outer", "Join Type": "Inner", "Startup Cost": 0.0, "Total Cost": 558512.28, "Plan Rows": 331050, "Plan Width": 17, "Actual Startup Time": 876.587, "Actual Total Time": 1247.132, "Actual Rows": 669, "Actual Loops": 1, "Inner Unique": true, "Plans": [{"Node Type": "Nested Loop", "Parent Relationship": "Outer", "Join Type": "Inner", "Startup Cost": 0.0, "Total Cost": 465812.82, "Plan Rows": 331050, "Plan Width": 21, "Actual Startup Time": 876.577, "Actual Total Time": 1245.329, "Actual Rows": 669, "Actual Loops": 1, "Inner Unique": false, "Plans": [{"Node Type": "Nested Loop", "Parent Relationship": "Outer", "Join Type": "Inner", "Startup Cost": 0.0, "Total Cost": 207294.74, "Plan Rows": 289936, "Plan Width": 25, "Actual Startup Time": 876.543, "Actual Total Time": 1221.006, "Actual Rows": 767, "Actual Loops": 1, "Inner Unique": true, "Plans": [{"Node Type": "Nested Loop", "Parent Relationship": "Outer", "Join Type": "Inner", "Startup Cost": 0.0, "Total Cost": 60095.92, "Plan Rows": 209278, "Plan Width": 4, "Actual Startup Time": 876.456, "Actual Total Time": 1213.721, "Actual Rows": 798, "Actual Loops": 1, "Inner Unique": false, "Join Filter": "(ct.id = mc.company_type_id), (LLVM Optimized, Jit Execute)", "Rows Removed by Join Filter": 294830, "Plans": [{"Node Type": "Seq Scan", "Parent Relationship": "Outer", "Relation Name": "company_type", "Alias": "ct", "Startup Cost": 0.0, "Total Cost": 1.04, "Plan Rows": 1, "Plan Width": 4, "Actual Startup Time": 0.018, "Actual Total Time": 0.024, "Actual Rows": 1, "Actual Loops": 1, "Filter": "((kind)::text = 'production companies'::text)", "Rows Removed by Filter": 2}, {"Node Type": "Seq Scan", "Parent Relationship": "Inner", "Relation Name": "movie_companies", "Alias": "mc", "Startup Cost": 0.0, "Total Cost": 54862.92, "Plan Rows": 418557, "Plan Width": 8, "Actual Startup Time": 0.03, "Actual Total Time": 1154.3, "Actual Rows": 295628, "Actual Loops": 1, "Filter": "(((note)::text !~~ '%(TV)%'::text) AND ((note)::text ~~ '%(USA)%'::text)), (LLVM Optimized, Jit Execute)", "Rows Removed by Filter": 2313500}]}, {"Node Type": "Index Scan", "Parent Relationship": "Inner", "Scan Direction": "Forward", "Index Name": "title_pkey", "Relation Name": "title", "Alias": "t", "Startup Cost": 0.0, "Total Cost": 0.69, "Plan Rows": 1, "Plan Width": 21, "Actual Startup Time": 6.363, "Actual Total Time": 6.363, "Actual Rows": 767, "Actual Loops": 798, "Index Cond": "(id = mc.movie_id)", "Rows Removed by Index Recheck": 0, "Filter": "(production_year > 1990)", "Rows Removed by Filter": 31}]}, {"Node Type": "Index Scan", "Parent Relationship": "Inner", "Scan Direction": "Forward", "Index Name": "movie_id_movie_info", "Relation Name": "movie_info", "Alias": "mi", "Startup Cost": 0.0, "Total Cost": 0.88, "Plan Rows": 1, "Plan Width": 8, "Actual Startup Time": 20.811, "Actual Total Time": 23.654, "Actual Rows": 669, "Actual Loops": 767, "Index Cond": "(movie_id = t.id)", "Rows Removed by Index Recheck": 0, "Filter": "((info)::text = ANY ('{Sweden,Norway,Germany,Denmark,Swedish,Denish,Norwegian,German,USA,American}'::text[]))", "Rows Removed by Filter": 7721}]}, {"Node Type": "Index Scan", "Parent Relationship": "Inner", "Scan Direction": "Forward", "Index Name": "info_type_pkey", "Relation Name": "info_type", "Alias": "it", "Startup Cost": 0.0, "Total Cost": 0.27, "Plan Rows": 1, "Plan Width": 4, "Actual Startup Time": 1.116, "Actual Total Time": 1.116, "Actual Rows": 669, "Actual Loops": 669, "Index Cond": "(id = mi.info_type_id)", "Rows Removed by Index Recheck": 0}]}]}, "Triggers": [], "Planner Runtime": 3.886, "Total Runtime": 1257.315, "Unique SQL Id": 322094867}}, "(64, 61)": {"explain_plan": {"Plan": {"Node Type": "Aggregate", "Strategy": "Plain", "Startup Cost": 560989.43, "Total Cost": 560989.44, "Plan Rows": 1, "Plan Width": 49, "Plans": [{"Node Type": "Nested Loop", "Parent Relationship": "Outer", "Join Type": "Inner", "Startup Cost": 0.0, "Total Cost": 560161.81, "Plan Rows": 331050, "Plan Width": 17, "Inner Unique": true, "Plans": [{"Node Type": "Nested Loop", "Parent Relationship": "Outer", "Join Type": "Inner", "Startup Cost": 0.0, "Total Cost": 467462.34, "Plan Rows": 331050, "Plan Width": 21, "Inner Unique": false, "Plans": [{"Node Type": "Nested Loop", "Parent Relationship": "Outer", "Join Type": "Inner", "Startup Cost": 0.0, "Total Cost": 208944.27, "Plan Rows": 289936, "Plan Width": 25, "Inner Unique": true, "Plans": [{"Node Type": "Nested Loop", "Parent Relationship": "Outer", "Join Type": "Inner", "Startup Cost": 0.0, "Total Cost": 61745.44, "Plan Rows": 209278, "Plan Width": 4, "Inner Unique": false, "Plans": [{"Node Type": "Index Scan", "Parent Relationship": "Outer", "Scan Direction": "Forward", "Index Name": "company_type_pkey", "Relation Name": "company_type", "Alias": "ct", "Startup Cost": 0.0, "Total Cost": 12.3, "Plan Rows": 1, "Plan Width": 4, "Filter": "((kind)::text = 'production companies'::text)"}, {"Node Type": "Index Scan", "Parent Relationship": "Inner", "Scan Direction": "Forward", "Index Name": "company_type_id_movie_companies", "Relation Name": "movie_companies", "Alias": "mc", "Startup Cost": 0.0, "Total Cost": 59640.35, "Plan Rows": 209279, "Plan Width": 8, "Index Cond": "(company_type_id = ct.id), (LLVM Optimized)", "Filter": "(((note)::text !~~ '%(TV)%'::text) AND ((note)::text ~~ '%(USA)%'::text)), (LLVM Optimized)"}]}, {"Node Type": "Index Scan", "Parent Relationship": "Inner", "Scan Direction": "Forward", "Index Name": "title_pkey", "Relation Name": "title", "Alias": "t", "Startup Cost": 0.0, "Total Cost": 0.69, "Plan Rows": 1, "Plan Width": 21, "Index Cond": "(id = mc.movie_id)", "Filter": "(production_year > 1990)"}]}, {"Node Type": "Index Scan", "Parent Relationship": "Inner", "Scan Direction": "Forward", "Index Name": "movie_id_movie_info", "Relation Name": "movie_info", "Alias": "mi", "Startup Cost": 0.0, "Total Cost": 0.88, "Plan Rows": 1, "Plan Width": 8, "Index Cond": "(movie_id = t.id)", "Filter": "((info)::text = ANY ('{Sweden,Norway,Germany,Denmark,Swedish,Denish,Norwegian,German,USA,American}'::text[]))"}]}, {"Node Type": "Index Scan", "Parent Relationship": "Inner", "Scan Direction": "Forward", "Index Name": "info_type_pkey", "Relation Name": "info_type", "Alias": "it", "Startup Cost": 0.0, "Total Cost": 0.27, "Plan Rows": 1, "Plan Width": 4, "Index Cond": "(id = mi.info_type_id)"}]}]}, "Unique SQL Id": 322094867}, "explain_analyze_plan": {"Plan": {"Node Type": "Aggregate", "Strategy": "Plain", "Startup Cost": 560989.43, "Total Cost": 560989.44, "Plan Rows": 1, "Plan Width": 49, "Actual Startup Time": 710.059, "Actual Total Time": 710.059, "Actual Rows": 1, "Actual Loops": 1, "Plans": [{"Node Type": "Nested Loop", "Parent Relationship": "Outer", "Join Type": "Inner", "Startup Cost": 0.0, "Total Cost": 560161.81, "Plan Rows": 331050, "Plan Width": 17, "Actual Startup Time": 8.764, "Actual Total Time": 709.495, "Actual Rows": 669, "Actual Loops": 1, "Inner Unique": true, "Plans": [{"Node Type": "Nested Loop", "Parent Relationship": "Outer", "Join Type": "Inner", "Startup Cost": 0.0, "Total Cost": 467462.34, "Plan Rows": 331050, "Plan Width": 21, "Actual Startup Time": 8.756, "Actual Total Time": 707.622, "Actual Rows": 669, "Actual Loops": 1, "Inner Unique": false, "Plans": [{"Node Type": "Nested Loop", "Parent Relationship": "Outer", "Join Type": "Inner", "Startup Cost": 0.0, "Total Cost": 208944.27, "Plan Rows": 289936, "Plan Width": 25, "Actual Startup Time": 8.735, "Actual Total Time": 683.297, "Actual Rows": 767, "Actual Loops": 1, "Inner Unique": true, "Plans": [{"Node Type": "Nested Loop", "Parent Relationship": "Outer", "Join Type": "Inner", "Startup Cost": 0.0, "Total Cost": 61745.44, "Plan Rows": 209278, "Plan Width": 4, "Actual Startup Time": 8.711, "Actual Total Time": 676.429, "Actual Rows": 798, "Actual Loops": 1, "Inner Unique": false, "Plans": [{"Node Type": "Index Scan", "Parent Relationship": "Outer", "Scan Direction": "Forward", "Index Name": "company_type_pkey", "Relation Name": "company_type", "Alias": "ct", "Startup Cost": 0.0, "Total Cost": 12.3, "Plan Rows": 1, "Plan Width": 4, "Actual Startup Time": 0.037, "Actual Total Time": 0.046, "Actual Rows": 1, "Actual Loops": 1, "Filter": "((kind)::text = 'production companies'::text)", "Rows Removed by Filter": 2}, {"Node Type": "Index Scan", "Parent Relationship": "Inner", "Scan Direction": "Forward", "Index Name": "company_type_id_movie_companies", "Relation Name": "movie_companies", "Alias": "mc", "Startup Cost": 0.0, "Total Cost": 59640.35, "Plan Rows": 209279, "Plan Width": 8, "Actual Startup Time": 8.669, "Actual Total Time": 676.13, "Actual Rows": 798, "Actual Loops": 1, "Index Cond": "(company_type_id = ct.id), (LLVM Optimized, Jit Execute)", "Rows Removed by Index Recheck": 0, "Filter": "(((note)::text !~~ '%(TV)%'::text) AND ((note)::text ~~ '%(USA)%'::text)), (LLVM Optimized, Jit Execute)", "Rows Removed by Filter": 1334085}]}, {"Node Type": "Index Scan", "Parent Relationship": "Inner", "Scan Direction": "Forward", "Index Name": "title_pkey", "Relation Name": "title", "Alias": "t", "Startup Cost": 0.0, "Total Cost": 0.69, "Plan Rows": 1, "Plan Width": 21, "Actual Startup Time": 5.946, "Actual Total Time": 5.946, "Actual Rows": 767, "Actual Loops": 798, "Index Cond": "(id = mc.movie_id)", "Rows Removed by Index Recheck": 0, "Filter": "(production_year > 1990)", "Rows Removed by Filter": 31}]}, {"Node Type": "Index Scan", "Parent Relationship": "Inner", "Scan Direction": "Forward", "Index Name": "movie_id_movie_info", "Relation Name": "movie_info", "Alias": "mi", "Startup Cost": 0.0, "Total Cost": 0.88, "Plan Rows": 1, "Plan Width": 8, "Actual Startup Time": 20.757, "Actual Total Time": 23.645, "Actual Rows": 669, "Actual Loops": 767, "Index Cond": "(movie_id = t.id)", "Rows Removed by Index Recheck": 0, "Filter": "((info)::text = ANY ('{Sweden,Norway,Germany,Denmark,Swedish,Denish,Norwegian,German,USA,American}'::text[]))", "Rows Removed by Filter": 7721}]}, {"Node Type": "Index Scan", "Parent Relationship": "Inner", "Scan Direction": "Forward", "Index Name": "info_type_pkey", "Relation Name": "info_type", "Alias": "it", "Startup Cost": 0.0, "Total Cost": 0.27, "Plan Rows": 1, "Plan Width": 4, "Actual Startup Time": 1.208, "Actual Total Time": 1.208, "Actual Rows": 669, "Actual Loops": 669, "Index Cond": "(id = mi.info_type_id)", "Rows Removed by Index Recheck": 0}]}]}, "Triggers": [], "Planner Runtime": 3.573, "Total Runtime": 719.774, "Unique SQL Id": 322094867}}, "(64, 62)": {"explain_plan": {"Plan": {"Node Type": "Aggregate", "Strategy": "Plain", "Startup Cost": 2615106.92, "Total Cost": 2615106.94, "Plan Rows": 1, "Plan Width": 49, "Plans": [{"Node Type": "Streaming(type: LOCAL GATHER dop: 1/64)", "Parent Relationship": "Outer", "Startup Cost": 2615106.92, "Total Cost": 2615106.94, "Plan Rows": 1, "Plan Width": 49, "Plans": [{"Node Type": "Aggregate", "Strategy": "Plain", "Parent Relationship": "Outer", "Startup Cost": 2615106.92, "Total Cost": 2615106.93, "Plan Rows": 1, "Plan Width": 49, "Plans": [{"Node Type": "Nested Loop", "Parent Relationship": "Outer", "Join Type": "Inner", "Startup Cost": 0.0, "Total Cost": 2614279.3, "Plan Rows": 331050, "Plan Width": 17, "Inner Unique": false, "Join Filter": "(mi.movie_id = t.id), (LLVM Optimized)", "Plans": [{"Node Type": "Streaming(type: LOCAL REDISTRIBUTE dop: 64/64)", "Parent Relationship": "Outer", "Startup Cost": 0.0, "Total Cost": 128693.96, "Plan Rows": 1748840, "Plan Width": 21, "Plans": [{"Node Type": "Seq Scan", "Parent Relationship": "Outer", "Relation Name": "title", "Alias": "t", "Startup Cost": 0.0, "Total Cost": 64037.34, "Plan Rows": 1748840, "Plan Width": 21, "Filter": "(production_year > 1990), (LLVM Optimized)"}]}, {"Node Type": "Materialize", "Parent Relationship": "Inner", "Startup Cost": 0.0, "Total Cost": 955220.91, "Plan Rows": 238955, "Plan Width": 8, "Plans": [{"Node Type": "Streaming(type: LOCAL REDISTRIBUTE dop: 64/64)", "Parent Relationship": "Outer", "Startup Cost": 0.0, "Total Cost": 955202.24, "Plan Rows": 238955, "Plan Width": 8, "Plans": [{"Node Type": "Nested Loop", "Parent Relationship": "Outer", "Join Type": "Inner", "Startup Cost": 0.0, "Total Cost": 891975.89, "Plan Rows": 238955, "Plan Width": 8, "Inner Unique": true, "Join Filter": "(mi.info_type_id = it.id), (LLVM Optimized)", "Plans": [{"Node Type": "Nested Loop", "Parent Relationship": "Outer", "Join Type": "Inner", "Startup Cost": 0.0, "Total Cost": 822553.05, "Plan Rows": 238955, "Plan Width": 12, "Inner Unique": false, "Join Filter": "(mc.movie_id = mi.movie_id), (LLVM Optimized)", "Plans": [{"Node Type": "Streaming(type: LOCAL REDISTRIBUTE dop: 64/1)", "Parent Relationship": "Outer", "Startup Cost": 0.0, "Total Cost": 131598.86, "Plan Rows": 209278, "Plan Width": 4, "Plans": [{"Node Type": "Nested Loop", "Parent Relationship": "Outer", "Join Type": "Inner", "Startup Cost": 0.0, "Total Cost": 60095.92, "Plan Rows": 209278, "Plan Width": 4, "Inner Unique": false, "Join Filter": "(ct.id = mc.company_type_id), (LLVM Optimized)", "Plans": [{"Node Type": "Seq Scan", "Parent Relationship": "Outer", "Relation Name": "company_type", "Alias": "ct", "Startup Cost": 0.0, "Total Cost": 1.04, "Plan Rows": 1, "Plan Width": 4, "Filter": "((kind)::text = 'production companies'::text)"}, {"Node Type": "Seq Scan", "Parent Relationship": "Inner", "Relation Name": "movie_companies", "Alias": "mc", "Startup Cost": 0.0, "Total Cost": 54862.92, "Plan Rows": 418557, "Plan Width": 8, "Filter": "(((note)::text !~~ '%(TV)%'::text) AND ((note)::text ~~ '%(USA)%'::text)), (LLVM Optimized)"}]}]}, {"Node Type": "Materialize", "Parent Relationship": "Inner", "Startup Cost": 0.0, "Total Cost": 134289.54, "Plan Rows": 726375, "Plan Width": 8, "Plans": [{"Node Type": "Streaming(type: LOCAL REDISTRIBUTE dop: 64/64)", "Parent Relationship": "Outer", "Startup Cost": 0.0, "Total Cost": 134232.79, "Plan Rows": 726375, "Plan Width": 8, "Plans": [{"Node Type": "Seq Scan", "Parent Relationship": "Outer", "Relation Name": "movie_info", "Alias": "mi", "Startup Cost": 0.0, "Total Cost": 70544.72, "Plan Rows": 726375, "Plan Width": 8, "Filter": "((info)::text = ANY ('{Sweden,Norway,Germany,Denmark,Swedish,Denish,Norwegian,German,USA,American}'::text[]))"}]}]}]}, {"Node Type": "Materialize", "Parent Relationship": "Inner", "Startup Cost": 0.0, "Total Cost": 63150.56, "Plan Rows": 7168, "Plan Width": 4, "Plans": [{"Node Type": "Streaming(type: BROADCAST dop: 64/1)", "Parent Relationship": "Outer", "Startup Cost": 0.0, "Total Cost": 63150.0, "Plan Rows": 7168, "Plan Width": 4, "Plans": [{"Node Type": "Seq Scan", "Parent Relationship": "Outer", "Relation Name": "info_type", "Alias": "it", "Startup Cost": 0.0, "Total Cost": 2.12, "Plan Rows": 112, "Plan Width": 4}]}]}]}]}]}]}]}]}]}, "Unique SQL Id": 322094867}, "explain_analyze_plan": {"Plan": {"Node Type": "Aggregate", "Strategy": "Plain", "Startup Cost": 2615106.92, "Total Cost": 2615106.94, "Plan Rows": 1, "Plan Width": 49, "Actual Min Startup Time": 2439.201, "Actual Max Startup Time": 2439.201, "Actual Min Total Time": 2439.201, "Actual Max Total Time": 2439.201, "Actual Total Rows": 1, "Plans": [{"Node Type": "Streaming(type: LOCAL GATHER dop: 1/64)", "Parent Relationship": "Outer", "Startup Cost": 2615106.92, "Total Cost": 2615106.94, "Plan Rows": 1, "Plan Width": 49, "Actual Min Startup Time": 2436.965, "Actual Max Startup Time": 2436.965, "Actual Min Total Time": 2439.16, "Actual Max Total Time": 2439.16, "Actual Total Rows": 64, "Plans": [{"Node Type": "Aggregate", "Strategy": "Plain", "Parent Relationship": "Outer", "Startup Cost": 2615106.92, "Total Cost": 2615106.93, "Plan Rows": 1, "Plan Width": 49, "Actual Min Startup Time": 1476.129, "Actual Max Startup Time": 2091.997, "Actual Min Total Time": 1476.13, "Actual Max Total Time": 2091.997, "Actual Total Rows": 64, "Plans": [{"Node Type": "Nested Loop", "Parent Relationship": "Outer", "Join Type": "Inner", "Startup Cost": 0.0, "Total Cost": 2614279.3, "Plan Rows": 331050, "Plan Width": 17, "Actual Min Startup Time": 1272.903, "Actual Max Startup Time": 1987.566, "Actual Min Total Time": 1476.083, "Actual Max Total Time": 2091.954, "Actual Total Rows": 669, "Inner Unique": false, "Join Filter": "(mi.movie_id = t.id), (LLVM Optimized, Jit Execute)", "Rows Removed by Join Filter": 18883935, "Plans": [{"Node Type": "Streaming(type: LOCAL REDISTRIBUTE dop: 64/64)", "Parent Relationship": "Outer", "Startup Cost": 0.0, "Total Cost": 128693.96, "Plan Rows": 1748840, "Plan Width": 21, "Actual Min Startup Time": 0.134, "Actual Max Startup Time": 2.115, "Actual Min Total Time": 16.292, "Actual Max Total Time": 168.525, "Actual Total Rows": 1749032, "Plans": [{"Node Type": "Seq Scan", "Parent Relationship": "Outer", "Relation Name": "title", "Alias": "t", "Startup Cost": 0.0, "Total Cost": 64037.34, "Plan Rows": 1748840, "Plan Width": 21, "Actual Min Startup Time": 0.022, "Actual Max Startup Time": 0.059, "Actual Min Total Time": 13.729, "Actual Max Total Time": 20.417, "Actual Total Rows": 1749032, "Filter": "(production_year > 1990), (LLVM Optimized, Jit Execute)", "Rows Removed by Filter": 779279}]}, {"Node Type": "Materialize", "Parent Relationship": "Inner", "Startup Cost": 0.0, "Total Cost": 955220.91, "Plan Rows": 238955, "Plan Width": 8, "Actual Min Startup Time": 1266.981, "Actual Max Startup Time": 1883.517, "Actual Min Total Time": 1286.757, "Actual Max Total Time": 1903.106, "Actual Total Rows": 18884668, "Plans": [{"Node Type": "Streaming(type: LOCAL REDISTRIBUTE dop: 64/64)", "Parent Relationship": "Outer", "Startup Cost": 0.0, "Total Cost": 955202.24, "Plan Rows": 238955, "Plan Width": 8, "Actual Min Startup Time": 1216.481, "Actual Max Startup Time": 1833.622, "Actual Min Total Time": 1264.705, "Actual Max Total Time": 1880.653, "Actual Total Rows": 691, "Plans": [{"Node Type": "Nested Loop", "Parent Relationship": "Outer", "Join Type": "Inner", "Startup Cost": 0.0, "Total Cost": 891975.89, "Plan Rows": 238955, "Plan Width": 8, "Actual Min Startup Time": 1191.535, "Actual Max Startup Time": 1778.909, "Actual Min Total Time": 1222.772, "Actual Max Total Time": 1794.644, "Actual Total Rows": 691, "Inner Unique": true, "Join Filter": "(mi.info_type_id = it.id), (LLVM Optimized, Jit Execute)", "Rows Removed by Join Filter": 4196, "Plans": [{"Node Type": "Nested Loop", "Parent Relationship": "Outer", "Join Type": "Inner", "Startup Cost": 0.0, "Total Cost": 822553.05, "Plan Rows": 238955, "Plan Width": 12, "Actual Min Startup Time": 1189.635, "Actual Max Startup Time": 1207.649, "Actual Min Total Time": 1202.415, "Actual Max Total Time": 1263.699, "Actual Total Rows": 691, "Inner Unique": false, "Join Filter": "(mc.movie_id = mi.movie_id), (LLVM Optimized, Jit Execute)", "Rows Removed by Join Filter": 8812715, "Plans": [{"Node Type": "Streaming(type: LOCAL REDISTRIBUTE dop: 64/1)", "Parent Relationship": "Outer", "Startup Cost": 0.0, "Total Cost": 131598.86, "Plan Rows": 209278, "Plan Width": 4, "Actual Min Startup Time": 1055.219, "Actual Max Startup Time": 1056.688, "Actual Min Total Time": 1055.221, "Actual Max Total Time": 1056.69, "Actual Total Rows": 798, "Plans": [{"Node Type": "Nested Loop", "Parent Relationship": "Outer", "Join Type": "Inner", "Startup Cost": 0.0, "Total Cost": 60095.92, "Plan Rows": 209278, "Plan Width": 4, "Actual Min Startup Time": 918.887, "Actual Max Startup Time": 918.887, "Actual Min Total Time": 1287.975, "Actual Max Total Time": 1287.975, "Actual Total Rows": 798, "Inner Unique": false, "Join Filter": "(ct.id = mc.company_type_id), (LLVM Optimized, Jit Execute)", "Rows Removed by Join Filter": 294830, "Plans": [{"Node Type": "Seq Scan", "Parent Relationship": "Outer", "Relation Name": "company_type", "Alias": "ct", "Startup Cost": 0.0, "Total Cost": 1.04, "Plan Rows": 1, "Plan Width": 4, "Actual Min Startup Time": 0.02, "Actual Max Startup Time": 0.02, "Actual Min Total Time": 0.025, "Actual Max Total Time": 0.025, "Actual Total Rows": 1, "Filter": "((kind)::text = 'production companies'::text)", "Rows Removed by Filter": 2}, {"Node Type": "Seq Scan", "Parent Relationship": "Inner", "Relation Name": "movie_companies", "Alias": "mc", "Startup Cost": 0.0, "Total Cost": 54862.92, "Plan Rows": 418557, "Plan Width": 8, "Actual Min Startup Time": 0.032, "Actual Max Startup Time": 0.032, "Actual Min Total Time": 1225.084, "Actual Max Total Time": 1225.084, "Actual Total Rows": 295628, "Filter": "(((note)::text !~~ '%(TV)%'::text) AND ((note)::text ~~ '%(USA)%'::text)), (LLVM Optimized, Jit Execute)", "Rows Removed by Filter": 2313500}]}]}, {"Node Type": "Materialize", "Parent Relationship": "Inner", "Startup Cost": 0.0, "Total Cost": 134289.54, "Plan Rows": 726375, "Plan Width": 8, "Actual Min Startup Time": 132.506, "Actual Max Startup Time": 133.404, "Actual Min Total Time": 138.187, "Actual Max Total Time": 158.542, "Actual Total Rows": 8813470, "Plans": [{"Node Type": "Streaming(type: LOCAL REDISTRIBUTE dop: 64/64)", "Parent Relationship": "Outer", "Startup Cost": 0.0, "Total Cost": 134232.79, "Plan Rows": 726375, "Plan Width": 8, "Actual Min Startup Time": 0.154, "Actual Max Startup Time": 0.336, "Actual Min Total Time": 130.046, "Actual Max Total Time": 131.483, "Actual Total Rows": 706674, "Plans": [{"Node Type": "Seq Scan", "Parent Relationship": "Outer", "Relation Name": "movie_info", "Alias": "mi", "Startup Cost": 0.0, "Total Cost": 70544.72, "Plan Rows": 726375, "Plan Width": 8, "Actual Min Startup Time": 0.039, "Actual Max Startup Time": 3.417, "Actual Min Total Time": 121.927, "Actual Max Total Time": 167.649, "Actual Total Rows": 706674, "Filter": "((info)::text = ANY ('{Sweden,Norway,Germany,Denmark,Swedish,Denish,Norwegian,German,USA,American}'::text[]))", "Rows Removed by Filter": 14129045}]}]}]}, {"Node Type": "Materialize", "Parent Relationship": "Inner", "Startup Cost": 0.0, "Total Cost": 63150.56, "Plan Rows": 7168, "Plan Width": 4, "Actual Min Startup Time": 0.752, "Actual Max Startup Time": 573.661, "Actual Min Total Time": 0.756, "Actual Max Total Time": 573.665, "Actual Total Rows": 4951, "Plans": [{"Node Type": "Streaming(type: BROADCAST dop: 64/1)", "Parent Relationship": "Outer", "Startup Cost": 0.0, "Total Cost": 63150.0, "Plan Rows": 7168, "Plan Width": 4, "Actual Min Startup Time": 0.029, "Actual Max Startup Time": 81.786, "Actual Min Total Time": 0.724, "Actual Max Total Time": 573.624, "Actual Total Rows": 7168, "Plans": [{"Node Type": "Seq Scan", "Parent Relationship": "Outer", "Relation Name": "info_type", "Alias": "it", "Startup Cost": 0.0, "Total Cost": 2.12, "Plan Rows": 112, "Plan Width": 4, "Actual Min Startup Time": 0.041, "Actual Max Startup Time": 0.041, "Actual Min Total Time": 0.072, "Actual Max Total Time": 0.072, "Actual Total Rows": 112}]}]}]}]}]}]}]}]}]}, "Triggers": [], "Planner Runtime": 7.273, "Total Runtime": 2508.586, "Unique SQL Id": 322094867}}, "(64, 63)": {"explain_plan": {"Plan": {"Node Type": "Aggregate", "Strategy": "Plain", "Startup Cost": 5008697311176.9, "Total Cost": 5008697311176.91, "Plan Rows": 1, "Plan Width": 49, "Plans": [{"Node Type": "Nested Loop", "Parent Relationship": "Outer", "Join Type": "Inner", "Startup Cost": 50000000000.0, "Total Cost": 5008697310349.27, "Plan Rows": 331050, "Plan Width": 17, "Inner Unique": false, "Join Filter": "(mi.movie_id = t.id), (LLVM Optimized)", "Plans": [{"Node Type": "Index Scan", "Parent Relationship": "Outer", "Scan Direction": "Forward", "Index Name": "title_pkey", "Relation Name": "title", "Alias": "t", "Startup Cost": 10000000000.0, "Total Cost": 1000011644126.66, "Plan Rows": 1748840, "Plan Width": 21, "Filter": "(production_year > 1990), (LLVM Optimized)"}, {"Node Type": "Materialize", "Parent Relationship": "Inner", "Startup Cost": 40000000000.0, "Total Cost": 4002417255887.0, "Plan Rows": 238955, "Plan Width": 8, "Plans": [{"Node Type": "Nested Loop", "Parent Relationship": "Outer", "Join Type": "Inner", "Startup Cost": 40000000000.0, "Total Cost": 4002417254692.22, "Plan Rows": 238955, "Plan Width": 8, "Inner Unique": true, "Join Filter": "(mi.info_type_id = it.id), (LLVM Optimized)", "Plans": [{"Node Type": "Nested Loop", "Parent Relationship": "Outer", "Join Type": "Inner", "Startup Cost": 30000000000.0, "Total Cost": 3002416851854.54, "Plan Rows": 238955, "Plan Width": 12, "Inner Unique": false, "Join Filter": "(mc.movie_id = mi.movie_id), (LLVM Optimized)", "Plans": [{"Node Type": "Nested Loop", "Parent Relationship": "Outer", "Join Type": "Inner", "Startup Cost": 20000000000.0, "Total Cost": 2000014364018.74, "Plan Rows": 209278, "Plan Width": 4, "Inner Unique": true, "Join Filter": "(ct.id = mc.company_type_id), (LLVM Optimized)", "Plans": [{"Node Type": "Index Scan", "Parent Relationship": "Outer", "Scan Direction": "Forward", "Index Name": "movie_id_movie_companies", "Relation Name": "movie_companies", "Alias": "mc", "Startup Cost": 10000000000.0, "Total Cost": 1000014356510.13, "Plan Rows": 418557, "Plan Width": 8, "Filter": "(((note)::text !~~ '%(TV)%'::text) AND ((note)::text ~~ '%(USA)%'::text)), (LLVM Optimized)"}, {"Node Type": "Materialize", "Parent Relationship": "Inner", "Startup Cost": 10000000000.0, "Total Cost": 1000000001230.26, "Plan Rows": 1, "Plan Width": 4, "Plans": [{"Node Type": "Index Scan", "Parent Relationship": "Outer", "Scan Direction": "Forward", "Index Name": "company_type_pkey", "Relation Name": "company_type", "Alias": "ct", "Startup Cost": 10000000000.0, "Total Cost": 1000000001230.25, "Plan Rows": 1, "Plan Width": 4, "Filter": "((kind)::text = 'production companies'::text)"}]}]}, {"Node Type": "Materialize", "Parent Relationship": "Inner", "Startup Cost": 10000000000.0, "Total Cost": 1000122275042.99, "Plan Rows": 726375, "Plan Width": 8, "Plans": [{"Node Type": "Index Scan", "Parent Relationship": "Outer", "Scan Direction": "Forward", "Index Name": "info_type_id_movie_info", "Relation Name": "movie_info", "Alias": "mi", "Startup Cost": 10000000000.0, "Total Cost": 1000122271411.12, "Plan Rows": 726375, "Plan Width": 8, "Filter": "((info)::text = ANY ('{Sweden,Norway,Germany,Denmark,Swedish,Denish,Norwegian,German,USA,American}'::text[]))"}]}]}, {"Node Type": "Materialize", "Parent Relationship": "Inner", "Startup Cost": 10000000000.0, "Total Cost": 1000000001393.56, "Plan Rows": 112, "Plan Width": 4, "Plans": [{"Node Type": "Index Scan", "Parent Relationship": "Outer", "Scan Direction": "Forward", "Index Name": "info_type_pkey", "Relation Name": "info_type", "Alias": "it", "Startup Cost": 10000000000.0, "Total Cost": 1000000001393.0, "Plan Rows": 112, "Plan Width": 4}]}]}]}]}]}, "Unique SQL Id": 322094867}, "explain_analyze_plan": null}, "(64, 64)": {"explain_plan": {"Plan": {"Node Type": "Aggregate", "Strategy": "Plain", "Startup Cost": 282595.42, "Total Cost": 282595.43, "Plan Rows": 1, "Plan Width": 49, "Plans": [{"Node Type": "Hash Join", "Parent Relationship": "Outer", "Join Type": "Inner", "Startup Cost": 187293.84, "Total Cost": 281767.79, "Plan Rows": 331050, "Plan Width": 17, "Inner Unique": true, "Hash Cond": "(mi.info_type_id = it.id), (LLVM Optimized)", "Plans": [{"Node Type": "Hash Join", "Parent Relationship": "Outer", "Join Type": "Inner", "Startup Cost": 187290.32, "Total Cost": 277212.34, "Plan Rows": 331050, "Plan Width": 21, "Inner Unique": false, "Hash Cond": "(mi.movie_id = t.id), (LLVM Optimized)", "Plans": [{"Node Type": "Streaming(type: LOCAL GATHER dop: 1/64)", "Parent Relationship": "Outer", "Startup Cost": 0.0, "Total Cost": 85529.75, "Plan Rows": 726375, "Plan Width": 8, "Plans": [{"Node Type": "Seq Scan", "Parent Relationship": "Outer", "Relation Name": "movie_info", "Alias": "mi", "Startup Cost": 0.0, "Total Cost": 70544.72, "Plan Rows": 726375, "Plan Width": 8, "Filter": "((info)::text = ANY ('{Sweden,Norway,Germany,Denmark,Swedish,Denish,Norwegian,German,USA,American}'::text[]))"}]}, {"Node Type": "Hash", "Parent Relationship": "Inner", "Startup Cost": 183666.12, "Total Cost": 183666.12, "Plan Rows": 289936, "Plan Width": 25, "Plans": [{"Node Type": "Hash Join", "Parent Relationship": "Outer", "Join Type": "Inner", "Startup Cost": 121977.26, "Total Cost": 183666.12, "Plan Rows": 289936, "Plan Width": 25, "Inner Unique": true, "Hash Cond": "(mc.movie_id = t.id), (LLVM Optimized)", "Plans": [{"Node Type": "Hash Join", "Parent Relationship": "Outer", "Join Type": "Inner", "Startup Cost": 1.05, "Total Cost": 58005.76, "Plan Rows": 209278, "Plan Width": 4, "Inner Unique": true, "Hash Cond": "(mc.company_type_id = ct.id), (LLVM Optimized)", "Plans": [{"Node Type": "Seq Scan", "Parent Relationship": "Outer", "Relation Name": "movie_companies", "Alias": "mc", "Startup Cost": 0.0, "Total Cost": 54862.92, "Plan Rows": 418557, "Plan Width": 8, "Filter": "(((note)::text !~~ '%(TV)%'::text) AND ((note)::text ~~ '%(USA)%'::text)), (LLVM Optimized)"}, {"Node Type": "Hash", "Parent Relationship": "Inner", "Startup Cost": 1.04, "Total Cost": 1.04, "Plan Rows": 1, "Plan Width": 4, "Plans": [{"Node Type": "Seq Scan", "Parent Relationship": "Outer", "Relation Name": "company_type", "Alias": "ct", "Startup Cost": 0.0, "Total Cost": 1.04, "Plan Rows": 1, "Plan Width": 4, "Filter": "((kind)::text = 'production companies'::text)"}]}]}, {"Node Type": "Hash", "Parent Relationship": "Inner", "Startup Cost": 100115.71, "Total Cost": 100115.71, "Plan Rows": 1748840, "Plan Width": 21, "Plans": [{"Node Type": "Streaming(type: LOCAL GATHER dop: 1/64)", "Parent Relationship": "Outer", "Startup Cost": 0.0, "Total Cost": 100115.71, "Plan Rows": 1748840, "Plan Width": 21, "Plans": [{"Node Type": "Seq Scan", "Parent Relationship": "Outer", "Relation Name": "title", "Alias": "t", "Startup Cost": 0.0, "Total Cost": 64037.34, "Plan Rows": 1748840, "Plan Width": 21, "Filter": "(production_year > 1990), (LLVM Optimized)"}]}]}]}]}]}, {"Node Type": "Hash", "Parent Relationship": "Inner", "Startup Cost": 2.12, "Total Cost": 2.12, "Plan Rows": 112, "Plan Width": 4, "Plans": [{"Node Type": "Index Only Scan", "Parent Relationship": "Outer", "Scan Direction": "Forward", "Index Name": "info_type_pkey", "Relation Name": "info_type", "Alias": "it", "Startup Cost": 0.0, "Total Cost": 2.12, "Plan Rows": 112, "Plan Width": 4}]}]}]}, "Unique SQL Id": 322094867}, "explain_analyze_plan": {"Plan": {"Node Type": "Aggregate", "Strategy": "Plain", "Startup Cost": 282595.42, "Total Cost": 282595.43, "Plan Rows": 1, "Plan Width": 49, "Actual Min Startup Time": 2819.09, "Actual Max Startup Time": 2819.09, "Actual Min Total Time": 2819.09, "Actual Max Total Time": 2819.09, "Actual Total Rows": 1, "Plans": [{"Node Type": "Hash Join", "Parent Relationship": "Outer", "Join Type": "Inner", "Startup Cost": 187293.84, "Total Cost": 281767.79, "Plan Rows": 331050, "Plan Width": 17, "Actual Min Startup Time": 2473.353, "Actual Max Startup Time": 2473.353, "Actual Min Total Time": 2818.616, "Actual Max Total Time": 2818.616, "Actual Total Rows": 669, "Inner Unique": true, "Hash Cond": "(mi.info_type_id = it.id), (LLVM Optimized, Jit Execute)", "Plans": [{"Node Type": "Hash Join", "Parent Relationship": "Outer", "Join Type": "Inner", "Startup Cost": 187290.32, "Total Cost": 277212.34, "Plan Rows": 331050, "Plan Width": 21, "Actual Min Startup Time": 2473.167, "Actual Max Startup Time": 2473.167, "Actual Min Total Time": 2817.954, "Actual Max Total Time": 2817.954, "Actual Total Rows": 669, "Inner Unique": false, "Hash Cond": "(mi.movie_id = t.id), (LLVM Optimized, Jit Execute)", "Plans": [{"Node Type": "Streaming(type: LOCAL GATHER dop: 1/64)", "Parent Relationship": "Outer", "Startup Cost": 0.0, "Total Cost": 85529.75, "Plan Rows": 726375, "Plan Width": 8, "Actual Min Startup Time": 0.144, "Actual Max Startup Time": 0.144, "Actual Min Total Time": 210.639, "Actual Max Total Time": 210.639, "Actual Total Rows": 706674, "Plans": [{"Node Type": "Seq Scan", "Parent Relationship": "Outer", "Relation Name": "movie_info", "Alias": "mi", "Startup Cost": 0.0, "Total Cost": 70544.72, "Plan Rows": 726375, "Plan Width": 8, "Actual Min Startup Time": 0.037, "Actual Max Startup Time": 3.327, "Actual Min Total Time": 122.346, "Actual Max Total Time": 141.453, "Actual Total Rows": 706674, "Filter": "((info)::text = ANY ('{Sweden,Norway,Germany,Denmark,Swedish,Denish,Norwegian,German,USA,American}'::text[]))", "Rows Removed by Filter": 14129045}]}, {"Node Type": "Hash", "Parent Relationship": "Inner", "Startup Cost": 183666.12, "Total Cost": 183666.12, "Plan Rows": 289936, "Plan Width": 25, "Actual Min Startup Time": 2467.444, "Actual Max Startup Time": 2467.444, "Actual Min Total Time": 2467.444, "Actual Max Total Time": 2467.444, "Actual Total Rows": 767, "Max Hash Buckets": 524288, "Min Hash Buckets": 524288, "Max Hash Batches": 1, "Min Hash Batches": 1, "Max Original Hash Batches": 1, "Min Original Hash Batches": 1, "Max Peak Memory Usage": 45, "min Peak Memory Usage": 45, "Plans": [{"Node Type": "Hash Join", "Parent Relationship": "Outer", "Join Type": "Inner", "Startup Cost": 121977.26, "Total Cost": 183666.12, "Plan Rows": 289936, "Plan Width": 25, "Actual Min Startup Time": 2133.332, "Actual Max Startup Time": 2133.332, "Actual Min Total Time": 2467.037, "Actual Max Total Time": 2467.037, "Actual Total Rows": 767, "Inner Unique": true, "Hash Cond": "(mc.movie_id = t.id), (LLVM Optimized, Jit Execute)", "Plans": [{"Node Type": "Hash Join", "Parent Relationship": "Outer", "Join Type": "Inner", "Startup Cost": 1.05, "Total Cost": 58005.76, "Plan Rows": 209278, "Plan Width": 4, "Actual Min Startup Time": 792.833, "Actual Max Startup Time": 792.833, "Actual Min Total Time": 1125.904, "Actual Max Total Time": 1125.904, "Actual Total Rows": 798, "Inner Unique": true, "Hash Cond": "(mc.company_type_id = ct.id), (LLVM Optimized, Jit Execute)", "Plans": [{"Node Type": "Seq Scan", "Parent Relationship": "Outer", "Relation Name": "movie_companies", "Alias": "mc", "Startup Cost": 0.0, "Total Cost": 54862.92, "Plan Rows": 418557, "Plan Width": 8, "Actual Min Startup Time": 0.049, "Actual Max Startup Time": 0.049, "Actual Min Total Time": 1073.944, "Actual Max Total Time": 1073.944, "Actual Total Rows": 295628, "Filter": "(((note)::text !~~ '%(TV)%'::text) AND ((note)::text ~~ '%(USA)%'::text)), (LLVM Optimized, Jit Execute)", "Rows Removed by Filter": 2313500}, {"Node Type": "Hash", "Parent Relationship": "Inner", "Startup Cost": 1.04, "Total Cost": 1.04, "Plan Rows": 1, "Plan Width": 4, "Actual Min Startup Time": 0.029, "Actual Max Startup Time": 0.029, "Actual Min Total Time": 0.029, "Actual Max Total Time": 0.029, "Actual Total Rows": 1, "Max Hash Buckets": 32768, "Min Hash Buckets": 32768, "Max Hash Batches": 1, "Min Hash Batches": 1, "Max Original Hash Batches": 1, "Min Original Hash Batches": 1, "Max Peak Memory Usage": 1, "min Peak Memory Usage": 1, "Plans": [{"Node Type": "Seq Scan", "Parent Relationship": "Outer", "Relation Name": "company_type", "Alias": "ct", "Startup Cost": 0.0, "Total Cost": 1.04, "Plan Rows": 1, "Plan Width": 4, "Actual Min Startup Time": 0.023, "Actual Max Startup Time": 0.023, "Actual Min Total Time": 0.026, "Actual Max Total Time": 0.026, "Actual Total Rows": 1, "Filter": "((kind)::text = 'production companies'::text)", "Rows Removed by Filter": 2}]}]}, {"Node Type": "Hash", "Parent Relationship": "Inner", "Startup Cost": 100115.71, "Total Cost": 100115.71, "Plan Rows": 1748840, "Plan Width": 21, "Actual Min Startup Time": 1338.823, "Actual Max Startup Time": 1338.823, "Actual Min Total Time": 1338.823, "Actual Max Total Time": 1338.823, "Actual Total Rows": 1749032, "Max Hash Buckets": 2097152, "Min Hash Buckets": 2097152, "Max Hash Batches": 1, "Min Hash Batches": 1, "Max Original Hash Batches": 1, "Min Original Hash Batches": 1, "Max Peak Memory Usage": 93635, "min Peak Memory Usage": 93635, "Plans": [{"Node Type": "Streaming(type: LOCAL GATHER dop: 1/64)", "Parent Relationship": "Outer", "Startup Cost": 0.0, "Total Cost": 100115.71, "Plan Rows": 1748840, "Plan Width": 21, "Actual Min Startup Time": 31.174, "Actual Max Startup Time": 31.174, "Actual Min Total Time": 688.819, "Actual Max Total Time": 688.819, "Actual Total Rows": 1749032, "Plans": [{"Node Type": "Seq Scan", "Parent Relationship": "Outer", "Relation Name": "title", "Alias": "t", "Startup Cost": 0.0, "Total Cost": 64037.34, "Plan Rows": 1748840, "Plan Width": 21, "Actual Min Startup Time": 0.025, "Actual Max Startup Time": 0.045, "Actual Min Total Time": 14.76, "Actual Max Total Time": 18.88, "Actual Total Rows": 1749032, "Filter": "(production_year > 1990), (LLVM Optimized, Jit Execute)", "Rows Removed by Filter": 779279}]}]}]}]}]}, {"Node Type": "Hash", "Parent Relationship": "Inner", "Startup Cost": 2.12, "Total Cost": 2.12, "Plan Rows": 112, "Plan Width": 4, "Actual Min Startup Time": 0.108, "Actual Max Startup Time": 0.108, "Actual Min Total Time": 0.108, "Actual Max Total Time": 0.108, "Actual Total Rows": 112, "Max Hash Buckets": 32768, "Min Hash Buckets": 32768, "Max Hash Batches": 1, "Min Hash Batches": 1, "Max Original Hash Batches": 1, "Min Original Hash Batches": 1, "Max Peak Memory Usage": 4, "min Peak Memory Usage": 4, "Plans": [{"Node Type": "Index Only Scan", "Parent Relationship": "Outer", "Scan Direction": "Forward", "Index Name": "info_type_pkey", "Relation Name": "info_type", "Alias": "it", "Startup Cost": 0.0, "Total Cost": 2.12, "Plan Rows": 112, "Plan Width": 4, "Actual Min Startup Time": 0.027, "Actual Max Startup Time": 0.027, "Actual Min Total Time": 0.053, "Actual Max Total Time": 0.053, "Actual Total Rows": 112, "Heap Fetches": 0}]}]}]}, "Triggers": [], "Planner Runtime": 19.884, "Total Runtime": 2854.662, "Unique SQL Id": 322094867}}, "(64, 65)": {"explain_plan": {"Plan": {"Node Type": "Aggregate", "Strategy": "Plain", "Startup Cost": 472671.15, "Total Cost": 472671.16, "Plan Rows": 1, "Plan Width": 49, "Plans": [{"Node Type": "Hash Join", "Parent Relationship": "Outer", "Join Type": "Inner", "Startup Cost": 11.33, "Total Cost": 471843.53, "Plan Rows": 331050, "Plan Width": 17, "Inner Unique": true, "Hash Cond": "(mi.info_type_id = it.id), (LLVM Optimized)", "Plans": [{"Node Type": "Nested Loop", "Parent Relationship": "Outer", "Join Type": "Inner", "Startup Cost": 0.0, "Total Cost": 467462.34, "Plan Rows": 331050, "Plan Width": 21, "Inner Unique": false, "Plans": [{"Node Type": "Nested Loop", "Parent Relationship": "Outer", "Join Type": "Inner", "Startup Cost": 0.0, "Total Cost": 208944.27, "Plan Rows": 289936, "Plan Width": 25, "Inner Unique": true, "Plans": [{"Node Type": "Nested Loop", "Parent Relationship": "Outer", "Join Type": "Inner", "Startup Cost": 0.0, "Total Cost": 61745.44, "Plan Rows": 209278, "Plan Width": 4, "Inner Unique": false, "Plans": [{"Node Type": "Index Scan", "Parent Relationship": "Outer", "Scan Direction": "Forward", "Index Name": "company_type_pkey", "Relation Name": "company_type", "Alias": "ct", "Startup Cost": 0.0, "Total Cost": 12.3, "Plan Rows": 1, "Plan Width": 4, "Filter": "((kind)::text = 'production companies'::text)"}, {"Node Type": "Index Scan", "Parent Relationship": "Inner", "Scan Direction": "Forward", "Index Name": "company_type_id_movie_companies", "Relation Name": "movie_companies", "Alias": "mc", "Startup Cost": 0.0, "Total Cost": 59640.35, "Plan Rows": 209279, "Plan Width": 8, "Index Cond": "(company_type_id = ct.id), (LLVM Optimized)", "Filter": "(((note)::text !~~ '%(TV)%'::text) AND ((note)::text ~~ '%(USA)%'::text)), (LLVM Optimized)"}]}, {"Node Type": "Index Scan", "Parent Relationship": "Inner", "Scan Direction": "Forward", "Index Name": "title_pkey", "Relation Name": "title", "Alias": "t", "Startup Cost": 0.0, "Total Cost": 0.69, "Plan Rows": 1, "Plan Width": 21, "Index Cond": "(id = mc.movie_id)", "Filter": "(production_year > 1990)"}]}, {"Node Type": "Index Scan", "Parent Relationship": "Inner", "Scan Direction": "Forward", "Index Name": "movie_id_movie_info", "Relation Name": "movie_info", "Alias": "mi", "Startup Cost": 0.0, "Total Cost": 0.88, "Plan Rows": 1, "Plan Width": 8, "Index Cond": "(movie_id = t.id)", "Filter": "((info)::text = ANY ('{Sweden,Norway,Germany,Denmark,Swedish,Denish,Norwegian,German,USA,American}'::text[]))"}]}, {"Node Type": "Hash", "Parent Relationship": "Inner", "Startup Cost": 9.93, "Total Cost": 9.93, "Plan Rows": 112, "Plan Width": 4, "Plans": [{"Node Type": "Index Only Scan", "Parent Relationship": "Outer", "Scan Direction": "Forward", "Index Name": "info_type_pkey", "Relation Name": "info_type", "Alias": "it", "Startup Cost": 0.0, "Total Cost": 9.93, "Plan Rows": 112, "Plan Width": 4}]}]}]}, "Unique SQL Id": 322094867}, "explain_analyze_plan": {"Plan": {"Node Type": "Aggregate", "Strategy": "Plain", "Startup Cost": 472671.15, "Total Cost": 472671.16, "Plan Rows": 1, "Plan Width": 49, "Actual Startup Time": 774.213, "Actual Total Time": 774.213, "Actual Rows": 1, "Actual Loops": 1, "Plans": [{"Node Type": "Hash Join", "Parent Relationship": "Outer", "Join Type": "Inner", "Startup Cost": 11.33, "Total Cost": 471843.53, "Plan Rows": 331050, "Plan Width": 17, "Actual Startup Time": 9.858, "Actual Total Time": 773.74, "Actual Rows": 669, "Actual Loops": 1, "Inner Unique": true, "Hash Cond": "(mi.info_type_id = it.id), (LLVM Optimized, Jit Execute)", "Plans": [{"Node Type": "Nested Loop", "Parent Relationship": "Outer", "Join Type": "Inner", "Startup Cost": 0.0, "Total Cost": 467462.34, "Plan Rows": 331050, "Plan Width": 21, "Actual Startup Time": 9.725, "Actual Total Time": 773.118, "Actual Rows": 669, "Actual Loops": 1, "Inner Unique": false, "Plans": [{"Node Type": "Nested Loop", "Parent Relationship": "Outer", "Join Type": "Inner", "Startup Cost": 0.0, "Total Cost": 208944.27, "Plan Rows": 289936, "Plan Width": 25, "Actual Startup Time": 9.7, "Actual Total Time": 747.656, "Actual Rows": 767, "Actual Loops": 1, "Inner Unique": true, "Plans": [{"Node Type": "Nested Loop", "Parent Relationship": "Outer", "Join Type": "Inner", "Startup Cost": 0.0, "Total Cost": 61745.44, "Plan Rows": 209278, "Plan Width": 4, "Actual Startup Time": 9.665, "Actual Total Time": 739.754, "Actual Rows": 798, "Actual Loops": 1, "Inner Unique": false, "Plans": [{"Node Type": "Index Scan", "Parent Relationship": "Outer", "Scan Direction": "Forward", "Index Name": "company_type_pkey", "Relation Name": "company_type", "Alias": "ct", "Startup Cost": 0.0, "Total Cost": 12.3, "Plan Rows": 1, "Plan Width": 4, "Actual Startup Time": 0.017, "Actual Total Time": 0.025, "Actual Rows": 1, "Actual Loops": 1, "Filter": "((kind)::text = 'production companies'::text)", "Rows Removed by Filter": 2}, {"Node Type": "Index Scan", "Parent Relationship": "Inner", "Scan Direction": "Forward", "Index Name": "company_type_id_movie_companies", "Relation Name": "movie_companies", "Alias": "mc", "Startup Cost": 0.0, "Total Cost": 59640.35, "Plan Rows": 209279, "Plan Width": 8, "Actual Startup Time": 9.643, "Actual Total Time": 739.513, "Actual Rows": 798, "Actual Loops": 1, "Index Cond": "(company_type_id = ct.id), (LLVM Optimized, Jit Execute)", "Rows Removed by Index Recheck": 0, "Filter": "(((note)::text !~~ '%(TV)%'::text) AND ((note)::text ~~ '%(USA)%'::text)), (LLVM Optimized, Jit Execute)", "Rows Removed by Filter": 1334085}]}, {"Node Type": "Index Scan", "Parent Relationship": "Inner", "Scan Direction": "Forward", "Index Name": "title_pkey", "Relation Name": "title", "Alias": "t", "Startup Cost": 0.0, "Total Cost": 0.69, "Plan Rows": 1, "Plan Width": 21, "Actual Startup Time": 7.041, "Actual Total Time": 7.041, "Actual Rows": 767, "Actual Loops": 798, "Index Cond": "(id = mc.movie_id)", "Rows Removed by Index Recheck": 0, "Filter": "(production_year > 1990)", "Rows Removed by Filter": 31}]}, {"Node Type": "Index Scan", "Parent Relationship": "Inner", "Scan Direction": "Forward", "Index Name": "movie_id_movie_info", "Relation Name": "movie_info", "Alias": "mi", "Startup Cost": 0.0, "Total Cost": 0.88, "Plan Rows": 1, "Plan Width": 8, "Actual Startup Time": 21.814, "Actual Total Time": 24.782, "Actual Rows": 669, "Actual Loops": 767, "Index Cond": "(movie_id = t.id)", "Rows Removed by Index Recheck": 0, "Filter": "((info)::text = ANY ('{Sweden,Norway,Germany,Denmark,Swedish,Denish,Norwegian,German,USA,American}'::text[]))", "Rows Removed by Filter": 7721}]}, {"Node Type": "Hash", "Parent Relationship": "Inner", "Startup Cost": 9.93, "Total Cost": 9.93, "Plan Rows": 112, "Plan Width": 4, "Actual Startup Time": 0.074, "Actual Total Time": 0.074, "Actual Rows": 112, "Actual Loops": 1, "Hash Buckets": 32768, "Hash Batches": 1, "Original Hash Batches": 1, "Peak Memory Usage": 4, "Plans": [{"Node Type": "Index Only Scan", "Parent Relationship": "Outer", "Scan Direction": "Forward", "Index Name": "info_type_pkey", "Relation Name": "info_type", "Alias": "it", "Startup Cost": 0.0, "Total Cost": 9.93, "Plan Rows": 112, "Plan Width": 4, "Actual Startup Time": 0.014, "Actual Total Time": 0.03, "Actual Rows": 112, "Actual Loops": 1, "Heap Fetches": 0}]}]}]}, "Triggers": [], "Planner Runtime": 12.079, "Total Runtime": 784.223, "Unique SQL Id": 322094867}}, "(64, 66)": {"explain_plan": {"Plan": {"Node Type": "Aggregate", "Strategy": "Plain", "Startup Cost": 282595.42, "Total Cost": 282595.43, "Plan Rows": 1, "Plan Width": 49, "Plans": [{"Node Type": "Hash Join", "Parent Relationship": "Outer", "Join Type": "Inner", "Startup Cost": 187293.84, "Total Cost": 281767.79, "Plan Rows": 331050, "Plan Width": 17, "Inner Unique": true, "Hash Cond": "(mi.info_type_id = it.id), (LLVM Optimized)", "Plans": [{"Node Type": "Hash Join", "Parent Relationship": "Outer", "Join Type": "Inner", "Startup Cost": 187290.32, "Total Cost": 277212.34, "Plan Rows": 331050, "Plan Width": 21, "Inner Unique": false, "Hash Cond": "(mi.movie_id = t.id), (LLVM Optimized)", "Plans": [{"Node Type": "Streaming(type: LOCAL GATHER dop: 1/64)", "Parent Relationship": "Outer", "Startup Cost": 0.0, "Total Cost": 85529.75, "Plan Rows": 726375, "Plan Width": 8, "Plans": [{"Node Type": "Seq Scan", "Parent Relationship": "Outer", "Relation Name": "movie_info", "Alias": "mi", "Startup Cost": 0.0, "Total Cost": 70544.72, "Plan Rows": 726375, "Plan Width": 8, "Filter": "((info)::text = ANY ('{Sweden,Norway,Germany,Denmark,Swedish,Denish,Norwegian,German,USA,American}'::text[]))"}]}, {"Node Type": "Hash", "Parent Relationship": "Inner", "Startup Cost": 183666.12, "Total Cost": 183666.12, "Plan Rows": 289936, "Plan Width": 25, "Plans": [{"Node Type": "Hash Join", "Parent Relationship": "Outer", "Join Type": "Inner", "Startup Cost": 121977.26, "Total Cost": 183666.12, "Plan Rows": 289936, "Plan Width": 25, "Inner Unique": true, "Hash Cond": "(mc.movie_id = t.id), (LLVM Optimized)", "Plans": [{"Node Type": "Hash Join", "Parent Relationship": "Outer", "Join Type": "Inner", "Startup Cost": 1.05, "Total Cost": 58005.76, "Plan Rows": 209278, "Plan Width": 4, "Inner Unique": true, "Hash Cond": "(mc.company_type_id = ct.id), (LLVM Optimized)", "Plans": [{"Node Type": "Seq Scan", "Parent Relationship": "Outer", "Relation Name": "movie_companies", "Alias": "mc", "Startup Cost": 0.0, "Total Cost": 54862.92, "Plan Rows": 418557, "Plan Width": 8, "Filter": "(((note)::text !~~ '%(TV)%'::text) AND ((note)::text ~~ '%(USA)%'::text)), (LLVM Optimized)"}, {"Node Type": "Hash", "Parent Relationship": "Inner", "Startup Cost": 1.04, "Total Cost": 1.04, "Plan Rows": 1, "Plan Width": 4, "Plans": [{"Node Type": "Seq Scan", "Parent Relationship": "Outer", "Relation Name": "company_type", "Alias": "ct", "Startup Cost": 0.0, "Total Cost": 1.04, "Plan Rows": 1, "Plan Width": 4, "Filter": "((kind)::text = 'production companies'::text)"}]}]}, {"Node Type": "Hash", "Parent Relationship": "Inner", "Startup Cost": 100115.71, "Total Cost": 100115.71, "Plan Rows": 1748840, "Plan Width": 21, "Plans": [{"Node Type": "Streaming(type: LOCAL GATHER dop: 1/64)", "Parent Relationship": "Outer", "Startup Cost": 0.0, "Total Cost": 100115.71, "Plan Rows": 1748840, "Plan Width": 21, "Plans": [{"Node Type": "Seq Scan", "Parent Relationship": "Outer", "Relation Name": "title", "Alias": "t", "Startup Cost": 0.0, "Total Cost": 64037.34, "Plan Rows": 1748840, "Plan Width": 21, "Filter": "(production_year > 1990), (LLVM Optimized)"}]}]}]}]}]}, {"Node Type": "Hash", "Parent Relationship": "Inner", "Startup Cost": 2.12, "Total Cost": 2.12, "Plan Rows": 112, "Plan Width": 4, "Plans": [{"Node Type": "Seq Scan", "Parent Relationship": "Outer", "Relation Name": "info_type", "Alias": "it", "Startup Cost": 0.0, "Total Cost": 2.12, "Plan Rows": 112, "Plan Width": 4}]}]}]}, "Unique SQL Id": 322094867}, "explain_analyze_plan": {"Plan": {"Node Type": "Aggregate", "Strategy": "Plain", "Startup Cost": 282595.42, "Total Cost": 282595.43, "Plan Rows": 1, "Plan Width": 49, "Actual Min Startup Time": 2863.059, "Actual Max Startup Time": 2863.059, "Actual Min Total Time": 2863.059, "Actual Max Total Time": 2863.059, "Actual Total Rows": 1, "Plans": [{"Node Type": "Hash Join", "Parent Relationship": "Outer", "Join Type": "Inner", "Startup Cost": 187293.84, "Total Cost": 281767.79, "Plan Rows": 331050, "Plan Width": 17, "Actual Min Startup Time": 2501.901, "Actual Max Startup Time": 2501.901, "Actual Min Total Time": 2862.568, "Actual Max Total Time": 2862.568, "Actual Total Rows": 669, "Inner Unique": true, "Hash Cond": "(mi.info_type_id = it.id), (LLVM Optimized, Jit Execute)", "Plans": [{"Node Type": "Hash Join", "Parent Relationship": "Outer", "Join Type": "Inner", "Startup Cost": 187290.32, "Total Cost": 277212.34, "Plan Rows": 331050, "Plan Width": 21, "Actual Min Startup Time": 2501.69, "Actual Max Startup Time": 2501.69, "Actual Min Total Time": 2861.865, "Actual Max Total Time": 2861.865, "Actual Total Rows": 669, "Inner Unique": false, "Hash Cond": "(mi.movie_id = t.id), (LLVM Optimized, Jit Execute)", "Plans": [{"Node Type": "Streaming(type: LOCAL GATHER dop: 1/64)", "Parent Relationship": "Outer", "Startup Cost": 0.0, "Total Cost": 85529.75, "Plan Rows": 726375, "Plan Width": 8, "Actual Min Startup Time": 0.158, "Actual Max Startup Time": 0.158, "Actual Min Total Time": 218.045, "Actual Max Total Time": 218.045, "Actual Total Rows": 706674, "Plans": [{"Node Type": "Seq Scan", "Parent Relationship": "Outer", "Relation Name": "movie_info", "Alias": "mi", "Startup Cost": 0.0, "Total Cost": 70544.72, "Plan Rows": 726375, "Plan Width": 8, "Actual Min Startup Time": 0.04, "Actual Max Startup Time": 3.309, "Actual Min Total Time": 121.222, "Actual Max Total Time": 141.902, "Actual Total Rows": 706674, "Filter": "((info)::text = ANY ('{Sweden,Norway,Germany,Denmark,Swedish,Denish,Norwegian,German,USA,American}'::text[]))", "Rows Removed by Filter": 14129045}]}, {"Node Type": "Hash", "Parent Relationship": "Inner", "Startup Cost": 183666.12, "Total Cost": 183666.12, "Plan Rows": 289936, "Plan Width": 25, "Actual Min Startup Time": 2495.521, "Actual Max Startup Time": 2495.521, "Actual Min Total Time": 2495.521, "Actual Max Total Time": 2495.521, "Actual Total Rows": 767, "Max Hash Buckets": 524288, "Min Hash Buckets": 524288, "Max Hash Batches": 1, "Min Hash Batches": 1, "Max Original Hash Batches": 1, "Min Original Hash Batches": 1, "Max Peak Memory Usage": 45, "min Peak Memory Usage": 45, "Plans": [{"Node Type": "Hash Join", "Parent Relationship": "Outer", "Join Type": "Inner", "Startup Cost": 121977.26, "Total Cost": 183666.12, "Plan Rows": 289936, "Plan Width": 25, "Actual Min Startup Time": 2159.015, "Actual Max Startup Time": 2159.015, "Actual Min Total Time": 2495.106, "Actual Max Total Time": 2495.106, "Actual Total Rows": 767, "Inner Unique": true, "Hash Cond": "(mc.movie_id = t.id), (LLVM Optimized, Jit Execute)", "Plans": [{"Node Type": "Hash Join", "Parent Relationship": "Outer", "Join Type": "Inner", "Startup Cost": 1.05, "Total Cost": 58005.76, "Plan Rows": 209278, "Plan Width": 4, "Actual Min Startup Time": 793.946, "Actual Max Startup Time": 793.946, "Actual Min Total Time": 1129.362, "Actual Max Total Time": 1129.362, "Actual Total Rows": 798, "Inner Unique": true, "Hash Cond": "(mc.company_type_id = ct.id), (LLVM Optimized, Jit Execute)", "Plans": [{"Node Type": "Seq Scan", "Parent Relationship": "Outer", "Relation Name": "movie_companies", "Alias": "mc", "Startup Cost": 0.0, "Total Cost": 54862.92, "Plan Rows": 418557, "Plan Width": 8, "Actual Min Startup Time": 0.053, "Actual Max Startup Time": 0.053, "Actual Min Total Time": 1077.451, "Actual Max Total Time": 1077.451, "Actual Total Rows": 295628, "Filter": "(((note)::text !~~ '%(TV)%'::text) AND ((note)::text ~~ '%(USA)%'::text)), (LLVM Optimized, Jit Execute)", "Rows Removed by Filter": 2313500}, {"Node Type": "Hash", "Parent Relationship": "Inner", "Startup Cost": 1.04, "Total Cost": 1.04, "Plan Rows": 1, "Plan Width": 4, "Actual Min Startup Time": 0.032, "Actual Max Startup Time": 0.032, "Actual Min Total Time": 0.032, "Actual Max Total Time": 0.032, "Actual Total Rows": 1, "Max Hash Buckets": 32768, "Min Hash Buckets": 32768, "Max Hash Batches": 1, "Min Hash Batches": 1, "Max Original Hash Batches": 1, "Min Original Hash Batches": 1, "Max Peak Memory Usage": 1, "min Peak Memory Usage": 1, "Plans": [{"Node Type": "Seq Scan", "Parent Relationship": "Outer", "Relation Name": "company_type", "Alias": "ct", "Startup Cost": 0.0, "Total Cost": 1.04, "Plan Rows": 1, "Plan Width": 4, "Actual Min Startup Time": 0.024, "Actual Max Startup Time": 0.024, "Actual Min Total Time": 0.027, "Actual Max Total Time": 0.027, "Actual Total Rows": 1, "Filter": "((kind)::text = 'production companies'::text)", "Rows Removed by Filter": 2}]}]}, {"Node Type": "Hash", "Parent Relationship": "Inner", "Startup Cost": 100115.71, "Total Cost": 100115.71, "Plan Rows": 1748840, "Plan Width": 21, "Actual Min Startup Time": 1363.436, "Actual Max Startup Time": 1363.436, "Actual Min Total Time": 1363.436, "Actual Max Total Time": 1363.436, "Actual Total Rows": 1749032, "Max Hash Buckets": 2097152, "Min Hash Buckets": 2097152, "Max Hash Batches": 1, "Min Hash Batches": 1, "Max Original Hash Batches": 1, "Min Original Hash Batches": 1, "Max Peak Memory Usage": 93635, "min Peak Memory Usage": 93635, "Plans": [{"Node Type": "Streaming(type: LOCAL GATHER dop: 1/64)", "Parent Relationship": "Outer", "Startup Cost": 0.0, "Total Cost": 100115.71, "Plan Rows": 1748840, "Plan Width": 21, "Actual Min Startup Time": 111.075, "Actual Max Startup Time": 111.075, "Actual Min Total Time": 745.821, "Actual Max Total Time": 745.821, "Actual Total Rows": 1749032, "Plans": [{"Node Type": "Seq Scan", "Parent Relationship": "Outer", "Relation Name": "title", "Alias": "t", "Startup Cost": 0.0, "Total Cost": 64037.34, "Plan Rows": 1748840, "Plan Width": 21, "Actual Min Startup Time": 0.025, "Actual Max Startup Time": 0.049, "Actual Min Total Time": 15.077, "Actual Max Total Time": 19.374, "Actual Total Rows": 1749032, "Filter": "(production_year > 1990), (LLVM Optimized, Jit Execute)", "Rows Removed by Filter": 779279}]}]}]}]}]}, {"Node Type": "Hash", "Parent Relationship": "Inner", "Startup Cost": 2.12, "Total Cost": 2.12, "Plan Rows": 112, "Plan Width": 4, "Actual Min Startup Time": 0.133, "Actual Max Startup Time": 0.133, "Actual Min Total Time": 0.133, "Actual Max Total Time": 0.133, "Actual Total Rows": 112, "Max Hash Buckets": 32768, "Min Hash Buckets": 32768, "Max Hash Batches": 1, "Min Hash Batches": 1, "Max Original Hash Batches": 1, "Min Original Hash Batches": 1, "Max Peak Memory Usage": 4, "min Peak Memory Usage": 4, "Plans": [{"Node Type": "Seq Scan", "Parent Relationship": "Outer", "Relation Name": "info_type", "Alias": "it", "Startup Cost": 0.0, "Total Cost": 2.12, "Plan Rows": 112, "Plan Width": 4, "Actual Min Startup Time": 0.056, "Actual Max Startup Time": 0.056, "Actual Min Total Time": 0.079, "Actual Max Total Time": 0.079, "Actual Total Rows": 112}]}]}]}, "Triggers": [], "Planner Runtime": 19.742, "Total Runtime": 2897.891, "Unique SQL Id": 322094867}}, "(64, 67)": {"explain_plan": {"Plan": {"Node Type": "Aggregate", "Strategy": "Plain", "Startup Cost": 1009784.61, "Total Cost": 1009784.62, "Plan Rows": 1, "Plan Width": 49, "Plans": [{"Node Type": "Hash Join", "Parent Relationship": "Outer", "Join Type": "Inner", "Startup Cost": 517150.55, "Total Cost": 1008956.99, "Plan Rows": 331050, "Plan Width": 17, "Inner Unique": true, "Hash Cond": "(mi.info_type_id = it.id), (LLVM Optimized)", "Plans": [{"Node Type": "Hash Join", "Parent Relationship": "Outer", "Join Type": "Inner", "Startup Cost": 517135.19, "Total Cost": 1004389.69, "Plan Rows": 331050, "Plan Width": 21, "Inner Unique": false, "Hash Cond": "(mi.movie_id = t.id), (LLVM Optimized)", "Plans": [{"Node Type": "Bitmap Heap Scan", "Parent Relationship": "Outer", "Relation Name": "movie_info", "Alias": "mi", "Startup Cost": 301827.67, "Total Cost": 784689.91, "Plan Rows": 726375, "Plan Width": 8, "Filter": "((info)::text = ANY ('{Sweden,Norway,Germany,Denmark,Swedish,Denish,Norwegian,German,USA,American}'::text[]))", "Plans": [{"Node Type": "Bitmap Index Scan", "Parent Relationship": "Outer", "Index Name": "movie_id_movie_info", "Startup Cost": 0.0, "Total Cost": 301646.08, "Plan Rows": 14869966, "Plan Width": 0}]}, {"Node Type": "Hash", "Parent Relationship": "Inner", "Startup Cost": 211683.32, "Total Cost": 211683.32, "Plan Rows": 289936, "Plan Width": 25, "Plans": [{"Node Type": "Hash Join", "Parent Relationship": "Outer", "Join Type": "Inner", "Startup Cost": 167346.47, "Total Cost": 211683.32, "Plan Rows": 289936, "Plan Width": 25, "Inner Unique": true, "Hash Cond": "(mc.movie_id = t.id), (LLVM Optimized)", "Plans": [{"Node Type": "Nested Loop", "Parent Relationship": "Outer", "Join Type": "Inner", "Startup Cost": 29005.06, "Total Cost": 69657.76, "Plan Rows": 209278, "Plan Width": 4, "Inner Unique": false, "Plans": [{"Node Type": "Bitmap Heap Scan", "Parent Relationship": "Outer", "Relation Name": "company_type", "Alias": "ct", "Startup Cost": 8.27, "Total Cost": 12.3, "Plan Rows": 1, "Plan Width": 4, "Filter": "((kind)::text = 'production companies'::text)", "Plans": [{"Node Type": "Bitmap Index Scan", "Parent Relationship": "Outer", "Index Name": "company_type_pkey", "Startup Cost": 0.0, "Total Cost": 8.27, "Plan Rows": 3, "Plan Width": 0}]}, {"Node Type": "Bitmap Heap Scan", "Parent Relationship": "Inner", "Relation Name": "movie_companies", "Alias": "mc", "Startup Cost": 28996.8, "Total Cost": 67552.67, "Plan Rows": 209279, "Plan Width": 8, "Recheck Cond": "(company_type_id = ct.id), (LLVM Optimized)", "Filter": "(((note)::text !~~ '%(TV)%'::text) AND ((note)::text ~~ '%(USA)%'::text)), (LLVM Optimized)", "Plans": [{"Node Type": "Bitmap Index Scan", "Parent Relationship": "Outer", "Index Name": "company_type_id_movie_companies", "Startup Cost": 0.0, "Total Cost": 28944.48, "Plan Rows": 1304564, "Plan Width": 0, "Index Cond": "(company_type_id = ct.id)"}]}]}, {"Node Type": "Hash", "Parent Relationship": "Inner", "Startup Cost": 116480.9, "Total Cost": 116480.9, "Plan Rows": 1748840, "Plan Width": 21, "Plans": [{"Node Type": "Bitmap Heap Scan", "Parent Relationship": "Outer", "Relation Name": "title", "Alias": "t", "Startup Cost": 50091.01, "Total Cost": 116480.9, "Plan Rows": 1748840, "Plan Width": 21, "Filter": "(production_year > 1990), (LLVM Optimized)", "Plans": [{"Node Type": "Bitmap Index Scan", "Parent Relationship": "Outer", "Index Name": "title_pkey", "Startup Cost": 0.0, "Total Cost": 49653.81, "Plan Rows": 2528311, "Plan Width": 0}]}]}]}]}]}, {"Node Type": "Hash", "Parent Relationship": "Inner", "Startup Cost": 13.96, "Total Cost": 13.96, "Plan Rows": 112, "Plan Width": 4, "Plans": [{"Node Type": "Bitmap Heap Scan", "Parent Relationship": "Outer", "Relation Name": "info_type", "Alias": "it", "Startup Cost": 8.84, "Total Cost": 13.96, "Plan Rows": 112, "Plan Width": 4, "Plans": [{"Node Type": "Bitmap Index Scan", "Parent Relationship": "Outer", "Index Name": "info_type_pkey", "Startup Cost": 0.0, "Total Cost": 8.81, "Plan Rows": 112, "Plan Width": 0}]}]}]}]}, "Unique SQL Id": 322094867}, "explain_analyze_plan": null}, "(64, 68)": {"explain_plan": {"Plan": {"Node Type": "Aggregate", "Strategy": "Plain", "Startup Cost": 282595.42, "Total Cost": 282595.43, "Plan Rows": 1, "Plan Width": 49, "Plans": [{"Node Type": "Hash Join", "Parent Relationship": "Outer", "Join Type": "Inner", "Startup Cost": 187293.84, "Total Cost": 281767.79, "Plan Rows": 331050, "Plan Width": 17, "Inner Unique": true, "Hash Cond": "(mi.info_type_id = it.id), (LLVM Optimized)", "Plans": [{"Node Type": "Hash Join", "Parent Relationship": "Outer", "Join Type": "Inner", "Startup Cost": 187290.32, "Total Cost": 277212.34, "Plan Rows": 331050, "Plan Width": 21, "Inner Unique": false, "Hash Cond": "(mi.movie_id = t.id), (LLVM Optimized)", "Plans": [{"Node Type": "Streaming(type: LOCAL GATHER dop: 1/64)", "Parent Relationship": "Outer", "Startup Cost": 0.0, "Total Cost": 85529.75, "Plan Rows": 726375, "Plan Width": 8, "Plans": [{"Node Type": "Seq Scan", "Parent Relationship": "Outer", "Relation Name": "movie_info", "Alias": "mi", "Startup Cost": 0.0, "Total Cost": 70544.72, "Plan Rows": 726375, "Plan Width": 8, "Filter": "((info)::text = ANY ('{Sweden,Norway,Germany,Denmark,Swedish,Denish,Norwegian,German,USA,American}'::text[]))"}]}, {"Node Type": "Hash", "Parent Relationship": "Inner", "Startup Cost": 183666.12, "Total Cost": 183666.12, "Plan Rows": 289936, "Plan Width": 25, "Plans": [{"Node Type": "Hash Join", "Parent Relationship": "Outer", "Join Type": "Inner", "Startup Cost": 121977.26, "Total Cost": 183666.12, "Plan Rows": 289936, "Plan Width": 25, "Inner Unique": true, "Hash Cond": "(mc.movie_id = t.id), (LLVM Optimized)", "Plans": [{"Node Type": "Hash Join", "Parent Relationship": "Outer", "Join Type": "Inner", "Startup Cost": 1.05, "Total Cost": 58005.76, "Plan Rows": 209278, "Plan Width": 4, "Inner Unique": true, "Hash Cond": "(mc.company_type_id = ct.id), (LLVM Optimized)", "Plans": [{"Node Type": "Seq Scan", "Parent Relationship": "Outer", "Relation Name": "movie_companies", "Alias": "mc", "Startup Cost": 0.0, "Total Cost": 54862.92, "Plan Rows": 418557, "Plan Width": 8, "Filter": "(((note)::text !~~ '%(TV)%'::text) AND ((note)::text ~~ '%(USA)%'::text)), (LLVM Optimized)"}, {"Node Type": "Hash", "Parent Relationship": "Inner", "Startup Cost": 1.04, "Total Cost": 1.04, "Plan Rows": 1, "Plan Width": 4, "Plans": [{"Node Type": "Seq Scan", "Parent Relationship": "Outer", "Relation Name": "company_type", "Alias": "ct", "Startup Cost": 0.0, "Total Cost": 1.04, "Plan Rows": 1, "Plan Width": 4, "Filter": "((kind)::text = 'production companies'::text)"}]}]}, {"Node Type": "Hash", "Parent Relationship": "Inner", "Startup Cost": 100115.71, "Total Cost": 100115.71, "Plan Rows": 1748840, "Plan Width": 21, "Plans": [{"Node Type": "Streaming(type: LOCAL GATHER dop: 1/64)", "Parent Relationship": "Outer", "Startup Cost": 0.0, "Total Cost": 100115.71, "Plan Rows": 1748840, "Plan Width": 21, "Plans": [{"Node Type": "Seq Scan", "Parent Relationship": "Outer", "Relation Name": "title", "Alias": "t", "Startup Cost": 0.0, "Total Cost": 64037.34, "Plan Rows": 1748840, "Plan Width": 21, "Filter": "(production_year > 1990), (LLVM Optimized)"}]}]}]}]}]}, {"Node Type": "Hash", "Parent Relationship": "Inner", "Startup Cost": 2.12, "Total Cost": 2.12, "Plan Rows": 112, "Plan Width": 4, "Plans": [{"Node Type": "Seq Scan", "Parent Relationship": "Outer", "Relation Name": "info_type", "Alias": "it", "Startup Cost": 0.0, "Total Cost": 2.12, "Plan Rows": 112, "Plan Width": 4}]}]}]}, "Unique SQL Id": 322094867}, "explain_analyze_plan": {"Plan": {"Node Type": "Aggregate", "Strategy": "Plain", "Startup Cost": 282595.42, "Total Cost": 282595.43, "Plan Rows": 1, "Plan Width": 49, "Actual Min Startup Time": 2863.059, "Actual Max Startup Time": 2863.059, "Actual Min Total Time": 2863.059, "Actual Max Total Time": 2863.059, "Actual Total Rows": 1, "Plans": [{"Node Type": "Hash Join", "Parent Relationship": "Outer", "Join Type": "Inner", "Startup Cost": 187293.84, "Total Cost": 281767.79, "Plan Rows": 331050, "Plan Width": 17, "Actual Min Startup Time": 2501.901, "Actual Max Startup Time": 2501.901, "Actual Min Total Time": 2862.568, "Actual Max Total Time": 2862.568, "Actual Total Rows": 669, "Inner Unique": true, "Hash Cond": "(mi.info_type_id = it.id), (LLVM Optimized, Jit Execute)", "Plans": [{"Node Type": "Hash Join", "Parent Relationship": "Outer", "Join Type": "Inner", "Startup Cost": 187290.32, "Total Cost": 277212.34, "Plan Rows": 331050, "Plan Width": 21, "Actual Min Startup Time": 2501.69, "Actual Max Startup Time": 2501.69, "Actual Min Total Time": 2861.865, "Actual Max Total Time": 2861.865, "Actual Total Rows": 669, "Inner Unique": false, "Hash Cond": "(mi.movie_id = t.id), (LLVM Optimized, Jit Execute)", "Plans": [{"Node Type": "Streaming(type: LOCAL GATHER dop: 1/64)", "Parent Relationship": "Outer", "Startup Cost": 0.0, "Total Cost": 85529.75, "Plan Rows": 726375, "Plan Width": 8, "Actual Min Startup Time": 0.158, "Actual Max Startup Time": 0.158, "Actual Min Total Time": 218.045, "Actual Max Total Time": 218.045, "Actual Total Rows": 706674, "Plans": [{"Node Type": "Seq Scan", "Parent Relationship": "Outer", "Relation Name": "movie_info", "Alias": "mi", "Startup Cost": 0.0, "Total Cost": 70544.72, "Plan Rows": 726375, "Plan Width": 8, "Actual Min Startup Time": 0.04, "Actual Max Startup Time": 3.309, "Actual Min Total Time": 121.222, "Actual Max Total Time": 141.902, "Actual Total Rows": 706674, "Filter": "((info)::text = ANY ('{Sweden,Norway,Germany,Denmark,Swedish,Denish,Norwegian,German,USA,American}'::text[]))", "Rows Removed by Filter": 14129045}]}, {"Node Type": "Hash", "Parent Relationship": "Inner", "Startup Cost": 183666.12, "Total Cost": 183666.12, "Plan Rows": 289936, "Plan Width": 25, "Actual Min Startup Time": 2495.521, "Actual Max Startup Time": 2495.521, "Actual Min Total Time": 2495.521, "Actual Max Total Time": 2495.521, "Actual Total Rows": 767, "Max Hash Buckets": 524288, "Min Hash Buckets": 524288, "Max Hash Batches": 1, "Min Hash Batches": 1, "Max Original Hash Batches": 1, "Min Original Hash Batches": 1, "Max Peak Memory Usage": 45, "min Peak Memory Usage": 45, "Plans": [{"Node Type": "Hash Join", "Parent Relationship": "Outer", "Join Type": "Inner", "Startup Cost": 121977.26, "Total Cost": 183666.12, "Plan Rows": 289936, "Plan Width": 25, "Actual Min Startup Time": 2159.015, "Actual Max Startup Time": 2159.015, "Actual Min Total Time": 2495.106, "Actual Max Total Time": 2495.106, "Actual Total Rows": 767, "Inner Unique": true, "Hash Cond": "(mc.movie_id = t.id), (LLVM Optimized, Jit Execute)", "Plans": [{"Node Type": "Hash Join", "Parent Relationship": "Outer", "Join Type": "Inner", "Startup Cost": 1.05, "Total Cost": 58005.76, "Plan Rows": 209278, "Plan Width": 4, "Actual Min Startup Time": 793.946, "Actual Max Startup Time": 793.946, "Actual Min Total Time": 1129.362, "Actual Max Total Time": 1129.362, "Actual Total Rows": 798, "Inner Unique": true, "Hash Cond": "(mc.company_type_id = ct.id), (LLVM Optimized, Jit Execute)", "Plans": [{"Node Type": "Seq Scan", "Parent Relationship": "Outer", "Relation Name": "movie_companies", "Alias": "mc", "Startup Cost": 0.0, "Total Cost": 54862.92, "Plan Rows": 418557, "Plan Width": 8, "Actual Min Startup Time": 0.053, "Actual Max Startup Time": 0.053, "Actual Min Total Time": 1077.451, "Actual Max Total Time": 1077.451, "Actual Total Rows": 295628, "Filter": "(((note)::text !~~ '%(TV)%'::text) AND ((note)::text ~~ '%(USA)%'::text)), (LLVM Optimized, Jit Execute)", "Rows Removed by Filter": 2313500}, {"Node Type": "Hash", "Parent Relationship": "Inner", "Startup Cost": 1.04, "Total Cost": 1.04, "Plan Rows": 1, "Plan Width": 4, "Actual Min Startup Time": 0.032, "Actual Max Startup Time": 0.032, "Actual Min Total Time": 0.032, "Actual Max Total Time": 0.032, "Actual Total Rows": 1, "Max Hash Buckets": 32768, "Min Hash Buckets": 32768, "Max Hash Batches": 1, "Min Hash Batches": 1, "Max Original Hash Batches": 1, "Min Original Hash Batches": 1, "Max Peak Memory Usage": 1, "min Peak Memory Usage": 1, "Plans": [{"Node Type": "Seq Scan", "Parent Relationship": "Outer", "Relation Name": "company_type", "Alias": "ct", "Startup Cost": 0.0, "Total Cost": 1.04, "Plan Rows": 1, "Plan Width": 4, "Actual Min Startup Time": 0.024, "Actual Max Startup Time": 0.024, "Actual Min Total Time": 0.027, "Actual Max Total Time": 0.027, "Actual Total Rows": 1, "Filter": "((kind)::text = 'production companies'::text)", "Rows Removed by Filter": 2}]}]}, {"Node Type": "Hash", "Parent Relationship": "Inner", "Startup Cost": 100115.71, "Total Cost": 100115.71, "Plan Rows": 1748840, "Plan Width": 21, "Actual Min Startup Time": 1363.436, "Actual Max Startup Time": 1363.436, "Actual Min Total Time": 1363.436, "Actual Max Total Time": 1363.436, "Actual Total Rows": 1749032, "Max Hash Buckets": 2097152, "Min Hash Buckets": 2097152, "Max Hash Batches": 1, "Min Hash Batches": 1, "Max Original Hash Batches": 1, "Min Original Hash Batches": 1, "Max Peak Memory Usage": 93635, "min Peak Memory Usage": 93635, "Plans": [{"Node Type": "Streaming(type: LOCAL GATHER dop: 1/64)", "Parent Relationship": "Outer", "Startup Cost": 0.0, "Total Cost": 100115.71, "Plan Rows": 1748840, "Plan Width": 21, "Actual Min Startup Time": 111.075, "Actual Max Startup Time": 111.075, "Actual Min Total Time": 745.821, "Actual Max Total Time": 745.821, "Actual Total Rows": 1749032, "Plans": [{"Node Type": "Seq Scan", "Parent Relationship": "Outer", "Relation Name": "title", "Alias": "t", "Startup Cost": 0.0, "Total Cost": 64037.34, "Plan Rows": 1748840, "Plan Width": 21, "Actual Min Startup Time": 0.025, "Actual Max Startup Time": 0.049, "Actual Min Total Time": 15.077, "Actual Max Total Time": 19.374, "Actual Total Rows": 1749032, "Filter": "(production_year > 1990), (LLVM Optimized, Jit Execute)", "Rows Removed by Filter": 779279}]}]}]}]}]}, {"Node Type": "Hash", "Parent Relationship": "Inner", "Startup Cost": 2.12, "Total Cost": 2.12, "Plan Rows": 112, "Plan Width": 4, "Actual Min Startup Time": 0.133, "Actual Max Startup Time": 0.133, "Actual Min Total Time": 0.133, "Actual Max Total Time": 0.133, "Actual Total Rows": 112, "Max Hash Buckets": 32768, "Min Hash Buckets": 32768, "Max Hash Batches": 1, "Min Hash Batches": 1, "Max Original Hash Batches": 1, "Min Original Hash Batches": 1, "Max Peak Memory Usage": 4, "min Peak Memory Usage": 4, "Plans": [{"Node Type": "Seq Scan", "Parent Relationship": "Outer", "Relation Name": "info_type", "Alias": "it", "Startup Cost": 0.0, "Total Cost": 2.12, "Plan Rows": 112, "Plan Width": 4, "Actual Min Startup Time": 0.056, "Actual Max Startup Time": 0.056, "Actual Min Total Time": 0.079, "Actual Max Total Time": 0.079, "Actual Total Rows": 112}]}]}]}, "Triggers": [], "Planner Runtime": 19.742, "Total Runtime": 2897.891, "Unique SQL Id": 322094867}}, "(64, 69)": {"explain_plan": {"Plan": {"Node Type": "Aggregate", "Strategy": "Plain", "Startup Cost": 472675.15, "Total Cost": 472675.16, "Plan Rows": 1, "Plan Width": 49, "Plans": [{"Node Type": "Hash Join", "Parent Relationship": "Outer", "Join Type": "Inner", "Startup Cost": 15.33, "Total Cost": 471847.53, "Plan Rows": 331050, "Plan Width": 17, "Inner Unique": true, "Hash Cond": "(mi.info_type_id = it.id), (LLVM Optimized)", "Plans": [{"Node Type": "Nested Loop", "Parent Relationship": "Outer", "Join Type": "Inner", "Startup Cost": 0.0, "Total Cost": 467462.34, "Plan Rows": 331050, "Plan Width": 21, "Inner Unique": false, "Plans": [{"Node Type": "Nested Loop", "Parent Relationship": "Outer", "Join Type": "Inner", "Startup Cost": 0.0, "Total Cost": 208944.27, "Plan Rows": 289936, "Plan Width": 25, "Inner Unique": true, "Plans": [{"Node Type": "Nested Loop", "Parent Relationship": "Outer", "Join Type": "Inner", "Startup Cost": 0.0, "Total Cost": 61745.44, "Plan Rows": 209278, "Plan Width": 4, "Inner Unique": false, "Plans": [{"Node Type": "Index Scan", "Parent Relationship": "Outer", "Scan Direction": "Forward", "Index Name": "company_type_pkey", "Relation Name": "company_type", "Alias": "ct", "Startup Cost": 0.0, "Total Cost": 12.3, "Plan Rows": 1, "Plan Width": 4, "Filter": "((kind)::text = 'production companies'::text)"}, {"Node Type": "Index Scan", "Parent Relationship": "Inner", "Scan Direction": "Forward", "Index Name": "company_type_id_movie_companies", "Relation Name": "movie_companies", "Alias": "mc", "Startup Cost": 0.0, "Total Cost": 59640.35, "Plan Rows": 209279, "Plan Width": 8, "Index Cond": "(company_type_id = ct.id), (LLVM Optimized)", "Filter": "(((note)::text !~~ '%(TV)%'::text) AND ((note)::text ~~ '%(USA)%'::text)), (LLVM Optimized)"}]}, {"Node Type": "Index Scan", "Parent Relationship": "Inner", "Scan Direction": "Forward", "Index Name": "title_pkey", "Relation Name": "title", "Alias": "t", "Startup Cost": 0.0, "Total Cost": 0.69, "Plan Rows": 1, "Plan Width": 21, "Index Cond": "(id = mc.movie_id)", "Filter": "(production_year > 1990)"}]}, {"Node Type": "Index Scan", "Parent Relationship": "Inner", "Scan Direction": "Forward", "Index Name": "movie_id_movie_info", "Relation Name": "movie_info", "Alias": "mi", "Startup Cost": 0.0, "Total Cost": 0.88, "Plan Rows": 1, "Plan Width": 8, "Index Cond": "(movie_id = t.id)", "Filter": "((info)::text = ANY ('{Sweden,Norway,Germany,Denmark,Swedish,Denish,Norwegian,German,USA,American}'::text[]))"}]}, {"Node Type": "Hash", "Parent Relationship": "Inner", "Startup Cost": 13.93, "Total Cost": 13.93, "Plan Rows": 112, "Plan Width": 4, "Plans": [{"Node Type": "Index Scan", "Parent Relationship": "Outer", "Scan Direction": "Forward", "Index Name": "info_type_pkey", "Relation Name": "info_type", "Alias": "it", "Startup Cost": 0.0, "Total Cost": 13.93, "Plan Rows": 112, "Plan Width": 4}]}]}]}, "Unique SQL Id": 322094867}, "explain_analyze_plan": {"Plan": {"Node Type": "Aggregate", "Strategy": "Plain", "Startup Cost": 472675.15, "Total Cost": 472675.16, "Plan Rows": 1, "Plan Width": 49, "Actual Startup Time": 699.169, "Actual Total Time": 699.17, "Actual Rows": 1, "Actual Loops": 1, "Plans": [{"Node Type": "Hash Join", "Parent Relationship": "Outer", "Join Type": "Inner", "Startup Cost": 15.33, "Total Cost": 471847.53, "Plan Rows": 331050, "Plan Width": 17, "Actual Startup Time": 8.757, "Actual Total Time": 698.585, "Actual Rows": 669, "Actual Loops": 1, "Inner Unique": true, "Hash Cond": "(mi.info_type_id = it.id), (LLVM Optimized)", "Plans": [{"Node Type": "Nested Loop", "Parent Relationship": "Outer", "Join Type": "Inner", "Startup Cost": 0.0, "Total Cost": 467462.34, "Plan Rows": 331050, "Plan Width": 21, "Actual Startup Time": 8.603, "Actual Total Time": 697.879, "Actual Rows": 669, "Actual Loops": 1, "Inner Unique": false, "Plans": [{"Node Type": "Nested Loop", "Parent Relationship": "Outer", "Join Type": "Inner", "Startup Cost": 0.0, "Total Cost": 208944.27, "Plan Rows": 289936, "Plan Width": 25, "Actual Startup Time": 8.584, "Actual Total Time": 674.172, "Actual Rows": 767, "Actual Loops": 1, "Inner Unique": true, "Plans": [{"Node Type": "Nested Loop", "Parent Relationship": "Outer", "Join Type": "Inner", "Startup Cost": 0.0, "Total Cost": 61745.44, "Plan Rows": 209278, "Plan Width": 4, "Actual Startup Time": 8.559, "Actual Total Time": 667.687, "Actual Rows": 798, "Actual Loops": 1, "Inner Unique": false, "Plans": [{"Node Type": "Index Scan", "Parent Relationship": "Outer", "Scan Direction": "Forward", "Index Name": "company_type_pkey", "Relation Name": "company_type", "Alias": "ct", "Startup Cost": 0.0, "Total Cost": 12.3, "Plan Rows": 1, "Plan Width": 4, "Actual Startup Time": 0.025, "Actual Total Time": 0.058, "Actual Rows": 1, "Actual Loops": 1, "Filter": "((kind)::text = 'production companies'::text)", "Rows Removed by Filter": 2}, {"Node Type": "Index Scan", "Parent Relationship": "Inner", "Scan Direction": "Forward", "Index Name": "company_type_id_movie_companies", "Relation Name": "movie_companies", "Alias": "mc", "Startup Cost": 0.0, "Total Cost": 59640.35, "Plan Rows": 209279, "Plan Width": 8, "Actual Startup Time": 8.528, "Actual Total Time": 667.302, "Actual Rows": 798, "Actual Loops": 1, "Index Cond": "(company_type_id = ct.id), (LLVM Optimized)", "Rows Removed by Index Recheck": 0, "Filter": "(((note)::text !~~ '%(TV)%'::text) AND ((note)::text ~~ '%(USA)%'::text)), (LLVM Optimized)", "Rows Removed by Filter": 1334085}]}, {"Node Type": "Index Scan", "Parent Relationship": "Inner", "Scan Direction": "Forward", "Index Name": "title_pkey", "Relation Name": "title", "Alias": "t", "Startup Cost": 0.0, "Total Cost": 0.69, "Plan Rows": 1, "Plan Width": 21, "Actual Startup Time": 5.513, "Actual Total Time": 5.513, "Actual Rows": 767, "Actual Loops": 798, "Index Cond": "(id = mc.movie_id)", "Rows Removed by Index Recheck": 0, "Filter": "(production_year > 1990)", "Rows Removed by Filter": 31}]}, {"Node Type": "Index Scan", "Parent Relationship": "Inner", "Scan Direction": "Forward", "Index Name": "movie_id_movie_info", "Relation Name": "movie_info", "Alias": "mi", "Startup Cost": 0.0, "Total Cost": 0.88, "Plan Rows": 1, "Plan Width": 8, "Actual Startup Time": 20.03, "Actual Total Time": 22.922, "Actual Rows": 669, "Actual Loops": 767, "Index Cond": "(movie_id = t.id)", "Rows Removed by Index Recheck": 0, "Filter": "((info)::text = ANY ('{Sweden,Norway,Germany,Denmark,Swedish,Denish,Norwegian,German,USA,American}'::text[]))", "Rows Removed by Filter": 7721}]}, {"Node Type": "Hash", "Parent Relationship": "Inner", "Startup Cost": 13.93, "Total Cost": 13.93, "Plan Rows": 112, "Plan Width": 4, "Actual Startup Time": 0.1, "Actual Total Time": 0.1, "Actual Rows": 112, "Actual Loops": 1, "Hash Buckets": 32768, "Hash Batches": 1, "Original Hash Batches": 1, "Peak Memory Usage": 4, "Plans": [{"Node Type": "Index Scan", "Parent Relationship": "Outer", "Scan Direction": "Forward", "Index Name": "info_type_pkey", "Relation Name": "info_type", "Alias": "it", "Startup Cost": 0.0, "Total Cost": 13.93, "Plan Rows": 112, "Plan Width": 4, "Actual Startup Time": 0.014, "Actual Total Time": 0.06, "Actual Rows": 112, "Actual Loops": 1}]}]}]}, "Triggers": [], "Planner Runtime": 12.107, "Total Runtime": 709.295, "Unique SQL Id": 322094867}}, "(64, 70)": {"explain_plan": {"Plan": {"Node Type": "Aggregate", "Strategy": "Plain", "Startup Cost": 282595.42, "Total Cost": 282595.43, "Plan Rows": 1, "Plan Width": 49, "Plans": [{"Node Type": "Hash Join", "Parent Relationship": "Outer", "Join Type": "Inner", "Startup Cost": 187293.84, "Total Cost": 281767.79, "Plan Rows": 331050, "Plan Width": 17, "Inner Unique": true, "Hash Cond": "(mi.info_type_id = it.id), (LLVM Optimized)", "Plans": [{"Node Type": "Hash Join", "Parent Relationship": "Outer", "Join Type": "Inner", "Startup Cost": 187290.32, "Total Cost": 277212.34, "Plan Rows": 331050, "Plan Width": 21, "Inner Unique": false, "Hash Cond": "(mi.movie_id = t.id), (LLVM Optimized)", "Plans": [{"Node Type": "Streaming(type: LOCAL GATHER dop: 1/64)", "Parent Relationship": "Outer", "Startup Cost": 0.0, "Total Cost": 85529.75, "Plan Rows": 726375, "Plan Width": 8, "Plans": [{"Node Type": "Seq Scan", "Parent Relationship": "Outer", "Relation Name": "movie_info", "Alias": "mi", "Startup Cost": 0.0, "Total Cost": 70544.72, "Plan Rows": 726375, "Plan Width": 8, "Filter": "((info)::text = ANY ('{Sweden,Norway,Germany,Denmark,Swedish,Denish,Norwegian,German,USA,American}'::text[]))"}]}, {"Node Type": "Hash", "Parent Relationship": "Inner", "Startup Cost": 183666.12, "Total Cost": 183666.12, "Plan Rows": 289936, "Plan Width": 25, "Plans": [{"Node Type": "Hash Join", "Parent Relationship": "Outer", "Join Type": "Inner", "Startup Cost": 121977.26, "Total Cost": 183666.12, "Plan Rows": 289936, "Plan Width": 25, "Inner Unique": true, "Hash Cond": "(mc.movie_id = t.id), (LLVM Optimized)", "Plans": [{"Node Type": "Hash Join", "Parent Relationship": "Outer", "Join Type": "Inner", "Startup Cost": 1.05, "Total Cost": 58005.76, "Plan Rows": 209278, "Plan Width": 4, "Inner Unique": true, "Hash Cond": "(mc.company_type_id = ct.id), (LLVM Optimized)", "Plans": [{"Node Type": "Seq Scan", "Parent Relationship": "Outer", "Relation Name": "movie_companies", "Alias": "mc", "Startup Cost": 0.0, "Total Cost": 54862.92, "Plan Rows": 418557, "Plan Width": 8, "Filter": "(((note)::text !~~ '%(TV)%'::text) AND ((note)::text ~~ '%(USA)%'::text)), (LLVM Optimized)"}, {"Node Type": "Hash", "Parent Relationship": "Inner", "Startup Cost": 1.04, "Total Cost": 1.04, "Plan Rows": 1, "Plan Width": 4, "Plans": [{"Node Type": "Seq Scan", "Parent Relationship": "Outer", "Relation Name": "company_type", "Alias": "ct", "Startup Cost": 0.0, "Total Cost": 1.04, "Plan Rows": 1, "Plan Width": 4, "Filter": "((kind)::text = 'production companies'::text)"}]}]}, {"Node Type": "Hash", "Parent Relationship": "Inner", "Startup Cost": 100115.71, "Total Cost": 100115.71, "Plan Rows": 1748840, "Plan Width": 21, "Plans": [{"Node Type": "Streaming(type: LOCAL GATHER dop: 1/64)", "Parent Relationship": "Outer", "Startup Cost": 0.0, "Total Cost": 100115.71, "Plan Rows": 1748840, "Plan Width": 21, "Plans": [{"Node Type": "Seq Scan", "Parent Relationship": "Outer", "Relation Name": "title", "Alias": "t", "Startup Cost": 0.0, "Total Cost": 64037.34, "Plan Rows": 1748840, "Plan Width": 21, "Filter": "(production_year > 1990), (LLVM Optimized)"}]}]}]}]}]}, {"Node Type": "Hash", "Parent Relationship": "Inner", "Startup Cost": 2.12, "Total Cost": 2.12, "Plan Rows": 112, "Plan Width": 4, "Plans": [{"Node Type": "Seq Scan", "Parent Relationship": "Outer", "Relation Name": "info_type", "Alias": "it", "Startup Cost": 0.0, "Total Cost": 2.12, "Plan Rows": 112, "Plan Width": 4}]}]}]}, "Unique SQL Id": 322094867}, "explain_analyze_plan": {"Plan": {"Node Type": "Aggregate", "Strategy": "Plain", "Startup Cost": 282595.42, "Total Cost": 282595.43, "Plan Rows": 1, "Plan Width": 49, "Actual Min Startup Time": 2863.059, "Actual Max Startup Time": 2863.059, "Actual Min Total Time": 2863.059, "Actual Max Total Time": 2863.059, "Actual Total Rows": 1, "Plans": [{"Node Type": "Hash Join", "Parent Relationship": "Outer", "Join Type": "Inner", "Startup Cost": 187293.84, "Total Cost": 281767.79, "Plan Rows": 331050, "Plan Width": 17, "Actual Min Startup Time": 2501.901, "Actual Max Startup Time": 2501.901, "Actual Min Total Time": 2862.568, "Actual Max Total Time": 2862.568, "Actual Total Rows": 669, "Inner Unique": true, "Hash Cond": "(mi.info_type_id = it.id), (LLVM Optimized, Jit Execute)", "Plans": [{"Node Type": "Hash Join", "Parent Relationship": "Outer", "Join Type": "Inner", "Startup Cost": 187290.32, "Total Cost": 277212.34, "Plan Rows": 331050, "Plan Width": 21, "Actual Min Startup Time": 2501.69, "Actual Max Startup Time": 2501.69, "Actual Min Total Time": 2861.865, "Actual Max Total Time": 2861.865, "Actual Total Rows": 669, "Inner Unique": false, "Hash Cond": "(mi.movie_id = t.id), (LLVM Optimized, Jit Execute)", "Plans": [{"Node Type": "Streaming(type: LOCAL GATHER dop: 1/64)", "Parent Relationship": "Outer", "Startup Cost": 0.0, "Total Cost": 85529.75, "Plan Rows": 726375, "Plan Width": 8, "Actual Min Startup Time": 0.158, "Actual Max Startup Time": 0.158, "Actual Min Total Time": 218.045, "Actual Max Total Time": 218.045, "Actual Total Rows": 706674, "Plans": [{"Node Type": "Seq Scan", "Parent Relationship": "Outer", "Relation Name": "movie_info", "Alias": "mi", "Startup Cost": 0.0, "Total Cost": 70544.72, "Plan Rows": 726375, "Plan Width": 8, "Actual Min Startup Time": 0.04, "Actual Max Startup Time": 3.309, "Actual Min Total Time": 121.222, "Actual Max Total Time": 141.902, "Actual Total Rows": 706674, "Filter": "((info)::text = ANY ('{Sweden,Norway,Germany,Denmark,Swedish,Denish,Norwegian,German,USA,American}'::text[]))", "Rows Removed by Filter": 14129045}]}, {"Node Type": "Hash", "Parent Relationship": "Inner", "Startup Cost": 183666.12, "Total Cost": 183666.12, "Plan Rows": 289936, "Plan Width": 25, "Actual Min Startup Time": 2495.521, "Actual Max Startup Time": 2495.521, "Actual Min Total Time": 2495.521, "Actual Max Total Time": 2495.521, "Actual Total Rows": 767, "Max Hash Buckets": 524288, "Min Hash Buckets": 524288, "Max Hash Batches": 1, "Min Hash Batches": 1, "Max Original Hash Batches": 1, "Min Original Hash Batches": 1, "Max Peak Memory Usage": 45, "min Peak Memory Usage": 45, "Plans": [{"Node Type": "Hash Join", "Parent Relationship": "Outer", "Join Type": "Inner", "Startup Cost": 121977.26, "Total Cost": 183666.12, "Plan Rows": 289936, "Plan Width": 25, "Actual Min Startup Time": 2159.015, "Actual Max Startup Time": 2159.015, "Actual Min Total Time": 2495.106, "Actual Max Total Time": 2495.106, "Actual Total Rows": 767, "Inner Unique": true, "Hash Cond": "(mc.movie_id = t.id), (LLVM Optimized, Jit Execute)", "Plans": [{"Node Type": "Hash Join", "Parent Relationship": "Outer", "Join Type": "Inner", "Startup Cost": 1.05, "Total Cost": 58005.76, "Plan Rows": 209278, "Plan Width": 4, "Actual Min Startup Time": 793.946, "Actual Max Startup Time": 793.946, "Actual Min Total Time": 1129.362, "Actual Max Total Time": 1129.362, "Actual Total Rows": 798, "Inner Unique": true, "Hash Cond": "(mc.company_type_id = ct.id), (LLVM Optimized, Jit Execute)", "Plans": [{"Node Type": "Seq Scan", "Parent Relationship": "Outer", "Relation Name": "movie_companies", "Alias": "mc", "Startup Cost": 0.0, "Total Cost": 54862.92, "Plan Rows": 418557, "Plan Width": 8, "Actual Min Startup Time": 0.053, "Actual Max Startup Time": 0.053, "Actual Min Total Time": 1077.451, "Actual Max Total Time": 1077.451, "Actual Total Rows": 295628, "Filter": "(((note)::text !~~ '%(TV)%'::text) AND ((note)::text ~~ '%(USA)%'::text)), (LLVM Optimized, Jit Execute)", "Rows Removed by Filter": 2313500}, {"Node Type": "Hash", "Parent Relationship": "Inner", "Startup Cost": 1.04, "Total Cost": 1.04, "Plan Rows": 1, "Plan Width": 4, "Actual Min Startup Time": 0.032, "Actual Max Startup Time": 0.032, "Actual Min Total Time": 0.032, "Actual Max Total Time": 0.032, "Actual Total Rows": 1, "Max Hash Buckets": 32768, "Min Hash Buckets": 32768, "Max Hash Batches": 1, "Min Hash Batches": 1, "Max Original Hash Batches": 1, "Min Original Hash Batches": 1, "Max Peak Memory Usage": 1, "min Peak Memory Usage": 1, "Plans": [{"Node Type": "Seq Scan", "Parent Relationship": "Outer", "Relation Name": "company_type", "Alias": "ct", "Startup Cost": 0.0, "Total Cost": 1.04, "Plan Rows": 1, "Plan Width": 4, "Actual Min Startup Time": 0.024, "Actual Max Startup Time": 0.024, "Actual Min Total Time": 0.027, "Actual Max Total Time": 0.027, "Actual Total Rows": 1, "Filter": "((kind)::text = 'production companies'::text)", "Rows Removed by Filter": 2}]}]}, {"Node Type": "Hash", "Parent Relationship": "Inner", "Startup Cost": 100115.71, "Total Cost": 100115.71, "Plan Rows": 1748840, "Plan Width": 21, "Actual Min Startup Time": 1363.436, "Actual Max Startup Time": 1363.436, "Actual Min Total Time": 1363.436, "Actual Max Total Time": 1363.436, "Actual Total Rows": 1749032, "Max Hash Buckets": 2097152, "Min Hash Buckets": 2097152, "Max Hash Batches": 1, "Min Hash Batches": 1, "Max Original Hash Batches": 1, "Min Original Hash Batches": 1, "Max Peak Memory Usage": 93635, "min Peak Memory Usage": 93635, "Plans": [{"Node Type": "Streaming(type: LOCAL GATHER dop: 1/64)", "Parent Relationship": "Outer", "Startup Cost": 0.0, "Total Cost": 100115.71, "Plan Rows": 1748840, "Plan Width": 21, "Actual Min Startup Time": 111.075, "Actual Max Startup Time": 111.075, "Actual Min Total Time": 745.821, "Actual Max Total Time": 745.821, "Actual Total Rows": 1749032, "Plans": [{"Node Type": "Seq Scan", "Parent Relationship": "Outer", "Relation Name": "title", "Alias": "t", "Startup Cost": 0.0, "Total Cost": 64037.34, "Plan Rows": 1748840, "Plan Width": 21, "Actual Min Startup Time": 0.025, "Actual Max Startup Time": 0.049, "Actual Min Total Time": 15.077, "Actual Max Total Time": 19.374, "Actual Total Rows": 1749032, "Filter": "(production_year > 1990), (LLVM Optimized, Jit Execute)", "Rows Removed by Filter": 779279}]}]}]}]}]}, {"Node Type": "Hash", "Parent Relationship": "Inner", "Startup Cost": 2.12, "Total Cost": 2.12, "Plan Rows": 112, "Plan Width": 4, "Actual Min Startup Time": 0.133, "Actual Max Startup Time": 0.133, "Actual Min Total Time": 0.133, "Actual Max Total Time": 0.133, "Actual Total Rows": 112, "Max Hash Buckets": 32768, "Min Hash Buckets": 32768, "Max Hash Batches": 1, "Min Hash Batches": 1, "Max Original Hash Batches": 1, "Min Original Hash Batches": 1, "Max Peak Memory Usage": 4, "min Peak Memory Usage": 4, "Plans": [{"Node Type": "Seq Scan", "Parent Relationship": "Outer", "Relation Name": "info_type", "Alias": "it", "Startup Cost": 0.0, "Total Cost": 2.12, "Plan Rows": 112, "Plan Width": 4, "Actual Min Startup Time": 0.056, "Actual Max Startup Time": 0.056, "Actual Min Total Time": 0.079, "Actual Max Total Time": 0.079, "Actual Total Rows": 112}]}]}]}, "Triggers": [], "Planner Runtime": 19.742, "Total Runtime": 2897.891, "Unique SQL Id": 322094867}}, "(64, 71)": {"explain_plan": {"Plan": {"Node Type": "Aggregate", "Strategy": "Plain", "Startup Cost": 1009784.61, "Total Cost": 1009784.62, "Plan Rows": 1, "Plan Width": 49, "Plans": [{"Node Type": "Hash Join", "Parent Relationship": "Outer", "Join Type": "Inner", "Startup Cost": 517150.55, "Total Cost": 1008956.99, "Plan Rows": 331050, "Plan Width": 17, "Inner Unique": true, "Hash Cond": "(mi.info_type_id = it.id), (LLVM Optimized)", "Plans": [{"Node Type": "Hash Join", "Parent Relationship": "Outer", "Join Type": "Inner", "Startup Cost": 517135.19, "Total Cost": 1004389.69, "Plan Rows": 331050, "Plan Width": 21, "Inner Unique": false, "Hash Cond": "(mi.movie_id = t.id), (LLVM Optimized)", "Plans": [{"Node Type": "Bitmap Heap Scan", "Parent Relationship": "Outer", "Relation Name": "movie_info", "Alias": "mi", "Startup Cost": 301827.67, "Total Cost": 784689.91, "Plan Rows": 726375, "Plan Width": 8, "Filter": "((info)::text = ANY ('{Sweden,Norway,Germany,Denmark,Swedish,Denish,Norwegian,German,USA,American}'::text[]))", "Plans": [{"Node Type": "Bitmap Index Scan", "Parent Relationship": "Outer", "Index Name": "movie_id_movie_info", "Startup Cost": 0.0, "Total Cost": 301646.08, "Plan Rows": 14869966, "Plan Width": 0}]}, {"Node Type": "Hash", "Parent Relationship": "Inner", "Startup Cost": 211683.32, "Total Cost": 211683.32, "Plan Rows": 289936, "Plan Width": 25, "Plans": [{"Node Type": "Hash Join", "Parent Relationship": "Outer", "Join Type": "Inner", "Startup Cost": 167346.47, "Total Cost": 211683.32, "Plan Rows": 289936, "Plan Width": 25, "Inner Unique": true, "Hash Cond": "(mc.movie_id = t.id), (LLVM Optimized)", "Plans": [{"Node Type": "Nested Loop", "Parent Relationship": "Outer", "Join Type": "Inner", "Startup Cost": 29005.06, "Total Cost": 69657.76, "Plan Rows": 209278, "Plan Width": 4, "Inner Unique": false, "Plans": [{"Node Type": "Bitmap Heap Scan", "Parent Relationship": "Outer", "Relation Name": "company_type", "Alias": "ct", "Startup Cost": 8.27, "Total Cost": 12.3, "Plan Rows": 1, "Plan Width": 4, "Filter": "((kind)::text = 'production companies'::text)", "Plans": [{"Node Type": "Bitmap Index Scan", "Parent Relationship": "Outer", "Index Name": "company_type_pkey", "Startup Cost": 0.0, "Total Cost": 8.27, "Plan Rows": 3, "Plan Width": 0}]}, {"Node Type": "Bitmap Heap Scan", "Parent Relationship": "Inner", "Relation Name": "movie_companies", "Alias": "mc", "Startup Cost": 28996.8, "Total Cost": 67552.67, "Plan Rows": 209279, "Plan Width": 8, "Recheck Cond": "(company_type_id = ct.id), (LLVM Optimized)", "Filter": "(((note)::text !~~ '%(TV)%'::text) AND ((note)::text ~~ '%(USA)%'::text)), (LLVM Optimized)", "Plans": [{"Node Type": "Bitmap Index Scan", "Parent Relationship": "Outer", "Index Name": "company_type_id_movie_companies", "Startup Cost": 0.0, "Total Cost": 28944.48, "Plan Rows": 1304564, "Plan Width": 0, "Index Cond": "(company_type_id = ct.id)"}]}]}, {"Node Type": "Hash", "Parent Relationship": "Inner", "Startup Cost": 116480.9, "Total Cost": 116480.9, "Plan Rows": 1748840, "Plan Width": 21, "Plans": [{"Node Type": "Bitmap Heap Scan", "Parent Relationship": "Outer", "Relation Name": "title", "Alias": "t", "Startup Cost": 50091.01, "Total Cost": 116480.9, "Plan Rows": 1748840, "Plan Width": 21, "Filter": "(production_year > 1990), (LLVM Optimized)", "Plans": [{"Node Type": "Bitmap Index Scan", "Parent Relationship": "Outer", "Index Name": "title_pkey", "Startup Cost": 0.0, "Total Cost": 49653.81, "Plan Rows": 2528311, "Plan Width": 0}]}]}]}]}]}, {"Node Type": "Hash", "Parent Relationship": "Inner", "Startup Cost": 13.96, "Total Cost": 13.96, "Plan Rows": 112, "Plan Width": 4, "Plans": [{"Node Type": "Bitmap Heap Scan", "Parent Relationship": "Outer", "Relation Name": "info_type", "Alias": "it", "Startup Cost": 8.84, "Total Cost": 13.96, "Plan Rows": 112, "Plan Width": 4, "Plans": [{"Node Type": "Bitmap Index Scan", "Parent Relationship": "Outer", "Index Name": "info_type_pkey", "Startup Cost": 0.0, "Total Cost": 8.81, "Plan Rows": 112, "Plan Width": 0}]}]}]}]}, "Unique SQL Id": 322094867}, "explain_analyze_plan": null}, "(64, 72)": {"explain_plan": {"Plan": {"Node Type": "Aggregate", "Strategy": "Plain", "Startup Cost": 282595.42, "Total Cost": 282595.43, "Plan Rows": 1, "Plan Width": 49, "Plans": [{"Node Type": "Hash Join", "Parent Relationship": "Outer", "Join Type": "Inner", "Startup Cost": 187293.84, "Total Cost": 281767.79, "Plan Rows": 331050, "Plan Width": 17, "Inner Unique": true, "Hash Cond": "(mi.info_type_id = it.id), (LLVM Optimized)", "Plans": [{"Node Type": "Hash Join", "Parent Relationship": "Outer", "Join Type": "Inner", "Startup Cost": 187290.32, "Total Cost": 277212.34, "Plan Rows": 331050, "Plan Width": 21, "Inner Unique": false, "Hash Cond": "(mi.movie_id = t.id), (LLVM Optimized)", "Plans": [{"Node Type": "Streaming(type: LOCAL GATHER dop: 1/64)", "Parent Relationship": "Outer", "Startup Cost": 0.0, "Total Cost": 85529.75, "Plan Rows": 726375, "Plan Width": 8, "Plans": [{"Node Type": "Seq Scan", "Parent Relationship": "Outer", "Relation Name": "movie_info", "Alias": "mi", "Startup Cost": 0.0, "Total Cost": 70544.72, "Plan Rows": 726375, "Plan Width": 8, "Filter": "((info)::text = ANY ('{Sweden,Norway,Germany,Denmark,Swedish,Denish,Norwegian,German,USA,American}'::text[]))"}]}, {"Node Type": "Hash", "Parent Relationship": "Inner", "Startup Cost": 183666.12, "Total Cost": 183666.12, "Plan Rows": 289936, "Plan Width": 25, "Plans": [{"Node Type": "Hash Join", "Parent Relationship": "Outer", "Join Type": "Inner", "Startup Cost": 121977.26, "Total Cost": 183666.12, "Plan Rows": 289936, "Plan Width": 25, "Inner Unique": true, "Hash Cond": "(mc.movie_id = t.id), (LLVM Optimized)", "Plans": [{"Node Type": "Hash Join", "Parent Relationship": "Outer", "Join Type": "Inner", "Startup Cost": 1.05, "Total Cost": 58005.76, "Plan Rows": 209278, "Plan Width": 4, "Inner Unique": true, "Hash Cond": "(mc.company_type_id = ct.id), (LLVM Optimized)", "Plans": [{"Node Type": "Seq Scan", "Parent Relationship": "Outer", "Relation Name": "movie_companies", "Alias": "mc", "Startup Cost": 0.0, "Total Cost": 54862.92, "Plan Rows": 418557, "Plan Width": 8, "Filter": "(((note)::text !~~ '%(TV)%'::text) AND ((note)::text ~~ '%(USA)%'::text)), (LLVM Optimized)"}, {"Node Type": "Hash", "Parent Relationship": "Inner", "Startup Cost": 1.04, "Total Cost": 1.04, "Plan Rows": 1, "Plan Width": 4, "Plans": [{"Node Type": "Seq Scan", "Parent Relationship": "Outer", "Relation Name": "company_type", "Alias": "ct", "Startup Cost": 0.0, "Total Cost": 1.04, "Plan Rows": 1, "Plan Width": 4, "Filter": "((kind)::text = 'production companies'::text)"}]}]}, {"Node Type": "Hash", "Parent Relationship": "Inner", "Startup Cost": 100115.71, "Total Cost": 100115.71, "Plan Rows": 1748840, "Plan Width": 21, "Plans": [{"Node Type": "Streaming(type: LOCAL GATHER dop: 1/64)", "Parent Relationship": "Outer", "Startup Cost": 0.0, "Total Cost": 100115.71, "Plan Rows": 1748840, "Plan Width": 21, "Plans": [{"Node Type": "Seq Scan", "Parent Relationship": "Outer", "Relation Name": "title", "Alias": "t", "Startup Cost": 0.0, "Total Cost": 64037.34, "Plan Rows": 1748840, "Plan Width": 21, "Filter": "(production_year > 1990), (LLVM Optimized)"}]}]}]}]}]}, {"Node Type": "Hash", "Parent Relationship": "Inner", "Startup Cost": 2.12, "Total Cost": 2.12, "Plan Rows": 112, "Plan Width": 4, "Plans": [{"Node Type": "Index Only Scan", "Parent Relationship": "Outer", "Scan Direction": "Forward", "Index Name": "info_type_pkey", "Relation Name": "info_type", "Alias": "it", "Startup Cost": 0.0, "Total Cost": 2.12, "Plan Rows": 112, "Plan Width": 4}]}]}]}, "Unique SQL Id": 322094867}, "explain_analyze_plan": {"Plan": {"Node Type": "Aggregate", "Strategy": "Plain", "Startup Cost": 282595.42, "Total Cost": 282595.43, "Plan Rows": 1, "Plan Width": 49, "Actual Min Startup Time": 2819.09, "Actual Max Startup Time": 2819.09, "Actual Min Total Time": 2819.09, "Actual Max Total Time": 2819.09, "Actual Total Rows": 1, "Plans": [{"Node Type": "Hash Join", "Parent Relationship": "Outer", "Join Type": "Inner", "Startup Cost": 187293.84, "Total Cost": 281767.79, "Plan Rows": 331050, "Plan Width": 17, "Actual Min Startup Time": 2473.353, "Actual Max Startup Time": 2473.353, "Actual Min Total Time": 2818.616, "Actual Max Total Time": 2818.616, "Actual Total Rows": 669, "Inner Unique": true, "Hash Cond": "(mi.info_type_id = it.id), (LLVM Optimized, Jit Execute)", "Plans": [{"Node Type": "Hash Join", "Parent Relationship": "Outer", "Join Type": "Inner", "Startup Cost": 187290.32, "Total Cost": 277212.34, "Plan Rows": 331050, "Plan Width": 21, "Actual Min Startup Time": 2473.167, "Actual Max Startup Time": 2473.167, "Actual Min Total Time": 2817.954, "Actual Max Total Time": 2817.954, "Actual Total Rows": 669, "Inner Unique": false, "Hash Cond": "(mi.movie_id = t.id), (LLVM Optimized, Jit Execute)", "Plans": [{"Node Type": "Streaming(type: LOCAL GATHER dop: 1/64)", "Parent Relationship": "Outer", "Startup Cost": 0.0, "Total Cost": 85529.75, "Plan Rows": 726375, "Plan Width": 8, "Actual Min Startup Time": 0.144, "Actual Max Startup Time": 0.144, "Actual Min Total Time": 210.639, "Actual Max Total Time": 210.639, "Actual Total Rows": 706674, "Plans": [{"Node Type": "Seq Scan", "Parent Relationship": "Outer", "Relation Name": "movie_info", "Alias": "mi", "Startup Cost": 0.0, "Total Cost": 70544.72, "Plan Rows": 726375, "Plan Width": 8, "Actual Min Startup Time": 0.037, "Actual Max Startup Time": 3.327, "Actual Min Total Time": 122.346, "Actual Max Total Time": 141.453, "Actual Total Rows": 706674, "Filter": "((info)::text = ANY ('{Sweden,Norway,Germany,Denmark,Swedish,Denish,Norwegian,German,USA,American}'::text[]))", "Rows Removed by Filter": 14129045}]}, {"Node Type": "Hash", "Parent Relationship": "Inner", "Startup Cost": 183666.12, "Total Cost": 183666.12, "Plan Rows": 289936, "Plan Width": 25, "Actual Min Startup Time": 2467.444, "Actual Max Startup Time": 2467.444, "Actual Min Total Time": 2467.444, "Actual Max Total Time": 2467.444, "Actual Total Rows": 767, "Max Hash Buckets": 524288, "Min Hash Buckets": 524288, "Max Hash Batches": 1, "Min Hash Batches": 1, "Max Original Hash Batches": 1, "Min Original Hash Batches": 1, "Max Peak Memory Usage": 45, "min Peak Memory Usage": 45, "Plans": [{"Node Type": "Hash Join", "Parent Relationship": "Outer", "Join Type": "Inner", "Startup Cost": 121977.26, "Total Cost": 183666.12, "Plan Rows": 289936, "Plan Width": 25, "Actual Min Startup Time": 2133.332, "Actual Max Startup Time": 2133.332, "Actual Min Total Time": 2467.037, "Actual Max Total Time": 2467.037, "Actual Total Rows": 767, "Inner Unique": true, "Hash Cond": "(mc.movie_id = t.id), (LLVM Optimized, Jit Execute)", "Plans": [{"Node Type": "Hash Join", "Parent Relationship": "Outer", "Join Type": "Inner", "Startup Cost": 1.05, "Total Cost": 58005.76, "Plan Rows": 209278, "Plan Width": 4, "Actual Min Startup Time": 792.833, "Actual Max Startup Time": 792.833, "Actual Min Total Time": 1125.904, "Actual Max Total Time": 1125.904, "Actual Total Rows": 798, "Inner Unique": true, "Hash Cond": "(mc.company_type_id = ct.id), (LLVM Optimized, Jit Execute)", "Plans": [{"Node Type": "Seq Scan", "Parent Relationship": "Outer", "Relation Name": "movie_companies", "Alias": "mc", "Startup Cost": 0.0, "Total Cost": 54862.92, "Plan Rows": 418557, "Plan Width": 8, "Actual Min Startup Time": 0.049, "Actual Max Startup Time": 0.049, "Actual Min Total Time": 1073.944, "Actual Max Total Time": 1073.944, "Actual Total Rows": 295628, "Filter": "(((note)::text !~~ '%(TV)%'::text) AND ((note)::text ~~ '%(USA)%'::text)), (LLVM Optimized, Jit Execute)", "Rows Removed by Filter": 2313500}, {"Node Type": "Hash", "Parent Relationship": "Inner", "Startup Cost": 1.04, "Total Cost": 1.04, "Plan Rows": 1, "Plan Width": 4, "Actual Min Startup Time": 0.029, "Actual Max Startup Time": 0.029, "Actual Min Total Time": 0.029, "Actual Max Total Time": 0.029, "Actual Total Rows": 1, "Max Hash Buckets": 32768, "Min Hash Buckets": 32768, "Max Hash Batches": 1, "Min Hash Batches": 1, "Max Original Hash Batches": 1, "Min Original Hash Batches": 1, "Max Peak Memory Usage": 1, "min Peak Memory Usage": 1, "Plans": [{"Node Type": "Seq Scan", "Parent Relationship": "Outer", "Relation Name": "company_type", "Alias": "ct", "Startup Cost": 0.0, "Total Cost": 1.04, "Plan Rows": 1, "Plan Width": 4, "Actual Min Startup Time": 0.023, "Actual Max Startup Time": 0.023, "Actual Min Total Time": 0.026, "Actual Max Total Time": 0.026, "Actual Total Rows": 1, "Filter": "((kind)::text = 'production companies'::text)", "Rows Removed by Filter": 2}]}]}, {"Node Type": "Hash", "Parent Relationship": "Inner", "Startup Cost": 100115.71, "Total Cost": 100115.71, "Plan Rows": 1748840, "Plan Width": 21, "Actual Min Startup Time": 1338.823, "Actual Max Startup Time": 1338.823, "Actual Min Total Time": 1338.823, "Actual Max Total Time": 1338.823, "Actual Total Rows": 1749032, "Max Hash Buckets": 2097152, "Min Hash Buckets": 2097152, "Max Hash Batches": 1, "Min Hash Batches": 1, "Max Original Hash Batches": 1, "Min Original Hash Batches": 1, "Max Peak Memory Usage": 93635, "min Peak Memory Usage": 93635, "Plans": [{"Node Type": "Streaming(type: LOCAL GATHER dop: 1/64)", "Parent Relationship": "Outer", "Startup Cost": 0.0, "Total Cost": 100115.71, "Plan Rows": 1748840, "Plan Width": 21, "Actual Min Startup Time": 31.174, "Actual Max Startup Time": 31.174, "Actual Min Total Time": 688.819, "Actual Max Total Time": 688.819, "Actual Total Rows": 1749032, "Plans": [{"Node Type": "Seq Scan", "Parent Relationship": "Outer", "Relation Name": "title", "Alias": "t", "Startup Cost": 0.0, "Total Cost": 64037.34, "Plan Rows": 1748840, "Plan Width": 21, "Actual Min Startup Time": 0.025, "Actual Max Startup Time": 0.045, "Actual Min Total Time": 14.76, "Actual Max Total Time": 18.88, "Actual Total Rows": 1749032, "Filter": "(production_year > 1990), (LLVM Optimized, Jit Execute)", "Rows Removed by Filter": 779279}]}]}]}]}]}, {"Node Type": "Hash", "Parent Relationship": "Inner", "Startup Cost": 2.12, "Total Cost": 2.12, "Plan Rows": 112, "Plan Width": 4, "Actual Min Startup Time": 0.108, "Actual Max Startup Time": 0.108, "Actual Min Total Time": 0.108, "Actual Max Total Time": 0.108, "Actual Total Rows": 112, "Max Hash Buckets": 32768, "Min Hash Buckets": 32768, "Max Hash Batches": 1, "Min Hash Batches": 1, "Max Original Hash Batches": 1, "Min Original Hash Batches": 1, "Max Peak Memory Usage": 4, "min Peak Memory Usage": 4, "Plans": [{"Node Type": "Index Only Scan", "Parent Relationship": "Outer", "Scan Direction": "Forward", "Index Name": "info_type_pkey", "Relation Name": "info_type", "Alias": "it", "Startup Cost": 0.0, "Total Cost": 2.12, "Plan Rows": 112, "Plan Width": 4, "Actual Min Startup Time": 0.027, "Actual Max Startup Time": 0.027, "Actual Min Total Time": 0.053, "Actual Max Total Time": 0.053, "Actual Total Rows": 112, "Heap Fetches": 0}]}]}]}, "Triggers": [], "Planner Runtime": 19.884, "Total Runtime": 2854.662, "Unique SQL Id": 322094867}}, "(64, 73)": {"explain_plan": {"Plan": {"Node Type": "Aggregate", "Strategy": "Plain", "Startup Cost": 472671.15, "Total Cost": 472671.16, "Plan Rows": 1, "Plan Width": 49, "Plans": [{"Node Type": "Hash Join", "Parent Relationship": "Outer", "Join Type": "Inner", "Startup Cost": 11.33, "Total Cost": 471843.53, "Plan Rows": 331050, "Plan Width": 17, "Inner Unique": true, "Hash Cond": "(mi.info_type_id = it.id), (LLVM Optimized)", "Plans": [{"Node Type": "Nested Loop", "Parent Relationship": "Outer", "Join Type": "Inner", "Startup Cost": 0.0, "Total Cost": 467462.34, "Plan Rows": 331050, "Plan Width": 21, "Inner Unique": false, "Plans": [{"Node Type": "Nested Loop", "Parent Relationship": "Outer", "Join Type": "Inner", "Startup Cost": 0.0, "Total Cost": 208944.27, "Plan Rows": 289936, "Plan Width": 25, "Inner Unique": true, "Plans": [{"Node Type": "Nested Loop", "Parent Relationship": "Outer", "Join Type": "Inner", "Startup Cost": 0.0, "Total Cost": 61745.44, "Plan Rows": 209278, "Plan Width": 4, "Inner Unique": false, "Plans": [{"Node Type": "Index Scan", "Parent Relationship": "Outer", "Scan Direction": "Forward", "Index Name": "company_type_pkey", "Relation Name": "company_type", "Alias": "ct", "Startup Cost": 0.0, "Total Cost": 12.3, "Plan Rows": 1, "Plan Width": 4, "Filter": "((kind)::text = 'production companies'::text)"}, {"Node Type": "Index Scan", "Parent Relationship": "Inner", "Scan Direction": "Forward", "Index Name": "company_type_id_movie_companies", "Relation Name": "movie_companies", "Alias": "mc", "Startup Cost": 0.0, "Total Cost": 59640.35, "Plan Rows": 209279, "Plan Width": 8, "Index Cond": "(company_type_id = ct.id), (LLVM Optimized)", "Filter": "(((note)::text !~~ '%(TV)%'::text) AND ((note)::text ~~ '%(USA)%'::text)), (LLVM Optimized)"}]}, {"Node Type": "Index Scan", "Parent Relationship": "Inner", "Scan Direction": "Forward", "Index Name": "title_pkey", "Relation Name": "title", "Alias": "t", "Startup Cost": 0.0, "Total Cost": 0.69, "Plan Rows": 1, "Plan Width": 21, "Index Cond": "(id = mc.movie_id)", "Filter": "(production_year > 1990)"}]}, {"Node Type": "Index Scan", "Parent Relationship": "Inner", "Scan Direction": "Forward", "Index Name": "movie_id_movie_info", "Relation Name": "movie_info", "Alias": "mi", "Startup Cost": 0.0, "Total Cost": 0.88, "Plan Rows": 1, "Plan Width": 8, "Index Cond": "(movie_id = t.id)", "Filter": "((info)::text = ANY ('{Sweden,Norway,Germany,Denmark,Swedish,Denish,Norwegian,German,USA,American}'::text[]))"}]}, {"Node Type": "Hash", "Parent Relationship": "Inner", "Startup Cost": 9.93, "Total Cost": 9.93, "Plan Rows": 112, "Plan Width": 4, "Plans": [{"Node Type": "Index Only Scan", "Parent Relationship": "Outer", "Scan Direction": "Forward", "Index Name": "info_type_pkey", "Relation Name": "info_type", "Alias": "it", "Startup Cost": 0.0, "Total Cost": 9.93, "Plan Rows": 112, "Plan Width": 4}]}]}]}, "Unique SQL Id": 322094867}, "explain_analyze_plan": {"Plan": {"Node Type": "Aggregate", "Strategy": "Plain", "Startup Cost": 472671.15, "Total Cost": 472671.16, "Plan Rows": 1, "Plan Width": 49, "Actual Startup Time": 774.213, "Actual Total Time": 774.213, "Actual Rows": 1, "Actual Loops": 1, "Plans": [{"Node Type": "Hash Join", "Parent Relationship": "Outer", "Join Type": "Inner", "Startup Cost": 11.33, "Total Cost": 471843.53, "Plan Rows": 331050, "Plan Width": 17, "Actual Startup Time": 9.858, "Actual Total Time": 773.74, "Actual Rows": 669, "Actual Loops": 1, "Inner Unique": true, "Hash Cond": "(mi.info_type_id = it.id), (LLVM Optimized, Jit Execute)", "Plans": [{"Node Type": "Nested Loop", "Parent Relationship": "Outer", "Join Type": "Inner", "Startup Cost": 0.0, "Total Cost": 467462.34, "Plan Rows": 331050, "Plan Width": 21, "Actual Startup Time": 9.725, "Actual Total Time": 773.118, "Actual Rows": 669, "Actual Loops": 1, "Inner Unique": false, "Plans": [{"Node Type": "Nested Loop", "Parent Relationship": "Outer", "Join Type": "Inner", "Startup Cost": 0.0, "Total Cost": 208944.27, "Plan Rows": 289936, "Plan Width": 25, "Actual Startup Time": 9.7, "Actual Total Time": 747.656, "Actual Rows": 767, "Actual Loops": 1, "Inner Unique": true, "Plans": [{"Node Type": "Nested Loop", "Parent Relationship": "Outer", "Join Type": "Inner", "Startup Cost": 0.0, "Total Cost": 61745.44, "Plan Rows": 209278, "Plan Width": 4, "Actual Startup Time": 9.665, "Actual Total Time": 739.754, "Actual Rows": 798, "Actual Loops": 1, "Inner Unique": false, "Plans": [{"Node Type": "Index Scan", "Parent Relationship": "Outer", "Scan Direction": "Forward", "Index Name": "company_type_pkey", "Relation Name": "company_type", "Alias": "ct", "Startup Cost": 0.0, "Total Cost": 12.3, "Plan Rows": 1, "Plan Width": 4, "Actual Startup Time": 0.017, "Actual Total Time": 0.025, "Actual Rows": 1, "Actual Loops": 1, "Filter": "((kind)::text = 'production companies'::text)", "Rows Removed by Filter": 2}, {"Node Type": "Index Scan", "Parent Relationship": "Inner", "Scan Direction": "Forward", "Index Name": "company_type_id_movie_companies", "Relation Name": "movie_companies", "Alias": "mc", "Startup Cost": 0.0, "Total Cost": 59640.35, "Plan Rows": 209279, "Plan Width": 8, "Actual Startup Time": 9.643, "Actual Total Time": 739.513, "Actual Rows": 798, "Actual Loops": 1, "Index Cond": "(company_type_id = ct.id), (LLVM Optimized, Jit Execute)", "Rows Removed by Index Recheck": 0, "Filter": "(((note)::text !~~ '%(TV)%'::text) AND ((note)::text ~~ '%(USA)%'::text)), (LLVM Optimized, Jit Execute)", "Rows Removed by Filter": 1334085}]}, {"Node Type": "Index Scan", "Parent Relationship": "Inner", "Scan Direction": "Forward", "Index Name": "title_pkey", "Relation Name": "title", "Alias": "t", "Startup Cost": 0.0, "Total Cost": 0.69, "Plan Rows": 1, "Plan Width": 21, "Actual Startup Time": 7.041, "Actual Total Time": 7.041, "Actual Rows": 767, "Actual Loops": 798, "Index Cond": "(id = mc.movie_id)", "Rows Removed by Index Recheck": 0, "Filter": "(production_year > 1990)", "Rows Removed by Filter": 31}]}, {"Node Type": "Index Scan", "Parent Relationship": "Inner", "Scan Direction": "Forward", "Index Name": "movie_id_movie_info", "Relation Name": "movie_info", "Alias": "mi", "Startup Cost": 0.0, "Total Cost": 0.88, "Plan Rows": 1, "Plan Width": 8, "Actual Startup Time": 21.814, "Actual Total Time": 24.782, "Actual Rows": 669, "Actual Loops": 767, "Index Cond": "(movie_id = t.id)", "Rows Removed by Index Recheck": 0, "Filter": "((info)::text = ANY ('{Sweden,Norway,Germany,Denmark,Swedish,Denish,Norwegian,German,USA,American}'::text[]))", "Rows Removed by Filter": 7721}]}, {"Node Type": "Hash", "Parent Relationship": "Inner", "Startup Cost": 9.93, "Total Cost": 9.93, "Plan Rows": 112, "Plan Width": 4, "Actual Startup Time": 0.074, "Actual Total Time": 0.074, "Actual Rows": 112, "Actual Loops": 1, "Hash Buckets": 32768, "Hash Batches": 1, "Original Hash Batches": 1, "Peak Memory Usage": 4, "Plans": [{"Node Type": "Index Only Scan", "Parent Relationship": "Outer", "Scan Direction": "Forward", "Index Name": "info_type_pkey", "Relation Name": "info_type", "Alias": "it", "Startup Cost": 0.0, "Total Cost": 9.93, "Plan Rows": 112, "Plan Width": 4, "Actual Startup Time": 0.014, "Actual Total Time": 0.03, "Actual Rows": 112, "Actual Loops": 1, "Heap Fetches": 0}]}]}]}, "Triggers": [], "Planner Runtime": 12.079, "Total Runtime": 784.223, "Unique SQL Id": 322094867}}, "(64, 74)": {"explain_plan": {"Plan": {"Node Type": "Aggregate", "Strategy": "Plain", "Startup Cost": 282595.42, "Total Cost": 282595.43, "Plan Rows": 1, "Plan Width": 49, "Plans": [{"Node Type": "Hash Join", "Parent Relationship": "Outer", "Join Type": "Inner", "Startup Cost": 187293.84, "Total Cost": 281767.79, "Plan Rows": 331050, "Plan Width": 17, "Inner Unique": true, "Hash Cond": "(mi.info_type_id = it.id), (LLVM Optimized)", "Plans": [{"Node Type": "Hash Join", "Parent Relationship": "Outer", "Join Type": "Inner", "Startup Cost": 187290.32, "Total Cost": 277212.34, "Plan Rows": 331050, "Plan Width": 21, "Inner Unique": false, "Hash Cond": "(mi.movie_id = t.id), (LLVM Optimized)", "Plans": [{"Node Type": "Streaming(type: LOCAL GATHER dop: 1/64)", "Parent Relationship": "Outer", "Startup Cost": 0.0, "Total Cost": 85529.75, "Plan Rows": 726375, "Plan Width": 8, "Plans": [{"Node Type": "Seq Scan", "Parent Relationship": "Outer", "Relation Name": "movie_info", "Alias": "mi", "Startup Cost": 0.0, "Total Cost": 70544.72, "Plan Rows": 726375, "Plan Width": 8, "Filter": "((info)::text = ANY ('{Sweden,Norway,Germany,Denmark,Swedish,Denish,Norwegian,German,USA,American}'::text[]))"}]}, {"Node Type": "Hash", "Parent Relationship": "Inner", "Startup Cost": 183666.12, "Total Cost": 183666.12, "Plan Rows": 289936, "Plan Width": 25, "Plans": [{"Node Type": "Hash Join", "Parent Relationship": "Outer", "Join Type": "Inner", "Startup Cost": 121977.26, "Total Cost": 183666.12, "Plan Rows": 289936, "Plan Width": 25, "Inner Unique": true, "Hash Cond": "(mc.movie_id = t.id), (LLVM Optimized)", "Plans": [{"Node Type": "Hash Join", "Parent Relationship": "Outer", "Join Type": "Inner", "Startup Cost": 1.05, "Total Cost": 58005.76, "Plan Rows": 209278, "Plan Width": 4, "Inner Unique": true, "Hash Cond": "(mc.company_type_id = ct.id), (LLVM Optimized)", "Plans": [{"Node Type": "Seq Scan", "Parent Relationship": "Outer", "Relation Name": "movie_companies", "Alias": "mc", "Startup Cost": 0.0, "Total Cost": 54862.92, "Plan Rows": 418557, "Plan Width": 8, "Filter": "(((note)::text !~~ '%(TV)%'::text) AND ((note)::text ~~ '%(USA)%'::text)), (LLVM Optimized)"}, {"Node Type": "Hash", "Parent Relationship": "Inner", "Startup Cost": 1.04, "Total Cost": 1.04, "Plan Rows": 1, "Plan Width": 4, "Plans": [{"Node Type": "Seq Scan", "Parent Relationship": "Outer", "Relation Name": "company_type", "Alias": "ct", "Startup Cost": 0.0, "Total Cost": 1.04, "Plan Rows": 1, "Plan Width": 4, "Filter": "((kind)::text = 'production companies'::text)"}]}]}, {"Node Type": "Hash", "Parent Relationship": "Inner", "Startup Cost": 100115.71, "Total Cost": 100115.71, "Plan Rows": 1748840, "Plan Width": 21, "Plans": [{"Node Type": "Streaming(type: LOCAL GATHER dop: 1/64)", "Parent Relationship": "Outer", "Startup Cost": 0.0, "Total Cost": 100115.71, "Plan Rows": 1748840, "Plan Width": 21, "Plans": [{"Node Type": "Seq Scan", "Parent Relationship": "Outer", "Relation Name": "title", "Alias": "t", "Startup Cost": 0.0, "Total Cost": 64037.34, "Plan Rows": 1748840, "Plan Width": 21, "Filter": "(production_year > 1990), (LLVM Optimized)"}]}]}]}]}]}, {"Node Type": "Hash", "Parent Relationship": "Inner", "Startup Cost": 2.12, "Total Cost": 2.12, "Plan Rows": 112, "Plan Width": 4, "Plans": [{"Node Type": "Seq Scan", "Parent Relationship": "Outer", "Relation Name": "info_type", "Alias": "it", "Startup Cost": 0.0, "Total Cost": 2.12, "Plan Rows": 112, "Plan Width": 4}]}]}]}, "Unique SQL Id": 322094867}, "explain_analyze_plan": {"Plan": {"Node Type": "Aggregate", "Strategy": "Plain", "Startup Cost": 282595.42, "Total Cost": 282595.43, "Plan Rows": 1, "Plan Width": 49, "Actual Min Startup Time": 2863.059, "Actual Max Startup Time": 2863.059, "Actual Min Total Time": 2863.059, "Actual Max Total Time": 2863.059, "Actual Total Rows": 1, "Plans": [{"Node Type": "Hash Join", "Parent Relationship": "Outer", "Join Type": "Inner", "Startup Cost": 187293.84, "Total Cost": 281767.79, "Plan Rows": 331050, "Plan Width": 17, "Actual Min Startup Time": 2501.901, "Actual Max Startup Time": 2501.901, "Actual Min Total Time": 2862.568, "Actual Max Total Time": 2862.568, "Actual Total Rows": 669, "Inner Unique": true, "Hash Cond": "(mi.info_type_id = it.id), (LLVM Optimized, Jit Execute)", "Plans": [{"Node Type": "Hash Join", "Parent Relationship": "Outer", "Join Type": "Inner", "Startup Cost": 187290.32, "Total Cost": 277212.34, "Plan Rows": 331050, "Plan Width": 21, "Actual Min Startup Time": 2501.69, "Actual Max Startup Time": 2501.69, "Actual Min Total Time": 2861.865, "Actual Max Total Time": 2861.865, "Actual Total Rows": 669, "Inner Unique": false, "Hash Cond": "(mi.movie_id = t.id), (LLVM Optimized, Jit Execute)", "Plans": [{"Node Type": "Streaming(type: LOCAL GATHER dop: 1/64)", "Parent Relationship": "Outer", "Startup Cost": 0.0, "Total Cost": 85529.75, "Plan Rows": 726375, "Plan Width": 8, "Actual Min Startup Time": 0.158, "Actual Max Startup Time": 0.158, "Actual Min Total Time": 218.045, "Actual Max Total Time": 218.045, "Actual Total Rows": 706674, "Plans": [{"Node Type": "Seq Scan", "Parent Relationship": "Outer", "Relation Name": "movie_info", "Alias": "mi", "Startup Cost": 0.0, "Total Cost": 70544.72, "Plan Rows": 726375, "Plan Width": 8, "Actual Min Startup Time": 0.04, "Actual Max Startup Time": 3.309, "Actual Min Total Time": 121.222, "Actual Max Total Time": 141.902, "Actual Total Rows": 706674, "Filter": "((info)::text = ANY ('{Sweden,Norway,Germany,Denmark,Swedish,Denish,Norwegian,German,USA,American}'::text[]))", "Rows Removed by Filter": 14129045}]}, {"Node Type": "Hash", "Parent Relationship": "Inner", "Startup Cost": 183666.12, "Total Cost": 183666.12, "Plan Rows": 289936, "Plan Width": 25, "Actual Min Startup Time": 2495.521, "Actual Max Startup Time": 2495.521, "Actual Min Total Time": 2495.521, "Actual Max Total Time": 2495.521, "Actual Total Rows": 767, "Max Hash Buckets": 524288, "Min Hash Buckets": 524288, "Max Hash Batches": 1, "Min Hash Batches": 1, "Max Original Hash Batches": 1, "Min Original Hash Batches": 1, "Max Peak Memory Usage": 45, "min Peak Memory Usage": 45, "Plans": [{"Node Type": "Hash Join", "Parent Relationship": "Outer", "Join Type": "Inner", "Startup Cost": 121977.26, "Total Cost": 183666.12, "Plan Rows": 289936, "Plan Width": 25, "Actual Min Startup Time": 2159.015, "Actual Max Startup Time": 2159.015, "Actual Min Total Time": 2495.106, "Actual Max Total Time": 2495.106, "Actual Total Rows": 767, "Inner Unique": true, "Hash Cond": "(mc.movie_id = t.id), (LLVM Optimized, Jit Execute)", "Plans": [{"Node Type": "Hash Join", "Parent Relationship": "Outer", "Join Type": "Inner", "Startup Cost": 1.05, "Total Cost": 58005.76, "Plan Rows": 209278, "Plan Width": 4, "Actual Min Startup Time": 793.946, "Actual Max Startup Time": 793.946, "Actual Min Total Time": 1129.362, "Actual Max Total Time": 1129.362, "Actual Total Rows": 798, "Inner Unique": true, "Hash Cond": "(mc.company_type_id = ct.id), (LLVM Optimized, Jit Execute)", "Plans": [{"Node Type": "Seq Scan", "Parent Relationship": "Outer", "Relation Name": "movie_companies", "Alias": "mc", "Startup Cost": 0.0, "Total Cost": 54862.92, "Plan Rows": 418557, "Plan Width": 8, "Actual Min Startup Time": 0.053, "Actual Max Startup Time": 0.053, "Actual Min Total Time": 1077.451, "Actual Max Total Time": 1077.451, "Actual Total Rows": 295628, "Filter": "(((note)::text !~~ '%(TV)%'::text) AND ((note)::text ~~ '%(USA)%'::text)), (LLVM Optimized, Jit Execute)", "Rows Removed by Filter": 2313500}, {"Node Type": "Hash", "Parent Relationship": "Inner", "Startup Cost": 1.04, "Total Cost": 1.04, "Plan Rows": 1, "Plan Width": 4, "Actual Min Startup Time": 0.032, "Actual Max Startup Time": 0.032, "Actual Min Total Time": 0.032, "Actual Max Total Time": 0.032, "Actual Total Rows": 1, "Max Hash Buckets": 32768, "Min Hash Buckets": 32768, "Max Hash Batches": 1, "Min Hash Batches": 1, "Max Original Hash Batches": 1, "Min Original Hash Batches": 1, "Max Peak Memory Usage": 1, "min Peak Memory Usage": 1, "Plans": [{"Node Type": "Seq Scan", "Parent Relationship": "Outer", "Relation Name": "company_type", "Alias": "ct", "Startup Cost": 0.0, "Total Cost": 1.04, "Plan Rows": 1, "Plan Width": 4, "Actual Min Startup Time": 0.024, "Actual Max Startup Time": 0.024, "Actual Min Total Time": 0.027, "Actual Max Total Time": 0.027, "Actual Total Rows": 1, "Filter": "((kind)::text = 'production companies'::text)", "Rows Removed by Filter": 2}]}]}, {"Node Type": "Hash", "Parent Relationship": "Inner", "Startup Cost": 100115.71, "Total Cost": 100115.71, "Plan Rows": 1748840, "Plan Width": 21, "Actual Min Startup Time": 1363.436, "Actual Max Startup Time": 1363.436, "Actual Min Total Time": 1363.436, "Actual Max Total Time": 1363.436, "Actual Total Rows": 1749032, "Max Hash Buckets": 2097152, "Min Hash Buckets": 2097152, "Max Hash Batches": 1, "Min Hash Batches": 1, "Max Original Hash Batches": 1, "Min Original Hash Batches": 1, "Max Peak Memory Usage": 93635, "min Peak Memory Usage": 93635, "Plans": [{"Node Type": "Streaming(type: LOCAL GATHER dop: 1/64)", "Parent Relationship": "Outer", "Startup Cost": 0.0, "Total Cost": 100115.71, "Plan Rows": 1748840, "Plan Width": 21, "Actual Min Startup Time": 111.075, "Actual Max Startup Time": 111.075, "Actual Min Total Time": 745.821, "Actual Max Total Time": 745.821, "Actual Total Rows": 1749032, "Plans": [{"Node Type": "Seq Scan", "Parent Relationship": "Outer", "Relation Name": "title", "Alias": "t", "Startup Cost": 0.0, "Total Cost": 64037.34, "Plan Rows": 1748840, "Plan Width": 21, "Actual Min Startup Time": 0.025, "Actual Max Startup Time": 0.049, "Actual Min Total Time": 15.077, "Actual Max Total Time": 19.374, "Actual Total Rows": 1749032, "Filter": "(production_year > 1990), (LLVM Optimized, Jit Execute)", "Rows Removed by Filter": 779279}]}]}]}]}]}, {"Node Type": "Hash", "Parent Relationship": "Inner", "Startup Cost": 2.12, "Total Cost": 2.12, "Plan Rows": 112, "Plan Width": 4, "Actual Min Startup Time": 0.133, "Actual Max Startup Time": 0.133, "Actual Min Total Time": 0.133, "Actual Max Total Time": 0.133, "Actual Total Rows": 112, "Max Hash Buckets": 32768, "Min Hash Buckets": 32768, "Max Hash Batches": 1, "Min Hash Batches": 1, "Max Original Hash Batches": 1, "Min Original Hash Batches": 1, "Max Peak Memory Usage": 4, "min Peak Memory Usage": 4, "Plans": [{"Node Type": "Seq Scan", "Parent Relationship": "Outer", "Relation Name": "info_type", "Alias": "it", "Startup Cost": 0.0, "Total Cost": 2.12, "Plan Rows": 112, "Plan Width": 4, "Actual Min Startup Time": 0.056, "Actual Max Startup Time": 0.056, "Actual Min Total Time": 0.079, "Actual Max Total Time": 0.079, "Actual Total Rows": 112}]}]}]}, "Triggers": [], "Planner Runtime": 19.742, "Total Runtime": 2897.891, "Unique SQL Id": 322094867}}, "(64, 75)": {"explain_plan": {"Plan": {"Node Type": "Aggregate", "Strategy": "Plain", "Startup Cost": 4999016304359.37, "Total Cost": 4999016304359.38, "Plan Rows": 1, "Plan Width": 49, "Plans": [{"Node Type": "Hash Join", "Parent Relationship": "Outer", "Join Type": "Inner", "Startup Cost": 2030041467581.55, "Total Cost": 4999016303531.75, "Plan Rows": 331050, "Plan Width": 17, "Inner Unique": true, "Hash Cond": "(mi.info_type_id = it.id), (LLVM Optimized)", "Plans": [{"Node Type": "Hash Join", "Parent Relationship": "Outer", "Join Type": "Inner", "Startup Cost": 1030041466587.15, "Total Cost": 3999016297985.41, "Plan Rows": 331050, "Plan Width": 21, "Inner Unique": true, "Hash Cond": "(mc.company_type_id = ct.id), (LLVM Optimized)", "Plans": [{"Node Type": "Merge Join", "Parent Relationship": "Outer", "Join Type": "Inner", "Startup Cost": 30041465356.89, "Total Cost": 2999016291785.23, "Plan Rows": 662103, "Plan Width": 25, "Inner Unique": true, "Merge Cond": "(mi.movie_id = t.id)", "Plans": [{"Node Type": "Merge Join", "Parent Relationship": "Outer", "Join Type": "Inner", "Startup Cost": 20016557124.84, "Total Cost": 1999706028641.27, "Plan Rows": 477912, "Plan Width": 16, "Inner Unique": false, "Merge Cond": "(mc.movie_id = mi.movie_id)", "Plans": [{"Node Type": "Index Scan", "Parent Relationship": "Outer", "Scan Direction": "Forward", "Index Name": "movie_id_movie_companies", "Relation Name": "movie_companies", "Alias": "mc", "Startup Cost": 10000000000.0, "Total Cost": 1000014356510.13, "Plan Rows": 418557, "Plan Width": 8, "Filter": "(((note)::text !~~ '%(TV)%'::text) AND ((note)::text ~~ '%(USA)%'::text)), (LLVM Optimized)"}, {"Node Type": "Index Scan", "Parent Relationship": "Inner", "Scan Direction": "Forward", "Index Name": "movie_id_movie_info", "Relation Name": "movie_info", "Alias": "mi", "Startup Cost": 10000000000.0, "Total Cost": 1000122404369.72, "Plan Rows": 726375, "Plan Width": 8, "Filter": "((info)::text = ANY ('{Sweden,Norway,Germany,Denmark,Swedish,Denish,Norwegian,German,USA,American}'::text[]))"}]}, {"Node Type": "Index Scan", "Parent Relationship": "Inner", "Scan Direction": "Forward", "Index Name": "title_pkey", "Relation Name": "title", "Alias": "t", "Startup Cost": 10000000000.0, "Total Cost": 1000011644126.66, "Plan Rows": 1748840, "Plan Width": 21, "Filter": "(production_year > 1990), (LLVM Optimized)"}]}, {"Node Type": "Hash", "Parent Relationship": "Inner", "Startup Cost": 1000000001230.25, "Total Cost": 1000000001230.25, "Plan Rows": 1, "Plan Width": 4, "Plans": [{"Node Type": "Index Scan", "Parent Relationship": "Outer", "Scan Direction": "Forward", "Index Name": "company_type_pkey", "Relation Name": "company_type", "Alias": "ct", "Startup Cost": 10000000000.0, "Total Cost": 1000000001230.25, "Plan Rows": 1, "Plan Width": 4, "Filter": "((kind)::text = 'production companies'::text)"}]}]}, {"Node Type": "Hash", "Parent Relationship": "Inner", "Startup Cost": 1000000000993.0, "Total Cost": 1000000000993.0, "Plan Rows": 112, "Plan Width": 4, "Plans": [{"Node Type": "Index Only Scan", "Parent Relationship": "Outer", "Scan Direction": "Forward", "Index Name": "info_type_pkey", "Relation Name": "info_type", "Alias": "it", "Startup Cost": 10000000000.0, "Total Cost": 1000000000993.0, "Plan Rows": 112, "Plan Width": 4}]}]}]}, "Unique SQL Id": 322094867}, "explain_analyze_plan": null}, "(64, 76)": {"explain_plan": {"Plan": {"Node Type": "Aggregate", "Strategy": "Plain", "Startup Cost": 282595.42, "Total Cost": 282595.43, "Plan Rows": 1, "Plan Width": 49, "Plans": [{"Node Type": "Hash Join", "Parent Relationship": "Outer", "Join Type": "Inner", "Startup Cost": 187293.84, "Total Cost": 281767.79, "Plan Rows": 331050, "Plan Width": 17, "Inner Unique": true, "Hash Cond": "(mi.info_type_id = it.id), (LLVM Optimized)", "Plans": [{"Node Type": "Hash Join", "Parent Relationship": "Outer", "Join Type": "Inner", "Startup Cost": 187290.32, "Total Cost": 277212.34, "Plan Rows": 331050, "Plan Width": 21, "Inner Unique": false, "Hash Cond": "(mi.movie_id = t.id), (LLVM Optimized)", "Plans": [{"Node Type": "Streaming(type: LOCAL GATHER dop: 1/64)", "Parent Relationship": "Outer", "Startup Cost": 0.0, "Total Cost": 85529.75, "Plan Rows": 726375, "Plan Width": 8, "Plans": [{"Node Type": "Seq Scan", "Parent Relationship": "Outer", "Relation Name": "movie_info", "Alias": "mi", "Startup Cost": 0.0, "Total Cost": 70544.72, "Plan Rows": 726375, "Plan Width": 8, "Filter": "((info)::text = ANY ('{Sweden,Norway,Germany,Denmark,Swedish,Denish,Norwegian,German,USA,American}'::text[]))"}]}, {"Node Type": "Hash", "Parent Relationship": "Inner", "Startup Cost": 183666.12, "Total Cost": 183666.12, "Plan Rows": 289936, "Plan Width": 25, "Plans": [{"Node Type": "Hash Join", "Parent Relationship": "Outer", "Join Type": "Inner", "Startup Cost": 121977.26, "Total Cost": 183666.12, "Plan Rows": 289936, "Plan Width": 25, "Inner Unique": true, "Hash Cond": "(mc.movie_id = t.id), (LLVM Optimized)", "Plans": [{"Node Type": "Hash Join", "Parent Relationship": "Outer", "Join Type": "Inner", "Startup Cost": 1.05, "Total Cost": 58005.76, "Plan Rows": 209278, "Plan Width": 4, "Inner Unique": true, "Hash Cond": "(mc.company_type_id = ct.id), (LLVM Optimized)", "Plans": [{"Node Type": "Seq Scan", "Parent Relationship": "Outer", "Relation Name": "movie_companies", "Alias": "mc", "Startup Cost": 0.0, "Total Cost": 54862.92, "Plan Rows": 418557, "Plan Width": 8, "Filter": "(((note)::text !~~ '%(TV)%'::text) AND ((note)::text ~~ '%(USA)%'::text)), (LLVM Optimized)"}, {"Node Type": "Hash", "Parent Relationship": "Inner", "Startup Cost": 1.04, "Total Cost": 1.04, "Plan Rows": 1, "Plan Width": 4, "Plans": [{"Node Type": "Seq Scan", "Parent Relationship": "Outer", "Relation Name": "company_type", "Alias": "ct", "Startup Cost": 0.0, "Total Cost": 1.04, "Plan Rows": 1, "Plan Width": 4, "Filter": "((kind)::text = 'production companies'::text)"}]}]}, {"Node Type": "Hash", "Parent Relationship": "Inner", "Startup Cost": 100115.71, "Total Cost": 100115.71, "Plan Rows": 1748840, "Plan Width": 21, "Plans": [{"Node Type": "Streaming(type: LOCAL GATHER dop: 1/64)", "Parent Relationship": "Outer", "Startup Cost": 0.0, "Total Cost": 100115.71, "Plan Rows": 1748840, "Plan Width": 21, "Plans": [{"Node Type": "Seq Scan", "Parent Relationship": "Outer", "Relation Name": "title", "Alias": "t", "Startup Cost": 0.0, "Total Cost": 64037.34, "Plan Rows": 1748840, "Plan Width": 21, "Filter": "(production_year > 1990), (LLVM Optimized)"}]}]}]}]}]}, {"Node Type": "Hash", "Parent Relationship": "Inner", "Startup Cost": 2.12, "Total Cost": 2.12, "Plan Rows": 112, "Plan Width": 4, "Plans": [{"Node Type": "Seq Scan", "Parent Relationship": "Outer", "Relation Name": "info_type", "Alias": "it", "Startup Cost": 0.0, "Total Cost": 2.12, "Plan Rows": 112, "Plan Width": 4}]}]}]}, "Unique SQL Id": 322094867}, "explain_analyze_plan": {"Plan": {"Node Type": "Aggregate", "Strategy": "Plain", "Startup Cost": 282595.42, "Total Cost": 282595.43, "Plan Rows": 1, "Plan Width": 49, "Actual Min Startup Time": 2863.059, "Actual Max Startup Time": 2863.059, "Actual Min Total Time": 2863.059, "Actual Max Total Time": 2863.059, "Actual Total Rows": 1, "Plans": [{"Node Type": "Hash Join", "Parent Relationship": "Outer", "Join Type": "Inner", "Startup Cost": 187293.84, "Total Cost": 281767.79, "Plan Rows": 331050, "Plan Width": 17, "Actual Min Startup Time": 2501.901, "Actual Max Startup Time": 2501.901, "Actual Min Total Time": 2862.568, "Actual Max Total Time": 2862.568, "Actual Total Rows": 669, "Inner Unique": true, "Hash Cond": "(mi.info_type_id = it.id), (LLVM Optimized, Jit Execute)", "Plans": [{"Node Type": "Hash Join", "Parent Relationship": "Outer", "Join Type": "Inner", "Startup Cost": 187290.32, "Total Cost": 277212.34, "Plan Rows": 331050, "Plan Width": 21, "Actual Min Startup Time": 2501.69, "Actual Max Startup Time": 2501.69, "Actual Min Total Time": 2861.865, "Actual Max Total Time": 2861.865, "Actual Total Rows": 669, "Inner Unique": false, "Hash Cond": "(mi.movie_id = t.id), (LLVM Optimized, Jit Execute)", "Plans": [{"Node Type": "Streaming(type: LOCAL GATHER dop: 1/64)", "Parent Relationship": "Outer", "Startup Cost": 0.0, "Total Cost": 85529.75, "Plan Rows": 726375, "Plan Width": 8, "Actual Min Startup Time": 0.158, "Actual Max Startup Time": 0.158, "Actual Min Total Time": 218.045, "Actual Max Total Time": 218.045, "Actual Total Rows": 706674, "Plans": [{"Node Type": "Seq Scan", "Parent Relationship": "Outer", "Relation Name": "movie_info", "Alias": "mi", "Startup Cost": 0.0, "Total Cost": 70544.72, "Plan Rows": 726375, "Plan Width": 8, "Actual Min Startup Time": 0.04, "Actual Max Startup Time": 3.309, "Actual Min Total Time": 121.222, "Actual Max Total Time": 141.902, "Actual Total Rows": 706674, "Filter": "((info)::text = ANY ('{Sweden,Norway,Germany,Denmark,Swedish,Denish,Norwegian,German,USA,American}'::text[]))", "Rows Removed by Filter": 14129045}]}, {"Node Type": "Hash", "Parent Relationship": "Inner", "Startup Cost": 183666.12, "Total Cost": 183666.12, "Plan Rows": 289936, "Plan Width": 25, "Actual Min Startup Time": 2495.521, "Actual Max Startup Time": 2495.521, "Actual Min Total Time": 2495.521, "Actual Max Total Time": 2495.521, "Actual Total Rows": 767, "Max Hash Buckets": 524288, "Min Hash Buckets": 524288, "Max Hash Batches": 1, "Min Hash Batches": 1, "Max Original Hash Batches": 1, "Min Original Hash Batches": 1, "Max Peak Memory Usage": 45, "min Peak Memory Usage": 45, "Plans": [{"Node Type": "Hash Join", "Parent Relationship": "Outer", "Join Type": "Inner", "Startup Cost": 121977.26, "Total Cost": 183666.12, "Plan Rows": 289936, "Plan Width": 25, "Actual Min Startup Time": 2159.015, "Actual Max Startup Time": 2159.015, "Actual Min Total Time": 2495.106, "Actual Max Total Time": 2495.106, "Actual Total Rows": 767, "Inner Unique": true, "Hash Cond": "(mc.movie_id = t.id), (LLVM Optimized, Jit Execute)", "Plans": [{"Node Type": "Hash Join", "Parent Relationship": "Outer", "Join Type": "Inner", "Startup Cost": 1.05, "Total Cost": 58005.76, "Plan Rows": 209278, "Plan Width": 4, "Actual Min Startup Time": 793.946, "Actual Max Startup Time": 793.946, "Actual Min Total Time": 1129.362, "Actual Max Total Time": 1129.362, "Actual Total Rows": 798, "Inner Unique": true, "Hash Cond": "(mc.company_type_id = ct.id), (LLVM Optimized, Jit Execute)", "Plans": [{"Node Type": "Seq Scan", "Parent Relationship": "Outer", "Relation Name": "movie_companies", "Alias": "mc", "Startup Cost": 0.0, "Total Cost": 54862.92, "Plan Rows": 418557, "Plan Width": 8, "Actual Min Startup Time": 0.053, "Actual Max Startup Time": 0.053, "Actual Min Total Time": 1077.451, "Actual Max Total Time": 1077.451, "Actual Total Rows": 295628, "Filter": "(((note)::text !~~ '%(TV)%'::text) AND ((note)::text ~~ '%(USA)%'::text)), (LLVM Optimized, Jit Execute)", "Rows Removed by Filter": 2313500}, {"Node Type": "Hash", "Parent Relationship": "Inner", "Startup Cost": 1.04, "Total Cost": 1.04, "Plan Rows": 1, "Plan Width": 4, "Actual Min Startup Time": 0.032, "Actual Max Startup Time": 0.032, "Actual Min Total Time": 0.032, "Actual Max Total Time": 0.032, "Actual Total Rows": 1, "Max Hash Buckets": 32768, "Min Hash Buckets": 32768, "Max Hash Batches": 1, "Min Hash Batches": 1, "Max Original Hash Batches": 1, "Min Original Hash Batches": 1, "Max Peak Memory Usage": 1, "min Peak Memory Usage": 1, "Plans": [{"Node Type": "Seq Scan", "Parent Relationship": "Outer", "Relation Name": "company_type", "Alias": "ct", "Startup Cost": 0.0, "Total Cost": 1.04, "Plan Rows": 1, "Plan Width": 4, "Actual Min Startup Time": 0.024, "Actual Max Startup Time": 0.024, "Actual Min Total Time": 0.027, "Actual Max Total Time": 0.027, "Actual Total Rows": 1, "Filter": "((kind)::text = 'production companies'::text)", "Rows Removed by Filter": 2}]}]}, {"Node Type": "Hash", "Parent Relationship": "Inner", "Startup Cost": 100115.71, "Total Cost": 100115.71, "Plan Rows": 1748840, "Plan Width": 21, "Actual Min Startup Time": 1363.436, "Actual Max Startup Time": 1363.436, "Actual Min Total Time": 1363.436, "Actual Max Total Time": 1363.436, "Actual Total Rows": 1749032, "Max Hash Buckets": 2097152, "Min Hash Buckets": 2097152, "Max Hash Batches": 1, "Min Hash Batches": 1, "Max Original Hash Batches": 1, "Min Original Hash Batches": 1, "Max Peak Memory Usage": 93635, "min Peak Memory Usage": 93635, "Plans": [{"Node Type": "Streaming(type: LOCAL GATHER dop: 1/64)", "Parent Relationship": "Outer", "Startup Cost": 0.0, "Total Cost": 100115.71, "Plan Rows": 1748840, "Plan Width": 21, "Actual Min Startup Time": 111.075, "Actual Max Startup Time": 111.075, "Actual Min Total Time": 745.821, "Actual Max Total Time": 745.821, "Actual Total Rows": 1749032, "Plans": [{"Node Type": "Seq Scan", "Parent Relationship": "Outer", "Relation Name": "title", "Alias": "t", "Startup Cost": 0.0, "Total Cost": 64037.34, "Plan Rows": 1748840, "Plan Width": 21, "Actual Min Startup Time": 0.025, "Actual Max Startup Time": 0.049, "Actual Min Total Time": 15.077, "Actual Max Total Time": 19.374, "Actual Total Rows": 1749032, "Filter": "(production_year > 1990), (LLVM Optimized, Jit Execute)", "Rows Removed by Filter": 779279}]}]}]}]}]}, {"Node Type": "Hash", "Parent Relationship": "Inner", "Startup Cost": 2.12, "Total Cost": 2.12, "Plan Rows": 112, "Plan Width": 4, "Actual Min Startup Time": 0.133, "Actual Max Startup Time": 0.133, "Actual Min Total Time": 0.133, "Actual Max Total Time": 0.133, "Actual Total Rows": 112, "Max Hash Buckets": 32768, "Min Hash Buckets": 32768, "Max Hash Batches": 1, "Min Hash Batches": 1, "Max Original Hash Batches": 1, "Min Original Hash Batches": 1, "Max Peak Memory Usage": 4, "min Peak Memory Usage": 4, "Plans": [{"Node Type": "Seq Scan", "Parent Relationship": "Outer", "Relation Name": "info_type", "Alias": "it", "Startup Cost": 0.0, "Total Cost": 2.12, "Plan Rows": 112, "Plan Width": 4, "Actual Min Startup Time": 0.056, "Actual Max Startup Time": 0.056, "Actual Min Total Time": 0.079, "Actual Max Total Time": 0.079, "Actual Total Rows": 112}]}]}]}, "Triggers": [], "Planner Runtime": 19.742, "Total Runtime": 2897.891, "Unique SQL Id": 322094867}}, "(64, 77)": {"explain_plan": {"Plan": {"Node Type": "Aggregate", "Strategy": "Plain", "Startup Cost": 472675.15, "Total Cost": 472675.16, "Plan Rows": 1, "Plan Width": 49, "Plans": [{"Node Type": "Hash Join", "Parent Relationship": "Outer", "Join Type": "Inner", "Startup Cost": 15.33, "Total Cost": 471847.53, "Plan Rows": 331050, "Plan Width": 17, "Inner Unique": true, "Hash Cond": "(mi.info_type_id = it.id), (LLVM Optimized)", "Plans": [{"Node Type": "Nested Loop", "Parent Relationship": "Outer", "Join Type": "Inner", "Startup Cost": 0.0, "Total Cost": 467462.34, "Plan Rows": 331050, "Plan Width": 21, "Inner Unique": false, "Plans": [{"Node Type": "Nested Loop", "Parent Relationship": "Outer", "Join Type": "Inner", "Startup Cost": 0.0, "Total Cost": 208944.27, "Plan Rows": 289936, "Plan Width": 25, "Inner Unique": true, "Plans": [{"Node Type": "Nested Loop", "Parent Relationship": "Outer", "Join Type": "Inner", "Startup Cost": 0.0, "Total Cost": 61745.44, "Plan Rows": 209278, "Plan Width": 4, "Inner Unique": false, "Plans": [{"Node Type": "Index Scan", "Parent Relationship": "Outer", "Scan Direction": "Forward", "Index Name": "company_type_pkey", "Relation Name": "company_type", "Alias": "ct", "Startup Cost": 0.0, "Total Cost": 12.3, "Plan Rows": 1, "Plan Width": 4, "Filter": "((kind)::text = 'production companies'::text)"}, {"Node Type": "Index Scan", "Parent Relationship": "Inner", "Scan Direction": "Forward", "Index Name": "company_type_id_movie_companies", "Relation Name": "movie_companies", "Alias": "mc", "Startup Cost": 0.0, "Total Cost": 59640.35, "Plan Rows": 209279, "Plan Width": 8, "Index Cond": "(company_type_id = ct.id), (LLVM Optimized)", "Filter": "(((note)::text !~~ '%(TV)%'::text) AND ((note)::text ~~ '%(USA)%'::text)), (LLVM Optimized)"}]}, {"Node Type": "Index Scan", "Parent Relationship": "Inner", "Scan Direction": "Forward", "Index Name": "title_pkey", "Relation Name": "title", "Alias": "t", "Startup Cost": 0.0, "Total Cost": 0.69, "Plan Rows": 1, "Plan Width": 21, "Index Cond": "(id = mc.movie_id)", "Filter": "(production_year > 1990)"}]}, {"Node Type": "Index Scan", "Parent Relationship": "Inner", "Scan Direction": "Forward", "Index Name": "movie_id_movie_info", "Relation Name": "movie_info", "Alias": "mi", "Startup Cost": 0.0, "Total Cost": 0.88, "Plan Rows": 1, "Plan Width": 8, "Index Cond": "(movie_id = t.id)", "Filter": "((info)::text = ANY ('{Sweden,Norway,Germany,Denmark,Swedish,Denish,Norwegian,German,USA,American}'::text[]))"}]}, {"Node Type": "Hash", "Parent Relationship": "Inner", "Startup Cost": 13.93, "Total Cost": 13.93, "Plan Rows": 112, "Plan Width": 4, "Plans": [{"Node Type": "Index Scan", "Parent Relationship": "Outer", "Scan Direction": "Forward", "Index Name": "info_type_pkey", "Relation Name": "info_type", "Alias": "it", "Startup Cost": 0.0, "Total Cost": 13.93, "Plan Rows": 112, "Plan Width": 4}]}]}]}, "Unique SQL Id": 322094867}, "explain_analyze_plan": {"Plan": {"Node Type": "Aggregate", "Strategy": "Plain", "Startup Cost": 472675.15, "Total Cost": 472675.16, "Plan Rows": 1, "Plan Width": 49, "Actual Startup Time": 699.169, "Actual Total Time": 699.17, "Actual Rows": 1, "Actual Loops": 1, "Plans": [{"Node Type": "Hash Join", "Parent Relationship": "Outer", "Join Type": "Inner", "Startup Cost": 15.33, "Total Cost": 471847.53, "Plan Rows": 331050, "Plan Width": 17, "Actual Startup Time": 8.757, "Actual Total Time": 698.585, "Actual Rows": 669, "Actual Loops": 1, "Inner Unique": true, "Hash Cond": "(mi.info_type_id = it.id), (LLVM Optimized)", "Plans": [{"Node Type": "Nested Loop", "Parent Relationship": "Outer", "Join Type": "Inner", "Startup Cost": 0.0, "Total Cost": 467462.34, "Plan Rows": 331050, "Plan Width": 21, "Actual Startup Time": 8.603, "Actual Total Time": 697.879, "Actual Rows": 669, "Actual Loops": 1, "Inner Unique": false, "Plans": [{"Node Type": "Nested Loop", "Parent Relationship": "Outer", "Join Type": "Inner", "Startup Cost": 0.0, "Total Cost": 208944.27, "Plan Rows": 289936, "Plan Width": 25, "Actual Startup Time": 8.584, "Actual Total Time": 674.172, "Actual Rows": 767, "Actual Loops": 1, "Inner Unique": true, "Plans": [{"Node Type": "Nested Loop", "Parent Relationship": "Outer", "Join Type": "Inner", "Startup Cost": 0.0, "Total Cost": 61745.44, "Plan Rows": 209278, "Plan Width": 4, "Actual Startup Time": 8.559, "Actual Total Time": 667.687, "Actual Rows": 798, "Actual Loops": 1, "Inner Unique": false, "Plans": [{"Node Type": "Index Scan", "Parent Relationship": "Outer", "Scan Direction": "Forward", "Index Name": "company_type_pkey", "Relation Name": "company_type", "Alias": "ct", "Startup Cost": 0.0, "Total Cost": 12.3, "Plan Rows": 1, "Plan Width": 4, "Actual Startup Time": 0.025, "Actual Total Time": 0.058, "Actual Rows": 1, "Actual Loops": 1, "Filter": "((kind)::text = 'production companies'::text)", "Rows Removed by Filter": 2}, {"Node Type": "Index Scan", "Parent Relationship": "Inner", "Scan Direction": "Forward", "Index Name": "company_type_id_movie_companies", "Relation Name": "movie_companies", "Alias": "mc", "Startup Cost": 0.0, "Total Cost": 59640.35, "Plan Rows": 209279, "Plan Width": 8, "Actual Startup Time": 8.528, "Actual Total Time": 667.302, "Actual Rows": 798, "Actual Loops": 1, "Index Cond": "(company_type_id = ct.id), (LLVM Optimized)", "Rows Removed by Index Recheck": 0, "Filter": "(((note)::text !~~ '%(TV)%'::text) AND ((note)::text ~~ '%(USA)%'::text)), (LLVM Optimized)", "Rows Removed by Filter": 1334085}]}, {"Node Type": "Index Scan", "Parent Relationship": "Inner", "Scan Direction": "Forward", "Index Name": "title_pkey", "Relation Name": "title", "Alias": "t", "Startup Cost": 0.0, "Total Cost": 0.69, "Plan Rows": 1, "Plan Width": 21, "Actual Startup Time": 5.513, "Actual Total Time": 5.513, "Actual Rows": 767, "Actual Loops": 798, "Index Cond": "(id = mc.movie_id)", "Rows Removed by Index Recheck": 0, "Filter": "(production_year > 1990)", "Rows Removed by Filter": 31}]}, {"Node Type": "Index Scan", "Parent Relationship": "Inner", "Scan Direction": "Forward", "Index Name": "movie_id_movie_info", "Relation Name": "movie_info", "Alias": "mi", "Startup Cost": 0.0, "Total Cost": 0.88, "Plan Rows": 1, "Plan Width": 8, "Actual Startup Time": 20.03, "Actual Total Time": 22.922, "Actual Rows": 669, "Actual Loops": 767, "Index Cond": "(movie_id = t.id)", "Rows Removed by Index Recheck": 0, "Filter": "((info)::text = ANY ('{Sweden,Norway,Germany,Denmark,Swedish,Denish,Norwegian,German,USA,American}'::text[]))", "Rows Removed by Filter": 7721}]}, {"Node Type": "Hash", "Parent Relationship": "Inner", "Startup Cost": 13.93, "Total Cost": 13.93, "Plan Rows": 112, "Plan Width": 4, "Actual Startup Time": 0.1, "Actual Total Time": 0.1, "Actual Rows": 112, "Actual Loops": 1, "Hash Buckets": 32768, "Hash Batches": 1, "Original Hash Batches": 1, "Peak Memory Usage": 4, "Plans": [{"Node Type": "Index Scan", "Parent Relationship": "Outer", "Scan Direction": "Forward", "Index Name": "info_type_pkey", "Relation Name": "info_type", "Alias": "it", "Startup Cost": 0.0, "Total Cost": 13.93, "Plan Rows": 112, "Plan Width": 4, "Actual Startup Time": 0.014, "Actual Total Time": 0.06, "Actual Rows": 112, "Actual Loops": 1}]}]}]}, "Triggers": [], "Planner Runtime": 12.107, "Total Runtime": 709.295, "Unique SQL Id": 322094867}}, "(64, 78)": {"explain_plan": {"Plan": {"Node Type": "Aggregate", "Strategy": "Plain", "Startup Cost": 282595.42, "Total Cost": 282595.43, "Plan Rows": 1, "Plan Width": 49, "Plans": [{"Node Type": "Hash Join", "Parent Relationship": "Outer", "Join Type": "Inner", "Startup Cost": 187293.84, "Total Cost": 281767.79, "Plan Rows": 331050, "Plan Width": 17, "Inner Unique": true, "Hash Cond": "(mi.info_type_id = it.id), (LLVM Optimized)", "Plans": [{"Node Type": "Hash Join", "Parent Relationship": "Outer", "Join Type": "Inner", "Startup Cost": 187290.32, "Total Cost": 277212.34, "Plan Rows": 331050, "Plan Width": 21, "Inner Unique": false, "Hash Cond": "(mi.movie_id = t.id), (LLVM Optimized)", "Plans": [{"Node Type": "Streaming(type: LOCAL GATHER dop: 1/64)", "Parent Relationship": "Outer", "Startup Cost": 0.0, "Total Cost": 85529.75, "Plan Rows": 726375, "Plan Width": 8, "Plans": [{"Node Type": "Seq Scan", "Parent Relationship": "Outer", "Relation Name": "movie_info", "Alias": "mi", "Startup Cost": 0.0, "Total Cost": 70544.72, "Plan Rows": 726375, "Plan Width": 8, "Filter": "((info)::text = ANY ('{Sweden,Norway,Germany,Denmark,Swedish,Denish,Norwegian,German,USA,American}'::text[]))"}]}, {"Node Type": "Hash", "Parent Relationship": "Inner", "Startup Cost": 183666.12, "Total Cost": 183666.12, "Plan Rows": 289936, "Plan Width": 25, "Plans": [{"Node Type": "Hash Join", "Parent Relationship": "Outer", "Join Type": "Inner", "Startup Cost": 121977.26, "Total Cost": 183666.12, "Plan Rows": 289936, "Plan Width": 25, "Inner Unique": true, "Hash Cond": "(mc.movie_id = t.id), (LLVM Optimized)", "Plans": [{"Node Type": "Hash Join", "Parent Relationship": "Outer", "Join Type": "Inner", "Startup Cost": 1.05, "Total Cost": 58005.76, "Plan Rows": 209278, "Plan Width": 4, "Inner Unique": true, "Hash Cond": "(mc.company_type_id = ct.id), (LLVM Optimized)", "Plans": [{"Node Type": "Seq Scan", "Parent Relationship": "Outer", "Relation Name": "movie_companies", "Alias": "mc", "Startup Cost": 0.0, "Total Cost": 54862.92, "Plan Rows": 418557, "Plan Width": 8, "Filter": "(((note)::text !~~ '%(TV)%'::text) AND ((note)::text ~~ '%(USA)%'::text)), (LLVM Optimized)"}, {"Node Type": "Hash", "Parent Relationship": "Inner", "Startup Cost": 1.04, "Total Cost": 1.04, "Plan Rows": 1, "Plan Width": 4, "Plans": [{"Node Type": "Seq Scan", "Parent Relationship": "Outer", "Relation Name": "company_type", "Alias": "ct", "Startup Cost": 0.0, "Total Cost": 1.04, "Plan Rows": 1, "Plan Width": 4, "Filter": "((kind)::text = 'production companies'::text)"}]}]}, {"Node Type": "Hash", "Parent Relationship": "Inner", "Startup Cost": 100115.71, "Total Cost": 100115.71, "Plan Rows": 1748840, "Plan Width": 21, "Plans": [{"Node Type": "Streaming(type: LOCAL GATHER dop: 1/64)", "Parent Relationship": "Outer", "Startup Cost": 0.0, "Total Cost": 100115.71, "Plan Rows": 1748840, "Plan Width": 21, "Plans": [{"Node Type": "Seq Scan", "Parent Relationship": "Outer", "Relation Name": "title", "Alias": "t", "Startup Cost": 0.0, "Total Cost": 64037.34, "Plan Rows": 1748840, "Plan Width": 21, "Filter": "(production_year > 1990), (LLVM Optimized)"}]}]}]}]}]}, {"Node Type": "Hash", "Parent Relationship": "Inner", "Startup Cost": 2.12, "Total Cost": 2.12, "Plan Rows": 112, "Plan Width": 4, "Plans": [{"Node Type": "Seq Scan", "Parent Relationship": "Outer", "Relation Name": "info_type", "Alias": "it", "Startup Cost": 0.0, "Total Cost": 2.12, "Plan Rows": 112, "Plan Width": 4}]}]}]}, "Unique SQL Id": 322094867}, "explain_analyze_plan": {"Plan": {"Node Type": "Aggregate", "Strategy": "Plain", "Startup Cost": 282595.42, "Total Cost": 282595.43, "Plan Rows": 1, "Plan Width": 49, "Actual Min Startup Time": 2863.059, "Actual Max Startup Time": 2863.059, "Actual Min Total Time": 2863.059, "Actual Max Total Time": 2863.059, "Actual Total Rows": 1, "Plans": [{"Node Type": "Hash Join", "Parent Relationship": "Outer", "Join Type": "Inner", "Startup Cost": 187293.84, "Total Cost": 281767.79, "Plan Rows": 331050, "Plan Width": 17, "Actual Min Startup Time": 2501.901, "Actual Max Startup Time": 2501.901, "Actual Min Total Time": 2862.568, "Actual Max Total Time": 2862.568, "Actual Total Rows": 669, "Inner Unique": true, "Hash Cond": "(mi.info_type_id = it.id), (LLVM Optimized, Jit Execute)", "Plans": [{"Node Type": "Hash Join", "Parent Relationship": "Outer", "Join Type": "Inner", "Startup Cost": 187290.32, "Total Cost": 277212.34, "Plan Rows": 331050, "Plan Width": 21, "Actual Min Startup Time": 2501.69, "Actual Max Startup Time": 2501.69, "Actual Min Total Time": 2861.865, "Actual Max Total Time": 2861.865, "Actual Total Rows": 669, "Inner Unique": false, "Hash Cond": "(mi.movie_id = t.id), (LLVM Optimized, Jit Execute)", "Plans": [{"Node Type": "Streaming(type: LOCAL GATHER dop: 1/64)", "Parent Relationship": "Outer", "Startup Cost": 0.0, "Total Cost": 85529.75, "Plan Rows": 726375, "Plan Width": 8, "Actual Min Startup Time": 0.158, "Actual Max Startup Time": 0.158, "Actual Min Total Time": 218.045, "Actual Max Total Time": 218.045, "Actual Total Rows": 706674, "Plans": [{"Node Type": "Seq Scan", "Parent Relationship": "Outer", "Relation Name": "movie_info", "Alias": "mi", "Startup Cost": 0.0, "Total Cost": 70544.72, "Plan Rows": 726375, "Plan Width": 8, "Actual Min Startup Time": 0.04, "Actual Max Startup Time": 3.309, "Actual Min Total Time": 121.222, "Actual Max Total Time": 141.902, "Actual Total Rows": 706674, "Filter": "((info)::text = ANY ('{Sweden,Norway,Germany,Denmark,Swedish,Denish,Norwegian,German,USA,American}'::text[]))", "Rows Removed by Filter": 14129045}]}, {"Node Type": "Hash", "Parent Relationship": "Inner", "Startup Cost": 183666.12, "Total Cost": 183666.12, "Plan Rows": 289936, "Plan Width": 25, "Actual Min Startup Time": 2495.521, "Actual Max Startup Time": 2495.521, "Actual Min Total Time": 2495.521, "Actual Max Total Time": 2495.521, "Actual Total Rows": 767, "Max Hash Buckets": 524288, "Min Hash Buckets": 524288, "Max Hash Batches": 1, "Min Hash Batches": 1, "Max Original Hash Batches": 1, "Min Original Hash Batches": 1, "Max Peak Memory Usage": 45, "min Peak Memory Usage": 45, "Plans": [{"Node Type": "Hash Join", "Parent Relationship": "Outer", "Join Type": "Inner", "Startup Cost": 121977.26, "Total Cost": 183666.12, "Plan Rows": 289936, "Plan Width": 25, "Actual Min Startup Time": 2159.015, "Actual Max Startup Time": 2159.015, "Actual Min Total Time": 2495.106, "Actual Max Total Time": 2495.106, "Actual Total Rows": 767, "Inner Unique": true, "Hash Cond": "(mc.movie_id = t.id), (LLVM Optimized, Jit Execute)", "Plans": [{"Node Type": "Hash Join", "Parent Relationship": "Outer", "Join Type": "Inner", "Startup Cost": 1.05, "Total Cost": 58005.76, "Plan Rows": 209278, "Plan Width": 4, "Actual Min Startup Time": 793.946, "Actual Max Startup Time": 793.946, "Actual Min Total Time": 1129.362, "Actual Max Total Time": 1129.362, "Actual Total Rows": 798, "Inner Unique": true, "Hash Cond": "(mc.company_type_id = ct.id), (LLVM Optimized, Jit Execute)", "Plans": [{"Node Type": "Seq Scan", "Parent Relationship": "Outer", "Relation Name": "movie_companies", "Alias": "mc", "Startup Cost": 0.0, "Total Cost": 54862.92, "Plan Rows": 418557, "Plan Width": 8, "Actual Min Startup Time": 0.053, "Actual Max Startup Time": 0.053, "Actual Min Total Time": 1077.451, "Actual Max Total Time": 1077.451, "Actual Total Rows": 295628, "Filter": "(((note)::text !~~ '%(TV)%'::text) AND ((note)::text ~~ '%(USA)%'::text)), (LLVM Optimized, Jit Execute)", "Rows Removed by Filter": 2313500}, {"Node Type": "Hash", "Parent Relationship": "Inner", "Startup Cost": 1.04, "Total Cost": 1.04, "Plan Rows": 1, "Plan Width": 4, "Actual Min Startup Time": 0.032, "Actual Max Startup Time": 0.032, "Actual Min Total Time": 0.032, "Actual Max Total Time": 0.032, "Actual Total Rows": 1, "Max Hash Buckets": 32768, "Min Hash Buckets": 32768, "Max Hash Batches": 1, "Min Hash Batches": 1, "Max Original Hash Batches": 1, "Min Original Hash Batches": 1, "Max Peak Memory Usage": 1, "min Peak Memory Usage": 1, "Plans": [{"Node Type": "Seq Scan", "Parent Relationship": "Outer", "Relation Name": "company_type", "Alias": "ct", "Startup Cost": 0.0, "Total Cost": 1.04, "Plan Rows": 1, "Plan Width": 4, "Actual Min Startup Time": 0.024, "Actual Max Startup Time": 0.024, "Actual Min Total Time": 0.027, "Actual Max Total Time": 0.027, "Actual Total Rows": 1, "Filter": "((kind)::text = 'production companies'::text)", "Rows Removed by Filter": 2}]}]}, {"Node Type": "Hash", "Parent Relationship": "Inner", "Startup Cost": 100115.71, "Total Cost": 100115.71, "Plan Rows": 1748840, "Plan Width": 21, "Actual Min Startup Time": 1363.436, "Actual Max Startup Time": 1363.436, "Actual Min Total Time": 1363.436, "Actual Max Total Time": 1363.436, "Actual Total Rows": 1749032, "Max Hash Buckets": 2097152, "Min Hash Buckets": 2097152, "Max Hash Batches": 1, "Min Hash Batches": 1, "Max Original Hash Batches": 1, "Min Original Hash Batches": 1, "Max Peak Memory Usage": 93635, "min Peak Memory Usage": 93635, "Plans": [{"Node Type": "Streaming(type: LOCAL GATHER dop: 1/64)", "Parent Relationship": "Outer", "Startup Cost": 0.0, "Total Cost": 100115.71, "Plan Rows": 1748840, "Plan Width": 21, "Actual Min Startup Time": 111.075, "Actual Max Startup Time": 111.075, "Actual Min Total Time": 745.821, "Actual Max Total Time": 745.821, "Actual Total Rows": 1749032, "Plans": [{"Node Type": "Seq Scan", "Parent Relationship": "Outer", "Relation Name": "title", "Alias": "t", "Startup Cost": 0.0, "Total Cost": 64037.34, "Plan Rows": 1748840, "Plan Width": 21, "Actual Min Startup Time": 0.025, "Actual Max Startup Time": 0.049, "Actual Min Total Time": 15.077, "Actual Max Total Time": 19.374, "Actual Total Rows": 1749032, "Filter": "(production_year > 1990), (LLVM Optimized, Jit Execute)", "Rows Removed by Filter": 779279}]}]}]}]}]}, {"Node Type": "Hash", "Parent Relationship": "Inner", "Startup Cost": 2.12, "Total Cost": 2.12, "Plan Rows": 112, "Plan Width": 4, "Actual Min Startup Time": 0.133, "Actual Max Startup Time": 0.133, "Actual Min Total Time": 0.133, "Actual Max Total Time": 0.133, "Actual Total Rows": 112, "Max Hash Buckets": 32768, "Min Hash Buckets": 32768, "Max Hash Batches": 1, "Min Hash Batches": 1, "Max Original Hash Batches": 1, "Min Original Hash Batches": 1, "Max Peak Memory Usage": 4, "min Peak Memory Usage": 4, "Plans": [{"Node Type": "Seq Scan", "Parent Relationship": "Outer", "Relation Name": "info_type", "Alias": "it", "Startup Cost": 0.0, "Total Cost": 2.12, "Plan Rows": 112, "Plan Width": 4, "Actual Min Startup Time": 0.056, "Actual Max Startup Time": 0.056, "Actual Min Total Time": 0.079, "Actual Max Total Time": 0.079, "Actual Total Rows": 112}]}]}]}, "Triggers": [], "Planner Runtime": 19.742, "Total Runtime": 2897.891, "Unique SQL Id": 322094867}}, "(64, 79)": {"explain_plan": {"Plan": {"Node Type": "Aggregate", "Strategy": "Plain", "Startup Cost": 4999016304759.37, "Total Cost": 4999016304759.38, "Plan Rows": 1, "Plan Width": 49, "Plans": [{"Node Type": "Hash Join", "Parent Relationship": "Outer", "Join Type": "Inner", "Startup Cost": 2030041467981.55, "Total Cost": 4999016303931.75, "Plan Rows": 331050, "Plan Width": 17, "Inner Unique": true, "Hash Cond": "(mi.info_type_id = it.id), (LLVM Optimized)", "Plans": [{"Node Type": "Hash Join", "Parent Relationship": "Outer", "Join Type": "Inner", "Startup Cost": 1030041466587.15, "Total Cost": 3999016297985.41, "Plan Rows": 331050, "Plan Width": 21, "Inner Unique": true, "Hash Cond": "(mc.company_type_id = ct.id), (LLVM Optimized)", "Plans": [{"Node Type": "Merge Join", "Parent Relationship": "Outer", "Join Type": "Inner", "Startup Cost": 30041465356.89, "Total Cost": 2999016291785.23, "Plan Rows": 662103, "Plan Width": 25, "Inner Unique": true, "Merge Cond": "(mi.movie_id = t.id)", "Plans": [{"Node Type": "Merge Join", "Parent Relationship": "Outer", "Join Type": "Inner", "Startup Cost": 20016557124.84, "Total Cost": 1999706028641.27, "Plan Rows": 477912, "Plan Width": 16, "Inner Unique": false, "Merge Cond": "(mc.movie_id = mi.movie_id)", "Plans": [{"Node Type": "Index Scan", "Parent Relationship": "Outer", "Scan Direction": "Forward", "Index Name": "movie_id_movie_companies", "Relation Name": "movie_companies", "Alias": "mc", "Startup Cost": 10000000000.0, "Total Cost": 1000014356510.13, "Plan Rows": 418557, "Plan Width": 8, "Filter": "(((note)::text !~~ '%(TV)%'::text) AND ((note)::text ~~ '%(USA)%'::text)), (LLVM Optimized)"}, {"Node Type": "Index Scan", "Parent Relationship": "Inner", "Scan Direction": "Forward", "Index Name": "movie_id_movie_info", "Relation Name": "movie_info", "Alias": "mi", "Startup Cost": 10000000000.0, "Total Cost": 1000122404369.72, "Plan Rows": 726375, "Plan Width": 8, "Filter": "((info)::text = ANY ('{Sweden,Norway,Germany,Denmark,Swedish,Denish,Norwegian,German,USA,American}'::text[]))"}]}, {"Node Type": "Index Scan", "Parent Relationship": "Inner", "Scan Direction": "Forward", "Index Name": "title_pkey", "Relation Name": "title", "Alias": "t", "Startup Cost": 10000000000.0, "Total Cost": 1000011644126.66, "Plan Rows": 1748840, "Plan Width": 21, "Filter": "(production_year > 1990), (LLVM Optimized)"}]}, {"Node Type": "Hash", "Parent Relationship": "Inner", "Startup Cost": 1000000001230.25, "Total Cost": 1000000001230.25, "Plan Rows": 1, "Plan Width": 4, "Plans": [{"Node Type": "Index Scan", "Parent Relationship": "Outer", "Scan Direction": "Forward", "Index Name": "company_type_pkey", "Relation Name": "company_type", "Alias": "ct", "Startup Cost": 10000000000.0, "Total Cost": 1000000001230.25, "Plan Rows": 1, "Plan Width": 4, "Filter": "((kind)::text = 'production companies'::text)"}]}]}, {"Node Type": "Hash", "Parent Relationship": "Inner", "Startup Cost": 1000000001393.0, "Total Cost": 1000000001393.0, "Plan Rows": 112, "Plan Width": 4, "Plans": [{"Node Type": "Index Scan", "Parent Relationship": "Outer", "Scan Direction": "Forward", "Index Name": "info_type_pkey", "Relation Name": "info_type", "Alias": "it", "Startup Cost": 10000000000.0, "Total Cost": 1000000001393.0, "Plan Rows": 112, "Plan Width": 4}]}]}]}, "Unique SQL Id": 322094867}, "explain_analyze_plan": null}, "(64, 80)": {"explain_plan": {"Plan": {"Node Type": "Aggregate", "Strategy": "Plain", "Startup Cost": 503598.61, "Total Cost": 503598.62, "Plan Rows": 1, "Plan Width": 49, "Plans": [{"Node Type": "Merge Join", "Parent Relationship": "Outer", "Join Type": "Inner", "Startup Cost": 497892.98, "Total Cost": 502770.99, "Plan Rows": 331050, "Plan Width": 17, "Inner Unique": false, "Merge Cond": "(it.id = mi.info_type_id)", "Plans": [{"Node Type": "Index Only Scan", "Parent Relationship": "Outer", "Scan Direction": "Forward", "Index Name": "info_type_pkey", "Relation Name": "info_type", "Alias": "it", "Startup Cost": 0.0, "Total Cost": 2.12, "Plan Rows": 112, "Plan Width": 4}, {"Node Type": "Sort", "Parent Relationship": "Inner", "Startup Cost": 497802.88, "Total Cost": 498630.5, "Plan Rows": 331050, "Plan Width": 21, "Sort Key": ["mi.info_type_id"], "Plans": [{"Node Type": "Nested Loop", "Parent Relationship": "Outer", "Join Type": "Inner", "Startup Cost": 0.0, "Total Cost": 467451.07, "Plan Rows": 331050, "Plan Width": 21, "Inner Unique": false, "Plans": [{"Node Type": "Nested Loop", "Parent Relationship": "Outer", "Join Type": "Inner", "Startup Cost": 0.0, "Total Cost": 208933.0, "Plan Rows": 289936, "Plan Width": 25, "Inner Unique": true, "Plans": [{"Node Type": "Nested Loop", "Parent Relationship": "Outer", "Join Type": "Inner", "Startup Cost": 0.0, "Total Cost": 61734.18, "Plan Rows": 209278, "Plan Width": 4, "Inner Unique": false, "Plans": [{"Node Type": "Seq Scan", "Parent Relationship": "Outer", "Relation Name": "company_type", "Alias": "ct", "Startup Cost": 0.0, "Total Cost": 1.04, "Plan Rows": 1, "Plan Width": 4, "Filter": "((kind)::text = 'production companies'::text)"}, {"Node Type": "Index Scan", "Parent Relationship": "Inner", "Scan Direction": "Forward", "Index Name": "company_type_id_movie_companies", "Relation Name": "movie_companies", "Alias": "mc", "Startup Cost": 0.0, "Total Cost": 59640.35, "Plan Rows": 209279, "Plan Width": 8, "Index Cond": "(company_type_id = ct.id), (LLVM Optimized)", "Filter": "(((note)::text !~~ '%(TV)%'::text) AND ((note)::text ~~ '%(USA)%'::text)), (LLVM Optimized)"}]}, {"Node Type": "Index Scan", "Parent Relationship": "Inner", "Scan Direction": "Forward", "Index Name": "title_pkey", "Relation Name": "title", "Alias": "t", "Startup Cost": 0.0, "Total Cost": 0.69, "Plan Rows": 1, "Plan Width": 21, "Index Cond": "(id = mc.movie_id)", "Filter": "(production_year > 1990)"}]}, {"Node Type": "Index Scan", "Parent Relationship": "Inner", "Scan Direction": "Forward", "Index Name": "movie_id_movie_info", "Relation Name": "movie_info", "Alias": "mi", "Startup Cost": 0.0, "Total Cost": 0.88, "Plan Rows": 1, "Plan Width": 8, "Index Cond": "(movie_id = t.id)", "Filter": "((info)::text = ANY ('{Sweden,Norway,Germany,Denmark,Swedish,Denish,Norwegian,German,USA,American}'::text[]))"}]}]}]}]}, "Unique SQL Id": 322094867}, "explain_analyze_plan": {"Plan": {"Node Type": "Aggregate", "Strategy": "Plain", "Startup Cost": 503598.61, "Total Cost": 503598.62, "Plan Rows": 1, "Plan Width": 49, "Actual Startup Time": 777.07, "Actual Total Time": 777.07, "Actual Rows": 1, "Actual Loops": 1, "Plans": [{"Node Type": "Merge Join", "Parent Relationship": "Outer", "Join Type": "Inner", "Startup Cost": 497892.98, "Total Cost": 502770.99, "Plan Rows": 331050, "Plan Width": 17, "Actual Startup Time": 776.592, "Actual Total Time": 776.847, "Actual Rows": 669, "Actual Loops": 1, "Inner Unique": false, "Merge Cond": "(it.id = mi.info_type_id)", "Plans": [{"Node Type": "Index Only Scan", "Parent Relationship": "Outer", "Scan Direction": "Forward", "Index Name": "info_type_pkey", "Relation Name": "info_type", "Alias": "it", "Startup Cost": 0.0, "Total Cost": 2.12, "Plan Rows": 112, "Plan Width": 4, "Actual Startup Time": 0.013, "Actual Total Time": 0.018, "Actual Rows": 18, "Actual Loops": 1, "Heap Fetches": 0}, {"Node Type": "Sort", "Parent Relationship": "Inner", "Startup Cost": 497802.88, "Total Cost": 498630.5, "Plan Rows": 331050, "Plan Width": 21, "Actual Startup Time": 776.563, "Actual Total Time": 776.637, "Actual Rows": 669, "Actual Loops": 1, "Sort Key": ["mi.info_type_id"], "Sort Method": "quicksort", "Sort Space Used": 90, "Sort Space Type": "Memory", "Plans": [{"Node Type": "Nested Loop", "Parent Relationship": "Outer", "Join Type": "Inner", "Startup Cost": 0.0, "Total Cost": 467451.07, "Plan Rows": 331050, "Plan Width": 21, "Actual Startup Time": 9.615, "Actual Total Time": 776.163, "Actual Rows": 669, "Actual Loops": 1, "Inner Unique": false, "Plans": [{"Node Type": "Nested Loop", "Parent Relationship": "Outer", "Join Type": "Inner", "Startup Cost": 0.0, "Total Cost": 208933.0, "Plan Rows": 289936, "Plan Width": 25, "Actual Startup Time": 9.588, "Actual Total Time": 751.55, "Actual Rows": 767, "Actual Loops": 1, "Inner Unique": true, "Plans": [{"Node Type": "Nested Loop", "Parent Relationship": "Outer", "Join Type": "Inner", "Startup Cost": 0.0, "Total Cost": 61734.18, "Plan Rows": 209278, "Plan Width": 4, "Actual Startup Time": 9.568, "Actual Total Time": 744.381, "Actual Rows": 798, "Actual Loops": 1, "Inner Unique": false, "Plans": [{"Node Type": "Seq Scan", "Parent Relationship": "Outer", "Relation Name": "company_type", "Alias": "ct", "Startup Cost": 0.0, "Total Cost": 1.04, "Plan Rows": 1, "Plan Width": 4, "Actual Startup Time": 0.014, "Actual Total Time": 0.022, "Actual Rows": 1, "Actual Loops": 1, "Filter": "((kind)::text = 'production companies'::text)", "Rows Removed by Filter": 2}, {"Node Type": "Index Scan", "Parent Relationship": "Inner", "Scan Direction": "Forward", "Index Name": "company_type_id_movie_companies", "Relation Name": "movie_companies", "Alias": "mc", "Startup Cost": 0.0, "Total Cost": 59640.35, "Plan Rows": 209279, "Plan Width": 8, "Actual Startup Time": 9.55, "Actual Total Time": 744.123, "Actual Rows": 798, "Actual Loops": 1, "Index Cond": "(company_type_id = ct.id), (LLVM Optimized, Jit Execute)", "Rows Removed by Index Recheck": 0, "Filter": "(((note)::text !~~ '%(TV)%'::text) AND ((note)::text ~~ '%(USA)%'::text)), (LLVM Optimized, Jit Execute)", "Rows Removed by Filter": 1334085}]}, {"Node Type": "Index Scan", "Parent Relationship": "Inner", "Scan Direction": "Forward", "Index Name": "title_pkey", "Relation Name": "title", "Alias": "t", "Startup Cost": 0.0, "Total Cost": 0.69, "Plan Rows": 1, "Plan Width": 21, "Actual Startup Time": 6.314, "Actual Total Time": 6.314, "Actual Rows": 767, "Actual Loops": 798, "Index Cond": "(id = mc.movie_id)", "Rows Removed by Index Recheck": 0, "Filter": "(production_year > 1990)", "Rows Removed by Filter": 31}]}, {"Node Type": "Index Scan", "Parent Relationship": "Inner", "Scan Direction": "Forward", "Index Name": "movie_id_movie_info", "Relation Name": "movie_info", "Alias": "mi", "Startup Cost": 0.0, "Total Cost": 0.88, "Plan Rows": 1, "Plan Width": 8, "Actual Startup Time": 21.113, "Actual Total Time": 23.942, "Actual Rows": 669, "Actual Loops": 767, "Index Cond": "(movie_id = t.id)", "Rows Removed by Index Recheck": 0, "Filter": "((info)::text = ANY ('{Sweden,Norway,Germany,Denmark,Swedish,Denish,Norwegian,German,USA,American}'::text[]))", "Rows Removed by Filter": 7721}]}]}]}]}, "Triggers": [], "Planner Runtime": 7.988, "Total Runtime": 786.831, "Unique SQL Id": 322094867}}, "(64, 81)": {"explain_plan": {"Plan": {"Node Type": "Aggregate", "Strategy": "Plain", "Startup Cost": 503617.55, "Total Cost": 503617.56, "Plan Rows": 1, "Plan Width": 49, "Plans": [{"Node Type": "Merge Join", "Parent Relationship": "Outer", "Join Type": "Inner", "Startup Cost": 497904.24, "Total Cost": 502789.92, "Plan Rows": 331050, "Plan Width": 17, "Inner Unique": false, "Merge Cond": "(it.id = mi.info_type_id)", "Plans": [{"Node Type": "Index Only Scan", "Parent Relationship": "Outer", "Scan Direction": "Forward", "Index Name": "info_type_pkey", "Relation Name": "info_type", "Alias": "it", "Startup Cost": 0.0, "Total Cost": 9.93, "Plan Rows": 112, "Plan Width": 4}, {"Node Type": "Sort", "Parent Relationship": "Inner", "Startup Cost": 497814.14, "Total Cost": 498641.77, "Plan Rows": 331050, "Plan Width": 21, "Sort Key": ["mi.info_type_id"], "Plans": [{"Node Type": "Nested Loop", "Parent Relationship": "Outer", "Join Type": "Inner", "Startup Cost": 0.0, "Total Cost": 467462.34, "Plan Rows": 331050, "Plan Width": 21, "Inner Unique": false, "Plans": [{"Node Type": "Nested Loop", "Parent Relationship": "Outer", "Join Type": "Inner", "Startup Cost": 0.0, "Total Cost": 208944.27, "Plan Rows": 289936, "Plan Width": 25, "Inner Unique": true, "Plans": [{"Node Type": "Nested Loop", "Parent Relationship": "Outer", "Join Type": "Inner", "Startup Cost": 0.0, "Total Cost": 61745.44, "Plan Rows": 209278, "Plan Width": 4, "Inner Unique": false, "Plans": [{"Node Type": "Index Scan", "Parent Relationship": "Outer", "Scan Direction": "Forward", "Index Name": "company_type_pkey", "Relation Name": "company_type", "Alias": "ct", "Startup Cost": 0.0, "Total Cost": 12.3, "Plan Rows": 1, "Plan Width": 4, "Filter": "((kind)::text = 'production companies'::text)"}, {"Node Type": "Index Scan", "Parent Relationship": "Inner", "Scan Direction": "Forward", "Index Name": "company_type_id_movie_companies", "Relation Name": "movie_companies", "Alias": "mc", "Startup Cost": 0.0, "Total Cost": 59640.35, "Plan Rows": 209279, "Plan Width": 8, "Index Cond": "(company_type_id = ct.id), (LLVM Optimized)", "Filter": "(((note)::text !~~ '%(TV)%'::text) AND ((note)::text ~~ '%(USA)%'::text)), (LLVM Optimized)"}]}, {"Node Type": "Index Scan", "Parent Relationship": "Inner", "Scan Direction": "Forward", "Index Name": "title_pkey", "Relation Name": "title", "Alias": "t", "Startup Cost": 0.0, "Total Cost": 0.69, "Plan Rows": 1, "Plan Width": 21, "Index Cond": "(id = mc.movie_id)", "Filter": "(production_year > 1990)"}]}, {"Node Type": "Index Scan", "Parent Relationship": "Inner", "Scan Direction": "Forward", "Index Name": "movie_id_movie_info", "Relation Name": "movie_info", "Alias": "mi", "Startup Cost": 0.0, "Total Cost": 0.88, "Plan Rows": 1, "Plan Width": 8, "Index Cond": "(movie_id = t.id)", "Filter": "((info)::text = ANY ('{Sweden,Norway,Germany,Denmark,Swedish,Denish,Norwegian,German,USA,American}'::text[]))"}]}]}]}]}, "Unique SQL Id": 322094867}, "explain_analyze_plan": {"Plan": {"Node Type": "Aggregate", "Strategy": "Plain", "Startup Cost": 503617.55, "Total Cost": 503617.56, "Plan Rows": 1, "Plan Width": 49, "Actual Startup Time": 688.66, "Actual Total Time": 688.66, "Actual Rows": 1, "Actual Loops": 1, "Plans": [{"Node Type": "Merge Join", "Parent Relationship": "Outer", "Join Type": "Inner", "Startup Cost": 497904.24, "Total Cost": 502789.92, "Plan Rows": 331050, "Plan Width": 17, "Actual Startup Time": 688.192, "Actual Total Time": 688.43, "Actual Rows": 669, "Actual Loops": 1, "Inner Unique": false, "Merge Cond": "(it.id = mi.info_type_id)", "Plans": [{"Node Type": "Index Only Scan", "Parent Relationship": "Outer", "Scan Direction": "Forward", "Index Name": "info_type_pkey", "Relation Name": "info_type", "Alias": "it", "Startup Cost": 0.0, "Total Cost": 9.93, "Plan Rows": 112, "Plan Width": 4, "Actual Startup Time": 0.015, "Actual Total Time": 0.022, "Actual Rows": 18, "Actual Loops": 1, "Heap Fetches": 0}, {"Node Type": "Sort", "Parent Relationship": "Inner", "Startup Cost": 497814.14, "Total Cost": 498641.77, "Plan Rows": 331050, "Plan Width": 21, "Actual Startup Time": 688.157, "Actual Total Time": 688.238, "Actual Rows": 669, "Actual Loops": 1, "Sort Key": ["mi.info_type_id"], "Sort Method": "quicksort", "Sort Space Used": 90, "Sort Space Type": "Memory", "Plans": [{"Node Type": "Nested Loop", "Parent Relationship": "Outer", "Join Type": "Inner", "Startup Cost": 0.0, "Total Cost": 467462.34, "Plan Rows": 331050, "Plan Width": 21, "Actual Startup Time": 8.62, "Actual Total Time": 687.694, "Actual Rows": 669, "Actual Loops": 1, "Inner Unique": false, "Plans": [{"Node Type": "Nested Loop", "Parent Relationship": "Outer", "Join Type": "Inner", "Startup Cost": 0.0, "Total Cost": 208944.27, "Plan Rows": 289936, "Plan Width": 25, "Actual Startup Time": 8.599, "Actual Total Time": 661.543, "Actual Rows": 767, "Actual Loops": 1, "Inner Unique": true, "Plans": [{"Node Type": "Nested Loop", "Parent Relationship": "Outer", "Join Type": "Inner", "Startup Cost": 0.0, "Total Cost": 61745.44, "Plan Rows": 209278, "Plan Width": 4, "Actual Startup Time": 8.578, "Actual Total Time": 654.207, "Actual Rows": 798, "Actual Loops": 1, "Inner Unique": false, "Plans": [{"Node Type": "Index Scan", "Parent Relationship": "Outer", "Scan Direction": "Forward", "Index Name": "company_type_pkey", "Relation Name": "company_type", "Alias": "ct", "Startup Cost": 0.0, "Total Cost": 12.3, "Plan Rows": 1, "Plan Width": 4, "Actual Startup Time": 0.018, "Actual Total Time": 0.024, "Actual Rows": 1, "Actual Loops": 1, "Filter": "((kind)::text = 'production companies'::text)", "Rows Removed by Filter": 2}, {"Node Type": "Index Scan", "Parent Relationship": "Inner", "Scan Direction": "Forward", "Index Name": "company_type_id_movie_companies", "Relation Name": "movie_companies", "Alias": "mc", "Startup Cost": 0.0, "Total Cost": 59640.35, "Plan Rows": 209279, "Plan Width": 8, "Actual Startup Time": 8.556, "Actual Total Time": 653.906, "Actual Rows": 798, "Actual Loops": 1, "Index Cond": "(company_type_id = ct.id), (LLVM Optimized, Jit Execute)", "Rows Removed by Index Recheck": 0, "Filter": "(((note)::text !~~ '%(TV)%'::text) AND ((note)::text ~~ '%(USA)%'::text)), (LLVM Optimized, Jit Execute)", "Rows Removed by Filter": 1334085}]}, {"Node Type": "Index Scan", "Parent Relationship": "Inner", "Scan Direction": "Forward", "Index Name": "title_pkey", "Relation Name": "title", "Alias": "t", "Startup Cost": 0.0, "Total Cost": 0.69, "Plan Rows": 1, "Plan Width": 21, "Actual Startup Time": 6.319, "Actual Total Time": 6.319, "Actual Rows": 767, "Actual Loops": 798, "Index Cond": "(id = mc.movie_id)", "Rows Removed by Index Recheck": 0, "Filter": "(production_year > 1990)", "Rows Removed by Filter": 31}]}, {"Node Type": "Index Scan", "Parent Relationship": "Inner", "Scan Direction": "Forward", "Index Name": "movie_id_movie_info", "Relation Name": "movie_info", "Alias": "mi", "Startup Cost": 0.0, "Total Cost": 0.88, "Plan Rows": 1, "Plan Width": 8, "Actual Startup Time": 22.446, "Actual Total Time": 25.507, "Actual Rows": 669, "Actual Loops": 767, "Index Cond": "(movie_id = t.id)", "Rows Removed by Index Recheck": 0, "Filter": "((info)::text = ANY ('{Sweden,Norway,Germany,Denmark,Swedish,Denish,Norwegian,German,USA,American}'::text[]))", "Rows Removed by Filter": 7721}]}]}]}]}, "Triggers": [], "Planner Runtime": 7.997, "Total Runtime": 698.237, "Unique SQL Id": 322094867}}, "(64, 82)": {"explain_plan": {"Plan": {"Node Type": "Aggregate", "Strategy": "Plain", "Startup Cost": 2170203.57, "Total Cost": 2170203.58, "Plan Rows": 1, "Plan Width": 49, "Plans": [{"Node Type": "Nested Loop", "Parent Relationship": "Outer", "Join Type": "Inner", "Startup Cost": 1130296.08, "Total Cost": 2169375.94, "Plan Rows": 331050, "Plan Width": 17, "Inner Unique": true, "Plans": [{"Node Type": "Merge Join", "Parent Relationship": "Outer", "Join Type": "Inner", "Startup Cost": 1130295.77, "Total Cost": 1133815.61, "Plan Rows": 238955, "Plan Width": 8, "Inner Unique": false, "Merge Cond": "(it.id = mi.info_type_id)", "Plans": [{"Node Type": "Sort", "Parent Relationship": "Outer", "Startup Cost": 5.93, "Total Cost": 6.21, "Plan Rows": 112, "Plan Width": 4, "Sort Key": ["it.id"], "Plans": [{"Node Type": "Seq Scan", "Parent Relationship": "Outer", "Relation Name": "info_type", "Alias": "it", "Startup Cost": 0.0, "Total Cost": 2.12, "Plan Rows": 112, "Plan Width": 4}]}, {"Node Type": "Sort", "Parent Relationship": "Inner", "Startup Cost": 1130224.8, "Total Cost": 1130822.19, "Plan Rows": 238955, "Plan Width": 12, "Sort Key": ["mi.info_type_id"], "Plans": [{"Node Type": "Nested Loop", "Parent Relationship": "Outer", "Join Type": "Inner", "Startup Cost": 28997.63, "Total Cost": 1108878.5, "Plan Rows": 238955, "Plan Width": 12, "Inner Unique": false, "Plans": [{"Node Type": "Nested Loop", "Parent Relationship": "Outer", "Join Type": "Inner", "Startup Cost": 28996.8, "Total Cost": 69646.5, "Plan Rows": 209278, "Plan Width": 4, "Inner Unique": false, "Plans": [{"Node Type": "Seq Scan", "Parent Relationship": "Outer", "Relation Name": "company_type", "Alias": "ct", "Startup Cost": 0.0, "Total Cost": 1.04, "Plan Rows": 1, "Plan Width": 4, "Filter": "((kind)::text = 'production companies'::text)"}, {"Node Type": "Bitmap Heap Scan", "Parent Relationship": "Inner", "Relation Name": "movie_companies", "Alias": "mc", "Startup Cost": 28996.8, "Total Cost": 67552.67, "Plan Rows": 209279, "Plan Width": 8, "Recheck Cond": "(company_type_id = ct.id), (LLVM Optimized)", "Filter": "(((note)::text !~~ '%(TV)%'::text) AND ((note)::text ~~ '%(USA)%'::text)), (LLVM Optimized)", "Plans": [{"Node Type": "Bitmap Index Scan", "Parent Relationship": "Outer", "Index Name": "company_type_id_movie_companies", "Startup Cost": 0.0, "Total Cost": 28944.48, "Plan Rows": 1304564, "Plan Width": 0, "Index Cond": "(company_type_id = ct.id)"}]}]}, {"Node Type": "Bitmap Heap Scan", "Parent Relationship": "Inner", "Relation Name": "movie_info", "Alias": "mi", "Startup Cost": 0.83, "Total Cost": 4.96, "Plan Rows": 1, "Plan Width": 8, "Recheck Cond": "(movie_id = mc.movie_id)", "Filter": "((info)::text = ANY ('{Sweden,Norway,Germany,Denmark,Swedish,Denish,Norwegian,German,USA,American}'::text[]))", "Plans": [{"Node Type": "Bitmap Index Scan", "Parent Relationship": "Outer", "Index Name": "movie_id_movie_info", "Startup Cost": 0.0, "Total Cost": 0.83, "Plan Rows": 5, "Plan Width": 0, "Index Cond": "(movie_id = mc.movie_id)"}]}]}]}]}, {"Node Type": "Bitmap Heap Scan", "Parent Relationship": "Inner", "Relation Name": "title", "Alias": "t", "Startup Cost": 0.31, "Total Cost": 4.32, "Plan Rows": 1, "Plan Width": 21, "Recheck Cond": "(id = mi.movie_id)", "Filter": "(production_year > 1990)", "Plans": [{"Node Type": "Bitmap Index Scan", "Parent Relationship": "Outer", "Index Name": "title_pkey", "Startup Cost": 0.0, "Total Cost": 0.31, "Plan Rows": 1, "Plan Width": 0, "Index Cond": "(id = mi.movie_id)"}]}]}]}, "Unique SQL Id": 322094867}, "explain_analyze_plan": {"Plan": {"Node Type": "Aggregate", "Strategy": "Plain", "Startup Cost": 2170203.57, "Total Cost": 2170203.58, "Plan Rows": 1, "Plan Width": 49, "Actual Startup Time": 716.078, "Actual Total Time": 716.078, "Actual Rows": 1, "Actual Loops": 1, "Plans": [{"Node Type": "Nested Loop", "Parent Relationship": "Outer", "Join Type": "Inner", "Startup Cost": 1130296.08, "Total Cost": 2169375.94, "Plan Rows": 331050, "Plan Width": 17, "Actual Startup Time": 708.467, "Actual Total Time": 715.723, "Actual Rows": 669, "Actual Loops": 1, "Inner Unique": true, "Plans": [{"Node Type": "Merge Join", "Parent Relationship": "Outer", "Join Type": "Inner", "Startup Cost": 1130295.77, "Total Cost": 1133815.61, "Plan Rows": 238955, "Plan Width": 8, "Actual Startup Time": 708.419, "Actual Total Time": 708.731, "Actual Rows": 691, "Actual Loops": 1, "Inner Unique": false, "Merge Cond": "(it.id = mi.info_type_id)", "Plans": [{"Node Type": "Sort", "Parent Relationship": "Outer", "Startup Cost": 5.93, "Total Cost": 6.21, "Plan Rows": 112, "Plan Width": 4, "Actual Startup Time": 0.087, "Actual Total Time": 0.09, "Actual Rows": 18, "Actual Loops": 1, "Sort Key": ["it.id"], "Sort Method": "quicksort", "Sort Space Used": 32, "Sort Space Type": "Memory", "Plans": [{"Node Type": "Seq Scan", "Parent Relationship": "Outer", "Relation Name": "info_type", "Alias": "it", "Startup Cost": 0.0, "Total Cost": 2.12, "Plan Rows": 112, "Plan Width": 4, "Actual Startup Time": 0.022, "Actual Total Time": 0.036, "Actual Rows": 112, "Actual Loops": 1}]}, {"Node Type": "Sort", "Parent Relationship": "Inner", "Startup Cost": 1130224.8, "Total Cost": 1130822.19, "Plan Rows": 238955, "Plan Width": 12, "Actual Startup Time": 708.319, "Actual Total Time": 708.402, "Actual Rows": 691, "Actual Loops": 1, "Sort Key": ["mi.info_type_id"], "Sort Method": "quicksort", "Sort Space Used": 89, "Sort Space Type": "Memory", "Plans": [{"Node Type": "Nested Loop", "Parent Relationship": "Outer", "Join Type": "Inner", "Startup Cost": 28997.63, "Total Cost": 1108878.5, "Plan Rows": 238955, "Plan Width": 12, "Actual Startup Time": 166.34, "Actual Total Time": 707.908, "Actual Rows": 691, "Actual Loops": 1, "Inner Unique": false, "Plans": [{"Node Type": "Nested Loop", "Parent Relationship": "Outer", "Join Type": "Inner", "Startup Cost": 28996.8, "Total Cost": 69646.5, "Plan Rows": 209278, "Plan Width": 4, "Actual Startup Time": 166.258, "Actual Total Time": 677.284, "Actual Rows": 798, "Actual Loops": 1, "Inner Unique": false, "Plans": [{"Node Type": "Seq Scan", "Parent Relationship": "Outer", "Relation Name": "company_type", "Alias": "ct", "Startup Cost": 0.0, "Total Cost": 1.04, "Plan Rows": 1, "Plan Width": 4, "Actual Startup Time": 0.01, "Actual Total Time": 0.017, "Actual Rows": 1, "Actual Loops": 1, "Filter": "((kind)::text = 'production companies'::text)", "Rows Removed by Filter": 2}, {"Node Type": "Bitmap Heap Scan", "Parent Relationship": "Inner", "Relation Name": "movie_companies", "Alias": "mc", "Startup Cost": 28996.8, "Total Cost": 67552.67, "Plan Rows": 209279, "Plan Width": 8, "Actual Startup Time": 166.242, "Actual Total Time": 677.049, "Actual Rows": 798, "Actual Loops": 1, "Recheck Cond": "(company_type_id = ct.id), (LLVM Optimized)", "Rows Removed by Index Recheck": 0, "Filter": "(((note)::text !~~ '%(TV)%'::text) AND ((note)::text ~~ '%(USA)%'::text)), (LLVM Optimized)", "Rows Removed by Filter": 1334085, "Exact Heap Blocks": 6196, "Lossy Heap Blocks": 6196, "Plans": [{"Node Type": "Bitmap Index Scan", "Parent Relationship": "Outer", "Index Name": "company_type_id_movie_companies", "Startup Cost": 0.0, "Total Cost": 28944.48, "Plan Rows": 1304564, "Plan Width": 0, "Actual Startup Time": 158.492, "Actual Total Time": 158.492, "Actual Rows": 1334883, "Actual Loops": 1, "Index Cond": "(company_type_id = ct.id)"}]}]}, {"Node Type": "Bitmap Heap Scan", "Parent Relationship": "Inner", "Relation Name": "movie_info", "Alias": "mi", "Startup Cost": 0.83, "Total Cost": 4.96, "Plan Rows": 1, "Plan Width": 8, "Actual Startup Time": 26.715, "Actual Total Time": 29.112, "Actual Rows": 691, "Actual Loops": 798, "Recheck Cond": "(movie_id = mc.movie_id)", "Rows Removed by Index Recheck": 0, "Filter": "((info)::text = ANY ('{Sweden,Norway,Germany,Denmark,Swedish,Denish,Norwegian,German,USA,American}'::text[]))", "Rows Removed by Filter": 7906, "Exact Heap Blocks": 6397, "Lossy Heap Blocks": 6397, "Plans": [{"Node Type": "Bitmap Index Scan", "Parent Relationship": "Outer", "Index Name": "movie_id_movie_info", "Startup Cost": 0.0, "Total Cost": 0.83, "Plan Rows": 5, "Plan Width": 0, "Actual Startup Time": 7.138, "Actual Total Time": 7.138, "Actual Rows": 8597, "Actual Loops": 798, "Index Cond": "(movie_id = mc.movie_id)"}]}]}]}]}, {"Node Type": "Bitmap Heap Scan", "Parent Relationship": "Inner", "Relation Name": "title", "Alias": "t", "Startup Cost": 0.31, "Total Cost": 4.32, "Plan Rows": 1, "Plan Width": 21, "Actual Startup Time": 6.043, "Actual Total Time": 6.043, "Actual Rows": 669, "Actual Loops": 691, "Recheck Cond": "(id = mi.movie_id)", "Rows Removed by Index Recheck": 0, "Filter": "(production_year > 1990)", "Rows Removed by Filter": 22, "Exact Heap Blocks": 691, "Lossy Heap Blocks": 691, "Plans": [{"Node Type": "Bitmap Index Scan", "Parent Relationship": "Outer", "Index Name": "title_pkey", "Startup Cost": 0.0, "Total Cost": 0.31, "Plan Rows": 1, "Plan Width": 0, "Actual Startup Time": 3.722, "Actual Total Time": 3.722, "Actual Rows": 691, "Actual Loops": 691, "Index Cond": "(id = mi.movie_id)"}]}]}]}, "Triggers": [], "Planner Runtime": 7.445, "Total Runtime": 725.885, "Unique SQL Id": 322094867}}, "(64, 83)": {"explain_plan": {"Plan": {"Node Type": "Aggregate", "Strategy": "Plain", "Startup Cost": 1297250.03, "Total Cost": 1297250.04, "Plan Rows": 1, "Plan Width": 49, "Plans": [{"Node Type": "Merge Join", "Parent Relationship": "Outer", "Join Type": "Inner", "Startup Cost": 1291546.21, "Total Cost": 1296422.41, "Plan Rows": 331050, "Plan Width": 17, "Inner Unique": false, "Merge Cond": "(it.id = mi.info_type_id)", "Plans": [{"Node Type": "Sort", "Parent Relationship": "Outer", "Startup Cost": 17.77, "Total Cost": 18.05, "Plan Rows": 112, "Plan Width": 4, "Sort Key": ["it.id"], "Plans": [{"Node Type": "Bitmap Heap Scan", "Parent Relationship": "Outer", "Relation Name": "info_type", "Alias": "it", "Startup Cost": 8.84, "Total Cost": 13.96, "Plan Rows": 112, "Plan Width": 4, "Plans": [{"Node Type": "Bitmap Index Scan", "Parent Relationship": "Outer", "Index Name": "info_type_pkey", "Startup Cost": 0.0, "Total Cost": 8.81, "Plan Rows": 112, "Plan Width": 0}]}]}, {"Node Type": "Sort", "Parent Relationship": "Inner", "Startup Cost": 1291438.34, "Total Cost": 1292265.96, "Plan Rows": 331050, "Plan Width": 21, "Sort Key": ["mi.info_type_id"], "Plans": [{"Node Type": "Merge Join", "Parent Relationship": "Outer", "Join Type": "Inner", "Startup Cost": 1241374.64, "Total Cost": 1261086.53, "Plan Rows": 331050, "Plan Width": 21, "Inner Unique": true, "Merge Cond": "(mi.movie_id = t.id)", "Plans": [{"Node Type": "Merge Join", "Parent Relationship": "Outer", "Join Type": "Inner", "Startup Cost": 943556.59, "Total Cost": 950622.81, "Plan Rows": 238955, "Plan Width": 12, "Inner Unique": false, "Merge Cond": "(mc.movie_id = mi.movie_id)", "Plans": [{"Node Type": "Sort", "Parent Relationship": "Outer", "Startup Cost": 88152.77, "Total Cost": 88675.96, "Plan Rows": 209278, "Plan Width": 4, "Sort Key": ["mc.movie_id"], "Plans": [{"Node Type": "Nested Loop", "Parent Relationship": "Outer", "Join Type": "Inner", "Startup Cost": 29005.06, "Total Cost": 69657.76, "Plan Rows": 209278, "Plan Width": 4, "Inner Unique": false, "Plans": [{"Node Type": "Bitmap Heap Scan", "Parent Relationship": "Outer", "Relation Name": "company_type", "Alias": "ct", "Startup Cost": 8.27, "Total Cost": 12.3, "Plan Rows": 1, "Plan Width": 4, "Filter": "((kind)::text = 'production companies'::text)", "Plans": [{"Node Type": "Bitmap Index Scan", "Parent Relationship": "Outer", "Index Name": "company_type_pkey", "Startup Cost": 0.0, "Total Cost": 8.27, "Plan Rows": 3, "Plan Width": 0}]}, {"Node Type": "Bitmap Heap Scan", "Parent Relationship": "Inner", "Relation Name": "movie_companies", "Alias": "mc", "Startup Cost": 28996.8, "Total Cost": 67552.67, "Plan Rows": 209279, "Plan Width": 8, "Recheck Cond": "(company_type_id = ct.id), (LLVM Optimized)", "Filter": "(((note)::text !~~ '%(TV)%'::text) AND ((note)::text ~~ '%(USA)%'::text)), (LLVM Optimized)", "Plans": [{"Node Type": "Bitmap Index Scan", "Parent Relationship": "Outer", "Index Name": "company_type_id_movie_companies", "Startup Cost": 0.0, "Total Cost": 28944.48, "Plan Rows": 1304564, "Plan Width": 0, "Index Cond": "(company_type_id = ct.id)"}]}]}]}, {"Node Type": "Sort", "Parent Relationship": "Inner", "Startup Cost": 855403.8, "Total Cost": 857219.74, "Plan Rows": 726375, "Plan Width": 8, "Sort Key": ["mi.movie_id"], "Plans": [{"Node Type": "Bitmap Heap Scan", "Parent Relationship": "Outer", "Relation Name": "movie_info", "Alias": "mi", "Startup Cost": 301827.67, "Total Cost": 784689.91, "Plan Rows": 726375, "Plan Width": 8, "Filter": "((info)::text = ANY ('{Sweden,Norway,Germany,Denmark,Swedish,Denish,Norwegian,German,USA,American}'::text[]))", "Plans": [{"Node Type": "Bitmap Index Scan", "Parent Relationship": "Outer", "Index Name": "movie_id_movie_info", "Startup Cost": 0.0, "Total Cost": 301646.08, "Plan Rows": 14869966, "Plan Width": 0}]}]}]}, {"Node Type": "Sort", "Parent Relationship": "Inner", "Startup Cost": 297817.83, "Total Cost": 302189.93, "Plan Rows": 1748840, "Plan Width": 21, "Sort Key": ["t.id"], "Plans": [{"Node Type": "Bitmap Heap Scan", "Parent Relationship": "Outer", "Relation Name": "title", "Alias": "t", "Startup Cost": 50091.01, "Total Cost": 116480.9, "Plan Rows": 1748840, "Plan Width": 21, "Filter": "(production_year > 1990), (LLVM Optimized)", "Plans": [{"Node Type": "Bitmap Index Scan", "Parent Relationship": "Outer", "Index Name": "title_pkey", "Startup Cost": 0.0, "Total Cost": 49653.81, "Plan Rows": 2528311, "Plan Width": 0}]}]}]}]}]}]}, "Unique SQL Id": 322094867}, "explain_analyze_plan": null}, "(64, 84)": {"explain_plan": {"Plan": {"Node Type": "Aggregate", "Strategy": "Plain", "Startup Cost": 503602.74, "Total Cost": 503602.75, "Plan Rows": 1, "Plan Width": 49, "Plans": [{"Node Type": "Merge Join", "Parent Relationship": "Outer", "Join Type": "Inner", "Startup Cost": 497898.91, "Total Cost": 502775.11, "Plan Rows": 331050, "Plan Width": 17, "Inner Unique": false, "Merge Cond": "(it.id = mi.info_type_id)", "Plans": [{"Node Type": "Sort", "Parent Relationship": "Outer", "Startup Cost": 5.93, "Total Cost": 6.21, "Plan Rows": 112, "Plan Width": 4, "Sort Key": ["it.id"], "Plans": [{"Node Type": "Seq Scan", "Parent Relationship": "Outer", "Relation Name": "info_type", "Alias": "it", "Startup Cost": 0.0, "Total Cost": 2.12, "Plan Rows": 112, "Plan Width": 4}]}, {"Node Type": "Sort", "Parent Relationship": "Inner", "Startup Cost": 497802.88, "Total Cost": 498630.5, "Plan Rows": 331050, "Plan Width": 21, "Sort Key": ["mi.info_type_id"], "Plans": [{"Node Type": "Nested Loop", "Parent Relationship": "Outer", "Join Type": "Inner", "Startup Cost": 0.0, "Total Cost": 467451.07, "Plan Rows": 331050, "Plan Width": 21, "Inner Unique": false, "Plans": [{"Node Type": "Nested Loop", "Parent Relationship": "Outer", "Join Type": "Inner", "Startup Cost": 0.0, "Total Cost": 208933.0, "Plan Rows": 289936, "Plan Width": 25, "Inner Unique": true, "Plans": [{"Node Type": "Nested Loop", "Parent Relationship": "Outer", "Join Type": "Inner", "Startup Cost": 0.0, "Total Cost": 61734.18, "Plan Rows": 209278, "Plan Width": 4, "Inner Unique": false, "Plans": [{"Node Type": "Seq Scan", "Parent Relationship": "Outer", "Relation Name": "company_type", "Alias": "ct", "Startup Cost": 0.0, "Total Cost": 1.04, "Plan Rows": 1, "Plan Width": 4, "Filter": "((kind)::text = 'production companies'::text)"}, {"Node Type": "Index Scan", "Parent Relationship": "Inner", "Scan Direction": "Forward", "Index Name": "company_type_id_movie_companies", "Relation Name": "movie_companies", "Alias": "mc", "Startup Cost": 0.0, "Total Cost": 59640.35, "Plan Rows": 209279, "Plan Width": 8, "Index Cond": "(company_type_id = ct.id), (LLVM Optimized)", "Filter": "(((note)::text !~~ '%(TV)%'::text) AND ((note)::text ~~ '%(USA)%'::text)), (LLVM Optimized)"}]}, {"Node Type": "Index Scan", "Parent Relationship": "Inner", "Scan Direction": "Forward", "Index Name": "title_pkey", "Relation Name": "title", "Alias": "t", "Startup Cost": 0.0, "Total Cost": 0.69, "Plan Rows": 1, "Plan Width": 21, "Index Cond": "(id = mc.movie_id)", "Filter": "(production_year > 1990)"}]}, {"Node Type": "Index Scan", "Parent Relationship": "Inner", "Scan Direction": "Forward", "Index Name": "movie_id_movie_info", "Relation Name": "movie_info", "Alias": "mi", "Startup Cost": 0.0, "Total Cost": 0.88, "Plan Rows": 1, "Plan Width": 8, "Index Cond": "(movie_id = t.id)", "Filter": "((info)::text = ANY ('{Sweden,Norway,Germany,Denmark,Swedish,Denish,Norwegian,German,USA,American}'::text[]))"}]}]}]}]}, "Unique SQL Id": 322094867}, "explain_analyze_plan": {"Plan": {"Node Type": "Aggregate", "Strategy": "Plain", "Startup Cost": 503602.74, "Total Cost": 503602.75, "Plan Rows": 1, "Plan Width": 49, "Actual Startup Time": 748.92, "Actual Total Time": 748.921, "Actual Rows": 1, "Actual Loops": 1, "Plans": [{"Node Type": "Merge Join", "Parent Relationship": "Outer", "Join Type": "Inner", "Startup Cost": 497898.91, "Total Cost": 502775.11, "Plan Rows": 331050, "Plan Width": 17, "Actual Startup Time": 748.422, "Actual Total Time": 748.694, "Actual Rows": 669, "Actual Loops": 1, "Inner Unique": false, "Merge Cond": "(it.id = mi.info_type_id)", "Plans": [{"Node Type": "Sort", "Parent Relationship": "Outer", "Startup Cost": 5.93, "Total Cost": 6.21, "Plan Rows": 112, "Plan Width": 4, "Actual Startup Time": 0.078, "Actual Total Time": 0.081, "Actual Rows": 18, "Actual Loops": 1, "Sort Key": ["it.id"], "Sort Method": "quicksort", "Sort Space Used": 32, "Sort Space Type": "Memory", "Plans": [{"Node Type": "Seq Scan", "Parent Relationship": "Outer", "Relation Name": "info_type", "Alias": "it", "Startup Cost": 0.0, "Total Cost": 2.12, "Plan Rows": 112, "Plan Width": 4, "Actual Startup Time": 0.023, "Actual Total Time": 0.044, "Actual Rows": 112, "Actual Loops": 1}]}, {"Node Type": "Sort", "Parent Relationship": "Inner", "Startup Cost": 497802.88, "Total Cost": 498630.5, "Plan Rows": 331050, "Plan Width": 21, "Actual Startup Time": 748.329, "Actual Total Time": 748.415, "Actual Rows": 669, "Actual Loops": 1, "Sort Key": ["mi.info_type_id"], "Sort Method": "quicksort", "Sort Space Used": 90, "Sort Space Type": "Memory", "Plans": [{"Node Type": "Nested Loop", "Parent Relationship": "Outer", "Join Type": "Inner", "Startup Cost": 0.0, "Total Cost": 467451.07, "Plan Rows": 331050, "Plan Width": 21, "Actual Startup Time": 9.516, "Actual Total Time": 747.903, "Actual Rows": 669, "Actual Loops": 1, "Inner Unique": false, "Plans": [{"Node Type": "Nested Loop", "Parent Relationship": "Outer", "Join Type": "Inner", "Startup Cost": 0.0, "Total Cost": 208933.0, "Plan Rows": 289936, "Plan Width": 25, "Actual Startup Time": 9.496, "Actual Total Time": 723.385, "Actual Rows": 767, "Actual Loops": 1, "Inner Unique": true, "Plans": [{"Node Type": "Nested Loop", "Parent Relationship": "Outer", "Join Type": "Inner", "Startup Cost": 0.0, "Total Cost": 61734.18, "Plan Rows": 209278, "Plan Width": 4, "Actual Startup Time": 9.482, "Actual Total Time": 716.246, "Actual Rows": 798, "Actual Loops": 1, "Inner Unique": false, "Plans": [{"Node Type": "Seq Scan", "Parent Relationship": "Outer", "Relation Name": "company_type", "Alias": "ct", "Startup Cost": 0.0, "Total Cost": 1.04, "Plan Rows": 1, "Plan Width": 4, "Actual Startup Time": 0.01, "Actual Total Time": 0.017, "Actual Rows": 1, "Actual Loops": 1, "Filter": "((kind)::text = 'production companies'::text)", "Rows Removed by Filter": 2}, {"Node Type": "Index Scan", "Parent Relationship": "Inner", "Scan Direction": "Forward", "Index Name": "company_type_id_movie_companies", "Relation Name": "movie_companies", "Alias": "mc", "Startup Cost": 0.0, "Total Cost": 59640.35, "Plan Rows": 209279, "Plan Width": 8, "Actual Startup Time": 9.468, "Actual Total Time": 716.011, "Actual Rows": 798, "Actual Loops": 1, "Index Cond": "(company_type_id = ct.id), (LLVM Optimized, Jit Execute)", "Rows Removed by Index Recheck": 0, "Filter": "(((note)::text !~~ '%(TV)%'::text) AND ((note)::text ~~ '%(USA)%'::text)), (LLVM Optimized, Jit Execute)", "Rows Removed by Filter": 1334085}]}, {"Node Type": "Index Scan", "Parent Relationship": "Inner", "Scan Direction": "Forward", "Index Name": "title_pkey", "Relation Name": "title", "Alias": "t", "Startup Cost": 0.0, "Total Cost": 0.69, "Plan Rows": 1, "Plan Width": 21, "Actual Startup Time": 6.312, "Actual Total Time": 6.312, "Actual Rows": 767, "Actual Loops": 798, "Index Cond": "(id = mc.movie_id)", "Rows Removed by Index Recheck": 0, "Filter": "(production_year > 1990)", "Rows Removed by Filter": 31}]}, {"Node Type": "Index Scan", "Parent Relationship": "Inner", "Scan Direction": "Forward", "Index Name": "movie_id_movie_info", "Relation Name": "movie_info", "Alias": "mi", "Startup Cost": 0.0, "Total Cost": 0.88, "Plan Rows": 1, "Plan Width": 8, "Actual Startup Time": 21.098, "Actual Total Time": 23.883, "Actual Rows": 669, "Actual Loops": 767, "Index Cond": "(movie_id = t.id)", "Rows Removed by Index Recheck": 0, "Filter": "((info)::text = ANY ('{Sweden,Norway,Germany,Denmark,Swedish,Denish,Norwegian,German,USA,American}'::text[]))", "Rows Removed by Filter": 7721}]}]}]}]}, "Triggers": [], "Planner Runtime": 8.019, "Total Runtime": 758.568, "Unique SQL Id": 322094867}}, "(64, 85)": {"explain_plan": {"Plan": {"Node Type": "Aggregate", "Strategy": "Plain", "Startup Cost": 503621.48, "Total Cost": 503621.49, "Plan Rows": 1, "Plan Width": 49, "Plans": [{"Node Type": "Merge Join", "Parent Relationship": "Outer", "Join Type": "Inner", "Startup Cost": 497904.24, "Total Cost": 502793.85, "Plan Rows": 331050, "Plan Width": 17, "Inner Unique": false, "Merge Cond": "(it.id = mi.info_type_id)", "Plans": [{"Node Type": "Index Scan", "Parent Relationship": "Outer", "Scan Direction": "Forward", "Index Name": "info_type_pkey", "Relation Name": "info_type", "Alias": "it", "Startup Cost": 0.0, "Total Cost": 13.93, "Plan Rows": 112, "Plan Width": 4}, {"Node Type": "Sort", "Parent Relationship": "Inner", "Startup Cost": 497814.14, "Total Cost": 498641.77, "Plan Rows": 331050, "Plan Width": 21, "Sort Key": ["mi.info_type_id"], "Plans": [{"Node Type": "Nested Loop", "Parent Relationship": "Outer", "Join Type": "Inner", "Startup Cost": 0.0, "Total Cost": 467462.34, "Plan Rows": 331050, "Plan Width": 21, "Inner Unique": false, "Plans": [{"Node Type": "Nested Loop", "Parent Relationship": "Outer", "Join Type": "Inner", "Startup Cost": 0.0, "Total Cost": 208944.27, "Plan Rows": 289936, "Plan Width": 25, "Inner Unique": true, "Plans": [{"Node Type": "Nested Loop", "Parent Relationship": "Outer", "Join Type": "Inner", "Startup Cost": 0.0, "Total Cost": 61745.44, "Plan Rows": 209278, "Plan Width": 4, "Inner Unique": false, "Plans": [{"Node Type": "Index Scan", "Parent Relationship": "Outer", "Scan Direction": "Forward", "Index Name": "company_type_pkey", "Relation Name": "company_type", "Alias": "ct", "Startup Cost": 0.0, "Total Cost": 12.3, "Plan Rows": 1, "Plan Width": 4, "Filter": "((kind)::text = 'production companies'::text)"}, {"Node Type": "Index Scan", "Parent Relationship": "Inner", "Scan Direction": "Forward", "Index Name": "company_type_id_movie_companies", "Relation Name": "movie_companies", "Alias": "mc", "Startup Cost": 0.0, "Total Cost": 59640.35, "Plan Rows": 209279, "Plan Width": 8, "Index Cond": "(company_type_id = ct.id), (LLVM Optimized)", "Filter": "(((note)::text !~~ '%(TV)%'::text) AND ((note)::text ~~ '%(USA)%'::text)), (LLVM Optimized)"}]}, {"Node Type": "Index Scan", "Parent Relationship": "Inner", "Scan Direction": "Forward", "Index Name": "title_pkey", "Relation Name": "title", "Alias": "t", "Startup Cost": 0.0, "Total Cost": 0.69, "Plan Rows": 1, "Plan Width": 21, "Index Cond": "(id = mc.movie_id)", "Filter": "(production_year > 1990)"}]}, {"Node Type": "Index Scan", "Parent Relationship": "Inner", "Scan Direction": "Forward", "Index Name": "movie_id_movie_info", "Relation Name": "movie_info", "Alias": "mi", "Startup Cost": 0.0, "Total Cost": 0.88, "Plan Rows": 1, "Plan Width": 8, "Index Cond": "(movie_id = t.id)", "Filter": "((info)::text = ANY ('{Sweden,Norway,Germany,Denmark,Swedish,Denish,Norwegian,German,USA,American}'::text[]))"}]}]}]}]}, "Unique SQL Id": 322094867}, "explain_analyze_plan": {"Plan": {"Node Type": "Aggregate", "Strategy": "Plain", "Startup Cost": 503621.48, "Total Cost": 503621.49, "Plan Rows": 1, "Plan Width": 49, "Actual Startup Time": 753.741, "Actual Total Time": 753.741, "Actual Rows": 1, "Actual Loops": 1, "Plans": [{"Node Type": "Merge Join", "Parent Relationship": "Outer", "Join Type": "Inner", "Startup Cost": 497904.24, "Total Cost": 502793.85, "Plan Rows": 331050, "Plan Width": 17, "Actual Startup Time": 753.254, "Actual Total Time": 753.542, "Actual Rows": 669, "Actual Loops": 1, "Inner Unique": false, "Merge Cond": "(it.id = mi.info_type_id)", "Plans": [{"Node Type": "Index Scan", "Parent Relationship": "Outer", "Scan Direction": "Forward", "Index Name": "info_type_pkey", "Relation Name": "info_type", "Alias": "it", "Startup Cost": 0.0, "Total Cost": 13.93, "Plan Rows": 112, "Plan Width": 4, "Actual Startup Time": 0.015, "Actual Total Time": 0.028, "Actual Rows": 18, "Actual Loops": 1}, {"Node Type": "Sort", "Parent Relationship": "Inner", "Startup Cost": 497814.14, "Total Cost": 498641.77, "Plan Rows": 331050, "Plan Width": 21, "Actual Startup Time": 753.223, "Actual Total Time": 753.31, "Actual Rows": 669, "Actual Loops": 1, "Sort Key": ["mi.info_type_id"], "Sort Method": "quicksort", "Sort Space Used": 90, "Sort Space Type": "Memory", "Plans": [{"Node Type": "Nested Loop", "Parent Relationship": "Outer", "Join Type": "Inner", "Startup Cost": 0.0, "Total Cost": 467462.34, "Plan Rows": 331050, "Plan Width": 21, "Actual Startup Time": 9.576, "Actual Total Time": 752.798, "Actual Rows": 669, "Actual Loops": 1, "Inner Unique": false, "Plans": [{"Node Type": "Nested Loop", "Parent Relationship": "Outer", "Join Type": "Inner", "Startup Cost": 0.0, "Total Cost": 208944.27, "Plan Rows": 289936, "Plan Width": 25, "Actual Startup Time": 9.554, "Actual Total Time": 727.598, "Actual Rows": 767, "Actual Loops": 1, "Inner Unique": true, "Plans": [{"Node Type": "Nested Loop", "Parent Relationship": "Outer", "Join Type": "Inner", "Startup Cost": 0.0, "Total Cost": 61745.44, "Plan Rows": 209278, "Plan Width": 4, "Actual Startup Time": 9.535, "Actual Total Time": 720.265, "Actual Rows": 798, "Actual Loops": 1, "Inner Unique": false, "Plans": [{"Node Type": "Index Scan", "Parent Relationship": "Outer", "Scan Direction": "Forward", "Index Name": "company_type_pkey", "Relation Name": "company_type", "Alias": "ct", "Startup Cost": 0.0, "Total Cost": 12.3, "Plan Rows": 1, "Plan Width": 4, "Actual Startup Time": 0.009, "Actual Total Time": 0.018, "Actual Rows": 1, "Actual Loops": 1, "Filter": "((kind)::text = 'production companies'::text)", "Rows Removed by Filter": 2}, {"Node Type": "Index Scan", "Parent Relationship": "Inner", "Scan Direction": "Forward", "Index Name": "company_type_id_movie_companies", "Relation Name": "movie_companies", "Alias": "mc", "Startup Cost": 0.0, "Total Cost": 59640.35, "Plan Rows": 209279, "Plan Width": 8, "Actual Startup Time": 9.523, "Actual Total Time": 719.997, "Actual Rows": 798, "Actual Loops": 1, "Index Cond": "(company_type_id = ct.id), (LLVM Optimized, Jit Execute)", "Rows Removed by Index Recheck": 0, "Filter": "(((note)::text !~~ '%(TV)%'::text) AND ((note)::text ~~ '%(USA)%'::text)), (LLVM Optimized, Jit Execute)", "Rows Removed by Filter": 1334085}]}, {"Node Type": "Index Scan", "Parent Relationship": "Inner", "Scan Direction": "Forward", "Index Name": "title_pkey", "Relation Name": "title", "Alias": "t", "Startup Cost": 0.0, "Total Cost": 0.69, "Plan Rows": 1, "Plan Width": 21, "Actual Startup Time": 6.486, "Actual Total Time": 6.486, "Actual Rows": 767, "Actual Loops": 798, "Index Cond": "(id = mc.movie_id)", "Rows Removed by Index Recheck": 0, "Filter": "(production_year > 1990)", "Rows Removed by Filter": 31}]}, {"Node Type": "Index Scan", "Parent Relationship": "Inner", "Scan Direction": "Forward", "Index Name": "movie_id_movie_info", "Relation Name": "movie_info", "Alias": "mi", "Startup Cost": 0.0, "Total Cost": 0.88, "Plan Rows": 1, "Plan Width": 8, "Actual Startup Time": 21.63, "Actual Total Time": 24.495, "Actual Rows": 669, "Actual Loops": 767, "Index Cond": "(movie_id = t.id)", "Rows Removed by Index Recheck": 0, "Filter": "((info)::text = ANY ('{Sweden,Norway,Germany,Denmark,Swedish,Denish,Norwegian,German,USA,American}'::text[]))", "Rows Removed by Filter": 7721}]}]}]}]}, "Triggers": [], "Planner Runtime": 8.004, "Total Runtime": 763.569, "Unique SQL Id": 322094867}}, "(64, 86)": {"explain_plan": {"Plan": {"Node Type": "Aggregate", "Strategy": "Plain", "Startup Cost": 2170203.57, "Total Cost": 2170203.58, "Plan Rows": 1, "Plan Width": 49, "Plans": [{"Node Type": "Nested Loop", "Parent Relationship": "Outer", "Join Type": "Inner", "Startup Cost": 1130296.08, "Total Cost": 2169375.94, "Plan Rows": 331050, "Plan Width": 17, "Inner Unique": true, "Plans": [{"Node Type": "Merge Join", "Parent Relationship": "Outer", "Join Type": "Inner", "Startup Cost": 1130295.77, "Total Cost": 1133815.61, "Plan Rows": 238955, "Plan Width": 8, "Inner Unique": false, "Merge Cond": "(it.id = mi.info_type_id)", "Plans": [{"Node Type": "Sort", "Parent Relationship": "Outer", "Startup Cost": 5.93, "Total Cost": 6.21, "Plan Rows": 112, "Plan Width": 4, "Sort Key": ["it.id"], "Plans": [{"Node Type": "Seq Scan", "Parent Relationship": "Outer", "Relation Name": "info_type", "Alias": "it", "Startup Cost": 0.0, "Total Cost": 2.12, "Plan Rows": 112, "Plan Width": 4}]}, {"Node Type": "Sort", "Parent Relationship": "Inner", "Startup Cost": 1130224.8, "Total Cost": 1130822.19, "Plan Rows": 238955, "Plan Width": 12, "Sort Key": ["mi.info_type_id"], "Plans": [{"Node Type": "Nested Loop", "Parent Relationship": "Outer", "Join Type": "Inner", "Startup Cost": 28997.63, "Total Cost": 1108878.5, "Plan Rows": 238955, "Plan Width": 12, "Inner Unique": false, "Plans": [{"Node Type": "Nested Loop", "Parent Relationship": "Outer", "Join Type": "Inner", "Startup Cost": 28996.8, "Total Cost": 69646.5, "Plan Rows": 209278, "Plan Width": 4, "Inner Unique": false, "Plans": [{"Node Type": "Seq Scan", "Parent Relationship": "Outer", "Relation Name": "company_type", "Alias": "ct", "Startup Cost": 0.0, "Total Cost": 1.04, "Plan Rows": 1, "Plan Width": 4, "Filter": "((kind)::text = 'production companies'::text)"}, {"Node Type": "Bitmap Heap Scan", "Parent Relationship": "Inner", "Relation Name": "movie_companies", "Alias": "mc", "Startup Cost": 28996.8, "Total Cost": 67552.67, "Plan Rows": 209279, "Plan Width": 8, "Recheck Cond": "(company_type_id = ct.id), (LLVM Optimized)", "Filter": "(((note)::text !~~ '%(TV)%'::text) AND ((note)::text ~~ '%(USA)%'::text)), (LLVM Optimized)", "Plans": [{"Node Type": "Bitmap Index Scan", "Parent Relationship": "Outer", "Index Name": "company_type_id_movie_companies", "Startup Cost": 0.0, "Total Cost": 28944.48, "Plan Rows": 1304564, "Plan Width": 0, "Index Cond": "(company_type_id = ct.id)"}]}]}, {"Node Type": "Bitmap Heap Scan", "Parent Relationship": "Inner", "Relation Name": "movie_info", "Alias": "mi", "Startup Cost": 0.83, "Total Cost": 4.96, "Plan Rows": 1, "Plan Width": 8, "Recheck Cond": "(movie_id = mc.movie_id)", "Filter": "((info)::text = ANY ('{Sweden,Norway,Germany,Denmark,Swedish,Denish,Norwegian,German,USA,American}'::text[]))", "Plans": [{"Node Type": "Bitmap Index Scan", "Parent Relationship": "Outer", "Index Name": "movie_id_movie_info", "Startup Cost": 0.0, "Total Cost": 0.83, "Plan Rows": 5, "Plan Width": 0, "Index Cond": "(movie_id = mc.movie_id)"}]}]}]}]}, {"Node Type": "Bitmap Heap Scan", "Parent Relationship": "Inner", "Relation Name": "title", "Alias": "t", "Startup Cost": 0.31, "Total Cost": 4.32, "Plan Rows": 1, "Plan Width": 21, "Recheck Cond": "(id = mi.movie_id)", "Filter": "(production_year > 1990)", "Plans": [{"Node Type": "Bitmap Index Scan", "Parent Relationship": "Outer", "Index Name": "title_pkey", "Startup Cost": 0.0, "Total Cost": 0.31, "Plan Rows": 1, "Plan Width": 0, "Index Cond": "(id = mi.movie_id)"}]}]}]}, "Unique SQL Id": 322094867}, "explain_analyze_plan": {"Plan": {"Node Type": "Aggregate", "Strategy": "Plain", "Startup Cost": 2170203.57, "Total Cost": 2170203.58, "Plan Rows": 1, "Plan Width": 49, "Actual Startup Time": 716.078, "Actual Total Time": 716.078, "Actual Rows": 1, "Actual Loops": 1, "Plans": [{"Node Type": "Nested Loop", "Parent Relationship": "Outer", "Join Type": "Inner", "Startup Cost": 1130296.08, "Total Cost": 2169375.94, "Plan Rows": 331050, "Plan Width": 17, "Actual Startup Time": 708.467, "Actual Total Time": 715.723, "Actual Rows": 669, "Actual Loops": 1, "Inner Unique": true, "Plans": [{"Node Type": "Merge Join", "Parent Relationship": "Outer", "Join Type": "Inner", "Startup Cost": 1130295.77, "Total Cost": 1133815.61, "Plan Rows": 238955, "Plan Width": 8, "Actual Startup Time": 708.419, "Actual Total Time": 708.731, "Actual Rows": 691, "Actual Loops": 1, "Inner Unique": false, "Merge Cond": "(it.id = mi.info_type_id)", "Plans": [{"Node Type": "Sort", "Parent Relationship": "Outer", "Startup Cost": 5.93, "Total Cost": 6.21, "Plan Rows": 112, "Plan Width": 4, "Actual Startup Time": 0.087, "Actual Total Time": 0.09, "Actual Rows": 18, "Actual Loops": 1, "Sort Key": ["it.id"], "Sort Method": "quicksort", "Sort Space Used": 32, "Sort Space Type": "Memory", "Plans": [{"Node Type": "Seq Scan", "Parent Relationship": "Outer", "Relation Name": "info_type", "Alias": "it", "Startup Cost": 0.0, "Total Cost": 2.12, "Plan Rows": 112, "Plan Width": 4, "Actual Startup Time": 0.022, "Actual Total Time": 0.036, "Actual Rows": 112, "Actual Loops": 1}]}, {"Node Type": "Sort", "Parent Relationship": "Inner", "Startup Cost": 1130224.8, "Total Cost": 1130822.19, "Plan Rows": 238955, "Plan Width": 12, "Actual Startup Time": 708.319, "Actual Total Time": 708.402, "Actual Rows": 691, "Actual Loops": 1, "Sort Key": ["mi.info_type_id"], "Sort Method": "quicksort", "Sort Space Used": 89, "Sort Space Type": "Memory", "Plans": [{"Node Type": "Nested Loop", "Parent Relationship": "Outer", "Join Type": "Inner", "Startup Cost": 28997.63, "Total Cost": 1108878.5, "Plan Rows": 238955, "Plan Width": 12, "Actual Startup Time": 166.34, "Actual Total Time": 707.908, "Actual Rows": 691, "Actual Loops": 1, "Inner Unique": false, "Plans": [{"Node Type": "Nested Loop", "Parent Relationship": "Outer", "Join Type": "Inner", "Startup Cost": 28996.8, "Total Cost": 69646.5, "Plan Rows": 209278, "Plan Width": 4, "Actual Startup Time": 166.258, "Actual Total Time": 677.284, "Actual Rows": 798, "Actual Loops": 1, "Inner Unique": false, "Plans": [{"Node Type": "Seq Scan", "Parent Relationship": "Outer", "Relation Name": "company_type", "Alias": "ct", "Startup Cost": 0.0, "Total Cost": 1.04, "Plan Rows": 1, "Plan Width": 4, "Actual Startup Time": 0.01, "Actual Total Time": 0.017, "Actual Rows": 1, "Actual Loops": 1, "Filter": "((kind)::text = 'production companies'::text)", "Rows Removed by Filter": 2}, {"Node Type": "Bitmap Heap Scan", "Parent Relationship": "Inner", "Relation Name": "movie_companies", "Alias": "mc", "Startup Cost": 28996.8, "Total Cost": 67552.67, "Plan Rows": 209279, "Plan Width": 8, "Actual Startup Time": 166.242, "Actual Total Time": 677.049, "Actual Rows": 798, "Actual Loops": 1, "Recheck Cond": "(company_type_id = ct.id), (LLVM Optimized)", "Rows Removed by Index Recheck": 0, "Filter": "(((note)::text !~~ '%(TV)%'::text) AND ((note)::text ~~ '%(USA)%'::text)), (LLVM Optimized)", "Rows Removed by Filter": 1334085, "Exact Heap Blocks": 6196, "Lossy Heap Blocks": 6196, "Plans": [{"Node Type": "Bitmap Index Scan", "Parent Relationship": "Outer", "Index Name": "company_type_id_movie_companies", "Startup Cost": 0.0, "Total Cost": 28944.48, "Plan Rows": 1304564, "Plan Width": 0, "Actual Startup Time": 158.492, "Actual Total Time": 158.492, "Actual Rows": 1334883, "Actual Loops": 1, "Index Cond": "(company_type_id = ct.id)"}]}]}, {"Node Type": "Bitmap Heap Scan", "Parent Relationship": "Inner", "Relation Name": "movie_info", "Alias": "mi", "Startup Cost": 0.83, "Total Cost": 4.96, "Plan Rows": 1, "Plan Width": 8, "Actual Startup Time": 26.715, "Actual Total Time": 29.112, "Actual Rows": 691, "Actual Loops": 798, "Recheck Cond": "(movie_id = mc.movie_id)", "Rows Removed by Index Recheck": 0, "Filter": "((info)::text = ANY ('{Sweden,Norway,Germany,Denmark,Swedish,Denish,Norwegian,German,USA,American}'::text[]))", "Rows Removed by Filter": 7906, "Exact Heap Blocks": 6397, "Lossy Heap Blocks": 6397, "Plans": [{"Node Type": "Bitmap Index Scan", "Parent Relationship": "Outer", "Index Name": "movie_id_movie_info", "Startup Cost": 0.0, "Total Cost": 0.83, "Plan Rows": 5, "Plan Width": 0, "Actual Startup Time": 7.138, "Actual Total Time": 7.138, "Actual Rows": 8597, "Actual Loops": 798, "Index Cond": "(movie_id = mc.movie_id)"}]}]}]}]}, {"Node Type": "Bitmap Heap Scan", "Parent Relationship": "Inner", "Relation Name": "title", "Alias": "t", "Startup Cost": 0.31, "Total Cost": 4.32, "Plan Rows": 1, "Plan Width": 21, "Actual Startup Time": 6.043, "Actual Total Time": 6.043, "Actual Rows": 669, "Actual Loops": 691, "Recheck Cond": "(id = mi.movie_id)", "Rows Removed by Index Recheck": 0, "Filter": "(production_year > 1990)", "Rows Removed by Filter": 22, "Exact Heap Blocks": 691, "Lossy Heap Blocks": 691, "Plans": [{"Node Type": "Bitmap Index Scan", "Parent Relationship": "Outer", "Index Name": "title_pkey", "Startup Cost": 0.0, "Total Cost": 0.31, "Plan Rows": 1, "Plan Width": 0, "Actual Startup Time": 3.722, "Actual Total Time": 3.722, "Actual Rows": 691, "Actual Loops": 691, "Index Cond": "(id = mi.movie_id)"}]}]}]}, "Triggers": [], "Planner Runtime": 7.445, "Total Runtime": 725.885, "Unique SQL Id": 322094867}}, "(64, 87)": {"explain_plan": {"Plan": {"Node Type": "Aggregate", "Strategy": "Plain", "Startup Cost": 1297250.03, "Total Cost": 1297250.04, "Plan Rows": 1, "Plan Width": 49, "Plans": [{"Node Type": "Merge Join", "Parent Relationship": "Outer", "Join Type": "Inner", "Startup Cost": 1291546.21, "Total Cost": 1296422.41, "Plan Rows": 331050, "Plan Width": 17, "Inner Unique": false, "Merge Cond": "(it.id = mi.info_type_id)", "Plans": [{"Node Type": "Sort", "Parent Relationship": "Outer", "Startup Cost": 17.77, "Total Cost": 18.05, "Plan Rows": 112, "Plan Width": 4, "Sort Key": ["it.id"], "Plans": [{"Node Type": "Bitmap Heap Scan", "Parent Relationship": "Outer", "Relation Name": "info_type", "Alias": "it", "Startup Cost": 8.84, "Total Cost": 13.96, "Plan Rows": 112, "Plan Width": 4, "Plans": [{"Node Type": "Bitmap Index Scan", "Parent Relationship": "Outer", "Index Name": "info_type_pkey", "Startup Cost": 0.0, "Total Cost": 8.81, "Plan Rows": 112, "Plan Width": 0}]}]}, {"Node Type": "Sort", "Parent Relationship": "Inner", "Startup Cost": 1291438.34, "Total Cost": 1292265.96, "Plan Rows": 331050, "Plan Width": 21, "Sort Key": ["mi.info_type_id"], "Plans": [{"Node Type": "Merge Join", "Parent Relationship": "Outer", "Join Type": "Inner", "Startup Cost": 1241374.64, "Total Cost": 1261086.53, "Plan Rows": 331050, "Plan Width": 21, "Inner Unique": true, "Merge Cond": "(mi.movie_id = t.id)", "Plans": [{"Node Type": "Merge Join", "Parent Relationship": "Outer", "Join Type": "Inner", "Startup Cost": 943556.59, "Total Cost": 950622.81, "Plan Rows": 238955, "Plan Width": 12, "Inner Unique": false, "Merge Cond": "(mc.movie_id = mi.movie_id)", "Plans": [{"Node Type": "Sort", "Parent Relationship": "Outer", "Startup Cost": 88152.77, "Total Cost": 88675.96, "Plan Rows": 209278, "Plan Width": 4, "Sort Key": ["mc.movie_id"], "Plans": [{"Node Type": "Nested Loop", "Parent Relationship": "Outer", "Join Type": "Inner", "Startup Cost": 29005.06, "Total Cost": 69657.76, "Plan Rows": 209278, "Plan Width": 4, "Inner Unique": false, "Plans": [{"Node Type": "Bitmap Heap Scan", "Parent Relationship": "Outer", "Relation Name": "company_type", "Alias": "ct", "Startup Cost": 8.27, "Total Cost": 12.3, "Plan Rows": 1, "Plan Width": 4, "Filter": "((kind)::text = 'production companies'::text)", "Plans": [{"Node Type": "Bitmap Index Scan", "Parent Relationship": "Outer", "Index Name": "company_type_pkey", "Startup Cost": 0.0, "Total Cost": 8.27, "Plan Rows": 3, "Plan Width": 0}]}, {"Node Type": "Bitmap Heap Scan", "Parent Relationship": "Inner", "Relation Name": "movie_companies", "Alias": "mc", "Startup Cost": 28996.8, "Total Cost": 67552.67, "Plan Rows": 209279, "Plan Width": 8, "Recheck Cond": "(company_type_id = ct.id), (LLVM Optimized)", "Filter": "(((note)::text !~~ '%(TV)%'::text) AND ((note)::text ~~ '%(USA)%'::text)), (LLVM Optimized)", "Plans": [{"Node Type": "Bitmap Index Scan", "Parent Relationship": "Outer", "Index Name": "company_type_id_movie_companies", "Startup Cost": 0.0, "Total Cost": 28944.48, "Plan Rows": 1304564, "Plan Width": 0, "Index Cond": "(company_type_id = ct.id)"}]}]}]}, {"Node Type": "Sort", "Parent Relationship": "Inner", "Startup Cost": 855403.8, "Total Cost": 857219.74, "Plan Rows": 726375, "Plan Width": 8, "Sort Key": ["mi.movie_id"], "Plans": [{"Node Type": "Bitmap Heap Scan", "Parent Relationship": "Outer", "Relation Name": "movie_info", "Alias": "mi", "Startup Cost": 301827.67, "Total Cost": 784689.91, "Plan Rows": 726375, "Plan Width": 8, "Filter": "((info)::text = ANY ('{Sweden,Norway,Germany,Denmark,Swedish,Denish,Norwegian,German,USA,American}'::text[]))", "Plans": [{"Node Type": "Bitmap Index Scan", "Parent Relationship": "Outer", "Index Name": "movie_id_movie_info", "Startup Cost": 0.0, "Total Cost": 301646.08, "Plan Rows": 14869966, "Plan Width": 0}]}]}]}, {"Node Type": "Sort", "Parent Relationship": "Inner", "Startup Cost": 297817.83, "Total Cost": 302189.93, "Plan Rows": 1748840, "Plan Width": 21, "Sort Key": ["t.id"], "Plans": [{"Node Type": "Bitmap Heap Scan", "Parent Relationship": "Outer", "Relation Name": "title", "Alias": "t", "Startup Cost": 50091.01, "Total Cost": 116480.9, "Plan Rows": 1748840, "Plan Width": 21, "Filter": "(production_year > 1990), (LLVM Optimized)", "Plans": [{"Node Type": "Bitmap Index Scan", "Parent Relationship": "Outer", "Index Name": "title_pkey", "Startup Cost": 0.0, "Total Cost": 49653.81, "Plan Rows": 2528311, "Plan Width": 0}]}]}]}]}]}]}, "Unique SQL Id": 322094867}, "explain_analyze_plan": null}, "(64, 88)": {"explain_plan": {"Plan": {"Node Type": "Aggregate", "Strategy": "Plain", "Startup Cost": 503598.61, "Total Cost": 503598.62, "Plan Rows": 1, "Plan Width": 49, "Plans": [{"Node Type": "Merge Join", "Parent Relationship": "Outer", "Join Type": "Inner", "Startup Cost": 497892.98, "Total Cost": 502770.99, "Plan Rows": 331050, "Plan Width": 17, "Inner Unique": false, "Merge Cond": "(it.id = mi.info_type_id)", "Plans": [{"Node Type": "Index Only Scan", "Parent Relationship": "Outer", "Scan Direction": "Forward", "Index Name": "info_type_pkey", "Relation Name": "info_type", "Alias": "it", "Startup Cost": 0.0, "Total Cost": 2.12, "Plan Rows": 112, "Plan Width": 4}, {"Node Type": "Sort", "Parent Relationship": "Inner", "Startup Cost": 497802.88, "Total Cost": 498630.5, "Plan Rows": 331050, "Plan Width": 21, "Sort Key": ["mi.info_type_id"], "Plans": [{"Node Type": "Nested Loop", "Parent Relationship": "Outer", "Join Type": "Inner", "Startup Cost": 0.0, "Total Cost": 467451.07, "Plan Rows": 331050, "Plan Width": 21, "Inner Unique": false, "Plans": [{"Node Type": "Nested Loop", "Parent Relationship": "Outer", "Join Type": "Inner", "Startup Cost": 0.0, "Total Cost": 208933.0, "Plan Rows": 289936, "Plan Width": 25, "Inner Unique": true, "Plans": [{"Node Type": "Nested Loop", "Parent Relationship": "Outer", "Join Type": "Inner", "Startup Cost": 0.0, "Total Cost": 61734.18, "Plan Rows": 209278, "Plan Width": 4, "Inner Unique": false, "Plans": [{"Node Type": "Seq Scan", "Parent Relationship": "Outer", "Relation Name": "company_type", "Alias": "ct", "Startup Cost": 0.0, "Total Cost": 1.04, "Plan Rows": 1, "Plan Width": 4, "Filter": "((kind)::text = 'production companies'::text)"}, {"Node Type": "Index Scan", "Parent Relationship": "Inner", "Scan Direction": "Forward", "Index Name": "company_type_id_movie_companies", "Relation Name": "movie_companies", "Alias": "mc", "Startup Cost": 0.0, "Total Cost": 59640.35, "Plan Rows": 209279, "Plan Width": 8, "Index Cond": "(company_type_id = ct.id), (LLVM Optimized)", "Filter": "(((note)::text !~~ '%(TV)%'::text) AND ((note)::text ~~ '%(USA)%'::text)), (LLVM Optimized)"}]}, {"Node Type": "Index Scan", "Parent Relationship": "Inner", "Scan Direction": "Forward", "Index Name": "title_pkey", "Relation Name": "title", "Alias": "t", "Startup Cost": 0.0, "Total Cost": 0.69, "Plan Rows": 1, "Plan Width": 21, "Index Cond": "(id = mc.movie_id)", "Filter": "(production_year > 1990)"}]}, {"Node Type": "Index Scan", "Parent Relationship": "Inner", "Scan Direction": "Forward", "Index Name": "movie_id_movie_info", "Relation Name": "movie_info", "Alias": "mi", "Startup Cost": 0.0, "Total Cost": 0.88, "Plan Rows": 1, "Plan Width": 8, "Index Cond": "(movie_id = t.id)", "Filter": "((info)::text = ANY ('{Sweden,Norway,Germany,Denmark,Swedish,Denish,Norwegian,German,USA,American}'::text[]))"}]}]}]}]}, "Unique SQL Id": 322094867}, "explain_analyze_plan": {"Plan": {"Node Type": "Aggregate", "Strategy": "Plain", "Startup Cost": 503598.61, "Total Cost": 503598.62, "Plan Rows": 1, "Plan Width": 49, "Actual Startup Time": 777.07, "Actual Total Time": 777.07, "Actual Rows": 1, "Actual Loops": 1, "Plans": [{"Node Type": "Merge Join", "Parent Relationship": "Outer", "Join Type": "Inner", "Startup Cost": 497892.98, "Total Cost": 502770.99, "Plan Rows": 331050, "Plan Width": 17, "Actual Startup Time": 776.592, "Actual Total Time": 776.847, "Actual Rows": 669, "Actual Loops": 1, "Inner Unique": false, "Merge Cond": "(it.id = mi.info_type_id)", "Plans": [{"Node Type": "Index Only Scan", "Parent Relationship": "Outer", "Scan Direction": "Forward", "Index Name": "info_type_pkey", "Relation Name": "info_type", "Alias": "it", "Startup Cost": 0.0, "Total Cost": 2.12, "Plan Rows": 112, "Plan Width": 4, "Actual Startup Time": 0.013, "Actual Total Time": 0.018, "Actual Rows": 18, "Actual Loops": 1, "Heap Fetches": 0}, {"Node Type": "Sort", "Parent Relationship": "Inner", "Startup Cost": 497802.88, "Total Cost": 498630.5, "Plan Rows": 331050, "Plan Width": 21, "Actual Startup Time": 776.563, "Actual Total Time": 776.637, "Actual Rows": 669, "Actual Loops": 1, "Sort Key": ["mi.info_type_id"], "Sort Method": "quicksort", "Sort Space Used": 90, "Sort Space Type": "Memory", "Plans": [{"Node Type": "Nested Loop", "Parent Relationship": "Outer", "Join Type": "Inner", "Startup Cost": 0.0, "Total Cost": 467451.07, "Plan Rows": 331050, "Plan Width": 21, "Actual Startup Time": 9.615, "Actual Total Time": 776.163, "Actual Rows": 669, "Actual Loops": 1, "Inner Unique": false, "Plans": [{"Node Type": "Nested Loop", "Parent Relationship": "Outer", "Join Type": "Inner", "Startup Cost": 0.0, "Total Cost": 208933.0, "Plan Rows": 289936, "Plan Width": 25, "Actual Startup Time": 9.588, "Actual Total Time": 751.55, "Actual Rows": 767, "Actual Loops": 1, "Inner Unique": true, "Plans": [{"Node Type": "Nested Loop", "Parent Relationship": "Outer", "Join Type": "Inner", "Startup Cost": 0.0, "Total Cost": 61734.18, "Plan Rows": 209278, "Plan Width": 4, "Actual Startup Time": 9.568, "Actual Total Time": 744.381, "Actual Rows": 798, "Actual Loops": 1, "Inner Unique": false, "Plans": [{"Node Type": "Seq Scan", "Parent Relationship": "Outer", "Relation Name": "company_type", "Alias": "ct", "Startup Cost": 0.0, "Total Cost": 1.04, "Plan Rows": 1, "Plan Width": 4, "Actual Startup Time": 0.014, "Actual Total Time": 0.022, "Actual Rows": 1, "Actual Loops": 1, "Filter": "((kind)::text = 'production companies'::text)", "Rows Removed by Filter": 2}, {"Node Type": "Index Scan", "Parent Relationship": "Inner", "Scan Direction": "Forward", "Index Name": "company_type_id_movie_companies", "Relation Name": "movie_companies", "Alias": "mc", "Startup Cost": 0.0, "Total Cost": 59640.35, "Plan Rows": 209279, "Plan Width": 8, "Actual Startup Time": 9.55, "Actual Total Time": 744.123, "Actual Rows": 798, "Actual Loops": 1, "Index Cond": "(company_type_id = ct.id), (LLVM Optimized, Jit Execute)", "Rows Removed by Index Recheck": 0, "Filter": "(((note)::text !~~ '%(TV)%'::text) AND ((note)::text ~~ '%(USA)%'::text)), (LLVM Optimized, Jit Execute)", "Rows Removed by Filter": 1334085}]}, {"Node Type": "Index Scan", "Parent Relationship": "Inner", "Scan Direction": "Forward", "Index Name": "title_pkey", "Relation Name": "title", "Alias": "t", "Startup Cost": 0.0, "Total Cost": 0.69, "Plan Rows": 1, "Plan Width": 21, "Actual Startup Time": 6.314, "Actual Total Time": 6.314, "Actual Rows": 767, "Actual Loops": 798, "Index Cond": "(id = mc.movie_id)", "Rows Removed by Index Recheck": 0, "Filter": "(production_year > 1990)", "Rows Removed by Filter": 31}]}, {"Node Type": "Index Scan", "Parent Relationship": "Inner", "Scan Direction": "Forward", "Index Name": "movie_id_movie_info", "Relation Name": "movie_info", "Alias": "mi", "Startup Cost": 0.0, "Total Cost": 0.88, "Plan Rows": 1, "Plan Width": 8, "Actual Startup Time": 21.113, "Actual Total Time": 23.942, "Actual Rows": 669, "Actual Loops": 767, "Index Cond": "(movie_id = t.id)", "Rows Removed by Index Recheck": 0, "Filter": "((info)::text = ANY ('{Sweden,Norway,Germany,Denmark,Swedish,Denish,Norwegian,German,USA,American}'::text[]))", "Rows Removed by Filter": 7721}]}]}]}]}, "Triggers": [], "Planner Runtime": 7.988, "Total Runtime": 786.831, "Unique SQL Id": 322094867}}, "(64, 89)": {"explain_plan": {"Plan": {"Node Type": "Aggregate", "Strategy": "Plain", "Startup Cost": 503617.55, "Total Cost": 503617.56, "Plan Rows": 1, "Plan Width": 49, "Plans": [{"Node Type": "Merge Join", "Parent Relationship": "Outer", "Join Type": "Inner", "Startup Cost": 497904.24, "Total Cost": 502789.92, "Plan Rows": 331050, "Plan Width": 17, "Inner Unique": false, "Merge Cond": "(it.id = mi.info_type_id)", "Plans": [{"Node Type": "Index Only Scan", "Parent Relationship": "Outer", "Scan Direction": "Forward", "Index Name": "info_type_pkey", "Relation Name": "info_type", "Alias": "it", "Startup Cost": 0.0, "Total Cost": 9.93, "Plan Rows": 112, "Plan Width": 4}, {"Node Type": "Sort", "Parent Relationship": "Inner", "Startup Cost": 497814.14, "Total Cost": 498641.77, "Plan Rows": 331050, "Plan Width": 21, "Sort Key": ["mi.info_type_id"], "Plans": [{"Node Type": "Nested Loop", "Parent Relationship": "Outer", "Join Type": "Inner", "Startup Cost": 0.0, "Total Cost": 467462.34, "Plan Rows": 331050, "Plan Width": 21, "Inner Unique": false, "Plans": [{"Node Type": "Nested Loop", "Parent Relationship": "Outer", "Join Type": "Inner", "Startup Cost": 0.0, "Total Cost": 208944.27, "Plan Rows": 289936, "Plan Width": 25, "Inner Unique": true, "Plans": [{"Node Type": "Nested Loop", "Parent Relationship": "Outer", "Join Type": "Inner", "Startup Cost": 0.0, "Total Cost": 61745.44, "Plan Rows": 209278, "Plan Width": 4, "Inner Unique": false, "Plans": [{"Node Type": "Index Scan", "Parent Relationship": "Outer", "Scan Direction": "Forward", "Index Name": "company_type_pkey", "Relation Name": "company_type", "Alias": "ct", "Startup Cost": 0.0, "Total Cost": 12.3, "Plan Rows": 1, "Plan Width": 4, "Filter": "((kind)::text = 'production companies'::text)"}, {"Node Type": "Index Scan", "Parent Relationship": "Inner", "Scan Direction": "Forward", "Index Name": "company_type_id_movie_companies", "Relation Name": "movie_companies", "Alias": "mc", "Startup Cost": 0.0, "Total Cost": 59640.35, "Plan Rows": 209279, "Plan Width": 8, "Index Cond": "(company_type_id = ct.id), (LLVM Optimized)", "Filter": "(((note)::text !~~ '%(TV)%'::text) AND ((note)::text ~~ '%(USA)%'::text)), (LLVM Optimized)"}]}, {"Node Type": "Index Scan", "Parent Relationship": "Inner", "Scan Direction": "Forward", "Index Name": "title_pkey", "Relation Name": "title", "Alias": "t", "Startup Cost": 0.0, "Total Cost": 0.69, "Plan Rows": 1, "Plan Width": 21, "Index Cond": "(id = mc.movie_id)", "Filter": "(production_year > 1990)"}]}, {"Node Type": "Index Scan", "Parent Relationship": "Inner", "Scan Direction": "Forward", "Index Name": "movie_id_movie_info", "Relation Name": "movie_info", "Alias": "mi", "Startup Cost": 0.0, "Total Cost": 0.88, "Plan Rows": 1, "Plan Width": 8, "Index Cond": "(movie_id = t.id)", "Filter": "((info)::text = ANY ('{Sweden,Norway,Germany,Denmark,Swedish,Denish,Norwegian,German,USA,American}'::text[]))"}]}]}]}]}, "Unique SQL Id": 322094867}, "explain_analyze_plan": {"Plan": {"Node Type": "Aggregate", "Strategy": "Plain", "Startup Cost": 503617.55, "Total Cost": 503617.56, "Plan Rows": 1, "Plan Width": 49, "Actual Startup Time": 688.66, "Actual Total Time": 688.66, "Actual Rows": 1, "Actual Loops": 1, "Plans": [{"Node Type": "Merge Join", "Parent Relationship": "Outer", "Join Type": "Inner", "Startup Cost": 497904.24, "Total Cost": 502789.92, "Plan Rows": 331050, "Plan Width": 17, "Actual Startup Time": 688.192, "Actual Total Time": 688.43, "Actual Rows": 669, "Actual Loops": 1, "Inner Unique": false, "Merge Cond": "(it.id = mi.info_type_id)", "Plans": [{"Node Type": "Index Only Scan", "Parent Relationship": "Outer", "Scan Direction": "Forward", "Index Name": "info_type_pkey", "Relation Name": "info_type", "Alias": "it", "Startup Cost": 0.0, "Total Cost": 9.93, "Plan Rows": 112, "Plan Width": 4, "Actual Startup Time": 0.015, "Actual Total Time": 0.022, "Actual Rows": 18, "Actual Loops": 1, "Heap Fetches": 0}, {"Node Type": "Sort", "Parent Relationship": "Inner", "Startup Cost": 497814.14, "Total Cost": 498641.77, "Plan Rows": 331050, "Plan Width": 21, "Actual Startup Time": 688.157, "Actual Total Time": 688.238, "Actual Rows": 669, "Actual Loops": 1, "Sort Key": ["mi.info_type_id"], "Sort Method": "quicksort", "Sort Space Used": 90, "Sort Space Type": "Memory", "Plans": [{"Node Type": "Nested Loop", "Parent Relationship": "Outer", "Join Type": "Inner", "Startup Cost": 0.0, "Total Cost": 467462.34, "Plan Rows": 331050, "Plan Width": 21, "Actual Startup Time": 8.62, "Actual Total Time": 687.694, "Actual Rows": 669, "Actual Loops": 1, "Inner Unique": false, "Plans": [{"Node Type": "Nested Loop", "Parent Relationship": "Outer", "Join Type": "Inner", "Startup Cost": 0.0, "Total Cost": 208944.27, "Plan Rows": 289936, "Plan Width": 25, "Actual Startup Time": 8.599, "Actual Total Time": 661.543, "Actual Rows": 767, "Actual Loops": 1, "Inner Unique": true, "Plans": [{"Node Type": "Nested Loop", "Parent Relationship": "Outer", "Join Type": "Inner", "Startup Cost": 0.0, "Total Cost": 61745.44, "Plan Rows": 209278, "Plan Width": 4, "Actual Startup Time": 8.578, "Actual Total Time": 654.207, "Actual Rows": 798, "Actual Loops": 1, "Inner Unique": false, "Plans": [{"Node Type": "Index Scan", "Parent Relationship": "Outer", "Scan Direction": "Forward", "Index Name": "company_type_pkey", "Relation Name": "company_type", "Alias": "ct", "Startup Cost": 0.0, "Total Cost": 12.3, "Plan Rows": 1, "Plan Width": 4, "Actual Startup Time": 0.018, "Actual Total Time": 0.024, "Actual Rows": 1, "Actual Loops": 1, "Filter": "((kind)::text = 'production companies'::text)", "Rows Removed by Filter": 2}, {"Node Type": "Index Scan", "Parent Relationship": "Inner", "Scan Direction": "Forward", "Index Name": "company_type_id_movie_companies", "Relation Name": "movie_companies", "Alias": "mc", "Startup Cost": 0.0, "Total Cost": 59640.35, "Plan Rows": 209279, "Plan Width": 8, "Actual Startup Time": 8.556, "Actual Total Time": 653.906, "Actual Rows": 798, "Actual Loops": 1, "Index Cond": "(company_type_id = ct.id), (LLVM Optimized, Jit Execute)", "Rows Removed by Index Recheck": 0, "Filter": "(((note)::text !~~ '%(TV)%'::text) AND ((note)::text ~~ '%(USA)%'::text)), (LLVM Optimized, Jit Execute)", "Rows Removed by Filter": 1334085}]}, {"Node Type": "Index Scan", "Parent Relationship": "Inner", "Scan Direction": "Forward", "Index Name": "title_pkey", "Relation Name": "title", "Alias": "t", "Startup Cost": 0.0, "Total Cost": 0.69, "Plan Rows": 1, "Plan Width": 21, "Actual Startup Time": 6.319, "Actual Total Time": 6.319, "Actual Rows": 767, "Actual Loops": 798, "Index Cond": "(id = mc.movie_id)", "Rows Removed by Index Recheck": 0, "Filter": "(production_year > 1990)", "Rows Removed by Filter": 31}]}, {"Node Type": "Index Scan", "Parent Relationship": "Inner", "Scan Direction": "Forward", "Index Name": "movie_id_movie_info", "Relation Name": "movie_info", "Alias": "mi", "Startup Cost": 0.0, "Total Cost": 0.88, "Plan Rows": 1, "Plan Width": 8, "Actual Startup Time": 22.446, "Actual Total Time": 25.507, "Actual Rows": 669, "Actual Loops": 767, "Index Cond": "(movie_id = t.id)", "Rows Removed by Index Recheck": 0, "Filter": "((info)::text = ANY ('{Sweden,Norway,Germany,Denmark,Swedish,Denish,Norwegian,German,USA,American}'::text[]))", "Rows Removed by Filter": 7721}]}]}]}]}, "Triggers": [], "Planner Runtime": 7.997, "Total Runtime": 698.237, "Unique SQL Id": 322094867}}, "(64, 90)": {"explain_plan": {"Plan": {"Node Type": "Aggregate", "Strategy": "Plain", "Startup Cost": 2100188123947.94, "Total Cost": 2100188123947.96, "Plan Rows": 1, "Plan Width": 49, "Plans": [{"Node Type": "Streaming(type: LOCAL GATHER dop: 1/64)", "Parent Relationship": "Outer", "Startup Cost": 2100188123947.94, "Total Cost": 2100188123947.96, "Plan Rows": 1, "Plan Width": 49, "Plans": [{"Node Type": "Aggregate", "Strategy": "Plain", "Parent Relationship": "Outer", "Startup Cost": 2100188123947.94, "Total Cost": 2100188123947.95, "Plan Rows": 1, "Plan Width": 49, "Plans": [{"Node Type": "Nested Loop", "Parent Relationship": "Outer", "Join Type": "Inner", "Startup Cost": 30000094971.16, "Total Cost": 2100188123120.31, "Plan Rows": 331050, "Plan Width": 17, "Inner Unique": false, "Join Filter": "(mi.movie_id = t.id), (LLVM Optimized)", "Plans": [{"Node Type": "Streaming(type: LOCAL REDISTRIBUTE dop: 64/64)", "Parent Relationship": "Outer", "Startup Cost": 10000000000.0, "Total Cost": 100001591311.48, "Plan Rows": 726375, "Plan Width": 4, "Plans": [{"Node Type": "Nested Loop", "Parent Relationship": "Outer", "Join Type": "Inner", "Startup Cost": 10000000000.0, "Total Cost": 100001527623.41, "Plan Rows": 726375, "Plan Width": 4, "Inner Unique": true, "Join Filter": "(it.id = mi.info_type_id), (LLVM Optimized)", "Plans": [{"Node Type": "Seq Scan", "Parent Relationship": "Outer", "Relation Name": "movie_info", "Alias": "mi", "Startup Cost": 0.0, "Total Cost": 70544.72, "Plan Rows": 726375, "Plan Width": 8, "Filter": "((info)::text = ANY ('{Sweden,Norway,Germany,Denmark,Swedish,Denish,Norwegian,German,USA,American}'::text[]))"}, {"Node Type": "Materialize", "Parent Relationship": "Inner", "Startup Cost": 0.0, "Total Cost": 63150.56, "Plan Rows": 7168, "Plan Width": 4, "Plans": [{"Node Type": "Streaming(type: BROADCAST dop: 64/1)", "Parent Relationship": "Outer", "Startup Cost": 0.0, "Total Cost": 63150.0, "Plan Rows": 7168, "Plan Width": 4, "Plans": [{"Node Type": "Seq Scan", "Parent Relationship": "Outer", "Relation Name": "info_type", "Alias": "it", "Startup Cost": 0.0, "Total Cost": 2.12, "Plan Rows": 112, "Plan Width": 4}]}]}]}]}, {"Node Type": "Materialize", "Parent Relationship": "Inner", "Startup Cost": 10000094971.16, "Total Cost": 100016449763.36, "Plan Rows": 289936, "Plan Width": 25, "Plans": [{"Node Type": "Streaming(type: LOCAL REDISTRIBUTE dop: 64/64)", "Parent Relationship": "Outer", "Startup Cost": 10000094971.16, "Total Cost": 100016449740.71, "Plan Rows": 289936, "Plan Width": 25, "Plans": [{"Node Type": "Nested Loop", "Parent Relationship": "Outer", "Join Type": "Inner", "Startup Cost": 10000094971.16, "Total Cost": 100016386466.06, "Plan Rows": 289936, "Plan Width": 25, "Inner Unique": false, "Join Filter": "(mc.movie_id = t.id), (LLVM Optimized)", "Plans": [{"Node Type": "Streaming(type: LOCAL REDISTRIBUTE dop: 64/64)", "Parent Relationship": "Outer", "Startup Cost": 0.0, "Total Cost": 128693.96, "Plan Rows": 1748840, "Plan Width": 21, "Plans": [{"Node Type": "Seq Scan", "Parent Relationship": "Outer", "Relation Name": "title", "Alias": "t", "Startup Cost": 0.0, "Total Cost": 64037.34, "Plan Rows": 1748840, "Plan Width": 21, "Filter": "(production_year > 1990), (LLVM Optimized)"}]}, {"Node Type": "Materialize", "Parent Relationship": "Inner", "Startup Cost": 94971.16, "Total Cost": 169651.73, "Plan Rows": 209278, "Plan Width": 4, "Plans": [{"Node Type": "Streaming(type: LOCAL REDISTRIBUTE dop: 64/1)", "Parent Relationship": "Outer", "Startup Cost": 94971.16, "Total Cost": 169635.38, "Plan Rows": 209278, "Plan Width": 4, "Plans": [{"Node Type": "Merge Join", "Parent Relationship": "Outer", "Join Type": "Inner", "Startup Cost": 94971.16, "Total Cost": 98132.44, "Plan Rows": 209278, "Plan Width": 4, "Inner Unique": false, "Merge Cond": "(ct.id = mc.company_type_id)", "Plans": [{"Node Type": "Sort", "Parent Relationship": "Outer", "Startup Cost": 1.05, "Total Cost": 1.05, "Plan Rows": 1, "Plan Width": 4, "Sort Key": ["ct.id"], "Plans": [{"Node Type": "Seq Scan", "Parent Relationship": "Outer", "Relation Name": "company_type", "Alias": "ct", "Startup Cost": 0.0, "Total Cost": 1.04, "Plan Rows": 1, "Plan Width": 4, "Filter": "((kind)::text = 'production companies'::text)"}]}, {"Node Type": "Sort", "Parent Relationship": "Inner", "Startup Cost": 93945.82, "Total Cost": 94992.21, "Plan Rows": 418557, "Plan Width": 8, "Sort Key": ["mc.company_type_id"], "Plans": [{"Node Type": "Seq Scan", "Parent Relationship": "Outer", "Relation Name": "movie_companies", "Alias": "mc", "Startup Cost": 0.0, "Total Cost": 54862.92, "Plan Rows": 418557, "Plan Width": 8, "Filter": "(((note)::text !~~ '%(TV)%'::text) AND ((note)::text ~~ '%(USA)%'::text)), (LLVM Optimized)"}]}]}]}]}]}]}]}]}]}]}]}, "Unique SQL Id": 322094867}, "explain_analyze_plan": {"Plan": {"Node Type": "Aggregate", "Strategy": "Plain", "Startup Cost": 2100188123947.94, "Total Cost": 2100188123947.96, "Plan Rows": 1, "Plan Width": 49, "Actual Min Startup Time": 2241.194, "Actual Max Startup Time": 2241.194, "Actual Min Total Time": 2241.194, "Actual Max Total Time": 2241.194, "Actual Total Rows": 1, "Plans": [{"Node Type": "Streaming(type: LOCAL GATHER dop: 1/64)", "Parent Relationship": "Outer", "Startup Cost": 2100188123947.94, "Total Cost": 2100188123947.96, "Plan Rows": 1, "Plan Width": 49, "Actual Min Startup Time": 2239.408, "Actual Max Startup Time": 2239.408, "Actual Min Total Time": 2241.151, "Actual Max Total Time": 2241.151, "Actual Total Rows": 64, "Plans": [{"Node Type": "Aggregate", "Strategy": "Plain", "Parent Relationship": "Outer", "Startup Cost": 2100188123947.94, "Total Cost": 2100188123947.95, "Plan Rows": 1, "Plan Width": 49, "Actual Min Startup Time": 1620.142, "Actual Max Startup Time": 1779.942, "Actual Min Total Time": 1620.142, "Actual Max Total Time": 1779.942, "Actual Total Rows": 64, "Plans": [{"Node Type": "Nested Loop", "Parent Relationship": "Outer", "Join Type": "Inner", "Startup Cost": 30000094971.16, "Total Cost": 2100188123120.31, "Plan Rows": 331050, "Plan Width": 17, "Actual Min Startup Time": 1449.62, "Actual Max Startup Time": 1633.577, "Actual Min Total Time": 1620.101, "Actual Max Total Time": 1779.897, "Actual Total Rows": 669, "Inner Unique": false, "Join Filter": "(mi.movie_id = t.id), (LLVM Optimized, Jit Execute)", "Rows Removed by Join Filter": 8470557, "Plans": [{"Node Type": "Streaming(type: LOCAL REDISTRIBUTE dop: 64/64)", "Parent Relationship": "Outer", "Startup Cost": 10000000000.0, "Total Cost": 100001591311.48, "Plan Rows": 726375, "Plan Width": 4, "Actual Min Startup Time": 0.138, "Actual Max Startup Time": 0.215, "Actual Min Total Time": 94.126, "Actual Max Total Time": 158.552, "Actual Total Rows": 706674, "Plans": [{"Node Type": "Nested Loop", "Parent Relationship": "Outer", "Join Type": "Inner", "Startup Cost": 10000000000.0, "Total Cost": 100001527623.41, "Plan Rows": 726375, "Plan Width": 4, "Actual Min Startup Time": 1.29, "Actual Max Startup Time": 345.247, "Actual Min Total Time": 152.405, "Actual Max Total Time": 492.354, "Actual Total Rows": 706674, "Inner Unique": true, "Join Filter": "(it.id = mi.info_type_id), (LLVM Optimized, Jit Execute)", "Rows Removed by Join Filter": 4490926, "Plans": [{"Node Type": "Seq Scan", "Parent Relationship": "Outer", "Relation Name": "movie_info", "Alias": "mi", "Startup Cost": 0.0, "Total Cost": 70544.72, "Plan Rows": 726375, "Plan Width": 8, "Actual Min Startup Time": 0.044, "Actual Max Startup Time": 3.461, "Actual Min Total Time": 121.956, "Actual Max Total Time": 143.38, "Actual Total Rows": 706674, "Filter": "((info)::text = ANY ('{Sweden,Norway,Germany,Denmark,Swedish,Denish,Norwegian,German,USA,American}'::text[]))", "Rows Removed by Filter": 14129045}, {"Node Type": "Materialize", "Parent Relationship": "Inner", "Startup Cost": 0.0, "Total Cost": 63150.56, "Plan Rows": 7168, "Plan Width": 4, "Actual Min Startup Time": 1.845, "Actual Max Startup Time": 345.123, "Actual Min Total Time": 9.036, "Actual Max Total Time": 351.029, "Actual Total Rows": 5197664, "Plans": [{"Node Type": "Streaming(type: BROADCAST dop: 64/1)", "Parent Relationship": "Outer", "Startup Cost": 0.0, "Total Cost": 63150.0, "Plan Rows": 7168, "Plan Width": 4, "Actual Min Startup Time": 0.026, "Actual Max Startup Time": 239.902, "Actual Min Total Time": 0.565, "Actual Max Total Time": 344.811, "Actual Total Rows": 7168, "Plans": [{"Node Type": "Seq Scan", "Parent Relationship": "Outer", "Relation Name": "info_type", "Alias": "it", "Startup Cost": 0.0, "Total Cost": 2.12, "Plan Rows": 112, "Plan Width": 4, "Actual Min Startup Time": 0.029, "Actual Max Startup Time": 0.029, "Actual Min Total Time": 0.063, "Actual Max Total Time": 0.063, "Actual Total Rows": 112}]}]}]}]}, {"Node Type": "Materialize", "Parent Relationship": "Inner", "Startup Cost": 10000094971.16, "Total Cost": 100016449763.36, "Plan Rows": 289936, "Plan Width": 25, "Actual Min Startup Time": 1445.056, "Actual Max Startup Time": 1604.818, "Actual Min Total Time": 1454.77, "Actual Max Total Time": 1618.362, "Actual Total Rows": 8471290, "Plans": [{"Node Type": "Streaming(type: LOCAL REDISTRIBUTE dop: 64/64)", "Parent Relationship": "Outer", "Startup Cost": 10000094971.16, "Total Cost": 100016449740.71, "Plan Rows": 289936, "Plan Width": 25, "Actual Min Startup Time": 1442.884, "Actual Max Startup Time": 1603.659, "Actual Min Total Time": 1444.105, "Actual Max Total Time": 1603.845, "Actual Total Rows": 767, "Plans": [{"Node Type": "Nested Loop", "Parent Relationship": "Outer", "Join Type": "Inner", "Startup Cost": 10000094971.16, "Total Cost": 100016386466.06, "Plan Rows": 289936, "Plan Width": 25, "Actual Min Startup Time": 1268.167, "Actual Max Startup Time": 1638.302, "Actual Min Total Time": 1447.936, "Actual Max Total Time": 1770.007, "Actual Total Rows": 767, "Inner Unique": false, "Join Filter": "(mc.movie_id = t.id), (LLVM Optimized, Jit Execute)", "Rows Removed by Join Filter": 21810564, "Plans": [{"Node Type": "Streaming(type: LOCAL REDISTRIBUTE dop: 64/64)", "Parent Relationship": "Outer", "Startup Cost": 0.0, "Total Cost": 128693.96, "Plan Rows": 1748840, "Plan Width": 21, "Actual Min Startup Time": 0.172, "Actual Max Startup Time": 1.706, "Actual Min Total Time": 13.696, "Actual Max Total Time": 159.384, "Actual Total Rows": 1749032, "Plans": [{"Node Type": "Seq Scan", "Parent Relationship": "Outer", "Relation Name": "title", "Alias": "t", "Startup Cost": 0.0, "Total Cost": 64037.34, "Plan Rows": 1748840, "Plan Width": 21, "Actual Min Startup Time": 0.027, "Actual Max Startup Time": 0.09, "Actual Min Total Time": 13.358, "Actual Max Total Time": 19.872, "Actual Total Rows": 1749032, "Filter": "(production_year > 1990), (LLVM Optimized, Jit Execute)", "Rows Removed by Filter": 779279}]}, {"Node Type": "Materialize", "Parent Relationship": "Inner", "Startup Cost": 94971.16, "Total Cost": 169651.73, "Plan Rows": 209278, "Plan Width": 4, "Actual Min Startup Time": 1245.959, "Actual Max Startup Time": 1568.125, "Actual Min Total Time": 1268.558, "Actual Max Total Time": 1587.721, "Actual Total Rows": 21811395, "Plans": [{"Node Type": "Streaming(type: LOCAL REDISTRIBUTE dop: 64/1)", "Parent Relationship": "Outer", "Startup Cost": 94971.16, "Total Cost": 169635.38, "Plan Rows": 209278, "Plan Width": 4, "Actual Min Startup Time": 1243.445, "Actual Max Startup Time": 1565.606, "Actual Min Total Time": 1243.447, "Actual Max Total Time": 1565.608, "Actual Total Rows": 798, "Plans": [{"Node Type": "Merge Join", "Parent Relationship": "Outer", "Join Type": "Inner", "Startup Cost": 94971.16, "Total Cost": 98132.44, "Plan Rows": 209278, "Plan Width": 4, "Actual Min Startup Time": 1463.07, "Actual Max Startup Time": 1463.07, "Actual Min Total Time": 1463.833, "Actual Max Total Time": 1463.833, "Actual Total Rows": 798, "Inner Unique": false, "Merge Cond": "(ct.id = mc.company_type_id)", "Plans": [{"Node Type": "Sort", "Parent Relationship": "Outer", "Startup Cost": 1.05, "Total Cost": 1.05, "Plan Rows": 1, "Plan Width": 4, "Actual Min Startup Time": 0.059, "Actual Max Startup Time": 0.059, "Actual Min Total Time": 0.06, "Actual Max Total Time": 0.06, "Actual Total Rows": 1, "Sort Key": ["ct.id"], "Sort Method": "quicksort", "Sort Space Min Used": 25, "Sort Space Max Used": 25, "Sort Space Type": "Memory", "Plans": [{"Node Type": "Seq Scan", "Parent Relationship": "Outer", "Relation Name": "company_type", "Alias": "ct", "Startup Cost": 0.0, "Total Cost": 1.04, "Plan Rows": 1, "Plan Width": 4, "Actual Min Startup Time": 0.033, "Actual Max Startup Time": 0.033, "Actual Min Total Time": 0.036, "Actual Max Total Time": 0.036, "Actual Total Rows": 1, "Filter": "((kind)::text = 'production companies'::text)", "Rows Removed by Filter": 2}]}, {"Node Type": "Sort", "Parent Relationship": "Inner", "Startup Cost": 93945.82, "Total Cost": 94992.21, "Plan Rows": 418557, "Plan Width": 8, "Actual Min Startup Time": 1377.597, "Actual Max Startup Time": 1377.597, "Actual Min Total Time": 1422.026, "Actual Max Total Time": 1422.026, "Actual Total Rows": 295628, "Sort Key": ["mc.company_type_id"], "Sort Method": "quicksort", "Sort Space Min Used": 30765, "Sort Space Max Used": 30765, "Sort Space Type": "Memory", "Plans": [{"Node Type": "Seq Scan", "Parent Relationship": "Outer", "Relation Name": "movie_companies", "Alias": "mc", "Startup Cost": 0.0, "Total Cost": 54862.92, "Plan Rows": 418557, "Plan Width": 8, "Actual Min Startup Time": 0.031, "Actual Max Startup Time": 0.031, "Actual Min Total Time": 1225.351, "Actual Max Total Time": 1225.351, "Actual Total Rows": 295628, "Filter": "(((note)::text !~~ '%(TV)%'::text) AND ((note)::text ~~ '%(USA)%'::text)), (LLVM Optimized, Jit Execute)", "Rows Removed by Filter": 2313500}]}]}]}]}]}]}]}]}]}]}]}, "Triggers": [], "Planner Runtime": 9.049, "Total Runtime": 2319.988, "Unique SQL Id": 322094867}}, "(64, 91)": {"explain_plan": {"Plan": {"Node Type": "Aggregate", "Strategy": "Plain", "Startup Cost": 4981329392227.96, "Total Cost": 4981329392227.97, "Plan Rows": 1, "Plan Width": 49, "Plans": [{"Node Type": "Merge Join", "Parent Relationship": "Outer", "Join Type": "Inner", "Startup Cost": 3992044039798.95, "Total Cost": 4981329391400.33, "Plan Rows": 331050, "Plan Width": 17, "Inner Unique": true, "Merge Cond": "(mi.movie_id = t.id)", "Plans": [{"Node Type": "Sort", "Parent Relationship": "Outer", "Startup Cost": 3982019131566.9, "Total Cost": 3982019132164.29, "Plan Rows": 238955, "Plan Width": 8, "Sort Key": ["mc.movie_id"], "Plans": [{"Node Type": "Merge Join", "Parent Relationship": "Outer", "Join Type": "Inner", "Startup Cost": 3009697677154.34, "Total Cost": 3982019110220.6, "Plan Rows": 238955, "Plan Width": 8, "Inner Unique": false, "Merge Cond": "(it.id = mi.info_type_id)", "Plans": [{"Node Type": "Index Only Scan", "Parent Relationship": "Outer", "Scan Direction": "Forward", "Index Name": "info_type_pkey", "Relation Name": "info_type", "Alias": "it", "Startup Cost": 10000000000.0, "Total Cost": 1000000000993.0, "Plan Rows": 112, "Plan Width": 4}, {"Node Type": "Sort", "Parent Relationship": "Inner", "Startup Cost": 2999697677089.3, "Total Cost": 2999697677686.69, "Plan Rows": 238955, "Plan Width": 12, "Sort Key": ["mi.info_type_id"], "Plans": [{"Node Type": "Merge Join", "Parent Relationship": "Outer", "Join Type": "Inner", "Startup Cost": 2010005985853.06, "Total Cost": 2999697655743.0, "Plan Rows": 238955, "Plan Width": 12, "Inner Unique": false, "Merge Cond": "(mi.movie_id = mc.movie_id)", "Plans": [{"Node Type": "Index Scan", "Parent Relationship": "Outer", "Scan Direction": "Forward", "Index Name": "movie_id_movie_info", "Relation Name": "movie_info", "Alias": "mi", "Startup Cost": 10000000000.0, "Total Cost": 1000122404369.72, "Plan Rows": 726375, "Plan Width": 8, "Filter": "((info)::text = ANY ('{Sweden,Norway,Germany,Denmark,Swedish,Denish,Norwegian,German,USA,American}'::text[]))"}, {"Node Type": "Sort", "Parent Relationship": "Inner", "Startup Cost": 2000005985853.05, "Total Cost": 2000005986376.24, "Plan Rows": 209278, "Plan Width": 4, "Sort Key": ["mc.movie_id"], "Plans": [{"Node Type": "Nested Loop", "Parent Relationship": "Outer", "Join Type": "Inner", "Startup Cost": 20000000000.0, "Total Cost": 2000005967358.04, "Plan Rows": 209278, "Plan Width": 4, "Inner Unique": false, "Plans": [{"Node Type": "Index Scan", "Parent Relationship": "Outer", "Scan Direction": "Forward", "Index Name": "company_type_pkey", "Relation Name": "company_type", "Alias": "ct", "Startup Cost": 10000000000.0, "Total Cost": 1000000001230.25, "Plan Rows": 1, "Plan Width": 4, "Filter": "((kind)::text = 'production companies'::text)"}, {"Node Type": "Index Scan", "Parent Relationship": "Inner", "Scan Direction": "Forward", "Index Name": "company_type_id_movie_companies", "Relation Name": "movie_companies", "Alias": "mc", "Startup Cost": 10000000000.0, "Total Cost": 1000005964035.0, "Plan Rows": 209279, "Plan Width": 8, "Index Cond": "(company_type_id = ct.id), (LLVM Optimized)", "Filter": "(((note)::text !~~ '%(TV)%'::text) AND ((note)::text ~~ '%(USA)%'::text)), (LLVM Optimized)"}]}]}]}]}]}]}, {"Node Type": "Index Scan", "Parent Relationship": "Inner", "Scan Direction": "Forward", "Index Name": "title_pkey", "Relation Name": "title", "Alias": "t", "Startup Cost": 10000000000.0, "Total Cost": 1000011644126.66, "Plan Rows": 1748840, "Plan Width": 21, "Filter": "(production_year > 1990), (LLVM Optimized)"}]}]}, "Unique SQL Id": 322094867}, "explain_analyze_plan": null}, "(64, 92)": {"explain_plan": {"Plan": {"Node Type": "Aggregate", "Strategy": "Plain", "Startup Cost": 503602.74, "Total Cost": 503602.75, "Plan Rows": 1, "Plan Width": 49, "Plans": [{"Node Type": "Merge Join", "Parent Relationship": "Outer", "Join Type": "Inner", "Startup Cost": 497898.91, "Total Cost": 502775.11, "Plan Rows": 331050, "Plan Width": 17, "Inner Unique": false, "Merge Cond": "(it.id = mi.info_type_id)", "Plans": [{"Node Type": "Sort", "Parent Relationship": "Outer", "Startup Cost": 5.93, "Total Cost": 6.21, "Plan Rows": 112, "Plan Width": 4, "Sort Key": ["it.id"], "Plans": [{"Node Type": "Seq Scan", "Parent Relationship": "Outer", "Relation Name": "info_type", "Alias": "it", "Startup Cost": 0.0, "Total Cost": 2.12, "Plan Rows": 112, "Plan Width": 4}]}, {"Node Type": "Sort", "Parent Relationship": "Inner", "Startup Cost": 497802.88, "Total Cost": 498630.5, "Plan Rows": 331050, "Plan Width": 21, "Sort Key": ["mi.info_type_id"], "Plans": [{"Node Type": "Nested Loop", "Parent Relationship": "Outer", "Join Type": "Inner", "Startup Cost": 0.0, "Total Cost": 467451.07, "Plan Rows": 331050, "Plan Width": 21, "Inner Unique": false, "Plans": [{"Node Type": "Nested Loop", "Parent Relationship": "Outer", "Join Type": "Inner", "Startup Cost": 0.0, "Total Cost": 208933.0, "Plan Rows": 289936, "Plan Width": 25, "Inner Unique": true, "Plans": [{"Node Type": "Nested Loop", "Parent Relationship": "Outer", "Join Type": "Inner", "Startup Cost": 0.0, "Total Cost": 61734.18, "Plan Rows": 209278, "Plan Width": 4, "Inner Unique": false, "Plans": [{"Node Type": "Seq Scan", "Parent Relationship": "Outer", "Relation Name": "company_type", "Alias": "ct", "Startup Cost": 0.0, "Total Cost": 1.04, "Plan Rows": 1, "Plan Width": 4, "Filter": "((kind)::text = 'production companies'::text)"}, {"Node Type": "Index Scan", "Parent Relationship": "Inner", "Scan Direction": "Forward", "Index Name": "company_type_id_movie_companies", "Relation Name": "movie_companies", "Alias": "mc", "Startup Cost": 0.0, "Total Cost": 59640.35, "Plan Rows": 209279, "Plan Width": 8, "Index Cond": "(company_type_id = ct.id), (LLVM Optimized)", "Filter": "(((note)::text !~~ '%(TV)%'::text) AND ((note)::text ~~ '%(USA)%'::text)), (LLVM Optimized)"}]}, {"Node Type": "Index Scan", "Parent Relationship": "Inner", "Scan Direction": "Forward", "Index Name": "title_pkey", "Relation Name": "title", "Alias": "t", "Startup Cost": 0.0, "Total Cost": 0.69, "Plan Rows": 1, "Plan Width": 21, "Index Cond": "(id = mc.movie_id)", "Filter": "(production_year > 1990)"}]}, {"Node Type": "Index Scan", "Parent Relationship": "Inner", "Scan Direction": "Forward", "Index Name": "movie_id_movie_info", "Relation Name": "movie_info", "Alias": "mi", "Startup Cost": 0.0, "Total Cost": 0.88, "Plan Rows": 1, "Plan Width": 8, "Index Cond": "(movie_id = t.id)", "Filter": "((info)::text = ANY ('{Sweden,Norway,Germany,Denmark,Swedish,Denish,Norwegian,German,USA,American}'::text[]))"}]}]}]}]}, "Unique SQL Id": 322094867}, "explain_analyze_plan": {"Plan": {"Node Type": "Aggregate", "Strategy": "Plain", "Startup Cost": 503602.74, "Total Cost": 503602.75, "Plan Rows": 1, "Plan Width": 49, "Actual Startup Time": 748.92, "Actual Total Time": 748.921, "Actual Rows": 1, "Actual Loops": 1, "Plans": [{"Node Type": "Merge Join", "Parent Relationship": "Outer", "Join Type": "Inner", "Startup Cost": 497898.91, "Total Cost": 502775.11, "Plan Rows": 331050, "Plan Width": 17, "Actual Startup Time": 748.422, "Actual Total Time": 748.694, "Actual Rows": 669, "Actual Loops": 1, "Inner Unique": false, "Merge Cond": "(it.id = mi.info_type_id)", "Plans": [{"Node Type": "Sort", "Parent Relationship": "Outer", "Startup Cost": 5.93, "Total Cost": 6.21, "Plan Rows": 112, "Plan Width": 4, "Actual Startup Time": 0.078, "Actual Total Time": 0.081, "Actual Rows": 18, "Actual Loops": 1, "Sort Key": ["it.id"], "Sort Method": "quicksort", "Sort Space Used": 32, "Sort Space Type": "Memory", "Plans": [{"Node Type": "Seq Scan", "Parent Relationship": "Outer", "Relation Name": "info_type", "Alias": "it", "Startup Cost": 0.0, "Total Cost": 2.12, "Plan Rows": 112, "Plan Width": 4, "Actual Startup Time": 0.023, "Actual Total Time": 0.044, "Actual Rows": 112, "Actual Loops": 1}]}, {"Node Type": "Sort", "Parent Relationship": "Inner", "Startup Cost": 497802.88, "Total Cost": 498630.5, "Plan Rows": 331050, "Plan Width": 21, "Actual Startup Time": 748.329, "Actual Total Time": 748.415, "Actual Rows": 669, "Actual Loops": 1, "Sort Key": ["mi.info_type_id"], "Sort Method": "quicksort", "Sort Space Used": 90, "Sort Space Type": "Memory", "Plans": [{"Node Type": "Nested Loop", "Parent Relationship": "Outer", "Join Type": "Inner", "Startup Cost": 0.0, "Total Cost": 467451.07, "Plan Rows": 331050, "Plan Width": 21, "Actual Startup Time": 9.516, "Actual Total Time": 747.903, "Actual Rows": 669, "Actual Loops": 1, "Inner Unique": false, "Plans": [{"Node Type": "Nested Loop", "Parent Relationship": "Outer", "Join Type": "Inner", "Startup Cost": 0.0, "Total Cost": 208933.0, "Plan Rows": 289936, "Plan Width": 25, "Actual Startup Time": 9.496, "Actual Total Time": 723.385, "Actual Rows": 767, "Actual Loops": 1, "Inner Unique": true, "Plans": [{"Node Type": "Nested Loop", "Parent Relationship": "Outer", "Join Type": "Inner", "Startup Cost": 0.0, "Total Cost": 61734.18, "Plan Rows": 209278, "Plan Width": 4, "Actual Startup Time": 9.482, "Actual Total Time": 716.246, "Actual Rows": 798, "Actual Loops": 1, "Inner Unique": false, "Plans": [{"Node Type": "Seq Scan", "Parent Relationship": "Outer", "Relation Name": "company_type", "Alias": "ct", "Startup Cost": 0.0, "Total Cost": 1.04, "Plan Rows": 1, "Plan Width": 4, "Actual Startup Time": 0.01, "Actual Total Time": 0.017, "Actual Rows": 1, "Actual Loops": 1, "Filter": "((kind)::text = 'production companies'::text)", "Rows Removed by Filter": 2}, {"Node Type": "Index Scan", "Parent Relationship": "Inner", "Scan Direction": "Forward", "Index Name": "company_type_id_movie_companies", "Relation Name": "movie_companies", "Alias": "mc", "Startup Cost": 0.0, "Total Cost": 59640.35, "Plan Rows": 209279, "Plan Width": 8, "Actual Startup Time": 9.468, "Actual Total Time": 716.011, "Actual Rows": 798, "Actual Loops": 1, "Index Cond": "(company_type_id = ct.id), (LLVM Optimized, Jit Execute)", "Rows Removed by Index Recheck": 0, "Filter": "(((note)::text !~~ '%(TV)%'::text) AND ((note)::text ~~ '%(USA)%'::text)), (LLVM Optimized, Jit Execute)", "Rows Removed by Filter": 1334085}]}, {"Node Type": "Index Scan", "Parent Relationship": "Inner", "Scan Direction": "Forward", "Index Name": "title_pkey", "Relation Name": "title", "Alias": "t", "Startup Cost": 0.0, "Total Cost": 0.69, "Plan Rows": 1, "Plan Width": 21, "Actual Startup Time": 6.312, "Actual Total Time": 6.312, "Actual Rows": 767, "Actual Loops": 798, "Index Cond": "(id = mc.movie_id)", "Rows Removed by Index Recheck": 0, "Filter": "(production_year > 1990)", "Rows Removed by Filter": 31}]}, {"Node Type": "Index Scan", "Parent Relationship": "Inner", "Scan Direction": "Forward", "Index Name": "movie_id_movie_info", "Relation Name": "movie_info", "Alias": "mi", "Startup Cost": 0.0, "Total Cost": 0.88, "Plan Rows": 1, "Plan Width": 8, "Actual Startup Time": 21.098, "Actual Total Time": 23.883, "Actual Rows": 669, "Actual Loops": 767, "Index Cond": "(movie_id = t.id)", "Rows Removed by Index Recheck": 0, "Filter": "((info)::text = ANY ('{Sweden,Norway,Germany,Denmark,Swedish,Denish,Norwegian,German,USA,American}'::text[]))", "Rows Removed by Filter": 7721}]}]}]}]}, "Triggers": [], "Planner Runtime": 8.019, "Total Runtime": 758.568, "Unique SQL Id": 322094867}}, "(64, 93)": {"explain_plan": {"Plan": {"Node Type": "Aggregate", "Strategy": "Plain", "Startup Cost": 503621.48, "Total Cost": 503621.49, "Plan Rows": 1, "Plan Width": 49, "Plans": [{"Node Type": "Merge Join", "Parent Relationship": "Outer", "Join Type": "Inner", "Startup Cost": 497904.24, "Total Cost": 502793.85, "Plan Rows": 331050, "Plan Width": 17, "Inner Unique": false, "Merge Cond": "(it.id = mi.info_type_id)", "Plans": [{"Node Type": "Index Scan", "Parent Relationship": "Outer", "Scan Direction": "Forward", "Index Name": "info_type_pkey", "Relation Name": "info_type", "Alias": "it", "Startup Cost": 0.0, "Total Cost": 13.93, "Plan Rows": 112, "Plan Width": 4}, {"Node Type": "Sort", "Parent Relationship": "Inner", "Startup Cost": 497814.14, "Total Cost": 498641.77, "Plan Rows": 331050, "Plan Width": 21, "Sort Key": ["mi.info_type_id"], "Plans": [{"Node Type": "Nested Loop", "Parent Relationship": "Outer", "Join Type": "Inner", "Startup Cost": 0.0, "Total Cost": 467462.34, "Plan Rows": 331050, "Plan Width": 21, "Inner Unique": false, "Plans": [{"Node Type": "Nested Loop", "Parent Relationship": "Outer", "Join Type": "Inner", "Startup Cost": 0.0, "Total Cost": 208944.27, "Plan Rows": 289936, "Plan Width": 25, "Inner Unique": true, "Plans": [{"Node Type": "Nested Loop", "Parent Relationship": "Outer", "Join Type": "Inner", "Startup Cost": 0.0, "Total Cost": 61745.44, "Plan Rows": 209278, "Plan Width": 4, "Inner Unique": false, "Plans": [{"Node Type": "Index Scan", "Parent Relationship": "Outer", "Scan Direction": "Forward", "Index Name": "company_type_pkey", "Relation Name": "company_type", "Alias": "ct", "Startup Cost": 0.0, "Total Cost": 12.3, "Plan Rows": 1, "Plan Width": 4, "Filter": "((kind)::text = 'production companies'::text)"}, {"Node Type": "Index Scan", "Parent Relationship": "Inner", "Scan Direction": "Forward", "Index Name": "company_type_id_movie_companies", "Relation Name": "movie_companies", "Alias": "mc", "Startup Cost": 0.0, "Total Cost": 59640.35, "Plan Rows": 209279, "Plan Width": 8, "Index Cond": "(company_type_id = ct.id), (LLVM Optimized)", "Filter": "(((note)::text !~~ '%(TV)%'::text) AND ((note)::text ~~ '%(USA)%'::text)), (LLVM Optimized)"}]}, {"Node Type": "Index Scan", "Parent Relationship": "Inner", "Scan Direction": "Forward", "Index Name": "title_pkey", "Relation Name": "title", "Alias": "t", "Startup Cost": 0.0, "Total Cost": 0.69, "Plan Rows": 1, "Plan Width": 21, "Index Cond": "(id = mc.movie_id)", "Filter": "(production_year > 1990)"}]}, {"Node Type": "Index Scan", "Parent Relationship": "Inner", "Scan Direction": "Forward", "Index Name": "movie_id_movie_info", "Relation Name": "movie_info", "Alias": "mi", "Startup Cost": 0.0, "Total Cost": 0.88, "Plan Rows": 1, "Plan Width": 8, "Index Cond": "(movie_id = t.id)", "Filter": "((info)::text = ANY ('{Sweden,Norway,Germany,Denmark,Swedish,Denish,Norwegian,German,USA,American}'::text[]))"}]}]}]}]}, "Unique SQL Id": 322094867}, "explain_analyze_plan": {"Plan": {"Node Type": "Aggregate", "Strategy": "Plain", "Startup Cost": 503621.48, "Total Cost": 503621.49, "Plan Rows": 1, "Plan Width": 49, "Actual Startup Time": 753.741, "Actual Total Time": 753.741, "Actual Rows": 1, "Actual Loops": 1, "Plans": [{"Node Type": "Merge Join", "Parent Relationship": "Outer", "Join Type": "Inner", "Startup Cost": 497904.24, "Total Cost": 502793.85, "Plan Rows": 331050, "Plan Width": 17, "Actual Startup Time": 753.254, "Actual Total Time": 753.542, "Actual Rows": 669, "Actual Loops": 1, "Inner Unique": false, "Merge Cond": "(it.id = mi.info_type_id)", "Plans": [{"Node Type": "Index Scan", "Parent Relationship": "Outer", "Scan Direction": "Forward", "Index Name": "info_type_pkey", "Relation Name": "info_type", "Alias": "it", "Startup Cost": 0.0, "Total Cost": 13.93, "Plan Rows": 112, "Plan Width": 4, "Actual Startup Time": 0.015, "Actual Total Time": 0.028, "Actual Rows": 18, "Actual Loops": 1}, {"Node Type": "Sort", "Parent Relationship": "Inner", "Startup Cost": 497814.14, "Total Cost": 498641.77, "Plan Rows": 331050, "Plan Width": 21, "Actual Startup Time": 753.223, "Actual Total Time": 753.31, "Actual Rows": 669, "Actual Loops": 1, "Sort Key": ["mi.info_type_id"], "Sort Method": "quicksort", "Sort Space Used": 90, "Sort Space Type": "Memory", "Plans": [{"Node Type": "Nested Loop", "Parent Relationship": "Outer", "Join Type": "Inner", "Startup Cost": 0.0, "Total Cost": 467462.34, "Plan Rows": 331050, "Plan Width": 21, "Actual Startup Time": 9.576, "Actual Total Time": 752.798, "Actual Rows": 669, "Actual Loops": 1, "Inner Unique": false, "Plans": [{"Node Type": "Nested Loop", "Parent Relationship": "Outer", "Join Type": "Inner", "Startup Cost": 0.0, "Total Cost": 208944.27, "Plan Rows": 289936, "Plan Width": 25, "Actual Startup Time": 9.554, "Actual Total Time": 727.598, "Actual Rows": 767, "Actual Loops": 1, "Inner Unique": true, "Plans": [{"Node Type": "Nested Loop", "Parent Relationship": "Outer", "Join Type": "Inner", "Startup Cost": 0.0, "Total Cost": 61745.44, "Plan Rows": 209278, "Plan Width": 4, "Actual Startup Time": 9.535, "Actual Total Time": 720.265, "Actual Rows": 798, "Actual Loops": 1, "Inner Unique": false, "Plans": [{"Node Type": "Index Scan", "Parent Relationship": "Outer", "Scan Direction": "Forward", "Index Name": "company_type_pkey", "Relation Name": "company_type", "Alias": "ct", "Startup Cost": 0.0, "Total Cost": 12.3, "Plan Rows": 1, "Plan Width": 4, "Actual Startup Time": 0.009, "Actual Total Time": 0.018, "Actual Rows": 1, "Actual Loops": 1, "Filter": "((kind)::text = 'production companies'::text)", "Rows Removed by Filter": 2}, {"Node Type": "Index Scan", "Parent Relationship": "Inner", "Scan Direction": "Forward", "Index Name": "company_type_id_movie_companies", "Relation Name": "movie_companies", "Alias": "mc", "Startup Cost": 0.0, "Total Cost": 59640.35, "Plan Rows": 209279, "Plan Width": 8, "Actual Startup Time": 9.523, "Actual Total Time": 719.997, "Actual Rows": 798, "Actual Loops": 1, "Index Cond": "(company_type_id = ct.id), (LLVM Optimized, Jit Execute)", "Rows Removed by Index Recheck": 0, "Filter": "(((note)::text !~~ '%(TV)%'::text) AND ((note)::text ~~ '%(USA)%'::text)), (LLVM Optimized, Jit Execute)", "Rows Removed by Filter": 1334085}]}, {"Node Type": "Index Scan", "Parent Relationship": "Inner", "Scan Direction": "Forward", "Index Name": "title_pkey", "Relation Name": "title", "Alias": "t", "Startup Cost": 0.0, "Total Cost": 0.69, "Plan Rows": 1, "Plan Width": 21, "Actual Startup Time": 6.486, "Actual Total Time": 6.486, "Actual Rows": 767, "Actual Loops": 798, "Index Cond": "(id = mc.movie_id)", "Rows Removed by Index Recheck": 0, "Filter": "(production_year > 1990)", "Rows Removed by Filter": 31}]}, {"Node Type": "Index Scan", "Parent Relationship": "Inner", "Scan Direction": "Forward", "Index Name": "movie_id_movie_info", "Relation Name": "movie_info", "Alias": "mi", "Startup Cost": 0.0, "Total Cost": 0.88, "Plan Rows": 1, "Plan Width": 8, "Actual Startup Time": 21.63, "Actual Total Time": 24.495, "Actual Rows": 669, "Actual Loops": 767, "Index Cond": "(movie_id = t.id)", "Rows Removed by Index Recheck": 0, "Filter": "((info)::text = ANY ('{Sweden,Norway,Germany,Denmark,Swedish,Denish,Norwegian,German,USA,American}'::text[]))", "Rows Removed by Filter": 7721}]}]}]}]}, "Triggers": [], "Planner Runtime": 8.004, "Total Runtime": 763.569, "Unique SQL Id": 322094867}}, "(64, 94)": {"explain_plan": {"Plan": {"Node Type": "Aggregate", "Strategy": "Plain", "Startup Cost": 2100188123947.94, "Total Cost": 2100188123947.96, "Plan Rows": 1, "Plan Width": 49, "Plans": [{"Node Type": "Streaming(type: LOCAL GATHER dop: 1/64)", "Parent Relationship": "Outer", "Startup Cost": 2100188123947.94, "Total Cost": 2100188123947.96, "Plan Rows": 1, "Plan Width": 49, "Plans": [{"Node Type": "Aggregate", "Strategy": "Plain", "Parent Relationship": "Outer", "Startup Cost": 2100188123947.94, "Total Cost": 2100188123947.95, "Plan Rows": 1, "Plan Width": 49, "Plans": [{"Node Type": "Nested Loop", "Parent Relationship": "Outer", "Join Type": "Inner", "Startup Cost": 30000094971.16, "Total Cost": 2100188123120.31, "Plan Rows": 331050, "Plan Width": 17, "Inner Unique": false, "Join Filter": "(mi.movie_id = t.id), (LLVM Optimized)", "Plans": [{"Node Type": "Streaming(type: LOCAL REDISTRIBUTE dop: 64/64)", "Parent Relationship": "Outer", "Startup Cost": 10000000000.0, "Total Cost": 100001591311.48, "Plan Rows": 726375, "Plan Width": 4, "Plans": [{"Node Type": "Nested Loop", "Parent Relationship": "Outer", "Join Type": "Inner", "Startup Cost": 10000000000.0, "Total Cost": 100001527623.41, "Plan Rows": 726375, "Plan Width": 4, "Inner Unique": true, "Join Filter": "(it.id = mi.info_type_id), (LLVM Optimized)", "Plans": [{"Node Type": "Seq Scan", "Parent Relationship": "Outer", "Relation Name": "movie_info", "Alias": "mi", "Startup Cost": 0.0, "Total Cost": 70544.72, "Plan Rows": 726375, "Plan Width": 8, "Filter": "((info)::text = ANY ('{Sweden,Norway,Germany,Denmark,Swedish,Denish,Norwegian,German,USA,American}'::text[]))"}, {"Node Type": "Materialize", "Parent Relationship": "Inner", "Startup Cost": 0.0, "Total Cost": 63150.56, "Plan Rows": 7168, "Plan Width": 4, "Plans": [{"Node Type": "Streaming(type: BROADCAST dop: 64/1)", "Parent Relationship": "Outer", "Startup Cost": 0.0, "Total Cost": 63150.0, "Plan Rows": 7168, "Plan Width": 4, "Plans": [{"Node Type": "Seq Scan", "Parent Relationship": "Outer", "Relation Name": "info_type", "Alias": "it", "Startup Cost": 0.0, "Total Cost": 2.12, "Plan Rows": 112, "Plan Width": 4}]}]}]}]}, {"Node Type": "Materialize", "Parent Relationship": "Inner", "Startup Cost": 10000094971.16, "Total Cost": 100016449763.36, "Plan Rows": 289936, "Plan Width": 25, "Plans": [{"Node Type": "Streaming(type: LOCAL REDISTRIBUTE dop: 64/64)", "Parent Relationship": "Outer", "Startup Cost": 10000094971.16, "Total Cost": 100016449740.71, "Plan Rows": 289936, "Plan Width": 25, "Plans": [{"Node Type": "Nested Loop", "Parent Relationship": "Outer", "Join Type": "Inner", "Startup Cost": 10000094971.16, "Total Cost": 100016386466.06, "Plan Rows": 289936, "Plan Width": 25, "Inner Unique": false, "Join Filter": "(mc.movie_id = t.id), (LLVM Optimized)", "Plans": [{"Node Type": "Streaming(type: LOCAL REDISTRIBUTE dop: 64/64)", "Parent Relationship": "Outer", "Startup Cost": 0.0, "Total Cost": 128693.96, "Plan Rows": 1748840, "Plan Width": 21, "Plans": [{"Node Type": "Seq Scan", "Parent Relationship": "Outer", "Relation Name": "title", "Alias": "t", "Startup Cost": 0.0, "Total Cost": 64037.34, "Plan Rows": 1748840, "Plan Width": 21, "Filter": "(production_year > 1990), (LLVM Optimized)"}]}, {"Node Type": "Materialize", "Parent Relationship": "Inner", "Startup Cost": 94971.16, "Total Cost": 169651.73, "Plan Rows": 209278, "Plan Width": 4, "Plans": [{"Node Type": "Streaming(type: LOCAL REDISTRIBUTE dop: 64/1)", "Parent Relationship": "Outer", "Startup Cost": 94971.16, "Total Cost": 169635.38, "Plan Rows": 209278, "Plan Width": 4, "Plans": [{"Node Type": "Merge Join", "Parent Relationship": "Outer", "Join Type": "Inner", "Startup Cost": 94971.16, "Total Cost": 98132.44, "Plan Rows": 209278, "Plan Width": 4, "Inner Unique": false, "Merge Cond": "(ct.id = mc.company_type_id)", "Plans": [{"Node Type": "Sort", "Parent Relationship": "Outer", "Startup Cost": 1.05, "Total Cost": 1.05, "Plan Rows": 1, "Plan Width": 4, "Sort Key": ["ct.id"], "Plans": [{"Node Type": "Seq Scan", "Parent Relationship": "Outer", "Relation Name": "company_type", "Alias": "ct", "Startup Cost": 0.0, "Total Cost": 1.04, "Plan Rows": 1, "Plan Width": 4, "Filter": "((kind)::text = 'production companies'::text)"}]}, {"Node Type": "Sort", "Parent Relationship": "Inner", "Startup Cost": 93945.82, "Total Cost": 94992.21, "Plan Rows": 418557, "Plan Width": 8, "Sort Key": ["mc.company_type_id"], "Plans": [{"Node Type": "Seq Scan", "Parent Relationship": "Outer", "Relation Name": "movie_companies", "Alias": "mc", "Startup Cost": 0.0, "Total Cost": 54862.92, "Plan Rows": 418557, "Plan Width": 8, "Filter": "(((note)::text !~~ '%(TV)%'::text) AND ((note)::text ~~ '%(USA)%'::text)), (LLVM Optimized)"}]}]}]}]}]}]}]}]}]}]}]}, "Unique SQL Id": 322094867}, "explain_analyze_plan": {"Plan": {"Node Type": "Aggregate", "Strategy": "Plain", "Startup Cost": 2100188123947.94, "Total Cost": 2100188123947.96, "Plan Rows": 1, "Plan Width": 49, "Actual Min Startup Time": 2241.194, "Actual Max Startup Time": 2241.194, "Actual Min Total Time": 2241.194, "Actual Max Total Time": 2241.194, "Actual Total Rows": 1, "Plans": [{"Node Type": "Streaming(type: LOCAL GATHER dop: 1/64)", "Parent Relationship": "Outer", "Startup Cost": 2100188123947.94, "Total Cost": 2100188123947.96, "Plan Rows": 1, "Plan Width": 49, "Actual Min Startup Time": 2239.408, "Actual Max Startup Time": 2239.408, "Actual Min Total Time": 2241.151, "Actual Max Total Time": 2241.151, "Actual Total Rows": 64, "Plans": [{"Node Type": "Aggregate", "Strategy": "Plain", "Parent Relationship": "Outer", "Startup Cost": 2100188123947.94, "Total Cost": 2100188123947.95, "Plan Rows": 1, "Plan Width": 49, "Actual Min Startup Time": 1620.142, "Actual Max Startup Time": 1779.942, "Actual Min Total Time": 1620.142, "Actual Max Total Time": 1779.942, "Actual Total Rows": 64, "Plans": [{"Node Type": "Nested Loop", "Parent Relationship": "Outer", "Join Type": "Inner", "Startup Cost": 30000094971.16, "Total Cost": 2100188123120.31, "Plan Rows": 331050, "Plan Width": 17, "Actual Min Startup Time": 1449.62, "Actual Max Startup Time": 1633.577, "Actual Min Total Time": 1620.101, "Actual Max Total Time": 1779.897, "Actual Total Rows": 669, "Inner Unique": false, "Join Filter": "(mi.movie_id = t.id), (LLVM Optimized, Jit Execute)", "Rows Removed by Join Filter": 8470557, "Plans": [{"Node Type": "Streaming(type: LOCAL REDISTRIBUTE dop: 64/64)", "Parent Relationship": "Outer", "Startup Cost": 10000000000.0, "Total Cost": 100001591311.48, "Plan Rows": 726375, "Plan Width": 4, "Actual Min Startup Time": 0.138, "Actual Max Startup Time": 0.215, "Actual Min Total Time": 94.126, "Actual Max Total Time": 158.552, "Actual Total Rows": 706674, "Plans": [{"Node Type": "Nested Loop", "Parent Relationship": "Outer", "Join Type": "Inner", "Startup Cost": 10000000000.0, "Total Cost": 100001527623.41, "Plan Rows": 726375, "Plan Width": 4, "Actual Min Startup Time": 1.29, "Actual Max Startup Time": 345.247, "Actual Min Total Time": 152.405, "Actual Max Total Time": 492.354, "Actual Total Rows": 706674, "Inner Unique": true, "Join Filter": "(it.id = mi.info_type_id), (LLVM Optimized, Jit Execute)", "Rows Removed by Join Filter": 4490926, "Plans": [{"Node Type": "Seq Scan", "Parent Relationship": "Outer", "Relation Name": "movie_info", "Alias": "mi", "Startup Cost": 0.0, "Total Cost": 70544.72, "Plan Rows": 726375, "Plan Width": 8, "Actual Min Startup Time": 0.044, "Actual Max Startup Time": 3.461, "Actual Min Total Time": 121.956, "Actual Max Total Time": 143.38, "Actual Total Rows": 706674, "Filter": "((info)::text = ANY ('{Sweden,Norway,Germany,Denmark,Swedish,Denish,Norwegian,German,USA,American}'::text[]))", "Rows Removed by Filter": 14129045}, {"Node Type": "Materialize", "Parent Relationship": "Inner", "Startup Cost": 0.0, "Total Cost": 63150.56, "Plan Rows": 7168, "Plan Width": 4, "Actual Min Startup Time": 1.845, "Actual Max Startup Time": 345.123, "Actual Min Total Time": 9.036, "Actual Max Total Time": 351.029, "Actual Total Rows": 5197664, "Plans": [{"Node Type": "Streaming(type: BROADCAST dop: 64/1)", "Parent Relationship": "Outer", "Startup Cost": 0.0, "Total Cost": 63150.0, "Plan Rows": 7168, "Plan Width": 4, "Actual Min Startup Time": 0.026, "Actual Max Startup Time": 239.902, "Actual Min Total Time": 0.565, "Actual Max Total Time": 344.811, "Actual Total Rows": 7168, "Plans": [{"Node Type": "Seq Scan", "Parent Relationship": "Outer", "Relation Name": "info_type", "Alias": "it", "Startup Cost": 0.0, "Total Cost": 2.12, "Plan Rows": 112, "Plan Width": 4, "Actual Min Startup Time": 0.029, "Actual Max Startup Time": 0.029, "Actual Min Total Time": 0.063, "Actual Max Total Time": 0.063, "Actual Total Rows": 112}]}]}]}]}, {"Node Type": "Materialize", "Parent Relationship": "Inner", "Startup Cost": 10000094971.16, "Total Cost": 100016449763.36, "Plan Rows": 289936, "Plan Width": 25, "Actual Min Startup Time": 1445.056, "Actual Max Startup Time": 1604.818, "Actual Min Total Time": 1454.77, "Actual Max Total Time": 1618.362, "Actual Total Rows": 8471290, "Plans": [{"Node Type": "Streaming(type: LOCAL REDISTRIBUTE dop: 64/64)", "Parent Relationship": "Outer", "Startup Cost": 10000094971.16, "Total Cost": 100016449740.71, "Plan Rows": 289936, "Plan Width": 25, "Actual Min Startup Time": 1442.884, "Actual Max Startup Time": 1603.659, "Actual Min Total Time": 1444.105, "Actual Max Total Time": 1603.845, "Actual Total Rows": 767, "Plans": [{"Node Type": "Nested Loop", "Parent Relationship": "Outer", "Join Type": "Inner", "Startup Cost": 10000094971.16, "Total Cost": 100016386466.06, "Plan Rows": 289936, "Plan Width": 25, "Actual Min Startup Time": 1268.167, "Actual Max Startup Time": 1638.302, "Actual Min Total Time": 1447.936, "Actual Max Total Time": 1770.007, "Actual Total Rows": 767, "Inner Unique": false, "Join Filter": "(mc.movie_id = t.id), (LLVM Optimized, Jit Execute)", "Rows Removed by Join Filter": 21810564, "Plans": [{"Node Type": "Streaming(type: LOCAL REDISTRIBUTE dop: 64/64)", "Parent Relationship": "Outer", "Startup Cost": 0.0, "Total Cost": 128693.96, "Plan Rows": 1748840, "Plan Width": 21, "Actual Min Startup Time": 0.172, "Actual Max Startup Time": 1.706, "Actual Min Total Time": 13.696, "Actual Max Total Time": 159.384, "Actual Total Rows": 1749032, "Plans": [{"Node Type": "Seq Scan", "Parent Relationship": "Outer", "Relation Name": "title", "Alias": "t", "Startup Cost": 0.0, "Total Cost": 64037.34, "Plan Rows": 1748840, "Plan Width": 21, "Actual Min Startup Time": 0.027, "Actual Max Startup Time": 0.09, "Actual Min Total Time": 13.358, "Actual Max Total Time": 19.872, "Actual Total Rows": 1749032, "Filter": "(production_year > 1990), (LLVM Optimized, Jit Execute)", "Rows Removed by Filter": 779279}]}, {"Node Type": "Materialize", "Parent Relationship": "Inner", "Startup Cost": 94971.16, "Total Cost": 169651.73, "Plan Rows": 209278, "Plan Width": 4, "Actual Min Startup Time": 1245.959, "Actual Max Startup Time": 1568.125, "Actual Min Total Time": 1268.558, "Actual Max Total Time": 1587.721, "Actual Total Rows": 21811395, "Plans": [{"Node Type": "Streaming(type: LOCAL REDISTRIBUTE dop: 64/1)", "Parent Relationship": "Outer", "Startup Cost": 94971.16, "Total Cost": 169635.38, "Plan Rows": 209278, "Plan Width": 4, "Actual Min Startup Time": 1243.445, "Actual Max Startup Time": 1565.606, "Actual Min Total Time": 1243.447, "Actual Max Total Time": 1565.608, "Actual Total Rows": 798, "Plans": [{"Node Type": "Merge Join", "Parent Relationship": "Outer", "Join Type": "Inner", "Startup Cost": 94971.16, "Total Cost": 98132.44, "Plan Rows": 209278, "Plan Width": 4, "Actual Min Startup Time": 1463.07, "Actual Max Startup Time": 1463.07, "Actual Min Total Time": 1463.833, "Actual Max Total Time": 1463.833, "Actual Total Rows": 798, "Inner Unique": false, "Merge Cond": "(ct.id = mc.company_type_id)", "Plans": [{"Node Type": "Sort", "Parent Relationship": "Outer", "Startup Cost": 1.05, "Total Cost": 1.05, "Plan Rows": 1, "Plan Width": 4, "Actual Min Startup Time": 0.059, "Actual Max Startup Time": 0.059, "Actual Min Total Time": 0.06, "Actual Max Total Time": 0.06, "Actual Total Rows": 1, "Sort Key": ["ct.id"], "Sort Method": "quicksort", "Sort Space Min Used": 25, "Sort Space Max Used": 25, "Sort Space Type": "Memory", "Plans": [{"Node Type": "Seq Scan", "Parent Relationship": "Outer", "Relation Name": "company_type", "Alias": "ct", "Startup Cost": 0.0, "Total Cost": 1.04, "Plan Rows": 1, "Plan Width": 4, "Actual Min Startup Time": 0.033, "Actual Max Startup Time": 0.033, "Actual Min Total Time": 0.036, "Actual Max Total Time": 0.036, "Actual Total Rows": 1, "Filter": "((kind)::text = 'production companies'::text)", "Rows Removed by Filter": 2}]}, {"Node Type": "Sort", "Parent Relationship": "Inner", "Startup Cost": 93945.82, "Total Cost": 94992.21, "Plan Rows": 418557, "Plan Width": 8, "Actual Min Startup Time": 1377.597, "Actual Max Startup Time": 1377.597, "Actual Min Total Time": 1422.026, "Actual Max Total Time": 1422.026, "Actual Total Rows": 295628, "Sort Key": ["mc.company_type_id"], "Sort Method": "quicksort", "Sort Space Min Used": 30765, "Sort Space Max Used": 30765, "Sort Space Type": "Memory", "Plans": [{"Node Type": "Seq Scan", "Parent Relationship": "Outer", "Relation Name": "movie_companies", "Alias": "mc", "Startup Cost": 0.0, "Total Cost": 54862.92, "Plan Rows": 418557, "Plan Width": 8, "Actual Min Startup Time": 0.031, "Actual Max Startup Time": 0.031, "Actual Min Total Time": 1225.351, "Actual Max Total Time": 1225.351, "Actual Total Rows": 295628, "Filter": "(((note)::text !~~ '%(TV)%'::text) AND ((note)::text ~~ '%(USA)%'::text)), (LLVM Optimized, Jit Execute)", "Rows Removed by Filter": 2313500}]}]}]}]}]}]}]}]}]}]}]}, "Triggers": [], "Planner Runtime": 9.049, "Total Runtime": 2319.988, "Unique SQL Id": 322094867}}, "(64, 95)": {"explain_plan": {"Plan": {"Node Type": "Aggregate", "Strategy": "Plain", "Startup Cost": 4981329392620.81, "Total Cost": 4981329392620.82, "Plan Rows": 1, "Plan Width": 49, "Plans": [{"Node Type": "Merge Join", "Parent Relationship": "Outer", "Join Type": "Inner", "Startup Cost": 3992044040191.81, "Total Cost": 4981329391793.19, "Plan Rows": 331050, "Plan Width": 17, "Inner Unique": true, "Merge Cond": "(mi.movie_id = t.id)", "Plans": [{"Node Type": "Sort", "Parent Relationship": "Outer", "Startup Cost": 3982019131959.76, "Total Cost": 3982019132557.15, "Plan Rows": 238955, "Plan Width": 8, "Sort Key": ["mc.movie_id"], "Plans": [{"Node Type": "Merge Join", "Parent Relationship": "Outer", "Join Type": "Inner", "Startup Cost": 3009697677154.34, "Total Cost": 3982019110613.46, "Plan Rows": 238955, "Plan Width": 8, "Inner Unique": false, "Merge Cond": "(it.id = mi.info_type_id)", "Plans": [{"Node Type": "Index Scan", "Parent Relationship": "Outer", "Scan Direction": "Forward", "Index Name": "info_type_pkey", "Relation Name": "info_type", "Alias": "it", "Startup Cost": 10000000000.0, "Total Cost": 1000000001393.0, "Plan Rows": 112, "Plan Width": 4}, {"Node Type": "Sort", "Parent Relationship": "Inner", "Startup Cost": 2999697677089.3, "Total Cost": 2999697677686.69, "Plan Rows": 238955, "Plan Width": 12, "Sort Key": ["mi.info_type_id"], "Plans": [{"Node Type": "Merge Join", "Parent Relationship": "Outer", "Join Type": "Inner", "Startup Cost": 2010005985853.06, "Total Cost": 2999697655743.0, "Plan Rows": 238955, "Plan Width": 12, "Inner Unique": false, "Merge Cond": "(mi.movie_id = mc.movie_id)", "Plans": [{"Node Type": "Index Scan", "Parent Relationship": "Outer", "Scan Direction": "Forward", "Index Name": "movie_id_movie_info", "Relation Name": "movie_info", "Alias": "mi", "Startup Cost": 10000000000.0, "Total Cost": 1000122404369.72, "Plan Rows": 726375, "Plan Width": 8, "Filter": "((info)::text = ANY ('{Sweden,Norway,Germany,Denmark,Swedish,Denish,Norwegian,German,USA,American}'::text[]))"}, {"Node Type": "Sort", "Parent Relationship": "Inner", "Startup Cost": 2000005985853.05, "Total Cost": 2000005986376.24, "Plan Rows": 209278, "Plan Width": 4, "Sort Key": ["mc.movie_id"], "Plans": [{"Node Type": "Nested Loop", "Parent Relationship": "Outer", "Join Type": "Inner", "Startup Cost": 20000000000.0, "Total Cost": 2000005967358.04, "Plan Rows": 209278, "Plan Width": 4, "Inner Unique": false, "Plans": [{"Node Type": "Index Scan", "Parent Relationship": "Outer", "Scan Direction": "Forward", "Index Name": "company_type_pkey", "Relation Name": "company_type", "Alias": "ct", "Startup Cost": 10000000000.0, "Total Cost": 1000000001230.25, "Plan Rows": 1, "Plan Width": 4, "Filter": "((kind)::text = 'production companies'::text)"}, {"Node Type": "Index Scan", "Parent Relationship": "Inner", "Scan Direction": "Forward", "Index Name": "company_type_id_movie_companies", "Relation Name": "movie_companies", "Alias": "mc", "Startup Cost": 10000000000.0, "Total Cost": 1000005964035.0, "Plan Rows": 209279, "Plan Width": 8, "Index Cond": "(company_type_id = ct.id), (LLVM Optimized)", "Filter": "(((note)::text !~~ '%(TV)%'::text) AND ((note)::text ~~ '%(USA)%'::text)), (LLVM Optimized)"}]}]}]}]}]}]}, {"Node Type": "Index Scan", "Parent Relationship": "Inner", "Scan Direction": "Forward", "Index Name": "title_pkey", "Relation Name": "title", "Alias": "t", "Startup Cost": 10000000000.0, "Total Cost": 1000011644126.66, "Plan Rows": 1748840, "Plan Width": 21, "Filter": "(production_year > 1990), (LLVM Optimized)"}]}]}, "Unique SQL Id": 322094867}, "explain_analyze_plan": null}, "(64, 96)": {"explain_plan": {"Plan": {"Node Type": "Aggregate", "Strategy": "Plain", "Startup Cost": 282595.42, "Total Cost": 282595.43, "Plan Rows": 1, "Plan Width": 49, "Plans": [{"Node Type": "Hash Join", "Parent Relationship": "Outer", "Join Type": "Inner", "Startup Cost": 187293.84, "Total Cost": 281767.79, "Plan Rows": 331050, "Plan Width": 17, "Inner Unique": true, "Hash Cond": "(mi.info_type_id = it.id), (LLVM Optimized)", "Plans": [{"Node Type": "Hash Join", "Parent Relationship": "Outer", "Join Type": "Inner", "Startup Cost": 187290.32, "Total Cost": 277212.34, "Plan Rows": 331050, "Plan Width": 21, "Inner Unique": false, "Hash Cond": "(mi.movie_id = t.id), (LLVM Optimized)", "Plans": [{"Node Type": "Streaming(type: LOCAL GATHER dop: 1/64)", "Parent Relationship": "Outer", "Startup Cost": 0.0, "Total Cost": 85529.75, "Plan Rows": 726375, "Plan Width": 8, "Plans": [{"Node Type": "Seq Scan", "Parent Relationship": "Outer", "Relation Name": "movie_info", "Alias": "mi", "Startup Cost": 0.0, "Total Cost": 70544.72, "Plan Rows": 726375, "Plan Width": 8, "Filter": "((info)::text = ANY ('{Sweden,Norway,Germany,Denmark,Swedish,Denish,Norwegian,German,USA,American}'::text[]))"}]}, {"Node Type": "Hash", "Parent Relationship": "Inner", "Startup Cost": 183666.12, "Total Cost": 183666.12, "Plan Rows": 289936, "Plan Width": 25, "Plans": [{"Node Type": "Hash Join", "Parent Relationship": "Outer", "Join Type": "Inner", "Startup Cost": 121977.26, "Total Cost": 183666.12, "Plan Rows": 289936, "Plan Width": 25, "Inner Unique": true, "Hash Cond": "(mc.movie_id = t.id), (LLVM Optimized)", "Plans": [{"Node Type": "Hash Join", "Parent Relationship": "Outer", "Join Type": "Inner", "Startup Cost": 1.05, "Total Cost": 58005.76, "Plan Rows": 209278, "Plan Width": 4, "Inner Unique": true, "Hash Cond": "(mc.company_type_id = ct.id), (LLVM Optimized)", "Plans": [{"Node Type": "Seq Scan", "Parent Relationship": "Outer", "Relation Name": "movie_companies", "Alias": "mc", "Startup Cost": 0.0, "Total Cost": 54862.92, "Plan Rows": 418557, "Plan Width": 8, "Filter": "(((note)::text !~~ '%(TV)%'::text) AND ((note)::text ~~ '%(USA)%'::text)), (LLVM Optimized)"}, {"Node Type": "Hash", "Parent Relationship": "Inner", "Startup Cost": 1.04, "Total Cost": 1.04, "Plan Rows": 1, "Plan Width": 4, "Plans": [{"Node Type": "Seq Scan", "Parent Relationship": "Outer", "Relation Name": "company_type", "Alias": "ct", "Startup Cost": 0.0, "Total Cost": 1.04, "Plan Rows": 1, "Plan Width": 4, "Filter": "((kind)::text = 'production companies'::text)"}]}]}, {"Node Type": "Hash", "Parent Relationship": "Inner", "Startup Cost": 100115.71, "Total Cost": 100115.71, "Plan Rows": 1748840, "Plan Width": 21, "Plans": [{"Node Type": "Streaming(type: LOCAL GATHER dop: 1/64)", "Parent Relationship": "Outer", "Startup Cost": 0.0, "Total Cost": 100115.71, "Plan Rows": 1748840, "Plan Width": 21, "Plans": [{"Node Type": "Seq Scan", "Parent Relationship": "Outer", "Relation Name": "title", "Alias": "t", "Startup Cost": 0.0, "Total Cost": 64037.34, "Plan Rows": 1748840, "Plan Width": 21, "Filter": "(production_year > 1990), (LLVM Optimized)"}]}]}]}]}]}, {"Node Type": "Hash", "Parent Relationship": "Inner", "Startup Cost": 2.12, "Total Cost": 2.12, "Plan Rows": 112, "Plan Width": 4, "Plans": [{"Node Type": "Index Only Scan", "Parent Relationship": "Outer", "Scan Direction": "Forward", "Index Name": "info_type_pkey", "Relation Name": "info_type", "Alias": "it", "Startup Cost": 0.0, "Total Cost": 2.12, "Plan Rows": 112, "Plan Width": 4}]}]}]}, "Unique SQL Id": 322094867}, "explain_analyze_plan": {"Plan": {"Node Type": "Aggregate", "Strategy": "Plain", "Startup Cost": 282595.42, "Total Cost": 282595.43, "Plan Rows": 1, "Plan Width": 49, "Actual Min Startup Time": 2819.09, "Actual Max Startup Time": 2819.09, "Actual Min Total Time": 2819.09, "Actual Max Total Time": 2819.09, "Actual Total Rows": 1, "Plans": [{"Node Type": "Hash Join", "Parent Relationship": "Outer", "Join Type": "Inner", "Startup Cost": 187293.84, "Total Cost": 281767.79, "Plan Rows": 331050, "Plan Width": 17, "Actual Min Startup Time": 2473.353, "Actual Max Startup Time": 2473.353, "Actual Min Total Time": 2818.616, "Actual Max Total Time": 2818.616, "Actual Total Rows": 669, "Inner Unique": true, "Hash Cond": "(mi.info_type_id = it.id), (LLVM Optimized, Jit Execute)", "Plans": [{"Node Type": "Hash Join", "Parent Relationship": "Outer", "Join Type": "Inner", "Startup Cost": 187290.32, "Total Cost": 277212.34, "Plan Rows": 331050, "Plan Width": 21, "Actual Min Startup Time": 2473.167, "Actual Max Startup Time": 2473.167, "Actual Min Total Time": 2817.954, "Actual Max Total Time": 2817.954, "Actual Total Rows": 669, "Inner Unique": false, "Hash Cond": "(mi.movie_id = t.id), (LLVM Optimized, Jit Execute)", "Plans": [{"Node Type": "Streaming(type: LOCAL GATHER dop: 1/64)", "Parent Relationship": "Outer", "Startup Cost": 0.0, "Total Cost": 85529.75, "Plan Rows": 726375, "Plan Width": 8, "Actual Min Startup Time": 0.144, "Actual Max Startup Time": 0.144, "Actual Min Total Time": 210.639, "Actual Max Total Time": 210.639, "Actual Total Rows": 706674, "Plans": [{"Node Type": "Seq Scan", "Parent Relationship": "Outer", "Relation Name": "movie_info", "Alias": "mi", "Startup Cost": 0.0, "Total Cost": 70544.72, "Plan Rows": 726375, "Plan Width": 8, "Actual Min Startup Time": 0.037, "Actual Max Startup Time": 3.327, "Actual Min Total Time": 122.346, "Actual Max Total Time": 141.453, "Actual Total Rows": 706674, "Filter": "((info)::text = ANY ('{Sweden,Norway,Germany,Denmark,Swedish,Denish,Norwegian,German,USA,American}'::text[]))", "Rows Removed by Filter": 14129045}]}, {"Node Type": "Hash", "Parent Relationship": "Inner", "Startup Cost": 183666.12, "Total Cost": 183666.12, "Plan Rows": 289936, "Plan Width": 25, "Actual Min Startup Time": 2467.444, "Actual Max Startup Time": 2467.444, "Actual Min Total Time": 2467.444, "Actual Max Total Time": 2467.444, "Actual Total Rows": 767, "Max Hash Buckets": 524288, "Min Hash Buckets": 524288, "Max Hash Batches": 1, "Min Hash Batches": 1, "Max Original Hash Batches": 1, "Min Original Hash Batches": 1, "Max Peak Memory Usage": 45, "min Peak Memory Usage": 45, "Plans": [{"Node Type": "Hash Join", "Parent Relationship": "Outer", "Join Type": "Inner", "Startup Cost": 121977.26, "Total Cost": 183666.12, "Plan Rows": 289936, "Plan Width": 25, "Actual Min Startup Time": 2133.332, "Actual Max Startup Time": 2133.332, "Actual Min Total Time": 2467.037, "Actual Max Total Time": 2467.037, "Actual Total Rows": 767, "Inner Unique": true, "Hash Cond": "(mc.movie_id = t.id), (LLVM Optimized, Jit Execute)", "Plans": [{"Node Type": "Hash Join", "Parent Relationship": "Outer", "Join Type": "Inner", "Startup Cost": 1.05, "Total Cost": 58005.76, "Plan Rows": 209278, "Plan Width": 4, "Actual Min Startup Time": 792.833, "Actual Max Startup Time": 792.833, "Actual Min Total Time": 1125.904, "Actual Max Total Time": 1125.904, "Actual Total Rows": 798, "Inner Unique": true, "Hash Cond": "(mc.company_type_id = ct.id), (LLVM Optimized, Jit Execute)", "Plans": [{"Node Type": "Seq Scan", "Parent Relationship": "Outer", "Relation Name": "movie_companies", "Alias": "mc", "Startup Cost": 0.0, "Total Cost": 54862.92, "Plan Rows": 418557, "Plan Width": 8, "Actual Min Startup Time": 0.049, "Actual Max Startup Time": 0.049, "Actual Min Total Time": 1073.944, "Actual Max Total Time": 1073.944, "Actual Total Rows": 295628, "Filter": "(((note)::text !~~ '%(TV)%'::text) AND ((note)::text ~~ '%(USA)%'::text)), (LLVM Optimized, Jit Execute)", "Rows Removed by Filter": 2313500}, {"Node Type": "Hash", "Parent Relationship": "Inner", "Startup Cost": 1.04, "Total Cost": 1.04, "Plan Rows": 1, "Plan Width": 4, "Actual Min Startup Time": 0.029, "Actual Max Startup Time": 0.029, "Actual Min Total Time": 0.029, "Actual Max Total Time": 0.029, "Actual Total Rows": 1, "Max Hash Buckets": 32768, "Min Hash Buckets": 32768, "Max Hash Batches": 1, "Min Hash Batches": 1, "Max Original Hash Batches": 1, "Min Original Hash Batches": 1, "Max Peak Memory Usage": 1, "min Peak Memory Usage": 1, "Plans": [{"Node Type": "Seq Scan", "Parent Relationship": "Outer", "Relation Name": "company_type", "Alias": "ct", "Startup Cost": 0.0, "Total Cost": 1.04, "Plan Rows": 1, "Plan Width": 4, "Actual Min Startup Time": 0.023, "Actual Max Startup Time": 0.023, "Actual Min Total Time": 0.026, "Actual Max Total Time": 0.026, "Actual Total Rows": 1, "Filter": "((kind)::text = 'production companies'::text)", "Rows Removed by Filter": 2}]}]}, {"Node Type": "Hash", "Parent Relationship": "Inner", "Startup Cost": 100115.71, "Total Cost": 100115.71, "Plan Rows": 1748840, "Plan Width": 21, "Actual Min Startup Time": 1338.823, "Actual Max Startup Time": 1338.823, "Actual Min Total Time": 1338.823, "Actual Max Total Time": 1338.823, "Actual Total Rows": 1749032, "Max Hash Buckets": 2097152, "Min Hash Buckets": 2097152, "Max Hash Batches": 1, "Min Hash Batches": 1, "Max Original Hash Batches": 1, "Min Original Hash Batches": 1, "Max Peak Memory Usage": 93635, "min Peak Memory Usage": 93635, "Plans": [{"Node Type": "Streaming(type: LOCAL GATHER dop: 1/64)", "Parent Relationship": "Outer", "Startup Cost": 0.0, "Total Cost": 100115.71, "Plan Rows": 1748840, "Plan Width": 21, "Actual Min Startup Time": 31.174, "Actual Max Startup Time": 31.174, "Actual Min Total Time": 688.819, "Actual Max Total Time": 688.819, "Actual Total Rows": 1749032, "Plans": [{"Node Type": "Seq Scan", "Parent Relationship": "Outer", "Relation Name": "title", "Alias": "t", "Startup Cost": 0.0, "Total Cost": 64037.34, "Plan Rows": 1748840, "Plan Width": 21, "Actual Min Startup Time": 0.025, "Actual Max Startup Time": 0.045, "Actual Min Total Time": 14.76, "Actual Max Total Time": 18.88, "Actual Total Rows": 1749032, "Filter": "(production_year > 1990), (LLVM Optimized, Jit Execute)", "Rows Removed by Filter": 779279}]}]}]}]}]}, {"Node Type": "Hash", "Parent Relationship": "Inner", "Startup Cost": 2.12, "Total Cost": 2.12, "Plan Rows": 112, "Plan Width": 4, "Actual Min Startup Time": 0.108, "Actual Max Startup Time": 0.108, "Actual Min Total Time": 0.108, "Actual Max Total Time": 0.108, "Actual Total Rows": 112, "Max Hash Buckets": 32768, "Min Hash Buckets": 32768, "Max Hash Batches": 1, "Min Hash Batches": 1, "Max Original Hash Batches": 1, "Min Original Hash Batches": 1, "Max Peak Memory Usage": 4, "min Peak Memory Usage": 4, "Plans": [{"Node Type": "Index Only Scan", "Parent Relationship": "Outer", "Scan Direction": "Forward", "Index Name": "info_type_pkey", "Relation Name": "info_type", "Alias": "it", "Startup Cost": 0.0, "Total Cost": 2.12, "Plan Rows": 112, "Plan Width": 4, "Actual Min Startup Time": 0.027, "Actual Max Startup Time": 0.027, "Actual Min Total Time": 0.053, "Actual Max Total Time": 0.053, "Actual Total Rows": 112, "Heap Fetches": 0}]}]}]}, "Triggers": [], "Planner Runtime": 19.884, "Total Runtime": 2854.662, "Unique SQL Id": 322094867}}, "(64, 97)": {"explain_plan": {"Plan": {"Node Type": "Aggregate", "Strategy": "Plain", "Startup Cost": 467458.25, "Total Cost": 467458.26, "Plan Rows": 1, "Plan Width": 49, "Plans": [{"Node Type": "Hash Join", "Parent Relationship": "Outer", "Join Type": "Inner", "Startup Cost": 138313.1, "Total Cost": 466630.62, "Plan Rows": 331050, "Plan Width": 17, "Inner Unique": true, "Hash Cond": "(mi.info_type_id = it.id), (LLVM Optimized)", "Plans": [{"Node Type": "Nested Loop", "Parent Relationship": "Outer", "Join Type": "Inner", "Startup Cost": 138301.77, "Total Cost": 462249.43, "Plan Rows": 331050, "Plan Width": 21, "Inner Unique": false, "Plans": [{"Node Type": "Hash Join", "Parent Relationship": "Outer", "Join Type": "Inner", "Startup Cost": 138301.77, "Total Cost": 203731.36, "Plan Rows": 289936, "Plan Width": 25, "Inner Unique": true, "Hash Cond": "(mc.movie_id = t.id), (LLVM Optimized)", "Plans": [{"Node Type": "Nested Loop", "Parent Relationship": "Outer", "Join Type": "Inner", "Startup Cost": 0.0, "Total Cost": 61745.44, "Plan Rows": 209278, "Plan Width": 4, "Inner Unique": false, "Plans": [{"Node Type": "Index Scan", "Parent Relationship": "Outer", "Scan Direction": "Forward", "Index Name": "company_type_pkey", "Relation Name": "company_type", "Alias": "ct", "Startup Cost": 0.0, "Total Cost": 12.3, "Plan Rows": 1, "Plan Width": 4, "Filter": "((kind)::text = 'production companies'::text)"}, {"Node Type": "Index Scan", "Parent Relationship": "Inner", "Scan Direction": "Forward", "Index Name": "company_type_id_movie_companies", "Relation Name": "movie_companies", "Alias": "mc", "Startup Cost": 0.0, "Total Cost": 59640.35, "Plan Rows": 209279, "Plan Width": 8, "Index Cond": "(company_type_id = ct.id), (LLVM Optimized)", "Filter": "(((note)::text !~~ '%(TV)%'::text) AND ((note)::text ~~ '%(USA)%'::text)), (LLVM Optimized)"}]}, {"Node Type": "Hash", "Parent Relationship": "Inner", "Startup Cost": 116441.27, "Total Cost": 116441.27, "Plan Rows": 1748840, "Plan Width": 21, "Plans": [{"Node Type": "Index Scan", "Parent Relationship": "Outer", "Scan Direction": "Forward", "Index Name": "title_pkey", "Relation Name": "title", "Alias": "t", "Startup Cost": 0.0, "Total Cost": 116441.27, "Plan Rows": 1748840, "Plan Width": 21, "Filter": "(production_year > 1990), (LLVM Optimized)"}]}]}, {"Node Type": "Index Scan", "Parent Relationship": "Inner", "Scan Direction": "Forward", "Index Name": "movie_id_movie_info", "Relation Name": "movie_info", "Alias": "mi", "Startup Cost": 0.0, "Total Cost": 0.88, "Plan Rows": 1, "Plan Width": 8, "Index Cond": "(movie_id = t.id)", "Filter": "((info)::text = ANY ('{Sweden,Norway,Germany,Denmark,Swedish,Denish,Norwegian,German,USA,American}'::text[]))"}]}, {"Node Type": "Hash", "Parent Relationship": "Inner", "Startup Cost": 9.93, "Total Cost": 9.93, "Plan Rows": 112, "Plan Width": 4, "Plans": [{"Node Type": "Index Only Scan", "Parent Relationship": "Outer", "Scan Direction": "Forward", "Index Name": "info_type_pkey", "Relation Name": "info_type", "Alias": "it", "Startup Cost": 0.0, "Total Cost": 9.93, "Plan Rows": 112, "Plan Width": 4}]}]}]}, "Unique SQL Id": 322094867}, "explain_analyze_plan": {"Plan": {"Node Type": "Aggregate", "Strategy": "Plain", "Startup Cost": 467458.25, "Total Cost": 467458.26, "Plan Rows": 1, "Plan Width": 49, "Actual Startup Time": 4883.833, "Actual Total Time": 4883.833, "Actual Rows": 1, "Actual Loops": 1, "Plans": [{"Node Type": "Hash Join", "Parent Relationship": "Outer", "Join Type": "Inner", "Startup Cost": 138313.1, "Total Cost": 466630.62, "Plan Rows": 331050, "Plan Width": 17, "Actual Startup Time": 4171.512, "Actual Total Time": 4883.36, "Actual Rows": 669, "Actual Loops": 1, "Inner Unique": true, "Hash Cond": "(mi.info_type_id = it.id), (LLVM Optimized, Jit Execute)", "Plans": [{"Node Type": "Nested Loop", "Parent Relationship": "Outer", "Join Type": "Inner", "Startup Cost": 138301.77, "Total Cost": 462249.43, "Plan Rows": 331050, "Plan Width": 21, "Actual Startup Time": 4171.253, "Actual Total Time": 4882.654, "Actual Rows": 669, "Actual Loops": 1, "Inner Unique": false, "Plans": [{"Node Type": "Hash Join", "Parent Relationship": "Outer", "Join Type": "Inner", "Startup Cost": 138301.77, "Total Cost": 203731.36, "Plan Rows": 289936, "Plan Width": 25, "Actual Startup Time": 4171.199, "Actual Total Time": 4855.08, "Actual Rows": 767, "Actual Loops": 1, "Inner Unique": true, "Hash Cond": "(mc.movie_id = t.id), (LLVM Optimized, Jit Execute)", "Plans": [{"Node Type": "Nested Loop", "Parent Relationship": "Outer", "Join Type": "Inner", "Startup Cost": 0.0, "Total Cost": 61745.44, "Plan Rows": 209278, "Plan Width": 4, "Actual Startup Time": 9.63, "Actual Total Time": 692.789, "Actual Rows": 798, "Actual Loops": 1, "Inner Unique": false, "Plans": [{"Node Type": "Index Scan", "Parent Relationship": "Outer", "Scan Direction": "Forward", "Index Name": "company_type_pkey", "Relation Name": "company_type", "Alias": "ct", "Startup Cost": 0.0, "Total Cost": 12.3, "Plan Rows": 1, "Plan Width": 4, "Actual Startup Time": 0.034, "Actual Total Time": 0.044, "Actual Rows": 1, "Actual Loops": 1, "Filter": "((kind)::text = 'production companies'::text)", "Rows Removed by Filter": 2}, {"Node Type": "Index Scan", "Parent Relationship": "Inner", "Scan Direction": "Forward", "Index Name": "company_type_id_movie_companies", "Relation Name": "movie_companies", "Alias": "mc", "Startup Cost": 0.0, "Total Cost": 59640.35, "Plan Rows": 209279, "Plan Width": 8, "Actual Startup Time": 9.586, "Actual Total Time": 692.504, "Actual Rows": 798, "Actual Loops": 1, "Index Cond": "(company_type_id = ct.id), (LLVM Optimized, Jit Execute)", "Rows Removed by Index Recheck": 0, "Filter": "(((note)::text !~~ '%(TV)%'::text) AND ((note)::text ~~ '%(USA)%'::text)), (LLVM Optimized, Jit Execute)", "Rows Removed by Filter": 1334085}]}, {"Node Type": "Hash", "Parent Relationship": "Inner", "Startup Cost": 116441.27, "Total Cost": 116441.27, "Plan Rows": 1748840, "Plan Width": 21, "Actual Startup Time": 4160.051, "Actual Total Time": 4160.051, "Actual Rows": 1749032, "Actual Loops": 1, "Hash Buckets": 2097152, "Hash Batches": 1, "Original Hash Batches": 1, "Peak Memory Usage": 93635, "Plans": [{"Node Type": "Index Scan", "Parent Relationship": "Outer", "Scan Direction": "Forward", "Index Name": "title_pkey", "Relation Name": "title", "Alias": "t", "Startup Cost": 0.0, "Total Cost": 116441.27, "Plan Rows": 1748840, "Plan Width": 21, "Actual Startup Time": 0.054, "Actual Total Time": 3336.652, "Actual Rows": 1749032, "Actual Loops": 1, "Filter": "(production_year > 1990), (LLVM Optimized, Jit Execute)", "Rows Removed by Filter": 779279}]}]}, {"Node Type": "Index Scan", "Parent Relationship": "Inner", "Scan Direction": "Forward", "Index Name": "movie_id_movie_info", "Relation Name": "movie_info", "Alias": "mi", "Startup Cost": 0.0, "Total Cost": 0.88, "Plan Rows": 1, "Plan Width": 8, "Actual Startup Time": 21.027, "Actual Total Time": 23.865, "Actual Rows": 669, "Actual Loops": 767, "Index Cond": "(movie_id = t.id)", "Rows Removed by Index Recheck": 0, "Filter": "((info)::text = ANY ('{Sweden,Norway,Germany,Denmark,Swedish,Denish,Norwegian,German,USA,American}'::text[]))", "Rows Removed by Filter": 7721}]}, {"Node Type": "Hash", "Parent Relationship": "Inner", "Startup Cost": 9.93, "Total Cost": 9.93, "Plan Rows": 112, "Plan Width": 4, "Actual Startup Time": 0.097, "Actual Total Time": 0.097, "Actual Rows": 112, "Actual Loops": 1, "Hash Buckets": 32768, "Hash Batches": 1, "Original Hash Batches": 1, "Peak Memory Usage": 4, "Plans": [{"Node Type": "Index Only Scan", "Parent Relationship": "Outer", "Scan Direction": "Forward", "Index Name": "info_type_pkey", "Relation Name": "info_type", "Alias": "it", "Startup Cost": 0.0, "Total Cost": 9.93, "Plan Rows": 112, "Plan Width": 4, "Actual Startup Time": 0.026, "Actual Total Time": 0.05, "Actual Rows": 112, "Actual Loops": 1, "Heap Fetches": 0}]}]}]}, "Triggers": [], "Planner Runtime": 7.582, "Total Runtime": 4894.178, "Unique SQL Id": 322094867}}, "(64, 98)": {"explain_plan": {"Plan": {"Node Type": "Aggregate", "Strategy": "Plain", "Startup Cost": 282595.42, "Total Cost": 282595.43, "Plan Rows": 1, "Plan Width": 49, "Plans": [{"Node Type": "Hash Join", "Parent Relationship": "Outer", "Join Type": "Inner", "Startup Cost": 187293.84, "Total Cost": 281767.79, "Plan Rows": 331050, "Plan Width": 17, "Inner Unique": true, "Hash Cond": "(mi.info_type_id = it.id), (LLVM Optimized)", "Plans": [{"Node Type": "Hash Join", "Parent Relationship": "Outer", "Join Type": "Inner", "Startup Cost": 187290.32, "Total Cost": 277212.34, "Plan Rows": 331050, "Plan Width": 21, "Inner Unique": false, "Hash Cond": "(mi.movie_id = t.id), (LLVM Optimized)", "Plans": [{"Node Type": "Streaming(type: LOCAL GATHER dop: 1/64)", "Parent Relationship": "Outer", "Startup Cost": 0.0, "Total Cost": 85529.75, "Plan Rows": 726375, "Plan Width": 8, "Plans": [{"Node Type": "Seq Scan", "Parent Relationship": "Outer", "Relation Name": "movie_info", "Alias": "mi", "Startup Cost": 0.0, "Total Cost": 70544.72, "Plan Rows": 726375, "Plan Width": 8, "Filter": "((info)::text = ANY ('{Sweden,Norway,Germany,Denmark,Swedish,Denish,Norwegian,German,USA,American}'::text[]))"}]}, {"Node Type": "Hash", "Parent Relationship": "Inner", "Startup Cost": 183666.12, "Total Cost": 183666.12, "Plan Rows": 289936, "Plan Width": 25, "Plans": [{"Node Type": "Hash Join", "Parent Relationship": "Outer", "Join Type": "Inner", "Startup Cost": 121977.26, "Total Cost": 183666.12, "Plan Rows": 289936, "Plan Width": 25, "Inner Unique": true, "Hash Cond": "(mc.movie_id = t.id), (LLVM Optimized)", "Plans": [{"Node Type": "Hash Join", "Parent Relationship": "Outer", "Join Type": "Inner", "Startup Cost": 1.05, "Total Cost": 58005.76, "Plan Rows": 209278, "Plan Width": 4, "Inner Unique": true, "Hash Cond": "(mc.company_type_id = ct.id), (LLVM Optimized)", "Plans": [{"Node Type": "Seq Scan", "Parent Relationship": "Outer", "Relation Name": "movie_companies", "Alias": "mc", "Startup Cost": 0.0, "Total Cost": 54862.92, "Plan Rows": 418557, "Plan Width": 8, "Filter": "(((note)::text !~~ '%(TV)%'::text) AND ((note)::text ~~ '%(USA)%'::text)), (LLVM Optimized)"}, {"Node Type": "Hash", "Parent Relationship": "Inner", "Startup Cost": 1.04, "Total Cost": 1.04, "Plan Rows": 1, "Plan Width": 4, "Plans": [{"Node Type": "Seq Scan", "Parent Relationship": "Outer", "Relation Name": "company_type", "Alias": "ct", "Startup Cost": 0.0, "Total Cost": 1.04, "Plan Rows": 1, "Plan Width": 4, "Filter": "((kind)::text = 'production companies'::text)"}]}]}, {"Node Type": "Hash", "Parent Relationship": "Inner", "Startup Cost": 100115.71, "Total Cost": 100115.71, "Plan Rows": 1748840, "Plan Width": 21, "Plans": [{"Node Type": "Streaming(type: LOCAL GATHER dop: 1/64)", "Parent Relationship": "Outer", "Startup Cost": 0.0, "Total Cost": 100115.71, "Plan Rows": 1748840, "Plan Width": 21, "Plans": [{"Node Type": "Seq Scan", "Parent Relationship": "Outer", "Relation Name": "title", "Alias": "t", "Startup Cost": 0.0, "Total Cost": 64037.34, "Plan Rows": 1748840, "Plan Width": 21, "Filter": "(production_year > 1990), (LLVM Optimized)"}]}]}]}]}]}, {"Node Type": "Hash", "Parent Relationship": "Inner", "Startup Cost": 2.12, "Total Cost": 2.12, "Plan Rows": 112, "Plan Width": 4, "Plans": [{"Node Type": "Seq Scan", "Parent Relationship": "Outer", "Relation Name": "info_type", "Alias": "it", "Startup Cost": 0.0, "Total Cost": 2.12, "Plan Rows": 112, "Plan Width": 4}]}]}]}, "Unique SQL Id": 322094867}, "explain_analyze_plan": {"Plan": {"Node Type": "Aggregate", "Strategy": "Plain", "Startup Cost": 282595.42, "Total Cost": 282595.43, "Plan Rows": 1, "Plan Width": 49, "Actual Min Startup Time": 2863.059, "Actual Max Startup Time": 2863.059, "Actual Min Total Time": 2863.059, "Actual Max Total Time": 2863.059, "Actual Total Rows": 1, "Plans": [{"Node Type": "Hash Join", "Parent Relationship": "Outer", "Join Type": "Inner", "Startup Cost": 187293.84, "Total Cost": 281767.79, "Plan Rows": 331050, "Plan Width": 17, "Actual Min Startup Time": 2501.901, "Actual Max Startup Time": 2501.901, "Actual Min Total Time": 2862.568, "Actual Max Total Time": 2862.568, "Actual Total Rows": 669, "Inner Unique": true, "Hash Cond": "(mi.info_type_id = it.id), (LLVM Optimized, Jit Execute)", "Plans": [{"Node Type": "Hash Join", "Parent Relationship": "Outer", "Join Type": "Inner", "Startup Cost": 187290.32, "Total Cost": 277212.34, "Plan Rows": 331050, "Plan Width": 21, "Actual Min Startup Time": 2501.69, "Actual Max Startup Time": 2501.69, "Actual Min Total Time": 2861.865, "Actual Max Total Time": 2861.865, "Actual Total Rows": 669, "Inner Unique": false, "Hash Cond": "(mi.movie_id = t.id), (LLVM Optimized, Jit Execute)", "Plans": [{"Node Type": "Streaming(type: LOCAL GATHER dop: 1/64)", "Parent Relationship": "Outer", "Startup Cost": 0.0, "Total Cost": 85529.75, "Plan Rows": 726375, "Plan Width": 8, "Actual Min Startup Time": 0.158, "Actual Max Startup Time": 0.158, "Actual Min Total Time": 218.045, "Actual Max Total Time": 218.045, "Actual Total Rows": 706674, "Plans": [{"Node Type": "Seq Scan", "Parent Relationship": "Outer", "Relation Name": "movie_info", "Alias": "mi", "Startup Cost": 0.0, "Total Cost": 70544.72, "Plan Rows": 726375, "Plan Width": 8, "Actual Min Startup Time": 0.04, "Actual Max Startup Time": 3.309, "Actual Min Total Time": 121.222, "Actual Max Total Time": 141.902, "Actual Total Rows": 706674, "Filter": "((info)::text = ANY ('{Sweden,Norway,Germany,Denmark,Swedish,Denish,Norwegian,German,USA,American}'::text[]))", "Rows Removed by Filter": 14129045}]}, {"Node Type": "Hash", "Parent Relationship": "Inner", "Startup Cost": 183666.12, "Total Cost": 183666.12, "Plan Rows": 289936, "Plan Width": 25, "Actual Min Startup Time": 2495.521, "Actual Max Startup Time": 2495.521, "Actual Min Total Time": 2495.521, "Actual Max Total Time": 2495.521, "Actual Total Rows": 767, "Max Hash Buckets": 524288, "Min Hash Buckets": 524288, "Max Hash Batches": 1, "Min Hash Batches": 1, "Max Original Hash Batches": 1, "Min Original Hash Batches": 1, "Max Peak Memory Usage": 45, "min Peak Memory Usage": 45, "Plans": [{"Node Type": "Hash Join", "Parent Relationship": "Outer", "Join Type": "Inner", "Startup Cost": 121977.26, "Total Cost": 183666.12, "Plan Rows": 289936, "Plan Width": 25, "Actual Min Startup Time": 2159.015, "Actual Max Startup Time": 2159.015, "Actual Min Total Time": 2495.106, "Actual Max Total Time": 2495.106, "Actual Total Rows": 767, "Inner Unique": true, "Hash Cond": "(mc.movie_id = t.id), (LLVM Optimized, Jit Execute)", "Plans": [{"Node Type": "Hash Join", "Parent Relationship": "Outer", "Join Type": "Inner", "Startup Cost": 1.05, "Total Cost": 58005.76, "Plan Rows": 209278, "Plan Width": 4, "Actual Min Startup Time": 793.946, "Actual Max Startup Time": 793.946, "Actual Min Total Time": 1129.362, "Actual Max Total Time": 1129.362, "Actual Total Rows": 798, "Inner Unique": true, "Hash Cond": "(mc.company_type_id = ct.id), (LLVM Optimized, Jit Execute)", "Plans": [{"Node Type": "Seq Scan", "Parent Relationship": "Outer", "Relation Name": "movie_companies", "Alias": "mc", "Startup Cost": 0.0, "Total Cost": 54862.92, "Plan Rows": 418557, "Plan Width": 8, "Actual Min Startup Time": 0.053, "Actual Max Startup Time": 0.053, "Actual Min Total Time": 1077.451, "Actual Max Total Time": 1077.451, "Actual Total Rows": 295628, "Filter": "(((note)::text !~~ '%(TV)%'::text) AND ((note)::text ~~ '%(USA)%'::text)), (LLVM Optimized, Jit Execute)", "Rows Removed by Filter": 2313500}, {"Node Type": "Hash", "Parent Relationship": "Inner", "Startup Cost": 1.04, "Total Cost": 1.04, "Plan Rows": 1, "Plan Width": 4, "Actual Min Startup Time": 0.032, "Actual Max Startup Time": 0.032, "Actual Min Total Time": 0.032, "Actual Max Total Time": 0.032, "Actual Total Rows": 1, "Max Hash Buckets": 32768, "Min Hash Buckets": 32768, "Max Hash Batches": 1, "Min Hash Batches": 1, "Max Original Hash Batches": 1, "Min Original Hash Batches": 1, "Max Peak Memory Usage": 1, "min Peak Memory Usage": 1, "Plans": [{"Node Type": "Seq Scan", "Parent Relationship": "Outer", "Relation Name": "company_type", "Alias": "ct", "Startup Cost": 0.0, "Total Cost": 1.04, "Plan Rows": 1, "Plan Width": 4, "Actual Min Startup Time": 0.024, "Actual Max Startup Time": 0.024, "Actual Min Total Time": 0.027, "Actual Max Total Time": 0.027, "Actual Total Rows": 1, "Filter": "((kind)::text = 'production companies'::text)", "Rows Removed by Filter": 2}]}]}, {"Node Type": "Hash", "Parent Relationship": "Inner", "Startup Cost": 100115.71, "Total Cost": 100115.71, "Plan Rows": 1748840, "Plan Width": 21, "Actual Min Startup Time": 1363.436, "Actual Max Startup Time": 1363.436, "Actual Min Total Time": 1363.436, "Actual Max Total Time": 1363.436, "Actual Total Rows": 1749032, "Max Hash Buckets": 2097152, "Min Hash Buckets": 2097152, "Max Hash Batches": 1, "Min Hash Batches": 1, "Max Original Hash Batches": 1, "Min Original Hash Batches": 1, "Max Peak Memory Usage": 93635, "min Peak Memory Usage": 93635, "Plans": [{"Node Type": "Streaming(type: LOCAL GATHER dop: 1/64)", "Parent Relationship": "Outer", "Startup Cost": 0.0, "Total Cost": 100115.71, "Plan Rows": 1748840, "Plan Width": 21, "Actual Min Startup Time": 111.075, "Actual Max Startup Time": 111.075, "Actual Min Total Time": 745.821, "Actual Max Total Time": 745.821, "Actual Total Rows": 1749032, "Plans": [{"Node Type": "Seq Scan", "Parent Relationship": "Outer", "Relation Name": "title", "Alias": "t", "Startup Cost": 0.0, "Total Cost": 64037.34, "Plan Rows": 1748840, "Plan Width": 21, "Actual Min Startup Time": 0.025, "Actual Max Startup Time": 0.049, "Actual Min Total Time": 15.077, "Actual Max Total Time": 19.374, "Actual Total Rows": 1749032, "Filter": "(production_year > 1990), (LLVM Optimized, Jit Execute)", "Rows Removed by Filter": 779279}]}]}]}]}]}, {"Node Type": "Hash", "Parent Relationship": "Inner", "Startup Cost": 2.12, "Total Cost": 2.12, "Plan Rows": 112, "Plan Width": 4, "Actual Min Startup Time": 0.133, "Actual Max Startup Time": 0.133, "Actual Min Total Time": 0.133, "Actual Max Total Time": 0.133, "Actual Total Rows": 112, "Max Hash Buckets": 32768, "Min Hash Buckets": 32768, "Max Hash Batches": 1, "Min Hash Batches": 1, "Max Original Hash Batches": 1, "Min Original Hash Batches": 1, "Max Peak Memory Usage": 4, "min Peak Memory Usage": 4, "Plans": [{"Node Type": "Seq Scan", "Parent Relationship": "Outer", "Relation Name": "info_type", "Alias": "it", "Startup Cost": 0.0, "Total Cost": 2.12, "Plan Rows": 112, "Plan Width": 4, "Actual Min Startup Time": 0.056, "Actual Max Startup Time": 0.056, "Actual Min Total Time": 0.079, "Actual Max Total Time": 0.079, "Actual Total Rows": 112}]}]}]}, "Triggers": [], "Planner Runtime": 19.742, "Total Runtime": 2897.891, "Unique SQL Id": 322094867}}, "(64, 99)": {"explain_plan": {"Plan": {"Node Type": "Aggregate", "Strategy": "Plain", "Startup Cost": 1009784.61, "Total Cost": 1009784.62, "Plan Rows": 1, "Plan Width": 49, "Plans": [{"Node Type": "Hash Join", "Parent Relationship": "Outer", "Join Type": "Inner", "Startup Cost": 517150.55, "Total Cost": 1008956.99, "Plan Rows": 331050, "Plan Width": 17, "Inner Unique": true, "Hash Cond": "(mi.info_type_id = it.id), (LLVM Optimized)", "Plans": [{"Node Type": "Hash Join", "Parent Relationship": "Outer", "Join Type": "Inner", "Startup Cost": 517135.19, "Total Cost": 1004389.69, "Plan Rows": 331050, "Plan Width": 21, "Inner Unique": false, "Hash Cond": "(mi.movie_id = t.id), (LLVM Optimized)", "Plans": [{"Node Type": "Bitmap Heap Scan", "Parent Relationship": "Outer", "Relation Name": "movie_info", "Alias": "mi", "Startup Cost": 301827.67, "Total Cost": 784689.91, "Plan Rows": 726375, "Plan Width": 8, "Filter": "((info)::text = ANY ('{Sweden,Norway,Germany,Denmark,Swedish,Denish,Norwegian,German,USA,American}'::text[]))", "Plans": [{"Node Type": "Bitmap Index Scan", "Parent Relationship": "Outer", "Index Name": "movie_id_movie_info", "Startup Cost": 0.0, "Total Cost": 301646.08, "Plan Rows": 14869966, "Plan Width": 0}]}, {"Node Type": "Hash", "Parent Relationship": "Inner", "Startup Cost": 211683.32, "Total Cost": 211683.32, "Plan Rows": 289936, "Plan Width": 25, "Plans": [{"Node Type": "Hash Join", "Parent Relationship": "Outer", "Join Type": "Inner", "Startup Cost": 167346.47, "Total Cost": 211683.32, "Plan Rows": 289936, "Plan Width": 25, "Inner Unique": true, "Hash Cond": "(mc.movie_id = t.id), (LLVM Optimized)", "Plans": [{"Node Type": "Nested Loop", "Parent Relationship": "Outer", "Join Type": "Inner", "Startup Cost": 29005.06, "Total Cost": 69657.76, "Plan Rows": 209278, "Plan Width": 4, "Inner Unique": false, "Plans": [{"Node Type": "Bitmap Heap Scan", "Parent Relationship": "Outer", "Relation Name": "company_type", "Alias": "ct", "Startup Cost": 8.27, "Total Cost": 12.3, "Plan Rows": 1, "Plan Width": 4, "Filter": "((kind)::text = 'production companies'::text)", "Plans": [{"Node Type": "Bitmap Index Scan", "Parent Relationship": "Outer", "Index Name": "company_type_pkey", "Startup Cost": 0.0, "Total Cost": 8.27, "Plan Rows": 3, "Plan Width": 0}]}, {"Node Type": "Bitmap Heap Scan", "Parent Relationship": "Inner", "Relation Name": "movie_companies", "Alias": "mc", "Startup Cost": 28996.8, "Total Cost": 67552.67, "Plan Rows": 209279, "Plan Width": 8, "Recheck Cond": "(company_type_id = ct.id), (LLVM Optimized)", "Filter": "(((note)::text !~~ '%(TV)%'::text) AND ((note)::text ~~ '%(USA)%'::text)), (LLVM Optimized)", "Plans": [{"Node Type": "Bitmap Index Scan", "Parent Relationship": "Outer", "Index Name": "company_type_id_movie_companies", "Startup Cost": 0.0, "Total Cost": 28944.48, "Plan Rows": 1304564, "Plan Width": 0, "Index Cond": "(company_type_id = ct.id)"}]}]}, {"Node Type": "Hash", "Parent Relationship": "Inner", "Startup Cost": 116480.9, "Total Cost": 116480.9, "Plan Rows": 1748840, "Plan Width": 21, "Plans": [{"Node Type": "Bitmap Heap Scan", "Parent Relationship": "Outer", "Relation Name": "title", "Alias": "t", "Startup Cost": 50091.01, "Total Cost": 116480.9, "Plan Rows": 1748840, "Plan Width": 21, "Filter": "(production_year > 1990), (LLVM Optimized)", "Plans": [{"Node Type": "Bitmap Index Scan", "Parent Relationship": "Outer", "Index Name": "title_pkey", "Startup Cost": 0.0, "Total Cost": 49653.81, "Plan Rows": 2528311, "Plan Width": 0}]}]}]}]}]}, {"Node Type": "Hash", "Parent Relationship": "Inner", "Startup Cost": 13.96, "Total Cost": 13.96, "Plan Rows": 112, "Plan Width": 4, "Plans": [{"Node Type": "Bitmap Heap Scan", "Parent Relationship": "Outer", "Relation Name": "info_type", "Alias": "it", "Startup Cost": 8.84, "Total Cost": 13.96, "Plan Rows": 112, "Plan Width": 4, "Plans": [{"Node Type": "Bitmap Index Scan", "Parent Relationship": "Outer", "Index Name": "info_type_pkey", "Startup Cost": 0.0, "Total Cost": 8.81, "Plan Rows": 112, "Plan Width": 0}]}]}]}]}, "Unique SQL Id": 322094867}, "explain_analyze_plan": null}, "(64, 100)": {"explain_plan": {"Plan": {"Node Type": "Aggregate", "Strategy": "Plain", "Startup Cost": 282595.42, "Total Cost": 282595.43, "Plan Rows": 1, "Plan Width": 49, "Plans": [{"Node Type": "Hash Join", "Parent Relationship": "Outer", "Join Type": "Inner", "Startup Cost": 187293.84, "Total Cost": 281767.79, "Plan Rows": 331050, "Plan Width": 17, "Inner Unique": true, "Hash Cond": "(mi.info_type_id = it.id), (LLVM Optimized)", "Plans": [{"Node Type": "Hash Join", "Parent Relationship": "Outer", "Join Type": "Inner", "Startup Cost": 187290.32, "Total Cost": 277212.34, "Plan Rows": 331050, "Plan Width": 21, "Inner Unique": false, "Hash Cond": "(mi.movie_id = t.id), (LLVM Optimized)", "Plans": [{"Node Type": "Streaming(type: LOCAL GATHER dop: 1/64)", "Parent Relationship": "Outer", "Startup Cost": 0.0, "Total Cost": 85529.75, "Plan Rows": 726375, "Plan Width": 8, "Plans": [{"Node Type": "Seq Scan", "Parent Relationship": "Outer", "Relation Name": "movie_info", "Alias": "mi", "Startup Cost": 0.0, "Total Cost": 70544.72, "Plan Rows": 726375, "Plan Width": 8, "Filter": "((info)::text = ANY ('{Sweden,Norway,Germany,Denmark,Swedish,Denish,Norwegian,German,USA,American}'::text[]))"}]}, {"Node Type": "Hash", "Parent Relationship": "Inner", "Startup Cost": 183666.12, "Total Cost": 183666.12, "Plan Rows": 289936, "Plan Width": 25, "Plans": [{"Node Type": "Hash Join", "Parent Relationship": "Outer", "Join Type": "Inner", "Startup Cost": 121977.26, "Total Cost": 183666.12, "Plan Rows": 289936, "Plan Width": 25, "Inner Unique": true, "Hash Cond": "(mc.movie_id = t.id), (LLVM Optimized)", "Plans": [{"Node Type": "Hash Join", "Parent Relationship": "Outer", "Join Type": "Inner", "Startup Cost": 1.05, "Total Cost": 58005.76, "Plan Rows": 209278, "Plan Width": 4, "Inner Unique": true, "Hash Cond": "(mc.company_type_id = ct.id), (LLVM Optimized)", "Plans": [{"Node Type": "Seq Scan", "Parent Relationship": "Outer", "Relation Name": "movie_companies", "Alias": "mc", "Startup Cost": 0.0, "Total Cost": 54862.92, "Plan Rows": 418557, "Plan Width": 8, "Filter": "(((note)::text !~~ '%(TV)%'::text) AND ((note)::text ~~ '%(USA)%'::text)), (LLVM Optimized)"}, {"Node Type": "Hash", "Parent Relationship": "Inner", "Startup Cost": 1.04, "Total Cost": 1.04, "Plan Rows": 1, "Plan Width": 4, "Plans": [{"Node Type": "Seq Scan", "Parent Relationship": "Outer", "Relation Name": "company_type", "Alias": "ct", "Startup Cost": 0.0, "Total Cost": 1.04, "Plan Rows": 1, "Plan Width": 4, "Filter": "((kind)::text = 'production companies'::text)"}]}]}, {"Node Type": "Hash", "Parent Relationship": "Inner", "Startup Cost": 100115.71, "Total Cost": 100115.71, "Plan Rows": 1748840, "Plan Width": 21, "Plans": [{"Node Type": "Streaming(type: LOCAL GATHER dop: 1/64)", "Parent Relationship": "Outer", "Startup Cost": 0.0, "Total Cost": 100115.71, "Plan Rows": 1748840, "Plan Width": 21, "Plans": [{"Node Type": "Seq Scan", "Parent Relationship": "Outer", "Relation Name": "title", "Alias": "t", "Startup Cost": 0.0, "Total Cost": 64037.34, "Plan Rows": 1748840, "Plan Width": 21, "Filter": "(production_year > 1990), (LLVM Optimized)"}]}]}]}]}]}, {"Node Type": "Hash", "Parent Relationship": "Inner", "Startup Cost": 2.12, "Total Cost": 2.12, "Plan Rows": 112, "Plan Width": 4, "Plans": [{"Node Type": "Seq Scan", "Parent Relationship": "Outer", "Relation Name": "info_type", "Alias": "it", "Startup Cost": 0.0, "Total Cost": 2.12, "Plan Rows": 112, "Plan Width": 4}]}]}]}, "Unique SQL Id": 322094867}, "explain_analyze_plan": {"Plan": {"Node Type": "Aggregate", "Strategy": "Plain", "Startup Cost": 282595.42, "Total Cost": 282595.43, "Plan Rows": 1, "Plan Width": 49, "Actual Min Startup Time": 2863.059, "Actual Max Startup Time": 2863.059, "Actual Min Total Time": 2863.059, "Actual Max Total Time": 2863.059, "Actual Total Rows": 1, "Plans": [{"Node Type": "Hash Join", "Parent Relationship": "Outer", "Join Type": "Inner", "Startup Cost": 187293.84, "Total Cost": 281767.79, "Plan Rows": 331050, "Plan Width": 17, "Actual Min Startup Time": 2501.901, "Actual Max Startup Time": 2501.901, "Actual Min Total Time": 2862.568, "Actual Max Total Time": 2862.568, "Actual Total Rows": 669, "Inner Unique": true, "Hash Cond": "(mi.info_type_id = it.id), (LLVM Optimized, Jit Execute)", "Plans": [{"Node Type": "Hash Join", "Parent Relationship": "Outer", "Join Type": "Inner", "Startup Cost": 187290.32, "Total Cost": 277212.34, "Plan Rows": 331050, "Plan Width": 21, "Actual Min Startup Time": 2501.69, "Actual Max Startup Time": 2501.69, "Actual Min Total Time": 2861.865, "Actual Max Total Time": 2861.865, "Actual Total Rows": 669, "Inner Unique": false, "Hash Cond": "(mi.movie_id = t.id), (LLVM Optimized, Jit Execute)", "Plans": [{"Node Type": "Streaming(type: LOCAL GATHER dop: 1/64)", "Parent Relationship": "Outer", "Startup Cost": 0.0, "Total Cost": 85529.75, "Plan Rows": 726375, "Plan Width": 8, "Actual Min Startup Time": 0.158, "Actual Max Startup Time": 0.158, "Actual Min Total Time": 218.045, "Actual Max Total Time": 218.045, "Actual Total Rows": 706674, "Plans": [{"Node Type": "Seq Scan", "Parent Relationship": "Outer", "Relation Name": "movie_info", "Alias": "mi", "Startup Cost": 0.0, "Total Cost": 70544.72, "Plan Rows": 726375, "Plan Width": 8, "Actual Min Startup Time": 0.04, "Actual Max Startup Time": 3.309, "Actual Min Total Time": 121.222, "Actual Max Total Time": 141.902, "Actual Total Rows": 706674, "Filter": "((info)::text = ANY ('{Sweden,Norway,Germany,Denmark,Swedish,Denish,Norwegian,German,USA,American}'::text[]))", "Rows Removed by Filter": 14129045}]}, {"Node Type": "Hash", "Parent Relationship": "Inner", "Startup Cost": 183666.12, "Total Cost": 183666.12, "Plan Rows": 289936, "Plan Width": 25, "Actual Min Startup Time": 2495.521, "Actual Max Startup Time": 2495.521, "Actual Min Total Time": 2495.521, "Actual Max Total Time": 2495.521, "Actual Total Rows": 767, "Max Hash Buckets": 524288, "Min Hash Buckets": 524288, "Max Hash Batches": 1, "Min Hash Batches": 1, "Max Original Hash Batches": 1, "Min Original Hash Batches": 1, "Max Peak Memory Usage": 45, "min Peak Memory Usage": 45, "Plans": [{"Node Type": "Hash Join", "Parent Relationship": "Outer", "Join Type": "Inner", "Startup Cost": 121977.26, "Total Cost": 183666.12, "Plan Rows": 289936, "Plan Width": 25, "Actual Min Startup Time": 2159.015, "Actual Max Startup Time": 2159.015, "Actual Min Total Time": 2495.106, "Actual Max Total Time": 2495.106, "Actual Total Rows": 767, "Inner Unique": true, "Hash Cond": "(mc.movie_id = t.id), (LLVM Optimized, Jit Execute)", "Plans": [{"Node Type": "Hash Join", "Parent Relationship": "Outer", "Join Type": "Inner", "Startup Cost": 1.05, "Total Cost": 58005.76, "Plan Rows": 209278, "Plan Width": 4, "Actual Min Startup Time": 793.946, "Actual Max Startup Time": 793.946, "Actual Min Total Time": 1129.362, "Actual Max Total Time": 1129.362, "Actual Total Rows": 798, "Inner Unique": true, "Hash Cond": "(mc.company_type_id = ct.id), (LLVM Optimized, Jit Execute)", "Plans": [{"Node Type": "Seq Scan", "Parent Relationship": "Outer", "Relation Name": "movie_companies", "Alias": "mc", "Startup Cost": 0.0, "Total Cost": 54862.92, "Plan Rows": 418557, "Plan Width": 8, "Actual Min Startup Time": 0.053, "Actual Max Startup Time": 0.053, "Actual Min Total Time": 1077.451, "Actual Max Total Time": 1077.451, "Actual Total Rows": 295628, "Filter": "(((note)::text !~~ '%(TV)%'::text) AND ((note)::text ~~ '%(USA)%'::text)), (LLVM Optimized, Jit Execute)", "Rows Removed by Filter": 2313500}, {"Node Type": "Hash", "Parent Relationship": "Inner", "Startup Cost": 1.04, "Total Cost": 1.04, "Plan Rows": 1, "Plan Width": 4, "Actual Min Startup Time": 0.032, "Actual Max Startup Time": 0.032, "Actual Min Total Time": 0.032, "Actual Max Total Time": 0.032, "Actual Total Rows": 1, "Max Hash Buckets": 32768, "Min Hash Buckets": 32768, "Max Hash Batches": 1, "Min Hash Batches": 1, "Max Original Hash Batches": 1, "Min Original Hash Batches": 1, "Max Peak Memory Usage": 1, "min Peak Memory Usage": 1, "Plans": [{"Node Type": "Seq Scan", "Parent Relationship": "Outer", "Relation Name": "company_type", "Alias": "ct", "Startup Cost": 0.0, "Total Cost": 1.04, "Plan Rows": 1, "Plan Width": 4, "Actual Min Startup Time": 0.024, "Actual Max Startup Time": 0.024, "Actual Min Total Time": 0.027, "Actual Max Total Time": 0.027, "Actual Total Rows": 1, "Filter": "((kind)::text = 'production companies'::text)", "Rows Removed by Filter": 2}]}]}, {"Node Type": "Hash", "Parent Relationship": "Inner", "Startup Cost": 100115.71, "Total Cost": 100115.71, "Plan Rows": 1748840, "Plan Width": 21, "Actual Min Startup Time": 1363.436, "Actual Max Startup Time": 1363.436, "Actual Min Total Time": 1363.436, "Actual Max Total Time": 1363.436, "Actual Total Rows": 1749032, "Max Hash Buckets": 2097152, "Min Hash Buckets": 2097152, "Max Hash Batches": 1, "Min Hash Batches": 1, "Max Original Hash Batches": 1, "Min Original Hash Batches": 1, "Max Peak Memory Usage": 93635, "min Peak Memory Usage": 93635, "Plans": [{"Node Type": "Streaming(type: LOCAL GATHER dop: 1/64)", "Parent Relationship": "Outer", "Startup Cost": 0.0, "Total Cost": 100115.71, "Plan Rows": 1748840, "Plan Width": 21, "Actual Min Startup Time": 111.075, "Actual Max Startup Time": 111.075, "Actual Min Total Time": 745.821, "Actual Max Total Time": 745.821, "Actual Total Rows": 1749032, "Plans": [{"Node Type": "Seq Scan", "Parent Relationship": "Outer", "Relation Name": "title", "Alias": "t", "Startup Cost": 0.0, "Total Cost": 64037.34, "Plan Rows": 1748840, "Plan Width": 21, "Actual Min Startup Time": 0.025, "Actual Max Startup Time": 0.049, "Actual Min Total Time": 15.077, "Actual Max Total Time": 19.374, "Actual Total Rows": 1749032, "Filter": "(production_year > 1990), (LLVM Optimized, Jit Execute)", "Rows Removed by Filter": 779279}]}]}]}]}]}, {"Node Type": "Hash", "Parent Relationship": "Inner", "Startup Cost": 2.12, "Total Cost": 2.12, "Plan Rows": 112, "Plan Width": 4, "Actual Min Startup Time": 0.133, "Actual Max Startup Time": 0.133, "Actual Min Total Time": 0.133, "Actual Max Total Time": 0.133, "Actual Total Rows": 112, "Max Hash Buckets": 32768, "Min Hash Buckets": 32768, "Max Hash Batches": 1, "Min Hash Batches": 1, "Max Original Hash Batches": 1, "Min Original Hash Batches": 1, "Max Peak Memory Usage": 4, "min Peak Memory Usage": 4, "Plans": [{"Node Type": "Seq Scan", "Parent Relationship": "Outer", "Relation Name": "info_type", "Alias": "it", "Startup Cost": 0.0, "Total Cost": 2.12, "Plan Rows": 112, "Plan Width": 4, "Actual Min Startup Time": 0.056, "Actual Max Startup Time": 0.056, "Actual Min Total Time": 0.079, "Actual Max Total Time": 0.079, "Actual Total Rows": 112}]}]}]}, "Triggers": [], "Planner Runtime": 19.742, "Total Runtime": 2897.891, "Unique SQL Id": 322094867}}, "(64, 101)": {"explain_plan": {"Plan": {"Node Type": "Aggregate", "Strategy": "Plain", "Startup Cost": 467462.25, "Total Cost": 467462.26, "Plan Rows": 1, "Plan Width": 49, "Plans": [{"Node Type": "Hash Join", "Parent Relationship": "Outer", "Join Type": "Inner", "Startup Cost": 138317.1, "Total Cost": 466634.62, "Plan Rows": 331050, "Plan Width": 17, "Inner Unique": true, "Hash Cond": "(mi.info_type_id = it.id), (LLVM Optimized)", "Plans": [{"Node Type": "Nested Loop", "Parent Relationship": "Outer", "Join Type": "Inner", "Startup Cost": 138301.77, "Total Cost": 462249.43, "Plan Rows": 331050, "Plan Width": 21, "Inner Unique": false, "Plans": [{"Node Type": "Hash Join", "Parent Relationship": "Outer", "Join Type": "Inner", "Startup Cost": 138301.77, "Total Cost": 203731.36, "Plan Rows": 289936, "Plan Width": 25, "Inner Unique": true, "Hash Cond": "(mc.movie_id = t.id), (LLVM Optimized)", "Plans": [{"Node Type": "Nested Loop", "Parent Relationship": "Outer", "Join Type": "Inner", "Startup Cost": 0.0, "Total Cost": 61745.44, "Plan Rows": 209278, "Plan Width": 4, "Inner Unique": false, "Plans": [{"Node Type": "Index Scan", "Parent Relationship": "Outer", "Scan Direction": "Forward", "Index Name": "company_type_pkey", "Relation Name": "company_type", "Alias": "ct", "Startup Cost": 0.0, "Total Cost": 12.3, "Plan Rows": 1, "Plan Width": 4, "Filter": "((kind)::text = 'production companies'::text)"}, {"Node Type": "Index Scan", "Parent Relationship": "Inner", "Scan Direction": "Forward", "Index Name": "company_type_id_movie_companies", "Relation Name": "movie_companies", "Alias": "mc", "Startup Cost": 0.0, "Total Cost": 59640.35, "Plan Rows": 209279, "Plan Width": 8, "Index Cond": "(company_type_id = ct.id), (LLVM Optimized)", "Filter": "(((note)::text !~~ '%(TV)%'::text) AND ((note)::text ~~ '%(USA)%'::text)), (LLVM Optimized)"}]}, {"Node Type": "Hash", "Parent Relationship": "Inner", "Startup Cost": 116441.27, "Total Cost": 116441.27, "Plan Rows": 1748840, "Plan Width": 21, "Plans": [{"Node Type": "Index Scan", "Parent Relationship": "Outer", "Scan Direction": "Forward", "Index Name": "title_pkey", "Relation Name": "title", "Alias": "t", "Startup Cost": 0.0, "Total Cost": 116441.27, "Plan Rows": 1748840, "Plan Width": 21, "Filter": "(production_year > 1990), (LLVM Optimized)"}]}]}, {"Node Type": "Index Scan", "Parent Relationship": "Inner", "Scan Direction": "Forward", "Index Name": "movie_id_movie_info", "Relation Name": "movie_info", "Alias": "mi", "Startup Cost": 0.0, "Total Cost": 0.88, "Plan Rows": 1, "Plan Width": 8, "Index Cond": "(movie_id = t.id)", "Filter": "((info)::text = ANY ('{Sweden,Norway,Germany,Denmark,Swedish,Denish,Norwegian,German,USA,American}'::text[]))"}]}, {"Node Type": "Hash", "Parent Relationship": "Inner", "Startup Cost": 13.93, "Total Cost": 13.93, "Plan Rows": 112, "Plan Width": 4, "Plans": [{"Node Type": "Index Scan", "Parent Relationship": "Outer", "Scan Direction": "Forward", "Index Name": "info_type_pkey", "Relation Name": "info_type", "Alias": "it", "Startup Cost": 0.0, "Total Cost": 13.93, "Plan Rows": 112, "Plan Width": 4}]}]}]}, "Unique SQL Id": 322094867}, "explain_analyze_plan": {"Plan": {"Node Type": "Aggregate", "Strategy": "Plain", "Startup Cost": 467462.25, "Total Cost": 467462.26, "Plan Rows": 1, "Plan Width": 49, "Actual Startup Time": 4755.137, "Actual Total Time": 4755.137, "Actual Rows": 1, "Actual Loops": 1, "Plans": [{"Node Type": "Hash Join", "Parent Relationship": "Outer", "Join Type": "Inner", "Startup Cost": 138317.1, "Total Cost": 466634.62, "Plan Rows": 331050, "Plan Width": 17, "Actual Startup Time": 4097.447, "Actual Total Time": 4754.593, "Actual Rows": 669, "Actual Loops": 1, "Inner Unique": true, "Hash Cond": "(mi.info_type_id = it.id), (LLVM Optimized, Jit Execute)", "Plans": [{"Node Type": "Nested Loop", "Parent Relationship": "Outer", "Join Type": "Inner", "Startup Cost": 138301.77, "Total Cost": 462249.43, "Plan Rows": 331050, "Plan Width": 21, "Actual Startup Time": 4097.296, "Actual Total Time": 4754.032, "Actual Rows": 669, "Actual Loops": 1, "Inner Unique": false, "Plans": [{"Node Type": "Hash Join", "Parent Relationship": "Outer", "Join Type": "Inner", "Startup Cost": 138301.77, "Total Cost": 203731.36, "Plan Rows": 289936, "Plan Width": 25, "Actual Startup Time": 4097.236, "Actual Total Time": 4727.0, "Actual Rows": 767, "Actual Loops": 1, "Inner Unique": true, "Hash Cond": "(mc.movie_id = t.id), (LLVM Optimized, Jit Execute)", "Plans": [{"Node Type": "Nested Loop", "Parent Relationship": "Outer", "Join Type": "Inner", "Startup Cost": 0.0, "Total Cost": 61745.44, "Plan Rows": 209278, "Plan Width": 4, "Actual Startup Time": 9.617, "Actual Total Time": 638.617, "Actual Rows": 798, "Actual Loops": 1, "Inner Unique": false, "Plans": [{"Node Type": "Index Scan", "Parent Relationship": "Outer", "Scan Direction": "Forward", "Index Name": "company_type_pkey", "Relation Name": "company_type", "Alias": "ct", "Startup Cost": 0.0, "Total Cost": 12.3, "Plan Rows": 1, "Plan Width": 4, "Actual Startup Time": 0.009, "Actual Total Time": 0.024, "Actual Rows": 1, "Actual Loops": 1, "Filter": "((kind)::text = 'production companies'::text)", "Rows Removed by Filter": 2}, {"Node Type": "Index Scan", "Parent Relationship": "Inner", "Scan Direction": "Forward", "Index Name": "company_type_id_movie_companies", "Relation Name": "movie_companies", "Alias": "mc", "Startup Cost": 0.0, "Total Cost": 59640.35, "Plan Rows": 209279, "Plan Width": 8, "Actual Startup Time": 9.603, "Actual Total Time": 638.328, "Actual Rows": 798, "Actual Loops": 1, "Index Cond": "(company_type_id = ct.id), (LLVM Optimized, Jit Execute)", "Rows Removed by Index Recheck": 0, "Filter": "(((note)::text !~~ '%(TV)%'::text) AND ((note)::text ~~ '%(USA)%'::text)), (LLVM Optimized, Jit Execute)", "Rows Removed by Filter": 1334085}]}, {"Node Type": "Hash", "Parent Relationship": "Inner", "Startup Cost": 116441.27, "Total Cost": 116441.27, "Plan Rows": 1748840, "Plan Width": 21, "Actual Startup Time": 4086.382, "Actual Total Time": 4086.382, "Actual Rows": 1749032, "Actual Loops": 1, "Hash Buckets": 2097152, "Hash Batches": 1, "Original Hash Batches": 1, "Peak Memory Usage": 93635, "Plans": [{"Node Type": "Index Scan", "Parent Relationship": "Outer", "Scan Direction": "Forward", "Index Name": "title_pkey", "Relation Name": "title", "Alias": "t", "Startup Cost": 0.0, "Total Cost": 116441.27, "Plan Rows": 1748840, "Plan Width": 21, "Actual Startup Time": 0.042, "Actual Total Time": 3211.25, "Actual Rows": 1749032, "Actual Loops": 1, "Filter": "(production_year > 1990), (LLVM Optimized, Jit Execute)", "Rows Removed by Filter": 779279}]}]}, {"Node Type": "Index Scan", "Parent Relationship": "Inner", "Scan Direction": "Forward", "Index Name": "movie_id_movie_info", "Relation Name": "movie_info", "Alias": "mi", "Startup Cost": 0.0, "Total Cost": 0.88, "Plan Rows": 1, "Plan Width": 8, "Actual Startup Time": 19.498, "Actual Total Time": 22.215, "Actual Rows": 669, "Actual Loops": 767, "Index Cond": "(movie_id = t.id)", "Rows Removed by Index Recheck": 0, "Filter": "((info)::text = ANY ('{Sweden,Norway,Germany,Denmark,Swedish,Denish,Norwegian,German,USA,American}'::text[]))", "Rows Removed by Filter": 7721}]}, {"Node Type": "Hash", "Parent Relationship": "Inner", "Startup Cost": 13.93, "Total Cost": 13.93, "Plan Rows": 112, "Plan Width": 4, "Actual Startup Time": 0.107, "Actual Total Time": 0.107, "Actual Rows": 112, "Actual Loops": 1, "Hash Buckets": 32768, "Hash Batches": 1, "Original Hash Batches": 1, "Peak Memory Usage": 4, "Plans": [{"Node Type": "Index Scan", "Parent Relationship": "Outer", "Scan Direction": "Forward", "Index Name": "info_type_pkey", "Relation Name": "info_type", "Alias": "it", "Startup Cost": 0.0, "Total Cost": 13.93, "Plan Rows": 112, "Plan Width": 4, "Actual Startup Time": 0.024, "Actual Total Time": 0.071, "Actual Rows": 112, "Actual Loops": 1}]}]}]}, "Triggers": [], "Planner Runtime": 7.547, "Total Runtime": 4765.546, "Unique SQL Id": 322094867}}, "(64, 102)": {"explain_plan": {"Plan": {"Node Type": "Aggregate", "Strategy": "Plain", "Startup Cost": 282595.42, "Total Cost": 282595.43, "Plan Rows": 1, "Plan Width": 49, "Plans": [{"Node Type": "Hash Join", "Parent Relationship": "Outer", "Join Type": "Inner", "Startup Cost": 187293.84, "Total Cost": 281767.79, "Plan Rows": 331050, "Plan Width": 17, "Inner Unique": true, "Hash Cond": "(mi.info_type_id = it.id), (LLVM Optimized)", "Plans": [{"Node Type": "Hash Join", "Parent Relationship": "Outer", "Join Type": "Inner", "Startup Cost": 187290.32, "Total Cost": 277212.34, "Plan Rows": 331050, "Plan Width": 21, "Inner Unique": false, "Hash Cond": "(mi.movie_id = t.id), (LLVM Optimized)", "Plans": [{"Node Type": "Streaming(type: LOCAL GATHER dop: 1/64)", "Parent Relationship": "Outer", "Startup Cost": 0.0, "Total Cost": 85529.75, "Plan Rows": 726375, "Plan Width": 8, "Plans": [{"Node Type": "Seq Scan", "Parent Relationship": "Outer", "Relation Name": "movie_info", "Alias": "mi", "Startup Cost": 0.0, "Total Cost": 70544.72, "Plan Rows": 726375, "Plan Width": 8, "Filter": "((info)::text = ANY ('{Sweden,Norway,Germany,Denmark,Swedish,Denish,Norwegian,German,USA,American}'::text[]))"}]}, {"Node Type": "Hash", "Parent Relationship": "Inner", "Startup Cost": 183666.12, "Total Cost": 183666.12, "Plan Rows": 289936, "Plan Width": 25, "Plans": [{"Node Type": "Hash Join", "Parent Relationship": "Outer", "Join Type": "Inner", "Startup Cost": 121977.26, "Total Cost": 183666.12, "Plan Rows": 289936, "Plan Width": 25, "Inner Unique": true, "Hash Cond": "(mc.movie_id = t.id), (LLVM Optimized)", "Plans": [{"Node Type": "Hash Join", "Parent Relationship": "Outer", "Join Type": "Inner", "Startup Cost": 1.05, "Total Cost": 58005.76, "Plan Rows": 209278, "Plan Width": 4, "Inner Unique": true, "Hash Cond": "(mc.company_type_id = ct.id), (LLVM Optimized)", "Plans": [{"Node Type": "Seq Scan", "Parent Relationship": "Outer", "Relation Name": "movie_companies", "Alias": "mc", "Startup Cost": 0.0, "Total Cost": 54862.92, "Plan Rows": 418557, "Plan Width": 8, "Filter": "(((note)::text !~~ '%(TV)%'::text) AND ((note)::text ~~ '%(USA)%'::text)), (LLVM Optimized)"}, {"Node Type": "Hash", "Parent Relationship": "Inner", "Startup Cost": 1.04, "Total Cost": 1.04, "Plan Rows": 1, "Plan Width": 4, "Plans": [{"Node Type": "Seq Scan", "Parent Relationship": "Outer", "Relation Name": "company_type", "Alias": "ct", "Startup Cost": 0.0, "Total Cost": 1.04, "Plan Rows": 1, "Plan Width": 4, "Filter": "((kind)::text = 'production companies'::text)"}]}]}, {"Node Type": "Hash", "Parent Relationship": "Inner", "Startup Cost": 100115.71, "Total Cost": 100115.71, "Plan Rows": 1748840, "Plan Width": 21, "Plans": [{"Node Type": "Streaming(type: LOCAL GATHER dop: 1/64)", "Parent Relationship": "Outer", "Startup Cost": 0.0, "Total Cost": 100115.71, "Plan Rows": 1748840, "Plan Width": 21, "Plans": [{"Node Type": "Seq Scan", "Parent Relationship": "Outer", "Relation Name": "title", "Alias": "t", "Startup Cost": 0.0, "Total Cost": 64037.34, "Plan Rows": 1748840, "Plan Width": 21, "Filter": "(production_year > 1990), (LLVM Optimized)"}]}]}]}]}]}, {"Node Type": "Hash", "Parent Relationship": "Inner", "Startup Cost": 2.12, "Total Cost": 2.12, "Plan Rows": 112, "Plan Width": 4, "Plans": [{"Node Type": "Seq Scan", "Parent Relationship": "Outer", "Relation Name": "info_type", "Alias": "it", "Startup Cost": 0.0, "Total Cost": 2.12, "Plan Rows": 112, "Plan Width": 4}]}]}]}, "Unique SQL Id": 322094867}, "explain_analyze_plan": {"Plan": {"Node Type": "Aggregate", "Strategy": "Plain", "Startup Cost": 282595.42, "Total Cost": 282595.43, "Plan Rows": 1, "Plan Width": 49, "Actual Min Startup Time": 2863.059, "Actual Max Startup Time": 2863.059, "Actual Min Total Time": 2863.059, "Actual Max Total Time": 2863.059, "Actual Total Rows": 1, "Plans": [{"Node Type": "Hash Join", "Parent Relationship": "Outer", "Join Type": "Inner", "Startup Cost": 187293.84, "Total Cost": 281767.79, "Plan Rows": 331050, "Plan Width": 17, "Actual Min Startup Time": 2501.901, "Actual Max Startup Time": 2501.901, "Actual Min Total Time": 2862.568, "Actual Max Total Time": 2862.568, "Actual Total Rows": 669, "Inner Unique": true, "Hash Cond": "(mi.info_type_id = it.id), (LLVM Optimized, Jit Execute)", "Plans": [{"Node Type": "Hash Join", "Parent Relationship": "Outer", "Join Type": "Inner", "Startup Cost": 187290.32, "Total Cost": 277212.34, "Plan Rows": 331050, "Plan Width": 21, "Actual Min Startup Time": 2501.69, "Actual Max Startup Time": 2501.69, "Actual Min Total Time": 2861.865, "Actual Max Total Time": 2861.865, "Actual Total Rows": 669, "Inner Unique": false, "Hash Cond": "(mi.movie_id = t.id), (LLVM Optimized, Jit Execute)", "Plans": [{"Node Type": "Streaming(type: LOCAL GATHER dop: 1/64)", "Parent Relationship": "Outer", "Startup Cost": 0.0, "Total Cost": 85529.75, "Plan Rows": 726375, "Plan Width": 8, "Actual Min Startup Time": 0.158, "Actual Max Startup Time": 0.158, "Actual Min Total Time": 218.045, "Actual Max Total Time": 218.045, "Actual Total Rows": 706674, "Plans": [{"Node Type": "Seq Scan", "Parent Relationship": "Outer", "Relation Name": "movie_info", "Alias": "mi", "Startup Cost": 0.0, "Total Cost": 70544.72, "Plan Rows": 726375, "Plan Width": 8, "Actual Min Startup Time": 0.04, "Actual Max Startup Time": 3.309, "Actual Min Total Time": 121.222, "Actual Max Total Time": 141.902, "Actual Total Rows": 706674, "Filter": "((info)::text = ANY ('{Sweden,Norway,Germany,Denmark,Swedish,Denish,Norwegian,German,USA,American}'::text[]))", "Rows Removed by Filter": 14129045}]}, {"Node Type": "Hash", "Parent Relationship": "Inner", "Startup Cost": 183666.12, "Total Cost": 183666.12, "Plan Rows": 289936, "Plan Width": 25, "Actual Min Startup Time": 2495.521, "Actual Max Startup Time": 2495.521, "Actual Min Total Time": 2495.521, "Actual Max Total Time": 2495.521, "Actual Total Rows": 767, "Max Hash Buckets": 524288, "Min Hash Buckets": 524288, "Max Hash Batches": 1, "Min Hash Batches": 1, "Max Original Hash Batches": 1, "Min Original Hash Batches": 1, "Max Peak Memory Usage": 45, "min Peak Memory Usage": 45, "Plans": [{"Node Type": "Hash Join", "Parent Relationship": "Outer", "Join Type": "Inner", "Startup Cost": 121977.26, "Total Cost": 183666.12, "Plan Rows": 289936, "Plan Width": 25, "Actual Min Startup Time": 2159.015, "Actual Max Startup Time": 2159.015, "Actual Min Total Time": 2495.106, "Actual Max Total Time": 2495.106, "Actual Total Rows": 767, "Inner Unique": true, "Hash Cond": "(mc.movie_id = t.id), (LLVM Optimized, Jit Execute)", "Plans": [{"Node Type": "Hash Join", "Parent Relationship": "Outer", "Join Type": "Inner", "Startup Cost": 1.05, "Total Cost": 58005.76, "Plan Rows": 209278, "Plan Width": 4, "Actual Min Startup Time": 793.946, "Actual Max Startup Time": 793.946, "Actual Min Total Time": 1129.362, "Actual Max Total Time": 1129.362, "Actual Total Rows": 798, "Inner Unique": true, "Hash Cond": "(mc.company_type_id = ct.id), (LLVM Optimized, Jit Execute)", "Plans": [{"Node Type": "Seq Scan", "Parent Relationship": "Outer", "Relation Name": "movie_companies", "Alias": "mc", "Startup Cost": 0.0, "Total Cost": 54862.92, "Plan Rows": 418557, "Plan Width": 8, "Actual Min Startup Time": 0.053, "Actual Max Startup Time": 0.053, "Actual Min Total Time": 1077.451, "Actual Max Total Time": 1077.451, "Actual Total Rows": 295628, "Filter": "(((note)::text !~~ '%(TV)%'::text) AND ((note)::text ~~ '%(USA)%'::text)), (LLVM Optimized, Jit Execute)", "Rows Removed by Filter": 2313500}, {"Node Type": "Hash", "Parent Relationship": "Inner", "Startup Cost": 1.04, "Total Cost": 1.04, "Plan Rows": 1, "Plan Width": 4, "Actual Min Startup Time": 0.032, "Actual Max Startup Time": 0.032, "Actual Min Total Time": 0.032, "Actual Max Total Time": 0.032, "Actual Total Rows": 1, "Max Hash Buckets": 32768, "Min Hash Buckets": 32768, "Max Hash Batches": 1, "Min Hash Batches": 1, "Max Original Hash Batches": 1, "Min Original Hash Batches": 1, "Max Peak Memory Usage": 1, "min Peak Memory Usage": 1, "Plans": [{"Node Type": "Seq Scan", "Parent Relationship": "Outer", "Relation Name": "company_type", "Alias": "ct", "Startup Cost": 0.0, "Total Cost": 1.04, "Plan Rows": 1, "Plan Width": 4, "Actual Min Startup Time": 0.024, "Actual Max Startup Time": 0.024, "Actual Min Total Time": 0.027, "Actual Max Total Time": 0.027, "Actual Total Rows": 1, "Filter": "((kind)::text = 'production companies'::text)", "Rows Removed by Filter": 2}]}]}, {"Node Type": "Hash", "Parent Relationship": "Inner", "Startup Cost": 100115.71, "Total Cost": 100115.71, "Plan Rows": 1748840, "Plan Width": 21, "Actual Min Startup Time": 1363.436, "Actual Max Startup Time": 1363.436, "Actual Min Total Time": 1363.436, "Actual Max Total Time": 1363.436, "Actual Total Rows": 1749032, "Max Hash Buckets": 2097152, "Min Hash Buckets": 2097152, "Max Hash Batches": 1, "Min Hash Batches": 1, "Max Original Hash Batches": 1, "Min Original Hash Batches": 1, "Max Peak Memory Usage": 93635, "min Peak Memory Usage": 93635, "Plans": [{"Node Type": "Streaming(type: LOCAL GATHER dop: 1/64)", "Parent Relationship": "Outer", "Startup Cost": 0.0, "Total Cost": 100115.71, "Plan Rows": 1748840, "Plan Width": 21, "Actual Min Startup Time": 111.075, "Actual Max Startup Time": 111.075, "Actual Min Total Time": 745.821, "Actual Max Total Time": 745.821, "Actual Total Rows": 1749032, "Plans": [{"Node Type": "Seq Scan", "Parent Relationship": "Outer", "Relation Name": "title", "Alias": "t", "Startup Cost": 0.0, "Total Cost": 64037.34, "Plan Rows": 1748840, "Plan Width": 21, "Actual Min Startup Time": 0.025, "Actual Max Startup Time": 0.049, "Actual Min Total Time": 15.077, "Actual Max Total Time": 19.374, "Actual Total Rows": 1749032, "Filter": "(production_year > 1990), (LLVM Optimized, Jit Execute)", "Rows Removed by Filter": 779279}]}]}]}]}]}, {"Node Type": "Hash", "Parent Relationship": "Inner", "Startup Cost": 2.12, "Total Cost": 2.12, "Plan Rows": 112, "Plan Width": 4, "Actual Min Startup Time": 0.133, "Actual Max Startup Time": 0.133, "Actual Min Total Time": 0.133, "Actual Max Total Time": 0.133, "Actual Total Rows": 112, "Max Hash Buckets": 32768, "Min Hash Buckets": 32768, "Max Hash Batches": 1, "Min Hash Batches": 1, "Max Original Hash Batches": 1, "Min Original Hash Batches": 1, "Max Peak Memory Usage": 4, "min Peak Memory Usage": 4, "Plans": [{"Node Type": "Seq Scan", "Parent Relationship": "Outer", "Relation Name": "info_type", "Alias": "it", "Startup Cost": 0.0, "Total Cost": 2.12, "Plan Rows": 112, "Plan Width": 4, "Actual Min Startup Time": 0.056, "Actual Max Startup Time": 0.056, "Actual Min Total Time": 0.079, "Actual Max Total Time": 0.079, "Actual Total Rows": 112}]}]}]}, "Triggers": [], "Planner Runtime": 19.742, "Total Runtime": 2897.891, "Unique SQL Id": 322094867}}, "(64, 103)": {"explain_plan": {"Plan": {"Node Type": "Aggregate", "Strategy": "Plain", "Startup Cost": 1009784.61, "Total Cost": 1009784.62, "Plan Rows": 1, "Plan Width": 49, "Plans": [{"Node Type": "Hash Join", "Parent Relationship": "Outer", "Join Type": "Inner", "Startup Cost": 517150.55, "Total Cost": 1008956.99, "Plan Rows": 331050, "Plan Width": 17, "Inner Unique": true, "Hash Cond": "(mi.info_type_id = it.id), (LLVM Optimized)", "Plans": [{"Node Type": "Hash Join", "Parent Relationship": "Outer", "Join Type": "Inner", "Startup Cost": 517135.19, "Total Cost": 1004389.69, "Plan Rows": 331050, "Plan Width": 21, "Inner Unique": false, "Hash Cond": "(mi.movie_id = t.id), (LLVM Optimized)", "Plans": [{"Node Type": "Bitmap Heap Scan", "Parent Relationship": "Outer", "Relation Name": "movie_info", "Alias": "mi", "Startup Cost": 301827.67, "Total Cost": 784689.91, "Plan Rows": 726375, "Plan Width": 8, "Filter": "((info)::text = ANY ('{Sweden,Norway,Germany,Denmark,Swedish,Denish,Norwegian,German,USA,American}'::text[]))", "Plans": [{"Node Type": "Bitmap Index Scan", "Parent Relationship": "Outer", "Index Name": "movie_id_movie_info", "Startup Cost": 0.0, "Total Cost": 301646.08, "Plan Rows": 14869966, "Plan Width": 0}]}, {"Node Type": "Hash", "Parent Relationship": "Inner", "Startup Cost": 211683.32, "Total Cost": 211683.32, "Plan Rows": 289936, "Plan Width": 25, "Plans": [{"Node Type": "Hash Join", "Parent Relationship": "Outer", "Join Type": "Inner", "Startup Cost": 167346.47, "Total Cost": 211683.32, "Plan Rows": 289936, "Plan Width": 25, "Inner Unique": true, "Hash Cond": "(mc.movie_id = t.id), (LLVM Optimized)", "Plans": [{"Node Type": "Nested Loop", "Parent Relationship": "Outer", "Join Type": "Inner", "Startup Cost": 29005.06, "Total Cost": 69657.76, "Plan Rows": 209278, "Plan Width": 4, "Inner Unique": false, "Plans": [{"Node Type": "Bitmap Heap Scan", "Parent Relationship": "Outer", "Relation Name": "company_type", "Alias": "ct", "Startup Cost": 8.27, "Total Cost": 12.3, "Plan Rows": 1, "Plan Width": 4, "Filter": "((kind)::text = 'production companies'::text)", "Plans": [{"Node Type": "Bitmap Index Scan", "Parent Relationship": "Outer", "Index Name": "company_type_pkey", "Startup Cost": 0.0, "Total Cost": 8.27, "Plan Rows": 3, "Plan Width": 0}]}, {"Node Type": "Bitmap Heap Scan", "Parent Relationship": "Inner", "Relation Name": "movie_companies", "Alias": "mc", "Startup Cost": 28996.8, "Total Cost": 67552.67, "Plan Rows": 209279, "Plan Width": 8, "Recheck Cond": "(company_type_id = ct.id), (LLVM Optimized)", "Filter": "(((note)::text !~~ '%(TV)%'::text) AND ((note)::text ~~ '%(USA)%'::text)), (LLVM Optimized)", "Plans": [{"Node Type": "Bitmap Index Scan", "Parent Relationship": "Outer", "Index Name": "company_type_id_movie_companies", "Startup Cost": 0.0, "Total Cost": 28944.48, "Plan Rows": 1304564, "Plan Width": 0, "Index Cond": "(company_type_id = ct.id)"}]}]}, {"Node Type": "Hash", "Parent Relationship": "Inner", "Startup Cost": 116480.9, "Total Cost": 116480.9, "Plan Rows": 1748840, "Plan Width": 21, "Plans": [{"Node Type": "Bitmap Heap Scan", "Parent Relationship": "Outer", "Relation Name": "title", "Alias": "t", "Startup Cost": 50091.01, "Total Cost": 116480.9, "Plan Rows": 1748840, "Plan Width": 21, "Filter": "(production_year > 1990), (LLVM Optimized)", "Plans": [{"Node Type": "Bitmap Index Scan", "Parent Relationship": "Outer", "Index Name": "title_pkey", "Startup Cost": 0.0, "Total Cost": 49653.81, "Plan Rows": 2528311, "Plan Width": 0}]}]}]}]}]}, {"Node Type": "Hash", "Parent Relationship": "Inner", "Startup Cost": 13.96, "Total Cost": 13.96, "Plan Rows": 112, "Plan Width": 4, "Plans": [{"Node Type": "Bitmap Heap Scan", "Parent Relationship": "Outer", "Relation Name": "info_type", "Alias": "it", "Startup Cost": 8.84, "Total Cost": 13.96, "Plan Rows": 112, "Plan Width": 4, "Plans": [{"Node Type": "Bitmap Index Scan", "Parent Relationship": "Outer", "Index Name": "info_type_pkey", "Startup Cost": 0.0, "Total Cost": 8.81, "Plan Rows": 112, "Plan Width": 0}]}]}]}]}, "Unique SQL Id": 322094867}, "explain_analyze_plan": null}, "(64, 104)": {"explain_plan": {"Plan": {"Node Type": "Aggregate", "Strategy": "Plain", "Startup Cost": 282595.42, "Total Cost": 282595.43, "Plan Rows": 1, "Plan Width": 49, "Plans": [{"Node Type": "Hash Join", "Parent Relationship": "Outer", "Join Type": "Inner", "Startup Cost": 187293.84, "Total Cost": 281767.79, "Plan Rows": 331050, "Plan Width": 17, "Inner Unique": true, "Hash Cond": "(mi.info_type_id = it.id), (LLVM Optimized)", "Plans": [{"Node Type": "Hash Join", "Parent Relationship": "Outer", "Join Type": "Inner", "Startup Cost": 187290.32, "Total Cost": 277212.34, "Plan Rows": 331050, "Plan Width": 21, "Inner Unique": false, "Hash Cond": "(mi.movie_id = t.id), (LLVM Optimized)", "Plans": [{"Node Type": "Streaming(type: LOCAL GATHER dop: 1/64)", "Parent Relationship": "Outer", "Startup Cost": 0.0, "Total Cost": 85529.75, "Plan Rows": 726375, "Plan Width": 8, "Plans": [{"Node Type": "Seq Scan", "Parent Relationship": "Outer", "Relation Name": "movie_info", "Alias": "mi", "Startup Cost": 0.0, "Total Cost": 70544.72, "Plan Rows": 726375, "Plan Width": 8, "Filter": "((info)::text = ANY ('{Sweden,Norway,Germany,Denmark,Swedish,Denish,Norwegian,German,USA,American}'::text[]))"}]}, {"Node Type": "Hash", "Parent Relationship": "Inner", "Startup Cost": 183666.12, "Total Cost": 183666.12, "Plan Rows": 289936, "Plan Width": 25, "Plans": [{"Node Type": "Hash Join", "Parent Relationship": "Outer", "Join Type": "Inner", "Startup Cost": 121977.26, "Total Cost": 183666.12, "Plan Rows": 289936, "Plan Width": 25, "Inner Unique": true, "Hash Cond": "(mc.movie_id = t.id), (LLVM Optimized)", "Plans": [{"Node Type": "Hash Join", "Parent Relationship": "Outer", "Join Type": "Inner", "Startup Cost": 1.05, "Total Cost": 58005.76, "Plan Rows": 209278, "Plan Width": 4, "Inner Unique": true, "Hash Cond": "(mc.company_type_id = ct.id), (LLVM Optimized)", "Plans": [{"Node Type": "Seq Scan", "Parent Relationship": "Outer", "Relation Name": "movie_companies", "Alias": "mc", "Startup Cost": 0.0, "Total Cost": 54862.92, "Plan Rows": 418557, "Plan Width": 8, "Filter": "(((note)::text !~~ '%(TV)%'::text) AND ((note)::text ~~ '%(USA)%'::text)), (LLVM Optimized)"}, {"Node Type": "Hash", "Parent Relationship": "Inner", "Startup Cost": 1.04, "Total Cost": 1.04, "Plan Rows": 1, "Plan Width": 4, "Plans": [{"Node Type": "Seq Scan", "Parent Relationship": "Outer", "Relation Name": "company_type", "Alias": "ct", "Startup Cost": 0.0, "Total Cost": 1.04, "Plan Rows": 1, "Plan Width": 4, "Filter": "((kind)::text = 'production companies'::text)"}]}]}, {"Node Type": "Hash", "Parent Relationship": "Inner", "Startup Cost": 100115.71, "Total Cost": 100115.71, "Plan Rows": 1748840, "Plan Width": 21, "Plans": [{"Node Type": "Streaming(type: LOCAL GATHER dop: 1/64)", "Parent Relationship": "Outer", "Startup Cost": 0.0, "Total Cost": 100115.71, "Plan Rows": 1748840, "Plan Width": 21, "Plans": [{"Node Type": "Seq Scan", "Parent Relationship": "Outer", "Relation Name": "title", "Alias": "t", "Startup Cost": 0.0, "Total Cost": 64037.34, "Plan Rows": 1748840, "Plan Width": 21, "Filter": "(production_year > 1990), (LLVM Optimized)"}]}]}]}]}]}, {"Node Type": "Hash", "Parent Relationship": "Inner", "Startup Cost": 2.12, "Total Cost": 2.12, "Plan Rows": 112, "Plan Width": 4, "Plans": [{"Node Type": "Index Only Scan", "Parent Relationship": "Outer", "Scan Direction": "Forward", "Index Name": "info_type_pkey", "Relation Name": "info_type", "Alias": "it", "Startup Cost": 0.0, "Total Cost": 2.12, "Plan Rows": 112, "Plan Width": 4}]}]}]}, "Unique SQL Id": 322094867}, "explain_analyze_plan": {"Plan": {"Node Type": "Aggregate", "Strategy": "Plain", "Startup Cost": 282595.42, "Total Cost": 282595.43, "Plan Rows": 1, "Plan Width": 49, "Actual Min Startup Time": 2819.09, "Actual Max Startup Time": 2819.09, "Actual Min Total Time": 2819.09, "Actual Max Total Time": 2819.09, "Actual Total Rows": 1, "Plans": [{"Node Type": "Hash Join", "Parent Relationship": "Outer", "Join Type": "Inner", "Startup Cost": 187293.84, "Total Cost": 281767.79, "Plan Rows": 331050, "Plan Width": 17, "Actual Min Startup Time": 2473.353, "Actual Max Startup Time": 2473.353, "Actual Min Total Time": 2818.616, "Actual Max Total Time": 2818.616, "Actual Total Rows": 669, "Inner Unique": true, "Hash Cond": "(mi.info_type_id = it.id), (LLVM Optimized, Jit Execute)", "Plans": [{"Node Type": "Hash Join", "Parent Relationship": "Outer", "Join Type": "Inner", "Startup Cost": 187290.32, "Total Cost": 277212.34, "Plan Rows": 331050, "Plan Width": 21, "Actual Min Startup Time": 2473.167, "Actual Max Startup Time": 2473.167, "Actual Min Total Time": 2817.954, "Actual Max Total Time": 2817.954, "Actual Total Rows": 669, "Inner Unique": false, "Hash Cond": "(mi.movie_id = t.id), (LLVM Optimized, Jit Execute)", "Plans": [{"Node Type": "Streaming(type: LOCAL GATHER dop: 1/64)", "Parent Relationship": "Outer", "Startup Cost": 0.0, "Total Cost": 85529.75, "Plan Rows": 726375, "Plan Width": 8, "Actual Min Startup Time": 0.144, "Actual Max Startup Time": 0.144, "Actual Min Total Time": 210.639, "Actual Max Total Time": 210.639, "Actual Total Rows": 706674, "Plans": [{"Node Type": "Seq Scan", "Parent Relationship": "Outer", "Relation Name": "movie_info", "Alias": "mi", "Startup Cost": 0.0, "Total Cost": 70544.72, "Plan Rows": 726375, "Plan Width": 8, "Actual Min Startup Time": 0.037, "Actual Max Startup Time": 3.327, "Actual Min Total Time": 122.346, "Actual Max Total Time": 141.453, "Actual Total Rows": 706674, "Filter": "((info)::text = ANY ('{Sweden,Norway,Germany,Denmark,Swedish,Denish,Norwegian,German,USA,American}'::text[]))", "Rows Removed by Filter": 14129045}]}, {"Node Type": "Hash", "Parent Relationship": "Inner", "Startup Cost": 183666.12, "Total Cost": 183666.12, "Plan Rows": 289936, "Plan Width": 25, "Actual Min Startup Time": 2467.444, "Actual Max Startup Time": 2467.444, "Actual Min Total Time": 2467.444, "Actual Max Total Time": 2467.444, "Actual Total Rows": 767, "Max Hash Buckets": 524288, "Min Hash Buckets": 524288, "Max Hash Batches": 1, "Min Hash Batches": 1, "Max Original Hash Batches": 1, "Min Original Hash Batches": 1, "Max Peak Memory Usage": 45, "min Peak Memory Usage": 45, "Plans": [{"Node Type": "Hash Join", "Parent Relationship": "Outer", "Join Type": "Inner", "Startup Cost": 121977.26, "Total Cost": 183666.12, "Plan Rows": 289936, "Plan Width": 25, "Actual Min Startup Time": 2133.332, "Actual Max Startup Time": 2133.332, "Actual Min Total Time": 2467.037, "Actual Max Total Time": 2467.037, "Actual Total Rows": 767, "Inner Unique": true, "Hash Cond": "(mc.movie_id = t.id), (LLVM Optimized, Jit Execute)", "Plans": [{"Node Type": "Hash Join", "Parent Relationship": "Outer", "Join Type": "Inner", "Startup Cost": 1.05, "Total Cost": 58005.76, "Plan Rows": 209278, "Plan Width": 4, "Actual Min Startup Time": 792.833, "Actual Max Startup Time": 792.833, "Actual Min Total Time": 1125.904, "Actual Max Total Time": 1125.904, "Actual Total Rows": 798, "Inner Unique": true, "Hash Cond": "(mc.company_type_id = ct.id), (LLVM Optimized, Jit Execute)", "Plans": [{"Node Type": "Seq Scan", "Parent Relationship": "Outer", "Relation Name": "movie_companies", "Alias": "mc", "Startup Cost": 0.0, "Total Cost": 54862.92, "Plan Rows": 418557, "Plan Width": 8, "Actual Min Startup Time": 0.049, "Actual Max Startup Time": 0.049, "Actual Min Total Time": 1073.944, "Actual Max Total Time": 1073.944, "Actual Total Rows": 295628, "Filter": "(((note)::text !~~ '%(TV)%'::text) AND ((note)::text ~~ '%(USA)%'::text)), (LLVM Optimized, Jit Execute)", "Rows Removed by Filter": 2313500}, {"Node Type": "Hash", "Parent Relationship": "Inner", "Startup Cost": 1.04, "Total Cost": 1.04, "Plan Rows": 1, "Plan Width": 4, "Actual Min Startup Time": 0.029, "Actual Max Startup Time": 0.029, "Actual Min Total Time": 0.029, "Actual Max Total Time": 0.029, "Actual Total Rows": 1, "Max Hash Buckets": 32768, "Min Hash Buckets": 32768, "Max Hash Batches": 1, "Min Hash Batches": 1, "Max Original Hash Batches": 1, "Min Original Hash Batches": 1, "Max Peak Memory Usage": 1, "min Peak Memory Usage": 1, "Plans": [{"Node Type": "Seq Scan", "Parent Relationship": "Outer", "Relation Name": "company_type", "Alias": "ct", "Startup Cost": 0.0, "Total Cost": 1.04, "Plan Rows": 1, "Plan Width": 4, "Actual Min Startup Time": 0.023, "Actual Max Startup Time": 0.023, "Actual Min Total Time": 0.026, "Actual Max Total Time": 0.026, "Actual Total Rows": 1, "Filter": "((kind)::text = 'production companies'::text)", "Rows Removed by Filter": 2}]}]}, {"Node Type": "Hash", "Parent Relationship": "Inner", "Startup Cost": 100115.71, "Total Cost": 100115.71, "Plan Rows": 1748840, "Plan Width": 21, "Actual Min Startup Time": 1338.823, "Actual Max Startup Time": 1338.823, "Actual Min Total Time": 1338.823, "Actual Max Total Time": 1338.823, "Actual Total Rows": 1749032, "Max Hash Buckets": 2097152, "Min Hash Buckets": 2097152, "Max Hash Batches": 1, "Min Hash Batches": 1, "Max Original Hash Batches": 1, "Min Original Hash Batches": 1, "Max Peak Memory Usage": 93635, "min Peak Memory Usage": 93635, "Plans": [{"Node Type": "Streaming(type: LOCAL GATHER dop: 1/64)", "Parent Relationship": "Outer", "Startup Cost": 0.0, "Total Cost": 100115.71, "Plan Rows": 1748840, "Plan Width": 21, "Actual Min Startup Time": 31.174, "Actual Max Startup Time": 31.174, "Actual Min Total Time": 688.819, "Actual Max Total Time": 688.819, "Actual Total Rows": 1749032, "Plans": [{"Node Type": "Seq Scan", "Parent Relationship": "Outer", "Relation Name": "title", "Alias": "t", "Startup Cost": 0.0, "Total Cost": 64037.34, "Plan Rows": 1748840, "Plan Width": 21, "Actual Min Startup Time": 0.025, "Actual Max Startup Time": 0.045, "Actual Min Total Time": 14.76, "Actual Max Total Time": 18.88, "Actual Total Rows": 1749032, "Filter": "(production_year > 1990), (LLVM Optimized, Jit Execute)", "Rows Removed by Filter": 779279}]}]}]}]}]}, {"Node Type": "Hash", "Parent Relationship": "Inner", "Startup Cost": 2.12, "Total Cost": 2.12, "Plan Rows": 112, "Plan Width": 4, "Actual Min Startup Time": 0.108, "Actual Max Startup Time": 0.108, "Actual Min Total Time": 0.108, "Actual Max Total Time": 0.108, "Actual Total Rows": 112, "Max Hash Buckets": 32768, "Min Hash Buckets": 32768, "Max Hash Batches": 1, "Min Hash Batches": 1, "Max Original Hash Batches": 1, "Min Original Hash Batches": 1, "Max Peak Memory Usage": 4, "min Peak Memory Usage": 4, "Plans": [{"Node Type": "Index Only Scan", "Parent Relationship": "Outer", "Scan Direction": "Forward", "Index Name": "info_type_pkey", "Relation Name": "info_type", "Alias": "it", "Startup Cost": 0.0, "Total Cost": 2.12, "Plan Rows": 112, "Plan Width": 4, "Actual Min Startup Time": 0.027, "Actual Max Startup Time": 0.027, "Actual Min Total Time": 0.053, "Actual Max Total Time": 0.053, "Actual Total Rows": 112, "Heap Fetches": 0}]}]}]}, "Triggers": [], "Planner Runtime": 19.884, "Total Runtime": 2854.662, "Unique SQL Id": 322094867}}, "(64, 105)": {"explain_plan": {"Plan": {"Node Type": "Aggregate", "Strategy": "Plain", "Startup Cost": 467458.25, "Total Cost": 467458.26, "Plan Rows": 1, "Plan Width": 49, "Plans": [{"Node Type": "Hash Join", "Parent Relationship": "Outer", "Join Type": "Inner", "Startup Cost": 138313.1, "Total Cost": 466630.62, "Plan Rows": 331050, "Plan Width": 17, "Inner Unique": true, "Hash Cond": "(mi.info_type_id = it.id), (LLVM Optimized)", "Plans": [{"Node Type": "Nested Loop", "Parent Relationship": "Outer", "Join Type": "Inner", "Startup Cost": 138301.77, "Total Cost": 462249.43, "Plan Rows": 331050, "Plan Width": 21, "Inner Unique": false, "Plans": [{"Node Type": "Hash Join", "Parent Relationship": "Outer", "Join Type": "Inner", "Startup Cost": 138301.77, "Total Cost": 203731.36, "Plan Rows": 289936, "Plan Width": 25, "Inner Unique": true, "Hash Cond": "(mc.movie_id = t.id), (LLVM Optimized)", "Plans": [{"Node Type": "Nested Loop", "Parent Relationship": "Outer", "Join Type": "Inner", "Startup Cost": 0.0, "Total Cost": 61745.44, "Plan Rows": 209278, "Plan Width": 4, "Inner Unique": false, "Plans": [{"Node Type": "Index Scan", "Parent Relationship": "Outer", "Scan Direction": "Forward", "Index Name": "company_type_pkey", "Relation Name": "company_type", "Alias": "ct", "Startup Cost": 0.0, "Total Cost": 12.3, "Plan Rows": 1, "Plan Width": 4, "Filter": "((kind)::text = 'production companies'::text)"}, {"Node Type": "Index Scan", "Parent Relationship": "Inner", "Scan Direction": "Forward", "Index Name": "company_type_id_movie_companies", "Relation Name": "movie_companies", "Alias": "mc", "Startup Cost": 0.0, "Total Cost": 59640.35, "Plan Rows": 209279, "Plan Width": 8, "Index Cond": "(company_type_id = ct.id), (LLVM Optimized)", "Filter": "(((note)::text !~~ '%(TV)%'::text) AND ((note)::text ~~ '%(USA)%'::text)), (LLVM Optimized)"}]}, {"Node Type": "Hash", "Parent Relationship": "Inner", "Startup Cost": 116441.27, "Total Cost": 116441.27, "Plan Rows": 1748840, "Plan Width": 21, "Plans": [{"Node Type": "Index Scan", "Parent Relationship": "Outer", "Scan Direction": "Forward", "Index Name": "title_pkey", "Relation Name": "title", "Alias": "t", "Startup Cost": 0.0, "Total Cost": 116441.27, "Plan Rows": 1748840, "Plan Width": 21, "Filter": "(production_year > 1990), (LLVM Optimized)"}]}]}, {"Node Type": "Index Scan", "Parent Relationship": "Inner", "Scan Direction": "Forward", "Index Name": "movie_id_movie_info", "Relation Name": "movie_info", "Alias": "mi", "Startup Cost": 0.0, "Total Cost": 0.88, "Plan Rows": 1, "Plan Width": 8, "Index Cond": "(movie_id = t.id)", "Filter": "((info)::text = ANY ('{Sweden,Norway,Germany,Denmark,Swedish,Denish,Norwegian,German,USA,American}'::text[]))"}]}, {"Node Type": "Hash", "Parent Relationship": "Inner", "Startup Cost": 9.93, "Total Cost": 9.93, "Plan Rows": 112, "Plan Width": 4, "Plans": [{"Node Type": "Index Only Scan", "Parent Relationship": "Outer", "Scan Direction": "Forward", "Index Name": "info_type_pkey", "Relation Name": "info_type", "Alias": "it", "Startup Cost": 0.0, "Total Cost": 9.93, "Plan Rows": 112, "Plan Width": 4}]}]}]}, "Unique SQL Id": 322094867}, "explain_analyze_plan": {"Plan": {"Node Type": "Aggregate", "Strategy": "Plain", "Startup Cost": 467458.25, "Total Cost": 467458.26, "Plan Rows": 1, "Plan Width": 49, "Actual Startup Time": 4883.833, "Actual Total Time": 4883.833, "Actual Rows": 1, "Actual Loops": 1, "Plans": [{"Node Type": "Hash Join", "Parent Relationship": "Outer", "Join Type": "Inner", "Startup Cost": 138313.1, "Total Cost": 466630.62, "Plan Rows": 331050, "Plan Width": 17, "Actual Startup Time": 4171.512, "Actual Total Time": 4883.36, "Actual Rows": 669, "Actual Loops": 1, "Inner Unique": true, "Hash Cond": "(mi.info_type_id = it.id), (LLVM Optimized, Jit Execute)", "Plans": [{"Node Type": "Nested Loop", "Parent Relationship": "Outer", "Join Type": "Inner", "Startup Cost": 138301.77, "Total Cost": 462249.43, "Plan Rows": 331050, "Plan Width": 21, "Actual Startup Time": 4171.253, "Actual Total Time": 4882.654, "Actual Rows": 669, "Actual Loops": 1, "Inner Unique": false, "Plans": [{"Node Type": "Hash Join", "Parent Relationship": "Outer", "Join Type": "Inner", "Startup Cost": 138301.77, "Total Cost": 203731.36, "Plan Rows": 289936, "Plan Width": 25, "Actual Startup Time": 4171.199, "Actual Total Time": 4855.08, "Actual Rows": 767, "Actual Loops": 1, "Inner Unique": true, "Hash Cond": "(mc.movie_id = t.id), (LLVM Optimized, Jit Execute)", "Plans": [{"Node Type": "Nested Loop", "Parent Relationship": "Outer", "Join Type": "Inner", "Startup Cost": 0.0, "Total Cost": 61745.44, "Plan Rows": 209278, "Plan Width": 4, "Actual Startup Time": 9.63, "Actual Total Time": 692.789, "Actual Rows": 798, "Actual Loops": 1, "Inner Unique": false, "Plans": [{"Node Type": "Index Scan", "Parent Relationship": "Outer", "Scan Direction": "Forward", "Index Name": "company_type_pkey", "Relation Name": "company_type", "Alias": "ct", "Startup Cost": 0.0, "Total Cost": 12.3, "Plan Rows": 1, "Plan Width": 4, "Actual Startup Time": 0.034, "Actual Total Time": 0.044, "Actual Rows": 1, "Actual Loops": 1, "Filter": "((kind)::text = 'production companies'::text)", "Rows Removed by Filter": 2}, {"Node Type": "Index Scan", "Parent Relationship": "Inner", "Scan Direction": "Forward", "Index Name": "company_type_id_movie_companies", "Relation Name": "movie_companies", "Alias": "mc", "Startup Cost": 0.0, "Total Cost": 59640.35, "Plan Rows": 209279, "Plan Width": 8, "Actual Startup Time": 9.586, "Actual Total Time": 692.504, "Actual Rows": 798, "Actual Loops": 1, "Index Cond": "(company_type_id = ct.id), (LLVM Optimized, Jit Execute)", "Rows Removed by Index Recheck": 0, "Filter": "(((note)::text !~~ '%(TV)%'::text) AND ((note)::text ~~ '%(USA)%'::text)), (LLVM Optimized, Jit Execute)", "Rows Removed by Filter": 1334085}]}, {"Node Type": "Hash", "Parent Relationship": "Inner", "Startup Cost": 116441.27, "Total Cost": 116441.27, "Plan Rows": 1748840, "Plan Width": 21, "Actual Startup Time": 4160.051, "Actual Total Time": 4160.051, "Actual Rows": 1749032, "Actual Loops": 1, "Hash Buckets": 2097152, "Hash Batches": 1, "Original Hash Batches": 1, "Peak Memory Usage": 93635, "Plans": [{"Node Type": "Index Scan", "Parent Relationship": "Outer", "Scan Direction": "Forward", "Index Name": "title_pkey", "Relation Name": "title", "Alias": "t", "Startup Cost": 0.0, "Total Cost": 116441.27, "Plan Rows": 1748840, "Plan Width": 21, "Actual Startup Time": 0.054, "Actual Total Time": 3336.652, "Actual Rows": 1749032, "Actual Loops": 1, "Filter": "(production_year > 1990), (LLVM Optimized, Jit Execute)", "Rows Removed by Filter": 779279}]}]}, {"Node Type": "Index Scan", "Parent Relationship": "Inner", "Scan Direction": "Forward", "Index Name": "movie_id_movie_info", "Relation Name": "movie_info", "Alias": "mi", "Startup Cost": 0.0, "Total Cost": 0.88, "Plan Rows": 1, "Plan Width": 8, "Actual Startup Time": 21.027, "Actual Total Time": 23.865, "Actual Rows": 669, "Actual Loops": 767, "Index Cond": "(movie_id = t.id)", "Rows Removed by Index Recheck": 0, "Filter": "((info)::text = ANY ('{Sweden,Norway,Germany,Denmark,Swedish,Denish,Norwegian,German,USA,American}'::text[]))", "Rows Removed by Filter": 7721}]}, {"Node Type": "Hash", "Parent Relationship": "Inner", "Startup Cost": 9.93, "Total Cost": 9.93, "Plan Rows": 112, "Plan Width": 4, "Actual Startup Time": 0.097, "Actual Total Time": 0.097, "Actual Rows": 112, "Actual Loops": 1, "Hash Buckets": 32768, "Hash Batches": 1, "Original Hash Batches": 1, "Peak Memory Usage": 4, "Plans": [{"Node Type": "Index Only Scan", "Parent Relationship": "Outer", "Scan Direction": "Forward", "Index Name": "info_type_pkey", "Relation Name": "info_type", "Alias": "it", "Startup Cost": 0.0, "Total Cost": 9.93, "Plan Rows": 112, "Plan Width": 4, "Actual Startup Time": 0.026, "Actual Total Time": 0.05, "Actual Rows": 112, "Actual Loops": 1, "Heap Fetches": 0}]}]}]}, "Triggers": [], "Planner Runtime": 7.582, "Total Runtime": 4894.178, "Unique SQL Id": 322094867}}, "(64, 106)": {"explain_plan": {"Plan": {"Node Type": "Aggregate", "Strategy": "Plain", "Startup Cost": 282595.42, "Total Cost": 282595.43, "Plan Rows": 1, "Plan Width": 49, "Plans": [{"Node Type": "Hash Join", "Parent Relationship": "Outer", "Join Type": "Inner", "Startup Cost": 187293.84, "Total Cost": 281767.79, "Plan Rows": 331050, "Plan Width": 17, "Inner Unique": true, "Hash Cond": "(mi.info_type_id = it.id), (LLVM Optimized)", "Plans": [{"Node Type": "Hash Join", "Parent Relationship": "Outer", "Join Type": "Inner", "Startup Cost": 187290.32, "Total Cost": 277212.34, "Plan Rows": 331050, "Plan Width": 21, "Inner Unique": false, "Hash Cond": "(mi.movie_id = t.id), (LLVM Optimized)", "Plans": [{"Node Type": "Streaming(type: LOCAL GATHER dop: 1/64)", "Parent Relationship": "Outer", "Startup Cost": 0.0, "Total Cost": 85529.75, "Plan Rows": 726375, "Plan Width": 8, "Plans": [{"Node Type": "Seq Scan", "Parent Relationship": "Outer", "Relation Name": "movie_info", "Alias": "mi", "Startup Cost": 0.0, "Total Cost": 70544.72, "Plan Rows": 726375, "Plan Width": 8, "Filter": "((info)::text = ANY ('{Sweden,Norway,Germany,Denmark,Swedish,Denish,Norwegian,German,USA,American}'::text[]))"}]}, {"Node Type": "Hash", "Parent Relationship": "Inner", "Startup Cost": 183666.12, "Total Cost": 183666.12, "Plan Rows": 289936, "Plan Width": 25, "Plans": [{"Node Type": "Hash Join", "Parent Relationship": "Outer", "Join Type": "Inner", "Startup Cost": 121977.26, "Total Cost": 183666.12, "Plan Rows": 289936, "Plan Width": 25, "Inner Unique": true, "Hash Cond": "(mc.movie_id = t.id), (LLVM Optimized)", "Plans": [{"Node Type": "Hash Join", "Parent Relationship": "Outer", "Join Type": "Inner", "Startup Cost": 1.05, "Total Cost": 58005.76, "Plan Rows": 209278, "Plan Width": 4, "Inner Unique": true, "Hash Cond": "(mc.company_type_id = ct.id), (LLVM Optimized)", "Plans": [{"Node Type": "Seq Scan", "Parent Relationship": "Outer", "Relation Name": "movie_companies", "Alias": "mc", "Startup Cost": 0.0, "Total Cost": 54862.92, "Plan Rows": 418557, "Plan Width": 8, "Filter": "(((note)::text !~~ '%(TV)%'::text) AND ((note)::text ~~ '%(USA)%'::text)), (LLVM Optimized)"}, {"Node Type": "Hash", "Parent Relationship": "Inner", "Startup Cost": 1.04, "Total Cost": 1.04, "Plan Rows": 1, "Plan Width": 4, "Plans": [{"Node Type": "Seq Scan", "Parent Relationship": "Outer", "Relation Name": "company_type", "Alias": "ct", "Startup Cost": 0.0, "Total Cost": 1.04, "Plan Rows": 1, "Plan Width": 4, "Filter": "((kind)::text = 'production companies'::text)"}]}]}, {"Node Type": "Hash", "Parent Relationship": "Inner", "Startup Cost": 100115.71, "Total Cost": 100115.71, "Plan Rows": 1748840, "Plan Width": 21, "Plans": [{"Node Type": "Streaming(type: LOCAL GATHER dop: 1/64)", "Parent Relationship": "Outer", "Startup Cost": 0.0, "Total Cost": 100115.71, "Plan Rows": 1748840, "Plan Width": 21, "Plans": [{"Node Type": "Seq Scan", "Parent Relationship": "Outer", "Relation Name": "title", "Alias": "t", "Startup Cost": 0.0, "Total Cost": 64037.34, "Plan Rows": 1748840, "Plan Width": 21, "Filter": "(production_year > 1990), (LLVM Optimized)"}]}]}]}]}]}, {"Node Type": "Hash", "Parent Relationship": "Inner", "Startup Cost": 2.12, "Total Cost": 2.12, "Plan Rows": 112, "Plan Width": 4, "Plans": [{"Node Type": "Seq Scan", "Parent Relationship": "Outer", "Relation Name": "info_type", "Alias": "it", "Startup Cost": 0.0, "Total Cost": 2.12, "Plan Rows": 112, "Plan Width": 4}]}]}]}, "Unique SQL Id": 322094867}, "explain_analyze_plan": {"Plan": {"Node Type": "Aggregate", "Strategy": "Plain", "Startup Cost": 282595.42, "Total Cost": 282595.43, "Plan Rows": 1, "Plan Width": 49, "Actual Min Startup Time": 2863.059, "Actual Max Startup Time": 2863.059, "Actual Min Total Time": 2863.059, "Actual Max Total Time": 2863.059, "Actual Total Rows": 1, "Plans": [{"Node Type": "Hash Join", "Parent Relationship": "Outer", "Join Type": "Inner", "Startup Cost": 187293.84, "Total Cost": 281767.79, "Plan Rows": 331050, "Plan Width": 17, "Actual Min Startup Time": 2501.901, "Actual Max Startup Time": 2501.901, "Actual Min Total Time": 2862.568, "Actual Max Total Time": 2862.568, "Actual Total Rows": 669, "Inner Unique": true, "Hash Cond": "(mi.info_type_id = it.id), (LLVM Optimized, Jit Execute)", "Plans": [{"Node Type": "Hash Join", "Parent Relationship": "Outer", "Join Type": "Inner", "Startup Cost": 187290.32, "Total Cost": 277212.34, "Plan Rows": 331050, "Plan Width": 21, "Actual Min Startup Time": 2501.69, "Actual Max Startup Time": 2501.69, "Actual Min Total Time": 2861.865, "Actual Max Total Time": 2861.865, "Actual Total Rows": 669, "Inner Unique": false, "Hash Cond": "(mi.movie_id = t.id), (LLVM Optimized, Jit Execute)", "Plans": [{"Node Type": "Streaming(type: LOCAL GATHER dop: 1/64)", "Parent Relationship": "Outer", "Startup Cost": 0.0, "Total Cost": 85529.75, "Plan Rows": 726375, "Plan Width": 8, "Actual Min Startup Time": 0.158, "Actual Max Startup Time": 0.158, "Actual Min Total Time": 218.045, "Actual Max Total Time": 218.045, "Actual Total Rows": 706674, "Plans": [{"Node Type": "Seq Scan", "Parent Relationship": "Outer", "Relation Name": "movie_info", "Alias": "mi", "Startup Cost": 0.0, "Total Cost": 70544.72, "Plan Rows": 726375, "Plan Width": 8, "Actual Min Startup Time": 0.04, "Actual Max Startup Time": 3.309, "Actual Min Total Time": 121.222, "Actual Max Total Time": 141.902, "Actual Total Rows": 706674, "Filter": "((info)::text = ANY ('{Sweden,Norway,Germany,Denmark,Swedish,Denish,Norwegian,German,USA,American}'::text[]))", "Rows Removed by Filter": 14129045}]}, {"Node Type": "Hash", "Parent Relationship": "Inner", "Startup Cost": 183666.12, "Total Cost": 183666.12, "Plan Rows": 289936, "Plan Width": 25, "Actual Min Startup Time": 2495.521, "Actual Max Startup Time": 2495.521, "Actual Min Total Time": 2495.521, "Actual Max Total Time": 2495.521, "Actual Total Rows": 767, "Max Hash Buckets": 524288, "Min Hash Buckets": 524288, "Max Hash Batches": 1, "Min Hash Batches": 1, "Max Original Hash Batches": 1, "Min Original Hash Batches": 1, "Max Peak Memory Usage": 45, "min Peak Memory Usage": 45, "Plans": [{"Node Type": "Hash Join", "Parent Relationship": "Outer", "Join Type": "Inner", "Startup Cost": 121977.26, "Total Cost": 183666.12, "Plan Rows": 289936, "Plan Width": 25, "Actual Min Startup Time": 2159.015, "Actual Max Startup Time": 2159.015, "Actual Min Total Time": 2495.106, "Actual Max Total Time": 2495.106, "Actual Total Rows": 767, "Inner Unique": true, "Hash Cond": "(mc.movie_id = t.id), (LLVM Optimized, Jit Execute)", "Plans": [{"Node Type": "Hash Join", "Parent Relationship": "Outer", "Join Type": "Inner", "Startup Cost": 1.05, "Total Cost": 58005.76, "Plan Rows": 209278, "Plan Width": 4, "Actual Min Startup Time": 793.946, "Actual Max Startup Time": 793.946, "Actual Min Total Time": 1129.362, "Actual Max Total Time": 1129.362, "Actual Total Rows": 798, "Inner Unique": true, "Hash Cond": "(mc.company_type_id = ct.id), (LLVM Optimized, Jit Execute)", "Plans": [{"Node Type": "Seq Scan", "Parent Relationship": "Outer", "Relation Name": "movie_companies", "Alias": "mc", "Startup Cost": 0.0, "Total Cost": 54862.92, "Plan Rows": 418557, "Plan Width": 8, "Actual Min Startup Time": 0.053, "Actual Max Startup Time": 0.053, "Actual Min Total Time": 1077.451, "Actual Max Total Time": 1077.451, "Actual Total Rows": 295628, "Filter": "(((note)::text !~~ '%(TV)%'::text) AND ((note)::text ~~ '%(USA)%'::text)), (LLVM Optimized, Jit Execute)", "Rows Removed by Filter": 2313500}, {"Node Type": "Hash", "Parent Relationship": "Inner", "Startup Cost": 1.04, "Total Cost": 1.04, "Plan Rows": 1, "Plan Width": 4, "Actual Min Startup Time": 0.032, "Actual Max Startup Time": 0.032, "Actual Min Total Time": 0.032, "Actual Max Total Time": 0.032, "Actual Total Rows": 1, "Max Hash Buckets": 32768, "Min Hash Buckets": 32768, "Max Hash Batches": 1, "Min Hash Batches": 1, "Max Original Hash Batches": 1, "Min Original Hash Batches": 1, "Max Peak Memory Usage": 1, "min Peak Memory Usage": 1, "Plans": [{"Node Type": "Seq Scan", "Parent Relationship": "Outer", "Relation Name": "company_type", "Alias": "ct", "Startup Cost": 0.0, "Total Cost": 1.04, "Plan Rows": 1, "Plan Width": 4, "Actual Min Startup Time": 0.024, "Actual Max Startup Time": 0.024, "Actual Min Total Time": 0.027, "Actual Max Total Time": 0.027, "Actual Total Rows": 1, "Filter": "((kind)::text = 'production companies'::text)", "Rows Removed by Filter": 2}]}]}, {"Node Type": "Hash", "Parent Relationship": "Inner", "Startup Cost": 100115.71, "Total Cost": 100115.71, "Plan Rows": 1748840, "Plan Width": 21, "Actual Min Startup Time": 1363.436, "Actual Max Startup Time": 1363.436, "Actual Min Total Time": 1363.436, "Actual Max Total Time": 1363.436, "Actual Total Rows": 1749032, "Max Hash Buckets": 2097152, "Min Hash Buckets": 2097152, "Max Hash Batches": 1, "Min Hash Batches": 1, "Max Original Hash Batches": 1, "Min Original Hash Batches": 1, "Max Peak Memory Usage": 93635, "min Peak Memory Usage": 93635, "Plans": [{"Node Type": "Streaming(type: LOCAL GATHER dop: 1/64)", "Parent Relationship": "Outer", "Startup Cost": 0.0, "Total Cost": 100115.71, "Plan Rows": 1748840, "Plan Width": 21, "Actual Min Startup Time": 111.075, "Actual Max Startup Time": 111.075, "Actual Min Total Time": 745.821, "Actual Max Total Time": 745.821, "Actual Total Rows": 1749032, "Plans": [{"Node Type": "Seq Scan", "Parent Relationship": "Outer", "Relation Name": "title", "Alias": "t", "Startup Cost": 0.0, "Total Cost": 64037.34, "Plan Rows": 1748840, "Plan Width": 21, "Actual Min Startup Time": 0.025, "Actual Max Startup Time": 0.049, "Actual Min Total Time": 15.077, "Actual Max Total Time": 19.374, "Actual Total Rows": 1749032, "Filter": "(production_year > 1990), (LLVM Optimized, Jit Execute)", "Rows Removed by Filter": 779279}]}]}]}]}]}, {"Node Type": "Hash", "Parent Relationship": "Inner", "Startup Cost": 2.12, "Total Cost": 2.12, "Plan Rows": 112, "Plan Width": 4, "Actual Min Startup Time": 0.133, "Actual Max Startup Time": 0.133, "Actual Min Total Time": 0.133, "Actual Max Total Time": 0.133, "Actual Total Rows": 112, "Max Hash Buckets": 32768, "Min Hash Buckets": 32768, "Max Hash Batches": 1, "Min Hash Batches": 1, "Max Original Hash Batches": 1, "Min Original Hash Batches": 1, "Max Peak Memory Usage": 4, "min Peak Memory Usage": 4, "Plans": [{"Node Type": "Seq Scan", "Parent Relationship": "Outer", "Relation Name": "info_type", "Alias": "it", "Startup Cost": 0.0, "Total Cost": 2.12, "Plan Rows": 112, "Plan Width": 4, "Actual Min Startup Time": 0.056, "Actual Max Startup Time": 0.056, "Actual Min Total Time": 0.079, "Actual Max Total Time": 0.079, "Actual Total Rows": 112}]}]}]}, "Triggers": [], "Planner Runtime": 19.742, "Total Runtime": 2897.891, "Unique SQL Id": 322094867}}, "(64, 107)": {"explain_plan": {"Plan": {"Node Type": "Aggregate", "Strategy": "Plain", "Startup Cost": 5000140660890.37, "Total Cost": 5000140660890.38, "Plan Rows": 1, "Plan Width": 49, "Plans": [{"Node Type": "Hash Join", "Parent Relationship": "Outer", "Join Type": "Inner", "Startup Cost": 3020133947472.37, "Total Cost": 5000140660062.75, "Plan Rows": 331050, "Plan Width": 17, "Inner Unique": true, "Hash Cond": "(mi.movie_id = t.id), (LLVM Optimized)", "Plans": [{"Node Type": "Hash Join", "Parent Relationship": "Outer", "Join Type": "Inner", "Startup Cost": 2020122281485.21, "Total Cost": 4000128989869.0, "Plan Rows": 238955, "Plan Width": 8, "Inner Unique": true, "Hash Cond": "(mi.info_type_id = it.id), (LLVM Optimized)", "Plans": [{"Node Type": "Hash Join", "Parent Relationship": "Outer", "Join Type": "Inner", "Startup Cost": 1020122280490.81, "Total Cost": 3000128985588.97, "Plan Rows": 238955, "Plan Width": 12, "Inner Unique": false, "Hash Cond": "(mc.movie_id = mi.movie_id), (LLVM Optimized)", "Plans": [{"Node Type": "Nested Loop", "Parent Relationship": "Outer", "Join Type": "Inner", "Startup Cost": 20000000000.0, "Total Cost": 2000005967358.04, "Plan Rows": 209278, "Plan Width": 4, "Inner Unique": false, "Plans": [{"Node Type": "Index Scan", "Parent Relationship": "Outer", "Scan Direction": "Forward", "Index Name": "company_type_pkey", "Relation Name": "company_type", "Alias": "ct", "Startup Cost": 10000000000.0, "Total Cost": 1000000001230.25, "Plan Rows": 1, "Plan Width": 4, "Filter": "((kind)::text = 'production companies'::text)"}, {"Node Type": "Index Scan", "Parent Relationship": "Inner", "Scan Direction": "Forward", "Index Name": "company_type_id_movie_companies", "Relation Name": "movie_companies", "Alias": "mc", "Startup Cost": 10000000000.0, "Total Cost": 1000005964035.0, "Plan Rows": 209279, "Plan Width": 8, "Index Cond": "(company_type_id = ct.id), (LLVM Optimized)", "Filter": "(((note)::text !~~ '%(TV)%'::text) AND ((note)::text ~~ '%(USA)%'::text)), (LLVM Optimized)"}]}, {"Node Type": "Hash", "Parent Relationship": "Inner", "Startup Cost": 1000122271411.12, "Total Cost": 1000122271411.12, "Plan Rows": 726375, "Plan Width": 8, "Plans": [{"Node Type": "Index Scan", "Parent Relationship": "Outer", "Scan Direction": "Forward", "Index Name": "info_type_id_movie_info", "Relation Name": "movie_info", "Alias": "mi", "Startup Cost": 10000000000.0, "Total Cost": 1000122271411.12, "Plan Rows": 726375, "Plan Width": 8, "Filter": "((info)::text = ANY ('{Sweden,Norway,Germany,Denmark,Swedish,Denish,Norwegian,German,USA,American}'::text[]))"}]}]}, {"Node Type": "Hash", "Parent Relationship": "Inner", "Startup Cost": 1000000000993.0, "Total Cost": 1000000000993.0, "Plan Rows": 112, "Plan Width": 4, "Plans": [{"Node Type": "Index Only Scan", "Parent Relationship": "Outer", "Scan Direction": "Forward", "Index Name": "info_type_pkey", "Relation Name": "info_type", "Alias": "it", "Startup Cost": 10000000000.0, "Total Cost": 1000000000993.0, "Plan Rows": 112, "Plan Width": 4}]}]}, {"Node Type": "Hash", "Parent Relationship": "Inner", "Startup Cost": 1000011644126.66, "Total Cost": 1000011644126.66, "Plan Rows": 1748840, "Plan Width": 21, "Plans": [{"Node Type": "Index Scan", "Parent Relationship": "Outer", "Scan Direction": "Forward", "Index Name": "title_pkey", "Relation Name": "title", "Alias": "t", "Startup Cost": 10000000000.0, "Total Cost": 1000011644126.66, "Plan Rows": 1748840, "Plan Width": 21, "Filter": "(production_year > 1990), (LLVM Optimized)"}]}]}]}, "Unique SQL Id": 322094867}, "explain_analyze_plan": null}, "(64, 108)": {"explain_plan": {"Plan": {"Node Type": "Aggregate", "Strategy": "Plain", "Startup Cost": 282595.42, "Total Cost": 282595.43, "Plan Rows": 1, "Plan Width": 49, "Plans": [{"Node Type": "Hash Join", "Parent Relationship": "Outer", "Join Type": "Inner", "Startup Cost": 187293.84, "Total Cost": 281767.79, "Plan Rows": 331050, "Plan Width": 17, "Inner Unique": true, "Hash Cond": "(mi.info_type_id = it.id), (LLVM Optimized)", "Plans": [{"Node Type": "Hash Join", "Parent Relationship": "Outer", "Join Type": "Inner", "Startup Cost": 187290.32, "Total Cost": 277212.34, "Plan Rows": 331050, "Plan Width": 21, "Inner Unique": false, "Hash Cond": "(mi.movie_id = t.id), (LLVM Optimized)", "Plans": [{"Node Type": "Streaming(type: LOCAL GATHER dop: 1/64)", "Parent Relationship": "Outer", "Startup Cost": 0.0, "Total Cost": 85529.75, "Plan Rows": 726375, "Plan Width": 8, "Plans": [{"Node Type": "Seq Scan", "Parent Relationship": "Outer", "Relation Name": "movie_info", "Alias": "mi", "Startup Cost": 0.0, "Total Cost": 70544.72, "Plan Rows": 726375, "Plan Width": 8, "Filter": "((info)::text = ANY ('{Sweden,Norway,Germany,Denmark,Swedish,Denish,Norwegian,German,USA,American}'::text[]))"}]}, {"Node Type": "Hash", "Parent Relationship": "Inner", "Startup Cost": 183666.12, "Total Cost": 183666.12, "Plan Rows": 289936, "Plan Width": 25, "Plans": [{"Node Type": "Hash Join", "Parent Relationship": "Outer", "Join Type": "Inner", "Startup Cost": 121977.26, "Total Cost": 183666.12, "Plan Rows": 289936, "Plan Width": 25, "Inner Unique": true, "Hash Cond": "(mc.movie_id = t.id), (LLVM Optimized)", "Plans": [{"Node Type": "Hash Join", "Parent Relationship": "Outer", "Join Type": "Inner", "Startup Cost": 1.05, "Total Cost": 58005.76, "Plan Rows": 209278, "Plan Width": 4, "Inner Unique": true, "Hash Cond": "(mc.company_type_id = ct.id), (LLVM Optimized)", "Plans": [{"Node Type": "Seq Scan", "Parent Relationship": "Outer", "Relation Name": "movie_companies", "Alias": "mc", "Startup Cost": 0.0, "Total Cost": 54862.92, "Plan Rows": 418557, "Plan Width": 8, "Filter": "(((note)::text !~~ '%(TV)%'::text) AND ((note)::text ~~ '%(USA)%'::text)), (LLVM Optimized)"}, {"Node Type": "Hash", "Parent Relationship": "Inner", "Startup Cost": 1.04, "Total Cost": 1.04, "Plan Rows": 1, "Plan Width": 4, "Plans": [{"Node Type": "Seq Scan", "Parent Relationship": "Outer", "Relation Name": "company_type", "Alias": "ct", "Startup Cost": 0.0, "Total Cost": 1.04, "Plan Rows": 1, "Plan Width": 4, "Filter": "((kind)::text = 'production companies'::text)"}]}]}, {"Node Type": "Hash", "Parent Relationship": "Inner", "Startup Cost": 100115.71, "Total Cost": 100115.71, "Plan Rows": 1748840, "Plan Width": 21, "Plans": [{"Node Type": "Streaming(type: LOCAL GATHER dop: 1/64)", "Parent Relationship": "Outer", "Startup Cost": 0.0, "Total Cost": 100115.71, "Plan Rows": 1748840, "Plan Width": 21, "Plans": [{"Node Type": "Seq Scan", "Parent Relationship": "Outer", "Relation Name": "title", "Alias": "t", "Startup Cost": 0.0, "Total Cost": 64037.34, "Plan Rows": 1748840, "Plan Width": 21, "Filter": "(production_year > 1990), (LLVM Optimized)"}]}]}]}]}]}, {"Node Type": "Hash", "Parent Relationship": "Inner", "Startup Cost": 2.12, "Total Cost": 2.12, "Plan Rows": 112, "Plan Width": 4, "Plans": [{"Node Type": "Seq Scan", "Parent Relationship": "Outer", "Relation Name": "info_type", "Alias": "it", "Startup Cost": 0.0, "Total Cost": 2.12, "Plan Rows": 112, "Plan Width": 4}]}]}]}, "Unique SQL Id": 322094867}, "explain_analyze_plan": {"Plan": {"Node Type": "Aggregate", "Strategy": "Plain", "Startup Cost": 282595.42, "Total Cost": 282595.43, "Plan Rows": 1, "Plan Width": 49, "Actual Min Startup Time": 2863.059, "Actual Max Startup Time": 2863.059, "Actual Min Total Time": 2863.059, "Actual Max Total Time": 2863.059, "Actual Total Rows": 1, "Plans": [{"Node Type": "Hash Join", "Parent Relationship": "Outer", "Join Type": "Inner", "Startup Cost": 187293.84, "Total Cost": 281767.79, "Plan Rows": 331050, "Plan Width": 17, "Actual Min Startup Time": 2501.901, "Actual Max Startup Time": 2501.901, "Actual Min Total Time": 2862.568, "Actual Max Total Time": 2862.568, "Actual Total Rows": 669, "Inner Unique": true, "Hash Cond": "(mi.info_type_id = it.id), (LLVM Optimized, Jit Execute)", "Plans": [{"Node Type": "Hash Join", "Parent Relationship": "Outer", "Join Type": "Inner", "Startup Cost": 187290.32, "Total Cost": 277212.34, "Plan Rows": 331050, "Plan Width": 21, "Actual Min Startup Time": 2501.69, "Actual Max Startup Time": 2501.69, "Actual Min Total Time": 2861.865, "Actual Max Total Time": 2861.865, "Actual Total Rows": 669, "Inner Unique": false, "Hash Cond": "(mi.movie_id = t.id), (LLVM Optimized, Jit Execute)", "Plans": [{"Node Type": "Streaming(type: LOCAL GATHER dop: 1/64)", "Parent Relationship": "Outer", "Startup Cost": 0.0, "Total Cost": 85529.75, "Plan Rows": 726375, "Plan Width": 8, "Actual Min Startup Time": 0.158, "Actual Max Startup Time": 0.158, "Actual Min Total Time": 218.045, "Actual Max Total Time": 218.045, "Actual Total Rows": 706674, "Plans": [{"Node Type": "Seq Scan", "Parent Relationship": "Outer", "Relation Name": "movie_info", "Alias": "mi", "Startup Cost": 0.0, "Total Cost": 70544.72, "Plan Rows": 726375, "Plan Width": 8, "Actual Min Startup Time": 0.04, "Actual Max Startup Time": 3.309, "Actual Min Total Time": 121.222, "Actual Max Total Time": 141.902, "Actual Total Rows": 706674, "Filter": "((info)::text = ANY ('{Sweden,Norway,Germany,Denmark,Swedish,Denish,Norwegian,German,USA,American}'::text[]))", "Rows Removed by Filter": 14129045}]}, {"Node Type": "Hash", "Parent Relationship": "Inner", "Startup Cost": 183666.12, "Total Cost": 183666.12, "Plan Rows": 289936, "Plan Width": 25, "Actual Min Startup Time": 2495.521, "Actual Max Startup Time": 2495.521, "Actual Min Total Time": 2495.521, "Actual Max Total Time": 2495.521, "Actual Total Rows": 767, "Max Hash Buckets": 524288, "Min Hash Buckets": 524288, "Max Hash Batches": 1, "Min Hash Batches": 1, "Max Original Hash Batches": 1, "Min Original Hash Batches": 1, "Max Peak Memory Usage": 45, "min Peak Memory Usage": 45, "Plans": [{"Node Type": "Hash Join", "Parent Relationship": "Outer", "Join Type": "Inner", "Startup Cost": 121977.26, "Total Cost": 183666.12, "Plan Rows": 289936, "Plan Width": 25, "Actual Min Startup Time": 2159.015, "Actual Max Startup Time": 2159.015, "Actual Min Total Time": 2495.106, "Actual Max Total Time": 2495.106, "Actual Total Rows": 767, "Inner Unique": true, "Hash Cond": "(mc.movie_id = t.id), (LLVM Optimized, Jit Execute)", "Plans": [{"Node Type": "Hash Join", "Parent Relationship": "Outer", "Join Type": "Inner", "Startup Cost": 1.05, "Total Cost": 58005.76, "Plan Rows": 209278, "Plan Width": 4, "Actual Min Startup Time": 793.946, "Actual Max Startup Time": 793.946, "Actual Min Total Time": 1129.362, "Actual Max Total Time": 1129.362, "Actual Total Rows": 798, "Inner Unique": true, "Hash Cond": "(mc.company_type_id = ct.id), (LLVM Optimized, Jit Execute)", "Plans": [{"Node Type": "Seq Scan", "Parent Relationship": "Outer", "Relation Name": "movie_companies", "Alias": "mc", "Startup Cost": 0.0, "Total Cost": 54862.92, "Plan Rows": 418557, "Plan Width": 8, "Actual Min Startup Time": 0.053, "Actual Max Startup Time": 0.053, "Actual Min Total Time": 1077.451, "Actual Max Total Time": 1077.451, "Actual Total Rows": 295628, "Filter": "(((note)::text !~~ '%(TV)%'::text) AND ((note)::text ~~ '%(USA)%'::text)), (LLVM Optimized, Jit Execute)", "Rows Removed by Filter": 2313500}, {"Node Type": "Hash", "Parent Relationship": "Inner", "Startup Cost": 1.04, "Total Cost": 1.04, "Plan Rows": 1, "Plan Width": 4, "Actual Min Startup Time": 0.032, "Actual Max Startup Time": 0.032, "Actual Min Total Time": 0.032, "Actual Max Total Time": 0.032, "Actual Total Rows": 1, "Max Hash Buckets": 32768, "Min Hash Buckets": 32768, "Max Hash Batches": 1, "Min Hash Batches": 1, "Max Original Hash Batches": 1, "Min Original Hash Batches": 1, "Max Peak Memory Usage": 1, "min Peak Memory Usage": 1, "Plans": [{"Node Type": "Seq Scan", "Parent Relationship": "Outer", "Relation Name": "company_type", "Alias": "ct", "Startup Cost": 0.0, "Total Cost": 1.04, "Plan Rows": 1, "Plan Width": 4, "Actual Min Startup Time": 0.024, "Actual Max Startup Time": 0.024, "Actual Min Total Time": 0.027, "Actual Max Total Time": 0.027, "Actual Total Rows": 1, "Filter": "((kind)::text = 'production companies'::text)", "Rows Removed by Filter": 2}]}]}, {"Node Type": "Hash", "Parent Relationship": "Inner", "Startup Cost": 100115.71, "Total Cost": 100115.71, "Plan Rows": 1748840, "Plan Width": 21, "Actual Min Startup Time": 1363.436, "Actual Max Startup Time": 1363.436, "Actual Min Total Time": 1363.436, "Actual Max Total Time": 1363.436, "Actual Total Rows": 1749032, "Max Hash Buckets": 2097152, "Min Hash Buckets": 2097152, "Max Hash Batches": 1, "Min Hash Batches": 1, "Max Original Hash Batches": 1, "Min Original Hash Batches": 1, "Max Peak Memory Usage": 93635, "min Peak Memory Usage": 93635, "Plans": [{"Node Type": "Streaming(type: LOCAL GATHER dop: 1/64)", "Parent Relationship": "Outer", "Startup Cost": 0.0, "Total Cost": 100115.71, "Plan Rows": 1748840, "Plan Width": 21, "Actual Min Startup Time": 111.075, "Actual Max Startup Time": 111.075, "Actual Min Total Time": 745.821, "Actual Max Total Time": 745.821, "Actual Total Rows": 1749032, "Plans": [{"Node Type": "Seq Scan", "Parent Relationship": "Outer", "Relation Name": "title", "Alias": "t", "Startup Cost": 0.0, "Total Cost": 64037.34, "Plan Rows": 1748840, "Plan Width": 21, "Actual Min Startup Time": 0.025, "Actual Max Startup Time": 0.049, "Actual Min Total Time": 15.077, "Actual Max Total Time": 19.374, "Actual Total Rows": 1749032, "Filter": "(production_year > 1990), (LLVM Optimized, Jit Execute)", "Rows Removed by Filter": 779279}]}]}]}]}]}, {"Node Type": "Hash", "Parent Relationship": "Inner", "Startup Cost": 2.12, "Total Cost": 2.12, "Plan Rows": 112, "Plan Width": 4, "Actual Min Startup Time": 0.133, "Actual Max Startup Time": 0.133, "Actual Min Total Time": 0.133, "Actual Max Total Time": 0.133, "Actual Total Rows": 112, "Max Hash Buckets": 32768, "Min Hash Buckets": 32768, "Max Hash Batches": 1, "Min Hash Batches": 1, "Max Original Hash Batches": 1, "Min Original Hash Batches": 1, "Max Peak Memory Usage": 4, "min Peak Memory Usage": 4, "Plans": [{"Node Type": "Seq Scan", "Parent Relationship": "Outer", "Relation Name": "info_type", "Alias": "it", "Startup Cost": 0.0, "Total Cost": 2.12, "Plan Rows": 112, "Plan Width": 4, "Actual Min Startup Time": 0.056, "Actual Max Startup Time": 0.056, "Actual Min Total Time": 0.079, "Actual Max Total Time": 0.079, "Actual Total Rows": 112}]}]}]}, "Triggers": [], "Planner Runtime": 19.742, "Total Runtime": 2897.891, "Unique SQL Id": 322094867}}, "(64, 109)": {"explain_plan": {"Plan": {"Node Type": "Aggregate", "Strategy": "Plain", "Startup Cost": 467462.25, "Total Cost": 467462.26, "Plan Rows": 1, "Plan Width": 49, "Plans": [{"Node Type": "Hash Join", "Parent Relationship": "Outer", "Join Type": "Inner", "Startup Cost": 138317.1, "Total Cost": 466634.62, "Plan Rows": 331050, "Plan Width": 17, "Inner Unique": true, "Hash Cond": "(mi.info_type_id = it.id), (LLVM Optimized)", "Plans": [{"Node Type": "Nested Loop", "Parent Relationship": "Outer", "Join Type": "Inner", "Startup Cost": 138301.77, "Total Cost": 462249.43, "Plan Rows": 331050, "Plan Width": 21, "Inner Unique": false, "Plans": [{"Node Type": "Hash Join", "Parent Relationship": "Outer", "Join Type": "Inner", "Startup Cost": 138301.77, "Total Cost": 203731.36, "Plan Rows": 289936, "Plan Width": 25, "Inner Unique": true, "Hash Cond": "(mc.movie_id = t.id), (LLVM Optimized)", "Plans": [{"Node Type": "Nested Loop", "Parent Relationship": "Outer", "Join Type": "Inner", "Startup Cost": 0.0, "Total Cost": 61745.44, "Plan Rows": 209278, "Plan Width": 4, "Inner Unique": false, "Plans": [{"Node Type": "Index Scan", "Parent Relationship": "Outer", "Scan Direction": "Forward", "Index Name": "company_type_pkey", "Relation Name": "company_type", "Alias": "ct", "Startup Cost": 0.0, "Total Cost": 12.3, "Plan Rows": 1, "Plan Width": 4, "Filter": "((kind)::text = 'production companies'::text)"}, {"Node Type": "Index Scan", "Parent Relationship": "Inner", "Scan Direction": "Forward", "Index Name": "company_type_id_movie_companies", "Relation Name": "movie_companies", "Alias": "mc", "Startup Cost": 0.0, "Total Cost": 59640.35, "Plan Rows": 209279, "Plan Width": 8, "Index Cond": "(company_type_id = ct.id), (LLVM Optimized)", "Filter": "(((note)::text !~~ '%(TV)%'::text) AND ((note)::text ~~ '%(USA)%'::text)), (LLVM Optimized)"}]}, {"Node Type": "Hash", "Parent Relationship": "Inner", "Startup Cost": 116441.27, "Total Cost": 116441.27, "Plan Rows": 1748840, "Plan Width": 21, "Plans": [{"Node Type": "Index Scan", "Parent Relationship": "Outer", "Scan Direction": "Forward", "Index Name": "title_pkey", "Relation Name": "title", "Alias": "t", "Startup Cost": 0.0, "Total Cost": 116441.27, "Plan Rows": 1748840, "Plan Width": 21, "Filter": "(production_year > 1990), (LLVM Optimized)"}]}]}, {"Node Type": "Index Scan", "Parent Relationship": "Inner", "Scan Direction": "Forward", "Index Name": "movie_id_movie_info", "Relation Name": "movie_info", "Alias": "mi", "Startup Cost": 0.0, "Total Cost": 0.88, "Plan Rows": 1, "Plan Width": 8, "Index Cond": "(movie_id = t.id)", "Filter": "((info)::text = ANY ('{Sweden,Norway,Germany,Denmark,Swedish,Denish,Norwegian,German,USA,American}'::text[]))"}]}, {"Node Type": "Hash", "Parent Relationship": "Inner", "Startup Cost": 13.93, "Total Cost": 13.93, "Plan Rows": 112, "Plan Width": 4, "Plans": [{"Node Type": "Index Scan", "Parent Relationship": "Outer", "Scan Direction": "Forward", "Index Name": "info_type_pkey", "Relation Name": "info_type", "Alias": "it", "Startup Cost": 0.0, "Total Cost": 13.93, "Plan Rows": 112, "Plan Width": 4}]}]}]}, "Unique SQL Id": 322094867}, "explain_analyze_plan": {"Plan": {"Node Type": "Aggregate", "Strategy": "Plain", "Startup Cost": 467462.25, "Total Cost": 467462.26, "Plan Rows": 1, "Plan Width": 49, "Actual Startup Time": 4755.137, "Actual Total Time": 4755.137, "Actual Rows": 1, "Actual Loops": 1, "Plans": [{"Node Type": "Hash Join", "Parent Relationship": "Outer", "Join Type": "Inner", "Startup Cost": 138317.1, "Total Cost": 466634.62, "Plan Rows": 331050, "Plan Width": 17, "Actual Startup Time": 4097.447, "Actual Total Time": 4754.593, "Actual Rows": 669, "Actual Loops": 1, "Inner Unique": true, "Hash Cond": "(mi.info_type_id = it.id), (LLVM Optimized, Jit Execute)", "Plans": [{"Node Type": "Nested Loop", "Parent Relationship": "Outer", "Join Type": "Inner", "Startup Cost": 138301.77, "Total Cost": 462249.43, "Plan Rows": 331050, "Plan Width": 21, "Actual Startup Time": 4097.296, "Actual Total Time": 4754.032, "Actual Rows": 669, "Actual Loops": 1, "Inner Unique": false, "Plans": [{"Node Type": "Hash Join", "Parent Relationship": "Outer", "Join Type": "Inner", "Startup Cost": 138301.77, "Total Cost": 203731.36, "Plan Rows": 289936, "Plan Width": 25, "Actual Startup Time": 4097.236, "Actual Total Time": 4727.0, "Actual Rows": 767, "Actual Loops": 1, "Inner Unique": true, "Hash Cond": "(mc.movie_id = t.id), (LLVM Optimized, Jit Execute)", "Plans": [{"Node Type": "Nested Loop", "Parent Relationship": "Outer", "Join Type": "Inner", "Startup Cost": 0.0, "Total Cost": 61745.44, "Plan Rows": 209278, "Plan Width": 4, "Actual Startup Time": 9.617, "Actual Total Time": 638.617, "Actual Rows": 798, "Actual Loops": 1, "Inner Unique": false, "Plans": [{"Node Type": "Index Scan", "Parent Relationship": "Outer", "Scan Direction": "Forward", "Index Name": "company_type_pkey", "Relation Name": "company_type", "Alias": "ct", "Startup Cost": 0.0, "Total Cost": 12.3, "Plan Rows": 1, "Plan Width": 4, "Actual Startup Time": 0.009, "Actual Total Time": 0.024, "Actual Rows": 1, "Actual Loops": 1, "Filter": "((kind)::text = 'production companies'::text)", "Rows Removed by Filter": 2}, {"Node Type": "Index Scan", "Parent Relationship": "Inner", "Scan Direction": "Forward", "Index Name": "company_type_id_movie_companies", "Relation Name": "movie_companies", "Alias": "mc", "Startup Cost": 0.0, "Total Cost": 59640.35, "Plan Rows": 209279, "Plan Width": 8, "Actual Startup Time": 9.603, "Actual Total Time": 638.328, "Actual Rows": 798, "Actual Loops": 1, "Index Cond": "(company_type_id = ct.id), (LLVM Optimized, Jit Execute)", "Rows Removed by Index Recheck": 0, "Filter": "(((note)::text !~~ '%(TV)%'::text) AND ((note)::text ~~ '%(USA)%'::text)), (LLVM Optimized, Jit Execute)", "Rows Removed by Filter": 1334085}]}, {"Node Type": "Hash", "Parent Relationship": "Inner", "Startup Cost": 116441.27, "Total Cost": 116441.27, "Plan Rows": 1748840, "Plan Width": 21, "Actual Startup Time": 4086.382, "Actual Total Time": 4086.382, "Actual Rows": 1749032, "Actual Loops": 1, "Hash Buckets": 2097152, "Hash Batches": 1, "Original Hash Batches": 1, "Peak Memory Usage": 93635, "Plans": [{"Node Type": "Index Scan", "Parent Relationship": "Outer", "Scan Direction": "Forward", "Index Name": "title_pkey", "Relation Name": "title", "Alias": "t", "Startup Cost": 0.0, "Total Cost": 116441.27, "Plan Rows": 1748840, "Plan Width": 21, "Actual Startup Time": 0.042, "Actual Total Time": 3211.25, "Actual Rows": 1749032, "Actual Loops": 1, "Filter": "(production_year > 1990), (LLVM Optimized, Jit Execute)", "Rows Removed by Filter": 779279}]}]}, {"Node Type": "Index Scan", "Parent Relationship": "Inner", "Scan Direction": "Forward", "Index Name": "movie_id_movie_info", "Relation Name": "movie_info", "Alias": "mi", "Startup Cost": 0.0, "Total Cost": 0.88, "Plan Rows": 1, "Plan Width": 8, "Actual Startup Time": 19.498, "Actual Total Time": 22.215, "Actual Rows": 669, "Actual Loops": 767, "Index Cond": "(movie_id = t.id)", "Rows Removed by Index Recheck": 0, "Filter": "((info)::text = ANY ('{Sweden,Norway,Germany,Denmark,Swedish,Denish,Norwegian,German,USA,American}'::text[]))", "Rows Removed by Filter": 7721}]}, {"Node Type": "Hash", "Parent Relationship": "Inner", "Startup Cost": 13.93, "Total Cost": 13.93, "Plan Rows": 112, "Plan Width": 4, "Actual Startup Time": 0.107, "Actual Total Time": 0.107, "Actual Rows": 112, "Actual Loops": 1, "Hash Buckets": 32768, "Hash Batches": 1, "Original Hash Batches": 1, "Peak Memory Usage": 4, "Plans": [{"Node Type": "Index Scan", "Parent Relationship": "Outer", "Scan Direction": "Forward", "Index Name": "info_type_pkey", "Relation Name": "info_type", "Alias": "it", "Startup Cost": 0.0, "Total Cost": 13.93, "Plan Rows": 112, "Plan Width": 4, "Actual Startup Time": 0.024, "Actual Total Time": 0.071, "Actual Rows": 112, "Actual Loops": 1}]}]}]}, "Triggers": [], "Planner Runtime": 7.547, "Total Runtime": 4765.546, "Unique SQL Id": 322094867}}, "(64, 110)": {"explain_plan": {"Plan": {"Node Type": "Aggregate", "Strategy": "Plain", "Startup Cost": 282595.42, "Total Cost": 282595.43, "Plan Rows": 1, "Plan Width": 49, "Plans": [{"Node Type": "Hash Join", "Parent Relationship": "Outer", "Join Type": "Inner", "Startup Cost": 187293.84, "Total Cost": 281767.79, "Plan Rows": 331050, "Plan Width": 17, "Inner Unique": true, "Hash Cond": "(mi.info_type_id = it.id), (LLVM Optimized)", "Plans": [{"Node Type": "Hash Join", "Parent Relationship": "Outer", "Join Type": "Inner", "Startup Cost": 187290.32, "Total Cost": 277212.34, "Plan Rows": 331050, "Plan Width": 21, "Inner Unique": false, "Hash Cond": "(mi.movie_id = t.id), (LLVM Optimized)", "Plans": [{"Node Type": "Streaming(type: LOCAL GATHER dop: 1/64)", "Parent Relationship": "Outer", "Startup Cost": 0.0, "Total Cost": 85529.75, "Plan Rows": 726375, "Plan Width": 8, "Plans": [{"Node Type": "Seq Scan", "Parent Relationship": "Outer", "Relation Name": "movie_info", "Alias": "mi", "Startup Cost": 0.0, "Total Cost": 70544.72, "Plan Rows": 726375, "Plan Width": 8, "Filter": "((info)::text = ANY ('{Sweden,Norway,Germany,Denmark,Swedish,Denish,Norwegian,German,USA,American}'::text[]))"}]}, {"Node Type": "Hash", "Parent Relationship": "Inner", "Startup Cost": 183666.12, "Total Cost": 183666.12, "Plan Rows": 289936, "Plan Width": 25, "Plans": [{"Node Type": "Hash Join", "Parent Relationship": "Outer", "Join Type": "Inner", "Startup Cost": 121977.26, "Total Cost": 183666.12, "Plan Rows": 289936, "Plan Width": 25, "Inner Unique": true, "Hash Cond": "(mc.movie_id = t.id), (LLVM Optimized)", "Plans": [{"Node Type": "Hash Join", "Parent Relationship": "Outer", "Join Type": "Inner", "Startup Cost": 1.05, "Total Cost": 58005.76, "Plan Rows": 209278, "Plan Width": 4, "Inner Unique": true, "Hash Cond": "(mc.company_type_id = ct.id), (LLVM Optimized)", "Plans": [{"Node Type": "Seq Scan", "Parent Relationship": "Outer", "Relation Name": "movie_companies", "Alias": "mc", "Startup Cost": 0.0, "Total Cost": 54862.92, "Plan Rows": 418557, "Plan Width": 8, "Filter": "(((note)::text !~~ '%(TV)%'::text) AND ((note)::text ~~ '%(USA)%'::text)), (LLVM Optimized)"}, {"Node Type": "Hash", "Parent Relationship": "Inner", "Startup Cost": 1.04, "Total Cost": 1.04, "Plan Rows": 1, "Plan Width": 4, "Plans": [{"Node Type": "Seq Scan", "Parent Relationship": "Outer", "Relation Name": "company_type", "Alias": "ct", "Startup Cost": 0.0, "Total Cost": 1.04, "Plan Rows": 1, "Plan Width": 4, "Filter": "((kind)::text = 'production companies'::text)"}]}]}, {"Node Type": "Hash", "Parent Relationship": "Inner", "Startup Cost": 100115.71, "Total Cost": 100115.71, "Plan Rows": 1748840, "Plan Width": 21, "Plans": [{"Node Type": "Streaming(type: LOCAL GATHER dop: 1/64)", "Parent Relationship": "Outer", "Startup Cost": 0.0, "Total Cost": 100115.71, "Plan Rows": 1748840, "Plan Width": 21, "Plans": [{"Node Type": "Seq Scan", "Parent Relationship": "Outer", "Relation Name": "title", "Alias": "t", "Startup Cost": 0.0, "Total Cost": 64037.34, "Plan Rows": 1748840, "Plan Width": 21, "Filter": "(production_year > 1990), (LLVM Optimized)"}]}]}]}]}]}, {"Node Type": "Hash", "Parent Relationship": "Inner", "Startup Cost": 2.12, "Total Cost": 2.12, "Plan Rows": 112, "Plan Width": 4, "Plans": [{"Node Type": "Seq Scan", "Parent Relationship": "Outer", "Relation Name": "info_type", "Alias": "it", "Startup Cost": 0.0, "Total Cost": 2.12, "Plan Rows": 112, "Plan Width": 4}]}]}]}, "Unique SQL Id": 322094867}, "explain_analyze_plan": {"Plan": {"Node Type": "Aggregate", "Strategy": "Plain", "Startup Cost": 282595.42, "Total Cost": 282595.43, "Plan Rows": 1, "Plan Width": 49, "Actual Min Startup Time": 2863.059, "Actual Max Startup Time": 2863.059, "Actual Min Total Time": 2863.059, "Actual Max Total Time": 2863.059, "Actual Total Rows": 1, "Plans": [{"Node Type": "Hash Join", "Parent Relationship": "Outer", "Join Type": "Inner", "Startup Cost": 187293.84, "Total Cost": 281767.79, "Plan Rows": 331050, "Plan Width": 17, "Actual Min Startup Time": 2501.901, "Actual Max Startup Time": 2501.901, "Actual Min Total Time": 2862.568, "Actual Max Total Time": 2862.568, "Actual Total Rows": 669, "Inner Unique": true, "Hash Cond": "(mi.info_type_id = it.id), (LLVM Optimized, Jit Execute)", "Plans": [{"Node Type": "Hash Join", "Parent Relationship": "Outer", "Join Type": "Inner", "Startup Cost": 187290.32, "Total Cost": 277212.34, "Plan Rows": 331050, "Plan Width": 21, "Actual Min Startup Time": 2501.69, "Actual Max Startup Time": 2501.69, "Actual Min Total Time": 2861.865, "Actual Max Total Time": 2861.865, "Actual Total Rows": 669, "Inner Unique": false, "Hash Cond": "(mi.movie_id = t.id), (LLVM Optimized, Jit Execute)", "Plans": [{"Node Type": "Streaming(type: LOCAL GATHER dop: 1/64)", "Parent Relationship": "Outer", "Startup Cost": 0.0, "Total Cost": 85529.75, "Plan Rows": 726375, "Plan Width": 8, "Actual Min Startup Time": 0.158, "Actual Max Startup Time": 0.158, "Actual Min Total Time": 218.045, "Actual Max Total Time": 218.045, "Actual Total Rows": 706674, "Plans": [{"Node Type": "Seq Scan", "Parent Relationship": "Outer", "Relation Name": "movie_info", "Alias": "mi", "Startup Cost": 0.0, "Total Cost": 70544.72, "Plan Rows": 726375, "Plan Width": 8, "Actual Min Startup Time": 0.04, "Actual Max Startup Time": 3.309, "Actual Min Total Time": 121.222, "Actual Max Total Time": 141.902, "Actual Total Rows": 706674, "Filter": "((info)::text = ANY ('{Sweden,Norway,Germany,Denmark,Swedish,Denish,Norwegian,German,USA,American}'::text[]))", "Rows Removed by Filter": 14129045}]}, {"Node Type": "Hash", "Parent Relationship": "Inner", "Startup Cost": 183666.12, "Total Cost": 183666.12, "Plan Rows": 289936, "Plan Width": 25, "Actual Min Startup Time": 2495.521, "Actual Max Startup Time": 2495.521, "Actual Min Total Time": 2495.521, "Actual Max Total Time": 2495.521, "Actual Total Rows": 767, "Max Hash Buckets": 524288, "Min Hash Buckets": 524288, "Max Hash Batches": 1, "Min Hash Batches": 1, "Max Original Hash Batches": 1, "Min Original Hash Batches": 1, "Max Peak Memory Usage": 45, "min Peak Memory Usage": 45, "Plans": [{"Node Type": "Hash Join", "Parent Relationship": "Outer", "Join Type": "Inner", "Startup Cost": 121977.26, "Total Cost": 183666.12, "Plan Rows": 289936, "Plan Width": 25, "Actual Min Startup Time": 2159.015, "Actual Max Startup Time": 2159.015, "Actual Min Total Time": 2495.106, "Actual Max Total Time": 2495.106, "Actual Total Rows": 767, "Inner Unique": true, "Hash Cond": "(mc.movie_id = t.id), (LLVM Optimized, Jit Execute)", "Plans": [{"Node Type": "Hash Join", "Parent Relationship": "Outer", "Join Type": "Inner", "Startup Cost": 1.05, "Total Cost": 58005.76, "Plan Rows": 209278, "Plan Width": 4, "Actual Min Startup Time": 793.946, "Actual Max Startup Time": 793.946, "Actual Min Total Time": 1129.362, "Actual Max Total Time": 1129.362, "Actual Total Rows": 798, "Inner Unique": true, "Hash Cond": "(mc.company_type_id = ct.id), (LLVM Optimized, Jit Execute)", "Plans": [{"Node Type": "Seq Scan", "Parent Relationship": "Outer", "Relation Name": "movie_companies", "Alias": "mc", "Startup Cost": 0.0, "Total Cost": 54862.92, "Plan Rows": 418557, "Plan Width": 8, "Actual Min Startup Time": 0.053, "Actual Max Startup Time": 0.053, "Actual Min Total Time": 1077.451, "Actual Max Total Time": 1077.451, "Actual Total Rows": 295628, "Filter": "(((note)::text !~~ '%(TV)%'::text) AND ((note)::text ~~ '%(USA)%'::text)), (LLVM Optimized, Jit Execute)", "Rows Removed by Filter": 2313500}, {"Node Type": "Hash", "Parent Relationship": "Inner", "Startup Cost": 1.04, "Total Cost": 1.04, "Plan Rows": 1, "Plan Width": 4, "Actual Min Startup Time": 0.032, "Actual Max Startup Time": 0.032, "Actual Min Total Time": 0.032, "Actual Max Total Time": 0.032, "Actual Total Rows": 1, "Max Hash Buckets": 32768, "Min Hash Buckets": 32768, "Max Hash Batches": 1, "Min Hash Batches": 1, "Max Original Hash Batches": 1, "Min Original Hash Batches": 1, "Max Peak Memory Usage": 1, "min Peak Memory Usage": 1, "Plans": [{"Node Type": "Seq Scan", "Parent Relationship": "Outer", "Relation Name": "company_type", "Alias": "ct", "Startup Cost": 0.0, "Total Cost": 1.04, "Plan Rows": 1, "Plan Width": 4, "Actual Min Startup Time": 0.024, "Actual Max Startup Time": 0.024, "Actual Min Total Time": 0.027, "Actual Max Total Time": 0.027, "Actual Total Rows": 1, "Filter": "((kind)::text = 'production companies'::text)", "Rows Removed by Filter": 2}]}]}, {"Node Type": "Hash", "Parent Relationship": "Inner", "Startup Cost": 100115.71, "Total Cost": 100115.71, "Plan Rows": 1748840, "Plan Width": 21, "Actual Min Startup Time": 1363.436, "Actual Max Startup Time": 1363.436, "Actual Min Total Time": 1363.436, "Actual Max Total Time": 1363.436, "Actual Total Rows": 1749032, "Max Hash Buckets": 2097152, "Min Hash Buckets": 2097152, "Max Hash Batches": 1, "Min Hash Batches": 1, "Max Original Hash Batches": 1, "Min Original Hash Batches": 1, "Max Peak Memory Usage": 93635, "min Peak Memory Usage": 93635, "Plans": [{"Node Type": "Streaming(type: LOCAL GATHER dop: 1/64)", "Parent Relationship": "Outer", "Startup Cost": 0.0, "Total Cost": 100115.71, "Plan Rows": 1748840, "Plan Width": 21, "Actual Min Startup Time": 111.075, "Actual Max Startup Time": 111.075, "Actual Min Total Time": 745.821, "Actual Max Total Time": 745.821, "Actual Total Rows": 1749032, "Plans": [{"Node Type": "Seq Scan", "Parent Relationship": "Outer", "Relation Name": "title", "Alias": "t", "Startup Cost": 0.0, "Total Cost": 64037.34, "Plan Rows": 1748840, "Plan Width": 21, "Actual Min Startup Time": 0.025, "Actual Max Startup Time": 0.049, "Actual Min Total Time": 15.077, "Actual Max Total Time": 19.374, "Actual Total Rows": 1749032, "Filter": "(production_year > 1990), (LLVM Optimized, Jit Execute)", "Rows Removed by Filter": 779279}]}]}]}]}]}, {"Node Type": "Hash", "Parent Relationship": "Inner", "Startup Cost": 2.12, "Total Cost": 2.12, "Plan Rows": 112, "Plan Width": 4, "Actual Min Startup Time": 0.133, "Actual Max Startup Time": 0.133, "Actual Min Total Time": 0.133, "Actual Max Total Time": 0.133, "Actual Total Rows": 112, "Max Hash Buckets": 32768, "Min Hash Buckets": 32768, "Max Hash Batches": 1, "Min Hash Batches": 1, "Max Original Hash Batches": 1, "Min Original Hash Batches": 1, "Max Peak Memory Usage": 4, "min Peak Memory Usage": 4, "Plans": [{"Node Type": "Seq Scan", "Parent Relationship": "Outer", "Relation Name": "info_type", "Alias": "it", "Startup Cost": 0.0, "Total Cost": 2.12, "Plan Rows": 112, "Plan Width": 4, "Actual Min Startup Time": 0.056, "Actual Max Startup Time": 0.056, "Actual Min Total Time": 0.079, "Actual Max Total Time": 0.079, "Actual Total Rows": 112}]}]}]}, "Triggers": [], "Planner Runtime": 19.742, "Total Runtime": 2897.891, "Unique SQL Id": 322094867}}, "(64, 111)": {"explain_plan": {"Plan": {"Node Type": "Aggregate", "Strategy": "Plain", "Startup Cost": 5000140661290.37, "Total Cost": 5000140661290.38, "Plan Rows": 1, "Plan Width": 49, "Plans": [{"Node Type": "Hash Join", "Parent Relationship": "Outer", "Join Type": "Inner", "Startup Cost": 3020133947872.37, "Total Cost": 5000140660462.75, "Plan Rows": 331050, "Plan Width": 17, "Inner Unique": true, "Hash Cond": "(mi.movie_id = t.id), (LLVM Optimized)", "Plans": [{"Node Type": "Hash Join", "Parent Relationship": "Outer", "Join Type": "Inner", "Startup Cost": 2020122281885.21, "Total Cost": 4000128990269.0, "Plan Rows": 238955, "Plan Width": 8, "Inner Unique": true, "Hash Cond": "(mi.info_type_id = it.id), (LLVM Optimized)", "Plans": [{"Node Type": "Hash Join", "Parent Relationship": "Outer", "Join Type": "Inner", "Startup Cost": 1020122280490.81, "Total Cost": 3000128985588.97, "Plan Rows": 238955, "Plan Width": 12, "Inner Unique": false, "Hash Cond": "(mc.movie_id = mi.movie_id), (LLVM Optimized)", "Plans": [{"Node Type": "Nested Loop", "Parent Relationship": "Outer", "Join Type": "Inner", "Startup Cost": 20000000000.0, "Total Cost": 2000005967358.04, "Plan Rows": 209278, "Plan Width": 4, "Inner Unique": false, "Plans": [{"Node Type": "Index Scan", "Parent Relationship": "Outer", "Scan Direction": "Forward", "Index Name": "company_type_pkey", "Relation Name": "company_type", "Alias": "ct", "Startup Cost": 10000000000.0, "Total Cost": 1000000001230.25, "Plan Rows": 1, "Plan Width": 4, "Filter": "((kind)::text = 'production companies'::text)"}, {"Node Type": "Index Scan", "Parent Relationship": "Inner", "Scan Direction": "Forward", "Index Name": "company_type_id_movie_companies", "Relation Name": "movie_companies", "Alias": "mc", "Startup Cost": 10000000000.0, "Total Cost": 1000005964035.0, "Plan Rows": 209279, "Plan Width": 8, "Index Cond": "(company_type_id = ct.id), (LLVM Optimized)", "Filter": "(((note)::text !~~ '%(TV)%'::text) AND ((note)::text ~~ '%(USA)%'::text)), (LLVM Optimized)"}]}, {"Node Type": "Hash", "Parent Relationship": "Inner", "Startup Cost": 1000122271411.12, "Total Cost": 1000122271411.12, "Plan Rows": 726375, "Plan Width": 8, "Plans": [{"Node Type": "Index Scan", "Parent Relationship": "Outer", "Scan Direction": "Forward", "Index Name": "info_type_id_movie_info", "Relation Name": "movie_info", "Alias": "mi", "Startup Cost": 10000000000.0, "Total Cost": 1000122271411.12, "Plan Rows": 726375, "Plan Width": 8, "Filter": "((info)::text = ANY ('{Sweden,Norway,Germany,Denmark,Swedish,Denish,Norwegian,German,USA,American}'::text[]))"}]}]}, {"Node Type": "Hash", "Parent Relationship": "Inner", "Startup Cost": 1000000001393.0, "Total Cost": 1000000001393.0, "Plan Rows": 112, "Plan Width": 4, "Plans": [{"Node Type": "Index Scan", "Parent Relationship": "Outer", "Scan Direction": "Forward", "Index Name": "info_type_pkey", "Relation Name": "info_type", "Alias": "it", "Startup Cost": 10000000000.0, "Total Cost": 1000000001393.0, "Plan Rows": 112, "Plan Width": 4}]}]}, {"Node Type": "Hash", "Parent Relationship": "Inner", "Startup Cost": 1000011644126.66, "Total Cost": 1000011644126.66, "Plan Rows": 1748840, "Plan Width": 21, "Plans": [{"Node Type": "Index Scan", "Parent Relationship": "Outer", "Scan Direction": "Forward", "Index Name": "title_pkey", "Relation Name": "title", "Alias": "t", "Startup Cost": 10000000000.0, "Total Cost": 1000011644126.66, "Plan Rows": 1748840, "Plan Width": 21, "Filter": "(production_year > 1990), (LLVM Optimized)"}]}]}]}, "Unique SQL Id": 322094867}, "explain_analyze_plan": null}, "(64, 112)": {"explain_plan": {"Plan": {"Node Type": "Aggregate", "Strategy": "Plain", "Startup Cost": 559338.09, "Total Cost": 559338.1, "Plan Rows": 1, "Plan Width": 49, "Plans": [{"Node Type": "Nested Loop", "Parent Relationship": "Outer", "Join Type": "Inner", "Startup Cost": 0.0, "Total Cost": 558510.46, "Plan Rows": 331050, "Plan Width": 17, "Inner Unique": true, "Plans": [{"Node Type": "Nested Loop", "Parent Relationship": "Outer", "Join Type": "Inner", "Startup Cost": 0.0, "Total Cost": 465812.82, "Plan Rows": 331050, "Plan Width": 21, "Inner Unique": false, "Plans": [{"Node Type": "Nested Loop", "Parent Relationship": "Outer", "Join Type": "Inner", "Startup Cost": 0.0, "Total Cost": 207294.74, "Plan Rows": 289936, "Plan Width": 25, "Inner Unique": true, "Plans": [{"Node Type": "Nested Loop", "Parent Relationship": "Outer", "Join Type": "Inner", "Startup Cost": 0.0, "Total Cost": 60095.92, "Plan Rows": 209278, "Plan Width": 4, "Inner Unique": false, "Join Filter": "(ct.id = mc.company_type_id), (LLVM Optimized)", "Plans": [{"Node Type": "Seq Scan", "Parent Relationship": "Outer", "Relation Name": "company_type", "Alias": "ct", "Startup Cost": 0.0, "Total Cost": 1.04, "Plan Rows": 1, "Plan Width": 4, "Filter": "((kind)::text = 'production companies'::text)"}, {"Node Type": "Seq Scan", "Parent Relationship": "Inner", "Relation Name": "movie_companies", "Alias": "mc", "Startup Cost": 0.0, "Total Cost": 54862.92, "Plan Rows": 418557, "Plan Width": 8, "Filter": "(((note)::text !~~ '%(TV)%'::text) AND ((note)::text ~~ '%(USA)%'::text)), (LLVM Optimized)"}]}, {"Node Type": "Index Scan", "Parent Relationship": "Inner", "Scan Direction": "Forward", "Index Name": "title_pkey", "Relation Name": "title", "Alias": "t", "Startup Cost": 0.0, "Total Cost": 0.69, "Plan Rows": 1, "Plan Width": 21, "Index Cond": "(id = mc.movie_id)", "Filter": "(production_year > 1990)"}]}, {"Node Type": "Index Scan", "Parent Relationship": "Inner", "Scan Direction": "Forward", "Index Name": "movie_id_movie_info", "Relation Name": "movie_info", "Alias": "mi", "Startup Cost": 0.0, "Total Cost": 0.88, "Plan Rows": 1, "Plan Width": 8, "Index Cond": "(movie_id = t.id)", "Filter": "((info)::text = ANY ('{Sweden,Norway,Germany,Denmark,Swedish,Denish,Norwegian,German,USA,American}'::text[]))"}]}, {"Node Type": "Index Only Scan", "Parent Relationship": "Inner", "Scan Direction": "Forward", "Index Name": "info_type_pkey", "Relation Name": "info_type", "Alias": "it", "Startup Cost": 0.0, "Total Cost": 0.27, "Plan Rows": 1, "Plan Width": 4, "Index Cond": "(id = mi.info_type_id)"}]}]}, "Unique SQL Id": 322094867}, "explain_analyze_plan": {"Plan": {"Node Type": "Aggregate", "Strategy": "Plain", "Startup Cost": 559338.09, "Total Cost": 559338.1, "Plan Rows": 1, "Plan Width": 49, "Actual Startup Time": 1293.678, "Actual Total Time": 1293.678, "Actual Rows": 1, "Actual Loops": 1, "Plans": [{"Node Type": "Nested Loop", "Parent Relationship": "Outer", "Join Type": "Inner", "Startup Cost": 0.0, "Total Cost": 558510.46, "Plan Rows": 331050, "Plan Width": 17, "Actual Startup Time": 913.508, "Actual Total Time": 1293.16, "Actual Rows": 669, "Actual Loops": 1, "Inner Unique": true, "Plans": [{"Node Type": "Nested Loop", "Parent Relationship": "Outer", "Join Type": "Inner", "Startup Cost": 0.0, "Total Cost": 465812.82, "Plan Rows": 331050, "Plan Width": 21, "Actual Startup Time": 913.494, "Actual Total Time": 1291.84, "Actual Rows": 669, "Actual Loops": 1, "Inner Unique": false, "Plans": [{"Node Type": "Nested Loop", "Parent Relationship": "Outer", "Join Type": "Inner", "Startup Cost": 0.0, "Total Cost": 207294.74, "Plan Rows": 289936, "Plan Width": 25, "Actual Startup Time": 913.466, "Actual Total Time": 1267.389, "Actual Rows": 767, "Actual Loops": 1, "Inner Unique": true, "Plans": [{"Node Type": "Nested Loop", "Parent Relationship": "Outer", "Join Type": "Inner", "Startup Cost": 0.0, "Total Cost": 60095.92, "Plan Rows": 209278, "Plan Width": 4, "Actual Startup Time": 913.398, "Actual Total Time": 1260.262, "Actual Rows": 798, "Actual Loops": 1, "Inner Unique": false, "Join Filter": "(ct.id = mc.company_type_id), (LLVM Optimized, Jit Execute)", "Rows Removed by Join Filter": 294830, "Plans": [{"Node Type": "Seq Scan", "Parent Relationship": "Outer", "Relation Name": "company_type", "Alias": "ct", "Startup Cost": 0.0, "Total Cost": 1.04, "Plan Rows": 1, "Plan Width": 4, "Actual Startup Time": 0.019, "Actual Total Time": 0.023, "Actual Rows": 1, "Actual Loops": 1, "Filter": "((kind)::text = 'production companies'::text)", "Rows Removed by Filter": 2}, {"Node Type": "Seq Scan", "Parent Relationship": "Inner", "Relation Name": "movie_companies", "Alias": "mc", "Startup Cost": 0.0, "Total Cost": 54862.92, "Plan Rows": 418557, "Plan Width": 8, "Actual Startup Time": 0.026, "Actual Total Time": 1197.65, "Actual Rows": 295628, "Actual Loops": 1, "Filter": "(((note)::text !~~ '%(TV)%'::text) AND ((note)::text ~~ '%(USA)%'::text)), (LLVM Optimized, Jit Execute)", "Rows Removed by Filter": 2313500}]}, {"Node Type": "Index Scan", "Parent Relationship": "Inner", "Scan Direction": "Forward", "Index Name": "title_pkey", "Relation Name": "title", "Alias": "t", "Startup Cost": 0.0, "Total Cost": 0.69, "Plan Rows": 1, "Plan Width": 21, "Actual Startup Time": 6.271, "Actual Total Time": 6.271, "Actual Rows": 767, "Actual Loops": 798, "Index Cond": "(id = mc.movie_id)", "Rows Removed by Index Recheck": 0, "Filter": "(production_year > 1990)", "Rows Removed by Filter": 31}]}, {"Node Type": "Index Scan", "Parent Relationship": "Inner", "Scan Direction": "Forward", "Index Name": "movie_id_movie_info", "Relation Name": "movie_info", "Alias": "mi", "Startup Cost": 0.0, "Total Cost": 0.88, "Plan Rows": 1, "Plan Width": 8, "Actual Startup Time": 20.834, "Actual Total Time": 23.78, "Actual Rows": 669, "Actual Loops": 767, "Index Cond": "(movie_id = t.id)", "Rows Removed by Index Recheck": 0, "Filter": "((info)::text = ANY ('{Sweden,Norway,Germany,Denmark,Swedish,Denish,Norwegian,German,USA,American}'::text[]))", "Rows Removed by Filter": 7721}]}, {"Node Type": "Index Only Scan", "Parent Relationship": "Inner", "Scan Direction": "Forward", "Index Name": "info_type_pkey", "Relation Name": "info_type", "Alias": "it", "Startup Cost": 0.0, "Total Cost": 0.27, "Plan Rows": 1, "Plan Width": 4, "Actual Startup Time": 0.706, "Actual Total Time": 0.706, "Actual Rows": 669, "Actual Loops": 669, "Index Cond": "(id = mi.info_type_id)", "Rows Removed by Index Recheck": 0, "Heap Fetches": 0}]}]}, "Triggers": [], "Planner Runtime": 3.845, "Total Runtime": 1303.42, "Unique SQL Id": 322094867}}, "(64, 113)": {"explain_plan": {"Plan": {"Node Type": "Aggregate", "Strategy": "Plain", "Startup Cost": 560987.61, "Total Cost": 560987.62, "Plan Rows": 1, "Plan Width": 49, "Plans": [{"Node Type": "Nested Loop", "Parent Relationship": "Outer", "Join Type": "Inner", "Startup Cost": 0.0, "Total Cost": 560159.98, "Plan Rows": 331050, "Plan Width": 17, "Inner Unique": true, "Plans": [{"Node Type": "Nested Loop", "Parent Relationship": "Outer", "Join Type": "Inner", "Startup Cost": 0.0, "Total Cost": 467462.34, "Plan Rows": 331050, "Plan Width": 21, "Inner Unique": false, "Plans": [{"Node Type": "Nested Loop", "Parent Relationship": "Outer", "Join Type": "Inner", "Startup Cost": 0.0, "Total Cost": 208944.27, "Plan Rows": 289936, "Plan Width": 25, "Inner Unique": true, "Plans": [{"Node Type": "Nested Loop", "Parent Relationship": "Outer", "Join Type": "Inner", "Startup Cost": 0.0, "Total Cost": 61745.44, "Plan Rows": 209278, "Plan Width": 4, "Inner Unique": false, "Plans": [{"Node Type": "Index Scan", "Parent Relationship": "Outer", "Scan Direction": "Forward", "Index Name": "company_type_pkey", "Relation Name": "company_type", "Alias": "ct", "Startup Cost": 0.0, "Total Cost": 12.3, "Plan Rows": 1, "Plan Width": 4, "Filter": "((kind)::text = 'production companies'::text)"}, {"Node Type": "Index Scan", "Parent Relationship": "Inner", "Scan Direction": "Forward", "Index Name": "company_type_id_movie_companies", "Relation Name": "movie_companies", "Alias": "mc", "Startup Cost": 0.0, "Total Cost": 59640.35, "Plan Rows": 209279, "Plan Width": 8, "Index Cond": "(company_type_id = ct.id), (LLVM Optimized)", "Filter": "(((note)::text !~~ '%(TV)%'::text) AND ((note)::text ~~ '%(USA)%'::text)), (LLVM Optimized)"}]}, {"Node Type": "Index Scan", "Parent Relationship": "Inner", "Scan Direction": "Forward", "Index Name": "title_pkey", "Relation Name": "title", "Alias": "t", "Startup Cost": 0.0, "Total Cost": 0.69, "Plan Rows": 1, "Plan Width": 21, "Index Cond": "(id = mc.movie_id)", "Filter": "(production_year > 1990)"}]}, {"Node Type": "Index Scan", "Parent Relationship": "Inner", "Scan Direction": "Forward", "Index Name": "movie_id_movie_info", "Relation Name": "movie_info", "Alias": "mi", "Startup Cost": 0.0, "Total Cost": 0.88, "Plan Rows": 1, "Plan Width": 8, "Index Cond": "(movie_id = t.id)", "Filter": "((info)::text = ANY ('{Sweden,Norway,Germany,Denmark,Swedish,Denish,Norwegian,German,USA,American}'::text[]))"}]}, {"Node Type": "Index Only Scan", "Parent Relationship": "Inner", "Scan Direction": "Forward", "Index Name": "info_type_pkey", "Relation Name": "info_type", "Alias": "it", "Startup Cost": 0.0, "Total Cost": 0.27, "Plan Rows": 1, "Plan Width": 4, "Index Cond": "(id = mi.info_type_id)"}]}]}, "Unique SQL Id": 322094867}, "explain_analyze_plan": {"Plan": {"Node Type": "Aggregate", "Strategy": "Plain", "Startup Cost": 560987.61, "Total Cost": 560987.62, "Plan Rows": 1, "Plan Width": 49, "Actual Startup Time": 791.846, "Actual Total Time": 791.847, "Actual Rows": 1, "Actual Loops": 1, "Plans": [{"Node Type": "Nested Loop", "Parent Relationship": "Outer", "Join Type": "Inner", "Startup Cost": 0.0, "Total Cost": 560159.98, "Plan Rows": 331050, "Plan Width": 17, "Actual Startup Time": 9.819, "Actual Total Time": 791.354, "Actual Rows": 669, "Actual Loops": 1, "Inner Unique": true, "Plans": [{"Node Type": "Nested Loop", "Parent Relationship": "Outer", "Join Type": "Inner", "Startup Cost": 0.0, "Total Cost": 467462.34, "Plan Rows": 331050, "Plan Width": 21, "Actual Startup Time": 9.809, "Actual Total Time": 789.934, "Actual Rows": 669, "Actual Loops": 1, "Inner Unique": false, "Plans": [{"Node Type": "Nested Loop", "Parent Relationship": "Outer", "Join Type": "Inner", "Startup Cost": 0.0, "Total Cost": 208944.27, "Plan Rows": 289936, "Plan Width": 25, "Actual Startup Time": 9.786, "Actual Total Time": 763.201, "Actual Rows": 767, "Actual Loops": 1, "Inner Unique": true, "Plans": [{"Node Type": "Nested Loop", "Parent Relationship": "Outer", "Join Type": "Inner", "Startup Cost": 0.0, "Total Cost": 61745.44, "Plan Rows": 209278, "Plan Width": 4, "Actual Startup Time": 9.76, "Actual Total Time": 755.52, "Actual Rows": 798, "Actual Loops": 1, "Inner Unique": false, "Plans": [{"Node Type": "Index Scan", "Parent Relationship": "Outer", "Scan Direction": "Forward", "Index Name": "company_type_pkey", "Relation Name": "company_type", "Alias": "ct", "Startup Cost": 0.0, "Total Cost": 12.3, "Plan Rows": 1, "Plan Width": 4, "Actual Startup Time": 0.025, "Actual Total Time": 0.032, "Actual Rows": 1, "Actual Loops": 1, "Filter": "((kind)::text = 'production companies'::text)", "Rows Removed by Filter": 2}, {"Node Type": "Index Scan", "Parent Relationship": "Inner", "Scan Direction": "Forward", "Index Name": "company_type_id_movie_companies", "Relation Name": "movie_companies", "Alias": "mc", "Startup Cost": 0.0, "Total Cost": 59640.35, "Plan Rows": 209279, "Plan Width": 8, "Actual Startup Time": 9.731, "Actual Total Time": 755.252, "Actual Rows": 798, "Actual Loops": 1, "Index Cond": "(company_type_id = ct.id), (LLVM Optimized)", "Rows Removed by Index Recheck": 0, "Filter": "(((note)::text !~~ '%(TV)%'::text) AND ((note)::text ~~ '%(USA)%'::text)), (LLVM Optimized)", "Rows Removed by Filter": 1334085}]}, {"Node Type": "Index Scan", "Parent Relationship": "Inner", "Scan Direction": "Forward", "Index Name": "title_pkey", "Relation Name": "title", "Alias": "t", "Startup Cost": 0.0, "Total Cost": 0.69, "Plan Rows": 1, "Plan Width": 21, "Actual Startup Time": 6.74, "Actual Total Time": 6.74, "Actual Rows": 767, "Actual Loops": 798, "Index Cond": "(id = mc.movie_id)", "Rows Removed by Index Recheck": 0, "Filter": "(production_year > 1990)", "Rows Removed by Filter": 31}]}, {"Node Type": "Index Scan", "Parent Relationship": "Inner", "Scan Direction": "Forward", "Index Name": "movie_id_movie_info", "Relation Name": "movie_info", "Alias": "mi", "Startup Cost": 0.0, "Total Cost": 0.88, "Plan Rows": 1, "Plan Width": 8, "Actual Startup Time": 22.838, "Actual Total Time": 26.044, "Actual Rows": 669, "Actual Loops": 767, "Index Cond": "(movie_id = t.id)", "Rows Removed by Index Recheck": 0, "Filter": "((info)::text = ANY ('{Sweden,Norway,Germany,Denmark,Swedish,Denish,Norwegian,German,USA,American}'::text[]))", "Rows Removed by Filter": 7721}]}, {"Node Type": "Index Only Scan", "Parent Relationship": "Inner", "Scan Direction": "Forward", "Index Name": "info_type_pkey", "Relation Name": "info_type", "Alias": "it", "Startup Cost": 0.0, "Total Cost": 0.27, "Plan Rows": 1, "Plan Width": 4, "Actual Startup Time": 0.771, "Actual Total Time": 0.771, "Actual Rows": 669, "Actual Loops": 669, "Index Cond": "(id = mi.info_type_id)", "Rows Removed by Index Recheck": 0, "Heap Fetches": 0}]}]}, "Triggers": [], "Planner Runtime": 3.468, "Total Runtime": 801.509, "Unique SQL Id": 322094867}}, "(64, 114)": {"explain_plan": {"Plan": {"Node Type": "Aggregate", "Strategy": "Plain", "Startup Cost": 1933293.46, "Total Cost": 1933293.47, "Plan Rows": 1, "Plan Width": 49, "Plans": [{"Node Type": "Nested Loop", "Parent Relationship": "Outer", "Join Type": "Inner", "Startup Cost": 0.31, "Total Cost": 1932465.84, "Plan Rows": 331050, "Plan Width": 17, "Inner Unique": true, "Plans": [{"Node Type": "Streaming(type: LOCAL GATHER dop: 1/64)", "Parent Relationship": "Outer", "Startup Cost": 0.0, "Total Cost": 896905.5, "Plan Rows": 238955, "Plan Width": 8, "Plans": [{"Node Type": "Nested Loop", "Parent Relationship": "Outer", "Join Type": "Inner", "Startup Cost": 0.0, "Total Cost": 891975.89, "Plan Rows": 238955, "Plan Width": 8, "Inner Unique": true, "Join Filter": "(mi.info_type_id = it.id), (LLVM Optimized)", "Plans": [{"Node Type": "Nested Loop", "Parent Relationship": "Outer", "Join Type": "Inner", "Startup Cost": 0.0, "Total Cost": 822553.05, "Plan Rows": 238955, "Plan Width": 12, "Inner Unique": false, "Join Filter": "(mc.movie_id = mi.movie_id), (LLVM Optimized)", "Plans": [{"Node Type": "Streaming(type: LOCAL REDISTRIBUTE dop: 64/1)", "Parent Relationship": "Outer", "Startup Cost": 0.0, "Total Cost": 131598.86, "Plan Rows": 209278, "Plan Width": 4, "Plans": [{"Node Type": "Nested Loop", "Parent Relationship": "Outer", "Join Type": "Inner", "Startup Cost": 0.0, "Total Cost": 60095.92, "Plan Rows": 209278, "Plan Width": 4, "Inner Unique": false, "Join Filter": "(ct.id = mc.company_type_id), (LLVM Optimized)", "Plans": [{"Node Type": "Seq Scan", "Parent Relationship": "Outer", "Relation Name": "company_type", "Alias": "ct", "Startup Cost": 0.0, "Total Cost": 1.04, "Plan Rows": 1, "Plan Width": 4, "Filter": "((kind)::text = 'production companies'::text)"}, {"Node Type": "Seq Scan", "Parent Relationship": "Inner", "Relation Name": "movie_companies", "Alias": "mc", "Startup Cost": 0.0, "Total Cost": 54862.92, "Plan Rows": 418557, "Plan Width": 8, "Filter": "(((note)::text !~~ '%(TV)%'::text) AND ((note)::text ~~ '%(USA)%'::text)), (LLVM Optimized)"}]}]}, {"Node Type": "Materialize", "Parent Relationship": "Inner", "Startup Cost": 0.0, "Total Cost": 134289.54, "Plan Rows": 726375, "Plan Width": 8, "Plans": [{"Node Type": "Streaming(type: LOCAL REDISTRIBUTE dop: 64/64)", "Parent Relationship": "Outer", "Startup Cost": 0.0, "Total Cost": 134232.79, "Plan Rows": 726375, "Plan Width": 8, "Plans": [{"Node Type": "Seq Scan", "Parent Relationship": "Outer", "Relation Name": "movie_info", "Alias": "mi", "Startup Cost": 0.0, "Total Cost": 70544.72, "Plan Rows": 726375, "Plan Width": 8, "Filter": "((info)::text = ANY ('{Sweden,Norway,Germany,Denmark,Swedish,Denish,Norwegian,German,USA,American}'::text[]))"}]}]}]}, {"Node Type": "Materialize", "Parent Relationship": "Inner", "Startup Cost": 0.0, "Total Cost": 63150.56, "Plan Rows": 7168, "Plan Width": 4, "Plans": [{"Node Type": "Streaming(type: BROADCAST dop: 64/1)", "Parent Relationship": "Outer", "Startup Cost": 0.0, "Total Cost": 63150.0, "Plan Rows": 7168, "Plan Width": 4, "Plans": [{"Node Type": "Seq Scan", "Parent Relationship": "Outer", "Relation Name": "info_type", "Alias": "it", "Startup Cost": 0.0, "Total Cost": 2.12, "Plan Rows": 112, "Plan Width": 4}]}]}]}]}, {"Node Type": "Bitmap Heap Scan", "Parent Relationship": "Inner", "Relation Name": "title", "Alias": "t", "Startup Cost": 0.31, "Total Cost": 4.32, "Plan Rows": 1, "Plan Width": 21, "Recheck Cond": "(id = mi.movie_id)", "Filter": "(production_year > 1990)", "Plans": [{"Node Type": "Bitmap Index Scan", "Parent Relationship": "Outer", "Index Name": "title_pkey", "Startup Cost": 0.0, "Total Cost": 0.31, "Plan Rows": 1, "Plan Width": 0, "Index Cond": "(id = mi.movie_id)"}]}]}]}, "Unique SQL Id": 322094867}, "explain_analyze_plan": {"Plan": {"Node Type": "Aggregate", "Strategy": "Plain", "Startup Cost": 1933293.46, "Total Cost": 1933293.47, "Plan Rows": 1, "Plan Width": 49, "Actual Min Startup Time": 1818.726, "Actual Max Startup Time": 1818.726, "Actual Min Total Time": 1818.727, "Actual Max Total Time": 1818.727, "Actual Total Rows": 1, "Plans": [{"Node Type": "Nested Loop", "Parent Relationship": "Outer", "Join Type": "Inner", "Startup Cost": 0.31, "Total Cost": 1932465.84, "Plan Rows": 331050, "Plan Width": 17, "Actual Min Startup Time": 1770.5, "Actual Max Startup Time": 1770.5, "Actual Min Total Time": 1818.365, "Actual Max Total Time": 1818.365, "Actual Total Rows": 669, "Inner Unique": true, "Plans": [{"Node Type": "Streaming(type: LOCAL GATHER dop: 1/64)", "Parent Relationship": "Outer", "Startup Cost": 0.0, "Total Cost": 896905.5, "Plan Rows": 238955, "Plan Width": 8, "Actual Min Startup Time": 1770.402, "Actual Max Startup Time": 1770.402, "Actual Min Total Time": 1811.577, "Actual Max Total Time": 1811.577, "Actual Total Rows": 691, "Plans": [{"Node Type": "Nested Loop", "Parent Relationship": "Outer", "Join Type": "Inner", "Startup Cost": 0.0, "Total Cost": 891975.89, "Plan Rows": 238955, "Plan Width": 8, "Actual Min Startup Time": 1183.494, "Actual Max Startup Time": 1436.013, "Actual Min Total Time": 1205.125, "Actual Max Total Time": 1463.585, "Actual Total Rows": 691, "Inner Unique": true, "Join Filter": "(mi.info_type_id = it.id), (LLVM Optimized, Jit Execute)", "Rows Removed by Join Filter": 4196, "Plans": [{"Node Type": "Nested Loop", "Parent Relationship": "Outer", "Join Type": "Inner", "Startup Cost": 0.0, "Total Cost": 822553.05, "Plan Rows": 238955, "Plan Width": 12, "Actual Min Startup Time": 1180.818, "Actual Max Startup Time": 1198.533, "Actual Min Total Time": 1196.143, "Actual Max Total Time": 1243.775, "Actual Total Rows": 691, "Inner Unique": false, "Join Filter": "(mc.movie_id = mi.movie_id), (LLVM Optimized, Jit Execute)", "Rows Removed by Join Filter": 8812715, "Plans": [{"Node Type": "Streaming(type: LOCAL REDISTRIBUTE dop: 64/1)", "Parent Relationship": "Outer", "Startup Cost": 0.0, "Total Cost": 131598.86, "Plan Rows": 209278, "Plan Width": 4, "Actual Min Startup Time": 1048.685, "Actual Max Startup Time": 1050.03, "Actual Min Total Time": 1048.686, "Actual Max Total Time": 1050.033, "Actual Total Rows": 798, "Plans": [{"Node Type": "Nested Loop", "Parent Relationship": "Outer", "Join Type": "Inner", "Startup Cost": 0.0, "Total Cost": 60095.92, "Plan Rows": 209278, "Plan Width": 4, "Actual Min Startup Time": 911.934, "Actual Max Startup Time": 911.934, "Actual Min Total Time": 1271.722, "Actual Max Total Time": 1271.722, "Actual Total Rows": 798, "Inner Unique": false, "Join Filter": "(ct.id = mc.company_type_id), (LLVM Optimized, Jit Execute)", "Rows Removed by Join Filter": 294830, "Plans": [{"Node Type": "Seq Scan", "Parent Relationship": "Outer", "Relation Name": "company_type", "Alias": "ct", "Startup Cost": 0.0, "Total Cost": 1.04, "Plan Rows": 1, "Plan Width": 4, "Actual Min Startup Time": 0.021, "Actual Max Startup Time": 0.021, "Actual Min Total Time": 0.026, "Actual Max Total Time": 0.026, "Actual Total Rows": 1, "Filter": "((kind)::text = 'production companies'::text)", "Rows Removed by Filter": 2}, {"Node Type": "Seq Scan", "Parent Relationship": "Inner", "Relation Name": "movie_companies", "Alias": "mc", "Startup Cost": 0.0, "Total Cost": 54862.92, "Plan Rows": 418557, "Plan Width": 8, "Actual Min Startup Time": 0.032, "Actual Max Startup Time": 0.032, "Actual Min Total Time": 1209.088, "Actual Max Total Time": 1209.088, "Actual Total Rows": 295628, "Filter": "(((note)::text !~~ '%(TV)%'::text) AND ((note)::text ~~ '%(USA)%'::text)), (LLVM Optimized, Jit Execute)", "Rows Removed by Filter": 2313500}]}]}, {"Node Type": "Materialize", "Parent Relationship": "Inner", "Startup Cost": 0.0, "Total Cost": 134289.54, "Plan Rows": 726375, "Plan Width": 8, "Actual Min Startup Time": 130.287, "Actual Max Startup Time": 130.941, "Actual Min Total Time": 136.247, "Actual Max Total Time": 155.804, "Actual Total Rows": 8813470, "Plans": [{"Node Type": "Streaming(type: LOCAL REDISTRIBUTE dop: 64/64)", "Parent Relationship": "Outer", "Startup Cost": 0.0, "Total Cost": 134232.79, "Plan Rows": 726375, "Plan Width": 8, "Actual Min Startup Time": 0.126, "Actual Max Startup Time": 0.312, "Actual Min Total Time": 128.285, "Actual Max Total Time": 129.063, "Actual Total Rows": 706674, "Plans": [{"Node Type": "Seq Scan", "Parent Relationship": "Outer", "Relation Name": "movie_info", "Alias": "mi", "Startup Cost": 0.0, "Total Cost": 70544.72, "Plan Rows": 726375, "Plan Width": 8, "Actual Min Startup Time": 0.039, "Actual Max Startup Time": 3.447, "Actual Min Total Time": 126.01, "Actual Max Total Time": 158.433, "Actual Total Rows": 706674, "Filter": "((info)::text = ANY ('{Sweden,Norway,Germany,Denmark,Swedish,Denish,Norwegian,German,USA,American}'::text[]))", "Rows Removed by Filter": 14129045}]}]}]}, {"Node Type": "Materialize", "Parent Relationship": "Inner", "Startup Cost": 0.0, "Total Cost": 63150.56, "Plan Rows": 7168, "Plan Width": 4, "Actual Min Startup Time": 0.719, "Actual Max Startup Time": 249.421, "Actual Min Total Time": 0.725, "Actual Max Total Time": 249.426, "Actual Total Rows": 4951, "Plans": [{"Node Type": "Streaming(type: BROADCAST dop: 64/1)", "Parent Relationship": "Outer", "Startup Cost": 0.0, "Total Cost": 63150.0, "Plan Rows": 7168, "Plan Width": 4, "Actual Min Startup Time": 0.028, "Actual Max Startup Time": 50.203, "Actual Min Total Time": 0.693, "Actual Max Total Time": 249.4, "Actual Total Rows": 7168, "Plans": [{"Node Type": "Seq Scan", "Parent Relationship": "Outer", "Relation Name": "info_type", "Alias": "it", "Startup Cost": 0.0, "Total Cost": 2.12, "Plan Rows": 112, "Plan Width": 4, "Actual Min Startup Time": 0.025, "Actual Max Startup Time": 0.025, "Actual Min Total Time": 0.065, "Actual Max Total Time": 0.065, "Actual Total Rows": 112}]}]}]}]}, {"Node Type": "Bitmap Heap Scan", "Parent Relationship": "Inner", "Relation Name": "title", "Alias": "t", "Startup Cost": 0.31, "Total Cost": 4.32, "Plan Rows": 1, "Plan Width": 21, "Actual Min Startup Time": 5.774, "Actual Max Startup Time": 5.774, "Actual Min Total Time": 5.774, "Actual Max Total Time": 5.774, "Actual Total Rows": 669, "Recheck Cond": "(id = mi.movie_id)", "Rows Removed by Index Recheck": 0, "Filter": "(production_year > 1990)", "Rows Removed by Filter": 22, "Exact Heap Blocks": 691, "Lossy Heap Blocks": 691, "Plans": [{"Node Type": "Bitmap Index Scan", "Parent Relationship": "Outer", "Index Name": "title_pkey", "Startup Cost": 0.0, "Total Cost": 0.31, "Plan Rows": 1, "Plan Width": 0, "Actual Min Startup Time": 3.242, "Actual Max Startup Time": 3.242, "Actual Min Total Time": 3.242, "Actual Max Total Time": 3.242, "Actual Total Rows": 691, "Index Cond": "(id = mi.movie_id)"}]}]}]}, "Triggers": [], "Planner Runtime": 4.932, "Total Runtime": 1856.394, "Unique SQL Id": 322094867}}, "(64, 115)": {"explain_plan": {"Plan": {"Node Type": "Aggregate", "Strategy": "Plain", "Startup Cost": 2546736.36, "Total Cost": 2546736.37, "Plan Rows": 1, "Plan Width": 49, "Plans": [{"Node Type": "Nested Loop", "Parent Relationship": "Outer", "Join Type": "Inner", "Startup Cost": 29015.04, "Total Cost": 2545908.74, "Plan Rows": 331050, "Plan Width": 17, "Inner Unique": true, "Plans": [{"Node Type": "Nested Loop", "Parent Relationship": "Outer", "Join Type": "Inner", "Startup Cost": 29014.73, "Total Cost": 1510348.4, "Plan Rows": 238955, "Plan Width": 8, "Inner Unique": true, "Join Filter": "(mi.info_type_id = it.id), (LLVM Optimized)", "Plans": [{"Node Type": "Nested Loop", "Parent Relationship": "Outer", "Join Type": "Inner", "Startup Cost": 29005.9, "Total Cost": 1108889.77, "Plan Rows": 238955, "Plan Width": 12, "Inner Unique": false, "Plans": [{"Node Type": "Nested Loop", "Parent Relationship": "Outer", "Join Type": "Inner", "Startup Cost": 29005.06, "Total Cost": 69657.76, "Plan Rows": 209278, "Plan Width": 4, "Inner Unique": false, "Plans": [{"Node Type": "Bitmap Heap Scan", "Parent Relationship": "Outer", "Relation Name": "company_type", "Alias": "ct", "Startup Cost": 8.27, "Total Cost": 12.3, "Plan Rows": 1, "Plan Width": 4, "Filter": "((kind)::text = 'production companies'::text)", "Plans": [{"Node Type": "Bitmap Index Scan", "Parent Relationship": "Outer", "Index Name": "company_type_pkey", "Startup Cost": 0.0, "Total Cost": 8.27, "Plan Rows": 3, "Plan Width": 0}]}, {"Node Type": "Bitmap Heap Scan", "Parent Relationship": "Inner", "Relation Name": "movie_companies", "Alias": "mc", "Startup Cost": 28996.8, "Total Cost": 67552.67, "Plan Rows": 209279, "Plan Width": 8, "Recheck Cond": "(company_type_id = ct.id), (LLVM Optimized)", "Filter": "(((note)::text !~~ '%(TV)%'::text) AND ((note)::text ~~ '%(USA)%'::text)), (LLVM Optimized)", "Plans": [{"Node Type": "Bitmap Index Scan", "Parent Relationship": "Outer", "Index Name": "company_type_id_movie_companies", "Startup Cost": 0.0, "Total Cost": 28944.48, "Plan Rows": 1304564, "Plan Width": 0, "Index Cond": "(company_type_id = ct.id)"}]}]}, {"Node Type": "Bitmap Heap Scan", "Parent Relationship": "Inner", "Relation Name": "movie_info", "Alias": "mi", "Startup Cost": 0.83, "Total Cost": 4.96, "Plan Rows": 1, "Plan Width": 8, "Recheck Cond": "(movie_id = mc.movie_id)", "Filter": "((info)::text = ANY ('{Sweden,Norway,Germany,Denmark,Swedish,Denish,Norwegian,German,USA,American}'::text[]))", "Plans": [{"Node Type": "Bitmap Index Scan", "Parent Relationship": "Outer", "Index Name": "movie_id_movie_info", "Startup Cost": 0.0, "Total Cost": 0.83, "Plan Rows": 5, "Plan Width": 0, "Index Cond": "(movie_id = mc.movie_id)"}]}]}, {"Node Type": "Materialize", "Parent Relationship": "Inner", "Startup Cost": 8.84, "Total Cost": 14.52, "Plan Rows": 112, "Plan Width": 4, "Plans": [{"Node Type": "Bitmap Heap Scan", "Parent Relationship": "Outer", "Relation Name": "info_type", "Alias": "it", "Startup Cost": 8.84, "Total Cost": 13.96, "Plan Rows": 112, "Plan Width": 4, "Plans": [{"Node Type": "Bitmap Index Scan", "Parent Relationship": "Outer", "Index Name": "info_type_pkey", "Startup Cost": 0.0, "Total Cost": 8.81, "Plan Rows": 112, "Plan Width": 0}]}]}]}, {"Node Type": "Bitmap Heap Scan", "Parent Relationship": "Inner", "Relation Name": "title", "Alias": "t", "Startup Cost": 0.31, "Total Cost": 4.32, "Plan Rows": 1, "Plan Width": 21, "Recheck Cond": "(id = mi.movie_id)", "Filter": "(production_year > 1990)", "Plans": [{"Node Type": "Bitmap Index Scan", "Parent Relationship": "Outer", "Index Name": "title_pkey", "Startup Cost": 0.0, "Total Cost": 0.31, "Plan Rows": 1, "Plan Width": 0, "Index Cond": "(id = mi.movie_id)"}]}]}]}, "Unique SQL Id": 322094867}, "explain_analyze_plan": {"Plan": {"Node Type": "Aggregate", "Strategy": "Plain", "Startup Cost": 2546736.36, "Total Cost": 2546736.37, "Plan Rows": 1, "Plan Width": 49, "Actual Startup Time": 611.599, "Actual Total Time": 611.599, "Actual Rows": 1, "Actual Loops": 1, "Plans": [{"Node Type": "Nested Loop", "Parent Relationship": "Outer", "Join Type": "Inner", "Startup Cost": 29015.04, "Total Cost": 2545908.74, "Plan Rows": 331050, "Plan Width": 17, "Actual Startup Time": 154.525, "Actual Total Time": 610.873, "Actual Rows": 669, "Actual Loops": 1, "Inner Unique": true, "Plans": [{"Node Type": "Nested Loop", "Parent Relationship": "Outer", "Join Type": "Inner", "Startup Cost": 29014.73, "Total Cost": 1510348.4, "Plan Rows": 238955, "Plan Width": 8, "Actual Startup Time": 154.496, "Actual Total Time": 603.591, "Actual Rows": 691, "Actual Loops": 1, "Inner Unique": true, "Join Filter": "(mi.info_type_id = it.id), (LLVM Optimized, Jit Execute)", "Rows Removed by Join Filter": 4196, "Plans": [{"Node Type": "Nested Loop", "Parent Relationship": "Outer", "Join Type": "Inner", "Startup Cost": 29005.9, "Total Cost": 1108889.77, "Plan Rows": 238955, "Plan Width": 12, "Actual Startup Time": 154.424, "Actual Total Time": 601.877, "Actual Rows": 691, "Actual Loops": 1, "Inner Unique": false, "Plans": [{"Node Type": "Nested Loop", "Parent Relationship": "Outer", "Join Type": "Inner", "Startup Cost": 29005.06, "Total Cost": 69657.76, "Plan Rows": 209278, "Plan Width": 4, "Actual Startup Time": 154.34, "Actual Total Time": 571.393, "Actual Rows": 798, "Actual Loops": 1, "Inner Unique": false, "Plans": [{"Node Type": "Bitmap Heap Scan", "Parent Relationship": "Outer", "Relation Name": "company_type", "Alias": "ct", "Startup Cost": 8.27, "Total Cost": 12.3, "Plan Rows": 1, "Plan Width": 4, "Actual Startup Time": 0.053, "Actual Total Time": 0.058, "Actual Rows": 1, "Actual Loops": 1, "Filter": "((kind)::text = 'production companies'::text)", "Rows Removed by Filter": 2, "Exact Heap Blocks": 1, "Lossy Heap Blocks": 1, "Plans": [{"Node Type": "Bitmap Index Scan", "Parent Relationship": "Outer", "Index Name": "company_type_pkey", "Startup Cost": 0.0, "Total Cost": 8.27, "Plan Rows": 3, "Plan Width": 0, "Actual Startup Time": 0.02, "Actual Total Time": 0.02, "Actual Rows": 3, "Actual Loops": 1}]}, {"Node Type": "Bitmap Heap Scan", "Parent Relationship": "Inner", "Relation Name": "movie_companies", "Alias": "mc", "Startup Cost": 28996.8, "Total Cost": 67552.67, "Plan Rows": 209279, "Plan Width": 8, "Actual Startup Time": 154.278, "Actual Total Time": 571.084, "Actual Rows": 798, "Actual Loops": 1, "Recheck Cond": "(company_type_id = ct.id), (LLVM Optimized, Jit Execute)", "Rows Removed by Index Recheck": 0, "Filter": "(((note)::text !~~ '%(TV)%'::text) AND ((note)::text ~~ '%(USA)%'::text)), (LLVM Optimized, Jit Execute)", "Rows Removed by Filter": 1334085, "Exact Heap Blocks": 6196, "Lossy Heap Blocks": 6196, "Plans": [{"Node Type": "Bitmap Index Scan", "Parent Relationship": "Outer", "Index Name": "company_type_id_movie_companies", "Startup Cost": 0.0, "Total Cost": 28944.48, "Plan Rows": 1304564, "Plan Width": 0, "Actual Startup Time": 147.323, "Actual Total Time": 147.323, "Actual Rows": 1334883, "Actual Loops": 1, "Index Cond": "(company_type_id = ct.id)"}]}]}, {"Node Type": "Bitmap Heap Scan", "Parent Relationship": "Inner", "Relation Name": "movie_info", "Alias": "mi", "Startup Cost": 0.83, "Total Cost": 4.96, "Plan Rows": 1, "Plan Width": 8, "Actual Startup Time": 26.092, "Actual Total Time": 28.716, "Actual Rows": 691, "Actual Loops": 798, "Recheck Cond": "(movie_id = mc.movie_id)", "Rows Removed by Index Recheck": 0, "Filter": "((info)::text = ANY ('{Sweden,Norway,Germany,Denmark,Swedish,Denish,Norwegian,German,USA,American}'::text[]))", "Rows Removed by Filter": 7906, "Exact Heap Blocks": 6397, "Lossy Heap Blocks": 6397, "Plans": [{"Node Type": "Bitmap Index Scan", "Parent Relationship": "Outer", "Index Name": "movie_id_movie_info", "Startup Cost": 0.0, "Total Cost": 0.83, "Plan Rows": 5, "Plan Width": 0, "Actual Startup Time": 6.265, "Actual Total Time": 6.265, "Actual Rows": 8597, "Actual Loops": 798, "Index Cond": "(movie_id = mc.movie_id)"}]}]}, {"Node Type": "Materialize", "Parent Relationship": "Inner", "Startup Cost": 8.84, "Total Cost": 14.52, "Plan Rows": 112, "Plan Width": 4, "Actual Startup Time": 0.182, "Actual Total Time": 0.528, "Actual Rows": 4887, "Actual Loops": 691, "Plans": [{"Node Type": "Bitmap Heap Scan", "Parent Relationship": "Outer", "Relation Name": "info_type", "Alias": "it", "Startup Cost": 8.84, "Total Cost": 13.96, "Plan Rows": 112, "Plan Width": 4, "Actual Startup Time": 0.043, "Actual Total Time": 0.047, "Actual Rows": 17, "Actual Loops": 1, "Exact Heap Blocks": 1, "Lossy Heap Blocks": 1, "Plans": [{"Node Type": "Bitmap Index Scan", "Parent Relationship": "Outer", "Index Name": "info_type_pkey", "Startup Cost": 0.0, "Total Cost": 8.81, "Plan Rows": 112, "Plan Width": 0, "Actual Startup Time": 0.016, "Actual Total Time": 0.016, "Actual Rows": 112, "Actual Loops": 1}]}]}]}, {"Node Type": "Bitmap Heap Scan", "Parent Relationship": "Inner", "Relation Name": "title", "Alias": "t", "Startup Cost": 0.31, "Total Cost": 4.32, "Plan Rows": 1, "Plan Width": 21, "Actual Startup Time": 6.052, "Actual Total Time": 6.052, "Actual Rows": 669, "Actual Loops": 691, "Recheck Cond": "(id = mi.movie_id)", "Rows Removed by Index Recheck": 0, "Filter": "(production_year > 1990)", "Rows Removed by Filter": 22, "Exact Heap Blocks": 691, "Lossy Heap Blocks": 691, "Plans": [{"Node Type": "Bitmap Index Scan", "Parent Relationship": "Outer", "Index Name": "title_pkey", "Startup Cost": 0.0, "Total Cost": 0.31, "Plan Rows": 1, "Plan Width": 0, "Actual Startup Time": 3.384, "Actual Total Time": 3.384, "Actual Rows": 691, "Actual Loops": 691, "Index Cond": "(id = mi.movie_id)"}]}]}]}, "Triggers": [], "Planner Runtime": 3.695, "Total Runtime": 621.921, "Unique SQL Id": 322094867}}, "(64, 116)": {"explain_plan": {"Plan": {"Node Type": "Aggregate", "Strategy": "Plain", "Startup Cost": 559339.91, "Total Cost": 559339.92, "Plan Rows": 1, "Plan Width": 49, "Plans": [{"Node Type": "Nested Loop", "Parent Relationship": "Outer", "Join Type": "Inner", "Startup Cost": 0.0, "Total Cost": 558512.28, "Plan Rows": 331050, "Plan Width": 17, "Inner Unique": true, "Plans": [{"Node Type": "Nested Loop", "Parent Relationship": "Outer", "Join Type": "Inner", "Startup Cost": 0.0, "Total Cost": 465812.82, "Plan Rows": 331050, "Plan Width": 21, "Inner Unique": false, "Plans": [{"Node Type": "Nested Loop", "Parent Relationship": "Outer", "Join Type": "Inner", "Startup Cost": 0.0, "Total Cost": 207294.74, "Plan Rows": 289936, "Plan Width": 25, "Inner Unique": true, "Plans": [{"Node Type": "Nested Loop", "Parent Relationship": "Outer", "Join Type": "Inner", "Startup Cost": 0.0, "Total Cost": 60095.92, "Plan Rows": 209278, "Plan Width": 4, "Inner Unique": false, "Join Filter": "(ct.id = mc.company_type_id), (LLVM Optimized)", "Plans": [{"Node Type": "Seq Scan", "Parent Relationship": "Outer", "Relation Name": "company_type", "Alias": "ct", "Startup Cost": 0.0, "Total Cost": 1.04, "Plan Rows": 1, "Plan Width": 4, "Filter": "((kind)::text = 'production companies'::text)"}, {"Node Type": "Seq Scan", "Parent Relationship": "Inner", "Relation Name": "movie_companies", "Alias": "mc", "Startup Cost": 0.0, "Total Cost": 54862.92, "Plan Rows": 418557, "Plan Width": 8, "Filter": "(((note)::text !~~ '%(TV)%'::text) AND ((note)::text ~~ '%(USA)%'::text)), (LLVM Optimized)"}]}, {"Node Type": "Index Scan", "Parent Relationship": "Inner", "Scan Direction": "Forward", "Index Name": "title_pkey", "Relation Name": "title", "Alias": "t", "Startup Cost": 0.0, "Total Cost": 0.69, "Plan Rows": 1, "Plan Width": 21, "Index Cond": "(id = mc.movie_id)", "Filter": "(production_year > 1990)"}]}, {"Node Type": "Index Scan", "Parent Relationship": "Inner", "Scan Direction": "Forward", "Index Name": "movie_id_movie_info", "Relation Name": "movie_info", "Alias": "mi", "Startup Cost": 0.0, "Total Cost": 0.88, "Plan Rows": 1, "Plan Width": 8, "Index Cond": "(movie_id = t.id)", "Filter": "((info)::text = ANY ('{Sweden,Norway,Germany,Denmark,Swedish,Denish,Norwegian,German,USA,American}'::text[]))"}]}, {"Node Type": "Index Scan", "Parent Relationship": "Inner", "Scan Direction": "Forward", "Index Name": "info_type_pkey", "Relation Name": "info_type", "Alias": "it", "Startup Cost": 0.0, "Total Cost": 0.27, "Plan Rows": 1, "Plan Width": 4, "Index Cond": "(id = mi.info_type_id)"}]}]}, "Unique SQL Id": 322094867}, "explain_analyze_plan": {"Plan": {"Node Type": "Aggregate", "Strategy": "Plain", "Startup Cost": 559339.91, "Total Cost": 559339.92, "Plan Rows": 1, "Plan Width": 49, "Actual Startup Time": 1247.626, "Actual Total Time": 1247.626, "Actual Rows": 1, "Actual Loops": 1, "Plans": [{"Node Type": "Nested Loop", "Parent Relationship": "Outer", "Join Type": "Inner", "Startup Cost": 0.0, "Total Cost": 558512.28, "Plan Rows": 331050, "Plan Width": 17, "Actual Startup Time": 876.587, "Actual Total Time": 1247.132, "Actual Rows": 669, "Actual Loops": 1, "Inner Unique": true, "Plans": [{"Node Type": "Nested Loop", "Parent Relationship": "Outer", "Join Type": "Inner", "Startup Cost": 0.0, "Total Cost": 465812.82, "Plan Rows": 331050, "Plan Width": 21, "Actual Startup Time": 876.577, "Actual Total Time": 1245.329, "Actual Rows": 669, "Actual Loops": 1, "Inner Unique": false, "Plans": [{"Node Type": "Nested Loop", "Parent Relationship": "Outer", "Join Type": "Inner", "Startup Cost": 0.0, "Total Cost": 207294.74, "Plan Rows": 289936, "Plan Width": 25, "Actual Startup Time": 876.543, "Actual Total Time": 1221.006, "Actual Rows": 767, "Actual Loops": 1, "Inner Unique": true, "Plans": [{"Node Type": "Nested Loop", "Parent Relationship": "Outer", "Join Type": "Inner", "Startup Cost": 0.0, "Total Cost": 60095.92, "Plan Rows": 209278, "Plan Width": 4, "Actual Startup Time": 876.456, "Actual Total Time": 1213.721, "Actual Rows": 798, "Actual Loops": 1, "Inner Unique": false, "Join Filter": "(ct.id = mc.company_type_id), (LLVM Optimized, Jit Execute)", "Rows Removed by Join Filter": 294830, "Plans": [{"Node Type": "Seq Scan", "Parent Relationship": "Outer", "Relation Name": "company_type", "Alias": "ct", "Startup Cost": 0.0, "Total Cost": 1.04, "Plan Rows": 1, "Plan Width": 4, "Actual Startup Time": 0.018, "Actual Total Time": 0.024, "Actual Rows": 1, "Actual Loops": 1, "Filter": "((kind)::text = 'production companies'::text)", "Rows Removed by Filter": 2}, {"Node Type": "Seq Scan", "Parent Relationship": "Inner", "Relation Name": "movie_companies", "Alias": "mc", "Startup Cost": 0.0, "Total Cost": 54862.92, "Plan Rows": 418557, "Plan Width": 8, "Actual Startup Time": 0.03, "Actual Total Time": 1154.3, "Actual Rows": 295628, "Actual Loops": 1, "Filter": "(((note)::text !~~ '%(TV)%'::text) AND ((note)::text ~~ '%(USA)%'::text)), (LLVM Optimized, Jit Execute)", "Rows Removed by Filter": 2313500}]}, {"Node Type": "Index Scan", "Parent Relationship": "Inner", "Scan Direction": "Forward", "Index Name": "title_pkey", "Relation Name": "title", "Alias": "t", "Startup Cost": 0.0, "Total Cost": 0.69, "Plan Rows": 1, "Plan Width": 21, "Actual Startup Time": 6.363, "Actual Total Time": 6.363, "Actual Rows": 767, "Actual Loops": 798, "Index Cond": "(id = mc.movie_id)", "Rows Removed by Index Recheck": 0, "Filter": "(production_year > 1990)", "Rows Removed by Filter": 31}]}, {"Node Type": "Index Scan", "Parent Relationship": "Inner", "Scan Direction": "Forward", "Index Name": "movie_id_movie_info", "Relation Name": "movie_info", "Alias": "mi", "Startup Cost": 0.0, "Total Cost": 0.88, "Plan Rows": 1, "Plan Width": 8, "Actual Startup Time": 20.811, "Actual Total Time": 23.654, "Actual Rows": 669, "Actual Loops": 767, "Index Cond": "(movie_id = t.id)", "Rows Removed by Index Recheck": 0, "Filter": "((info)::text = ANY ('{Sweden,Norway,Germany,Denmark,Swedish,Denish,Norwegian,German,USA,American}'::text[]))", "Rows Removed by Filter": 7721}]}, {"Node Type": "Index Scan", "Parent Relationship": "Inner", "Scan Direction": "Forward", "Index Name": "info_type_pkey", "Relation Name": "info_type", "Alias": "it", "Startup Cost": 0.0, "Total Cost": 0.27, "Plan Rows": 1, "Plan Width": 4, "Actual Startup Time": 1.116, "Actual Total Time": 1.116, "Actual Rows": 669, "Actual Loops": 669, "Index Cond": "(id = mi.info_type_id)", "Rows Removed by Index Recheck": 0}]}]}, "Triggers": [], "Planner Runtime": 3.886, "Total Runtime": 1257.315, "Unique SQL Id": 322094867}}, "(64, 117)": {"explain_plan": {"Plan": {"Node Type": "Aggregate", "Strategy": "Plain", "Startup Cost": 560989.43, "Total Cost": 560989.44, "Plan Rows": 1, "Plan Width": 49, "Plans": [{"Node Type": "Nested Loop", "Parent Relationship": "Outer", "Join Type": "Inner", "Startup Cost": 0.0, "Total Cost": 560161.81, "Plan Rows": 331050, "Plan Width": 17, "Inner Unique": true, "Plans": [{"Node Type": "Nested Loop", "Parent Relationship": "Outer", "Join Type": "Inner", "Startup Cost": 0.0, "Total Cost": 467462.34, "Plan Rows": 331050, "Plan Width": 21, "Inner Unique": false, "Plans": [{"Node Type": "Nested Loop", "Parent Relationship": "Outer", "Join Type": "Inner", "Startup Cost": 0.0, "Total Cost": 208944.27, "Plan Rows": 289936, "Plan Width": 25, "Inner Unique": true, "Plans": [{"Node Type": "Nested Loop", "Parent Relationship": "Outer", "Join Type": "Inner", "Startup Cost": 0.0, "Total Cost": 61745.44, "Plan Rows": 209278, "Plan Width": 4, "Inner Unique": false, "Plans": [{"Node Type": "Index Scan", "Parent Relationship": "Outer", "Scan Direction": "Forward", "Index Name": "company_type_pkey", "Relation Name": "company_type", "Alias": "ct", "Startup Cost": 0.0, "Total Cost": 12.3, "Plan Rows": 1, "Plan Width": 4, "Filter": "((kind)::text = 'production companies'::text)"}, {"Node Type": "Index Scan", "Parent Relationship": "Inner", "Scan Direction": "Forward", "Index Name": "company_type_id_movie_companies", "Relation Name": "movie_companies", "Alias": "mc", "Startup Cost": 0.0, "Total Cost": 59640.35, "Plan Rows": 209279, "Plan Width": 8, "Index Cond": "(company_type_id = ct.id), (LLVM Optimized)", "Filter": "(((note)::text !~~ '%(TV)%'::text) AND ((note)::text ~~ '%(USA)%'::text)), (LLVM Optimized)"}]}, {"Node Type": "Index Scan", "Parent Relationship": "Inner", "Scan Direction": "Forward", "Index Name": "title_pkey", "Relation Name": "title", "Alias": "t", "Startup Cost": 0.0, "Total Cost": 0.69, "Plan Rows": 1, "Plan Width": 21, "Index Cond": "(id = mc.movie_id)", "Filter": "(production_year > 1990)"}]}, {"Node Type": "Index Scan", "Parent Relationship": "Inner", "Scan Direction": "Forward", "Index Name": "movie_id_movie_info", "Relation Name": "movie_info", "Alias": "mi", "Startup Cost": 0.0, "Total Cost": 0.88, "Plan Rows": 1, "Plan Width": 8, "Index Cond": "(movie_id = t.id)", "Filter": "((info)::text = ANY ('{Sweden,Norway,Germany,Denmark,Swedish,Denish,Norwegian,German,USA,American}'::text[]))"}]}, {"Node Type": "Index Scan", "Parent Relationship": "Inner", "Scan Direction": "Forward", "Index Name": "info_type_pkey", "Relation Name": "info_type", "Alias": "it", "Startup Cost": 0.0, "Total Cost": 0.27, "Plan Rows": 1, "Plan Width": 4, "Index Cond": "(id = mi.info_type_id)"}]}]}, "Unique SQL Id": 322094867}, "explain_analyze_plan": {"Plan": {"Node Type": "Aggregate", "Strategy": "Plain", "Startup Cost": 560989.43, "Total Cost": 560989.44, "Plan Rows": 1, "Plan Width": 49, "Actual Startup Time": 710.059, "Actual Total Time": 710.059, "Actual Rows": 1, "Actual Loops": 1, "Plans": [{"Node Type": "Nested Loop", "Parent Relationship": "Outer", "Join Type": "Inner", "Startup Cost": 0.0, "Total Cost": 560161.81, "Plan Rows": 331050, "Plan Width": 17, "Actual Startup Time": 8.764, "Actual Total Time": 709.495, "Actual Rows": 669, "Actual Loops": 1, "Inner Unique": true, "Plans": [{"Node Type": "Nested Loop", "Parent Relationship": "Outer", "Join Type": "Inner", "Startup Cost": 0.0, "Total Cost": 467462.34, "Plan Rows": 331050, "Plan Width": 21, "Actual Startup Time": 8.756, "Actual Total Time": 707.622, "Actual Rows": 669, "Actual Loops": 1, "Inner Unique": false, "Plans": [{"Node Type": "Nested Loop", "Parent Relationship": "Outer", "Join Type": "Inner", "Startup Cost": 0.0, "Total Cost": 208944.27, "Plan Rows": 289936, "Plan Width": 25, "Actual Startup Time": 8.735, "Actual Total Time": 683.297, "Actual Rows": 767, "Actual Loops": 1, "Inner Unique": true, "Plans": [{"Node Type": "Nested Loop", "Parent Relationship": "Outer", "Join Type": "Inner", "Startup Cost": 0.0, "Total Cost": 61745.44, "Plan Rows": 209278, "Plan Width": 4, "Actual Startup Time": 8.711, "Actual Total Time": 676.429, "Actual Rows": 798, "Actual Loops": 1, "Inner Unique": false, "Plans": [{"Node Type": "Index Scan", "Parent Relationship": "Outer", "Scan Direction": "Forward", "Index Name": "company_type_pkey", "Relation Name": "company_type", "Alias": "ct", "Startup Cost": 0.0, "Total Cost": 12.3, "Plan Rows": 1, "Plan Width": 4, "Actual Startup Time": 0.037, "Actual Total Time": 0.046, "Actual Rows": 1, "Actual Loops": 1, "Filter": "((kind)::text = 'production companies'::text)", "Rows Removed by Filter": 2}, {"Node Type": "Index Scan", "Parent Relationship": "Inner", "Scan Direction": "Forward", "Index Name": "company_type_id_movie_companies", "Relation Name": "movie_companies", "Alias": "mc", "Startup Cost": 0.0, "Total Cost": 59640.35, "Plan Rows": 209279, "Plan Width": 8, "Actual Startup Time": 8.669, "Actual Total Time": 676.13, "Actual Rows": 798, "Actual Loops": 1, "Index Cond": "(company_type_id = ct.id), (LLVM Optimized, Jit Execute)", "Rows Removed by Index Recheck": 0, "Filter": "(((note)::text !~~ '%(TV)%'::text) AND ((note)::text ~~ '%(USA)%'::text)), (LLVM Optimized, Jit Execute)", "Rows Removed by Filter": 1334085}]}, {"Node Type": "Index Scan", "Parent Relationship": "Inner", "Scan Direction": "Forward", "Index Name": "title_pkey", "Relation Name": "title", "Alias": "t", "Startup Cost": 0.0, "Total Cost": 0.69, "Plan Rows": 1, "Plan Width": 21, "Actual Startup Time": 5.946, "Actual Total Time": 5.946, "Actual Rows": 767, "Actual Loops": 798, "Index Cond": "(id = mc.movie_id)", "Rows Removed by Index Recheck": 0, "Filter": "(production_year > 1990)", "Rows Removed by Filter": 31}]}, {"Node Type": "Index Scan", "Parent Relationship": "Inner", "Scan Direction": "Forward", "Index Name": "movie_id_movie_info", "Relation Name": "movie_info", "Alias": "mi", "Startup Cost": 0.0, "Total Cost": 0.88, "Plan Rows": 1, "Plan Width": 8, "Actual Startup Time": 20.757, "Actual Total Time": 23.645, "Actual Rows": 669, "Actual Loops": 767, "Index Cond": "(movie_id = t.id)", "Rows Removed by Index Recheck": 0, "Filter": "((info)::text = ANY ('{Sweden,Norway,Germany,Denmark,Swedish,Denish,Norwegian,German,USA,American}'::text[]))", "Rows Removed by Filter": 7721}]}, {"Node Type": "Index Scan", "Parent Relationship": "Inner", "Scan Direction": "Forward", "Index Name": "info_type_pkey", "Relation Name": "info_type", "Alias": "it", "Startup Cost": 0.0, "Total Cost": 0.27, "Plan Rows": 1, "Plan Width": 4, "Actual Startup Time": 1.208, "Actual Total Time": 1.208, "Actual Rows": 669, "Actual Loops": 669, "Index Cond": "(id = mi.info_type_id)", "Rows Removed by Index Recheck": 0}]}]}, "Triggers": [], "Planner Runtime": 3.573, "Total Runtime": 719.774, "Unique SQL Id": 322094867}}, "(64, 118)": {"explain_plan": {"Plan": {"Node Type": "Aggregate", "Strategy": "Plain", "Startup Cost": 1933293.46, "Total Cost": 1933293.47, "Plan Rows": 1, "Plan Width": 49, "Plans": [{"Node Type": "Nested Loop", "Parent Relationship": "Outer", "Join Type": "Inner", "Startup Cost": 0.31, "Total Cost": 1932465.84, "Plan Rows": 331050, "Plan Width": 17, "Inner Unique": true, "Plans": [{"Node Type": "Streaming(type: LOCAL GATHER dop: 1/64)", "Parent Relationship": "Outer", "Startup Cost": 0.0, "Total Cost": 896905.5, "Plan Rows": 238955, "Plan Width": 8, "Plans": [{"Node Type": "Nested Loop", "Parent Relationship": "Outer", "Join Type": "Inner", "Startup Cost": 0.0, "Total Cost": 891975.89, "Plan Rows": 238955, "Plan Width": 8, "Inner Unique": true, "Join Filter": "(mi.info_type_id = it.id), (LLVM Optimized)", "Plans": [{"Node Type": "Nested Loop", "Parent Relationship": "Outer", "Join Type": "Inner", "Startup Cost": 0.0, "Total Cost": 822553.05, "Plan Rows": 238955, "Plan Width": 12, "Inner Unique": false, "Join Filter": "(mc.movie_id = mi.movie_id), (LLVM Optimized)", "Plans": [{"Node Type": "Streaming(type: LOCAL REDISTRIBUTE dop: 64/1)", "Parent Relationship": "Outer", "Startup Cost": 0.0, "Total Cost": 131598.86, "Plan Rows": 209278, "Plan Width": 4, "Plans": [{"Node Type": "Nested Loop", "Parent Relationship": "Outer", "Join Type": "Inner", "Startup Cost": 0.0, "Total Cost": 60095.92, "Plan Rows": 209278, "Plan Width": 4, "Inner Unique": false, "Join Filter": "(ct.id = mc.company_type_id), (LLVM Optimized)", "Plans": [{"Node Type": "Seq Scan", "Parent Relationship": "Outer", "Relation Name": "company_type", "Alias": "ct", "Startup Cost": 0.0, "Total Cost": 1.04, "Plan Rows": 1, "Plan Width": 4, "Filter": "((kind)::text = 'production companies'::text)"}, {"Node Type": "Seq Scan", "Parent Relationship": "Inner", "Relation Name": "movie_companies", "Alias": "mc", "Startup Cost": 0.0, "Total Cost": 54862.92, "Plan Rows": 418557, "Plan Width": 8, "Filter": "(((note)::text !~~ '%(TV)%'::text) AND ((note)::text ~~ '%(USA)%'::text)), (LLVM Optimized)"}]}]}, {"Node Type": "Materialize", "Parent Relationship": "Inner", "Startup Cost": 0.0, "Total Cost": 134289.54, "Plan Rows": 726375, "Plan Width": 8, "Plans": [{"Node Type": "Streaming(type: LOCAL REDISTRIBUTE dop: 64/64)", "Parent Relationship": "Outer", "Startup Cost": 0.0, "Total Cost": 134232.79, "Plan Rows": 726375, "Plan Width": 8, "Plans": [{"Node Type": "Seq Scan", "Parent Relationship": "Outer", "Relation Name": "movie_info", "Alias": "mi", "Startup Cost": 0.0, "Total Cost": 70544.72, "Plan Rows": 726375, "Plan Width": 8, "Filter": "((info)::text = ANY ('{Sweden,Norway,Germany,Denmark,Swedish,Denish,Norwegian,German,USA,American}'::text[]))"}]}]}]}, {"Node Type": "Materialize", "Parent Relationship": "Inner", "Startup Cost": 0.0, "Total Cost": 63150.56, "Plan Rows": 7168, "Plan Width": 4, "Plans": [{"Node Type": "Streaming(type: BROADCAST dop: 64/1)", "Parent Relationship": "Outer", "Startup Cost": 0.0, "Total Cost": 63150.0, "Plan Rows": 7168, "Plan Width": 4, "Plans": [{"Node Type": "Seq Scan", "Parent Relationship": "Outer", "Relation Name": "info_type", "Alias": "it", "Startup Cost": 0.0, "Total Cost": 2.12, "Plan Rows": 112, "Plan Width": 4}]}]}]}]}, {"Node Type": "Bitmap Heap Scan", "Parent Relationship": "Inner", "Relation Name": "title", "Alias": "t", "Startup Cost": 0.31, "Total Cost": 4.32, "Plan Rows": 1, "Plan Width": 21, "Recheck Cond": "(id = mi.movie_id)", "Filter": "(production_year > 1990)", "Plans": [{"Node Type": "Bitmap Index Scan", "Parent Relationship": "Outer", "Index Name": "title_pkey", "Startup Cost": 0.0, "Total Cost": 0.31, "Plan Rows": 1, "Plan Width": 0, "Index Cond": "(id = mi.movie_id)"}]}]}]}, "Unique SQL Id": 322094867}, "explain_analyze_plan": {"Plan": {"Node Type": "Aggregate", "Strategy": "Plain", "Startup Cost": 1933293.46, "Total Cost": 1933293.47, "Plan Rows": 1, "Plan Width": 49, "Actual Min Startup Time": 1818.726, "Actual Max Startup Time": 1818.726, "Actual Min Total Time": 1818.727, "Actual Max Total Time": 1818.727, "Actual Total Rows": 1, "Plans": [{"Node Type": "Nested Loop", "Parent Relationship": "Outer", "Join Type": "Inner", "Startup Cost": 0.31, "Total Cost": 1932465.84, "Plan Rows": 331050, "Plan Width": 17, "Actual Min Startup Time": 1770.5, "Actual Max Startup Time": 1770.5, "Actual Min Total Time": 1818.365, "Actual Max Total Time": 1818.365, "Actual Total Rows": 669, "Inner Unique": true, "Plans": [{"Node Type": "Streaming(type: LOCAL GATHER dop: 1/64)", "Parent Relationship": "Outer", "Startup Cost": 0.0, "Total Cost": 896905.5, "Plan Rows": 238955, "Plan Width": 8, "Actual Min Startup Time": 1770.402, "Actual Max Startup Time": 1770.402, "Actual Min Total Time": 1811.577, "Actual Max Total Time": 1811.577, "Actual Total Rows": 691, "Plans": [{"Node Type": "Nested Loop", "Parent Relationship": "Outer", "Join Type": "Inner", "Startup Cost": 0.0, "Total Cost": 891975.89, "Plan Rows": 238955, "Plan Width": 8, "Actual Min Startup Time": 1183.494, "Actual Max Startup Time": 1436.013, "Actual Min Total Time": 1205.125, "Actual Max Total Time": 1463.585, "Actual Total Rows": 691, "Inner Unique": true, "Join Filter": "(mi.info_type_id = it.id), (LLVM Optimized, Jit Execute)", "Rows Removed by Join Filter": 4196, "Plans": [{"Node Type": "Nested Loop", "Parent Relationship": "Outer", "Join Type": "Inner", "Startup Cost": 0.0, "Total Cost": 822553.05, "Plan Rows": 238955, "Plan Width": 12, "Actual Min Startup Time": 1180.818, "Actual Max Startup Time": 1198.533, "Actual Min Total Time": 1196.143, "Actual Max Total Time": 1243.775, "Actual Total Rows": 691, "Inner Unique": false, "Join Filter": "(mc.movie_id = mi.movie_id), (LLVM Optimized, Jit Execute)", "Rows Removed by Join Filter": 8812715, "Plans": [{"Node Type": "Streaming(type: LOCAL REDISTRIBUTE dop: 64/1)", "Parent Relationship": "Outer", "Startup Cost": 0.0, "Total Cost": 131598.86, "Plan Rows": 209278, "Plan Width": 4, "Actual Min Startup Time": 1048.685, "Actual Max Startup Time": 1050.03, "Actual Min Total Time": 1048.686, "Actual Max Total Time": 1050.033, "Actual Total Rows": 798, "Plans": [{"Node Type": "Nested Loop", "Parent Relationship": "Outer", "Join Type": "Inner", "Startup Cost": 0.0, "Total Cost": 60095.92, "Plan Rows": 209278, "Plan Width": 4, "Actual Min Startup Time": 911.934, "Actual Max Startup Time": 911.934, "Actual Min Total Time": 1271.722, "Actual Max Total Time": 1271.722, "Actual Total Rows": 798, "Inner Unique": false, "Join Filter": "(ct.id = mc.company_type_id), (LLVM Optimized, Jit Execute)", "Rows Removed by Join Filter": 294830, "Plans": [{"Node Type": "Seq Scan", "Parent Relationship": "Outer", "Relation Name": "company_type", "Alias": "ct", "Startup Cost": 0.0, "Total Cost": 1.04, "Plan Rows": 1, "Plan Width": 4, "Actual Min Startup Time": 0.021, "Actual Max Startup Time": 0.021, "Actual Min Total Time": 0.026, "Actual Max Total Time": 0.026, "Actual Total Rows": 1, "Filter": "((kind)::text = 'production companies'::text)", "Rows Removed by Filter": 2}, {"Node Type": "Seq Scan", "Parent Relationship": "Inner", "Relation Name": "movie_companies", "Alias": "mc", "Startup Cost": 0.0, "Total Cost": 54862.92, "Plan Rows": 418557, "Plan Width": 8, "Actual Min Startup Time": 0.032, "Actual Max Startup Time": 0.032, "Actual Min Total Time": 1209.088, "Actual Max Total Time": 1209.088, "Actual Total Rows": 295628, "Filter": "(((note)::text !~~ '%(TV)%'::text) AND ((note)::text ~~ '%(USA)%'::text)), (LLVM Optimized, Jit Execute)", "Rows Removed by Filter": 2313500}]}]}, {"Node Type": "Materialize", "Parent Relationship": "Inner", "Startup Cost": 0.0, "Total Cost": 134289.54, "Plan Rows": 726375, "Plan Width": 8, "Actual Min Startup Time": 130.287, "Actual Max Startup Time": 130.941, "Actual Min Total Time": 136.247, "Actual Max Total Time": 155.804, "Actual Total Rows": 8813470, "Plans": [{"Node Type": "Streaming(type: LOCAL REDISTRIBUTE dop: 64/64)", "Parent Relationship": "Outer", "Startup Cost": 0.0, "Total Cost": 134232.79, "Plan Rows": 726375, "Plan Width": 8, "Actual Min Startup Time": 0.126, "Actual Max Startup Time": 0.312, "Actual Min Total Time": 128.285, "Actual Max Total Time": 129.063, "Actual Total Rows": 706674, "Plans": [{"Node Type": "Seq Scan", "Parent Relationship": "Outer", "Relation Name": "movie_info", "Alias": "mi", "Startup Cost": 0.0, "Total Cost": 70544.72, "Plan Rows": 726375, "Plan Width": 8, "Actual Min Startup Time": 0.039, "Actual Max Startup Time": 3.447, "Actual Min Total Time": 126.01, "Actual Max Total Time": 158.433, "Actual Total Rows": 706674, "Filter": "((info)::text = ANY ('{Sweden,Norway,Germany,Denmark,Swedish,Denish,Norwegian,German,USA,American}'::text[]))", "Rows Removed by Filter": 14129045}]}]}]}, {"Node Type": "Materialize", "Parent Relationship": "Inner", "Startup Cost": 0.0, "Total Cost": 63150.56, "Plan Rows": 7168, "Plan Width": 4, "Actual Min Startup Time": 0.719, "Actual Max Startup Time": 249.421, "Actual Min Total Time": 0.725, "Actual Max Total Time": 249.426, "Actual Total Rows": 4951, "Plans": [{"Node Type": "Streaming(type: BROADCAST dop: 64/1)", "Parent Relationship": "Outer", "Startup Cost": 0.0, "Total Cost": 63150.0, "Plan Rows": 7168, "Plan Width": 4, "Actual Min Startup Time": 0.028, "Actual Max Startup Time": 50.203, "Actual Min Total Time": 0.693, "Actual Max Total Time": 249.4, "Actual Total Rows": 7168, "Plans": [{"Node Type": "Seq Scan", "Parent Relationship": "Outer", "Relation Name": "info_type", "Alias": "it", "Startup Cost": 0.0, "Total Cost": 2.12, "Plan Rows": 112, "Plan Width": 4, "Actual Min Startup Time": 0.025, "Actual Max Startup Time": 0.025, "Actual Min Total Time": 0.065, "Actual Max Total Time": 0.065, "Actual Total Rows": 112}]}]}]}]}, {"Node Type": "Bitmap Heap Scan", "Parent Relationship": "Inner", "Relation Name": "title", "Alias": "t", "Startup Cost": 0.31, "Total Cost": 4.32, "Plan Rows": 1, "Plan Width": 21, "Actual Min Startup Time": 5.774, "Actual Max Startup Time": 5.774, "Actual Min Total Time": 5.774, "Actual Max Total Time": 5.774, "Actual Total Rows": 669, "Recheck Cond": "(id = mi.movie_id)", "Rows Removed by Index Recheck": 0, "Filter": "(production_year > 1990)", "Rows Removed by Filter": 22, "Exact Heap Blocks": 691, "Lossy Heap Blocks": 691, "Plans": [{"Node Type": "Bitmap Index Scan", "Parent Relationship": "Outer", "Index Name": "title_pkey", "Startup Cost": 0.0, "Total Cost": 0.31, "Plan Rows": 1, "Plan Width": 0, "Actual Min Startup Time": 3.242, "Actual Max Startup Time": 3.242, "Actual Min Total Time": 3.242, "Actual Max Total Time": 3.242, "Actual Total Rows": 691, "Index Cond": "(id = mi.movie_id)"}]}]}]}, "Triggers": [], "Planner Runtime": 4.932, "Total Runtime": 1856.394, "Unique SQL Id": 322094867}}, "(64, 119)": {"explain_plan": {"Plan": {"Node Type": "Aggregate", "Strategy": "Plain", "Startup Cost": 2546736.36, "Total Cost": 2546736.37, "Plan Rows": 1, "Plan Width": 49, "Plans": [{"Node Type": "Nested Loop", "Parent Relationship": "Outer", "Join Type": "Inner", "Startup Cost": 29015.04, "Total Cost": 2545908.74, "Plan Rows": 331050, "Plan Width": 17, "Inner Unique": true, "Plans": [{"Node Type": "Nested Loop", "Parent Relationship": "Outer", "Join Type": "Inner", "Startup Cost": 29014.73, "Total Cost": 1510348.4, "Plan Rows": 238955, "Plan Width": 8, "Inner Unique": true, "Join Filter": "(mi.info_type_id = it.id), (LLVM Optimized)", "Plans": [{"Node Type": "Nested Loop", "Parent Relationship": "Outer", "Join Type": "Inner", "Startup Cost": 29005.9, "Total Cost": 1108889.77, "Plan Rows": 238955, "Plan Width": 12, "Inner Unique": false, "Plans": [{"Node Type": "Nested Loop", "Parent Relationship": "Outer", "Join Type": "Inner", "Startup Cost": 29005.06, "Total Cost": 69657.76, "Plan Rows": 209278, "Plan Width": 4, "Inner Unique": false, "Plans": [{"Node Type": "Bitmap Heap Scan", "Parent Relationship": "Outer", "Relation Name": "company_type", "Alias": "ct", "Startup Cost": 8.27, "Total Cost": 12.3, "Plan Rows": 1, "Plan Width": 4, "Filter": "((kind)::text = 'production companies'::text)", "Plans": [{"Node Type": "Bitmap Index Scan", "Parent Relationship": "Outer", "Index Name": "company_type_pkey", "Startup Cost": 0.0, "Total Cost": 8.27, "Plan Rows": 3, "Plan Width": 0}]}, {"Node Type": "Bitmap Heap Scan", "Parent Relationship": "Inner", "Relation Name": "movie_companies", "Alias": "mc", "Startup Cost": 28996.8, "Total Cost": 67552.67, "Plan Rows": 209279, "Plan Width": 8, "Recheck Cond": "(company_type_id = ct.id), (LLVM Optimized)", "Filter": "(((note)::text !~~ '%(TV)%'::text) AND ((note)::text ~~ '%(USA)%'::text)), (LLVM Optimized)", "Plans": [{"Node Type": "Bitmap Index Scan", "Parent Relationship": "Outer", "Index Name": "company_type_id_movie_companies", "Startup Cost": 0.0, "Total Cost": 28944.48, "Plan Rows": 1304564, "Plan Width": 0, "Index Cond": "(company_type_id = ct.id)"}]}]}, {"Node Type": "Bitmap Heap Scan", "Parent Relationship": "Inner", "Relation Name": "movie_info", "Alias": "mi", "Startup Cost": 0.83, "Total Cost": 4.96, "Plan Rows": 1, "Plan Width": 8, "Recheck Cond": "(movie_id = mc.movie_id)", "Filter": "((info)::text = ANY ('{Sweden,Norway,Germany,Denmark,Swedish,Denish,Norwegian,German,USA,American}'::text[]))", "Plans": [{"Node Type": "Bitmap Index Scan", "Parent Relationship": "Outer", "Index Name": "movie_id_movie_info", "Startup Cost": 0.0, "Total Cost": 0.83, "Plan Rows": 5, "Plan Width": 0, "Index Cond": "(movie_id = mc.movie_id)"}]}]}, {"Node Type": "Materialize", "Parent Relationship": "Inner", "Startup Cost": 8.84, "Total Cost": 14.52, "Plan Rows": 112, "Plan Width": 4, "Plans": [{"Node Type": "Bitmap Heap Scan", "Parent Relationship": "Outer", "Relation Name": "info_type", "Alias": "it", "Startup Cost": 8.84, "Total Cost": 13.96, "Plan Rows": 112, "Plan Width": 4, "Plans": [{"Node Type": "Bitmap Index Scan", "Parent Relationship": "Outer", "Index Name": "info_type_pkey", "Startup Cost": 0.0, "Total Cost": 8.81, "Plan Rows": 112, "Plan Width": 0}]}]}]}, {"Node Type": "Bitmap Heap Scan", "Parent Relationship": "Inner", "Relation Name": "title", "Alias": "t", "Startup Cost": 0.31, "Total Cost": 4.32, "Plan Rows": 1, "Plan Width": 21, "Recheck Cond": "(id = mi.movie_id)", "Filter": "(production_year > 1990)", "Plans": [{"Node Type": "Bitmap Index Scan", "Parent Relationship": "Outer", "Index Name": "title_pkey", "Startup Cost": 0.0, "Total Cost": 0.31, "Plan Rows": 1, "Plan Width": 0, "Index Cond": "(id = mi.movie_id)"}]}]}]}, "Unique SQL Id": 322094867}, "explain_analyze_plan": {"Plan": {"Node Type": "Aggregate", "Strategy": "Plain", "Startup Cost": 2546736.36, "Total Cost": 2546736.37, "Plan Rows": 1, "Plan Width": 49, "Actual Startup Time": 611.599, "Actual Total Time": 611.599, "Actual Rows": 1, "Actual Loops": 1, "Plans": [{"Node Type": "Nested Loop", "Parent Relationship": "Outer", "Join Type": "Inner", "Startup Cost": 29015.04, "Total Cost": 2545908.74, "Plan Rows": 331050, "Plan Width": 17, "Actual Startup Time": 154.525, "Actual Total Time": 610.873, "Actual Rows": 669, "Actual Loops": 1, "Inner Unique": true, "Plans": [{"Node Type": "Nested Loop", "Parent Relationship": "Outer", "Join Type": "Inner", "Startup Cost": 29014.73, "Total Cost": 1510348.4, "Plan Rows": 238955, "Plan Width": 8, "Actual Startup Time": 154.496, "Actual Total Time": 603.591, "Actual Rows": 691, "Actual Loops": 1, "Inner Unique": true, "Join Filter": "(mi.info_type_id = it.id), (LLVM Optimized, Jit Execute)", "Rows Removed by Join Filter": 4196, "Plans": [{"Node Type": "Nested Loop", "Parent Relationship": "Outer", "Join Type": "Inner", "Startup Cost": 29005.9, "Total Cost": 1108889.77, "Plan Rows": 238955, "Plan Width": 12, "Actual Startup Time": 154.424, "Actual Total Time": 601.877, "Actual Rows": 691, "Actual Loops": 1, "Inner Unique": false, "Plans": [{"Node Type": "Nested Loop", "Parent Relationship": "Outer", "Join Type": "Inner", "Startup Cost": 29005.06, "Total Cost": 69657.76, "Plan Rows": 209278, "Plan Width": 4, "Actual Startup Time": 154.34, "Actual Total Time": 571.393, "Actual Rows": 798, "Actual Loops": 1, "Inner Unique": false, "Plans": [{"Node Type": "Bitmap Heap Scan", "Parent Relationship": "Outer", "Relation Name": "company_type", "Alias": "ct", "Startup Cost": 8.27, "Total Cost": 12.3, "Plan Rows": 1, "Plan Width": 4, "Actual Startup Time": 0.053, "Actual Total Time": 0.058, "Actual Rows": 1, "Actual Loops": 1, "Filter": "((kind)::text = 'production companies'::text)", "Rows Removed by Filter": 2, "Exact Heap Blocks": 1, "Lossy Heap Blocks": 1, "Plans": [{"Node Type": "Bitmap Index Scan", "Parent Relationship": "Outer", "Index Name": "company_type_pkey", "Startup Cost": 0.0, "Total Cost": 8.27, "Plan Rows": 3, "Plan Width": 0, "Actual Startup Time": 0.02, "Actual Total Time": 0.02, "Actual Rows": 3, "Actual Loops": 1}]}, {"Node Type": "Bitmap Heap Scan", "Parent Relationship": "Inner", "Relation Name": "movie_companies", "Alias": "mc", "Startup Cost": 28996.8, "Total Cost": 67552.67, "Plan Rows": 209279, "Plan Width": 8, "Actual Startup Time": 154.278, "Actual Total Time": 571.084, "Actual Rows": 798, "Actual Loops": 1, "Recheck Cond": "(company_type_id = ct.id), (LLVM Optimized, Jit Execute)", "Rows Removed by Index Recheck": 0, "Filter": "(((note)::text !~~ '%(TV)%'::text) AND ((note)::text ~~ '%(USA)%'::text)), (LLVM Optimized, Jit Execute)", "Rows Removed by Filter": 1334085, "Exact Heap Blocks": 6196, "Lossy Heap Blocks": 6196, "Plans": [{"Node Type": "Bitmap Index Scan", "Parent Relationship": "Outer", "Index Name": "company_type_id_movie_companies", "Startup Cost": 0.0, "Total Cost": 28944.48, "Plan Rows": 1304564, "Plan Width": 0, "Actual Startup Time": 147.323, "Actual Total Time": 147.323, "Actual Rows": 1334883, "Actual Loops": 1, "Index Cond": "(company_type_id = ct.id)"}]}]}, {"Node Type": "Bitmap Heap Scan", "Parent Relationship": "Inner", "Relation Name": "movie_info", "Alias": "mi", "Startup Cost": 0.83, "Total Cost": 4.96, "Plan Rows": 1, "Plan Width": 8, "Actual Startup Time": 26.092, "Actual Total Time": 28.716, "Actual Rows": 691, "Actual Loops": 798, "Recheck Cond": "(movie_id = mc.movie_id)", "Rows Removed by Index Recheck": 0, "Filter": "((info)::text = ANY ('{Sweden,Norway,Germany,Denmark,Swedish,Denish,Norwegian,German,USA,American}'::text[]))", "Rows Removed by Filter": 7906, "Exact Heap Blocks": 6397, "Lossy Heap Blocks": 6397, "Plans": [{"Node Type": "Bitmap Index Scan", "Parent Relationship": "Outer", "Index Name": "movie_id_movie_info", "Startup Cost": 0.0, "Total Cost": 0.83, "Plan Rows": 5, "Plan Width": 0, "Actual Startup Time": 6.265, "Actual Total Time": 6.265, "Actual Rows": 8597, "Actual Loops": 798, "Index Cond": "(movie_id = mc.movie_id)"}]}]}, {"Node Type": "Materialize", "Parent Relationship": "Inner", "Startup Cost": 8.84, "Total Cost": 14.52, "Plan Rows": 112, "Plan Width": 4, "Actual Startup Time": 0.182, "Actual Total Time": 0.528, "Actual Rows": 4887, "Actual Loops": 691, "Plans": [{"Node Type": "Bitmap Heap Scan", "Parent Relationship": "Outer", "Relation Name": "info_type", "Alias": "it", "Startup Cost": 8.84, "Total Cost": 13.96, "Plan Rows": 112, "Plan Width": 4, "Actual Startup Time": 0.043, "Actual Total Time": 0.047, "Actual Rows": 17, "Actual Loops": 1, "Exact Heap Blocks": 1, "Lossy Heap Blocks": 1, "Plans": [{"Node Type": "Bitmap Index Scan", "Parent Relationship": "Outer", "Index Name": "info_type_pkey", "Startup Cost": 0.0, "Total Cost": 8.81, "Plan Rows": 112, "Plan Width": 0, "Actual Startup Time": 0.016, "Actual Total Time": 0.016, "Actual Rows": 112, "Actual Loops": 1}]}]}]}, {"Node Type": "Bitmap Heap Scan", "Parent Relationship": "Inner", "Relation Name": "title", "Alias": "t", "Startup Cost": 0.31, "Total Cost": 4.32, "Plan Rows": 1, "Plan Width": 21, "Actual Startup Time": 6.052, "Actual Total Time": 6.052, "Actual Rows": 669, "Actual Loops": 691, "Recheck Cond": "(id = mi.movie_id)", "Rows Removed by Index Recheck": 0, "Filter": "(production_year > 1990)", "Rows Removed by Filter": 22, "Exact Heap Blocks": 691, "Lossy Heap Blocks": 691, "Plans": [{"Node Type": "Bitmap Index Scan", "Parent Relationship": "Outer", "Index Name": "title_pkey", "Startup Cost": 0.0, "Total Cost": 0.31, "Plan Rows": 1, "Plan Width": 0, "Actual Startup Time": 3.384, "Actual Total Time": 3.384, "Actual Rows": 691, "Actual Loops": 691, "Index Cond": "(id = mi.movie_id)"}]}]}]}, "Triggers": [], "Planner Runtime": 3.695, "Total Runtime": 621.921, "Unique SQL Id": 322094867}}, "(64, 120)": {"explain_plan": {"Plan": {"Node Type": "Aggregate", "Strategy": "Plain", "Startup Cost": 559338.09, "Total Cost": 559338.1, "Plan Rows": 1, "Plan Width": 49, "Plans": [{"Node Type": "Nested Loop", "Parent Relationship": "Outer", "Join Type": "Inner", "Startup Cost": 0.0, "Total Cost": 558510.46, "Plan Rows": 331050, "Plan Width": 17, "Inner Unique": true, "Plans": [{"Node Type": "Nested Loop", "Parent Relationship": "Outer", "Join Type": "Inner", "Startup Cost": 0.0, "Total Cost": 465812.82, "Plan Rows": 331050, "Plan Width": 21, "Inner Unique": false, "Plans": [{"Node Type": "Nested Loop", "Parent Relationship": "Outer", "Join Type": "Inner", "Startup Cost": 0.0, "Total Cost": 207294.74, "Plan Rows": 289936, "Plan Width": 25, "Inner Unique": true, "Plans": [{"Node Type": "Nested Loop", "Parent Relationship": "Outer", "Join Type": "Inner", "Startup Cost": 0.0, "Total Cost": 60095.92, "Plan Rows": 209278, "Plan Width": 4, "Inner Unique": false, "Join Filter": "(ct.id = mc.company_type_id), (LLVM Optimized)", "Plans": [{"Node Type": "Seq Scan", "Parent Relationship": "Outer", "Relation Name": "company_type", "Alias": "ct", "Startup Cost": 0.0, "Total Cost": 1.04, "Plan Rows": 1, "Plan Width": 4, "Filter": "((kind)::text = 'production companies'::text)"}, {"Node Type": "Seq Scan", "Parent Relationship": "Inner", "Relation Name": "movie_companies", "Alias": "mc", "Startup Cost": 0.0, "Total Cost": 54862.92, "Plan Rows": 418557, "Plan Width": 8, "Filter": "(((note)::text !~~ '%(TV)%'::text) AND ((note)::text ~~ '%(USA)%'::text)), (LLVM Optimized)"}]}, {"Node Type": "Index Scan", "Parent Relationship": "Inner", "Scan Direction": "Forward", "Index Name": "title_pkey", "Relation Name": "title", "Alias": "t", "Startup Cost": 0.0, "Total Cost": 0.69, "Plan Rows": 1, "Plan Width": 21, "Index Cond": "(id = mc.movie_id)", "Filter": "(production_year > 1990)"}]}, {"Node Type": "Index Scan", "Parent Relationship": "Inner", "Scan Direction": "Forward", "Index Name": "movie_id_movie_info", "Relation Name": "movie_info", "Alias": "mi", "Startup Cost": 0.0, "Total Cost": 0.88, "Plan Rows": 1, "Plan Width": 8, "Index Cond": "(movie_id = t.id)", "Filter": "((info)::text = ANY ('{Sweden,Norway,Germany,Denmark,Swedish,Denish,Norwegian,German,USA,American}'::text[]))"}]}, {"Node Type": "Index Only Scan", "Parent Relationship": "Inner", "Scan Direction": "Forward", "Index Name": "info_type_pkey", "Relation Name": "info_type", "Alias": "it", "Startup Cost": 0.0, "Total Cost": 0.27, "Plan Rows": 1, "Plan Width": 4, "Index Cond": "(id = mi.info_type_id)"}]}]}, "Unique SQL Id": 322094867}, "explain_analyze_plan": {"Plan": {"Node Type": "Aggregate", "Strategy": "Plain", "Startup Cost": 559338.09, "Total Cost": 559338.1, "Plan Rows": 1, "Plan Width": 49, "Actual Startup Time": 1293.678, "Actual Total Time": 1293.678, "Actual Rows": 1, "Actual Loops": 1, "Plans": [{"Node Type": "Nested Loop", "Parent Relationship": "Outer", "Join Type": "Inner", "Startup Cost": 0.0, "Total Cost": 558510.46, "Plan Rows": 331050, "Plan Width": 17, "Actual Startup Time": 913.508, "Actual Total Time": 1293.16, "Actual Rows": 669, "Actual Loops": 1, "Inner Unique": true, "Plans": [{"Node Type": "Nested Loop", "Parent Relationship": "Outer", "Join Type": "Inner", "Startup Cost": 0.0, "Total Cost": 465812.82, "Plan Rows": 331050, "Plan Width": 21, "Actual Startup Time": 913.494, "Actual Total Time": 1291.84, "Actual Rows": 669, "Actual Loops": 1, "Inner Unique": false, "Plans": [{"Node Type": "Nested Loop", "Parent Relationship": "Outer", "Join Type": "Inner", "Startup Cost": 0.0, "Total Cost": 207294.74, "Plan Rows": 289936, "Plan Width": 25, "Actual Startup Time": 913.466, "Actual Total Time": 1267.389, "Actual Rows": 767, "Actual Loops": 1, "Inner Unique": true, "Plans": [{"Node Type": "Nested Loop", "Parent Relationship": "Outer", "Join Type": "Inner", "Startup Cost": 0.0, "Total Cost": 60095.92, "Plan Rows": 209278, "Plan Width": 4, "Actual Startup Time": 913.398, "Actual Total Time": 1260.262, "Actual Rows": 798, "Actual Loops": 1, "Inner Unique": false, "Join Filter": "(ct.id = mc.company_type_id), (LLVM Optimized, Jit Execute)", "Rows Removed by Join Filter": 294830, "Plans": [{"Node Type": "Seq Scan", "Parent Relationship": "Outer", "Relation Name": "company_type", "Alias": "ct", "Startup Cost": 0.0, "Total Cost": 1.04, "Plan Rows": 1, "Plan Width": 4, "Actual Startup Time": 0.019, "Actual Total Time": 0.023, "Actual Rows": 1, "Actual Loops": 1, "Filter": "((kind)::text = 'production companies'::text)", "Rows Removed by Filter": 2}, {"Node Type": "Seq Scan", "Parent Relationship": "Inner", "Relation Name": "movie_companies", "Alias": "mc", "Startup Cost": 0.0, "Total Cost": 54862.92, "Plan Rows": 418557, "Plan Width": 8, "Actual Startup Time": 0.026, "Actual Total Time": 1197.65, "Actual Rows": 295628, "Actual Loops": 1, "Filter": "(((note)::text !~~ '%(TV)%'::text) AND ((note)::text ~~ '%(USA)%'::text)), (LLVM Optimized, Jit Execute)", "Rows Removed by Filter": 2313500}]}, {"Node Type": "Index Scan", "Parent Relationship": "Inner", "Scan Direction": "Forward", "Index Name": "title_pkey", "Relation Name": "title", "Alias": "t", "Startup Cost": 0.0, "Total Cost": 0.69, "Plan Rows": 1, "Plan Width": 21, "Actual Startup Time": 6.271, "Actual Total Time": 6.271, "Actual Rows": 767, "Actual Loops": 798, "Index Cond": "(id = mc.movie_id)", "Rows Removed by Index Recheck": 0, "Filter": "(production_year > 1990)", "Rows Removed by Filter": 31}]}, {"Node Type": "Index Scan", "Parent Relationship": "Inner", "Scan Direction": "Forward", "Index Name": "movie_id_movie_info", "Relation Name": "movie_info", "Alias": "mi", "Startup Cost": 0.0, "Total Cost": 0.88, "Plan Rows": 1, "Plan Width": 8, "Actual Startup Time": 20.834, "Actual Total Time": 23.78, "Actual Rows": 669, "Actual Loops": 767, "Index Cond": "(movie_id = t.id)", "Rows Removed by Index Recheck": 0, "Filter": "((info)::text = ANY ('{Sweden,Norway,Germany,Denmark,Swedish,Denish,Norwegian,German,USA,American}'::text[]))", "Rows Removed by Filter": 7721}]}, {"Node Type": "Index Only Scan", "Parent Relationship": "Inner", "Scan Direction": "Forward", "Index Name": "info_type_pkey", "Relation Name": "info_type", "Alias": "it", "Startup Cost": 0.0, "Total Cost": 0.27, "Plan Rows": 1, "Plan Width": 4, "Actual Startup Time": 0.706, "Actual Total Time": 0.706, "Actual Rows": 669, "Actual Loops": 669, "Index Cond": "(id = mi.info_type_id)", "Rows Removed by Index Recheck": 0, "Heap Fetches": 0}]}]}, "Triggers": [], "Planner Runtime": 3.845, "Total Runtime": 1303.42, "Unique SQL Id": 322094867}}, "(64, 121)": {"explain_plan": {"Plan": {"Node Type": "Aggregate", "Strategy": "Plain", "Startup Cost": 560987.61, "Total Cost": 560987.62, "Plan Rows": 1, "Plan Width": 49, "Plans": [{"Node Type": "Nested Loop", "Parent Relationship": "Outer", "Join Type": "Inner", "Startup Cost": 0.0, "Total Cost": 560159.98, "Plan Rows": 331050, "Plan Width": 17, "Inner Unique": true, "Plans": [{"Node Type": "Nested Loop", "Parent Relationship": "Outer", "Join Type": "Inner", "Startup Cost": 0.0, "Total Cost": 467462.34, "Plan Rows": 331050, "Plan Width": 21, "Inner Unique": false, "Plans": [{"Node Type": "Nested Loop", "Parent Relationship": "Outer", "Join Type": "Inner", "Startup Cost": 0.0, "Total Cost": 208944.27, "Plan Rows": 289936, "Plan Width": 25, "Inner Unique": true, "Plans": [{"Node Type": "Nested Loop", "Parent Relationship": "Outer", "Join Type": "Inner", "Startup Cost": 0.0, "Total Cost": 61745.44, "Plan Rows": 209278, "Plan Width": 4, "Inner Unique": false, "Plans": [{"Node Type": "Index Scan", "Parent Relationship": "Outer", "Scan Direction": "Forward", "Index Name": "company_type_pkey", "Relation Name": "company_type", "Alias": "ct", "Startup Cost": 0.0, "Total Cost": 12.3, "Plan Rows": 1, "Plan Width": 4, "Filter": "((kind)::text = 'production companies'::text)"}, {"Node Type": "Index Scan", "Parent Relationship": "Inner", "Scan Direction": "Forward", "Index Name": "company_type_id_movie_companies", "Relation Name": "movie_companies", "Alias": "mc", "Startup Cost": 0.0, "Total Cost": 59640.35, "Plan Rows": 209279, "Plan Width": 8, "Index Cond": "(company_type_id = ct.id), (LLVM Optimized)", "Filter": "(((note)::text !~~ '%(TV)%'::text) AND ((note)::text ~~ '%(USA)%'::text)), (LLVM Optimized)"}]}, {"Node Type": "Index Scan", "Parent Relationship": "Inner", "Scan Direction": "Forward", "Index Name": "title_pkey", "Relation Name": "title", "Alias": "t", "Startup Cost": 0.0, "Total Cost": 0.69, "Plan Rows": 1, "Plan Width": 21, "Index Cond": "(id = mc.movie_id)", "Filter": "(production_year > 1990)"}]}, {"Node Type": "Index Scan", "Parent Relationship": "Inner", "Scan Direction": "Forward", "Index Name": "movie_id_movie_info", "Relation Name": "movie_info", "Alias": "mi", "Startup Cost": 0.0, "Total Cost": 0.88, "Plan Rows": 1, "Plan Width": 8, "Index Cond": "(movie_id = t.id)", "Filter": "((info)::text = ANY ('{Sweden,Norway,Germany,Denmark,Swedish,Denish,Norwegian,German,USA,American}'::text[]))"}]}, {"Node Type": "Index Only Scan", "Parent Relationship": "Inner", "Scan Direction": "Forward", "Index Name": "info_type_pkey", "Relation Name": "info_type", "Alias": "it", "Startup Cost": 0.0, "Total Cost": 0.27, "Plan Rows": 1, "Plan Width": 4, "Index Cond": "(id = mi.info_type_id)"}]}]}, "Unique SQL Id": 322094867}, "explain_analyze_plan": {"Plan": {"Node Type": "Aggregate", "Strategy": "Plain", "Startup Cost": 560987.61, "Total Cost": 560987.62, "Plan Rows": 1, "Plan Width": 49, "Actual Startup Time": 791.846, "Actual Total Time": 791.847, "Actual Rows": 1, "Actual Loops": 1, "Plans": [{"Node Type": "Nested Loop", "Parent Relationship": "Outer", "Join Type": "Inner", "Startup Cost": 0.0, "Total Cost": 560159.98, "Plan Rows": 331050, "Plan Width": 17, "Actual Startup Time": 9.819, "Actual Total Time": 791.354, "Actual Rows": 669, "Actual Loops": 1, "Inner Unique": true, "Plans": [{"Node Type": "Nested Loop", "Parent Relationship": "Outer", "Join Type": "Inner", "Startup Cost": 0.0, "Total Cost": 467462.34, "Plan Rows": 331050, "Plan Width": 21, "Actual Startup Time": 9.809, "Actual Total Time": 789.934, "Actual Rows": 669, "Actual Loops": 1, "Inner Unique": false, "Plans": [{"Node Type": "Nested Loop", "Parent Relationship": "Outer", "Join Type": "Inner", "Startup Cost": 0.0, "Total Cost": 208944.27, "Plan Rows": 289936, "Plan Width": 25, "Actual Startup Time": 9.786, "Actual Total Time": 763.201, "Actual Rows": 767, "Actual Loops": 1, "Inner Unique": true, "Plans": [{"Node Type": "Nested Loop", "Parent Relationship": "Outer", "Join Type": "Inner", "Startup Cost": 0.0, "Total Cost": 61745.44, "Plan Rows": 209278, "Plan Width": 4, "Actual Startup Time": 9.76, "Actual Total Time": 755.52, "Actual Rows": 798, "Actual Loops": 1, "Inner Unique": false, "Plans": [{"Node Type": "Index Scan", "Parent Relationship": "Outer", "Scan Direction": "Forward", "Index Name": "company_type_pkey", "Relation Name": "company_type", "Alias": "ct", "Startup Cost": 0.0, "Total Cost": 12.3, "Plan Rows": 1, "Plan Width": 4, "Actual Startup Time": 0.025, "Actual Total Time": 0.032, "Actual Rows": 1, "Actual Loops": 1, "Filter": "((kind)::text = 'production companies'::text)", "Rows Removed by Filter": 2}, {"Node Type": "Index Scan", "Parent Relationship": "Inner", "Scan Direction": "Forward", "Index Name": "company_type_id_movie_companies", "Relation Name": "movie_companies", "Alias": "mc", "Startup Cost": 0.0, "Total Cost": 59640.35, "Plan Rows": 209279, "Plan Width": 8, "Actual Startup Time": 9.731, "Actual Total Time": 755.252, "Actual Rows": 798, "Actual Loops": 1, "Index Cond": "(company_type_id = ct.id), (LLVM Optimized)", "Rows Removed by Index Recheck": 0, "Filter": "(((note)::text !~~ '%(TV)%'::text) AND ((note)::text ~~ '%(USA)%'::text)), (LLVM Optimized)", "Rows Removed by Filter": 1334085}]}, {"Node Type": "Index Scan", "Parent Relationship": "Inner", "Scan Direction": "Forward", "Index Name": "title_pkey", "Relation Name": "title", "Alias": "t", "Startup Cost": 0.0, "Total Cost": 0.69, "Plan Rows": 1, "Plan Width": 21, "Actual Startup Time": 6.74, "Actual Total Time": 6.74, "Actual Rows": 767, "Actual Loops": 798, "Index Cond": "(id = mc.movie_id)", "Rows Removed by Index Recheck": 0, "Filter": "(production_year > 1990)", "Rows Removed by Filter": 31}]}, {"Node Type": "Index Scan", "Parent Relationship": "Inner", "Scan Direction": "Forward", "Index Name": "movie_id_movie_info", "Relation Name": "movie_info", "Alias": "mi", "Startup Cost": 0.0, "Total Cost": 0.88, "Plan Rows": 1, "Plan Width": 8, "Actual Startup Time": 22.838, "Actual Total Time": 26.044, "Actual Rows": 669, "Actual Loops": 767, "Index Cond": "(movie_id = t.id)", "Rows Removed by Index Recheck": 0, "Filter": "((info)::text = ANY ('{Sweden,Norway,Germany,Denmark,Swedish,Denish,Norwegian,German,USA,American}'::text[]))", "Rows Removed by Filter": 7721}]}, {"Node Type": "Index Only Scan", "Parent Relationship": "Inner", "Scan Direction": "Forward", "Index Name": "info_type_pkey", "Relation Name": "info_type", "Alias": "it", "Startup Cost": 0.0, "Total Cost": 0.27, "Plan Rows": 1, "Plan Width": 4, "Actual Startup Time": 0.771, "Actual Total Time": 0.771, "Actual Rows": 669, "Actual Loops": 669, "Index Cond": "(id = mi.info_type_id)", "Rows Removed by Index Recheck": 0, "Heap Fetches": 0}]}]}, "Triggers": [], "Planner Runtime": 3.468, "Total Runtime": 801.509, "Unique SQL Id": 322094867}}, "(64, 122)": {"explain_plan": {"Plan": {"Node Type": "Aggregate", "Strategy": "Plain", "Startup Cost": 2615106.92, "Total Cost": 2615106.94, "Plan Rows": 1, "Plan Width": 49, "Plans": [{"Node Type": "Streaming(type: LOCAL GATHER dop: 1/64)", "Parent Relationship": "Outer", "Startup Cost": 2615106.92, "Total Cost": 2615106.94, "Plan Rows": 1, "Plan Width": 49, "Plans": [{"Node Type": "Aggregate", "Strategy": "Plain", "Parent Relationship": "Outer", "Startup Cost": 2615106.92, "Total Cost": 2615106.93, "Plan Rows": 1, "Plan Width": 49, "Plans": [{"Node Type": "Nested Loop", "Parent Relationship": "Outer", "Join Type": "Inner", "Startup Cost": 0.0, "Total Cost": 2614279.3, "Plan Rows": 331050, "Plan Width": 17, "Inner Unique": false, "Join Filter": "(mi.movie_id = t.id), (LLVM Optimized)", "Plans": [{"Node Type": "Streaming(type: LOCAL REDISTRIBUTE dop: 64/64)", "Parent Relationship": "Outer", "Startup Cost": 0.0, "Total Cost": 128693.96, "Plan Rows": 1748840, "Plan Width": 21, "Plans": [{"Node Type": "Seq Scan", "Parent Relationship": "Outer", "Relation Name": "title", "Alias": "t", "Startup Cost": 0.0, "Total Cost": 64037.34, "Plan Rows": 1748840, "Plan Width": 21, "Filter": "(production_year > 1990), (LLVM Optimized)"}]}, {"Node Type": "Materialize", "Parent Relationship": "Inner", "Startup Cost": 0.0, "Total Cost": 955220.91, "Plan Rows": 238955, "Plan Width": 8, "Plans": [{"Node Type": "Streaming(type: LOCAL REDISTRIBUTE dop: 64/64)", "Parent Relationship": "Outer", "Startup Cost": 0.0, "Total Cost": 955202.24, "Plan Rows": 238955, "Plan Width": 8, "Plans": [{"Node Type": "Nested Loop", "Parent Relationship": "Outer", "Join Type": "Inner", "Startup Cost": 0.0, "Total Cost": 891975.89, "Plan Rows": 238955, "Plan Width": 8, "Inner Unique": true, "Join Filter": "(mi.info_type_id = it.id), (LLVM Optimized)", "Plans": [{"Node Type": "Nested Loop", "Parent Relationship": "Outer", "Join Type": "Inner", "Startup Cost": 0.0, "Total Cost": 822553.05, "Plan Rows": 238955, "Plan Width": 12, "Inner Unique": false, "Join Filter": "(mc.movie_id = mi.movie_id), (LLVM Optimized)", "Plans": [{"Node Type": "Streaming(type: LOCAL REDISTRIBUTE dop: 64/1)", "Parent Relationship": "Outer", "Startup Cost": 0.0, "Total Cost": 131598.86, "Plan Rows": 209278, "Plan Width": 4, "Plans": [{"Node Type": "Nested Loop", "Parent Relationship": "Outer", "Join Type": "Inner", "Startup Cost": 0.0, "Total Cost": 60095.92, "Plan Rows": 209278, "Plan Width": 4, "Inner Unique": false, "Join Filter": "(ct.id = mc.company_type_id), (LLVM Optimized)", "Plans": [{"Node Type": "Seq Scan", "Parent Relationship": "Outer", "Relation Name": "company_type", "Alias": "ct", "Startup Cost": 0.0, "Total Cost": 1.04, "Plan Rows": 1, "Plan Width": 4, "Filter": "((kind)::text = 'production companies'::text)"}, {"Node Type": "Seq Scan", "Parent Relationship": "Inner", "Relation Name": "movie_companies", "Alias": "mc", "Startup Cost": 0.0, "Total Cost": 54862.92, "Plan Rows": 418557, "Plan Width": 8, "Filter": "(((note)::text !~~ '%(TV)%'::text) AND ((note)::text ~~ '%(USA)%'::text)), (LLVM Optimized)"}]}]}, {"Node Type": "Materialize", "Parent Relationship": "Inner", "Startup Cost": 0.0, "Total Cost": 134289.54, "Plan Rows": 726375, "Plan Width": 8, "Plans": [{"Node Type": "Streaming(type: LOCAL REDISTRIBUTE dop: 64/64)", "Parent Relationship": "Outer", "Startup Cost": 0.0, "Total Cost": 134232.79, "Plan Rows": 726375, "Plan Width": 8, "Plans": [{"Node Type": "Seq Scan", "Parent Relationship": "Outer", "Relation Name": "movie_info", "Alias": "mi", "Startup Cost": 0.0, "Total Cost": 70544.72, "Plan Rows": 726375, "Plan Width": 8, "Filter": "((info)::text = ANY ('{Sweden,Norway,Germany,Denmark,Swedish,Denish,Norwegian,German,USA,American}'::text[]))"}]}]}]}, {"Node Type": "Materialize", "Parent Relationship": "Inner", "Startup Cost": 0.0, "Total Cost": 63150.56, "Plan Rows": 7168, "Plan Width": 4, "Plans": [{"Node Type": "Streaming(type: BROADCAST dop: 64/1)", "Parent Relationship": "Outer", "Startup Cost": 0.0, "Total Cost": 63150.0, "Plan Rows": 7168, "Plan Width": 4, "Plans": [{"Node Type": "Seq Scan", "Parent Relationship": "Outer", "Relation Name": "info_type", "Alias": "it", "Startup Cost": 0.0, "Total Cost": 2.12, "Plan Rows": 112, "Plan Width": 4}]}]}]}]}]}]}]}]}]}, "Unique SQL Id": 322094867}, "explain_analyze_plan": {"Plan": {"Node Type": "Aggregate", "Strategy": "Plain", "Startup Cost": 2615106.92, "Total Cost": 2615106.94, "Plan Rows": 1, "Plan Width": 49, "Actual Min Startup Time": 2439.201, "Actual Max Startup Time": 2439.201, "Actual Min Total Time": 2439.201, "Actual Max Total Time": 2439.201, "Actual Total Rows": 1, "Plans": [{"Node Type": "Streaming(type: LOCAL GATHER dop: 1/64)", "Parent Relationship": "Outer", "Startup Cost": 2615106.92, "Total Cost": 2615106.94, "Plan Rows": 1, "Plan Width": 49, "Actual Min Startup Time": 2436.965, "Actual Max Startup Time": 2436.965, "Actual Min Total Time": 2439.16, "Actual Max Total Time": 2439.16, "Actual Total Rows": 64, "Plans": [{"Node Type": "Aggregate", "Strategy": "Plain", "Parent Relationship": "Outer", "Startup Cost": 2615106.92, "Total Cost": 2615106.93, "Plan Rows": 1, "Plan Width": 49, "Actual Min Startup Time": 1476.129, "Actual Max Startup Time": 2091.997, "Actual Min Total Time": 1476.13, "Actual Max Total Time": 2091.997, "Actual Total Rows": 64, "Plans": [{"Node Type": "Nested Loop", "Parent Relationship": "Outer", "Join Type": "Inner", "Startup Cost": 0.0, "Total Cost": 2614279.3, "Plan Rows": 331050, "Plan Width": 17, "Actual Min Startup Time": 1272.903, "Actual Max Startup Time": 1987.566, "Actual Min Total Time": 1476.083, "Actual Max Total Time": 2091.954, "Actual Total Rows": 669, "Inner Unique": false, "Join Filter": "(mi.movie_id = t.id), (LLVM Optimized, Jit Execute)", "Rows Removed by Join Filter": 18883935, "Plans": [{"Node Type": "Streaming(type: LOCAL REDISTRIBUTE dop: 64/64)", "Parent Relationship": "Outer", "Startup Cost": 0.0, "Total Cost": 128693.96, "Plan Rows": 1748840, "Plan Width": 21, "Actual Min Startup Time": 0.134, "Actual Max Startup Time": 2.115, "Actual Min Total Time": 16.292, "Actual Max Total Time": 168.525, "Actual Total Rows": 1749032, "Plans": [{"Node Type": "Seq Scan", "Parent Relationship": "Outer", "Relation Name": "title", "Alias": "t", "Startup Cost": 0.0, "Total Cost": 64037.34, "Plan Rows": 1748840, "Plan Width": 21, "Actual Min Startup Time": 0.022, "Actual Max Startup Time": 0.059, "Actual Min Total Time": 13.729, "Actual Max Total Time": 20.417, "Actual Total Rows": 1749032, "Filter": "(production_year > 1990), (LLVM Optimized, Jit Execute)", "Rows Removed by Filter": 779279}]}, {"Node Type": "Materialize", "Parent Relationship": "Inner", "Startup Cost": 0.0, "Total Cost": 955220.91, "Plan Rows": 238955, "Plan Width": 8, "Actual Min Startup Time": 1266.981, "Actual Max Startup Time": 1883.517, "Actual Min Total Time": 1286.757, "Actual Max Total Time": 1903.106, "Actual Total Rows": 18884668, "Plans": [{"Node Type": "Streaming(type: LOCAL REDISTRIBUTE dop: 64/64)", "Parent Relationship": "Outer", "Startup Cost": 0.0, "Total Cost": 955202.24, "Plan Rows": 238955, "Plan Width": 8, "Actual Min Startup Time": 1216.481, "Actual Max Startup Time": 1833.622, "Actual Min Total Time": 1264.705, "Actual Max Total Time": 1880.653, "Actual Total Rows": 691, "Plans": [{"Node Type": "Nested Loop", "Parent Relationship": "Outer", "Join Type": "Inner", "Startup Cost": 0.0, "Total Cost": 891975.89, "Plan Rows": 238955, "Plan Width": 8, "Actual Min Startup Time": 1191.535, "Actual Max Startup Time": 1778.909, "Actual Min Total Time": 1222.772, "Actual Max Total Time": 1794.644, "Actual Total Rows": 691, "Inner Unique": true, "Join Filter": "(mi.info_type_id = it.id), (LLVM Optimized, Jit Execute)", "Rows Removed by Join Filter": 4196, "Plans": [{"Node Type": "Nested Loop", "Parent Relationship": "Outer", "Join Type": "Inner", "Startup Cost": 0.0, "Total Cost": 822553.05, "Plan Rows": 238955, "Plan Width": 12, "Actual Min Startup Time": 1189.635, "Actual Max Startup Time": 1207.649, "Actual Min Total Time": 1202.415, "Actual Max Total Time": 1263.699, "Actual Total Rows": 691, "Inner Unique": false, "Join Filter": "(mc.movie_id = mi.movie_id), (LLVM Optimized, Jit Execute)", "Rows Removed by Join Filter": 8812715, "Plans": [{"Node Type": "Streaming(type: LOCAL REDISTRIBUTE dop: 64/1)", "Parent Relationship": "Outer", "Startup Cost": 0.0, "Total Cost": 131598.86, "Plan Rows": 209278, "Plan Width": 4, "Actual Min Startup Time": 1055.219, "Actual Max Startup Time": 1056.688, "Actual Min Total Time": 1055.221, "Actual Max Total Time": 1056.69, "Actual Total Rows": 798, "Plans": [{"Node Type": "Nested Loop", "Parent Relationship": "Outer", "Join Type": "Inner", "Startup Cost": 0.0, "Total Cost": 60095.92, "Plan Rows": 209278, "Plan Width": 4, "Actual Min Startup Time": 918.887, "Actual Max Startup Time": 918.887, "Actual Min Total Time": 1287.975, "Actual Max Total Time": 1287.975, "Actual Total Rows": 798, "Inner Unique": false, "Join Filter": "(ct.id = mc.company_type_id), (LLVM Optimized, Jit Execute)", "Rows Removed by Join Filter": 294830, "Plans": [{"Node Type": "Seq Scan", "Parent Relationship": "Outer", "Relation Name": "company_type", "Alias": "ct", "Startup Cost": 0.0, "Total Cost": 1.04, "Plan Rows": 1, "Plan Width": 4, "Actual Min Startup Time": 0.02, "Actual Max Startup Time": 0.02, "Actual Min Total Time": 0.025, "Actual Max Total Time": 0.025, "Actual Total Rows": 1, "Filter": "((kind)::text = 'production companies'::text)", "Rows Removed by Filter": 2}, {"Node Type": "Seq Scan", "Parent Relationship": "Inner", "Relation Name": "movie_companies", "Alias": "mc", "Startup Cost": 0.0, "Total Cost": 54862.92, "Plan Rows": 418557, "Plan Width": 8, "Actual Min Startup Time": 0.032, "Actual Max Startup Time": 0.032, "Actual Min Total Time": 1225.084, "Actual Max Total Time": 1225.084, "Actual Total Rows": 295628, "Filter": "(((note)::text !~~ '%(TV)%'::text) AND ((note)::text ~~ '%(USA)%'::text)), (LLVM Optimized, Jit Execute)", "Rows Removed by Filter": 2313500}]}]}, {"Node Type": "Materialize", "Parent Relationship": "Inner", "Startup Cost": 0.0, "Total Cost": 134289.54, "Plan Rows": 726375, "Plan Width": 8, "Actual Min Startup Time": 132.506, "Actual Max Startup Time": 133.404, "Actual Min Total Time": 138.187, "Actual Max Total Time": 158.542, "Actual Total Rows": 8813470, "Plans": [{"Node Type": "Streaming(type: LOCAL REDISTRIBUTE dop: 64/64)", "Parent Relationship": "Outer", "Startup Cost": 0.0, "Total Cost": 134232.79, "Plan Rows": 726375, "Plan Width": 8, "Actual Min Startup Time": 0.154, "Actual Max Startup Time": 0.336, "Actual Min Total Time": 130.046, "Actual Max Total Time": 131.483, "Actual Total Rows": 706674, "Plans": [{"Node Type": "Seq Scan", "Parent Relationship": "Outer", "Relation Name": "movie_info", "Alias": "mi", "Startup Cost": 0.0, "Total Cost": 70544.72, "Plan Rows": 726375, "Plan Width": 8, "Actual Min Startup Time": 0.039, "Actual Max Startup Time": 3.417, "Actual Min Total Time": 121.927, "Actual Max Total Time": 167.649, "Actual Total Rows": 706674, "Filter": "((info)::text = ANY ('{Sweden,Norway,Germany,Denmark,Swedish,Denish,Norwegian,German,USA,American}'::text[]))", "Rows Removed by Filter": 14129045}]}]}]}, {"Node Type": "Materialize", "Parent Relationship": "Inner", "Startup Cost": 0.0, "Total Cost": 63150.56, "Plan Rows": 7168, "Plan Width": 4, "Actual Min Startup Time": 0.752, "Actual Max Startup Time": 573.661, "Actual Min Total Time": 0.756, "Actual Max Total Time": 573.665, "Actual Total Rows": 4951, "Plans": [{"Node Type": "Streaming(type: BROADCAST dop: 64/1)", "Parent Relationship": "Outer", "Startup Cost": 0.0, "Total Cost": 63150.0, "Plan Rows": 7168, "Plan Width": 4, "Actual Min Startup Time": 0.029, "Actual Max Startup Time": 81.786, "Actual Min Total Time": 0.724, "Actual Max Total Time": 573.624, "Actual Total Rows": 7168, "Plans": [{"Node Type": "Seq Scan", "Parent Relationship": "Outer", "Relation Name": "info_type", "Alias": "it", "Startup Cost": 0.0, "Total Cost": 2.12, "Plan Rows": 112, "Plan Width": 4, "Actual Min Startup Time": 0.041, "Actual Max Startup Time": 0.041, "Actual Min Total Time": 0.072, "Actual Max Total Time": 0.072, "Actual Total Rows": 112}]}]}]}]}]}]}]}]}]}, "Triggers": [], "Planner Runtime": 7.273, "Total Runtime": 2508.586, "Unique SQL Id": 322094867}}, "(64, 123)": {"explain_plan": {"Plan": {"Node Type": "Aggregate", "Strategy": "Plain", "Startup Cost": 5008697310776.9, "Total Cost": 5008697310776.91, "Plan Rows": 1, "Plan Width": 49, "Plans": [{"Node Type": "Nested Loop", "Parent Relationship": "Outer", "Join Type": "Inner", "Startup Cost": 50000000000.0, "Total Cost": 5008697309949.27, "Plan Rows": 331050, "Plan Width": 17, "Inner Unique": false, "Join Filter": "(mi.movie_id = t.id), (LLVM Optimized)", "Plans": [{"Node Type": "Index Scan", "Parent Relationship": "Outer", "Scan Direction": "Forward", "Index Name": "title_pkey", "Relation Name": "title", "Alias": "t", "Startup Cost": 10000000000.0, "Total Cost": 1000011644126.66, "Plan Rows": 1748840, "Plan Width": 21, "Filter": "(production_year > 1990), (LLVM Optimized)"}, {"Node Type": "Materialize", "Parent Relationship": "Inner", "Startup Cost": 40000000000.0, "Total Cost": 4002417255487.0, "Plan Rows": 238955, "Plan Width": 8, "Plans": [{"Node Type": "Nested Loop", "Parent Relationship": "Outer", "Join Type": "Inner", "Startup Cost": 40000000000.0, "Total Cost": 4002417254292.22, "Plan Rows": 238955, "Plan Width": 8, "Inner Unique": true, "Join Filter": "(mi.info_type_id = it.id), (LLVM Optimized)", "Plans": [{"Node Type": "Nested Loop", "Parent Relationship": "Outer", "Join Type": "Inner", "Startup Cost": 30000000000.0, "Total Cost": 3002416851854.54, "Plan Rows": 238955, "Plan Width": 12, "Inner Unique": false, "Join Filter": "(mc.movie_id = mi.movie_id), (LLVM Optimized)", "Plans": [{"Node Type": "Nested Loop", "Parent Relationship": "Outer", "Join Type": "Inner", "Startup Cost": 20000000000.0, "Total Cost": 2000014364018.74, "Plan Rows": 209278, "Plan Width": 4, "Inner Unique": true, "Join Filter": "(ct.id = mc.company_type_id), (LLVM Optimized)", "Plans": [{"Node Type": "Index Scan", "Parent Relationship": "Outer", "Scan Direction": "Forward", "Index Name": "movie_id_movie_companies", "Relation Name": "movie_companies", "Alias": "mc", "Startup Cost": 10000000000.0, "Total Cost": 1000014356510.13, "Plan Rows": 418557, "Plan Width": 8, "Filter": "(((note)::text !~~ '%(TV)%'::text) AND ((note)::text ~~ '%(USA)%'::text)), (LLVM Optimized)"}, {"Node Type": "Materialize", "Parent Relationship": "Inner", "Startup Cost": 10000000000.0, "Total Cost": 1000000001230.26, "Plan Rows": 1, "Plan Width": 4, "Plans": [{"Node Type": "Index Scan", "Parent Relationship": "Outer", "Scan Direction": "Forward", "Index Name": "company_type_pkey", "Relation Name": "company_type", "Alias": "ct", "Startup Cost": 10000000000.0, "Total Cost": 1000000001230.25, "Plan Rows": 1, "Plan Width": 4, "Filter": "((kind)::text = 'production companies'::text)"}]}]}, {"Node Type": "Materialize", "Parent Relationship": "Inner", "Startup Cost": 10000000000.0, "Total Cost": 1000122275042.99, "Plan Rows": 726375, "Plan Width": 8, "Plans": [{"Node Type": "Index Scan", "Parent Relationship": "Outer", "Scan Direction": "Forward", "Index Name": "info_type_id_movie_info", "Relation Name": "movie_info", "Alias": "mi", "Startup Cost": 10000000000.0, "Total Cost": 1000122271411.12, "Plan Rows": 726375, "Plan Width": 8, "Filter": "((info)::text = ANY ('{Sweden,Norway,Germany,Denmark,Swedish,Denish,Norwegian,German,USA,American}'::text[]))"}]}]}, {"Node Type": "Materialize", "Parent Relationship": "Inner", "Startup Cost": 10000000000.0, "Total Cost": 1000000000993.56, "Plan Rows": 112, "Plan Width": 4, "Plans": [{"Node Type": "Index Only Scan", "Parent Relationship": "Outer", "Scan Direction": "Forward", "Index Name": "info_type_pkey", "Relation Name": "info_type", "Alias": "it", "Startup Cost": 10000000000.0, "Total Cost": 1000000000993.0, "Plan Rows": 112, "Plan Width": 4}]}]}]}]}]}, "Unique SQL Id": 322094867}, "explain_analyze_plan": null}, "(64, 124)": {"explain_plan": {"Plan": {"Node Type": "Aggregate", "Strategy": "Plain", "Startup Cost": 559339.91, "Total Cost": 559339.92, "Plan Rows": 1, "Plan Width": 49, "Plans": [{"Node Type": "Nested Loop", "Parent Relationship": "Outer", "Join Type": "Inner", "Startup Cost": 0.0, "Total Cost": 558512.28, "Plan Rows": 331050, "Plan Width": 17, "Inner Unique": true, "Plans": [{"Node Type": "Nested Loop", "Parent Relationship": "Outer", "Join Type": "Inner", "Startup Cost": 0.0, "Total Cost": 465812.82, "Plan Rows": 331050, "Plan Width": 21, "Inner Unique": false, "Plans": [{"Node Type": "Nested Loop", "Parent Relationship": "Outer", "Join Type": "Inner", "Startup Cost": 0.0, "Total Cost": 207294.74, "Plan Rows": 289936, "Plan Width": 25, "Inner Unique": true, "Plans": [{"Node Type": "Nested Loop", "Parent Relationship": "Outer", "Join Type": "Inner", "Startup Cost": 0.0, "Total Cost": 60095.92, "Plan Rows": 209278, "Plan Width": 4, "Inner Unique": false, "Join Filter": "(ct.id = mc.company_type_id), (LLVM Optimized)", "Plans": [{"Node Type": "Seq Scan", "Parent Relationship": "Outer", "Relation Name": "company_type", "Alias": "ct", "Startup Cost": 0.0, "Total Cost": 1.04, "Plan Rows": 1, "Plan Width": 4, "Filter": "((kind)::text = 'production companies'::text)"}, {"Node Type": "Seq Scan", "Parent Relationship": "Inner", "Relation Name": "movie_companies", "Alias": "mc", "Startup Cost": 0.0, "Total Cost": 54862.92, "Plan Rows": 418557, "Plan Width": 8, "Filter": "(((note)::text !~~ '%(TV)%'::text) AND ((note)::text ~~ '%(USA)%'::text)), (LLVM Optimized)"}]}, {"Node Type": "Index Scan", "Parent Relationship": "Inner", "Scan Direction": "Forward", "Index Name": "title_pkey", "Relation Name": "title", "Alias": "t", "Startup Cost": 0.0, "Total Cost": 0.69, "Plan Rows": 1, "Plan Width": 21, "Index Cond": "(id = mc.movie_id)", "Filter": "(production_year > 1990)"}]}, {"Node Type": "Index Scan", "Parent Relationship": "Inner", "Scan Direction": "Forward", "Index Name": "movie_id_movie_info", "Relation Name": "movie_info", "Alias": "mi", "Startup Cost": 0.0, "Total Cost": 0.88, "Plan Rows": 1, "Plan Width": 8, "Index Cond": "(movie_id = t.id)", "Filter": "((info)::text = ANY ('{Sweden,Norway,Germany,Denmark,Swedish,Denish,Norwegian,German,USA,American}'::text[]))"}]}, {"Node Type": "Index Scan", "Parent Relationship": "Inner", "Scan Direction": "Forward", "Index Name": "info_type_pkey", "Relation Name": "info_type", "Alias": "it", "Startup Cost": 0.0, "Total Cost": 0.27, "Plan Rows": 1, "Plan Width": 4, "Index Cond": "(id = mi.info_type_id)"}]}]}, "Unique SQL Id": 322094867}, "explain_analyze_plan": {"Plan": {"Node Type": "Aggregate", "Strategy": "Plain", "Startup Cost": 559339.91, "Total Cost": 559339.92, "Plan Rows": 1, "Plan Width": 49, "Actual Startup Time": 1247.626, "Actual Total Time": 1247.626, "Actual Rows": 1, "Actual Loops": 1, "Plans": [{"Node Type": "Nested Loop", "Parent Relationship": "Outer", "Join Type": "Inner", "Startup Cost": 0.0, "Total Cost": 558512.28, "Plan Rows": 331050, "Plan Width": 17, "Actual Startup Time": 876.587, "Actual Total Time": 1247.132, "Actual Rows": 669, "Actual Loops": 1, "Inner Unique": true, "Plans": [{"Node Type": "Nested Loop", "Parent Relationship": "Outer", "Join Type": "Inner", "Startup Cost": 0.0, "Total Cost": 465812.82, "Plan Rows": 331050, "Plan Width": 21, "Actual Startup Time": 876.577, "Actual Total Time": 1245.329, "Actual Rows": 669, "Actual Loops": 1, "Inner Unique": false, "Plans": [{"Node Type": "Nested Loop", "Parent Relationship": "Outer", "Join Type": "Inner", "Startup Cost": 0.0, "Total Cost": 207294.74, "Plan Rows": 289936, "Plan Width": 25, "Actual Startup Time": 876.543, "Actual Total Time": 1221.006, "Actual Rows": 767, "Actual Loops": 1, "Inner Unique": true, "Plans": [{"Node Type": "Nested Loop", "Parent Relationship": "Outer", "Join Type": "Inner", "Startup Cost": 0.0, "Total Cost": 60095.92, "Plan Rows": 209278, "Plan Width": 4, "Actual Startup Time": 876.456, "Actual Total Time": 1213.721, "Actual Rows": 798, "Actual Loops": 1, "Inner Unique": false, "Join Filter": "(ct.id = mc.company_type_id), (LLVM Optimized, Jit Execute)", "Rows Removed by Join Filter": 294830, "Plans": [{"Node Type": "Seq Scan", "Parent Relationship": "Outer", "Relation Name": "company_type", "Alias": "ct", "Startup Cost": 0.0, "Total Cost": 1.04, "Plan Rows": 1, "Plan Width": 4, "Actual Startup Time": 0.018, "Actual Total Time": 0.024, "Actual Rows": 1, "Actual Loops": 1, "Filter": "((kind)::text = 'production companies'::text)", "Rows Removed by Filter": 2}, {"Node Type": "Seq Scan", "Parent Relationship": "Inner", "Relation Name": "movie_companies", "Alias": "mc", "Startup Cost": 0.0, "Total Cost": 54862.92, "Plan Rows": 418557, "Plan Width": 8, "Actual Startup Time": 0.03, "Actual Total Time": 1154.3, "Actual Rows": 295628, "Actual Loops": 1, "Filter": "(((note)::text !~~ '%(TV)%'::text) AND ((note)::text ~~ '%(USA)%'::text)), (LLVM Optimized, Jit Execute)", "Rows Removed by Filter": 2313500}]}, {"Node Type": "Index Scan", "Parent Relationship": "Inner", "Scan Direction": "Forward", "Index Name": "title_pkey", "Relation Name": "title", "Alias": "t", "Startup Cost": 0.0, "Total Cost": 0.69, "Plan Rows": 1, "Plan Width": 21, "Actual Startup Time": 6.363, "Actual Total Time": 6.363, "Actual Rows": 767, "Actual Loops": 798, "Index Cond": "(id = mc.movie_id)", "Rows Removed by Index Recheck": 0, "Filter": "(production_year > 1990)", "Rows Removed by Filter": 31}]}, {"Node Type": "Index Scan", "Parent Relationship": "Inner", "Scan Direction": "Forward", "Index Name": "movie_id_movie_info", "Relation Name": "movie_info", "Alias": "mi", "Startup Cost": 0.0, "Total Cost": 0.88, "Plan Rows": 1, "Plan Width": 8, "Actual Startup Time": 20.811, "Actual Total Time": 23.654, "Actual Rows": 669, "Actual Loops": 767, "Index Cond": "(movie_id = t.id)", "Rows Removed by Index Recheck": 0, "Filter": "((info)::text = ANY ('{Sweden,Norway,Germany,Denmark,Swedish,Denish,Norwegian,German,USA,American}'::text[]))", "Rows Removed by Filter": 7721}]}, {"Node Type": "Index Scan", "Parent Relationship": "Inner", "Scan Direction": "Forward", "Index Name": "info_type_pkey", "Relation Name": "info_type", "Alias": "it", "Startup Cost": 0.0, "Total Cost": 0.27, "Plan Rows": 1, "Plan Width": 4, "Actual Startup Time": 1.116, "Actual Total Time": 1.116, "Actual Rows": 669, "Actual Loops": 669, "Index Cond": "(id = mi.info_type_id)", "Rows Removed by Index Recheck": 0}]}]}, "Triggers": [], "Planner Runtime": 3.886, "Total Runtime": 1257.315, "Unique SQL Id": 322094867}}, "(64, 125)": {"explain_plan": {"Plan": {"Node Type": "Aggregate", "Strategy": "Plain", "Startup Cost": 560989.43, "Total Cost": 560989.44, "Plan Rows": 1, "Plan Width": 49, "Plans": [{"Node Type": "Nested Loop", "Parent Relationship": "Outer", "Join Type": "Inner", "Startup Cost": 0.0, "Total Cost": 560161.81, "Plan Rows": 331050, "Plan Width": 17, "Inner Unique": true, "Plans": [{"Node Type": "Nested Loop", "Parent Relationship": "Outer", "Join Type": "Inner", "Startup Cost": 0.0, "Total Cost": 467462.34, "Plan Rows": 331050, "Plan Width": 21, "Inner Unique": false, "Plans": [{"Node Type": "Nested Loop", "Parent Relationship": "Outer", "Join Type": "Inner", "Startup Cost": 0.0, "Total Cost": 208944.27, "Plan Rows": 289936, "Plan Width": 25, "Inner Unique": true, "Plans": [{"Node Type": "Nested Loop", "Parent Relationship": "Outer", "Join Type": "Inner", "Startup Cost": 0.0, "Total Cost": 61745.44, "Plan Rows": 209278, "Plan Width": 4, "Inner Unique": false, "Plans": [{"Node Type": "Index Scan", "Parent Relationship": "Outer", "Scan Direction": "Forward", "Index Name": "company_type_pkey", "Relation Name": "company_type", "Alias": "ct", "Startup Cost": 0.0, "Total Cost": 12.3, "Plan Rows": 1, "Plan Width": 4, "Filter": "((kind)::text = 'production companies'::text)"}, {"Node Type": "Index Scan", "Parent Relationship": "Inner", "Scan Direction": "Forward", "Index Name": "company_type_id_movie_companies", "Relation Name": "movie_companies", "Alias": "mc", "Startup Cost": 0.0, "Total Cost": 59640.35, "Plan Rows": 209279, "Plan Width": 8, "Index Cond": "(company_type_id = ct.id), (LLVM Optimized)", "Filter": "(((note)::text !~~ '%(TV)%'::text) AND ((note)::text ~~ '%(USA)%'::text)), (LLVM Optimized)"}]}, {"Node Type": "Index Scan", "Parent Relationship": "Inner", "Scan Direction": "Forward", "Index Name": "title_pkey", "Relation Name": "title", "Alias": "t", "Startup Cost": 0.0, "Total Cost": 0.69, "Plan Rows": 1, "Plan Width": 21, "Index Cond": "(id = mc.movie_id)", "Filter": "(production_year > 1990)"}]}, {"Node Type": "Index Scan", "Parent Relationship": "Inner", "Scan Direction": "Forward", "Index Name": "movie_id_movie_info", "Relation Name": "movie_info", "Alias": "mi", "Startup Cost": 0.0, "Total Cost": 0.88, "Plan Rows": 1, "Plan Width": 8, "Index Cond": "(movie_id = t.id)", "Filter": "((info)::text = ANY ('{Sweden,Norway,Germany,Denmark,Swedish,Denish,Norwegian,German,USA,American}'::text[]))"}]}, {"Node Type": "Index Scan", "Parent Relationship": "Inner", "Scan Direction": "Forward", "Index Name": "info_type_pkey", "Relation Name": "info_type", "Alias": "it", "Startup Cost": 0.0, "Total Cost": 0.27, "Plan Rows": 1, "Plan Width": 4, "Index Cond": "(id = mi.info_type_id)"}]}]}, "Unique SQL Id": 322094867}, "explain_analyze_plan": {"Plan": {"Node Type": "Aggregate", "Strategy": "Plain", "Startup Cost": 560989.43, "Total Cost": 560989.44, "Plan Rows": 1, "Plan Width": 49, "Actual Startup Time": 710.059, "Actual Total Time": 710.059, "Actual Rows": 1, "Actual Loops": 1, "Plans": [{"Node Type": "Nested Loop", "Parent Relationship": "Outer", "Join Type": "Inner", "Startup Cost": 0.0, "Total Cost": 560161.81, "Plan Rows": 331050, "Plan Width": 17, "Actual Startup Time": 8.764, "Actual Total Time": 709.495, "Actual Rows": 669, "Actual Loops": 1, "Inner Unique": true, "Plans": [{"Node Type": "Nested Loop", "Parent Relationship": "Outer", "Join Type": "Inner", "Startup Cost": 0.0, "Total Cost": 467462.34, "Plan Rows": 331050, "Plan Width": 21, "Actual Startup Time": 8.756, "Actual Total Time": 707.622, "Actual Rows": 669, "Actual Loops": 1, "Inner Unique": false, "Plans": [{"Node Type": "Nested Loop", "Parent Relationship": "Outer", "Join Type": "Inner", "Startup Cost": 0.0, "Total Cost": 208944.27, "Plan Rows": 289936, "Plan Width": 25, "Actual Startup Time": 8.735, "Actual Total Time": 683.297, "Actual Rows": 767, "Actual Loops": 1, "Inner Unique": true, "Plans": [{"Node Type": "Nested Loop", "Parent Relationship": "Outer", "Join Type": "Inner", "Startup Cost": 0.0, "Total Cost": 61745.44, "Plan Rows": 209278, "Plan Width": 4, "Actual Startup Time": 8.711, "Actual Total Time": 676.429, "Actual Rows": 798, "Actual Loops": 1, "Inner Unique": false, "Plans": [{"Node Type": "Index Scan", "Parent Relationship": "Outer", "Scan Direction": "Forward", "Index Name": "company_type_pkey", "Relation Name": "company_type", "Alias": "ct", "Startup Cost": 0.0, "Total Cost": 12.3, "Plan Rows": 1, "Plan Width": 4, "Actual Startup Time": 0.037, "Actual Total Time": 0.046, "Actual Rows": 1, "Actual Loops": 1, "Filter": "((kind)::text = 'production companies'::text)", "Rows Removed by Filter": 2}, {"Node Type": "Index Scan", "Parent Relationship": "Inner", "Scan Direction": "Forward", "Index Name": "company_type_id_movie_companies", "Relation Name": "movie_companies", "Alias": "mc", "Startup Cost": 0.0, "Total Cost": 59640.35, "Plan Rows": 209279, "Plan Width": 8, "Actual Startup Time": 8.669, "Actual Total Time": 676.13, "Actual Rows": 798, "Actual Loops": 1, "Index Cond": "(company_type_id = ct.id), (LLVM Optimized, Jit Execute)", "Rows Removed by Index Recheck": 0, "Filter": "(((note)::text !~~ '%(TV)%'::text) AND ((note)::text ~~ '%(USA)%'::text)), (LLVM Optimized, Jit Execute)", "Rows Removed by Filter": 1334085}]}, {"Node Type": "Index Scan", "Parent Relationship": "Inner", "Scan Direction": "Forward", "Index Name": "title_pkey", "Relation Name": "title", "Alias": "t", "Startup Cost": 0.0, "Total Cost": 0.69, "Plan Rows": 1, "Plan Width": 21, "Actual Startup Time": 5.946, "Actual Total Time": 5.946, "Actual Rows": 767, "Actual Loops": 798, "Index Cond": "(id = mc.movie_id)", "Rows Removed by Index Recheck": 0, "Filter": "(production_year > 1990)", "Rows Removed by Filter": 31}]}, {"Node Type": "Index Scan", "Parent Relationship": "Inner", "Scan Direction": "Forward", "Index Name": "movie_id_movie_info", "Relation Name": "movie_info", "Alias": "mi", "Startup Cost": 0.0, "Total Cost": 0.88, "Plan Rows": 1, "Plan Width": 8, "Actual Startup Time": 20.757, "Actual Total Time": 23.645, "Actual Rows": 669, "Actual Loops": 767, "Index Cond": "(movie_id = t.id)", "Rows Removed by Index Recheck": 0, "Filter": "((info)::text = ANY ('{Sweden,Norway,Germany,Denmark,Swedish,Denish,Norwegian,German,USA,American}'::text[]))", "Rows Removed by Filter": 7721}]}, {"Node Type": "Index Scan", "Parent Relationship": "Inner", "Scan Direction": "Forward", "Index Name": "info_type_pkey", "Relation Name": "info_type", "Alias": "it", "Startup Cost": 0.0, "Total Cost": 0.27, "Plan Rows": 1, "Plan Width": 4, "Actual Startup Time": 1.208, "Actual Total Time": 1.208, "Actual Rows": 669, "Actual Loops": 669, "Index Cond": "(id = mi.info_type_id)", "Rows Removed by Index Recheck": 0}]}]}, "Triggers": [], "Planner Runtime": 3.573, "Total Runtime": 719.774, "Unique SQL Id": 322094867}}, "(64, 126)": {"explain_plan": {"Plan": {"Node Type": "Aggregate", "Strategy": "Plain", "Startup Cost": 2615106.92, "Total Cost": 2615106.94, "Plan Rows": 1, "Plan Width": 49, "Plans": [{"Node Type": "Streaming(type: LOCAL GATHER dop: 1/64)", "Parent Relationship": "Outer", "Startup Cost": 2615106.92, "Total Cost": 2615106.94, "Plan Rows": 1, "Plan Width": 49, "Plans": [{"Node Type": "Aggregate", "Strategy": "Plain", "Parent Relationship": "Outer", "Startup Cost": 2615106.92, "Total Cost": 2615106.93, "Plan Rows": 1, "Plan Width": 49, "Plans": [{"Node Type": "Nested Loop", "Parent Relationship": "Outer", "Join Type": "Inner", "Startup Cost": 0.0, "Total Cost": 2614279.3, "Plan Rows": 331050, "Plan Width": 17, "Inner Unique": false, "Join Filter": "(mi.movie_id = t.id), (LLVM Optimized)", "Plans": [{"Node Type": "Streaming(type: LOCAL REDISTRIBUTE dop: 64/64)", "Parent Relationship": "Outer", "Startup Cost": 0.0, "Total Cost": 128693.96, "Plan Rows": 1748840, "Plan Width": 21, "Plans": [{"Node Type": "Seq Scan", "Parent Relationship": "Outer", "Relation Name": "title", "Alias": "t", "Startup Cost": 0.0, "Total Cost": 64037.34, "Plan Rows": 1748840, "Plan Width": 21, "Filter": "(production_year > 1990), (LLVM Optimized)"}]}, {"Node Type": "Materialize", "Parent Relationship": "Inner", "Startup Cost": 0.0, "Total Cost": 955220.91, "Plan Rows": 238955, "Plan Width": 8, "Plans": [{"Node Type": "Streaming(type: LOCAL REDISTRIBUTE dop: 64/64)", "Parent Relationship": "Outer", "Startup Cost": 0.0, "Total Cost": 955202.24, "Plan Rows": 238955, "Plan Width": 8, "Plans": [{"Node Type": "Nested Loop", "Parent Relationship": "Outer", "Join Type": "Inner", "Startup Cost": 0.0, "Total Cost": 891975.89, "Plan Rows": 238955, "Plan Width": 8, "Inner Unique": true, "Join Filter": "(mi.info_type_id = it.id), (LLVM Optimized)", "Plans": [{"Node Type": "Nested Loop", "Parent Relationship": "Outer", "Join Type": "Inner", "Startup Cost": 0.0, "Total Cost": 822553.05, "Plan Rows": 238955, "Plan Width": 12, "Inner Unique": false, "Join Filter": "(mc.movie_id = mi.movie_id), (LLVM Optimized)", "Plans": [{"Node Type": "Streaming(type: LOCAL REDISTRIBUTE dop: 64/1)", "Parent Relationship": "Outer", "Startup Cost": 0.0, "Total Cost": 131598.86, "Plan Rows": 209278, "Plan Width": 4, "Plans": [{"Node Type": "Nested Loop", "Parent Relationship": "Outer", "Join Type": "Inner", "Startup Cost": 0.0, "Total Cost": 60095.92, "Plan Rows": 209278, "Plan Width": 4, "Inner Unique": false, "Join Filter": "(ct.id = mc.company_type_id), (LLVM Optimized)", "Plans": [{"Node Type": "Seq Scan", "Parent Relationship": "Outer", "Relation Name": "company_type", "Alias": "ct", "Startup Cost": 0.0, "Total Cost": 1.04, "Plan Rows": 1, "Plan Width": 4, "Filter": "((kind)::text = 'production companies'::text)"}, {"Node Type": "Seq Scan", "Parent Relationship": "Inner", "Relation Name": "movie_companies", "Alias": "mc", "Startup Cost": 0.0, "Total Cost": 54862.92, "Plan Rows": 418557, "Plan Width": 8, "Filter": "(((note)::text !~~ '%(TV)%'::text) AND ((note)::text ~~ '%(USA)%'::text)), (LLVM Optimized)"}]}]}, {"Node Type": "Materialize", "Parent Relationship": "Inner", "Startup Cost": 0.0, "Total Cost": 134289.54, "Plan Rows": 726375, "Plan Width": 8, "Plans": [{"Node Type": "Streaming(type: LOCAL REDISTRIBUTE dop: 64/64)", "Parent Relationship": "Outer", "Startup Cost": 0.0, "Total Cost": 134232.79, "Plan Rows": 726375, "Plan Width": 8, "Plans": [{"Node Type": "Seq Scan", "Parent Relationship": "Outer", "Relation Name": "movie_info", "Alias": "mi", "Startup Cost": 0.0, "Total Cost": 70544.72, "Plan Rows": 726375, "Plan Width": 8, "Filter": "((info)::text = ANY ('{Sweden,Norway,Germany,Denmark,Swedish,Denish,Norwegian,German,USA,American}'::text[]))"}]}]}]}, {"Node Type": "Materialize", "Parent Relationship": "Inner", "Startup Cost": 0.0, "Total Cost": 63150.56, "Plan Rows": 7168, "Plan Width": 4, "Plans": [{"Node Type": "Streaming(type: BROADCAST dop: 64/1)", "Parent Relationship": "Outer", "Startup Cost": 0.0, "Total Cost": 63150.0, "Plan Rows": 7168, "Plan Width": 4, "Plans": [{"Node Type": "Seq Scan", "Parent Relationship": "Outer", "Relation Name": "info_type", "Alias": "it", "Startup Cost": 0.0, "Total Cost": 2.12, "Plan Rows": 112, "Plan Width": 4}]}]}]}]}]}]}]}]}]}, "Unique SQL Id": 322094867}, "explain_analyze_plan": {"Plan": {"Node Type": "Aggregate", "Strategy": "Plain", "Startup Cost": 2615106.92, "Total Cost": 2615106.94, "Plan Rows": 1, "Plan Width": 49, "Actual Min Startup Time": 2439.201, "Actual Max Startup Time": 2439.201, "Actual Min Total Time": 2439.201, "Actual Max Total Time": 2439.201, "Actual Total Rows": 1, "Plans": [{"Node Type": "Streaming(type: LOCAL GATHER dop: 1/64)", "Parent Relationship": "Outer", "Startup Cost": 2615106.92, "Total Cost": 2615106.94, "Plan Rows": 1, "Plan Width": 49, "Actual Min Startup Time": 2436.965, "Actual Max Startup Time": 2436.965, "Actual Min Total Time": 2439.16, "Actual Max Total Time": 2439.16, "Actual Total Rows": 64, "Plans": [{"Node Type": "Aggregate", "Strategy": "Plain", "Parent Relationship": "Outer", "Startup Cost": 2615106.92, "Total Cost": 2615106.93, "Plan Rows": 1, "Plan Width": 49, "Actual Min Startup Time": 1476.129, "Actual Max Startup Time": 2091.997, "Actual Min Total Time": 1476.13, "Actual Max Total Time": 2091.997, "Actual Total Rows": 64, "Plans": [{"Node Type": "Nested Loop", "Parent Relationship": "Outer", "Join Type": "Inner", "Startup Cost": 0.0, "Total Cost": 2614279.3, "Plan Rows": 331050, "Plan Width": 17, "Actual Min Startup Time": 1272.903, "Actual Max Startup Time": 1987.566, "Actual Min Total Time": 1476.083, "Actual Max Total Time": 2091.954, "Actual Total Rows": 669, "Inner Unique": false, "Join Filter": "(mi.movie_id = t.id), (LLVM Optimized, Jit Execute)", "Rows Removed by Join Filter": 18883935, "Plans": [{"Node Type": "Streaming(type: LOCAL REDISTRIBUTE dop: 64/64)", "Parent Relationship": "Outer", "Startup Cost": 0.0, "Total Cost": 128693.96, "Plan Rows": 1748840, "Plan Width": 21, "Actual Min Startup Time": 0.134, "Actual Max Startup Time": 2.115, "Actual Min Total Time": 16.292, "Actual Max Total Time": 168.525, "Actual Total Rows": 1749032, "Plans": [{"Node Type": "Seq Scan", "Parent Relationship": "Outer", "Relation Name": "title", "Alias": "t", "Startup Cost": 0.0, "Total Cost": 64037.34, "Plan Rows": 1748840, "Plan Width": 21, "Actual Min Startup Time": 0.022, "Actual Max Startup Time": 0.059, "Actual Min Total Time": 13.729, "Actual Max Total Time": 20.417, "Actual Total Rows": 1749032, "Filter": "(production_year > 1990), (LLVM Optimized, Jit Execute)", "Rows Removed by Filter": 779279}]}, {"Node Type": "Materialize", "Parent Relationship": "Inner", "Startup Cost": 0.0, "Total Cost": 955220.91, "Plan Rows": 238955, "Plan Width": 8, "Actual Min Startup Time": 1266.981, "Actual Max Startup Time": 1883.517, "Actual Min Total Time": 1286.757, "Actual Max Total Time": 1903.106, "Actual Total Rows": 18884668, "Plans": [{"Node Type": "Streaming(type: LOCAL REDISTRIBUTE dop: 64/64)", "Parent Relationship": "Outer", "Startup Cost": 0.0, "Total Cost": 955202.24, "Plan Rows": 238955, "Plan Width": 8, "Actual Min Startup Time": 1216.481, "Actual Max Startup Time": 1833.622, "Actual Min Total Time": 1264.705, "Actual Max Total Time": 1880.653, "Actual Total Rows": 691, "Plans": [{"Node Type": "Nested Loop", "Parent Relationship": "Outer", "Join Type": "Inner", "Startup Cost": 0.0, "Total Cost": 891975.89, "Plan Rows": 238955, "Plan Width": 8, "Actual Min Startup Time": 1191.535, "Actual Max Startup Time": 1778.909, "Actual Min Total Time": 1222.772, "Actual Max Total Time": 1794.644, "Actual Total Rows": 691, "Inner Unique": true, "Join Filter": "(mi.info_type_id = it.id), (LLVM Optimized, Jit Execute)", "Rows Removed by Join Filter": 4196, "Plans": [{"Node Type": "Nested Loop", "Parent Relationship": "Outer", "Join Type": "Inner", "Startup Cost": 0.0, "Total Cost": 822553.05, "Plan Rows": 238955, "Plan Width": 12, "Actual Min Startup Time": 1189.635, "Actual Max Startup Time": 1207.649, "Actual Min Total Time": 1202.415, "Actual Max Total Time": 1263.699, "Actual Total Rows": 691, "Inner Unique": false, "Join Filter": "(mc.movie_id = mi.movie_id), (LLVM Optimized, Jit Execute)", "Rows Removed by Join Filter": 8812715, "Plans": [{"Node Type": "Streaming(type: LOCAL REDISTRIBUTE dop: 64/1)", "Parent Relationship": "Outer", "Startup Cost": 0.0, "Total Cost": 131598.86, "Plan Rows": 209278, "Plan Width": 4, "Actual Min Startup Time": 1055.219, "Actual Max Startup Time": 1056.688, "Actual Min Total Time": 1055.221, "Actual Max Total Time": 1056.69, "Actual Total Rows": 798, "Plans": [{"Node Type": "Nested Loop", "Parent Relationship": "Outer", "Join Type": "Inner", "Startup Cost": 0.0, "Total Cost": 60095.92, "Plan Rows": 209278, "Plan Width": 4, "Actual Min Startup Time": 918.887, "Actual Max Startup Time": 918.887, "Actual Min Total Time": 1287.975, "Actual Max Total Time": 1287.975, "Actual Total Rows": 798, "Inner Unique": false, "Join Filter": "(ct.id = mc.company_type_id), (LLVM Optimized, Jit Execute)", "Rows Removed by Join Filter": 294830, "Plans": [{"Node Type": "Seq Scan", "Parent Relationship": "Outer", "Relation Name": "company_type", "Alias": "ct", "Startup Cost": 0.0, "Total Cost": 1.04, "Plan Rows": 1, "Plan Width": 4, "Actual Min Startup Time": 0.02, "Actual Max Startup Time": 0.02, "Actual Min Total Time": 0.025, "Actual Max Total Time": 0.025, "Actual Total Rows": 1, "Filter": "((kind)::text = 'production companies'::text)", "Rows Removed by Filter": 2}, {"Node Type": "Seq Scan", "Parent Relationship": "Inner", "Relation Name": "movie_companies", "Alias": "mc", "Startup Cost": 0.0, "Total Cost": 54862.92, "Plan Rows": 418557, "Plan Width": 8, "Actual Min Startup Time": 0.032, "Actual Max Startup Time": 0.032, "Actual Min Total Time": 1225.084, "Actual Max Total Time": 1225.084, "Actual Total Rows": 295628, "Filter": "(((note)::text !~~ '%(TV)%'::text) AND ((note)::text ~~ '%(USA)%'::text)), (LLVM Optimized, Jit Execute)", "Rows Removed by Filter": 2313500}]}]}, {"Node Type": "Materialize", "Parent Relationship": "Inner", "Startup Cost": 0.0, "Total Cost": 134289.54, "Plan Rows": 726375, "Plan Width": 8, "Actual Min Startup Time": 132.506, "Actual Max Startup Time": 133.404, "Actual Min Total Time": 138.187, "Actual Max Total Time": 158.542, "Actual Total Rows": 8813470, "Plans": [{"Node Type": "Streaming(type: LOCAL REDISTRIBUTE dop: 64/64)", "Parent Relationship": "Outer", "Startup Cost": 0.0, "Total Cost": 134232.79, "Plan Rows": 726375, "Plan Width": 8, "Actual Min Startup Time": 0.154, "Actual Max Startup Time": 0.336, "Actual Min Total Time": 130.046, "Actual Max Total Time": 131.483, "Actual Total Rows": 706674, "Plans": [{"Node Type": "Seq Scan", "Parent Relationship": "Outer", "Relation Name": "movie_info", "Alias": "mi", "Startup Cost": 0.0, "Total Cost": 70544.72, "Plan Rows": 726375, "Plan Width": 8, "Actual Min Startup Time": 0.039, "Actual Max Startup Time": 3.417, "Actual Min Total Time": 121.927, "Actual Max Total Time": 167.649, "Actual Total Rows": 706674, "Filter": "((info)::text = ANY ('{Sweden,Norway,Germany,Denmark,Swedish,Denish,Norwegian,German,USA,American}'::text[]))", "Rows Removed by Filter": 14129045}]}]}]}, {"Node Type": "Materialize", "Parent Relationship": "Inner", "Startup Cost": 0.0, "Total Cost": 63150.56, "Plan Rows": 7168, "Plan Width": 4, "Actual Min Startup Time": 0.752, "Actual Max Startup Time": 573.661, "Actual Min Total Time": 0.756, "Actual Max Total Time": 573.665, "Actual Total Rows": 4951, "Plans": [{"Node Type": "Streaming(type: BROADCAST dop: 64/1)", "Parent Relationship": "Outer", "Startup Cost": 0.0, "Total Cost": 63150.0, "Plan Rows": 7168, "Plan Width": 4, "Actual Min Startup Time": 0.029, "Actual Max Startup Time": 81.786, "Actual Min Total Time": 0.724, "Actual Max Total Time": 573.624, "Actual Total Rows": 7168, "Plans": [{"Node Type": "Seq Scan", "Parent Relationship": "Outer", "Relation Name": "info_type", "Alias": "it", "Startup Cost": 0.0, "Total Cost": 2.12, "Plan Rows": 112, "Plan Width": 4, "Actual Min Startup Time": 0.041, "Actual Max Startup Time": 0.041, "Actual Min Total Time": 0.072, "Actual Max Total Time": 0.072, "Actual Total Rows": 112}]}]}]}]}]}]}]}]}]}, "Triggers": [], "Planner Runtime": 7.273, "Total Runtime": 2508.586, "Unique SQL Id": 322094867}}, "(64, 127)": {"explain_plan": {"Plan": {"Node Type": "Aggregate", "Strategy": "Plain", "Startup Cost": 5008697311176.9, "Total Cost": 5008697311176.91, "Plan Rows": 1, "Plan Width": 49, "Plans": [{"Node Type": "Nested Loop", "Parent Relationship": "Outer", "Join Type": "Inner", "Startup Cost": 50000000000.0, "Total Cost": 5008697310349.27, "Plan Rows": 331050, "Plan Width": 17, "Inner Unique": false, "Join Filter": "(mi.movie_id = t.id), (LLVM Optimized)", "Plans": [{"Node Type": "Index Scan", "Parent Relationship": "Outer", "Scan Direction": "Forward", "Index Name": "title_pkey", "Relation Name": "title", "Alias": "t", "Startup Cost": 10000000000.0, "Total Cost": 1000011644126.66, "Plan Rows": 1748840, "Plan Width": 21, "Filter": "(production_year > 1990), (LLVM Optimized)"}, {"Node Type": "Materialize", "Parent Relationship": "Inner", "Startup Cost": 40000000000.0, "Total Cost": 4002417255887.0, "Plan Rows": 238955, "Plan Width": 8, "Plans": [{"Node Type": "Nested Loop", "Parent Relationship": "Outer", "Join Type": "Inner", "Startup Cost": 40000000000.0, "Total Cost": 4002417254692.22, "Plan Rows": 238955, "Plan Width": 8, "Inner Unique": true, "Join Filter": "(mi.info_type_id = it.id), (LLVM Optimized)", "Plans": [{"Node Type": "Nested Loop", "Parent Relationship": "Outer", "Join Type": "Inner", "Startup Cost": 30000000000.0, "Total Cost": 3002416851854.54, "Plan Rows": 238955, "Plan Width": 12, "Inner Unique": false, "Join Filter": "(mc.movie_id = mi.movie_id), (LLVM Optimized)", "Plans": [{"Node Type": "Nested Loop", "Parent Relationship": "Outer", "Join Type": "Inner", "Startup Cost": 20000000000.0, "Total Cost": 2000014364018.74, "Plan Rows": 209278, "Plan Width": 4, "Inner Unique": true, "Join Filter": "(ct.id = mc.company_type_id), (LLVM Optimized)", "Plans": [{"Node Type": "Index Scan", "Parent Relationship": "Outer", "Scan Direction": "Forward", "Index Name": "movie_id_movie_companies", "Relation Name": "movie_companies", "Alias": "mc", "Startup Cost": 10000000000.0, "Total Cost": 1000014356510.13, "Plan Rows": 418557, "Plan Width": 8, "Filter": "(((note)::text !~~ '%(TV)%'::text) AND ((note)::text ~~ '%(USA)%'::text)), (LLVM Optimized)"}, {"Node Type": "Materialize", "Parent Relationship": "Inner", "Startup Cost": 10000000000.0, "Total Cost": 1000000001230.26, "Plan Rows": 1, "Plan Width": 4, "Plans": [{"Node Type": "Index Scan", "Parent Relationship": "Outer", "Scan Direction": "Forward", "Index Name": "company_type_pkey", "Relation Name": "company_type", "Alias": "ct", "Startup Cost": 10000000000.0, "Total Cost": 1000000001230.25, "Plan Rows": 1, "Plan Width": 4, "Filter": "((kind)::text = 'production companies'::text)"}]}]}, {"Node Type": "Materialize", "Parent Relationship": "Inner", "Startup Cost": 10000000000.0, "Total Cost": 1000122275042.99, "Plan Rows": 726375, "Plan Width": 8, "Plans": [{"Node Type": "Index Scan", "Parent Relationship": "Outer", "Scan Direction": "Forward", "Index Name": "info_type_id_movie_info", "Relation Name": "movie_info", "Alias": "mi", "Startup Cost": 10000000000.0, "Total Cost": 1000122271411.12, "Plan Rows": 726375, "Plan Width": 8, "Filter": "((info)::text = ANY ('{Sweden,Norway,Germany,Denmark,Swedish,Denish,Norwegian,German,USA,American}'::text[]))"}]}]}, {"Node Type": "Materialize", "Parent Relationship": "Inner", "Startup Cost": 10000000000.0, "Total Cost": 1000000001393.56, "Plan Rows": 112, "Plan Width": 4, "Plans": [{"Node Type": "Index Scan", "Parent Relationship": "Outer", "Scan Direction": "Forward", "Index Name": "info_type_pkey", "Relation Name": "info_type", "Alias": "it", "Startup Cost": 10000000000.0, "Total Cost": 1000000001393.0, "Plan Rows": 112, "Plan Width": 4}]}]}]}]}]}, "Unique SQL Id": 322094867}, "explain_analyze_plan": null}}