{"(1, 0)": {"explain_plan": {"Plan": {"Node Type": "Aggregate", "Strategy": "Plain", "Startup Cost": 19897.43, "Total Cost": 19897.44, "Plan Rows": 1, "Plan Width": 97, "Plans": [{"Node Type": "Nested Loop", "Parent Relationship": "Outer", "Join Type": "Inner", "Startup Cost": 0.0, "Total Cost": 19897.42, "Plan Rows": 2, "Plan Width": 33, "Inner Unique": true, "Plans": [{"Node Type": "Nested Loop", "Parent Relationship": "Outer", "Join Type": "Inner", "Startup Cost": 0.0, "Total Cost": 19896.86, "Plan Rows": 2, "Plan Width": 37, "Inner Unique": true, "Plans": [{"Node Type": "Nested Loop", "Parent Relationship": "Outer", "Join Type": "Inner", "Startup Cost": 0.0, "Total Cost": 19869.97, "Plan Rows": 5, "Plan Width": 25, "Inner Unique": true, "Plans": [{"Node Type": "Nested Loop", "Parent Relationship": "Outer", "Join Type": "Inner", "Startup Cost": 0.0, "Total Cost": 19867.87, "Plan Rows": 6, "Plan Width": 16, "Inner Unique": false, "Join Filter": "(ci.role_id = rt.id)", "Plans": [{"Node Type": "Seq Scan", "Parent Relationship": "Outer", "Relation Name": "role_type", "Alias": "rt", "Startup Cost": 0.0, "Total Cost": 1.15, "Plan Rows": 1, "Plan Width": 4, "Filter": "((role)::text = 'actor'::text)"}, {"Node Type": "Nested Loop", "Parent Relationship": "Inner", "Join Type": "Inner", "Startup Cost": 0.0, "Total Cost": 19865.87, "Plan Rows": 68, "Plan Width": 20, "Inner Unique": false, "Plans": [{"Node Type": "Nested Loop", "Parent Relationship": "Outer", "Join Type": "Inner", "Startup Cost": 0.0, "Total Cost": 16121.55, "Plan Rows": 3779, "Plan Width": 8, "Inner Unique": false, "Plans": [{"Node Type": "Seq Scan", "Parent Relationship": "Outer", "Relation Name": "company_name", "Alias": "cn", "Startup Cost": 0.0, "Total Cost": 5903.45, "Plan Rows": 251, "Plan Width": 4, "Filter": "((country_code)::text = '[ru]'::text)"}, {"Node Type": "Index Scan", "Parent Relationship": "Inner", "Scan Direction": "Forward", "Index Name": "company_id_movie_companies", "Relation Name": "movie_companies", "Alias": "mc", "Startup Cost": 0.0, "Total Cost": 40.56, "Plan Rows": 15, "Plan Width": 12, "Index Cond": "(company_id = cn.id)"}]}, {"Node Type": "Index Scan", "Parent Relationship": "Inner", "Scan Direction": "Forward", "Index Name": "movie_id_cast_info", "Relation Name": "cast_info", "Alias": "ci", "Startup Cost": 0.0, "Total Cost": 0.98, "Plan Rows": 1, "Plan Width": 12, "Index Cond": "(movie_id = mc.movie_id)", "Filter": "(((note)::text ~~ '%(voice)%'::text) AND ((note)::text ~~ '%(uncredited)%'::text))"}]}]}, {"Node Type": "Index Scan", "Parent Relationship": "Inner", "Scan Direction": "Forward", "Index Name": "title_pkey", "Relation Name": "title", "Alias": "t", "Startup Cost": 0.0, "Total Cost": 0.34, "Plan Rows": 1, "Plan Width": 21, "Index Cond": "(id = mc.movie_id)", "Filter": "(production_year > 2005)"}]}, {"Node Type": "Index Scan", "Parent Relationship": "Inner", "Scan Direction": "Forward", "Index Name": "char_name_pkey", "Relation Name": "char_name", "Alias": "chn", "Startup Cost": 0.0, "Total Cost": 5.37, "Plan Rows": 1, "Plan Width": 20, "Index Cond": "(id = ci.person_role_id)"}]}, {"Node Type": "Index Only Scan", "Parent Relationship": "Inner", "Scan Direction": "Forward", "Index Name": "company_type_pkey", "Relation Name": "company_type", "Alias": "ct", "Startup Cost": 0.0, "Total Cost": 0.27, "Plan Rows": 1, "Plan Width": 4, "Index Cond": "(id = mc.company_type_id)"}]}]}, "Unique SQL Id": 2933943827, "Planner Runtime": 13}, "explain_analyze_plan": {"Plan": {"Node Type": "Aggregate", "Strategy": "Plain", "Startup Cost": 19897.43, "Total Cost": 19897.44, "Plan Rows": 1, "Plan Width": 97, "Actual Startup Time": 849.792, "Actual Total Time": 849.792, "Actual Rows": 1, "Actual Loops": 1, "Plans": [{"Node Type": "Nested Loop", "Parent Relationship": "Outer", "Join Type": "Inner", "Startup Cost": 0.0, "Total Cost": 19897.42, "Plan Rows": 2, "Plan Width": 33, "Actual Startup Time": 45.94, "Actual Total Time": 849.705, "Actual Rows": 18, "Actual Loops": 1, "Inner Unique": true, "Plans": [{"Node Type": "Nested Loop", "Parent Relationship": "Outer", "Join Type": "Inner", "Startup Cost": 0.0, "Total Cost": 19896.86, "Plan Rows": 2, "Plan Width": 37, "Actual Startup Time": 9.453, "Actual Total Time": 849.336, "Actual Rows": 104, "Actual Loops": 1, "Inner Unique": true, "Plans": [{"Node Type": "Nested Loop", "Parent Relationship": "Outer", "Join Type": "Inner", "Startup Cost": 0.0, "Total Cost": 19869.97, "Plan Rows": 5, "Plan Width": 25, "Actual Startup Time": 9.441, "Actual Total Time": 848.326, "Actual Rows": 112, "Actual Loops": 1, "Inner Unique": true, "Plans": [{"Node Type": "Nested Loop", "Parent Relationship": "Outer", "Join Type": "Inner", "Startup Cost": 0.0, "Total Cost": 19867.87, "Plan Rows": 6, "Plan Width": 16, "Actual Startup Time": 0.798, "Actual Total Time": 846.093, "Actual Rows": 275, "Actual Loops": 1, "Inner Unique": false, "Join Filter": "(ci.role_id = rt.id)", "Rows Removed by Join Filter": 102, "Plans": [{"Node Type": "Seq Scan", "Parent Relationship": "Outer", "Relation Name": "role_type", "Alias": "rt", "Startup Cost": 0.0, "Total Cost": 1.15, "Plan Rows": 1, "Plan Width": 4, "Actual Startup Time": 0.016, "Actual Total Time": 0.022, "Actual Rows": 1, "Actual Loops": 1, "Filter": "((role)::text = 'actor'::text)", "Rows Removed by Filter": 11}, {"Node Type": "Nested Loop", "Parent Relationship": "Inner", "Join Type": "Inner", "Startup Cost": 0.0, "Total Cost": 19865.87, "Plan Rows": 68, "Plan Width": 20, "Actual Startup Time": 0.763, "Actual Total Time": 845.809, "Actual Rows": 377, "Actual Loops": 1, "Inner Unique": false, "Plans": [{"Node Type": "Nested Loop", "Parent Relationship": "Outer", "Join Type": "Inner", "Startup Cost": 0.0, "Total Cost": 16121.55, "Plan Rows": 3779, "Plan Width": 8, "Actual Startup Time": 0.051, "Actual Total Time": 104.329, "Actual Rows": 8790, "Actual Loops": 1, "Inner Unique": false, "Plans": [{"Node Type": "Seq Scan", "Parent Relationship": "Outer", "Relation Name": "company_name", "Alias": "cn", "Startup Cost": 0.0, "Total Cost": 5903.45, "Plan Rows": 251, "Plan Width": 4, "Actual Startup Time": 0.034, "Actual Total Time": 81.103, "Actual Rows": 1361, "Actual Loops": 1, "Filter": "((country_code)::text = '[ru]'::text)", "Rows Removed by Filter": 233635}, {"Node Type": "Index Scan", "Parent Relationship": "Inner", "Scan Direction": "Forward", "Index Name": "company_id_movie_companies", "Relation Name": "movie_companies", "Alias": "mc", "Startup Cost": 0.0, "Total Cost": 40.56, "Plan Rows": 15, "Plan Width": 12, "Actual Startup Time": 8.58, "Actual Total Time": 20.037, "Actual Rows": 8790, "Actual Loops": 1361, "Index Cond": "(company_id = cn.id)", "Rows Removed by Index Recheck": 0}]}, {"Node Type": "Index Scan", "Parent Relationship": "Inner", "Scan Direction": "Forward", "Index Name": "movie_id_cast_info", "Relation Name": "cast_info", "Alias": "ci", "Startup Cost": 0.0, "Total Cost": 0.98, "Plan Rows": 1, "Plan Width": 12, "Actual Startup Time": 693.142, "Actual Total Time": 736.17, "Actual Rows": 377, "Actual Loops": 8790, "Index Cond": "(movie_id = mc.movie_id)", "Rows Removed by Index Recheck": 0, "Filter": "(((note)::text ~~ '%(voice)%'::text) AND ((note)::text ~~ '%(uncredited)%'::text))", "Rows Removed by Filter": 408168}]}]}, {"Node Type": "Index Scan", "Parent Relationship": "Inner", "Scan Direction": "Forward", "Index Name": "title_pkey", "Relation Name": "title", "Alias": "t", "Startup Cost": 0.0, "Total Cost": 0.34, "Plan Rows": 1, "Plan Width": 21, "Actual Startup Time": 1.815, "Actual Total Time": 1.815, "Actual Rows": 112, "Actual Loops": 275, "Index Cond": "(id = mc.movie_id)", "Rows Removed by Index Recheck": 0, "Filter": "(production_year > 2005)", "Rows Removed by Filter": 163}]}, {"Node Type": "Index Scan", "Parent Relationship": "Inner", "Scan Direction": "Forward", "Index Name": "char_name_pkey", "Relation Name": "char_name", "Alias": "chn", "Startup Cost": 0.0, "Total Cost": 5.37, "Plan Rows": 1, "Plan Width": 20, "Actual Startup Time": 0.744, "Actual Total Time": 0.744, "Actual Rows": 104, "Actual Loops": 112, "Index Cond": "(id = ci.person_role_id)", "Rows Removed by Index Recheck": 0}]}, {"Node Type": "Index Only Scan", "Parent Relationship": "Inner", "Scan Direction": "Forward", "Index Name": "company_type_pkey", "Relation Name": "company_type", "Alias": "ct", "Startup Cost": 0.0, "Total Cost": 0.27, "Plan Rows": 1, "Plan Width": 4, "Actual Startup Time": 0.203, "Actual Total Time": 0.203, "Actual Rows": 18, "Actual Loops": 104, "Index Cond": "(id = mc.company_type_id)", "Rows Removed by Index Recheck": 0, "Heap Fetches": 0}]}]}, "Triggers": [], "Planner Runtime": 3, "Total Runtime": 850.164, "Unique SQL Id": 2933943827}}, "(1, 1)": {"explain_plan": {"Plan": {"Node Type": "Aggregate", "Strategy": "Plain", "Startup Cost": 24506.67, "Total Cost": 24506.68, "Plan Rows": 1, "Plan Width": 97, "Plans": [{"Node Type": "Nested Loop", "Parent Relationship": "Outer", "Join Type": "Inner", "Startup Cost": 0.0, "Total Cost": 24506.66, "Plan Rows": 2, "Plan Width": 33, "Inner Unique": true, "Plans": [{"Node Type": "Nested Loop", "Parent Relationship": "Outer", "Join Type": "Inner", "Startup Cost": 0.0, "Total Cost": 24506.1, "Plan Rows": 2, "Plan Width": 37, "Inner Unique": true, "Plans": [{"Node Type": "Nested Loop", "Parent Relationship": "Outer", "Join Type": "Inner", "Startup Cost": 0.0, "Total Cost": 24479.22, "Plan Rows": 5, "Plan Width": 25, "Inner Unique": true, "Plans": [{"Node Type": "Nested Loop", "Parent Relationship": "Outer", "Join Type": "Inner", "Startup Cost": 0.0, "Total Cost": 24477.12, "Plan Rows": 6, "Plan Width": 16, "Inner Unique": false, "Join Filter": "(ci.role_id = rt.id)", "Plans": [{"Node Type": "Index Scan", "Parent Relationship": "Outer", "Scan Direction": "Forward", "Index Name": "role_type_pkey", "Relation Name": "role_type", "Alias": "rt", "Startup Cost": 0.0, "Total Cost": 12.46, "Plan Rows": 1, "Plan Width": 4, "Filter": "((role)::text = 'actor'::text)"}, {"Node Type": "Nested Loop", "Parent Relationship": "Inner", "Join Type": "Inner", "Startup Cost": 0.0, "Total Cost": 24463.81, "Plan Rows": 68, "Plan Width": 20, "Inner Unique": false, "Plans": [{"Node Type": "Nested Loop", "Parent Relationship": "Outer", "Join Type": "Inner", "Startup Cost": 0.0, "Total Cost": 20719.49, "Plan Rows": 3779, "Plan Width": 8, "Inner Unique": false, "Plans": [{"Node Type": "Index Scan", "Parent Relationship": "Outer", "Scan Direction": "Forward", "Index Name": "company_name_pkey", "Relation Name": "company_name", "Alias": "cn", "Startup Cost": 0.0, "Total Cost": 10501.39, "Plan Rows": 251, "Plan Width": 4, "Filter": "((country_code)::text = '[ru]'::text)"}, {"Node Type": "Index Scan", "Parent Relationship": "Inner", "Scan Direction": "Forward", "Index Name": "company_id_movie_companies", "Relation Name": "movie_companies", "Alias": "mc", "Startup Cost": 0.0, "Total Cost": 40.56, "Plan Rows": 15, "Plan Width": 12, "Index Cond": "(company_id = cn.id)"}]}, {"Node Type": "Index Scan", "Parent Relationship": "Inner", "Scan Direction": "Forward", "Index Name": "movie_id_cast_info", "Relation Name": "cast_info", "Alias": "ci", "Startup Cost": 0.0, "Total Cost": 0.98, "Plan Rows": 1, "Plan Width": 12, "Index Cond": "(movie_id = mc.movie_id)", "Filter": "(((note)::text ~~ '%(voice)%'::text) AND ((note)::text ~~ '%(uncredited)%'::text))"}]}]}, {"Node Type": "Index Scan", "Parent Relationship": "Inner", "Scan Direction": "Forward", "Index Name": "title_pkey", "Relation Name": "title", "Alias": "t", "Startup Cost": 0.0, "Total Cost": 0.34, "Plan Rows": 1, "Plan Width": 21, "Index Cond": "(id = mc.movie_id)", "Filter": "(production_year > 2005)"}]}, {"Node Type": "Index Scan", "Parent Relationship": "Inner", "Scan Direction": "Forward", "Index Name": "char_name_pkey", "Relation Name": "char_name", "Alias": "chn", "Startup Cost": 0.0, "Total Cost": 5.37, "Plan Rows": 1, "Plan Width": 20, "Index Cond": "(id = ci.person_role_id)"}]}, {"Node Type": "Index Only Scan", "Parent Relationship": "Inner", "Scan Direction": "Forward", "Index Name": "company_type_pkey", "Relation Name": "company_type", "Alias": "ct", "Startup Cost": 0.0, "Total Cost": 0.27, "Plan Rows": 1, "Plan Width": 4, "Index Cond": "(id = mc.company_type_id)"}]}]}, "Unique SQL Id": 2933943827, "Planner Runtime": 12}, "explain_analyze_plan": {"Plan": {"Node Type": "Aggregate", "Strategy": "Plain", "Startup Cost": 24506.67, "Total Cost": 24506.68, "Plan Rows": 1, "Plan Width": 97, "Actual Startup Time": 1109.578, "Actual Total Time": 1109.578, "Actual Rows": 1, "Actual Loops": 1, "Plans": [{"Node Type": "Nested Loop", "Parent Relationship": "Outer", "Join Type": "Inner", "Startup Cost": 0.0, "Total Cost": 24506.66, "Plan Rows": 2, "Plan Width": 33, "Actual Startup Time": 29.393, "Actual Total Time": 1109.498, "Actual Rows": 18, "Actual Loops": 1, "Inner Unique": true, "Plans": [{"Node Type": "Nested Loop", "Parent Relationship": "Outer", "Join Type": "Inner", "Startup Cost": 0.0, "Total Cost": 24506.1, "Plan Rows": 2, "Plan Width": 37, "Actual Startup Time": 22.505, "Actual Total Time": 1109.156, "Actual Rows": 104, "Actual Loops": 1, "Inner Unique": true, "Plans": [{"Node Type": "Nested Loop", "Parent Relationship": "Outer", "Join Type": "Inner", "Startup Cost": 0.0, "Total Cost": 24479.22, "Plan Rows": 5, "Plan Width": 25, "Actual Startup Time": 22.492, "Actual Total Time": 1108.078, "Actual Rows": 112, "Actual Loops": 1, "Inner Unique": true, "Plans": [{"Node Type": "Nested Loop", "Parent Relationship": "Outer", "Join Type": "Inner", "Startup Cost": 0.0, "Total Cost": 24477.12, "Plan Rows": 6, "Plan Width": 16, "Actual Startup Time": 6.312, "Actual Total Time": 1105.702, "Actual Rows": 275, "Actual Loops": 1, "Inner Unique": false, "Join Filter": "(ci.role_id = rt.id)", "Rows Removed by Join Filter": 102, "Plans": [{"Node Type": "Index Scan", "Parent Relationship": "Outer", "Scan Direction": "Forward", "Index Name": "role_type_pkey", "Relation Name": "role_type", "Alias": "rt", "Startup Cost": 0.0, "Total Cost": 12.46, "Plan Rows": 1, "Plan Width": 4, "Actual Startup Time": 0.019, "Actual Total Time": 0.032, "Actual Rows": 1, "Actual Loops": 1, "Filter": "((role)::text = 'actor'::text)", "Rows Removed by Filter": 11}, {"Node Type": "Nested Loop", "Parent Relationship": "Inner", "Join Type": "Inner", "Startup Cost": 0.0, "Total Cost": 24463.81, "Plan Rows": 68, "Plan Width": 20, "Actual Startup Time": 6.284, "Actual Total Time": 1105.39, "Actual Rows": 377, "Actual Loops": 1, "Inner Unique": false, "Plans": [{"Node Type": "Nested Loop", "Parent Relationship": "Outer", "Join Type": "Inner", "Startup Cost": 0.0, "Total Cost": 20719.49, "Plan Rows": 3779, "Plan Width": 8, "Actual Startup Time": 0.444, "Actual Total Time": 336.747, "Actual Rows": 8790, "Actual Loops": 1, "Inner Unique": false, "Plans": [{"Node Type": "Index Scan", "Parent Relationship": "Outer", "Scan Direction": "Forward", "Index Name": "company_name_pkey", "Relation Name": "company_name", "Alias": "cn", "Startup Cost": 0.0, "Total Cost": 10501.39, "Plan Rows": 251, "Plan Width": 4, "Actual Startup Time": 0.43, "Actual Total Time": 312.872, "Actual Rows": 1361, "Actual Loops": 1, "Filter": "((country_code)::text = '[ru]'::text)", "Rows Removed by Filter": 233635}, {"Node Type": "Index Scan", "Parent Relationship": "Inner", "Scan Direction": "Forward", "Index Name": "company_id_movie_companies", "Relation Name": "movie_companies", "Alias": "mc", "Startup Cost": 0.0, "Total Cost": 40.56, "Plan Rows": 15, "Plan Width": 12, "Actual Startup Time": 8.429, "Actual Total Time": 20.182, "Actual Rows": 8790, "Actual Loops": 1361, "Index Cond": "(company_id = cn.id)", "Rows Removed by Index Recheck": 0}]}, {"Node Type": "Index Scan", "Parent Relationship": "Inner", "Scan Direction": "Forward", "Index Name": "movie_id_cast_info", "Relation Name": "cast_info", "Alias": "ci", "Startup Cost": 0.0, "Total Cost": 0.98, "Plan Rows": 1, "Plan Width": 12, "Actual Startup Time": 717.855, "Actual Total Time": 762.941, "Actual Rows": 377, "Actual Loops": 8790, "Index Cond": "(movie_id = mc.movie_id)", "Rows Removed by Index Recheck": 0, "Filter": "(((note)::text ~~ '%(voice)%'::text) AND ((note)::text ~~ '%(uncredited)%'::text))", "Rows Removed by Filter": 408168}]}]}, {"Node Type": "Index Scan", "Parent Relationship": "Inner", "Scan Direction": "Forward", "Index Name": "title_pkey", "Relation Name": "title", "Alias": "t", "Startup Cost": 0.0, "Total Cost": 0.34, "Plan Rows": 1, "Plan Width": 21, "Actual Startup Time": 1.933, "Actual Total Time": 1.933, "Actual Rows": 112, "Actual Loops": 275, "Index Cond": "(id = mc.movie_id)", "Rows Removed by Index Recheck": 0, "Filter": "(production_year > 2005)", "Rows Removed by Filter": 163}]}, {"Node Type": "Index Scan", "Parent Relationship": "Inner", "Scan Direction": "Forward", "Index Name": "char_name_pkey", "Relation Name": "char_name", "Alias": "chn", "Startup Cost": 0.0, "Total Cost": 5.37, "Plan Rows": 1, "Plan Width": 20, "Actual Startup Time": 0.818, "Actual Total Time": 0.818, "Actual Rows": 104, "Actual Loops": 112, "Index Cond": "(id = ci.person_role_id)", "Rows Removed by Index Recheck": 0}]}, {"Node Type": "Index Only Scan", "Parent Relationship": "Inner", "Scan Direction": "Forward", "Index Name": "company_type_pkey", "Relation Name": "company_type", "Alias": "ct", "Startup Cost": 0.0, "Total Cost": 0.27, "Plan Rows": 1, "Plan Width": 4, "Actual Startup Time": 0.182, "Actual Total Time": 0.182, "Actual Rows": 18, "Actual Loops": 104, "Index Cond": "(id = mc.company_type_id)", "Rows Removed by Index Recheck": 0, "Heap Fetches": 0}]}]}, "Triggers": [], "Planner Runtime": 3, "Total Runtime": 1109.893, "Unique SQL Id": 2933943827}}, "(1, 2)": {"explain_plan": {"Plan": {"Node Type": "Aggregate", "Strategy": "Plain", "Startup Cost": 38342.48, "Total Cost": 38342.49, "Plan Rows": 1, "Plan Width": 97, "Plans": [{"Node Type": "Nested Loop", "Parent Relationship": "Outer", "Join Type": "Inner", "Startup Cost": 7.4, "Total Cost": 38342.47, "Plan Rows": 2, "Plan Width": 33, "Inner Unique": false, "Join Filter": "(mc.company_type_id = ct.id)", "Plans": [{"Node Type": "Seq Scan", "Parent Relationship": "Outer", "Relation Name": "company_type", "Alias": "ct", "Startup Cost": 0.0, "Total Cost": 1.03, "Plan Rows": 3, "Plan Width": 4}, {"Node Type": "Materialize", "Parent Relationship": "Inner", "Startup Cost": 7.4, "Total Cost": 38341.35, "Plan Rows": 2, "Plan Width": 37, "Plans": [{"Node Type": "Nested Loop", "Parent Relationship": "Outer", "Join Type": "Inner", "Startup Cost": 7.4, "Total Cost": 38341.34, "Plan Rows": 2, "Plan Width": 37, "Inner Unique": true, "Plans": [{"Node Type": "Nested Loop", "Parent Relationship": "Outer", "Join Type": "Inner", "Startup Cost": 7.13, "Total Cost": 38328.45, "Plan Rows": 3, "Plan Width": 28, "Inner Unique": true, "Plans": [{"Node Type": "Nested Loop", "Parent Relationship": "Outer", "Join Type": "Inner", "Startup Cost": 4.83, "Total Cost": 38290.52, "Plan Rows": 6, "Plan Width": 16, "Inner Unique": false, "Join Filter": "(ci.role_id = rt.id)", "Plans": [{"Node Type": "Seq Scan", "Parent Relationship": "Outer", "Relation Name": "role_type", "Alias": "rt", "Startup Cost": 0.0, "Total Cost": 1.15, "Plan Rows": 1, "Plan Width": 4, "Filter": "((role)::text = 'actor'::text)"}, {"Node Type": "Nested Loop", "Parent Relationship": "Inner", "Join Type": "Inner", "Startup Cost": 4.83, "Total Cost": 38288.52, "Plan Rows": 68, "Plan Width": 20, "Inner Unique": false, "Plans": [{"Node Type": "Nested Loop", "Parent Relationship": "Outer", "Join Type": "Inner", "Startup Cost": 4.32, "Total Cost": 20813.55, "Plan Rows": 3779, "Plan Width": 8, "Inner Unique": false, "Plans": [{"Node Type": "Seq Scan", "Parent Relationship": "Outer", "Relation Name": "company_name", "Alias": "cn", "Startup Cost": 0.0, "Total Cost": 5903.45, "Plan Rows": 251, "Plan Width": 4, "Filter": "((country_code)::text = '[ru]'::text)"}, {"Node Type": "Bitmap Heap Scan", "Parent Relationship": "Inner", "Relation Name": "movie_companies", "Alias": "mc", "Startup Cost": 4.32, "Total Cost": 59.25, "Plan Rows": 15, "Plan Width": 12, "Recheck Cond": "(company_id = cn.id)", "Plans": [{"Node Type": "Bitmap Index Scan", "Parent Relationship": "Outer", "Index Name": "company_id_movie_companies", "Startup Cost": 0.0, "Total Cost": 4.31, "Plan Rows": 15, "Plan Width": 0, "Index Cond": "(company_id = cn.id)"}]}]}, {"Node Type": "Bitmap Heap Scan", "Parent Relationship": "Inner", "Relation Name": "cast_info", "Alias": "ci", "Startup Cost": 0.51, "Total Cost": 4.61, "Plan Rows": 1, "Plan Width": 12, "Recheck Cond": "(movie_id = mc.movie_id)", "Filter": "(((note)::text ~~ '%(voice)%'::text) AND ((note)::text ~~ '%(uncredited)%'::text))", "Plans": [{"Node Type": "Bitmap Index Scan", "Parent Relationship": "Outer", "Index Name": "movie_id_cast_info", "Startup Cost": 0.0, "Total Cost": 0.51, "Plan Rows": 6, "Plan Width": 0, "Index Cond": "(movie_id = mc.movie_id)"}]}]}]}, {"Node Type": "Bitmap Heap Scan", "Parent Relationship": "Inner", "Relation Name": "char_name", "Alias": "chn", "Startup Cost": 2.3, "Total Cost": 6.31, "Plan Rows": 1, "Plan Width": 20, "Recheck Cond": "(id = ci.person_role_id)", "Plans": [{"Node Type": "Bitmap Index Scan", "Parent Relationship": "Outer", "Index Name": "char_name_pkey", "Startup Cost": 0.0, "Total Cost": 2.3, "Plan Rows": 1, "Plan Width": 0, "Index Cond": "(id = ci.person_role_id)"}]}]}, {"Node Type": "Bitmap Heap Scan", "Parent Relationship": "Inner", "Relation Name": "title", "Alias": "t", "Startup Cost": 0.27, "Total Cost": 4.29, "Plan Rows": 1, "Plan Width": 21, "Recheck Cond": "(id = mc.movie_id)", "Filter": "(production_year > 2005)", "Plans": [{"Node Type": "Bitmap Index Scan", "Parent Relationship": "Outer", "Index Name": "title_pkey", "Startup Cost": 0.0, "Total Cost": 0.27, "Plan Rows": 1, "Plan Width": 0, "Index Cond": "(id = mc.movie_id)"}]}]}]}]}]}, "Unique SQL Id": 2933943827, "Planner Runtime": 13}, "explain_analyze_plan": {"Plan": {"Node Type": "Aggregate", "Strategy": "Plain", "Startup Cost": 38342.48, "Total Cost": 38342.49, "Plan Rows": 1, "Plan Width": 97, "Actual Startup Time": 1051.606, "Actual Total Time": 1051.606, "Actual Rows": 1, "Actual Loops": 1, "Plans": [{"Node Type": "Nested Loop", "Parent Relationship": "Outer", "Join Type": "Inner", "Startup Cost": 7.4, "Total Cost": 38342.47, "Plan Rows": 2, "Plan Width": 33, "Actual Startup Time": 61.331, "Actual Total Time": 1051.524, "Actual Rows": 18, "Actual Loops": 1, "Inner Unique": false, "Join Filter": "(mc.company_type_id = ct.id)", "Rows Removed by Join Filter": 294, "Plans": [{"Node Type": "Seq Scan", "Parent Relationship": "Outer", "Relation Name": "company_type", "Alias": "ct", "Startup Cost": 0.0, "Total Cost": 1.03, "Plan Rows": 3, "Plan Width": 4, "Actual Startup Time": 0.013, "Actual Total Time": 0.015, "Actual Rows": 3, "Actual Loops": 1}, {"Node Type": "Materialize", "Parent Relationship": "Inner", "Startup Cost": 7.4, "Total Cost": 38341.35, "Plan Rows": 2, "Plan Width": 37, "Actual Startup Time": 12.803, "Actual Total Time": 1051.351, "Actual Rows": 312, "Actual Loops": 3, "Plans": [{"Node Type": "Nested Loop", "Parent Relationship": "Outer", "Join Type": "Inner", "Startup Cost": 7.4, "Total Cost": 38341.34, "Plan Rows": 2, "Plan Width": 37, "Actual Startup Time": 12.796, "Actual Total Time": 1051.168, "Actual Rows": 104, "Actual Loops": 1, "Inner Unique": true, "Plans": [{"Node Type": "Nested Loop", "Parent Relationship": "Outer", "Join Type": "Inner", "Startup Cost": 7.13, "Total Cost": 38328.45, "Plan Rows": 3, "Plan Width": 28, "Actual Startup Time": 1.092, "Actual Total Time": 1048.264, "Actual Rows": 265, "Actual Loops": 1, "Inner Unique": true, "Plans": [{"Node Type": "Nested Loop", "Parent Relationship": "Outer", "Join Type": "Inner", "Startup Cost": 4.83, "Total Cost": 38290.52, "Plan Rows": 6, "Plan Width": 16, "Actual Startup Time": 1.074, "Actual Total Time": 1039.87, "Actual Rows": 275, "Actual Loops": 1, "Inner Unique": false, "Join Filter": "(ci.role_id = rt.id)", "Rows Removed by Join Filter": 102, "Plans": [{"Node Type": "Seq Scan", "Parent Relationship": "Outer", "Relation Name": "role_type", "Alias": "rt", "Startup Cost": 0.0, "Total Cost": 1.15, "Plan Rows": 1, "Plan Width": 4, "Actual Startup Time": 0.011, "Actual Total Time": 0.017, "Actual Rows": 1, "Actual Loops": 1, "Filter": "((role)::text = 'actor'::text)", "Rows Removed by Filter": 11}, {"Node Type": "Nested Loop", "Parent Relationship": "Inner", "Join Type": "Inner", "Startup Cost": 4.83, "Total Cost": 38288.52, "Plan Rows": 68, "Plan Width": 20, "Actual Startup Time": 1.053, "Actual Total Time": 1039.552, "Actual Rows": 377, "Actual Loops": 1, "Inner Unique": false, "Plans": [{"Node Type": "Nested Loop", "Parent Relationship": "Outer", "Join Type": "Inner", "Startup Cost": 4.32, "Total Cost": 20813.55, "Plan Rows": 3779, "Plan Width": 8, "Actual Startup Time": 0.076, "Actual Total Time": 113.43, "Actual Rows": 8790, "Actual Loops": 1, "Inner Unique": false, "Plans": [{"Node Type": "Seq Scan", "Parent Relationship": "Outer", "Relation Name": "company_name", "Alias": "cn", "Startup Cost": 0.0, "Total Cost": 5903.45, "Plan Rows": 251, "Plan Width": 4, "Actual Startup Time": 0.037, "Actual Total Time": 82.281, "Actual Rows": 1361, "Actual Loops": 1, "Filter": "((country_code)::text = '[ru]'::text)", "Rows Removed by Filter": 233635}, {"Node Type": "Bitmap Heap Scan", "Parent Relationship": "Inner", "Relation Name": "movie_companies", "Alias": "mc", "Startup Cost": 4.32, "Total Cost": 59.25, "Plan Rows": 15, "Plan Width": 12, "Actual Startup Time": 13.444, "Actual Total Time": 26.33, "Actual Rows": 8790, "Actual Loops": 1361, "Recheck Cond": "(company_id = cn.id)", "Rows Removed by Index Recheck": 0, "Exact Heap Blocks": 7155, "Lossy Heap Blocks": 7155, "Plans": [{"Node Type": "Bitmap Index Scan", "Parent Relationship": "Outer", "Index Name": "company_id_movie_companies", "Startup Cost": 0.0, "Total Cost": 4.31, "Plan Rows": 15, "Plan Width": 0, "Actual Startup Time": 8.375, "Actual Total Time": 8.375, "Actual Rows": 8790, "Actual Loops": 1361, "Index Cond": "(company_id = cn.id)"}]}]}, {"Node Type": "Bitmap Heap Scan", "Parent Relationship": "Inner", "Relation Name": "cast_info", "Alias": "ci", "Startup Cost": 0.51, "Total Cost": 4.61, "Plan Rows": 1, "Plan Width": 12, "Actual Startup Time": 862.141, "Actual Total Time": 909.97, "Actual Rows": 377, "Actual Loops": 8790, "Recheck Cond": "(movie_id = mc.movie_id)", "Rows Removed by Index Recheck": 0, "Filter": "(((note)::text ~~ '%(voice)%'::text) AND ((note)::text ~~ '%(uncredited)%'::text))", "Rows Removed by Filter": 408168, "Exact Heap Blocks": 397651, "Lossy Heap Blocks": 397651, "Plans": [{"Node Type": "Bitmap Index Scan", "Parent Relationship": "Outer", "Index Name": "movie_id_cast_info", "Startup Cost": 0.0, "Total Cost": 0.51, "Plan Rows": 6, "Plan Width": 0, "Actual Startup Time": 120.878, "Actual Total Time": 120.878, "Actual Rows": 408545, "Actual Loops": 8790, "Index Cond": "(movie_id = mc.movie_id)"}]}]}]}, {"Node Type": "Bitmap Heap Scan", "Parent Relationship": "Inner", "Relation Name": "char_name", "Alias": "chn", "Startup Cost": 2.3, "Total Cost": 6.31, "Plan Rows": 1, "Plan Width": 20, "Actual Startup Time": 7.588, "Actual Total Time": 7.588, "Actual Rows": 265, "Actual Loops": 275, "Recheck Cond": "(id = ci.person_role_id)", "Rows Removed by Index Recheck": 0, "Exact Heap Blocks": 265, "Lossy Heap Blocks": 265, "Plans": [{"Node Type": "Bitmap Index Scan", "Parent Relationship": "Outer", "Index Name": "char_name_pkey", "Startup Cost": 0.0, "Total Cost": 2.3, "Plan Rows": 1, "Plan Width": 0, "Actual Startup Time": 4.854, "Actual Total Time": 4.854, "Actual Rows": 265, "Actual Loops": 275, "Index Cond": "(id = ci.person_role_id)"}]}]}, {"Node Type": "Bitmap Heap Scan", "Parent Relationship": "Inner", "Relation Name": "title", "Alias": "t", "Startup Cost": 0.27, "Total Cost": 4.29, "Plan Rows": 1, "Plan Width": 21, "Actual Startup Time": 2.217, "Actual Total Time": 2.217, "Actual Rows": 104, "Actual Loops": 265, "Recheck Cond": "(id = mc.movie_id)", "Rows Removed by Index Recheck": 0, "Filter": "(production_year > 2005)", "Rows Removed by Filter": 161, "Exact Heap Blocks": 265, "Lossy Heap Blocks": 265, "Plans": [{"Node Type": "Bitmap Index Scan", "Parent Relationship": "Outer", "Index Name": "title_pkey", "Startup Cost": 0.0, "Total Cost": 0.27, "Plan Rows": 1, "Plan Width": 0, "Actual Startup Time": 1.362, "Actual Total Time": 1.362, "Actual Rows": 265, "Actual Loops": 265, "Index Cond": "(id = mc.movie_id)"}]}]}]}]}]}, "Triggers": [], "Planner Runtime": 4, "Total Runtime": 1051.978, "Unique SQL Id": 2933943827}}, "(1, 3)": {"explain_plan": {"Plan": {"Node Type": "Aggregate", "Strategy": "Plain", "Startup Cost": 1000020511889.56, "Total Cost": 1000020511889.57, "Plan Rows": 1, "Plan Width": 97, "Plans": [{"Node Type": "Nested Loop", "Parent Relationship": "Outer", "Join Type": "Inner", "Startup Cost": 10000000003.85, "Total Cost": 1000020511889.55, "Plan Rows": 2, "Plan Width": 33, "Inner Unique": true, "Plans": [{"Node Type": "Nested Loop", "Parent Relationship": "Outer", "Join Type": "Inner", "Startup Cost": 10000000003.6, "Total Cost": 1000020511880.99, "Plan Rows": 2, "Plan Width": 37, "Inner Unique": true, "Plans": [{"Node Type": "Nested Loop", "Parent Relationship": "Outer", "Join Type": "Inner", "Startup Cost": 10000000003.32, "Total Cost": 1000020511868.1, "Plan Rows": 3, "Plan Width": 28, "Inner Unique": true, "Plans": [{"Node Type": "Nested Loop", "Parent Relationship": "Outer", "Join Type": "Inner", "Startup Cost": 10000000001.03, "Total Cost": 1000020511830.17, "Plan Rows": 6, "Plan Width": 16, "Inner Unique": true, "Plans": [{"Node Type": "Nested Loop", "Parent Relationship": "Outer", "Join Type": "Inner", "Startup Cost": 10000000000.77, "Total Cost": 1000020511538.92, "Plan Rows": 68, "Plan Width": 20, "Inner Unique": false, "Plans": [{"Node Type": "Nested Loop", "Parent Relationship": "Outer", "Join Type": "Inner", "Startup Cost": 10000000000.26, "Total Cost": 1000020494063.94, "Plan Rows": 3779, "Plan Width": 8, "Inner Unique": true, "Plans": [{"Node Type": "Index Scan", "Parent Relationship": "Outer", "Scan Direction": "Forward", "Index Name": "company_type_id_movie_companies", "Relation Name": "movie_companies", "Alias": "mc", "Startup Cost": 10000000000.0, "Total Cost": 1000009318217.0, "Plan Rows": 2609128, "Plan Width": 12}, {"Node Type": "Bitmap Heap Scan", "Parent Relationship": "Inner", "Relation Name": "company_name", "Alias": "cn", "Startup Cost": 0.26, "Total Cost": 4.27, "Plan Rows": 1, "Plan Width": 4, "Recheck Cond": "(id = mc.company_id)", "Filter": "((country_code)::text = '[ru]'::text)", "Plans": [{"Node Type": "Bitmap Index Scan", "Parent Relationship": "Outer", "Index Name": "company_name_pkey", "Startup Cost": 0.0, "Total Cost": 0.26, "Plan Rows": 1, "Plan Width": 0, "Index Cond": "(id = mc.company_id)"}]}]}, {"Node Type": "Bitmap Heap Scan", "Parent Relationship": "Inner", "Relation Name": "cast_info", "Alias": "ci", "Startup Cost": 0.51, "Total Cost": 4.61, "Plan Rows": 1, "Plan Width": 12, "Recheck Cond": "(movie_id = mc.movie_id)", "Filter": "(((note)::text ~~ '%(voice)%'::text) AND ((note)::text ~~ '%(uncredited)%'::text))", "Plans": [{"Node Type": "Bitmap Index Scan", "Parent Relationship": "Outer", "Index Name": "movie_id_cast_info", "Startup Cost": 0.0, "Total Cost": 0.51, "Plan Rows": 6, "Plan Width": 0, "Index Cond": "(movie_id = mc.movie_id)"}]}]}, {"Node Type": "Bitmap Heap Scan", "Parent Relationship": "Inner", "Relation Name": "role_type", "Alias": "rt", "Startup Cost": 0.26, "Total Cost": 4.27, "Plan Rows": 1, "Plan Width": 4, "Recheck Cond": "(id = ci.role_id)", "Filter": "((role)::text = 'actor'::text)", "Plans": [{"Node Type": "Bitmap Index Scan", "Parent Relationship": "Outer", "Index Name": "role_type_pkey", "Startup Cost": 0.0, "Total Cost": 0.26, "Plan Rows": 1, "Plan Width": 0, "Index Cond": "(id = ci.role_id)"}]}]}, {"Node Type": "Bitmap Heap Scan", "Parent Relationship": "Inner", "Relation Name": "char_name", "Alias": "chn", "Startup Cost": 2.3, "Total Cost": 6.31, "Plan Rows": 1, "Plan Width": 20, "Recheck Cond": "(id = ci.person_role_id)", "Plans": [{"Node Type": "Bitmap Index Scan", "Parent Relationship": "Outer", "Index Name": "char_name_pkey", "Startup Cost": 0.0, "Total Cost": 2.3, "Plan Rows": 1, "Plan Width": 0, "Index Cond": "(id = ci.person_role_id)"}]}]}, {"Node Type": "Bitmap Heap Scan", "Parent Relationship": "Inner", "Relation Name": "title", "Alias": "t", "Startup Cost": 0.27, "Total Cost": 4.29, "Plan Rows": 1, "Plan Width": 21, "Recheck Cond": "(id = mc.movie_id)", "Filter": "(production_year > 2005)", "Plans": [{"Node Type": "Bitmap Index Scan", "Parent Relationship": "Outer", "Index Name": "title_pkey", "Startup Cost": 0.0, "Total Cost": 0.27, "Plan Rows": 1, "Plan Width": 0, "Index Cond": "(id = mc.movie_id)"}]}]}, {"Node Type": "Bitmap Heap Scan", "Parent Relationship": "Inner", "Relation Name": "company_type", "Alias": "ct", "Startup Cost": 0.26, "Total Cost": 4.27, "Plan Rows": 1, "Plan Width": 4, "Recheck Cond": "(id = mc.company_type_id)", "Plans": [{"Node Type": "Bitmap Index Scan", "Parent Relationship": "Outer", "Index Name": "company_type_pkey", "Startup Cost": 0.0, "Total Cost": 0.26, "Plan Rows": 1, "Plan Width": 0, "Index Cond": "(id = mc.company_type_id)"}]}]}]}, "Unique SQL Id": 2933943827, "Planner Runtime": 6}, "explain_analyze_plan": null}, "(1, 4)": {"explain_plan": {"Plan": {"Node Type": "Aggregate", "Strategy": "Plain", "Startup Cost": 19897.43, "Total Cost": 19897.44, "Plan Rows": 1, "Plan Width": 97, "Plans": [{"Node Type": "Nested Loop", "Parent Relationship": "Outer", "Join Type": "Inner", "Startup Cost": 0.0, "Total Cost": 19897.42, "Plan Rows": 2, "Plan Width": 33, "Inner Unique": true, "Plans": [{"Node Type": "Nested Loop", "Parent Relationship": "Outer", "Join Type": "Inner", "Startup Cost": 0.0, "Total Cost": 19896.86, "Plan Rows": 2, "Plan Width": 37, "Inner Unique": true, "Plans": [{"Node Type": "Nested Loop", "Parent Relationship": "Outer", "Join Type": "Inner", "Startup Cost": 0.0, "Total Cost": 19869.97, "Plan Rows": 5, "Plan Width": 25, "Inner Unique": true, "Plans": [{"Node Type": "Nested Loop", "Parent Relationship": "Outer", "Join Type": "Inner", "Startup Cost": 0.0, "Total Cost": 19867.87, "Plan Rows": 6, "Plan Width": 16, "Inner Unique": false, "Join Filter": "(ci.role_id = rt.id)", "Plans": [{"Node Type": "Seq Scan", "Parent Relationship": "Outer", "Relation Name": "role_type", "Alias": "rt", "Startup Cost": 0.0, "Total Cost": 1.15, "Plan Rows": 1, "Plan Width": 4, "Filter": "((role)::text = 'actor'::text)"}, {"Node Type": "Nested Loop", "Parent Relationship": "Inner", "Join Type": "Inner", "Startup Cost": 0.0, "Total Cost": 19865.87, "Plan Rows": 68, "Plan Width": 20, "Inner Unique": false, "Plans": [{"Node Type": "Nested Loop", "Parent Relationship": "Outer", "Join Type": "Inner", "Startup Cost": 0.0, "Total Cost": 16121.55, "Plan Rows": 3779, "Plan Width": 8, "Inner Unique": false, "Plans": [{"Node Type": "Seq Scan", "Parent Relationship": "Outer", "Relation Name": "company_name", "Alias": "cn", "Startup Cost": 0.0, "Total Cost": 5903.45, "Plan Rows": 251, "Plan Width": 4, "Filter": "((country_code)::text = '[ru]'::text)"}, {"Node Type": "Index Scan", "Parent Relationship": "Inner", "Scan Direction": "Forward", "Index Name": "company_id_movie_companies", "Relation Name": "movie_companies", "Alias": "mc", "Startup Cost": 0.0, "Total Cost": 40.56, "Plan Rows": 15, "Plan Width": 12, "Index Cond": "(company_id = cn.id)"}]}, {"Node Type": "Index Scan", "Parent Relationship": "Inner", "Scan Direction": "Forward", "Index Name": "movie_id_cast_info", "Relation Name": "cast_info", "Alias": "ci", "Startup Cost": 0.0, "Total Cost": 0.98, "Plan Rows": 1, "Plan Width": 12, "Index Cond": "(movie_id = mc.movie_id)", "Filter": "(((note)::text ~~ '%(voice)%'::text) AND ((note)::text ~~ '%(uncredited)%'::text))"}]}]}, {"Node Type": "Index Scan", "Parent Relationship": "Inner", "Scan Direction": "Forward", "Index Name": "title_pkey", "Relation Name": "title", "Alias": "t", "Startup Cost": 0.0, "Total Cost": 0.34, "Plan Rows": 1, "Plan Width": 21, "Index Cond": "(id = mc.movie_id)", "Filter": "(production_year > 2005)"}]}, {"Node Type": "Index Scan", "Parent Relationship": "Inner", "Scan Direction": "Forward", "Index Name": "char_name_pkey", "Relation Name": "char_name", "Alias": "chn", "Startup Cost": 0.0, "Total Cost": 5.37, "Plan Rows": 1, "Plan Width": 20, "Index Cond": "(id = ci.person_role_id)"}]}, {"Node Type": "Index Scan", "Parent Relationship": "Inner", "Scan Direction": "Forward", "Index Name": "company_type_pkey", "Relation Name": "company_type", "Alias": "ct", "Startup Cost": 0.0, "Total Cost": 0.27, "Plan Rows": 1, "Plan Width": 4, "Index Cond": "(id = mc.company_type_id)"}]}]}, "Unique SQL Id": 2933943827, "Planner Runtime": 13}, "explain_analyze_plan": {"Plan": {"Node Type": "Aggregate", "Strategy": "Plain", "Startup Cost": 19897.43, "Total Cost": 19897.44, "Plan Rows": 1, "Plan Width": 97, "Actual Startup Time": 796.295, "Actual Total Time": 796.296, "Actual Rows": 1, "Actual Loops": 1, "Plans": [{"Node Type": "Nested Loop", "Parent Relationship": "Outer", "Join Type": "Inner", "Startup Cost": 0.0, "Total Cost": 19897.42, "Plan Rows": 2, "Plan Width": 33, "Actual Startup Time": 40.923, "Actual Total Time": 796.105, "Actual Rows": 18, "Actual Loops": 1, "Inner Unique": true, "Plans": [{"Node Type": "Nested Loop", "Parent Relationship": "Outer", "Join Type": "Inner", "Startup Cost": 0.0, "Total Cost": 19896.86, "Plan Rows": 2, "Plan Width": 37, "Actual Startup Time": 8.52, "Actual Total Time": 795.8, "Actual Rows": 104, "Actual Loops": 1, "Inner Unique": true, "Plans": [{"Node Type": "Nested Loop", "Parent Relationship": "Outer", "Join Type": "Inner", "Startup Cost": 0.0, "Total Cost": 19869.97, "Plan Rows": 5, "Plan Width": 25, "Actual Startup Time": 8.511, "Actual Total Time": 794.891, "Actual Rows": 112, "Actual Loops": 1, "Inner Unique": true, "Plans": [{"Node Type": "Nested Loop", "Parent Relationship": "Outer", "Join Type": "Inner", "Startup Cost": 0.0, "Total Cost": 19867.87, "Plan Rows": 6, "Plan Width": 16, "Actual Startup Time": 0.755, "Actual Total Time": 792.762, "Actual Rows": 275, "Actual Loops": 1, "Inner Unique": false, "Join Filter": "(ci.role_id = rt.id)", "Rows Removed by Join Filter": 102, "Plans": [{"Node Type": "Seq Scan", "Parent Relationship": "Outer", "Relation Name": "role_type", "Alias": "rt", "Startup Cost": 0.0, "Total Cost": 1.15, "Plan Rows": 1, "Plan Width": 4, "Actual Startup Time": 0.021, "Actual Total Time": 0.03, "Actual Rows": 1, "Actual Loops": 1, "Filter": "((role)::text = 'actor'::text)", "Rows Removed by Filter": 11}, {"Node Type": "Nested Loop", "Parent Relationship": "Inner", "Join Type": "Inner", "Startup Cost": 0.0, "Total Cost": 19865.87, "Plan Rows": 68, "Plan Width": 20, "Actual Startup Time": 0.728, "Actual Total Time": 792.447, "Actual Rows": 377, "Actual Loops": 1, "Inner Unique": false, "Plans": [{"Node Type": "Nested Loop", "Parent Relationship": "Outer", "Join Type": "Inner", "Startup Cost": 0.0, "Total Cost": 16121.55, "Plan Rows": 3779, "Plan Width": 8, "Actual Startup Time": 0.052, "Actual Total Time": 108.67, "Actual Rows": 8790, "Actual Loops": 1, "Inner Unique": false, "Plans": [{"Node Type": "Seq Scan", "Parent Relationship": "Outer", "Relation Name": "company_name", "Alias": "cn", "Startup Cost": 0.0, "Total Cost": 5903.45, "Plan Rows": 251, "Plan Width": 4, "Actual Startup Time": 0.035, "Actual Total Time": 83.89, "Actual Rows": 1361, "Actual Loops": 1, "Filter": "((country_code)::text = '[ru]'::text)", "Rows Removed by Filter": 233635}, {"Node Type": "Index Scan", "Parent Relationship": "Inner", "Scan Direction": "Forward", "Index Name": "company_id_movie_companies", "Relation Name": "movie_companies", "Alias": "mc", "Startup Cost": 0.0, "Total Cost": 40.56, "Plan Rows": 15, "Plan Width": 12, "Actual Startup Time": 9.73, "Actual Total Time": 21.451, "Actual Rows": 8790, "Actual Loops": 1361, "Index Cond": "(company_id = cn.id)", "Rows Removed by Index Recheck": 0}]}, {"Node Type": "Index Scan", "Parent Relationship": "Inner", "Scan Direction": "Forward", "Index Name": "movie_id_cast_info", "Relation Name": "cast_info", "Alias": "ci", "Startup Cost": 0.0, "Total Cost": 0.98, "Plan Rows": 1, "Plan Width": 12, "Actual Startup Time": 640.813, "Actual Total Time": 678.501, "Actual Rows": 377, "Actual Loops": 8790, "Index Cond": "(movie_id = mc.movie_id)", "Rows Removed by Index Recheck": 0, "Filter": "(((note)::text ~~ '%(voice)%'::text) AND ((note)::text ~~ '%(uncredited)%'::text))", "Rows Removed by Filter": 408168}]}]}, {"Node Type": "Index Scan", "Parent Relationship": "Inner", "Scan Direction": "Forward", "Index Name": "title_pkey", "Relation Name": "title", "Alias": "t", "Startup Cost": 0.0, "Total Cost": 0.34, "Plan Rows": 1, "Plan Width": 21, "Actual Startup Time": 1.727, "Actual Total Time": 1.727, "Actual Rows": 112, "Actual Loops": 275, "Index Cond": "(id = mc.movie_id)", "Rows Removed by Index Recheck": 0, "Filter": "(production_year > 2005)", "Rows Removed by Filter": 163}]}, {"Node Type": "Index Scan", "Parent Relationship": "Inner", "Scan Direction": "Forward", "Index Name": "char_name_pkey", "Relation Name": "char_name", "Alias": "chn", "Startup Cost": 0.0, "Total Cost": 5.37, "Plan Rows": 1, "Plan Width": 20, "Actual Startup Time": 0.675, "Actual Total Time": 0.675, "Actual Rows": 104, "Actual Loops": 112, "Index Cond": "(id = ci.person_role_id)", "Rows Removed by Index Recheck": 0}]}, {"Node Type": "Index Scan", "Parent Relationship": "Inner", "Scan Direction": "Forward", "Index Name": "company_type_pkey", "Relation Name": "company_type", "Alias": "ct", "Startup Cost": 0.0, "Total Cost": 0.27, "Plan Rows": 1, "Plan Width": 4, "Actual Startup Time": 0.167, "Actual Total Time": 0.167, "Actual Rows": 18, "Actual Loops": 104, "Index Cond": "(id = mc.company_type_id)", "Rows Removed by Index Recheck": 0}]}]}, "Triggers": [], "Planner Runtime": 3, "Total Runtime": 796.669, "Unique SQL Id": 2933943827}}, "(1, 5)": {"explain_plan": {"Plan": {"Node Type": "Aggregate", "Strategy": "Plain", "Startup Cost": 24506.67, "Total Cost": 24506.68, "Plan Rows": 1, "Plan Width": 97, "Plans": [{"Node Type": "Nested Loop", "Parent Relationship": "Outer", "Join Type": "Inner", "Startup Cost": 0.0, "Total Cost": 24506.66, "Plan Rows": 2, "Plan Width": 33, "Inner Unique": true, "Plans": [{"Node Type": "Nested Loop", "Parent Relationship": "Outer", "Join Type": "Inner", "Startup Cost": 0.0, "Total Cost": 24506.1, "Plan Rows": 2, "Plan Width": 37, "Inner Unique": true, "Plans": [{"Node Type": "Nested Loop", "Parent Relationship": "Outer", "Join Type": "Inner", "Startup Cost": 0.0, "Total Cost": 24479.22, "Plan Rows": 5, "Plan Width": 25, "Inner Unique": true, "Plans": [{"Node Type": "Nested Loop", "Parent Relationship": "Outer", "Join Type": "Inner", "Startup Cost": 0.0, "Total Cost": 24477.12, "Plan Rows": 6, "Plan Width": 16, "Inner Unique": false, "Join Filter": "(ci.role_id = rt.id)", "Plans": [{"Node Type": "Index Scan", "Parent Relationship": "Outer", "Scan Direction": "Forward", "Index Name": "role_type_pkey", "Relation Name": "role_type", "Alias": "rt", "Startup Cost": 0.0, "Total Cost": 12.46, "Plan Rows": 1, "Plan Width": 4, "Filter": "((role)::text = 'actor'::text)"}, {"Node Type": "Nested Loop", "Parent Relationship": "Inner", "Join Type": "Inner", "Startup Cost": 0.0, "Total Cost": 24463.81, "Plan Rows": 68, "Plan Width": 20, "Inner Unique": false, "Plans": [{"Node Type": "Nested Loop", "Parent Relationship": "Outer", "Join Type": "Inner", "Startup Cost": 0.0, "Total Cost": 20719.49, "Plan Rows": 3779, "Plan Width": 8, "Inner Unique": false, "Plans": [{"Node Type": "Index Scan", "Parent Relationship": "Outer", "Scan Direction": "Forward", "Index Name": "company_name_pkey", "Relation Name": "company_name", "Alias": "cn", "Startup Cost": 0.0, "Total Cost": 10501.39, "Plan Rows": 251, "Plan Width": 4, "Filter": "((country_code)::text = '[ru]'::text)"}, {"Node Type": "Index Scan", "Parent Relationship": "Inner", "Scan Direction": "Forward", "Index Name": "company_id_movie_companies", "Relation Name": "movie_companies", "Alias": "mc", "Startup Cost": 0.0, "Total Cost": 40.56, "Plan Rows": 15, "Plan Width": 12, "Index Cond": "(company_id = cn.id)"}]}, {"Node Type": "Index Scan", "Parent Relationship": "Inner", "Scan Direction": "Forward", "Index Name": "movie_id_cast_info", "Relation Name": "cast_info", "Alias": "ci", "Startup Cost": 0.0, "Total Cost": 0.98, "Plan Rows": 1, "Plan Width": 12, "Index Cond": "(movie_id = mc.movie_id)", "Filter": "(((note)::text ~~ '%(voice)%'::text) AND ((note)::text ~~ '%(uncredited)%'::text))"}]}]}, {"Node Type": "Index Scan", "Parent Relationship": "Inner", "Scan Direction": "Forward", "Index Name": "title_pkey", "Relation Name": "title", "Alias": "t", "Startup Cost": 0.0, "Total Cost": 0.34, "Plan Rows": 1, "Plan Width": 21, "Index Cond": "(id = mc.movie_id)", "Filter": "(production_year > 2005)"}]}, {"Node Type": "Index Scan", "Parent Relationship": "Inner", "Scan Direction": "Forward", "Index Name": "char_name_pkey", "Relation Name": "char_name", "Alias": "chn", "Startup Cost": 0.0, "Total Cost": 5.37, "Plan Rows": 1, "Plan Width": 20, "Index Cond": "(id = ci.person_role_id)"}]}, {"Node Type": "Index Scan", "Parent Relationship": "Inner", "Scan Direction": "Forward", "Index Name": "company_type_pkey", "Relation Name": "company_type", "Alias": "ct", "Startup Cost": 0.0, "Total Cost": 0.27, "Plan Rows": 1, "Plan Width": 4, "Index Cond": "(id = mc.company_type_id)"}]}]}, "Unique SQL Id": 2933943827, "Planner Runtime": 12}, "explain_analyze_plan": {"Plan": {"Node Type": "Aggregate", "Strategy": "Plain", "Startup Cost": 24506.67, "Total Cost": 24506.68, "Plan Rows": 1, "Plan Width": 97, "Actual Startup Time": 1009.656, "Actual Total Time": 1009.657, "Actual Rows": 1, "Actual Loops": 1, "Plans": [{"Node Type": "Nested Loop", "Parent Relationship": "Outer", "Join Type": "Inner", "Startup Cost": 0.0, "Total Cost": 24506.66, "Plan Rows": 2, "Plan Width": 33, "Actual Startup Time": 28.604, "Actual Total Time": 1009.557, "Actual Rows": 18, "Actual Loops": 1, "Inner Unique": true, "Plans": [{"Node Type": "Nested Loop", "Parent Relationship": "Outer", "Join Type": "Inner", "Startup Cost": 0.0, "Total Cost": 24506.1, "Plan Rows": 2, "Plan Width": 37, "Actual Startup Time": 21.949, "Actual Total Time": 1009.273, "Actual Rows": 104, "Actual Loops": 1, "Inner Unique": true, "Plans": [{"Node Type": "Nested Loop", "Parent Relationship": "Outer", "Join Type": "Inner", "Startup Cost": 0.0, "Total Cost": 24479.22, "Plan Rows": 5, "Plan Width": 25, "Actual Startup Time": 21.938, "Actual Total Time": 1008.351, "Actual Rows": 112, "Actual Loops": 1, "Inner Unique": true, "Plans": [{"Node Type": "Nested Loop", "Parent Relationship": "Outer", "Join Type": "Inner", "Startup Cost": 0.0, "Total Cost": 24477.12, "Plan Rows": 6, "Plan Width": 16, "Actual Startup Time": 6.423, "Actual Total Time": 1006.191, "Actual Rows": 275, "Actual Loops": 1, "Inner Unique": false, "Join Filter": "(ci.role_id = rt.id)", "Rows Removed by Join Filter": 102, "Plans": [{"Node Type": "Index Scan", "Parent Relationship": "Outer", "Scan Direction": "Forward", "Index Name": "role_type_pkey", "Relation Name": "role_type", "Alias": "rt", "Startup Cost": 0.0, "Total Cost": 12.46, "Plan Rows": 1, "Plan Width": 4, "Actual Startup Time": 0.02, "Actual Total Time": 0.029, "Actual Rows": 1, "Actual Loops": 1, "Filter": "((role)::text = 'actor'::text)", "Rows Removed by Filter": 11}, {"Node Type": "Nested Loop", "Parent Relationship": "Inner", "Join Type": "Inner", "Startup Cost": 0.0, "Total Cost": 24463.81, "Plan Rows": 68, "Plan Width": 20, "Actual Startup Time": 6.388, "Actual Total Time": 1005.895, "Actual Rows": 377, "Actual Loops": 1, "Inner Unique": false, "Plans": [{"Node Type": "Nested Loop", "Parent Relationship": "Outer", "Join Type": "Inner", "Startup Cost": 0.0, "Total Cost": 20719.49, "Plan Rows": 3779, "Plan Width": 8, "Actual Startup Time": 0.45, "Actual Total Time": 322.76, "Actual Rows": 8790, "Actual Loops": 1, "Inner Unique": false, "Plans": [{"Node Type": "Index Scan", "Parent Relationship": "Outer", "Scan Direction": "Forward", "Index Name": "company_name_pkey", "Relation Name": "company_name", "Alias": "cn", "Startup Cost": 0.0, "Total Cost": 10501.39, "Plan Rows": 251, "Plan Width": 4, "Actual Startup Time": 0.436, "Actual Total Time": 299.925, "Actual Rows": 1361, "Actual Loops": 1, "Filter": "((country_code)::text = '[ru]'::text)", "Rows Removed by Filter": 233635}, {"Node Type": "Index Scan", "Parent Relationship": "Inner", "Scan Direction": "Forward", "Index Name": "company_id_movie_companies", "Relation Name": "movie_companies", "Alias": "mc", "Startup Cost": 0.0, "Total Cost": 40.56, "Plan Rows": 15, "Plan Width": 12, "Actual Startup Time": 8.119, "Actual Total Time": 19.34, "Actual Rows": 8790, "Actual Loops": 1361, "Index Cond": "(company_id = cn.id)", "Rows Removed by Index Recheck": 0}]}, {"Node Type": "Index Scan", "Parent Relationship": "Inner", "Scan Direction": "Forward", "Index Name": "movie_id_cast_info", "Relation Name": "cast_info", "Alias": "ci", "Startup Cost": 0.0, "Total Cost": 0.98, "Plan Rows": 1, "Plan Width": 12, "Actual Startup Time": 639.51, "Actual Total Time": 677.545, "Actual Rows": 377, "Actual Loops": 8790, "Index Cond": "(movie_id = mc.movie_id)", "Rows Removed by Index Recheck": 0, "Filter": "(((note)::text ~~ '%(voice)%'::text) AND ((note)::text ~~ '%(uncredited)%'::text))", "Rows Removed by Filter": 408168}]}]}, {"Node Type": "Index Scan", "Parent Relationship": "Inner", "Scan Direction": "Forward", "Index Name": "title_pkey", "Relation Name": "title", "Alias": "t", "Startup Cost": 0.0, "Total Cost": 0.34, "Plan Rows": 1, "Plan Width": 21, "Actual Startup Time": 1.746, "Actual Total Time": 1.746, "Actual Rows": 112, "Actual Loops": 275, "Index Cond": "(id = mc.movie_id)", "Rows Removed by Index Recheck": 0, "Filter": "(production_year > 2005)", "Rows Removed by Filter": 163}]}, {"Node Type": "Index Scan", "Parent Relationship": "Inner", "Scan Direction": "Forward", "Index Name": "char_name_pkey", "Relation Name": "char_name", "Alias": "chn", "Startup Cost": 0.0, "Total Cost": 5.37, "Plan Rows": 1, "Plan Width": 20, "Actual Startup Time": 0.688, "Actual Total Time": 0.688, "Actual Rows": 104, "Actual Loops": 112, "Index Cond": "(id = ci.person_role_id)", "Rows Removed by Index Recheck": 0}]}, {"Node Type": "Index Scan", "Parent Relationship": "Inner", "Scan Direction": "Forward", "Index Name": "company_type_pkey", "Relation Name": "company_type", "Alias": "ct", "Startup Cost": 0.0, "Total Cost": 0.27, "Plan Rows": 1, "Plan Width": 4, "Actual Startup Time": 0.148, "Actual Total Time": 0.148, "Actual Rows": 18, "Actual Loops": 104, "Index Cond": "(id = mc.company_type_id)", "Rows Removed by Index Recheck": 0}]}]}, "Triggers": [], "Planner Runtime": 3, "Total Runtime": 1010.002, "Unique SQL Id": 2933943827}}, "(1, 6)": {"explain_plan": {"Plan": {"Node Type": "Aggregate", "Strategy": "Plain", "Startup Cost": 38342.48, "Total Cost": 38342.49, "Plan Rows": 1, "Plan Width": 97, "Plans": [{"Node Type": "Nested Loop", "Parent Relationship": "Outer", "Join Type": "Inner", "Startup Cost": 7.4, "Total Cost": 38342.47, "Plan Rows": 2, "Plan Width": 33, "Inner Unique": false, "Join Filter": "(mc.company_type_id = ct.id)", "Plans": [{"Node Type": "Seq Scan", "Parent Relationship": "Outer", "Relation Name": "company_type", "Alias": "ct", "Startup Cost": 0.0, "Total Cost": 1.03, "Plan Rows": 3, "Plan Width": 4}, {"Node Type": "Materialize", "Parent Relationship": "Inner", "Startup Cost": 7.4, "Total Cost": 38341.35, "Plan Rows": 2, "Plan Width": 37, "Plans": [{"Node Type": "Nested Loop", "Parent Relationship": "Outer", "Join Type": "Inner", "Startup Cost": 7.4, "Total Cost": 38341.34, "Plan Rows": 2, "Plan Width": 37, "Inner Unique": true, "Plans": [{"Node Type": "Nested Loop", "Parent Relationship": "Outer", "Join Type": "Inner", "Startup Cost": 7.13, "Total Cost": 38328.45, "Plan Rows": 3, "Plan Width": 28, "Inner Unique": true, "Plans": [{"Node Type": "Nested Loop", "Parent Relationship": "Outer", "Join Type": "Inner", "Startup Cost": 4.83, "Total Cost": 38290.52, "Plan Rows": 6, "Plan Width": 16, "Inner Unique": false, "Join Filter": "(ci.role_id = rt.id)", "Plans": [{"Node Type": "Seq Scan", "Parent Relationship": "Outer", "Relation Name": "role_type", "Alias": "rt", "Startup Cost": 0.0, "Total Cost": 1.15, "Plan Rows": 1, "Plan Width": 4, "Filter": "((role)::text = 'actor'::text)"}, {"Node Type": "Nested Loop", "Parent Relationship": "Inner", "Join Type": "Inner", "Startup Cost": 4.83, "Total Cost": 38288.52, "Plan Rows": 68, "Plan Width": 20, "Inner Unique": false, "Plans": [{"Node Type": "Nested Loop", "Parent Relationship": "Outer", "Join Type": "Inner", "Startup Cost": 4.32, "Total Cost": 20813.55, "Plan Rows": 3779, "Plan Width": 8, "Inner Unique": false, "Plans": [{"Node Type": "Seq Scan", "Parent Relationship": "Outer", "Relation Name": "company_name", "Alias": "cn", "Startup Cost": 0.0, "Total Cost": 5903.45, "Plan Rows": 251, "Plan Width": 4, "Filter": "((country_code)::text = '[ru]'::text)"}, {"Node Type": "Bitmap Heap Scan", "Parent Relationship": "Inner", "Relation Name": "movie_companies", "Alias": "mc", "Startup Cost": 4.32, "Total Cost": 59.25, "Plan Rows": 15, "Plan Width": 12, "Recheck Cond": "(company_id = cn.id)", "Plans": [{"Node Type": "Bitmap Index Scan", "Parent Relationship": "Outer", "Index Name": "company_id_movie_companies", "Startup Cost": 0.0, "Total Cost": 4.31, "Plan Rows": 15, "Plan Width": 0, "Index Cond": "(company_id = cn.id)"}]}]}, {"Node Type": "Bitmap Heap Scan", "Parent Relationship": "Inner", "Relation Name": "cast_info", "Alias": "ci", "Startup Cost": 0.51, "Total Cost": 4.61, "Plan Rows": 1, "Plan Width": 12, "Recheck Cond": "(movie_id = mc.movie_id)", "Filter": "(((note)::text ~~ '%(voice)%'::text) AND ((note)::text ~~ '%(uncredited)%'::text))", "Plans": [{"Node Type": "Bitmap Index Scan", "Parent Relationship": "Outer", "Index Name": "movie_id_cast_info", "Startup Cost": 0.0, "Total Cost": 0.51, "Plan Rows": 6, "Plan Width": 0, "Index Cond": "(movie_id = mc.movie_id)"}]}]}]}, {"Node Type": "Bitmap Heap Scan", "Parent Relationship": "Inner", "Relation Name": "char_name", "Alias": "chn", "Startup Cost": 2.3, "Total Cost": 6.31, "Plan Rows": 1, "Plan Width": 20, "Recheck Cond": "(id = ci.person_role_id)", "Plans": [{"Node Type": "Bitmap Index Scan", "Parent Relationship": "Outer", "Index Name": "char_name_pkey", "Startup Cost": 0.0, "Total Cost": 2.3, "Plan Rows": 1, "Plan Width": 0, "Index Cond": "(id = ci.person_role_id)"}]}]}, {"Node Type": "Bitmap Heap Scan", "Parent Relationship": "Inner", "Relation Name": "title", "Alias": "t", "Startup Cost": 0.27, "Total Cost": 4.29, "Plan Rows": 1, "Plan Width": 21, "Recheck Cond": "(id = mc.movie_id)", "Filter": "(production_year > 2005)", "Plans": [{"Node Type": "Bitmap Index Scan", "Parent Relationship": "Outer", "Index Name": "title_pkey", "Startup Cost": 0.0, "Total Cost": 0.27, "Plan Rows": 1, "Plan Width": 0, "Index Cond": "(id = mc.movie_id)"}]}]}]}]}]}, "Unique SQL Id": 2933943827, "Planner Runtime": 13}, "explain_analyze_plan": {"Plan": {"Node Type": "Aggregate", "Strategy": "Plain", "Startup Cost": 38342.48, "Total Cost": 38342.49, "Plan Rows": 1, "Plan Width": 97, "Actual Startup Time": 1051.606, "Actual Total Time": 1051.606, "Actual Rows": 1, "Actual Loops": 1, "Plans": [{"Node Type": "Nested Loop", "Parent Relationship": "Outer", "Join Type": "Inner", "Startup Cost": 7.4, "Total Cost": 38342.47, "Plan Rows": 2, "Plan Width": 33, "Actual Startup Time": 61.331, "Actual Total Time": 1051.524, "Actual Rows": 18, "Actual Loops": 1, "Inner Unique": false, "Join Filter": "(mc.company_type_id = ct.id)", "Rows Removed by Join Filter": 294, "Plans": [{"Node Type": "Seq Scan", "Parent Relationship": "Outer", "Relation Name": "company_type", "Alias": "ct", "Startup Cost": 0.0, "Total Cost": 1.03, "Plan Rows": 3, "Plan Width": 4, "Actual Startup Time": 0.013, "Actual Total Time": 0.015, "Actual Rows": 3, "Actual Loops": 1}, {"Node Type": "Materialize", "Parent Relationship": "Inner", "Startup Cost": 7.4, "Total Cost": 38341.35, "Plan Rows": 2, "Plan Width": 37, "Actual Startup Time": 12.803, "Actual Total Time": 1051.351, "Actual Rows": 312, "Actual Loops": 3, "Plans": [{"Node Type": "Nested Loop", "Parent Relationship": "Outer", "Join Type": "Inner", "Startup Cost": 7.4, "Total Cost": 38341.34, "Plan Rows": 2, "Plan Width": 37, "Actual Startup Time": 12.796, "Actual Total Time": 1051.168, "Actual Rows": 104, "Actual Loops": 1, "Inner Unique": true, "Plans": [{"Node Type": "Nested Loop", "Parent Relationship": "Outer", "Join Type": "Inner", "Startup Cost": 7.13, "Total Cost": 38328.45, "Plan Rows": 3, "Plan Width": 28, "Actual Startup Time": 1.092, "Actual Total Time": 1048.264, "Actual Rows": 265, "Actual Loops": 1, "Inner Unique": true, "Plans": [{"Node Type": "Nested Loop", "Parent Relationship": "Outer", "Join Type": "Inner", "Startup Cost": 4.83, "Total Cost": 38290.52, "Plan Rows": 6, "Plan Width": 16, "Actual Startup Time": 1.074, "Actual Total Time": 1039.87, "Actual Rows": 275, "Actual Loops": 1, "Inner Unique": false, "Join Filter": "(ci.role_id = rt.id)", "Rows Removed by Join Filter": 102, "Plans": [{"Node Type": "Seq Scan", "Parent Relationship": "Outer", "Relation Name": "role_type", "Alias": "rt", "Startup Cost": 0.0, "Total Cost": 1.15, "Plan Rows": 1, "Plan Width": 4, "Actual Startup Time": 0.011, "Actual Total Time": 0.017, "Actual Rows": 1, "Actual Loops": 1, "Filter": "((role)::text = 'actor'::text)", "Rows Removed by Filter": 11}, {"Node Type": "Nested Loop", "Parent Relationship": "Inner", "Join Type": "Inner", "Startup Cost": 4.83, "Total Cost": 38288.52, "Plan Rows": 68, "Plan Width": 20, "Actual Startup Time": 1.053, "Actual Total Time": 1039.552, "Actual Rows": 377, "Actual Loops": 1, "Inner Unique": false, "Plans": [{"Node Type": "Nested Loop", "Parent Relationship": "Outer", "Join Type": "Inner", "Startup Cost": 4.32, "Total Cost": 20813.55, "Plan Rows": 3779, "Plan Width": 8, "Actual Startup Time": 0.076, "Actual Total Time": 113.43, "Actual Rows": 8790, "Actual Loops": 1, "Inner Unique": false, "Plans": [{"Node Type": "Seq Scan", "Parent Relationship": "Outer", "Relation Name": "company_name", "Alias": "cn", "Startup Cost": 0.0, "Total Cost": 5903.45, "Plan Rows": 251, "Plan Width": 4, "Actual Startup Time": 0.037, "Actual Total Time": 82.281, "Actual Rows": 1361, "Actual Loops": 1, "Filter": "((country_code)::text = '[ru]'::text)", "Rows Removed by Filter": 233635}, {"Node Type": "Bitmap Heap Scan", "Parent Relationship": "Inner", "Relation Name": "movie_companies", "Alias": "mc", "Startup Cost": 4.32, "Total Cost": 59.25, "Plan Rows": 15, "Plan Width": 12, "Actual Startup Time": 13.444, "Actual Total Time": 26.33, "Actual Rows": 8790, "Actual Loops": 1361, "Recheck Cond": "(company_id = cn.id)", "Rows Removed by Index Recheck": 0, "Exact Heap Blocks": 7155, "Lossy Heap Blocks": 7155, "Plans": [{"Node Type": "Bitmap Index Scan", "Parent Relationship": "Outer", "Index Name": "company_id_movie_companies", "Startup Cost": 0.0, "Total Cost": 4.31, "Plan Rows": 15, "Plan Width": 0, "Actual Startup Time": 8.375, "Actual Total Time": 8.375, "Actual Rows": 8790, "Actual Loops": 1361, "Index Cond": "(company_id = cn.id)"}]}]}, {"Node Type": "Bitmap Heap Scan", "Parent Relationship": "Inner", "Relation Name": "cast_info", "Alias": "ci", "Startup Cost": 0.51, "Total Cost": 4.61, "Plan Rows": 1, "Plan Width": 12, "Actual Startup Time": 862.141, "Actual Total Time": 909.97, "Actual Rows": 377, "Actual Loops": 8790, "Recheck Cond": "(movie_id = mc.movie_id)", "Rows Removed by Index Recheck": 0, "Filter": "(((note)::text ~~ '%(voice)%'::text) AND ((note)::text ~~ '%(uncredited)%'::text))", "Rows Removed by Filter": 408168, "Exact Heap Blocks": 397651, "Lossy Heap Blocks": 397651, "Plans": [{"Node Type": "Bitmap Index Scan", "Parent Relationship": "Outer", "Index Name": "movie_id_cast_info", "Startup Cost": 0.0, "Total Cost": 0.51, "Plan Rows": 6, "Plan Width": 0, "Actual Startup Time": 120.878, "Actual Total Time": 120.878, "Actual Rows": 408545, "Actual Loops": 8790, "Index Cond": "(movie_id = mc.movie_id)"}]}]}]}, {"Node Type": "Bitmap Heap Scan", "Parent Relationship": "Inner", "Relation Name": "char_name", "Alias": "chn", "Startup Cost": 2.3, "Total Cost": 6.31, "Plan Rows": 1, "Plan Width": 20, "Actual Startup Time": 7.588, "Actual Total Time": 7.588, "Actual Rows": 265, "Actual Loops": 275, "Recheck Cond": "(id = ci.person_role_id)", "Rows Removed by Index Recheck": 0, "Exact Heap Blocks": 265, "Lossy Heap Blocks": 265, "Plans": [{"Node Type": "Bitmap Index Scan", "Parent Relationship": "Outer", "Index Name": "char_name_pkey", "Startup Cost": 0.0, "Total Cost": 2.3, "Plan Rows": 1, "Plan Width": 0, "Actual Startup Time": 4.854, "Actual Total Time": 4.854, "Actual Rows": 265, "Actual Loops": 275, "Index Cond": "(id = ci.person_role_id)"}]}]}, {"Node Type": "Bitmap Heap Scan", "Parent Relationship": "Inner", "Relation Name": "title", "Alias": "t", "Startup Cost": 0.27, "Total Cost": 4.29, "Plan Rows": 1, "Plan Width": 21, "Actual Startup Time": 2.217, "Actual Total Time": 2.217, "Actual Rows": 104, "Actual Loops": 265, "Recheck Cond": "(id = mc.movie_id)", "Rows Removed by Index Recheck": 0, "Filter": "(production_year > 2005)", "Rows Removed by Filter": 161, "Exact Heap Blocks": 265, "Lossy Heap Blocks": 265, "Plans": [{"Node Type": "Bitmap Index Scan", "Parent Relationship": "Outer", "Index Name": "title_pkey", "Startup Cost": 0.0, "Total Cost": 0.27, "Plan Rows": 1, "Plan Width": 0, "Actual Startup Time": 1.362, "Actual Total Time": 1.362, "Actual Rows": 265, "Actual Loops": 265, "Index Cond": "(id = mc.movie_id)"}]}]}]}]}]}, "Triggers": [], "Planner Runtime": 4, "Total Runtime": 1051.978, "Unique SQL Id": 2933943827}}, "(1, 7)": {"explain_plan": {"Plan": {"Node Type": "Aggregate", "Strategy": "Plain", "Startup Cost": 1000020511889.56, "Total Cost": 1000020511889.57, "Plan Rows": 1, "Plan Width": 97, "Plans": [{"Node Type": "Nested Loop", "Parent Relationship": "Outer", "Join Type": "Inner", "Startup Cost": 10000000003.85, "Total Cost": 1000020511889.55, "Plan Rows": 2, "Plan Width": 33, "Inner Unique": true, "Plans": [{"Node Type": "Nested Loop", "Parent Relationship": "Outer", "Join Type": "Inner", "Startup Cost": 10000000003.6, "Total Cost": 1000020511880.99, "Plan Rows": 2, "Plan Width": 37, "Inner Unique": true, "Plans": [{"Node Type": "Nested Loop", "Parent Relationship": "Outer", "Join Type": "Inner", "Startup Cost": 10000000003.32, "Total Cost": 1000020511868.1, "Plan Rows": 3, "Plan Width": 28, "Inner Unique": true, "Plans": [{"Node Type": "Nested Loop", "Parent Relationship": "Outer", "Join Type": "Inner", "Startup Cost": 10000000001.03, "Total Cost": 1000020511830.17, "Plan Rows": 6, "Plan Width": 16, "Inner Unique": true, "Plans": [{"Node Type": "Nested Loop", "Parent Relationship": "Outer", "Join Type": "Inner", "Startup Cost": 10000000000.77, "Total Cost": 1000020511538.92, "Plan Rows": 68, "Plan Width": 20, "Inner Unique": false, "Plans": [{"Node Type": "Nested Loop", "Parent Relationship": "Outer", "Join Type": "Inner", "Startup Cost": 10000000000.26, "Total Cost": 1000020494063.94, "Plan Rows": 3779, "Plan Width": 8, "Inner Unique": true, "Plans": [{"Node Type": "Index Scan", "Parent Relationship": "Outer", "Scan Direction": "Forward", "Index Name": "company_type_id_movie_companies", "Relation Name": "movie_companies", "Alias": "mc", "Startup Cost": 10000000000.0, "Total Cost": 1000009318217.0, "Plan Rows": 2609128, "Plan Width": 12}, {"Node Type": "Bitmap Heap Scan", "Parent Relationship": "Inner", "Relation Name": "company_name", "Alias": "cn", "Startup Cost": 0.26, "Total Cost": 4.27, "Plan Rows": 1, "Plan Width": 4, "Recheck Cond": "(id = mc.company_id)", "Filter": "((country_code)::text = '[ru]'::text)", "Plans": [{"Node Type": "Bitmap Index Scan", "Parent Relationship": "Outer", "Index Name": "company_name_pkey", "Startup Cost": 0.0, "Total Cost": 0.26, "Plan Rows": 1, "Plan Width": 0, "Index Cond": "(id = mc.company_id)"}]}]}, {"Node Type": "Bitmap Heap Scan", "Parent Relationship": "Inner", "Relation Name": "cast_info", "Alias": "ci", "Startup Cost": 0.51, "Total Cost": 4.61, "Plan Rows": 1, "Plan Width": 12, "Recheck Cond": "(movie_id = mc.movie_id)", "Filter": "(((note)::text ~~ '%(voice)%'::text) AND ((note)::text ~~ '%(uncredited)%'::text))", "Plans": [{"Node Type": "Bitmap Index Scan", "Parent Relationship": "Outer", "Index Name": "movie_id_cast_info", "Startup Cost": 0.0, "Total Cost": 0.51, "Plan Rows": 6, "Plan Width": 0, "Index Cond": "(movie_id = mc.movie_id)"}]}]}, {"Node Type": "Bitmap Heap Scan", "Parent Relationship": "Inner", "Relation Name": "role_type", "Alias": "rt", "Startup Cost": 0.26, "Total Cost": 4.27, "Plan Rows": 1, "Plan Width": 4, "Recheck Cond": "(id = ci.role_id)", "Filter": "((role)::text = 'actor'::text)", "Plans": [{"Node Type": "Bitmap Index Scan", "Parent Relationship": "Outer", "Index Name": "role_type_pkey", "Startup Cost": 0.0, "Total Cost": 0.26, "Plan Rows": 1, "Plan Width": 0, "Index Cond": "(id = ci.role_id)"}]}]}, {"Node Type": "Bitmap Heap Scan", "Parent Relationship": "Inner", "Relation Name": "char_name", "Alias": "chn", "Startup Cost": 2.3, "Total Cost": 6.31, "Plan Rows": 1, "Plan Width": 20, "Recheck Cond": "(id = ci.person_role_id)", "Plans": [{"Node Type": "Bitmap Index Scan", "Parent Relationship": "Outer", "Index Name": "char_name_pkey", "Startup Cost": 0.0, "Total Cost": 2.3, "Plan Rows": 1, "Plan Width": 0, "Index Cond": "(id = ci.person_role_id)"}]}]}, {"Node Type": "Bitmap Heap Scan", "Parent Relationship": "Inner", "Relation Name": "title", "Alias": "t", "Startup Cost": 0.27, "Total Cost": 4.29, "Plan Rows": 1, "Plan Width": 21, "Recheck Cond": "(id = mc.movie_id)", "Filter": "(production_year > 2005)", "Plans": [{"Node Type": "Bitmap Index Scan", "Parent Relationship": "Outer", "Index Name": "title_pkey", "Startup Cost": 0.0, "Total Cost": 0.27, "Plan Rows": 1, "Plan Width": 0, "Index Cond": "(id = mc.movie_id)"}]}]}, {"Node Type": "Bitmap Heap Scan", "Parent Relationship": "Inner", "Relation Name": "company_type", "Alias": "ct", "Startup Cost": 0.26, "Total Cost": 4.27, "Plan Rows": 1, "Plan Width": 4, "Recheck Cond": "(id = mc.company_type_id)", "Plans": [{"Node Type": "Bitmap Index Scan", "Parent Relationship": "Outer", "Index Name": "company_type_pkey", "Startup Cost": 0.0, "Total Cost": 0.26, "Plan Rows": 1, "Plan Width": 0, "Index Cond": "(id = mc.company_type_id)"}]}]}]}, "Unique SQL Id": 2933943827, "Planner Runtime": 6}, "explain_analyze_plan": null}, "(1, 8)": {"explain_plan": {"Plan": {"Node Type": "Aggregate", "Strategy": "Plain", "Startup Cost": 19897.43, "Total Cost": 19897.44, "Plan Rows": 1, "Plan Width": 97, "Plans": [{"Node Type": "Nested Loop", "Parent Relationship": "Outer", "Join Type": "Inner", "Startup Cost": 0.0, "Total Cost": 19897.42, "Plan Rows": 2, "Plan Width": 33, "Inner Unique": true, "Plans": [{"Node Type": "Nested Loop", "Parent Relationship": "Outer", "Join Type": "Inner", "Startup Cost": 0.0, "Total Cost": 19896.86, "Plan Rows": 2, "Plan Width": 37, "Inner Unique": true, "Plans": [{"Node Type": "Nested Loop", "Parent Relationship": "Outer", "Join Type": "Inner", "Startup Cost": 0.0, "Total Cost": 19869.97, "Plan Rows": 5, "Plan Width": 25, "Inner Unique": true, "Plans": [{"Node Type": "Nested Loop", "Parent Relationship": "Outer", "Join Type": "Inner", "Startup Cost": 0.0, "Total Cost": 19867.87, "Plan Rows": 6, "Plan Width": 16, "Inner Unique": false, "Join Filter": "(ci.role_id = rt.id)", "Plans": [{"Node Type": "Seq Scan", "Parent Relationship": "Outer", "Relation Name": "role_type", "Alias": "rt", "Startup Cost": 0.0, "Total Cost": 1.15, "Plan Rows": 1, "Plan Width": 4, "Filter": "((role)::text = 'actor'::text)"}, {"Node Type": "Nested Loop", "Parent Relationship": "Inner", "Join Type": "Inner", "Startup Cost": 0.0, "Total Cost": 19865.87, "Plan Rows": 68, "Plan Width": 20, "Inner Unique": false, "Plans": [{"Node Type": "Nested Loop", "Parent Relationship": "Outer", "Join Type": "Inner", "Startup Cost": 0.0, "Total Cost": 16121.55, "Plan Rows": 3779, "Plan Width": 8, "Inner Unique": false, "Plans": [{"Node Type": "Seq Scan", "Parent Relationship": "Outer", "Relation Name": "company_name", "Alias": "cn", "Startup Cost": 0.0, "Total Cost": 5903.45, "Plan Rows": 251, "Plan Width": 4, "Filter": "((country_code)::text = '[ru]'::text)"}, {"Node Type": "Index Scan", "Parent Relationship": "Inner", "Scan Direction": "Forward", "Index Name": "company_id_movie_companies", "Relation Name": "movie_companies", "Alias": "mc", "Startup Cost": 0.0, "Total Cost": 40.56, "Plan Rows": 15, "Plan Width": 12, "Index Cond": "(company_id = cn.id)"}]}, {"Node Type": "Index Scan", "Parent Relationship": "Inner", "Scan Direction": "Forward", "Index Name": "movie_id_cast_info", "Relation Name": "cast_info", "Alias": "ci", "Startup Cost": 0.0, "Total Cost": 0.98, "Plan Rows": 1, "Plan Width": 12, "Index Cond": "(movie_id = mc.movie_id)", "Filter": "(((note)::text ~~ '%(voice)%'::text) AND ((note)::text ~~ '%(uncredited)%'::text))"}]}]}, {"Node Type": "Index Scan", "Parent Relationship": "Inner", "Scan Direction": "Forward", "Index Name": "title_pkey", "Relation Name": "title", "Alias": "t", "Startup Cost": 0.0, "Total Cost": 0.34, "Plan Rows": 1, "Plan Width": 21, "Index Cond": "(id = mc.movie_id)", "Filter": "(production_year > 2005)"}]}, {"Node Type": "Index Scan", "Parent Relationship": "Inner", "Scan Direction": "Forward", "Index Name": "char_name_pkey", "Relation Name": "char_name", "Alias": "chn", "Startup Cost": 0.0, "Total Cost": 5.37, "Plan Rows": 1, "Plan Width": 20, "Index Cond": "(id = ci.person_role_id)"}]}, {"Node Type": "Index Only Scan", "Parent Relationship": "Inner", "Scan Direction": "Forward", "Index Name": "company_type_pkey", "Relation Name": "company_type", "Alias": "ct", "Startup Cost": 0.0, "Total Cost": 0.27, "Plan Rows": 1, "Plan Width": 4, "Index Cond": "(id = mc.company_type_id)"}]}]}, "Unique SQL Id": 2933943827, "Planner Runtime": 13}, "explain_analyze_plan": {"Plan": {"Node Type": "Aggregate", "Strategy": "Plain", "Startup Cost": 19897.43, "Total Cost": 19897.44, "Plan Rows": 1, "Plan Width": 97, "Actual Startup Time": 849.792, "Actual Total Time": 849.792, "Actual Rows": 1, "Actual Loops": 1, "Plans": [{"Node Type": "Nested Loop", "Parent Relationship": "Outer", "Join Type": "Inner", "Startup Cost": 0.0, "Total Cost": 19897.42, "Plan Rows": 2, "Plan Width": 33, "Actual Startup Time": 45.94, "Actual Total Time": 849.705, "Actual Rows": 18, "Actual Loops": 1, "Inner Unique": true, "Plans": [{"Node Type": "Nested Loop", "Parent Relationship": "Outer", "Join Type": "Inner", "Startup Cost": 0.0, "Total Cost": 19896.86, "Plan Rows": 2, "Plan Width": 37, "Actual Startup Time": 9.453, "Actual Total Time": 849.336, "Actual Rows": 104, "Actual Loops": 1, "Inner Unique": true, "Plans": [{"Node Type": "Nested Loop", "Parent Relationship": "Outer", "Join Type": "Inner", "Startup Cost": 0.0, "Total Cost": 19869.97, "Plan Rows": 5, "Plan Width": 25, "Actual Startup Time": 9.441, "Actual Total Time": 848.326, "Actual Rows": 112, "Actual Loops": 1, "Inner Unique": true, "Plans": [{"Node Type": "Nested Loop", "Parent Relationship": "Outer", "Join Type": "Inner", "Startup Cost": 0.0, "Total Cost": 19867.87, "Plan Rows": 6, "Plan Width": 16, "Actual Startup Time": 0.798, "Actual Total Time": 846.093, "Actual Rows": 275, "Actual Loops": 1, "Inner Unique": false, "Join Filter": "(ci.role_id = rt.id)", "Rows Removed by Join Filter": 102, "Plans": [{"Node Type": "Seq Scan", "Parent Relationship": "Outer", "Relation Name": "role_type", "Alias": "rt", "Startup Cost": 0.0, "Total Cost": 1.15, "Plan Rows": 1, "Plan Width": 4, "Actual Startup Time": 0.016, "Actual Total Time": 0.022, "Actual Rows": 1, "Actual Loops": 1, "Filter": "((role)::text = 'actor'::text)", "Rows Removed by Filter": 11}, {"Node Type": "Nested Loop", "Parent Relationship": "Inner", "Join Type": "Inner", "Startup Cost": 0.0, "Total Cost": 19865.87, "Plan Rows": 68, "Plan Width": 20, "Actual Startup Time": 0.763, "Actual Total Time": 845.809, "Actual Rows": 377, "Actual Loops": 1, "Inner Unique": false, "Plans": [{"Node Type": "Nested Loop", "Parent Relationship": "Outer", "Join Type": "Inner", "Startup Cost": 0.0, "Total Cost": 16121.55, "Plan Rows": 3779, "Plan Width": 8, "Actual Startup Time": 0.051, "Actual Total Time": 104.329, "Actual Rows": 8790, "Actual Loops": 1, "Inner Unique": false, "Plans": [{"Node Type": "Seq Scan", "Parent Relationship": "Outer", "Relation Name": "company_name", "Alias": "cn", "Startup Cost": 0.0, "Total Cost": 5903.45, "Plan Rows": 251, "Plan Width": 4, "Actual Startup Time": 0.034, "Actual Total Time": 81.103, "Actual Rows": 1361, "Actual Loops": 1, "Filter": "((country_code)::text = '[ru]'::text)", "Rows Removed by Filter": 233635}, {"Node Type": "Index Scan", "Parent Relationship": "Inner", "Scan Direction": "Forward", "Index Name": "company_id_movie_companies", "Relation Name": "movie_companies", "Alias": "mc", "Startup Cost": 0.0, "Total Cost": 40.56, "Plan Rows": 15, "Plan Width": 12, "Actual Startup Time": 8.58, "Actual Total Time": 20.037, "Actual Rows": 8790, "Actual Loops": 1361, "Index Cond": "(company_id = cn.id)", "Rows Removed by Index Recheck": 0}]}, {"Node Type": "Index Scan", "Parent Relationship": "Inner", "Scan Direction": "Forward", "Index Name": "movie_id_cast_info", "Relation Name": "cast_info", "Alias": "ci", "Startup Cost": 0.0, "Total Cost": 0.98, "Plan Rows": 1, "Plan Width": 12, "Actual Startup Time": 693.142, "Actual Total Time": 736.17, "Actual Rows": 377, "Actual Loops": 8790, "Index Cond": "(movie_id = mc.movie_id)", "Rows Removed by Index Recheck": 0, "Filter": "(((note)::text ~~ '%(voice)%'::text) AND ((note)::text ~~ '%(uncredited)%'::text))", "Rows Removed by Filter": 408168}]}]}, {"Node Type": "Index Scan", "Parent Relationship": "Inner", "Scan Direction": "Forward", "Index Name": "title_pkey", "Relation Name": "title", "Alias": "t", "Startup Cost": 0.0, "Total Cost": 0.34, "Plan Rows": 1, "Plan Width": 21, "Actual Startup Time": 1.815, "Actual Total Time": 1.815, "Actual Rows": 112, "Actual Loops": 275, "Index Cond": "(id = mc.movie_id)", "Rows Removed by Index Recheck": 0, "Filter": "(production_year > 2005)", "Rows Removed by Filter": 163}]}, {"Node Type": "Index Scan", "Parent Relationship": "Inner", "Scan Direction": "Forward", "Index Name": "char_name_pkey", "Relation Name": "char_name", "Alias": "chn", "Startup Cost": 0.0, "Total Cost": 5.37, "Plan Rows": 1, "Plan Width": 20, "Actual Startup Time": 0.744, "Actual Total Time": 0.744, "Actual Rows": 104, "Actual Loops": 112, "Index Cond": "(id = ci.person_role_id)", "Rows Removed by Index Recheck": 0}]}, {"Node Type": "Index Only Scan", "Parent Relationship": "Inner", "Scan Direction": "Forward", "Index Name": "company_type_pkey", "Relation Name": "company_type", "Alias": "ct", "Startup Cost": 0.0, "Total Cost": 0.27, "Plan Rows": 1, "Plan Width": 4, "Actual Startup Time": 0.203, "Actual Total Time": 0.203, "Actual Rows": 18, "Actual Loops": 104, "Index Cond": "(id = mc.company_type_id)", "Rows Removed by Index Recheck": 0, "Heap Fetches": 0}]}]}, "Triggers": [], "Planner Runtime": 3, "Total Runtime": 850.164, "Unique SQL Id": 2933943827}}, "(1, 9)": {"explain_plan": {"Plan": {"Node Type": "Aggregate", "Strategy": "Plain", "Startup Cost": 24506.67, "Total Cost": 24506.68, "Plan Rows": 1, "Plan Width": 97, "Plans": [{"Node Type": "Nested Loop", "Parent Relationship": "Outer", "Join Type": "Inner", "Startup Cost": 0.0, "Total Cost": 24506.66, "Plan Rows": 2, "Plan Width": 33, "Inner Unique": true, "Plans": [{"Node Type": "Nested Loop", "Parent Relationship": "Outer", "Join Type": "Inner", "Startup Cost": 0.0, "Total Cost": 24506.1, "Plan Rows": 2, "Plan Width": 37, "Inner Unique": true, "Plans": [{"Node Type": "Nested Loop", "Parent Relationship": "Outer", "Join Type": "Inner", "Startup Cost": 0.0, "Total Cost": 24479.22, "Plan Rows": 5, "Plan Width": 25, "Inner Unique": true, "Plans": [{"Node Type": "Nested Loop", "Parent Relationship": "Outer", "Join Type": "Inner", "Startup Cost": 0.0, "Total Cost": 24477.12, "Plan Rows": 6, "Plan Width": 16, "Inner Unique": false, "Join Filter": "(ci.role_id = rt.id)", "Plans": [{"Node Type": "Index Scan", "Parent Relationship": "Outer", "Scan Direction": "Forward", "Index Name": "role_type_pkey", "Relation Name": "role_type", "Alias": "rt", "Startup Cost": 0.0, "Total Cost": 12.46, "Plan Rows": 1, "Plan Width": 4, "Filter": "((role)::text = 'actor'::text)"}, {"Node Type": "Nested Loop", "Parent Relationship": "Inner", "Join Type": "Inner", "Startup Cost": 0.0, "Total Cost": 24463.81, "Plan Rows": 68, "Plan Width": 20, "Inner Unique": false, "Plans": [{"Node Type": "Nested Loop", "Parent Relationship": "Outer", "Join Type": "Inner", "Startup Cost": 0.0, "Total Cost": 20719.49, "Plan Rows": 3779, "Plan Width": 8, "Inner Unique": false, "Plans": [{"Node Type": "Index Scan", "Parent Relationship": "Outer", "Scan Direction": "Forward", "Index Name": "company_name_pkey", "Relation Name": "company_name", "Alias": "cn", "Startup Cost": 0.0, "Total Cost": 10501.39, "Plan Rows": 251, "Plan Width": 4, "Filter": "((country_code)::text = '[ru]'::text)"}, {"Node Type": "Index Scan", "Parent Relationship": "Inner", "Scan Direction": "Forward", "Index Name": "company_id_movie_companies", "Relation Name": "movie_companies", "Alias": "mc", "Startup Cost": 0.0, "Total Cost": 40.56, "Plan Rows": 15, "Plan Width": 12, "Index Cond": "(company_id = cn.id)"}]}, {"Node Type": "Index Scan", "Parent Relationship": "Inner", "Scan Direction": "Forward", "Index Name": "movie_id_cast_info", "Relation Name": "cast_info", "Alias": "ci", "Startup Cost": 0.0, "Total Cost": 0.98, "Plan Rows": 1, "Plan Width": 12, "Index Cond": "(movie_id = mc.movie_id)", "Filter": "(((note)::text ~~ '%(voice)%'::text) AND ((note)::text ~~ '%(uncredited)%'::text))"}]}]}, {"Node Type": "Index Scan", "Parent Relationship": "Inner", "Scan Direction": "Forward", "Index Name": "title_pkey", "Relation Name": "title", "Alias": "t", "Startup Cost": 0.0, "Total Cost": 0.34, "Plan Rows": 1, "Plan Width": 21, "Index Cond": "(id = mc.movie_id)", "Filter": "(production_year > 2005)"}]}, {"Node Type": "Index Scan", "Parent Relationship": "Inner", "Scan Direction": "Forward", "Index Name": "char_name_pkey", "Relation Name": "char_name", "Alias": "chn", "Startup Cost": 0.0, "Total Cost": 5.37, "Plan Rows": 1, "Plan Width": 20, "Index Cond": "(id = ci.person_role_id)"}]}, {"Node Type": "Index Only Scan", "Parent Relationship": "Inner", "Scan Direction": "Forward", "Index Name": "company_type_pkey", "Relation Name": "company_type", "Alias": "ct", "Startup Cost": 0.0, "Total Cost": 0.27, "Plan Rows": 1, "Plan Width": 4, "Index Cond": "(id = mc.company_type_id)"}]}]}, "Unique SQL Id": 2933943827, "Planner Runtime": 12}, "explain_analyze_plan": {"Plan": {"Node Type": "Aggregate", "Strategy": "Plain", "Startup Cost": 24506.67, "Total Cost": 24506.68, "Plan Rows": 1, "Plan Width": 97, "Actual Startup Time": 1109.578, "Actual Total Time": 1109.578, "Actual Rows": 1, "Actual Loops": 1, "Plans": [{"Node Type": "Nested Loop", "Parent Relationship": "Outer", "Join Type": "Inner", "Startup Cost": 0.0, "Total Cost": 24506.66, "Plan Rows": 2, "Plan Width": 33, "Actual Startup Time": 29.393, "Actual Total Time": 1109.498, "Actual Rows": 18, "Actual Loops": 1, "Inner Unique": true, "Plans": [{"Node Type": "Nested Loop", "Parent Relationship": "Outer", "Join Type": "Inner", "Startup Cost": 0.0, "Total Cost": 24506.1, "Plan Rows": 2, "Plan Width": 37, "Actual Startup Time": 22.505, "Actual Total Time": 1109.156, "Actual Rows": 104, "Actual Loops": 1, "Inner Unique": true, "Plans": [{"Node Type": "Nested Loop", "Parent Relationship": "Outer", "Join Type": "Inner", "Startup Cost": 0.0, "Total Cost": 24479.22, "Plan Rows": 5, "Plan Width": 25, "Actual Startup Time": 22.492, "Actual Total Time": 1108.078, "Actual Rows": 112, "Actual Loops": 1, "Inner Unique": true, "Plans": [{"Node Type": "Nested Loop", "Parent Relationship": "Outer", "Join Type": "Inner", "Startup Cost": 0.0, "Total Cost": 24477.12, "Plan Rows": 6, "Plan Width": 16, "Actual Startup Time": 6.312, "Actual Total Time": 1105.702, "Actual Rows": 275, "Actual Loops": 1, "Inner Unique": false, "Join Filter": "(ci.role_id = rt.id)", "Rows Removed by Join Filter": 102, "Plans": [{"Node Type": "Index Scan", "Parent Relationship": "Outer", "Scan Direction": "Forward", "Index Name": "role_type_pkey", "Relation Name": "role_type", "Alias": "rt", "Startup Cost": 0.0, "Total Cost": 12.46, "Plan Rows": 1, "Plan Width": 4, "Actual Startup Time": 0.019, "Actual Total Time": 0.032, "Actual Rows": 1, "Actual Loops": 1, "Filter": "((role)::text = 'actor'::text)", "Rows Removed by Filter": 11}, {"Node Type": "Nested Loop", "Parent Relationship": "Inner", "Join Type": "Inner", "Startup Cost": 0.0, "Total Cost": 24463.81, "Plan Rows": 68, "Plan Width": 20, "Actual Startup Time": 6.284, "Actual Total Time": 1105.39, "Actual Rows": 377, "Actual Loops": 1, "Inner Unique": false, "Plans": [{"Node Type": "Nested Loop", "Parent Relationship": "Outer", "Join Type": "Inner", "Startup Cost": 0.0, "Total Cost": 20719.49, "Plan Rows": 3779, "Plan Width": 8, "Actual Startup Time": 0.444, "Actual Total Time": 336.747, "Actual Rows": 8790, "Actual Loops": 1, "Inner Unique": false, "Plans": [{"Node Type": "Index Scan", "Parent Relationship": "Outer", "Scan Direction": "Forward", "Index Name": "company_name_pkey", "Relation Name": "company_name", "Alias": "cn", "Startup Cost": 0.0, "Total Cost": 10501.39, "Plan Rows": 251, "Plan Width": 4, "Actual Startup Time": 0.43, "Actual Total Time": 312.872, "Actual Rows": 1361, "Actual Loops": 1, "Filter": "((country_code)::text = '[ru]'::text)", "Rows Removed by Filter": 233635}, {"Node Type": "Index Scan", "Parent Relationship": "Inner", "Scan Direction": "Forward", "Index Name": "company_id_movie_companies", "Relation Name": "movie_companies", "Alias": "mc", "Startup Cost": 0.0, "Total Cost": 40.56, "Plan Rows": 15, "Plan Width": 12, "Actual Startup Time": 8.429, "Actual Total Time": 20.182, "Actual Rows": 8790, "Actual Loops": 1361, "Index Cond": "(company_id = cn.id)", "Rows Removed by Index Recheck": 0}]}, {"Node Type": "Index Scan", "Parent Relationship": "Inner", "Scan Direction": "Forward", "Index Name": "movie_id_cast_info", "Relation Name": "cast_info", "Alias": "ci", "Startup Cost": 0.0, "Total Cost": 0.98, "Plan Rows": 1, "Plan Width": 12, "Actual Startup Time": 717.855, "Actual Total Time": 762.941, "Actual Rows": 377, "Actual Loops": 8790, "Index Cond": "(movie_id = mc.movie_id)", "Rows Removed by Index Recheck": 0, "Filter": "(((note)::text ~~ '%(voice)%'::text) AND ((note)::text ~~ '%(uncredited)%'::text))", "Rows Removed by Filter": 408168}]}]}, {"Node Type": "Index Scan", "Parent Relationship": "Inner", "Scan Direction": "Forward", "Index Name": "title_pkey", "Relation Name": "title", "Alias": "t", "Startup Cost": 0.0, "Total Cost": 0.34, "Plan Rows": 1, "Plan Width": 21, "Actual Startup Time": 1.933, "Actual Total Time": 1.933, "Actual Rows": 112, "Actual Loops": 275, "Index Cond": "(id = mc.movie_id)", "Rows Removed by Index Recheck": 0, "Filter": "(production_year > 2005)", "Rows Removed by Filter": 163}]}, {"Node Type": "Index Scan", "Parent Relationship": "Inner", "Scan Direction": "Forward", "Index Name": "char_name_pkey", "Relation Name": "char_name", "Alias": "chn", "Startup Cost": 0.0, "Total Cost": 5.37, "Plan Rows": 1, "Plan Width": 20, "Actual Startup Time": 0.818, "Actual Total Time": 0.818, "Actual Rows": 104, "Actual Loops": 112, "Index Cond": "(id = ci.person_role_id)", "Rows Removed by Index Recheck": 0}]}, {"Node Type": "Index Only Scan", "Parent Relationship": "Inner", "Scan Direction": "Forward", "Index Name": "company_type_pkey", "Relation Name": "company_type", "Alias": "ct", "Startup Cost": 0.0, "Total Cost": 0.27, "Plan Rows": 1, "Plan Width": 4, "Actual Startup Time": 0.182, "Actual Total Time": 0.182, "Actual Rows": 18, "Actual Loops": 104, "Index Cond": "(id = mc.company_type_id)", "Rows Removed by Index Recheck": 0, "Heap Fetches": 0}]}]}, "Triggers": [], "Planner Runtime": 3, "Total Runtime": 1109.893, "Unique SQL Id": 2933943827}}, "(1, 10)": {"explain_plan": {"Plan": {"Node Type": "Aggregate", "Strategy": "Plain", "Startup Cost": 1006121.79, "Total Cost": 1006121.8, "Plan Rows": 1, "Plan Width": 97, "Plans": [{"Node Type": "Nested Loop", "Parent Relationship": "Outer", "Join Type": "Inner", "Startup Cost": 911149.3, "Total Cost": 1006121.78, "Plan Rows": 2, "Plan Width": 33, "Inner Unique": false, "Join Filter": "(mc.company_type_id = ct.id)", "Plans": [{"Node Type": "Seq Scan", "Parent Relationship": "Outer", "Relation Name": "company_type", "Alias": "ct", "Startup Cost": 0.0, "Total Cost": 1.03, "Plan Rows": 3, "Plan Width": 4}, {"Node Type": "Materialize", "Parent Relationship": "Inner", "Startup Cost": 911149.3, "Total Cost": 1006120.67, "Plan Rows": 2, "Plan Width": 37, "Plans": [{"Node Type": "Hash Join", "Parent Relationship": "Outer", "Join Type": "Inner", "Startup Cost": 911149.3, "Total Cost": 1006120.66, "Plan Rows": 2, "Plan Width": 37, "Inner Unique": false, "Hash Cond": "(chn.id = ci.person_role_id)", "Plans": [{"Node Type": "Seq Scan", "Parent Relationship": "Outer", "Relation Name": "char_name", "Alias": "chn", "Startup Cost": 0.0, "Total Cost": 67493.38, "Plan Rows": 3140338, "Plan Width": 20}, {"Node Type": "Hash", "Parent Relationship": "Inner", "Startup Cost": 911149.24, "Total Cost": 911149.24, "Plan Rows": 5, "Plan Width": 25, "Plans": [{"Node Type": "Nested Loop", "Parent Relationship": "Outer", "Join Type": "Inner", "Startup Cost": 127886.81, "Total Cost": 911149.24, "Plan Rows": 5, "Plan Width": 25, "Inner Unique": false, "Join Filter": "(ci.role_id = rt.id)", "Plans": [{"Node Type": "Seq Scan", "Parent Relationship": "Outer", "Relation Name": "role_type", "Alias": "rt", "Startup Cost": 0.0, "Total Cost": 1.15, "Plan Rows": 1, "Plan Width": 4, "Filter": "((role)::text = 'actor'::text)"}, {"Node Type": "Hash Join", "Parent Relationship": "Inner", "Join Type": "Inner", "Startup Cost": 127886.81, "Total Cost": 911147.05, "Plan Rows": 83, "Plan Width": 29, "Inner Unique": false, "Hash Cond": "(ci.movie_id = t.id)", "Plans": [{"Node Type": "Seq Scan", "Parent Relationship": "Outer", "Relation Name": "cast_info", "Alias": "ci", "Startup Cost": 0.0, "Total Cost": 783175.41, "Plan Rows": 22295, "Plan Width": 12, "Filter": "(((note)::text ~~ '%(voice)%'::text) AND ((note)::text ~~ '%(uncredited)%'::text))"}, {"Node Type": "Hash", "Parent Relationship": "Inner", "Startup Cost": 127829.48, "Total Cost": 127829.48, "Plan Rows": 4587, "Plan Width": 29, "Plans": [{"Node Type": "Hash Join", "Parent Relationship": "Outer", "Join Type": "Inner", "Startup Cost": 57593.12, "Total Cost": 127829.48, "Plan Rows": 4587, "Plan Width": 29, "Inner Unique": false, "Hash Cond": "(t.id = mc.movie_id)", "Plans": [{"Node Type": "Seq Scan", "Parent Relationship": "Outer", "Relation Name": "title", "Alias": "t", "Startup Cost": 0.0, "Total Cost": 66389.89, "Plan Rows": 1013492, "Plan Width": 21, "Filter": "(production_year > 2005), (LLVM Optimized)"}, {"Node Type": "Hash", "Parent Relationship": "Inner", "Startup Cost": 57545.89, "Total Cost": 57545.89, "Plan Rows": 3779, "Plan Width": 8, "Plans": [{"Node Type": "Hash Join", "Parent Relationship": "Outer", "Join Type": "Inner", "Startup Cost": 5906.59, "Total Cost": 57545.89, "Plan Rows": 3779, "Plan Width": 8, "Inner Unique": true, "Hash Cond": "(mc.company_id = cn.id)", "Plans": [{"Node Type": "Seq Scan", "Parent Relationship": "Outer", "Relation Name": "movie_companies", "Alias": "mc", "Startup Cost": 0.0, "Total Cost": 41817.28, "Plan Rows": 2609128, "Plan Width": 12}, {"Node Type": "Hash", "Parent Relationship": "Inner", "Startup Cost": 5903.45, "Total Cost": 5903.45, "Plan Rows": 251, "Plan Width": 4, "Plans": [{"Node Type": "Seq Scan", "Parent Relationship": "Outer", "Relation Name": "company_name", "Alias": "cn", "Startup Cost": 0.0, "Total Cost": 5903.45, "Plan Rows": 251, "Plan Width": 4, "Filter": "((country_code)::text = '[ru]'::text)"}]}]}]}]}]}]}]}]}]}]}]}]}, "Unique SQL Id": 2933943827, "Planner Runtime": 17}, "explain_analyze_plan": null}, "(1, 11)": {"explain_plan": {"Plan": {"Node Type": "Aggregate", "Strategy": "Plain", "Startup Cost": 3605831579367.76, "Total Cost": 3605831579367.77, "Plan Rows": 1, "Plan Width": 97, "Plans": [{"Node Type": "Merge Join", "Parent Relationship": "Outer", "Join Type": "Inner", "Startup Cost": 70000000000.0, "Total Cost": 3605831579367.74, "Plan Rows": 4, "Plan Width": 33, "Inner Unique": true, "Merge Cond": "(ci.person_role_id = chn.id)", "Plans": [{"Node Type": "Nested Loop", "Parent Relationship": "Outer", "Join Type": "Inner", "Startup Cost": 60000000000.0, "Total Cost": 6000243362599.82, "Plan Rows": 7, "Plan Width": 21, "Inner Unique": true, "Join Filter": "(mc.movie_id = t.id)", "Plans": [{"Node Type": "Nested Loop", "Parent Relationship": "Outer", "Join Type": "Inner", "Startup Cost": 50000000000.0, "Total Cost": 5000231624725.14, "Plan Rows": 6, "Plan Width": 12, "Inner Unique": true, "Join Filter": "(mc.company_type_id = ct.id)", "Plans": [{"Node Type": "Nested Loop", "Parent Relationship": "Outer", "Join Type": "Inner", "Startup Cost": 40000000000.0, "Total Cost": 4000231623895.37, "Plan Rows": 6, "Plan Width": 16, "Inner Unique": false, "Join Filter": "(ci.movie_id = mc.movie_id)", "Plans": [{"Node Type": "Nested Loop", "Parent Relationship": "Outer", "Join Type": "Inner", "Startup Cost": 20000000000.0, "Total Cost": 2000211317261.91, "Plan Rows": 2027, "Plan Width": 8, "Inner Unique": true, "Join Filter": "(ci.role_id = rt.id)", "Plans": [{"Node Type": "Index Scan", "Parent Relationship": "Outer", "Scan Direction": "Forward", "Index Name": "person_role_id_cast_info", "Relation Name": "cast_info", "Alias": "ci", "Startup Cost": 10000000000.0, "Total Cost": 1000211315681.48, "Plan Rows": 22295, "Plan Width": 12, "Filter": "(((note)::text ~~ '%(voice)%'::text) AND ((note)::text ~~ '%(uncredited)%'::text))"}, {"Node Type": "Materialize", "Parent Relationship": "Inner", "Startup Cost": 10000000000.0, "Total Cost": 1000000001246.0, "Plan Rows": 1, "Plan Width": 4, "Plans": [{"Node Type": "Index Scan", "Parent Relationship": "Outer", "Scan Direction": "Forward", "Index Name": "role_type_pkey", "Relation Name": "role_type", "Alias": "rt", "Startup Cost": 10000000000.0, "Total Cost": 1000000001246.0, "Plan Rows": 1, "Plan Width": 4, "Filter": "((role)::text = 'actor'::text)"}]}]}, {"Node Type": "Materialize", "Parent Relationship": "Inner", "Startup Cost": 20000000000.0, "Total Cost": 2000020191742.41, "Plan Rows": 3779, "Plan Width": 8, "Plans": [{"Node Type": "Nested Loop", "Parent Relationship": "Outer", "Join Type": "Inner", "Startup Cost": 20000000000.0, "Total Cost": 2000020191723.52, "Plan Rows": 3779, "Plan Width": 8, "Inner Unique": true, "Join Filter": "(cn.id = mc.company_id)", "Plans": [{"Node Type": "Index Scan", "Parent Relationship": "Outer", "Scan Direction": "Forward", "Index Name": "company_type_id_movie_companies", "Relation Name": "movie_companies", "Alias": "mc", "Startup Cost": 10000000000.0, "Total Cost": 1000009318217.0, "Plan Rows": 2609128, "Plan Width": 12}, {"Node Type": "Materialize", "Parent Relationship": "Inner", "Startup Cost": 10000000000.0, "Total Cost": 1000001050140.22, "Plan Rows": 251, "Plan Width": 4, "Plans": [{"Node Type": "Index Scan", "Parent Relationship": "Outer", "Scan Direction": "Forward", "Index Name": "company_name_pkey", "Relation Name": "company_name", "Alias": "cn", "Startup Cost": 10000000000.0, "Total Cost": 1000001050138.97, "Plan Rows": 251, "Plan Width": 4, "Filter": "((country_code)::text = '[ru]'::text)"}]}]}]}]}, {"Node Type": "Materialize", "Parent Relationship": "Inner", "Startup Cost": 10000000000.0, "Total Cost": 1000000000829.52, "Plan Rows": 3, "Plan Width": 4, "Plans": [{"Node Type": "Index Only Scan", "Parent Relationship": "Outer", "Scan Direction": "Forward", "Index Name": "company_type_pkey", "Relation Name": "company_type", "Alias": "ct", "Startup Cost": 10000000000.0, "Total Cost": 1000000000829.5, "Plan Rows": 3, "Plan Width": 4}]}]}, {"Node Type": "Materialize", "Parent Relationship": "Inner", "Startup Cost": 10000000000.0, "Total Cost": 1000011649194.12, "Plan Rows": 1013492, "Plan Width": 21, "Plans": [{"Node Type": "Index Scan", "Parent Relationship": "Outer", "Scan Direction": "Forward", "Index Name": "title_pkey", "Relation Name": "title", "Alias": "t", "Startup Cost": 10000000000.0, "Total Cost": 1000011644126.66, "Plan Rows": 1013492, "Plan Width": 21, "Filter": "(production_year > 2005), (LLVM Optimized)"}]}]}, {"Node Type": "Index Scan", "Parent Relationship": "Inner", "Scan Direction": "Forward", "Index Name": "char_name_pkey", "Relation Name": "char_name", "Alias": "chn", "Startup Cost": 10000000000.0, "Total Cost": 1000012987545.51, "Plan Rows": 3140338, "Plan Width": 20}]}]}, "Unique SQL Id": 2933943827, "Planner Runtime": 20}, "explain_analyze_plan": null}, "(1, 12)": {"explain_plan": {"Plan": {"Node Type": "Aggregate", "Strategy": "Plain", "Startup Cost": 19897.43, "Total Cost": 19897.44, "Plan Rows": 1, "Plan Width": 97, "Plans": [{"Node Type": "Nested Loop", "Parent Relationship": "Outer", "Join Type": "Inner", "Startup Cost": 0.0, "Total Cost": 19897.42, "Plan Rows": 2, "Plan Width": 33, "Inner Unique": true, "Plans": [{"Node Type": "Nested Loop", "Parent Relationship": "Outer", "Join Type": "Inner", "Startup Cost": 0.0, "Total Cost": 19896.86, "Plan Rows": 2, "Plan Width": 37, "Inner Unique": true, "Plans": [{"Node Type": "Nested Loop", "Parent Relationship": "Outer", "Join Type": "Inner", "Startup Cost": 0.0, "Total Cost": 19869.97, "Plan Rows": 5, "Plan Width": 25, "Inner Unique": true, "Plans": [{"Node Type": "Nested Loop", "Parent Relationship": "Outer", "Join Type": "Inner", "Startup Cost": 0.0, "Total Cost": 19867.87, "Plan Rows": 6, "Plan Width": 16, "Inner Unique": false, "Join Filter": "(ci.role_id = rt.id)", "Plans": [{"Node Type": "Seq Scan", "Parent Relationship": "Outer", "Relation Name": "role_type", "Alias": "rt", "Startup Cost": 0.0, "Total Cost": 1.15, "Plan Rows": 1, "Plan Width": 4, "Filter": "((role)::text = 'actor'::text)"}, {"Node Type": "Nested Loop", "Parent Relationship": "Inner", "Join Type": "Inner", "Startup Cost": 0.0, "Total Cost": 19865.87, "Plan Rows": 68, "Plan Width": 20, "Inner Unique": false, "Plans": [{"Node Type": "Nested Loop", "Parent Relationship": "Outer", "Join Type": "Inner", "Startup Cost": 0.0, "Total Cost": 16121.55, "Plan Rows": 3779, "Plan Width": 8, "Inner Unique": false, "Plans": [{"Node Type": "Seq Scan", "Parent Relationship": "Outer", "Relation Name": "company_name", "Alias": "cn", "Startup Cost": 0.0, "Total Cost": 5903.45, "Plan Rows": 251, "Plan Width": 4, "Filter": "((country_code)::text = '[ru]'::text)"}, {"Node Type": "Index Scan", "Parent Relationship": "Inner", "Scan Direction": "Forward", "Index Name": "company_id_movie_companies", "Relation Name": "movie_companies", "Alias": "mc", "Startup Cost": 0.0, "Total Cost": 40.56, "Plan Rows": 15, "Plan Width": 12, "Index Cond": "(company_id = cn.id)"}]}, {"Node Type": "Index Scan", "Parent Relationship": "Inner", "Scan Direction": "Forward", "Index Name": "movie_id_cast_info", "Relation Name": "cast_info", "Alias": "ci", "Startup Cost": 0.0, "Total Cost": 0.98, "Plan Rows": 1, "Plan Width": 12, "Index Cond": "(movie_id = mc.movie_id)", "Filter": "(((note)::text ~~ '%(voice)%'::text) AND ((note)::text ~~ '%(uncredited)%'::text))"}]}]}, {"Node Type": "Index Scan", "Parent Relationship": "Inner", "Scan Direction": "Forward", "Index Name": "title_pkey", "Relation Name": "title", "Alias": "t", "Startup Cost": 0.0, "Total Cost": 0.34, "Plan Rows": 1, "Plan Width": 21, "Index Cond": "(id = mc.movie_id)", "Filter": "(production_year > 2005)"}]}, {"Node Type": "Index Scan", "Parent Relationship": "Inner", "Scan Direction": "Forward", "Index Name": "char_name_pkey", "Relation Name": "char_name", "Alias": "chn", "Startup Cost": 0.0, "Total Cost": 5.37, "Plan Rows": 1, "Plan Width": 20, "Index Cond": "(id = ci.person_role_id)"}]}, {"Node Type": "Index Scan", "Parent Relationship": "Inner", "Scan Direction": "Forward", "Index Name": "company_type_pkey", "Relation Name": "company_type", "Alias": "ct", "Startup Cost": 0.0, "Total Cost": 0.27, "Plan Rows": 1, "Plan Width": 4, "Index Cond": "(id = mc.company_type_id)"}]}]}, "Unique SQL Id": 2933943827, "Planner Runtime": 13}, "explain_analyze_plan": {"Plan": {"Node Type": "Aggregate", "Strategy": "Plain", "Startup Cost": 19897.43, "Total Cost": 19897.44, "Plan Rows": 1, "Plan Width": 97, "Actual Startup Time": 796.295, "Actual Total Time": 796.296, "Actual Rows": 1, "Actual Loops": 1, "Plans": [{"Node Type": "Nested Loop", "Parent Relationship": "Outer", "Join Type": "Inner", "Startup Cost": 0.0, "Total Cost": 19897.42, "Plan Rows": 2, "Plan Width": 33, "Actual Startup Time": 40.923, "Actual Total Time": 796.105, "Actual Rows": 18, "Actual Loops": 1, "Inner Unique": true, "Plans": [{"Node Type": "Nested Loop", "Parent Relationship": "Outer", "Join Type": "Inner", "Startup Cost": 0.0, "Total Cost": 19896.86, "Plan Rows": 2, "Plan Width": 37, "Actual Startup Time": 8.52, "Actual Total Time": 795.8, "Actual Rows": 104, "Actual Loops": 1, "Inner Unique": true, "Plans": [{"Node Type": "Nested Loop", "Parent Relationship": "Outer", "Join Type": "Inner", "Startup Cost": 0.0, "Total Cost": 19869.97, "Plan Rows": 5, "Plan Width": 25, "Actual Startup Time": 8.511, "Actual Total Time": 794.891, "Actual Rows": 112, "Actual Loops": 1, "Inner Unique": true, "Plans": [{"Node Type": "Nested Loop", "Parent Relationship": "Outer", "Join Type": "Inner", "Startup Cost": 0.0, "Total Cost": 19867.87, "Plan Rows": 6, "Plan Width": 16, "Actual Startup Time": 0.755, "Actual Total Time": 792.762, "Actual Rows": 275, "Actual Loops": 1, "Inner Unique": false, "Join Filter": "(ci.role_id = rt.id)", "Rows Removed by Join Filter": 102, "Plans": [{"Node Type": "Seq Scan", "Parent Relationship": "Outer", "Relation Name": "role_type", "Alias": "rt", "Startup Cost": 0.0, "Total Cost": 1.15, "Plan Rows": 1, "Plan Width": 4, "Actual Startup Time": 0.021, "Actual Total Time": 0.03, "Actual Rows": 1, "Actual Loops": 1, "Filter": "((role)::text = 'actor'::text)", "Rows Removed by Filter": 11}, {"Node Type": "Nested Loop", "Parent Relationship": "Inner", "Join Type": "Inner", "Startup Cost": 0.0, "Total Cost": 19865.87, "Plan Rows": 68, "Plan Width": 20, "Actual Startup Time": 0.728, "Actual Total Time": 792.447, "Actual Rows": 377, "Actual Loops": 1, "Inner Unique": false, "Plans": [{"Node Type": "Nested Loop", "Parent Relationship": "Outer", "Join Type": "Inner", "Startup Cost": 0.0, "Total Cost": 16121.55, "Plan Rows": 3779, "Plan Width": 8, "Actual Startup Time": 0.052, "Actual Total Time": 108.67, "Actual Rows": 8790, "Actual Loops": 1, "Inner Unique": false, "Plans": [{"Node Type": "Seq Scan", "Parent Relationship": "Outer", "Relation Name": "company_name", "Alias": "cn", "Startup Cost": 0.0, "Total Cost": 5903.45, "Plan Rows": 251, "Plan Width": 4, "Actual Startup Time": 0.035, "Actual Total Time": 83.89, "Actual Rows": 1361, "Actual Loops": 1, "Filter": "((country_code)::text = '[ru]'::text)", "Rows Removed by Filter": 233635}, {"Node Type": "Index Scan", "Parent Relationship": "Inner", "Scan Direction": "Forward", "Index Name": "company_id_movie_companies", "Relation Name": "movie_companies", "Alias": "mc", "Startup Cost": 0.0, "Total Cost": 40.56, "Plan Rows": 15, "Plan Width": 12, "Actual Startup Time": 9.73, "Actual Total Time": 21.451, "Actual Rows": 8790, "Actual Loops": 1361, "Index Cond": "(company_id = cn.id)", "Rows Removed by Index Recheck": 0}]}, {"Node Type": "Index Scan", "Parent Relationship": "Inner", "Scan Direction": "Forward", "Index Name": "movie_id_cast_info", "Relation Name": "cast_info", "Alias": "ci", "Startup Cost": 0.0, "Total Cost": 0.98, "Plan Rows": 1, "Plan Width": 12, "Actual Startup Time": 640.813, "Actual Total Time": 678.501, "Actual Rows": 377, "Actual Loops": 8790, "Index Cond": "(movie_id = mc.movie_id)", "Rows Removed by Index Recheck": 0, "Filter": "(((note)::text ~~ '%(voice)%'::text) AND ((note)::text ~~ '%(uncredited)%'::text))", "Rows Removed by Filter": 408168}]}]}, {"Node Type": "Index Scan", "Parent Relationship": "Inner", "Scan Direction": "Forward", "Index Name": "title_pkey", "Relation Name": "title", "Alias": "t", "Startup Cost": 0.0, "Total Cost": 0.34, "Plan Rows": 1, "Plan Width": 21, "Actual Startup Time": 1.727, "Actual Total Time": 1.727, "Actual Rows": 112, "Actual Loops": 275, "Index Cond": "(id = mc.movie_id)", "Rows Removed by Index Recheck": 0, "Filter": "(production_year > 2005)", "Rows Removed by Filter": 163}]}, {"Node Type": "Index Scan", "Parent Relationship": "Inner", "Scan Direction": "Forward", "Index Name": "char_name_pkey", "Relation Name": "char_name", "Alias": "chn", "Startup Cost": 0.0, "Total Cost": 5.37, "Plan Rows": 1, "Plan Width": 20, "Actual Startup Time": 0.675, "Actual Total Time": 0.675, "Actual Rows": 104, "Actual Loops": 112, "Index Cond": "(id = ci.person_role_id)", "Rows Removed by Index Recheck": 0}]}, {"Node Type": "Index Scan", "Parent Relationship": "Inner", "Scan Direction": "Forward", "Index Name": "company_type_pkey", "Relation Name": "company_type", "Alias": "ct", "Startup Cost": 0.0, "Total Cost": 0.27, "Plan Rows": 1, "Plan Width": 4, "Actual Startup Time": 0.167, "Actual Total Time": 0.167, "Actual Rows": 18, "Actual Loops": 104, "Index Cond": "(id = mc.company_type_id)", "Rows Removed by Index Recheck": 0}]}]}, "Triggers": [], "Planner Runtime": 3, "Total Runtime": 796.669, "Unique SQL Id": 2933943827}}, "(1, 13)": {"explain_plan": {"Plan": {"Node Type": "Aggregate", "Strategy": "Plain", "Startup Cost": 24506.67, "Total Cost": 24506.68, "Plan Rows": 1, "Plan Width": 97, "Plans": [{"Node Type": "Nested Loop", "Parent Relationship": "Outer", "Join Type": "Inner", "Startup Cost": 0.0, "Total Cost": 24506.66, "Plan Rows": 2, "Plan Width": 33, "Inner Unique": true, "Plans": [{"Node Type": "Nested Loop", "Parent Relationship": "Outer", "Join Type": "Inner", "Startup Cost": 0.0, "Total Cost": 24506.1, "Plan Rows": 2, "Plan Width": 37, "Inner Unique": true, "Plans": [{"Node Type": "Nested Loop", "Parent Relationship": "Outer", "Join Type": "Inner", "Startup Cost": 0.0, "Total Cost": 24479.22, "Plan Rows": 5, "Plan Width": 25, "Inner Unique": true, "Plans": [{"Node Type": "Nested Loop", "Parent Relationship": "Outer", "Join Type": "Inner", "Startup Cost": 0.0, "Total Cost": 24477.12, "Plan Rows": 6, "Plan Width": 16, "Inner Unique": false, "Join Filter": "(ci.role_id = rt.id)", "Plans": [{"Node Type": "Index Scan", "Parent Relationship": "Outer", "Scan Direction": "Forward", "Index Name": "role_type_pkey", "Relation Name": "role_type", "Alias": "rt", "Startup Cost": 0.0, "Total Cost": 12.46, "Plan Rows": 1, "Plan Width": 4, "Filter": "((role)::text = 'actor'::text)"}, {"Node Type": "Nested Loop", "Parent Relationship": "Inner", "Join Type": "Inner", "Startup Cost": 0.0, "Total Cost": 24463.81, "Plan Rows": 68, "Plan Width": 20, "Inner Unique": false, "Plans": [{"Node Type": "Nested Loop", "Parent Relationship": "Outer", "Join Type": "Inner", "Startup Cost": 0.0, "Total Cost": 20719.49, "Plan Rows": 3779, "Plan Width": 8, "Inner Unique": false, "Plans": [{"Node Type": "Index Scan", "Parent Relationship": "Outer", "Scan Direction": "Forward", "Index Name": "company_name_pkey", "Relation Name": "company_name", "Alias": "cn", "Startup Cost": 0.0, "Total Cost": 10501.39, "Plan Rows": 251, "Plan Width": 4, "Filter": "((country_code)::text = '[ru]'::text)"}, {"Node Type": "Index Scan", "Parent Relationship": "Inner", "Scan Direction": "Forward", "Index Name": "company_id_movie_companies", "Relation Name": "movie_companies", "Alias": "mc", "Startup Cost": 0.0, "Total Cost": 40.56, "Plan Rows": 15, "Plan Width": 12, "Index Cond": "(company_id = cn.id)"}]}, {"Node Type": "Index Scan", "Parent Relationship": "Inner", "Scan Direction": "Forward", "Index Name": "movie_id_cast_info", "Relation Name": "cast_info", "Alias": "ci", "Startup Cost": 0.0, "Total Cost": 0.98, "Plan Rows": 1, "Plan Width": 12, "Index Cond": "(movie_id = mc.movie_id)", "Filter": "(((note)::text ~~ '%(voice)%'::text) AND ((note)::text ~~ '%(uncredited)%'::text))"}]}]}, {"Node Type": "Index Scan", "Parent Relationship": "Inner", "Scan Direction": "Forward", "Index Name": "title_pkey", "Relation Name": "title", "Alias": "t", "Startup Cost": 0.0, "Total Cost": 0.34, "Plan Rows": 1, "Plan Width": 21, "Index Cond": "(id = mc.movie_id)", "Filter": "(production_year > 2005)"}]}, {"Node Type": "Index Scan", "Parent Relationship": "Inner", "Scan Direction": "Forward", "Index Name": "char_name_pkey", "Relation Name": "char_name", "Alias": "chn", "Startup Cost": 0.0, "Total Cost": 5.37, "Plan Rows": 1, "Plan Width": 20, "Index Cond": "(id = ci.person_role_id)"}]}, {"Node Type": "Index Scan", "Parent Relationship": "Inner", "Scan Direction": "Forward", "Index Name": "company_type_pkey", "Relation Name": "company_type", "Alias": "ct", "Startup Cost": 0.0, "Total Cost": 0.27, "Plan Rows": 1, "Plan Width": 4, "Index Cond": "(id = mc.company_type_id)"}]}]}, "Unique SQL Id": 2933943827, "Planner Runtime": 11}, "explain_analyze_plan": {"Plan": {"Node Type": "Aggregate", "Strategy": "Plain", "Startup Cost": 24506.67, "Total Cost": 24506.68, "Plan Rows": 1, "Plan Width": 97, "Actual Startup Time": 1009.656, "Actual Total Time": 1009.657, "Actual Rows": 1, "Actual Loops": 1, "Plans": [{"Node Type": "Nested Loop", "Parent Relationship": "Outer", "Join Type": "Inner", "Startup Cost": 0.0, "Total Cost": 24506.66, "Plan Rows": 2, "Plan Width": 33, "Actual Startup Time": 28.604, "Actual Total Time": 1009.557, "Actual Rows": 18, "Actual Loops": 1, "Inner Unique": true, "Plans": [{"Node Type": "Nested Loop", "Parent Relationship": "Outer", "Join Type": "Inner", "Startup Cost": 0.0, "Total Cost": 24506.1, "Plan Rows": 2, "Plan Width": 37, "Actual Startup Time": 21.949, "Actual Total Time": 1009.273, "Actual Rows": 104, "Actual Loops": 1, "Inner Unique": true, "Plans": [{"Node Type": "Nested Loop", "Parent Relationship": "Outer", "Join Type": "Inner", "Startup Cost": 0.0, "Total Cost": 24479.22, "Plan Rows": 5, "Plan Width": 25, "Actual Startup Time": 21.938, "Actual Total Time": 1008.351, "Actual Rows": 112, "Actual Loops": 1, "Inner Unique": true, "Plans": [{"Node Type": "Nested Loop", "Parent Relationship": "Outer", "Join Type": "Inner", "Startup Cost": 0.0, "Total Cost": 24477.12, "Plan Rows": 6, "Plan Width": 16, "Actual Startup Time": 6.423, "Actual Total Time": 1006.191, "Actual Rows": 275, "Actual Loops": 1, "Inner Unique": false, "Join Filter": "(ci.role_id = rt.id)", "Rows Removed by Join Filter": 102, "Plans": [{"Node Type": "Index Scan", "Parent Relationship": "Outer", "Scan Direction": "Forward", "Index Name": "role_type_pkey", "Relation Name": "role_type", "Alias": "rt", "Startup Cost": 0.0, "Total Cost": 12.46, "Plan Rows": 1, "Plan Width": 4, "Actual Startup Time": 0.02, "Actual Total Time": 0.029, "Actual Rows": 1, "Actual Loops": 1, "Filter": "((role)::text = 'actor'::text)", "Rows Removed by Filter": 11}, {"Node Type": "Nested Loop", "Parent Relationship": "Inner", "Join Type": "Inner", "Startup Cost": 0.0, "Total Cost": 24463.81, "Plan Rows": 68, "Plan Width": 20, "Actual Startup Time": 6.388, "Actual Total Time": 1005.895, "Actual Rows": 377, "Actual Loops": 1, "Inner Unique": false, "Plans": [{"Node Type": "Nested Loop", "Parent Relationship": "Outer", "Join Type": "Inner", "Startup Cost": 0.0, "Total Cost": 20719.49, "Plan Rows": 3779, "Plan Width": 8, "Actual Startup Time": 0.45, "Actual Total Time": 322.76, "Actual Rows": 8790, "Actual Loops": 1, "Inner Unique": false, "Plans": [{"Node Type": "Index Scan", "Parent Relationship": "Outer", "Scan Direction": "Forward", "Index Name": "company_name_pkey", "Relation Name": "company_name", "Alias": "cn", "Startup Cost": 0.0, "Total Cost": 10501.39, "Plan Rows": 251, "Plan Width": 4, "Actual Startup Time": 0.436, "Actual Total Time": 299.925, "Actual Rows": 1361, "Actual Loops": 1, "Filter": "((country_code)::text = '[ru]'::text)", "Rows Removed by Filter": 233635}, {"Node Type": "Index Scan", "Parent Relationship": "Inner", "Scan Direction": "Forward", "Index Name": "company_id_movie_companies", "Relation Name": "movie_companies", "Alias": "mc", "Startup Cost": 0.0, "Total Cost": 40.56, "Plan Rows": 15, "Plan Width": 12, "Actual Startup Time": 8.119, "Actual Total Time": 19.34, "Actual Rows": 8790, "Actual Loops": 1361, "Index Cond": "(company_id = cn.id)", "Rows Removed by Index Recheck": 0}]}, {"Node Type": "Index Scan", "Parent Relationship": "Inner", "Scan Direction": "Forward", "Index Name": "movie_id_cast_info", "Relation Name": "cast_info", "Alias": "ci", "Startup Cost": 0.0, "Total Cost": 0.98, "Plan Rows": 1, "Plan Width": 12, "Actual Startup Time": 639.51, "Actual Total Time": 677.545, "Actual Rows": 377, "Actual Loops": 8790, "Index Cond": "(movie_id = mc.movie_id)", "Rows Removed by Index Recheck": 0, "Filter": "(((note)::text ~~ '%(voice)%'::text) AND ((note)::text ~~ '%(uncredited)%'::text))", "Rows Removed by Filter": 408168}]}]}, {"Node Type": "Index Scan", "Parent Relationship": "Inner", "Scan Direction": "Forward", "Index Name": "title_pkey", "Relation Name": "title", "Alias": "t", "Startup Cost": 0.0, "Total Cost": 0.34, "Plan Rows": 1, "Plan Width": 21, "Actual Startup Time": 1.746, "Actual Total Time": 1.746, "Actual Rows": 112, "Actual Loops": 275, "Index Cond": "(id = mc.movie_id)", "Rows Removed by Index Recheck": 0, "Filter": "(production_year > 2005)", "Rows Removed by Filter": 163}]}, {"Node Type": "Index Scan", "Parent Relationship": "Inner", "Scan Direction": "Forward", "Index Name": "char_name_pkey", "Relation Name": "char_name", "Alias": "chn", "Startup Cost": 0.0, "Total Cost": 5.37, "Plan Rows": 1, "Plan Width": 20, "Actual Startup Time": 0.688, "Actual Total Time": 0.688, "Actual Rows": 104, "Actual Loops": 112, "Index Cond": "(id = ci.person_role_id)", "Rows Removed by Index Recheck": 0}]}, {"Node Type": "Index Scan", "Parent Relationship": "Inner", "Scan Direction": "Forward", "Index Name": "company_type_pkey", "Relation Name": "company_type", "Alias": "ct", "Startup Cost": 0.0, "Total Cost": 0.27, "Plan Rows": 1, "Plan Width": 4, "Actual Startup Time": 0.148, "Actual Total Time": 0.148, "Actual Rows": 18, "Actual Loops": 104, "Index Cond": "(id = mc.company_type_id)", "Rows Removed by Index Recheck": 0}]}]}, "Triggers": [], "Planner Runtime": 3, "Total Runtime": 1010.002, "Unique SQL Id": 2933943827}}, "(1, 14)": {"explain_plan": {"Plan": {"Node Type": "Aggregate", "Strategy": "Plain", "Startup Cost": 1006121.79, "Total Cost": 1006121.8, "Plan Rows": 1, "Plan Width": 97, "Plans": [{"Node Type": "Nested Loop", "Parent Relationship": "Outer", "Join Type": "Inner", "Startup Cost": 911149.3, "Total Cost": 1006121.78, "Plan Rows": 2, "Plan Width": 33, "Inner Unique": false, "Join Filter": "(mc.company_type_id = ct.id)", "Plans": [{"Node Type": "Seq Scan", "Parent Relationship": "Outer", "Relation Name": "company_type", "Alias": "ct", "Startup Cost": 0.0, "Total Cost": 1.03, "Plan Rows": 3, "Plan Width": 4}, {"Node Type": "Materialize", "Parent Relationship": "Inner", "Startup Cost": 911149.3, "Total Cost": 1006120.67, "Plan Rows": 2, "Plan Width": 37, "Plans": [{"Node Type": "Hash Join", "Parent Relationship": "Outer", "Join Type": "Inner", "Startup Cost": 911149.3, "Total Cost": 1006120.66, "Plan Rows": 2, "Plan Width": 37, "Inner Unique": false, "Hash Cond": "(chn.id = ci.person_role_id)", "Plans": [{"Node Type": "Seq Scan", "Parent Relationship": "Outer", "Relation Name": "char_name", "Alias": "chn", "Startup Cost": 0.0, "Total Cost": 67493.38, "Plan Rows": 3140338, "Plan Width": 20}, {"Node Type": "Hash", "Parent Relationship": "Inner", "Startup Cost": 911149.24, "Total Cost": 911149.24, "Plan Rows": 5, "Plan Width": 25, "Plans": [{"Node Type": "Nested Loop", "Parent Relationship": "Outer", "Join Type": "Inner", "Startup Cost": 127886.81, "Total Cost": 911149.24, "Plan Rows": 5, "Plan Width": 25, "Inner Unique": false, "Join Filter": "(ci.role_id = rt.id)", "Plans": [{"Node Type": "Seq Scan", "Parent Relationship": "Outer", "Relation Name": "role_type", "Alias": "rt", "Startup Cost": 0.0, "Total Cost": 1.15, "Plan Rows": 1, "Plan Width": 4, "Filter": "((role)::text = 'actor'::text)"}, {"Node Type": "Hash Join", "Parent Relationship": "Inner", "Join Type": "Inner", "Startup Cost": 127886.81, "Total Cost": 911147.05, "Plan Rows": 83, "Plan Width": 29, "Inner Unique": false, "Hash Cond": "(ci.movie_id = t.id)", "Plans": [{"Node Type": "Seq Scan", "Parent Relationship": "Outer", "Relation Name": "cast_info", "Alias": "ci", "Startup Cost": 0.0, "Total Cost": 783175.41, "Plan Rows": 22295, "Plan Width": 12, "Filter": "(((note)::text ~~ '%(voice)%'::text) AND ((note)::text ~~ '%(uncredited)%'::text))"}, {"Node Type": "Hash", "Parent Relationship": "Inner", "Startup Cost": 127829.48, "Total Cost": 127829.48, "Plan Rows": 4587, "Plan Width": 29, "Plans": [{"Node Type": "Hash Join", "Parent Relationship": "Outer", "Join Type": "Inner", "Startup Cost": 57593.12, "Total Cost": 127829.48, "Plan Rows": 4587, "Plan Width": 29, "Inner Unique": false, "Hash Cond": "(t.id = mc.movie_id)", "Plans": [{"Node Type": "Seq Scan", "Parent Relationship": "Outer", "Relation Name": "title", "Alias": "t", "Startup Cost": 0.0, "Total Cost": 66389.89, "Plan Rows": 1013492, "Plan Width": 21, "Filter": "(production_year > 2005), (LLVM Optimized)"}, {"Node Type": "Hash", "Parent Relationship": "Inner", "Startup Cost": 57545.89, "Total Cost": 57545.89, "Plan Rows": 3779, "Plan Width": 8, "Plans": [{"Node Type": "Hash Join", "Parent Relationship": "Outer", "Join Type": "Inner", "Startup Cost": 5906.59, "Total Cost": 57545.89, "Plan Rows": 3779, "Plan Width": 8, "Inner Unique": true, "Hash Cond": "(mc.company_id = cn.id)", "Plans": [{"Node Type": "Seq Scan", "Parent Relationship": "Outer", "Relation Name": "movie_companies", "Alias": "mc", "Startup Cost": 0.0, "Total Cost": 41817.28, "Plan Rows": 2609128, "Plan Width": 12}, {"Node Type": "Hash", "Parent Relationship": "Inner", "Startup Cost": 5903.45, "Total Cost": 5903.45, "Plan Rows": 251, "Plan Width": 4, "Plans": [{"Node Type": "Seq Scan", "Parent Relationship": "Outer", "Relation Name": "company_name", "Alias": "cn", "Startup Cost": 0.0, "Total Cost": 5903.45, "Plan Rows": 251, "Plan Width": 4, "Filter": "((country_code)::text = '[ru]'::text)"}]}]}]}]}]}]}]}]}]}]}]}]}, "Unique SQL Id": 2933943827, "Planner Runtime": 17}, "explain_analyze_plan": null}, "(1, 15)": {"explain_plan": {"Plan": {"Node Type": "Aggregate", "Strategy": "Plain", "Startup Cost": 3605831579539.19, "Total Cost": 3605831579539.2, "Plan Rows": 1, "Plan Width": 97, "Plans": [{"Node Type": "Merge Join", "Parent Relationship": "Outer", "Join Type": "Inner", "Startup Cost": 70000000000.0, "Total Cost": 3605831579539.17, "Plan Rows": 4, "Plan Width": 33, "Inner Unique": true, "Merge Cond": "(ci.person_role_id = chn.id)", "Plans": [{"Node Type": "Nested Loop", "Parent Relationship": "Outer", "Join Type": "Inner", "Startup Cost": 60000000000.0, "Total Cost": 6000243362999.82, "Plan Rows": 7, "Plan Width": 21, "Inner Unique": true, "Join Filter": "(mc.movie_id = t.id)", "Plans": [{"Node Type": "Nested Loop", "Parent Relationship": "Outer", "Join Type": "Inner", "Startup Cost": 50000000000.0, "Total Cost": 5000231625125.14, "Plan Rows": 6, "Plan Width": 12, "Inner Unique": true, "Join Filter": "(mc.company_type_id = ct.id)", "Plans": [{"Node Type": "Nested Loop", "Parent Relationship": "Outer", "Join Type": "Inner", "Startup Cost": 40000000000.0, "Total Cost": 4000231623895.37, "Plan Rows": 6, "Plan Width": 16, "Inner Unique": false, "Join Filter": "(ci.movie_id = mc.movie_id)", "Plans": [{"Node Type": "Nested Loop", "Parent Relationship": "Outer", "Join Type": "Inner", "Startup Cost": 20000000000.0, "Total Cost": 2000211317261.91, "Plan Rows": 2027, "Plan Width": 8, "Inner Unique": true, "Join Filter": "(ci.role_id = rt.id)", "Plans": [{"Node Type": "Index Scan", "Parent Relationship": "Outer", "Scan Direction": "Forward", "Index Name": "person_role_id_cast_info", "Relation Name": "cast_info", "Alias": "ci", "Startup Cost": 10000000000.0, "Total Cost": 1000211315681.48, "Plan Rows": 22295, "Plan Width": 12, "Filter": "(((note)::text ~~ '%(voice)%'::text) AND ((note)::text ~~ '%(uncredited)%'::text))"}, {"Node Type": "Materialize", "Parent Relationship": "Inner", "Startup Cost": 10000000000.0, "Total Cost": 1000000001246.0, "Plan Rows": 1, "Plan Width": 4, "Plans": [{"Node Type": "Index Scan", "Parent Relationship": "Outer", "Scan Direction": "Forward", "Index Name": "role_type_pkey", "Relation Name": "role_type", "Alias": "rt", "Startup Cost": 10000000000.0, "Total Cost": 1000000001246.0, "Plan Rows": 1, "Plan Width": 4, "Filter": "((role)::text = 'actor'::text)"}]}]}, {"Node Type": "Materialize", "Parent Relationship": "Inner", "Startup Cost": 20000000000.0, "Total Cost": 2000020191742.41, "Plan Rows": 3779, "Plan Width": 8, "Plans": [{"Node Type": "Nested Loop", "Parent Relationship": "Outer", "Join Type": "Inner", "Startup Cost": 20000000000.0, "Total Cost": 2000020191723.52, "Plan Rows": 3779, "Plan Width": 8, "Inner Unique": true, "Join Filter": "(cn.id = mc.company_id)", "Plans": [{"Node Type": "Index Scan", "Parent Relationship": "Outer", "Scan Direction": "Forward", "Index Name": "company_type_id_movie_companies", "Relation Name": "movie_companies", "Alias": "mc", "Startup Cost": 10000000000.0, "Total Cost": 1000009318217.0, "Plan Rows": 2609128, "Plan Width": 12}, {"Node Type": "Materialize", "Parent Relationship": "Inner", "Startup Cost": 10000000000.0, "Total Cost": 1000001050140.22, "Plan Rows": 251, "Plan Width": 4, "Plans": [{"Node Type": "Index Scan", "Parent Relationship": "Outer", "Scan Direction": "Forward", "Index Name": "company_name_pkey", "Relation Name": "company_name", "Alias": "cn", "Startup Cost": 10000000000.0, "Total Cost": 1000001050138.97, "Plan Rows": 251, "Plan Width": 4, "Filter": "((country_code)::text = '[ru]'::text)"}]}]}]}]}, {"Node Type": "Materialize", "Parent Relationship": "Inner", "Startup Cost": 10000000000.0, "Total Cost": 1000000001229.52, "Plan Rows": 3, "Plan Width": 4, "Plans": [{"Node Type": "Index Scan", "Parent Relationship": "Outer", "Scan Direction": "Forward", "Index Name": "company_type_pkey", "Relation Name": "company_type", "Alias": "ct", "Startup Cost": 10000000000.0, "Total Cost": 1000000001229.5, "Plan Rows": 3, "Plan Width": 4}]}]}, {"Node Type": "Materialize", "Parent Relationship": "Inner", "Startup Cost": 10000000000.0, "Total Cost": 1000011649194.12, "Plan Rows": 1013492, "Plan Width": 21, "Plans": [{"Node Type": "Index Scan", "Parent Relationship": "Outer", "Scan Direction": "Forward", "Index Name": "title_pkey", "Relation Name": "title", "Alias": "t", "Startup Cost": 10000000000.0, "Total Cost": 1000011644126.66, "Plan Rows": 1013492, "Plan Width": 21, "Filter": "(production_year > 2005), (LLVM Optimized)"}]}]}, {"Node Type": "Index Scan", "Parent Relationship": "Inner", "Scan Direction": "Forward", "Index Name": "char_name_pkey", "Relation Name": "char_name", "Alias": "chn", "Startup Cost": 10000000000.0, "Total Cost": 1000012987545.51, "Plan Rows": 3140338, "Plan Width": 20}]}]}, "Unique SQL Id": 2933943827, "Planner Runtime": 20}, "explain_analyze_plan": null}, "(1, 16)": {"explain_plan": {"Plan": {"Node Type": "Aggregate", "Strategy": "Plain", "Startup Cost": 19897.43, "Total Cost": 19897.44, "Plan Rows": 1, "Plan Width": 97, "Plans": [{"Node Type": "Nested Loop", "Parent Relationship": "Outer", "Join Type": "Inner", "Startup Cost": 0.0, "Total Cost": 19897.42, "Plan Rows": 2, "Plan Width": 33, "Inner Unique": true, "Plans": [{"Node Type": "Nested Loop", "Parent Relationship": "Outer", "Join Type": "Inner", "Startup Cost": 0.0, "Total Cost": 19896.86, "Plan Rows": 2, "Plan Width": 37, "Inner Unique": true, "Plans": [{"Node Type": "Nested Loop", "Parent Relationship": "Outer", "Join Type": "Inner", "Startup Cost": 0.0, "Total Cost": 19869.97, "Plan Rows": 5, "Plan Width": 25, "Inner Unique": true, "Plans": [{"Node Type": "Nested Loop", "Parent Relationship": "Outer", "Join Type": "Inner", "Startup Cost": 0.0, "Total Cost": 19867.87, "Plan Rows": 6, "Plan Width": 16, "Inner Unique": false, "Join Filter": "(ci.role_id = rt.id)", "Plans": [{"Node Type": "Seq Scan", "Parent Relationship": "Outer", "Relation Name": "role_type", "Alias": "rt", "Startup Cost": 0.0, "Total Cost": 1.15, "Plan Rows": 1, "Plan Width": 4, "Filter": "((role)::text = 'actor'::text)"}, {"Node Type": "Nested Loop", "Parent Relationship": "Inner", "Join Type": "Inner", "Startup Cost": 0.0, "Total Cost": 19865.87, "Plan Rows": 68, "Plan Width": 20, "Inner Unique": false, "Plans": [{"Node Type": "Nested Loop", "Parent Relationship": "Outer", "Join Type": "Inner", "Startup Cost": 0.0, "Total Cost": 16121.55, "Plan Rows": 3779, "Plan Width": 8, "Inner Unique": false, "Plans": [{"Node Type": "Seq Scan", "Parent Relationship": "Outer", "Relation Name": "company_name", "Alias": "cn", "Startup Cost": 0.0, "Total Cost": 5903.45, "Plan Rows": 251, "Plan Width": 4, "Filter": "((country_code)::text = '[ru]'::text)"}, {"Node Type": "Index Scan", "Parent Relationship": "Inner", "Scan Direction": "Forward", "Index Name": "company_id_movie_companies", "Relation Name": "movie_companies", "Alias": "mc", "Startup Cost": 0.0, "Total Cost": 40.56, "Plan Rows": 15, "Plan Width": 12, "Index Cond": "(company_id = cn.id)"}]}, {"Node Type": "Index Scan", "Parent Relationship": "Inner", "Scan Direction": "Forward", "Index Name": "movie_id_cast_info", "Relation Name": "cast_info", "Alias": "ci", "Startup Cost": 0.0, "Total Cost": 0.98, "Plan Rows": 1, "Plan Width": 12, "Index Cond": "(movie_id = mc.movie_id)", "Filter": "(((note)::text ~~ '%(voice)%'::text) AND ((note)::text ~~ '%(uncredited)%'::text))"}]}]}, {"Node Type": "Index Scan", "Parent Relationship": "Inner", "Scan Direction": "Forward", "Index Name": "title_pkey", "Relation Name": "title", "Alias": "t", "Startup Cost": 0.0, "Total Cost": 0.34, "Plan Rows": 1, "Plan Width": 21, "Index Cond": "(id = mc.movie_id)", "Filter": "(production_year > 2005)"}]}, {"Node Type": "Index Scan", "Parent Relationship": "Inner", "Scan Direction": "Forward", "Index Name": "char_name_pkey", "Relation Name": "char_name", "Alias": "chn", "Startup Cost": 0.0, "Total Cost": 5.37, "Plan Rows": 1, "Plan Width": 20, "Index Cond": "(id = ci.person_role_id)"}]}, {"Node Type": "Index Only Scan", "Parent Relationship": "Inner", "Scan Direction": "Forward", "Index Name": "company_type_pkey", "Relation Name": "company_type", "Alias": "ct", "Startup Cost": 0.0, "Total Cost": 0.27, "Plan Rows": 1, "Plan Width": 4, "Index Cond": "(id = mc.company_type_id)"}]}]}, "Unique SQL Id": 2933943827, "Planner Runtime": 11}, "explain_analyze_plan": {"Plan": {"Node Type": "Aggregate", "Strategy": "Plain", "Startup Cost": 19897.43, "Total Cost": 19897.44, "Plan Rows": 1, "Plan Width": 97, "Actual Startup Time": 849.792, "Actual Total Time": 849.792, "Actual Rows": 1, "Actual Loops": 1, "Plans": [{"Node Type": "Nested Loop", "Parent Relationship": "Outer", "Join Type": "Inner", "Startup Cost": 0.0, "Total Cost": 19897.42, "Plan Rows": 2, "Plan Width": 33, "Actual Startup Time": 45.94, "Actual Total Time": 849.705, "Actual Rows": 18, "Actual Loops": 1, "Inner Unique": true, "Plans": [{"Node Type": "Nested Loop", "Parent Relationship": "Outer", "Join Type": "Inner", "Startup Cost": 0.0, "Total Cost": 19896.86, "Plan Rows": 2, "Plan Width": 37, "Actual Startup Time": 9.453, "Actual Total Time": 849.336, "Actual Rows": 104, "Actual Loops": 1, "Inner Unique": true, "Plans": [{"Node Type": "Nested Loop", "Parent Relationship": "Outer", "Join Type": "Inner", "Startup Cost": 0.0, "Total Cost": 19869.97, "Plan Rows": 5, "Plan Width": 25, "Actual Startup Time": 9.441, "Actual Total Time": 848.326, "Actual Rows": 112, "Actual Loops": 1, "Inner Unique": true, "Plans": [{"Node Type": "Nested Loop", "Parent Relationship": "Outer", "Join Type": "Inner", "Startup Cost": 0.0, "Total Cost": 19867.87, "Plan Rows": 6, "Plan Width": 16, "Actual Startup Time": 0.798, "Actual Total Time": 846.093, "Actual Rows": 275, "Actual Loops": 1, "Inner Unique": false, "Join Filter": "(ci.role_id = rt.id)", "Rows Removed by Join Filter": 102, "Plans": [{"Node Type": "Seq Scan", "Parent Relationship": "Outer", "Relation Name": "role_type", "Alias": "rt", "Startup Cost": 0.0, "Total Cost": 1.15, "Plan Rows": 1, "Plan Width": 4, "Actual Startup Time": 0.016, "Actual Total Time": 0.022, "Actual Rows": 1, "Actual Loops": 1, "Filter": "((role)::text = 'actor'::text)", "Rows Removed by Filter": 11}, {"Node Type": "Nested Loop", "Parent Relationship": "Inner", "Join Type": "Inner", "Startup Cost": 0.0, "Total Cost": 19865.87, "Plan Rows": 68, "Plan Width": 20, "Actual Startup Time": 0.763, "Actual Total Time": 845.809, "Actual Rows": 377, "Actual Loops": 1, "Inner Unique": false, "Plans": [{"Node Type": "Nested Loop", "Parent Relationship": "Outer", "Join Type": "Inner", "Startup Cost": 0.0, "Total Cost": 16121.55, "Plan Rows": 3779, "Plan Width": 8, "Actual Startup Time": 0.051, "Actual Total Time": 104.329, "Actual Rows": 8790, "Actual Loops": 1, "Inner Unique": false, "Plans": [{"Node Type": "Seq Scan", "Parent Relationship": "Outer", "Relation Name": "company_name", "Alias": "cn", "Startup Cost": 0.0, "Total Cost": 5903.45, "Plan Rows": 251, "Plan Width": 4, "Actual Startup Time": 0.034, "Actual Total Time": 81.103, "Actual Rows": 1361, "Actual Loops": 1, "Filter": "((country_code)::text = '[ru]'::text)", "Rows Removed by Filter": 233635}, {"Node Type": "Index Scan", "Parent Relationship": "Inner", "Scan Direction": "Forward", "Index Name": "company_id_movie_companies", "Relation Name": "movie_companies", "Alias": "mc", "Startup Cost": 0.0, "Total Cost": 40.56, "Plan Rows": 15, "Plan Width": 12, "Actual Startup Time": 8.58, "Actual Total Time": 20.037, "Actual Rows": 8790, "Actual Loops": 1361, "Index Cond": "(company_id = cn.id)", "Rows Removed by Index Recheck": 0}]}, {"Node Type": "Index Scan", "Parent Relationship": "Inner", "Scan Direction": "Forward", "Index Name": "movie_id_cast_info", "Relation Name": "cast_info", "Alias": "ci", "Startup Cost": 0.0, "Total Cost": 0.98, "Plan Rows": 1, "Plan Width": 12, "Actual Startup Time": 693.142, "Actual Total Time": 736.17, "Actual Rows": 377, "Actual Loops": 8790, "Index Cond": "(movie_id = mc.movie_id)", "Rows Removed by Index Recheck": 0, "Filter": "(((note)::text ~~ '%(voice)%'::text) AND ((note)::text ~~ '%(uncredited)%'::text))", "Rows Removed by Filter": 408168}]}]}, {"Node Type": "Index Scan", "Parent Relationship": "Inner", "Scan Direction": "Forward", "Index Name": "title_pkey", "Relation Name": "title", "Alias": "t", "Startup Cost": 0.0, "Total Cost": 0.34, "Plan Rows": 1, "Plan Width": 21, "Actual Startup Time": 1.815, "Actual Total Time": 1.815, "Actual Rows": 112, "Actual Loops": 275, "Index Cond": "(id = mc.movie_id)", "Rows Removed by Index Recheck": 0, "Filter": "(production_year > 2005)", "Rows Removed by Filter": 163}]}, {"Node Type": "Index Scan", "Parent Relationship": "Inner", "Scan Direction": "Forward", "Index Name": "char_name_pkey", "Relation Name": "char_name", "Alias": "chn", "Startup Cost": 0.0, "Total Cost": 5.37, "Plan Rows": 1, "Plan Width": 20, "Actual Startup Time": 0.744, "Actual Total Time": 0.744, "Actual Rows": 104, "Actual Loops": 112, "Index Cond": "(id = ci.person_role_id)", "Rows Removed by Index Recheck": 0}]}, {"Node Type": "Index Only Scan", "Parent Relationship": "Inner", "Scan Direction": "Forward", "Index Name": "company_type_pkey", "Relation Name": "company_type", "Alias": "ct", "Startup Cost": 0.0, "Total Cost": 0.27, "Plan Rows": 1, "Plan Width": 4, "Actual Startup Time": 0.203, "Actual Total Time": 0.203, "Actual Rows": 18, "Actual Loops": 104, "Index Cond": "(id = mc.company_type_id)", "Rows Removed by Index Recheck": 0, "Heap Fetches": 0}]}]}, "Triggers": [], "Planner Runtime": 3, "Total Runtime": 850.164, "Unique SQL Id": 2933943827}}, "(1, 17)": {"explain_plan": {"Plan": {"Node Type": "Aggregate", "Strategy": "Plain", "Startup Cost": 24506.67, "Total Cost": 24506.68, "Plan Rows": 1, "Plan Width": 97, "Plans": [{"Node Type": "Nested Loop", "Parent Relationship": "Outer", "Join Type": "Inner", "Startup Cost": 0.0, "Total Cost": 24506.66, "Plan Rows": 2, "Plan Width": 33, "Inner Unique": true, "Plans": [{"Node Type": "Nested Loop", "Parent Relationship": "Outer", "Join Type": "Inner", "Startup Cost": 0.0, "Total Cost": 24506.1, "Plan Rows": 2, "Plan Width": 37, "Inner Unique": true, "Plans": [{"Node Type": "Nested Loop", "Parent Relationship": "Outer", "Join Type": "Inner", "Startup Cost": 0.0, "Total Cost": 24479.22, "Plan Rows": 5, "Plan Width": 25, "Inner Unique": true, "Plans": [{"Node Type": "Nested Loop", "Parent Relationship": "Outer", "Join Type": "Inner", "Startup Cost": 0.0, "Total Cost": 24477.12, "Plan Rows": 6, "Plan Width": 16, "Inner Unique": false, "Join Filter": "(ci.role_id = rt.id)", "Plans": [{"Node Type": "Index Scan", "Parent Relationship": "Outer", "Scan Direction": "Forward", "Index Name": "role_type_pkey", "Relation Name": "role_type", "Alias": "rt", "Startup Cost": 0.0, "Total Cost": 12.46, "Plan Rows": 1, "Plan Width": 4, "Filter": "((role)::text = 'actor'::text)"}, {"Node Type": "Nested Loop", "Parent Relationship": "Inner", "Join Type": "Inner", "Startup Cost": 0.0, "Total Cost": 24463.81, "Plan Rows": 68, "Plan Width": 20, "Inner Unique": false, "Plans": [{"Node Type": "Nested Loop", "Parent Relationship": "Outer", "Join Type": "Inner", "Startup Cost": 0.0, "Total Cost": 20719.49, "Plan Rows": 3779, "Plan Width": 8, "Inner Unique": false, "Plans": [{"Node Type": "Index Scan", "Parent Relationship": "Outer", "Scan Direction": "Forward", "Index Name": "company_name_pkey", "Relation Name": "company_name", "Alias": "cn", "Startup Cost": 0.0, "Total Cost": 10501.39, "Plan Rows": 251, "Plan Width": 4, "Filter": "((country_code)::text = '[ru]'::text)"}, {"Node Type": "Index Scan", "Parent Relationship": "Inner", "Scan Direction": "Forward", "Index Name": "company_id_movie_companies", "Relation Name": "movie_companies", "Alias": "mc", "Startup Cost": 0.0, "Total Cost": 40.56, "Plan Rows": 15, "Plan Width": 12, "Index Cond": "(company_id = cn.id)"}]}, {"Node Type": "Index Scan", "Parent Relationship": "Inner", "Scan Direction": "Forward", "Index Name": "movie_id_cast_info", "Relation Name": "cast_info", "Alias": "ci", "Startup Cost": 0.0, "Total Cost": 0.98, "Plan Rows": 1, "Plan Width": 12, "Index Cond": "(movie_id = mc.movie_id)", "Filter": "(((note)::text ~~ '%(voice)%'::text) AND ((note)::text ~~ '%(uncredited)%'::text))"}]}]}, {"Node Type": "Index Scan", "Parent Relationship": "Inner", "Scan Direction": "Forward", "Index Name": "title_pkey", "Relation Name": "title", "Alias": "t", "Startup Cost": 0.0, "Total Cost": 0.34, "Plan Rows": 1, "Plan Width": 21, "Index Cond": "(id = mc.movie_id)", "Filter": "(production_year > 2005)"}]}, {"Node Type": "Index Scan", "Parent Relationship": "Inner", "Scan Direction": "Forward", "Index Name": "char_name_pkey", "Relation Name": "char_name", "Alias": "chn", "Startup Cost": 0.0, "Total Cost": 5.37, "Plan Rows": 1, "Plan Width": 20, "Index Cond": "(id = ci.person_role_id)"}]}, {"Node Type": "Index Only Scan", "Parent Relationship": "Inner", "Scan Direction": "Forward", "Index Name": "company_type_pkey", "Relation Name": "company_type", "Alias": "ct", "Startup Cost": 0.0, "Total Cost": 0.27, "Plan Rows": 1, "Plan Width": 4, "Index Cond": "(id = mc.company_type_id)"}]}]}, "Unique SQL Id": 2933943827, "Planner Runtime": 10}, "explain_analyze_plan": {"Plan": {"Node Type": "Aggregate", "Strategy": "Plain", "Startup Cost": 24506.67, "Total Cost": 24506.68, "Plan Rows": 1, "Plan Width": 97, "Actual Startup Time": 1109.578, "Actual Total Time": 1109.578, "Actual Rows": 1, "Actual Loops": 1, "Plans": [{"Node Type": "Nested Loop", "Parent Relationship": "Outer", "Join Type": "Inner", "Startup Cost": 0.0, "Total Cost": 24506.66, "Plan Rows": 2, "Plan Width": 33, "Actual Startup Time": 29.393, "Actual Total Time": 1109.498, "Actual Rows": 18, "Actual Loops": 1, "Inner Unique": true, "Plans": [{"Node Type": "Nested Loop", "Parent Relationship": "Outer", "Join Type": "Inner", "Startup Cost": 0.0, "Total Cost": 24506.1, "Plan Rows": 2, "Plan Width": 37, "Actual Startup Time": 22.505, "Actual Total Time": 1109.156, "Actual Rows": 104, "Actual Loops": 1, "Inner Unique": true, "Plans": [{"Node Type": "Nested Loop", "Parent Relationship": "Outer", "Join Type": "Inner", "Startup Cost": 0.0, "Total Cost": 24479.22, "Plan Rows": 5, "Plan Width": 25, "Actual Startup Time": 22.492, "Actual Total Time": 1108.078, "Actual Rows": 112, "Actual Loops": 1, "Inner Unique": true, "Plans": [{"Node Type": "Nested Loop", "Parent Relationship": "Outer", "Join Type": "Inner", "Startup Cost": 0.0, "Total Cost": 24477.12, "Plan Rows": 6, "Plan Width": 16, "Actual Startup Time": 6.312, "Actual Total Time": 1105.702, "Actual Rows": 275, "Actual Loops": 1, "Inner Unique": false, "Join Filter": "(ci.role_id = rt.id)", "Rows Removed by Join Filter": 102, "Plans": [{"Node Type": "Index Scan", "Parent Relationship": "Outer", "Scan Direction": "Forward", "Index Name": "role_type_pkey", "Relation Name": "role_type", "Alias": "rt", "Startup Cost": 0.0, "Total Cost": 12.46, "Plan Rows": 1, "Plan Width": 4, "Actual Startup Time": 0.019, "Actual Total Time": 0.032, "Actual Rows": 1, "Actual Loops": 1, "Filter": "((role)::text = 'actor'::text)", "Rows Removed by Filter": 11}, {"Node Type": "Nested Loop", "Parent Relationship": "Inner", "Join Type": "Inner", "Startup Cost": 0.0, "Total Cost": 24463.81, "Plan Rows": 68, "Plan Width": 20, "Actual Startup Time": 6.284, "Actual Total Time": 1105.39, "Actual Rows": 377, "Actual Loops": 1, "Inner Unique": false, "Plans": [{"Node Type": "Nested Loop", "Parent Relationship": "Outer", "Join Type": "Inner", "Startup Cost": 0.0, "Total Cost": 20719.49, "Plan Rows": 3779, "Plan Width": 8, "Actual Startup Time": 0.444, "Actual Total Time": 336.747, "Actual Rows": 8790, "Actual Loops": 1, "Inner Unique": false, "Plans": [{"Node Type": "Index Scan", "Parent Relationship": "Outer", "Scan Direction": "Forward", "Index Name": "company_name_pkey", "Relation Name": "company_name", "Alias": "cn", "Startup Cost": 0.0, "Total Cost": 10501.39, "Plan Rows": 251, "Plan Width": 4, "Actual Startup Time": 0.43, "Actual Total Time": 312.872, "Actual Rows": 1361, "Actual Loops": 1, "Filter": "((country_code)::text = '[ru]'::text)", "Rows Removed by Filter": 233635}, {"Node Type": "Index Scan", "Parent Relationship": "Inner", "Scan Direction": "Forward", "Index Name": "company_id_movie_companies", "Relation Name": "movie_companies", "Alias": "mc", "Startup Cost": 0.0, "Total Cost": 40.56, "Plan Rows": 15, "Plan Width": 12, "Actual Startup Time": 8.429, "Actual Total Time": 20.182, "Actual Rows": 8790, "Actual Loops": 1361, "Index Cond": "(company_id = cn.id)", "Rows Removed by Index Recheck": 0}]}, {"Node Type": "Index Scan", "Parent Relationship": "Inner", "Scan Direction": "Forward", "Index Name": "movie_id_cast_info", "Relation Name": "cast_info", "Alias": "ci", "Startup Cost": 0.0, "Total Cost": 0.98, "Plan Rows": 1, "Plan Width": 12, "Actual Startup Time": 717.855, "Actual Total Time": 762.941, "Actual Rows": 377, "Actual Loops": 8790, "Index Cond": "(movie_id = mc.movie_id)", "Rows Removed by Index Recheck": 0, "Filter": "(((note)::text ~~ '%(voice)%'::text) AND ((note)::text ~~ '%(uncredited)%'::text))", "Rows Removed by Filter": 408168}]}]}, {"Node Type": "Index Scan", "Parent Relationship": "Inner", "Scan Direction": "Forward", "Index Name": "title_pkey", "Relation Name": "title", "Alias": "t", "Startup Cost": 0.0, "Total Cost": 0.34, "Plan Rows": 1, "Plan Width": 21, "Actual Startup Time": 1.933, "Actual Total Time": 1.933, "Actual Rows": 112, "Actual Loops": 275, "Index Cond": "(id = mc.movie_id)", "Rows Removed by Index Recheck": 0, "Filter": "(production_year > 2005)", "Rows Removed by Filter": 163}]}, {"Node Type": "Index Scan", "Parent Relationship": "Inner", "Scan Direction": "Forward", "Index Name": "char_name_pkey", "Relation Name": "char_name", "Alias": "chn", "Startup Cost": 0.0, "Total Cost": 5.37, "Plan Rows": 1, "Plan Width": 20, "Actual Startup Time": 0.818, "Actual Total Time": 0.818, "Actual Rows": 104, "Actual Loops": 112, "Index Cond": "(id = ci.person_role_id)", "Rows Removed by Index Recheck": 0}]}, {"Node Type": "Index Only Scan", "Parent Relationship": "Inner", "Scan Direction": "Forward", "Index Name": "company_type_pkey", "Relation Name": "company_type", "Alias": "ct", "Startup Cost": 0.0, "Total Cost": 0.27, "Plan Rows": 1, "Plan Width": 4, "Actual Startup Time": 0.182, "Actual Total Time": 0.182, "Actual Rows": 18, "Actual Loops": 104, "Index Cond": "(id = mc.company_type_id)", "Rows Removed by Index Recheck": 0, "Heap Fetches": 0}]}]}, "Triggers": [], "Planner Runtime": 3, "Total Runtime": 1109.893, "Unique SQL Id": 2933943827}}, "(1, 18)": {"explain_plan": {"Plan": {"Node Type": "Aggregate", "Strategy": "Plain", "Startup Cost": 38342.48, "Total Cost": 38342.49, "Plan Rows": 1, "Plan Width": 97, "Plans": [{"Node Type": "Nested Loop", "Parent Relationship": "Outer", "Join Type": "Inner", "Startup Cost": 7.4, "Total Cost": 38342.47, "Plan Rows": 2, "Plan Width": 33, "Inner Unique": false, "Join Filter": "(mc.company_type_id = ct.id)", "Plans": [{"Node Type": "Seq Scan", "Parent Relationship": "Outer", "Relation Name": "company_type", "Alias": "ct", "Startup Cost": 0.0, "Total Cost": 1.03, "Plan Rows": 3, "Plan Width": 4}, {"Node Type": "Materialize", "Parent Relationship": "Inner", "Startup Cost": 7.4, "Total Cost": 38341.35, "Plan Rows": 2, "Plan Width": 37, "Plans": [{"Node Type": "Nested Loop", "Parent Relationship": "Outer", "Join Type": "Inner", "Startup Cost": 7.4, "Total Cost": 38341.34, "Plan Rows": 2, "Plan Width": 37, "Inner Unique": true, "Plans": [{"Node Type": "Nested Loop", "Parent Relationship": "Outer", "Join Type": "Inner", "Startup Cost": 7.13, "Total Cost": 38328.45, "Plan Rows": 3, "Plan Width": 28, "Inner Unique": true, "Plans": [{"Node Type": "Nested Loop", "Parent Relationship": "Outer", "Join Type": "Inner", "Startup Cost": 4.83, "Total Cost": 38290.52, "Plan Rows": 6, "Plan Width": 16, "Inner Unique": false, "Join Filter": "(ci.role_id = rt.id)", "Plans": [{"Node Type": "Seq Scan", "Parent Relationship": "Outer", "Relation Name": "role_type", "Alias": "rt", "Startup Cost": 0.0, "Total Cost": 1.15, "Plan Rows": 1, "Plan Width": 4, "Filter": "((role)::text = 'actor'::text)"}, {"Node Type": "Nested Loop", "Parent Relationship": "Inner", "Join Type": "Inner", "Startup Cost": 4.83, "Total Cost": 38288.52, "Plan Rows": 68, "Plan Width": 20, "Inner Unique": false, "Plans": [{"Node Type": "Nested Loop", "Parent Relationship": "Outer", "Join Type": "Inner", "Startup Cost": 4.32, "Total Cost": 20813.55, "Plan Rows": 3779, "Plan Width": 8, "Inner Unique": false, "Plans": [{"Node Type": "Seq Scan", "Parent Relationship": "Outer", "Relation Name": "company_name", "Alias": "cn", "Startup Cost": 0.0, "Total Cost": 5903.45, "Plan Rows": 251, "Plan Width": 4, "Filter": "((country_code)::text = '[ru]'::text)"}, {"Node Type": "Bitmap Heap Scan", "Parent Relationship": "Inner", "Relation Name": "movie_companies", "Alias": "mc", "Startup Cost": 4.32, "Total Cost": 59.25, "Plan Rows": 15, "Plan Width": 12, "Recheck Cond": "(company_id = cn.id)", "Plans": [{"Node Type": "Bitmap Index Scan", "Parent Relationship": "Outer", "Index Name": "company_id_movie_companies", "Startup Cost": 0.0, "Total Cost": 4.31, "Plan Rows": 15, "Plan Width": 0, "Index Cond": "(company_id = cn.id)"}]}]}, {"Node Type": "Bitmap Heap Scan", "Parent Relationship": "Inner", "Relation Name": "cast_info", "Alias": "ci", "Startup Cost": 0.51, "Total Cost": 4.61, "Plan Rows": 1, "Plan Width": 12, "Recheck Cond": "(movie_id = mc.movie_id)", "Filter": "(((note)::text ~~ '%(voice)%'::text) AND ((note)::text ~~ '%(uncredited)%'::text))", "Plans": [{"Node Type": "Bitmap Index Scan", "Parent Relationship": "Outer", "Index Name": "movie_id_cast_info", "Startup Cost": 0.0, "Total Cost": 0.51, "Plan Rows": 6, "Plan Width": 0, "Index Cond": "(movie_id = mc.movie_id)"}]}]}]}, {"Node Type": "Bitmap Heap Scan", "Parent Relationship": "Inner", "Relation Name": "char_name", "Alias": "chn", "Startup Cost": 2.3, "Total Cost": 6.31, "Plan Rows": 1, "Plan Width": 20, "Recheck Cond": "(id = ci.person_role_id)", "Plans": [{"Node Type": "Bitmap Index Scan", "Parent Relationship": "Outer", "Index Name": "char_name_pkey", "Startup Cost": 0.0, "Total Cost": 2.3, "Plan Rows": 1, "Plan Width": 0, "Index Cond": "(id = ci.person_role_id)"}]}]}, {"Node Type": "Bitmap Heap Scan", "Parent Relationship": "Inner", "Relation Name": "title", "Alias": "t", "Startup Cost": 0.27, "Total Cost": 4.29, "Plan Rows": 1, "Plan Width": 21, "Recheck Cond": "(id = mc.movie_id)", "Filter": "(production_year > 2005)", "Plans": [{"Node Type": "Bitmap Index Scan", "Parent Relationship": "Outer", "Index Name": "title_pkey", "Startup Cost": 0.0, "Total Cost": 0.27, "Plan Rows": 1, "Plan Width": 0, "Index Cond": "(id = mc.movie_id)"}]}]}]}]}]}, "Unique SQL Id": 2933943827, "Planner Runtime": 10}, "explain_analyze_plan": {"Plan": {"Node Type": "Aggregate", "Strategy": "Plain", "Startup Cost": 38342.48, "Total Cost": 38342.49, "Plan Rows": 1, "Plan Width": 97, "Actual Startup Time": 1051.606, "Actual Total Time": 1051.606, "Actual Rows": 1, "Actual Loops": 1, "Plans": [{"Node Type": "Nested Loop", "Parent Relationship": "Outer", "Join Type": "Inner", "Startup Cost": 7.4, "Total Cost": 38342.47, "Plan Rows": 2, "Plan Width": 33, "Actual Startup Time": 61.331, "Actual Total Time": 1051.524, "Actual Rows": 18, "Actual Loops": 1, "Inner Unique": false, "Join Filter": "(mc.company_type_id = ct.id)", "Rows Removed by Join Filter": 294, "Plans": [{"Node Type": "Seq Scan", "Parent Relationship": "Outer", "Relation Name": "company_type", "Alias": "ct", "Startup Cost": 0.0, "Total Cost": 1.03, "Plan Rows": 3, "Plan Width": 4, "Actual Startup Time": 0.013, "Actual Total Time": 0.015, "Actual Rows": 3, "Actual Loops": 1}, {"Node Type": "Materialize", "Parent Relationship": "Inner", "Startup Cost": 7.4, "Total Cost": 38341.35, "Plan Rows": 2, "Plan Width": 37, "Actual Startup Time": 12.803, "Actual Total Time": 1051.351, "Actual Rows": 312, "Actual Loops": 3, "Plans": [{"Node Type": "Nested Loop", "Parent Relationship": "Outer", "Join Type": "Inner", "Startup Cost": 7.4, "Total Cost": 38341.34, "Plan Rows": 2, "Plan Width": 37, "Actual Startup Time": 12.796, "Actual Total Time": 1051.168, "Actual Rows": 104, "Actual Loops": 1, "Inner Unique": true, "Plans": [{"Node Type": "Nested Loop", "Parent Relationship": "Outer", "Join Type": "Inner", "Startup Cost": 7.13, "Total Cost": 38328.45, "Plan Rows": 3, "Plan Width": 28, "Actual Startup Time": 1.092, "Actual Total Time": 1048.264, "Actual Rows": 265, "Actual Loops": 1, "Inner Unique": true, "Plans": [{"Node Type": "Nested Loop", "Parent Relationship": "Outer", "Join Type": "Inner", "Startup Cost": 4.83, "Total Cost": 38290.52, "Plan Rows": 6, "Plan Width": 16, "Actual Startup Time": 1.074, "Actual Total Time": 1039.87, "Actual Rows": 275, "Actual Loops": 1, "Inner Unique": false, "Join Filter": "(ci.role_id = rt.id)", "Rows Removed by Join Filter": 102, "Plans": [{"Node Type": "Seq Scan", "Parent Relationship": "Outer", "Relation Name": "role_type", "Alias": "rt", "Startup Cost": 0.0, "Total Cost": 1.15, "Plan Rows": 1, "Plan Width": 4, "Actual Startup Time": 0.011, "Actual Total Time": 0.017, "Actual Rows": 1, "Actual Loops": 1, "Filter": "((role)::text = 'actor'::text)", "Rows Removed by Filter": 11}, {"Node Type": "Nested Loop", "Parent Relationship": "Inner", "Join Type": "Inner", "Startup Cost": 4.83, "Total Cost": 38288.52, "Plan Rows": 68, "Plan Width": 20, "Actual Startup Time": 1.053, "Actual Total Time": 1039.552, "Actual Rows": 377, "Actual Loops": 1, "Inner Unique": false, "Plans": [{"Node Type": "Nested Loop", "Parent Relationship": "Outer", "Join Type": "Inner", "Startup Cost": 4.32, "Total Cost": 20813.55, "Plan Rows": 3779, "Plan Width": 8, "Actual Startup Time": 0.076, "Actual Total Time": 113.43, "Actual Rows": 8790, "Actual Loops": 1, "Inner Unique": false, "Plans": [{"Node Type": "Seq Scan", "Parent Relationship": "Outer", "Relation Name": "company_name", "Alias": "cn", "Startup Cost": 0.0, "Total Cost": 5903.45, "Plan Rows": 251, "Plan Width": 4, "Actual Startup Time": 0.037, "Actual Total Time": 82.281, "Actual Rows": 1361, "Actual Loops": 1, "Filter": "((country_code)::text = '[ru]'::text)", "Rows Removed by Filter": 233635}, {"Node Type": "Bitmap Heap Scan", "Parent Relationship": "Inner", "Relation Name": "movie_companies", "Alias": "mc", "Startup Cost": 4.32, "Total Cost": 59.25, "Plan Rows": 15, "Plan Width": 12, "Actual Startup Time": 13.444, "Actual Total Time": 26.33, "Actual Rows": 8790, "Actual Loops": 1361, "Recheck Cond": "(company_id = cn.id)", "Rows Removed by Index Recheck": 0, "Exact Heap Blocks": 7155, "Lossy Heap Blocks": 7155, "Plans": [{"Node Type": "Bitmap Index Scan", "Parent Relationship": "Outer", "Index Name": "company_id_movie_companies", "Startup Cost": 0.0, "Total Cost": 4.31, "Plan Rows": 15, "Plan Width": 0, "Actual Startup Time": 8.375, "Actual Total Time": 8.375, "Actual Rows": 8790, "Actual Loops": 1361, "Index Cond": "(company_id = cn.id)"}]}]}, {"Node Type": "Bitmap Heap Scan", "Parent Relationship": "Inner", "Relation Name": "cast_info", "Alias": "ci", "Startup Cost": 0.51, "Total Cost": 4.61, "Plan Rows": 1, "Plan Width": 12, "Actual Startup Time": 862.141, "Actual Total Time": 909.97, "Actual Rows": 377, "Actual Loops": 8790, "Recheck Cond": "(movie_id = mc.movie_id)", "Rows Removed by Index Recheck": 0, "Filter": "(((note)::text ~~ '%(voice)%'::text) AND ((note)::text ~~ '%(uncredited)%'::text))", "Rows Removed by Filter": 408168, "Exact Heap Blocks": 397651, "Lossy Heap Blocks": 397651, "Plans": [{"Node Type": "Bitmap Index Scan", "Parent Relationship": "Outer", "Index Name": "movie_id_cast_info", "Startup Cost": 0.0, "Total Cost": 0.51, "Plan Rows": 6, "Plan Width": 0, "Actual Startup Time": 120.878, "Actual Total Time": 120.878, "Actual Rows": 408545, "Actual Loops": 8790, "Index Cond": "(movie_id = mc.movie_id)"}]}]}]}, {"Node Type": "Bitmap Heap Scan", "Parent Relationship": "Inner", "Relation Name": "char_name", "Alias": "chn", "Startup Cost": 2.3, "Total Cost": 6.31, "Plan Rows": 1, "Plan Width": 20, "Actual Startup Time": 7.588, "Actual Total Time": 7.588, "Actual Rows": 265, "Actual Loops": 275, "Recheck Cond": "(id = ci.person_role_id)", "Rows Removed by Index Recheck": 0, "Exact Heap Blocks": 265, "Lossy Heap Blocks": 265, "Plans": [{"Node Type": "Bitmap Index Scan", "Parent Relationship": "Outer", "Index Name": "char_name_pkey", "Startup Cost": 0.0, "Total Cost": 2.3, "Plan Rows": 1, "Plan Width": 0, "Actual Startup Time": 4.854, "Actual Total Time": 4.854, "Actual Rows": 265, "Actual Loops": 275, "Index Cond": "(id = ci.person_role_id)"}]}]}, {"Node Type": "Bitmap Heap Scan", "Parent Relationship": "Inner", "Relation Name": "title", "Alias": "t", "Startup Cost": 0.27, "Total Cost": 4.29, "Plan Rows": 1, "Plan Width": 21, "Actual Startup Time": 2.217, "Actual Total Time": 2.217, "Actual Rows": 104, "Actual Loops": 265, "Recheck Cond": "(id = mc.movie_id)", "Rows Removed by Index Recheck": 0, "Filter": "(production_year > 2005)", "Rows Removed by Filter": 161, "Exact Heap Blocks": 265, "Lossy Heap Blocks": 265, "Plans": [{"Node Type": "Bitmap Index Scan", "Parent Relationship": "Outer", "Index Name": "title_pkey", "Startup Cost": 0.0, "Total Cost": 0.27, "Plan Rows": 1, "Plan Width": 0, "Actual Startup Time": 1.362, "Actual Total Time": 1.362, "Actual Rows": 265, "Actual Loops": 265, "Index Cond": "(id = mc.movie_id)"}]}]}]}]}]}, "Triggers": [], "Planner Runtime": 4, "Total Runtime": 1051.978, "Unique SQL Id": 2933943827}}, "(1, 19)": {"explain_plan": {"Plan": {"Node Type": "Aggregate", "Strategy": "Plain", "Startup Cost": 1000020511889.56, "Total Cost": 1000020511889.57, "Plan Rows": 1, "Plan Width": 97, "Plans": [{"Node Type": "Nested Loop", "Parent Relationship": "Outer", "Join Type": "Inner", "Startup Cost": 10000000003.85, "Total Cost": 1000020511889.55, "Plan Rows": 2, "Plan Width": 33, "Inner Unique": true, "Plans": [{"Node Type": "Nested Loop", "Parent Relationship": "Outer", "Join Type": "Inner", "Startup Cost": 10000000003.6, "Total Cost": 1000020511880.99, "Plan Rows": 2, "Plan Width": 37, "Inner Unique": true, "Plans": [{"Node Type": "Nested Loop", "Parent Relationship": "Outer", "Join Type": "Inner", "Startup Cost": 10000000003.32, "Total Cost": 1000020511868.1, "Plan Rows": 3, "Plan Width": 28, "Inner Unique": true, "Plans": [{"Node Type": "Nested Loop", "Parent Relationship": "Outer", "Join Type": "Inner", "Startup Cost": 10000000001.03, "Total Cost": 1000020511830.17, "Plan Rows": 6, "Plan Width": 16, "Inner Unique": true, "Plans": [{"Node Type": "Nested Loop", "Parent Relationship": "Outer", "Join Type": "Inner", "Startup Cost": 10000000000.77, "Total Cost": 1000020511538.92, "Plan Rows": 68, "Plan Width": 20, "Inner Unique": false, "Plans": [{"Node Type": "Nested Loop", "Parent Relationship": "Outer", "Join Type": "Inner", "Startup Cost": 10000000000.26, "Total Cost": 1000020494063.94, "Plan Rows": 3779, "Plan Width": 8, "Inner Unique": true, "Plans": [{"Node Type": "Index Scan", "Parent Relationship": "Outer", "Scan Direction": "Forward", "Index Name": "company_type_id_movie_companies", "Relation Name": "movie_companies", "Alias": "mc", "Startup Cost": 10000000000.0, "Total Cost": 1000009318217.0, "Plan Rows": 2609128, "Plan Width": 12}, {"Node Type": "Bitmap Heap Scan", "Parent Relationship": "Inner", "Relation Name": "company_name", "Alias": "cn", "Startup Cost": 0.26, "Total Cost": 4.27, "Plan Rows": 1, "Plan Width": 4, "Recheck Cond": "(id = mc.company_id)", "Filter": "((country_code)::text = '[ru]'::text)", "Plans": [{"Node Type": "Bitmap Index Scan", "Parent Relationship": "Outer", "Index Name": "company_name_pkey", "Startup Cost": 0.0, "Total Cost": 0.26, "Plan Rows": 1, "Plan Width": 0, "Index Cond": "(id = mc.company_id)"}]}]}, {"Node Type": "Bitmap Heap Scan", "Parent Relationship": "Inner", "Relation Name": "cast_info", "Alias": "ci", "Startup Cost": 0.51, "Total Cost": 4.61, "Plan Rows": 1, "Plan Width": 12, "Recheck Cond": "(movie_id = mc.movie_id)", "Filter": "(((note)::text ~~ '%(voice)%'::text) AND ((note)::text ~~ '%(uncredited)%'::text))", "Plans": [{"Node Type": "Bitmap Index Scan", "Parent Relationship": "Outer", "Index Name": "movie_id_cast_info", "Startup Cost": 0.0, "Total Cost": 0.51, "Plan Rows": 6, "Plan Width": 0, "Index Cond": "(movie_id = mc.movie_id)"}]}]}, {"Node Type": "Bitmap Heap Scan", "Parent Relationship": "Inner", "Relation Name": "role_type", "Alias": "rt", "Startup Cost": 0.26, "Total Cost": 4.27, "Plan Rows": 1, "Plan Width": 4, "Recheck Cond": "(id = ci.role_id)", "Filter": "((role)::text = 'actor'::text)", "Plans": [{"Node Type": "Bitmap Index Scan", "Parent Relationship": "Outer", "Index Name": "role_type_pkey", "Startup Cost": 0.0, "Total Cost": 0.26, "Plan Rows": 1, "Plan Width": 0, "Index Cond": "(id = ci.role_id)"}]}]}, {"Node Type": "Bitmap Heap Scan", "Parent Relationship": "Inner", "Relation Name": "char_name", "Alias": "chn", "Startup Cost": 2.3, "Total Cost": 6.31, "Plan Rows": 1, "Plan Width": 20, "Recheck Cond": "(id = ci.person_role_id)", "Plans": [{"Node Type": "Bitmap Index Scan", "Parent Relationship": "Outer", "Index Name": "char_name_pkey", "Startup Cost": 0.0, "Total Cost": 2.3, "Plan Rows": 1, "Plan Width": 0, "Index Cond": "(id = ci.person_role_id)"}]}]}, {"Node Type": "Bitmap Heap Scan", "Parent Relationship": "Inner", "Relation Name": "title", "Alias": "t", "Startup Cost": 0.27, "Total Cost": 4.29, "Plan Rows": 1, "Plan Width": 21, "Recheck Cond": "(id = mc.movie_id)", "Filter": "(production_year > 2005)", "Plans": [{"Node Type": "Bitmap Index Scan", "Parent Relationship": "Outer", "Index Name": "title_pkey", "Startup Cost": 0.0, "Total Cost": 0.27, "Plan Rows": 1, "Plan Width": 0, "Index Cond": "(id = mc.movie_id)"}]}]}, {"Node Type": "Bitmap Heap Scan", "Parent Relationship": "Inner", "Relation Name": "company_type", "Alias": "ct", "Startup Cost": 0.26, "Total Cost": 4.27, "Plan Rows": 1, "Plan Width": 4, "Recheck Cond": "(id = mc.company_type_id)", "Plans": [{"Node Type": "Bitmap Index Scan", "Parent Relationship": "Outer", "Index Name": "company_type_pkey", "Startup Cost": 0.0, "Total Cost": 0.26, "Plan Rows": 1, "Plan Width": 0, "Index Cond": "(id = mc.company_type_id)"}]}]}]}, "Unique SQL Id": 2933943827, "Planner Runtime": 6}, "explain_analyze_plan": null}, "(1, 20)": {"explain_plan": {"Plan": {"Node Type": "Aggregate", "Strategy": "Plain", "Startup Cost": 19897.43, "Total Cost": 19897.44, "Plan Rows": 1, "Plan Width": 97, "Plans": [{"Node Type": "Nested Loop", "Parent Relationship": "Outer", "Join Type": "Inner", "Startup Cost": 0.0, "Total Cost": 19897.42, "Plan Rows": 2, "Plan Width": 33, "Inner Unique": true, "Plans": [{"Node Type": "Nested Loop", "Parent Relationship": "Outer", "Join Type": "Inner", "Startup Cost": 0.0, "Total Cost": 19896.86, "Plan Rows": 2, "Plan Width": 37, "Inner Unique": true, "Plans": [{"Node Type": "Nested Loop", "Parent Relationship": "Outer", "Join Type": "Inner", "Startup Cost": 0.0, "Total Cost": 19869.97, "Plan Rows": 5, "Plan Width": 25, "Inner Unique": true, "Plans": [{"Node Type": "Nested Loop", "Parent Relationship": "Outer", "Join Type": "Inner", "Startup Cost": 0.0, "Total Cost": 19867.87, "Plan Rows": 6, "Plan Width": 16, "Inner Unique": false, "Join Filter": "(ci.role_id = rt.id)", "Plans": [{"Node Type": "Seq Scan", "Parent Relationship": "Outer", "Relation Name": "role_type", "Alias": "rt", "Startup Cost": 0.0, "Total Cost": 1.15, "Plan Rows": 1, "Plan Width": 4, "Filter": "((role)::text = 'actor'::text)"}, {"Node Type": "Nested Loop", "Parent Relationship": "Inner", "Join Type": "Inner", "Startup Cost": 0.0, "Total Cost": 19865.87, "Plan Rows": 68, "Plan Width": 20, "Inner Unique": false, "Plans": [{"Node Type": "Nested Loop", "Parent Relationship": "Outer", "Join Type": "Inner", "Startup Cost": 0.0, "Total Cost": 16121.55, "Plan Rows": 3779, "Plan Width": 8, "Inner Unique": false, "Plans": [{"Node Type": "Seq Scan", "Parent Relationship": "Outer", "Relation Name": "company_name", "Alias": "cn", "Startup Cost": 0.0, "Total Cost": 5903.45, "Plan Rows": 251, "Plan Width": 4, "Filter": "((country_code)::text = '[ru]'::text)"}, {"Node Type": "Index Scan", "Parent Relationship": "Inner", "Scan Direction": "Forward", "Index Name": "company_id_movie_companies", "Relation Name": "movie_companies", "Alias": "mc", "Startup Cost": 0.0, "Total Cost": 40.56, "Plan Rows": 15, "Plan Width": 12, "Index Cond": "(company_id = cn.id)"}]}, {"Node Type": "Index Scan", "Parent Relationship": "Inner", "Scan Direction": "Forward", "Index Name": "movie_id_cast_info", "Relation Name": "cast_info", "Alias": "ci", "Startup Cost": 0.0, "Total Cost": 0.98, "Plan Rows": 1, "Plan Width": 12, "Index Cond": "(movie_id = mc.movie_id)", "Filter": "(((note)::text ~~ '%(voice)%'::text) AND ((note)::text ~~ '%(uncredited)%'::text))"}]}]}, {"Node Type": "Index Scan", "Parent Relationship": "Inner", "Scan Direction": "Forward", "Index Name": "title_pkey", "Relation Name": "title", "Alias": "t", "Startup Cost": 0.0, "Total Cost": 0.34, "Plan Rows": 1, "Plan Width": 21, "Index Cond": "(id = mc.movie_id)", "Filter": "(production_year > 2005)"}]}, {"Node Type": "Index Scan", "Parent Relationship": "Inner", "Scan Direction": "Forward", "Index Name": "char_name_pkey", "Relation Name": "char_name", "Alias": "chn", "Startup Cost": 0.0, "Total Cost": 5.37, "Plan Rows": 1, "Plan Width": 20, "Index Cond": "(id = ci.person_role_id)"}]}, {"Node Type": "Index Scan", "Parent Relationship": "Inner", "Scan Direction": "Forward", "Index Name": "company_type_pkey", "Relation Name": "company_type", "Alias": "ct", "Startup Cost": 0.0, "Total Cost": 0.27, "Plan Rows": 1, "Plan Width": 4, "Index Cond": "(id = mc.company_type_id)"}]}]}, "Unique SQL Id": 2933943827, "Planner Runtime": 11}, "explain_analyze_plan": {"Plan": {"Node Type": "Aggregate", "Strategy": "Plain", "Startup Cost": 19897.43, "Total Cost": 19897.44, "Plan Rows": 1, "Plan Width": 97, "Actual Startup Time": 796.295, "Actual Total Time": 796.296, "Actual Rows": 1, "Actual Loops": 1, "Plans": [{"Node Type": "Nested Loop", "Parent Relationship": "Outer", "Join Type": "Inner", "Startup Cost": 0.0, "Total Cost": 19897.42, "Plan Rows": 2, "Plan Width": 33, "Actual Startup Time": 40.923, "Actual Total Time": 796.105, "Actual Rows": 18, "Actual Loops": 1, "Inner Unique": true, "Plans": [{"Node Type": "Nested Loop", "Parent Relationship": "Outer", "Join Type": "Inner", "Startup Cost": 0.0, "Total Cost": 19896.86, "Plan Rows": 2, "Plan Width": 37, "Actual Startup Time": 8.52, "Actual Total Time": 795.8, "Actual Rows": 104, "Actual Loops": 1, "Inner Unique": true, "Plans": [{"Node Type": "Nested Loop", "Parent Relationship": "Outer", "Join Type": "Inner", "Startup Cost": 0.0, "Total Cost": 19869.97, "Plan Rows": 5, "Plan Width": 25, "Actual Startup Time": 8.511, "Actual Total Time": 794.891, "Actual Rows": 112, "Actual Loops": 1, "Inner Unique": true, "Plans": [{"Node Type": "Nested Loop", "Parent Relationship": "Outer", "Join Type": "Inner", "Startup Cost": 0.0, "Total Cost": 19867.87, "Plan Rows": 6, "Plan Width": 16, "Actual Startup Time": 0.755, "Actual Total Time": 792.762, "Actual Rows": 275, "Actual Loops": 1, "Inner Unique": false, "Join Filter": "(ci.role_id = rt.id)", "Rows Removed by Join Filter": 102, "Plans": [{"Node Type": "Seq Scan", "Parent Relationship": "Outer", "Relation Name": "role_type", "Alias": "rt", "Startup Cost": 0.0, "Total Cost": 1.15, "Plan Rows": 1, "Plan Width": 4, "Actual Startup Time": 0.021, "Actual Total Time": 0.03, "Actual Rows": 1, "Actual Loops": 1, "Filter": "((role)::text = 'actor'::text)", "Rows Removed by Filter": 11}, {"Node Type": "Nested Loop", "Parent Relationship": "Inner", "Join Type": "Inner", "Startup Cost": 0.0, "Total Cost": 19865.87, "Plan Rows": 68, "Plan Width": 20, "Actual Startup Time": 0.728, "Actual Total Time": 792.447, "Actual Rows": 377, "Actual Loops": 1, "Inner Unique": false, "Plans": [{"Node Type": "Nested Loop", "Parent Relationship": "Outer", "Join Type": "Inner", "Startup Cost": 0.0, "Total Cost": 16121.55, "Plan Rows": 3779, "Plan Width": 8, "Actual Startup Time": 0.052, "Actual Total Time": 108.67, "Actual Rows": 8790, "Actual Loops": 1, "Inner Unique": false, "Plans": [{"Node Type": "Seq Scan", "Parent Relationship": "Outer", "Relation Name": "company_name", "Alias": "cn", "Startup Cost": 0.0, "Total Cost": 5903.45, "Plan Rows": 251, "Plan Width": 4, "Actual Startup Time": 0.035, "Actual Total Time": 83.89, "Actual Rows": 1361, "Actual Loops": 1, "Filter": "((country_code)::text = '[ru]'::text)", "Rows Removed by Filter": 233635}, {"Node Type": "Index Scan", "Parent Relationship": "Inner", "Scan Direction": "Forward", "Index Name": "company_id_movie_companies", "Relation Name": "movie_companies", "Alias": "mc", "Startup Cost": 0.0, "Total Cost": 40.56, "Plan Rows": 15, "Plan Width": 12, "Actual Startup Time": 9.73, "Actual Total Time": 21.451, "Actual Rows": 8790, "Actual Loops": 1361, "Index Cond": "(company_id = cn.id)", "Rows Removed by Index Recheck": 0}]}, {"Node Type": "Index Scan", "Parent Relationship": "Inner", "Scan Direction": "Forward", "Index Name": "movie_id_cast_info", "Relation Name": "cast_info", "Alias": "ci", "Startup Cost": 0.0, "Total Cost": 0.98, "Plan Rows": 1, "Plan Width": 12, "Actual Startup Time": 640.813, "Actual Total Time": 678.501, "Actual Rows": 377, "Actual Loops": 8790, "Index Cond": "(movie_id = mc.movie_id)", "Rows Removed by Index Recheck": 0, "Filter": "(((note)::text ~~ '%(voice)%'::text) AND ((note)::text ~~ '%(uncredited)%'::text))", "Rows Removed by Filter": 408168}]}]}, {"Node Type": "Index Scan", "Parent Relationship": "Inner", "Scan Direction": "Forward", "Index Name": "title_pkey", "Relation Name": "title", "Alias": "t", "Startup Cost": 0.0, "Total Cost": 0.34, "Plan Rows": 1, "Plan Width": 21, "Actual Startup Time": 1.727, "Actual Total Time": 1.727, "Actual Rows": 112, "Actual Loops": 275, "Index Cond": "(id = mc.movie_id)", "Rows Removed by Index Recheck": 0, "Filter": "(production_year > 2005)", "Rows Removed by Filter": 163}]}, {"Node Type": "Index Scan", "Parent Relationship": "Inner", "Scan Direction": "Forward", "Index Name": "char_name_pkey", "Relation Name": "char_name", "Alias": "chn", "Startup Cost": 0.0, "Total Cost": 5.37, "Plan Rows": 1, "Plan Width": 20, "Actual Startup Time": 0.675, "Actual Total Time": 0.675, "Actual Rows": 104, "Actual Loops": 112, "Index Cond": "(id = ci.person_role_id)", "Rows Removed by Index Recheck": 0}]}, {"Node Type": "Index Scan", "Parent Relationship": "Inner", "Scan Direction": "Forward", "Index Name": "company_type_pkey", "Relation Name": "company_type", "Alias": "ct", "Startup Cost": 0.0, "Total Cost": 0.27, "Plan Rows": 1, "Plan Width": 4, "Actual Startup Time": 0.167, "Actual Total Time": 0.167, "Actual Rows": 18, "Actual Loops": 104, "Index Cond": "(id = mc.company_type_id)", "Rows Removed by Index Recheck": 0}]}]}, "Triggers": [], "Planner Runtime": 3, "Total Runtime": 796.669, "Unique SQL Id": 2933943827}}, "(1, 21)": {"explain_plan": {"Plan": {"Node Type": "Aggregate", "Strategy": "Plain", "Startup Cost": 24506.67, "Total Cost": 24506.68, "Plan Rows": 1, "Plan Width": 97, "Plans": [{"Node Type": "Nested Loop", "Parent Relationship": "Outer", "Join Type": "Inner", "Startup Cost": 0.0, "Total Cost": 24506.66, "Plan Rows": 2, "Plan Width": 33, "Inner Unique": true, "Plans": [{"Node Type": "Nested Loop", "Parent Relationship": "Outer", "Join Type": "Inner", "Startup Cost": 0.0, "Total Cost": 24506.1, "Plan Rows": 2, "Plan Width": 37, "Inner Unique": true, "Plans": [{"Node Type": "Nested Loop", "Parent Relationship": "Outer", "Join Type": "Inner", "Startup Cost": 0.0, "Total Cost": 24479.22, "Plan Rows": 5, "Plan Width": 25, "Inner Unique": true, "Plans": [{"Node Type": "Nested Loop", "Parent Relationship": "Outer", "Join Type": "Inner", "Startup Cost": 0.0, "Total Cost": 24477.12, "Plan Rows": 6, "Plan Width": 16, "Inner Unique": false, "Join Filter": "(ci.role_id = rt.id)", "Plans": [{"Node Type": "Index Scan", "Parent Relationship": "Outer", "Scan Direction": "Forward", "Index Name": "role_type_pkey", "Relation Name": "role_type", "Alias": "rt", "Startup Cost": 0.0, "Total Cost": 12.46, "Plan Rows": 1, "Plan Width": 4, "Filter": "((role)::text = 'actor'::text)"}, {"Node Type": "Nested Loop", "Parent Relationship": "Inner", "Join Type": "Inner", "Startup Cost": 0.0, "Total Cost": 24463.81, "Plan Rows": 68, "Plan Width": 20, "Inner Unique": false, "Plans": [{"Node Type": "Nested Loop", "Parent Relationship": "Outer", "Join Type": "Inner", "Startup Cost": 0.0, "Total Cost": 20719.49, "Plan Rows": 3779, "Plan Width": 8, "Inner Unique": false, "Plans": [{"Node Type": "Index Scan", "Parent Relationship": "Outer", "Scan Direction": "Forward", "Index Name": "company_name_pkey", "Relation Name": "company_name", "Alias": "cn", "Startup Cost": 0.0, "Total Cost": 10501.39, "Plan Rows": 251, "Plan Width": 4, "Filter": "((country_code)::text = '[ru]'::text)"}, {"Node Type": "Index Scan", "Parent Relationship": "Inner", "Scan Direction": "Forward", "Index Name": "company_id_movie_companies", "Relation Name": "movie_companies", "Alias": "mc", "Startup Cost": 0.0, "Total Cost": 40.56, "Plan Rows": 15, "Plan Width": 12, "Index Cond": "(company_id = cn.id)"}]}, {"Node Type": "Index Scan", "Parent Relationship": "Inner", "Scan Direction": "Forward", "Index Name": "movie_id_cast_info", "Relation Name": "cast_info", "Alias": "ci", "Startup Cost": 0.0, "Total Cost": 0.98, "Plan Rows": 1, "Plan Width": 12, "Index Cond": "(movie_id = mc.movie_id)", "Filter": "(((note)::text ~~ '%(voice)%'::text) AND ((note)::text ~~ '%(uncredited)%'::text))"}]}]}, {"Node Type": "Index Scan", "Parent Relationship": "Inner", "Scan Direction": "Forward", "Index Name": "title_pkey", "Relation Name": "title", "Alias": "t", "Startup Cost": 0.0, "Total Cost": 0.34, "Plan Rows": 1, "Plan Width": 21, "Index Cond": "(id = mc.movie_id)", "Filter": "(production_year > 2005)"}]}, {"Node Type": "Index Scan", "Parent Relationship": "Inner", "Scan Direction": "Forward", "Index Name": "char_name_pkey", "Relation Name": "char_name", "Alias": "chn", "Startup Cost": 0.0, "Total Cost": 5.37, "Plan Rows": 1, "Plan Width": 20, "Index Cond": "(id = ci.person_role_id)"}]}, {"Node Type": "Index Scan", "Parent Relationship": "Inner", "Scan Direction": "Forward", "Index Name": "company_type_pkey", "Relation Name": "company_type", "Alias": "ct", "Startup Cost": 0.0, "Total Cost": 0.27, "Plan Rows": 1, "Plan Width": 4, "Index Cond": "(id = mc.company_type_id)"}]}]}, "Unique SQL Id": 2933943827, "Planner Runtime": 10}, "explain_analyze_plan": {"Plan": {"Node Type": "Aggregate", "Strategy": "Plain", "Startup Cost": 24506.67, "Total Cost": 24506.68, "Plan Rows": 1, "Plan Width": 97, "Actual Startup Time": 1009.656, "Actual Total Time": 1009.657, "Actual Rows": 1, "Actual Loops": 1, "Plans": [{"Node Type": "Nested Loop", "Parent Relationship": "Outer", "Join Type": "Inner", "Startup Cost": 0.0, "Total Cost": 24506.66, "Plan Rows": 2, "Plan Width": 33, "Actual Startup Time": 28.604, "Actual Total Time": 1009.557, "Actual Rows": 18, "Actual Loops": 1, "Inner Unique": true, "Plans": [{"Node Type": "Nested Loop", "Parent Relationship": "Outer", "Join Type": "Inner", "Startup Cost": 0.0, "Total Cost": 24506.1, "Plan Rows": 2, "Plan Width": 37, "Actual Startup Time": 21.949, "Actual Total Time": 1009.273, "Actual Rows": 104, "Actual Loops": 1, "Inner Unique": true, "Plans": [{"Node Type": "Nested Loop", "Parent Relationship": "Outer", "Join Type": "Inner", "Startup Cost": 0.0, "Total Cost": 24479.22, "Plan Rows": 5, "Plan Width": 25, "Actual Startup Time": 21.938, "Actual Total Time": 1008.351, "Actual Rows": 112, "Actual Loops": 1, "Inner Unique": true, "Plans": [{"Node Type": "Nested Loop", "Parent Relationship": "Outer", "Join Type": "Inner", "Startup Cost": 0.0, "Total Cost": 24477.12, "Plan Rows": 6, "Plan Width": 16, "Actual Startup Time": 6.423, "Actual Total Time": 1006.191, "Actual Rows": 275, "Actual Loops": 1, "Inner Unique": false, "Join Filter": "(ci.role_id = rt.id)", "Rows Removed by Join Filter": 102, "Plans": [{"Node Type": "Index Scan", "Parent Relationship": "Outer", "Scan Direction": "Forward", "Index Name": "role_type_pkey", "Relation Name": "role_type", "Alias": "rt", "Startup Cost": 0.0, "Total Cost": 12.46, "Plan Rows": 1, "Plan Width": 4, "Actual Startup Time": 0.02, "Actual Total Time": 0.029, "Actual Rows": 1, "Actual Loops": 1, "Filter": "((role)::text = 'actor'::text)", "Rows Removed by Filter": 11}, {"Node Type": "Nested Loop", "Parent Relationship": "Inner", "Join Type": "Inner", "Startup Cost": 0.0, "Total Cost": 24463.81, "Plan Rows": 68, "Plan Width": 20, "Actual Startup Time": 6.388, "Actual Total Time": 1005.895, "Actual Rows": 377, "Actual Loops": 1, "Inner Unique": false, "Plans": [{"Node Type": "Nested Loop", "Parent Relationship": "Outer", "Join Type": "Inner", "Startup Cost": 0.0, "Total Cost": 20719.49, "Plan Rows": 3779, "Plan Width": 8, "Actual Startup Time": 0.45, "Actual Total Time": 322.76, "Actual Rows": 8790, "Actual Loops": 1, "Inner Unique": false, "Plans": [{"Node Type": "Index Scan", "Parent Relationship": "Outer", "Scan Direction": "Forward", "Index Name": "company_name_pkey", "Relation Name": "company_name", "Alias": "cn", "Startup Cost": 0.0, "Total Cost": 10501.39, "Plan Rows": 251, "Plan Width": 4, "Actual Startup Time": 0.436, "Actual Total Time": 299.925, "Actual Rows": 1361, "Actual Loops": 1, "Filter": "((country_code)::text = '[ru]'::text)", "Rows Removed by Filter": 233635}, {"Node Type": "Index Scan", "Parent Relationship": "Inner", "Scan Direction": "Forward", "Index Name": "company_id_movie_companies", "Relation Name": "movie_companies", "Alias": "mc", "Startup Cost": 0.0, "Total Cost": 40.56, "Plan Rows": 15, "Plan Width": 12, "Actual Startup Time": 8.119, "Actual Total Time": 19.34, "Actual Rows": 8790, "Actual Loops": 1361, "Index Cond": "(company_id = cn.id)", "Rows Removed by Index Recheck": 0}]}, {"Node Type": "Index Scan", "Parent Relationship": "Inner", "Scan Direction": "Forward", "Index Name": "movie_id_cast_info", "Relation Name": "cast_info", "Alias": "ci", "Startup Cost": 0.0, "Total Cost": 0.98, "Plan Rows": 1, "Plan Width": 12, "Actual Startup Time": 639.51, "Actual Total Time": 677.545, "Actual Rows": 377, "Actual Loops": 8790, "Index Cond": "(movie_id = mc.movie_id)", "Rows Removed by Index Recheck": 0, "Filter": "(((note)::text ~~ '%(voice)%'::text) AND ((note)::text ~~ '%(uncredited)%'::text))", "Rows Removed by Filter": 408168}]}]}, {"Node Type": "Index Scan", "Parent Relationship": "Inner", "Scan Direction": "Forward", "Index Name": "title_pkey", "Relation Name": "title", "Alias": "t", "Startup Cost": 0.0, "Total Cost": 0.34, "Plan Rows": 1, "Plan Width": 21, "Actual Startup Time": 1.746, "Actual Total Time": 1.746, "Actual Rows": 112, "Actual Loops": 275, "Index Cond": "(id = mc.movie_id)", "Rows Removed by Index Recheck": 0, "Filter": "(production_year > 2005)", "Rows Removed by Filter": 163}]}, {"Node Type": "Index Scan", "Parent Relationship": "Inner", "Scan Direction": "Forward", "Index Name": "char_name_pkey", "Relation Name": "char_name", "Alias": "chn", "Startup Cost": 0.0, "Total Cost": 5.37, "Plan Rows": 1, "Plan Width": 20, "Actual Startup Time": 0.688, "Actual Total Time": 0.688, "Actual Rows": 104, "Actual Loops": 112, "Index Cond": "(id = ci.person_role_id)", "Rows Removed by Index Recheck": 0}]}, {"Node Type": "Index Scan", "Parent Relationship": "Inner", "Scan Direction": "Forward", "Index Name": "company_type_pkey", "Relation Name": "company_type", "Alias": "ct", "Startup Cost": 0.0, "Total Cost": 0.27, "Plan Rows": 1, "Plan Width": 4, "Actual Startup Time": 0.148, "Actual Total Time": 0.148, "Actual Rows": 18, "Actual Loops": 104, "Index Cond": "(id = mc.company_type_id)", "Rows Removed by Index Recheck": 0}]}]}, "Triggers": [], "Planner Runtime": 3, "Total Runtime": 1010.002, "Unique SQL Id": 2933943827}}, "(1, 22)": {"explain_plan": {"Plan": {"Node Type": "Aggregate", "Strategy": "Plain", "Startup Cost": 38342.48, "Total Cost": 38342.49, "Plan Rows": 1, "Plan Width": 97, "Plans": [{"Node Type": "Nested Loop", "Parent Relationship": "Outer", "Join Type": "Inner", "Startup Cost": 7.4, "Total Cost": 38342.47, "Plan Rows": 2, "Plan Width": 33, "Inner Unique": false, "Join Filter": "(mc.company_type_id = ct.id)", "Plans": [{"Node Type": "Seq Scan", "Parent Relationship": "Outer", "Relation Name": "company_type", "Alias": "ct", "Startup Cost": 0.0, "Total Cost": 1.03, "Plan Rows": 3, "Plan Width": 4}, {"Node Type": "Materialize", "Parent Relationship": "Inner", "Startup Cost": 7.4, "Total Cost": 38341.35, "Plan Rows": 2, "Plan Width": 37, "Plans": [{"Node Type": "Nested Loop", "Parent Relationship": "Outer", "Join Type": "Inner", "Startup Cost": 7.4, "Total Cost": 38341.34, "Plan Rows": 2, "Plan Width": 37, "Inner Unique": true, "Plans": [{"Node Type": "Nested Loop", "Parent Relationship": "Outer", "Join Type": "Inner", "Startup Cost": 7.13, "Total Cost": 38328.45, "Plan Rows": 3, "Plan Width": 28, "Inner Unique": true, "Plans": [{"Node Type": "Nested Loop", "Parent Relationship": "Outer", "Join Type": "Inner", "Startup Cost": 4.83, "Total Cost": 38290.52, "Plan Rows": 6, "Plan Width": 16, "Inner Unique": false, "Join Filter": "(ci.role_id = rt.id)", "Plans": [{"Node Type": "Seq Scan", "Parent Relationship": "Outer", "Relation Name": "role_type", "Alias": "rt", "Startup Cost": 0.0, "Total Cost": 1.15, "Plan Rows": 1, "Plan Width": 4, "Filter": "((role)::text = 'actor'::text)"}, {"Node Type": "Nested Loop", "Parent Relationship": "Inner", "Join Type": "Inner", "Startup Cost": 4.83, "Total Cost": 38288.52, "Plan Rows": 68, "Plan Width": 20, "Inner Unique": false, "Plans": [{"Node Type": "Nested Loop", "Parent Relationship": "Outer", "Join Type": "Inner", "Startup Cost": 4.32, "Total Cost": 20813.55, "Plan Rows": 3779, "Plan Width": 8, "Inner Unique": false, "Plans": [{"Node Type": "Seq Scan", "Parent Relationship": "Outer", "Relation Name": "company_name", "Alias": "cn", "Startup Cost": 0.0, "Total Cost": 5903.45, "Plan Rows": 251, "Plan Width": 4, "Filter": "((country_code)::text = '[ru]'::text)"}, {"Node Type": "Bitmap Heap Scan", "Parent Relationship": "Inner", "Relation Name": "movie_companies", "Alias": "mc", "Startup Cost": 4.32, "Total Cost": 59.25, "Plan Rows": 15, "Plan Width": 12, "Recheck Cond": "(company_id = cn.id)", "Plans": [{"Node Type": "Bitmap Index Scan", "Parent Relationship": "Outer", "Index Name": "company_id_movie_companies", "Startup Cost": 0.0, "Total Cost": 4.31, "Plan Rows": 15, "Plan Width": 0, "Index Cond": "(company_id = cn.id)"}]}]}, {"Node Type": "Bitmap Heap Scan", "Parent Relationship": "Inner", "Relation Name": "cast_info", "Alias": "ci", "Startup Cost": 0.51, "Total Cost": 4.61, "Plan Rows": 1, "Plan Width": 12, "Recheck Cond": "(movie_id = mc.movie_id)", "Filter": "(((note)::text ~~ '%(voice)%'::text) AND ((note)::text ~~ '%(uncredited)%'::text))", "Plans": [{"Node Type": "Bitmap Index Scan", "Parent Relationship": "Outer", "Index Name": "movie_id_cast_info", "Startup Cost": 0.0, "Total Cost": 0.51, "Plan Rows": 6, "Plan Width": 0, "Index Cond": "(movie_id = mc.movie_id)"}]}]}]}, {"Node Type": "Bitmap Heap Scan", "Parent Relationship": "Inner", "Relation Name": "char_name", "Alias": "chn", "Startup Cost": 2.3, "Total Cost": 6.31, "Plan Rows": 1, "Plan Width": 20, "Recheck Cond": "(id = ci.person_role_id)", "Plans": [{"Node Type": "Bitmap Index Scan", "Parent Relationship": "Outer", "Index Name": "char_name_pkey", "Startup Cost": 0.0, "Total Cost": 2.3, "Plan Rows": 1, "Plan Width": 0, "Index Cond": "(id = ci.person_role_id)"}]}]}, {"Node Type": "Bitmap Heap Scan", "Parent Relationship": "Inner", "Relation Name": "title", "Alias": "t", "Startup Cost": 0.27, "Total Cost": 4.29, "Plan Rows": 1, "Plan Width": 21, "Recheck Cond": "(id = mc.movie_id)", "Filter": "(production_year > 2005)", "Plans": [{"Node Type": "Bitmap Index Scan", "Parent Relationship": "Outer", "Index Name": "title_pkey", "Startup Cost": 0.0, "Total Cost": 0.27, "Plan Rows": 1, "Plan Width": 0, "Index Cond": "(id = mc.movie_id)"}]}]}]}]}]}, "Unique SQL Id": 2933943827, "Planner Runtime": 10}, "explain_analyze_plan": {"Plan": {"Node Type": "Aggregate", "Strategy": "Plain", "Startup Cost": 38342.48, "Total Cost": 38342.49, "Plan Rows": 1, "Plan Width": 97, "Actual Startup Time": 1051.606, "Actual Total Time": 1051.606, "Actual Rows": 1, "Actual Loops": 1, "Plans": [{"Node Type": "Nested Loop", "Parent Relationship": "Outer", "Join Type": "Inner", "Startup Cost": 7.4, "Total Cost": 38342.47, "Plan Rows": 2, "Plan Width": 33, "Actual Startup Time": 61.331, "Actual Total Time": 1051.524, "Actual Rows": 18, "Actual Loops": 1, "Inner Unique": false, "Join Filter": "(mc.company_type_id = ct.id)", "Rows Removed by Join Filter": 294, "Plans": [{"Node Type": "Seq Scan", "Parent Relationship": "Outer", "Relation Name": "company_type", "Alias": "ct", "Startup Cost": 0.0, "Total Cost": 1.03, "Plan Rows": 3, "Plan Width": 4, "Actual Startup Time": 0.013, "Actual Total Time": 0.015, "Actual Rows": 3, "Actual Loops": 1}, {"Node Type": "Materialize", "Parent Relationship": "Inner", "Startup Cost": 7.4, "Total Cost": 38341.35, "Plan Rows": 2, "Plan Width": 37, "Actual Startup Time": 12.803, "Actual Total Time": 1051.351, "Actual Rows": 312, "Actual Loops": 3, "Plans": [{"Node Type": "Nested Loop", "Parent Relationship": "Outer", "Join Type": "Inner", "Startup Cost": 7.4, "Total Cost": 38341.34, "Plan Rows": 2, "Plan Width": 37, "Actual Startup Time": 12.796, "Actual Total Time": 1051.168, "Actual Rows": 104, "Actual Loops": 1, "Inner Unique": true, "Plans": [{"Node Type": "Nested Loop", "Parent Relationship": "Outer", "Join Type": "Inner", "Startup Cost": 7.13, "Total Cost": 38328.45, "Plan Rows": 3, "Plan Width": 28, "Actual Startup Time": 1.092, "Actual Total Time": 1048.264, "Actual Rows": 265, "Actual Loops": 1, "Inner Unique": true, "Plans": [{"Node Type": "Nested Loop", "Parent Relationship": "Outer", "Join Type": "Inner", "Startup Cost": 4.83, "Total Cost": 38290.52, "Plan Rows": 6, "Plan Width": 16, "Actual Startup Time": 1.074, "Actual Total Time": 1039.87, "Actual Rows": 275, "Actual Loops": 1, "Inner Unique": false, "Join Filter": "(ci.role_id = rt.id)", "Rows Removed by Join Filter": 102, "Plans": [{"Node Type": "Seq Scan", "Parent Relationship": "Outer", "Relation Name": "role_type", "Alias": "rt", "Startup Cost": 0.0, "Total Cost": 1.15, "Plan Rows": 1, "Plan Width": 4, "Actual Startup Time": 0.011, "Actual Total Time": 0.017, "Actual Rows": 1, "Actual Loops": 1, "Filter": "((role)::text = 'actor'::text)", "Rows Removed by Filter": 11}, {"Node Type": "Nested Loop", "Parent Relationship": "Inner", "Join Type": "Inner", "Startup Cost": 4.83, "Total Cost": 38288.52, "Plan Rows": 68, "Plan Width": 20, "Actual Startup Time": 1.053, "Actual Total Time": 1039.552, "Actual Rows": 377, "Actual Loops": 1, "Inner Unique": false, "Plans": [{"Node Type": "Nested Loop", "Parent Relationship": "Outer", "Join Type": "Inner", "Startup Cost": 4.32, "Total Cost": 20813.55, "Plan Rows": 3779, "Plan Width": 8, "Actual Startup Time": 0.076, "Actual Total Time": 113.43, "Actual Rows": 8790, "Actual Loops": 1, "Inner Unique": false, "Plans": [{"Node Type": "Seq Scan", "Parent Relationship": "Outer", "Relation Name": "company_name", "Alias": "cn", "Startup Cost": 0.0, "Total Cost": 5903.45, "Plan Rows": 251, "Plan Width": 4, "Actual Startup Time": 0.037, "Actual Total Time": 82.281, "Actual Rows": 1361, "Actual Loops": 1, "Filter": "((country_code)::text = '[ru]'::text)", "Rows Removed by Filter": 233635}, {"Node Type": "Bitmap Heap Scan", "Parent Relationship": "Inner", "Relation Name": "movie_companies", "Alias": "mc", "Startup Cost": 4.32, "Total Cost": 59.25, "Plan Rows": 15, "Plan Width": 12, "Actual Startup Time": 13.444, "Actual Total Time": 26.33, "Actual Rows": 8790, "Actual Loops": 1361, "Recheck Cond": "(company_id = cn.id)", "Rows Removed by Index Recheck": 0, "Exact Heap Blocks": 7155, "Lossy Heap Blocks": 7155, "Plans": [{"Node Type": "Bitmap Index Scan", "Parent Relationship": "Outer", "Index Name": "company_id_movie_companies", "Startup Cost": 0.0, "Total Cost": 4.31, "Plan Rows": 15, "Plan Width": 0, "Actual Startup Time": 8.375, "Actual Total Time": 8.375, "Actual Rows": 8790, "Actual Loops": 1361, "Index Cond": "(company_id = cn.id)"}]}]}, {"Node Type": "Bitmap Heap Scan", "Parent Relationship": "Inner", "Relation Name": "cast_info", "Alias": "ci", "Startup Cost": 0.51, "Total Cost": 4.61, "Plan Rows": 1, "Plan Width": 12, "Actual Startup Time": 862.141, "Actual Total Time": 909.97, "Actual Rows": 377, "Actual Loops": 8790, "Recheck Cond": "(movie_id = mc.movie_id)", "Rows Removed by Index Recheck": 0, "Filter": "(((note)::text ~~ '%(voice)%'::text) AND ((note)::text ~~ '%(uncredited)%'::text))", "Rows Removed by Filter": 408168, "Exact Heap Blocks": 397651, "Lossy Heap Blocks": 397651, "Plans": [{"Node Type": "Bitmap Index Scan", "Parent Relationship": "Outer", "Index Name": "movie_id_cast_info", "Startup Cost": 0.0, "Total Cost": 0.51, "Plan Rows": 6, "Plan Width": 0, "Actual Startup Time": 120.878, "Actual Total Time": 120.878, "Actual Rows": 408545, "Actual Loops": 8790, "Index Cond": "(movie_id = mc.movie_id)"}]}]}]}, {"Node Type": "Bitmap Heap Scan", "Parent Relationship": "Inner", "Relation Name": "char_name", "Alias": "chn", "Startup Cost": 2.3, "Total Cost": 6.31, "Plan Rows": 1, "Plan Width": 20, "Actual Startup Time": 7.588, "Actual Total Time": 7.588, "Actual Rows": 265, "Actual Loops": 275, "Recheck Cond": "(id = ci.person_role_id)", "Rows Removed by Index Recheck": 0, "Exact Heap Blocks": 265, "Lossy Heap Blocks": 265, "Plans": [{"Node Type": "Bitmap Index Scan", "Parent Relationship": "Outer", "Index Name": "char_name_pkey", "Startup Cost": 0.0, "Total Cost": 2.3, "Plan Rows": 1, "Plan Width": 0, "Actual Startup Time": 4.854, "Actual Total Time": 4.854, "Actual Rows": 265, "Actual Loops": 275, "Index Cond": "(id = ci.person_role_id)"}]}]}, {"Node Type": "Bitmap Heap Scan", "Parent Relationship": "Inner", "Relation Name": "title", "Alias": "t", "Startup Cost": 0.27, "Total Cost": 4.29, "Plan Rows": 1, "Plan Width": 21, "Actual Startup Time": 2.217, "Actual Total Time": 2.217, "Actual Rows": 104, "Actual Loops": 265, "Recheck Cond": "(id = mc.movie_id)", "Rows Removed by Index Recheck": 0, "Filter": "(production_year > 2005)", "Rows Removed by Filter": 161, "Exact Heap Blocks": 265, "Lossy Heap Blocks": 265, "Plans": [{"Node Type": "Bitmap Index Scan", "Parent Relationship": "Outer", "Index Name": "title_pkey", "Startup Cost": 0.0, "Total Cost": 0.27, "Plan Rows": 1, "Plan Width": 0, "Actual Startup Time": 1.362, "Actual Total Time": 1.362, "Actual Rows": 265, "Actual Loops": 265, "Index Cond": "(id = mc.movie_id)"}]}]}]}]}]}, "Triggers": [], "Planner Runtime": 4, "Total Runtime": 1051.978, "Unique SQL Id": 2933943827}}, "(1, 23)": {"explain_plan": {"Plan": {"Node Type": "Aggregate", "Strategy": "Plain", "Startup Cost": 1000020511889.56, "Total Cost": 1000020511889.57, "Plan Rows": 1, "Plan Width": 97, "Plans": [{"Node Type": "Nested Loop", "Parent Relationship": "Outer", "Join Type": "Inner", "Startup Cost": 10000000003.85, "Total Cost": 1000020511889.55, "Plan Rows": 2, "Plan Width": 33, "Inner Unique": true, "Plans": [{"Node Type": "Nested Loop", "Parent Relationship": "Outer", "Join Type": "Inner", "Startup Cost": 10000000003.6, "Total Cost": 1000020511880.99, "Plan Rows": 2, "Plan Width": 37, "Inner Unique": true, "Plans": [{"Node Type": "Nested Loop", "Parent Relationship": "Outer", "Join Type": "Inner", "Startup Cost": 10000000003.32, "Total Cost": 1000020511868.1, "Plan Rows": 3, "Plan Width": 28, "Inner Unique": true, "Plans": [{"Node Type": "Nested Loop", "Parent Relationship": "Outer", "Join Type": "Inner", "Startup Cost": 10000000001.03, "Total Cost": 1000020511830.17, "Plan Rows": 6, "Plan Width": 16, "Inner Unique": true, "Plans": [{"Node Type": "Nested Loop", "Parent Relationship": "Outer", "Join Type": "Inner", "Startup Cost": 10000000000.77, "Total Cost": 1000020511538.92, "Plan Rows": 68, "Plan Width": 20, "Inner Unique": false, "Plans": [{"Node Type": "Nested Loop", "Parent Relationship": "Outer", "Join Type": "Inner", "Startup Cost": 10000000000.26, "Total Cost": 1000020494063.94, "Plan Rows": 3779, "Plan Width": 8, "Inner Unique": true, "Plans": [{"Node Type": "Index Scan", "Parent Relationship": "Outer", "Scan Direction": "Forward", "Index Name": "company_type_id_movie_companies", "Relation Name": "movie_companies", "Alias": "mc", "Startup Cost": 10000000000.0, "Total Cost": 1000009318217.0, "Plan Rows": 2609128, "Plan Width": 12}, {"Node Type": "Bitmap Heap Scan", "Parent Relationship": "Inner", "Relation Name": "company_name", "Alias": "cn", "Startup Cost": 0.26, "Total Cost": 4.27, "Plan Rows": 1, "Plan Width": 4, "Recheck Cond": "(id = mc.company_id)", "Filter": "((country_code)::text = '[ru]'::text)", "Plans": [{"Node Type": "Bitmap Index Scan", "Parent Relationship": "Outer", "Index Name": "company_name_pkey", "Startup Cost": 0.0, "Total Cost": 0.26, "Plan Rows": 1, "Plan Width": 0, "Index Cond": "(id = mc.company_id)"}]}]}, {"Node Type": "Bitmap Heap Scan", "Parent Relationship": "Inner", "Relation Name": "cast_info", "Alias": "ci", "Startup Cost": 0.51, "Total Cost": 4.61, "Plan Rows": 1, "Plan Width": 12, "Recheck Cond": "(movie_id = mc.movie_id)", "Filter": "(((note)::text ~~ '%(voice)%'::text) AND ((note)::text ~~ '%(uncredited)%'::text))", "Plans": [{"Node Type": "Bitmap Index Scan", "Parent Relationship": "Outer", "Index Name": "movie_id_cast_info", "Startup Cost": 0.0, "Total Cost": 0.51, "Plan Rows": 6, "Plan Width": 0, "Index Cond": "(movie_id = mc.movie_id)"}]}]}, {"Node Type": "Bitmap Heap Scan", "Parent Relationship": "Inner", "Relation Name": "role_type", "Alias": "rt", "Startup Cost": 0.26, "Total Cost": 4.27, "Plan Rows": 1, "Plan Width": 4, "Recheck Cond": "(id = ci.role_id)", "Filter": "((role)::text = 'actor'::text)", "Plans": [{"Node Type": "Bitmap Index Scan", "Parent Relationship": "Outer", "Index Name": "role_type_pkey", "Startup Cost": 0.0, "Total Cost": 0.26, "Plan Rows": 1, "Plan Width": 0, "Index Cond": "(id = ci.role_id)"}]}]}, {"Node Type": "Bitmap Heap Scan", "Parent Relationship": "Inner", "Relation Name": "char_name", "Alias": "chn", "Startup Cost": 2.3, "Total Cost": 6.31, "Plan Rows": 1, "Plan Width": 20, "Recheck Cond": "(id = ci.person_role_id)", "Plans": [{"Node Type": "Bitmap Index Scan", "Parent Relationship": "Outer", "Index Name": "char_name_pkey", "Startup Cost": 0.0, "Total Cost": 2.3, "Plan Rows": 1, "Plan Width": 0, "Index Cond": "(id = ci.person_role_id)"}]}]}, {"Node Type": "Bitmap Heap Scan", "Parent Relationship": "Inner", "Relation Name": "title", "Alias": "t", "Startup Cost": 0.27, "Total Cost": 4.29, "Plan Rows": 1, "Plan Width": 21, "Recheck Cond": "(id = mc.movie_id)", "Filter": "(production_year > 2005)", "Plans": [{"Node Type": "Bitmap Index Scan", "Parent Relationship": "Outer", "Index Name": "title_pkey", "Startup Cost": 0.0, "Total Cost": 0.27, "Plan Rows": 1, "Plan Width": 0, "Index Cond": "(id = mc.movie_id)"}]}]}, {"Node Type": "Bitmap Heap Scan", "Parent Relationship": "Inner", "Relation Name": "company_type", "Alias": "ct", "Startup Cost": 0.26, "Total Cost": 4.27, "Plan Rows": 1, "Plan Width": 4, "Recheck Cond": "(id = mc.company_type_id)", "Plans": [{"Node Type": "Bitmap Index Scan", "Parent Relationship": "Outer", "Index Name": "company_type_pkey", "Startup Cost": 0.0, "Total Cost": 0.26, "Plan Rows": 1, "Plan Width": 0, "Index Cond": "(id = mc.company_type_id)"}]}]}]}, "Unique SQL Id": 2933943827, "Planner Runtime": 6}, "explain_analyze_plan": null}, "(1, 24)": {"explain_plan": {"Plan": {"Node Type": "Aggregate", "Strategy": "Plain", "Startup Cost": 19897.43, "Total Cost": 19897.44, "Plan Rows": 1, "Plan Width": 97, "Plans": [{"Node Type": "Nested Loop", "Parent Relationship": "Outer", "Join Type": "Inner", "Startup Cost": 0.0, "Total Cost": 19897.42, "Plan Rows": 2, "Plan Width": 33, "Inner Unique": true, "Plans": [{"Node Type": "Nested Loop", "Parent Relationship": "Outer", "Join Type": "Inner", "Startup Cost": 0.0, "Total Cost": 19896.86, "Plan Rows": 2, "Plan Width": 37, "Inner Unique": true, "Plans": [{"Node Type": "Nested Loop", "Parent Relationship": "Outer", "Join Type": "Inner", "Startup Cost": 0.0, "Total Cost": 19869.97, "Plan Rows": 5, "Plan Width": 25, "Inner Unique": true, "Plans": [{"Node Type": "Nested Loop", "Parent Relationship": "Outer", "Join Type": "Inner", "Startup Cost": 0.0, "Total Cost": 19867.87, "Plan Rows": 6, "Plan Width": 16, "Inner Unique": false, "Join Filter": "(ci.role_id = rt.id)", "Plans": [{"Node Type": "Seq Scan", "Parent Relationship": "Outer", "Relation Name": "role_type", "Alias": "rt", "Startup Cost": 0.0, "Total Cost": 1.15, "Plan Rows": 1, "Plan Width": 4, "Filter": "((role)::text = 'actor'::text)"}, {"Node Type": "Nested Loop", "Parent Relationship": "Inner", "Join Type": "Inner", "Startup Cost": 0.0, "Total Cost": 19865.87, "Plan Rows": 68, "Plan Width": 20, "Inner Unique": false, "Plans": [{"Node Type": "Nested Loop", "Parent Relationship": "Outer", "Join Type": "Inner", "Startup Cost": 0.0, "Total Cost": 16121.55, "Plan Rows": 3779, "Plan Width": 8, "Inner Unique": false, "Plans": [{"Node Type": "Seq Scan", "Parent Relationship": "Outer", "Relation Name": "company_name", "Alias": "cn", "Startup Cost": 0.0, "Total Cost": 5903.45, "Plan Rows": 251, "Plan Width": 4, "Filter": "((country_code)::text = '[ru]'::text)"}, {"Node Type": "Index Scan", "Parent Relationship": "Inner", "Scan Direction": "Forward", "Index Name": "company_id_movie_companies", "Relation Name": "movie_companies", "Alias": "mc", "Startup Cost": 0.0, "Total Cost": 40.56, "Plan Rows": 15, "Plan Width": 12, "Index Cond": "(company_id = cn.id)"}]}, {"Node Type": "Index Scan", "Parent Relationship": "Inner", "Scan Direction": "Forward", "Index Name": "movie_id_cast_info", "Relation Name": "cast_info", "Alias": "ci", "Startup Cost": 0.0, "Total Cost": 0.98, "Plan Rows": 1, "Plan Width": 12, "Index Cond": "(movie_id = mc.movie_id)", "Filter": "(((note)::text ~~ '%(voice)%'::text) AND ((note)::text ~~ '%(uncredited)%'::text))"}]}]}, {"Node Type": "Index Scan", "Parent Relationship": "Inner", "Scan Direction": "Forward", "Index Name": "title_pkey", "Relation Name": "title", "Alias": "t", "Startup Cost": 0.0, "Total Cost": 0.34, "Plan Rows": 1, "Plan Width": 21, "Index Cond": "(id = mc.movie_id)", "Filter": "(production_year > 2005)"}]}, {"Node Type": "Index Scan", "Parent Relationship": "Inner", "Scan Direction": "Forward", "Index Name": "char_name_pkey", "Relation Name": "char_name", "Alias": "chn", "Startup Cost": 0.0, "Total Cost": 5.37, "Plan Rows": 1, "Plan Width": 20, "Index Cond": "(id = ci.person_role_id)"}]}, {"Node Type": "Index Only Scan", "Parent Relationship": "Inner", "Scan Direction": "Forward", "Index Name": "company_type_pkey", "Relation Name": "company_type", "Alias": "ct", "Startup Cost": 0.0, "Total Cost": 0.27, "Plan Rows": 1, "Plan Width": 4, "Index Cond": "(id = mc.company_type_id)"}]}]}, "Unique SQL Id": 2933943827, "Planner Runtime": 11}, "explain_analyze_plan": {"Plan": {"Node Type": "Aggregate", "Strategy": "Plain", "Startup Cost": 19897.43, "Total Cost": 19897.44, "Plan Rows": 1, "Plan Width": 97, "Actual Startup Time": 849.792, "Actual Total Time": 849.792, "Actual Rows": 1, "Actual Loops": 1, "Plans": [{"Node Type": "Nested Loop", "Parent Relationship": "Outer", "Join Type": "Inner", "Startup Cost": 0.0, "Total Cost": 19897.42, "Plan Rows": 2, "Plan Width": 33, "Actual Startup Time": 45.94, "Actual Total Time": 849.705, "Actual Rows": 18, "Actual Loops": 1, "Inner Unique": true, "Plans": [{"Node Type": "Nested Loop", "Parent Relationship": "Outer", "Join Type": "Inner", "Startup Cost": 0.0, "Total Cost": 19896.86, "Plan Rows": 2, "Plan Width": 37, "Actual Startup Time": 9.453, "Actual Total Time": 849.336, "Actual Rows": 104, "Actual Loops": 1, "Inner Unique": true, "Plans": [{"Node Type": "Nested Loop", "Parent Relationship": "Outer", "Join Type": "Inner", "Startup Cost": 0.0, "Total Cost": 19869.97, "Plan Rows": 5, "Plan Width": 25, "Actual Startup Time": 9.441, "Actual Total Time": 848.326, "Actual Rows": 112, "Actual Loops": 1, "Inner Unique": true, "Plans": [{"Node Type": "Nested Loop", "Parent Relationship": "Outer", "Join Type": "Inner", "Startup Cost": 0.0, "Total Cost": 19867.87, "Plan Rows": 6, "Plan Width": 16, "Actual Startup Time": 0.798, "Actual Total Time": 846.093, "Actual Rows": 275, "Actual Loops": 1, "Inner Unique": false, "Join Filter": "(ci.role_id = rt.id)", "Rows Removed by Join Filter": 102, "Plans": [{"Node Type": "Seq Scan", "Parent Relationship": "Outer", "Relation Name": "role_type", "Alias": "rt", "Startup Cost": 0.0, "Total Cost": 1.15, "Plan Rows": 1, "Plan Width": 4, "Actual Startup Time": 0.016, "Actual Total Time": 0.022, "Actual Rows": 1, "Actual Loops": 1, "Filter": "((role)::text = 'actor'::text)", "Rows Removed by Filter": 11}, {"Node Type": "Nested Loop", "Parent Relationship": "Inner", "Join Type": "Inner", "Startup Cost": 0.0, "Total Cost": 19865.87, "Plan Rows": 68, "Plan Width": 20, "Actual Startup Time": 0.763, "Actual Total Time": 845.809, "Actual Rows": 377, "Actual Loops": 1, "Inner Unique": false, "Plans": [{"Node Type": "Nested Loop", "Parent Relationship": "Outer", "Join Type": "Inner", "Startup Cost": 0.0, "Total Cost": 16121.55, "Plan Rows": 3779, "Plan Width": 8, "Actual Startup Time": 0.051, "Actual Total Time": 104.329, "Actual Rows": 8790, "Actual Loops": 1, "Inner Unique": false, "Plans": [{"Node Type": "Seq Scan", "Parent Relationship": "Outer", "Relation Name": "company_name", "Alias": "cn", "Startup Cost": 0.0, "Total Cost": 5903.45, "Plan Rows": 251, "Plan Width": 4, "Actual Startup Time": 0.034, "Actual Total Time": 81.103, "Actual Rows": 1361, "Actual Loops": 1, "Filter": "((country_code)::text = '[ru]'::text)", "Rows Removed by Filter": 233635}, {"Node Type": "Index Scan", "Parent Relationship": "Inner", "Scan Direction": "Forward", "Index Name": "company_id_movie_companies", "Relation Name": "movie_companies", "Alias": "mc", "Startup Cost": 0.0, "Total Cost": 40.56, "Plan Rows": 15, "Plan Width": 12, "Actual Startup Time": 8.58, "Actual Total Time": 20.037, "Actual Rows": 8790, "Actual Loops": 1361, "Index Cond": "(company_id = cn.id)", "Rows Removed by Index Recheck": 0}]}, {"Node Type": "Index Scan", "Parent Relationship": "Inner", "Scan Direction": "Forward", "Index Name": "movie_id_cast_info", "Relation Name": "cast_info", "Alias": "ci", "Startup Cost": 0.0, "Total Cost": 0.98, "Plan Rows": 1, "Plan Width": 12, "Actual Startup Time": 693.142, "Actual Total Time": 736.17, "Actual Rows": 377, "Actual Loops": 8790, "Index Cond": "(movie_id = mc.movie_id)", "Rows Removed by Index Recheck": 0, "Filter": "(((note)::text ~~ '%(voice)%'::text) AND ((note)::text ~~ '%(uncredited)%'::text))", "Rows Removed by Filter": 408168}]}]}, {"Node Type": "Index Scan", "Parent Relationship": "Inner", "Scan Direction": "Forward", "Index Name": "title_pkey", "Relation Name": "title", "Alias": "t", "Startup Cost": 0.0, "Total Cost": 0.34, "Plan Rows": 1, "Plan Width": 21, "Actual Startup Time": 1.815, "Actual Total Time": 1.815, "Actual Rows": 112, "Actual Loops": 275, "Index Cond": "(id = mc.movie_id)", "Rows Removed by Index Recheck": 0, "Filter": "(production_year > 2005)", "Rows Removed by Filter": 163}]}, {"Node Type": "Index Scan", "Parent Relationship": "Inner", "Scan Direction": "Forward", "Index Name": "char_name_pkey", "Relation Name": "char_name", "Alias": "chn", "Startup Cost": 0.0, "Total Cost": 5.37, "Plan Rows": 1, "Plan Width": 20, "Actual Startup Time": 0.744, "Actual Total Time": 0.744, "Actual Rows": 104, "Actual Loops": 112, "Index Cond": "(id = ci.person_role_id)", "Rows Removed by Index Recheck": 0}]}, {"Node Type": "Index Only Scan", "Parent Relationship": "Inner", "Scan Direction": "Forward", "Index Name": "company_type_pkey", "Relation Name": "company_type", "Alias": "ct", "Startup Cost": 0.0, "Total Cost": 0.27, "Plan Rows": 1, "Plan Width": 4, "Actual Startup Time": 0.203, "Actual Total Time": 0.203, "Actual Rows": 18, "Actual Loops": 104, "Index Cond": "(id = mc.company_type_id)", "Rows Removed by Index Recheck": 0, "Heap Fetches": 0}]}]}, "Triggers": [], "Planner Runtime": 3, "Total Runtime": 850.164, "Unique SQL Id": 2933943827}}, "(1, 25)": {"explain_plan": {"Plan": {"Node Type": "Aggregate", "Strategy": "Plain", "Startup Cost": 24506.67, "Total Cost": 24506.68, "Plan Rows": 1, "Plan Width": 97, "Plans": [{"Node Type": "Nested Loop", "Parent Relationship": "Outer", "Join Type": "Inner", "Startup Cost": 0.0, "Total Cost": 24506.66, "Plan Rows": 2, "Plan Width": 33, "Inner Unique": true, "Plans": [{"Node Type": "Nested Loop", "Parent Relationship": "Outer", "Join Type": "Inner", "Startup Cost": 0.0, "Total Cost": 24506.1, "Plan Rows": 2, "Plan Width": 37, "Inner Unique": true, "Plans": [{"Node Type": "Nested Loop", "Parent Relationship": "Outer", "Join Type": "Inner", "Startup Cost": 0.0, "Total Cost": 24479.22, "Plan Rows": 5, "Plan Width": 25, "Inner Unique": true, "Plans": [{"Node Type": "Nested Loop", "Parent Relationship": "Outer", "Join Type": "Inner", "Startup Cost": 0.0, "Total Cost": 24477.12, "Plan Rows": 6, "Plan Width": 16, "Inner Unique": false, "Join Filter": "(ci.role_id = rt.id)", "Plans": [{"Node Type": "Index Scan", "Parent Relationship": "Outer", "Scan Direction": "Forward", "Index Name": "role_type_pkey", "Relation Name": "role_type", "Alias": "rt", "Startup Cost": 0.0, "Total Cost": 12.46, "Plan Rows": 1, "Plan Width": 4, "Filter": "((role)::text = 'actor'::text)"}, {"Node Type": "Nested Loop", "Parent Relationship": "Inner", "Join Type": "Inner", "Startup Cost": 0.0, "Total Cost": 24463.81, "Plan Rows": 68, "Plan Width": 20, "Inner Unique": false, "Plans": [{"Node Type": "Nested Loop", "Parent Relationship": "Outer", "Join Type": "Inner", "Startup Cost": 0.0, "Total Cost": 20719.49, "Plan Rows": 3779, "Plan Width": 8, "Inner Unique": false, "Plans": [{"Node Type": "Index Scan", "Parent Relationship": "Outer", "Scan Direction": "Forward", "Index Name": "company_name_pkey", "Relation Name": "company_name", "Alias": "cn", "Startup Cost": 0.0, "Total Cost": 10501.39, "Plan Rows": 251, "Plan Width": 4, "Filter": "((country_code)::text = '[ru]'::text)"}, {"Node Type": "Index Scan", "Parent Relationship": "Inner", "Scan Direction": "Forward", "Index Name": "company_id_movie_companies", "Relation Name": "movie_companies", "Alias": "mc", "Startup Cost": 0.0, "Total Cost": 40.56, "Plan Rows": 15, "Plan Width": 12, "Index Cond": "(company_id = cn.id)"}]}, {"Node Type": "Index Scan", "Parent Relationship": "Inner", "Scan Direction": "Forward", "Index Name": "movie_id_cast_info", "Relation Name": "cast_info", "Alias": "ci", "Startup Cost": 0.0, "Total Cost": 0.98, "Plan Rows": 1, "Plan Width": 12, "Index Cond": "(movie_id = mc.movie_id)", "Filter": "(((note)::text ~~ '%(voice)%'::text) AND ((note)::text ~~ '%(uncredited)%'::text))"}]}]}, {"Node Type": "Index Scan", "Parent Relationship": "Inner", "Scan Direction": "Forward", "Index Name": "title_pkey", "Relation Name": "title", "Alias": "t", "Startup Cost": 0.0, "Total Cost": 0.34, "Plan Rows": 1, "Plan Width": 21, "Index Cond": "(id = mc.movie_id)", "Filter": "(production_year > 2005)"}]}, {"Node Type": "Index Scan", "Parent Relationship": "Inner", "Scan Direction": "Forward", "Index Name": "char_name_pkey", "Relation Name": "char_name", "Alias": "chn", "Startup Cost": 0.0, "Total Cost": 5.37, "Plan Rows": 1, "Plan Width": 20, "Index Cond": "(id = ci.person_role_id)"}]}, {"Node Type": "Index Only Scan", "Parent Relationship": "Inner", "Scan Direction": "Forward", "Index Name": "company_type_pkey", "Relation Name": "company_type", "Alias": "ct", "Startup Cost": 0.0, "Total Cost": 0.27, "Plan Rows": 1, "Plan Width": 4, "Index Cond": "(id = mc.company_type_id)"}]}]}, "Unique SQL Id": 2933943827, "Planner Runtime": 10}, "explain_analyze_plan": {"Plan": {"Node Type": "Aggregate", "Strategy": "Plain", "Startup Cost": 24506.67, "Total Cost": 24506.68, "Plan Rows": 1, "Plan Width": 97, "Actual Startup Time": 1109.578, "Actual Total Time": 1109.578, "Actual Rows": 1, "Actual Loops": 1, "Plans": [{"Node Type": "Nested Loop", "Parent Relationship": "Outer", "Join Type": "Inner", "Startup Cost": 0.0, "Total Cost": 24506.66, "Plan Rows": 2, "Plan Width": 33, "Actual Startup Time": 29.393, "Actual Total Time": 1109.498, "Actual Rows": 18, "Actual Loops": 1, "Inner Unique": true, "Plans": [{"Node Type": "Nested Loop", "Parent Relationship": "Outer", "Join Type": "Inner", "Startup Cost": 0.0, "Total Cost": 24506.1, "Plan Rows": 2, "Plan Width": 37, "Actual Startup Time": 22.505, "Actual Total Time": 1109.156, "Actual Rows": 104, "Actual Loops": 1, "Inner Unique": true, "Plans": [{"Node Type": "Nested Loop", "Parent Relationship": "Outer", "Join Type": "Inner", "Startup Cost": 0.0, "Total Cost": 24479.22, "Plan Rows": 5, "Plan Width": 25, "Actual Startup Time": 22.492, "Actual Total Time": 1108.078, "Actual Rows": 112, "Actual Loops": 1, "Inner Unique": true, "Plans": [{"Node Type": "Nested Loop", "Parent Relationship": "Outer", "Join Type": "Inner", "Startup Cost": 0.0, "Total Cost": 24477.12, "Plan Rows": 6, "Plan Width": 16, "Actual Startup Time": 6.312, "Actual Total Time": 1105.702, "Actual Rows": 275, "Actual Loops": 1, "Inner Unique": false, "Join Filter": "(ci.role_id = rt.id)", "Rows Removed by Join Filter": 102, "Plans": [{"Node Type": "Index Scan", "Parent Relationship": "Outer", "Scan Direction": "Forward", "Index Name": "role_type_pkey", "Relation Name": "role_type", "Alias": "rt", "Startup Cost": 0.0, "Total Cost": 12.46, "Plan Rows": 1, "Plan Width": 4, "Actual Startup Time": 0.019, "Actual Total Time": 0.032, "Actual Rows": 1, "Actual Loops": 1, "Filter": "((role)::text = 'actor'::text)", "Rows Removed by Filter": 11}, {"Node Type": "Nested Loop", "Parent Relationship": "Inner", "Join Type": "Inner", "Startup Cost": 0.0, "Total Cost": 24463.81, "Plan Rows": 68, "Plan Width": 20, "Actual Startup Time": 6.284, "Actual Total Time": 1105.39, "Actual Rows": 377, "Actual Loops": 1, "Inner Unique": false, "Plans": [{"Node Type": "Nested Loop", "Parent Relationship": "Outer", "Join Type": "Inner", "Startup Cost": 0.0, "Total Cost": 20719.49, "Plan Rows": 3779, "Plan Width": 8, "Actual Startup Time": 0.444, "Actual Total Time": 336.747, "Actual Rows": 8790, "Actual Loops": 1, "Inner Unique": false, "Plans": [{"Node Type": "Index Scan", "Parent Relationship": "Outer", "Scan Direction": "Forward", "Index Name": "company_name_pkey", "Relation Name": "company_name", "Alias": "cn", "Startup Cost": 0.0, "Total Cost": 10501.39, "Plan Rows": 251, "Plan Width": 4, "Actual Startup Time": 0.43, "Actual Total Time": 312.872, "Actual Rows": 1361, "Actual Loops": 1, "Filter": "((country_code)::text = '[ru]'::text)", "Rows Removed by Filter": 233635}, {"Node Type": "Index Scan", "Parent Relationship": "Inner", "Scan Direction": "Forward", "Index Name": "company_id_movie_companies", "Relation Name": "movie_companies", "Alias": "mc", "Startup Cost": 0.0, "Total Cost": 40.56, "Plan Rows": 15, "Plan Width": 12, "Actual Startup Time": 8.429, "Actual Total Time": 20.182, "Actual Rows": 8790, "Actual Loops": 1361, "Index Cond": "(company_id = cn.id)", "Rows Removed by Index Recheck": 0}]}, {"Node Type": "Index Scan", "Parent Relationship": "Inner", "Scan Direction": "Forward", "Index Name": "movie_id_cast_info", "Relation Name": "cast_info", "Alias": "ci", "Startup Cost": 0.0, "Total Cost": 0.98, "Plan Rows": 1, "Plan Width": 12, "Actual Startup Time": 717.855, "Actual Total Time": 762.941, "Actual Rows": 377, "Actual Loops": 8790, "Index Cond": "(movie_id = mc.movie_id)", "Rows Removed by Index Recheck": 0, "Filter": "(((note)::text ~~ '%(voice)%'::text) AND ((note)::text ~~ '%(uncredited)%'::text))", "Rows Removed by Filter": 408168}]}]}, {"Node Type": "Index Scan", "Parent Relationship": "Inner", "Scan Direction": "Forward", "Index Name": "title_pkey", "Relation Name": "title", "Alias": "t", "Startup Cost": 0.0, "Total Cost": 0.34, "Plan Rows": 1, "Plan Width": 21, "Actual Startup Time": 1.933, "Actual Total Time": 1.933, "Actual Rows": 112, "Actual Loops": 275, "Index Cond": "(id = mc.movie_id)", "Rows Removed by Index Recheck": 0, "Filter": "(production_year > 2005)", "Rows Removed by Filter": 163}]}, {"Node Type": "Index Scan", "Parent Relationship": "Inner", "Scan Direction": "Forward", "Index Name": "char_name_pkey", "Relation Name": "char_name", "Alias": "chn", "Startup Cost": 0.0, "Total Cost": 5.37, "Plan Rows": 1, "Plan Width": 20, "Actual Startup Time": 0.818, "Actual Total Time": 0.818, "Actual Rows": 104, "Actual Loops": 112, "Index Cond": "(id = ci.person_role_id)", "Rows Removed by Index Recheck": 0}]}, {"Node Type": "Index Only Scan", "Parent Relationship": "Inner", "Scan Direction": "Forward", "Index Name": "company_type_pkey", "Relation Name": "company_type", "Alias": "ct", "Startup Cost": 0.0, "Total Cost": 0.27, "Plan Rows": 1, "Plan Width": 4, "Actual Startup Time": 0.182, "Actual Total Time": 0.182, "Actual Rows": 18, "Actual Loops": 104, "Index Cond": "(id = mc.company_type_id)", "Rows Removed by Index Recheck": 0, "Heap Fetches": 0}]}]}, "Triggers": [], "Planner Runtime": 3, "Total Runtime": 1109.893, "Unique SQL Id": 2933943827}}, "(1, 26)": {"explain_plan": {"Plan": {"Node Type": "Aggregate", "Strategy": "Plain", "Startup Cost": 1583330.52, "Total Cost": 1583330.53, "Plan Rows": 1, "Plan Width": 97, "Plans": [{"Node Type": "Nested Loop", "Parent Relationship": "Outer", "Join Type": "Inner", "Startup Cost": 1122676.14, "Total Cost": 1583330.51, "Plan Rows": 2, "Plan Width": 33, "Inner Unique": false, "Join Filter": "(ci.person_role_id = chn.id)", "Plans": [{"Node Type": "Seq Scan", "Parent Relationship": "Outer", "Relation Name": "char_name", "Alias": "chn", "Startup Cost": 0.0, "Total Cost": 67493.38, "Plan Rows": 3140338, "Plan Width": 20}, {"Node Type": "Materialize", "Parent Relationship": "Inner", "Startup Cost": 1122676.14, "Total Cost": 1280311.79, "Plan Rows": 5, "Plan Width": 21, "Plans": [{"Node Type": "Nested Loop", "Parent Relationship": "Outer", "Join Type": "Inner", "Startup Cost": 1122676.14, "Total Cost": 1280311.77, "Plan Rows": 5, "Plan Width": 21, "Inner Unique": false, "Join Filter": "(mc.movie_id = t.id)", "Plans": [{"Node Type": "Seq Scan", "Parent Relationship": "Outer", "Relation Name": "title", "Alias": "t", "Startup Cost": 0.0, "Total Cost": 66389.89, "Plan Rows": 1013492, "Plan Width": 21, "Filter": "(production_year > 2005), (LLVM Optimized)"}, {"Node Type": "Materialize", "Parent Relationship": "Inner", "Startup Cost": 1122676.14, "Total Cost": 1122707.62, "Plan Rows": 6, "Plan Width": 12, "Plans": [{"Node Type": "Nested Loop", "Parent Relationship": "Outer", "Join Type": "Inner", "Startup Cost": 1122676.14, "Total Cost": 1122707.59, "Plan Rows": 6, "Plan Width": 12, "Inner Unique": true, "Join Filter": "(mc.company_type_id = ct.id)", "Plans": [{"Node Type": "Merge Join", "Parent Relationship": "Outer", "Join Type": "Inner", "Startup Cost": 1122676.14, "Total Cost": 1122706.28, "Plan Rows": 6, "Plan Width": 16, "Inner Unique": false, "Merge Cond": "(ci.movie_id = mc.movie_id)", "Plans": [{"Node Type": "Sort", "Parent Relationship": "Outer", "Startup Cost": 783566.58, "Total Cost": 783571.65, "Plan Rows": 2027, "Plan Width": 8, "Sort Key": ["ci.movie_id"], "Plans": [{"Node Type": "Nested Loop", "Parent Relationship": "Outer", "Join Type": "Inner", "Startup Cost": 0.0, "Total Cost": 783455.25, "Plan Rows": 2027, "Plan Width": 8, "Inner Unique": false, "Join Filter": "(ci.role_id = rt.id)", "Plans": [{"Node Type": "Seq Scan", "Parent Relationship": "Outer", "Relation Name": "role_type", "Alias": "rt", "Startup Cost": 0.0, "Total Cost": 1.15, "Plan Rows": 1, "Plan Width": 4, "Filter": "((role)::text = 'actor'::text)"}, {"Node Type": "Seq Scan", "Parent Relationship": "Inner", "Relation Name": "cast_info", "Alias": "ci", "Startup Cost": 0.0, "Total Cost": 783175.41, "Plan Rows": 22295, "Plan Width": 12, "Filter": "(((note)::text ~~ '%(voice)%'::text) AND ((note)::text ~~ '%(uncredited)%'::text))"}]}]}, {"Node Type": "Sort", "Parent Relationship": "Inner", "Startup Cost": 339109.56, "Total Cost": 339119.01, "Plan Rows": 3779, "Plan Width": 8, "Sort Key": ["mc.movie_id"], "Plans": [{"Node Type": "Merge Join", "Parent Relationship": "Outer", "Join Type": "Inner", "Startup Cost": 326139.31, "Total Cost": 338885.01, "Plan Rows": 3779, "Plan Width": 8, "Inner Unique": false, "Merge Cond": "(cn.id = mc.company_id)", "Plans": [{"Node Type": "Sort", "Parent Relationship": "Outer", "Startup Cost": 5913.45, "Total Cost": 5914.08, "Plan Rows": 251, "Plan Width": 4, "Sort Key": ["cn.id"], "Plans": [{"Node Type": "Seq Scan", "Parent Relationship": "Outer", "Relation Name": "company_name", "Alias": "cn", "Startup Cost": 0.0, "Total Cost": 5903.45, "Plan Rows": 251, "Plan Width": 4, "Filter": "((country_code)::text = '[ru]'::text)"}]}, {"Node Type": "Sort", "Parent Relationship": "Inner", "Startup Cost": 319886.87, "Total Cost": 326409.69, "Plan Rows": 2609128, "Plan Width": 12, "Sort Key": ["mc.company_id"], "Plans": [{"Node Type": "Seq Scan", "Parent Relationship": "Outer", "Relation Name": "movie_companies", "Alias": "mc", "Startup Cost": 0.0, "Total Cost": 41817.28, "Plan Rows": 2609128, "Plan Width": 12}]}]}]}]}, {"Node Type": "Materialize", "Parent Relationship": "Inner", "Startup Cost": 0.0, "Total Cost": 1.04, "Plan Rows": 3, "Plan Width": 4, "Plans": [{"Node Type": "Seq Scan", "Parent Relationship": "Outer", "Relation Name": "company_type", "Alias": "ct", "Startup Cost": 0.0, "Total Cost": 1.03, "Plan Rows": 3, "Plan Width": 4}]}]}]}]}]}]}]}, "Unique SQL Id": 2933943827, "Planner Runtime": 11}, "explain_analyze_plan": null}, "(1, 27)": {"explain_plan": {"Plan": {"Node Type": "Aggregate", "Strategy": "Plain", "Startup Cost": 3605831579367.76, "Total Cost": 3605831579367.77, "Plan Rows": 1, "Plan Width": 97, "Plans": [{"Node Type": "Merge Join", "Parent Relationship": "Outer", "Join Type": "Inner", "Startup Cost": 70000000000.0, "Total Cost": 3605831579367.74, "Plan Rows": 4, "Plan Width": 33, "Inner Unique": true, "Merge Cond": "(ci.person_role_id = chn.id)", "Plans": [{"Node Type": "Nested Loop", "Parent Relationship": "Outer", "Join Type": "Inner", "Startup Cost": 60000000000.0, "Total Cost": 6000243362599.82, "Plan Rows": 7, "Plan Width": 21, "Inner Unique": true, "Join Filter": "(mc.movie_id = t.id)", "Plans": [{"Node Type": "Nested Loop", "Parent Relationship": "Outer", "Join Type": "Inner", "Startup Cost": 50000000000.0, "Total Cost": 5000231624725.14, "Plan Rows": 6, "Plan Width": 12, "Inner Unique": true, "Join Filter": "(mc.company_type_id = ct.id)", "Plans": [{"Node Type": "Nested Loop", "Parent Relationship": "Outer", "Join Type": "Inner", "Startup Cost": 40000000000.0, "Total Cost": 4000231623895.37, "Plan Rows": 6, "Plan Width": 16, "Inner Unique": false, "Join Filter": "(ci.movie_id = mc.movie_id)", "Plans": [{"Node Type": "Nested Loop", "Parent Relationship": "Outer", "Join Type": "Inner", "Startup Cost": 20000000000.0, "Total Cost": 2000211317261.91, "Plan Rows": 2027, "Plan Width": 8, "Inner Unique": true, "Join Filter": "(ci.role_id = rt.id)", "Plans": [{"Node Type": "Index Scan", "Parent Relationship": "Outer", "Scan Direction": "Forward", "Index Name": "person_role_id_cast_info", "Relation Name": "cast_info", "Alias": "ci", "Startup Cost": 10000000000.0, "Total Cost": 1000211315681.48, "Plan Rows": 22295, "Plan Width": 12, "Filter": "(((note)::text ~~ '%(voice)%'::text) AND ((note)::text ~~ '%(uncredited)%'::text))"}, {"Node Type": "Materialize", "Parent Relationship": "Inner", "Startup Cost": 10000000000.0, "Total Cost": 1000000001246.0, "Plan Rows": 1, "Plan Width": 4, "Plans": [{"Node Type": "Index Scan", "Parent Relationship": "Outer", "Scan Direction": "Forward", "Index Name": "role_type_pkey", "Relation Name": "role_type", "Alias": "rt", "Startup Cost": 10000000000.0, "Total Cost": 1000000001246.0, "Plan Rows": 1, "Plan Width": 4, "Filter": "((role)::text = 'actor'::text)"}]}]}, {"Node Type": "Materialize", "Parent Relationship": "Inner", "Startup Cost": 20000000000.0, "Total Cost": 2000020191742.41, "Plan Rows": 3779, "Plan Width": 8, "Plans": [{"Node Type": "Nested Loop", "Parent Relationship": "Outer", "Join Type": "Inner", "Startup Cost": 20000000000.0, "Total Cost": 2000020191723.52, "Plan Rows": 3779, "Plan Width": 8, "Inner Unique": true, "Join Filter": "(cn.id = mc.company_id)", "Plans": [{"Node Type": "Index Scan", "Parent Relationship": "Outer", "Scan Direction": "Forward", "Index Name": "company_type_id_movie_companies", "Relation Name": "movie_companies", "Alias": "mc", "Startup Cost": 10000000000.0, "Total Cost": 1000009318217.0, "Plan Rows": 2609128, "Plan Width": 12}, {"Node Type": "Materialize", "Parent Relationship": "Inner", "Startup Cost": 10000000000.0, "Total Cost": 1000001050140.22, "Plan Rows": 251, "Plan Width": 4, "Plans": [{"Node Type": "Index Scan", "Parent Relationship": "Outer", "Scan Direction": "Forward", "Index Name": "company_name_pkey", "Relation Name": "company_name", "Alias": "cn", "Startup Cost": 10000000000.0, "Total Cost": 1000001050138.97, "Plan Rows": 251, "Plan Width": 4, "Filter": "((country_code)::text = '[ru]'::text)"}]}]}]}]}, {"Node Type": "Materialize", "Parent Relationship": "Inner", "Startup Cost": 10000000000.0, "Total Cost": 1000000000829.52, "Plan Rows": 3, "Plan Width": 4, "Plans": [{"Node Type": "Index Only Scan", "Parent Relationship": "Outer", "Scan Direction": "Forward", "Index Name": "company_type_pkey", "Relation Name": "company_type", "Alias": "ct", "Startup Cost": 10000000000.0, "Total Cost": 1000000000829.5, "Plan Rows": 3, "Plan Width": 4}]}]}, {"Node Type": "Materialize", "Parent Relationship": "Inner", "Startup Cost": 10000000000.0, "Total Cost": 1000011649194.12, "Plan Rows": 1013492, "Plan Width": 21, "Plans": [{"Node Type": "Index Scan", "Parent Relationship": "Outer", "Scan Direction": "Forward", "Index Name": "title_pkey", "Relation Name": "title", "Alias": "t", "Startup Cost": 10000000000.0, "Total Cost": 1000011644126.66, "Plan Rows": 1013492, "Plan Width": 21, "Filter": "(production_year > 2005), (LLVM Optimized)"}]}]}, {"Node Type": "Index Scan", "Parent Relationship": "Inner", "Scan Direction": "Forward", "Index Name": "char_name_pkey", "Relation Name": "char_name", "Alias": "chn", "Startup Cost": 10000000000.0, "Total Cost": 1000012987545.51, "Plan Rows": 3140338, "Plan Width": 20}]}]}, "Unique SQL Id": 2933943827, "Planner Runtime": 18}, "explain_analyze_plan": null}, "(1, 28)": {"explain_plan": {"Plan": {"Node Type": "Aggregate", "Strategy": "Plain", "Startup Cost": 19897.43, "Total Cost": 19897.44, "Plan Rows": 1, "Plan Width": 97, "Plans": [{"Node Type": "Nested Loop", "Parent Relationship": "Outer", "Join Type": "Inner", "Startup Cost": 0.0, "Total Cost": 19897.42, "Plan Rows": 2, "Plan Width": 33, "Inner Unique": true, "Plans": [{"Node Type": "Nested Loop", "Parent Relationship": "Outer", "Join Type": "Inner", "Startup Cost": 0.0, "Total Cost": 19896.86, "Plan Rows": 2, "Plan Width": 37, "Inner Unique": true, "Plans": [{"Node Type": "Nested Loop", "Parent Relationship": "Outer", "Join Type": "Inner", "Startup Cost": 0.0, "Total Cost": 19869.97, "Plan Rows": 5, "Plan Width": 25, "Inner Unique": true, "Plans": [{"Node Type": "Nested Loop", "Parent Relationship": "Outer", "Join Type": "Inner", "Startup Cost": 0.0, "Total Cost": 19867.87, "Plan Rows": 6, "Plan Width": 16, "Inner Unique": false, "Join Filter": "(ci.role_id = rt.id)", "Plans": [{"Node Type": "Seq Scan", "Parent Relationship": "Outer", "Relation Name": "role_type", "Alias": "rt", "Startup Cost": 0.0, "Total Cost": 1.15, "Plan Rows": 1, "Plan Width": 4, "Filter": "((role)::text = 'actor'::text)"}, {"Node Type": "Nested Loop", "Parent Relationship": "Inner", "Join Type": "Inner", "Startup Cost": 0.0, "Total Cost": 19865.87, "Plan Rows": 68, "Plan Width": 20, "Inner Unique": false, "Plans": [{"Node Type": "Nested Loop", "Parent Relationship": "Outer", "Join Type": "Inner", "Startup Cost": 0.0, "Total Cost": 16121.55, "Plan Rows": 3779, "Plan Width": 8, "Inner Unique": false, "Plans": [{"Node Type": "Seq Scan", "Parent Relationship": "Outer", "Relation Name": "company_name", "Alias": "cn", "Startup Cost": 0.0, "Total Cost": 5903.45, "Plan Rows": 251, "Plan Width": 4, "Filter": "((country_code)::text = '[ru]'::text)"}, {"Node Type": "Index Scan", "Parent Relationship": "Inner", "Scan Direction": "Forward", "Index Name": "company_id_movie_companies", "Relation Name": "movie_companies", "Alias": "mc", "Startup Cost": 0.0, "Total Cost": 40.56, "Plan Rows": 15, "Plan Width": 12, "Index Cond": "(company_id = cn.id)"}]}, {"Node Type": "Index Scan", "Parent Relationship": "Inner", "Scan Direction": "Forward", "Index Name": "movie_id_cast_info", "Relation Name": "cast_info", "Alias": "ci", "Startup Cost": 0.0, "Total Cost": 0.98, "Plan Rows": 1, "Plan Width": 12, "Index Cond": "(movie_id = mc.movie_id)", "Filter": "(((note)::text ~~ '%(voice)%'::text) AND ((note)::text ~~ '%(uncredited)%'::text))"}]}]}, {"Node Type": "Index Scan", "Parent Relationship": "Inner", "Scan Direction": "Forward", "Index Name": "title_pkey", "Relation Name": "title", "Alias": "t", "Startup Cost": 0.0, "Total Cost": 0.34, "Plan Rows": 1, "Plan Width": 21, "Index Cond": "(id = mc.movie_id)", "Filter": "(production_year > 2005)"}]}, {"Node Type": "Index Scan", "Parent Relationship": "Inner", "Scan Direction": "Forward", "Index Name": "char_name_pkey", "Relation Name": "char_name", "Alias": "chn", "Startup Cost": 0.0, "Total Cost": 5.37, "Plan Rows": 1, "Plan Width": 20, "Index Cond": "(id = ci.person_role_id)"}]}, {"Node Type": "Index Scan", "Parent Relationship": "Inner", "Scan Direction": "Forward", "Index Name": "company_type_pkey", "Relation Name": "company_type", "Alias": "ct", "Startup Cost": 0.0, "Total Cost": 0.27, "Plan Rows": 1, "Plan Width": 4, "Index Cond": "(id = mc.company_type_id)"}]}]}, "Unique SQL Id": 2933943827, "Planner Runtime": 11}, "explain_analyze_plan": {"Plan": {"Node Type": "Aggregate", "Strategy": "Plain", "Startup Cost": 19897.43, "Total Cost": 19897.44, "Plan Rows": 1, "Plan Width": 97, "Actual Startup Time": 796.295, "Actual Total Time": 796.296, "Actual Rows": 1, "Actual Loops": 1, "Plans": [{"Node Type": "Nested Loop", "Parent Relationship": "Outer", "Join Type": "Inner", "Startup Cost": 0.0, "Total Cost": 19897.42, "Plan Rows": 2, "Plan Width": 33, "Actual Startup Time": 40.923, "Actual Total Time": 796.105, "Actual Rows": 18, "Actual Loops": 1, "Inner Unique": true, "Plans": [{"Node Type": "Nested Loop", "Parent Relationship": "Outer", "Join Type": "Inner", "Startup Cost": 0.0, "Total Cost": 19896.86, "Plan Rows": 2, "Plan Width": 37, "Actual Startup Time": 8.52, "Actual Total Time": 795.8, "Actual Rows": 104, "Actual Loops": 1, "Inner Unique": true, "Plans": [{"Node Type": "Nested Loop", "Parent Relationship": "Outer", "Join Type": "Inner", "Startup Cost": 0.0, "Total Cost": 19869.97, "Plan Rows": 5, "Plan Width": 25, "Actual Startup Time": 8.511, "Actual Total Time": 794.891, "Actual Rows": 112, "Actual Loops": 1, "Inner Unique": true, "Plans": [{"Node Type": "Nested Loop", "Parent Relationship": "Outer", "Join Type": "Inner", "Startup Cost": 0.0, "Total Cost": 19867.87, "Plan Rows": 6, "Plan Width": 16, "Actual Startup Time": 0.755, "Actual Total Time": 792.762, "Actual Rows": 275, "Actual Loops": 1, "Inner Unique": false, "Join Filter": "(ci.role_id = rt.id)", "Rows Removed by Join Filter": 102, "Plans": [{"Node Type": "Seq Scan", "Parent Relationship": "Outer", "Relation Name": "role_type", "Alias": "rt", "Startup Cost": 0.0, "Total Cost": 1.15, "Plan Rows": 1, "Plan Width": 4, "Actual Startup Time": 0.021, "Actual Total Time": 0.03, "Actual Rows": 1, "Actual Loops": 1, "Filter": "((role)::text = 'actor'::text)", "Rows Removed by Filter": 11}, {"Node Type": "Nested Loop", "Parent Relationship": "Inner", "Join Type": "Inner", "Startup Cost": 0.0, "Total Cost": 19865.87, "Plan Rows": 68, "Plan Width": 20, "Actual Startup Time": 0.728, "Actual Total Time": 792.447, "Actual Rows": 377, "Actual Loops": 1, "Inner Unique": false, "Plans": [{"Node Type": "Nested Loop", "Parent Relationship": "Outer", "Join Type": "Inner", "Startup Cost": 0.0, "Total Cost": 16121.55, "Plan Rows": 3779, "Plan Width": 8, "Actual Startup Time": 0.052, "Actual Total Time": 108.67, "Actual Rows": 8790, "Actual Loops": 1, "Inner Unique": false, "Plans": [{"Node Type": "Seq Scan", "Parent Relationship": "Outer", "Relation Name": "company_name", "Alias": "cn", "Startup Cost": 0.0, "Total Cost": 5903.45, "Plan Rows": 251, "Plan Width": 4, "Actual Startup Time": 0.035, "Actual Total Time": 83.89, "Actual Rows": 1361, "Actual Loops": 1, "Filter": "((country_code)::text = '[ru]'::text)", "Rows Removed by Filter": 233635}, {"Node Type": "Index Scan", "Parent Relationship": "Inner", "Scan Direction": "Forward", "Index Name": "company_id_movie_companies", "Relation Name": "movie_companies", "Alias": "mc", "Startup Cost": 0.0, "Total Cost": 40.56, "Plan Rows": 15, "Plan Width": 12, "Actual Startup Time": 9.73, "Actual Total Time": 21.451, "Actual Rows": 8790, "Actual Loops": 1361, "Index Cond": "(company_id = cn.id)", "Rows Removed by Index Recheck": 0}]}, {"Node Type": "Index Scan", "Parent Relationship": "Inner", "Scan Direction": "Forward", "Index Name": "movie_id_cast_info", "Relation Name": "cast_info", "Alias": "ci", "Startup Cost": 0.0, "Total Cost": 0.98, "Plan Rows": 1, "Plan Width": 12, "Actual Startup Time": 640.813, "Actual Total Time": 678.501, "Actual Rows": 377, "Actual Loops": 8790, "Index Cond": "(movie_id = mc.movie_id)", "Rows Removed by Index Recheck": 0, "Filter": "(((note)::text ~~ '%(voice)%'::text) AND ((note)::text ~~ '%(uncredited)%'::text))", "Rows Removed by Filter": 408168}]}]}, {"Node Type": "Index Scan", "Parent Relationship": "Inner", "Scan Direction": "Forward", "Index Name": "title_pkey", "Relation Name": "title", "Alias": "t", "Startup Cost": 0.0, "Total Cost": 0.34, "Plan Rows": 1, "Plan Width": 21, "Actual Startup Time": 1.727, "Actual Total Time": 1.727, "Actual Rows": 112, "Actual Loops": 275, "Index Cond": "(id = mc.movie_id)", "Rows Removed by Index Recheck": 0, "Filter": "(production_year > 2005)", "Rows Removed by Filter": 163}]}, {"Node Type": "Index Scan", "Parent Relationship": "Inner", "Scan Direction": "Forward", "Index Name": "char_name_pkey", "Relation Name": "char_name", "Alias": "chn", "Startup Cost": 0.0, "Total Cost": 5.37, "Plan Rows": 1, "Plan Width": 20, "Actual Startup Time": 0.675, "Actual Total Time": 0.675, "Actual Rows": 104, "Actual Loops": 112, "Index Cond": "(id = ci.person_role_id)", "Rows Removed by Index Recheck": 0}]}, {"Node Type": "Index Scan", "Parent Relationship": "Inner", "Scan Direction": "Forward", "Index Name": "company_type_pkey", "Relation Name": "company_type", "Alias": "ct", "Startup Cost": 0.0, "Total Cost": 0.27, "Plan Rows": 1, "Plan Width": 4, "Actual Startup Time": 0.167, "Actual Total Time": 0.167, "Actual Rows": 18, "Actual Loops": 104, "Index Cond": "(id = mc.company_type_id)", "Rows Removed by Index Recheck": 0}]}]}, "Triggers": [], "Planner Runtime": 3, "Total Runtime": 796.669, "Unique SQL Id": 2933943827}}, "(1, 29)": {"explain_plan": {"Plan": {"Node Type": "Aggregate", "Strategy": "Plain", "Startup Cost": 24506.67, "Total Cost": 24506.68, "Plan Rows": 1, "Plan Width": 97, "Plans": [{"Node Type": "Nested Loop", "Parent Relationship": "Outer", "Join Type": "Inner", "Startup Cost": 0.0, "Total Cost": 24506.66, "Plan Rows": 2, "Plan Width": 33, "Inner Unique": true, "Plans": [{"Node Type": "Nested Loop", "Parent Relationship": "Outer", "Join Type": "Inner", "Startup Cost": 0.0, "Total Cost": 24506.1, "Plan Rows": 2, "Plan Width": 37, "Inner Unique": true, "Plans": [{"Node Type": "Nested Loop", "Parent Relationship": "Outer", "Join Type": "Inner", "Startup Cost": 0.0, "Total Cost": 24479.22, "Plan Rows": 5, "Plan Width": 25, "Inner Unique": true, "Plans": [{"Node Type": "Nested Loop", "Parent Relationship": "Outer", "Join Type": "Inner", "Startup Cost": 0.0, "Total Cost": 24477.12, "Plan Rows": 6, "Plan Width": 16, "Inner Unique": false, "Join Filter": "(ci.role_id = rt.id)", "Plans": [{"Node Type": "Index Scan", "Parent Relationship": "Outer", "Scan Direction": "Forward", "Index Name": "role_type_pkey", "Relation Name": "role_type", "Alias": "rt", "Startup Cost": 0.0, "Total Cost": 12.46, "Plan Rows": 1, "Plan Width": 4, "Filter": "((role)::text = 'actor'::text)"}, {"Node Type": "Nested Loop", "Parent Relationship": "Inner", "Join Type": "Inner", "Startup Cost": 0.0, "Total Cost": 24463.81, "Plan Rows": 68, "Plan Width": 20, "Inner Unique": false, "Plans": [{"Node Type": "Nested Loop", "Parent Relationship": "Outer", "Join Type": "Inner", "Startup Cost": 0.0, "Total Cost": 20719.49, "Plan Rows": 3779, "Plan Width": 8, "Inner Unique": false, "Plans": [{"Node Type": "Index Scan", "Parent Relationship": "Outer", "Scan Direction": "Forward", "Index Name": "company_name_pkey", "Relation Name": "company_name", "Alias": "cn", "Startup Cost": 0.0, "Total Cost": 10501.39, "Plan Rows": 251, "Plan Width": 4, "Filter": "((country_code)::text = '[ru]'::text)"}, {"Node Type": "Index Scan", "Parent Relationship": "Inner", "Scan Direction": "Forward", "Index Name": "company_id_movie_companies", "Relation Name": "movie_companies", "Alias": "mc", "Startup Cost": 0.0, "Total Cost": 40.56, "Plan Rows": 15, "Plan Width": 12, "Index Cond": "(company_id = cn.id)"}]}, {"Node Type": "Index Scan", "Parent Relationship": "Inner", "Scan Direction": "Forward", "Index Name": "movie_id_cast_info", "Relation Name": "cast_info", "Alias": "ci", "Startup Cost": 0.0, "Total Cost": 0.98, "Plan Rows": 1, "Plan Width": 12, "Index Cond": "(movie_id = mc.movie_id)", "Filter": "(((note)::text ~~ '%(voice)%'::text) AND ((note)::text ~~ '%(uncredited)%'::text))"}]}]}, {"Node Type": "Index Scan", "Parent Relationship": "Inner", "Scan Direction": "Forward", "Index Name": "title_pkey", "Relation Name": "title", "Alias": "t", "Startup Cost": 0.0, "Total Cost": 0.34, "Plan Rows": 1, "Plan Width": 21, "Index Cond": "(id = mc.movie_id)", "Filter": "(production_year > 2005)"}]}, {"Node Type": "Index Scan", "Parent Relationship": "Inner", "Scan Direction": "Forward", "Index Name": "char_name_pkey", "Relation Name": "char_name", "Alias": "chn", "Startup Cost": 0.0, "Total Cost": 5.37, "Plan Rows": 1, "Plan Width": 20, "Index Cond": "(id = ci.person_role_id)"}]}, {"Node Type": "Index Scan", "Parent Relationship": "Inner", "Scan Direction": "Forward", "Index Name": "company_type_pkey", "Relation Name": "company_type", "Alias": "ct", "Startup Cost": 0.0, "Total Cost": 0.27, "Plan Rows": 1, "Plan Width": 4, "Index Cond": "(id = mc.company_type_id)"}]}]}, "Unique SQL Id": 2933943827, "Planner Runtime": 10}, "explain_analyze_plan": {"Plan": {"Node Type": "Aggregate", "Strategy": "Plain", "Startup Cost": 24506.67, "Total Cost": 24506.68, "Plan Rows": 1, "Plan Width": 97, "Actual Startup Time": 1009.656, "Actual Total Time": 1009.657, "Actual Rows": 1, "Actual Loops": 1, "Plans": [{"Node Type": "Nested Loop", "Parent Relationship": "Outer", "Join Type": "Inner", "Startup Cost": 0.0, "Total Cost": 24506.66, "Plan Rows": 2, "Plan Width": 33, "Actual Startup Time": 28.604, "Actual Total Time": 1009.557, "Actual Rows": 18, "Actual Loops": 1, "Inner Unique": true, "Plans": [{"Node Type": "Nested Loop", "Parent Relationship": "Outer", "Join Type": "Inner", "Startup Cost": 0.0, "Total Cost": 24506.1, "Plan Rows": 2, "Plan Width": 37, "Actual Startup Time": 21.949, "Actual Total Time": 1009.273, "Actual Rows": 104, "Actual Loops": 1, "Inner Unique": true, "Plans": [{"Node Type": "Nested Loop", "Parent Relationship": "Outer", "Join Type": "Inner", "Startup Cost": 0.0, "Total Cost": 24479.22, "Plan Rows": 5, "Plan Width": 25, "Actual Startup Time": 21.938, "Actual Total Time": 1008.351, "Actual Rows": 112, "Actual Loops": 1, "Inner Unique": true, "Plans": [{"Node Type": "Nested Loop", "Parent Relationship": "Outer", "Join Type": "Inner", "Startup Cost": 0.0, "Total Cost": 24477.12, "Plan Rows": 6, "Plan Width": 16, "Actual Startup Time": 6.423, "Actual Total Time": 1006.191, "Actual Rows": 275, "Actual Loops": 1, "Inner Unique": false, "Join Filter": "(ci.role_id = rt.id)", "Rows Removed by Join Filter": 102, "Plans": [{"Node Type": "Index Scan", "Parent Relationship": "Outer", "Scan Direction": "Forward", "Index Name": "role_type_pkey", "Relation Name": "role_type", "Alias": "rt", "Startup Cost": 0.0, "Total Cost": 12.46, "Plan Rows": 1, "Plan Width": 4, "Actual Startup Time": 0.02, "Actual Total Time": 0.029, "Actual Rows": 1, "Actual Loops": 1, "Filter": "((role)::text = 'actor'::text)", "Rows Removed by Filter": 11}, {"Node Type": "Nested Loop", "Parent Relationship": "Inner", "Join Type": "Inner", "Startup Cost": 0.0, "Total Cost": 24463.81, "Plan Rows": 68, "Plan Width": 20, "Actual Startup Time": 6.388, "Actual Total Time": 1005.895, "Actual Rows": 377, "Actual Loops": 1, "Inner Unique": false, "Plans": [{"Node Type": "Nested Loop", "Parent Relationship": "Outer", "Join Type": "Inner", "Startup Cost": 0.0, "Total Cost": 20719.49, "Plan Rows": 3779, "Plan Width": 8, "Actual Startup Time": 0.45, "Actual Total Time": 322.76, "Actual Rows": 8790, "Actual Loops": 1, "Inner Unique": false, "Plans": [{"Node Type": "Index Scan", "Parent Relationship": "Outer", "Scan Direction": "Forward", "Index Name": "company_name_pkey", "Relation Name": "company_name", "Alias": "cn", "Startup Cost": 0.0, "Total Cost": 10501.39, "Plan Rows": 251, "Plan Width": 4, "Actual Startup Time": 0.436, "Actual Total Time": 299.925, "Actual Rows": 1361, "Actual Loops": 1, "Filter": "((country_code)::text = '[ru]'::text)", "Rows Removed by Filter": 233635}, {"Node Type": "Index Scan", "Parent Relationship": "Inner", "Scan Direction": "Forward", "Index Name": "company_id_movie_companies", "Relation Name": "movie_companies", "Alias": "mc", "Startup Cost": 0.0, "Total Cost": 40.56, "Plan Rows": 15, "Plan Width": 12, "Actual Startup Time": 8.119, "Actual Total Time": 19.34, "Actual Rows": 8790, "Actual Loops": 1361, "Index Cond": "(company_id = cn.id)", "Rows Removed by Index Recheck": 0}]}, {"Node Type": "Index Scan", "Parent Relationship": "Inner", "Scan Direction": "Forward", "Index Name": "movie_id_cast_info", "Relation Name": "cast_info", "Alias": "ci", "Startup Cost": 0.0, "Total Cost": 0.98, "Plan Rows": 1, "Plan Width": 12, "Actual Startup Time": 639.51, "Actual Total Time": 677.545, "Actual Rows": 377, "Actual Loops": 8790, "Index Cond": "(movie_id = mc.movie_id)", "Rows Removed by Index Recheck": 0, "Filter": "(((note)::text ~~ '%(voice)%'::text) AND ((note)::text ~~ '%(uncredited)%'::text))", "Rows Removed by Filter": 408168}]}]}, {"Node Type": "Index Scan", "Parent Relationship": "Inner", "Scan Direction": "Forward", "Index Name": "title_pkey", "Relation Name": "title", "Alias": "t", "Startup Cost": 0.0, "Total Cost": 0.34, "Plan Rows": 1, "Plan Width": 21, "Actual Startup Time": 1.746, "Actual Total Time": 1.746, "Actual Rows": 112, "Actual Loops": 275, "Index Cond": "(id = mc.movie_id)", "Rows Removed by Index Recheck": 0, "Filter": "(production_year > 2005)", "Rows Removed by Filter": 163}]}, {"Node Type": "Index Scan", "Parent Relationship": "Inner", "Scan Direction": "Forward", "Index Name": "char_name_pkey", "Relation Name": "char_name", "Alias": "chn", "Startup Cost": 0.0, "Total Cost": 5.37, "Plan Rows": 1, "Plan Width": 20, "Actual Startup Time": 0.688, "Actual Total Time": 0.688, "Actual Rows": 104, "Actual Loops": 112, "Index Cond": "(id = ci.person_role_id)", "Rows Removed by Index Recheck": 0}]}, {"Node Type": "Index Scan", "Parent Relationship": "Inner", "Scan Direction": "Forward", "Index Name": "company_type_pkey", "Relation Name": "company_type", "Alias": "ct", "Startup Cost": 0.0, "Total Cost": 0.27, "Plan Rows": 1, "Plan Width": 4, "Actual Startup Time": 0.148, "Actual Total Time": 0.148, "Actual Rows": 18, "Actual Loops": 104, "Index Cond": "(id = mc.company_type_id)", "Rows Removed by Index Recheck": 0}]}]}, "Triggers": [], "Planner Runtime": 3, "Total Runtime": 1010.002, "Unique SQL Id": 2933943827}}, "(1, 30)": {"explain_plan": {"Plan": {"Node Type": "Aggregate", "Strategy": "Plain", "Startup Cost": 1583330.52, "Total Cost": 1583330.53, "Plan Rows": 1, "Plan Width": 97, "Plans": [{"Node Type": "Nested Loop", "Parent Relationship": "Outer", "Join Type": "Inner", "Startup Cost": 1122676.14, "Total Cost": 1583330.51, "Plan Rows": 2, "Plan Width": 33, "Inner Unique": false, "Join Filter": "(ci.person_role_id = chn.id)", "Plans": [{"Node Type": "Seq Scan", "Parent Relationship": "Outer", "Relation Name": "char_name", "Alias": "chn", "Startup Cost": 0.0, "Total Cost": 67493.38, "Plan Rows": 3140338, "Plan Width": 20}, {"Node Type": "Materialize", "Parent Relationship": "Inner", "Startup Cost": 1122676.14, "Total Cost": 1280311.79, "Plan Rows": 5, "Plan Width": 21, "Plans": [{"Node Type": "Nested Loop", "Parent Relationship": "Outer", "Join Type": "Inner", "Startup Cost": 1122676.14, "Total Cost": 1280311.77, "Plan Rows": 5, "Plan Width": 21, "Inner Unique": false, "Join Filter": "(mc.movie_id = t.id)", "Plans": [{"Node Type": "Seq Scan", "Parent Relationship": "Outer", "Relation Name": "title", "Alias": "t", "Startup Cost": 0.0, "Total Cost": 66389.89, "Plan Rows": 1013492, "Plan Width": 21, "Filter": "(production_year > 2005), (LLVM Optimized)"}, {"Node Type": "Materialize", "Parent Relationship": "Inner", "Startup Cost": 1122676.14, "Total Cost": 1122707.62, "Plan Rows": 6, "Plan Width": 12, "Plans": [{"Node Type": "Nested Loop", "Parent Relationship": "Outer", "Join Type": "Inner", "Startup Cost": 1122676.14, "Total Cost": 1122707.59, "Plan Rows": 6, "Plan Width": 12, "Inner Unique": true, "Join Filter": "(mc.company_type_id = ct.id)", "Plans": [{"Node Type": "Merge Join", "Parent Relationship": "Outer", "Join Type": "Inner", "Startup Cost": 1122676.14, "Total Cost": 1122706.28, "Plan Rows": 6, "Plan Width": 16, "Inner Unique": false, "Merge Cond": "(ci.movie_id = mc.movie_id)", "Plans": [{"Node Type": "Sort", "Parent Relationship": "Outer", "Startup Cost": 783566.58, "Total Cost": 783571.65, "Plan Rows": 2027, "Plan Width": 8, "Sort Key": ["ci.movie_id"], "Plans": [{"Node Type": "Nested Loop", "Parent Relationship": "Outer", "Join Type": "Inner", "Startup Cost": 0.0, "Total Cost": 783455.25, "Plan Rows": 2027, "Plan Width": 8, "Inner Unique": false, "Join Filter": "(ci.role_id = rt.id)", "Plans": [{"Node Type": "Seq Scan", "Parent Relationship": "Outer", "Relation Name": "role_type", "Alias": "rt", "Startup Cost": 0.0, "Total Cost": 1.15, "Plan Rows": 1, "Plan Width": 4, "Filter": "((role)::text = 'actor'::text)"}, {"Node Type": "Seq Scan", "Parent Relationship": "Inner", "Relation Name": "cast_info", "Alias": "ci", "Startup Cost": 0.0, "Total Cost": 783175.41, "Plan Rows": 22295, "Plan Width": 12, "Filter": "(((note)::text ~~ '%(voice)%'::text) AND ((note)::text ~~ '%(uncredited)%'::text))"}]}]}, {"Node Type": "Sort", "Parent Relationship": "Inner", "Startup Cost": 339109.56, "Total Cost": 339119.01, "Plan Rows": 3779, "Plan Width": 8, "Sort Key": ["mc.movie_id"], "Plans": [{"Node Type": "Merge Join", "Parent Relationship": "Outer", "Join Type": "Inner", "Startup Cost": 326139.31, "Total Cost": 338885.01, "Plan Rows": 3779, "Plan Width": 8, "Inner Unique": false, "Merge Cond": "(cn.id = mc.company_id)", "Plans": [{"Node Type": "Sort", "Parent Relationship": "Outer", "Startup Cost": 5913.45, "Total Cost": 5914.08, "Plan Rows": 251, "Plan Width": 4, "Sort Key": ["cn.id"], "Plans": [{"Node Type": "Seq Scan", "Parent Relationship": "Outer", "Relation Name": "company_name", "Alias": "cn", "Startup Cost": 0.0, "Total Cost": 5903.45, "Plan Rows": 251, "Plan Width": 4, "Filter": "((country_code)::text = '[ru]'::text)"}]}, {"Node Type": "Sort", "Parent Relationship": "Inner", "Startup Cost": 319886.87, "Total Cost": 326409.69, "Plan Rows": 2609128, "Plan Width": 12, "Sort Key": ["mc.company_id"], "Plans": [{"Node Type": "Seq Scan", "Parent Relationship": "Outer", "Relation Name": "movie_companies", "Alias": "mc", "Startup Cost": 0.0, "Total Cost": 41817.28, "Plan Rows": 2609128, "Plan Width": 12}]}]}]}]}, {"Node Type": "Materialize", "Parent Relationship": "Inner", "Startup Cost": 0.0, "Total Cost": 1.04, "Plan Rows": 3, "Plan Width": 4, "Plans": [{"Node Type": "Seq Scan", "Parent Relationship": "Outer", "Relation Name": "company_type", "Alias": "ct", "Startup Cost": 0.0, "Total Cost": 1.03, "Plan Rows": 3, "Plan Width": 4}]}]}]}]}]}]}]}, "Unique SQL Id": 2933943827, "Planner Runtime": 11}, "explain_analyze_plan": null}, "(1, 31)": {"explain_plan": {"Plan": {"Node Type": "Aggregate", "Strategy": "Plain", "Startup Cost": 3605831579539.19, "Total Cost": 3605831579539.2, "Plan Rows": 1, "Plan Width": 97, "Plans": [{"Node Type": "Merge Join", "Parent Relationship": "Outer", "Join Type": "Inner", "Startup Cost": 70000000000.0, "Total Cost": 3605831579539.17, "Plan Rows": 4, "Plan Width": 33, "Inner Unique": true, "Merge Cond": "(ci.person_role_id = chn.id)", "Plans": [{"Node Type": "Nested Loop", "Parent Relationship": "Outer", "Join Type": "Inner", "Startup Cost": 60000000000.0, "Total Cost": 6000243362999.82, "Plan Rows": 7, "Plan Width": 21, "Inner Unique": true, "Join Filter": "(mc.movie_id = t.id)", "Plans": [{"Node Type": "Nested Loop", "Parent Relationship": "Outer", "Join Type": "Inner", "Startup Cost": 50000000000.0, "Total Cost": 5000231625125.14, "Plan Rows": 6, "Plan Width": 12, "Inner Unique": true, "Join Filter": "(mc.company_type_id = ct.id)", "Plans": [{"Node Type": "Nested Loop", "Parent Relationship": "Outer", "Join Type": "Inner", "Startup Cost": 40000000000.0, "Total Cost": 4000231623895.37, "Plan Rows": 6, "Plan Width": 16, "Inner Unique": false, "Join Filter": "(ci.movie_id = mc.movie_id)", "Plans": [{"Node Type": "Nested Loop", "Parent Relationship": "Outer", "Join Type": "Inner", "Startup Cost": 20000000000.0, "Total Cost": 2000211317261.91, "Plan Rows": 2027, "Plan Width": 8, "Inner Unique": true, "Join Filter": "(ci.role_id = rt.id)", "Plans": [{"Node Type": "Index Scan", "Parent Relationship": "Outer", "Scan Direction": "Forward", "Index Name": "person_role_id_cast_info", "Relation Name": "cast_info", "Alias": "ci", "Startup Cost": 10000000000.0, "Total Cost": 1000211315681.48, "Plan Rows": 22295, "Plan Width": 12, "Filter": "(((note)::text ~~ '%(voice)%'::text) AND ((note)::text ~~ '%(uncredited)%'::text))"}, {"Node Type": "Materialize", "Parent Relationship": "Inner", "Startup Cost": 10000000000.0, "Total Cost": 1000000001246.0, "Plan Rows": 1, "Plan Width": 4, "Plans": [{"Node Type": "Index Scan", "Parent Relationship": "Outer", "Scan Direction": "Forward", "Index Name": "role_type_pkey", "Relation Name": "role_type", "Alias": "rt", "Startup Cost": 10000000000.0, "Total Cost": 1000000001246.0, "Plan Rows": 1, "Plan Width": 4, "Filter": "((role)::text = 'actor'::text)"}]}]}, {"Node Type": "Materialize", "Parent Relationship": "Inner", "Startup Cost": 20000000000.0, "Total Cost": 2000020191742.41, "Plan Rows": 3779, "Plan Width": 8, "Plans": [{"Node Type": "Nested Loop", "Parent Relationship": "Outer", "Join Type": "Inner", "Startup Cost": 20000000000.0, "Total Cost": 2000020191723.52, "Plan Rows": 3779, "Plan Width": 8, "Inner Unique": true, "Join Filter": "(cn.id = mc.company_id)", "Plans": [{"Node Type": "Index Scan", "Parent Relationship": "Outer", "Scan Direction": "Forward", "Index Name": "company_type_id_movie_companies", "Relation Name": "movie_companies", "Alias": "mc", "Startup Cost": 10000000000.0, "Total Cost": 1000009318217.0, "Plan Rows": 2609128, "Plan Width": 12}, {"Node Type": "Materialize", "Parent Relationship": "Inner", "Startup Cost": 10000000000.0, "Total Cost": 1000001050140.22, "Plan Rows": 251, "Plan Width": 4, "Plans": [{"Node Type": "Index Scan", "Parent Relationship": "Outer", "Scan Direction": "Forward", "Index Name": "company_name_pkey", "Relation Name": "company_name", "Alias": "cn", "Startup Cost": 10000000000.0, "Total Cost": 1000001050138.97, "Plan Rows": 251, "Plan Width": 4, "Filter": "((country_code)::text = '[ru]'::text)"}]}]}]}]}, {"Node Type": "Materialize", "Parent Relationship": "Inner", "Startup Cost": 10000000000.0, "Total Cost": 1000000001229.52, "Plan Rows": 3, "Plan Width": 4, "Plans": [{"Node Type": "Index Scan", "Parent Relationship": "Outer", "Scan Direction": "Forward", "Index Name": "company_type_pkey", "Relation Name": "company_type", "Alias": "ct", "Startup Cost": 10000000000.0, "Total Cost": 1000000001229.5, "Plan Rows": 3, "Plan Width": 4}]}]}, {"Node Type": "Materialize", "Parent Relationship": "Inner", "Startup Cost": 10000000000.0, "Total Cost": 1000011649194.12, "Plan Rows": 1013492, "Plan Width": 21, "Plans": [{"Node Type": "Index Scan", "Parent Relationship": "Outer", "Scan Direction": "Forward", "Index Name": "title_pkey", "Relation Name": "title", "Alias": "t", "Startup Cost": 10000000000.0, "Total Cost": 1000011644126.66, "Plan Rows": 1013492, "Plan Width": 21, "Filter": "(production_year > 2005), (LLVM Optimized)"}]}]}, {"Node Type": "Index Scan", "Parent Relationship": "Inner", "Scan Direction": "Forward", "Index Name": "char_name_pkey", "Relation Name": "char_name", "Alias": "chn", "Startup Cost": 10000000000.0, "Total Cost": 1000012987545.51, "Plan Rows": 3140338, "Plan Width": 20}]}]}, "Unique SQL Id": 2933943827, "Planner Runtime": 17}, "explain_analyze_plan": null}, "(1, 32)": {"explain_plan": {"Plan": {"Node Type": "Aggregate", "Strategy": "Plain", "Startup Cost": 19897.43, "Total Cost": 19897.44, "Plan Rows": 1, "Plan Width": 97, "Plans": [{"Node Type": "Nested Loop", "Parent Relationship": "Outer", "Join Type": "Inner", "Startup Cost": 0.0, "Total Cost": 19897.42, "Plan Rows": 2, "Plan Width": 33, "Inner Unique": true, "Plans": [{"Node Type": "Nested Loop", "Parent Relationship": "Outer", "Join Type": "Inner", "Startup Cost": 0.0, "Total Cost": 19896.86, "Plan Rows": 2, "Plan Width": 37, "Inner Unique": true, "Plans": [{"Node Type": "Nested Loop", "Parent Relationship": "Outer", "Join Type": "Inner", "Startup Cost": 0.0, "Total Cost": 19869.97, "Plan Rows": 5, "Plan Width": 25, "Inner Unique": true, "Plans": [{"Node Type": "Nested Loop", "Parent Relationship": "Outer", "Join Type": "Inner", "Startup Cost": 0.0, "Total Cost": 19867.87, "Plan Rows": 6, "Plan Width": 16, "Inner Unique": false, "Join Filter": "(ci.role_id = rt.id)", "Plans": [{"Node Type": "Seq Scan", "Parent Relationship": "Outer", "Relation Name": "role_type", "Alias": "rt", "Startup Cost": 0.0, "Total Cost": 1.15, "Plan Rows": 1, "Plan Width": 4, "Filter": "((role)::text = 'actor'::text)"}, {"Node Type": "Nested Loop", "Parent Relationship": "Inner", "Join Type": "Inner", "Startup Cost": 0.0, "Total Cost": 19865.87, "Plan Rows": 68, "Plan Width": 20, "Inner Unique": false, "Plans": [{"Node Type": "Nested Loop", "Parent Relationship": "Outer", "Join Type": "Inner", "Startup Cost": 0.0, "Total Cost": 16121.55, "Plan Rows": 3779, "Plan Width": 8, "Inner Unique": false, "Plans": [{"Node Type": "Seq Scan", "Parent Relationship": "Outer", "Relation Name": "company_name", "Alias": "cn", "Startup Cost": 0.0, "Total Cost": 5903.45, "Plan Rows": 251, "Plan Width": 4, "Filter": "((country_code)::text = '[ru]'::text)"}, {"Node Type": "Index Scan", "Parent Relationship": "Inner", "Scan Direction": "Forward", "Index Name": "company_id_movie_companies", "Relation Name": "movie_companies", "Alias": "mc", "Startup Cost": 0.0, "Total Cost": 40.56, "Plan Rows": 15, "Plan Width": 12, "Index Cond": "(company_id = cn.id)"}]}, {"Node Type": "Index Scan", "Parent Relationship": "Inner", "Scan Direction": "Forward", "Index Name": "movie_id_cast_info", "Relation Name": "cast_info", "Alias": "ci", "Startup Cost": 0.0, "Total Cost": 0.98, "Plan Rows": 1, "Plan Width": 12, "Index Cond": "(movie_id = mc.movie_id)", "Filter": "(((note)::text ~~ '%(voice)%'::text) AND ((note)::text ~~ '%(uncredited)%'::text))"}]}]}, {"Node Type": "Index Scan", "Parent Relationship": "Inner", "Scan Direction": "Forward", "Index Name": "title_pkey", "Relation Name": "title", "Alias": "t", "Startup Cost": 0.0, "Total Cost": 0.34, "Plan Rows": 1, "Plan Width": 21, "Index Cond": "(id = mc.movie_id)", "Filter": "(production_year > 2005)"}]}, {"Node Type": "Index Scan", "Parent Relationship": "Inner", "Scan Direction": "Forward", "Index Name": "char_name_pkey", "Relation Name": "char_name", "Alias": "chn", "Startup Cost": 0.0, "Total Cost": 5.37, "Plan Rows": 1, "Plan Width": 20, "Index Cond": "(id = ci.person_role_id)"}]}, {"Node Type": "Index Only Scan", "Parent Relationship": "Inner", "Scan Direction": "Forward", "Index Name": "company_type_pkey", "Relation Name": "company_type", "Alias": "ct", "Startup Cost": 0.0, "Total Cost": 0.27, "Plan Rows": 1, "Plan Width": 4, "Index Cond": "(id = mc.company_type_id)"}]}]}, "Unique SQL Id": 2933943827, "Planner Runtime": 5}, "explain_analyze_plan": {"Plan": {"Node Type": "Aggregate", "Strategy": "Plain", "Startup Cost": 19897.43, "Total Cost": 19897.44, "Plan Rows": 1, "Plan Width": 97, "Actual Startup Time": 849.792, "Actual Total Time": 849.792, "Actual Rows": 1, "Actual Loops": 1, "Plans": [{"Node Type": "Nested Loop", "Parent Relationship": "Outer", "Join Type": "Inner", "Startup Cost": 0.0, "Total Cost": 19897.42, "Plan Rows": 2, "Plan Width": 33, "Actual Startup Time": 45.94, "Actual Total Time": 849.705, "Actual Rows": 18, "Actual Loops": 1, "Inner Unique": true, "Plans": [{"Node Type": "Nested Loop", "Parent Relationship": "Outer", "Join Type": "Inner", "Startup Cost": 0.0, "Total Cost": 19896.86, "Plan Rows": 2, "Plan Width": 37, "Actual Startup Time": 9.453, "Actual Total Time": 849.336, "Actual Rows": 104, "Actual Loops": 1, "Inner Unique": true, "Plans": [{"Node Type": "Nested Loop", "Parent Relationship": "Outer", "Join Type": "Inner", "Startup Cost": 0.0, "Total Cost": 19869.97, "Plan Rows": 5, "Plan Width": 25, "Actual Startup Time": 9.441, "Actual Total Time": 848.326, "Actual Rows": 112, "Actual Loops": 1, "Inner Unique": true, "Plans": [{"Node Type": "Nested Loop", "Parent Relationship": "Outer", "Join Type": "Inner", "Startup Cost": 0.0, "Total Cost": 19867.87, "Plan Rows": 6, "Plan Width": 16, "Actual Startup Time": 0.798, "Actual Total Time": 846.093, "Actual Rows": 275, "Actual Loops": 1, "Inner Unique": false, "Join Filter": "(ci.role_id = rt.id)", "Rows Removed by Join Filter": 102, "Plans": [{"Node Type": "Seq Scan", "Parent Relationship": "Outer", "Relation Name": "role_type", "Alias": "rt", "Startup Cost": 0.0, "Total Cost": 1.15, "Plan Rows": 1, "Plan Width": 4, "Actual Startup Time": 0.016, "Actual Total Time": 0.022, "Actual Rows": 1, "Actual Loops": 1, "Filter": "((role)::text = 'actor'::text)", "Rows Removed by Filter": 11}, {"Node Type": "Nested Loop", "Parent Relationship": "Inner", "Join Type": "Inner", "Startup Cost": 0.0, "Total Cost": 19865.87, "Plan Rows": 68, "Plan Width": 20, "Actual Startup Time": 0.763, "Actual Total Time": 845.809, "Actual Rows": 377, "Actual Loops": 1, "Inner Unique": false, "Plans": [{"Node Type": "Nested Loop", "Parent Relationship": "Outer", "Join Type": "Inner", "Startup Cost": 0.0, "Total Cost": 16121.55, "Plan Rows": 3779, "Plan Width": 8, "Actual Startup Time": 0.051, "Actual Total Time": 104.329, "Actual Rows": 8790, "Actual Loops": 1, "Inner Unique": false, "Plans": [{"Node Type": "Seq Scan", "Parent Relationship": "Outer", "Relation Name": "company_name", "Alias": "cn", "Startup Cost": 0.0, "Total Cost": 5903.45, "Plan Rows": 251, "Plan Width": 4, "Actual Startup Time": 0.034, "Actual Total Time": 81.103, "Actual Rows": 1361, "Actual Loops": 1, "Filter": "((country_code)::text = '[ru]'::text)", "Rows Removed by Filter": 233635}, {"Node Type": "Index Scan", "Parent Relationship": "Inner", "Scan Direction": "Forward", "Index Name": "company_id_movie_companies", "Relation Name": "movie_companies", "Alias": "mc", "Startup Cost": 0.0, "Total Cost": 40.56, "Plan Rows": 15, "Plan Width": 12, "Actual Startup Time": 8.58, "Actual Total Time": 20.037, "Actual Rows": 8790, "Actual Loops": 1361, "Index Cond": "(company_id = cn.id)", "Rows Removed by Index Recheck": 0}]}, {"Node Type": "Index Scan", "Parent Relationship": "Inner", "Scan Direction": "Forward", "Index Name": "movie_id_cast_info", "Relation Name": "cast_info", "Alias": "ci", "Startup Cost": 0.0, "Total Cost": 0.98, "Plan Rows": 1, "Plan Width": 12, "Actual Startup Time": 693.142, "Actual Total Time": 736.17, "Actual Rows": 377, "Actual Loops": 8790, "Index Cond": "(movie_id = mc.movie_id)", "Rows Removed by Index Recheck": 0, "Filter": "(((note)::text ~~ '%(voice)%'::text) AND ((note)::text ~~ '%(uncredited)%'::text))", "Rows Removed by Filter": 408168}]}]}, {"Node Type": "Index Scan", "Parent Relationship": "Inner", "Scan Direction": "Forward", "Index Name": "title_pkey", "Relation Name": "title", "Alias": "t", "Startup Cost": 0.0, "Total Cost": 0.34, "Plan Rows": 1, "Plan Width": 21, "Actual Startup Time": 1.815, "Actual Total Time": 1.815, "Actual Rows": 112, "Actual Loops": 275, "Index Cond": "(id = mc.movie_id)", "Rows Removed by Index Recheck": 0, "Filter": "(production_year > 2005)", "Rows Removed by Filter": 163}]}, {"Node Type": "Index Scan", "Parent Relationship": "Inner", "Scan Direction": "Forward", "Index Name": "char_name_pkey", "Relation Name": "char_name", "Alias": "chn", "Startup Cost": 0.0, "Total Cost": 5.37, "Plan Rows": 1, "Plan Width": 20, "Actual Startup Time": 0.744, "Actual Total Time": 0.744, "Actual Rows": 104, "Actual Loops": 112, "Index Cond": "(id = ci.person_role_id)", "Rows Removed by Index Recheck": 0}]}, {"Node Type": "Index Only Scan", "Parent Relationship": "Inner", "Scan Direction": "Forward", "Index Name": "company_type_pkey", "Relation Name": "company_type", "Alias": "ct", "Startup Cost": 0.0, "Total Cost": 0.27, "Plan Rows": 1, "Plan Width": 4, "Actual Startup Time": 0.203, "Actual Total Time": 0.203, "Actual Rows": 18, "Actual Loops": 104, "Index Cond": "(id = mc.company_type_id)", "Rows Removed by Index Recheck": 0, "Heap Fetches": 0}]}]}, "Triggers": [], "Planner Runtime": 3, "Total Runtime": 850.164, "Unique SQL Id": 2933943827}}, "(1, 33)": {"explain_plan": {"Plan": {"Node Type": "Aggregate", "Strategy": "Plain", "Startup Cost": 24506.67, "Total Cost": 24506.68, "Plan Rows": 1, "Plan Width": 97, "Plans": [{"Node Type": "Nested Loop", "Parent Relationship": "Outer", "Join Type": "Inner", "Startup Cost": 0.0, "Total Cost": 24506.66, "Plan Rows": 2, "Plan Width": 33, "Inner Unique": true, "Plans": [{"Node Type": "Nested Loop", "Parent Relationship": "Outer", "Join Type": "Inner", "Startup Cost": 0.0, "Total Cost": 24506.1, "Plan Rows": 2, "Plan Width": 37, "Inner Unique": true, "Plans": [{"Node Type": "Nested Loop", "Parent Relationship": "Outer", "Join Type": "Inner", "Startup Cost": 0.0, "Total Cost": 24479.22, "Plan Rows": 5, "Plan Width": 25, "Inner Unique": true, "Plans": [{"Node Type": "Nested Loop", "Parent Relationship": "Outer", "Join Type": "Inner", "Startup Cost": 0.0, "Total Cost": 24477.12, "Plan Rows": 6, "Plan Width": 16, "Inner Unique": false, "Join Filter": "(ci.role_id = rt.id)", "Plans": [{"Node Type": "Index Scan", "Parent Relationship": "Outer", "Scan Direction": "Forward", "Index Name": "role_type_pkey", "Relation Name": "role_type", "Alias": "rt", "Startup Cost": 0.0, "Total Cost": 12.46, "Plan Rows": 1, "Plan Width": 4, "Filter": "((role)::text = 'actor'::text)"}, {"Node Type": "Nested Loop", "Parent Relationship": "Inner", "Join Type": "Inner", "Startup Cost": 0.0, "Total Cost": 24463.81, "Plan Rows": 68, "Plan Width": 20, "Inner Unique": false, "Plans": [{"Node Type": "Nested Loop", "Parent Relationship": "Outer", "Join Type": "Inner", "Startup Cost": 0.0, "Total Cost": 20719.49, "Plan Rows": 3779, "Plan Width": 8, "Inner Unique": false, "Plans": [{"Node Type": "Index Scan", "Parent Relationship": "Outer", "Scan Direction": "Forward", "Index Name": "company_name_pkey", "Relation Name": "company_name", "Alias": "cn", "Startup Cost": 0.0, "Total Cost": 10501.39, "Plan Rows": 251, "Plan Width": 4, "Filter": "((country_code)::text = '[ru]'::text)"}, {"Node Type": "Index Scan", "Parent Relationship": "Inner", "Scan Direction": "Forward", "Index Name": "company_id_movie_companies", "Relation Name": "movie_companies", "Alias": "mc", "Startup Cost": 0.0, "Total Cost": 40.56, "Plan Rows": 15, "Plan Width": 12, "Index Cond": "(company_id = cn.id)"}]}, {"Node Type": "Index Scan", "Parent Relationship": "Inner", "Scan Direction": "Forward", "Index Name": "movie_id_cast_info", "Relation Name": "cast_info", "Alias": "ci", "Startup Cost": 0.0, "Total Cost": 0.98, "Plan Rows": 1, "Plan Width": 12, "Index Cond": "(movie_id = mc.movie_id)", "Filter": "(((note)::text ~~ '%(voice)%'::text) AND ((note)::text ~~ '%(uncredited)%'::text))"}]}]}, {"Node Type": "Index Scan", "Parent Relationship": "Inner", "Scan Direction": "Forward", "Index Name": "title_pkey", "Relation Name": "title", "Alias": "t", "Startup Cost": 0.0, "Total Cost": 0.34, "Plan Rows": 1, "Plan Width": 21, "Index Cond": "(id = mc.movie_id)", "Filter": "(production_year > 2005)"}]}, {"Node Type": "Index Scan", "Parent Relationship": "Inner", "Scan Direction": "Forward", "Index Name": "char_name_pkey", "Relation Name": "char_name", "Alias": "chn", "Startup Cost": 0.0, "Total Cost": 5.37, "Plan Rows": 1, "Plan Width": 20, "Index Cond": "(id = ci.person_role_id)"}]}, {"Node Type": "Index Only Scan", "Parent Relationship": "Inner", "Scan Direction": "Forward", "Index Name": "company_type_pkey", "Relation Name": "company_type", "Alias": "ct", "Startup Cost": 0.0, "Total Cost": 0.27, "Plan Rows": 1, "Plan Width": 4, "Index Cond": "(id = mc.company_type_id)"}]}]}, "Unique SQL Id": 2933943827, "Planner Runtime": 4}, "explain_analyze_plan": {"Plan": {"Node Type": "Aggregate", "Strategy": "Plain", "Startup Cost": 24506.67, "Total Cost": 24506.68, "Plan Rows": 1, "Plan Width": 97, "Actual Startup Time": 1109.578, "Actual Total Time": 1109.578, "Actual Rows": 1, "Actual Loops": 1, "Plans": [{"Node Type": "Nested Loop", "Parent Relationship": "Outer", "Join Type": "Inner", "Startup Cost": 0.0, "Total Cost": 24506.66, "Plan Rows": 2, "Plan Width": 33, "Actual Startup Time": 29.393, "Actual Total Time": 1109.498, "Actual Rows": 18, "Actual Loops": 1, "Inner Unique": true, "Plans": [{"Node Type": "Nested Loop", "Parent Relationship": "Outer", "Join Type": "Inner", "Startup Cost": 0.0, "Total Cost": 24506.1, "Plan Rows": 2, "Plan Width": 37, "Actual Startup Time": 22.505, "Actual Total Time": 1109.156, "Actual Rows": 104, "Actual Loops": 1, "Inner Unique": true, "Plans": [{"Node Type": "Nested Loop", "Parent Relationship": "Outer", "Join Type": "Inner", "Startup Cost": 0.0, "Total Cost": 24479.22, "Plan Rows": 5, "Plan Width": 25, "Actual Startup Time": 22.492, "Actual Total Time": 1108.078, "Actual Rows": 112, "Actual Loops": 1, "Inner Unique": true, "Plans": [{"Node Type": "Nested Loop", "Parent Relationship": "Outer", "Join Type": "Inner", "Startup Cost": 0.0, "Total Cost": 24477.12, "Plan Rows": 6, "Plan Width": 16, "Actual Startup Time": 6.312, "Actual Total Time": 1105.702, "Actual Rows": 275, "Actual Loops": 1, "Inner Unique": false, "Join Filter": "(ci.role_id = rt.id)", "Rows Removed by Join Filter": 102, "Plans": [{"Node Type": "Index Scan", "Parent Relationship": "Outer", "Scan Direction": "Forward", "Index Name": "role_type_pkey", "Relation Name": "role_type", "Alias": "rt", "Startup Cost": 0.0, "Total Cost": 12.46, "Plan Rows": 1, "Plan Width": 4, "Actual Startup Time": 0.019, "Actual Total Time": 0.032, "Actual Rows": 1, "Actual Loops": 1, "Filter": "((role)::text = 'actor'::text)", "Rows Removed by Filter": 11}, {"Node Type": "Nested Loop", "Parent Relationship": "Inner", "Join Type": "Inner", "Startup Cost": 0.0, "Total Cost": 24463.81, "Plan Rows": 68, "Plan Width": 20, "Actual Startup Time": 6.284, "Actual Total Time": 1105.39, "Actual Rows": 377, "Actual Loops": 1, "Inner Unique": false, "Plans": [{"Node Type": "Nested Loop", "Parent Relationship": "Outer", "Join Type": "Inner", "Startup Cost": 0.0, "Total Cost": 20719.49, "Plan Rows": 3779, "Plan Width": 8, "Actual Startup Time": 0.444, "Actual Total Time": 336.747, "Actual Rows": 8790, "Actual Loops": 1, "Inner Unique": false, "Plans": [{"Node Type": "Index Scan", "Parent Relationship": "Outer", "Scan Direction": "Forward", "Index Name": "company_name_pkey", "Relation Name": "company_name", "Alias": "cn", "Startup Cost": 0.0, "Total Cost": 10501.39, "Plan Rows": 251, "Plan Width": 4, "Actual Startup Time": 0.43, "Actual Total Time": 312.872, "Actual Rows": 1361, "Actual Loops": 1, "Filter": "((country_code)::text = '[ru]'::text)", "Rows Removed by Filter": 233635}, {"Node Type": "Index Scan", "Parent Relationship": "Inner", "Scan Direction": "Forward", "Index Name": "company_id_movie_companies", "Relation Name": "movie_companies", "Alias": "mc", "Startup Cost": 0.0, "Total Cost": 40.56, "Plan Rows": 15, "Plan Width": 12, "Actual Startup Time": 8.429, "Actual Total Time": 20.182, "Actual Rows": 8790, "Actual Loops": 1361, "Index Cond": "(company_id = cn.id)", "Rows Removed by Index Recheck": 0}]}, {"Node Type": "Index Scan", "Parent Relationship": "Inner", "Scan Direction": "Forward", "Index Name": "movie_id_cast_info", "Relation Name": "cast_info", "Alias": "ci", "Startup Cost": 0.0, "Total Cost": 0.98, "Plan Rows": 1, "Plan Width": 12, "Actual Startup Time": 717.855, "Actual Total Time": 762.941, "Actual Rows": 377, "Actual Loops": 8790, "Index Cond": "(movie_id = mc.movie_id)", "Rows Removed by Index Recheck": 0, "Filter": "(((note)::text ~~ '%(voice)%'::text) AND ((note)::text ~~ '%(uncredited)%'::text))", "Rows Removed by Filter": 408168}]}]}, {"Node Type": "Index Scan", "Parent Relationship": "Inner", "Scan Direction": "Forward", "Index Name": "title_pkey", "Relation Name": "title", "Alias": "t", "Startup Cost": 0.0, "Total Cost": 0.34, "Plan Rows": 1, "Plan Width": 21, "Actual Startup Time": 1.933, "Actual Total Time": 1.933, "Actual Rows": 112, "Actual Loops": 275, "Index Cond": "(id = mc.movie_id)", "Rows Removed by Index Recheck": 0, "Filter": "(production_year > 2005)", "Rows Removed by Filter": 163}]}, {"Node Type": "Index Scan", "Parent Relationship": "Inner", "Scan Direction": "Forward", "Index Name": "char_name_pkey", "Relation Name": "char_name", "Alias": "chn", "Startup Cost": 0.0, "Total Cost": 5.37, "Plan Rows": 1, "Plan Width": 20, "Actual Startup Time": 0.818, "Actual Total Time": 0.818, "Actual Rows": 104, "Actual Loops": 112, "Index Cond": "(id = ci.person_role_id)", "Rows Removed by Index Recheck": 0}]}, {"Node Type": "Index Only Scan", "Parent Relationship": "Inner", "Scan Direction": "Forward", "Index Name": "company_type_pkey", "Relation Name": "company_type", "Alias": "ct", "Startup Cost": 0.0, "Total Cost": 0.27, "Plan Rows": 1, "Plan Width": 4, "Actual Startup Time": 0.182, "Actual Total Time": 0.182, "Actual Rows": 18, "Actual Loops": 104, "Index Cond": "(id = mc.company_type_id)", "Rows Removed by Index Recheck": 0, "Heap Fetches": 0}]}]}, "Triggers": [], "Planner Runtime": 3, "Total Runtime": 1109.893, "Unique SQL Id": 2933943827}}, "(1, 34)": {"explain_plan": {"Plan": {"Node Type": "Aggregate", "Strategy": "Plain", "Startup Cost": 38342.48, "Total Cost": 38342.49, "Plan Rows": 1, "Plan Width": 97, "Plans": [{"Node Type": "Nested Loop", "Parent Relationship": "Outer", "Join Type": "Inner", "Startup Cost": 7.4, "Total Cost": 38342.47, "Plan Rows": 2, "Plan Width": 33, "Inner Unique": false, "Join Filter": "(mc.company_type_id = ct.id)", "Plans": [{"Node Type": "Seq Scan", "Parent Relationship": "Outer", "Relation Name": "company_type", "Alias": "ct", "Startup Cost": 0.0, "Total Cost": 1.03, "Plan Rows": 3, "Plan Width": 4}, {"Node Type": "Materialize", "Parent Relationship": "Inner", "Startup Cost": 7.4, "Total Cost": 38341.35, "Plan Rows": 2, "Plan Width": 37, "Plans": [{"Node Type": "Nested Loop", "Parent Relationship": "Outer", "Join Type": "Inner", "Startup Cost": 7.4, "Total Cost": 38341.34, "Plan Rows": 2, "Plan Width": 37, "Inner Unique": true, "Plans": [{"Node Type": "Nested Loop", "Parent Relationship": "Outer", "Join Type": "Inner", "Startup Cost": 7.13, "Total Cost": 38328.45, "Plan Rows": 3, "Plan Width": 28, "Inner Unique": true, "Plans": [{"Node Type": "Nested Loop", "Parent Relationship": "Outer", "Join Type": "Inner", "Startup Cost": 4.83, "Total Cost": 38290.52, "Plan Rows": 6, "Plan Width": 16, "Inner Unique": false, "Join Filter": "(ci.role_id = rt.id)", "Plans": [{"Node Type": "Seq Scan", "Parent Relationship": "Outer", "Relation Name": "role_type", "Alias": "rt", "Startup Cost": 0.0, "Total Cost": 1.15, "Plan Rows": 1, "Plan Width": 4, "Filter": "((role)::text = 'actor'::text)"}, {"Node Type": "Nested Loop", "Parent Relationship": "Inner", "Join Type": "Inner", "Startup Cost": 4.83, "Total Cost": 38288.52, "Plan Rows": 68, "Plan Width": 20, "Inner Unique": false, "Plans": [{"Node Type": "Nested Loop", "Parent Relationship": "Outer", "Join Type": "Inner", "Startup Cost": 4.32, "Total Cost": 20813.55, "Plan Rows": 3779, "Plan Width": 8, "Inner Unique": false, "Plans": [{"Node Type": "Seq Scan", "Parent Relationship": "Outer", "Relation Name": "company_name", "Alias": "cn", "Startup Cost": 0.0, "Total Cost": 5903.45, "Plan Rows": 251, "Plan Width": 4, "Filter": "((country_code)::text = '[ru]'::text)"}, {"Node Type": "Bitmap Heap Scan", "Parent Relationship": "Inner", "Relation Name": "movie_companies", "Alias": "mc", "Startup Cost": 4.32, "Total Cost": 59.25, "Plan Rows": 15, "Plan Width": 12, "Recheck Cond": "(company_id = cn.id)", "Plans": [{"Node Type": "Bitmap Index Scan", "Parent Relationship": "Outer", "Index Name": "company_id_movie_companies", "Startup Cost": 0.0, "Total Cost": 4.31, "Plan Rows": 15, "Plan Width": 0, "Index Cond": "(company_id = cn.id)"}]}]}, {"Node Type": "Bitmap Heap Scan", "Parent Relationship": "Inner", "Relation Name": "cast_info", "Alias": "ci", "Startup Cost": 0.51, "Total Cost": 4.61, "Plan Rows": 1, "Plan Width": 12, "Recheck Cond": "(movie_id = mc.movie_id)", "Filter": "(((note)::text ~~ '%(voice)%'::text) AND ((note)::text ~~ '%(uncredited)%'::text))", "Plans": [{"Node Type": "Bitmap Index Scan", "Parent Relationship": "Outer", "Index Name": "movie_id_cast_info", "Startup Cost": 0.0, "Total Cost": 0.51, "Plan Rows": 6, "Plan Width": 0, "Index Cond": "(movie_id = mc.movie_id)"}]}]}]}, {"Node Type": "Bitmap Heap Scan", "Parent Relationship": "Inner", "Relation Name": "char_name", "Alias": "chn", "Startup Cost": 2.3, "Total Cost": 6.31, "Plan Rows": 1, "Plan Width": 20, "Recheck Cond": "(id = ci.person_role_id)", "Plans": [{"Node Type": "Bitmap Index Scan", "Parent Relationship": "Outer", "Index Name": "char_name_pkey", "Startup Cost": 0.0, "Total Cost": 2.3, "Plan Rows": 1, "Plan Width": 0, "Index Cond": "(id = ci.person_role_id)"}]}]}, {"Node Type": "Bitmap Heap Scan", "Parent Relationship": "Inner", "Relation Name": "title", "Alias": "t", "Startup Cost": 0.27, "Total Cost": 4.29, "Plan Rows": 1, "Plan Width": 21, "Recheck Cond": "(id = mc.movie_id)", "Filter": "(production_year > 2005)", "Plans": [{"Node Type": "Bitmap Index Scan", "Parent Relationship": "Outer", "Index Name": "title_pkey", "Startup Cost": 0.0, "Total Cost": 0.27, "Plan Rows": 1, "Plan Width": 0, "Index Cond": "(id = mc.movie_id)"}]}]}]}]}]}, "Unique SQL Id": 2933943827, "Planner Runtime": 6}, "explain_analyze_plan": {"Plan": {"Node Type": "Aggregate", "Strategy": "Plain", "Startup Cost": 38342.48, "Total Cost": 38342.49, "Plan Rows": 1, "Plan Width": 97, "Actual Startup Time": 1051.606, "Actual Total Time": 1051.606, "Actual Rows": 1, "Actual Loops": 1, "Plans": [{"Node Type": "Nested Loop", "Parent Relationship": "Outer", "Join Type": "Inner", "Startup Cost": 7.4, "Total Cost": 38342.47, "Plan Rows": 2, "Plan Width": 33, "Actual Startup Time": 61.331, "Actual Total Time": 1051.524, "Actual Rows": 18, "Actual Loops": 1, "Inner Unique": false, "Join Filter": "(mc.company_type_id = ct.id)", "Rows Removed by Join Filter": 294, "Plans": [{"Node Type": "Seq Scan", "Parent Relationship": "Outer", "Relation Name": "company_type", "Alias": "ct", "Startup Cost": 0.0, "Total Cost": 1.03, "Plan Rows": 3, "Plan Width": 4, "Actual Startup Time": 0.013, "Actual Total Time": 0.015, "Actual Rows": 3, "Actual Loops": 1}, {"Node Type": "Materialize", "Parent Relationship": "Inner", "Startup Cost": 7.4, "Total Cost": 38341.35, "Plan Rows": 2, "Plan Width": 37, "Actual Startup Time": 12.803, "Actual Total Time": 1051.351, "Actual Rows": 312, "Actual Loops": 3, "Plans": [{"Node Type": "Nested Loop", "Parent Relationship": "Outer", "Join Type": "Inner", "Startup Cost": 7.4, "Total Cost": 38341.34, "Plan Rows": 2, "Plan Width": 37, "Actual Startup Time": 12.796, "Actual Total Time": 1051.168, "Actual Rows": 104, "Actual Loops": 1, "Inner Unique": true, "Plans": [{"Node Type": "Nested Loop", "Parent Relationship": "Outer", "Join Type": "Inner", "Startup Cost": 7.13, "Total Cost": 38328.45, "Plan Rows": 3, "Plan Width": 28, "Actual Startup Time": 1.092, "Actual Total Time": 1048.264, "Actual Rows": 265, "Actual Loops": 1, "Inner Unique": true, "Plans": [{"Node Type": "Nested Loop", "Parent Relationship": "Outer", "Join Type": "Inner", "Startup Cost": 4.83, "Total Cost": 38290.52, "Plan Rows": 6, "Plan Width": 16, "Actual Startup Time": 1.074, "Actual Total Time": 1039.87, "Actual Rows": 275, "Actual Loops": 1, "Inner Unique": false, "Join Filter": "(ci.role_id = rt.id)", "Rows Removed by Join Filter": 102, "Plans": [{"Node Type": "Seq Scan", "Parent Relationship": "Outer", "Relation Name": "role_type", "Alias": "rt", "Startup Cost": 0.0, "Total Cost": 1.15, "Plan Rows": 1, "Plan Width": 4, "Actual Startup Time": 0.011, "Actual Total Time": 0.017, "Actual Rows": 1, "Actual Loops": 1, "Filter": "((role)::text = 'actor'::text)", "Rows Removed by Filter": 11}, {"Node Type": "Nested Loop", "Parent Relationship": "Inner", "Join Type": "Inner", "Startup Cost": 4.83, "Total Cost": 38288.52, "Plan Rows": 68, "Plan Width": 20, "Actual Startup Time": 1.053, "Actual Total Time": 1039.552, "Actual Rows": 377, "Actual Loops": 1, "Inner Unique": false, "Plans": [{"Node Type": "Nested Loop", "Parent Relationship": "Outer", "Join Type": "Inner", "Startup Cost": 4.32, "Total Cost": 20813.55, "Plan Rows": 3779, "Plan Width": 8, "Actual Startup Time": 0.076, "Actual Total Time": 113.43, "Actual Rows": 8790, "Actual Loops": 1, "Inner Unique": false, "Plans": [{"Node Type": "Seq Scan", "Parent Relationship": "Outer", "Relation Name": "company_name", "Alias": "cn", "Startup Cost": 0.0, "Total Cost": 5903.45, "Plan Rows": 251, "Plan Width": 4, "Actual Startup Time": 0.037, "Actual Total Time": 82.281, "Actual Rows": 1361, "Actual Loops": 1, "Filter": "((country_code)::text = '[ru]'::text)", "Rows Removed by Filter": 233635}, {"Node Type": "Bitmap Heap Scan", "Parent Relationship": "Inner", "Relation Name": "movie_companies", "Alias": "mc", "Startup Cost": 4.32, "Total Cost": 59.25, "Plan Rows": 15, "Plan Width": 12, "Actual Startup Time": 13.444, "Actual Total Time": 26.33, "Actual Rows": 8790, "Actual Loops": 1361, "Recheck Cond": "(company_id = cn.id)", "Rows Removed by Index Recheck": 0, "Exact Heap Blocks": 7155, "Lossy Heap Blocks": 7155, "Plans": [{"Node Type": "Bitmap Index Scan", "Parent Relationship": "Outer", "Index Name": "company_id_movie_companies", "Startup Cost": 0.0, "Total Cost": 4.31, "Plan Rows": 15, "Plan Width": 0, "Actual Startup Time": 8.375, "Actual Total Time": 8.375, "Actual Rows": 8790, "Actual Loops": 1361, "Index Cond": "(company_id = cn.id)"}]}]}, {"Node Type": "Bitmap Heap Scan", "Parent Relationship": "Inner", "Relation Name": "cast_info", "Alias": "ci", "Startup Cost": 0.51, "Total Cost": 4.61, "Plan Rows": 1, "Plan Width": 12, "Actual Startup Time": 862.141, "Actual Total Time": 909.97, "Actual Rows": 377, "Actual Loops": 8790, "Recheck Cond": "(movie_id = mc.movie_id)", "Rows Removed by Index Recheck": 0, "Filter": "(((note)::text ~~ '%(voice)%'::text) AND ((note)::text ~~ '%(uncredited)%'::text))", "Rows Removed by Filter": 408168, "Exact Heap Blocks": 397651, "Lossy Heap Blocks": 397651, "Plans": [{"Node Type": "Bitmap Index Scan", "Parent Relationship": "Outer", "Index Name": "movie_id_cast_info", "Startup Cost": 0.0, "Total Cost": 0.51, "Plan Rows": 6, "Plan Width": 0, "Actual Startup Time": 120.878, "Actual Total Time": 120.878, "Actual Rows": 408545, "Actual Loops": 8790, "Index Cond": "(movie_id = mc.movie_id)"}]}]}]}, {"Node Type": "Bitmap Heap Scan", "Parent Relationship": "Inner", "Relation Name": "char_name", "Alias": "chn", "Startup Cost": 2.3, "Total Cost": 6.31, "Plan Rows": 1, "Plan Width": 20, "Actual Startup Time": 7.588, "Actual Total Time": 7.588, "Actual Rows": 265, "Actual Loops": 275, "Recheck Cond": "(id = ci.person_role_id)", "Rows Removed by Index Recheck": 0, "Exact Heap Blocks": 265, "Lossy Heap Blocks": 265, "Plans": [{"Node Type": "Bitmap Index Scan", "Parent Relationship": "Outer", "Index Name": "char_name_pkey", "Startup Cost": 0.0, "Total Cost": 2.3, "Plan Rows": 1, "Plan Width": 0, "Actual Startup Time": 4.854, "Actual Total Time": 4.854, "Actual Rows": 265, "Actual Loops": 275, "Index Cond": "(id = ci.person_role_id)"}]}]}, {"Node Type": "Bitmap Heap Scan", "Parent Relationship": "Inner", "Relation Name": "title", "Alias": "t", "Startup Cost": 0.27, "Total Cost": 4.29, "Plan Rows": 1, "Plan Width": 21, "Actual Startup Time": 2.217, "Actual Total Time": 2.217, "Actual Rows": 104, "Actual Loops": 265, "Recheck Cond": "(id = mc.movie_id)", "Rows Removed by Index Recheck": 0, "Filter": "(production_year > 2005)", "Rows Removed by Filter": 161, "Exact Heap Blocks": 265, "Lossy Heap Blocks": 265, "Plans": [{"Node Type": "Bitmap Index Scan", "Parent Relationship": "Outer", "Index Name": "title_pkey", "Startup Cost": 0.0, "Total Cost": 0.27, "Plan Rows": 1, "Plan Width": 0, "Actual Startup Time": 1.362, "Actual Total Time": 1.362, "Actual Rows": 265, "Actual Loops": 265, "Index Cond": "(id = mc.movie_id)"}]}]}]}]}]}, "Triggers": [], "Planner Runtime": 4, "Total Runtime": 1051.978, "Unique SQL Id": 2933943827}}, "(1, 35)": {"explain_plan": {"Plan": {"Node Type": "Aggregate", "Strategy": "Plain", "Startup Cost": 1000020511889.56, "Total Cost": 1000020511889.57, "Plan Rows": 1, "Plan Width": 97, "Plans": [{"Node Type": "Nested Loop", "Parent Relationship": "Outer", "Join Type": "Inner", "Startup Cost": 10000000003.85, "Total Cost": 1000020511889.55, "Plan Rows": 2, "Plan Width": 33, "Inner Unique": true, "Plans": [{"Node Type": "Nested Loop", "Parent Relationship": "Outer", "Join Type": "Inner", "Startup Cost": 10000000003.6, "Total Cost": 1000020511880.99, "Plan Rows": 2, "Plan Width": 37, "Inner Unique": true, "Plans": [{"Node Type": "Nested Loop", "Parent Relationship": "Outer", "Join Type": "Inner", "Startup Cost": 10000000003.32, "Total Cost": 1000020511868.1, "Plan Rows": 3, "Plan Width": 28, "Inner Unique": true, "Plans": [{"Node Type": "Nested Loop", "Parent Relationship": "Outer", "Join Type": "Inner", "Startup Cost": 10000000001.03, "Total Cost": 1000020511830.17, "Plan Rows": 6, "Plan Width": 16, "Inner Unique": true, "Plans": [{"Node Type": "Nested Loop", "Parent Relationship": "Outer", "Join Type": "Inner", "Startup Cost": 10000000000.77, "Total Cost": 1000020511538.92, "Plan Rows": 68, "Plan Width": 20, "Inner Unique": false, "Plans": [{"Node Type": "Nested Loop", "Parent Relationship": "Outer", "Join Type": "Inner", "Startup Cost": 10000000000.26, "Total Cost": 1000020494063.94, "Plan Rows": 3779, "Plan Width": 8, "Inner Unique": true, "Plans": [{"Node Type": "Index Scan", "Parent Relationship": "Outer", "Scan Direction": "Forward", "Index Name": "company_type_id_movie_companies", "Relation Name": "movie_companies", "Alias": "mc", "Startup Cost": 10000000000.0, "Total Cost": 1000009318217.0, "Plan Rows": 2609128, "Plan Width": 12}, {"Node Type": "Bitmap Heap Scan", "Parent Relationship": "Inner", "Relation Name": "company_name", "Alias": "cn", "Startup Cost": 0.26, "Total Cost": 4.27, "Plan Rows": 1, "Plan Width": 4, "Recheck Cond": "(id = mc.company_id)", "Filter": "((country_code)::text = '[ru]'::text)", "Plans": [{"Node Type": "Bitmap Index Scan", "Parent Relationship": "Outer", "Index Name": "company_name_pkey", "Startup Cost": 0.0, "Total Cost": 0.26, "Plan Rows": 1, "Plan Width": 0, "Index Cond": "(id = mc.company_id)"}]}]}, {"Node Type": "Bitmap Heap Scan", "Parent Relationship": "Inner", "Relation Name": "cast_info", "Alias": "ci", "Startup Cost": 0.51, "Total Cost": 4.61, "Plan Rows": 1, "Plan Width": 12, "Recheck Cond": "(movie_id = mc.movie_id)", "Filter": "(((note)::text ~~ '%(voice)%'::text) AND ((note)::text ~~ '%(uncredited)%'::text))", "Plans": [{"Node Type": "Bitmap Index Scan", "Parent Relationship": "Outer", "Index Name": "movie_id_cast_info", "Startup Cost": 0.0, "Total Cost": 0.51, "Plan Rows": 6, "Plan Width": 0, "Index Cond": "(movie_id = mc.movie_id)"}]}]}, {"Node Type": "Bitmap Heap Scan", "Parent Relationship": "Inner", "Relation Name": "role_type", "Alias": "rt", "Startup Cost": 0.26, "Total Cost": 4.27, "Plan Rows": 1, "Plan Width": 4, "Recheck Cond": "(id = ci.role_id)", "Filter": "((role)::text = 'actor'::text)", "Plans": [{"Node Type": "Bitmap Index Scan", "Parent Relationship": "Outer", "Index Name": "role_type_pkey", "Startup Cost": 0.0, "Total Cost": 0.26, "Plan Rows": 1, "Plan Width": 0, "Index Cond": "(id = ci.role_id)"}]}]}, {"Node Type": "Bitmap Heap Scan", "Parent Relationship": "Inner", "Relation Name": "char_name", "Alias": "chn", "Startup Cost": 2.3, "Total Cost": 6.31, "Plan Rows": 1, "Plan Width": 20, "Recheck Cond": "(id = ci.person_role_id)", "Plans": [{"Node Type": "Bitmap Index Scan", "Parent Relationship": "Outer", "Index Name": "char_name_pkey", "Startup Cost": 0.0, "Total Cost": 2.3, "Plan Rows": 1, "Plan Width": 0, "Index Cond": "(id = ci.person_role_id)"}]}]}, {"Node Type": "Bitmap Heap Scan", "Parent Relationship": "Inner", "Relation Name": "title", "Alias": "t", "Startup Cost": 0.27, "Total Cost": 4.29, "Plan Rows": 1, "Plan Width": 21, "Recheck Cond": "(id = mc.movie_id)", "Filter": "(production_year > 2005)", "Plans": [{"Node Type": "Bitmap Index Scan", "Parent Relationship": "Outer", "Index Name": "title_pkey", "Startup Cost": 0.0, "Total Cost": 0.27, "Plan Rows": 1, "Plan Width": 0, "Index Cond": "(id = mc.movie_id)"}]}]}, {"Node Type": "Bitmap Heap Scan", "Parent Relationship": "Inner", "Relation Name": "company_type", "Alias": "ct", "Startup Cost": 0.26, "Total Cost": 4.27, "Plan Rows": 1, "Plan Width": 4, "Recheck Cond": "(id = mc.company_type_id)", "Plans": [{"Node Type": "Bitmap Index Scan", "Parent Relationship": "Outer", "Index Name": "company_type_pkey", "Startup Cost": 0.0, "Total Cost": 0.26, "Plan Rows": 1, "Plan Width": 0, "Index Cond": "(id = mc.company_type_id)"}]}]}]}, "Unique SQL Id": 2933943827, "Planner Runtime": 3}, "explain_analyze_plan": null}, "(1, 36)": {"explain_plan": {"Plan": {"Node Type": "Aggregate", "Strategy": "Plain", "Startup Cost": 19897.43, "Total Cost": 19897.44, "Plan Rows": 1, "Plan Width": 97, "Plans": [{"Node Type": "Nested Loop", "Parent Relationship": "Outer", "Join Type": "Inner", "Startup Cost": 0.0, "Total Cost": 19897.42, "Plan Rows": 2, "Plan Width": 33, "Inner Unique": true, "Plans": [{"Node Type": "Nested Loop", "Parent Relationship": "Outer", "Join Type": "Inner", "Startup Cost": 0.0, "Total Cost": 19896.86, "Plan Rows": 2, "Plan Width": 37, "Inner Unique": true, "Plans": [{"Node Type": "Nested Loop", "Parent Relationship": "Outer", "Join Type": "Inner", "Startup Cost": 0.0, "Total Cost": 19869.97, "Plan Rows": 5, "Plan Width": 25, "Inner Unique": true, "Plans": [{"Node Type": "Nested Loop", "Parent Relationship": "Outer", "Join Type": "Inner", "Startup Cost": 0.0, "Total Cost": 19867.87, "Plan Rows": 6, "Plan Width": 16, "Inner Unique": false, "Join Filter": "(ci.role_id = rt.id)", "Plans": [{"Node Type": "Seq Scan", "Parent Relationship": "Outer", "Relation Name": "role_type", "Alias": "rt", "Startup Cost": 0.0, "Total Cost": 1.15, "Plan Rows": 1, "Plan Width": 4, "Filter": "((role)::text = 'actor'::text)"}, {"Node Type": "Nested Loop", "Parent Relationship": "Inner", "Join Type": "Inner", "Startup Cost": 0.0, "Total Cost": 19865.87, "Plan Rows": 68, "Plan Width": 20, "Inner Unique": false, "Plans": [{"Node Type": "Nested Loop", "Parent Relationship": "Outer", "Join Type": "Inner", "Startup Cost": 0.0, "Total Cost": 16121.55, "Plan Rows": 3779, "Plan Width": 8, "Inner Unique": false, "Plans": [{"Node Type": "Seq Scan", "Parent Relationship": "Outer", "Relation Name": "company_name", "Alias": "cn", "Startup Cost": 0.0, "Total Cost": 5903.45, "Plan Rows": 251, "Plan Width": 4, "Filter": "((country_code)::text = '[ru]'::text)"}, {"Node Type": "Index Scan", "Parent Relationship": "Inner", "Scan Direction": "Forward", "Index Name": "company_id_movie_companies", "Relation Name": "movie_companies", "Alias": "mc", "Startup Cost": 0.0, "Total Cost": 40.56, "Plan Rows": 15, "Plan Width": 12, "Index Cond": "(company_id = cn.id)"}]}, {"Node Type": "Index Scan", "Parent Relationship": "Inner", "Scan Direction": "Forward", "Index Name": "movie_id_cast_info", "Relation Name": "cast_info", "Alias": "ci", "Startup Cost": 0.0, "Total Cost": 0.98, "Plan Rows": 1, "Plan Width": 12, "Index Cond": "(movie_id = mc.movie_id)", "Filter": "(((note)::text ~~ '%(voice)%'::text) AND ((note)::text ~~ '%(uncredited)%'::text))"}]}]}, {"Node Type": "Index Scan", "Parent Relationship": "Inner", "Scan Direction": "Forward", "Index Name": "title_pkey", "Relation Name": "title", "Alias": "t", "Startup Cost": 0.0, "Total Cost": 0.34, "Plan Rows": 1, "Plan Width": 21, "Index Cond": "(id = mc.movie_id)", "Filter": "(production_year > 2005)"}]}, {"Node Type": "Index Scan", "Parent Relationship": "Inner", "Scan Direction": "Forward", "Index Name": "char_name_pkey", "Relation Name": "char_name", "Alias": "chn", "Startup Cost": 0.0, "Total Cost": 5.37, "Plan Rows": 1, "Plan Width": 20, "Index Cond": "(id = ci.person_role_id)"}]}, {"Node Type": "Index Scan", "Parent Relationship": "Inner", "Scan Direction": "Forward", "Index Name": "company_type_pkey", "Relation Name": "company_type", "Alias": "ct", "Startup Cost": 0.0, "Total Cost": 0.27, "Plan Rows": 1, "Plan Width": 4, "Index Cond": "(id = mc.company_type_id)"}]}]}, "Unique SQL Id": 2933943827, "Planner Runtime": 5}, "explain_analyze_plan": {"Plan": {"Node Type": "Aggregate", "Strategy": "Plain", "Startup Cost": 19897.43, "Total Cost": 19897.44, "Plan Rows": 1, "Plan Width": 97, "Actual Startup Time": 796.295, "Actual Total Time": 796.296, "Actual Rows": 1, "Actual Loops": 1, "Plans": [{"Node Type": "Nested Loop", "Parent Relationship": "Outer", "Join Type": "Inner", "Startup Cost": 0.0, "Total Cost": 19897.42, "Plan Rows": 2, "Plan Width": 33, "Actual Startup Time": 40.923, "Actual Total Time": 796.105, "Actual Rows": 18, "Actual Loops": 1, "Inner Unique": true, "Plans": [{"Node Type": "Nested Loop", "Parent Relationship": "Outer", "Join Type": "Inner", "Startup Cost": 0.0, "Total Cost": 19896.86, "Plan Rows": 2, "Plan Width": 37, "Actual Startup Time": 8.52, "Actual Total Time": 795.8, "Actual Rows": 104, "Actual Loops": 1, "Inner Unique": true, "Plans": [{"Node Type": "Nested Loop", "Parent Relationship": "Outer", "Join Type": "Inner", "Startup Cost": 0.0, "Total Cost": 19869.97, "Plan Rows": 5, "Plan Width": 25, "Actual Startup Time": 8.511, "Actual Total Time": 794.891, "Actual Rows": 112, "Actual Loops": 1, "Inner Unique": true, "Plans": [{"Node Type": "Nested Loop", "Parent Relationship": "Outer", "Join Type": "Inner", "Startup Cost": 0.0, "Total Cost": 19867.87, "Plan Rows": 6, "Plan Width": 16, "Actual Startup Time": 0.755, "Actual Total Time": 792.762, "Actual Rows": 275, "Actual Loops": 1, "Inner Unique": false, "Join Filter": "(ci.role_id = rt.id)", "Rows Removed by Join Filter": 102, "Plans": [{"Node Type": "Seq Scan", "Parent Relationship": "Outer", "Relation Name": "role_type", "Alias": "rt", "Startup Cost": 0.0, "Total Cost": 1.15, "Plan Rows": 1, "Plan Width": 4, "Actual Startup Time": 0.021, "Actual Total Time": 0.03, "Actual Rows": 1, "Actual Loops": 1, "Filter": "((role)::text = 'actor'::text)", "Rows Removed by Filter": 11}, {"Node Type": "Nested Loop", "Parent Relationship": "Inner", "Join Type": "Inner", "Startup Cost": 0.0, "Total Cost": 19865.87, "Plan Rows": 68, "Plan Width": 20, "Actual Startup Time": 0.728, "Actual Total Time": 792.447, "Actual Rows": 377, "Actual Loops": 1, "Inner Unique": false, "Plans": [{"Node Type": "Nested Loop", "Parent Relationship": "Outer", "Join Type": "Inner", "Startup Cost": 0.0, "Total Cost": 16121.55, "Plan Rows": 3779, "Plan Width": 8, "Actual Startup Time": 0.052, "Actual Total Time": 108.67, "Actual Rows": 8790, "Actual Loops": 1, "Inner Unique": false, "Plans": [{"Node Type": "Seq Scan", "Parent Relationship": "Outer", "Relation Name": "company_name", "Alias": "cn", "Startup Cost": 0.0, "Total Cost": 5903.45, "Plan Rows": 251, "Plan Width": 4, "Actual Startup Time": 0.035, "Actual Total Time": 83.89, "Actual Rows": 1361, "Actual Loops": 1, "Filter": "((country_code)::text = '[ru]'::text)", "Rows Removed by Filter": 233635}, {"Node Type": "Index Scan", "Parent Relationship": "Inner", "Scan Direction": "Forward", "Index Name": "company_id_movie_companies", "Relation Name": "movie_companies", "Alias": "mc", "Startup Cost": 0.0, "Total Cost": 40.56, "Plan Rows": 15, "Plan Width": 12, "Actual Startup Time": 9.73, "Actual Total Time": 21.451, "Actual Rows": 8790, "Actual Loops": 1361, "Index Cond": "(company_id = cn.id)", "Rows Removed by Index Recheck": 0}]}, {"Node Type": "Index Scan", "Parent Relationship": "Inner", "Scan Direction": "Forward", "Index Name": "movie_id_cast_info", "Relation Name": "cast_info", "Alias": "ci", "Startup Cost": 0.0, "Total Cost": 0.98, "Plan Rows": 1, "Plan Width": 12, "Actual Startup Time": 640.813, "Actual Total Time": 678.501, "Actual Rows": 377, "Actual Loops": 8790, "Index Cond": "(movie_id = mc.movie_id)", "Rows Removed by Index Recheck": 0, "Filter": "(((note)::text ~~ '%(voice)%'::text) AND ((note)::text ~~ '%(uncredited)%'::text))", "Rows Removed by Filter": 408168}]}]}, {"Node Type": "Index Scan", "Parent Relationship": "Inner", "Scan Direction": "Forward", "Index Name": "title_pkey", "Relation Name": "title", "Alias": "t", "Startup Cost": 0.0, "Total Cost": 0.34, "Plan Rows": 1, "Plan Width": 21, "Actual Startup Time": 1.727, "Actual Total Time": 1.727, "Actual Rows": 112, "Actual Loops": 275, "Index Cond": "(id = mc.movie_id)", "Rows Removed by Index Recheck": 0, "Filter": "(production_year > 2005)", "Rows Removed by Filter": 163}]}, {"Node Type": "Index Scan", "Parent Relationship": "Inner", "Scan Direction": "Forward", "Index Name": "char_name_pkey", "Relation Name": "char_name", "Alias": "chn", "Startup Cost": 0.0, "Total Cost": 5.37, "Plan Rows": 1, "Plan Width": 20, "Actual Startup Time": 0.675, "Actual Total Time": 0.675, "Actual Rows": 104, "Actual Loops": 112, "Index Cond": "(id = ci.person_role_id)", "Rows Removed by Index Recheck": 0}]}, {"Node Type": "Index Scan", "Parent Relationship": "Inner", "Scan Direction": "Forward", "Index Name": "company_type_pkey", "Relation Name": "company_type", "Alias": "ct", "Startup Cost": 0.0, "Total Cost": 0.27, "Plan Rows": 1, "Plan Width": 4, "Actual Startup Time": 0.167, "Actual Total Time": 0.167, "Actual Rows": 18, "Actual Loops": 104, "Index Cond": "(id = mc.company_type_id)", "Rows Removed by Index Recheck": 0}]}]}, "Triggers": [], "Planner Runtime": 3, "Total Runtime": 796.669, "Unique SQL Id": 2933943827}}, "(1, 37)": {"explain_plan": {"Plan": {"Node Type": "Aggregate", "Strategy": "Plain", "Startup Cost": 24506.67, "Total Cost": 24506.68, "Plan Rows": 1, "Plan Width": 97, "Plans": [{"Node Type": "Nested Loop", "Parent Relationship": "Outer", "Join Type": "Inner", "Startup Cost": 0.0, "Total Cost": 24506.66, "Plan Rows": 2, "Plan Width": 33, "Inner Unique": true, "Plans": [{"Node Type": "Nested Loop", "Parent Relationship": "Outer", "Join Type": "Inner", "Startup Cost": 0.0, "Total Cost": 24506.1, "Plan Rows": 2, "Plan Width": 37, "Inner Unique": true, "Plans": [{"Node Type": "Nested Loop", "Parent Relationship": "Outer", "Join Type": "Inner", "Startup Cost": 0.0, "Total Cost": 24479.22, "Plan Rows": 5, "Plan Width": 25, "Inner Unique": true, "Plans": [{"Node Type": "Nested Loop", "Parent Relationship": "Outer", "Join Type": "Inner", "Startup Cost": 0.0, "Total Cost": 24477.12, "Plan Rows": 6, "Plan Width": 16, "Inner Unique": false, "Join Filter": "(ci.role_id = rt.id)", "Plans": [{"Node Type": "Index Scan", "Parent Relationship": "Outer", "Scan Direction": "Forward", "Index Name": "role_type_pkey", "Relation Name": "role_type", "Alias": "rt", "Startup Cost": 0.0, "Total Cost": 12.46, "Plan Rows": 1, "Plan Width": 4, "Filter": "((role)::text = 'actor'::text)"}, {"Node Type": "Nested Loop", "Parent Relationship": "Inner", "Join Type": "Inner", "Startup Cost": 0.0, "Total Cost": 24463.81, "Plan Rows": 68, "Plan Width": 20, "Inner Unique": false, "Plans": [{"Node Type": "Nested Loop", "Parent Relationship": "Outer", "Join Type": "Inner", "Startup Cost": 0.0, "Total Cost": 20719.49, "Plan Rows": 3779, "Plan Width": 8, "Inner Unique": false, "Plans": [{"Node Type": "Index Scan", "Parent Relationship": "Outer", "Scan Direction": "Forward", "Index Name": "company_name_pkey", "Relation Name": "company_name", "Alias": "cn", "Startup Cost": 0.0, "Total Cost": 10501.39, "Plan Rows": 251, "Plan Width": 4, "Filter": "((country_code)::text = '[ru]'::text)"}, {"Node Type": "Index Scan", "Parent Relationship": "Inner", "Scan Direction": "Forward", "Index Name": "company_id_movie_companies", "Relation Name": "movie_companies", "Alias": "mc", "Startup Cost": 0.0, "Total Cost": 40.56, "Plan Rows": 15, "Plan Width": 12, "Index Cond": "(company_id = cn.id)"}]}, {"Node Type": "Index Scan", "Parent Relationship": "Inner", "Scan Direction": "Forward", "Index Name": "movie_id_cast_info", "Relation Name": "cast_info", "Alias": "ci", "Startup Cost": 0.0, "Total Cost": 0.98, "Plan Rows": 1, "Plan Width": 12, "Index Cond": "(movie_id = mc.movie_id)", "Filter": "(((note)::text ~~ '%(voice)%'::text) AND ((note)::text ~~ '%(uncredited)%'::text))"}]}]}, {"Node Type": "Index Scan", "Parent Relationship": "Inner", "Scan Direction": "Forward", "Index Name": "title_pkey", "Relation Name": "title", "Alias": "t", "Startup Cost": 0.0, "Total Cost": 0.34, "Plan Rows": 1, "Plan Width": 21, "Index Cond": "(id = mc.movie_id)", "Filter": "(production_year > 2005)"}]}, {"Node Type": "Index Scan", "Parent Relationship": "Inner", "Scan Direction": "Forward", "Index Name": "char_name_pkey", "Relation Name": "char_name", "Alias": "chn", "Startup Cost": 0.0, "Total Cost": 5.37, "Plan Rows": 1, "Plan Width": 20, "Index Cond": "(id = ci.person_role_id)"}]}, {"Node Type": "Index Scan", "Parent Relationship": "Inner", "Scan Direction": "Forward", "Index Name": "company_type_pkey", "Relation Name": "company_type", "Alias": "ct", "Startup Cost": 0.0, "Total Cost": 0.27, "Plan Rows": 1, "Plan Width": 4, "Index Cond": "(id = mc.company_type_id)"}]}]}, "Unique SQL Id": 2933943827, "Planner Runtime": 4}, "explain_analyze_plan": {"Plan": {"Node Type": "Aggregate", "Strategy": "Plain", "Startup Cost": 24506.67, "Total Cost": 24506.68, "Plan Rows": 1, "Plan Width": 97, "Actual Startup Time": 1009.656, "Actual Total Time": 1009.657, "Actual Rows": 1, "Actual Loops": 1, "Plans": [{"Node Type": "Nested Loop", "Parent Relationship": "Outer", "Join Type": "Inner", "Startup Cost": 0.0, "Total Cost": 24506.66, "Plan Rows": 2, "Plan Width": 33, "Actual Startup Time": 28.604, "Actual Total Time": 1009.557, "Actual Rows": 18, "Actual Loops": 1, "Inner Unique": true, "Plans": [{"Node Type": "Nested Loop", "Parent Relationship": "Outer", "Join Type": "Inner", "Startup Cost": 0.0, "Total Cost": 24506.1, "Plan Rows": 2, "Plan Width": 37, "Actual Startup Time": 21.949, "Actual Total Time": 1009.273, "Actual Rows": 104, "Actual Loops": 1, "Inner Unique": true, "Plans": [{"Node Type": "Nested Loop", "Parent Relationship": "Outer", "Join Type": "Inner", "Startup Cost": 0.0, "Total Cost": 24479.22, "Plan Rows": 5, "Plan Width": 25, "Actual Startup Time": 21.938, "Actual Total Time": 1008.351, "Actual Rows": 112, "Actual Loops": 1, "Inner Unique": true, "Plans": [{"Node Type": "Nested Loop", "Parent Relationship": "Outer", "Join Type": "Inner", "Startup Cost": 0.0, "Total Cost": 24477.12, "Plan Rows": 6, "Plan Width": 16, "Actual Startup Time": 6.423, "Actual Total Time": 1006.191, "Actual Rows": 275, "Actual Loops": 1, "Inner Unique": false, "Join Filter": "(ci.role_id = rt.id)", "Rows Removed by Join Filter": 102, "Plans": [{"Node Type": "Index Scan", "Parent Relationship": "Outer", "Scan Direction": "Forward", "Index Name": "role_type_pkey", "Relation Name": "role_type", "Alias": "rt", "Startup Cost": 0.0, "Total Cost": 12.46, "Plan Rows": 1, "Plan Width": 4, "Actual Startup Time": 0.02, "Actual Total Time": 0.029, "Actual Rows": 1, "Actual Loops": 1, "Filter": "((role)::text = 'actor'::text)", "Rows Removed by Filter": 11}, {"Node Type": "Nested Loop", "Parent Relationship": "Inner", "Join Type": "Inner", "Startup Cost": 0.0, "Total Cost": 24463.81, "Plan Rows": 68, "Plan Width": 20, "Actual Startup Time": 6.388, "Actual Total Time": 1005.895, "Actual Rows": 377, "Actual Loops": 1, "Inner Unique": false, "Plans": [{"Node Type": "Nested Loop", "Parent Relationship": "Outer", "Join Type": "Inner", "Startup Cost": 0.0, "Total Cost": 20719.49, "Plan Rows": 3779, "Plan Width": 8, "Actual Startup Time": 0.45, "Actual Total Time": 322.76, "Actual Rows": 8790, "Actual Loops": 1, "Inner Unique": false, "Plans": [{"Node Type": "Index Scan", "Parent Relationship": "Outer", "Scan Direction": "Forward", "Index Name": "company_name_pkey", "Relation Name": "company_name", "Alias": "cn", "Startup Cost": 0.0, "Total Cost": 10501.39, "Plan Rows": 251, "Plan Width": 4, "Actual Startup Time": 0.436, "Actual Total Time": 299.925, "Actual Rows": 1361, "Actual Loops": 1, "Filter": "((country_code)::text = '[ru]'::text)", "Rows Removed by Filter": 233635}, {"Node Type": "Index Scan", "Parent Relationship": "Inner", "Scan Direction": "Forward", "Index Name": "company_id_movie_companies", "Relation Name": "movie_companies", "Alias": "mc", "Startup Cost": 0.0, "Total Cost": 40.56, "Plan Rows": 15, "Plan Width": 12, "Actual Startup Time": 8.119, "Actual Total Time": 19.34, "Actual Rows": 8790, "Actual Loops": 1361, "Index Cond": "(company_id = cn.id)", "Rows Removed by Index Recheck": 0}]}, {"Node Type": "Index Scan", "Parent Relationship": "Inner", "Scan Direction": "Forward", "Index Name": "movie_id_cast_info", "Relation Name": "cast_info", "Alias": "ci", "Startup Cost": 0.0, "Total Cost": 0.98, "Plan Rows": 1, "Plan Width": 12, "Actual Startup Time": 639.51, "Actual Total Time": 677.545, "Actual Rows": 377, "Actual Loops": 8790, "Index Cond": "(movie_id = mc.movie_id)", "Rows Removed by Index Recheck": 0, "Filter": "(((note)::text ~~ '%(voice)%'::text) AND ((note)::text ~~ '%(uncredited)%'::text))", "Rows Removed by Filter": 408168}]}]}, {"Node Type": "Index Scan", "Parent Relationship": "Inner", "Scan Direction": "Forward", "Index Name": "title_pkey", "Relation Name": "title", "Alias": "t", "Startup Cost": 0.0, "Total Cost": 0.34, "Plan Rows": 1, "Plan Width": 21, "Actual Startup Time": 1.746, "Actual Total Time": 1.746, "Actual Rows": 112, "Actual Loops": 275, "Index Cond": "(id = mc.movie_id)", "Rows Removed by Index Recheck": 0, "Filter": "(production_year > 2005)", "Rows Removed by Filter": 163}]}, {"Node Type": "Index Scan", "Parent Relationship": "Inner", "Scan Direction": "Forward", "Index Name": "char_name_pkey", "Relation Name": "char_name", "Alias": "chn", "Startup Cost": 0.0, "Total Cost": 5.37, "Plan Rows": 1, "Plan Width": 20, "Actual Startup Time": 0.688, "Actual Total Time": 0.688, "Actual Rows": 104, "Actual Loops": 112, "Index Cond": "(id = ci.person_role_id)", "Rows Removed by Index Recheck": 0}]}, {"Node Type": "Index Scan", "Parent Relationship": "Inner", "Scan Direction": "Forward", "Index Name": "company_type_pkey", "Relation Name": "company_type", "Alias": "ct", "Startup Cost": 0.0, "Total Cost": 0.27, "Plan Rows": 1, "Plan Width": 4, "Actual Startup Time": 0.148, "Actual Total Time": 0.148, "Actual Rows": 18, "Actual Loops": 104, "Index Cond": "(id = mc.company_type_id)", "Rows Removed by Index Recheck": 0}]}]}, "Triggers": [], "Planner Runtime": 3, "Total Runtime": 1010.002, "Unique SQL Id": 2933943827}}, "(1, 38)": {"explain_plan": {"Plan": {"Node Type": "Aggregate", "Strategy": "Plain", "Startup Cost": 38342.48, "Total Cost": 38342.49, "Plan Rows": 1, "Plan Width": 97, "Plans": [{"Node Type": "Nested Loop", "Parent Relationship": "Outer", "Join Type": "Inner", "Startup Cost": 7.4, "Total Cost": 38342.47, "Plan Rows": 2, "Plan Width": 33, "Inner Unique": false, "Join Filter": "(mc.company_type_id = ct.id)", "Plans": [{"Node Type": "Seq Scan", "Parent Relationship": "Outer", "Relation Name": "company_type", "Alias": "ct", "Startup Cost": 0.0, "Total Cost": 1.03, "Plan Rows": 3, "Plan Width": 4}, {"Node Type": "Materialize", "Parent Relationship": "Inner", "Startup Cost": 7.4, "Total Cost": 38341.35, "Plan Rows": 2, "Plan Width": 37, "Plans": [{"Node Type": "Nested Loop", "Parent Relationship": "Outer", "Join Type": "Inner", "Startup Cost": 7.4, "Total Cost": 38341.34, "Plan Rows": 2, "Plan Width": 37, "Inner Unique": true, "Plans": [{"Node Type": "Nested Loop", "Parent Relationship": "Outer", "Join Type": "Inner", "Startup Cost": 7.13, "Total Cost": 38328.45, "Plan Rows": 3, "Plan Width": 28, "Inner Unique": true, "Plans": [{"Node Type": "Nested Loop", "Parent Relationship": "Outer", "Join Type": "Inner", "Startup Cost": 4.83, "Total Cost": 38290.52, "Plan Rows": 6, "Plan Width": 16, "Inner Unique": false, "Join Filter": "(ci.role_id = rt.id)", "Plans": [{"Node Type": "Seq Scan", "Parent Relationship": "Outer", "Relation Name": "role_type", "Alias": "rt", "Startup Cost": 0.0, "Total Cost": 1.15, "Plan Rows": 1, "Plan Width": 4, "Filter": "((role)::text = 'actor'::text)"}, {"Node Type": "Nested Loop", "Parent Relationship": "Inner", "Join Type": "Inner", "Startup Cost": 4.83, "Total Cost": 38288.52, "Plan Rows": 68, "Plan Width": 20, "Inner Unique": false, "Plans": [{"Node Type": "Nested Loop", "Parent Relationship": "Outer", "Join Type": "Inner", "Startup Cost": 4.32, "Total Cost": 20813.55, "Plan Rows": 3779, "Plan Width": 8, "Inner Unique": false, "Plans": [{"Node Type": "Seq Scan", "Parent Relationship": "Outer", "Relation Name": "company_name", "Alias": "cn", "Startup Cost": 0.0, "Total Cost": 5903.45, "Plan Rows": 251, "Plan Width": 4, "Filter": "((country_code)::text = '[ru]'::text)"}, {"Node Type": "Bitmap Heap Scan", "Parent Relationship": "Inner", "Relation Name": "movie_companies", "Alias": "mc", "Startup Cost": 4.32, "Total Cost": 59.25, "Plan Rows": 15, "Plan Width": 12, "Recheck Cond": "(company_id = cn.id)", "Plans": [{"Node Type": "Bitmap Index Scan", "Parent Relationship": "Outer", "Index Name": "company_id_movie_companies", "Startup Cost": 0.0, "Total Cost": 4.31, "Plan Rows": 15, "Plan Width": 0, "Index Cond": "(company_id = cn.id)"}]}]}, {"Node Type": "Bitmap Heap Scan", "Parent Relationship": "Inner", "Relation Name": "cast_info", "Alias": "ci", "Startup Cost": 0.51, "Total Cost": 4.61, "Plan Rows": 1, "Plan Width": 12, "Recheck Cond": "(movie_id = mc.movie_id)", "Filter": "(((note)::text ~~ '%(voice)%'::text) AND ((note)::text ~~ '%(uncredited)%'::text))", "Plans": [{"Node Type": "Bitmap Index Scan", "Parent Relationship": "Outer", "Index Name": "movie_id_cast_info", "Startup Cost": 0.0, "Total Cost": 0.51, "Plan Rows": 6, "Plan Width": 0, "Index Cond": "(movie_id = mc.movie_id)"}]}]}]}, {"Node Type": "Bitmap Heap Scan", "Parent Relationship": "Inner", "Relation Name": "char_name", "Alias": "chn", "Startup Cost": 2.3, "Total Cost": 6.31, "Plan Rows": 1, "Plan Width": 20, "Recheck Cond": "(id = ci.person_role_id)", "Plans": [{"Node Type": "Bitmap Index Scan", "Parent Relationship": "Outer", "Index Name": "char_name_pkey", "Startup Cost": 0.0, "Total Cost": 2.3, "Plan Rows": 1, "Plan Width": 0, "Index Cond": "(id = ci.person_role_id)"}]}]}, {"Node Type": "Bitmap Heap Scan", "Parent Relationship": "Inner", "Relation Name": "title", "Alias": "t", "Startup Cost": 0.27, "Total Cost": 4.29, "Plan Rows": 1, "Plan Width": 21, "Recheck Cond": "(id = mc.movie_id)", "Filter": "(production_year > 2005)", "Plans": [{"Node Type": "Bitmap Index Scan", "Parent Relationship": "Outer", "Index Name": "title_pkey", "Startup Cost": 0.0, "Total Cost": 0.27, "Plan Rows": 1, "Plan Width": 0, "Index Cond": "(id = mc.movie_id)"}]}]}]}]}]}, "Unique SQL Id": 2933943827, "Planner Runtime": 6}, "explain_analyze_plan": {"Plan": {"Node Type": "Aggregate", "Strategy": "Plain", "Startup Cost": 38342.48, "Total Cost": 38342.49, "Plan Rows": 1, "Plan Width": 97, "Actual Startup Time": 1051.606, "Actual Total Time": 1051.606, "Actual Rows": 1, "Actual Loops": 1, "Plans": [{"Node Type": "Nested Loop", "Parent Relationship": "Outer", "Join Type": "Inner", "Startup Cost": 7.4, "Total Cost": 38342.47, "Plan Rows": 2, "Plan Width": 33, "Actual Startup Time": 61.331, "Actual Total Time": 1051.524, "Actual Rows": 18, "Actual Loops": 1, "Inner Unique": false, "Join Filter": "(mc.company_type_id = ct.id)", "Rows Removed by Join Filter": 294, "Plans": [{"Node Type": "Seq Scan", "Parent Relationship": "Outer", "Relation Name": "company_type", "Alias": "ct", "Startup Cost": 0.0, "Total Cost": 1.03, "Plan Rows": 3, "Plan Width": 4, "Actual Startup Time": 0.013, "Actual Total Time": 0.015, "Actual Rows": 3, "Actual Loops": 1}, {"Node Type": "Materialize", "Parent Relationship": "Inner", "Startup Cost": 7.4, "Total Cost": 38341.35, "Plan Rows": 2, "Plan Width": 37, "Actual Startup Time": 12.803, "Actual Total Time": 1051.351, "Actual Rows": 312, "Actual Loops": 3, "Plans": [{"Node Type": "Nested Loop", "Parent Relationship": "Outer", "Join Type": "Inner", "Startup Cost": 7.4, "Total Cost": 38341.34, "Plan Rows": 2, "Plan Width": 37, "Actual Startup Time": 12.796, "Actual Total Time": 1051.168, "Actual Rows": 104, "Actual Loops": 1, "Inner Unique": true, "Plans": [{"Node Type": "Nested Loop", "Parent Relationship": "Outer", "Join Type": "Inner", "Startup Cost": 7.13, "Total Cost": 38328.45, "Plan Rows": 3, "Plan Width": 28, "Actual Startup Time": 1.092, "Actual Total Time": 1048.264, "Actual Rows": 265, "Actual Loops": 1, "Inner Unique": true, "Plans": [{"Node Type": "Nested Loop", "Parent Relationship": "Outer", "Join Type": "Inner", "Startup Cost": 4.83, "Total Cost": 38290.52, "Plan Rows": 6, "Plan Width": 16, "Actual Startup Time": 1.074, "Actual Total Time": 1039.87, "Actual Rows": 275, "Actual Loops": 1, "Inner Unique": false, "Join Filter": "(ci.role_id = rt.id)", "Rows Removed by Join Filter": 102, "Plans": [{"Node Type": "Seq Scan", "Parent Relationship": "Outer", "Relation Name": "role_type", "Alias": "rt", "Startup Cost": 0.0, "Total Cost": 1.15, "Plan Rows": 1, "Plan Width": 4, "Actual Startup Time": 0.011, "Actual Total Time": 0.017, "Actual Rows": 1, "Actual Loops": 1, "Filter": "((role)::text = 'actor'::text)", "Rows Removed by Filter": 11}, {"Node Type": "Nested Loop", "Parent Relationship": "Inner", "Join Type": "Inner", "Startup Cost": 4.83, "Total Cost": 38288.52, "Plan Rows": 68, "Plan Width": 20, "Actual Startup Time": 1.053, "Actual Total Time": 1039.552, "Actual Rows": 377, "Actual Loops": 1, "Inner Unique": false, "Plans": [{"Node Type": "Nested Loop", "Parent Relationship": "Outer", "Join Type": "Inner", "Startup Cost": 4.32, "Total Cost": 20813.55, "Plan Rows": 3779, "Plan Width": 8, "Actual Startup Time": 0.076, "Actual Total Time": 113.43, "Actual Rows": 8790, "Actual Loops": 1, "Inner Unique": false, "Plans": [{"Node Type": "Seq Scan", "Parent Relationship": "Outer", "Relation Name": "company_name", "Alias": "cn", "Startup Cost": 0.0, "Total Cost": 5903.45, "Plan Rows": 251, "Plan Width": 4, "Actual Startup Time": 0.037, "Actual Total Time": 82.281, "Actual Rows": 1361, "Actual Loops": 1, "Filter": "((country_code)::text = '[ru]'::text)", "Rows Removed by Filter": 233635}, {"Node Type": "Bitmap Heap Scan", "Parent Relationship": "Inner", "Relation Name": "movie_companies", "Alias": "mc", "Startup Cost": 4.32, "Total Cost": 59.25, "Plan Rows": 15, "Plan Width": 12, "Actual Startup Time": 13.444, "Actual Total Time": 26.33, "Actual Rows": 8790, "Actual Loops": 1361, "Recheck Cond": "(company_id = cn.id)", "Rows Removed by Index Recheck": 0, "Exact Heap Blocks": 7155, "Lossy Heap Blocks": 7155, "Plans": [{"Node Type": "Bitmap Index Scan", "Parent Relationship": "Outer", "Index Name": "company_id_movie_companies", "Startup Cost": 0.0, "Total Cost": 4.31, "Plan Rows": 15, "Plan Width": 0, "Actual Startup Time": 8.375, "Actual Total Time": 8.375, "Actual Rows": 8790, "Actual Loops": 1361, "Index Cond": "(company_id = cn.id)"}]}]}, {"Node Type": "Bitmap Heap Scan", "Parent Relationship": "Inner", "Relation Name": "cast_info", "Alias": "ci", "Startup Cost": 0.51, "Total Cost": 4.61, "Plan Rows": 1, "Plan Width": 12, "Actual Startup Time": 862.141, "Actual Total Time": 909.97, "Actual Rows": 377, "Actual Loops": 8790, "Recheck Cond": "(movie_id = mc.movie_id)", "Rows Removed by Index Recheck": 0, "Filter": "(((note)::text ~~ '%(voice)%'::text) AND ((note)::text ~~ '%(uncredited)%'::text))", "Rows Removed by Filter": 408168, "Exact Heap Blocks": 397651, "Lossy Heap Blocks": 397651, "Plans": [{"Node Type": "Bitmap Index Scan", "Parent Relationship": "Outer", "Index Name": "movie_id_cast_info", "Startup Cost": 0.0, "Total Cost": 0.51, "Plan Rows": 6, "Plan Width": 0, "Actual Startup Time": 120.878, "Actual Total Time": 120.878, "Actual Rows": 408545, "Actual Loops": 8790, "Index Cond": "(movie_id = mc.movie_id)"}]}]}]}, {"Node Type": "Bitmap Heap Scan", "Parent Relationship": "Inner", "Relation Name": "char_name", "Alias": "chn", "Startup Cost": 2.3, "Total Cost": 6.31, "Plan Rows": 1, "Plan Width": 20, "Actual Startup Time": 7.588, "Actual Total Time": 7.588, "Actual Rows": 265, "Actual Loops": 275, "Recheck Cond": "(id = ci.person_role_id)", "Rows Removed by Index Recheck": 0, "Exact Heap Blocks": 265, "Lossy Heap Blocks": 265, "Plans": [{"Node Type": "Bitmap Index Scan", "Parent Relationship": "Outer", "Index Name": "char_name_pkey", "Startup Cost": 0.0, "Total Cost": 2.3, "Plan Rows": 1, "Plan Width": 0, "Actual Startup Time": 4.854, "Actual Total Time": 4.854, "Actual Rows": 265, "Actual Loops": 275, "Index Cond": "(id = ci.person_role_id)"}]}]}, {"Node Type": "Bitmap Heap Scan", "Parent Relationship": "Inner", "Relation Name": "title", "Alias": "t", "Startup Cost": 0.27, "Total Cost": 4.29, "Plan Rows": 1, "Plan Width": 21, "Actual Startup Time": 2.217, "Actual Total Time": 2.217, "Actual Rows": 104, "Actual Loops": 265, "Recheck Cond": "(id = mc.movie_id)", "Rows Removed by Index Recheck": 0, "Filter": "(production_year > 2005)", "Rows Removed by Filter": 161, "Exact Heap Blocks": 265, "Lossy Heap Blocks": 265, "Plans": [{"Node Type": "Bitmap Index Scan", "Parent Relationship": "Outer", "Index Name": "title_pkey", "Startup Cost": 0.0, "Total Cost": 0.27, "Plan Rows": 1, "Plan Width": 0, "Actual Startup Time": 1.362, "Actual Total Time": 1.362, "Actual Rows": 265, "Actual Loops": 265, "Index Cond": "(id = mc.movie_id)"}]}]}]}]}]}, "Triggers": [], "Planner Runtime": 4, "Total Runtime": 1051.978, "Unique SQL Id": 2933943827}}, "(1, 39)": {"explain_plan": {"Plan": {"Node Type": "Aggregate", "Strategy": "Plain", "Startup Cost": 1000020511889.56, "Total Cost": 1000020511889.57, "Plan Rows": 1, "Plan Width": 97, "Plans": [{"Node Type": "Nested Loop", "Parent Relationship": "Outer", "Join Type": "Inner", "Startup Cost": 10000000003.85, "Total Cost": 1000020511889.55, "Plan Rows": 2, "Plan Width": 33, "Inner Unique": true, "Plans": [{"Node Type": "Nested Loop", "Parent Relationship": "Outer", "Join Type": "Inner", "Startup Cost": 10000000003.6, "Total Cost": 1000020511880.99, "Plan Rows": 2, "Plan Width": 37, "Inner Unique": true, "Plans": [{"Node Type": "Nested Loop", "Parent Relationship": "Outer", "Join Type": "Inner", "Startup Cost": 10000000003.32, "Total Cost": 1000020511868.1, "Plan Rows": 3, "Plan Width": 28, "Inner Unique": true, "Plans": [{"Node Type": "Nested Loop", "Parent Relationship": "Outer", "Join Type": "Inner", "Startup Cost": 10000000001.03, "Total Cost": 1000020511830.17, "Plan Rows": 6, "Plan Width": 16, "Inner Unique": true, "Plans": [{"Node Type": "Nested Loop", "Parent Relationship": "Outer", "Join Type": "Inner", "Startup Cost": 10000000000.77, "Total Cost": 1000020511538.92, "Plan Rows": 68, "Plan Width": 20, "Inner Unique": false, "Plans": [{"Node Type": "Nested Loop", "Parent Relationship": "Outer", "Join Type": "Inner", "Startup Cost": 10000000000.26, "Total Cost": 1000020494063.94, "Plan Rows": 3779, "Plan Width": 8, "Inner Unique": true, "Plans": [{"Node Type": "Index Scan", "Parent Relationship": "Outer", "Scan Direction": "Forward", "Index Name": "company_type_id_movie_companies", "Relation Name": "movie_companies", "Alias": "mc", "Startup Cost": 10000000000.0, "Total Cost": 1000009318217.0, "Plan Rows": 2609128, "Plan Width": 12}, {"Node Type": "Bitmap Heap Scan", "Parent Relationship": "Inner", "Relation Name": "company_name", "Alias": "cn", "Startup Cost": 0.26, "Total Cost": 4.27, "Plan Rows": 1, "Plan Width": 4, "Recheck Cond": "(id = mc.company_id)", "Filter": "((country_code)::text = '[ru]'::text)", "Plans": [{"Node Type": "Bitmap Index Scan", "Parent Relationship": "Outer", "Index Name": "company_name_pkey", "Startup Cost": 0.0, "Total Cost": 0.26, "Plan Rows": 1, "Plan Width": 0, "Index Cond": "(id = mc.company_id)"}]}]}, {"Node Type": "Bitmap Heap Scan", "Parent Relationship": "Inner", "Relation Name": "cast_info", "Alias": "ci", "Startup Cost": 0.51, "Total Cost": 4.61, "Plan Rows": 1, "Plan Width": 12, "Recheck Cond": "(movie_id = mc.movie_id)", "Filter": "(((note)::text ~~ '%(voice)%'::text) AND ((note)::text ~~ '%(uncredited)%'::text))", "Plans": [{"Node Type": "Bitmap Index Scan", "Parent Relationship": "Outer", "Index Name": "movie_id_cast_info", "Startup Cost": 0.0, "Total Cost": 0.51, "Plan Rows": 6, "Plan Width": 0, "Index Cond": "(movie_id = mc.movie_id)"}]}]}, {"Node Type": "Bitmap Heap Scan", "Parent Relationship": "Inner", "Relation Name": "role_type", "Alias": "rt", "Startup Cost": 0.26, "Total Cost": 4.27, "Plan Rows": 1, "Plan Width": 4, "Recheck Cond": "(id = ci.role_id)", "Filter": "((role)::text = 'actor'::text)", "Plans": [{"Node Type": "Bitmap Index Scan", "Parent Relationship": "Outer", "Index Name": "role_type_pkey", "Startup Cost": 0.0, "Total Cost": 0.26, "Plan Rows": 1, "Plan Width": 0, "Index Cond": "(id = ci.role_id)"}]}]}, {"Node Type": "Bitmap Heap Scan", "Parent Relationship": "Inner", "Relation Name": "char_name", "Alias": "chn", "Startup Cost": 2.3, "Total Cost": 6.31, "Plan Rows": 1, "Plan Width": 20, "Recheck Cond": "(id = ci.person_role_id)", "Plans": [{"Node Type": "Bitmap Index Scan", "Parent Relationship": "Outer", "Index Name": "char_name_pkey", "Startup Cost": 0.0, "Total Cost": 2.3, "Plan Rows": 1, "Plan Width": 0, "Index Cond": "(id = ci.person_role_id)"}]}]}, {"Node Type": "Bitmap Heap Scan", "Parent Relationship": "Inner", "Relation Name": "title", "Alias": "t", "Startup Cost": 0.27, "Total Cost": 4.29, "Plan Rows": 1, "Plan Width": 21, "Recheck Cond": "(id = mc.movie_id)", "Filter": "(production_year > 2005)", "Plans": [{"Node Type": "Bitmap Index Scan", "Parent Relationship": "Outer", "Index Name": "title_pkey", "Startup Cost": 0.0, "Total Cost": 0.27, "Plan Rows": 1, "Plan Width": 0, "Index Cond": "(id = mc.movie_id)"}]}]}, {"Node Type": "Bitmap Heap Scan", "Parent Relationship": "Inner", "Relation Name": "company_type", "Alias": "ct", "Startup Cost": 0.26, "Total Cost": 4.27, "Plan Rows": 1, "Plan Width": 4, "Recheck Cond": "(id = mc.company_type_id)", "Plans": [{"Node Type": "Bitmap Index Scan", "Parent Relationship": "Outer", "Index Name": "company_type_pkey", "Startup Cost": 0.0, "Total Cost": 0.26, "Plan Rows": 1, "Plan Width": 0, "Index Cond": "(id = mc.company_type_id)"}]}]}]}, "Unique SQL Id": 2933943827, "Planner Runtime": 3}, "explain_analyze_plan": null}, "(1, 40)": {"explain_plan": {"Plan": {"Node Type": "Aggregate", "Strategy": "Plain", "Startup Cost": 19897.43, "Total Cost": 19897.44, "Plan Rows": 1, "Plan Width": 97, "Plans": [{"Node Type": "Nested Loop", "Parent Relationship": "Outer", "Join Type": "Inner", "Startup Cost": 0.0, "Total Cost": 19897.42, "Plan Rows": 2, "Plan Width": 33, "Inner Unique": true, "Plans": [{"Node Type": "Nested Loop", "Parent Relationship": "Outer", "Join Type": "Inner", "Startup Cost": 0.0, "Total Cost": 19896.86, "Plan Rows": 2, "Plan Width": 37, "Inner Unique": true, "Plans": [{"Node Type": "Nested Loop", "Parent Relationship": "Outer", "Join Type": "Inner", "Startup Cost": 0.0, "Total Cost": 19869.97, "Plan Rows": 5, "Plan Width": 25, "Inner Unique": true, "Plans": [{"Node Type": "Nested Loop", "Parent Relationship": "Outer", "Join Type": "Inner", "Startup Cost": 0.0, "Total Cost": 19867.87, "Plan Rows": 6, "Plan Width": 16, "Inner Unique": false, "Join Filter": "(ci.role_id = rt.id)", "Plans": [{"Node Type": "Seq Scan", "Parent Relationship": "Outer", "Relation Name": "role_type", "Alias": "rt", "Startup Cost": 0.0, "Total Cost": 1.15, "Plan Rows": 1, "Plan Width": 4, "Filter": "((role)::text = 'actor'::text)"}, {"Node Type": "Nested Loop", "Parent Relationship": "Inner", "Join Type": "Inner", "Startup Cost": 0.0, "Total Cost": 19865.87, "Plan Rows": 68, "Plan Width": 20, "Inner Unique": false, "Plans": [{"Node Type": "Nested Loop", "Parent Relationship": "Outer", "Join Type": "Inner", "Startup Cost": 0.0, "Total Cost": 16121.55, "Plan Rows": 3779, "Plan Width": 8, "Inner Unique": false, "Plans": [{"Node Type": "Seq Scan", "Parent Relationship": "Outer", "Relation Name": "company_name", "Alias": "cn", "Startup Cost": 0.0, "Total Cost": 5903.45, "Plan Rows": 251, "Plan Width": 4, "Filter": "((country_code)::text = '[ru]'::text)"}, {"Node Type": "Index Scan", "Parent Relationship": "Inner", "Scan Direction": "Forward", "Index Name": "company_id_movie_companies", "Relation Name": "movie_companies", "Alias": "mc", "Startup Cost": 0.0, "Total Cost": 40.56, "Plan Rows": 15, "Plan Width": 12, "Index Cond": "(company_id = cn.id)"}]}, {"Node Type": "Index Scan", "Parent Relationship": "Inner", "Scan Direction": "Forward", "Index Name": "movie_id_cast_info", "Relation Name": "cast_info", "Alias": "ci", "Startup Cost": 0.0, "Total Cost": 0.98, "Plan Rows": 1, "Plan Width": 12, "Index Cond": "(movie_id = mc.movie_id)", "Filter": "(((note)::text ~~ '%(voice)%'::text) AND ((note)::text ~~ '%(uncredited)%'::text))"}]}]}, {"Node Type": "Index Scan", "Parent Relationship": "Inner", "Scan Direction": "Forward", "Index Name": "title_pkey", "Relation Name": "title", "Alias": "t", "Startup Cost": 0.0, "Total Cost": 0.34, "Plan Rows": 1, "Plan Width": 21, "Index Cond": "(id = mc.movie_id)", "Filter": "(production_year > 2005)"}]}, {"Node Type": "Index Scan", "Parent Relationship": "Inner", "Scan Direction": "Forward", "Index Name": "char_name_pkey", "Relation Name": "char_name", "Alias": "chn", "Startup Cost": 0.0, "Total Cost": 5.37, "Plan Rows": 1, "Plan Width": 20, "Index Cond": "(id = ci.person_role_id)"}]}, {"Node Type": "Index Only Scan", "Parent Relationship": "Inner", "Scan Direction": "Forward", "Index Name": "company_type_pkey", "Relation Name": "company_type", "Alias": "ct", "Startup Cost": 0.0, "Total Cost": 0.27, "Plan Rows": 1, "Plan Width": 4, "Index Cond": "(id = mc.company_type_id)"}]}]}, "Unique SQL Id": 2933943827, "Planner Runtime": 5}, "explain_analyze_plan": {"Plan": {"Node Type": "Aggregate", "Strategy": "Plain", "Startup Cost": 19897.43, "Total Cost": 19897.44, "Plan Rows": 1, "Plan Width": 97, "Actual Startup Time": 849.792, "Actual Total Time": 849.792, "Actual Rows": 1, "Actual Loops": 1, "Plans": [{"Node Type": "Nested Loop", "Parent Relationship": "Outer", "Join Type": "Inner", "Startup Cost": 0.0, "Total Cost": 19897.42, "Plan Rows": 2, "Plan Width": 33, "Actual Startup Time": 45.94, "Actual Total Time": 849.705, "Actual Rows": 18, "Actual Loops": 1, "Inner Unique": true, "Plans": [{"Node Type": "Nested Loop", "Parent Relationship": "Outer", "Join Type": "Inner", "Startup Cost": 0.0, "Total Cost": 19896.86, "Plan Rows": 2, "Plan Width": 37, "Actual Startup Time": 9.453, "Actual Total Time": 849.336, "Actual Rows": 104, "Actual Loops": 1, "Inner Unique": true, "Plans": [{"Node Type": "Nested Loop", "Parent Relationship": "Outer", "Join Type": "Inner", "Startup Cost": 0.0, "Total Cost": 19869.97, "Plan Rows": 5, "Plan Width": 25, "Actual Startup Time": 9.441, "Actual Total Time": 848.326, "Actual Rows": 112, "Actual Loops": 1, "Inner Unique": true, "Plans": [{"Node Type": "Nested Loop", "Parent Relationship": "Outer", "Join Type": "Inner", "Startup Cost": 0.0, "Total Cost": 19867.87, "Plan Rows": 6, "Plan Width": 16, "Actual Startup Time": 0.798, "Actual Total Time": 846.093, "Actual Rows": 275, "Actual Loops": 1, "Inner Unique": false, "Join Filter": "(ci.role_id = rt.id)", "Rows Removed by Join Filter": 102, "Plans": [{"Node Type": "Seq Scan", "Parent Relationship": "Outer", "Relation Name": "role_type", "Alias": "rt", "Startup Cost": 0.0, "Total Cost": 1.15, "Plan Rows": 1, "Plan Width": 4, "Actual Startup Time": 0.016, "Actual Total Time": 0.022, "Actual Rows": 1, "Actual Loops": 1, "Filter": "((role)::text = 'actor'::text)", "Rows Removed by Filter": 11}, {"Node Type": "Nested Loop", "Parent Relationship": "Inner", "Join Type": "Inner", "Startup Cost": 0.0, "Total Cost": 19865.87, "Plan Rows": 68, "Plan Width": 20, "Actual Startup Time": 0.763, "Actual Total Time": 845.809, "Actual Rows": 377, "Actual Loops": 1, "Inner Unique": false, "Plans": [{"Node Type": "Nested Loop", "Parent Relationship": "Outer", "Join Type": "Inner", "Startup Cost": 0.0, "Total Cost": 16121.55, "Plan Rows": 3779, "Plan Width": 8, "Actual Startup Time": 0.051, "Actual Total Time": 104.329, "Actual Rows": 8790, "Actual Loops": 1, "Inner Unique": false, "Plans": [{"Node Type": "Seq Scan", "Parent Relationship": "Outer", "Relation Name": "company_name", "Alias": "cn", "Startup Cost": 0.0, "Total Cost": 5903.45, "Plan Rows": 251, "Plan Width": 4, "Actual Startup Time": 0.034, "Actual Total Time": 81.103, "Actual Rows": 1361, "Actual Loops": 1, "Filter": "((country_code)::text = '[ru]'::text)", "Rows Removed by Filter": 233635}, {"Node Type": "Index Scan", "Parent Relationship": "Inner", "Scan Direction": "Forward", "Index Name": "company_id_movie_companies", "Relation Name": "movie_companies", "Alias": "mc", "Startup Cost": 0.0, "Total Cost": 40.56, "Plan Rows": 15, "Plan Width": 12, "Actual Startup Time": 8.58, "Actual Total Time": 20.037, "Actual Rows": 8790, "Actual Loops": 1361, "Index Cond": "(company_id = cn.id)", "Rows Removed by Index Recheck": 0}]}, {"Node Type": "Index Scan", "Parent Relationship": "Inner", "Scan Direction": "Forward", "Index Name": "movie_id_cast_info", "Relation Name": "cast_info", "Alias": "ci", "Startup Cost": 0.0, "Total Cost": 0.98, "Plan Rows": 1, "Plan Width": 12, "Actual Startup Time": 693.142, "Actual Total Time": 736.17, "Actual Rows": 377, "Actual Loops": 8790, "Index Cond": "(movie_id = mc.movie_id)", "Rows Removed by Index Recheck": 0, "Filter": "(((note)::text ~~ '%(voice)%'::text) AND ((note)::text ~~ '%(uncredited)%'::text))", "Rows Removed by Filter": 408168}]}]}, {"Node Type": "Index Scan", "Parent Relationship": "Inner", "Scan Direction": "Forward", "Index Name": "title_pkey", "Relation Name": "title", "Alias": "t", "Startup Cost": 0.0, "Total Cost": 0.34, "Plan Rows": 1, "Plan Width": 21, "Actual Startup Time": 1.815, "Actual Total Time": 1.815, "Actual Rows": 112, "Actual Loops": 275, "Index Cond": "(id = mc.movie_id)", "Rows Removed by Index Recheck": 0, "Filter": "(production_year > 2005)", "Rows Removed by Filter": 163}]}, {"Node Type": "Index Scan", "Parent Relationship": "Inner", "Scan Direction": "Forward", "Index Name": "char_name_pkey", "Relation Name": "char_name", "Alias": "chn", "Startup Cost": 0.0, "Total Cost": 5.37, "Plan Rows": 1, "Plan Width": 20, "Actual Startup Time": 0.744, "Actual Total Time": 0.744, "Actual Rows": 104, "Actual Loops": 112, "Index Cond": "(id = ci.person_role_id)", "Rows Removed by Index Recheck": 0}]}, {"Node Type": "Index Only Scan", "Parent Relationship": "Inner", "Scan Direction": "Forward", "Index Name": "company_type_pkey", "Relation Name": "company_type", "Alias": "ct", "Startup Cost": 0.0, "Total Cost": 0.27, "Plan Rows": 1, "Plan Width": 4, "Actual Startup Time": 0.203, "Actual Total Time": 0.203, "Actual Rows": 18, "Actual Loops": 104, "Index Cond": "(id = mc.company_type_id)", "Rows Removed by Index Recheck": 0, "Heap Fetches": 0}]}]}, "Triggers": [], "Planner Runtime": 3, "Total Runtime": 850.164, "Unique SQL Id": 2933943827}}, "(1, 41)": {"explain_plan": {"Plan": {"Node Type": "Aggregate", "Strategy": "Plain", "Startup Cost": 24506.67, "Total Cost": 24506.68, "Plan Rows": 1, "Plan Width": 97, "Plans": [{"Node Type": "Nested Loop", "Parent Relationship": "Outer", "Join Type": "Inner", "Startup Cost": 0.0, "Total Cost": 24506.66, "Plan Rows": 2, "Plan Width": 33, "Inner Unique": true, "Plans": [{"Node Type": "Nested Loop", "Parent Relationship": "Outer", "Join Type": "Inner", "Startup Cost": 0.0, "Total Cost": 24506.1, "Plan Rows": 2, "Plan Width": 37, "Inner Unique": true, "Plans": [{"Node Type": "Nested Loop", "Parent Relationship": "Outer", "Join Type": "Inner", "Startup Cost": 0.0, "Total Cost": 24479.22, "Plan Rows": 5, "Plan Width": 25, "Inner Unique": true, "Plans": [{"Node Type": "Nested Loop", "Parent Relationship": "Outer", "Join Type": "Inner", "Startup Cost": 0.0, "Total Cost": 24477.12, "Plan Rows": 6, "Plan Width": 16, "Inner Unique": false, "Join Filter": "(ci.role_id = rt.id)", "Plans": [{"Node Type": "Index Scan", "Parent Relationship": "Outer", "Scan Direction": "Forward", "Index Name": "role_type_pkey", "Relation Name": "role_type", "Alias": "rt", "Startup Cost": 0.0, "Total Cost": 12.46, "Plan Rows": 1, "Plan Width": 4, "Filter": "((role)::text = 'actor'::text)"}, {"Node Type": "Nested Loop", "Parent Relationship": "Inner", "Join Type": "Inner", "Startup Cost": 0.0, "Total Cost": 24463.81, "Plan Rows": 68, "Plan Width": 20, "Inner Unique": false, "Plans": [{"Node Type": "Nested Loop", "Parent Relationship": "Outer", "Join Type": "Inner", "Startup Cost": 0.0, "Total Cost": 20719.49, "Plan Rows": 3779, "Plan Width": 8, "Inner Unique": false, "Plans": [{"Node Type": "Index Scan", "Parent Relationship": "Outer", "Scan Direction": "Forward", "Index Name": "company_name_pkey", "Relation Name": "company_name", "Alias": "cn", "Startup Cost": 0.0, "Total Cost": 10501.39, "Plan Rows": 251, "Plan Width": 4, "Filter": "((country_code)::text = '[ru]'::text)"}, {"Node Type": "Index Scan", "Parent Relationship": "Inner", "Scan Direction": "Forward", "Index Name": "company_id_movie_companies", "Relation Name": "movie_companies", "Alias": "mc", "Startup Cost": 0.0, "Total Cost": 40.56, "Plan Rows": 15, "Plan Width": 12, "Index Cond": "(company_id = cn.id)"}]}, {"Node Type": "Index Scan", "Parent Relationship": "Inner", "Scan Direction": "Forward", "Index Name": "movie_id_cast_info", "Relation Name": "cast_info", "Alias": "ci", "Startup Cost": 0.0, "Total Cost": 0.98, "Plan Rows": 1, "Plan Width": 12, "Index Cond": "(movie_id = mc.movie_id)", "Filter": "(((note)::text ~~ '%(voice)%'::text) AND ((note)::text ~~ '%(uncredited)%'::text))"}]}]}, {"Node Type": "Index Scan", "Parent Relationship": "Inner", "Scan Direction": "Forward", "Index Name": "title_pkey", "Relation Name": "title", "Alias": "t", "Startup Cost": 0.0, "Total Cost": 0.34, "Plan Rows": 1, "Plan Width": 21, "Index Cond": "(id = mc.movie_id)", "Filter": "(production_year > 2005)"}]}, {"Node Type": "Index Scan", "Parent Relationship": "Inner", "Scan Direction": "Forward", "Index Name": "char_name_pkey", "Relation Name": "char_name", "Alias": "chn", "Startup Cost": 0.0, "Total Cost": 5.37, "Plan Rows": 1, "Plan Width": 20, "Index Cond": "(id = ci.person_role_id)"}]}, {"Node Type": "Index Only Scan", "Parent Relationship": "Inner", "Scan Direction": "Forward", "Index Name": "company_type_pkey", "Relation Name": "company_type", "Alias": "ct", "Startup Cost": 0.0, "Total Cost": 0.27, "Plan Rows": 1, "Plan Width": 4, "Index Cond": "(id = mc.company_type_id)"}]}]}, "Unique SQL Id": 2933943827, "Planner Runtime": 4}, "explain_analyze_plan": {"Plan": {"Node Type": "Aggregate", "Strategy": "Plain", "Startup Cost": 24506.67, "Total Cost": 24506.68, "Plan Rows": 1, "Plan Width": 97, "Actual Startup Time": 1109.578, "Actual Total Time": 1109.578, "Actual Rows": 1, "Actual Loops": 1, "Plans": [{"Node Type": "Nested Loop", "Parent Relationship": "Outer", "Join Type": "Inner", "Startup Cost": 0.0, "Total Cost": 24506.66, "Plan Rows": 2, "Plan Width": 33, "Actual Startup Time": 29.393, "Actual Total Time": 1109.498, "Actual Rows": 18, "Actual Loops": 1, "Inner Unique": true, "Plans": [{"Node Type": "Nested Loop", "Parent Relationship": "Outer", "Join Type": "Inner", "Startup Cost": 0.0, "Total Cost": 24506.1, "Plan Rows": 2, "Plan Width": 37, "Actual Startup Time": 22.505, "Actual Total Time": 1109.156, "Actual Rows": 104, "Actual Loops": 1, "Inner Unique": true, "Plans": [{"Node Type": "Nested Loop", "Parent Relationship": "Outer", "Join Type": "Inner", "Startup Cost": 0.0, "Total Cost": 24479.22, "Plan Rows": 5, "Plan Width": 25, "Actual Startup Time": 22.492, "Actual Total Time": 1108.078, "Actual Rows": 112, "Actual Loops": 1, "Inner Unique": true, "Plans": [{"Node Type": "Nested Loop", "Parent Relationship": "Outer", "Join Type": "Inner", "Startup Cost": 0.0, "Total Cost": 24477.12, "Plan Rows": 6, "Plan Width": 16, "Actual Startup Time": 6.312, "Actual Total Time": 1105.702, "Actual Rows": 275, "Actual Loops": 1, "Inner Unique": false, "Join Filter": "(ci.role_id = rt.id)", "Rows Removed by Join Filter": 102, "Plans": [{"Node Type": "Index Scan", "Parent Relationship": "Outer", "Scan Direction": "Forward", "Index Name": "role_type_pkey", "Relation Name": "role_type", "Alias": "rt", "Startup Cost": 0.0, "Total Cost": 12.46, "Plan Rows": 1, "Plan Width": 4, "Actual Startup Time": 0.019, "Actual Total Time": 0.032, "Actual Rows": 1, "Actual Loops": 1, "Filter": "((role)::text = 'actor'::text)", "Rows Removed by Filter": 11}, {"Node Type": "Nested Loop", "Parent Relationship": "Inner", "Join Type": "Inner", "Startup Cost": 0.0, "Total Cost": 24463.81, "Plan Rows": 68, "Plan Width": 20, "Actual Startup Time": 6.284, "Actual Total Time": 1105.39, "Actual Rows": 377, "Actual Loops": 1, "Inner Unique": false, "Plans": [{"Node Type": "Nested Loop", "Parent Relationship": "Outer", "Join Type": "Inner", "Startup Cost": 0.0, "Total Cost": 20719.49, "Plan Rows": 3779, "Plan Width": 8, "Actual Startup Time": 0.444, "Actual Total Time": 336.747, "Actual Rows": 8790, "Actual Loops": 1, "Inner Unique": false, "Plans": [{"Node Type": "Index Scan", "Parent Relationship": "Outer", "Scan Direction": "Forward", "Index Name": "company_name_pkey", "Relation Name": "company_name", "Alias": "cn", "Startup Cost": 0.0, "Total Cost": 10501.39, "Plan Rows": 251, "Plan Width": 4, "Actual Startup Time": 0.43, "Actual Total Time": 312.872, "Actual Rows": 1361, "Actual Loops": 1, "Filter": "((country_code)::text = '[ru]'::text)", "Rows Removed by Filter": 233635}, {"Node Type": "Index Scan", "Parent Relationship": "Inner", "Scan Direction": "Forward", "Index Name": "company_id_movie_companies", "Relation Name": "movie_companies", "Alias": "mc", "Startup Cost": 0.0, "Total Cost": 40.56, "Plan Rows": 15, "Plan Width": 12, "Actual Startup Time": 8.429, "Actual Total Time": 20.182, "Actual Rows": 8790, "Actual Loops": 1361, "Index Cond": "(company_id = cn.id)", "Rows Removed by Index Recheck": 0}]}, {"Node Type": "Index Scan", "Parent Relationship": "Inner", "Scan Direction": "Forward", "Index Name": "movie_id_cast_info", "Relation Name": "cast_info", "Alias": "ci", "Startup Cost": 0.0, "Total Cost": 0.98, "Plan Rows": 1, "Plan Width": 12, "Actual Startup Time": 717.855, "Actual Total Time": 762.941, "Actual Rows": 377, "Actual Loops": 8790, "Index Cond": "(movie_id = mc.movie_id)", "Rows Removed by Index Recheck": 0, "Filter": "(((note)::text ~~ '%(voice)%'::text) AND ((note)::text ~~ '%(uncredited)%'::text))", "Rows Removed by Filter": 408168}]}]}, {"Node Type": "Index Scan", "Parent Relationship": "Inner", "Scan Direction": "Forward", "Index Name": "title_pkey", "Relation Name": "title", "Alias": "t", "Startup Cost": 0.0, "Total Cost": 0.34, "Plan Rows": 1, "Plan Width": 21, "Actual Startup Time": 1.933, "Actual Total Time": 1.933, "Actual Rows": 112, "Actual Loops": 275, "Index Cond": "(id = mc.movie_id)", "Rows Removed by Index Recheck": 0, "Filter": "(production_year > 2005)", "Rows Removed by Filter": 163}]}, {"Node Type": "Index Scan", "Parent Relationship": "Inner", "Scan Direction": "Forward", "Index Name": "char_name_pkey", "Relation Name": "char_name", "Alias": "chn", "Startup Cost": 0.0, "Total Cost": 5.37, "Plan Rows": 1, "Plan Width": 20, "Actual Startup Time": 0.818, "Actual Total Time": 0.818, "Actual Rows": 104, "Actual Loops": 112, "Index Cond": "(id = ci.person_role_id)", "Rows Removed by Index Recheck": 0}]}, {"Node Type": "Index Only Scan", "Parent Relationship": "Inner", "Scan Direction": "Forward", "Index Name": "company_type_pkey", "Relation Name": "company_type", "Alias": "ct", "Startup Cost": 0.0, "Total Cost": 0.27, "Plan Rows": 1, "Plan Width": 4, "Actual Startup Time": 0.182, "Actual Total Time": 0.182, "Actual Rows": 18, "Actual Loops": 104, "Index Cond": "(id = mc.company_type_id)", "Rows Removed by Index Recheck": 0, "Heap Fetches": 0}]}]}, "Triggers": [], "Planner Runtime": 3, "Total Runtime": 1109.893, "Unique SQL Id": 2933943827}}, "(1, 42)": {"explain_plan": {"Plan": {"Node Type": "Aggregate", "Strategy": "Plain", "Startup Cost": 1006121.79, "Total Cost": 1006121.8, "Plan Rows": 1, "Plan Width": 97, "Plans": [{"Node Type": "Nested Loop", "Parent Relationship": "Outer", "Join Type": "Inner", "Startup Cost": 911149.3, "Total Cost": 1006121.78, "Plan Rows": 2, "Plan Width": 33, "Inner Unique": false, "Join Filter": "(mc.company_type_id = ct.id)", "Plans": [{"Node Type": "Seq Scan", "Parent Relationship": "Outer", "Relation Name": "company_type", "Alias": "ct", "Startup Cost": 0.0, "Total Cost": 1.03, "Plan Rows": 3, "Plan Width": 4}, {"Node Type": "Materialize", "Parent Relationship": "Inner", "Startup Cost": 911149.3, "Total Cost": 1006120.67, "Plan Rows": 2, "Plan Width": 37, "Plans": [{"Node Type": "Hash Join", "Parent Relationship": "Outer", "Join Type": "Inner", "Startup Cost": 911149.3, "Total Cost": 1006120.66, "Plan Rows": 2, "Plan Width": 37, "Inner Unique": false, "Hash Cond": "(chn.id = ci.person_role_id)", "Plans": [{"Node Type": "Seq Scan", "Parent Relationship": "Outer", "Relation Name": "char_name", "Alias": "chn", "Startup Cost": 0.0, "Total Cost": 67493.38, "Plan Rows": 3140338, "Plan Width": 20}, {"Node Type": "Hash", "Parent Relationship": "Inner", "Startup Cost": 911149.24, "Total Cost": 911149.24, "Plan Rows": 5, "Plan Width": 25, "Plans": [{"Node Type": "Nested Loop", "Parent Relationship": "Outer", "Join Type": "Inner", "Startup Cost": 127886.81, "Total Cost": 911149.24, "Plan Rows": 5, "Plan Width": 25, "Inner Unique": false, "Join Filter": "(ci.role_id = rt.id)", "Plans": [{"Node Type": "Seq Scan", "Parent Relationship": "Outer", "Relation Name": "role_type", "Alias": "rt", "Startup Cost": 0.0, "Total Cost": 1.15, "Plan Rows": 1, "Plan Width": 4, "Filter": "((role)::text = 'actor'::text)"}, {"Node Type": "Hash Join", "Parent Relationship": "Inner", "Join Type": "Inner", "Startup Cost": 127886.81, "Total Cost": 911147.05, "Plan Rows": 83, "Plan Width": 29, "Inner Unique": false, "Hash Cond": "(ci.movie_id = t.id)", "Plans": [{"Node Type": "Seq Scan", "Parent Relationship": "Outer", "Relation Name": "cast_info", "Alias": "ci", "Startup Cost": 0.0, "Total Cost": 783175.41, "Plan Rows": 22295, "Plan Width": 12, "Filter": "(((note)::text ~~ '%(voice)%'::text) AND ((note)::text ~~ '%(uncredited)%'::text))"}, {"Node Type": "Hash", "Parent Relationship": "Inner", "Startup Cost": 127829.48, "Total Cost": 127829.48, "Plan Rows": 4587, "Plan Width": 29, "Plans": [{"Node Type": "Hash Join", "Parent Relationship": "Outer", "Join Type": "Inner", "Startup Cost": 57593.12, "Total Cost": 127829.48, "Plan Rows": 4587, "Plan Width": 29, "Inner Unique": false, "Hash Cond": "(t.id = mc.movie_id)", "Plans": [{"Node Type": "Seq Scan", "Parent Relationship": "Outer", "Relation Name": "title", "Alias": "t", "Startup Cost": 0.0, "Total Cost": 66389.89, "Plan Rows": 1013492, "Plan Width": 21, "Filter": "(production_year > 2005), (LLVM Optimized)"}, {"Node Type": "Hash", "Parent Relationship": "Inner", "Startup Cost": 57545.89, "Total Cost": 57545.89, "Plan Rows": 3779, "Plan Width": 8, "Plans": [{"Node Type": "Hash Join", "Parent Relationship": "Outer", "Join Type": "Inner", "Startup Cost": 5906.59, "Total Cost": 57545.89, "Plan Rows": 3779, "Plan Width": 8, "Inner Unique": true, "Hash Cond": "(mc.company_id = cn.id)", "Plans": [{"Node Type": "Seq Scan", "Parent Relationship": "Outer", "Relation Name": "movie_companies", "Alias": "mc", "Startup Cost": 0.0, "Total Cost": 41817.28, "Plan Rows": 2609128, "Plan Width": 12}, {"Node Type": "Hash", "Parent Relationship": "Inner", "Startup Cost": 5903.45, "Total Cost": 5903.45, "Plan Rows": 251, "Plan Width": 4, "Plans": [{"Node Type": "Seq Scan", "Parent Relationship": "Outer", "Relation Name": "company_name", "Alias": "cn", "Startup Cost": 0.0, "Total Cost": 5903.45, "Plan Rows": 251, "Plan Width": 4, "Filter": "((country_code)::text = '[ru]'::text)"}]}]}]}]}]}]}]}]}]}]}]}]}, "Unique SQL Id": 2933943827, "Planner Runtime": 9}, "explain_analyze_plan": null}, "(1, 43)": {"explain_plan": {"Plan": {"Node Type": "Aggregate", "Strategy": "Plain", "Startup Cost": 7000198709657.34, "Total Cost": 7000198709657.35, "Plan Rows": 1, "Plan Width": 97, "Plans": [{"Node Type": "Nested Loop", "Parent Relationship": "Outer", "Join Type": "Inner", "Startup Cost": 70000000000.0, "Total Cost": 7000198709657.33, "Plan Rows": 2, "Plan Width": 33, "Inner Unique": true, "Join Filter": "(mc.company_type_id = ct.id)", "Plans": [{"Node Type": "Nested Loop", "Parent Relationship": "Outer", "Join Type": "Inner", "Startup Cost": 60000000000.0, "Total Cost": 6000198708827.73, "Plan Rows": 2, "Plan Width": 37, "Inner Unique": true, "Join Filter": "(ci.person_role_id = chn.id)", "Plans": [{"Node Type": "Nested Loop", "Parent Relationship": "Outer", "Join Type": "Inner", "Startup Cost": 50000000000.0, "Total Cost": 5000185477906.03, "Plan Rows": 5, "Plan Width": 25, "Inner Unique": true, "Join Filter": "(mc.movie_id = t.id)", "Plans": [{"Node Type": "Nested Loop", "Parent Relationship": "Outer", "Join Type": "Inner", "Startup Cost": 40000000000.0, "Total Cost": 4000173740031.35, "Plan Rows": 6, "Plan Width": 16, "Inner Unique": true, "Join Filter": "(ci.role_id = rt.id)", "Plans": [{"Node Type": "Nested Loop", "Parent Relationship": "Outer", "Join Type": "Inner", "Startup Cost": 30000000000.0, "Total Cost": 3000173738784.33, "Plan Rows": 68, "Plan Width": 20, "Inner Unique": false, "Join Filter": "(mc.movie_id = ci.movie_id)", "Plans": [{"Node Type": "Nested Loop", "Parent Relationship": "Outer", "Join Type": "Inner", "Startup Cost": 20000000000.0, "Total Cost": 2000020191723.52, "Plan Rows": 3779, "Plan Width": 8, "Inner Unique": true, "Join Filter": "(cn.id = mc.company_id)", "Plans": [{"Node Type": "Index Scan", "Parent Relationship": "Outer", "Scan Direction": "Forward", "Index Name": "company_type_id_movie_companies", "Relation Name": "movie_companies", "Alias": "mc", "Startup Cost": 10000000000.0, "Total Cost": 1000009318217.0, "Plan Rows": 2609128, "Plan Width": 12}, {"Node Type": "Materialize", "Parent Relationship": "Inner", "Startup Cost": 10000000000.0, "Total Cost": 1000001050140.22, "Plan Rows": 251, "Plan Width": 4, "Plans": [{"Node Type": "Index Scan", "Parent Relationship": "Outer", "Scan Direction": "Forward", "Index Name": "company_name_pkey", "Relation Name": "company_name", "Alias": "cn", "Startup Cost": 10000000000.0, "Total Cost": 1000001050138.97, "Plan Rows": 251, "Plan Width": 4, "Filter": "((country_code)::text = '[ru]'::text)"}]}]}, {"Node Type": "Materialize", "Parent Relationship": "Inner", "Startup Cost": 10000000000.0, "Total Cost": 1000152283324.47, "Plan Rows": 22295, "Plan Width": 12, "Plans": [{"Node Type": "Index Scan", "Parent Relationship": "Outer", "Scan Direction": "Forward", "Index Name": "role_id_cast_info", "Relation Name": "cast_info", "Alias": "ci", "Startup Cost": 10000000000.0, "Total Cost": 1000152283213.0, "Plan Rows": 22295, "Plan Width": 12, "Filter": "(((note)::text ~~ '%(voice)%'::text) AND ((note)::text ~~ '%(uncredited)%'::text))"}]}]}, {"Node Type": "Materialize", "Parent Relationship": "Inner", "Startup Cost": 10000000000.0, "Total Cost": 1000000001246.0, "Plan Rows": 1, "Plan Width": 4, "Plans": [{"Node Type": "Index Scan", "Parent Relationship": "Outer", "Scan Direction": "Forward", "Index Name": "role_type_pkey", "Relation Name": "role_type", "Alias": "rt", "Startup Cost": 10000000000.0, "Total Cost": 1000000001246.0, "Plan Rows": 1, "Plan Width": 4, "Filter": "((role)::text = 'actor'::text)"}]}]}, {"Node Type": "Materialize", "Parent Relationship": "Inner", "Startup Cost": 10000000000.0, "Total Cost": 1000011649194.12, "Plan Rows": 1013492, "Plan Width": 21, "Plans": [{"Node Type": "Index Scan", "Parent Relationship": "Outer", "Scan Direction": "Forward", "Index Name": "title_pkey", "Relation Name": "title", "Alias": "t", "Startup Cost": 10000000000.0, "Total Cost": 1000011644126.66, "Plan Rows": 1013492, "Plan Width": 21, "Filter": "(production_year > 2005), (LLVM Optimized)"}]}]}, {"Node Type": "Materialize", "Parent Relationship": "Inner", "Startup Cost": 10000000000.0, "Total Cost": 1000013003247.2, "Plan Rows": 3140338, "Plan Width": 20, "Plans": [{"Node Type": "Index Scan", "Parent Relationship": "Outer", "Scan Direction": "Forward", "Index Name": "char_name_pkey", "Relation Name": "char_name", "Alias": "chn", "Startup Cost": 10000000000.0, "Total Cost": 1000012987545.51, "Plan Rows": 3140338, "Plan Width": 20}]}]}, {"Node Type": "Materialize", "Parent Relationship": "Inner", "Startup Cost": 10000000000.0, "Total Cost": 1000000000829.52, "Plan Rows": 3, "Plan Width": 4, "Plans": [{"Node Type": "Index Only Scan", "Parent Relationship": "Outer", "Scan Direction": "Forward", "Index Name": "company_type_pkey", "Relation Name": "company_type", "Alias": "ct", "Startup Cost": 10000000000.0, "Total Cost": 1000000000829.5, "Plan Rows": 3, "Plan Width": 4}]}]}]}, "Unique SQL Id": 2933943827, "Planner Runtime": 10}, "explain_analyze_plan": null}, "(1, 44)": {"explain_plan": {"Plan": {"Node Type": "Aggregate", "Strategy": "Plain", "Startup Cost": 19897.43, "Total Cost": 19897.44, "Plan Rows": 1, "Plan Width": 97, "Plans": [{"Node Type": "Nested Loop", "Parent Relationship": "Outer", "Join Type": "Inner", "Startup Cost": 0.0, "Total Cost": 19897.42, "Plan Rows": 2, "Plan Width": 33, "Inner Unique": true, "Plans": [{"Node Type": "Nested Loop", "Parent Relationship": "Outer", "Join Type": "Inner", "Startup Cost": 0.0, "Total Cost": 19896.86, "Plan Rows": 2, "Plan Width": 37, "Inner Unique": true, "Plans": [{"Node Type": "Nested Loop", "Parent Relationship": "Outer", "Join Type": "Inner", "Startup Cost": 0.0, "Total Cost": 19869.97, "Plan Rows": 5, "Plan Width": 25, "Inner Unique": true, "Plans": [{"Node Type": "Nested Loop", "Parent Relationship": "Outer", "Join Type": "Inner", "Startup Cost": 0.0, "Total Cost": 19867.87, "Plan Rows": 6, "Plan Width": 16, "Inner Unique": false, "Join Filter": "(ci.role_id = rt.id)", "Plans": [{"Node Type": "Seq Scan", "Parent Relationship": "Outer", "Relation Name": "role_type", "Alias": "rt", "Startup Cost": 0.0, "Total Cost": 1.15, "Plan Rows": 1, "Plan Width": 4, "Filter": "((role)::text = 'actor'::text)"}, {"Node Type": "Nested Loop", "Parent Relationship": "Inner", "Join Type": "Inner", "Startup Cost": 0.0, "Total Cost": 19865.87, "Plan Rows": 68, "Plan Width": 20, "Inner Unique": false, "Plans": [{"Node Type": "Nested Loop", "Parent Relationship": "Outer", "Join Type": "Inner", "Startup Cost": 0.0, "Total Cost": 16121.55, "Plan Rows": 3779, "Plan Width": 8, "Inner Unique": false, "Plans": [{"Node Type": "Seq Scan", "Parent Relationship": "Outer", "Relation Name": "company_name", "Alias": "cn", "Startup Cost": 0.0, "Total Cost": 5903.45, "Plan Rows": 251, "Plan Width": 4, "Filter": "((country_code)::text = '[ru]'::text)"}, {"Node Type": "Index Scan", "Parent Relationship": "Inner", "Scan Direction": "Forward", "Index Name": "company_id_movie_companies", "Relation Name": "movie_companies", "Alias": "mc", "Startup Cost": 0.0, "Total Cost": 40.56, "Plan Rows": 15, "Plan Width": 12, "Index Cond": "(company_id = cn.id)"}]}, {"Node Type": "Index Scan", "Parent Relationship": "Inner", "Scan Direction": "Forward", "Index Name": "movie_id_cast_info", "Relation Name": "cast_info", "Alias": "ci", "Startup Cost": 0.0, "Total Cost": 0.98, "Plan Rows": 1, "Plan Width": 12, "Index Cond": "(movie_id = mc.movie_id)", "Filter": "(((note)::text ~~ '%(voice)%'::text) AND ((note)::text ~~ '%(uncredited)%'::text))"}]}]}, {"Node Type": "Index Scan", "Parent Relationship": "Inner", "Scan Direction": "Forward", "Index Name": "title_pkey", "Relation Name": "title", "Alias": "t", "Startup Cost": 0.0, "Total Cost": 0.34, "Plan Rows": 1, "Plan Width": 21, "Index Cond": "(id = mc.movie_id)", "Filter": "(production_year > 2005)"}]}, {"Node Type": "Index Scan", "Parent Relationship": "Inner", "Scan Direction": "Forward", "Index Name": "char_name_pkey", "Relation Name": "char_name", "Alias": "chn", "Startup Cost": 0.0, "Total Cost": 5.37, "Plan Rows": 1, "Plan Width": 20, "Index Cond": "(id = ci.person_role_id)"}]}, {"Node Type": "Index Scan", "Parent Relationship": "Inner", "Scan Direction": "Forward", "Index Name": "company_type_pkey", "Relation Name": "company_type", "Alias": "ct", "Startup Cost": 0.0, "Total Cost": 0.27, "Plan Rows": 1, "Plan Width": 4, "Index Cond": "(id = mc.company_type_id)"}]}]}, "Unique SQL Id": 2933943827, "Planner Runtime": 6}, "explain_analyze_plan": {"Plan": {"Node Type": "Aggregate", "Strategy": "Plain", "Startup Cost": 19897.43, "Total Cost": 19897.44, "Plan Rows": 1, "Plan Width": 97, "Actual Startup Time": 796.295, "Actual Total Time": 796.296, "Actual Rows": 1, "Actual Loops": 1, "Plans": [{"Node Type": "Nested Loop", "Parent Relationship": "Outer", "Join Type": "Inner", "Startup Cost": 0.0, "Total Cost": 19897.42, "Plan Rows": 2, "Plan Width": 33, "Actual Startup Time": 40.923, "Actual Total Time": 796.105, "Actual Rows": 18, "Actual Loops": 1, "Inner Unique": true, "Plans": [{"Node Type": "Nested Loop", "Parent Relationship": "Outer", "Join Type": "Inner", "Startup Cost": 0.0, "Total Cost": 19896.86, "Plan Rows": 2, "Plan Width": 37, "Actual Startup Time": 8.52, "Actual Total Time": 795.8, "Actual Rows": 104, "Actual Loops": 1, "Inner Unique": true, "Plans": [{"Node Type": "Nested Loop", "Parent Relationship": "Outer", "Join Type": "Inner", "Startup Cost": 0.0, "Total Cost": 19869.97, "Plan Rows": 5, "Plan Width": 25, "Actual Startup Time": 8.511, "Actual Total Time": 794.891, "Actual Rows": 112, "Actual Loops": 1, "Inner Unique": true, "Plans": [{"Node Type": "Nested Loop", "Parent Relationship": "Outer", "Join Type": "Inner", "Startup Cost": 0.0, "Total Cost": 19867.87, "Plan Rows": 6, "Plan Width": 16, "Actual Startup Time": 0.755, "Actual Total Time": 792.762, "Actual Rows": 275, "Actual Loops": 1, "Inner Unique": false, "Join Filter": "(ci.role_id = rt.id)", "Rows Removed by Join Filter": 102, "Plans": [{"Node Type": "Seq Scan", "Parent Relationship": "Outer", "Relation Name": "role_type", "Alias": "rt", "Startup Cost": 0.0, "Total Cost": 1.15, "Plan Rows": 1, "Plan Width": 4, "Actual Startup Time": 0.021, "Actual Total Time": 0.03, "Actual Rows": 1, "Actual Loops": 1, "Filter": "((role)::text = 'actor'::text)", "Rows Removed by Filter": 11}, {"Node Type": "Nested Loop", "Parent Relationship": "Inner", "Join Type": "Inner", "Startup Cost": 0.0, "Total Cost": 19865.87, "Plan Rows": 68, "Plan Width": 20, "Actual Startup Time": 0.728, "Actual Total Time": 792.447, "Actual Rows": 377, "Actual Loops": 1, "Inner Unique": false, "Plans": [{"Node Type": "Nested Loop", "Parent Relationship": "Outer", "Join Type": "Inner", "Startup Cost": 0.0, "Total Cost": 16121.55, "Plan Rows": 3779, "Plan Width": 8, "Actual Startup Time": 0.052, "Actual Total Time": 108.67, "Actual Rows": 8790, "Actual Loops": 1, "Inner Unique": false, "Plans": [{"Node Type": "Seq Scan", "Parent Relationship": "Outer", "Relation Name": "company_name", "Alias": "cn", "Startup Cost": 0.0, "Total Cost": 5903.45, "Plan Rows": 251, "Plan Width": 4, "Actual Startup Time": 0.035, "Actual Total Time": 83.89, "Actual Rows": 1361, "Actual Loops": 1, "Filter": "((country_code)::text = '[ru]'::text)", "Rows Removed by Filter": 233635}, {"Node Type": "Index Scan", "Parent Relationship": "Inner", "Scan Direction": "Forward", "Index Name": "company_id_movie_companies", "Relation Name": "movie_companies", "Alias": "mc", "Startup Cost": 0.0, "Total Cost": 40.56, "Plan Rows": 15, "Plan Width": 12, "Actual Startup Time": 9.73, "Actual Total Time": 21.451, "Actual Rows": 8790, "Actual Loops": 1361, "Index Cond": "(company_id = cn.id)", "Rows Removed by Index Recheck": 0}]}, {"Node Type": "Index Scan", "Parent Relationship": "Inner", "Scan Direction": "Forward", "Index Name": "movie_id_cast_info", "Relation Name": "cast_info", "Alias": "ci", "Startup Cost": 0.0, "Total Cost": 0.98, "Plan Rows": 1, "Plan Width": 12, "Actual Startup Time": 640.813, "Actual Total Time": 678.501, "Actual Rows": 377, "Actual Loops": 8790, "Index Cond": "(movie_id = mc.movie_id)", "Rows Removed by Index Recheck": 0, "Filter": "(((note)::text ~~ '%(voice)%'::text) AND ((note)::text ~~ '%(uncredited)%'::text))", "Rows Removed by Filter": 408168}]}]}, {"Node Type": "Index Scan", "Parent Relationship": "Inner", "Scan Direction": "Forward", "Index Name": "title_pkey", "Relation Name": "title", "Alias": "t", "Startup Cost": 0.0, "Total Cost": 0.34, "Plan Rows": 1, "Plan Width": 21, "Actual Startup Time": 1.727, "Actual Total Time": 1.727, "Actual Rows": 112, "Actual Loops": 275, "Index Cond": "(id = mc.movie_id)", "Rows Removed by Index Recheck": 0, "Filter": "(production_year > 2005)", "Rows Removed by Filter": 163}]}, {"Node Type": "Index Scan", "Parent Relationship": "Inner", "Scan Direction": "Forward", "Index Name": "char_name_pkey", "Relation Name": "char_name", "Alias": "chn", "Startup Cost": 0.0, "Total Cost": 5.37, "Plan Rows": 1, "Plan Width": 20, "Actual Startup Time": 0.675, "Actual Total Time": 0.675, "Actual Rows": 104, "Actual Loops": 112, "Index Cond": "(id = ci.person_role_id)", "Rows Removed by Index Recheck": 0}]}, {"Node Type": "Index Scan", "Parent Relationship": "Inner", "Scan Direction": "Forward", "Index Name": "company_type_pkey", "Relation Name": "company_type", "Alias": "ct", "Startup Cost": 0.0, "Total Cost": 0.27, "Plan Rows": 1, "Plan Width": 4, "Actual Startup Time": 0.167, "Actual Total Time": 0.167, "Actual Rows": 18, "Actual Loops": 104, "Index Cond": "(id = mc.company_type_id)", "Rows Removed by Index Recheck": 0}]}]}, "Triggers": [], "Planner Runtime": 3, "Total Runtime": 796.669, "Unique SQL Id": 2933943827}}, "(1, 45)": {"explain_plan": {"Plan": {"Node Type": "Aggregate", "Strategy": "Plain", "Startup Cost": 24506.67, "Total Cost": 24506.68, "Plan Rows": 1, "Plan Width": 97, "Plans": [{"Node Type": "Nested Loop", "Parent Relationship": "Outer", "Join Type": "Inner", "Startup Cost": 0.0, "Total Cost": 24506.66, "Plan Rows": 2, "Plan Width": 33, "Inner Unique": true, "Plans": [{"Node Type": "Nested Loop", "Parent Relationship": "Outer", "Join Type": "Inner", "Startup Cost": 0.0, "Total Cost": 24506.1, "Plan Rows": 2, "Plan Width": 37, "Inner Unique": true, "Plans": [{"Node Type": "Nested Loop", "Parent Relationship": "Outer", "Join Type": "Inner", "Startup Cost": 0.0, "Total Cost": 24479.22, "Plan Rows": 5, "Plan Width": 25, "Inner Unique": true, "Plans": [{"Node Type": "Nested Loop", "Parent Relationship": "Outer", "Join Type": "Inner", "Startup Cost": 0.0, "Total Cost": 24477.12, "Plan Rows": 6, "Plan Width": 16, "Inner Unique": false, "Join Filter": "(ci.role_id = rt.id)", "Plans": [{"Node Type": "Index Scan", "Parent Relationship": "Outer", "Scan Direction": "Forward", "Index Name": "role_type_pkey", "Relation Name": "role_type", "Alias": "rt", "Startup Cost": 0.0, "Total Cost": 12.46, "Plan Rows": 1, "Plan Width": 4, "Filter": "((role)::text = 'actor'::text)"}, {"Node Type": "Nested Loop", "Parent Relationship": "Inner", "Join Type": "Inner", "Startup Cost": 0.0, "Total Cost": 24463.81, "Plan Rows": 68, "Plan Width": 20, "Inner Unique": false, "Plans": [{"Node Type": "Nested Loop", "Parent Relationship": "Outer", "Join Type": "Inner", "Startup Cost": 0.0, "Total Cost": 20719.49, "Plan Rows": 3779, "Plan Width": 8, "Inner Unique": false, "Plans": [{"Node Type": "Index Scan", "Parent Relationship": "Outer", "Scan Direction": "Forward", "Index Name": "company_name_pkey", "Relation Name": "company_name", "Alias": "cn", "Startup Cost": 0.0, "Total Cost": 10501.39, "Plan Rows": 251, "Plan Width": 4, "Filter": "((country_code)::text = '[ru]'::text)"}, {"Node Type": "Index Scan", "Parent Relationship": "Inner", "Scan Direction": "Forward", "Index Name": "company_id_movie_companies", "Relation Name": "movie_companies", "Alias": "mc", "Startup Cost": 0.0, "Total Cost": 40.56, "Plan Rows": 15, "Plan Width": 12, "Index Cond": "(company_id = cn.id)"}]}, {"Node Type": "Index Scan", "Parent Relationship": "Inner", "Scan Direction": "Forward", "Index Name": "movie_id_cast_info", "Relation Name": "cast_info", "Alias": "ci", "Startup Cost": 0.0, "Total Cost": 0.98, "Plan Rows": 1, "Plan Width": 12, "Index Cond": "(movie_id = mc.movie_id)", "Filter": "(((note)::text ~~ '%(voice)%'::text) AND ((note)::text ~~ '%(uncredited)%'::text))"}]}]}, {"Node Type": "Index Scan", "Parent Relationship": "Inner", "Scan Direction": "Forward", "Index Name": "title_pkey", "Relation Name": "title", "Alias": "t", "Startup Cost": 0.0, "Total Cost": 0.34, "Plan Rows": 1, "Plan Width": 21, "Index Cond": "(id = mc.movie_id)", "Filter": "(production_year > 2005)"}]}, {"Node Type": "Index Scan", "Parent Relationship": "Inner", "Scan Direction": "Forward", "Index Name": "char_name_pkey", "Relation Name": "char_name", "Alias": "chn", "Startup Cost": 0.0, "Total Cost": 5.37, "Plan Rows": 1, "Plan Width": 20, "Index Cond": "(id = ci.person_role_id)"}]}, {"Node Type": "Index Scan", "Parent Relationship": "Inner", "Scan Direction": "Forward", "Index Name": "company_type_pkey", "Relation Name": "company_type", "Alias": "ct", "Startup Cost": 0.0, "Total Cost": 0.27, "Plan Rows": 1, "Plan Width": 4, "Index Cond": "(id = mc.company_type_id)"}]}]}, "Unique SQL Id": 2933943827, "Planner Runtime": 4}, "explain_analyze_plan": {"Plan": {"Node Type": "Aggregate", "Strategy": "Plain", "Startup Cost": 24506.67, "Total Cost": 24506.68, "Plan Rows": 1, "Plan Width": 97, "Actual Startup Time": 1009.656, "Actual Total Time": 1009.657, "Actual Rows": 1, "Actual Loops": 1, "Plans": [{"Node Type": "Nested Loop", "Parent Relationship": "Outer", "Join Type": "Inner", "Startup Cost": 0.0, "Total Cost": 24506.66, "Plan Rows": 2, "Plan Width": 33, "Actual Startup Time": 28.604, "Actual Total Time": 1009.557, "Actual Rows": 18, "Actual Loops": 1, "Inner Unique": true, "Plans": [{"Node Type": "Nested Loop", "Parent Relationship": "Outer", "Join Type": "Inner", "Startup Cost": 0.0, "Total Cost": 24506.1, "Plan Rows": 2, "Plan Width": 37, "Actual Startup Time": 21.949, "Actual Total Time": 1009.273, "Actual Rows": 104, "Actual Loops": 1, "Inner Unique": true, "Plans": [{"Node Type": "Nested Loop", "Parent Relationship": "Outer", "Join Type": "Inner", "Startup Cost": 0.0, "Total Cost": 24479.22, "Plan Rows": 5, "Plan Width": 25, "Actual Startup Time": 21.938, "Actual Total Time": 1008.351, "Actual Rows": 112, "Actual Loops": 1, "Inner Unique": true, "Plans": [{"Node Type": "Nested Loop", "Parent Relationship": "Outer", "Join Type": "Inner", "Startup Cost": 0.0, "Total Cost": 24477.12, "Plan Rows": 6, "Plan Width": 16, "Actual Startup Time": 6.423, "Actual Total Time": 1006.191, "Actual Rows": 275, "Actual Loops": 1, "Inner Unique": false, "Join Filter": "(ci.role_id = rt.id)", "Rows Removed by Join Filter": 102, "Plans": [{"Node Type": "Index Scan", "Parent Relationship": "Outer", "Scan Direction": "Forward", "Index Name": "role_type_pkey", "Relation Name": "role_type", "Alias": "rt", "Startup Cost": 0.0, "Total Cost": 12.46, "Plan Rows": 1, "Plan Width": 4, "Actual Startup Time": 0.02, "Actual Total Time": 0.029, "Actual Rows": 1, "Actual Loops": 1, "Filter": "((role)::text = 'actor'::text)", "Rows Removed by Filter": 11}, {"Node Type": "Nested Loop", "Parent Relationship": "Inner", "Join Type": "Inner", "Startup Cost": 0.0, "Total Cost": 24463.81, "Plan Rows": 68, "Plan Width": 20, "Actual Startup Time": 6.388, "Actual Total Time": 1005.895, "Actual Rows": 377, "Actual Loops": 1, "Inner Unique": false, "Plans": [{"Node Type": "Nested Loop", "Parent Relationship": "Outer", "Join Type": "Inner", "Startup Cost": 0.0, "Total Cost": 20719.49, "Plan Rows": 3779, "Plan Width": 8, "Actual Startup Time": 0.45, "Actual Total Time": 322.76, "Actual Rows": 8790, "Actual Loops": 1, "Inner Unique": false, "Plans": [{"Node Type": "Index Scan", "Parent Relationship": "Outer", "Scan Direction": "Forward", "Index Name": "company_name_pkey", "Relation Name": "company_name", "Alias": "cn", "Startup Cost": 0.0, "Total Cost": 10501.39, "Plan Rows": 251, "Plan Width": 4, "Actual Startup Time": 0.436, "Actual Total Time": 299.925, "Actual Rows": 1361, "Actual Loops": 1, "Filter": "((country_code)::text = '[ru]'::text)", "Rows Removed by Filter": 233635}, {"Node Type": "Index Scan", "Parent Relationship": "Inner", "Scan Direction": "Forward", "Index Name": "company_id_movie_companies", "Relation Name": "movie_companies", "Alias": "mc", "Startup Cost": 0.0, "Total Cost": 40.56, "Plan Rows": 15, "Plan Width": 12, "Actual Startup Time": 8.119, "Actual Total Time": 19.34, "Actual Rows": 8790, "Actual Loops": 1361, "Index Cond": "(company_id = cn.id)", "Rows Removed by Index Recheck": 0}]}, {"Node Type": "Index Scan", "Parent Relationship": "Inner", "Scan Direction": "Forward", "Index Name": "movie_id_cast_info", "Relation Name": "cast_info", "Alias": "ci", "Startup Cost": 0.0, "Total Cost": 0.98, "Plan Rows": 1, "Plan Width": 12, "Actual Startup Time": 639.51, "Actual Total Time": 677.545, "Actual Rows": 377, "Actual Loops": 8790, "Index Cond": "(movie_id = mc.movie_id)", "Rows Removed by Index Recheck": 0, "Filter": "(((note)::text ~~ '%(voice)%'::text) AND ((note)::text ~~ '%(uncredited)%'::text))", "Rows Removed by Filter": 408168}]}]}, {"Node Type": "Index Scan", "Parent Relationship": "Inner", "Scan Direction": "Forward", "Index Name": "title_pkey", "Relation Name": "title", "Alias": "t", "Startup Cost": 0.0, "Total Cost": 0.34, "Plan Rows": 1, "Plan Width": 21, "Actual Startup Time": 1.746, "Actual Total Time": 1.746, "Actual Rows": 112, "Actual Loops": 275, "Index Cond": "(id = mc.movie_id)", "Rows Removed by Index Recheck": 0, "Filter": "(production_year > 2005)", "Rows Removed by Filter": 163}]}, {"Node Type": "Index Scan", "Parent Relationship": "Inner", "Scan Direction": "Forward", "Index Name": "char_name_pkey", "Relation Name": "char_name", "Alias": "chn", "Startup Cost": 0.0, "Total Cost": 5.37, "Plan Rows": 1, "Plan Width": 20, "Actual Startup Time": 0.688, "Actual Total Time": 0.688, "Actual Rows": 104, "Actual Loops": 112, "Index Cond": "(id = ci.person_role_id)", "Rows Removed by Index Recheck": 0}]}, {"Node Type": "Index Scan", "Parent Relationship": "Inner", "Scan Direction": "Forward", "Index Name": "company_type_pkey", "Relation Name": "company_type", "Alias": "ct", "Startup Cost": 0.0, "Total Cost": 0.27, "Plan Rows": 1, "Plan Width": 4, "Actual Startup Time": 0.148, "Actual Total Time": 0.148, "Actual Rows": 18, "Actual Loops": 104, "Index Cond": "(id = mc.company_type_id)", "Rows Removed by Index Recheck": 0}]}]}, "Triggers": [], "Planner Runtime": 3, "Total Runtime": 1010.002, "Unique SQL Id": 2933943827}}, "(1, 46)": {"explain_plan": {"Plan": {"Node Type": "Aggregate", "Strategy": "Plain", "Startup Cost": 1006121.79, "Total Cost": 1006121.8, "Plan Rows": 1, "Plan Width": 97, "Plans": [{"Node Type": "Nested Loop", "Parent Relationship": "Outer", "Join Type": "Inner", "Startup Cost": 911149.3, "Total Cost": 1006121.78, "Plan Rows": 2, "Plan Width": 33, "Inner Unique": false, "Join Filter": "(mc.company_type_id = ct.id)", "Plans": [{"Node Type": "Seq Scan", "Parent Relationship": "Outer", "Relation Name": "company_type", "Alias": "ct", "Startup Cost": 0.0, "Total Cost": 1.03, "Plan Rows": 3, "Plan Width": 4}, {"Node Type": "Materialize", "Parent Relationship": "Inner", "Startup Cost": 911149.3, "Total Cost": 1006120.67, "Plan Rows": 2, "Plan Width": 37, "Plans": [{"Node Type": "Hash Join", "Parent Relationship": "Outer", "Join Type": "Inner", "Startup Cost": 911149.3, "Total Cost": 1006120.66, "Plan Rows": 2, "Plan Width": 37, "Inner Unique": false, "Hash Cond": "(chn.id = ci.person_role_id)", "Plans": [{"Node Type": "Seq Scan", "Parent Relationship": "Outer", "Relation Name": "char_name", "Alias": "chn", "Startup Cost": 0.0, "Total Cost": 67493.38, "Plan Rows": 3140338, "Plan Width": 20}, {"Node Type": "Hash", "Parent Relationship": "Inner", "Startup Cost": 911149.24, "Total Cost": 911149.24, "Plan Rows": 5, "Plan Width": 25, "Plans": [{"Node Type": "Nested Loop", "Parent Relationship": "Outer", "Join Type": "Inner", "Startup Cost": 127886.81, "Total Cost": 911149.24, "Plan Rows": 5, "Plan Width": 25, "Inner Unique": false, "Join Filter": "(ci.role_id = rt.id)", "Plans": [{"Node Type": "Seq Scan", "Parent Relationship": "Outer", "Relation Name": "role_type", "Alias": "rt", "Startup Cost": 0.0, "Total Cost": 1.15, "Plan Rows": 1, "Plan Width": 4, "Filter": "((role)::text = 'actor'::text)"}, {"Node Type": "Hash Join", "Parent Relationship": "Inner", "Join Type": "Inner", "Startup Cost": 127886.81, "Total Cost": 911147.05, "Plan Rows": 83, "Plan Width": 29, "Inner Unique": false, "Hash Cond": "(ci.movie_id = t.id)", "Plans": [{"Node Type": "Seq Scan", "Parent Relationship": "Outer", "Relation Name": "cast_info", "Alias": "ci", "Startup Cost": 0.0, "Total Cost": 783175.41, "Plan Rows": 22295, "Plan Width": 12, "Filter": "(((note)::text ~~ '%(voice)%'::text) AND ((note)::text ~~ '%(uncredited)%'::text))"}, {"Node Type": "Hash", "Parent Relationship": "Inner", "Startup Cost": 127829.48, "Total Cost": 127829.48, "Plan Rows": 4587, "Plan Width": 29, "Plans": [{"Node Type": "Hash Join", "Parent Relationship": "Outer", "Join Type": "Inner", "Startup Cost": 57593.12, "Total Cost": 127829.48, "Plan Rows": 4587, "Plan Width": 29, "Inner Unique": false, "Hash Cond": "(t.id = mc.movie_id)", "Plans": [{"Node Type": "Seq Scan", "Parent Relationship": "Outer", "Relation Name": "title", "Alias": "t", "Startup Cost": 0.0, "Total Cost": 66389.89, "Plan Rows": 1013492, "Plan Width": 21, "Filter": "(production_year > 2005), (LLVM Optimized)"}, {"Node Type": "Hash", "Parent Relationship": "Inner", "Startup Cost": 57545.89, "Total Cost": 57545.89, "Plan Rows": 3779, "Plan Width": 8, "Plans": [{"Node Type": "Hash Join", "Parent Relationship": "Outer", "Join Type": "Inner", "Startup Cost": 5906.59, "Total Cost": 57545.89, "Plan Rows": 3779, "Plan Width": 8, "Inner Unique": true, "Hash Cond": "(mc.company_id = cn.id)", "Plans": [{"Node Type": "Seq Scan", "Parent Relationship": "Outer", "Relation Name": "movie_companies", "Alias": "mc", "Startup Cost": 0.0, "Total Cost": 41817.28, "Plan Rows": 2609128, "Plan Width": 12}, {"Node Type": "Hash", "Parent Relationship": "Inner", "Startup Cost": 5903.45, "Total Cost": 5903.45, "Plan Rows": 251, "Plan Width": 4, "Plans": [{"Node Type": "Seq Scan", "Parent Relationship": "Outer", "Relation Name": "company_name", "Alias": "cn", "Startup Cost": 0.0, "Total Cost": 5903.45, "Plan Rows": 251, "Plan Width": 4, "Filter": "((country_code)::text = '[ru]'::text)"}]}]}]}]}]}]}]}]}]}]}]}]}, "Unique SQL Id": 2933943827, "Planner Runtime": 9}, "explain_analyze_plan": null}, "(1, 47)": {"explain_plan": {"Plan": {"Node Type": "Aggregate", "Strategy": "Plain", "Startup Cost": 7000198710057.34, "Total Cost": 7000198710057.35, "Plan Rows": 1, "Plan Width": 97, "Plans": [{"Node Type": "Nested Loop", "Parent Relationship": "Outer", "Join Type": "Inner", "Startup Cost": 70000000000.0, "Total Cost": 7000198710057.33, "Plan Rows": 2, "Plan Width": 33, "Inner Unique": true, "Join Filter": "(mc.company_type_id = ct.id)", "Plans": [{"Node Type": "Nested Loop", "Parent Relationship": "Outer", "Join Type": "Inner", "Startup Cost": 60000000000.0, "Total Cost": 6000198708827.73, "Plan Rows": 2, "Plan Width": 37, "Inner Unique": true, "Join Filter": "(ci.person_role_id = chn.id)", "Plans": [{"Node Type": "Nested Loop", "Parent Relationship": "Outer", "Join Type": "Inner", "Startup Cost": 50000000000.0, "Total Cost": 5000185477906.03, "Plan Rows": 5, "Plan Width": 25, "Inner Unique": true, "Join Filter": "(mc.movie_id = t.id)", "Plans": [{"Node Type": "Nested Loop", "Parent Relationship": "Outer", "Join Type": "Inner", "Startup Cost": 40000000000.0, "Total Cost": 4000173740031.35, "Plan Rows": 6, "Plan Width": 16, "Inner Unique": true, "Join Filter": "(ci.role_id = rt.id)", "Plans": [{"Node Type": "Nested Loop", "Parent Relationship": "Outer", "Join Type": "Inner", "Startup Cost": 30000000000.0, "Total Cost": 3000173738784.33, "Plan Rows": 68, "Plan Width": 20, "Inner Unique": false, "Join Filter": "(mc.movie_id = ci.movie_id)", "Plans": [{"Node Type": "Nested Loop", "Parent Relationship": "Outer", "Join Type": "Inner", "Startup Cost": 20000000000.0, "Total Cost": 2000020191723.52, "Plan Rows": 3779, "Plan Width": 8, "Inner Unique": true, "Join Filter": "(cn.id = mc.company_id)", "Plans": [{"Node Type": "Index Scan", "Parent Relationship": "Outer", "Scan Direction": "Forward", "Index Name": "company_type_id_movie_companies", "Relation Name": "movie_companies", "Alias": "mc", "Startup Cost": 10000000000.0, "Total Cost": 1000009318217.0, "Plan Rows": 2609128, "Plan Width": 12}, {"Node Type": "Materialize", "Parent Relationship": "Inner", "Startup Cost": 10000000000.0, "Total Cost": 1000001050140.22, "Plan Rows": 251, "Plan Width": 4, "Plans": [{"Node Type": "Index Scan", "Parent Relationship": "Outer", "Scan Direction": "Forward", "Index Name": "company_name_pkey", "Relation Name": "company_name", "Alias": "cn", "Startup Cost": 10000000000.0, "Total Cost": 1000001050138.97, "Plan Rows": 251, "Plan Width": 4, "Filter": "((country_code)::text = '[ru]'::text)"}]}]}, {"Node Type": "Materialize", "Parent Relationship": "Inner", "Startup Cost": 10000000000.0, "Total Cost": 1000152283324.47, "Plan Rows": 22295, "Plan Width": 12, "Plans": [{"Node Type": "Index Scan", "Parent Relationship": "Outer", "Scan Direction": "Forward", "Index Name": "role_id_cast_info", "Relation Name": "cast_info", "Alias": "ci", "Startup Cost": 10000000000.0, "Total Cost": 1000152283213.0, "Plan Rows": 22295, "Plan Width": 12, "Filter": "(((note)::text ~~ '%(voice)%'::text) AND ((note)::text ~~ '%(uncredited)%'::text))"}]}]}, {"Node Type": "Materialize", "Parent Relationship": "Inner", "Startup Cost": 10000000000.0, "Total Cost": 1000000001246.0, "Plan Rows": 1, "Plan Width": 4, "Plans": [{"Node Type": "Index Scan", "Parent Relationship": "Outer", "Scan Direction": "Forward", "Index Name": "role_type_pkey", "Relation Name": "role_type", "Alias": "rt", "Startup Cost": 10000000000.0, "Total Cost": 1000000001246.0, "Plan Rows": 1, "Plan Width": 4, "Filter": "((role)::text = 'actor'::text)"}]}]}, {"Node Type": "Materialize", "Parent Relationship": "Inner", "Startup Cost": 10000000000.0, "Total Cost": 1000011649194.12, "Plan Rows": 1013492, "Plan Width": 21, "Plans": [{"Node Type": "Index Scan", "Parent Relationship": "Outer", "Scan Direction": "Forward", "Index Name": "title_pkey", "Relation Name": "title", "Alias": "t", "Startup Cost": 10000000000.0, "Total Cost": 1000011644126.66, "Plan Rows": 1013492, "Plan Width": 21, "Filter": "(production_year > 2005), (LLVM Optimized)"}]}]}, {"Node Type": "Materialize", "Parent Relationship": "Inner", "Startup Cost": 10000000000.0, "Total Cost": 1000013003247.2, "Plan Rows": 3140338, "Plan Width": 20, "Plans": [{"Node Type": "Index Scan", "Parent Relationship": "Outer", "Scan Direction": "Forward", "Index Name": "char_name_pkey", "Relation Name": "char_name", "Alias": "chn", "Startup Cost": 10000000000.0, "Total Cost": 1000012987545.51, "Plan Rows": 3140338, "Plan Width": 20}]}]}, {"Node Type": "Materialize", "Parent Relationship": "Inner", "Startup Cost": 10000000000.0, "Total Cost": 1000000001229.52, "Plan Rows": 3, "Plan Width": 4, "Plans": [{"Node Type": "Index Scan", "Parent Relationship": "Outer", "Scan Direction": "Forward", "Index Name": "company_type_pkey", "Relation Name": "company_type", "Alias": "ct", "Startup Cost": 10000000000.0, "Total Cost": 1000000001229.5, "Plan Rows": 3, "Plan Width": 4}]}]}]}, "Unique SQL Id": 2933943827, "Planner Runtime": 10}, "explain_analyze_plan": null}, "(1, 48)": {"explain_plan": {"Plan": {"Node Type": "Aggregate", "Strategy": "Plain", "Startup Cost": 19897.43, "Total Cost": 19897.44, "Plan Rows": 1, "Plan Width": 97, "Plans": [{"Node Type": "Nested Loop", "Parent Relationship": "Outer", "Join Type": "Inner", "Startup Cost": 0.0, "Total Cost": 19897.42, "Plan Rows": 2, "Plan Width": 33, "Inner Unique": true, "Plans": [{"Node Type": "Nested Loop", "Parent Relationship": "Outer", "Join Type": "Inner", "Startup Cost": 0.0, "Total Cost": 19896.86, "Plan Rows": 2, "Plan Width": 37, "Inner Unique": true, "Plans": [{"Node Type": "Nested Loop", "Parent Relationship": "Outer", "Join Type": "Inner", "Startup Cost": 0.0, "Total Cost": 19869.97, "Plan Rows": 5, "Plan Width": 25, "Inner Unique": true, "Plans": [{"Node Type": "Nested Loop", "Parent Relationship": "Outer", "Join Type": "Inner", "Startup Cost": 0.0, "Total Cost": 19867.87, "Plan Rows": 6, "Plan Width": 16, "Inner Unique": false, "Join Filter": "(ci.role_id = rt.id)", "Plans": [{"Node Type": "Seq Scan", "Parent Relationship": "Outer", "Relation Name": "role_type", "Alias": "rt", "Startup Cost": 0.0, "Total Cost": 1.15, "Plan Rows": 1, "Plan Width": 4, "Filter": "((role)::text = 'actor'::text)"}, {"Node Type": "Nested Loop", "Parent Relationship": "Inner", "Join Type": "Inner", "Startup Cost": 0.0, "Total Cost": 19865.87, "Plan Rows": 68, "Plan Width": 20, "Inner Unique": false, "Plans": [{"Node Type": "Nested Loop", "Parent Relationship": "Outer", "Join Type": "Inner", "Startup Cost": 0.0, "Total Cost": 16121.55, "Plan Rows": 3779, "Plan Width": 8, "Inner Unique": false, "Plans": [{"Node Type": "Seq Scan", "Parent Relationship": "Outer", "Relation Name": "company_name", "Alias": "cn", "Startup Cost": 0.0, "Total Cost": 5903.45, "Plan Rows": 251, "Plan Width": 4, "Filter": "((country_code)::text = '[ru]'::text)"}, {"Node Type": "Index Scan", "Parent Relationship": "Inner", "Scan Direction": "Forward", "Index Name": "company_id_movie_companies", "Relation Name": "movie_companies", "Alias": "mc", "Startup Cost": 0.0, "Total Cost": 40.56, "Plan Rows": 15, "Plan Width": 12, "Index Cond": "(company_id = cn.id)"}]}, {"Node Type": "Index Scan", "Parent Relationship": "Inner", "Scan Direction": "Forward", "Index Name": "movie_id_cast_info", "Relation Name": "cast_info", "Alias": "ci", "Startup Cost": 0.0, "Total Cost": 0.98, "Plan Rows": 1, "Plan Width": 12, "Index Cond": "(movie_id = mc.movie_id)", "Filter": "(((note)::text ~~ '%(voice)%'::text) AND ((note)::text ~~ '%(uncredited)%'::text))"}]}]}, {"Node Type": "Index Scan", "Parent Relationship": "Inner", "Scan Direction": "Forward", "Index Name": "title_pkey", "Relation Name": "title", "Alias": "t", "Startup Cost": 0.0, "Total Cost": 0.34, "Plan Rows": 1, "Plan Width": 21, "Index Cond": "(id = mc.movie_id)", "Filter": "(production_year > 2005)"}]}, {"Node Type": "Index Scan", "Parent Relationship": "Inner", "Scan Direction": "Forward", "Index Name": "char_name_pkey", "Relation Name": "char_name", "Alias": "chn", "Startup Cost": 0.0, "Total Cost": 5.37, "Plan Rows": 1, "Plan Width": 20, "Index Cond": "(id = ci.person_role_id)"}]}, {"Node Type": "Index Only Scan", "Parent Relationship": "Inner", "Scan Direction": "Forward", "Index Name": "company_type_pkey", "Relation Name": "company_type", "Alias": "ct", "Startup Cost": 0.0, "Total Cost": 0.27, "Plan Rows": 1, "Plan Width": 4, "Index Cond": "(id = mc.company_type_id)"}]}]}, "Unique SQL Id": 2933943827, "Planner Runtime": 4}, "explain_analyze_plan": {"Plan": {"Node Type": "Aggregate", "Strategy": "Plain", "Startup Cost": 19897.43, "Total Cost": 19897.44, "Plan Rows": 1, "Plan Width": 97, "Actual Startup Time": 849.792, "Actual Total Time": 849.792, "Actual Rows": 1, "Actual Loops": 1, "Plans": [{"Node Type": "Nested Loop", "Parent Relationship": "Outer", "Join Type": "Inner", "Startup Cost": 0.0, "Total Cost": 19897.42, "Plan Rows": 2, "Plan Width": 33, "Actual Startup Time": 45.94, "Actual Total Time": 849.705, "Actual Rows": 18, "Actual Loops": 1, "Inner Unique": true, "Plans": [{"Node Type": "Nested Loop", "Parent Relationship": "Outer", "Join Type": "Inner", "Startup Cost": 0.0, "Total Cost": 19896.86, "Plan Rows": 2, "Plan Width": 37, "Actual Startup Time": 9.453, "Actual Total Time": 849.336, "Actual Rows": 104, "Actual Loops": 1, "Inner Unique": true, "Plans": [{"Node Type": "Nested Loop", "Parent Relationship": "Outer", "Join Type": "Inner", "Startup Cost": 0.0, "Total Cost": 19869.97, "Plan Rows": 5, "Plan Width": 25, "Actual Startup Time": 9.441, "Actual Total Time": 848.326, "Actual Rows": 112, "Actual Loops": 1, "Inner Unique": true, "Plans": [{"Node Type": "Nested Loop", "Parent Relationship": "Outer", "Join Type": "Inner", "Startup Cost": 0.0, "Total Cost": 19867.87, "Plan Rows": 6, "Plan Width": 16, "Actual Startup Time": 0.798, "Actual Total Time": 846.093, "Actual Rows": 275, "Actual Loops": 1, "Inner Unique": false, "Join Filter": "(ci.role_id = rt.id)", "Rows Removed by Join Filter": 102, "Plans": [{"Node Type": "Seq Scan", "Parent Relationship": "Outer", "Relation Name": "role_type", "Alias": "rt", "Startup Cost": 0.0, "Total Cost": 1.15, "Plan Rows": 1, "Plan Width": 4, "Actual Startup Time": 0.016, "Actual Total Time": 0.022, "Actual Rows": 1, "Actual Loops": 1, "Filter": "((role)::text = 'actor'::text)", "Rows Removed by Filter": 11}, {"Node Type": "Nested Loop", "Parent Relationship": "Inner", "Join Type": "Inner", "Startup Cost": 0.0, "Total Cost": 19865.87, "Plan Rows": 68, "Plan Width": 20, "Actual Startup Time": 0.763, "Actual Total Time": 845.809, "Actual Rows": 377, "Actual Loops": 1, "Inner Unique": false, "Plans": [{"Node Type": "Nested Loop", "Parent Relationship": "Outer", "Join Type": "Inner", "Startup Cost": 0.0, "Total Cost": 16121.55, "Plan Rows": 3779, "Plan Width": 8, "Actual Startup Time": 0.051, "Actual Total Time": 104.329, "Actual Rows": 8790, "Actual Loops": 1, "Inner Unique": false, "Plans": [{"Node Type": "Seq Scan", "Parent Relationship": "Outer", "Relation Name": "company_name", "Alias": "cn", "Startup Cost": 0.0, "Total Cost": 5903.45, "Plan Rows": 251, "Plan Width": 4, "Actual Startup Time": 0.034, "Actual Total Time": 81.103, "Actual Rows": 1361, "Actual Loops": 1, "Filter": "((country_code)::text = '[ru]'::text)", "Rows Removed by Filter": 233635}, {"Node Type": "Index Scan", "Parent Relationship": "Inner", "Scan Direction": "Forward", "Index Name": "company_id_movie_companies", "Relation Name": "movie_companies", "Alias": "mc", "Startup Cost": 0.0, "Total Cost": 40.56, "Plan Rows": 15, "Plan Width": 12, "Actual Startup Time": 8.58, "Actual Total Time": 20.037, "Actual Rows": 8790, "Actual Loops": 1361, "Index Cond": "(company_id = cn.id)", "Rows Removed by Index Recheck": 0}]}, {"Node Type": "Index Scan", "Parent Relationship": "Inner", "Scan Direction": "Forward", "Index Name": "movie_id_cast_info", "Relation Name": "cast_info", "Alias": "ci", "Startup Cost": 0.0, "Total Cost": 0.98, "Plan Rows": 1, "Plan Width": 12, "Actual Startup Time": 693.142, "Actual Total Time": 736.17, "Actual Rows": 377, "Actual Loops": 8790, "Index Cond": "(movie_id = mc.movie_id)", "Rows Removed by Index Recheck": 0, "Filter": "(((note)::text ~~ '%(voice)%'::text) AND ((note)::text ~~ '%(uncredited)%'::text))", "Rows Removed by Filter": 408168}]}]}, {"Node Type": "Index Scan", "Parent Relationship": "Inner", "Scan Direction": "Forward", "Index Name": "title_pkey", "Relation Name": "title", "Alias": "t", "Startup Cost": 0.0, "Total Cost": 0.34, "Plan Rows": 1, "Plan Width": 21, "Actual Startup Time": 1.815, "Actual Total Time": 1.815, "Actual Rows": 112, "Actual Loops": 275, "Index Cond": "(id = mc.movie_id)", "Rows Removed by Index Recheck": 0, "Filter": "(production_year > 2005)", "Rows Removed by Filter": 163}]}, {"Node Type": "Index Scan", "Parent Relationship": "Inner", "Scan Direction": "Forward", "Index Name": "char_name_pkey", "Relation Name": "char_name", "Alias": "chn", "Startup Cost": 0.0, "Total Cost": 5.37, "Plan Rows": 1, "Plan Width": 20, "Actual Startup Time": 0.744, "Actual Total Time": 0.744, "Actual Rows": 104, "Actual Loops": 112, "Index Cond": "(id = ci.person_role_id)", "Rows Removed by Index Recheck": 0}]}, {"Node Type": "Index Only Scan", "Parent Relationship": "Inner", "Scan Direction": "Forward", "Index Name": "company_type_pkey", "Relation Name": "company_type", "Alias": "ct", "Startup Cost": 0.0, "Total Cost": 0.27, "Plan Rows": 1, "Plan Width": 4, "Actual Startup Time": 0.203, "Actual Total Time": 0.203, "Actual Rows": 18, "Actual Loops": 104, "Index Cond": "(id = mc.company_type_id)", "Rows Removed by Index Recheck": 0, "Heap Fetches": 0}]}]}, "Triggers": [], "Planner Runtime": 3, "Total Runtime": 850.164, "Unique SQL Id": 2933943827}}, "(1, 49)": {"explain_plan": {"Plan": {"Node Type": "Aggregate", "Strategy": "Plain", "Startup Cost": 24506.67, "Total Cost": 24506.68, "Plan Rows": 1, "Plan Width": 97, "Plans": [{"Node Type": "Nested Loop", "Parent Relationship": "Outer", "Join Type": "Inner", "Startup Cost": 0.0, "Total Cost": 24506.66, "Plan Rows": 2, "Plan Width": 33, "Inner Unique": true, "Plans": [{"Node Type": "Nested Loop", "Parent Relationship": "Outer", "Join Type": "Inner", "Startup Cost": 0.0, "Total Cost": 24506.1, "Plan Rows": 2, "Plan Width": 37, "Inner Unique": true, "Plans": [{"Node Type": "Nested Loop", "Parent Relationship": "Outer", "Join Type": "Inner", "Startup Cost": 0.0, "Total Cost": 24479.22, "Plan Rows": 5, "Plan Width": 25, "Inner Unique": true, "Plans": [{"Node Type": "Nested Loop", "Parent Relationship": "Outer", "Join Type": "Inner", "Startup Cost": 0.0, "Total Cost": 24477.12, "Plan Rows": 6, "Plan Width": 16, "Inner Unique": false, "Join Filter": "(ci.role_id = rt.id)", "Plans": [{"Node Type": "Index Scan", "Parent Relationship": "Outer", "Scan Direction": "Forward", "Index Name": "role_type_pkey", "Relation Name": "role_type", "Alias": "rt", "Startup Cost": 0.0, "Total Cost": 12.46, "Plan Rows": 1, "Plan Width": 4, "Filter": "((role)::text = 'actor'::text)"}, {"Node Type": "Nested Loop", "Parent Relationship": "Inner", "Join Type": "Inner", "Startup Cost": 0.0, "Total Cost": 24463.81, "Plan Rows": 68, "Plan Width": 20, "Inner Unique": false, "Plans": [{"Node Type": "Nested Loop", "Parent Relationship": "Outer", "Join Type": "Inner", "Startup Cost": 0.0, "Total Cost": 20719.49, "Plan Rows": 3779, "Plan Width": 8, "Inner Unique": false, "Plans": [{"Node Type": "Index Scan", "Parent Relationship": "Outer", "Scan Direction": "Forward", "Index Name": "company_name_pkey", "Relation Name": "company_name", "Alias": "cn", "Startup Cost": 0.0, "Total Cost": 10501.39, "Plan Rows": 251, "Plan Width": 4, "Filter": "((country_code)::text = '[ru]'::text)"}, {"Node Type": "Index Scan", "Parent Relationship": "Inner", "Scan Direction": "Forward", "Index Name": "company_id_movie_companies", "Relation Name": "movie_companies", "Alias": "mc", "Startup Cost": 0.0, "Total Cost": 40.56, "Plan Rows": 15, "Plan Width": 12, "Index Cond": "(company_id = cn.id)"}]}, {"Node Type": "Index Scan", "Parent Relationship": "Inner", "Scan Direction": "Forward", "Index Name": "movie_id_cast_info", "Relation Name": "cast_info", "Alias": "ci", "Startup Cost": 0.0, "Total Cost": 0.98, "Plan Rows": 1, "Plan Width": 12, "Index Cond": "(movie_id = mc.movie_id)", "Filter": "(((note)::text ~~ '%(voice)%'::text) AND ((note)::text ~~ '%(uncredited)%'::text))"}]}]}, {"Node Type": "Index Scan", "Parent Relationship": "Inner", "Scan Direction": "Forward", "Index Name": "title_pkey", "Relation Name": "title", "Alias": "t", "Startup Cost": 0.0, "Total Cost": 0.34, "Plan Rows": 1, "Plan Width": 21, "Index Cond": "(id = mc.movie_id)", "Filter": "(production_year > 2005)"}]}, {"Node Type": "Index Scan", "Parent Relationship": "Inner", "Scan Direction": "Forward", "Index Name": "char_name_pkey", "Relation Name": "char_name", "Alias": "chn", "Startup Cost": 0.0, "Total Cost": 5.37, "Plan Rows": 1, "Plan Width": 20, "Index Cond": "(id = ci.person_role_id)"}]}, {"Node Type": "Index Only Scan", "Parent Relationship": "Inner", "Scan Direction": "Forward", "Index Name": "company_type_pkey", "Relation Name": "company_type", "Alias": "ct", "Startup Cost": 0.0, "Total Cost": 0.27, "Plan Rows": 1, "Plan Width": 4, "Index Cond": "(id = mc.company_type_id)"}]}]}, "Unique SQL Id": 2933943827, "Planner Runtime": 3}, "explain_analyze_plan": {"Plan": {"Node Type": "Aggregate", "Strategy": "Plain", "Startup Cost": 24506.67, "Total Cost": 24506.68, "Plan Rows": 1, "Plan Width": 97, "Actual Startup Time": 1109.578, "Actual Total Time": 1109.578, "Actual Rows": 1, "Actual Loops": 1, "Plans": [{"Node Type": "Nested Loop", "Parent Relationship": "Outer", "Join Type": "Inner", "Startup Cost": 0.0, "Total Cost": 24506.66, "Plan Rows": 2, "Plan Width": 33, "Actual Startup Time": 29.393, "Actual Total Time": 1109.498, "Actual Rows": 18, "Actual Loops": 1, "Inner Unique": true, "Plans": [{"Node Type": "Nested Loop", "Parent Relationship": "Outer", "Join Type": "Inner", "Startup Cost": 0.0, "Total Cost": 24506.1, "Plan Rows": 2, "Plan Width": 37, "Actual Startup Time": 22.505, "Actual Total Time": 1109.156, "Actual Rows": 104, "Actual Loops": 1, "Inner Unique": true, "Plans": [{"Node Type": "Nested Loop", "Parent Relationship": "Outer", "Join Type": "Inner", "Startup Cost": 0.0, "Total Cost": 24479.22, "Plan Rows": 5, "Plan Width": 25, "Actual Startup Time": 22.492, "Actual Total Time": 1108.078, "Actual Rows": 112, "Actual Loops": 1, "Inner Unique": true, "Plans": [{"Node Type": "Nested Loop", "Parent Relationship": "Outer", "Join Type": "Inner", "Startup Cost": 0.0, "Total Cost": 24477.12, "Plan Rows": 6, "Plan Width": 16, "Actual Startup Time": 6.312, "Actual Total Time": 1105.702, "Actual Rows": 275, "Actual Loops": 1, "Inner Unique": false, "Join Filter": "(ci.role_id = rt.id)", "Rows Removed by Join Filter": 102, "Plans": [{"Node Type": "Index Scan", "Parent Relationship": "Outer", "Scan Direction": "Forward", "Index Name": "role_type_pkey", "Relation Name": "role_type", "Alias": "rt", "Startup Cost": 0.0, "Total Cost": 12.46, "Plan Rows": 1, "Plan Width": 4, "Actual Startup Time": 0.019, "Actual Total Time": 0.032, "Actual Rows": 1, "Actual Loops": 1, "Filter": "((role)::text = 'actor'::text)", "Rows Removed by Filter": 11}, {"Node Type": "Nested Loop", "Parent Relationship": "Inner", "Join Type": "Inner", "Startup Cost": 0.0, "Total Cost": 24463.81, "Plan Rows": 68, "Plan Width": 20, "Actual Startup Time": 6.284, "Actual Total Time": 1105.39, "Actual Rows": 377, "Actual Loops": 1, "Inner Unique": false, "Plans": [{"Node Type": "Nested Loop", "Parent Relationship": "Outer", "Join Type": "Inner", "Startup Cost": 0.0, "Total Cost": 20719.49, "Plan Rows": 3779, "Plan Width": 8, "Actual Startup Time": 0.444, "Actual Total Time": 336.747, "Actual Rows": 8790, "Actual Loops": 1, "Inner Unique": false, "Plans": [{"Node Type": "Index Scan", "Parent Relationship": "Outer", "Scan Direction": "Forward", "Index Name": "company_name_pkey", "Relation Name": "company_name", "Alias": "cn", "Startup Cost": 0.0, "Total Cost": 10501.39, "Plan Rows": 251, "Plan Width": 4, "Actual Startup Time": 0.43, "Actual Total Time": 312.872, "Actual Rows": 1361, "Actual Loops": 1, "Filter": "((country_code)::text = '[ru]'::text)", "Rows Removed by Filter": 233635}, {"Node Type": "Index Scan", "Parent Relationship": "Inner", "Scan Direction": "Forward", "Index Name": "company_id_movie_companies", "Relation Name": "movie_companies", "Alias": "mc", "Startup Cost": 0.0, "Total Cost": 40.56, "Plan Rows": 15, "Plan Width": 12, "Actual Startup Time": 8.429, "Actual Total Time": 20.182, "Actual Rows": 8790, "Actual Loops": 1361, "Index Cond": "(company_id = cn.id)", "Rows Removed by Index Recheck": 0}]}, {"Node Type": "Index Scan", "Parent Relationship": "Inner", "Scan Direction": "Forward", "Index Name": "movie_id_cast_info", "Relation Name": "cast_info", "Alias": "ci", "Startup Cost": 0.0, "Total Cost": 0.98, "Plan Rows": 1, "Plan Width": 12, "Actual Startup Time": 717.855, "Actual Total Time": 762.941, "Actual Rows": 377, "Actual Loops": 8790, "Index Cond": "(movie_id = mc.movie_id)", "Rows Removed by Index Recheck": 0, "Filter": "(((note)::text ~~ '%(voice)%'::text) AND ((note)::text ~~ '%(uncredited)%'::text))", "Rows Removed by Filter": 408168}]}]}, {"Node Type": "Index Scan", "Parent Relationship": "Inner", "Scan Direction": "Forward", "Index Name": "title_pkey", "Relation Name": "title", "Alias": "t", "Startup Cost": 0.0, "Total Cost": 0.34, "Plan Rows": 1, "Plan Width": 21, "Actual Startup Time": 1.933, "Actual Total Time": 1.933, "Actual Rows": 112, "Actual Loops": 275, "Index Cond": "(id = mc.movie_id)", "Rows Removed by Index Recheck": 0, "Filter": "(production_year > 2005)", "Rows Removed by Filter": 163}]}, {"Node Type": "Index Scan", "Parent Relationship": "Inner", "Scan Direction": "Forward", "Index Name": "char_name_pkey", "Relation Name": "char_name", "Alias": "chn", "Startup Cost": 0.0, "Total Cost": 5.37, "Plan Rows": 1, "Plan Width": 20, "Actual Startup Time": 0.818, "Actual Total Time": 0.818, "Actual Rows": 104, "Actual Loops": 112, "Index Cond": "(id = ci.person_role_id)", "Rows Removed by Index Recheck": 0}]}, {"Node Type": "Index Only Scan", "Parent Relationship": "Inner", "Scan Direction": "Forward", "Index Name": "company_type_pkey", "Relation Name": "company_type", "Alias": "ct", "Startup Cost": 0.0, "Total Cost": 0.27, "Plan Rows": 1, "Plan Width": 4, "Actual Startup Time": 0.182, "Actual Total Time": 0.182, "Actual Rows": 18, "Actual Loops": 104, "Index Cond": "(id = mc.company_type_id)", "Rows Removed by Index Recheck": 0, "Heap Fetches": 0}]}]}, "Triggers": [], "Planner Runtime": 3, "Total Runtime": 1109.893, "Unique SQL Id": 2933943827}}, "(1, 50)": {"explain_plan": {"Plan": {"Node Type": "Aggregate", "Strategy": "Plain", "Startup Cost": 38342.48, "Total Cost": 38342.49, "Plan Rows": 1, "Plan Width": 97, "Plans": [{"Node Type": "Nested Loop", "Parent Relationship": "Outer", "Join Type": "Inner", "Startup Cost": 7.4, "Total Cost": 38342.47, "Plan Rows": 2, "Plan Width": 33, "Inner Unique": false, "Join Filter": "(mc.company_type_id = ct.id)", "Plans": [{"Node Type": "Seq Scan", "Parent Relationship": "Outer", "Relation Name": "company_type", "Alias": "ct", "Startup Cost": 0.0, "Total Cost": 1.03, "Plan Rows": 3, "Plan Width": 4}, {"Node Type": "Materialize", "Parent Relationship": "Inner", "Startup Cost": 7.4, "Total Cost": 38341.35, "Plan Rows": 2, "Plan Width": 37, "Plans": [{"Node Type": "Nested Loop", "Parent Relationship": "Outer", "Join Type": "Inner", "Startup Cost": 7.4, "Total Cost": 38341.34, "Plan Rows": 2, "Plan Width": 37, "Inner Unique": true, "Plans": [{"Node Type": "Nested Loop", "Parent Relationship": "Outer", "Join Type": "Inner", "Startup Cost": 7.13, "Total Cost": 38328.45, "Plan Rows": 3, "Plan Width": 28, "Inner Unique": true, "Plans": [{"Node Type": "Nested Loop", "Parent Relationship": "Outer", "Join Type": "Inner", "Startup Cost": 4.83, "Total Cost": 38290.52, "Plan Rows": 6, "Plan Width": 16, "Inner Unique": false, "Join Filter": "(ci.role_id = rt.id)", "Plans": [{"Node Type": "Seq Scan", "Parent Relationship": "Outer", "Relation Name": "role_type", "Alias": "rt", "Startup Cost": 0.0, "Total Cost": 1.15, "Plan Rows": 1, "Plan Width": 4, "Filter": "((role)::text = 'actor'::text)"}, {"Node Type": "Nested Loop", "Parent Relationship": "Inner", "Join Type": "Inner", "Startup Cost": 4.83, "Total Cost": 38288.52, "Plan Rows": 68, "Plan Width": 20, "Inner Unique": false, "Plans": [{"Node Type": "Nested Loop", "Parent Relationship": "Outer", "Join Type": "Inner", "Startup Cost": 4.32, "Total Cost": 20813.55, "Plan Rows": 3779, "Plan Width": 8, "Inner Unique": false, "Plans": [{"Node Type": "Seq Scan", "Parent Relationship": "Outer", "Relation Name": "company_name", "Alias": "cn", "Startup Cost": 0.0, "Total Cost": 5903.45, "Plan Rows": 251, "Plan Width": 4, "Filter": "((country_code)::text = '[ru]'::text)"}, {"Node Type": "Bitmap Heap Scan", "Parent Relationship": "Inner", "Relation Name": "movie_companies", "Alias": "mc", "Startup Cost": 4.32, "Total Cost": 59.25, "Plan Rows": 15, "Plan Width": 12, "Recheck Cond": "(company_id = cn.id)", "Plans": [{"Node Type": "Bitmap Index Scan", "Parent Relationship": "Outer", "Index Name": "company_id_movie_companies", "Startup Cost": 0.0, "Total Cost": 4.31, "Plan Rows": 15, "Plan Width": 0, "Index Cond": "(company_id = cn.id)"}]}]}, {"Node Type": "Bitmap Heap Scan", "Parent Relationship": "Inner", "Relation Name": "cast_info", "Alias": "ci", "Startup Cost": 0.51, "Total Cost": 4.61, "Plan Rows": 1, "Plan Width": 12, "Recheck Cond": "(movie_id = mc.movie_id)", "Filter": "(((note)::text ~~ '%(voice)%'::text) AND ((note)::text ~~ '%(uncredited)%'::text))", "Plans": [{"Node Type": "Bitmap Index Scan", "Parent Relationship": "Outer", "Index Name": "movie_id_cast_info", "Startup Cost": 0.0, "Total Cost": 0.51, "Plan Rows": 6, "Plan Width": 0, "Index Cond": "(movie_id = mc.movie_id)"}]}]}]}, {"Node Type": "Bitmap Heap Scan", "Parent Relationship": "Inner", "Relation Name": "char_name", "Alias": "chn", "Startup Cost": 2.3, "Total Cost": 6.31, "Plan Rows": 1, "Plan Width": 20, "Recheck Cond": "(id = ci.person_role_id)", "Plans": [{"Node Type": "Bitmap Index Scan", "Parent Relationship": "Outer", "Index Name": "char_name_pkey", "Startup Cost": 0.0, "Total Cost": 2.3, "Plan Rows": 1, "Plan Width": 0, "Index Cond": "(id = ci.person_role_id)"}]}]}, {"Node Type": "Bitmap Heap Scan", "Parent Relationship": "Inner", "Relation Name": "title", "Alias": "t", "Startup Cost": 0.27, "Total Cost": 4.29, "Plan Rows": 1, "Plan Width": 21, "Recheck Cond": "(id = mc.movie_id)", "Filter": "(production_year > 2005)", "Plans": [{"Node Type": "Bitmap Index Scan", "Parent Relationship": "Outer", "Index Name": "title_pkey", "Startup Cost": 0.0, "Total Cost": 0.27, "Plan Rows": 1, "Plan Width": 0, "Index Cond": "(id = mc.movie_id)"}]}]}]}]}]}, "Unique SQL Id": 2933943827, "Planner Runtime": 4}, "explain_analyze_plan": {"Plan": {"Node Type": "Aggregate", "Strategy": "Plain", "Startup Cost": 38342.48, "Total Cost": 38342.49, "Plan Rows": 1, "Plan Width": 97, "Actual Startup Time": 1051.606, "Actual Total Time": 1051.606, "Actual Rows": 1, "Actual Loops": 1, "Plans": [{"Node Type": "Nested Loop", "Parent Relationship": "Outer", "Join Type": "Inner", "Startup Cost": 7.4, "Total Cost": 38342.47, "Plan Rows": 2, "Plan Width": 33, "Actual Startup Time": 61.331, "Actual Total Time": 1051.524, "Actual Rows": 18, "Actual Loops": 1, "Inner Unique": false, "Join Filter": "(mc.company_type_id = ct.id)", "Rows Removed by Join Filter": 294, "Plans": [{"Node Type": "Seq Scan", "Parent Relationship": "Outer", "Relation Name": "company_type", "Alias": "ct", "Startup Cost": 0.0, "Total Cost": 1.03, "Plan Rows": 3, "Plan Width": 4, "Actual Startup Time": 0.013, "Actual Total Time": 0.015, "Actual Rows": 3, "Actual Loops": 1}, {"Node Type": "Materialize", "Parent Relationship": "Inner", "Startup Cost": 7.4, "Total Cost": 38341.35, "Plan Rows": 2, "Plan Width": 37, "Actual Startup Time": 12.803, "Actual Total Time": 1051.351, "Actual Rows": 312, "Actual Loops": 3, "Plans": [{"Node Type": "Nested Loop", "Parent Relationship": "Outer", "Join Type": "Inner", "Startup Cost": 7.4, "Total Cost": 38341.34, "Plan Rows": 2, "Plan Width": 37, "Actual Startup Time": 12.796, "Actual Total Time": 1051.168, "Actual Rows": 104, "Actual Loops": 1, "Inner Unique": true, "Plans": [{"Node Type": "Nested Loop", "Parent Relationship": "Outer", "Join Type": "Inner", "Startup Cost": 7.13, "Total Cost": 38328.45, "Plan Rows": 3, "Plan Width": 28, "Actual Startup Time": 1.092, "Actual Total Time": 1048.264, "Actual Rows": 265, "Actual Loops": 1, "Inner Unique": true, "Plans": [{"Node Type": "Nested Loop", "Parent Relationship": "Outer", "Join Type": "Inner", "Startup Cost": 4.83, "Total Cost": 38290.52, "Plan Rows": 6, "Plan Width": 16, "Actual Startup Time": 1.074, "Actual Total Time": 1039.87, "Actual Rows": 275, "Actual Loops": 1, "Inner Unique": false, "Join Filter": "(ci.role_id = rt.id)", "Rows Removed by Join Filter": 102, "Plans": [{"Node Type": "Seq Scan", "Parent Relationship": "Outer", "Relation Name": "role_type", "Alias": "rt", "Startup Cost": 0.0, "Total Cost": 1.15, "Plan Rows": 1, "Plan Width": 4, "Actual Startup Time": 0.011, "Actual Total Time": 0.017, "Actual Rows": 1, "Actual Loops": 1, "Filter": "((role)::text = 'actor'::text)", "Rows Removed by Filter": 11}, {"Node Type": "Nested Loop", "Parent Relationship": "Inner", "Join Type": "Inner", "Startup Cost": 4.83, "Total Cost": 38288.52, "Plan Rows": 68, "Plan Width": 20, "Actual Startup Time": 1.053, "Actual Total Time": 1039.552, "Actual Rows": 377, "Actual Loops": 1, "Inner Unique": false, "Plans": [{"Node Type": "Nested Loop", "Parent Relationship": "Outer", "Join Type": "Inner", "Startup Cost": 4.32, "Total Cost": 20813.55, "Plan Rows": 3779, "Plan Width": 8, "Actual Startup Time": 0.076, "Actual Total Time": 113.43, "Actual Rows": 8790, "Actual Loops": 1, "Inner Unique": false, "Plans": [{"Node Type": "Seq Scan", "Parent Relationship": "Outer", "Relation Name": "company_name", "Alias": "cn", "Startup Cost": 0.0, "Total Cost": 5903.45, "Plan Rows": 251, "Plan Width": 4, "Actual Startup Time": 0.037, "Actual Total Time": 82.281, "Actual Rows": 1361, "Actual Loops": 1, "Filter": "((country_code)::text = '[ru]'::text)", "Rows Removed by Filter": 233635}, {"Node Type": "Bitmap Heap Scan", "Parent Relationship": "Inner", "Relation Name": "movie_companies", "Alias": "mc", "Startup Cost": 4.32, "Total Cost": 59.25, "Plan Rows": 15, "Plan Width": 12, "Actual Startup Time": 13.444, "Actual Total Time": 26.33, "Actual Rows": 8790, "Actual Loops": 1361, "Recheck Cond": "(company_id = cn.id)", "Rows Removed by Index Recheck": 0, "Exact Heap Blocks": 7155, "Lossy Heap Blocks": 7155, "Plans": [{"Node Type": "Bitmap Index Scan", "Parent Relationship": "Outer", "Index Name": "company_id_movie_companies", "Startup Cost": 0.0, "Total Cost": 4.31, "Plan Rows": 15, "Plan Width": 0, "Actual Startup Time": 8.375, "Actual Total Time": 8.375, "Actual Rows": 8790, "Actual Loops": 1361, "Index Cond": "(company_id = cn.id)"}]}]}, {"Node Type": "Bitmap Heap Scan", "Parent Relationship": "Inner", "Relation Name": "cast_info", "Alias": "ci", "Startup Cost": 0.51, "Total Cost": 4.61, "Plan Rows": 1, "Plan Width": 12, "Actual Startup Time": 862.141, "Actual Total Time": 909.97, "Actual Rows": 377, "Actual Loops": 8790, "Recheck Cond": "(movie_id = mc.movie_id)", "Rows Removed by Index Recheck": 0, "Filter": "(((note)::text ~~ '%(voice)%'::text) AND ((note)::text ~~ '%(uncredited)%'::text))", "Rows Removed by Filter": 408168, "Exact Heap Blocks": 397651, "Lossy Heap Blocks": 397651, "Plans": [{"Node Type": "Bitmap Index Scan", "Parent Relationship": "Outer", "Index Name": "movie_id_cast_info", "Startup Cost": 0.0, "Total Cost": 0.51, "Plan Rows": 6, "Plan Width": 0, "Actual Startup Time": 120.878, "Actual Total Time": 120.878, "Actual Rows": 408545, "Actual Loops": 8790, "Index Cond": "(movie_id = mc.movie_id)"}]}]}]}, {"Node Type": "Bitmap Heap Scan", "Parent Relationship": "Inner", "Relation Name": "char_name", "Alias": "chn", "Startup Cost": 2.3, "Total Cost": 6.31, "Plan Rows": 1, "Plan Width": 20, "Actual Startup Time": 7.588, "Actual Total Time": 7.588, "Actual Rows": 265, "Actual Loops": 275, "Recheck Cond": "(id = ci.person_role_id)", "Rows Removed by Index Recheck": 0, "Exact Heap Blocks": 265, "Lossy Heap Blocks": 265, "Plans": [{"Node Type": "Bitmap Index Scan", "Parent Relationship": "Outer", "Index Name": "char_name_pkey", "Startup Cost": 0.0, "Total Cost": 2.3, "Plan Rows": 1, "Plan Width": 0, "Actual Startup Time": 4.854, "Actual Total Time": 4.854, "Actual Rows": 265, "Actual Loops": 275, "Index Cond": "(id = ci.person_role_id)"}]}]}, {"Node Type": "Bitmap Heap Scan", "Parent Relationship": "Inner", "Relation Name": "title", "Alias": "t", "Startup Cost": 0.27, "Total Cost": 4.29, "Plan Rows": 1, "Plan Width": 21, "Actual Startup Time": 2.217, "Actual Total Time": 2.217, "Actual Rows": 104, "Actual Loops": 265, "Recheck Cond": "(id = mc.movie_id)", "Rows Removed by Index Recheck": 0, "Filter": "(production_year > 2005)", "Rows Removed by Filter": 161, "Exact Heap Blocks": 265, "Lossy Heap Blocks": 265, "Plans": [{"Node Type": "Bitmap Index Scan", "Parent Relationship": "Outer", "Index Name": "title_pkey", "Startup Cost": 0.0, "Total Cost": 0.27, "Plan Rows": 1, "Plan Width": 0, "Actual Startup Time": 1.362, "Actual Total Time": 1.362, "Actual Rows": 265, "Actual Loops": 265, "Index Cond": "(id = mc.movie_id)"}]}]}]}]}]}, "Triggers": [], "Planner Runtime": 4, "Total Runtime": 1051.978, "Unique SQL Id": 2933943827}}, "(1, 51)": {"explain_plan": {"Plan": {"Node Type": "Aggregate", "Strategy": "Plain", "Startup Cost": 1000020511889.56, "Total Cost": 1000020511889.57, "Plan Rows": 1, "Plan Width": 97, "Plans": [{"Node Type": "Nested Loop", "Parent Relationship": "Outer", "Join Type": "Inner", "Startup Cost": 10000000003.85, "Total Cost": 1000020511889.55, "Plan Rows": 2, "Plan Width": 33, "Inner Unique": true, "Plans": [{"Node Type": "Nested Loop", "Parent Relationship": "Outer", "Join Type": "Inner", "Startup Cost": 10000000003.6, "Total Cost": 1000020511880.99, "Plan Rows": 2, "Plan Width": 37, "Inner Unique": true, "Plans": [{"Node Type": "Nested Loop", "Parent Relationship": "Outer", "Join Type": "Inner", "Startup Cost": 10000000003.32, "Total Cost": 1000020511868.1, "Plan Rows": 3, "Plan Width": 28, "Inner Unique": true, "Plans": [{"Node Type": "Nested Loop", "Parent Relationship": "Outer", "Join Type": "Inner", "Startup Cost": 10000000001.03, "Total Cost": 1000020511830.17, "Plan Rows": 6, "Plan Width": 16, "Inner Unique": true, "Plans": [{"Node Type": "Nested Loop", "Parent Relationship": "Outer", "Join Type": "Inner", "Startup Cost": 10000000000.77, "Total Cost": 1000020511538.92, "Plan Rows": 68, "Plan Width": 20, "Inner Unique": false, "Plans": [{"Node Type": "Nested Loop", "Parent Relationship": "Outer", "Join Type": "Inner", "Startup Cost": 10000000000.26, "Total Cost": 1000020494063.94, "Plan Rows": 3779, "Plan Width": 8, "Inner Unique": true, "Plans": [{"Node Type": "Index Scan", "Parent Relationship": "Outer", "Scan Direction": "Forward", "Index Name": "company_type_id_movie_companies", "Relation Name": "movie_companies", "Alias": "mc", "Startup Cost": 10000000000.0, "Total Cost": 1000009318217.0, "Plan Rows": 2609128, "Plan Width": 12}, {"Node Type": "Bitmap Heap Scan", "Parent Relationship": "Inner", "Relation Name": "company_name", "Alias": "cn", "Startup Cost": 0.26, "Total Cost": 4.27, "Plan Rows": 1, "Plan Width": 4, "Recheck Cond": "(id = mc.company_id)", "Filter": "((country_code)::text = '[ru]'::text)", "Plans": [{"Node Type": "Bitmap Index Scan", "Parent Relationship": "Outer", "Index Name": "company_name_pkey", "Startup Cost": 0.0, "Total Cost": 0.26, "Plan Rows": 1, "Plan Width": 0, "Index Cond": "(id = mc.company_id)"}]}]}, {"Node Type": "Bitmap Heap Scan", "Parent Relationship": "Inner", "Relation Name": "cast_info", "Alias": "ci", "Startup Cost": 0.51, "Total Cost": 4.61, "Plan Rows": 1, "Plan Width": 12, "Recheck Cond": "(movie_id = mc.movie_id)", "Filter": "(((note)::text ~~ '%(voice)%'::text) AND ((note)::text ~~ '%(uncredited)%'::text))", "Plans": [{"Node Type": "Bitmap Index Scan", "Parent Relationship": "Outer", "Index Name": "movie_id_cast_info", "Startup Cost": 0.0, "Total Cost": 0.51, "Plan Rows": 6, "Plan Width": 0, "Index Cond": "(movie_id = mc.movie_id)"}]}]}, {"Node Type": "Bitmap Heap Scan", "Parent Relationship": "Inner", "Relation Name": "role_type", "Alias": "rt", "Startup Cost": 0.26, "Total Cost": 4.27, "Plan Rows": 1, "Plan Width": 4, "Recheck Cond": "(id = ci.role_id)", "Filter": "((role)::text = 'actor'::text)", "Plans": [{"Node Type": "Bitmap Index Scan", "Parent Relationship": "Outer", "Index Name": "role_type_pkey", "Startup Cost": 0.0, "Total Cost": 0.26, "Plan Rows": 1, "Plan Width": 0, "Index Cond": "(id = ci.role_id)"}]}]}, {"Node Type": "Bitmap Heap Scan", "Parent Relationship": "Inner", "Relation Name": "char_name", "Alias": "chn", "Startup Cost": 2.3, "Total Cost": 6.31, "Plan Rows": 1, "Plan Width": 20, "Recheck Cond": "(id = ci.person_role_id)", "Plans": [{"Node Type": "Bitmap Index Scan", "Parent Relationship": "Outer", "Index Name": "char_name_pkey", "Startup Cost": 0.0, "Total Cost": 2.3, "Plan Rows": 1, "Plan Width": 0, "Index Cond": "(id = ci.person_role_id)"}]}]}, {"Node Type": "Bitmap Heap Scan", "Parent Relationship": "Inner", "Relation Name": "title", "Alias": "t", "Startup Cost": 0.27, "Total Cost": 4.29, "Plan Rows": 1, "Plan Width": 21, "Recheck Cond": "(id = mc.movie_id)", "Filter": "(production_year > 2005)", "Plans": [{"Node Type": "Bitmap Index Scan", "Parent Relationship": "Outer", "Index Name": "title_pkey", "Startup Cost": 0.0, "Total Cost": 0.27, "Plan Rows": 1, "Plan Width": 0, "Index Cond": "(id = mc.movie_id)"}]}]}, {"Node Type": "Bitmap Heap Scan", "Parent Relationship": "Inner", "Relation Name": "company_type", "Alias": "ct", "Startup Cost": 0.26, "Total Cost": 4.27, "Plan Rows": 1, "Plan Width": 4, "Recheck Cond": "(id = mc.company_type_id)", "Plans": [{"Node Type": "Bitmap Index Scan", "Parent Relationship": "Outer", "Index Name": "company_type_pkey", "Startup Cost": 0.0, "Total Cost": 0.26, "Plan Rows": 1, "Plan Width": 0, "Index Cond": "(id = mc.company_type_id)"}]}]}]}, "Unique SQL Id": 2933943827, "Planner Runtime": 3}, "explain_analyze_plan": null}, "(1, 52)": {"explain_plan": {"Plan": {"Node Type": "Aggregate", "Strategy": "Plain", "Startup Cost": 19897.43, "Total Cost": 19897.44, "Plan Rows": 1, "Plan Width": 97, "Plans": [{"Node Type": "Nested Loop", "Parent Relationship": "Outer", "Join Type": "Inner", "Startup Cost": 0.0, "Total Cost": 19897.42, "Plan Rows": 2, "Plan Width": 33, "Inner Unique": true, "Plans": [{"Node Type": "Nested Loop", "Parent Relationship": "Outer", "Join Type": "Inner", "Startup Cost": 0.0, "Total Cost": 19896.86, "Plan Rows": 2, "Plan Width": 37, "Inner Unique": true, "Plans": [{"Node Type": "Nested Loop", "Parent Relationship": "Outer", "Join Type": "Inner", "Startup Cost": 0.0, "Total Cost": 19869.97, "Plan Rows": 5, "Plan Width": 25, "Inner Unique": true, "Plans": [{"Node Type": "Nested Loop", "Parent Relationship": "Outer", "Join Type": "Inner", "Startup Cost": 0.0, "Total Cost": 19867.87, "Plan Rows": 6, "Plan Width": 16, "Inner Unique": false, "Join Filter": "(ci.role_id = rt.id)", "Plans": [{"Node Type": "Seq Scan", "Parent Relationship": "Outer", "Relation Name": "role_type", "Alias": "rt", "Startup Cost": 0.0, "Total Cost": 1.15, "Plan Rows": 1, "Plan Width": 4, "Filter": "((role)::text = 'actor'::text)"}, {"Node Type": "Nested Loop", "Parent Relationship": "Inner", "Join Type": "Inner", "Startup Cost": 0.0, "Total Cost": 19865.87, "Plan Rows": 68, "Plan Width": 20, "Inner Unique": false, "Plans": [{"Node Type": "Nested Loop", "Parent Relationship": "Outer", "Join Type": "Inner", "Startup Cost": 0.0, "Total Cost": 16121.55, "Plan Rows": 3779, "Plan Width": 8, "Inner Unique": false, "Plans": [{"Node Type": "Seq Scan", "Parent Relationship": "Outer", "Relation Name": "company_name", "Alias": "cn", "Startup Cost": 0.0, "Total Cost": 5903.45, "Plan Rows": 251, "Plan Width": 4, "Filter": "((country_code)::text = '[ru]'::text)"}, {"Node Type": "Index Scan", "Parent Relationship": "Inner", "Scan Direction": "Forward", "Index Name": "company_id_movie_companies", "Relation Name": "movie_companies", "Alias": "mc", "Startup Cost": 0.0, "Total Cost": 40.56, "Plan Rows": 15, "Plan Width": 12, "Index Cond": "(company_id = cn.id)"}]}, {"Node Type": "Index Scan", "Parent Relationship": "Inner", "Scan Direction": "Forward", "Index Name": "movie_id_cast_info", "Relation Name": "cast_info", "Alias": "ci", "Startup Cost": 0.0, "Total Cost": 0.98, "Plan Rows": 1, "Plan Width": 12, "Index Cond": "(movie_id = mc.movie_id)", "Filter": "(((note)::text ~~ '%(voice)%'::text) AND ((note)::text ~~ '%(uncredited)%'::text))"}]}]}, {"Node Type": "Index Scan", "Parent Relationship": "Inner", "Scan Direction": "Forward", "Index Name": "title_pkey", "Relation Name": "title", "Alias": "t", "Startup Cost": 0.0, "Total Cost": 0.34, "Plan Rows": 1, "Plan Width": 21, "Index Cond": "(id = mc.movie_id)", "Filter": "(production_year > 2005)"}]}, {"Node Type": "Index Scan", "Parent Relationship": "Inner", "Scan Direction": "Forward", "Index Name": "char_name_pkey", "Relation Name": "char_name", "Alias": "chn", "Startup Cost": 0.0, "Total Cost": 5.37, "Plan Rows": 1, "Plan Width": 20, "Index Cond": "(id = ci.person_role_id)"}]}, {"Node Type": "Index Scan", "Parent Relationship": "Inner", "Scan Direction": "Forward", "Index Name": "company_type_pkey", "Relation Name": "company_type", "Alias": "ct", "Startup Cost": 0.0, "Total Cost": 0.27, "Plan Rows": 1, "Plan Width": 4, "Index Cond": "(id = mc.company_type_id)"}]}]}, "Unique SQL Id": 2933943827, "Planner Runtime": 3}, "explain_analyze_plan": {"Plan": {"Node Type": "Aggregate", "Strategy": "Plain", "Startup Cost": 19897.43, "Total Cost": 19897.44, "Plan Rows": 1, "Plan Width": 97, "Actual Startup Time": 796.295, "Actual Total Time": 796.296, "Actual Rows": 1, "Actual Loops": 1, "Plans": [{"Node Type": "Nested Loop", "Parent Relationship": "Outer", "Join Type": "Inner", "Startup Cost": 0.0, "Total Cost": 19897.42, "Plan Rows": 2, "Plan Width": 33, "Actual Startup Time": 40.923, "Actual Total Time": 796.105, "Actual Rows": 18, "Actual Loops": 1, "Inner Unique": true, "Plans": [{"Node Type": "Nested Loop", "Parent Relationship": "Outer", "Join Type": "Inner", "Startup Cost": 0.0, "Total Cost": 19896.86, "Plan Rows": 2, "Plan Width": 37, "Actual Startup Time": 8.52, "Actual Total Time": 795.8, "Actual Rows": 104, "Actual Loops": 1, "Inner Unique": true, "Plans": [{"Node Type": "Nested Loop", "Parent Relationship": "Outer", "Join Type": "Inner", "Startup Cost": 0.0, "Total Cost": 19869.97, "Plan Rows": 5, "Plan Width": 25, "Actual Startup Time": 8.511, "Actual Total Time": 794.891, "Actual Rows": 112, "Actual Loops": 1, "Inner Unique": true, "Plans": [{"Node Type": "Nested Loop", "Parent Relationship": "Outer", "Join Type": "Inner", "Startup Cost": 0.0, "Total Cost": 19867.87, "Plan Rows": 6, "Plan Width": 16, "Actual Startup Time": 0.755, "Actual Total Time": 792.762, "Actual Rows": 275, "Actual Loops": 1, "Inner Unique": false, "Join Filter": "(ci.role_id = rt.id)", "Rows Removed by Join Filter": 102, "Plans": [{"Node Type": "Seq Scan", "Parent Relationship": "Outer", "Relation Name": "role_type", "Alias": "rt", "Startup Cost": 0.0, "Total Cost": 1.15, "Plan Rows": 1, "Plan Width": 4, "Actual Startup Time": 0.021, "Actual Total Time": 0.03, "Actual Rows": 1, "Actual Loops": 1, "Filter": "((role)::text = 'actor'::text)", "Rows Removed by Filter": 11}, {"Node Type": "Nested Loop", "Parent Relationship": "Inner", "Join Type": "Inner", "Startup Cost": 0.0, "Total Cost": 19865.87, "Plan Rows": 68, "Plan Width": 20, "Actual Startup Time": 0.728, "Actual Total Time": 792.447, "Actual Rows": 377, "Actual Loops": 1, "Inner Unique": false, "Plans": [{"Node Type": "Nested Loop", "Parent Relationship": "Outer", "Join Type": "Inner", "Startup Cost": 0.0, "Total Cost": 16121.55, "Plan Rows": 3779, "Plan Width": 8, "Actual Startup Time": 0.052, "Actual Total Time": 108.67, "Actual Rows": 8790, "Actual Loops": 1, "Inner Unique": false, "Plans": [{"Node Type": "Seq Scan", "Parent Relationship": "Outer", "Relation Name": "company_name", "Alias": "cn", "Startup Cost": 0.0, "Total Cost": 5903.45, "Plan Rows": 251, "Plan Width": 4, "Actual Startup Time": 0.035, "Actual Total Time": 83.89, "Actual Rows": 1361, "Actual Loops": 1, "Filter": "((country_code)::text = '[ru]'::text)", "Rows Removed by Filter": 233635}, {"Node Type": "Index Scan", "Parent Relationship": "Inner", "Scan Direction": "Forward", "Index Name": "company_id_movie_companies", "Relation Name": "movie_companies", "Alias": "mc", "Startup Cost": 0.0, "Total Cost": 40.56, "Plan Rows": 15, "Plan Width": 12, "Actual Startup Time": 9.73, "Actual Total Time": 21.451, "Actual Rows": 8790, "Actual Loops": 1361, "Index Cond": "(company_id = cn.id)", "Rows Removed by Index Recheck": 0}]}, {"Node Type": "Index Scan", "Parent Relationship": "Inner", "Scan Direction": "Forward", "Index Name": "movie_id_cast_info", "Relation Name": "cast_info", "Alias": "ci", "Startup Cost": 0.0, "Total Cost": 0.98, "Plan Rows": 1, "Plan Width": 12, "Actual Startup Time": 640.813, "Actual Total Time": 678.501, "Actual Rows": 377, "Actual Loops": 8790, "Index Cond": "(movie_id = mc.movie_id)", "Rows Removed by Index Recheck": 0, "Filter": "(((note)::text ~~ '%(voice)%'::text) AND ((note)::text ~~ '%(uncredited)%'::text))", "Rows Removed by Filter": 408168}]}]}, {"Node Type": "Index Scan", "Parent Relationship": "Inner", "Scan Direction": "Forward", "Index Name": "title_pkey", "Relation Name": "title", "Alias": "t", "Startup Cost": 0.0, "Total Cost": 0.34, "Plan Rows": 1, "Plan Width": 21, "Actual Startup Time": 1.727, "Actual Total Time": 1.727, "Actual Rows": 112, "Actual Loops": 275, "Index Cond": "(id = mc.movie_id)", "Rows Removed by Index Recheck": 0, "Filter": "(production_year > 2005)", "Rows Removed by Filter": 163}]}, {"Node Type": "Index Scan", "Parent Relationship": "Inner", "Scan Direction": "Forward", "Index Name": "char_name_pkey", "Relation Name": "char_name", "Alias": "chn", "Startup Cost": 0.0, "Total Cost": 5.37, "Plan Rows": 1, "Plan Width": 20, "Actual Startup Time": 0.675, "Actual Total Time": 0.675, "Actual Rows": 104, "Actual Loops": 112, "Index Cond": "(id = ci.person_role_id)", "Rows Removed by Index Recheck": 0}]}, {"Node Type": "Index Scan", "Parent Relationship": "Inner", "Scan Direction": "Forward", "Index Name": "company_type_pkey", "Relation Name": "company_type", "Alias": "ct", "Startup Cost": 0.0, "Total Cost": 0.27, "Plan Rows": 1, "Plan Width": 4, "Actual Startup Time": 0.167, "Actual Total Time": 0.167, "Actual Rows": 18, "Actual Loops": 104, "Index Cond": "(id = mc.company_type_id)", "Rows Removed by Index Recheck": 0}]}]}, "Triggers": [], "Planner Runtime": 3, "Total Runtime": 796.669, "Unique SQL Id": 2933943827}}, "(1, 53)": {"explain_plan": {"Plan": {"Node Type": "Aggregate", "Strategy": "Plain", "Startup Cost": 24506.67, "Total Cost": 24506.68, "Plan Rows": 1, "Plan Width": 97, "Plans": [{"Node Type": "Nested Loop", "Parent Relationship": "Outer", "Join Type": "Inner", "Startup Cost": 0.0, "Total Cost": 24506.66, "Plan Rows": 2, "Plan Width": 33, "Inner Unique": true, "Plans": [{"Node Type": "Nested Loop", "Parent Relationship": "Outer", "Join Type": "Inner", "Startup Cost": 0.0, "Total Cost": 24506.1, "Plan Rows": 2, "Plan Width": 37, "Inner Unique": true, "Plans": [{"Node Type": "Nested Loop", "Parent Relationship": "Outer", "Join Type": "Inner", "Startup Cost": 0.0, "Total Cost": 24479.22, "Plan Rows": 5, "Plan Width": 25, "Inner Unique": true, "Plans": [{"Node Type": "Nested Loop", "Parent Relationship": "Outer", "Join Type": "Inner", "Startup Cost": 0.0, "Total Cost": 24477.12, "Plan Rows": 6, "Plan Width": 16, "Inner Unique": false, "Join Filter": "(ci.role_id = rt.id)", "Plans": [{"Node Type": "Index Scan", "Parent Relationship": "Outer", "Scan Direction": "Forward", "Index Name": "role_type_pkey", "Relation Name": "role_type", "Alias": "rt", "Startup Cost": 0.0, "Total Cost": 12.46, "Plan Rows": 1, "Plan Width": 4, "Filter": "((role)::text = 'actor'::text)"}, {"Node Type": "Nested Loop", "Parent Relationship": "Inner", "Join Type": "Inner", "Startup Cost": 0.0, "Total Cost": 24463.81, "Plan Rows": 68, "Plan Width": 20, "Inner Unique": false, "Plans": [{"Node Type": "Nested Loop", "Parent Relationship": "Outer", "Join Type": "Inner", "Startup Cost": 0.0, "Total Cost": 20719.49, "Plan Rows": 3779, "Plan Width": 8, "Inner Unique": false, "Plans": [{"Node Type": "Index Scan", "Parent Relationship": "Outer", "Scan Direction": "Forward", "Index Name": "company_name_pkey", "Relation Name": "company_name", "Alias": "cn", "Startup Cost": 0.0, "Total Cost": 10501.39, "Plan Rows": 251, "Plan Width": 4, "Filter": "((country_code)::text = '[ru]'::text)"}, {"Node Type": "Index Scan", "Parent Relationship": "Inner", "Scan Direction": "Forward", "Index Name": "company_id_movie_companies", "Relation Name": "movie_companies", "Alias": "mc", "Startup Cost": 0.0, "Total Cost": 40.56, "Plan Rows": 15, "Plan Width": 12, "Index Cond": "(company_id = cn.id)"}]}, {"Node Type": "Index Scan", "Parent Relationship": "Inner", "Scan Direction": "Forward", "Index Name": "movie_id_cast_info", "Relation Name": "cast_info", "Alias": "ci", "Startup Cost": 0.0, "Total Cost": 0.98, "Plan Rows": 1, "Plan Width": 12, "Index Cond": "(movie_id = mc.movie_id)", "Filter": "(((note)::text ~~ '%(voice)%'::text) AND ((note)::text ~~ '%(uncredited)%'::text))"}]}]}, {"Node Type": "Index Scan", "Parent Relationship": "Inner", "Scan Direction": "Forward", "Index Name": "title_pkey", "Relation Name": "title", "Alias": "t", "Startup Cost": 0.0, "Total Cost": 0.34, "Plan Rows": 1, "Plan Width": 21, "Index Cond": "(id = mc.movie_id)", "Filter": "(production_year > 2005)"}]}, {"Node Type": "Index Scan", "Parent Relationship": "Inner", "Scan Direction": "Forward", "Index Name": "char_name_pkey", "Relation Name": "char_name", "Alias": "chn", "Startup Cost": 0.0, "Total Cost": 5.37, "Plan Rows": 1, "Plan Width": 20, "Index Cond": "(id = ci.person_role_id)"}]}, {"Node Type": "Index Scan", "Parent Relationship": "Inner", "Scan Direction": "Forward", "Index Name": "company_type_pkey", "Relation Name": "company_type", "Alias": "ct", "Startup Cost": 0.0, "Total Cost": 0.27, "Plan Rows": 1, "Plan Width": 4, "Index Cond": "(id = mc.company_type_id)"}]}]}, "Unique SQL Id": 2933943827, "Planner Runtime": 3}, "explain_analyze_plan": {"Plan": {"Node Type": "Aggregate", "Strategy": "Plain", "Startup Cost": 24506.67, "Total Cost": 24506.68, "Plan Rows": 1, "Plan Width": 97, "Actual Startup Time": 1009.656, "Actual Total Time": 1009.657, "Actual Rows": 1, "Actual Loops": 1, "Plans": [{"Node Type": "Nested Loop", "Parent Relationship": "Outer", "Join Type": "Inner", "Startup Cost": 0.0, "Total Cost": 24506.66, "Plan Rows": 2, "Plan Width": 33, "Actual Startup Time": 28.604, "Actual Total Time": 1009.557, "Actual Rows": 18, "Actual Loops": 1, "Inner Unique": true, "Plans": [{"Node Type": "Nested Loop", "Parent Relationship": "Outer", "Join Type": "Inner", "Startup Cost": 0.0, "Total Cost": 24506.1, "Plan Rows": 2, "Plan Width": 37, "Actual Startup Time": 21.949, "Actual Total Time": 1009.273, "Actual Rows": 104, "Actual Loops": 1, "Inner Unique": true, "Plans": [{"Node Type": "Nested Loop", "Parent Relationship": "Outer", "Join Type": "Inner", "Startup Cost": 0.0, "Total Cost": 24479.22, "Plan Rows": 5, "Plan Width": 25, "Actual Startup Time": 21.938, "Actual Total Time": 1008.351, "Actual Rows": 112, "Actual Loops": 1, "Inner Unique": true, "Plans": [{"Node Type": "Nested Loop", "Parent Relationship": "Outer", "Join Type": "Inner", "Startup Cost": 0.0, "Total Cost": 24477.12, "Plan Rows": 6, "Plan Width": 16, "Actual Startup Time": 6.423, "Actual Total Time": 1006.191, "Actual Rows": 275, "Actual Loops": 1, "Inner Unique": false, "Join Filter": "(ci.role_id = rt.id)", "Rows Removed by Join Filter": 102, "Plans": [{"Node Type": "Index Scan", "Parent Relationship": "Outer", "Scan Direction": "Forward", "Index Name": "role_type_pkey", "Relation Name": "role_type", "Alias": "rt", "Startup Cost": 0.0, "Total Cost": 12.46, "Plan Rows": 1, "Plan Width": 4, "Actual Startup Time": 0.02, "Actual Total Time": 0.029, "Actual Rows": 1, "Actual Loops": 1, "Filter": "((role)::text = 'actor'::text)", "Rows Removed by Filter": 11}, {"Node Type": "Nested Loop", "Parent Relationship": "Inner", "Join Type": "Inner", "Startup Cost": 0.0, "Total Cost": 24463.81, "Plan Rows": 68, "Plan Width": 20, "Actual Startup Time": 6.388, "Actual Total Time": 1005.895, "Actual Rows": 377, "Actual Loops": 1, "Inner Unique": false, "Plans": [{"Node Type": "Nested Loop", "Parent Relationship": "Outer", "Join Type": "Inner", "Startup Cost": 0.0, "Total Cost": 20719.49, "Plan Rows": 3779, "Plan Width": 8, "Actual Startup Time": 0.45, "Actual Total Time": 322.76, "Actual Rows": 8790, "Actual Loops": 1, "Inner Unique": false, "Plans": [{"Node Type": "Index Scan", "Parent Relationship": "Outer", "Scan Direction": "Forward", "Index Name": "company_name_pkey", "Relation Name": "company_name", "Alias": "cn", "Startup Cost": 0.0, "Total Cost": 10501.39, "Plan Rows": 251, "Plan Width": 4, "Actual Startup Time": 0.436, "Actual Total Time": 299.925, "Actual Rows": 1361, "Actual Loops": 1, "Filter": "((country_code)::text = '[ru]'::text)", "Rows Removed by Filter": 233635}, {"Node Type": "Index Scan", "Parent Relationship": "Inner", "Scan Direction": "Forward", "Index Name": "company_id_movie_companies", "Relation Name": "movie_companies", "Alias": "mc", "Startup Cost": 0.0, "Total Cost": 40.56, "Plan Rows": 15, "Plan Width": 12, "Actual Startup Time": 8.119, "Actual Total Time": 19.34, "Actual Rows": 8790, "Actual Loops": 1361, "Index Cond": "(company_id = cn.id)", "Rows Removed by Index Recheck": 0}]}, {"Node Type": "Index Scan", "Parent Relationship": "Inner", "Scan Direction": "Forward", "Index Name": "movie_id_cast_info", "Relation Name": "cast_info", "Alias": "ci", "Startup Cost": 0.0, "Total Cost": 0.98, "Plan Rows": 1, "Plan Width": 12, "Actual Startup Time": 639.51, "Actual Total Time": 677.545, "Actual Rows": 377, "Actual Loops": 8790, "Index Cond": "(movie_id = mc.movie_id)", "Rows Removed by Index Recheck": 0, "Filter": "(((note)::text ~~ '%(voice)%'::text) AND ((note)::text ~~ '%(uncredited)%'::text))", "Rows Removed by Filter": 408168}]}]}, {"Node Type": "Index Scan", "Parent Relationship": "Inner", "Scan Direction": "Forward", "Index Name": "title_pkey", "Relation Name": "title", "Alias": "t", "Startup Cost": 0.0, "Total Cost": 0.34, "Plan Rows": 1, "Plan Width": 21, "Actual Startup Time": 1.746, "Actual Total Time": 1.746, "Actual Rows": 112, "Actual Loops": 275, "Index Cond": "(id = mc.movie_id)", "Rows Removed by Index Recheck": 0, "Filter": "(production_year > 2005)", "Rows Removed by Filter": 163}]}, {"Node Type": "Index Scan", "Parent Relationship": "Inner", "Scan Direction": "Forward", "Index Name": "char_name_pkey", "Relation Name": "char_name", "Alias": "chn", "Startup Cost": 0.0, "Total Cost": 5.37, "Plan Rows": 1, "Plan Width": 20, "Actual Startup Time": 0.688, "Actual Total Time": 0.688, "Actual Rows": 104, "Actual Loops": 112, "Index Cond": "(id = ci.person_role_id)", "Rows Removed by Index Recheck": 0}]}, {"Node Type": "Index Scan", "Parent Relationship": "Inner", "Scan Direction": "Forward", "Index Name": "company_type_pkey", "Relation Name": "company_type", "Alias": "ct", "Startup Cost": 0.0, "Total Cost": 0.27, "Plan Rows": 1, "Plan Width": 4, "Actual Startup Time": 0.148, "Actual Total Time": 0.148, "Actual Rows": 18, "Actual Loops": 104, "Index Cond": "(id = mc.company_type_id)", "Rows Removed by Index Recheck": 0}]}]}, "Triggers": [], "Planner Runtime": 3, "Total Runtime": 1010.002, "Unique SQL Id": 2933943827}}, "(1, 54)": {"explain_plan": {"Plan": {"Node Type": "Aggregate", "Strategy": "Plain", "Startup Cost": 38342.48, "Total Cost": 38342.49, "Plan Rows": 1, "Plan Width": 97, "Plans": [{"Node Type": "Nested Loop", "Parent Relationship": "Outer", "Join Type": "Inner", "Startup Cost": 7.4, "Total Cost": 38342.47, "Plan Rows": 2, "Plan Width": 33, "Inner Unique": false, "Join Filter": "(mc.company_type_id = ct.id)", "Plans": [{"Node Type": "Seq Scan", "Parent Relationship": "Outer", "Relation Name": "company_type", "Alias": "ct", "Startup Cost": 0.0, "Total Cost": 1.03, "Plan Rows": 3, "Plan Width": 4}, {"Node Type": "Materialize", "Parent Relationship": "Inner", "Startup Cost": 7.4, "Total Cost": 38341.35, "Plan Rows": 2, "Plan Width": 37, "Plans": [{"Node Type": "Nested Loop", "Parent Relationship": "Outer", "Join Type": "Inner", "Startup Cost": 7.4, "Total Cost": 38341.34, "Plan Rows": 2, "Plan Width": 37, "Inner Unique": true, "Plans": [{"Node Type": "Nested Loop", "Parent Relationship": "Outer", "Join Type": "Inner", "Startup Cost": 7.13, "Total Cost": 38328.45, "Plan Rows": 3, "Plan Width": 28, "Inner Unique": true, "Plans": [{"Node Type": "Nested Loop", "Parent Relationship": "Outer", "Join Type": "Inner", "Startup Cost": 4.83, "Total Cost": 38290.52, "Plan Rows": 6, "Plan Width": 16, "Inner Unique": false, "Join Filter": "(ci.role_id = rt.id)", "Plans": [{"Node Type": "Seq Scan", "Parent Relationship": "Outer", "Relation Name": "role_type", "Alias": "rt", "Startup Cost": 0.0, "Total Cost": 1.15, "Plan Rows": 1, "Plan Width": 4, "Filter": "((role)::text = 'actor'::text)"}, {"Node Type": "Nested Loop", "Parent Relationship": "Inner", "Join Type": "Inner", "Startup Cost": 4.83, "Total Cost": 38288.52, "Plan Rows": 68, "Plan Width": 20, "Inner Unique": false, "Plans": [{"Node Type": "Nested Loop", "Parent Relationship": "Outer", "Join Type": "Inner", "Startup Cost": 4.32, "Total Cost": 20813.55, "Plan Rows": 3779, "Plan Width": 8, "Inner Unique": false, "Plans": [{"Node Type": "Seq Scan", "Parent Relationship": "Outer", "Relation Name": "company_name", "Alias": "cn", "Startup Cost": 0.0, "Total Cost": 5903.45, "Plan Rows": 251, "Plan Width": 4, "Filter": "((country_code)::text = '[ru]'::text)"}, {"Node Type": "Bitmap Heap Scan", "Parent Relationship": "Inner", "Relation Name": "movie_companies", "Alias": "mc", "Startup Cost": 4.32, "Total Cost": 59.25, "Plan Rows": 15, "Plan Width": 12, "Recheck Cond": "(company_id = cn.id)", "Plans": [{"Node Type": "Bitmap Index Scan", "Parent Relationship": "Outer", "Index Name": "company_id_movie_companies", "Startup Cost": 0.0, "Total Cost": 4.31, "Plan Rows": 15, "Plan Width": 0, "Index Cond": "(company_id = cn.id)"}]}]}, {"Node Type": "Bitmap Heap Scan", "Parent Relationship": "Inner", "Relation Name": "cast_info", "Alias": "ci", "Startup Cost": 0.51, "Total Cost": 4.61, "Plan Rows": 1, "Plan Width": 12, "Recheck Cond": "(movie_id = mc.movie_id)", "Filter": "(((note)::text ~~ '%(voice)%'::text) AND ((note)::text ~~ '%(uncredited)%'::text))", "Plans": [{"Node Type": "Bitmap Index Scan", "Parent Relationship": "Outer", "Index Name": "movie_id_cast_info", "Startup Cost": 0.0, "Total Cost": 0.51, "Plan Rows": 6, "Plan Width": 0, "Index Cond": "(movie_id = mc.movie_id)"}]}]}]}, {"Node Type": "Bitmap Heap Scan", "Parent Relationship": "Inner", "Relation Name": "char_name", "Alias": "chn", "Startup Cost": 2.3, "Total Cost": 6.31, "Plan Rows": 1, "Plan Width": 20, "Recheck Cond": "(id = ci.person_role_id)", "Plans": [{"Node Type": "Bitmap Index Scan", "Parent Relationship": "Outer", "Index Name": "char_name_pkey", "Startup Cost": 0.0, "Total Cost": 2.3, "Plan Rows": 1, "Plan Width": 0, "Index Cond": "(id = ci.person_role_id)"}]}]}, {"Node Type": "Bitmap Heap Scan", "Parent Relationship": "Inner", "Relation Name": "title", "Alias": "t", "Startup Cost": 0.27, "Total Cost": 4.29, "Plan Rows": 1, "Plan Width": 21, "Recheck Cond": "(id = mc.movie_id)", "Filter": "(production_year > 2005)", "Plans": [{"Node Type": "Bitmap Index Scan", "Parent Relationship": "Outer", "Index Name": "title_pkey", "Startup Cost": 0.0, "Total Cost": 0.27, "Plan Rows": 1, "Plan Width": 0, "Index Cond": "(id = mc.movie_id)"}]}]}]}]}]}, "Unique SQL Id": 2933943827, "Planner Runtime": 4}, "explain_analyze_plan": {"Plan": {"Node Type": "Aggregate", "Strategy": "Plain", "Startup Cost": 38342.48, "Total Cost": 38342.49, "Plan Rows": 1, "Plan Width": 97, "Actual Startup Time": 1051.606, "Actual Total Time": 1051.606, "Actual Rows": 1, "Actual Loops": 1, "Plans": [{"Node Type": "Nested Loop", "Parent Relationship": "Outer", "Join Type": "Inner", "Startup Cost": 7.4, "Total Cost": 38342.47, "Plan Rows": 2, "Plan Width": 33, "Actual Startup Time": 61.331, "Actual Total Time": 1051.524, "Actual Rows": 18, "Actual Loops": 1, "Inner Unique": false, "Join Filter": "(mc.company_type_id = ct.id)", "Rows Removed by Join Filter": 294, "Plans": [{"Node Type": "Seq Scan", "Parent Relationship": "Outer", "Relation Name": "company_type", "Alias": "ct", "Startup Cost": 0.0, "Total Cost": 1.03, "Plan Rows": 3, "Plan Width": 4, "Actual Startup Time": 0.013, "Actual Total Time": 0.015, "Actual Rows": 3, "Actual Loops": 1}, {"Node Type": "Materialize", "Parent Relationship": "Inner", "Startup Cost": 7.4, "Total Cost": 38341.35, "Plan Rows": 2, "Plan Width": 37, "Actual Startup Time": 12.803, "Actual Total Time": 1051.351, "Actual Rows": 312, "Actual Loops": 3, "Plans": [{"Node Type": "Nested Loop", "Parent Relationship": "Outer", "Join Type": "Inner", "Startup Cost": 7.4, "Total Cost": 38341.34, "Plan Rows": 2, "Plan Width": 37, "Actual Startup Time": 12.796, "Actual Total Time": 1051.168, "Actual Rows": 104, "Actual Loops": 1, "Inner Unique": true, "Plans": [{"Node Type": "Nested Loop", "Parent Relationship": "Outer", "Join Type": "Inner", "Startup Cost": 7.13, "Total Cost": 38328.45, "Plan Rows": 3, "Plan Width": 28, "Actual Startup Time": 1.092, "Actual Total Time": 1048.264, "Actual Rows": 265, "Actual Loops": 1, "Inner Unique": true, "Plans": [{"Node Type": "Nested Loop", "Parent Relationship": "Outer", "Join Type": "Inner", "Startup Cost": 4.83, "Total Cost": 38290.52, "Plan Rows": 6, "Plan Width": 16, "Actual Startup Time": 1.074, "Actual Total Time": 1039.87, "Actual Rows": 275, "Actual Loops": 1, "Inner Unique": false, "Join Filter": "(ci.role_id = rt.id)", "Rows Removed by Join Filter": 102, "Plans": [{"Node Type": "Seq Scan", "Parent Relationship": "Outer", "Relation Name": "role_type", "Alias": "rt", "Startup Cost": 0.0, "Total Cost": 1.15, "Plan Rows": 1, "Plan Width": 4, "Actual Startup Time": 0.011, "Actual Total Time": 0.017, "Actual Rows": 1, "Actual Loops": 1, "Filter": "((role)::text = 'actor'::text)", "Rows Removed by Filter": 11}, {"Node Type": "Nested Loop", "Parent Relationship": "Inner", "Join Type": "Inner", "Startup Cost": 4.83, "Total Cost": 38288.52, "Plan Rows": 68, "Plan Width": 20, "Actual Startup Time": 1.053, "Actual Total Time": 1039.552, "Actual Rows": 377, "Actual Loops": 1, "Inner Unique": false, "Plans": [{"Node Type": "Nested Loop", "Parent Relationship": "Outer", "Join Type": "Inner", "Startup Cost": 4.32, "Total Cost": 20813.55, "Plan Rows": 3779, "Plan Width": 8, "Actual Startup Time": 0.076, "Actual Total Time": 113.43, "Actual Rows": 8790, "Actual Loops": 1, "Inner Unique": false, "Plans": [{"Node Type": "Seq Scan", "Parent Relationship": "Outer", "Relation Name": "company_name", "Alias": "cn", "Startup Cost": 0.0, "Total Cost": 5903.45, "Plan Rows": 251, "Plan Width": 4, "Actual Startup Time": 0.037, "Actual Total Time": 82.281, "Actual Rows": 1361, "Actual Loops": 1, "Filter": "((country_code)::text = '[ru]'::text)", "Rows Removed by Filter": 233635}, {"Node Type": "Bitmap Heap Scan", "Parent Relationship": "Inner", "Relation Name": "movie_companies", "Alias": "mc", "Startup Cost": 4.32, "Total Cost": 59.25, "Plan Rows": 15, "Plan Width": 12, "Actual Startup Time": 13.444, "Actual Total Time": 26.33, "Actual Rows": 8790, "Actual Loops": 1361, "Recheck Cond": "(company_id = cn.id)", "Rows Removed by Index Recheck": 0, "Exact Heap Blocks": 7155, "Lossy Heap Blocks": 7155, "Plans": [{"Node Type": "Bitmap Index Scan", "Parent Relationship": "Outer", "Index Name": "company_id_movie_companies", "Startup Cost": 0.0, "Total Cost": 4.31, "Plan Rows": 15, "Plan Width": 0, "Actual Startup Time": 8.375, "Actual Total Time": 8.375, "Actual Rows": 8790, "Actual Loops": 1361, "Index Cond": "(company_id = cn.id)"}]}]}, {"Node Type": "Bitmap Heap Scan", "Parent Relationship": "Inner", "Relation Name": "cast_info", "Alias": "ci", "Startup Cost": 0.51, "Total Cost": 4.61, "Plan Rows": 1, "Plan Width": 12, "Actual Startup Time": 862.141, "Actual Total Time": 909.97, "Actual Rows": 377, "Actual Loops": 8790, "Recheck Cond": "(movie_id = mc.movie_id)", "Rows Removed by Index Recheck": 0, "Filter": "(((note)::text ~~ '%(voice)%'::text) AND ((note)::text ~~ '%(uncredited)%'::text))", "Rows Removed by Filter": 408168, "Exact Heap Blocks": 397651, "Lossy Heap Blocks": 397651, "Plans": [{"Node Type": "Bitmap Index Scan", "Parent Relationship": "Outer", "Index Name": "movie_id_cast_info", "Startup Cost": 0.0, "Total Cost": 0.51, "Plan Rows": 6, "Plan Width": 0, "Actual Startup Time": 120.878, "Actual Total Time": 120.878, "Actual Rows": 408545, "Actual Loops": 8790, "Index Cond": "(movie_id = mc.movie_id)"}]}]}]}, {"Node Type": "Bitmap Heap Scan", "Parent Relationship": "Inner", "Relation Name": "char_name", "Alias": "chn", "Startup Cost": 2.3, "Total Cost": 6.31, "Plan Rows": 1, "Plan Width": 20, "Actual Startup Time": 7.588, "Actual Total Time": 7.588, "Actual Rows": 265, "Actual Loops": 275, "Recheck Cond": "(id = ci.person_role_id)", "Rows Removed by Index Recheck": 0, "Exact Heap Blocks": 265, "Lossy Heap Blocks": 265, "Plans": [{"Node Type": "Bitmap Index Scan", "Parent Relationship": "Outer", "Index Name": "char_name_pkey", "Startup Cost": 0.0, "Total Cost": 2.3, "Plan Rows": 1, "Plan Width": 0, "Actual Startup Time": 4.854, "Actual Total Time": 4.854, "Actual Rows": 265, "Actual Loops": 275, "Index Cond": "(id = ci.person_role_id)"}]}]}, {"Node Type": "Bitmap Heap Scan", "Parent Relationship": "Inner", "Relation Name": "title", "Alias": "t", "Startup Cost": 0.27, "Total Cost": 4.29, "Plan Rows": 1, "Plan Width": 21, "Actual Startup Time": 2.217, "Actual Total Time": 2.217, "Actual Rows": 104, "Actual Loops": 265, "Recheck Cond": "(id = mc.movie_id)", "Rows Removed by Index Recheck": 0, "Filter": "(production_year > 2005)", "Rows Removed by Filter": 161, "Exact Heap Blocks": 265, "Lossy Heap Blocks": 265, "Plans": [{"Node Type": "Bitmap Index Scan", "Parent Relationship": "Outer", "Index Name": "title_pkey", "Startup Cost": 0.0, "Total Cost": 0.27, "Plan Rows": 1, "Plan Width": 0, "Actual Startup Time": 1.362, "Actual Total Time": 1.362, "Actual Rows": 265, "Actual Loops": 265, "Index Cond": "(id = mc.movie_id)"}]}]}]}]}]}, "Triggers": [], "Planner Runtime": 4, "Total Runtime": 1051.978, "Unique SQL Id": 2933943827}}, "(1, 55)": {"explain_plan": {"Plan": {"Node Type": "Aggregate", "Strategy": "Plain", "Startup Cost": 1000020511889.56, "Total Cost": 1000020511889.57, "Plan Rows": 1, "Plan Width": 97, "Plans": [{"Node Type": "Nested Loop", "Parent Relationship": "Outer", "Join Type": "Inner", "Startup Cost": 10000000003.85, "Total Cost": 1000020511889.55, "Plan Rows": 2, "Plan Width": 33, "Inner Unique": true, "Plans": [{"Node Type": "Nested Loop", "Parent Relationship": "Outer", "Join Type": "Inner", "Startup Cost": 10000000003.6, "Total Cost": 1000020511880.99, "Plan Rows": 2, "Plan Width": 37, "Inner Unique": true, "Plans": [{"Node Type": "Nested Loop", "Parent Relationship": "Outer", "Join Type": "Inner", "Startup Cost": 10000000003.32, "Total Cost": 1000020511868.1, "Plan Rows": 3, "Plan Width": 28, "Inner Unique": true, "Plans": [{"Node Type": "Nested Loop", "Parent Relationship": "Outer", "Join Type": "Inner", "Startup Cost": 10000000001.03, "Total Cost": 1000020511830.17, "Plan Rows": 6, "Plan Width": 16, "Inner Unique": true, "Plans": [{"Node Type": "Nested Loop", "Parent Relationship": "Outer", "Join Type": "Inner", "Startup Cost": 10000000000.77, "Total Cost": 1000020511538.92, "Plan Rows": 68, "Plan Width": 20, "Inner Unique": false, "Plans": [{"Node Type": "Nested Loop", "Parent Relationship": "Outer", "Join Type": "Inner", "Startup Cost": 10000000000.26, "Total Cost": 1000020494063.94, "Plan Rows": 3779, "Plan Width": 8, "Inner Unique": true, "Plans": [{"Node Type": "Index Scan", "Parent Relationship": "Outer", "Scan Direction": "Forward", "Index Name": "company_type_id_movie_companies", "Relation Name": "movie_companies", "Alias": "mc", "Startup Cost": 10000000000.0, "Total Cost": 1000009318217.0, "Plan Rows": 2609128, "Plan Width": 12}, {"Node Type": "Bitmap Heap Scan", "Parent Relationship": "Inner", "Relation Name": "company_name", "Alias": "cn", "Startup Cost": 0.26, "Total Cost": 4.27, "Plan Rows": 1, "Plan Width": 4, "Recheck Cond": "(id = mc.company_id)", "Filter": "((country_code)::text = '[ru]'::text)", "Plans": [{"Node Type": "Bitmap Index Scan", "Parent Relationship": "Outer", "Index Name": "company_name_pkey", "Startup Cost": 0.0, "Total Cost": 0.26, "Plan Rows": 1, "Plan Width": 0, "Index Cond": "(id = mc.company_id)"}]}]}, {"Node Type": "Bitmap Heap Scan", "Parent Relationship": "Inner", "Relation Name": "cast_info", "Alias": "ci", "Startup Cost": 0.51, "Total Cost": 4.61, "Plan Rows": 1, "Plan Width": 12, "Recheck Cond": "(movie_id = mc.movie_id)", "Filter": "(((note)::text ~~ '%(voice)%'::text) AND ((note)::text ~~ '%(uncredited)%'::text))", "Plans": [{"Node Type": "Bitmap Index Scan", "Parent Relationship": "Outer", "Index Name": "movie_id_cast_info", "Startup Cost": 0.0, "Total Cost": 0.51, "Plan Rows": 6, "Plan Width": 0, "Index Cond": "(movie_id = mc.movie_id)"}]}]}, {"Node Type": "Bitmap Heap Scan", "Parent Relationship": "Inner", "Relation Name": "role_type", "Alias": "rt", "Startup Cost": 0.26, "Total Cost": 4.27, "Plan Rows": 1, "Plan Width": 4, "Recheck Cond": "(id = ci.role_id)", "Filter": "((role)::text = 'actor'::text)", "Plans": [{"Node Type": "Bitmap Index Scan", "Parent Relationship": "Outer", "Index Name": "role_type_pkey", "Startup Cost": 0.0, "Total Cost": 0.26, "Plan Rows": 1, "Plan Width": 0, "Index Cond": "(id = ci.role_id)"}]}]}, {"Node Type": "Bitmap Heap Scan", "Parent Relationship": "Inner", "Relation Name": "char_name", "Alias": "chn", "Startup Cost": 2.3, "Total Cost": 6.31, "Plan Rows": 1, "Plan Width": 20, "Recheck Cond": "(id = ci.person_role_id)", "Plans": [{"Node Type": "Bitmap Index Scan", "Parent Relationship": "Outer", "Index Name": "char_name_pkey", "Startup Cost": 0.0, "Total Cost": 2.3, "Plan Rows": 1, "Plan Width": 0, "Index Cond": "(id = ci.person_role_id)"}]}]}, {"Node Type": "Bitmap Heap Scan", "Parent Relationship": "Inner", "Relation Name": "title", "Alias": "t", "Startup Cost": 0.27, "Total Cost": 4.29, "Plan Rows": 1, "Plan Width": 21, "Recheck Cond": "(id = mc.movie_id)", "Filter": "(production_year > 2005)", "Plans": [{"Node Type": "Bitmap Index Scan", "Parent Relationship": "Outer", "Index Name": "title_pkey", "Startup Cost": 0.0, "Total Cost": 0.27, "Plan Rows": 1, "Plan Width": 0, "Index Cond": "(id = mc.movie_id)"}]}]}, {"Node Type": "Bitmap Heap Scan", "Parent Relationship": "Inner", "Relation Name": "company_type", "Alias": "ct", "Startup Cost": 0.26, "Total Cost": 4.27, "Plan Rows": 1, "Plan Width": 4, "Recheck Cond": "(id = mc.company_type_id)", "Plans": [{"Node Type": "Bitmap Index Scan", "Parent Relationship": "Outer", "Index Name": "company_type_pkey", "Startup Cost": 0.0, "Total Cost": 0.26, "Plan Rows": 1, "Plan Width": 0, "Index Cond": "(id = mc.company_type_id)"}]}]}]}, "Unique SQL Id": 2933943827, "Planner Runtime": 3}, "explain_analyze_plan": null}, "(1, 56)": {"explain_plan": {"Plan": {"Node Type": "Aggregate", "Strategy": "Plain", "Startup Cost": 19897.43, "Total Cost": 19897.44, "Plan Rows": 1, "Plan Width": 97, "Plans": [{"Node Type": "Nested Loop", "Parent Relationship": "Outer", "Join Type": "Inner", "Startup Cost": 0.0, "Total Cost": 19897.42, "Plan Rows": 2, "Plan Width": 33, "Inner Unique": true, "Plans": [{"Node Type": "Nested Loop", "Parent Relationship": "Outer", "Join Type": "Inner", "Startup Cost": 0.0, "Total Cost": 19896.86, "Plan Rows": 2, "Plan Width": 37, "Inner Unique": true, "Plans": [{"Node Type": "Nested Loop", "Parent Relationship": "Outer", "Join Type": "Inner", "Startup Cost": 0.0, "Total Cost": 19869.97, "Plan Rows": 5, "Plan Width": 25, "Inner Unique": true, "Plans": [{"Node Type": "Nested Loop", "Parent Relationship": "Outer", "Join Type": "Inner", "Startup Cost": 0.0, "Total Cost": 19867.87, "Plan Rows": 6, "Plan Width": 16, "Inner Unique": false, "Join Filter": "(ci.role_id = rt.id)", "Plans": [{"Node Type": "Seq Scan", "Parent Relationship": "Outer", "Relation Name": "role_type", "Alias": "rt", "Startup Cost": 0.0, "Total Cost": 1.15, "Plan Rows": 1, "Plan Width": 4, "Filter": "((role)::text = 'actor'::text)"}, {"Node Type": "Nested Loop", "Parent Relationship": "Inner", "Join Type": "Inner", "Startup Cost": 0.0, "Total Cost": 19865.87, "Plan Rows": 68, "Plan Width": 20, "Inner Unique": false, "Plans": [{"Node Type": "Nested Loop", "Parent Relationship": "Outer", "Join Type": "Inner", "Startup Cost": 0.0, "Total Cost": 16121.55, "Plan Rows": 3779, "Plan Width": 8, "Inner Unique": false, "Plans": [{"Node Type": "Seq Scan", "Parent Relationship": "Outer", "Relation Name": "company_name", "Alias": "cn", "Startup Cost": 0.0, "Total Cost": 5903.45, "Plan Rows": 251, "Plan Width": 4, "Filter": "((country_code)::text = '[ru]'::text)"}, {"Node Type": "Index Scan", "Parent Relationship": "Inner", "Scan Direction": "Forward", "Index Name": "company_id_movie_companies", "Relation Name": "movie_companies", "Alias": "mc", "Startup Cost": 0.0, "Total Cost": 40.56, "Plan Rows": 15, "Plan Width": 12, "Index Cond": "(company_id = cn.id)"}]}, {"Node Type": "Index Scan", "Parent Relationship": "Inner", "Scan Direction": "Forward", "Index Name": "movie_id_cast_info", "Relation Name": "cast_info", "Alias": "ci", "Startup Cost": 0.0, "Total Cost": 0.98, "Plan Rows": 1, "Plan Width": 12, "Index Cond": "(movie_id = mc.movie_id)", "Filter": "(((note)::text ~~ '%(voice)%'::text) AND ((note)::text ~~ '%(uncredited)%'::text))"}]}]}, {"Node Type": "Index Scan", "Parent Relationship": "Inner", "Scan Direction": "Forward", "Index Name": "title_pkey", "Relation Name": "title", "Alias": "t", "Startup Cost": 0.0, "Total Cost": 0.34, "Plan Rows": 1, "Plan Width": 21, "Index Cond": "(id = mc.movie_id)", "Filter": "(production_year > 2005)"}]}, {"Node Type": "Index Scan", "Parent Relationship": "Inner", "Scan Direction": "Forward", "Index Name": "char_name_pkey", "Relation Name": "char_name", "Alias": "chn", "Startup Cost": 0.0, "Total Cost": 5.37, "Plan Rows": 1, "Plan Width": 20, "Index Cond": "(id = ci.person_role_id)"}]}, {"Node Type": "Index Only Scan", "Parent Relationship": "Inner", "Scan Direction": "Forward", "Index Name": "company_type_pkey", "Relation Name": "company_type", "Alias": "ct", "Startup Cost": 0.0, "Total Cost": 0.27, "Plan Rows": 1, "Plan Width": 4, "Index Cond": "(id = mc.company_type_id)"}]}]}, "Unique SQL Id": 2933943827, "Planner Runtime": 3}, "explain_analyze_plan": {"Plan": {"Node Type": "Aggregate", "Strategy": "Plain", "Startup Cost": 19897.43, "Total Cost": 19897.44, "Plan Rows": 1, "Plan Width": 97, "Actual Startup Time": 849.792, "Actual Total Time": 849.792, "Actual Rows": 1, "Actual Loops": 1, "Plans": [{"Node Type": "Nested Loop", "Parent Relationship": "Outer", "Join Type": "Inner", "Startup Cost": 0.0, "Total Cost": 19897.42, "Plan Rows": 2, "Plan Width": 33, "Actual Startup Time": 45.94, "Actual Total Time": 849.705, "Actual Rows": 18, "Actual Loops": 1, "Inner Unique": true, "Plans": [{"Node Type": "Nested Loop", "Parent Relationship": "Outer", "Join Type": "Inner", "Startup Cost": 0.0, "Total Cost": 19896.86, "Plan Rows": 2, "Plan Width": 37, "Actual Startup Time": 9.453, "Actual Total Time": 849.336, "Actual Rows": 104, "Actual Loops": 1, "Inner Unique": true, "Plans": [{"Node Type": "Nested Loop", "Parent Relationship": "Outer", "Join Type": "Inner", "Startup Cost": 0.0, "Total Cost": 19869.97, "Plan Rows": 5, "Plan Width": 25, "Actual Startup Time": 9.441, "Actual Total Time": 848.326, "Actual Rows": 112, "Actual Loops": 1, "Inner Unique": true, "Plans": [{"Node Type": "Nested Loop", "Parent Relationship": "Outer", "Join Type": "Inner", "Startup Cost": 0.0, "Total Cost": 19867.87, "Plan Rows": 6, "Plan Width": 16, "Actual Startup Time": 0.798, "Actual Total Time": 846.093, "Actual Rows": 275, "Actual Loops": 1, "Inner Unique": false, "Join Filter": "(ci.role_id = rt.id)", "Rows Removed by Join Filter": 102, "Plans": [{"Node Type": "Seq Scan", "Parent Relationship": "Outer", "Relation Name": "role_type", "Alias": "rt", "Startup Cost": 0.0, "Total Cost": 1.15, "Plan Rows": 1, "Plan Width": 4, "Actual Startup Time": 0.016, "Actual Total Time": 0.022, "Actual Rows": 1, "Actual Loops": 1, "Filter": "((role)::text = 'actor'::text)", "Rows Removed by Filter": 11}, {"Node Type": "Nested Loop", "Parent Relationship": "Inner", "Join Type": "Inner", "Startup Cost": 0.0, "Total Cost": 19865.87, "Plan Rows": 68, "Plan Width": 20, "Actual Startup Time": 0.763, "Actual Total Time": 845.809, "Actual Rows": 377, "Actual Loops": 1, "Inner Unique": false, "Plans": [{"Node Type": "Nested Loop", "Parent Relationship": "Outer", "Join Type": "Inner", "Startup Cost": 0.0, "Total Cost": 16121.55, "Plan Rows": 3779, "Plan Width": 8, "Actual Startup Time": 0.051, "Actual Total Time": 104.329, "Actual Rows": 8790, "Actual Loops": 1, "Inner Unique": false, "Plans": [{"Node Type": "Seq Scan", "Parent Relationship": "Outer", "Relation Name": "company_name", "Alias": "cn", "Startup Cost": 0.0, "Total Cost": 5903.45, "Plan Rows": 251, "Plan Width": 4, "Actual Startup Time": 0.034, "Actual Total Time": 81.103, "Actual Rows": 1361, "Actual Loops": 1, "Filter": "((country_code)::text = '[ru]'::text)", "Rows Removed by Filter": 233635}, {"Node Type": "Index Scan", "Parent Relationship": "Inner", "Scan Direction": "Forward", "Index Name": "company_id_movie_companies", "Relation Name": "movie_companies", "Alias": "mc", "Startup Cost": 0.0, "Total Cost": 40.56, "Plan Rows": 15, "Plan Width": 12, "Actual Startup Time": 8.58, "Actual Total Time": 20.037, "Actual Rows": 8790, "Actual Loops": 1361, "Index Cond": "(company_id = cn.id)", "Rows Removed by Index Recheck": 0}]}, {"Node Type": "Index Scan", "Parent Relationship": "Inner", "Scan Direction": "Forward", "Index Name": "movie_id_cast_info", "Relation Name": "cast_info", "Alias": "ci", "Startup Cost": 0.0, "Total Cost": 0.98, "Plan Rows": 1, "Plan Width": 12, "Actual Startup Time": 693.142, "Actual Total Time": 736.17, "Actual Rows": 377, "Actual Loops": 8790, "Index Cond": "(movie_id = mc.movie_id)", "Rows Removed by Index Recheck": 0, "Filter": "(((note)::text ~~ '%(voice)%'::text) AND ((note)::text ~~ '%(uncredited)%'::text))", "Rows Removed by Filter": 408168}]}]}, {"Node Type": "Index Scan", "Parent Relationship": "Inner", "Scan Direction": "Forward", "Index Name": "title_pkey", "Relation Name": "title", "Alias": "t", "Startup Cost": 0.0, "Total Cost": 0.34, "Plan Rows": 1, "Plan Width": 21, "Actual Startup Time": 1.815, "Actual Total Time": 1.815, "Actual Rows": 112, "Actual Loops": 275, "Index Cond": "(id = mc.movie_id)", "Rows Removed by Index Recheck": 0, "Filter": "(production_year > 2005)", "Rows Removed by Filter": 163}]}, {"Node Type": "Index Scan", "Parent Relationship": "Inner", "Scan Direction": "Forward", "Index Name": "char_name_pkey", "Relation Name": "char_name", "Alias": "chn", "Startup Cost": 0.0, "Total Cost": 5.37, "Plan Rows": 1, "Plan Width": 20, "Actual Startup Time": 0.744, "Actual Total Time": 0.744, "Actual Rows": 104, "Actual Loops": 112, "Index Cond": "(id = ci.person_role_id)", "Rows Removed by Index Recheck": 0}]}, {"Node Type": "Index Only Scan", "Parent Relationship": "Inner", "Scan Direction": "Forward", "Index Name": "company_type_pkey", "Relation Name": "company_type", "Alias": "ct", "Startup Cost": 0.0, "Total Cost": 0.27, "Plan Rows": 1, "Plan Width": 4, "Actual Startup Time": 0.203, "Actual Total Time": 0.203, "Actual Rows": 18, "Actual Loops": 104, "Index Cond": "(id = mc.company_type_id)", "Rows Removed by Index Recheck": 0, "Heap Fetches": 0}]}]}, "Triggers": [], "Planner Runtime": 3, "Total Runtime": 850.164, "Unique SQL Id": 2933943827}}, "(1, 57)": {"explain_plan": {"Plan": {"Node Type": "Aggregate", "Strategy": "Plain", "Startup Cost": 24506.67, "Total Cost": 24506.68, "Plan Rows": 1, "Plan Width": 97, "Plans": [{"Node Type": "Nested Loop", "Parent Relationship": "Outer", "Join Type": "Inner", "Startup Cost": 0.0, "Total Cost": 24506.66, "Plan Rows": 2, "Plan Width": 33, "Inner Unique": true, "Plans": [{"Node Type": "Nested Loop", "Parent Relationship": "Outer", "Join Type": "Inner", "Startup Cost": 0.0, "Total Cost": 24506.1, "Plan Rows": 2, "Plan Width": 37, "Inner Unique": true, "Plans": [{"Node Type": "Nested Loop", "Parent Relationship": "Outer", "Join Type": "Inner", "Startup Cost": 0.0, "Total Cost": 24479.22, "Plan Rows": 5, "Plan Width": 25, "Inner Unique": true, "Plans": [{"Node Type": "Nested Loop", "Parent Relationship": "Outer", "Join Type": "Inner", "Startup Cost": 0.0, "Total Cost": 24477.12, "Plan Rows": 6, "Plan Width": 16, "Inner Unique": false, "Join Filter": "(ci.role_id = rt.id)", "Plans": [{"Node Type": "Index Scan", "Parent Relationship": "Outer", "Scan Direction": "Forward", "Index Name": "role_type_pkey", "Relation Name": "role_type", "Alias": "rt", "Startup Cost": 0.0, "Total Cost": 12.46, "Plan Rows": 1, "Plan Width": 4, "Filter": "((role)::text = 'actor'::text)"}, {"Node Type": "Nested Loop", "Parent Relationship": "Inner", "Join Type": "Inner", "Startup Cost": 0.0, "Total Cost": 24463.81, "Plan Rows": 68, "Plan Width": 20, "Inner Unique": false, "Plans": [{"Node Type": "Nested Loop", "Parent Relationship": "Outer", "Join Type": "Inner", "Startup Cost": 0.0, "Total Cost": 20719.49, "Plan Rows": 3779, "Plan Width": 8, "Inner Unique": false, "Plans": [{"Node Type": "Index Scan", "Parent Relationship": "Outer", "Scan Direction": "Forward", "Index Name": "company_name_pkey", "Relation Name": "company_name", "Alias": "cn", "Startup Cost": 0.0, "Total Cost": 10501.39, "Plan Rows": 251, "Plan Width": 4, "Filter": "((country_code)::text = '[ru]'::text)"}, {"Node Type": "Index Scan", "Parent Relationship": "Inner", "Scan Direction": "Forward", "Index Name": "company_id_movie_companies", "Relation Name": "movie_companies", "Alias": "mc", "Startup Cost": 0.0, "Total Cost": 40.56, "Plan Rows": 15, "Plan Width": 12, "Index Cond": "(company_id = cn.id)"}]}, {"Node Type": "Index Scan", "Parent Relationship": "Inner", "Scan Direction": "Forward", "Index Name": "movie_id_cast_info", "Relation Name": "cast_info", "Alias": "ci", "Startup Cost": 0.0, "Total Cost": 0.98, "Plan Rows": 1, "Plan Width": 12, "Index Cond": "(movie_id = mc.movie_id)", "Filter": "(((note)::text ~~ '%(voice)%'::text) AND ((note)::text ~~ '%(uncredited)%'::text))"}]}]}, {"Node Type": "Index Scan", "Parent Relationship": "Inner", "Scan Direction": "Forward", "Index Name": "title_pkey", "Relation Name": "title", "Alias": "t", "Startup Cost": 0.0, "Total Cost": 0.34, "Plan Rows": 1, "Plan Width": 21, "Index Cond": "(id = mc.movie_id)", "Filter": "(production_year > 2005)"}]}, {"Node Type": "Index Scan", "Parent Relationship": "Inner", "Scan Direction": "Forward", "Index Name": "char_name_pkey", "Relation Name": "char_name", "Alias": "chn", "Startup Cost": 0.0, "Total Cost": 5.37, "Plan Rows": 1, "Plan Width": 20, "Index Cond": "(id = ci.person_role_id)"}]}, {"Node Type": "Index Only Scan", "Parent Relationship": "Inner", "Scan Direction": "Forward", "Index Name": "company_type_pkey", "Relation Name": "company_type", "Alias": "ct", "Startup Cost": 0.0, "Total Cost": 0.27, "Plan Rows": 1, "Plan Width": 4, "Index Cond": "(id = mc.company_type_id)"}]}]}, "Unique SQL Id": 2933943827, "Planner Runtime": 3}, "explain_analyze_plan": {"Plan": {"Node Type": "Aggregate", "Strategy": "Plain", "Startup Cost": 24506.67, "Total Cost": 24506.68, "Plan Rows": 1, "Plan Width": 97, "Actual Startup Time": 1109.578, "Actual Total Time": 1109.578, "Actual Rows": 1, "Actual Loops": 1, "Plans": [{"Node Type": "Nested Loop", "Parent Relationship": "Outer", "Join Type": "Inner", "Startup Cost": 0.0, "Total Cost": 24506.66, "Plan Rows": 2, "Plan Width": 33, "Actual Startup Time": 29.393, "Actual Total Time": 1109.498, "Actual Rows": 18, "Actual Loops": 1, "Inner Unique": true, "Plans": [{"Node Type": "Nested Loop", "Parent Relationship": "Outer", "Join Type": "Inner", "Startup Cost": 0.0, "Total Cost": 24506.1, "Plan Rows": 2, "Plan Width": 37, "Actual Startup Time": 22.505, "Actual Total Time": 1109.156, "Actual Rows": 104, "Actual Loops": 1, "Inner Unique": true, "Plans": [{"Node Type": "Nested Loop", "Parent Relationship": "Outer", "Join Type": "Inner", "Startup Cost": 0.0, "Total Cost": 24479.22, "Plan Rows": 5, "Plan Width": 25, "Actual Startup Time": 22.492, "Actual Total Time": 1108.078, "Actual Rows": 112, "Actual Loops": 1, "Inner Unique": true, "Plans": [{"Node Type": "Nested Loop", "Parent Relationship": "Outer", "Join Type": "Inner", "Startup Cost": 0.0, "Total Cost": 24477.12, "Plan Rows": 6, "Plan Width": 16, "Actual Startup Time": 6.312, "Actual Total Time": 1105.702, "Actual Rows": 275, "Actual Loops": 1, "Inner Unique": false, "Join Filter": "(ci.role_id = rt.id)", "Rows Removed by Join Filter": 102, "Plans": [{"Node Type": "Index Scan", "Parent Relationship": "Outer", "Scan Direction": "Forward", "Index Name": "role_type_pkey", "Relation Name": "role_type", "Alias": "rt", "Startup Cost": 0.0, "Total Cost": 12.46, "Plan Rows": 1, "Plan Width": 4, "Actual Startup Time": 0.019, "Actual Total Time": 0.032, "Actual Rows": 1, "Actual Loops": 1, "Filter": "((role)::text = 'actor'::text)", "Rows Removed by Filter": 11}, {"Node Type": "Nested Loop", "Parent Relationship": "Inner", "Join Type": "Inner", "Startup Cost": 0.0, "Total Cost": 24463.81, "Plan Rows": 68, "Plan Width": 20, "Actual Startup Time": 6.284, "Actual Total Time": 1105.39, "Actual Rows": 377, "Actual Loops": 1, "Inner Unique": false, "Plans": [{"Node Type": "Nested Loop", "Parent Relationship": "Outer", "Join Type": "Inner", "Startup Cost": 0.0, "Total Cost": 20719.49, "Plan Rows": 3779, "Plan Width": 8, "Actual Startup Time": 0.444, "Actual Total Time": 336.747, "Actual Rows": 8790, "Actual Loops": 1, "Inner Unique": false, "Plans": [{"Node Type": "Index Scan", "Parent Relationship": "Outer", "Scan Direction": "Forward", "Index Name": "company_name_pkey", "Relation Name": "company_name", "Alias": "cn", "Startup Cost": 0.0, "Total Cost": 10501.39, "Plan Rows": 251, "Plan Width": 4, "Actual Startup Time": 0.43, "Actual Total Time": 312.872, "Actual Rows": 1361, "Actual Loops": 1, "Filter": "((country_code)::text = '[ru]'::text)", "Rows Removed by Filter": 233635}, {"Node Type": "Index Scan", "Parent Relationship": "Inner", "Scan Direction": "Forward", "Index Name": "company_id_movie_companies", "Relation Name": "movie_companies", "Alias": "mc", "Startup Cost": 0.0, "Total Cost": 40.56, "Plan Rows": 15, "Plan Width": 12, "Actual Startup Time": 8.429, "Actual Total Time": 20.182, "Actual Rows": 8790, "Actual Loops": 1361, "Index Cond": "(company_id = cn.id)", "Rows Removed by Index Recheck": 0}]}, {"Node Type": "Index Scan", "Parent Relationship": "Inner", "Scan Direction": "Forward", "Index Name": "movie_id_cast_info", "Relation Name": "cast_info", "Alias": "ci", "Startup Cost": 0.0, "Total Cost": 0.98, "Plan Rows": 1, "Plan Width": 12, "Actual Startup Time": 717.855, "Actual Total Time": 762.941, "Actual Rows": 377, "Actual Loops": 8790, "Index Cond": "(movie_id = mc.movie_id)", "Rows Removed by Index Recheck": 0, "Filter": "(((note)::text ~~ '%(voice)%'::text) AND ((note)::text ~~ '%(uncredited)%'::text))", "Rows Removed by Filter": 408168}]}]}, {"Node Type": "Index Scan", "Parent Relationship": "Inner", "Scan Direction": "Forward", "Index Name": "title_pkey", "Relation Name": "title", "Alias": "t", "Startup Cost": 0.0, "Total Cost": 0.34, "Plan Rows": 1, "Plan Width": 21, "Actual Startup Time": 1.933, "Actual Total Time": 1.933, "Actual Rows": 112, "Actual Loops": 275, "Index Cond": "(id = mc.movie_id)", "Rows Removed by Index Recheck": 0, "Filter": "(production_year > 2005)", "Rows Removed by Filter": 163}]}, {"Node Type": "Index Scan", "Parent Relationship": "Inner", "Scan Direction": "Forward", "Index Name": "char_name_pkey", "Relation Name": "char_name", "Alias": "chn", "Startup Cost": 0.0, "Total Cost": 5.37, "Plan Rows": 1, "Plan Width": 20, "Actual Startup Time": 0.818, "Actual Total Time": 0.818, "Actual Rows": 104, "Actual Loops": 112, "Index Cond": "(id = ci.person_role_id)", "Rows Removed by Index Recheck": 0}]}, {"Node Type": "Index Only Scan", "Parent Relationship": "Inner", "Scan Direction": "Forward", "Index Name": "company_type_pkey", "Relation Name": "company_type", "Alias": "ct", "Startup Cost": 0.0, "Total Cost": 0.27, "Plan Rows": 1, "Plan Width": 4, "Actual Startup Time": 0.182, "Actual Total Time": 0.182, "Actual Rows": 18, "Actual Loops": 104, "Index Cond": "(id = mc.company_type_id)", "Rows Removed by Index Recheck": 0, "Heap Fetches": 0}]}]}, "Triggers": [], "Planner Runtime": 3, "Total Runtime": 1109.893, "Unique SQL Id": 2933943827}}, "(1, 58)": {"explain_plan": {"Plan": {"Node Type": "Aggregate", "Strategy": "Plain", "Startup Cost": 11230073.15, "Total Cost": 11230073.16, "Plan Rows": 1, "Plan Width": 97, "Plans": [{"Node Type": "Nested Loop", "Parent Relationship": "Outer", "Join Type": "Inner", "Startup Cost": 0.0, "Total Cost": 11230073.14, "Plan Rows": 2, "Plan Width": 33, "Inner Unique": false, "Join Filter": "(mc.company_type_id = ct.id)", "Plans": [{"Node Type": "Seq Scan", "Parent Relationship": "Outer", "Relation Name": "company_type", "Alias": "ct", "Startup Cost": 0.0, "Total Cost": 1.03, "Plan Rows": 3, "Plan Width": 4}, {"Node Type": "Materialize", "Parent Relationship": "Inner", "Startup Cost": 0.0, "Total Cost": 11230072.02, "Plan Rows": 2, "Plan Width": 37, "Plans": [{"Node Type": "Nested Loop", "Parent Relationship": "Outer", "Join Type": "Inner", "Startup Cost": 0.0, "Total Cost": 11230072.01, "Plan Rows": 2, "Plan Width": 37, "Inner Unique": false, "Join Filter": "(ci.person_role_id = chn.id)", "Plans": [{"Node Type": "Seq Scan", "Parent Relationship": "Outer", "Relation Name": "char_name", "Alias": "chn", "Startup Cost": 0.0, "Total Cost": 67493.38, "Plan Rows": 3140338, "Plan Width": 20}, {"Node Type": "Materialize", "Parent Relationship": "Inner", "Startup Cost": 0.0, "Total Cost": 10927053.29, "Plan Rows": 5, "Plan Width": 25, "Plans": [{"Node Type": "Nested Loop", "Parent Relationship": "Outer", "Join Type": "Inner", "Startup Cost": 0.0, "Total Cost": 10927053.27, "Plan Rows": 5, "Plan Width": 25, "Inner Unique": false, "Join Filter": "(mc.movie_id = t.id)", "Plans": [{"Node Type": "Seq Scan", "Parent Relationship": "Outer", "Relation Name": "title", "Alias": "t", "Startup Cost": 0.0, "Total Cost": 66389.89, "Plan Rows": 1013492, "Plan Width": 21, "Filter": "(production_year > 2005), (LLVM Optimized)"}, {"Node Type": "Materialize", "Parent Relationship": "Inner", "Startup Cost": 0.0, "Total Cost": 10769449.12, "Plan Rows": 6, "Plan Width": 16, "Plans": [{"Node Type": "Nested Loop", "Parent Relationship": "Outer", "Join Type": "Inner", "Startup Cost": 0.0, "Total Cost": 10769449.09, "Plan Rows": 6, "Plan Width": 16, "Inner Unique": false, "Join Filter": "(ci.movie_id = mc.movie_id)", "Plans": [{"Node Type": "Nested Loop", "Parent Relationship": "Outer", "Join Type": "Inner", "Startup Cost": 0.0, "Total Cost": 9871088.28, "Plan Rows": 3779, "Plan Width": 8, "Inner Unique": true, "Join Filter": "(cn.id = mc.company_id)", "Plans": [{"Node Type": "Seq Scan", "Parent Relationship": "Outer", "Relation Name": "movie_companies", "Alias": "mc", "Startup Cost": 0.0, "Total Cost": 41817.28, "Plan Rows": 2609128, "Plan Width": 12}, {"Node Type": "Materialize", "Parent Relationship": "Inner", "Startup Cost": 0.0, "Total Cost": 5904.71, "Plan Rows": 251, "Plan Width": 4, "Plans": [{"Node Type": "Seq Scan", "Parent Relationship": "Outer", "Relation Name": "company_name", "Alias": "cn", "Startup Cost": 0.0, "Total Cost": 5903.45, "Plan Rows": 251, "Plan Width": 4, "Filter": "((country_code)::text = '[ru]'::text)"}]}]}, {"Node Type": "Materialize", "Parent Relationship": "Inner", "Startup Cost": 0.0, "Total Cost": 783465.38, "Plan Rows": 2027, "Plan Width": 8, "Plans": [{"Node Type": "Nested Loop", "Parent Relationship": "Outer", "Join Type": "Inner", "Startup Cost": 0.0, "Total Cost": 783455.25, "Plan Rows": 2027, "Plan Width": 8, "Inner Unique": false, "Join Filter": "(ci.role_id = rt.id)", "Plans": [{"Node Type": "Seq Scan", "Parent Relationship": "Outer", "Relation Name": "role_type", "Alias": "rt", "Startup Cost": 0.0, "Total Cost": 1.15, "Plan Rows": 1, "Plan Width": 4, "Filter": "((role)::text = 'actor'::text)"}, {"Node Type": "Seq Scan", "Parent Relationship": "Inner", "Relation Name": "cast_info", "Alias": "ci", "Startup Cost": 0.0, "Total Cost": 783175.41, "Plan Rows": 22295, "Plan Width": 12, "Filter": "(((note)::text ~~ '%(voice)%'::text) AND ((note)::text ~~ '%(uncredited)%'::text))"}]}]}]}]}]}]}]}]}]}]}, "Unique SQL Id": 2933943827, "Planner Runtime": 3}, "explain_analyze_plan": null}, "(1, 59)": {"explain_plan": {"Plan": {"Node Type": "Aggregate", "Strategy": "Plain", "Startup Cost": 7000198709657.34, "Total Cost": 7000198709657.35, "Plan Rows": 1, "Plan Width": 97, "Plans": [{"Node Type": "Nested Loop", "Parent Relationship": "Outer", "Join Type": "Inner", "Startup Cost": 70000000000.0, "Total Cost": 7000198709657.33, "Plan Rows": 2, "Plan Width": 33, "Inner Unique": true, "Join Filter": "(mc.company_type_id = ct.id)", "Plans": [{"Node Type": "Nested Loop", "Parent Relationship": "Outer", "Join Type": "Inner", "Startup Cost": 60000000000.0, "Total Cost": 6000198708827.73, "Plan Rows": 2, "Plan Width": 37, "Inner Unique": true, "Join Filter": "(ci.person_role_id = chn.id)", "Plans": [{"Node Type": "Nested Loop", "Parent Relationship": "Outer", "Join Type": "Inner", "Startup Cost": 50000000000.0, "Total Cost": 5000185477906.03, "Plan Rows": 5, "Plan Width": 25, "Inner Unique": true, "Join Filter": "(mc.movie_id = t.id)", "Plans": [{"Node Type": "Nested Loop", "Parent Relationship": "Outer", "Join Type": "Inner", "Startup Cost": 40000000000.0, "Total Cost": 4000173740031.35, "Plan Rows": 6, "Plan Width": 16, "Inner Unique": true, "Join Filter": "(ci.role_id = rt.id)", "Plans": [{"Node Type": "Nested Loop", "Parent Relationship": "Outer", "Join Type": "Inner", "Startup Cost": 30000000000.0, "Total Cost": 3000173738784.33, "Plan Rows": 68, "Plan Width": 20, "Inner Unique": false, "Join Filter": "(mc.movie_id = ci.movie_id)", "Plans": [{"Node Type": "Nested Loop", "Parent Relationship": "Outer", "Join Type": "Inner", "Startup Cost": 20000000000.0, "Total Cost": 2000020191723.52, "Plan Rows": 3779, "Plan Width": 8, "Inner Unique": true, "Join Filter": "(cn.id = mc.company_id)", "Plans": [{"Node Type": "Index Scan", "Parent Relationship": "Outer", "Scan Direction": "Forward", "Index Name": "company_type_id_movie_companies", "Relation Name": "movie_companies", "Alias": "mc", "Startup Cost": 10000000000.0, "Total Cost": 1000009318217.0, "Plan Rows": 2609128, "Plan Width": 12}, {"Node Type": "Materialize", "Parent Relationship": "Inner", "Startup Cost": 10000000000.0, "Total Cost": 1000001050140.22, "Plan Rows": 251, "Plan Width": 4, "Plans": [{"Node Type": "Index Scan", "Parent Relationship": "Outer", "Scan Direction": "Forward", "Index Name": "company_name_pkey", "Relation Name": "company_name", "Alias": "cn", "Startup Cost": 10000000000.0, "Total Cost": 1000001050138.97, "Plan Rows": 251, "Plan Width": 4, "Filter": "((country_code)::text = '[ru]'::text)"}]}]}, {"Node Type": "Materialize", "Parent Relationship": "Inner", "Startup Cost": 10000000000.0, "Total Cost": 1000152283324.47, "Plan Rows": 22295, "Plan Width": 12, "Plans": [{"Node Type": "Index Scan", "Parent Relationship": "Outer", "Scan Direction": "Forward", "Index Name": "role_id_cast_info", "Relation Name": "cast_info", "Alias": "ci", "Startup Cost": 10000000000.0, "Total Cost": 1000152283213.0, "Plan Rows": 22295, "Plan Width": 12, "Filter": "(((note)::text ~~ '%(voice)%'::text) AND ((note)::text ~~ '%(uncredited)%'::text))"}]}]}, {"Node Type": "Materialize", "Parent Relationship": "Inner", "Startup Cost": 10000000000.0, "Total Cost": 1000000001246.0, "Plan Rows": 1, "Plan Width": 4, "Plans": [{"Node Type": "Index Scan", "Parent Relationship": "Outer", "Scan Direction": "Forward", "Index Name": "role_type_pkey", "Relation Name": "role_type", "Alias": "rt", "Startup Cost": 10000000000.0, "Total Cost": 1000000001246.0, "Plan Rows": 1, "Plan Width": 4, "Filter": "((role)::text = 'actor'::text)"}]}]}, {"Node Type": "Materialize", "Parent Relationship": "Inner", "Startup Cost": 10000000000.0, "Total Cost": 1000011649194.12, "Plan Rows": 1013492, "Plan Width": 21, "Plans": [{"Node Type": "Index Scan", "Parent Relationship": "Outer", "Scan Direction": "Forward", "Index Name": "title_pkey", "Relation Name": "title", "Alias": "t", "Startup Cost": 10000000000.0, "Total Cost": 1000011644126.66, "Plan Rows": 1013492, "Plan Width": 21, "Filter": "(production_year > 2005), (LLVM Optimized)"}]}]}, {"Node Type": "Materialize", "Parent Relationship": "Inner", "Startup Cost": 10000000000.0, "Total Cost": 1000013003247.2, "Plan Rows": 3140338, "Plan Width": 20, "Plans": [{"Node Type": "Index Scan", "Parent Relationship": "Outer", "Scan Direction": "Forward", "Index Name": "char_name_pkey", "Relation Name": "char_name", "Alias": "chn", "Startup Cost": 10000000000.0, "Total Cost": 1000012987545.51, "Plan Rows": 3140338, "Plan Width": 20}]}]}, {"Node Type": "Materialize", "Parent Relationship": "Inner", "Startup Cost": 10000000000.0, "Total Cost": 1000000000829.52, "Plan Rows": 3, "Plan Width": 4, "Plans": [{"Node Type": "Index Only Scan", "Parent Relationship": "Outer", "Scan Direction": "Forward", "Index Name": "company_type_pkey", "Relation Name": "company_type", "Alias": "ct", "Startup Cost": 10000000000.0, "Total Cost": 1000000000829.5, "Plan Rows": 3, "Plan Width": 4}]}]}]}, "Unique SQL Id": 2933943827, "Planner Runtime": 3}, "explain_analyze_plan": null}, "(1, 60)": {"explain_plan": {"Plan": {"Node Type": "Aggregate", "Strategy": "Plain", "Startup Cost": 19897.43, "Total Cost": 19897.44, "Plan Rows": 1, "Plan Width": 97, "Plans": [{"Node Type": "Nested Loop", "Parent Relationship": "Outer", "Join Type": "Inner", "Startup Cost": 0.0, "Total Cost": 19897.42, "Plan Rows": 2, "Plan Width": 33, "Inner Unique": true, "Plans": [{"Node Type": "Nested Loop", "Parent Relationship": "Outer", "Join Type": "Inner", "Startup Cost": 0.0, "Total Cost": 19896.86, "Plan Rows": 2, "Plan Width": 37, "Inner Unique": true, "Plans": [{"Node Type": "Nested Loop", "Parent Relationship": "Outer", "Join Type": "Inner", "Startup Cost": 0.0, "Total Cost": 19869.97, "Plan Rows": 5, "Plan Width": 25, "Inner Unique": true, "Plans": [{"Node Type": "Nested Loop", "Parent Relationship": "Outer", "Join Type": "Inner", "Startup Cost": 0.0, "Total Cost": 19867.87, "Plan Rows": 6, "Plan Width": 16, "Inner Unique": false, "Join Filter": "(ci.role_id = rt.id)", "Plans": [{"Node Type": "Seq Scan", "Parent Relationship": "Outer", "Relation Name": "role_type", "Alias": "rt", "Startup Cost": 0.0, "Total Cost": 1.15, "Plan Rows": 1, "Plan Width": 4, "Filter": "((role)::text = 'actor'::text)"}, {"Node Type": "Nested Loop", "Parent Relationship": "Inner", "Join Type": "Inner", "Startup Cost": 0.0, "Total Cost": 19865.87, "Plan Rows": 68, "Plan Width": 20, "Inner Unique": false, "Plans": [{"Node Type": "Nested Loop", "Parent Relationship": "Outer", "Join Type": "Inner", "Startup Cost": 0.0, "Total Cost": 16121.55, "Plan Rows": 3779, "Plan Width": 8, "Inner Unique": false, "Plans": [{"Node Type": "Seq Scan", "Parent Relationship": "Outer", "Relation Name": "company_name", "Alias": "cn", "Startup Cost": 0.0, "Total Cost": 5903.45, "Plan Rows": 251, "Plan Width": 4, "Filter": "((country_code)::text = '[ru]'::text)"}, {"Node Type": "Index Scan", "Parent Relationship": "Inner", "Scan Direction": "Forward", "Index Name": "company_id_movie_companies", "Relation Name": "movie_companies", "Alias": "mc", "Startup Cost": 0.0, "Total Cost": 40.56, "Plan Rows": 15, "Plan Width": 12, "Index Cond": "(company_id = cn.id)"}]}, {"Node Type": "Index Scan", "Parent Relationship": "Inner", "Scan Direction": "Forward", "Index Name": "movie_id_cast_info", "Relation Name": "cast_info", "Alias": "ci", "Startup Cost": 0.0, "Total Cost": 0.98, "Plan Rows": 1, "Plan Width": 12, "Index Cond": "(movie_id = mc.movie_id)", "Filter": "(((note)::text ~~ '%(voice)%'::text) AND ((note)::text ~~ '%(uncredited)%'::text))"}]}]}, {"Node Type": "Index Scan", "Parent Relationship": "Inner", "Scan Direction": "Forward", "Index Name": "title_pkey", "Relation Name": "title", "Alias": "t", "Startup Cost": 0.0, "Total Cost": 0.34, "Plan Rows": 1, "Plan Width": 21, "Index Cond": "(id = mc.movie_id)", "Filter": "(production_year > 2005)"}]}, {"Node Type": "Index Scan", "Parent Relationship": "Inner", "Scan Direction": "Forward", "Index Name": "char_name_pkey", "Relation Name": "char_name", "Alias": "chn", "Startup Cost": 0.0, "Total Cost": 5.37, "Plan Rows": 1, "Plan Width": 20, "Index Cond": "(id = ci.person_role_id)"}]}, {"Node Type": "Index Scan", "Parent Relationship": "Inner", "Scan Direction": "Forward", "Index Name": "company_type_pkey", "Relation Name": "company_type", "Alias": "ct", "Startup Cost": 0.0, "Total Cost": 0.27, "Plan Rows": 1, "Plan Width": 4, "Index Cond": "(id = mc.company_type_id)"}]}]}, "Unique SQL Id": 2933943827, "Planner Runtime": 3}, "explain_analyze_plan": {"Plan": {"Node Type": "Aggregate", "Strategy": "Plain", "Startup Cost": 19897.43, "Total Cost": 19897.44, "Plan Rows": 1, "Plan Width": 97, "Actual Startup Time": 796.295, "Actual Total Time": 796.296, "Actual Rows": 1, "Actual Loops": 1, "Plans": [{"Node Type": "Nested Loop", "Parent Relationship": "Outer", "Join Type": "Inner", "Startup Cost": 0.0, "Total Cost": 19897.42, "Plan Rows": 2, "Plan Width": 33, "Actual Startup Time": 40.923, "Actual Total Time": 796.105, "Actual Rows": 18, "Actual Loops": 1, "Inner Unique": true, "Plans": [{"Node Type": "Nested Loop", "Parent Relationship": "Outer", "Join Type": "Inner", "Startup Cost": 0.0, "Total Cost": 19896.86, "Plan Rows": 2, "Plan Width": 37, "Actual Startup Time": 8.52, "Actual Total Time": 795.8, "Actual Rows": 104, "Actual Loops": 1, "Inner Unique": true, "Plans": [{"Node Type": "Nested Loop", "Parent Relationship": "Outer", "Join Type": "Inner", "Startup Cost": 0.0, "Total Cost": 19869.97, "Plan Rows": 5, "Plan Width": 25, "Actual Startup Time": 8.511, "Actual Total Time": 794.891, "Actual Rows": 112, "Actual Loops": 1, "Inner Unique": true, "Plans": [{"Node Type": "Nested Loop", "Parent Relationship": "Outer", "Join Type": "Inner", "Startup Cost": 0.0, "Total Cost": 19867.87, "Plan Rows": 6, "Plan Width": 16, "Actual Startup Time": 0.755, "Actual Total Time": 792.762, "Actual Rows": 275, "Actual Loops": 1, "Inner Unique": false, "Join Filter": "(ci.role_id = rt.id)", "Rows Removed by Join Filter": 102, "Plans": [{"Node Type": "Seq Scan", "Parent Relationship": "Outer", "Relation Name": "role_type", "Alias": "rt", "Startup Cost": 0.0, "Total Cost": 1.15, "Plan Rows": 1, "Plan Width": 4, "Actual Startup Time": 0.021, "Actual Total Time": 0.03, "Actual Rows": 1, "Actual Loops": 1, "Filter": "((role)::text = 'actor'::text)", "Rows Removed by Filter": 11}, {"Node Type": "Nested Loop", "Parent Relationship": "Inner", "Join Type": "Inner", "Startup Cost": 0.0, "Total Cost": 19865.87, "Plan Rows": 68, "Plan Width": 20, "Actual Startup Time": 0.728, "Actual Total Time": 792.447, "Actual Rows": 377, "Actual Loops": 1, "Inner Unique": false, "Plans": [{"Node Type": "Nested Loop", "Parent Relationship": "Outer", "Join Type": "Inner", "Startup Cost": 0.0, "Total Cost": 16121.55, "Plan Rows": 3779, "Plan Width": 8, "Actual Startup Time": 0.052, "Actual Total Time": 108.67, "Actual Rows": 8790, "Actual Loops": 1, "Inner Unique": false, "Plans": [{"Node Type": "Seq Scan", "Parent Relationship": "Outer", "Relation Name": "company_name", "Alias": "cn", "Startup Cost": 0.0, "Total Cost": 5903.45, "Plan Rows": 251, "Plan Width": 4, "Actual Startup Time": 0.035, "Actual Total Time": 83.89, "Actual Rows": 1361, "Actual Loops": 1, "Filter": "((country_code)::text = '[ru]'::text)", "Rows Removed by Filter": 233635}, {"Node Type": "Index Scan", "Parent Relationship": "Inner", "Scan Direction": "Forward", "Index Name": "company_id_movie_companies", "Relation Name": "movie_companies", "Alias": "mc", "Startup Cost": 0.0, "Total Cost": 40.56, "Plan Rows": 15, "Plan Width": 12, "Actual Startup Time": 9.73, "Actual Total Time": 21.451, "Actual Rows": 8790, "Actual Loops": 1361, "Index Cond": "(company_id = cn.id)", "Rows Removed by Index Recheck": 0}]}, {"Node Type": "Index Scan", "Parent Relationship": "Inner", "Scan Direction": "Forward", "Index Name": "movie_id_cast_info", "Relation Name": "cast_info", "Alias": "ci", "Startup Cost": 0.0, "Total Cost": 0.98, "Plan Rows": 1, "Plan Width": 12, "Actual Startup Time": 640.813, "Actual Total Time": 678.501, "Actual Rows": 377, "Actual Loops": 8790, "Index Cond": "(movie_id = mc.movie_id)", "Rows Removed by Index Recheck": 0, "Filter": "(((note)::text ~~ '%(voice)%'::text) AND ((note)::text ~~ '%(uncredited)%'::text))", "Rows Removed by Filter": 408168}]}]}, {"Node Type": "Index Scan", "Parent Relationship": "Inner", "Scan Direction": "Forward", "Index Name": "title_pkey", "Relation Name": "title", "Alias": "t", "Startup Cost": 0.0, "Total Cost": 0.34, "Plan Rows": 1, "Plan Width": 21, "Actual Startup Time": 1.727, "Actual Total Time": 1.727, "Actual Rows": 112, "Actual Loops": 275, "Index Cond": "(id = mc.movie_id)", "Rows Removed by Index Recheck": 0, "Filter": "(production_year > 2005)", "Rows Removed by Filter": 163}]}, {"Node Type": "Index Scan", "Parent Relationship": "Inner", "Scan Direction": "Forward", "Index Name": "char_name_pkey", "Relation Name": "char_name", "Alias": "chn", "Startup Cost": 0.0, "Total Cost": 5.37, "Plan Rows": 1, "Plan Width": 20, "Actual Startup Time": 0.675, "Actual Total Time": 0.675, "Actual Rows": 104, "Actual Loops": 112, "Index Cond": "(id = ci.person_role_id)", "Rows Removed by Index Recheck": 0}]}, {"Node Type": "Index Scan", "Parent Relationship": "Inner", "Scan Direction": "Forward", "Index Name": "company_type_pkey", "Relation Name": "company_type", "Alias": "ct", "Startup Cost": 0.0, "Total Cost": 0.27, "Plan Rows": 1, "Plan Width": 4, "Actual Startup Time": 0.167, "Actual Total Time": 0.167, "Actual Rows": 18, "Actual Loops": 104, "Index Cond": "(id = mc.company_type_id)", "Rows Removed by Index Recheck": 0}]}]}, "Triggers": [], "Planner Runtime": 3, "Total Runtime": 796.669, "Unique SQL Id": 2933943827}}, "(1, 61)": {"explain_plan": {"Plan": {"Node Type": "Aggregate", "Strategy": "Plain", "Startup Cost": 24506.67, "Total Cost": 24506.68, "Plan Rows": 1, "Plan Width": 97, "Plans": [{"Node Type": "Nested Loop", "Parent Relationship": "Outer", "Join Type": "Inner", "Startup Cost": 0.0, "Total Cost": 24506.66, "Plan Rows": 2, "Plan Width": 33, "Inner Unique": true, "Plans": [{"Node Type": "Nested Loop", "Parent Relationship": "Outer", "Join Type": "Inner", "Startup Cost": 0.0, "Total Cost": 24506.1, "Plan Rows": 2, "Plan Width": 37, "Inner Unique": true, "Plans": [{"Node Type": "Nested Loop", "Parent Relationship": "Outer", "Join Type": "Inner", "Startup Cost": 0.0, "Total Cost": 24479.22, "Plan Rows": 5, "Plan Width": 25, "Inner Unique": true, "Plans": [{"Node Type": "Nested Loop", "Parent Relationship": "Outer", "Join Type": "Inner", "Startup Cost": 0.0, "Total Cost": 24477.12, "Plan Rows": 6, "Plan Width": 16, "Inner Unique": false, "Join Filter": "(ci.role_id = rt.id)", "Plans": [{"Node Type": "Index Scan", "Parent Relationship": "Outer", "Scan Direction": "Forward", "Index Name": "role_type_pkey", "Relation Name": "role_type", "Alias": "rt", "Startup Cost": 0.0, "Total Cost": 12.46, "Plan Rows": 1, "Plan Width": 4, "Filter": "((role)::text = 'actor'::text)"}, {"Node Type": "Nested Loop", "Parent Relationship": "Inner", "Join Type": "Inner", "Startup Cost": 0.0, "Total Cost": 24463.81, "Plan Rows": 68, "Plan Width": 20, "Inner Unique": false, "Plans": [{"Node Type": "Nested Loop", "Parent Relationship": "Outer", "Join Type": "Inner", "Startup Cost": 0.0, "Total Cost": 20719.49, "Plan Rows": 3779, "Plan Width": 8, "Inner Unique": false, "Plans": [{"Node Type": "Index Scan", "Parent Relationship": "Outer", "Scan Direction": "Forward", "Index Name": "company_name_pkey", "Relation Name": "company_name", "Alias": "cn", "Startup Cost": 0.0, "Total Cost": 10501.39, "Plan Rows": 251, "Plan Width": 4, "Filter": "((country_code)::text = '[ru]'::text)"}, {"Node Type": "Index Scan", "Parent Relationship": "Inner", "Scan Direction": "Forward", "Index Name": "company_id_movie_companies", "Relation Name": "movie_companies", "Alias": "mc", "Startup Cost": 0.0, "Total Cost": 40.56, "Plan Rows": 15, "Plan Width": 12, "Index Cond": "(company_id = cn.id)"}]}, {"Node Type": "Index Scan", "Parent Relationship": "Inner", "Scan Direction": "Forward", "Index Name": "movie_id_cast_info", "Relation Name": "cast_info", "Alias": "ci", "Startup Cost": 0.0, "Total Cost": 0.98, "Plan Rows": 1, "Plan Width": 12, "Index Cond": "(movie_id = mc.movie_id)", "Filter": "(((note)::text ~~ '%(voice)%'::text) AND ((note)::text ~~ '%(uncredited)%'::text))"}]}]}, {"Node Type": "Index Scan", "Parent Relationship": "Inner", "Scan Direction": "Forward", "Index Name": "title_pkey", "Relation Name": "title", "Alias": "t", "Startup Cost": 0.0, "Total Cost": 0.34, "Plan Rows": 1, "Plan Width": 21, "Index Cond": "(id = mc.movie_id)", "Filter": "(production_year > 2005)"}]}, {"Node Type": "Index Scan", "Parent Relationship": "Inner", "Scan Direction": "Forward", "Index Name": "char_name_pkey", "Relation Name": "char_name", "Alias": "chn", "Startup Cost": 0.0, "Total Cost": 5.37, "Plan Rows": 1, "Plan Width": 20, "Index Cond": "(id = ci.person_role_id)"}]}, {"Node Type": "Index Scan", "Parent Relationship": "Inner", "Scan Direction": "Forward", "Index Name": "company_type_pkey", "Relation Name": "company_type", "Alias": "ct", "Startup Cost": 0.0, "Total Cost": 0.27, "Plan Rows": 1, "Plan Width": 4, "Index Cond": "(id = mc.company_type_id)"}]}]}, "Unique SQL Id": 2933943827, "Planner Runtime": 3}, "explain_analyze_plan": {"Plan": {"Node Type": "Aggregate", "Strategy": "Plain", "Startup Cost": 24506.67, "Total Cost": 24506.68, "Plan Rows": 1, "Plan Width": 97, "Actual Startup Time": 1009.656, "Actual Total Time": 1009.657, "Actual Rows": 1, "Actual Loops": 1, "Plans": [{"Node Type": "Nested Loop", "Parent Relationship": "Outer", "Join Type": "Inner", "Startup Cost": 0.0, "Total Cost": 24506.66, "Plan Rows": 2, "Plan Width": 33, "Actual Startup Time": 28.604, "Actual Total Time": 1009.557, "Actual Rows": 18, "Actual Loops": 1, "Inner Unique": true, "Plans": [{"Node Type": "Nested Loop", "Parent Relationship": "Outer", "Join Type": "Inner", "Startup Cost": 0.0, "Total Cost": 24506.1, "Plan Rows": 2, "Plan Width": 37, "Actual Startup Time": 21.949, "Actual Total Time": 1009.273, "Actual Rows": 104, "Actual Loops": 1, "Inner Unique": true, "Plans": [{"Node Type": "Nested Loop", "Parent Relationship": "Outer", "Join Type": "Inner", "Startup Cost": 0.0, "Total Cost": 24479.22, "Plan Rows": 5, "Plan Width": 25, "Actual Startup Time": 21.938, "Actual Total Time": 1008.351, "Actual Rows": 112, "Actual Loops": 1, "Inner Unique": true, "Plans": [{"Node Type": "Nested Loop", "Parent Relationship": "Outer", "Join Type": "Inner", "Startup Cost": 0.0, "Total Cost": 24477.12, "Plan Rows": 6, "Plan Width": 16, "Actual Startup Time": 6.423, "Actual Total Time": 1006.191, "Actual Rows": 275, "Actual Loops": 1, "Inner Unique": false, "Join Filter": "(ci.role_id = rt.id)", "Rows Removed by Join Filter": 102, "Plans": [{"Node Type": "Index Scan", "Parent Relationship": "Outer", "Scan Direction": "Forward", "Index Name": "role_type_pkey", "Relation Name": "role_type", "Alias": "rt", "Startup Cost": 0.0, "Total Cost": 12.46, "Plan Rows": 1, "Plan Width": 4, "Actual Startup Time": 0.02, "Actual Total Time": 0.029, "Actual Rows": 1, "Actual Loops": 1, "Filter": "((role)::text = 'actor'::text)", "Rows Removed by Filter": 11}, {"Node Type": "Nested Loop", "Parent Relationship": "Inner", "Join Type": "Inner", "Startup Cost": 0.0, "Total Cost": 24463.81, "Plan Rows": 68, "Plan Width": 20, "Actual Startup Time": 6.388, "Actual Total Time": 1005.895, "Actual Rows": 377, "Actual Loops": 1, "Inner Unique": false, "Plans": [{"Node Type": "Nested Loop", "Parent Relationship": "Outer", "Join Type": "Inner", "Startup Cost": 0.0, "Total Cost": 20719.49, "Plan Rows": 3779, "Plan Width": 8, "Actual Startup Time": 0.45, "Actual Total Time": 322.76, "Actual Rows": 8790, "Actual Loops": 1, "Inner Unique": false, "Plans": [{"Node Type": "Index Scan", "Parent Relationship": "Outer", "Scan Direction": "Forward", "Index Name": "company_name_pkey", "Relation Name": "company_name", "Alias": "cn", "Startup Cost": 0.0, "Total Cost": 10501.39, "Plan Rows": 251, "Plan Width": 4, "Actual Startup Time": 0.436, "Actual Total Time": 299.925, "Actual Rows": 1361, "Actual Loops": 1, "Filter": "((country_code)::text = '[ru]'::text)", "Rows Removed by Filter": 233635}, {"Node Type": "Index Scan", "Parent Relationship": "Inner", "Scan Direction": "Forward", "Index Name": "company_id_movie_companies", "Relation Name": "movie_companies", "Alias": "mc", "Startup Cost": 0.0, "Total Cost": 40.56, "Plan Rows": 15, "Plan Width": 12, "Actual Startup Time": 8.119, "Actual Total Time": 19.34, "Actual Rows": 8790, "Actual Loops": 1361, "Index Cond": "(company_id = cn.id)", "Rows Removed by Index Recheck": 0}]}, {"Node Type": "Index Scan", "Parent Relationship": "Inner", "Scan Direction": "Forward", "Index Name": "movie_id_cast_info", "Relation Name": "cast_info", "Alias": "ci", "Startup Cost": 0.0, "Total Cost": 0.98, "Plan Rows": 1, "Plan Width": 12, "Actual Startup Time": 639.51, "Actual Total Time": 677.545, "Actual Rows": 377, "Actual Loops": 8790, "Index Cond": "(movie_id = mc.movie_id)", "Rows Removed by Index Recheck": 0, "Filter": "(((note)::text ~~ '%(voice)%'::text) AND ((note)::text ~~ '%(uncredited)%'::text))", "Rows Removed by Filter": 408168}]}]}, {"Node Type": "Index Scan", "Parent Relationship": "Inner", "Scan Direction": "Forward", "Index Name": "title_pkey", "Relation Name": "title", "Alias": "t", "Startup Cost": 0.0, "Total Cost": 0.34, "Plan Rows": 1, "Plan Width": 21, "Actual Startup Time": 1.746, "Actual Total Time": 1.746, "Actual Rows": 112, "Actual Loops": 275, "Index Cond": "(id = mc.movie_id)", "Rows Removed by Index Recheck": 0, "Filter": "(production_year > 2005)", "Rows Removed by Filter": 163}]}, {"Node Type": "Index Scan", "Parent Relationship": "Inner", "Scan Direction": "Forward", "Index Name": "char_name_pkey", "Relation Name": "char_name", "Alias": "chn", "Startup Cost": 0.0, "Total Cost": 5.37, "Plan Rows": 1, "Plan Width": 20, "Actual Startup Time": 0.688, "Actual Total Time": 0.688, "Actual Rows": 104, "Actual Loops": 112, "Index Cond": "(id = ci.person_role_id)", "Rows Removed by Index Recheck": 0}]}, {"Node Type": "Index Scan", "Parent Relationship": "Inner", "Scan Direction": "Forward", "Index Name": "company_type_pkey", "Relation Name": "company_type", "Alias": "ct", "Startup Cost": 0.0, "Total Cost": 0.27, "Plan Rows": 1, "Plan Width": 4, "Actual Startup Time": 0.148, "Actual Total Time": 0.148, "Actual Rows": 18, "Actual Loops": 104, "Index Cond": "(id = mc.company_type_id)", "Rows Removed by Index Recheck": 0}]}]}, "Triggers": [], "Planner Runtime": 3, "Total Runtime": 1010.002, "Unique SQL Id": 2933943827}}, "(1, 62)": {"explain_plan": {"Plan": {"Node Type": "Aggregate", "Strategy": "Plain", "Startup Cost": 11230073.15, "Total Cost": 11230073.16, "Plan Rows": 1, "Plan Width": 97, "Plans": [{"Node Type": "Nested Loop", "Parent Relationship": "Outer", "Join Type": "Inner", "Startup Cost": 0.0, "Total Cost": 11230073.14, "Plan Rows": 2, "Plan Width": 33, "Inner Unique": false, "Join Filter": "(mc.company_type_id = ct.id)", "Plans": [{"Node Type": "Seq Scan", "Parent Relationship": "Outer", "Relation Name": "company_type", "Alias": "ct", "Startup Cost": 0.0, "Total Cost": 1.03, "Plan Rows": 3, "Plan Width": 4}, {"Node Type": "Materialize", "Parent Relationship": "Inner", "Startup Cost": 0.0, "Total Cost": 11230072.02, "Plan Rows": 2, "Plan Width": 37, "Plans": [{"Node Type": "Nested Loop", "Parent Relationship": "Outer", "Join Type": "Inner", "Startup Cost": 0.0, "Total Cost": 11230072.01, "Plan Rows": 2, "Plan Width": 37, "Inner Unique": false, "Join Filter": "(ci.person_role_id = chn.id)", "Plans": [{"Node Type": "Seq Scan", "Parent Relationship": "Outer", "Relation Name": "char_name", "Alias": "chn", "Startup Cost": 0.0, "Total Cost": 67493.38, "Plan Rows": 3140338, "Plan Width": 20}, {"Node Type": "Materialize", "Parent Relationship": "Inner", "Startup Cost": 0.0, "Total Cost": 10927053.29, "Plan Rows": 5, "Plan Width": 25, "Plans": [{"Node Type": "Nested Loop", "Parent Relationship": "Outer", "Join Type": "Inner", "Startup Cost": 0.0, "Total Cost": 10927053.27, "Plan Rows": 5, "Plan Width": 25, "Inner Unique": false, "Join Filter": "(mc.movie_id = t.id)", "Plans": [{"Node Type": "Seq Scan", "Parent Relationship": "Outer", "Relation Name": "title", "Alias": "t", "Startup Cost": 0.0, "Total Cost": 66389.89, "Plan Rows": 1013492, "Plan Width": 21, "Filter": "(production_year > 2005), (LLVM Optimized)"}, {"Node Type": "Materialize", "Parent Relationship": "Inner", "Startup Cost": 0.0, "Total Cost": 10769449.12, "Plan Rows": 6, "Plan Width": 16, "Plans": [{"Node Type": "Nested Loop", "Parent Relationship": "Outer", "Join Type": "Inner", "Startup Cost": 0.0, "Total Cost": 10769449.09, "Plan Rows": 6, "Plan Width": 16, "Inner Unique": false, "Join Filter": "(ci.movie_id = mc.movie_id)", "Plans": [{"Node Type": "Nested Loop", "Parent Relationship": "Outer", "Join Type": "Inner", "Startup Cost": 0.0, "Total Cost": 9871088.28, "Plan Rows": 3779, "Plan Width": 8, "Inner Unique": true, "Join Filter": "(cn.id = mc.company_id)", "Plans": [{"Node Type": "Seq Scan", "Parent Relationship": "Outer", "Relation Name": "movie_companies", "Alias": "mc", "Startup Cost": 0.0, "Total Cost": 41817.28, "Plan Rows": 2609128, "Plan Width": 12}, {"Node Type": "Materialize", "Parent Relationship": "Inner", "Startup Cost": 0.0, "Total Cost": 5904.71, "Plan Rows": 251, "Plan Width": 4, "Plans": [{"Node Type": "Seq Scan", "Parent Relationship": "Outer", "Relation Name": "company_name", "Alias": "cn", "Startup Cost": 0.0, "Total Cost": 5903.45, "Plan Rows": 251, "Plan Width": 4, "Filter": "((country_code)::text = '[ru]'::text)"}]}]}, {"Node Type": "Materialize", "Parent Relationship": "Inner", "Startup Cost": 0.0, "Total Cost": 783465.38, "Plan Rows": 2027, "Plan Width": 8, "Plans": [{"Node Type": "Nested Loop", "Parent Relationship": "Outer", "Join Type": "Inner", "Startup Cost": 0.0, "Total Cost": 783455.25, "Plan Rows": 2027, "Plan Width": 8, "Inner Unique": false, "Join Filter": "(ci.role_id = rt.id)", "Plans": [{"Node Type": "Seq Scan", "Parent Relationship": "Outer", "Relation Name": "role_type", "Alias": "rt", "Startup Cost": 0.0, "Total Cost": 1.15, "Plan Rows": 1, "Plan Width": 4, "Filter": "((role)::text = 'actor'::text)"}, {"Node Type": "Seq Scan", "Parent Relationship": "Inner", "Relation Name": "cast_info", "Alias": "ci", "Startup Cost": 0.0, "Total Cost": 783175.41, "Plan Rows": 22295, "Plan Width": 12, "Filter": "(((note)::text ~~ '%(voice)%'::text) AND ((note)::text ~~ '%(uncredited)%'::text))"}]}]}]}]}]}]}]}]}]}]}, "Unique SQL Id": 2933943827, "Planner Runtime": 3}, "explain_analyze_plan": null}, "(1, 63)": {"explain_plan": {"Plan": {"Node Type": "Aggregate", "Strategy": "Plain", "Startup Cost": 7000198710057.34, "Total Cost": 7000198710057.35, "Plan Rows": 1, "Plan Width": 97, "Plans": [{"Node Type": "Nested Loop", "Parent Relationship": "Outer", "Join Type": "Inner", "Startup Cost": 70000000000.0, "Total Cost": 7000198710057.33, "Plan Rows": 2, "Plan Width": 33, "Inner Unique": true, "Join Filter": "(mc.company_type_id = ct.id)", "Plans": [{"Node Type": "Nested Loop", "Parent Relationship": "Outer", "Join Type": "Inner", "Startup Cost": 60000000000.0, "Total Cost": 6000198708827.73, "Plan Rows": 2, "Plan Width": 37, "Inner Unique": true, "Join Filter": "(ci.person_role_id = chn.id)", "Plans": [{"Node Type": "Nested Loop", "Parent Relationship": "Outer", "Join Type": "Inner", "Startup Cost": 50000000000.0, "Total Cost": 5000185477906.03, "Plan Rows": 5, "Plan Width": 25, "Inner Unique": true, "Join Filter": "(mc.movie_id = t.id)", "Plans": [{"Node Type": "Nested Loop", "Parent Relationship": "Outer", "Join Type": "Inner", "Startup Cost": 40000000000.0, "Total Cost": 4000173740031.35, "Plan Rows": 6, "Plan Width": 16, "Inner Unique": true, "Join Filter": "(ci.role_id = rt.id)", "Plans": [{"Node Type": "Nested Loop", "Parent Relationship": "Outer", "Join Type": "Inner", "Startup Cost": 30000000000.0, "Total Cost": 3000173738784.33, "Plan Rows": 68, "Plan Width": 20, "Inner Unique": false, "Join Filter": "(mc.movie_id = ci.movie_id)", "Plans": [{"Node Type": "Nested Loop", "Parent Relationship": "Outer", "Join Type": "Inner", "Startup Cost": 20000000000.0, "Total Cost": 2000020191723.52, "Plan Rows": 3779, "Plan Width": 8, "Inner Unique": true, "Join Filter": "(cn.id = mc.company_id)", "Plans": [{"Node Type": "Index Scan", "Parent Relationship": "Outer", "Scan Direction": "Forward", "Index Name": "company_type_id_movie_companies", "Relation Name": "movie_companies", "Alias": "mc", "Startup Cost": 10000000000.0, "Total Cost": 1000009318217.0, "Plan Rows": 2609128, "Plan Width": 12}, {"Node Type": "Materialize", "Parent Relationship": "Inner", "Startup Cost": 10000000000.0, "Total Cost": 1000001050140.22, "Plan Rows": 251, "Plan Width": 4, "Plans": [{"Node Type": "Index Scan", "Parent Relationship": "Outer", "Scan Direction": "Forward", "Index Name": "company_name_pkey", "Relation Name": "company_name", "Alias": "cn", "Startup Cost": 10000000000.0, "Total Cost": 1000001050138.97, "Plan Rows": 251, "Plan Width": 4, "Filter": "((country_code)::text = '[ru]'::text)"}]}]}, {"Node Type": "Materialize", "Parent Relationship": "Inner", "Startup Cost": 10000000000.0, "Total Cost": 1000152283324.47, "Plan Rows": 22295, "Plan Width": 12, "Plans": [{"Node Type": "Index Scan", "Parent Relationship": "Outer", "Scan Direction": "Forward", "Index Name": "role_id_cast_info", "Relation Name": "cast_info", "Alias": "ci", "Startup Cost": 10000000000.0, "Total Cost": 1000152283213.0, "Plan Rows": 22295, "Plan Width": 12, "Filter": "(((note)::text ~~ '%(voice)%'::text) AND ((note)::text ~~ '%(uncredited)%'::text))"}]}]}, {"Node Type": "Materialize", "Parent Relationship": "Inner", "Startup Cost": 10000000000.0, "Total Cost": 1000000001246.0, "Plan Rows": 1, "Plan Width": 4, "Plans": [{"Node Type": "Index Scan", "Parent Relationship": "Outer", "Scan Direction": "Forward", "Index Name": "role_type_pkey", "Relation Name": "role_type", "Alias": "rt", "Startup Cost": 10000000000.0, "Total Cost": 1000000001246.0, "Plan Rows": 1, "Plan Width": 4, "Filter": "((role)::text = 'actor'::text)"}]}]}, {"Node Type": "Materialize", "Parent Relationship": "Inner", "Startup Cost": 10000000000.0, "Total Cost": 1000011649194.12, "Plan Rows": 1013492, "Plan Width": 21, "Plans": [{"Node Type": "Index Scan", "Parent Relationship": "Outer", "Scan Direction": "Forward", "Index Name": "title_pkey", "Relation Name": "title", "Alias": "t", "Startup Cost": 10000000000.0, "Total Cost": 1000011644126.66, "Plan Rows": 1013492, "Plan Width": 21, "Filter": "(production_year > 2005), (LLVM Optimized)"}]}]}, {"Node Type": "Materialize", "Parent Relationship": "Inner", "Startup Cost": 10000000000.0, "Total Cost": 1000013003247.2, "Plan Rows": 3140338, "Plan Width": 20, "Plans": [{"Node Type": "Index Scan", "Parent Relationship": "Outer", "Scan Direction": "Forward", "Index Name": "char_name_pkey", "Relation Name": "char_name", "Alias": "chn", "Startup Cost": 10000000000.0, "Total Cost": 1000012987545.51, "Plan Rows": 3140338, "Plan Width": 20}]}]}, {"Node Type": "Materialize", "Parent Relationship": "Inner", "Startup Cost": 10000000000.0, "Total Cost": 1000000001229.52, "Plan Rows": 3, "Plan Width": 4, "Plans": [{"Node Type": "Index Scan", "Parent Relationship": "Outer", "Scan Direction": "Forward", "Index Name": "company_type_pkey", "Relation Name": "company_type", "Alias": "ct", "Startup Cost": 10000000000.0, "Total Cost": 1000000001229.5, "Plan Rows": 3, "Plan Width": 4}]}]}]}, "Unique SQL Id": 2933943827, "Planner Runtime": 3}, "explain_analyze_plan": null}, "(1, 64)": {"explain_plan": {"Plan": {"Node Type": "Aggregate", "Strategy": "Plain", "Startup Cost": 19914.67, "Total Cost": 19914.68, "Plan Rows": 1, "Plan Width": 97, "Plans": [{"Node Type": "Nested Loop", "Parent Relationship": "Outer", "Join Type": "Inner", "Startup Cost": 0.0, "Total Cost": 19914.66, "Plan Rows": 2, "Plan Width": 33, "Inner Unique": true, "Plans": [{"Node Type": "Nested Loop", "Parent Relationship": "Outer", "Join Type": "Inner", "Startup Cost": 0.0, "Total Cost": 19914.1, "Plan Rows": 2, "Plan Width": 37, "Inner Unique": true, "Plans": [{"Node Type": "Nested Loop", "Parent Relationship": "Outer", "Join Type": "Inner", "Startup Cost": 0.0, "Total Cost": 19887.22, "Plan Rows": 5, "Plan Width": 25, "Inner Unique": true, "Plans": [{"Node Type": "Nested Loop", "Parent Relationship": "Outer", "Join Type": "Inner", "Startup Cost": 0.0, "Total Cost": 19885.12, "Plan Rows": 6, "Plan Width": 16, "Inner Unique": true, "Plans": [{"Node Type": "Nested Loop", "Parent Relationship": "Outer", "Join Type": "Inner", "Startup Cost": 0.0, "Total Cost": 19865.87, "Plan Rows": 68, "Plan Width": 20, "Inner Unique": false, "Plans": [{"Node Type": "Nested Loop", "Parent Relationship": "Outer", "Join Type": "Inner", "Startup Cost": 0.0, "Total Cost": 16121.55, "Plan Rows": 3779, "Plan Width": 8, "Inner Unique": false, "Plans": [{"Node Type": "Seq Scan", "Parent Relationship": "Outer", "Relation Name": "company_name", "Alias": "cn", "Startup Cost": 0.0, "Total Cost": 5903.45, "Plan Rows": 251, "Plan Width": 4, "Filter": "((country_code)::text = '[ru]'::text)"}, {"Node Type": "Index Scan", "Parent Relationship": "Inner", "Scan Direction": "Forward", "Index Name": "company_id_movie_companies", "Relation Name": "movie_companies", "Alias": "mc", "Startup Cost": 0.0, "Total Cost": 40.56, "Plan Rows": 15, "Plan Width": 12, "Index Cond": "(company_id = cn.id)"}]}, {"Node Type": "Index Scan", "Parent Relationship": "Inner", "Scan Direction": "Forward", "Index Name": "movie_id_cast_info", "Relation Name": "cast_info", "Alias": "ci", "Startup Cost": 0.0, "Total Cost": 0.98, "Plan Rows": 1, "Plan Width": 12, "Index Cond": "(movie_id = mc.movie_id)", "Filter": "(((note)::text ~~ '%(voice)%'::text) AND ((note)::text ~~ '%(uncredited)%'::text))"}]}, {"Node Type": "Index Scan", "Parent Relationship": "Inner", "Scan Direction": "Forward", "Index Name": "role_type_pkey", "Relation Name": "role_type", "Alias": "rt", "Startup Cost": 0.0, "Total Cost": 0.27, "Plan Rows": 1, "Plan Width": 4, "Index Cond": "(id = ci.role_id)", "Filter": "((role)::text = 'actor'::text)"}]}, {"Node Type": "Index Scan", "Parent Relationship": "Inner", "Scan Direction": "Forward", "Index Name": "title_pkey", "Relation Name": "title", "Alias": "t", "Startup Cost": 0.0, "Total Cost": 0.34, "Plan Rows": 1, "Plan Width": 21, "Index Cond": "(id = mc.movie_id)", "Filter": "(production_year > 2005)"}]}, {"Node Type": "Index Scan", "Parent Relationship": "Inner", "Scan Direction": "Forward", "Index Name": "char_name_pkey", "Relation Name": "char_name", "Alias": "chn", "Startup Cost": 0.0, "Total Cost": 5.37, "Plan Rows": 1, "Plan Width": 20, "Index Cond": "(id = ci.person_role_id)"}]}, {"Node Type": "Index Only Scan", "Parent Relationship": "Inner", "Scan Direction": "Forward", "Index Name": "company_type_pkey", "Relation Name": "company_type", "Alias": "ct", "Startup Cost": 0.0, "Total Cost": 0.27, "Plan Rows": 1, "Plan Width": 4, "Index Cond": "(id = mc.company_type_id)"}]}]}, "Unique SQL Id": 2933943827, "Planner Runtime": 15}, "explain_analyze_plan": {"Plan": {"Node Type": "Aggregate", "Strategy": "Plain", "Startup Cost": 19914.67, "Total Cost": 19914.68, "Plan Rows": 1, "Plan Width": 97, "Actual Startup Time": 747.77, "Actual Total Time": 747.77, "Actual Rows": 1, "Actual Loops": 1, "Plans": [{"Node Type": "Nested Loop", "Parent Relationship": "Outer", "Join Type": "Inner", "Startup Cost": 0.0, "Total Cost": 19914.66, "Plan Rows": 2, "Plan Width": 33, "Actual Startup Time": 41.866, "Actual Total Time": 747.642, "Actual Rows": 18, "Actual Loops": 1, "Inner Unique": true, "Plans": [{"Node Type": "Nested Loop", "Parent Relationship": "Outer", "Join Type": "Inner", "Startup Cost": 0.0, "Total Cost": 19914.1, "Plan Rows": 2, "Plan Width": 37, "Actual Startup Time": 8.627, "Actual Total Time": 747.353, "Actual Rows": 104, "Actual Loops": 1, "Inner Unique": true, "Plans": [{"Node Type": "Nested Loop", "Parent Relationship": "Outer", "Join Type": "Inner", "Startup Cost": 0.0, "Total Cost": 19887.22, "Plan Rows": 5, "Plan Width": 25, "Actual Startup Time": 8.616, "Actual Total Time": 746.498, "Actual Rows": 112, "Actual Loops": 1, "Inner Unique": true, "Plans": [{"Node Type": "Nested Loop", "Parent Relationship": "Outer", "Join Type": "Inner", "Startup Cost": 0.0, "Total Cost": 19885.12, "Plan Rows": 6, "Plan Width": 16, "Actual Startup Time": 0.778, "Actual Total Time": 744.543, "Actual Rows": 275, "Actual Loops": 1, "Inner Unique": true, "Plans": [{"Node Type": "Nested Loop", "Parent Relationship": "Outer", "Join Type": "Inner", "Startup Cost": 0.0, "Total Cost": 19865.87, "Plan Rows": 68, "Plan Width": 20, "Actual Startup Time": 0.77, "Actual Total Time": 742.914, "Actual Rows": 377, "Actual Loops": 1, "Inner Unique": false, "Plans": [{"Node Type": "Nested Loop", "Parent Relationship": "Outer", "Join Type": "Inner", "Startup Cost": 0.0, "Total Cost": 16121.55, "Plan Rows": 3779, "Plan Width": 8, "Actual Startup Time": 0.069, "Actual Total Time": 101.023, "Actual Rows": 8790, "Actual Loops": 1, "Inner Unique": false, "Plans": [{"Node Type": "Seq Scan", "Parent Relationship": "Outer", "Relation Name": "company_name", "Alias": "cn", "Startup Cost": 0.0, "Total Cost": 5903.45, "Plan Rows": 251, "Plan Width": 4, "Actual Startup Time": 0.049, "Actual Total Time": 80.047, "Actual Rows": 1361, "Actual Loops": 1, "Filter": "((country_code)::text = '[ru]'::text)", "Rows Removed by Filter": 233635}, {"Node Type": "Index Scan", "Parent Relationship": "Inner", "Scan Direction": "Forward", "Index Name": "company_id_movie_companies", "Relation Name": "movie_companies", "Alias": "mc", "Startup Cost": 0.0, "Total Cost": 40.56, "Plan Rows": 15, "Plan Width": 12, "Actual Startup Time": 7.761, "Actual Total Time": 17.771, "Actual Rows": 8790, "Actual Loops": 1361, "Index Cond": "(company_id = cn.id)", "Rows Removed by Index Recheck": 0}]}, {"Node Type": "Index Scan", "Parent Relationship": "Inner", "Scan Direction": "Forward", "Index Name": "movie_id_cast_info", "Relation Name": "cast_info", "Alias": "ci", "Startup Cost": 0.0, "Total Cost": 0.98, "Plan Rows": 1, "Plan Width": 12, "Actual Startup Time": 599.435, "Actual Total Time": 636.598, "Actual Rows": 377, "Actual Loops": 8790, "Index Cond": "(movie_id = mc.movie_id)", "Rows Removed by Index Recheck": 0, "Filter": "(((note)::text ~~ '%(voice)%'::text) AND ((note)::text ~~ '%(uncredited)%'::text))", "Rows Removed by Filter": 408168}]}, {"Node Type": "Index Scan", "Parent Relationship": "Inner", "Scan Direction": "Forward", "Index Name": "role_type_pkey", "Relation Name": "role_type", "Alias": "rt", "Startup Cost": 0.0, "Total Cost": 0.27, "Plan Rows": 1, "Plan Width": 4, "Actual Startup Time": 1.125, "Actual Total Time": 1.125, "Actual Rows": 275, "Actual Loops": 377, "Index Cond": "(id = ci.role_id)", "Rows Removed by Index Recheck": 0, "Filter": "((role)::text = 'actor'::text)", "Rows Removed by Filter": 102}]}, {"Node Type": "Index Scan", "Parent Relationship": "Inner", "Scan Direction": "Forward", "Index Name": "title_pkey", "Relation Name": "title", "Alias": "t", "Startup Cost": 0.0, "Total Cost": 0.34, "Plan Rows": 1, "Plan Width": 21, "Actual Startup Time": 1.565, "Actual Total Time": 1.565, "Actual Rows": 112, "Actual Loops": 275, "Index Cond": "(id = mc.movie_id)", "Rows Removed by Index Recheck": 0, "Filter": "(production_year > 2005)", "Rows Removed by Filter": 163}]}, {"Node Type": "Index Scan", "Parent Relationship": "Inner", "Scan Direction": "Forward", "Index Name": "char_name_pkey", "Relation Name": "char_name", "Alias": "chn", "Startup Cost": 0.0, "Total Cost": 5.37, "Plan Rows": 1, "Plan Width": 20, "Actual Startup Time": 0.628, "Actual Total Time": 0.628, "Actual Rows": 104, "Actual Loops": 112, "Index Cond": "(id = ci.person_role_id)", "Rows Removed by Index Recheck": 0}]}, {"Node Type": "Index Only Scan", "Parent Relationship": "Inner", "Scan Direction": "Forward", "Index Name": "company_type_pkey", "Relation Name": "company_type", "Alias": "ct", "Startup Cost": 0.0, "Total Cost": 0.27, "Plan Rows": 1, "Plan Width": 4, "Actual Startup Time": 0.164, "Actual Total Time": 0.164, "Actual Rows": 18, "Actual Loops": 104, "Index Cond": "(id = mc.company_type_id)", "Rows Removed by Index Recheck": 0, "Heap Fetches": 0}]}]}, "Triggers": [], "Planner Runtime": 5, "Total Runtime": 748.112, "Unique SQL Id": 2933943827}}, "(1, 65)": {"explain_plan": {"Plan": {"Node Type": "Aggregate", "Strategy": "Plain", "Startup Cost": 24512.61, "Total Cost": 24512.62, "Plan Rows": 1, "Plan Width": 97, "Plans": [{"Node Type": "Nested Loop", "Parent Relationship": "Outer", "Join Type": "Inner", "Startup Cost": 0.0, "Total Cost": 24512.6, "Plan Rows": 2, "Plan Width": 33, "Inner Unique": true, "Plans": [{"Node Type": "Nested Loop", "Parent Relationship": "Outer", "Join Type": "Inner", "Startup Cost": 0.0, "Total Cost": 24512.04, "Plan Rows": 2, "Plan Width": 37, "Inner Unique": true, "Plans": [{"Node Type": "Nested Loop", "Parent Relationship": "Outer", "Join Type": "Inner", "Startup Cost": 0.0, "Total Cost": 24485.16, "Plan Rows": 5, "Plan Width": 25, "Inner Unique": true, "Plans": [{"Node Type": "Nested Loop", "Parent Relationship": "Outer", "Join Type": "Inner", "Startup Cost": 0.0, "Total Cost": 24483.05, "Plan Rows": 6, "Plan Width": 16, "Inner Unique": true, "Plans": [{"Node Type": "Nested Loop", "Parent Relationship": "Outer", "Join Type": "Inner", "Startup Cost": 0.0, "Total Cost": 24463.81, "Plan Rows": 68, "Plan Width": 20, "Inner Unique": false, "Plans": [{"Node Type": "Nested Loop", "Parent Relationship": "Outer", "Join Type": "Inner", "Startup Cost": 0.0, "Total Cost": 20719.49, "Plan Rows": 3779, "Plan Width": 8, "Inner Unique": false, "Plans": [{"Node Type": "Index Scan", "Parent Relationship": "Outer", "Scan Direction": "Forward", "Index Name": "company_name_pkey", "Relation Name": "company_name", "Alias": "cn", "Startup Cost": 0.0, "Total Cost": 10501.39, "Plan Rows": 251, "Plan Width": 4, "Filter": "((country_code)::text = '[ru]'::text)"}, {"Node Type": "Index Scan", "Parent Relationship": "Inner", "Scan Direction": "Forward", "Index Name": "company_id_movie_companies", "Relation Name": "movie_companies", "Alias": "mc", "Startup Cost": 0.0, "Total Cost": 40.56, "Plan Rows": 15, "Plan Width": 12, "Index Cond": "(company_id = cn.id)"}]}, {"Node Type": "Index Scan", "Parent Relationship": "Inner", "Scan Direction": "Forward", "Index Name": "movie_id_cast_info", "Relation Name": "cast_info", "Alias": "ci", "Startup Cost": 0.0, "Total Cost": 0.98, "Plan Rows": 1, "Plan Width": 12, "Index Cond": "(movie_id = mc.movie_id)", "Filter": "(((note)::text ~~ '%(voice)%'::text) AND ((note)::text ~~ '%(uncredited)%'::text))"}]}, {"Node Type": "Index Scan", "Parent Relationship": "Inner", "Scan Direction": "Forward", "Index Name": "role_type_pkey", "Relation Name": "role_type", "Alias": "rt", "Startup Cost": 0.0, "Total Cost": 0.27, "Plan Rows": 1, "Plan Width": 4, "Index Cond": "(id = ci.role_id)", "Filter": "((role)::text = 'actor'::text)"}]}, {"Node Type": "Index Scan", "Parent Relationship": "Inner", "Scan Direction": "Forward", "Index Name": "title_pkey", "Relation Name": "title", "Alias": "t", "Startup Cost": 0.0, "Total Cost": 0.34, "Plan Rows": 1, "Plan Width": 21, "Index Cond": "(id = mc.movie_id)", "Filter": "(production_year > 2005)"}]}, {"Node Type": "Index Scan", "Parent Relationship": "Inner", "Scan Direction": "Forward", "Index Name": "char_name_pkey", "Relation Name": "char_name", "Alias": "chn", "Startup Cost": 0.0, "Total Cost": 5.37, "Plan Rows": 1, "Plan Width": 20, "Index Cond": "(id = ci.person_role_id)"}]}, {"Node Type": "Index Only Scan", "Parent Relationship": "Inner", "Scan Direction": "Forward", "Index Name": "company_type_pkey", "Relation Name": "company_type", "Alias": "ct", "Startup Cost": 0.0, "Total Cost": 0.27, "Plan Rows": 1, "Plan Width": 4, "Index Cond": "(id = mc.company_type_id)"}]}]}, "Unique SQL Id": 2933943827, "Planner Runtime": 12}, "explain_analyze_plan": {"Plan": {"Node Type": "Aggregate", "Strategy": "Plain", "Startup Cost": 24512.61, "Total Cost": 24512.62, "Plan Rows": 1, "Plan Width": 97, "Actual Startup Time": 1177.526, "Actual Total Time": 1177.527, "Actual Rows": 1, "Actual Loops": 1, "Plans": [{"Node Type": "Nested Loop", "Parent Relationship": "Outer", "Join Type": "Inner", "Startup Cost": 0.0, "Total Cost": 24512.6, "Plan Rows": 2, "Plan Width": 33, "Actual Startup Time": 37.022, "Actual Total Time": 1177.415, "Actual Rows": 18, "Actual Loops": 1, "Inner Unique": true, "Plans": [{"Node Type": "Nested Loop", "Parent Relationship": "Outer", "Join Type": "Inner", "Startup Cost": 0.0, "Total Cost": 24512.04, "Plan Rows": 2, "Plan Width": 37, "Actual Startup Time": 28.615, "Actual Total Time": 1177.077, "Actual Rows": 104, "Actual Loops": 1, "Inner Unique": true, "Plans": [{"Node Type": "Nested Loop", "Parent Relationship": "Outer", "Join Type": "Inner", "Startup Cost": 0.0, "Total Cost": 24485.16, "Plan Rows": 5, "Plan Width": 25, "Actual Startup Time": 28.593, "Actual Total Time": 1175.945, "Actual Rows": 112, "Actual Loops": 1, "Inner Unique": true, "Plans": [{"Node Type": "Nested Loop", "Parent Relationship": "Outer", "Join Type": "Inner", "Startup Cost": 0.0, "Total Cost": 24483.05, "Plan Rows": 6, "Plan Width": 16, "Actual Startup Time": 8.531, "Actual Total Time": 1173.512, "Actual Rows": 275, "Actual Loops": 1, "Inner Unique": true, "Plans": [{"Node Type": "Nested Loop", "Parent Relationship": "Outer", "Join Type": "Inner", "Startup Cost": 0.0, "Total Cost": 24463.81, "Plan Rows": 68, "Plan Width": 20, "Actual Startup Time": 8.509, "Actual Total Time": 1171.854, "Actual Rows": 377, "Actual Loops": 1, "Inner Unique": false, "Plans": [{"Node Type": "Nested Loop", "Parent Relationship": "Outer", "Join Type": "Inner", "Startup Cost": 0.0, "Total Cost": 20719.49, "Plan Rows": 3779, "Plan Width": 8, "Actual Startup Time": 0.393, "Actual Total Time": 320.093, "Actual Rows": 8790, "Actual Loops": 1, "Inner Unique": false, "Plans": [{"Node Type": "Index Scan", "Parent Relationship": "Outer", "Scan Direction": "Forward", "Index Name": "company_name_pkey", "Relation Name": "company_name", "Alias": "cn", "Startup Cost": 0.0, "Total Cost": 10501.39, "Plan Rows": 251, "Plan Width": 4, "Actual Startup Time": 0.379, "Actual Total Time": 295.713, "Actual Rows": 1361, "Actual Loops": 1, "Filter": "((country_code)::text = '[ru]'::text)", "Rows Removed by Filter": 233635}, {"Node Type": "Index Scan", "Parent Relationship": "Inner", "Scan Direction": "Forward", "Index Name": "company_id_movie_companies", "Relation Name": "movie_companies", "Alias": "mc", "Startup Cost": 0.0, "Total Cost": 40.56, "Plan Rows": 15, "Plan Width": 12, "Actual Startup Time": 7.632, "Actual Total Time": 20.631, "Actual Rows": 8790, "Actual Loops": 1361, "Index Cond": "(company_id = cn.id)", "Rows Removed by Index Recheck": 0}]}, {"Node Type": "Index Scan", "Parent Relationship": "Inner", "Scan Direction": "Forward", "Index Name": "movie_id_cast_info", "Relation Name": "cast_info", "Alias": "ci", "Startup Cost": 0.0, "Total Cost": 0.98, "Plan Rows": 1, "Plan Width": 12, "Actual Startup Time": 795.582, "Actual Total Time": 846.472, "Actual Rows": 377, "Actual Loops": 8790, "Index Cond": "(movie_id = mc.movie_id)", "Rows Removed by Index Recheck": 0, "Filter": "(((note)::text ~~ '%(voice)%'::text) AND ((note)::text ~~ '%(uncredited)%'::text))", "Rows Removed by Filter": 408168}]}, {"Node Type": "Index Scan", "Parent Relationship": "Inner", "Scan Direction": "Forward", "Index Name": "role_type_pkey", "Relation Name": "role_type", "Alias": "rt", "Startup Cost": 0.0, "Total Cost": 0.27, "Plan Rows": 1, "Plan Width": 4, "Actual Startup Time": 1.098, "Actual Total Time": 1.098, "Actual Rows": 275, "Actual Loops": 377, "Index Cond": "(id = ci.role_id)", "Rows Removed by Index Recheck": 0, "Filter": "((role)::text = 'actor'::text)", "Rows Removed by Filter": 102}]}, {"Node Type": "Index Scan", "Parent Relationship": "Inner", "Scan Direction": "Forward", "Index Name": "title_pkey", "Relation Name": "title", "Alias": "t", "Startup Cost": 0.0, "Total Cost": 0.34, "Plan Rows": 1, "Plan Width": 21, "Actual Startup Time": 2.044, "Actual Total Time": 2.044, "Actual Rows": 112, "Actual Loops": 275, "Index Cond": "(id = mc.movie_id)", "Rows Removed by Index Recheck": 0, "Filter": "(production_year > 2005)", "Rows Removed by Filter": 163}]}, {"Node Type": "Index Scan", "Parent Relationship": "Inner", "Scan Direction": "Forward", "Index Name": "char_name_pkey", "Relation Name": "char_name", "Alias": "chn", "Startup Cost": 0.0, "Total Cost": 5.37, "Plan Rows": 1, "Plan Width": 20, "Actual Startup Time": 0.88, "Actual Total Time": 0.88, "Actual Rows": 104, "Actual Loops": 112, "Index Cond": "(id = ci.person_role_id)", "Rows Removed by Index Recheck": 0}]}, {"Node Type": "Index Only Scan", "Parent Relationship": "Inner", "Scan Direction": "Forward", "Index Name": "company_type_pkey", "Relation Name": "company_type", "Alias": "ct", "Startup Cost": 0.0, "Total Cost": 0.27, "Plan Rows": 1, "Plan Width": 4, "Actual Startup Time": 0.173, "Actual Total Time": 0.173, "Actual Rows": 18, "Actual Loops": 104, "Index Cond": "(id = mc.company_type_id)", "Rows Removed by Index Recheck": 0, "Heap Fetches": 0}]}]}, "Triggers": [], "Planner Runtime": 4, "Total Runtime": 1177.883, "Unique SQL Id": 2933943827}}, "(1, 66)": {"explain_plan": {"Plan": {"Node Type": "Aggregate", "Strategy": "Plain", "Startup Cost": 38349.31, "Total Cost": 38349.32, "Plan Rows": 1, "Plan Width": 97, "Plans": [{"Node Type": "Nested Loop", "Parent Relationship": "Outer", "Join Type": "Inner", "Startup Cost": 8.82, "Total Cost": 38349.3, "Plan Rows": 2, "Plan Width": 33, "Inner Unique": true, "Plans": [{"Node Type": "Nested Loop", "Parent Relationship": "Outer", "Join Type": "Inner", "Startup Cost": 8.56, "Total Cost": 38340.74, "Plan Rows": 2, "Plan Width": 37, "Inner Unique": true, "Plans": [{"Node Type": "Nested Loop", "Parent Relationship": "Outer", "Join Type": "Inner", "Startup Cost": 8.29, "Total Cost": 38327.85, "Plan Rows": 3, "Plan Width": 28, "Inner Unique": true, "Plans": [{"Node Type": "Hash Join", "Parent Relationship": "Outer", "Join Type": "Inner", "Startup Cost": 5.99, "Total Cost": 38289.92, "Plan Rows": 6, "Plan Width": 16, "Inner Unique": true, "Hash Cond": "(ci.role_id = rt.id)", "Plans": [{"Node Type": "Nested Loop", "Parent Relationship": "Outer", "Join Type": "Inner", "Startup Cost": 4.83, "Total Cost": 38288.52, "Plan Rows": 68, "Plan Width": 20, "Inner Unique": false, "Plans": [{"Node Type": "Nested Loop", "Parent Relationship": "Outer", "Join Type": "Inner", "Startup Cost": 4.32, "Total Cost": 20813.55, "Plan Rows": 3779, "Plan Width": 8, "Inner Unique": false, "Plans": [{"Node Type": "Seq Scan", "Parent Relationship": "Outer", "Relation Name": "company_name", "Alias": "cn", "Startup Cost": 0.0, "Total Cost": 5903.45, "Plan Rows": 251, "Plan Width": 4, "Filter": "((country_code)::text = '[ru]'::text)"}, {"Node Type": "Bitmap Heap Scan", "Parent Relationship": "Inner", "Relation Name": "movie_companies", "Alias": "mc", "Startup Cost": 4.32, "Total Cost": 59.25, "Plan Rows": 15, "Plan Width": 12, "Recheck Cond": "(company_id = cn.id)", "Plans": [{"Node Type": "Bitmap Index Scan", "Parent Relationship": "Outer", "Index Name": "company_id_movie_companies", "Startup Cost": 0.0, "Total Cost": 4.31, "Plan Rows": 15, "Plan Width": 0, "Index Cond": "(company_id = cn.id)"}]}]}, {"Node Type": "Bitmap Heap Scan", "Parent Relationship": "Inner", "Relation Name": "cast_info", "Alias": "ci", "Startup Cost": 0.51, "Total Cost": 4.61, "Plan Rows": 1, "Plan Width": 12, "Recheck Cond": "(movie_id = mc.movie_id)", "Filter": "(((note)::text ~~ '%(voice)%'::text) AND ((note)::text ~~ '%(uncredited)%'::text))", "Plans": [{"Node Type": "Bitmap Index Scan", "Parent Relationship": "Outer", "Index Name": "movie_id_cast_info", "Startup Cost": 0.0, "Total Cost": 0.51, "Plan Rows": 6, "Plan Width": 0, "Index Cond": "(movie_id = mc.movie_id)"}]}]}, {"Node Type": "Hash", "Parent Relationship": "Inner", "Startup Cost": 1.15, "Total Cost": 1.15, "Plan Rows": 1, "Plan Width": 4, "Plans": [{"Node Type": "Seq Scan", "Parent Relationship": "Outer", "Relation Name": "role_type", "Alias": "rt", "Startup Cost": 0.0, "Total Cost": 1.15, "Plan Rows": 1, "Plan Width": 4, "Filter": "((role)::text = 'actor'::text)"}]}]}, {"Node Type": "Bitmap Heap Scan", "Parent Relationship": "Inner", "Relation Name": "char_name", "Alias": "chn", "Startup Cost": 2.3, "Total Cost": 6.31, "Plan Rows": 1, "Plan Width": 20, "Recheck Cond": "(id = ci.person_role_id)", "Plans": [{"Node Type": "Bitmap Index Scan", "Parent Relationship": "Outer", "Index Name": "char_name_pkey", "Startup Cost": 0.0, "Total Cost": 2.3, "Plan Rows": 1, "Plan Width": 0, "Index Cond": "(id = ci.person_role_id)"}]}]}, {"Node Type": "Bitmap Heap Scan", "Parent Relationship": "Inner", "Relation Name": "title", "Alias": "t", "Startup Cost": 0.27, "Total Cost": 4.29, "Plan Rows": 1, "Plan Width": 21, "Recheck Cond": "(id = mc.movie_id)", "Filter": "(production_year > 2005)", "Plans": [{"Node Type": "Bitmap Index Scan", "Parent Relationship": "Outer", "Index Name": "title_pkey", "Startup Cost": 0.0, "Total Cost": 0.27, "Plan Rows": 1, "Plan Width": 0, "Index Cond": "(id = mc.movie_id)"}]}]}, {"Node Type": "Bitmap Heap Scan", "Parent Relationship": "Inner", "Relation Name": "company_type", "Alias": "ct", "Startup Cost": 0.26, "Total Cost": 4.27, "Plan Rows": 1, "Plan Width": 4, "Recheck Cond": "(id = mc.company_type_id)", "Plans": [{"Node Type": "Bitmap Index Scan", "Parent Relationship": "Outer", "Index Name": "company_type_pkey", "Startup Cost": 0.0, "Total Cost": 0.26, "Plan Rows": 1, "Plan Width": 0, "Index Cond": "(id = mc.company_type_id)"}]}]}]}, "Unique SQL Id": 2933943827, "Planner Runtime": 14}, "explain_analyze_plan": {"Plan": {"Node Type": "Aggregate", "Strategy": "Plain", "Startup Cost": 38349.31, "Total Cost": 38349.32, "Plan Rows": 1, "Plan Width": 97, "Actual Startup Time": 987.486, "Actual Total Time": 987.487, "Actual Rows": 1, "Actual Loops": 1, "Plans": [{"Node Type": "Nested Loop", "Parent Relationship": "Outer", "Join Type": "Inner", "Startup Cost": 8.82, "Total Cost": 38349.3, "Plan Rows": 2, "Plan Width": 33, "Actual Startup Time": 54.088, "Actual Total Time": 987.376, "Actual Rows": 18, "Actual Loops": 1, "Inner Unique": true, "Plans": [{"Node Type": "Nested Loop", "Parent Relationship": "Outer", "Join Type": "Inner", "Startup Cost": 8.56, "Total Cost": 38340.74, "Plan Rows": 2, "Plan Width": 37, "Actual Startup Time": 11.242, "Actual Total Time": 986.879, "Actual Rows": 104, "Actual Loops": 1, "Inner Unique": true, "Plans": [{"Node Type": "Nested Loop", "Parent Relationship": "Outer", "Join Type": "Inner", "Startup Cost": 8.29, "Total Cost": 38327.85, "Plan Rows": 3, "Plan Width": 28, "Actual Startup Time": 1.033, "Actual Total Time": 984.414, "Actual Rows": 265, "Actual Loops": 1, "Inner Unique": true, "Plans": [{"Node Type": "Hash Join", "Parent Relationship": "Outer", "Join Type": "Inner", "Startup Cost": 5.99, "Total Cost": 38289.92, "Plan Rows": 6, "Plan Width": 16, "Actual Startup Time": 1.014, "Actual Total Time": 981.451, "Actual Rows": 275, "Actual Loops": 1, "Inner Unique": true, "Hash Cond": "(ci.role_id = rt.id)", "Plans": [{"Node Type": "Nested Loop", "Parent Relationship": "Outer", "Join Type": "Inner", "Startup Cost": 4.83, "Total Cost": 38288.52, "Plan Rows": 68, "Plan Width": 20, "Actual Startup Time": 0.924, "Actual Total Time": 980.828, "Actual Rows": 377, "Actual Loops": 1, "Inner Unique": false, "Plans": [{"Node Type": "Nested Loop", "Parent Relationship": "Outer", "Join Type": "Inner", "Startup Cost": 4.32, "Total Cost": 20813.55, "Plan Rows": 3779, "Plan Width": 8, "Actual Startup Time": 0.071, "Actual Total Time": 114.169, "Actual Rows": 8790, "Actual Loops": 1, "Inner Unique": false, "Plans": [{"Node Type": "Seq Scan", "Parent Relationship": "Outer", "Relation Name": "company_name", "Alias": "cn", "Startup Cost": 0.0, "Total Cost": 5903.45, "Plan Rows": 251, "Plan Width": 4, "Actual Startup Time": 0.035, "Actual Total Time": 83.307, "Actual Rows": 1361, "Actual Loops": 1, "Filter": "((country_code)::text = '[ru]'::text)", "Rows Removed by Filter": 233635}, {"Node Type": "Bitmap Heap Scan", "Parent Relationship": "Inner", "Relation Name": "movie_companies", "Alias": "mc", "Startup Cost": 4.32, "Total Cost": 59.25, "Plan Rows": 15, "Plan Width": 12, "Actual Startup Time": 13.806, "Actual Total Time": 26.105, "Actual Rows": 8790, "Actual Loops": 1361, "Recheck Cond": "(company_id = cn.id)", "Rows Removed by Index Recheck": 0, "Exact Heap Blocks": 7155, "Lossy Heap Blocks": 7155, "Plans": [{"Node Type": "Bitmap Index Scan", "Parent Relationship": "Outer", "Index Name": "company_id_movie_companies", "Startup Cost": 0.0, "Total Cost": 4.31, "Plan Rows": 15, "Plan Width": 0, "Actual Startup Time": 8.655, "Actual Total Time": 8.655, "Actual Rows": 8790, "Actual Loops": 1361, "Index Cond": "(company_id = cn.id)"}]}]}, {"Node Type": "Bitmap Heap Scan", "Parent Relationship": "Inner", "Relation Name": "cast_info", "Alias": "ci", "Startup Cost": 0.51, "Total Cost": 4.61, "Plan Rows": 1, "Plan Width": 12, "Actual Startup Time": 807.78, "Actual Total Time": 850.67, "Actual Rows": 377, "Actual Loops": 8790, "Recheck Cond": "(movie_id = mc.movie_id)", "Rows Removed by Index Recheck": 0, "Filter": "(((note)::text ~~ '%(voice)%'::text) AND ((note)::text ~~ '%(uncredited)%'::text))", "Rows Removed by Filter": 408168, "Exact Heap Blocks": 397651, "Lossy Heap Blocks": 397651, "Plans": [{"Node Type": "Bitmap Index Scan", "Parent Relationship": "Outer", "Index Name": "movie_id_cast_info", "Startup Cost": 0.0, "Total Cost": 0.51, "Plan Rows": 6, "Plan Width": 0, "Actual Startup Time": 118.383, "Actual Total Time": 118.383, "Actual Rows": 408545, "Actual Loops": 8790, "Index Cond": "(movie_id = mc.movie_id)"}]}]}, {"Node Type": "Hash", "Parent Relationship": "Inner", "Startup Cost": 1.15, "Total Cost": 1.15, "Plan Rows": 1, "Plan Width": 4, "Actual Startup Time": 0.044, "Actual Total Time": 0.044, "Actual Rows": 1, "Actual Loops": 1, "Hash Buckets": 32768, "Hash Batches": 1, "Original Hash Batches": 1, "Peak Memory Usage": 1, "Plans": [{"Node Type": "Seq Scan", "Parent Relationship": "Outer", "Relation Name": "role_type", "Alias": "rt", "Startup Cost": 0.0, "Total Cost": 1.15, "Plan Rows": 1, "Plan Width": 4, "Actual Startup Time": 0.024, "Actual Total Time": 0.028, "Actual Rows": 1, "Actual Loops": 1, "Filter": "((role)::text = 'actor'::text)", "Rows Removed by Filter": 11}]}]}, {"Node Type": "Bitmap Heap Scan", "Parent Relationship": "Inner", "Relation Name": "char_name", "Alias": "chn", "Startup Cost": 2.3, "Total Cost": 6.31, "Plan Rows": 1, "Plan Width": 20, "Actual Startup Time": 2.191, "Actual Total Time": 2.191, "Actual Rows": 265, "Actual Loops": 275, "Recheck Cond": "(id = ci.person_role_id)", "Rows Removed by Index Recheck": 0, "Exact Heap Blocks": 265, "Lossy Heap Blocks": 265, "Plans": [{"Node Type": "Bitmap Index Scan", "Parent Relationship": "Outer", "Index Name": "char_name_pkey", "Startup Cost": 0.0, "Total Cost": 2.3, "Plan Rows": 1, "Plan Width": 0, "Actual Startup Time": 1.447, "Actual Total Time": 1.447, "Actual Rows": 265, "Actual Loops": 275, "Index Cond": "(id = ci.person_role_id)"}]}]}, {"Node Type": "Bitmap Heap Scan", "Parent Relationship": "Inner", "Relation Name": "title", "Alias": "t", "Startup Cost": 0.27, "Total Cost": 4.29, "Plan Rows": 1, "Plan Width": 21, "Actual Startup Time": 1.884, "Actual Total Time": 1.884, "Actual Rows": 104, "Actual Loops": 265, "Recheck Cond": "(id = mc.movie_id)", "Rows Removed by Index Recheck": 0, "Filter": "(production_year > 2005)", "Rows Removed by Filter": 161, "Exact Heap Blocks": 265, "Lossy Heap Blocks": 265, "Plans": [{"Node Type": "Bitmap Index Scan", "Parent Relationship": "Outer", "Index Name": "title_pkey", "Startup Cost": 0.0, "Total Cost": 0.27, "Plan Rows": 1, "Plan Width": 0, "Actual Startup Time": 1.144, "Actual Total Time": 1.144, "Actual Rows": 265, "Actual Loops": 265, "Index Cond": "(id = mc.movie_id)"}]}]}, {"Node Type": "Bitmap Heap Scan", "Parent Relationship": "Inner", "Relation Name": "company_type", "Alias": "ct", "Startup Cost": 0.26, "Total Cost": 4.27, "Plan Rows": 1, "Plan Width": 4, "Actual Startup Time": 0.253, "Actual Total Time": 0.253, "Actual Rows": 18, "Actual Loops": 104, "Recheck Cond": "(id = mc.company_type_id)", "Rows Removed by Index Recheck": 0, "Exact Heap Blocks": 18, "Lossy Heap Blocks": 18, "Plans": [{"Node Type": "Bitmap Index Scan", "Parent Relationship": "Outer", "Index Name": "company_type_pkey", "Startup Cost": 0.0, "Total Cost": 0.26, "Plan Rows": 1, "Plan Width": 0, "Actual Startup Time": 0.138, "Actual Total Time": 0.138, "Actual Rows": 18, "Actual Loops": 104, "Index Cond": "(id = mc.company_type_id)"}]}]}]}, "Triggers": [], "Planner Runtime": 6, "Total Runtime": 987.854, "Unique SQL Id": 2933943827}}, "(1, 67)": {"explain_plan": {"Plan": {"Node Type": "Aggregate", "Strategy": "Plain", "Startup Cost": 1000020511889.56, "Total Cost": 1000020511889.57, "Plan Rows": 1, "Plan Width": 97, "Plans": [{"Node Type": "Nested Loop", "Parent Relationship": "Outer", "Join Type": "Inner", "Startup Cost": 10000000003.85, "Total Cost": 1000020511889.55, "Plan Rows": 2, "Plan Width": 33, "Inner Unique": true, "Plans": [{"Node Type": "Nested Loop", "Parent Relationship": "Outer", "Join Type": "Inner", "Startup Cost": 10000000003.6, "Total Cost": 1000020511880.99, "Plan Rows": 2, "Plan Width": 37, "Inner Unique": true, "Plans": [{"Node Type": "Nested Loop", "Parent Relationship": "Outer", "Join Type": "Inner", "Startup Cost": 10000000003.32, "Total Cost": 1000020511868.1, "Plan Rows": 3, "Plan Width": 28, "Inner Unique": true, "Plans": [{"Node Type": "Nested Loop", "Parent Relationship": "Outer", "Join Type": "Inner", "Startup Cost": 10000000001.03, "Total Cost": 1000020511830.17, "Plan Rows": 6, "Plan Width": 16, "Inner Unique": true, "Plans": [{"Node Type": "Nested Loop", "Parent Relationship": "Outer", "Join Type": "Inner", "Startup Cost": 10000000000.77, "Total Cost": 1000020511538.92, "Plan Rows": 68, "Plan Width": 20, "Inner Unique": false, "Plans": [{"Node Type": "Nested Loop", "Parent Relationship": "Outer", "Join Type": "Inner", "Startup Cost": 10000000000.26, "Total Cost": 1000020494063.94, "Plan Rows": 3779, "Plan Width": 8, "Inner Unique": true, "Plans": [{"Node Type": "Index Scan", "Parent Relationship": "Outer", "Scan Direction": "Forward", "Index Name": "company_type_id_movie_companies", "Relation Name": "movie_companies", "Alias": "mc", "Startup Cost": 10000000000.0, "Total Cost": 1000009318217.0, "Plan Rows": 2609128, "Plan Width": 12}, {"Node Type": "Bitmap Heap Scan", "Parent Relationship": "Inner", "Relation Name": "company_name", "Alias": "cn", "Startup Cost": 0.26, "Total Cost": 4.27, "Plan Rows": 1, "Plan Width": 4, "Recheck Cond": "(id = mc.company_id)", "Filter": "((country_code)::text = '[ru]'::text)", "Plans": [{"Node Type": "Bitmap Index Scan", "Parent Relationship": "Outer", "Index Name": "company_name_pkey", "Startup Cost": 0.0, "Total Cost": 0.26, "Plan Rows": 1, "Plan Width": 0, "Index Cond": "(id = mc.company_id)"}]}]}, {"Node Type": "Bitmap Heap Scan", "Parent Relationship": "Inner", "Relation Name": "cast_info", "Alias": "ci", "Startup Cost": 0.51, "Total Cost": 4.61, "Plan Rows": 1, "Plan Width": 12, "Recheck Cond": "(movie_id = mc.movie_id)", "Filter": "(((note)::text ~~ '%(voice)%'::text) AND ((note)::text ~~ '%(uncredited)%'::text))", "Plans": [{"Node Type": "Bitmap Index Scan", "Parent Relationship": "Outer", "Index Name": "movie_id_cast_info", "Startup Cost": 0.0, "Total Cost": 0.51, "Plan Rows": 6, "Plan Width": 0, "Index Cond": "(movie_id = mc.movie_id)"}]}]}, {"Node Type": "Bitmap Heap Scan", "Parent Relationship": "Inner", "Relation Name": "role_type", "Alias": "rt", "Startup Cost": 0.26, "Total Cost": 4.27, "Plan Rows": 1, "Plan Width": 4, "Recheck Cond": "(id = ci.role_id)", "Filter": "((role)::text = 'actor'::text)", "Plans": [{"Node Type": "Bitmap Index Scan", "Parent Relationship": "Outer", "Index Name": "role_type_pkey", "Startup Cost": 0.0, "Total Cost": 0.26, "Plan Rows": 1, "Plan Width": 0, "Index Cond": "(id = ci.role_id)"}]}]}, {"Node Type": "Bitmap Heap Scan", "Parent Relationship": "Inner", "Relation Name": "char_name", "Alias": "chn", "Startup Cost": 2.3, "Total Cost": 6.31, "Plan Rows": 1, "Plan Width": 20, "Recheck Cond": "(id = ci.person_role_id)", "Plans": [{"Node Type": "Bitmap Index Scan", "Parent Relationship": "Outer", "Index Name": "char_name_pkey", "Startup Cost": 0.0, "Total Cost": 2.3, "Plan Rows": 1, "Plan Width": 0, "Index Cond": "(id = ci.person_role_id)"}]}]}, {"Node Type": "Bitmap Heap Scan", "Parent Relationship": "Inner", "Relation Name": "title", "Alias": "t", "Startup Cost": 0.27, "Total Cost": 4.29, "Plan Rows": 1, "Plan Width": 21, "Recheck Cond": "(id = mc.movie_id)", "Filter": "(production_year > 2005)", "Plans": [{"Node Type": "Bitmap Index Scan", "Parent Relationship": "Outer", "Index Name": "title_pkey", "Startup Cost": 0.0, "Total Cost": 0.27, "Plan Rows": 1, "Plan Width": 0, "Index Cond": "(id = mc.movie_id)"}]}]}, {"Node Type": "Bitmap Heap Scan", "Parent Relationship": "Inner", "Relation Name": "company_type", "Alias": "ct", "Startup Cost": 0.26, "Total Cost": 4.27, "Plan Rows": 1, "Plan Width": 4, "Recheck Cond": "(id = mc.company_type_id)", "Plans": [{"Node Type": "Bitmap Index Scan", "Parent Relationship": "Outer", "Index Name": "company_type_pkey", "Startup Cost": 0.0, "Total Cost": 0.26, "Plan Rows": 1, "Plan Width": 0, "Index Cond": "(id = mc.company_type_id)"}]}]}]}, "Unique SQL Id": 2933943827, "Planner Runtime": 6}, "explain_analyze_plan": null}, "(1, 68)": {"explain_plan": {"Plan": {"Node Type": "Aggregate", "Strategy": "Plain", "Startup Cost": 19914.67, "Total Cost": 19914.68, "Plan Rows": 1, "Plan Width": 97, "Plans": [{"Node Type": "Nested Loop", "Parent Relationship": "Outer", "Join Type": "Inner", "Startup Cost": 0.0, "Total Cost": 19914.66, "Plan Rows": 2, "Plan Width": 33, "Inner Unique": true, "Plans": [{"Node Type": "Nested Loop", "Parent Relationship": "Outer", "Join Type": "Inner", "Startup Cost": 0.0, "Total Cost": 19914.1, "Plan Rows": 2, "Plan Width": 37, "Inner Unique": true, "Plans": [{"Node Type": "Nested Loop", "Parent Relationship": "Outer", "Join Type": "Inner", "Startup Cost": 0.0, "Total Cost": 19887.22, "Plan Rows": 5, "Plan Width": 25, "Inner Unique": true, "Plans": [{"Node Type": "Nested Loop", "Parent Relationship": "Outer", "Join Type": "Inner", "Startup Cost": 0.0, "Total Cost": 19885.12, "Plan Rows": 6, "Plan Width": 16, "Inner Unique": true, "Plans": [{"Node Type": "Nested Loop", "Parent Relationship": "Outer", "Join Type": "Inner", "Startup Cost": 0.0, "Total Cost": 19865.87, "Plan Rows": 68, "Plan Width": 20, "Inner Unique": false, "Plans": [{"Node Type": "Nested Loop", "Parent Relationship": "Outer", "Join Type": "Inner", "Startup Cost": 0.0, "Total Cost": 16121.55, "Plan Rows": 3779, "Plan Width": 8, "Inner Unique": false, "Plans": [{"Node Type": "Seq Scan", "Parent Relationship": "Outer", "Relation Name": "company_name", "Alias": "cn", "Startup Cost": 0.0, "Total Cost": 5903.45, "Plan Rows": 251, "Plan Width": 4, "Filter": "((country_code)::text = '[ru]'::text)"}, {"Node Type": "Index Scan", "Parent Relationship": "Inner", "Scan Direction": "Forward", "Index Name": "company_id_movie_companies", "Relation Name": "movie_companies", "Alias": "mc", "Startup Cost": 0.0, "Total Cost": 40.56, "Plan Rows": 15, "Plan Width": 12, "Index Cond": "(company_id = cn.id)"}]}, {"Node Type": "Index Scan", "Parent Relationship": "Inner", "Scan Direction": "Forward", "Index Name": "movie_id_cast_info", "Relation Name": "cast_info", "Alias": "ci", "Startup Cost": 0.0, "Total Cost": 0.98, "Plan Rows": 1, "Plan Width": 12, "Index Cond": "(movie_id = mc.movie_id)", "Filter": "(((note)::text ~~ '%(voice)%'::text) AND ((note)::text ~~ '%(uncredited)%'::text))"}]}, {"Node Type": "Index Scan", "Parent Relationship": "Inner", "Scan Direction": "Forward", "Index Name": "role_type_pkey", "Relation Name": "role_type", "Alias": "rt", "Startup Cost": 0.0, "Total Cost": 0.27, "Plan Rows": 1, "Plan Width": 4, "Index Cond": "(id = ci.role_id)", "Filter": "((role)::text = 'actor'::text)"}]}, {"Node Type": "Index Scan", "Parent Relationship": "Inner", "Scan Direction": "Forward", "Index Name": "title_pkey", "Relation Name": "title", "Alias": "t", "Startup Cost": 0.0, "Total Cost": 0.34, "Plan Rows": 1, "Plan Width": 21, "Index Cond": "(id = mc.movie_id)", "Filter": "(production_year > 2005)"}]}, {"Node Type": "Index Scan", "Parent Relationship": "Inner", "Scan Direction": "Forward", "Index Name": "char_name_pkey", "Relation Name": "char_name", "Alias": "chn", "Startup Cost": 0.0, "Total Cost": 5.37, "Plan Rows": 1, "Plan Width": 20, "Index Cond": "(id = ci.person_role_id)"}]}, {"Node Type": "Index Scan", "Parent Relationship": "Inner", "Scan Direction": "Forward", "Index Name": "company_type_pkey", "Relation Name": "company_type", "Alias": "ct", "Startup Cost": 0.0, "Total Cost": 0.27, "Plan Rows": 1, "Plan Width": 4, "Index Cond": "(id = mc.company_type_id)"}]}]}, "Unique SQL Id": 2933943827, "Planner Runtime": 13}, "explain_analyze_plan": {"Plan": {"Node Type": "Aggregate", "Strategy": "Plain", "Startup Cost": 19914.67, "Total Cost": 19914.68, "Plan Rows": 1, "Plan Width": 97, "Actual Startup Time": 757.672, "Actual Total Time": 757.672, "Actual Rows": 1, "Actual Loops": 1, "Plans": [{"Node Type": "Nested Loop", "Parent Relationship": "Outer", "Join Type": "Inner", "Startup Cost": 0.0, "Total Cost": 19914.66, "Plan Rows": 2, "Plan Width": 33, "Actual Startup Time": 42.937, "Actual Total Time": 757.571, "Actual Rows": 18, "Actual Loops": 1, "Inner Unique": true, "Plans": [{"Node Type": "Nested Loop", "Parent Relationship": "Outer", "Join Type": "Inner", "Startup Cost": 0.0, "Total Cost": 19914.1, "Plan Rows": 2, "Plan Width": 37, "Actual Startup Time": 9.161, "Actual Total Time": 757.312, "Actual Rows": 104, "Actual Loops": 1, "Inner Unique": true, "Plans": [{"Node Type": "Nested Loop", "Parent Relationship": "Outer", "Join Type": "Inner", "Startup Cost": 0.0, "Total Cost": 19887.22, "Plan Rows": 5, "Plan Width": 25, "Actual Startup Time": 9.148, "Actual Total Time": 756.435, "Actual Rows": 112, "Actual Loops": 1, "Inner Unique": true, "Plans": [{"Node Type": "Nested Loop", "Parent Relationship": "Outer", "Join Type": "Inner", "Startup Cost": 0.0, "Total Cost": 19885.12, "Plan Rows": 6, "Plan Width": 16, "Actual Startup Time": 0.826, "Actual Total Time": 754.469, "Actual Rows": 275, "Actual Loops": 1, "Inner Unique": true, "Plans": [{"Node Type": "Nested Loop", "Parent Relationship": "Outer", "Join Type": "Inner", "Startup Cost": 0.0, "Total Cost": 19865.87, "Plan Rows": 68, "Plan Width": 20, "Actual Startup Time": 0.82, "Actual Total Time": 752.836, "Actual Rows": 377, "Actual Loops": 1, "Inner Unique": false, "Plans": [{"Node Type": "Nested Loop", "Parent Relationship": "Outer", "Join Type": "Inner", "Startup Cost": 0.0, "Total Cost": 16121.55, "Plan Rows": 3779, "Plan Width": 8, "Actual Startup Time": 0.073, "Actual Total Time": 101.541, "Actual Rows": 8790, "Actual Loops": 1, "Inner Unique": false, "Plans": [{"Node Type": "Seq Scan", "Parent Relationship": "Outer", "Relation Name": "company_name", "Alias": "cn", "Startup Cost": 0.0, "Total Cost": 5903.45, "Plan Rows": 251, "Plan Width": 4, "Actual Startup Time": 0.052, "Actual Total Time": 80.138, "Actual Rows": 1361, "Actual Loops": 1, "Filter": "((country_code)::text = '[ru]'::text)", "Rows Removed by Filter": 233635}, {"Node Type": "Index Scan", "Parent Relationship": "Inner", "Scan Direction": "Forward", "Index Name": "company_id_movie_companies", "Relation Name": "movie_companies", "Alias": "mc", "Startup Cost": 0.0, "Total Cost": 40.56, "Plan Rows": 15, "Plan Width": 12, "Actual Startup Time": 8.029, "Actual Total Time": 18.171, "Actual Rows": 8790, "Actual Loops": 1361, "Index Cond": "(company_id = cn.id)", "Rows Removed by Index Recheck": 0}]}, {"Node Type": "Index Scan", "Parent Relationship": "Inner", "Scan Direction": "Forward", "Index Name": "movie_id_cast_info", "Relation Name": "cast_info", "Alias": "ci", "Startup Cost": 0.0, "Total Cost": 0.98, "Plan Rows": 1, "Plan Width": 12, "Actual Startup Time": 608.51, "Actual Total Time": 646.047, "Actual Rows": 377, "Actual Loops": 8790, "Index Cond": "(movie_id = mc.movie_id)", "Rows Removed by Index Recheck": 0, "Filter": "(((note)::text ~~ '%(voice)%'::text) AND ((note)::text ~~ '%(uncredited)%'::text))", "Rows Removed by Filter": 408168}]}, {"Node Type": "Index Scan", "Parent Relationship": "Inner", "Scan Direction": "Forward", "Index Name": "role_type_pkey", "Relation Name": "role_type", "Alias": "rt", "Startup Cost": 0.0, "Total Cost": 0.27, "Plan Rows": 1, "Plan Width": 4, "Actual Startup Time": 1.123, "Actual Total Time": 1.123, "Actual Rows": 275, "Actual Loops": 377, "Index Cond": "(id = ci.role_id)", "Rows Removed by Index Recheck": 0, "Filter": "((role)::text = 'actor'::text)", "Rows Removed by Filter": 102}]}, {"Node Type": "Index Scan", "Parent Relationship": "Inner", "Scan Direction": "Forward", "Index Name": "title_pkey", "Relation Name": "title", "Alias": "t", "Startup Cost": 0.0, "Total Cost": 0.34, "Plan Rows": 1, "Plan Width": 21, "Actual Startup Time": 1.592, "Actual Total Time": 1.592, "Actual Rows": 112, "Actual Loops": 275, "Index Cond": "(id = mc.movie_id)", "Rows Removed by Index Recheck": 0, "Filter": "(production_year > 2005)", "Rows Removed by Filter": 163}]}, {"Node Type": "Index Scan", "Parent Relationship": "Inner", "Scan Direction": "Forward", "Index Name": "char_name_pkey", "Relation Name": "char_name", "Alias": "chn", "Startup Cost": 0.0, "Total Cost": 5.37, "Plan Rows": 1, "Plan Width": 20, "Actual Startup Time": 0.647, "Actual Total Time": 0.647, "Actual Rows": 104, "Actual Loops": 112, "Index Cond": "(id = ci.person_role_id)", "Rows Removed by Index Recheck": 0}]}, {"Node Type": "Index Scan", "Parent Relationship": "Inner", "Scan Direction": "Forward", "Index Name": "company_type_pkey", "Relation Name": "company_type", "Alias": "ct", "Startup Cost": 0.0, "Total Cost": 0.27, "Plan Rows": 1, "Plan Width": 4, "Actual Startup Time": 0.137, "Actual Total Time": 0.137, "Actual Rows": 18, "Actual Loops": 104, "Index Cond": "(id = mc.company_type_id)", "Rows Removed by Index Recheck": 0}]}]}, "Triggers": [], "Planner Runtime": 6, "Total Runtime": 758.022, "Unique SQL Id": 2933943827}}, "(1, 69)": {"explain_plan": {"Plan": {"Node Type": "Aggregate", "Strategy": "Plain", "Startup Cost": 24512.61, "Total Cost": 24512.62, "Plan Rows": 1, "Plan Width": 97, "Plans": [{"Node Type": "Nested Loop", "Parent Relationship": "Outer", "Join Type": "Inner", "Startup Cost": 0.0, "Total Cost": 24512.6, "Plan Rows": 2, "Plan Width": 33, "Inner Unique": true, "Plans": [{"Node Type": "Nested Loop", "Parent Relationship": "Outer", "Join Type": "Inner", "Startup Cost": 0.0, "Total Cost": 24512.04, "Plan Rows": 2, "Plan Width": 37, "Inner Unique": true, "Plans": [{"Node Type": "Nested Loop", "Parent Relationship": "Outer", "Join Type": "Inner", "Startup Cost": 0.0, "Total Cost": 24485.16, "Plan Rows": 5, "Plan Width": 25, "Inner Unique": true, "Plans": [{"Node Type": "Nested Loop", "Parent Relationship": "Outer", "Join Type": "Inner", "Startup Cost": 0.0, "Total Cost": 24483.05, "Plan Rows": 6, "Plan Width": 16, "Inner Unique": true, "Plans": [{"Node Type": "Nested Loop", "Parent Relationship": "Outer", "Join Type": "Inner", "Startup Cost": 0.0, "Total Cost": 24463.81, "Plan Rows": 68, "Plan Width": 20, "Inner Unique": false, "Plans": [{"Node Type": "Nested Loop", "Parent Relationship": "Outer", "Join Type": "Inner", "Startup Cost": 0.0, "Total Cost": 20719.49, "Plan Rows": 3779, "Plan Width": 8, "Inner Unique": false, "Plans": [{"Node Type": "Index Scan", "Parent Relationship": "Outer", "Scan Direction": "Forward", "Index Name": "company_name_pkey", "Relation Name": "company_name", "Alias": "cn", "Startup Cost": 0.0, "Total Cost": 10501.39, "Plan Rows": 251, "Plan Width": 4, "Filter": "((country_code)::text = '[ru]'::text)"}, {"Node Type": "Index Scan", "Parent Relationship": "Inner", "Scan Direction": "Forward", "Index Name": "company_id_movie_companies", "Relation Name": "movie_companies", "Alias": "mc", "Startup Cost": 0.0, "Total Cost": 40.56, "Plan Rows": 15, "Plan Width": 12, "Index Cond": "(company_id = cn.id)"}]}, {"Node Type": "Index Scan", "Parent Relationship": "Inner", "Scan Direction": "Forward", "Index Name": "movie_id_cast_info", "Relation Name": "cast_info", "Alias": "ci", "Startup Cost": 0.0, "Total Cost": 0.98, "Plan Rows": 1, "Plan Width": 12, "Index Cond": "(movie_id = mc.movie_id)", "Filter": "(((note)::text ~~ '%(voice)%'::text) AND ((note)::text ~~ '%(uncredited)%'::text))"}]}, {"Node Type": "Index Scan", "Parent Relationship": "Inner", "Scan Direction": "Forward", "Index Name": "role_type_pkey", "Relation Name": "role_type", "Alias": "rt", "Startup Cost": 0.0, "Total Cost": 0.27, "Plan Rows": 1, "Plan Width": 4, "Index Cond": "(id = ci.role_id)", "Filter": "((role)::text = 'actor'::text)"}]}, {"Node Type": "Index Scan", "Parent Relationship": "Inner", "Scan Direction": "Forward", "Index Name": "title_pkey", "Relation Name": "title", "Alias": "t", "Startup Cost": 0.0, "Total Cost": 0.34, "Plan Rows": 1, "Plan Width": 21, "Index Cond": "(id = mc.movie_id)", "Filter": "(production_year > 2005)"}]}, {"Node Type": "Index Scan", "Parent Relationship": "Inner", "Scan Direction": "Forward", "Index Name": "char_name_pkey", "Relation Name": "char_name", "Alias": "chn", "Startup Cost": 0.0, "Total Cost": 5.37, "Plan Rows": 1, "Plan Width": 20, "Index Cond": "(id = ci.person_role_id)"}]}, {"Node Type": "Index Scan", "Parent Relationship": "Inner", "Scan Direction": "Forward", "Index Name": "company_type_pkey", "Relation Name": "company_type", "Alias": "ct", "Startup Cost": 0.0, "Total Cost": 0.27, "Plan Rows": 1, "Plan Width": 4, "Index Cond": "(id = mc.company_type_id)"}]}]}, "Unique SQL Id": 2933943827, "Planner Runtime": 12}, "explain_analyze_plan": {"Plan": {"Node Type": "Aggregate", "Strategy": "Plain", "Startup Cost": 24512.61, "Total Cost": 24512.62, "Plan Rows": 1, "Plan Width": 97, "Actual Startup Time": 1004.411, "Actual Total Time": 1004.411, "Actual Rows": 1, "Actual Loops": 1, "Plans": [{"Node Type": "Nested Loop", "Parent Relationship": "Outer", "Join Type": "Inner", "Startup Cost": 0.0, "Total Cost": 24512.6, "Plan Rows": 2, "Plan Width": 33, "Actual Startup Time": 25.279, "Actual Total Time": 1004.303, "Actual Rows": 18, "Actual Loops": 1, "Inner Unique": true, "Plans": [{"Node Type": "Nested Loop", "Parent Relationship": "Outer", "Join Type": "Inner", "Startup Cost": 0.0, "Total Cost": 24512.04, "Plan Rows": 2, "Plan Width": 37, "Actual Startup Time": 19.269, "Actual Total Time": 1004.035, "Actual Rows": 104, "Actual Loops": 1, "Inner Unique": true, "Plans": [{"Node Type": "Nested Loop", "Parent Relationship": "Outer", "Join Type": "Inner", "Startup Cost": 0.0, "Total Cost": 24485.16, "Plan Rows": 5, "Plan Width": 25, "Actual Startup Time": 19.259, "Actual Total Time": 1003.163, "Actual Rows": 112, "Actual Loops": 1, "Inner Unique": true, "Plans": [{"Node Type": "Nested Loop", "Parent Relationship": "Outer", "Join Type": "Inner", "Startup Cost": 0.0, "Total Cost": 24483.05, "Plan Rows": 6, "Plan Width": 16, "Actual Startup Time": 5.142, "Actual Total Time": 1001.081, "Actual Rows": 275, "Actual Loops": 1, "Inner Unique": true, "Plans": [{"Node Type": "Nested Loop", "Parent Relationship": "Outer", "Join Type": "Inner", "Startup Cost": 0.0, "Total Cost": 24463.81, "Plan Rows": 68, "Plan Width": 20, "Actual Startup Time": 5.13, "Actual Total Time": 999.331, "Actual Rows": 377, "Actual Loops": 1, "Inner Unique": false, "Plans": [{"Node Type": "Nested Loop", "Parent Relationship": "Outer", "Join Type": "Inner", "Startup Cost": 0.0, "Total Cost": 20719.49, "Plan Rows": 3779, "Plan Width": 8, "Actual Startup Time": 0.394, "Actual Total Time": 325.444, "Actual Rows": 8790, "Actual Loops": 1, "Inner Unique": false, "Plans": [{"Node Type": "Index Scan", "Parent Relationship": "Outer", "Scan Direction": "Forward", "Index Name": "company_name_pkey", "Relation Name": "company_name", "Alias": "cn", "Startup Cost": 0.0, "Total Cost": 10501.39, "Plan Rows": 251, "Plan Width": 4, "Actual Startup Time": 0.378, "Actual Total Time": 303.349, "Actual Rows": 1361, "Actual Loops": 1, "Filter": "((country_code)::text = '[ru]'::text)", "Rows Removed by Filter": 233635}, {"Node Type": "Index Scan", "Parent Relationship": "Inner", "Scan Direction": "Forward", "Index Name": "company_id_movie_companies", "Relation Name": "movie_companies", "Alias": "mc", "Startup Cost": 0.0, "Total Cost": 40.56, "Plan Rows": 15, "Plan Width": 12, "Actual Startup Time": 7.85, "Actual Total Time": 18.573, "Actual Rows": 8790, "Actual Loops": 1361, "Index Cond": "(company_id = cn.id)", "Rows Removed by Index Recheck": 0}]}, {"Node Type": "Index Scan", "Parent Relationship": "Inner", "Scan Direction": "Forward", "Index Name": "movie_id_cast_info", "Relation Name": "cast_info", "Alias": "ci", "Startup Cost": 0.0, "Total Cost": 0.98, "Plan Rows": 1, "Plan Width": 12, "Actual Startup Time": 630.04, "Actual Total Time": 668.227, "Actual Rows": 377, "Actual Loops": 8790, "Index Cond": "(movie_id = mc.movie_id)", "Rows Removed by Index Recheck": 0, "Filter": "(((note)::text ~~ '%(voice)%'::text) AND ((note)::text ~~ '%(uncredited)%'::text))", "Rows Removed by Filter": 408168}]}, {"Node Type": "Index Scan", "Parent Relationship": "Inner", "Scan Direction": "Forward", "Index Name": "role_type_pkey", "Relation Name": "role_type", "Alias": "rt", "Startup Cost": 0.0, "Total Cost": 0.27, "Plan Rows": 1, "Plan Width": 4, "Actual Startup Time": 1.198, "Actual Total Time": 1.198, "Actual Rows": 275, "Actual Loops": 377, "Index Cond": "(id = ci.role_id)", "Rows Removed by Index Recheck": 0, "Filter": "((role)::text = 'actor'::text)", "Rows Removed by Filter": 102}]}, {"Node Type": "Index Scan", "Parent Relationship": "Inner", "Scan Direction": "Forward", "Index Name": "title_pkey", "Relation Name": "title", "Alias": "t", "Startup Cost": 0.0, "Total Cost": 0.34, "Plan Rows": 1, "Plan Width": 21, "Actual Startup Time": 1.703, "Actual Total Time": 1.703, "Actual Rows": 112, "Actual Loops": 275, "Index Cond": "(id = mc.movie_id)", "Rows Removed by Index Recheck": 0, "Filter": "(production_year > 2005)", "Rows Removed by Filter": 163}]}, {"Node Type": "Index Scan", "Parent Relationship": "Inner", "Scan Direction": "Forward", "Index Name": "char_name_pkey", "Relation Name": "char_name", "Alias": "chn", "Startup Cost": 0.0, "Total Cost": 5.37, "Plan Rows": 1, "Plan Width": 20, "Actual Startup Time": 0.641, "Actual Total Time": 0.641, "Actual Rows": 104, "Actual Loops": 112, "Index Cond": "(id = ci.person_role_id)", "Rows Removed by Index Recheck": 0}]}, {"Node Type": "Index Scan", "Parent Relationship": "Inner", "Scan Direction": "Forward", "Index Name": "company_type_pkey", "Relation Name": "company_type", "Alias": "ct", "Startup Cost": 0.0, "Total Cost": 0.27, "Plan Rows": 1, "Plan Width": 4, "Actual Startup Time": 0.131, "Actual Total Time": 0.131, "Actual Rows": 18, "Actual Loops": 104, "Index Cond": "(id = mc.company_type_id)", "Rows Removed by Index Recheck": 0}]}]}, "Triggers": [], "Planner Runtime": 4, "Total Runtime": 1004.765, "Unique SQL Id": 2933943827}}, "(1, 70)": {"explain_plan": {"Plan": {"Node Type": "Aggregate", "Strategy": "Plain", "Startup Cost": 38349.31, "Total Cost": 38349.32, "Plan Rows": 1, "Plan Width": 97, "Plans": [{"Node Type": "Nested Loop", "Parent Relationship": "Outer", "Join Type": "Inner", "Startup Cost": 8.82, "Total Cost": 38349.3, "Plan Rows": 2, "Plan Width": 33, "Inner Unique": true, "Plans": [{"Node Type": "Nested Loop", "Parent Relationship": "Outer", "Join Type": "Inner", "Startup Cost": 8.56, "Total Cost": 38340.74, "Plan Rows": 2, "Plan Width": 37, "Inner Unique": true, "Plans": [{"Node Type": "Nested Loop", "Parent Relationship": "Outer", "Join Type": "Inner", "Startup Cost": 8.29, "Total Cost": 38327.85, "Plan Rows": 3, "Plan Width": 28, "Inner Unique": true, "Plans": [{"Node Type": "Hash Join", "Parent Relationship": "Outer", "Join Type": "Inner", "Startup Cost": 5.99, "Total Cost": 38289.92, "Plan Rows": 6, "Plan Width": 16, "Inner Unique": true, "Hash Cond": "(ci.role_id = rt.id)", "Plans": [{"Node Type": "Nested Loop", "Parent Relationship": "Outer", "Join Type": "Inner", "Startup Cost": 4.83, "Total Cost": 38288.52, "Plan Rows": 68, "Plan Width": 20, "Inner Unique": false, "Plans": [{"Node Type": "Nested Loop", "Parent Relationship": "Outer", "Join Type": "Inner", "Startup Cost": 4.32, "Total Cost": 20813.55, "Plan Rows": 3779, "Plan Width": 8, "Inner Unique": false, "Plans": [{"Node Type": "Seq Scan", "Parent Relationship": "Outer", "Relation Name": "company_name", "Alias": "cn", "Startup Cost": 0.0, "Total Cost": 5903.45, "Plan Rows": 251, "Plan Width": 4, "Filter": "((country_code)::text = '[ru]'::text)"}, {"Node Type": "Bitmap Heap Scan", "Parent Relationship": "Inner", "Relation Name": "movie_companies", "Alias": "mc", "Startup Cost": 4.32, "Total Cost": 59.25, "Plan Rows": 15, "Plan Width": 12, "Recheck Cond": "(company_id = cn.id)", "Plans": [{"Node Type": "Bitmap Index Scan", "Parent Relationship": "Outer", "Index Name": "company_id_movie_companies", "Startup Cost": 0.0, "Total Cost": 4.31, "Plan Rows": 15, "Plan Width": 0, "Index Cond": "(company_id = cn.id)"}]}]}, {"Node Type": "Bitmap Heap Scan", "Parent Relationship": "Inner", "Relation Name": "cast_info", "Alias": "ci", "Startup Cost": 0.51, "Total Cost": 4.61, "Plan Rows": 1, "Plan Width": 12, "Recheck Cond": "(movie_id = mc.movie_id)", "Filter": "(((note)::text ~~ '%(voice)%'::text) AND ((note)::text ~~ '%(uncredited)%'::text))", "Plans": [{"Node Type": "Bitmap Index Scan", "Parent Relationship": "Outer", "Index Name": "movie_id_cast_info", "Startup Cost": 0.0, "Total Cost": 0.51, "Plan Rows": 6, "Plan Width": 0, "Index Cond": "(movie_id = mc.movie_id)"}]}]}, {"Node Type": "Hash", "Parent Relationship": "Inner", "Startup Cost": 1.15, "Total Cost": 1.15, "Plan Rows": 1, "Plan Width": 4, "Plans": [{"Node Type": "Seq Scan", "Parent Relationship": "Outer", "Relation Name": "role_type", "Alias": "rt", "Startup Cost": 0.0, "Total Cost": 1.15, "Plan Rows": 1, "Plan Width": 4, "Filter": "((role)::text = 'actor'::text)"}]}]}, {"Node Type": "Bitmap Heap Scan", "Parent Relationship": "Inner", "Relation Name": "char_name", "Alias": "chn", "Startup Cost": 2.3, "Total Cost": 6.31, "Plan Rows": 1, "Plan Width": 20, "Recheck Cond": "(id = ci.person_role_id)", "Plans": [{"Node Type": "Bitmap Index Scan", "Parent Relationship": "Outer", "Index Name": "char_name_pkey", "Startup Cost": 0.0, "Total Cost": 2.3, "Plan Rows": 1, "Plan Width": 0, "Index Cond": "(id = ci.person_role_id)"}]}]}, {"Node Type": "Bitmap Heap Scan", "Parent Relationship": "Inner", "Relation Name": "title", "Alias": "t", "Startup Cost": 0.27, "Total Cost": 4.29, "Plan Rows": 1, "Plan Width": 21, "Recheck Cond": "(id = mc.movie_id)", "Filter": "(production_year > 2005)", "Plans": [{"Node Type": "Bitmap Index Scan", "Parent Relationship": "Outer", "Index Name": "title_pkey", "Startup Cost": 0.0, "Total Cost": 0.27, "Plan Rows": 1, "Plan Width": 0, "Index Cond": "(id = mc.movie_id)"}]}]}, {"Node Type": "Bitmap Heap Scan", "Parent Relationship": "Inner", "Relation Name": "company_type", "Alias": "ct", "Startup Cost": 0.26, "Total Cost": 4.27, "Plan Rows": 1, "Plan Width": 4, "Recheck Cond": "(id = mc.company_type_id)", "Plans": [{"Node Type": "Bitmap Index Scan", "Parent Relationship": "Outer", "Index Name": "company_type_pkey", "Startup Cost": 0.0, "Total Cost": 0.26, "Plan Rows": 1, "Plan Width": 0, "Index Cond": "(id = mc.company_type_id)"}]}]}]}, "Unique SQL Id": 2933943827, "Planner Runtime": 14}, "explain_analyze_plan": {"Plan": {"Node Type": "Aggregate", "Strategy": "Plain", "Startup Cost": 38349.31, "Total Cost": 38349.32, "Plan Rows": 1, "Plan Width": 97, "Actual Startup Time": 987.486, "Actual Total Time": 987.487, "Actual Rows": 1, "Actual Loops": 1, "Plans": [{"Node Type": "Nested Loop", "Parent Relationship": "Outer", "Join Type": "Inner", "Startup Cost": 8.82, "Total Cost": 38349.3, "Plan Rows": 2, "Plan Width": 33, "Actual Startup Time": 54.088, "Actual Total Time": 987.376, "Actual Rows": 18, "Actual Loops": 1, "Inner Unique": true, "Plans": [{"Node Type": "Nested Loop", "Parent Relationship": "Outer", "Join Type": "Inner", "Startup Cost": 8.56, "Total Cost": 38340.74, "Plan Rows": 2, "Plan Width": 37, "Actual Startup Time": 11.242, "Actual Total Time": 986.879, "Actual Rows": 104, "Actual Loops": 1, "Inner Unique": true, "Plans": [{"Node Type": "Nested Loop", "Parent Relationship": "Outer", "Join Type": "Inner", "Startup Cost": 8.29, "Total Cost": 38327.85, "Plan Rows": 3, "Plan Width": 28, "Actual Startup Time": 1.033, "Actual Total Time": 984.414, "Actual Rows": 265, "Actual Loops": 1, "Inner Unique": true, "Plans": [{"Node Type": "Hash Join", "Parent Relationship": "Outer", "Join Type": "Inner", "Startup Cost": 5.99, "Total Cost": 38289.92, "Plan Rows": 6, "Plan Width": 16, "Actual Startup Time": 1.014, "Actual Total Time": 981.451, "Actual Rows": 275, "Actual Loops": 1, "Inner Unique": true, "Hash Cond": "(ci.role_id = rt.id)", "Plans": [{"Node Type": "Nested Loop", "Parent Relationship": "Outer", "Join Type": "Inner", "Startup Cost": 4.83, "Total Cost": 38288.52, "Plan Rows": 68, "Plan Width": 20, "Actual Startup Time": 0.924, "Actual Total Time": 980.828, "Actual Rows": 377, "Actual Loops": 1, "Inner Unique": false, "Plans": [{"Node Type": "Nested Loop", "Parent Relationship": "Outer", "Join Type": "Inner", "Startup Cost": 4.32, "Total Cost": 20813.55, "Plan Rows": 3779, "Plan Width": 8, "Actual Startup Time": 0.071, "Actual Total Time": 114.169, "Actual Rows": 8790, "Actual Loops": 1, "Inner Unique": false, "Plans": [{"Node Type": "Seq Scan", "Parent Relationship": "Outer", "Relation Name": "company_name", "Alias": "cn", "Startup Cost": 0.0, "Total Cost": 5903.45, "Plan Rows": 251, "Plan Width": 4, "Actual Startup Time": 0.035, "Actual Total Time": 83.307, "Actual Rows": 1361, "Actual Loops": 1, "Filter": "((country_code)::text = '[ru]'::text)", "Rows Removed by Filter": 233635}, {"Node Type": "Bitmap Heap Scan", "Parent Relationship": "Inner", "Relation Name": "movie_companies", "Alias": "mc", "Startup Cost": 4.32, "Total Cost": 59.25, "Plan Rows": 15, "Plan Width": 12, "Actual Startup Time": 13.806, "Actual Total Time": 26.105, "Actual Rows": 8790, "Actual Loops": 1361, "Recheck Cond": "(company_id = cn.id)", "Rows Removed by Index Recheck": 0, "Exact Heap Blocks": 7155, "Lossy Heap Blocks": 7155, "Plans": [{"Node Type": "Bitmap Index Scan", "Parent Relationship": "Outer", "Index Name": "company_id_movie_companies", "Startup Cost": 0.0, "Total Cost": 4.31, "Plan Rows": 15, "Plan Width": 0, "Actual Startup Time": 8.655, "Actual Total Time": 8.655, "Actual Rows": 8790, "Actual Loops": 1361, "Index Cond": "(company_id = cn.id)"}]}]}, {"Node Type": "Bitmap Heap Scan", "Parent Relationship": "Inner", "Relation Name": "cast_info", "Alias": "ci", "Startup Cost": 0.51, "Total Cost": 4.61, "Plan Rows": 1, "Plan Width": 12, "Actual Startup Time": 807.78, "Actual Total Time": 850.67, "Actual Rows": 377, "Actual Loops": 8790, "Recheck Cond": "(movie_id = mc.movie_id)", "Rows Removed by Index Recheck": 0, "Filter": "(((note)::text ~~ '%(voice)%'::text) AND ((note)::text ~~ '%(uncredited)%'::text))", "Rows Removed by Filter": 408168, "Exact Heap Blocks": 397651, "Lossy Heap Blocks": 397651, "Plans": [{"Node Type": "Bitmap Index Scan", "Parent Relationship": "Outer", "Index Name": "movie_id_cast_info", "Startup Cost": 0.0, "Total Cost": 0.51, "Plan Rows": 6, "Plan Width": 0, "Actual Startup Time": 118.383, "Actual Total Time": 118.383, "Actual Rows": 408545, "Actual Loops": 8790, "Index Cond": "(movie_id = mc.movie_id)"}]}]}, {"Node Type": "Hash", "Parent Relationship": "Inner", "Startup Cost": 1.15, "Total Cost": 1.15, "Plan Rows": 1, "Plan Width": 4, "Actual Startup Time": 0.044, "Actual Total Time": 0.044, "Actual Rows": 1, "Actual Loops": 1, "Hash Buckets": 32768, "Hash Batches": 1, "Original Hash Batches": 1, "Peak Memory Usage": 1, "Plans": [{"Node Type": "Seq Scan", "Parent Relationship": "Outer", "Relation Name": "role_type", "Alias": "rt", "Startup Cost": 0.0, "Total Cost": 1.15, "Plan Rows": 1, "Plan Width": 4, "Actual Startup Time": 0.024, "Actual Total Time": 0.028, "Actual Rows": 1, "Actual Loops": 1, "Filter": "((role)::text = 'actor'::text)", "Rows Removed by Filter": 11}]}]}, {"Node Type": "Bitmap Heap Scan", "Parent Relationship": "Inner", "Relation Name": "char_name", "Alias": "chn", "Startup Cost": 2.3, "Total Cost": 6.31, "Plan Rows": 1, "Plan Width": 20, "Actual Startup Time": 2.191, "Actual Total Time": 2.191, "Actual Rows": 265, "Actual Loops": 275, "Recheck Cond": "(id = ci.person_role_id)", "Rows Removed by Index Recheck": 0, "Exact Heap Blocks": 265, "Lossy Heap Blocks": 265, "Plans": [{"Node Type": "Bitmap Index Scan", "Parent Relationship": "Outer", "Index Name": "char_name_pkey", "Startup Cost": 0.0, "Total Cost": 2.3, "Plan Rows": 1, "Plan Width": 0, "Actual Startup Time": 1.447, "Actual Total Time": 1.447, "Actual Rows": 265, "Actual Loops": 275, "Index Cond": "(id = ci.person_role_id)"}]}]}, {"Node Type": "Bitmap Heap Scan", "Parent Relationship": "Inner", "Relation Name": "title", "Alias": "t", "Startup Cost": 0.27, "Total Cost": 4.29, "Plan Rows": 1, "Plan Width": 21, "Actual Startup Time": 1.884, "Actual Total Time": 1.884, "Actual Rows": 104, "Actual Loops": 265, "Recheck Cond": "(id = mc.movie_id)", "Rows Removed by Index Recheck": 0, "Filter": "(production_year > 2005)", "Rows Removed by Filter": 161, "Exact Heap Blocks": 265, "Lossy Heap Blocks": 265, "Plans": [{"Node Type": "Bitmap Index Scan", "Parent Relationship": "Outer", "Index Name": "title_pkey", "Startup Cost": 0.0, "Total Cost": 0.27, "Plan Rows": 1, "Plan Width": 0, "Actual Startup Time": 1.144, "Actual Total Time": 1.144, "Actual Rows": 265, "Actual Loops": 265, "Index Cond": "(id = mc.movie_id)"}]}]}, {"Node Type": "Bitmap Heap Scan", "Parent Relationship": "Inner", "Relation Name": "company_type", "Alias": "ct", "Startup Cost": 0.26, "Total Cost": 4.27, "Plan Rows": 1, "Plan Width": 4, "Actual Startup Time": 0.253, "Actual Total Time": 0.253, "Actual Rows": 18, "Actual Loops": 104, "Recheck Cond": "(id = mc.company_type_id)", "Rows Removed by Index Recheck": 0, "Exact Heap Blocks": 18, "Lossy Heap Blocks": 18, "Plans": [{"Node Type": "Bitmap Index Scan", "Parent Relationship": "Outer", "Index Name": "company_type_pkey", "Startup Cost": 0.0, "Total Cost": 0.26, "Plan Rows": 1, "Plan Width": 0, "Actual Startup Time": 0.138, "Actual Total Time": 0.138, "Actual Rows": 18, "Actual Loops": 104, "Index Cond": "(id = mc.company_type_id)"}]}]}]}, "Triggers": [], "Planner Runtime": 6, "Total Runtime": 987.854, "Unique SQL Id": 2933943827}}, "(1, 71)": {"explain_plan": {"Plan": {"Node Type": "Aggregate", "Strategy": "Plain", "Startup Cost": 1000020511889.56, "Total Cost": 1000020511889.57, "Plan Rows": 1, "Plan Width": 97, "Plans": [{"Node Type": "Nested Loop", "Parent Relationship": "Outer", "Join Type": "Inner", "Startup Cost": 10000000003.85, "Total Cost": 1000020511889.55, "Plan Rows": 2, "Plan Width": 33, "Inner Unique": true, "Plans": [{"Node Type": "Nested Loop", "Parent Relationship": "Outer", "Join Type": "Inner", "Startup Cost": 10000000003.6, "Total Cost": 1000020511880.99, "Plan Rows": 2, "Plan Width": 37, "Inner Unique": true, "Plans": [{"Node Type": "Nested Loop", "Parent Relationship": "Outer", "Join Type": "Inner", "Startup Cost": 10000000003.32, "Total Cost": 1000020511868.1, "Plan Rows": 3, "Plan Width": 28, "Inner Unique": true, "Plans": [{"Node Type": "Nested Loop", "Parent Relationship": "Outer", "Join Type": "Inner", "Startup Cost": 10000000001.03, "Total Cost": 1000020511830.17, "Plan Rows": 6, "Plan Width": 16, "Inner Unique": true, "Plans": [{"Node Type": "Nested Loop", "Parent Relationship": "Outer", "Join Type": "Inner", "Startup Cost": 10000000000.77, "Total Cost": 1000020511538.92, "Plan Rows": 68, "Plan Width": 20, "Inner Unique": false, "Plans": [{"Node Type": "Nested Loop", "Parent Relationship": "Outer", "Join Type": "Inner", "Startup Cost": 10000000000.26, "Total Cost": 1000020494063.94, "Plan Rows": 3779, "Plan Width": 8, "Inner Unique": true, "Plans": [{"Node Type": "Index Scan", "Parent Relationship": "Outer", "Scan Direction": "Forward", "Index Name": "company_type_id_movie_companies", "Relation Name": "movie_companies", "Alias": "mc", "Startup Cost": 10000000000.0, "Total Cost": 1000009318217.0, "Plan Rows": 2609128, "Plan Width": 12}, {"Node Type": "Bitmap Heap Scan", "Parent Relationship": "Inner", "Relation Name": "company_name", "Alias": "cn", "Startup Cost": 0.26, "Total Cost": 4.27, "Plan Rows": 1, "Plan Width": 4, "Recheck Cond": "(id = mc.company_id)", "Filter": "((country_code)::text = '[ru]'::text)", "Plans": [{"Node Type": "Bitmap Index Scan", "Parent Relationship": "Outer", "Index Name": "company_name_pkey", "Startup Cost": 0.0, "Total Cost": 0.26, "Plan Rows": 1, "Plan Width": 0, "Index Cond": "(id = mc.company_id)"}]}]}, {"Node Type": "Bitmap Heap Scan", "Parent Relationship": "Inner", "Relation Name": "cast_info", "Alias": "ci", "Startup Cost": 0.51, "Total Cost": 4.61, "Plan Rows": 1, "Plan Width": 12, "Recheck Cond": "(movie_id = mc.movie_id)", "Filter": "(((note)::text ~~ '%(voice)%'::text) AND ((note)::text ~~ '%(uncredited)%'::text))", "Plans": [{"Node Type": "Bitmap Index Scan", "Parent Relationship": "Outer", "Index Name": "movie_id_cast_info", "Startup Cost": 0.0, "Total Cost": 0.51, "Plan Rows": 6, "Plan Width": 0, "Index Cond": "(movie_id = mc.movie_id)"}]}]}, {"Node Type": "Bitmap Heap Scan", "Parent Relationship": "Inner", "Relation Name": "role_type", "Alias": "rt", "Startup Cost": 0.26, "Total Cost": 4.27, "Plan Rows": 1, "Plan Width": 4, "Recheck Cond": "(id = ci.role_id)", "Filter": "((role)::text = 'actor'::text)", "Plans": [{"Node Type": "Bitmap Index Scan", "Parent Relationship": "Outer", "Index Name": "role_type_pkey", "Startup Cost": 0.0, "Total Cost": 0.26, "Plan Rows": 1, "Plan Width": 0, "Index Cond": "(id = ci.role_id)"}]}]}, {"Node Type": "Bitmap Heap Scan", "Parent Relationship": "Inner", "Relation Name": "char_name", "Alias": "chn", "Startup Cost": 2.3, "Total Cost": 6.31, "Plan Rows": 1, "Plan Width": 20, "Recheck Cond": "(id = ci.person_role_id)", "Plans": [{"Node Type": "Bitmap Index Scan", "Parent Relationship": "Outer", "Index Name": "char_name_pkey", "Startup Cost": 0.0, "Total Cost": 2.3, "Plan Rows": 1, "Plan Width": 0, "Index Cond": "(id = ci.person_role_id)"}]}]}, {"Node Type": "Bitmap Heap Scan", "Parent Relationship": "Inner", "Relation Name": "title", "Alias": "t", "Startup Cost": 0.27, "Total Cost": 4.29, "Plan Rows": 1, "Plan Width": 21, "Recheck Cond": "(id = mc.movie_id)", "Filter": "(production_year > 2005)", "Plans": [{"Node Type": "Bitmap Index Scan", "Parent Relationship": "Outer", "Index Name": "title_pkey", "Startup Cost": 0.0, "Total Cost": 0.27, "Plan Rows": 1, "Plan Width": 0, "Index Cond": "(id = mc.movie_id)"}]}]}, {"Node Type": "Bitmap Heap Scan", "Parent Relationship": "Inner", "Relation Name": "company_type", "Alias": "ct", "Startup Cost": 0.26, "Total Cost": 4.27, "Plan Rows": 1, "Plan Width": 4, "Recheck Cond": "(id = mc.company_type_id)", "Plans": [{"Node Type": "Bitmap Index Scan", "Parent Relationship": "Outer", "Index Name": "company_type_pkey", "Startup Cost": 0.0, "Total Cost": 0.26, "Plan Rows": 1, "Plan Width": 0, "Index Cond": "(id = mc.company_type_id)"}]}]}]}, "Unique SQL Id": 2933943827, "Planner Runtime": 6}, "explain_analyze_plan": null}, "(1, 72)": {"explain_plan": {"Plan": {"Node Type": "Aggregate", "Strategy": "Plain", "Startup Cost": 19914.67, "Total Cost": 19914.68, "Plan Rows": 1, "Plan Width": 97, "Plans": [{"Node Type": "Nested Loop", "Parent Relationship": "Outer", "Join Type": "Inner", "Startup Cost": 0.0, "Total Cost": 19914.66, "Plan Rows": 2, "Plan Width": 33, "Inner Unique": true, "Plans": [{"Node Type": "Nested Loop", "Parent Relationship": "Outer", "Join Type": "Inner", "Startup Cost": 0.0, "Total Cost": 19914.1, "Plan Rows": 2, "Plan Width": 37, "Inner Unique": true, "Plans": [{"Node Type": "Nested Loop", "Parent Relationship": "Outer", "Join Type": "Inner", "Startup Cost": 0.0, "Total Cost": 19887.22, "Plan Rows": 5, "Plan Width": 25, "Inner Unique": true, "Plans": [{"Node Type": "Nested Loop", "Parent Relationship": "Outer", "Join Type": "Inner", "Startup Cost": 0.0, "Total Cost": 19885.12, "Plan Rows": 6, "Plan Width": 16, "Inner Unique": true, "Plans": [{"Node Type": "Nested Loop", "Parent Relationship": "Outer", "Join Type": "Inner", "Startup Cost": 0.0, "Total Cost": 19865.87, "Plan Rows": 68, "Plan Width": 20, "Inner Unique": false, "Plans": [{"Node Type": "Nested Loop", "Parent Relationship": "Outer", "Join Type": "Inner", "Startup Cost": 0.0, "Total Cost": 16121.55, "Plan Rows": 3779, "Plan Width": 8, "Inner Unique": false, "Plans": [{"Node Type": "Seq Scan", "Parent Relationship": "Outer", "Relation Name": "company_name", "Alias": "cn", "Startup Cost": 0.0, "Total Cost": 5903.45, "Plan Rows": 251, "Plan Width": 4, "Filter": "((country_code)::text = '[ru]'::text)"}, {"Node Type": "Index Scan", "Parent Relationship": "Inner", "Scan Direction": "Forward", "Index Name": "company_id_movie_companies", "Relation Name": "movie_companies", "Alias": "mc", "Startup Cost": 0.0, "Total Cost": 40.56, "Plan Rows": 15, "Plan Width": 12, "Index Cond": "(company_id = cn.id)"}]}, {"Node Type": "Index Scan", "Parent Relationship": "Inner", "Scan Direction": "Forward", "Index Name": "movie_id_cast_info", "Relation Name": "cast_info", "Alias": "ci", "Startup Cost": 0.0, "Total Cost": 0.98, "Plan Rows": 1, "Plan Width": 12, "Index Cond": "(movie_id = mc.movie_id)", "Filter": "(((note)::text ~~ '%(voice)%'::text) AND ((note)::text ~~ '%(uncredited)%'::text))"}]}, {"Node Type": "Index Scan", "Parent Relationship": "Inner", "Scan Direction": "Forward", "Index Name": "role_type_pkey", "Relation Name": "role_type", "Alias": "rt", "Startup Cost": 0.0, "Total Cost": 0.27, "Plan Rows": 1, "Plan Width": 4, "Index Cond": "(id = ci.role_id)", "Filter": "((role)::text = 'actor'::text)"}]}, {"Node Type": "Index Scan", "Parent Relationship": "Inner", "Scan Direction": "Forward", "Index Name": "title_pkey", "Relation Name": "title", "Alias": "t", "Startup Cost": 0.0, "Total Cost": 0.34, "Plan Rows": 1, "Plan Width": 21, "Index Cond": "(id = mc.movie_id)", "Filter": "(production_year > 2005)"}]}, {"Node Type": "Index Scan", "Parent Relationship": "Inner", "Scan Direction": "Forward", "Index Name": "char_name_pkey", "Relation Name": "char_name", "Alias": "chn", "Startup Cost": 0.0, "Total Cost": 5.37, "Plan Rows": 1, "Plan Width": 20, "Index Cond": "(id = ci.person_role_id)"}]}, {"Node Type": "Index Only Scan", "Parent Relationship": "Inner", "Scan Direction": "Forward", "Index Name": "company_type_pkey", "Relation Name": "company_type", "Alias": "ct", "Startup Cost": 0.0, "Total Cost": 0.27, "Plan Rows": 1, "Plan Width": 4, "Index Cond": "(id = mc.company_type_id)"}]}]}, "Unique SQL Id": 2933943827, "Planner Runtime": 13}, "explain_analyze_plan": {"Plan": {"Node Type": "Aggregate", "Strategy": "Plain", "Startup Cost": 19914.67, "Total Cost": 19914.68, "Plan Rows": 1, "Plan Width": 97, "Actual Startup Time": 747.77, "Actual Total Time": 747.77, "Actual Rows": 1, "Actual Loops": 1, "Plans": [{"Node Type": "Nested Loop", "Parent Relationship": "Outer", "Join Type": "Inner", "Startup Cost": 0.0, "Total Cost": 19914.66, "Plan Rows": 2, "Plan Width": 33, "Actual Startup Time": 41.866, "Actual Total Time": 747.642, "Actual Rows": 18, "Actual Loops": 1, "Inner Unique": true, "Plans": [{"Node Type": "Nested Loop", "Parent Relationship": "Outer", "Join Type": "Inner", "Startup Cost": 0.0, "Total Cost": 19914.1, "Plan Rows": 2, "Plan Width": 37, "Actual Startup Time": 8.627, "Actual Total Time": 747.353, "Actual Rows": 104, "Actual Loops": 1, "Inner Unique": true, "Plans": [{"Node Type": "Nested Loop", "Parent Relationship": "Outer", "Join Type": "Inner", "Startup Cost": 0.0, "Total Cost": 19887.22, "Plan Rows": 5, "Plan Width": 25, "Actual Startup Time": 8.616, "Actual Total Time": 746.498, "Actual Rows": 112, "Actual Loops": 1, "Inner Unique": true, "Plans": [{"Node Type": "Nested Loop", "Parent Relationship": "Outer", "Join Type": "Inner", "Startup Cost": 0.0, "Total Cost": 19885.12, "Plan Rows": 6, "Plan Width": 16, "Actual Startup Time": 0.778, "Actual Total Time": 744.543, "Actual Rows": 275, "Actual Loops": 1, "Inner Unique": true, "Plans": [{"Node Type": "Nested Loop", "Parent Relationship": "Outer", "Join Type": "Inner", "Startup Cost": 0.0, "Total Cost": 19865.87, "Plan Rows": 68, "Plan Width": 20, "Actual Startup Time": 0.77, "Actual Total Time": 742.914, "Actual Rows": 377, "Actual Loops": 1, "Inner Unique": false, "Plans": [{"Node Type": "Nested Loop", "Parent Relationship": "Outer", "Join Type": "Inner", "Startup Cost": 0.0, "Total Cost": 16121.55, "Plan Rows": 3779, "Plan Width": 8, "Actual Startup Time": 0.069, "Actual Total Time": 101.023, "Actual Rows": 8790, "Actual Loops": 1, "Inner Unique": false, "Plans": [{"Node Type": "Seq Scan", "Parent Relationship": "Outer", "Relation Name": "company_name", "Alias": "cn", "Startup Cost": 0.0, "Total Cost": 5903.45, "Plan Rows": 251, "Plan Width": 4, "Actual Startup Time": 0.049, "Actual Total Time": 80.047, "Actual Rows": 1361, "Actual Loops": 1, "Filter": "((country_code)::text = '[ru]'::text)", "Rows Removed by Filter": 233635}, {"Node Type": "Index Scan", "Parent Relationship": "Inner", "Scan Direction": "Forward", "Index Name": "company_id_movie_companies", "Relation Name": "movie_companies", "Alias": "mc", "Startup Cost": 0.0, "Total Cost": 40.56, "Plan Rows": 15, "Plan Width": 12, "Actual Startup Time": 7.761, "Actual Total Time": 17.771, "Actual Rows": 8790, "Actual Loops": 1361, "Index Cond": "(company_id = cn.id)", "Rows Removed by Index Recheck": 0}]}, {"Node Type": "Index Scan", "Parent Relationship": "Inner", "Scan Direction": "Forward", "Index Name": "movie_id_cast_info", "Relation Name": "cast_info", "Alias": "ci", "Startup Cost": 0.0, "Total Cost": 0.98, "Plan Rows": 1, "Plan Width": 12, "Actual Startup Time": 599.435, "Actual Total Time": 636.598, "Actual Rows": 377, "Actual Loops": 8790, "Index Cond": "(movie_id = mc.movie_id)", "Rows Removed by Index Recheck": 0, "Filter": "(((note)::text ~~ '%(voice)%'::text) AND ((note)::text ~~ '%(uncredited)%'::text))", "Rows Removed by Filter": 408168}]}, {"Node Type": "Index Scan", "Parent Relationship": "Inner", "Scan Direction": "Forward", "Index Name": "role_type_pkey", "Relation Name": "role_type", "Alias": "rt", "Startup Cost": 0.0, "Total Cost": 0.27, "Plan Rows": 1, "Plan Width": 4, "Actual Startup Time": 1.125, "Actual Total Time": 1.125, "Actual Rows": 275, "Actual Loops": 377, "Index Cond": "(id = ci.role_id)", "Rows Removed by Index Recheck": 0, "Filter": "((role)::text = 'actor'::text)", "Rows Removed by Filter": 102}]}, {"Node Type": "Index Scan", "Parent Relationship": "Inner", "Scan Direction": "Forward", "Index Name": "title_pkey", "Relation Name": "title", "Alias": "t", "Startup Cost": 0.0, "Total Cost": 0.34, "Plan Rows": 1, "Plan Width": 21, "Actual Startup Time": 1.565, "Actual Total Time": 1.565, "Actual Rows": 112, "Actual Loops": 275, "Index Cond": "(id = mc.movie_id)", "Rows Removed by Index Recheck": 0, "Filter": "(production_year > 2005)", "Rows Removed by Filter": 163}]}, {"Node Type": "Index Scan", "Parent Relationship": "Inner", "Scan Direction": "Forward", "Index Name": "char_name_pkey", "Relation Name": "char_name", "Alias": "chn", "Startup Cost": 0.0, "Total Cost": 5.37, "Plan Rows": 1, "Plan Width": 20, "Actual Startup Time": 0.628, "Actual Total Time": 0.628, "Actual Rows": 104, "Actual Loops": 112, "Index Cond": "(id = ci.person_role_id)", "Rows Removed by Index Recheck": 0}]}, {"Node Type": "Index Only Scan", "Parent Relationship": "Inner", "Scan Direction": "Forward", "Index Name": "company_type_pkey", "Relation Name": "company_type", "Alias": "ct", "Startup Cost": 0.0, "Total Cost": 0.27, "Plan Rows": 1, "Plan Width": 4, "Actual Startup Time": 0.164, "Actual Total Time": 0.164, "Actual Rows": 18, "Actual Loops": 104, "Index Cond": "(id = mc.company_type_id)", "Rows Removed by Index Recheck": 0, "Heap Fetches": 0}]}]}, "Triggers": [], "Planner Runtime": 5, "Total Runtime": 748.112, "Unique SQL Id": 2933943827}}, "(1, 73)": {"explain_plan": {"Plan": {"Node Type": "Aggregate", "Strategy": "Plain", "Startup Cost": 24512.61, "Total Cost": 24512.62, "Plan Rows": 1, "Plan Width": 97, "Plans": [{"Node Type": "Nested Loop", "Parent Relationship": "Outer", "Join Type": "Inner", "Startup Cost": 0.0, "Total Cost": 24512.6, "Plan Rows": 2, "Plan Width": 33, "Inner Unique": true, "Plans": [{"Node Type": "Nested Loop", "Parent Relationship": "Outer", "Join Type": "Inner", "Startup Cost": 0.0, "Total Cost": 24512.04, "Plan Rows": 2, "Plan Width": 37, "Inner Unique": true, "Plans": [{"Node Type": "Nested Loop", "Parent Relationship": "Outer", "Join Type": "Inner", "Startup Cost": 0.0, "Total Cost": 24485.16, "Plan Rows": 5, "Plan Width": 25, "Inner Unique": true, "Plans": [{"Node Type": "Nested Loop", "Parent Relationship": "Outer", "Join Type": "Inner", "Startup Cost": 0.0, "Total Cost": 24483.05, "Plan Rows": 6, "Plan Width": 16, "Inner Unique": true, "Plans": [{"Node Type": "Nested Loop", "Parent Relationship": "Outer", "Join Type": "Inner", "Startup Cost": 0.0, "Total Cost": 24463.81, "Plan Rows": 68, "Plan Width": 20, "Inner Unique": false, "Plans": [{"Node Type": "Nested Loop", "Parent Relationship": "Outer", "Join Type": "Inner", "Startup Cost": 0.0, "Total Cost": 20719.49, "Plan Rows": 3779, "Plan Width": 8, "Inner Unique": false, "Plans": [{"Node Type": "Index Scan", "Parent Relationship": "Outer", "Scan Direction": "Forward", "Index Name": "company_name_pkey", "Relation Name": "company_name", "Alias": "cn", "Startup Cost": 0.0, "Total Cost": 10501.39, "Plan Rows": 251, "Plan Width": 4, "Filter": "((country_code)::text = '[ru]'::text)"}, {"Node Type": "Index Scan", "Parent Relationship": "Inner", "Scan Direction": "Forward", "Index Name": "company_id_movie_companies", "Relation Name": "movie_companies", "Alias": "mc", "Startup Cost": 0.0, "Total Cost": 40.56, "Plan Rows": 15, "Plan Width": 12, "Index Cond": "(company_id = cn.id)"}]}, {"Node Type": "Index Scan", "Parent Relationship": "Inner", "Scan Direction": "Forward", "Index Name": "movie_id_cast_info", "Relation Name": "cast_info", "Alias": "ci", "Startup Cost": 0.0, "Total Cost": 0.98, "Plan Rows": 1, "Plan Width": 12, "Index Cond": "(movie_id = mc.movie_id)", "Filter": "(((note)::text ~~ '%(voice)%'::text) AND ((note)::text ~~ '%(uncredited)%'::text))"}]}, {"Node Type": "Index Scan", "Parent Relationship": "Inner", "Scan Direction": "Forward", "Index Name": "role_type_pkey", "Relation Name": "role_type", "Alias": "rt", "Startup Cost": 0.0, "Total Cost": 0.27, "Plan Rows": 1, "Plan Width": 4, "Index Cond": "(id = ci.role_id)", "Filter": "((role)::text = 'actor'::text)"}]}, {"Node Type": "Index Scan", "Parent Relationship": "Inner", "Scan Direction": "Forward", "Index Name": "title_pkey", "Relation Name": "title", "Alias": "t", "Startup Cost": 0.0, "Total Cost": 0.34, "Plan Rows": 1, "Plan Width": 21, "Index Cond": "(id = mc.movie_id)", "Filter": "(production_year > 2005)"}]}, {"Node Type": "Index Scan", "Parent Relationship": "Inner", "Scan Direction": "Forward", "Index Name": "char_name_pkey", "Relation Name": "char_name", "Alias": "chn", "Startup Cost": 0.0, "Total Cost": 5.37, "Plan Rows": 1, "Plan Width": 20, "Index Cond": "(id = ci.person_role_id)"}]}, {"Node Type": "Index Only Scan", "Parent Relationship": "Inner", "Scan Direction": "Forward", "Index Name": "company_type_pkey", "Relation Name": "company_type", "Alias": "ct", "Startup Cost": 0.0, "Total Cost": 0.27, "Plan Rows": 1, "Plan Width": 4, "Index Cond": "(id = mc.company_type_id)"}]}]}, "Unique SQL Id": 2933943827, "Planner Runtime": 11}, "explain_analyze_plan": {"Plan": {"Node Type": "Aggregate", "Strategy": "Plain", "Startup Cost": 24512.61, "Total Cost": 24512.62, "Plan Rows": 1, "Plan Width": 97, "Actual Startup Time": 1177.526, "Actual Total Time": 1177.527, "Actual Rows": 1, "Actual Loops": 1, "Plans": [{"Node Type": "Nested Loop", "Parent Relationship": "Outer", "Join Type": "Inner", "Startup Cost": 0.0, "Total Cost": 24512.6, "Plan Rows": 2, "Plan Width": 33, "Actual Startup Time": 37.022, "Actual Total Time": 1177.415, "Actual Rows": 18, "Actual Loops": 1, "Inner Unique": true, "Plans": [{"Node Type": "Nested Loop", "Parent Relationship": "Outer", "Join Type": "Inner", "Startup Cost": 0.0, "Total Cost": 24512.04, "Plan Rows": 2, "Plan Width": 37, "Actual Startup Time": 28.615, "Actual Total Time": 1177.077, "Actual Rows": 104, "Actual Loops": 1, "Inner Unique": true, "Plans": [{"Node Type": "Nested Loop", "Parent Relationship": "Outer", "Join Type": "Inner", "Startup Cost": 0.0, "Total Cost": 24485.16, "Plan Rows": 5, "Plan Width": 25, "Actual Startup Time": 28.593, "Actual Total Time": 1175.945, "Actual Rows": 112, "Actual Loops": 1, "Inner Unique": true, "Plans": [{"Node Type": "Nested Loop", "Parent Relationship": "Outer", "Join Type": "Inner", "Startup Cost": 0.0, "Total Cost": 24483.05, "Plan Rows": 6, "Plan Width": 16, "Actual Startup Time": 8.531, "Actual Total Time": 1173.512, "Actual Rows": 275, "Actual Loops": 1, "Inner Unique": true, "Plans": [{"Node Type": "Nested Loop", "Parent Relationship": "Outer", "Join Type": "Inner", "Startup Cost": 0.0, "Total Cost": 24463.81, "Plan Rows": 68, "Plan Width": 20, "Actual Startup Time": 8.509, "Actual Total Time": 1171.854, "Actual Rows": 377, "Actual Loops": 1, "Inner Unique": false, "Plans": [{"Node Type": "Nested Loop", "Parent Relationship": "Outer", "Join Type": "Inner", "Startup Cost": 0.0, "Total Cost": 20719.49, "Plan Rows": 3779, "Plan Width": 8, "Actual Startup Time": 0.393, "Actual Total Time": 320.093, "Actual Rows": 8790, "Actual Loops": 1, "Inner Unique": false, "Plans": [{"Node Type": "Index Scan", "Parent Relationship": "Outer", "Scan Direction": "Forward", "Index Name": "company_name_pkey", "Relation Name": "company_name", "Alias": "cn", "Startup Cost": 0.0, "Total Cost": 10501.39, "Plan Rows": 251, "Plan Width": 4, "Actual Startup Time": 0.379, "Actual Total Time": 295.713, "Actual Rows": 1361, "Actual Loops": 1, "Filter": "((country_code)::text = '[ru]'::text)", "Rows Removed by Filter": 233635}, {"Node Type": "Index Scan", "Parent Relationship": "Inner", "Scan Direction": "Forward", "Index Name": "company_id_movie_companies", "Relation Name": "movie_companies", "Alias": "mc", "Startup Cost": 0.0, "Total Cost": 40.56, "Plan Rows": 15, "Plan Width": 12, "Actual Startup Time": 7.632, "Actual Total Time": 20.631, "Actual Rows": 8790, "Actual Loops": 1361, "Index Cond": "(company_id = cn.id)", "Rows Removed by Index Recheck": 0}]}, {"Node Type": "Index Scan", "Parent Relationship": "Inner", "Scan Direction": "Forward", "Index Name": "movie_id_cast_info", "Relation Name": "cast_info", "Alias": "ci", "Startup Cost": 0.0, "Total Cost": 0.98, "Plan Rows": 1, "Plan Width": 12, "Actual Startup Time": 795.582, "Actual Total Time": 846.472, "Actual Rows": 377, "Actual Loops": 8790, "Index Cond": "(movie_id = mc.movie_id)", "Rows Removed by Index Recheck": 0, "Filter": "(((note)::text ~~ '%(voice)%'::text) AND ((note)::text ~~ '%(uncredited)%'::text))", "Rows Removed by Filter": 408168}]}, {"Node Type": "Index Scan", "Parent Relationship": "Inner", "Scan Direction": "Forward", "Index Name": "role_type_pkey", "Relation Name": "role_type", "Alias": "rt", "Startup Cost": 0.0, "Total Cost": 0.27, "Plan Rows": 1, "Plan Width": 4, "Actual Startup Time": 1.098, "Actual Total Time": 1.098, "Actual Rows": 275, "Actual Loops": 377, "Index Cond": "(id = ci.role_id)", "Rows Removed by Index Recheck": 0, "Filter": "((role)::text = 'actor'::text)", "Rows Removed by Filter": 102}]}, {"Node Type": "Index Scan", "Parent Relationship": "Inner", "Scan Direction": "Forward", "Index Name": "title_pkey", "Relation Name": "title", "Alias": "t", "Startup Cost": 0.0, "Total Cost": 0.34, "Plan Rows": 1, "Plan Width": 21, "Actual Startup Time": 2.044, "Actual Total Time": 2.044, "Actual Rows": 112, "Actual Loops": 275, "Index Cond": "(id = mc.movie_id)", "Rows Removed by Index Recheck": 0, "Filter": "(production_year > 2005)", "Rows Removed by Filter": 163}]}, {"Node Type": "Index Scan", "Parent Relationship": "Inner", "Scan Direction": "Forward", "Index Name": "char_name_pkey", "Relation Name": "char_name", "Alias": "chn", "Startup Cost": 0.0, "Total Cost": 5.37, "Plan Rows": 1, "Plan Width": 20, "Actual Startup Time": 0.88, "Actual Total Time": 0.88, "Actual Rows": 104, "Actual Loops": 112, "Index Cond": "(id = ci.person_role_id)", "Rows Removed by Index Recheck": 0}]}, {"Node Type": "Index Only Scan", "Parent Relationship": "Inner", "Scan Direction": "Forward", "Index Name": "company_type_pkey", "Relation Name": "company_type", "Alias": "ct", "Startup Cost": 0.0, "Total Cost": 0.27, "Plan Rows": 1, "Plan Width": 4, "Actual Startup Time": 0.173, "Actual Total Time": 0.173, "Actual Rows": 18, "Actual Loops": 104, "Index Cond": "(id = mc.company_type_id)", "Rows Removed by Index Recheck": 0, "Heap Fetches": 0}]}]}, "Triggers": [], "Planner Runtime": 4, "Total Runtime": 1177.883, "Unique SQL Id": 2933943827}}, "(1, 74)": {"explain_plan": {"Plan": {"Node Type": "Aggregate", "Strategy": "Plain", "Startup Cost": 1006119.78, "Total Cost": 1006119.79, "Plan Rows": 1, "Plan Width": 97, "Plans": [{"Node Type": "Hash Join", "Parent Relationship": "Outer", "Join Type": "Inner", "Startup Cost": 911148.38, "Total Cost": 1006119.76, "Plan Rows": 4, "Plan Width": 33, "Inner Unique": true, "Hash Cond": "(mc.company_type_id = ct.id)", "Plans": [{"Node Type": "Hash Join", "Parent Relationship": "Outer", "Join Type": "Inner", "Startup Cost": 911147.31, "Total Cost": 1006118.67, "Plan Rows": 2, "Plan Width": 37, "Inner Unique": false, "Hash Cond": "(chn.id = ci.person_role_id)", "Plans": [{"Node Type": "Seq Scan", "Parent Relationship": "Outer", "Relation Name": "char_name", "Alias": "chn", "Startup Cost": 0.0, "Total Cost": 67493.38, "Plan Rows": 3140338, "Plan Width": 20}, {"Node Type": "Hash", "Parent Relationship": "Inner", "Startup Cost": 911147.25, "Total Cost": 911147.25, "Plan Rows": 5, "Plan Width": 25, "Plans": [{"Node Type": "Hash Join", "Parent Relationship": "Outer", "Join Type": "Inner", "Startup Cost": 127887.98, "Total Cost": 911147.25, "Plan Rows": 5, "Plan Width": 25, "Inner Unique": false, "Hash Cond": "(ci.movie_id = t.id)", "Plans": [{"Node Type": "Hash Join", "Parent Relationship": "Outer", "Join Type": "Inner", "Startup Cost": 1.16, "Total Cost": 783252.72, "Plan Rows": 2027, "Plan Width": 8, "Inner Unique": true, "Hash Cond": "(ci.role_id = rt.id)", "Plans": [{"Node Type": "Seq Scan", "Parent Relationship": "Outer", "Relation Name": "cast_info", "Alias": "ci", "Startup Cost": 0.0, "Total Cost": 783175.41, "Plan Rows": 22295, "Plan Width": 12, "Filter": "(((note)::text ~~ '%(voice)%'::text) AND ((note)::text ~~ '%(uncredited)%'::text))"}, {"Node Type": "Hash", "Parent Relationship": "Inner", "Startup Cost": 1.15, "Total Cost": 1.15, "Plan Rows": 1, "Plan Width": 4, "Plans": [{"Node Type": "Seq Scan", "Parent Relationship": "Outer", "Relation Name": "role_type", "Alias": "rt", "Startup Cost": 0.0, "Total Cost": 1.15, "Plan Rows": 1, "Plan Width": 4, "Filter": "((role)::text = 'actor'::text)"}]}]}, {"Node Type": "Hash", "Parent Relationship": "Inner", "Startup Cost": 127829.48, "Total Cost": 127829.48, "Plan Rows": 4587, "Plan Width": 29, "Plans": [{"Node Type": "Hash Join", "Parent Relationship": "Outer", "Join Type": "Inner", "Startup Cost": 57593.12, "Total Cost": 127829.48, "Plan Rows": 4587, "Plan Width": 29, "Inner Unique": false, "Hash Cond": "(t.id = mc.movie_id)", "Plans": [{"Node Type": "Seq Scan", "Parent Relationship": "Outer", "Relation Name": "title", "Alias": "t", "Startup Cost": 0.0, "Total Cost": 66389.89, "Plan Rows": 1013492, "Plan Width": 21, "Filter": "(production_year > 2005), (LLVM Optimized)"}, {"Node Type": "Hash", "Parent Relationship": "Inner", "Startup Cost": 57545.89, "Total Cost": 57545.89, "Plan Rows": 3779, "Plan Width": 8, "Plans": [{"Node Type": "Hash Join", "Parent Relationship": "Outer", "Join Type": "Inner", "Startup Cost": 5906.59, "Total Cost": 57545.89, "Plan Rows": 3779, "Plan Width": 8, "Inner Unique": true, "Hash Cond": "(mc.company_id = cn.id)", "Plans": [{"Node Type": "Seq Scan", "Parent Relationship": "Outer", "Relation Name": "movie_companies", "Alias": "mc", "Startup Cost": 0.0, "Total Cost": 41817.28, "Plan Rows": 2609128, "Plan Width": 12}, {"Node Type": "Hash", "Parent Relationship": "Inner", "Startup Cost": 5903.45, "Total Cost": 5903.45, "Plan Rows": 251, "Plan Width": 4, "Plans": [{"Node Type": "Seq Scan", "Parent Relationship": "Outer", "Relation Name": "company_name", "Alias": "cn", "Startup Cost": 0.0, "Total Cost": 5903.45, "Plan Rows": 251, "Plan Width": 4, "Filter": "((country_code)::text = '[ru]'::text)"}]}]}]}]}]}]}]}]}, {"Node Type": "Hash", "Parent Relationship": "Inner", "Startup Cost": 1.03, "Total Cost": 1.03, "Plan Rows": 3, "Plan Width": 4, "Plans": [{"Node Type": "Seq Scan", "Parent Relationship": "Outer", "Relation Name": "company_type", "Alias": "ct", "Startup Cost": 0.0, "Total Cost": 1.03, "Plan Rows": 3, "Plan Width": 4}]}]}]}, "Unique SQL Id": 2933943827, "Planner Runtime": 21}, "explain_analyze_plan": null}, "(1, 75)": {"explain_plan": {"Plan": {"Node Type": "Aggregate", "Strategy": "Plain", "Startup Cost": 6488202628266.15, "Total Cost": 6488202628266.16, "Plan Rows": 1, "Plan Width": 97, "Plans": [{"Node Type": "Hash Join", "Parent Relationship": "Outer", "Join Type": "Inner", "Startup Cost": 4510041135258.86, "Total Cost": 6488202628266.13, "Plan Rows": 4, "Plan Width": 33, "Inner Unique": true, "Hash Cond": "(ci.role_id = rt.id)", "Plans": [{"Node Type": "Hash Join", "Parent Relationship": "Outer", "Join Type": "Inner", "Startup Cost": 3510041134012.84, "Total Cost": 5488202627019.92, "Plan Rows": 40, "Plan Width": 37, "Inner Unique": true, "Hash Cond": "(mc.company_type_id = ct.id)", "Plans": [{"Node Type": "Hash Join", "Parent Relationship": "Outer", "Join Type": "Inner", "Startup Cost": 2510041133183.31, "Total Cost": 4488202626189.84, "Plan Rows": 40, "Plan Width": 41, "Inner Unique": true, "Hash Cond": "(mc.company_id = cn.id)", "Plans": [{"Node Type": "Merge Join", "Parent Relationship": "Outer", "Join Type": "Inner", "Startup Cost": 1510040083041.2, "Total Cost": 3488201575943.41, "Plan Rows": 27712, "Plan Width": 45, "Inner Unique": false, "Merge Cond": "(t.id = mc.movie_id)", "Plans": [{"Node Type": "Merge Join", "Parent Relationship": "Outer", "Join Type": "Inner", "Startup Cost": 1500040083041.2, "Total Cost": 2489168673554.28, "Plan Rows": 13119, "Plan Width": 45, "Inner Unique": true, "Merge Cond": "(ci.movie_id = t.id)", "Plans": [{"Node Type": "Sort", "Parent Relationship": "Outer", "Startup Cost": 1490040083041.2, "Total Cost": 1490040083068.22, "Plan Rows": 10808, "Plan Width": 24, "Sort Key": ["ci.movie_id"], "Plans": [{"Node Type": "Merge Join", "Parent Relationship": "Outer", "Join Type": "Inner", "Startup Cost": 59439679227.39, "Total Cost": 1490040082317.07, "Plan Rows": 10808, "Plan Width": 24, "Inner Unique": false, "Merge Cond": "(chn.id = ci.person_role_id)", "Plans": [{"Node Type": "Index Scan", "Parent Relationship": "Outer", "Scan Direction": "Forward", "Index Name": "char_name_pkey", "Relation Name": "char_name", "Alias": "chn", "Startup Cost": 10000000000.0, "Total Cost": 1000012987545.51, "Plan Rows": 3140338, "Plan Width": 20}, {"Node Type": "Index Scan", "Parent Relationship": "Inner", "Scan Direction": "Forward", "Index Name": "person_role_id_cast_info", "Relation Name": "cast_info", "Alias": "ci", "Startup Cost": 10000000000.0, "Total Cost": 1000211315681.48, "Plan Rows": 22295, "Plan Width": 12, "Filter": "(((note)::text ~~ '%(voice)%'::text) AND ((note)::text ~~ '%(uncredited)%'::text))"}]}]}, {"Node Type": "Index Scan", "Parent Relationship": "Inner", "Scan Direction": "Forward", "Index Name": "title_pkey", "Relation Name": "title", "Alias": "t", "Startup Cost": 10000000000.0, "Total Cost": 1000011644126.66, "Plan Rows": 1013492, "Plan Width": 21, "Filter": "(production_year > 2005), (LLVM Optimized)"}]}, {"Node Type": "Index Scan", "Parent Relationship": "Inner", "Scan Direction": "Forward", "Index Name": "movie_id_movie_companies", "Relation Name": "movie_companies", "Alias": "mc", "Startup Cost": 10000000000.0, "Total Cost": 1000013051946.13, "Plan Rows": 2609128, "Plan Width": 12}]}, {"Node Type": "Hash", "Parent Relationship": "Inner", "Startup Cost": 1000001050138.97, "Total Cost": 1000001050138.97, "Plan Rows": 251, "Plan Width": 4, "Plans": [{"Node Type": "Index Scan", "Parent Relationship": "Outer", "Scan Direction": "Forward", "Index Name": "company_name_pkey", "Relation Name": "company_name", "Alias": "cn", "Startup Cost": 10000000000.0, "Total Cost": 1000001050138.97, "Plan Rows": 251, "Plan Width": 4, "Filter": "((country_code)::text = '[ru]'::text)"}]}]}, {"Node Type": "Hash", "Parent Relationship": "Inner", "Startup Cost": 1000000000829.5, "Total Cost": 1000000000829.5, "Plan Rows": 3, "Plan Width": 4, "Plans": [{"Node Type": "Index Only Scan", "Parent Relationship": "Outer", "Scan Direction": "Forward", "Index Name": "company_type_pkey", "Relation Name": "company_type", "Alias": "ct", "Startup Cost": 10000000000.0, "Total Cost": 1000000000829.5, "Plan Rows": 3, "Plan Width": 4}]}]}, {"Node Type": "Hash", "Parent Relationship": "Inner", "Startup Cost": 1000000001246.0, "Total Cost": 1000000001246.0, "Plan Rows": 1, "Plan Width": 4, "Plans": [{"Node Type": "Index Scan", "Parent Relationship": "Outer", "Scan Direction": "Forward", "Index Name": "role_type_pkey", "Relation Name": "role_type", "Alias": "rt", "Startup Cost": 10000000000.0, "Total Cost": 1000000001246.0, "Plan Rows": 1, "Plan Width": 4, "Filter": "((role)::text = 'actor'::text)"}]}]}]}, "Unique SQL Id": 2933943827, "Planner Runtime": 44}, "explain_analyze_plan": null}, "(1, 76)": {"explain_plan": {"Plan": {"Node Type": "Aggregate", "Strategy": "Plain", "Startup Cost": 19914.67, "Total Cost": 19914.68, "Plan Rows": 1, "Plan Width": 97, "Plans": [{"Node Type": "Nested Loop", "Parent Relationship": "Outer", "Join Type": "Inner", "Startup Cost": 0.0, "Total Cost": 19914.66, "Plan Rows": 2, "Plan Width": 33, "Inner Unique": true, "Plans": [{"Node Type": "Nested Loop", "Parent Relationship": "Outer", "Join Type": "Inner", "Startup Cost": 0.0, "Total Cost": 19914.1, "Plan Rows": 2, "Plan Width": 37, "Inner Unique": true, "Plans": [{"Node Type": "Nested Loop", "Parent Relationship": "Outer", "Join Type": "Inner", "Startup Cost": 0.0, "Total Cost": 19887.22, "Plan Rows": 5, "Plan Width": 25, "Inner Unique": true, "Plans": [{"Node Type": "Nested Loop", "Parent Relationship": "Outer", "Join Type": "Inner", "Startup Cost": 0.0, "Total Cost": 19885.12, "Plan Rows": 6, "Plan Width": 16, "Inner Unique": true, "Plans": [{"Node Type": "Nested Loop", "Parent Relationship": "Outer", "Join Type": "Inner", "Startup Cost": 0.0, "Total Cost": 19865.87, "Plan Rows": 68, "Plan Width": 20, "Inner Unique": false, "Plans": [{"Node Type": "Nested Loop", "Parent Relationship": "Outer", "Join Type": "Inner", "Startup Cost": 0.0, "Total Cost": 16121.55, "Plan Rows": 3779, "Plan Width": 8, "Inner Unique": false, "Plans": [{"Node Type": "Seq Scan", "Parent Relationship": "Outer", "Relation Name": "company_name", "Alias": "cn", "Startup Cost": 0.0, "Total Cost": 5903.45, "Plan Rows": 251, "Plan Width": 4, "Filter": "((country_code)::text = '[ru]'::text)"}, {"Node Type": "Index Scan", "Parent Relationship": "Inner", "Scan Direction": "Forward", "Index Name": "company_id_movie_companies", "Relation Name": "movie_companies", "Alias": "mc", "Startup Cost": 0.0, "Total Cost": 40.56, "Plan Rows": 15, "Plan Width": 12, "Index Cond": "(company_id = cn.id)"}]}, {"Node Type": "Index Scan", "Parent Relationship": "Inner", "Scan Direction": "Forward", "Index Name": "movie_id_cast_info", "Relation Name": "cast_info", "Alias": "ci", "Startup Cost": 0.0, "Total Cost": 0.98, "Plan Rows": 1, "Plan Width": 12, "Index Cond": "(movie_id = mc.movie_id)", "Filter": "(((note)::text ~~ '%(voice)%'::text) AND ((note)::text ~~ '%(uncredited)%'::text))"}]}, {"Node Type": "Index Scan", "Parent Relationship": "Inner", "Scan Direction": "Forward", "Index Name": "role_type_pkey", "Relation Name": "role_type", "Alias": "rt", "Startup Cost": 0.0, "Total Cost": 0.27, "Plan Rows": 1, "Plan Width": 4, "Index Cond": "(id = ci.role_id)", "Filter": "((role)::text = 'actor'::text)"}]}, {"Node Type": "Index Scan", "Parent Relationship": "Inner", "Scan Direction": "Forward", "Index Name": "title_pkey", "Relation Name": "title", "Alias": "t", "Startup Cost": 0.0, "Total Cost": 0.34, "Plan Rows": 1, "Plan Width": 21, "Index Cond": "(id = mc.movie_id)", "Filter": "(production_year > 2005)"}]}, {"Node Type": "Index Scan", "Parent Relationship": "Inner", "Scan Direction": "Forward", "Index Name": "char_name_pkey", "Relation Name": "char_name", "Alias": "chn", "Startup Cost": 0.0, "Total Cost": 5.37, "Plan Rows": 1, "Plan Width": 20, "Index Cond": "(id = ci.person_role_id)"}]}, {"Node Type": "Index Scan", "Parent Relationship": "Inner", "Scan Direction": "Forward", "Index Name": "company_type_pkey", "Relation Name": "company_type", "Alias": "ct", "Startup Cost": 0.0, "Total Cost": 0.27, "Plan Rows": 1, "Plan Width": 4, "Index Cond": "(id = mc.company_type_id)"}]}]}, "Unique SQL Id": 2933943827, "Planner Runtime": 14}, "explain_analyze_plan": {"Plan": {"Node Type": "Aggregate", "Strategy": "Plain", "Startup Cost": 19914.67, "Total Cost": 19914.68, "Plan Rows": 1, "Plan Width": 97, "Actual Startup Time": 757.672, "Actual Total Time": 757.672, "Actual Rows": 1, "Actual Loops": 1, "Plans": [{"Node Type": "Nested Loop", "Parent Relationship": "Outer", "Join Type": "Inner", "Startup Cost": 0.0, "Total Cost": 19914.66, "Plan Rows": 2, "Plan Width": 33, "Actual Startup Time": 42.937, "Actual Total Time": 757.571, "Actual Rows": 18, "Actual Loops": 1, "Inner Unique": true, "Plans": [{"Node Type": "Nested Loop", "Parent Relationship": "Outer", "Join Type": "Inner", "Startup Cost": 0.0, "Total Cost": 19914.1, "Plan Rows": 2, "Plan Width": 37, "Actual Startup Time": 9.161, "Actual Total Time": 757.312, "Actual Rows": 104, "Actual Loops": 1, "Inner Unique": true, "Plans": [{"Node Type": "Nested Loop", "Parent Relationship": "Outer", "Join Type": "Inner", "Startup Cost": 0.0, "Total Cost": 19887.22, "Plan Rows": 5, "Plan Width": 25, "Actual Startup Time": 9.148, "Actual Total Time": 756.435, "Actual Rows": 112, "Actual Loops": 1, "Inner Unique": true, "Plans": [{"Node Type": "Nested Loop", "Parent Relationship": "Outer", "Join Type": "Inner", "Startup Cost": 0.0, "Total Cost": 19885.12, "Plan Rows": 6, "Plan Width": 16, "Actual Startup Time": 0.826, "Actual Total Time": 754.469, "Actual Rows": 275, "Actual Loops": 1, "Inner Unique": true, "Plans": [{"Node Type": "Nested Loop", "Parent Relationship": "Outer", "Join Type": "Inner", "Startup Cost": 0.0, "Total Cost": 19865.87, "Plan Rows": 68, "Plan Width": 20, "Actual Startup Time": 0.82, "Actual Total Time": 752.836, "Actual Rows": 377, "Actual Loops": 1, "Inner Unique": false, "Plans": [{"Node Type": "Nested Loop", "Parent Relationship": "Outer", "Join Type": "Inner", "Startup Cost": 0.0, "Total Cost": 16121.55, "Plan Rows": 3779, "Plan Width": 8, "Actual Startup Time": 0.073, "Actual Total Time": 101.541, "Actual Rows": 8790, "Actual Loops": 1, "Inner Unique": false, "Plans": [{"Node Type": "Seq Scan", "Parent Relationship": "Outer", "Relation Name": "company_name", "Alias": "cn", "Startup Cost": 0.0, "Total Cost": 5903.45, "Plan Rows": 251, "Plan Width": 4, "Actual Startup Time": 0.052, "Actual Total Time": 80.138, "Actual Rows": 1361, "Actual Loops": 1, "Filter": "((country_code)::text = '[ru]'::text)", "Rows Removed by Filter": 233635}, {"Node Type": "Index Scan", "Parent Relationship": "Inner", "Scan Direction": "Forward", "Index Name": "company_id_movie_companies", "Relation Name": "movie_companies", "Alias": "mc", "Startup Cost": 0.0, "Total Cost": 40.56, "Plan Rows": 15, "Plan Width": 12, "Actual Startup Time": 8.029, "Actual Total Time": 18.171, "Actual Rows": 8790, "Actual Loops": 1361, "Index Cond": "(company_id = cn.id)", "Rows Removed by Index Recheck": 0}]}, {"Node Type": "Index Scan", "Parent Relationship": "Inner", "Scan Direction": "Forward", "Index Name": "movie_id_cast_info", "Relation Name": "cast_info", "Alias": "ci", "Startup Cost": 0.0, "Total Cost": 0.98, "Plan Rows": 1, "Plan Width": 12, "Actual Startup Time": 608.51, "Actual Total Time": 646.047, "Actual Rows": 377, "Actual Loops": 8790, "Index Cond": "(movie_id = mc.movie_id)", "Rows Removed by Index Recheck": 0, "Filter": "(((note)::text ~~ '%(voice)%'::text) AND ((note)::text ~~ '%(uncredited)%'::text))", "Rows Removed by Filter": 408168}]}, {"Node Type": "Index Scan", "Parent Relationship": "Inner", "Scan Direction": "Forward", "Index Name": "role_type_pkey", "Relation Name": "role_type", "Alias": "rt", "Startup Cost": 0.0, "Total Cost": 0.27, "Plan Rows": 1, "Plan Width": 4, "Actual Startup Time": 1.123, "Actual Total Time": 1.123, "Actual Rows": 275, "Actual Loops": 377, "Index Cond": "(id = ci.role_id)", "Rows Removed by Index Recheck": 0, "Filter": "((role)::text = 'actor'::text)", "Rows Removed by Filter": 102}]}, {"Node Type": "Index Scan", "Parent Relationship": "Inner", "Scan Direction": "Forward", "Index Name": "title_pkey", "Relation Name": "title", "Alias": "t", "Startup Cost": 0.0, "Total Cost": 0.34, "Plan Rows": 1, "Plan Width": 21, "Actual Startup Time": 1.592, "Actual Total Time": 1.592, "Actual Rows": 112, "Actual Loops": 275, "Index Cond": "(id = mc.movie_id)", "Rows Removed by Index Recheck": 0, "Filter": "(production_year > 2005)", "Rows Removed by Filter": 163}]}, {"Node Type": "Index Scan", "Parent Relationship": "Inner", "Scan Direction": "Forward", "Index Name": "char_name_pkey", "Relation Name": "char_name", "Alias": "chn", "Startup Cost": 0.0, "Total Cost": 5.37, "Plan Rows": 1, "Plan Width": 20, "Actual Startup Time": 0.647, "Actual Total Time": 0.647, "Actual Rows": 104, "Actual Loops": 112, "Index Cond": "(id = ci.person_role_id)", "Rows Removed by Index Recheck": 0}]}, {"Node Type": "Index Scan", "Parent Relationship": "Inner", "Scan Direction": "Forward", "Index Name": "company_type_pkey", "Relation Name": "company_type", "Alias": "ct", "Startup Cost": 0.0, "Total Cost": 0.27, "Plan Rows": 1, "Plan Width": 4, "Actual Startup Time": 0.137, "Actual Total Time": 0.137, "Actual Rows": 18, "Actual Loops": 104, "Index Cond": "(id = mc.company_type_id)", "Rows Removed by Index Recheck": 0}]}]}, "Triggers": [], "Planner Runtime": 6, "Total Runtime": 758.022, "Unique SQL Id": 2933943827}}, "(1, 77)": {"explain_plan": {"Plan": {"Node Type": "Aggregate", "Strategy": "Plain", "Startup Cost": 24512.61, "Total Cost": 24512.62, "Plan Rows": 1, "Plan Width": 97, "Plans": [{"Node Type": "Nested Loop", "Parent Relationship": "Outer", "Join Type": "Inner", "Startup Cost": 0.0, "Total Cost": 24512.6, "Plan Rows": 2, "Plan Width": 33, "Inner Unique": true, "Plans": [{"Node Type": "Nested Loop", "Parent Relationship": "Outer", "Join Type": "Inner", "Startup Cost": 0.0, "Total Cost": 24512.04, "Plan Rows": 2, "Plan Width": 37, "Inner Unique": true, "Plans": [{"Node Type": "Nested Loop", "Parent Relationship": "Outer", "Join Type": "Inner", "Startup Cost": 0.0, "Total Cost": 24485.16, "Plan Rows": 5, "Plan Width": 25, "Inner Unique": true, "Plans": [{"Node Type": "Nested Loop", "Parent Relationship": "Outer", "Join Type": "Inner", "Startup Cost": 0.0, "Total Cost": 24483.05, "Plan Rows": 6, "Plan Width": 16, "Inner Unique": true, "Plans": [{"Node Type": "Nested Loop", "Parent Relationship": "Outer", "Join Type": "Inner", "Startup Cost": 0.0, "Total Cost": 24463.81, "Plan Rows": 68, "Plan Width": 20, "Inner Unique": false, "Plans": [{"Node Type": "Nested Loop", "Parent Relationship": "Outer", "Join Type": "Inner", "Startup Cost": 0.0, "Total Cost": 20719.49, "Plan Rows": 3779, "Plan Width": 8, "Inner Unique": false, "Plans": [{"Node Type": "Index Scan", "Parent Relationship": "Outer", "Scan Direction": "Forward", "Index Name": "company_name_pkey", "Relation Name": "company_name", "Alias": "cn", "Startup Cost": 0.0, "Total Cost": 10501.39, "Plan Rows": 251, "Plan Width": 4, "Filter": "((country_code)::text = '[ru]'::text)"}, {"Node Type": "Index Scan", "Parent Relationship": "Inner", "Scan Direction": "Forward", "Index Name": "company_id_movie_companies", "Relation Name": "movie_companies", "Alias": "mc", "Startup Cost": 0.0, "Total Cost": 40.56, "Plan Rows": 15, "Plan Width": 12, "Index Cond": "(company_id = cn.id)"}]}, {"Node Type": "Index Scan", "Parent Relationship": "Inner", "Scan Direction": "Forward", "Index Name": "movie_id_cast_info", "Relation Name": "cast_info", "Alias": "ci", "Startup Cost": 0.0, "Total Cost": 0.98, "Plan Rows": 1, "Plan Width": 12, "Index Cond": "(movie_id = mc.movie_id)", "Filter": "(((note)::text ~~ '%(voice)%'::text) AND ((note)::text ~~ '%(uncredited)%'::text))"}]}, {"Node Type": "Index Scan", "Parent Relationship": "Inner", "Scan Direction": "Forward", "Index Name": "role_type_pkey", "Relation Name": "role_type", "Alias": "rt", "Startup Cost": 0.0, "Total Cost": 0.27, "Plan Rows": 1, "Plan Width": 4, "Index Cond": "(id = ci.role_id)", "Filter": "((role)::text = 'actor'::text)"}]}, {"Node Type": "Index Scan", "Parent Relationship": "Inner", "Scan Direction": "Forward", "Index Name": "title_pkey", "Relation Name": "title", "Alias": "t", "Startup Cost": 0.0, "Total Cost": 0.34, "Plan Rows": 1, "Plan Width": 21, "Index Cond": "(id = mc.movie_id)", "Filter": "(production_year > 2005)"}]}, {"Node Type": "Index Scan", "Parent Relationship": "Inner", "Scan Direction": "Forward", "Index Name": "char_name_pkey", "Relation Name": "char_name", "Alias": "chn", "Startup Cost": 0.0, "Total Cost": 5.37, "Plan Rows": 1, "Plan Width": 20, "Index Cond": "(id = ci.person_role_id)"}]}, {"Node Type": "Index Scan", "Parent Relationship": "Inner", "Scan Direction": "Forward", "Index Name": "company_type_pkey", "Relation Name": "company_type", "Alias": "ct", "Startup Cost": 0.0, "Total Cost": 0.27, "Plan Rows": 1, "Plan Width": 4, "Index Cond": "(id = mc.company_type_id)"}]}]}, "Unique SQL Id": 2933943827, "Planner Runtime": 11}, "explain_analyze_plan": {"Plan": {"Node Type": "Aggregate", "Strategy": "Plain", "Startup Cost": 24512.61, "Total Cost": 24512.62, "Plan Rows": 1, "Plan Width": 97, "Actual Startup Time": 1004.411, "Actual Total Time": 1004.411, "Actual Rows": 1, "Actual Loops": 1, "Plans": [{"Node Type": "Nested Loop", "Parent Relationship": "Outer", "Join Type": "Inner", "Startup Cost": 0.0, "Total Cost": 24512.6, "Plan Rows": 2, "Plan Width": 33, "Actual Startup Time": 25.279, "Actual Total Time": 1004.303, "Actual Rows": 18, "Actual Loops": 1, "Inner Unique": true, "Plans": [{"Node Type": "Nested Loop", "Parent Relationship": "Outer", "Join Type": "Inner", "Startup Cost": 0.0, "Total Cost": 24512.04, "Plan Rows": 2, "Plan Width": 37, "Actual Startup Time": 19.269, "Actual Total Time": 1004.035, "Actual Rows": 104, "Actual Loops": 1, "Inner Unique": true, "Plans": [{"Node Type": "Nested Loop", "Parent Relationship": "Outer", "Join Type": "Inner", "Startup Cost": 0.0, "Total Cost": 24485.16, "Plan Rows": 5, "Plan Width": 25, "Actual Startup Time": 19.259, "Actual Total Time": 1003.163, "Actual Rows": 112, "Actual Loops": 1, "Inner Unique": true, "Plans": [{"Node Type": "Nested Loop", "Parent Relationship": "Outer", "Join Type": "Inner", "Startup Cost": 0.0, "Total Cost": 24483.05, "Plan Rows": 6, "Plan Width": 16, "Actual Startup Time": 5.142, "Actual Total Time": 1001.081, "Actual Rows": 275, "Actual Loops": 1, "Inner Unique": true, "Plans": [{"Node Type": "Nested Loop", "Parent Relationship": "Outer", "Join Type": "Inner", "Startup Cost": 0.0, "Total Cost": 24463.81, "Plan Rows": 68, "Plan Width": 20, "Actual Startup Time": 5.13, "Actual Total Time": 999.331, "Actual Rows": 377, "Actual Loops": 1, "Inner Unique": false, "Plans": [{"Node Type": "Nested Loop", "Parent Relationship": "Outer", "Join Type": "Inner", "Startup Cost": 0.0, "Total Cost": 20719.49, "Plan Rows": 3779, "Plan Width": 8, "Actual Startup Time": 0.394, "Actual Total Time": 325.444, "Actual Rows": 8790, "Actual Loops": 1, "Inner Unique": false, "Plans": [{"Node Type": "Index Scan", "Parent Relationship": "Outer", "Scan Direction": "Forward", "Index Name": "company_name_pkey", "Relation Name": "company_name", "Alias": "cn", "Startup Cost": 0.0, "Total Cost": 10501.39, "Plan Rows": 251, "Plan Width": 4, "Actual Startup Time": 0.378, "Actual Total Time": 303.349, "Actual Rows": 1361, "Actual Loops": 1, "Filter": "((country_code)::text = '[ru]'::text)", "Rows Removed by Filter": 233635}, {"Node Type": "Index Scan", "Parent Relationship": "Inner", "Scan Direction": "Forward", "Index Name": "company_id_movie_companies", "Relation Name": "movie_companies", "Alias": "mc", "Startup Cost": 0.0, "Total Cost": 40.56, "Plan Rows": 15, "Plan Width": 12, "Actual Startup Time": 7.85, "Actual Total Time": 18.573, "Actual Rows": 8790, "Actual Loops": 1361, "Index Cond": "(company_id = cn.id)", "Rows Removed by Index Recheck": 0}]}, {"Node Type": "Index Scan", "Parent Relationship": "Inner", "Scan Direction": "Forward", "Index Name": "movie_id_cast_info", "Relation Name": "cast_info", "Alias": "ci", "Startup Cost": 0.0, "Total Cost": 0.98, "Plan Rows": 1, "Plan Width": 12, "Actual Startup Time": 630.04, "Actual Total Time": 668.227, "Actual Rows": 377, "Actual Loops": 8790, "Index Cond": "(movie_id = mc.movie_id)", "Rows Removed by Index Recheck": 0, "Filter": "(((note)::text ~~ '%(voice)%'::text) AND ((note)::text ~~ '%(uncredited)%'::text))", "Rows Removed by Filter": 408168}]}, {"Node Type": "Index Scan", "Parent Relationship": "Inner", "Scan Direction": "Forward", "Index Name": "role_type_pkey", "Relation Name": "role_type", "Alias": "rt", "Startup Cost": 0.0, "Total Cost": 0.27, "Plan Rows": 1, "Plan Width": 4, "Actual Startup Time": 1.198, "Actual Total Time": 1.198, "Actual Rows": 275, "Actual Loops": 377, "Index Cond": "(id = ci.role_id)", "Rows Removed by Index Recheck": 0, "Filter": "((role)::text = 'actor'::text)", "Rows Removed by Filter": 102}]}, {"Node Type": "Index Scan", "Parent Relationship": "Inner", "Scan Direction": "Forward", "Index Name": "title_pkey", "Relation Name": "title", "Alias": "t", "Startup Cost": 0.0, "Total Cost": 0.34, "Plan Rows": 1, "Plan Width": 21, "Actual Startup Time": 1.703, "Actual Total Time": 1.703, "Actual Rows": 112, "Actual Loops": 275, "Index Cond": "(id = mc.movie_id)", "Rows Removed by Index Recheck": 0, "Filter": "(production_year > 2005)", "Rows Removed by Filter": 163}]}, {"Node Type": "Index Scan", "Parent Relationship": "Inner", "Scan Direction": "Forward", "Index Name": "char_name_pkey", "Relation Name": "char_name", "Alias": "chn", "Startup Cost": 0.0, "Total Cost": 5.37, "Plan Rows": 1, "Plan Width": 20, "Actual Startup Time": 0.641, "Actual Total Time": 0.641, "Actual Rows": 104, "Actual Loops": 112, "Index Cond": "(id = ci.person_role_id)", "Rows Removed by Index Recheck": 0}]}, {"Node Type": "Index Scan", "Parent Relationship": "Inner", "Scan Direction": "Forward", "Index Name": "company_type_pkey", "Relation Name": "company_type", "Alias": "ct", "Startup Cost": 0.0, "Total Cost": 0.27, "Plan Rows": 1, "Plan Width": 4, "Actual Startup Time": 0.131, "Actual Total Time": 0.131, "Actual Rows": 18, "Actual Loops": 104, "Index Cond": "(id = mc.company_type_id)", "Rows Removed by Index Recheck": 0}]}]}, "Triggers": [], "Planner Runtime": 4, "Total Runtime": 1004.765, "Unique SQL Id": 2933943827}}, "(1, 78)": {"explain_plan": {"Plan": {"Node Type": "Aggregate", "Strategy": "Plain", "Startup Cost": 1006119.78, "Total Cost": 1006119.79, "Plan Rows": 1, "Plan Width": 97, "Plans": [{"Node Type": "Hash Join", "Parent Relationship": "Outer", "Join Type": "Inner", "Startup Cost": 911148.38, "Total Cost": 1006119.76, "Plan Rows": 4, "Plan Width": 33, "Inner Unique": true, "Hash Cond": "(mc.company_type_id = ct.id)", "Plans": [{"Node Type": "Hash Join", "Parent Relationship": "Outer", "Join Type": "Inner", "Startup Cost": 911147.31, "Total Cost": 1006118.67, "Plan Rows": 2, "Plan Width": 37, "Inner Unique": false, "Hash Cond": "(chn.id = ci.person_role_id)", "Plans": [{"Node Type": "Seq Scan", "Parent Relationship": "Outer", "Relation Name": "char_name", "Alias": "chn", "Startup Cost": 0.0, "Total Cost": 67493.38, "Plan Rows": 3140338, "Plan Width": 20}, {"Node Type": "Hash", "Parent Relationship": "Inner", "Startup Cost": 911147.25, "Total Cost": 911147.25, "Plan Rows": 5, "Plan Width": 25, "Plans": [{"Node Type": "Hash Join", "Parent Relationship": "Outer", "Join Type": "Inner", "Startup Cost": 127887.98, "Total Cost": 911147.25, "Plan Rows": 5, "Plan Width": 25, "Inner Unique": false, "Hash Cond": "(ci.movie_id = t.id)", "Plans": [{"Node Type": "Hash Join", "Parent Relationship": "Outer", "Join Type": "Inner", "Startup Cost": 1.16, "Total Cost": 783252.72, "Plan Rows": 2027, "Plan Width": 8, "Inner Unique": true, "Hash Cond": "(ci.role_id = rt.id)", "Plans": [{"Node Type": "Seq Scan", "Parent Relationship": "Outer", "Relation Name": "cast_info", "Alias": "ci", "Startup Cost": 0.0, "Total Cost": 783175.41, "Plan Rows": 22295, "Plan Width": 12, "Filter": "(((note)::text ~~ '%(voice)%'::text) AND ((note)::text ~~ '%(uncredited)%'::text))"}, {"Node Type": "Hash", "Parent Relationship": "Inner", "Startup Cost": 1.15, "Total Cost": 1.15, "Plan Rows": 1, "Plan Width": 4, "Plans": [{"Node Type": "Seq Scan", "Parent Relationship": "Outer", "Relation Name": "role_type", "Alias": "rt", "Startup Cost": 0.0, "Total Cost": 1.15, "Plan Rows": 1, "Plan Width": 4, "Filter": "((role)::text = 'actor'::text)"}]}]}, {"Node Type": "Hash", "Parent Relationship": "Inner", "Startup Cost": 127829.48, "Total Cost": 127829.48, "Plan Rows": 4587, "Plan Width": 29, "Plans": [{"Node Type": "Hash Join", "Parent Relationship": "Outer", "Join Type": "Inner", "Startup Cost": 57593.12, "Total Cost": 127829.48, "Plan Rows": 4587, "Plan Width": 29, "Inner Unique": false, "Hash Cond": "(t.id = mc.movie_id)", "Plans": [{"Node Type": "Seq Scan", "Parent Relationship": "Outer", "Relation Name": "title", "Alias": "t", "Startup Cost": 0.0, "Total Cost": 66389.89, "Plan Rows": 1013492, "Plan Width": 21, "Filter": "(production_year > 2005), (LLVM Optimized)"}, {"Node Type": "Hash", "Parent Relationship": "Inner", "Startup Cost": 57545.89, "Total Cost": 57545.89, "Plan Rows": 3779, "Plan Width": 8, "Plans": [{"Node Type": "Hash Join", "Parent Relationship": "Outer", "Join Type": "Inner", "Startup Cost": 5906.59, "Total Cost": 57545.89, "Plan Rows": 3779, "Plan Width": 8, "Inner Unique": true, "Hash Cond": "(mc.company_id = cn.id)", "Plans": [{"Node Type": "Seq Scan", "Parent Relationship": "Outer", "Relation Name": "movie_companies", "Alias": "mc", "Startup Cost": 0.0, "Total Cost": 41817.28, "Plan Rows": 2609128, "Plan Width": 12}, {"Node Type": "Hash", "Parent Relationship": "Inner", "Startup Cost": 5903.45, "Total Cost": 5903.45, "Plan Rows": 251, "Plan Width": 4, "Plans": [{"Node Type": "Seq Scan", "Parent Relationship": "Outer", "Relation Name": "company_name", "Alias": "cn", "Startup Cost": 0.0, "Total Cost": 5903.45, "Plan Rows": 251, "Plan Width": 4, "Filter": "((country_code)::text = '[ru]'::text)"}]}]}]}]}]}]}]}]}, {"Node Type": "Hash", "Parent Relationship": "Inner", "Startup Cost": 1.03, "Total Cost": 1.03, "Plan Rows": 3, "Plan Width": 4, "Plans": [{"Node Type": "Seq Scan", "Parent Relationship": "Outer", "Relation Name": "company_type", "Alias": "ct", "Startup Cost": 0.0, "Total Cost": 1.03, "Plan Rows": 3, "Plan Width": 4}]}]}]}, "Unique SQL Id": 2933943827, "Planner Runtime": 21}, "explain_analyze_plan": null}, "(1, 79)": {"explain_plan": {"Plan": {"Node Type": "Aggregate", "Strategy": "Plain", "Startup Cost": 6488202628666.15, "Total Cost": 6488202628666.16, "Plan Rows": 1, "Plan Width": 97, "Plans": [{"Node Type": "Hash Join", "Parent Relationship": "Outer", "Join Type": "Inner", "Startup Cost": 4510041135658.86, "Total Cost": 6488202628666.13, "Plan Rows": 4, "Plan Width": 33, "Inner Unique": true, "Hash Cond": "(ci.role_id = rt.id)", "Plans": [{"Node Type": "Hash Join", "Parent Relationship": "Outer", "Join Type": "Inner", "Startup Cost": 3510041134412.84, "Total Cost": 5488202627419.92, "Plan Rows": 40, "Plan Width": 37, "Inner Unique": true, "Hash Cond": "(mc.company_type_id = ct.id)", "Plans": [{"Node Type": "Hash Join", "Parent Relationship": "Outer", "Join Type": "Inner", "Startup Cost": 2510041133183.31, "Total Cost": 4488202626189.84, "Plan Rows": 40, "Plan Width": 41, "Inner Unique": true, "Hash Cond": "(mc.company_id = cn.id)", "Plans": [{"Node Type": "Merge Join", "Parent Relationship": "Outer", "Join Type": "Inner", "Startup Cost": 1510040083041.2, "Total Cost": 3488201575943.41, "Plan Rows": 27712, "Plan Width": 45, "Inner Unique": false, "Merge Cond": "(t.id = mc.movie_id)", "Plans": [{"Node Type": "Merge Join", "Parent Relationship": "Outer", "Join Type": "Inner", "Startup Cost": 1500040083041.2, "Total Cost": 2489168673554.28, "Plan Rows": 13119, "Plan Width": 45, "Inner Unique": true, "Merge Cond": "(ci.movie_id = t.id)", "Plans": [{"Node Type": "Sort", "Parent Relationship": "Outer", "Startup Cost": 1490040083041.2, "Total Cost": 1490040083068.22, "Plan Rows": 10808, "Plan Width": 24, "Sort Key": ["ci.movie_id"], "Plans": [{"Node Type": "Merge Join", "Parent Relationship": "Outer", "Join Type": "Inner", "Startup Cost": 59439679227.39, "Total Cost": 1490040082317.07, "Plan Rows": 10808, "Plan Width": 24, "Inner Unique": false, "Merge Cond": "(chn.id = ci.person_role_id)", "Plans": [{"Node Type": "Index Scan", "Parent Relationship": "Outer", "Scan Direction": "Forward", "Index Name": "char_name_pkey", "Relation Name": "char_name", "Alias": "chn", "Startup Cost": 10000000000.0, "Total Cost": 1000012987545.51, "Plan Rows": 3140338, "Plan Width": 20}, {"Node Type": "Index Scan", "Parent Relationship": "Inner", "Scan Direction": "Forward", "Index Name": "person_role_id_cast_info", "Relation Name": "cast_info", "Alias": "ci", "Startup Cost": 10000000000.0, "Total Cost": 1000211315681.48, "Plan Rows": 22295, "Plan Width": 12, "Filter": "(((note)::text ~~ '%(voice)%'::text) AND ((note)::text ~~ '%(uncredited)%'::text))"}]}]}, {"Node Type": "Index Scan", "Parent Relationship": "Inner", "Scan Direction": "Forward", "Index Name": "title_pkey", "Relation Name": "title", "Alias": "t", "Startup Cost": 10000000000.0, "Total Cost": 1000011644126.66, "Plan Rows": 1013492, "Plan Width": 21, "Filter": "(production_year > 2005), (LLVM Optimized)"}]}, {"Node Type": "Index Scan", "Parent Relationship": "Inner", "Scan Direction": "Forward", "Index Name": "movie_id_movie_companies", "Relation Name": "movie_companies", "Alias": "mc", "Startup Cost": 10000000000.0, "Total Cost": 1000013051946.13, "Plan Rows": 2609128, "Plan Width": 12}]}, {"Node Type": "Hash", "Parent Relationship": "Inner", "Startup Cost": 1000001050138.97, "Total Cost": 1000001050138.97, "Plan Rows": 251, "Plan Width": 4, "Plans": [{"Node Type": "Index Scan", "Parent Relationship": "Outer", "Scan Direction": "Forward", "Index Name": "company_name_pkey", "Relation Name": "company_name", "Alias": "cn", "Startup Cost": 10000000000.0, "Total Cost": 1000001050138.97, "Plan Rows": 251, "Plan Width": 4, "Filter": "((country_code)::text = '[ru]'::text)"}]}]}, {"Node Type": "Hash", "Parent Relationship": "Inner", "Startup Cost": 1000000001229.5, "Total Cost": 1000000001229.5, "Plan Rows": 3, "Plan Width": 4, "Plans": [{"Node Type": "Index Scan", "Parent Relationship": "Outer", "Scan Direction": "Forward", "Index Name": "company_type_pkey", "Relation Name": "company_type", "Alias": "ct", "Startup Cost": 10000000000.0, "Total Cost": 1000000001229.5, "Plan Rows": 3, "Plan Width": 4}]}]}, {"Node Type": "Hash", "Parent Relationship": "Inner", "Startup Cost": 1000000001246.0, "Total Cost": 1000000001246.0, "Plan Rows": 1, "Plan Width": 4, "Plans": [{"Node Type": "Index Scan", "Parent Relationship": "Outer", "Scan Direction": "Forward", "Index Name": "role_type_pkey", "Relation Name": "role_type", "Alias": "rt", "Startup Cost": 10000000000.0, "Total Cost": 1000000001246.0, "Plan Rows": 1, "Plan Width": 4, "Filter": "((role)::text = 'actor'::text)"}]}]}]}, "Unique SQL Id": 2933943827, "Planner Runtime": 43}, "explain_analyze_plan": null}, "(1, 80)": {"explain_plan": {"Plan": {"Node Type": "Aggregate", "Strategy": "Plain", "Startup Cost": 19914.67, "Total Cost": 19914.68, "Plan Rows": 1, "Plan Width": 97, "Plans": [{"Node Type": "Nested Loop", "Parent Relationship": "Outer", "Join Type": "Inner", "Startup Cost": 0.0, "Total Cost": 19914.66, "Plan Rows": 2, "Plan Width": 33, "Inner Unique": true, "Plans": [{"Node Type": "Nested Loop", "Parent Relationship": "Outer", "Join Type": "Inner", "Startup Cost": 0.0, "Total Cost": 19914.1, "Plan Rows": 2, "Plan Width": 37, "Inner Unique": true, "Plans": [{"Node Type": "Nested Loop", "Parent Relationship": "Outer", "Join Type": "Inner", "Startup Cost": 0.0, "Total Cost": 19887.22, "Plan Rows": 5, "Plan Width": 25, "Inner Unique": true, "Plans": [{"Node Type": "Nested Loop", "Parent Relationship": "Outer", "Join Type": "Inner", "Startup Cost": 0.0, "Total Cost": 19885.12, "Plan Rows": 6, "Plan Width": 16, "Inner Unique": true, "Plans": [{"Node Type": "Nested Loop", "Parent Relationship": "Outer", "Join Type": "Inner", "Startup Cost": 0.0, "Total Cost": 19865.87, "Plan Rows": 68, "Plan Width": 20, "Inner Unique": false, "Plans": [{"Node Type": "Nested Loop", "Parent Relationship": "Outer", "Join Type": "Inner", "Startup Cost": 0.0, "Total Cost": 16121.55, "Plan Rows": 3779, "Plan Width": 8, "Inner Unique": false, "Plans": [{"Node Type": "Seq Scan", "Parent Relationship": "Outer", "Relation Name": "company_name", "Alias": "cn", "Startup Cost": 0.0, "Total Cost": 5903.45, "Plan Rows": 251, "Plan Width": 4, "Filter": "((country_code)::text = '[ru]'::text)"}, {"Node Type": "Index Scan", "Parent Relationship": "Inner", "Scan Direction": "Forward", "Index Name": "company_id_movie_companies", "Relation Name": "movie_companies", "Alias": "mc", "Startup Cost": 0.0, "Total Cost": 40.56, "Plan Rows": 15, "Plan Width": 12, "Index Cond": "(company_id = cn.id)"}]}, {"Node Type": "Index Scan", "Parent Relationship": "Inner", "Scan Direction": "Forward", "Index Name": "movie_id_cast_info", "Relation Name": "cast_info", "Alias": "ci", "Startup Cost": 0.0, "Total Cost": 0.98, "Plan Rows": 1, "Plan Width": 12, "Index Cond": "(movie_id = mc.movie_id)", "Filter": "(((note)::text ~~ '%(voice)%'::text) AND ((note)::text ~~ '%(uncredited)%'::text))"}]}, {"Node Type": "Index Scan", "Parent Relationship": "Inner", "Scan Direction": "Forward", "Index Name": "role_type_pkey", "Relation Name": "role_type", "Alias": "rt", "Startup Cost": 0.0, "Total Cost": 0.27, "Plan Rows": 1, "Plan Width": 4, "Index Cond": "(id = ci.role_id)", "Filter": "((role)::text = 'actor'::text)"}]}, {"Node Type": "Index Scan", "Parent Relationship": "Inner", "Scan Direction": "Forward", "Index Name": "title_pkey", "Relation Name": "title", "Alias": "t", "Startup Cost": 0.0, "Total Cost": 0.34, "Plan Rows": 1, "Plan Width": 21, "Index Cond": "(id = mc.movie_id)", "Filter": "(production_year > 2005)"}]}, {"Node Type": "Index Scan", "Parent Relationship": "Inner", "Scan Direction": "Forward", "Index Name": "char_name_pkey", "Relation Name": "char_name", "Alias": "chn", "Startup Cost": 0.0, "Total Cost": 5.37, "Plan Rows": 1, "Plan Width": 20, "Index Cond": "(id = ci.person_role_id)"}]}, {"Node Type": "Index Only Scan", "Parent Relationship": "Inner", "Scan Direction": "Forward", "Index Name": "company_type_pkey", "Relation Name": "company_type", "Alias": "ct", "Startup Cost": 0.0, "Total Cost": 0.27, "Plan Rows": 1, "Plan Width": 4, "Index Cond": "(id = mc.company_type_id)"}]}]}, "Unique SQL Id": 2933943827, "Planner Runtime": 11}, "explain_analyze_plan": {"Plan": {"Node Type": "Aggregate", "Strategy": "Plain", "Startup Cost": 19914.67, "Total Cost": 19914.68, "Plan Rows": 1, "Plan Width": 97, "Actual Startup Time": 747.77, "Actual Total Time": 747.77, "Actual Rows": 1, "Actual Loops": 1, "Plans": [{"Node Type": "Nested Loop", "Parent Relationship": "Outer", "Join Type": "Inner", "Startup Cost": 0.0, "Total Cost": 19914.66, "Plan Rows": 2, "Plan Width": 33, "Actual Startup Time": 41.866, "Actual Total Time": 747.642, "Actual Rows": 18, "Actual Loops": 1, "Inner Unique": true, "Plans": [{"Node Type": "Nested Loop", "Parent Relationship": "Outer", "Join Type": "Inner", "Startup Cost": 0.0, "Total Cost": 19914.1, "Plan Rows": 2, "Plan Width": 37, "Actual Startup Time": 8.627, "Actual Total Time": 747.353, "Actual Rows": 104, "Actual Loops": 1, "Inner Unique": true, "Plans": [{"Node Type": "Nested Loop", "Parent Relationship": "Outer", "Join Type": "Inner", "Startup Cost": 0.0, "Total Cost": 19887.22, "Plan Rows": 5, "Plan Width": 25, "Actual Startup Time": 8.616, "Actual Total Time": 746.498, "Actual Rows": 112, "Actual Loops": 1, "Inner Unique": true, "Plans": [{"Node Type": "Nested Loop", "Parent Relationship": "Outer", "Join Type": "Inner", "Startup Cost": 0.0, "Total Cost": 19885.12, "Plan Rows": 6, "Plan Width": 16, "Actual Startup Time": 0.778, "Actual Total Time": 744.543, "Actual Rows": 275, "Actual Loops": 1, "Inner Unique": true, "Plans": [{"Node Type": "Nested Loop", "Parent Relationship": "Outer", "Join Type": "Inner", "Startup Cost": 0.0, "Total Cost": 19865.87, "Plan Rows": 68, "Plan Width": 20, "Actual Startup Time": 0.77, "Actual Total Time": 742.914, "Actual Rows": 377, "Actual Loops": 1, "Inner Unique": false, "Plans": [{"Node Type": "Nested Loop", "Parent Relationship": "Outer", "Join Type": "Inner", "Startup Cost": 0.0, "Total Cost": 16121.55, "Plan Rows": 3779, "Plan Width": 8, "Actual Startup Time": 0.069, "Actual Total Time": 101.023, "Actual Rows": 8790, "Actual Loops": 1, "Inner Unique": false, "Plans": [{"Node Type": "Seq Scan", "Parent Relationship": "Outer", "Relation Name": "company_name", "Alias": "cn", "Startup Cost": 0.0, "Total Cost": 5903.45, "Plan Rows": 251, "Plan Width": 4, "Actual Startup Time": 0.049, "Actual Total Time": 80.047, "Actual Rows": 1361, "Actual Loops": 1, "Filter": "((country_code)::text = '[ru]'::text)", "Rows Removed by Filter": 233635}, {"Node Type": "Index Scan", "Parent Relationship": "Inner", "Scan Direction": "Forward", "Index Name": "company_id_movie_companies", "Relation Name": "movie_companies", "Alias": "mc", "Startup Cost": 0.0, "Total Cost": 40.56, "Plan Rows": 15, "Plan Width": 12, "Actual Startup Time": 7.761, "Actual Total Time": 17.771, "Actual Rows": 8790, "Actual Loops": 1361, "Index Cond": "(company_id = cn.id)", "Rows Removed by Index Recheck": 0}]}, {"Node Type": "Index Scan", "Parent Relationship": "Inner", "Scan Direction": "Forward", "Index Name": "movie_id_cast_info", "Relation Name": "cast_info", "Alias": "ci", "Startup Cost": 0.0, "Total Cost": 0.98, "Plan Rows": 1, "Plan Width": 12, "Actual Startup Time": 599.435, "Actual Total Time": 636.598, "Actual Rows": 377, "Actual Loops": 8790, "Index Cond": "(movie_id = mc.movie_id)", "Rows Removed by Index Recheck": 0, "Filter": "(((note)::text ~~ '%(voice)%'::text) AND ((note)::text ~~ '%(uncredited)%'::text))", "Rows Removed by Filter": 408168}]}, {"Node Type": "Index Scan", "Parent Relationship": "Inner", "Scan Direction": "Forward", "Index Name": "role_type_pkey", "Relation Name": "role_type", "Alias": "rt", "Startup Cost": 0.0, "Total Cost": 0.27, "Plan Rows": 1, "Plan Width": 4, "Actual Startup Time": 1.125, "Actual Total Time": 1.125, "Actual Rows": 275, "Actual Loops": 377, "Index Cond": "(id = ci.role_id)", "Rows Removed by Index Recheck": 0, "Filter": "((role)::text = 'actor'::text)", "Rows Removed by Filter": 102}]}, {"Node Type": "Index Scan", "Parent Relationship": "Inner", "Scan Direction": "Forward", "Index Name": "title_pkey", "Relation Name": "title", "Alias": "t", "Startup Cost": 0.0, "Total Cost": 0.34, "Plan Rows": 1, "Plan Width": 21, "Actual Startup Time": 1.565, "Actual Total Time": 1.565, "Actual Rows": 112, "Actual Loops": 275, "Index Cond": "(id = mc.movie_id)", "Rows Removed by Index Recheck": 0, "Filter": "(production_year > 2005)", "Rows Removed by Filter": 163}]}, {"Node Type": "Index Scan", "Parent Relationship": "Inner", "Scan Direction": "Forward", "Index Name": "char_name_pkey", "Relation Name": "char_name", "Alias": "chn", "Startup Cost": 0.0, "Total Cost": 5.37, "Plan Rows": 1, "Plan Width": 20, "Actual Startup Time": 0.628, "Actual Total Time": 0.628, "Actual Rows": 104, "Actual Loops": 112, "Index Cond": "(id = ci.person_role_id)", "Rows Removed by Index Recheck": 0}]}, {"Node Type": "Index Only Scan", "Parent Relationship": "Inner", "Scan Direction": "Forward", "Index Name": "company_type_pkey", "Relation Name": "company_type", "Alias": "ct", "Startup Cost": 0.0, "Total Cost": 0.27, "Plan Rows": 1, "Plan Width": 4, "Actual Startup Time": 0.164, "Actual Total Time": 0.164, "Actual Rows": 18, "Actual Loops": 104, "Index Cond": "(id = mc.company_type_id)", "Rows Removed by Index Recheck": 0, "Heap Fetches": 0}]}]}, "Triggers": [], "Planner Runtime": 5, "Total Runtime": 748.112, "Unique SQL Id": 2933943827}}, "(1, 81)": {"explain_plan": {"Plan": {"Node Type": "Aggregate", "Strategy": "Plain", "Startup Cost": 24512.61, "Total Cost": 24512.62, "Plan Rows": 1, "Plan Width": 97, "Plans": [{"Node Type": "Nested Loop", "Parent Relationship": "Outer", "Join Type": "Inner", "Startup Cost": 0.0, "Total Cost": 24512.6, "Plan Rows": 2, "Plan Width": 33, "Inner Unique": true, "Plans": [{"Node Type": "Nested Loop", "Parent Relationship": "Outer", "Join Type": "Inner", "Startup Cost": 0.0, "Total Cost": 24512.04, "Plan Rows": 2, "Plan Width": 37, "Inner Unique": true, "Plans": [{"Node Type": "Nested Loop", "Parent Relationship": "Outer", "Join Type": "Inner", "Startup Cost": 0.0, "Total Cost": 24485.16, "Plan Rows": 5, "Plan Width": 25, "Inner Unique": true, "Plans": [{"Node Type": "Nested Loop", "Parent Relationship": "Outer", "Join Type": "Inner", "Startup Cost": 0.0, "Total Cost": 24483.05, "Plan Rows": 6, "Plan Width": 16, "Inner Unique": true, "Plans": [{"Node Type": "Nested Loop", "Parent Relationship": "Outer", "Join Type": "Inner", "Startup Cost": 0.0, "Total Cost": 24463.81, "Plan Rows": 68, "Plan Width": 20, "Inner Unique": false, "Plans": [{"Node Type": "Nested Loop", "Parent Relationship": "Outer", "Join Type": "Inner", "Startup Cost": 0.0, "Total Cost": 20719.49, "Plan Rows": 3779, "Plan Width": 8, "Inner Unique": false, "Plans": [{"Node Type": "Index Scan", "Parent Relationship": "Outer", "Scan Direction": "Forward", "Index Name": "company_name_pkey", "Relation Name": "company_name", "Alias": "cn", "Startup Cost": 0.0, "Total Cost": 10501.39, "Plan Rows": 251, "Plan Width": 4, "Filter": "((country_code)::text = '[ru]'::text)"}, {"Node Type": "Index Scan", "Parent Relationship": "Inner", "Scan Direction": "Forward", "Index Name": "company_id_movie_companies", "Relation Name": "movie_companies", "Alias": "mc", "Startup Cost": 0.0, "Total Cost": 40.56, "Plan Rows": 15, "Plan Width": 12, "Index Cond": "(company_id = cn.id)"}]}, {"Node Type": "Index Scan", "Parent Relationship": "Inner", "Scan Direction": "Forward", "Index Name": "movie_id_cast_info", "Relation Name": "cast_info", "Alias": "ci", "Startup Cost": 0.0, "Total Cost": 0.98, "Plan Rows": 1, "Plan Width": 12, "Index Cond": "(movie_id = mc.movie_id)", "Filter": "(((note)::text ~~ '%(voice)%'::text) AND ((note)::text ~~ '%(uncredited)%'::text))"}]}, {"Node Type": "Index Scan", "Parent Relationship": "Inner", "Scan Direction": "Forward", "Index Name": "role_type_pkey", "Relation Name": "role_type", "Alias": "rt", "Startup Cost": 0.0, "Total Cost": 0.27, "Plan Rows": 1, "Plan Width": 4, "Index Cond": "(id = ci.role_id)", "Filter": "((role)::text = 'actor'::text)"}]}, {"Node Type": "Index Scan", "Parent Relationship": "Inner", "Scan Direction": "Forward", "Index Name": "title_pkey", "Relation Name": "title", "Alias": "t", "Startup Cost": 0.0, "Total Cost": 0.34, "Plan Rows": 1, "Plan Width": 21, "Index Cond": "(id = mc.movie_id)", "Filter": "(production_year > 2005)"}]}, {"Node Type": "Index Scan", "Parent Relationship": "Inner", "Scan Direction": "Forward", "Index Name": "char_name_pkey", "Relation Name": "char_name", "Alias": "chn", "Startup Cost": 0.0, "Total Cost": 5.37, "Plan Rows": 1, "Plan Width": 20, "Index Cond": "(id = ci.person_role_id)"}]}, {"Node Type": "Index Only Scan", "Parent Relationship": "Inner", "Scan Direction": "Forward", "Index Name": "company_type_pkey", "Relation Name": "company_type", "Alias": "ct", "Startup Cost": 0.0, "Total Cost": 0.27, "Plan Rows": 1, "Plan Width": 4, "Index Cond": "(id = mc.company_type_id)"}]}]}, "Unique SQL Id": 2933943827, "Planner Runtime": 10}, "explain_analyze_plan": {"Plan": {"Node Type": "Aggregate", "Strategy": "Plain", "Startup Cost": 24512.61, "Total Cost": 24512.62, "Plan Rows": 1, "Plan Width": 97, "Actual Startup Time": 1177.526, "Actual Total Time": 1177.527, "Actual Rows": 1, "Actual Loops": 1, "Plans": [{"Node Type": "Nested Loop", "Parent Relationship": "Outer", "Join Type": "Inner", "Startup Cost": 0.0, "Total Cost": 24512.6, "Plan Rows": 2, "Plan Width": 33, "Actual Startup Time": 37.022, "Actual Total Time": 1177.415, "Actual Rows": 18, "Actual Loops": 1, "Inner Unique": true, "Plans": [{"Node Type": "Nested Loop", "Parent Relationship": "Outer", "Join Type": "Inner", "Startup Cost": 0.0, "Total Cost": 24512.04, "Plan Rows": 2, "Plan Width": 37, "Actual Startup Time": 28.615, "Actual Total Time": 1177.077, "Actual Rows": 104, "Actual Loops": 1, "Inner Unique": true, "Plans": [{"Node Type": "Nested Loop", "Parent Relationship": "Outer", "Join Type": "Inner", "Startup Cost": 0.0, "Total Cost": 24485.16, "Plan Rows": 5, "Plan Width": 25, "Actual Startup Time": 28.593, "Actual Total Time": 1175.945, "Actual Rows": 112, "Actual Loops": 1, "Inner Unique": true, "Plans": [{"Node Type": "Nested Loop", "Parent Relationship": "Outer", "Join Type": "Inner", "Startup Cost": 0.0, "Total Cost": 24483.05, "Plan Rows": 6, "Plan Width": 16, "Actual Startup Time": 8.531, "Actual Total Time": 1173.512, "Actual Rows": 275, "Actual Loops": 1, "Inner Unique": true, "Plans": [{"Node Type": "Nested Loop", "Parent Relationship": "Outer", "Join Type": "Inner", "Startup Cost": 0.0, "Total Cost": 24463.81, "Plan Rows": 68, "Plan Width": 20, "Actual Startup Time": 8.509, "Actual Total Time": 1171.854, "Actual Rows": 377, "Actual Loops": 1, "Inner Unique": false, "Plans": [{"Node Type": "Nested Loop", "Parent Relationship": "Outer", "Join Type": "Inner", "Startup Cost": 0.0, "Total Cost": 20719.49, "Plan Rows": 3779, "Plan Width": 8, "Actual Startup Time": 0.393, "Actual Total Time": 320.093, "Actual Rows": 8790, "Actual Loops": 1, "Inner Unique": false, "Plans": [{"Node Type": "Index Scan", "Parent Relationship": "Outer", "Scan Direction": "Forward", "Index Name": "company_name_pkey", "Relation Name": "company_name", "Alias": "cn", "Startup Cost": 0.0, "Total Cost": 10501.39, "Plan Rows": 251, "Plan Width": 4, "Actual Startup Time": 0.379, "Actual Total Time": 295.713, "Actual Rows": 1361, "Actual Loops": 1, "Filter": "((country_code)::text = '[ru]'::text)", "Rows Removed by Filter": 233635}, {"Node Type": "Index Scan", "Parent Relationship": "Inner", "Scan Direction": "Forward", "Index Name": "company_id_movie_companies", "Relation Name": "movie_companies", "Alias": "mc", "Startup Cost": 0.0, "Total Cost": 40.56, "Plan Rows": 15, "Plan Width": 12, "Actual Startup Time": 7.632, "Actual Total Time": 20.631, "Actual Rows": 8790, "Actual Loops": 1361, "Index Cond": "(company_id = cn.id)", "Rows Removed by Index Recheck": 0}]}, {"Node Type": "Index Scan", "Parent Relationship": "Inner", "Scan Direction": "Forward", "Index Name": "movie_id_cast_info", "Relation Name": "cast_info", "Alias": "ci", "Startup Cost": 0.0, "Total Cost": 0.98, "Plan Rows": 1, "Plan Width": 12, "Actual Startup Time": 795.582, "Actual Total Time": 846.472, "Actual Rows": 377, "Actual Loops": 8790, "Index Cond": "(movie_id = mc.movie_id)", "Rows Removed by Index Recheck": 0, "Filter": "(((note)::text ~~ '%(voice)%'::text) AND ((note)::text ~~ '%(uncredited)%'::text))", "Rows Removed by Filter": 408168}]}, {"Node Type": "Index Scan", "Parent Relationship": "Inner", "Scan Direction": "Forward", "Index Name": "role_type_pkey", "Relation Name": "role_type", "Alias": "rt", "Startup Cost": 0.0, "Total Cost": 0.27, "Plan Rows": 1, "Plan Width": 4, "Actual Startup Time": 1.098, "Actual Total Time": 1.098, "Actual Rows": 275, "Actual Loops": 377, "Index Cond": "(id = ci.role_id)", "Rows Removed by Index Recheck": 0, "Filter": "((role)::text = 'actor'::text)", "Rows Removed by Filter": 102}]}, {"Node Type": "Index Scan", "Parent Relationship": "Inner", "Scan Direction": "Forward", "Index Name": "title_pkey", "Relation Name": "title", "Alias": "t", "Startup Cost": 0.0, "Total Cost": 0.34, "Plan Rows": 1, "Plan Width": 21, "Actual Startup Time": 2.044, "Actual Total Time": 2.044, "Actual Rows": 112, "Actual Loops": 275, "Index Cond": "(id = mc.movie_id)", "Rows Removed by Index Recheck": 0, "Filter": "(production_year > 2005)", "Rows Removed by Filter": 163}]}, {"Node Type": "Index Scan", "Parent Relationship": "Inner", "Scan Direction": "Forward", "Index Name": "char_name_pkey", "Relation Name": "char_name", "Alias": "chn", "Startup Cost": 0.0, "Total Cost": 5.37, "Plan Rows": 1, "Plan Width": 20, "Actual Startup Time": 0.88, "Actual Total Time": 0.88, "Actual Rows": 104, "Actual Loops": 112, "Index Cond": "(id = ci.person_role_id)", "Rows Removed by Index Recheck": 0}]}, {"Node Type": "Index Only Scan", "Parent Relationship": "Inner", "Scan Direction": "Forward", "Index Name": "company_type_pkey", "Relation Name": "company_type", "Alias": "ct", "Startup Cost": 0.0, "Total Cost": 0.27, "Plan Rows": 1, "Plan Width": 4, "Actual Startup Time": 0.173, "Actual Total Time": 0.173, "Actual Rows": 18, "Actual Loops": 104, "Index Cond": "(id = mc.company_type_id)", "Rows Removed by Index Recheck": 0, "Heap Fetches": 0}]}]}, "Triggers": [], "Planner Runtime": 4, "Total Runtime": 1177.883, "Unique SQL Id": 2933943827}}, "(1, 82)": {"explain_plan": {"Plan": {"Node Type": "Aggregate", "Strategy": "Plain", "Startup Cost": 38344.13, "Total Cost": 38344.14, "Plan Rows": 1, "Plan Width": 97, "Plans": [{"Node Type": "Nested Loop", "Parent Relationship": "Outer", "Join Type": "Inner", "Startup Cost": 38331.45, "Total Cost": 38344.12, "Plan Rows": 2, "Plan Width": 33, "Inner Unique": true, "Plans": [{"Node Type": "Merge Join", "Parent Relationship": "Outer", "Join Type": "Inner", "Startup Cost": 38331.17, "Total Cost": 38331.23, "Plan Rows": 3, "Plan Width": 24, "Inner Unique": true, "Merge Cond": "(mc.company_type_id = ct.id)", "Plans": [{"Node Type": "Sort", "Parent Relationship": "Outer", "Startup Cost": 38330.11, "Total Cost": 38330.12, "Plan Rows": 3, "Plan Width": 28, "Sort Key": ["mc.company_type_id"], "Plans": [{"Node Type": "Nested Loop", "Parent Relationship": "Outer", "Join Type": "Inner", "Startup Cost": 38294.05, "Total Cost": 38330.09, "Plan Rows": 3, "Plan Width": 28, "Inner Unique": true, "Plans": [{"Node Type": "Merge Join", "Parent Relationship": "Outer", "Join Type": "Inner", "Startup Cost": 38291.75, "Total Cost": 38292.16, "Plan Rows": 6, "Plan Width": 16, "Inner Unique": false, "Merge Cond": "(rt.id = ci.role_id)", "Plans": [{"Node Type": "Sort", "Parent Relationship": "Outer", "Startup Cost": 1.16, "Total Cost": 1.16, "Plan Rows": 1, "Plan Width": 4, "Sort Key": ["rt.id"], "Plans": [{"Node Type": "Seq Scan", "Parent Relationship": "Outer", "Relation Name": "role_type", "Alias": "rt", "Startup Cost": 0.0, "Total Cost": 1.15, "Plan Rows": 1, "Plan Width": 4, "Filter": "((role)::text = 'actor'::text)"}]}, {"Node Type": "Sort", "Parent Relationship": "Inner", "Startup Cost": 38290.59, "Total Cost": 38290.76, "Plan Rows": 68, "Plan Width": 20, "Sort Key": ["ci.role_id"], "Plans": [{"Node Type": "Nested Loop", "Parent Relationship": "Outer", "Join Type": "Inner", "Startup Cost": 4.83, "Total Cost": 38288.52, "Plan Rows": 68, "Plan Width": 20, "Inner Unique": false, "Plans": [{"Node Type": "Nested Loop", "Parent Relationship": "Outer", "Join Type": "Inner", "Startup Cost": 4.32, "Total Cost": 20813.55, "Plan Rows": 3779, "Plan Width": 8, "Inner Unique": false, "Plans": [{"Node Type": "Seq Scan", "Parent Relationship": "Outer", "Relation Name": "company_name", "Alias": "cn", "Startup Cost": 0.0, "Total Cost": 5903.45, "Plan Rows": 251, "Plan Width": 4, "Filter": "((country_code)::text = '[ru]'::text)"}, {"Node Type": "Bitmap Heap Scan", "Parent Relationship": "Inner", "Relation Name": "movie_companies", "Alias": "mc", "Startup Cost": 4.32, "Total Cost": 59.25, "Plan Rows": 15, "Plan Width": 12, "Recheck Cond": "(company_id = cn.id)", "Plans": [{"Node Type": "Bitmap Index Scan", "Parent Relationship": "Outer", "Index Name": "company_id_movie_companies", "Startup Cost": 0.0, "Total Cost": 4.31, "Plan Rows": 15, "Plan Width": 0, "Index Cond": "(company_id = cn.id)"}]}]}, {"Node Type": "Bitmap Heap Scan", "Parent Relationship": "Inner", "Relation Name": "cast_info", "Alias": "ci", "Startup Cost": 0.51, "Total Cost": 4.61, "Plan Rows": 1, "Plan Width": 12, "Recheck Cond": "(movie_id = mc.movie_id)", "Filter": "(((note)::text ~~ '%(voice)%'::text) AND ((note)::text ~~ '%(uncredited)%'::text))", "Plans": [{"Node Type": "Bitmap Index Scan", "Parent Relationship": "Outer", "Index Name": "movie_id_cast_info", "Startup Cost": 0.0, "Total Cost": 0.51, "Plan Rows": 6, "Plan Width": 0, "Index Cond": "(movie_id = mc.movie_id)"}]}]}]}]}, {"Node Type": "Bitmap Heap Scan", "Parent Relationship": "Inner", "Relation Name": "char_name", "Alias": "chn", "Startup Cost": 2.3, "Total Cost": 6.31, "Plan Rows": 1, "Plan Width": 20, "Recheck Cond": "(id = ci.person_role_id)", "Plans": [{"Node Type": "Bitmap Index Scan", "Parent Relationship": "Outer", "Index Name": "char_name_pkey", "Startup Cost": 0.0, "Total Cost": 2.3, "Plan Rows": 1, "Plan Width": 0, "Index Cond": "(id = ci.person_role_id)"}]}]}]}, {"Node Type": "Sort", "Parent Relationship": "Inner", "Startup Cost": 1.05, "Total Cost": 1.06, "Plan Rows": 3, "Plan Width": 4, "Sort Key": ["ct.id"], "Plans": [{"Node Type": "Seq Scan", "Parent Relationship": "Outer", "Relation Name": "company_type", "Alias": "ct", "Startup Cost": 0.0, "Total Cost": 1.03, "Plan Rows": 3, "Plan Width": 4}]}]}, {"Node Type": "Bitmap Heap Scan", "Parent Relationship": "Inner", "Relation Name": "title", "Alias": "t", "Startup Cost": 0.27, "Total Cost": 4.29, "Plan Rows": 1, "Plan Width": 21, "Recheck Cond": "(id = mc.movie_id)", "Filter": "(production_year > 2005)", "Plans": [{"Node Type": "Bitmap Index Scan", "Parent Relationship": "Outer", "Index Name": "title_pkey", "Startup Cost": 0.0, "Total Cost": 0.27, "Plan Rows": 1, "Plan Width": 0, "Index Cond": "(id = mc.movie_id)"}]}]}]}, "Unique SQL Id": 2933943827, "Planner Runtime": 11}, "explain_analyze_plan": {"Plan": {"Node Type": "Aggregate", "Strategy": "Plain", "Startup Cost": 38344.13, "Total Cost": 38344.14, "Plan Rows": 1, "Plan Width": 97, "Actual Startup Time": 948.444, "Actual Total Time": 948.445, "Actual Rows": 1, "Actual Loops": 1, "Plans": [{"Node Type": "Nested Loop", "Parent Relationship": "Outer", "Join Type": "Inner", "Startup Cost": 38331.45, "Total Cost": 38344.12, "Plan Rows": 2, "Plan Width": 33, "Actual Startup Time": 948.122, "Actual Total Time": 948.409, "Actual Rows": 18, "Actual Loops": 1, "Inner Unique": true, "Plans": [{"Node Type": "Merge Join", "Parent Relationship": "Outer", "Join Type": "Inner", "Startup Cost": 38331.17, "Total Cost": 38331.23, "Plan Rows": 3, "Plan Width": 24, "Actual Startup Time": 948.09, "Actual Total Time": 948.112, "Actual Rows": 42, "Actual Loops": 1, "Inner Unique": true, "Merge Cond": "(mc.company_type_id = ct.id)", "Plans": [{"Node Type": "Sort", "Parent Relationship": "Outer", "Startup Cost": 38330.11, "Total Cost": 38330.12, "Plan Rows": 3, "Plan Width": 28, "Actual Startup Time": 947.998, "Actual Total Time": 948.024, "Actual Rows": 265, "Actual Loops": 1, "Sort Key": ["mc.company_type_id"], "Sort Method": "quicksort", "Sort Space Used": 50, "Sort Space Type": "Memory", "Plans": [{"Node Type": "Nested Loop", "Parent Relationship": "Outer", "Join Type": "Inner", "Startup Cost": 38294.05, "Total Cost": 38330.09, "Plan Rows": 3, "Plan Width": 28, "Actual Startup Time": 946.001, "Actual Total Time": 947.863, "Actual Rows": 265, "Actual Loops": 1, "Inner Unique": true, "Plans": [{"Node Type": "Merge Join", "Parent Relationship": "Outer", "Join Type": "Inner", "Startup Cost": 38291.75, "Total Cost": 38292.16, "Plan Rows": 6, "Plan Width": 16, "Actual Startup Time": 945.966, "Actual Total Time": 946.097, "Actual Rows": 275, "Actual Loops": 1, "Inner Unique": false, "Merge Cond": "(rt.id = ci.role_id)", "Plans": [{"Node Type": "Sort", "Parent Relationship": "Outer", "Startup Cost": 1.16, "Total Cost": 1.16, "Plan Rows": 1, "Plan Width": 4, "Actual Startup Time": 0.039, "Actual Total Time": 0.039, "Actual Rows": 1, "Actual Loops": 1, "Sort Key": ["rt.id"], "Sort Method": "quicksort", "Sort Space Used": 25, "Sort Space Type": "Memory", "Plans": [{"Node Type": "Seq Scan", "Parent Relationship": "Outer", "Relation Name": "role_type", "Alias": "rt", "Startup Cost": 0.0, "Total Cost": 1.15, "Plan Rows": 1, "Plan Width": 4, "Actual Startup Time": 0.024, "Actual Total Time": 0.028, "Actual Rows": 1, "Actual Loops": 1, "Filter": "((role)::text = 'actor'::text)", "Rows Removed by Filter": 11}]}, {"Node Type": "Sort", "Parent Relationship": "Inner", "Startup Cost": 38290.59, "Total Cost": 38290.76, "Plan Rows": 68, "Plan Width": 20, "Actual Startup Time": 945.916, "Actual Total Time": 945.954, "Actual Rows": 276, "Actual Loops": 1, "Sort Key": ["ci.role_id"], "Sort Method": "quicksort", "Sort Space Used": 60, "Sort Space Type": "Memory", "Plans": [{"Node Type": "Nested Loop", "Parent Relationship": "Outer", "Join Type": "Inner", "Startup Cost": 4.83, "Total Cost": 38288.52, "Plan Rows": 68, "Plan Width": 20, "Actual Startup Time": 0.925, "Actual Total Time": 945.438, "Actual Rows": 377, "Actual Loops": 1, "Inner Unique": false, "Plans": [{"Node Type": "Nested Loop", "Parent Relationship": "Outer", "Join Type": "Inner", "Startup Cost": 4.32, "Total Cost": 20813.55, "Plan Rows": 3779, "Plan Width": 8, "Actual Startup Time": 0.075, "Actual Total Time": 108.852, "Actual Rows": 8790, "Actual Loops": 1, "Inner Unique": false, "Plans": [{"Node Type": "Seq Scan", "Parent Relationship": "Outer", "Relation Name": "company_name", "Alias": "cn", "Startup Cost": 0.0, "Total Cost": 5903.45, "Plan Rows": 251, "Plan Width": 4, "Actual Startup Time": 0.033, "Actual Total Time": 80.432, "Actual Rows": 1361, "Actual Loops": 1, "Filter": "((country_code)::text = '[ru]'::text)", "Rows Removed by Filter": 233635}, {"Node Type": "Bitmap Heap Scan", "Parent Relationship": "Inner", "Relation Name": "movie_companies", "Alias": "mc", "Startup Cost": 4.32, "Total Cost": 59.25, "Plan Rows": 15, "Plan Width": 12, "Actual Startup Time": 12.253, "Actual Total Time": 23.899, "Actual Rows": 8790, "Actual Loops": 1361, "Recheck Cond": "(company_id = cn.id)", "Rows Removed by Index Recheck": 0, "Exact Heap Blocks": 7155, "Lossy Heap Blocks": 7155, "Plans": [{"Node Type": "Bitmap Index Scan", "Parent Relationship": "Outer", "Index Name": "company_id_movie_companies", "Startup Cost": 0.0, "Total Cost": 4.31, "Plan Rows": 15, "Plan Width": 0, "Actual Startup Time": 7.734, "Actual Total Time": 7.734, "Actual Rows": 8790, "Actual Loops": 1361, "Index Cond": "(company_id = cn.id)"}]}]}, {"Node Type": "Bitmap Heap Scan", "Parent Relationship": "Inner", "Relation Name": "cast_info", "Alias": "ci", "Startup Cost": 0.51, "Total Cost": 4.61, "Plan Rows": 1, "Plan Width": 12, "Actual Startup Time": 778.614, "Actual Total Time": 820.92, "Actual Rows": 377, "Actual Loops": 8790, "Recheck Cond": "(movie_id = mc.movie_id)", "Rows Removed by Index Recheck": 0, "Filter": "(((note)::text ~~ '%(voice)%'::text) AND ((note)::text ~~ '%(uncredited)%'::text))", "Rows Removed by Filter": 408168, "Exact Heap Blocks": 397651, "Lossy Heap Blocks": 397651, "Plans": [{"Node Type": "Bitmap Index Scan", "Parent Relationship": "Outer", "Index Name": "movie_id_cast_info", "Startup Cost": 0.0, "Total Cost": 0.51, "Plan Rows": 6, "Plan Width": 0, "Actual Startup Time": 112.972, "Actual Total Time": 112.972, "Actual Rows": 408545, "Actual Loops": 8790, "Index Cond": "(movie_id = mc.movie_id)"}]}]}]}]}, {"Node Type": "Bitmap Heap Scan", "Parent Relationship": "Inner", "Relation Name": "char_name", "Alias": "chn", "Startup Cost": 2.3, "Total Cost": 6.31, "Plan Rows": 1, "Plan Width": 20, "Actual Startup Time": 1.389, "Actual Total Time": 1.389, "Actual Rows": 265, "Actual Loops": 275, "Recheck Cond": "(id = ci.person_role_id)", "Rows Removed by Index Recheck": 0, "Exact Heap Blocks": 265, "Lossy Heap Blocks": 265, "Plans": [{"Node Type": "Bitmap Index Scan", "Parent Relationship": "Outer", "Index Name": "char_name_pkey", "Startup Cost": 0.0, "Total Cost": 2.3, "Plan Rows": 1, "Plan Width": 0, "Actual Startup Time": 0.919, "Actual Total Time": 0.919, "Actual Rows": 265, "Actual Loops": 275, "Index Cond": "(id = ci.person_role_id)"}]}]}]}, {"Node Type": "Sort", "Parent Relationship": "Inner", "Startup Cost": 1.05, "Total Cost": 1.06, "Plan Rows": 3, "Plan Width": 4, "Actual Startup Time": 0.033, "Actual Total Time": 0.033, "Actual Rows": 1, "Actual Loops": 1, "Sort Key": ["ct.id"], "Sort Method": "quicksort", "Sort Space Used": 25, "Sort Space Type": "Memory", "Plans": [{"Node Type": "Seq Scan", "Parent Relationship": "Outer", "Relation Name": "company_type", "Alias": "ct", "Startup Cost": 0.0, "Total Cost": 1.03, "Plan Rows": 3, "Plan Width": 4, "Actual Startup Time": 0.007, "Actual Total Time": 0.008, "Actual Rows": 3, "Actual Loops": 1}]}]}, {"Node Type": "Bitmap Heap Scan", "Parent Relationship": "Inner", "Relation Name": "title", "Alias": "t", "Startup Cost": 0.27, "Total Cost": 4.29, "Plan Rows": 1, "Plan Width": 21, "Actual Startup Time": 0.238, "Actual Total Time": 0.238, "Actual Rows": 18, "Actual Loops": 42, "Recheck Cond": "(id = mc.movie_id)", "Rows Removed by Index Recheck": 0, "Filter": "(production_year > 2005)", "Rows Removed by Filter": 24, "Exact Heap Blocks": 42, "Lossy Heap Blocks": 42, "Plans": [{"Node Type": "Bitmap Index Scan", "Parent Relationship": "Outer", "Index Name": "title_pkey", "Startup Cost": 0.0, "Total Cost": 0.27, "Plan Rows": 1, "Plan Width": 0, "Actual Startup Time": 0.135, "Actual Total Time": 0.135, "Actual Rows": 42, "Actual Loops": 42, "Index Cond": "(id = mc.movie_id)"}]}]}]}, "Triggers": [], "Planner Runtime": 11, "Total Runtime": 948.787, "Unique SQL Id": 2933943827}}, "(1, 83)": {"explain_plan": {"Plan": {"Node Type": "Aggregate", "Strategy": "Plain", "Startup Cost": 1000020511889.56, "Total Cost": 1000020511889.57, "Plan Rows": 1, "Plan Width": 97, "Plans": [{"Node Type": "Nested Loop", "Parent Relationship": "Outer", "Join Type": "Inner", "Startup Cost": 10000000003.85, "Total Cost": 1000020511889.55, "Plan Rows": 2, "Plan Width": 33, "Inner Unique": true, "Plans": [{"Node Type": "Nested Loop", "Parent Relationship": "Outer", "Join Type": "Inner", "Startup Cost": 10000000003.6, "Total Cost": 1000020511880.99, "Plan Rows": 2, "Plan Width": 37, "Inner Unique": true, "Plans": [{"Node Type": "Nested Loop", "Parent Relationship": "Outer", "Join Type": "Inner", "Startup Cost": 10000000003.32, "Total Cost": 1000020511868.1, "Plan Rows": 3, "Plan Width": 28, "Inner Unique": true, "Plans": [{"Node Type": "Nested Loop", "Parent Relationship": "Outer", "Join Type": "Inner", "Startup Cost": 10000000001.03, "Total Cost": 1000020511830.17, "Plan Rows": 6, "Plan Width": 16, "Inner Unique": true, "Plans": [{"Node Type": "Nested Loop", "Parent Relationship": "Outer", "Join Type": "Inner", "Startup Cost": 10000000000.77, "Total Cost": 1000020511538.92, "Plan Rows": 68, "Plan Width": 20, "Inner Unique": false, "Plans": [{"Node Type": "Nested Loop", "Parent Relationship": "Outer", "Join Type": "Inner", "Startup Cost": 10000000000.26, "Total Cost": 1000020494063.94, "Plan Rows": 3779, "Plan Width": 8, "Inner Unique": true, "Plans": [{"Node Type": "Index Scan", "Parent Relationship": "Outer", "Scan Direction": "Forward", "Index Name": "company_type_id_movie_companies", "Relation Name": "movie_companies", "Alias": "mc", "Startup Cost": 10000000000.0, "Total Cost": 1000009318217.0, "Plan Rows": 2609128, "Plan Width": 12}, {"Node Type": "Bitmap Heap Scan", "Parent Relationship": "Inner", "Relation Name": "company_name", "Alias": "cn", "Startup Cost": 0.26, "Total Cost": 4.27, "Plan Rows": 1, "Plan Width": 4, "Recheck Cond": "(id = mc.company_id)", "Filter": "((country_code)::text = '[ru]'::text)", "Plans": [{"Node Type": "Bitmap Index Scan", "Parent Relationship": "Outer", "Index Name": "company_name_pkey", "Startup Cost": 0.0, "Total Cost": 0.26, "Plan Rows": 1, "Plan Width": 0, "Index Cond": "(id = mc.company_id)"}]}]}, {"Node Type": "Bitmap Heap Scan", "Parent Relationship": "Inner", "Relation Name": "cast_info", "Alias": "ci", "Startup Cost": 0.51, "Total Cost": 4.61, "Plan Rows": 1, "Plan Width": 12, "Recheck Cond": "(movie_id = mc.movie_id)", "Filter": "(((note)::text ~~ '%(voice)%'::text) AND ((note)::text ~~ '%(uncredited)%'::text))", "Plans": [{"Node Type": "Bitmap Index Scan", "Parent Relationship": "Outer", "Index Name": "movie_id_cast_info", "Startup Cost": 0.0, "Total Cost": 0.51, "Plan Rows": 6, "Plan Width": 0, "Index Cond": "(movie_id = mc.movie_id)"}]}]}, {"Node Type": "Bitmap Heap Scan", "Parent Relationship": "Inner", "Relation Name": "role_type", "Alias": "rt", "Startup Cost": 0.26, "Total Cost": 4.27, "Plan Rows": 1, "Plan Width": 4, "Recheck Cond": "(id = ci.role_id)", "Filter": "((role)::text = 'actor'::text)", "Plans": [{"Node Type": "Bitmap Index Scan", "Parent Relationship": "Outer", "Index Name": "role_type_pkey", "Startup Cost": 0.0, "Total Cost": 0.26, "Plan Rows": 1, "Plan Width": 0, "Index Cond": "(id = ci.role_id)"}]}]}, {"Node Type": "Bitmap Heap Scan", "Parent Relationship": "Inner", "Relation Name": "char_name", "Alias": "chn", "Startup Cost": 2.3, "Total Cost": 6.31, "Plan Rows": 1, "Plan Width": 20, "Recheck Cond": "(id = ci.person_role_id)", "Plans": [{"Node Type": "Bitmap Index Scan", "Parent Relationship": "Outer", "Index Name": "char_name_pkey", "Startup Cost": 0.0, "Total Cost": 2.3, "Plan Rows": 1, "Plan Width": 0, "Index Cond": "(id = ci.person_role_id)"}]}]}, {"Node Type": "Bitmap Heap Scan", "Parent Relationship": "Inner", "Relation Name": "title", "Alias": "t", "Startup Cost": 0.27, "Total Cost": 4.29, "Plan Rows": 1, "Plan Width": 21, "Recheck Cond": "(id = mc.movie_id)", "Filter": "(production_year > 2005)", "Plans": [{"Node Type": "Bitmap Index Scan", "Parent Relationship": "Outer", "Index Name": "title_pkey", "Startup Cost": 0.0, "Total Cost": 0.27, "Plan Rows": 1, "Plan Width": 0, "Index Cond": "(id = mc.movie_id)"}]}]}, {"Node Type": "Bitmap Heap Scan", "Parent Relationship": "Inner", "Relation Name": "company_type", "Alias": "ct", "Startup Cost": 0.26, "Total Cost": 4.27, "Plan Rows": 1, "Plan Width": 4, "Recheck Cond": "(id = mc.company_type_id)", "Plans": [{"Node Type": "Bitmap Index Scan", "Parent Relationship": "Outer", "Index Name": "company_type_pkey", "Startup Cost": 0.0, "Total Cost": 0.26, "Plan Rows": 1, "Plan Width": 0, "Index Cond": "(id = mc.company_type_id)"}]}]}]}, "Unique SQL Id": 2933943827, "Planner Runtime": 6}, "explain_analyze_plan": null}, "(1, 84)": {"explain_plan": {"Plan": {"Node Type": "Aggregate", "Strategy": "Plain", "Startup Cost": 19914.67, "Total Cost": 19914.68, "Plan Rows": 1, "Plan Width": 97, "Plans": [{"Node Type": "Nested Loop", "Parent Relationship": "Outer", "Join Type": "Inner", "Startup Cost": 0.0, "Total Cost": 19914.66, "Plan Rows": 2, "Plan Width": 33, "Inner Unique": true, "Plans": [{"Node Type": "Nested Loop", "Parent Relationship": "Outer", "Join Type": "Inner", "Startup Cost": 0.0, "Total Cost": 19914.1, "Plan Rows": 2, "Plan Width": 37, "Inner Unique": true, "Plans": [{"Node Type": "Nested Loop", "Parent Relationship": "Outer", "Join Type": "Inner", "Startup Cost": 0.0, "Total Cost": 19887.22, "Plan Rows": 5, "Plan Width": 25, "Inner Unique": true, "Plans": [{"Node Type": "Nested Loop", "Parent Relationship": "Outer", "Join Type": "Inner", "Startup Cost": 0.0, "Total Cost": 19885.12, "Plan Rows": 6, "Plan Width": 16, "Inner Unique": true, "Plans": [{"Node Type": "Nested Loop", "Parent Relationship": "Outer", "Join Type": "Inner", "Startup Cost": 0.0, "Total Cost": 19865.87, "Plan Rows": 68, "Plan Width": 20, "Inner Unique": false, "Plans": [{"Node Type": "Nested Loop", "Parent Relationship": "Outer", "Join Type": "Inner", "Startup Cost": 0.0, "Total Cost": 16121.55, "Plan Rows": 3779, "Plan Width": 8, "Inner Unique": false, "Plans": [{"Node Type": "Seq Scan", "Parent Relationship": "Outer", "Relation Name": "company_name", "Alias": "cn", "Startup Cost": 0.0, "Total Cost": 5903.45, "Plan Rows": 251, "Plan Width": 4, "Filter": "((country_code)::text = '[ru]'::text)"}, {"Node Type": "Index Scan", "Parent Relationship": "Inner", "Scan Direction": "Forward", "Index Name": "company_id_movie_companies", "Relation Name": "movie_companies", "Alias": "mc", "Startup Cost": 0.0, "Total Cost": 40.56, "Plan Rows": 15, "Plan Width": 12, "Index Cond": "(company_id = cn.id)"}]}, {"Node Type": "Index Scan", "Parent Relationship": "Inner", "Scan Direction": "Forward", "Index Name": "movie_id_cast_info", "Relation Name": "cast_info", "Alias": "ci", "Startup Cost": 0.0, "Total Cost": 0.98, "Plan Rows": 1, "Plan Width": 12, "Index Cond": "(movie_id = mc.movie_id)", "Filter": "(((note)::text ~~ '%(voice)%'::text) AND ((note)::text ~~ '%(uncredited)%'::text))"}]}, {"Node Type": "Index Scan", "Parent Relationship": "Inner", "Scan Direction": "Forward", "Index Name": "role_type_pkey", "Relation Name": "role_type", "Alias": "rt", "Startup Cost": 0.0, "Total Cost": 0.27, "Plan Rows": 1, "Plan Width": 4, "Index Cond": "(id = ci.role_id)", "Filter": "((role)::text = 'actor'::text)"}]}, {"Node Type": "Index Scan", "Parent Relationship": "Inner", "Scan Direction": "Forward", "Index Name": "title_pkey", "Relation Name": "title", "Alias": "t", "Startup Cost": 0.0, "Total Cost": 0.34, "Plan Rows": 1, "Plan Width": 21, "Index Cond": "(id = mc.movie_id)", "Filter": "(production_year > 2005)"}]}, {"Node Type": "Index Scan", "Parent Relationship": "Inner", "Scan Direction": "Forward", "Index Name": "char_name_pkey", "Relation Name": "char_name", "Alias": "chn", "Startup Cost": 0.0, "Total Cost": 5.37, "Plan Rows": 1, "Plan Width": 20, "Index Cond": "(id = ci.person_role_id)"}]}, {"Node Type": "Index Scan", "Parent Relationship": "Inner", "Scan Direction": "Forward", "Index Name": "company_type_pkey", "Relation Name": "company_type", "Alias": "ct", "Startup Cost": 0.0, "Total Cost": 0.27, "Plan Rows": 1, "Plan Width": 4, "Index Cond": "(id = mc.company_type_id)"}]}]}, "Unique SQL Id": 2933943827, "Planner Runtime": 11}, "explain_analyze_plan": {"Plan": {"Node Type": "Aggregate", "Strategy": "Plain", "Startup Cost": 19914.67, "Total Cost": 19914.68, "Plan Rows": 1, "Plan Width": 97, "Actual Startup Time": 757.672, "Actual Total Time": 757.672, "Actual Rows": 1, "Actual Loops": 1, "Plans": [{"Node Type": "Nested Loop", "Parent Relationship": "Outer", "Join Type": "Inner", "Startup Cost": 0.0, "Total Cost": 19914.66, "Plan Rows": 2, "Plan Width": 33, "Actual Startup Time": 42.937, "Actual Total Time": 757.571, "Actual Rows": 18, "Actual Loops": 1, "Inner Unique": true, "Plans": [{"Node Type": "Nested Loop", "Parent Relationship": "Outer", "Join Type": "Inner", "Startup Cost": 0.0, "Total Cost": 19914.1, "Plan Rows": 2, "Plan Width": 37, "Actual Startup Time": 9.161, "Actual Total Time": 757.312, "Actual Rows": 104, "Actual Loops": 1, "Inner Unique": true, "Plans": [{"Node Type": "Nested Loop", "Parent Relationship": "Outer", "Join Type": "Inner", "Startup Cost": 0.0, "Total Cost": 19887.22, "Plan Rows": 5, "Plan Width": 25, "Actual Startup Time": 9.148, "Actual Total Time": 756.435, "Actual Rows": 112, "Actual Loops": 1, "Inner Unique": true, "Plans": [{"Node Type": "Nested Loop", "Parent Relationship": "Outer", "Join Type": "Inner", "Startup Cost": 0.0, "Total Cost": 19885.12, "Plan Rows": 6, "Plan Width": 16, "Actual Startup Time": 0.826, "Actual Total Time": 754.469, "Actual Rows": 275, "Actual Loops": 1, "Inner Unique": true, "Plans": [{"Node Type": "Nested Loop", "Parent Relationship": "Outer", "Join Type": "Inner", "Startup Cost": 0.0, "Total Cost": 19865.87, "Plan Rows": 68, "Plan Width": 20, "Actual Startup Time": 0.82, "Actual Total Time": 752.836, "Actual Rows": 377, "Actual Loops": 1, "Inner Unique": false, "Plans": [{"Node Type": "Nested Loop", "Parent Relationship": "Outer", "Join Type": "Inner", "Startup Cost": 0.0, "Total Cost": 16121.55, "Plan Rows": 3779, "Plan Width": 8, "Actual Startup Time": 0.073, "Actual Total Time": 101.541, "Actual Rows": 8790, "Actual Loops": 1, "Inner Unique": false, "Plans": [{"Node Type": "Seq Scan", "Parent Relationship": "Outer", "Relation Name": "company_name", "Alias": "cn", "Startup Cost": 0.0, "Total Cost": 5903.45, "Plan Rows": 251, "Plan Width": 4, "Actual Startup Time": 0.052, "Actual Total Time": 80.138, "Actual Rows": 1361, "Actual Loops": 1, "Filter": "((country_code)::text = '[ru]'::text)", "Rows Removed by Filter": 233635}, {"Node Type": "Index Scan", "Parent Relationship": "Inner", "Scan Direction": "Forward", "Index Name": "company_id_movie_companies", "Relation Name": "movie_companies", "Alias": "mc", "Startup Cost": 0.0, "Total Cost": 40.56, "Plan Rows": 15, "Plan Width": 12, "Actual Startup Time": 8.029, "Actual Total Time": 18.171, "Actual Rows": 8790, "Actual Loops": 1361, "Index Cond": "(company_id = cn.id)", "Rows Removed by Index Recheck": 0}]}, {"Node Type": "Index Scan", "Parent Relationship": "Inner", "Scan Direction": "Forward", "Index Name": "movie_id_cast_info", "Relation Name": "cast_info", "Alias": "ci", "Startup Cost": 0.0, "Total Cost": 0.98, "Plan Rows": 1, "Plan Width": 12, "Actual Startup Time": 608.51, "Actual Total Time": 646.047, "Actual Rows": 377, "Actual Loops": 8790, "Index Cond": "(movie_id = mc.movie_id)", "Rows Removed by Index Recheck": 0, "Filter": "(((note)::text ~~ '%(voice)%'::text) AND ((note)::text ~~ '%(uncredited)%'::text))", "Rows Removed by Filter": 408168}]}, {"Node Type": "Index Scan", "Parent Relationship": "Inner", "Scan Direction": "Forward", "Index Name": "role_type_pkey", "Relation Name": "role_type", "Alias": "rt", "Startup Cost": 0.0, "Total Cost": 0.27, "Plan Rows": 1, "Plan Width": 4, "Actual Startup Time": 1.123, "Actual Total Time": 1.123, "Actual Rows": 275, "Actual Loops": 377, "Index Cond": "(id = ci.role_id)", "Rows Removed by Index Recheck": 0, "Filter": "((role)::text = 'actor'::text)", "Rows Removed by Filter": 102}]}, {"Node Type": "Index Scan", "Parent Relationship": "Inner", "Scan Direction": "Forward", "Index Name": "title_pkey", "Relation Name": "title", "Alias": "t", "Startup Cost": 0.0, "Total Cost": 0.34, "Plan Rows": 1, "Plan Width": 21, "Actual Startup Time": 1.592, "Actual Total Time": 1.592, "Actual Rows": 112, "Actual Loops": 275, "Index Cond": "(id = mc.movie_id)", "Rows Removed by Index Recheck": 0, "Filter": "(production_year > 2005)", "Rows Removed by Filter": 163}]}, {"Node Type": "Index Scan", "Parent Relationship": "Inner", "Scan Direction": "Forward", "Index Name": "char_name_pkey", "Relation Name": "char_name", "Alias": "chn", "Startup Cost": 0.0, "Total Cost": 5.37, "Plan Rows": 1, "Plan Width": 20, "Actual Startup Time": 0.647, "Actual Total Time": 0.647, "Actual Rows": 104, "Actual Loops": 112, "Index Cond": "(id = ci.person_role_id)", "Rows Removed by Index Recheck": 0}]}, {"Node Type": "Index Scan", "Parent Relationship": "Inner", "Scan Direction": "Forward", "Index Name": "company_type_pkey", "Relation Name": "company_type", "Alias": "ct", "Startup Cost": 0.0, "Total Cost": 0.27, "Plan Rows": 1, "Plan Width": 4, "Actual Startup Time": 0.137, "Actual Total Time": 0.137, "Actual Rows": 18, "Actual Loops": 104, "Index Cond": "(id = mc.company_type_id)", "Rows Removed by Index Recheck": 0}]}]}, "Triggers": [], "Planner Runtime": 6, "Total Runtime": 758.022, "Unique SQL Id": 2933943827}}, "(1, 85)": {"explain_plan": {"Plan": {"Node Type": "Aggregate", "Strategy": "Plain", "Startup Cost": 24512.61, "Total Cost": 24512.62, "Plan Rows": 1, "Plan Width": 97, "Plans": [{"Node Type": "Nested Loop", "Parent Relationship": "Outer", "Join Type": "Inner", "Startup Cost": 0.0, "Total Cost": 24512.6, "Plan Rows": 2, "Plan Width": 33, "Inner Unique": true, "Plans": [{"Node Type": "Nested Loop", "Parent Relationship": "Outer", "Join Type": "Inner", "Startup Cost": 0.0, "Total Cost": 24512.04, "Plan Rows": 2, "Plan Width": 37, "Inner Unique": true, "Plans": [{"Node Type": "Nested Loop", "Parent Relationship": "Outer", "Join Type": "Inner", "Startup Cost": 0.0, "Total Cost": 24485.16, "Plan Rows": 5, "Plan Width": 25, "Inner Unique": true, "Plans": [{"Node Type": "Nested Loop", "Parent Relationship": "Outer", "Join Type": "Inner", "Startup Cost": 0.0, "Total Cost": 24483.05, "Plan Rows": 6, "Plan Width": 16, "Inner Unique": true, "Plans": [{"Node Type": "Nested Loop", "Parent Relationship": "Outer", "Join Type": "Inner", "Startup Cost": 0.0, "Total Cost": 24463.81, "Plan Rows": 68, "Plan Width": 20, "Inner Unique": false, "Plans": [{"Node Type": "Nested Loop", "Parent Relationship": "Outer", "Join Type": "Inner", "Startup Cost": 0.0, "Total Cost": 20719.49, "Plan Rows": 3779, "Plan Width": 8, "Inner Unique": false, "Plans": [{"Node Type": "Index Scan", "Parent Relationship": "Outer", "Scan Direction": "Forward", "Index Name": "company_name_pkey", "Relation Name": "company_name", "Alias": "cn", "Startup Cost": 0.0, "Total Cost": 10501.39, "Plan Rows": 251, "Plan Width": 4, "Filter": "((country_code)::text = '[ru]'::text)"}, {"Node Type": "Index Scan", "Parent Relationship": "Inner", "Scan Direction": "Forward", "Index Name": "company_id_movie_companies", "Relation Name": "movie_companies", "Alias": "mc", "Startup Cost": 0.0, "Total Cost": 40.56, "Plan Rows": 15, "Plan Width": 12, "Index Cond": "(company_id = cn.id)"}]}, {"Node Type": "Index Scan", "Parent Relationship": "Inner", "Scan Direction": "Forward", "Index Name": "movie_id_cast_info", "Relation Name": "cast_info", "Alias": "ci", "Startup Cost": 0.0, "Total Cost": 0.98, "Plan Rows": 1, "Plan Width": 12, "Index Cond": "(movie_id = mc.movie_id)", "Filter": "(((note)::text ~~ '%(voice)%'::text) AND ((note)::text ~~ '%(uncredited)%'::text))"}]}, {"Node Type": "Index Scan", "Parent Relationship": "Inner", "Scan Direction": "Forward", "Index Name": "role_type_pkey", "Relation Name": "role_type", "Alias": "rt", "Startup Cost": 0.0, "Total Cost": 0.27, "Plan Rows": 1, "Plan Width": 4, "Index Cond": "(id = ci.role_id)", "Filter": "((role)::text = 'actor'::text)"}]}, {"Node Type": "Index Scan", "Parent Relationship": "Inner", "Scan Direction": "Forward", "Index Name": "title_pkey", "Relation Name": "title", "Alias": "t", "Startup Cost": 0.0, "Total Cost": 0.34, "Plan Rows": 1, "Plan Width": 21, "Index Cond": "(id = mc.movie_id)", "Filter": "(production_year > 2005)"}]}, {"Node Type": "Index Scan", "Parent Relationship": "Inner", "Scan Direction": "Forward", "Index Name": "char_name_pkey", "Relation Name": "char_name", "Alias": "chn", "Startup Cost": 0.0, "Total Cost": 5.37, "Plan Rows": 1, "Plan Width": 20, "Index Cond": "(id = ci.person_role_id)"}]}, {"Node Type": "Index Scan", "Parent Relationship": "Inner", "Scan Direction": "Forward", "Index Name": "company_type_pkey", "Relation Name": "company_type", "Alias": "ct", "Startup Cost": 0.0, "Total Cost": 0.27, "Plan Rows": 1, "Plan Width": 4, "Index Cond": "(id = mc.company_type_id)"}]}]}, "Unique SQL Id": 2933943827, "Planner Runtime": 10}, "explain_analyze_plan": {"Plan": {"Node Type": "Aggregate", "Strategy": "Plain", "Startup Cost": 24512.61, "Total Cost": 24512.62, "Plan Rows": 1, "Plan Width": 97, "Actual Startup Time": 1004.411, "Actual Total Time": 1004.411, "Actual Rows": 1, "Actual Loops": 1, "Plans": [{"Node Type": "Nested Loop", "Parent Relationship": "Outer", "Join Type": "Inner", "Startup Cost": 0.0, "Total Cost": 24512.6, "Plan Rows": 2, "Plan Width": 33, "Actual Startup Time": 25.279, "Actual Total Time": 1004.303, "Actual Rows": 18, "Actual Loops": 1, "Inner Unique": true, "Plans": [{"Node Type": "Nested Loop", "Parent Relationship": "Outer", "Join Type": "Inner", "Startup Cost": 0.0, "Total Cost": 24512.04, "Plan Rows": 2, "Plan Width": 37, "Actual Startup Time": 19.269, "Actual Total Time": 1004.035, "Actual Rows": 104, "Actual Loops": 1, "Inner Unique": true, "Plans": [{"Node Type": "Nested Loop", "Parent Relationship": "Outer", "Join Type": "Inner", "Startup Cost": 0.0, "Total Cost": 24485.16, "Plan Rows": 5, "Plan Width": 25, "Actual Startup Time": 19.259, "Actual Total Time": 1003.163, "Actual Rows": 112, "Actual Loops": 1, "Inner Unique": true, "Plans": [{"Node Type": "Nested Loop", "Parent Relationship": "Outer", "Join Type": "Inner", "Startup Cost": 0.0, "Total Cost": 24483.05, "Plan Rows": 6, "Plan Width": 16, "Actual Startup Time": 5.142, "Actual Total Time": 1001.081, "Actual Rows": 275, "Actual Loops": 1, "Inner Unique": true, "Plans": [{"Node Type": "Nested Loop", "Parent Relationship": "Outer", "Join Type": "Inner", "Startup Cost": 0.0, "Total Cost": 24463.81, "Plan Rows": 68, "Plan Width": 20, "Actual Startup Time": 5.13, "Actual Total Time": 999.331, "Actual Rows": 377, "Actual Loops": 1, "Inner Unique": false, "Plans": [{"Node Type": "Nested Loop", "Parent Relationship": "Outer", "Join Type": "Inner", "Startup Cost": 0.0, "Total Cost": 20719.49, "Plan Rows": 3779, "Plan Width": 8, "Actual Startup Time": 0.394, "Actual Total Time": 325.444, "Actual Rows": 8790, "Actual Loops": 1, "Inner Unique": false, "Plans": [{"Node Type": "Index Scan", "Parent Relationship": "Outer", "Scan Direction": "Forward", "Index Name": "company_name_pkey", "Relation Name": "company_name", "Alias": "cn", "Startup Cost": 0.0, "Total Cost": 10501.39, "Plan Rows": 251, "Plan Width": 4, "Actual Startup Time": 0.378, "Actual Total Time": 303.349, "Actual Rows": 1361, "Actual Loops": 1, "Filter": "((country_code)::text = '[ru]'::text)", "Rows Removed by Filter": 233635}, {"Node Type": "Index Scan", "Parent Relationship": "Inner", "Scan Direction": "Forward", "Index Name": "company_id_movie_companies", "Relation Name": "movie_companies", "Alias": "mc", "Startup Cost": 0.0, "Total Cost": 40.56, "Plan Rows": 15, "Plan Width": 12, "Actual Startup Time": 7.85, "Actual Total Time": 18.573, "Actual Rows": 8790, "Actual Loops": 1361, "Index Cond": "(company_id = cn.id)", "Rows Removed by Index Recheck": 0}]}, {"Node Type": "Index Scan", "Parent Relationship": "Inner", "Scan Direction": "Forward", "Index Name": "movie_id_cast_info", "Relation Name": "cast_info", "Alias": "ci", "Startup Cost": 0.0, "Total Cost": 0.98, "Plan Rows": 1, "Plan Width": 12, "Actual Startup Time": 630.04, "Actual Total Time": 668.227, "Actual Rows": 377, "Actual Loops": 8790, "Index Cond": "(movie_id = mc.movie_id)", "Rows Removed by Index Recheck": 0, "Filter": "(((note)::text ~~ '%(voice)%'::text) AND ((note)::text ~~ '%(uncredited)%'::text))", "Rows Removed by Filter": 408168}]}, {"Node Type": "Index Scan", "Parent Relationship": "Inner", "Scan Direction": "Forward", "Index Name": "role_type_pkey", "Relation Name": "role_type", "Alias": "rt", "Startup Cost": 0.0, "Total Cost": 0.27, "Plan Rows": 1, "Plan Width": 4, "Actual Startup Time": 1.198, "Actual Total Time": 1.198, "Actual Rows": 275, "Actual Loops": 377, "Index Cond": "(id = ci.role_id)", "Rows Removed by Index Recheck": 0, "Filter": "((role)::text = 'actor'::text)", "Rows Removed by Filter": 102}]}, {"Node Type": "Index Scan", "Parent Relationship": "Inner", "Scan Direction": "Forward", "Index Name": "title_pkey", "Relation Name": "title", "Alias": "t", "Startup Cost": 0.0, "Total Cost": 0.34, "Plan Rows": 1, "Plan Width": 21, "Actual Startup Time": 1.703, "Actual Total Time": 1.703, "Actual Rows": 112, "Actual Loops": 275, "Index Cond": "(id = mc.movie_id)", "Rows Removed by Index Recheck": 0, "Filter": "(production_year > 2005)", "Rows Removed by Filter": 163}]}, {"Node Type": "Index Scan", "Parent Relationship": "Inner", "Scan Direction": "Forward", "Index Name": "char_name_pkey", "Relation Name": "char_name", "Alias": "chn", "Startup Cost": 0.0, "Total Cost": 5.37, "Plan Rows": 1, "Plan Width": 20, "Actual Startup Time": 0.641, "Actual Total Time": 0.641, "Actual Rows": 104, "Actual Loops": 112, "Index Cond": "(id = ci.person_role_id)", "Rows Removed by Index Recheck": 0}]}, {"Node Type": "Index Scan", "Parent Relationship": "Inner", "Scan Direction": "Forward", "Index Name": "company_type_pkey", "Relation Name": "company_type", "Alias": "ct", "Startup Cost": 0.0, "Total Cost": 0.27, "Plan Rows": 1, "Plan Width": 4, "Actual Startup Time": 0.131, "Actual Total Time": 0.131, "Actual Rows": 18, "Actual Loops": 104, "Index Cond": "(id = mc.company_type_id)", "Rows Removed by Index Recheck": 0}]}]}, "Triggers": [], "Planner Runtime": 4, "Total Runtime": 1004.765, "Unique SQL Id": 2933943827}}, "(1, 86)": {"explain_plan": {"Plan": {"Node Type": "Aggregate", "Strategy": "Plain", "Startup Cost": 38344.13, "Total Cost": 38344.14, "Plan Rows": 1, "Plan Width": 97, "Plans": [{"Node Type": "Nested Loop", "Parent Relationship": "Outer", "Join Type": "Inner", "Startup Cost": 38331.45, "Total Cost": 38344.12, "Plan Rows": 2, "Plan Width": 33, "Inner Unique": true, "Plans": [{"Node Type": "Merge Join", "Parent Relationship": "Outer", "Join Type": "Inner", "Startup Cost": 38331.17, "Total Cost": 38331.23, "Plan Rows": 3, "Plan Width": 24, "Inner Unique": true, "Merge Cond": "(mc.company_type_id = ct.id)", "Plans": [{"Node Type": "Sort", "Parent Relationship": "Outer", "Startup Cost": 38330.11, "Total Cost": 38330.12, "Plan Rows": 3, "Plan Width": 28, "Sort Key": ["mc.company_type_id"], "Plans": [{"Node Type": "Nested Loop", "Parent Relationship": "Outer", "Join Type": "Inner", "Startup Cost": 38294.05, "Total Cost": 38330.09, "Plan Rows": 3, "Plan Width": 28, "Inner Unique": true, "Plans": [{"Node Type": "Merge Join", "Parent Relationship": "Outer", "Join Type": "Inner", "Startup Cost": 38291.75, "Total Cost": 38292.16, "Plan Rows": 6, "Plan Width": 16, "Inner Unique": false, "Merge Cond": "(rt.id = ci.role_id)", "Plans": [{"Node Type": "Sort", "Parent Relationship": "Outer", "Startup Cost": 1.16, "Total Cost": 1.16, "Plan Rows": 1, "Plan Width": 4, "Sort Key": ["rt.id"], "Plans": [{"Node Type": "Seq Scan", "Parent Relationship": "Outer", "Relation Name": "role_type", "Alias": "rt", "Startup Cost": 0.0, "Total Cost": 1.15, "Plan Rows": 1, "Plan Width": 4, "Filter": "((role)::text = 'actor'::text)"}]}, {"Node Type": "Sort", "Parent Relationship": "Inner", "Startup Cost": 38290.59, "Total Cost": 38290.76, "Plan Rows": 68, "Plan Width": 20, "Sort Key": ["ci.role_id"], "Plans": [{"Node Type": "Nested Loop", "Parent Relationship": "Outer", "Join Type": "Inner", "Startup Cost": 4.83, "Total Cost": 38288.52, "Plan Rows": 68, "Plan Width": 20, "Inner Unique": false, "Plans": [{"Node Type": "Nested Loop", "Parent Relationship": "Outer", "Join Type": "Inner", "Startup Cost": 4.32, "Total Cost": 20813.55, "Plan Rows": 3779, "Plan Width": 8, "Inner Unique": false, "Plans": [{"Node Type": "Seq Scan", "Parent Relationship": "Outer", "Relation Name": "company_name", "Alias": "cn", "Startup Cost": 0.0, "Total Cost": 5903.45, "Plan Rows": 251, "Plan Width": 4, "Filter": "((country_code)::text = '[ru]'::text)"}, {"Node Type": "Bitmap Heap Scan", "Parent Relationship": "Inner", "Relation Name": "movie_companies", "Alias": "mc", "Startup Cost": 4.32, "Total Cost": 59.25, "Plan Rows": 15, "Plan Width": 12, "Recheck Cond": "(company_id = cn.id)", "Plans": [{"Node Type": "Bitmap Index Scan", "Parent Relationship": "Outer", "Index Name": "company_id_movie_companies", "Startup Cost": 0.0, "Total Cost": 4.31, "Plan Rows": 15, "Plan Width": 0, "Index Cond": "(company_id = cn.id)"}]}]}, {"Node Type": "Bitmap Heap Scan", "Parent Relationship": "Inner", "Relation Name": "cast_info", "Alias": "ci", "Startup Cost": 0.51, "Total Cost": 4.61, "Plan Rows": 1, "Plan Width": 12, "Recheck Cond": "(movie_id = mc.movie_id)", "Filter": "(((note)::text ~~ '%(voice)%'::text) AND ((note)::text ~~ '%(uncredited)%'::text))", "Plans": [{"Node Type": "Bitmap Index Scan", "Parent Relationship": "Outer", "Index Name": "movie_id_cast_info", "Startup Cost": 0.0, "Total Cost": 0.51, "Plan Rows": 6, "Plan Width": 0, "Index Cond": "(movie_id = mc.movie_id)"}]}]}]}]}, {"Node Type": "Bitmap Heap Scan", "Parent Relationship": "Inner", "Relation Name": "char_name", "Alias": "chn", "Startup Cost": 2.3, "Total Cost": 6.31, "Plan Rows": 1, "Plan Width": 20, "Recheck Cond": "(id = ci.person_role_id)", "Plans": [{"Node Type": "Bitmap Index Scan", "Parent Relationship": "Outer", "Index Name": "char_name_pkey", "Startup Cost": 0.0, "Total Cost": 2.3, "Plan Rows": 1, "Plan Width": 0, "Index Cond": "(id = ci.person_role_id)"}]}]}]}, {"Node Type": "Sort", "Parent Relationship": "Inner", "Startup Cost": 1.05, "Total Cost": 1.06, "Plan Rows": 3, "Plan Width": 4, "Sort Key": ["ct.id"], "Plans": [{"Node Type": "Seq Scan", "Parent Relationship": "Outer", "Relation Name": "company_type", "Alias": "ct", "Startup Cost": 0.0, "Total Cost": 1.03, "Plan Rows": 3, "Plan Width": 4}]}]}, {"Node Type": "Bitmap Heap Scan", "Parent Relationship": "Inner", "Relation Name": "title", "Alias": "t", "Startup Cost": 0.27, "Total Cost": 4.29, "Plan Rows": 1, "Plan Width": 21, "Recheck Cond": "(id = mc.movie_id)", "Filter": "(production_year > 2005)", "Plans": [{"Node Type": "Bitmap Index Scan", "Parent Relationship": "Outer", "Index Name": "title_pkey", "Startup Cost": 0.0, "Total Cost": 0.27, "Plan Rows": 1, "Plan Width": 0, "Index Cond": "(id = mc.movie_id)"}]}]}]}, "Unique SQL Id": 2933943827, "Planner Runtime": 11}, "explain_analyze_plan": {"Plan": {"Node Type": "Aggregate", "Strategy": "Plain", "Startup Cost": 38344.13, "Total Cost": 38344.14, "Plan Rows": 1, "Plan Width": 97, "Actual Startup Time": 948.444, "Actual Total Time": 948.445, "Actual Rows": 1, "Actual Loops": 1, "Plans": [{"Node Type": "Nested Loop", "Parent Relationship": "Outer", "Join Type": "Inner", "Startup Cost": 38331.45, "Total Cost": 38344.12, "Plan Rows": 2, "Plan Width": 33, "Actual Startup Time": 948.122, "Actual Total Time": 948.409, "Actual Rows": 18, "Actual Loops": 1, "Inner Unique": true, "Plans": [{"Node Type": "Merge Join", "Parent Relationship": "Outer", "Join Type": "Inner", "Startup Cost": 38331.17, "Total Cost": 38331.23, "Plan Rows": 3, "Plan Width": 24, "Actual Startup Time": 948.09, "Actual Total Time": 948.112, "Actual Rows": 42, "Actual Loops": 1, "Inner Unique": true, "Merge Cond": "(mc.company_type_id = ct.id)", "Plans": [{"Node Type": "Sort", "Parent Relationship": "Outer", "Startup Cost": 38330.11, "Total Cost": 38330.12, "Plan Rows": 3, "Plan Width": 28, "Actual Startup Time": 947.998, "Actual Total Time": 948.024, "Actual Rows": 265, "Actual Loops": 1, "Sort Key": ["mc.company_type_id"], "Sort Method": "quicksort", "Sort Space Used": 50, "Sort Space Type": "Memory", "Plans": [{"Node Type": "Nested Loop", "Parent Relationship": "Outer", "Join Type": "Inner", "Startup Cost": 38294.05, "Total Cost": 38330.09, "Plan Rows": 3, "Plan Width": 28, "Actual Startup Time": 946.001, "Actual Total Time": 947.863, "Actual Rows": 265, "Actual Loops": 1, "Inner Unique": true, "Plans": [{"Node Type": "Merge Join", "Parent Relationship": "Outer", "Join Type": "Inner", "Startup Cost": 38291.75, "Total Cost": 38292.16, "Plan Rows": 6, "Plan Width": 16, "Actual Startup Time": 945.966, "Actual Total Time": 946.097, "Actual Rows": 275, "Actual Loops": 1, "Inner Unique": false, "Merge Cond": "(rt.id = ci.role_id)", "Plans": [{"Node Type": "Sort", "Parent Relationship": "Outer", "Startup Cost": 1.16, "Total Cost": 1.16, "Plan Rows": 1, "Plan Width": 4, "Actual Startup Time": 0.039, "Actual Total Time": 0.039, "Actual Rows": 1, "Actual Loops": 1, "Sort Key": ["rt.id"], "Sort Method": "quicksort", "Sort Space Used": 25, "Sort Space Type": "Memory", "Plans": [{"Node Type": "Seq Scan", "Parent Relationship": "Outer", "Relation Name": "role_type", "Alias": "rt", "Startup Cost": 0.0, "Total Cost": 1.15, "Plan Rows": 1, "Plan Width": 4, "Actual Startup Time": 0.024, "Actual Total Time": 0.028, "Actual Rows": 1, "Actual Loops": 1, "Filter": "((role)::text = 'actor'::text)", "Rows Removed by Filter": 11}]}, {"Node Type": "Sort", "Parent Relationship": "Inner", "Startup Cost": 38290.59, "Total Cost": 38290.76, "Plan Rows": 68, "Plan Width": 20, "Actual Startup Time": 945.916, "Actual Total Time": 945.954, "Actual Rows": 276, "Actual Loops": 1, "Sort Key": ["ci.role_id"], "Sort Method": "quicksort", "Sort Space Used": 60, "Sort Space Type": "Memory", "Plans": [{"Node Type": "Nested Loop", "Parent Relationship": "Outer", "Join Type": "Inner", "Startup Cost": 4.83, "Total Cost": 38288.52, "Plan Rows": 68, "Plan Width": 20, "Actual Startup Time": 0.925, "Actual Total Time": 945.438, "Actual Rows": 377, "Actual Loops": 1, "Inner Unique": false, "Plans": [{"Node Type": "Nested Loop", "Parent Relationship": "Outer", "Join Type": "Inner", "Startup Cost": 4.32, "Total Cost": 20813.55, "Plan Rows": 3779, "Plan Width": 8, "Actual Startup Time": 0.075, "Actual Total Time": 108.852, "Actual Rows": 8790, "Actual Loops": 1, "Inner Unique": false, "Plans": [{"Node Type": "Seq Scan", "Parent Relationship": "Outer", "Relation Name": "company_name", "Alias": "cn", "Startup Cost": 0.0, "Total Cost": 5903.45, "Plan Rows": 251, "Plan Width": 4, "Actual Startup Time": 0.033, "Actual Total Time": 80.432, "Actual Rows": 1361, "Actual Loops": 1, "Filter": "((country_code)::text = '[ru]'::text)", "Rows Removed by Filter": 233635}, {"Node Type": "Bitmap Heap Scan", "Parent Relationship": "Inner", "Relation Name": "movie_companies", "Alias": "mc", "Startup Cost": 4.32, "Total Cost": 59.25, "Plan Rows": 15, "Plan Width": 12, "Actual Startup Time": 12.253, "Actual Total Time": 23.899, "Actual Rows": 8790, "Actual Loops": 1361, "Recheck Cond": "(company_id = cn.id)", "Rows Removed by Index Recheck": 0, "Exact Heap Blocks": 7155, "Lossy Heap Blocks": 7155, "Plans": [{"Node Type": "Bitmap Index Scan", "Parent Relationship": "Outer", "Index Name": "company_id_movie_companies", "Startup Cost": 0.0, "Total Cost": 4.31, "Plan Rows": 15, "Plan Width": 0, "Actual Startup Time": 7.734, "Actual Total Time": 7.734, "Actual Rows": 8790, "Actual Loops": 1361, "Index Cond": "(company_id = cn.id)"}]}]}, {"Node Type": "Bitmap Heap Scan", "Parent Relationship": "Inner", "Relation Name": "cast_info", "Alias": "ci", "Startup Cost": 0.51, "Total Cost": 4.61, "Plan Rows": 1, "Plan Width": 12, "Actual Startup Time": 778.614, "Actual Total Time": 820.92, "Actual Rows": 377, "Actual Loops": 8790, "Recheck Cond": "(movie_id = mc.movie_id)", "Rows Removed by Index Recheck": 0, "Filter": "(((note)::text ~~ '%(voice)%'::text) AND ((note)::text ~~ '%(uncredited)%'::text))", "Rows Removed by Filter": 408168, "Exact Heap Blocks": 397651, "Lossy Heap Blocks": 397651, "Plans": [{"Node Type": "Bitmap Index Scan", "Parent Relationship": "Outer", "Index Name": "movie_id_cast_info", "Startup Cost": 0.0, "Total Cost": 0.51, "Plan Rows": 6, "Plan Width": 0, "Actual Startup Time": 112.972, "Actual Total Time": 112.972, "Actual Rows": 408545, "Actual Loops": 8790, "Index Cond": "(movie_id = mc.movie_id)"}]}]}]}]}, {"Node Type": "Bitmap Heap Scan", "Parent Relationship": "Inner", "Relation Name": "char_name", "Alias": "chn", "Startup Cost": 2.3, "Total Cost": 6.31, "Plan Rows": 1, "Plan Width": 20, "Actual Startup Time": 1.389, "Actual Total Time": 1.389, "Actual Rows": 265, "Actual Loops": 275, "Recheck Cond": "(id = ci.person_role_id)", "Rows Removed by Index Recheck": 0, "Exact Heap Blocks": 265, "Lossy Heap Blocks": 265, "Plans": [{"Node Type": "Bitmap Index Scan", "Parent Relationship": "Outer", "Index Name": "char_name_pkey", "Startup Cost": 0.0, "Total Cost": 2.3, "Plan Rows": 1, "Plan Width": 0, "Actual Startup Time": 0.919, "Actual Total Time": 0.919, "Actual Rows": 265, "Actual Loops": 275, "Index Cond": "(id = ci.person_role_id)"}]}]}]}, {"Node Type": "Sort", "Parent Relationship": "Inner", "Startup Cost": 1.05, "Total Cost": 1.06, "Plan Rows": 3, "Plan Width": 4, "Actual Startup Time": 0.033, "Actual Total Time": 0.033, "Actual Rows": 1, "Actual Loops": 1, "Sort Key": ["ct.id"], "Sort Method": "quicksort", "Sort Space Used": 25, "Sort Space Type": "Memory", "Plans": [{"Node Type": "Seq Scan", "Parent Relationship": "Outer", "Relation Name": "company_type", "Alias": "ct", "Startup Cost": 0.0, "Total Cost": 1.03, "Plan Rows": 3, "Plan Width": 4, "Actual Startup Time": 0.007, "Actual Total Time": 0.008, "Actual Rows": 3, "Actual Loops": 1}]}]}, {"Node Type": "Bitmap Heap Scan", "Parent Relationship": "Inner", "Relation Name": "title", "Alias": "t", "Startup Cost": 0.27, "Total Cost": 4.29, "Plan Rows": 1, "Plan Width": 21, "Actual Startup Time": 0.238, "Actual Total Time": 0.238, "Actual Rows": 18, "Actual Loops": 42, "Recheck Cond": "(id = mc.movie_id)", "Rows Removed by Index Recheck": 0, "Filter": "(production_year > 2005)", "Rows Removed by Filter": 24, "Exact Heap Blocks": 42, "Lossy Heap Blocks": 42, "Plans": [{"Node Type": "Bitmap Index Scan", "Parent Relationship": "Outer", "Index Name": "title_pkey", "Startup Cost": 0.0, "Total Cost": 0.27, "Plan Rows": 1, "Plan Width": 0, "Actual Startup Time": 0.135, "Actual Total Time": 0.135, "Actual Rows": 42, "Actual Loops": 42, "Index Cond": "(id = mc.movie_id)"}]}]}]}, "Triggers": [], "Planner Runtime": 11, "Total Runtime": 948.787, "Unique SQL Id": 2933943827}}, "(1, 87)": {"explain_plan": {"Plan": {"Node Type": "Aggregate", "Strategy": "Plain", "Startup Cost": 1000020511889.56, "Total Cost": 1000020511889.57, "Plan Rows": 1, "Plan Width": 97, "Plans": [{"Node Type": "Nested Loop", "Parent Relationship": "Outer", "Join Type": "Inner", "Startup Cost": 10000000003.85, "Total Cost": 1000020511889.55, "Plan Rows": 2, "Plan Width": 33, "Inner Unique": true, "Plans": [{"Node Type": "Nested Loop", "Parent Relationship": "Outer", "Join Type": "Inner", "Startup Cost": 10000000003.6, "Total Cost": 1000020511880.99, "Plan Rows": 2, "Plan Width": 37, "Inner Unique": true, "Plans": [{"Node Type": "Nested Loop", "Parent Relationship": "Outer", "Join Type": "Inner", "Startup Cost": 10000000003.32, "Total Cost": 1000020511868.1, "Plan Rows": 3, "Plan Width": 28, "Inner Unique": true, "Plans": [{"Node Type": "Nested Loop", "Parent Relationship": "Outer", "Join Type": "Inner", "Startup Cost": 10000000001.03, "Total Cost": 1000020511830.17, "Plan Rows": 6, "Plan Width": 16, "Inner Unique": true, "Plans": [{"Node Type": "Nested Loop", "Parent Relationship": "Outer", "Join Type": "Inner", "Startup Cost": 10000000000.77, "Total Cost": 1000020511538.92, "Plan Rows": 68, "Plan Width": 20, "Inner Unique": false, "Plans": [{"Node Type": "Nested Loop", "Parent Relationship": "Outer", "Join Type": "Inner", "Startup Cost": 10000000000.26, "Total Cost": 1000020494063.94, "Plan Rows": 3779, "Plan Width": 8, "Inner Unique": true, "Plans": [{"Node Type": "Index Scan", "Parent Relationship": "Outer", "Scan Direction": "Forward", "Index Name": "company_type_id_movie_companies", "Relation Name": "movie_companies", "Alias": "mc", "Startup Cost": 10000000000.0, "Total Cost": 1000009318217.0, "Plan Rows": 2609128, "Plan Width": 12}, {"Node Type": "Bitmap Heap Scan", "Parent Relationship": "Inner", "Relation Name": "company_name", "Alias": "cn", "Startup Cost": 0.26, "Total Cost": 4.27, "Plan Rows": 1, "Plan Width": 4, "Recheck Cond": "(id = mc.company_id)", "Filter": "((country_code)::text = '[ru]'::text)", "Plans": [{"Node Type": "Bitmap Index Scan", "Parent Relationship": "Outer", "Index Name": "company_name_pkey", "Startup Cost": 0.0, "Total Cost": 0.26, "Plan Rows": 1, "Plan Width": 0, "Index Cond": "(id = mc.company_id)"}]}]}, {"Node Type": "Bitmap Heap Scan", "Parent Relationship": "Inner", "Relation Name": "cast_info", "Alias": "ci", "Startup Cost": 0.51, "Total Cost": 4.61, "Plan Rows": 1, "Plan Width": 12, "Recheck Cond": "(movie_id = mc.movie_id)", "Filter": "(((note)::text ~~ '%(voice)%'::text) AND ((note)::text ~~ '%(uncredited)%'::text))", "Plans": [{"Node Type": "Bitmap Index Scan", "Parent Relationship": "Outer", "Index Name": "movie_id_cast_info", "Startup Cost": 0.0, "Total Cost": 0.51, "Plan Rows": 6, "Plan Width": 0, "Index Cond": "(movie_id = mc.movie_id)"}]}]}, {"Node Type": "Bitmap Heap Scan", "Parent Relationship": "Inner", "Relation Name": "role_type", "Alias": "rt", "Startup Cost": 0.26, "Total Cost": 4.27, "Plan Rows": 1, "Plan Width": 4, "Recheck Cond": "(id = ci.role_id)", "Filter": "((role)::text = 'actor'::text)", "Plans": [{"Node Type": "Bitmap Index Scan", "Parent Relationship": "Outer", "Index Name": "role_type_pkey", "Startup Cost": 0.0, "Total Cost": 0.26, "Plan Rows": 1, "Plan Width": 0, "Index Cond": "(id = ci.role_id)"}]}]}, {"Node Type": "Bitmap Heap Scan", "Parent Relationship": "Inner", "Relation Name": "char_name", "Alias": "chn", "Startup Cost": 2.3, "Total Cost": 6.31, "Plan Rows": 1, "Plan Width": 20, "Recheck Cond": "(id = ci.person_role_id)", "Plans": [{"Node Type": "Bitmap Index Scan", "Parent Relationship": "Outer", "Index Name": "char_name_pkey", "Startup Cost": 0.0, "Total Cost": 2.3, "Plan Rows": 1, "Plan Width": 0, "Index Cond": "(id = ci.person_role_id)"}]}]}, {"Node Type": "Bitmap Heap Scan", "Parent Relationship": "Inner", "Relation Name": "title", "Alias": "t", "Startup Cost": 0.27, "Total Cost": 4.29, "Plan Rows": 1, "Plan Width": 21, "Recheck Cond": "(id = mc.movie_id)", "Filter": "(production_year > 2005)", "Plans": [{"Node Type": "Bitmap Index Scan", "Parent Relationship": "Outer", "Index Name": "title_pkey", "Startup Cost": 0.0, "Total Cost": 0.27, "Plan Rows": 1, "Plan Width": 0, "Index Cond": "(id = mc.movie_id)"}]}]}, {"Node Type": "Bitmap Heap Scan", "Parent Relationship": "Inner", "Relation Name": "company_type", "Alias": "ct", "Startup Cost": 0.26, "Total Cost": 4.27, "Plan Rows": 1, "Plan Width": 4, "Recheck Cond": "(id = mc.company_type_id)", "Plans": [{"Node Type": "Bitmap Index Scan", "Parent Relationship": "Outer", "Index Name": "company_type_pkey", "Startup Cost": 0.0, "Total Cost": 0.26, "Plan Rows": 1, "Plan Width": 0, "Index Cond": "(id = mc.company_type_id)"}]}]}]}, "Unique SQL Id": 2933943827, "Planner Runtime": 6}, "explain_analyze_plan": null}, "(1, 88)": {"explain_plan": {"Plan": {"Node Type": "Aggregate", "Strategy": "Plain", "Startup Cost": 19914.67, "Total Cost": 19914.68, "Plan Rows": 1, "Plan Width": 97, "Plans": [{"Node Type": "Nested Loop", "Parent Relationship": "Outer", "Join Type": "Inner", "Startup Cost": 0.0, "Total Cost": 19914.66, "Plan Rows": 2, "Plan Width": 33, "Inner Unique": true, "Plans": [{"Node Type": "Nested Loop", "Parent Relationship": "Outer", "Join Type": "Inner", "Startup Cost": 0.0, "Total Cost": 19914.1, "Plan Rows": 2, "Plan Width": 37, "Inner Unique": true, "Plans": [{"Node Type": "Nested Loop", "Parent Relationship": "Outer", "Join Type": "Inner", "Startup Cost": 0.0, "Total Cost": 19887.22, "Plan Rows": 5, "Plan Width": 25, "Inner Unique": true, "Plans": [{"Node Type": "Nested Loop", "Parent Relationship": "Outer", "Join Type": "Inner", "Startup Cost": 0.0, "Total Cost": 19885.12, "Plan Rows": 6, "Plan Width": 16, "Inner Unique": true, "Plans": [{"Node Type": "Nested Loop", "Parent Relationship": "Outer", "Join Type": "Inner", "Startup Cost": 0.0, "Total Cost": 19865.87, "Plan Rows": 68, "Plan Width": 20, "Inner Unique": false, "Plans": [{"Node Type": "Nested Loop", "Parent Relationship": "Outer", "Join Type": "Inner", "Startup Cost": 0.0, "Total Cost": 16121.55, "Plan Rows": 3779, "Plan Width": 8, "Inner Unique": false, "Plans": [{"Node Type": "Seq Scan", "Parent Relationship": "Outer", "Relation Name": "company_name", "Alias": "cn", "Startup Cost": 0.0, "Total Cost": 5903.45, "Plan Rows": 251, "Plan Width": 4, "Filter": "((country_code)::text = '[ru]'::text)"}, {"Node Type": "Index Scan", "Parent Relationship": "Inner", "Scan Direction": "Forward", "Index Name": "company_id_movie_companies", "Relation Name": "movie_companies", "Alias": "mc", "Startup Cost": 0.0, "Total Cost": 40.56, "Plan Rows": 15, "Plan Width": 12, "Index Cond": "(company_id = cn.id)"}]}, {"Node Type": "Index Scan", "Parent Relationship": "Inner", "Scan Direction": "Forward", "Index Name": "movie_id_cast_info", "Relation Name": "cast_info", "Alias": "ci", "Startup Cost": 0.0, "Total Cost": 0.98, "Plan Rows": 1, "Plan Width": 12, "Index Cond": "(movie_id = mc.movie_id)", "Filter": "(((note)::text ~~ '%(voice)%'::text) AND ((note)::text ~~ '%(uncredited)%'::text))"}]}, {"Node Type": "Index Scan", "Parent Relationship": "Inner", "Scan Direction": "Forward", "Index Name": "role_type_pkey", "Relation Name": "role_type", "Alias": "rt", "Startup Cost": 0.0, "Total Cost": 0.27, "Plan Rows": 1, "Plan Width": 4, "Index Cond": "(id = ci.role_id)", "Filter": "((role)::text = 'actor'::text)"}]}, {"Node Type": "Index Scan", "Parent Relationship": "Inner", "Scan Direction": "Forward", "Index Name": "title_pkey", "Relation Name": "title", "Alias": "t", "Startup Cost": 0.0, "Total Cost": 0.34, "Plan Rows": 1, "Plan Width": 21, "Index Cond": "(id = mc.movie_id)", "Filter": "(production_year > 2005)"}]}, {"Node Type": "Index Scan", "Parent Relationship": "Inner", "Scan Direction": "Forward", "Index Name": "char_name_pkey", "Relation Name": "char_name", "Alias": "chn", "Startup Cost": 0.0, "Total Cost": 5.37, "Plan Rows": 1, "Plan Width": 20, "Index Cond": "(id = ci.person_role_id)"}]}, {"Node Type": "Index Only Scan", "Parent Relationship": "Inner", "Scan Direction": "Forward", "Index Name": "company_type_pkey", "Relation Name": "company_type", "Alias": "ct", "Startup Cost": 0.0, "Total Cost": 0.27, "Plan Rows": 1, "Plan Width": 4, "Index Cond": "(id = mc.company_type_id)"}]}]}, "Unique SQL Id": 2933943827, "Planner Runtime": 12}, "explain_analyze_plan": {"Plan": {"Node Type": "Aggregate", "Strategy": "Plain", "Startup Cost": 19914.67, "Total Cost": 19914.68, "Plan Rows": 1, "Plan Width": 97, "Actual Startup Time": 747.77, "Actual Total Time": 747.77, "Actual Rows": 1, "Actual Loops": 1, "Plans": [{"Node Type": "Nested Loop", "Parent Relationship": "Outer", "Join Type": "Inner", "Startup Cost": 0.0, "Total Cost": 19914.66, "Plan Rows": 2, "Plan Width": 33, "Actual Startup Time": 41.866, "Actual Total Time": 747.642, "Actual Rows": 18, "Actual Loops": 1, "Inner Unique": true, "Plans": [{"Node Type": "Nested Loop", "Parent Relationship": "Outer", "Join Type": "Inner", "Startup Cost": 0.0, "Total Cost": 19914.1, "Plan Rows": 2, "Plan Width": 37, "Actual Startup Time": 8.627, "Actual Total Time": 747.353, "Actual Rows": 104, "Actual Loops": 1, "Inner Unique": true, "Plans": [{"Node Type": "Nested Loop", "Parent Relationship": "Outer", "Join Type": "Inner", "Startup Cost": 0.0, "Total Cost": 19887.22, "Plan Rows": 5, "Plan Width": 25, "Actual Startup Time": 8.616, "Actual Total Time": 746.498, "Actual Rows": 112, "Actual Loops": 1, "Inner Unique": true, "Plans": [{"Node Type": "Nested Loop", "Parent Relationship": "Outer", "Join Type": "Inner", "Startup Cost": 0.0, "Total Cost": 19885.12, "Plan Rows": 6, "Plan Width": 16, "Actual Startup Time": 0.778, "Actual Total Time": 744.543, "Actual Rows": 275, "Actual Loops": 1, "Inner Unique": true, "Plans": [{"Node Type": "Nested Loop", "Parent Relationship": "Outer", "Join Type": "Inner", "Startup Cost": 0.0, "Total Cost": 19865.87, "Plan Rows": 68, "Plan Width": 20, "Actual Startup Time": 0.77, "Actual Total Time": 742.914, "Actual Rows": 377, "Actual Loops": 1, "Inner Unique": false, "Plans": [{"Node Type": "Nested Loop", "Parent Relationship": "Outer", "Join Type": "Inner", "Startup Cost": 0.0, "Total Cost": 16121.55, "Plan Rows": 3779, "Plan Width": 8, "Actual Startup Time": 0.069, "Actual Total Time": 101.023, "Actual Rows": 8790, "Actual Loops": 1, "Inner Unique": false, "Plans": [{"Node Type": "Seq Scan", "Parent Relationship": "Outer", "Relation Name": "company_name", "Alias": "cn", "Startup Cost": 0.0, "Total Cost": 5903.45, "Plan Rows": 251, "Plan Width": 4, "Actual Startup Time": 0.049, "Actual Total Time": 80.047, "Actual Rows": 1361, "Actual Loops": 1, "Filter": "((country_code)::text = '[ru]'::text)", "Rows Removed by Filter": 233635}, {"Node Type": "Index Scan", "Parent Relationship": "Inner", "Scan Direction": "Forward", "Index Name": "company_id_movie_companies", "Relation Name": "movie_companies", "Alias": "mc", "Startup Cost": 0.0, "Total Cost": 40.56, "Plan Rows": 15, "Plan Width": 12, "Actual Startup Time": 7.761, "Actual Total Time": 17.771, "Actual Rows": 8790, "Actual Loops": 1361, "Index Cond": "(company_id = cn.id)", "Rows Removed by Index Recheck": 0}]}, {"Node Type": "Index Scan", "Parent Relationship": "Inner", "Scan Direction": "Forward", "Index Name": "movie_id_cast_info", "Relation Name": "cast_info", "Alias": "ci", "Startup Cost": 0.0, "Total Cost": 0.98, "Plan Rows": 1, "Plan Width": 12, "Actual Startup Time": 599.435, "Actual Total Time": 636.598, "Actual Rows": 377, "Actual Loops": 8790, "Index Cond": "(movie_id = mc.movie_id)", "Rows Removed by Index Recheck": 0, "Filter": "(((note)::text ~~ '%(voice)%'::text) AND ((note)::text ~~ '%(uncredited)%'::text))", "Rows Removed by Filter": 408168}]}, {"Node Type": "Index Scan", "Parent Relationship": "Inner", "Scan Direction": "Forward", "Index Name": "role_type_pkey", "Relation Name": "role_type", "Alias": "rt", "Startup Cost": 0.0, "Total Cost": 0.27, "Plan Rows": 1, "Plan Width": 4, "Actual Startup Time": 1.125, "Actual Total Time": 1.125, "Actual Rows": 275, "Actual Loops": 377, "Index Cond": "(id = ci.role_id)", "Rows Removed by Index Recheck": 0, "Filter": "((role)::text = 'actor'::text)", "Rows Removed by Filter": 102}]}, {"Node Type": "Index Scan", "Parent Relationship": "Inner", "Scan Direction": "Forward", "Index Name": "title_pkey", "Relation Name": "title", "Alias": "t", "Startup Cost": 0.0, "Total Cost": 0.34, "Plan Rows": 1, "Plan Width": 21, "Actual Startup Time": 1.565, "Actual Total Time": 1.565, "Actual Rows": 112, "Actual Loops": 275, "Index Cond": "(id = mc.movie_id)", "Rows Removed by Index Recheck": 0, "Filter": "(production_year > 2005)", "Rows Removed by Filter": 163}]}, {"Node Type": "Index Scan", "Parent Relationship": "Inner", "Scan Direction": "Forward", "Index Name": "char_name_pkey", "Relation Name": "char_name", "Alias": "chn", "Startup Cost": 0.0, "Total Cost": 5.37, "Plan Rows": 1, "Plan Width": 20, "Actual Startup Time": 0.628, "Actual Total Time": 0.628, "Actual Rows": 104, "Actual Loops": 112, "Index Cond": "(id = ci.person_role_id)", "Rows Removed by Index Recheck": 0}]}, {"Node Type": "Index Only Scan", "Parent Relationship": "Inner", "Scan Direction": "Forward", "Index Name": "company_type_pkey", "Relation Name": "company_type", "Alias": "ct", "Startup Cost": 0.0, "Total Cost": 0.27, "Plan Rows": 1, "Plan Width": 4, "Actual Startup Time": 0.164, "Actual Total Time": 0.164, "Actual Rows": 18, "Actual Loops": 104, "Index Cond": "(id = mc.company_type_id)", "Rows Removed by Index Recheck": 0, "Heap Fetches": 0}]}]}, "Triggers": [], "Planner Runtime": 5, "Total Runtime": 748.112, "Unique SQL Id": 2933943827}}, "(1, 89)": {"explain_plan": {"Plan": {"Node Type": "Aggregate", "Strategy": "Plain", "Startup Cost": 24512.61, "Total Cost": 24512.62, "Plan Rows": 1, "Plan Width": 97, "Plans": [{"Node Type": "Nested Loop", "Parent Relationship": "Outer", "Join Type": "Inner", "Startup Cost": 0.0, "Total Cost": 24512.6, "Plan Rows": 2, "Plan Width": 33, "Inner Unique": true, "Plans": [{"Node Type": "Nested Loop", "Parent Relationship": "Outer", "Join Type": "Inner", "Startup Cost": 0.0, "Total Cost": 24512.04, "Plan Rows": 2, "Plan Width": 37, "Inner Unique": true, "Plans": [{"Node Type": "Nested Loop", "Parent Relationship": "Outer", "Join Type": "Inner", "Startup Cost": 0.0, "Total Cost": 24485.16, "Plan Rows": 5, "Plan Width": 25, "Inner Unique": true, "Plans": [{"Node Type": "Nested Loop", "Parent Relationship": "Outer", "Join Type": "Inner", "Startup Cost": 0.0, "Total Cost": 24483.05, "Plan Rows": 6, "Plan Width": 16, "Inner Unique": true, "Plans": [{"Node Type": "Nested Loop", "Parent Relationship": "Outer", "Join Type": "Inner", "Startup Cost": 0.0, "Total Cost": 24463.81, "Plan Rows": 68, "Plan Width": 20, "Inner Unique": false, "Plans": [{"Node Type": "Nested Loop", "Parent Relationship": "Outer", "Join Type": "Inner", "Startup Cost": 0.0, "Total Cost": 20719.49, "Plan Rows": 3779, "Plan Width": 8, "Inner Unique": false, "Plans": [{"Node Type": "Index Scan", "Parent Relationship": "Outer", "Scan Direction": "Forward", "Index Name": "company_name_pkey", "Relation Name": "company_name", "Alias": "cn", "Startup Cost": 0.0, "Total Cost": 10501.39, "Plan Rows": 251, "Plan Width": 4, "Filter": "((country_code)::text = '[ru]'::text)"}, {"Node Type": "Index Scan", "Parent Relationship": "Inner", "Scan Direction": "Forward", "Index Name": "company_id_movie_companies", "Relation Name": "movie_companies", "Alias": "mc", "Startup Cost": 0.0, "Total Cost": 40.56, "Plan Rows": 15, "Plan Width": 12, "Index Cond": "(company_id = cn.id)"}]}, {"Node Type": "Index Scan", "Parent Relationship": "Inner", "Scan Direction": "Forward", "Index Name": "movie_id_cast_info", "Relation Name": "cast_info", "Alias": "ci", "Startup Cost": 0.0, "Total Cost": 0.98, "Plan Rows": 1, "Plan Width": 12, "Index Cond": "(movie_id = mc.movie_id)", "Filter": "(((note)::text ~~ '%(voice)%'::text) AND ((note)::text ~~ '%(uncredited)%'::text))"}]}, {"Node Type": "Index Scan", "Parent Relationship": "Inner", "Scan Direction": "Forward", "Index Name": "role_type_pkey", "Relation Name": "role_type", "Alias": "rt", "Startup Cost": 0.0, "Total Cost": 0.27, "Plan Rows": 1, "Plan Width": 4, "Index Cond": "(id = ci.role_id)", "Filter": "((role)::text = 'actor'::text)"}]}, {"Node Type": "Index Scan", "Parent Relationship": "Inner", "Scan Direction": "Forward", "Index Name": "title_pkey", "Relation Name": "title", "Alias": "t", "Startup Cost": 0.0, "Total Cost": 0.34, "Plan Rows": 1, "Plan Width": 21, "Index Cond": "(id = mc.movie_id)", "Filter": "(production_year > 2005)"}]}, {"Node Type": "Index Scan", "Parent Relationship": "Inner", "Scan Direction": "Forward", "Index Name": "char_name_pkey", "Relation Name": "char_name", "Alias": "chn", "Startup Cost": 0.0, "Total Cost": 5.37, "Plan Rows": 1, "Plan Width": 20, "Index Cond": "(id = ci.person_role_id)"}]}, {"Node Type": "Index Only Scan", "Parent Relationship": "Inner", "Scan Direction": "Forward", "Index Name": "company_type_pkey", "Relation Name": "company_type", "Alias": "ct", "Startup Cost": 0.0, "Total Cost": 0.27, "Plan Rows": 1, "Plan Width": 4, "Index Cond": "(id = mc.company_type_id)"}]}]}, "Unique SQL Id": 2933943827, "Planner Runtime": 10}, "explain_analyze_plan": {"Plan": {"Node Type": "Aggregate", "Strategy": "Plain", "Startup Cost": 24512.61, "Total Cost": 24512.62, "Plan Rows": 1, "Plan Width": 97, "Actual Startup Time": 1177.526, "Actual Total Time": 1177.527, "Actual Rows": 1, "Actual Loops": 1, "Plans": [{"Node Type": "Nested Loop", "Parent Relationship": "Outer", "Join Type": "Inner", "Startup Cost": 0.0, "Total Cost": 24512.6, "Plan Rows": 2, "Plan Width": 33, "Actual Startup Time": 37.022, "Actual Total Time": 1177.415, "Actual Rows": 18, "Actual Loops": 1, "Inner Unique": true, "Plans": [{"Node Type": "Nested Loop", "Parent Relationship": "Outer", "Join Type": "Inner", "Startup Cost": 0.0, "Total Cost": 24512.04, "Plan Rows": 2, "Plan Width": 37, "Actual Startup Time": 28.615, "Actual Total Time": 1177.077, "Actual Rows": 104, "Actual Loops": 1, "Inner Unique": true, "Plans": [{"Node Type": "Nested Loop", "Parent Relationship": "Outer", "Join Type": "Inner", "Startup Cost": 0.0, "Total Cost": 24485.16, "Plan Rows": 5, "Plan Width": 25, "Actual Startup Time": 28.593, "Actual Total Time": 1175.945, "Actual Rows": 112, "Actual Loops": 1, "Inner Unique": true, "Plans": [{"Node Type": "Nested Loop", "Parent Relationship": "Outer", "Join Type": "Inner", "Startup Cost": 0.0, "Total Cost": 24483.05, "Plan Rows": 6, "Plan Width": 16, "Actual Startup Time": 8.531, "Actual Total Time": 1173.512, "Actual Rows": 275, "Actual Loops": 1, "Inner Unique": true, "Plans": [{"Node Type": "Nested Loop", "Parent Relationship": "Outer", "Join Type": "Inner", "Startup Cost": 0.0, "Total Cost": 24463.81, "Plan Rows": 68, "Plan Width": 20, "Actual Startup Time": 8.509, "Actual Total Time": 1171.854, "Actual Rows": 377, "Actual Loops": 1, "Inner Unique": false, "Plans": [{"Node Type": "Nested Loop", "Parent Relationship": "Outer", "Join Type": "Inner", "Startup Cost": 0.0, "Total Cost": 20719.49, "Plan Rows": 3779, "Plan Width": 8, "Actual Startup Time": 0.393, "Actual Total Time": 320.093, "Actual Rows": 8790, "Actual Loops": 1, "Inner Unique": false, "Plans": [{"Node Type": "Index Scan", "Parent Relationship": "Outer", "Scan Direction": "Forward", "Index Name": "company_name_pkey", "Relation Name": "company_name", "Alias": "cn", "Startup Cost": 0.0, "Total Cost": 10501.39, "Plan Rows": 251, "Plan Width": 4, "Actual Startup Time": 0.379, "Actual Total Time": 295.713, "Actual Rows": 1361, "Actual Loops": 1, "Filter": "((country_code)::text = '[ru]'::text)", "Rows Removed by Filter": 233635}, {"Node Type": "Index Scan", "Parent Relationship": "Inner", "Scan Direction": "Forward", "Index Name": "company_id_movie_companies", "Relation Name": "movie_companies", "Alias": "mc", "Startup Cost": 0.0, "Total Cost": 40.56, "Plan Rows": 15, "Plan Width": 12, "Actual Startup Time": 7.632, "Actual Total Time": 20.631, "Actual Rows": 8790, "Actual Loops": 1361, "Index Cond": "(company_id = cn.id)", "Rows Removed by Index Recheck": 0}]}, {"Node Type": "Index Scan", "Parent Relationship": "Inner", "Scan Direction": "Forward", "Index Name": "movie_id_cast_info", "Relation Name": "cast_info", "Alias": "ci", "Startup Cost": 0.0, "Total Cost": 0.98, "Plan Rows": 1, "Plan Width": 12, "Actual Startup Time": 795.582, "Actual Total Time": 846.472, "Actual Rows": 377, "Actual Loops": 8790, "Index Cond": "(movie_id = mc.movie_id)", "Rows Removed by Index Recheck": 0, "Filter": "(((note)::text ~~ '%(voice)%'::text) AND ((note)::text ~~ '%(uncredited)%'::text))", "Rows Removed by Filter": 408168}]}, {"Node Type": "Index Scan", "Parent Relationship": "Inner", "Scan Direction": "Forward", "Index Name": "role_type_pkey", "Relation Name": "role_type", "Alias": "rt", "Startup Cost": 0.0, "Total Cost": 0.27, "Plan Rows": 1, "Plan Width": 4, "Actual Startup Time": 1.098, "Actual Total Time": 1.098, "Actual Rows": 275, "Actual Loops": 377, "Index Cond": "(id = ci.role_id)", "Rows Removed by Index Recheck": 0, "Filter": "((role)::text = 'actor'::text)", "Rows Removed by Filter": 102}]}, {"Node Type": "Index Scan", "Parent Relationship": "Inner", "Scan Direction": "Forward", "Index Name": "title_pkey", "Relation Name": "title", "Alias": "t", "Startup Cost": 0.0, "Total Cost": 0.34, "Plan Rows": 1, "Plan Width": 21, "Actual Startup Time": 2.044, "Actual Total Time": 2.044, "Actual Rows": 112, "Actual Loops": 275, "Index Cond": "(id = mc.movie_id)", "Rows Removed by Index Recheck": 0, "Filter": "(production_year > 2005)", "Rows Removed by Filter": 163}]}, {"Node Type": "Index Scan", "Parent Relationship": "Inner", "Scan Direction": "Forward", "Index Name": "char_name_pkey", "Relation Name": "char_name", "Alias": "chn", "Startup Cost": 0.0, "Total Cost": 5.37, "Plan Rows": 1, "Plan Width": 20, "Actual Startup Time": 0.88, "Actual Total Time": 0.88, "Actual Rows": 104, "Actual Loops": 112, "Index Cond": "(id = ci.person_role_id)", "Rows Removed by Index Recheck": 0}]}, {"Node Type": "Index Only Scan", "Parent Relationship": "Inner", "Scan Direction": "Forward", "Index Name": "company_type_pkey", "Relation Name": "company_type", "Alias": "ct", "Startup Cost": 0.0, "Total Cost": 0.27, "Plan Rows": 1, "Plan Width": 4, "Actual Startup Time": 0.173, "Actual Total Time": 0.173, "Actual Rows": 18, "Actual Loops": 104, "Index Cond": "(id = mc.company_type_id)", "Rows Removed by Index Recheck": 0, "Heap Fetches": 0}]}]}, "Triggers": [], "Planner Runtime": 4, "Total Runtime": 1177.883, "Unique SQL Id": 2933943827}}, "(1, 90)": {"explain_plan": {"Plan": {"Node Type": "Aggregate", "Strategy": "Plain", "Startup Cost": 1719080.53, "Total Cost": 1719080.54, "Plan Rows": 1, "Plan Width": 97, "Plans": [{"Node Type": "Merge Join", "Parent Relationship": "Outer", "Join Type": "Inner", "Startup Cost": 1714017.96, "Total Cost": 1719080.51, "Plan Rows": 4, "Plan Width": 33, "Inner Unique": true, "Merge Cond": "(mc.movie_id = t.id)", "Plans": [{"Node Type": "Sort", "Parent Relationship": "Outer", "Startup Cost": 1546527.55, "Total Cost": 1546527.56, "Plan Rows": 3, "Plan Width": 24, "Sort Key": ["ci.movie_id"], "Plans": [{"Node Type": "Merge Join", "Parent Relationship": "Outer", "Join Type": "Inner", "Startup Cost": 1530825.8, "Total Cost": 1546527.53, "Plan Rows": 3, "Plan Width": 24, "Inner Unique": true, "Merge Cond": "(ci.person_role_id = chn.id)", "Plans": [{"Node Type": "Sort", "Parent Relationship": "Outer", "Startup Cost": 1124450.87, "Total Cost": 1124450.89, "Plan Rows": 6, "Plan Width": 12, "Sort Key": ["ci.person_role_id"], "Plans": [{"Node Type": "Merge Join", "Parent Relationship": "Outer", "Join Type": "Inner", "Startup Cost": 1124421.71, "Total Cost": 1124450.8, "Plan Rows": 6, "Plan Width": 12, "Inner Unique": false, "Merge Cond": "(ci.movie_id = mc.movie_id)", "Plans": [{"Node Type": "Sort", "Parent Relationship": "Outer", "Startup Cost": 785029.85, "Total Cost": 785034.92, "Plan Rows": 2027, "Plan Width": 8, "Sort Key": ["ci.movie_id"], "Plans": [{"Node Type": "Merge Join", "Parent Relationship": "Outer", "Join Type": "Inner", "Startup Cost": 784786.76, "Total Cost": 784918.52, "Plan Rows": 2027, "Plan Width": 8, "Inner Unique": false, "Merge Cond": "(rt.id = ci.role_id)", "Plans": [{"Node Type": "Sort", "Parent Relationship": "Outer", "Startup Cost": 1.16, "Total Cost": 1.16, "Plan Rows": 1, "Plan Width": 4, "Sort Key": ["rt.id"], "Plans": [{"Node Type": "Seq Scan", "Parent Relationship": "Outer", "Relation Name": "role_type", "Alias": "rt", "Startup Cost": 0.0, "Total Cost": 1.15, "Plan Rows": 1, "Plan Width": 4, "Filter": "((role)::text = 'actor'::text)"}]}, {"Node Type": "Sort", "Parent Relationship": "Inner", "Startup Cost": 784785.6, "Total Cost": 784841.34, "Plan Rows": 22295, "Plan Width": 12, "Sort Key": ["ci.role_id"], "Plans": [{"Node Type": "Seq Scan", "Parent Relationship": "Outer", "Relation Name": "cast_info", "Alias": "ci", "Startup Cost": 0.0, "Total Cost": 783175.41, "Plan Rows": 22295, "Plan Width": 12, "Filter": "(((note)::text ~~ '%(voice)%'::text) AND ((note)::text ~~ '%(uncredited)%'::text))"}]}]}]}, {"Node Type": "Sort", "Parent Relationship": "Inner", "Startup Cost": 339391.86, "Total Cost": 339401.3, "Plan Rows": 3779, "Plan Width": 4, "Sort Key": ["mc.movie_id"], "Plans": [{"Node Type": "Merge Join", "Parent Relationship": "Outer", "Join Type": "Inner", "Startup Cost": 339119.86, "Total Cost": 339167.31, "Plan Rows": 3779, "Plan Width": 4, "Inner Unique": false, "Merge Cond": "(ct.id = mc.company_type_id)", "Plans": [{"Node Type": "Sort", "Parent Relationship": "Outer", "Startup Cost": 1.05, "Total Cost": 1.06, "Plan Rows": 3, "Plan Width": 4, "Sort Key": ["ct.id"], "Plans": [{"Node Type": "Seq Scan", "Parent Relationship": "Outer", "Relation Name": "company_type", "Alias": "ct", "Startup Cost": 0.0, "Total Cost": 1.03, "Plan Rows": 3, "Plan Width": 4}]}, {"Node Type": "Sort", "Parent Relationship": "Inner", "Startup Cost": 339109.56, "Total Cost": 339119.01, "Plan Rows": 3779, "Plan Width": 8, "Sort Key": ["mc.company_type_id"], "Plans": [{"Node Type": "Merge Join", "Parent Relationship": "Outer", "Join Type": "Inner", "Startup Cost": 326139.31, "Total Cost": 338885.01, "Plan Rows": 3779, "Plan Width": 8, "Inner Unique": false, "Merge Cond": "(cn.id = mc.company_id)", "Plans": [{"Node Type": "Sort", "Parent Relationship": "Outer", "Startup Cost": 5913.45, "Total Cost": 5914.08, "Plan Rows": 251, "Plan Width": 4, "Sort Key": ["cn.id"], "Plans": [{"Node Type": "Seq Scan", "Parent Relationship": "Outer", "Relation Name": "company_name", "Alias": "cn", "Startup Cost": 0.0, "Total Cost": 5903.45, "Plan Rows": 251, "Plan Width": 4, "Filter": "((country_code)::text = '[ru]'::text)"}]}, {"Node Type": "Sort", "Parent Relationship": "Inner", "Startup Cost": 319886.87, "Total Cost": 326409.69, "Plan Rows": 2609128, "Plan Width": 12, "Sort Key": ["mc.company_id"], "Plans": [{"Node Type": "Seq Scan", "Parent Relationship": "Outer", "Relation Name": "movie_companies", "Alias": "mc", "Startup Cost": 0.0, "Total Cost": 41817.28, "Plan Rows": 2609128, "Plan Width": 12}]}]}]}]}]}]}]}, {"Node Type": "Sort", "Parent Relationship": "Inner", "Startup Cost": 406374.92, "Total Cost": 414225.77, "Plan Rows": 3140338, "Plan Width": 20, "Sort Key": ["chn.id"], "Plans": [{"Node Type": "Seq Scan", "Parent Relationship": "Outer", "Relation Name": "char_name", "Alias": "chn", "Startup Cost": 0.0, "Total Cost": 67493.38, "Plan Rows": 3140338, "Plan Width": 20}]}]}]}, {"Node Type": "Sort", "Parent Relationship": "Inner", "Startup Cost": 167490.29, "Total Cost": 170024.02, "Plan Rows": 1013492, "Plan Width": 21, "Sort Key": ["t.id"], "Plans": [{"Node Type": "Seq Scan", "Parent Relationship": "Outer", "Relation Name": "title", "Alias": "t", "Startup Cost": 0.0, "Total Cost": 66389.89, "Plan Rows": 1013492, "Plan Width": 21, "Filter": "(production_year > 2005), (LLVM Optimized)"}]}]}]}, "Unique SQL Id": 2933943827, "Planner Runtime": 16}, "explain_analyze_plan": null}, "(1, 91)": {"explain_plan": {"Plan": {"Node Type": "Aggregate", "Strategy": "Plain", "Startup Cost": 6488202630345.57, "Total Cost": 6488202630345.58, "Plan Rows": 1, "Plan Width": 97, "Plans": [{"Node Type": "Merge Join", "Parent Relationship": "Outer", "Join Type": "Inner", "Startup Cost": 5498202629099.29, "Total Cost": 6488202630345.55, "Plan Rows": 4, "Plan Width": 33, "Inner Unique": true, "Merge Cond": "(ci.role_id = rt.id)", "Plans": [{"Node Type": "Sort", "Parent Relationship": "Outer", "Startup Cost": 5488202629099.29, "Total Cost": 5488202629099.39, "Plan Rows": 40, "Plan Width": 37, "Sort Key": ["ci.role_id"], "Plans": [{"Node Type": "Merge Join", "Parent Relationship": "Outer", "Join Type": "Inner", "Startup Cost": 4498202628268.03, "Total Cost": 5488202629098.23, "Plan Rows": 40, "Plan Width": 37, "Inner Unique": true, "Merge Cond": "(mc.company_type_id = ct.id)", "Plans": [{"Node Type": "Sort", "Parent Relationship": "Outer", "Startup Cost": 4488202628267.93, "Total Cost": 4488202628268.03, "Plan Rows": 40, "Plan Width": 41, "Sort Key": ["mc.company_type_id"], "Plans": [{"Node Type": "Merge Join", "Parent Relationship": "Outer", "Join Type": "Inner", "Startup Cost": 3498201577991.91, "Total Cost": 4488202628266.87, "Plan Rows": 40, "Plan Width": 41, "Inner Unique": true, "Merge Cond": "(mc.company_id = cn.id)", "Plans": [{"Node Type": "Sort", "Parent Relationship": "Outer", "Startup Cost": 3488201577988.31, "Total Cost": 3488201578057.59, "Plan Rows": 27712, "Plan Width": 45, "Sort Key": ["mc.company_id"], "Plans": [{"Node Type": "Merge Join", "Parent Relationship": "Outer", "Join Type": "Inner", "Startup Cost": 1510040083041.2, "Total Cost": 3488201575943.41, "Plan Rows": 27712, "Plan Width": 45, "Inner Unique": false, "Merge Cond": "(t.id = mc.movie_id)", "Plans": [{"Node Type": "Merge Join", "Parent Relationship": "Outer", "Join Type": "Inner", "Startup Cost": 1500040083041.2, "Total Cost": 2489168673554.28, "Plan Rows": 13119, "Plan Width": 45, "Inner Unique": true, "Merge Cond": "(ci.movie_id = t.id)", "Plans": [{"Node Type": "Sort", "Parent Relationship": "Outer", "Startup Cost": 1490040083041.2, "Total Cost": 1490040083068.22, "Plan Rows": 10808, "Plan Width": 24, "Sort Key": ["ci.movie_id"], "Plans": [{"Node Type": "Merge Join", "Parent Relationship": "Outer", "Join Type": "Inner", "Startup Cost": 59439679227.39, "Total Cost": 1490040082317.07, "Plan Rows": 10808, "Plan Width": 24, "Inner Unique": false, "Merge Cond": "(chn.id = ci.person_role_id)", "Plans": [{"Node Type": "Index Scan", "Parent Relationship": "Outer", "Scan Direction": "Forward", "Index Name": "char_name_pkey", "Relation Name": "char_name", "Alias": "chn", "Startup Cost": 10000000000.0, "Total Cost": 1000012987545.51, "Plan Rows": 3140338, "Plan Width": 20}, {"Node Type": "Index Scan", "Parent Relationship": "Inner", "Scan Direction": "Forward", "Index Name": "person_role_id_cast_info", "Relation Name": "cast_info", "Alias": "ci", "Startup Cost": 10000000000.0, "Total Cost": 1000211315681.48, "Plan Rows": 22295, "Plan Width": 12, "Filter": "(((note)::text ~~ '%(voice)%'::text) AND ((note)::text ~~ '%(uncredited)%'::text))"}]}]}, {"Node Type": "Index Scan", "Parent Relationship": "Inner", "Scan Direction": "Forward", "Index Name": "title_pkey", "Relation Name": "title", "Alias": "t", "Startup Cost": 10000000000.0, "Total Cost": 1000011644126.66, "Plan Rows": 1013492, "Plan Width": 21, "Filter": "(production_year > 2005), (LLVM Optimized)"}]}, {"Node Type": "Index Scan", "Parent Relationship": "Inner", "Scan Direction": "Forward", "Index Name": "movie_id_movie_companies", "Relation Name": "movie_companies", "Alias": "mc", "Startup Cost": 10000000000.0, "Total Cost": 1000013051946.13, "Plan Rows": 2609128, "Plan Width": 12}]}]}, {"Node Type": "Index Scan", "Parent Relationship": "Inner", "Scan Direction": "Forward", "Index Name": "company_name_pkey", "Relation Name": "company_name", "Alias": "cn", "Startup Cost": 10000000000.0, "Total Cost": 1000001050138.97, "Plan Rows": 251, "Plan Width": 4, "Filter": "((country_code)::text = '[ru]'::text)"}]}]}, {"Node Type": "Materialize", "Parent Relationship": "Inner", "Startup Cost": 10000000000.0, "Total Cost": 1000000000829.51, "Plan Rows": 3, "Plan Width": 4, "Plans": [{"Node Type": "Index Only Scan", "Parent Relationship": "Outer", "Scan Direction": "Forward", "Index Name": "company_type_pkey", "Relation Name": "company_type", "Alias": "ct", "Startup Cost": 10000000000.0, "Total Cost": 1000000000829.5, "Plan Rows": 3, "Plan Width": 4}]}]}]}, {"Node Type": "Materialize", "Parent Relationship": "Inner", "Startup Cost": 10000000000.0, "Total Cost": 1000000001246.0, "Plan Rows": 1, "Plan Width": 4, "Plans": [{"Node Type": "Index Scan", "Parent Relationship": "Outer", "Scan Direction": "Forward", "Index Name": "role_type_pkey", "Relation Name": "role_type", "Alias": "rt", "Startup Cost": 10000000000.0, "Total Cost": 1000000001246.0, "Plan Rows": 1, "Plan Width": 4, "Filter": "((role)::text = 'actor'::text)"}]}]}]}, "Unique SQL Id": 2933943827, "Planner Runtime": 36}, "explain_analyze_plan": null}, "(1, 92)": {"explain_plan": {"Plan": {"Node Type": "Aggregate", "Strategy": "Plain", "Startup Cost": 19914.67, "Total Cost": 19914.68, "Plan Rows": 1, "Plan Width": 97, "Plans": [{"Node Type": "Nested Loop", "Parent Relationship": "Outer", "Join Type": "Inner", "Startup Cost": 0.0, "Total Cost": 19914.66, "Plan Rows": 2, "Plan Width": 33, "Inner Unique": true, "Plans": [{"Node Type": "Nested Loop", "Parent Relationship": "Outer", "Join Type": "Inner", "Startup Cost": 0.0, "Total Cost": 19914.1, "Plan Rows": 2, "Plan Width": 37, "Inner Unique": true, "Plans": [{"Node Type": "Nested Loop", "Parent Relationship": "Outer", "Join Type": "Inner", "Startup Cost": 0.0, "Total Cost": 19887.22, "Plan Rows": 5, "Plan Width": 25, "Inner Unique": true, "Plans": [{"Node Type": "Nested Loop", "Parent Relationship": "Outer", "Join Type": "Inner", "Startup Cost": 0.0, "Total Cost": 19885.12, "Plan Rows": 6, "Plan Width": 16, "Inner Unique": true, "Plans": [{"Node Type": "Nested Loop", "Parent Relationship": "Outer", "Join Type": "Inner", "Startup Cost": 0.0, "Total Cost": 19865.87, "Plan Rows": 68, "Plan Width": 20, "Inner Unique": false, "Plans": [{"Node Type": "Nested Loop", "Parent Relationship": "Outer", "Join Type": "Inner", "Startup Cost": 0.0, "Total Cost": 16121.55, "Plan Rows": 3779, "Plan Width": 8, "Inner Unique": false, "Plans": [{"Node Type": "Seq Scan", "Parent Relationship": "Outer", "Relation Name": "company_name", "Alias": "cn", "Startup Cost": 0.0, "Total Cost": 5903.45, "Plan Rows": 251, "Plan Width": 4, "Filter": "((country_code)::text = '[ru]'::text)"}, {"Node Type": "Index Scan", "Parent Relationship": "Inner", "Scan Direction": "Forward", "Index Name": "company_id_movie_companies", "Relation Name": "movie_companies", "Alias": "mc", "Startup Cost": 0.0, "Total Cost": 40.56, "Plan Rows": 15, "Plan Width": 12, "Index Cond": "(company_id = cn.id)"}]}, {"Node Type": "Index Scan", "Parent Relationship": "Inner", "Scan Direction": "Forward", "Index Name": "movie_id_cast_info", "Relation Name": "cast_info", "Alias": "ci", "Startup Cost": 0.0, "Total Cost": 0.98, "Plan Rows": 1, "Plan Width": 12, "Index Cond": "(movie_id = mc.movie_id)", "Filter": "(((note)::text ~~ '%(voice)%'::text) AND ((note)::text ~~ '%(uncredited)%'::text))"}]}, {"Node Type": "Index Scan", "Parent Relationship": "Inner", "Scan Direction": "Forward", "Index Name": "role_type_pkey", "Relation Name": "role_type", "Alias": "rt", "Startup Cost": 0.0, "Total Cost": 0.27, "Plan Rows": 1, "Plan Width": 4, "Index Cond": "(id = ci.role_id)", "Filter": "((role)::text = 'actor'::text)"}]}, {"Node Type": "Index Scan", "Parent Relationship": "Inner", "Scan Direction": "Forward", "Index Name": "title_pkey", "Relation Name": "title", "Alias": "t", "Startup Cost": 0.0, "Total Cost": 0.34, "Plan Rows": 1, "Plan Width": 21, "Index Cond": "(id = mc.movie_id)", "Filter": "(production_year > 2005)"}]}, {"Node Type": "Index Scan", "Parent Relationship": "Inner", "Scan Direction": "Forward", "Index Name": "char_name_pkey", "Relation Name": "char_name", "Alias": "chn", "Startup Cost": 0.0, "Total Cost": 5.37, "Plan Rows": 1, "Plan Width": 20, "Index Cond": "(id = ci.person_role_id)"}]}, {"Node Type": "Index Scan", "Parent Relationship": "Inner", "Scan Direction": "Forward", "Index Name": "company_type_pkey", "Relation Name": "company_type", "Alias": "ct", "Startup Cost": 0.0, "Total Cost": 0.27, "Plan Rows": 1, "Plan Width": 4, "Index Cond": "(id = mc.company_type_id)"}]}]}, "Unique SQL Id": 2933943827, "Planner Runtime": 12}, "explain_analyze_plan": {"Plan": {"Node Type": "Aggregate", "Strategy": "Plain", "Startup Cost": 19914.67, "Total Cost": 19914.68, "Plan Rows": 1, "Plan Width": 97, "Actual Startup Time": 757.672, "Actual Total Time": 757.672, "Actual Rows": 1, "Actual Loops": 1, "Plans": [{"Node Type": "Nested Loop", "Parent Relationship": "Outer", "Join Type": "Inner", "Startup Cost": 0.0, "Total Cost": 19914.66, "Plan Rows": 2, "Plan Width": 33, "Actual Startup Time": 42.937, "Actual Total Time": 757.571, "Actual Rows": 18, "Actual Loops": 1, "Inner Unique": true, "Plans": [{"Node Type": "Nested Loop", "Parent Relationship": "Outer", "Join Type": "Inner", "Startup Cost": 0.0, "Total Cost": 19914.1, "Plan Rows": 2, "Plan Width": 37, "Actual Startup Time": 9.161, "Actual Total Time": 757.312, "Actual Rows": 104, "Actual Loops": 1, "Inner Unique": true, "Plans": [{"Node Type": "Nested Loop", "Parent Relationship": "Outer", "Join Type": "Inner", "Startup Cost": 0.0, "Total Cost": 19887.22, "Plan Rows": 5, "Plan Width": 25, "Actual Startup Time": 9.148, "Actual Total Time": 756.435, "Actual Rows": 112, "Actual Loops": 1, "Inner Unique": true, "Plans": [{"Node Type": "Nested Loop", "Parent Relationship": "Outer", "Join Type": "Inner", "Startup Cost": 0.0, "Total Cost": 19885.12, "Plan Rows": 6, "Plan Width": 16, "Actual Startup Time": 0.826, "Actual Total Time": 754.469, "Actual Rows": 275, "Actual Loops": 1, "Inner Unique": true, "Plans": [{"Node Type": "Nested Loop", "Parent Relationship": "Outer", "Join Type": "Inner", "Startup Cost": 0.0, "Total Cost": 19865.87, "Plan Rows": 68, "Plan Width": 20, "Actual Startup Time": 0.82, "Actual Total Time": 752.836, "Actual Rows": 377, "Actual Loops": 1, "Inner Unique": false, "Plans": [{"Node Type": "Nested Loop", "Parent Relationship": "Outer", "Join Type": "Inner", "Startup Cost": 0.0, "Total Cost": 16121.55, "Plan Rows": 3779, "Plan Width": 8, "Actual Startup Time": 0.073, "Actual Total Time": 101.541, "Actual Rows": 8790, "Actual Loops": 1, "Inner Unique": false, "Plans": [{"Node Type": "Seq Scan", "Parent Relationship": "Outer", "Relation Name": "company_name", "Alias": "cn", "Startup Cost": 0.0, "Total Cost": 5903.45, "Plan Rows": 251, "Plan Width": 4, "Actual Startup Time": 0.052, "Actual Total Time": 80.138, "Actual Rows": 1361, "Actual Loops": 1, "Filter": "((country_code)::text = '[ru]'::text)", "Rows Removed by Filter": 233635}, {"Node Type": "Index Scan", "Parent Relationship": "Inner", "Scan Direction": "Forward", "Index Name": "company_id_movie_companies", "Relation Name": "movie_companies", "Alias": "mc", "Startup Cost": 0.0, "Total Cost": 40.56, "Plan Rows": 15, "Plan Width": 12, "Actual Startup Time": 8.029, "Actual Total Time": 18.171, "Actual Rows": 8790, "Actual Loops": 1361, "Index Cond": "(company_id = cn.id)", "Rows Removed by Index Recheck": 0}]}, {"Node Type": "Index Scan", "Parent Relationship": "Inner", "Scan Direction": "Forward", "Index Name": "movie_id_cast_info", "Relation Name": "cast_info", "Alias": "ci", "Startup Cost": 0.0, "Total Cost": 0.98, "Plan Rows": 1, "Plan Width": 12, "Actual Startup Time": 608.51, "Actual Total Time": 646.047, "Actual Rows": 377, "Actual Loops": 8790, "Index Cond": "(movie_id = mc.movie_id)", "Rows Removed by Index Recheck": 0, "Filter": "(((note)::text ~~ '%(voice)%'::text) AND ((note)::text ~~ '%(uncredited)%'::text))", "Rows Removed by Filter": 408168}]}, {"Node Type": "Index Scan", "Parent Relationship": "Inner", "Scan Direction": "Forward", "Index Name": "role_type_pkey", "Relation Name": "role_type", "Alias": "rt", "Startup Cost": 0.0, "Total Cost": 0.27, "Plan Rows": 1, "Plan Width": 4, "Actual Startup Time": 1.123, "Actual Total Time": 1.123, "Actual Rows": 275, "Actual Loops": 377, "Index Cond": "(id = ci.role_id)", "Rows Removed by Index Recheck": 0, "Filter": "((role)::text = 'actor'::text)", "Rows Removed by Filter": 102}]}, {"Node Type": "Index Scan", "Parent Relationship": "Inner", "Scan Direction": "Forward", "Index Name": "title_pkey", "Relation Name": "title", "Alias": "t", "Startup Cost": 0.0, "Total Cost": 0.34, "Plan Rows": 1, "Plan Width": 21, "Actual Startup Time": 1.592, "Actual Total Time": 1.592, "Actual Rows": 112, "Actual Loops": 275, "Index Cond": "(id = mc.movie_id)", "Rows Removed by Index Recheck": 0, "Filter": "(production_year > 2005)", "Rows Removed by Filter": 163}]}, {"Node Type": "Index Scan", "Parent Relationship": "Inner", "Scan Direction": "Forward", "Index Name": "char_name_pkey", "Relation Name": "char_name", "Alias": "chn", "Startup Cost": 0.0, "Total Cost": 5.37, "Plan Rows": 1, "Plan Width": 20, "Actual Startup Time": 0.647, "Actual Total Time": 0.647, "Actual Rows": 104, "Actual Loops": 112, "Index Cond": "(id = ci.person_role_id)", "Rows Removed by Index Recheck": 0}]}, {"Node Type": "Index Scan", "Parent Relationship": "Inner", "Scan Direction": "Forward", "Index Name": "company_type_pkey", "Relation Name": "company_type", "Alias": "ct", "Startup Cost": 0.0, "Total Cost": 0.27, "Plan Rows": 1, "Plan Width": 4, "Actual Startup Time": 0.137, "Actual Total Time": 0.137, "Actual Rows": 18, "Actual Loops": 104, "Index Cond": "(id = mc.company_type_id)", "Rows Removed by Index Recheck": 0}]}]}, "Triggers": [], "Planner Runtime": 6, "Total Runtime": 758.022, "Unique SQL Id": 2933943827}}, "(1, 93)": {"explain_plan": {"Plan": {"Node Type": "Aggregate", "Strategy": "Plain", "Startup Cost": 24512.61, "Total Cost": 24512.62, "Plan Rows": 1, "Plan Width": 97, "Plans": [{"Node Type": "Nested Loop", "Parent Relationship": "Outer", "Join Type": "Inner", "Startup Cost": 0.0, "Total Cost": 24512.6, "Plan Rows": 2, "Plan Width": 33, "Inner Unique": true, "Plans": [{"Node Type": "Nested Loop", "Parent Relationship": "Outer", "Join Type": "Inner", "Startup Cost": 0.0, "Total Cost": 24512.04, "Plan Rows": 2, "Plan Width": 37, "Inner Unique": true, "Plans": [{"Node Type": "Nested Loop", "Parent Relationship": "Outer", "Join Type": "Inner", "Startup Cost": 0.0, "Total Cost": 24485.16, "Plan Rows": 5, "Plan Width": 25, "Inner Unique": true, "Plans": [{"Node Type": "Nested Loop", "Parent Relationship": "Outer", "Join Type": "Inner", "Startup Cost": 0.0, "Total Cost": 24483.05, "Plan Rows": 6, "Plan Width": 16, "Inner Unique": true, "Plans": [{"Node Type": "Nested Loop", "Parent Relationship": "Outer", "Join Type": "Inner", "Startup Cost": 0.0, "Total Cost": 24463.81, "Plan Rows": 68, "Plan Width": 20, "Inner Unique": false, "Plans": [{"Node Type": "Nested Loop", "Parent Relationship": "Outer", "Join Type": "Inner", "Startup Cost": 0.0, "Total Cost": 20719.49, "Plan Rows": 3779, "Plan Width": 8, "Inner Unique": false, "Plans": [{"Node Type": "Index Scan", "Parent Relationship": "Outer", "Scan Direction": "Forward", "Index Name": "company_name_pkey", "Relation Name": "company_name", "Alias": "cn", "Startup Cost": 0.0, "Total Cost": 10501.39, "Plan Rows": 251, "Plan Width": 4, "Filter": "((country_code)::text = '[ru]'::text)"}, {"Node Type": "Index Scan", "Parent Relationship": "Inner", "Scan Direction": "Forward", "Index Name": "company_id_movie_companies", "Relation Name": "movie_companies", "Alias": "mc", "Startup Cost": 0.0, "Total Cost": 40.56, "Plan Rows": 15, "Plan Width": 12, "Index Cond": "(company_id = cn.id)"}]}, {"Node Type": "Index Scan", "Parent Relationship": "Inner", "Scan Direction": "Forward", "Index Name": "movie_id_cast_info", "Relation Name": "cast_info", "Alias": "ci", "Startup Cost": 0.0, "Total Cost": 0.98, "Plan Rows": 1, "Plan Width": 12, "Index Cond": "(movie_id = mc.movie_id)", "Filter": "(((note)::text ~~ '%(voice)%'::text) AND ((note)::text ~~ '%(uncredited)%'::text))"}]}, {"Node Type": "Index Scan", "Parent Relationship": "Inner", "Scan Direction": "Forward", "Index Name": "role_type_pkey", "Relation Name": "role_type", "Alias": "rt", "Startup Cost": 0.0, "Total Cost": 0.27, "Plan Rows": 1, "Plan Width": 4, "Index Cond": "(id = ci.role_id)", "Filter": "((role)::text = 'actor'::text)"}]}, {"Node Type": "Index Scan", "Parent Relationship": "Inner", "Scan Direction": "Forward", "Index Name": "title_pkey", "Relation Name": "title", "Alias": "t", "Startup Cost": 0.0, "Total Cost": 0.34, "Plan Rows": 1, "Plan Width": 21, "Index Cond": "(id = mc.movie_id)", "Filter": "(production_year > 2005)"}]}, {"Node Type": "Index Scan", "Parent Relationship": "Inner", "Scan Direction": "Forward", "Index Name": "char_name_pkey", "Relation Name": "char_name", "Alias": "chn", "Startup Cost": 0.0, "Total Cost": 5.37, "Plan Rows": 1, "Plan Width": 20, "Index Cond": "(id = ci.person_role_id)"}]}, {"Node Type": "Index Scan", "Parent Relationship": "Inner", "Scan Direction": "Forward", "Index Name": "company_type_pkey", "Relation Name": "company_type", "Alias": "ct", "Startup Cost": 0.0, "Total Cost": 0.27, "Plan Rows": 1, "Plan Width": 4, "Index Cond": "(id = mc.company_type_id)"}]}]}, "Unique SQL Id": 2933943827, "Planner Runtime": 10}, "explain_analyze_plan": {"Plan": {"Node Type": "Aggregate", "Strategy": "Plain", "Startup Cost": 24512.61, "Total Cost": 24512.62, "Plan Rows": 1, "Plan Width": 97, "Actual Startup Time": 1004.411, "Actual Total Time": 1004.411, "Actual Rows": 1, "Actual Loops": 1, "Plans": [{"Node Type": "Nested Loop", "Parent Relationship": "Outer", "Join Type": "Inner", "Startup Cost": 0.0, "Total Cost": 24512.6, "Plan Rows": 2, "Plan Width": 33, "Actual Startup Time": 25.279, "Actual Total Time": 1004.303, "Actual Rows": 18, "Actual Loops": 1, "Inner Unique": true, "Plans": [{"Node Type": "Nested Loop", "Parent Relationship": "Outer", "Join Type": "Inner", "Startup Cost": 0.0, "Total Cost": 24512.04, "Plan Rows": 2, "Plan Width": 37, "Actual Startup Time": 19.269, "Actual Total Time": 1004.035, "Actual Rows": 104, "Actual Loops": 1, "Inner Unique": true, "Plans": [{"Node Type": "Nested Loop", "Parent Relationship": "Outer", "Join Type": "Inner", "Startup Cost": 0.0, "Total Cost": 24485.16, "Plan Rows": 5, "Plan Width": 25, "Actual Startup Time": 19.259, "Actual Total Time": 1003.163, "Actual Rows": 112, "Actual Loops": 1, "Inner Unique": true, "Plans": [{"Node Type": "Nested Loop", "Parent Relationship": "Outer", "Join Type": "Inner", "Startup Cost": 0.0, "Total Cost": 24483.05, "Plan Rows": 6, "Plan Width": 16, "Actual Startup Time": 5.142, "Actual Total Time": 1001.081, "Actual Rows": 275, "Actual Loops": 1, "Inner Unique": true, "Plans": [{"Node Type": "Nested Loop", "Parent Relationship": "Outer", "Join Type": "Inner", "Startup Cost": 0.0, "Total Cost": 24463.81, "Plan Rows": 68, "Plan Width": 20, "Actual Startup Time": 5.13, "Actual Total Time": 999.331, "Actual Rows": 377, "Actual Loops": 1, "Inner Unique": false, "Plans": [{"Node Type": "Nested Loop", "Parent Relationship": "Outer", "Join Type": "Inner", "Startup Cost": 0.0, "Total Cost": 20719.49, "Plan Rows": 3779, "Plan Width": 8, "Actual Startup Time": 0.394, "Actual Total Time": 325.444, "Actual Rows": 8790, "Actual Loops": 1, "Inner Unique": false, "Plans": [{"Node Type": "Index Scan", "Parent Relationship": "Outer", "Scan Direction": "Forward", "Index Name": "company_name_pkey", "Relation Name": "company_name", "Alias": "cn", "Startup Cost": 0.0, "Total Cost": 10501.39, "Plan Rows": 251, "Plan Width": 4, "Actual Startup Time": 0.378, "Actual Total Time": 303.349, "Actual Rows": 1361, "Actual Loops": 1, "Filter": "((country_code)::text = '[ru]'::text)", "Rows Removed by Filter": 233635}, {"Node Type": "Index Scan", "Parent Relationship": "Inner", "Scan Direction": "Forward", "Index Name": "company_id_movie_companies", "Relation Name": "movie_companies", "Alias": "mc", "Startup Cost": 0.0, "Total Cost": 40.56, "Plan Rows": 15, "Plan Width": 12, "Actual Startup Time": 7.85, "Actual Total Time": 18.573, "Actual Rows": 8790, "Actual Loops": 1361, "Index Cond": "(company_id = cn.id)", "Rows Removed by Index Recheck": 0}]}, {"Node Type": "Index Scan", "Parent Relationship": "Inner", "Scan Direction": "Forward", "Index Name": "movie_id_cast_info", "Relation Name": "cast_info", "Alias": "ci", "Startup Cost": 0.0, "Total Cost": 0.98, "Plan Rows": 1, "Plan Width": 12, "Actual Startup Time": 630.04, "Actual Total Time": 668.227, "Actual Rows": 377, "Actual Loops": 8790, "Index Cond": "(movie_id = mc.movie_id)", "Rows Removed by Index Recheck": 0, "Filter": "(((note)::text ~~ '%(voice)%'::text) AND ((note)::text ~~ '%(uncredited)%'::text))", "Rows Removed by Filter": 408168}]}, {"Node Type": "Index Scan", "Parent Relationship": "Inner", "Scan Direction": "Forward", "Index Name": "role_type_pkey", "Relation Name": "role_type", "Alias": "rt", "Startup Cost": 0.0, "Total Cost": 0.27, "Plan Rows": 1, "Plan Width": 4, "Actual Startup Time": 1.198, "Actual Total Time": 1.198, "Actual Rows": 275, "Actual Loops": 377, "Index Cond": "(id = ci.role_id)", "Rows Removed by Index Recheck": 0, "Filter": "((role)::text = 'actor'::text)", "Rows Removed by Filter": 102}]}, {"Node Type": "Index Scan", "Parent Relationship": "Inner", "Scan Direction": "Forward", "Index Name": "title_pkey", "Relation Name": "title", "Alias": "t", "Startup Cost": 0.0, "Total Cost": 0.34, "Plan Rows": 1, "Plan Width": 21, "Actual Startup Time": 1.703, "Actual Total Time": 1.703, "Actual Rows": 112, "Actual Loops": 275, "Index Cond": "(id = mc.movie_id)", "Rows Removed by Index Recheck": 0, "Filter": "(production_year > 2005)", "Rows Removed by Filter": 163}]}, {"Node Type": "Index Scan", "Parent Relationship": "Inner", "Scan Direction": "Forward", "Index Name": "char_name_pkey", "Relation Name": "char_name", "Alias": "chn", "Startup Cost": 0.0, "Total Cost": 5.37, "Plan Rows": 1, "Plan Width": 20, "Actual Startup Time": 0.641, "Actual Total Time": 0.641, "Actual Rows": 104, "Actual Loops": 112, "Index Cond": "(id = ci.person_role_id)", "Rows Removed by Index Recheck": 0}]}, {"Node Type": "Index Scan", "Parent Relationship": "Inner", "Scan Direction": "Forward", "Index Name": "company_type_pkey", "Relation Name": "company_type", "Alias": "ct", "Startup Cost": 0.0, "Total Cost": 0.27, "Plan Rows": 1, "Plan Width": 4, "Actual Startup Time": 0.131, "Actual Total Time": 0.131, "Actual Rows": 18, "Actual Loops": 104, "Index Cond": "(id = mc.company_type_id)", "Rows Removed by Index Recheck": 0}]}]}, "Triggers": [], "Planner Runtime": 4, "Total Runtime": 1004.765, "Unique SQL Id": 2933943827}}, "(1, 94)": {"explain_plan": {"Plan": {"Node Type": "Aggregate", "Strategy": "Plain", "Startup Cost": 1719080.53, "Total Cost": 1719080.54, "Plan Rows": 1, "Plan Width": 97, "Plans": [{"Node Type": "Merge Join", "Parent Relationship": "Outer", "Join Type": "Inner", "Startup Cost": 1714017.96, "Total Cost": 1719080.51, "Plan Rows": 4, "Plan Width": 33, "Inner Unique": true, "Merge Cond": "(mc.movie_id = t.id)", "Plans": [{"Node Type": "Sort", "Parent Relationship": "Outer", "Startup Cost": 1546527.55, "Total Cost": 1546527.56, "Plan Rows": 3, "Plan Width": 24, "Sort Key": ["ci.movie_id"], "Plans": [{"Node Type": "Merge Join", "Parent Relationship": "Outer", "Join Type": "Inner", "Startup Cost": 1530825.8, "Total Cost": 1546527.53, "Plan Rows": 3, "Plan Width": 24, "Inner Unique": true, "Merge Cond": "(ci.person_role_id = chn.id)", "Plans": [{"Node Type": "Sort", "Parent Relationship": "Outer", "Startup Cost": 1124450.87, "Total Cost": 1124450.89, "Plan Rows": 6, "Plan Width": 12, "Sort Key": ["ci.person_role_id"], "Plans": [{"Node Type": "Merge Join", "Parent Relationship": "Outer", "Join Type": "Inner", "Startup Cost": 1124421.71, "Total Cost": 1124450.8, "Plan Rows": 6, "Plan Width": 12, "Inner Unique": false, "Merge Cond": "(ci.movie_id = mc.movie_id)", "Plans": [{"Node Type": "Sort", "Parent Relationship": "Outer", "Startup Cost": 785029.85, "Total Cost": 785034.92, "Plan Rows": 2027, "Plan Width": 8, "Sort Key": ["ci.movie_id"], "Plans": [{"Node Type": "Merge Join", "Parent Relationship": "Outer", "Join Type": "Inner", "Startup Cost": 784786.76, "Total Cost": 784918.52, "Plan Rows": 2027, "Plan Width": 8, "Inner Unique": false, "Merge Cond": "(rt.id = ci.role_id)", "Plans": [{"Node Type": "Sort", "Parent Relationship": "Outer", "Startup Cost": 1.16, "Total Cost": 1.16, "Plan Rows": 1, "Plan Width": 4, "Sort Key": ["rt.id"], "Plans": [{"Node Type": "Seq Scan", "Parent Relationship": "Outer", "Relation Name": "role_type", "Alias": "rt", "Startup Cost": 0.0, "Total Cost": 1.15, "Plan Rows": 1, "Plan Width": 4, "Filter": "((role)::text = 'actor'::text)"}]}, {"Node Type": "Sort", "Parent Relationship": "Inner", "Startup Cost": 784785.6, "Total Cost": 784841.34, "Plan Rows": 22295, "Plan Width": 12, "Sort Key": ["ci.role_id"], "Plans": [{"Node Type": "Seq Scan", "Parent Relationship": "Outer", "Relation Name": "cast_info", "Alias": "ci", "Startup Cost": 0.0, "Total Cost": 783175.41, "Plan Rows": 22295, "Plan Width": 12, "Filter": "(((note)::text ~~ '%(voice)%'::text) AND ((note)::text ~~ '%(uncredited)%'::text))"}]}]}]}, {"Node Type": "Sort", "Parent Relationship": "Inner", "Startup Cost": 339391.86, "Total Cost": 339401.3, "Plan Rows": 3779, "Plan Width": 4, "Sort Key": ["mc.movie_id"], "Plans": [{"Node Type": "Merge Join", "Parent Relationship": "Outer", "Join Type": "Inner", "Startup Cost": 339119.86, "Total Cost": 339167.31, "Plan Rows": 3779, "Plan Width": 4, "Inner Unique": false, "Merge Cond": "(ct.id = mc.company_type_id)", "Plans": [{"Node Type": "Sort", "Parent Relationship": "Outer", "Startup Cost": 1.05, "Total Cost": 1.06, "Plan Rows": 3, "Plan Width": 4, "Sort Key": ["ct.id"], "Plans": [{"Node Type": "Seq Scan", "Parent Relationship": "Outer", "Relation Name": "company_type", "Alias": "ct", "Startup Cost": 0.0, "Total Cost": 1.03, "Plan Rows": 3, "Plan Width": 4}]}, {"Node Type": "Sort", "Parent Relationship": "Inner", "Startup Cost": 339109.56, "Total Cost": 339119.01, "Plan Rows": 3779, "Plan Width": 8, "Sort Key": ["mc.company_type_id"], "Plans": [{"Node Type": "Merge Join", "Parent Relationship": "Outer", "Join Type": "Inner", "Startup Cost": 326139.31, "Total Cost": 338885.01, "Plan Rows": 3779, "Plan Width": 8, "Inner Unique": false, "Merge Cond": "(cn.id = mc.company_id)", "Plans": [{"Node Type": "Sort", "Parent Relationship": "Outer", "Startup Cost": 5913.45, "Total Cost": 5914.08, "Plan Rows": 251, "Plan Width": 4, "Sort Key": ["cn.id"], "Plans": [{"Node Type": "Seq Scan", "Parent Relationship": "Outer", "Relation Name": "company_name", "Alias": "cn", "Startup Cost": 0.0, "Total Cost": 5903.45, "Plan Rows": 251, "Plan Width": 4, "Filter": "((country_code)::text = '[ru]'::text)"}]}, {"Node Type": "Sort", "Parent Relationship": "Inner", "Startup Cost": 319886.87, "Total Cost": 326409.69, "Plan Rows": 2609128, "Plan Width": 12, "Sort Key": ["mc.company_id"], "Plans": [{"Node Type": "Seq Scan", "Parent Relationship": "Outer", "Relation Name": "movie_companies", "Alias": "mc", "Startup Cost": 0.0, "Total Cost": 41817.28, "Plan Rows": 2609128, "Plan Width": 12}]}]}]}]}]}]}]}, {"Node Type": "Sort", "Parent Relationship": "Inner", "Startup Cost": 406374.92, "Total Cost": 414225.77, "Plan Rows": 3140338, "Plan Width": 20, "Sort Key": ["chn.id"], "Plans": [{"Node Type": "Seq Scan", "Parent Relationship": "Outer", "Relation Name": "char_name", "Alias": "chn", "Startup Cost": 0.0, "Total Cost": 67493.38, "Plan Rows": 3140338, "Plan Width": 20}]}]}]}, {"Node Type": "Sort", "Parent Relationship": "Inner", "Startup Cost": 167490.29, "Total Cost": 170024.02, "Plan Rows": 1013492, "Plan Width": 21, "Sort Key": ["t.id"], "Plans": [{"Node Type": "Seq Scan", "Parent Relationship": "Outer", "Relation Name": "title", "Alias": "t", "Startup Cost": 0.0, "Total Cost": 66389.89, "Plan Rows": 1013492, "Plan Width": 21, "Filter": "(production_year > 2005), (LLVM Optimized)"}]}]}]}, "Unique SQL Id": 2933943827, "Planner Runtime": 16}, "explain_analyze_plan": null}, "(1, 95)": {"explain_plan": {"Plan": {"Node Type": "Aggregate", "Strategy": "Plain", "Startup Cost": 6488202630745.57, "Total Cost": 6488202630745.58, "Plan Rows": 1, "Plan Width": 97, "Plans": [{"Node Type": "Merge Join", "Parent Relationship": "Outer", "Join Type": "Inner", "Startup Cost": 5498202629499.29, "Total Cost": 6488202630745.55, "Plan Rows": 4, "Plan Width": 33, "Inner Unique": true, "Merge Cond": "(ci.role_id = rt.id)", "Plans": [{"Node Type": "Sort", "Parent Relationship": "Outer", "Startup Cost": 5488202629499.29, "Total Cost": 5488202629499.39, "Plan Rows": 40, "Plan Width": 37, "Sort Key": ["ci.role_id"], "Plans": [{"Node Type": "Merge Join", "Parent Relationship": "Outer", "Join Type": "Inner", "Startup Cost": 4498202628268.03, "Total Cost": 5488202629498.23, "Plan Rows": 40, "Plan Width": 37, "Inner Unique": true, "Merge Cond": "(mc.company_type_id = ct.id)", "Plans": [{"Node Type": "Sort", "Parent Relationship": "Outer", "Startup Cost": 4488202628267.93, "Total Cost": 4488202628268.03, "Plan Rows": 40, "Plan Width": 41, "Sort Key": ["mc.company_type_id"], "Plans": [{"Node Type": "Merge Join", "Parent Relationship": "Outer", "Join Type": "Inner", "Startup Cost": 3498201577991.91, "Total Cost": 4488202628266.87, "Plan Rows": 40, "Plan Width": 41, "Inner Unique": true, "Merge Cond": "(mc.company_id = cn.id)", "Plans": [{"Node Type": "Sort", "Parent Relationship": "Outer", "Startup Cost": 3488201577988.31, "Total Cost": 3488201578057.59, "Plan Rows": 27712, "Plan Width": 45, "Sort Key": ["mc.company_id"], "Plans": [{"Node Type": "Merge Join", "Parent Relationship": "Outer", "Join Type": "Inner", "Startup Cost": 1510040083041.2, "Total Cost": 3488201575943.41, "Plan Rows": 27712, "Plan Width": 45, "Inner Unique": false, "Merge Cond": "(t.id = mc.movie_id)", "Plans": [{"Node Type": "Merge Join", "Parent Relationship": "Outer", "Join Type": "Inner", "Startup Cost": 1500040083041.2, "Total Cost": 2489168673554.28, "Plan Rows": 13119, "Plan Width": 45, "Inner Unique": true, "Merge Cond": "(ci.movie_id = t.id)", "Plans": [{"Node Type": "Sort", "Parent Relationship": "Outer", "Startup Cost": 1490040083041.2, "Total Cost": 1490040083068.22, "Plan Rows": 10808, "Plan Width": 24, "Sort Key": ["ci.movie_id"], "Plans": [{"Node Type": "Merge Join", "Parent Relationship": "Outer", "Join Type": "Inner", "Startup Cost": 59439679227.39, "Total Cost": 1490040082317.07, "Plan Rows": 10808, "Plan Width": 24, "Inner Unique": false, "Merge Cond": "(chn.id = ci.person_role_id)", "Plans": [{"Node Type": "Index Scan", "Parent Relationship": "Outer", "Scan Direction": "Forward", "Index Name": "char_name_pkey", "Relation Name": "char_name", "Alias": "chn", "Startup Cost": 10000000000.0, "Total Cost": 1000012987545.51, "Plan Rows": 3140338, "Plan Width": 20}, {"Node Type": "Index Scan", "Parent Relationship": "Inner", "Scan Direction": "Forward", "Index Name": "person_role_id_cast_info", "Relation Name": "cast_info", "Alias": "ci", "Startup Cost": 10000000000.0, "Total Cost": 1000211315681.48, "Plan Rows": 22295, "Plan Width": 12, "Filter": "(((note)::text ~~ '%(voice)%'::text) AND ((note)::text ~~ '%(uncredited)%'::text))"}]}]}, {"Node Type": "Index Scan", "Parent Relationship": "Inner", "Scan Direction": "Forward", "Index Name": "title_pkey", "Relation Name": "title", "Alias": "t", "Startup Cost": 10000000000.0, "Total Cost": 1000011644126.66, "Plan Rows": 1013492, "Plan Width": 21, "Filter": "(production_year > 2005), (LLVM Optimized)"}]}, {"Node Type": "Index Scan", "Parent Relationship": "Inner", "Scan Direction": "Forward", "Index Name": "movie_id_movie_companies", "Relation Name": "movie_companies", "Alias": "mc", "Startup Cost": 10000000000.0, "Total Cost": 1000013051946.13, "Plan Rows": 2609128, "Plan Width": 12}]}]}, {"Node Type": "Index Scan", "Parent Relationship": "Inner", "Scan Direction": "Forward", "Index Name": "company_name_pkey", "Relation Name": "company_name", "Alias": "cn", "Startup Cost": 10000000000.0, "Total Cost": 1000001050138.97, "Plan Rows": 251, "Plan Width": 4, "Filter": "((country_code)::text = '[ru]'::text)"}]}]}, {"Node Type": "Materialize", "Parent Relationship": "Inner", "Startup Cost": 10000000000.0, "Total Cost": 1000000001229.51, "Plan Rows": 3, "Plan Width": 4, "Plans": [{"Node Type": "Index Scan", "Parent Relationship": "Outer", "Scan Direction": "Forward", "Index Name": "company_type_pkey", "Relation Name": "company_type", "Alias": "ct", "Startup Cost": 10000000000.0, "Total Cost": 1000000001229.5, "Plan Rows": 3, "Plan Width": 4}]}]}]}, {"Node Type": "Materialize", "Parent Relationship": "Inner", "Startup Cost": 10000000000.0, "Total Cost": 1000000001246.0, "Plan Rows": 1, "Plan Width": 4, "Plans": [{"Node Type": "Index Scan", "Parent Relationship": "Outer", "Scan Direction": "Forward", "Index Name": "role_type_pkey", "Relation Name": "role_type", "Alias": "rt", "Startup Cost": 10000000000.0, "Total Cost": 1000000001246.0, "Plan Rows": 1, "Plan Width": 4, "Filter": "((role)::text = 'actor'::text)"}]}]}]}, "Unique SQL Id": 2933943827, "Planner Runtime": 37}, "explain_analyze_plan": null}, "(1, 96)": {"explain_plan": {"Plan": {"Node Type": "Aggregate", "Strategy": "Plain", "Startup Cost": 19914.67, "Total Cost": 19914.68, "Plan Rows": 1, "Plan Width": 97, "Plans": [{"Node Type": "Nested Loop", "Parent Relationship": "Outer", "Join Type": "Inner", "Startup Cost": 0.0, "Total Cost": 19914.66, "Plan Rows": 2, "Plan Width": 33, "Inner Unique": true, "Plans": [{"Node Type": "Nested Loop", "Parent Relationship": "Outer", "Join Type": "Inner", "Startup Cost": 0.0, "Total Cost": 19914.1, "Plan Rows": 2, "Plan Width": 37, "Inner Unique": true, "Plans": [{"Node Type": "Nested Loop", "Parent Relationship": "Outer", "Join Type": "Inner", "Startup Cost": 0.0, "Total Cost": 19887.22, "Plan Rows": 5, "Plan Width": 25, "Inner Unique": true, "Plans": [{"Node Type": "Nested Loop", "Parent Relationship": "Outer", "Join Type": "Inner", "Startup Cost": 0.0, "Total Cost": 19885.12, "Plan Rows": 6, "Plan Width": 16, "Inner Unique": true, "Plans": [{"Node Type": "Nested Loop", "Parent Relationship": "Outer", "Join Type": "Inner", "Startup Cost": 0.0, "Total Cost": 19865.87, "Plan Rows": 68, "Plan Width": 20, "Inner Unique": false, "Plans": [{"Node Type": "Nested Loop", "Parent Relationship": "Outer", "Join Type": "Inner", "Startup Cost": 0.0, "Total Cost": 16121.55, "Plan Rows": 3779, "Plan Width": 8, "Inner Unique": false, "Plans": [{"Node Type": "Seq Scan", "Parent Relationship": "Outer", "Relation Name": "company_name", "Alias": "cn", "Startup Cost": 0.0, "Total Cost": 5903.45, "Plan Rows": 251, "Plan Width": 4, "Filter": "((country_code)::text = '[ru]'::text)"}, {"Node Type": "Index Scan", "Parent Relationship": "Inner", "Scan Direction": "Forward", "Index Name": "company_id_movie_companies", "Relation Name": "movie_companies", "Alias": "mc", "Startup Cost": 0.0, "Total Cost": 40.56, "Plan Rows": 15, "Plan Width": 12, "Index Cond": "(company_id = cn.id)"}]}, {"Node Type": "Index Scan", "Parent Relationship": "Inner", "Scan Direction": "Forward", "Index Name": "movie_id_cast_info", "Relation Name": "cast_info", "Alias": "ci", "Startup Cost": 0.0, "Total Cost": 0.98, "Plan Rows": 1, "Plan Width": 12, "Index Cond": "(movie_id = mc.movie_id)", "Filter": "(((note)::text ~~ '%(voice)%'::text) AND ((note)::text ~~ '%(uncredited)%'::text))"}]}, {"Node Type": "Index Scan", "Parent Relationship": "Inner", "Scan Direction": "Forward", "Index Name": "role_type_pkey", "Relation Name": "role_type", "Alias": "rt", "Startup Cost": 0.0, "Total Cost": 0.27, "Plan Rows": 1, "Plan Width": 4, "Index Cond": "(id = ci.role_id)", "Filter": "((role)::text = 'actor'::text)"}]}, {"Node Type": "Index Scan", "Parent Relationship": "Inner", "Scan Direction": "Forward", "Index Name": "title_pkey", "Relation Name": "title", "Alias": "t", "Startup Cost": 0.0, "Total Cost": 0.34, "Plan Rows": 1, "Plan Width": 21, "Index Cond": "(id = mc.movie_id)", "Filter": "(production_year > 2005)"}]}, {"Node Type": "Index Scan", "Parent Relationship": "Inner", "Scan Direction": "Forward", "Index Name": "char_name_pkey", "Relation Name": "char_name", "Alias": "chn", "Startup Cost": 0.0, "Total Cost": 5.37, "Plan Rows": 1, "Plan Width": 20, "Index Cond": "(id = ci.person_role_id)"}]}, {"Node Type": "Index Only Scan", "Parent Relationship": "Inner", "Scan Direction": "Forward", "Index Name": "company_type_pkey", "Relation Name": "company_type", "Alias": "ct", "Startup Cost": 0.0, "Total Cost": 0.27, "Plan Rows": 1, "Plan Width": 4, "Index Cond": "(id = mc.company_type_id)"}]}]}, "Unique SQL Id": 2933943827, "Planner Runtime": 5}, "explain_analyze_plan": {"Plan": {"Node Type": "Aggregate", "Strategy": "Plain", "Startup Cost": 19914.67, "Total Cost": 19914.68, "Plan Rows": 1, "Plan Width": 97, "Actual Startup Time": 747.77, "Actual Total Time": 747.77, "Actual Rows": 1, "Actual Loops": 1, "Plans": [{"Node Type": "Nested Loop", "Parent Relationship": "Outer", "Join Type": "Inner", "Startup Cost": 0.0, "Total Cost": 19914.66, "Plan Rows": 2, "Plan Width": 33, "Actual Startup Time": 41.866, "Actual Total Time": 747.642, "Actual Rows": 18, "Actual Loops": 1, "Inner Unique": true, "Plans": [{"Node Type": "Nested Loop", "Parent Relationship": "Outer", "Join Type": "Inner", "Startup Cost": 0.0, "Total Cost": 19914.1, "Plan Rows": 2, "Plan Width": 37, "Actual Startup Time": 8.627, "Actual Total Time": 747.353, "Actual Rows": 104, "Actual Loops": 1, "Inner Unique": true, "Plans": [{"Node Type": "Nested Loop", "Parent Relationship": "Outer", "Join Type": "Inner", "Startup Cost": 0.0, "Total Cost": 19887.22, "Plan Rows": 5, "Plan Width": 25, "Actual Startup Time": 8.616, "Actual Total Time": 746.498, "Actual Rows": 112, "Actual Loops": 1, "Inner Unique": true, "Plans": [{"Node Type": "Nested Loop", "Parent Relationship": "Outer", "Join Type": "Inner", "Startup Cost": 0.0, "Total Cost": 19885.12, "Plan Rows": 6, "Plan Width": 16, "Actual Startup Time": 0.778, "Actual Total Time": 744.543, "Actual Rows": 275, "Actual Loops": 1, "Inner Unique": true, "Plans": [{"Node Type": "Nested Loop", "Parent Relationship": "Outer", "Join Type": "Inner", "Startup Cost": 0.0, "Total Cost": 19865.87, "Plan Rows": 68, "Plan Width": 20, "Actual Startup Time": 0.77, "Actual Total Time": 742.914, "Actual Rows": 377, "Actual Loops": 1, "Inner Unique": false, "Plans": [{"Node Type": "Nested Loop", "Parent Relationship": "Outer", "Join Type": "Inner", "Startup Cost": 0.0, "Total Cost": 16121.55, "Plan Rows": 3779, "Plan Width": 8, "Actual Startup Time": 0.069, "Actual Total Time": 101.023, "Actual Rows": 8790, "Actual Loops": 1, "Inner Unique": false, "Plans": [{"Node Type": "Seq Scan", "Parent Relationship": "Outer", "Relation Name": "company_name", "Alias": "cn", "Startup Cost": 0.0, "Total Cost": 5903.45, "Plan Rows": 251, "Plan Width": 4, "Actual Startup Time": 0.049, "Actual Total Time": 80.047, "Actual Rows": 1361, "Actual Loops": 1, "Filter": "((country_code)::text = '[ru]'::text)", "Rows Removed by Filter": 233635}, {"Node Type": "Index Scan", "Parent Relationship": "Inner", "Scan Direction": "Forward", "Index Name": "company_id_movie_companies", "Relation Name": "movie_companies", "Alias": "mc", "Startup Cost": 0.0, "Total Cost": 40.56, "Plan Rows": 15, "Plan Width": 12, "Actual Startup Time": 7.761, "Actual Total Time": 17.771, "Actual Rows": 8790, "Actual Loops": 1361, "Index Cond": "(company_id = cn.id)", "Rows Removed by Index Recheck": 0}]}, {"Node Type": "Index Scan", "Parent Relationship": "Inner", "Scan Direction": "Forward", "Index Name": "movie_id_cast_info", "Relation Name": "cast_info", "Alias": "ci", "Startup Cost": 0.0, "Total Cost": 0.98, "Plan Rows": 1, "Plan Width": 12, "Actual Startup Time": 599.435, "Actual Total Time": 636.598, "Actual Rows": 377, "Actual Loops": 8790, "Index Cond": "(movie_id = mc.movie_id)", "Rows Removed by Index Recheck": 0, "Filter": "(((note)::text ~~ '%(voice)%'::text) AND ((note)::text ~~ '%(uncredited)%'::text))", "Rows Removed by Filter": 408168}]}, {"Node Type": "Index Scan", "Parent Relationship": "Inner", "Scan Direction": "Forward", "Index Name": "role_type_pkey", "Relation Name": "role_type", "Alias": "rt", "Startup Cost": 0.0, "Total Cost": 0.27, "Plan Rows": 1, "Plan Width": 4, "Actual Startup Time": 1.125, "Actual Total Time": 1.125, "Actual Rows": 275, "Actual Loops": 377, "Index Cond": "(id = ci.role_id)", "Rows Removed by Index Recheck": 0, "Filter": "((role)::text = 'actor'::text)", "Rows Removed by Filter": 102}]}, {"Node Type": "Index Scan", "Parent Relationship": "Inner", "Scan Direction": "Forward", "Index Name": "title_pkey", "Relation Name": "title", "Alias": "t", "Startup Cost": 0.0, "Total Cost": 0.34, "Plan Rows": 1, "Plan Width": 21, "Actual Startup Time": 1.565, "Actual Total Time": 1.565, "Actual Rows": 112, "Actual Loops": 275, "Index Cond": "(id = mc.movie_id)", "Rows Removed by Index Recheck": 0, "Filter": "(production_year > 2005)", "Rows Removed by Filter": 163}]}, {"Node Type": "Index Scan", "Parent Relationship": "Inner", "Scan Direction": "Forward", "Index Name": "char_name_pkey", "Relation Name": "char_name", "Alias": "chn", "Startup Cost": 0.0, "Total Cost": 5.37, "Plan Rows": 1, "Plan Width": 20, "Actual Startup Time": 0.628, "Actual Total Time": 0.628, "Actual Rows": 104, "Actual Loops": 112, "Index Cond": "(id = ci.person_role_id)", "Rows Removed by Index Recheck": 0}]}, {"Node Type": "Index Only Scan", "Parent Relationship": "Inner", "Scan Direction": "Forward", "Index Name": "company_type_pkey", "Relation Name": "company_type", "Alias": "ct", "Startup Cost": 0.0, "Total Cost": 0.27, "Plan Rows": 1, "Plan Width": 4, "Actual Startup Time": 0.164, "Actual Total Time": 0.164, "Actual Rows": 18, "Actual Loops": 104, "Index Cond": "(id = mc.company_type_id)", "Rows Removed by Index Recheck": 0, "Heap Fetches": 0}]}]}, "Triggers": [], "Planner Runtime": 5, "Total Runtime": 748.112, "Unique SQL Id": 2933943827}}, "(1, 97)": {"explain_plan": {"Plan": {"Node Type": "Aggregate", "Strategy": "Plain", "Startup Cost": 24512.61, "Total Cost": 24512.62, "Plan Rows": 1, "Plan Width": 97, "Plans": [{"Node Type": "Nested Loop", "Parent Relationship": "Outer", "Join Type": "Inner", "Startup Cost": 0.0, "Total Cost": 24512.6, "Plan Rows": 2, "Plan Width": 33, "Inner Unique": true, "Plans": [{"Node Type": "Nested Loop", "Parent Relationship": "Outer", "Join Type": "Inner", "Startup Cost": 0.0, "Total Cost": 24512.04, "Plan Rows": 2, "Plan Width": 37, "Inner Unique": true, "Plans": [{"Node Type": "Nested Loop", "Parent Relationship": "Outer", "Join Type": "Inner", "Startup Cost": 0.0, "Total Cost": 24485.16, "Plan Rows": 5, "Plan Width": 25, "Inner Unique": true, "Plans": [{"Node Type": "Nested Loop", "Parent Relationship": "Outer", "Join Type": "Inner", "Startup Cost": 0.0, "Total Cost": 24483.05, "Plan Rows": 6, "Plan Width": 16, "Inner Unique": true, "Plans": [{"Node Type": "Nested Loop", "Parent Relationship": "Outer", "Join Type": "Inner", "Startup Cost": 0.0, "Total Cost": 24463.81, "Plan Rows": 68, "Plan Width": 20, "Inner Unique": false, "Plans": [{"Node Type": "Nested Loop", "Parent Relationship": "Outer", "Join Type": "Inner", "Startup Cost": 0.0, "Total Cost": 20719.49, "Plan Rows": 3779, "Plan Width": 8, "Inner Unique": false, "Plans": [{"Node Type": "Index Scan", "Parent Relationship": "Outer", "Scan Direction": "Forward", "Index Name": "company_name_pkey", "Relation Name": "company_name", "Alias": "cn", "Startup Cost": 0.0, "Total Cost": 10501.39, "Plan Rows": 251, "Plan Width": 4, "Filter": "((country_code)::text = '[ru]'::text)"}, {"Node Type": "Index Scan", "Parent Relationship": "Inner", "Scan Direction": "Forward", "Index Name": "company_id_movie_companies", "Relation Name": "movie_companies", "Alias": "mc", "Startup Cost": 0.0, "Total Cost": 40.56, "Plan Rows": 15, "Plan Width": 12, "Index Cond": "(company_id = cn.id)"}]}, {"Node Type": "Index Scan", "Parent Relationship": "Inner", "Scan Direction": "Forward", "Index Name": "movie_id_cast_info", "Relation Name": "cast_info", "Alias": "ci", "Startup Cost": 0.0, "Total Cost": 0.98, "Plan Rows": 1, "Plan Width": 12, "Index Cond": "(movie_id = mc.movie_id)", "Filter": "(((note)::text ~~ '%(voice)%'::text) AND ((note)::text ~~ '%(uncredited)%'::text))"}]}, {"Node Type": "Index Scan", "Parent Relationship": "Inner", "Scan Direction": "Forward", "Index Name": "role_type_pkey", "Relation Name": "role_type", "Alias": "rt", "Startup Cost": 0.0, "Total Cost": 0.27, "Plan Rows": 1, "Plan Width": 4, "Index Cond": "(id = ci.role_id)", "Filter": "((role)::text = 'actor'::text)"}]}, {"Node Type": "Index Scan", "Parent Relationship": "Inner", "Scan Direction": "Forward", "Index Name": "title_pkey", "Relation Name": "title", "Alias": "t", "Startup Cost": 0.0, "Total Cost": 0.34, "Plan Rows": 1, "Plan Width": 21, "Index Cond": "(id = mc.movie_id)", "Filter": "(production_year > 2005)"}]}, {"Node Type": "Index Scan", "Parent Relationship": "Inner", "Scan Direction": "Forward", "Index Name": "char_name_pkey", "Relation Name": "char_name", "Alias": "chn", "Startup Cost": 0.0, "Total Cost": 5.37, "Plan Rows": 1, "Plan Width": 20, "Index Cond": "(id = ci.person_role_id)"}]}, {"Node Type": "Index Only Scan", "Parent Relationship": "Inner", "Scan Direction": "Forward", "Index Name": "company_type_pkey", "Relation Name": "company_type", "Alias": "ct", "Startup Cost": 0.0, "Total Cost": 0.27, "Plan Rows": 1, "Plan Width": 4, "Index Cond": "(id = mc.company_type_id)"}]}]}, "Unique SQL Id": 2933943827, "Planner Runtime": 4}, "explain_analyze_plan": {"Plan": {"Node Type": "Aggregate", "Strategy": "Plain", "Startup Cost": 24512.61, "Total Cost": 24512.62, "Plan Rows": 1, "Plan Width": 97, "Actual Startup Time": 1177.526, "Actual Total Time": 1177.527, "Actual Rows": 1, "Actual Loops": 1, "Plans": [{"Node Type": "Nested Loop", "Parent Relationship": "Outer", "Join Type": "Inner", "Startup Cost": 0.0, "Total Cost": 24512.6, "Plan Rows": 2, "Plan Width": 33, "Actual Startup Time": 37.022, "Actual Total Time": 1177.415, "Actual Rows": 18, "Actual Loops": 1, "Inner Unique": true, "Plans": [{"Node Type": "Nested Loop", "Parent Relationship": "Outer", "Join Type": "Inner", "Startup Cost": 0.0, "Total Cost": 24512.04, "Plan Rows": 2, "Plan Width": 37, "Actual Startup Time": 28.615, "Actual Total Time": 1177.077, "Actual Rows": 104, "Actual Loops": 1, "Inner Unique": true, "Plans": [{"Node Type": "Nested Loop", "Parent Relationship": "Outer", "Join Type": "Inner", "Startup Cost": 0.0, "Total Cost": 24485.16, "Plan Rows": 5, "Plan Width": 25, "Actual Startup Time": 28.593, "Actual Total Time": 1175.945, "Actual Rows": 112, "Actual Loops": 1, "Inner Unique": true, "Plans": [{"Node Type": "Nested Loop", "Parent Relationship": "Outer", "Join Type": "Inner", "Startup Cost": 0.0, "Total Cost": 24483.05, "Plan Rows": 6, "Plan Width": 16, "Actual Startup Time": 8.531, "Actual Total Time": 1173.512, "Actual Rows": 275, "Actual Loops": 1, "Inner Unique": true, "Plans": [{"Node Type": "Nested Loop", "Parent Relationship": "Outer", "Join Type": "Inner", "Startup Cost": 0.0, "Total Cost": 24463.81, "Plan Rows": 68, "Plan Width": 20, "Actual Startup Time": 8.509, "Actual Total Time": 1171.854, "Actual Rows": 377, "Actual Loops": 1, "Inner Unique": false, "Plans": [{"Node Type": "Nested Loop", "Parent Relationship": "Outer", "Join Type": "Inner", "Startup Cost": 0.0, "Total Cost": 20719.49, "Plan Rows": 3779, "Plan Width": 8, "Actual Startup Time": 0.393, "Actual Total Time": 320.093, "Actual Rows": 8790, "Actual Loops": 1, "Inner Unique": false, "Plans": [{"Node Type": "Index Scan", "Parent Relationship": "Outer", "Scan Direction": "Forward", "Index Name": "company_name_pkey", "Relation Name": "company_name", "Alias": "cn", "Startup Cost": 0.0, "Total Cost": 10501.39, "Plan Rows": 251, "Plan Width": 4, "Actual Startup Time": 0.379, "Actual Total Time": 295.713, "Actual Rows": 1361, "Actual Loops": 1, "Filter": "((country_code)::text = '[ru]'::text)", "Rows Removed by Filter": 233635}, {"Node Type": "Index Scan", "Parent Relationship": "Inner", "Scan Direction": "Forward", "Index Name": "company_id_movie_companies", "Relation Name": "movie_companies", "Alias": "mc", "Startup Cost": 0.0, "Total Cost": 40.56, "Plan Rows": 15, "Plan Width": 12, "Actual Startup Time": 7.632, "Actual Total Time": 20.631, "Actual Rows": 8790, "Actual Loops": 1361, "Index Cond": "(company_id = cn.id)", "Rows Removed by Index Recheck": 0}]}, {"Node Type": "Index Scan", "Parent Relationship": "Inner", "Scan Direction": "Forward", "Index Name": "movie_id_cast_info", "Relation Name": "cast_info", "Alias": "ci", "Startup Cost": 0.0, "Total Cost": 0.98, "Plan Rows": 1, "Plan Width": 12, "Actual Startup Time": 795.582, "Actual Total Time": 846.472, "Actual Rows": 377, "Actual Loops": 8790, "Index Cond": "(movie_id = mc.movie_id)", "Rows Removed by Index Recheck": 0, "Filter": "(((note)::text ~~ '%(voice)%'::text) AND ((note)::text ~~ '%(uncredited)%'::text))", "Rows Removed by Filter": 408168}]}, {"Node Type": "Index Scan", "Parent Relationship": "Inner", "Scan Direction": "Forward", "Index Name": "role_type_pkey", "Relation Name": "role_type", "Alias": "rt", "Startup Cost": 0.0, "Total Cost": 0.27, "Plan Rows": 1, "Plan Width": 4, "Actual Startup Time": 1.098, "Actual Total Time": 1.098, "Actual Rows": 275, "Actual Loops": 377, "Index Cond": "(id = ci.role_id)", "Rows Removed by Index Recheck": 0, "Filter": "((role)::text = 'actor'::text)", "Rows Removed by Filter": 102}]}, {"Node Type": "Index Scan", "Parent Relationship": "Inner", "Scan Direction": "Forward", "Index Name": "title_pkey", "Relation Name": "title", "Alias": "t", "Startup Cost": 0.0, "Total Cost": 0.34, "Plan Rows": 1, "Plan Width": 21, "Actual Startup Time": 2.044, "Actual Total Time": 2.044, "Actual Rows": 112, "Actual Loops": 275, "Index Cond": "(id = mc.movie_id)", "Rows Removed by Index Recheck": 0, "Filter": "(production_year > 2005)", "Rows Removed by Filter": 163}]}, {"Node Type": "Index Scan", "Parent Relationship": "Inner", "Scan Direction": "Forward", "Index Name": "char_name_pkey", "Relation Name": "char_name", "Alias": "chn", "Startup Cost": 0.0, "Total Cost": 5.37, "Plan Rows": 1, "Plan Width": 20, "Actual Startup Time": 0.88, "Actual Total Time": 0.88, "Actual Rows": 104, "Actual Loops": 112, "Index Cond": "(id = ci.person_role_id)", "Rows Removed by Index Recheck": 0}]}, {"Node Type": "Index Only Scan", "Parent Relationship": "Inner", "Scan Direction": "Forward", "Index Name": "company_type_pkey", "Relation Name": "company_type", "Alias": "ct", "Startup Cost": 0.0, "Total Cost": 0.27, "Plan Rows": 1, "Plan Width": 4, "Actual Startup Time": 0.173, "Actual Total Time": 0.173, "Actual Rows": 18, "Actual Loops": 104, "Index Cond": "(id = mc.company_type_id)", "Rows Removed by Index Recheck": 0, "Heap Fetches": 0}]}]}, "Triggers": [], "Planner Runtime": 4, "Total Runtime": 1177.883, "Unique SQL Id": 2933943827}}, "(1, 98)": {"explain_plan": {"Plan": {"Node Type": "Aggregate", "Strategy": "Plain", "Startup Cost": 38349.31, "Total Cost": 38349.32, "Plan Rows": 1, "Plan Width": 97, "Plans": [{"Node Type": "Nested Loop", "Parent Relationship": "Outer", "Join Type": "Inner", "Startup Cost": 8.82, "Total Cost": 38349.3, "Plan Rows": 2, "Plan Width": 33, "Inner Unique": true, "Plans": [{"Node Type": "Nested Loop", "Parent Relationship": "Outer", "Join Type": "Inner", "Startup Cost": 8.56, "Total Cost": 38340.74, "Plan Rows": 2, "Plan Width": 37, "Inner Unique": true, "Plans": [{"Node Type": "Nested Loop", "Parent Relationship": "Outer", "Join Type": "Inner", "Startup Cost": 8.29, "Total Cost": 38327.85, "Plan Rows": 3, "Plan Width": 28, "Inner Unique": true, "Plans": [{"Node Type": "Hash Join", "Parent Relationship": "Outer", "Join Type": "Inner", "Startup Cost": 5.99, "Total Cost": 38289.92, "Plan Rows": 6, "Plan Width": 16, "Inner Unique": true, "Hash Cond": "(ci.role_id = rt.id)", "Plans": [{"Node Type": "Nested Loop", "Parent Relationship": "Outer", "Join Type": "Inner", "Startup Cost": 4.83, "Total Cost": 38288.52, "Plan Rows": 68, "Plan Width": 20, "Inner Unique": false, "Plans": [{"Node Type": "Nested Loop", "Parent Relationship": "Outer", "Join Type": "Inner", "Startup Cost": 4.32, "Total Cost": 20813.55, "Plan Rows": 3779, "Plan Width": 8, "Inner Unique": false, "Plans": [{"Node Type": "Seq Scan", "Parent Relationship": "Outer", "Relation Name": "company_name", "Alias": "cn", "Startup Cost": 0.0, "Total Cost": 5903.45, "Plan Rows": 251, "Plan Width": 4, "Filter": "((country_code)::text = '[ru]'::text)"}, {"Node Type": "Bitmap Heap Scan", "Parent Relationship": "Inner", "Relation Name": "movie_companies", "Alias": "mc", "Startup Cost": 4.32, "Total Cost": 59.25, "Plan Rows": 15, "Plan Width": 12, "Recheck Cond": "(company_id = cn.id)", "Plans": [{"Node Type": "Bitmap Index Scan", "Parent Relationship": "Outer", "Index Name": "company_id_movie_companies", "Startup Cost": 0.0, "Total Cost": 4.31, "Plan Rows": 15, "Plan Width": 0, "Index Cond": "(company_id = cn.id)"}]}]}, {"Node Type": "Bitmap Heap Scan", "Parent Relationship": "Inner", "Relation Name": "cast_info", "Alias": "ci", "Startup Cost": 0.51, "Total Cost": 4.61, "Plan Rows": 1, "Plan Width": 12, "Recheck Cond": "(movie_id = mc.movie_id)", "Filter": "(((note)::text ~~ '%(voice)%'::text) AND ((note)::text ~~ '%(uncredited)%'::text))", "Plans": [{"Node Type": "Bitmap Index Scan", "Parent Relationship": "Outer", "Index Name": "movie_id_cast_info", "Startup Cost": 0.0, "Total Cost": 0.51, "Plan Rows": 6, "Plan Width": 0, "Index Cond": "(movie_id = mc.movie_id)"}]}]}, {"Node Type": "Hash", "Parent Relationship": "Inner", "Startup Cost": 1.15, "Total Cost": 1.15, "Plan Rows": 1, "Plan Width": 4, "Plans": [{"Node Type": "Seq Scan", "Parent Relationship": "Outer", "Relation Name": "role_type", "Alias": "rt", "Startup Cost": 0.0, "Total Cost": 1.15, "Plan Rows": 1, "Plan Width": 4, "Filter": "((role)::text = 'actor'::text)"}]}]}, {"Node Type": "Bitmap Heap Scan", "Parent Relationship": "Inner", "Relation Name": "char_name", "Alias": "chn", "Startup Cost": 2.3, "Total Cost": 6.31, "Plan Rows": 1, "Plan Width": 20, "Recheck Cond": "(id = ci.person_role_id)", "Plans": [{"Node Type": "Bitmap Index Scan", "Parent Relationship": "Outer", "Index Name": "char_name_pkey", "Startup Cost": 0.0, "Total Cost": 2.3, "Plan Rows": 1, "Plan Width": 0, "Index Cond": "(id = ci.person_role_id)"}]}]}, {"Node Type": "Bitmap Heap Scan", "Parent Relationship": "Inner", "Relation Name": "title", "Alias": "t", "Startup Cost": 0.27, "Total Cost": 4.29, "Plan Rows": 1, "Plan Width": 21, "Recheck Cond": "(id = mc.movie_id)", "Filter": "(production_year > 2005)", "Plans": [{"Node Type": "Bitmap Index Scan", "Parent Relationship": "Outer", "Index Name": "title_pkey", "Startup Cost": 0.0, "Total Cost": 0.27, "Plan Rows": 1, "Plan Width": 0, "Index Cond": "(id = mc.movie_id)"}]}]}, {"Node Type": "Bitmap Heap Scan", "Parent Relationship": "Inner", "Relation Name": "company_type", "Alias": "ct", "Startup Cost": 0.26, "Total Cost": 4.27, "Plan Rows": 1, "Plan Width": 4, "Recheck Cond": "(id = mc.company_type_id)", "Plans": [{"Node Type": "Bitmap Index Scan", "Parent Relationship": "Outer", "Index Name": "company_type_pkey", "Startup Cost": 0.0, "Total Cost": 0.26, "Plan Rows": 1, "Plan Width": 0, "Index Cond": "(id = mc.company_type_id)"}]}]}]}, "Unique SQL Id": 2933943827, "Planner Runtime": 6}, "explain_analyze_plan": {"Plan": {"Node Type": "Aggregate", "Strategy": "Plain", "Startup Cost": 38349.31, "Total Cost": 38349.32, "Plan Rows": 1, "Plan Width": 97, "Actual Startup Time": 987.486, "Actual Total Time": 987.487, "Actual Rows": 1, "Actual Loops": 1, "Plans": [{"Node Type": "Nested Loop", "Parent Relationship": "Outer", "Join Type": "Inner", "Startup Cost": 8.82, "Total Cost": 38349.3, "Plan Rows": 2, "Plan Width": 33, "Actual Startup Time": 54.088, "Actual Total Time": 987.376, "Actual Rows": 18, "Actual Loops": 1, "Inner Unique": true, "Plans": [{"Node Type": "Nested Loop", "Parent Relationship": "Outer", "Join Type": "Inner", "Startup Cost": 8.56, "Total Cost": 38340.74, "Plan Rows": 2, "Plan Width": 37, "Actual Startup Time": 11.242, "Actual Total Time": 986.879, "Actual Rows": 104, "Actual Loops": 1, "Inner Unique": true, "Plans": [{"Node Type": "Nested Loop", "Parent Relationship": "Outer", "Join Type": "Inner", "Startup Cost": 8.29, "Total Cost": 38327.85, "Plan Rows": 3, "Plan Width": 28, "Actual Startup Time": 1.033, "Actual Total Time": 984.414, "Actual Rows": 265, "Actual Loops": 1, "Inner Unique": true, "Plans": [{"Node Type": "Hash Join", "Parent Relationship": "Outer", "Join Type": "Inner", "Startup Cost": 5.99, "Total Cost": 38289.92, "Plan Rows": 6, "Plan Width": 16, "Actual Startup Time": 1.014, "Actual Total Time": 981.451, "Actual Rows": 275, "Actual Loops": 1, "Inner Unique": true, "Hash Cond": "(ci.role_id = rt.id)", "Plans": [{"Node Type": "Nested Loop", "Parent Relationship": "Outer", "Join Type": "Inner", "Startup Cost": 4.83, "Total Cost": 38288.52, "Plan Rows": 68, "Plan Width": 20, "Actual Startup Time": 0.924, "Actual Total Time": 980.828, "Actual Rows": 377, "Actual Loops": 1, "Inner Unique": false, "Plans": [{"Node Type": "Nested Loop", "Parent Relationship": "Outer", "Join Type": "Inner", "Startup Cost": 4.32, "Total Cost": 20813.55, "Plan Rows": 3779, "Plan Width": 8, "Actual Startup Time": 0.071, "Actual Total Time": 114.169, "Actual Rows": 8790, "Actual Loops": 1, "Inner Unique": false, "Plans": [{"Node Type": "Seq Scan", "Parent Relationship": "Outer", "Relation Name": "company_name", "Alias": "cn", "Startup Cost": 0.0, "Total Cost": 5903.45, "Plan Rows": 251, "Plan Width": 4, "Actual Startup Time": 0.035, "Actual Total Time": 83.307, "Actual Rows": 1361, "Actual Loops": 1, "Filter": "((country_code)::text = '[ru]'::text)", "Rows Removed by Filter": 233635}, {"Node Type": "Bitmap Heap Scan", "Parent Relationship": "Inner", "Relation Name": "movie_companies", "Alias": "mc", "Startup Cost": 4.32, "Total Cost": 59.25, "Plan Rows": 15, "Plan Width": 12, "Actual Startup Time": 13.806, "Actual Total Time": 26.105, "Actual Rows": 8790, "Actual Loops": 1361, "Recheck Cond": "(company_id = cn.id)", "Rows Removed by Index Recheck": 0, "Exact Heap Blocks": 7155, "Lossy Heap Blocks": 7155, "Plans": [{"Node Type": "Bitmap Index Scan", "Parent Relationship": "Outer", "Index Name": "company_id_movie_companies", "Startup Cost": 0.0, "Total Cost": 4.31, "Plan Rows": 15, "Plan Width": 0, "Actual Startup Time": 8.655, "Actual Total Time": 8.655, "Actual Rows": 8790, "Actual Loops": 1361, "Index Cond": "(company_id = cn.id)"}]}]}, {"Node Type": "Bitmap Heap Scan", "Parent Relationship": "Inner", "Relation Name": "cast_info", "Alias": "ci", "Startup Cost": 0.51, "Total Cost": 4.61, "Plan Rows": 1, "Plan Width": 12, "Actual Startup Time": 807.78, "Actual Total Time": 850.67, "Actual Rows": 377, "Actual Loops": 8790, "Recheck Cond": "(movie_id = mc.movie_id)", "Rows Removed by Index Recheck": 0, "Filter": "(((note)::text ~~ '%(voice)%'::text) AND ((note)::text ~~ '%(uncredited)%'::text))", "Rows Removed by Filter": 408168, "Exact Heap Blocks": 397651, "Lossy Heap Blocks": 397651, "Plans": [{"Node Type": "Bitmap Index Scan", "Parent Relationship": "Outer", "Index Name": "movie_id_cast_info", "Startup Cost": 0.0, "Total Cost": 0.51, "Plan Rows": 6, "Plan Width": 0, "Actual Startup Time": 118.383, "Actual Total Time": 118.383, "Actual Rows": 408545, "Actual Loops": 8790, "Index Cond": "(movie_id = mc.movie_id)"}]}]}, {"Node Type": "Hash", "Parent Relationship": "Inner", "Startup Cost": 1.15, "Total Cost": 1.15, "Plan Rows": 1, "Plan Width": 4, "Actual Startup Time": 0.044, "Actual Total Time": 0.044, "Actual Rows": 1, "Actual Loops": 1, "Hash Buckets": 32768, "Hash Batches": 1, "Original Hash Batches": 1, "Peak Memory Usage": 1, "Plans": [{"Node Type": "Seq Scan", "Parent Relationship": "Outer", "Relation Name": "role_type", "Alias": "rt", "Startup Cost": 0.0, "Total Cost": 1.15, "Plan Rows": 1, "Plan Width": 4, "Actual Startup Time": 0.024, "Actual Total Time": 0.028, "Actual Rows": 1, "Actual Loops": 1, "Filter": "((role)::text = 'actor'::text)", "Rows Removed by Filter": 11}]}]}, {"Node Type": "Bitmap Heap Scan", "Parent Relationship": "Inner", "Relation Name": "char_name", "Alias": "chn", "Startup Cost": 2.3, "Total Cost": 6.31, "Plan Rows": 1, "Plan Width": 20, "Actual Startup Time": 2.191, "Actual Total Time": 2.191, "Actual Rows": 265, "Actual Loops": 275, "Recheck Cond": "(id = ci.person_role_id)", "Rows Removed by Index Recheck": 0, "Exact Heap Blocks": 265, "Lossy Heap Blocks": 265, "Plans": [{"Node Type": "Bitmap Index Scan", "Parent Relationship": "Outer", "Index Name": "char_name_pkey", "Startup Cost": 0.0, "Total Cost": 2.3, "Plan Rows": 1, "Plan Width": 0, "Actual Startup Time": 1.447, "Actual Total Time": 1.447, "Actual Rows": 265, "Actual Loops": 275, "Index Cond": "(id = ci.person_role_id)"}]}]}, {"Node Type": "Bitmap Heap Scan", "Parent Relationship": "Inner", "Relation Name": "title", "Alias": "t", "Startup Cost": 0.27, "Total Cost": 4.29, "Plan Rows": 1, "Plan Width": 21, "Actual Startup Time": 1.884, "Actual Total Time": 1.884, "Actual Rows": 104, "Actual Loops": 265, "Recheck Cond": "(id = mc.movie_id)", "Rows Removed by Index Recheck": 0, "Filter": "(production_year > 2005)", "Rows Removed by Filter": 161, "Exact Heap Blocks": 265, "Lossy Heap Blocks": 265, "Plans": [{"Node Type": "Bitmap Index Scan", "Parent Relationship": "Outer", "Index Name": "title_pkey", "Startup Cost": 0.0, "Total Cost": 0.27, "Plan Rows": 1, "Plan Width": 0, "Actual Startup Time": 1.144, "Actual Total Time": 1.144, "Actual Rows": 265, "Actual Loops": 265, "Index Cond": "(id = mc.movie_id)"}]}]}, {"Node Type": "Bitmap Heap Scan", "Parent Relationship": "Inner", "Relation Name": "company_type", "Alias": "ct", "Startup Cost": 0.26, "Total Cost": 4.27, "Plan Rows": 1, "Plan Width": 4, "Actual Startup Time": 0.253, "Actual Total Time": 0.253, "Actual Rows": 18, "Actual Loops": 104, "Recheck Cond": "(id = mc.company_type_id)", "Rows Removed by Index Recheck": 0, "Exact Heap Blocks": 18, "Lossy Heap Blocks": 18, "Plans": [{"Node Type": "Bitmap Index Scan", "Parent Relationship": "Outer", "Index Name": "company_type_pkey", "Startup Cost": 0.0, "Total Cost": 0.26, "Plan Rows": 1, "Plan Width": 0, "Actual Startup Time": 0.138, "Actual Total Time": 0.138, "Actual Rows": 18, "Actual Loops": 104, "Index Cond": "(id = mc.company_type_id)"}]}]}]}, "Triggers": [], "Planner Runtime": 6, "Total Runtime": 987.854, "Unique SQL Id": 2933943827}}, "(1, 99)": {"explain_plan": {"Plan": {"Node Type": "Aggregate", "Strategy": "Plain", "Startup Cost": 1000020511889.56, "Total Cost": 1000020511889.57, "Plan Rows": 1, "Plan Width": 97, "Plans": [{"Node Type": "Nested Loop", "Parent Relationship": "Outer", "Join Type": "Inner", "Startup Cost": 10000000003.85, "Total Cost": 1000020511889.55, "Plan Rows": 2, "Plan Width": 33, "Inner Unique": true, "Plans": [{"Node Type": "Nested Loop", "Parent Relationship": "Outer", "Join Type": "Inner", "Startup Cost": 10000000003.6, "Total Cost": 1000020511880.99, "Plan Rows": 2, "Plan Width": 37, "Inner Unique": true, "Plans": [{"Node Type": "Nested Loop", "Parent Relationship": "Outer", "Join Type": "Inner", "Startup Cost": 10000000003.32, "Total Cost": 1000020511868.1, "Plan Rows": 3, "Plan Width": 28, "Inner Unique": true, "Plans": [{"Node Type": "Nested Loop", "Parent Relationship": "Outer", "Join Type": "Inner", "Startup Cost": 10000000001.03, "Total Cost": 1000020511830.17, "Plan Rows": 6, "Plan Width": 16, "Inner Unique": true, "Plans": [{"Node Type": "Nested Loop", "Parent Relationship": "Outer", "Join Type": "Inner", "Startup Cost": 10000000000.77, "Total Cost": 1000020511538.92, "Plan Rows": 68, "Plan Width": 20, "Inner Unique": false, "Plans": [{"Node Type": "Nested Loop", "Parent Relationship": "Outer", "Join Type": "Inner", "Startup Cost": 10000000000.26, "Total Cost": 1000020494063.94, "Plan Rows": 3779, "Plan Width": 8, "Inner Unique": true, "Plans": [{"Node Type": "Index Scan", "Parent Relationship": "Outer", "Scan Direction": "Forward", "Index Name": "company_type_id_movie_companies", "Relation Name": "movie_companies", "Alias": "mc", "Startup Cost": 10000000000.0, "Total Cost": 1000009318217.0, "Plan Rows": 2609128, "Plan Width": 12}, {"Node Type": "Bitmap Heap Scan", "Parent Relationship": "Inner", "Relation Name": "company_name", "Alias": "cn", "Startup Cost": 0.26, "Total Cost": 4.27, "Plan Rows": 1, "Plan Width": 4, "Recheck Cond": "(id = mc.company_id)", "Filter": "((country_code)::text = '[ru]'::text)", "Plans": [{"Node Type": "Bitmap Index Scan", "Parent Relationship": "Outer", "Index Name": "company_name_pkey", "Startup Cost": 0.0, "Total Cost": 0.26, "Plan Rows": 1, "Plan Width": 0, "Index Cond": "(id = mc.company_id)"}]}]}, {"Node Type": "Bitmap Heap Scan", "Parent Relationship": "Inner", "Relation Name": "cast_info", "Alias": "ci", "Startup Cost": 0.51, "Total Cost": 4.61, "Plan Rows": 1, "Plan Width": 12, "Recheck Cond": "(movie_id = mc.movie_id)", "Filter": "(((note)::text ~~ '%(voice)%'::text) AND ((note)::text ~~ '%(uncredited)%'::text))", "Plans": [{"Node Type": "Bitmap Index Scan", "Parent Relationship": "Outer", "Index Name": "movie_id_cast_info", "Startup Cost": 0.0, "Total Cost": 0.51, "Plan Rows": 6, "Plan Width": 0, "Index Cond": "(movie_id = mc.movie_id)"}]}]}, {"Node Type": "Bitmap Heap Scan", "Parent Relationship": "Inner", "Relation Name": "role_type", "Alias": "rt", "Startup Cost": 0.26, "Total Cost": 4.27, "Plan Rows": 1, "Plan Width": 4, "Recheck Cond": "(id = ci.role_id)", "Filter": "((role)::text = 'actor'::text)", "Plans": [{"Node Type": "Bitmap Index Scan", "Parent Relationship": "Outer", "Index Name": "role_type_pkey", "Startup Cost": 0.0, "Total Cost": 0.26, "Plan Rows": 1, "Plan Width": 0, "Index Cond": "(id = ci.role_id)"}]}]}, {"Node Type": "Bitmap Heap Scan", "Parent Relationship": "Inner", "Relation Name": "char_name", "Alias": "chn", "Startup Cost": 2.3, "Total Cost": 6.31, "Plan Rows": 1, "Plan Width": 20, "Recheck Cond": "(id = ci.person_role_id)", "Plans": [{"Node Type": "Bitmap Index Scan", "Parent Relationship": "Outer", "Index Name": "char_name_pkey", "Startup Cost": 0.0, "Total Cost": 2.3, "Plan Rows": 1, "Plan Width": 0, "Index Cond": "(id = ci.person_role_id)"}]}]}, {"Node Type": "Bitmap Heap Scan", "Parent Relationship": "Inner", "Relation Name": "title", "Alias": "t", "Startup Cost": 0.27, "Total Cost": 4.29, "Plan Rows": 1, "Plan Width": 21, "Recheck Cond": "(id = mc.movie_id)", "Filter": "(production_year > 2005)", "Plans": [{"Node Type": "Bitmap Index Scan", "Parent Relationship": "Outer", "Index Name": "title_pkey", "Startup Cost": 0.0, "Total Cost": 0.27, "Plan Rows": 1, "Plan Width": 0, "Index Cond": "(id = mc.movie_id)"}]}]}, {"Node Type": "Bitmap Heap Scan", "Parent Relationship": "Inner", "Relation Name": "company_type", "Alias": "ct", "Startup Cost": 0.26, "Total Cost": 4.27, "Plan Rows": 1, "Plan Width": 4, "Recheck Cond": "(id = mc.company_type_id)", "Plans": [{"Node Type": "Bitmap Index Scan", "Parent Relationship": "Outer", "Index Name": "company_type_pkey", "Startup Cost": 0.0, "Total Cost": 0.26, "Plan Rows": 1, "Plan Width": 0, "Index Cond": "(id = mc.company_type_id)"}]}]}]}, "Unique SQL Id": 2933943827, "Planner Runtime": 3}, "explain_analyze_plan": null}, "(1, 100)": {"explain_plan": {"Plan": {"Node Type": "Aggregate", "Strategy": "Plain", "Startup Cost": 19914.67, "Total Cost": 19914.68, "Plan Rows": 1, "Plan Width": 97, "Plans": [{"Node Type": "Nested Loop", "Parent Relationship": "Outer", "Join Type": "Inner", "Startup Cost": 0.0, "Total Cost": 19914.66, "Plan Rows": 2, "Plan Width": 33, "Inner Unique": true, "Plans": [{"Node Type": "Nested Loop", "Parent Relationship": "Outer", "Join Type": "Inner", "Startup Cost": 0.0, "Total Cost": 19914.1, "Plan Rows": 2, "Plan Width": 37, "Inner Unique": true, "Plans": [{"Node Type": "Nested Loop", "Parent Relationship": "Outer", "Join Type": "Inner", "Startup Cost": 0.0, "Total Cost": 19887.22, "Plan Rows": 5, "Plan Width": 25, "Inner Unique": true, "Plans": [{"Node Type": "Nested Loop", "Parent Relationship": "Outer", "Join Type": "Inner", "Startup Cost": 0.0, "Total Cost": 19885.12, "Plan Rows": 6, "Plan Width": 16, "Inner Unique": true, "Plans": [{"Node Type": "Nested Loop", "Parent Relationship": "Outer", "Join Type": "Inner", "Startup Cost": 0.0, "Total Cost": 19865.87, "Plan Rows": 68, "Plan Width": 20, "Inner Unique": false, "Plans": [{"Node Type": "Nested Loop", "Parent Relationship": "Outer", "Join Type": "Inner", "Startup Cost": 0.0, "Total Cost": 16121.55, "Plan Rows": 3779, "Plan Width": 8, "Inner Unique": false, "Plans": [{"Node Type": "Seq Scan", "Parent Relationship": "Outer", "Relation Name": "company_name", "Alias": "cn", "Startup Cost": 0.0, "Total Cost": 5903.45, "Plan Rows": 251, "Plan Width": 4, "Filter": "((country_code)::text = '[ru]'::text)"}, {"Node Type": "Index Scan", "Parent Relationship": "Inner", "Scan Direction": "Forward", "Index Name": "company_id_movie_companies", "Relation Name": "movie_companies", "Alias": "mc", "Startup Cost": 0.0, "Total Cost": 40.56, "Plan Rows": 15, "Plan Width": 12, "Index Cond": "(company_id = cn.id)"}]}, {"Node Type": "Index Scan", "Parent Relationship": "Inner", "Scan Direction": "Forward", "Index Name": "movie_id_cast_info", "Relation Name": "cast_info", "Alias": "ci", "Startup Cost": 0.0, "Total Cost": 0.98, "Plan Rows": 1, "Plan Width": 12, "Index Cond": "(movie_id = mc.movie_id)", "Filter": "(((note)::text ~~ '%(voice)%'::text) AND ((note)::text ~~ '%(uncredited)%'::text))"}]}, {"Node Type": "Index Scan", "Parent Relationship": "Inner", "Scan Direction": "Forward", "Index Name": "role_type_pkey", "Relation Name": "role_type", "Alias": "rt", "Startup Cost": 0.0, "Total Cost": 0.27, "Plan Rows": 1, "Plan Width": 4, "Index Cond": "(id = ci.role_id)", "Filter": "((role)::text = 'actor'::text)"}]}, {"Node Type": "Index Scan", "Parent Relationship": "Inner", "Scan Direction": "Forward", "Index Name": "title_pkey", "Relation Name": "title", "Alias": "t", "Startup Cost": 0.0, "Total Cost": 0.34, "Plan Rows": 1, "Plan Width": 21, "Index Cond": "(id = mc.movie_id)", "Filter": "(production_year > 2005)"}]}, {"Node Type": "Index Scan", "Parent Relationship": "Inner", "Scan Direction": "Forward", "Index Name": "char_name_pkey", "Relation Name": "char_name", "Alias": "chn", "Startup Cost": 0.0, "Total Cost": 5.37, "Plan Rows": 1, "Plan Width": 20, "Index Cond": "(id = ci.person_role_id)"}]}, {"Node Type": "Index Scan", "Parent Relationship": "Inner", "Scan Direction": "Forward", "Index Name": "company_type_pkey", "Relation Name": "company_type", "Alias": "ct", "Startup Cost": 0.0, "Total Cost": 0.27, "Plan Rows": 1, "Plan Width": 4, "Index Cond": "(id = mc.company_type_id)"}]}]}, "Unique SQL Id": 2933943827, "Planner Runtime": 5}, "explain_analyze_plan": {"Plan": {"Node Type": "Aggregate", "Strategy": "Plain", "Startup Cost": 19914.67, "Total Cost": 19914.68, "Plan Rows": 1, "Plan Width": 97, "Actual Startup Time": 757.672, "Actual Total Time": 757.672, "Actual Rows": 1, "Actual Loops": 1, "Plans": [{"Node Type": "Nested Loop", "Parent Relationship": "Outer", "Join Type": "Inner", "Startup Cost": 0.0, "Total Cost": 19914.66, "Plan Rows": 2, "Plan Width": 33, "Actual Startup Time": 42.937, "Actual Total Time": 757.571, "Actual Rows": 18, "Actual Loops": 1, "Inner Unique": true, "Plans": [{"Node Type": "Nested Loop", "Parent Relationship": "Outer", "Join Type": "Inner", "Startup Cost": 0.0, "Total Cost": 19914.1, "Plan Rows": 2, "Plan Width": 37, "Actual Startup Time": 9.161, "Actual Total Time": 757.312, "Actual Rows": 104, "Actual Loops": 1, "Inner Unique": true, "Plans": [{"Node Type": "Nested Loop", "Parent Relationship": "Outer", "Join Type": "Inner", "Startup Cost": 0.0, "Total Cost": 19887.22, "Plan Rows": 5, "Plan Width": 25, "Actual Startup Time": 9.148, "Actual Total Time": 756.435, "Actual Rows": 112, "Actual Loops": 1, "Inner Unique": true, "Plans": [{"Node Type": "Nested Loop", "Parent Relationship": "Outer", "Join Type": "Inner", "Startup Cost": 0.0, "Total Cost": 19885.12, "Plan Rows": 6, "Plan Width": 16, "Actual Startup Time": 0.826, "Actual Total Time": 754.469, "Actual Rows": 275, "Actual Loops": 1, "Inner Unique": true, "Plans": [{"Node Type": "Nested Loop", "Parent Relationship": "Outer", "Join Type": "Inner", "Startup Cost": 0.0, "Total Cost": 19865.87, "Plan Rows": 68, "Plan Width": 20, "Actual Startup Time": 0.82, "Actual Total Time": 752.836, "Actual Rows": 377, "Actual Loops": 1, "Inner Unique": false, "Plans": [{"Node Type": "Nested Loop", "Parent Relationship": "Outer", "Join Type": "Inner", "Startup Cost": 0.0, "Total Cost": 16121.55, "Plan Rows": 3779, "Plan Width": 8, "Actual Startup Time": 0.073, "Actual Total Time": 101.541, "Actual Rows": 8790, "Actual Loops": 1, "Inner Unique": false, "Plans": [{"Node Type": "Seq Scan", "Parent Relationship": "Outer", "Relation Name": "company_name", "Alias": "cn", "Startup Cost": 0.0, "Total Cost": 5903.45, "Plan Rows": 251, "Plan Width": 4, "Actual Startup Time": 0.052, "Actual Total Time": 80.138, "Actual Rows": 1361, "Actual Loops": 1, "Filter": "((country_code)::text = '[ru]'::text)", "Rows Removed by Filter": 233635}, {"Node Type": "Index Scan", "Parent Relationship": "Inner", "Scan Direction": "Forward", "Index Name": "company_id_movie_companies", "Relation Name": "movie_companies", "Alias": "mc", "Startup Cost": 0.0, "Total Cost": 40.56, "Plan Rows": 15, "Plan Width": 12, "Actual Startup Time": 8.029, "Actual Total Time": 18.171, "Actual Rows": 8790, "Actual Loops": 1361, "Index Cond": "(company_id = cn.id)", "Rows Removed by Index Recheck": 0}]}, {"Node Type": "Index Scan", "Parent Relationship": "Inner", "Scan Direction": "Forward", "Index Name": "movie_id_cast_info", "Relation Name": "cast_info", "Alias": "ci", "Startup Cost": 0.0, "Total Cost": 0.98, "Plan Rows": 1, "Plan Width": 12, "Actual Startup Time": 608.51, "Actual Total Time": 646.047, "Actual Rows": 377, "Actual Loops": 8790, "Index Cond": "(movie_id = mc.movie_id)", "Rows Removed by Index Recheck": 0, "Filter": "(((note)::text ~~ '%(voice)%'::text) AND ((note)::text ~~ '%(uncredited)%'::text))", "Rows Removed by Filter": 408168}]}, {"Node Type": "Index Scan", "Parent Relationship": "Inner", "Scan Direction": "Forward", "Index Name": "role_type_pkey", "Relation Name": "role_type", "Alias": "rt", "Startup Cost": 0.0, "Total Cost": 0.27, "Plan Rows": 1, "Plan Width": 4, "Actual Startup Time": 1.123, "Actual Total Time": 1.123, "Actual Rows": 275, "Actual Loops": 377, "Index Cond": "(id = ci.role_id)", "Rows Removed by Index Recheck": 0, "Filter": "((role)::text = 'actor'::text)", "Rows Removed by Filter": 102}]}, {"Node Type": "Index Scan", "Parent Relationship": "Inner", "Scan Direction": "Forward", "Index Name": "title_pkey", "Relation Name": "title", "Alias": "t", "Startup Cost": 0.0, "Total Cost": 0.34, "Plan Rows": 1, "Plan Width": 21, "Actual Startup Time": 1.592, "Actual Total Time": 1.592, "Actual Rows": 112, "Actual Loops": 275, "Index Cond": "(id = mc.movie_id)", "Rows Removed by Index Recheck": 0, "Filter": "(production_year > 2005)", "Rows Removed by Filter": 163}]}, {"Node Type": "Index Scan", "Parent Relationship": "Inner", "Scan Direction": "Forward", "Index Name": "char_name_pkey", "Relation Name": "char_name", "Alias": "chn", "Startup Cost": 0.0, "Total Cost": 5.37, "Plan Rows": 1, "Plan Width": 20, "Actual Startup Time": 0.647, "Actual Total Time": 0.647, "Actual Rows": 104, "Actual Loops": 112, "Index Cond": "(id = ci.person_role_id)", "Rows Removed by Index Recheck": 0}]}, {"Node Type": "Index Scan", "Parent Relationship": "Inner", "Scan Direction": "Forward", "Index Name": "company_type_pkey", "Relation Name": "company_type", "Alias": "ct", "Startup Cost": 0.0, "Total Cost": 0.27, "Plan Rows": 1, "Plan Width": 4, "Actual Startup Time": 0.137, "Actual Total Time": 0.137, "Actual Rows": 18, "Actual Loops": 104, "Index Cond": "(id = mc.company_type_id)", "Rows Removed by Index Recheck": 0}]}]}, "Triggers": [], "Planner Runtime": 6, "Total Runtime": 758.022, "Unique SQL Id": 2933943827}}, "(1, 101)": {"explain_plan": {"Plan": {"Node Type": "Aggregate", "Strategy": "Plain", "Startup Cost": 24512.61, "Total Cost": 24512.62, "Plan Rows": 1, "Plan Width": 97, "Plans": [{"Node Type": "Nested Loop", "Parent Relationship": "Outer", "Join Type": "Inner", "Startup Cost": 0.0, "Total Cost": 24512.6, "Plan Rows": 2, "Plan Width": 33, "Inner Unique": true, "Plans": [{"Node Type": "Nested Loop", "Parent Relationship": "Outer", "Join Type": "Inner", "Startup Cost": 0.0, "Total Cost": 24512.04, "Plan Rows": 2, "Plan Width": 37, "Inner Unique": true, "Plans": [{"Node Type": "Nested Loop", "Parent Relationship": "Outer", "Join Type": "Inner", "Startup Cost": 0.0, "Total Cost": 24485.16, "Plan Rows": 5, "Plan Width": 25, "Inner Unique": true, "Plans": [{"Node Type": "Nested Loop", "Parent Relationship": "Outer", "Join Type": "Inner", "Startup Cost": 0.0, "Total Cost": 24483.05, "Plan Rows": 6, "Plan Width": 16, "Inner Unique": true, "Plans": [{"Node Type": "Nested Loop", "Parent Relationship": "Outer", "Join Type": "Inner", "Startup Cost": 0.0, "Total Cost": 24463.81, "Plan Rows": 68, "Plan Width": 20, "Inner Unique": false, "Plans": [{"Node Type": "Nested Loop", "Parent Relationship": "Outer", "Join Type": "Inner", "Startup Cost": 0.0, "Total Cost": 20719.49, "Plan Rows": 3779, "Plan Width": 8, "Inner Unique": false, "Plans": [{"Node Type": "Index Scan", "Parent Relationship": "Outer", "Scan Direction": "Forward", "Index Name": "company_name_pkey", "Relation Name": "company_name", "Alias": "cn", "Startup Cost": 0.0, "Total Cost": 10501.39, "Plan Rows": 251, "Plan Width": 4, "Filter": "((country_code)::text = '[ru]'::text)"}, {"Node Type": "Index Scan", "Parent Relationship": "Inner", "Scan Direction": "Forward", "Index Name": "company_id_movie_companies", "Relation Name": "movie_companies", "Alias": "mc", "Startup Cost": 0.0, "Total Cost": 40.56, "Plan Rows": 15, "Plan Width": 12, "Index Cond": "(company_id = cn.id)"}]}, {"Node Type": "Index Scan", "Parent Relationship": "Inner", "Scan Direction": "Forward", "Index Name": "movie_id_cast_info", "Relation Name": "cast_info", "Alias": "ci", "Startup Cost": 0.0, "Total Cost": 0.98, "Plan Rows": 1, "Plan Width": 12, "Index Cond": "(movie_id = mc.movie_id)", "Filter": "(((note)::text ~~ '%(voice)%'::text) AND ((note)::text ~~ '%(uncredited)%'::text))"}]}, {"Node Type": "Index Scan", "Parent Relationship": "Inner", "Scan Direction": "Forward", "Index Name": "role_type_pkey", "Relation Name": "role_type", "Alias": "rt", "Startup Cost": 0.0, "Total Cost": 0.27, "Plan Rows": 1, "Plan Width": 4, "Index Cond": "(id = ci.role_id)", "Filter": "((role)::text = 'actor'::text)"}]}, {"Node Type": "Index Scan", "Parent Relationship": "Inner", "Scan Direction": "Forward", "Index Name": "title_pkey", "Relation Name": "title", "Alias": "t", "Startup Cost": 0.0, "Total Cost": 0.34, "Plan Rows": 1, "Plan Width": 21, "Index Cond": "(id = mc.movie_id)", "Filter": "(production_year > 2005)"}]}, {"Node Type": "Index Scan", "Parent Relationship": "Inner", "Scan Direction": "Forward", "Index Name": "char_name_pkey", "Relation Name": "char_name", "Alias": "chn", "Startup Cost": 0.0, "Total Cost": 5.37, "Plan Rows": 1, "Plan Width": 20, "Index Cond": "(id = ci.person_role_id)"}]}, {"Node Type": "Index Scan", "Parent Relationship": "Inner", "Scan Direction": "Forward", "Index Name": "company_type_pkey", "Relation Name": "company_type", "Alias": "ct", "Startup Cost": 0.0, "Total Cost": 0.27, "Plan Rows": 1, "Plan Width": 4, "Index Cond": "(id = mc.company_type_id)"}]}]}, "Unique SQL Id": 2933943827, "Planner Runtime": 4}, "explain_analyze_plan": {"Plan": {"Node Type": "Aggregate", "Strategy": "Plain", "Startup Cost": 24512.61, "Total Cost": 24512.62, "Plan Rows": 1, "Plan Width": 97, "Actual Startup Time": 1004.411, "Actual Total Time": 1004.411, "Actual Rows": 1, "Actual Loops": 1, "Plans": [{"Node Type": "Nested Loop", "Parent Relationship": "Outer", "Join Type": "Inner", "Startup Cost": 0.0, "Total Cost": 24512.6, "Plan Rows": 2, "Plan Width": 33, "Actual Startup Time": 25.279, "Actual Total Time": 1004.303, "Actual Rows": 18, "Actual Loops": 1, "Inner Unique": true, "Plans": [{"Node Type": "Nested Loop", "Parent Relationship": "Outer", "Join Type": "Inner", "Startup Cost": 0.0, "Total Cost": 24512.04, "Plan Rows": 2, "Plan Width": 37, "Actual Startup Time": 19.269, "Actual Total Time": 1004.035, "Actual Rows": 104, "Actual Loops": 1, "Inner Unique": true, "Plans": [{"Node Type": "Nested Loop", "Parent Relationship": "Outer", "Join Type": "Inner", "Startup Cost": 0.0, "Total Cost": 24485.16, "Plan Rows": 5, "Plan Width": 25, "Actual Startup Time": 19.259, "Actual Total Time": 1003.163, "Actual Rows": 112, "Actual Loops": 1, "Inner Unique": true, "Plans": [{"Node Type": "Nested Loop", "Parent Relationship": "Outer", "Join Type": "Inner", "Startup Cost": 0.0, "Total Cost": 24483.05, "Plan Rows": 6, "Plan Width": 16, "Actual Startup Time": 5.142, "Actual Total Time": 1001.081, "Actual Rows": 275, "Actual Loops": 1, "Inner Unique": true, "Plans": [{"Node Type": "Nested Loop", "Parent Relationship": "Outer", "Join Type": "Inner", "Startup Cost": 0.0, "Total Cost": 24463.81, "Plan Rows": 68, "Plan Width": 20, "Actual Startup Time": 5.13, "Actual Total Time": 999.331, "Actual Rows": 377, "Actual Loops": 1, "Inner Unique": false, "Plans": [{"Node Type": "Nested Loop", "Parent Relationship": "Outer", "Join Type": "Inner", "Startup Cost": 0.0, "Total Cost": 20719.49, "Plan Rows": 3779, "Plan Width": 8, "Actual Startup Time": 0.394, "Actual Total Time": 325.444, "Actual Rows": 8790, "Actual Loops": 1, "Inner Unique": false, "Plans": [{"Node Type": "Index Scan", "Parent Relationship": "Outer", "Scan Direction": "Forward", "Index Name": "company_name_pkey", "Relation Name": "company_name", "Alias": "cn", "Startup Cost": 0.0, "Total Cost": 10501.39, "Plan Rows": 251, "Plan Width": 4, "Actual Startup Time": 0.378, "Actual Total Time": 303.349, "Actual Rows": 1361, "Actual Loops": 1, "Filter": "((country_code)::text = '[ru]'::text)", "Rows Removed by Filter": 233635}, {"Node Type": "Index Scan", "Parent Relationship": "Inner", "Scan Direction": "Forward", "Index Name": "company_id_movie_companies", "Relation Name": "movie_companies", "Alias": "mc", "Startup Cost": 0.0, "Total Cost": 40.56, "Plan Rows": 15, "Plan Width": 12, "Actual Startup Time": 7.85, "Actual Total Time": 18.573, "Actual Rows": 8790, "Actual Loops": 1361, "Index Cond": "(company_id = cn.id)", "Rows Removed by Index Recheck": 0}]}, {"Node Type": "Index Scan", "Parent Relationship": "Inner", "Scan Direction": "Forward", "Index Name": "movie_id_cast_info", "Relation Name": "cast_info", "Alias": "ci", "Startup Cost": 0.0, "Total Cost": 0.98, "Plan Rows": 1, "Plan Width": 12, "Actual Startup Time": 630.04, "Actual Total Time": 668.227, "Actual Rows": 377, "Actual Loops": 8790, "Index Cond": "(movie_id = mc.movie_id)", "Rows Removed by Index Recheck": 0, "Filter": "(((note)::text ~~ '%(voice)%'::text) AND ((note)::text ~~ '%(uncredited)%'::text))", "Rows Removed by Filter": 408168}]}, {"Node Type": "Index Scan", "Parent Relationship": "Inner", "Scan Direction": "Forward", "Index Name": "role_type_pkey", "Relation Name": "role_type", "Alias": "rt", "Startup Cost": 0.0, "Total Cost": 0.27, "Plan Rows": 1, "Plan Width": 4, "Actual Startup Time": 1.198, "Actual Total Time": 1.198, "Actual Rows": 275, "Actual Loops": 377, "Index Cond": "(id = ci.role_id)", "Rows Removed by Index Recheck": 0, "Filter": "((role)::text = 'actor'::text)", "Rows Removed by Filter": 102}]}, {"Node Type": "Index Scan", "Parent Relationship": "Inner", "Scan Direction": "Forward", "Index Name": "title_pkey", "Relation Name": "title", "Alias": "t", "Startup Cost": 0.0, "Total Cost": 0.34, "Plan Rows": 1, "Plan Width": 21, "Actual Startup Time": 1.703, "Actual Total Time": 1.703, "Actual Rows": 112, "Actual Loops": 275, "Index Cond": "(id = mc.movie_id)", "Rows Removed by Index Recheck": 0, "Filter": "(production_year > 2005)", "Rows Removed by Filter": 163}]}, {"Node Type": "Index Scan", "Parent Relationship": "Inner", "Scan Direction": "Forward", "Index Name": "char_name_pkey", "Relation Name": "char_name", "Alias": "chn", "Startup Cost": 0.0, "Total Cost": 5.37, "Plan Rows": 1, "Plan Width": 20, "Actual Startup Time": 0.641, "Actual Total Time": 0.641, "Actual Rows": 104, "Actual Loops": 112, "Index Cond": "(id = ci.person_role_id)", "Rows Removed by Index Recheck": 0}]}, {"Node Type": "Index Scan", "Parent Relationship": "Inner", "Scan Direction": "Forward", "Index Name": "company_type_pkey", "Relation Name": "company_type", "Alias": "ct", "Startup Cost": 0.0, "Total Cost": 0.27, "Plan Rows": 1, "Plan Width": 4, "Actual Startup Time": 0.131, "Actual Total Time": 0.131, "Actual Rows": 18, "Actual Loops": 104, "Index Cond": "(id = mc.company_type_id)", "Rows Removed by Index Recheck": 0}]}]}, "Triggers": [], "Planner Runtime": 4, "Total Runtime": 1004.765, "Unique SQL Id": 2933943827}}, "(1, 102)": {"explain_plan": {"Plan": {"Node Type": "Aggregate", "Strategy": "Plain", "Startup Cost": 38349.31, "Total Cost": 38349.32, "Plan Rows": 1, "Plan Width": 97, "Plans": [{"Node Type": "Nested Loop", "Parent Relationship": "Outer", "Join Type": "Inner", "Startup Cost": 8.82, "Total Cost": 38349.3, "Plan Rows": 2, "Plan Width": 33, "Inner Unique": true, "Plans": [{"Node Type": "Nested Loop", "Parent Relationship": "Outer", "Join Type": "Inner", "Startup Cost": 8.56, "Total Cost": 38340.74, "Plan Rows": 2, "Plan Width": 37, "Inner Unique": true, "Plans": [{"Node Type": "Nested Loop", "Parent Relationship": "Outer", "Join Type": "Inner", "Startup Cost": 8.29, "Total Cost": 38327.85, "Plan Rows": 3, "Plan Width": 28, "Inner Unique": true, "Plans": [{"Node Type": "Hash Join", "Parent Relationship": "Outer", "Join Type": "Inner", "Startup Cost": 5.99, "Total Cost": 38289.92, "Plan Rows": 6, "Plan Width": 16, "Inner Unique": true, "Hash Cond": "(ci.role_id = rt.id)", "Plans": [{"Node Type": "Nested Loop", "Parent Relationship": "Outer", "Join Type": "Inner", "Startup Cost": 4.83, "Total Cost": 38288.52, "Plan Rows": 68, "Plan Width": 20, "Inner Unique": false, "Plans": [{"Node Type": "Nested Loop", "Parent Relationship": "Outer", "Join Type": "Inner", "Startup Cost": 4.32, "Total Cost": 20813.55, "Plan Rows": 3779, "Plan Width": 8, "Inner Unique": false, "Plans": [{"Node Type": "Seq Scan", "Parent Relationship": "Outer", "Relation Name": "company_name", "Alias": "cn", "Startup Cost": 0.0, "Total Cost": 5903.45, "Plan Rows": 251, "Plan Width": 4, "Filter": "((country_code)::text = '[ru]'::text)"}, {"Node Type": "Bitmap Heap Scan", "Parent Relationship": "Inner", "Relation Name": "movie_companies", "Alias": "mc", "Startup Cost": 4.32, "Total Cost": 59.25, "Plan Rows": 15, "Plan Width": 12, "Recheck Cond": "(company_id = cn.id)", "Plans": [{"Node Type": "Bitmap Index Scan", "Parent Relationship": "Outer", "Index Name": "company_id_movie_companies", "Startup Cost": 0.0, "Total Cost": 4.31, "Plan Rows": 15, "Plan Width": 0, "Index Cond": "(company_id = cn.id)"}]}]}, {"Node Type": "Bitmap Heap Scan", "Parent Relationship": "Inner", "Relation Name": "cast_info", "Alias": "ci", "Startup Cost": 0.51, "Total Cost": 4.61, "Plan Rows": 1, "Plan Width": 12, "Recheck Cond": "(movie_id = mc.movie_id)", "Filter": "(((note)::text ~~ '%(voice)%'::text) AND ((note)::text ~~ '%(uncredited)%'::text))", "Plans": [{"Node Type": "Bitmap Index Scan", "Parent Relationship": "Outer", "Index Name": "movie_id_cast_info", "Startup Cost": 0.0, "Total Cost": 0.51, "Plan Rows": 6, "Plan Width": 0, "Index Cond": "(movie_id = mc.movie_id)"}]}]}, {"Node Type": "Hash", "Parent Relationship": "Inner", "Startup Cost": 1.15, "Total Cost": 1.15, "Plan Rows": 1, "Plan Width": 4, "Plans": [{"Node Type": "Seq Scan", "Parent Relationship": "Outer", "Relation Name": "role_type", "Alias": "rt", "Startup Cost": 0.0, "Total Cost": 1.15, "Plan Rows": 1, "Plan Width": 4, "Filter": "((role)::text = 'actor'::text)"}]}]}, {"Node Type": "Bitmap Heap Scan", "Parent Relationship": "Inner", "Relation Name": "char_name", "Alias": "chn", "Startup Cost": 2.3, "Total Cost": 6.31, "Plan Rows": 1, "Plan Width": 20, "Recheck Cond": "(id = ci.person_role_id)", "Plans": [{"Node Type": "Bitmap Index Scan", "Parent Relationship": "Outer", "Index Name": "char_name_pkey", "Startup Cost": 0.0, "Total Cost": 2.3, "Plan Rows": 1, "Plan Width": 0, "Index Cond": "(id = ci.person_role_id)"}]}]}, {"Node Type": "Bitmap Heap Scan", "Parent Relationship": "Inner", "Relation Name": "title", "Alias": "t", "Startup Cost": 0.27, "Total Cost": 4.29, "Plan Rows": 1, "Plan Width": 21, "Recheck Cond": "(id = mc.movie_id)", "Filter": "(production_year > 2005)", "Plans": [{"Node Type": "Bitmap Index Scan", "Parent Relationship": "Outer", "Index Name": "title_pkey", "Startup Cost": 0.0, "Total Cost": 0.27, "Plan Rows": 1, "Plan Width": 0, "Index Cond": "(id = mc.movie_id)"}]}]}, {"Node Type": "Bitmap Heap Scan", "Parent Relationship": "Inner", "Relation Name": "company_type", "Alias": "ct", "Startup Cost": 0.26, "Total Cost": 4.27, "Plan Rows": 1, "Plan Width": 4, "Recheck Cond": "(id = mc.company_type_id)", "Plans": [{"Node Type": "Bitmap Index Scan", "Parent Relationship": "Outer", "Index Name": "company_type_pkey", "Startup Cost": 0.0, "Total Cost": 0.26, "Plan Rows": 1, "Plan Width": 0, "Index Cond": "(id = mc.company_type_id)"}]}]}]}, "Unique SQL Id": 2933943827, "Planner Runtime": 6}, "explain_analyze_plan": {"Plan": {"Node Type": "Aggregate", "Strategy": "Plain", "Startup Cost": 38349.31, "Total Cost": 38349.32, "Plan Rows": 1, "Plan Width": 97, "Actual Startup Time": 987.486, "Actual Total Time": 987.487, "Actual Rows": 1, "Actual Loops": 1, "Plans": [{"Node Type": "Nested Loop", "Parent Relationship": "Outer", "Join Type": "Inner", "Startup Cost": 8.82, "Total Cost": 38349.3, "Plan Rows": 2, "Plan Width": 33, "Actual Startup Time": 54.088, "Actual Total Time": 987.376, "Actual Rows": 18, "Actual Loops": 1, "Inner Unique": true, "Plans": [{"Node Type": "Nested Loop", "Parent Relationship": "Outer", "Join Type": "Inner", "Startup Cost": 8.56, "Total Cost": 38340.74, "Plan Rows": 2, "Plan Width": 37, "Actual Startup Time": 11.242, "Actual Total Time": 986.879, "Actual Rows": 104, "Actual Loops": 1, "Inner Unique": true, "Plans": [{"Node Type": "Nested Loop", "Parent Relationship": "Outer", "Join Type": "Inner", "Startup Cost": 8.29, "Total Cost": 38327.85, "Plan Rows": 3, "Plan Width": 28, "Actual Startup Time": 1.033, "Actual Total Time": 984.414, "Actual Rows": 265, "Actual Loops": 1, "Inner Unique": true, "Plans": [{"Node Type": "Hash Join", "Parent Relationship": "Outer", "Join Type": "Inner", "Startup Cost": 5.99, "Total Cost": 38289.92, "Plan Rows": 6, "Plan Width": 16, "Actual Startup Time": 1.014, "Actual Total Time": 981.451, "Actual Rows": 275, "Actual Loops": 1, "Inner Unique": true, "Hash Cond": "(ci.role_id = rt.id)", "Plans": [{"Node Type": "Nested Loop", "Parent Relationship": "Outer", "Join Type": "Inner", "Startup Cost": 4.83, "Total Cost": 38288.52, "Plan Rows": 68, "Plan Width": 20, "Actual Startup Time": 0.924, "Actual Total Time": 980.828, "Actual Rows": 377, "Actual Loops": 1, "Inner Unique": false, "Plans": [{"Node Type": "Nested Loop", "Parent Relationship": "Outer", "Join Type": "Inner", "Startup Cost": 4.32, "Total Cost": 20813.55, "Plan Rows": 3779, "Plan Width": 8, "Actual Startup Time": 0.071, "Actual Total Time": 114.169, "Actual Rows": 8790, "Actual Loops": 1, "Inner Unique": false, "Plans": [{"Node Type": "Seq Scan", "Parent Relationship": "Outer", "Relation Name": "company_name", "Alias": "cn", "Startup Cost": 0.0, "Total Cost": 5903.45, "Plan Rows": 251, "Plan Width": 4, "Actual Startup Time": 0.035, "Actual Total Time": 83.307, "Actual Rows": 1361, "Actual Loops": 1, "Filter": "((country_code)::text = '[ru]'::text)", "Rows Removed by Filter": 233635}, {"Node Type": "Bitmap Heap Scan", "Parent Relationship": "Inner", "Relation Name": "movie_companies", "Alias": "mc", "Startup Cost": 4.32, "Total Cost": 59.25, "Plan Rows": 15, "Plan Width": 12, "Actual Startup Time": 13.806, "Actual Total Time": 26.105, "Actual Rows": 8790, "Actual Loops": 1361, "Recheck Cond": "(company_id = cn.id)", "Rows Removed by Index Recheck": 0, "Exact Heap Blocks": 7155, "Lossy Heap Blocks": 7155, "Plans": [{"Node Type": "Bitmap Index Scan", "Parent Relationship": "Outer", "Index Name": "company_id_movie_companies", "Startup Cost": 0.0, "Total Cost": 4.31, "Plan Rows": 15, "Plan Width": 0, "Actual Startup Time": 8.655, "Actual Total Time": 8.655, "Actual Rows": 8790, "Actual Loops": 1361, "Index Cond": "(company_id = cn.id)"}]}]}, {"Node Type": "Bitmap Heap Scan", "Parent Relationship": "Inner", "Relation Name": "cast_info", "Alias": "ci", "Startup Cost": 0.51, "Total Cost": 4.61, "Plan Rows": 1, "Plan Width": 12, "Actual Startup Time": 807.78, "Actual Total Time": 850.67, "Actual Rows": 377, "Actual Loops": 8790, "Recheck Cond": "(movie_id = mc.movie_id)", "Rows Removed by Index Recheck": 0, "Filter": "(((note)::text ~~ '%(voice)%'::text) AND ((note)::text ~~ '%(uncredited)%'::text))", "Rows Removed by Filter": 408168, "Exact Heap Blocks": 397651, "Lossy Heap Blocks": 397651, "Plans": [{"Node Type": "Bitmap Index Scan", "Parent Relationship": "Outer", "Index Name": "movie_id_cast_info", "Startup Cost": 0.0, "Total Cost": 0.51, "Plan Rows": 6, "Plan Width": 0, "Actual Startup Time": 118.383, "Actual Total Time": 118.383, "Actual Rows": 408545, "Actual Loops": 8790, "Index Cond": "(movie_id = mc.movie_id)"}]}]}, {"Node Type": "Hash", "Parent Relationship": "Inner", "Startup Cost": 1.15, "Total Cost": 1.15, "Plan Rows": 1, "Plan Width": 4, "Actual Startup Time": 0.044, "Actual Total Time": 0.044, "Actual Rows": 1, "Actual Loops": 1, "Hash Buckets": 32768, "Hash Batches": 1, "Original Hash Batches": 1, "Peak Memory Usage": 1, "Plans": [{"Node Type": "Seq Scan", "Parent Relationship": "Outer", "Relation Name": "role_type", "Alias": "rt", "Startup Cost": 0.0, "Total Cost": 1.15, "Plan Rows": 1, "Plan Width": 4, "Actual Startup Time": 0.024, "Actual Total Time": 0.028, "Actual Rows": 1, "Actual Loops": 1, "Filter": "((role)::text = 'actor'::text)", "Rows Removed by Filter": 11}]}]}, {"Node Type": "Bitmap Heap Scan", "Parent Relationship": "Inner", "Relation Name": "char_name", "Alias": "chn", "Startup Cost": 2.3, "Total Cost": 6.31, "Plan Rows": 1, "Plan Width": 20, "Actual Startup Time": 2.191, "Actual Total Time": 2.191, "Actual Rows": 265, "Actual Loops": 275, "Recheck Cond": "(id = ci.person_role_id)", "Rows Removed by Index Recheck": 0, "Exact Heap Blocks": 265, "Lossy Heap Blocks": 265, "Plans": [{"Node Type": "Bitmap Index Scan", "Parent Relationship": "Outer", "Index Name": "char_name_pkey", "Startup Cost": 0.0, "Total Cost": 2.3, "Plan Rows": 1, "Plan Width": 0, "Actual Startup Time": 1.447, "Actual Total Time": 1.447, "Actual Rows": 265, "Actual Loops": 275, "Index Cond": "(id = ci.person_role_id)"}]}]}, {"Node Type": "Bitmap Heap Scan", "Parent Relationship": "Inner", "Relation Name": "title", "Alias": "t", "Startup Cost": 0.27, "Total Cost": 4.29, "Plan Rows": 1, "Plan Width": 21, "Actual Startup Time": 1.884, "Actual Total Time": 1.884, "Actual Rows": 104, "Actual Loops": 265, "Recheck Cond": "(id = mc.movie_id)", "Rows Removed by Index Recheck": 0, "Filter": "(production_year > 2005)", "Rows Removed by Filter": 161, "Exact Heap Blocks": 265, "Lossy Heap Blocks": 265, "Plans": [{"Node Type": "Bitmap Index Scan", "Parent Relationship": "Outer", "Index Name": "title_pkey", "Startup Cost": 0.0, "Total Cost": 0.27, "Plan Rows": 1, "Plan Width": 0, "Actual Startup Time": 1.144, "Actual Total Time": 1.144, "Actual Rows": 265, "Actual Loops": 265, "Index Cond": "(id = mc.movie_id)"}]}]}, {"Node Type": "Bitmap Heap Scan", "Parent Relationship": "Inner", "Relation Name": "company_type", "Alias": "ct", "Startup Cost": 0.26, "Total Cost": 4.27, "Plan Rows": 1, "Plan Width": 4, "Actual Startup Time": 0.253, "Actual Total Time": 0.253, "Actual Rows": 18, "Actual Loops": 104, "Recheck Cond": "(id = mc.company_type_id)", "Rows Removed by Index Recheck": 0, "Exact Heap Blocks": 18, "Lossy Heap Blocks": 18, "Plans": [{"Node Type": "Bitmap Index Scan", "Parent Relationship": "Outer", "Index Name": "company_type_pkey", "Startup Cost": 0.0, "Total Cost": 0.26, "Plan Rows": 1, "Plan Width": 0, "Actual Startup Time": 0.138, "Actual Total Time": 0.138, "Actual Rows": 18, "Actual Loops": 104, "Index Cond": "(id = mc.company_type_id)"}]}]}]}, "Triggers": [], "Planner Runtime": 6, "Total Runtime": 987.854, "Unique SQL Id": 2933943827}}, "(1, 103)": {"explain_plan": {"Plan": {"Node Type": "Aggregate", "Strategy": "Plain", "Startup Cost": 1000020511889.56, "Total Cost": 1000020511889.57, "Plan Rows": 1, "Plan Width": 97, "Plans": [{"Node Type": "Nested Loop", "Parent Relationship": "Outer", "Join Type": "Inner", "Startup Cost": 10000000003.85, "Total Cost": 1000020511889.55, "Plan Rows": 2, "Plan Width": 33, "Inner Unique": true, "Plans": [{"Node Type": "Nested Loop", "Parent Relationship": "Outer", "Join Type": "Inner", "Startup Cost": 10000000003.6, "Total Cost": 1000020511880.99, "Plan Rows": 2, "Plan Width": 37, "Inner Unique": true, "Plans": [{"Node Type": "Nested Loop", "Parent Relationship": "Outer", "Join Type": "Inner", "Startup Cost": 10000000003.32, "Total Cost": 1000020511868.1, "Plan Rows": 3, "Plan Width": 28, "Inner Unique": true, "Plans": [{"Node Type": "Nested Loop", "Parent Relationship": "Outer", "Join Type": "Inner", "Startup Cost": 10000000001.03, "Total Cost": 1000020511830.17, "Plan Rows": 6, "Plan Width": 16, "Inner Unique": true, "Plans": [{"Node Type": "Nested Loop", "Parent Relationship": "Outer", "Join Type": "Inner", "Startup Cost": 10000000000.77, "Total Cost": 1000020511538.92, "Plan Rows": 68, "Plan Width": 20, "Inner Unique": false, "Plans": [{"Node Type": "Nested Loop", "Parent Relationship": "Outer", "Join Type": "Inner", "Startup Cost": 10000000000.26, "Total Cost": 1000020494063.94, "Plan Rows": 3779, "Plan Width": 8, "Inner Unique": true, "Plans": [{"Node Type": "Index Scan", "Parent Relationship": "Outer", "Scan Direction": "Forward", "Index Name": "company_type_id_movie_companies", "Relation Name": "movie_companies", "Alias": "mc", "Startup Cost": 10000000000.0, "Total Cost": 1000009318217.0, "Plan Rows": 2609128, "Plan Width": 12}, {"Node Type": "Bitmap Heap Scan", "Parent Relationship": "Inner", "Relation Name": "company_name", "Alias": "cn", "Startup Cost": 0.26, "Total Cost": 4.27, "Plan Rows": 1, "Plan Width": 4, "Recheck Cond": "(id = mc.company_id)", "Filter": "((country_code)::text = '[ru]'::text)", "Plans": [{"Node Type": "Bitmap Index Scan", "Parent Relationship": "Outer", "Index Name": "company_name_pkey", "Startup Cost": 0.0, "Total Cost": 0.26, "Plan Rows": 1, "Plan Width": 0, "Index Cond": "(id = mc.company_id)"}]}]}, {"Node Type": "Bitmap Heap Scan", "Parent Relationship": "Inner", "Relation Name": "cast_info", "Alias": "ci", "Startup Cost": 0.51, "Total Cost": 4.61, "Plan Rows": 1, "Plan Width": 12, "Recheck Cond": "(movie_id = mc.movie_id)", "Filter": "(((note)::text ~~ '%(voice)%'::text) AND ((note)::text ~~ '%(uncredited)%'::text))", "Plans": [{"Node Type": "Bitmap Index Scan", "Parent Relationship": "Outer", "Index Name": "movie_id_cast_info", "Startup Cost": 0.0, "Total Cost": 0.51, "Plan Rows": 6, "Plan Width": 0, "Index Cond": "(movie_id = mc.movie_id)"}]}]}, {"Node Type": "Bitmap Heap Scan", "Parent Relationship": "Inner", "Relation Name": "role_type", "Alias": "rt", "Startup Cost": 0.26, "Total Cost": 4.27, "Plan Rows": 1, "Plan Width": 4, "Recheck Cond": "(id = ci.role_id)", "Filter": "((role)::text = 'actor'::text)", "Plans": [{"Node Type": "Bitmap Index Scan", "Parent Relationship": "Outer", "Index Name": "role_type_pkey", "Startup Cost": 0.0, "Total Cost": 0.26, "Plan Rows": 1, "Plan Width": 0, "Index Cond": "(id = ci.role_id)"}]}]}, {"Node Type": "Bitmap Heap Scan", "Parent Relationship": "Inner", "Relation Name": "char_name", "Alias": "chn", "Startup Cost": 2.3, "Total Cost": 6.31, "Plan Rows": 1, "Plan Width": 20, "Recheck Cond": "(id = ci.person_role_id)", "Plans": [{"Node Type": "Bitmap Index Scan", "Parent Relationship": "Outer", "Index Name": "char_name_pkey", "Startup Cost": 0.0, "Total Cost": 2.3, "Plan Rows": 1, "Plan Width": 0, "Index Cond": "(id = ci.person_role_id)"}]}]}, {"Node Type": "Bitmap Heap Scan", "Parent Relationship": "Inner", "Relation Name": "title", "Alias": "t", "Startup Cost": 0.27, "Total Cost": 4.29, "Plan Rows": 1, "Plan Width": 21, "Recheck Cond": "(id = mc.movie_id)", "Filter": "(production_year > 2005)", "Plans": [{"Node Type": "Bitmap Index Scan", "Parent Relationship": "Outer", "Index Name": "title_pkey", "Startup Cost": 0.0, "Total Cost": 0.27, "Plan Rows": 1, "Plan Width": 0, "Index Cond": "(id = mc.movie_id)"}]}]}, {"Node Type": "Bitmap Heap Scan", "Parent Relationship": "Inner", "Relation Name": "company_type", "Alias": "ct", "Startup Cost": 0.26, "Total Cost": 4.27, "Plan Rows": 1, "Plan Width": 4, "Recheck Cond": "(id = mc.company_type_id)", "Plans": [{"Node Type": "Bitmap Index Scan", "Parent Relationship": "Outer", "Index Name": "company_type_pkey", "Startup Cost": 0.0, "Total Cost": 0.26, "Plan Rows": 1, "Plan Width": 0, "Index Cond": "(id = mc.company_type_id)"}]}]}]}, "Unique SQL Id": 2933943827, "Planner Runtime": 3}, "explain_analyze_plan": null}, "(1, 104)": {"explain_plan": {"Plan": {"Node Type": "Aggregate", "Strategy": "Plain", "Startup Cost": 19914.67, "Total Cost": 19914.68, "Plan Rows": 1, "Plan Width": 97, "Plans": [{"Node Type": "Nested Loop", "Parent Relationship": "Outer", "Join Type": "Inner", "Startup Cost": 0.0, "Total Cost": 19914.66, "Plan Rows": 2, "Plan Width": 33, "Inner Unique": true, "Plans": [{"Node Type": "Nested Loop", "Parent Relationship": "Outer", "Join Type": "Inner", "Startup Cost": 0.0, "Total Cost": 19914.1, "Plan Rows": 2, "Plan Width": 37, "Inner Unique": true, "Plans": [{"Node Type": "Nested Loop", "Parent Relationship": "Outer", "Join Type": "Inner", "Startup Cost": 0.0, "Total Cost": 19887.22, "Plan Rows": 5, "Plan Width": 25, "Inner Unique": true, "Plans": [{"Node Type": "Nested Loop", "Parent Relationship": "Outer", "Join Type": "Inner", "Startup Cost": 0.0, "Total Cost": 19885.12, "Plan Rows": 6, "Plan Width": 16, "Inner Unique": true, "Plans": [{"Node Type": "Nested Loop", "Parent Relationship": "Outer", "Join Type": "Inner", "Startup Cost": 0.0, "Total Cost": 19865.87, "Plan Rows": 68, "Plan Width": 20, "Inner Unique": false, "Plans": [{"Node Type": "Nested Loop", "Parent Relationship": "Outer", "Join Type": "Inner", "Startup Cost": 0.0, "Total Cost": 16121.55, "Plan Rows": 3779, "Plan Width": 8, "Inner Unique": false, "Plans": [{"Node Type": "Seq Scan", "Parent Relationship": "Outer", "Relation Name": "company_name", "Alias": "cn", "Startup Cost": 0.0, "Total Cost": 5903.45, "Plan Rows": 251, "Plan Width": 4, "Filter": "((country_code)::text = '[ru]'::text)"}, {"Node Type": "Index Scan", "Parent Relationship": "Inner", "Scan Direction": "Forward", "Index Name": "company_id_movie_companies", "Relation Name": "movie_companies", "Alias": "mc", "Startup Cost": 0.0, "Total Cost": 40.56, "Plan Rows": 15, "Plan Width": 12, "Index Cond": "(company_id = cn.id)"}]}, {"Node Type": "Index Scan", "Parent Relationship": "Inner", "Scan Direction": "Forward", "Index Name": "movie_id_cast_info", "Relation Name": "cast_info", "Alias": "ci", "Startup Cost": 0.0, "Total Cost": 0.98, "Plan Rows": 1, "Plan Width": 12, "Index Cond": "(movie_id = mc.movie_id)", "Filter": "(((note)::text ~~ '%(voice)%'::text) AND ((note)::text ~~ '%(uncredited)%'::text))"}]}, {"Node Type": "Index Scan", "Parent Relationship": "Inner", "Scan Direction": "Forward", "Index Name": "role_type_pkey", "Relation Name": "role_type", "Alias": "rt", "Startup Cost": 0.0, "Total Cost": 0.27, "Plan Rows": 1, "Plan Width": 4, "Index Cond": "(id = ci.role_id)", "Filter": "((role)::text = 'actor'::text)"}]}, {"Node Type": "Index Scan", "Parent Relationship": "Inner", "Scan Direction": "Forward", "Index Name": "title_pkey", "Relation Name": "title", "Alias": "t", "Startup Cost": 0.0, "Total Cost": 0.34, "Plan Rows": 1, "Plan Width": 21, "Index Cond": "(id = mc.movie_id)", "Filter": "(production_year > 2005)"}]}, {"Node Type": "Index Scan", "Parent Relationship": "Inner", "Scan Direction": "Forward", "Index Name": "char_name_pkey", "Relation Name": "char_name", "Alias": "chn", "Startup Cost": 0.0, "Total Cost": 5.37, "Plan Rows": 1, "Plan Width": 20, "Index Cond": "(id = ci.person_role_id)"}]}, {"Node Type": "Index Only Scan", "Parent Relationship": "Inner", "Scan Direction": "Forward", "Index Name": "company_type_pkey", "Relation Name": "company_type", "Alias": "ct", "Startup Cost": 0.0, "Total Cost": 0.27, "Plan Rows": 1, "Plan Width": 4, "Index Cond": "(id = mc.company_type_id)"}]}]}, "Unique SQL Id": 2933943827, "Planner Runtime": 5}, "explain_analyze_plan": {"Plan": {"Node Type": "Aggregate", "Strategy": "Plain", "Startup Cost": 19914.67, "Total Cost": 19914.68, "Plan Rows": 1, "Plan Width": 97, "Actual Startup Time": 747.77, "Actual Total Time": 747.77, "Actual Rows": 1, "Actual Loops": 1, "Plans": [{"Node Type": "Nested Loop", "Parent Relationship": "Outer", "Join Type": "Inner", "Startup Cost": 0.0, "Total Cost": 19914.66, "Plan Rows": 2, "Plan Width": 33, "Actual Startup Time": 41.866, "Actual Total Time": 747.642, "Actual Rows": 18, "Actual Loops": 1, "Inner Unique": true, "Plans": [{"Node Type": "Nested Loop", "Parent Relationship": "Outer", "Join Type": "Inner", "Startup Cost": 0.0, "Total Cost": 19914.1, "Plan Rows": 2, "Plan Width": 37, "Actual Startup Time": 8.627, "Actual Total Time": 747.353, "Actual Rows": 104, "Actual Loops": 1, "Inner Unique": true, "Plans": [{"Node Type": "Nested Loop", "Parent Relationship": "Outer", "Join Type": "Inner", "Startup Cost": 0.0, "Total Cost": 19887.22, "Plan Rows": 5, "Plan Width": 25, "Actual Startup Time": 8.616, "Actual Total Time": 746.498, "Actual Rows": 112, "Actual Loops": 1, "Inner Unique": true, "Plans": [{"Node Type": "Nested Loop", "Parent Relationship": "Outer", "Join Type": "Inner", "Startup Cost": 0.0, "Total Cost": 19885.12, "Plan Rows": 6, "Plan Width": 16, "Actual Startup Time": 0.778, "Actual Total Time": 744.543, "Actual Rows": 275, "Actual Loops": 1, "Inner Unique": true, "Plans": [{"Node Type": "Nested Loop", "Parent Relationship": "Outer", "Join Type": "Inner", "Startup Cost": 0.0, "Total Cost": 19865.87, "Plan Rows": 68, "Plan Width": 20, "Actual Startup Time": 0.77, "Actual Total Time": 742.914, "Actual Rows": 377, "Actual Loops": 1, "Inner Unique": false, "Plans": [{"Node Type": "Nested Loop", "Parent Relationship": "Outer", "Join Type": "Inner", "Startup Cost": 0.0, "Total Cost": 16121.55, "Plan Rows": 3779, "Plan Width": 8, "Actual Startup Time": 0.069, "Actual Total Time": 101.023, "Actual Rows": 8790, "Actual Loops": 1, "Inner Unique": false, "Plans": [{"Node Type": "Seq Scan", "Parent Relationship": "Outer", "Relation Name": "company_name", "Alias": "cn", "Startup Cost": 0.0, "Total Cost": 5903.45, "Plan Rows": 251, "Plan Width": 4, "Actual Startup Time": 0.049, "Actual Total Time": 80.047, "Actual Rows": 1361, "Actual Loops": 1, "Filter": "((country_code)::text = '[ru]'::text)", "Rows Removed by Filter": 233635}, {"Node Type": "Index Scan", "Parent Relationship": "Inner", "Scan Direction": "Forward", "Index Name": "company_id_movie_companies", "Relation Name": "movie_companies", "Alias": "mc", "Startup Cost": 0.0, "Total Cost": 40.56, "Plan Rows": 15, "Plan Width": 12, "Actual Startup Time": 7.761, "Actual Total Time": 17.771, "Actual Rows": 8790, "Actual Loops": 1361, "Index Cond": "(company_id = cn.id)", "Rows Removed by Index Recheck": 0}]}, {"Node Type": "Index Scan", "Parent Relationship": "Inner", "Scan Direction": "Forward", "Index Name": "movie_id_cast_info", "Relation Name": "cast_info", "Alias": "ci", "Startup Cost": 0.0, "Total Cost": 0.98, "Plan Rows": 1, "Plan Width": 12, "Actual Startup Time": 599.435, "Actual Total Time": 636.598, "Actual Rows": 377, "Actual Loops": 8790, "Index Cond": "(movie_id = mc.movie_id)", "Rows Removed by Index Recheck": 0, "Filter": "(((note)::text ~~ '%(voice)%'::text) AND ((note)::text ~~ '%(uncredited)%'::text))", "Rows Removed by Filter": 408168}]}, {"Node Type": "Index Scan", "Parent Relationship": "Inner", "Scan Direction": "Forward", "Index Name": "role_type_pkey", "Relation Name": "role_type", "Alias": "rt", "Startup Cost": 0.0, "Total Cost": 0.27, "Plan Rows": 1, "Plan Width": 4, "Actual Startup Time": 1.125, "Actual Total Time": 1.125, "Actual Rows": 275, "Actual Loops": 377, "Index Cond": "(id = ci.role_id)", "Rows Removed by Index Recheck": 0, "Filter": "((role)::text = 'actor'::text)", "Rows Removed by Filter": 102}]}, {"Node Type": "Index Scan", "Parent Relationship": "Inner", "Scan Direction": "Forward", "Index Name": "title_pkey", "Relation Name": "title", "Alias": "t", "Startup Cost": 0.0, "Total Cost": 0.34, "Plan Rows": 1, "Plan Width": 21, "Actual Startup Time": 1.565, "Actual Total Time": 1.565, "Actual Rows": 112, "Actual Loops": 275, "Index Cond": "(id = mc.movie_id)", "Rows Removed by Index Recheck": 0, "Filter": "(production_year > 2005)", "Rows Removed by Filter": 163}]}, {"Node Type": "Index Scan", "Parent Relationship": "Inner", "Scan Direction": "Forward", "Index Name": "char_name_pkey", "Relation Name": "char_name", "Alias": "chn", "Startup Cost": 0.0, "Total Cost": 5.37, "Plan Rows": 1, "Plan Width": 20, "Actual Startup Time": 0.628, "Actual Total Time": 0.628, "Actual Rows": 104, "Actual Loops": 112, "Index Cond": "(id = ci.person_role_id)", "Rows Removed by Index Recheck": 0}]}, {"Node Type": "Index Only Scan", "Parent Relationship": "Inner", "Scan Direction": "Forward", "Index Name": "company_type_pkey", "Relation Name": "company_type", "Alias": "ct", "Startup Cost": 0.0, "Total Cost": 0.27, "Plan Rows": 1, "Plan Width": 4, "Actual Startup Time": 0.164, "Actual Total Time": 0.164, "Actual Rows": 18, "Actual Loops": 104, "Index Cond": "(id = mc.company_type_id)", "Rows Removed by Index Recheck": 0, "Heap Fetches": 0}]}]}, "Triggers": [], "Planner Runtime": 5, "Total Runtime": 748.112, "Unique SQL Id": 2933943827}}, "(1, 105)": {"explain_plan": {"Plan": {"Node Type": "Aggregate", "Strategy": "Plain", "Startup Cost": 24512.61, "Total Cost": 24512.62, "Plan Rows": 1, "Plan Width": 97, "Plans": [{"Node Type": "Nested Loop", "Parent Relationship": "Outer", "Join Type": "Inner", "Startup Cost": 0.0, "Total Cost": 24512.6, "Plan Rows": 2, "Plan Width": 33, "Inner Unique": true, "Plans": [{"Node Type": "Nested Loop", "Parent Relationship": "Outer", "Join Type": "Inner", "Startup Cost": 0.0, "Total Cost": 24512.04, "Plan Rows": 2, "Plan Width": 37, "Inner Unique": true, "Plans": [{"Node Type": "Nested Loop", "Parent Relationship": "Outer", "Join Type": "Inner", "Startup Cost": 0.0, "Total Cost": 24485.16, "Plan Rows": 5, "Plan Width": 25, "Inner Unique": true, "Plans": [{"Node Type": "Nested Loop", "Parent Relationship": "Outer", "Join Type": "Inner", "Startup Cost": 0.0, "Total Cost": 24483.05, "Plan Rows": 6, "Plan Width": 16, "Inner Unique": true, "Plans": [{"Node Type": "Nested Loop", "Parent Relationship": "Outer", "Join Type": "Inner", "Startup Cost": 0.0, "Total Cost": 24463.81, "Plan Rows": 68, "Plan Width": 20, "Inner Unique": false, "Plans": [{"Node Type": "Nested Loop", "Parent Relationship": "Outer", "Join Type": "Inner", "Startup Cost": 0.0, "Total Cost": 20719.49, "Plan Rows": 3779, "Plan Width": 8, "Inner Unique": false, "Plans": [{"Node Type": "Index Scan", "Parent Relationship": "Outer", "Scan Direction": "Forward", "Index Name": "company_name_pkey", "Relation Name": "company_name", "Alias": "cn", "Startup Cost": 0.0, "Total Cost": 10501.39, "Plan Rows": 251, "Plan Width": 4, "Filter": "((country_code)::text = '[ru]'::text)"}, {"Node Type": "Index Scan", "Parent Relationship": "Inner", "Scan Direction": "Forward", "Index Name": "company_id_movie_companies", "Relation Name": "movie_companies", "Alias": "mc", "Startup Cost": 0.0, "Total Cost": 40.56, "Plan Rows": 15, "Plan Width": 12, "Index Cond": "(company_id = cn.id)"}]}, {"Node Type": "Index Scan", "Parent Relationship": "Inner", "Scan Direction": "Forward", "Index Name": "movie_id_cast_info", "Relation Name": "cast_info", "Alias": "ci", "Startup Cost": 0.0, "Total Cost": 0.98, "Plan Rows": 1, "Plan Width": 12, "Index Cond": "(movie_id = mc.movie_id)", "Filter": "(((note)::text ~~ '%(voice)%'::text) AND ((note)::text ~~ '%(uncredited)%'::text))"}]}, {"Node Type": "Index Scan", "Parent Relationship": "Inner", "Scan Direction": "Forward", "Index Name": "role_type_pkey", "Relation Name": "role_type", "Alias": "rt", "Startup Cost": 0.0, "Total Cost": 0.27, "Plan Rows": 1, "Plan Width": 4, "Index Cond": "(id = ci.role_id)", "Filter": "((role)::text = 'actor'::text)"}]}, {"Node Type": "Index Scan", "Parent Relationship": "Inner", "Scan Direction": "Forward", "Index Name": "title_pkey", "Relation Name": "title", "Alias": "t", "Startup Cost": 0.0, "Total Cost": 0.34, "Plan Rows": 1, "Plan Width": 21, "Index Cond": "(id = mc.movie_id)", "Filter": "(production_year > 2005)"}]}, {"Node Type": "Index Scan", "Parent Relationship": "Inner", "Scan Direction": "Forward", "Index Name": "char_name_pkey", "Relation Name": "char_name", "Alias": "chn", "Startup Cost": 0.0, "Total Cost": 5.37, "Plan Rows": 1, "Plan Width": 20, "Index Cond": "(id = ci.person_role_id)"}]}, {"Node Type": "Index Only Scan", "Parent Relationship": "Inner", "Scan Direction": "Forward", "Index Name": "company_type_pkey", "Relation Name": "company_type", "Alias": "ct", "Startup Cost": 0.0, "Total Cost": 0.27, "Plan Rows": 1, "Plan Width": 4, "Index Cond": "(id = mc.company_type_id)"}]}]}, "Unique SQL Id": 2933943827, "Planner Runtime": 4}, "explain_analyze_plan": {"Plan": {"Node Type": "Aggregate", "Strategy": "Plain", "Startup Cost": 24512.61, "Total Cost": 24512.62, "Plan Rows": 1, "Plan Width": 97, "Actual Startup Time": 1177.526, "Actual Total Time": 1177.527, "Actual Rows": 1, "Actual Loops": 1, "Plans": [{"Node Type": "Nested Loop", "Parent Relationship": "Outer", "Join Type": "Inner", "Startup Cost": 0.0, "Total Cost": 24512.6, "Plan Rows": 2, "Plan Width": 33, "Actual Startup Time": 37.022, "Actual Total Time": 1177.415, "Actual Rows": 18, "Actual Loops": 1, "Inner Unique": true, "Plans": [{"Node Type": "Nested Loop", "Parent Relationship": "Outer", "Join Type": "Inner", "Startup Cost": 0.0, "Total Cost": 24512.04, "Plan Rows": 2, "Plan Width": 37, "Actual Startup Time": 28.615, "Actual Total Time": 1177.077, "Actual Rows": 104, "Actual Loops": 1, "Inner Unique": true, "Plans": [{"Node Type": "Nested Loop", "Parent Relationship": "Outer", "Join Type": "Inner", "Startup Cost": 0.0, "Total Cost": 24485.16, "Plan Rows": 5, "Plan Width": 25, "Actual Startup Time": 28.593, "Actual Total Time": 1175.945, "Actual Rows": 112, "Actual Loops": 1, "Inner Unique": true, "Plans": [{"Node Type": "Nested Loop", "Parent Relationship": "Outer", "Join Type": "Inner", "Startup Cost": 0.0, "Total Cost": 24483.05, "Plan Rows": 6, "Plan Width": 16, "Actual Startup Time": 8.531, "Actual Total Time": 1173.512, "Actual Rows": 275, "Actual Loops": 1, "Inner Unique": true, "Plans": [{"Node Type": "Nested Loop", "Parent Relationship": "Outer", "Join Type": "Inner", "Startup Cost": 0.0, "Total Cost": 24463.81, "Plan Rows": 68, "Plan Width": 20, "Actual Startup Time": 8.509, "Actual Total Time": 1171.854, "Actual Rows": 377, "Actual Loops": 1, "Inner Unique": false, "Plans": [{"Node Type": "Nested Loop", "Parent Relationship": "Outer", "Join Type": "Inner", "Startup Cost": 0.0, "Total Cost": 20719.49, "Plan Rows": 3779, "Plan Width": 8, "Actual Startup Time": 0.393, "Actual Total Time": 320.093, "Actual Rows": 8790, "Actual Loops": 1, "Inner Unique": false, "Plans": [{"Node Type": "Index Scan", "Parent Relationship": "Outer", "Scan Direction": "Forward", "Index Name": "company_name_pkey", "Relation Name": "company_name", "Alias": "cn", "Startup Cost": 0.0, "Total Cost": 10501.39, "Plan Rows": 251, "Plan Width": 4, "Actual Startup Time": 0.379, "Actual Total Time": 295.713, "Actual Rows": 1361, "Actual Loops": 1, "Filter": "((country_code)::text = '[ru]'::text)", "Rows Removed by Filter": 233635}, {"Node Type": "Index Scan", "Parent Relationship": "Inner", "Scan Direction": "Forward", "Index Name": "company_id_movie_companies", "Relation Name": "movie_companies", "Alias": "mc", "Startup Cost": 0.0, "Total Cost": 40.56, "Plan Rows": 15, "Plan Width": 12, "Actual Startup Time": 7.632, "Actual Total Time": 20.631, "Actual Rows": 8790, "Actual Loops": 1361, "Index Cond": "(company_id = cn.id)", "Rows Removed by Index Recheck": 0}]}, {"Node Type": "Index Scan", "Parent Relationship": "Inner", "Scan Direction": "Forward", "Index Name": "movie_id_cast_info", "Relation Name": "cast_info", "Alias": "ci", "Startup Cost": 0.0, "Total Cost": 0.98, "Plan Rows": 1, "Plan Width": 12, "Actual Startup Time": 795.582, "Actual Total Time": 846.472, "Actual Rows": 377, "Actual Loops": 8790, "Index Cond": "(movie_id = mc.movie_id)", "Rows Removed by Index Recheck": 0, "Filter": "(((note)::text ~~ '%(voice)%'::text) AND ((note)::text ~~ '%(uncredited)%'::text))", "Rows Removed by Filter": 408168}]}, {"Node Type": "Index Scan", "Parent Relationship": "Inner", "Scan Direction": "Forward", "Index Name": "role_type_pkey", "Relation Name": "role_type", "Alias": "rt", "Startup Cost": 0.0, "Total Cost": 0.27, "Plan Rows": 1, "Plan Width": 4, "Actual Startup Time": 1.098, "Actual Total Time": 1.098, "Actual Rows": 275, "Actual Loops": 377, "Index Cond": "(id = ci.role_id)", "Rows Removed by Index Recheck": 0, "Filter": "((role)::text = 'actor'::text)", "Rows Removed by Filter": 102}]}, {"Node Type": "Index Scan", "Parent Relationship": "Inner", "Scan Direction": "Forward", "Index Name": "title_pkey", "Relation Name": "title", "Alias": "t", "Startup Cost": 0.0, "Total Cost": 0.34, "Plan Rows": 1, "Plan Width": 21, "Actual Startup Time": 2.044, "Actual Total Time": 2.044, "Actual Rows": 112, "Actual Loops": 275, "Index Cond": "(id = mc.movie_id)", "Rows Removed by Index Recheck": 0, "Filter": "(production_year > 2005)", "Rows Removed by Filter": 163}]}, {"Node Type": "Index Scan", "Parent Relationship": "Inner", "Scan Direction": "Forward", "Index Name": "char_name_pkey", "Relation Name": "char_name", "Alias": "chn", "Startup Cost": 0.0, "Total Cost": 5.37, "Plan Rows": 1, "Plan Width": 20, "Actual Startup Time": 0.88, "Actual Total Time": 0.88, "Actual Rows": 104, "Actual Loops": 112, "Index Cond": "(id = ci.person_role_id)", "Rows Removed by Index Recheck": 0}]}, {"Node Type": "Index Only Scan", "Parent Relationship": "Inner", "Scan Direction": "Forward", "Index Name": "company_type_pkey", "Relation Name": "company_type", "Alias": "ct", "Startup Cost": 0.0, "Total Cost": 0.27, "Plan Rows": 1, "Plan Width": 4, "Actual Startup Time": 0.173, "Actual Total Time": 0.173, "Actual Rows": 18, "Actual Loops": 104, "Index Cond": "(id = mc.company_type_id)", "Rows Removed by Index Recheck": 0, "Heap Fetches": 0}]}]}, "Triggers": [], "Planner Runtime": 4, "Total Runtime": 1177.883, "Unique SQL Id": 2933943827}}, "(1, 106)": {"explain_plan": {"Plan": {"Node Type": "Aggregate", "Strategy": "Plain", "Startup Cost": 1006119.77, "Total Cost": 1006119.78, "Plan Rows": 1, "Plan Width": 97, "Plans": [{"Node Type": "Hash Join", "Parent Relationship": "Outer", "Join Type": "Inner", "Startup Cost": 911148.38, "Total Cost": 1006119.76, "Plan Rows": 2, "Plan Width": 33, "Inner Unique": true, "Hash Cond": "(mc.company_type_id = ct.id)", "Plans": [{"Node Type": "Hash Join", "Parent Relationship": "Outer", "Join Type": "Inner", "Startup Cost": 911147.31, "Total Cost": 1006118.67, "Plan Rows": 2, "Plan Width": 37, "Inner Unique": false, "Hash Cond": "(chn.id = ci.person_role_id)", "Plans": [{"Node Type": "Seq Scan", "Parent Relationship": "Outer", "Relation Name": "char_name", "Alias": "chn", "Startup Cost": 0.0, "Total Cost": 67493.38, "Plan Rows": 3140338, "Plan Width": 20}, {"Node Type": "Hash", "Parent Relationship": "Inner", "Startup Cost": 911147.25, "Total Cost": 911147.25, "Plan Rows": 5, "Plan Width": 25, "Plans": [{"Node Type": "Hash Join", "Parent Relationship": "Outer", "Join Type": "Inner", "Startup Cost": 127887.98, "Total Cost": 911147.25, "Plan Rows": 5, "Plan Width": 25, "Inner Unique": false, "Hash Cond": "(ci.movie_id = t.id)", "Plans": [{"Node Type": "Hash Join", "Parent Relationship": "Outer", "Join Type": "Inner", "Startup Cost": 1.16, "Total Cost": 783252.72, "Plan Rows": 2027, "Plan Width": 8, "Inner Unique": true, "Hash Cond": "(ci.role_id = rt.id)", "Plans": [{"Node Type": "Seq Scan", "Parent Relationship": "Outer", "Relation Name": "cast_info", "Alias": "ci", "Startup Cost": 0.0, "Total Cost": 783175.41, "Plan Rows": 22295, "Plan Width": 12, "Filter": "(((note)::text ~~ '%(voice)%'::text) AND ((note)::text ~~ '%(uncredited)%'::text))"}, {"Node Type": "Hash", "Parent Relationship": "Inner", "Startup Cost": 1.15, "Total Cost": 1.15, "Plan Rows": 1, "Plan Width": 4, "Plans": [{"Node Type": "Seq Scan", "Parent Relationship": "Outer", "Relation Name": "role_type", "Alias": "rt", "Startup Cost": 0.0, "Total Cost": 1.15, "Plan Rows": 1, "Plan Width": 4, "Filter": "((role)::text = 'actor'::text)"}]}]}, {"Node Type": "Hash", "Parent Relationship": "Inner", "Startup Cost": 127829.48, "Total Cost": 127829.48, "Plan Rows": 4587, "Plan Width": 29, "Plans": [{"Node Type": "Hash Join", "Parent Relationship": "Outer", "Join Type": "Inner", "Startup Cost": 57593.12, "Total Cost": 127829.48, "Plan Rows": 4587, "Plan Width": 29, "Inner Unique": false, "Hash Cond": "(t.id = mc.movie_id)", "Plans": [{"Node Type": "Seq Scan", "Parent Relationship": "Outer", "Relation Name": "title", "Alias": "t", "Startup Cost": 0.0, "Total Cost": 66389.89, "Plan Rows": 1013492, "Plan Width": 21, "Filter": "(production_year > 2005), (LLVM Optimized)"}, {"Node Type": "Hash", "Parent Relationship": "Inner", "Startup Cost": 57545.89, "Total Cost": 57545.89, "Plan Rows": 3779, "Plan Width": 8, "Plans": [{"Node Type": "Hash Join", "Parent Relationship": "Outer", "Join Type": "Inner", "Startup Cost": 5906.59, "Total Cost": 57545.89, "Plan Rows": 3779, "Plan Width": 8, "Inner Unique": true, "Hash Cond": "(mc.company_id = cn.id)", "Plans": [{"Node Type": "Seq Scan", "Parent Relationship": "Outer", "Relation Name": "movie_companies", "Alias": "mc", "Startup Cost": 0.0, "Total Cost": 41817.28, "Plan Rows": 2609128, "Plan Width": 12}, {"Node Type": "Hash", "Parent Relationship": "Inner", "Startup Cost": 5903.45, "Total Cost": 5903.45, "Plan Rows": 251, "Plan Width": 4, "Plans": [{"Node Type": "Seq Scan", "Parent Relationship": "Outer", "Relation Name": "company_name", "Alias": "cn", "Startup Cost": 0.0, "Total Cost": 5903.45, "Plan Rows": 251, "Plan Width": 4, "Filter": "((country_code)::text = '[ru]'::text)"}]}]}]}]}]}]}]}]}, {"Node Type": "Hash", "Parent Relationship": "Inner", "Startup Cost": 1.03, "Total Cost": 1.03, "Plan Rows": 3, "Plan Width": 4, "Plans": [{"Node Type": "Seq Scan", "Parent Relationship": "Outer", "Relation Name": "company_type", "Alias": "ct", "Startup Cost": 0.0, "Total Cost": 1.03, "Plan Rows": 3, "Plan Width": 4}]}]}]}, "Unique SQL Id": 2933943827, "Planner Runtime": 9}, "explain_analyze_plan": null}, "(1, 107)": {"explain_plan": {"Plan": {"Node Type": "Aggregate", "Strategy": "Plain", "Startup Cost": 7000050547582.2, "Total Cost": 7000050547582.21, "Plan Rows": 1, "Plan Width": 97, "Plans": [{"Node Type": "Hash Join", "Parent Relationship": "Outer", "Join Type": "Inner", "Startup Cost": 5020035053888.1, "Total Cost": 7000050547582.19, "Plan Rows": 2, "Plan Width": 33, "Inner Unique": true, "Hash Cond": "(mc.company_type_id = ct.id)", "Plans": [{"Node Type": "Hash Join", "Parent Relationship": "Outer", "Join Type": "Inner", "Startup Cost": 4020035053058.56, "Total Cost": 6000050546752.6, "Plan Rows": 4, "Plan Width": 37, "Inner Unique": true, "Hash Cond": "(ci.person_role_id = chn.id)", "Plans": [{"Node Type": "Hash Join", "Parent Relationship": "Outer", "Join Type": "Inner", "Startup Cost": 3020022026258.83, "Total Cost": 5000037519952.81, "Plan Rows": 7, "Plan Width": 25, "Inner Unique": false, "Hash Cond": "(ci.movie_id = t.id)", "Plans": [{"Node Type": "Nested Loop", "Parent Relationship": "Outer", "Join Type": "Inner", "Startup Cost": 20000000000.0, "Total Cost": 2000015493686.27, "Plan Rows": 2027, "Plan Width": 8, "Inner Unique": false, "Plans": [{"Node Type": "Index Scan", "Parent Relationship": "Outer", "Scan Direction": "Forward", "Index Name": "role_type_pkey", "Relation Name": "role_type", "Alias": "rt", "Startup Cost": 10000000000.0, "Total Cost": 1000000001246.0, "Plan Rows": 1, "Plan Width": 4, "Filter": "((role)::text = 'actor'::text)"}, {"Node Type": "Index Scan", "Parent Relationship": "Inner", "Scan Direction": "Forward", "Index Name": "role_id_cast_info", "Relation Name": "cast_info", "Alias": "ci", "Startup Cost": 10000000000.0, "Total Cost": 1000015492420.0, "Plan Rows": 2027, "Plan Width": 12, "Index Cond": "(role_id = rt.id)", "Filter": "(((note)::text ~~ '%(voice)%'::text) AND ((note)::text ~~ '%(uncredited)%'::text))"}]}, {"Node Type": "Hash", "Parent Relationship": "Inner", "Startup Cost": 3000022026201.49, "Total Cost": 3000022026201.49, "Plan Rows": 4587, "Plan Width": 29, "Plans": [{"Node Type": "Hash Join", "Parent Relationship": "Outer", "Join Type": "Inner", "Startup Cost": 2010010378228.36, "Total Cost": 3000022026201.49, "Plan Rows": 4587, "Plan Width": 29, "Inner Unique": false, "Hash Cond": "(t.id = mc.movie_id)", "Plans": [{"Node Type": "Index Scan", "Parent Relationship": "Outer", "Scan Direction": "Forward", "Index Name": "title_pkey", "Relation Name": "title", "Alias": "t", "Startup Cost": 10000000000.0, "Total Cost": 1000011644126.66, "Plan Rows": 1013492, "Plan Width": 21, "Filter": "(production_year > 2005), (LLVM Optimized)"}, {"Node Type": "Hash", "Parent Relationship": "Inner", "Startup Cost": 2000010378181.13, "Total Cost": 2000010378181.13, "Plan Rows": 3779, "Plan Width": 8, "Plans": [{"Node Type": "Hash Join", "Parent Relationship": "Outer", "Join Type": "Inner", "Startup Cost": 1010001050142.11, "Total Cost": 2000010378181.13, "Plan Rows": 3779, "Plan Width": 8, "Inner Unique": true, "Hash Cond": "(mc.company_id = cn.id)", "Plans": [{"Node Type": "Index Scan", "Parent Relationship": "Outer", "Scan Direction": "Forward", "Index Name": "company_type_id_movie_companies", "Relation Name": "movie_companies", "Alias": "mc", "Startup Cost": 10000000000.0, "Total Cost": 1000009318217.0, "Plan Rows": 2609128, "Plan Width": 12}, {"Node Type": "Hash", "Parent Relationship": "Inner", "Startup Cost": 1000001050138.97, "Total Cost": 1000001050138.97, "Plan Rows": 251, "Plan Width": 4, "Plans": [{"Node Type": "Index Scan", "Parent Relationship": "Outer", "Scan Direction": "Forward", "Index Name": "company_name_pkey", "Relation Name": "company_name", "Alias": "cn", "Startup Cost": 10000000000.0, "Total Cost": 1000001050138.97, "Plan Rows": 251, "Plan Width": 4, "Filter": "((country_code)::text = '[ru]'::text)"}]}]}]}]}]}]}, {"Node Type": "Hash", "Parent Relationship": "Inner", "Startup Cost": 1000012987545.51, "Total Cost": 1000012987545.51, "Plan Rows": 3140338, "Plan Width": 20, "Plans": [{"Node Type": "Index Scan", "Parent Relationship": "Outer", "Scan Direction": "Forward", "Index Name": "char_name_pkey", "Relation Name": "char_name", "Alias": "chn", "Startup Cost": 10000000000.0, "Total Cost": 1000012987545.51, "Plan Rows": 3140338, "Plan Width": 20}]}]}, {"Node Type": "Hash", "Parent Relationship": "Inner", "Startup Cost": 1000000000829.5, "Total Cost": 1000000000829.5, "Plan Rows": 3, "Plan Width": 4, "Plans": [{"Node Type": "Index Only Scan", "Parent Relationship": "Outer", "Scan Direction": "Forward", "Index Name": "company_type_pkey", "Relation Name": "company_type", "Alias": "ct", "Startup Cost": 10000000000.0, "Total Cost": 1000000000829.5, "Plan Rows": 3, "Plan Width": 4}]}]}]}, "Unique SQL Id": 2933943827, "Planner Runtime": 11}, "explain_analyze_plan": null}, "(1, 108)": {"explain_plan": {"Plan": {"Node Type": "Aggregate", "Strategy": "Plain", "Startup Cost": 19914.67, "Total Cost": 19914.68, "Plan Rows": 1, "Plan Width": 97, "Plans": [{"Node Type": "Nested Loop", "Parent Relationship": "Outer", "Join Type": "Inner", "Startup Cost": 0.0, "Total Cost": 19914.66, "Plan Rows": 2, "Plan Width": 33, "Inner Unique": true, "Plans": [{"Node Type": "Nested Loop", "Parent Relationship": "Outer", "Join Type": "Inner", "Startup Cost": 0.0, "Total Cost": 19914.1, "Plan Rows": 2, "Plan Width": 37, "Inner Unique": true, "Plans": [{"Node Type": "Nested Loop", "Parent Relationship": "Outer", "Join Type": "Inner", "Startup Cost": 0.0, "Total Cost": 19887.22, "Plan Rows": 5, "Plan Width": 25, "Inner Unique": true, "Plans": [{"Node Type": "Nested Loop", "Parent Relationship": "Outer", "Join Type": "Inner", "Startup Cost": 0.0, "Total Cost": 19885.12, "Plan Rows": 6, "Plan Width": 16, "Inner Unique": true, "Plans": [{"Node Type": "Nested Loop", "Parent Relationship": "Outer", "Join Type": "Inner", "Startup Cost": 0.0, "Total Cost": 19865.87, "Plan Rows": 68, "Plan Width": 20, "Inner Unique": false, "Plans": [{"Node Type": "Nested Loop", "Parent Relationship": "Outer", "Join Type": "Inner", "Startup Cost": 0.0, "Total Cost": 16121.55, "Plan Rows": 3779, "Plan Width": 8, "Inner Unique": false, "Plans": [{"Node Type": "Seq Scan", "Parent Relationship": "Outer", "Relation Name": "company_name", "Alias": "cn", "Startup Cost": 0.0, "Total Cost": 5903.45, "Plan Rows": 251, "Plan Width": 4, "Filter": "((country_code)::text = '[ru]'::text)"}, {"Node Type": "Index Scan", "Parent Relationship": "Inner", "Scan Direction": "Forward", "Index Name": "company_id_movie_companies", "Relation Name": "movie_companies", "Alias": "mc", "Startup Cost": 0.0, "Total Cost": 40.56, "Plan Rows": 15, "Plan Width": 12, "Index Cond": "(company_id = cn.id)"}]}, {"Node Type": "Index Scan", "Parent Relationship": "Inner", "Scan Direction": "Forward", "Index Name": "movie_id_cast_info", "Relation Name": "cast_info", "Alias": "ci", "Startup Cost": 0.0, "Total Cost": 0.98, "Plan Rows": 1, "Plan Width": 12, "Index Cond": "(movie_id = mc.movie_id)", "Filter": "(((note)::text ~~ '%(voice)%'::text) AND ((note)::text ~~ '%(uncredited)%'::text))"}]}, {"Node Type": "Index Scan", "Parent Relationship": "Inner", "Scan Direction": "Forward", "Index Name": "role_type_pkey", "Relation Name": "role_type", "Alias": "rt", "Startup Cost": 0.0, "Total Cost": 0.27, "Plan Rows": 1, "Plan Width": 4, "Index Cond": "(id = ci.role_id)", "Filter": "((role)::text = 'actor'::text)"}]}, {"Node Type": "Index Scan", "Parent Relationship": "Inner", "Scan Direction": "Forward", "Index Name": "title_pkey", "Relation Name": "title", "Alias": "t", "Startup Cost": 0.0, "Total Cost": 0.34, "Plan Rows": 1, "Plan Width": 21, "Index Cond": "(id = mc.movie_id)", "Filter": "(production_year > 2005)"}]}, {"Node Type": "Index Scan", "Parent Relationship": "Inner", "Scan Direction": "Forward", "Index Name": "char_name_pkey", "Relation Name": "char_name", "Alias": "chn", "Startup Cost": 0.0, "Total Cost": 5.37, "Plan Rows": 1, "Plan Width": 20, "Index Cond": "(id = ci.person_role_id)"}]}, {"Node Type": "Index Scan", "Parent Relationship": "Inner", "Scan Direction": "Forward", "Index Name": "company_type_pkey", "Relation Name": "company_type", "Alias": "ct", "Startup Cost": 0.0, "Total Cost": 0.27, "Plan Rows": 1, "Plan Width": 4, "Index Cond": "(id = mc.company_type_id)"}]}]}, "Unique SQL Id": 2933943827, "Planner Runtime": 6}, "explain_analyze_plan": {"Plan": {"Node Type": "Aggregate", "Strategy": "Plain", "Startup Cost": 19914.67, "Total Cost": 19914.68, "Plan Rows": 1, "Plan Width": 97, "Actual Startup Time": 757.672, "Actual Total Time": 757.672, "Actual Rows": 1, "Actual Loops": 1, "Plans": [{"Node Type": "Nested Loop", "Parent Relationship": "Outer", "Join Type": "Inner", "Startup Cost": 0.0, "Total Cost": 19914.66, "Plan Rows": 2, "Plan Width": 33, "Actual Startup Time": 42.937, "Actual Total Time": 757.571, "Actual Rows": 18, "Actual Loops": 1, "Inner Unique": true, "Plans": [{"Node Type": "Nested Loop", "Parent Relationship": "Outer", "Join Type": "Inner", "Startup Cost": 0.0, "Total Cost": 19914.1, "Plan Rows": 2, "Plan Width": 37, "Actual Startup Time": 9.161, "Actual Total Time": 757.312, "Actual Rows": 104, "Actual Loops": 1, "Inner Unique": true, "Plans": [{"Node Type": "Nested Loop", "Parent Relationship": "Outer", "Join Type": "Inner", "Startup Cost": 0.0, "Total Cost": 19887.22, "Plan Rows": 5, "Plan Width": 25, "Actual Startup Time": 9.148, "Actual Total Time": 756.435, "Actual Rows": 112, "Actual Loops": 1, "Inner Unique": true, "Plans": [{"Node Type": "Nested Loop", "Parent Relationship": "Outer", "Join Type": "Inner", "Startup Cost": 0.0, "Total Cost": 19885.12, "Plan Rows": 6, "Plan Width": 16, "Actual Startup Time": 0.826, "Actual Total Time": 754.469, "Actual Rows": 275, "Actual Loops": 1, "Inner Unique": true, "Plans": [{"Node Type": "Nested Loop", "Parent Relationship": "Outer", "Join Type": "Inner", "Startup Cost": 0.0, "Total Cost": 19865.87, "Plan Rows": 68, "Plan Width": 20, "Actual Startup Time": 0.82, "Actual Total Time": 752.836, "Actual Rows": 377, "Actual Loops": 1, "Inner Unique": false, "Plans": [{"Node Type": "Nested Loop", "Parent Relationship": "Outer", "Join Type": "Inner", "Startup Cost": 0.0, "Total Cost": 16121.55, "Plan Rows": 3779, "Plan Width": 8, "Actual Startup Time": 0.073, "Actual Total Time": 101.541, "Actual Rows": 8790, "Actual Loops": 1, "Inner Unique": false, "Plans": [{"Node Type": "Seq Scan", "Parent Relationship": "Outer", "Relation Name": "company_name", "Alias": "cn", "Startup Cost": 0.0, "Total Cost": 5903.45, "Plan Rows": 251, "Plan Width": 4, "Actual Startup Time": 0.052, "Actual Total Time": 80.138, "Actual Rows": 1361, "Actual Loops": 1, "Filter": "((country_code)::text = '[ru]'::text)", "Rows Removed by Filter": 233635}, {"Node Type": "Index Scan", "Parent Relationship": "Inner", "Scan Direction": "Forward", "Index Name": "company_id_movie_companies", "Relation Name": "movie_companies", "Alias": "mc", "Startup Cost": 0.0, "Total Cost": 40.56, "Plan Rows": 15, "Plan Width": 12, "Actual Startup Time": 8.029, "Actual Total Time": 18.171, "Actual Rows": 8790, "Actual Loops": 1361, "Index Cond": "(company_id = cn.id)", "Rows Removed by Index Recheck": 0}]}, {"Node Type": "Index Scan", "Parent Relationship": "Inner", "Scan Direction": "Forward", "Index Name": "movie_id_cast_info", "Relation Name": "cast_info", "Alias": "ci", "Startup Cost": 0.0, "Total Cost": 0.98, "Plan Rows": 1, "Plan Width": 12, "Actual Startup Time": 608.51, "Actual Total Time": 646.047, "Actual Rows": 377, "Actual Loops": 8790, "Index Cond": "(movie_id = mc.movie_id)", "Rows Removed by Index Recheck": 0, "Filter": "(((note)::text ~~ '%(voice)%'::text) AND ((note)::text ~~ '%(uncredited)%'::text))", "Rows Removed by Filter": 408168}]}, {"Node Type": "Index Scan", "Parent Relationship": "Inner", "Scan Direction": "Forward", "Index Name": "role_type_pkey", "Relation Name": "role_type", "Alias": "rt", "Startup Cost": 0.0, "Total Cost": 0.27, "Plan Rows": 1, "Plan Width": 4, "Actual Startup Time": 1.123, "Actual Total Time": 1.123, "Actual Rows": 275, "Actual Loops": 377, "Index Cond": "(id = ci.role_id)", "Rows Removed by Index Recheck": 0, "Filter": "((role)::text = 'actor'::text)", "Rows Removed by Filter": 102}]}, {"Node Type": "Index Scan", "Parent Relationship": "Inner", "Scan Direction": "Forward", "Index Name": "title_pkey", "Relation Name": "title", "Alias": "t", "Startup Cost": 0.0, "Total Cost": 0.34, "Plan Rows": 1, "Plan Width": 21, "Actual Startup Time": 1.592, "Actual Total Time": 1.592, "Actual Rows": 112, "Actual Loops": 275, "Index Cond": "(id = mc.movie_id)", "Rows Removed by Index Recheck": 0, "Filter": "(production_year > 2005)", "Rows Removed by Filter": 163}]}, {"Node Type": "Index Scan", "Parent Relationship": "Inner", "Scan Direction": "Forward", "Index Name": "char_name_pkey", "Relation Name": "char_name", "Alias": "chn", "Startup Cost": 0.0, "Total Cost": 5.37, "Plan Rows": 1, "Plan Width": 20, "Actual Startup Time": 0.647, "Actual Total Time": 0.647, "Actual Rows": 104, "Actual Loops": 112, "Index Cond": "(id = ci.person_role_id)", "Rows Removed by Index Recheck": 0}]}, {"Node Type": "Index Scan", "Parent Relationship": "Inner", "Scan Direction": "Forward", "Index Name": "company_type_pkey", "Relation Name": "company_type", "Alias": "ct", "Startup Cost": 0.0, "Total Cost": 0.27, "Plan Rows": 1, "Plan Width": 4, "Actual Startup Time": 0.137, "Actual Total Time": 0.137, "Actual Rows": 18, "Actual Loops": 104, "Index Cond": "(id = mc.company_type_id)", "Rows Removed by Index Recheck": 0}]}]}, "Triggers": [], "Planner Runtime": 6, "Total Runtime": 758.022, "Unique SQL Id": 2933943827}}, "(1, 109)": {"explain_plan": {"Plan": {"Node Type": "Aggregate", "Strategy": "Plain", "Startup Cost": 24512.61, "Total Cost": 24512.62, "Plan Rows": 1, "Plan Width": 97, "Plans": [{"Node Type": "Nested Loop", "Parent Relationship": "Outer", "Join Type": "Inner", "Startup Cost": 0.0, "Total Cost": 24512.6, "Plan Rows": 2, "Plan Width": 33, "Inner Unique": true, "Plans": [{"Node Type": "Nested Loop", "Parent Relationship": "Outer", "Join Type": "Inner", "Startup Cost": 0.0, "Total Cost": 24512.04, "Plan Rows": 2, "Plan Width": 37, "Inner Unique": true, "Plans": [{"Node Type": "Nested Loop", "Parent Relationship": "Outer", "Join Type": "Inner", "Startup Cost": 0.0, "Total Cost": 24485.16, "Plan Rows": 5, "Plan Width": 25, "Inner Unique": true, "Plans": [{"Node Type": "Nested Loop", "Parent Relationship": "Outer", "Join Type": "Inner", "Startup Cost": 0.0, "Total Cost": 24483.05, "Plan Rows": 6, "Plan Width": 16, "Inner Unique": true, "Plans": [{"Node Type": "Nested Loop", "Parent Relationship": "Outer", "Join Type": "Inner", "Startup Cost": 0.0, "Total Cost": 24463.81, "Plan Rows": 68, "Plan Width": 20, "Inner Unique": false, "Plans": [{"Node Type": "Nested Loop", "Parent Relationship": "Outer", "Join Type": "Inner", "Startup Cost": 0.0, "Total Cost": 20719.49, "Plan Rows": 3779, "Plan Width": 8, "Inner Unique": false, "Plans": [{"Node Type": "Index Scan", "Parent Relationship": "Outer", "Scan Direction": "Forward", "Index Name": "company_name_pkey", "Relation Name": "company_name", "Alias": "cn", "Startup Cost": 0.0, "Total Cost": 10501.39, "Plan Rows": 251, "Plan Width": 4, "Filter": "((country_code)::text = '[ru]'::text)"}, {"Node Type": "Index Scan", "Parent Relationship": "Inner", "Scan Direction": "Forward", "Index Name": "company_id_movie_companies", "Relation Name": "movie_companies", "Alias": "mc", "Startup Cost": 0.0, "Total Cost": 40.56, "Plan Rows": 15, "Plan Width": 12, "Index Cond": "(company_id = cn.id)"}]}, {"Node Type": "Index Scan", "Parent Relationship": "Inner", "Scan Direction": "Forward", "Index Name": "movie_id_cast_info", "Relation Name": "cast_info", "Alias": "ci", "Startup Cost": 0.0, "Total Cost": 0.98, "Plan Rows": 1, "Plan Width": 12, "Index Cond": "(movie_id = mc.movie_id)", "Filter": "(((note)::text ~~ '%(voice)%'::text) AND ((note)::text ~~ '%(uncredited)%'::text))"}]}, {"Node Type": "Index Scan", "Parent Relationship": "Inner", "Scan Direction": "Forward", "Index Name": "role_type_pkey", "Relation Name": "role_type", "Alias": "rt", "Startup Cost": 0.0, "Total Cost": 0.27, "Plan Rows": 1, "Plan Width": 4, "Index Cond": "(id = ci.role_id)", "Filter": "((role)::text = 'actor'::text)"}]}, {"Node Type": "Index Scan", "Parent Relationship": "Inner", "Scan Direction": "Forward", "Index Name": "title_pkey", "Relation Name": "title", "Alias": "t", "Startup Cost": 0.0, "Total Cost": 0.34, "Plan Rows": 1, "Plan Width": 21, "Index Cond": "(id = mc.movie_id)", "Filter": "(production_year > 2005)"}]}, {"Node Type": "Index Scan", "Parent Relationship": "Inner", "Scan Direction": "Forward", "Index Name": "char_name_pkey", "Relation Name": "char_name", "Alias": "chn", "Startup Cost": 0.0, "Total Cost": 5.37, "Plan Rows": 1, "Plan Width": 20, "Index Cond": "(id = ci.person_role_id)"}]}, {"Node Type": "Index Scan", "Parent Relationship": "Inner", "Scan Direction": "Forward", "Index Name": "company_type_pkey", "Relation Name": "company_type", "Alias": "ct", "Startup Cost": 0.0, "Total Cost": 0.27, "Plan Rows": 1, "Plan Width": 4, "Index Cond": "(id = mc.company_type_id)"}]}]}, "Unique SQL Id": 2933943827, "Planner Runtime": 4}, "explain_analyze_plan": {"Plan": {"Node Type": "Aggregate", "Strategy": "Plain", "Startup Cost": 24512.61, "Total Cost": 24512.62, "Plan Rows": 1, "Plan Width": 97, "Actual Startup Time": 1004.411, "Actual Total Time": 1004.411, "Actual Rows": 1, "Actual Loops": 1, "Plans": [{"Node Type": "Nested Loop", "Parent Relationship": "Outer", "Join Type": "Inner", "Startup Cost": 0.0, "Total Cost": 24512.6, "Plan Rows": 2, "Plan Width": 33, "Actual Startup Time": 25.279, "Actual Total Time": 1004.303, "Actual Rows": 18, "Actual Loops": 1, "Inner Unique": true, "Plans": [{"Node Type": "Nested Loop", "Parent Relationship": "Outer", "Join Type": "Inner", "Startup Cost": 0.0, "Total Cost": 24512.04, "Plan Rows": 2, "Plan Width": 37, "Actual Startup Time": 19.269, "Actual Total Time": 1004.035, "Actual Rows": 104, "Actual Loops": 1, "Inner Unique": true, "Plans": [{"Node Type": "Nested Loop", "Parent Relationship": "Outer", "Join Type": "Inner", "Startup Cost": 0.0, "Total Cost": 24485.16, "Plan Rows": 5, "Plan Width": 25, "Actual Startup Time": 19.259, "Actual Total Time": 1003.163, "Actual Rows": 112, "Actual Loops": 1, "Inner Unique": true, "Plans": [{"Node Type": "Nested Loop", "Parent Relationship": "Outer", "Join Type": "Inner", "Startup Cost": 0.0, "Total Cost": 24483.05, "Plan Rows": 6, "Plan Width": 16, "Actual Startup Time": 5.142, "Actual Total Time": 1001.081, "Actual Rows": 275, "Actual Loops": 1, "Inner Unique": true, "Plans": [{"Node Type": "Nested Loop", "Parent Relationship": "Outer", "Join Type": "Inner", "Startup Cost": 0.0, "Total Cost": 24463.81, "Plan Rows": 68, "Plan Width": 20, "Actual Startup Time": 5.13, "Actual Total Time": 999.331, "Actual Rows": 377, "Actual Loops": 1, "Inner Unique": false, "Plans": [{"Node Type": "Nested Loop", "Parent Relationship": "Outer", "Join Type": "Inner", "Startup Cost": 0.0, "Total Cost": 20719.49, "Plan Rows": 3779, "Plan Width": 8, "Actual Startup Time": 0.394, "Actual Total Time": 325.444, "Actual Rows": 8790, "Actual Loops": 1, "Inner Unique": false, "Plans": [{"Node Type": "Index Scan", "Parent Relationship": "Outer", "Scan Direction": "Forward", "Index Name": "company_name_pkey", "Relation Name": "company_name", "Alias": "cn", "Startup Cost": 0.0, "Total Cost": 10501.39, "Plan Rows": 251, "Plan Width": 4, "Actual Startup Time": 0.378, "Actual Total Time": 303.349, "Actual Rows": 1361, "Actual Loops": 1, "Filter": "((country_code)::text = '[ru]'::text)", "Rows Removed by Filter": 233635}, {"Node Type": "Index Scan", "Parent Relationship": "Inner", "Scan Direction": "Forward", "Index Name": "company_id_movie_companies", "Relation Name": "movie_companies", "Alias": "mc", "Startup Cost": 0.0, "Total Cost": 40.56, "Plan Rows": 15, "Plan Width": 12, "Actual Startup Time": 7.85, "Actual Total Time": 18.573, "Actual Rows": 8790, "Actual Loops": 1361, "Index Cond": "(company_id = cn.id)", "Rows Removed by Index Recheck": 0}]}, {"Node Type": "Index Scan", "Parent Relationship": "Inner", "Scan Direction": "Forward", "Index Name": "movie_id_cast_info", "Relation Name": "cast_info", "Alias": "ci", "Startup Cost": 0.0, "Total Cost": 0.98, "Plan Rows": 1, "Plan Width": 12, "Actual Startup Time": 630.04, "Actual Total Time": 668.227, "Actual Rows": 377, "Actual Loops": 8790, "Index Cond": "(movie_id = mc.movie_id)", "Rows Removed by Index Recheck": 0, "Filter": "(((note)::text ~~ '%(voice)%'::text) AND ((note)::text ~~ '%(uncredited)%'::text))", "Rows Removed by Filter": 408168}]}, {"Node Type": "Index Scan", "Parent Relationship": "Inner", "Scan Direction": "Forward", "Index Name": "role_type_pkey", "Relation Name": "role_type", "Alias": "rt", "Startup Cost": 0.0, "Total Cost": 0.27, "Plan Rows": 1, "Plan Width": 4, "Actual Startup Time": 1.198, "Actual Total Time": 1.198, "Actual Rows": 275, "Actual Loops": 377, "Index Cond": "(id = ci.role_id)", "Rows Removed by Index Recheck": 0, "Filter": "((role)::text = 'actor'::text)", "Rows Removed by Filter": 102}]}, {"Node Type": "Index Scan", "Parent Relationship": "Inner", "Scan Direction": "Forward", "Index Name": "title_pkey", "Relation Name": "title", "Alias": "t", "Startup Cost": 0.0, "Total Cost": 0.34, "Plan Rows": 1, "Plan Width": 21, "Actual Startup Time": 1.703, "Actual Total Time": 1.703, "Actual Rows": 112, "Actual Loops": 275, "Index Cond": "(id = mc.movie_id)", "Rows Removed by Index Recheck": 0, "Filter": "(production_year > 2005)", "Rows Removed by Filter": 163}]}, {"Node Type": "Index Scan", "Parent Relationship": "Inner", "Scan Direction": "Forward", "Index Name": "char_name_pkey", "Relation Name": "char_name", "Alias": "chn", "Startup Cost": 0.0, "Total Cost": 5.37, "Plan Rows": 1, "Plan Width": 20, "Actual Startup Time": 0.641, "Actual Total Time": 0.641, "Actual Rows": 104, "Actual Loops": 112, "Index Cond": "(id = ci.person_role_id)", "Rows Removed by Index Recheck": 0}]}, {"Node Type": "Index Scan", "Parent Relationship": "Inner", "Scan Direction": "Forward", "Index Name": "company_type_pkey", "Relation Name": "company_type", "Alias": "ct", "Startup Cost": 0.0, "Total Cost": 0.27, "Plan Rows": 1, "Plan Width": 4, "Actual Startup Time": 0.131, "Actual Total Time": 0.131, "Actual Rows": 18, "Actual Loops": 104, "Index Cond": "(id = mc.company_type_id)", "Rows Removed by Index Recheck": 0}]}]}, "Triggers": [], "Planner Runtime": 4, "Total Runtime": 1004.765, "Unique SQL Id": 2933943827}}, "(1, 110)": {"explain_plan": {"Plan": {"Node Type": "Aggregate", "Strategy": "Plain", "Startup Cost": 1006119.77, "Total Cost": 1006119.78, "Plan Rows": 1, "Plan Width": 97, "Plans": [{"Node Type": "Hash Join", "Parent Relationship": "Outer", "Join Type": "Inner", "Startup Cost": 911148.38, "Total Cost": 1006119.76, "Plan Rows": 2, "Plan Width": 33, "Inner Unique": true, "Hash Cond": "(mc.company_type_id = ct.id)", "Plans": [{"Node Type": "Hash Join", "Parent Relationship": "Outer", "Join Type": "Inner", "Startup Cost": 911147.31, "Total Cost": 1006118.67, "Plan Rows": 2, "Plan Width": 37, "Inner Unique": false, "Hash Cond": "(chn.id = ci.person_role_id)", "Plans": [{"Node Type": "Seq Scan", "Parent Relationship": "Outer", "Relation Name": "char_name", "Alias": "chn", "Startup Cost": 0.0, "Total Cost": 67493.38, "Plan Rows": 3140338, "Plan Width": 20}, {"Node Type": "Hash", "Parent Relationship": "Inner", "Startup Cost": 911147.25, "Total Cost": 911147.25, "Plan Rows": 5, "Plan Width": 25, "Plans": [{"Node Type": "Hash Join", "Parent Relationship": "Outer", "Join Type": "Inner", "Startup Cost": 127887.98, "Total Cost": 911147.25, "Plan Rows": 5, "Plan Width": 25, "Inner Unique": false, "Hash Cond": "(ci.movie_id = t.id)", "Plans": [{"Node Type": "Hash Join", "Parent Relationship": "Outer", "Join Type": "Inner", "Startup Cost": 1.16, "Total Cost": 783252.72, "Plan Rows": 2027, "Plan Width": 8, "Inner Unique": true, "Hash Cond": "(ci.role_id = rt.id)", "Plans": [{"Node Type": "Seq Scan", "Parent Relationship": "Outer", "Relation Name": "cast_info", "Alias": "ci", "Startup Cost": 0.0, "Total Cost": 783175.41, "Plan Rows": 22295, "Plan Width": 12, "Filter": "(((note)::text ~~ '%(voice)%'::text) AND ((note)::text ~~ '%(uncredited)%'::text))"}, {"Node Type": "Hash", "Parent Relationship": "Inner", "Startup Cost": 1.15, "Total Cost": 1.15, "Plan Rows": 1, "Plan Width": 4, "Plans": [{"Node Type": "Seq Scan", "Parent Relationship": "Outer", "Relation Name": "role_type", "Alias": "rt", "Startup Cost": 0.0, "Total Cost": 1.15, "Plan Rows": 1, "Plan Width": 4, "Filter": "((role)::text = 'actor'::text)"}]}]}, {"Node Type": "Hash", "Parent Relationship": "Inner", "Startup Cost": 127829.48, "Total Cost": 127829.48, "Plan Rows": 4587, "Plan Width": 29, "Plans": [{"Node Type": "Hash Join", "Parent Relationship": "Outer", "Join Type": "Inner", "Startup Cost": 57593.12, "Total Cost": 127829.48, "Plan Rows": 4587, "Plan Width": 29, "Inner Unique": false, "Hash Cond": "(t.id = mc.movie_id)", "Plans": [{"Node Type": "Seq Scan", "Parent Relationship": "Outer", "Relation Name": "title", "Alias": "t", "Startup Cost": 0.0, "Total Cost": 66389.89, "Plan Rows": 1013492, "Plan Width": 21, "Filter": "(production_year > 2005), (LLVM Optimized)"}, {"Node Type": "Hash", "Parent Relationship": "Inner", "Startup Cost": 57545.89, "Total Cost": 57545.89, "Plan Rows": 3779, "Plan Width": 8, "Plans": [{"Node Type": "Hash Join", "Parent Relationship": "Outer", "Join Type": "Inner", "Startup Cost": 5906.59, "Total Cost": 57545.89, "Plan Rows": 3779, "Plan Width": 8, "Inner Unique": true, "Hash Cond": "(mc.company_id = cn.id)", "Plans": [{"Node Type": "Seq Scan", "Parent Relationship": "Outer", "Relation Name": "movie_companies", "Alias": "mc", "Startup Cost": 0.0, "Total Cost": 41817.28, "Plan Rows": 2609128, "Plan Width": 12}, {"Node Type": "Hash", "Parent Relationship": "Inner", "Startup Cost": 5903.45, "Total Cost": 5903.45, "Plan Rows": 251, "Plan Width": 4, "Plans": [{"Node Type": "Seq Scan", "Parent Relationship": "Outer", "Relation Name": "company_name", "Alias": "cn", "Startup Cost": 0.0, "Total Cost": 5903.45, "Plan Rows": 251, "Plan Width": 4, "Filter": "((country_code)::text = '[ru]'::text)"}]}]}]}]}]}]}]}]}, {"Node Type": "Hash", "Parent Relationship": "Inner", "Startup Cost": 1.03, "Total Cost": 1.03, "Plan Rows": 3, "Plan Width": 4, "Plans": [{"Node Type": "Seq Scan", "Parent Relationship": "Outer", "Relation Name": "company_type", "Alias": "ct", "Startup Cost": 0.0, "Total Cost": 1.03, "Plan Rows": 3, "Plan Width": 4}]}]}]}, "Unique SQL Id": 2933943827, "Planner Runtime": 9}, "explain_analyze_plan": null}, "(1, 111)": {"explain_plan": {"Plan": {"Node Type": "Aggregate", "Strategy": "Plain", "Startup Cost": 7000050547982.2, "Total Cost": 7000050547982.21, "Plan Rows": 1, "Plan Width": 97, "Plans": [{"Node Type": "Hash Join", "Parent Relationship": "Outer", "Join Type": "Inner", "Startup Cost": 5020035054288.1, "Total Cost": 7000050547982.19, "Plan Rows": 2, "Plan Width": 33, "Inner Unique": true, "Hash Cond": "(mc.company_type_id = ct.id)", "Plans": [{"Node Type": "Hash Join", "Parent Relationship": "Outer", "Join Type": "Inner", "Startup Cost": 4020035053058.56, "Total Cost": 6000050546752.6, "Plan Rows": 4, "Plan Width": 37, "Inner Unique": true, "Hash Cond": "(ci.person_role_id = chn.id)", "Plans": [{"Node Type": "Hash Join", "Parent Relationship": "Outer", "Join Type": "Inner", "Startup Cost": 3020022026258.83, "Total Cost": 5000037519952.81, "Plan Rows": 7, "Plan Width": 25, "Inner Unique": false, "Hash Cond": "(ci.movie_id = t.id)", "Plans": [{"Node Type": "Nested Loop", "Parent Relationship": "Outer", "Join Type": "Inner", "Startup Cost": 20000000000.0, "Total Cost": 2000015493686.27, "Plan Rows": 2027, "Plan Width": 8, "Inner Unique": false, "Plans": [{"Node Type": "Index Scan", "Parent Relationship": "Outer", "Scan Direction": "Forward", "Index Name": "role_type_pkey", "Relation Name": "role_type", "Alias": "rt", "Startup Cost": 10000000000.0, "Total Cost": 1000000001246.0, "Plan Rows": 1, "Plan Width": 4, "Filter": "((role)::text = 'actor'::text)"}, {"Node Type": "Index Scan", "Parent Relationship": "Inner", "Scan Direction": "Forward", "Index Name": "role_id_cast_info", "Relation Name": "cast_info", "Alias": "ci", "Startup Cost": 10000000000.0, "Total Cost": 1000015492420.0, "Plan Rows": 2027, "Plan Width": 12, "Index Cond": "(role_id = rt.id)", "Filter": "(((note)::text ~~ '%(voice)%'::text) AND ((note)::text ~~ '%(uncredited)%'::text))"}]}, {"Node Type": "Hash", "Parent Relationship": "Inner", "Startup Cost": 3000022026201.49, "Total Cost": 3000022026201.49, "Plan Rows": 4587, "Plan Width": 29, "Plans": [{"Node Type": "Hash Join", "Parent Relationship": "Outer", "Join Type": "Inner", "Startup Cost": 2010010378228.36, "Total Cost": 3000022026201.49, "Plan Rows": 4587, "Plan Width": 29, "Inner Unique": false, "Hash Cond": "(t.id = mc.movie_id)", "Plans": [{"Node Type": "Index Scan", "Parent Relationship": "Outer", "Scan Direction": "Forward", "Index Name": "title_pkey", "Relation Name": "title", "Alias": "t", "Startup Cost": 10000000000.0, "Total Cost": 1000011644126.66, "Plan Rows": 1013492, "Plan Width": 21, "Filter": "(production_year > 2005), (LLVM Optimized)"}, {"Node Type": "Hash", "Parent Relationship": "Inner", "Startup Cost": 2000010378181.13, "Total Cost": 2000010378181.13, "Plan Rows": 3779, "Plan Width": 8, "Plans": [{"Node Type": "Hash Join", "Parent Relationship": "Outer", "Join Type": "Inner", "Startup Cost": 1010001050142.11, "Total Cost": 2000010378181.13, "Plan Rows": 3779, "Plan Width": 8, "Inner Unique": true, "Hash Cond": "(mc.company_id = cn.id)", "Plans": [{"Node Type": "Index Scan", "Parent Relationship": "Outer", "Scan Direction": "Forward", "Index Name": "company_type_id_movie_companies", "Relation Name": "movie_companies", "Alias": "mc", "Startup Cost": 10000000000.0, "Total Cost": 1000009318217.0, "Plan Rows": 2609128, "Plan Width": 12}, {"Node Type": "Hash", "Parent Relationship": "Inner", "Startup Cost": 1000001050138.97, "Total Cost": 1000001050138.97, "Plan Rows": 251, "Plan Width": 4, "Plans": [{"Node Type": "Index Scan", "Parent Relationship": "Outer", "Scan Direction": "Forward", "Index Name": "company_name_pkey", "Relation Name": "company_name", "Alias": "cn", "Startup Cost": 10000000000.0, "Total Cost": 1000001050138.97, "Plan Rows": 251, "Plan Width": 4, "Filter": "((country_code)::text = '[ru]'::text)"}]}]}]}]}]}]}, {"Node Type": "Hash", "Parent Relationship": "Inner", "Startup Cost": 1000012987545.51, "Total Cost": 1000012987545.51, "Plan Rows": 3140338, "Plan Width": 20, "Plans": [{"Node Type": "Index Scan", "Parent Relationship": "Outer", "Scan Direction": "Forward", "Index Name": "char_name_pkey", "Relation Name": "char_name", "Alias": "chn", "Startup Cost": 10000000000.0, "Total Cost": 1000012987545.51, "Plan Rows": 3140338, "Plan Width": 20}]}]}, {"Node Type": "Hash", "Parent Relationship": "Inner", "Startup Cost": 1000000001229.5, "Total Cost": 1000000001229.5, "Plan Rows": 3, "Plan Width": 4, "Plans": [{"Node Type": "Index Scan", "Parent Relationship": "Outer", "Scan Direction": "Forward", "Index Name": "company_type_pkey", "Relation Name": "company_type", "Alias": "ct", "Startup Cost": 10000000000.0, "Total Cost": 1000000001229.5, "Plan Rows": 3, "Plan Width": 4}]}]}]}, "Unique SQL Id": 2933943827, "Planner Runtime": 11}, "explain_analyze_plan": null}, "(1, 112)": {"explain_plan": {"Plan": {"Node Type": "Aggregate", "Strategy": "Plain", "Startup Cost": 19897.43, "Total Cost": 19897.44, "Plan Rows": 1, "Plan Width": 97, "Plans": [{"Node Type": "Nested Loop", "Parent Relationship": "Outer", "Join Type": "Inner", "Startup Cost": 0.0, "Total Cost": 19897.42, "Plan Rows": 2, "Plan Width": 33, "Inner Unique": true, "Plans": [{"Node Type": "Nested Loop", "Parent Relationship": "Outer", "Join Type": "Inner", "Startup Cost": 0.0, "Total Cost": 19896.86, "Plan Rows": 2, "Plan Width": 37, "Inner Unique": true, "Plans": [{"Node Type": "Nested Loop", "Parent Relationship": "Outer", "Join Type": "Inner", "Startup Cost": 0.0, "Total Cost": 19869.97, "Plan Rows": 5, "Plan Width": 25, "Inner Unique": true, "Plans": [{"Node Type": "Nested Loop", "Parent Relationship": "Outer", "Join Type": "Inner", "Startup Cost": 0.0, "Total Cost": 19867.87, "Plan Rows": 6, "Plan Width": 16, "Inner Unique": false, "Join Filter": "(ci.role_id = rt.id)", "Plans": [{"Node Type": "Seq Scan", "Parent Relationship": "Outer", "Relation Name": "role_type", "Alias": "rt", "Startup Cost": 0.0, "Total Cost": 1.15, "Plan Rows": 1, "Plan Width": 4, "Filter": "((role)::text = 'actor'::text)"}, {"Node Type": "Nested Loop", "Parent Relationship": "Inner", "Join Type": "Inner", "Startup Cost": 0.0, "Total Cost": 19865.87, "Plan Rows": 68, "Plan Width": 20, "Inner Unique": false, "Plans": [{"Node Type": "Nested Loop", "Parent Relationship": "Outer", "Join Type": "Inner", "Startup Cost": 0.0, "Total Cost": 16121.55, "Plan Rows": 3779, "Plan Width": 8, "Inner Unique": false, "Plans": [{"Node Type": "Seq Scan", "Parent Relationship": "Outer", "Relation Name": "company_name", "Alias": "cn", "Startup Cost": 0.0, "Total Cost": 5903.45, "Plan Rows": 251, "Plan Width": 4, "Filter": "((country_code)::text = '[ru]'::text)"}, {"Node Type": "Index Scan", "Parent Relationship": "Inner", "Scan Direction": "Forward", "Index Name": "company_id_movie_companies", "Relation Name": "movie_companies", "Alias": "mc", "Startup Cost": 0.0, "Total Cost": 40.56, "Plan Rows": 15, "Plan Width": 12, "Index Cond": "(company_id = cn.id)"}]}, {"Node Type": "Index Scan", "Parent Relationship": "Inner", "Scan Direction": "Forward", "Index Name": "movie_id_cast_info", "Relation Name": "cast_info", "Alias": "ci", "Startup Cost": 0.0, "Total Cost": 0.98, "Plan Rows": 1, "Plan Width": 12, "Index Cond": "(movie_id = mc.movie_id)", "Filter": "(((note)::text ~~ '%(voice)%'::text) AND ((note)::text ~~ '%(uncredited)%'::text))"}]}]}, {"Node Type": "Index Scan", "Parent Relationship": "Inner", "Scan Direction": "Forward", "Index Name": "title_pkey", "Relation Name": "title", "Alias": "t", "Startup Cost": 0.0, "Total Cost": 0.34, "Plan Rows": 1, "Plan Width": 21, "Index Cond": "(id = mc.movie_id)", "Filter": "(production_year > 2005)"}]}, {"Node Type": "Index Scan", "Parent Relationship": "Inner", "Scan Direction": "Forward", "Index Name": "char_name_pkey", "Relation Name": "char_name", "Alias": "chn", "Startup Cost": 0.0, "Total Cost": 5.37, "Plan Rows": 1, "Plan Width": 20, "Index Cond": "(id = ci.person_role_id)"}]}, {"Node Type": "Index Only Scan", "Parent Relationship": "Inner", "Scan Direction": "Forward", "Index Name": "company_type_pkey", "Relation Name": "company_type", "Alias": "ct", "Startup Cost": 0.0, "Total Cost": 0.27, "Plan Rows": 1, "Plan Width": 4, "Index Cond": "(id = mc.company_type_id)"}]}]}, "Unique SQL Id": 2933943827, "Planner Runtime": 4}, "explain_analyze_plan": {"Plan": {"Node Type": "Aggregate", "Strategy": "Plain", "Startup Cost": 19897.43, "Total Cost": 19897.44, "Plan Rows": 1, "Plan Width": 97, "Actual Startup Time": 849.792, "Actual Total Time": 849.792, "Actual Rows": 1, "Actual Loops": 1, "Plans": [{"Node Type": "Nested Loop", "Parent Relationship": "Outer", "Join Type": "Inner", "Startup Cost": 0.0, "Total Cost": 19897.42, "Plan Rows": 2, "Plan Width": 33, "Actual Startup Time": 45.94, "Actual Total Time": 849.705, "Actual Rows": 18, "Actual Loops": 1, "Inner Unique": true, "Plans": [{"Node Type": "Nested Loop", "Parent Relationship": "Outer", "Join Type": "Inner", "Startup Cost": 0.0, "Total Cost": 19896.86, "Plan Rows": 2, "Plan Width": 37, "Actual Startup Time": 9.453, "Actual Total Time": 849.336, "Actual Rows": 104, "Actual Loops": 1, "Inner Unique": true, "Plans": [{"Node Type": "Nested Loop", "Parent Relationship": "Outer", "Join Type": "Inner", "Startup Cost": 0.0, "Total Cost": 19869.97, "Plan Rows": 5, "Plan Width": 25, "Actual Startup Time": 9.441, "Actual Total Time": 848.326, "Actual Rows": 112, "Actual Loops": 1, "Inner Unique": true, "Plans": [{"Node Type": "Nested Loop", "Parent Relationship": "Outer", "Join Type": "Inner", "Startup Cost": 0.0, "Total Cost": 19867.87, "Plan Rows": 6, "Plan Width": 16, "Actual Startup Time": 0.798, "Actual Total Time": 846.093, "Actual Rows": 275, "Actual Loops": 1, "Inner Unique": false, "Join Filter": "(ci.role_id = rt.id)", "Rows Removed by Join Filter": 102, "Plans": [{"Node Type": "Seq Scan", "Parent Relationship": "Outer", "Relation Name": "role_type", "Alias": "rt", "Startup Cost": 0.0, "Total Cost": 1.15, "Plan Rows": 1, "Plan Width": 4, "Actual Startup Time": 0.016, "Actual Total Time": 0.022, "Actual Rows": 1, "Actual Loops": 1, "Filter": "((role)::text = 'actor'::text)", "Rows Removed by Filter": 11}, {"Node Type": "Nested Loop", "Parent Relationship": "Inner", "Join Type": "Inner", "Startup Cost": 0.0, "Total Cost": 19865.87, "Plan Rows": 68, "Plan Width": 20, "Actual Startup Time": 0.763, "Actual Total Time": 845.809, "Actual Rows": 377, "Actual Loops": 1, "Inner Unique": false, "Plans": [{"Node Type": "Nested Loop", "Parent Relationship": "Outer", "Join Type": "Inner", "Startup Cost": 0.0, "Total Cost": 16121.55, "Plan Rows": 3779, "Plan Width": 8, "Actual Startup Time": 0.051, "Actual Total Time": 104.329, "Actual Rows": 8790, "Actual Loops": 1, "Inner Unique": false, "Plans": [{"Node Type": "Seq Scan", "Parent Relationship": "Outer", "Relation Name": "company_name", "Alias": "cn", "Startup Cost": 0.0, "Total Cost": 5903.45, "Plan Rows": 251, "Plan Width": 4, "Actual Startup Time": 0.034, "Actual Total Time": 81.103, "Actual Rows": 1361, "Actual Loops": 1, "Filter": "((country_code)::text = '[ru]'::text)", "Rows Removed by Filter": 233635}, {"Node Type": "Index Scan", "Parent Relationship": "Inner", "Scan Direction": "Forward", "Index Name": "company_id_movie_companies", "Relation Name": "movie_companies", "Alias": "mc", "Startup Cost": 0.0, "Total Cost": 40.56, "Plan Rows": 15, "Plan Width": 12, "Actual Startup Time": 8.58, "Actual Total Time": 20.037, "Actual Rows": 8790, "Actual Loops": 1361, "Index Cond": "(company_id = cn.id)", "Rows Removed by Index Recheck": 0}]}, {"Node Type": "Index Scan", "Parent Relationship": "Inner", "Scan Direction": "Forward", "Index Name": "movie_id_cast_info", "Relation Name": "cast_info", "Alias": "ci", "Startup Cost": 0.0, "Total Cost": 0.98, "Plan Rows": 1, "Plan Width": 12, "Actual Startup Time": 693.142, "Actual Total Time": 736.17, "Actual Rows": 377, "Actual Loops": 8790, "Index Cond": "(movie_id = mc.movie_id)", "Rows Removed by Index Recheck": 0, "Filter": "(((note)::text ~~ '%(voice)%'::text) AND ((note)::text ~~ '%(uncredited)%'::text))", "Rows Removed by Filter": 408168}]}]}, {"Node Type": "Index Scan", "Parent Relationship": "Inner", "Scan Direction": "Forward", "Index Name": "title_pkey", "Relation Name": "title", "Alias": "t", "Startup Cost": 0.0, "Total Cost": 0.34, "Plan Rows": 1, "Plan Width": 21, "Actual Startup Time": 1.815, "Actual Total Time": 1.815, "Actual Rows": 112, "Actual Loops": 275, "Index Cond": "(id = mc.movie_id)", "Rows Removed by Index Recheck": 0, "Filter": "(production_year > 2005)", "Rows Removed by Filter": 163}]}, {"Node Type": "Index Scan", "Parent Relationship": "Inner", "Scan Direction": "Forward", "Index Name": "char_name_pkey", "Relation Name": "char_name", "Alias": "chn", "Startup Cost": 0.0, "Total Cost": 5.37, "Plan Rows": 1, "Plan Width": 20, "Actual Startup Time": 0.744, "Actual Total Time": 0.744, "Actual Rows": 104, "Actual Loops": 112, "Index Cond": "(id = ci.person_role_id)", "Rows Removed by Index Recheck": 0}]}, {"Node Type": "Index Only Scan", "Parent Relationship": "Inner", "Scan Direction": "Forward", "Index Name": "company_type_pkey", "Relation Name": "company_type", "Alias": "ct", "Startup Cost": 0.0, "Total Cost": 0.27, "Plan Rows": 1, "Plan Width": 4, "Actual Startup Time": 0.203, "Actual Total Time": 0.203, "Actual Rows": 18, "Actual Loops": 104, "Index Cond": "(id = mc.company_type_id)", "Rows Removed by Index Recheck": 0, "Heap Fetches": 0}]}]}, "Triggers": [], "Planner Runtime": 3, "Total Runtime": 850.164, "Unique SQL Id": 2933943827}}, "(1, 113)": {"explain_plan": {"Plan": {"Node Type": "Aggregate", "Strategy": "Plain", "Startup Cost": 24506.67, "Total Cost": 24506.68, "Plan Rows": 1, "Plan Width": 97, "Plans": [{"Node Type": "Nested Loop", "Parent Relationship": "Outer", "Join Type": "Inner", "Startup Cost": 0.0, "Total Cost": 24506.66, "Plan Rows": 2, "Plan Width": 33, "Inner Unique": true, "Plans": [{"Node Type": "Nested Loop", "Parent Relationship": "Outer", "Join Type": "Inner", "Startup Cost": 0.0, "Total Cost": 24506.1, "Plan Rows": 2, "Plan Width": 37, "Inner Unique": true, "Plans": [{"Node Type": "Nested Loop", "Parent Relationship": "Outer", "Join Type": "Inner", "Startup Cost": 0.0, "Total Cost": 24479.22, "Plan Rows": 5, "Plan Width": 25, "Inner Unique": true, "Plans": [{"Node Type": "Nested Loop", "Parent Relationship": "Outer", "Join Type": "Inner", "Startup Cost": 0.0, "Total Cost": 24477.12, "Plan Rows": 6, "Plan Width": 16, "Inner Unique": false, "Join Filter": "(ci.role_id = rt.id)", "Plans": [{"Node Type": "Index Scan", "Parent Relationship": "Outer", "Scan Direction": "Forward", "Index Name": "role_type_pkey", "Relation Name": "role_type", "Alias": "rt", "Startup Cost": 0.0, "Total Cost": 12.46, "Plan Rows": 1, "Plan Width": 4, "Filter": "((role)::text = 'actor'::text)"}, {"Node Type": "Nested Loop", "Parent Relationship": "Inner", "Join Type": "Inner", "Startup Cost": 0.0, "Total Cost": 24463.81, "Plan Rows": 68, "Plan Width": 20, "Inner Unique": false, "Plans": [{"Node Type": "Nested Loop", "Parent Relationship": "Outer", "Join Type": "Inner", "Startup Cost": 0.0, "Total Cost": 20719.49, "Plan Rows": 3779, "Plan Width": 8, "Inner Unique": false, "Plans": [{"Node Type": "Index Scan", "Parent Relationship": "Outer", "Scan Direction": "Forward", "Index Name": "company_name_pkey", "Relation Name": "company_name", "Alias": "cn", "Startup Cost": 0.0, "Total Cost": 10501.39, "Plan Rows": 251, "Plan Width": 4, "Filter": "((country_code)::text = '[ru]'::text)"}, {"Node Type": "Index Scan", "Parent Relationship": "Inner", "Scan Direction": "Forward", "Index Name": "company_id_movie_companies", "Relation Name": "movie_companies", "Alias": "mc", "Startup Cost": 0.0, "Total Cost": 40.56, "Plan Rows": 15, "Plan Width": 12, "Index Cond": "(company_id = cn.id)"}]}, {"Node Type": "Index Scan", "Parent Relationship": "Inner", "Scan Direction": "Forward", "Index Name": "movie_id_cast_info", "Relation Name": "cast_info", "Alias": "ci", "Startup Cost": 0.0, "Total Cost": 0.98, "Plan Rows": 1, "Plan Width": 12, "Index Cond": "(movie_id = mc.movie_id)", "Filter": "(((note)::text ~~ '%(voice)%'::text) AND ((note)::text ~~ '%(uncredited)%'::text))"}]}]}, {"Node Type": "Index Scan", "Parent Relationship": "Inner", "Scan Direction": "Forward", "Index Name": "title_pkey", "Relation Name": "title", "Alias": "t", "Startup Cost": 0.0, "Total Cost": 0.34, "Plan Rows": 1, "Plan Width": 21, "Index Cond": "(id = mc.movie_id)", "Filter": "(production_year > 2005)"}]}, {"Node Type": "Index Scan", "Parent Relationship": "Inner", "Scan Direction": "Forward", "Index Name": "char_name_pkey", "Relation Name": "char_name", "Alias": "chn", "Startup Cost": 0.0, "Total Cost": 5.37, "Plan Rows": 1, "Plan Width": 20, "Index Cond": "(id = ci.person_role_id)"}]}, {"Node Type": "Index Only Scan", "Parent Relationship": "Inner", "Scan Direction": "Forward", "Index Name": "company_type_pkey", "Relation Name": "company_type", "Alias": "ct", "Startup Cost": 0.0, "Total Cost": 0.27, "Plan Rows": 1, "Plan Width": 4, "Index Cond": "(id = mc.company_type_id)"}]}]}, "Unique SQL Id": 2933943827, "Planner Runtime": 3}, "explain_analyze_plan": {"Plan": {"Node Type": "Aggregate", "Strategy": "Plain", "Startup Cost": 24506.67, "Total Cost": 24506.68, "Plan Rows": 1, "Plan Width": 97, "Actual Startup Time": 1109.578, "Actual Total Time": 1109.578, "Actual Rows": 1, "Actual Loops": 1, "Plans": [{"Node Type": "Nested Loop", "Parent Relationship": "Outer", "Join Type": "Inner", "Startup Cost": 0.0, "Total Cost": 24506.66, "Plan Rows": 2, "Plan Width": 33, "Actual Startup Time": 29.393, "Actual Total Time": 1109.498, "Actual Rows": 18, "Actual Loops": 1, "Inner Unique": true, "Plans": [{"Node Type": "Nested Loop", "Parent Relationship": "Outer", "Join Type": "Inner", "Startup Cost": 0.0, "Total Cost": 24506.1, "Plan Rows": 2, "Plan Width": 37, "Actual Startup Time": 22.505, "Actual Total Time": 1109.156, "Actual Rows": 104, "Actual Loops": 1, "Inner Unique": true, "Plans": [{"Node Type": "Nested Loop", "Parent Relationship": "Outer", "Join Type": "Inner", "Startup Cost": 0.0, "Total Cost": 24479.22, "Plan Rows": 5, "Plan Width": 25, "Actual Startup Time": 22.492, "Actual Total Time": 1108.078, "Actual Rows": 112, "Actual Loops": 1, "Inner Unique": true, "Plans": [{"Node Type": "Nested Loop", "Parent Relationship": "Outer", "Join Type": "Inner", "Startup Cost": 0.0, "Total Cost": 24477.12, "Plan Rows": 6, "Plan Width": 16, "Actual Startup Time": 6.312, "Actual Total Time": 1105.702, "Actual Rows": 275, "Actual Loops": 1, "Inner Unique": false, "Join Filter": "(ci.role_id = rt.id)", "Rows Removed by Join Filter": 102, "Plans": [{"Node Type": "Index Scan", "Parent Relationship": "Outer", "Scan Direction": "Forward", "Index Name": "role_type_pkey", "Relation Name": "role_type", "Alias": "rt", "Startup Cost": 0.0, "Total Cost": 12.46, "Plan Rows": 1, "Plan Width": 4, "Actual Startup Time": 0.019, "Actual Total Time": 0.032, "Actual Rows": 1, "Actual Loops": 1, "Filter": "((role)::text = 'actor'::text)", "Rows Removed by Filter": 11}, {"Node Type": "Nested Loop", "Parent Relationship": "Inner", "Join Type": "Inner", "Startup Cost": 0.0, "Total Cost": 24463.81, "Plan Rows": 68, "Plan Width": 20, "Actual Startup Time": 6.284, "Actual Total Time": 1105.39, "Actual Rows": 377, "Actual Loops": 1, "Inner Unique": false, "Plans": [{"Node Type": "Nested Loop", "Parent Relationship": "Outer", "Join Type": "Inner", "Startup Cost": 0.0, "Total Cost": 20719.49, "Plan Rows": 3779, "Plan Width": 8, "Actual Startup Time": 0.444, "Actual Total Time": 336.747, "Actual Rows": 8790, "Actual Loops": 1, "Inner Unique": false, "Plans": [{"Node Type": "Index Scan", "Parent Relationship": "Outer", "Scan Direction": "Forward", "Index Name": "company_name_pkey", "Relation Name": "company_name", "Alias": "cn", "Startup Cost": 0.0, "Total Cost": 10501.39, "Plan Rows": 251, "Plan Width": 4, "Actual Startup Time": 0.43, "Actual Total Time": 312.872, "Actual Rows": 1361, "Actual Loops": 1, "Filter": "((country_code)::text = '[ru]'::text)", "Rows Removed by Filter": 233635}, {"Node Type": "Index Scan", "Parent Relationship": "Inner", "Scan Direction": "Forward", "Index Name": "company_id_movie_companies", "Relation Name": "movie_companies", "Alias": "mc", "Startup Cost": 0.0, "Total Cost": 40.56, "Plan Rows": 15, "Plan Width": 12, "Actual Startup Time": 8.429, "Actual Total Time": 20.182, "Actual Rows": 8790, "Actual Loops": 1361, "Index Cond": "(company_id = cn.id)", "Rows Removed by Index Recheck": 0}]}, {"Node Type": "Index Scan", "Parent Relationship": "Inner", "Scan Direction": "Forward", "Index Name": "movie_id_cast_info", "Relation Name": "cast_info", "Alias": "ci", "Startup Cost": 0.0, "Total Cost": 0.98, "Plan Rows": 1, "Plan Width": 12, "Actual Startup Time": 717.855, "Actual Total Time": 762.941, "Actual Rows": 377, "Actual Loops": 8790, "Index Cond": "(movie_id = mc.movie_id)", "Rows Removed by Index Recheck": 0, "Filter": "(((note)::text ~~ '%(voice)%'::text) AND ((note)::text ~~ '%(uncredited)%'::text))", "Rows Removed by Filter": 408168}]}]}, {"Node Type": "Index Scan", "Parent Relationship": "Inner", "Scan Direction": "Forward", "Index Name": "title_pkey", "Relation Name": "title", "Alias": "t", "Startup Cost": 0.0, "Total Cost": 0.34, "Plan Rows": 1, "Plan Width": 21, "Actual Startup Time": 1.933, "Actual Total Time": 1.933, "Actual Rows": 112, "Actual Loops": 275, "Index Cond": "(id = mc.movie_id)", "Rows Removed by Index Recheck": 0, "Filter": "(production_year > 2005)", "Rows Removed by Filter": 163}]}, {"Node Type": "Index Scan", "Parent Relationship": "Inner", "Scan Direction": "Forward", "Index Name": "char_name_pkey", "Relation Name": "char_name", "Alias": "chn", "Startup Cost": 0.0, "Total Cost": 5.37, "Plan Rows": 1, "Plan Width": 20, "Actual Startup Time": 0.818, "Actual Total Time": 0.818, "Actual Rows": 104, "Actual Loops": 112, "Index Cond": "(id = ci.person_role_id)", "Rows Removed by Index Recheck": 0}]}, {"Node Type": "Index Only Scan", "Parent Relationship": "Inner", "Scan Direction": "Forward", "Index Name": "company_type_pkey", "Relation Name": "company_type", "Alias": "ct", "Startup Cost": 0.0, "Total Cost": 0.27, "Plan Rows": 1, "Plan Width": 4, "Actual Startup Time": 0.182, "Actual Total Time": 0.182, "Actual Rows": 18, "Actual Loops": 104, "Index Cond": "(id = mc.company_type_id)", "Rows Removed by Index Recheck": 0, "Heap Fetches": 0}]}]}, "Triggers": [], "Planner Runtime": 3, "Total Runtime": 1109.893, "Unique SQL Id": 2933943827}}, "(1, 114)": {"explain_plan": {"Plan": {"Node Type": "Aggregate", "Strategy": "Plain", "Startup Cost": 38342.48, "Total Cost": 38342.49, "Plan Rows": 1, "Plan Width": 97, "Plans": [{"Node Type": "Nested Loop", "Parent Relationship": "Outer", "Join Type": "Inner", "Startup Cost": 7.4, "Total Cost": 38342.47, "Plan Rows": 2, "Plan Width": 33, "Inner Unique": false, "Join Filter": "(mc.company_type_id = ct.id)", "Plans": [{"Node Type": "Seq Scan", "Parent Relationship": "Outer", "Relation Name": "company_type", "Alias": "ct", "Startup Cost": 0.0, "Total Cost": 1.03, "Plan Rows": 3, "Plan Width": 4}, {"Node Type": "Materialize", "Parent Relationship": "Inner", "Startup Cost": 7.4, "Total Cost": 38341.35, "Plan Rows": 2, "Plan Width": 37, "Plans": [{"Node Type": "Nested Loop", "Parent Relationship": "Outer", "Join Type": "Inner", "Startup Cost": 7.4, "Total Cost": 38341.34, "Plan Rows": 2, "Plan Width": 37, "Inner Unique": true, "Plans": [{"Node Type": "Nested Loop", "Parent Relationship": "Outer", "Join Type": "Inner", "Startup Cost": 7.13, "Total Cost": 38328.45, "Plan Rows": 3, "Plan Width": 28, "Inner Unique": true, "Plans": [{"Node Type": "Nested Loop", "Parent Relationship": "Outer", "Join Type": "Inner", "Startup Cost": 4.83, "Total Cost": 38290.52, "Plan Rows": 6, "Plan Width": 16, "Inner Unique": false, "Join Filter": "(ci.role_id = rt.id)", "Plans": [{"Node Type": "Seq Scan", "Parent Relationship": "Outer", "Relation Name": "role_type", "Alias": "rt", "Startup Cost": 0.0, "Total Cost": 1.15, "Plan Rows": 1, "Plan Width": 4, "Filter": "((role)::text = 'actor'::text)"}, {"Node Type": "Nested Loop", "Parent Relationship": "Inner", "Join Type": "Inner", "Startup Cost": 4.83, "Total Cost": 38288.52, "Plan Rows": 68, "Plan Width": 20, "Inner Unique": false, "Plans": [{"Node Type": "Nested Loop", "Parent Relationship": "Outer", "Join Type": "Inner", "Startup Cost": 4.32, "Total Cost": 20813.55, "Plan Rows": 3779, "Plan Width": 8, "Inner Unique": false, "Plans": [{"Node Type": "Seq Scan", "Parent Relationship": "Outer", "Relation Name": "company_name", "Alias": "cn", "Startup Cost": 0.0, "Total Cost": 5903.45, "Plan Rows": 251, "Plan Width": 4, "Filter": "((country_code)::text = '[ru]'::text)"}, {"Node Type": "Bitmap Heap Scan", "Parent Relationship": "Inner", "Relation Name": "movie_companies", "Alias": "mc", "Startup Cost": 4.32, "Total Cost": 59.25, "Plan Rows": 15, "Plan Width": 12, "Recheck Cond": "(company_id = cn.id)", "Plans": [{"Node Type": "Bitmap Index Scan", "Parent Relationship": "Outer", "Index Name": "company_id_movie_companies", "Startup Cost": 0.0, "Total Cost": 4.31, "Plan Rows": 15, "Plan Width": 0, "Index Cond": "(company_id = cn.id)"}]}]}, {"Node Type": "Bitmap Heap Scan", "Parent Relationship": "Inner", "Relation Name": "cast_info", "Alias": "ci", "Startup Cost": 0.51, "Total Cost": 4.61, "Plan Rows": 1, "Plan Width": 12, "Recheck Cond": "(movie_id = mc.movie_id)", "Filter": "(((note)::text ~~ '%(voice)%'::text) AND ((note)::text ~~ '%(uncredited)%'::text))", "Plans": [{"Node Type": "Bitmap Index Scan", "Parent Relationship": "Outer", "Index Name": "movie_id_cast_info", "Startup Cost": 0.0, "Total Cost": 0.51, "Plan Rows": 6, "Plan Width": 0, "Index Cond": "(movie_id = mc.movie_id)"}]}]}]}, {"Node Type": "Bitmap Heap Scan", "Parent Relationship": "Inner", "Relation Name": "char_name", "Alias": "chn", "Startup Cost": 2.3, "Total Cost": 6.31, "Plan Rows": 1, "Plan Width": 20, "Recheck Cond": "(id = ci.person_role_id)", "Plans": [{"Node Type": "Bitmap Index Scan", "Parent Relationship": "Outer", "Index Name": "char_name_pkey", "Startup Cost": 0.0, "Total Cost": 2.3, "Plan Rows": 1, "Plan Width": 0, "Index Cond": "(id = ci.person_role_id)"}]}]}, {"Node Type": "Bitmap Heap Scan", "Parent Relationship": "Inner", "Relation Name": "title", "Alias": "t", "Startup Cost": 0.27, "Total Cost": 4.29, "Plan Rows": 1, "Plan Width": 21, "Recheck Cond": "(id = mc.movie_id)", "Filter": "(production_year > 2005)", "Plans": [{"Node Type": "Bitmap Index Scan", "Parent Relationship": "Outer", "Index Name": "title_pkey", "Startup Cost": 0.0, "Total Cost": 0.27, "Plan Rows": 1, "Plan Width": 0, "Index Cond": "(id = mc.movie_id)"}]}]}]}]}]}, "Unique SQL Id": 2933943827, "Planner Runtime": 4}, "explain_analyze_plan": {"Plan": {"Node Type": "Aggregate", "Strategy": "Plain", "Startup Cost": 38342.48, "Total Cost": 38342.49, "Plan Rows": 1, "Plan Width": 97, "Actual Startup Time": 1051.606, "Actual Total Time": 1051.606, "Actual Rows": 1, "Actual Loops": 1, "Plans": [{"Node Type": "Nested Loop", "Parent Relationship": "Outer", "Join Type": "Inner", "Startup Cost": 7.4, "Total Cost": 38342.47, "Plan Rows": 2, "Plan Width": 33, "Actual Startup Time": 61.331, "Actual Total Time": 1051.524, "Actual Rows": 18, "Actual Loops": 1, "Inner Unique": false, "Join Filter": "(mc.company_type_id = ct.id)", "Rows Removed by Join Filter": 294, "Plans": [{"Node Type": "Seq Scan", "Parent Relationship": "Outer", "Relation Name": "company_type", "Alias": "ct", "Startup Cost": 0.0, "Total Cost": 1.03, "Plan Rows": 3, "Plan Width": 4, "Actual Startup Time": 0.013, "Actual Total Time": 0.015, "Actual Rows": 3, "Actual Loops": 1}, {"Node Type": "Materialize", "Parent Relationship": "Inner", "Startup Cost": 7.4, "Total Cost": 38341.35, "Plan Rows": 2, "Plan Width": 37, "Actual Startup Time": 12.803, "Actual Total Time": 1051.351, "Actual Rows": 312, "Actual Loops": 3, "Plans": [{"Node Type": "Nested Loop", "Parent Relationship": "Outer", "Join Type": "Inner", "Startup Cost": 7.4, "Total Cost": 38341.34, "Plan Rows": 2, "Plan Width": 37, "Actual Startup Time": 12.796, "Actual Total Time": 1051.168, "Actual Rows": 104, "Actual Loops": 1, "Inner Unique": true, "Plans": [{"Node Type": "Nested Loop", "Parent Relationship": "Outer", "Join Type": "Inner", "Startup Cost": 7.13, "Total Cost": 38328.45, "Plan Rows": 3, "Plan Width": 28, "Actual Startup Time": 1.092, "Actual Total Time": 1048.264, "Actual Rows": 265, "Actual Loops": 1, "Inner Unique": true, "Plans": [{"Node Type": "Nested Loop", "Parent Relationship": "Outer", "Join Type": "Inner", "Startup Cost": 4.83, "Total Cost": 38290.52, "Plan Rows": 6, "Plan Width": 16, "Actual Startup Time": 1.074, "Actual Total Time": 1039.87, "Actual Rows": 275, "Actual Loops": 1, "Inner Unique": false, "Join Filter": "(ci.role_id = rt.id)", "Rows Removed by Join Filter": 102, "Plans": [{"Node Type": "Seq Scan", "Parent Relationship": "Outer", "Relation Name": "role_type", "Alias": "rt", "Startup Cost": 0.0, "Total Cost": 1.15, "Plan Rows": 1, "Plan Width": 4, "Actual Startup Time": 0.011, "Actual Total Time": 0.017, "Actual Rows": 1, "Actual Loops": 1, "Filter": "((role)::text = 'actor'::text)", "Rows Removed by Filter": 11}, {"Node Type": "Nested Loop", "Parent Relationship": "Inner", "Join Type": "Inner", "Startup Cost": 4.83, "Total Cost": 38288.52, "Plan Rows": 68, "Plan Width": 20, "Actual Startup Time": 1.053, "Actual Total Time": 1039.552, "Actual Rows": 377, "Actual Loops": 1, "Inner Unique": false, "Plans": [{"Node Type": "Nested Loop", "Parent Relationship": "Outer", "Join Type": "Inner", "Startup Cost": 4.32, "Total Cost": 20813.55, "Plan Rows": 3779, "Plan Width": 8, "Actual Startup Time": 0.076, "Actual Total Time": 113.43, "Actual Rows": 8790, "Actual Loops": 1, "Inner Unique": false, "Plans": [{"Node Type": "Seq Scan", "Parent Relationship": "Outer", "Relation Name": "company_name", "Alias": "cn", "Startup Cost": 0.0, "Total Cost": 5903.45, "Plan Rows": 251, "Plan Width": 4, "Actual Startup Time": 0.037, "Actual Total Time": 82.281, "Actual Rows": 1361, "Actual Loops": 1, "Filter": "((country_code)::text = '[ru]'::text)", "Rows Removed by Filter": 233635}, {"Node Type": "Bitmap Heap Scan", "Parent Relationship": "Inner", "Relation Name": "movie_companies", "Alias": "mc", "Startup Cost": 4.32, "Total Cost": 59.25, "Plan Rows": 15, "Plan Width": 12, "Actual Startup Time": 13.444, "Actual Total Time": 26.33, "Actual Rows": 8790, "Actual Loops": 1361, "Recheck Cond": "(company_id = cn.id)", "Rows Removed by Index Recheck": 0, "Exact Heap Blocks": 7155, "Lossy Heap Blocks": 7155, "Plans": [{"Node Type": "Bitmap Index Scan", "Parent Relationship": "Outer", "Index Name": "company_id_movie_companies", "Startup Cost": 0.0, "Total Cost": 4.31, "Plan Rows": 15, "Plan Width": 0, "Actual Startup Time": 8.375, "Actual Total Time": 8.375, "Actual Rows": 8790, "Actual Loops": 1361, "Index Cond": "(company_id = cn.id)"}]}]}, {"Node Type": "Bitmap Heap Scan", "Parent Relationship": "Inner", "Relation Name": "cast_info", "Alias": "ci", "Startup Cost": 0.51, "Total Cost": 4.61, "Plan Rows": 1, "Plan Width": 12, "Actual Startup Time": 862.141, "Actual Total Time": 909.97, "Actual Rows": 377, "Actual Loops": 8790, "Recheck Cond": "(movie_id = mc.movie_id)", "Rows Removed by Index Recheck": 0, "Filter": "(((note)::text ~~ '%(voice)%'::text) AND ((note)::text ~~ '%(uncredited)%'::text))", "Rows Removed by Filter": 408168, "Exact Heap Blocks": 397651, "Lossy Heap Blocks": 397651, "Plans": [{"Node Type": "Bitmap Index Scan", "Parent Relationship": "Outer", "Index Name": "movie_id_cast_info", "Startup Cost": 0.0, "Total Cost": 0.51, "Plan Rows": 6, "Plan Width": 0, "Actual Startup Time": 120.878, "Actual Total Time": 120.878, "Actual Rows": 408545, "Actual Loops": 8790, "Index Cond": "(movie_id = mc.movie_id)"}]}]}]}, {"Node Type": "Bitmap Heap Scan", "Parent Relationship": "Inner", "Relation Name": "char_name", "Alias": "chn", "Startup Cost": 2.3, "Total Cost": 6.31, "Plan Rows": 1, "Plan Width": 20, "Actual Startup Time": 7.588, "Actual Total Time": 7.588, "Actual Rows": 265, "Actual Loops": 275, "Recheck Cond": "(id = ci.person_role_id)", "Rows Removed by Index Recheck": 0, "Exact Heap Blocks": 265, "Lossy Heap Blocks": 265, "Plans": [{"Node Type": "Bitmap Index Scan", "Parent Relationship": "Outer", "Index Name": "char_name_pkey", "Startup Cost": 0.0, "Total Cost": 2.3, "Plan Rows": 1, "Plan Width": 0, "Actual Startup Time": 4.854, "Actual Total Time": 4.854, "Actual Rows": 265, "Actual Loops": 275, "Index Cond": "(id = ci.person_role_id)"}]}]}, {"Node Type": "Bitmap Heap Scan", "Parent Relationship": "Inner", "Relation Name": "title", "Alias": "t", "Startup Cost": 0.27, "Total Cost": 4.29, "Plan Rows": 1, "Plan Width": 21, "Actual Startup Time": 2.217, "Actual Total Time": 2.217, "Actual Rows": 104, "Actual Loops": 265, "Recheck Cond": "(id = mc.movie_id)", "Rows Removed by Index Recheck": 0, "Filter": "(production_year > 2005)", "Rows Removed by Filter": 161, "Exact Heap Blocks": 265, "Lossy Heap Blocks": 265, "Plans": [{"Node Type": "Bitmap Index Scan", "Parent Relationship": "Outer", "Index Name": "title_pkey", "Startup Cost": 0.0, "Total Cost": 0.27, "Plan Rows": 1, "Plan Width": 0, "Actual Startup Time": 1.362, "Actual Total Time": 1.362, "Actual Rows": 265, "Actual Loops": 265, "Index Cond": "(id = mc.movie_id)"}]}]}]}]}]}, "Triggers": [], "Planner Runtime": 4, "Total Runtime": 1051.978, "Unique SQL Id": 2933943827}}, "(1, 115)": {"explain_plan": {"Plan": {"Node Type": "Aggregate", "Strategy": "Plain", "Startup Cost": 1000020511889.56, "Total Cost": 1000020511889.57, "Plan Rows": 1, "Plan Width": 97, "Plans": [{"Node Type": "Nested Loop", "Parent Relationship": "Outer", "Join Type": "Inner", "Startup Cost": 10000000003.85, "Total Cost": 1000020511889.55, "Plan Rows": 2, "Plan Width": 33, "Inner Unique": true, "Plans": [{"Node Type": "Nested Loop", "Parent Relationship": "Outer", "Join Type": "Inner", "Startup Cost": 10000000003.6, "Total Cost": 1000020511880.99, "Plan Rows": 2, "Plan Width": 37, "Inner Unique": true, "Plans": [{"Node Type": "Nested Loop", "Parent Relationship": "Outer", "Join Type": "Inner", "Startup Cost": 10000000003.32, "Total Cost": 1000020511868.1, "Plan Rows": 3, "Plan Width": 28, "Inner Unique": true, "Plans": [{"Node Type": "Nested Loop", "Parent Relationship": "Outer", "Join Type": "Inner", "Startup Cost": 10000000001.03, "Total Cost": 1000020511830.17, "Plan Rows": 6, "Plan Width": 16, "Inner Unique": true, "Plans": [{"Node Type": "Nested Loop", "Parent Relationship": "Outer", "Join Type": "Inner", "Startup Cost": 10000000000.77, "Total Cost": 1000020511538.92, "Plan Rows": 68, "Plan Width": 20, "Inner Unique": false, "Plans": [{"Node Type": "Nested Loop", "Parent Relationship": "Outer", "Join Type": "Inner", "Startup Cost": 10000000000.26, "Total Cost": 1000020494063.94, "Plan Rows": 3779, "Plan Width": 8, "Inner Unique": true, "Plans": [{"Node Type": "Index Scan", "Parent Relationship": "Outer", "Scan Direction": "Forward", "Index Name": "company_type_id_movie_companies", "Relation Name": "movie_companies", "Alias": "mc", "Startup Cost": 10000000000.0, "Total Cost": 1000009318217.0, "Plan Rows": 2609128, "Plan Width": 12}, {"Node Type": "Bitmap Heap Scan", "Parent Relationship": "Inner", "Relation Name": "company_name", "Alias": "cn", "Startup Cost": 0.26, "Total Cost": 4.27, "Plan Rows": 1, "Plan Width": 4, "Recheck Cond": "(id = mc.company_id)", "Filter": "((country_code)::text = '[ru]'::text)", "Plans": [{"Node Type": "Bitmap Index Scan", "Parent Relationship": "Outer", "Index Name": "company_name_pkey", "Startup Cost": 0.0, "Total Cost": 0.26, "Plan Rows": 1, "Plan Width": 0, "Index Cond": "(id = mc.company_id)"}]}]}, {"Node Type": "Bitmap Heap Scan", "Parent Relationship": "Inner", "Relation Name": "cast_info", "Alias": "ci", "Startup Cost": 0.51, "Total Cost": 4.61, "Plan Rows": 1, "Plan Width": 12, "Recheck Cond": "(movie_id = mc.movie_id)", "Filter": "(((note)::text ~~ '%(voice)%'::text) AND ((note)::text ~~ '%(uncredited)%'::text))", "Plans": [{"Node Type": "Bitmap Index Scan", "Parent Relationship": "Outer", "Index Name": "movie_id_cast_info", "Startup Cost": 0.0, "Total Cost": 0.51, "Plan Rows": 6, "Plan Width": 0, "Index Cond": "(movie_id = mc.movie_id)"}]}]}, {"Node Type": "Bitmap Heap Scan", "Parent Relationship": "Inner", "Relation Name": "role_type", "Alias": "rt", "Startup Cost": 0.26, "Total Cost": 4.27, "Plan Rows": 1, "Plan Width": 4, "Recheck Cond": "(id = ci.role_id)", "Filter": "((role)::text = 'actor'::text)", "Plans": [{"Node Type": "Bitmap Index Scan", "Parent Relationship": "Outer", "Index Name": "role_type_pkey", "Startup Cost": 0.0, "Total Cost": 0.26, "Plan Rows": 1, "Plan Width": 0, "Index Cond": "(id = ci.role_id)"}]}]}, {"Node Type": "Bitmap Heap Scan", "Parent Relationship": "Inner", "Relation Name": "char_name", "Alias": "chn", "Startup Cost": 2.3, "Total Cost": 6.31, "Plan Rows": 1, "Plan Width": 20, "Recheck Cond": "(id = ci.person_role_id)", "Plans": [{"Node Type": "Bitmap Index Scan", "Parent Relationship": "Outer", "Index Name": "char_name_pkey", "Startup Cost": 0.0, "Total Cost": 2.3, "Plan Rows": 1, "Plan Width": 0, "Index Cond": "(id = ci.person_role_id)"}]}]}, {"Node Type": "Bitmap Heap Scan", "Parent Relationship": "Inner", "Relation Name": "title", "Alias": "t", "Startup Cost": 0.27, "Total Cost": 4.29, "Plan Rows": 1, "Plan Width": 21, "Recheck Cond": "(id = mc.movie_id)", "Filter": "(production_year > 2005)", "Plans": [{"Node Type": "Bitmap Index Scan", "Parent Relationship": "Outer", "Index Name": "title_pkey", "Startup Cost": 0.0, "Total Cost": 0.27, "Plan Rows": 1, "Plan Width": 0, "Index Cond": "(id = mc.movie_id)"}]}]}, {"Node Type": "Bitmap Heap Scan", "Parent Relationship": "Inner", "Relation Name": "company_type", "Alias": "ct", "Startup Cost": 0.26, "Total Cost": 4.27, "Plan Rows": 1, "Plan Width": 4, "Recheck Cond": "(id = mc.company_type_id)", "Plans": [{"Node Type": "Bitmap Index Scan", "Parent Relationship": "Outer", "Index Name": "company_type_pkey", "Startup Cost": 0.0, "Total Cost": 0.26, "Plan Rows": 1, "Plan Width": 0, "Index Cond": "(id = mc.company_type_id)"}]}]}]}, "Unique SQL Id": 2933943827, "Planner Runtime": 3}, "explain_analyze_plan": null}, "(1, 116)": {"explain_plan": {"Plan": {"Node Type": "Aggregate", "Strategy": "Plain", "Startup Cost": 19897.43, "Total Cost": 19897.44, "Plan Rows": 1, "Plan Width": 97, "Plans": [{"Node Type": "Nested Loop", "Parent Relationship": "Outer", "Join Type": "Inner", "Startup Cost": 0.0, "Total Cost": 19897.42, "Plan Rows": 2, "Plan Width": 33, "Inner Unique": true, "Plans": [{"Node Type": "Nested Loop", "Parent Relationship": "Outer", "Join Type": "Inner", "Startup Cost": 0.0, "Total Cost": 19896.86, "Plan Rows": 2, "Plan Width": 37, "Inner Unique": true, "Plans": [{"Node Type": "Nested Loop", "Parent Relationship": "Outer", "Join Type": "Inner", "Startup Cost": 0.0, "Total Cost": 19869.97, "Plan Rows": 5, "Plan Width": 25, "Inner Unique": true, "Plans": [{"Node Type": "Nested Loop", "Parent Relationship": "Outer", "Join Type": "Inner", "Startup Cost": 0.0, "Total Cost": 19867.87, "Plan Rows": 6, "Plan Width": 16, "Inner Unique": false, "Join Filter": "(ci.role_id = rt.id)", "Plans": [{"Node Type": "Seq Scan", "Parent Relationship": "Outer", "Relation Name": "role_type", "Alias": "rt", "Startup Cost": 0.0, "Total Cost": 1.15, "Plan Rows": 1, "Plan Width": 4, "Filter": "((role)::text = 'actor'::text)"}, {"Node Type": "Nested Loop", "Parent Relationship": "Inner", "Join Type": "Inner", "Startup Cost": 0.0, "Total Cost": 19865.87, "Plan Rows": 68, "Plan Width": 20, "Inner Unique": false, "Plans": [{"Node Type": "Nested Loop", "Parent Relationship": "Outer", "Join Type": "Inner", "Startup Cost": 0.0, "Total Cost": 16121.55, "Plan Rows": 3779, "Plan Width": 8, "Inner Unique": false, "Plans": [{"Node Type": "Seq Scan", "Parent Relationship": "Outer", "Relation Name": "company_name", "Alias": "cn", "Startup Cost": 0.0, "Total Cost": 5903.45, "Plan Rows": 251, "Plan Width": 4, "Filter": "((country_code)::text = '[ru]'::text)"}, {"Node Type": "Index Scan", "Parent Relationship": "Inner", "Scan Direction": "Forward", "Index Name": "company_id_movie_companies", "Relation Name": "movie_companies", "Alias": "mc", "Startup Cost": 0.0, "Total Cost": 40.56, "Plan Rows": 15, "Plan Width": 12, "Index Cond": "(company_id = cn.id)"}]}, {"Node Type": "Index Scan", "Parent Relationship": "Inner", "Scan Direction": "Forward", "Index Name": "movie_id_cast_info", "Relation Name": "cast_info", "Alias": "ci", "Startup Cost": 0.0, "Total Cost": 0.98, "Plan Rows": 1, "Plan Width": 12, "Index Cond": "(movie_id = mc.movie_id)", "Filter": "(((note)::text ~~ '%(voice)%'::text) AND ((note)::text ~~ '%(uncredited)%'::text))"}]}]}, {"Node Type": "Index Scan", "Parent Relationship": "Inner", "Scan Direction": "Forward", "Index Name": "title_pkey", "Relation Name": "title", "Alias": "t", "Startup Cost": 0.0, "Total Cost": 0.34, "Plan Rows": 1, "Plan Width": 21, "Index Cond": "(id = mc.movie_id)", "Filter": "(production_year > 2005)"}]}, {"Node Type": "Index Scan", "Parent Relationship": "Inner", "Scan Direction": "Forward", "Index Name": "char_name_pkey", "Relation Name": "char_name", "Alias": "chn", "Startup Cost": 0.0, "Total Cost": 5.37, "Plan Rows": 1, "Plan Width": 20, "Index Cond": "(id = ci.person_role_id)"}]}, {"Node Type": "Index Scan", "Parent Relationship": "Inner", "Scan Direction": "Forward", "Index Name": "company_type_pkey", "Relation Name": "company_type", "Alias": "ct", "Startup Cost": 0.0, "Total Cost": 0.27, "Plan Rows": 1, "Plan Width": 4, "Index Cond": "(id = mc.company_type_id)"}]}]}, "Unique SQL Id": 2933943827, "Planner Runtime": 3}, "explain_analyze_plan": {"Plan": {"Node Type": "Aggregate", "Strategy": "Plain", "Startup Cost": 19897.43, "Total Cost": 19897.44, "Plan Rows": 1, "Plan Width": 97, "Actual Startup Time": 796.295, "Actual Total Time": 796.296, "Actual Rows": 1, "Actual Loops": 1, "Plans": [{"Node Type": "Nested Loop", "Parent Relationship": "Outer", "Join Type": "Inner", "Startup Cost": 0.0, "Total Cost": 19897.42, "Plan Rows": 2, "Plan Width": 33, "Actual Startup Time": 40.923, "Actual Total Time": 796.105, "Actual Rows": 18, "Actual Loops": 1, "Inner Unique": true, "Plans": [{"Node Type": "Nested Loop", "Parent Relationship": "Outer", "Join Type": "Inner", "Startup Cost": 0.0, "Total Cost": 19896.86, "Plan Rows": 2, "Plan Width": 37, "Actual Startup Time": 8.52, "Actual Total Time": 795.8, "Actual Rows": 104, "Actual Loops": 1, "Inner Unique": true, "Plans": [{"Node Type": "Nested Loop", "Parent Relationship": "Outer", "Join Type": "Inner", "Startup Cost": 0.0, "Total Cost": 19869.97, "Plan Rows": 5, "Plan Width": 25, "Actual Startup Time": 8.511, "Actual Total Time": 794.891, "Actual Rows": 112, "Actual Loops": 1, "Inner Unique": true, "Plans": [{"Node Type": "Nested Loop", "Parent Relationship": "Outer", "Join Type": "Inner", "Startup Cost": 0.0, "Total Cost": 19867.87, "Plan Rows": 6, "Plan Width": 16, "Actual Startup Time": 0.755, "Actual Total Time": 792.762, "Actual Rows": 275, "Actual Loops": 1, "Inner Unique": false, "Join Filter": "(ci.role_id = rt.id)", "Rows Removed by Join Filter": 102, "Plans": [{"Node Type": "Seq Scan", "Parent Relationship": "Outer", "Relation Name": "role_type", "Alias": "rt", "Startup Cost": 0.0, "Total Cost": 1.15, "Plan Rows": 1, "Plan Width": 4, "Actual Startup Time": 0.021, "Actual Total Time": 0.03, "Actual Rows": 1, "Actual Loops": 1, "Filter": "((role)::text = 'actor'::text)", "Rows Removed by Filter": 11}, {"Node Type": "Nested Loop", "Parent Relationship": "Inner", "Join Type": "Inner", "Startup Cost": 0.0, "Total Cost": 19865.87, "Plan Rows": 68, "Plan Width": 20, "Actual Startup Time": 0.728, "Actual Total Time": 792.447, "Actual Rows": 377, "Actual Loops": 1, "Inner Unique": false, "Plans": [{"Node Type": "Nested Loop", "Parent Relationship": "Outer", "Join Type": "Inner", "Startup Cost": 0.0, "Total Cost": 16121.55, "Plan Rows": 3779, "Plan Width": 8, "Actual Startup Time": 0.052, "Actual Total Time": 108.67, "Actual Rows": 8790, "Actual Loops": 1, "Inner Unique": false, "Plans": [{"Node Type": "Seq Scan", "Parent Relationship": "Outer", "Relation Name": "company_name", "Alias": "cn", "Startup Cost": 0.0, "Total Cost": 5903.45, "Plan Rows": 251, "Plan Width": 4, "Actual Startup Time": 0.035, "Actual Total Time": 83.89, "Actual Rows": 1361, "Actual Loops": 1, "Filter": "((country_code)::text = '[ru]'::text)", "Rows Removed by Filter": 233635}, {"Node Type": "Index Scan", "Parent Relationship": "Inner", "Scan Direction": "Forward", "Index Name": "company_id_movie_companies", "Relation Name": "movie_companies", "Alias": "mc", "Startup Cost": 0.0, "Total Cost": 40.56, "Plan Rows": 15, "Plan Width": 12, "Actual Startup Time": 9.73, "Actual Total Time": 21.451, "Actual Rows": 8790, "Actual Loops": 1361, "Index Cond": "(company_id = cn.id)", "Rows Removed by Index Recheck": 0}]}, {"Node Type": "Index Scan", "Parent Relationship": "Inner", "Scan Direction": "Forward", "Index Name": "movie_id_cast_info", "Relation Name": "cast_info", "Alias": "ci", "Startup Cost": 0.0, "Total Cost": 0.98, "Plan Rows": 1, "Plan Width": 12, "Actual Startup Time": 640.813, "Actual Total Time": 678.501, "Actual Rows": 377, "Actual Loops": 8790, "Index Cond": "(movie_id = mc.movie_id)", "Rows Removed by Index Recheck": 0, "Filter": "(((note)::text ~~ '%(voice)%'::text) AND ((note)::text ~~ '%(uncredited)%'::text))", "Rows Removed by Filter": 408168}]}]}, {"Node Type": "Index Scan", "Parent Relationship": "Inner", "Scan Direction": "Forward", "Index Name": "title_pkey", "Relation Name": "title", "Alias": "t", "Startup Cost": 0.0, "Total Cost": 0.34, "Plan Rows": 1, "Plan Width": 21, "Actual Startup Time": 1.727, "Actual Total Time": 1.727, "Actual Rows": 112, "Actual Loops": 275, "Index Cond": "(id = mc.movie_id)", "Rows Removed by Index Recheck": 0, "Filter": "(production_year > 2005)", "Rows Removed by Filter": 163}]}, {"Node Type": "Index Scan", "Parent Relationship": "Inner", "Scan Direction": "Forward", "Index Name": "char_name_pkey", "Relation Name": "char_name", "Alias": "chn", "Startup Cost": 0.0, "Total Cost": 5.37, "Plan Rows": 1, "Plan Width": 20, "Actual Startup Time": 0.675, "Actual Total Time": 0.675, "Actual Rows": 104, "Actual Loops": 112, "Index Cond": "(id = ci.person_role_id)", "Rows Removed by Index Recheck": 0}]}, {"Node Type": "Index Scan", "Parent Relationship": "Inner", "Scan Direction": "Forward", "Index Name": "company_type_pkey", "Relation Name": "company_type", "Alias": "ct", "Startup Cost": 0.0, "Total Cost": 0.27, "Plan Rows": 1, "Plan Width": 4, "Actual Startup Time": 0.167, "Actual Total Time": 0.167, "Actual Rows": 18, "Actual Loops": 104, "Index Cond": "(id = mc.company_type_id)", "Rows Removed by Index Recheck": 0}]}]}, "Triggers": [], "Planner Runtime": 3, "Total Runtime": 796.669, "Unique SQL Id": 2933943827}}, "(1, 117)": {"explain_plan": {"Plan": {"Node Type": "Aggregate", "Strategy": "Plain", "Startup Cost": 24506.67, "Total Cost": 24506.68, "Plan Rows": 1, "Plan Width": 97, "Plans": [{"Node Type": "Nested Loop", "Parent Relationship": "Outer", "Join Type": "Inner", "Startup Cost": 0.0, "Total Cost": 24506.66, "Plan Rows": 2, "Plan Width": 33, "Inner Unique": true, "Plans": [{"Node Type": "Nested Loop", "Parent Relationship": "Outer", "Join Type": "Inner", "Startup Cost": 0.0, "Total Cost": 24506.1, "Plan Rows": 2, "Plan Width": 37, "Inner Unique": true, "Plans": [{"Node Type": "Nested Loop", "Parent Relationship": "Outer", "Join Type": "Inner", "Startup Cost": 0.0, "Total Cost": 24479.22, "Plan Rows": 5, "Plan Width": 25, "Inner Unique": true, "Plans": [{"Node Type": "Nested Loop", "Parent Relationship": "Outer", "Join Type": "Inner", "Startup Cost": 0.0, "Total Cost": 24477.12, "Plan Rows": 6, "Plan Width": 16, "Inner Unique": false, "Join Filter": "(ci.role_id = rt.id)", "Plans": [{"Node Type": "Index Scan", "Parent Relationship": "Outer", "Scan Direction": "Forward", "Index Name": "role_type_pkey", "Relation Name": "role_type", "Alias": "rt", "Startup Cost": 0.0, "Total Cost": 12.46, "Plan Rows": 1, "Plan Width": 4, "Filter": "((role)::text = 'actor'::text)"}, {"Node Type": "Nested Loop", "Parent Relationship": "Inner", "Join Type": "Inner", "Startup Cost": 0.0, "Total Cost": 24463.81, "Plan Rows": 68, "Plan Width": 20, "Inner Unique": false, "Plans": [{"Node Type": "Nested Loop", "Parent Relationship": "Outer", "Join Type": "Inner", "Startup Cost": 0.0, "Total Cost": 20719.49, "Plan Rows": 3779, "Plan Width": 8, "Inner Unique": false, "Plans": [{"Node Type": "Index Scan", "Parent Relationship": "Outer", "Scan Direction": "Forward", "Index Name": "company_name_pkey", "Relation Name": "company_name", "Alias": "cn", "Startup Cost": 0.0, "Total Cost": 10501.39, "Plan Rows": 251, "Plan Width": 4, "Filter": "((country_code)::text = '[ru]'::text)"}, {"Node Type": "Index Scan", "Parent Relationship": "Inner", "Scan Direction": "Forward", "Index Name": "company_id_movie_companies", "Relation Name": "movie_companies", "Alias": "mc", "Startup Cost": 0.0, "Total Cost": 40.56, "Plan Rows": 15, "Plan Width": 12, "Index Cond": "(company_id = cn.id)"}]}, {"Node Type": "Index Scan", "Parent Relationship": "Inner", "Scan Direction": "Forward", "Index Name": "movie_id_cast_info", "Relation Name": "cast_info", "Alias": "ci", "Startup Cost": 0.0, "Total Cost": 0.98, "Plan Rows": 1, "Plan Width": 12, "Index Cond": "(movie_id = mc.movie_id)", "Filter": "(((note)::text ~~ '%(voice)%'::text) AND ((note)::text ~~ '%(uncredited)%'::text))"}]}]}, {"Node Type": "Index Scan", "Parent Relationship": "Inner", "Scan Direction": "Forward", "Index Name": "title_pkey", "Relation Name": "title", "Alias": "t", "Startup Cost": 0.0, "Total Cost": 0.34, "Plan Rows": 1, "Plan Width": 21, "Index Cond": "(id = mc.movie_id)", "Filter": "(production_year > 2005)"}]}, {"Node Type": "Index Scan", "Parent Relationship": "Inner", "Scan Direction": "Forward", "Index Name": "char_name_pkey", "Relation Name": "char_name", "Alias": "chn", "Startup Cost": 0.0, "Total Cost": 5.37, "Plan Rows": 1, "Plan Width": 20, "Index Cond": "(id = ci.person_role_id)"}]}, {"Node Type": "Index Scan", "Parent Relationship": "Inner", "Scan Direction": "Forward", "Index Name": "company_type_pkey", "Relation Name": "company_type", "Alias": "ct", "Startup Cost": 0.0, "Total Cost": 0.27, "Plan Rows": 1, "Plan Width": 4, "Index Cond": "(id = mc.company_type_id)"}]}]}, "Unique SQL Id": 2933943827, "Planner Runtime": 3}, "explain_analyze_plan": {"Plan": {"Node Type": "Aggregate", "Strategy": "Plain", "Startup Cost": 24506.67, "Total Cost": 24506.68, "Plan Rows": 1, "Plan Width": 97, "Actual Startup Time": 1009.656, "Actual Total Time": 1009.657, "Actual Rows": 1, "Actual Loops": 1, "Plans": [{"Node Type": "Nested Loop", "Parent Relationship": "Outer", "Join Type": "Inner", "Startup Cost": 0.0, "Total Cost": 24506.66, "Plan Rows": 2, "Plan Width": 33, "Actual Startup Time": 28.604, "Actual Total Time": 1009.557, "Actual Rows": 18, "Actual Loops": 1, "Inner Unique": true, "Plans": [{"Node Type": "Nested Loop", "Parent Relationship": "Outer", "Join Type": "Inner", "Startup Cost": 0.0, "Total Cost": 24506.1, "Plan Rows": 2, "Plan Width": 37, "Actual Startup Time": 21.949, "Actual Total Time": 1009.273, "Actual Rows": 104, "Actual Loops": 1, "Inner Unique": true, "Plans": [{"Node Type": "Nested Loop", "Parent Relationship": "Outer", "Join Type": "Inner", "Startup Cost": 0.0, "Total Cost": 24479.22, "Plan Rows": 5, "Plan Width": 25, "Actual Startup Time": 21.938, "Actual Total Time": 1008.351, "Actual Rows": 112, "Actual Loops": 1, "Inner Unique": true, "Plans": [{"Node Type": "Nested Loop", "Parent Relationship": "Outer", "Join Type": "Inner", "Startup Cost": 0.0, "Total Cost": 24477.12, "Plan Rows": 6, "Plan Width": 16, "Actual Startup Time": 6.423, "Actual Total Time": 1006.191, "Actual Rows": 275, "Actual Loops": 1, "Inner Unique": false, "Join Filter": "(ci.role_id = rt.id)", "Rows Removed by Join Filter": 102, "Plans": [{"Node Type": "Index Scan", "Parent Relationship": "Outer", "Scan Direction": "Forward", "Index Name": "role_type_pkey", "Relation Name": "role_type", "Alias": "rt", "Startup Cost": 0.0, "Total Cost": 12.46, "Plan Rows": 1, "Plan Width": 4, "Actual Startup Time": 0.02, "Actual Total Time": 0.029, "Actual Rows": 1, "Actual Loops": 1, "Filter": "((role)::text = 'actor'::text)", "Rows Removed by Filter": 11}, {"Node Type": "Nested Loop", "Parent Relationship": "Inner", "Join Type": "Inner", "Startup Cost": 0.0, "Total Cost": 24463.81, "Plan Rows": 68, "Plan Width": 20, "Actual Startup Time": 6.388, "Actual Total Time": 1005.895, "Actual Rows": 377, "Actual Loops": 1, "Inner Unique": false, "Plans": [{"Node Type": "Nested Loop", "Parent Relationship": "Outer", "Join Type": "Inner", "Startup Cost": 0.0, "Total Cost": 20719.49, "Plan Rows": 3779, "Plan Width": 8, "Actual Startup Time": 0.45, "Actual Total Time": 322.76, "Actual Rows": 8790, "Actual Loops": 1, "Inner Unique": false, "Plans": [{"Node Type": "Index Scan", "Parent Relationship": "Outer", "Scan Direction": "Forward", "Index Name": "company_name_pkey", "Relation Name": "company_name", "Alias": "cn", "Startup Cost": 0.0, "Total Cost": 10501.39, "Plan Rows": 251, "Plan Width": 4, "Actual Startup Time": 0.436, "Actual Total Time": 299.925, "Actual Rows": 1361, "Actual Loops": 1, "Filter": "((country_code)::text = '[ru]'::text)", "Rows Removed by Filter": 233635}, {"Node Type": "Index Scan", "Parent Relationship": "Inner", "Scan Direction": "Forward", "Index Name": "company_id_movie_companies", "Relation Name": "movie_companies", "Alias": "mc", "Startup Cost": 0.0, "Total Cost": 40.56, "Plan Rows": 15, "Plan Width": 12, "Actual Startup Time": 8.119, "Actual Total Time": 19.34, "Actual Rows": 8790, "Actual Loops": 1361, "Index Cond": "(company_id = cn.id)", "Rows Removed by Index Recheck": 0}]}, {"Node Type": "Index Scan", "Parent Relationship": "Inner", "Scan Direction": "Forward", "Index Name": "movie_id_cast_info", "Relation Name": "cast_info", "Alias": "ci", "Startup Cost": 0.0, "Total Cost": 0.98, "Plan Rows": 1, "Plan Width": 12, "Actual Startup Time": 639.51, "Actual Total Time": 677.545, "Actual Rows": 377, "Actual Loops": 8790, "Index Cond": "(movie_id = mc.movie_id)", "Rows Removed by Index Recheck": 0, "Filter": "(((note)::text ~~ '%(voice)%'::text) AND ((note)::text ~~ '%(uncredited)%'::text))", "Rows Removed by Filter": 408168}]}]}, {"Node Type": "Index Scan", "Parent Relationship": "Inner", "Scan Direction": "Forward", "Index Name": "title_pkey", "Relation Name": "title", "Alias": "t", "Startup Cost": 0.0, "Total Cost": 0.34, "Plan Rows": 1, "Plan Width": 21, "Actual Startup Time": 1.746, "Actual Total Time": 1.746, "Actual Rows": 112, "Actual Loops": 275, "Index Cond": "(id = mc.movie_id)", "Rows Removed by Index Recheck": 0, "Filter": "(production_year > 2005)", "Rows Removed by Filter": 163}]}, {"Node Type": "Index Scan", "Parent Relationship": "Inner", "Scan Direction": "Forward", "Index Name": "char_name_pkey", "Relation Name": "char_name", "Alias": "chn", "Startup Cost": 0.0, "Total Cost": 5.37, "Plan Rows": 1, "Plan Width": 20, "Actual Startup Time": 0.688, "Actual Total Time": 0.688, "Actual Rows": 104, "Actual Loops": 112, "Index Cond": "(id = ci.person_role_id)", "Rows Removed by Index Recheck": 0}]}, {"Node Type": "Index Scan", "Parent Relationship": "Inner", "Scan Direction": "Forward", "Index Name": "company_type_pkey", "Relation Name": "company_type", "Alias": "ct", "Startup Cost": 0.0, "Total Cost": 0.27, "Plan Rows": 1, "Plan Width": 4, "Actual Startup Time": 0.148, "Actual Total Time": 0.148, "Actual Rows": 18, "Actual Loops": 104, "Index Cond": "(id = mc.company_type_id)", "Rows Removed by Index Recheck": 0}]}]}, "Triggers": [], "Planner Runtime": 3, "Total Runtime": 1010.002, "Unique SQL Id": 2933943827}}, "(1, 118)": {"explain_plan": {"Plan": {"Node Type": "Aggregate", "Strategy": "Plain", "Startup Cost": 38342.48, "Total Cost": 38342.49, "Plan Rows": 1, "Plan Width": 97, "Plans": [{"Node Type": "Nested Loop", "Parent Relationship": "Outer", "Join Type": "Inner", "Startup Cost": 7.4, "Total Cost": 38342.47, "Plan Rows": 2, "Plan Width": 33, "Inner Unique": false, "Join Filter": "(mc.company_type_id = ct.id)", "Plans": [{"Node Type": "Seq Scan", "Parent Relationship": "Outer", "Relation Name": "company_type", "Alias": "ct", "Startup Cost": 0.0, "Total Cost": 1.03, "Plan Rows": 3, "Plan Width": 4}, {"Node Type": "Materialize", "Parent Relationship": "Inner", "Startup Cost": 7.4, "Total Cost": 38341.35, "Plan Rows": 2, "Plan Width": 37, "Plans": [{"Node Type": "Nested Loop", "Parent Relationship": "Outer", "Join Type": "Inner", "Startup Cost": 7.4, "Total Cost": 38341.34, "Plan Rows": 2, "Plan Width": 37, "Inner Unique": true, "Plans": [{"Node Type": "Nested Loop", "Parent Relationship": "Outer", "Join Type": "Inner", "Startup Cost": 7.13, "Total Cost": 38328.45, "Plan Rows": 3, "Plan Width": 28, "Inner Unique": true, "Plans": [{"Node Type": "Nested Loop", "Parent Relationship": "Outer", "Join Type": "Inner", "Startup Cost": 4.83, "Total Cost": 38290.52, "Plan Rows": 6, "Plan Width": 16, "Inner Unique": false, "Join Filter": "(ci.role_id = rt.id)", "Plans": [{"Node Type": "Seq Scan", "Parent Relationship": "Outer", "Relation Name": "role_type", "Alias": "rt", "Startup Cost": 0.0, "Total Cost": 1.15, "Plan Rows": 1, "Plan Width": 4, "Filter": "((role)::text = 'actor'::text)"}, {"Node Type": "Nested Loop", "Parent Relationship": "Inner", "Join Type": "Inner", "Startup Cost": 4.83, "Total Cost": 38288.52, "Plan Rows": 68, "Plan Width": 20, "Inner Unique": false, "Plans": [{"Node Type": "Nested Loop", "Parent Relationship": "Outer", "Join Type": "Inner", "Startup Cost": 4.32, "Total Cost": 20813.55, "Plan Rows": 3779, "Plan Width": 8, "Inner Unique": false, "Plans": [{"Node Type": "Seq Scan", "Parent Relationship": "Outer", "Relation Name": "company_name", "Alias": "cn", "Startup Cost": 0.0, "Total Cost": 5903.45, "Plan Rows": 251, "Plan Width": 4, "Filter": "((country_code)::text = '[ru]'::text)"}, {"Node Type": "Bitmap Heap Scan", "Parent Relationship": "Inner", "Relation Name": "movie_companies", "Alias": "mc", "Startup Cost": 4.32, "Total Cost": 59.25, "Plan Rows": 15, "Plan Width": 12, "Recheck Cond": "(company_id = cn.id)", "Plans": [{"Node Type": "Bitmap Index Scan", "Parent Relationship": "Outer", "Index Name": "company_id_movie_companies", "Startup Cost": 0.0, "Total Cost": 4.31, "Plan Rows": 15, "Plan Width": 0, "Index Cond": "(company_id = cn.id)"}]}]}, {"Node Type": "Bitmap Heap Scan", "Parent Relationship": "Inner", "Relation Name": "cast_info", "Alias": "ci", "Startup Cost": 0.51, "Total Cost": 4.61, "Plan Rows": 1, "Plan Width": 12, "Recheck Cond": "(movie_id = mc.movie_id)", "Filter": "(((note)::text ~~ '%(voice)%'::text) AND ((note)::text ~~ '%(uncredited)%'::text))", "Plans": [{"Node Type": "Bitmap Index Scan", "Parent Relationship": "Outer", "Index Name": "movie_id_cast_info", "Startup Cost": 0.0, "Total Cost": 0.51, "Plan Rows": 6, "Plan Width": 0, "Index Cond": "(movie_id = mc.movie_id)"}]}]}]}, {"Node Type": "Bitmap Heap Scan", "Parent Relationship": "Inner", "Relation Name": "char_name", "Alias": "chn", "Startup Cost": 2.3, "Total Cost": 6.31, "Plan Rows": 1, "Plan Width": 20, "Recheck Cond": "(id = ci.person_role_id)", "Plans": [{"Node Type": "Bitmap Index Scan", "Parent Relationship": "Outer", "Index Name": "char_name_pkey", "Startup Cost": 0.0, "Total Cost": 2.3, "Plan Rows": 1, "Plan Width": 0, "Index Cond": "(id = ci.person_role_id)"}]}]}, {"Node Type": "Bitmap Heap Scan", "Parent Relationship": "Inner", "Relation Name": "title", "Alias": "t", "Startup Cost": 0.27, "Total Cost": 4.29, "Plan Rows": 1, "Plan Width": 21, "Recheck Cond": "(id = mc.movie_id)", "Filter": "(production_year > 2005)", "Plans": [{"Node Type": "Bitmap Index Scan", "Parent Relationship": "Outer", "Index Name": "title_pkey", "Startup Cost": 0.0, "Total Cost": 0.27, "Plan Rows": 1, "Plan Width": 0, "Index Cond": "(id = mc.movie_id)"}]}]}]}]}]}, "Unique SQL Id": 2933943827, "Planner Runtime": 4}, "explain_analyze_plan": {"Plan": {"Node Type": "Aggregate", "Strategy": "Plain", "Startup Cost": 38342.48, "Total Cost": 38342.49, "Plan Rows": 1, "Plan Width": 97, "Actual Startup Time": 1051.606, "Actual Total Time": 1051.606, "Actual Rows": 1, "Actual Loops": 1, "Plans": [{"Node Type": "Nested Loop", "Parent Relationship": "Outer", "Join Type": "Inner", "Startup Cost": 7.4, "Total Cost": 38342.47, "Plan Rows": 2, "Plan Width": 33, "Actual Startup Time": 61.331, "Actual Total Time": 1051.524, "Actual Rows": 18, "Actual Loops": 1, "Inner Unique": false, "Join Filter": "(mc.company_type_id = ct.id)", "Rows Removed by Join Filter": 294, "Plans": [{"Node Type": "Seq Scan", "Parent Relationship": "Outer", "Relation Name": "company_type", "Alias": "ct", "Startup Cost": 0.0, "Total Cost": 1.03, "Plan Rows": 3, "Plan Width": 4, "Actual Startup Time": 0.013, "Actual Total Time": 0.015, "Actual Rows": 3, "Actual Loops": 1}, {"Node Type": "Materialize", "Parent Relationship": "Inner", "Startup Cost": 7.4, "Total Cost": 38341.35, "Plan Rows": 2, "Plan Width": 37, "Actual Startup Time": 12.803, "Actual Total Time": 1051.351, "Actual Rows": 312, "Actual Loops": 3, "Plans": [{"Node Type": "Nested Loop", "Parent Relationship": "Outer", "Join Type": "Inner", "Startup Cost": 7.4, "Total Cost": 38341.34, "Plan Rows": 2, "Plan Width": 37, "Actual Startup Time": 12.796, "Actual Total Time": 1051.168, "Actual Rows": 104, "Actual Loops": 1, "Inner Unique": true, "Plans": [{"Node Type": "Nested Loop", "Parent Relationship": "Outer", "Join Type": "Inner", "Startup Cost": 7.13, "Total Cost": 38328.45, "Plan Rows": 3, "Plan Width": 28, "Actual Startup Time": 1.092, "Actual Total Time": 1048.264, "Actual Rows": 265, "Actual Loops": 1, "Inner Unique": true, "Plans": [{"Node Type": "Nested Loop", "Parent Relationship": "Outer", "Join Type": "Inner", "Startup Cost": 4.83, "Total Cost": 38290.52, "Plan Rows": 6, "Plan Width": 16, "Actual Startup Time": 1.074, "Actual Total Time": 1039.87, "Actual Rows": 275, "Actual Loops": 1, "Inner Unique": false, "Join Filter": "(ci.role_id = rt.id)", "Rows Removed by Join Filter": 102, "Plans": [{"Node Type": "Seq Scan", "Parent Relationship": "Outer", "Relation Name": "role_type", "Alias": "rt", "Startup Cost": 0.0, "Total Cost": 1.15, "Plan Rows": 1, "Plan Width": 4, "Actual Startup Time": 0.011, "Actual Total Time": 0.017, "Actual Rows": 1, "Actual Loops": 1, "Filter": "((role)::text = 'actor'::text)", "Rows Removed by Filter": 11}, {"Node Type": "Nested Loop", "Parent Relationship": "Inner", "Join Type": "Inner", "Startup Cost": 4.83, "Total Cost": 38288.52, "Plan Rows": 68, "Plan Width": 20, "Actual Startup Time": 1.053, "Actual Total Time": 1039.552, "Actual Rows": 377, "Actual Loops": 1, "Inner Unique": false, "Plans": [{"Node Type": "Nested Loop", "Parent Relationship": "Outer", "Join Type": "Inner", "Startup Cost": 4.32, "Total Cost": 20813.55, "Plan Rows": 3779, "Plan Width": 8, "Actual Startup Time": 0.076, "Actual Total Time": 113.43, "Actual Rows": 8790, "Actual Loops": 1, "Inner Unique": false, "Plans": [{"Node Type": "Seq Scan", "Parent Relationship": "Outer", "Relation Name": "company_name", "Alias": "cn", "Startup Cost": 0.0, "Total Cost": 5903.45, "Plan Rows": 251, "Plan Width": 4, "Actual Startup Time": 0.037, "Actual Total Time": 82.281, "Actual Rows": 1361, "Actual Loops": 1, "Filter": "((country_code)::text = '[ru]'::text)", "Rows Removed by Filter": 233635}, {"Node Type": "Bitmap Heap Scan", "Parent Relationship": "Inner", "Relation Name": "movie_companies", "Alias": "mc", "Startup Cost": 4.32, "Total Cost": 59.25, "Plan Rows": 15, "Plan Width": 12, "Actual Startup Time": 13.444, "Actual Total Time": 26.33, "Actual Rows": 8790, "Actual Loops": 1361, "Recheck Cond": "(company_id = cn.id)", "Rows Removed by Index Recheck": 0, "Exact Heap Blocks": 7155, "Lossy Heap Blocks": 7155, "Plans": [{"Node Type": "Bitmap Index Scan", "Parent Relationship": "Outer", "Index Name": "company_id_movie_companies", "Startup Cost": 0.0, "Total Cost": 4.31, "Plan Rows": 15, "Plan Width": 0, "Actual Startup Time": 8.375, "Actual Total Time": 8.375, "Actual Rows": 8790, "Actual Loops": 1361, "Index Cond": "(company_id = cn.id)"}]}]}, {"Node Type": "Bitmap Heap Scan", "Parent Relationship": "Inner", "Relation Name": "cast_info", "Alias": "ci", "Startup Cost": 0.51, "Total Cost": 4.61, "Plan Rows": 1, "Plan Width": 12, "Actual Startup Time": 862.141, "Actual Total Time": 909.97, "Actual Rows": 377, "Actual Loops": 8790, "Recheck Cond": "(movie_id = mc.movie_id)", "Rows Removed by Index Recheck": 0, "Filter": "(((note)::text ~~ '%(voice)%'::text) AND ((note)::text ~~ '%(uncredited)%'::text))", "Rows Removed by Filter": 408168, "Exact Heap Blocks": 397651, "Lossy Heap Blocks": 397651, "Plans": [{"Node Type": "Bitmap Index Scan", "Parent Relationship": "Outer", "Index Name": "movie_id_cast_info", "Startup Cost": 0.0, "Total Cost": 0.51, "Plan Rows": 6, "Plan Width": 0, "Actual Startup Time": 120.878, "Actual Total Time": 120.878, "Actual Rows": 408545, "Actual Loops": 8790, "Index Cond": "(movie_id = mc.movie_id)"}]}]}]}, {"Node Type": "Bitmap Heap Scan", "Parent Relationship": "Inner", "Relation Name": "char_name", "Alias": "chn", "Startup Cost": 2.3, "Total Cost": 6.31, "Plan Rows": 1, "Plan Width": 20, "Actual Startup Time": 7.588, "Actual Total Time": 7.588, "Actual Rows": 265, "Actual Loops": 275, "Recheck Cond": "(id = ci.person_role_id)", "Rows Removed by Index Recheck": 0, "Exact Heap Blocks": 265, "Lossy Heap Blocks": 265, "Plans": [{"Node Type": "Bitmap Index Scan", "Parent Relationship": "Outer", "Index Name": "char_name_pkey", "Startup Cost": 0.0, "Total Cost": 2.3, "Plan Rows": 1, "Plan Width": 0, "Actual Startup Time": 4.854, "Actual Total Time": 4.854, "Actual Rows": 265, "Actual Loops": 275, "Index Cond": "(id = ci.person_role_id)"}]}]}, {"Node Type": "Bitmap Heap Scan", "Parent Relationship": "Inner", "Relation Name": "title", "Alias": "t", "Startup Cost": 0.27, "Total Cost": 4.29, "Plan Rows": 1, "Plan Width": 21, "Actual Startup Time": 2.217, "Actual Total Time": 2.217, "Actual Rows": 104, "Actual Loops": 265, "Recheck Cond": "(id = mc.movie_id)", "Rows Removed by Index Recheck": 0, "Filter": "(production_year > 2005)", "Rows Removed by Filter": 161, "Exact Heap Blocks": 265, "Lossy Heap Blocks": 265, "Plans": [{"Node Type": "Bitmap Index Scan", "Parent Relationship": "Outer", "Index Name": "title_pkey", "Startup Cost": 0.0, "Total Cost": 0.27, "Plan Rows": 1, "Plan Width": 0, "Actual Startup Time": 1.362, "Actual Total Time": 1.362, "Actual Rows": 265, "Actual Loops": 265, "Index Cond": "(id = mc.movie_id)"}]}]}]}]}]}, "Triggers": [], "Planner Runtime": 4, "Total Runtime": 1051.978, "Unique SQL Id": 2933943827}}, "(1, 119)": {"explain_plan": {"Plan": {"Node Type": "Aggregate", "Strategy": "Plain", "Startup Cost": 1000020511889.56, "Total Cost": 1000020511889.57, "Plan Rows": 1, "Plan Width": 97, "Plans": [{"Node Type": "Nested Loop", "Parent Relationship": "Outer", "Join Type": "Inner", "Startup Cost": 10000000003.85, "Total Cost": 1000020511889.55, "Plan Rows": 2, "Plan Width": 33, "Inner Unique": true, "Plans": [{"Node Type": "Nested Loop", "Parent Relationship": "Outer", "Join Type": "Inner", "Startup Cost": 10000000003.6, "Total Cost": 1000020511880.99, "Plan Rows": 2, "Plan Width": 37, "Inner Unique": true, "Plans": [{"Node Type": "Nested Loop", "Parent Relationship": "Outer", "Join Type": "Inner", "Startup Cost": 10000000003.32, "Total Cost": 1000020511868.1, "Plan Rows": 3, "Plan Width": 28, "Inner Unique": true, "Plans": [{"Node Type": "Nested Loop", "Parent Relationship": "Outer", "Join Type": "Inner", "Startup Cost": 10000000001.03, "Total Cost": 1000020511830.17, "Plan Rows": 6, "Plan Width": 16, "Inner Unique": true, "Plans": [{"Node Type": "Nested Loop", "Parent Relationship": "Outer", "Join Type": "Inner", "Startup Cost": 10000000000.77, "Total Cost": 1000020511538.92, "Plan Rows": 68, "Plan Width": 20, "Inner Unique": false, "Plans": [{"Node Type": "Nested Loop", "Parent Relationship": "Outer", "Join Type": "Inner", "Startup Cost": 10000000000.26, "Total Cost": 1000020494063.94, "Plan Rows": 3779, "Plan Width": 8, "Inner Unique": true, "Plans": [{"Node Type": "Index Scan", "Parent Relationship": "Outer", "Scan Direction": "Forward", "Index Name": "company_type_id_movie_companies", "Relation Name": "movie_companies", "Alias": "mc", "Startup Cost": 10000000000.0, "Total Cost": 1000009318217.0, "Plan Rows": 2609128, "Plan Width": 12}, {"Node Type": "Bitmap Heap Scan", "Parent Relationship": "Inner", "Relation Name": "company_name", "Alias": "cn", "Startup Cost": 0.26, "Total Cost": 4.27, "Plan Rows": 1, "Plan Width": 4, "Recheck Cond": "(id = mc.company_id)", "Filter": "((country_code)::text = '[ru]'::text)", "Plans": [{"Node Type": "Bitmap Index Scan", "Parent Relationship": "Outer", "Index Name": "company_name_pkey", "Startup Cost": 0.0, "Total Cost": 0.26, "Plan Rows": 1, "Plan Width": 0, "Index Cond": "(id = mc.company_id)"}]}]}, {"Node Type": "Bitmap Heap Scan", "Parent Relationship": "Inner", "Relation Name": "cast_info", "Alias": "ci", "Startup Cost": 0.51, "Total Cost": 4.61, "Plan Rows": 1, "Plan Width": 12, "Recheck Cond": "(movie_id = mc.movie_id)", "Filter": "(((note)::text ~~ '%(voice)%'::text) AND ((note)::text ~~ '%(uncredited)%'::text))", "Plans": [{"Node Type": "Bitmap Index Scan", "Parent Relationship": "Outer", "Index Name": "movie_id_cast_info", "Startup Cost": 0.0, "Total Cost": 0.51, "Plan Rows": 6, "Plan Width": 0, "Index Cond": "(movie_id = mc.movie_id)"}]}]}, {"Node Type": "Bitmap Heap Scan", "Parent Relationship": "Inner", "Relation Name": "role_type", "Alias": "rt", "Startup Cost": 0.26, "Total Cost": 4.27, "Plan Rows": 1, "Plan Width": 4, "Recheck Cond": "(id = ci.role_id)", "Filter": "((role)::text = 'actor'::text)", "Plans": [{"Node Type": "Bitmap Index Scan", "Parent Relationship": "Outer", "Index Name": "role_type_pkey", "Startup Cost": 0.0, "Total Cost": 0.26, "Plan Rows": 1, "Plan Width": 0, "Index Cond": "(id = ci.role_id)"}]}]}, {"Node Type": "Bitmap Heap Scan", "Parent Relationship": "Inner", "Relation Name": "char_name", "Alias": "chn", "Startup Cost": 2.3, "Total Cost": 6.31, "Plan Rows": 1, "Plan Width": 20, "Recheck Cond": "(id = ci.person_role_id)", "Plans": [{"Node Type": "Bitmap Index Scan", "Parent Relationship": "Outer", "Index Name": "char_name_pkey", "Startup Cost": 0.0, "Total Cost": 2.3, "Plan Rows": 1, "Plan Width": 0, "Index Cond": "(id = ci.person_role_id)"}]}]}, {"Node Type": "Bitmap Heap Scan", "Parent Relationship": "Inner", "Relation Name": "title", "Alias": "t", "Startup Cost": 0.27, "Total Cost": 4.29, "Plan Rows": 1, "Plan Width": 21, "Recheck Cond": "(id = mc.movie_id)", "Filter": "(production_year > 2005)", "Plans": [{"Node Type": "Bitmap Index Scan", "Parent Relationship": "Outer", "Index Name": "title_pkey", "Startup Cost": 0.0, "Total Cost": 0.27, "Plan Rows": 1, "Plan Width": 0, "Index Cond": "(id = mc.movie_id)"}]}]}, {"Node Type": "Bitmap Heap Scan", "Parent Relationship": "Inner", "Relation Name": "company_type", "Alias": "ct", "Startup Cost": 0.26, "Total Cost": 4.27, "Plan Rows": 1, "Plan Width": 4, "Recheck Cond": "(id = mc.company_type_id)", "Plans": [{"Node Type": "Bitmap Index Scan", "Parent Relationship": "Outer", "Index Name": "company_type_pkey", "Startup Cost": 0.0, "Total Cost": 0.26, "Plan Rows": 1, "Plan Width": 0, "Index Cond": "(id = mc.company_type_id)"}]}]}]}, "Unique SQL Id": 2933943827, "Planner Runtime": 3}, "explain_analyze_plan": null}, "(1, 120)": {"explain_plan": {"Plan": {"Node Type": "Aggregate", "Strategy": "Plain", "Startup Cost": 19897.43, "Total Cost": 19897.44, "Plan Rows": 1, "Plan Width": 97, "Plans": [{"Node Type": "Nested Loop", "Parent Relationship": "Outer", "Join Type": "Inner", "Startup Cost": 0.0, "Total Cost": 19897.42, "Plan Rows": 2, "Plan Width": 33, "Inner Unique": true, "Plans": [{"Node Type": "Nested Loop", "Parent Relationship": "Outer", "Join Type": "Inner", "Startup Cost": 0.0, "Total Cost": 19896.86, "Plan Rows": 2, "Plan Width": 37, "Inner Unique": true, "Plans": [{"Node Type": "Nested Loop", "Parent Relationship": "Outer", "Join Type": "Inner", "Startup Cost": 0.0, "Total Cost": 19869.97, "Plan Rows": 5, "Plan Width": 25, "Inner Unique": true, "Plans": [{"Node Type": "Nested Loop", "Parent Relationship": "Outer", "Join Type": "Inner", "Startup Cost": 0.0, "Total Cost": 19867.87, "Plan Rows": 6, "Plan Width": 16, "Inner Unique": false, "Join Filter": "(ci.role_id = rt.id)", "Plans": [{"Node Type": "Seq Scan", "Parent Relationship": "Outer", "Relation Name": "role_type", "Alias": "rt", "Startup Cost": 0.0, "Total Cost": 1.15, "Plan Rows": 1, "Plan Width": 4, "Filter": "((role)::text = 'actor'::text)"}, {"Node Type": "Nested Loop", "Parent Relationship": "Inner", "Join Type": "Inner", "Startup Cost": 0.0, "Total Cost": 19865.87, "Plan Rows": 68, "Plan Width": 20, "Inner Unique": false, "Plans": [{"Node Type": "Nested Loop", "Parent Relationship": "Outer", "Join Type": "Inner", "Startup Cost": 0.0, "Total Cost": 16121.55, "Plan Rows": 3779, "Plan Width": 8, "Inner Unique": false, "Plans": [{"Node Type": "Seq Scan", "Parent Relationship": "Outer", "Relation Name": "company_name", "Alias": "cn", "Startup Cost": 0.0, "Total Cost": 5903.45, "Plan Rows": 251, "Plan Width": 4, "Filter": "((country_code)::text = '[ru]'::text)"}, {"Node Type": "Index Scan", "Parent Relationship": "Inner", "Scan Direction": "Forward", "Index Name": "company_id_movie_companies", "Relation Name": "movie_companies", "Alias": "mc", "Startup Cost": 0.0, "Total Cost": 40.56, "Plan Rows": 15, "Plan Width": 12, "Index Cond": "(company_id = cn.id)"}]}, {"Node Type": "Index Scan", "Parent Relationship": "Inner", "Scan Direction": "Forward", "Index Name": "movie_id_cast_info", "Relation Name": "cast_info", "Alias": "ci", "Startup Cost": 0.0, "Total Cost": 0.98, "Plan Rows": 1, "Plan Width": 12, "Index Cond": "(movie_id = mc.movie_id)", "Filter": "(((note)::text ~~ '%(voice)%'::text) AND ((note)::text ~~ '%(uncredited)%'::text))"}]}]}, {"Node Type": "Index Scan", "Parent Relationship": "Inner", "Scan Direction": "Forward", "Index Name": "title_pkey", "Relation Name": "title", "Alias": "t", "Startup Cost": 0.0, "Total Cost": 0.34, "Plan Rows": 1, "Plan Width": 21, "Index Cond": "(id = mc.movie_id)", "Filter": "(production_year > 2005)"}]}, {"Node Type": "Index Scan", "Parent Relationship": "Inner", "Scan Direction": "Forward", "Index Name": "char_name_pkey", "Relation Name": "char_name", "Alias": "chn", "Startup Cost": 0.0, "Total Cost": 5.37, "Plan Rows": 1, "Plan Width": 20, "Index Cond": "(id = ci.person_role_id)"}]}, {"Node Type": "Index Only Scan", "Parent Relationship": "Inner", "Scan Direction": "Forward", "Index Name": "company_type_pkey", "Relation Name": "company_type", "Alias": "ct", "Startup Cost": 0.0, "Total Cost": 0.27, "Plan Rows": 1, "Plan Width": 4, "Index Cond": "(id = mc.company_type_id)"}]}]}, "Unique SQL Id": 2933943827, "Planner Runtime": 3}, "explain_analyze_plan": {"Plan": {"Node Type": "Aggregate", "Strategy": "Plain", "Startup Cost": 19897.43, "Total Cost": 19897.44, "Plan Rows": 1, "Plan Width": 97, "Actual Startup Time": 849.792, "Actual Total Time": 849.792, "Actual Rows": 1, "Actual Loops": 1, "Plans": [{"Node Type": "Nested Loop", "Parent Relationship": "Outer", "Join Type": "Inner", "Startup Cost": 0.0, "Total Cost": 19897.42, "Plan Rows": 2, "Plan Width": 33, "Actual Startup Time": 45.94, "Actual Total Time": 849.705, "Actual Rows": 18, "Actual Loops": 1, "Inner Unique": true, "Plans": [{"Node Type": "Nested Loop", "Parent Relationship": "Outer", "Join Type": "Inner", "Startup Cost": 0.0, "Total Cost": 19896.86, "Plan Rows": 2, "Plan Width": 37, "Actual Startup Time": 9.453, "Actual Total Time": 849.336, "Actual Rows": 104, "Actual Loops": 1, "Inner Unique": true, "Plans": [{"Node Type": "Nested Loop", "Parent Relationship": "Outer", "Join Type": "Inner", "Startup Cost": 0.0, "Total Cost": 19869.97, "Plan Rows": 5, "Plan Width": 25, "Actual Startup Time": 9.441, "Actual Total Time": 848.326, "Actual Rows": 112, "Actual Loops": 1, "Inner Unique": true, "Plans": [{"Node Type": "Nested Loop", "Parent Relationship": "Outer", "Join Type": "Inner", "Startup Cost": 0.0, "Total Cost": 19867.87, "Plan Rows": 6, "Plan Width": 16, "Actual Startup Time": 0.798, "Actual Total Time": 846.093, "Actual Rows": 275, "Actual Loops": 1, "Inner Unique": false, "Join Filter": "(ci.role_id = rt.id)", "Rows Removed by Join Filter": 102, "Plans": [{"Node Type": "Seq Scan", "Parent Relationship": "Outer", "Relation Name": "role_type", "Alias": "rt", "Startup Cost": 0.0, "Total Cost": 1.15, "Plan Rows": 1, "Plan Width": 4, "Actual Startup Time": 0.016, "Actual Total Time": 0.022, "Actual Rows": 1, "Actual Loops": 1, "Filter": "((role)::text = 'actor'::text)", "Rows Removed by Filter": 11}, {"Node Type": "Nested Loop", "Parent Relationship": "Inner", "Join Type": "Inner", "Startup Cost": 0.0, "Total Cost": 19865.87, "Plan Rows": 68, "Plan Width": 20, "Actual Startup Time": 0.763, "Actual Total Time": 845.809, "Actual Rows": 377, "Actual Loops": 1, "Inner Unique": false, "Plans": [{"Node Type": "Nested Loop", "Parent Relationship": "Outer", "Join Type": "Inner", "Startup Cost": 0.0, "Total Cost": 16121.55, "Plan Rows": 3779, "Plan Width": 8, "Actual Startup Time": 0.051, "Actual Total Time": 104.329, "Actual Rows": 8790, "Actual Loops": 1, "Inner Unique": false, "Plans": [{"Node Type": "Seq Scan", "Parent Relationship": "Outer", "Relation Name": "company_name", "Alias": "cn", "Startup Cost": 0.0, "Total Cost": 5903.45, "Plan Rows": 251, "Plan Width": 4, "Actual Startup Time": 0.034, "Actual Total Time": 81.103, "Actual Rows": 1361, "Actual Loops": 1, "Filter": "((country_code)::text = '[ru]'::text)", "Rows Removed by Filter": 233635}, {"Node Type": "Index Scan", "Parent Relationship": "Inner", "Scan Direction": "Forward", "Index Name": "company_id_movie_companies", "Relation Name": "movie_companies", "Alias": "mc", "Startup Cost": 0.0, "Total Cost": 40.56, "Plan Rows": 15, "Plan Width": 12, "Actual Startup Time": 8.58, "Actual Total Time": 20.037, "Actual Rows": 8790, "Actual Loops": 1361, "Index Cond": "(company_id = cn.id)", "Rows Removed by Index Recheck": 0}]}, {"Node Type": "Index Scan", "Parent Relationship": "Inner", "Scan Direction": "Forward", "Index Name": "movie_id_cast_info", "Relation Name": "cast_info", "Alias": "ci", "Startup Cost": 0.0, "Total Cost": 0.98, "Plan Rows": 1, "Plan Width": 12, "Actual Startup Time": 693.142, "Actual Total Time": 736.17, "Actual Rows": 377, "Actual Loops": 8790, "Index Cond": "(movie_id = mc.movie_id)", "Rows Removed by Index Recheck": 0, "Filter": "(((note)::text ~~ '%(voice)%'::text) AND ((note)::text ~~ '%(uncredited)%'::text))", "Rows Removed by Filter": 408168}]}]}, {"Node Type": "Index Scan", "Parent Relationship": "Inner", "Scan Direction": "Forward", "Index Name": "title_pkey", "Relation Name": "title", "Alias": "t", "Startup Cost": 0.0, "Total Cost": 0.34, "Plan Rows": 1, "Plan Width": 21, "Actual Startup Time": 1.815, "Actual Total Time": 1.815, "Actual Rows": 112, "Actual Loops": 275, "Index Cond": "(id = mc.movie_id)", "Rows Removed by Index Recheck": 0, "Filter": "(production_year > 2005)", "Rows Removed by Filter": 163}]}, {"Node Type": "Index Scan", "Parent Relationship": "Inner", "Scan Direction": "Forward", "Index Name": "char_name_pkey", "Relation Name": "char_name", "Alias": "chn", "Startup Cost": 0.0, "Total Cost": 5.37, "Plan Rows": 1, "Plan Width": 20, "Actual Startup Time": 0.744, "Actual Total Time": 0.744, "Actual Rows": 104, "Actual Loops": 112, "Index Cond": "(id = ci.person_role_id)", "Rows Removed by Index Recheck": 0}]}, {"Node Type": "Index Only Scan", "Parent Relationship": "Inner", "Scan Direction": "Forward", "Index Name": "company_type_pkey", "Relation Name": "company_type", "Alias": "ct", "Startup Cost": 0.0, "Total Cost": 0.27, "Plan Rows": 1, "Plan Width": 4, "Actual Startup Time": 0.203, "Actual Total Time": 0.203, "Actual Rows": 18, "Actual Loops": 104, "Index Cond": "(id = mc.company_type_id)", "Rows Removed by Index Recheck": 0, "Heap Fetches": 0}]}]}, "Triggers": [], "Planner Runtime": 3, "Total Runtime": 850.164, "Unique SQL Id": 2933943827}}, "(1, 121)": {"explain_plan": {"Plan": {"Node Type": "Aggregate", "Strategy": "Plain", "Startup Cost": 24506.67, "Total Cost": 24506.68, "Plan Rows": 1, "Plan Width": 97, "Plans": [{"Node Type": "Nested Loop", "Parent Relationship": "Outer", "Join Type": "Inner", "Startup Cost": 0.0, "Total Cost": 24506.66, "Plan Rows": 2, "Plan Width": 33, "Inner Unique": true, "Plans": [{"Node Type": "Nested Loop", "Parent Relationship": "Outer", "Join Type": "Inner", "Startup Cost": 0.0, "Total Cost": 24506.1, "Plan Rows": 2, "Plan Width": 37, "Inner Unique": true, "Plans": [{"Node Type": "Nested Loop", "Parent Relationship": "Outer", "Join Type": "Inner", "Startup Cost": 0.0, "Total Cost": 24479.22, "Plan Rows": 5, "Plan Width": 25, "Inner Unique": true, "Plans": [{"Node Type": "Nested Loop", "Parent Relationship": "Outer", "Join Type": "Inner", "Startup Cost": 0.0, "Total Cost": 24477.12, "Plan Rows": 6, "Plan Width": 16, "Inner Unique": false, "Join Filter": "(ci.role_id = rt.id)", "Plans": [{"Node Type": "Index Scan", "Parent Relationship": "Outer", "Scan Direction": "Forward", "Index Name": "role_type_pkey", "Relation Name": "role_type", "Alias": "rt", "Startup Cost": 0.0, "Total Cost": 12.46, "Plan Rows": 1, "Plan Width": 4, "Filter": "((role)::text = 'actor'::text)"}, {"Node Type": "Nested Loop", "Parent Relationship": "Inner", "Join Type": "Inner", "Startup Cost": 0.0, "Total Cost": 24463.81, "Plan Rows": 68, "Plan Width": 20, "Inner Unique": false, "Plans": [{"Node Type": "Nested Loop", "Parent Relationship": "Outer", "Join Type": "Inner", "Startup Cost": 0.0, "Total Cost": 20719.49, "Plan Rows": 3779, "Plan Width": 8, "Inner Unique": false, "Plans": [{"Node Type": "Index Scan", "Parent Relationship": "Outer", "Scan Direction": "Forward", "Index Name": "company_name_pkey", "Relation Name": "company_name", "Alias": "cn", "Startup Cost": 0.0, "Total Cost": 10501.39, "Plan Rows": 251, "Plan Width": 4, "Filter": "((country_code)::text = '[ru]'::text)"}, {"Node Type": "Index Scan", "Parent Relationship": "Inner", "Scan Direction": "Forward", "Index Name": "company_id_movie_companies", "Relation Name": "movie_companies", "Alias": "mc", "Startup Cost": 0.0, "Total Cost": 40.56, "Plan Rows": 15, "Plan Width": 12, "Index Cond": "(company_id = cn.id)"}]}, {"Node Type": "Index Scan", "Parent Relationship": "Inner", "Scan Direction": "Forward", "Index Name": "movie_id_cast_info", "Relation Name": "cast_info", "Alias": "ci", "Startup Cost": 0.0, "Total Cost": 0.98, "Plan Rows": 1, "Plan Width": 12, "Index Cond": "(movie_id = mc.movie_id)", "Filter": "(((note)::text ~~ '%(voice)%'::text) AND ((note)::text ~~ '%(uncredited)%'::text))"}]}]}, {"Node Type": "Index Scan", "Parent Relationship": "Inner", "Scan Direction": "Forward", "Index Name": "title_pkey", "Relation Name": "title", "Alias": "t", "Startup Cost": 0.0, "Total Cost": 0.34, "Plan Rows": 1, "Plan Width": 21, "Index Cond": "(id = mc.movie_id)", "Filter": "(production_year > 2005)"}]}, {"Node Type": "Index Scan", "Parent Relationship": "Inner", "Scan Direction": "Forward", "Index Name": "char_name_pkey", "Relation Name": "char_name", "Alias": "chn", "Startup Cost": 0.0, "Total Cost": 5.37, "Plan Rows": 1, "Plan Width": 20, "Index Cond": "(id = ci.person_role_id)"}]}, {"Node Type": "Index Only Scan", "Parent Relationship": "Inner", "Scan Direction": "Forward", "Index Name": "company_type_pkey", "Relation Name": "company_type", "Alias": "ct", "Startup Cost": 0.0, "Total Cost": 0.27, "Plan Rows": 1, "Plan Width": 4, "Index Cond": "(id = mc.company_type_id)"}]}]}, "Unique SQL Id": 2933943827, "Planner Runtime": 3}, "explain_analyze_plan": {"Plan": {"Node Type": "Aggregate", "Strategy": "Plain", "Startup Cost": 24506.67, "Total Cost": 24506.68, "Plan Rows": 1, "Plan Width": 97, "Actual Startup Time": 1109.578, "Actual Total Time": 1109.578, "Actual Rows": 1, "Actual Loops": 1, "Plans": [{"Node Type": "Nested Loop", "Parent Relationship": "Outer", "Join Type": "Inner", "Startup Cost": 0.0, "Total Cost": 24506.66, "Plan Rows": 2, "Plan Width": 33, "Actual Startup Time": 29.393, "Actual Total Time": 1109.498, "Actual Rows": 18, "Actual Loops": 1, "Inner Unique": true, "Plans": [{"Node Type": "Nested Loop", "Parent Relationship": "Outer", "Join Type": "Inner", "Startup Cost": 0.0, "Total Cost": 24506.1, "Plan Rows": 2, "Plan Width": 37, "Actual Startup Time": 22.505, "Actual Total Time": 1109.156, "Actual Rows": 104, "Actual Loops": 1, "Inner Unique": true, "Plans": [{"Node Type": "Nested Loop", "Parent Relationship": "Outer", "Join Type": "Inner", "Startup Cost": 0.0, "Total Cost": 24479.22, "Plan Rows": 5, "Plan Width": 25, "Actual Startup Time": 22.492, "Actual Total Time": 1108.078, "Actual Rows": 112, "Actual Loops": 1, "Inner Unique": true, "Plans": [{"Node Type": "Nested Loop", "Parent Relationship": "Outer", "Join Type": "Inner", "Startup Cost": 0.0, "Total Cost": 24477.12, "Plan Rows": 6, "Plan Width": 16, "Actual Startup Time": 6.312, "Actual Total Time": 1105.702, "Actual Rows": 275, "Actual Loops": 1, "Inner Unique": false, "Join Filter": "(ci.role_id = rt.id)", "Rows Removed by Join Filter": 102, "Plans": [{"Node Type": "Index Scan", "Parent Relationship": "Outer", "Scan Direction": "Forward", "Index Name": "role_type_pkey", "Relation Name": "role_type", "Alias": "rt", "Startup Cost": 0.0, "Total Cost": 12.46, "Plan Rows": 1, "Plan Width": 4, "Actual Startup Time": 0.019, "Actual Total Time": 0.032, "Actual Rows": 1, "Actual Loops": 1, "Filter": "((role)::text = 'actor'::text)", "Rows Removed by Filter": 11}, {"Node Type": "Nested Loop", "Parent Relationship": "Inner", "Join Type": "Inner", "Startup Cost": 0.0, "Total Cost": 24463.81, "Plan Rows": 68, "Plan Width": 20, "Actual Startup Time": 6.284, "Actual Total Time": 1105.39, "Actual Rows": 377, "Actual Loops": 1, "Inner Unique": false, "Plans": [{"Node Type": "Nested Loop", "Parent Relationship": "Outer", "Join Type": "Inner", "Startup Cost": 0.0, "Total Cost": 20719.49, "Plan Rows": 3779, "Plan Width": 8, "Actual Startup Time": 0.444, "Actual Total Time": 336.747, "Actual Rows": 8790, "Actual Loops": 1, "Inner Unique": false, "Plans": [{"Node Type": "Index Scan", "Parent Relationship": "Outer", "Scan Direction": "Forward", "Index Name": "company_name_pkey", "Relation Name": "company_name", "Alias": "cn", "Startup Cost": 0.0, "Total Cost": 10501.39, "Plan Rows": 251, "Plan Width": 4, "Actual Startup Time": 0.43, "Actual Total Time": 312.872, "Actual Rows": 1361, "Actual Loops": 1, "Filter": "((country_code)::text = '[ru]'::text)", "Rows Removed by Filter": 233635}, {"Node Type": "Index Scan", "Parent Relationship": "Inner", "Scan Direction": "Forward", "Index Name": "company_id_movie_companies", "Relation Name": "movie_companies", "Alias": "mc", "Startup Cost": 0.0, "Total Cost": 40.56, "Plan Rows": 15, "Plan Width": 12, "Actual Startup Time": 8.429, "Actual Total Time": 20.182, "Actual Rows": 8790, "Actual Loops": 1361, "Index Cond": "(company_id = cn.id)", "Rows Removed by Index Recheck": 0}]}, {"Node Type": "Index Scan", "Parent Relationship": "Inner", "Scan Direction": "Forward", "Index Name": "movie_id_cast_info", "Relation Name": "cast_info", "Alias": "ci", "Startup Cost": 0.0, "Total Cost": 0.98, "Plan Rows": 1, "Plan Width": 12, "Actual Startup Time": 717.855, "Actual Total Time": 762.941, "Actual Rows": 377, "Actual Loops": 8790, "Index Cond": "(movie_id = mc.movie_id)", "Rows Removed by Index Recheck": 0, "Filter": "(((note)::text ~~ '%(voice)%'::text) AND ((note)::text ~~ '%(uncredited)%'::text))", "Rows Removed by Filter": 408168}]}]}, {"Node Type": "Index Scan", "Parent Relationship": "Inner", "Scan Direction": "Forward", "Index Name": "title_pkey", "Relation Name": "title", "Alias": "t", "Startup Cost": 0.0, "Total Cost": 0.34, "Plan Rows": 1, "Plan Width": 21, "Actual Startup Time": 1.933, "Actual Total Time": 1.933, "Actual Rows": 112, "Actual Loops": 275, "Index Cond": "(id = mc.movie_id)", "Rows Removed by Index Recheck": 0, "Filter": "(production_year > 2005)", "Rows Removed by Filter": 163}]}, {"Node Type": "Index Scan", "Parent Relationship": "Inner", "Scan Direction": "Forward", "Index Name": "char_name_pkey", "Relation Name": "char_name", "Alias": "chn", "Startup Cost": 0.0, "Total Cost": 5.37, "Plan Rows": 1, "Plan Width": 20, "Actual Startup Time": 0.818, "Actual Total Time": 0.818, "Actual Rows": 104, "Actual Loops": 112, "Index Cond": "(id = ci.person_role_id)", "Rows Removed by Index Recheck": 0}]}, {"Node Type": "Index Only Scan", "Parent Relationship": "Inner", "Scan Direction": "Forward", "Index Name": "company_type_pkey", "Relation Name": "company_type", "Alias": "ct", "Startup Cost": 0.0, "Total Cost": 0.27, "Plan Rows": 1, "Plan Width": 4, "Actual Startup Time": 0.182, "Actual Total Time": 0.182, "Actual Rows": 18, "Actual Loops": 104, "Index Cond": "(id = mc.company_type_id)", "Rows Removed by Index Recheck": 0, "Heap Fetches": 0}]}]}, "Triggers": [], "Planner Runtime": 3, "Total Runtime": 1109.893, "Unique SQL Id": 2933943827}}, "(1, 122)": {"explain_plan": {"Plan": {"Node Type": "Aggregate", "Strategy": "Plain", "Startup Cost": 11230073.15, "Total Cost": 11230073.16, "Plan Rows": 1, "Plan Width": 97, "Plans": [{"Node Type": "Nested Loop", "Parent Relationship": "Outer", "Join Type": "Inner", "Startup Cost": 0.0, "Total Cost": 11230073.14, "Plan Rows": 2, "Plan Width": 33, "Inner Unique": false, "Join Filter": "(mc.company_type_id = ct.id)", "Plans": [{"Node Type": "Seq Scan", "Parent Relationship": "Outer", "Relation Name": "company_type", "Alias": "ct", "Startup Cost": 0.0, "Total Cost": 1.03, "Plan Rows": 3, "Plan Width": 4}, {"Node Type": "Materialize", "Parent Relationship": "Inner", "Startup Cost": 0.0, "Total Cost": 11230072.02, "Plan Rows": 2, "Plan Width": 37, "Plans": [{"Node Type": "Nested Loop", "Parent Relationship": "Outer", "Join Type": "Inner", "Startup Cost": 0.0, "Total Cost": 11230072.01, "Plan Rows": 2, "Plan Width": 37, "Inner Unique": false, "Join Filter": "(ci.person_role_id = chn.id)", "Plans": [{"Node Type": "Seq Scan", "Parent Relationship": "Outer", "Relation Name": "char_name", "Alias": "chn", "Startup Cost": 0.0, "Total Cost": 67493.38, "Plan Rows": 3140338, "Plan Width": 20}, {"Node Type": "Materialize", "Parent Relationship": "Inner", "Startup Cost": 0.0, "Total Cost": 10927053.29, "Plan Rows": 5, "Plan Width": 25, "Plans": [{"Node Type": "Nested Loop", "Parent Relationship": "Outer", "Join Type": "Inner", "Startup Cost": 0.0, "Total Cost": 10927053.27, "Plan Rows": 5, "Plan Width": 25, "Inner Unique": false, "Join Filter": "(mc.movie_id = t.id)", "Plans": [{"Node Type": "Seq Scan", "Parent Relationship": "Outer", "Relation Name": "title", "Alias": "t", "Startup Cost": 0.0, "Total Cost": 66389.89, "Plan Rows": 1013492, "Plan Width": 21, "Filter": "(production_year > 2005), (LLVM Optimized)"}, {"Node Type": "Materialize", "Parent Relationship": "Inner", "Startup Cost": 0.0, "Total Cost": 10769449.12, "Plan Rows": 6, "Plan Width": 16, "Plans": [{"Node Type": "Nested Loop", "Parent Relationship": "Outer", "Join Type": "Inner", "Startup Cost": 0.0, "Total Cost": 10769449.09, "Plan Rows": 6, "Plan Width": 16, "Inner Unique": false, "Join Filter": "(ci.movie_id = mc.movie_id)", "Plans": [{"Node Type": "Nested Loop", "Parent Relationship": "Outer", "Join Type": "Inner", "Startup Cost": 0.0, "Total Cost": 9871088.28, "Plan Rows": 3779, "Plan Width": 8, "Inner Unique": true, "Join Filter": "(cn.id = mc.company_id)", "Plans": [{"Node Type": "Seq Scan", "Parent Relationship": "Outer", "Relation Name": "movie_companies", "Alias": "mc", "Startup Cost": 0.0, "Total Cost": 41817.28, "Plan Rows": 2609128, "Plan Width": 12}, {"Node Type": "Materialize", "Parent Relationship": "Inner", "Startup Cost": 0.0, "Total Cost": 5904.71, "Plan Rows": 251, "Plan Width": 4, "Plans": [{"Node Type": "Seq Scan", "Parent Relationship": "Outer", "Relation Name": "company_name", "Alias": "cn", "Startup Cost": 0.0, "Total Cost": 5903.45, "Plan Rows": 251, "Plan Width": 4, "Filter": "((country_code)::text = '[ru]'::text)"}]}]}, {"Node Type": "Materialize", "Parent Relationship": "Inner", "Startup Cost": 0.0, "Total Cost": 783465.38, "Plan Rows": 2027, "Plan Width": 8, "Plans": [{"Node Type": "Nested Loop", "Parent Relationship": "Outer", "Join Type": "Inner", "Startup Cost": 0.0, "Total Cost": 783455.25, "Plan Rows": 2027, "Plan Width": 8, "Inner Unique": false, "Join Filter": "(ci.role_id = rt.id)", "Plans": [{"Node Type": "Seq Scan", "Parent Relationship": "Outer", "Relation Name": "role_type", "Alias": "rt", "Startup Cost": 0.0, "Total Cost": 1.15, "Plan Rows": 1, "Plan Width": 4, "Filter": "((role)::text = 'actor'::text)"}, {"Node Type": "Seq Scan", "Parent Relationship": "Inner", "Relation Name": "cast_info", "Alias": "ci", "Startup Cost": 0.0, "Total Cost": 783175.41, "Plan Rows": 22295, "Plan Width": 12, "Filter": "(((note)::text ~~ '%(voice)%'::text) AND ((note)::text ~~ '%(uncredited)%'::text))"}]}]}]}]}]}]}]}]}]}]}, "Unique SQL Id": 2933943827, "Planner Runtime": 3}, "explain_analyze_plan": null}, "(1, 123)": {"explain_plan": {"Plan": {"Node Type": "Aggregate", "Strategy": "Plain", "Startup Cost": 7000198709657.34, "Total Cost": 7000198709657.35, "Plan Rows": 1, "Plan Width": 97, "Plans": [{"Node Type": "Nested Loop", "Parent Relationship": "Outer", "Join Type": "Inner", "Startup Cost": 70000000000.0, "Total Cost": 7000198709657.33, "Plan Rows": 2, "Plan Width": 33, "Inner Unique": true, "Join Filter": "(mc.company_type_id = ct.id)", "Plans": [{"Node Type": "Nested Loop", "Parent Relationship": "Outer", "Join Type": "Inner", "Startup Cost": 60000000000.0, "Total Cost": 6000198708827.73, "Plan Rows": 2, "Plan Width": 37, "Inner Unique": true, "Join Filter": "(ci.person_role_id = chn.id)", "Plans": [{"Node Type": "Nested Loop", "Parent Relationship": "Outer", "Join Type": "Inner", "Startup Cost": 50000000000.0, "Total Cost": 5000185477906.03, "Plan Rows": 5, "Plan Width": 25, "Inner Unique": true, "Join Filter": "(mc.movie_id = t.id)", "Plans": [{"Node Type": "Nested Loop", "Parent Relationship": "Outer", "Join Type": "Inner", "Startup Cost": 40000000000.0, "Total Cost": 4000173740031.35, "Plan Rows": 6, "Plan Width": 16, "Inner Unique": true, "Join Filter": "(ci.role_id = rt.id)", "Plans": [{"Node Type": "Nested Loop", "Parent Relationship": "Outer", "Join Type": "Inner", "Startup Cost": 30000000000.0, "Total Cost": 3000173738784.33, "Plan Rows": 68, "Plan Width": 20, "Inner Unique": false, "Join Filter": "(mc.movie_id = ci.movie_id)", "Plans": [{"Node Type": "Nested Loop", "Parent Relationship": "Outer", "Join Type": "Inner", "Startup Cost": 20000000000.0, "Total Cost": 2000020191723.52, "Plan Rows": 3779, "Plan Width": 8, "Inner Unique": true, "Join Filter": "(cn.id = mc.company_id)", "Plans": [{"Node Type": "Index Scan", "Parent Relationship": "Outer", "Scan Direction": "Forward", "Index Name": "company_type_id_movie_companies", "Relation Name": "movie_companies", "Alias": "mc", "Startup Cost": 10000000000.0, "Total Cost": 1000009318217.0, "Plan Rows": 2609128, "Plan Width": 12}, {"Node Type": "Materialize", "Parent Relationship": "Inner", "Startup Cost": 10000000000.0, "Total Cost": 1000001050140.22, "Plan Rows": 251, "Plan Width": 4, "Plans": [{"Node Type": "Index Scan", "Parent Relationship": "Outer", "Scan Direction": "Forward", "Index Name": "company_name_pkey", "Relation Name": "company_name", "Alias": "cn", "Startup Cost": 10000000000.0, "Total Cost": 1000001050138.97, "Plan Rows": 251, "Plan Width": 4, "Filter": "((country_code)::text = '[ru]'::text)"}]}]}, {"Node Type": "Materialize", "Parent Relationship": "Inner", "Startup Cost": 10000000000.0, "Total Cost": 1000152283324.47, "Plan Rows": 22295, "Plan Width": 12, "Plans": [{"Node Type": "Index Scan", "Parent Relationship": "Outer", "Scan Direction": "Forward", "Index Name": "role_id_cast_info", "Relation Name": "cast_info", "Alias": "ci", "Startup Cost": 10000000000.0, "Total Cost": 1000152283213.0, "Plan Rows": 22295, "Plan Width": 12, "Filter": "(((note)::text ~~ '%(voice)%'::text) AND ((note)::text ~~ '%(uncredited)%'::text))"}]}]}, {"Node Type": "Materialize", "Parent Relationship": "Inner", "Startup Cost": 10000000000.0, "Total Cost": 1000000001246.0, "Plan Rows": 1, "Plan Width": 4, "Plans": [{"Node Type": "Index Scan", "Parent Relationship": "Outer", "Scan Direction": "Forward", "Index Name": "role_type_pkey", "Relation Name": "role_type", "Alias": "rt", "Startup Cost": 10000000000.0, "Total Cost": 1000000001246.0, "Plan Rows": 1, "Plan Width": 4, "Filter": "((role)::text = 'actor'::text)"}]}]}, {"Node Type": "Materialize", "Parent Relationship": "Inner", "Startup Cost": 10000000000.0, "Total Cost": 1000011649194.12, "Plan Rows": 1013492, "Plan Width": 21, "Plans": [{"Node Type": "Index Scan", "Parent Relationship": "Outer", "Scan Direction": "Forward", "Index Name": "title_pkey", "Relation Name": "title", "Alias": "t", "Startup Cost": 10000000000.0, "Total Cost": 1000011644126.66, "Plan Rows": 1013492, "Plan Width": 21, "Filter": "(production_year > 2005), (LLVM Optimized)"}]}]}, {"Node Type": "Materialize", "Parent Relationship": "Inner", "Startup Cost": 10000000000.0, "Total Cost": 1000013003247.2, "Plan Rows": 3140338, "Plan Width": 20, "Plans": [{"Node Type": "Index Scan", "Parent Relationship": "Outer", "Scan Direction": "Forward", "Index Name": "char_name_pkey", "Relation Name": "char_name", "Alias": "chn", "Startup Cost": 10000000000.0, "Total Cost": 1000012987545.51, "Plan Rows": 3140338, "Plan Width": 20}]}]}, {"Node Type": "Materialize", "Parent Relationship": "Inner", "Startup Cost": 10000000000.0, "Total Cost": 1000000000829.52, "Plan Rows": 3, "Plan Width": 4, "Plans": [{"Node Type": "Index Only Scan", "Parent Relationship": "Outer", "Scan Direction": "Forward", "Index Name": "company_type_pkey", "Relation Name": "company_type", "Alias": "ct", "Startup Cost": 10000000000.0, "Total Cost": 1000000000829.5, "Plan Rows": 3, "Plan Width": 4}]}]}]}, "Unique SQL Id": 2933943827, "Planner Runtime": 3}, "explain_analyze_plan": null}, "(1, 124)": {"explain_plan": {"Plan": {"Node Type": "Aggregate", "Strategy": "Plain", "Startup Cost": 19897.43, "Total Cost": 19897.44, "Plan Rows": 1, "Plan Width": 97, "Plans": [{"Node Type": "Nested Loop", "Parent Relationship": "Outer", "Join Type": "Inner", "Startup Cost": 0.0, "Total Cost": 19897.42, "Plan Rows": 2, "Plan Width": 33, "Inner Unique": true, "Plans": [{"Node Type": "Nested Loop", "Parent Relationship": "Outer", "Join Type": "Inner", "Startup Cost": 0.0, "Total Cost": 19896.86, "Plan Rows": 2, "Plan Width": 37, "Inner Unique": true, "Plans": [{"Node Type": "Nested Loop", "Parent Relationship": "Outer", "Join Type": "Inner", "Startup Cost": 0.0, "Total Cost": 19869.97, "Plan Rows": 5, "Plan Width": 25, "Inner Unique": true, "Plans": [{"Node Type": "Nested Loop", "Parent Relationship": "Outer", "Join Type": "Inner", "Startup Cost": 0.0, "Total Cost": 19867.87, "Plan Rows": 6, "Plan Width": 16, "Inner Unique": false, "Join Filter": "(ci.role_id = rt.id)", "Plans": [{"Node Type": "Seq Scan", "Parent Relationship": "Outer", "Relation Name": "role_type", "Alias": "rt", "Startup Cost": 0.0, "Total Cost": 1.15, "Plan Rows": 1, "Plan Width": 4, "Filter": "((role)::text = 'actor'::text)"}, {"Node Type": "Nested Loop", "Parent Relationship": "Inner", "Join Type": "Inner", "Startup Cost": 0.0, "Total Cost": 19865.87, "Plan Rows": 68, "Plan Width": 20, "Inner Unique": false, "Plans": [{"Node Type": "Nested Loop", "Parent Relationship": "Outer", "Join Type": "Inner", "Startup Cost": 0.0, "Total Cost": 16121.55, "Plan Rows": 3779, "Plan Width": 8, "Inner Unique": false, "Plans": [{"Node Type": "Seq Scan", "Parent Relationship": "Outer", "Relation Name": "company_name", "Alias": "cn", "Startup Cost": 0.0, "Total Cost": 5903.45, "Plan Rows": 251, "Plan Width": 4, "Filter": "((country_code)::text = '[ru]'::text)"}, {"Node Type": "Index Scan", "Parent Relationship": "Inner", "Scan Direction": "Forward", "Index Name": "company_id_movie_companies", "Relation Name": "movie_companies", "Alias": "mc", "Startup Cost": 0.0, "Total Cost": 40.56, "Plan Rows": 15, "Plan Width": 12, "Index Cond": "(company_id = cn.id)"}]}, {"Node Type": "Index Scan", "Parent Relationship": "Inner", "Scan Direction": "Forward", "Index Name": "movie_id_cast_info", "Relation Name": "cast_info", "Alias": "ci", "Startup Cost": 0.0, "Total Cost": 0.98, "Plan Rows": 1, "Plan Width": 12, "Index Cond": "(movie_id = mc.movie_id)", "Filter": "(((note)::text ~~ '%(voice)%'::text) AND ((note)::text ~~ '%(uncredited)%'::text))"}]}]}, {"Node Type": "Index Scan", "Parent Relationship": "Inner", "Scan Direction": "Forward", "Index Name": "title_pkey", "Relation Name": "title", "Alias": "t", "Startup Cost": 0.0, "Total Cost": 0.34, "Plan Rows": 1, "Plan Width": 21, "Index Cond": "(id = mc.movie_id)", "Filter": "(production_year > 2005)"}]}, {"Node Type": "Index Scan", "Parent Relationship": "Inner", "Scan Direction": "Forward", "Index Name": "char_name_pkey", "Relation Name": "char_name", "Alias": "chn", "Startup Cost": 0.0, "Total Cost": 5.37, "Plan Rows": 1, "Plan Width": 20, "Index Cond": "(id = ci.person_role_id)"}]}, {"Node Type": "Index Scan", "Parent Relationship": "Inner", "Scan Direction": "Forward", "Index Name": "company_type_pkey", "Relation Name": "company_type", "Alias": "ct", "Startup Cost": 0.0, "Total Cost": 0.27, "Plan Rows": 1, "Plan Width": 4, "Index Cond": "(id = mc.company_type_id)"}]}]}, "Unique SQL Id": 2933943827, "Planner Runtime": 3}, "explain_analyze_plan": {"Plan": {"Node Type": "Aggregate", "Strategy": "Plain", "Startup Cost": 19897.43, "Total Cost": 19897.44, "Plan Rows": 1, "Plan Width": 97, "Actual Startup Time": 796.295, "Actual Total Time": 796.296, "Actual Rows": 1, "Actual Loops": 1, "Plans": [{"Node Type": "Nested Loop", "Parent Relationship": "Outer", "Join Type": "Inner", "Startup Cost": 0.0, "Total Cost": 19897.42, "Plan Rows": 2, "Plan Width": 33, "Actual Startup Time": 40.923, "Actual Total Time": 796.105, "Actual Rows": 18, "Actual Loops": 1, "Inner Unique": true, "Plans": [{"Node Type": "Nested Loop", "Parent Relationship": "Outer", "Join Type": "Inner", "Startup Cost": 0.0, "Total Cost": 19896.86, "Plan Rows": 2, "Plan Width": 37, "Actual Startup Time": 8.52, "Actual Total Time": 795.8, "Actual Rows": 104, "Actual Loops": 1, "Inner Unique": true, "Plans": [{"Node Type": "Nested Loop", "Parent Relationship": "Outer", "Join Type": "Inner", "Startup Cost": 0.0, "Total Cost": 19869.97, "Plan Rows": 5, "Plan Width": 25, "Actual Startup Time": 8.511, "Actual Total Time": 794.891, "Actual Rows": 112, "Actual Loops": 1, "Inner Unique": true, "Plans": [{"Node Type": "Nested Loop", "Parent Relationship": "Outer", "Join Type": "Inner", "Startup Cost": 0.0, "Total Cost": 19867.87, "Plan Rows": 6, "Plan Width": 16, "Actual Startup Time": 0.755, "Actual Total Time": 792.762, "Actual Rows": 275, "Actual Loops": 1, "Inner Unique": false, "Join Filter": "(ci.role_id = rt.id)", "Rows Removed by Join Filter": 102, "Plans": [{"Node Type": "Seq Scan", "Parent Relationship": "Outer", "Relation Name": "role_type", "Alias": "rt", "Startup Cost": 0.0, "Total Cost": 1.15, "Plan Rows": 1, "Plan Width": 4, "Actual Startup Time": 0.021, "Actual Total Time": 0.03, "Actual Rows": 1, "Actual Loops": 1, "Filter": "((role)::text = 'actor'::text)", "Rows Removed by Filter": 11}, {"Node Type": "Nested Loop", "Parent Relationship": "Inner", "Join Type": "Inner", "Startup Cost": 0.0, "Total Cost": 19865.87, "Plan Rows": 68, "Plan Width": 20, "Actual Startup Time": 0.728, "Actual Total Time": 792.447, "Actual Rows": 377, "Actual Loops": 1, "Inner Unique": false, "Plans": [{"Node Type": "Nested Loop", "Parent Relationship": "Outer", "Join Type": "Inner", "Startup Cost": 0.0, "Total Cost": 16121.55, "Plan Rows": 3779, "Plan Width": 8, "Actual Startup Time": 0.052, "Actual Total Time": 108.67, "Actual Rows": 8790, "Actual Loops": 1, "Inner Unique": false, "Plans": [{"Node Type": "Seq Scan", "Parent Relationship": "Outer", "Relation Name": "company_name", "Alias": "cn", "Startup Cost": 0.0, "Total Cost": 5903.45, "Plan Rows": 251, "Plan Width": 4, "Actual Startup Time": 0.035, "Actual Total Time": 83.89, "Actual Rows": 1361, "Actual Loops": 1, "Filter": "((country_code)::text = '[ru]'::text)", "Rows Removed by Filter": 233635}, {"Node Type": "Index Scan", "Parent Relationship": "Inner", "Scan Direction": "Forward", "Index Name": "company_id_movie_companies", "Relation Name": "movie_companies", "Alias": "mc", "Startup Cost": 0.0, "Total Cost": 40.56, "Plan Rows": 15, "Plan Width": 12, "Actual Startup Time": 9.73, "Actual Total Time": 21.451, "Actual Rows": 8790, "Actual Loops": 1361, "Index Cond": "(company_id = cn.id)", "Rows Removed by Index Recheck": 0}]}, {"Node Type": "Index Scan", "Parent Relationship": "Inner", "Scan Direction": "Forward", "Index Name": "movie_id_cast_info", "Relation Name": "cast_info", "Alias": "ci", "Startup Cost": 0.0, "Total Cost": 0.98, "Plan Rows": 1, "Plan Width": 12, "Actual Startup Time": 640.813, "Actual Total Time": 678.501, "Actual Rows": 377, "Actual Loops": 8790, "Index Cond": "(movie_id = mc.movie_id)", "Rows Removed by Index Recheck": 0, "Filter": "(((note)::text ~~ '%(voice)%'::text) AND ((note)::text ~~ '%(uncredited)%'::text))", "Rows Removed by Filter": 408168}]}]}, {"Node Type": "Index Scan", "Parent Relationship": "Inner", "Scan Direction": "Forward", "Index Name": "title_pkey", "Relation Name": "title", "Alias": "t", "Startup Cost": 0.0, "Total Cost": 0.34, "Plan Rows": 1, "Plan Width": 21, "Actual Startup Time": 1.727, "Actual Total Time": 1.727, "Actual Rows": 112, "Actual Loops": 275, "Index Cond": "(id = mc.movie_id)", "Rows Removed by Index Recheck": 0, "Filter": "(production_year > 2005)", "Rows Removed by Filter": 163}]}, {"Node Type": "Index Scan", "Parent Relationship": "Inner", "Scan Direction": "Forward", "Index Name": "char_name_pkey", "Relation Name": "char_name", "Alias": "chn", "Startup Cost": 0.0, "Total Cost": 5.37, "Plan Rows": 1, "Plan Width": 20, "Actual Startup Time": 0.675, "Actual Total Time": 0.675, "Actual Rows": 104, "Actual Loops": 112, "Index Cond": "(id = ci.person_role_id)", "Rows Removed by Index Recheck": 0}]}, {"Node Type": "Index Scan", "Parent Relationship": "Inner", "Scan Direction": "Forward", "Index Name": "company_type_pkey", "Relation Name": "company_type", "Alias": "ct", "Startup Cost": 0.0, "Total Cost": 0.27, "Plan Rows": 1, "Plan Width": 4, "Actual Startup Time": 0.167, "Actual Total Time": 0.167, "Actual Rows": 18, "Actual Loops": 104, "Index Cond": "(id = mc.company_type_id)", "Rows Removed by Index Recheck": 0}]}]}, "Triggers": [], "Planner Runtime": 3, "Total Runtime": 796.669, "Unique SQL Id": 2933943827}}, "(1, 125)": {"explain_plan": {"Plan": {"Node Type": "Aggregate", "Strategy": "Plain", "Startup Cost": 24506.67, "Total Cost": 24506.68, "Plan Rows": 1, "Plan Width": 97, "Plans": [{"Node Type": "Nested Loop", "Parent Relationship": "Outer", "Join Type": "Inner", "Startup Cost": 0.0, "Total Cost": 24506.66, "Plan Rows": 2, "Plan Width": 33, "Inner Unique": true, "Plans": [{"Node Type": "Nested Loop", "Parent Relationship": "Outer", "Join Type": "Inner", "Startup Cost": 0.0, "Total Cost": 24506.1, "Plan Rows": 2, "Plan Width": 37, "Inner Unique": true, "Plans": [{"Node Type": "Nested Loop", "Parent Relationship": "Outer", "Join Type": "Inner", "Startup Cost": 0.0, "Total Cost": 24479.22, "Plan Rows": 5, "Plan Width": 25, "Inner Unique": true, "Plans": [{"Node Type": "Nested Loop", "Parent Relationship": "Outer", "Join Type": "Inner", "Startup Cost": 0.0, "Total Cost": 24477.12, "Plan Rows": 6, "Plan Width": 16, "Inner Unique": false, "Join Filter": "(ci.role_id = rt.id)", "Plans": [{"Node Type": "Index Scan", "Parent Relationship": "Outer", "Scan Direction": "Forward", "Index Name": "role_type_pkey", "Relation Name": "role_type", "Alias": "rt", "Startup Cost": 0.0, "Total Cost": 12.46, "Plan Rows": 1, "Plan Width": 4, "Filter": "((role)::text = 'actor'::text)"}, {"Node Type": "Nested Loop", "Parent Relationship": "Inner", "Join Type": "Inner", "Startup Cost": 0.0, "Total Cost": 24463.81, "Plan Rows": 68, "Plan Width": 20, "Inner Unique": false, "Plans": [{"Node Type": "Nested Loop", "Parent Relationship": "Outer", "Join Type": "Inner", "Startup Cost": 0.0, "Total Cost": 20719.49, "Plan Rows": 3779, "Plan Width": 8, "Inner Unique": false, "Plans": [{"Node Type": "Index Scan", "Parent Relationship": "Outer", "Scan Direction": "Forward", "Index Name": "company_name_pkey", "Relation Name": "company_name", "Alias": "cn", "Startup Cost": 0.0, "Total Cost": 10501.39, "Plan Rows": 251, "Plan Width": 4, "Filter": "((country_code)::text = '[ru]'::text)"}, {"Node Type": "Index Scan", "Parent Relationship": "Inner", "Scan Direction": "Forward", "Index Name": "company_id_movie_companies", "Relation Name": "movie_companies", "Alias": "mc", "Startup Cost": 0.0, "Total Cost": 40.56, "Plan Rows": 15, "Plan Width": 12, "Index Cond": "(company_id = cn.id)"}]}, {"Node Type": "Index Scan", "Parent Relationship": "Inner", "Scan Direction": "Forward", "Index Name": "movie_id_cast_info", "Relation Name": "cast_info", "Alias": "ci", "Startup Cost": 0.0, "Total Cost": 0.98, "Plan Rows": 1, "Plan Width": 12, "Index Cond": "(movie_id = mc.movie_id)", "Filter": "(((note)::text ~~ '%(voice)%'::text) AND ((note)::text ~~ '%(uncredited)%'::text))"}]}]}, {"Node Type": "Index Scan", "Parent Relationship": "Inner", "Scan Direction": "Forward", "Index Name": "title_pkey", "Relation Name": "title", "Alias": "t", "Startup Cost": 0.0, "Total Cost": 0.34, "Plan Rows": 1, "Plan Width": 21, "Index Cond": "(id = mc.movie_id)", "Filter": "(production_year > 2005)"}]}, {"Node Type": "Index Scan", "Parent Relationship": "Inner", "Scan Direction": "Forward", "Index Name": "char_name_pkey", "Relation Name": "char_name", "Alias": "chn", "Startup Cost": 0.0, "Total Cost": 5.37, "Plan Rows": 1, "Plan Width": 20, "Index Cond": "(id = ci.person_role_id)"}]}, {"Node Type": "Index Scan", "Parent Relationship": "Inner", "Scan Direction": "Forward", "Index Name": "company_type_pkey", "Relation Name": "company_type", "Alias": "ct", "Startup Cost": 0.0, "Total Cost": 0.27, "Plan Rows": 1, "Plan Width": 4, "Index Cond": "(id = mc.company_type_id)"}]}]}, "Unique SQL Id": 2933943827, "Planner Runtime": 3}, "explain_analyze_plan": {"Plan": {"Node Type": "Aggregate", "Strategy": "Plain", "Startup Cost": 24506.67, "Total Cost": 24506.68, "Plan Rows": 1, "Plan Width": 97, "Actual Startup Time": 1009.656, "Actual Total Time": 1009.657, "Actual Rows": 1, "Actual Loops": 1, "Plans": [{"Node Type": "Nested Loop", "Parent Relationship": "Outer", "Join Type": "Inner", "Startup Cost": 0.0, "Total Cost": 24506.66, "Plan Rows": 2, "Plan Width": 33, "Actual Startup Time": 28.604, "Actual Total Time": 1009.557, "Actual Rows": 18, "Actual Loops": 1, "Inner Unique": true, "Plans": [{"Node Type": "Nested Loop", "Parent Relationship": "Outer", "Join Type": "Inner", "Startup Cost": 0.0, "Total Cost": 24506.1, "Plan Rows": 2, "Plan Width": 37, "Actual Startup Time": 21.949, "Actual Total Time": 1009.273, "Actual Rows": 104, "Actual Loops": 1, "Inner Unique": true, "Plans": [{"Node Type": "Nested Loop", "Parent Relationship": "Outer", "Join Type": "Inner", "Startup Cost": 0.0, "Total Cost": 24479.22, "Plan Rows": 5, "Plan Width": 25, "Actual Startup Time": 21.938, "Actual Total Time": 1008.351, "Actual Rows": 112, "Actual Loops": 1, "Inner Unique": true, "Plans": [{"Node Type": "Nested Loop", "Parent Relationship": "Outer", "Join Type": "Inner", "Startup Cost": 0.0, "Total Cost": 24477.12, "Plan Rows": 6, "Plan Width": 16, "Actual Startup Time": 6.423, "Actual Total Time": 1006.191, "Actual Rows": 275, "Actual Loops": 1, "Inner Unique": false, "Join Filter": "(ci.role_id = rt.id)", "Rows Removed by Join Filter": 102, "Plans": [{"Node Type": "Index Scan", "Parent Relationship": "Outer", "Scan Direction": "Forward", "Index Name": "role_type_pkey", "Relation Name": "role_type", "Alias": "rt", "Startup Cost": 0.0, "Total Cost": 12.46, "Plan Rows": 1, "Plan Width": 4, "Actual Startup Time": 0.02, "Actual Total Time": 0.029, "Actual Rows": 1, "Actual Loops": 1, "Filter": "((role)::text = 'actor'::text)", "Rows Removed by Filter": 11}, {"Node Type": "Nested Loop", "Parent Relationship": "Inner", "Join Type": "Inner", "Startup Cost": 0.0, "Total Cost": 24463.81, "Plan Rows": 68, "Plan Width": 20, "Actual Startup Time": 6.388, "Actual Total Time": 1005.895, "Actual Rows": 377, "Actual Loops": 1, "Inner Unique": false, "Plans": [{"Node Type": "Nested Loop", "Parent Relationship": "Outer", "Join Type": "Inner", "Startup Cost": 0.0, "Total Cost": 20719.49, "Plan Rows": 3779, "Plan Width": 8, "Actual Startup Time": 0.45, "Actual Total Time": 322.76, "Actual Rows": 8790, "Actual Loops": 1, "Inner Unique": false, "Plans": [{"Node Type": "Index Scan", "Parent Relationship": "Outer", "Scan Direction": "Forward", "Index Name": "company_name_pkey", "Relation Name": "company_name", "Alias": "cn", "Startup Cost": 0.0, "Total Cost": 10501.39, "Plan Rows": 251, "Plan Width": 4, "Actual Startup Time": 0.436, "Actual Total Time": 299.925, "Actual Rows": 1361, "Actual Loops": 1, "Filter": "((country_code)::text = '[ru]'::text)", "Rows Removed by Filter": 233635}, {"Node Type": "Index Scan", "Parent Relationship": "Inner", "Scan Direction": "Forward", "Index Name": "company_id_movie_companies", "Relation Name": "movie_companies", "Alias": "mc", "Startup Cost": 0.0, "Total Cost": 40.56, "Plan Rows": 15, "Plan Width": 12, "Actual Startup Time": 8.119, "Actual Total Time": 19.34, "Actual Rows": 8790, "Actual Loops": 1361, "Index Cond": "(company_id = cn.id)", "Rows Removed by Index Recheck": 0}]}, {"Node Type": "Index Scan", "Parent Relationship": "Inner", "Scan Direction": "Forward", "Index Name": "movie_id_cast_info", "Relation Name": "cast_info", "Alias": "ci", "Startup Cost": 0.0, "Total Cost": 0.98, "Plan Rows": 1, "Plan Width": 12, "Actual Startup Time": 639.51, "Actual Total Time": 677.545, "Actual Rows": 377, "Actual Loops": 8790, "Index Cond": "(movie_id = mc.movie_id)", "Rows Removed by Index Recheck": 0, "Filter": "(((note)::text ~~ '%(voice)%'::text) AND ((note)::text ~~ '%(uncredited)%'::text))", "Rows Removed by Filter": 408168}]}]}, {"Node Type": "Index Scan", "Parent Relationship": "Inner", "Scan Direction": "Forward", "Index Name": "title_pkey", "Relation Name": "title", "Alias": "t", "Startup Cost": 0.0, "Total Cost": 0.34, "Plan Rows": 1, "Plan Width": 21, "Actual Startup Time": 1.746, "Actual Total Time": 1.746, "Actual Rows": 112, "Actual Loops": 275, "Index Cond": "(id = mc.movie_id)", "Rows Removed by Index Recheck": 0, "Filter": "(production_year > 2005)", "Rows Removed by Filter": 163}]}, {"Node Type": "Index Scan", "Parent Relationship": "Inner", "Scan Direction": "Forward", "Index Name": "char_name_pkey", "Relation Name": "char_name", "Alias": "chn", "Startup Cost": 0.0, "Total Cost": 5.37, "Plan Rows": 1, "Plan Width": 20, "Actual Startup Time": 0.688, "Actual Total Time": 0.688, "Actual Rows": 104, "Actual Loops": 112, "Index Cond": "(id = ci.person_role_id)", "Rows Removed by Index Recheck": 0}]}, {"Node Type": "Index Scan", "Parent Relationship": "Inner", "Scan Direction": "Forward", "Index Name": "company_type_pkey", "Relation Name": "company_type", "Alias": "ct", "Startup Cost": 0.0, "Total Cost": 0.27, "Plan Rows": 1, "Plan Width": 4, "Actual Startup Time": 0.148, "Actual Total Time": 0.148, "Actual Rows": 18, "Actual Loops": 104, "Index Cond": "(id = mc.company_type_id)", "Rows Removed by Index Recheck": 0}]}]}, "Triggers": [], "Planner Runtime": 3, "Total Runtime": 1010.002, "Unique SQL Id": 2933943827}}, "(1, 126)": {"explain_plan": {"Plan": {"Node Type": "Aggregate", "Strategy": "Plain", "Startup Cost": 11230073.15, "Total Cost": 11230073.16, "Plan Rows": 1, "Plan Width": 97, "Plans": [{"Node Type": "Nested Loop", "Parent Relationship": "Outer", "Join Type": "Inner", "Startup Cost": 0.0, "Total Cost": 11230073.14, "Plan Rows": 2, "Plan Width": 33, "Inner Unique": false, "Join Filter": "(mc.company_type_id = ct.id)", "Plans": [{"Node Type": "Seq Scan", "Parent Relationship": "Outer", "Relation Name": "company_type", "Alias": "ct", "Startup Cost": 0.0, "Total Cost": 1.03, "Plan Rows": 3, "Plan Width": 4}, {"Node Type": "Materialize", "Parent Relationship": "Inner", "Startup Cost": 0.0, "Total Cost": 11230072.02, "Plan Rows": 2, "Plan Width": 37, "Plans": [{"Node Type": "Nested Loop", "Parent Relationship": "Outer", "Join Type": "Inner", "Startup Cost": 0.0, "Total Cost": 11230072.01, "Plan Rows": 2, "Plan Width": 37, "Inner Unique": false, "Join Filter": "(ci.person_role_id = chn.id)", "Plans": [{"Node Type": "Seq Scan", "Parent Relationship": "Outer", "Relation Name": "char_name", "Alias": "chn", "Startup Cost": 0.0, "Total Cost": 67493.38, "Plan Rows": 3140338, "Plan Width": 20}, {"Node Type": "Materialize", "Parent Relationship": "Inner", "Startup Cost": 0.0, "Total Cost": 10927053.29, "Plan Rows": 5, "Plan Width": 25, "Plans": [{"Node Type": "Nested Loop", "Parent Relationship": "Outer", "Join Type": "Inner", "Startup Cost": 0.0, "Total Cost": 10927053.27, "Plan Rows": 5, "Plan Width": 25, "Inner Unique": false, "Join Filter": "(mc.movie_id = t.id)", "Plans": [{"Node Type": "Seq Scan", "Parent Relationship": "Outer", "Relation Name": "title", "Alias": "t", "Startup Cost": 0.0, "Total Cost": 66389.89, "Plan Rows": 1013492, "Plan Width": 21, "Filter": "(production_year > 2005), (LLVM Optimized)"}, {"Node Type": "Materialize", "Parent Relationship": "Inner", "Startup Cost": 0.0, "Total Cost": 10769449.12, "Plan Rows": 6, "Plan Width": 16, "Plans": [{"Node Type": "Nested Loop", "Parent Relationship": "Outer", "Join Type": "Inner", "Startup Cost": 0.0, "Total Cost": 10769449.09, "Plan Rows": 6, "Plan Width": 16, "Inner Unique": false, "Join Filter": "(ci.movie_id = mc.movie_id)", "Plans": [{"Node Type": "Nested Loop", "Parent Relationship": "Outer", "Join Type": "Inner", "Startup Cost": 0.0, "Total Cost": 9871088.28, "Plan Rows": 3779, "Plan Width": 8, "Inner Unique": true, "Join Filter": "(cn.id = mc.company_id)", "Plans": [{"Node Type": "Seq Scan", "Parent Relationship": "Outer", "Relation Name": "movie_companies", "Alias": "mc", "Startup Cost": 0.0, "Total Cost": 41817.28, "Plan Rows": 2609128, "Plan Width": 12}, {"Node Type": "Materialize", "Parent Relationship": "Inner", "Startup Cost": 0.0, "Total Cost": 5904.71, "Plan Rows": 251, "Plan Width": 4, "Plans": [{"Node Type": "Seq Scan", "Parent Relationship": "Outer", "Relation Name": "company_name", "Alias": "cn", "Startup Cost": 0.0, "Total Cost": 5903.45, "Plan Rows": 251, "Plan Width": 4, "Filter": "((country_code)::text = '[ru]'::text)"}]}]}, {"Node Type": "Materialize", "Parent Relationship": "Inner", "Startup Cost": 0.0, "Total Cost": 783465.38, "Plan Rows": 2027, "Plan Width": 8, "Plans": [{"Node Type": "Nested Loop", "Parent Relationship": "Outer", "Join Type": "Inner", "Startup Cost": 0.0, "Total Cost": 783455.25, "Plan Rows": 2027, "Plan Width": 8, "Inner Unique": false, "Join Filter": "(ci.role_id = rt.id)", "Plans": [{"Node Type": "Seq Scan", "Parent Relationship": "Outer", "Relation Name": "role_type", "Alias": "rt", "Startup Cost": 0.0, "Total Cost": 1.15, "Plan Rows": 1, "Plan Width": 4, "Filter": "((role)::text = 'actor'::text)"}, {"Node Type": "Seq Scan", "Parent Relationship": "Inner", "Relation Name": "cast_info", "Alias": "ci", "Startup Cost": 0.0, "Total Cost": 783175.41, "Plan Rows": 22295, "Plan Width": 12, "Filter": "(((note)::text ~~ '%(voice)%'::text) AND ((note)::text ~~ '%(uncredited)%'::text))"}]}]}]}]}]}]}]}]}]}]}, "Unique SQL Id": 2933943827, "Planner Runtime": 3}, "explain_analyze_plan": null}, "(1, 127)": {"explain_plan": {"Plan": {"Node Type": "Aggregate", "Strategy": "Plain", "Startup Cost": 7000198710057.34, "Total Cost": 7000198710057.35, "Plan Rows": 1, "Plan Width": 97, "Plans": [{"Node Type": "Nested Loop", "Parent Relationship": "Outer", "Join Type": "Inner", "Startup Cost": 70000000000.0, "Total Cost": 7000198710057.33, "Plan Rows": 2, "Plan Width": 33, "Inner Unique": true, "Join Filter": "(mc.company_type_id = ct.id)", "Plans": [{"Node Type": "Nested Loop", "Parent Relationship": "Outer", "Join Type": "Inner", "Startup Cost": 60000000000.0, "Total Cost": 6000198708827.73, "Plan Rows": 2, "Plan Width": 37, "Inner Unique": true, "Join Filter": "(ci.person_role_id = chn.id)", "Plans": [{"Node Type": "Nested Loop", "Parent Relationship": "Outer", "Join Type": "Inner", "Startup Cost": 50000000000.0, "Total Cost": 5000185477906.03, "Plan Rows": 5, "Plan Width": 25, "Inner Unique": true, "Join Filter": "(mc.movie_id = t.id)", "Plans": [{"Node Type": "Nested Loop", "Parent Relationship": "Outer", "Join Type": "Inner", "Startup Cost": 40000000000.0, "Total Cost": 4000173740031.35, "Plan Rows": 6, "Plan Width": 16, "Inner Unique": true, "Join Filter": "(ci.role_id = rt.id)", "Plans": [{"Node Type": "Nested Loop", "Parent Relationship": "Outer", "Join Type": "Inner", "Startup Cost": 30000000000.0, "Total Cost": 3000173738784.33, "Plan Rows": 68, "Plan Width": 20, "Inner Unique": false, "Join Filter": "(mc.movie_id = ci.movie_id)", "Plans": [{"Node Type": "Nested Loop", "Parent Relationship": "Outer", "Join Type": "Inner", "Startup Cost": 20000000000.0, "Total Cost": 2000020191723.52, "Plan Rows": 3779, "Plan Width": 8, "Inner Unique": true, "Join Filter": "(cn.id = mc.company_id)", "Plans": [{"Node Type": "Index Scan", "Parent Relationship": "Outer", "Scan Direction": "Forward", "Index Name": "company_type_id_movie_companies", "Relation Name": "movie_companies", "Alias": "mc", "Startup Cost": 10000000000.0, "Total Cost": 1000009318217.0, "Plan Rows": 2609128, "Plan Width": 12}, {"Node Type": "Materialize", "Parent Relationship": "Inner", "Startup Cost": 10000000000.0, "Total Cost": 1000001050140.22, "Plan Rows": 251, "Plan Width": 4, "Plans": [{"Node Type": "Index Scan", "Parent Relationship": "Outer", "Scan Direction": "Forward", "Index Name": "company_name_pkey", "Relation Name": "company_name", "Alias": "cn", "Startup Cost": 10000000000.0, "Total Cost": 1000001050138.97, "Plan Rows": 251, "Plan Width": 4, "Filter": "((country_code)::text = '[ru]'::text)"}]}]}, {"Node Type": "Materialize", "Parent Relationship": "Inner", "Startup Cost": 10000000000.0, "Total Cost": 1000152283324.47, "Plan Rows": 22295, "Plan Width": 12, "Plans": [{"Node Type": "Index Scan", "Parent Relationship": "Outer", "Scan Direction": "Forward", "Index Name": "role_id_cast_info", "Relation Name": "cast_info", "Alias": "ci", "Startup Cost": 10000000000.0, "Total Cost": 1000152283213.0, "Plan Rows": 22295, "Plan Width": 12, "Filter": "(((note)::text ~~ '%(voice)%'::text) AND ((note)::text ~~ '%(uncredited)%'::text))"}]}]}, {"Node Type": "Materialize", "Parent Relationship": "Inner", "Startup Cost": 10000000000.0, "Total Cost": 1000000001246.0, "Plan Rows": 1, "Plan Width": 4, "Plans": [{"Node Type": "Index Scan", "Parent Relationship": "Outer", "Scan Direction": "Forward", "Index Name": "role_type_pkey", "Relation Name": "role_type", "Alias": "rt", "Startup Cost": 10000000000.0, "Total Cost": 1000000001246.0, "Plan Rows": 1, "Plan Width": 4, "Filter": "((role)::text = 'actor'::text)"}]}]}, {"Node Type": "Materialize", "Parent Relationship": "Inner", "Startup Cost": 10000000000.0, "Total Cost": 1000011649194.12, "Plan Rows": 1013492, "Plan Width": 21, "Plans": [{"Node Type": "Index Scan", "Parent Relationship": "Outer", "Scan Direction": "Forward", "Index Name": "title_pkey", "Relation Name": "title", "Alias": "t", "Startup Cost": 10000000000.0, "Total Cost": 1000011644126.66, "Plan Rows": 1013492, "Plan Width": 21, "Filter": "(production_year > 2005), (LLVM Optimized)"}]}]}, {"Node Type": "Materialize", "Parent Relationship": "Inner", "Startup Cost": 10000000000.0, "Total Cost": 1000013003247.2, "Plan Rows": 3140338, "Plan Width": 20, "Plans": [{"Node Type": "Index Scan", "Parent Relationship": "Outer", "Scan Direction": "Forward", "Index Name": "char_name_pkey", "Relation Name": "char_name", "Alias": "chn", "Startup Cost": 10000000000.0, "Total Cost": 1000012987545.51, "Plan Rows": 3140338, "Plan Width": 20}]}]}, {"Node Type": "Materialize", "Parent Relationship": "Inner", "Startup Cost": 10000000000.0, "Total Cost": 1000000001229.52, "Plan Rows": 3, "Plan Width": 4, "Plans": [{"Node Type": "Index Scan", "Parent Relationship": "Outer", "Scan Direction": "Forward", "Index Name": "company_type_pkey", "Relation Name": "company_type", "Alias": "ct", "Startup Cost": 10000000000.0, "Total Cost": 1000000001229.5, "Plan Rows": 3, "Plan Width": 4}]}]}]}, "Unique SQL Id": 2933943827, "Planner Runtime": 3}, "explain_analyze_plan": null}, "(16, 0)": {"explain_plan": {"Plan": {"Node Type": "Aggregate", "Strategy": "Plain", "Startup Cost": 19897.43, "Total Cost": 19897.44, "Plan Rows": 1, "Plan Width": 97, "Plans": [{"Node Type": "Nested Loop", "Parent Relationship": "Outer", "Join Type": "Inner", "Startup Cost": 0.0, "Total Cost": 19897.42, "Plan Rows": 2, "Plan Width": 33, "Inner Unique": true, "Plans": [{"Node Type": "Nested Loop", "Parent Relationship": "Outer", "Join Type": "Inner", "Startup Cost": 0.0, "Total Cost": 19896.86, "Plan Rows": 2, "Plan Width": 37, "Inner Unique": true, "Plans": [{"Node Type": "Nested Loop", "Parent Relationship": "Outer", "Join Type": "Inner", "Startup Cost": 0.0, "Total Cost": 19869.97, "Plan Rows": 5, "Plan Width": 25, "Inner Unique": true, "Plans": [{"Node Type": "Nested Loop", "Parent Relationship": "Outer", "Join Type": "Inner", "Startup Cost": 0.0, "Total Cost": 19867.87, "Plan Rows": 6, "Plan Width": 16, "Inner Unique": false, "Join Filter": "(ci.role_id = rt.id)", "Plans": [{"Node Type": "Seq Scan", "Parent Relationship": "Outer", "Relation Name": "role_type", "Alias": "rt", "Startup Cost": 0.0, "Total Cost": 1.15, "Plan Rows": 1, "Plan Width": 4, "Filter": "((role)::text = 'actor'::text)"}, {"Node Type": "Nested Loop", "Parent Relationship": "Inner", "Join Type": "Inner", "Startup Cost": 0.0, "Total Cost": 19865.87, "Plan Rows": 68, "Plan Width": 20, "Inner Unique": false, "Plans": [{"Node Type": "Nested Loop", "Parent Relationship": "Outer", "Join Type": "Inner", "Startup Cost": 0.0, "Total Cost": 16121.55, "Plan Rows": 3779, "Plan Width": 8, "Inner Unique": false, "Plans": [{"Node Type": "Seq Scan", "Parent Relationship": "Outer", "Relation Name": "company_name", "Alias": "cn", "Startup Cost": 0.0, "Total Cost": 5903.45, "Plan Rows": 251, "Plan Width": 4, "Filter": "((country_code)::text = '[ru]'::text)"}, {"Node Type": "Index Scan", "Parent Relationship": "Inner", "Scan Direction": "Forward", "Index Name": "company_id_movie_companies", "Relation Name": "movie_companies", "Alias": "mc", "Startup Cost": 0.0, "Total Cost": 40.56, "Plan Rows": 15, "Plan Width": 12, "Index Cond": "(company_id = cn.id)"}]}, {"Node Type": "Index Scan", "Parent Relationship": "Inner", "Scan Direction": "Forward", "Index Name": "movie_id_cast_info", "Relation Name": "cast_info", "Alias": "ci", "Startup Cost": 0.0, "Total Cost": 0.98, "Plan Rows": 1, "Plan Width": 12, "Index Cond": "(movie_id = mc.movie_id)", "Filter": "(((note)::text ~~ '%(voice)%'::text) AND ((note)::text ~~ '%(uncredited)%'::text))"}]}]}, {"Node Type": "Index Scan", "Parent Relationship": "Inner", "Scan Direction": "Forward", "Index Name": "title_pkey", "Relation Name": "title", "Alias": "t", "Startup Cost": 0.0, "Total Cost": 0.34, "Plan Rows": 1, "Plan Width": 21, "Index Cond": "(id = mc.movie_id)", "Filter": "(production_year > 2005)"}]}, {"Node Type": "Index Scan", "Parent Relationship": "Inner", "Scan Direction": "Forward", "Index Name": "char_name_pkey", "Relation Name": "char_name", "Alias": "chn", "Startup Cost": 0.0, "Total Cost": 5.37, "Plan Rows": 1, "Plan Width": 20, "Index Cond": "(id = ci.person_role_id)"}]}, {"Node Type": "Index Only Scan", "Parent Relationship": "Inner", "Scan Direction": "Forward", "Index Name": "company_type_pkey", "Relation Name": "company_type", "Alias": "ct", "Startup Cost": 0.0, "Total Cost": 0.27, "Plan Rows": 1, "Plan Width": 4, "Index Cond": "(id = mc.company_type_id)"}]}]}, "Unique SQL Id": 2933943827, "Planner Runtime": 26}, "explain_analyze_plan": {"Plan": {"Node Type": "Aggregate", "Strategy": "Plain", "Startup Cost": 19897.43, "Total Cost": 19897.44, "Plan Rows": 1, "Plan Width": 97, "Actual Startup Time": 752.517, "Actual Total Time": 752.517, "Actual Rows": 1, "Actual Loops": 1, "Plans": [{"Node Type": "Nested Loop", "Parent Relationship": "Outer", "Join Type": "Inner", "Startup Cost": 0.0, "Total Cost": 19897.42, "Plan Rows": 2, "Plan Width": 33, "Actual Startup Time": 42.918, "Actual Total Time": 752.405, "Actual Rows": 18, "Actual Loops": 1, "Inner Unique": true, "Plans": [{"Node Type": "Nested Loop", "Parent Relationship": "Outer", "Join Type": "Inner", "Startup Cost": 0.0, "Total Cost": 19896.86, "Plan Rows": 2, "Plan Width": 37, "Actual Startup Time": 9.466, "Actual Total Time": 752.096, "Actual Rows": 104, "Actual Loops": 1, "Inner Unique": true, "Plans": [{"Node Type": "Nested Loop", "Parent Relationship": "Outer", "Join Type": "Inner", "Startup Cost": 0.0, "Total Cost": 19869.97, "Plan Rows": 5, "Plan Width": 25, "Actual Startup Time": 9.456, "Actual Total Time": 751.256, "Actual Rows": 112, "Actual Loops": 1, "Inner Unique": true, "Plans": [{"Node Type": "Nested Loop", "Parent Relationship": "Outer", "Join Type": "Inner", "Startup Cost": 0.0, "Total Cost": 19867.87, "Plan Rows": 6, "Plan Width": 16, "Actual Startup Time": 0.862, "Actual Total Time": 749.228, "Actual Rows": 275, "Actual Loops": 1, "Inner Unique": false, "Join Filter": "(ci.role_id = rt.id)", "Rows Removed by Join Filter": 102, "Plans": [{"Node Type": "Seq Scan", "Parent Relationship": "Outer", "Relation Name": "role_type", "Alias": "rt", "Startup Cost": 0.0, "Total Cost": 1.15, "Plan Rows": 1, "Plan Width": 4, "Actual Startup Time": 0.024, "Actual Total Time": 0.03, "Actual Rows": 1, "Actual Loops": 1, "Filter": "((role)::text = 'actor'::text)", "Rows Removed by Filter": 11}, {"Node Type": "Nested Loop", "Parent Relationship": "Inner", "Join Type": "Inner", "Startup Cost": 0.0, "Total Cost": 19865.87, "Plan Rows": 68, "Plan Width": 20, "Actual Startup Time": 0.831, "Actual Total Time": 748.935, "Actual Rows": 377, "Actual Loops": 1, "Inner Unique": false, "Plans": [{"Node Type": "Nested Loop", "Parent Relationship": "Outer", "Join Type": "Inner", "Startup Cost": 0.0, "Total Cost": 16121.55, "Plan Rows": 3779, "Plan Width": 8, "Actual Startup Time": 0.059, "Actual Total Time": 101.306, "Actual Rows": 8790, "Actual Loops": 1, "Inner Unique": false, "Plans": [{"Node Type": "Seq Scan", "Parent Relationship": "Outer", "Relation Name": "company_name", "Alias": "cn", "Startup Cost": 0.0, "Total Cost": 5903.45, "Plan Rows": 251, "Plan Width": 4, "Actual Startup Time": 0.039, "Actual Total Time": 80.246, "Actual Rows": 1361, "Actual Loops": 1, "Filter": "((country_code)::text = '[ru]'::text)", "Rows Removed by Filter": 233635}, {"Node Type": "Index Scan", "Parent Relationship": "Inner", "Scan Direction": "Forward", "Index Name": "company_id_movie_companies", "Relation Name": "movie_companies", "Alias": "mc", "Startup Cost": 0.0, "Total Cost": 40.56, "Plan Rows": 15, "Plan Width": 12, "Actual Startup Time": 7.856, "Actual Total Time": 17.976, "Actual Rows": 8790, "Actual Loops": 1361, "Index Cond": "(company_id = cn.id)", "Rows Removed by Index Recheck": 0}]}, {"Node Type": "Index Scan", "Parent Relationship": "Inner", "Scan Direction": "Forward", "Index Name": "movie_id_cast_info", "Relation Name": "cast_info", "Alias": "ci", "Startup Cost": 0.0, "Total Cost": 0.98, "Plan Rows": 1, "Plan Width": 12, "Actual Startup Time": 604.989, "Actual Total Time": 642.377, "Actual Rows": 377, "Actual Loops": 8790, "Index Cond": "(movie_id = mc.movie_id)", "Rows Removed by Index Recheck": 0, "Filter": "(((note)::text ~~ '%(voice)%'::text) AND ((note)::text ~~ '%(uncredited)%'::text))", "Rows Removed by Filter": 408168}]}]}, {"Node Type": "Index Scan", "Parent Relationship": "Inner", "Scan Direction": "Forward", "Index Name": "title_pkey", "Relation Name": "title", "Alias": "t", "Startup Cost": 0.0, "Total Cost": 0.34, "Plan Rows": 1, "Plan Width": 21, "Actual Startup Time": 1.632, "Actual Total Time": 1.632, "Actual Rows": 112, "Actual Loops": 275, "Index Cond": "(id = mc.movie_id)", "Rows Removed by Index Recheck": 0, "Filter": "(production_year > 2005)", "Rows Removed by Filter": 163}]}, {"Node Type": "Index Scan", "Parent Relationship": "Inner", "Scan Direction": "Forward", "Index Name": "char_name_pkey", "Relation Name": "char_name", "Alias": "chn", "Startup Cost": 0.0, "Total Cost": 5.37, "Plan Rows": 1, "Plan Width": 20, "Actual Startup Time": 0.628, "Actual Total Time": 0.628, "Actual Rows": 104, "Actual Loops": 112, "Index Cond": "(id = ci.person_role_id)", "Rows Removed by Index Recheck": 0}]}, {"Node Type": "Index Only Scan", "Parent Relationship": "Inner", "Scan Direction": "Forward", "Index Name": "company_type_pkey", "Relation Name": "company_type", "Alias": "ct", "Startup Cost": 0.0, "Total Cost": 0.27, "Plan Rows": 1, "Plan Width": 4, "Actual Startup Time": 0.179, "Actual Total Time": 0.179, "Actual Rows": 18, "Actual Loops": 104, "Index Cond": "(id = mc.company_type_id)", "Rows Removed by Index Recheck": 0, "Heap Fetches": 0}]}]}, "Triggers": [], "Planner Runtime": 6, "Total Runtime": 752.901, "Unique SQL Id": 2933943827}}, "(16, 1)": {"explain_plan": {"Plan": {"Node Type": "Aggregate", "Strategy": "Plain", "Startup Cost": 22688.03, "Total Cost": 22688.04, "Plan Rows": 1, "Plan Width": 97, "Plans": [{"Node Type": "Nested Loop", "Parent Relationship": "Outer", "Join Type": "Inner", "Startup Cost": 2779.29, "Total Cost": 22688.02, "Plan Rows": 2, "Plan Width": 33, "Inner Unique": true, "Plans": [{"Node Type": "Nested Loop", "Parent Relationship": "Outer", "Join Type": "Inner", "Startup Cost": 2779.29, "Total Cost": 22687.46, "Plan Rows": 2, "Plan Width": 37, "Inner Unique": true, "Plans": [{"Node Type": "Nested Loop", "Parent Relationship": "Outer", "Join Type": "Inner", "Startup Cost": 2779.29, "Total Cost": 22660.57, "Plan Rows": 5, "Plan Width": 25, "Inner Unique": true, "Plans": [{"Node Type": "Nested Loop", "Parent Relationship": "Outer", "Join Type": "Inner", "Startup Cost": 2779.29, "Total Cost": 22658.47, "Plan Rows": 6, "Plan Width": 16, "Inner Unique": false, "Join Filter": "(ci.role_id = rt.id)", "Plans": [{"Node Type": "Index Scan", "Parent Relationship": "Outer", "Scan Direction": "Forward", "Index Name": "role_type_pkey", "Relation Name": "role_type", "Alias": "rt", "Startup Cost": 0.0, "Total Cost": 12.46, "Plan Rows": 1, "Plan Width": 4, "Filter": "((role)::text = 'actor'::text)"}, {"Node Type": "Nested Loop", "Parent Relationship": "Inner", "Join Type": "Inner", "Startup Cost": 2779.29, "Total Cost": 22645.16, "Plan Rows": 68, "Plan Width": 20, "Inner Unique": false, "Plans": [{"Node Type": "Nested Loop", "Parent Relationship": "Outer", "Join Type": "Inner", "Startup Cost": 2779.29, "Total Cost": 18900.84, "Plan Rows": 3779, "Plan Width": 8, "Inner Unique": false, "Plans": [{"Node Type": "Bitmap Heap Scan", "Parent Relationship": "Outer", "Relation Name": "company_name", "Alias": "cn", "Startup Cost": 2779.29, "Total Cost": 8682.74, "Plan Rows": 251, "Plan Width": 4, "Filter": "((country_code)::text = '[ru]'::text)", "Plans": [{"Node Type": "Bitmap Index Scan", "Parent Relationship": "Outer", "Index Name": "company_name_pkey", "Startup Cost": 0.0, "Total Cost": 2779.23, "Plan Rows": 234996, "Plan Width": 0}]}, {"Node Type": "Index Scan", "Parent Relationship": "Inner", "Scan Direction": "Forward", "Index Name": "company_id_movie_companies", "Relation Name": "movie_companies", "Alias": "mc", "Startup Cost": 0.0, "Total Cost": 40.56, "Plan Rows": 15, "Plan Width": 12, "Index Cond": "(company_id = cn.id)"}]}, {"Node Type": "Index Scan", "Parent Relationship": "Inner", "Scan Direction": "Forward", "Index Name": "movie_id_cast_info", "Relation Name": "cast_info", "Alias": "ci", "Startup Cost": 0.0, "Total Cost": 0.98, "Plan Rows": 1, "Plan Width": 12, "Index Cond": "(movie_id = mc.movie_id)", "Filter": "(((note)::text ~~ '%(voice)%'::text) AND ((note)::text ~~ '%(uncredited)%'::text))"}]}]}, {"Node Type": "Index Scan", "Parent Relationship": "Inner", "Scan Direction": "Forward", "Index Name": "title_pkey", "Relation Name": "title", "Alias": "t", "Startup Cost": 0.0, "Total Cost": 0.34, "Plan Rows": 1, "Plan Width": 21, "Index Cond": "(id = mc.movie_id)", "Filter": "(production_year > 2005)"}]}, {"Node Type": "Index Scan", "Parent Relationship": "Inner", "Scan Direction": "Forward", "Index Name": "char_name_pkey", "Relation Name": "char_name", "Alias": "chn", "Startup Cost": 0.0, "Total Cost": 5.37, "Plan Rows": 1, "Plan Width": 20, "Index Cond": "(id = ci.person_role_id)"}]}, {"Node Type": "Index Only Scan", "Parent Relationship": "Inner", "Scan Direction": "Forward", "Index Name": "company_type_pkey", "Relation Name": "company_type", "Alias": "ct", "Startup Cost": 0.0, "Total Cost": 0.27, "Plan Rows": 1, "Plan Width": 4, "Index Cond": "(id = mc.company_type_id)"}]}]}, "Unique SQL Id": 2933943827, "Planner Runtime": 19}, "explain_analyze_plan": {"Plan": {"Node Type": "Aggregate", "Strategy": "Plain", "Startup Cost": 22688.03, "Total Cost": 22688.04, "Plan Rows": 1, "Plan Width": 97, "Actual Startup Time": 871.503, "Actual Total Time": 871.503, "Actual Rows": 1, "Actual Loops": 1, "Plans": [{"Node Type": "Nested Loop", "Parent Relationship": "Outer", "Join Type": "Inner", "Startup Cost": 2779.29, "Total Cost": 22688.02, "Plan Rows": 2, "Plan Width": 33, "Actual Startup Time": 64.858, "Actual Total Time": 871.392, "Actual Rows": 18, "Actual Loops": 1, "Inner Unique": true, "Plans": [{"Node Type": "Nested Loop", "Parent Relationship": "Outer", "Join Type": "Inner", "Startup Cost": 2779.29, "Total Cost": 22687.46, "Plan Rows": 2, "Plan Width": 37, "Actual Startup Time": 31.414, "Actual Total Time": 871.087, "Actual Rows": 104, "Actual Loops": 1, "Inner Unique": true, "Plans": [{"Node Type": "Nested Loop", "Parent Relationship": "Outer", "Join Type": "Inner", "Startup Cost": 2779.29, "Total Cost": 22660.57, "Plan Rows": 5, "Plan Width": 25, "Actual Startup Time": 31.404, "Actual Total Time": 870.155, "Actual Rows": 112, "Actual Loops": 1, "Inner Unique": true, "Plans": [{"Node Type": "Nested Loop", "Parent Relationship": "Outer", "Join Type": "Inner", "Startup Cost": 2779.29, "Total Cost": 22658.47, "Plan Rows": 6, "Plan Width": 16, "Actual Startup Time": 23.528, "Actual Total Time": 867.961, "Actual Rows": 275, "Actual Loops": 1, "Inner Unique": false, "Join Filter": "(ci.role_id = rt.id)", "Rows Removed by Join Filter": 102, "Plans": [{"Node Type": "Index Scan", "Parent Relationship": "Outer", "Scan Direction": "Forward", "Index Name": "role_type_pkey", "Relation Name": "role_type", "Alias": "rt", "Startup Cost": 0.0, "Total Cost": 12.46, "Plan Rows": 1, "Plan Width": 4, "Actual Startup Time": 0.023, "Actual Total Time": 0.036, "Actual Rows": 1, "Actual Loops": 1, "Filter": "((role)::text = 'actor'::text)", "Rows Removed by Filter": 11}, {"Node Type": "Nested Loop", "Parent Relationship": "Inner", "Join Type": "Inner", "Startup Cost": 2779.29, "Total Cost": 22645.16, "Plan Rows": 68, "Plan Width": 20, "Actual Startup Time": 23.495, "Actual Total Time": 867.649, "Actual Rows": 377, "Actual Loops": 1, "Inner Unique": false, "Plans": [{"Node Type": "Nested Loop", "Parent Relationship": "Outer", "Join Type": "Inner", "Startup Cost": 2779.29, "Total Cost": 18900.84, "Plan Rows": 3779, "Plan Width": 8, "Actual Startup Time": 22.744, "Actual Total Time": 167.463, "Actual Rows": 8790, "Actual Loops": 1, "Inner Unique": false, "Plans": [{"Node Type": "Bitmap Heap Scan", "Parent Relationship": "Outer", "Relation Name": "company_name", "Alias": "cn", "Startup Cost": 2779.29, "Total Cost": 8682.74, "Plan Rows": 251, "Plan Width": 4, "Actual Startup Time": 22.72, "Actual Total Time": 143.356, "Actual Rows": 1361, "Actual Loops": 1, "Filter": "((country_code)::text = '[ru]'::text)", "Rows Removed by Filter": 233635, "Exact Heap Blocks": 2966, "Lossy Heap Blocks": 2966, "Plans": [{"Node Type": "Bitmap Index Scan", "Parent Relationship": "Outer", "Index Name": "company_name_pkey", "Startup Cost": 0.0, "Total Cost": 2779.23, "Plan Rows": 234996, "Plan Width": 0, "Actual Startup Time": 22.25, "Actual Total Time": 22.25, "Actual Rows": 234996, "Actual Loops": 1}]}, {"Node Type": "Index Scan", "Parent Relationship": "Inner", "Scan Direction": "Forward", "Index Name": "company_id_movie_companies", "Relation Name": "movie_companies", "Alias": "mc", "Startup Cost": 0.0, "Total Cost": 40.56, "Plan Rows": 15, "Plan Width": 12, "Actual Startup Time": 9.704, "Actual Total Time": 20.815, "Actual Rows": 8790, "Actual Loops": 1361, "Index Cond": "(company_id = cn.id)", "Rows Removed by Index Recheck": 0}]}, {"Node Type": "Index Scan", "Parent Relationship": "Inner", "Scan Direction": "Forward", "Index Name": "movie_id_cast_info", "Relation Name": "cast_info", "Alias": "ci", "Startup Cost": 0.0, "Total Cost": 0.98, "Plan Rows": 1, "Plan Width": 12, "Actual Startup Time": 655.441, "Actual Total Time": 694.733, "Actual Rows": 377, "Actual Loops": 8790, "Index Cond": "(movie_id = mc.movie_id)", "Rows Removed by Index Recheck": 0, "Filter": "(((note)::text ~~ '%(voice)%'::text) AND ((note)::text ~~ '%(uncredited)%'::text))", "Rows Removed by Filter": 408168}]}]}, {"Node Type": "Index Scan", "Parent Relationship": "Inner", "Scan Direction": "Forward", "Index Name": "title_pkey", "Relation Name": "title", "Alias": "t", "Startup Cost": 0.0, "Total Cost": 0.34, "Plan Rows": 1, "Plan Width": 21, "Actual Startup Time": 1.773, "Actual Total Time": 1.773, "Actual Rows": 112, "Actual Loops": 275, "Index Cond": "(id = mc.movie_id)", "Rows Removed by Index Recheck": 0, "Filter": "(production_year > 2005)", "Rows Removed by Filter": 163}]}, {"Node Type": "Index Scan", "Parent Relationship": "Inner", "Scan Direction": "Forward", "Index Name": "char_name_pkey", "Relation Name": "char_name", "Alias": "chn", "Startup Cost": 0.0, "Total Cost": 5.37, "Plan Rows": 1, "Plan Width": 20, "Actual Startup Time": 0.688, "Actual Total Time": 0.688, "Actual Rows": 104, "Actual Loops": 112, "Index Cond": "(id = ci.person_role_id)", "Rows Removed by Index Recheck": 0}]}, {"Node Type": "Index Only Scan", "Parent Relationship": "Inner", "Scan Direction": "Forward", "Index Name": "company_type_pkey", "Relation Name": "company_type", "Alias": "ct", "Startup Cost": 0.0, "Total Cost": 0.27, "Plan Rows": 1, "Plan Width": 4, "Actual Startup Time": 0.168, "Actual Total Time": 0.168, "Actual Rows": 18, "Actual Loops": 104, "Index Cond": "(id = mc.company_type_id)", "Rows Removed by Index Recheck": 0, "Heap Fetches": 0}]}]}, "Triggers": [], "Planner Runtime": 7, "Total Runtime": 871.919, "Unique SQL Id": 2933943827}}, "(16, 2)": {"explain_plan": {"Plan": {"Node Type": "Aggregate", "Strategy": "Plain", "Startup Cost": 38342.48, "Total Cost": 38342.49, "Plan Rows": 1, "Plan Width": 97, "Plans": [{"Node Type": "Nested Loop", "Parent Relationship": "Outer", "Join Type": "Inner", "Startup Cost": 7.4, "Total Cost": 38342.47, "Plan Rows": 2, "Plan Width": 33, "Inner Unique": false, "Join Filter": "(mc.company_type_id = ct.id)", "Plans": [{"Node Type": "Seq Scan", "Parent Relationship": "Outer", "Relation Name": "company_type", "Alias": "ct", "Startup Cost": 0.0, "Total Cost": 1.03, "Plan Rows": 3, "Plan Width": 4}, {"Node Type": "Materialize", "Parent Relationship": "Inner", "Startup Cost": 7.4, "Total Cost": 38341.35, "Plan Rows": 2, "Plan Width": 37, "Plans": [{"Node Type": "Nested Loop", "Parent Relationship": "Outer", "Join Type": "Inner", "Startup Cost": 7.4, "Total Cost": 38341.34, "Plan Rows": 2, "Plan Width": 37, "Inner Unique": true, "Plans": [{"Node Type": "Nested Loop", "Parent Relationship": "Outer", "Join Type": "Inner", "Startup Cost": 7.13, "Total Cost": 38328.45, "Plan Rows": 3, "Plan Width": 28, "Inner Unique": true, "Plans": [{"Node Type": "Nested Loop", "Parent Relationship": "Outer", "Join Type": "Inner", "Startup Cost": 4.83, "Total Cost": 38290.52, "Plan Rows": 6, "Plan Width": 16, "Inner Unique": false, "Join Filter": "(ci.role_id = rt.id)", "Plans": [{"Node Type": "Seq Scan", "Parent Relationship": "Outer", "Relation Name": "role_type", "Alias": "rt", "Startup Cost": 0.0, "Total Cost": 1.15, "Plan Rows": 1, "Plan Width": 4, "Filter": "((role)::text = 'actor'::text)"}, {"Node Type": "Nested Loop", "Parent Relationship": "Inner", "Join Type": "Inner", "Startup Cost": 4.83, "Total Cost": 38288.52, "Plan Rows": 68, "Plan Width": 20, "Inner Unique": false, "Plans": [{"Node Type": "Nested Loop", "Parent Relationship": "Outer", "Join Type": "Inner", "Startup Cost": 4.32, "Total Cost": 20813.55, "Plan Rows": 3779, "Plan Width": 8, "Inner Unique": false, "Plans": [{"Node Type": "Seq Scan", "Parent Relationship": "Outer", "Relation Name": "company_name", "Alias": "cn", "Startup Cost": 0.0, "Total Cost": 5903.45, "Plan Rows": 251, "Plan Width": 4, "Filter": "((country_code)::text = '[ru]'::text)"}, {"Node Type": "Bitmap Heap Scan", "Parent Relationship": "Inner", "Relation Name": "movie_companies", "Alias": "mc", "Startup Cost": 4.32, "Total Cost": 59.25, "Plan Rows": 15, "Plan Width": 12, "Recheck Cond": "(company_id = cn.id)", "Plans": [{"Node Type": "Bitmap Index Scan", "Parent Relationship": "Outer", "Index Name": "company_id_movie_companies", "Startup Cost": 0.0, "Total Cost": 4.31, "Plan Rows": 15, "Plan Width": 0, "Index Cond": "(company_id = cn.id)"}]}]}, {"Node Type": "Bitmap Heap Scan", "Parent Relationship": "Inner", "Relation Name": "cast_info", "Alias": "ci", "Startup Cost": 0.51, "Total Cost": 4.61, "Plan Rows": 1, "Plan Width": 12, "Recheck Cond": "(movie_id = mc.movie_id)", "Filter": "(((note)::text ~~ '%(voice)%'::text) AND ((note)::text ~~ '%(uncredited)%'::text))", "Plans": [{"Node Type": "Bitmap Index Scan", "Parent Relationship": "Outer", "Index Name": "movie_id_cast_info", "Startup Cost": 0.0, "Total Cost": 0.51, "Plan Rows": 6, "Plan Width": 0, "Index Cond": "(movie_id = mc.movie_id)"}]}]}]}, {"Node Type": "Bitmap Heap Scan", "Parent Relationship": "Inner", "Relation Name": "char_name", "Alias": "chn", "Startup Cost": 2.3, "Total Cost": 6.31, "Plan Rows": 1, "Plan Width": 20, "Recheck Cond": "(id = ci.person_role_id)", "Plans": [{"Node Type": "Bitmap Index Scan", "Parent Relationship": "Outer", "Index Name": "char_name_pkey", "Startup Cost": 0.0, "Total Cost": 2.3, "Plan Rows": 1, "Plan Width": 0, "Index Cond": "(id = ci.person_role_id)"}]}]}, {"Node Type": "Bitmap Heap Scan", "Parent Relationship": "Inner", "Relation Name": "title", "Alias": "t", "Startup Cost": 0.27, "Total Cost": 4.29, "Plan Rows": 1, "Plan Width": 21, "Recheck Cond": "(id = mc.movie_id)", "Filter": "(production_year > 2005)", "Plans": [{"Node Type": "Bitmap Index Scan", "Parent Relationship": "Outer", "Index Name": "title_pkey", "Startup Cost": 0.0, "Total Cost": 0.27, "Plan Rows": 1, "Plan Width": 0, "Index Cond": "(id = mc.movie_id)"}]}]}]}]}]}, "Unique SQL Id": 2933943827, "Planner Runtime": 40}, "explain_analyze_plan": {"Plan": {"Node Type": "Aggregate", "Strategy": "Plain", "Startup Cost": 38342.48, "Total Cost": 38342.49, "Plan Rows": 1, "Plan Width": 97, "Actual Startup Time": 1267.969, "Actual Total Time": 1267.969, "Actual Rows": 1, "Actual Loops": 1, "Plans": [{"Node Type": "Nested Loop", "Parent Relationship": "Outer", "Join Type": "Inner", "Startup Cost": 7.4, "Total Cost": 38342.47, "Plan Rows": 2, "Plan Width": 33, "Actual Startup Time": 75.505, "Actual Total Time": 1267.898, "Actual Rows": 18, "Actual Loops": 1, "Inner Unique": false, "Join Filter": "(mc.company_type_id = ct.id)", "Rows Removed by Join Filter": 294, "Plans": [{"Node Type": "Seq Scan", "Parent Relationship": "Outer", "Relation Name": "company_type", "Alias": "ct", "Startup Cost": 0.0, "Total Cost": 1.03, "Plan Rows": 3, "Plan Width": 4, "Actual Startup Time": 0.013, "Actual Total Time": 0.016, "Actual Rows": 3, "Actual Loops": 1}, {"Node Type": "Materialize", "Parent Relationship": "Inner", "Startup Cost": 7.4, "Total Cost": 38341.35, "Plan Rows": 2, "Plan Width": 37, "Actual Startup Time": 15.278, "Actual Total Time": 1267.723, "Actual Rows": 312, "Actual Loops": 3, "Plans": [{"Node Type": "Nested Loop", "Parent Relationship": "Outer", "Join Type": "Inner", "Startup Cost": 7.4, "Total Cost": 38341.34, "Plan Rows": 2, "Plan Width": 37, "Actual Startup Time": 15.271, "Actual Total Time": 1267.569, "Actual Rows": 104, "Actual Loops": 1, "Inner Unique": true, "Plans": [{"Node Type": "Nested Loop", "Parent Relationship": "Outer", "Join Type": "Inner", "Startup Cost": 7.13, "Total Cost": 38328.45, "Plan Rows": 3, "Plan Width": 28, "Actual Startup Time": 1.113, "Actual Total Time": 1264.658, "Actual Rows": 265, "Actual Loops": 1, "Inner Unique": true, "Plans": [{"Node Type": "Nested Loop", "Parent Relationship": "Outer", "Join Type": "Inner", "Startup Cost": 4.83, "Total Cost": 38290.52, "Plan Rows": 6, "Plan Width": 16, "Actual Startup Time": 1.098, "Actual Total Time": 1261.302, "Actual Rows": 275, "Actual Loops": 1, "Inner Unique": false, "Join Filter": "(ci.role_id = rt.id)", "Rows Removed by Join Filter": 102, "Plans": [{"Node Type": "Seq Scan", "Parent Relationship": "Outer", "Relation Name": "role_type", "Alias": "rt", "Startup Cost": 0.0, "Total Cost": 1.15, "Plan Rows": 1, "Plan Width": 4, "Actual Startup Time": 0.018, "Actual Total Time": 0.025, "Actual Rows": 1, "Actual Loops": 1, "Filter": "((role)::text = 'actor'::text)", "Rows Removed by Filter": 11}, {"Node Type": "Nested Loop", "Parent Relationship": "Inner", "Join Type": "Inner", "Startup Cost": 4.83, "Total Cost": 38288.52, "Plan Rows": 68, "Plan Width": 20, "Actual Startup Time": 1.073, "Actual Total Time": 1261.057, "Actual Rows": 377, "Actual Loops": 1, "Inner Unique": false, "Plans": [{"Node Type": "Nested Loop", "Parent Relationship": "Outer", "Join Type": "Inner", "Startup Cost": 4.32, "Total Cost": 20813.55, "Plan Rows": 3779, "Plan Width": 8, "Actual Startup Time": 0.09, "Actual Total Time": 122.723, "Actual Rows": 8790, "Actual Loops": 1, "Inner Unique": false, "Plans": [{"Node Type": "Seq Scan", "Parent Relationship": "Outer", "Relation Name": "company_name", "Alias": "cn", "Startup Cost": 0.0, "Total Cost": 5903.45, "Plan Rows": 251, "Plan Width": 4, "Actual Startup Time": 0.045, "Actual Total Time": 85.602, "Actual Rows": 1361, "Actual Loops": 1, "Filter": "((country_code)::text = '[ru]'::text)", "Rows Removed by Filter": 233635}, {"Node Type": "Bitmap Heap Scan", "Parent Relationship": "Inner", "Relation Name": "movie_companies", "Alias": "mc", "Startup Cost": 4.32, "Total Cost": 59.25, "Plan Rows": 15, "Plan Width": 12, "Actual Startup Time": 15.128, "Actual Total Time": 32.564, "Actual Rows": 8790, "Actual Loops": 1361, "Recheck Cond": "(company_id = cn.id)", "Rows Removed by Index Recheck": 0, "Exact Heap Blocks": 7155, "Lossy Heap Blocks": 7155, "Plans": [{"Node Type": "Bitmap Index Scan", "Parent Relationship": "Outer", "Index Name": "company_id_movie_companies", "Startup Cost": 0.0, "Total Cost": 4.31, "Plan Rows": 15, "Plan Width": 0, "Actual Startup Time": 9.696, "Actual Total Time": 9.696, "Actual Rows": 8790, "Actual Loops": 1361, "Index Cond": "(company_id = cn.id)"}]}]}, {"Node Type": "Bitmap Heap Scan", "Parent Relationship": "Inner", "Relation Name": "cast_info", "Alias": "ci", "Startup Cost": 0.51, "Total Cost": 4.61, "Plan Rows": 1, "Plan Width": 12, "Actual Startup Time": 1062.4, "Actual Total Time": 1123.634, "Actual Rows": 377, "Actual Loops": 8790, "Recheck Cond": "(movie_id = mc.movie_id)", "Rows Removed by Index Recheck": 0, "Filter": "(((note)::text ~~ '%(voice)%'::text) AND ((note)::text ~~ '%(uncredited)%'::text))", "Rows Removed by Filter": 408168, "Exact Heap Blocks": 397651, "Lossy Heap Blocks": 397651, "Plans": [{"Node Type": "Bitmap Index Scan", "Parent Relationship": "Outer", "Index Name": "movie_id_cast_info", "Startup Cost": 0.0, "Total Cost": 0.51, "Plan Rows": 6, "Plan Width": 0, "Actual Startup Time": 138.568, "Actual Total Time": 138.568, "Actual Rows": 408545, "Actual Loops": 8790, "Index Cond": "(movie_id = mc.movie_id)"}]}]}]}, {"Node Type": "Bitmap Heap Scan", "Parent Relationship": "Inner", "Relation Name": "char_name", "Alias": "chn", "Startup Cost": 2.3, "Total Cost": 6.31, "Plan Rows": 1, "Plan Width": 20, "Actual Startup Time": 2.698, "Actual Total Time": 2.698, "Actual Rows": 265, "Actual Loops": 275, "Recheck Cond": "(id = ci.person_role_id)", "Rows Removed by Index Recheck": 0, "Exact Heap Blocks": 265, "Lossy Heap Blocks": 265, "Plans": [{"Node Type": "Bitmap Index Scan", "Parent Relationship": "Outer", "Index Name": "char_name_pkey", "Startup Cost": 0.0, "Total Cost": 2.3, "Plan Rows": 1, "Plan Width": 0, "Actual Startup Time": 1.832, "Actual Total Time": 1.832, "Actual Rows": 265, "Actual Loops": 275, "Index Cond": "(id = ci.person_role_id)"}]}]}, {"Node Type": "Bitmap Heap Scan", "Parent Relationship": "Inner", "Relation Name": "title", "Alias": "t", "Startup Cost": 0.27, "Total Cost": 4.29, "Plan Rows": 1, "Plan Width": 21, "Actual Startup Time": 2.399, "Actual Total Time": 2.399, "Actual Rows": 104, "Actual Loops": 265, "Recheck Cond": "(id = mc.movie_id)", "Rows Removed by Index Recheck": 0, "Filter": "(production_year > 2005)", "Rows Removed by Filter": 161, "Exact Heap Blocks": 265, "Lossy Heap Blocks": 265, "Plans": [{"Node Type": "Bitmap Index Scan", "Parent Relationship": "Outer", "Index Name": "title_pkey", "Startup Cost": 0.0, "Total Cost": 0.27, "Plan Rows": 1, "Plan Width": 0, "Actual Startup Time": 1.54, "Actual Total Time": 1.54, "Actual Rows": 265, "Actual Loops": 265, "Index Cond": "(id = mc.movie_id)"}]}]}]}]}]}, "Triggers": [], "Planner Runtime": 18, "Total Runtime": 1268.406, "Unique SQL Id": 2933943827}}, "(16, 3)": {"explain_plan": {"Plan": {"Node Type": "Aggregate", "Strategy": "Plain", "Startup Cost": 41418.46, "Total Cost": 41418.47, "Plan Rows": 1, "Plan Width": 97, "Plans": [{"Node Type": "Nested Loop", "Parent Relationship": "Outer", "Join Type": "Inner", "Startup Cost": 2787.21, "Total Cost": 41418.45, "Plan Rows": 2, "Plan Width": 33, "Inner Unique": true, "Plans": [{"Node Type": "Nested Loop", "Parent Relationship": "Outer", "Join Type": "Inner", "Startup Cost": 2786.95, "Total Cost": 41409.89, "Plan Rows": 2, "Plan Width": 37, "Inner Unique": true, "Plans": [{"Node Type": "Nested Loop", "Parent Relationship": "Outer", "Join Type": "Inner", "Startup Cost": 2786.68, "Total Cost": 41397.0, "Plan Rows": 3, "Plan Width": 28, "Inner Unique": true, "Plans": [{"Node Type": "Nested Loop", "Parent Relationship": "Outer", "Join Type": "Inner", "Startup Cost": 2784.38, "Total Cost": 41359.07, "Plan Rows": 6, "Plan Width": 16, "Inner Unique": true, "Plans": [{"Node Type": "Nested Loop", "Parent Relationship": "Outer", "Join Type": "Inner", "Startup Cost": 2784.12, "Total Cost": 41067.82, "Plan Rows": 68, "Plan Width": 20, "Inner Unique": false, "Plans": [{"Node Type": "Nested Loop", "Parent Relationship": "Outer", "Join Type": "Inner", "Startup Cost": 2783.61, "Total Cost": 23592.84, "Plan Rows": 3779, "Plan Width": 8, "Inner Unique": false, "Plans": [{"Node Type": "Bitmap Heap Scan", "Parent Relationship": "Outer", "Relation Name": "company_name", "Alias": "cn", "Startup Cost": 2779.29, "Total Cost": 8682.74, "Plan Rows": 251, "Plan Width": 4, "Filter": "((country_code)::text = '[ru]'::text)", "Plans": [{"Node Type": "Bitmap Index Scan", "Parent Relationship": "Outer", "Index Name": "company_name_pkey", "Startup Cost": 0.0, "Total Cost": 2779.23, "Plan Rows": 234996, "Plan Width": 0}]}, {"Node Type": "Bitmap Heap Scan", "Parent Relationship": "Inner", "Relation Name": "movie_companies", "Alias": "mc", "Startup Cost": 4.32, "Total Cost": 59.25, "Plan Rows": 15, "Plan Width": 12, "Recheck Cond": "(company_id = cn.id)", "Plans": [{"Node Type": "Bitmap Index Scan", "Parent Relationship": "Outer", "Index Name": "company_id_movie_companies", "Startup Cost": 0.0, "Total Cost": 4.31, "Plan Rows": 15, "Plan Width": 0, "Index Cond": "(company_id = cn.id)"}]}]}, {"Node Type": "Bitmap Heap Scan", "Parent Relationship": "Inner", "Relation Name": "cast_info", "Alias": "ci", "Startup Cost": 0.51, "Total Cost": 4.61, "Plan Rows": 1, "Plan Width": 12, "Recheck Cond": "(movie_id = mc.movie_id)", "Filter": "(((note)::text ~~ '%(voice)%'::text) AND ((note)::text ~~ '%(uncredited)%'::text))", "Plans": [{"Node Type": "Bitmap Index Scan", "Parent Relationship": "Outer", "Index Name": "movie_id_cast_info", "Startup Cost": 0.0, "Total Cost": 0.51, "Plan Rows": 6, "Plan Width": 0, "Index Cond": "(movie_id = mc.movie_id)"}]}]}, {"Node Type": "Bitmap Heap Scan", "Parent Relationship": "Inner", "Relation Name": "role_type", "Alias": "rt", "Startup Cost": 0.26, "Total Cost": 4.27, "Plan Rows": 1, "Plan Width": 4, "Recheck Cond": "(id = ci.role_id)", "Filter": "((role)::text = 'actor'::text)", "Plans": [{"Node Type": "Bitmap Index Scan", "Parent Relationship": "Outer", "Index Name": "role_type_pkey", "Startup Cost": 0.0, "Total Cost": 0.26, "Plan Rows": 1, "Plan Width": 0, "Index Cond": "(id = ci.role_id)"}]}]}, {"Node Type": "Bitmap Heap Scan", "Parent Relationship": "Inner", "Relation Name": "char_name", "Alias": "chn", "Startup Cost": 2.3, "Total Cost": 6.31, "Plan Rows": 1, "Plan Width": 20, "Recheck Cond": "(id = ci.person_role_id)", "Plans": [{"Node Type": "Bitmap Index Scan", "Parent Relationship": "Outer", "Index Name": "char_name_pkey", "Startup Cost": 0.0, "Total Cost": 2.3, "Plan Rows": 1, "Plan Width": 0, "Index Cond": "(id = ci.person_role_id)"}]}]}, {"Node Type": "Bitmap Heap Scan", "Parent Relationship": "Inner", "Relation Name": "title", "Alias": "t", "Startup Cost": 0.27, "Total Cost": 4.29, "Plan Rows": 1, "Plan Width": 21, "Recheck Cond": "(id = mc.movie_id)", "Filter": "(production_year > 2005)", "Plans": [{"Node Type": "Bitmap Index Scan", "Parent Relationship": "Outer", "Index Name": "title_pkey", "Startup Cost": 0.0, "Total Cost": 0.27, "Plan Rows": 1, "Plan Width": 0, "Index Cond": "(id = mc.movie_id)"}]}]}, {"Node Type": "Bitmap Heap Scan", "Parent Relationship": "Inner", "Relation Name": "company_type", "Alias": "ct", "Startup Cost": 0.26, "Total Cost": 4.27, "Plan Rows": 1, "Plan Width": 4, "Recheck Cond": "(id = mc.company_type_id)", "Plans": [{"Node Type": "Bitmap Index Scan", "Parent Relationship": "Outer", "Index Name": "company_type_pkey", "Startup Cost": 0.0, "Total Cost": 0.26, "Plan Rows": 1, "Plan Width": 0, "Index Cond": "(id = mc.company_type_id)"}]}]}]}, "Unique SQL Id": 2933943827, "Planner Runtime": 17}, "explain_analyze_plan": {"Plan": {"Node Type": "Aggregate", "Strategy": "Plain", "Startup Cost": 41418.46, "Total Cost": 41418.47, "Plan Rows": 1, "Plan Width": 97, "Actual Startup Time": 1197.675, "Actual Total Time": 1197.675, "Actual Rows": 1, "Actual Loops": 1, "Plans": [{"Node Type": "Nested Loop", "Parent Relationship": "Outer", "Join Type": "Inner", "Startup Cost": 2787.21, "Total Cost": 41418.45, "Plan Rows": 2, "Plan Width": 33, "Actual Startup Time": 99.205, "Actual Total Time": 1197.571, "Actual Rows": 18, "Actual Loops": 1, "Inner Unique": true, "Plans": [{"Node Type": "Nested Loop", "Parent Relationship": "Outer", "Join Type": "Inner", "Startup Cost": 2786.95, "Total Cost": 41409.89, "Plan Rows": 2, "Plan Width": 37, "Actual Startup Time": 42.334, "Actual Total Time": 1197.028, "Actual Rows": 104, "Actual Loops": 1, "Inner Unique": true, "Plans": [{"Node Type": "Nested Loop", "Parent Relationship": "Outer", "Join Type": "Inner", "Startup Cost": 2786.68, "Total Cost": 41397.0, "Plan Rows": 3, "Plan Width": 28, "Actual Startup Time": 27.449, "Actual Total Time": 1194.263, "Actual Rows": 265, "Actual Loops": 1, "Inner Unique": true, "Plans": [{"Node Type": "Nested Loop", "Parent Relationship": "Outer", "Join Type": "Inner", "Startup Cost": 2784.38, "Total Cost": 41359.07, "Plan Rows": 6, "Plan Width": 16, "Actual Startup Time": 27.428, "Actual Total Time": 1191.216, "Actual Rows": 275, "Actual Loops": 1, "Inner Unique": true, "Plans": [{"Node Type": "Nested Loop", "Parent Relationship": "Outer", "Join Type": "Inner", "Startup Cost": 2784.12, "Total Cost": 41067.82, "Plan Rows": 68, "Plan Width": 20, "Actual Startup Time": 27.408, "Actual Total Time": 1188.638, "Actual Rows": 377, "Actual Loops": 1, "Inner Unique": false, "Plans": [{"Node Type": "Nested Loop", "Parent Relationship": "Outer", "Join Type": "Inner", "Startup Cost": 2783.61, "Total Cost": 23592.84, "Plan Rows": 3779, "Plan Width": 8, "Actual Startup Time": 26.16, "Actual Total Time": 182.006, "Actual Rows": 8790, "Actual Loops": 1, "Inner Unique": false, "Plans": [{"Node Type": "Bitmap Heap Scan", "Parent Relationship": "Outer", "Relation Name": "company_name", "Alias": "cn", "Startup Cost": 2779.29, "Total Cost": 8682.74, "Plan Rows": 251, "Plan Width": 4, "Actual Startup Time": 26.111, "Actual Total Time": 148.164, "Actual Rows": 1361, "Actual Loops": 1, "Filter": "((country_code)::text = '[ru]'::text)", "Rows Removed by Filter": 233635, "Exact Heap Blocks": 2966, "Lossy Heap Blocks": 2966, "Plans": [{"Node Type": "Bitmap Index Scan", "Parent Relationship": "Outer", "Index Name": "company_name_pkey", "Startup Cost": 0.0, "Total Cost": 2779.23, "Plan Rows": 234996, "Plan Width": 0, "Actual Startup Time": 25.617, "Actual Total Time": 25.617, "Actual Rows": 234996, "Actual Loops": 1}]}, {"Node Type": "Bitmap Heap Scan", "Parent Relationship": "Inner", "Relation Name": "movie_companies", "Alias": "mc", "Startup Cost": 4.32, "Total Cost": 59.25, "Plan Rows": 15, "Plan Width": 12, "Actual Startup Time": 14.449, "Actual Total Time": 29.008, "Actual Rows": 8790, "Actual Loops": 1361, "Recheck Cond": "(company_id = cn.id)", "Rows Removed by Index Recheck": 0, "Exact Heap Blocks": 7155, "Lossy Heap Blocks": 7155, "Plans": [{"Node Type": "Bitmap Index Scan", "Parent Relationship": "Outer", "Index Name": "company_id_movie_companies", "Startup Cost": 0.0, "Total Cost": 4.31, "Plan Rows": 15, "Plan Width": 0, "Actual Startup Time": 9.127, "Actual Total Time": 9.127, "Actual Rows": 8790, "Actual Loops": 1361, "Index Cond": "(company_id = cn.id)"}]}]}, {"Node Type": "Bitmap Heap Scan", "Parent Relationship": "Inner", "Relation Name": "cast_info", "Alias": "ci", "Startup Cost": 0.51, "Total Cost": 4.61, "Plan Rows": 1, "Plan Width": 12, "Actual Startup Time": 938.519, "Actual Total Time": 990.4, "Actual Rows": 377, "Actual Loops": 8790, "Recheck Cond": "(movie_id = mc.movie_id)", "Rows Removed by Index Recheck": 0, "Filter": "(((note)::text ~~ '%(voice)%'::text) AND ((note)::text ~~ '%(uncredited)%'::text))", "Rows Removed by Filter": 408168, "Exact Heap Blocks": 397651, "Lossy Heap Blocks": 397651, "Plans": [{"Node Type": "Bitmap Index Scan", "Parent Relationship": "Outer", "Index Name": "movie_id_cast_info", "Startup Cost": 0.0, "Total Cost": 0.51, "Plan Rows": 6, "Plan Width": 0, "Actual Startup Time": 127.518, "Actual Total Time": 127.518, "Actual Rows": 408545, "Actual Loops": 8790, "Index Cond": "(movie_id = mc.movie_id)"}]}]}, {"Node Type": "Bitmap Heap Scan", "Parent Relationship": "Inner", "Relation Name": "role_type", "Alias": "rt", "Startup Cost": 0.26, "Total Cost": 4.27, "Plan Rows": 1, "Plan Width": 4, "Actual Startup Time": 1.696, "Actual Total Time": 1.696, "Actual Rows": 275, "Actual Loops": 377, "Recheck Cond": "(id = ci.role_id)", "Rows Removed by Index Recheck": 0, "Filter": "((role)::text = 'actor'::text)", "Rows Removed by Filter": 102, "Exact Heap Blocks": 377, "Lossy Heap Blocks": 377, "Plans": [{"Node Type": "Bitmap Index Scan", "Parent Relationship": "Outer", "Index Name": "role_type_pkey", "Startup Cost": 0.0, "Total Cost": 0.26, "Plan Rows": 1, "Plan Width": 0, "Actual Startup Time": 0.653, "Actual Total Time": 0.653, "Actual Rows": 377, "Actual Loops": 377, "Index Cond": "(id = ci.role_id)"}]}]}, {"Node Type": "Bitmap Heap Scan", "Parent Relationship": "Inner", "Relation Name": "char_name", "Alias": "chn", "Startup Cost": 2.3, "Total Cost": 6.31, "Plan Rows": 1, "Plan Width": 20, "Actual Startup Time": 2.327, "Actual Total Time": 2.327, "Actual Rows": 265, "Actual Loops": 275, "Recheck Cond": "(id = ci.person_role_id)", "Rows Removed by Index Recheck": 0, "Exact Heap Blocks": 265, "Lossy Heap Blocks": 265, "Plans": [{"Node Type": "Bitmap Index Scan", "Parent Relationship": "Outer", "Index Name": "char_name_pkey", "Startup Cost": 0.0, "Total Cost": 2.3, "Plan Rows": 1, "Plan Width": 0, "Actual Startup Time": 1.574, "Actual Total Time": 1.574, "Actual Rows": 265, "Actual Loops": 275, "Index Cond": "(id = ci.person_role_id)"}]}]}, {"Node Type": "Bitmap Heap Scan", "Parent Relationship": "Inner", "Relation Name": "title", "Alias": "t", "Startup Cost": 0.27, "Total Cost": 4.29, "Plan Rows": 1, "Plan Width": 21, "Actual Startup Time": 2.169, "Actual Total Time": 2.169, "Actual Rows": 104, "Actual Loops": 265, "Recheck Cond": "(id = mc.movie_id)", "Rows Removed by Index Recheck": 0, "Filter": "(production_year > 2005)", "Rows Removed by Filter": 161, "Exact Heap Blocks": 265, "Lossy Heap Blocks": 265, "Plans": [{"Node Type": "Bitmap Index Scan", "Parent Relationship": "Outer", "Index Name": "title_pkey", "Startup Cost": 0.0, "Total Cost": 0.27, "Plan Rows": 1, "Plan Width": 0, "Actual Startup Time": 1.333, "Actual Total Time": 1.333, "Actual Rows": 265, "Actual Loops": 265, "Index Cond": "(id = mc.movie_id)"}]}]}, {"Node Type": "Bitmap Heap Scan", "Parent Relationship": "Inner", "Relation Name": "company_type", "Alias": "ct", "Startup Cost": 0.26, "Total Cost": 4.27, "Plan Rows": 1, "Plan Width": 4, "Actual Startup Time": 0.281, "Actual Total Time": 0.281, "Actual Rows": 18, "Actual Loops": 104, "Recheck Cond": "(id = mc.company_type_id)", "Rows Removed by Index Recheck": 0, "Exact Heap Blocks": 18, "Lossy Heap Blocks": 18, "Plans": [{"Node Type": "Bitmap Index Scan", "Parent Relationship": "Outer", "Index Name": "company_type_pkey", "Startup Cost": 0.0, "Total Cost": 0.26, "Plan Rows": 1, "Plan Width": 0, "Actual Startup Time": 0.155, "Actual Total Time": 0.155, "Actual Rows": 18, "Actual Loops": 104, "Index Cond": "(id = mc.company_type_id)"}]}]}]}, "Triggers": [], "Planner Runtime": 6, "Total Runtime": 1198.112, "Unique SQL Id": 2933943827}}, "(16, 4)": {"explain_plan": {"Plan": {"Node Type": "Aggregate", "Strategy": "Plain", "Startup Cost": 19897.43, "Total Cost": 19897.44, "Plan Rows": 1, "Plan Width": 97, "Plans": [{"Node Type": "Nested Loop", "Parent Relationship": "Outer", "Join Type": "Inner", "Startup Cost": 0.0, "Total Cost": 19897.42, "Plan Rows": 2, "Plan Width": 33, "Inner Unique": true, "Plans": [{"Node Type": "Nested Loop", "Parent Relationship": "Outer", "Join Type": "Inner", "Startup Cost": 0.0, "Total Cost": 19896.86, "Plan Rows": 2, "Plan Width": 37, "Inner Unique": true, "Plans": [{"Node Type": "Nested Loop", "Parent Relationship": "Outer", "Join Type": "Inner", "Startup Cost": 0.0, "Total Cost": 19869.97, "Plan Rows": 5, "Plan Width": 25, "Inner Unique": true, "Plans": [{"Node Type": "Nested Loop", "Parent Relationship": "Outer", "Join Type": "Inner", "Startup Cost": 0.0, "Total Cost": 19867.87, "Plan Rows": 6, "Plan Width": 16, "Inner Unique": false, "Join Filter": "(ci.role_id = rt.id)", "Plans": [{"Node Type": "Seq Scan", "Parent Relationship": "Outer", "Relation Name": "role_type", "Alias": "rt", "Startup Cost": 0.0, "Total Cost": 1.15, "Plan Rows": 1, "Plan Width": 4, "Filter": "((role)::text = 'actor'::text)"}, {"Node Type": "Nested Loop", "Parent Relationship": "Inner", "Join Type": "Inner", "Startup Cost": 0.0, "Total Cost": 19865.87, "Plan Rows": 68, "Plan Width": 20, "Inner Unique": false, "Plans": [{"Node Type": "Nested Loop", "Parent Relationship": "Outer", "Join Type": "Inner", "Startup Cost": 0.0, "Total Cost": 16121.55, "Plan Rows": 3779, "Plan Width": 8, "Inner Unique": false, "Plans": [{"Node Type": "Seq Scan", "Parent Relationship": "Outer", "Relation Name": "company_name", "Alias": "cn", "Startup Cost": 0.0, "Total Cost": 5903.45, "Plan Rows": 251, "Plan Width": 4, "Filter": "((country_code)::text = '[ru]'::text)"}, {"Node Type": "Index Scan", "Parent Relationship": "Inner", "Scan Direction": "Forward", "Index Name": "company_id_movie_companies", "Relation Name": "movie_companies", "Alias": "mc", "Startup Cost": 0.0, "Total Cost": 40.56, "Plan Rows": 15, "Plan Width": 12, "Index Cond": "(company_id = cn.id)"}]}, {"Node Type": "Index Scan", "Parent Relationship": "Inner", "Scan Direction": "Forward", "Index Name": "movie_id_cast_info", "Relation Name": "cast_info", "Alias": "ci", "Startup Cost": 0.0, "Total Cost": 0.98, "Plan Rows": 1, "Plan Width": 12, "Index Cond": "(movie_id = mc.movie_id)", "Filter": "(((note)::text ~~ '%(voice)%'::text) AND ((note)::text ~~ '%(uncredited)%'::text))"}]}]}, {"Node Type": "Index Scan", "Parent Relationship": "Inner", "Scan Direction": "Forward", "Index Name": "title_pkey", "Relation Name": "title", "Alias": "t", "Startup Cost": 0.0, "Total Cost": 0.34, "Plan Rows": 1, "Plan Width": 21, "Index Cond": "(id = mc.movie_id)", "Filter": "(production_year > 2005)"}]}, {"Node Type": "Index Scan", "Parent Relationship": "Inner", "Scan Direction": "Forward", "Index Name": "char_name_pkey", "Relation Name": "char_name", "Alias": "chn", "Startup Cost": 0.0, "Total Cost": 5.37, "Plan Rows": 1, "Plan Width": 20, "Index Cond": "(id = ci.person_role_id)"}]}, {"Node Type": "Index Scan", "Parent Relationship": "Inner", "Scan Direction": "Forward", "Index Name": "company_type_pkey", "Relation Name": "company_type", "Alias": "ct", "Startup Cost": 0.0, "Total Cost": 0.27, "Plan Rows": 1, "Plan Width": 4, "Index Cond": "(id = mc.company_type_id)"}]}]}, "Unique SQL Id": 2933943827, "Planner Runtime": 26}, "explain_analyze_plan": {"Plan": {"Node Type": "Aggregate", "Strategy": "Plain", "Startup Cost": 19897.43, "Total Cost": 19897.44, "Plan Rows": 1, "Plan Width": 97, "Actual Startup Time": 1044.453, "Actual Total Time": 1044.453, "Actual Rows": 1, "Actual Loops": 1, "Plans": [{"Node Type": "Nested Loop", "Parent Relationship": "Outer", "Join Type": "Inner", "Startup Cost": 0.0, "Total Cost": 19897.42, "Plan Rows": 2, "Plan Width": 33, "Actual Startup Time": 61.95, "Actual Total Time": 1044.352, "Actual Rows": 18, "Actual Loops": 1, "Inner Unique": true, "Plans": [{"Node Type": "Nested Loop", "Parent Relationship": "Outer", "Join Type": "Inner", "Startup Cost": 0.0, "Total Cost": 19896.86, "Plan Rows": 2, "Plan Width": 37, "Actual Startup Time": 12.333, "Actual Total Time": 1044.034, "Actual Rows": 104, "Actual Loops": 1, "Inner Unique": true, "Plans": [{"Node Type": "Nested Loop", "Parent Relationship": "Outer", "Join Type": "Inner", "Startup Cost": 0.0, "Total Cost": 19869.97, "Plan Rows": 5, "Plan Width": 25, "Actual Startup Time": 12.321, "Actual Total Time": 1042.856, "Actual Rows": 112, "Actual Loops": 1, "Inner Unique": true, "Plans": [{"Node Type": "Nested Loop", "Parent Relationship": "Outer", "Join Type": "Inner", "Startup Cost": 0.0, "Total Cost": 19867.87, "Plan Rows": 6, "Plan Width": 16, "Actual Startup Time": 0.86, "Actual Total Time": 1040.304, "Actual Rows": 275, "Actual Loops": 1, "Inner Unique": false, "Join Filter": "(ci.role_id = rt.id)", "Rows Removed by Join Filter": 102, "Plans": [{"Node Type": "Seq Scan", "Parent Relationship": "Outer", "Relation Name": "role_type", "Alias": "rt", "Startup Cost": 0.0, "Total Cost": 1.15, "Plan Rows": 1, "Plan Width": 4, "Actual Startup Time": 0.016, "Actual Total Time": 0.025, "Actual Rows": 1, "Actual Loops": 1, "Filter": "((role)::text = 'actor'::text)", "Rows Removed by Filter": 11}, {"Node Type": "Nested Loop", "Parent Relationship": "Inner", "Join Type": "Inner", "Startup Cost": 0.0, "Total Cost": 19865.87, "Plan Rows": 68, "Plan Width": 20, "Actual Startup Time": 0.837, "Actual Total Time": 1040.014, "Actual Rows": 377, "Actual Loops": 1, "Inner Unique": false, "Plans": [{"Node Type": "Nested Loop", "Parent Relationship": "Outer", "Join Type": "Inner", "Startup Cost": 0.0, "Total Cost": 16121.55, "Plan Rows": 3779, "Plan Width": 8, "Actual Startup Time": 0.057, "Actual Total Time": 114.57, "Actual Rows": 8790, "Actual Loops": 1, "Inner Unique": false, "Plans": [{"Node Type": "Seq Scan", "Parent Relationship": "Outer", "Relation Name": "company_name", "Alias": "cn", "Startup Cost": 0.0, "Total Cost": 5903.45, "Plan Rows": 251, "Plan Width": 4, "Actual Startup Time": 0.036, "Actual Total Time": 85.328, "Actual Rows": 1361, "Actual Loops": 1, "Filter": "((country_code)::text = '[ru]'::text)", "Rows Removed by Filter": 233635}, {"Node Type": "Index Scan", "Parent Relationship": "Inner", "Scan Direction": "Forward", "Index Name": "company_id_movie_companies", "Relation Name": "movie_companies", "Alias": "mc", "Startup Cost": 0.0, "Total Cost": 40.56, "Plan Rows": 15, "Plan Width": 12, "Actual Startup Time": 10.803, "Actual Total Time": 26.091, "Actual Rows": 8790, "Actual Loops": 1361, "Index Cond": "(company_id = cn.id)", "Rows Removed by Index Recheck": 0}]}, {"Node Type": "Index Scan", "Parent Relationship": "Inner", "Scan Direction": "Forward", "Index Name": "movie_id_cast_info", "Relation Name": "cast_info", "Alias": "ci", "Startup Cost": 0.0, "Total Cost": 0.98, "Plan Rows": 1, "Plan Width": 12, "Actual Startup Time": 865.63, "Actual Total Time": 920.19, "Actual Rows": 377, "Actual Loops": 8790, "Index Cond": "(movie_id = mc.movie_id)", "Rows Removed by Index Recheck": 0, "Filter": "(((note)::text ~~ '%(voice)%'::text) AND ((note)::text ~~ '%(uncredited)%'::text))", "Rows Removed by Filter": 408168}]}]}, {"Node Type": "Index Scan", "Parent Relationship": "Inner", "Scan Direction": "Forward", "Index Name": "title_pkey", "Relation Name": "title", "Alias": "t", "Startup Cost": 0.0, "Total Cost": 0.34, "Plan Rows": 1, "Plan Width": 21, "Actual Startup Time": 2.175, "Actual Total Time": 2.175, "Actual Rows": 112, "Actual Loops": 275, "Index Cond": "(id = mc.movie_id)", "Rows Removed by Index Recheck": 0, "Filter": "(production_year > 2005)", "Rows Removed by Filter": 163}]}, {"Node Type": "Index Scan", "Parent Relationship": "Inner", "Scan Direction": "Forward", "Index Name": "char_name_pkey", "Relation Name": "char_name", "Alias": "chn", "Startup Cost": 0.0, "Total Cost": 5.37, "Plan Rows": 1, "Plan Width": 20, "Actual Startup Time": 0.95, "Actual Total Time": 0.95, "Actual Rows": 104, "Actual Loops": 112, "Index Cond": "(id = ci.person_role_id)", "Rows Removed by Index Recheck": 0}]}, {"Node Type": "Index Scan", "Parent Relationship": "Inner", "Scan Direction": "Forward", "Index Name": "company_type_pkey", "Relation Name": "company_type", "Alias": "ct", "Startup Cost": 0.0, "Total Cost": 0.27, "Plan Rows": 1, "Plan Width": 4, "Actual Startup Time": 0.173, "Actual Total Time": 0.173, "Actual Rows": 18, "Actual Loops": 104, "Index Cond": "(id = mc.company_type_id)", "Rows Removed by Index Recheck": 0}]}]}, "Triggers": [], "Planner Runtime": 6, "Total Runtime": 1044.846, "Unique SQL Id": 2933943827}}, "(16, 5)": {"explain_plan": {"Plan": {"Node Type": "Aggregate", "Strategy": "Plain", "Startup Cost": 22688.03, "Total Cost": 22688.04, "Plan Rows": 1, "Plan Width": 97, "Plans": [{"Node Type": "Nested Loop", "Parent Relationship": "Outer", "Join Type": "Inner", "Startup Cost": 2779.29, "Total Cost": 22688.02, "Plan Rows": 2, "Plan Width": 33, "Inner Unique": true, "Plans": [{"Node Type": "Nested Loop", "Parent Relationship": "Outer", "Join Type": "Inner", "Startup Cost": 2779.29, "Total Cost": 22687.46, "Plan Rows": 2, "Plan Width": 37, "Inner Unique": true, "Plans": [{"Node Type": "Nested Loop", "Parent Relationship": "Outer", "Join Type": "Inner", "Startup Cost": 2779.29, "Total Cost": 22660.57, "Plan Rows": 5, "Plan Width": 25, "Inner Unique": true, "Plans": [{"Node Type": "Nested Loop", "Parent Relationship": "Outer", "Join Type": "Inner", "Startup Cost": 2779.29, "Total Cost": 22658.47, "Plan Rows": 6, "Plan Width": 16, "Inner Unique": false, "Join Filter": "(ci.role_id = rt.id)", "Plans": [{"Node Type": "Index Scan", "Parent Relationship": "Outer", "Scan Direction": "Forward", "Index Name": "role_type_pkey", "Relation Name": "role_type", "Alias": "rt", "Startup Cost": 0.0, "Total Cost": 12.46, "Plan Rows": 1, "Plan Width": 4, "Filter": "((role)::text = 'actor'::text)"}, {"Node Type": "Nested Loop", "Parent Relationship": "Inner", "Join Type": "Inner", "Startup Cost": 2779.29, "Total Cost": 22645.16, "Plan Rows": 68, "Plan Width": 20, "Inner Unique": false, "Plans": [{"Node Type": "Nested Loop", "Parent Relationship": "Outer", "Join Type": "Inner", "Startup Cost": 2779.29, "Total Cost": 18900.84, "Plan Rows": 3779, "Plan Width": 8, "Inner Unique": false, "Plans": [{"Node Type": "Bitmap Heap Scan", "Parent Relationship": "Outer", "Relation Name": "company_name", "Alias": "cn", "Startup Cost": 2779.29, "Total Cost": 8682.74, "Plan Rows": 251, "Plan Width": 4, "Filter": "((country_code)::text = '[ru]'::text)", "Plans": [{"Node Type": "Bitmap Index Scan", "Parent Relationship": "Outer", "Index Name": "company_name_pkey", "Startup Cost": 0.0, "Total Cost": 2779.23, "Plan Rows": 234996, "Plan Width": 0}]}, {"Node Type": "Index Scan", "Parent Relationship": "Inner", "Scan Direction": "Forward", "Index Name": "company_id_movie_companies", "Relation Name": "movie_companies", "Alias": "mc", "Startup Cost": 0.0, "Total Cost": 40.56, "Plan Rows": 15, "Plan Width": 12, "Index Cond": "(company_id = cn.id)"}]}, {"Node Type": "Index Scan", "Parent Relationship": "Inner", "Scan Direction": "Forward", "Index Name": "movie_id_cast_info", "Relation Name": "cast_info", "Alias": "ci", "Startup Cost": 0.0, "Total Cost": 0.98, "Plan Rows": 1, "Plan Width": 12, "Index Cond": "(movie_id = mc.movie_id)", "Filter": "(((note)::text ~~ '%(voice)%'::text) AND ((note)::text ~~ '%(uncredited)%'::text))"}]}]}, {"Node Type": "Index Scan", "Parent Relationship": "Inner", "Scan Direction": "Forward", "Index Name": "title_pkey", "Relation Name": "title", "Alias": "t", "Startup Cost": 0.0, "Total Cost": 0.34, "Plan Rows": 1, "Plan Width": 21, "Index Cond": "(id = mc.movie_id)", "Filter": "(production_year > 2005)"}]}, {"Node Type": "Index Scan", "Parent Relationship": "Inner", "Scan Direction": "Forward", "Index Name": "char_name_pkey", "Relation Name": "char_name", "Alias": "chn", "Startup Cost": 0.0, "Total Cost": 5.37, "Plan Rows": 1, "Plan Width": 20, "Index Cond": "(id = ci.person_role_id)"}]}, {"Node Type": "Index Scan", "Parent Relationship": "Inner", "Scan Direction": "Forward", "Index Name": "company_type_pkey", "Relation Name": "company_type", "Alias": "ct", "Startup Cost": 0.0, "Total Cost": 0.27, "Plan Rows": 1, "Plan Width": 4, "Index Cond": "(id = mc.company_type_id)"}]}]}, "Unique SQL Id": 2933943827, "Planner Runtime": 19}, "explain_analyze_plan": {"Plan": {"Node Type": "Aggregate", "Strategy": "Plain", "Startup Cost": 22688.03, "Total Cost": 22688.04, "Plan Rows": 1, "Plan Width": 97, "Actual Startup Time": 1023.647, "Actual Total Time": 1023.647, "Actual Rows": 1, "Actual Loops": 1, "Plans": [{"Node Type": "Nested Loop", "Parent Relationship": "Outer", "Join Type": "Inner", "Startup Cost": 2779.29, "Total Cost": 22688.02, "Plan Rows": 2, "Plan Width": 33, "Actual Startup Time": 89.034, "Actual Total Time": 1023.564, "Actual Rows": 18, "Actual Loops": 1, "Inner Unique": true, "Plans": [{"Node Type": "Nested Loop", "Parent Relationship": "Outer", "Join Type": "Inner", "Startup Cost": 2779.29, "Total Cost": 22687.46, "Plan Rows": 2, "Plan Width": 37, "Actual Startup Time": 38.612, "Actual Total Time": 1023.266, "Actual Rows": 104, "Actual Loops": 1, "Inner Unique": true, "Plans": [{"Node Type": "Nested Loop", "Parent Relationship": "Outer", "Join Type": "Inner", "Startup Cost": 2779.29, "Total Cost": 22660.57, "Plan Rows": 5, "Plan Width": 25, "Actual Startup Time": 38.596, "Actual Total Time": 1022.136, "Actual Rows": 112, "Actual Loops": 1, "Inner Unique": true, "Plans": [{"Node Type": "Nested Loop", "Parent Relationship": "Outer", "Join Type": "Inner", "Startup Cost": 2779.29, "Total Cost": 22658.47, "Plan Rows": 6, "Plan Width": 16, "Actual Startup Time": 26.784, "Actual Total Time": 1019.652, "Actual Rows": 275, "Actual Loops": 1, "Inner Unique": false, "Join Filter": "(ci.role_id = rt.id)", "Rows Removed by Join Filter": 102, "Plans": [{"Node Type": "Index Scan", "Parent Relationship": "Outer", "Scan Direction": "Forward", "Index Name": "role_type_pkey", "Relation Name": "role_type", "Alias": "rt", "Startup Cost": 0.0, "Total Cost": 12.46, "Plan Rows": 1, "Plan Width": 4, "Actual Startup Time": 0.017, "Actual Total Time": 0.027, "Actual Rows": 1, "Actual Loops": 1, "Filter": "((role)::text = 'actor'::text)", "Rows Removed by Filter": 11}, {"Node Type": "Nested Loop", "Parent Relationship": "Inner", "Join Type": "Inner", "Startup Cost": 2779.29, "Total Cost": 22645.16, "Plan Rows": 68, "Plan Width": 20, "Actual Startup Time": 26.759, "Actual Total Time": 1019.379, "Actual Rows": 377, "Actual Loops": 1, "Inner Unique": false, "Plans": [{"Node Type": "Nested Loop", "Parent Relationship": "Outer", "Join Type": "Inner", "Startup Cost": 2779.29, "Total Cost": 18900.84, "Plan Rows": 3779, "Plan Width": 8, "Actual Startup Time": 25.822, "Actual Total Time": 159.973, "Actual Rows": 8790, "Actual Loops": 1, "Inner Unique": false, "Plans": [{"Node Type": "Bitmap Heap Scan", "Parent Relationship": "Outer", "Relation Name": "company_name", "Alias": "cn", "Startup Cost": 2779.29, "Total Cost": 8682.74, "Plan Rows": 251, "Plan Width": 4, "Actual Startup Time": 25.802, "Actual Total Time": 133.775, "Actual Rows": 1361, "Actual Loops": 1, "Filter": "((country_code)::text = '[ru]'::text)", "Rows Removed by Filter": 233635, "Exact Heap Blocks": 2966, "Lossy Heap Blocks": 2966, "Plans": [{"Node Type": "Bitmap Index Scan", "Parent Relationship": "Outer", "Index Name": "company_name_pkey", "Startup Cost": 0.0, "Total Cost": 2779.23, "Plan Rows": 234996, "Plan Width": 0, "Actual Startup Time": 25.339, "Actual Total Time": 25.339, "Actual Rows": 234996, "Actual Loops": 1}]}, {"Node Type": "Index Scan", "Parent Relationship": "Inner", "Scan Direction": "Forward", "Index Name": "company_id_movie_companies", "Relation Name": "movie_companies", "Alias": "mc", "Startup Cost": 0.0, "Total Cost": 40.56, "Plan Rows": 15, "Plan Width": 12, "Actual Startup Time": 9.295, "Actual Total Time": 23.043, "Actual Rows": 8790, "Actual Loops": 1361, "Index Cond": "(company_id = cn.id)", "Rows Removed by Index Recheck": 0}]}, {"Node Type": "Index Scan", "Parent Relationship": "Inner", "Scan Direction": "Forward", "Index Name": "movie_id_cast_info", "Relation Name": "cast_info", "Alias": "ci", "Startup Cost": 0.0, "Total Cost": 0.98, "Plan Rows": 1, "Plan Width": 12, "Actual Startup Time": 802.211, "Actual Total Time": 854.23, "Actual Rows": 377, "Actual Loops": 8790, "Index Cond": "(movie_id = mc.movie_id)", "Rows Removed by Index Recheck": 0, "Filter": "(((note)::text ~~ '%(voice)%'::text) AND ((note)::text ~~ '%(uncredited)%'::text))", "Rows Removed by Filter": 408168}]}]}, {"Node Type": "Index Scan", "Parent Relationship": "Inner", "Scan Direction": "Forward", "Index Name": "title_pkey", "Relation Name": "title", "Alias": "t", "Startup Cost": 0.0, "Total Cost": 0.34, "Plan Rows": 1, "Plan Width": 21, "Actual Startup Time": 2.094, "Actual Total Time": 2.094, "Actual Rows": 112, "Actual Loops": 275, "Index Cond": "(id = mc.movie_id)", "Rows Removed by Index Recheck": 0, "Filter": "(production_year > 2005)", "Rows Removed by Filter": 163}]}, {"Node Type": "Index Scan", "Parent Relationship": "Inner", "Scan Direction": "Forward", "Index Name": "char_name_pkey", "Relation Name": "char_name", "Alias": "chn", "Startup Cost": 0.0, "Total Cost": 5.37, "Plan Rows": 1, "Plan Width": 20, "Actual Startup Time": 0.89, "Actual Total Time": 0.89, "Actual Rows": 104, "Actual Loops": 112, "Index Cond": "(id = ci.person_role_id)", "Rows Removed by Index Recheck": 0}]}, {"Node Type": "Index Scan", "Parent Relationship": "Inner", "Scan Direction": "Forward", "Index Name": "company_type_pkey", "Relation Name": "company_type", "Alias": "ct", "Startup Cost": 0.0, "Total Cost": 0.27, "Plan Rows": 1, "Plan Width": 4, "Actual Startup Time": 0.159, "Actual Total Time": 0.159, "Actual Rows": 18, "Actual Loops": 104, "Index Cond": "(id = mc.company_type_id)", "Rows Removed by Index Recheck": 0}]}]}, "Triggers": [], "Planner Runtime": 7, "Total Runtime": 1024.054, "Unique SQL Id": 2933943827}}, "(16, 6)": {"explain_plan": {"Plan": {"Node Type": "Aggregate", "Strategy": "Plain", "Startup Cost": 38342.48, "Total Cost": 38342.49, "Plan Rows": 1, "Plan Width": 97, "Plans": [{"Node Type": "Nested Loop", "Parent Relationship": "Outer", "Join Type": "Inner", "Startup Cost": 7.4, "Total Cost": 38342.47, "Plan Rows": 2, "Plan Width": 33, "Inner Unique": false, "Join Filter": "(mc.company_type_id = ct.id)", "Plans": [{"Node Type": "Seq Scan", "Parent Relationship": "Outer", "Relation Name": "company_type", "Alias": "ct", "Startup Cost": 0.0, "Total Cost": 1.03, "Plan Rows": 3, "Plan Width": 4}, {"Node Type": "Materialize", "Parent Relationship": "Inner", "Startup Cost": 7.4, "Total Cost": 38341.35, "Plan Rows": 2, "Plan Width": 37, "Plans": [{"Node Type": "Nested Loop", "Parent Relationship": "Outer", "Join Type": "Inner", "Startup Cost": 7.4, "Total Cost": 38341.34, "Plan Rows": 2, "Plan Width": 37, "Inner Unique": true, "Plans": [{"Node Type": "Nested Loop", "Parent Relationship": "Outer", "Join Type": "Inner", "Startup Cost": 7.13, "Total Cost": 38328.45, "Plan Rows": 3, "Plan Width": 28, "Inner Unique": true, "Plans": [{"Node Type": "Nested Loop", "Parent Relationship": "Outer", "Join Type": "Inner", "Startup Cost": 4.83, "Total Cost": 38290.52, "Plan Rows": 6, "Plan Width": 16, "Inner Unique": false, "Join Filter": "(ci.role_id = rt.id)", "Plans": [{"Node Type": "Seq Scan", "Parent Relationship": "Outer", "Relation Name": "role_type", "Alias": "rt", "Startup Cost": 0.0, "Total Cost": 1.15, "Plan Rows": 1, "Plan Width": 4, "Filter": "((role)::text = 'actor'::text)"}, {"Node Type": "Nested Loop", "Parent Relationship": "Inner", "Join Type": "Inner", "Startup Cost": 4.83, "Total Cost": 38288.52, "Plan Rows": 68, "Plan Width": 20, "Inner Unique": false, "Plans": [{"Node Type": "Nested Loop", "Parent Relationship": "Outer", "Join Type": "Inner", "Startup Cost": 4.32, "Total Cost": 20813.55, "Plan Rows": 3779, "Plan Width": 8, "Inner Unique": false, "Plans": [{"Node Type": "Seq Scan", "Parent Relationship": "Outer", "Relation Name": "company_name", "Alias": "cn", "Startup Cost": 0.0, "Total Cost": 5903.45, "Plan Rows": 251, "Plan Width": 4, "Filter": "((country_code)::text = '[ru]'::text)"}, {"Node Type": "Bitmap Heap Scan", "Parent Relationship": "Inner", "Relation Name": "movie_companies", "Alias": "mc", "Startup Cost": 4.32, "Total Cost": 59.25, "Plan Rows": 15, "Plan Width": 12, "Recheck Cond": "(company_id = cn.id)", "Plans": [{"Node Type": "Bitmap Index Scan", "Parent Relationship": "Outer", "Index Name": "company_id_movie_companies", "Startup Cost": 0.0, "Total Cost": 4.31, "Plan Rows": 15, "Plan Width": 0, "Index Cond": "(company_id = cn.id)"}]}]}, {"Node Type": "Bitmap Heap Scan", "Parent Relationship": "Inner", "Relation Name": "cast_info", "Alias": "ci", "Startup Cost": 0.51, "Total Cost": 4.61, "Plan Rows": 1, "Plan Width": 12, "Recheck Cond": "(movie_id = mc.movie_id)", "Filter": "(((note)::text ~~ '%(voice)%'::text) AND ((note)::text ~~ '%(uncredited)%'::text))", "Plans": [{"Node Type": "Bitmap Index Scan", "Parent Relationship": "Outer", "Index Name": "movie_id_cast_info", "Startup Cost": 0.0, "Total Cost": 0.51, "Plan Rows": 6, "Plan Width": 0, "Index Cond": "(movie_id = mc.movie_id)"}]}]}]}, {"Node Type": "Bitmap Heap Scan", "Parent Relationship": "Inner", "Relation Name": "char_name", "Alias": "chn", "Startup Cost": 2.3, "Total Cost": 6.31, "Plan Rows": 1, "Plan Width": 20, "Recheck Cond": "(id = ci.person_role_id)", "Plans": [{"Node Type": "Bitmap Index Scan", "Parent Relationship": "Outer", "Index Name": "char_name_pkey", "Startup Cost": 0.0, "Total Cost": 2.3, "Plan Rows": 1, "Plan Width": 0, "Index Cond": "(id = ci.person_role_id)"}]}]}, {"Node Type": "Bitmap Heap Scan", "Parent Relationship": "Inner", "Relation Name": "title", "Alias": "t", "Startup Cost": 0.27, "Total Cost": 4.29, "Plan Rows": 1, "Plan Width": 21, "Recheck Cond": "(id = mc.movie_id)", "Filter": "(production_year > 2005)", "Plans": [{"Node Type": "Bitmap Index Scan", "Parent Relationship": "Outer", "Index Name": "title_pkey", "Startup Cost": 0.0, "Total Cost": 0.27, "Plan Rows": 1, "Plan Width": 0, "Index Cond": "(id = mc.movie_id)"}]}]}]}]}]}, "Unique SQL Id": 2933943827, "Planner Runtime": 39}, "explain_analyze_plan": {"Plan": {"Node Type": "Aggregate", "Strategy": "Plain", "Startup Cost": 38342.48, "Total Cost": 38342.49, "Plan Rows": 1, "Plan Width": 97, "Actual Startup Time": 1267.969, "Actual Total Time": 1267.969, "Actual Rows": 1, "Actual Loops": 1, "Plans": [{"Node Type": "Nested Loop", "Parent Relationship": "Outer", "Join Type": "Inner", "Startup Cost": 7.4, "Total Cost": 38342.47, "Plan Rows": 2, "Plan Width": 33, "Actual Startup Time": 75.505, "Actual Total Time": 1267.898, "Actual Rows": 18, "Actual Loops": 1, "Inner Unique": false, "Join Filter": "(mc.company_type_id = ct.id)", "Rows Removed by Join Filter": 294, "Plans": [{"Node Type": "Seq Scan", "Parent Relationship": "Outer", "Relation Name": "company_type", "Alias": "ct", "Startup Cost": 0.0, "Total Cost": 1.03, "Plan Rows": 3, "Plan Width": 4, "Actual Startup Time": 0.013, "Actual Total Time": 0.016, "Actual Rows": 3, "Actual Loops": 1}, {"Node Type": "Materialize", "Parent Relationship": "Inner", "Startup Cost": 7.4, "Total Cost": 38341.35, "Plan Rows": 2, "Plan Width": 37, "Actual Startup Time": 15.278, "Actual Total Time": 1267.723, "Actual Rows": 312, "Actual Loops": 3, "Plans": [{"Node Type": "Nested Loop", "Parent Relationship": "Outer", "Join Type": "Inner", "Startup Cost": 7.4, "Total Cost": 38341.34, "Plan Rows": 2, "Plan Width": 37, "Actual Startup Time": 15.271, "Actual Total Time": 1267.569, "Actual Rows": 104, "Actual Loops": 1, "Inner Unique": true, "Plans": [{"Node Type": "Nested Loop", "Parent Relationship": "Outer", "Join Type": "Inner", "Startup Cost": 7.13, "Total Cost": 38328.45, "Plan Rows": 3, "Plan Width": 28, "Actual Startup Time": 1.113, "Actual Total Time": 1264.658, "Actual Rows": 265, "Actual Loops": 1, "Inner Unique": true, "Plans": [{"Node Type": "Nested Loop", "Parent Relationship": "Outer", "Join Type": "Inner", "Startup Cost": 4.83, "Total Cost": 38290.52, "Plan Rows": 6, "Plan Width": 16, "Actual Startup Time": 1.098, "Actual Total Time": 1261.302, "Actual Rows": 275, "Actual Loops": 1, "Inner Unique": false, "Join Filter": "(ci.role_id = rt.id)", "Rows Removed by Join Filter": 102, "Plans": [{"Node Type": "Seq Scan", "Parent Relationship": "Outer", "Relation Name": "role_type", "Alias": "rt", "Startup Cost": 0.0, "Total Cost": 1.15, "Plan Rows": 1, "Plan Width": 4, "Actual Startup Time": 0.018, "Actual Total Time": 0.025, "Actual Rows": 1, "Actual Loops": 1, "Filter": "((role)::text = 'actor'::text)", "Rows Removed by Filter": 11}, {"Node Type": "Nested Loop", "Parent Relationship": "Inner", "Join Type": "Inner", "Startup Cost": 4.83, "Total Cost": 38288.52, "Plan Rows": 68, "Plan Width": 20, "Actual Startup Time": 1.073, "Actual Total Time": 1261.057, "Actual Rows": 377, "Actual Loops": 1, "Inner Unique": false, "Plans": [{"Node Type": "Nested Loop", "Parent Relationship": "Outer", "Join Type": "Inner", "Startup Cost": 4.32, "Total Cost": 20813.55, "Plan Rows": 3779, "Plan Width": 8, "Actual Startup Time": 0.09, "Actual Total Time": 122.723, "Actual Rows": 8790, "Actual Loops": 1, "Inner Unique": false, "Plans": [{"Node Type": "Seq Scan", "Parent Relationship": "Outer", "Relation Name": "company_name", "Alias": "cn", "Startup Cost": 0.0, "Total Cost": 5903.45, "Plan Rows": 251, "Plan Width": 4, "Actual Startup Time": 0.045, "Actual Total Time": 85.602, "Actual Rows": 1361, "Actual Loops": 1, "Filter": "((country_code)::text = '[ru]'::text)", "Rows Removed by Filter": 233635}, {"Node Type": "Bitmap Heap Scan", "Parent Relationship": "Inner", "Relation Name": "movie_companies", "Alias": "mc", "Startup Cost": 4.32, "Total Cost": 59.25, "Plan Rows": 15, "Plan Width": 12, "Actual Startup Time": 15.128, "Actual Total Time": 32.564, "Actual Rows": 8790, "Actual Loops": 1361, "Recheck Cond": "(company_id = cn.id)", "Rows Removed by Index Recheck": 0, "Exact Heap Blocks": 7155, "Lossy Heap Blocks": 7155, "Plans": [{"Node Type": "Bitmap Index Scan", "Parent Relationship": "Outer", "Index Name": "company_id_movie_companies", "Startup Cost": 0.0, "Total Cost": 4.31, "Plan Rows": 15, "Plan Width": 0, "Actual Startup Time": 9.696, "Actual Total Time": 9.696, "Actual Rows": 8790, "Actual Loops": 1361, "Index Cond": "(company_id = cn.id)"}]}]}, {"Node Type": "Bitmap Heap Scan", "Parent Relationship": "Inner", "Relation Name": "cast_info", "Alias": "ci", "Startup Cost": 0.51, "Total Cost": 4.61, "Plan Rows": 1, "Plan Width": 12, "Actual Startup Time": 1062.4, "Actual Total Time": 1123.634, "Actual Rows": 377, "Actual Loops": 8790, "Recheck Cond": "(movie_id = mc.movie_id)", "Rows Removed by Index Recheck": 0, "Filter": "(((note)::text ~~ '%(voice)%'::text) AND ((note)::text ~~ '%(uncredited)%'::text))", "Rows Removed by Filter": 408168, "Exact Heap Blocks": 397651, "Lossy Heap Blocks": 397651, "Plans": [{"Node Type": "Bitmap Index Scan", "Parent Relationship": "Outer", "Index Name": "movie_id_cast_info", "Startup Cost": 0.0, "Total Cost": 0.51, "Plan Rows": 6, "Plan Width": 0, "Actual Startup Time": 138.568, "Actual Total Time": 138.568, "Actual Rows": 408545, "Actual Loops": 8790, "Index Cond": "(movie_id = mc.movie_id)"}]}]}]}, {"Node Type": "Bitmap Heap Scan", "Parent Relationship": "Inner", "Relation Name": "char_name", "Alias": "chn", "Startup Cost": 2.3, "Total Cost": 6.31, "Plan Rows": 1, "Plan Width": 20, "Actual Startup Time": 2.698, "Actual Total Time": 2.698, "Actual Rows": 265, "Actual Loops": 275, "Recheck Cond": "(id = ci.person_role_id)", "Rows Removed by Index Recheck": 0, "Exact Heap Blocks": 265, "Lossy Heap Blocks": 265, "Plans": [{"Node Type": "Bitmap Index Scan", "Parent Relationship": "Outer", "Index Name": "char_name_pkey", "Startup Cost": 0.0, "Total Cost": 2.3, "Plan Rows": 1, "Plan Width": 0, "Actual Startup Time": 1.832, "Actual Total Time": 1.832, "Actual Rows": 265, "Actual Loops": 275, "Index Cond": "(id = ci.person_role_id)"}]}]}, {"Node Type": "Bitmap Heap Scan", "Parent Relationship": "Inner", "Relation Name": "title", "Alias": "t", "Startup Cost": 0.27, "Total Cost": 4.29, "Plan Rows": 1, "Plan Width": 21, "Actual Startup Time": 2.399, "Actual Total Time": 2.399, "Actual Rows": 104, "Actual Loops": 265, "Recheck Cond": "(id = mc.movie_id)", "Rows Removed by Index Recheck": 0, "Filter": "(production_year > 2005)", "Rows Removed by Filter": 161, "Exact Heap Blocks": 265, "Lossy Heap Blocks": 265, "Plans": [{"Node Type": "Bitmap Index Scan", "Parent Relationship": "Outer", "Index Name": "title_pkey", "Startup Cost": 0.0, "Total Cost": 0.27, "Plan Rows": 1, "Plan Width": 0, "Actual Startup Time": 1.54, "Actual Total Time": 1.54, "Actual Rows": 265, "Actual Loops": 265, "Index Cond": "(id = mc.movie_id)"}]}]}]}]}]}, "Triggers": [], "Planner Runtime": 18, "Total Runtime": 1268.406, "Unique SQL Id": 2933943827}}, "(16, 7)": {"explain_plan": {"Plan": {"Node Type": "Aggregate", "Strategy": "Plain", "Startup Cost": 41418.46, "Total Cost": 41418.47, "Plan Rows": 1, "Plan Width": 97, "Plans": [{"Node Type": "Nested Loop", "Parent Relationship": "Outer", "Join Type": "Inner", "Startup Cost": 2787.21, "Total Cost": 41418.45, "Plan Rows": 2, "Plan Width": 33, "Inner Unique": true, "Plans": [{"Node Type": "Nested Loop", "Parent Relationship": "Outer", "Join Type": "Inner", "Startup Cost": 2786.95, "Total Cost": 41409.89, "Plan Rows": 2, "Plan Width": 37, "Inner Unique": true, "Plans": [{"Node Type": "Nested Loop", "Parent Relationship": "Outer", "Join Type": "Inner", "Startup Cost": 2786.68, "Total Cost": 41397.0, "Plan Rows": 3, "Plan Width": 28, "Inner Unique": true, "Plans": [{"Node Type": "Nested Loop", "Parent Relationship": "Outer", "Join Type": "Inner", "Startup Cost": 2784.38, "Total Cost": 41359.07, "Plan Rows": 6, "Plan Width": 16, "Inner Unique": true, "Plans": [{"Node Type": "Nested Loop", "Parent Relationship": "Outer", "Join Type": "Inner", "Startup Cost": 2784.12, "Total Cost": 41067.82, "Plan Rows": 68, "Plan Width": 20, "Inner Unique": false, "Plans": [{"Node Type": "Nested Loop", "Parent Relationship": "Outer", "Join Type": "Inner", "Startup Cost": 2783.61, "Total Cost": 23592.84, "Plan Rows": 3779, "Plan Width": 8, "Inner Unique": false, "Plans": [{"Node Type": "Bitmap Heap Scan", "Parent Relationship": "Outer", "Relation Name": "company_name", "Alias": "cn", "Startup Cost": 2779.29, "Total Cost": 8682.74, "Plan Rows": 251, "Plan Width": 4, "Filter": "((country_code)::text = '[ru]'::text)", "Plans": [{"Node Type": "Bitmap Index Scan", "Parent Relationship": "Outer", "Index Name": "company_name_pkey", "Startup Cost": 0.0, "Total Cost": 2779.23, "Plan Rows": 234996, "Plan Width": 0}]}, {"Node Type": "Bitmap Heap Scan", "Parent Relationship": "Inner", "Relation Name": "movie_companies", "Alias": "mc", "Startup Cost": 4.32, "Total Cost": 59.25, "Plan Rows": 15, "Plan Width": 12, "Recheck Cond": "(company_id = cn.id)", "Plans": [{"Node Type": "Bitmap Index Scan", "Parent Relationship": "Outer", "Index Name": "company_id_movie_companies", "Startup Cost": 0.0, "Total Cost": 4.31, "Plan Rows": 15, "Plan Width": 0, "Index Cond": "(company_id = cn.id)"}]}]}, {"Node Type": "Bitmap Heap Scan", "Parent Relationship": "Inner", "Relation Name": "cast_info", "Alias": "ci", "Startup Cost": 0.51, "Total Cost": 4.61, "Plan Rows": 1, "Plan Width": 12, "Recheck Cond": "(movie_id = mc.movie_id)", "Filter": "(((note)::text ~~ '%(voice)%'::text) AND ((note)::text ~~ '%(uncredited)%'::text))", "Plans": [{"Node Type": "Bitmap Index Scan", "Parent Relationship": "Outer", "Index Name": "movie_id_cast_info", "Startup Cost": 0.0, "Total Cost": 0.51, "Plan Rows": 6, "Plan Width": 0, "Index Cond": "(movie_id = mc.movie_id)"}]}]}, {"Node Type": "Bitmap Heap Scan", "Parent Relationship": "Inner", "Relation Name": "role_type", "Alias": "rt", "Startup Cost": 0.26, "Total Cost": 4.27, "Plan Rows": 1, "Plan Width": 4, "Recheck Cond": "(id = ci.role_id)", "Filter": "((role)::text = 'actor'::text)", "Plans": [{"Node Type": "Bitmap Index Scan", "Parent Relationship": "Outer", "Index Name": "role_type_pkey", "Startup Cost": 0.0, "Total Cost": 0.26, "Plan Rows": 1, "Plan Width": 0, "Index Cond": "(id = ci.role_id)"}]}]}, {"Node Type": "Bitmap Heap Scan", "Parent Relationship": "Inner", "Relation Name": "char_name", "Alias": "chn", "Startup Cost": 2.3, "Total Cost": 6.31, "Plan Rows": 1, "Plan Width": 20, "Recheck Cond": "(id = ci.person_role_id)", "Plans": [{"Node Type": "Bitmap Index Scan", "Parent Relationship": "Outer", "Index Name": "char_name_pkey", "Startup Cost": 0.0, "Total Cost": 2.3, "Plan Rows": 1, "Plan Width": 0, "Index Cond": "(id = ci.person_role_id)"}]}]}, {"Node Type": "Bitmap Heap Scan", "Parent Relationship": "Inner", "Relation Name": "title", "Alias": "t", "Startup Cost": 0.27, "Total Cost": 4.29, "Plan Rows": 1, "Plan Width": 21, "Recheck Cond": "(id = mc.movie_id)", "Filter": "(production_year > 2005)", "Plans": [{"Node Type": "Bitmap Index Scan", "Parent Relationship": "Outer", "Index Name": "title_pkey", "Startup Cost": 0.0, "Total Cost": 0.27, "Plan Rows": 1, "Plan Width": 0, "Index Cond": "(id = mc.movie_id)"}]}]}, {"Node Type": "Bitmap Heap Scan", "Parent Relationship": "Inner", "Relation Name": "company_type", "Alias": "ct", "Startup Cost": 0.26, "Total Cost": 4.27, "Plan Rows": 1, "Plan Width": 4, "Recheck Cond": "(id = mc.company_type_id)", "Plans": [{"Node Type": "Bitmap Index Scan", "Parent Relationship": "Outer", "Index Name": "company_type_pkey", "Startup Cost": 0.0, "Total Cost": 0.26, "Plan Rows": 1, "Plan Width": 0, "Index Cond": "(id = mc.company_type_id)"}]}]}]}, "Unique SQL Id": 2933943827, "Planner Runtime": 17}, "explain_analyze_plan": {"Plan": {"Node Type": "Aggregate", "Strategy": "Plain", "Startup Cost": 41418.46, "Total Cost": 41418.47, "Plan Rows": 1, "Plan Width": 97, "Actual Startup Time": 1197.675, "Actual Total Time": 1197.675, "Actual Rows": 1, "Actual Loops": 1, "Plans": [{"Node Type": "Nested Loop", "Parent Relationship": "Outer", "Join Type": "Inner", "Startup Cost": 2787.21, "Total Cost": 41418.45, "Plan Rows": 2, "Plan Width": 33, "Actual Startup Time": 99.205, "Actual Total Time": 1197.571, "Actual Rows": 18, "Actual Loops": 1, "Inner Unique": true, "Plans": [{"Node Type": "Nested Loop", "Parent Relationship": "Outer", "Join Type": "Inner", "Startup Cost": 2786.95, "Total Cost": 41409.89, "Plan Rows": 2, "Plan Width": 37, "Actual Startup Time": 42.334, "Actual Total Time": 1197.028, "Actual Rows": 104, "Actual Loops": 1, "Inner Unique": true, "Plans": [{"Node Type": "Nested Loop", "Parent Relationship": "Outer", "Join Type": "Inner", "Startup Cost": 2786.68, "Total Cost": 41397.0, "Plan Rows": 3, "Plan Width": 28, "Actual Startup Time": 27.449, "Actual Total Time": 1194.263, "Actual Rows": 265, "Actual Loops": 1, "Inner Unique": true, "Plans": [{"Node Type": "Nested Loop", "Parent Relationship": "Outer", "Join Type": "Inner", "Startup Cost": 2784.38, "Total Cost": 41359.07, "Plan Rows": 6, "Plan Width": 16, "Actual Startup Time": 27.428, "Actual Total Time": 1191.216, "Actual Rows": 275, "Actual Loops": 1, "Inner Unique": true, "Plans": [{"Node Type": "Nested Loop", "Parent Relationship": "Outer", "Join Type": "Inner", "Startup Cost": 2784.12, "Total Cost": 41067.82, "Plan Rows": 68, "Plan Width": 20, "Actual Startup Time": 27.408, "Actual Total Time": 1188.638, "Actual Rows": 377, "Actual Loops": 1, "Inner Unique": false, "Plans": [{"Node Type": "Nested Loop", "Parent Relationship": "Outer", "Join Type": "Inner", "Startup Cost": 2783.61, "Total Cost": 23592.84, "Plan Rows": 3779, "Plan Width": 8, "Actual Startup Time": 26.16, "Actual Total Time": 182.006, "Actual Rows": 8790, "Actual Loops": 1, "Inner Unique": false, "Plans": [{"Node Type": "Bitmap Heap Scan", "Parent Relationship": "Outer", "Relation Name": "company_name", "Alias": "cn", "Startup Cost": 2779.29, "Total Cost": 8682.74, "Plan Rows": 251, "Plan Width": 4, "Actual Startup Time": 26.111, "Actual Total Time": 148.164, "Actual Rows": 1361, "Actual Loops": 1, "Filter": "((country_code)::text = '[ru]'::text)", "Rows Removed by Filter": 233635, "Exact Heap Blocks": 2966, "Lossy Heap Blocks": 2966, "Plans": [{"Node Type": "Bitmap Index Scan", "Parent Relationship": "Outer", "Index Name": "company_name_pkey", "Startup Cost": 0.0, "Total Cost": 2779.23, "Plan Rows": 234996, "Plan Width": 0, "Actual Startup Time": 25.617, "Actual Total Time": 25.617, "Actual Rows": 234996, "Actual Loops": 1}]}, {"Node Type": "Bitmap Heap Scan", "Parent Relationship": "Inner", "Relation Name": "movie_companies", "Alias": "mc", "Startup Cost": 4.32, "Total Cost": 59.25, "Plan Rows": 15, "Plan Width": 12, "Actual Startup Time": 14.449, "Actual Total Time": 29.008, "Actual Rows": 8790, "Actual Loops": 1361, "Recheck Cond": "(company_id = cn.id)", "Rows Removed by Index Recheck": 0, "Exact Heap Blocks": 7155, "Lossy Heap Blocks": 7155, "Plans": [{"Node Type": "Bitmap Index Scan", "Parent Relationship": "Outer", "Index Name": "company_id_movie_companies", "Startup Cost": 0.0, "Total Cost": 4.31, "Plan Rows": 15, "Plan Width": 0, "Actual Startup Time": 9.127, "Actual Total Time": 9.127, "Actual Rows": 8790, "Actual Loops": 1361, "Index Cond": "(company_id = cn.id)"}]}]}, {"Node Type": "Bitmap Heap Scan", "Parent Relationship": "Inner", "Relation Name": "cast_info", "Alias": "ci", "Startup Cost": 0.51, "Total Cost": 4.61, "Plan Rows": 1, "Plan Width": 12, "Actual Startup Time": 938.519, "Actual Total Time": 990.4, "Actual Rows": 377, "Actual Loops": 8790, "Recheck Cond": "(movie_id = mc.movie_id)", "Rows Removed by Index Recheck": 0, "Filter": "(((note)::text ~~ '%(voice)%'::text) AND ((note)::text ~~ '%(uncredited)%'::text))", "Rows Removed by Filter": 408168, "Exact Heap Blocks": 397651, "Lossy Heap Blocks": 397651, "Plans": [{"Node Type": "Bitmap Index Scan", "Parent Relationship": "Outer", "Index Name": "movie_id_cast_info", "Startup Cost": 0.0, "Total Cost": 0.51, "Plan Rows": 6, "Plan Width": 0, "Actual Startup Time": 127.518, "Actual Total Time": 127.518, "Actual Rows": 408545, "Actual Loops": 8790, "Index Cond": "(movie_id = mc.movie_id)"}]}]}, {"Node Type": "Bitmap Heap Scan", "Parent Relationship": "Inner", "Relation Name": "role_type", "Alias": "rt", "Startup Cost": 0.26, "Total Cost": 4.27, "Plan Rows": 1, "Plan Width": 4, "Actual Startup Time": 1.696, "Actual Total Time": 1.696, "Actual Rows": 275, "Actual Loops": 377, "Recheck Cond": "(id = ci.role_id)", "Rows Removed by Index Recheck": 0, "Filter": "((role)::text = 'actor'::text)", "Rows Removed by Filter": 102, "Exact Heap Blocks": 377, "Lossy Heap Blocks": 377, "Plans": [{"Node Type": "Bitmap Index Scan", "Parent Relationship": "Outer", "Index Name": "role_type_pkey", "Startup Cost": 0.0, "Total Cost": 0.26, "Plan Rows": 1, "Plan Width": 0, "Actual Startup Time": 0.653, "Actual Total Time": 0.653, "Actual Rows": 377, "Actual Loops": 377, "Index Cond": "(id = ci.role_id)"}]}]}, {"Node Type": "Bitmap Heap Scan", "Parent Relationship": "Inner", "Relation Name": "char_name", "Alias": "chn", "Startup Cost": 2.3, "Total Cost": 6.31, "Plan Rows": 1, "Plan Width": 20, "Actual Startup Time": 2.327, "Actual Total Time": 2.327, "Actual Rows": 265, "Actual Loops": 275, "Recheck Cond": "(id = ci.person_role_id)", "Rows Removed by Index Recheck": 0, "Exact Heap Blocks": 265, "Lossy Heap Blocks": 265, "Plans": [{"Node Type": "Bitmap Index Scan", "Parent Relationship": "Outer", "Index Name": "char_name_pkey", "Startup Cost": 0.0, "Total Cost": 2.3, "Plan Rows": 1, "Plan Width": 0, "Actual Startup Time": 1.574, "Actual Total Time": 1.574, "Actual Rows": 265, "Actual Loops": 275, "Index Cond": "(id = ci.person_role_id)"}]}]}, {"Node Type": "Bitmap Heap Scan", "Parent Relationship": "Inner", "Relation Name": "title", "Alias": "t", "Startup Cost": 0.27, "Total Cost": 4.29, "Plan Rows": 1, "Plan Width": 21, "Actual Startup Time": 2.169, "Actual Total Time": 2.169, "Actual Rows": 104, "Actual Loops": 265, "Recheck Cond": "(id = mc.movie_id)", "Rows Removed by Index Recheck": 0, "Filter": "(production_year > 2005)", "Rows Removed by Filter": 161, "Exact Heap Blocks": 265, "Lossy Heap Blocks": 265, "Plans": [{"Node Type": "Bitmap Index Scan", "Parent Relationship": "Outer", "Index Name": "title_pkey", "Startup Cost": 0.0, "Total Cost": 0.27, "Plan Rows": 1, "Plan Width": 0, "Actual Startup Time": 1.333, "Actual Total Time": 1.333, "Actual Rows": 265, "Actual Loops": 265, "Index Cond": "(id = mc.movie_id)"}]}]}, {"Node Type": "Bitmap Heap Scan", "Parent Relationship": "Inner", "Relation Name": "company_type", "Alias": "ct", "Startup Cost": 0.26, "Total Cost": 4.27, "Plan Rows": 1, "Plan Width": 4, "Actual Startup Time": 0.281, "Actual Total Time": 0.281, "Actual Rows": 18, "Actual Loops": 104, "Recheck Cond": "(id = mc.company_type_id)", "Rows Removed by Index Recheck": 0, "Exact Heap Blocks": 18, "Lossy Heap Blocks": 18, "Plans": [{"Node Type": "Bitmap Index Scan", "Parent Relationship": "Outer", "Index Name": "company_type_pkey", "Startup Cost": 0.0, "Total Cost": 0.26, "Plan Rows": 1, "Plan Width": 0, "Actual Startup Time": 0.155, "Actual Total Time": 0.155, "Actual Rows": 18, "Actual Loops": 104, "Index Cond": "(id = mc.company_type_id)"}]}]}]}, "Triggers": [], "Planner Runtime": 6, "Total Runtime": 1198.112, "Unique SQL Id": 2933943827}}, "(16, 8)": {"explain_plan": {"Plan": {"Node Type": "Aggregate", "Strategy": "Plain", "Startup Cost": 19897.43, "Total Cost": 19897.44, "Plan Rows": 1, "Plan Width": 97, "Plans": [{"Node Type": "Nested Loop", "Parent Relationship": "Outer", "Join Type": "Inner", "Startup Cost": 0.0, "Total Cost": 19897.42, "Plan Rows": 2, "Plan Width": 33, "Inner Unique": true, "Plans": [{"Node Type": "Nested Loop", "Parent Relationship": "Outer", "Join Type": "Inner", "Startup Cost": 0.0, "Total Cost": 19896.86, "Plan Rows": 2, "Plan Width": 37, "Inner Unique": true, "Plans": [{"Node Type": "Nested Loop", "Parent Relationship": "Outer", "Join Type": "Inner", "Startup Cost": 0.0, "Total Cost": 19869.97, "Plan Rows": 5, "Plan Width": 25, "Inner Unique": true, "Plans": [{"Node Type": "Nested Loop", "Parent Relationship": "Outer", "Join Type": "Inner", "Startup Cost": 0.0, "Total Cost": 19867.87, "Plan Rows": 6, "Plan Width": 16, "Inner Unique": false, "Join Filter": "(ci.role_id = rt.id)", "Plans": [{"Node Type": "Seq Scan", "Parent Relationship": "Outer", "Relation Name": "role_type", "Alias": "rt", "Startup Cost": 0.0, "Total Cost": 1.15, "Plan Rows": 1, "Plan Width": 4, "Filter": "((role)::text = 'actor'::text)"}, {"Node Type": "Nested Loop", "Parent Relationship": "Inner", "Join Type": "Inner", "Startup Cost": 0.0, "Total Cost": 19865.87, "Plan Rows": 68, "Plan Width": 20, "Inner Unique": false, "Plans": [{"Node Type": "Nested Loop", "Parent Relationship": "Outer", "Join Type": "Inner", "Startup Cost": 0.0, "Total Cost": 16121.55, "Plan Rows": 3779, "Plan Width": 8, "Inner Unique": false, "Plans": [{"Node Type": "Seq Scan", "Parent Relationship": "Outer", "Relation Name": "company_name", "Alias": "cn", "Startup Cost": 0.0, "Total Cost": 5903.45, "Plan Rows": 251, "Plan Width": 4, "Filter": "((country_code)::text = '[ru]'::text)"}, {"Node Type": "Index Scan", "Parent Relationship": "Inner", "Scan Direction": "Forward", "Index Name": "company_id_movie_companies", "Relation Name": "movie_companies", "Alias": "mc", "Startup Cost": 0.0, "Total Cost": 40.56, "Plan Rows": 15, "Plan Width": 12, "Index Cond": "(company_id = cn.id)"}]}, {"Node Type": "Index Scan", "Parent Relationship": "Inner", "Scan Direction": "Forward", "Index Name": "movie_id_cast_info", "Relation Name": "cast_info", "Alias": "ci", "Startup Cost": 0.0, "Total Cost": 0.98, "Plan Rows": 1, "Plan Width": 12, "Index Cond": "(movie_id = mc.movie_id)", "Filter": "(((note)::text ~~ '%(voice)%'::text) AND ((note)::text ~~ '%(uncredited)%'::text))"}]}]}, {"Node Type": "Index Scan", "Parent Relationship": "Inner", "Scan Direction": "Forward", "Index Name": "title_pkey", "Relation Name": "title", "Alias": "t", "Startup Cost": 0.0, "Total Cost": 0.34, "Plan Rows": 1, "Plan Width": 21, "Index Cond": "(id = mc.movie_id)", "Filter": "(production_year > 2005)"}]}, {"Node Type": "Index Scan", "Parent Relationship": "Inner", "Scan Direction": "Forward", "Index Name": "char_name_pkey", "Relation Name": "char_name", "Alias": "chn", "Startup Cost": 0.0, "Total Cost": 5.37, "Plan Rows": 1, "Plan Width": 20, "Index Cond": "(id = ci.person_role_id)"}]}, {"Node Type": "Index Only Scan", "Parent Relationship": "Inner", "Scan Direction": "Forward", "Index Name": "company_type_pkey", "Relation Name": "company_type", "Alias": "ct", "Startup Cost": 0.0, "Total Cost": 0.27, "Plan Rows": 1, "Plan Width": 4, "Index Cond": "(id = mc.company_type_id)"}]}]}, "Unique SQL Id": 2933943827, "Planner Runtime": 26}, "explain_analyze_plan": {"Plan": {"Node Type": "Aggregate", "Strategy": "Plain", "Startup Cost": 19897.43, "Total Cost": 19897.44, "Plan Rows": 1, "Plan Width": 97, "Actual Startup Time": 752.517, "Actual Total Time": 752.517, "Actual Rows": 1, "Actual Loops": 1, "Plans": [{"Node Type": "Nested Loop", "Parent Relationship": "Outer", "Join Type": "Inner", "Startup Cost": 0.0, "Total Cost": 19897.42, "Plan Rows": 2, "Plan Width": 33, "Actual Startup Time": 42.918, "Actual Total Time": 752.405, "Actual Rows": 18, "Actual Loops": 1, "Inner Unique": true, "Plans": [{"Node Type": "Nested Loop", "Parent Relationship": "Outer", "Join Type": "Inner", "Startup Cost": 0.0, "Total Cost": 19896.86, "Plan Rows": 2, "Plan Width": 37, "Actual Startup Time": 9.466, "Actual Total Time": 752.096, "Actual Rows": 104, "Actual Loops": 1, "Inner Unique": true, "Plans": [{"Node Type": "Nested Loop", "Parent Relationship": "Outer", "Join Type": "Inner", "Startup Cost": 0.0, "Total Cost": 19869.97, "Plan Rows": 5, "Plan Width": 25, "Actual Startup Time": 9.456, "Actual Total Time": 751.256, "Actual Rows": 112, "Actual Loops": 1, "Inner Unique": true, "Plans": [{"Node Type": "Nested Loop", "Parent Relationship": "Outer", "Join Type": "Inner", "Startup Cost": 0.0, "Total Cost": 19867.87, "Plan Rows": 6, "Plan Width": 16, "Actual Startup Time": 0.862, "Actual Total Time": 749.228, "Actual Rows": 275, "Actual Loops": 1, "Inner Unique": false, "Join Filter": "(ci.role_id = rt.id)", "Rows Removed by Join Filter": 102, "Plans": [{"Node Type": "Seq Scan", "Parent Relationship": "Outer", "Relation Name": "role_type", "Alias": "rt", "Startup Cost": 0.0, "Total Cost": 1.15, "Plan Rows": 1, "Plan Width": 4, "Actual Startup Time": 0.024, "Actual Total Time": 0.03, "Actual Rows": 1, "Actual Loops": 1, "Filter": "((role)::text = 'actor'::text)", "Rows Removed by Filter": 11}, {"Node Type": "Nested Loop", "Parent Relationship": "Inner", "Join Type": "Inner", "Startup Cost": 0.0, "Total Cost": 19865.87, "Plan Rows": 68, "Plan Width": 20, "Actual Startup Time": 0.831, "Actual Total Time": 748.935, "Actual Rows": 377, "Actual Loops": 1, "Inner Unique": false, "Plans": [{"Node Type": "Nested Loop", "Parent Relationship": "Outer", "Join Type": "Inner", "Startup Cost": 0.0, "Total Cost": 16121.55, "Plan Rows": 3779, "Plan Width": 8, "Actual Startup Time": 0.059, "Actual Total Time": 101.306, "Actual Rows": 8790, "Actual Loops": 1, "Inner Unique": false, "Plans": [{"Node Type": "Seq Scan", "Parent Relationship": "Outer", "Relation Name": "company_name", "Alias": "cn", "Startup Cost": 0.0, "Total Cost": 5903.45, "Plan Rows": 251, "Plan Width": 4, "Actual Startup Time": 0.039, "Actual Total Time": 80.246, "Actual Rows": 1361, "Actual Loops": 1, "Filter": "((country_code)::text = '[ru]'::text)", "Rows Removed by Filter": 233635}, {"Node Type": "Index Scan", "Parent Relationship": "Inner", "Scan Direction": "Forward", "Index Name": "company_id_movie_companies", "Relation Name": "movie_companies", "Alias": "mc", "Startup Cost": 0.0, "Total Cost": 40.56, "Plan Rows": 15, "Plan Width": 12, "Actual Startup Time": 7.856, "Actual Total Time": 17.976, "Actual Rows": 8790, "Actual Loops": 1361, "Index Cond": "(company_id = cn.id)", "Rows Removed by Index Recheck": 0}]}, {"Node Type": "Index Scan", "Parent Relationship": "Inner", "Scan Direction": "Forward", "Index Name": "movie_id_cast_info", "Relation Name": "cast_info", "Alias": "ci", "Startup Cost": 0.0, "Total Cost": 0.98, "Plan Rows": 1, "Plan Width": 12, "Actual Startup Time": 604.989, "Actual Total Time": 642.377, "Actual Rows": 377, "Actual Loops": 8790, "Index Cond": "(movie_id = mc.movie_id)", "Rows Removed by Index Recheck": 0, "Filter": "(((note)::text ~~ '%(voice)%'::text) AND ((note)::text ~~ '%(uncredited)%'::text))", "Rows Removed by Filter": 408168}]}]}, {"Node Type": "Index Scan", "Parent Relationship": "Inner", "Scan Direction": "Forward", "Index Name": "title_pkey", "Relation Name": "title", "Alias": "t", "Startup Cost": 0.0, "Total Cost": 0.34, "Plan Rows": 1, "Plan Width": 21, "Actual Startup Time": 1.632, "Actual Total Time": 1.632, "Actual Rows": 112, "Actual Loops": 275, "Index Cond": "(id = mc.movie_id)", "Rows Removed by Index Recheck": 0, "Filter": "(production_year > 2005)", "Rows Removed by Filter": 163}]}, {"Node Type": "Index Scan", "Parent Relationship": "Inner", "Scan Direction": "Forward", "Index Name": "char_name_pkey", "Relation Name": "char_name", "Alias": "chn", "Startup Cost": 0.0, "Total Cost": 5.37, "Plan Rows": 1, "Plan Width": 20, "Actual Startup Time": 0.628, "Actual Total Time": 0.628, "Actual Rows": 104, "Actual Loops": 112, "Index Cond": "(id = ci.person_role_id)", "Rows Removed by Index Recheck": 0}]}, {"Node Type": "Index Only Scan", "Parent Relationship": "Inner", "Scan Direction": "Forward", "Index Name": "company_type_pkey", "Relation Name": "company_type", "Alias": "ct", "Startup Cost": 0.0, "Total Cost": 0.27, "Plan Rows": 1, "Plan Width": 4, "Actual Startup Time": 0.179, "Actual Total Time": 0.179, "Actual Rows": 18, "Actual Loops": 104, "Index Cond": "(id = mc.company_type_id)", "Rows Removed by Index Recheck": 0, "Heap Fetches": 0}]}]}, "Triggers": [], "Planner Runtime": 6, "Total Runtime": 752.901, "Unique SQL Id": 2933943827}}, "(16, 9)": {"explain_plan": {"Plan": {"Node Type": "Aggregate", "Strategy": "Plain", "Startup Cost": 24506.67, "Total Cost": 24506.68, "Plan Rows": 1, "Plan Width": 97, "Plans": [{"Node Type": "Nested Loop", "Parent Relationship": "Outer", "Join Type": "Inner", "Startup Cost": 0.0, "Total Cost": 24506.66, "Plan Rows": 2, "Plan Width": 33, "Inner Unique": true, "Plans": [{"Node Type": "Nested Loop", "Parent Relationship": "Outer", "Join Type": "Inner", "Startup Cost": 0.0, "Total Cost": 24506.1, "Plan Rows": 2, "Plan Width": 37, "Inner Unique": true, "Plans": [{"Node Type": "Nested Loop", "Parent Relationship": "Outer", "Join Type": "Inner", "Startup Cost": 0.0, "Total Cost": 24479.22, "Plan Rows": 5, "Plan Width": 25, "Inner Unique": true, "Plans": [{"Node Type": "Nested Loop", "Parent Relationship": "Outer", "Join Type": "Inner", "Startup Cost": 0.0, "Total Cost": 24477.12, "Plan Rows": 6, "Plan Width": 16, "Inner Unique": false, "Join Filter": "(ci.role_id = rt.id)", "Plans": [{"Node Type": "Index Scan", "Parent Relationship": "Outer", "Scan Direction": "Forward", "Index Name": "role_type_pkey", "Relation Name": "role_type", "Alias": "rt", "Startup Cost": 0.0, "Total Cost": 12.46, "Plan Rows": 1, "Plan Width": 4, "Filter": "((role)::text = 'actor'::text)"}, {"Node Type": "Nested Loop", "Parent Relationship": "Inner", "Join Type": "Inner", "Startup Cost": 0.0, "Total Cost": 24463.81, "Plan Rows": 68, "Plan Width": 20, "Inner Unique": false, "Plans": [{"Node Type": "Nested Loop", "Parent Relationship": "Outer", "Join Type": "Inner", "Startup Cost": 0.0, "Total Cost": 20719.49, "Plan Rows": 3779, "Plan Width": 8, "Inner Unique": false, "Plans": [{"Node Type": "Index Scan", "Parent Relationship": "Outer", "Scan Direction": "Forward", "Index Name": "company_name_pkey", "Relation Name": "company_name", "Alias": "cn", "Startup Cost": 0.0, "Total Cost": 10501.39, "Plan Rows": 251, "Plan Width": 4, "Filter": "((country_code)::text = '[ru]'::text)"}, {"Node Type": "Index Scan", "Parent Relationship": "Inner", "Scan Direction": "Forward", "Index Name": "company_id_movie_companies", "Relation Name": "movie_companies", "Alias": "mc", "Startup Cost": 0.0, "Total Cost": 40.56, "Plan Rows": 15, "Plan Width": 12, "Index Cond": "(company_id = cn.id)"}]}, {"Node Type": "Index Scan", "Parent Relationship": "Inner", "Scan Direction": "Forward", "Index Name": "movie_id_cast_info", "Relation Name": "cast_info", "Alias": "ci", "Startup Cost": 0.0, "Total Cost": 0.98, "Plan Rows": 1, "Plan Width": 12, "Index Cond": "(movie_id = mc.movie_id)", "Filter": "(((note)::text ~~ '%(voice)%'::text) AND ((note)::text ~~ '%(uncredited)%'::text))"}]}]}, {"Node Type": "Index Scan", "Parent Relationship": "Inner", "Scan Direction": "Forward", "Index Name": "title_pkey", "Relation Name": "title", "Alias": "t", "Startup Cost": 0.0, "Total Cost": 0.34, "Plan Rows": 1, "Plan Width": 21, "Index Cond": "(id = mc.movie_id)", "Filter": "(production_year > 2005)"}]}, {"Node Type": "Index Scan", "Parent Relationship": "Inner", "Scan Direction": "Forward", "Index Name": "char_name_pkey", "Relation Name": "char_name", "Alias": "chn", "Startup Cost": 0.0, "Total Cost": 5.37, "Plan Rows": 1, "Plan Width": 20, "Index Cond": "(id = ci.person_role_id)"}]}, {"Node Type": "Index Only Scan", "Parent Relationship": "Inner", "Scan Direction": "Forward", "Index Name": "company_type_pkey", "Relation Name": "company_type", "Alias": "ct", "Startup Cost": 0.0, "Total Cost": 0.27, "Plan Rows": 1, "Plan Width": 4, "Index Cond": "(id = mc.company_type_id)"}]}]}, "Unique SQL Id": 2933943827, "Planner Runtime": 18}, "explain_analyze_plan": {"Plan": {"Node Type": "Aggregate", "Strategy": "Plain", "Startup Cost": 24506.67, "Total Cost": 24506.68, "Plan Rows": 1, "Plan Width": 97, "Actual Startup Time": 1284.484, "Actual Total Time": 1284.484, "Actual Rows": 1, "Actual Loops": 1, "Plans": [{"Node Type": "Nested Loop", "Parent Relationship": "Outer", "Join Type": "Inner", "Startup Cost": 0.0, "Total Cost": 24506.66, "Plan Rows": 2, "Plan Width": 33, "Actual Startup Time": 36.544, "Actual Total Time": 1284.388, "Actual Rows": 18, "Actual Loops": 1, "Inner Unique": true, "Plans": [{"Node Type": "Nested Loop", "Parent Relationship": "Outer", "Join Type": "Inner", "Startup Cost": 0.0, "Total Cost": 24506.1, "Plan Rows": 2, "Plan Width": 37, "Actual Startup Time": 28.178, "Actual Total Time": 1284.075, "Actual Rows": 104, "Actual Loops": 1, "Inner Unique": true, "Plans": [{"Node Type": "Nested Loop", "Parent Relationship": "Outer", "Join Type": "Inner", "Startup Cost": 0.0, "Total Cost": 24479.22, "Plan Rows": 5, "Plan Width": 25, "Actual Startup Time": 28.16, "Actual Total Time": 1282.814, "Actual Rows": 112, "Actual Loops": 1, "Inner Unique": true, "Plans": [{"Node Type": "Nested Loop", "Parent Relationship": "Outer", "Join Type": "Inner", "Startup Cost": 0.0, "Total Cost": 24477.12, "Plan Rows": 6, "Plan Width": 16, "Actual Startup Time": 8.682, "Actual Total Time": 1280.144, "Actual Rows": 275, "Actual Loops": 1, "Inner Unique": false, "Join Filter": "(ci.role_id = rt.id)", "Rows Removed by Join Filter": 102, "Plans": [{"Node Type": "Index Scan", "Parent Relationship": "Outer", "Scan Direction": "Forward", "Index Name": "role_type_pkey", "Relation Name": "role_type", "Alias": "rt", "Startup Cost": 0.0, "Total Cost": 12.46, "Plan Rows": 1, "Plan Width": 4, "Actual Startup Time": 0.021, "Actual Total Time": 0.034, "Actual Rows": 1, "Actual Loops": 1, "Filter": "((role)::text = 'actor'::text)", "Rows Removed by Filter": 11}, {"Node Type": "Nested Loop", "Parent Relationship": "Inner", "Join Type": "Inner", "Startup Cost": 0.0, "Total Cost": 24463.81, "Plan Rows": 68, "Plan Width": 20, "Actual Startup Time": 8.653, "Actual Total Time": 1279.832, "Actual Rows": 377, "Actual Loops": 1, "Inner Unique": false, "Plans": [{"Node Type": "Nested Loop", "Parent Relationship": "Outer", "Join Type": "Inner", "Startup Cost": 0.0, "Total Cost": 20719.49, "Plan Rows": 3779, "Plan Width": 8, "Actual Startup Time": 0.744, "Actual Total Time": 343.963, "Actual Rows": 8790, "Actual Loops": 1, "Inner Unique": false, "Plans": [{"Node Type": "Index Scan", "Parent Relationship": "Outer", "Scan Direction": "Forward", "Index Name": "company_name_pkey", "Relation Name": "company_name", "Alias": "cn", "Startup Cost": 0.0, "Total Cost": 10501.39, "Plan Rows": 251, "Plan Width": 4, "Actual Startup Time": 0.723, "Actual Total Time": 316.164, "Actual Rows": 1361, "Actual Loops": 1, "Filter": "((country_code)::text = '[ru]'::text)", "Rows Removed by Filter": 233635}, {"Node Type": "Index Scan", "Parent Relationship": "Inner", "Scan Direction": "Forward", "Index Name": "company_id_movie_companies", "Relation Name": "movie_companies", "Alias": "mc", "Startup Cost": 0.0, "Total Cost": 40.56, "Plan Rows": 15, "Plan Width": 12, "Actual Startup Time": 9.443, "Actual Total Time": 24.475, "Actual Rows": 8790, "Actual Loops": 1361, "Index Cond": "(company_id = cn.id)", "Rows Removed by Index Recheck": 0}]}, {"Node Type": "Index Scan", "Parent Relationship": "Inner", "Scan Direction": "Forward", "Index Name": "movie_id_cast_info", "Relation Name": "cast_info", "Alias": "ci", "Startup Cost": 0.0, "Total Cost": 0.98, "Plan Rows": 1, "Plan Width": 12, "Actual Startup Time": 874.797, "Actual Total Time": 930.363, "Actual Rows": 377, "Actual Loops": 8790, "Index Cond": "(movie_id = mc.movie_id)", "Rows Removed by Index Recheck": 0, "Filter": "(((note)::text ~~ '%(voice)%'::text) AND ((note)::text ~~ '%(uncredited)%'::text))", "Rows Removed by Filter": 408168}]}]}, {"Node Type": "Index Scan", "Parent Relationship": "Inner", "Scan Direction": "Forward", "Index Name": "title_pkey", "Relation Name": "title", "Alias": "t", "Startup Cost": 0.0, "Total Cost": 0.34, "Plan Rows": 1, "Plan Width": 21, "Actual Startup Time": 2.259, "Actual Total Time": 2.259, "Actual Rows": 112, "Actual Loops": 275, "Index Cond": "(id = mc.movie_id)", "Rows Removed by Index Recheck": 0, "Filter": "(production_year > 2005)", "Rows Removed by Filter": 163}]}, {"Node Type": "Index Scan", "Parent Relationship": "Inner", "Scan Direction": "Forward", "Index Name": "char_name_pkey", "Relation Name": "char_name", "Alias": "chn", "Startup Cost": 0.0, "Total Cost": 5.37, "Plan Rows": 1, "Plan Width": 20, "Actual Startup Time": 1.0, "Actual Total Time": 1.0, "Actual Rows": 104, "Actual Loops": 112, "Index Cond": "(id = ci.person_role_id)", "Rows Removed by Index Recheck": 0}]}, {"Node Type": "Index Only Scan", "Parent Relationship": "Inner", "Scan Direction": "Forward", "Index Name": "company_type_pkey", "Relation Name": "company_type", "Alias": "ct", "Startup Cost": 0.0, "Total Cost": 0.27, "Plan Rows": 1, "Plan Width": 4, "Actual Startup Time": 0.162, "Actual Total Time": 0.162, "Actual Rows": 18, "Actual Loops": 104, "Index Cond": "(id = mc.company_type_id)", "Rows Removed by Index Recheck": 0, "Heap Fetches": 0}]}]}, "Triggers": [], "Planner Runtime": 6, "Total Runtime": 1285.003, "Unique SQL Id": 2933943827}}, "(16, 10)": {"explain_plan": {"Plan": {"Node Type": "Aggregate", "Strategy": "Plain", "Startup Cost": 157591.21, "Total Cost": 157591.22, "Plan Rows": 1, "Plan Width": 97, "Plans": [{"Node Type": "Nested Loop", "Parent Relationship": "Outer", "Join Type": "Inner", "Startup Cost": 124227.38, "Total Cost": 157591.19, "Plan Rows": 4, "Plan Width": 33, "Inner Unique": true, "Join Filter": "(mc.company_type_id = ct.id)", "Plans": [{"Node Type": "Streaming(type: LOCAL GATHER dop: 1/16)", "Parent Relationship": "Outer", "Startup Cost": 124227.38, "Total Cost": 157589.97, "Plan Rows": 4, "Plan Width": 37, "Plans": [{"Node Type": "Hash Join", "Parent Relationship": "Outer", "Join Type": "Inner", "Startup Cost": 124227.38, "Total Cost": 157589.88, "Plan Rows": 4, "Plan Width": 37, "Inner Unique": true, "Hash Cond": "(ci.person_role_id = chn.id)", "Plans": [{"Node Type": "Streaming(type: BROADCAST dop: 16/1)", "Parent Relationship": "Outer", "Startup Cost": 116969.41, "Total Cost": 150331.87, "Plan Rows": 112, "Plan Width": 25, "Plans": [{"Node Type": "Hash Join", "Parent Relationship": "Outer", "Join Type": "Inner", "Startup Cost": 116969.41, "Total Cost": 135329.46, "Plan Rows": 7, "Plan Width": 25, "Inner Unique": true, "Hash Cond": "(mc.company_id = cn.id)", "Plans": [{"Node Type": "Streaming(type: LOCAL GATHER dop: 1/16)", "Parent Relationship": "Outer", "Startup Cost": 115490.41, "Total Cost": 133830.89, "Plan Rows": 5196, "Plan Width": 29, "Plans": [{"Node Type": "Hash Join", "Parent Relationship": "Outer", "Join Type": "Inner", "Startup Cost": 115490.41, "Total Cost": 133718.75, "Plan Rows": 5196, "Plan Width": 29, "Inner Unique": false, "Hash Cond": "(mc.movie_id = t.id)", "Plans": [{"Node Type": "Seq Scan", "Parent Relationship": "Outer", "Relation Name": "movie_companies", "Alias": "mc", "Startup Cost": 0.0, "Total Cost": 17613.58, "Plan Rows": 2609128, "Plan Width": 12}, {"Node Type": "Hash", "Parent Relationship": "Inner", "Startup Cost": 115459.66, "Total Cost": 115459.66, "Plan Rows": 39360, "Plan Width": 29, "Plans": [{"Node Type": "Streaming(type: BROADCAST dop: 16/16)", "Parent Relationship": "Outer", "Startup Cost": 19941.16, "Total Cost": 115459.66, "Plan Rows": 39360, "Plan Width": 29, "Plans": [{"Node Type": "Hash Join", "Parent Relationship": "Outer", "Join Type": "Inner", "Startup Cost": 19941.16, "Total Cost": 100359.72, "Plan Rows": 2460, "Plan Width": 29, "Inner Unique": true, "Hash Cond": "(ci.movie_id = t.id)", "Plans": [{"Node Type": "Streaming(type: BROADCAST dop: 16/1)", "Parent Relationship": "Outer", "Startup Cost": 0.0, "Total Cost": 80409.42, "Plan Rows": 32432, "Plan Width": 8, "Plans": [{"Node Type": "Nested Loop", "Parent Relationship": "Outer", "Join Type": "Inner", "Startup Cost": 0.0, "Total Cost": 64709.47, "Plan Rows": 2027, "Plan Width": 8, "Inner Unique": false, "Join Filter": "(ci.role_id = rt.id)", "Plans": [{"Node Type": "Seq Scan", "Parent Relationship": "Outer", "Relation Name": "role_type", "Alias": "rt", "Startup Cost": 0.0, "Total Cost": 1.15, "Plan Rows": 1, "Plan Width": 4, "Filter": "((role)::text = 'actor'::text)"}, {"Node Type": "Materialize", "Parent Relationship": "Inner", "Startup Cost": 0.0, "Total Cost": 64485.37, "Plan Rows": 22295, "Plan Width": 12, "Plans": [{"Node Type": "Streaming(type: LOCAL GATHER dop: 1/16)", "Parent Relationship": "Outer", "Startup Cost": 0.0, "Total Cost": 64429.63, "Plan Rows": 22295, "Plan Width": 12, "Plans": [{"Node Type": "Seq Scan", "Parent Relationship": "Outer", "Relation Name": "cast_info", "Alias": "ci", "Startup Cost": 0.0, "Total Cost": 63948.46, "Plan Rows": 22295, "Plan Width": 12, "Filter": "(((note)::text ~~ '%(voice)%'::text) AND ((note)::text ~~ '%(uncredited)%'::text))"}]}]}]}]}, {"Node Type": "Hash", "Parent Relationship": "Inner", "Startup Cost": 19149.37, "Total Cost": 19149.37, "Plan Rows": 1013492, "Plan Width": 21, "Plans": [{"Node Type": "Seq Scan", "Parent Relationship": "Outer", "Relation Name": "title", "Alias": "t", "Startup Cost": 0.0, "Total Cost": 19149.37, "Plan Rows": 1013492, "Plan Width": 21, "Filter": "(production_year > 2005), (LLVM Optimized)"}]}]}]}]}]}]}, {"Node Type": "Hash", "Parent Relationship": "Inner", "Startup Cost": 5903.45, "Total Cost": 5903.45, "Plan Rows": 251, "Plan Width": 4, "Plans": [{"Node Type": "Seq Scan", "Parent Relationship": "Outer", "Relation Name": "company_name", "Alias": "cn", "Startup Cost": 0.0, "Total Cost": 5903.45, "Plan Rows": 251, "Plan Width": 4, "Filter": "((country_code)::text = '[ru]'::text)"}]}]}]}, {"Node Type": "Hash", "Parent Relationship": "Inner", "Startup Cost": 19218.34, "Total Cost": 19218.34, "Plan Rows": 3140338, "Plan Width": 20, "Plans": [{"Node Type": "Seq Scan", "Parent Relationship": "Outer", "Relation Name": "char_name", "Alias": "chn", "Startup Cost": 0.0, "Total Cost": 19218.34, "Plan Rows": 3140338, "Plan Width": 20}]}]}]}, {"Node Type": "Materialize", "Parent Relationship": "Inner", "Startup Cost": 0.0, "Total Cost": 1.04, "Plan Rows": 3, "Plan Width": 4, "Plans": [{"Node Type": "Seq Scan", "Parent Relationship": "Outer", "Relation Name": "company_type", "Alias": "ct", "Startup Cost": 0.0, "Total Cost": 1.03, "Plan Rows": 3, "Plan Width": 4}]}]}]}, "Unique SQL Id": 2933943827, "Planner Runtime": 75}, "explain_analyze_plan": {"Plan": {"Node Type": "Aggregate", "Strategy": "Plain", "Startup Cost": 157591.21, "Total Cost": 157591.22, "Plan Rows": 1, "Plan Width": 97, "Actual Min Startup Time": 1325.179, "Actual Max Startup Time": 1325.179, "Actual Min Total Time": 1325.179, "Actual Max Total Time": 1325.179, "Plans": [{"Node Type": "Nested Loop", "Parent Relationship": "Outer", "Join Type": "Inner", "Startup Cost": 124227.38, "Total Cost": 157591.19, "Plan Rows": 4, "Plan Width": 33, "Actual Min Startup Time": 1324.967, "Actual Max Startup Time": 1324.967, "Actual Min Total Time": 1325.126, "Actual Max Total Time": 1325.126, "Inner Unique": true, "Join Filter": "(mc.company_type_id = ct.id)", "Rows Removed by Join Filter": 258, "Plans": [{"Node Type": "Streaming(type: LOCAL GATHER dop: 1/16)", "Parent Relationship": "Outer", "Startup Cost": 124227.38, "Total Cost": 157589.97, "Plan Rows": 4, "Plan Width": 37, "Actual Min Startup Time": 1324.866, "Actual Max Startup Time": 1324.866, "Actual Min Total Time": 1324.925, "Actual Max Total Time": 1324.925, "Plans": [{"Node Type": "Hash Join", "Parent Relationship": "Outer", "Join Type": "Inner", "Startup Cost": 124227.38, "Total Cost": 157589.88, "Plan Rows": 4, "Plan Width": 37, "Actual Min Startup Time": 1098.989, "Actual Max Startup Time": 1120.843, "Actual Min Total Time": 1120.46, "Actual Max Total Time": 1142.304, "Inner Unique": true, "Hash Cond": "(ci.person_role_id = chn.id)", "Plans": [{"Node Type": "Streaming(type: BROADCAST dop: 16/1)", "Parent Relationship": "Outer", "Startup Cost": 116969.41, "Total Cost": 150331.87, "Plan Rows": 112, "Plan Width": 25, "Actual Min Startup Time": 908.28, "Actual Max Startup Time": 945.303, "Actual Min Total Time": 929.666, "Actual Max Total Time": 966.72, "Plans": [{"Node Type": "Hash Join", "Parent Relationship": "Outer", "Join Type": "Inner", "Startup Cost": 116969.41, "Total Cost": 135329.46, "Plan Rows": 7, "Plan Width": 25, "Actual Min Startup Time": 1056.607, "Actual Max Startup Time": 1056.607, "Actual Min Total Time": 1120.304, "Actual Max Total Time": 1120.304, "Inner Unique": true, "Hash Cond": "(mc.company_id = cn.id)", "Plans": [{"Node Type": "Streaming(type: LOCAL GATHER dop: 1/16)", "Parent Relationship": "Outer", "Startup Cost": 115490.41, "Total Cost": 133830.89, "Plan Rows": 5196, "Plan Width": 29, "Actual Min Startup Time": 955.411, "Actual Max Startup Time": 955.411, "Actual Min Total Time": 1022.335, "Actual Max Total Time": 1022.335, "Plans": [{"Node Type": "Hash Join", "Parent Relationship": "Outer", "Join Type": "Inner", "Startup Cost": 115490.41, "Total Cost": 133718.75, "Plan Rows": 5196, "Plan Width": 29, "Actual Min Startup Time": 1049.475, "Actual Max Startup Time": 1114.167, "Actual Min Total Time": 1110.052, "Actual Max Total Time": 1178.909, "Inner Unique": false, "Hash Cond": "(mc.movie_id = t.id)", "Plans": [{"Node Type": "Seq Scan", "Parent Relationship": "Outer", "Relation Name": "movie_companies", "Alias": "mc", "Startup Cost": 0.0, "Total Cost": 17613.58, "Plan Rows": 2609128, "Plan Width": 12, "Actual Min Startup Time": 0.045, "Actual Max Startup Time": 0.074, "Actual Min Total Time": 35.337, "Actual Max Total Time": 40.658, "Actual Rows": 2609128}, {"Node Type": "Hash", "Parent Relationship": "Inner", "Startup Cost": 115459.66, "Total Cost": 115459.66, "Plan Rows": 39360, "Plan Width": 29, "Actual Min Startup Time": 1032.549, "Actual Max Startup Time": 1111.851, "Actual Min Total Time": 1032.549, "Actual Max Total Time": 1111.851, "Max Hash Buckets": 32768, "Min Hash Buckets": 32768, "Max Hash Batches": 1, "Min Hash Batches": 1, "Max Original Hash Batches": 1, "Min Original Hash Batches": 1, "Max Peak Memory Usage": 320, "min Peak Memory Usage": 320, "Plans": [{"Node Type": "Streaming(type: BROADCAST dop: 16/16)", "Parent Relationship": "Outer", "Startup Cost": 19941.16, "Total Cost": 115459.66, "Plan Rows": 39360, "Plan Width": 29, "Actual Min Startup Time": 836.198, "Actual Max Startup Time": 915.624, "Actual Min Total Time": 1030.376, "Actual Max Total Time": 1110.349, "Plans": [{"Node Type": "Hash Join", "Parent Relationship": "Outer", "Join Type": "Inner", "Startup Cost": 19941.16, "Total Cost": 100359.72, "Plan Rows": 2460, "Plan Width": 29, "Actual Min Startup Time": 714.324, "Actual Max Startup Time": 796.554, "Actual Min Total Time": 998.537, "Actual Max Total Time": 1078.425, "Inner Unique": true, "Hash Cond": "(ci.movie_id = t.id)", "Plans": [{"Node Type": "Streaming(type: BROADCAST dop: 16/1)", "Parent Relationship": "Outer", "Startup Cost": 0.0, "Total Cost": 80409.42, "Plan Rows": 32432, "Plan Width": 8, "Actual Min Startup Time": 620.199, "Actual Max Startup Time": 692.234, "Actual Min Total Time": 894.394, "Actual Max Total Time": 969.656, "Plans": [{"Node Type": "Nested Loop", "Parent Relationship": "Outer", "Join Type": "Inner", "Startup Cost": 0.0, "Total Cost": 64709.47, "Plan Rows": 2027, "Plan Width": 8, "Actual Min Startup Time": 766.492, "Actual Max Startup Time": 766.492, "Actual Min Total Time": 781.006, "Actual Max Total Time": 781.006, "Inner Unique": false, "Join Filter": "(ci.role_id = rt.id)", "Rows Removed by Join Filter": 6414, "Plans": [{"Node Type": "Seq Scan", "Parent Relationship": "Outer", "Relation Name": "role_type", "Alias": "rt", "Startup Cost": 0.0, "Total Cost": 1.15, "Plan Rows": 1, "Plan Width": 4, "Actual Min Startup Time": 0.045, "Actual Max Startup Time": 0.045, "Actual Min Total Time": 0.057, "Actual Max Total Time": 0.057, "Filter": "((role)::text = 'actor'::text)", "Rows Removed by Filter": 11, "Actual Rows": 1}, {"Node Type": "Materialize", "Parent Relationship": "Inner", "Startup Cost": 0.0, "Total Cost": 64485.37, "Plan Rows": 22295, "Plan Width": 12, "Actual Min Startup Time": 766.421, "Actual Max Startup Time": 766.421, "Actual Min Total Time": 771.039, "Actual Max Total Time": 771.039, "Plans": [{"Node Type": "Streaming(type: LOCAL GATHER dop: 1/16)", "Parent Relationship": "Outer", "Startup Cost": 0.0, "Total Cost": 64429.63, "Plan Rows": 22295, "Plan Width": 12, "Actual Min Startup Time": 0.091, "Actual Max Startup Time": 0.091, "Actual Min Total Time": 743.185, "Actual Max Total Time": 743.185, "Plans": [{"Node Type": "Seq Scan", "Parent Relationship": "Outer", "Relation Name": "cast_info", "Alias": "ci", "Startup Cost": 0.0, "Total Cost": 63948.46, "Plan Rows": 22295, "Plan Width": 12, "Actual Min Startup Time": 0.08, "Actual Max Startup Time": 2.352, "Actual Min Total Time": 711.17, "Actual Max Total Time": 769.248, "Filter": "(((note)::text ~~ '%(voice)%'::text) AND ((note)::text ~~ '%(uncredited)%'::text))", "Rows Removed by Filter": 36212055, "Actual Rows": 32288}], "Actual Rows": 32288}], "Actual Rows": 32289}], "Actual Rows": 25874}], "Actual Rows": 413984}, {"Node Type": "Hash", "Parent Relationship": "Inner", "Startup Cost": 19149.37, "Total Cost": 19149.37, "Plan Rows": 1013492, "Plan Width": 21, "Actual Min Startup Time": 86.95, "Actual Max Startup Time": 111.424, "Actual Min Total Time": 86.95, "Actual Max Total Time": 111.424, "Max Hash Buckets": 65536, "Min Hash Buckets": 65536, "Max Hash Batches": 1, "Min Hash Batches": 1, "Max Original Hash Batches": 1, "Min Original Hash Batches": 1, "Max Peak Memory Usage": 3456, "min Peak Memory Usage": 3456, "Plans": [{"Node Type": "Seq Scan", "Parent Relationship": "Outer", "Relation Name": "title", "Alias": "t", "Startup Cost": 0.0, "Total Cost": 19149.37, "Plan Rows": 1013492, "Plan Width": 21, "Actual Min Startup Time": 0.027, "Actual Max Startup Time": 0.042, "Actual Min Total Time": 61.381, "Actual Max Total Time": 67.772, "Filter": "(production_year > 2005), (LLVM Optimized, Jit Execute)", "Rows Removed by Filter": 1515391, "Actual Rows": 1012920}], "Actual Rows": 1012920}], "Actual Rows": 5288}], "Actual Rows": 84608}], "Actual Rows": 84608}], "Actual Rows": 14489}], "Actual Rows": 14489}, {"Node Type": "Hash", "Parent Relationship": "Inner", "Startup Cost": 5903.45, "Total Cost": 5903.45, "Plan Rows": 251, "Plan Width": 4, "Actual Min Startup Time": 94.21, "Actual Max Startup Time": 94.21, "Actual Min Total Time": 94.21, "Actual Max Total Time": 94.21, "Max Hash Buckets": 32768, "Min Hash Buckets": 32768, "Max Hash Batches": 1, "Min Hash Batches": 1, "Max Original Hash Batches": 1, "Min Original Hash Batches": 1, "Max Peak Memory Usage": 48, "min Peak Memory Usage": 48, "Plans": [{"Node Type": "Seq Scan", "Parent Relationship": "Outer", "Relation Name": "company_name", "Alias": "cn", "Startup Cost": 0.0, "Total Cost": 5903.45, "Plan Rows": 251, "Plan Width": 4, "Actual Min Startup Time": 0.601, "Actual Max Startup Time": 0.601, "Actual Min Total Time": 93.323, "Actual Max Total Time": 93.323, "Filter": "((country_code)::text = '[ru]'::text)", "Rows Removed by Filter": 233635, "Actual Rows": 1361}], "Actual Rows": 1361}], "Actual Rows": 112}], "Actual Rows": 1792}, {"Node Type": "Hash", "Parent Relationship": "Inner", "Startup Cost": 19218.34, "Total Cost": 19218.34, "Plan Rows": 3140338, "Plan Width": 20, "Actual Min Startup Time": 167.517, "Actual Max Startup Time": 191.34, "Actual Min Total Time": 167.517, "Actual Max Total Time": 191.34, "Max Hash Buckets": 262144, "Min Hash Buckets": 262144, "Max Hash Batches": 1, "Min Hash Batches": 1, "Max Original Hash Batches": 1, "Min Original Hash Batches": 1, "Max Peak Memory Usage": 10534, "min Peak Memory Usage": 10534, "Plans": [{"Node Type": "Seq Scan", "Parent Relationship": "Outer", "Relation Name": "char_name", "Alias": "chn", "Startup Cost": 0.0, "Total Cost": 19218.34, "Plan Rows": 3140338, "Plan Width": 20, "Actual Min Startup Time": 0.038, "Actual Max Startup Time": 0.13, "Actual Min Total Time": 66.552, "Actual Max Total Time": 70.125, "Actual Rows": 3140338}], "Actual Rows": 3140338}], "Actual Rows": 104}], "Actual Rows": 104}, {"Node Type": "Materialize", "Parent Relationship": "Inner", "Startup Cost": 0.0, "Total Cost": 1.04, "Plan Rows": 3, "Plan Width": 4, "Actual Min Startup Time": 0.057, "Actual Max Startup Time": 0.057, "Actual Min Total Time": 0.078, "Actual Max Total Time": 0.078, "Plans": [{"Node Type": "Seq Scan", "Parent Relationship": "Outer", "Relation Name": "company_type", "Alias": "ct", "Startup Cost": 0.0, "Total Cost": 1.03, "Plan Rows": 3, "Plan Width": 4, "Actual Min Startup Time": 0.027, "Actual Max Startup Time": 0.027, "Actual Min Total Time": 0.03, "Actual Max Total Time": 0.03, "Actual Rows": 3}], "Actual Rows": 277}], "Actual Rows": 18}], "Actual Rows": 1}, "Triggers": [], "Planner Runtime": 69, "Total Runtime": 1355.955, "Unique SQL Id": 2933943827}}, "(16, 11)": {"explain_plan": {"Plan": {"Node Type": "Aggregate", "Strategy": "Plain", "Startup Cost": 3605831579367.76, "Total Cost": 3605831579367.77, "Plan Rows": 1, "Plan Width": 97, "Plans": [{"Node Type": "Merge Join", "Parent Relationship": "Outer", "Join Type": "Inner", "Startup Cost": 70000000000.0, "Total Cost": 3605831579367.74, "Plan Rows": 4, "Plan Width": 33, "Inner Unique": true, "Merge Cond": "(ci.person_role_id = chn.id)", "Plans": [{"Node Type": "Nested Loop", "Parent Relationship": "Outer", "Join Type": "Inner", "Startup Cost": 60000000000.0, "Total Cost": 6000243362599.82, "Plan Rows": 7, "Plan Width": 21, "Inner Unique": true, "Join Filter": "(mc.movie_id = t.id)", "Plans": [{"Node Type": "Nested Loop", "Parent Relationship": "Outer", "Join Type": "Inner", "Startup Cost": 50000000000.0, "Total Cost": 5000231624725.14, "Plan Rows": 6, "Plan Width": 12, "Inner Unique": true, "Join Filter": "(mc.company_type_id = ct.id)", "Plans": [{"Node Type": "Nested Loop", "Parent Relationship": "Outer", "Join Type": "Inner", "Startup Cost": 40000000000.0, "Total Cost": 4000231623895.37, "Plan Rows": 6, "Plan Width": 16, "Inner Unique": false, "Join Filter": "(ci.movie_id = mc.movie_id)", "Plans": [{"Node Type": "Nested Loop", "Parent Relationship": "Outer", "Join Type": "Inner", "Startup Cost": 20000000000.0, "Total Cost": 2000211317261.91, "Plan Rows": 2027, "Plan Width": 8, "Inner Unique": true, "Join Filter": "(ci.role_id = rt.id)", "Plans": [{"Node Type": "Index Scan", "Parent Relationship": "Outer", "Scan Direction": "Forward", "Index Name": "person_role_id_cast_info", "Relation Name": "cast_info", "Alias": "ci", "Startup Cost": 10000000000.0, "Total Cost": 1000211315681.48, "Plan Rows": 22295, "Plan Width": 12, "Filter": "(((note)::text ~~ '%(voice)%'::text) AND ((note)::text ~~ '%(uncredited)%'::text))"}, {"Node Type": "Materialize", "Parent Relationship": "Inner", "Startup Cost": 10000000000.0, "Total Cost": 1000000001246.0, "Plan Rows": 1, "Plan Width": 4, "Plans": [{"Node Type": "Index Scan", "Parent Relationship": "Outer", "Scan Direction": "Forward", "Index Name": "role_type_pkey", "Relation Name": "role_type", "Alias": "rt", "Startup Cost": 10000000000.0, "Total Cost": 1000000001246.0, "Plan Rows": 1, "Plan Width": 4, "Filter": "((role)::text = 'actor'::text)"}]}]}, {"Node Type": "Materialize", "Parent Relationship": "Inner", "Startup Cost": 20000000000.0, "Total Cost": 2000020191742.41, "Plan Rows": 3779, "Plan Width": 8, "Plans": [{"Node Type": "Nested Loop", "Parent Relationship": "Outer", "Join Type": "Inner", "Startup Cost": 20000000000.0, "Total Cost": 2000020191723.52, "Plan Rows": 3779, "Plan Width": 8, "Inner Unique": true, "Join Filter": "(cn.id = mc.company_id)", "Plans": [{"Node Type": "Index Scan", "Parent Relationship": "Outer", "Scan Direction": "Forward", "Index Name": "company_type_id_movie_companies", "Relation Name": "movie_companies", "Alias": "mc", "Startup Cost": 10000000000.0, "Total Cost": 1000009318217.0, "Plan Rows": 2609128, "Plan Width": 12}, {"Node Type": "Materialize", "Parent Relationship": "Inner", "Startup Cost": 10000000000.0, "Total Cost": 1000001050140.22, "Plan Rows": 251, "Plan Width": 4, "Plans": [{"Node Type": "Index Scan", "Parent Relationship": "Outer", "Scan Direction": "Forward", "Index Name": "company_name_pkey", "Relation Name": "company_name", "Alias": "cn", "Startup Cost": 10000000000.0, "Total Cost": 1000001050138.97, "Plan Rows": 251, "Plan Width": 4, "Filter": "((country_code)::text = '[ru]'::text)"}]}]}]}]}, {"Node Type": "Materialize", "Parent Relationship": "Inner", "Startup Cost": 10000000000.0, "Total Cost": 1000000000829.52, "Plan Rows": 3, "Plan Width": 4, "Plans": [{"Node Type": "Index Only Scan", "Parent Relationship": "Outer", "Scan Direction": "Forward", "Index Name": "company_type_pkey", "Relation Name": "company_type", "Alias": "ct", "Startup Cost": 10000000000.0, "Total Cost": 1000000000829.5, "Plan Rows": 3, "Plan Width": 4}]}]}, {"Node Type": "Materialize", "Parent Relationship": "Inner", "Startup Cost": 10000000000.0, "Total Cost": 1000011649194.12, "Plan Rows": 1013492, "Plan Width": 21, "Plans": [{"Node Type": "Index Scan", "Parent Relationship": "Outer", "Scan Direction": "Forward", "Index Name": "title_pkey", "Relation Name": "title", "Alias": "t", "Startup Cost": 10000000000.0, "Total Cost": 1000011644126.66, "Plan Rows": 1013492, "Plan Width": 21, "Filter": "(production_year > 2005), (LLVM Optimized)"}]}]}, {"Node Type": "Index Scan", "Parent Relationship": "Inner", "Scan Direction": "Forward", "Index Name": "char_name_pkey", "Relation Name": "char_name", "Alias": "chn", "Startup Cost": 10000000000.0, "Total Cost": 1000012987545.51, "Plan Rows": 3140338, "Plan Width": 20}]}]}, "Unique SQL Id": 2933943827, "Planner Runtime": 48}, "explain_analyze_plan": null}, "(16, 12)": {"explain_plan": {"Plan": {"Node Type": "Aggregate", "Strategy": "Plain", "Startup Cost": 19897.43, "Total Cost": 19897.44, "Plan Rows": 1, "Plan Width": 97, "Plans": [{"Node Type": "Nested Loop", "Parent Relationship": "Outer", "Join Type": "Inner", "Startup Cost": 0.0, "Total Cost": 19897.42, "Plan Rows": 2, "Plan Width": 33, "Inner Unique": true, "Plans": [{"Node Type": "Nested Loop", "Parent Relationship": "Outer", "Join Type": "Inner", "Startup Cost": 0.0, "Total Cost": 19896.86, "Plan Rows": 2, "Plan Width": 37, "Inner Unique": true, "Plans": [{"Node Type": "Nested Loop", "Parent Relationship": "Outer", "Join Type": "Inner", "Startup Cost": 0.0, "Total Cost": 19869.97, "Plan Rows": 5, "Plan Width": 25, "Inner Unique": true, "Plans": [{"Node Type": "Nested Loop", "Parent Relationship": "Outer", "Join Type": "Inner", "Startup Cost": 0.0, "Total Cost": 19867.87, "Plan Rows": 6, "Plan Width": 16, "Inner Unique": false, "Join Filter": "(ci.role_id = rt.id)", "Plans": [{"Node Type": "Seq Scan", "Parent Relationship": "Outer", "Relation Name": "role_type", "Alias": "rt", "Startup Cost": 0.0, "Total Cost": 1.15, "Plan Rows": 1, "Plan Width": 4, "Filter": "((role)::text = 'actor'::text)"}, {"Node Type": "Nested Loop", "Parent Relationship": "Inner", "Join Type": "Inner", "Startup Cost": 0.0, "Total Cost": 19865.87, "Plan Rows": 68, "Plan Width": 20, "Inner Unique": false, "Plans": [{"Node Type": "Nested Loop", "Parent Relationship": "Outer", "Join Type": "Inner", "Startup Cost": 0.0, "Total Cost": 16121.55, "Plan Rows": 3779, "Plan Width": 8, "Inner Unique": false, "Plans": [{"Node Type": "Seq Scan", "Parent Relationship": "Outer", "Relation Name": "company_name", "Alias": "cn", "Startup Cost": 0.0, "Total Cost": 5903.45, "Plan Rows": 251, "Plan Width": 4, "Filter": "((country_code)::text = '[ru]'::text)"}, {"Node Type": "Index Scan", "Parent Relationship": "Inner", "Scan Direction": "Forward", "Index Name": "company_id_movie_companies", "Relation Name": "movie_companies", "Alias": "mc", "Startup Cost": 0.0, "Total Cost": 40.56, "Plan Rows": 15, "Plan Width": 12, "Index Cond": "(company_id = cn.id)"}]}, {"Node Type": "Index Scan", "Parent Relationship": "Inner", "Scan Direction": "Forward", "Index Name": "movie_id_cast_info", "Relation Name": "cast_info", "Alias": "ci", "Startup Cost": 0.0, "Total Cost": 0.98, "Plan Rows": 1, "Plan Width": 12, "Index Cond": "(movie_id = mc.movie_id)", "Filter": "(((note)::text ~~ '%(voice)%'::text) AND ((note)::text ~~ '%(uncredited)%'::text))"}]}]}, {"Node Type": "Index Scan", "Parent Relationship": "Inner", "Scan Direction": "Forward", "Index Name": "title_pkey", "Relation Name": "title", "Alias": "t", "Startup Cost": 0.0, "Total Cost": 0.34, "Plan Rows": 1, "Plan Width": 21, "Index Cond": "(id = mc.movie_id)", "Filter": "(production_year > 2005)"}]}, {"Node Type": "Index Scan", "Parent Relationship": "Inner", "Scan Direction": "Forward", "Index Name": "char_name_pkey", "Relation Name": "char_name", "Alias": "chn", "Startup Cost": 0.0, "Total Cost": 5.37, "Plan Rows": 1, "Plan Width": 20, "Index Cond": "(id = ci.person_role_id)"}]}, {"Node Type": "Index Scan", "Parent Relationship": "Inner", "Scan Direction": "Forward", "Index Name": "company_type_pkey", "Relation Name": "company_type", "Alias": "ct", "Startup Cost": 0.0, "Total Cost": 0.27, "Plan Rows": 1, "Plan Width": 4, "Index Cond": "(id = mc.company_type_id)"}]}]}, "Unique SQL Id": 2933943827, "Planner Runtime": 27}, "explain_analyze_plan": {"Plan": {"Node Type": "Aggregate", "Strategy": "Plain", "Startup Cost": 19897.43, "Total Cost": 19897.44, "Plan Rows": 1, "Plan Width": 97, "Actual Startup Time": 1044.453, "Actual Total Time": 1044.453, "Actual Rows": 1, "Actual Loops": 1, "Plans": [{"Node Type": "Nested Loop", "Parent Relationship": "Outer", "Join Type": "Inner", "Startup Cost": 0.0, "Total Cost": 19897.42, "Plan Rows": 2, "Plan Width": 33, "Actual Startup Time": 61.95, "Actual Total Time": 1044.352, "Actual Rows": 18, "Actual Loops": 1, "Inner Unique": true, "Plans": [{"Node Type": "Nested Loop", "Parent Relationship": "Outer", "Join Type": "Inner", "Startup Cost": 0.0, "Total Cost": 19896.86, "Plan Rows": 2, "Plan Width": 37, "Actual Startup Time": 12.333, "Actual Total Time": 1044.034, "Actual Rows": 104, "Actual Loops": 1, "Inner Unique": true, "Plans": [{"Node Type": "Nested Loop", "Parent Relationship": "Outer", "Join Type": "Inner", "Startup Cost": 0.0, "Total Cost": 19869.97, "Plan Rows": 5, "Plan Width": 25, "Actual Startup Time": 12.321, "Actual Total Time": 1042.856, "Actual Rows": 112, "Actual Loops": 1, "Inner Unique": true, "Plans": [{"Node Type": "Nested Loop", "Parent Relationship": "Outer", "Join Type": "Inner", "Startup Cost": 0.0, "Total Cost": 19867.87, "Plan Rows": 6, "Plan Width": 16, "Actual Startup Time": 0.86, "Actual Total Time": 1040.304, "Actual Rows": 275, "Actual Loops": 1, "Inner Unique": false, "Join Filter": "(ci.role_id = rt.id)", "Rows Removed by Join Filter": 102, "Plans": [{"Node Type": "Seq Scan", "Parent Relationship": "Outer", "Relation Name": "role_type", "Alias": "rt", "Startup Cost": 0.0, "Total Cost": 1.15, "Plan Rows": 1, "Plan Width": 4, "Actual Startup Time": 0.016, "Actual Total Time": 0.025, "Actual Rows": 1, "Actual Loops": 1, "Filter": "((role)::text = 'actor'::text)", "Rows Removed by Filter": 11}, {"Node Type": "Nested Loop", "Parent Relationship": "Inner", "Join Type": "Inner", "Startup Cost": 0.0, "Total Cost": 19865.87, "Plan Rows": 68, "Plan Width": 20, "Actual Startup Time": 0.837, "Actual Total Time": 1040.014, "Actual Rows": 377, "Actual Loops": 1, "Inner Unique": false, "Plans": [{"Node Type": "Nested Loop", "Parent Relationship": "Outer", "Join Type": "Inner", "Startup Cost": 0.0, "Total Cost": 16121.55, "Plan Rows": 3779, "Plan Width": 8, "Actual Startup Time": 0.057, "Actual Total Time": 114.57, "Actual Rows": 8790, "Actual Loops": 1, "Inner Unique": false, "Plans": [{"Node Type": "Seq Scan", "Parent Relationship": "Outer", "Relation Name": "company_name", "Alias": "cn", "Startup Cost": 0.0, "Total Cost": 5903.45, "Plan Rows": 251, "Plan Width": 4, "Actual Startup Time": 0.036, "Actual Total Time": 85.328, "Actual Rows": 1361, "Actual Loops": 1, "Filter": "((country_code)::text = '[ru]'::text)", "Rows Removed by Filter": 233635}, {"Node Type": "Index Scan", "Parent Relationship": "Inner", "Scan Direction": "Forward", "Index Name": "company_id_movie_companies", "Relation Name": "movie_companies", "Alias": "mc", "Startup Cost": 0.0, "Total Cost": 40.56, "Plan Rows": 15, "Plan Width": 12, "Actual Startup Time": 10.803, "Actual Total Time": 26.091, "Actual Rows": 8790, "Actual Loops": 1361, "Index Cond": "(company_id = cn.id)", "Rows Removed by Index Recheck": 0}]}, {"Node Type": "Index Scan", "Parent Relationship": "Inner", "Scan Direction": "Forward", "Index Name": "movie_id_cast_info", "Relation Name": "cast_info", "Alias": "ci", "Startup Cost": 0.0, "Total Cost": 0.98, "Plan Rows": 1, "Plan Width": 12, "Actual Startup Time": 865.63, "Actual Total Time": 920.19, "Actual Rows": 377, "Actual Loops": 8790, "Index Cond": "(movie_id = mc.movie_id)", "Rows Removed by Index Recheck": 0, "Filter": "(((note)::text ~~ '%(voice)%'::text) AND ((note)::text ~~ '%(uncredited)%'::text))", "Rows Removed by Filter": 408168}]}]}, {"Node Type": "Index Scan", "Parent Relationship": "Inner", "Scan Direction": "Forward", "Index Name": "title_pkey", "Relation Name": "title", "Alias": "t", "Startup Cost": 0.0, "Total Cost": 0.34, "Plan Rows": 1, "Plan Width": 21, "Actual Startup Time": 2.175, "Actual Total Time": 2.175, "Actual Rows": 112, "Actual Loops": 275, "Index Cond": "(id = mc.movie_id)", "Rows Removed by Index Recheck": 0, "Filter": "(production_year > 2005)", "Rows Removed by Filter": 163}]}, {"Node Type": "Index Scan", "Parent Relationship": "Inner", "Scan Direction": "Forward", "Index Name": "char_name_pkey", "Relation Name": "char_name", "Alias": "chn", "Startup Cost": 0.0, "Total Cost": 5.37, "Plan Rows": 1, "Plan Width": 20, "Actual Startup Time": 0.95, "Actual Total Time": 0.95, "Actual Rows": 104, "Actual Loops": 112, "Index Cond": "(id = ci.person_role_id)", "Rows Removed by Index Recheck": 0}]}, {"Node Type": "Index Scan", "Parent Relationship": "Inner", "Scan Direction": "Forward", "Index Name": "company_type_pkey", "Relation Name": "company_type", "Alias": "ct", "Startup Cost": 0.0, "Total Cost": 0.27, "Plan Rows": 1, "Plan Width": 4, "Actual Startup Time": 0.173, "Actual Total Time": 0.173, "Actual Rows": 18, "Actual Loops": 104, "Index Cond": "(id = mc.company_type_id)", "Rows Removed by Index Recheck": 0}]}]}, "Triggers": [], "Planner Runtime": 6, "Total Runtime": 1044.846, "Unique SQL Id": 2933943827}}, "(16, 13)": {"explain_plan": {"Plan": {"Node Type": "Aggregate", "Strategy": "Plain", "Startup Cost": 24506.67, "Total Cost": 24506.68, "Plan Rows": 1, "Plan Width": 97, "Plans": [{"Node Type": "Nested Loop", "Parent Relationship": "Outer", "Join Type": "Inner", "Startup Cost": 0.0, "Total Cost": 24506.66, "Plan Rows": 2, "Plan Width": 33, "Inner Unique": true, "Plans": [{"Node Type": "Nested Loop", "Parent Relationship": "Outer", "Join Type": "Inner", "Startup Cost": 0.0, "Total Cost": 24506.1, "Plan Rows": 2, "Plan Width": 37, "Inner Unique": true, "Plans": [{"Node Type": "Nested Loop", "Parent Relationship": "Outer", "Join Type": "Inner", "Startup Cost": 0.0, "Total Cost": 24479.22, "Plan Rows": 5, "Plan Width": 25, "Inner Unique": true, "Plans": [{"Node Type": "Nested Loop", "Parent Relationship": "Outer", "Join Type": "Inner", "Startup Cost": 0.0, "Total Cost": 24477.12, "Plan Rows": 6, "Plan Width": 16, "Inner Unique": false, "Join Filter": "(ci.role_id = rt.id)", "Plans": [{"Node Type": "Index Scan", "Parent Relationship": "Outer", "Scan Direction": "Forward", "Index Name": "role_type_pkey", "Relation Name": "role_type", "Alias": "rt", "Startup Cost": 0.0, "Total Cost": 12.46, "Plan Rows": 1, "Plan Width": 4, "Filter": "((role)::text = 'actor'::text)"}, {"Node Type": "Nested Loop", "Parent Relationship": "Inner", "Join Type": "Inner", "Startup Cost": 0.0, "Total Cost": 24463.81, "Plan Rows": 68, "Plan Width": 20, "Inner Unique": false, "Plans": [{"Node Type": "Nested Loop", "Parent Relationship": "Outer", "Join Type": "Inner", "Startup Cost": 0.0, "Total Cost": 20719.49, "Plan Rows": 3779, "Plan Width": 8, "Inner Unique": false, "Plans": [{"Node Type": "Index Scan", "Parent Relationship": "Outer", "Scan Direction": "Forward", "Index Name": "company_name_pkey", "Relation Name": "company_name", "Alias": "cn", "Startup Cost": 0.0, "Total Cost": 10501.39, "Plan Rows": 251, "Plan Width": 4, "Filter": "((country_code)::text = '[ru]'::text)"}, {"Node Type": "Index Scan", "Parent Relationship": "Inner", "Scan Direction": "Forward", "Index Name": "company_id_movie_companies", "Relation Name": "movie_companies", "Alias": "mc", "Startup Cost": 0.0, "Total Cost": 40.56, "Plan Rows": 15, "Plan Width": 12, "Index Cond": "(company_id = cn.id)"}]}, {"Node Type": "Index Scan", "Parent Relationship": "Inner", "Scan Direction": "Forward", "Index Name": "movie_id_cast_info", "Relation Name": "cast_info", "Alias": "ci", "Startup Cost": 0.0, "Total Cost": 0.98, "Plan Rows": 1, "Plan Width": 12, "Index Cond": "(movie_id = mc.movie_id)", "Filter": "(((note)::text ~~ '%(voice)%'::text) AND ((note)::text ~~ '%(uncredited)%'::text))"}]}]}, {"Node Type": "Index Scan", "Parent Relationship": "Inner", "Scan Direction": "Forward", "Index Name": "title_pkey", "Relation Name": "title", "Alias": "t", "Startup Cost": 0.0, "Total Cost": 0.34, "Plan Rows": 1, "Plan Width": 21, "Index Cond": "(id = mc.movie_id)", "Filter": "(production_year > 2005)"}]}, {"Node Type": "Index Scan", "Parent Relationship": "Inner", "Scan Direction": "Forward", "Index Name": "char_name_pkey", "Relation Name": "char_name", "Alias": "chn", "Startup Cost": 0.0, "Total Cost": 5.37, "Plan Rows": 1, "Plan Width": 20, "Index Cond": "(id = ci.person_role_id)"}]}, {"Node Type": "Index Scan", "Parent Relationship": "Inner", "Scan Direction": "Forward", "Index Name": "company_type_pkey", "Relation Name": "company_type", "Alias": "ct", "Startup Cost": 0.0, "Total Cost": 0.27, "Plan Rows": 1, "Plan Width": 4, "Index Cond": "(id = mc.company_type_id)"}]}]}, "Unique SQL Id": 2933943827, "Planner Runtime": 18}, "explain_analyze_plan": {"Plan": {"Node Type": "Aggregate", "Strategy": "Plain", "Startup Cost": 24506.67, "Total Cost": 24506.68, "Plan Rows": 1, "Plan Width": 97, "Actual Startup Time": 1291.61, "Actual Total Time": 1291.611, "Actual Rows": 1, "Actual Loops": 1, "Plans": [{"Node Type": "Nested Loop", "Parent Relationship": "Outer", "Join Type": "Inner", "Startup Cost": 0.0, "Total Cost": 24506.66, "Plan Rows": 2, "Plan Width": 33, "Actual Startup Time": 37.858, "Actual Total Time": 1291.529, "Actual Rows": 18, "Actual Loops": 1, "Inner Unique": true, "Plans": [{"Node Type": "Nested Loop", "Parent Relationship": "Outer", "Join Type": "Inner", "Startup Cost": 0.0, "Total Cost": 24506.1, "Plan Rows": 2, "Plan Width": 37, "Actual Startup Time": 29.171, "Actual Total Time": 1291.214, "Actual Rows": 104, "Actual Loops": 1, "Inner Unique": true, "Plans": [{"Node Type": "Nested Loop", "Parent Relationship": "Outer", "Join Type": "Inner", "Startup Cost": 0.0, "Total Cost": 24479.22, "Plan Rows": 5, "Plan Width": 25, "Actual Startup Time": 29.155, "Actual Total Time": 1289.962, "Actual Rows": 112, "Actual Loops": 1, "Inner Unique": true, "Plans": [{"Node Type": "Nested Loop", "Parent Relationship": "Outer", "Join Type": "Inner", "Startup Cost": 0.0, "Total Cost": 24477.12, "Plan Rows": 6, "Plan Width": 16, "Actual Startup Time": 9.022, "Actual Total Time": 1287.312, "Actual Rows": 275, "Actual Loops": 1, "Inner Unique": false, "Join Filter": "(ci.role_id = rt.id)", "Rows Removed by Join Filter": 102, "Plans": [{"Node Type": "Index Scan", "Parent Relationship": "Outer", "Scan Direction": "Forward", "Index Name": "role_type_pkey", "Relation Name": "role_type", "Alias": "rt", "Startup Cost": 0.0, "Total Cost": 12.46, "Plan Rows": 1, "Plan Width": 4, "Actual Startup Time": 0.018, "Actual Total Time": 0.032, "Actual Rows": 1, "Actual Loops": 1, "Filter": "((role)::text = 'actor'::text)", "Rows Removed by Filter": 11}, {"Node Type": "Nested Loop", "Parent Relationship": "Inner", "Join Type": "Inner", "Startup Cost": 0.0, "Total Cost": 24463.81, "Plan Rows": 68, "Plan Width": 20, "Actual Startup Time": 8.997, "Actual Total Time": 1287.023, "Actual Rows": 377, "Actual Loops": 1, "Inner Unique": false, "Plans": [{"Node Type": "Nested Loop", "Parent Relationship": "Outer", "Join Type": "Inner", "Startup Cost": 0.0, "Total Cost": 20719.49, "Plan Rows": 3779, "Plan Width": 8, "Actual Startup Time": 0.754, "Actual Total Time": 347.85, "Actual Rows": 8790, "Actual Loops": 1, "Inner Unique": false, "Plans": [{"Node Type": "Index Scan", "Parent Relationship": "Outer", "Scan Direction": "Forward", "Index Name": "company_name_pkey", "Relation Name": "company_name", "Alias": "cn", "Startup Cost": 0.0, "Total Cost": 10501.39, "Plan Rows": 251, "Plan Width": 4, "Actual Startup Time": 0.735, "Actual Total Time": 319.335, "Actual Rows": 1361, "Actual Loops": 1, "Filter": "((country_code)::text = '[ru]'::text)", "Rows Removed by Filter": 233635}, {"Node Type": "Index Scan", "Parent Relationship": "Inner", "Scan Direction": "Forward", "Index Name": "company_id_movie_companies", "Relation Name": "movie_companies", "Alias": "mc", "Startup Cost": 0.0, "Total Cost": 40.56, "Plan Rows": 15, "Plan Width": 12, "Actual Startup Time": 9.592, "Actual Total Time": 25.063, "Actual Rows": 8790, "Actual Loops": 1361, "Index Cond": "(company_id = cn.id)", "Rows Removed by Index Recheck": 0}]}, {"Node Type": "Index Scan", "Parent Relationship": "Inner", "Scan Direction": "Forward", "Index Name": "movie_id_cast_info", "Relation Name": "cast_info", "Alias": "ci", "Startup Cost": 0.0, "Total Cost": 0.98, "Plan Rows": 1, "Plan Width": 12, "Actual Startup Time": 878.611, "Actual Total Time": 933.777, "Actual Rows": 377, "Actual Loops": 8790, "Index Cond": "(movie_id = mc.movie_id)", "Rows Removed by Index Recheck": 0, "Filter": "(((note)::text ~~ '%(voice)%'::text) AND ((note)::text ~~ '%(uncredited)%'::text))", "Rows Removed by Filter": 408168}]}]}, {"Node Type": "Index Scan", "Parent Relationship": "Inner", "Scan Direction": "Forward", "Index Name": "title_pkey", "Relation Name": "title", "Alias": "t", "Startup Cost": 0.0, "Total Cost": 0.34, "Plan Rows": 1, "Plan Width": 21, "Actual Startup Time": 2.271, "Actual Total Time": 2.271, "Actual Rows": 112, "Actual Loops": 275, "Index Cond": "(id = mc.movie_id)", "Rows Removed by Index Recheck": 0, "Filter": "(production_year > 2005)", "Rows Removed by Filter": 163}]}, {"Node Type": "Index Scan", "Parent Relationship": "Inner", "Scan Direction": "Forward", "Index Name": "char_name_pkey", "Relation Name": "char_name", "Alias": "chn", "Startup Cost": 0.0, "Total Cost": 5.37, "Plan Rows": 1, "Plan Width": 20, "Actual Startup Time": 0.997, "Actual Total Time": 0.997, "Actual Rows": 104, "Actual Loops": 112, "Index Cond": "(id = ci.person_role_id)", "Rows Removed by Index Recheck": 0}]}, {"Node Type": "Index Scan", "Parent Relationship": "Inner", "Scan Direction": "Forward", "Index Name": "company_type_pkey", "Relation Name": "company_type", "Alias": "ct", "Startup Cost": 0.0, "Total Cost": 0.27, "Plan Rows": 1, "Plan Width": 4, "Actual Startup Time": 0.156, "Actual Total Time": 0.156, "Actual Rows": 18, "Actual Loops": 104, "Index Cond": "(id = mc.company_type_id)", "Rows Removed by Index Recheck": 0}]}]}, "Triggers": [], "Planner Runtime": 6, "Total Runtime": 1292.039, "Unique SQL Id": 2933943827}}, "(16, 14)": {"explain_plan": {"Plan": {"Node Type": "Aggregate", "Strategy": "Plain", "Startup Cost": 157591.21, "Total Cost": 157591.22, "Plan Rows": 1, "Plan Width": 97, "Plans": [{"Node Type": "Nested Loop", "Parent Relationship": "Outer", "Join Type": "Inner", "Startup Cost": 124227.38, "Total Cost": 157591.19, "Plan Rows": 4, "Plan Width": 33, "Inner Unique": true, "Join Filter": "(mc.company_type_id = ct.id)", "Plans": [{"Node Type": "Streaming(type: LOCAL GATHER dop: 1/16)", "Parent Relationship": "Outer", "Startup Cost": 124227.38, "Total Cost": 157589.97, "Plan Rows": 4, "Plan Width": 37, "Plans": [{"Node Type": "Hash Join", "Parent Relationship": "Outer", "Join Type": "Inner", "Startup Cost": 124227.38, "Total Cost": 157589.88, "Plan Rows": 4, "Plan Width": 37, "Inner Unique": true, "Hash Cond": "(ci.person_role_id = chn.id)", "Plans": [{"Node Type": "Streaming(type: BROADCAST dop: 16/1)", "Parent Relationship": "Outer", "Startup Cost": 116969.41, "Total Cost": 150331.87, "Plan Rows": 112, "Plan Width": 25, "Plans": [{"Node Type": "Hash Join", "Parent Relationship": "Outer", "Join Type": "Inner", "Startup Cost": 116969.41, "Total Cost": 135329.46, "Plan Rows": 7, "Plan Width": 25, "Inner Unique": true, "Hash Cond": "(mc.company_id = cn.id)", "Plans": [{"Node Type": "Streaming(type: LOCAL GATHER dop: 1/16)", "Parent Relationship": "Outer", "Startup Cost": 115490.41, "Total Cost": 133830.89, "Plan Rows": 5196, "Plan Width": 29, "Plans": [{"Node Type": "Hash Join", "Parent Relationship": "Outer", "Join Type": "Inner", "Startup Cost": 115490.41, "Total Cost": 133718.75, "Plan Rows": 5196, "Plan Width": 29, "Inner Unique": false, "Hash Cond": "(mc.movie_id = t.id)", "Plans": [{"Node Type": "Seq Scan", "Parent Relationship": "Outer", "Relation Name": "movie_companies", "Alias": "mc", "Startup Cost": 0.0, "Total Cost": 17613.58, "Plan Rows": 2609128, "Plan Width": 12}, {"Node Type": "Hash", "Parent Relationship": "Inner", "Startup Cost": 115459.66, "Total Cost": 115459.66, "Plan Rows": 39360, "Plan Width": 29, "Plans": [{"Node Type": "Streaming(type: BROADCAST dop: 16/16)", "Parent Relationship": "Outer", "Startup Cost": 19941.16, "Total Cost": 115459.66, "Plan Rows": 39360, "Plan Width": 29, "Plans": [{"Node Type": "Hash Join", "Parent Relationship": "Outer", "Join Type": "Inner", "Startup Cost": 19941.16, "Total Cost": 100359.72, "Plan Rows": 2460, "Plan Width": 29, "Inner Unique": true, "Hash Cond": "(ci.movie_id = t.id)", "Plans": [{"Node Type": "Streaming(type: BROADCAST dop: 16/1)", "Parent Relationship": "Outer", "Startup Cost": 0.0, "Total Cost": 80409.42, "Plan Rows": 32432, "Plan Width": 8, "Plans": [{"Node Type": "Nested Loop", "Parent Relationship": "Outer", "Join Type": "Inner", "Startup Cost": 0.0, "Total Cost": 64709.47, "Plan Rows": 2027, "Plan Width": 8, "Inner Unique": false, "Join Filter": "(ci.role_id = rt.id)", "Plans": [{"Node Type": "Seq Scan", "Parent Relationship": "Outer", "Relation Name": "role_type", "Alias": "rt", "Startup Cost": 0.0, "Total Cost": 1.15, "Plan Rows": 1, "Plan Width": 4, "Filter": "((role)::text = 'actor'::text)"}, {"Node Type": "Materialize", "Parent Relationship": "Inner", "Startup Cost": 0.0, "Total Cost": 64485.37, "Plan Rows": 22295, "Plan Width": 12, "Plans": [{"Node Type": "Streaming(type: LOCAL GATHER dop: 1/16)", "Parent Relationship": "Outer", "Startup Cost": 0.0, "Total Cost": 64429.63, "Plan Rows": 22295, "Plan Width": 12, "Plans": [{"Node Type": "Seq Scan", "Parent Relationship": "Outer", "Relation Name": "cast_info", "Alias": "ci", "Startup Cost": 0.0, "Total Cost": 63948.46, "Plan Rows": 22295, "Plan Width": 12, "Filter": "(((note)::text ~~ '%(voice)%'::text) AND ((note)::text ~~ '%(uncredited)%'::text))"}]}]}]}]}, {"Node Type": "Hash", "Parent Relationship": "Inner", "Startup Cost": 19149.37, "Total Cost": 19149.37, "Plan Rows": 1013492, "Plan Width": 21, "Plans": [{"Node Type": "Seq Scan", "Parent Relationship": "Outer", "Relation Name": "title", "Alias": "t", "Startup Cost": 0.0, "Total Cost": 19149.37, "Plan Rows": 1013492, "Plan Width": 21, "Filter": "(production_year > 2005), (LLVM Optimized)"}]}]}]}]}]}]}, {"Node Type": "Hash", "Parent Relationship": "Inner", "Startup Cost": 5903.45, "Total Cost": 5903.45, "Plan Rows": 251, "Plan Width": 4, "Plans": [{"Node Type": "Seq Scan", "Parent Relationship": "Outer", "Relation Name": "company_name", "Alias": "cn", "Startup Cost": 0.0, "Total Cost": 5903.45, "Plan Rows": 251, "Plan Width": 4, "Filter": "((country_code)::text = '[ru]'::text)"}]}]}]}, {"Node Type": "Hash", "Parent Relationship": "Inner", "Startup Cost": 19218.34, "Total Cost": 19218.34, "Plan Rows": 3140338, "Plan Width": 20, "Plans": [{"Node Type": "Seq Scan", "Parent Relationship": "Outer", "Relation Name": "char_name", "Alias": "chn", "Startup Cost": 0.0, "Total Cost": 19218.34, "Plan Rows": 3140338, "Plan Width": 20}]}]}]}, {"Node Type": "Materialize", "Parent Relationship": "Inner", "Startup Cost": 0.0, "Total Cost": 1.04, "Plan Rows": 3, "Plan Width": 4, "Plans": [{"Node Type": "Seq Scan", "Parent Relationship": "Outer", "Relation Name": "company_type", "Alias": "ct", "Startup Cost": 0.0, "Total Cost": 1.03, "Plan Rows": 3, "Plan Width": 4}]}]}]}, "Unique SQL Id": 2933943827, "Planner Runtime": 75}, "explain_analyze_plan": {"Plan": {"Node Type": "Aggregate", "Strategy": "Plain", "Startup Cost": 157591.21, "Total Cost": 157591.22, "Plan Rows": 1, "Plan Width": 97, "Actual Min Startup Time": 1325.179, "Actual Max Startup Time": 1325.179, "Actual Min Total Time": 1325.179, "Actual Max Total Time": 1325.179, "Plans": [{"Node Type": "Nested Loop", "Parent Relationship": "Outer", "Join Type": "Inner", "Startup Cost": 124227.38, "Total Cost": 157591.19, "Plan Rows": 4, "Plan Width": 33, "Actual Min Startup Time": 1324.967, "Actual Max Startup Time": 1324.967, "Actual Min Total Time": 1325.126, "Actual Max Total Time": 1325.126, "Inner Unique": true, "Join Filter": "(mc.company_type_id = ct.id)", "Rows Removed by Join Filter": 258, "Plans": [{"Node Type": "Streaming(type: LOCAL GATHER dop: 1/16)", "Parent Relationship": "Outer", "Startup Cost": 124227.38, "Total Cost": 157589.97, "Plan Rows": 4, "Plan Width": 37, "Actual Min Startup Time": 1324.866, "Actual Max Startup Time": 1324.866, "Actual Min Total Time": 1324.925, "Actual Max Total Time": 1324.925, "Plans": [{"Node Type": "Hash Join", "Parent Relationship": "Outer", "Join Type": "Inner", "Startup Cost": 124227.38, "Total Cost": 157589.88, "Plan Rows": 4, "Plan Width": 37, "Actual Min Startup Time": 1098.989, "Actual Max Startup Time": 1120.843, "Actual Min Total Time": 1120.46, "Actual Max Total Time": 1142.304, "Inner Unique": true, "Hash Cond": "(ci.person_role_id = chn.id)", "Plans": [{"Node Type": "Streaming(type: BROADCAST dop: 16/1)", "Parent Relationship": "Outer", "Startup Cost": 116969.41, "Total Cost": 150331.87, "Plan Rows": 112, "Plan Width": 25, "Actual Min Startup Time": 908.28, "Actual Max Startup Time": 945.303, "Actual Min Total Time": 929.666, "Actual Max Total Time": 966.72, "Plans": [{"Node Type": "Hash Join", "Parent Relationship": "Outer", "Join Type": "Inner", "Startup Cost": 116969.41, "Total Cost": 135329.46, "Plan Rows": 7, "Plan Width": 25, "Actual Min Startup Time": 1056.607, "Actual Max Startup Time": 1056.607, "Actual Min Total Time": 1120.304, "Actual Max Total Time": 1120.304, "Inner Unique": true, "Hash Cond": "(mc.company_id = cn.id)", "Plans": [{"Node Type": "Streaming(type: LOCAL GATHER dop: 1/16)", "Parent Relationship": "Outer", "Startup Cost": 115490.41, "Total Cost": 133830.89, "Plan Rows": 5196, "Plan Width": 29, "Actual Min Startup Time": 955.411, "Actual Max Startup Time": 955.411, "Actual Min Total Time": 1022.335, "Actual Max Total Time": 1022.335, "Plans": [{"Node Type": "Hash Join", "Parent Relationship": "Outer", "Join Type": "Inner", "Startup Cost": 115490.41, "Total Cost": 133718.75, "Plan Rows": 5196, "Plan Width": 29, "Actual Min Startup Time": 1049.475, "Actual Max Startup Time": 1114.167, "Actual Min Total Time": 1110.052, "Actual Max Total Time": 1178.909, "Inner Unique": false, "Hash Cond": "(mc.movie_id = t.id)", "Plans": [{"Node Type": "Seq Scan", "Parent Relationship": "Outer", "Relation Name": "movie_companies", "Alias": "mc", "Startup Cost": 0.0, "Total Cost": 17613.58, "Plan Rows": 2609128, "Plan Width": 12, "Actual Min Startup Time": 0.045, "Actual Max Startup Time": 0.074, "Actual Min Total Time": 35.337, "Actual Max Total Time": 40.658, "Actual Rows": 2609128}, {"Node Type": "Hash", "Parent Relationship": "Inner", "Startup Cost": 115459.66, "Total Cost": 115459.66, "Plan Rows": 39360, "Plan Width": 29, "Actual Min Startup Time": 1032.549, "Actual Max Startup Time": 1111.851, "Actual Min Total Time": 1032.549, "Actual Max Total Time": 1111.851, "Max Hash Buckets": 32768, "Min Hash Buckets": 32768, "Max Hash Batches": 1, "Min Hash Batches": 1, "Max Original Hash Batches": 1, "Min Original Hash Batches": 1, "Max Peak Memory Usage": 320, "min Peak Memory Usage": 320, "Plans": [{"Node Type": "Streaming(type: BROADCAST dop: 16/16)", "Parent Relationship": "Outer", "Startup Cost": 19941.16, "Total Cost": 115459.66, "Plan Rows": 39360, "Plan Width": 29, "Actual Min Startup Time": 836.198, "Actual Max Startup Time": 915.624, "Actual Min Total Time": 1030.376, "Actual Max Total Time": 1110.349, "Plans": [{"Node Type": "Hash Join", "Parent Relationship": "Outer", "Join Type": "Inner", "Startup Cost": 19941.16, "Total Cost": 100359.72, "Plan Rows": 2460, "Plan Width": 29, "Actual Min Startup Time": 714.324, "Actual Max Startup Time": 796.554, "Actual Min Total Time": 998.537, "Actual Max Total Time": 1078.425, "Inner Unique": true, "Hash Cond": "(ci.movie_id = t.id)", "Plans": [{"Node Type": "Streaming(type: BROADCAST dop: 16/1)", "Parent Relationship": "Outer", "Startup Cost": 0.0, "Total Cost": 80409.42, "Plan Rows": 32432, "Plan Width": 8, "Actual Min Startup Time": 620.199, "Actual Max Startup Time": 692.234, "Actual Min Total Time": 894.394, "Actual Max Total Time": 969.656, "Plans": [{"Node Type": "Nested Loop", "Parent Relationship": "Outer", "Join Type": "Inner", "Startup Cost": 0.0, "Total Cost": 64709.47, "Plan Rows": 2027, "Plan Width": 8, "Actual Min Startup Time": 766.492, "Actual Max Startup Time": 766.492, "Actual Min Total Time": 781.006, "Actual Max Total Time": 781.006, "Inner Unique": false, "Join Filter": "(ci.role_id = rt.id)", "Rows Removed by Join Filter": 6414, "Plans": [{"Node Type": "Seq Scan", "Parent Relationship": "Outer", "Relation Name": "role_type", "Alias": "rt", "Startup Cost": 0.0, "Total Cost": 1.15, "Plan Rows": 1, "Plan Width": 4, "Actual Min Startup Time": 0.045, "Actual Max Startup Time": 0.045, "Actual Min Total Time": 0.057, "Actual Max Total Time": 0.057, "Filter": "((role)::text = 'actor'::text)", "Rows Removed by Filter": 11, "Actual Rows": 1}, {"Node Type": "Materialize", "Parent Relationship": "Inner", "Startup Cost": 0.0, "Total Cost": 64485.37, "Plan Rows": 22295, "Plan Width": 12, "Actual Min Startup Time": 766.421, "Actual Max Startup Time": 766.421, "Actual Min Total Time": 771.039, "Actual Max Total Time": 771.039, "Plans": [{"Node Type": "Streaming(type: LOCAL GATHER dop: 1/16)", "Parent Relationship": "Outer", "Startup Cost": 0.0, "Total Cost": 64429.63, "Plan Rows": 22295, "Plan Width": 12, "Actual Min Startup Time": 0.091, "Actual Max Startup Time": 0.091, "Actual Min Total Time": 743.185, "Actual Max Total Time": 743.185, "Plans": [{"Node Type": "Seq Scan", "Parent Relationship": "Outer", "Relation Name": "cast_info", "Alias": "ci", "Startup Cost": 0.0, "Total Cost": 63948.46, "Plan Rows": 22295, "Plan Width": 12, "Actual Min Startup Time": 0.08, "Actual Max Startup Time": 2.352, "Actual Min Total Time": 711.17, "Actual Max Total Time": 769.248, "Filter": "(((note)::text ~~ '%(voice)%'::text) AND ((note)::text ~~ '%(uncredited)%'::text))", "Rows Removed by Filter": 36212055, "Actual Rows": 32288}], "Actual Rows": 32288}], "Actual Rows": 32289}], "Actual Rows": 25874}], "Actual Rows": 413984}, {"Node Type": "Hash", "Parent Relationship": "Inner", "Startup Cost": 19149.37, "Total Cost": 19149.37, "Plan Rows": 1013492, "Plan Width": 21, "Actual Min Startup Time": 86.95, "Actual Max Startup Time": 111.424, "Actual Min Total Time": 86.95, "Actual Max Total Time": 111.424, "Max Hash Buckets": 65536, "Min Hash Buckets": 65536, "Max Hash Batches": 1, "Min Hash Batches": 1, "Max Original Hash Batches": 1, "Min Original Hash Batches": 1, "Max Peak Memory Usage": 3456, "min Peak Memory Usage": 3456, "Plans": [{"Node Type": "Seq Scan", "Parent Relationship": "Outer", "Relation Name": "title", "Alias": "t", "Startup Cost": 0.0, "Total Cost": 19149.37, "Plan Rows": 1013492, "Plan Width": 21, "Actual Min Startup Time": 0.027, "Actual Max Startup Time": 0.042, "Actual Min Total Time": 61.381, "Actual Max Total Time": 67.772, "Filter": "(production_year > 2005), (LLVM Optimized, Jit Execute)", "Rows Removed by Filter": 1515391, "Actual Rows": 1012920}], "Actual Rows": 1012920}], "Actual Rows": 5288}], "Actual Rows": 84608}], "Actual Rows": 84608}], "Actual Rows": 14489}], "Actual Rows": 14489}, {"Node Type": "Hash", "Parent Relationship": "Inner", "Startup Cost": 5903.45, "Total Cost": 5903.45, "Plan Rows": 251, "Plan Width": 4, "Actual Min Startup Time": 94.21, "Actual Max Startup Time": 94.21, "Actual Min Total Time": 94.21, "Actual Max Total Time": 94.21, "Max Hash Buckets": 32768, "Min Hash Buckets": 32768, "Max Hash Batches": 1, "Min Hash Batches": 1, "Max Original Hash Batches": 1, "Min Original Hash Batches": 1, "Max Peak Memory Usage": 48, "min Peak Memory Usage": 48, "Plans": [{"Node Type": "Seq Scan", "Parent Relationship": "Outer", "Relation Name": "company_name", "Alias": "cn", "Startup Cost": 0.0, "Total Cost": 5903.45, "Plan Rows": 251, "Plan Width": 4, "Actual Min Startup Time": 0.601, "Actual Max Startup Time": 0.601, "Actual Min Total Time": 93.323, "Actual Max Total Time": 93.323, "Filter": "((country_code)::text = '[ru]'::text)", "Rows Removed by Filter": 233635, "Actual Rows": 1361}], "Actual Rows": 1361}], "Actual Rows": 112}], "Actual Rows": 1792}, {"Node Type": "Hash", "Parent Relationship": "Inner", "Startup Cost": 19218.34, "Total Cost": 19218.34, "Plan Rows": 3140338, "Plan Width": 20, "Actual Min Startup Time": 167.517, "Actual Max Startup Time": 191.34, "Actual Min Total Time": 167.517, "Actual Max Total Time": 191.34, "Max Hash Buckets": 262144, "Min Hash Buckets": 262144, "Max Hash Batches": 1, "Min Hash Batches": 1, "Max Original Hash Batches": 1, "Min Original Hash Batches": 1, "Max Peak Memory Usage": 10534, "min Peak Memory Usage": 10534, "Plans": [{"Node Type": "Seq Scan", "Parent Relationship": "Outer", "Relation Name": "char_name", "Alias": "chn", "Startup Cost": 0.0, "Total Cost": 19218.34, "Plan Rows": 3140338, "Plan Width": 20, "Actual Min Startup Time": 0.038, "Actual Max Startup Time": 0.13, "Actual Min Total Time": 66.552, "Actual Max Total Time": 70.125, "Actual Rows": 3140338}], "Actual Rows": 3140338}], "Actual Rows": 104}], "Actual Rows": 104}, {"Node Type": "Materialize", "Parent Relationship": "Inner", "Startup Cost": 0.0, "Total Cost": 1.04, "Plan Rows": 3, "Plan Width": 4, "Actual Min Startup Time": 0.057, "Actual Max Startup Time": 0.057, "Actual Min Total Time": 0.078, "Actual Max Total Time": 0.078, "Plans": [{"Node Type": "Seq Scan", "Parent Relationship": "Outer", "Relation Name": "company_type", "Alias": "ct", "Startup Cost": 0.0, "Total Cost": 1.03, "Plan Rows": 3, "Plan Width": 4, "Actual Min Startup Time": 0.027, "Actual Max Startup Time": 0.027, "Actual Min Total Time": 0.03, "Actual Max Total Time": 0.03, "Actual Rows": 3}], "Actual Rows": 277}], "Actual Rows": 18}], "Actual Rows": 1}, "Triggers": [], "Planner Runtime": 69, "Total Runtime": 1355.955, "Unique SQL Id": 2933943827}}, "(16, 15)": {"explain_plan": {"Plan": {"Node Type": "Aggregate", "Strategy": "Plain", "Startup Cost": 3605831579539.19, "Total Cost": 3605831579539.2, "Plan Rows": 1, "Plan Width": 97, "Plans": [{"Node Type": "Merge Join", "Parent Relationship": "Outer", "Join Type": "Inner", "Startup Cost": 70000000000.0, "Total Cost": 3605831579539.17, "Plan Rows": 4, "Plan Width": 33, "Inner Unique": true, "Merge Cond": "(ci.person_role_id = chn.id)", "Plans": [{"Node Type": "Nested Loop", "Parent Relationship": "Outer", "Join Type": "Inner", "Startup Cost": 60000000000.0, "Total Cost": 6000243362999.82, "Plan Rows": 7, "Plan Width": 21, "Inner Unique": true, "Join Filter": "(mc.movie_id = t.id)", "Plans": [{"Node Type": "Nested Loop", "Parent Relationship": "Outer", "Join Type": "Inner", "Startup Cost": 50000000000.0, "Total Cost": 5000231625125.14, "Plan Rows": 6, "Plan Width": 12, "Inner Unique": true, "Join Filter": "(mc.company_type_id = ct.id)", "Plans": [{"Node Type": "Nested Loop", "Parent Relationship": "Outer", "Join Type": "Inner", "Startup Cost": 40000000000.0, "Total Cost": 4000231623895.37, "Plan Rows": 6, "Plan Width": 16, "Inner Unique": false, "Join Filter": "(ci.movie_id = mc.movie_id)", "Plans": [{"Node Type": "Nested Loop", "Parent Relationship": "Outer", "Join Type": "Inner", "Startup Cost": 20000000000.0, "Total Cost": 2000211317261.91, "Plan Rows": 2027, "Plan Width": 8, "Inner Unique": true, "Join Filter": "(ci.role_id = rt.id)", "Plans": [{"Node Type": "Index Scan", "Parent Relationship": "Outer", "Scan Direction": "Forward", "Index Name": "person_role_id_cast_info", "Relation Name": "cast_info", "Alias": "ci", "Startup Cost": 10000000000.0, "Total Cost": 1000211315681.48, "Plan Rows": 22295, "Plan Width": 12, "Filter": "(((note)::text ~~ '%(voice)%'::text) AND ((note)::text ~~ '%(uncredited)%'::text))"}, {"Node Type": "Materialize", "Parent Relationship": "Inner", "Startup Cost": 10000000000.0, "Total Cost": 1000000001246.0, "Plan Rows": 1, "Plan Width": 4, "Plans": [{"Node Type": "Index Scan", "Parent Relationship": "Outer", "Scan Direction": "Forward", "Index Name": "role_type_pkey", "Relation Name": "role_type", "Alias": "rt", "Startup Cost": 10000000000.0, "Total Cost": 1000000001246.0, "Plan Rows": 1, "Plan Width": 4, "Filter": "((role)::text = 'actor'::text)"}]}]}, {"Node Type": "Materialize", "Parent Relationship": "Inner", "Startup Cost": 20000000000.0, "Total Cost": 2000020191742.41, "Plan Rows": 3779, "Plan Width": 8, "Plans": [{"Node Type": "Nested Loop", "Parent Relationship": "Outer", "Join Type": "Inner", "Startup Cost": 20000000000.0, "Total Cost": 2000020191723.52, "Plan Rows": 3779, "Plan Width": 8, "Inner Unique": true, "Join Filter": "(cn.id = mc.company_id)", "Plans": [{"Node Type": "Index Scan", "Parent Relationship": "Outer", "Scan Direction": "Forward", "Index Name": "company_type_id_movie_companies", "Relation Name": "movie_companies", "Alias": "mc", "Startup Cost": 10000000000.0, "Total Cost": 1000009318217.0, "Plan Rows": 2609128, "Plan Width": 12}, {"Node Type": "Materialize", "Parent Relationship": "Inner", "Startup Cost": 10000000000.0, "Total Cost": 1000001050140.22, "Plan Rows": 251, "Plan Width": 4, "Plans": [{"Node Type": "Index Scan", "Parent Relationship": "Outer", "Scan Direction": "Forward", "Index Name": "company_name_pkey", "Relation Name": "company_name", "Alias": "cn", "Startup Cost": 10000000000.0, "Total Cost": 1000001050138.97, "Plan Rows": 251, "Plan Width": 4, "Filter": "((country_code)::text = '[ru]'::text)"}]}]}]}]}, {"Node Type": "Materialize", "Parent Relationship": "Inner", "Startup Cost": 10000000000.0, "Total Cost": 1000000001229.52, "Plan Rows": 3, "Plan Width": 4, "Plans": [{"Node Type": "Index Scan", "Parent Relationship": "Outer", "Scan Direction": "Forward", "Index Name": "company_type_pkey", "Relation Name": "company_type", "Alias": "ct", "Startup Cost": 10000000000.0, "Total Cost": 1000000001229.5, "Plan Rows": 3, "Plan Width": 4}]}]}, {"Node Type": "Materialize", "Parent Relationship": "Inner", "Startup Cost": 10000000000.0, "Total Cost": 1000011649194.12, "Plan Rows": 1013492, "Plan Width": 21, "Plans": [{"Node Type": "Index Scan", "Parent Relationship": "Outer", "Scan Direction": "Forward", "Index Name": "title_pkey", "Relation Name": "title", "Alias": "t", "Startup Cost": 10000000000.0, "Total Cost": 1000011644126.66, "Plan Rows": 1013492, "Plan Width": 21, "Filter": "(production_year > 2005), (LLVM Optimized)"}]}]}, {"Node Type": "Index Scan", "Parent Relationship": "Inner", "Scan Direction": "Forward", "Index Name": "char_name_pkey", "Relation Name": "char_name", "Alias": "chn", "Startup Cost": 10000000000.0, "Total Cost": 1000012987545.51, "Plan Rows": 3140338, "Plan Width": 20}]}]}, "Unique SQL Id": 2933943827, "Planner Runtime": 47}, "explain_analyze_plan": null}, "(16, 16)": {"explain_plan": {"Plan": {"Node Type": "Aggregate", "Strategy": "Plain", "Startup Cost": 19897.43, "Total Cost": 19897.44, "Plan Rows": 1, "Plan Width": 97, "Plans": [{"Node Type": "Nested Loop", "Parent Relationship": "Outer", "Join Type": "Inner", "Startup Cost": 0.0, "Total Cost": 19897.42, "Plan Rows": 2, "Plan Width": 33, "Inner Unique": true, "Plans": [{"Node Type": "Nested Loop", "Parent Relationship": "Outer", "Join Type": "Inner", "Startup Cost": 0.0, "Total Cost": 19896.86, "Plan Rows": 2, "Plan Width": 37, "Inner Unique": true, "Plans": [{"Node Type": "Nested Loop", "Parent Relationship": "Outer", "Join Type": "Inner", "Startup Cost": 0.0, "Total Cost": 19869.97, "Plan Rows": 5, "Plan Width": 25, "Inner Unique": true, "Plans": [{"Node Type": "Nested Loop", "Parent Relationship": "Outer", "Join Type": "Inner", "Startup Cost": 0.0, "Total Cost": 19867.87, "Plan Rows": 6, "Plan Width": 16, "Inner Unique": false, "Join Filter": "(ci.role_id = rt.id)", "Plans": [{"Node Type": "Seq Scan", "Parent Relationship": "Outer", "Relation Name": "role_type", "Alias": "rt", "Startup Cost": 0.0, "Total Cost": 1.15, "Plan Rows": 1, "Plan Width": 4, "Filter": "((role)::text = 'actor'::text)"}, {"Node Type": "Nested Loop", "Parent Relationship": "Inner", "Join Type": "Inner", "Startup Cost": 0.0, "Total Cost": 19865.87, "Plan Rows": 68, "Plan Width": 20, "Inner Unique": false, "Plans": [{"Node Type": "Nested Loop", "Parent Relationship": "Outer", "Join Type": "Inner", "Startup Cost": 0.0, "Total Cost": 16121.55, "Plan Rows": 3779, "Plan Width": 8, "Inner Unique": false, "Plans": [{"Node Type": "Seq Scan", "Parent Relationship": "Outer", "Relation Name": "company_name", "Alias": "cn", "Startup Cost": 0.0, "Total Cost": 5903.45, "Plan Rows": 251, "Plan Width": 4, "Filter": "((country_code)::text = '[ru]'::text)"}, {"Node Type": "Index Scan", "Parent Relationship": "Inner", "Scan Direction": "Forward", "Index Name": "company_id_movie_companies", "Relation Name": "movie_companies", "Alias": "mc", "Startup Cost": 0.0, "Total Cost": 40.56, "Plan Rows": 15, "Plan Width": 12, "Index Cond": "(company_id = cn.id)"}]}, {"Node Type": "Index Scan", "Parent Relationship": "Inner", "Scan Direction": "Forward", "Index Name": "movie_id_cast_info", "Relation Name": "cast_info", "Alias": "ci", "Startup Cost": 0.0, "Total Cost": 0.98, "Plan Rows": 1, "Plan Width": 12, "Index Cond": "(movie_id = mc.movie_id)", "Filter": "(((note)::text ~~ '%(voice)%'::text) AND ((note)::text ~~ '%(uncredited)%'::text))"}]}]}, {"Node Type": "Index Scan", "Parent Relationship": "Inner", "Scan Direction": "Forward", "Index Name": "title_pkey", "Relation Name": "title", "Alias": "t", "Startup Cost": 0.0, "Total Cost": 0.34, "Plan Rows": 1, "Plan Width": 21, "Index Cond": "(id = mc.movie_id)", "Filter": "(production_year > 2005)"}]}, {"Node Type": "Index Scan", "Parent Relationship": "Inner", "Scan Direction": "Forward", "Index Name": "char_name_pkey", "Relation Name": "char_name", "Alias": "chn", "Startup Cost": 0.0, "Total Cost": 5.37, "Plan Rows": 1, "Plan Width": 20, "Index Cond": "(id = ci.person_role_id)"}]}, {"Node Type": "Index Only Scan", "Parent Relationship": "Inner", "Scan Direction": "Forward", "Index Name": "company_type_pkey", "Relation Name": "company_type", "Alias": "ct", "Startup Cost": 0.0, "Total Cost": 0.27, "Plan Rows": 1, "Plan Width": 4, "Index Cond": "(id = mc.company_type_id)"}]}]}, "Unique SQL Id": 2933943827, "Planner Runtime": 14}, "explain_analyze_plan": {"Plan": {"Node Type": "Aggregate", "Strategy": "Plain", "Startup Cost": 19897.43, "Total Cost": 19897.44, "Plan Rows": 1, "Plan Width": 97, "Actual Startup Time": 752.517, "Actual Total Time": 752.517, "Actual Rows": 1, "Actual Loops": 1, "Plans": [{"Node Type": "Nested Loop", "Parent Relationship": "Outer", "Join Type": "Inner", "Startup Cost": 0.0, "Total Cost": 19897.42, "Plan Rows": 2, "Plan Width": 33, "Actual Startup Time": 42.918, "Actual Total Time": 752.405, "Actual Rows": 18, "Actual Loops": 1, "Inner Unique": true, "Plans": [{"Node Type": "Nested Loop", "Parent Relationship": "Outer", "Join Type": "Inner", "Startup Cost": 0.0, "Total Cost": 19896.86, "Plan Rows": 2, "Plan Width": 37, "Actual Startup Time": 9.466, "Actual Total Time": 752.096, "Actual Rows": 104, "Actual Loops": 1, "Inner Unique": true, "Plans": [{"Node Type": "Nested Loop", "Parent Relationship": "Outer", "Join Type": "Inner", "Startup Cost": 0.0, "Total Cost": 19869.97, "Plan Rows": 5, "Plan Width": 25, "Actual Startup Time": 9.456, "Actual Total Time": 751.256, "Actual Rows": 112, "Actual Loops": 1, "Inner Unique": true, "Plans": [{"Node Type": "Nested Loop", "Parent Relationship": "Outer", "Join Type": "Inner", "Startup Cost": 0.0, "Total Cost": 19867.87, "Plan Rows": 6, "Plan Width": 16, "Actual Startup Time": 0.862, "Actual Total Time": 749.228, "Actual Rows": 275, "Actual Loops": 1, "Inner Unique": false, "Join Filter": "(ci.role_id = rt.id)", "Rows Removed by Join Filter": 102, "Plans": [{"Node Type": "Seq Scan", "Parent Relationship": "Outer", "Relation Name": "role_type", "Alias": "rt", "Startup Cost": 0.0, "Total Cost": 1.15, "Plan Rows": 1, "Plan Width": 4, "Actual Startup Time": 0.024, "Actual Total Time": 0.03, "Actual Rows": 1, "Actual Loops": 1, "Filter": "((role)::text = 'actor'::text)", "Rows Removed by Filter": 11}, {"Node Type": "Nested Loop", "Parent Relationship": "Inner", "Join Type": "Inner", "Startup Cost": 0.0, "Total Cost": 19865.87, "Plan Rows": 68, "Plan Width": 20, "Actual Startup Time": 0.831, "Actual Total Time": 748.935, "Actual Rows": 377, "Actual Loops": 1, "Inner Unique": false, "Plans": [{"Node Type": "Nested Loop", "Parent Relationship": "Outer", "Join Type": "Inner", "Startup Cost": 0.0, "Total Cost": 16121.55, "Plan Rows": 3779, "Plan Width": 8, "Actual Startup Time": 0.059, "Actual Total Time": 101.306, "Actual Rows": 8790, "Actual Loops": 1, "Inner Unique": false, "Plans": [{"Node Type": "Seq Scan", "Parent Relationship": "Outer", "Relation Name": "company_name", "Alias": "cn", "Startup Cost": 0.0, "Total Cost": 5903.45, "Plan Rows": 251, "Plan Width": 4, "Actual Startup Time": 0.039, "Actual Total Time": 80.246, "Actual Rows": 1361, "Actual Loops": 1, "Filter": "((country_code)::text = '[ru]'::text)", "Rows Removed by Filter": 233635}, {"Node Type": "Index Scan", "Parent Relationship": "Inner", "Scan Direction": "Forward", "Index Name": "company_id_movie_companies", "Relation Name": "movie_companies", "Alias": "mc", "Startup Cost": 0.0, "Total Cost": 40.56, "Plan Rows": 15, "Plan Width": 12, "Actual Startup Time": 7.856, "Actual Total Time": 17.976, "Actual Rows": 8790, "Actual Loops": 1361, "Index Cond": "(company_id = cn.id)", "Rows Removed by Index Recheck": 0}]}, {"Node Type": "Index Scan", "Parent Relationship": "Inner", "Scan Direction": "Forward", "Index Name": "movie_id_cast_info", "Relation Name": "cast_info", "Alias": "ci", "Startup Cost": 0.0, "Total Cost": 0.98, "Plan Rows": 1, "Plan Width": 12, "Actual Startup Time": 604.989, "Actual Total Time": 642.377, "Actual Rows": 377, "Actual Loops": 8790, "Index Cond": "(movie_id = mc.movie_id)", "Rows Removed by Index Recheck": 0, "Filter": "(((note)::text ~~ '%(voice)%'::text) AND ((note)::text ~~ '%(uncredited)%'::text))", "Rows Removed by Filter": 408168}]}]}, {"Node Type": "Index Scan", "Parent Relationship": "Inner", "Scan Direction": "Forward", "Index Name": "title_pkey", "Relation Name": "title", "Alias": "t", "Startup Cost": 0.0, "Total Cost": 0.34, "Plan Rows": 1, "Plan Width": 21, "Actual Startup Time": 1.632, "Actual Total Time": 1.632, "Actual Rows": 112, "Actual Loops": 275, "Index Cond": "(id = mc.movie_id)", "Rows Removed by Index Recheck": 0, "Filter": "(production_year > 2005)", "Rows Removed by Filter": 163}]}, {"Node Type": "Index Scan", "Parent Relationship": "Inner", "Scan Direction": "Forward", "Index Name": "char_name_pkey", "Relation Name": "char_name", "Alias": "chn", "Startup Cost": 0.0, "Total Cost": 5.37, "Plan Rows": 1, "Plan Width": 20, "Actual Startup Time": 0.628, "Actual Total Time": 0.628, "Actual Rows": 104, "Actual Loops": 112, "Index Cond": "(id = ci.person_role_id)", "Rows Removed by Index Recheck": 0}]}, {"Node Type": "Index Only Scan", "Parent Relationship": "Inner", "Scan Direction": "Forward", "Index Name": "company_type_pkey", "Relation Name": "company_type", "Alias": "ct", "Startup Cost": 0.0, "Total Cost": 0.27, "Plan Rows": 1, "Plan Width": 4, "Actual Startup Time": 0.179, "Actual Total Time": 0.179, "Actual Rows": 18, "Actual Loops": 104, "Index Cond": "(id = mc.company_type_id)", "Rows Removed by Index Recheck": 0, "Heap Fetches": 0}]}]}, "Triggers": [], "Planner Runtime": 6, "Total Runtime": 752.901, "Unique SQL Id": 2933943827}}, "(16, 17)": {"explain_plan": {"Plan": {"Node Type": "Aggregate", "Strategy": "Plain", "Startup Cost": 22688.03, "Total Cost": 22688.04, "Plan Rows": 1, "Plan Width": 97, "Plans": [{"Node Type": "Nested Loop", "Parent Relationship": "Outer", "Join Type": "Inner", "Startup Cost": 2779.29, "Total Cost": 22688.02, "Plan Rows": 2, "Plan Width": 33, "Inner Unique": true, "Plans": [{"Node Type": "Nested Loop", "Parent Relationship": "Outer", "Join Type": "Inner", "Startup Cost": 2779.29, "Total Cost": 22687.46, "Plan Rows": 2, "Plan Width": 37, "Inner Unique": true, "Plans": [{"Node Type": "Nested Loop", "Parent Relationship": "Outer", "Join Type": "Inner", "Startup Cost": 2779.29, "Total Cost": 22660.57, "Plan Rows": 5, "Plan Width": 25, "Inner Unique": true, "Plans": [{"Node Type": "Nested Loop", "Parent Relationship": "Outer", "Join Type": "Inner", "Startup Cost": 2779.29, "Total Cost": 22658.47, "Plan Rows": 6, "Plan Width": 16, "Inner Unique": false, "Join Filter": "(ci.role_id = rt.id)", "Plans": [{"Node Type": "Index Scan", "Parent Relationship": "Outer", "Scan Direction": "Forward", "Index Name": "role_type_pkey", "Relation Name": "role_type", "Alias": "rt", "Startup Cost": 0.0, "Total Cost": 12.46, "Plan Rows": 1, "Plan Width": 4, "Filter": "((role)::text = 'actor'::text)"}, {"Node Type": "Nested Loop", "Parent Relationship": "Inner", "Join Type": "Inner", "Startup Cost": 2779.29, "Total Cost": 22645.16, "Plan Rows": 68, "Plan Width": 20, "Inner Unique": false, "Plans": [{"Node Type": "Nested Loop", "Parent Relationship": "Outer", "Join Type": "Inner", "Startup Cost": 2779.29, "Total Cost": 18900.84, "Plan Rows": 3779, "Plan Width": 8, "Inner Unique": false, "Plans": [{"Node Type": "Bitmap Heap Scan", "Parent Relationship": "Outer", "Relation Name": "company_name", "Alias": "cn", "Startup Cost": 2779.29, "Total Cost": 8682.74, "Plan Rows": 251, "Plan Width": 4, "Filter": "((country_code)::text = '[ru]'::text)", "Plans": [{"Node Type": "Bitmap Index Scan", "Parent Relationship": "Outer", "Index Name": "company_name_pkey", "Startup Cost": 0.0, "Total Cost": 2779.23, "Plan Rows": 234996, "Plan Width": 0}]}, {"Node Type": "Index Scan", "Parent Relationship": "Inner", "Scan Direction": "Forward", "Index Name": "company_id_movie_companies", "Relation Name": "movie_companies", "Alias": "mc", "Startup Cost": 0.0, "Total Cost": 40.56, "Plan Rows": 15, "Plan Width": 12, "Index Cond": "(company_id = cn.id)"}]}, {"Node Type": "Index Scan", "Parent Relationship": "Inner", "Scan Direction": "Forward", "Index Name": "movie_id_cast_info", "Relation Name": "cast_info", "Alias": "ci", "Startup Cost": 0.0, "Total Cost": 0.98, "Plan Rows": 1, "Plan Width": 12, "Index Cond": "(movie_id = mc.movie_id)", "Filter": "(((note)::text ~~ '%(voice)%'::text) AND ((note)::text ~~ '%(uncredited)%'::text))"}]}]}, {"Node Type": "Index Scan", "Parent Relationship": "Inner", "Scan Direction": "Forward", "Index Name": "title_pkey", "Relation Name": "title", "Alias": "t", "Startup Cost": 0.0, "Total Cost": 0.34, "Plan Rows": 1, "Plan Width": 21, "Index Cond": "(id = mc.movie_id)", "Filter": "(production_year > 2005)"}]}, {"Node Type": "Index Scan", "Parent Relationship": "Inner", "Scan Direction": "Forward", "Index Name": "char_name_pkey", "Relation Name": "char_name", "Alias": "chn", "Startup Cost": 0.0, "Total Cost": 5.37, "Plan Rows": 1, "Plan Width": 20, "Index Cond": "(id = ci.person_role_id)"}]}, {"Node Type": "Index Only Scan", "Parent Relationship": "Inner", "Scan Direction": "Forward", "Index Name": "company_type_pkey", "Relation Name": "company_type", "Alias": "ct", "Startup Cost": 0.0, "Total Cost": 0.27, "Plan Rows": 1, "Plan Width": 4, "Index Cond": "(id = mc.company_type_id)"}]}]}, "Unique SQL Id": 2933943827, "Planner Runtime": 12}, "explain_analyze_plan": {"Plan": {"Node Type": "Aggregate", "Strategy": "Plain", "Startup Cost": 22688.03, "Total Cost": 22688.04, "Plan Rows": 1, "Plan Width": 97, "Actual Startup Time": 871.503, "Actual Total Time": 871.503, "Actual Rows": 1, "Actual Loops": 1, "Plans": [{"Node Type": "Nested Loop", "Parent Relationship": "Outer", "Join Type": "Inner", "Startup Cost": 2779.29, "Total Cost": 22688.02, "Plan Rows": 2, "Plan Width": 33, "Actual Startup Time": 64.858, "Actual Total Time": 871.392, "Actual Rows": 18, "Actual Loops": 1, "Inner Unique": true, "Plans": [{"Node Type": "Nested Loop", "Parent Relationship": "Outer", "Join Type": "Inner", "Startup Cost": 2779.29, "Total Cost": 22687.46, "Plan Rows": 2, "Plan Width": 37, "Actual Startup Time": 31.414, "Actual Total Time": 871.087, "Actual Rows": 104, "Actual Loops": 1, "Inner Unique": true, "Plans": [{"Node Type": "Nested Loop", "Parent Relationship": "Outer", "Join Type": "Inner", "Startup Cost": 2779.29, "Total Cost": 22660.57, "Plan Rows": 5, "Plan Width": 25, "Actual Startup Time": 31.404, "Actual Total Time": 870.155, "Actual Rows": 112, "Actual Loops": 1, "Inner Unique": true, "Plans": [{"Node Type": "Nested Loop", "Parent Relationship": "Outer", "Join Type": "Inner", "Startup Cost": 2779.29, "Total Cost": 22658.47, "Plan Rows": 6, "Plan Width": 16, "Actual Startup Time": 23.528, "Actual Total Time": 867.961, "Actual Rows": 275, "Actual Loops": 1, "Inner Unique": false, "Join Filter": "(ci.role_id = rt.id)", "Rows Removed by Join Filter": 102, "Plans": [{"Node Type": "Index Scan", "Parent Relationship": "Outer", "Scan Direction": "Forward", "Index Name": "role_type_pkey", "Relation Name": "role_type", "Alias": "rt", "Startup Cost": 0.0, "Total Cost": 12.46, "Plan Rows": 1, "Plan Width": 4, "Actual Startup Time": 0.023, "Actual Total Time": 0.036, "Actual Rows": 1, "Actual Loops": 1, "Filter": "((role)::text = 'actor'::text)", "Rows Removed by Filter": 11}, {"Node Type": "Nested Loop", "Parent Relationship": "Inner", "Join Type": "Inner", "Startup Cost": 2779.29, "Total Cost": 22645.16, "Plan Rows": 68, "Plan Width": 20, "Actual Startup Time": 23.495, "Actual Total Time": 867.649, "Actual Rows": 377, "Actual Loops": 1, "Inner Unique": false, "Plans": [{"Node Type": "Nested Loop", "Parent Relationship": "Outer", "Join Type": "Inner", "Startup Cost": 2779.29, "Total Cost": 18900.84, "Plan Rows": 3779, "Plan Width": 8, "Actual Startup Time": 22.744, "Actual Total Time": 167.463, "Actual Rows": 8790, "Actual Loops": 1, "Inner Unique": false, "Plans": [{"Node Type": "Bitmap Heap Scan", "Parent Relationship": "Outer", "Relation Name": "company_name", "Alias": "cn", "Startup Cost": 2779.29, "Total Cost": 8682.74, "Plan Rows": 251, "Plan Width": 4, "Actual Startup Time": 22.72, "Actual Total Time": 143.356, "Actual Rows": 1361, "Actual Loops": 1, "Filter": "((country_code)::text = '[ru]'::text)", "Rows Removed by Filter": 233635, "Exact Heap Blocks": 2966, "Lossy Heap Blocks": 2966, "Plans": [{"Node Type": "Bitmap Index Scan", "Parent Relationship": "Outer", "Index Name": "company_name_pkey", "Startup Cost": 0.0, "Total Cost": 2779.23, "Plan Rows": 234996, "Plan Width": 0, "Actual Startup Time": 22.25, "Actual Total Time": 22.25, "Actual Rows": 234996, "Actual Loops": 1}]}, {"Node Type": "Index Scan", "Parent Relationship": "Inner", "Scan Direction": "Forward", "Index Name": "company_id_movie_companies", "Relation Name": "movie_companies", "Alias": "mc", "Startup Cost": 0.0, "Total Cost": 40.56, "Plan Rows": 15, "Plan Width": 12, "Actual Startup Time": 9.704, "Actual Total Time": 20.815, "Actual Rows": 8790, "Actual Loops": 1361, "Index Cond": "(company_id = cn.id)", "Rows Removed by Index Recheck": 0}]}, {"Node Type": "Index Scan", "Parent Relationship": "Inner", "Scan Direction": "Forward", "Index Name": "movie_id_cast_info", "Relation Name": "cast_info", "Alias": "ci", "Startup Cost": 0.0, "Total Cost": 0.98, "Plan Rows": 1, "Plan Width": 12, "Actual Startup Time": 655.441, "Actual Total Time": 694.733, "Actual Rows": 377, "Actual Loops": 8790, "Index Cond": "(movie_id = mc.movie_id)", "Rows Removed by Index Recheck": 0, "Filter": "(((note)::text ~~ '%(voice)%'::text) AND ((note)::text ~~ '%(uncredited)%'::text))", "Rows Removed by Filter": 408168}]}]}, {"Node Type": "Index Scan", "Parent Relationship": "Inner", "Scan Direction": "Forward", "Index Name": "title_pkey", "Relation Name": "title", "Alias": "t", "Startup Cost": 0.0, "Total Cost": 0.34, "Plan Rows": 1, "Plan Width": 21, "Actual Startup Time": 1.773, "Actual Total Time": 1.773, "Actual Rows": 112, "Actual Loops": 275, "Index Cond": "(id = mc.movie_id)", "Rows Removed by Index Recheck": 0, "Filter": "(production_year > 2005)", "Rows Removed by Filter": 163}]}, {"Node Type": "Index Scan", "Parent Relationship": "Inner", "Scan Direction": "Forward", "Index Name": "char_name_pkey", "Relation Name": "char_name", "Alias": "chn", "Startup Cost": 0.0, "Total Cost": 5.37, "Plan Rows": 1, "Plan Width": 20, "Actual Startup Time": 0.688, "Actual Total Time": 0.688, "Actual Rows": 104, "Actual Loops": 112, "Index Cond": "(id = ci.person_role_id)", "Rows Removed by Index Recheck": 0}]}, {"Node Type": "Index Only Scan", "Parent Relationship": "Inner", "Scan Direction": "Forward", "Index Name": "company_type_pkey", "Relation Name": "company_type", "Alias": "ct", "Startup Cost": 0.0, "Total Cost": 0.27, "Plan Rows": 1, "Plan Width": 4, "Actual Startup Time": 0.168, "Actual Total Time": 0.168, "Actual Rows": 18, "Actual Loops": 104, "Index Cond": "(id = mc.company_type_id)", "Rows Removed by Index Recheck": 0, "Heap Fetches": 0}]}]}, "Triggers": [], "Planner Runtime": 7, "Total Runtime": 871.919, "Unique SQL Id": 2933943827}}, "(16, 18)": {"explain_plan": {"Plan": {"Node Type": "Aggregate", "Strategy": "Plain", "Startup Cost": 38342.48, "Total Cost": 38342.49, "Plan Rows": 1, "Plan Width": 97, "Plans": [{"Node Type": "Nested Loop", "Parent Relationship": "Outer", "Join Type": "Inner", "Startup Cost": 7.4, "Total Cost": 38342.47, "Plan Rows": 2, "Plan Width": 33, "Inner Unique": false, "Join Filter": "(mc.company_type_id = ct.id)", "Plans": [{"Node Type": "Seq Scan", "Parent Relationship": "Outer", "Relation Name": "company_type", "Alias": "ct", "Startup Cost": 0.0, "Total Cost": 1.03, "Plan Rows": 3, "Plan Width": 4}, {"Node Type": "Materialize", "Parent Relationship": "Inner", "Startup Cost": 7.4, "Total Cost": 38341.35, "Plan Rows": 2, "Plan Width": 37, "Plans": [{"Node Type": "Nested Loop", "Parent Relationship": "Outer", "Join Type": "Inner", "Startup Cost": 7.4, "Total Cost": 38341.34, "Plan Rows": 2, "Plan Width": 37, "Inner Unique": true, "Plans": [{"Node Type": "Nested Loop", "Parent Relationship": "Outer", "Join Type": "Inner", "Startup Cost": 7.13, "Total Cost": 38328.45, "Plan Rows": 3, "Plan Width": 28, "Inner Unique": true, "Plans": [{"Node Type": "Nested Loop", "Parent Relationship": "Outer", "Join Type": "Inner", "Startup Cost": 4.83, "Total Cost": 38290.52, "Plan Rows": 6, "Plan Width": 16, "Inner Unique": false, "Join Filter": "(ci.role_id = rt.id)", "Plans": [{"Node Type": "Seq Scan", "Parent Relationship": "Outer", "Relation Name": "role_type", "Alias": "rt", "Startup Cost": 0.0, "Total Cost": 1.15, "Plan Rows": 1, "Plan Width": 4, "Filter": "((role)::text = 'actor'::text)"}, {"Node Type": "Nested Loop", "Parent Relationship": "Inner", "Join Type": "Inner", "Startup Cost": 4.83, "Total Cost": 38288.52, "Plan Rows": 68, "Plan Width": 20, "Inner Unique": false, "Plans": [{"Node Type": "Nested Loop", "Parent Relationship": "Outer", "Join Type": "Inner", "Startup Cost": 4.32, "Total Cost": 20813.55, "Plan Rows": 3779, "Plan Width": 8, "Inner Unique": false, "Plans": [{"Node Type": "Seq Scan", "Parent Relationship": "Outer", "Relation Name": "company_name", "Alias": "cn", "Startup Cost": 0.0, "Total Cost": 5903.45, "Plan Rows": 251, "Plan Width": 4, "Filter": "((country_code)::text = '[ru]'::text)"}, {"Node Type": "Bitmap Heap Scan", "Parent Relationship": "Inner", "Relation Name": "movie_companies", "Alias": "mc", "Startup Cost": 4.32, "Total Cost": 59.25, "Plan Rows": 15, "Plan Width": 12, "Recheck Cond": "(company_id = cn.id)", "Plans": [{"Node Type": "Bitmap Index Scan", "Parent Relationship": "Outer", "Index Name": "company_id_movie_companies", "Startup Cost": 0.0, "Total Cost": 4.31, "Plan Rows": 15, "Plan Width": 0, "Index Cond": "(company_id = cn.id)"}]}]}, {"Node Type": "Bitmap Heap Scan", "Parent Relationship": "Inner", "Relation Name": "cast_info", "Alias": "ci", "Startup Cost": 0.51, "Total Cost": 4.61, "Plan Rows": 1, "Plan Width": 12, "Recheck Cond": "(movie_id = mc.movie_id)", "Filter": "(((note)::text ~~ '%(voice)%'::text) AND ((note)::text ~~ '%(uncredited)%'::text))", "Plans": [{"Node Type": "Bitmap Index Scan", "Parent Relationship": "Outer", "Index Name": "movie_id_cast_info", "Startup Cost": 0.0, "Total Cost": 0.51, "Plan Rows": 6, "Plan Width": 0, "Index Cond": "(movie_id = mc.movie_id)"}]}]}]}, {"Node Type": "Bitmap Heap Scan", "Parent Relationship": "Inner", "Relation Name": "char_name", "Alias": "chn", "Startup Cost": 2.3, "Total Cost": 6.31, "Plan Rows": 1, "Plan Width": 20, "Recheck Cond": "(id = ci.person_role_id)", "Plans": [{"Node Type": "Bitmap Index Scan", "Parent Relationship": "Outer", "Index Name": "char_name_pkey", "Startup Cost": 0.0, "Total Cost": 2.3, "Plan Rows": 1, "Plan Width": 0, "Index Cond": "(id = ci.person_role_id)"}]}]}, {"Node Type": "Bitmap Heap Scan", "Parent Relationship": "Inner", "Relation Name": "title", "Alias": "t", "Startup Cost": 0.27, "Total Cost": 4.29, "Plan Rows": 1, "Plan Width": 21, "Recheck Cond": "(id = mc.movie_id)", "Filter": "(production_year > 2005)", "Plans": [{"Node Type": "Bitmap Index Scan", "Parent Relationship": "Outer", "Index Name": "title_pkey", "Startup Cost": 0.0, "Total Cost": 0.27, "Plan Rows": 1, "Plan Width": 0, "Index Cond": "(id = mc.movie_id)"}]}]}]}]}]}, "Unique SQL Id": 2933943827, "Planner Runtime": 27}, "explain_analyze_plan": {"Plan": {"Node Type": "Aggregate", "Strategy": "Plain", "Startup Cost": 38342.48, "Total Cost": 38342.49, "Plan Rows": 1, "Plan Width": 97, "Actual Startup Time": 1267.969, "Actual Total Time": 1267.969, "Actual Rows": 1, "Actual Loops": 1, "Plans": [{"Node Type": "Nested Loop", "Parent Relationship": "Outer", "Join Type": "Inner", "Startup Cost": 7.4, "Total Cost": 38342.47, "Plan Rows": 2, "Plan Width": 33, "Actual Startup Time": 75.505, "Actual Total Time": 1267.898, "Actual Rows": 18, "Actual Loops": 1, "Inner Unique": false, "Join Filter": "(mc.company_type_id = ct.id)", "Rows Removed by Join Filter": 294, "Plans": [{"Node Type": "Seq Scan", "Parent Relationship": "Outer", "Relation Name": "company_type", "Alias": "ct", "Startup Cost": 0.0, "Total Cost": 1.03, "Plan Rows": 3, "Plan Width": 4, "Actual Startup Time": 0.013, "Actual Total Time": 0.016, "Actual Rows": 3, "Actual Loops": 1}, {"Node Type": "Materialize", "Parent Relationship": "Inner", "Startup Cost": 7.4, "Total Cost": 38341.35, "Plan Rows": 2, "Plan Width": 37, "Actual Startup Time": 15.278, "Actual Total Time": 1267.723, "Actual Rows": 312, "Actual Loops": 3, "Plans": [{"Node Type": "Nested Loop", "Parent Relationship": "Outer", "Join Type": "Inner", "Startup Cost": 7.4, "Total Cost": 38341.34, "Plan Rows": 2, "Plan Width": 37, "Actual Startup Time": 15.271, "Actual Total Time": 1267.569, "Actual Rows": 104, "Actual Loops": 1, "Inner Unique": true, "Plans": [{"Node Type": "Nested Loop", "Parent Relationship": "Outer", "Join Type": "Inner", "Startup Cost": 7.13, "Total Cost": 38328.45, "Plan Rows": 3, "Plan Width": 28, "Actual Startup Time": 1.113, "Actual Total Time": 1264.658, "Actual Rows": 265, "Actual Loops": 1, "Inner Unique": true, "Plans": [{"Node Type": "Nested Loop", "Parent Relationship": "Outer", "Join Type": "Inner", "Startup Cost": 4.83, "Total Cost": 38290.52, "Plan Rows": 6, "Plan Width": 16, "Actual Startup Time": 1.098, "Actual Total Time": 1261.302, "Actual Rows": 275, "Actual Loops": 1, "Inner Unique": false, "Join Filter": "(ci.role_id = rt.id)", "Rows Removed by Join Filter": 102, "Plans": [{"Node Type": "Seq Scan", "Parent Relationship": "Outer", "Relation Name": "role_type", "Alias": "rt", "Startup Cost": 0.0, "Total Cost": 1.15, "Plan Rows": 1, "Plan Width": 4, "Actual Startup Time": 0.018, "Actual Total Time": 0.025, "Actual Rows": 1, "Actual Loops": 1, "Filter": "((role)::text = 'actor'::text)", "Rows Removed by Filter": 11}, {"Node Type": "Nested Loop", "Parent Relationship": "Inner", "Join Type": "Inner", "Startup Cost": 4.83, "Total Cost": 38288.52, "Plan Rows": 68, "Plan Width": 20, "Actual Startup Time": 1.073, "Actual Total Time": 1261.057, "Actual Rows": 377, "Actual Loops": 1, "Inner Unique": false, "Plans": [{"Node Type": "Nested Loop", "Parent Relationship": "Outer", "Join Type": "Inner", "Startup Cost": 4.32, "Total Cost": 20813.55, "Plan Rows": 3779, "Plan Width": 8, "Actual Startup Time": 0.09, "Actual Total Time": 122.723, "Actual Rows": 8790, "Actual Loops": 1, "Inner Unique": false, "Plans": [{"Node Type": "Seq Scan", "Parent Relationship": "Outer", "Relation Name": "company_name", "Alias": "cn", "Startup Cost": 0.0, "Total Cost": 5903.45, "Plan Rows": 251, "Plan Width": 4, "Actual Startup Time": 0.045, "Actual Total Time": 85.602, "Actual Rows": 1361, "Actual Loops": 1, "Filter": "((country_code)::text = '[ru]'::text)", "Rows Removed by Filter": 233635}, {"Node Type": "Bitmap Heap Scan", "Parent Relationship": "Inner", "Relation Name": "movie_companies", "Alias": "mc", "Startup Cost": 4.32, "Total Cost": 59.25, "Plan Rows": 15, "Plan Width": 12, "Actual Startup Time": 15.128, "Actual Total Time": 32.564, "Actual Rows": 8790, "Actual Loops": 1361, "Recheck Cond": "(company_id = cn.id)", "Rows Removed by Index Recheck": 0, "Exact Heap Blocks": 7155, "Lossy Heap Blocks": 7155, "Plans": [{"Node Type": "Bitmap Index Scan", "Parent Relationship": "Outer", "Index Name": "company_id_movie_companies", "Startup Cost": 0.0, "Total Cost": 4.31, "Plan Rows": 15, "Plan Width": 0, "Actual Startup Time": 9.696, "Actual Total Time": 9.696, "Actual Rows": 8790, "Actual Loops": 1361, "Index Cond": "(company_id = cn.id)"}]}]}, {"Node Type": "Bitmap Heap Scan", "Parent Relationship": "Inner", "Relation Name": "cast_info", "Alias": "ci", "Startup Cost": 0.51, "Total Cost": 4.61, "Plan Rows": 1, "Plan Width": 12, "Actual Startup Time": 1062.4, "Actual Total Time": 1123.634, "Actual Rows": 377, "Actual Loops": 8790, "Recheck Cond": "(movie_id = mc.movie_id)", "Rows Removed by Index Recheck": 0, "Filter": "(((note)::text ~~ '%(voice)%'::text) AND ((note)::text ~~ '%(uncredited)%'::text))", "Rows Removed by Filter": 408168, "Exact Heap Blocks": 397651, "Lossy Heap Blocks": 397651, "Plans": [{"Node Type": "Bitmap Index Scan", "Parent Relationship": "Outer", "Index Name": "movie_id_cast_info", "Startup Cost": 0.0, "Total Cost": 0.51, "Plan Rows": 6, "Plan Width": 0, "Actual Startup Time": 138.568, "Actual Total Time": 138.568, "Actual Rows": 408545, "Actual Loops": 8790, "Index Cond": "(movie_id = mc.movie_id)"}]}]}]}, {"Node Type": "Bitmap Heap Scan", "Parent Relationship": "Inner", "Relation Name": "char_name", "Alias": "chn", "Startup Cost": 2.3, "Total Cost": 6.31, "Plan Rows": 1, "Plan Width": 20, "Actual Startup Time": 2.698, "Actual Total Time": 2.698, "Actual Rows": 265, "Actual Loops": 275, "Recheck Cond": "(id = ci.person_role_id)", "Rows Removed by Index Recheck": 0, "Exact Heap Blocks": 265, "Lossy Heap Blocks": 265, "Plans": [{"Node Type": "Bitmap Index Scan", "Parent Relationship": "Outer", "Index Name": "char_name_pkey", "Startup Cost": 0.0, "Total Cost": 2.3, "Plan Rows": 1, "Plan Width": 0, "Actual Startup Time": 1.832, "Actual Total Time": 1.832, "Actual Rows": 265, "Actual Loops": 275, "Index Cond": "(id = ci.person_role_id)"}]}]}, {"Node Type": "Bitmap Heap Scan", "Parent Relationship": "Inner", "Relation Name": "title", "Alias": "t", "Startup Cost": 0.27, "Total Cost": 4.29, "Plan Rows": 1, "Plan Width": 21, "Actual Startup Time": 2.399, "Actual Total Time": 2.399, "Actual Rows": 104, "Actual Loops": 265, "Recheck Cond": "(id = mc.movie_id)", "Rows Removed by Index Recheck": 0, "Filter": "(production_year > 2005)", "Rows Removed by Filter": 161, "Exact Heap Blocks": 265, "Lossy Heap Blocks": 265, "Plans": [{"Node Type": "Bitmap Index Scan", "Parent Relationship": "Outer", "Index Name": "title_pkey", "Startup Cost": 0.0, "Total Cost": 0.27, "Plan Rows": 1, "Plan Width": 0, "Actual Startup Time": 1.54, "Actual Total Time": 1.54, "Actual Rows": 265, "Actual Loops": 265, "Index Cond": "(id = mc.movie_id)"}]}]}]}]}]}, "Triggers": [], "Planner Runtime": 18, "Total Runtime": 1268.406, "Unique SQL Id": 2933943827}}, "(16, 19)": {"explain_plan": {"Plan": {"Node Type": "Aggregate", "Strategy": "Plain", "Startup Cost": 41418.46, "Total Cost": 41418.47, "Plan Rows": 1, "Plan Width": 97, "Plans": [{"Node Type": "Nested Loop", "Parent Relationship": "Outer", "Join Type": "Inner", "Startup Cost": 2787.21, "Total Cost": 41418.45, "Plan Rows": 2, "Plan Width": 33, "Inner Unique": true, "Plans": [{"Node Type": "Nested Loop", "Parent Relationship": "Outer", "Join Type": "Inner", "Startup Cost": 2786.95, "Total Cost": 41409.89, "Plan Rows": 2, "Plan Width": 37, "Inner Unique": true, "Plans": [{"Node Type": "Nested Loop", "Parent Relationship": "Outer", "Join Type": "Inner", "Startup Cost": 2786.68, "Total Cost": 41397.0, "Plan Rows": 3, "Plan Width": 28, "Inner Unique": true, "Plans": [{"Node Type": "Nested Loop", "Parent Relationship": "Outer", "Join Type": "Inner", "Startup Cost": 2784.38, "Total Cost": 41359.07, "Plan Rows": 6, "Plan Width": 16, "Inner Unique": true, "Plans": [{"Node Type": "Nested Loop", "Parent Relationship": "Outer", "Join Type": "Inner", "Startup Cost": 2784.12, "Total Cost": 41067.82, "Plan Rows": 68, "Plan Width": 20, "Inner Unique": false, "Plans": [{"Node Type": "Nested Loop", "Parent Relationship": "Outer", "Join Type": "Inner", "Startup Cost": 2783.61, "Total Cost": 23592.84, "Plan Rows": 3779, "Plan Width": 8, "Inner Unique": false, "Plans": [{"Node Type": "Bitmap Heap Scan", "Parent Relationship": "Outer", "Relation Name": "company_name", "Alias": "cn", "Startup Cost": 2779.29, "Total Cost": 8682.74, "Plan Rows": 251, "Plan Width": 4, "Filter": "((country_code)::text = '[ru]'::text)", "Plans": [{"Node Type": "Bitmap Index Scan", "Parent Relationship": "Outer", "Index Name": "company_name_pkey", "Startup Cost": 0.0, "Total Cost": 2779.23, "Plan Rows": 234996, "Plan Width": 0}]}, {"Node Type": "Bitmap Heap Scan", "Parent Relationship": "Inner", "Relation Name": "movie_companies", "Alias": "mc", "Startup Cost": 4.32, "Total Cost": 59.25, "Plan Rows": 15, "Plan Width": 12, "Recheck Cond": "(company_id = cn.id)", "Plans": [{"Node Type": "Bitmap Index Scan", "Parent Relationship": "Outer", "Index Name": "company_id_movie_companies", "Startup Cost": 0.0, "Total Cost": 4.31, "Plan Rows": 15, "Plan Width": 0, "Index Cond": "(company_id = cn.id)"}]}]}, {"Node Type": "Bitmap Heap Scan", "Parent Relationship": "Inner", "Relation Name": "cast_info", "Alias": "ci", "Startup Cost": 0.51, "Total Cost": 4.61, "Plan Rows": 1, "Plan Width": 12, "Recheck Cond": "(movie_id = mc.movie_id)", "Filter": "(((note)::text ~~ '%(voice)%'::text) AND ((note)::text ~~ '%(uncredited)%'::text))", "Plans": [{"Node Type": "Bitmap Index Scan", "Parent Relationship": "Outer", "Index Name": "movie_id_cast_info", "Startup Cost": 0.0, "Total Cost": 0.51, "Plan Rows": 6, "Plan Width": 0, "Index Cond": "(movie_id = mc.movie_id)"}]}]}, {"Node Type": "Bitmap Heap Scan", "Parent Relationship": "Inner", "Relation Name": "role_type", "Alias": "rt", "Startup Cost": 0.26, "Total Cost": 4.27, "Plan Rows": 1, "Plan Width": 4, "Recheck Cond": "(id = ci.role_id)", "Filter": "((role)::text = 'actor'::text)", "Plans": [{"Node Type": "Bitmap Index Scan", "Parent Relationship": "Outer", "Index Name": "role_type_pkey", "Startup Cost": 0.0, "Total Cost": 0.26, "Plan Rows": 1, "Plan Width": 0, "Index Cond": "(id = ci.role_id)"}]}]}, {"Node Type": "Bitmap Heap Scan", "Parent Relationship": "Inner", "Relation Name": "char_name", "Alias": "chn", "Startup Cost": 2.3, "Total Cost": 6.31, "Plan Rows": 1, "Plan Width": 20, "Recheck Cond": "(id = ci.person_role_id)", "Plans": [{"Node Type": "Bitmap Index Scan", "Parent Relationship": "Outer", "Index Name": "char_name_pkey", "Startup Cost": 0.0, "Total Cost": 2.3, "Plan Rows": 1, "Plan Width": 0, "Index Cond": "(id = ci.person_role_id)"}]}]}, {"Node Type": "Bitmap Heap Scan", "Parent Relationship": "Inner", "Relation Name": "title", "Alias": "t", "Startup Cost": 0.27, "Total Cost": 4.29, "Plan Rows": 1, "Plan Width": 21, "Recheck Cond": "(id = mc.movie_id)", "Filter": "(production_year > 2005)", "Plans": [{"Node Type": "Bitmap Index Scan", "Parent Relationship": "Outer", "Index Name": "title_pkey", "Startup Cost": 0.0, "Total Cost": 0.27, "Plan Rows": 1, "Plan Width": 0, "Index Cond": "(id = mc.movie_id)"}]}]}, {"Node Type": "Bitmap Heap Scan", "Parent Relationship": "Inner", "Relation Name": "company_type", "Alias": "ct", "Startup Cost": 0.26, "Total Cost": 4.27, "Plan Rows": 1, "Plan Width": 4, "Recheck Cond": "(id = mc.company_type_id)", "Plans": [{"Node Type": "Bitmap Index Scan", "Parent Relationship": "Outer", "Index Name": "company_type_pkey", "Startup Cost": 0.0, "Total Cost": 0.26, "Plan Rows": 1, "Plan Width": 0, "Index Cond": "(id = mc.company_type_id)"}]}]}]}, "Unique SQL Id": 2933943827, "Planner Runtime": 14}, "explain_analyze_plan": {"Plan": {"Node Type": "Aggregate", "Strategy": "Plain", "Startup Cost": 41418.46, "Total Cost": 41418.47, "Plan Rows": 1, "Plan Width": 97, "Actual Startup Time": 1197.675, "Actual Total Time": 1197.675, "Actual Rows": 1, "Actual Loops": 1, "Plans": [{"Node Type": "Nested Loop", "Parent Relationship": "Outer", "Join Type": "Inner", "Startup Cost": 2787.21, "Total Cost": 41418.45, "Plan Rows": 2, "Plan Width": 33, "Actual Startup Time": 99.205, "Actual Total Time": 1197.571, "Actual Rows": 18, "Actual Loops": 1, "Inner Unique": true, "Plans": [{"Node Type": "Nested Loop", "Parent Relationship": "Outer", "Join Type": "Inner", "Startup Cost": 2786.95, "Total Cost": 41409.89, "Plan Rows": 2, "Plan Width": 37, "Actual Startup Time": 42.334, "Actual Total Time": 1197.028, "Actual Rows": 104, "Actual Loops": 1, "Inner Unique": true, "Plans": [{"Node Type": "Nested Loop", "Parent Relationship": "Outer", "Join Type": "Inner", "Startup Cost": 2786.68, "Total Cost": 41397.0, "Plan Rows": 3, "Plan Width": 28, "Actual Startup Time": 27.449, "Actual Total Time": 1194.263, "Actual Rows": 265, "Actual Loops": 1, "Inner Unique": true, "Plans": [{"Node Type": "Nested Loop", "Parent Relationship": "Outer", "Join Type": "Inner", "Startup Cost": 2784.38, "Total Cost": 41359.07, "Plan Rows": 6, "Plan Width": 16, "Actual Startup Time": 27.428, "Actual Total Time": 1191.216, "Actual Rows": 275, "Actual Loops": 1, "Inner Unique": true, "Plans": [{"Node Type": "Nested Loop", "Parent Relationship": "Outer", "Join Type": "Inner", "Startup Cost": 2784.12, "Total Cost": 41067.82, "Plan Rows": 68, "Plan Width": 20, "Actual Startup Time": 27.408, "Actual Total Time": 1188.638, "Actual Rows": 377, "Actual Loops": 1, "Inner Unique": false, "Plans": [{"Node Type": "Nested Loop", "Parent Relationship": "Outer", "Join Type": "Inner", "Startup Cost": 2783.61, "Total Cost": 23592.84, "Plan Rows": 3779, "Plan Width": 8, "Actual Startup Time": 26.16, "Actual Total Time": 182.006, "Actual Rows": 8790, "Actual Loops": 1, "Inner Unique": false, "Plans": [{"Node Type": "Bitmap Heap Scan", "Parent Relationship": "Outer", "Relation Name": "company_name", "Alias": "cn", "Startup Cost": 2779.29, "Total Cost": 8682.74, "Plan Rows": 251, "Plan Width": 4, "Actual Startup Time": 26.111, "Actual Total Time": 148.164, "Actual Rows": 1361, "Actual Loops": 1, "Filter": "((country_code)::text = '[ru]'::text)", "Rows Removed by Filter": 233635, "Exact Heap Blocks": 2966, "Lossy Heap Blocks": 2966, "Plans": [{"Node Type": "Bitmap Index Scan", "Parent Relationship": "Outer", "Index Name": "company_name_pkey", "Startup Cost": 0.0, "Total Cost": 2779.23, "Plan Rows": 234996, "Plan Width": 0, "Actual Startup Time": 25.617, "Actual Total Time": 25.617, "Actual Rows": 234996, "Actual Loops": 1}]}, {"Node Type": "Bitmap Heap Scan", "Parent Relationship": "Inner", "Relation Name": "movie_companies", "Alias": "mc", "Startup Cost": 4.32, "Total Cost": 59.25, "Plan Rows": 15, "Plan Width": 12, "Actual Startup Time": 14.449, "Actual Total Time": 29.008, "Actual Rows": 8790, "Actual Loops": 1361, "Recheck Cond": "(company_id = cn.id)", "Rows Removed by Index Recheck": 0, "Exact Heap Blocks": 7155, "Lossy Heap Blocks": 7155, "Plans": [{"Node Type": "Bitmap Index Scan", "Parent Relationship": "Outer", "Index Name": "company_id_movie_companies", "Startup Cost": 0.0, "Total Cost": 4.31, "Plan Rows": 15, "Plan Width": 0, "Actual Startup Time": 9.127, "Actual Total Time": 9.127, "Actual Rows": 8790, "Actual Loops": 1361, "Index Cond": "(company_id = cn.id)"}]}]}, {"Node Type": "Bitmap Heap Scan", "Parent Relationship": "Inner", "Relation Name": "cast_info", "Alias": "ci", "Startup Cost": 0.51, "Total Cost": 4.61, "Plan Rows": 1, "Plan Width": 12, "Actual Startup Time": 938.519, "Actual Total Time": 990.4, "Actual Rows": 377, "Actual Loops": 8790, "Recheck Cond": "(movie_id = mc.movie_id)", "Rows Removed by Index Recheck": 0, "Filter": "(((note)::text ~~ '%(voice)%'::text) AND ((note)::text ~~ '%(uncredited)%'::text))", "Rows Removed by Filter": 408168, "Exact Heap Blocks": 397651, "Lossy Heap Blocks": 397651, "Plans": [{"Node Type": "Bitmap Index Scan", "Parent Relationship": "Outer", "Index Name": "movie_id_cast_info", "Startup Cost": 0.0, "Total Cost": 0.51, "Plan Rows": 6, "Plan Width": 0, "Actual Startup Time": 127.518, "Actual Total Time": 127.518, "Actual Rows": 408545, "Actual Loops": 8790, "Index Cond": "(movie_id = mc.movie_id)"}]}]}, {"Node Type": "Bitmap Heap Scan", "Parent Relationship": "Inner", "Relation Name": "role_type", "Alias": "rt", "Startup Cost": 0.26, "Total Cost": 4.27, "Plan Rows": 1, "Plan Width": 4, "Actual Startup Time": 1.696, "Actual Total Time": 1.696, "Actual Rows": 275, "Actual Loops": 377, "Recheck Cond": "(id = ci.role_id)", "Rows Removed by Index Recheck": 0, "Filter": "((role)::text = 'actor'::text)", "Rows Removed by Filter": 102, "Exact Heap Blocks": 377, "Lossy Heap Blocks": 377, "Plans": [{"Node Type": "Bitmap Index Scan", "Parent Relationship": "Outer", "Index Name": "role_type_pkey", "Startup Cost": 0.0, "Total Cost": 0.26, "Plan Rows": 1, "Plan Width": 0, "Actual Startup Time": 0.653, "Actual Total Time": 0.653, "Actual Rows": 377, "Actual Loops": 377, "Index Cond": "(id = ci.role_id)"}]}]}, {"Node Type": "Bitmap Heap Scan", "Parent Relationship": "Inner", "Relation Name": "char_name", "Alias": "chn", "Startup Cost": 2.3, "Total Cost": 6.31, "Plan Rows": 1, "Plan Width": 20, "Actual Startup Time": 2.327, "Actual Total Time": 2.327, "Actual Rows": 265, "Actual Loops": 275, "Recheck Cond": "(id = ci.person_role_id)", "Rows Removed by Index Recheck": 0, "Exact Heap Blocks": 265, "Lossy Heap Blocks": 265, "Plans": [{"Node Type": "Bitmap Index Scan", "Parent Relationship": "Outer", "Index Name": "char_name_pkey", "Startup Cost": 0.0, "Total Cost": 2.3, "Plan Rows": 1, "Plan Width": 0, "Actual Startup Time": 1.574, "Actual Total Time": 1.574, "Actual Rows": 265, "Actual Loops": 275, "Index Cond": "(id = ci.person_role_id)"}]}]}, {"Node Type": "Bitmap Heap Scan", "Parent Relationship": "Inner", "Relation Name": "title", "Alias": "t", "Startup Cost": 0.27, "Total Cost": 4.29, "Plan Rows": 1, "Plan Width": 21, "Actual Startup Time": 2.169, "Actual Total Time": 2.169, "Actual Rows": 104, "Actual Loops": 265, "Recheck Cond": "(id = mc.movie_id)", "Rows Removed by Index Recheck": 0, "Filter": "(production_year > 2005)", "Rows Removed by Filter": 161, "Exact Heap Blocks": 265, "Lossy Heap Blocks": 265, "Plans": [{"Node Type": "Bitmap Index Scan", "Parent Relationship": "Outer", "Index Name": "title_pkey", "Startup Cost": 0.0, "Total Cost": 0.27, "Plan Rows": 1, "Plan Width": 0, "Actual Startup Time": 1.333, "Actual Total Time": 1.333, "Actual Rows": 265, "Actual Loops": 265, "Index Cond": "(id = mc.movie_id)"}]}]}, {"Node Type": "Bitmap Heap Scan", "Parent Relationship": "Inner", "Relation Name": "company_type", "Alias": "ct", "Startup Cost": 0.26, "Total Cost": 4.27, "Plan Rows": 1, "Plan Width": 4, "Actual Startup Time": 0.281, "Actual Total Time": 0.281, "Actual Rows": 18, "Actual Loops": 104, "Recheck Cond": "(id = mc.company_type_id)", "Rows Removed by Index Recheck": 0, "Exact Heap Blocks": 18, "Lossy Heap Blocks": 18, "Plans": [{"Node Type": "Bitmap Index Scan", "Parent Relationship": "Outer", "Index Name": "company_type_pkey", "Startup Cost": 0.0, "Total Cost": 0.26, "Plan Rows": 1, "Plan Width": 0, "Actual Startup Time": 0.155, "Actual Total Time": 0.155, "Actual Rows": 18, "Actual Loops": 104, "Index Cond": "(id = mc.company_type_id)"}]}]}]}, "Triggers": [], "Planner Runtime": 6, "Total Runtime": 1198.112, "Unique SQL Id": 2933943827}}, "(16, 20)": {"explain_plan": {"Plan": {"Node Type": "Aggregate", "Strategy": "Plain", "Startup Cost": 19897.43, "Total Cost": 19897.44, "Plan Rows": 1, "Plan Width": 97, "Plans": [{"Node Type": "Nested Loop", "Parent Relationship": "Outer", "Join Type": "Inner", "Startup Cost": 0.0, "Total Cost": 19897.42, "Plan Rows": 2, "Plan Width": 33, "Inner Unique": true, "Plans": [{"Node Type": "Nested Loop", "Parent Relationship": "Outer", "Join Type": "Inner", "Startup Cost": 0.0, "Total Cost": 19896.86, "Plan Rows": 2, "Plan Width": 37, "Inner Unique": true, "Plans": [{"Node Type": "Nested Loop", "Parent Relationship": "Outer", "Join Type": "Inner", "Startup Cost": 0.0, "Total Cost": 19869.97, "Plan Rows": 5, "Plan Width": 25, "Inner Unique": true, "Plans": [{"Node Type": "Nested Loop", "Parent Relationship": "Outer", "Join Type": "Inner", "Startup Cost": 0.0, "Total Cost": 19867.87, "Plan Rows": 6, "Plan Width": 16, "Inner Unique": false, "Join Filter": "(ci.role_id = rt.id)", "Plans": [{"Node Type": "Seq Scan", "Parent Relationship": "Outer", "Relation Name": "role_type", "Alias": "rt", "Startup Cost": 0.0, "Total Cost": 1.15, "Plan Rows": 1, "Plan Width": 4, "Filter": "((role)::text = 'actor'::text)"}, {"Node Type": "Nested Loop", "Parent Relationship": "Inner", "Join Type": "Inner", "Startup Cost": 0.0, "Total Cost": 19865.87, "Plan Rows": 68, "Plan Width": 20, "Inner Unique": false, "Plans": [{"Node Type": "Nested Loop", "Parent Relationship": "Outer", "Join Type": "Inner", "Startup Cost": 0.0, "Total Cost": 16121.55, "Plan Rows": 3779, "Plan Width": 8, "Inner Unique": false, "Plans": [{"Node Type": "Seq Scan", "Parent Relationship": "Outer", "Relation Name": "company_name", "Alias": "cn", "Startup Cost": 0.0, "Total Cost": 5903.45, "Plan Rows": 251, "Plan Width": 4, "Filter": "((country_code)::text = '[ru]'::text)"}, {"Node Type": "Index Scan", "Parent Relationship": "Inner", "Scan Direction": "Forward", "Index Name": "company_id_movie_companies", "Relation Name": "movie_companies", "Alias": "mc", "Startup Cost": 0.0, "Total Cost": 40.56, "Plan Rows": 15, "Plan Width": 12, "Index Cond": "(company_id = cn.id)"}]}, {"Node Type": "Index Scan", "Parent Relationship": "Inner", "Scan Direction": "Forward", "Index Name": "movie_id_cast_info", "Relation Name": "cast_info", "Alias": "ci", "Startup Cost": 0.0, "Total Cost": 0.98, "Plan Rows": 1, "Plan Width": 12, "Index Cond": "(movie_id = mc.movie_id)", "Filter": "(((note)::text ~~ '%(voice)%'::text) AND ((note)::text ~~ '%(uncredited)%'::text))"}]}]}, {"Node Type": "Index Scan", "Parent Relationship": "Inner", "Scan Direction": "Forward", "Index Name": "title_pkey", "Relation Name": "title", "Alias": "t", "Startup Cost": 0.0, "Total Cost": 0.34, "Plan Rows": 1, "Plan Width": 21, "Index Cond": "(id = mc.movie_id)", "Filter": "(production_year > 2005)"}]}, {"Node Type": "Index Scan", "Parent Relationship": "Inner", "Scan Direction": "Forward", "Index Name": "char_name_pkey", "Relation Name": "char_name", "Alias": "chn", "Startup Cost": 0.0, "Total Cost": 5.37, "Plan Rows": 1, "Plan Width": 20, "Index Cond": "(id = ci.person_role_id)"}]}, {"Node Type": "Index Scan", "Parent Relationship": "Inner", "Scan Direction": "Forward", "Index Name": "company_type_pkey", "Relation Name": "company_type", "Alias": "ct", "Startup Cost": 0.0, "Total Cost": 0.27, "Plan Rows": 1, "Plan Width": 4, "Index Cond": "(id = mc.company_type_id)"}]}]}, "Unique SQL Id": 2933943827, "Planner Runtime": 13}, "explain_analyze_plan": {"Plan": {"Node Type": "Aggregate", "Strategy": "Plain", "Startup Cost": 19897.43, "Total Cost": 19897.44, "Plan Rows": 1, "Plan Width": 97, "Actual Startup Time": 1044.453, "Actual Total Time": 1044.453, "Actual Rows": 1, "Actual Loops": 1, "Plans": [{"Node Type": "Nested Loop", "Parent Relationship": "Outer", "Join Type": "Inner", "Startup Cost": 0.0, "Total Cost": 19897.42, "Plan Rows": 2, "Plan Width": 33, "Actual Startup Time": 61.95, "Actual Total Time": 1044.352, "Actual Rows": 18, "Actual Loops": 1, "Inner Unique": true, "Plans": [{"Node Type": "Nested Loop", "Parent Relationship": "Outer", "Join Type": "Inner", "Startup Cost": 0.0, "Total Cost": 19896.86, "Plan Rows": 2, "Plan Width": 37, "Actual Startup Time": 12.333, "Actual Total Time": 1044.034, "Actual Rows": 104, "Actual Loops": 1, "Inner Unique": true, "Plans": [{"Node Type": "Nested Loop", "Parent Relationship": "Outer", "Join Type": "Inner", "Startup Cost": 0.0, "Total Cost": 19869.97, "Plan Rows": 5, "Plan Width": 25, "Actual Startup Time": 12.321, "Actual Total Time": 1042.856, "Actual Rows": 112, "Actual Loops": 1, "Inner Unique": true, "Plans": [{"Node Type": "Nested Loop", "Parent Relationship": "Outer", "Join Type": "Inner", "Startup Cost": 0.0, "Total Cost": 19867.87, "Plan Rows": 6, "Plan Width": 16, "Actual Startup Time": 0.86, "Actual Total Time": 1040.304, "Actual Rows": 275, "Actual Loops": 1, "Inner Unique": false, "Join Filter": "(ci.role_id = rt.id)", "Rows Removed by Join Filter": 102, "Plans": [{"Node Type": "Seq Scan", "Parent Relationship": "Outer", "Relation Name": "role_type", "Alias": "rt", "Startup Cost": 0.0, "Total Cost": 1.15, "Plan Rows": 1, "Plan Width": 4, "Actual Startup Time": 0.016, "Actual Total Time": 0.025, "Actual Rows": 1, "Actual Loops": 1, "Filter": "((role)::text = 'actor'::text)", "Rows Removed by Filter": 11}, {"Node Type": "Nested Loop", "Parent Relationship": "Inner", "Join Type": "Inner", "Startup Cost": 0.0, "Total Cost": 19865.87, "Plan Rows": 68, "Plan Width": 20, "Actual Startup Time": 0.837, "Actual Total Time": 1040.014, "Actual Rows": 377, "Actual Loops": 1, "Inner Unique": false, "Plans": [{"Node Type": "Nested Loop", "Parent Relationship": "Outer", "Join Type": "Inner", "Startup Cost": 0.0, "Total Cost": 16121.55, "Plan Rows": 3779, "Plan Width": 8, "Actual Startup Time": 0.057, "Actual Total Time": 114.57, "Actual Rows": 8790, "Actual Loops": 1, "Inner Unique": false, "Plans": [{"Node Type": "Seq Scan", "Parent Relationship": "Outer", "Relation Name": "company_name", "Alias": "cn", "Startup Cost": 0.0, "Total Cost": 5903.45, "Plan Rows": 251, "Plan Width": 4, "Actual Startup Time": 0.036, "Actual Total Time": 85.328, "Actual Rows": 1361, "Actual Loops": 1, "Filter": "((country_code)::text = '[ru]'::text)", "Rows Removed by Filter": 233635}, {"Node Type": "Index Scan", "Parent Relationship": "Inner", "Scan Direction": "Forward", "Index Name": "company_id_movie_companies", "Relation Name": "movie_companies", "Alias": "mc", "Startup Cost": 0.0, "Total Cost": 40.56, "Plan Rows": 15, "Plan Width": 12, "Actual Startup Time": 10.803, "Actual Total Time": 26.091, "Actual Rows": 8790, "Actual Loops": 1361, "Index Cond": "(company_id = cn.id)", "Rows Removed by Index Recheck": 0}]}, {"Node Type": "Index Scan", "Parent Relationship": "Inner", "Scan Direction": "Forward", "Index Name": "movie_id_cast_info", "Relation Name": "cast_info", "Alias": "ci", "Startup Cost": 0.0, "Total Cost": 0.98, "Plan Rows": 1, "Plan Width": 12, "Actual Startup Time": 865.63, "Actual Total Time": 920.19, "Actual Rows": 377, "Actual Loops": 8790, "Index Cond": "(movie_id = mc.movie_id)", "Rows Removed by Index Recheck": 0, "Filter": "(((note)::text ~~ '%(voice)%'::text) AND ((note)::text ~~ '%(uncredited)%'::text))", "Rows Removed by Filter": 408168}]}]}, {"Node Type": "Index Scan", "Parent Relationship": "Inner", "Scan Direction": "Forward", "Index Name": "title_pkey", "Relation Name": "title", "Alias": "t", "Startup Cost": 0.0, "Total Cost": 0.34, "Plan Rows": 1, "Plan Width": 21, "Actual Startup Time": 2.175, "Actual Total Time": 2.175, "Actual Rows": 112, "Actual Loops": 275, "Index Cond": "(id = mc.movie_id)", "Rows Removed by Index Recheck": 0, "Filter": "(production_year > 2005)", "Rows Removed by Filter": 163}]}, {"Node Type": "Index Scan", "Parent Relationship": "Inner", "Scan Direction": "Forward", "Index Name": "char_name_pkey", "Relation Name": "char_name", "Alias": "chn", "Startup Cost": 0.0, "Total Cost": 5.37, "Plan Rows": 1, "Plan Width": 20, "Actual Startup Time": 0.95, "Actual Total Time": 0.95, "Actual Rows": 104, "Actual Loops": 112, "Index Cond": "(id = ci.person_role_id)", "Rows Removed by Index Recheck": 0}]}, {"Node Type": "Index Scan", "Parent Relationship": "Inner", "Scan Direction": "Forward", "Index Name": "company_type_pkey", "Relation Name": "company_type", "Alias": "ct", "Startup Cost": 0.0, "Total Cost": 0.27, "Plan Rows": 1, "Plan Width": 4, "Actual Startup Time": 0.173, "Actual Total Time": 0.173, "Actual Rows": 18, "Actual Loops": 104, "Index Cond": "(id = mc.company_type_id)", "Rows Removed by Index Recheck": 0}]}]}, "Triggers": [], "Planner Runtime": 6, "Total Runtime": 1044.846, "Unique SQL Id": 2933943827}}, "(16, 21)": {"explain_plan": {"Plan": {"Node Type": "Aggregate", "Strategy": "Plain", "Startup Cost": 22688.03, "Total Cost": 22688.04, "Plan Rows": 1, "Plan Width": 97, "Plans": [{"Node Type": "Nested Loop", "Parent Relationship": "Outer", "Join Type": "Inner", "Startup Cost": 2779.29, "Total Cost": 22688.02, "Plan Rows": 2, "Plan Width": 33, "Inner Unique": true, "Plans": [{"Node Type": "Nested Loop", "Parent Relationship": "Outer", "Join Type": "Inner", "Startup Cost": 2779.29, "Total Cost": 22687.46, "Plan Rows": 2, "Plan Width": 37, "Inner Unique": true, "Plans": [{"Node Type": "Nested Loop", "Parent Relationship": "Outer", "Join Type": "Inner", "Startup Cost": 2779.29, "Total Cost": 22660.57, "Plan Rows": 5, "Plan Width": 25, "Inner Unique": true, "Plans": [{"Node Type": "Nested Loop", "Parent Relationship": "Outer", "Join Type": "Inner", "Startup Cost": 2779.29, "Total Cost": 22658.47, "Plan Rows": 6, "Plan Width": 16, "Inner Unique": false, "Join Filter": "(ci.role_id = rt.id)", "Plans": [{"Node Type": "Index Scan", "Parent Relationship": "Outer", "Scan Direction": "Forward", "Index Name": "role_type_pkey", "Relation Name": "role_type", "Alias": "rt", "Startup Cost": 0.0, "Total Cost": 12.46, "Plan Rows": 1, "Plan Width": 4, "Filter": "((role)::text = 'actor'::text)"}, {"Node Type": "Nested Loop", "Parent Relationship": "Inner", "Join Type": "Inner", "Startup Cost": 2779.29, "Total Cost": 22645.16, "Plan Rows": 68, "Plan Width": 20, "Inner Unique": false, "Plans": [{"Node Type": "Nested Loop", "Parent Relationship": "Outer", "Join Type": "Inner", "Startup Cost": 2779.29, "Total Cost": 18900.84, "Plan Rows": 3779, "Plan Width": 8, "Inner Unique": false, "Plans": [{"Node Type": "Bitmap Heap Scan", "Parent Relationship": "Outer", "Relation Name": "company_name", "Alias": "cn", "Startup Cost": 2779.29, "Total Cost": 8682.74, "Plan Rows": 251, "Plan Width": 4, "Filter": "((country_code)::text = '[ru]'::text)", "Plans": [{"Node Type": "Bitmap Index Scan", "Parent Relationship": "Outer", "Index Name": "company_name_pkey", "Startup Cost": 0.0, "Total Cost": 2779.23, "Plan Rows": 234996, "Plan Width": 0}]}, {"Node Type": "Index Scan", "Parent Relationship": "Inner", "Scan Direction": "Forward", "Index Name": "company_id_movie_companies", "Relation Name": "movie_companies", "Alias": "mc", "Startup Cost": 0.0, "Total Cost": 40.56, "Plan Rows": 15, "Plan Width": 12, "Index Cond": "(company_id = cn.id)"}]}, {"Node Type": "Index Scan", "Parent Relationship": "Inner", "Scan Direction": "Forward", "Index Name": "movie_id_cast_info", "Relation Name": "cast_info", "Alias": "ci", "Startup Cost": 0.0, "Total Cost": 0.98, "Plan Rows": 1, "Plan Width": 12, "Index Cond": "(movie_id = mc.movie_id)", "Filter": "(((note)::text ~~ '%(voice)%'::text) AND ((note)::text ~~ '%(uncredited)%'::text))"}]}]}, {"Node Type": "Index Scan", "Parent Relationship": "Inner", "Scan Direction": "Forward", "Index Name": "title_pkey", "Relation Name": "title", "Alias": "t", "Startup Cost": 0.0, "Total Cost": 0.34, "Plan Rows": 1, "Plan Width": 21, "Index Cond": "(id = mc.movie_id)", "Filter": "(production_year > 2005)"}]}, {"Node Type": "Index Scan", "Parent Relationship": "Inner", "Scan Direction": "Forward", "Index Name": "char_name_pkey", "Relation Name": "char_name", "Alias": "chn", "Startup Cost": 0.0, "Total Cost": 5.37, "Plan Rows": 1, "Plan Width": 20, "Index Cond": "(id = ci.person_role_id)"}]}, {"Node Type": "Index Scan", "Parent Relationship": "Inner", "Scan Direction": "Forward", "Index Name": "company_type_pkey", "Relation Name": "company_type", "Alias": "ct", "Startup Cost": 0.0, "Total Cost": 0.27, "Plan Rows": 1, "Plan Width": 4, "Index Cond": "(id = mc.company_type_id)"}]}]}, "Unique SQL Id": 2933943827, "Planner Runtime": 11}, "explain_analyze_plan": {"Plan": {"Node Type": "Aggregate", "Strategy": "Plain", "Startup Cost": 22688.03, "Total Cost": 22688.04, "Plan Rows": 1, "Plan Width": 97, "Actual Startup Time": 1023.647, "Actual Total Time": 1023.647, "Actual Rows": 1, "Actual Loops": 1, "Plans": [{"Node Type": "Nested Loop", "Parent Relationship": "Outer", "Join Type": "Inner", "Startup Cost": 2779.29, "Total Cost": 22688.02, "Plan Rows": 2, "Plan Width": 33, "Actual Startup Time": 89.034, "Actual Total Time": 1023.564, "Actual Rows": 18, "Actual Loops": 1, "Inner Unique": true, "Plans": [{"Node Type": "Nested Loop", "Parent Relationship": "Outer", "Join Type": "Inner", "Startup Cost": 2779.29, "Total Cost": 22687.46, "Plan Rows": 2, "Plan Width": 37, "Actual Startup Time": 38.612, "Actual Total Time": 1023.266, "Actual Rows": 104, "Actual Loops": 1, "Inner Unique": true, "Plans": [{"Node Type": "Nested Loop", "Parent Relationship": "Outer", "Join Type": "Inner", "Startup Cost": 2779.29, "Total Cost": 22660.57, "Plan Rows": 5, "Plan Width": 25, "Actual Startup Time": 38.596, "Actual Total Time": 1022.136, "Actual Rows": 112, "Actual Loops": 1, "Inner Unique": true, "Plans": [{"Node Type": "Nested Loop", "Parent Relationship": "Outer", "Join Type": "Inner", "Startup Cost": 2779.29, "Total Cost": 22658.47, "Plan Rows": 6, "Plan Width": 16, "Actual Startup Time": 26.784, "Actual Total Time": 1019.652, "Actual Rows": 275, "Actual Loops": 1, "Inner Unique": false, "Join Filter": "(ci.role_id = rt.id)", "Rows Removed by Join Filter": 102, "Plans": [{"Node Type": "Index Scan", "Parent Relationship": "Outer", "Scan Direction": "Forward", "Index Name": "role_type_pkey", "Relation Name": "role_type", "Alias": "rt", "Startup Cost": 0.0, "Total Cost": 12.46, "Plan Rows": 1, "Plan Width": 4, "Actual Startup Time": 0.017, "Actual Total Time": 0.027, "Actual Rows": 1, "Actual Loops": 1, "Filter": "((role)::text = 'actor'::text)", "Rows Removed by Filter": 11}, {"Node Type": "Nested Loop", "Parent Relationship": "Inner", "Join Type": "Inner", "Startup Cost": 2779.29, "Total Cost": 22645.16, "Plan Rows": 68, "Plan Width": 20, "Actual Startup Time": 26.759, "Actual Total Time": 1019.379, "Actual Rows": 377, "Actual Loops": 1, "Inner Unique": false, "Plans": [{"Node Type": "Nested Loop", "Parent Relationship": "Outer", "Join Type": "Inner", "Startup Cost": 2779.29, "Total Cost": 18900.84, "Plan Rows": 3779, "Plan Width": 8, "Actual Startup Time": 25.822, "Actual Total Time": 159.973, "Actual Rows": 8790, "Actual Loops": 1, "Inner Unique": false, "Plans": [{"Node Type": "Bitmap Heap Scan", "Parent Relationship": "Outer", "Relation Name": "company_name", "Alias": "cn", "Startup Cost": 2779.29, "Total Cost": 8682.74, "Plan Rows": 251, "Plan Width": 4, "Actual Startup Time": 25.802, "Actual Total Time": 133.775, "Actual Rows": 1361, "Actual Loops": 1, "Filter": "((country_code)::text = '[ru]'::text)", "Rows Removed by Filter": 233635, "Exact Heap Blocks": 2966, "Lossy Heap Blocks": 2966, "Plans": [{"Node Type": "Bitmap Index Scan", "Parent Relationship": "Outer", "Index Name": "company_name_pkey", "Startup Cost": 0.0, "Total Cost": 2779.23, "Plan Rows": 234996, "Plan Width": 0, "Actual Startup Time": 25.339, "Actual Total Time": 25.339, "Actual Rows": 234996, "Actual Loops": 1}]}, {"Node Type": "Index Scan", "Parent Relationship": "Inner", "Scan Direction": "Forward", "Index Name": "company_id_movie_companies", "Relation Name": "movie_companies", "Alias": "mc", "Startup Cost": 0.0, "Total Cost": 40.56, "Plan Rows": 15, "Plan Width": 12, "Actual Startup Time": 9.295, "Actual Total Time": 23.043, "Actual Rows": 8790, "Actual Loops": 1361, "Index Cond": "(company_id = cn.id)", "Rows Removed by Index Recheck": 0}]}, {"Node Type": "Index Scan", "Parent Relationship": "Inner", "Scan Direction": "Forward", "Index Name": "movie_id_cast_info", "Relation Name": "cast_info", "Alias": "ci", "Startup Cost": 0.0, "Total Cost": 0.98, "Plan Rows": 1, "Plan Width": 12, "Actual Startup Time": 802.211, "Actual Total Time": 854.23, "Actual Rows": 377, "Actual Loops": 8790, "Index Cond": "(movie_id = mc.movie_id)", "Rows Removed by Index Recheck": 0, "Filter": "(((note)::text ~~ '%(voice)%'::text) AND ((note)::text ~~ '%(uncredited)%'::text))", "Rows Removed by Filter": 408168}]}]}, {"Node Type": "Index Scan", "Parent Relationship": "Inner", "Scan Direction": "Forward", "Index Name": "title_pkey", "Relation Name": "title", "Alias": "t", "Startup Cost": 0.0, "Total Cost": 0.34, "Plan Rows": 1, "Plan Width": 21, "Actual Startup Time": 2.094, "Actual Total Time": 2.094, "Actual Rows": 112, "Actual Loops": 275, "Index Cond": "(id = mc.movie_id)", "Rows Removed by Index Recheck": 0, "Filter": "(production_year > 2005)", "Rows Removed by Filter": 163}]}, {"Node Type": "Index Scan", "Parent Relationship": "Inner", "Scan Direction": "Forward", "Index Name": "char_name_pkey", "Relation Name": "char_name", "Alias": "chn", "Startup Cost": 0.0, "Total Cost": 5.37, "Plan Rows": 1, "Plan Width": 20, "Actual Startup Time": 0.89, "Actual Total Time": 0.89, "Actual Rows": 104, "Actual Loops": 112, "Index Cond": "(id = ci.person_role_id)", "Rows Removed by Index Recheck": 0}]}, {"Node Type": "Index Scan", "Parent Relationship": "Inner", "Scan Direction": "Forward", "Index Name": "company_type_pkey", "Relation Name": "company_type", "Alias": "ct", "Startup Cost": 0.0, "Total Cost": 0.27, "Plan Rows": 1, "Plan Width": 4, "Actual Startup Time": 0.159, "Actual Total Time": 0.159, "Actual Rows": 18, "Actual Loops": 104, "Index Cond": "(id = mc.company_type_id)", "Rows Removed by Index Recheck": 0}]}]}, "Triggers": [], "Planner Runtime": 7, "Total Runtime": 1024.054, "Unique SQL Id": 2933943827}}, "(16, 22)": {"explain_plan": {"Plan": {"Node Type": "Aggregate", "Strategy": "Plain", "Startup Cost": 38342.48, "Total Cost": 38342.49, "Plan Rows": 1, "Plan Width": 97, "Plans": [{"Node Type": "Nested Loop", "Parent Relationship": "Outer", "Join Type": "Inner", "Startup Cost": 7.4, "Total Cost": 38342.47, "Plan Rows": 2, "Plan Width": 33, "Inner Unique": false, "Join Filter": "(mc.company_type_id = ct.id)", "Plans": [{"Node Type": "Seq Scan", "Parent Relationship": "Outer", "Relation Name": "company_type", "Alias": "ct", "Startup Cost": 0.0, "Total Cost": 1.03, "Plan Rows": 3, "Plan Width": 4}, {"Node Type": "Materialize", "Parent Relationship": "Inner", "Startup Cost": 7.4, "Total Cost": 38341.35, "Plan Rows": 2, "Plan Width": 37, "Plans": [{"Node Type": "Nested Loop", "Parent Relationship": "Outer", "Join Type": "Inner", "Startup Cost": 7.4, "Total Cost": 38341.34, "Plan Rows": 2, "Plan Width": 37, "Inner Unique": true, "Plans": [{"Node Type": "Nested Loop", "Parent Relationship": "Outer", "Join Type": "Inner", "Startup Cost": 7.13, "Total Cost": 38328.45, "Plan Rows": 3, "Plan Width": 28, "Inner Unique": true, "Plans": [{"Node Type": "Nested Loop", "Parent Relationship": "Outer", "Join Type": "Inner", "Startup Cost": 4.83, "Total Cost": 38290.52, "Plan Rows": 6, "Plan Width": 16, "Inner Unique": false, "Join Filter": "(ci.role_id = rt.id)", "Plans": [{"Node Type": "Seq Scan", "Parent Relationship": "Outer", "Relation Name": "role_type", "Alias": "rt", "Startup Cost": 0.0, "Total Cost": 1.15, "Plan Rows": 1, "Plan Width": 4, "Filter": "((role)::text = 'actor'::text)"}, {"Node Type": "Nested Loop", "Parent Relationship": "Inner", "Join Type": "Inner", "Startup Cost": 4.83, "Total Cost": 38288.52, "Plan Rows": 68, "Plan Width": 20, "Inner Unique": false, "Plans": [{"Node Type": "Nested Loop", "Parent Relationship": "Outer", "Join Type": "Inner", "Startup Cost": 4.32, "Total Cost": 20813.55, "Plan Rows": 3779, "Plan Width": 8, "Inner Unique": false, "Plans": [{"Node Type": "Seq Scan", "Parent Relationship": "Outer", "Relation Name": "company_name", "Alias": "cn", "Startup Cost": 0.0, "Total Cost": 5903.45, "Plan Rows": 251, "Plan Width": 4, "Filter": "((country_code)::text = '[ru]'::text)"}, {"Node Type": "Bitmap Heap Scan", "Parent Relationship": "Inner", "Relation Name": "movie_companies", "Alias": "mc", "Startup Cost": 4.32, "Total Cost": 59.25, "Plan Rows": 15, "Plan Width": 12, "Recheck Cond": "(company_id = cn.id)", "Plans": [{"Node Type": "Bitmap Index Scan", "Parent Relationship": "Outer", "Index Name": "company_id_movie_companies", "Startup Cost": 0.0, "Total Cost": 4.31, "Plan Rows": 15, "Plan Width": 0, "Index Cond": "(company_id = cn.id)"}]}]}, {"Node Type": "Bitmap Heap Scan", "Parent Relationship": "Inner", "Relation Name": "cast_info", "Alias": "ci", "Startup Cost": 0.51, "Total Cost": 4.61, "Plan Rows": 1, "Plan Width": 12, "Recheck Cond": "(movie_id = mc.movie_id)", "Filter": "(((note)::text ~~ '%(voice)%'::text) AND ((note)::text ~~ '%(uncredited)%'::text))", "Plans": [{"Node Type": "Bitmap Index Scan", "Parent Relationship": "Outer", "Index Name": "movie_id_cast_info", "Startup Cost": 0.0, "Total Cost": 0.51, "Plan Rows": 6, "Plan Width": 0, "Index Cond": "(movie_id = mc.movie_id)"}]}]}]}, {"Node Type": "Bitmap Heap Scan", "Parent Relationship": "Inner", "Relation Name": "char_name", "Alias": "chn", "Startup Cost": 2.3, "Total Cost": 6.31, "Plan Rows": 1, "Plan Width": 20, "Recheck Cond": "(id = ci.person_role_id)", "Plans": [{"Node Type": "Bitmap Index Scan", "Parent Relationship": "Outer", "Index Name": "char_name_pkey", "Startup Cost": 0.0, "Total Cost": 2.3, "Plan Rows": 1, "Plan Width": 0, "Index Cond": "(id = ci.person_role_id)"}]}]}, {"Node Type": "Bitmap Heap Scan", "Parent Relationship": "Inner", "Relation Name": "title", "Alias": "t", "Startup Cost": 0.27, "Total Cost": 4.29, "Plan Rows": 1, "Plan Width": 21, "Recheck Cond": "(id = mc.movie_id)", "Filter": "(production_year > 2005)", "Plans": [{"Node Type": "Bitmap Index Scan", "Parent Relationship": "Outer", "Index Name": "title_pkey", "Startup Cost": 0.0, "Total Cost": 0.27, "Plan Rows": 1, "Plan Width": 0, "Index Cond": "(id = mc.movie_id)"}]}]}]}]}]}, "Unique SQL Id": 2933943827, "Planner Runtime": 26}, "explain_analyze_plan": {"Plan": {"Node Type": "Aggregate", "Strategy": "Plain", "Startup Cost": 38342.48, "Total Cost": 38342.49, "Plan Rows": 1, "Plan Width": 97, "Actual Startup Time": 1267.969, "Actual Total Time": 1267.969, "Actual Rows": 1, "Actual Loops": 1, "Plans": [{"Node Type": "Nested Loop", "Parent Relationship": "Outer", "Join Type": "Inner", "Startup Cost": 7.4, "Total Cost": 38342.47, "Plan Rows": 2, "Plan Width": 33, "Actual Startup Time": 75.505, "Actual Total Time": 1267.898, "Actual Rows": 18, "Actual Loops": 1, "Inner Unique": false, "Join Filter": "(mc.company_type_id = ct.id)", "Rows Removed by Join Filter": 294, "Plans": [{"Node Type": "Seq Scan", "Parent Relationship": "Outer", "Relation Name": "company_type", "Alias": "ct", "Startup Cost": 0.0, "Total Cost": 1.03, "Plan Rows": 3, "Plan Width": 4, "Actual Startup Time": 0.013, "Actual Total Time": 0.016, "Actual Rows": 3, "Actual Loops": 1}, {"Node Type": "Materialize", "Parent Relationship": "Inner", "Startup Cost": 7.4, "Total Cost": 38341.35, "Plan Rows": 2, "Plan Width": 37, "Actual Startup Time": 15.278, "Actual Total Time": 1267.723, "Actual Rows": 312, "Actual Loops": 3, "Plans": [{"Node Type": "Nested Loop", "Parent Relationship": "Outer", "Join Type": "Inner", "Startup Cost": 7.4, "Total Cost": 38341.34, "Plan Rows": 2, "Plan Width": 37, "Actual Startup Time": 15.271, "Actual Total Time": 1267.569, "Actual Rows": 104, "Actual Loops": 1, "Inner Unique": true, "Plans": [{"Node Type": "Nested Loop", "Parent Relationship": "Outer", "Join Type": "Inner", "Startup Cost": 7.13, "Total Cost": 38328.45, "Plan Rows": 3, "Plan Width": 28, "Actual Startup Time": 1.113, "Actual Total Time": 1264.658, "Actual Rows": 265, "Actual Loops": 1, "Inner Unique": true, "Plans": [{"Node Type": "Nested Loop", "Parent Relationship": "Outer", "Join Type": "Inner", "Startup Cost": 4.83, "Total Cost": 38290.52, "Plan Rows": 6, "Plan Width": 16, "Actual Startup Time": 1.098, "Actual Total Time": 1261.302, "Actual Rows": 275, "Actual Loops": 1, "Inner Unique": false, "Join Filter": "(ci.role_id = rt.id)", "Rows Removed by Join Filter": 102, "Plans": [{"Node Type": "Seq Scan", "Parent Relationship": "Outer", "Relation Name": "role_type", "Alias": "rt", "Startup Cost": 0.0, "Total Cost": 1.15, "Plan Rows": 1, "Plan Width": 4, "Actual Startup Time": 0.018, "Actual Total Time": 0.025, "Actual Rows": 1, "Actual Loops": 1, "Filter": "((role)::text = 'actor'::text)", "Rows Removed by Filter": 11}, {"Node Type": "Nested Loop", "Parent Relationship": "Inner", "Join Type": "Inner", "Startup Cost": 4.83, "Total Cost": 38288.52, "Plan Rows": 68, "Plan Width": 20, "Actual Startup Time": 1.073, "Actual Total Time": 1261.057, "Actual Rows": 377, "Actual Loops": 1, "Inner Unique": false, "Plans": [{"Node Type": "Nested Loop", "Parent Relationship": "Outer", "Join Type": "Inner", "Startup Cost": 4.32, "Total Cost": 20813.55, "Plan Rows": 3779, "Plan Width": 8, "Actual Startup Time": 0.09, "Actual Total Time": 122.723, "Actual Rows": 8790, "Actual Loops": 1, "Inner Unique": false, "Plans": [{"Node Type": "Seq Scan", "Parent Relationship": "Outer", "Relation Name": "company_name", "Alias": "cn", "Startup Cost": 0.0, "Total Cost": 5903.45, "Plan Rows": 251, "Plan Width": 4, "Actual Startup Time": 0.045, "Actual Total Time": 85.602, "Actual Rows": 1361, "Actual Loops": 1, "Filter": "((country_code)::text = '[ru]'::text)", "Rows Removed by Filter": 233635}, {"Node Type": "Bitmap Heap Scan", "Parent Relationship": "Inner", "Relation Name": "movie_companies", "Alias": "mc", "Startup Cost": 4.32, "Total Cost": 59.25, "Plan Rows": 15, "Plan Width": 12, "Actual Startup Time": 15.128, "Actual Total Time": 32.564, "Actual Rows": 8790, "Actual Loops": 1361, "Recheck Cond": "(company_id = cn.id)", "Rows Removed by Index Recheck": 0, "Exact Heap Blocks": 7155, "Lossy Heap Blocks": 7155, "Plans": [{"Node Type": "Bitmap Index Scan", "Parent Relationship": "Outer", "Index Name": "company_id_movie_companies", "Startup Cost": 0.0, "Total Cost": 4.31, "Plan Rows": 15, "Plan Width": 0, "Actual Startup Time": 9.696, "Actual Total Time": 9.696, "Actual Rows": 8790, "Actual Loops": 1361, "Index Cond": "(company_id = cn.id)"}]}]}, {"Node Type": "Bitmap Heap Scan", "Parent Relationship": "Inner", "Relation Name": "cast_info", "Alias": "ci", "Startup Cost": 0.51, "Total Cost": 4.61, "Plan Rows": 1, "Plan Width": 12, "Actual Startup Time": 1062.4, "Actual Total Time": 1123.634, "Actual Rows": 377, "Actual Loops": 8790, "Recheck Cond": "(movie_id = mc.movie_id)", "Rows Removed by Index Recheck": 0, "Filter": "(((note)::text ~~ '%(voice)%'::text) AND ((note)::text ~~ '%(uncredited)%'::text))", "Rows Removed by Filter": 408168, "Exact Heap Blocks": 397651, "Lossy Heap Blocks": 397651, "Plans": [{"Node Type": "Bitmap Index Scan", "Parent Relationship": "Outer", "Index Name": "movie_id_cast_info", "Startup Cost": 0.0, "Total Cost": 0.51, "Plan Rows": 6, "Plan Width": 0, "Actual Startup Time": 138.568, "Actual Total Time": 138.568, "Actual Rows": 408545, "Actual Loops": 8790, "Index Cond": "(movie_id = mc.movie_id)"}]}]}]}, {"Node Type": "Bitmap Heap Scan", "Parent Relationship": "Inner", "Relation Name": "char_name", "Alias": "chn", "Startup Cost": 2.3, "Total Cost": 6.31, "Plan Rows": 1, "Plan Width": 20, "Actual Startup Time": 2.698, "Actual Total Time": 2.698, "Actual Rows": 265, "Actual Loops": 275, "Recheck Cond": "(id = ci.person_role_id)", "Rows Removed by Index Recheck": 0, "Exact Heap Blocks": 265, "Lossy Heap Blocks": 265, "Plans": [{"Node Type": "Bitmap Index Scan", "Parent Relationship": "Outer", "Index Name": "char_name_pkey", "Startup Cost": 0.0, "Total Cost": 2.3, "Plan Rows": 1, "Plan Width": 0, "Actual Startup Time": 1.832, "Actual Total Time": 1.832, "Actual Rows": 265, "Actual Loops": 275, "Index Cond": "(id = ci.person_role_id)"}]}]}, {"Node Type": "Bitmap Heap Scan", "Parent Relationship": "Inner", "Relation Name": "title", "Alias": "t", "Startup Cost": 0.27, "Total Cost": 4.29, "Plan Rows": 1, "Plan Width": 21, "Actual Startup Time": 2.399, "Actual Total Time": 2.399, "Actual Rows": 104, "Actual Loops": 265, "Recheck Cond": "(id = mc.movie_id)", "Rows Removed by Index Recheck": 0, "Filter": "(production_year > 2005)", "Rows Removed by Filter": 161, "Exact Heap Blocks": 265, "Lossy Heap Blocks": 265, "Plans": [{"Node Type": "Bitmap Index Scan", "Parent Relationship": "Outer", "Index Name": "title_pkey", "Startup Cost": 0.0, "Total Cost": 0.27, "Plan Rows": 1, "Plan Width": 0, "Actual Startup Time": 1.54, "Actual Total Time": 1.54, "Actual Rows": 265, "Actual Loops": 265, "Index Cond": "(id = mc.movie_id)"}]}]}]}]}]}, "Triggers": [], "Planner Runtime": 18, "Total Runtime": 1268.406, "Unique SQL Id": 2933943827}}, "(16, 23)": {"explain_plan": {"Plan": {"Node Type": "Aggregate", "Strategy": "Plain", "Startup Cost": 41418.46, "Total Cost": 41418.47, "Plan Rows": 1, "Plan Width": 97, "Plans": [{"Node Type": "Nested Loop", "Parent Relationship": "Outer", "Join Type": "Inner", "Startup Cost": 2787.21, "Total Cost": 41418.45, "Plan Rows": 2, "Plan Width": 33, "Inner Unique": true, "Plans": [{"Node Type": "Nested Loop", "Parent Relationship": "Outer", "Join Type": "Inner", "Startup Cost": 2786.95, "Total Cost": 41409.89, "Plan Rows": 2, "Plan Width": 37, "Inner Unique": true, "Plans": [{"Node Type": "Nested Loop", "Parent Relationship": "Outer", "Join Type": "Inner", "Startup Cost": 2786.68, "Total Cost": 41397.0, "Plan Rows": 3, "Plan Width": 28, "Inner Unique": true, "Plans": [{"Node Type": "Nested Loop", "Parent Relationship": "Outer", "Join Type": "Inner", "Startup Cost": 2784.38, "Total Cost": 41359.07, "Plan Rows": 6, "Plan Width": 16, "Inner Unique": true, "Plans": [{"Node Type": "Nested Loop", "Parent Relationship": "Outer", "Join Type": "Inner", "Startup Cost": 2784.12, "Total Cost": 41067.82, "Plan Rows": 68, "Plan Width": 20, "Inner Unique": false, "Plans": [{"Node Type": "Nested Loop", "Parent Relationship": "Outer", "Join Type": "Inner", "Startup Cost": 2783.61, "Total Cost": 23592.84, "Plan Rows": 3779, "Plan Width": 8, "Inner Unique": false, "Plans": [{"Node Type": "Bitmap Heap Scan", "Parent Relationship": "Outer", "Relation Name": "company_name", "Alias": "cn", "Startup Cost": 2779.29, "Total Cost": 8682.74, "Plan Rows": 251, "Plan Width": 4, "Filter": "((country_code)::text = '[ru]'::text)", "Plans": [{"Node Type": "Bitmap Index Scan", "Parent Relationship": "Outer", "Index Name": "company_name_pkey", "Startup Cost": 0.0, "Total Cost": 2779.23, "Plan Rows": 234996, "Plan Width": 0}]}, {"Node Type": "Bitmap Heap Scan", "Parent Relationship": "Inner", "Relation Name": "movie_companies", "Alias": "mc", "Startup Cost": 4.32, "Total Cost": 59.25, "Plan Rows": 15, "Plan Width": 12, "Recheck Cond": "(company_id = cn.id)", "Plans": [{"Node Type": "Bitmap Index Scan", "Parent Relationship": "Outer", "Index Name": "company_id_movie_companies", "Startup Cost": 0.0, "Total Cost": 4.31, "Plan Rows": 15, "Plan Width": 0, "Index Cond": "(company_id = cn.id)"}]}]}, {"Node Type": "Bitmap Heap Scan", "Parent Relationship": "Inner", "Relation Name": "cast_info", "Alias": "ci", "Startup Cost": 0.51, "Total Cost": 4.61, "Plan Rows": 1, "Plan Width": 12, "Recheck Cond": "(movie_id = mc.movie_id)", "Filter": "(((note)::text ~~ '%(voice)%'::text) AND ((note)::text ~~ '%(uncredited)%'::text))", "Plans": [{"Node Type": "Bitmap Index Scan", "Parent Relationship": "Outer", "Index Name": "movie_id_cast_info", "Startup Cost": 0.0, "Total Cost": 0.51, "Plan Rows": 6, "Plan Width": 0, "Index Cond": "(movie_id = mc.movie_id)"}]}]}, {"Node Type": "Bitmap Heap Scan", "Parent Relationship": "Inner", "Relation Name": "role_type", "Alias": "rt", "Startup Cost": 0.26, "Total Cost": 4.27, "Plan Rows": 1, "Plan Width": 4, "Recheck Cond": "(id = ci.role_id)", "Filter": "((role)::text = 'actor'::text)", "Plans": [{"Node Type": "Bitmap Index Scan", "Parent Relationship": "Outer", "Index Name": "role_type_pkey", "Startup Cost": 0.0, "Total Cost": 0.26, "Plan Rows": 1, "Plan Width": 0, "Index Cond": "(id = ci.role_id)"}]}]}, {"Node Type": "Bitmap Heap Scan", "Parent Relationship": "Inner", "Relation Name": "char_name", "Alias": "chn", "Startup Cost": 2.3, "Total Cost": 6.31, "Plan Rows": 1, "Plan Width": 20, "Recheck Cond": "(id = ci.person_role_id)", "Plans": [{"Node Type": "Bitmap Index Scan", "Parent Relationship": "Outer", "Index Name": "char_name_pkey", "Startup Cost": 0.0, "Total Cost": 2.3, "Plan Rows": 1, "Plan Width": 0, "Index Cond": "(id = ci.person_role_id)"}]}]}, {"Node Type": "Bitmap Heap Scan", "Parent Relationship": "Inner", "Relation Name": "title", "Alias": "t", "Startup Cost": 0.27, "Total Cost": 4.29, "Plan Rows": 1, "Plan Width": 21, "Recheck Cond": "(id = mc.movie_id)", "Filter": "(production_year > 2005)", "Plans": [{"Node Type": "Bitmap Index Scan", "Parent Relationship": "Outer", "Index Name": "title_pkey", "Startup Cost": 0.0, "Total Cost": 0.27, "Plan Rows": 1, "Plan Width": 0, "Index Cond": "(id = mc.movie_id)"}]}]}, {"Node Type": "Bitmap Heap Scan", "Parent Relationship": "Inner", "Relation Name": "company_type", "Alias": "ct", "Startup Cost": 0.26, "Total Cost": 4.27, "Plan Rows": 1, "Plan Width": 4, "Recheck Cond": "(id = mc.company_type_id)", "Plans": [{"Node Type": "Bitmap Index Scan", "Parent Relationship": "Outer", "Index Name": "company_type_pkey", "Startup Cost": 0.0, "Total Cost": 0.26, "Plan Rows": 1, "Plan Width": 0, "Index Cond": "(id = mc.company_type_id)"}]}]}]}, "Unique SQL Id": 2933943827, "Planner Runtime": 14}, "explain_analyze_plan": {"Plan": {"Node Type": "Aggregate", "Strategy": "Plain", "Startup Cost": 41418.46, "Total Cost": 41418.47, "Plan Rows": 1, "Plan Width": 97, "Actual Startup Time": 1197.675, "Actual Total Time": 1197.675, "Actual Rows": 1, "Actual Loops": 1, "Plans": [{"Node Type": "Nested Loop", "Parent Relationship": "Outer", "Join Type": "Inner", "Startup Cost": 2787.21, "Total Cost": 41418.45, "Plan Rows": 2, "Plan Width": 33, "Actual Startup Time": 99.205, "Actual Total Time": 1197.571, "Actual Rows": 18, "Actual Loops": 1, "Inner Unique": true, "Plans": [{"Node Type": "Nested Loop", "Parent Relationship": "Outer", "Join Type": "Inner", "Startup Cost": 2786.95, "Total Cost": 41409.89, "Plan Rows": 2, "Plan Width": 37, "Actual Startup Time": 42.334, "Actual Total Time": 1197.028, "Actual Rows": 104, "Actual Loops": 1, "Inner Unique": true, "Plans": [{"Node Type": "Nested Loop", "Parent Relationship": "Outer", "Join Type": "Inner", "Startup Cost": 2786.68, "Total Cost": 41397.0, "Plan Rows": 3, "Plan Width": 28, "Actual Startup Time": 27.449, "Actual Total Time": 1194.263, "Actual Rows": 265, "Actual Loops": 1, "Inner Unique": true, "Plans": [{"Node Type": "Nested Loop", "Parent Relationship": "Outer", "Join Type": "Inner", "Startup Cost": 2784.38, "Total Cost": 41359.07, "Plan Rows": 6, "Plan Width": 16, "Actual Startup Time": 27.428, "Actual Total Time": 1191.216, "Actual Rows": 275, "Actual Loops": 1, "Inner Unique": true, "Plans": [{"Node Type": "Nested Loop", "Parent Relationship": "Outer", "Join Type": "Inner", "Startup Cost": 2784.12, "Total Cost": 41067.82, "Plan Rows": 68, "Plan Width": 20, "Actual Startup Time": 27.408, "Actual Total Time": 1188.638, "Actual Rows": 377, "Actual Loops": 1, "Inner Unique": false, "Plans": [{"Node Type": "Nested Loop", "Parent Relationship": "Outer", "Join Type": "Inner", "Startup Cost": 2783.61, "Total Cost": 23592.84, "Plan Rows": 3779, "Plan Width": 8, "Actual Startup Time": 26.16, "Actual Total Time": 182.006, "Actual Rows": 8790, "Actual Loops": 1, "Inner Unique": false, "Plans": [{"Node Type": "Bitmap Heap Scan", "Parent Relationship": "Outer", "Relation Name": "company_name", "Alias": "cn", "Startup Cost": 2779.29, "Total Cost": 8682.74, "Plan Rows": 251, "Plan Width": 4, "Actual Startup Time": 26.111, "Actual Total Time": 148.164, "Actual Rows": 1361, "Actual Loops": 1, "Filter": "((country_code)::text = '[ru]'::text)", "Rows Removed by Filter": 233635, "Exact Heap Blocks": 2966, "Lossy Heap Blocks": 2966, "Plans": [{"Node Type": "Bitmap Index Scan", "Parent Relationship": "Outer", "Index Name": "company_name_pkey", "Startup Cost": 0.0, "Total Cost": 2779.23, "Plan Rows": 234996, "Plan Width": 0, "Actual Startup Time": 25.617, "Actual Total Time": 25.617, "Actual Rows": 234996, "Actual Loops": 1}]}, {"Node Type": "Bitmap Heap Scan", "Parent Relationship": "Inner", "Relation Name": "movie_companies", "Alias": "mc", "Startup Cost": 4.32, "Total Cost": 59.25, "Plan Rows": 15, "Plan Width": 12, "Actual Startup Time": 14.449, "Actual Total Time": 29.008, "Actual Rows": 8790, "Actual Loops": 1361, "Recheck Cond": "(company_id = cn.id)", "Rows Removed by Index Recheck": 0, "Exact Heap Blocks": 7155, "Lossy Heap Blocks": 7155, "Plans": [{"Node Type": "Bitmap Index Scan", "Parent Relationship": "Outer", "Index Name": "company_id_movie_companies", "Startup Cost": 0.0, "Total Cost": 4.31, "Plan Rows": 15, "Plan Width": 0, "Actual Startup Time": 9.127, "Actual Total Time": 9.127, "Actual Rows": 8790, "Actual Loops": 1361, "Index Cond": "(company_id = cn.id)"}]}]}, {"Node Type": "Bitmap Heap Scan", "Parent Relationship": "Inner", "Relation Name": "cast_info", "Alias": "ci", "Startup Cost": 0.51, "Total Cost": 4.61, "Plan Rows": 1, "Plan Width": 12, "Actual Startup Time": 938.519, "Actual Total Time": 990.4, "Actual Rows": 377, "Actual Loops": 8790, "Recheck Cond": "(movie_id = mc.movie_id)", "Rows Removed by Index Recheck": 0, "Filter": "(((note)::text ~~ '%(voice)%'::text) AND ((note)::text ~~ '%(uncredited)%'::text))", "Rows Removed by Filter": 408168, "Exact Heap Blocks": 397651, "Lossy Heap Blocks": 397651, "Plans": [{"Node Type": "Bitmap Index Scan", "Parent Relationship": "Outer", "Index Name": "movie_id_cast_info", "Startup Cost": 0.0, "Total Cost": 0.51, "Plan Rows": 6, "Plan Width": 0, "Actual Startup Time": 127.518, "Actual Total Time": 127.518, "Actual Rows": 408545, "Actual Loops": 8790, "Index Cond": "(movie_id = mc.movie_id)"}]}]}, {"Node Type": "Bitmap Heap Scan", "Parent Relationship": "Inner", "Relation Name": "role_type", "Alias": "rt", "Startup Cost": 0.26, "Total Cost": 4.27, "Plan Rows": 1, "Plan Width": 4, "Actual Startup Time": 1.696, "Actual Total Time": 1.696, "Actual Rows": 275, "Actual Loops": 377, "Recheck Cond": "(id = ci.role_id)", "Rows Removed by Index Recheck": 0, "Filter": "((role)::text = 'actor'::text)", "Rows Removed by Filter": 102, "Exact Heap Blocks": 377, "Lossy Heap Blocks": 377, "Plans": [{"Node Type": "Bitmap Index Scan", "Parent Relationship": "Outer", "Index Name": "role_type_pkey", "Startup Cost": 0.0, "Total Cost": 0.26, "Plan Rows": 1, "Plan Width": 0, "Actual Startup Time": 0.653, "Actual Total Time": 0.653, "Actual Rows": 377, "Actual Loops": 377, "Index Cond": "(id = ci.role_id)"}]}]}, {"Node Type": "Bitmap Heap Scan", "Parent Relationship": "Inner", "Relation Name": "char_name", "Alias": "chn", "Startup Cost": 2.3, "Total Cost": 6.31, "Plan Rows": 1, "Plan Width": 20, "Actual Startup Time": 2.327, "Actual Total Time": 2.327, "Actual Rows": 265, "Actual Loops": 275, "Recheck Cond": "(id = ci.person_role_id)", "Rows Removed by Index Recheck": 0, "Exact Heap Blocks": 265, "Lossy Heap Blocks": 265, "Plans": [{"Node Type": "Bitmap Index Scan", "Parent Relationship": "Outer", "Index Name": "char_name_pkey", "Startup Cost": 0.0, "Total Cost": 2.3, "Plan Rows": 1, "Plan Width": 0, "Actual Startup Time": 1.574, "Actual Total Time": 1.574, "Actual Rows": 265, "Actual Loops": 275, "Index Cond": "(id = ci.person_role_id)"}]}]}, {"Node Type": "Bitmap Heap Scan", "Parent Relationship": "Inner", "Relation Name": "title", "Alias": "t", "Startup Cost": 0.27, "Total Cost": 4.29, "Plan Rows": 1, "Plan Width": 21, "Actual Startup Time": 2.169, "Actual Total Time": 2.169, "Actual Rows": 104, "Actual Loops": 265, "Recheck Cond": "(id = mc.movie_id)", "Rows Removed by Index Recheck": 0, "Filter": "(production_year > 2005)", "Rows Removed by Filter": 161, "Exact Heap Blocks": 265, "Lossy Heap Blocks": 265, "Plans": [{"Node Type": "Bitmap Index Scan", "Parent Relationship": "Outer", "Index Name": "title_pkey", "Startup Cost": 0.0, "Total Cost": 0.27, "Plan Rows": 1, "Plan Width": 0, "Actual Startup Time": 1.333, "Actual Total Time": 1.333, "Actual Rows": 265, "Actual Loops": 265, "Index Cond": "(id = mc.movie_id)"}]}]}, {"Node Type": "Bitmap Heap Scan", "Parent Relationship": "Inner", "Relation Name": "company_type", "Alias": "ct", "Startup Cost": 0.26, "Total Cost": 4.27, "Plan Rows": 1, "Plan Width": 4, "Actual Startup Time": 0.281, "Actual Total Time": 0.281, "Actual Rows": 18, "Actual Loops": 104, "Recheck Cond": "(id = mc.company_type_id)", "Rows Removed by Index Recheck": 0, "Exact Heap Blocks": 18, "Lossy Heap Blocks": 18, "Plans": [{"Node Type": "Bitmap Index Scan", "Parent Relationship": "Outer", "Index Name": "company_type_pkey", "Startup Cost": 0.0, "Total Cost": 0.26, "Plan Rows": 1, "Plan Width": 0, "Actual Startup Time": 0.155, "Actual Total Time": 0.155, "Actual Rows": 18, "Actual Loops": 104, "Index Cond": "(id = mc.company_type_id)"}]}]}]}, "Triggers": [], "Planner Runtime": 6, "Total Runtime": 1198.112, "Unique SQL Id": 2933943827}}, "(16, 24)": {"explain_plan": {"Plan": {"Node Type": "Aggregate", "Strategy": "Plain", "Startup Cost": 19897.43, "Total Cost": 19897.44, "Plan Rows": 1, "Plan Width": 97, "Plans": [{"Node Type": "Nested Loop", "Parent Relationship": "Outer", "Join Type": "Inner", "Startup Cost": 0.0, "Total Cost": 19897.42, "Plan Rows": 2, "Plan Width": 33, "Inner Unique": true, "Plans": [{"Node Type": "Nested Loop", "Parent Relationship": "Outer", "Join Type": "Inner", "Startup Cost": 0.0, "Total Cost": 19896.86, "Plan Rows": 2, "Plan Width": 37, "Inner Unique": true, "Plans": [{"Node Type": "Nested Loop", "Parent Relationship": "Outer", "Join Type": "Inner", "Startup Cost": 0.0, "Total Cost": 19869.97, "Plan Rows": 5, "Plan Width": 25, "Inner Unique": true, "Plans": [{"Node Type": "Nested Loop", "Parent Relationship": "Outer", "Join Type": "Inner", "Startup Cost": 0.0, "Total Cost": 19867.87, "Plan Rows": 6, "Plan Width": 16, "Inner Unique": false, "Join Filter": "(ci.role_id = rt.id)", "Plans": [{"Node Type": "Seq Scan", "Parent Relationship": "Outer", "Relation Name": "role_type", "Alias": "rt", "Startup Cost": 0.0, "Total Cost": 1.15, "Plan Rows": 1, "Plan Width": 4, "Filter": "((role)::text = 'actor'::text)"}, {"Node Type": "Nested Loop", "Parent Relationship": "Inner", "Join Type": "Inner", "Startup Cost": 0.0, "Total Cost": 19865.87, "Plan Rows": 68, "Plan Width": 20, "Inner Unique": false, "Plans": [{"Node Type": "Nested Loop", "Parent Relationship": "Outer", "Join Type": "Inner", "Startup Cost": 0.0, "Total Cost": 16121.55, "Plan Rows": 3779, "Plan Width": 8, "Inner Unique": false, "Plans": [{"Node Type": "Seq Scan", "Parent Relationship": "Outer", "Relation Name": "company_name", "Alias": "cn", "Startup Cost": 0.0, "Total Cost": 5903.45, "Plan Rows": 251, "Plan Width": 4, "Filter": "((country_code)::text = '[ru]'::text)"}, {"Node Type": "Index Scan", "Parent Relationship": "Inner", "Scan Direction": "Forward", "Index Name": "company_id_movie_companies", "Relation Name": "movie_companies", "Alias": "mc", "Startup Cost": 0.0, "Total Cost": 40.56, "Plan Rows": 15, "Plan Width": 12, "Index Cond": "(company_id = cn.id)"}]}, {"Node Type": "Index Scan", "Parent Relationship": "Inner", "Scan Direction": "Forward", "Index Name": "movie_id_cast_info", "Relation Name": "cast_info", "Alias": "ci", "Startup Cost": 0.0, "Total Cost": 0.98, "Plan Rows": 1, "Plan Width": 12, "Index Cond": "(movie_id = mc.movie_id)", "Filter": "(((note)::text ~~ '%(voice)%'::text) AND ((note)::text ~~ '%(uncredited)%'::text))"}]}]}, {"Node Type": "Index Scan", "Parent Relationship": "Inner", "Scan Direction": "Forward", "Index Name": "title_pkey", "Relation Name": "title", "Alias": "t", "Startup Cost": 0.0, "Total Cost": 0.34, "Plan Rows": 1, "Plan Width": 21, "Index Cond": "(id = mc.movie_id)", "Filter": "(production_year > 2005)"}]}, {"Node Type": "Index Scan", "Parent Relationship": "Inner", "Scan Direction": "Forward", "Index Name": "char_name_pkey", "Relation Name": "char_name", "Alias": "chn", "Startup Cost": 0.0, "Total Cost": 5.37, "Plan Rows": 1, "Plan Width": 20, "Index Cond": "(id = ci.person_role_id)"}]}, {"Node Type": "Index Only Scan", "Parent Relationship": "Inner", "Scan Direction": "Forward", "Index Name": "company_type_pkey", "Relation Name": "company_type", "Alias": "ct", "Startup Cost": 0.0, "Total Cost": 0.27, "Plan Rows": 1, "Plan Width": 4, "Index Cond": "(id = mc.company_type_id)"}]}]}, "Unique SQL Id": 2933943827, "Planner Runtime": 13}, "explain_analyze_plan": {"Plan": {"Node Type": "Aggregate", "Strategy": "Plain", "Startup Cost": 19897.43, "Total Cost": 19897.44, "Plan Rows": 1, "Plan Width": 97, "Actual Startup Time": 752.517, "Actual Total Time": 752.517, "Actual Rows": 1, "Actual Loops": 1, "Plans": [{"Node Type": "Nested Loop", "Parent Relationship": "Outer", "Join Type": "Inner", "Startup Cost": 0.0, "Total Cost": 19897.42, "Plan Rows": 2, "Plan Width": 33, "Actual Startup Time": 42.918, "Actual Total Time": 752.405, "Actual Rows": 18, "Actual Loops": 1, "Inner Unique": true, "Plans": [{"Node Type": "Nested Loop", "Parent Relationship": "Outer", "Join Type": "Inner", "Startup Cost": 0.0, "Total Cost": 19896.86, "Plan Rows": 2, "Plan Width": 37, "Actual Startup Time": 9.466, "Actual Total Time": 752.096, "Actual Rows": 104, "Actual Loops": 1, "Inner Unique": true, "Plans": [{"Node Type": "Nested Loop", "Parent Relationship": "Outer", "Join Type": "Inner", "Startup Cost": 0.0, "Total Cost": 19869.97, "Plan Rows": 5, "Plan Width": 25, "Actual Startup Time": 9.456, "Actual Total Time": 751.256, "Actual Rows": 112, "Actual Loops": 1, "Inner Unique": true, "Plans": [{"Node Type": "Nested Loop", "Parent Relationship": "Outer", "Join Type": "Inner", "Startup Cost": 0.0, "Total Cost": 19867.87, "Plan Rows": 6, "Plan Width": 16, "Actual Startup Time": 0.862, "Actual Total Time": 749.228, "Actual Rows": 275, "Actual Loops": 1, "Inner Unique": false, "Join Filter": "(ci.role_id = rt.id)", "Rows Removed by Join Filter": 102, "Plans": [{"Node Type": "Seq Scan", "Parent Relationship": "Outer", "Relation Name": "role_type", "Alias": "rt", "Startup Cost": 0.0, "Total Cost": 1.15, "Plan Rows": 1, "Plan Width": 4, "Actual Startup Time": 0.024, "Actual Total Time": 0.03, "Actual Rows": 1, "Actual Loops": 1, "Filter": "((role)::text = 'actor'::text)", "Rows Removed by Filter": 11}, {"Node Type": "Nested Loop", "Parent Relationship": "Inner", "Join Type": "Inner", "Startup Cost": 0.0, "Total Cost": 19865.87, "Plan Rows": 68, "Plan Width": 20, "Actual Startup Time": 0.831, "Actual Total Time": 748.935, "Actual Rows": 377, "Actual Loops": 1, "Inner Unique": false, "Plans": [{"Node Type": "Nested Loop", "Parent Relationship": "Outer", "Join Type": "Inner", "Startup Cost": 0.0, "Total Cost": 16121.55, "Plan Rows": 3779, "Plan Width": 8, "Actual Startup Time": 0.059, "Actual Total Time": 101.306, "Actual Rows": 8790, "Actual Loops": 1, "Inner Unique": false, "Plans": [{"Node Type": "Seq Scan", "Parent Relationship": "Outer", "Relation Name": "company_name", "Alias": "cn", "Startup Cost": 0.0, "Total Cost": 5903.45, "Plan Rows": 251, "Plan Width": 4, "Actual Startup Time": 0.039, "Actual Total Time": 80.246, "Actual Rows": 1361, "Actual Loops": 1, "Filter": "((country_code)::text = '[ru]'::text)", "Rows Removed by Filter": 233635}, {"Node Type": "Index Scan", "Parent Relationship": "Inner", "Scan Direction": "Forward", "Index Name": "company_id_movie_companies", "Relation Name": "movie_companies", "Alias": "mc", "Startup Cost": 0.0, "Total Cost": 40.56, "Plan Rows": 15, "Plan Width": 12, "Actual Startup Time": 7.856, "Actual Total Time": 17.976, "Actual Rows": 8790, "Actual Loops": 1361, "Index Cond": "(company_id = cn.id)", "Rows Removed by Index Recheck": 0}]}, {"Node Type": "Index Scan", "Parent Relationship": "Inner", "Scan Direction": "Forward", "Index Name": "movie_id_cast_info", "Relation Name": "cast_info", "Alias": "ci", "Startup Cost": 0.0, "Total Cost": 0.98, "Plan Rows": 1, "Plan Width": 12, "Actual Startup Time": 604.989, "Actual Total Time": 642.377, "Actual Rows": 377, "Actual Loops": 8790, "Index Cond": "(movie_id = mc.movie_id)", "Rows Removed by Index Recheck": 0, "Filter": "(((note)::text ~~ '%(voice)%'::text) AND ((note)::text ~~ '%(uncredited)%'::text))", "Rows Removed by Filter": 408168}]}]}, {"Node Type": "Index Scan", "Parent Relationship": "Inner", "Scan Direction": "Forward", "Index Name": "title_pkey", "Relation Name": "title", "Alias": "t", "Startup Cost": 0.0, "Total Cost": 0.34, "Plan Rows": 1, "Plan Width": 21, "Actual Startup Time": 1.632, "Actual Total Time": 1.632, "Actual Rows": 112, "Actual Loops": 275, "Index Cond": "(id = mc.movie_id)", "Rows Removed by Index Recheck": 0, "Filter": "(production_year > 2005)", "Rows Removed by Filter": 163}]}, {"Node Type": "Index Scan", "Parent Relationship": "Inner", "Scan Direction": "Forward", "Index Name": "char_name_pkey", "Relation Name": "char_name", "Alias": "chn", "Startup Cost": 0.0, "Total Cost": 5.37, "Plan Rows": 1, "Plan Width": 20, "Actual Startup Time": 0.628, "Actual Total Time": 0.628, "Actual Rows": 104, "Actual Loops": 112, "Index Cond": "(id = ci.person_role_id)", "Rows Removed by Index Recheck": 0}]}, {"Node Type": "Index Only Scan", "Parent Relationship": "Inner", "Scan Direction": "Forward", "Index Name": "company_type_pkey", "Relation Name": "company_type", "Alias": "ct", "Startup Cost": 0.0, "Total Cost": 0.27, "Plan Rows": 1, "Plan Width": 4, "Actual Startup Time": 0.179, "Actual Total Time": 0.179, "Actual Rows": 18, "Actual Loops": 104, "Index Cond": "(id = mc.company_type_id)", "Rows Removed by Index Recheck": 0, "Heap Fetches": 0}]}]}, "Triggers": [], "Planner Runtime": 6, "Total Runtime": 752.901, "Unique SQL Id": 2933943827}}, "(16, 25)": {"explain_plan": {"Plan": {"Node Type": "Aggregate", "Strategy": "Plain", "Startup Cost": 24506.67, "Total Cost": 24506.68, "Plan Rows": 1, "Plan Width": 97, "Plans": [{"Node Type": "Nested Loop", "Parent Relationship": "Outer", "Join Type": "Inner", "Startup Cost": 0.0, "Total Cost": 24506.66, "Plan Rows": 2, "Plan Width": 33, "Inner Unique": true, "Plans": [{"Node Type": "Nested Loop", "Parent Relationship": "Outer", "Join Type": "Inner", "Startup Cost": 0.0, "Total Cost": 24506.1, "Plan Rows": 2, "Plan Width": 37, "Inner Unique": true, "Plans": [{"Node Type": "Nested Loop", "Parent Relationship": "Outer", "Join Type": "Inner", "Startup Cost": 0.0, "Total Cost": 24479.22, "Plan Rows": 5, "Plan Width": 25, "Inner Unique": true, "Plans": [{"Node Type": "Nested Loop", "Parent Relationship": "Outer", "Join Type": "Inner", "Startup Cost": 0.0, "Total Cost": 24477.12, "Plan Rows": 6, "Plan Width": 16, "Inner Unique": false, "Join Filter": "(ci.role_id = rt.id)", "Plans": [{"Node Type": "Index Scan", "Parent Relationship": "Outer", "Scan Direction": "Forward", "Index Name": "role_type_pkey", "Relation Name": "role_type", "Alias": "rt", "Startup Cost": 0.0, "Total Cost": 12.46, "Plan Rows": 1, "Plan Width": 4, "Filter": "((role)::text = 'actor'::text)"}, {"Node Type": "Nested Loop", "Parent Relationship": "Inner", "Join Type": "Inner", "Startup Cost": 0.0, "Total Cost": 24463.81, "Plan Rows": 68, "Plan Width": 20, "Inner Unique": false, "Plans": [{"Node Type": "Nested Loop", "Parent Relationship": "Outer", "Join Type": "Inner", "Startup Cost": 0.0, "Total Cost": 20719.49, "Plan Rows": 3779, "Plan Width": 8, "Inner Unique": false, "Plans": [{"Node Type": "Index Scan", "Parent Relationship": "Outer", "Scan Direction": "Forward", "Index Name": "company_name_pkey", "Relation Name": "company_name", "Alias": "cn", "Startup Cost": 0.0, "Total Cost": 10501.39, "Plan Rows": 251, "Plan Width": 4, "Filter": "((country_code)::text = '[ru]'::text)"}, {"Node Type": "Index Scan", "Parent Relationship": "Inner", "Scan Direction": "Forward", "Index Name": "company_id_movie_companies", "Relation Name": "movie_companies", "Alias": "mc", "Startup Cost": 0.0, "Total Cost": 40.56, "Plan Rows": 15, "Plan Width": 12, "Index Cond": "(company_id = cn.id)"}]}, {"Node Type": "Index Scan", "Parent Relationship": "Inner", "Scan Direction": "Forward", "Index Name": "movie_id_cast_info", "Relation Name": "cast_info", "Alias": "ci", "Startup Cost": 0.0, "Total Cost": 0.98, "Plan Rows": 1, "Plan Width": 12, "Index Cond": "(movie_id = mc.movie_id)", "Filter": "(((note)::text ~~ '%(voice)%'::text) AND ((note)::text ~~ '%(uncredited)%'::text))"}]}]}, {"Node Type": "Index Scan", "Parent Relationship": "Inner", "Scan Direction": "Forward", "Index Name": "title_pkey", "Relation Name": "title", "Alias": "t", "Startup Cost": 0.0, "Total Cost": 0.34, "Plan Rows": 1, "Plan Width": 21, "Index Cond": "(id = mc.movie_id)", "Filter": "(production_year > 2005)"}]}, {"Node Type": "Index Scan", "Parent Relationship": "Inner", "Scan Direction": "Forward", "Index Name": "char_name_pkey", "Relation Name": "char_name", "Alias": "chn", "Startup Cost": 0.0, "Total Cost": 5.37, "Plan Rows": 1, "Plan Width": 20, "Index Cond": "(id = ci.person_role_id)"}]}, {"Node Type": "Index Only Scan", "Parent Relationship": "Inner", "Scan Direction": "Forward", "Index Name": "company_type_pkey", "Relation Name": "company_type", "Alias": "ct", "Startup Cost": 0.0, "Total Cost": 0.27, "Plan Rows": 1, "Plan Width": 4, "Index Cond": "(id = mc.company_type_id)"}]}]}, "Unique SQL Id": 2933943827, "Planner Runtime": 10}, "explain_analyze_plan": {"Plan": {"Node Type": "Aggregate", "Strategy": "Plain", "Startup Cost": 24506.67, "Total Cost": 24506.68, "Plan Rows": 1, "Plan Width": 97, "Actual Startup Time": 1284.484, "Actual Total Time": 1284.484, "Actual Rows": 1, "Actual Loops": 1, "Plans": [{"Node Type": "Nested Loop", "Parent Relationship": "Outer", "Join Type": "Inner", "Startup Cost": 0.0, "Total Cost": 24506.66, "Plan Rows": 2, "Plan Width": 33, "Actual Startup Time": 36.544, "Actual Total Time": 1284.388, "Actual Rows": 18, "Actual Loops": 1, "Inner Unique": true, "Plans": [{"Node Type": "Nested Loop", "Parent Relationship": "Outer", "Join Type": "Inner", "Startup Cost": 0.0, "Total Cost": 24506.1, "Plan Rows": 2, "Plan Width": 37, "Actual Startup Time": 28.178, "Actual Total Time": 1284.075, "Actual Rows": 104, "Actual Loops": 1, "Inner Unique": true, "Plans": [{"Node Type": "Nested Loop", "Parent Relationship": "Outer", "Join Type": "Inner", "Startup Cost": 0.0, "Total Cost": 24479.22, "Plan Rows": 5, "Plan Width": 25, "Actual Startup Time": 28.16, "Actual Total Time": 1282.814, "Actual Rows": 112, "Actual Loops": 1, "Inner Unique": true, "Plans": [{"Node Type": "Nested Loop", "Parent Relationship": "Outer", "Join Type": "Inner", "Startup Cost": 0.0, "Total Cost": 24477.12, "Plan Rows": 6, "Plan Width": 16, "Actual Startup Time": 8.682, "Actual Total Time": 1280.144, "Actual Rows": 275, "Actual Loops": 1, "Inner Unique": false, "Join Filter": "(ci.role_id = rt.id)", "Rows Removed by Join Filter": 102, "Plans": [{"Node Type": "Index Scan", "Parent Relationship": "Outer", "Scan Direction": "Forward", "Index Name": "role_type_pkey", "Relation Name": "role_type", "Alias": "rt", "Startup Cost": 0.0, "Total Cost": 12.46, "Plan Rows": 1, "Plan Width": 4, "Actual Startup Time": 0.021, "Actual Total Time": 0.034, "Actual Rows": 1, "Actual Loops": 1, "Filter": "((role)::text = 'actor'::text)", "Rows Removed by Filter": 11}, {"Node Type": "Nested Loop", "Parent Relationship": "Inner", "Join Type": "Inner", "Startup Cost": 0.0, "Total Cost": 24463.81, "Plan Rows": 68, "Plan Width": 20, "Actual Startup Time": 8.653, "Actual Total Time": 1279.832, "Actual Rows": 377, "Actual Loops": 1, "Inner Unique": false, "Plans": [{"Node Type": "Nested Loop", "Parent Relationship": "Outer", "Join Type": "Inner", "Startup Cost": 0.0, "Total Cost": 20719.49, "Plan Rows": 3779, "Plan Width": 8, "Actual Startup Time": 0.744, "Actual Total Time": 343.963, "Actual Rows": 8790, "Actual Loops": 1, "Inner Unique": false, "Plans": [{"Node Type": "Index Scan", "Parent Relationship": "Outer", "Scan Direction": "Forward", "Index Name": "company_name_pkey", "Relation Name": "company_name", "Alias": "cn", "Startup Cost": 0.0, "Total Cost": 10501.39, "Plan Rows": 251, "Plan Width": 4, "Actual Startup Time": 0.723, "Actual Total Time": 316.164, "Actual Rows": 1361, "Actual Loops": 1, "Filter": "((country_code)::text = '[ru]'::text)", "Rows Removed by Filter": 233635}, {"Node Type": "Index Scan", "Parent Relationship": "Inner", "Scan Direction": "Forward", "Index Name": "company_id_movie_companies", "Relation Name": "movie_companies", "Alias": "mc", "Startup Cost": 0.0, "Total Cost": 40.56, "Plan Rows": 15, "Plan Width": 12, "Actual Startup Time": 9.443, "Actual Total Time": 24.475, "Actual Rows": 8790, "Actual Loops": 1361, "Index Cond": "(company_id = cn.id)", "Rows Removed by Index Recheck": 0}]}, {"Node Type": "Index Scan", "Parent Relationship": "Inner", "Scan Direction": "Forward", "Index Name": "movie_id_cast_info", "Relation Name": "cast_info", "Alias": "ci", "Startup Cost": 0.0, "Total Cost": 0.98, "Plan Rows": 1, "Plan Width": 12, "Actual Startup Time": 874.797, "Actual Total Time": 930.363, "Actual Rows": 377, "Actual Loops": 8790, "Index Cond": "(movie_id = mc.movie_id)", "Rows Removed by Index Recheck": 0, "Filter": "(((note)::text ~~ '%(voice)%'::text) AND ((note)::text ~~ '%(uncredited)%'::text))", "Rows Removed by Filter": 408168}]}]}, {"Node Type": "Index Scan", "Parent Relationship": "Inner", "Scan Direction": "Forward", "Index Name": "title_pkey", "Relation Name": "title", "Alias": "t", "Startup Cost": 0.0, "Total Cost": 0.34, "Plan Rows": 1, "Plan Width": 21, "Actual Startup Time": 2.259, "Actual Total Time": 2.259, "Actual Rows": 112, "Actual Loops": 275, "Index Cond": "(id = mc.movie_id)", "Rows Removed by Index Recheck": 0, "Filter": "(production_year > 2005)", "Rows Removed by Filter": 163}]}, {"Node Type": "Index Scan", "Parent Relationship": "Inner", "Scan Direction": "Forward", "Index Name": "char_name_pkey", "Relation Name": "char_name", "Alias": "chn", "Startup Cost": 0.0, "Total Cost": 5.37, "Plan Rows": 1, "Plan Width": 20, "Actual Startup Time": 1.0, "Actual Total Time": 1.0, "Actual Rows": 104, "Actual Loops": 112, "Index Cond": "(id = ci.person_role_id)", "Rows Removed by Index Recheck": 0}]}, {"Node Type": "Index Only Scan", "Parent Relationship": "Inner", "Scan Direction": "Forward", "Index Name": "company_type_pkey", "Relation Name": "company_type", "Alias": "ct", "Startup Cost": 0.0, "Total Cost": 0.27, "Plan Rows": 1, "Plan Width": 4, "Actual Startup Time": 0.162, "Actual Total Time": 0.162, "Actual Rows": 18, "Actual Loops": 104, "Index Cond": "(id = mc.company_type_id)", "Rows Removed by Index Recheck": 0, "Heap Fetches": 0}]}]}, "Triggers": [], "Planner Runtime": 6, "Total Runtime": 1285.003, "Unique SQL Id": 2933943827}}, "(16, 26)": {"explain_plan": {"Plan": {"Node Type": "Aggregate", "Strategy": "Plain", "Startup Cost": 256405.69, "Total Cost": 256405.72, "Plan Rows": 1, "Plan Width": 97, "Plans": [{"Node Type": "Streaming(type: LOCAL GATHER dop: 1/16)", "Parent Relationship": "Outer", "Startup Cost": 256405.69, "Total Cost": 256405.72, "Plan Rows": 1, "Plan Width": 97, "Plans": [{"Node Type": "Aggregate", "Strategy": "Plain", "Parent Relationship": "Outer", "Startup Cost": 256405.69, "Total Cost": 256405.7, "Plan Rows": 1, "Plan Width": 97, "Plans": [{"Node Type": "Nested Loop", "Parent Relationship": "Outer", "Join Type": "Inner", "Startup Cost": 167491.82, "Total Cost": 256405.68, "Plan Rows": 2, "Plan Width": 33, "Inner Unique": false, "Join Filter": "(mc.movie_id = t.id)", "Plans": [{"Node Type": "Seq Scan", "Parent Relationship": "Outer", "Relation Name": "title", "Alias": "t", "Startup Cost": 0.0, "Total Cost": 19149.37, "Plan Rows": 1013492, "Plan Width": 21, "Filter": "(production_year > 2005), (LLVM Optimized)"}, {"Node Type": "Materialize", "Parent Relationship": "Inner", "Startup Cost": 167491.82, "Total Cost": 234405.87, "Plan Rows": 48, "Plan Width": 24, "Plans": [{"Node Type": "Streaming(type: BROADCAST dop: 16/16)", "Parent Relationship": "Outer", "Startup Cost": 167491.82, "Total Cost": 234405.86, "Plan Rows": 48, "Plan Width": 24, "Plans": [{"Node Type": "Nested Loop", "Parent Relationship": "Outer", "Join Type": "Inner", "Startup Cost": 167491.82, "Total Cost": 219405.74, "Plan Rows": 3, "Plan Width": 24, "Inner Unique": false, "Join Filter": "(ci.person_role_id = chn.id)", "Plans": [{"Node Type": "Seq Scan", "Parent Relationship": "Outer", "Relation Name": "char_name", "Alias": "chn", "Startup Cost": 0.0, "Total Cost": 19218.34, "Plan Rows": 3140338, "Plan Width": 20}, {"Node Type": "Materialize", "Parent Relationship": "Inner", "Startup Cost": 167491.82, "Total Cost": 182523.01, "Plan Rows": 96, "Plan Width": 12, "Plans": [{"Node Type": "Streaming(type: BROADCAST dop: 16/1)", "Parent Relationship": "Outer", "Startup Cost": 167491.82, "Total Cost": 182522.98, "Plan Rows": 96, "Plan Width": 12, "Plans": [{"Node Type": "Merge Join", "Parent Relationship": "Outer", "Join Type": "Inner", "Startup Cost": 167491.82, "Total Cost": 167520.91, "Plan Rows": 6, "Plan Width": 12, "Inner Unique": false, "Merge Cond": "(ci.movie_id = mc.movie_id)", "Plans": [{"Node Type": "Sort", "Parent Relationship": "Outer", "Startup Cost": 64820.81, "Total Cost": 64825.87, "Plan Rows": 2027, "Plan Width": 8, "Sort Key": ["ci.movie_id"], "Plans": [{"Node Type": "Nested Loop", "Parent Relationship": "Outer", "Join Type": "Inner", "Startup Cost": 0.0, "Total Cost": 64709.47, "Plan Rows": 2027, "Plan Width": 8, "Inner Unique": false, "Join Filter": "(ci.role_id = rt.id)", "Plans": [{"Node Type": "Seq Scan", "Parent Relationship": "Outer", "Relation Name": "role_type", "Alias": "rt", "Startup Cost": 0.0, "Total Cost": 1.15, "Plan Rows": 1, "Plan Width": 4, "Filter": "((role)::text = 'actor'::text)"}, {"Node Type": "Materialize", "Parent Relationship": "Inner", "Startup Cost": 0.0, "Total Cost": 64485.37, "Plan Rows": 22295, "Plan Width": 12, "Plans": [{"Node Type": "Streaming(type: LOCAL GATHER dop: 1/16)", "Parent Relationship": "Outer", "Startup Cost": 0.0, "Total Cost": 64429.63, "Plan Rows": 22295, "Plan Width": 12, "Plans": [{"Node Type": "Seq Scan", "Parent Relationship": "Outer", "Relation Name": "cast_info", "Alias": "ci", "Startup Cost": 0.0, "Total Cost": 63948.46, "Plan Rows": 22295, "Plan Width": 12, "Filter": "(((note)::text ~~ '%(voice)%'::text) AND ((note)::text ~~ '%(uncredited)%'::text))"}]}]}]}]}, {"Node Type": "Sort", "Parent Relationship": "Inner", "Startup Cost": 102671.01, "Total Cost": 102680.46, "Plan Rows": 3779, "Plan Width": 4, "Sort Key": ["mc.movie_id"], "Plans": [{"Node Type": "Nested Loop", "Parent Relationship": "Outer", "Join Type": "Inner", "Startup Cost": 0.0, "Total Cost": 102446.47, "Plan Rows": 3779, "Plan Width": 4, "Inner Unique": true, "Join Filter": "(mc.company_type_id = ct.id)", "Plans": [{"Node Type": "Streaming(type: LOCAL GATHER dop: 1/16)", "Parent Relationship": "Outer", "Startup Cost": 0.0, "Total Cost": 102275.38, "Plan Rows": 3779, "Plan Width": 8, "Plans": [{"Node Type": "Nested Loop", "Parent Relationship": "Outer", "Join Type": "Inner", "Startup Cost": 0.0, "Total Cost": 102193.82, "Plan Rows": 3779, "Plan Width": 8, "Inner Unique": false, "Join Filter": "(cn.id = mc.company_id)", "Plans": [{"Node Type": "Streaming(type: LOCAL REDISTRIBUTE dop: 16/1)", "Parent Relationship": "Outer", "Startup Cost": 0.0, "Total Cost": 20913.89, "Plan Rows": 251, "Plan Width": 4, "Plans": [{"Node Type": "Seq Scan", "Parent Relationship": "Outer", "Relation Name": "company_name", "Alias": "cn", "Startup Cost": 0.0, "Total Cost": 5903.45, "Plan Rows": 251, "Plan Width": 4, "Filter": "((country_code)::text = '[ru]'::text)"}]}, {"Node Type": "Materialize", "Parent Relationship": "Inner", "Startup Cost": 0.0, "Total Cost": 43315.08, "Plan Rows": 2609128, "Plan Width": 12, "Plans": [{"Node Type": "Streaming(type: LOCAL REDISTRIBUTE dop: 16/16)", "Parent Relationship": "Outer", "Startup Cost": 0.0, "Total Cost": 42499.73, "Plan Rows": 2609128, "Plan Width": 12, "Plans": [{"Node Type": "Seq Scan", "Parent Relationship": "Outer", "Relation Name": "movie_companies", "Alias": "mc", "Startup Cost": 0.0, "Total Cost": 17613.58, "Plan Rows": 2609128, "Plan Width": 12}]}]}]}]}, {"Node Type": "Materialize", "Parent Relationship": "Inner", "Startup Cost": 0.0, "Total Cost": 1.04, "Plan Rows": 3, "Plan Width": 4, "Plans": [{"Node Type": "Seq Scan", "Parent Relationship": "Outer", "Relation Name": "company_type", "Alias": "ct", "Startup Cost": 0.0, "Total Cost": 1.03, "Plan Rows": 3, "Plan Width": 4}]}]}]}]}]}]}]}]}]}]}]}]}]}, "Unique SQL Id": 2933943827, "Planner Runtime": 17}, "explain_analyze_plan": null}, "(16, 27)": {"explain_plan": {"Plan": {"Node Type": "Aggregate", "Strategy": "Plain", "Startup Cost": 3605831579367.76, "Total Cost": 3605831579367.77, "Plan Rows": 1, "Plan Width": 97, "Plans": [{"Node Type": "Merge Join", "Parent Relationship": "Outer", "Join Type": "Inner", "Startup Cost": 70000000000.0, "Total Cost": 3605831579367.74, "Plan Rows": 4, "Plan Width": 33, "Inner Unique": true, "Merge Cond": "(ci.person_role_id = chn.id)", "Plans": [{"Node Type": "Nested Loop", "Parent Relationship": "Outer", "Join Type": "Inner", "Startup Cost": 60000000000.0, "Total Cost": 6000243362599.82, "Plan Rows": 7, "Plan Width": 21, "Inner Unique": true, "Join Filter": "(mc.movie_id = t.id)", "Plans": [{"Node Type": "Nested Loop", "Parent Relationship": "Outer", "Join Type": "Inner", "Startup Cost": 50000000000.0, "Total Cost": 5000231624725.14, "Plan Rows": 6, "Plan Width": 12, "Inner Unique": true, "Join Filter": "(mc.company_type_id = ct.id)", "Plans": [{"Node Type": "Nested Loop", "Parent Relationship": "Outer", "Join Type": "Inner", "Startup Cost": 40000000000.0, "Total Cost": 4000231623895.37, "Plan Rows": 6, "Plan Width": 16, "Inner Unique": false, "Join Filter": "(ci.movie_id = mc.movie_id)", "Plans": [{"Node Type": "Nested Loop", "Parent Relationship": "Outer", "Join Type": "Inner", "Startup Cost": 20000000000.0, "Total Cost": 2000211317261.91, "Plan Rows": 2027, "Plan Width": 8, "Inner Unique": true, "Join Filter": "(ci.role_id = rt.id)", "Plans": [{"Node Type": "Index Scan", "Parent Relationship": "Outer", "Scan Direction": "Forward", "Index Name": "person_role_id_cast_info", "Relation Name": "cast_info", "Alias": "ci", "Startup Cost": 10000000000.0, "Total Cost": 1000211315681.48, "Plan Rows": 22295, "Plan Width": 12, "Filter": "(((note)::text ~~ '%(voice)%'::text) AND ((note)::text ~~ '%(uncredited)%'::text))"}, {"Node Type": "Materialize", "Parent Relationship": "Inner", "Startup Cost": 10000000000.0, "Total Cost": 1000000001246.0, "Plan Rows": 1, "Plan Width": 4, "Plans": [{"Node Type": "Index Scan", "Parent Relationship": "Outer", "Scan Direction": "Forward", "Index Name": "role_type_pkey", "Relation Name": "role_type", "Alias": "rt", "Startup Cost": 10000000000.0, "Total Cost": 1000000001246.0, "Plan Rows": 1, "Plan Width": 4, "Filter": "((role)::text = 'actor'::text)"}]}]}, {"Node Type": "Materialize", "Parent Relationship": "Inner", "Startup Cost": 20000000000.0, "Total Cost": 2000020191742.41, "Plan Rows": 3779, "Plan Width": 8, "Plans": [{"Node Type": "Nested Loop", "Parent Relationship": "Outer", "Join Type": "Inner", "Startup Cost": 20000000000.0, "Total Cost": 2000020191723.52, "Plan Rows": 3779, "Plan Width": 8, "Inner Unique": true, "Join Filter": "(cn.id = mc.company_id)", "Plans": [{"Node Type": "Index Scan", "Parent Relationship": "Outer", "Scan Direction": "Forward", "Index Name": "company_type_id_movie_companies", "Relation Name": "movie_companies", "Alias": "mc", "Startup Cost": 10000000000.0, "Total Cost": 1000009318217.0, "Plan Rows": 2609128, "Plan Width": 12}, {"Node Type": "Materialize", "Parent Relationship": "Inner", "Startup Cost": 10000000000.0, "Total Cost": 1000001050140.22, "Plan Rows": 251, "Plan Width": 4, "Plans": [{"Node Type": "Index Scan", "Parent Relationship": "Outer", "Scan Direction": "Forward", "Index Name": "company_name_pkey", "Relation Name": "company_name", "Alias": "cn", "Startup Cost": 10000000000.0, "Total Cost": 1000001050138.97, "Plan Rows": 251, "Plan Width": 4, "Filter": "((country_code)::text = '[ru]'::text)"}]}]}]}]}, {"Node Type": "Materialize", "Parent Relationship": "Inner", "Startup Cost": 10000000000.0, "Total Cost": 1000000000829.52, "Plan Rows": 3, "Plan Width": 4, "Plans": [{"Node Type": "Index Only Scan", "Parent Relationship": "Outer", "Scan Direction": "Forward", "Index Name": "company_type_pkey", "Relation Name": "company_type", "Alias": "ct", "Startup Cost": 10000000000.0, "Total Cost": 1000000000829.5, "Plan Rows": 3, "Plan Width": 4}]}]}, {"Node Type": "Materialize", "Parent Relationship": "Inner", "Startup Cost": 10000000000.0, "Total Cost": 1000011649194.12, "Plan Rows": 1013492, "Plan Width": 21, "Plans": [{"Node Type": "Index Scan", "Parent Relationship": "Outer", "Scan Direction": "Forward", "Index Name": "title_pkey", "Relation Name": "title", "Alias": "t", "Startup Cost": 10000000000.0, "Total Cost": 1000011644126.66, "Plan Rows": 1013492, "Plan Width": 21, "Filter": "(production_year > 2005), (LLVM Optimized)"}]}]}, {"Node Type": "Index Scan", "Parent Relationship": "Inner", "Scan Direction": "Forward", "Index Name": "char_name_pkey", "Relation Name": "char_name", "Alias": "chn", "Startup Cost": 10000000000.0, "Total Cost": 1000012987545.51, "Plan Rows": 3140338, "Plan Width": 20}]}]}, "Unique SQL Id": 2933943827, "Planner Runtime": 39}, "explain_analyze_plan": null}, "(16, 28)": {"explain_plan": {"Plan": {"Node Type": "Aggregate", "Strategy": "Plain", "Startup Cost": 19897.43, "Total Cost": 19897.44, "Plan Rows": 1, "Plan Width": 97, "Plans": [{"Node Type": "Nested Loop", "Parent Relationship": "Outer", "Join Type": "Inner", "Startup Cost": 0.0, "Total Cost": 19897.42, "Plan Rows": 2, "Plan Width": 33, "Inner Unique": true, "Plans": [{"Node Type": "Nested Loop", "Parent Relationship": "Outer", "Join Type": "Inner", "Startup Cost": 0.0, "Total Cost": 19896.86, "Plan Rows": 2, "Plan Width": 37, "Inner Unique": true, "Plans": [{"Node Type": "Nested Loop", "Parent Relationship": "Outer", "Join Type": "Inner", "Startup Cost": 0.0, "Total Cost": 19869.97, "Plan Rows": 5, "Plan Width": 25, "Inner Unique": true, "Plans": [{"Node Type": "Nested Loop", "Parent Relationship": "Outer", "Join Type": "Inner", "Startup Cost": 0.0, "Total Cost": 19867.87, "Plan Rows": 6, "Plan Width": 16, "Inner Unique": false, "Join Filter": "(ci.role_id = rt.id)", "Plans": [{"Node Type": "Seq Scan", "Parent Relationship": "Outer", "Relation Name": "role_type", "Alias": "rt", "Startup Cost": 0.0, "Total Cost": 1.15, "Plan Rows": 1, "Plan Width": 4, "Filter": "((role)::text = 'actor'::text)"}, {"Node Type": "Nested Loop", "Parent Relationship": "Inner", "Join Type": "Inner", "Startup Cost": 0.0, "Total Cost": 19865.87, "Plan Rows": 68, "Plan Width": 20, "Inner Unique": false, "Plans": [{"Node Type": "Nested Loop", "Parent Relationship": "Outer", "Join Type": "Inner", "Startup Cost": 0.0, "Total Cost": 16121.55, "Plan Rows": 3779, "Plan Width": 8, "Inner Unique": false, "Plans": [{"Node Type": "Seq Scan", "Parent Relationship": "Outer", "Relation Name": "company_name", "Alias": "cn", "Startup Cost": 0.0, "Total Cost": 5903.45, "Plan Rows": 251, "Plan Width": 4, "Filter": "((country_code)::text = '[ru]'::text)"}, {"Node Type": "Index Scan", "Parent Relationship": "Inner", "Scan Direction": "Forward", "Index Name": "company_id_movie_companies", "Relation Name": "movie_companies", "Alias": "mc", "Startup Cost": 0.0, "Total Cost": 40.56, "Plan Rows": 15, "Plan Width": 12, "Index Cond": "(company_id = cn.id)"}]}, {"Node Type": "Index Scan", "Parent Relationship": "Inner", "Scan Direction": "Forward", "Index Name": "movie_id_cast_info", "Relation Name": "cast_info", "Alias": "ci", "Startup Cost": 0.0, "Total Cost": 0.98, "Plan Rows": 1, "Plan Width": 12, "Index Cond": "(movie_id = mc.movie_id)", "Filter": "(((note)::text ~~ '%(voice)%'::text) AND ((note)::text ~~ '%(uncredited)%'::text))"}]}]}, {"Node Type": "Index Scan", "Parent Relationship": "Inner", "Scan Direction": "Forward", "Index Name": "title_pkey", "Relation Name": "title", "Alias": "t", "Startup Cost": 0.0, "Total Cost": 0.34, "Plan Rows": 1, "Plan Width": 21, "Index Cond": "(id = mc.movie_id)", "Filter": "(production_year > 2005)"}]}, {"Node Type": "Index Scan", "Parent Relationship": "Inner", "Scan Direction": "Forward", "Index Name": "char_name_pkey", "Relation Name": "char_name", "Alias": "chn", "Startup Cost": 0.0, "Total Cost": 5.37, "Plan Rows": 1, "Plan Width": 20, "Index Cond": "(id = ci.person_role_id)"}]}, {"Node Type": "Index Scan", "Parent Relationship": "Inner", "Scan Direction": "Forward", "Index Name": "company_type_pkey", "Relation Name": "company_type", "Alias": "ct", "Startup Cost": 0.0, "Total Cost": 0.27, "Plan Rows": 1, "Plan Width": 4, "Index Cond": "(id = mc.company_type_id)"}]}]}, "Unique SQL Id": 2933943827, "Planner Runtime": 13}, "explain_analyze_plan": {"Plan": {"Node Type": "Aggregate", "Strategy": "Plain", "Startup Cost": 19897.43, "Total Cost": 19897.44, "Plan Rows": 1, "Plan Width": 97, "Actual Startup Time": 1044.453, "Actual Total Time": 1044.453, "Actual Rows": 1, "Actual Loops": 1, "Plans": [{"Node Type": "Nested Loop", "Parent Relationship": "Outer", "Join Type": "Inner", "Startup Cost": 0.0, "Total Cost": 19897.42, "Plan Rows": 2, "Plan Width": 33, "Actual Startup Time": 61.95, "Actual Total Time": 1044.352, "Actual Rows": 18, "Actual Loops": 1, "Inner Unique": true, "Plans": [{"Node Type": "Nested Loop", "Parent Relationship": "Outer", "Join Type": "Inner", "Startup Cost": 0.0, "Total Cost": 19896.86, "Plan Rows": 2, "Plan Width": 37, "Actual Startup Time": 12.333, "Actual Total Time": 1044.034, "Actual Rows": 104, "Actual Loops": 1, "Inner Unique": true, "Plans": [{"Node Type": "Nested Loop", "Parent Relationship": "Outer", "Join Type": "Inner", "Startup Cost": 0.0, "Total Cost": 19869.97, "Plan Rows": 5, "Plan Width": 25, "Actual Startup Time": 12.321, "Actual Total Time": 1042.856, "Actual Rows": 112, "Actual Loops": 1, "Inner Unique": true, "Plans": [{"Node Type": "Nested Loop", "Parent Relationship": "Outer", "Join Type": "Inner", "Startup Cost": 0.0, "Total Cost": 19867.87, "Plan Rows": 6, "Plan Width": 16, "Actual Startup Time": 0.86, "Actual Total Time": 1040.304, "Actual Rows": 275, "Actual Loops": 1, "Inner Unique": false, "Join Filter": "(ci.role_id = rt.id)", "Rows Removed by Join Filter": 102, "Plans": [{"Node Type": "Seq Scan", "Parent Relationship": "Outer", "Relation Name": "role_type", "Alias": "rt", "Startup Cost": 0.0, "Total Cost": 1.15, "Plan Rows": 1, "Plan Width": 4, "Actual Startup Time": 0.016, "Actual Total Time": 0.025, "Actual Rows": 1, "Actual Loops": 1, "Filter": "((role)::text = 'actor'::text)", "Rows Removed by Filter": 11}, {"Node Type": "Nested Loop", "Parent Relationship": "Inner", "Join Type": "Inner", "Startup Cost": 0.0, "Total Cost": 19865.87, "Plan Rows": 68, "Plan Width": 20, "Actual Startup Time": 0.837, "Actual Total Time": 1040.014, "Actual Rows": 377, "Actual Loops": 1, "Inner Unique": false, "Plans": [{"Node Type": "Nested Loop", "Parent Relationship": "Outer", "Join Type": "Inner", "Startup Cost": 0.0, "Total Cost": 16121.55, "Plan Rows": 3779, "Plan Width": 8, "Actual Startup Time": 0.057, "Actual Total Time": 114.57, "Actual Rows": 8790, "Actual Loops": 1, "Inner Unique": false, "Plans": [{"Node Type": "Seq Scan", "Parent Relationship": "Outer", "Relation Name": "company_name", "Alias": "cn", "Startup Cost": 0.0, "Total Cost": 5903.45, "Plan Rows": 251, "Plan Width": 4, "Actual Startup Time": 0.036, "Actual Total Time": 85.328, "Actual Rows": 1361, "Actual Loops": 1, "Filter": "((country_code)::text = '[ru]'::text)", "Rows Removed by Filter": 233635}, {"Node Type": "Index Scan", "Parent Relationship": "Inner", "Scan Direction": "Forward", "Index Name": "company_id_movie_companies", "Relation Name": "movie_companies", "Alias": "mc", "Startup Cost": 0.0, "Total Cost": 40.56, "Plan Rows": 15, "Plan Width": 12, "Actual Startup Time": 10.803, "Actual Total Time": 26.091, "Actual Rows": 8790, "Actual Loops": 1361, "Index Cond": "(company_id = cn.id)", "Rows Removed by Index Recheck": 0}]}, {"Node Type": "Index Scan", "Parent Relationship": "Inner", "Scan Direction": "Forward", "Index Name": "movie_id_cast_info", "Relation Name": "cast_info", "Alias": "ci", "Startup Cost": 0.0, "Total Cost": 0.98, "Plan Rows": 1, "Plan Width": 12, "Actual Startup Time": 865.63, "Actual Total Time": 920.19, "Actual Rows": 377, "Actual Loops": 8790, "Index Cond": "(movie_id = mc.movie_id)", "Rows Removed by Index Recheck": 0, "Filter": "(((note)::text ~~ '%(voice)%'::text) AND ((note)::text ~~ '%(uncredited)%'::text))", "Rows Removed by Filter": 408168}]}]}, {"Node Type": "Index Scan", "Parent Relationship": "Inner", "Scan Direction": "Forward", "Index Name": "title_pkey", "Relation Name": "title", "Alias": "t", "Startup Cost": 0.0, "Total Cost": 0.34, "Plan Rows": 1, "Plan Width": 21, "Actual Startup Time": 2.175, "Actual Total Time": 2.175, "Actual Rows": 112, "Actual Loops": 275, "Index Cond": "(id = mc.movie_id)", "Rows Removed by Index Recheck": 0, "Filter": "(production_year > 2005)", "Rows Removed by Filter": 163}]}, {"Node Type": "Index Scan", "Parent Relationship": "Inner", "Scan Direction": "Forward", "Index Name": "char_name_pkey", "Relation Name": "char_name", "Alias": "chn", "Startup Cost": 0.0, "Total Cost": 5.37, "Plan Rows": 1, "Plan Width": 20, "Actual Startup Time": 0.95, "Actual Total Time": 0.95, "Actual Rows": 104, "Actual Loops": 112, "Index Cond": "(id = ci.person_role_id)", "Rows Removed by Index Recheck": 0}]}, {"Node Type": "Index Scan", "Parent Relationship": "Inner", "Scan Direction": "Forward", "Index Name": "company_type_pkey", "Relation Name": "company_type", "Alias": "ct", "Startup Cost": 0.0, "Total Cost": 0.27, "Plan Rows": 1, "Plan Width": 4, "Actual Startup Time": 0.173, "Actual Total Time": 0.173, "Actual Rows": 18, "Actual Loops": 104, "Index Cond": "(id = mc.company_type_id)", "Rows Removed by Index Recheck": 0}]}]}, "Triggers": [], "Planner Runtime": 6, "Total Runtime": 1044.846, "Unique SQL Id": 2933943827}}, "(16, 29)": {"explain_plan": {"Plan": {"Node Type": "Aggregate", "Strategy": "Plain", "Startup Cost": 24506.67, "Total Cost": 24506.68, "Plan Rows": 1, "Plan Width": 97, "Plans": [{"Node Type": "Nested Loop", "Parent Relationship": "Outer", "Join Type": "Inner", "Startup Cost": 0.0, "Total Cost": 24506.66, "Plan Rows": 2, "Plan Width": 33, "Inner Unique": true, "Plans": [{"Node Type": "Nested Loop", "Parent Relationship": "Outer", "Join Type": "Inner", "Startup Cost": 0.0, "Total Cost": 24506.1, "Plan Rows": 2, "Plan Width": 37, "Inner Unique": true, "Plans": [{"Node Type": "Nested Loop", "Parent Relationship": "Outer", "Join Type": "Inner", "Startup Cost": 0.0, "Total Cost": 24479.22, "Plan Rows": 5, "Plan Width": 25, "Inner Unique": true, "Plans": [{"Node Type": "Nested Loop", "Parent Relationship": "Outer", "Join Type": "Inner", "Startup Cost": 0.0, "Total Cost": 24477.12, "Plan Rows": 6, "Plan Width": 16, "Inner Unique": false, "Join Filter": "(ci.role_id = rt.id)", "Plans": [{"Node Type": "Index Scan", "Parent Relationship": "Outer", "Scan Direction": "Forward", "Index Name": "role_type_pkey", "Relation Name": "role_type", "Alias": "rt", "Startup Cost": 0.0, "Total Cost": 12.46, "Plan Rows": 1, "Plan Width": 4, "Filter": "((role)::text = 'actor'::text)"}, {"Node Type": "Nested Loop", "Parent Relationship": "Inner", "Join Type": "Inner", "Startup Cost": 0.0, "Total Cost": 24463.81, "Plan Rows": 68, "Plan Width": 20, "Inner Unique": false, "Plans": [{"Node Type": "Nested Loop", "Parent Relationship": "Outer", "Join Type": "Inner", "Startup Cost": 0.0, "Total Cost": 20719.49, "Plan Rows": 3779, "Plan Width": 8, "Inner Unique": false, "Plans": [{"Node Type": "Index Scan", "Parent Relationship": "Outer", "Scan Direction": "Forward", "Index Name": "company_name_pkey", "Relation Name": "company_name", "Alias": "cn", "Startup Cost": 0.0, "Total Cost": 10501.39, "Plan Rows": 251, "Plan Width": 4, "Filter": "((country_code)::text = '[ru]'::text)"}, {"Node Type": "Index Scan", "Parent Relationship": "Inner", "Scan Direction": "Forward", "Index Name": "company_id_movie_companies", "Relation Name": "movie_companies", "Alias": "mc", "Startup Cost": 0.0, "Total Cost": 40.56, "Plan Rows": 15, "Plan Width": 12, "Index Cond": "(company_id = cn.id)"}]}, {"Node Type": "Index Scan", "Parent Relationship": "Inner", "Scan Direction": "Forward", "Index Name": "movie_id_cast_info", "Relation Name": "cast_info", "Alias": "ci", "Startup Cost": 0.0, "Total Cost": 0.98, "Plan Rows": 1, "Plan Width": 12, "Index Cond": "(movie_id = mc.movie_id)", "Filter": "(((note)::text ~~ '%(voice)%'::text) AND ((note)::text ~~ '%(uncredited)%'::text))"}]}]}, {"Node Type": "Index Scan", "Parent Relationship": "Inner", "Scan Direction": "Forward", "Index Name": "title_pkey", "Relation Name": "title", "Alias": "t", "Startup Cost": 0.0, "Total Cost": 0.34, "Plan Rows": 1, "Plan Width": 21, "Index Cond": "(id = mc.movie_id)", "Filter": "(production_year > 2005)"}]}, {"Node Type": "Index Scan", "Parent Relationship": "Inner", "Scan Direction": "Forward", "Index Name": "char_name_pkey", "Relation Name": "char_name", "Alias": "chn", "Startup Cost": 0.0, "Total Cost": 5.37, "Plan Rows": 1, "Plan Width": 20, "Index Cond": "(id = ci.person_role_id)"}]}, {"Node Type": "Index Scan", "Parent Relationship": "Inner", "Scan Direction": "Forward", "Index Name": "company_type_pkey", "Relation Name": "company_type", "Alias": "ct", "Startup Cost": 0.0, "Total Cost": 0.27, "Plan Rows": 1, "Plan Width": 4, "Index Cond": "(id = mc.company_type_id)"}]}]}, "Unique SQL Id": 2933943827, "Planner Runtime": 10}, "explain_analyze_plan": {"Plan": {"Node Type": "Aggregate", "Strategy": "Plain", "Startup Cost": 24506.67, "Total Cost": 24506.68, "Plan Rows": 1, "Plan Width": 97, "Actual Startup Time": 1291.61, "Actual Total Time": 1291.611, "Actual Rows": 1, "Actual Loops": 1, "Plans": [{"Node Type": "Nested Loop", "Parent Relationship": "Outer", "Join Type": "Inner", "Startup Cost": 0.0, "Total Cost": 24506.66, "Plan Rows": 2, "Plan Width": 33, "Actual Startup Time": 37.858, "Actual Total Time": 1291.529, "Actual Rows": 18, "Actual Loops": 1, "Inner Unique": true, "Plans": [{"Node Type": "Nested Loop", "Parent Relationship": "Outer", "Join Type": "Inner", "Startup Cost": 0.0, "Total Cost": 24506.1, "Plan Rows": 2, "Plan Width": 37, "Actual Startup Time": 29.171, "Actual Total Time": 1291.214, "Actual Rows": 104, "Actual Loops": 1, "Inner Unique": true, "Plans": [{"Node Type": "Nested Loop", "Parent Relationship": "Outer", "Join Type": "Inner", "Startup Cost": 0.0, "Total Cost": 24479.22, "Plan Rows": 5, "Plan Width": 25, "Actual Startup Time": 29.155, "Actual Total Time": 1289.962, "Actual Rows": 112, "Actual Loops": 1, "Inner Unique": true, "Plans": [{"Node Type": "Nested Loop", "Parent Relationship": "Outer", "Join Type": "Inner", "Startup Cost": 0.0, "Total Cost": 24477.12, "Plan Rows": 6, "Plan Width": 16, "Actual Startup Time": 9.022, "Actual Total Time": 1287.312, "Actual Rows": 275, "Actual Loops": 1, "Inner Unique": false, "Join Filter": "(ci.role_id = rt.id)", "Rows Removed by Join Filter": 102, "Plans": [{"Node Type": "Index Scan", "Parent Relationship": "Outer", "Scan Direction": "Forward", "Index Name": "role_type_pkey", "Relation Name": "role_type", "Alias": "rt", "Startup Cost": 0.0, "Total Cost": 12.46, "Plan Rows": 1, "Plan Width": 4, "Actual Startup Time": 0.018, "Actual Total Time": 0.032, "Actual Rows": 1, "Actual Loops": 1, "Filter": "((role)::text = 'actor'::text)", "Rows Removed by Filter": 11}, {"Node Type": "Nested Loop", "Parent Relationship": "Inner", "Join Type": "Inner", "Startup Cost": 0.0, "Total Cost": 24463.81, "Plan Rows": 68, "Plan Width": 20, "Actual Startup Time": 8.997, "Actual Total Time": 1287.023, "Actual Rows": 377, "Actual Loops": 1, "Inner Unique": false, "Plans": [{"Node Type": "Nested Loop", "Parent Relationship": "Outer", "Join Type": "Inner", "Startup Cost": 0.0, "Total Cost": 20719.49, "Plan Rows": 3779, "Plan Width": 8, "Actual Startup Time": 0.754, "Actual Total Time": 347.85, "Actual Rows": 8790, "Actual Loops": 1, "Inner Unique": false, "Plans": [{"Node Type": "Index Scan", "Parent Relationship": "Outer", "Scan Direction": "Forward", "Index Name": "company_name_pkey", "Relation Name": "company_name", "Alias": "cn", "Startup Cost": 0.0, "Total Cost": 10501.39, "Plan Rows": 251, "Plan Width": 4, "Actual Startup Time": 0.735, "Actual Total Time": 319.335, "Actual Rows": 1361, "Actual Loops": 1, "Filter": "((country_code)::text = '[ru]'::text)", "Rows Removed by Filter": 233635}, {"Node Type": "Index Scan", "Parent Relationship": "Inner", "Scan Direction": "Forward", "Index Name": "company_id_movie_companies", "Relation Name": "movie_companies", "Alias": "mc", "Startup Cost": 0.0, "Total Cost": 40.56, "Plan Rows": 15, "Plan Width": 12, "Actual Startup Time": 9.592, "Actual Total Time": 25.063, "Actual Rows": 8790, "Actual Loops": 1361, "Index Cond": "(company_id = cn.id)", "Rows Removed by Index Recheck": 0}]}, {"Node Type": "Index Scan", "Parent Relationship": "Inner", "Scan Direction": "Forward", "Index Name": "movie_id_cast_info", "Relation Name": "cast_info", "Alias": "ci", "Startup Cost": 0.0, "Total Cost": 0.98, "Plan Rows": 1, "Plan Width": 12, "Actual Startup Time": 878.611, "Actual Total Time": 933.777, "Actual Rows": 377, "Actual Loops": 8790, "Index Cond": "(movie_id = mc.movie_id)", "Rows Removed by Index Recheck": 0, "Filter": "(((note)::text ~~ '%(voice)%'::text) AND ((note)::text ~~ '%(uncredited)%'::text))", "Rows Removed by Filter": 408168}]}]}, {"Node Type": "Index Scan", "Parent Relationship": "Inner", "Scan Direction": "Forward", "Index Name": "title_pkey", "Relation Name": "title", "Alias": "t", "Startup Cost": 0.0, "Total Cost": 0.34, "Plan Rows": 1, "Plan Width": 21, "Actual Startup Time": 2.271, "Actual Total Time": 2.271, "Actual Rows": 112, "Actual Loops": 275, "Index Cond": "(id = mc.movie_id)", "Rows Removed by Index Recheck": 0, "Filter": "(production_year > 2005)", "Rows Removed by Filter": 163}]}, {"Node Type": "Index Scan", "Parent Relationship": "Inner", "Scan Direction": "Forward", "Index Name": "char_name_pkey", "Relation Name": "char_name", "Alias": "chn", "Startup Cost": 0.0, "Total Cost": 5.37, "Plan Rows": 1, "Plan Width": 20, "Actual Startup Time": 0.997, "Actual Total Time": 0.997, "Actual Rows": 104, "Actual Loops": 112, "Index Cond": "(id = ci.person_role_id)", "Rows Removed by Index Recheck": 0}]}, {"Node Type": "Index Scan", "Parent Relationship": "Inner", "Scan Direction": "Forward", "Index Name": "company_type_pkey", "Relation Name": "company_type", "Alias": "ct", "Startup Cost": 0.0, "Total Cost": 0.27, "Plan Rows": 1, "Plan Width": 4, "Actual Startup Time": 0.156, "Actual Total Time": 0.156, "Actual Rows": 18, "Actual Loops": 104, "Index Cond": "(id = mc.company_type_id)", "Rows Removed by Index Recheck": 0}]}]}, "Triggers": [], "Planner Runtime": 6, "Total Runtime": 1292.039, "Unique SQL Id": 2933943827}}, "(16, 30)": {"explain_plan": {"Plan": {"Node Type": "Aggregate", "Strategy": "Plain", "Startup Cost": 256405.69, "Total Cost": 256405.72, "Plan Rows": 1, "Plan Width": 97, "Plans": [{"Node Type": "Streaming(type: LOCAL GATHER dop: 1/16)", "Parent Relationship": "Outer", "Startup Cost": 256405.69, "Total Cost": 256405.72, "Plan Rows": 1, "Plan Width": 97, "Plans": [{"Node Type": "Aggregate", "Strategy": "Plain", "Parent Relationship": "Outer", "Startup Cost": 256405.69, "Total Cost": 256405.7, "Plan Rows": 1, "Plan Width": 97, "Plans": [{"Node Type": "Nested Loop", "Parent Relationship": "Outer", "Join Type": "Inner", "Startup Cost": 167491.82, "Total Cost": 256405.68, "Plan Rows": 2, "Plan Width": 33, "Inner Unique": false, "Join Filter": "(mc.movie_id = t.id)", "Plans": [{"Node Type": "Seq Scan", "Parent Relationship": "Outer", "Relation Name": "title", "Alias": "t", "Startup Cost": 0.0, "Total Cost": 19149.37, "Plan Rows": 1013492, "Plan Width": 21, "Filter": "(production_year > 2005), (LLVM Optimized)"}, {"Node Type": "Materialize", "Parent Relationship": "Inner", "Startup Cost": 167491.82, "Total Cost": 234405.87, "Plan Rows": 48, "Plan Width": 24, "Plans": [{"Node Type": "Streaming(type: BROADCAST dop: 16/16)", "Parent Relationship": "Outer", "Startup Cost": 167491.82, "Total Cost": 234405.86, "Plan Rows": 48, "Plan Width": 24, "Plans": [{"Node Type": "Nested Loop", "Parent Relationship": "Outer", "Join Type": "Inner", "Startup Cost": 167491.82, "Total Cost": 219405.74, "Plan Rows": 3, "Plan Width": 24, "Inner Unique": false, "Join Filter": "(ci.person_role_id = chn.id)", "Plans": [{"Node Type": "Seq Scan", "Parent Relationship": "Outer", "Relation Name": "char_name", "Alias": "chn", "Startup Cost": 0.0, "Total Cost": 19218.34, "Plan Rows": 3140338, "Plan Width": 20}, {"Node Type": "Materialize", "Parent Relationship": "Inner", "Startup Cost": 167491.82, "Total Cost": 182523.01, "Plan Rows": 96, "Plan Width": 12, "Plans": [{"Node Type": "Streaming(type: BROADCAST dop: 16/1)", "Parent Relationship": "Outer", "Startup Cost": 167491.82, "Total Cost": 182522.98, "Plan Rows": 96, "Plan Width": 12, "Plans": [{"Node Type": "Merge Join", "Parent Relationship": "Outer", "Join Type": "Inner", "Startup Cost": 167491.82, "Total Cost": 167520.91, "Plan Rows": 6, "Plan Width": 12, "Inner Unique": false, "Merge Cond": "(ci.movie_id = mc.movie_id)", "Plans": [{"Node Type": "Sort", "Parent Relationship": "Outer", "Startup Cost": 64820.81, "Total Cost": 64825.87, "Plan Rows": 2027, "Plan Width": 8, "Sort Key": ["ci.movie_id"], "Plans": [{"Node Type": "Nested Loop", "Parent Relationship": "Outer", "Join Type": "Inner", "Startup Cost": 0.0, "Total Cost": 64709.47, "Plan Rows": 2027, "Plan Width": 8, "Inner Unique": false, "Join Filter": "(ci.role_id = rt.id)", "Plans": [{"Node Type": "Seq Scan", "Parent Relationship": "Outer", "Relation Name": "role_type", "Alias": "rt", "Startup Cost": 0.0, "Total Cost": 1.15, "Plan Rows": 1, "Plan Width": 4, "Filter": "((role)::text = 'actor'::text)"}, {"Node Type": "Materialize", "Parent Relationship": "Inner", "Startup Cost": 0.0, "Total Cost": 64485.37, "Plan Rows": 22295, "Plan Width": 12, "Plans": [{"Node Type": "Streaming(type: LOCAL GATHER dop: 1/16)", "Parent Relationship": "Outer", "Startup Cost": 0.0, "Total Cost": 64429.63, "Plan Rows": 22295, "Plan Width": 12, "Plans": [{"Node Type": "Seq Scan", "Parent Relationship": "Outer", "Relation Name": "cast_info", "Alias": "ci", "Startup Cost": 0.0, "Total Cost": 63948.46, "Plan Rows": 22295, "Plan Width": 12, "Filter": "(((note)::text ~~ '%(voice)%'::text) AND ((note)::text ~~ '%(uncredited)%'::text))"}]}]}]}]}, {"Node Type": "Sort", "Parent Relationship": "Inner", "Startup Cost": 102671.01, "Total Cost": 102680.46, "Plan Rows": 3779, "Plan Width": 4, "Sort Key": ["mc.movie_id"], "Plans": [{"Node Type": "Nested Loop", "Parent Relationship": "Outer", "Join Type": "Inner", "Startup Cost": 0.0, "Total Cost": 102446.47, "Plan Rows": 3779, "Plan Width": 4, "Inner Unique": true, "Join Filter": "(mc.company_type_id = ct.id)", "Plans": [{"Node Type": "Streaming(type: LOCAL GATHER dop: 1/16)", "Parent Relationship": "Outer", "Startup Cost": 0.0, "Total Cost": 102275.38, "Plan Rows": 3779, "Plan Width": 8, "Plans": [{"Node Type": "Nested Loop", "Parent Relationship": "Outer", "Join Type": "Inner", "Startup Cost": 0.0, "Total Cost": 102193.82, "Plan Rows": 3779, "Plan Width": 8, "Inner Unique": false, "Join Filter": "(cn.id = mc.company_id)", "Plans": [{"Node Type": "Streaming(type: LOCAL REDISTRIBUTE dop: 16/1)", "Parent Relationship": "Outer", "Startup Cost": 0.0, "Total Cost": 20913.89, "Plan Rows": 251, "Plan Width": 4, "Plans": [{"Node Type": "Seq Scan", "Parent Relationship": "Outer", "Relation Name": "company_name", "Alias": "cn", "Startup Cost": 0.0, "Total Cost": 5903.45, "Plan Rows": 251, "Plan Width": 4, "Filter": "((country_code)::text = '[ru]'::text)"}]}, {"Node Type": "Materialize", "Parent Relationship": "Inner", "Startup Cost": 0.0, "Total Cost": 43315.08, "Plan Rows": 2609128, "Plan Width": 12, "Plans": [{"Node Type": "Streaming(type: LOCAL REDISTRIBUTE dop: 16/16)", "Parent Relationship": "Outer", "Startup Cost": 0.0, "Total Cost": 42499.73, "Plan Rows": 2609128, "Plan Width": 12, "Plans": [{"Node Type": "Seq Scan", "Parent Relationship": "Outer", "Relation Name": "movie_companies", "Alias": "mc", "Startup Cost": 0.0, "Total Cost": 17613.58, "Plan Rows": 2609128, "Plan Width": 12}]}]}]}]}, {"Node Type": "Materialize", "Parent Relationship": "Inner", "Startup Cost": 0.0, "Total Cost": 1.04, "Plan Rows": 3, "Plan Width": 4, "Plans": [{"Node Type": "Seq Scan", "Parent Relationship": "Outer", "Relation Name": "company_type", "Alias": "ct", "Startup Cost": 0.0, "Total Cost": 1.03, "Plan Rows": 3, "Plan Width": 4}]}]}]}]}]}]}]}]}]}]}]}]}]}, "Unique SQL Id": 2933943827, "Planner Runtime": 17}, "explain_analyze_plan": null}, "(16, 31)": {"explain_plan": {"Plan": {"Node Type": "Aggregate", "Strategy": "Plain", "Startup Cost": 3605831579539.19, "Total Cost": 3605831579539.2, "Plan Rows": 1, "Plan Width": 97, "Plans": [{"Node Type": "Merge Join", "Parent Relationship": "Outer", "Join Type": "Inner", "Startup Cost": 70000000000.0, "Total Cost": 3605831579539.17, "Plan Rows": 4, "Plan Width": 33, "Inner Unique": true, "Merge Cond": "(ci.person_role_id = chn.id)", "Plans": [{"Node Type": "Nested Loop", "Parent Relationship": "Outer", "Join Type": "Inner", "Startup Cost": 60000000000.0, "Total Cost": 6000243362999.82, "Plan Rows": 7, "Plan Width": 21, "Inner Unique": true, "Join Filter": "(mc.movie_id = t.id)", "Plans": [{"Node Type": "Nested Loop", "Parent Relationship": "Outer", "Join Type": "Inner", "Startup Cost": 50000000000.0, "Total Cost": 5000231625125.14, "Plan Rows": 6, "Plan Width": 12, "Inner Unique": true, "Join Filter": "(mc.company_type_id = ct.id)", "Plans": [{"Node Type": "Nested Loop", "Parent Relationship": "Outer", "Join Type": "Inner", "Startup Cost": 40000000000.0, "Total Cost": 4000231623895.37, "Plan Rows": 6, "Plan Width": 16, "Inner Unique": false, "Join Filter": "(ci.movie_id = mc.movie_id)", "Plans": [{"Node Type": "Nested Loop", "Parent Relationship": "Outer", "Join Type": "Inner", "Startup Cost": 20000000000.0, "Total Cost": 2000211317261.91, "Plan Rows": 2027, "Plan Width": 8, "Inner Unique": true, "Join Filter": "(ci.role_id = rt.id)", "Plans": [{"Node Type": "Index Scan", "Parent Relationship": "Outer", "Scan Direction": "Forward", "Index Name": "person_role_id_cast_info", "Relation Name": "cast_info", "Alias": "ci", "Startup Cost": 10000000000.0, "Total Cost": 1000211315681.48, "Plan Rows": 22295, "Plan Width": 12, "Filter": "(((note)::text ~~ '%(voice)%'::text) AND ((note)::text ~~ '%(uncredited)%'::text))"}, {"Node Type": "Materialize", "Parent Relationship": "Inner", "Startup Cost": 10000000000.0, "Total Cost": 1000000001246.0, "Plan Rows": 1, "Plan Width": 4, "Plans": [{"Node Type": "Index Scan", "Parent Relationship": "Outer", "Scan Direction": "Forward", "Index Name": "role_type_pkey", "Relation Name": "role_type", "Alias": "rt", "Startup Cost": 10000000000.0, "Total Cost": 1000000001246.0, "Plan Rows": 1, "Plan Width": 4, "Filter": "((role)::text = 'actor'::text)"}]}]}, {"Node Type": "Materialize", "Parent Relationship": "Inner", "Startup Cost": 20000000000.0, "Total Cost": 2000020191742.41, "Plan Rows": 3779, "Plan Width": 8, "Plans": [{"Node Type": "Nested Loop", "Parent Relationship": "Outer", "Join Type": "Inner", "Startup Cost": 20000000000.0, "Total Cost": 2000020191723.52, "Plan Rows": 3779, "Plan Width": 8, "Inner Unique": true, "Join Filter": "(cn.id = mc.company_id)", "Plans": [{"Node Type": "Index Scan", "Parent Relationship": "Outer", "Scan Direction": "Forward", "Index Name": "company_type_id_movie_companies", "Relation Name": "movie_companies", "Alias": "mc", "Startup Cost": 10000000000.0, "Total Cost": 1000009318217.0, "Plan Rows": 2609128, "Plan Width": 12}, {"Node Type": "Materialize", "Parent Relationship": "Inner", "Startup Cost": 10000000000.0, "Total Cost": 1000001050140.22, "Plan Rows": 251, "Plan Width": 4, "Plans": [{"Node Type": "Index Scan", "Parent Relationship": "Outer", "Scan Direction": "Forward", "Index Name": "company_name_pkey", "Relation Name": "company_name", "Alias": "cn", "Startup Cost": 10000000000.0, "Total Cost": 1000001050138.97, "Plan Rows": 251, "Plan Width": 4, "Filter": "((country_code)::text = '[ru]'::text)"}]}]}]}]}, {"Node Type": "Materialize", "Parent Relationship": "Inner", "Startup Cost": 10000000000.0, "Total Cost": 1000000001229.52, "Plan Rows": 3, "Plan Width": 4, "Plans": [{"Node Type": "Index Scan", "Parent Relationship": "Outer", "Scan Direction": "Forward", "Index Name": "company_type_pkey", "Relation Name": "company_type", "Alias": "ct", "Startup Cost": 10000000000.0, "Total Cost": 1000000001229.5, "Plan Rows": 3, "Plan Width": 4}]}]}, {"Node Type": "Materialize", "Parent Relationship": "Inner", "Startup Cost": 10000000000.0, "Total Cost": 1000011649194.12, "Plan Rows": 1013492, "Plan Width": 21, "Plans": [{"Node Type": "Index Scan", "Parent Relationship": "Outer", "Scan Direction": "Forward", "Index Name": "title_pkey", "Relation Name": "title", "Alias": "t", "Startup Cost": 10000000000.0, "Total Cost": 1000011644126.66, "Plan Rows": 1013492, "Plan Width": 21, "Filter": "(production_year > 2005), (LLVM Optimized)"}]}]}, {"Node Type": "Index Scan", "Parent Relationship": "Inner", "Scan Direction": "Forward", "Index Name": "char_name_pkey", "Relation Name": "char_name", "Alias": "chn", "Startup Cost": 10000000000.0, "Total Cost": 1000012987545.51, "Plan Rows": 3140338, "Plan Width": 20}]}]}, "Unique SQL Id": 2933943827, "Planner Runtime": 39}, "explain_analyze_plan": null}, "(16, 32)": {"explain_plan": {"Plan": {"Node Type": "Aggregate", "Strategy": "Plain", "Startup Cost": 19897.43, "Total Cost": 19897.44, "Plan Rows": 1, "Plan Width": 97, "Plans": [{"Node Type": "Nested Loop", "Parent Relationship": "Outer", "Join Type": "Inner", "Startup Cost": 0.0, "Total Cost": 19897.42, "Plan Rows": 2, "Plan Width": 33, "Inner Unique": true, "Plans": [{"Node Type": "Nested Loop", "Parent Relationship": "Outer", "Join Type": "Inner", "Startup Cost": 0.0, "Total Cost": 19896.86, "Plan Rows": 2, "Plan Width": 37, "Inner Unique": true, "Plans": [{"Node Type": "Nested Loop", "Parent Relationship": "Outer", "Join Type": "Inner", "Startup Cost": 0.0, "Total Cost": 19869.97, "Plan Rows": 5, "Plan Width": 25, "Inner Unique": true, "Plans": [{"Node Type": "Nested Loop", "Parent Relationship": "Outer", "Join Type": "Inner", "Startup Cost": 0.0, "Total Cost": 19867.87, "Plan Rows": 6, "Plan Width": 16, "Inner Unique": false, "Join Filter": "(ci.role_id = rt.id)", "Plans": [{"Node Type": "Seq Scan", "Parent Relationship": "Outer", "Relation Name": "role_type", "Alias": "rt", "Startup Cost": 0.0, "Total Cost": 1.15, "Plan Rows": 1, "Plan Width": 4, "Filter": "((role)::text = 'actor'::text)"}, {"Node Type": "Nested Loop", "Parent Relationship": "Inner", "Join Type": "Inner", "Startup Cost": 0.0, "Total Cost": 19865.87, "Plan Rows": 68, "Plan Width": 20, "Inner Unique": false, "Plans": [{"Node Type": "Nested Loop", "Parent Relationship": "Outer", "Join Type": "Inner", "Startup Cost": 0.0, "Total Cost": 16121.55, "Plan Rows": 3779, "Plan Width": 8, "Inner Unique": false, "Plans": [{"Node Type": "Seq Scan", "Parent Relationship": "Outer", "Relation Name": "company_name", "Alias": "cn", "Startup Cost": 0.0, "Total Cost": 5903.45, "Plan Rows": 251, "Plan Width": 4, "Filter": "((country_code)::text = '[ru]'::text)"}, {"Node Type": "Index Scan", "Parent Relationship": "Inner", "Scan Direction": "Forward", "Index Name": "company_id_movie_companies", "Relation Name": "movie_companies", "Alias": "mc", "Startup Cost": 0.0, "Total Cost": 40.56, "Plan Rows": 15, "Plan Width": 12, "Index Cond": "(company_id = cn.id)"}]}, {"Node Type": "Index Scan", "Parent Relationship": "Inner", "Scan Direction": "Forward", "Index Name": "movie_id_cast_info", "Relation Name": "cast_info", "Alias": "ci", "Startup Cost": 0.0, "Total Cost": 0.98, "Plan Rows": 1, "Plan Width": 12, "Index Cond": "(movie_id = mc.movie_id)", "Filter": "(((note)::text ~~ '%(voice)%'::text) AND ((note)::text ~~ '%(uncredited)%'::text))"}]}]}, {"Node Type": "Index Scan", "Parent Relationship": "Inner", "Scan Direction": "Forward", "Index Name": "title_pkey", "Relation Name": "title", "Alias": "t", "Startup Cost": 0.0, "Total Cost": 0.34, "Plan Rows": 1, "Plan Width": 21, "Index Cond": "(id = mc.movie_id)", "Filter": "(production_year > 2005)"}]}, {"Node Type": "Index Scan", "Parent Relationship": "Inner", "Scan Direction": "Forward", "Index Name": "char_name_pkey", "Relation Name": "char_name", "Alias": "chn", "Startup Cost": 0.0, "Total Cost": 5.37, "Plan Rows": 1, "Plan Width": 20, "Index Cond": "(id = ci.person_role_id)"}]}, {"Node Type": "Index Only Scan", "Parent Relationship": "Inner", "Scan Direction": "Forward", "Index Name": "company_type_pkey", "Relation Name": "company_type", "Alias": "ct", "Startup Cost": 0.0, "Total Cost": 0.27, "Plan Rows": 1, "Plan Width": 4, "Index Cond": "(id = mc.company_type_id)"}]}]}, "Unique SQL Id": 2933943827, "Planner Runtime": 21}, "explain_analyze_plan": {"Plan": {"Node Type": "Aggregate", "Strategy": "Plain", "Startup Cost": 19897.43, "Total Cost": 19897.44, "Plan Rows": 1, "Plan Width": 97, "Actual Startup Time": 752.517, "Actual Total Time": 752.517, "Actual Rows": 1, "Actual Loops": 1, "Plans": [{"Node Type": "Nested Loop", "Parent Relationship": "Outer", "Join Type": "Inner", "Startup Cost": 0.0, "Total Cost": 19897.42, "Plan Rows": 2, "Plan Width": 33, "Actual Startup Time": 42.918, "Actual Total Time": 752.405, "Actual Rows": 18, "Actual Loops": 1, "Inner Unique": true, "Plans": [{"Node Type": "Nested Loop", "Parent Relationship": "Outer", "Join Type": "Inner", "Startup Cost": 0.0, "Total Cost": 19896.86, "Plan Rows": 2, "Plan Width": 37, "Actual Startup Time": 9.466, "Actual Total Time": 752.096, "Actual Rows": 104, "Actual Loops": 1, "Inner Unique": true, "Plans": [{"Node Type": "Nested Loop", "Parent Relationship": "Outer", "Join Type": "Inner", "Startup Cost": 0.0, "Total Cost": 19869.97, "Plan Rows": 5, "Plan Width": 25, "Actual Startup Time": 9.456, "Actual Total Time": 751.256, "Actual Rows": 112, "Actual Loops": 1, "Inner Unique": true, "Plans": [{"Node Type": "Nested Loop", "Parent Relationship": "Outer", "Join Type": "Inner", "Startup Cost": 0.0, "Total Cost": 19867.87, "Plan Rows": 6, "Plan Width": 16, "Actual Startup Time": 0.862, "Actual Total Time": 749.228, "Actual Rows": 275, "Actual Loops": 1, "Inner Unique": false, "Join Filter": "(ci.role_id = rt.id)", "Rows Removed by Join Filter": 102, "Plans": [{"Node Type": "Seq Scan", "Parent Relationship": "Outer", "Relation Name": "role_type", "Alias": "rt", "Startup Cost": 0.0, "Total Cost": 1.15, "Plan Rows": 1, "Plan Width": 4, "Actual Startup Time": 0.024, "Actual Total Time": 0.03, "Actual Rows": 1, "Actual Loops": 1, "Filter": "((role)::text = 'actor'::text)", "Rows Removed by Filter": 11}, {"Node Type": "Nested Loop", "Parent Relationship": "Inner", "Join Type": "Inner", "Startup Cost": 0.0, "Total Cost": 19865.87, "Plan Rows": 68, "Plan Width": 20, "Actual Startup Time": 0.831, "Actual Total Time": 748.935, "Actual Rows": 377, "Actual Loops": 1, "Inner Unique": false, "Plans": [{"Node Type": "Nested Loop", "Parent Relationship": "Outer", "Join Type": "Inner", "Startup Cost": 0.0, "Total Cost": 16121.55, "Plan Rows": 3779, "Plan Width": 8, "Actual Startup Time": 0.059, "Actual Total Time": 101.306, "Actual Rows": 8790, "Actual Loops": 1, "Inner Unique": false, "Plans": [{"Node Type": "Seq Scan", "Parent Relationship": "Outer", "Relation Name": "company_name", "Alias": "cn", "Startup Cost": 0.0, "Total Cost": 5903.45, "Plan Rows": 251, "Plan Width": 4, "Actual Startup Time": 0.039, "Actual Total Time": 80.246, "Actual Rows": 1361, "Actual Loops": 1, "Filter": "((country_code)::text = '[ru]'::text)", "Rows Removed by Filter": 233635}, {"Node Type": "Index Scan", "Parent Relationship": "Inner", "Scan Direction": "Forward", "Index Name": "company_id_movie_companies", "Relation Name": "movie_companies", "Alias": "mc", "Startup Cost": 0.0, "Total Cost": 40.56, "Plan Rows": 15, "Plan Width": 12, "Actual Startup Time": 7.856, "Actual Total Time": 17.976, "Actual Rows": 8790, "Actual Loops": 1361, "Index Cond": "(company_id = cn.id)", "Rows Removed by Index Recheck": 0}]}, {"Node Type": "Index Scan", "Parent Relationship": "Inner", "Scan Direction": "Forward", "Index Name": "movie_id_cast_info", "Relation Name": "cast_info", "Alias": "ci", "Startup Cost": 0.0, "Total Cost": 0.98, "Plan Rows": 1, "Plan Width": 12, "Actual Startup Time": 604.989, "Actual Total Time": 642.377, "Actual Rows": 377, "Actual Loops": 8790, "Index Cond": "(movie_id = mc.movie_id)", "Rows Removed by Index Recheck": 0, "Filter": "(((note)::text ~~ '%(voice)%'::text) AND ((note)::text ~~ '%(uncredited)%'::text))", "Rows Removed by Filter": 408168}]}]}, {"Node Type": "Index Scan", "Parent Relationship": "Inner", "Scan Direction": "Forward", "Index Name": "title_pkey", "Relation Name": "title", "Alias": "t", "Startup Cost": 0.0, "Total Cost": 0.34, "Plan Rows": 1, "Plan Width": 21, "Actual Startup Time": 1.632, "Actual Total Time": 1.632, "Actual Rows": 112, "Actual Loops": 275, "Index Cond": "(id = mc.movie_id)", "Rows Removed by Index Recheck": 0, "Filter": "(production_year > 2005)", "Rows Removed by Filter": 163}]}, {"Node Type": "Index Scan", "Parent Relationship": "Inner", "Scan Direction": "Forward", "Index Name": "char_name_pkey", "Relation Name": "char_name", "Alias": "chn", "Startup Cost": 0.0, "Total Cost": 5.37, "Plan Rows": 1, "Plan Width": 20, "Actual Startup Time": 0.628, "Actual Total Time": 0.628, "Actual Rows": 104, "Actual Loops": 112, "Index Cond": "(id = ci.person_role_id)", "Rows Removed by Index Recheck": 0}]}, {"Node Type": "Index Only Scan", "Parent Relationship": "Inner", "Scan Direction": "Forward", "Index Name": "company_type_pkey", "Relation Name": "company_type", "Alias": "ct", "Startup Cost": 0.0, "Total Cost": 0.27, "Plan Rows": 1, "Plan Width": 4, "Actual Startup Time": 0.179, "Actual Total Time": 0.179, "Actual Rows": 18, "Actual Loops": 104, "Index Cond": "(id = mc.company_type_id)", "Rows Removed by Index Recheck": 0, "Heap Fetches": 0}]}]}, "Triggers": [], "Planner Runtime": 6, "Total Runtime": 752.901, "Unique SQL Id": 2933943827}}, "(16, 33)": {"explain_plan": {"Plan": {"Node Type": "Aggregate", "Strategy": "Plain", "Startup Cost": 22688.03, "Total Cost": 22688.04, "Plan Rows": 1, "Plan Width": 97, "Plans": [{"Node Type": "Nested Loop", "Parent Relationship": "Outer", "Join Type": "Inner", "Startup Cost": 2779.29, "Total Cost": 22688.02, "Plan Rows": 2, "Plan Width": 33, "Inner Unique": true, "Plans": [{"Node Type": "Nested Loop", "Parent Relationship": "Outer", "Join Type": "Inner", "Startup Cost": 2779.29, "Total Cost": 22687.46, "Plan Rows": 2, "Plan Width": 37, "Inner Unique": true, "Plans": [{"Node Type": "Nested Loop", "Parent Relationship": "Outer", "Join Type": "Inner", "Startup Cost": 2779.29, "Total Cost": 22660.57, "Plan Rows": 5, "Plan Width": 25, "Inner Unique": true, "Plans": [{"Node Type": "Nested Loop", "Parent Relationship": "Outer", "Join Type": "Inner", "Startup Cost": 2779.29, "Total Cost": 22658.47, "Plan Rows": 6, "Plan Width": 16, "Inner Unique": false, "Join Filter": "(ci.role_id = rt.id)", "Plans": [{"Node Type": "Index Scan", "Parent Relationship": "Outer", "Scan Direction": "Forward", "Index Name": "role_type_pkey", "Relation Name": "role_type", "Alias": "rt", "Startup Cost": 0.0, "Total Cost": 12.46, "Plan Rows": 1, "Plan Width": 4, "Filter": "((role)::text = 'actor'::text)"}, {"Node Type": "Nested Loop", "Parent Relationship": "Inner", "Join Type": "Inner", "Startup Cost": 2779.29, "Total Cost": 22645.16, "Plan Rows": 68, "Plan Width": 20, "Inner Unique": false, "Plans": [{"Node Type": "Nested Loop", "Parent Relationship": "Outer", "Join Type": "Inner", "Startup Cost": 2779.29, "Total Cost": 18900.84, "Plan Rows": 3779, "Plan Width": 8, "Inner Unique": false, "Plans": [{"Node Type": "Bitmap Heap Scan", "Parent Relationship": "Outer", "Relation Name": "company_name", "Alias": "cn", "Startup Cost": 2779.29, "Total Cost": 8682.74, "Plan Rows": 251, "Plan Width": 4, "Filter": "((country_code)::text = '[ru]'::text)", "Plans": [{"Node Type": "Bitmap Index Scan", "Parent Relationship": "Outer", "Index Name": "company_name_pkey", "Startup Cost": 0.0, "Total Cost": 2779.23, "Plan Rows": 234996, "Plan Width": 0}]}, {"Node Type": "Index Scan", "Parent Relationship": "Inner", "Scan Direction": "Forward", "Index Name": "company_id_movie_companies", "Relation Name": "movie_companies", "Alias": "mc", "Startup Cost": 0.0, "Total Cost": 40.56, "Plan Rows": 15, "Plan Width": 12, "Index Cond": "(company_id = cn.id)"}]}, {"Node Type": "Index Scan", "Parent Relationship": "Inner", "Scan Direction": "Forward", "Index Name": "movie_id_cast_info", "Relation Name": "cast_info", "Alias": "ci", "Startup Cost": 0.0, "Total Cost": 0.98, "Plan Rows": 1, "Plan Width": 12, "Index Cond": "(movie_id = mc.movie_id)", "Filter": "(((note)::text ~~ '%(voice)%'::text) AND ((note)::text ~~ '%(uncredited)%'::text))"}]}]}, {"Node Type": "Index Scan", "Parent Relationship": "Inner", "Scan Direction": "Forward", "Index Name": "title_pkey", "Relation Name": "title", "Alias": "t", "Startup Cost": 0.0, "Total Cost": 0.34, "Plan Rows": 1, "Plan Width": 21, "Index Cond": "(id = mc.movie_id)", "Filter": "(production_year > 2005)"}]}, {"Node Type": "Index Scan", "Parent Relationship": "Inner", "Scan Direction": "Forward", "Index Name": "char_name_pkey", "Relation Name": "char_name", "Alias": "chn", "Startup Cost": 0.0, "Total Cost": 5.37, "Plan Rows": 1, "Plan Width": 20, "Index Cond": "(id = ci.person_role_id)"}]}, {"Node Type": "Index Only Scan", "Parent Relationship": "Inner", "Scan Direction": "Forward", "Index Name": "company_type_pkey", "Relation Name": "company_type", "Alias": "ct", "Startup Cost": 0.0, "Total Cost": 0.27, "Plan Rows": 1, "Plan Width": 4, "Index Cond": "(id = mc.company_type_id)"}]}]}, "Unique SQL Id": 2933943827, "Planner Runtime": 14}, "explain_analyze_plan": {"Plan": {"Node Type": "Aggregate", "Strategy": "Plain", "Startup Cost": 22688.03, "Total Cost": 22688.04, "Plan Rows": 1, "Plan Width": 97, "Actual Startup Time": 871.503, "Actual Total Time": 871.503, "Actual Rows": 1, "Actual Loops": 1, "Plans": [{"Node Type": "Nested Loop", "Parent Relationship": "Outer", "Join Type": "Inner", "Startup Cost": 2779.29, "Total Cost": 22688.02, "Plan Rows": 2, "Plan Width": 33, "Actual Startup Time": 64.858, "Actual Total Time": 871.392, "Actual Rows": 18, "Actual Loops": 1, "Inner Unique": true, "Plans": [{"Node Type": "Nested Loop", "Parent Relationship": "Outer", "Join Type": "Inner", "Startup Cost": 2779.29, "Total Cost": 22687.46, "Plan Rows": 2, "Plan Width": 37, "Actual Startup Time": 31.414, "Actual Total Time": 871.087, "Actual Rows": 104, "Actual Loops": 1, "Inner Unique": true, "Plans": [{"Node Type": "Nested Loop", "Parent Relationship": "Outer", "Join Type": "Inner", "Startup Cost": 2779.29, "Total Cost": 22660.57, "Plan Rows": 5, "Plan Width": 25, "Actual Startup Time": 31.404, "Actual Total Time": 870.155, "Actual Rows": 112, "Actual Loops": 1, "Inner Unique": true, "Plans": [{"Node Type": "Nested Loop", "Parent Relationship": "Outer", "Join Type": "Inner", "Startup Cost": 2779.29, "Total Cost": 22658.47, "Plan Rows": 6, "Plan Width": 16, "Actual Startup Time": 23.528, "Actual Total Time": 867.961, "Actual Rows": 275, "Actual Loops": 1, "Inner Unique": false, "Join Filter": "(ci.role_id = rt.id)", "Rows Removed by Join Filter": 102, "Plans": [{"Node Type": "Index Scan", "Parent Relationship": "Outer", "Scan Direction": "Forward", "Index Name": "role_type_pkey", "Relation Name": "role_type", "Alias": "rt", "Startup Cost": 0.0, "Total Cost": 12.46, "Plan Rows": 1, "Plan Width": 4, "Actual Startup Time": 0.023, "Actual Total Time": 0.036, "Actual Rows": 1, "Actual Loops": 1, "Filter": "((role)::text = 'actor'::text)", "Rows Removed by Filter": 11}, {"Node Type": "Nested Loop", "Parent Relationship": "Inner", "Join Type": "Inner", "Startup Cost": 2779.29, "Total Cost": 22645.16, "Plan Rows": 68, "Plan Width": 20, "Actual Startup Time": 23.495, "Actual Total Time": 867.649, "Actual Rows": 377, "Actual Loops": 1, "Inner Unique": false, "Plans": [{"Node Type": "Nested Loop", "Parent Relationship": "Outer", "Join Type": "Inner", "Startup Cost": 2779.29, "Total Cost": 18900.84, "Plan Rows": 3779, "Plan Width": 8, "Actual Startup Time": 22.744, "Actual Total Time": 167.463, "Actual Rows": 8790, "Actual Loops": 1, "Inner Unique": false, "Plans": [{"Node Type": "Bitmap Heap Scan", "Parent Relationship": "Outer", "Relation Name": "company_name", "Alias": "cn", "Startup Cost": 2779.29, "Total Cost": 8682.74, "Plan Rows": 251, "Plan Width": 4, "Actual Startup Time": 22.72, "Actual Total Time": 143.356, "Actual Rows": 1361, "Actual Loops": 1, "Filter": "((country_code)::text = '[ru]'::text)", "Rows Removed by Filter": 233635, "Exact Heap Blocks": 2966, "Lossy Heap Blocks": 2966, "Plans": [{"Node Type": "Bitmap Index Scan", "Parent Relationship": "Outer", "Index Name": "company_name_pkey", "Startup Cost": 0.0, "Total Cost": 2779.23, "Plan Rows": 234996, "Plan Width": 0, "Actual Startup Time": 22.25, "Actual Total Time": 22.25, "Actual Rows": 234996, "Actual Loops": 1}]}, {"Node Type": "Index Scan", "Parent Relationship": "Inner", "Scan Direction": "Forward", "Index Name": "company_id_movie_companies", "Relation Name": "movie_companies", "Alias": "mc", "Startup Cost": 0.0, "Total Cost": 40.56, "Plan Rows": 15, "Plan Width": 12, "Actual Startup Time": 9.704, "Actual Total Time": 20.815, "Actual Rows": 8790, "Actual Loops": 1361, "Index Cond": "(company_id = cn.id)", "Rows Removed by Index Recheck": 0}]}, {"Node Type": "Index Scan", "Parent Relationship": "Inner", "Scan Direction": "Forward", "Index Name": "movie_id_cast_info", "Relation Name": "cast_info", "Alias": "ci", "Startup Cost": 0.0, "Total Cost": 0.98, "Plan Rows": 1, "Plan Width": 12, "Actual Startup Time": 655.441, "Actual Total Time": 694.733, "Actual Rows": 377, "Actual Loops": 8790, "Index Cond": "(movie_id = mc.movie_id)", "Rows Removed by Index Recheck": 0, "Filter": "(((note)::text ~~ '%(voice)%'::text) AND ((note)::text ~~ '%(uncredited)%'::text))", "Rows Removed by Filter": 408168}]}]}, {"Node Type": "Index Scan", "Parent Relationship": "Inner", "Scan Direction": "Forward", "Index Name": "title_pkey", "Relation Name": "title", "Alias": "t", "Startup Cost": 0.0, "Total Cost": 0.34, "Plan Rows": 1, "Plan Width": 21, "Actual Startup Time": 1.773, "Actual Total Time": 1.773, "Actual Rows": 112, "Actual Loops": 275, "Index Cond": "(id = mc.movie_id)", "Rows Removed by Index Recheck": 0, "Filter": "(production_year > 2005)", "Rows Removed by Filter": 163}]}, {"Node Type": "Index Scan", "Parent Relationship": "Inner", "Scan Direction": "Forward", "Index Name": "char_name_pkey", "Relation Name": "char_name", "Alias": "chn", "Startup Cost": 0.0, "Total Cost": 5.37, "Plan Rows": 1, "Plan Width": 20, "Actual Startup Time": 0.688, "Actual Total Time": 0.688, "Actual Rows": 104, "Actual Loops": 112, "Index Cond": "(id = ci.person_role_id)", "Rows Removed by Index Recheck": 0}]}, {"Node Type": "Index Only Scan", "Parent Relationship": "Inner", "Scan Direction": "Forward", "Index Name": "company_type_pkey", "Relation Name": "company_type", "Alias": "ct", "Startup Cost": 0.0, "Total Cost": 0.27, "Plan Rows": 1, "Plan Width": 4, "Actual Startup Time": 0.168, "Actual Total Time": 0.168, "Actual Rows": 18, "Actual Loops": 104, "Index Cond": "(id = mc.company_type_id)", "Rows Removed by Index Recheck": 0, "Heap Fetches": 0}]}]}, "Triggers": [], "Planner Runtime": 7, "Total Runtime": 871.919, "Unique SQL Id": 2933943827}}, "(16, 34)": {"explain_plan": {"Plan": {"Node Type": "Aggregate", "Strategy": "Plain", "Startup Cost": 38342.48, "Total Cost": 38342.49, "Plan Rows": 1, "Plan Width": 97, "Plans": [{"Node Type": "Nested Loop", "Parent Relationship": "Outer", "Join Type": "Inner", "Startup Cost": 7.4, "Total Cost": 38342.47, "Plan Rows": 2, "Plan Width": 33, "Inner Unique": false, "Join Filter": "(mc.company_type_id = ct.id)", "Plans": [{"Node Type": "Seq Scan", "Parent Relationship": "Outer", "Relation Name": "company_type", "Alias": "ct", "Startup Cost": 0.0, "Total Cost": 1.03, "Plan Rows": 3, "Plan Width": 4}, {"Node Type": "Materialize", "Parent Relationship": "Inner", "Startup Cost": 7.4, "Total Cost": 38341.35, "Plan Rows": 2, "Plan Width": 37, "Plans": [{"Node Type": "Nested Loop", "Parent Relationship": "Outer", "Join Type": "Inner", "Startup Cost": 7.4, "Total Cost": 38341.34, "Plan Rows": 2, "Plan Width": 37, "Inner Unique": true, "Plans": [{"Node Type": "Nested Loop", "Parent Relationship": "Outer", "Join Type": "Inner", "Startup Cost": 7.13, "Total Cost": 38328.45, "Plan Rows": 3, "Plan Width": 28, "Inner Unique": true, "Plans": [{"Node Type": "Nested Loop", "Parent Relationship": "Outer", "Join Type": "Inner", "Startup Cost": 4.83, "Total Cost": 38290.52, "Plan Rows": 6, "Plan Width": 16, "Inner Unique": false, "Join Filter": "(ci.role_id = rt.id)", "Plans": [{"Node Type": "Seq Scan", "Parent Relationship": "Outer", "Relation Name": "role_type", "Alias": "rt", "Startup Cost": 0.0, "Total Cost": 1.15, "Plan Rows": 1, "Plan Width": 4, "Filter": "((role)::text = 'actor'::text)"}, {"Node Type": "Nested Loop", "Parent Relationship": "Inner", "Join Type": "Inner", "Startup Cost": 4.83, "Total Cost": 38288.52, "Plan Rows": 68, "Plan Width": 20, "Inner Unique": false, "Plans": [{"Node Type": "Nested Loop", "Parent Relationship": "Outer", "Join Type": "Inner", "Startup Cost": 4.32, "Total Cost": 20813.55, "Plan Rows": 3779, "Plan Width": 8, "Inner Unique": false, "Plans": [{"Node Type": "Seq Scan", "Parent Relationship": "Outer", "Relation Name": "company_name", "Alias": "cn", "Startup Cost": 0.0, "Total Cost": 5903.45, "Plan Rows": 251, "Plan Width": 4, "Filter": "((country_code)::text = '[ru]'::text)"}, {"Node Type": "Bitmap Heap Scan", "Parent Relationship": "Inner", "Relation Name": "movie_companies", "Alias": "mc", "Startup Cost": 4.32, "Total Cost": 59.25, "Plan Rows": 15, "Plan Width": 12, "Recheck Cond": "(company_id = cn.id)", "Plans": [{"Node Type": "Bitmap Index Scan", "Parent Relationship": "Outer", "Index Name": "company_id_movie_companies", "Startup Cost": 0.0, "Total Cost": 4.31, "Plan Rows": 15, "Plan Width": 0, "Index Cond": "(company_id = cn.id)"}]}]}, {"Node Type": "Bitmap Heap Scan", "Parent Relationship": "Inner", "Relation Name": "cast_info", "Alias": "ci", "Startup Cost": 0.51, "Total Cost": 4.61, "Plan Rows": 1, "Plan Width": 12, "Recheck Cond": "(movie_id = mc.movie_id)", "Filter": "(((note)::text ~~ '%(voice)%'::text) AND ((note)::text ~~ '%(uncredited)%'::text))", "Plans": [{"Node Type": "Bitmap Index Scan", "Parent Relationship": "Outer", "Index Name": "movie_id_cast_info", "Startup Cost": 0.0, "Total Cost": 0.51, "Plan Rows": 6, "Plan Width": 0, "Index Cond": "(movie_id = mc.movie_id)"}]}]}]}, {"Node Type": "Bitmap Heap Scan", "Parent Relationship": "Inner", "Relation Name": "char_name", "Alias": "chn", "Startup Cost": 2.3, "Total Cost": 6.31, "Plan Rows": 1, "Plan Width": 20, "Recheck Cond": "(id = ci.person_role_id)", "Plans": [{"Node Type": "Bitmap Index Scan", "Parent Relationship": "Outer", "Index Name": "char_name_pkey", "Startup Cost": 0.0, "Total Cost": 2.3, "Plan Rows": 1, "Plan Width": 0, "Index Cond": "(id = ci.person_role_id)"}]}]}, {"Node Type": "Bitmap Heap Scan", "Parent Relationship": "Inner", "Relation Name": "title", "Alias": "t", "Startup Cost": 0.27, "Total Cost": 4.29, "Plan Rows": 1, "Plan Width": 21, "Recheck Cond": "(id = mc.movie_id)", "Filter": "(production_year > 2005)", "Plans": [{"Node Type": "Bitmap Index Scan", "Parent Relationship": "Outer", "Index Name": "title_pkey", "Startup Cost": 0.0, "Total Cost": 0.27, "Plan Rows": 1, "Plan Width": 0, "Index Cond": "(id = mc.movie_id)"}]}]}]}]}]}, "Unique SQL Id": 2933943827, "Planner Runtime": 32}, "explain_analyze_plan": {"Plan": {"Node Type": "Aggregate", "Strategy": "Plain", "Startup Cost": 38342.48, "Total Cost": 38342.49, "Plan Rows": 1, "Plan Width": 97, "Actual Startup Time": 1267.969, "Actual Total Time": 1267.969, "Actual Rows": 1, "Actual Loops": 1, "Plans": [{"Node Type": "Nested Loop", "Parent Relationship": "Outer", "Join Type": "Inner", "Startup Cost": 7.4, "Total Cost": 38342.47, "Plan Rows": 2, "Plan Width": 33, "Actual Startup Time": 75.505, "Actual Total Time": 1267.898, "Actual Rows": 18, "Actual Loops": 1, "Inner Unique": false, "Join Filter": "(mc.company_type_id = ct.id)", "Rows Removed by Join Filter": 294, "Plans": [{"Node Type": "Seq Scan", "Parent Relationship": "Outer", "Relation Name": "company_type", "Alias": "ct", "Startup Cost": 0.0, "Total Cost": 1.03, "Plan Rows": 3, "Plan Width": 4, "Actual Startup Time": 0.013, "Actual Total Time": 0.016, "Actual Rows": 3, "Actual Loops": 1}, {"Node Type": "Materialize", "Parent Relationship": "Inner", "Startup Cost": 7.4, "Total Cost": 38341.35, "Plan Rows": 2, "Plan Width": 37, "Actual Startup Time": 15.278, "Actual Total Time": 1267.723, "Actual Rows": 312, "Actual Loops": 3, "Plans": [{"Node Type": "Nested Loop", "Parent Relationship": "Outer", "Join Type": "Inner", "Startup Cost": 7.4, "Total Cost": 38341.34, "Plan Rows": 2, "Plan Width": 37, "Actual Startup Time": 15.271, "Actual Total Time": 1267.569, "Actual Rows": 104, "Actual Loops": 1, "Inner Unique": true, "Plans": [{"Node Type": "Nested Loop", "Parent Relationship": "Outer", "Join Type": "Inner", "Startup Cost": 7.13, "Total Cost": 38328.45, "Plan Rows": 3, "Plan Width": 28, "Actual Startup Time": 1.113, "Actual Total Time": 1264.658, "Actual Rows": 265, "Actual Loops": 1, "Inner Unique": true, "Plans": [{"Node Type": "Nested Loop", "Parent Relationship": "Outer", "Join Type": "Inner", "Startup Cost": 4.83, "Total Cost": 38290.52, "Plan Rows": 6, "Plan Width": 16, "Actual Startup Time": 1.098, "Actual Total Time": 1261.302, "Actual Rows": 275, "Actual Loops": 1, "Inner Unique": false, "Join Filter": "(ci.role_id = rt.id)", "Rows Removed by Join Filter": 102, "Plans": [{"Node Type": "Seq Scan", "Parent Relationship": "Outer", "Relation Name": "role_type", "Alias": "rt", "Startup Cost": 0.0, "Total Cost": 1.15, "Plan Rows": 1, "Plan Width": 4, "Actual Startup Time": 0.018, "Actual Total Time": 0.025, "Actual Rows": 1, "Actual Loops": 1, "Filter": "((role)::text = 'actor'::text)", "Rows Removed by Filter": 11}, {"Node Type": "Nested Loop", "Parent Relationship": "Inner", "Join Type": "Inner", "Startup Cost": 4.83, "Total Cost": 38288.52, "Plan Rows": 68, "Plan Width": 20, "Actual Startup Time": 1.073, "Actual Total Time": 1261.057, "Actual Rows": 377, "Actual Loops": 1, "Inner Unique": false, "Plans": [{"Node Type": "Nested Loop", "Parent Relationship": "Outer", "Join Type": "Inner", "Startup Cost": 4.32, "Total Cost": 20813.55, "Plan Rows": 3779, "Plan Width": 8, "Actual Startup Time": 0.09, "Actual Total Time": 122.723, "Actual Rows": 8790, "Actual Loops": 1, "Inner Unique": false, "Plans": [{"Node Type": "Seq Scan", "Parent Relationship": "Outer", "Relation Name": "company_name", "Alias": "cn", "Startup Cost": 0.0, "Total Cost": 5903.45, "Plan Rows": 251, "Plan Width": 4, "Actual Startup Time": 0.045, "Actual Total Time": 85.602, "Actual Rows": 1361, "Actual Loops": 1, "Filter": "((country_code)::text = '[ru]'::text)", "Rows Removed by Filter": 233635}, {"Node Type": "Bitmap Heap Scan", "Parent Relationship": "Inner", "Relation Name": "movie_companies", "Alias": "mc", "Startup Cost": 4.32, "Total Cost": 59.25, "Plan Rows": 15, "Plan Width": 12, "Actual Startup Time": 15.128, "Actual Total Time": 32.564, "Actual Rows": 8790, "Actual Loops": 1361, "Recheck Cond": "(company_id = cn.id)", "Rows Removed by Index Recheck": 0, "Exact Heap Blocks": 7155, "Lossy Heap Blocks": 7155, "Plans": [{"Node Type": "Bitmap Index Scan", "Parent Relationship": "Outer", "Index Name": "company_id_movie_companies", "Startup Cost": 0.0, "Total Cost": 4.31, "Plan Rows": 15, "Plan Width": 0, "Actual Startup Time": 9.696, "Actual Total Time": 9.696, "Actual Rows": 8790, "Actual Loops": 1361, "Index Cond": "(company_id = cn.id)"}]}]}, {"Node Type": "Bitmap Heap Scan", "Parent Relationship": "Inner", "Relation Name": "cast_info", "Alias": "ci", "Startup Cost": 0.51, "Total Cost": 4.61, "Plan Rows": 1, "Plan Width": 12, "Actual Startup Time": 1062.4, "Actual Total Time": 1123.634, "Actual Rows": 377, "Actual Loops": 8790, "Recheck Cond": "(movie_id = mc.movie_id)", "Rows Removed by Index Recheck": 0, "Filter": "(((note)::text ~~ '%(voice)%'::text) AND ((note)::text ~~ '%(uncredited)%'::text))", "Rows Removed by Filter": 408168, "Exact Heap Blocks": 397651, "Lossy Heap Blocks": 397651, "Plans": [{"Node Type": "Bitmap Index Scan", "Parent Relationship": "Outer", "Index Name": "movie_id_cast_info", "Startup Cost": 0.0, "Total Cost": 0.51, "Plan Rows": 6, "Plan Width": 0, "Actual Startup Time": 138.568, "Actual Total Time": 138.568, "Actual Rows": 408545, "Actual Loops": 8790, "Index Cond": "(movie_id = mc.movie_id)"}]}]}]}, {"Node Type": "Bitmap Heap Scan", "Parent Relationship": "Inner", "Relation Name": "char_name", "Alias": "chn", "Startup Cost": 2.3, "Total Cost": 6.31, "Plan Rows": 1, "Plan Width": 20, "Actual Startup Time": 2.698, "Actual Total Time": 2.698, "Actual Rows": 265, "Actual Loops": 275, "Recheck Cond": "(id = ci.person_role_id)", "Rows Removed by Index Recheck": 0, "Exact Heap Blocks": 265, "Lossy Heap Blocks": 265, "Plans": [{"Node Type": "Bitmap Index Scan", "Parent Relationship": "Outer", "Index Name": "char_name_pkey", "Startup Cost": 0.0, "Total Cost": 2.3, "Plan Rows": 1, "Plan Width": 0, "Actual Startup Time": 1.832, "Actual Total Time": 1.832, "Actual Rows": 265, "Actual Loops": 275, "Index Cond": "(id = ci.person_role_id)"}]}]}, {"Node Type": "Bitmap Heap Scan", "Parent Relationship": "Inner", "Relation Name": "title", "Alias": "t", "Startup Cost": 0.27, "Total Cost": 4.29, "Plan Rows": 1, "Plan Width": 21, "Actual Startup Time": 2.399, "Actual Total Time": 2.399, "Actual Rows": 104, "Actual Loops": 265, "Recheck Cond": "(id = mc.movie_id)", "Rows Removed by Index Recheck": 0, "Filter": "(production_year > 2005)", "Rows Removed by Filter": 161, "Exact Heap Blocks": 265, "Lossy Heap Blocks": 265, "Plans": [{"Node Type": "Bitmap Index Scan", "Parent Relationship": "Outer", "Index Name": "title_pkey", "Startup Cost": 0.0, "Total Cost": 0.27, "Plan Rows": 1, "Plan Width": 0, "Actual Startup Time": 1.54, "Actual Total Time": 1.54, "Actual Rows": 265, "Actual Loops": 265, "Index Cond": "(id = mc.movie_id)"}]}]}]}]}]}, "Triggers": [], "Planner Runtime": 18, "Total Runtime": 1268.406, "Unique SQL Id": 2933943827}}, "(16, 35)": {"explain_plan": {"Plan": {"Node Type": "Aggregate", "Strategy": "Plain", "Startup Cost": 41418.46, "Total Cost": 41418.47, "Plan Rows": 1, "Plan Width": 97, "Plans": [{"Node Type": "Nested Loop", "Parent Relationship": "Outer", "Join Type": "Inner", "Startup Cost": 2787.21, "Total Cost": 41418.45, "Plan Rows": 2, "Plan Width": 33, "Inner Unique": true, "Plans": [{"Node Type": "Nested Loop", "Parent Relationship": "Outer", "Join Type": "Inner", "Startup Cost": 2786.95, "Total Cost": 41409.89, "Plan Rows": 2, "Plan Width": 37, "Inner Unique": true, "Plans": [{"Node Type": "Nested Loop", "Parent Relationship": "Outer", "Join Type": "Inner", "Startup Cost": 2786.68, "Total Cost": 41397.0, "Plan Rows": 3, "Plan Width": 28, "Inner Unique": true, "Plans": [{"Node Type": "Nested Loop", "Parent Relationship": "Outer", "Join Type": "Inner", "Startup Cost": 2784.38, "Total Cost": 41359.07, "Plan Rows": 6, "Plan Width": 16, "Inner Unique": true, "Plans": [{"Node Type": "Nested Loop", "Parent Relationship": "Outer", "Join Type": "Inner", "Startup Cost": 2784.12, "Total Cost": 41067.82, "Plan Rows": 68, "Plan Width": 20, "Inner Unique": false, "Plans": [{"Node Type": "Nested Loop", "Parent Relationship": "Outer", "Join Type": "Inner", "Startup Cost": 2783.61, "Total Cost": 23592.84, "Plan Rows": 3779, "Plan Width": 8, "Inner Unique": false, "Plans": [{"Node Type": "Bitmap Heap Scan", "Parent Relationship": "Outer", "Relation Name": "company_name", "Alias": "cn", "Startup Cost": 2779.29, "Total Cost": 8682.74, "Plan Rows": 251, "Plan Width": 4, "Filter": "((country_code)::text = '[ru]'::text)", "Plans": [{"Node Type": "Bitmap Index Scan", "Parent Relationship": "Outer", "Index Name": "company_name_pkey", "Startup Cost": 0.0, "Total Cost": 2779.23, "Plan Rows": 234996, "Plan Width": 0}]}, {"Node Type": "Bitmap Heap Scan", "Parent Relationship": "Inner", "Relation Name": "movie_companies", "Alias": "mc", "Startup Cost": 4.32, "Total Cost": 59.25, "Plan Rows": 15, "Plan Width": 12, "Recheck Cond": "(company_id = cn.id)", "Plans": [{"Node Type": "Bitmap Index Scan", "Parent Relationship": "Outer", "Index Name": "company_id_movie_companies", "Startup Cost": 0.0, "Total Cost": 4.31, "Plan Rows": 15, "Plan Width": 0, "Index Cond": "(company_id = cn.id)"}]}]}, {"Node Type": "Bitmap Heap Scan", "Parent Relationship": "Inner", "Relation Name": "cast_info", "Alias": "ci", "Startup Cost": 0.51, "Total Cost": 4.61, "Plan Rows": 1, "Plan Width": 12, "Recheck Cond": "(movie_id = mc.movie_id)", "Filter": "(((note)::text ~~ '%(voice)%'::text) AND ((note)::text ~~ '%(uncredited)%'::text))", "Plans": [{"Node Type": "Bitmap Index Scan", "Parent Relationship": "Outer", "Index Name": "movie_id_cast_info", "Startup Cost": 0.0, "Total Cost": 0.51, "Plan Rows": 6, "Plan Width": 0, "Index Cond": "(movie_id = mc.movie_id)"}]}]}, {"Node Type": "Bitmap Heap Scan", "Parent Relationship": "Inner", "Relation Name": "role_type", "Alias": "rt", "Startup Cost": 0.26, "Total Cost": 4.27, "Plan Rows": 1, "Plan Width": 4, "Recheck Cond": "(id = ci.role_id)", "Filter": "((role)::text = 'actor'::text)", "Plans": [{"Node Type": "Bitmap Index Scan", "Parent Relationship": "Outer", "Index Name": "role_type_pkey", "Startup Cost": 0.0, "Total Cost": 0.26, "Plan Rows": 1, "Plan Width": 0, "Index Cond": "(id = ci.role_id)"}]}]}, {"Node Type": "Bitmap Heap Scan", "Parent Relationship": "Inner", "Relation Name": "char_name", "Alias": "chn", "Startup Cost": 2.3, "Total Cost": 6.31, "Plan Rows": 1, "Plan Width": 20, "Recheck Cond": "(id = ci.person_role_id)", "Plans": [{"Node Type": "Bitmap Index Scan", "Parent Relationship": "Outer", "Index Name": "char_name_pkey", "Startup Cost": 0.0, "Total Cost": 2.3, "Plan Rows": 1, "Plan Width": 0, "Index Cond": "(id = ci.person_role_id)"}]}]}, {"Node Type": "Bitmap Heap Scan", "Parent Relationship": "Inner", "Relation Name": "title", "Alias": "t", "Startup Cost": 0.27, "Total Cost": 4.29, "Plan Rows": 1, "Plan Width": 21, "Recheck Cond": "(id = mc.movie_id)", "Filter": "(production_year > 2005)", "Plans": [{"Node Type": "Bitmap Index Scan", "Parent Relationship": "Outer", "Index Name": "title_pkey", "Startup Cost": 0.0, "Total Cost": 0.27, "Plan Rows": 1, "Plan Width": 0, "Index Cond": "(id = mc.movie_id)"}]}]}, {"Node Type": "Bitmap Heap Scan", "Parent Relationship": "Inner", "Relation Name": "company_type", "Alias": "ct", "Startup Cost": 0.26, "Total Cost": 4.27, "Plan Rows": 1, "Plan Width": 4, "Recheck Cond": "(id = mc.company_type_id)", "Plans": [{"Node Type": "Bitmap Index Scan", "Parent Relationship": "Outer", "Index Name": "company_type_pkey", "Startup Cost": 0.0, "Total Cost": 0.26, "Plan Rows": 1, "Plan Width": 0, "Index Cond": "(id = mc.company_type_id)"}]}]}]}, "Unique SQL Id": 2933943827, "Planner Runtime": 9}, "explain_analyze_plan": {"Plan": {"Node Type": "Aggregate", "Strategy": "Plain", "Startup Cost": 41418.46, "Total Cost": 41418.47, "Plan Rows": 1, "Plan Width": 97, "Actual Startup Time": 1197.675, "Actual Total Time": 1197.675, "Actual Rows": 1, "Actual Loops": 1, "Plans": [{"Node Type": "Nested Loop", "Parent Relationship": "Outer", "Join Type": "Inner", "Startup Cost": 2787.21, "Total Cost": 41418.45, "Plan Rows": 2, "Plan Width": 33, "Actual Startup Time": 99.205, "Actual Total Time": 1197.571, "Actual Rows": 18, "Actual Loops": 1, "Inner Unique": true, "Plans": [{"Node Type": "Nested Loop", "Parent Relationship": "Outer", "Join Type": "Inner", "Startup Cost": 2786.95, "Total Cost": 41409.89, "Plan Rows": 2, "Plan Width": 37, "Actual Startup Time": 42.334, "Actual Total Time": 1197.028, "Actual Rows": 104, "Actual Loops": 1, "Inner Unique": true, "Plans": [{"Node Type": "Nested Loop", "Parent Relationship": "Outer", "Join Type": "Inner", "Startup Cost": 2786.68, "Total Cost": 41397.0, "Plan Rows": 3, "Plan Width": 28, "Actual Startup Time": 27.449, "Actual Total Time": 1194.263, "Actual Rows": 265, "Actual Loops": 1, "Inner Unique": true, "Plans": [{"Node Type": "Nested Loop", "Parent Relationship": "Outer", "Join Type": "Inner", "Startup Cost": 2784.38, "Total Cost": 41359.07, "Plan Rows": 6, "Plan Width": 16, "Actual Startup Time": 27.428, "Actual Total Time": 1191.216, "Actual Rows": 275, "Actual Loops": 1, "Inner Unique": true, "Plans": [{"Node Type": "Nested Loop", "Parent Relationship": "Outer", "Join Type": "Inner", "Startup Cost": 2784.12, "Total Cost": 41067.82, "Plan Rows": 68, "Plan Width": 20, "Actual Startup Time": 27.408, "Actual Total Time": 1188.638, "Actual Rows": 377, "Actual Loops": 1, "Inner Unique": false, "Plans": [{"Node Type": "Nested Loop", "Parent Relationship": "Outer", "Join Type": "Inner", "Startup Cost": 2783.61, "Total Cost": 23592.84, "Plan Rows": 3779, "Plan Width": 8, "Actual Startup Time": 26.16, "Actual Total Time": 182.006, "Actual Rows": 8790, "Actual Loops": 1, "Inner Unique": false, "Plans": [{"Node Type": "Bitmap Heap Scan", "Parent Relationship": "Outer", "Relation Name": "company_name", "Alias": "cn", "Startup Cost": 2779.29, "Total Cost": 8682.74, "Plan Rows": 251, "Plan Width": 4, "Actual Startup Time": 26.111, "Actual Total Time": 148.164, "Actual Rows": 1361, "Actual Loops": 1, "Filter": "((country_code)::text = '[ru]'::text)", "Rows Removed by Filter": 233635, "Exact Heap Blocks": 2966, "Lossy Heap Blocks": 2966, "Plans": [{"Node Type": "Bitmap Index Scan", "Parent Relationship": "Outer", "Index Name": "company_name_pkey", "Startup Cost": 0.0, "Total Cost": 2779.23, "Plan Rows": 234996, "Plan Width": 0, "Actual Startup Time": 25.617, "Actual Total Time": 25.617, "Actual Rows": 234996, "Actual Loops": 1}]}, {"Node Type": "Bitmap Heap Scan", "Parent Relationship": "Inner", "Relation Name": "movie_companies", "Alias": "mc", "Startup Cost": 4.32, "Total Cost": 59.25, "Plan Rows": 15, "Plan Width": 12, "Actual Startup Time": 14.449, "Actual Total Time": 29.008, "Actual Rows": 8790, "Actual Loops": 1361, "Recheck Cond": "(company_id = cn.id)", "Rows Removed by Index Recheck": 0, "Exact Heap Blocks": 7155, "Lossy Heap Blocks": 7155, "Plans": [{"Node Type": "Bitmap Index Scan", "Parent Relationship": "Outer", "Index Name": "company_id_movie_companies", "Startup Cost": 0.0, "Total Cost": 4.31, "Plan Rows": 15, "Plan Width": 0, "Actual Startup Time": 9.127, "Actual Total Time": 9.127, "Actual Rows": 8790, "Actual Loops": 1361, "Index Cond": "(company_id = cn.id)"}]}]}, {"Node Type": "Bitmap Heap Scan", "Parent Relationship": "Inner", "Relation Name": "cast_info", "Alias": "ci", "Startup Cost": 0.51, "Total Cost": 4.61, "Plan Rows": 1, "Plan Width": 12, "Actual Startup Time": 938.519, "Actual Total Time": 990.4, "Actual Rows": 377, "Actual Loops": 8790, "Recheck Cond": "(movie_id = mc.movie_id)", "Rows Removed by Index Recheck": 0, "Filter": "(((note)::text ~~ '%(voice)%'::text) AND ((note)::text ~~ '%(uncredited)%'::text))", "Rows Removed by Filter": 408168, "Exact Heap Blocks": 397651, "Lossy Heap Blocks": 397651, "Plans": [{"Node Type": "Bitmap Index Scan", "Parent Relationship": "Outer", "Index Name": "movie_id_cast_info", "Startup Cost": 0.0, "Total Cost": 0.51, "Plan Rows": 6, "Plan Width": 0, "Actual Startup Time": 127.518, "Actual Total Time": 127.518, "Actual Rows": 408545, "Actual Loops": 8790, "Index Cond": "(movie_id = mc.movie_id)"}]}]}, {"Node Type": "Bitmap Heap Scan", "Parent Relationship": "Inner", "Relation Name": "role_type", "Alias": "rt", "Startup Cost": 0.26, "Total Cost": 4.27, "Plan Rows": 1, "Plan Width": 4, "Actual Startup Time": 1.696, "Actual Total Time": 1.696, "Actual Rows": 275, "Actual Loops": 377, "Recheck Cond": "(id = ci.role_id)", "Rows Removed by Index Recheck": 0, "Filter": "((role)::text = 'actor'::text)", "Rows Removed by Filter": 102, "Exact Heap Blocks": 377, "Lossy Heap Blocks": 377, "Plans": [{"Node Type": "Bitmap Index Scan", "Parent Relationship": "Outer", "Index Name": "role_type_pkey", "Startup Cost": 0.0, "Total Cost": 0.26, "Plan Rows": 1, "Plan Width": 0, "Actual Startup Time": 0.653, "Actual Total Time": 0.653, "Actual Rows": 377, "Actual Loops": 377, "Index Cond": "(id = ci.role_id)"}]}]}, {"Node Type": "Bitmap Heap Scan", "Parent Relationship": "Inner", "Relation Name": "char_name", "Alias": "chn", "Startup Cost": 2.3, "Total Cost": 6.31, "Plan Rows": 1, "Plan Width": 20, "Actual Startup Time": 2.327, "Actual Total Time": 2.327, "Actual Rows": 265, "Actual Loops": 275, "Recheck Cond": "(id = ci.person_role_id)", "Rows Removed by Index Recheck": 0, "Exact Heap Blocks": 265, "Lossy Heap Blocks": 265, "Plans": [{"Node Type": "Bitmap Index Scan", "Parent Relationship": "Outer", "Index Name": "char_name_pkey", "Startup Cost": 0.0, "Total Cost": 2.3, "Plan Rows": 1, "Plan Width": 0, "Actual Startup Time": 1.574, "Actual Total Time": 1.574, "Actual Rows": 265, "Actual Loops": 275, "Index Cond": "(id = ci.person_role_id)"}]}]}, {"Node Type": "Bitmap Heap Scan", "Parent Relationship": "Inner", "Relation Name": "title", "Alias": "t", "Startup Cost": 0.27, "Total Cost": 4.29, "Plan Rows": 1, "Plan Width": 21, "Actual Startup Time": 2.169, "Actual Total Time": 2.169, "Actual Rows": 104, "Actual Loops": 265, "Recheck Cond": "(id = mc.movie_id)", "Rows Removed by Index Recheck": 0, "Filter": "(production_year > 2005)", "Rows Removed by Filter": 161, "Exact Heap Blocks": 265, "Lossy Heap Blocks": 265, "Plans": [{"Node Type": "Bitmap Index Scan", "Parent Relationship": "Outer", "Index Name": "title_pkey", "Startup Cost": 0.0, "Total Cost": 0.27, "Plan Rows": 1, "Plan Width": 0, "Actual Startup Time": 1.333, "Actual Total Time": 1.333, "Actual Rows": 265, "Actual Loops": 265, "Index Cond": "(id = mc.movie_id)"}]}]}, {"Node Type": "Bitmap Heap Scan", "Parent Relationship": "Inner", "Relation Name": "company_type", "Alias": "ct", "Startup Cost": 0.26, "Total Cost": 4.27, "Plan Rows": 1, "Plan Width": 4, "Actual Startup Time": 0.281, "Actual Total Time": 0.281, "Actual Rows": 18, "Actual Loops": 104, "Recheck Cond": "(id = mc.company_type_id)", "Rows Removed by Index Recheck": 0, "Exact Heap Blocks": 18, "Lossy Heap Blocks": 18, "Plans": [{"Node Type": "Bitmap Index Scan", "Parent Relationship": "Outer", "Index Name": "company_type_pkey", "Startup Cost": 0.0, "Total Cost": 0.26, "Plan Rows": 1, "Plan Width": 0, "Actual Startup Time": 0.155, "Actual Total Time": 0.155, "Actual Rows": 18, "Actual Loops": 104, "Index Cond": "(id = mc.company_type_id)"}]}]}]}, "Triggers": [], "Planner Runtime": 6, "Total Runtime": 1198.112, "Unique SQL Id": 2933943827}}, "(16, 36)": {"explain_plan": {"Plan": {"Node Type": "Aggregate", "Strategy": "Plain", "Startup Cost": 19897.43, "Total Cost": 19897.44, "Plan Rows": 1, "Plan Width": 97, "Plans": [{"Node Type": "Nested Loop", "Parent Relationship": "Outer", "Join Type": "Inner", "Startup Cost": 0.0, "Total Cost": 19897.42, "Plan Rows": 2, "Plan Width": 33, "Inner Unique": true, "Plans": [{"Node Type": "Nested Loop", "Parent Relationship": "Outer", "Join Type": "Inner", "Startup Cost": 0.0, "Total Cost": 19896.86, "Plan Rows": 2, "Plan Width": 37, "Inner Unique": true, "Plans": [{"Node Type": "Nested Loop", "Parent Relationship": "Outer", "Join Type": "Inner", "Startup Cost": 0.0, "Total Cost": 19869.97, "Plan Rows": 5, "Plan Width": 25, "Inner Unique": true, "Plans": [{"Node Type": "Nested Loop", "Parent Relationship": "Outer", "Join Type": "Inner", "Startup Cost": 0.0, "Total Cost": 19867.87, "Plan Rows": 6, "Plan Width": 16, "Inner Unique": false, "Join Filter": "(ci.role_id = rt.id)", "Plans": [{"Node Type": "Seq Scan", "Parent Relationship": "Outer", "Relation Name": "role_type", "Alias": "rt", "Startup Cost": 0.0, "Total Cost": 1.15, "Plan Rows": 1, "Plan Width": 4, "Filter": "((role)::text = 'actor'::text)"}, {"Node Type": "Nested Loop", "Parent Relationship": "Inner", "Join Type": "Inner", "Startup Cost": 0.0, "Total Cost": 19865.87, "Plan Rows": 68, "Plan Width": 20, "Inner Unique": false, "Plans": [{"Node Type": "Nested Loop", "Parent Relationship": "Outer", "Join Type": "Inner", "Startup Cost": 0.0, "Total Cost": 16121.55, "Plan Rows": 3779, "Plan Width": 8, "Inner Unique": false, "Plans": [{"Node Type": "Seq Scan", "Parent Relationship": "Outer", "Relation Name": "company_name", "Alias": "cn", "Startup Cost": 0.0, "Total Cost": 5903.45, "Plan Rows": 251, "Plan Width": 4, "Filter": "((country_code)::text = '[ru]'::text)"}, {"Node Type": "Index Scan", "Parent Relationship": "Inner", "Scan Direction": "Forward", "Index Name": "company_id_movie_companies", "Relation Name": "movie_companies", "Alias": "mc", "Startup Cost": 0.0, "Total Cost": 40.56, "Plan Rows": 15, "Plan Width": 12, "Index Cond": "(company_id = cn.id)"}]}, {"Node Type": "Index Scan", "Parent Relationship": "Inner", "Scan Direction": "Forward", "Index Name": "movie_id_cast_info", "Relation Name": "cast_info", "Alias": "ci", "Startup Cost": 0.0, "Total Cost": 0.98, "Plan Rows": 1, "Plan Width": 12, "Index Cond": "(movie_id = mc.movie_id)", "Filter": "(((note)::text ~~ '%(voice)%'::text) AND ((note)::text ~~ '%(uncredited)%'::text))"}]}]}, {"Node Type": "Index Scan", "Parent Relationship": "Inner", "Scan Direction": "Forward", "Index Name": "title_pkey", "Relation Name": "title", "Alias": "t", "Startup Cost": 0.0, "Total Cost": 0.34, "Plan Rows": 1, "Plan Width": 21, "Index Cond": "(id = mc.movie_id)", "Filter": "(production_year > 2005)"}]}, {"Node Type": "Index Scan", "Parent Relationship": "Inner", "Scan Direction": "Forward", "Index Name": "char_name_pkey", "Relation Name": "char_name", "Alias": "chn", "Startup Cost": 0.0, "Total Cost": 5.37, "Plan Rows": 1, "Plan Width": 20, "Index Cond": "(id = ci.person_role_id)"}]}, {"Node Type": "Index Scan", "Parent Relationship": "Inner", "Scan Direction": "Forward", "Index Name": "company_type_pkey", "Relation Name": "company_type", "Alias": "ct", "Startup Cost": 0.0, "Total Cost": 0.27, "Plan Rows": 1, "Plan Width": 4, "Index Cond": "(id = mc.company_type_id)"}]}]}, "Unique SQL Id": 2933943827, "Planner Runtime": 21}, "explain_analyze_plan": {"Plan": {"Node Type": "Aggregate", "Strategy": "Plain", "Startup Cost": 19897.43, "Total Cost": 19897.44, "Plan Rows": 1, "Plan Width": 97, "Actual Startup Time": 1044.453, "Actual Total Time": 1044.453, "Actual Rows": 1, "Actual Loops": 1, "Plans": [{"Node Type": "Nested Loop", "Parent Relationship": "Outer", "Join Type": "Inner", "Startup Cost": 0.0, "Total Cost": 19897.42, "Plan Rows": 2, "Plan Width": 33, "Actual Startup Time": 61.95, "Actual Total Time": 1044.352, "Actual Rows": 18, "Actual Loops": 1, "Inner Unique": true, "Plans": [{"Node Type": "Nested Loop", "Parent Relationship": "Outer", "Join Type": "Inner", "Startup Cost": 0.0, "Total Cost": 19896.86, "Plan Rows": 2, "Plan Width": 37, "Actual Startup Time": 12.333, "Actual Total Time": 1044.034, "Actual Rows": 104, "Actual Loops": 1, "Inner Unique": true, "Plans": [{"Node Type": "Nested Loop", "Parent Relationship": "Outer", "Join Type": "Inner", "Startup Cost": 0.0, "Total Cost": 19869.97, "Plan Rows": 5, "Plan Width": 25, "Actual Startup Time": 12.321, "Actual Total Time": 1042.856, "Actual Rows": 112, "Actual Loops": 1, "Inner Unique": true, "Plans": [{"Node Type": "Nested Loop", "Parent Relationship": "Outer", "Join Type": "Inner", "Startup Cost": 0.0, "Total Cost": 19867.87, "Plan Rows": 6, "Plan Width": 16, "Actual Startup Time": 0.86, "Actual Total Time": 1040.304, "Actual Rows": 275, "Actual Loops": 1, "Inner Unique": false, "Join Filter": "(ci.role_id = rt.id)", "Rows Removed by Join Filter": 102, "Plans": [{"Node Type": "Seq Scan", "Parent Relationship": "Outer", "Relation Name": "role_type", "Alias": "rt", "Startup Cost": 0.0, "Total Cost": 1.15, "Plan Rows": 1, "Plan Width": 4, "Actual Startup Time": 0.016, "Actual Total Time": 0.025, "Actual Rows": 1, "Actual Loops": 1, "Filter": "((role)::text = 'actor'::text)", "Rows Removed by Filter": 11}, {"Node Type": "Nested Loop", "Parent Relationship": "Inner", "Join Type": "Inner", "Startup Cost": 0.0, "Total Cost": 19865.87, "Plan Rows": 68, "Plan Width": 20, "Actual Startup Time": 0.837, "Actual Total Time": 1040.014, "Actual Rows": 377, "Actual Loops": 1, "Inner Unique": false, "Plans": [{"Node Type": "Nested Loop", "Parent Relationship": "Outer", "Join Type": "Inner", "Startup Cost": 0.0, "Total Cost": 16121.55, "Plan Rows": 3779, "Plan Width": 8, "Actual Startup Time": 0.057, "Actual Total Time": 114.57, "Actual Rows": 8790, "Actual Loops": 1, "Inner Unique": false, "Plans": [{"Node Type": "Seq Scan", "Parent Relationship": "Outer", "Relation Name": "company_name", "Alias": "cn", "Startup Cost": 0.0, "Total Cost": 5903.45, "Plan Rows": 251, "Plan Width": 4, "Actual Startup Time": 0.036, "Actual Total Time": 85.328, "Actual Rows": 1361, "Actual Loops": 1, "Filter": "((country_code)::text = '[ru]'::text)", "Rows Removed by Filter": 233635}, {"Node Type": "Index Scan", "Parent Relationship": "Inner", "Scan Direction": "Forward", "Index Name": "company_id_movie_companies", "Relation Name": "movie_companies", "Alias": "mc", "Startup Cost": 0.0, "Total Cost": 40.56, "Plan Rows": 15, "Plan Width": 12, "Actual Startup Time": 10.803, "Actual Total Time": 26.091, "Actual Rows": 8790, "Actual Loops": 1361, "Index Cond": "(company_id = cn.id)", "Rows Removed by Index Recheck": 0}]}, {"Node Type": "Index Scan", "Parent Relationship": "Inner", "Scan Direction": "Forward", "Index Name": "movie_id_cast_info", "Relation Name": "cast_info", "Alias": "ci", "Startup Cost": 0.0, "Total Cost": 0.98, "Plan Rows": 1, "Plan Width": 12, "Actual Startup Time": 865.63, "Actual Total Time": 920.19, "Actual Rows": 377, "Actual Loops": 8790, "Index Cond": "(movie_id = mc.movie_id)", "Rows Removed by Index Recheck": 0, "Filter": "(((note)::text ~~ '%(voice)%'::text) AND ((note)::text ~~ '%(uncredited)%'::text))", "Rows Removed by Filter": 408168}]}]}, {"Node Type": "Index Scan", "Parent Relationship": "Inner", "Scan Direction": "Forward", "Index Name": "title_pkey", "Relation Name": "title", "Alias": "t", "Startup Cost": 0.0, "Total Cost": 0.34, "Plan Rows": 1, "Plan Width": 21, "Actual Startup Time": 2.175, "Actual Total Time": 2.175, "Actual Rows": 112, "Actual Loops": 275, "Index Cond": "(id = mc.movie_id)", "Rows Removed by Index Recheck": 0, "Filter": "(production_year > 2005)", "Rows Removed by Filter": 163}]}, {"Node Type": "Index Scan", "Parent Relationship": "Inner", "Scan Direction": "Forward", "Index Name": "char_name_pkey", "Relation Name": "char_name", "Alias": "chn", "Startup Cost": 0.0, "Total Cost": 5.37, "Plan Rows": 1, "Plan Width": 20, "Actual Startup Time": 0.95, "Actual Total Time": 0.95, "Actual Rows": 104, "Actual Loops": 112, "Index Cond": "(id = ci.person_role_id)", "Rows Removed by Index Recheck": 0}]}, {"Node Type": "Index Scan", "Parent Relationship": "Inner", "Scan Direction": "Forward", "Index Name": "company_type_pkey", "Relation Name": "company_type", "Alias": "ct", "Startup Cost": 0.0, "Total Cost": 0.27, "Plan Rows": 1, "Plan Width": 4, "Actual Startup Time": 0.173, "Actual Total Time": 0.173, "Actual Rows": 18, "Actual Loops": 104, "Index Cond": "(id = mc.company_type_id)", "Rows Removed by Index Recheck": 0}]}]}, "Triggers": [], "Planner Runtime": 6, "Total Runtime": 1044.846, "Unique SQL Id": 2933943827}}, "(16, 37)": {"explain_plan": {"Plan": {"Node Type": "Aggregate", "Strategy": "Plain", "Startup Cost": 22688.03, "Total Cost": 22688.04, "Plan Rows": 1, "Plan Width": 97, "Plans": [{"Node Type": "Nested Loop", "Parent Relationship": "Outer", "Join Type": "Inner", "Startup Cost": 2779.29, "Total Cost": 22688.02, "Plan Rows": 2, "Plan Width": 33, "Inner Unique": true, "Plans": [{"Node Type": "Nested Loop", "Parent Relationship": "Outer", "Join Type": "Inner", "Startup Cost": 2779.29, "Total Cost": 22687.46, "Plan Rows": 2, "Plan Width": 37, "Inner Unique": true, "Plans": [{"Node Type": "Nested Loop", "Parent Relationship": "Outer", "Join Type": "Inner", "Startup Cost": 2779.29, "Total Cost": 22660.57, "Plan Rows": 5, "Plan Width": 25, "Inner Unique": true, "Plans": [{"Node Type": "Nested Loop", "Parent Relationship": "Outer", "Join Type": "Inner", "Startup Cost": 2779.29, "Total Cost": 22658.47, "Plan Rows": 6, "Plan Width": 16, "Inner Unique": false, "Join Filter": "(ci.role_id = rt.id)", "Plans": [{"Node Type": "Index Scan", "Parent Relationship": "Outer", "Scan Direction": "Forward", "Index Name": "role_type_pkey", "Relation Name": "role_type", "Alias": "rt", "Startup Cost": 0.0, "Total Cost": 12.46, "Plan Rows": 1, "Plan Width": 4, "Filter": "((role)::text = 'actor'::text)"}, {"Node Type": "Nested Loop", "Parent Relationship": "Inner", "Join Type": "Inner", "Startup Cost": 2779.29, "Total Cost": 22645.16, "Plan Rows": 68, "Plan Width": 20, "Inner Unique": false, "Plans": [{"Node Type": "Nested Loop", "Parent Relationship": "Outer", "Join Type": "Inner", "Startup Cost": 2779.29, "Total Cost": 18900.84, "Plan Rows": 3779, "Plan Width": 8, "Inner Unique": false, "Plans": [{"Node Type": "Bitmap Heap Scan", "Parent Relationship": "Outer", "Relation Name": "company_name", "Alias": "cn", "Startup Cost": 2779.29, "Total Cost": 8682.74, "Plan Rows": 251, "Plan Width": 4, "Filter": "((country_code)::text = '[ru]'::text)", "Plans": [{"Node Type": "Bitmap Index Scan", "Parent Relationship": "Outer", "Index Name": "company_name_pkey", "Startup Cost": 0.0, "Total Cost": 2779.23, "Plan Rows": 234996, "Plan Width": 0}]}, {"Node Type": "Index Scan", "Parent Relationship": "Inner", "Scan Direction": "Forward", "Index Name": "company_id_movie_companies", "Relation Name": "movie_companies", "Alias": "mc", "Startup Cost": 0.0, "Total Cost": 40.56, "Plan Rows": 15, "Plan Width": 12, "Index Cond": "(company_id = cn.id)"}]}, {"Node Type": "Index Scan", "Parent Relationship": "Inner", "Scan Direction": "Forward", "Index Name": "movie_id_cast_info", "Relation Name": "cast_info", "Alias": "ci", "Startup Cost": 0.0, "Total Cost": 0.98, "Plan Rows": 1, "Plan Width": 12, "Index Cond": "(movie_id = mc.movie_id)", "Filter": "(((note)::text ~~ '%(voice)%'::text) AND ((note)::text ~~ '%(uncredited)%'::text))"}]}]}, {"Node Type": "Index Scan", "Parent Relationship": "Inner", "Scan Direction": "Forward", "Index Name": "title_pkey", "Relation Name": "title", "Alias": "t", "Startup Cost": 0.0, "Total Cost": 0.34, "Plan Rows": 1, "Plan Width": 21, "Index Cond": "(id = mc.movie_id)", "Filter": "(production_year > 2005)"}]}, {"Node Type": "Index Scan", "Parent Relationship": "Inner", "Scan Direction": "Forward", "Index Name": "char_name_pkey", "Relation Name": "char_name", "Alias": "chn", "Startup Cost": 0.0, "Total Cost": 5.37, "Plan Rows": 1, "Plan Width": 20, "Index Cond": "(id = ci.person_role_id)"}]}, {"Node Type": "Index Scan", "Parent Relationship": "Inner", "Scan Direction": "Forward", "Index Name": "company_type_pkey", "Relation Name": "company_type", "Alias": "ct", "Startup Cost": 0.0, "Total Cost": 0.27, "Plan Rows": 1, "Plan Width": 4, "Index Cond": "(id = mc.company_type_id)"}]}]}, "Unique SQL Id": 2933943827, "Planner Runtime": 14}, "explain_analyze_plan": {"Plan": {"Node Type": "Aggregate", "Strategy": "Plain", "Startup Cost": 22688.03, "Total Cost": 22688.04, "Plan Rows": 1, "Plan Width": 97, "Actual Startup Time": 1023.647, "Actual Total Time": 1023.647, "Actual Rows": 1, "Actual Loops": 1, "Plans": [{"Node Type": "Nested Loop", "Parent Relationship": "Outer", "Join Type": "Inner", "Startup Cost": 2779.29, "Total Cost": 22688.02, "Plan Rows": 2, "Plan Width": 33, "Actual Startup Time": 89.034, "Actual Total Time": 1023.564, "Actual Rows": 18, "Actual Loops": 1, "Inner Unique": true, "Plans": [{"Node Type": "Nested Loop", "Parent Relationship": "Outer", "Join Type": "Inner", "Startup Cost": 2779.29, "Total Cost": 22687.46, "Plan Rows": 2, "Plan Width": 37, "Actual Startup Time": 38.612, "Actual Total Time": 1023.266, "Actual Rows": 104, "Actual Loops": 1, "Inner Unique": true, "Plans": [{"Node Type": "Nested Loop", "Parent Relationship": "Outer", "Join Type": "Inner", "Startup Cost": 2779.29, "Total Cost": 22660.57, "Plan Rows": 5, "Plan Width": 25, "Actual Startup Time": 38.596, "Actual Total Time": 1022.136, "Actual Rows": 112, "Actual Loops": 1, "Inner Unique": true, "Plans": [{"Node Type": "Nested Loop", "Parent Relationship": "Outer", "Join Type": "Inner", "Startup Cost": 2779.29, "Total Cost": 22658.47, "Plan Rows": 6, "Plan Width": 16, "Actual Startup Time": 26.784, "Actual Total Time": 1019.652, "Actual Rows": 275, "Actual Loops": 1, "Inner Unique": false, "Join Filter": "(ci.role_id = rt.id)", "Rows Removed by Join Filter": 102, "Plans": [{"Node Type": "Index Scan", "Parent Relationship": "Outer", "Scan Direction": "Forward", "Index Name": "role_type_pkey", "Relation Name": "role_type", "Alias": "rt", "Startup Cost": 0.0, "Total Cost": 12.46, "Plan Rows": 1, "Plan Width": 4, "Actual Startup Time": 0.017, "Actual Total Time": 0.027, "Actual Rows": 1, "Actual Loops": 1, "Filter": "((role)::text = 'actor'::text)", "Rows Removed by Filter": 11}, {"Node Type": "Nested Loop", "Parent Relationship": "Inner", "Join Type": "Inner", "Startup Cost": 2779.29, "Total Cost": 22645.16, "Plan Rows": 68, "Plan Width": 20, "Actual Startup Time": 26.759, "Actual Total Time": 1019.379, "Actual Rows": 377, "Actual Loops": 1, "Inner Unique": false, "Plans": [{"Node Type": "Nested Loop", "Parent Relationship": "Outer", "Join Type": "Inner", "Startup Cost": 2779.29, "Total Cost": 18900.84, "Plan Rows": 3779, "Plan Width": 8, "Actual Startup Time": 25.822, "Actual Total Time": 159.973, "Actual Rows": 8790, "Actual Loops": 1, "Inner Unique": false, "Plans": [{"Node Type": "Bitmap Heap Scan", "Parent Relationship": "Outer", "Relation Name": "company_name", "Alias": "cn", "Startup Cost": 2779.29, "Total Cost": 8682.74, "Plan Rows": 251, "Plan Width": 4, "Actual Startup Time": 25.802, "Actual Total Time": 133.775, "Actual Rows": 1361, "Actual Loops": 1, "Filter": "((country_code)::text = '[ru]'::text)", "Rows Removed by Filter": 233635, "Exact Heap Blocks": 2966, "Lossy Heap Blocks": 2966, "Plans": [{"Node Type": "Bitmap Index Scan", "Parent Relationship": "Outer", "Index Name": "company_name_pkey", "Startup Cost": 0.0, "Total Cost": 2779.23, "Plan Rows": 234996, "Plan Width": 0, "Actual Startup Time": 25.339, "Actual Total Time": 25.339, "Actual Rows": 234996, "Actual Loops": 1}]}, {"Node Type": "Index Scan", "Parent Relationship": "Inner", "Scan Direction": "Forward", "Index Name": "company_id_movie_companies", "Relation Name": "movie_companies", "Alias": "mc", "Startup Cost": 0.0, "Total Cost": 40.56, "Plan Rows": 15, "Plan Width": 12, "Actual Startup Time": 9.295, "Actual Total Time": 23.043, "Actual Rows": 8790, "Actual Loops": 1361, "Index Cond": "(company_id = cn.id)", "Rows Removed by Index Recheck": 0}]}, {"Node Type": "Index Scan", "Parent Relationship": "Inner", "Scan Direction": "Forward", "Index Name": "movie_id_cast_info", "Relation Name": "cast_info", "Alias": "ci", "Startup Cost": 0.0, "Total Cost": 0.98, "Plan Rows": 1, "Plan Width": 12, "Actual Startup Time": 802.211, "Actual Total Time": 854.23, "Actual Rows": 377, "Actual Loops": 8790, "Index Cond": "(movie_id = mc.movie_id)", "Rows Removed by Index Recheck": 0, "Filter": "(((note)::text ~~ '%(voice)%'::text) AND ((note)::text ~~ '%(uncredited)%'::text))", "Rows Removed by Filter": 408168}]}]}, {"Node Type": "Index Scan", "Parent Relationship": "Inner", "Scan Direction": "Forward", "Index Name": "title_pkey", "Relation Name": "title", "Alias": "t", "Startup Cost": 0.0, "Total Cost": 0.34, "Plan Rows": 1, "Plan Width": 21, "Actual Startup Time": 2.094, "Actual Total Time": 2.094, "Actual Rows": 112, "Actual Loops": 275, "Index Cond": "(id = mc.movie_id)", "Rows Removed by Index Recheck": 0, "Filter": "(production_year > 2005)", "Rows Removed by Filter": 163}]}, {"Node Type": "Index Scan", "Parent Relationship": "Inner", "Scan Direction": "Forward", "Index Name": "char_name_pkey", "Relation Name": "char_name", "Alias": "chn", "Startup Cost": 0.0, "Total Cost": 5.37, "Plan Rows": 1, "Plan Width": 20, "Actual Startup Time": 0.89, "Actual Total Time": 0.89, "Actual Rows": 104, "Actual Loops": 112, "Index Cond": "(id = ci.person_role_id)", "Rows Removed by Index Recheck": 0}]}, {"Node Type": "Index Scan", "Parent Relationship": "Inner", "Scan Direction": "Forward", "Index Name": "company_type_pkey", "Relation Name": "company_type", "Alias": "ct", "Startup Cost": 0.0, "Total Cost": 0.27, "Plan Rows": 1, "Plan Width": 4, "Actual Startup Time": 0.159, "Actual Total Time": 0.159, "Actual Rows": 18, "Actual Loops": 104, "Index Cond": "(id = mc.company_type_id)", "Rows Removed by Index Recheck": 0}]}]}, "Triggers": [], "Planner Runtime": 7, "Total Runtime": 1024.054, "Unique SQL Id": 2933943827}}, "(16, 38)": {"explain_plan": {"Plan": {"Node Type": "Aggregate", "Strategy": "Plain", "Startup Cost": 38342.48, "Total Cost": 38342.49, "Plan Rows": 1, "Plan Width": 97, "Plans": [{"Node Type": "Nested Loop", "Parent Relationship": "Outer", "Join Type": "Inner", "Startup Cost": 7.4, "Total Cost": 38342.47, "Plan Rows": 2, "Plan Width": 33, "Inner Unique": false, "Join Filter": "(mc.company_type_id = ct.id)", "Plans": [{"Node Type": "Seq Scan", "Parent Relationship": "Outer", "Relation Name": "company_type", "Alias": "ct", "Startup Cost": 0.0, "Total Cost": 1.03, "Plan Rows": 3, "Plan Width": 4}, {"Node Type": "Materialize", "Parent Relationship": "Inner", "Startup Cost": 7.4, "Total Cost": 38341.35, "Plan Rows": 2, "Plan Width": 37, "Plans": [{"Node Type": "Nested Loop", "Parent Relationship": "Outer", "Join Type": "Inner", "Startup Cost": 7.4, "Total Cost": 38341.34, "Plan Rows": 2, "Plan Width": 37, "Inner Unique": true, "Plans": [{"Node Type": "Nested Loop", "Parent Relationship": "Outer", "Join Type": "Inner", "Startup Cost": 7.13, "Total Cost": 38328.45, "Plan Rows": 3, "Plan Width": 28, "Inner Unique": true, "Plans": [{"Node Type": "Nested Loop", "Parent Relationship": "Outer", "Join Type": "Inner", "Startup Cost": 4.83, "Total Cost": 38290.52, "Plan Rows": 6, "Plan Width": 16, "Inner Unique": false, "Join Filter": "(ci.role_id = rt.id)", "Plans": [{"Node Type": "Seq Scan", "Parent Relationship": "Outer", "Relation Name": "role_type", "Alias": "rt", "Startup Cost": 0.0, "Total Cost": 1.15, "Plan Rows": 1, "Plan Width": 4, "Filter": "((role)::text = 'actor'::text)"}, {"Node Type": "Nested Loop", "Parent Relationship": "Inner", "Join Type": "Inner", "Startup Cost": 4.83, "Total Cost": 38288.52, "Plan Rows": 68, "Plan Width": 20, "Inner Unique": false, "Plans": [{"Node Type": "Nested Loop", "Parent Relationship": "Outer", "Join Type": "Inner", "Startup Cost": 4.32, "Total Cost": 20813.55, "Plan Rows": 3779, "Plan Width": 8, "Inner Unique": false, "Plans": [{"Node Type": "Seq Scan", "Parent Relationship": "Outer", "Relation Name": "company_name", "Alias": "cn", "Startup Cost": 0.0, "Total Cost": 5903.45, "Plan Rows": 251, "Plan Width": 4, "Filter": "((country_code)::text = '[ru]'::text)"}, {"Node Type": "Bitmap Heap Scan", "Parent Relationship": "Inner", "Relation Name": "movie_companies", "Alias": "mc", "Startup Cost": 4.32, "Total Cost": 59.25, "Plan Rows": 15, "Plan Width": 12, "Recheck Cond": "(company_id = cn.id)", "Plans": [{"Node Type": "Bitmap Index Scan", "Parent Relationship": "Outer", "Index Name": "company_id_movie_companies", "Startup Cost": 0.0, "Total Cost": 4.31, "Plan Rows": 15, "Plan Width": 0, "Index Cond": "(company_id = cn.id)"}]}]}, {"Node Type": "Bitmap Heap Scan", "Parent Relationship": "Inner", "Relation Name": "cast_info", "Alias": "ci", "Startup Cost": 0.51, "Total Cost": 4.61, "Plan Rows": 1, "Plan Width": 12, "Recheck Cond": "(movie_id = mc.movie_id)", "Filter": "(((note)::text ~~ '%(voice)%'::text) AND ((note)::text ~~ '%(uncredited)%'::text))", "Plans": [{"Node Type": "Bitmap Index Scan", "Parent Relationship": "Outer", "Index Name": "movie_id_cast_info", "Startup Cost": 0.0, "Total Cost": 0.51, "Plan Rows": 6, "Plan Width": 0, "Index Cond": "(movie_id = mc.movie_id)"}]}]}]}, {"Node Type": "Bitmap Heap Scan", "Parent Relationship": "Inner", "Relation Name": "char_name", "Alias": "chn", "Startup Cost": 2.3, "Total Cost": 6.31, "Plan Rows": 1, "Plan Width": 20, "Recheck Cond": "(id = ci.person_role_id)", "Plans": [{"Node Type": "Bitmap Index Scan", "Parent Relationship": "Outer", "Index Name": "char_name_pkey", "Startup Cost": 0.0, "Total Cost": 2.3, "Plan Rows": 1, "Plan Width": 0, "Index Cond": "(id = ci.person_role_id)"}]}]}, {"Node Type": "Bitmap Heap Scan", "Parent Relationship": "Inner", "Relation Name": "title", "Alias": "t", "Startup Cost": 0.27, "Total Cost": 4.29, "Plan Rows": 1, "Plan Width": 21, "Recheck Cond": "(id = mc.movie_id)", "Filter": "(production_year > 2005)", "Plans": [{"Node Type": "Bitmap Index Scan", "Parent Relationship": "Outer", "Index Name": "title_pkey", "Startup Cost": 0.0, "Total Cost": 0.27, "Plan Rows": 1, "Plan Width": 0, "Index Cond": "(id = mc.movie_id)"}]}]}]}]}]}, "Unique SQL Id": 2933943827, "Planner Runtime": 32}, "explain_analyze_plan": {"Plan": {"Node Type": "Aggregate", "Strategy": "Plain", "Startup Cost": 38342.48, "Total Cost": 38342.49, "Plan Rows": 1, "Plan Width": 97, "Actual Startup Time": 1267.969, "Actual Total Time": 1267.969, "Actual Rows": 1, "Actual Loops": 1, "Plans": [{"Node Type": "Nested Loop", "Parent Relationship": "Outer", "Join Type": "Inner", "Startup Cost": 7.4, "Total Cost": 38342.47, "Plan Rows": 2, "Plan Width": 33, "Actual Startup Time": 75.505, "Actual Total Time": 1267.898, "Actual Rows": 18, "Actual Loops": 1, "Inner Unique": false, "Join Filter": "(mc.company_type_id = ct.id)", "Rows Removed by Join Filter": 294, "Plans": [{"Node Type": "Seq Scan", "Parent Relationship": "Outer", "Relation Name": "company_type", "Alias": "ct", "Startup Cost": 0.0, "Total Cost": 1.03, "Plan Rows": 3, "Plan Width": 4, "Actual Startup Time": 0.013, "Actual Total Time": 0.016, "Actual Rows": 3, "Actual Loops": 1}, {"Node Type": "Materialize", "Parent Relationship": "Inner", "Startup Cost": 7.4, "Total Cost": 38341.35, "Plan Rows": 2, "Plan Width": 37, "Actual Startup Time": 15.278, "Actual Total Time": 1267.723, "Actual Rows": 312, "Actual Loops": 3, "Plans": [{"Node Type": "Nested Loop", "Parent Relationship": "Outer", "Join Type": "Inner", "Startup Cost": 7.4, "Total Cost": 38341.34, "Plan Rows": 2, "Plan Width": 37, "Actual Startup Time": 15.271, "Actual Total Time": 1267.569, "Actual Rows": 104, "Actual Loops": 1, "Inner Unique": true, "Plans": [{"Node Type": "Nested Loop", "Parent Relationship": "Outer", "Join Type": "Inner", "Startup Cost": 7.13, "Total Cost": 38328.45, "Plan Rows": 3, "Plan Width": 28, "Actual Startup Time": 1.113, "Actual Total Time": 1264.658, "Actual Rows": 265, "Actual Loops": 1, "Inner Unique": true, "Plans": [{"Node Type": "Nested Loop", "Parent Relationship": "Outer", "Join Type": "Inner", "Startup Cost": 4.83, "Total Cost": 38290.52, "Plan Rows": 6, "Plan Width": 16, "Actual Startup Time": 1.098, "Actual Total Time": 1261.302, "Actual Rows": 275, "Actual Loops": 1, "Inner Unique": false, "Join Filter": "(ci.role_id = rt.id)", "Rows Removed by Join Filter": 102, "Plans": [{"Node Type": "Seq Scan", "Parent Relationship": "Outer", "Relation Name": "role_type", "Alias": "rt", "Startup Cost": 0.0, "Total Cost": 1.15, "Plan Rows": 1, "Plan Width": 4, "Actual Startup Time": 0.018, "Actual Total Time": 0.025, "Actual Rows": 1, "Actual Loops": 1, "Filter": "((role)::text = 'actor'::text)", "Rows Removed by Filter": 11}, {"Node Type": "Nested Loop", "Parent Relationship": "Inner", "Join Type": "Inner", "Startup Cost": 4.83, "Total Cost": 38288.52, "Plan Rows": 68, "Plan Width": 20, "Actual Startup Time": 1.073, "Actual Total Time": 1261.057, "Actual Rows": 377, "Actual Loops": 1, "Inner Unique": false, "Plans": [{"Node Type": "Nested Loop", "Parent Relationship": "Outer", "Join Type": "Inner", "Startup Cost": 4.32, "Total Cost": 20813.55, "Plan Rows": 3779, "Plan Width": 8, "Actual Startup Time": 0.09, "Actual Total Time": 122.723, "Actual Rows": 8790, "Actual Loops": 1, "Inner Unique": false, "Plans": [{"Node Type": "Seq Scan", "Parent Relationship": "Outer", "Relation Name": "company_name", "Alias": "cn", "Startup Cost": 0.0, "Total Cost": 5903.45, "Plan Rows": 251, "Plan Width": 4, "Actual Startup Time": 0.045, "Actual Total Time": 85.602, "Actual Rows": 1361, "Actual Loops": 1, "Filter": "((country_code)::text = '[ru]'::text)", "Rows Removed by Filter": 233635}, {"Node Type": "Bitmap Heap Scan", "Parent Relationship": "Inner", "Relation Name": "movie_companies", "Alias": "mc", "Startup Cost": 4.32, "Total Cost": 59.25, "Plan Rows": 15, "Plan Width": 12, "Actual Startup Time": 15.128, "Actual Total Time": 32.564, "Actual Rows": 8790, "Actual Loops": 1361, "Recheck Cond": "(company_id = cn.id)", "Rows Removed by Index Recheck": 0, "Exact Heap Blocks": 7155, "Lossy Heap Blocks": 7155, "Plans": [{"Node Type": "Bitmap Index Scan", "Parent Relationship": "Outer", "Index Name": "company_id_movie_companies", "Startup Cost": 0.0, "Total Cost": 4.31, "Plan Rows": 15, "Plan Width": 0, "Actual Startup Time": 9.696, "Actual Total Time": 9.696, "Actual Rows": 8790, "Actual Loops": 1361, "Index Cond": "(company_id = cn.id)"}]}]}, {"Node Type": "Bitmap Heap Scan", "Parent Relationship": "Inner", "Relation Name": "cast_info", "Alias": "ci", "Startup Cost": 0.51, "Total Cost": 4.61, "Plan Rows": 1, "Plan Width": 12, "Actual Startup Time": 1062.4, "Actual Total Time": 1123.634, "Actual Rows": 377, "Actual Loops": 8790, "Recheck Cond": "(movie_id = mc.movie_id)", "Rows Removed by Index Recheck": 0, "Filter": "(((note)::text ~~ '%(voice)%'::text) AND ((note)::text ~~ '%(uncredited)%'::text))", "Rows Removed by Filter": 408168, "Exact Heap Blocks": 397651, "Lossy Heap Blocks": 397651, "Plans": [{"Node Type": "Bitmap Index Scan", "Parent Relationship": "Outer", "Index Name": "movie_id_cast_info", "Startup Cost": 0.0, "Total Cost": 0.51, "Plan Rows": 6, "Plan Width": 0, "Actual Startup Time": 138.568, "Actual Total Time": 138.568, "Actual Rows": 408545, "Actual Loops": 8790, "Index Cond": "(movie_id = mc.movie_id)"}]}]}]}, {"Node Type": "Bitmap Heap Scan", "Parent Relationship": "Inner", "Relation Name": "char_name", "Alias": "chn", "Startup Cost": 2.3, "Total Cost": 6.31, "Plan Rows": 1, "Plan Width": 20, "Actual Startup Time": 2.698, "Actual Total Time": 2.698, "Actual Rows": 265, "Actual Loops": 275, "Recheck Cond": "(id = ci.person_role_id)", "Rows Removed by Index Recheck": 0, "Exact Heap Blocks": 265, "Lossy Heap Blocks": 265, "Plans": [{"Node Type": "Bitmap Index Scan", "Parent Relationship": "Outer", "Index Name": "char_name_pkey", "Startup Cost": 0.0, "Total Cost": 2.3, "Plan Rows": 1, "Plan Width": 0, "Actual Startup Time": 1.832, "Actual Total Time": 1.832, "Actual Rows": 265, "Actual Loops": 275, "Index Cond": "(id = ci.person_role_id)"}]}]}, {"Node Type": "Bitmap Heap Scan", "Parent Relationship": "Inner", "Relation Name": "title", "Alias": "t", "Startup Cost": 0.27, "Total Cost": 4.29, "Plan Rows": 1, "Plan Width": 21, "Actual Startup Time": 2.399, "Actual Total Time": 2.399, "Actual Rows": 104, "Actual Loops": 265, "Recheck Cond": "(id = mc.movie_id)", "Rows Removed by Index Recheck": 0, "Filter": "(production_year > 2005)", "Rows Removed by Filter": 161, "Exact Heap Blocks": 265, "Lossy Heap Blocks": 265, "Plans": [{"Node Type": "Bitmap Index Scan", "Parent Relationship": "Outer", "Index Name": "title_pkey", "Startup Cost": 0.0, "Total Cost": 0.27, "Plan Rows": 1, "Plan Width": 0, "Actual Startup Time": 1.54, "Actual Total Time": 1.54, "Actual Rows": 265, "Actual Loops": 265, "Index Cond": "(id = mc.movie_id)"}]}]}]}]}]}, "Triggers": [], "Planner Runtime": 18, "Total Runtime": 1268.406, "Unique SQL Id": 2933943827}}, "(16, 39)": {"explain_plan": {"Plan": {"Node Type": "Aggregate", "Strategy": "Plain", "Startup Cost": 41418.46, "Total Cost": 41418.47, "Plan Rows": 1, "Plan Width": 97, "Plans": [{"Node Type": "Nested Loop", "Parent Relationship": "Outer", "Join Type": "Inner", "Startup Cost": 2787.21, "Total Cost": 41418.45, "Plan Rows": 2, "Plan Width": 33, "Inner Unique": true, "Plans": [{"Node Type": "Nested Loop", "Parent Relationship": "Outer", "Join Type": "Inner", "Startup Cost": 2786.95, "Total Cost": 41409.89, "Plan Rows": 2, "Plan Width": 37, "Inner Unique": true, "Plans": [{"Node Type": "Nested Loop", "Parent Relationship": "Outer", "Join Type": "Inner", "Startup Cost": 2786.68, "Total Cost": 41397.0, "Plan Rows": 3, "Plan Width": 28, "Inner Unique": true, "Plans": [{"Node Type": "Nested Loop", "Parent Relationship": "Outer", "Join Type": "Inner", "Startup Cost": 2784.38, "Total Cost": 41359.07, "Plan Rows": 6, "Plan Width": 16, "Inner Unique": true, "Plans": [{"Node Type": "Nested Loop", "Parent Relationship": "Outer", "Join Type": "Inner", "Startup Cost": 2784.12, "Total Cost": 41067.82, "Plan Rows": 68, "Plan Width": 20, "Inner Unique": false, "Plans": [{"Node Type": "Nested Loop", "Parent Relationship": "Outer", "Join Type": "Inner", "Startup Cost": 2783.61, "Total Cost": 23592.84, "Plan Rows": 3779, "Plan Width": 8, "Inner Unique": false, "Plans": [{"Node Type": "Bitmap Heap Scan", "Parent Relationship": "Outer", "Relation Name": "company_name", "Alias": "cn", "Startup Cost": 2779.29, "Total Cost": 8682.74, "Plan Rows": 251, "Plan Width": 4, "Filter": "((country_code)::text = '[ru]'::text)", "Plans": [{"Node Type": "Bitmap Index Scan", "Parent Relationship": "Outer", "Index Name": "company_name_pkey", "Startup Cost": 0.0, "Total Cost": 2779.23, "Plan Rows": 234996, "Plan Width": 0}]}, {"Node Type": "Bitmap Heap Scan", "Parent Relationship": "Inner", "Relation Name": "movie_companies", "Alias": "mc", "Startup Cost": 4.32, "Total Cost": 59.25, "Plan Rows": 15, "Plan Width": 12, "Recheck Cond": "(company_id = cn.id)", "Plans": [{"Node Type": "Bitmap Index Scan", "Parent Relationship": "Outer", "Index Name": "company_id_movie_companies", "Startup Cost": 0.0, "Total Cost": 4.31, "Plan Rows": 15, "Plan Width": 0, "Index Cond": "(company_id = cn.id)"}]}]}, {"Node Type": "Bitmap Heap Scan", "Parent Relationship": "Inner", "Relation Name": "cast_info", "Alias": "ci", "Startup Cost": 0.51, "Total Cost": 4.61, "Plan Rows": 1, "Plan Width": 12, "Recheck Cond": "(movie_id = mc.movie_id)", "Filter": "(((note)::text ~~ '%(voice)%'::text) AND ((note)::text ~~ '%(uncredited)%'::text))", "Plans": [{"Node Type": "Bitmap Index Scan", "Parent Relationship": "Outer", "Index Name": "movie_id_cast_info", "Startup Cost": 0.0, "Total Cost": 0.51, "Plan Rows": 6, "Plan Width": 0, "Index Cond": "(movie_id = mc.movie_id)"}]}]}, {"Node Type": "Bitmap Heap Scan", "Parent Relationship": "Inner", "Relation Name": "role_type", "Alias": "rt", "Startup Cost": 0.26, "Total Cost": 4.27, "Plan Rows": 1, "Plan Width": 4, "Recheck Cond": "(id = ci.role_id)", "Filter": "((role)::text = 'actor'::text)", "Plans": [{"Node Type": "Bitmap Index Scan", "Parent Relationship": "Outer", "Index Name": "role_type_pkey", "Startup Cost": 0.0, "Total Cost": 0.26, "Plan Rows": 1, "Plan Width": 0, "Index Cond": "(id = ci.role_id)"}]}]}, {"Node Type": "Bitmap Heap Scan", "Parent Relationship": "Inner", "Relation Name": "char_name", "Alias": "chn", "Startup Cost": 2.3, "Total Cost": 6.31, "Plan Rows": 1, "Plan Width": 20, "Recheck Cond": "(id = ci.person_role_id)", "Plans": [{"Node Type": "Bitmap Index Scan", "Parent Relationship": "Outer", "Index Name": "char_name_pkey", "Startup Cost": 0.0, "Total Cost": 2.3, "Plan Rows": 1, "Plan Width": 0, "Index Cond": "(id = ci.person_role_id)"}]}]}, {"Node Type": "Bitmap Heap Scan", "Parent Relationship": "Inner", "Relation Name": "title", "Alias": "t", "Startup Cost": 0.27, "Total Cost": 4.29, "Plan Rows": 1, "Plan Width": 21, "Recheck Cond": "(id = mc.movie_id)", "Filter": "(production_year > 2005)", "Plans": [{"Node Type": "Bitmap Index Scan", "Parent Relationship": "Outer", "Index Name": "title_pkey", "Startup Cost": 0.0, "Total Cost": 0.27, "Plan Rows": 1, "Plan Width": 0, "Index Cond": "(id = mc.movie_id)"}]}]}, {"Node Type": "Bitmap Heap Scan", "Parent Relationship": "Inner", "Relation Name": "company_type", "Alias": "ct", "Startup Cost": 0.26, "Total Cost": 4.27, "Plan Rows": 1, "Plan Width": 4, "Recheck Cond": "(id = mc.company_type_id)", "Plans": [{"Node Type": "Bitmap Index Scan", "Parent Relationship": "Outer", "Index Name": "company_type_pkey", "Startup Cost": 0.0, "Total Cost": 0.26, "Plan Rows": 1, "Plan Width": 0, "Index Cond": "(id = mc.company_type_id)"}]}]}]}, "Unique SQL Id": 2933943827, "Planner Runtime": 9}, "explain_analyze_plan": {"Plan": {"Node Type": "Aggregate", "Strategy": "Plain", "Startup Cost": 41418.46, "Total Cost": 41418.47, "Plan Rows": 1, "Plan Width": 97, "Actual Startup Time": 1197.675, "Actual Total Time": 1197.675, "Actual Rows": 1, "Actual Loops": 1, "Plans": [{"Node Type": "Nested Loop", "Parent Relationship": "Outer", "Join Type": "Inner", "Startup Cost": 2787.21, "Total Cost": 41418.45, "Plan Rows": 2, "Plan Width": 33, "Actual Startup Time": 99.205, "Actual Total Time": 1197.571, "Actual Rows": 18, "Actual Loops": 1, "Inner Unique": true, "Plans": [{"Node Type": "Nested Loop", "Parent Relationship": "Outer", "Join Type": "Inner", "Startup Cost": 2786.95, "Total Cost": 41409.89, "Plan Rows": 2, "Plan Width": 37, "Actual Startup Time": 42.334, "Actual Total Time": 1197.028, "Actual Rows": 104, "Actual Loops": 1, "Inner Unique": true, "Plans": [{"Node Type": "Nested Loop", "Parent Relationship": "Outer", "Join Type": "Inner", "Startup Cost": 2786.68, "Total Cost": 41397.0, "Plan Rows": 3, "Plan Width": 28, "Actual Startup Time": 27.449, "Actual Total Time": 1194.263, "Actual Rows": 265, "Actual Loops": 1, "Inner Unique": true, "Plans": [{"Node Type": "Nested Loop", "Parent Relationship": "Outer", "Join Type": "Inner", "Startup Cost": 2784.38, "Total Cost": 41359.07, "Plan Rows": 6, "Plan Width": 16, "Actual Startup Time": 27.428, "Actual Total Time": 1191.216, "Actual Rows": 275, "Actual Loops": 1, "Inner Unique": true, "Plans": [{"Node Type": "Nested Loop", "Parent Relationship": "Outer", "Join Type": "Inner", "Startup Cost": 2784.12, "Total Cost": 41067.82, "Plan Rows": 68, "Plan Width": 20, "Actual Startup Time": 27.408, "Actual Total Time": 1188.638, "Actual Rows": 377, "Actual Loops": 1, "Inner Unique": false, "Plans": [{"Node Type": "Nested Loop", "Parent Relationship": "Outer", "Join Type": "Inner", "Startup Cost": 2783.61, "Total Cost": 23592.84, "Plan Rows": 3779, "Plan Width": 8, "Actual Startup Time": 26.16, "Actual Total Time": 182.006, "Actual Rows": 8790, "Actual Loops": 1, "Inner Unique": false, "Plans": [{"Node Type": "Bitmap Heap Scan", "Parent Relationship": "Outer", "Relation Name": "company_name", "Alias": "cn", "Startup Cost": 2779.29, "Total Cost": 8682.74, "Plan Rows": 251, "Plan Width": 4, "Actual Startup Time": 26.111, "Actual Total Time": 148.164, "Actual Rows": 1361, "Actual Loops": 1, "Filter": "((country_code)::text = '[ru]'::text)", "Rows Removed by Filter": 233635, "Exact Heap Blocks": 2966, "Lossy Heap Blocks": 2966, "Plans": [{"Node Type": "Bitmap Index Scan", "Parent Relationship": "Outer", "Index Name": "company_name_pkey", "Startup Cost": 0.0, "Total Cost": 2779.23, "Plan Rows": 234996, "Plan Width": 0, "Actual Startup Time": 25.617, "Actual Total Time": 25.617, "Actual Rows": 234996, "Actual Loops": 1}]}, {"Node Type": "Bitmap Heap Scan", "Parent Relationship": "Inner", "Relation Name": "movie_companies", "Alias": "mc", "Startup Cost": 4.32, "Total Cost": 59.25, "Plan Rows": 15, "Plan Width": 12, "Actual Startup Time": 14.449, "Actual Total Time": 29.008, "Actual Rows": 8790, "Actual Loops": 1361, "Recheck Cond": "(company_id = cn.id)", "Rows Removed by Index Recheck": 0, "Exact Heap Blocks": 7155, "Lossy Heap Blocks": 7155, "Plans": [{"Node Type": "Bitmap Index Scan", "Parent Relationship": "Outer", "Index Name": "company_id_movie_companies", "Startup Cost": 0.0, "Total Cost": 4.31, "Plan Rows": 15, "Plan Width": 0, "Actual Startup Time": 9.127, "Actual Total Time": 9.127, "Actual Rows": 8790, "Actual Loops": 1361, "Index Cond": "(company_id = cn.id)"}]}]}, {"Node Type": "Bitmap Heap Scan", "Parent Relationship": "Inner", "Relation Name": "cast_info", "Alias": "ci", "Startup Cost": 0.51, "Total Cost": 4.61, "Plan Rows": 1, "Plan Width": 12, "Actual Startup Time": 938.519, "Actual Total Time": 990.4, "Actual Rows": 377, "Actual Loops": 8790, "Recheck Cond": "(movie_id = mc.movie_id)", "Rows Removed by Index Recheck": 0, "Filter": "(((note)::text ~~ '%(voice)%'::text) AND ((note)::text ~~ '%(uncredited)%'::text))", "Rows Removed by Filter": 408168, "Exact Heap Blocks": 397651, "Lossy Heap Blocks": 397651, "Plans": [{"Node Type": "Bitmap Index Scan", "Parent Relationship": "Outer", "Index Name": "movie_id_cast_info", "Startup Cost": 0.0, "Total Cost": 0.51, "Plan Rows": 6, "Plan Width": 0, "Actual Startup Time": 127.518, "Actual Total Time": 127.518, "Actual Rows": 408545, "Actual Loops": 8790, "Index Cond": "(movie_id = mc.movie_id)"}]}]}, {"Node Type": "Bitmap Heap Scan", "Parent Relationship": "Inner", "Relation Name": "role_type", "Alias": "rt", "Startup Cost": 0.26, "Total Cost": 4.27, "Plan Rows": 1, "Plan Width": 4, "Actual Startup Time": 1.696, "Actual Total Time": 1.696, "Actual Rows": 275, "Actual Loops": 377, "Recheck Cond": "(id = ci.role_id)", "Rows Removed by Index Recheck": 0, "Filter": "((role)::text = 'actor'::text)", "Rows Removed by Filter": 102, "Exact Heap Blocks": 377, "Lossy Heap Blocks": 377, "Plans": [{"Node Type": "Bitmap Index Scan", "Parent Relationship": "Outer", "Index Name": "role_type_pkey", "Startup Cost": 0.0, "Total Cost": 0.26, "Plan Rows": 1, "Plan Width": 0, "Actual Startup Time": 0.653, "Actual Total Time": 0.653, "Actual Rows": 377, "Actual Loops": 377, "Index Cond": "(id = ci.role_id)"}]}]}, {"Node Type": "Bitmap Heap Scan", "Parent Relationship": "Inner", "Relation Name": "char_name", "Alias": "chn", "Startup Cost": 2.3, "Total Cost": 6.31, "Plan Rows": 1, "Plan Width": 20, "Actual Startup Time": 2.327, "Actual Total Time": 2.327, "Actual Rows": 265, "Actual Loops": 275, "Recheck Cond": "(id = ci.person_role_id)", "Rows Removed by Index Recheck": 0, "Exact Heap Blocks": 265, "Lossy Heap Blocks": 265, "Plans": [{"Node Type": "Bitmap Index Scan", "Parent Relationship": "Outer", "Index Name": "char_name_pkey", "Startup Cost": 0.0, "Total Cost": 2.3, "Plan Rows": 1, "Plan Width": 0, "Actual Startup Time": 1.574, "Actual Total Time": 1.574, "Actual Rows": 265, "Actual Loops": 275, "Index Cond": "(id = ci.person_role_id)"}]}]}, {"Node Type": "Bitmap Heap Scan", "Parent Relationship": "Inner", "Relation Name": "title", "Alias": "t", "Startup Cost": 0.27, "Total Cost": 4.29, "Plan Rows": 1, "Plan Width": 21, "Actual Startup Time": 2.169, "Actual Total Time": 2.169, "Actual Rows": 104, "Actual Loops": 265, "Recheck Cond": "(id = mc.movie_id)", "Rows Removed by Index Recheck": 0, "Filter": "(production_year > 2005)", "Rows Removed by Filter": 161, "Exact Heap Blocks": 265, "Lossy Heap Blocks": 265, "Plans": [{"Node Type": "Bitmap Index Scan", "Parent Relationship": "Outer", "Index Name": "title_pkey", "Startup Cost": 0.0, "Total Cost": 0.27, "Plan Rows": 1, "Plan Width": 0, "Actual Startup Time": 1.333, "Actual Total Time": 1.333, "Actual Rows": 265, "Actual Loops": 265, "Index Cond": "(id = mc.movie_id)"}]}]}, {"Node Type": "Bitmap Heap Scan", "Parent Relationship": "Inner", "Relation Name": "company_type", "Alias": "ct", "Startup Cost": 0.26, "Total Cost": 4.27, "Plan Rows": 1, "Plan Width": 4, "Actual Startup Time": 0.281, "Actual Total Time": 0.281, "Actual Rows": 18, "Actual Loops": 104, "Recheck Cond": "(id = mc.company_type_id)", "Rows Removed by Index Recheck": 0, "Exact Heap Blocks": 18, "Lossy Heap Blocks": 18, "Plans": [{"Node Type": "Bitmap Index Scan", "Parent Relationship": "Outer", "Index Name": "company_type_pkey", "Startup Cost": 0.0, "Total Cost": 0.26, "Plan Rows": 1, "Plan Width": 0, "Actual Startup Time": 0.155, "Actual Total Time": 0.155, "Actual Rows": 18, "Actual Loops": 104, "Index Cond": "(id = mc.company_type_id)"}]}]}]}, "Triggers": [], "Planner Runtime": 6, "Total Runtime": 1198.112, "Unique SQL Id": 2933943827}}, "(16, 40)": {"explain_plan": {"Plan": {"Node Type": "Aggregate", "Strategy": "Plain", "Startup Cost": 19897.43, "Total Cost": 19897.44, "Plan Rows": 1, "Plan Width": 97, "Plans": [{"Node Type": "Nested Loop", "Parent Relationship": "Outer", "Join Type": "Inner", "Startup Cost": 0.0, "Total Cost": 19897.42, "Plan Rows": 2, "Plan Width": 33, "Inner Unique": true, "Plans": [{"Node Type": "Nested Loop", "Parent Relationship": "Outer", "Join Type": "Inner", "Startup Cost": 0.0, "Total Cost": 19896.86, "Plan Rows": 2, "Plan Width": 37, "Inner Unique": true, "Plans": [{"Node Type": "Nested Loop", "Parent Relationship": "Outer", "Join Type": "Inner", "Startup Cost": 0.0, "Total Cost": 19869.97, "Plan Rows": 5, "Plan Width": 25, "Inner Unique": true, "Plans": [{"Node Type": "Nested Loop", "Parent Relationship": "Outer", "Join Type": "Inner", "Startup Cost": 0.0, "Total Cost": 19867.87, "Plan Rows": 6, "Plan Width": 16, "Inner Unique": false, "Join Filter": "(ci.role_id = rt.id)", "Plans": [{"Node Type": "Seq Scan", "Parent Relationship": "Outer", "Relation Name": "role_type", "Alias": "rt", "Startup Cost": 0.0, "Total Cost": 1.15, "Plan Rows": 1, "Plan Width": 4, "Filter": "((role)::text = 'actor'::text)"}, {"Node Type": "Nested Loop", "Parent Relationship": "Inner", "Join Type": "Inner", "Startup Cost": 0.0, "Total Cost": 19865.87, "Plan Rows": 68, "Plan Width": 20, "Inner Unique": false, "Plans": [{"Node Type": "Nested Loop", "Parent Relationship": "Outer", "Join Type": "Inner", "Startup Cost": 0.0, "Total Cost": 16121.55, "Plan Rows": 3779, "Plan Width": 8, "Inner Unique": false, "Plans": [{"Node Type": "Seq Scan", "Parent Relationship": "Outer", "Relation Name": "company_name", "Alias": "cn", "Startup Cost": 0.0, "Total Cost": 5903.45, "Plan Rows": 251, "Plan Width": 4, "Filter": "((country_code)::text = '[ru]'::text)"}, {"Node Type": "Index Scan", "Parent Relationship": "Inner", "Scan Direction": "Forward", "Index Name": "company_id_movie_companies", "Relation Name": "movie_companies", "Alias": "mc", "Startup Cost": 0.0, "Total Cost": 40.56, "Plan Rows": 15, "Plan Width": 12, "Index Cond": "(company_id = cn.id)"}]}, {"Node Type": "Index Scan", "Parent Relationship": "Inner", "Scan Direction": "Forward", "Index Name": "movie_id_cast_info", "Relation Name": "cast_info", "Alias": "ci", "Startup Cost": 0.0, "Total Cost": 0.98, "Plan Rows": 1, "Plan Width": 12, "Index Cond": "(movie_id = mc.movie_id)", "Filter": "(((note)::text ~~ '%(voice)%'::text) AND ((note)::text ~~ '%(uncredited)%'::text))"}]}]}, {"Node Type": "Index Scan", "Parent Relationship": "Inner", "Scan Direction": "Forward", "Index Name": "title_pkey", "Relation Name": "title", "Alias": "t", "Startup Cost": 0.0, "Total Cost": 0.34, "Plan Rows": 1, "Plan Width": 21, "Index Cond": "(id = mc.movie_id)", "Filter": "(production_year > 2005)"}]}, {"Node Type": "Index Scan", "Parent Relationship": "Inner", "Scan Direction": "Forward", "Index Name": "char_name_pkey", "Relation Name": "char_name", "Alias": "chn", "Startup Cost": 0.0, "Total Cost": 5.37, "Plan Rows": 1, "Plan Width": 20, "Index Cond": "(id = ci.person_role_id)"}]}, {"Node Type": "Index Only Scan", "Parent Relationship": "Inner", "Scan Direction": "Forward", "Index Name": "company_type_pkey", "Relation Name": "company_type", "Alias": "ct", "Startup Cost": 0.0, "Total Cost": 0.27, "Plan Rows": 1, "Plan Width": 4, "Index Cond": "(id = mc.company_type_id)"}]}]}, "Unique SQL Id": 2933943827, "Planner Runtime": 21}, "explain_analyze_plan": {"Plan": {"Node Type": "Aggregate", "Strategy": "Plain", "Startup Cost": 19897.43, "Total Cost": 19897.44, "Plan Rows": 1, "Plan Width": 97, "Actual Startup Time": 752.517, "Actual Total Time": 752.517, "Actual Rows": 1, "Actual Loops": 1, "Plans": [{"Node Type": "Nested Loop", "Parent Relationship": "Outer", "Join Type": "Inner", "Startup Cost": 0.0, "Total Cost": 19897.42, "Plan Rows": 2, "Plan Width": 33, "Actual Startup Time": 42.918, "Actual Total Time": 752.405, "Actual Rows": 18, "Actual Loops": 1, "Inner Unique": true, "Plans": [{"Node Type": "Nested Loop", "Parent Relationship": "Outer", "Join Type": "Inner", "Startup Cost": 0.0, "Total Cost": 19896.86, "Plan Rows": 2, "Plan Width": 37, "Actual Startup Time": 9.466, "Actual Total Time": 752.096, "Actual Rows": 104, "Actual Loops": 1, "Inner Unique": true, "Plans": [{"Node Type": "Nested Loop", "Parent Relationship": "Outer", "Join Type": "Inner", "Startup Cost": 0.0, "Total Cost": 19869.97, "Plan Rows": 5, "Plan Width": 25, "Actual Startup Time": 9.456, "Actual Total Time": 751.256, "Actual Rows": 112, "Actual Loops": 1, "Inner Unique": true, "Plans": [{"Node Type": "Nested Loop", "Parent Relationship": "Outer", "Join Type": "Inner", "Startup Cost": 0.0, "Total Cost": 19867.87, "Plan Rows": 6, "Plan Width": 16, "Actual Startup Time": 0.862, "Actual Total Time": 749.228, "Actual Rows": 275, "Actual Loops": 1, "Inner Unique": false, "Join Filter": "(ci.role_id = rt.id)", "Rows Removed by Join Filter": 102, "Plans": [{"Node Type": "Seq Scan", "Parent Relationship": "Outer", "Relation Name": "role_type", "Alias": "rt", "Startup Cost": 0.0, "Total Cost": 1.15, "Plan Rows": 1, "Plan Width": 4, "Actual Startup Time": 0.024, "Actual Total Time": 0.03, "Actual Rows": 1, "Actual Loops": 1, "Filter": "((role)::text = 'actor'::text)", "Rows Removed by Filter": 11}, {"Node Type": "Nested Loop", "Parent Relationship": "Inner", "Join Type": "Inner", "Startup Cost": 0.0, "Total Cost": 19865.87, "Plan Rows": 68, "Plan Width": 20, "Actual Startup Time": 0.831, "Actual Total Time": 748.935, "Actual Rows": 377, "Actual Loops": 1, "Inner Unique": false, "Plans": [{"Node Type": "Nested Loop", "Parent Relationship": "Outer", "Join Type": "Inner", "Startup Cost": 0.0, "Total Cost": 16121.55, "Plan Rows": 3779, "Plan Width": 8, "Actual Startup Time": 0.059, "Actual Total Time": 101.306, "Actual Rows": 8790, "Actual Loops": 1, "Inner Unique": false, "Plans": [{"Node Type": "Seq Scan", "Parent Relationship": "Outer", "Relation Name": "company_name", "Alias": "cn", "Startup Cost": 0.0, "Total Cost": 5903.45, "Plan Rows": 251, "Plan Width": 4, "Actual Startup Time": 0.039, "Actual Total Time": 80.246, "Actual Rows": 1361, "Actual Loops": 1, "Filter": "((country_code)::text = '[ru]'::text)", "Rows Removed by Filter": 233635}, {"Node Type": "Index Scan", "Parent Relationship": "Inner", "Scan Direction": "Forward", "Index Name": "company_id_movie_companies", "Relation Name": "movie_companies", "Alias": "mc", "Startup Cost": 0.0, "Total Cost": 40.56, "Plan Rows": 15, "Plan Width": 12, "Actual Startup Time": 7.856, "Actual Total Time": 17.976, "Actual Rows": 8790, "Actual Loops": 1361, "Index Cond": "(company_id = cn.id)", "Rows Removed by Index Recheck": 0}]}, {"Node Type": "Index Scan", "Parent Relationship": "Inner", "Scan Direction": "Forward", "Index Name": "movie_id_cast_info", "Relation Name": "cast_info", "Alias": "ci", "Startup Cost": 0.0, "Total Cost": 0.98, "Plan Rows": 1, "Plan Width": 12, "Actual Startup Time": 604.989, "Actual Total Time": 642.377, "Actual Rows": 377, "Actual Loops": 8790, "Index Cond": "(movie_id = mc.movie_id)", "Rows Removed by Index Recheck": 0, "Filter": "(((note)::text ~~ '%(voice)%'::text) AND ((note)::text ~~ '%(uncredited)%'::text))", "Rows Removed by Filter": 408168}]}]}, {"Node Type": "Index Scan", "Parent Relationship": "Inner", "Scan Direction": "Forward", "Index Name": "title_pkey", "Relation Name": "title", "Alias": "t", "Startup Cost": 0.0, "Total Cost": 0.34, "Plan Rows": 1, "Plan Width": 21, "Actual Startup Time": 1.632, "Actual Total Time": 1.632, "Actual Rows": 112, "Actual Loops": 275, "Index Cond": "(id = mc.movie_id)", "Rows Removed by Index Recheck": 0, "Filter": "(production_year > 2005)", "Rows Removed by Filter": 163}]}, {"Node Type": "Index Scan", "Parent Relationship": "Inner", "Scan Direction": "Forward", "Index Name": "char_name_pkey", "Relation Name": "char_name", "Alias": "chn", "Startup Cost": 0.0, "Total Cost": 5.37, "Plan Rows": 1, "Plan Width": 20, "Actual Startup Time": 0.628, "Actual Total Time": 0.628, "Actual Rows": 104, "Actual Loops": 112, "Index Cond": "(id = ci.person_role_id)", "Rows Removed by Index Recheck": 0}]}, {"Node Type": "Index Only Scan", "Parent Relationship": "Inner", "Scan Direction": "Forward", "Index Name": "company_type_pkey", "Relation Name": "company_type", "Alias": "ct", "Startup Cost": 0.0, "Total Cost": 0.27, "Plan Rows": 1, "Plan Width": 4, "Actual Startup Time": 0.179, "Actual Total Time": 0.179, "Actual Rows": 18, "Actual Loops": 104, "Index Cond": "(id = mc.company_type_id)", "Rows Removed by Index Recheck": 0, "Heap Fetches": 0}]}]}, "Triggers": [], "Planner Runtime": 6, "Total Runtime": 752.901, "Unique SQL Id": 2933943827}}, "(16, 41)": {"explain_plan": {"Plan": {"Node Type": "Aggregate", "Strategy": "Plain", "Startup Cost": 24506.67, "Total Cost": 24506.68, "Plan Rows": 1, "Plan Width": 97, "Plans": [{"Node Type": "Nested Loop", "Parent Relationship": "Outer", "Join Type": "Inner", "Startup Cost": 0.0, "Total Cost": 24506.66, "Plan Rows": 2, "Plan Width": 33, "Inner Unique": true, "Plans": [{"Node Type": "Nested Loop", "Parent Relationship": "Outer", "Join Type": "Inner", "Startup Cost": 0.0, "Total Cost": 24506.1, "Plan Rows": 2, "Plan Width": 37, "Inner Unique": true, "Plans": [{"Node Type": "Nested Loop", "Parent Relationship": "Outer", "Join Type": "Inner", "Startup Cost": 0.0, "Total Cost": 24479.22, "Plan Rows": 5, "Plan Width": 25, "Inner Unique": true, "Plans": [{"Node Type": "Nested Loop", "Parent Relationship": "Outer", "Join Type": "Inner", "Startup Cost": 0.0, "Total Cost": 24477.12, "Plan Rows": 6, "Plan Width": 16, "Inner Unique": false, "Join Filter": "(ci.role_id = rt.id)", "Plans": [{"Node Type": "Index Scan", "Parent Relationship": "Outer", "Scan Direction": "Forward", "Index Name": "role_type_pkey", "Relation Name": "role_type", "Alias": "rt", "Startup Cost": 0.0, "Total Cost": 12.46, "Plan Rows": 1, "Plan Width": 4, "Filter": "((role)::text = 'actor'::text)"}, {"Node Type": "Nested Loop", "Parent Relationship": "Inner", "Join Type": "Inner", "Startup Cost": 0.0, "Total Cost": 24463.81, "Plan Rows": 68, "Plan Width": 20, "Inner Unique": false, "Plans": [{"Node Type": "Nested Loop", "Parent Relationship": "Outer", "Join Type": "Inner", "Startup Cost": 0.0, "Total Cost": 20719.49, "Plan Rows": 3779, "Plan Width": 8, "Inner Unique": false, "Plans": [{"Node Type": "Index Scan", "Parent Relationship": "Outer", "Scan Direction": "Forward", "Index Name": "company_name_pkey", "Relation Name": "company_name", "Alias": "cn", "Startup Cost": 0.0, "Total Cost": 10501.39, "Plan Rows": 251, "Plan Width": 4, "Filter": "((country_code)::text = '[ru]'::text)"}, {"Node Type": "Index Scan", "Parent Relationship": "Inner", "Scan Direction": "Forward", "Index Name": "company_id_movie_companies", "Relation Name": "movie_companies", "Alias": "mc", "Startup Cost": 0.0, "Total Cost": 40.56, "Plan Rows": 15, "Plan Width": 12, "Index Cond": "(company_id = cn.id)"}]}, {"Node Type": "Index Scan", "Parent Relationship": "Inner", "Scan Direction": "Forward", "Index Name": "movie_id_cast_info", "Relation Name": "cast_info", "Alias": "ci", "Startup Cost": 0.0, "Total Cost": 0.98, "Plan Rows": 1, "Plan Width": 12, "Index Cond": "(movie_id = mc.movie_id)", "Filter": "(((note)::text ~~ '%(voice)%'::text) AND ((note)::text ~~ '%(uncredited)%'::text))"}]}]}, {"Node Type": "Index Scan", "Parent Relationship": "Inner", "Scan Direction": "Forward", "Index Name": "title_pkey", "Relation Name": "title", "Alias": "t", "Startup Cost": 0.0, "Total Cost": 0.34, "Plan Rows": 1, "Plan Width": 21, "Index Cond": "(id = mc.movie_id)", "Filter": "(production_year > 2005)"}]}, {"Node Type": "Index Scan", "Parent Relationship": "Inner", "Scan Direction": "Forward", "Index Name": "char_name_pkey", "Relation Name": "char_name", "Alias": "chn", "Startup Cost": 0.0, "Total Cost": 5.37, "Plan Rows": 1, "Plan Width": 20, "Index Cond": "(id = ci.person_role_id)"}]}, {"Node Type": "Index Only Scan", "Parent Relationship": "Inner", "Scan Direction": "Forward", "Index Name": "company_type_pkey", "Relation Name": "company_type", "Alias": "ct", "Startup Cost": 0.0, "Total Cost": 0.27, "Plan Rows": 1, "Plan Width": 4, "Index Cond": "(id = mc.company_type_id)"}]}]}, "Unique SQL Id": 2933943827, "Planner Runtime": 14}, "explain_analyze_plan": {"Plan": {"Node Type": "Aggregate", "Strategy": "Plain", "Startup Cost": 24506.67, "Total Cost": 24506.68, "Plan Rows": 1, "Plan Width": 97, "Actual Startup Time": 1284.484, "Actual Total Time": 1284.484, "Actual Rows": 1, "Actual Loops": 1, "Plans": [{"Node Type": "Nested Loop", "Parent Relationship": "Outer", "Join Type": "Inner", "Startup Cost": 0.0, "Total Cost": 24506.66, "Plan Rows": 2, "Plan Width": 33, "Actual Startup Time": 36.544, "Actual Total Time": 1284.388, "Actual Rows": 18, "Actual Loops": 1, "Inner Unique": true, "Plans": [{"Node Type": "Nested Loop", "Parent Relationship": "Outer", "Join Type": "Inner", "Startup Cost": 0.0, "Total Cost": 24506.1, "Plan Rows": 2, "Plan Width": 37, "Actual Startup Time": 28.178, "Actual Total Time": 1284.075, "Actual Rows": 104, "Actual Loops": 1, "Inner Unique": true, "Plans": [{"Node Type": "Nested Loop", "Parent Relationship": "Outer", "Join Type": "Inner", "Startup Cost": 0.0, "Total Cost": 24479.22, "Plan Rows": 5, "Plan Width": 25, "Actual Startup Time": 28.16, "Actual Total Time": 1282.814, "Actual Rows": 112, "Actual Loops": 1, "Inner Unique": true, "Plans": [{"Node Type": "Nested Loop", "Parent Relationship": "Outer", "Join Type": "Inner", "Startup Cost": 0.0, "Total Cost": 24477.12, "Plan Rows": 6, "Plan Width": 16, "Actual Startup Time": 8.682, "Actual Total Time": 1280.144, "Actual Rows": 275, "Actual Loops": 1, "Inner Unique": false, "Join Filter": "(ci.role_id = rt.id)", "Rows Removed by Join Filter": 102, "Plans": [{"Node Type": "Index Scan", "Parent Relationship": "Outer", "Scan Direction": "Forward", "Index Name": "role_type_pkey", "Relation Name": "role_type", "Alias": "rt", "Startup Cost": 0.0, "Total Cost": 12.46, "Plan Rows": 1, "Plan Width": 4, "Actual Startup Time": 0.021, "Actual Total Time": 0.034, "Actual Rows": 1, "Actual Loops": 1, "Filter": "((role)::text = 'actor'::text)", "Rows Removed by Filter": 11}, {"Node Type": "Nested Loop", "Parent Relationship": "Inner", "Join Type": "Inner", "Startup Cost": 0.0, "Total Cost": 24463.81, "Plan Rows": 68, "Plan Width": 20, "Actual Startup Time": 8.653, "Actual Total Time": 1279.832, "Actual Rows": 377, "Actual Loops": 1, "Inner Unique": false, "Plans": [{"Node Type": "Nested Loop", "Parent Relationship": "Outer", "Join Type": "Inner", "Startup Cost": 0.0, "Total Cost": 20719.49, "Plan Rows": 3779, "Plan Width": 8, "Actual Startup Time": 0.744, "Actual Total Time": 343.963, "Actual Rows": 8790, "Actual Loops": 1, "Inner Unique": false, "Plans": [{"Node Type": "Index Scan", "Parent Relationship": "Outer", "Scan Direction": "Forward", "Index Name": "company_name_pkey", "Relation Name": "company_name", "Alias": "cn", "Startup Cost": 0.0, "Total Cost": 10501.39, "Plan Rows": 251, "Plan Width": 4, "Actual Startup Time": 0.723, "Actual Total Time": 316.164, "Actual Rows": 1361, "Actual Loops": 1, "Filter": "((country_code)::text = '[ru]'::text)", "Rows Removed by Filter": 233635}, {"Node Type": "Index Scan", "Parent Relationship": "Inner", "Scan Direction": "Forward", "Index Name": "company_id_movie_companies", "Relation Name": "movie_companies", "Alias": "mc", "Startup Cost": 0.0, "Total Cost": 40.56, "Plan Rows": 15, "Plan Width": 12, "Actual Startup Time": 9.443, "Actual Total Time": 24.475, "Actual Rows": 8790, "Actual Loops": 1361, "Index Cond": "(company_id = cn.id)", "Rows Removed by Index Recheck": 0}]}, {"Node Type": "Index Scan", "Parent Relationship": "Inner", "Scan Direction": "Forward", "Index Name": "movie_id_cast_info", "Relation Name": "cast_info", "Alias": "ci", "Startup Cost": 0.0, "Total Cost": 0.98, "Plan Rows": 1, "Plan Width": 12, "Actual Startup Time": 874.797, "Actual Total Time": 930.363, "Actual Rows": 377, "Actual Loops": 8790, "Index Cond": "(movie_id = mc.movie_id)", "Rows Removed by Index Recheck": 0, "Filter": "(((note)::text ~~ '%(voice)%'::text) AND ((note)::text ~~ '%(uncredited)%'::text))", "Rows Removed by Filter": 408168}]}]}, {"Node Type": "Index Scan", "Parent Relationship": "Inner", "Scan Direction": "Forward", "Index Name": "title_pkey", "Relation Name": "title", "Alias": "t", "Startup Cost": 0.0, "Total Cost": 0.34, "Plan Rows": 1, "Plan Width": 21, "Actual Startup Time": 2.259, "Actual Total Time": 2.259, "Actual Rows": 112, "Actual Loops": 275, "Index Cond": "(id = mc.movie_id)", "Rows Removed by Index Recheck": 0, "Filter": "(production_year > 2005)", "Rows Removed by Filter": 163}]}, {"Node Type": "Index Scan", "Parent Relationship": "Inner", "Scan Direction": "Forward", "Index Name": "char_name_pkey", "Relation Name": "char_name", "Alias": "chn", "Startup Cost": 0.0, "Total Cost": 5.37, "Plan Rows": 1, "Plan Width": 20, "Actual Startup Time": 1.0, "Actual Total Time": 1.0, "Actual Rows": 104, "Actual Loops": 112, "Index Cond": "(id = ci.person_role_id)", "Rows Removed by Index Recheck": 0}]}, {"Node Type": "Index Only Scan", "Parent Relationship": "Inner", "Scan Direction": "Forward", "Index Name": "company_type_pkey", "Relation Name": "company_type", "Alias": "ct", "Startup Cost": 0.0, "Total Cost": 0.27, "Plan Rows": 1, "Plan Width": 4, "Actual Startup Time": 0.162, "Actual Total Time": 0.162, "Actual Rows": 18, "Actual Loops": 104, "Index Cond": "(id = mc.company_type_id)", "Rows Removed by Index Recheck": 0, "Heap Fetches": 0}]}]}, "Triggers": [], "Planner Runtime": 6, "Total Runtime": 1285.003, "Unique SQL Id": 2933943827}}, "(16, 42)": {"explain_plan": {"Plan": {"Node Type": "Aggregate", "Strategy": "Plain", "Startup Cost": 157591.21, "Total Cost": 157591.22, "Plan Rows": 1, "Plan Width": 97, "Plans": [{"Node Type": "Nested Loop", "Parent Relationship": "Outer", "Join Type": "Inner", "Startup Cost": 124227.38, "Total Cost": 157591.19, "Plan Rows": 4, "Plan Width": 33, "Inner Unique": true, "Join Filter": "(mc.company_type_id = ct.id)", "Plans": [{"Node Type": "Streaming(type: LOCAL GATHER dop: 1/16)", "Parent Relationship": "Outer", "Startup Cost": 124227.38, "Total Cost": 157589.97, "Plan Rows": 4, "Plan Width": 37, "Plans": [{"Node Type": "Hash Join", "Parent Relationship": "Outer", "Join Type": "Inner", "Startup Cost": 124227.38, "Total Cost": 157589.88, "Plan Rows": 4, "Plan Width": 37, "Inner Unique": true, "Hash Cond": "(ci.person_role_id = chn.id)", "Plans": [{"Node Type": "Streaming(type: BROADCAST dop: 16/1)", "Parent Relationship": "Outer", "Startup Cost": 116969.41, "Total Cost": 150331.87, "Plan Rows": 112, "Plan Width": 25, "Plans": [{"Node Type": "Hash Join", "Parent Relationship": "Outer", "Join Type": "Inner", "Startup Cost": 116969.41, "Total Cost": 135329.46, "Plan Rows": 7, "Plan Width": 25, "Inner Unique": true, "Hash Cond": "(mc.company_id = cn.id)", "Plans": [{"Node Type": "Streaming(type: LOCAL GATHER dop: 1/16)", "Parent Relationship": "Outer", "Startup Cost": 115490.41, "Total Cost": 133830.89, "Plan Rows": 5196, "Plan Width": 29, "Plans": [{"Node Type": "Hash Join", "Parent Relationship": "Outer", "Join Type": "Inner", "Startup Cost": 115490.41, "Total Cost": 133718.75, "Plan Rows": 5196, "Plan Width": 29, "Inner Unique": false, "Hash Cond": "(mc.movie_id = t.id)", "Plans": [{"Node Type": "Seq Scan", "Parent Relationship": "Outer", "Relation Name": "movie_companies", "Alias": "mc", "Startup Cost": 0.0, "Total Cost": 17613.58, "Plan Rows": 2609128, "Plan Width": 12}, {"Node Type": "Hash", "Parent Relationship": "Inner", "Startup Cost": 115459.66, "Total Cost": 115459.66, "Plan Rows": 39360, "Plan Width": 29, "Plans": [{"Node Type": "Streaming(type: BROADCAST dop: 16/16)", "Parent Relationship": "Outer", "Startup Cost": 19941.16, "Total Cost": 115459.66, "Plan Rows": 39360, "Plan Width": 29, "Plans": [{"Node Type": "Hash Join", "Parent Relationship": "Outer", "Join Type": "Inner", "Startup Cost": 19941.16, "Total Cost": 100359.72, "Plan Rows": 2460, "Plan Width": 29, "Inner Unique": true, "Hash Cond": "(ci.movie_id = t.id)", "Plans": [{"Node Type": "Streaming(type: BROADCAST dop: 16/1)", "Parent Relationship": "Outer", "Startup Cost": 0.0, "Total Cost": 80409.42, "Plan Rows": 32432, "Plan Width": 8, "Plans": [{"Node Type": "Nested Loop", "Parent Relationship": "Outer", "Join Type": "Inner", "Startup Cost": 0.0, "Total Cost": 64709.47, "Plan Rows": 2027, "Plan Width": 8, "Inner Unique": false, "Join Filter": "(ci.role_id = rt.id)", "Plans": [{"Node Type": "Seq Scan", "Parent Relationship": "Outer", "Relation Name": "role_type", "Alias": "rt", "Startup Cost": 0.0, "Total Cost": 1.15, "Plan Rows": 1, "Plan Width": 4, "Filter": "((role)::text = 'actor'::text)"}, {"Node Type": "Materialize", "Parent Relationship": "Inner", "Startup Cost": 0.0, "Total Cost": 64485.37, "Plan Rows": 22295, "Plan Width": 12, "Plans": [{"Node Type": "Streaming(type: LOCAL GATHER dop: 1/16)", "Parent Relationship": "Outer", "Startup Cost": 0.0, "Total Cost": 64429.63, "Plan Rows": 22295, "Plan Width": 12, "Plans": [{"Node Type": "Seq Scan", "Parent Relationship": "Outer", "Relation Name": "cast_info", "Alias": "ci", "Startup Cost": 0.0, "Total Cost": 63948.46, "Plan Rows": 22295, "Plan Width": 12, "Filter": "(((note)::text ~~ '%(voice)%'::text) AND ((note)::text ~~ '%(uncredited)%'::text))"}]}]}]}]}, {"Node Type": "Hash", "Parent Relationship": "Inner", "Startup Cost": 19149.37, "Total Cost": 19149.37, "Plan Rows": 1013492, "Plan Width": 21, "Plans": [{"Node Type": "Seq Scan", "Parent Relationship": "Outer", "Relation Name": "title", "Alias": "t", "Startup Cost": 0.0, "Total Cost": 19149.37, "Plan Rows": 1013492, "Plan Width": 21, "Filter": "(production_year > 2005), (LLVM Optimized)"}]}]}]}]}]}]}, {"Node Type": "Hash", "Parent Relationship": "Inner", "Startup Cost": 5903.45, "Total Cost": 5903.45, "Plan Rows": 251, "Plan Width": 4, "Plans": [{"Node Type": "Seq Scan", "Parent Relationship": "Outer", "Relation Name": "company_name", "Alias": "cn", "Startup Cost": 0.0, "Total Cost": 5903.45, "Plan Rows": 251, "Plan Width": 4, "Filter": "((country_code)::text = '[ru]'::text)"}]}]}]}, {"Node Type": "Hash", "Parent Relationship": "Inner", "Startup Cost": 19218.34, "Total Cost": 19218.34, "Plan Rows": 3140338, "Plan Width": 20, "Plans": [{"Node Type": "Seq Scan", "Parent Relationship": "Outer", "Relation Name": "char_name", "Alias": "chn", "Startup Cost": 0.0, "Total Cost": 19218.34, "Plan Rows": 3140338, "Plan Width": 20}]}]}]}, {"Node Type": "Materialize", "Parent Relationship": "Inner", "Startup Cost": 0.0, "Total Cost": 1.04, "Plan Rows": 3, "Plan Width": 4, "Plans": [{"Node Type": "Seq Scan", "Parent Relationship": "Outer", "Relation Name": "company_type", "Alias": "ct", "Startup Cost": 0.0, "Total Cost": 1.03, "Plan Rows": 3, "Plan Width": 4}]}]}]}, "Unique SQL Id": 2933943827, "Planner Runtime": 68}, "explain_analyze_plan": {"Plan": {"Node Type": "Aggregate", "Strategy": "Plain", "Startup Cost": 157591.21, "Total Cost": 157591.22, "Plan Rows": 1, "Plan Width": 97, "Actual Min Startup Time": 1325.179, "Actual Max Startup Time": 1325.179, "Actual Min Total Time": 1325.179, "Actual Max Total Time": 1325.179, "Plans": [{"Node Type": "Nested Loop", "Parent Relationship": "Outer", "Join Type": "Inner", "Startup Cost": 124227.38, "Total Cost": 157591.19, "Plan Rows": 4, "Plan Width": 33, "Actual Min Startup Time": 1324.967, "Actual Max Startup Time": 1324.967, "Actual Min Total Time": 1325.126, "Actual Max Total Time": 1325.126, "Inner Unique": true, "Join Filter": "(mc.company_type_id = ct.id)", "Rows Removed by Join Filter": 258, "Plans": [{"Node Type": "Streaming(type: LOCAL GATHER dop: 1/16)", "Parent Relationship": "Outer", "Startup Cost": 124227.38, "Total Cost": 157589.97, "Plan Rows": 4, "Plan Width": 37, "Actual Min Startup Time": 1324.866, "Actual Max Startup Time": 1324.866, "Actual Min Total Time": 1324.925, "Actual Max Total Time": 1324.925, "Plans": [{"Node Type": "Hash Join", "Parent Relationship": "Outer", "Join Type": "Inner", "Startup Cost": 124227.38, "Total Cost": 157589.88, "Plan Rows": 4, "Plan Width": 37, "Actual Min Startup Time": 1098.989, "Actual Max Startup Time": 1120.843, "Actual Min Total Time": 1120.46, "Actual Max Total Time": 1142.304, "Inner Unique": true, "Hash Cond": "(ci.person_role_id = chn.id)", "Plans": [{"Node Type": "Streaming(type: BROADCAST dop: 16/1)", "Parent Relationship": "Outer", "Startup Cost": 116969.41, "Total Cost": 150331.87, "Plan Rows": 112, "Plan Width": 25, "Actual Min Startup Time": 908.28, "Actual Max Startup Time": 945.303, "Actual Min Total Time": 929.666, "Actual Max Total Time": 966.72, "Plans": [{"Node Type": "Hash Join", "Parent Relationship": "Outer", "Join Type": "Inner", "Startup Cost": 116969.41, "Total Cost": 135329.46, "Plan Rows": 7, "Plan Width": 25, "Actual Min Startup Time": 1056.607, "Actual Max Startup Time": 1056.607, "Actual Min Total Time": 1120.304, "Actual Max Total Time": 1120.304, "Inner Unique": true, "Hash Cond": "(mc.company_id = cn.id)", "Plans": [{"Node Type": "Streaming(type: LOCAL GATHER dop: 1/16)", "Parent Relationship": "Outer", "Startup Cost": 115490.41, "Total Cost": 133830.89, "Plan Rows": 5196, "Plan Width": 29, "Actual Min Startup Time": 955.411, "Actual Max Startup Time": 955.411, "Actual Min Total Time": 1022.335, "Actual Max Total Time": 1022.335, "Plans": [{"Node Type": "Hash Join", "Parent Relationship": "Outer", "Join Type": "Inner", "Startup Cost": 115490.41, "Total Cost": 133718.75, "Plan Rows": 5196, "Plan Width": 29, "Actual Min Startup Time": 1049.475, "Actual Max Startup Time": 1114.167, "Actual Min Total Time": 1110.052, "Actual Max Total Time": 1178.909, "Inner Unique": false, "Hash Cond": "(mc.movie_id = t.id)", "Plans": [{"Node Type": "Seq Scan", "Parent Relationship": "Outer", "Relation Name": "movie_companies", "Alias": "mc", "Startup Cost": 0.0, "Total Cost": 17613.58, "Plan Rows": 2609128, "Plan Width": 12, "Actual Min Startup Time": 0.045, "Actual Max Startup Time": 0.074, "Actual Min Total Time": 35.337, "Actual Max Total Time": 40.658, "Actual Rows": 2609128}, {"Node Type": "Hash", "Parent Relationship": "Inner", "Startup Cost": 115459.66, "Total Cost": 115459.66, "Plan Rows": 39360, "Plan Width": 29, "Actual Min Startup Time": 1032.549, "Actual Max Startup Time": 1111.851, "Actual Min Total Time": 1032.549, "Actual Max Total Time": 1111.851, "Max Hash Buckets": 32768, "Min Hash Buckets": 32768, "Max Hash Batches": 1, "Min Hash Batches": 1, "Max Original Hash Batches": 1, "Min Original Hash Batches": 1, "Max Peak Memory Usage": 320, "min Peak Memory Usage": 320, "Plans": [{"Node Type": "Streaming(type: BROADCAST dop: 16/16)", "Parent Relationship": "Outer", "Startup Cost": 19941.16, "Total Cost": 115459.66, "Plan Rows": 39360, "Plan Width": 29, "Actual Min Startup Time": 836.198, "Actual Max Startup Time": 915.624, "Actual Min Total Time": 1030.376, "Actual Max Total Time": 1110.349, "Plans": [{"Node Type": "Hash Join", "Parent Relationship": "Outer", "Join Type": "Inner", "Startup Cost": 19941.16, "Total Cost": 100359.72, "Plan Rows": 2460, "Plan Width": 29, "Actual Min Startup Time": 714.324, "Actual Max Startup Time": 796.554, "Actual Min Total Time": 998.537, "Actual Max Total Time": 1078.425, "Inner Unique": true, "Hash Cond": "(ci.movie_id = t.id)", "Plans": [{"Node Type": "Streaming(type: BROADCAST dop: 16/1)", "Parent Relationship": "Outer", "Startup Cost": 0.0, "Total Cost": 80409.42, "Plan Rows": 32432, "Plan Width": 8, "Actual Min Startup Time": 620.199, "Actual Max Startup Time": 692.234, "Actual Min Total Time": 894.394, "Actual Max Total Time": 969.656, "Plans": [{"Node Type": "Nested Loop", "Parent Relationship": "Outer", "Join Type": "Inner", "Startup Cost": 0.0, "Total Cost": 64709.47, "Plan Rows": 2027, "Plan Width": 8, "Actual Min Startup Time": 766.492, "Actual Max Startup Time": 766.492, "Actual Min Total Time": 781.006, "Actual Max Total Time": 781.006, "Inner Unique": false, "Join Filter": "(ci.role_id = rt.id)", "Rows Removed by Join Filter": 6414, "Plans": [{"Node Type": "Seq Scan", "Parent Relationship": "Outer", "Relation Name": "role_type", "Alias": "rt", "Startup Cost": 0.0, "Total Cost": 1.15, "Plan Rows": 1, "Plan Width": 4, "Actual Min Startup Time": 0.045, "Actual Max Startup Time": 0.045, "Actual Min Total Time": 0.057, "Actual Max Total Time": 0.057, "Filter": "((role)::text = 'actor'::text)", "Rows Removed by Filter": 11, "Actual Rows": 1}, {"Node Type": "Materialize", "Parent Relationship": "Inner", "Startup Cost": 0.0, "Total Cost": 64485.37, "Plan Rows": 22295, "Plan Width": 12, "Actual Min Startup Time": 766.421, "Actual Max Startup Time": 766.421, "Actual Min Total Time": 771.039, "Actual Max Total Time": 771.039, "Plans": [{"Node Type": "Streaming(type: LOCAL GATHER dop: 1/16)", "Parent Relationship": "Outer", "Startup Cost": 0.0, "Total Cost": 64429.63, "Plan Rows": 22295, "Plan Width": 12, "Actual Min Startup Time": 0.091, "Actual Max Startup Time": 0.091, "Actual Min Total Time": 743.185, "Actual Max Total Time": 743.185, "Plans": [{"Node Type": "Seq Scan", "Parent Relationship": "Outer", "Relation Name": "cast_info", "Alias": "ci", "Startup Cost": 0.0, "Total Cost": 63948.46, "Plan Rows": 22295, "Plan Width": 12, "Actual Min Startup Time": 0.08, "Actual Max Startup Time": 2.352, "Actual Min Total Time": 711.17, "Actual Max Total Time": 769.248, "Filter": "(((note)::text ~~ '%(voice)%'::text) AND ((note)::text ~~ '%(uncredited)%'::text))", "Rows Removed by Filter": 36212055, "Actual Rows": 32288}], "Actual Rows": 32288}], "Actual Rows": 32289}], "Actual Rows": 25874}], "Actual Rows": 413984}, {"Node Type": "Hash", "Parent Relationship": "Inner", "Startup Cost": 19149.37, "Total Cost": 19149.37, "Plan Rows": 1013492, "Plan Width": 21, "Actual Min Startup Time": 86.95, "Actual Max Startup Time": 111.424, "Actual Min Total Time": 86.95, "Actual Max Total Time": 111.424, "Max Hash Buckets": 65536, "Min Hash Buckets": 65536, "Max Hash Batches": 1, "Min Hash Batches": 1, "Max Original Hash Batches": 1, "Min Original Hash Batches": 1, "Max Peak Memory Usage": 3456, "min Peak Memory Usage": 3456, "Plans": [{"Node Type": "Seq Scan", "Parent Relationship": "Outer", "Relation Name": "title", "Alias": "t", "Startup Cost": 0.0, "Total Cost": 19149.37, "Plan Rows": 1013492, "Plan Width": 21, "Actual Min Startup Time": 0.027, "Actual Max Startup Time": 0.042, "Actual Min Total Time": 61.381, "Actual Max Total Time": 67.772, "Filter": "(production_year > 2005), (LLVM Optimized, Jit Execute)", "Rows Removed by Filter": 1515391, "Actual Rows": 1012920}], "Actual Rows": 1012920}], "Actual Rows": 5288}], "Actual Rows": 84608}], "Actual Rows": 84608}], "Actual Rows": 14489}], "Actual Rows": 14489}, {"Node Type": "Hash", "Parent Relationship": "Inner", "Startup Cost": 5903.45, "Total Cost": 5903.45, "Plan Rows": 251, "Plan Width": 4, "Actual Min Startup Time": 94.21, "Actual Max Startup Time": 94.21, "Actual Min Total Time": 94.21, "Actual Max Total Time": 94.21, "Max Hash Buckets": 32768, "Min Hash Buckets": 32768, "Max Hash Batches": 1, "Min Hash Batches": 1, "Max Original Hash Batches": 1, "Min Original Hash Batches": 1, "Max Peak Memory Usage": 48, "min Peak Memory Usage": 48, "Plans": [{"Node Type": "Seq Scan", "Parent Relationship": "Outer", "Relation Name": "company_name", "Alias": "cn", "Startup Cost": 0.0, "Total Cost": 5903.45, "Plan Rows": 251, "Plan Width": 4, "Actual Min Startup Time": 0.601, "Actual Max Startup Time": 0.601, "Actual Min Total Time": 93.323, "Actual Max Total Time": 93.323, "Filter": "((country_code)::text = '[ru]'::text)", "Rows Removed by Filter": 233635, "Actual Rows": 1361}], "Actual Rows": 1361}], "Actual Rows": 112}], "Actual Rows": 1792}, {"Node Type": "Hash", "Parent Relationship": "Inner", "Startup Cost": 19218.34, "Total Cost": 19218.34, "Plan Rows": 3140338, "Plan Width": 20, "Actual Min Startup Time": 167.517, "Actual Max Startup Time": 191.34, "Actual Min Total Time": 167.517, "Actual Max Total Time": 191.34, "Max Hash Buckets": 262144, "Min Hash Buckets": 262144, "Max Hash Batches": 1, "Min Hash Batches": 1, "Max Original Hash Batches": 1, "Min Original Hash Batches": 1, "Max Peak Memory Usage": 10534, "min Peak Memory Usage": 10534, "Plans": [{"Node Type": "Seq Scan", "Parent Relationship": "Outer", "Relation Name": "char_name", "Alias": "chn", "Startup Cost": 0.0, "Total Cost": 19218.34, "Plan Rows": 3140338, "Plan Width": 20, "Actual Min Startup Time": 0.038, "Actual Max Startup Time": 0.13, "Actual Min Total Time": 66.552, "Actual Max Total Time": 70.125, "Actual Rows": 3140338}], "Actual Rows": 3140338}], "Actual Rows": 104}], "Actual Rows": 104}, {"Node Type": "Materialize", "Parent Relationship": "Inner", "Startup Cost": 0.0, "Total Cost": 1.04, "Plan Rows": 3, "Plan Width": 4, "Actual Min Startup Time": 0.057, "Actual Max Startup Time": 0.057, "Actual Min Total Time": 0.078, "Actual Max Total Time": 0.078, "Plans": [{"Node Type": "Seq Scan", "Parent Relationship": "Outer", "Relation Name": "company_type", "Alias": "ct", "Startup Cost": 0.0, "Total Cost": 1.03, "Plan Rows": 3, "Plan Width": 4, "Actual Min Startup Time": 0.027, "Actual Max Startup Time": 0.027, "Actual Min Total Time": 0.03, "Actual Max Total Time": 0.03, "Actual Rows": 3}], "Actual Rows": 277}], "Actual Rows": 18}], "Actual Rows": 1}, "Triggers": [], "Planner Runtime": 69, "Total Runtime": 1355.955, "Unique SQL Id": 2933943827}}, "(16, 43)": {"explain_plan": {"Plan": {"Node Type": "Aggregate", "Strategy": "Plain", "Startup Cost": 7000198711155.37, "Total Cost": 7000198711155.38, "Plan Rows": 1, "Plan Width": 97, "Plans": [{"Node Type": "Nested Loop", "Parent Relationship": "Outer", "Join Type": "Inner", "Startup Cost": 70000000000.0, "Total Cost": 7000198711155.35, "Plan Rows": 4, "Plan Width": 33, "Inner Unique": true, "Join Filter": "(mc.company_type_id = ct.id)", "Plans": [{"Node Type": "Nested Loop", "Parent Relationship": "Outer", "Join Type": "Inner", "Startup Cost": 60000000000.0, "Total Cost": 6000198710325.66, "Plan Rows": 4, "Plan Width": 37, "Inner Unique": true, "Join Filter": "(mc.movie_id = t.id)", "Plans": [{"Node Type": "Nested Loop", "Parent Relationship": "Outer", "Join Type": "Inner", "Startup Cost": 50000000000.0, "Total Cost": 5000187018058.12, "Plan Rows": 3, "Plan Width": 28, "Inner Unique": true, "Join Filter": "(ci.person_role_id = chn.id)", "Plans": [{"Node Type": "Nested Loop", "Parent Relationship": "Outer", "Join Type": "Inner", "Startup Cost": 40000000000.0, "Total Cost": 4000173740031.35, "Plan Rows": 6, "Plan Width": 16, "Inner Unique": true, "Join Filter": "(ci.role_id = rt.id)", "Plans": [{"Node Type": "Nested Loop", "Parent Relationship": "Outer", "Join Type": "Inner", "Startup Cost": 30000000000.0, "Total Cost": 3000173738784.33, "Plan Rows": 68, "Plan Width": 20, "Inner Unique": false, "Join Filter": "(mc.movie_id = ci.movie_id)", "Plans": [{"Node Type": "Nested Loop", "Parent Relationship": "Outer", "Join Type": "Inner", "Startup Cost": 20000000000.0, "Total Cost": 2000020191723.52, "Plan Rows": 3779, "Plan Width": 8, "Inner Unique": true, "Join Filter": "(cn.id = mc.company_id)", "Plans": [{"Node Type": "Index Scan", "Parent Relationship": "Outer", "Scan Direction": "Forward", "Index Name": "company_type_id_movie_companies", "Relation Name": "movie_companies", "Alias": "mc", "Startup Cost": 10000000000.0, "Total Cost": 1000009318217.0, "Plan Rows": 2609128, "Plan Width": 12}, {"Node Type": "Materialize", "Parent Relationship": "Inner", "Startup Cost": 10000000000.0, "Total Cost": 1000001050140.22, "Plan Rows": 251, "Plan Width": 4, "Plans": [{"Node Type": "Index Scan", "Parent Relationship": "Outer", "Scan Direction": "Forward", "Index Name": "company_name_pkey", "Relation Name": "company_name", "Alias": "cn", "Startup Cost": 10000000000.0, "Total Cost": 1000001050138.97, "Plan Rows": 251, "Plan Width": 4, "Filter": "((country_code)::text = '[ru]'::text)"}]}]}, {"Node Type": "Materialize", "Parent Relationship": "Inner", "Startup Cost": 10000000000.0, "Total Cost": 1000152283324.47, "Plan Rows": 22295, "Plan Width": 12, "Plans": [{"Node Type": "Index Scan", "Parent Relationship": "Outer", "Scan Direction": "Forward", "Index Name": "role_id_cast_info", "Relation Name": "cast_info", "Alias": "ci", "Startup Cost": 10000000000.0, "Total Cost": 1000152283213.0, "Plan Rows": 22295, "Plan Width": 12, "Filter": "(((note)::text ~~ '%(voice)%'::text) AND ((note)::text ~~ '%(uncredited)%'::text))"}]}]}, {"Node Type": "Materialize", "Parent Relationship": "Inner", "Startup Cost": 10000000000.0, "Total Cost": 1000000001246.0, "Plan Rows": 1, "Plan Width": 4, "Plans": [{"Node Type": "Index Scan", "Parent Relationship": "Outer", "Scan Direction": "Forward", "Index Name": "role_type_pkey", "Relation Name": "role_type", "Alias": "rt", "Startup Cost": 10000000000.0, "Total Cost": 1000000001246.0, "Plan Rows": 1, "Plan Width": 4, "Filter": "((role)::text = 'actor'::text)"}]}]}, {"Node Type": "Materialize", "Parent Relationship": "Inner", "Startup Cost": 10000000000.0, "Total Cost": 1000013003247.2, "Plan Rows": 3140338, "Plan Width": 20, "Plans": [{"Node Type": "Index Scan", "Parent Relationship": "Outer", "Scan Direction": "Forward", "Index Name": "char_name_pkey", "Relation Name": "char_name", "Alias": "chn", "Startup Cost": 10000000000.0, "Total Cost": 1000012987545.51, "Plan Rows": 3140338, "Plan Width": 20}]}]}, {"Node Type": "Materialize", "Parent Relationship": "Inner", "Startup Cost": 10000000000.0, "Total Cost": 1000011649194.12, "Plan Rows": 1013492, "Plan Width": 21, "Plans": [{"Node Type": "Index Scan", "Parent Relationship": "Outer", "Scan Direction": "Forward", "Index Name": "title_pkey", "Relation Name": "title", "Alias": "t", "Startup Cost": 10000000000.0, "Total Cost": 1000011644126.66, "Plan Rows": 1013492, "Plan Width": 21, "Filter": "(production_year > 2005), (LLVM Optimized)"}]}]}, {"Node Type": "Materialize", "Parent Relationship": "Inner", "Startup Cost": 10000000000.0, "Total Cost": 1000000000829.52, "Plan Rows": 3, "Plan Width": 4, "Plans": [{"Node Type": "Index Only Scan", "Parent Relationship": "Outer", "Scan Direction": "Forward", "Index Name": "company_type_pkey", "Relation Name": "company_type", "Alias": "ct", "Startup Cost": 10000000000.0, "Total Cost": 1000000000829.5, "Plan Rows": 3, "Plan Width": 4}]}]}]}, "Unique SQL Id": 2933943827, "Planner Runtime": 17}, "explain_analyze_plan": null}, "(16, 44)": {"explain_plan": {"Plan": {"Node Type": "Aggregate", "Strategy": "Plain", "Startup Cost": 19897.43, "Total Cost": 19897.44, "Plan Rows": 1, "Plan Width": 97, "Plans": [{"Node Type": "Nested Loop", "Parent Relationship": "Outer", "Join Type": "Inner", "Startup Cost": 0.0, "Total Cost": 19897.42, "Plan Rows": 2, "Plan Width": 33, "Inner Unique": true, "Plans": [{"Node Type": "Nested Loop", "Parent Relationship": "Outer", "Join Type": "Inner", "Startup Cost": 0.0, "Total Cost": 19896.86, "Plan Rows": 2, "Plan Width": 37, "Inner Unique": true, "Plans": [{"Node Type": "Nested Loop", "Parent Relationship": "Outer", "Join Type": "Inner", "Startup Cost": 0.0, "Total Cost": 19869.97, "Plan Rows": 5, "Plan Width": 25, "Inner Unique": true, "Plans": [{"Node Type": "Nested Loop", "Parent Relationship": "Outer", "Join Type": "Inner", "Startup Cost": 0.0, "Total Cost": 19867.87, "Plan Rows": 6, "Plan Width": 16, "Inner Unique": false, "Join Filter": "(ci.role_id = rt.id)", "Plans": [{"Node Type": "Seq Scan", "Parent Relationship": "Outer", "Relation Name": "role_type", "Alias": "rt", "Startup Cost": 0.0, "Total Cost": 1.15, "Plan Rows": 1, "Plan Width": 4, "Filter": "((role)::text = 'actor'::text)"}, {"Node Type": "Nested Loop", "Parent Relationship": "Inner", "Join Type": "Inner", "Startup Cost": 0.0, "Total Cost": 19865.87, "Plan Rows": 68, "Plan Width": 20, "Inner Unique": false, "Plans": [{"Node Type": "Nested Loop", "Parent Relationship": "Outer", "Join Type": "Inner", "Startup Cost": 0.0, "Total Cost": 16121.55, "Plan Rows": 3779, "Plan Width": 8, "Inner Unique": false, "Plans": [{"Node Type": "Seq Scan", "Parent Relationship": "Outer", "Relation Name": "company_name", "Alias": "cn", "Startup Cost": 0.0, "Total Cost": 5903.45, "Plan Rows": 251, "Plan Width": 4, "Filter": "((country_code)::text = '[ru]'::text)"}, {"Node Type": "Index Scan", "Parent Relationship": "Inner", "Scan Direction": "Forward", "Index Name": "company_id_movie_companies", "Relation Name": "movie_companies", "Alias": "mc", "Startup Cost": 0.0, "Total Cost": 40.56, "Plan Rows": 15, "Plan Width": 12, "Index Cond": "(company_id = cn.id)"}]}, {"Node Type": "Index Scan", "Parent Relationship": "Inner", "Scan Direction": "Forward", "Index Name": "movie_id_cast_info", "Relation Name": "cast_info", "Alias": "ci", "Startup Cost": 0.0, "Total Cost": 0.98, "Plan Rows": 1, "Plan Width": 12, "Index Cond": "(movie_id = mc.movie_id)", "Filter": "(((note)::text ~~ '%(voice)%'::text) AND ((note)::text ~~ '%(uncredited)%'::text))"}]}]}, {"Node Type": "Index Scan", "Parent Relationship": "Inner", "Scan Direction": "Forward", "Index Name": "title_pkey", "Relation Name": "title", "Alias": "t", "Startup Cost": 0.0, "Total Cost": 0.34, "Plan Rows": 1, "Plan Width": 21, "Index Cond": "(id = mc.movie_id)", "Filter": "(production_year > 2005)"}]}, {"Node Type": "Index Scan", "Parent Relationship": "Inner", "Scan Direction": "Forward", "Index Name": "char_name_pkey", "Relation Name": "char_name", "Alias": "chn", "Startup Cost": 0.0, "Total Cost": 5.37, "Plan Rows": 1, "Plan Width": 20, "Index Cond": "(id = ci.person_role_id)"}]}, {"Node Type": "Index Scan", "Parent Relationship": "Inner", "Scan Direction": "Forward", "Index Name": "company_type_pkey", "Relation Name": "company_type", "Alias": "ct", "Startup Cost": 0.0, "Total Cost": 0.27, "Plan Rows": 1, "Plan Width": 4, "Index Cond": "(id = mc.company_type_id)"}]}]}, "Unique SQL Id": 2933943827, "Planner Runtime": 21}, "explain_analyze_plan": {"Plan": {"Node Type": "Aggregate", "Strategy": "Plain", "Startup Cost": 19897.43, "Total Cost": 19897.44, "Plan Rows": 1, "Plan Width": 97, "Actual Startup Time": 1044.453, "Actual Total Time": 1044.453, "Actual Rows": 1, "Actual Loops": 1, "Plans": [{"Node Type": "Nested Loop", "Parent Relationship": "Outer", "Join Type": "Inner", "Startup Cost": 0.0, "Total Cost": 19897.42, "Plan Rows": 2, "Plan Width": 33, "Actual Startup Time": 61.95, "Actual Total Time": 1044.352, "Actual Rows": 18, "Actual Loops": 1, "Inner Unique": true, "Plans": [{"Node Type": "Nested Loop", "Parent Relationship": "Outer", "Join Type": "Inner", "Startup Cost": 0.0, "Total Cost": 19896.86, "Plan Rows": 2, "Plan Width": 37, "Actual Startup Time": 12.333, "Actual Total Time": 1044.034, "Actual Rows": 104, "Actual Loops": 1, "Inner Unique": true, "Plans": [{"Node Type": "Nested Loop", "Parent Relationship": "Outer", "Join Type": "Inner", "Startup Cost": 0.0, "Total Cost": 19869.97, "Plan Rows": 5, "Plan Width": 25, "Actual Startup Time": 12.321, "Actual Total Time": 1042.856, "Actual Rows": 112, "Actual Loops": 1, "Inner Unique": true, "Plans": [{"Node Type": "Nested Loop", "Parent Relationship": "Outer", "Join Type": "Inner", "Startup Cost": 0.0, "Total Cost": 19867.87, "Plan Rows": 6, "Plan Width": 16, "Actual Startup Time": 0.86, "Actual Total Time": 1040.304, "Actual Rows": 275, "Actual Loops": 1, "Inner Unique": false, "Join Filter": "(ci.role_id = rt.id)", "Rows Removed by Join Filter": 102, "Plans": [{"Node Type": "Seq Scan", "Parent Relationship": "Outer", "Relation Name": "role_type", "Alias": "rt", "Startup Cost": 0.0, "Total Cost": 1.15, "Plan Rows": 1, "Plan Width": 4, "Actual Startup Time": 0.016, "Actual Total Time": 0.025, "Actual Rows": 1, "Actual Loops": 1, "Filter": "((role)::text = 'actor'::text)", "Rows Removed by Filter": 11}, {"Node Type": "Nested Loop", "Parent Relationship": "Inner", "Join Type": "Inner", "Startup Cost": 0.0, "Total Cost": 19865.87, "Plan Rows": 68, "Plan Width": 20, "Actual Startup Time": 0.837, "Actual Total Time": 1040.014, "Actual Rows": 377, "Actual Loops": 1, "Inner Unique": false, "Plans": [{"Node Type": "Nested Loop", "Parent Relationship": "Outer", "Join Type": "Inner", "Startup Cost": 0.0, "Total Cost": 16121.55, "Plan Rows": 3779, "Plan Width": 8, "Actual Startup Time": 0.057, "Actual Total Time": 114.57, "Actual Rows": 8790, "Actual Loops": 1, "Inner Unique": false, "Plans": [{"Node Type": "Seq Scan", "Parent Relationship": "Outer", "Relation Name": "company_name", "Alias": "cn", "Startup Cost": 0.0, "Total Cost": 5903.45, "Plan Rows": 251, "Plan Width": 4, "Actual Startup Time": 0.036, "Actual Total Time": 85.328, "Actual Rows": 1361, "Actual Loops": 1, "Filter": "((country_code)::text = '[ru]'::text)", "Rows Removed by Filter": 233635}, {"Node Type": "Index Scan", "Parent Relationship": "Inner", "Scan Direction": "Forward", "Index Name": "company_id_movie_companies", "Relation Name": "movie_companies", "Alias": "mc", "Startup Cost": 0.0, "Total Cost": 40.56, "Plan Rows": 15, "Plan Width": 12, "Actual Startup Time": 10.803, "Actual Total Time": 26.091, "Actual Rows": 8790, "Actual Loops": 1361, "Index Cond": "(company_id = cn.id)", "Rows Removed by Index Recheck": 0}]}, {"Node Type": "Index Scan", "Parent Relationship": "Inner", "Scan Direction": "Forward", "Index Name": "movie_id_cast_info", "Relation Name": "cast_info", "Alias": "ci", "Startup Cost": 0.0, "Total Cost": 0.98, "Plan Rows": 1, "Plan Width": 12, "Actual Startup Time": 865.63, "Actual Total Time": 920.19, "Actual Rows": 377, "Actual Loops": 8790, "Index Cond": "(movie_id = mc.movie_id)", "Rows Removed by Index Recheck": 0, "Filter": "(((note)::text ~~ '%(voice)%'::text) AND ((note)::text ~~ '%(uncredited)%'::text))", "Rows Removed by Filter": 408168}]}]}, {"Node Type": "Index Scan", "Parent Relationship": "Inner", "Scan Direction": "Forward", "Index Name": "title_pkey", "Relation Name": "title", "Alias": "t", "Startup Cost": 0.0, "Total Cost": 0.34, "Plan Rows": 1, "Plan Width": 21, "Actual Startup Time": 2.175, "Actual Total Time": 2.175, "Actual Rows": 112, "Actual Loops": 275, "Index Cond": "(id = mc.movie_id)", "Rows Removed by Index Recheck": 0, "Filter": "(production_year > 2005)", "Rows Removed by Filter": 163}]}, {"Node Type": "Index Scan", "Parent Relationship": "Inner", "Scan Direction": "Forward", "Index Name": "char_name_pkey", "Relation Name": "char_name", "Alias": "chn", "Startup Cost": 0.0, "Total Cost": 5.37, "Plan Rows": 1, "Plan Width": 20, "Actual Startup Time": 0.95, "Actual Total Time": 0.95, "Actual Rows": 104, "Actual Loops": 112, "Index Cond": "(id = ci.person_role_id)", "Rows Removed by Index Recheck": 0}]}, {"Node Type": "Index Scan", "Parent Relationship": "Inner", "Scan Direction": "Forward", "Index Name": "company_type_pkey", "Relation Name": "company_type", "Alias": "ct", "Startup Cost": 0.0, "Total Cost": 0.27, "Plan Rows": 1, "Plan Width": 4, "Actual Startup Time": 0.173, "Actual Total Time": 0.173, "Actual Rows": 18, "Actual Loops": 104, "Index Cond": "(id = mc.company_type_id)", "Rows Removed by Index Recheck": 0}]}]}, "Triggers": [], "Planner Runtime": 6, "Total Runtime": 1044.846, "Unique SQL Id": 2933943827}}, "(16, 45)": {"explain_plan": {"Plan": {"Node Type": "Aggregate", "Strategy": "Plain", "Startup Cost": 24506.67, "Total Cost": 24506.68, "Plan Rows": 1, "Plan Width": 97, "Plans": [{"Node Type": "Nested Loop", "Parent Relationship": "Outer", "Join Type": "Inner", "Startup Cost": 0.0, "Total Cost": 24506.66, "Plan Rows": 2, "Plan Width": 33, "Inner Unique": true, "Plans": [{"Node Type": "Nested Loop", "Parent Relationship": "Outer", "Join Type": "Inner", "Startup Cost": 0.0, "Total Cost": 24506.1, "Plan Rows": 2, "Plan Width": 37, "Inner Unique": true, "Plans": [{"Node Type": "Nested Loop", "Parent Relationship": "Outer", "Join Type": "Inner", "Startup Cost": 0.0, "Total Cost": 24479.22, "Plan Rows": 5, "Plan Width": 25, "Inner Unique": true, "Plans": [{"Node Type": "Nested Loop", "Parent Relationship": "Outer", "Join Type": "Inner", "Startup Cost": 0.0, "Total Cost": 24477.12, "Plan Rows": 6, "Plan Width": 16, "Inner Unique": false, "Join Filter": "(ci.role_id = rt.id)", "Plans": [{"Node Type": "Index Scan", "Parent Relationship": "Outer", "Scan Direction": "Forward", "Index Name": "role_type_pkey", "Relation Name": "role_type", "Alias": "rt", "Startup Cost": 0.0, "Total Cost": 12.46, "Plan Rows": 1, "Plan Width": 4, "Filter": "((role)::text = 'actor'::text)"}, {"Node Type": "Nested Loop", "Parent Relationship": "Inner", "Join Type": "Inner", "Startup Cost": 0.0, "Total Cost": 24463.81, "Plan Rows": 68, "Plan Width": 20, "Inner Unique": false, "Plans": [{"Node Type": "Nested Loop", "Parent Relationship": "Outer", "Join Type": "Inner", "Startup Cost": 0.0, "Total Cost": 20719.49, "Plan Rows": 3779, "Plan Width": 8, "Inner Unique": false, "Plans": [{"Node Type": "Index Scan", "Parent Relationship": "Outer", "Scan Direction": "Forward", "Index Name": "company_name_pkey", "Relation Name": "company_name", "Alias": "cn", "Startup Cost": 0.0, "Total Cost": 10501.39, "Plan Rows": 251, "Plan Width": 4, "Filter": "((country_code)::text = '[ru]'::text)"}, {"Node Type": "Index Scan", "Parent Relationship": "Inner", "Scan Direction": "Forward", "Index Name": "company_id_movie_companies", "Relation Name": "movie_companies", "Alias": "mc", "Startup Cost": 0.0, "Total Cost": 40.56, "Plan Rows": 15, "Plan Width": 12, "Index Cond": "(company_id = cn.id)"}]}, {"Node Type": "Index Scan", "Parent Relationship": "Inner", "Scan Direction": "Forward", "Index Name": "movie_id_cast_info", "Relation Name": "cast_info", "Alias": "ci", "Startup Cost": 0.0, "Total Cost": 0.98, "Plan Rows": 1, "Plan Width": 12, "Index Cond": "(movie_id = mc.movie_id)", "Filter": "(((note)::text ~~ '%(voice)%'::text) AND ((note)::text ~~ '%(uncredited)%'::text))"}]}]}, {"Node Type": "Index Scan", "Parent Relationship": "Inner", "Scan Direction": "Forward", "Index Name": "title_pkey", "Relation Name": "title", "Alias": "t", "Startup Cost": 0.0, "Total Cost": 0.34, "Plan Rows": 1, "Plan Width": 21, "Index Cond": "(id = mc.movie_id)", "Filter": "(production_year > 2005)"}]}, {"Node Type": "Index Scan", "Parent Relationship": "Inner", "Scan Direction": "Forward", "Index Name": "char_name_pkey", "Relation Name": "char_name", "Alias": "chn", "Startup Cost": 0.0, "Total Cost": 5.37, "Plan Rows": 1, "Plan Width": 20, "Index Cond": "(id = ci.person_role_id)"}]}, {"Node Type": "Index Scan", "Parent Relationship": "Inner", "Scan Direction": "Forward", "Index Name": "company_type_pkey", "Relation Name": "company_type", "Alias": "ct", "Startup Cost": 0.0, "Total Cost": 0.27, "Plan Rows": 1, "Plan Width": 4, "Index Cond": "(id = mc.company_type_id)"}]}]}, "Unique SQL Id": 2933943827, "Planner Runtime": 60}, "explain_analyze_plan": {"Plan": {"Node Type": "Aggregate", "Strategy": "Plain", "Startup Cost": 24506.67, "Total Cost": 24506.68, "Plan Rows": 1, "Plan Width": 97, "Actual Startup Time": 1291.61, "Actual Total Time": 1291.611, "Actual Rows": 1, "Actual Loops": 1, "Plans": [{"Node Type": "Nested Loop", "Parent Relationship": "Outer", "Join Type": "Inner", "Startup Cost": 0.0, "Total Cost": 24506.66, "Plan Rows": 2, "Plan Width": 33, "Actual Startup Time": 37.858, "Actual Total Time": 1291.529, "Actual Rows": 18, "Actual Loops": 1, "Inner Unique": true, "Plans": [{"Node Type": "Nested Loop", "Parent Relationship": "Outer", "Join Type": "Inner", "Startup Cost": 0.0, "Total Cost": 24506.1, "Plan Rows": 2, "Plan Width": 37, "Actual Startup Time": 29.171, "Actual Total Time": 1291.214, "Actual Rows": 104, "Actual Loops": 1, "Inner Unique": true, "Plans": [{"Node Type": "Nested Loop", "Parent Relationship": "Outer", "Join Type": "Inner", "Startup Cost": 0.0, "Total Cost": 24479.22, "Plan Rows": 5, "Plan Width": 25, "Actual Startup Time": 29.155, "Actual Total Time": 1289.962, "Actual Rows": 112, "Actual Loops": 1, "Inner Unique": true, "Plans": [{"Node Type": "Nested Loop", "Parent Relationship": "Outer", "Join Type": "Inner", "Startup Cost": 0.0, "Total Cost": 24477.12, "Plan Rows": 6, "Plan Width": 16, "Actual Startup Time": 9.022, "Actual Total Time": 1287.312, "Actual Rows": 275, "Actual Loops": 1, "Inner Unique": false, "Join Filter": "(ci.role_id = rt.id)", "Rows Removed by Join Filter": 102, "Plans": [{"Node Type": "Index Scan", "Parent Relationship": "Outer", "Scan Direction": "Forward", "Index Name": "role_type_pkey", "Relation Name": "role_type", "Alias": "rt", "Startup Cost": 0.0, "Total Cost": 12.46, "Plan Rows": 1, "Plan Width": 4, "Actual Startup Time": 0.018, "Actual Total Time": 0.032, "Actual Rows": 1, "Actual Loops": 1, "Filter": "((role)::text = 'actor'::text)", "Rows Removed by Filter": 11}, {"Node Type": "Nested Loop", "Parent Relationship": "Inner", "Join Type": "Inner", "Startup Cost": 0.0, "Total Cost": 24463.81, "Plan Rows": 68, "Plan Width": 20, "Actual Startup Time": 8.997, "Actual Total Time": 1287.023, "Actual Rows": 377, "Actual Loops": 1, "Inner Unique": false, "Plans": [{"Node Type": "Nested Loop", "Parent Relationship": "Outer", "Join Type": "Inner", "Startup Cost": 0.0, "Total Cost": 20719.49, "Plan Rows": 3779, "Plan Width": 8, "Actual Startup Time": 0.754, "Actual Total Time": 347.85, "Actual Rows": 8790, "Actual Loops": 1, "Inner Unique": false, "Plans": [{"Node Type": "Index Scan", "Parent Relationship": "Outer", "Scan Direction": "Forward", "Index Name": "company_name_pkey", "Relation Name": "company_name", "Alias": "cn", "Startup Cost": 0.0, "Total Cost": 10501.39, "Plan Rows": 251, "Plan Width": 4, "Actual Startup Time": 0.735, "Actual Total Time": 319.335, "Actual Rows": 1361, "Actual Loops": 1, "Filter": "((country_code)::text = '[ru]'::text)", "Rows Removed by Filter": 233635}, {"Node Type": "Index Scan", "Parent Relationship": "Inner", "Scan Direction": "Forward", "Index Name": "company_id_movie_companies", "Relation Name": "movie_companies", "Alias": "mc", "Startup Cost": 0.0, "Total Cost": 40.56, "Plan Rows": 15, "Plan Width": 12, "Actual Startup Time": 9.592, "Actual Total Time": 25.063, "Actual Rows": 8790, "Actual Loops": 1361, "Index Cond": "(company_id = cn.id)", "Rows Removed by Index Recheck": 0}]}, {"Node Type": "Index Scan", "Parent Relationship": "Inner", "Scan Direction": "Forward", "Index Name": "movie_id_cast_info", "Relation Name": "cast_info", "Alias": "ci", "Startup Cost": 0.0, "Total Cost": 0.98, "Plan Rows": 1, "Plan Width": 12, "Actual Startup Time": 878.611, "Actual Total Time": 933.777, "Actual Rows": 377, "Actual Loops": 8790, "Index Cond": "(movie_id = mc.movie_id)", "Rows Removed by Index Recheck": 0, "Filter": "(((note)::text ~~ '%(voice)%'::text) AND ((note)::text ~~ '%(uncredited)%'::text))", "Rows Removed by Filter": 408168}]}]}, {"Node Type": "Index Scan", "Parent Relationship": "Inner", "Scan Direction": "Forward", "Index Name": "title_pkey", "Relation Name": "title", "Alias": "t", "Startup Cost": 0.0, "Total Cost": 0.34, "Plan Rows": 1, "Plan Width": 21, "Actual Startup Time": 2.271, "Actual Total Time": 2.271, "Actual Rows": 112, "Actual Loops": 275, "Index Cond": "(id = mc.movie_id)", "Rows Removed by Index Recheck": 0, "Filter": "(production_year > 2005)", "Rows Removed by Filter": 163}]}, {"Node Type": "Index Scan", "Parent Relationship": "Inner", "Scan Direction": "Forward", "Index Name": "char_name_pkey", "Relation Name": "char_name", "Alias": "chn", "Startup Cost": 0.0, "Total Cost": 5.37, "Plan Rows": 1, "Plan Width": 20, "Actual Startup Time": 0.997, "Actual Total Time": 0.997, "Actual Rows": 104, "Actual Loops": 112, "Index Cond": "(id = ci.person_role_id)", "Rows Removed by Index Recheck": 0}]}, {"Node Type": "Index Scan", "Parent Relationship": "Inner", "Scan Direction": "Forward", "Index Name": "company_type_pkey", "Relation Name": "company_type", "Alias": "ct", "Startup Cost": 0.0, "Total Cost": 0.27, "Plan Rows": 1, "Plan Width": 4, "Actual Startup Time": 0.156, "Actual Total Time": 0.156, "Actual Rows": 18, "Actual Loops": 104, "Index Cond": "(id = mc.company_type_id)", "Rows Removed by Index Recheck": 0}]}]}, "Triggers": [], "Planner Runtime": 6, "Total Runtime": 1292.039, "Unique SQL Id": 2933943827}}, "(16, 46)": {"explain_plan": {"Plan": {"Node Type": "Aggregate", "Strategy": "Plain", "Startup Cost": 157591.21, "Total Cost": 157591.22, "Plan Rows": 1, "Plan Width": 97, "Plans": [{"Node Type": "Nested Loop", "Parent Relationship": "Outer", "Join Type": "Inner", "Startup Cost": 124227.38, "Total Cost": 157591.19, "Plan Rows": 4, "Plan Width": 33, "Inner Unique": true, "Join Filter": "(mc.company_type_id = ct.id)", "Plans": [{"Node Type": "Streaming(type: LOCAL GATHER dop: 1/16)", "Parent Relationship": "Outer", "Startup Cost": 124227.38, "Total Cost": 157589.97, "Plan Rows": 4, "Plan Width": 37, "Plans": [{"Node Type": "Hash Join", "Parent Relationship": "Outer", "Join Type": "Inner", "Startup Cost": 124227.38, "Total Cost": 157589.88, "Plan Rows": 4, "Plan Width": 37, "Inner Unique": true, "Hash Cond": "(ci.person_role_id = chn.id)", "Plans": [{"Node Type": "Streaming(type: BROADCAST dop: 16/1)", "Parent Relationship": "Outer", "Startup Cost": 116969.41, "Total Cost": 150331.87, "Plan Rows": 112, "Plan Width": 25, "Plans": [{"Node Type": "Hash Join", "Parent Relationship": "Outer", "Join Type": "Inner", "Startup Cost": 116969.41, "Total Cost": 135329.46, "Plan Rows": 7, "Plan Width": 25, "Inner Unique": true, "Hash Cond": "(mc.company_id = cn.id)", "Plans": [{"Node Type": "Streaming(type: LOCAL GATHER dop: 1/16)", "Parent Relationship": "Outer", "Startup Cost": 115490.41, "Total Cost": 133830.89, "Plan Rows": 5196, "Plan Width": 29, "Plans": [{"Node Type": "Hash Join", "Parent Relationship": "Outer", "Join Type": "Inner", "Startup Cost": 115490.41, "Total Cost": 133718.75, "Plan Rows": 5196, "Plan Width": 29, "Inner Unique": false, "Hash Cond": "(mc.movie_id = t.id)", "Plans": [{"Node Type": "Seq Scan", "Parent Relationship": "Outer", "Relation Name": "movie_companies", "Alias": "mc", "Startup Cost": 0.0, "Total Cost": 17613.58, "Plan Rows": 2609128, "Plan Width": 12}, {"Node Type": "Hash", "Parent Relationship": "Inner", "Startup Cost": 115459.66, "Total Cost": 115459.66, "Plan Rows": 39360, "Plan Width": 29, "Plans": [{"Node Type": "Streaming(type: BROADCAST dop: 16/16)", "Parent Relationship": "Outer", "Startup Cost": 19941.16, "Total Cost": 115459.66, "Plan Rows": 39360, "Plan Width": 29, "Plans": [{"Node Type": "Hash Join", "Parent Relationship": "Outer", "Join Type": "Inner", "Startup Cost": 19941.16, "Total Cost": 100359.72, "Plan Rows": 2460, "Plan Width": 29, "Inner Unique": true, "Hash Cond": "(ci.movie_id = t.id)", "Plans": [{"Node Type": "Streaming(type: BROADCAST dop: 16/1)", "Parent Relationship": "Outer", "Startup Cost": 0.0, "Total Cost": 80409.42, "Plan Rows": 32432, "Plan Width": 8, "Plans": [{"Node Type": "Nested Loop", "Parent Relationship": "Outer", "Join Type": "Inner", "Startup Cost": 0.0, "Total Cost": 64709.47, "Plan Rows": 2027, "Plan Width": 8, "Inner Unique": false, "Join Filter": "(ci.role_id = rt.id)", "Plans": [{"Node Type": "Seq Scan", "Parent Relationship": "Outer", "Relation Name": "role_type", "Alias": "rt", "Startup Cost": 0.0, "Total Cost": 1.15, "Plan Rows": 1, "Plan Width": 4, "Filter": "((role)::text = 'actor'::text)"}, {"Node Type": "Materialize", "Parent Relationship": "Inner", "Startup Cost": 0.0, "Total Cost": 64485.37, "Plan Rows": 22295, "Plan Width": 12, "Plans": [{"Node Type": "Streaming(type: LOCAL GATHER dop: 1/16)", "Parent Relationship": "Outer", "Startup Cost": 0.0, "Total Cost": 64429.63, "Plan Rows": 22295, "Plan Width": 12, "Plans": [{"Node Type": "Seq Scan", "Parent Relationship": "Outer", "Relation Name": "cast_info", "Alias": "ci", "Startup Cost": 0.0, "Total Cost": 63948.46, "Plan Rows": 22295, "Plan Width": 12, "Filter": "(((note)::text ~~ '%(voice)%'::text) AND ((note)::text ~~ '%(uncredited)%'::text))"}]}]}]}]}, {"Node Type": "Hash", "Parent Relationship": "Inner", "Startup Cost": 19149.37, "Total Cost": 19149.37, "Plan Rows": 1013492, "Plan Width": 21, "Plans": [{"Node Type": "Seq Scan", "Parent Relationship": "Outer", "Relation Name": "title", "Alias": "t", "Startup Cost": 0.0, "Total Cost": 19149.37, "Plan Rows": 1013492, "Plan Width": 21, "Filter": "(production_year > 2005), (LLVM Optimized)"}]}]}]}]}]}]}, {"Node Type": "Hash", "Parent Relationship": "Inner", "Startup Cost": 5903.45, "Total Cost": 5903.45, "Plan Rows": 251, "Plan Width": 4, "Plans": [{"Node Type": "Seq Scan", "Parent Relationship": "Outer", "Relation Name": "company_name", "Alias": "cn", "Startup Cost": 0.0, "Total Cost": 5903.45, "Plan Rows": 251, "Plan Width": 4, "Filter": "((country_code)::text = '[ru]'::text)"}]}]}]}, {"Node Type": "Hash", "Parent Relationship": "Inner", "Startup Cost": 19218.34, "Total Cost": 19218.34, "Plan Rows": 3140338, "Plan Width": 20, "Plans": [{"Node Type": "Seq Scan", "Parent Relationship": "Outer", "Relation Name": "char_name", "Alias": "chn", "Startup Cost": 0.0, "Total Cost": 19218.34, "Plan Rows": 3140338, "Plan Width": 20}]}]}]}, {"Node Type": "Materialize", "Parent Relationship": "Inner", "Startup Cost": 0.0, "Total Cost": 1.04, "Plan Rows": 3, "Plan Width": 4, "Plans": [{"Node Type": "Seq Scan", "Parent Relationship": "Outer", "Relation Name": "company_type", "Alias": "ct", "Startup Cost": 0.0, "Total Cost": 1.03, "Plan Rows": 3, "Plan Width": 4}]}]}]}, "Unique SQL Id": 2933943827, "Planner Runtime": 69}, "explain_analyze_plan": {"Plan": {"Node Type": "Aggregate", "Strategy": "Plain", "Startup Cost": 157591.21, "Total Cost": 157591.22, "Plan Rows": 1, "Plan Width": 97, "Actual Min Startup Time": 1325.179, "Actual Max Startup Time": 1325.179, "Actual Min Total Time": 1325.179, "Actual Max Total Time": 1325.179, "Plans": [{"Node Type": "Nested Loop", "Parent Relationship": "Outer", "Join Type": "Inner", "Startup Cost": 124227.38, "Total Cost": 157591.19, "Plan Rows": 4, "Plan Width": 33, "Actual Min Startup Time": 1324.967, "Actual Max Startup Time": 1324.967, "Actual Min Total Time": 1325.126, "Actual Max Total Time": 1325.126, "Inner Unique": true, "Join Filter": "(mc.company_type_id = ct.id)", "Rows Removed by Join Filter": 258, "Plans": [{"Node Type": "Streaming(type: LOCAL GATHER dop: 1/16)", "Parent Relationship": "Outer", "Startup Cost": 124227.38, "Total Cost": 157589.97, "Plan Rows": 4, "Plan Width": 37, "Actual Min Startup Time": 1324.866, "Actual Max Startup Time": 1324.866, "Actual Min Total Time": 1324.925, "Actual Max Total Time": 1324.925, "Plans": [{"Node Type": "Hash Join", "Parent Relationship": "Outer", "Join Type": "Inner", "Startup Cost": 124227.38, "Total Cost": 157589.88, "Plan Rows": 4, "Plan Width": 37, "Actual Min Startup Time": 1098.989, "Actual Max Startup Time": 1120.843, "Actual Min Total Time": 1120.46, "Actual Max Total Time": 1142.304, "Inner Unique": true, "Hash Cond": "(ci.person_role_id = chn.id)", "Plans": [{"Node Type": "Streaming(type: BROADCAST dop: 16/1)", "Parent Relationship": "Outer", "Startup Cost": 116969.41, "Total Cost": 150331.87, "Plan Rows": 112, "Plan Width": 25, "Actual Min Startup Time": 908.28, "Actual Max Startup Time": 945.303, "Actual Min Total Time": 929.666, "Actual Max Total Time": 966.72, "Plans": [{"Node Type": "Hash Join", "Parent Relationship": "Outer", "Join Type": "Inner", "Startup Cost": 116969.41, "Total Cost": 135329.46, "Plan Rows": 7, "Plan Width": 25, "Actual Min Startup Time": 1056.607, "Actual Max Startup Time": 1056.607, "Actual Min Total Time": 1120.304, "Actual Max Total Time": 1120.304, "Inner Unique": true, "Hash Cond": "(mc.company_id = cn.id)", "Plans": [{"Node Type": "Streaming(type: LOCAL GATHER dop: 1/16)", "Parent Relationship": "Outer", "Startup Cost": 115490.41, "Total Cost": 133830.89, "Plan Rows": 5196, "Plan Width": 29, "Actual Min Startup Time": 955.411, "Actual Max Startup Time": 955.411, "Actual Min Total Time": 1022.335, "Actual Max Total Time": 1022.335, "Plans": [{"Node Type": "Hash Join", "Parent Relationship": "Outer", "Join Type": "Inner", "Startup Cost": 115490.41, "Total Cost": 133718.75, "Plan Rows": 5196, "Plan Width": 29, "Actual Min Startup Time": 1049.475, "Actual Max Startup Time": 1114.167, "Actual Min Total Time": 1110.052, "Actual Max Total Time": 1178.909, "Inner Unique": false, "Hash Cond": "(mc.movie_id = t.id)", "Plans": [{"Node Type": "Seq Scan", "Parent Relationship": "Outer", "Relation Name": "movie_companies", "Alias": "mc", "Startup Cost": 0.0, "Total Cost": 17613.58, "Plan Rows": 2609128, "Plan Width": 12, "Actual Min Startup Time": 0.045, "Actual Max Startup Time": 0.074, "Actual Min Total Time": 35.337, "Actual Max Total Time": 40.658, "Actual Rows": 2609128}, {"Node Type": "Hash", "Parent Relationship": "Inner", "Startup Cost": 115459.66, "Total Cost": 115459.66, "Plan Rows": 39360, "Plan Width": 29, "Actual Min Startup Time": 1032.549, "Actual Max Startup Time": 1111.851, "Actual Min Total Time": 1032.549, "Actual Max Total Time": 1111.851, "Max Hash Buckets": 32768, "Min Hash Buckets": 32768, "Max Hash Batches": 1, "Min Hash Batches": 1, "Max Original Hash Batches": 1, "Min Original Hash Batches": 1, "Max Peak Memory Usage": 320, "min Peak Memory Usage": 320, "Plans": [{"Node Type": "Streaming(type: BROADCAST dop: 16/16)", "Parent Relationship": "Outer", "Startup Cost": 19941.16, "Total Cost": 115459.66, "Plan Rows": 39360, "Plan Width": 29, "Actual Min Startup Time": 836.198, "Actual Max Startup Time": 915.624, "Actual Min Total Time": 1030.376, "Actual Max Total Time": 1110.349, "Plans": [{"Node Type": "Hash Join", "Parent Relationship": "Outer", "Join Type": "Inner", "Startup Cost": 19941.16, "Total Cost": 100359.72, "Plan Rows": 2460, "Plan Width": 29, "Actual Min Startup Time": 714.324, "Actual Max Startup Time": 796.554, "Actual Min Total Time": 998.537, "Actual Max Total Time": 1078.425, "Inner Unique": true, "Hash Cond": "(ci.movie_id = t.id)", "Plans": [{"Node Type": "Streaming(type: BROADCAST dop: 16/1)", "Parent Relationship": "Outer", "Startup Cost": 0.0, "Total Cost": 80409.42, "Plan Rows": 32432, "Plan Width": 8, "Actual Min Startup Time": 620.199, "Actual Max Startup Time": 692.234, "Actual Min Total Time": 894.394, "Actual Max Total Time": 969.656, "Plans": [{"Node Type": "Nested Loop", "Parent Relationship": "Outer", "Join Type": "Inner", "Startup Cost": 0.0, "Total Cost": 64709.47, "Plan Rows": 2027, "Plan Width": 8, "Actual Min Startup Time": 766.492, "Actual Max Startup Time": 766.492, "Actual Min Total Time": 781.006, "Actual Max Total Time": 781.006, "Inner Unique": false, "Join Filter": "(ci.role_id = rt.id)", "Rows Removed by Join Filter": 6414, "Plans": [{"Node Type": "Seq Scan", "Parent Relationship": "Outer", "Relation Name": "role_type", "Alias": "rt", "Startup Cost": 0.0, "Total Cost": 1.15, "Plan Rows": 1, "Plan Width": 4, "Actual Min Startup Time": 0.045, "Actual Max Startup Time": 0.045, "Actual Min Total Time": 0.057, "Actual Max Total Time": 0.057, "Filter": "((role)::text = 'actor'::text)", "Rows Removed by Filter": 11, "Actual Rows": 1}, {"Node Type": "Materialize", "Parent Relationship": "Inner", "Startup Cost": 0.0, "Total Cost": 64485.37, "Plan Rows": 22295, "Plan Width": 12, "Actual Min Startup Time": 766.421, "Actual Max Startup Time": 766.421, "Actual Min Total Time": 771.039, "Actual Max Total Time": 771.039, "Plans": [{"Node Type": "Streaming(type: LOCAL GATHER dop: 1/16)", "Parent Relationship": "Outer", "Startup Cost": 0.0, "Total Cost": 64429.63, "Plan Rows": 22295, "Plan Width": 12, "Actual Min Startup Time": 0.091, "Actual Max Startup Time": 0.091, "Actual Min Total Time": 743.185, "Actual Max Total Time": 743.185, "Plans": [{"Node Type": "Seq Scan", "Parent Relationship": "Outer", "Relation Name": "cast_info", "Alias": "ci", "Startup Cost": 0.0, "Total Cost": 63948.46, "Plan Rows": 22295, "Plan Width": 12, "Actual Min Startup Time": 0.08, "Actual Max Startup Time": 2.352, "Actual Min Total Time": 711.17, "Actual Max Total Time": 769.248, "Filter": "(((note)::text ~~ '%(voice)%'::text) AND ((note)::text ~~ '%(uncredited)%'::text))", "Rows Removed by Filter": 36212055, "Actual Rows": 32288}], "Actual Rows": 32288}], "Actual Rows": 32289}], "Actual Rows": 25874}], "Actual Rows": 413984}, {"Node Type": "Hash", "Parent Relationship": "Inner", "Startup Cost": 19149.37, "Total Cost": 19149.37, "Plan Rows": 1013492, "Plan Width": 21, "Actual Min Startup Time": 86.95, "Actual Max Startup Time": 111.424, "Actual Min Total Time": 86.95, "Actual Max Total Time": 111.424, "Max Hash Buckets": 65536, "Min Hash Buckets": 65536, "Max Hash Batches": 1, "Min Hash Batches": 1, "Max Original Hash Batches": 1, "Min Original Hash Batches": 1, "Max Peak Memory Usage": 3456, "min Peak Memory Usage": 3456, "Plans": [{"Node Type": "Seq Scan", "Parent Relationship": "Outer", "Relation Name": "title", "Alias": "t", "Startup Cost": 0.0, "Total Cost": 19149.37, "Plan Rows": 1013492, "Plan Width": 21, "Actual Min Startup Time": 0.027, "Actual Max Startup Time": 0.042, "Actual Min Total Time": 61.381, "Actual Max Total Time": 67.772, "Filter": "(production_year > 2005), (LLVM Optimized, Jit Execute)", "Rows Removed by Filter": 1515391, "Actual Rows": 1012920}], "Actual Rows": 1012920}], "Actual Rows": 5288}], "Actual Rows": 84608}], "Actual Rows": 84608}], "Actual Rows": 14489}], "Actual Rows": 14489}, {"Node Type": "Hash", "Parent Relationship": "Inner", "Startup Cost": 5903.45, "Total Cost": 5903.45, "Plan Rows": 251, "Plan Width": 4, "Actual Min Startup Time": 94.21, "Actual Max Startup Time": 94.21, "Actual Min Total Time": 94.21, "Actual Max Total Time": 94.21, "Max Hash Buckets": 32768, "Min Hash Buckets": 32768, "Max Hash Batches": 1, "Min Hash Batches": 1, "Max Original Hash Batches": 1, "Min Original Hash Batches": 1, "Max Peak Memory Usage": 48, "min Peak Memory Usage": 48, "Plans": [{"Node Type": "Seq Scan", "Parent Relationship": "Outer", "Relation Name": "company_name", "Alias": "cn", "Startup Cost": 0.0, "Total Cost": 5903.45, "Plan Rows": 251, "Plan Width": 4, "Actual Min Startup Time": 0.601, "Actual Max Startup Time": 0.601, "Actual Min Total Time": 93.323, "Actual Max Total Time": 93.323, "Filter": "((country_code)::text = '[ru]'::text)", "Rows Removed by Filter": 233635, "Actual Rows": 1361}], "Actual Rows": 1361}], "Actual Rows": 112}], "Actual Rows": 1792}, {"Node Type": "Hash", "Parent Relationship": "Inner", "Startup Cost": 19218.34, "Total Cost": 19218.34, "Plan Rows": 3140338, "Plan Width": 20, "Actual Min Startup Time": 167.517, "Actual Max Startup Time": 191.34, "Actual Min Total Time": 167.517, "Actual Max Total Time": 191.34, "Max Hash Buckets": 262144, "Min Hash Buckets": 262144, "Max Hash Batches": 1, "Min Hash Batches": 1, "Max Original Hash Batches": 1, "Min Original Hash Batches": 1, "Max Peak Memory Usage": 10534, "min Peak Memory Usage": 10534, "Plans": [{"Node Type": "Seq Scan", "Parent Relationship": "Outer", "Relation Name": "char_name", "Alias": "chn", "Startup Cost": 0.0, "Total Cost": 19218.34, "Plan Rows": 3140338, "Plan Width": 20, "Actual Min Startup Time": 0.038, "Actual Max Startup Time": 0.13, "Actual Min Total Time": 66.552, "Actual Max Total Time": 70.125, "Actual Rows": 3140338}], "Actual Rows": 3140338}], "Actual Rows": 104}], "Actual Rows": 104}, {"Node Type": "Materialize", "Parent Relationship": "Inner", "Startup Cost": 0.0, "Total Cost": 1.04, "Plan Rows": 3, "Plan Width": 4, "Actual Min Startup Time": 0.057, "Actual Max Startup Time": 0.057, "Actual Min Total Time": 0.078, "Actual Max Total Time": 0.078, "Plans": [{"Node Type": "Seq Scan", "Parent Relationship": "Outer", "Relation Name": "company_type", "Alias": "ct", "Startup Cost": 0.0, "Total Cost": 1.03, "Plan Rows": 3, "Plan Width": 4, "Actual Min Startup Time": 0.027, "Actual Max Startup Time": 0.027, "Actual Min Total Time": 0.03, "Actual Max Total Time": 0.03, "Actual Rows": 3}], "Actual Rows": 277}], "Actual Rows": 18}], "Actual Rows": 1}, "Triggers": [], "Planner Runtime": 69, "Total Runtime": 1355.955, "Unique SQL Id": 2933943827}}, "(16, 47)": {"explain_plan": {"Plan": {"Node Type": "Aggregate", "Strategy": "Plain", "Startup Cost": 7000198711555.37, "Total Cost": 7000198711555.38, "Plan Rows": 1, "Plan Width": 97, "Plans": [{"Node Type": "Nested Loop", "Parent Relationship": "Outer", "Join Type": "Inner", "Startup Cost": 70000000000.0, "Total Cost": 7000198711555.35, "Plan Rows": 4, "Plan Width": 33, "Inner Unique": true, "Join Filter": "(mc.company_type_id = ct.id)", "Plans": [{"Node Type": "Nested Loop", "Parent Relationship": "Outer", "Join Type": "Inner", "Startup Cost": 60000000000.0, "Total Cost": 6000198710325.66, "Plan Rows": 4, "Plan Width": 37, "Inner Unique": true, "Join Filter": "(mc.movie_id = t.id)", "Plans": [{"Node Type": "Nested Loop", "Parent Relationship": "Outer", "Join Type": "Inner", "Startup Cost": 50000000000.0, "Total Cost": 5000187018058.12, "Plan Rows": 3, "Plan Width": 28, "Inner Unique": true, "Join Filter": "(ci.person_role_id = chn.id)", "Plans": [{"Node Type": "Nested Loop", "Parent Relationship": "Outer", "Join Type": "Inner", "Startup Cost": 40000000000.0, "Total Cost": 4000173740031.35, "Plan Rows": 6, "Plan Width": 16, "Inner Unique": true, "Join Filter": "(ci.role_id = rt.id)", "Plans": [{"Node Type": "Nested Loop", "Parent Relationship": "Outer", "Join Type": "Inner", "Startup Cost": 30000000000.0, "Total Cost": 3000173738784.33, "Plan Rows": 68, "Plan Width": 20, "Inner Unique": false, "Join Filter": "(mc.movie_id = ci.movie_id)", "Plans": [{"Node Type": "Nested Loop", "Parent Relationship": "Outer", "Join Type": "Inner", "Startup Cost": 20000000000.0, "Total Cost": 2000020191723.52, "Plan Rows": 3779, "Plan Width": 8, "Inner Unique": true, "Join Filter": "(cn.id = mc.company_id)", "Plans": [{"Node Type": "Index Scan", "Parent Relationship": "Outer", "Scan Direction": "Forward", "Index Name": "company_type_id_movie_companies", "Relation Name": "movie_companies", "Alias": "mc", "Startup Cost": 10000000000.0, "Total Cost": 1000009318217.0, "Plan Rows": 2609128, "Plan Width": 12}, {"Node Type": "Materialize", "Parent Relationship": "Inner", "Startup Cost": 10000000000.0, "Total Cost": 1000001050140.22, "Plan Rows": 251, "Plan Width": 4, "Plans": [{"Node Type": "Index Scan", "Parent Relationship": "Outer", "Scan Direction": "Forward", "Index Name": "company_name_pkey", "Relation Name": "company_name", "Alias": "cn", "Startup Cost": 10000000000.0, "Total Cost": 1000001050138.97, "Plan Rows": 251, "Plan Width": 4, "Filter": "((country_code)::text = '[ru]'::text)"}]}]}, {"Node Type": "Materialize", "Parent Relationship": "Inner", "Startup Cost": 10000000000.0, "Total Cost": 1000152283324.47, "Plan Rows": 22295, "Plan Width": 12, "Plans": [{"Node Type": "Index Scan", "Parent Relationship": "Outer", "Scan Direction": "Forward", "Index Name": "role_id_cast_info", "Relation Name": "cast_info", "Alias": "ci", "Startup Cost": 10000000000.0, "Total Cost": 1000152283213.0, "Plan Rows": 22295, "Plan Width": 12, "Filter": "(((note)::text ~~ '%(voice)%'::text) AND ((note)::text ~~ '%(uncredited)%'::text))"}]}]}, {"Node Type": "Materialize", "Parent Relationship": "Inner", "Startup Cost": 10000000000.0, "Total Cost": 1000000001246.0, "Plan Rows": 1, "Plan Width": 4, "Plans": [{"Node Type": "Index Scan", "Parent Relationship": "Outer", "Scan Direction": "Forward", "Index Name": "role_type_pkey", "Relation Name": "role_type", "Alias": "rt", "Startup Cost": 10000000000.0, "Total Cost": 1000000001246.0, "Plan Rows": 1, "Plan Width": 4, "Filter": "((role)::text = 'actor'::text)"}]}]}, {"Node Type": "Materialize", "Parent Relationship": "Inner", "Startup Cost": 10000000000.0, "Total Cost": 1000013003247.2, "Plan Rows": 3140338, "Plan Width": 20, "Plans": [{"Node Type": "Index Scan", "Parent Relationship": "Outer", "Scan Direction": "Forward", "Index Name": "char_name_pkey", "Relation Name": "char_name", "Alias": "chn", "Startup Cost": 10000000000.0, "Total Cost": 1000012987545.51, "Plan Rows": 3140338, "Plan Width": 20}]}]}, {"Node Type": "Materialize", "Parent Relationship": "Inner", "Startup Cost": 10000000000.0, "Total Cost": 1000011649194.12, "Plan Rows": 1013492, "Plan Width": 21, "Plans": [{"Node Type": "Index Scan", "Parent Relationship": "Outer", "Scan Direction": "Forward", "Index Name": "title_pkey", "Relation Name": "title", "Alias": "t", "Startup Cost": 10000000000.0, "Total Cost": 1000011644126.66, "Plan Rows": 1013492, "Plan Width": 21, "Filter": "(production_year > 2005), (LLVM Optimized)"}]}]}, {"Node Type": "Materialize", "Parent Relationship": "Inner", "Startup Cost": 10000000000.0, "Total Cost": 1000000001229.52, "Plan Rows": 3, "Plan Width": 4, "Plans": [{"Node Type": "Index Scan", "Parent Relationship": "Outer", "Scan Direction": "Forward", "Index Name": "company_type_pkey", "Relation Name": "company_type", "Alias": "ct", "Startup Cost": 10000000000.0, "Total Cost": 1000000001229.5, "Plan Rows": 3, "Plan Width": 4}]}]}]}, "Unique SQL Id": 2933943827, "Planner Runtime": 17}, "explain_analyze_plan": null}, "(16, 48)": {"explain_plan": {"Plan": {"Node Type": "Aggregate", "Strategy": "Plain", "Startup Cost": 19897.43, "Total Cost": 19897.44, "Plan Rows": 1, "Plan Width": 97, "Plans": [{"Node Type": "Nested Loop", "Parent Relationship": "Outer", "Join Type": "Inner", "Startup Cost": 0.0, "Total Cost": 19897.42, "Plan Rows": 2, "Plan Width": 33, "Inner Unique": true, "Plans": [{"Node Type": "Nested Loop", "Parent Relationship": "Outer", "Join Type": "Inner", "Startup Cost": 0.0, "Total Cost": 19896.86, "Plan Rows": 2, "Plan Width": 37, "Inner Unique": true, "Plans": [{"Node Type": "Nested Loop", "Parent Relationship": "Outer", "Join Type": "Inner", "Startup Cost": 0.0, "Total Cost": 19869.97, "Plan Rows": 5, "Plan Width": 25, "Inner Unique": true, "Plans": [{"Node Type": "Nested Loop", "Parent Relationship": "Outer", "Join Type": "Inner", "Startup Cost": 0.0, "Total Cost": 19867.87, "Plan Rows": 6, "Plan Width": 16, "Inner Unique": false, "Join Filter": "(ci.role_id = rt.id)", "Plans": [{"Node Type": "Seq Scan", "Parent Relationship": "Outer", "Relation Name": "role_type", "Alias": "rt", "Startup Cost": 0.0, "Total Cost": 1.15, "Plan Rows": 1, "Plan Width": 4, "Filter": "((role)::text = 'actor'::text)"}, {"Node Type": "Nested Loop", "Parent Relationship": "Inner", "Join Type": "Inner", "Startup Cost": 0.0, "Total Cost": 19865.87, "Plan Rows": 68, "Plan Width": 20, "Inner Unique": false, "Plans": [{"Node Type": "Nested Loop", "Parent Relationship": "Outer", "Join Type": "Inner", "Startup Cost": 0.0, "Total Cost": 16121.55, "Plan Rows": 3779, "Plan Width": 8, "Inner Unique": false, "Plans": [{"Node Type": "Seq Scan", "Parent Relationship": "Outer", "Relation Name": "company_name", "Alias": "cn", "Startup Cost": 0.0, "Total Cost": 5903.45, "Plan Rows": 251, "Plan Width": 4, "Filter": "((country_code)::text = '[ru]'::text)"}, {"Node Type": "Index Scan", "Parent Relationship": "Inner", "Scan Direction": "Forward", "Index Name": "company_id_movie_companies", "Relation Name": "movie_companies", "Alias": "mc", "Startup Cost": 0.0, "Total Cost": 40.56, "Plan Rows": 15, "Plan Width": 12, "Index Cond": "(company_id = cn.id)"}]}, {"Node Type": "Index Scan", "Parent Relationship": "Inner", "Scan Direction": "Forward", "Index Name": "movie_id_cast_info", "Relation Name": "cast_info", "Alias": "ci", "Startup Cost": 0.0, "Total Cost": 0.98, "Plan Rows": 1, "Plan Width": 12, "Index Cond": "(movie_id = mc.movie_id)", "Filter": "(((note)::text ~~ '%(voice)%'::text) AND ((note)::text ~~ '%(uncredited)%'::text))"}]}]}, {"Node Type": "Index Scan", "Parent Relationship": "Inner", "Scan Direction": "Forward", "Index Name": "title_pkey", "Relation Name": "title", "Alias": "t", "Startup Cost": 0.0, "Total Cost": 0.34, "Plan Rows": 1, "Plan Width": 21, "Index Cond": "(id = mc.movie_id)", "Filter": "(production_year > 2005)"}]}, {"Node Type": "Index Scan", "Parent Relationship": "Inner", "Scan Direction": "Forward", "Index Name": "char_name_pkey", "Relation Name": "char_name", "Alias": "chn", "Startup Cost": 0.0, "Total Cost": 5.37, "Plan Rows": 1, "Plan Width": 20, "Index Cond": "(id = ci.person_role_id)"}]}, {"Node Type": "Index Only Scan", "Parent Relationship": "Inner", "Scan Direction": "Forward", "Index Name": "company_type_pkey", "Relation Name": "company_type", "Alias": "ct", "Startup Cost": 0.0, "Total Cost": 0.27, "Plan Rows": 1, "Plan Width": 4, "Index Cond": "(id = mc.company_type_id)"}]}]}, "Unique SQL Id": 2933943827, "Planner Runtime": 7}, "explain_analyze_plan": {"Plan": {"Node Type": "Aggregate", "Strategy": "Plain", "Startup Cost": 19897.43, "Total Cost": 19897.44, "Plan Rows": 1, "Plan Width": 97, "Actual Startup Time": 752.517, "Actual Total Time": 752.517, "Actual Rows": 1, "Actual Loops": 1, "Plans": [{"Node Type": "Nested Loop", "Parent Relationship": "Outer", "Join Type": "Inner", "Startup Cost": 0.0, "Total Cost": 19897.42, "Plan Rows": 2, "Plan Width": 33, "Actual Startup Time": 42.918, "Actual Total Time": 752.405, "Actual Rows": 18, "Actual Loops": 1, "Inner Unique": true, "Plans": [{"Node Type": "Nested Loop", "Parent Relationship": "Outer", "Join Type": "Inner", "Startup Cost": 0.0, "Total Cost": 19896.86, "Plan Rows": 2, "Plan Width": 37, "Actual Startup Time": 9.466, "Actual Total Time": 752.096, "Actual Rows": 104, "Actual Loops": 1, "Inner Unique": true, "Plans": [{"Node Type": "Nested Loop", "Parent Relationship": "Outer", "Join Type": "Inner", "Startup Cost": 0.0, "Total Cost": 19869.97, "Plan Rows": 5, "Plan Width": 25, "Actual Startup Time": 9.456, "Actual Total Time": 751.256, "Actual Rows": 112, "Actual Loops": 1, "Inner Unique": true, "Plans": [{"Node Type": "Nested Loop", "Parent Relationship": "Outer", "Join Type": "Inner", "Startup Cost": 0.0, "Total Cost": 19867.87, "Plan Rows": 6, "Plan Width": 16, "Actual Startup Time": 0.862, "Actual Total Time": 749.228, "Actual Rows": 275, "Actual Loops": 1, "Inner Unique": false, "Join Filter": "(ci.role_id = rt.id)", "Rows Removed by Join Filter": 102, "Plans": [{"Node Type": "Seq Scan", "Parent Relationship": "Outer", "Relation Name": "role_type", "Alias": "rt", "Startup Cost": 0.0, "Total Cost": 1.15, "Plan Rows": 1, "Plan Width": 4, "Actual Startup Time": 0.024, "Actual Total Time": 0.03, "Actual Rows": 1, "Actual Loops": 1, "Filter": "((role)::text = 'actor'::text)", "Rows Removed by Filter": 11}, {"Node Type": "Nested Loop", "Parent Relationship": "Inner", "Join Type": "Inner", "Startup Cost": 0.0, "Total Cost": 19865.87, "Plan Rows": 68, "Plan Width": 20, "Actual Startup Time": 0.831, "Actual Total Time": 748.935, "Actual Rows": 377, "Actual Loops": 1, "Inner Unique": false, "Plans": [{"Node Type": "Nested Loop", "Parent Relationship": "Outer", "Join Type": "Inner", "Startup Cost": 0.0, "Total Cost": 16121.55, "Plan Rows": 3779, "Plan Width": 8, "Actual Startup Time": 0.059, "Actual Total Time": 101.306, "Actual Rows": 8790, "Actual Loops": 1, "Inner Unique": false, "Plans": [{"Node Type": "Seq Scan", "Parent Relationship": "Outer", "Relation Name": "company_name", "Alias": "cn", "Startup Cost": 0.0, "Total Cost": 5903.45, "Plan Rows": 251, "Plan Width": 4, "Actual Startup Time": 0.039, "Actual Total Time": 80.246, "Actual Rows": 1361, "Actual Loops": 1, "Filter": "((country_code)::text = '[ru]'::text)", "Rows Removed by Filter": 233635}, {"Node Type": "Index Scan", "Parent Relationship": "Inner", "Scan Direction": "Forward", "Index Name": "company_id_movie_companies", "Relation Name": "movie_companies", "Alias": "mc", "Startup Cost": 0.0, "Total Cost": 40.56, "Plan Rows": 15, "Plan Width": 12, "Actual Startup Time": 7.856, "Actual Total Time": 17.976, "Actual Rows": 8790, "Actual Loops": 1361, "Index Cond": "(company_id = cn.id)", "Rows Removed by Index Recheck": 0}]}, {"Node Type": "Index Scan", "Parent Relationship": "Inner", "Scan Direction": "Forward", "Index Name": "movie_id_cast_info", "Relation Name": "cast_info", "Alias": "ci", "Startup Cost": 0.0, "Total Cost": 0.98, "Plan Rows": 1, "Plan Width": 12, "Actual Startup Time": 604.989, "Actual Total Time": 642.377, "Actual Rows": 377, "Actual Loops": 8790, "Index Cond": "(movie_id = mc.movie_id)", "Rows Removed by Index Recheck": 0, "Filter": "(((note)::text ~~ '%(voice)%'::text) AND ((note)::text ~~ '%(uncredited)%'::text))", "Rows Removed by Filter": 408168}]}]}, {"Node Type": "Index Scan", "Parent Relationship": "Inner", "Scan Direction": "Forward", "Index Name": "title_pkey", "Relation Name": "title", "Alias": "t", "Startup Cost": 0.0, "Total Cost": 0.34, "Plan Rows": 1, "Plan Width": 21, "Actual Startup Time": 1.632, "Actual Total Time": 1.632, "Actual Rows": 112, "Actual Loops": 275, "Index Cond": "(id = mc.movie_id)", "Rows Removed by Index Recheck": 0, "Filter": "(production_year > 2005)", "Rows Removed by Filter": 163}]}, {"Node Type": "Index Scan", "Parent Relationship": "Inner", "Scan Direction": "Forward", "Index Name": "char_name_pkey", "Relation Name": "char_name", "Alias": "chn", "Startup Cost": 0.0, "Total Cost": 5.37, "Plan Rows": 1, "Plan Width": 20, "Actual Startup Time": 0.628, "Actual Total Time": 0.628, "Actual Rows": 104, "Actual Loops": 112, "Index Cond": "(id = ci.person_role_id)", "Rows Removed by Index Recheck": 0}]}, {"Node Type": "Index Only Scan", "Parent Relationship": "Inner", "Scan Direction": "Forward", "Index Name": "company_type_pkey", "Relation Name": "company_type", "Alias": "ct", "Startup Cost": 0.0, "Total Cost": 0.27, "Plan Rows": 1, "Plan Width": 4, "Actual Startup Time": 0.179, "Actual Total Time": 0.179, "Actual Rows": 18, "Actual Loops": 104, "Index Cond": "(id = mc.company_type_id)", "Rows Removed by Index Recheck": 0, "Heap Fetches": 0}]}]}, "Triggers": [], "Planner Runtime": 6, "Total Runtime": 752.901, "Unique SQL Id": 2933943827}}, "(16, 49)": {"explain_plan": {"Plan": {"Node Type": "Aggregate", "Strategy": "Plain", "Startup Cost": 22688.03, "Total Cost": 22688.04, "Plan Rows": 1, "Plan Width": 97, "Plans": [{"Node Type": "Nested Loop", "Parent Relationship": "Outer", "Join Type": "Inner", "Startup Cost": 2779.29, "Total Cost": 22688.02, "Plan Rows": 2, "Plan Width": 33, "Inner Unique": true, "Plans": [{"Node Type": "Nested Loop", "Parent Relationship": "Outer", "Join Type": "Inner", "Startup Cost": 2779.29, "Total Cost": 22687.46, "Plan Rows": 2, "Plan Width": 37, "Inner Unique": true, "Plans": [{"Node Type": "Nested Loop", "Parent Relationship": "Outer", "Join Type": "Inner", "Startup Cost": 2779.29, "Total Cost": 22660.57, "Plan Rows": 5, "Plan Width": 25, "Inner Unique": true, "Plans": [{"Node Type": "Nested Loop", "Parent Relationship": "Outer", "Join Type": "Inner", "Startup Cost": 2779.29, "Total Cost": 22658.47, "Plan Rows": 6, "Plan Width": 16, "Inner Unique": false, "Join Filter": "(ci.role_id = rt.id)", "Plans": [{"Node Type": "Index Scan", "Parent Relationship": "Outer", "Scan Direction": "Forward", "Index Name": "role_type_pkey", "Relation Name": "role_type", "Alias": "rt", "Startup Cost": 0.0, "Total Cost": 12.46, "Plan Rows": 1, "Plan Width": 4, "Filter": "((role)::text = 'actor'::text)"}, {"Node Type": "Nested Loop", "Parent Relationship": "Inner", "Join Type": "Inner", "Startup Cost": 2779.29, "Total Cost": 22645.16, "Plan Rows": 68, "Plan Width": 20, "Inner Unique": false, "Plans": [{"Node Type": "Nested Loop", "Parent Relationship": "Outer", "Join Type": "Inner", "Startup Cost": 2779.29, "Total Cost": 18900.84, "Plan Rows": 3779, "Plan Width": 8, "Inner Unique": false, "Plans": [{"Node Type": "Bitmap Heap Scan", "Parent Relationship": "Outer", "Relation Name": "company_name", "Alias": "cn", "Startup Cost": 2779.29, "Total Cost": 8682.74, "Plan Rows": 251, "Plan Width": 4, "Filter": "((country_code)::text = '[ru]'::text)", "Plans": [{"Node Type": "Bitmap Index Scan", "Parent Relationship": "Outer", "Index Name": "company_name_pkey", "Startup Cost": 0.0, "Total Cost": 2779.23, "Plan Rows": 234996, "Plan Width": 0}]}, {"Node Type": "Index Scan", "Parent Relationship": "Inner", "Scan Direction": "Forward", "Index Name": "company_id_movie_companies", "Relation Name": "movie_companies", "Alias": "mc", "Startup Cost": 0.0, "Total Cost": 40.56, "Plan Rows": 15, "Plan Width": 12, "Index Cond": "(company_id = cn.id)"}]}, {"Node Type": "Index Scan", "Parent Relationship": "Inner", "Scan Direction": "Forward", "Index Name": "movie_id_cast_info", "Relation Name": "cast_info", "Alias": "ci", "Startup Cost": 0.0, "Total Cost": 0.98, "Plan Rows": 1, "Plan Width": 12, "Index Cond": "(movie_id = mc.movie_id)", "Filter": "(((note)::text ~~ '%(voice)%'::text) AND ((note)::text ~~ '%(uncredited)%'::text))"}]}]}, {"Node Type": "Index Scan", "Parent Relationship": "Inner", "Scan Direction": "Forward", "Index Name": "title_pkey", "Relation Name": "title", "Alias": "t", "Startup Cost": 0.0, "Total Cost": 0.34, "Plan Rows": 1, "Plan Width": 21, "Index Cond": "(id = mc.movie_id)", "Filter": "(production_year > 2005)"}]}, {"Node Type": "Index Scan", "Parent Relationship": "Inner", "Scan Direction": "Forward", "Index Name": "char_name_pkey", "Relation Name": "char_name", "Alias": "chn", "Startup Cost": 0.0, "Total Cost": 5.37, "Plan Rows": 1, "Plan Width": 20, "Index Cond": "(id = ci.person_role_id)"}]}, {"Node Type": "Index Only Scan", "Parent Relationship": "Inner", "Scan Direction": "Forward", "Index Name": "company_type_pkey", "Relation Name": "company_type", "Alias": "ct", "Startup Cost": 0.0, "Total Cost": 0.27, "Plan Rows": 1, "Plan Width": 4, "Index Cond": "(id = mc.company_type_id)"}]}]}, "Unique SQL Id": 2933943827, "Planner Runtime": 7}, "explain_analyze_plan": {"Plan": {"Node Type": "Aggregate", "Strategy": "Plain", "Startup Cost": 22688.03, "Total Cost": 22688.04, "Plan Rows": 1, "Plan Width": 97, "Actual Startup Time": 871.503, "Actual Total Time": 871.503, "Actual Rows": 1, "Actual Loops": 1, "Plans": [{"Node Type": "Nested Loop", "Parent Relationship": "Outer", "Join Type": "Inner", "Startup Cost": 2779.29, "Total Cost": 22688.02, "Plan Rows": 2, "Plan Width": 33, "Actual Startup Time": 64.858, "Actual Total Time": 871.392, "Actual Rows": 18, "Actual Loops": 1, "Inner Unique": true, "Plans": [{"Node Type": "Nested Loop", "Parent Relationship": "Outer", "Join Type": "Inner", "Startup Cost": 2779.29, "Total Cost": 22687.46, "Plan Rows": 2, "Plan Width": 37, "Actual Startup Time": 31.414, "Actual Total Time": 871.087, "Actual Rows": 104, "Actual Loops": 1, "Inner Unique": true, "Plans": [{"Node Type": "Nested Loop", "Parent Relationship": "Outer", "Join Type": "Inner", "Startup Cost": 2779.29, "Total Cost": 22660.57, "Plan Rows": 5, "Plan Width": 25, "Actual Startup Time": 31.404, "Actual Total Time": 870.155, "Actual Rows": 112, "Actual Loops": 1, "Inner Unique": true, "Plans": [{"Node Type": "Nested Loop", "Parent Relationship": "Outer", "Join Type": "Inner", "Startup Cost": 2779.29, "Total Cost": 22658.47, "Plan Rows": 6, "Plan Width": 16, "Actual Startup Time": 23.528, "Actual Total Time": 867.961, "Actual Rows": 275, "Actual Loops": 1, "Inner Unique": false, "Join Filter": "(ci.role_id = rt.id)", "Rows Removed by Join Filter": 102, "Plans": [{"Node Type": "Index Scan", "Parent Relationship": "Outer", "Scan Direction": "Forward", "Index Name": "role_type_pkey", "Relation Name": "role_type", "Alias": "rt", "Startup Cost": 0.0, "Total Cost": 12.46, "Plan Rows": 1, "Plan Width": 4, "Actual Startup Time": 0.023, "Actual Total Time": 0.036, "Actual Rows": 1, "Actual Loops": 1, "Filter": "((role)::text = 'actor'::text)", "Rows Removed by Filter": 11}, {"Node Type": "Nested Loop", "Parent Relationship": "Inner", "Join Type": "Inner", "Startup Cost": 2779.29, "Total Cost": 22645.16, "Plan Rows": 68, "Plan Width": 20, "Actual Startup Time": 23.495, "Actual Total Time": 867.649, "Actual Rows": 377, "Actual Loops": 1, "Inner Unique": false, "Plans": [{"Node Type": "Nested Loop", "Parent Relationship": "Outer", "Join Type": "Inner", "Startup Cost": 2779.29, "Total Cost": 18900.84, "Plan Rows": 3779, "Plan Width": 8, "Actual Startup Time": 22.744, "Actual Total Time": 167.463, "Actual Rows": 8790, "Actual Loops": 1, "Inner Unique": false, "Plans": [{"Node Type": "Bitmap Heap Scan", "Parent Relationship": "Outer", "Relation Name": "company_name", "Alias": "cn", "Startup Cost": 2779.29, "Total Cost": 8682.74, "Plan Rows": 251, "Plan Width": 4, "Actual Startup Time": 22.72, "Actual Total Time": 143.356, "Actual Rows": 1361, "Actual Loops": 1, "Filter": "((country_code)::text = '[ru]'::text)", "Rows Removed by Filter": 233635, "Exact Heap Blocks": 2966, "Lossy Heap Blocks": 2966, "Plans": [{"Node Type": "Bitmap Index Scan", "Parent Relationship": "Outer", "Index Name": "company_name_pkey", "Startup Cost": 0.0, "Total Cost": 2779.23, "Plan Rows": 234996, "Plan Width": 0, "Actual Startup Time": 22.25, "Actual Total Time": 22.25, "Actual Rows": 234996, "Actual Loops": 1}]}, {"Node Type": "Index Scan", "Parent Relationship": "Inner", "Scan Direction": "Forward", "Index Name": "company_id_movie_companies", "Relation Name": "movie_companies", "Alias": "mc", "Startup Cost": 0.0, "Total Cost": 40.56, "Plan Rows": 15, "Plan Width": 12, "Actual Startup Time": 9.704, "Actual Total Time": 20.815, "Actual Rows": 8790, "Actual Loops": 1361, "Index Cond": "(company_id = cn.id)", "Rows Removed by Index Recheck": 0}]}, {"Node Type": "Index Scan", "Parent Relationship": "Inner", "Scan Direction": "Forward", "Index Name": "movie_id_cast_info", "Relation Name": "cast_info", "Alias": "ci", "Startup Cost": 0.0, "Total Cost": 0.98, "Plan Rows": 1, "Plan Width": 12, "Actual Startup Time": 655.441, "Actual Total Time": 694.733, "Actual Rows": 377, "Actual Loops": 8790, "Index Cond": "(movie_id = mc.movie_id)", "Rows Removed by Index Recheck": 0, "Filter": "(((note)::text ~~ '%(voice)%'::text) AND ((note)::text ~~ '%(uncredited)%'::text))", "Rows Removed by Filter": 408168}]}]}, {"Node Type": "Index Scan", "Parent Relationship": "Inner", "Scan Direction": "Forward", "Index Name": "title_pkey", "Relation Name": "title", "Alias": "t", "Startup Cost": 0.0, "Total Cost": 0.34, "Plan Rows": 1, "Plan Width": 21, "Actual Startup Time": 1.773, "Actual Total Time": 1.773, "Actual Rows": 112, "Actual Loops": 275, "Index Cond": "(id = mc.movie_id)", "Rows Removed by Index Recheck": 0, "Filter": "(production_year > 2005)", "Rows Removed by Filter": 163}]}, {"Node Type": "Index Scan", "Parent Relationship": "Inner", "Scan Direction": "Forward", "Index Name": "char_name_pkey", "Relation Name": "char_name", "Alias": "chn", "Startup Cost": 0.0, "Total Cost": 5.37, "Plan Rows": 1, "Plan Width": 20, "Actual Startup Time": 0.688, "Actual Total Time": 0.688, "Actual Rows": 104, "Actual Loops": 112, "Index Cond": "(id = ci.person_role_id)", "Rows Removed by Index Recheck": 0}]}, {"Node Type": "Index Only Scan", "Parent Relationship": "Inner", "Scan Direction": "Forward", "Index Name": "company_type_pkey", "Relation Name": "company_type", "Alias": "ct", "Startup Cost": 0.0, "Total Cost": 0.27, "Plan Rows": 1, "Plan Width": 4, "Actual Startup Time": 0.168, "Actual Total Time": 0.168, "Actual Rows": 18, "Actual Loops": 104, "Index Cond": "(id = mc.company_type_id)", "Rows Removed by Index Recheck": 0, "Heap Fetches": 0}]}]}, "Triggers": [], "Planner Runtime": 7, "Total Runtime": 871.919, "Unique SQL Id": 2933943827}}, "(16, 50)": {"explain_plan": {"Plan": {"Node Type": "Aggregate", "Strategy": "Plain", "Startup Cost": 38342.48, "Total Cost": 38342.49, "Plan Rows": 1, "Plan Width": 97, "Plans": [{"Node Type": "Nested Loop", "Parent Relationship": "Outer", "Join Type": "Inner", "Startup Cost": 7.4, "Total Cost": 38342.47, "Plan Rows": 2, "Plan Width": 33, "Inner Unique": false, "Join Filter": "(mc.company_type_id = ct.id)", "Plans": [{"Node Type": "Seq Scan", "Parent Relationship": "Outer", "Relation Name": "company_type", "Alias": "ct", "Startup Cost": 0.0, "Total Cost": 1.03, "Plan Rows": 3, "Plan Width": 4}, {"Node Type": "Materialize", "Parent Relationship": "Inner", "Startup Cost": 7.4, "Total Cost": 38341.35, "Plan Rows": 2, "Plan Width": 37, "Plans": [{"Node Type": "Nested Loop", "Parent Relationship": "Outer", "Join Type": "Inner", "Startup Cost": 7.4, "Total Cost": 38341.34, "Plan Rows": 2, "Plan Width": 37, "Inner Unique": true, "Plans": [{"Node Type": "Nested Loop", "Parent Relationship": "Outer", "Join Type": "Inner", "Startup Cost": 7.13, "Total Cost": 38328.45, "Plan Rows": 3, "Plan Width": 28, "Inner Unique": true, "Plans": [{"Node Type": "Nested Loop", "Parent Relationship": "Outer", "Join Type": "Inner", "Startup Cost": 4.83, "Total Cost": 38290.52, "Plan Rows": 6, "Plan Width": 16, "Inner Unique": false, "Join Filter": "(ci.role_id = rt.id)", "Plans": [{"Node Type": "Seq Scan", "Parent Relationship": "Outer", "Relation Name": "role_type", "Alias": "rt", "Startup Cost": 0.0, "Total Cost": 1.15, "Plan Rows": 1, "Plan Width": 4, "Filter": "((role)::text = 'actor'::text)"}, {"Node Type": "Nested Loop", "Parent Relationship": "Inner", "Join Type": "Inner", "Startup Cost": 4.83, "Total Cost": 38288.52, "Plan Rows": 68, "Plan Width": 20, "Inner Unique": false, "Plans": [{"Node Type": "Nested Loop", "Parent Relationship": "Outer", "Join Type": "Inner", "Startup Cost": 4.32, "Total Cost": 20813.55, "Plan Rows": 3779, "Plan Width": 8, "Inner Unique": false, "Plans": [{"Node Type": "Seq Scan", "Parent Relationship": "Outer", "Relation Name": "company_name", "Alias": "cn", "Startup Cost": 0.0, "Total Cost": 5903.45, "Plan Rows": 251, "Plan Width": 4, "Filter": "((country_code)::text = '[ru]'::text)"}, {"Node Type": "Bitmap Heap Scan", "Parent Relationship": "Inner", "Relation Name": "movie_companies", "Alias": "mc", "Startup Cost": 4.32, "Total Cost": 59.25, "Plan Rows": 15, "Plan Width": 12, "Recheck Cond": "(company_id = cn.id)", "Plans": [{"Node Type": "Bitmap Index Scan", "Parent Relationship": "Outer", "Index Name": "company_id_movie_companies", "Startup Cost": 0.0, "Total Cost": 4.31, "Plan Rows": 15, "Plan Width": 0, "Index Cond": "(company_id = cn.id)"}]}]}, {"Node Type": "Bitmap Heap Scan", "Parent Relationship": "Inner", "Relation Name": "cast_info", "Alias": "ci", "Startup Cost": 0.51, "Total Cost": 4.61, "Plan Rows": 1, "Plan Width": 12, "Recheck Cond": "(movie_id = mc.movie_id)", "Filter": "(((note)::text ~~ '%(voice)%'::text) AND ((note)::text ~~ '%(uncredited)%'::text))", "Plans": [{"Node Type": "Bitmap Index Scan", "Parent Relationship": "Outer", "Index Name": "movie_id_cast_info", "Startup Cost": 0.0, "Total Cost": 0.51, "Plan Rows": 6, "Plan Width": 0, "Index Cond": "(movie_id = mc.movie_id)"}]}]}]}, {"Node Type": "Bitmap Heap Scan", "Parent Relationship": "Inner", "Relation Name": "char_name", "Alias": "chn", "Startup Cost": 2.3, "Total Cost": 6.31, "Plan Rows": 1, "Plan Width": 20, "Recheck Cond": "(id = ci.person_role_id)", "Plans": [{"Node Type": "Bitmap Index Scan", "Parent Relationship": "Outer", "Index Name": "char_name_pkey", "Startup Cost": 0.0, "Total Cost": 2.3, "Plan Rows": 1, "Plan Width": 0, "Index Cond": "(id = ci.person_role_id)"}]}]}, {"Node Type": "Bitmap Heap Scan", "Parent Relationship": "Inner", "Relation Name": "title", "Alias": "t", "Startup Cost": 0.27, "Total Cost": 4.29, "Plan Rows": 1, "Plan Width": 21, "Recheck Cond": "(id = mc.movie_id)", "Filter": "(production_year > 2005)", "Plans": [{"Node Type": "Bitmap Index Scan", "Parent Relationship": "Outer", "Index Name": "title_pkey", "Startup Cost": 0.0, "Total Cost": 0.27, "Plan Rows": 1, "Plan Width": 0, "Index Cond": "(id = mc.movie_id)"}]}]}]}]}]}, "Unique SQL Id": 2933943827, "Planner Runtime": 19}, "explain_analyze_plan": {"Plan": {"Node Type": "Aggregate", "Strategy": "Plain", "Startup Cost": 38342.48, "Total Cost": 38342.49, "Plan Rows": 1, "Plan Width": 97, "Actual Startup Time": 1267.969, "Actual Total Time": 1267.969, "Actual Rows": 1, "Actual Loops": 1, "Plans": [{"Node Type": "Nested Loop", "Parent Relationship": "Outer", "Join Type": "Inner", "Startup Cost": 7.4, "Total Cost": 38342.47, "Plan Rows": 2, "Plan Width": 33, "Actual Startup Time": 75.505, "Actual Total Time": 1267.898, "Actual Rows": 18, "Actual Loops": 1, "Inner Unique": false, "Join Filter": "(mc.company_type_id = ct.id)", "Rows Removed by Join Filter": 294, "Plans": [{"Node Type": "Seq Scan", "Parent Relationship": "Outer", "Relation Name": "company_type", "Alias": "ct", "Startup Cost": 0.0, "Total Cost": 1.03, "Plan Rows": 3, "Plan Width": 4, "Actual Startup Time": 0.013, "Actual Total Time": 0.016, "Actual Rows": 3, "Actual Loops": 1}, {"Node Type": "Materialize", "Parent Relationship": "Inner", "Startup Cost": 7.4, "Total Cost": 38341.35, "Plan Rows": 2, "Plan Width": 37, "Actual Startup Time": 15.278, "Actual Total Time": 1267.723, "Actual Rows": 312, "Actual Loops": 3, "Plans": [{"Node Type": "Nested Loop", "Parent Relationship": "Outer", "Join Type": "Inner", "Startup Cost": 7.4, "Total Cost": 38341.34, "Plan Rows": 2, "Plan Width": 37, "Actual Startup Time": 15.271, "Actual Total Time": 1267.569, "Actual Rows": 104, "Actual Loops": 1, "Inner Unique": true, "Plans": [{"Node Type": "Nested Loop", "Parent Relationship": "Outer", "Join Type": "Inner", "Startup Cost": 7.13, "Total Cost": 38328.45, "Plan Rows": 3, "Plan Width": 28, "Actual Startup Time": 1.113, "Actual Total Time": 1264.658, "Actual Rows": 265, "Actual Loops": 1, "Inner Unique": true, "Plans": [{"Node Type": "Nested Loop", "Parent Relationship": "Outer", "Join Type": "Inner", "Startup Cost": 4.83, "Total Cost": 38290.52, "Plan Rows": 6, "Plan Width": 16, "Actual Startup Time": 1.098, "Actual Total Time": 1261.302, "Actual Rows": 275, "Actual Loops": 1, "Inner Unique": false, "Join Filter": "(ci.role_id = rt.id)", "Rows Removed by Join Filter": 102, "Plans": [{"Node Type": "Seq Scan", "Parent Relationship": "Outer", "Relation Name": "role_type", "Alias": "rt", "Startup Cost": 0.0, "Total Cost": 1.15, "Plan Rows": 1, "Plan Width": 4, "Actual Startup Time": 0.018, "Actual Total Time": 0.025, "Actual Rows": 1, "Actual Loops": 1, "Filter": "((role)::text = 'actor'::text)", "Rows Removed by Filter": 11}, {"Node Type": "Nested Loop", "Parent Relationship": "Inner", "Join Type": "Inner", "Startup Cost": 4.83, "Total Cost": 38288.52, "Plan Rows": 68, "Plan Width": 20, "Actual Startup Time": 1.073, "Actual Total Time": 1261.057, "Actual Rows": 377, "Actual Loops": 1, "Inner Unique": false, "Plans": [{"Node Type": "Nested Loop", "Parent Relationship": "Outer", "Join Type": "Inner", "Startup Cost": 4.32, "Total Cost": 20813.55, "Plan Rows": 3779, "Plan Width": 8, "Actual Startup Time": 0.09, "Actual Total Time": 122.723, "Actual Rows": 8790, "Actual Loops": 1, "Inner Unique": false, "Plans": [{"Node Type": "Seq Scan", "Parent Relationship": "Outer", "Relation Name": "company_name", "Alias": "cn", "Startup Cost": 0.0, "Total Cost": 5903.45, "Plan Rows": 251, "Plan Width": 4, "Actual Startup Time": 0.045, "Actual Total Time": 85.602, "Actual Rows": 1361, "Actual Loops": 1, "Filter": "((country_code)::text = '[ru]'::text)", "Rows Removed by Filter": 233635}, {"Node Type": "Bitmap Heap Scan", "Parent Relationship": "Inner", "Relation Name": "movie_companies", "Alias": "mc", "Startup Cost": 4.32, "Total Cost": 59.25, "Plan Rows": 15, "Plan Width": 12, "Actual Startup Time": 15.128, "Actual Total Time": 32.564, "Actual Rows": 8790, "Actual Loops": 1361, "Recheck Cond": "(company_id = cn.id)", "Rows Removed by Index Recheck": 0, "Exact Heap Blocks": 7155, "Lossy Heap Blocks": 7155, "Plans": [{"Node Type": "Bitmap Index Scan", "Parent Relationship": "Outer", "Index Name": "company_id_movie_companies", "Startup Cost": 0.0, "Total Cost": 4.31, "Plan Rows": 15, "Plan Width": 0, "Actual Startup Time": 9.696, "Actual Total Time": 9.696, "Actual Rows": 8790, "Actual Loops": 1361, "Index Cond": "(company_id = cn.id)"}]}]}, {"Node Type": "Bitmap Heap Scan", "Parent Relationship": "Inner", "Relation Name": "cast_info", "Alias": "ci", "Startup Cost": 0.51, "Total Cost": 4.61, "Plan Rows": 1, "Plan Width": 12, "Actual Startup Time": 1062.4, "Actual Total Time": 1123.634, "Actual Rows": 377, "Actual Loops": 8790, "Recheck Cond": "(movie_id = mc.movie_id)", "Rows Removed by Index Recheck": 0, "Filter": "(((note)::text ~~ '%(voice)%'::text) AND ((note)::text ~~ '%(uncredited)%'::text))", "Rows Removed by Filter": 408168, "Exact Heap Blocks": 397651, "Lossy Heap Blocks": 397651, "Plans": [{"Node Type": "Bitmap Index Scan", "Parent Relationship": "Outer", "Index Name": "movie_id_cast_info", "Startup Cost": 0.0, "Total Cost": 0.51, "Plan Rows": 6, "Plan Width": 0, "Actual Startup Time": 138.568, "Actual Total Time": 138.568, "Actual Rows": 408545, "Actual Loops": 8790, "Index Cond": "(movie_id = mc.movie_id)"}]}]}]}, {"Node Type": "Bitmap Heap Scan", "Parent Relationship": "Inner", "Relation Name": "char_name", "Alias": "chn", "Startup Cost": 2.3, "Total Cost": 6.31, "Plan Rows": 1, "Plan Width": 20, "Actual Startup Time": 2.698, "Actual Total Time": 2.698, "Actual Rows": 265, "Actual Loops": 275, "Recheck Cond": "(id = ci.person_role_id)", "Rows Removed by Index Recheck": 0, "Exact Heap Blocks": 265, "Lossy Heap Blocks": 265, "Plans": [{"Node Type": "Bitmap Index Scan", "Parent Relationship": "Outer", "Index Name": "char_name_pkey", "Startup Cost": 0.0, "Total Cost": 2.3, "Plan Rows": 1, "Plan Width": 0, "Actual Startup Time": 1.832, "Actual Total Time": 1.832, "Actual Rows": 265, "Actual Loops": 275, "Index Cond": "(id = ci.person_role_id)"}]}]}, {"Node Type": "Bitmap Heap Scan", "Parent Relationship": "Inner", "Relation Name": "title", "Alias": "t", "Startup Cost": 0.27, "Total Cost": 4.29, "Plan Rows": 1, "Plan Width": 21, "Actual Startup Time": 2.399, "Actual Total Time": 2.399, "Actual Rows": 104, "Actual Loops": 265, "Recheck Cond": "(id = mc.movie_id)", "Rows Removed by Index Recheck": 0, "Filter": "(production_year > 2005)", "Rows Removed by Filter": 161, "Exact Heap Blocks": 265, "Lossy Heap Blocks": 265, "Plans": [{"Node Type": "Bitmap Index Scan", "Parent Relationship": "Outer", "Index Name": "title_pkey", "Startup Cost": 0.0, "Total Cost": 0.27, "Plan Rows": 1, "Plan Width": 0, "Actual Startup Time": 1.54, "Actual Total Time": 1.54, "Actual Rows": 265, "Actual Loops": 265, "Index Cond": "(id = mc.movie_id)"}]}]}]}]}]}, "Triggers": [], "Planner Runtime": 18, "Total Runtime": 1268.406, "Unique SQL Id": 2933943827}}, "(16, 51)": {"explain_plan": {"Plan": {"Node Type": "Aggregate", "Strategy": "Plain", "Startup Cost": 41418.46, "Total Cost": 41418.47, "Plan Rows": 1, "Plan Width": 97, "Plans": [{"Node Type": "Nested Loop", "Parent Relationship": "Outer", "Join Type": "Inner", "Startup Cost": 2787.21, "Total Cost": 41418.45, "Plan Rows": 2, "Plan Width": 33, "Inner Unique": true, "Plans": [{"Node Type": "Nested Loop", "Parent Relationship": "Outer", "Join Type": "Inner", "Startup Cost": 2786.95, "Total Cost": 41409.89, "Plan Rows": 2, "Plan Width": 37, "Inner Unique": true, "Plans": [{"Node Type": "Nested Loop", "Parent Relationship": "Outer", "Join Type": "Inner", "Startup Cost": 2786.68, "Total Cost": 41397.0, "Plan Rows": 3, "Plan Width": 28, "Inner Unique": true, "Plans": [{"Node Type": "Nested Loop", "Parent Relationship": "Outer", "Join Type": "Inner", "Startup Cost": 2784.38, "Total Cost": 41359.07, "Plan Rows": 6, "Plan Width": 16, "Inner Unique": true, "Plans": [{"Node Type": "Nested Loop", "Parent Relationship": "Outer", "Join Type": "Inner", "Startup Cost": 2784.12, "Total Cost": 41067.82, "Plan Rows": 68, "Plan Width": 20, "Inner Unique": false, "Plans": [{"Node Type": "Nested Loop", "Parent Relationship": "Outer", "Join Type": "Inner", "Startup Cost": 2783.61, "Total Cost": 23592.84, "Plan Rows": 3779, "Plan Width": 8, "Inner Unique": false, "Plans": [{"Node Type": "Bitmap Heap Scan", "Parent Relationship": "Outer", "Relation Name": "company_name", "Alias": "cn", "Startup Cost": 2779.29, "Total Cost": 8682.74, "Plan Rows": 251, "Plan Width": 4, "Filter": "((country_code)::text = '[ru]'::text)", "Plans": [{"Node Type": "Bitmap Index Scan", "Parent Relationship": "Outer", "Index Name": "company_name_pkey", "Startup Cost": 0.0, "Total Cost": 2779.23, "Plan Rows": 234996, "Plan Width": 0}]}, {"Node Type": "Bitmap Heap Scan", "Parent Relationship": "Inner", "Relation Name": "movie_companies", "Alias": "mc", "Startup Cost": 4.32, "Total Cost": 59.25, "Plan Rows": 15, "Plan Width": 12, "Recheck Cond": "(company_id = cn.id)", "Plans": [{"Node Type": "Bitmap Index Scan", "Parent Relationship": "Outer", "Index Name": "company_id_movie_companies", "Startup Cost": 0.0, "Total Cost": 4.31, "Plan Rows": 15, "Plan Width": 0, "Index Cond": "(company_id = cn.id)"}]}]}, {"Node Type": "Bitmap Heap Scan", "Parent Relationship": "Inner", "Relation Name": "cast_info", "Alias": "ci", "Startup Cost": 0.51, "Total Cost": 4.61, "Plan Rows": 1, "Plan Width": 12, "Recheck Cond": "(movie_id = mc.movie_id)", "Filter": "(((note)::text ~~ '%(voice)%'::text) AND ((note)::text ~~ '%(uncredited)%'::text))", "Plans": [{"Node Type": "Bitmap Index Scan", "Parent Relationship": "Outer", "Index Name": "movie_id_cast_info", "Startup Cost": 0.0, "Total Cost": 0.51, "Plan Rows": 6, "Plan Width": 0, "Index Cond": "(movie_id = mc.movie_id)"}]}]}, {"Node Type": "Bitmap Heap Scan", "Parent Relationship": "Inner", "Relation Name": "role_type", "Alias": "rt", "Startup Cost": 0.26, "Total Cost": 4.27, "Plan Rows": 1, "Plan Width": 4, "Recheck Cond": "(id = ci.role_id)", "Filter": "((role)::text = 'actor'::text)", "Plans": [{"Node Type": "Bitmap Index Scan", "Parent Relationship": "Outer", "Index Name": "role_type_pkey", "Startup Cost": 0.0, "Total Cost": 0.26, "Plan Rows": 1, "Plan Width": 0, "Index Cond": "(id = ci.role_id)"}]}]}, {"Node Type": "Bitmap Heap Scan", "Parent Relationship": "Inner", "Relation Name": "char_name", "Alias": "chn", "Startup Cost": 2.3, "Total Cost": 6.31, "Plan Rows": 1, "Plan Width": 20, "Recheck Cond": "(id = ci.person_role_id)", "Plans": [{"Node Type": "Bitmap Index Scan", "Parent Relationship": "Outer", "Index Name": "char_name_pkey", "Startup Cost": 0.0, "Total Cost": 2.3, "Plan Rows": 1, "Plan Width": 0, "Index Cond": "(id = ci.person_role_id)"}]}]}, {"Node Type": "Bitmap Heap Scan", "Parent Relationship": "Inner", "Relation Name": "title", "Alias": "t", "Startup Cost": 0.27, "Total Cost": 4.29, "Plan Rows": 1, "Plan Width": 21, "Recheck Cond": "(id = mc.movie_id)", "Filter": "(production_year > 2005)", "Plans": [{"Node Type": "Bitmap Index Scan", "Parent Relationship": "Outer", "Index Name": "title_pkey", "Startup Cost": 0.0, "Total Cost": 0.27, "Plan Rows": 1, "Plan Width": 0, "Index Cond": "(id = mc.movie_id)"}]}]}, {"Node Type": "Bitmap Heap Scan", "Parent Relationship": "Inner", "Relation Name": "company_type", "Alias": "ct", "Startup Cost": 0.26, "Total Cost": 4.27, "Plan Rows": 1, "Plan Width": 4, "Recheck Cond": "(id = mc.company_type_id)", "Plans": [{"Node Type": "Bitmap Index Scan", "Parent Relationship": "Outer", "Index Name": "company_type_pkey", "Startup Cost": 0.0, "Total Cost": 0.26, "Plan Rows": 1, "Plan Width": 0, "Index Cond": "(id = mc.company_type_id)"}]}]}]}, "Unique SQL Id": 2933943827, "Planner Runtime": 6}, "explain_analyze_plan": {"Plan": {"Node Type": "Aggregate", "Strategy": "Plain", "Startup Cost": 41418.46, "Total Cost": 41418.47, "Plan Rows": 1, "Plan Width": 97, "Actual Startup Time": 1197.675, "Actual Total Time": 1197.675, "Actual Rows": 1, "Actual Loops": 1, "Plans": [{"Node Type": "Nested Loop", "Parent Relationship": "Outer", "Join Type": "Inner", "Startup Cost": 2787.21, "Total Cost": 41418.45, "Plan Rows": 2, "Plan Width": 33, "Actual Startup Time": 99.205, "Actual Total Time": 1197.571, "Actual Rows": 18, "Actual Loops": 1, "Inner Unique": true, "Plans": [{"Node Type": "Nested Loop", "Parent Relationship": "Outer", "Join Type": "Inner", "Startup Cost": 2786.95, "Total Cost": 41409.89, "Plan Rows": 2, "Plan Width": 37, "Actual Startup Time": 42.334, "Actual Total Time": 1197.028, "Actual Rows": 104, "Actual Loops": 1, "Inner Unique": true, "Plans": [{"Node Type": "Nested Loop", "Parent Relationship": "Outer", "Join Type": "Inner", "Startup Cost": 2786.68, "Total Cost": 41397.0, "Plan Rows": 3, "Plan Width": 28, "Actual Startup Time": 27.449, "Actual Total Time": 1194.263, "Actual Rows": 265, "Actual Loops": 1, "Inner Unique": true, "Plans": [{"Node Type": "Nested Loop", "Parent Relationship": "Outer", "Join Type": "Inner", "Startup Cost": 2784.38, "Total Cost": 41359.07, "Plan Rows": 6, "Plan Width": 16, "Actual Startup Time": 27.428, "Actual Total Time": 1191.216, "Actual Rows": 275, "Actual Loops": 1, "Inner Unique": true, "Plans": [{"Node Type": "Nested Loop", "Parent Relationship": "Outer", "Join Type": "Inner", "Startup Cost": 2784.12, "Total Cost": 41067.82, "Plan Rows": 68, "Plan Width": 20, "Actual Startup Time": 27.408, "Actual Total Time": 1188.638, "Actual Rows": 377, "Actual Loops": 1, "Inner Unique": false, "Plans": [{"Node Type": "Nested Loop", "Parent Relationship": "Outer", "Join Type": "Inner", "Startup Cost": 2783.61, "Total Cost": 23592.84, "Plan Rows": 3779, "Plan Width": 8, "Actual Startup Time": 26.16, "Actual Total Time": 182.006, "Actual Rows": 8790, "Actual Loops": 1, "Inner Unique": false, "Plans": [{"Node Type": "Bitmap Heap Scan", "Parent Relationship": "Outer", "Relation Name": "company_name", "Alias": "cn", "Startup Cost": 2779.29, "Total Cost": 8682.74, "Plan Rows": 251, "Plan Width": 4, "Actual Startup Time": 26.111, "Actual Total Time": 148.164, "Actual Rows": 1361, "Actual Loops": 1, "Filter": "((country_code)::text = '[ru]'::text)", "Rows Removed by Filter": 233635, "Exact Heap Blocks": 2966, "Lossy Heap Blocks": 2966, "Plans": [{"Node Type": "Bitmap Index Scan", "Parent Relationship": "Outer", "Index Name": "company_name_pkey", "Startup Cost": 0.0, "Total Cost": 2779.23, "Plan Rows": 234996, "Plan Width": 0, "Actual Startup Time": 25.617, "Actual Total Time": 25.617, "Actual Rows": 234996, "Actual Loops": 1}]}, {"Node Type": "Bitmap Heap Scan", "Parent Relationship": "Inner", "Relation Name": "movie_companies", "Alias": "mc", "Startup Cost": 4.32, "Total Cost": 59.25, "Plan Rows": 15, "Plan Width": 12, "Actual Startup Time": 14.449, "Actual Total Time": 29.008, "Actual Rows": 8790, "Actual Loops": 1361, "Recheck Cond": "(company_id = cn.id)", "Rows Removed by Index Recheck": 0, "Exact Heap Blocks": 7155, "Lossy Heap Blocks": 7155, "Plans": [{"Node Type": "Bitmap Index Scan", "Parent Relationship": "Outer", "Index Name": "company_id_movie_companies", "Startup Cost": 0.0, "Total Cost": 4.31, "Plan Rows": 15, "Plan Width": 0, "Actual Startup Time": 9.127, "Actual Total Time": 9.127, "Actual Rows": 8790, "Actual Loops": 1361, "Index Cond": "(company_id = cn.id)"}]}]}, {"Node Type": "Bitmap Heap Scan", "Parent Relationship": "Inner", "Relation Name": "cast_info", "Alias": "ci", "Startup Cost": 0.51, "Total Cost": 4.61, "Plan Rows": 1, "Plan Width": 12, "Actual Startup Time": 938.519, "Actual Total Time": 990.4, "Actual Rows": 377, "Actual Loops": 8790, "Recheck Cond": "(movie_id = mc.movie_id)", "Rows Removed by Index Recheck": 0, "Filter": "(((note)::text ~~ '%(voice)%'::text) AND ((note)::text ~~ '%(uncredited)%'::text))", "Rows Removed by Filter": 408168, "Exact Heap Blocks": 397651, "Lossy Heap Blocks": 397651, "Plans": [{"Node Type": "Bitmap Index Scan", "Parent Relationship": "Outer", "Index Name": "movie_id_cast_info", "Startup Cost": 0.0, "Total Cost": 0.51, "Plan Rows": 6, "Plan Width": 0, "Actual Startup Time": 127.518, "Actual Total Time": 127.518, "Actual Rows": 408545, "Actual Loops": 8790, "Index Cond": "(movie_id = mc.movie_id)"}]}]}, {"Node Type": "Bitmap Heap Scan", "Parent Relationship": "Inner", "Relation Name": "role_type", "Alias": "rt", "Startup Cost": 0.26, "Total Cost": 4.27, "Plan Rows": 1, "Plan Width": 4, "Actual Startup Time": 1.696, "Actual Total Time": 1.696, "Actual Rows": 275, "Actual Loops": 377, "Recheck Cond": "(id = ci.role_id)", "Rows Removed by Index Recheck": 0, "Filter": "((role)::text = 'actor'::text)", "Rows Removed by Filter": 102, "Exact Heap Blocks": 377, "Lossy Heap Blocks": 377, "Plans": [{"Node Type": "Bitmap Index Scan", "Parent Relationship": "Outer", "Index Name": "role_type_pkey", "Startup Cost": 0.0, "Total Cost": 0.26, "Plan Rows": 1, "Plan Width": 0, "Actual Startup Time": 0.653, "Actual Total Time": 0.653, "Actual Rows": 377, "Actual Loops": 377, "Index Cond": "(id = ci.role_id)"}]}]}, {"Node Type": "Bitmap Heap Scan", "Parent Relationship": "Inner", "Relation Name": "char_name", "Alias": "chn", "Startup Cost": 2.3, "Total Cost": 6.31, "Plan Rows": 1, "Plan Width": 20, "Actual Startup Time": 2.327, "Actual Total Time": 2.327, "Actual Rows": 265, "Actual Loops": 275, "Recheck Cond": "(id = ci.person_role_id)", "Rows Removed by Index Recheck": 0, "Exact Heap Blocks": 265, "Lossy Heap Blocks": 265, "Plans": [{"Node Type": "Bitmap Index Scan", "Parent Relationship": "Outer", "Index Name": "char_name_pkey", "Startup Cost": 0.0, "Total Cost": 2.3, "Plan Rows": 1, "Plan Width": 0, "Actual Startup Time": 1.574, "Actual Total Time": 1.574, "Actual Rows": 265, "Actual Loops": 275, "Index Cond": "(id = ci.person_role_id)"}]}]}, {"Node Type": "Bitmap Heap Scan", "Parent Relationship": "Inner", "Relation Name": "title", "Alias": "t", "Startup Cost": 0.27, "Total Cost": 4.29, "Plan Rows": 1, "Plan Width": 21, "Actual Startup Time": 2.169, "Actual Total Time": 2.169, "Actual Rows": 104, "Actual Loops": 265, "Recheck Cond": "(id = mc.movie_id)", "Rows Removed by Index Recheck": 0, "Filter": "(production_year > 2005)", "Rows Removed by Filter": 161, "Exact Heap Blocks": 265, "Lossy Heap Blocks": 265, "Plans": [{"Node Type": "Bitmap Index Scan", "Parent Relationship": "Outer", "Index Name": "title_pkey", "Startup Cost": 0.0, "Total Cost": 0.27, "Plan Rows": 1, "Plan Width": 0, "Actual Startup Time": 1.333, "Actual Total Time": 1.333, "Actual Rows": 265, "Actual Loops": 265, "Index Cond": "(id = mc.movie_id)"}]}]}, {"Node Type": "Bitmap Heap Scan", "Parent Relationship": "Inner", "Relation Name": "company_type", "Alias": "ct", "Startup Cost": 0.26, "Total Cost": 4.27, "Plan Rows": 1, "Plan Width": 4, "Actual Startup Time": 0.281, "Actual Total Time": 0.281, "Actual Rows": 18, "Actual Loops": 104, "Recheck Cond": "(id = mc.company_type_id)", "Rows Removed by Index Recheck": 0, "Exact Heap Blocks": 18, "Lossy Heap Blocks": 18, "Plans": [{"Node Type": "Bitmap Index Scan", "Parent Relationship": "Outer", "Index Name": "company_type_pkey", "Startup Cost": 0.0, "Total Cost": 0.26, "Plan Rows": 1, "Plan Width": 0, "Actual Startup Time": 0.155, "Actual Total Time": 0.155, "Actual Rows": 18, "Actual Loops": 104, "Index Cond": "(id = mc.company_type_id)"}]}]}]}, "Triggers": [], "Planner Runtime": 6, "Total Runtime": 1198.112, "Unique SQL Id": 2933943827}}, "(16, 52)": {"explain_plan": {"Plan": {"Node Type": "Aggregate", "Strategy": "Plain", "Startup Cost": 19897.43, "Total Cost": 19897.44, "Plan Rows": 1, "Plan Width": 97, "Plans": [{"Node Type": "Nested Loop", "Parent Relationship": "Outer", "Join Type": "Inner", "Startup Cost": 0.0, "Total Cost": 19897.42, "Plan Rows": 2, "Plan Width": 33, "Inner Unique": true, "Plans": [{"Node Type": "Nested Loop", "Parent Relationship": "Outer", "Join Type": "Inner", "Startup Cost": 0.0, "Total Cost": 19896.86, "Plan Rows": 2, "Plan Width": 37, "Inner Unique": true, "Plans": [{"Node Type": "Nested Loop", "Parent Relationship": "Outer", "Join Type": "Inner", "Startup Cost": 0.0, "Total Cost": 19869.97, "Plan Rows": 5, "Plan Width": 25, "Inner Unique": true, "Plans": [{"Node Type": "Nested Loop", "Parent Relationship": "Outer", "Join Type": "Inner", "Startup Cost": 0.0, "Total Cost": 19867.87, "Plan Rows": 6, "Plan Width": 16, "Inner Unique": false, "Join Filter": "(ci.role_id = rt.id)", "Plans": [{"Node Type": "Seq Scan", "Parent Relationship": "Outer", "Relation Name": "role_type", "Alias": "rt", "Startup Cost": 0.0, "Total Cost": 1.15, "Plan Rows": 1, "Plan Width": 4, "Filter": "((role)::text = 'actor'::text)"}, {"Node Type": "Nested Loop", "Parent Relationship": "Inner", "Join Type": "Inner", "Startup Cost": 0.0, "Total Cost": 19865.87, "Plan Rows": 68, "Plan Width": 20, "Inner Unique": false, "Plans": [{"Node Type": "Nested Loop", "Parent Relationship": "Outer", "Join Type": "Inner", "Startup Cost": 0.0, "Total Cost": 16121.55, "Plan Rows": 3779, "Plan Width": 8, "Inner Unique": false, "Plans": [{"Node Type": "Seq Scan", "Parent Relationship": "Outer", "Relation Name": "company_name", "Alias": "cn", "Startup Cost": 0.0, "Total Cost": 5903.45, "Plan Rows": 251, "Plan Width": 4, "Filter": "((country_code)::text = '[ru]'::text)"}, {"Node Type": "Index Scan", "Parent Relationship": "Inner", "Scan Direction": "Forward", "Index Name": "company_id_movie_companies", "Relation Name": "movie_companies", "Alias": "mc", "Startup Cost": 0.0, "Total Cost": 40.56, "Plan Rows": 15, "Plan Width": 12, "Index Cond": "(company_id = cn.id)"}]}, {"Node Type": "Index Scan", "Parent Relationship": "Inner", "Scan Direction": "Forward", "Index Name": "movie_id_cast_info", "Relation Name": "cast_info", "Alias": "ci", "Startup Cost": 0.0, "Total Cost": 0.98, "Plan Rows": 1, "Plan Width": 12, "Index Cond": "(movie_id = mc.movie_id)", "Filter": "(((note)::text ~~ '%(voice)%'::text) AND ((note)::text ~~ '%(uncredited)%'::text))"}]}]}, {"Node Type": "Index Scan", "Parent Relationship": "Inner", "Scan Direction": "Forward", "Index Name": "title_pkey", "Relation Name": "title", "Alias": "t", "Startup Cost": 0.0, "Total Cost": 0.34, "Plan Rows": 1, "Plan Width": 21, "Index Cond": "(id = mc.movie_id)", "Filter": "(production_year > 2005)"}]}, {"Node Type": "Index Scan", "Parent Relationship": "Inner", "Scan Direction": "Forward", "Index Name": "char_name_pkey", "Relation Name": "char_name", "Alias": "chn", "Startup Cost": 0.0, "Total Cost": 5.37, "Plan Rows": 1, "Plan Width": 20, "Index Cond": "(id = ci.person_role_id)"}]}, {"Node Type": "Index Scan", "Parent Relationship": "Inner", "Scan Direction": "Forward", "Index Name": "company_type_pkey", "Relation Name": "company_type", "Alias": "ct", "Startup Cost": 0.0, "Total Cost": 0.27, "Plan Rows": 1, "Plan Width": 4, "Index Cond": "(id = mc.company_type_id)"}]}]}, "Unique SQL Id": 2933943827, "Planner Runtime": 7}, "explain_analyze_plan": {"Plan": {"Node Type": "Aggregate", "Strategy": "Plain", "Startup Cost": 19897.43, "Total Cost": 19897.44, "Plan Rows": 1, "Plan Width": 97, "Actual Startup Time": 1044.453, "Actual Total Time": 1044.453, "Actual Rows": 1, "Actual Loops": 1, "Plans": [{"Node Type": "Nested Loop", "Parent Relationship": "Outer", "Join Type": "Inner", "Startup Cost": 0.0, "Total Cost": 19897.42, "Plan Rows": 2, "Plan Width": 33, "Actual Startup Time": 61.95, "Actual Total Time": 1044.352, "Actual Rows": 18, "Actual Loops": 1, "Inner Unique": true, "Plans": [{"Node Type": "Nested Loop", "Parent Relationship": "Outer", "Join Type": "Inner", "Startup Cost": 0.0, "Total Cost": 19896.86, "Plan Rows": 2, "Plan Width": 37, "Actual Startup Time": 12.333, "Actual Total Time": 1044.034, "Actual Rows": 104, "Actual Loops": 1, "Inner Unique": true, "Plans": [{"Node Type": "Nested Loop", "Parent Relationship": "Outer", "Join Type": "Inner", "Startup Cost": 0.0, "Total Cost": 19869.97, "Plan Rows": 5, "Plan Width": 25, "Actual Startup Time": 12.321, "Actual Total Time": 1042.856, "Actual Rows": 112, "Actual Loops": 1, "Inner Unique": true, "Plans": [{"Node Type": "Nested Loop", "Parent Relationship": "Outer", "Join Type": "Inner", "Startup Cost": 0.0, "Total Cost": 19867.87, "Plan Rows": 6, "Plan Width": 16, "Actual Startup Time": 0.86, "Actual Total Time": 1040.304, "Actual Rows": 275, "Actual Loops": 1, "Inner Unique": false, "Join Filter": "(ci.role_id = rt.id)", "Rows Removed by Join Filter": 102, "Plans": [{"Node Type": "Seq Scan", "Parent Relationship": "Outer", "Relation Name": "role_type", "Alias": "rt", "Startup Cost": 0.0, "Total Cost": 1.15, "Plan Rows": 1, "Plan Width": 4, "Actual Startup Time": 0.016, "Actual Total Time": 0.025, "Actual Rows": 1, "Actual Loops": 1, "Filter": "((role)::text = 'actor'::text)", "Rows Removed by Filter": 11}, {"Node Type": "Nested Loop", "Parent Relationship": "Inner", "Join Type": "Inner", "Startup Cost": 0.0, "Total Cost": 19865.87, "Plan Rows": 68, "Plan Width": 20, "Actual Startup Time": 0.837, "Actual Total Time": 1040.014, "Actual Rows": 377, "Actual Loops": 1, "Inner Unique": false, "Plans": [{"Node Type": "Nested Loop", "Parent Relationship": "Outer", "Join Type": "Inner", "Startup Cost": 0.0, "Total Cost": 16121.55, "Plan Rows": 3779, "Plan Width": 8, "Actual Startup Time": 0.057, "Actual Total Time": 114.57, "Actual Rows": 8790, "Actual Loops": 1, "Inner Unique": false, "Plans": [{"Node Type": "Seq Scan", "Parent Relationship": "Outer", "Relation Name": "company_name", "Alias": "cn", "Startup Cost": 0.0, "Total Cost": 5903.45, "Plan Rows": 251, "Plan Width": 4, "Actual Startup Time": 0.036, "Actual Total Time": 85.328, "Actual Rows": 1361, "Actual Loops": 1, "Filter": "((country_code)::text = '[ru]'::text)", "Rows Removed by Filter": 233635}, {"Node Type": "Index Scan", "Parent Relationship": "Inner", "Scan Direction": "Forward", "Index Name": "company_id_movie_companies", "Relation Name": "movie_companies", "Alias": "mc", "Startup Cost": 0.0, "Total Cost": 40.56, "Plan Rows": 15, "Plan Width": 12, "Actual Startup Time": 10.803, "Actual Total Time": 26.091, "Actual Rows": 8790, "Actual Loops": 1361, "Index Cond": "(company_id = cn.id)", "Rows Removed by Index Recheck": 0}]}, {"Node Type": "Index Scan", "Parent Relationship": "Inner", "Scan Direction": "Forward", "Index Name": "movie_id_cast_info", "Relation Name": "cast_info", "Alias": "ci", "Startup Cost": 0.0, "Total Cost": 0.98, "Plan Rows": 1, "Plan Width": 12, "Actual Startup Time": 865.63, "Actual Total Time": 920.19, "Actual Rows": 377, "Actual Loops": 8790, "Index Cond": "(movie_id = mc.movie_id)", "Rows Removed by Index Recheck": 0, "Filter": "(((note)::text ~~ '%(voice)%'::text) AND ((note)::text ~~ '%(uncredited)%'::text))", "Rows Removed by Filter": 408168}]}]}, {"Node Type": "Index Scan", "Parent Relationship": "Inner", "Scan Direction": "Forward", "Index Name": "title_pkey", "Relation Name": "title", "Alias": "t", "Startup Cost": 0.0, "Total Cost": 0.34, "Plan Rows": 1, "Plan Width": 21, "Actual Startup Time": 2.175, "Actual Total Time": 2.175, "Actual Rows": 112, "Actual Loops": 275, "Index Cond": "(id = mc.movie_id)", "Rows Removed by Index Recheck": 0, "Filter": "(production_year > 2005)", "Rows Removed by Filter": 163}]}, {"Node Type": "Index Scan", "Parent Relationship": "Inner", "Scan Direction": "Forward", "Index Name": "char_name_pkey", "Relation Name": "char_name", "Alias": "chn", "Startup Cost": 0.0, "Total Cost": 5.37, "Plan Rows": 1, "Plan Width": 20, "Actual Startup Time": 0.95, "Actual Total Time": 0.95, "Actual Rows": 104, "Actual Loops": 112, "Index Cond": "(id = ci.person_role_id)", "Rows Removed by Index Recheck": 0}]}, {"Node Type": "Index Scan", "Parent Relationship": "Inner", "Scan Direction": "Forward", "Index Name": "company_type_pkey", "Relation Name": "company_type", "Alias": "ct", "Startup Cost": 0.0, "Total Cost": 0.27, "Plan Rows": 1, "Plan Width": 4, "Actual Startup Time": 0.173, "Actual Total Time": 0.173, "Actual Rows": 18, "Actual Loops": 104, "Index Cond": "(id = mc.company_type_id)", "Rows Removed by Index Recheck": 0}]}]}, "Triggers": [], "Planner Runtime": 6, "Total Runtime": 1044.846, "Unique SQL Id": 2933943827}}, "(16, 53)": {"explain_plan": {"Plan": {"Node Type": "Aggregate", "Strategy": "Plain", "Startup Cost": 22688.03, "Total Cost": 22688.04, "Plan Rows": 1, "Plan Width": 97, "Plans": [{"Node Type": "Nested Loop", "Parent Relationship": "Outer", "Join Type": "Inner", "Startup Cost": 2779.29, "Total Cost": 22688.02, "Plan Rows": 2, "Plan Width": 33, "Inner Unique": true, "Plans": [{"Node Type": "Nested Loop", "Parent Relationship": "Outer", "Join Type": "Inner", "Startup Cost": 2779.29, "Total Cost": 22687.46, "Plan Rows": 2, "Plan Width": 37, "Inner Unique": true, "Plans": [{"Node Type": "Nested Loop", "Parent Relationship": "Outer", "Join Type": "Inner", "Startup Cost": 2779.29, "Total Cost": 22660.57, "Plan Rows": 5, "Plan Width": 25, "Inner Unique": true, "Plans": [{"Node Type": "Nested Loop", "Parent Relationship": "Outer", "Join Type": "Inner", "Startup Cost": 2779.29, "Total Cost": 22658.47, "Plan Rows": 6, "Plan Width": 16, "Inner Unique": false, "Join Filter": "(ci.role_id = rt.id)", "Plans": [{"Node Type": "Index Scan", "Parent Relationship": "Outer", "Scan Direction": "Forward", "Index Name": "role_type_pkey", "Relation Name": "role_type", "Alias": "rt", "Startup Cost": 0.0, "Total Cost": 12.46, "Plan Rows": 1, "Plan Width": 4, "Filter": "((role)::text = 'actor'::text)"}, {"Node Type": "Nested Loop", "Parent Relationship": "Inner", "Join Type": "Inner", "Startup Cost": 2779.29, "Total Cost": 22645.16, "Plan Rows": 68, "Plan Width": 20, "Inner Unique": false, "Plans": [{"Node Type": "Nested Loop", "Parent Relationship": "Outer", "Join Type": "Inner", "Startup Cost": 2779.29, "Total Cost": 18900.84, "Plan Rows": 3779, "Plan Width": 8, "Inner Unique": false, "Plans": [{"Node Type": "Bitmap Heap Scan", "Parent Relationship": "Outer", "Relation Name": "company_name", "Alias": "cn", "Startup Cost": 2779.29, "Total Cost": 8682.74, "Plan Rows": 251, "Plan Width": 4, "Filter": "((country_code)::text = '[ru]'::text)", "Plans": [{"Node Type": "Bitmap Index Scan", "Parent Relationship": "Outer", "Index Name": "company_name_pkey", "Startup Cost": 0.0, "Total Cost": 2779.23, "Plan Rows": 234996, "Plan Width": 0}]}, {"Node Type": "Index Scan", "Parent Relationship": "Inner", "Scan Direction": "Forward", "Index Name": "company_id_movie_companies", "Relation Name": "movie_companies", "Alias": "mc", "Startup Cost": 0.0, "Total Cost": 40.56, "Plan Rows": 15, "Plan Width": 12, "Index Cond": "(company_id = cn.id)"}]}, {"Node Type": "Index Scan", "Parent Relationship": "Inner", "Scan Direction": "Forward", "Index Name": "movie_id_cast_info", "Relation Name": "cast_info", "Alias": "ci", "Startup Cost": 0.0, "Total Cost": 0.98, "Plan Rows": 1, "Plan Width": 12, "Index Cond": "(movie_id = mc.movie_id)", "Filter": "(((note)::text ~~ '%(voice)%'::text) AND ((note)::text ~~ '%(uncredited)%'::text))"}]}]}, {"Node Type": "Index Scan", "Parent Relationship": "Inner", "Scan Direction": "Forward", "Index Name": "title_pkey", "Relation Name": "title", "Alias": "t", "Startup Cost": 0.0, "Total Cost": 0.34, "Plan Rows": 1, "Plan Width": 21, "Index Cond": "(id = mc.movie_id)", "Filter": "(production_year > 2005)"}]}, {"Node Type": "Index Scan", "Parent Relationship": "Inner", "Scan Direction": "Forward", "Index Name": "char_name_pkey", "Relation Name": "char_name", "Alias": "chn", "Startup Cost": 0.0, "Total Cost": 5.37, "Plan Rows": 1, "Plan Width": 20, "Index Cond": "(id = ci.person_role_id)"}]}, {"Node Type": "Index Scan", "Parent Relationship": "Inner", "Scan Direction": "Forward", "Index Name": "company_type_pkey", "Relation Name": "company_type", "Alias": "ct", "Startup Cost": 0.0, "Total Cost": 0.27, "Plan Rows": 1, "Plan Width": 4, "Index Cond": "(id = mc.company_type_id)"}]}]}, "Unique SQL Id": 2933943827, "Planner Runtime": 7}, "explain_analyze_plan": {"Plan": {"Node Type": "Aggregate", "Strategy": "Plain", "Startup Cost": 22688.03, "Total Cost": 22688.04, "Plan Rows": 1, "Plan Width": 97, "Actual Startup Time": 1023.647, "Actual Total Time": 1023.647, "Actual Rows": 1, "Actual Loops": 1, "Plans": [{"Node Type": "Nested Loop", "Parent Relationship": "Outer", "Join Type": "Inner", "Startup Cost": 2779.29, "Total Cost": 22688.02, "Plan Rows": 2, "Plan Width": 33, "Actual Startup Time": 89.034, "Actual Total Time": 1023.564, "Actual Rows": 18, "Actual Loops": 1, "Inner Unique": true, "Plans": [{"Node Type": "Nested Loop", "Parent Relationship": "Outer", "Join Type": "Inner", "Startup Cost": 2779.29, "Total Cost": 22687.46, "Plan Rows": 2, "Plan Width": 37, "Actual Startup Time": 38.612, "Actual Total Time": 1023.266, "Actual Rows": 104, "Actual Loops": 1, "Inner Unique": true, "Plans": [{"Node Type": "Nested Loop", "Parent Relationship": "Outer", "Join Type": "Inner", "Startup Cost": 2779.29, "Total Cost": 22660.57, "Plan Rows": 5, "Plan Width": 25, "Actual Startup Time": 38.596, "Actual Total Time": 1022.136, "Actual Rows": 112, "Actual Loops": 1, "Inner Unique": true, "Plans": [{"Node Type": "Nested Loop", "Parent Relationship": "Outer", "Join Type": "Inner", "Startup Cost": 2779.29, "Total Cost": 22658.47, "Plan Rows": 6, "Plan Width": 16, "Actual Startup Time": 26.784, "Actual Total Time": 1019.652, "Actual Rows": 275, "Actual Loops": 1, "Inner Unique": false, "Join Filter": "(ci.role_id = rt.id)", "Rows Removed by Join Filter": 102, "Plans": [{"Node Type": "Index Scan", "Parent Relationship": "Outer", "Scan Direction": "Forward", "Index Name": "role_type_pkey", "Relation Name": "role_type", "Alias": "rt", "Startup Cost": 0.0, "Total Cost": 12.46, "Plan Rows": 1, "Plan Width": 4, "Actual Startup Time": 0.017, "Actual Total Time": 0.027, "Actual Rows": 1, "Actual Loops": 1, "Filter": "((role)::text = 'actor'::text)", "Rows Removed by Filter": 11}, {"Node Type": "Nested Loop", "Parent Relationship": "Inner", "Join Type": "Inner", "Startup Cost": 2779.29, "Total Cost": 22645.16, "Plan Rows": 68, "Plan Width": 20, "Actual Startup Time": 26.759, "Actual Total Time": 1019.379, "Actual Rows": 377, "Actual Loops": 1, "Inner Unique": false, "Plans": [{"Node Type": "Nested Loop", "Parent Relationship": "Outer", "Join Type": "Inner", "Startup Cost": 2779.29, "Total Cost": 18900.84, "Plan Rows": 3779, "Plan Width": 8, "Actual Startup Time": 25.822, "Actual Total Time": 159.973, "Actual Rows": 8790, "Actual Loops": 1, "Inner Unique": false, "Plans": [{"Node Type": "Bitmap Heap Scan", "Parent Relationship": "Outer", "Relation Name": "company_name", "Alias": "cn", "Startup Cost": 2779.29, "Total Cost": 8682.74, "Plan Rows": 251, "Plan Width": 4, "Actual Startup Time": 25.802, "Actual Total Time": 133.775, "Actual Rows": 1361, "Actual Loops": 1, "Filter": "((country_code)::text = '[ru]'::text)", "Rows Removed by Filter": 233635, "Exact Heap Blocks": 2966, "Lossy Heap Blocks": 2966, "Plans": [{"Node Type": "Bitmap Index Scan", "Parent Relationship": "Outer", "Index Name": "company_name_pkey", "Startup Cost": 0.0, "Total Cost": 2779.23, "Plan Rows": 234996, "Plan Width": 0, "Actual Startup Time": 25.339, "Actual Total Time": 25.339, "Actual Rows": 234996, "Actual Loops": 1}]}, {"Node Type": "Index Scan", "Parent Relationship": "Inner", "Scan Direction": "Forward", "Index Name": "company_id_movie_companies", "Relation Name": "movie_companies", "Alias": "mc", "Startup Cost": 0.0, "Total Cost": 40.56, "Plan Rows": 15, "Plan Width": 12, "Actual Startup Time": 9.295, "Actual Total Time": 23.043, "Actual Rows": 8790, "Actual Loops": 1361, "Index Cond": "(company_id = cn.id)", "Rows Removed by Index Recheck": 0}]}, {"Node Type": "Index Scan", "Parent Relationship": "Inner", "Scan Direction": "Forward", "Index Name": "movie_id_cast_info", "Relation Name": "cast_info", "Alias": "ci", "Startup Cost": 0.0, "Total Cost": 0.98, "Plan Rows": 1, "Plan Width": 12, "Actual Startup Time": 802.211, "Actual Total Time": 854.23, "Actual Rows": 377, "Actual Loops": 8790, "Index Cond": "(movie_id = mc.movie_id)", "Rows Removed by Index Recheck": 0, "Filter": "(((note)::text ~~ '%(voice)%'::text) AND ((note)::text ~~ '%(uncredited)%'::text))", "Rows Removed by Filter": 408168}]}]}, {"Node Type": "Index Scan", "Parent Relationship": "Inner", "Scan Direction": "Forward", "Index Name": "title_pkey", "Relation Name": "title", "Alias": "t", "Startup Cost": 0.0, "Total Cost": 0.34, "Plan Rows": 1, "Plan Width": 21, "Actual Startup Time": 2.094, "Actual Total Time": 2.094, "Actual Rows": 112, "Actual Loops": 275, "Index Cond": "(id = mc.movie_id)", "Rows Removed by Index Recheck": 0, "Filter": "(production_year > 2005)", "Rows Removed by Filter": 163}]}, {"Node Type": "Index Scan", "Parent Relationship": "Inner", "Scan Direction": "Forward", "Index Name": "char_name_pkey", "Relation Name": "char_name", "Alias": "chn", "Startup Cost": 0.0, "Total Cost": 5.37, "Plan Rows": 1, "Plan Width": 20, "Actual Startup Time": 0.89, "Actual Total Time": 0.89, "Actual Rows": 104, "Actual Loops": 112, "Index Cond": "(id = ci.person_role_id)", "Rows Removed by Index Recheck": 0}]}, {"Node Type": "Index Scan", "Parent Relationship": "Inner", "Scan Direction": "Forward", "Index Name": "company_type_pkey", "Relation Name": "company_type", "Alias": "ct", "Startup Cost": 0.0, "Total Cost": 0.27, "Plan Rows": 1, "Plan Width": 4, "Actual Startup Time": 0.159, "Actual Total Time": 0.159, "Actual Rows": 18, "Actual Loops": 104, "Index Cond": "(id = mc.company_type_id)", "Rows Removed by Index Recheck": 0}]}]}, "Triggers": [], "Planner Runtime": 7, "Total Runtime": 1024.054, "Unique SQL Id": 2933943827}}, "(16, 54)": {"explain_plan": {"Plan": {"Node Type": "Aggregate", "Strategy": "Plain", "Startup Cost": 38342.48, "Total Cost": 38342.49, "Plan Rows": 1, "Plan Width": 97, "Plans": [{"Node Type": "Nested Loop", "Parent Relationship": "Outer", "Join Type": "Inner", "Startup Cost": 7.4, "Total Cost": 38342.47, "Plan Rows": 2, "Plan Width": 33, "Inner Unique": false, "Join Filter": "(mc.company_type_id = ct.id)", "Plans": [{"Node Type": "Seq Scan", "Parent Relationship": "Outer", "Relation Name": "company_type", "Alias": "ct", "Startup Cost": 0.0, "Total Cost": 1.03, "Plan Rows": 3, "Plan Width": 4}, {"Node Type": "Materialize", "Parent Relationship": "Inner", "Startup Cost": 7.4, "Total Cost": 38341.35, "Plan Rows": 2, "Plan Width": 37, "Plans": [{"Node Type": "Nested Loop", "Parent Relationship": "Outer", "Join Type": "Inner", "Startup Cost": 7.4, "Total Cost": 38341.34, "Plan Rows": 2, "Plan Width": 37, "Inner Unique": true, "Plans": [{"Node Type": "Nested Loop", "Parent Relationship": "Outer", "Join Type": "Inner", "Startup Cost": 7.13, "Total Cost": 38328.45, "Plan Rows": 3, "Plan Width": 28, "Inner Unique": true, "Plans": [{"Node Type": "Nested Loop", "Parent Relationship": "Outer", "Join Type": "Inner", "Startup Cost": 4.83, "Total Cost": 38290.52, "Plan Rows": 6, "Plan Width": 16, "Inner Unique": false, "Join Filter": "(ci.role_id = rt.id)", "Plans": [{"Node Type": "Seq Scan", "Parent Relationship": "Outer", "Relation Name": "role_type", "Alias": "rt", "Startup Cost": 0.0, "Total Cost": 1.15, "Plan Rows": 1, "Plan Width": 4, "Filter": "((role)::text = 'actor'::text)"}, {"Node Type": "Nested Loop", "Parent Relationship": "Inner", "Join Type": "Inner", "Startup Cost": 4.83, "Total Cost": 38288.52, "Plan Rows": 68, "Plan Width": 20, "Inner Unique": false, "Plans": [{"Node Type": "Nested Loop", "Parent Relationship": "Outer", "Join Type": "Inner", "Startup Cost": 4.32, "Total Cost": 20813.55, "Plan Rows": 3779, "Plan Width": 8, "Inner Unique": false, "Plans": [{"Node Type": "Seq Scan", "Parent Relationship": "Outer", "Relation Name": "company_name", "Alias": "cn", "Startup Cost": 0.0, "Total Cost": 5903.45, "Plan Rows": 251, "Plan Width": 4, "Filter": "((country_code)::text = '[ru]'::text)"}, {"Node Type": "Bitmap Heap Scan", "Parent Relationship": "Inner", "Relation Name": "movie_companies", "Alias": "mc", "Startup Cost": 4.32, "Total Cost": 59.25, "Plan Rows": 15, "Plan Width": 12, "Recheck Cond": "(company_id = cn.id)", "Plans": [{"Node Type": "Bitmap Index Scan", "Parent Relationship": "Outer", "Index Name": "company_id_movie_companies", "Startup Cost": 0.0, "Total Cost": 4.31, "Plan Rows": 15, "Plan Width": 0, "Index Cond": "(company_id = cn.id)"}]}]}, {"Node Type": "Bitmap Heap Scan", "Parent Relationship": "Inner", "Relation Name": "cast_info", "Alias": "ci", "Startup Cost": 0.51, "Total Cost": 4.61, "Plan Rows": 1, "Plan Width": 12, "Recheck Cond": "(movie_id = mc.movie_id)", "Filter": "(((note)::text ~~ '%(voice)%'::text) AND ((note)::text ~~ '%(uncredited)%'::text))", "Plans": [{"Node Type": "Bitmap Index Scan", "Parent Relationship": "Outer", "Index Name": "movie_id_cast_info", "Startup Cost": 0.0, "Total Cost": 0.51, "Plan Rows": 6, "Plan Width": 0, "Index Cond": "(movie_id = mc.movie_id)"}]}]}]}, {"Node Type": "Bitmap Heap Scan", "Parent Relationship": "Inner", "Relation Name": "char_name", "Alias": "chn", "Startup Cost": 2.3, "Total Cost": 6.31, "Plan Rows": 1, "Plan Width": 20, "Recheck Cond": "(id = ci.person_role_id)", "Plans": [{"Node Type": "Bitmap Index Scan", "Parent Relationship": "Outer", "Index Name": "char_name_pkey", "Startup Cost": 0.0, "Total Cost": 2.3, "Plan Rows": 1, "Plan Width": 0, "Index Cond": "(id = ci.person_role_id)"}]}]}, {"Node Type": "Bitmap Heap Scan", "Parent Relationship": "Inner", "Relation Name": "title", "Alias": "t", "Startup Cost": 0.27, "Total Cost": 4.29, "Plan Rows": 1, "Plan Width": 21, "Recheck Cond": "(id = mc.movie_id)", "Filter": "(production_year > 2005)", "Plans": [{"Node Type": "Bitmap Index Scan", "Parent Relationship": "Outer", "Index Name": "title_pkey", "Startup Cost": 0.0, "Total Cost": 0.27, "Plan Rows": 1, "Plan Width": 0, "Index Cond": "(id = mc.movie_id)"}]}]}]}]}]}, "Unique SQL Id": 2933943827, "Planner Runtime": 19}, "explain_analyze_plan": {"Plan": {"Node Type": "Aggregate", "Strategy": "Plain", "Startup Cost": 38342.48, "Total Cost": 38342.49, "Plan Rows": 1, "Plan Width": 97, "Actual Startup Time": 1267.969, "Actual Total Time": 1267.969, "Actual Rows": 1, "Actual Loops": 1, "Plans": [{"Node Type": "Nested Loop", "Parent Relationship": "Outer", "Join Type": "Inner", "Startup Cost": 7.4, "Total Cost": 38342.47, "Plan Rows": 2, "Plan Width": 33, "Actual Startup Time": 75.505, "Actual Total Time": 1267.898, "Actual Rows": 18, "Actual Loops": 1, "Inner Unique": false, "Join Filter": "(mc.company_type_id = ct.id)", "Rows Removed by Join Filter": 294, "Plans": [{"Node Type": "Seq Scan", "Parent Relationship": "Outer", "Relation Name": "company_type", "Alias": "ct", "Startup Cost": 0.0, "Total Cost": 1.03, "Plan Rows": 3, "Plan Width": 4, "Actual Startup Time": 0.013, "Actual Total Time": 0.016, "Actual Rows": 3, "Actual Loops": 1}, {"Node Type": "Materialize", "Parent Relationship": "Inner", "Startup Cost": 7.4, "Total Cost": 38341.35, "Plan Rows": 2, "Plan Width": 37, "Actual Startup Time": 15.278, "Actual Total Time": 1267.723, "Actual Rows": 312, "Actual Loops": 3, "Plans": [{"Node Type": "Nested Loop", "Parent Relationship": "Outer", "Join Type": "Inner", "Startup Cost": 7.4, "Total Cost": 38341.34, "Plan Rows": 2, "Plan Width": 37, "Actual Startup Time": 15.271, "Actual Total Time": 1267.569, "Actual Rows": 104, "Actual Loops": 1, "Inner Unique": true, "Plans": [{"Node Type": "Nested Loop", "Parent Relationship": "Outer", "Join Type": "Inner", "Startup Cost": 7.13, "Total Cost": 38328.45, "Plan Rows": 3, "Plan Width": 28, "Actual Startup Time": 1.113, "Actual Total Time": 1264.658, "Actual Rows": 265, "Actual Loops": 1, "Inner Unique": true, "Plans": [{"Node Type": "Nested Loop", "Parent Relationship": "Outer", "Join Type": "Inner", "Startup Cost": 4.83, "Total Cost": 38290.52, "Plan Rows": 6, "Plan Width": 16, "Actual Startup Time": 1.098, "Actual Total Time": 1261.302, "Actual Rows": 275, "Actual Loops": 1, "Inner Unique": false, "Join Filter": "(ci.role_id = rt.id)", "Rows Removed by Join Filter": 102, "Plans": [{"Node Type": "Seq Scan", "Parent Relationship": "Outer", "Relation Name": "role_type", "Alias": "rt", "Startup Cost": 0.0, "Total Cost": 1.15, "Plan Rows": 1, "Plan Width": 4, "Actual Startup Time": 0.018, "Actual Total Time": 0.025, "Actual Rows": 1, "Actual Loops": 1, "Filter": "((role)::text = 'actor'::text)", "Rows Removed by Filter": 11}, {"Node Type": "Nested Loop", "Parent Relationship": "Inner", "Join Type": "Inner", "Startup Cost": 4.83, "Total Cost": 38288.52, "Plan Rows": 68, "Plan Width": 20, "Actual Startup Time": 1.073, "Actual Total Time": 1261.057, "Actual Rows": 377, "Actual Loops": 1, "Inner Unique": false, "Plans": [{"Node Type": "Nested Loop", "Parent Relationship": "Outer", "Join Type": "Inner", "Startup Cost": 4.32, "Total Cost": 20813.55, "Plan Rows": 3779, "Plan Width": 8, "Actual Startup Time": 0.09, "Actual Total Time": 122.723, "Actual Rows": 8790, "Actual Loops": 1, "Inner Unique": false, "Plans": [{"Node Type": "Seq Scan", "Parent Relationship": "Outer", "Relation Name": "company_name", "Alias": "cn", "Startup Cost": 0.0, "Total Cost": 5903.45, "Plan Rows": 251, "Plan Width": 4, "Actual Startup Time": 0.045, "Actual Total Time": 85.602, "Actual Rows": 1361, "Actual Loops": 1, "Filter": "((country_code)::text = '[ru]'::text)", "Rows Removed by Filter": 233635}, {"Node Type": "Bitmap Heap Scan", "Parent Relationship": "Inner", "Relation Name": "movie_companies", "Alias": "mc", "Startup Cost": 4.32, "Total Cost": 59.25, "Plan Rows": 15, "Plan Width": 12, "Actual Startup Time": 15.128, "Actual Total Time": 32.564, "Actual Rows": 8790, "Actual Loops": 1361, "Recheck Cond": "(company_id = cn.id)", "Rows Removed by Index Recheck": 0, "Exact Heap Blocks": 7155, "Lossy Heap Blocks": 7155, "Plans": [{"Node Type": "Bitmap Index Scan", "Parent Relationship": "Outer", "Index Name": "company_id_movie_companies", "Startup Cost": 0.0, "Total Cost": 4.31, "Plan Rows": 15, "Plan Width": 0, "Actual Startup Time": 9.696, "Actual Total Time": 9.696, "Actual Rows": 8790, "Actual Loops": 1361, "Index Cond": "(company_id = cn.id)"}]}]}, {"Node Type": "Bitmap Heap Scan", "Parent Relationship": "Inner", "Relation Name": "cast_info", "Alias": "ci", "Startup Cost": 0.51, "Total Cost": 4.61, "Plan Rows": 1, "Plan Width": 12, "Actual Startup Time": 1062.4, "Actual Total Time": 1123.634, "Actual Rows": 377, "Actual Loops": 8790, "Recheck Cond": "(movie_id = mc.movie_id)", "Rows Removed by Index Recheck": 0, "Filter": "(((note)::text ~~ '%(voice)%'::text) AND ((note)::text ~~ '%(uncredited)%'::text))", "Rows Removed by Filter": 408168, "Exact Heap Blocks": 397651, "Lossy Heap Blocks": 397651, "Plans": [{"Node Type": "Bitmap Index Scan", "Parent Relationship": "Outer", "Index Name": "movie_id_cast_info", "Startup Cost": 0.0, "Total Cost": 0.51, "Plan Rows": 6, "Plan Width": 0, "Actual Startup Time": 138.568, "Actual Total Time": 138.568, "Actual Rows": 408545, "Actual Loops": 8790, "Index Cond": "(movie_id = mc.movie_id)"}]}]}]}, {"Node Type": "Bitmap Heap Scan", "Parent Relationship": "Inner", "Relation Name": "char_name", "Alias": "chn", "Startup Cost": 2.3, "Total Cost": 6.31, "Plan Rows": 1, "Plan Width": 20, "Actual Startup Time": 2.698, "Actual Total Time": 2.698, "Actual Rows": 265, "Actual Loops": 275, "Recheck Cond": "(id = ci.person_role_id)", "Rows Removed by Index Recheck": 0, "Exact Heap Blocks": 265, "Lossy Heap Blocks": 265, "Plans": [{"Node Type": "Bitmap Index Scan", "Parent Relationship": "Outer", "Index Name": "char_name_pkey", "Startup Cost": 0.0, "Total Cost": 2.3, "Plan Rows": 1, "Plan Width": 0, "Actual Startup Time": 1.832, "Actual Total Time": 1.832, "Actual Rows": 265, "Actual Loops": 275, "Index Cond": "(id = ci.person_role_id)"}]}]}, {"Node Type": "Bitmap Heap Scan", "Parent Relationship": "Inner", "Relation Name": "title", "Alias": "t", "Startup Cost": 0.27, "Total Cost": 4.29, "Plan Rows": 1, "Plan Width": 21, "Actual Startup Time": 2.399, "Actual Total Time": 2.399, "Actual Rows": 104, "Actual Loops": 265, "Recheck Cond": "(id = mc.movie_id)", "Rows Removed by Index Recheck": 0, "Filter": "(production_year > 2005)", "Rows Removed by Filter": 161, "Exact Heap Blocks": 265, "Lossy Heap Blocks": 265, "Plans": [{"Node Type": "Bitmap Index Scan", "Parent Relationship": "Outer", "Index Name": "title_pkey", "Startup Cost": 0.0, "Total Cost": 0.27, "Plan Rows": 1, "Plan Width": 0, "Actual Startup Time": 1.54, "Actual Total Time": 1.54, "Actual Rows": 265, "Actual Loops": 265, "Index Cond": "(id = mc.movie_id)"}]}]}]}]}]}, "Triggers": [], "Planner Runtime": 18, "Total Runtime": 1268.406, "Unique SQL Id": 2933943827}}, "(16, 55)": {"explain_plan": {"Plan": {"Node Type": "Aggregate", "Strategy": "Plain", "Startup Cost": 41418.46, "Total Cost": 41418.47, "Plan Rows": 1, "Plan Width": 97, "Plans": [{"Node Type": "Nested Loop", "Parent Relationship": "Outer", "Join Type": "Inner", "Startup Cost": 2787.21, "Total Cost": 41418.45, "Plan Rows": 2, "Plan Width": 33, "Inner Unique": true, "Plans": [{"Node Type": "Nested Loop", "Parent Relationship": "Outer", "Join Type": "Inner", "Startup Cost": 2786.95, "Total Cost": 41409.89, "Plan Rows": 2, "Plan Width": 37, "Inner Unique": true, "Plans": [{"Node Type": "Nested Loop", "Parent Relationship": "Outer", "Join Type": "Inner", "Startup Cost": 2786.68, "Total Cost": 41397.0, "Plan Rows": 3, "Plan Width": 28, "Inner Unique": true, "Plans": [{"Node Type": "Nested Loop", "Parent Relationship": "Outer", "Join Type": "Inner", "Startup Cost": 2784.38, "Total Cost": 41359.07, "Plan Rows": 6, "Plan Width": 16, "Inner Unique": true, "Plans": [{"Node Type": "Nested Loop", "Parent Relationship": "Outer", "Join Type": "Inner", "Startup Cost": 2784.12, "Total Cost": 41067.82, "Plan Rows": 68, "Plan Width": 20, "Inner Unique": false, "Plans": [{"Node Type": "Nested Loop", "Parent Relationship": "Outer", "Join Type": "Inner", "Startup Cost": 2783.61, "Total Cost": 23592.84, "Plan Rows": 3779, "Plan Width": 8, "Inner Unique": false, "Plans": [{"Node Type": "Bitmap Heap Scan", "Parent Relationship": "Outer", "Relation Name": "company_name", "Alias": "cn", "Startup Cost": 2779.29, "Total Cost": 8682.74, "Plan Rows": 251, "Plan Width": 4, "Filter": "((country_code)::text = '[ru]'::text)", "Plans": [{"Node Type": "Bitmap Index Scan", "Parent Relationship": "Outer", "Index Name": "company_name_pkey", "Startup Cost": 0.0, "Total Cost": 2779.23, "Plan Rows": 234996, "Plan Width": 0}]}, {"Node Type": "Bitmap Heap Scan", "Parent Relationship": "Inner", "Relation Name": "movie_companies", "Alias": "mc", "Startup Cost": 4.32, "Total Cost": 59.25, "Plan Rows": 15, "Plan Width": 12, "Recheck Cond": "(company_id = cn.id)", "Plans": [{"Node Type": "Bitmap Index Scan", "Parent Relationship": "Outer", "Index Name": "company_id_movie_companies", "Startup Cost": 0.0, "Total Cost": 4.31, "Plan Rows": 15, "Plan Width": 0, "Index Cond": "(company_id = cn.id)"}]}]}, {"Node Type": "Bitmap Heap Scan", "Parent Relationship": "Inner", "Relation Name": "cast_info", "Alias": "ci", "Startup Cost": 0.51, "Total Cost": 4.61, "Plan Rows": 1, "Plan Width": 12, "Recheck Cond": "(movie_id = mc.movie_id)", "Filter": "(((note)::text ~~ '%(voice)%'::text) AND ((note)::text ~~ '%(uncredited)%'::text))", "Plans": [{"Node Type": "Bitmap Index Scan", "Parent Relationship": "Outer", "Index Name": "movie_id_cast_info", "Startup Cost": 0.0, "Total Cost": 0.51, "Plan Rows": 6, "Plan Width": 0, "Index Cond": "(movie_id = mc.movie_id)"}]}]}, {"Node Type": "Bitmap Heap Scan", "Parent Relationship": "Inner", "Relation Name": "role_type", "Alias": "rt", "Startup Cost": 0.26, "Total Cost": 4.27, "Plan Rows": 1, "Plan Width": 4, "Recheck Cond": "(id = ci.role_id)", "Filter": "((role)::text = 'actor'::text)", "Plans": [{"Node Type": "Bitmap Index Scan", "Parent Relationship": "Outer", "Index Name": "role_type_pkey", "Startup Cost": 0.0, "Total Cost": 0.26, "Plan Rows": 1, "Plan Width": 0, "Index Cond": "(id = ci.role_id)"}]}]}, {"Node Type": "Bitmap Heap Scan", "Parent Relationship": "Inner", "Relation Name": "char_name", "Alias": "chn", "Startup Cost": 2.3, "Total Cost": 6.31, "Plan Rows": 1, "Plan Width": 20, "Recheck Cond": "(id = ci.person_role_id)", "Plans": [{"Node Type": "Bitmap Index Scan", "Parent Relationship": "Outer", "Index Name": "char_name_pkey", "Startup Cost": 0.0, "Total Cost": 2.3, "Plan Rows": 1, "Plan Width": 0, "Index Cond": "(id = ci.person_role_id)"}]}]}, {"Node Type": "Bitmap Heap Scan", "Parent Relationship": "Inner", "Relation Name": "title", "Alias": "t", "Startup Cost": 0.27, "Total Cost": 4.29, "Plan Rows": 1, "Plan Width": 21, "Recheck Cond": "(id = mc.movie_id)", "Filter": "(production_year > 2005)", "Plans": [{"Node Type": "Bitmap Index Scan", "Parent Relationship": "Outer", "Index Name": "title_pkey", "Startup Cost": 0.0, "Total Cost": 0.27, "Plan Rows": 1, "Plan Width": 0, "Index Cond": "(id = mc.movie_id)"}]}]}, {"Node Type": "Bitmap Heap Scan", "Parent Relationship": "Inner", "Relation Name": "company_type", "Alias": "ct", "Startup Cost": 0.26, "Total Cost": 4.27, "Plan Rows": 1, "Plan Width": 4, "Recheck Cond": "(id = mc.company_type_id)", "Plans": [{"Node Type": "Bitmap Index Scan", "Parent Relationship": "Outer", "Index Name": "company_type_pkey", "Startup Cost": 0.0, "Total Cost": 0.26, "Plan Rows": 1, "Plan Width": 0, "Index Cond": "(id = mc.company_type_id)"}]}]}]}, "Unique SQL Id": 2933943827, "Planner Runtime": 6}, "explain_analyze_plan": {"Plan": {"Node Type": "Aggregate", "Strategy": "Plain", "Startup Cost": 41418.46, "Total Cost": 41418.47, "Plan Rows": 1, "Plan Width": 97, "Actual Startup Time": 1197.675, "Actual Total Time": 1197.675, "Actual Rows": 1, "Actual Loops": 1, "Plans": [{"Node Type": "Nested Loop", "Parent Relationship": "Outer", "Join Type": "Inner", "Startup Cost": 2787.21, "Total Cost": 41418.45, "Plan Rows": 2, "Plan Width": 33, "Actual Startup Time": 99.205, "Actual Total Time": 1197.571, "Actual Rows": 18, "Actual Loops": 1, "Inner Unique": true, "Plans": [{"Node Type": "Nested Loop", "Parent Relationship": "Outer", "Join Type": "Inner", "Startup Cost": 2786.95, "Total Cost": 41409.89, "Plan Rows": 2, "Plan Width": 37, "Actual Startup Time": 42.334, "Actual Total Time": 1197.028, "Actual Rows": 104, "Actual Loops": 1, "Inner Unique": true, "Plans": [{"Node Type": "Nested Loop", "Parent Relationship": "Outer", "Join Type": "Inner", "Startup Cost": 2786.68, "Total Cost": 41397.0, "Plan Rows": 3, "Plan Width": 28, "Actual Startup Time": 27.449, "Actual Total Time": 1194.263, "Actual Rows": 265, "Actual Loops": 1, "Inner Unique": true, "Plans": [{"Node Type": "Nested Loop", "Parent Relationship": "Outer", "Join Type": "Inner", "Startup Cost": 2784.38, "Total Cost": 41359.07, "Plan Rows": 6, "Plan Width": 16, "Actual Startup Time": 27.428, "Actual Total Time": 1191.216, "Actual Rows": 275, "Actual Loops": 1, "Inner Unique": true, "Plans": [{"Node Type": "Nested Loop", "Parent Relationship": "Outer", "Join Type": "Inner", "Startup Cost": 2784.12, "Total Cost": 41067.82, "Plan Rows": 68, "Plan Width": 20, "Actual Startup Time": 27.408, "Actual Total Time": 1188.638, "Actual Rows": 377, "Actual Loops": 1, "Inner Unique": false, "Plans": [{"Node Type": "Nested Loop", "Parent Relationship": "Outer", "Join Type": "Inner", "Startup Cost": 2783.61, "Total Cost": 23592.84, "Plan Rows": 3779, "Plan Width": 8, "Actual Startup Time": 26.16, "Actual Total Time": 182.006, "Actual Rows": 8790, "Actual Loops": 1, "Inner Unique": false, "Plans": [{"Node Type": "Bitmap Heap Scan", "Parent Relationship": "Outer", "Relation Name": "company_name", "Alias": "cn", "Startup Cost": 2779.29, "Total Cost": 8682.74, "Plan Rows": 251, "Plan Width": 4, "Actual Startup Time": 26.111, "Actual Total Time": 148.164, "Actual Rows": 1361, "Actual Loops": 1, "Filter": "((country_code)::text = '[ru]'::text)", "Rows Removed by Filter": 233635, "Exact Heap Blocks": 2966, "Lossy Heap Blocks": 2966, "Plans": [{"Node Type": "Bitmap Index Scan", "Parent Relationship": "Outer", "Index Name": "company_name_pkey", "Startup Cost": 0.0, "Total Cost": 2779.23, "Plan Rows": 234996, "Plan Width": 0, "Actual Startup Time": 25.617, "Actual Total Time": 25.617, "Actual Rows": 234996, "Actual Loops": 1}]}, {"Node Type": "Bitmap Heap Scan", "Parent Relationship": "Inner", "Relation Name": "movie_companies", "Alias": "mc", "Startup Cost": 4.32, "Total Cost": 59.25, "Plan Rows": 15, "Plan Width": 12, "Actual Startup Time": 14.449, "Actual Total Time": 29.008, "Actual Rows": 8790, "Actual Loops": 1361, "Recheck Cond": "(company_id = cn.id)", "Rows Removed by Index Recheck": 0, "Exact Heap Blocks": 7155, "Lossy Heap Blocks": 7155, "Plans": [{"Node Type": "Bitmap Index Scan", "Parent Relationship": "Outer", "Index Name": "company_id_movie_companies", "Startup Cost": 0.0, "Total Cost": 4.31, "Plan Rows": 15, "Plan Width": 0, "Actual Startup Time": 9.127, "Actual Total Time": 9.127, "Actual Rows": 8790, "Actual Loops": 1361, "Index Cond": "(company_id = cn.id)"}]}]}, {"Node Type": "Bitmap Heap Scan", "Parent Relationship": "Inner", "Relation Name": "cast_info", "Alias": "ci", "Startup Cost": 0.51, "Total Cost": 4.61, "Plan Rows": 1, "Plan Width": 12, "Actual Startup Time": 938.519, "Actual Total Time": 990.4, "Actual Rows": 377, "Actual Loops": 8790, "Recheck Cond": "(movie_id = mc.movie_id)", "Rows Removed by Index Recheck": 0, "Filter": "(((note)::text ~~ '%(voice)%'::text) AND ((note)::text ~~ '%(uncredited)%'::text))", "Rows Removed by Filter": 408168, "Exact Heap Blocks": 397651, "Lossy Heap Blocks": 397651, "Plans": [{"Node Type": "Bitmap Index Scan", "Parent Relationship": "Outer", "Index Name": "movie_id_cast_info", "Startup Cost": 0.0, "Total Cost": 0.51, "Plan Rows": 6, "Plan Width": 0, "Actual Startup Time": 127.518, "Actual Total Time": 127.518, "Actual Rows": 408545, "Actual Loops": 8790, "Index Cond": "(movie_id = mc.movie_id)"}]}]}, {"Node Type": "Bitmap Heap Scan", "Parent Relationship": "Inner", "Relation Name": "role_type", "Alias": "rt", "Startup Cost": 0.26, "Total Cost": 4.27, "Plan Rows": 1, "Plan Width": 4, "Actual Startup Time": 1.696, "Actual Total Time": 1.696, "Actual Rows": 275, "Actual Loops": 377, "Recheck Cond": "(id = ci.role_id)", "Rows Removed by Index Recheck": 0, "Filter": "((role)::text = 'actor'::text)", "Rows Removed by Filter": 102, "Exact Heap Blocks": 377, "Lossy Heap Blocks": 377, "Plans": [{"Node Type": "Bitmap Index Scan", "Parent Relationship": "Outer", "Index Name": "role_type_pkey", "Startup Cost": 0.0, "Total Cost": 0.26, "Plan Rows": 1, "Plan Width": 0, "Actual Startup Time": 0.653, "Actual Total Time": 0.653, "Actual Rows": 377, "Actual Loops": 377, "Index Cond": "(id = ci.role_id)"}]}]}, {"Node Type": "Bitmap Heap Scan", "Parent Relationship": "Inner", "Relation Name": "char_name", "Alias": "chn", "Startup Cost": 2.3, "Total Cost": 6.31, "Plan Rows": 1, "Plan Width": 20, "Actual Startup Time": 2.327, "Actual Total Time": 2.327, "Actual Rows": 265, "Actual Loops": 275, "Recheck Cond": "(id = ci.person_role_id)", "Rows Removed by Index Recheck": 0, "Exact Heap Blocks": 265, "Lossy Heap Blocks": 265, "Plans": [{"Node Type": "Bitmap Index Scan", "Parent Relationship": "Outer", "Index Name": "char_name_pkey", "Startup Cost": 0.0, "Total Cost": 2.3, "Plan Rows": 1, "Plan Width": 0, "Actual Startup Time": 1.574, "Actual Total Time": 1.574, "Actual Rows": 265, "Actual Loops": 275, "Index Cond": "(id = ci.person_role_id)"}]}]}, {"Node Type": "Bitmap Heap Scan", "Parent Relationship": "Inner", "Relation Name": "title", "Alias": "t", "Startup Cost": 0.27, "Total Cost": 4.29, "Plan Rows": 1, "Plan Width": 21, "Actual Startup Time": 2.169, "Actual Total Time": 2.169, "Actual Rows": 104, "Actual Loops": 265, "Recheck Cond": "(id = mc.movie_id)", "Rows Removed by Index Recheck": 0, "Filter": "(production_year > 2005)", "Rows Removed by Filter": 161, "Exact Heap Blocks": 265, "Lossy Heap Blocks": 265, "Plans": [{"Node Type": "Bitmap Index Scan", "Parent Relationship": "Outer", "Index Name": "title_pkey", "Startup Cost": 0.0, "Total Cost": 0.27, "Plan Rows": 1, "Plan Width": 0, "Actual Startup Time": 1.333, "Actual Total Time": 1.333, "Actual Rows": 265, "Actual Loops": 265, "Index Cond": "(id = mc.movie_id)"}]}]}, {"Node Type": "Bitmap Heap Scan", "Parent Relationship": "Inner", "Relation Name": "company_type", "Alias": "ct", "Startup Cost": 0.26, "Total Cost": 4.27, "Plan Rows": 1, "Plan Width": 4, "Actual Startup Time": 0.281, "Actual Total Time": 0.281, "Actual Rows": 18, "Actual Loops": 104, "Recheck Cond": "(id = mc.company_type_id)", "Rows Removed by Index Recheck": 0, "Exact Heap Blocks": 18, "Lossy Heap Blocks": 18, "Plans": [{"Node Type": "Bitmap Index Scan", "Parent Relationship": "Outer", "Index Name": "company_type_pkey", "Startup Cost": 0.0, "Total Cost": 0.26, "Plan Rows": 1, "Plan Width": 0, "Actual Startup Time": 0.155, "Actual Total Time": 0.155, "Actual Rows": 18, "Actual Loops": 104, "Index Cond": "(id = mc.company_type_id)"}]}]}]}, "Triggers": [], "Planner Runtime": 6, "Total Runtime": 1198.112, "Unique SQL Id": 2933943827}}, "(16, 56)": {"explain_plan": {"Plan": {"Node Type": "Aggregate", "Strategy": "Plain", "Startup Cost": 19897.43, "Total Cost": 19897.44, "Plan Rows": 1, "Plan Width": 97, "Plans": [{"Node Type": "Nested Loop", "Parent Relationship": "Outer", "Join Type": "Inner", "Startup Cost": 0.0, "Total Cost": 19897.42, "Plan Rows": 2, "Plan Width": 33, "Inner Unique": true, "Plans": [{"Node Type": "Nested Loop", "Parent Relationship": "Outer", "Join Type": "Inner", "Startup Cost": 0.0, "Total Cost": 19896.86, "Plan Rows": 2, "Plan Width": 37, "Inner Unique": true, "Plans": [{"Node Type": "Nested Loop", "Parent Relationship": "Outer", "Join Type": "Inner", "Startup Cost": 0.0, "Total Cost": 19869.97, "Plan Rows": 5, "Plan Width": 25, "Inner Unique": true, "Plans": [{"Node Type": "Nested Loop", "Parent Relationship": "Outer", "Join Type": "Inner", "Startup Cost": 0.0, "Total Cost": 19867.87, "Plan Rows": 6, "Plan Width": 16, "Inner Unique": false, "Join Filter": "(ci.role_id = rt.id)", "Plans": [{"Node Type": "Seq Scan", "Parent Relationship": "Outer", "Relation Name": "role_type", "Alias": "rt", "Startup Cost": 0.0, "Total Cost": 1.15, "Plan Rows": 1, "Plan Width": 4, "Filter": "((role)::text = 'actor'::text)"}, {"Node Type": "Nested Loop", "Parent Relationship": "Inner", "Join Type": "Inner", "Startup Cost": 0.0, "Total Cost": 19865.87, "Plan Rows": 68, "Plan Width": 20, "Inner Unique": false, "Plans": [{"Node Type": "Nested Loop", "Parent Relationship": "Outer", "Join Type": "Inner", "Startup Cost": 0.0, "Total Cost": 16121.55, "Plan Rows": 3779, "Plan Width": 8, "Inner Unique": false, "Plans": [{"Node Type": "Seq Scan", "Parent Relationship": "Outer", "Relation Name": "company_name", "Alias": "cn", "Startup Cost": 0.0, "Total Cost": 5903.45, "Plan Rows": 251, "Plan Width": 4, "Filter": "((country_code)::text = '[ru]'::text)"}, {"Node Type": "Index Scan", "Parent Relationship": "Inner", "Scan Direction": "Forward", "Index Name": "company_id_movie_companies", "Relation Name": "movie_companies", "Alias": "mc", "Startup Cost": 0.0, "Total Cost": 40.56, "Plan Rows": 15, "Plan Width": 12, "Index Cond": "(company_id = cn.id)"}]}, {"Node Type": "Index Scan", "Parent Relationship": "Inner", "Scan Direction": "Forward", "Index Name": "movie_id_cast_info", "Relation Name": "cast_info", "Alias": "ci", "Startup Cost": 0.0, "Total Cost": 0.98, "Plan Rows": 1, "Plan Width": 12, "Index Cond": "(movie_id = mc.movie_id)", "Filter": "(((note)::text ~~ '%(voice)%'::text) AND ((note)::text ~~ '%(uncredited)%'::text))"}]}]}, {"Node Type": "Index Scan", "Parent Relationship": "Inner", "Scan Direction": "Forward", "Index Name": "title_pkey", "Relation Name": "title", "Alias": "t", "Startup Cost": 0.0, "Total Cost": 0.34, "Plan Rows": 1, "Plan Width": 21, "Index Cond": "(id = mc.movie_id)", "Filter": "(production_year > 2005)"}]}, {"Node Type": "Index Scan", "Parent Relationship": "Inner", "Scan Direction": "Forward", "Index Name": "char_name_pkey", "Relation Name": "char_name", "Alias": "chn", "Startup Cost": 0.0, "Total Cost": 5.37, "Plan Rows": 1, "Plan Width": 20, "Index Cond": "(id = ci.person_role_id)"}]}, {"Node Type": "Index Only Scan", "Parent Relationship": "Inner", "Scan Direction": "Forward", "Index Name": "company_type_pkey", "Relation Name": "company_type", "Alias": "ct", "Startup Cost": 0.0, "Total Cost": 0.27, "Plan Rows": 1, "Plan Width": 4, "Index Cond": "(id = mc.company_type_id)"}]}]}, "Unique SQL Id": 2933943827, "Planner Runtime": 7}, "explain_analyze_plan": {"Plan": {"Node Type": "Aggregate", "Strategy": "Plain", "Startup Cost": 19897.43, "Total Cost": 19897.44, "Plan Rows": 1, "Plan Width": 97, "Actual Startup Time": 752.517, "Actual Total Time": 752.517, "Actual Rows": 1, "Actual Loops": 1, "Plans": [{"Node Type": "Nested Loop", "Parent Relationship": "Outer", "Join Type": "Inner", "Startup Cost": 0.0, "Total Cost": 19897.42, "Plan Rows": 2, "Plan Width": 33, "Actual Startup Time": 42.918, "Actual Total Time": 752.405, "Actual Rows": 18, "Actual Loops": 1, "Inner Unique": true, "Plans": [{"Node Type": "Nested Loop", "Parent Relationship": "Outer", "Join Type": "Inner", "Startup Cost": 0.0, "Total Cost": 19896.86, "Plan Rows": 2, "Plan Width": 37, "Actual Startup Time": 9.466, "Actual Total Time": 752.096, "Actual Rows": 104, "Actual Loops": 1, "Inner Unique": true, "Plans": [{"Node Type": "Nested Loop", "Parent Relationship": "Outer", "Join Type": "Inner", "Startup Cost": 0.0, "Total Cost": 19869.97, "Plan Rows": 5, "Plan Width": 25, "Actual Startup Time": 9.456, "Actual Total Time": 751.256, "Actual Rows": 112, "Actual Loops": 1, "Inner Unique": true, "Plans": [{"Node Type": "Nested Loop", "Parent Relationship": "Outer", "Join Type": "Inner", "Startup Cost": 0.0, "Total Cost": 19867.87, "Plan Rows": 6, "Plan Width": 16, "Actual Startup Time": 0.862, "Actual Total Time": 749.228, "Actual Rows": 275, "Actual Loops": 1, "Inner Unique": false, "Join Filter": "(ci.role_id = rt.id)", "Rows Removed by Join Filter": 102, "Plans": [{"Node Type": "Seq Scan", "Parent Relationship": "Outer", "Relation Name": "role_type", "Alias": "rt", "Startup Cost": 0.0, "Total Cost": 1.15, "Plan Rows": 1, "Plan Width": 4, "Actual Startup Time": 0.024, "Actual Total Time": 0.03, "Actual Rows": 1, "Actual Loops": 1, "Filter": "((role)::text = 'actor'::text)", "Rows Removed by Filter": 11}, {"Node Type": "Nested Loop", "Parent Relationship": "Inner", "Join Type": "Inner", "Startup Cost": 0.0, "Total Cost": 19865.87, "Plan Rows": 68, "Plan Width": 20, "Actual Startup Time": 0.831, "Actual Total Time": 748.935, "Actual Rows": 377, "Actual Loops": 1, "Inner Unique": false, "Plans": [{"Node Type": "Nested Loop", "Parent Relationship": "Outer", "Join Type": "Inner", "Startup Cost": 0.0, "Total Cost": 16121.55, "Plan Rows": 3779, "Plan Width": 8, "Actual Startup Time": 0.059, "Actual Total Time": 101.306, "Actual Rows": 8790, "Actual Loops": 1, "Inner Unique": false, "Plans": [{"Node Type": "Seq Scan", "Parent Relationship": "Outer", "Relation Name": "company_name", "Alias": "cn", "Startup Cost": 0.0, "Total Cost": 5903.45, "Plan Rows": 251, "Plan Width": 4, "Actual Startup Time": 0.039, "Actual Total Time": 80.246, "Actual Rows": 1361, "Actual Loops": 1, "Filter": "((country_code)::text = '[ru]'::text)", "Rows Removed by Filter": 233635}, {"Node Type": "Index Scan", "Parent Relationship": "Inner", "Scan Direction": "Forward", "Index Name": "company_id_movie_companies", "Relation Name": "movie_companies", "Alias": "mc", "Startup Cost": 0.0, "Total Cost": 40.56, "Plan Rows": 15, "Plan Width": 12, "Actual Startup Time": 7.856, "Actual Total Time": 17.976, "Actual Rows": 8790, "Actual Loops": 1361, "Index Cond": "(company_id = cn.id)", "Rows Removed by Index Recheck": 0}]}, {"Node Type": "Index Scan", "Parent Relationship": "Inner", "Scan Direction": "Forward", "Index Name": "movie_id_cast_info", "Relation Name": "cast_info", "Alias": "ci", "Startup Cost": 0.0, "Total Cost": 0.98, "Plan Rows": 1, "Plan Width": 12, "Actual Startup Time": 604.989, "Actual Total Time": 642.377, "Actual Rows": 377, "Actual Loops": 8790, "Index Cond": "(movie_id = mc.movie_id)", "Rows Removed by Index Recheck": 0, "Filter": "(((note)::text ~~ '%(voice)%'::text) AND ((note)::text ~~ '%(uncredited)%'::text))", "Rows Removed by Filter": 408168}]}]}, {"Node Type": "Index Scan", "Parent Relationship": "Inner", "Scan Direction": "Forward", "Index Name": "title_pkey", "Relation Name": "title", "Alias": "t", "Startup Cost": 0.0, "Total Cost": 0.34, "Plan Rows": 1, "Plan Width": 21, "Actual Startup Time": 1.632, "Actual Total Time": 1.632, "Actual Rows": 112, "Actual Loops": 275, "Index Cond": "(id = mc.movie_id)", "Rows Removed by Index Recheck": 0, "Filter": "(production_year > 2005)", "Rows Removed by Filter": 163}]}, {"Node Type": "Index Scan", "Parent Relationship": "Inner", "Scan Direction": "Forward", "Index Name": "char_name_pkey", "Relation Name": "char_name", "Alias": "chn", "Startup Cost": 0.0, "Total Cost": 5.37, "Plan Rows": 1, "Plan Width": 20, "Actual Startup Time": 0.628, "Actual Total Time": 0.628, "Actual Rows": 104, "Actual Loops": 112, "Index Cond": "(id = ci.person_role_id)", "Rows Removed by Index Recheck": 0}]}, {"Node Type": "Index Only Scan", "Parent Relationship": "Inner", "Scan Direction": "Forward", "Index Name": "company_type_pkey", "Relation Name": "company_type", "Alias": "ct", "Startup Cost": 0.0, "Total Cost": 0.27, "Plan Rows": 1, "Plan Width": 4, "Actual Startup Time": 0.179, "Actual Total Time": 0.179, "Actual Rows": 18, "Actual Loops": 104, "Index Cond": "(id = mc.company_type_id)", "Rows Removed by Index Recheck": 0, "Heap Fetches": 0}]}]}, "Triggers": [], "Planner Runtime": 6, "Total Runtime": 752.901, "Unique SQL Id": 2933943827}}, "(16, 57)": {"explain_plan": {"Plan": {"Node Type": "Aggregate", "Strategy": "Plain", "Startup Cost": 24506.67, "Total Cost": 24506.68, "Plan Rows": 1, "Plan Width": 97, "Plans": [{"Node Type": "Nested Loop", "Parent Relationship": "Outer", "Join Type": "Inner", "Startup Cost": 0.0, "Total Cost": 24506.66, "Plan Rows": 2, "Plan Width": 33, "Inner Unique": true, "Plans": [{"Node Type": "Nested Loop", "Parent Relationship": "Outer", "Join Type": "Inner", "Startup Cost": 0.0, "Total Cost": 24506.1, "Plan Rows": 2, "Plan Width": 37, "Inner Unique": true, "Plans": [{"Node Type": "Nested Loop", "Parent Relationship": "Outer", "Join Type": "Inner", "Startup Cost": 0.0, "Total Cost": 24479.22, "Plan Rows": 5, "Plan Width": 25, "Inner Unique": true, "Plans": [{"Node Type": "Nested Loop", "Parent Relationship": "Outer", "Join Type": "Inner", "Startup Cost": 0.0, "Total Cost": 24477.12, "Plan Rows": 6, "Plan Width": 16, "Inner Unique": false, "Join Filter": "(ci.role_id = rt.id)", "Plans": [{"Node Type": "Index Scan", "Parent Relationship": "Outer", "Scan Direction": "Forward", "Index Name": "role_type_pkey", "Relation Name": "role_type", "Alias": "rt", "Startup Cost": 0.0, "Total Cost": 12.46, "Plan Rows": 1, "Plan Width": 4, "Filter": "((role)::text = 'actor'::text)"}, {"Node Type": "Nested Loop", "Parent Relationship": "Inner", "Join Type": "Inner", "Startup Cost": 0.0, "Total Cost": 24463.81, "Plan Rows": 68, "Plan Width": 20, "Inner Unique": false, "Plans": [{"Node Type": "Nested Loop", "Parent Relationship": "Outer", "Join Type": "Inner", "Startup Cost": 0.0, "Total Cost": 20719.49, "Plan Rows": 3779, "Plan Width": 8, "Inner Unique": false, "Plans": [{"Node Type": "Index Scan", "Parent Relationship": "Outer", "Scan Direction": "Forward", "Index Name": "company_name_pkey", "Relation Name": "company_name", "Alias": "cn", "Startup Cost": 0.0, "Total Cost": 10501.39, "Plan Rows": 251, "Plan Width": 4, "Filter": "((country_code)::text = '[ru]'::text)"}, {"Node Type": "Index Scan", "Parent Relationship": "Inner", "Scan Direction": "Forward", "Index Name": "company_id_movie_companies", "Relation Name": "movie_companies", "Alias": "mc", "Startup Cost": 0.0, "Total Cost": 40.56, "Plan Rows": 15, "Plan Width": 12, "Index Cond": "(company_id = cn.id)"}]}, {"Node Type": "Index Scan", "Parent Relationship": "Inner", "Scan Direction": "Forward", "Index Name": "movie_id_cast_info", "Relation Name": "cast_info", "Alias": "ci", "Startup Cost": 0.0, "Total Cost": 0.98, "Plan Rows": 1, "Plan Width": 12, "Index Cond": "(movie_id = mc.movie_id)", "Filter": "(((note)::text ~~ '%(voice)%'::text) AND ((note)::text ~~ '%(uncredited)%'::text))"}]}]}, {"Node Type": "Index Scan", "Parent Relationship": "Inner", "Scan Direction": "Forward", "Index Name": "title_pkey", "Relation Name": "title", "Alias": "t", "Startup Cost": 0.0, "Total Cost": 0.34, "Plan Rows": 1, "Plan Width": 21, "Index Cond": "(id = mc.movie_id)", "Filter": "(production_year > 2005)"}]}, {"Node Type": "Index Scan", "Parent Relationship": "Inner", "Scan Direction": "Forward", "Index Name": "char_name_pkey", "Relation Name": "char_name", "Alias": "chn", "Startup Cost": 0.0, "Total Cost": 5.37, "Plan Rows": 1, "Plan Width": 20, "Index Cond": "(id = ci.person_role_id)"}]}, {"Node Type": "Index Only Scan", "Parent Relationship": "Inner", "Scan Direction": "Forward", "Index Name": "company_type_pkey", "Relation Name": "company_type", "Alias": "ct", "Startup Cost": 0.0, "Total Cost": 0.27, "Plan Rows": 1, "Plan Width": 4, "Index Cond": "(id = mc.company_type_id)"}]}]}, "Unique SQL Id": 2933943827, "Planner Runtime": 7}, "explain_analyze_plan": {"Plan": {"Node Type": "Aggregate", "Strategy": "Plain", "Startup Cost": 24506.67, "Total Cost": 24506.68, "Plan Rows": 1, "Plan Width": 97, "Actual Startup Time": 1284.484, "Actual Total Time": 1284.484, "Actual Rows": 1, "Actual Loops": 1, "Plans": [{"Node Type": "Nested Loop", "Parent Relationship": "Outer", "Join Type": "Inner", "Startup Cost": 0.0, "Total Cost": 24506.66, "Plan Rows": 2, "Plan Width": 33, "Actual Startup Time": 36.544, "Actual Total Time": 1284.388, "Actual Rows": 18, "Actual Loops": 1, "Inner Unique": true, "Plans": [{"Node Type": "Nested Loop", "Parent Relationship": "Outer", "Join Type": "Inner", "Startup Cost": 0.0, "Total Cost": 24506.1, "Plan Rows": 2, "Plan Width": 37, "Actual Startup Time": 28.178, "Actual Total Time": 1284.075, "Actual Rows": 104, "Actual Loops": 1, "Inner Unique": true, "Plans": [{"Node Type": "Nested Loop", "Parent Relationship": "Outer", "Join Type": "Inner", "Startup Cost": 0.0, "Total Cost": 24479.22, "Plan Rows": 5, "Plan Width": 25, "Actual Startup Time": 28.16, "Actual Total Time": 1282.814, "Actual Rows": 112, "Actual Loops": 1, "Inner Unique": true, "Plans": [{"Node Type": "Nested Loop", "Parent Relationship": "Outer", "Join Type": "Inner", "Startup Cost": 0.0, "Total Cost": 24477.12, "Plan Rows": 6, "Plan Width": 16, "Actual Startup Time": 8.682, "Actual Total Time": 1280.144, "Actual Rows": 275, "Actual Loops": 1, "Inner Unique": false, "Join Filter": "(ci.role_id = rt.id)", "Rows Removed by Join Filter": 102, "Plans": [{"Node Type": "Index Scan", "Parent Relationship": "Outer", "Scan Direction": "Forward", "Index Name": "role_type_pkey", "Relation Name": "role_type", "Alias": "rt", "Startup Cost": 0.0, "Total Cost": 12.46, "Plan Rows": 1, "Plan Width": 4, "Actual Startup Time": 0.021, "Actual Total Time": 0.034, "Actual Rows": 1, "Actual Loops": 1, "Filter": "((role)::text = 'actor'::text)", "Rows Removed by Filter": 11}, {"Node Type": "Nested Loop", "Parent Relationship": "Inner", "Join Type": "Inner", "Startup Cost": 0.0, "Total Cost": 24463.81, "Plan Rows": 68, "Plan Width": 20, "Actual Startup Time": 8.653, "Actual Total Time": 1279.832, "Actual Rows": 377, "Actual Loops": 1, "Inner Unique": false, "Plans": [{"Node Type": "Nested Loop", "Parent Relationship": "Outer", "Join Type": "Inner", "Startup Cost": 0.0, "Total Cost": 20719.49, "Plan Rows": 3779, "Plan Width": 8, "Actual Startup Time": 0.744, "Actual Total Time": 343.963, "Actual Rows": 8790, "Actual Loops": 1, "Inner Unique": false, "Plans": [{"Node Type": "Index Scan", "Parent Relationship": "Outer", "Scan Direction": "Forward", "Index Name": "company_name_pkey", "Relation Name": "company_name", "Alias": "cn", "Startup Cost": 0.0, "Total Cost": 10501.39, "Plan Rows": 251, "Plan Width": 4, "Actual Startup Time": 0.723, "Actual Total Time": 316.164, "Actual Rows": 1361, "Actual Loops": 1, "Filter": "((country_code)::text = '[ru]'::text)", "Rows Removed by Filter": 233635}, {"Node Type": "Index Scan", "Parent Relationship": "Inner", "Scan Direction": "Forward", "Index Name": "company_id_movie_companies", "Relation Name": "movie_companies", "Alias": "mc", "Startup Cost": 0.0, "Total Cost": 40.56, "Plan Rows": 15, "Plan Width": 12, "Actual Startup Time": 9.443, "Actual Total Time": 24.475, "Actual Rows": 8790, "Actual Loops": 1361, "Index Cond": "(company_id = cn.id)", "Rows Removed by Index Recheck": 0}]}, {"Node Type": "Index Scan", "Parent Relationship": "Inner", "Scan Direction": "Forward", "Index Name": "movie_id_cast_info", "Relation Name": "cast_info", "Alias": "ci", "Startup Cost": 0.0, "Total Cost": 0.98, "Plan Rows": 1, "Plan Width": 12, "Actual Startup Time": 874.797, "Actual Total Time": 930.363, "Actual Rows": 377, "Actual Loops": 8790, "Index Cond": "(movie_id = mc.movie_id)", "Rows Removed by Index Recheck": 0, "Filter": "(((note)::text ~~ '%(voice)%'::text) AND ((note)::text ~~ '%(uncredited)%'::text))", "Rows Removed by Filter": 408168}]}]}, {"Node Type": "Index Scan", "Parent Relationship": "Inner", "Scan Direction": "Forward", "Index Name": "title_pkey", "Relation Name": "title", "Alias": "t", "Startup Cost": 0.0, "Total Cost": 0.34, "Plan Rows": 1, "Plan Width": 21, "Actual Startup Time": 2.259, "Actual Total Time": 2.259, "Actual Rows": 112, "Actual Loops": 275, "Index Cond": "(id = mc.movie_id)", "Rows Removed by Index Recheck": 0, "Filter": "(production_year > 2005)", "Rows Removed by Filter": 163}]}, {"Node Type": "Index Scan", "Parent Relationship": "Inner", "Scan Direction": "Forward", "Index Name": "char_name_pkey", "Relation Name": "char_name", "Alias": "chn", "Startup Cost": 0.0, "Total Cost": 5.37, "Plan Rows": 1, "Plan Width": 20, "Actual Startup Time": 1.0, "Actual Total Time": 1.0, "Actual Rows": 104, "Actual Loops": 112, "Index Cond": "(id = ci.person_role_id)", "Rows Removed by Index Recheck": 0}]}, {"Node Type": "Index Only Scan", "Parent Relationship": "Inner", "Scan Direction": "Forward", "Index Name": "company_type_pkey", "Relation Name": "company_type", "Alias": "ct", "Startup Cost": 0.0, "Total Cost": 0.27, "Plan Rows": 1, "Plan Width": 4, "Actual Startup Time": 0.162, "Actual Total Time": 0.162, "Actual Rows": 18, "Actual Loops": 104, "Index Cond": "(id = mc.company_type_id)", "Rows Removed by Index Recheck": 0, "Heap Fetches": 0}]}]}, "Triggers": [], "Planner Runtime": 6, "Total Runtime": 1285.003, "Unique SQL Id": 2933943827}}, "(16, 58)": {"explain_plan": {"Plan": {"Node Type": "Aggregate", "Strategy": "Plain", "Startup Cost": 278575.69, "Total Cost": 278575.7, "Plan Rows": 1, "Plan Width": 97, "Plans": [{"Node Type": "Nested Loop", "Parent Relationship": "Outer", "Join Type": "Inner", "Startup Cost": 0.0, "Total Cost": 278575.68, "Plan Rows": 2, "Plan Width": 33, "Inner Unique": false, "Join Filter": "(mc.company_type_id = ct.id)", "Plans": [{"Node Type": "Seq Scan", "Parent Relationship": "Outer", "Relation Name": "company_type", "Alias": "ct", "Startup Cost": 0.0, "Total Cost": 1.03, "Plan Rows": 3, "Plan Width": 4}, {"Node Type": "Materialize", "Parent Relationship": "Inner", "Startup Cost": 0.0, "Total Cost": 278574.57, "Plan Rows": 2, "Plan Width": 37, "Plans": [{"Node Type": "Streaming(type: LOCAL GATHER dop: 1/16)", "Parent Relationship": "Outer", "Startup Cost": 0.0, "Total Cost": 278574.56, "Plan Rows": 2, "Plan Width": 37, "Plans": [{"Node Type": "Nested Loop", "Parent Relationship": "Outer", "Join Type": "Inner", "Startup Cost": 0.0, "Total Cost": 278574.52, "Plan Rows": 2, "Plan Width": 37, "Inner Unique": false, "Join Filter": "(ci.person_role_id = chn.id)", "Plans": [{"Node Type": "Seq Scan", "Parent Relationship": "Outer", "Relation Name": "char_name", "Alias": "chn", "Startup Cost": 0.0, "Total Cost": 19218.34, "Plan Rows": 3140338, "Plan Width": 20}, {"Node Type": "Materialize", "Parent Relationship": "Inner", "Startup Cost": 0.0, "Total Cost": 244635.86, "Plan Rows": 80, "Plan Width": 25, "Plans": [{"Node Type": "Streaming(type: BROADCAST dop: 16/16)", "Parent Relationship": "Outer", "Startup Cost": 0.0, "Total Cost": 244635.83, "Plan Rows": 80, "Plan Width": 25, "Plans": [{"Node Type": "Nested Loop", "Parent Relationship": "Outer", "Join Type": "Inner", "Startup Cost": 0.0, "Total Cost": 229635.63, "Plan Rows": 5, "Plan Width": 25, "Inner Unique": false, "Join Filter": "(mc.movie_id = t.id)", "Plans": [{"Node Type": "Seq Scan", "Parent Relationship": "Outer", "Relation Name": "title", "Alias": "t", "Startup Cost": 0.0, "Total Cost": 19149.37, "Plan Rows": 1013492, "Plan Width": 21, "Filter": "(production_year > 2005), (LLVM Optimized)"}, {"Node Type": "Materialize", "Parent Relationship": "Inner", "Startup Cost": 0.0, "Total Cost": 204785.39, "Plan Rows": 96, "Plan Width": 16, "Plans": [{"Node Type": "Streaming(type: BROADCAST dop: 16/16)", "Parent Relationship": "Outer", "Startup Cost": 0.0, "Total Cost": 204785.36, "Plan Rows": 96, "Plan Width": 16, "Plans": [{"Node Type": "Nested Loop", "Parent Relationship": "Outer", "Join Type": "Inner", "Startup Cost": 0.0, "Total Cost": 189785.11, "Plan Rows": 6, "Plan Width": 16, "Inner Unique": false, "Join Filter": "(ci.movie_id = mc.movie_id)", "Plans": [{"Node Type": "Streaming(type: BROADCAST dop: 16/1)", "Parent Relationship": "Outer", "Startup Cost": 0.0, "Total Cost": 80409.42, "Plan Rows": 32432, "Plan Width": 8, "Plans": [{"Node Type": "Nested Loop", "Parent Relationship": "Outer", "Join Type": "Inner", "Startup Cost": 0.0, "Total Cost": 64709.47, "Plan Rows": 2027, "Plan Width": 8, "Inner Unique": false, "Join Filter": "(ci.role_id = rt.id)", "Plans": [{"Node Type": "Seq Scan", "Parent Relationship": "Outer", "Relation Name": "role_type", "Alias": "rt", "Startup Cost": 0.0, "Total Cost": 1.15, "Plan Rows": 1, "Plan Width": 4, "Filter": "((role)::text = 'actor'::text)"}, {"Node Type": "Materialize", "Parent Relationship": "Inner", "Startup Cost": 0.0, "Total Cost": 64485.37, "Plan Rows": 22295, "Plan Width": 12, "Plans": [{"Node Type": "Streaming(type: LOCAL GATHER dop: 1/16)", "Parent Relationship": "Outer", "Startup Cost": 0.0, "Total Cost": 64429.63, "Plan Rows": 22295, "Plan Width": 12, "Plans": [{"Node Type": "Seq Scan", "Parent Relationship": "Outer", "Relation Name": "cast_info", "Alias": "ci", "Startup Cost": 0.0, "Total Cost": 63948.46, "Plan Rows": 22295, "Plan Width": 12, "Filter": "(((note)::text ~~ '%(voice)%'::text) AND ((note)::text ~~ '%(uncredited)%'::text))"}]}]}]}]}, {"Node Type": "Materialize", "Parent Relationship": "Inner", "Startup Cost": 0.0, "Total Cost": 102195.0, "Plan Rows": 3779, "Plan Width": 8, "Plans": [{"Node Type": "Nested Loop", "Parent Relationship": "Outer", "Join Type": "Inner", "Startup Cost": 0.0, "Total Cost": 102193.82, "Plan Rows": 3779, "Plan Width": 8, "Inner Unique": false, "Join Filter": "(cn.id = mc.company_id)", "Plans": [{"Node Type": "Streaming(type: LOCAL REDISTRIBUTE dop: 16/1)", "Parent Relationship": "Outer", "Startup Cost": 0.0, "Total Cost": 20913.89, "Plan Rows": 251, "Plan Width": 4, "Plans": [{"Node Type": "Seq Scan", "Parent Relationship": "Outer", "Relation Name": "company_name", "Alias": "cn", "Startup Cost": 0.0, "Total Cost": 5903.45, "Plan Rows": 251, "Plan Width": 4, "Filter": "((country_code)::text = '[ru]'::text)"}]}, {"Node Type": "Materialize", "Parent Relationship": "Inner", "Startup Cost": 0.0, "Total Cost": 43315.08, "Plan Rows": 2609128, "Plan Width": 12, "Plans": [{"Node Type": "Streaming(type: LOCAL REDISTRIBUTE dop: 16/16)", "Parent Relationship": "Outer", "Startup Cost": 0.0, "Total Cost": 42499.73, "Plan Rows": 2609128, "Plan Width": 12, "Plans": [{"Node Type": "Seq Scan", "Parent Relationship": "Outer", "Relation Name": "movie_companies", "Alias": "mc", "Startup Cost": 0.0, "Total Cost": 17613.58, "Plan Rows": 2609128, "Plan Width": 12}]}]}]}]}]}]}]}]}]}]}]}]}]}]}]}, "Unique SQL Id": 2933943827, "Planner Runtime": 12}, "explain_analyze_plan": null}, "(16, 59)": {"explain_plan": {"Plan": {"Node Type": "Aggregate", "Strategy": "Plain", "Startup Cost": 7000198709657.34, "Total Cost": 7000198709657.35, "Plan Rows": 1, "Plan Width": 97, "Plans": [{"Node Type": "Nested Loop", "Parent Relationship": "Outer", "Join Type": "Inner", "Startup Cost": 70000000000.0, "Total Cost": 7000198709657.33, "Plan Rows": 2, "Plan Width": 33, "Inner Unique": true, "Join Filter": "(mc.company_type_id = ct.id)", "Plans": [{"Node Type": "Nested Loop", "Parent Relationship": "Outer", "Join Type": "Inner", "Startup Cost": 60000000000.0, "Total Cost": 6000198708827.73, "Plan Rows": 2, "Plan Width": 37, "Inner Unique": true, "Join Filter": "(ci.person_role_id = chn.id)", "Plans": [{"Node Type": "Nested Loop", "Parent Relationship": "Outer", "Join Type": "Inner", "Startup Cost": 50000000000.0, "Total Cost": 5000185477906.03, "Plan Rows": 5, "Plan Width": 25, "Inner Unique": true, "Join Filter": "(mc.movie_id = t.id)", "Plans": [{"Node Type": "Nested Loop", "Parent Relationship": "Outer", "Join Type": "Inner", "Startup Cost": 40000000000.0, "Total Cost": 4000173740031.35, "Plan Rows": 6, "Plan Width": 16, "Inner Unique": true, "Join Filter": "(ci.role_id = rt.id)", "Plans": [{"Node Type": "Nested Loop", "Parent Relationship": "Outer", "Join Type": "Inner", "Startup Cost": 30000000000.0, "Total Cost": 3000173738784.33, "Plan Rows": 68, "Plan Width": 20, "Inner Unique": false, "Join Filter": "(mc.movie_id = ci.movie_id)", "Plans": [{"Node Type": "Nested Loop", "Parent Relationship": "Outer", "Join Type": "Inner", "Startup Cost": 20000000000.0, "Total Cost": 2000020191723.52, "Plan Rows": 3779, "Plan Width": 8, "Inner Unique": true, "Join Filter": "(cn.id = mc.company_id)", "Plans": [{"Node Type": "Index Scan", "Parent Relationship": "Outer", "Scan Direction": "Forward", "Index Name": "company_type_id_movie_companies", "Relation Name": "movie_companies", "Alias": "mc", "Startup Cost": 10000000000.0, "Total Cost": 1000009318217.0, "Plan Rows": 2609128, "Plan Width": 12}, {"Node Type": "Materialize", "Parent Relationship": "Inner", "Startup Cost": 10000000000.0, "Total Cost": 1000001050140.22, "Plan Rows": 251, "Plan Width": 4, "Plans": [{"Node Type": "Index Scan", "Parent Relationship": "Outer", "Scan Direction": "Forward", "Index Name": "company_name_pkey", "Relation Name": "company_name", "Alias": "cn", "Startup Cost": 10000000000.0, "Total Cost": 1000001050138.97, "Plan Rows": 251, "Plan Width": 4, "Filter": "((country_code)::text = '[ru]'::text)"}]}]}, {"Node Type": "Materialize", "Parent Relationship": "Inner", "Startup Cost": 10000000000.0, "Total Cost": 1000152283324.47, "Plan Rows": 22295, "Plan Width": 12, "Plans": [{"Node Type": "Index Scan", "Parent Relationship": "Outer", "Scan Direction": "Forward", "Index Name": "role_id_cast_info", "Relation Name": "cast_info", "Alias": "ci", "Startup Cost": 10000000000.0, "Total Cost": 1000152283213.0, "Plan Rows": 22295, "Plan Width": 12, "Filter": "(((note)::text ~~ '%(voice)%'::text) AND ((note)::text ~~ '%(uncredited)%'::text))"}]}]}, {"Node Type": "Materialize", "Parent Relationship": "Inner", "Startup Cost": 10000000000.0, "Total Cost": 1000000001246.0, "Plan Rows": 1, "Plan Width": 4, "Plans": [{"Node Type": "Index Scan", "Parent Relationship": "Outer", "Scan Direction": "Forward", "Index Name": "role_type_pkey", "Relation Name": "role_type", "Alias": "rt", "Startup Cost": 10000000000.0, "Total Cost": 1000000001246.0, "Plan Rows": 1, "Plan Width": 4, "Filter": "((role)::text = 'actor'::text)"}]}]}, {"Node Type": "Materialize", "Parent Relationship": "Inner", "Startup Cost": 10000000000.0, "Total Cost": 1000011649194.12, "Plan Rows": 1013492, "Plan Width": 21, "Plans": [{"Node Type": "Index Scan", "Parent Relationship": "Outer", "Scan Direction": "Forward", "Index Name": "title_pkey", "Relation Name": "title", "Alias": "t", "Startup Cost": 10000000000.0, "Total Cost": 1000011644126.66, "Plan Rows": 1013492, "Plan Width": 21, "Filter": "(production_year > 2005), (LLVM Optimized)"}]}]}, {"Node Type": "Materialize", "Parent Relationship": "Inner", "Startup Cost": 10000000000.0, "Total Cost": 1000013003247.2, "Plan Rows": 3140338, "Plan Width": 20, "Plans": [{"Node Type": "Index Scan", "Parent Relationship": "Outer", "Scan Direction": "Forward", "Index Name": "char_name_pkey", "Relation Name": "char_name", "Alias": "chn", "Startup Cost": 10000000000.0, "Total Cost": 1000012987545.51, "Plan Rows": 3140338, "Plan Width": 20}]}]}, {"Node Type": "Materialize", "Parent Relationship": "Inner", "Startup Cost": 10000000000.0, "Total Cost": 1000000000829.52, "Plan Rows": 3, "Plan Width": 4, "Plans": [{"Node Type": "Index Only Scan", "Parent Relationship": "Outer", "Scan Direction": "Forward", "Index Name": "company_type_pkey", "Relation Name": "company_type", "Alias": "ct", "Startup Cost": 10000000000.0, "Total Cost": 1000000000829.5, "Plan Rows": 3, "Plan Width": 4}]}]}]}, "Unique SQL Id": 2933943827, "Planner Runtime": 6}, "explain_analyze_plan": null}, "(16, 60)": {"explain_plan": {"Plan": {"Node Type": "Aggregate", "Strategy": "Plain", "Startup Cost": 19897.43, "Total Cost": 19897.44, "Plan Rows": 1, "Plan Width": 97, "Plans": [{"Node Type": "Nested Loop", "Parent Relationship": "Outer", "Join Type": "Inner", "Startup Cost": 0.0, "Total Cost": 19897.42, "Plan Rows": 2, "Plan Width": 33, "Inner Unique": true, "Plans": [{"Node Type": "Nested Loop", "Parent Relationship": "Outer", "Join Type": "Inner", "Startup Cost": 0.0, "Total Cost": 19896.86, "Plan Rows": 2, "Plan Width": 37, "Inner Unique": true, "Plans": [{"Node Type": "Nested Loop", "Parent Relationship": "Outer", "Join Type": "Inner", "Startup Cost": 0.0, "Total Cost": 19869.97, "Plan Rows": 5, "Plan Width": 25, "Inner Unique": true, "Plans": [{"Node Type": "Nested Loop", "Parent Relationship": "Outer", "Join Type": "Inner", "Startup Cost": 0.0, "Total Cost": 19867.87, "Plan Rows": 6, "Plan Width": 16, "Inner Unique": false, "Join Filter": "(ci.role_id = rt.id)", "Plans": [{"Node Type": "Seq Scan", "Parent Relationship": "Outer", "Relation Name": "role_type", "Alias": "rt", "Startup Cost": 0.0, "Total Cost": 1.15, "Plan Rows": 1, "Plan Width": 4, "Filter": "((role)::text = 'actor'::text)"}, {"Node Type": "Nested Loop", "Parent Relationship": "Inner", "Join Type": "Inner", "Startup Cost": 0.0, "Total Cost": 19865.87, "Plan Rows": 68, "Plan Width": 20, "Inner Unique": false, "Plans": [{"Node Type": "Nested Loop", "Parent Relationship": "Outer", "Join Type": "Inner", "Startup Cost": 0.0, "Total Cost": 16121.55, "Plan Rows": 3779, "Plan Width": 8, "Inner Unique": false, "Plans": [{"Node Type": "Seq Scan", "Parent Relationship": "Outer", "Relation Name": "company_name", "Alias": "cn", "Startup Cost": 0.0, "Total Cost": 5903.45, "Plan Rows": 251, "Plan Width": 4, "Filter": "((country_code)::text = '[ru]'::text)"}, {"Node Type": "Index Scan", "Parent Relationship": "Inner", "Scan Direction": "Forward", "Index Name": "company_id_movie_companies", "Relation Name": "movie_companies", "Alias": "mc", "Startup Cost": 0.0, "Total Cost": 40.56, "Plan Rows": 15, "Plan Width": 12, "Index Cond": "(company_id = cn.id)"}]}, {"Node Type": "Index Scan", "Parent Relationship": "Inner", "Scan Direction": "Forward", "Index Name": "movie_id_cast_info", "Relation Name": "cast_info", "Alias": "ci", "Startup Cost": 0.0, "Total Cost": 0.98, "Plan Rows": 1, "Plan Width": 12, "Index Cond": "(movie_id = mc.movie_id)", "Filter": "(((note)::text ~~ '%(voice)%'::text) AND ((note)::text ~~ '%(uncredited)%'::text))"}]}]}, {"Node Type": "Index Scan", "Parent Relationship": "Inner", "Scan Direction": "Forward", "Index Name": "title_pkey", "Relation Name": "title", "Alias": "t", "Startup Cost": 0.0, "Total Cost": 0.34, "Plan Rows": 1, "Plan Width": 21, "Index Cond": "(id = mc.movie_id)", "Filter": "(production_year > 2005)"}]}, {"Node Type": "Index Scan", "Parent Relationship": "Inner", "Scan Direction": "Forward", "Index Name": "char_name_pkey", "Relation Name": "char_name", "Alias": "chn", "Startup Cost": 0.0, "Total Cost": 5.37, "Plan Rows": 1, "Plan Width": 20, "Index Cond": "(id = ci.person_role_id)"}]}, {"Node Type": "Index Scan", "Parent Relationship": "Inner", "Scan Direction": "Forward", "Index Name": "company_type_pkey", "Relation Name": "company_type", "Alias": "ct", "Startup Cost": 0.0, "Total Cost": 0.27, "Plan Rows": 1, "Plan Width": 4, "Index Cond": "(id = mc.company_type_id)"}]}]}, "Unique SQL Id": 2933943827, "Planner Runtime": 7}, "explain_analyze_plan": {"Plan": {"Node Type": "Aggregate", "Strategy": "Plain", "Startup Cost": 19897.43, "Total Cost": 19897.44, "Plan Rows": 1, "Plan Width": 97, "Actual Startup Time": 1044.453, "Actual Total Time": 1044.453, "Actual Rows": 1, "Actual Loops": 1, "Plans": [{"Node Type": "Nested Loop", "Parent Relationship": "Outer", "Join Type": "Inner", "Startup Cost": 0.0, "Total Cost": 19897.42, "Plan Rows": 2, "Plan Width": 33, "Actual Startup Time": 61.95, "Actual Total Time": 1044.352, "Actual Rows": 18, "Actual Loops": 1, "Inner Unique": true, "Plans": [{"Node Type": "Nested Loop", "Parent Relationship": "Outer", "Join Type": "Inner", "Startup Cost": 0.0, "Total Cost": 19896.86, "Plan Rows": 2, "Plan Width": 37, "Actual Startup Time": 12.333, "Actual Total Time": 1044.034, "Actual Rows": 104, "Actual Loops": 1, "Inner Unique": true, "Plans": [{"Node Type": "Nested Loop", "Parent Relationship": "Outer", "Join Type": "Inner", "Startup Cost": 0.0, "Total Cost": 19869.97, "Plan Rows": 5, "Plan Width": 25, "Actual Startup Time": 12.321, "Actual Total Time": 1042.856, "Actual Rows": 112, "Actual Loops": 1, "Inner Unique": true, "Plans": [{"Node Type": "Nested Loop", "Parent Relationship": "Outer", "Join Type": "Inner", "Startup Cost": 0.0, "Total Cost": 19867.87, "Plan Rows": 6, "Plan Width": 16, "Actual Startup Time": 0.86, "Actual Total Time": 1040.304, "Actual Rows": 275, "Actual Loops": 1, "Inner Unique": false, "Join Filter": "(ci.role_id = rt.id)", "Rows Removed by Join Filter": 102, "Plans": [{"Node Type": "Seq Scan", "Parent Relationship": "Outer", "Relation Name": "role_type", "Alias": "rt", "Startup Cost": 0.0, "Total Cost": 1.15, "Plan Rows": 1, "Plan Width": 4, "Actual Startup Time": 0.016, "Actual Total Time": 0.025, "Actual Rows": 1, "Actual Loops": 1, "Filter": "((role)::text = 'actor'::text)", "Rows Removed by Filter": 11}, {"Node Type": "Nested Loop", "Parent Relationship": "Inner", "Join Type": "Inner", "Startup Cost": 0.0, "Total Cost": 19865.87, "Plan Rows": 68, "Plan Width": 20, "Actual Startup Time": 0.837, "Actual Total Time": 1040.014, "Actual Rows": 377, "Actual Loops": 1, "Inner Unique": false, "Plans": [{"Node Type": "Nested Loop", "Parent Relationship": "Outer", "Join Type": "Inner", "Startup Cost": 0.0, "Total Cost": 16121.55, "Plan Rows": 3779, "Plan Width": 8, "Actual Startup Time": 0.057, "Actual Total Time": 114.57, "Actual Rows": 8790, "Actual Loops": 1, "Inner Unique": false, "Plans": [{"Node Type": "Seq Scan", "Parent Relationship": "Outer", "Relation Name": "company_name", "Alias": "cn", "Startup Cost": 0.0, "Total Cost": 5903.45, "Plan Rows": 251, "Plan Width": 4, "Actual Startup Time": 0.036, "Actual Total Time": 85.328, "Actual Rows": 1361, "Actual Loops": 1, "Filter": "((country_code)::text = '[ru]'::text)", "Rows Removed by Filter": 233635}, {"Node Type": "Index Scan", "Parent Relationship": "Inner", "Scan Direction": "Forward", "Index Name": "company_id_movie_companies", "Relation Name": "movie_companies", "Alias": "mc", "Startup Cost": 0.0, "Total Cost": 40.56, "Plan Rows": 15, "Plan Width": 12, "Actual Startup Time": 10.803, "Actual Total Time": 26.091, "Actual Rows": 8790, "Actual Loops": 1361, "Index Cond": "(company_id = cn.id)", "Rows Removed by Index Recheck": 0}]}, {"Node Type": "Index Scan", "Parent Relationship": "Inner", "Scan Direction": "Forward", "Index Name": "movie_id_cast_info", "Relation Name": "cast_info", "Alias": "ci", "Startup Cost": 0.0, "Total Cost": 0.98, "Plan Rows": 1, "Plan Width": 12, "Actual Startup Time": 865.63, "Actual Total Time": 920.19, "Actual Rows": 377, "Actual Loops": 8790, "Index Cond": "(movie_id = mc.movie_id)", "Rows Removed by Index Recheck": 0, "Filter": "(((note)::text ~~ '%(voice)%'::text) AND ((note)::text ~~ '%(uncredited)%'::text))", "Rows Removed by Filter": 408168}]}]}, {"Node Type": "Index Scan", "Parent Relationship": "Inner", "Scan Direction": "Forward", "Index Name": "title_pkey", "Relation Name": "title", "Alias": "t", "Startup Cost": 0.0, "Total Cost": 0.34, "Plan Rows": 1, "Plan Width": 21, "Actual Startup Time": 2.175, "Actual Total Time": 2.175, "Actual Rows": 112, "Actual Loops": 275, "Index Cond": "(id = mc.movie_id)", "Rows Removed by Index Recheck": 0, "Filter": "(production_year > 2005)", "Rows Removed by Filter": 163}]}, {"Node Type": "Index Scan", "Parent Relationship": "Inner", "Scan Direction": "Forward", "Index Name": "char_name_pkey", "Relation Name": "char_name", "Alias": "chn", "Startup Cost": 0.0, "Total Cost": 5.37, "Plan Rows": 1, "Plan Width": 20, "Actual Startup Time": 0.95, "Actual Total Time": 0.95, "Actual Rows": 104, "Actual Loops": 112, "Index Cond": "(id = ci.person_role_id)", "Rows Removed by Index Recheck": 0}]}, {"Node Type": "Index Scan", "Parent Relationship": "Inner", "Scan Direction": "Forward", "Index Name": "company_type_pkey", "Relation Name": "company_type", "Alias": "ct", "Startup Cost": 0.0, "Total Cost": 0.27, "Plan Rows": 1, "Plan Width": 4, "Actual Startup Time": 0.173, "Actual Total Time": 0.173, "Actual Rows": 18, "Actual Loops": 104, "Index Cond": "(id = mc.company_type_id)", "Rows Removed by Index Recheck": 0}]}]}, "Triggers": [], "Planner Runtime": 6, "Total Runtime": 1044.846, "Unique SQL Id": 2933943827}}, "(16, 61)": {"explain_plan": {"Plan": {"Node Type": "Aggregate", "Strategy": "Plain", "Startup Cost": 24506.67, "Total Cost": 24506.68, "Plan Rows": 1, "Plan Width": 97, "Plans": [{"Node Type": "Nested Loop", "Parent Relationship": "Outer", "Join Type": "Inner", "Startup Cost": 0.0, "Total Cost": 24506.66, "Plan Rows": 2, "Plan Width": 33, "Inner Unique": true, "Plans": [{"Node Type": "Nested Loop", "Parent Relationship": "Outer", "Join Type": "Inner", "Startup Cost": 0.0, "Total Cost": 24506.1, "Plan Rows": 2, "Plan Width": 37, "Inner Unique": true, "Plans": [{"Node Type": "Nested Loop", "Parent Relationship": "Outer", "Join Type": "Inner", "Startup Cost": 0.0, "Total Cost": 24479.22, "Plan Rows": 5, "Plan Width": 25, "Inner Unique": true, "Plans": [{"Node Type": "Nested Loop", "Parent Relationship": "Outer", "Join Type": "Inner", "Startup Cost": 0.0, "Total Cost": 24477.12, "Plan Rows": 6, "Plan Width": 16, "Inner Unique": false, "Join Filter": "(ci.role_id = rt.id)", "Plans": [{"Node Type": "Index Scan", "Parent Relationship": "Outer", "Scan Direction": "Forward", "Index Name": "role_type_pkey", "Relation Name": "role_type", "Alias": "rt", "Startup Cost": 0.0, "Total Cost": 12.46, "Plan Rows": 1, "Plan Width": 4, "Filter": "((role)::text = 'actor'::text)"}, {"Node Type": "Nested Loop", "Parent Relationship": "Inner", "Join Type": "Inner", "Startup Cost": 0.0, "Total Cost": 24463.81, "Plan Rows": 68, "Plan Width": 20, "Inner Unique": false, "Plans": [{"Node Type": "Nested Loop", "Parent Relationship": "Outer", "Join Type": "Inner", "Startup Cost": 0.0, "Total Cost": 20719.49, "Plan Rows": 3779, "Plan Width": 8, "Inner Unique": false, "Plans": [{"Node Type": "Index Scan", "Parent Relationship": "Outer", "Scan Direction": "Forward", "Index Name": "company_name_pkey", "Relation Name": "company_name", "Alias": "cn", "Startup Cost": 0.0, "Total Cost": 10501.39, "Plan Rows": 251, "Plan Width": 4, "Filter": "((country_code)::text = '[ru]'::text)"}, {"Node Type": "Index Scan", "Parent Relationship": "Inner", "Scan Direction": "Forward", "Index Name": "company_id_movie_companies", "Relation Name": "movie_companies", "Alias": "mc", "Startup Cost": 0.0, "Total Cost": 40.56, "Plan Rows": 15, "Plan Width": 12, "Index Cond": "(company_id = cn.id)"}]}, {"Node Type": "Index Scan", "Parent Relationship": "Inner", "Scan Direction": "Forward", "Index Name": "movie_id_cast_info", "Relation Name": "cast_info", "Alias": "ci", "Startup Cost": 0.0, "Total Cost": 0.98, "Plan Rows": 1, "Plan Width": 12, "Index Cond": "(movie_id = mc.movie_id)", "Filter": "(((note)::text ~~ '%(voice)%'::text) AND ((note)::text ~~ '%(uncredited)%'::text))"}]}]}, {"Node Type": "Index Scan", "Parent Relationship": "Inner", "Scan Direction": "Forward", "Index Name": "title_pkey", "Relation Name": "title", "Alias": "t", "Startup Cost": 0.0, "Total Cost": 0.34, "Plan Rows": 1, "Plan Width": 21, "Index Cond": "(id = mc.movie_id)", "Filter": "(production_year > 2005)"}]}, {"Node Type": "Index Scan", "Parent Relationship": "Inner", "Scan Direction": "Forward", "Index Name": "char_name_pkey", "Relation Name": "char_name", "Alias": "chn", "Startup Cost": 0.0, "Total Cost": 5.37, "Plan Rows": 1, "Plan Width": 20, "Index Cond": "(id = ci.person_role_id)"}]}, {"Node Type": "Index Scan", "Parent Relationship": "Inner", "Scan Direction": "Forward", "Index Name": "company_type_pkey", "Relation Name": "company_type", "Alias": "ct", "Startup Cost": 0.0, "Total Cost": 0.27, "Plan Rows": 1, "Plan Width": 4, "Index Cond": "(id = mc.company_type_id)"}]}]}, "Unique SQL Id": 2933943827, "Planner Runtime": 6}, "explain_analyze_plan": {"Plan": {"Node Type": "Aggregate", "Strategy": "Plain", "Startup Cost": 24506.67, "Total Cost": 24506.68, "Plan Rows": 1, "Plan Width": 97, "Actual Startup Time": 1291.61, "Actual Total Time": 1291.611, "Actual Rows": 1, "Actual Loops": 1, "Plans": [{"Node Type": "Nested Loop", "Parent Relationship": "Outer", "Join Type": "Inner", "Startup Cost": 0.0, "Total Cost": 24506.66, "Plan Rows": 2, "Plan Width": 33, "Actual Startup Time": 37.858, "Actual Total Time": 1291.529, "Actual Rows": 18, "Actual Loops": 1, "Inner Unique": true, "Plans": [{"Node Type": "Nested Loop", "Parent Relationship": "Outer", "Join Type": "Inner", "Startup Cost": 0.0, "Total Cost": 24506.1, "Plan Rows": 2, "Plan Width": 37, "Actual Startup Time": 29.171, "Actual Total Time": 1291.214, "Actual Rows": 104, "Actual Loops": 1, "Inner Unique": true, "Plans": [{"Node Type": "Nested Loop", "Parent Relationship": "Outer", "Join Type": "Inner", "Startup Cost": 0.0, "Total Cost": 24479.22, "Plan Rows": 5, "Plan Width": 25, "Actual Startup Time": 29.155, "Actual Total Time": 1289.962, "Actual Rows": 112, "Actual Loops": 1, "Inner Unique": true, "Plans": [{"Node Type": "Nested Loop", "Parent Relationship": "Outer", "Join Type": "Inner", "Startup Cost": 0.0, "Total Cost": 24477.12, "Plan Rows": 6, "Plan Width": 16, "Actual Startup Time": 9.022, "Actual Total Time": 1287.312, "Actual Rows": 275, "Actual Loops": 1, "Inner Unique": false, "Join Filter": "(ci.role_id = rt.id)", "Rows Removed by Join Filter": 102, "Plans": [{"Node Type": "Index Scan", "Parent Relationship": "Outer", "Scan Direction": "Forward", "Index Name": "role_type_pkey", "Relation Name": "role_type", "Alias": "rt", "Startup Cost": 0.0, "Total Cost": 12.46, "Plan Rows": 1, "Plan Width": 4, "Actual Startup Time": 0.018, "Actual Total Time": 0.032, "Actual Rows": 1, "Actual Loops": 1, "Filter": "((role)::text = 'actor'::text)", "Rows Removed by Filter": 11}, {"Node Type": "Nested Loop", "Parent Relationship": "Inner", "Join Type": "Inner", "Startup Cost": 0.0, "Total Cost": 24463.81, "Plan Rows": 68, "Plan Width": 20, "Actual Startup Time": 8.997, "Actual Total Time": 1287.023, "Actual Rows": 377, "Actual Loops": 1, "Inner Unique": false, "Plans": [{"Node Type": "Nested Loop", "Parent Relationship": "Outer", "Join Type": "Inner", "Startup Cost": 0.0, "Total Cost": 20719.49, "Plan Rows": 3779, "Plan Width": 8, "Actual Startup Time": 0.754, "Actual Total Time": 347.85, "Actual Rows": 8790, "Actual Loops": 1, "Inner Unique": false, "Plans": [{"Node Type": "Index Scan", "Parent Relationship": "Outer", "Scan Direction": "Forward", "Index Name": "company_name_pkey", "Relation Name": "company_name", "Alias": "cn", "Startup Cost": 0.0, "Total Cost": 10501.39, "Plan Rows": 251, "Plan Width": 4, "Actual Startup Time": 0.735, "Actual Total Time": 319.335, "Actual Rows": 1361, "Actual Loops": 1, "Filter": "((country_code)::text = '[ru]'::text)", "Rows Removed by Filter": 233635}, {"Node Type": "Index Scan", "Parent Relationship": "Inner", "Scan Direction": "Forward", "Index Name": "company_id_movie_companies", "Relation Name": "movie_companies", "Alias": "mc", "Startup Cost": 0.0, "Total Cost": 40.56, "Plan Rows": 15, "Plan Width": 12, "Actual Startup Time": 9.592, "Actual Total Time": 25.063, "Actual Rows": 8790, "Actual Loops": 1361, "Index Cond": "(company_id = cn.id)", "Rows Removed by Index Recheck": 0}]}, {"Node Type": "Index Scan", "Parent Relationship": "Inner", "Scan Direction": "Forward", "Index Name": "movie_id_cast_info", "Relation Name": "cast_info", "Alias": "ci", "Startup Cost": 0.0, "Total Cost": 0.98, "Plan Rows": 1, "Plan Width": 12, "Actual Startup Time": 878.611, "Actual Total Time": 933.777, "Actual Rows": 377, "Actual Loops": 8790, "Index Cond": "(movie_id = mc.movie_id)", "Rows Removed by Index Recheck": 0, "Filter": "(((note)::text ~~ '%(voice)%'::text) AND ((note)::text ~~ '%(uncredited)%'::text))", "Rows Removed by Filter": 408168}]}]}, {"Node Type": "Index Scan", "Parent Relationship": "Inner", "Scan Direction": "Forward", "Index Name": "title_pkey", "Relation Name": "title", "Alias": "t", "Startup Cost": 0.0, "Total Cost": 0.34, "Plan Rows": 1, "Plan Width": 21, "Actual Startup Time": 2.271, "Actual Total Time": 2.271, "Actual Rows": 112, "Actual Loops": 275, "Index Cond": "(id = mc.movie_id)", "Rows Removed by Index Recheck": 0, "Filter": "(production_year > 2005)", "Rows Removed by Filter": 163}]}, {"Node Type": "Index Scan", "Parent Relationship": "Inner", "Scan Direction": "Forward", "Index Name": "char_name_pkey", "Relation Name": "char_name", "Alias": "chn", "Startup Cost": 0.0, "Total Cost": 5.37, "Plan Rows": 1, "Plan Width": 20, "Actual Startup Time": 0.997, "Actual Total Time": 0.997, "Actual Rows": 104, "Actual Loops": 112, "Index Cond": "(id = ci.person_role_id)", "Rows Removed by Index Recheck": 0}]}, {"Node Type": "Index Scan", "Parent Relationship": "Inner", "Scan Direction": "Forward", "Index Name": "company_type_pkey", "Relation Name": "company_type", "Alias": "ct", "Startup Cost": 0.0, "Total Cost": 0.27, "Plan Rows": 1, "Plan Width": 4, "Actual Startup Time": 0.156, "Actual Total Time": 0.156, "Actual Rows": 18, "Actual Loops": 104, "Index Cond": "(id = mc.company_type_id)", "Rows Removed by Index Recheck": 0}]}]}, "Triggers": [], "Planner Runtime": 6, "Total Runtime": 1292.039, "Unique SQL Id": 2933943827}}, "(16, 62)": {"explain_plan": {"Plan": {"Node Type": "Aggregate", "Strategy": "Plain", "Startup Cost": 278575.69, "Total Cost": 278575.7, "Plan Rows": 1, "Plan Width": 97, "Plans": [{"Node Type": "Nested Loop", "Parent Relationship": "Outer", "Join Type": "Inner", "Startup Cost": 0.0, "Total Cost": 278575.68, "Plan Rows": 2, "Plan Width": 33, "Inner Unique": false, "Join Filter": "(mc.company_type_id = ct.id)", "Plans": [{"Node Type": "Seq Scan", "Parent Relationship": "Outer", "Relation Name": "company_type", "Alias": "ct", "Startup Cost": 0.0, "Total Cost": 1.03, "Plan Rows": 3, "Plan Width": 4}, {"Node Type": "Materialize", "Parent Relationship": "Inner", "Startup Cost": 0.0, "Total Cost": 278574.57, "Plan Rows": 2, "Plan Width": 37, "Plans": [{"Node Type": "Streaming(type: LOCAL GATHER dop: 1/16)", "Parent Relationship": "Outer", "Startup Cost": 0.0, "Total Cost": 278574.56, "Plan Rows": 2, "Plan Width": 37, "Plans": [{"Node Type": "Nested Loop", "Parent Relationship": "Outer", "Join Type": "Inner", "Startup Cost": 0.0, "Total Cost": 278574.52, "Plan Rows": 2, "Plan Width": 37, "Inner Unique": false, "Join Filter": "(ci.person_role_id = chn.id)", "Plans": [{"Node Type": "Seq Scan", "Parent Relationship": "Outer", "Relation Name": "char_name", "Alias": "chn", "Startup Cost": 0.0, "Total Cost": 19218.34, "Plan Rows": 3140338, "Plan Width": 20}, {"Node Type": "Materialize", "Parent Relationship": "Inner", "Startup Cost": 0.0, "Total Cost": 244635.86, "Plan Rows": 80, "Plan Width": 25, "Plans": [{"Node Type": "Streaming(type: BROADCAST dop: 16/16)", "Parent Relationship": "Outer", "Startup Cost": 0.0, "Total Cost": 244635.83, "Plan Rows": 80, "Plan Width": 25, "Plans": [{"Node Type": "Nested Loop", "Parent Relationship": "Outer", "Join Type": "Inner", "Startup Cost": 0.0, "Total Cost": 229635.63, "Plan Rows": 5, "Plan Width": 25, "Inner Unique": false, "Join Filter": "(mc.movie_id = t.id)", "Plans": [{"Node Type": "Seq Scan", "Parent Relationship": "Outer", "Relation Name": "title", "Alias": "t", "Startup Cost": 0.0, "Total Cost": 19149.37, "Plan Rows": 1013492, "Plan Width": 21, "Filter": "(production_year > 2005), (LLVM Optimized)"}, {"Node Type": "Materialize", "Parent Relationship": "Inner", "Startup Cost": 0.0, "Total Cost": 204785.39, "Plan Rows": 96, "Plan Width": 16, "Plans": [{"Node Type": "Streaming(type: BROADCAST dop: 16/16)", "Parent Relationship": "Outer", "Startup Cost": 0.0, "Total Cost": 204785.36, "Plan Rows": 96, "Plan Width": 16, "Plans": [{"Node Type": "Nested Loop", "Parent Relationship": "Outer", "Join Type": "Inner", "Startup Cost": 0.0, "Total Cost": 189785.11, "Plan Rows": 6, "Plan Width": 16, "Inner Unique": false, "Join Filter": "(ci.movie_id = mc.movie_id)", "Plans": [{"Node Type": "Streaming(type: BROADCAST dop: 16/1)", "Parent Relationship": "Outer", "Startup Cost": 0.0, "Total Cost": 80409.42, "Plan Rows": 32432, "Plan Width": 8, "Plans": [{"Node Type": "Nested Loop", "Parent Relationship": "Outer", "Join Type": "Inner", "Startup Cost": 0.0, "Total Cost": 64709.47, "Plan Rows": 2027, "Plan Width": 8, "Inner Unique": false, "Join Filter": "(ci.role_id = rt.id)", "Plans": [{"Node Type": "Seq Scan", "Parent Relationship": "Outer", "Relation Name": "role_type", "Alias": "rt", "Startup Cost": 0.0, "Total Cost": 1.15, "Plan Rows": 1, "Plan Width": 4, "Filter": "((role)::text = 'actor'::text)"}, {"Node Type": "Materialize", "Parent Relationship": "Inner", "Startup Cost": 0.0, "Total Cost": 64485.37, "Plan Rows": 22295, "Plan Width": 12, "Plans": [{"Node Type": "Streaming(type: LOCAL GATHER dop: 1/16)", "Parent Relationship": "Outer", "Startup Cost": 0.0, "Total Cost": 64429.63, "Plan Rows": 22295, "Plan Width": 12, "Plans": [{"Node Type": "Seq Scan", "Parent Relationship": "Outer", "Relation Name": "cast_info", "Alias": "ci", "Startup Cost": 0.0, "Total Cost": 63948.46, "Plan Rows": 22295, "Plan Width": 12, "Filter": "(((note)::text ~~ '%(voice)%'::text) AND ((note)::text ~~ '%(uncredited)%'::text))"}]}]}]}]}, {"Node Type": "Materialize", "Parent Relationship": "Inner", "Startup Cost": 0.0, "Total Cost": 102195.0, "Plan Rows": 3779, "Plan Width": 8, "Plans": [{"Node Type": "Nested Loop", "Parent Relationship": "Outer", "Join Type": "Inner", "Startup Cost": 0.0, "Total Cost": 102193.82, "Plan Rows": 3779, "Plan Width": 8, "Inner Unique": false, "Join Filter": "(cn.id = mc.company_id)", "Plans": [{"Node Type": "Streaming(type: LOCAL REDISTRIBUTE dop: 16/1)", "Parent Relationship": "Outer", "Startup Cost": 0.0, "Total Cost": 20913.89, "Plan Rows": 251, "Plan Width": 4, "Plans": [{"Node Type": "Seq Scan", "Parent Relationship": "Outer", "Relation Name": "company_name", "Alias": "cn", "Startup Cost": 0.0, "Total Cost": 5903.45, "Plan Rows": 251, "Plan Width": 4, "Filter": "((country_code)::text = '[ru]'::text)"}]}, {"Node Type": "Materialize", "Parent Relationship": "Inner", "Startup Cost": 0.0, "Total Cost": 43315.08, "Plan Rows": 2609128, "Plan Width": 12, "Plans": [{"Node Type": "Streaming(type: LOCAL REDISTRIBUTE dop: 16/16)", "Parent Relationship": "Outer", "Startup Cost": 0.0, "Total Cost": 42499.73, "Plan Rows": 2609128, "Plan Width": 12, "Plans": [{"Node Type": "Seq Scan", "Parent Relationship": "Outer", "Relation Name": "movie_companies", "Alias": "mc", "Startup Cost": 0.0, "Total Cost": 17613.58, "Plan Rows": 2609128, "Plan Width": 12}]}]}]}]}]}]}]}]}]}]}]}]}]}]}]}, "Unique SQL Id": 2933943827, "Planner Runtime": 12}, "explain_analyze_plan": null}, "(16, 63)": {"explain_plan": {"Plan": {"Node Type": "Aggregate", "Strategy": "Plain", "Startup Cost": 7000198710057.34, "Total Cost": 7000198710057.35, "Plan Rows": 1, "Plan Width": 97, "Plans": [{"Node Type": "Nested Loop", "Parent Relationship": "Outer", "Join Type": "Inner", "Startup Cost": 70000000000.0, "Total Cost": 7000198710057.33, "Plan Rows": 2, "Plan Width": 33, "Inner Unique": true, "Join Filter": "(mc.company_type_id = ct.id)", "Plans": [{"Node Type": "Nested Loop", "Parent Relationship": "Outer", "Join Type": "Inner", "Startup Cost": 60000000000.0, "Total Cost": 6000198708827.73, "Plan Rows": 2, "Plan Width": 37, "Inner Unique": true, "Join Filter": "(ci.person_role_id = chn.id)", "Plans": [{"Node Type": "Nested Loop", "Parent Relationship": "Outer", "Join Type": "Inner", "Startup Cost": 50000000000.0, "Total Cost": 5000185477906.03, "Plan Rows": 5, "Plan Width": 25, "Inner Unique": true, "Join Filter": "(mc.movie_id = t.id)", "Plans": [{"Node Type": "Nested Loop", "Parent Relationship": "Outer", "Join Type": "Inner", "Startup Cost": 40000000000.0, "Total Cost": 4000173740031.35, "Plan Rows": 6, "Plan Width": 16, "Inner Unique": true, "Join Filter": "(ci.role_id = rt.id)", "Plans": [{"Node Type": "Nested Loop", "Parent Relationship": "Outer", "Join Type": "Inner", "Startup Cost": 30000000000.0, "Total Cost": 3000173738784.33, "Plan Rows": 68, "Plan Width": 20, "Inner Unique": false, "Join Filter": "(mc.movie_id = ci.movie_id)", "Plans": [{"Node Type": "Nested Loop", "Parent Relationship": "Outer", "Join Type": "Inner", "Startup Cost": 20000000000.0, "Total Cost": 2000020191723.52, "Plan Rows": 3779, "Plan Width": 8, "Inner Unique": true, "Join Filter": "(cn.id = mc.company_id)", "Plans": [{"Node Type": "Index Scan", "Parent Relationship": "Outer", "Scan Direction": "Forward", "Index Name": "company_type_id_movie_companies", "Relation Name": "movie_companies", "Alias": "mc", "Startup Cost": 10000000000.0, "Total Cost": 1000009318217.0, "Plan Rows": 2609128, "Plan Width": 12}, {"Node Type": "Materialize", "Parent Relationship": "Inner", "Startup Cost": 10000000000.0, "Total Cost": 1000001050140.22, "Plan Rows": 251, "Plan Width": 4, "Plans": [{"Node Type": "Index Scan", "Parent Relationship": "Outer", "Scan Direction": "Forward", "Index Name": "company_name_pkey", "Relation Name": "company_name", "Alias": "cn", "Startup Cost": 10000000000.0, "Total Cost": 1000001050138.97, "Plan Rows": 251, "Plan Width": 4, "Filter": "((country_code)::text = '[ru]'::text)"}]}]}, {"Node Type": "Materialize", "Parent Relationship": "Inner", "Startup Cost": 10000000000.0, "Total Cost": 1000152283324.47, "Plan Rows": 22295, "Plan Width": 12, "Plans": [{"Node Type": "Index Scan", "Parent Relationship": "Outer", "Scan Direction": "Forward", "Index Name": "role_id_cast_info", "Relation Name": "cast_info", "Alias": "ci", "Startup Cost": 10000000000.0, "Total Cost": 1000152283213.0, "Plan Rows": 22295, "Plan Width": 12, "Filter": "(((note)::text ~~ '%(voice)%'::text) AND ((note)::text ~~ '%(uncredited)%'::text))"}]}]}, {"Node Type": "Materialize", "Parent Relationship": "Inner", "Startup Cost": 10000000000.0, "Total Cost": 1000000001246.0, "Plan Rows": 1, "Plan Width": 4, "Plans": [{"Node Type": "Index Scan", "Parent Relationship": "Outer", "Scan Direction": "Forward", "Index Name": "role_type_pkey", "Relation Name": "role_type", "Alias": "rt", "Startup Cost": 10000000000.0, "Total Cost": 1000000001246.0, "Plan Rows": 1, "Plan Width": 4, "Filter": "((role)::text = 'actor'::text)"}]}]}, {"Node Type": "Materialize", "Parent Relationship": "Inner", "Startup Cost": 10000000000.0, "Total Cost": 1000011649194.12, "Plan Rows": 1013492, "Plan Width": 21, "Plans": [{"Node Type": "Index Scan", "Parent Relationship": "Outer", "Scan Direction": "Forward", "Index Name": "title_pkey", "Relation Name": "title", "Alias": "t", "Startup Cost": 10000000000.0, "Total Cost": 1000011644126.66, "Plan Rows": 1013492, "Plan Width": 21, "Filter": "(production_year > 2005), (LLVM Optimized)"}]}]}, {"Node Type": "Materialize", "Parent Relationship": "Inner", "Startup Cost": 10000000000.0, "Total Cost": 1000013003247.2, "Plan Rows": 3140338, "Plan Width": 20, "Plans": [{"Node Type": "Index Scan", "Parent Relationship": "Outer", "Scan Direction": "Forward", "Index Name": "char_name_pkey", "Relation Name": "char_name", "Alias": "chn", "Startup Cost": 10000000000.0, "Total Cost": 1000012987545.51, "Plan Rows": 3140338, "Plan Width": 20}]}]}, {"Node Type": "Materialize", "Parent Relationship": "Inner", "Startup Cost": 10000000000.0, "Total Cost": 1000000001229.52, "Plan Rows": 3, "Plan Width": 4, "Plans": [{"Node Type": "Index Scan", "Parent Relationship": "Outer", "Scan Direction": "Forward", "Index Name": "company_type_pkey", "Relation Name": "company_type", "Alias": "ct", "Startup Cost": 10000000000.0, "Total Cost": 1000000001229.5, "Plan Rows": 3, "Plan Width": 4}]}]}]}, "Unique SQL Id": 2933943827, "Planner Runtime": 5}, "explain_analyze_plan": null}, "(16, 64)": {"explain_plan": {"Plan": {"Node Type": "Aggregate", "Strategy": "Plain", "Startup Cost": 19914.67, "Total Cost": 19914.68, "Plan Rows": 1, "Plan Width": 97, "Plans": [{"Node Type": "Nested Loop", "Parent Relationship": "Outer", "Join Type": "Inner", "Startup Cost": 0.0, "Total Cost": 19914.66, "Plan Rows": 2, "Plan Width": 33, "Inner Unique": true, "Plans": [{"Node Type": "Nested Loop", "Parent Relationship": "Outer", "Join Type": "Inner", "Startup Cost": 0.0, "Total Cost": 19914.1, "Plan Rows": 2, "Plan Width": 37, "Inner Unique": true, "Plans": [{"Node Type": "Nested Loop", "Parent Relationship": "Outer", "Join Type": "Inner", "Startup Cost": 0.0, "Total Cost": 19887.22, "Plan Rows": 5, "Plan Width": 25, "Inner Unique": true, "Plans": [{"Node Type": "Nested Loop", "Parent Relationship": "Outer", "Join Type": "Inner", "Startup Cost": 0.0, "Total Cost": 19885.12, "Plan Rows": 6, "Plan Width": 16, "Inner Unique": true, "Plans": [{"Node Type": "Nested Loop", "Parent Relationship": "Outer", "Join Type": "Inner", "Startup Cost": 0.0, "Total Cost": 19865.87, "Plan Rows": 68, "Plan Width": 20, "Inner Unique": false, "Plans": [{"Node Type": "Nested Loop", "Parent Relationship": "Outer", "Join Type": "Inner", "Startup Cost": 0.0, "Total Cost": 16121.55, "Plan Rows": 3779, "Plan Width": 8, "Inner Unique": false, "Plans": [{"Node Type": "Seq Scan", "Parent Relationship": "Outer", "Relation Name": "company_name", "Alias": "cn", "Startup Cost": 0.0, "Total Cost": 5903.45, "Plan Rows": 251, "Plan Width": 4, "Filter": "((country_code)::text = '[ru]'::text)"}, {"Node Type": "Index Scan", "Parent Relationship": "Inner", "Scan Direction": "Forward", "Index Name": "company_id_movie_companies", "Relation Name": "movie_companies", "Alias": "mc", "Startup Cost": 0.0, "Total Cost": 40.56, "Plan Rows": 15, "Plan Width": 12, "Index Cond": "(company_id = cn.id)"}]}, {"Node Type": "Index Scan", "Parent Relationship": "Inner", "Scan Direction": "Forward", "Index Name": "movie_id_cast_info", "Relation Name": "cast_info", "Alias": "ci", "Startup Cost": 0.0, "Total Cost": 0.98, "Plan Rows": 1, "Plan Width": 12, "Index Cond": "(movie_id = mc.movie_id)", "Filter": "(((note)::text ~~ '%(voice)%'::text) AND ((note)::text ~~ '%(uncredited)%'::text))"}]}, {"Node Type": "Index Scan", "Parent Relationship": "Inner", "Scan Direction": "Forward", "Index Name": "role_type_pkey", "Relation Name": "role_type", "Alias": "rt", "Startup Cost": 0.0, "Total Cost": 0.27, "Plan Rows": 1, "Plan Width": 4, "Index Cond": "(id = ci.role_id)", "Filter": "((role)::text = 'actor'::text)"}]}, {"Node Type": "Index Scan", "Parent Relationship": "Inner", "Scan Direction": "Forward", "Index Name": "title_pkey", "Relation Name": "title", "Alias": "t", "Startup Cost": 0.0, "Total Cost": 0.34, "Plan Rows": 1, "Plan Width": 21, "Index Cond": "(id = mc.movie_id)", "Filter": "(production_year > 2005)"}]}, {"Node Type": "Index Scan", "Parent Relationship": "Inner", "Scan Direction": "Forward", "Index Name": "char_name_pkey", "Relation Name": "char_name", "Alias": "chn", "Startup Cost": 0.0, "Total Cost": 5.37, "Plan Rows": 1, "Plan Width": 20, "Index Cond": "(id = ci.person_role_id)"}]}, {"Node Type": "Index Only Scan", "Parent Relationship": "Inner", "Scan Direction": "Forward", "Index Name": "company_type_pkey", "Relation Name": "company_type", "Alias": "ct", "Startup Cost": 0.0, "Total Cost": 0.27, "Plan Rows": 1, "Plan Width": 4, "Index Cond": "(id = mc.company_type_id)"}]}]}, "Unique SQL Id": 2933943827, "Planner Runtime": 27}, "explain_analyze_plan": {"Plan": {"Node Type": "Aggregate", "Strategy": "Plain", "Startup Cost": 19914.67, "Total Cost": 19914.68, "Plan Rows": 1, "Plan Width": 97, "Actual Startup Time": 938.476, "Actual Total Time": 938.477, "Actual Rows": 1, "Actual Loops": 1, "Plans": [{"Node Type": "Nested Loop", "Parent Relationship": "Outer", "Join Type": "Inner", "Startup Cost": 0.0, "Total Cost": 19914.66, "Plan Rows": 2, "Plan Width": 33, "Actual Startup Time": 63.395, "Actual Total Time": 938.399, "Actual Rows": 18, "Actual Loops": 1, "Inner Unique": true, "Plans": [{"Node Type": "Nested Loop", "Parent Relationship": "Outer", "Join Type": "Inner", "Startup Cost": 0.0, "Total Cost": 19914.1, "Plan Rows": 2, "Plan Width": 37, "Actual Startup Time": 13.066, "Actual Total Time": 938.069, "Actual Rows": 104, "Actual Loops": 1, "Inner Unique": true, "Plans": [{"Node Type": "Nested Loop", "Parent Relationship": "Outer", "Join Type": "Inner", "Startup Cost": 0.0, "Total Cost": 19887.22, "Plan Rows": 5, "Plan Width": 25, "Actual Startup Time": 13.05, "Actual Total Time": 936.929, "Actual Rows": 112, "Actual Loops": 1, "Inner Unique": true, "Plans": [{"Node Type": "Nested Loop", "Parent Relationship": "Outer", "Join Type": "Inner", "Startup Cost": 0.0, "Total Cost": 19885.12, "Plan Rows": 6, "Plan Width": 16, "Actual Startup Time": 0.978, "Actual Total Time": 934.501, "Actual Rows": 275, "Actual Loops": 1, "Inner Unique": true, "Plans": [{"Node Type": "Nested Loop", "Parent Relationship": "Outer", "Join Type": "Inner", "Startup Cost": 0.0, "Total Cost": 19865.87, "Plan Rows": 68, "Plan Width": 20, "Actual Startup Time": 0.971, "Actual Total Time": 932.897, "Actual Rows": 377, "Actual Loops": 1, "Inner Unique": false, "Plans": [{"Node Type": "Nested Loop", "Parent Relationship": "Outer", "Join Type": "Inner", "Startup Cost": 0.0, "Total Cost": 16121.55, "Plan Rows": 3779, "Plan Width": 8, "Actual Startup Time": 0.073, "Actual Total Time": 106.997, "Actual Rows": 8790, "Actual Loops": 1, "Inner Unique": false, "Plans": [{"Node Type": "Seq Scan", "Parent Relationship": "Outer", "Relation Name": "company_name", "Alias": "cn", "Startup Cost": 0.0, "Total Cost": 5903.45, "Plan Rows": 251, "Plan Width": 4, "Actual Startup Time": 0.051, "Actual Total Time": 81.47, "Actual Rows": 1361, "Actual Loops": 1, "Filter": "((country_code)::text = '[ru]'::text)", "Rows Removed by Filter": 233635}, {"Node Type": "Index Scan", "Parent Relationship": "Inner", "Scan Direction": "Forward", "Index Name": "company_id_movie_companies", "Relation Name": "movie_companies", "Alias": "mc", "Startup Cost": 0.0, "Total Cost": 40.56, "Plan Rows": 15, "Plan Width": 12, "Actual Startup Time": 9.117, "Actual Total Time": 22.33, "Actual Rows": 8790, "Actual Loops": 1361, "Index Cond": "(company_id = cn.id)", "Rows Removed by Index Recheck": 0}]}, {"Node Type": "Index Scan", "Parent Relationship": "Inner", "Scan Direction": "Forward", "Index Name": "movie_id_cast_info", "Relation Name": "cast_info", "Alias": "ci", "Startup Cost": 0.0, "Total Cost": 0.98, "Plan Rows": 1, "Plan Width": 12, "Actual Startup Time": 771.815, "Actual Total Time": 820.529, "Actual Rows": 377, "Actual Loops": 8790, "Index Cond": "(movie_id = mc.movie_id)", "Rows Removed by Index Recheck": 0, "Filter": "(((note)::text ~~ '%(voice)%'::text) AND ((note)::text ~~ '%(uncredited)%'::text))", "Rows Removed by Filter": 408168}]}, {"Node Type": "Index Scan", "Parent Relationship": "Inner", "Scan Direction": "Forward", "Index Name": "role_type_pkey", "Relation Name": "role_type", "Alias": "rt", "Startup Cost": 0.0, "Total Cost": 0.27, "Plan Rows": 1, "Plan Width": 4, "Actual Startup Time": 1.08, "Actual Total Time": 1.08, "Actual Rows": 275, "Actual Loops": 377, "Index Cond": "(id = ci.role_id)", "Rows Removed by Index Recheck": 0, "Filter": "((role)::text = 'actor'::text)", "Rows Removed by Filter": 102}]}, {"Node Type": "Index Scan", "Parent Relationship": "Inner", "Scan Direction": "Forward", "Index Name": "title_pkey", "Relation Name": "title", "Alias": "t", "Startup Cost": 0.0, "Total Cost": 0.34, "Plan Rows": 1, "Plan Width": 21, "Actual Startup Time": 2.019, "Actual Total Time": 2.019, "Actual Rows": 112, "Actual Loops": 275, "Index Cond": "(id = mc.movie_id)", "Rows Removed by Index Recheck": 0, "Filter": "(production_year > 2005)", "Rows Removed by Filter": 163}]}, {"Node Type": "Index Scan", "Parent Relationship": "Inner", "Scan Direction": "Forward", "Index Name": "char_name_pkey", "Relation Name": "char_name", "Alias": "chn", "Startup Cost": 0.0, "Total Cost": 5.37, "Plan Rows": 1, "Plan Width": 20, "Actual Startup Time": 0.859, "Actual Total Time": 0.859, "Actual Rows": 104, "Actual Loops": 112, "Index Cond": "(id = ci.person_role_id)", "Rows Removed by Index Recheck": 0}]}, {"Node Type": "Index Only Scan", "Parent Relationship": "Inner", "Scan Direction": "Forward", "Index Name": "company_type_pkey", "Relation Name": "company_type", "Alias": "ct", "Startup Cost": 0.0, "Total Cost": 0.27, "Plan Rows": 1, "Plan Width": 4, "Actual Startup Time": 0.174, "Actual Total Time": 0.174, "Actual Rows": 18, "Actual Loops": 104, "Index Cond": "(id = mc.company_type_id)", "Rows Removed by Index Recheck": 0, "Heap Fetches": 0}]}]}, "Triggers": [], "Planner Runtime": 22, "Total Runtime": 938.94, "Unique SQL Id": 2933943827}}, "(16, 65)": {"explain_plan": {"Plan": {"Node Type": "Aggregate", "Strategy": "Plain", "Startup Cost": 22693.96, "Total Cost": 22693.97, "Plan Rows": 1, "Plan Width": 97, "Plans": [{"Node Type": "Nested Loop", "Parent Relationship": "Outer", "Join Type": "Inner", "Startup Cost": 2779.29, "Total Cost": 22693.95, "Plan Rows": 2, "Plan Width": 33, "Inner Unique": true, "Plans": [{"Node Type": "Nested Loop", "Parent Relationship": "Outer", "Join Type": "Inner", "Startup Cost": 2779.29, "Total Cost": 22693.39, "Plan Rows": 2, "Plan Width": 37, "Inner Unique": true, "Plans": [{"Node Type": "Nested Loop", "Parent Relationship": "Outer", "Join Type": "Inner", "Startup Cost": 2779.29, "Total Cost": 22666.51, "Plan Rows": 5, "Plan Width": 25, "Inner Unique": true, "Plans": [{"Node Type": "Nested Loop", "Parent Relationship": "Outer", "Join Type": "Inner", "Startup Cost": 2779.29, "Total Cost": 22664.41, "Plan Rows": 6, "Plan Width": 16, "Inner Unique": true, "Plans": [{"Node Type": "Nested Loop", "Parent Relationship": "Outer", "Join Type": "Inner", "Startup Cost": 2779.29, "Total Cost": 22645.16, "Plan Rows": 68, "Plan Width": 20, "Inner Unique": false, "Plans": [{"Node Type": "Nested Loop", "Parent Relationship": "Outer", "Join Type": "Inner", "Startup Cost": 2779.29, "Total Cost": 18900.84, "Plan Rows": 3779, "Plan Width": 8, "Inner Unique": false, "Plans": [{"Node Type": "Bitmap Heap Scan", "Parent Relationship": "Outer", "Relation Name": "company_name", "Alias": "cn", "Startup Cost": 2779.29, "Total Cost": 8682.74, "Plan Rows": 251, "Plan Width": 4, "Filter": "((country_code)::text = '[ru]'::text)", "Plans": [{"Node Type": "Bitmap Index Scan", "Parent Relationship": "Outer", "Index Name": "company_name_pkey", "Startup Cost": 0.0, "Total Cost": 2779.23, "Plan Rows": 234996, "Plan Width": 0}]}, {"Node Type": "Index Scan", "Parent Relationship": "Inner", "Scan Direction": "Forward", "Index Name": "company_id_movie_companies", "Relation Name": "movie_companies", "Alias": "mc", "Startup Cost": 0.0, "Total Cost": 40.56, "Plan Rows": 15, "Plan Width": 12, "Index Cond": "(company_id = cn.id)"}]}, {"Node Type": "Index Scan", "Parent Relationship": "Inner", "Scan Direction": "Forward", "Index Name": "movie_id_cast_info", "Relation Name": "cast_info", "Alias": "ci", "Startup Cost": 0.0, "Total Cost": 0.98, "Plan Rows": 1, "Plan Width": 12, "Index Cond": "(movie_id = mc.movie_id)", "Filter": "(((note)::text ~~ '%(voice)%'::text) AND ((note)::text ~~ '%(uncredited)%'::text))"}]}, {"Node Type": "Index Scan", "Parent Relationship": "Inner", "Scan Direction": "Forward", "Index Name": "role_type_pkey", "Relation Name": "role_type", "Alias": "rt", "Startup Cost": 0.0, "Total Cost": 0.27, "Plan Rows": 1, "Plan Width": 4, "Index Cond": "(id = ci.role_id)", "Filter": "((role)::text = 'actor'::text)"}]}, {"Node Type": "Index Scan", "Parent Relationship": "Inner", "Scan Direction": "Forward", "Index Name": "title_pkey", "Relation Name": "title", "Alias": "t", "Startup Cost": 0.0, "Total Cost": 0.34, "Plan Rows": 1, "Plan Width": 21, "Index Cond": "(id = mc.movie_id)", "Filter": "(production_year > 2005)"}]}, {"Node Type": "Index Scan", "Parent Relationship": "Inner", "Scan Direction": "Forward", "Index Name": "char_name_pkey", "Relation Name": "char_name", "Alias": "chn", "Startup Cost": 0.0, "Total Cost": 5.37, "Plan Rows": 1, "Plan Width": 20, "Index Cond": "(id = ci.person_role_id)"}]}, {"Node Type": "Index Only Scan", "Parent Relationship": "Inner", "Scan Direction": "Forward", "Index Name": "company_type_pkey", "Relation Name": "company_type", "Alias": "ct", "Startup Cost": 0.0, "Total Cost": 0.27, "Plan Rows": 1, "Plan Width": 4, "Index Cond": "(id = mc.company_type_id)"}]}]}, "Unique SQL Id": 2933943827, "Planner Runtime": 18}, "explain_analyze_plan": {"Plan": {"Node Type": "Aggregate", "Strategy": "Plain", "Startup Cost": 22693.96, "Total Cost": 22693.97, "Plan Rows": 1, "Plan Width": 97, "Actual Startup Time": 799.596, "Actual Total Time": 799.597, "Actual Rows": 1, "Actual Loops": 1, "Plans": [{"Node Type": "Nested Loop", "Parent Relationship": "Outer", "Join Type": "Inner", "Startup Cost": 2779.29, "Total Cost": 22693.95, "Plan Rows": 2, "Plan Width": 33, "Actual Startup Time": 65.155, "Actual Total Time": 799.495, "Actual Rows": 18, "Actual Loops": 1, "Inner Unique": true, "Plans": [{"Node Type": "Nested Loop", "Parent Relationship": "Outer", "Join Type": "Inner", "Startup Cost": 2779.29, "Total Cost": 22693.39, "Plan Rows": 2, "Plan Width": 37, "Actual Startup Time": 31.536, "Actual Total Time": 799.2, "Actual Rows": 104, "Actual Loops": 1, "Inner Unique": true, "Plans": [{"Node Type": "Nested Loop", "Parent Relationship": "Outer", "Join Type": "Inner", "Startup Cost": 2779.29, "Total Cost": 22666.51, "Plan Rows": 5, "Plan Width": 25, "Actual Startup Time": 31.525, "Actual Total Time": 798.357, "Actual Rows": 112, "Actual Loops": 1, "Inner Unique": true, "Plans": [{"Node Type": "Nested Loop", "Parent Relationship": "Outer", "Join Type": "Inner", "Startup Cost": 2779.29, "Total Cost": 22664.41, "Plan Rows": 6, "Plan Width": 16, "Actual Startup Time": 23.365, "Actual Total Time": 796.343, "Actual Rows": 275, "Actual Loops": 1, "Inner Unique": true, "Plans": [{"Node Type": "Nested Loop", "Parent Relationship": "Outer", "Join Type": "Inner", "Startup Cost": 2779.29, "Total Cost": 22645.16, "Plan Rows": 68, "Plan Width": 20, "Actual Startup Time": 23.351, "Actual Total Time": 794.626, "Actual Rows": 377, "Actual Loops": 1, "Inner Unique": false, "Plans": [{"Node Type": "Nested Loop", "Parent Relationship": "Outer", "Join Type": "Inner", "Startup Cost": 2779.29, "Total Cost": 18900.84, "Plan Rows": 3779, "Plan Width": 8, "Actual Startup Time": 22.572, "Actual Total Time": 147.81, "Actual Rows": 8790, "Actual Loops": 1, "Inner Unique": false, "Plans": [{"Node Type": "Bitmap Heap Scan", "Parent Relationship": "Outer", "Relation Name": "company_name", "Alias": "cn", "Startup Cost": 2779.29, "Total Cost": 8682.74, "Plan Rows": 251, "Plan Width": 4, "Actual Startup Time": 22.546, "Actual Total Time": 126.692, "Actual Rows": 1361, "Actual Loops": 1, "Filter": "((country_code)::text = '[ru]'::text)", "Rows Removed by Filter": 233635, "Exact Heap Blocks": 2966, "Lossy Heap Blocks": 2966, "Plans": [{"Node Type": "Bitmap Index Scan", "Parent Relationship": "Outer", "Index Name": "company_name_pkey", "Startup Cost": 0.0, "Total Cost": 2779.23, "Plan Rows": 234996, "Plan Width": 0, "Actual Startup Time": 22.063, "Actual Total Time": 22.063, "Actual Rows": 234996, "Actual Loops": 1}]}, {"Node Type": "Index Scan", "Parent Relationship": "Inner", "Scan Direction": "Forward", "Index Name": "company_id_movie_companies", "Relation Name": "movie_companies", "Alias": "mc", "Startup Cost": 0.0, "Total Cost": 40.56, "Plan Rows": 15, "Plan Width": 12, "Actual Startup Time": 7.756, "Actual Total Time": 17.886, "Actual Rows": 8790, "Actual Loops": 1361, "Index Cond": "(company_id = cn.id)", "Rows Removed by Index Recheck": 0}]}, {"Node Type": "Index Scan", "Parent Relationship": "Inner", "Scan Direction": "Forward", "Index Name": "movie_id_cast_info", "Relation Name": "cast_info", "Alias": "ci", "Startup Cost": 0.0, "Total Cost": 0.98, "Plan Rows": 1, "Plan Width": 12, "Actual Startup Time": 603.891, "Actual Total Time": 641.236, "Actual Rows": 377, "Actual Loops": 8790, "Index Cond": "(movie_id = mc.movie_id)", "Rows Removed by Index Recheck": 0, "Filter": "(((note)::text ~~ '%(voice)%'::text) AND ((note)::text ~~ '%(uncredited)%'::text))", "Rows Removed by Filter": 408168}]}, {"Node Type": "Index Scan", "Parent Relationship": "Inner", "Scan Direction": "Forward", "Index Name": "role_type_pkey", "Relation Name": "role_type", "Alias": "rt", "Startup Cost": 0.0, "Total Cost": 0.27, "Plan Rows": 1, "Plan Width": 4, "Actual Startup Time": 1.174, "Actual Total Time": 1.174, "Actual Rows": 275, "Actual Loops": 377, "Index Cond": "(id = ci.role_id)", "Rows Removed by Index Recheck": 0, "Filter": "((role)::text = 'actor'::text)", "Rows Removed by Filter": 102}]}, {"Node Type": "Index Scan", "Parent Relationship": "Inner", "Scan Direction": "Forward", "Index Name": "title_pkey", "Relation Name": "title", "Alias": "t", "Startup Cost": 0.0, "Total Cost": 0.34, "Plan Rows": 1, "Plan Width": 21, "Actual Startup Time": 1.622, "Actual Total Time": 1.622, "Actual Rows": 112, "Actual Loops": 275, "Index Cond": "(id = mc.movie_id)", "Rows Removed by Index Recheck": 0, "Filter": "(production_year > 2005)", "Rows Removed by Filter": 163}]}, {"Node Type": "Index Scan", "Parent Relationship": "Inner", "Scan Direction": "Forward", "Index Name": "char_name_pkey", "Relation Name": "char_name", "Alias": "chn", "Startup Cost": 0.0, "Total Cost": 5.37, "Plan Rows": 1, "Plan Width": 20, "Actual Startup Time": 0.622, "Actual Total Time": 0.622, "Actual Rows": 104, "Actual Loops": 112, "Index Cond": "(id = ci.person_role_id)", "Rows Removed by Index Recheck": 0}]}, {"Node Type": "Index Only Scan", "Parent Relationship": "Inner", "Scan Direction": "Forward", "Index Name": "company_type_pkey", "Relation Name": "company_type", "Alias": "ct", "Startup Cost": 0.0, "Total Cost": 0.27, "Plan Rows": 1, "Plan Width": 4, "Actual Startup Time": 0.157, "Actual Total Time": 0.157, "Actual Rows": 18, "Actual Loops": 104, "Index Cond": "(id = mc.company_type_id)", "Rows Removed by Index Recheck": 0, "Heap Fetches": 0}]}]}, "Triggers": [], "Planner Runtime": 13, "Total Runtime": 799.984, "Unique SQL Id": 2933943827}}, "(16, 66)": {"explain_plan": {"Plan": {"Node Type": "Aggregate", "Strategy": "Plain", "Startup Cost": 38349.31, "Total Cost": 38349.32, "Plan Rows": 1, "Plan Width": 97, "Plans": [{"Node Type": "Nested Loop", "Parent Relationship": "Outer", "Join Type": "Inner", "Startup Cost": 8.82, "Total Cost": 38349.3, "Plan Rows": 2, "Plan Width": 33, "Inner Unique": true, "Plans": [{"Node Type": "Nested Loop", "Parent Relationship": "Outer", "Join Type": "Inner", "Startup Cost": 8.56, "Total Cost": 38340.74, "Plan Rows": 2, "Plan Width": 37, "Inner Unique": true, "Plans": [{"Node Type": "Nested Loop", "Parent Relationship": "Outer", "Join Type": "Inner", "Startup Cost": 8.29, "Total Cost": 38327.85, "Plan Rows": 3, "Plan Width": 28, "Inner Unique": true, "Plans": [{"Node Type": "Hash Join", "Parent Relationship": "Outer", "Join Type": "Inner", "Startup Cost": 5.99, "Total Cost": 38289.92, "Plan Rows": 6, "Plan Width": 16, "Inner Unique": true, "Hash Cond": "(ci.role_id = rt.id)", "Plans": [{"Node Type": "Nested Loop", "Parent Relationship": "Outer", "Join Type": "Inner", "Startup Cost": 4.83, "Total Cost": 38288.52, "Plan Rows": 68, "Plan Width": 20, "Inner Unique": false, "Plans": [{"Node Type": "Nested Loop", "Parent Relationship": "Outer", "Join Type": "Inner", "Startup Cost": 4.32, "Total Cost": 20813.55, "Plan Rows": 3779, "Plan Width": 8, "Inner Unique": false, "Plans": [{"Node Type": "Seq Scan", "Parent Relationship": "Outer", "Relation Name": "company_name", "Alias": "cn", "Startup Cost": 0.0, "Total Cost": 5903.45, "Plan Rows": 251, "Plan Width": 4, "Filter": "((country_code)::text = '[ru]'::text)"}, {"Node Type": "Bitmap Heap Scan", "Parent Relationship": "Inner", "Relation Name": "movie_companies", "Alias": "mc", "Startup Cost": 4.32, "Total Cost": 59.25, "Plan Rows": 15, "Plan Width": 12, "Recheck Cond": "(company_id = cn.id)", "Plans": [{"Node Type": "Bitmap Index Scan", "Parent Relationship": "Outer", "Index Name": "company_id_movie_companies", "Startup Cost": 0.0, "Total Cost": 4.31, "Plan Rows": 15, "Plan Width": 0, "Index Cond": "(company_id = cn.id)"}]}]}, {"Node Type": "Bitmap Heap Scan", "Parent Relationship": "Inner", "Relation Name": "cast_info", "Alias": "ci", "Startup Cost": 0.51, "Total Cost": 4.61, "Plan Rows": 1, "Plan Width": 12, "Recheck Cond": "(movie_id = mc.movie_id)", "Filter": "(((note)::text ~~ '%(voice)%'::text) AND ((note)::text ~~ '%(uncredited)%'::text))", "Plans": [{"Node Type": "Bitmap Index Scan", "Parent Relationship": "Outer", "Index Name": "movie_id_cast_info", "Startup Cost": 0.0, "Total Cost": 0.51, "Plan Rows": 6, "Plan Width": 0, "Index Cond": "(movie_id = mc.movie_id)"}]}]}, {"Node Type": "Hash", "Parent Relationship": "Inner", "Startup Cost": 1.15, "Total Cost": 1.15, "Plan Rows": 1, "Plan Width": 4, "Plans": [{"Node Type": "Seq Scan", "Parent Relationship": "Outer", "Relation Name": "role_type", "Alias": "rt", "Startup Cost": 0.0, "Total Cost": 1.15, "Plan Rows": 1, "Plan Width": 4, "Filter": "((role)::text = 'actor'::text)"}]}]}, {"Node Type": "Bitmap Heap Scan", "Parent Relationship": "Inner", "Relation Name": "char_name", "Alias": "chn", "Startup Cost": 2.3, "Total Cost": 6.31, "Plan Rows": 1, "Plan Width": 20, "Recheck Cond": "(id = ci.person_role_id)", "Plans": [{"Node Type": "Bitmap Index Scan", "Parent Relationship": "Outer", "Index Name": "char_name_pkey", "Startup Cost": 0.0, "Total Cost": 2.3, "Plan Rows": 1, "Plan Width": 0, "Index Cond": "(id = ci.person_role_id)"}]}]}, {"Node Type": "Bitmap Heap Scan", "Parent Relationship": "Inner", "Relation Name": "title", "Alias": "t", "Startup Cost": 0.27, "Total Cost": 4.29, "Plan Rows": 1, "Plan Width": 21, "Recheck Cond": "(id = mc.movie_id)", "Filter": "(production_year > 2005)", "Plans": [{"Node Type": "Bitmap Index Scan", "Parent Relationship": "Outer", "Index Name": "title_pkey", "Startup Cost": 0.0, "Total Cost": 0.27, "Plan Rows": 1, "Plan Width": 0, "Index Cond": "(id = mc.movie_id)"}]}]}, {"Node Type": "Bitmap Heap Scan", "Parent Relationship": "Inner", "Relation Name": "company_type", "Alias": "ct", "Startup Cost": 0.26, "Total Cost": 4.27, "Plan Rows": 1, "Plan Width": 4, "Recheck Cond": "(id = mc.company_type_id)", "Plans": [{"Node Type": "Bitmap Index Scan", "Parent Relationship": "Outer", "Index Name": "company_type_pkey", "Startup Cost": 0.0, "Total Cost": 0.26, "Plan Rows": 1, "Plan Width": 0, "Index Cond": "(id = mc.company_type_id)"}]}]}]}, "Unique SQL Id": 2933943827, "Planner Runtime": 34}, "explain_analyze_plan": {"Plan": {"Node Type": "Aggregate", "Strategy": "Plain", "Startup Cost": 38349.31, "Total Cost": 38349.32, "Plan Rows": 1, "Plan Width": 97, "Actual Startup Time": 1045.041, "Actual Total Time": 1045.041, "Actual Rows": 1, "Actual Loops": 1, "Plans": [{"Node Type": "Nested Loop", "Parent Relationship": "Outer", "Join Type": "Inner", "Startup Cost": 8.82, "Total Cost": 38349.3, "Plan Rows": 2, "Plan Width": 33, "Actual Startup Time": 54.267, "Actual Total Time": 1044.941, "Actual Rows": 18, "Actual Loops": 1, "Inner Unique": true, "Plans": [{"Node Type": "Nested Loop", "Parent Relationship": "Outer", "Join Type": "Inner", "Startup Cost": 8.56, "Total Cost": 38340.74, "Plan Rows": 2, "Plan Width": 37, "Actual Startup Time": 11.311, "Actual Total Time": 1044.458, "Actual Rows": 104, "Actual Loops": 1, "Inner Unique": true, "Plans": [{"Node Type": "Nested Loop", "Parent Relationship": "Outer", "Join Type": "Inner", "Startup Cost": 8.29, "Total Cost": 38327.85, "Plan Rows": 3, "Plan Width": 28, "Actual Startup Time": 1.057, "Actual Total Time": 1041.9, "Actual Rows": 265, "Actual Loops": 1, "Inner Unique": true, "Plans": [{"Node Type": "Hash Join", "Parent Relationship": "Outer", "Join Type": "Inner", "Startup Cost": 5.99, "Total Cost": 38289.92, "Plan Rows": 6, "Plan Width": 16, "Actual Startup Time": 1.044, "Actual Total Time": 1038.847, "Actual Rows": 275, "Actual Loops": 1, "Inner Unique": true, "Hash Cond": "(ci.role_id = rt.id)", "Plans": [{"Node Type": "Nested Loop", "Parent Relationship": "Outer", "Join Type": "Inner", "Startup Cost": 4.83, "Total Cost": 38288.52, "Plan Rows": 68, "Plan Width": 20, "Actual Startup Time": 0.936, "Actual Total Time": 1038.225, "Actual Rows": 377, "Actual Loops": 1, "Inner Unique": false, "Plans": [{"Node Type": "Nested Loop", "Parent Relationship": "Outer", "Join Type": "Inner", "Startup Cost": 4.32, "Total Cost": 20813.55, "Plan Rows": 3779, "Plan Width": 8, "Actual Startup Time": 0.074, "Actual Total Time": 116.679, "Actual Rows": 8790, "Actual Loops": 1, "Inner Unique": false, "Plans": [{"Node Type": "Seq Scan", "Parent Relationship": "Outer", "Relation Name": "company_name", "Alias": "cn", "Startup Cost": 0.0, "Total Cost": 5903.45, "Plan Rows": 251, "Plan Width": 4, "Actual Startup Time": 0.034, "Actual Total Time": 84.326, "Actual Rows": 1361, "Actual Loops": 1, "Filter": "((country_code)::text = '[ru]'::text)", "Rows Removed by Filter": 233635}, {"Node Type": "Bitmap Heap Scan", "Parent Relationship": "Inner", "Relation Name": "movie_companies", "Alias": "mc", "Startup Cost": 4.32, "Total Cost": 59.25, "Plan Rows": 15, "Plan Width": 12, "Actual Startup Time": 14.222, "Actual Total Time": 27.602, "Actual Rows": 8790, "Actual Loops": 1361, "Recheck Cond": "(company_id = cn.id)", "Rows Removed by Index Recheck": 0, "Exact Heap Blocks": 7155, "Lossy Heap Blocks": 7155, "Plans": [{"Node Type": "Bitmap Index Scan", "Parent Relationship": "Outer", "Index Name": "company_id_movie_companies", "Startup Cost": 0.0, "Total Cost": 4.31, "Plan Rows": 15, "Plan Width": 0, "Actual Startup Time": 8.854, "Actual Total Time": 8.854, "Actual Rows": 8790, "Actual Loops": 1361, "Index Cond": "(company_id = cn.id)"}]}]}, {"Node Type": "Bitmap Heap Scan", "Parent Relationship": "Inner", "Relation Name": "cast_info", "Alias": "ci", "Startup Cost": 0.51, "Total Cost": 4.61, "Plan Rows": 1, "Plan Width": 12, "Actual Startup Time": 860.038, "Actual Total Time": 905.383, "Actual Rows": 377, "Actual Loops": 8790, "Recheck Cond": "(movie_id = mc.movie_id)", "Rows Removed by Index Recheck": 0, "Filter": "(((note)::text ~~ '%(voice)%'::text) AND ((note)::text ~~ '%(uncredited)%'::text))", "Rows Removed by Filter": 408168, "Exact Heap Blocks": 397651, "Lossy Heap Blocks": 397651, "Plans": [{"Node Type": "Bitmap Index Scan", "Parent Relationship": "Outer", "Index Name": "movie_id_cast_info", "Startup Cost": 0.0, "Total Cost": 0.51, "Plan Rows": 6, "Plan Width": 0, "Actual Startup Time": 121.593, "Actual Total Time": 121.593, "Actual Rows": 408545, "Actual Loops": 8790, "Index Cond": "(movie_id = mc.movie_id)"}]}]}, {"Node Type": "Hash", "Parent Relationship": "Inner", "Startup Cost": 1.15, "Total Cost": 1.15, "Plan Rows": 1, "Plan Width": 4, "Actual Startup Time": 0.049, "Actual Total Time": 0.049, "Actual Rows": 1, "Actual Loops": 1, "Hash Buckets": 32768, "Hash Batches": 1, "Original Hash Batches": 1, "Peak Memory Usage": 1, "Plans": [{"Node Type": "Seq Scan", "Parent Relationship": "Outer", "Relation Name": "role_type", "Alias": "rt", "Startup Cost": 0.0, "Total Cost": 1.15, "Plan Rows": 1, "Plan Width": 4, "Actual Startup Time": 0.029, "Actual Total Time": 0.034, "Actual Rows": 1, "Actual Loops": 1, "Filter": "((role)::text = 'actor'::text)", "Rows Removed by Filter": 11}]}]}, {"Node Type": "Bitmap Heap Scan", "Parent Relationship": "Inner", "Relation Name": "char_name", "Alias": "chn", "Startup Cost": 2.3, "Total Cost": 6.31, "Plan Rows": 1, "Plan Width": 20, "Actual Startup Time": 2.246, "Actual Total Time": 2.246, "Actual Rows": 265, "Actual Loops": 275, "Recheck Cond": "(id = ci.person_role_id)", "Rows Removed by Index Recheck": 0, "Exact Heap Blocks": 265, "Lossy Heap Blocks": 265, "Plans": [{"Node Type": "Bitmap Index Scan", "Parent Relationship": "Outer", "Index Name": "char_name_pkey", "Startup Cost": 0.0, "Total Cost": 2.3, "Plan Rows": 1, "Plan Width": 0, "Actual Startup Time": 1.469, "Actual Total Time": 1.469, "Actual Rows": 265, "Actual Loops": 275, "Index Cond": "(id = ci.person_role_id)"}]}]}, {"Node Type": "Bitmap Heap Scan", "Parent Relationship": "Inner", "Relation Name": "title", "Alias": "t", "Startup Cost": 0.27, "Total Cost": 4.29, "Plan Rows": 1, "Plan Width": 21, "Actual Startup Time": 1.965, "Actual Total Time": 1.965, "Actual Rows": 104, "Actual Loops": 265, "Recheck Cond": "(id = mc.movie_id)", "Rows Removed by Index Recheck": 0, "Filter": "(production_year > 2005)", "Rows Removed by Filter": 161, "Exact Heap Blocks": 265, "Lossy Heap Blocks": 265, "Plans": [{"Node Type": "Bitmap Index Scan", "Parent Relationship": "Outer", "Index Name": "title_pkey", "Startup Cost": 0.0, "Total Cost": 0.27, "Plan Rows": 1, "Plan Width": 0, "Actual Startup Time": 1.195, "Actual Total Time": 1.195, "Actual Rows": 265, "Actual Loops": 265, "Index Cond": "(id = mc.movie_id)"}]}]}, {"Node Type": "Bitmap Heap Scan", "Parent Relationship": "Inner", "Relation Name": "company_type", "Alias": "ct", "Startup Cost": 0.26, "Total Cost": 4.27, "Plan Rows": 1, "Plan Width": 4, "Actual Startup Time": 0.248, "Actual Total Time": 0.248, "Actual Rows": 18, "Actual Loops": 104, "Recheck Cond": "(id = mc.company_type_id)", "Rows Removed by Index Recheck": 0, "Exact Heap Blocks": 18, "Lossy Heap Blocks": 18, "Plans": [{"Node Type": "Bitmap Index Scan", "Parent Relationship": "Outer", "Index Name": "company_type_pkey", "Startup Cost": 0.0, "Total Cost": 0.26, "Plan Rows": 1, "Plan Width": 0, "Actual Startup Time": 0.126, "Actual Total Time": 0.126, "Actual Rows": 18, "Actual Loops": 104, "Index Cond": "(id = mc.company_type_id)"}]}]}]}, "Triggers": [], "Planner Runtime": 28, "Total Runtime": 1045.446, "Unique SQL Id": 2933943827}}, "(16, 67)": {"explain_plan": {"Plan": {"Node Type": "Aggregate", "Strategy": "Plain", "Startup Cost": 41418.46, "Total Cost": 41418.47, "Plan Rows": 1, "Plan Width": 97, "Plans": [{"Node Type": "Nested Loop", "Parent Relationship": "Outer", "Join Type": "Inner", "Startup Cost": 2787.21, "Total Cost": 41418.45, "Plan Rows": 2, "Plan Width": 33, "Inner Unique": true, "Plans": [{"Node Type": "Nested Loop", "Parent Relationship": "Outer", "Join Type": "Inner", "Startup Cost": 2786.95, "Total Cost": 41409.89, "Plan Rows": 2, "Plan Width": 37, "Inner Unique": true, "Plans": [{"Node Type": "Nested Loop", "Parent Relationship": "Outer", "Join Type": "Inner", "Startup Cost": 2786.68, "Total Cost": 41397.0, "Plan Rows": 3, "Plan Width": 28, "Inner Unique": true, "Plans": [{"Node Type": "Nested Loop", "Parent Relationship": "Outer", "Join Type": "Inner", "Startup Cost": 2784.38, "Total Cost": 41359.07, "Plan Rows": 6, "Plan Width": 16, "Inner Unique": true, "Plans": [{"Node Type": "Nested Loop", "Parent Relationship": "Outer", "Join Type": "Inner", "Startup Cost": 2784.12, "Total Cost": 41067.82, "Plan Rows": 68, "Plan Width": 20, "Inner Unique": false, "Plans": [{"Node Type": "Nested Loop", "Parent Relationship": "Outer", "Join Type": "Inner", "Startup Cost": 2783.61, "Total Cost": 23592.84, "Plan Rows": 3779, "Plan Width": 8, "Inner Unique": false, "Plans": [{"Node Type": "Bitmap Heap Scan", "Parent Relationship": "Outer", "Relation Name": "company_name", "Alias": "cn", "Startup Cost": 2779.29, "Total Cost": 8682.74, "Plan Rows": 251, "Plan Width": 4, "Filter": "((country_code)::text = '[ru]'::text)", "Plans": [{"Node Type": "Bitmap Index Scan", "Parent Relationship": "Outer", "Index Name": "company_name_pkey", "Startup Cost": 0.0, "Total Cost": 2779.23, "Plan Rows": 234996, "Plan Width": 0}]}, {"Node Type": "Bitmap Heap Scan", "Parent Relationship": "Inner", "Relation Name": "movie_companies", "Alias": "mc", "Startup Cost": 4.32, "Total Cost": 59.25, "Plan Rows": 15, "Plan Width": 12, "Recheck Cond": "(company_id = cn.id)", "Plans": [{"Node Type": "Bitmap Index Scan", "Parent Relationship": "Outer", "Index Name": "company_id_movie_companies", "Startup Cost": 0.0, "Total Cost": 4.31, "Plan Rows": 15, "Plan Width": 0, "Index Cond": "(company_id = cn.id)"}]}]}, {"Node Type": "Bitmap Heap Scan", "Parent Relationship": "Inner", "Relation Name": "cast_info", "Alias": "ci", "Startup Cost": 0.51, "Total Cost": 4.61, "Plan Rows": 1, "Plan Width": 12, "Recheck Cond": "(movie_id = mc.movie_id)", "Filter": "(((note)::text ~~ '%(voice)%'::text) AND ((note)::text ~~ '%(uncredited)%'::text))", "Plans": [{"Node Type": "Bitmap Index Scan", "Parent Relationship": "Outer", "Index Name": "movie_id_cast_info", "Startup Cost": 0.0, "Total Cost": 0.51, "Plan Rows": 6, "Plan Width": 0, "Index Cond": "(movie_id = mc.movie_id)"}]}]}, {"Node Type": "Bitmap Heap Scan", "Parent Relationship": "Inner", "Relation Name": "role_type", "Alias": "rt", "Startup Cost": 0.26, "Total Cost": 4.27, "Plan Rows": 1, "Plan Width": 4, "Recheck Cond": "(id = ci.role_id)", "Filter": "((role)::text = 'actor'::text)", "Plans": [{"Node Type": "Bitmap Index Scan", "Parent Relationship": "Outer", "Index Name": "role_type_pkey", "Startup Cost": 0.0, "Total Cost": 0.26, "Plan Rows": 1, "Plan Width": 0, "Index Cond": "(id = ci.role_id)"}]}]}, {"Node Type": "Bitmap Heap Scan", "Parent Relationship": "Inner", "Relation Name": "char_name", "Alias": "chn", "Startup Cost": 2.3, "Total Cost": 6.31, "Plan Rows": 1, "Plan Width": 20, "Recheck Cond": "(id = ci.person_role_id)", "Plans": [{"Node Type": "Bitmap Index Scan", "Parent Relationship": "Outer", "Index Name": "char_name_pkey", "Startup Cost": 0.0, "Total Cost": 2.3, "Plan Rows": 1, "Plan Width": 0, "Index Cond": "(id = ci.person_role_id)"}]}]}, {"Node Type": "Bitmap Heap Scan", "Parent Relationship": "Inner", "Relation Name": "title", "Alias": "t", "Startup Cost": 0.27, "Total Cost": 4.29, "Plan Rows": 1, "Plan Width": 21, "Recheck Cond": "(id = mc.movie_id)", "Filter": "(production_year > 2005)", "Plans": [{"Node Type": "Bitmap Index Scan", "Parent Relationship": "Outer", "Index Name": "title_pkey", "Startup Cost": 0.0, "Total Cost": 0.27, "Plan Rows": 1, "Plan Width": 0, "Index Cond": "(id = mc.movie_id)"}]}]}, {"Node Type": "Bitmap Heap Scan", "Parent Relationship": "Inner", "Relation Name": "company_type", "Alias": "ct", "Startup Cost": 0.26, "Total Cost": 4.27, "Plan Rows": 1, "Plan Width": 4, "Recheck Cond": "(id = mc.company_type_id)", "Plans": [{"Node Type": "Bitmap Index Scan", "Parent Relationship": "Outer", "Index Name": "company_type_pkey", "Startup Cost": 0.0, "Total Cost": 0.26, "Plan Rows": 1, "Plan Width": 0, "Index Cond": "(id = mc.company_type_id)"}]}]}]}, "Unique SQL Id": 2933943827, "Planner Runtime": 19}, "explain_analyze_plan": {"Plan": {"Node Type": "Aggregate", "Strategy": "Plain", "Startup Cost": 41418.46, "Total Cost": 41418.47, "Plan Rows": 1, "Plan Width": 97, "Actual Startup Time": 1197.675, "Actual Total Time": 1197.675, "Actual Rows": 1, "Actual Loops": 1, "Plans": [{"Node Type": "Nested Loop", "Parent Relationship": "Outer", "Join Type": "Inner", "Startup Cost": 2787.21, "Total Cost": 41418.45, "Plan Rows": 2, "Plan Width": 33, "Actual Startup Time": 99.205, "Actual Total Time": 1197.571, "Actual Rows": 18, "Actual Loops": 1, "Inner Unique": true, "Plans": [{"Node Type": "Nested Loop", "Parent Relationship": "Outer", "Join Type": "Inner", "Startup Cost": 2786.95, "Total Cost": 41409.89, "Plan Rows": 2, "Plan Width": 37, "Actual Startup Time": 42.334, "Actual Total Time": 1197.028, "Actual Rows": 104, "Actual Loops": 1, "Inner Unique": true, "Plans": [{"Node Type": "Nested Loop", "Parent Relationship": "Outer", "Join Type": "Inner", "Startup Cost": 2786.68, "Total Cost": 41397.0, "Plan Rows": 3, "Plan Width": 28, "Actual Startup Time": 27.449, "Actual Total Time": 1194.263, "Actual Rows": 265, "Actual Loops": 1, "Inner Unique": true, "Plans": [{"Node Type": "Nested Loop", "Parent Relationship": "Outer", "Join Type": "Inner", "Startup Cost": 2784.38, "Total Cost": 41359.07, "Plan Rows": 6, "Plan Width": 16, "Actual Startup Time": 27.428, "Actual Total Time": 1191.216, "Actual Rows": 275, "Actual Loops": 1, "Inner Unique": true, "Plans": [{"Node Type": "Nested Loop", "Parent Relationship": "Outer", "Join Type": "Inner", "Startup Cost": 2784.12, "Total Cost": 41067.82, "Plan Rows": 68, "Plan Width": 20, "Actual Startup Time": 27.408, "Actual Total Time": 1188.638, "Actual Rows": 377, "Actual Loops": 1, "Inner Unique": false, "Plans": [{"Node Type": "Nested Loop", "Parent Relationship": "Outer", "Join Type": "Inner", "Startup Cost": 2783.61, "Total Cost": 23592.84, "Plan Rows": 3779, "Plan Width": 8, "Actual Startup Time": 26.16, "Actual Total Time": 182.006, "Actual Rows": 8790, "Actual Loops": 1, "Inner Unique": false, "Plans": [{"Node Type": "Bitmap Heap Scan", "Parent Relationship": "Outer", "Relation Name": "company_name", "Alias": "cn", "Startup Cost": 2779.29, "Total Cost": 8682.74, "Plan Rows": 251, "Plan Width": 4, "Actual Startup Time": 26.111, "Actual Total Time": 148.164, "Actual Rows": 1361, "Actual Loops": 1, "Filter": "((country_code)::text = '[ru]'::text)", "Rows Removed by Filter": 233635, "Exact Heap Blocks": 2966, "Lossy Heap Blocks": 2966, "Plans": [{"Node Type": "Bitmap Index Scan", "Parent Relationship": "Outer", "Index Name": "company_name_pkey", "Startup Cost": 0.0, "Total Cost": 2779.23, "Plan Rows": 234996, "Plan Width": 0, "Actual Startup Time": 25.617, "Actual Total Time": 25.617, "Actual Rows": 234996, "Actual Loops": 1}]}, {"Node Type": "Bitmap Heap Scan", "Parent Relationship": "Inner", "Relation Name": "movie_companies", "Alias": "mc", "Startup Cost": 4.32, "Total Cost": 59.25, "Plan Rows": 15, "Plan Width": 12, "Actual Startup Time": 14.449, "Actual Total Time": 29.008, "Actual Rows": 8790, "Actual Loops": 1361, "Recheck Cond": "(company_id = cn.id)", "Rows Removed by Index Recheck": 0, "Exact Heap Blocks": 7155, "Lossy Heap Blocks": 7155, "Plans": [{"Node Type": "Bitmap Index Scan", "Parent Relationship": "Outer", "Index Name": "company_id_movie_companies", "Startup Cost": 0.0, "Total Cost": 4.31, "Plan Rows": 15, "Plan Width": 0, "Actual Startup Time": 9.127, "Actual Total Time": 9.127, "Actual Rows": 8790, "Actual Loops": 1361, "Index Cond": "(company_id = cn.id)"}]}]}, {"Node Type": "Bitmap Heap Scan", "Parent Relationship": "Inner", "Relation Name": "cast_info", "Alias": "ci", "Startup Cost": 0.51, "Total Cost": 4.61, "Plan Rows": 1, "Plan Width": 12, "Actual Startup Time": 938.519, "Actual Total Time": 990.4, "Actual Rows": 377, "Actual Loops": 8790, "Recheck Cond": "(movie_id = mc.movie_id)", "Rows Removed by Index Recheck": 0, "Filter": "(((note)::text ~~ '%(voice)%'::text) AND ((note)::text ~~ '%(uncredited)%'::text))", "Rows Removed by Filter": 408168, "Exact Heap Blocks": 397651, "Lossy Heap Blocks": 397651, "Plans": [{"Node Type": "Bitmap Index Scan", "Parent Relationship": "Outer", "Index Name": "movie_id_cast_info", "Startup Cost": 0.0, "Total Cost": 0.51, "Plan Rows": 6, "Plan Width": 0, "Actual Startup Time": 127.518, "Actual Total Time": 127.518, "Actual Rows": 408545, "Actual Loops": 8790, "Index Cond": "(movie_id = mc.movie_id)"}]}]}, {"Node Type": "Bitmap Heap Scan", "Parent Relationship": "Inner", "Relation Name": "role_type", "Alias": "rt", "Startup Cost": 0.26, "Total Cost": 4.27, "Plan Rows": 1, "Plan Width": 4, "Actual Startup Time": 1.696, "Actual Total Time": 1.696, "Actual Rows": 275, "Actual Loops": 377, "Recheck Cond": "(id = ci.role_id)", "Rows Removed by Index Recheck": 0, "Filter": "((role)::text = 'actor'::text)", "Rows Removed by Filter": 102, "Exact Heap Blocks": 377, "Lossy Heap Blocks": 377, "Plans": [{"Node Type": "Bitmap Index Scan", "Parent Relationship": "Outer", "Index Name": "role_type_pkey", "Startup Cost": 0.0, "Total Cost": 0.26, "Plan Rows": 1, "Plan Width": 0, "Actual Startup Time": 0.653, "Actual Total Time": 0.653, "Actual Rows": 377, "Actual Loops": 377, "Index Cond": "(id = ci.role_id)"}]}]}, {"Node Type": "Bitmap Heap Scan", "Parent Relationship": "Inner", "Relation Name": "char_name", "Alias": "chn", "Startup Cost": 2.3, "Total Cost": 6.31, "Plan Rows": 1, "Plan Width": 20, "Actual Startup Time": 2.327, "Actual Total Time": 2.327, "Actual Rows": 265, "Actual Loops": 275, "Recheck Cond": "(id = ci.person_role_id)", "Rows Removed by Index Recheck": 0, "Exact Heap Blocks": 265, "Lossy Heap Blocks": 265, "Plans": [{"Node Type": "Bitmap Index Scan", "Parent Relationship": "Outer", "Index Name": "char_name_pkey", "Startup Cost": 0.0, "Total Cost": 2.3, "Plan Rows": 1, "Plan Width": 0, "Actual Startup Time": 1.574, "Actual Total Time": 1.574, "Actual Rows": 265, "Actual Loops": 275, "Index Cond": "(id = ci.person_role_id)"}]}]}, {"Node Type": "Bitmap Heap Scan", "Parent Relationship": "Inner", "Relation Name": "title", "Alias": "t", "Startup Cost": 0.27, "Total Cost": 4.29, "Plan Rows": 1, "Plan Width": 21, "Actual Startup Time": 2.169, "Actual Total Time": 2.169, "Actual Rows": 104, "Actual Loops": 265, "Recheck Cond": "(id = mc.movie_id)", "Rows Removed by Index Recheck": 0, "Filter": "(production_year > 2005)", "Rows Removed by Filter": 161, "Exact Heap Blocks": 265, "Lossy Heap Blocks": 265, "Plans": [{"Node Type": "Bitmap Index Scan", "Parent Relationship": "Outer", "Index Name": "title_pkey", "Startup Cost": 0.0, "Total Cost": 0.27, "Plan Rows": 1, "Plan Width": 0, "Actual Startup Time": 1.333, "Actual Total Time": 1.333, "Actual Rows": 265, "Actual Loops": 265, "Index Cond": "(id = mc.movie_id)"}]}]}, {"Node Type": "Bitmap Heap Scan", "Parent Relationship": "Inner", "Relation Name": "company_type", "Alias": "ct", "Startup Cost": 0.26, "Total Cost": 4.27, "Plan Rows": 1, "Plan Width": 4, "Actual Startup Time": 0.281, "Actual Total Time": 0.281, "Actual Rows": 18, "Actual Loops": 104, "Recheck Cond": "(id = mc.company_type_id)", "Rows Removed by Index Recheck": 0, "Exact Heap Blocks": 18, "Lossy Heap Blocks": 18, "Plans": [{"Node Type": "Bitmap Index Scan", "Parent Relationship": "Outer", "Index Name": "company_type_pkey", "Startup Cost": 0.0, "Total Cost": 0.26, "Plan Rows": 1, "Plan Width": 0, "Actual Startup Time": 0.155, "Actual Total Time": 0.155, "Actual Rows": 18, "Actual Loops": 104, "Index Cond": "(id = mc.company_type_id)"}]}]}]}, "Triggers": [], "Planner Runtime": 6, "Total Runtime": 1198.112, "Unique SQL Id": 2933943827}}, "(16, 68)": {"explain_plan": {"Plan": {"Node Type": "Aggregate", "Strategy": "Plain", "Startup Cost": 19914.67, "Total Cost": 19914.68, "Plan Rows": 1, "Plan Width": 97, "Plans": [{"Node Type": "Nested Loop", "Parent Relationship": "Outer", "Join Type": "Inner", "Startup Cost": 0.0, "Total Cost": 19914.66, "Plan Rows": 2, "Plan Width": 33, "Inner Unique": true, "Plans": [{"Node Type": "Nested Loop", "Parent Relationship": "Outer", "Join Type": "Inner", "Startup Cost": 0.0, "Total Cost": 19914.1, "Plan Rows": 2, "Plan Width": 37, "Inner Unique": true, "Plans": [{"Node Type": "Nested Loop", "Parent Relationship": "Outer", "Join Type": "Inner", "Startup Cost": 0.0, "Total Cost": 19887.22, "Plan Rows": 5, "Plan Width": 25, "Inner Unique": true, "Plans": [{"Node Type": "Nested Loop", "Parent Relationship": "Outer", "Join Type": "Inner", "Startup Cost": 0.0, "Total Cost": 19885.12, "Plan Rows": 6, "Plan Width": 16, "Inner Unique": true, "Plans": [{"Node Type": "Nested Loop", "Parent Relationship": "Outer", "Join Type": "Inner", "Startup Cost": 0.0, "Total Cost": 19865.87, "Plan Rows": 68, "Plan Width": 20, "Inner Unique": false, "Plans": [{"Node Type": "Nested Loop", "Parent Relationship": "Outer", "Join Type": "Inner", "Startup Cost": 0.0, "Total Cost": 16121.55, "Plan Rows": 3779, "Plan Width": 8, "Inner Unique": false, "Plans": [{"Node Type": "Seq Scan", "Parent Relationship": "Outer", "Relation Name": "company_name", "Alias": "cn", "Startup Cost": 0.0, "Total Cost": 5903.45, "Plan Rows": 251, "Plan Width": 4, "Filter": "((country_code)::text = '[ru]'::text)"}, {"Node Type": "Index Scan", "Parent Relationship": "Inner", "Scan Direction": "Forward", "Index Name": "company_id_movie_companies", "Relation Name": "movie_companies", "Alias": "mc", "Startup Cost": 0.0, "Total Cost": 40.56, "Plan Rows": 15, "Plan Width": 12, "Index Cond": "(company_id = cn.id)"}]}, {"Node Type": "Index Scan", "Parent Relationship": "Inner", "Scan Direction": "Forward", "Index Name": "movie_id_cast_info", "Relation Name": "cast_info", "Alias": "ci", "Startup Cost": 0.0, "Total Cost": 0.98, "Plan Rows": 1, "Plan Width": 12, "Index Cond": "(movie_id = mc.movie_id)", "Filter": "(((note)::text ~~ '%(voice)%'::text) AND ((note)::text ~~ '%(uncredited)%'::text))"}]}, {"Node Type": "Index Scan", "Parent Relationship": "Inner", "Scan Direction": "Forward", "Index Name": "role_type_pkey", "Relation Name": "role_type", "Alias": "rt", "Startup Cost": 0.0, "Total Cost": 0.27, "Plan Rows": 1, "Plan Width": 4, "Index Cond": "(id = ci.role_id)", "Filter": "((role)::text = 'actor'::text)"}]}, {"Node Type": "Index Scan", "Parent Relationship": "Inner", "Scan Direction": "Forward", "Index Name": "title_pkey", "Relation Name": "title", "Alias": "t", "Startup Cost": 0.0, "Total Cost": 0.34, "Plan Rows": 1, "Plan Width": 21, "Index Cond": "(id = mc.movie_id)", "Filter": "(production_year > 2005)"}]}, {"Node Type": "Index Scan", "Parent Relationship": "Inner", "Scan Direction": "Forward", "Index Name": "char_name_pkey", "Relation Name": "char_name", "Alias": "chn", "Startup Cost": 0.0, "Total Cost": 5.37, "Plan Rows": 1, "Plan Width": 20, "Index Cond": "(id = ci.person_role_id)"}]}, {"Node Type": "Index Scan", "Parent Relationship": "Inner", "Scan Direction": "Forward", "Index Name": "company_type_pkey", "Relation Name": "company_type", "Alias": "ct", "Startup Cost": 0.0, "Total Cost": 0.27, "Plan Rows": 1, "Plan Width": 4, "Index Cond": "(id = mc.company_type_id)"}]}]}, "Unique SQL Id": 2933943827, "Planner Runtime": 26}, "explain_analyze_plan": {"Plan": {"Node Type": "Aggregate", "Strategy": "Plain", "Startup Cost": 19914.67, "Total Cost": 19914.68, "Plan Rows": 1, "Plan Width": 97, "Actual Startup Time": 1049.012, "Actual Total Time": 1049.013, "Actual Rows": 1, "Actual Loops": 1, "Plans": [{"Node Type": "Nested Loop", "Parent Relationship": "Outer", "Join Type": "Inner", "Startup Cost": 0.0, "Total Cost": 19914.66, "Plan Rows": 2, "Plan Width": 33, "Actual Startup Time": 61.791, "Actual Total Time": 1048.935, "Actual Rows": 18, "Actual Loops": 1, "Inner Unique": true, "Plans": [{"Node Type": "Nested Loop", "Parent Relationship": "Outer", "Join Type": "Inner", "Startup Cost": 0.0, "Total Cost": 19914.1, "Plan Rows": 2, "Plan Width": 37, "Actual Startup Time": 12.193, "Actual Total Time": 1048.635, "Actual Rows": 104, "Actual Loops": 1, "Inner Unique": true, "Plans": [{"Node Type": "Nested Loop", "Parent Relationship": "Outer", "Join Type": "Inner", "Startup Cost": 0.0, "Total Cost": 19887.22, "Plan Rows": 5, "Plan Width": 25, "Actual Startup Time": 12.178, "Actual Total Time": 1047.415, "Actual Rows": 112, "Actual Loops": 1, "Inner Unique": true, "Plans": [{"Node Type": "Nested Loop", "Parent Relationship": "Outer", "Join Type": "Inner", "Startup Cost": 0.0, "Total Cost": 19885.12, "Plan Rows": 6, "Plan Width": 16, "Actual Startup Time": 0.857, "Actual Total Time": 1044.904, "Actual Rows": 275, "Actual Loops": 1, "Inner Unique": true, "Plans": [{"Node Type": "Nested Loop", "Parent Relationship": "Outer", "Join Type": "Inner", "Startup Cost": 0.0, "Total Cost": 19865.87, "Plan Rows": 68, "Plan Width": 20, "Actual Startup Time": 0.85, "Actual Total Time": 1043.36, "Actual Rows": 377, "Actual Loops": 1, "Inner Unique": false, "Plans": [{"Node Type": "Nested Loop", "Parent Relationship": "Outer", "Join Type": "Inner", "Startup Cost": 0.0, "Total Cost": 16121.55, "Plan Rows": 3779, "Plan Width": 8, "Actual Startup Time": 0.063, "Actual Total Time": 114.567, "Actual Rows": 8790, "Actual Loops": 1, "Inner Unique": false, "Plans": [{"Node Type": "Seq Scan", "Parent Relationship": "Outer", "Relation Name": "company_name", "Alias": "cn", "Startup Cost": 0.0, "Total Cost": 5903.45, "Plan Rows": 251, "Plan Width": 4, "Actual Startup Time": 0.043, "Actual Total Time": 85.276, "Actual Rows": 1361, "Actual Loops": 1, "Filter": "((country_code)::text = '[ru]'::text)", "Rows Removed by Filter": 233635}, {"Node Type": "Index Scan", "Parent Relationship": "Inner", "Scan Direction": "Forward", "Index Name": "company_id_movie_companies", "Relation Name": "movie_companies", "Alias": "mc", "Startup Cost": 0.0, "Total Cost": 40.56, "Plan Rows": 15, "Plan Width": 12, "Actual Startup Time": 10.893, "Actual Total Time": 26.153, "Actual Rows": 8790, "Actual Loops": 1361, "Index Cond": "(company_id = cn.id)", "Rows Removed by Index Recheck": 0}]}, {"Node Type": "Index Scan", "Parent Relationship": "Inner", "Scan Direction": "Forward", "Index Name": "movie_id_cast_info", "Relation Name": "cast_info", "Alias": "ci", "Startup Cost": 0.0, "Total Cost": 0.98, "Plan Rows": 1, "Plan Width": 12, "Actual Startup Time": 868.943, "Actual Total Time": 923.495, "Actual Rows": 377, "Actual Loops": 8790, "Index Cond": "(movie_id = mc.movie_id)", "Rows Removed by Index Recheck": 0, "Filter": "(((note)::text ~~ '%(voice)%'::text) AND ((note)::text ~~ '%(uncredited)%'::text))", "Rows Removed by Filter": 408168}]}, {"Node Type": "Index Scan", "Parent Relationship": "Inner", "Scan Direction": "Forward", "Index Name": "role_type_pkey", "Relation Name": "role_type", "Alias": "rt", "Startup Cost": 0.0, "Total Cost": 0.27, "Plan Rows": 1, "Plan Width": 4, "Actual Startup Time": 1.034, "Actual Total Time": 1.034, "Actual Rows": 275, "Actual Loops": 377, "Index Cond": "(id = ci.role_id)", "Rows Removed by Index Recheck": 0, "Filter": "((role)::text = 'actor'::text)", "Rows Removed by Filter": 102}]}, {"Node Type": "Index Scan", "Parent Relationship": "Inner", "Scan Direction": "Forward", "Index Name": "title_pkey", "Relation Name": "title", "Alias": "t", "Startup Cost": 0.0, "Total Cost": 0.34, "Plan Rows": 1, "Plan Width": 21, "Actual Startup Time": 2.161, "Actual Total Time": 2.161, "Actual Rows": 112, "Actual Loops": 275, "Index Cond": "(id = mc.movie_id)", "Rows Removed by Index Recheck": 0, "Filter": "(production_year > 2005)", "Rows Removed by Filter": 163}]}, {"Node Type": "Index Scan", "Parent Relationship": "Inner", "Scan Direction": "Forward", "Index Name": "char_name_pkey", "Relation Name": "char_name", "Alias": "chn", "Startup Cost": 0.0, "Total Cost": 5.37, "Plan Rows": 1, "Plan Width": 20, "Actual Startup Time": 0.966, "Actual Total Time": 0.966, "Actual Rows": 104, "Actual Loops": 112, "Index Cond": "(id = ci.person_role_id)", "Rows Removed by Index Recheck": 0}]}, {"Node Type": "Index Scan", "Parent Relationship": "Inner", "Scan Direction": "Forward", "Index Name": "company_type_pkey", "Relation Name": "company_type", "Alias": "ct", "Startup Cost": 0.0, "Total Cost": 0.27, "Plan Rows": 1, "Plan Width": 4, "Actual Startup Time": 0.153, "Actual Total Time": 0.153, "Actual Rows": 18, "Actual Loops": 104, "Index Cond": "(id = mc.company_type_id)", "Rows Removed by Index Recheck": 0}]}]}, "Triggers": [], "Planner Runtime": 21, "Total Runtime": 1049.37, "Unique SQL Id": 2933943827}}, "(16, 69)": {"explain_plan": {"Plan": {"Node Type": "Aggregate", "Strategy": "Plain", "Startup Cost": 22693.96, "Total Cost": 22693.97, "Plan Rows": 1, "Plan Width": 97, "Plans": [{"Node Type": "Nested Loop", "Parent Relationship": "Outer", "Join Type": "Inner", "Startup Cost": 2779.29, "Total Cost": 22693.95, "Plan Rows": 2, "Plan Width": 33, "Inner Unique": true, "Plans": [{"Node Type": "Nested Loop", "Parent Relationship": "Outer", "Join Type": "Inner", "Startup Cost": 2779.29, "Total Cost": 22693.39, "Plan Rows": 2, "Plan Width": 37, "Inner Unique": true, "Plans": [{"Node Type": "Nested Loop", "Parent Relationship": "Outer", "Join Type": "Inner", "Startup Cost": 2779.29, "Total Cost": 22666.51, "Plan Rows": 5, "Plan Width": 25, "Inner Unique": true, "Plans": [{"Node Type": "Nested Loop", "Parent Relationship": "Outer", "Join Type": "Inner", "Startup Cost": 2779.29, "Total Cost": 22664.41, "Plan Rows": 6, "Plan Width": 16, "Inner Unique": true, "Plans": [{"Node Type": "Nested Loop", "Parent Relationship": "Outer", "Join Type": "Inner", "Startup Cost": 2779.29, "Total Cost": 22645.16, "Plan Rows": 68, "Plan Width": 20, "Inner Unique": false, "Plans": [{"Node Type": "Nested Loop", "Parent Relationship": "Outer", "Join Type": "Inner", "Startup Cost": 2779.29, "Total Cost": 18900.84, "Plan Rows": 3779, "Plan Width": 8, "Inner Unique": false, "Plans": [{"Node Type": "Bitmap Heap Scan", "Parent Relationship": "Outer", "Relation Name": "company_name", "Alias": "cn", "Startup Cost": 2779.29, "Total Cost": 8682.74, "Plan Rows": 251, "Plan Width": 4, "Filter": "((country_code)::text = '[ru]'::text)", "Plans": [{"Node Type": "Bitmap Index Scan", "Parent Relationship": "Outer", "Index Name": "company_name_pkey", "Startup Cost": 0.0, "Total Cost": 2779.23, "Plan Rows": 234996, "Plan Width": 0}]}, {"Node Type": "Index Scan", "Parent Relationship": "Inner", "Scan Direction": "Forward", "Index Name": "company_id_movie_companies", "Relation Name": "movie_companies", "Alias": "mc", "Startup Cost": 0.0, "Total Cost": 40.56, "Plan Rows": 15, "Plan Width": 12, "Index Cond": "(company_id = cn.id)"}]}, {"Node Type": "Index Scan", "Parent Relationship": "Inner", "Scan Direction": "Forward", "Index Name": "movie_id_cast_info", "Relation Name": "cast_info", "Alias": "ci", "Startup Cost": 0.0, "Total Cost": 0.98, "Plan Rows": 1, "Plan Width": 12, "Index Cond": "(movie_id = mc.movie_id)", "Filter": "(((note)::text ~~ '%(voice)%'::text) AND ((note)::text ~~ '%(uncredited)%'::text))"}]}, {"Node Type": "Index Scan", "Parent Relationship": "Inner", "Scan Direction": "Forward", "Index Name": "role_type_pkey", "Relation Name": "role_type", "Alias": "rt", "Startup Cost": 0.0, "Total Cost": 0.27, "Plan Rows": 1, "Plan Width": 4, "Index Cond": "(id = ci.role_id)", "Filter": "((role)::text = 'actor'::text)"}]}, {"Node Type": "Index Scan", "Parent Relationship": "Inner", "Scan Direction": "Forward", "Index Name": "title_pkey", "Relation Name": "title", "Alias": "t", "Startup Cost": 0.0, "Total Cost": 0.34, "Plan Rows": 1, "Plan Width": 21, "Index Cond": "(id = mc.movie_id)", "Filter": "(production_year > 2005)"}]}, {"Node Type": "Index Scan", "Parent Relationship": "Inner", "Scan Direction": "Forward", "Index Name": "char_name_pkey", "Relation Name": "char_name", "Alias": "chn", "Startup Cost": 0.0, "Total Cost": 5.37, "Plan Rows": 1, "Plan Width": 20, "Index Cond": "(id = ci.person_role_id)"}]}, {"Node Type": "Index Scan", "Parent Relationship": "Inner", "Scan Direction": "Forward", "Index Name": "company_type_pkey", "Relation Name": "company_type", "Alias": "ct", "Startup Cost": 0.0, "Total Cost": 0.27, "Plan Rows": 1, "Plan Width": 4, "Index Cond": "(id = mc.company_type_id)"}]}]}, "Unique SQL Id": 2933943827, "Planner Runtime": 18}, "explain_analyze_plan": {"Plan": {"Node Type": "Aggregate", "Strategy": "Plain", "Startup Cost": 22693.96, "Total Cost": 22693.97, "Plan Rows": 1, "Plan Width": 97, "Actual Startup Time": 843.332, "Actual Total Time": 843.332, "Actual Rows": 1, "Actual Loops": 1, "Plans": [{"Node Type": "Nested Loop", "Parent Relationship": "Outer", "Join Type": "Inner", "Startup Cost": 2779.29, "Total Cost": 22693.95, "Plan Rows": 2, "Plan Width": 33, "Actual Startup Time": 84.915, "Actual Total Time": 843.226, "Actual Rows": 18, "Actual Loops": 1, "Inner Unique": true, "Plans": [{"Node Type": "Nested Loop", "Parent Relationship": "Outer", "Join Type": "Inner", "Startup Cost": 2779.29, "Total Cost": 22693.39, "Plan Rows": 2, "Plan Width": 37, "Actual Startup Time": 38.811, "Actual Total Time": 842.928, "Actual Rows": 104, "Actual Loops": 1, "Inner Unique": true, "Plans": [{"Node Type": "Nested Loop", "Parent Relationship": "Outer", "Join Type": "Inner", "Startup Cost": 2779.29, "Total Cost": 22666.51, "Plan Rows": 5, "Plan Width": 25, "Actual Startup Time": 38.796, "Actual Total Time": 842.002, "Actual Rows": 112, "Actual Loops": 1, "Inner Unique": true, "Plans": [{"Node Type": "Nested Loop", "Parent Relationship": "Outer", "Join Type": "Inner", "Startup Cost": 2779.29, "Total Cost": 22664.41, "Plan Rows": 6, "Plan Width": 16, "Actual Startup Time": 27.021, "Actual Total Time": 839.866, "Actual Rows": 275, "Actual Loops": 1, "Inner Unique": true, "Plans": [{"Node Type": "Nested Loop", "Parent Relationship": "Outer", "Join Type": "Inner", "Startup Cost": 2779.29, "Total Cost": 22645.16, "Plan Rows": 68, "Plan Width": 20, "Actual Startup Time": 27.012, "Actual Total Time": 838.164, "Actual Rows": 377, "Actual Loops": 1, "Inner Unique": false, "Plans": [{"Node Type": "Nested Loop", "Parent Relationship": "Outer", "Join Type": "Inner", "Startup Cost": 2779.29, "Total Cost": 18900.84, "Plan Rows": 3779, "Plan Width": 8, "Actual Startup Time": 26.08, "Actual Total Time": 152.831, "Actual Rows": 8790, "Actual Loops": 1, "Inner Unique": false, "Plans": [{"Node Type": "Bitmap Heap Scan", "Parent Relationship": "Outer", "Relation Name": "company_name", "Alias": "cn", "Startup Cost": 2779.29, "Total Cost": 8682.74, "Plan Rows": 251, "Plan Width": 4, "Actual Startup Time": 26.057, "Actual Total Time": 130.931, "Actual Rows": 1361, "Actual Loops": 1, "Filter": "((country_code)::text = '[ru]'::text)", "Rows Removed by Filter": 233635, "Exact Heap Blocks": 2966, "Lossy Heap Blocks": 2966, "Plans": [{"Node Type": "Bitmap Index Scan", "Parent Relationship": "Outer", "Index Name": "company_name_pkey", "Startup Cost": 0.0, "Total Cost": 2779.23, "Plan Rows": 234996, "Plan Width": 0, "Actual Startup Time": 25.575, "Actual Total Time": 25.575, "Actual Rows": 234996, "Actual Loops": 1}]}, {"Node Type": "Index Scan", "Parent Relationship": "Inner", "Scan Direction": "Forward", "Index Name": "company_id_movie_companies", "Relation Name": "movie_companies", "Alias": "mc", "Startup Cost": 0.0, "Total Cost": 40.56, "Plan Rows": 15, "Plan Width": 12, "Actual Startup Time": 8.14, "Actual Total Time": 18.656, "Actual Rows": 8790, "Actual Loops": 1361, "Index Cond": "(company_id = cn.id)", "Rows Removed by Index Recheck": 0}]}, {"Node Type": "Index Scan", "Parent Relationship": "Inner", "Scan Direction": "Forward", "Index Name": "movie_id_cast_info", "Relation Name": "cast_info", "Alias": "ci", "Startup Cost": 0.0, "Total Cost": 0.98, "Plan Rows": 1, "Plan Width": 12, "Actual Startup Time": 639.758, "Actual Total Time": 679.853, "Actual Rows": 377, "Actual Loops": 8790, "Index Cond": "(movie_id = mc.movie_id)", "Rows Removed by Index Recheck": 0, "Filter": "(((note)::text ~~ '%(voice)%'::text) AND ((note)::text ~~ '%(uncredited)%'::text))", "Rows Removed by Filter": 408168}]}, {"Node Type": "Index Scan", "Parent Relationship": "Inner", "Scan Direction": "Forward", "Index Name": "role_type_pkey", "Relation Name": "role_type", "Alias": "rt", "Startup Cost": 0.0, "Total Cost": 0.27, "Plan Rows": 1, "Plan Width": 4, "Actual Startup Time": 1.148, "Actual Total Time": 1.148, "Actual Rows": 275, "Actual Loops": 377, "Index Cond": "(id = ci.role_id)", "Rows Removed by Index Recheck": 0, "Filter": "((role)::text = 'actor'::text)", "Rows Removed by Filter": 102}]}, {"Node Type": "Index Scan", "Parent Relationship": "Inner", "Scan Direction": "Forward", "Index Name": "title_pkey", "Relation Name": "title", "Alias": "t", "Startup Cost": 0.0, "Total Cost": 0.34, "Plan Rows": 1, "Plan Width": 21, "Actual Startup Time": 1.741, "Actual Total Time": 1.741, "Actual Rows": 112, "Actual Loops": 275, "Index Cond": "(id = mc.movie_id)", "Rows Removed by Index Recheck": 0, "Filter": "(production_year > 2005)", "Rows Removed by Filter": 163}]}, {"Node Type": "Index Scan", "Parent Relationship": "Inner", "Scan Direction": "Forward", "Index Name": "char_name_pkey", "Relation Name": "char_name", "Alias": "chn", "Startup Cost": 0.0, "Total Cost": 5.37, "Plan Rows": 1, "Plan Width": 20, "Actual Startup Time": 0.674, "Actual Total Time": 0.674, "Actual Rows": 104, "Actual Loops": 112, "Index Cond": "(id = ci.person_role_id)", "Rows Removed by Index Recheck": 0}]}, {"Node Type": "Index Scan", "Parent Relationship": "Inner", "Scan Direction": "Forward", "Index Name": "company_type_pkey", "Relation Name": "company_type", "Alias": "ct", "Startup Cost": 0.0, "Total Cost": 0.27, "Plan Rows": 1, "Plan Width": 4, "Actual Startup Time": 0.144, "Actual Total Time": 0.144, "Actual Rows": 18, "Actual Loops": 104, "Index Cond": "(id = mc.company_type_id)", "Rows Removed by Index Recheck": 0}]}]}, "Triggers": [], "Planner Runtime": 13, "Total Runtime": 843.73, "Unique SQL Id": 2933943827}}, "(16, 70)": {"explain_plan": {"Plan": {"Node Type": "Aggregate", "Strategy": "Plain", "Startup Cost": 38349.31, "Total Cost": 38349.32, "Plan Rows": 1, "Plan Width": 97, "Plans": [{"Node Type": "Nested Loop", "Parent Relationship": "Outer", "Join Type": "Inner", "Startup Cost": 8.82, "Total Cost": 38349.3, "Plan Rows": 2, "Plan Width": 33, "Inner Unique": true, "Plans": [{"Node Type": "Nested Loop", "Parent Relationship": "Outer", "Join Type": "Inner", "Startup Cost": 8.56, "Total Cost": 38340.74, "Plan Rows": 2, "Plan Width": 37, "Inner Unique": true, "Plans": [{"Node Type": "Nested Loop", "Parent Relationship": "Outer", "Join Type": "Inner", "Startup Cost": 8.29, "Total Cost": 38327.85, "Plan Rows": 3, "Plan Width": 28, "Inner Unique": true, "Plans": [{"Node Type": "Hash Join", "Parent Relationship": "Outer", "Join Type": "Inner", "Startup Cost": 5.99, "Total Cost": 38289.92, "Plan Rows": 6, "Plan Width": 16, "Inner Unique": true, "Hash Cond": "(ci.role_id = rt.id)", "Plans": [{"Node Type": "Nested Loop", "Parent Relationship": "Outer", "Join Type": "Inner", "Startup Cost": 4.83, "Total Cost": 38288.52, "Plan Rows": 68, "Plan Width": 20, "Inner Unique": false, "Plans": [{"Node Type": "Nested Loop", "Parent Relationship": "Outer", "Join Type": "Inner", "Startup Cost": 4.32, "Total Cost": 20813.55, "Plan Rows": 3779, "Plan Width": 8, "Inner Unique": false, "Plans": [{"Node Type": "Seq Scan", "Parent Relationship": "Outer", "Relation Name": "company_name", "Alias": "cn", "Startup Cost": 0.0, "Total Cost": 5903.45, "Plan Rows": 251, "Plan Width": 4, "Filter": "((country_code)::text = '[ru]'::text)"}, {"Node Type": "Bitmap Heap Scan", "Parent Relationship": "Inner", "Relation Name": "movie_companies", "Alias": "mc", "Startup Cost": 4.32, "Total Cost": 59.25, "Plan Rows": 15, "Plan Width": 12, "Recheck Cond": "(company_id = cn.id)", "Plans": [{"Node Type": "Bitmap Index Scan", "Parent Relationship": "Outer", "Index Name": "company_id_movie_companies", "Startup Cost": 0.0, "Total Cost": 4.31, "Plan Rows": 15, "Plan Width": 0, "Index Cond": "(company_id = cn.id)"}]}]}, {"Node Type": "Bitmap Heap Scan", "Parent Relationship": "Inner", "Relation Name": "cast_info", "Alias": "ci", "Startup Cost": 0.51, "Total Cost": 4.61, "Plan Rows": 1, "Plan Width": 12, "Recheck Cond": "(movie_id = mc.movie_id)", "Filter": "(((note)::text ~~ '%(voice)%'::text) AND ((note)::text ~~ '%(uncredited)%'::text))", "Plans": [{"Node Type": "Bitmap Index Scan", "Parent Relationship": "Outer", "Index Name": "movie_id_cast_info", "Startup Cost": 0.0, "Total Cost": 0.51, "Plan Rows": 6, "Plan Width": 0, "Index Cond": "(movie_id = mc.movie_id)"}]}]}, {"Node Type": "Hash", "Parent Relationship": "Inner", "Startup Cost": 1.15, "Total Cost": 1.15, "Plan Rows": 1, "Plan Width": 4, "Plans": [{"Node Type": "Seq Scan", "Parent Relationship": "Outer", "Relation Name": "role_type", "Alias": "rt", "Startup Cost": 0.0, "Total Cost": 1.15, "Plan Rows": 1, "Plan Width": 4, "Filter": "((role)::text = 'actor'::text)"}]}]}, {"Node Type": "Bitmap Heap Scan", "Parent Relationship": "Inner", "Relation Name": "char_name", "Alias": "chn", "Startup Cost": 2.3, "Total Cost": 6.31, "Plan Rows": 1, "Plan Width": 20, "Recheck Cond": "(id = ci.person_role_id)", "Plans": [{"Node Type": "Bitmap Index Scan", "Parent Relationship": "Outer", "Index Name": "char_name_pkey", "Startup Cost": 0.0, "Total Cost": 2.3, "Plan Rows": 1, "Plan Width": 0, "Index Cond": "(id = ci.person_role_id)"}]}]}, {"Node Type": "Bitmap Heap Scan", "Parent Relationship": "Inner", "Relation Name": "title", "Alias": "t", "Startup Cost": 0.27, "Total Cost": 4.29, "Plan Rows": 1, "Plan Width": 21, "Recheck Cond": "(id = mc.movie_id)", "Filter": "(production_year > 2005)", "Plans": [{"Node Type": "Bitmap Index Scan", "Parent Relationship": "Outer", "Index Name": "title_pkey", "Startup Cost": 0.0, "Total Cost": 0.27, "Plan Rows": 1, "Plan Width": 0, "Index Cond": "(id = mc.movie_id)"}]}]}, {"Node Type": "Bitmap Heap Scan", "Parent Relationship": "Inner", "Relation Name": "company_type", "Alias": "ct", "Startup Cost": 0.26, "Total Cost": 4.27, "Plan Rows": 1, "Plan Width": 4, "Recheck Cond": "(id = mc.company_type_id)", "Plans": [{"Node Type": "Bitmap Index Scan", "Parent Relationship": "Outer", "Index Name": "company_type_pkey", "Startup Cost": 0.0, "Total Cost": 0.26, "Plan Rows": 1, "Plan Width": 0, "Index Cond": "(id = mc.company_type_id)"}]}]}]}, "Unique SQL Id": 2933943827, "Planner Runtime": 34}, "explain_analyze_plan": {"Plan": {"Node Type": "Aggregate", "Strategy": "Plain", "Startup Cost": 38349.31, "Total Cost": 38349.32, "Plan Rows": 1, "Plan Width": 97, "Actual Startup Time": 1045.041, "Actual Total Time": 1045.041, "Actual Rows": 1, "Actual Loops": 1, "Plans": [{"Node Type": "Nested Loop", "Parent Relationship": "Outer", "Join Type": "Inner", "Startup Cost": 8.82, "Total Cost": 38349.3, "Plan Rows": 2, "Plan Width": 33, "Actual Startup Time": 54.267, "Actual Total Time": 1044.941, "Actual Rows": 18, "Actual Loops": 1, "Inner Unique": true, "Plans": [{"Node Type": "Nested Loop", "Parent Relationship": "Outer", "Join Type": "Inner", "Startup Cost": 8.56, "Total Cost": 38340.74, "Plan Rows": 2, "Plan Width": 37, "Actual Startup Time": 11.311, "Actual Total Time": 1044.458, "Actual Rows": 104, "Actual Loops": 1, "Inner Unique": true, "Plans": [{"Node Type": "Nested Loop", "Parent Relationship": "Outer", "Join Type": "Inner", "Startup Cost": 8.29, "Total Cost": 38327.85, "Plan Rows": 3, "Plan Width": 28, "Actual Startup Time": 1.057, "Actual Total Time": 1041.9, "Actual Rows": 265, "Actual Loops": 1, "Inner Unique": true, "Plans": [{"Node Type": "Hash Join", "Parent Relationship": "Outer", "Join Type": "Inner", "Startup Cost": 5.99, "Total Cost": 38289.92, "Plan Rows": 6, "Plan Width": 16, "Actual Startup Time": 1.044, "Actual Total Time": 1038.847, "Actual Rows": 275, "Actual Loops": 1, "Inner Unique": true, "Hash Cond": "(ci.role_id = rt.id)", "Plans": [{"Node Type": "Nested Loop", "Parent Relationship": "Outer", "Join Type": "Inner", "Startup Cost": 4.83, "Total Cost": 38288.52, "Plan Rows": 68, "Plan Width": 20, "Actual Startup Time": 0.936, "Actual Total Time": 1038.225, "Actual Rows": 377, "Actual Loops": 1, "Inner Unique": false, "Plans": [{"Node Type": "Nested Loop", "Parent Relationship": "Outer", "Join Type": "Inner", "Startup Cost": 4.32, "Total Cost": 20813.55, "Plan Rows": 3779, "Plan Width": 8, "Actual Startup Time": 0.074, "Actual Total Time": 116.679, "Actual Rows": 8790, "Actual Loops": 1, "Inner Unique": false, "Plans": [{"Node Type": "Seq Scan", "Parent Relationship": "Outer", "Relation Name": "company_name", "Alias": "cn", "Startup Cost": 0.0, "Total Cost": 5903.45, "Plan Rows": 251, "Plan Width": 4, "Actual Startup Time": 0.034, "Actual Total Time": 84.326, "Actual Rows": 1361, "Actual Loops": 1, "Filter": "((country_code)::text = '[ru]'::text)", "Rows Removed by Filter": 233635}, {"Node Type": "Bitmap Heap Scan", "Parent Relationship": "Inner", "Relation Name": "movie_companies", "Alias": "mc", "Startup Cost": 4.32, "Total Cost": 59.25, "Plan Rows": 15, "Plan Width": 12, "Actual Startup Time": 14.222, "Actual Total Time": 27.602, "Actual Rows": 8790, "Actual Loops": 1361, "Recheck Cond": "(company_id = cn.id)", "Rows Removed by Index Recheck": 0, "Exact Heap Blocks": 7155, "Lossy Heap Blocks": 7155, "Plans": [{"Node Type": "Bitmap Index Scan", "Parent Relationship": "Outer", "Index Name": "company_id_movie_companies", "Startup Cost": 0.0, "Total Cost": 4.31, "Plan Rows": 15, "Plan Width": 0, "Actual Startup Time": 8.854, "Actual Total Time": 8.854, "Actual Rows": 8790, "Actual Loops": 1361, "Index Cond": "(company_id = cn.id)"}]}]}, {"Node Type": "Bitmap Heap Scan", "Parent Relationship": "Inner", "Relation Name": "cast_info", "Alias": "ci", "Startup Cost": 0.51, "Total Cost": 4.61, "Plan Rows": 1, "Plan Width": 12, "Actual Startup Time": 860.038, "Actual Total Time": 905.383, "Actual Rows": 377, "Actual Loops": 8790, "Recheck Cond": "(movie_id = mc.movie_id)", "Rows Removed by Index Recheck": 0, "Filter": "(((note)::text ~~ '%(voice)%'::text) AND ((note)::text ~~ '%(uncredited)%'::text))", "Rows Removed by Filter": 408168, "Exact Heap Blocks": 397651, "Lossy Heap Blocks": 397651, "Plans": [{"Node Type": "Bitmap Index Scan", "Parent Relationship": "Outer", "Index Name": "movie_id_cast_info", "Startup Cost": 0.0, "Total Cost": 0.51, "Plan Rows": 6, "Plan Width": 0, "Actual Startup Time": 121.593, "Actual Total Time": 121.593, "Actual Rows": 408545, "Actual Loops": 8790, "Index Cond": "(movie_id = mc.movie_id)"}]}]}, {"Node Type": "Hash", "Parent Relationship": "Inner", "Startup Cost": 1.15, "Total Cost": 1.15, "Plan Rows": 1, "Plan Width": 4, "Actual Startup Time": 0.049, "Actual Total Time": 0.049, "Actual Rows": 1, "Actual Loops": 1, "Hash Buckets": 32768, "Hash Batches": 1, "Original Hash Batches": 1, "Peak Memory Usage": 1, "Plans": [{"Node Type": "Seq Scan", "Parent Relationship": "Outer", "Relation Name": "role_type", "Alias": "rt", "Startup Cost": 0.0, "Total Cost": 1.15, "Plan Rows": 1, "Plan Width": 4, "Actual Startup Time": 0.029, "Actual Total Time": 0.034, "Actual Rows": 1, "Actual Loops": 1, "Filter": "((role)::text = 'actor'::text)", "Rows Removed by Filter": 11}]}]}, {"Node Type": "Bitmap Heap Scan", "Parent Relationship": "Inner", "Relation Name": "char_name", "Alias": "chn", "Startup Cost": 2.3, "Total Cost": 6.31, "Plan Rows": 1, "Plan Width": 20, "Actual Startup Time": 2.246, "Actual Total Time": 2.246, "Actual Rows": 265, "Actual Loops": 275, "Recheck Cond": "(id = ci.person_role_id)", "Rows Removed by Index Recheck": 0, "Exact Heap Blocks": 265, "Lossy Heap Blocks": 265, "Plans": [{"Node Type": "Bitmap Index Scan", "Parent Relationship": "Outer", "Index Name": "char_name_pkey", "Startup Cost": 0.0, "Total Cost": 2.3, "Plan Rows": 1, "Plan Width": 0, "Actual Startup Time": 1.469, "Actual Total Time": 1.469, "Actual Rows": 265, "Actual Loops": 275, "Index Cond": "(id = ci.person_role_id)"}]}]}, {"Node Type": "Bitmap Heap Scan", "Parent Relationship": "Inner", "Relation Name": "title", "Alias": "t", "Startup Cost": 0.27, "Total Cost": 4.29, "Plan Rows": 1, "Plan Width": 21, "Actual Startup Time": 1.965, "Actual Total Time": 1.965, "Actual Rows": 104, "Actual Loops": 265, "Recheck Cond": "(id = mc.movie_id)", "Rows Removed by Index Recheck": 0, "Filter": "(production_year > 2005)", "Rows Removed by Filter": 161, "Exact Heap Blocks": 265, "Lossy Heap Blocks": 265, "Plans": [{"Node Type": "Bitmap Index Scan", "Parent Relationship": "Outer", "Index Name": "title_pkey", "Startup Cost": 0.0, "Total Cost": 0.27, "Plan Rows": 1, "Plan Width": 0, "Actual Startup Time": 1.195, "Actual Total Time": 1.195, "Actual Rows": 265, "Actual Loops": 265, "Index Cond": "(id = mc.movie_id)"}]}]}, {"Node Type": "Bitmap Heap Scan", "Parent Relationship": "Inner", "Relation Name": "company_type", "Alias": "ct", "Startup Cost": 0.26, "Total Cost": 4.27, "Plan Rows": 1, "Plan Width": 4, "Actual Startup Time": 0.248, "Actual Total Time": 0.248, "Actual Rows": 18, "Actual Loops": 104, "Recheck Cond": "(id = mc.company_type_id)", "Rows Removed by Index Recheck": 0, "Exact Heap Blocks": 18, "Lossy Heap Blocks": 18, "Plans": [{"Node Type": "Bitmap Index Scan", "Parent Relationship": "Outer", "Index Name": "company_type_pkey", "Startup Cost": 0.0, "Total Cost": 0.26, "Plan Rows": 1, "Plan Width": 0, "Actual Startup Time": 0.126, "Actual Total Time": 0.126, "Actual Rows": 18, "Actual Loops": 104, "Index Cond": "(id = mc.company_type_id)"}]}]}]}, "Triggers": [], "Planner Runtime": 28, "Total Runtime": 1045.446, "Unique SQL Id": 2933943827}}, "(16, 71)": {"explain_plan": {"Plan": {"Node Type": "Aggregate", "Strategy": "Plain", "Startup Cost": 41418.46, "Total Cost": 41418.47, "Plan Rows": 1, "Plan Width": 97, "Plans": [{"Node Type": "Nested Loop", "Parent Relationship": "Outer", "Join Type": "Inner", "Startup Cost": 2787.21, "Total Cost": 41418.45, "Plan Rows": 2, "Plan Width": 33, "Inner Unique": true, "Plans": [{"Node Type": "Nested Loop", "Parent Relationship": "Outer", "Join Type": "Inner", "Startup Cost": 2786.95, "Total Cost": 41409.89, "Plan Rows": 2, "Plan Width": 37, "Inner Unique": true, "Plans": [{"Node Type": "Nested Loop", "Parent Relationship": "Outer", "Join Type": "Inner", "Startup Cost": 2786.68, "Total Cost": 41397.0, "Plan Rows": 3, "Plan Width": 28, "Inner Unique": true, "Plans": [{"Node Type": "Nested Loop", "Parent Relationship": "Outer", "Join Type": "Inner", "Startup Cost": 2784.38, "Total Cost": 41359.07, "Plan Rows": 6, "Plan Width": 16, "Inner Unique": true, "Plans": [{"Node Type": "Nested Loop", "Parent Relationship": "Outer", "Join Type": "Inner", "Startup Cost": 2784.12, "Total Cost": 41067.82, "Plan Rows": 68, "Plan Width": 20, "Inner Unique": false, "Plans": [{"Node Type": "Nested Loop", "Parent Relationship": "Outer", "Join Type": "Inner", "Startup Cost": 2783.61, "Total Cost": 23592.84, "Plan Rows": 3779, "Plan Width": 8, "Inner Unique": false, "Plans": [{"Node Type": "Bitmap Heap Scan", "Parent Relationship": "Outer", "Relation Name": "company_name", "Alias": "cn", "Startup Cost": 2779.29, "Total Cost": 8682.74, "Plan Rows": 251, "Plan Width": 4, "Filter": "((country_code)::text = '[ru]'::text)", "Plans": [{"Node Type": "Bitmap Index Scan", "Parent Relationship": "Outer", "Index Name": "company_name_pkey", "Startup Cost": 0.0, "Total Cost": 2779.23, "Plan Rows": 234996, "Plan Width": 0}]}, {"Node Type": "Bitmap Heap Scan", "Parent Relationship": "Inner", "Relation Name": "movie_companies", "Alias": "mc", "Startup Cost": 4.32, "Total Cost": 59.25, "Plan Rows": 15, "Plan Width": 12, "Recheck Cond": "(company_id = cn.id)", "Plans": [{"Node Type": "Bitmap Index Scan", "Parent Relationship": "Outer", "Index Name": "company_id_movie_companies", "Startup Cost": 0.0, "Total Cost": 4.31, "Plan Rows": 15, "Plan Width": 0, "Index Cond": "(company_id = cn.id)"}]}]}, {"Node Type": "Bitmap Heap Scan", "Parent Relationship": "Inner", "Relation Name": "cast_info", "Alias": "ci", "Startup Cost": 0.51, "Total Cost": 4.61, "Plan Rows": 1, "Plan Width": 12, "Recheck Cond": "(movie_id = mc.movie_id)", "Filter": "(((note)::text ~~ '%(voice)%'::text) AND ((note)::text ~~ '%(uncredited)%'::text))", "Plans": [{"Node Type": "Bitmap Index Scan", "Parent Relationship": "Outer", "Index Name": "movie_id_cast_info", "Startup Cost": 0.0, "Total Cost": 0.51, "Plan Rows": 6, "Plan Width": 0, "Index Cond": "(movie_id = mc.movie_id)"}]}]}, {"Node Type": "Bitmap Heap Scan", "Parent Relationship": "Inner", "Relation Name": "role_type", "Alias": "rt", "Startup Cost": 0.26, "Total Cost": 4.27, "Plan Rows": 1, "Plan Width": 4, "Recheck Cond": "(id = ci.role_id)", "Filter": "((role)::text = 'actor'::text)", "Plans": [{"Node Type": "Bitmap Index Scan", "Parent Relationship": "Outer", "Index Name": "role_type_pkey", "Startup Cost": 0.0, "Total Cost": 0.26, "Plan Rows": 1, "Plan Width": 0, "Index Cond": "(id = ci.role_id)"}]}]}, {"Node Type": "Bitmap Heap Scan", "Parent Relationship": "Inner", "Relation Name": "char_name", "Alias": "chn", "Startup Cost": 2.3, "Total Cost": 6.31, "Plan Rows": 1, "Plan Width": 20, "Recheck Cond": "(id = ci.person_role_id)", "Plans": [{"Node Type": "Bitmap Index Scan", "Parent Relationship": "Outer", "Index Name": "char_name_pkey", "Startup Cost": 0.0, "Total Cost": 2.3, "Plan Rows": 1, "Plan Width": 0, "Index Cond": "(id = ci.person_role_id)"}]}]}, {"Node Type": "Bitmap Heap Scan", "Parent Relationship": "Inner", "Relation Name": "title", "Alias": "t", "Startup Cost": 0.27, "Total Cost": 4.29, "Plan Rows": 1, "Plan Width": 21, "Recheck Cond": "(id = mc.movie_id)", "Filter": "(production_year > 2005)", "Plans": [{"Node Type": "Bitmap Index Scan", "Parent Relationship": "Outer", "Index Name": "title_pkey", "Startup Cost": 0.0, "Total Cost": 0.27, "Plan Rows": 1, "Plan Width": 0, "Index Cond": "(id = mc.movie_id)"}]}]}, {"Node Type": "Bitmap Heap Scan", "Parent Relationship": "Inner", "Relation Name": "company_type", "Alias": "ct", "Startup Cost": 0.26, "Total Cost": 4.27, "Plan Rows": 1, "Plan Width": 4, "Recheck Cond": "(id = mc.company_type_id)", "Plans": [{"Node Type": "Bitmap Index Scan", "Parent Relationship": "Outer", "Index Name": "company_type_pkey", "Startup Cost": 0.0, "Total Cost": 0.26, "Plan Rows": 1, "Plan Width": 0, "Index Cond": "(id = mc.company_type_id)"}]}]}]}, "Unique SQL Id": 2933943827, "Planner Runtime": 18}, "explain_analyze_plan": {"Plan": {"Node Type": "Aggregate", "Strategy": "Plain", "Startup Cost": 41418.46, "Total Cost": 41418.47, "Plan Rows": 1, "Plan Width": 97, "Actual Startup Time": 1197.675, "Actual Total Time": 1197.675, "Actual Rows": 1, "Actual Loops": 1, "Plans": [{"Node Type": "Nested Loop", "Parent Relationship": "Outer", "Join Type": "Inner", "Startup Cost": 2787.21, "Total Cost": 41418.45, "Plan Rows": 2, "Plan Width": 33, "Actual Startup Time": 99.205, "Actual Total Time": 1197.571, "Actual Rows": 18, "Actual Loops": 1, "Inner Unique": true, "Plans": [{"Node Type": "Nested Loop", "Parent Relationship": "Outer", "Join Type": "Inner", "Startup Cost": 2786.95, "Total Cost": 41409.89, "Plan Rows": 2, "Plan Width": 37, "Actual Startup Time": 42.334, "Actual Total Time": 1197.028, "Actual Rows": 104, "Actual Loops": 1, "Inner Unique": true, "Plans": [{"Node Type": "Nested Loop", "Parent Relationship": "Outer", "Join Type": "Inner", "Startup Cost": 2786.68, "Total Cost": 41397.0, "Plan Rows": 3, "Plan Width": 28, "Actual Startup Time": 27.449, "Actual Total Time": 1194.263, "Actual Rows": 265, "Actual Loops": 1, "Inner Unique": true, "Plans": [{"Node Type": "Nested Loop", "Parent Relationship": "Outer", "Join Type": "Inner", "Startup Cost": 2784.38, "Total Cost": 41359.07, "Plan Rows": 6, "Plan Width": 16, "Actual Startup Time": 27.428, "Actual Total Time": 1191.216, "Actual Rows": 275, "Actual Loops": 1, "Inner Unique": true, "Plans": [{"Node Type": "Nested Loop", "Parent Relationship": "Outer", "Join Type": "Inner", "Startup Cost": 2784.12, "Total Cost": 41067.82, "Plan Rows": 68, "Plan Width": 20, "Actual Startup Time": 27.408, "Actual Total Time": 1188.638, "Actual Rows": 377, "Actual Loops": 1, "Inner Unique": false, "Plans": [{"Node Type": "Nested Loop", "Parent Relationship": "Outer", "Join Type": "Inner", "Startup Cost": 2783.61, "Total Cost": 23592.84, "Plan Rows": 3779, "Plan Width": 8, "Actual Startup Time": 26.16, "Actual Total Time": 182.006, "Actual Rows": 8790, "Actual Loops": 1, "Inner Unique": false, "Plans": [{"Node Type": "Bitmap Heap Scan", "Parent Relationship": "Outer", "Relation Name": "company_name", "Alias": "cn", "Startup Cost": 2779.29, "Total Cost": 8682.74, "Plan Rows": 251, "Plan Width": 4, "Actual Startup Time": 26.111, "Actual Total Time": 148.164, "Actual Rows": 1361, "Actual Loops": 1, "Filter": "((country_code)::text = '[ru]'::text)", "Rows Removed by Filter": 233635, "Exact Heap Blocks": 2966, "Lossy Heap Blocks": 2966, "Plans": [{"Node Type": "Bitmap Index Scan", "Parent Relationship": "Outer", "Index Name": "company_name_pkey", "Startup Cost": 0.0, "Total Cost": 2779.23, "Plan Rows": 234996, "Plan Width": 0, "Actual Startup Time": 25.617, "Actual Total Time": 25.617, "Actual Rows": 234996, "Actual Loops": 1}]}, {"Node Type": "Bitmap Heap Scan", "Parent Relationship": "Inner", "Relation Name": "movie_companies", "Alias": "mc", "Startup Cost": 4.32, "Total Cost": 59.25, "Plan Rows": 15, "Plan Width": 12, "Actual Startup Time": 14.449, "Actual Total Time": 29.008, "Actual Rows": 8790, "Actual Loops": 1361, "Recheck Cond": "(company_id = cn.id)", "Rows Removed by Index Recheck": 0, "Exact Heap Blocks": 7155, "Lossy Heap Blocks": 7155, "Plans": [{"Node Type": "Bitmap Index Scan", "Parent Relationship": "Outer", "Index Name": "company_id_movie_companies", "Startup Cost": 0.0, "Total Cost": 4.31, "Plan Rows": 15, "Plan Width": 0, "Actual Startup Time": 9.127, "Actual Total Time": 9.127, "Actual Rows": 8790, "Actual Loops": 1361, "Index Cond": "(company_id = cn.id)"}]}]}, {"Node Type": "Bitmap Heap Scan", "Parent Relationship": "Inner", "Relation Name": "cast_info", "Alias": "ci", "Startup Cost": 0.51, "Total Cost": 4.61, "Plan Rows": 1, "Plan Width": 12, "Actual Startup Time": 938.519, "Actual Total Time": 990.4, "Actual Rows": 377, "Actual Loops": 8790, "Recheck Cond": "(movie_id = mc.movie_id)", "Rows Removed by Index Recheck": 0, "Filter": "(((note)::text ~~ '%(voice)%'::text) AND ((note)::text ~~ '%(uncredited)%'::text))", "Rows Removed by Filter": 408168, "Exact Heap Blocks": 397651, "Lossy Heap Blocks": 397651, "Plans": [{"Node Type": "Bitmap Index Scan", "Parent Relationship": "Outer", "Index Name": "movie_id_cast_info", "Startup Cost": 0.0, "Total Cost": 0.51, "Plan Rows": 6, "Plan Width": 0, "Actual Startup Time": 127.518, "Actual Total Time": 127.518, "Actual Rows": 408545, "Actual Loops": 8790, "Index Cond": "(movie_id = mc.movie_id)"}]}]}, {"Node Type": "Bitmap Heap Scan", "Parent Relationship": "Inner", "Relation Name": "role_type", "Alias": "rt", "Startup Cost": 0.26, "Total Cost": 4.27, "Plan Rows": 1, "Plan Width": 4, "Actual Startup Time": 1.696, "Actual Total Time": 1.696, "Actual Rows": 275, "Actual Loops": 377, "Recheck Cond": "(id = ci.role_id)", "Rows Removed by Index Recheck": 0, "Filter": "((role)::text = 'actor'::text)", "Rows Removed by Filter": 102, "Exact Heap Blocks": 377, "Lossy Heap Blocks": 377, "Plans": [{"Node Type": "Bitmap Index Scan", "Parent Relationship": "Outer", "Index Name": "role_type_pkey", "Startup Cost": 0.0, "Total Cost": 0.26, "Plan Rows": 1, "Plan Width": 0, "Actual Startup Time": 0.653, "Actual Total Time": 0.653, "Actual Rows": 377, "Actual Loops": 377, "Index Cond": "(id = ci.role_id)"}]}]}, {"Node Type": "Bitmap Heap Scan", "Parent Relationship": "Inner", "Relation Name": "char_name", "Alias": "chn", "Startup Cost": 2.3, "Total Cost": 6.31, "Plan Rows": 1, "Plan Width": 20, "Actual Startup Time": 2.327, "Actual Total Time": 2.327, "Actual Rows": 265, "Actual Loops": 275, "Recheck Cond": "(id = ci.person_role_id)", "Rows Removed by Index Recheck": 0, "Exact Heap Blocks": 265, "Lossy Heap Blocks": 265, "Plans": [{"Node Type": "Bitmap Index Scan", "Parent Relationship": "Outer", "Index Name": "char_name_pkey", "Startup Cost": 0.0, "Total Cost": 2.3, "Plan Rows": 1, "Plan Width": 0, "Actual Startup Time": 1.574, "Actual Total Time": 1.574, "Actual Rows": 265, "Actual Loops": 275, "Index Cond": "(id = ci.person_role_id)"}]}]}, {"Node Type": "Bitmap Heap Scan", "Parent Relationship": "Inner", "Relation Name": "title", "Alias": "t", "Startup Cost": 0.27, "Total Cost": 4.29, "Plan Rows": 1, "Plan Width": 21, "Actual Startup Time": 2.169, "Actual Total Time": 2.169, "Actual Rows": 104, "Actual Loops": 265, "Recheck Cond": "(id = mc.movie_id)", "Rows Removed by Index Recheck": 0, "Filter": "(production_year > 2005)", "Rows Removed by Filter": 161, "Exact Heap Blocks": 265, "Lossy Heap Blocks": 265, "Plans": [{"Node Type": "Bitmap Index Scan", "Parent Relationship": "Outer", "Index Name": "title_pkey", "Startup Cost": 0.0, "Total Cost": 0.27, "Plan Rows": 1, "Plan Width": 0, "Actual Startup Time": 1.333, "Actual Total Time": 1.333, "Actual Rows": 265, "Actual Loops": 265, "Index Cond": "(id = mc.movie_id)"}]}]}, {"Node Type": "Bitmap Heap Scan", "Parent Relationship": "Inner", "Relation Name": "company_type", "Alias": "ct", "Startup Cost": 0.26, "Total Cost": 4.27, "Plan Rows": 1, "Plan Width": 4, "Actual Startup Time": 0.281, "Actual Total Time": 0.281, "Actual Rows": 18, "Actual Loops": 104, "Recheck Cond": "(id = mc.company_type_id)", "Rows Removed by Index Recheck": 0, "Exact Heap Blocks": 18, "Lossy Heap Blocks": 18, "Plans": [{"Node Type": "Bitmap Index Scan", "Parent Relationship": "Outer", "Index Name": "company_type_pkey", "Startup Cost": 0.0, "Total Cost": 0.26, "Plan Rows": 1, "Plan Width": 0, "Actual Startup Time": 0.155, "Actual Total Time": 0.155, "Actual Rows": 18, "Actual Loops": 104, "Index Cond": "(id = mc.company_type_id)"}]}]}]}, "Triggers": [], "Planner Runtime": 6, "Total Runtime": 1198.112, "Unique SQL Id": 2933943827}}, "(16, 72)": {"explain_plan": {"Plan": {"Node Type": "Aggregate", "Strategy": "Plain", "Startup Cost": 19914.67, "Total Cost": 19914.68, "Plan Rows": 1, "Plan Width": 97, "Plans": [{"Node Type": "Nested Loop", "Parent Relationship": "Outer", "Join Type": "Inner", "Startup Cost": 0.0, "Total Cost": 19914.66, "Plan Rows": 2, "Plan Width": 33, "Inner Unique": true, "Plans": [{"Node Type": "Nested Loop", "Parent Relationship": "Outer", "Join Type": "Inner", "Startup Cost": 0.0, "Total Cost": 19914.1, "Plan Rows": 2, "Plan Width": 37, "Inner Unique": true, "Plans": [{"Node Type": "Nested Loop", "Parent Relationship": "Outer", "Join Type": "Inner", "Startup Cost": 0.0, "Total Cost": 19887.22, "Plan Rows": 5, "Plan Width": 25, "Inner Unique": true, "Plans": [{"Node Type": "Nested Loop", "Parent Relationship": "Outer", "Join Type": "Inner", "Startup Cost": 0.0, "Total Cost": 19885.12, "Plan Rows": 6, "Plan Width": 16, "Inner Unique": true, "Plans": [{"Node Type": "Nested Loop", "Parent Relationship": "Outer", "Join Type": "Inner", "Startup Cost": 0.0, "Total Cost": 19865.87, "Plan Rows": 68, "Plan Width": 20, "Inner Unique": false, "Plans": [{"Node Type": "Nested Loop", "Parent Relationship": "Outer", "Join Type": "Inner", "Startup Cost": 0.0, "Total Cost": 16121.55, "Plan Rows": 3779, "Plan Width": 8, "Inner Unique": false, "Plans": [{"Node Type": "Seq Scan", "Parent Relationship": "Outer", "Relation Name": "company_name", "Alias": "cn", "Startup Cost": 0.0, "Total Cost": 5903.45, "Plan Rows": 251, "Plan Width": 4, "Filter": "((country_code)::text = '[ru]'::text)"}, {"Node Type": "Index Scan", "Parent Relationship": "Inner", "Scan Direction": "Forward", "Index Name": "company_id_movie_companies", "Relation Name": "movie_companies", "Alias": "mc", "Startup Cost": 0.0, "Total Cost": 40.56, "Plan Rows": 15, "Plan Width": 12, "Index Cond": "(company_id = cn.id)"}]}, {"Node Type": "Index Scan", "Parent Relationship": "Inner", "Scan Direction": "Forward", "Index Name": "movie_id_cast_info", "Relation Name": "cast_info", "Alias": "ci", "Startup Cost": 0.0, "Total Cost": 0.98, "Plan Rows": 1, "Plan Width": 12, "Index Cond": "(movie_id = mc.movie_id)", "Filter": "(((note)::text ~~ '%(voice)%'::text) AND ((note)::text ~~ '%(uncredited)%'::text))"}]}, {"Node Type": "Index Scan", "Parent Relationship": "Inner", "Scan Direction": "Forward", "Index Name": "role_type_pkey", "Relation Name": "role_type", "Alias": "rt", "Startup Cost": 0.0, "Total Cost": 0.27, "Plan Rows": 1, "Plan Width": 4, "Index Cond": "(id = ci.role_id)", "Filter": "((role)::text = 'actor'::text)"}]}, {"Node Type": "Index Scan", "Parent Relationship": "Inner", "Scan Direction": "Forward", "Index Name": "title_pkey", "Relation Name": "title", "Alias": "t", "Startup Cost": 0.0, "Total Cost": 0.34, "Plan Rows": 1, "Plan Width": 21, "Index Cond": "(id = mc.movie_id)", "Filter": "(production_year > 2005)"}]}, {"Node Type": "Index Scan", "Parent Relationship": "Inner", "Scan Direction": "Forward", "Index Name": "char_name_pkey", "Relation Name": "char_name", "Alias": "chn", "Startup Cost": 0.0, "Total Cost": 5.37, "Plan Rows": 1, "Plan Width": 20, "Index Cond": "(id = ci.person_role_id)"}]}, {"Node Type": "Index Only Scan", "Parent Relationship": "Inner", "Scan Direction": "Forward", "Index Name": "company_type_pkey", "Relation Name": "company_type", "Alias": "ct", "Startup Cost": 0.0, "Total Cost": 0.27, "Plan Rows": 1, "Plan Width": 4, "Index Cond": "(id = mc.company_type_id)"}]}]}, "Unique SQL Id": 2933943827, "Planner Runtime": 26}, "explain_analyze_plan": {"Plan": {"Node Type": "Aggregate", "Strategy": "Plain", "Startup Cost": 19914.67, "Total Cost": 19914.68, "Plan Rows": 1, "Plan Width": 97, "Actual Startup Time": 938.476, "Actual Total Time": 938.477, "Actual Rows": 1, "Actual Loops": 1, "Plans": [{"Node Type": "Nested Loop", "Parent Relationship": "Outer", "Join Type": "Inner", "Startup Cost": 0.0, "Total Cost": 19914.66, "Plan Rows": 2, "Plan Width": 33, "Actual Startup Time": 63.395, "Actual Total Time": 938.399, "Actual Rows": 18, "Actual Loops": 1, "Inner Unique": true, "Plans": [{"Node Type": "Nested Loop", "Parent Relationship": "Outer", "Join Type": "Inner", "Startup Cost": 0.0, "Total Cost": 19914.1, "Plan Rows": 2, "Plan Width": 37, "Actual Startup Time": 13.066, "Actual Total Time": 938.069, "Actual Rows": 104, "Actual Loops": 1, "Inner Unique": true, "Plans": [{"Node Type": "Nested Loop", "Parent Relationship": "Outer", "Join Type": "Inner", "Startup Cost": 0.0, "Total Cost": 19887.22, "Plan Rows": 5, "Plan Width": 25, "Actual Startup Time": 13.05, "Actual Total Time": 936.929, "Actual Rows": 112, "Actual Loops": 1, "Inner Unique": true, "Plans": [{"Node Type": "Nested Loop", "Parent Relationship": "Outer", "Join Type": "Inner", "Startup Cost": 0.0, "Total Cost": 19885.12, "Plan Rows": 6, "Plan Width": 16, "Actual Startup Time": 0.978, "Actual Total Time": 934.501, "Actual Rows": 275, "Actual Loops": 1, "Inner Unique": true, "Plans": [{"Node Type": "Nested Loop", "Parent Relationship": "Outer", "Join Type": "Inner", "Startup Cost": 0.0, "Total Cost": 19865.87, "Plan Rows": 68, "Plan Width": 20, "Actual Startup Time": 0.971, "Actual Total Time": 932.897, "Actual Rows": 377, "Actual Loops": 1, "Inner Unique": false, "Plans": [{"Node Type": "Nested Loop", "Parent Relationship": "Outer", "Join Type": "Inner", "Startup Cost": 0.0, "Total Cost": 16121.55, "Plan Rows": 3779, "Plan Width": 8, "Actual Startup Time": 0.073, "Actual Total Time": 106.997, "Actual Rows": 8790, "Actual Loops": 1, "Inner Unique": false, "Plans": [{"Node Type": "Seq Scan", "Parent Relationship": "Outer", "Relation Name": "company_name", "Alias": "cn", "Startup Cost": 0.0, "Total Cost": 5903.45, "Plan Rows": 251, "Plan Width": 4, "Actual Startup Time": 0.051, "Actual Total Time": 81.47, "Actual Rows": 1361, "Actual Loops": 1, "Filter": "((country_code)::text = '[ru]'::text)", "Rows Removed by Filter": 233635}, {"Node Type": "Index Scan", "Parent Relationship": "Inner", "Scan Direction": "Forward", "Index Name": "company_id_movie_companies", "Relation Name": "movie_companies", "Alias": "mc", "Startup Cost": 0.0, "Total Cost": 40.56, "Plan Rows": 15, "Plan Width": 12, "Actual Startup Time": 9.117, "Actual Total Time": 22.33, "Actual Rows": 8790, "Actual Loops": 1361, "Index Cond": "(company_id = cn.id)", "Rows Removed by Index Recheck": 0}]}, {"Node Type": "Index Scan", "Parent Relationship": "Inner", "Scan Direction": "Forward", "Index Name": "movie_id_cast_info", "Relation Name": "cast_info", "Alias": "ci", "Startup Cost": 0.0, "Total Cost": 0.98, "Plan Rows": 1, "Plan Width": 12, "Actual Startup Time": 771.815, "Actual Total Time": 820.529, "Actual Rows": 377, "Actual Loops": 8790, "Index Cond": "(movie_id = mc.movie_id)", "Rows Removed by Index Recheck": 0, "Filter": "(((note)::text ~~ '%(voice)%'::text) AND ((note)::text ~~ '%(uncredited)%'::text))", "Rows Removed by Filter": 408168}]}, {"Node Type": "Index Scan", "Parent Relationship": "Inner", "Scan Direction": "Forward", "Index Name": "role_type_pkey", "Relation Name": "role_type", "Alias": "rt", "Startup Cost": 0.0, "Total Cost": 0.27, "Plan Rows": 1, "Plan Width": 4, "Actual Startup Time": 1.08, "Actual Total Time": 1.08, "Actual Rows": 275, "Actual Loops": 377, "Index Cond": "(id = ci.role_id)", "Rows Removed by Index Recheck": 0, "Filter": "((role)::text = 'actor'::text)", "Rows Removed by Filter": 102}]}, {"Node Type": "Index Scan", "Parent Relationship": "Inner", "Scan Direction": "Forward", "Index Name": "title_pkey", "Relation Name": "title", "Alias": "t", "Startup Cost": 0.0, "Total Cost": 0.34, "Plan Rows": 1, "Plan Width": 21, "Actual Startup Time": 2.019, "Actual Total Time": 2.019, "Actual Rows": 112, "Actual Loops": 275, "Index Cond": "(id = mc.movie_id)", "Rows Removed by Index Recheck": 0, "Filter": "(production_year > 2005)", "Rows Removed by Filter": 163}]}, {"Node Type": "Index Scan", "Parent Relationship": "Inner", "Scan Direction": "Forward", "Index Name": "char_name_pkey", "Relation Name": "char_name", "Alias": "chn", "Startup Cost": 0.0, "Total Cost": 5.37, "Plan Rows": 1, "Plan Width": 20, "Actual Startup Time": 0.859, "Actual Total Time": 0.859, "Actual Rows": 104, "Actual Loops": 112, "Index Cond": "(id = ci.person_role_id)", "Rows Removed by Index Recheck": 0}]}, {"Node Type": "Index Only Scan", "Parent Relationship": "Inner", "Scan Direction": "Forward", "Index Name": "company_type_pkey", "Relation Name": "company_type", "Alias": "ct", "Startup Cost": 0.0, "Total Cost": 0.27, "Plan Rows": 1, "Plan Width": 4, "Actual Startup Time": 0.174, "Actual Total Time": 0.174, "Actual Rows": 18, "Actual Loops": 104, "Index Cond": "(id = mc.company_type_id)", "Rows Removed by Index Recheck": 0, "Heap Fetches": 0}]}]}, "Triggers": [], "Planner Runtime": 22, "Total Runtime": 938.94, "Unique SQL Id": 2933943827}}, "(16, 73)": {"explain_plan": {"Plan": {"Node Type": "Aggregate", "Strategy": "Plain", "Startup Cost": 24512.61, "Total Cost": 24512.62, "Plan Rows": 1, "Plan Width": 97, "Plans": [{"Node Type": "Nested Loop", "Parent Relationship": "Outer", "Join Type": "Inner", "Startup Cost": 0.0, "Total Cost": 24512.6, "Plan Rows": 2, "Plan Width": 33, "Inner Unique": true, "Plans": [{"Node Type": "Nested Loop", "Parent Relationship": "Outer", "Join Type": "Inner", "Startup Cost": 0.0, "Total Cost": 24512.04, "Plan Rows": 2, "Plan Width": 37, "Inner Unique": true, "Plans": [{"Node Type": "Nested Loop", "Parent Relationship": "Outer", "Join Type": "Inner", "Startup Cost": 0.0, "Total Cost": 24485.16, "Plan Rows": 5, "Plan Width": 25, "Inner Unique": true, "Plans": [{"Node Type": "Nested Loop", "Parent Relationship": "Outer", "Join Type": "Inner", "Startup Cost": 0.0, "Total Cost": 24483.05, "Plan Rows": 6, "Plan Width": 16, "Inner Unique": true, "Plans": [{"Node Type": "Nested Loop", "Parent Relationship": "Outer", "Join Type": "Inner", "Startup Cost": 0.0, "Total Cost": 24463.81, "Plan Rows": 68, "Plan Width": 20, "Inner Unique": false, "Plans": [{"Node Type": "Nested Loop", "Parent Relationship": "Outer", "Join Type": "Inner", "Startup Cost": 0.0, "Total Cost": 20719.49, "Plan Rows": 3779, "Plan Width": 8, "Inner Unique": false, "Plans": [{"Node Type": "Index Scan", "Parent Relationship": "Outer", "Scan Direction": "Forward", "Index Name": "company_name_pkey", "Relation Name": "company_name", "Alias": "cn", "Startup Cost": 0.0, "Total Cost": 10501.39, "Plan Rows": 251, "Plan Width": 4, "Filter": "((country_code)::text = '[ru]'::text)"}, {"Node Type": "Index Scan", "Parent Relationship": "Inner", "Scan Direction": "Forward", "Index Name": "company_id_movie_companies", "Relation Name": "movie_companies", "Alias": "mc", "Startup Cost": 0.0, "Total Cost": 40.56, "Plan Rows": 15, "Plan Width": 12, "Index Cond": "(company_id = cn.id)"}]}, {"Node Type": "Index Scan", "Parent Relationship": "Inner", "Scan Direction": "Forward", "Index Name": "movie_id_cast_info", "Relation Name": "cast_info", "Alias": "ci", "Startup Cost": 0.0, "Total Cost": 0.98, "Plan Rows": 1, "Plan Width": 12, "Index Cond": "(movie_id = mc.movie_id)", "Filter": "(((note)::text ~~ '%(voice)%'::text) AND ((note)::text ~~ '%(uncredited)%'::text))"}]}, {"Node Type": "Index Scan", "Parent Relationship": "Inner", "Scan Direction": "Forward", "Index Name": "role_type_pkey", "Relation Name": "role_type", "Alias": "rt", "Startup Cost": 0.0, "Total Cost": 0.27, "Plan Rows": 1, "Plan Width": 4, "Index Cond": "(id = ci.role_id)", "Filter": "((role)::text = 'actor'::text)"}]}, {"Node Type": "Index Scan", "Parent Relationship": "Inner", "Scan Direction": "Forward", "Index Name": "title_pkey", "Relation Name": "title", "Alias": "t", "Startup Cost": 0.0, "Total Cost": 0.34, "Plan Rows": 1, "Plan Width": 21, "Index Cond": "(id = mc.movie_id)", "Filter": "(production_year > 2005)"}]}, {"Node Type": "Index Scan", "Parent Relationship": "Inner", "Scan Direction": "Forward", "Index Name": "char_name_pkey", "Relation Name": "char_name", "Alias": "chn", "Startup Cost": 0.0, "Total Cost": 5.37, "Plan Rows": 1, "Plan Width": 20, "Index Cond": "(id = ci.person_role_id)"}]}, {"Node Type": "Index Only Scan", "Parent Relationship": "Inner", "Scan Direction": "Forward", "Index Name": "company_type_pkey", "Relation Name": "company_type", "Alias": "ct", "Startup Cost": 0.0, "Total Cost": 0.27, "Plan Rows": 1, "Plan Width": 4, "Index Cond": "(id = mc.company_type_id)"}]}]}, "Unique SQL Id": 2933943827, "Planner Runtime": 17}, "explain_analyze_plan": {"Plan": {"Node Type": "Aggregate", "Strategy": "Plain", "Startup Cost": 24512.61, "Total Cost": 24512.62, "Plan Rows": 1, "Plan Width": 97, "Actual Startup Time": 1118.683, "Actual Total Time": 1118.684, "Actual Rows": 1, "Actual Loops": 1, "Plans": [{"Node Type": "Nested Loop", "Parent Relationship": "Outer", "Join Type": "Inner", "Startup Cost": 0.0, "Total Cost": 24512.6, "Plan Rows": 2, "Plan Width": 33, "Actual Startup Time": 36.677, "Actual Total Time": 1118.577, "Actual Rows": 18, "Actual Loops": 1, "Inner Unique": true, "Plans": [{"Node Type": "Nested Loop", "Parent Relationship": "Outer", "Join Type": "Inner", "Startup Cost": 0.0, "Total Cost": 24512.04, "Plan Rows": 2, "Plan Width": 37, "Actual Startup Time": 28.13, "Actual Total Time": 1118.26, "Actual Rows": 104, "Actual Loops": 1, "Inner Unique": true, "Plans": [{"Node Type": "Nested Loop", "Parent Relationship": "Outer", "Join Type": "Inner", "Startup Cost": 0.0, "Total Cost": 24485.16, "Plan Rows": 5, "Plan Width": 25, "Actual Startup Time": 28.113, "Actual Total Time": 1117.214, "Actual Rows": 112, "Actual Loops": 1, "Inner Unique": true, "Plans": [{"Node Type": "Nested Loop", "Parent Relationship": "Outer", "Join Type": "Inner", "Startup Cost": 0.0, "Total Cost": 24483.05, "Plan Rows": 6, "Plan Width": 16, "Actual Startup Time": 8.588, "Actual Total Time": 1114.913, "Actual Rows": 275, "Actual Loops": 1, "Inner Unique": true, "Plans": [{"Node Type": "Nested Loop", "Parent Relationship": "Outer", "Join Type": "Inner", "Startup Cost": 0.0, "Total Cost": 24463.81, "Plan Rows": 68, "Plan Width": 20, "Actual Startup Time": 8.579, "Actual Total Time": 1113.125, "Actual Rows": 377, "Actual Loops": 1, "Inner Unique": false, "Plans": [{"Node Type": "Nested Loop", "Parent Relationship": "Outer", "Join Type": "Inner", "Startup Cost": 0.0, "Total Cost": 20719.49, "Plan Rows": 3779, "Plan Width": 8, "Actual Startup Time": 0.711, "Actual Total Time": 318.5, "Actual Rows": 8790, "Actual Loops": 1, "Inner Unique": false, "Plans": [{"Node Type": "Index Scan", "Parent Relationship": "Outer", "Scan Direction": "Forward", "Index Name": "company_name_pkey", "Relation Name": "company_name", "Alias": "cn", "Startup Cost": 0.0, "Total Cost": 10501.39, "Plan Rows": 251, "Plan Width": 4, "Actual Startup Time": 0.692, "Actual Total Time": 294.803, "Actual Rows": 1361, "Actual Loops": 1, "Filter": "((country_code)::text = '[ru]'::text)", "Rows Removed by Filter": 233635}, {"Node Type": "Index Scan", "Parent Relationship": "Inner", "Scan Direction": "Forward", "Index Name": "company_id_movie_companies", "Relation Name": "movie_companies", "Alias": "mc", "Startup Cost": 0.0, "Total Cost": 40.56, "Plan Rows": 15, "Plan Width": 12, "Actual Startup Time": 7.735, "Actual Total Time": 20.062, "Actual Rows": 8790, "Actual Loops": 1361, "Index Cond": "(company_id = cn.id)", "Rows Removed by Index Recheck": 0}]}, {"Node Type": "Index Scan", "Parent Relationship": "Inner", "Scan Direction": "Forward", "Index Name": "movie_id_cast_info", "Relation Name": "cast_info", "Alias": "ci", "Startup Cost": 0.0, "Total Cost": 0.98, "Plan Rows": 1, "Plan Width": 12, "Actual Startup Time": 741.963, "Actual Total Time": 789.066, "Actual Rows": 377, "Actual Loops": 8790, "Index Cond": "(movie_id = mc.movie_id)", "Rows Removed by Index Recheck": 0, "Filter": "(((note)::text ~~ '%(voice)%'::text) AND ((note)::text ~~ '%(uncredited)%'::text))", "Rows Removed by Filter": 408168}]}, {"Node Type": "Index Scan", "Parent Relationship": "Inner", "Scan Direction": "Forward", "Index Name": "role_type_pkey", "Relation Name": "role_type", "Alias": "rt", "Startup Cost": 0.0, "Total Cost": 0.27, "Plan Rows": 1, "Plan Width": 4, "Actual Startup Time": 1.153, "Actual Total Time": 1.153, "Actual Rows": 275, "Actual Loops": 377, "Index Cond": "(id = ci.role_id)", "Rows Removed by Index Recheck": 0, "Filter": "((role)::text = 'actor'::text)", "Rows Removed by Filter": 102}]}, {"Node Type": "Index Scan", "Parent Relationship": "Inner", "Scan Direction": "Forward", "Index Name": "title_pkey", "Relation Name": "title", "Alias": "t", "Startup Cost": 0.0, "Total Cost": 0.34, "Plan Rows": 1, "Plan Width": 21, "Actual Startup Time": 1.921, "Actual Total Time": 1.921, "Actual Rows": 112, "Actual Loops": 275, "Index Cond": "(id = mc.movie_id)", "Rows Removed by Index Recheck": 0, "Filter": "(production_year > 2005)", "Rows Removed by Filter": 163}]}, {"Node Type": "Index Scan", "Parent Relationship": "Inner", "Scan Direction": "Forward", "Index Name": "char_name_pkey", "Relation Name": "char_name", "Alias": "chn", "Startup Cost": 0.0, "Total Cost": 5.37, "Plan Rows": 1, "Plan Width": 20, "Actual Startup Time": 0.805, "Actual Total Time": 0.805, "Actual Rows": 104, "Actual Loops": 112, "Index Cond": "(id = ci.person_role_id)", "Rows Removed by Index Recheck": 0}]}, {"Node Type": "Index Only Scan", "Parent Relationship": "Inner", "Scan Direction": "Forward", "Index Name": "company_type_pkey", "Relation Name": "company_type", "Alias": "ct", "Startup Cost": 0.0, "Total Cost": 0.27, "Plan Rows": 1, "Plan Width": 4, "Actual Startup Time": 0.162, "Actual Total Time": 0.162, "Actual Rows": 18, "Actual Loops": 104, "Index Cond": "(id = mc.company_type_id)", "Rows Removed by Index Recheck": 0, "Heap Fetches": 0}]}]}, "Triggers": [], "Planner Runtime": 13, "Total Runtime": 1119.096, "Unique SQL Id": 2933943827}}, "(16, 74)": {"explain_plan": {"Plan": {"Node Type": "Aggregate", "Strategy": "Plain", "Startup Cost": 157415.54, "Total Cost": 157415.55, "Plan Rows": 1, "Plan Width": 97, "Plans": [{"Node Type": "Hash Join", "Parent Relationship": "Outer", "Join Type": "Inner", "Startup Cost": 124052.88, "Total Cost": 157415.52, "Plan Rows": 4, "Plan Width": 33, "Inner Unique": true, "Hash Cond": "(mc.company_type_id = ct.id)", "Plans": [{"Node Type": "Streaming(type: LOCAL GATHER dop: 1/16)", "Parent Relationship": "Outer", "Startup Cost": 124052.58, "Total Cost": 157415.17, "Plan Rows": 4, "Plan Width": 37, "Plans": [{"Node Type": "Hash Join", "Parent Relationship": "Outer", "Join Type": "Inner", "Startup Cost": 124052.58, "Total Cost": 157415.08, "Plan Rows": 4, "Plan Width": 37, "Inner Unique": true, "Hash Cond": "(ci.person_role_id = chn.id)", "Plans": [{"Node Type": "Streaming(type: BROADCAST dop: 16/1)", "Parent Relationship": "Outer", "Startup Cost": 116794.61, "Total Cost": 150157.08, "Plan Rows": 112, "Plan Width": 25, "Plans": [{"Node Type": "Hash Join", "Parent Relationship": "Outer", "Join Type": "Inner", "Startup Cost": 116794.61, "Total Cost": 135154.66, "Plan Rows": 7, "Plan Width": 25, "Inner Unique": true, "Hash Cond": "(mc.company_id = cn.id)", "Plans": [{"Node Type": "Streaming(type: LOCAL GATHER dop: 1/16)", "Parent Relationship": "Outer", "Startup Cost": 115315.61, "Total Cost": 133656.09, "Plan Rows": 5196, "Plan Width": 29, "Plans": [{"Node Type": "Hash Join", "Parent Relationship": "Outer", "Join Type": "Inner", "Startup Cost": 115315.61, "Total Cost": 133543.95, "Plan Rows": 5196, "Plan Width": 29, "Inner Unique": false, "Hash Cond": "(mc.movie_id = t.id)", "Plans": [{"Node Type": "Seq Scan", "Parent Relationship": "Outer", "Relation Name": "movie_companies", "Alias": "mc", "Startup Cost": 0.0, "Total Cost": 17613.58, "Plan Rows": 2609128, "Plan Width": 12}, {"Node Type": "Hash", "Parent Relationship": "Inner", "Startup Cost": 115284.86, "Total Cost": 115284.86, "Plan Rows": 39360, "Plan Width": 29, "Plans": [{"Node Type": "Streaming(type: BROADCAST dop: 16/16)", "Parent Relationship": "Outer", "Startup Cost": 19942.32, "Total Cost": 115284.86, "Plan Rows": 39360, "Plan Width": 29, "Plans": [{"Node Type": "Hash Join", "Parent Relationship": "Outer", "Join Type": "Inner", "Startup Cost": 19942.32, "Total Cost": 100184.92, "Plan Rows": 2460, "Plan Width": 29, "Inner Unique": true, "Hash Cond": "(ci.movie_id = t.id)", "Plans": [{"Node Type": "Streaming(type: BROADCAST dop: 16/1)", "Parent Relationship": "Outer", "Startup Cost": 1.16, "Total Cost": 80234.62, "Plan Rows": 32432, "Plan Width": 8, "Plans": [{"Node Type": "Hash Join", "Parent Relationship": "Outer", "Join Type": "Inner", "Startup Cost": 1.16, "Total Cost": 64534.67, "Plan Rows": 2027, "Plan Width": 8, "Inner Unique": true, "Hash Cond": "(ci.role_id = rt.id)", "Plans": [{"Node Type": "Streaming(type: LOCAL GATHER dop: 1/16)", "Parent Relationship": "Outer", "Startup Cost": 0.0, "Total Cost": 64429.63, "Plan Rows": 22295, "Plan Width": 12, "Plans": [{"Node Type": "Seq Scan", "Parent Relationship": "Outer", "Relation Name": "cast_info", "Alias": "ci", "Startup Cost": 0.0, "Total Cost": 63948.46, "Plan Rows": 22295, "Plan Width": 12, "Filter": "(((note)::text ~~ '%(voice)%'::text) AND ((note)::text ~~ '%(uncredited)%'::text))"}]}, {"Node Type": "Hash", "Parent Relationship": "Inner", "Startup Cost": 1.15, "Total Cost": 1.15, "Plan Rows": 1, "Plan Width": 4, "Plans": [{"Node Type": "Seq Scan", "Parent Relationship": "Outer", "Relation Name": "role_type", "Alias": "rt", "Startup Cost": 0.0, "Total Cost": 1.15, "Plan Rows": 1, "Plan Width": 4, "Filter": "((role)::text = 'actor'::text)"}]}]}]}, {"Node Type": "Hash", "Parent Relationship": "Inner", "Startup Cost": 19149.37, "Total Cost": 19149.37, "Plan Rows": 1013492, "Plan Width": 21, "Plans": [{"Node Type": "Seq Scan", "Parent Relationship": "Outer", "Relation Name": "title", "Alias": "t", "Startup Cost": 0.0, "Total Cost": 19149.37, "Plan Rows": 1013492, "Plan Width": 21, "Filter": "(production_year > 2005), (LLVM Optimized)"}]}]}]}]}]}]}, {"Node Type": "Hash", "Parent Relationship": "Inner", "Startup Cost": 5903.45, "Total Cost": 5903.45, "Plan Rows": 251, "Plan Width": 4, "Plans": [{"Node Type": "Seq Scan", "Parent Relationship": "Outer", "Relation Name": "company_name", "Alias": "cn", "Startup Cost": 0.0, "Total Cost": 5903.45, "Plan Rows": 251, "Plan Width": 4, "Filter": "((country_code)::text = '[ru]'::text)"}]}]}]}, {"Node Type": "Hash", "Parent Relationship": "Inner", "Startup Cost": 19218.34, "Total Cost": 19218.34, "Plan Rows": 3140338, "Plan Width": 20, "Plans": [{"Node Type": "Seq Scan", "Parent Relationship": "Outer", "Relation Name": "char_name", "Alias": "chn", "Startup Cost": 0.0, "Total Cost": 19218.34, "Plan Rows": 3140338, "Plan Width": 20}]}]}]}, {"Node Type": "Hash", "Parent Relationship": "Inner", "Startup Cost": 1.03, "Total Cost": 1.03, "Plan Rows": 3, "Plan Width": 4, "Plans": [{"Node Type": "Seq Scan", "Parent Relationship": "Outer", "Relation Name": "company_type", "Alias": "ct", "Startup Cost": 0.0, "Total Cost": 1.03, "Plan Rows": 3, "Plan Width": 4}]}]}]}, "Unique SQL Id": 2933943827, "Planner Runtime": 72}, "explain_analyze_plan": {"Plan": {"Node Type": "Aggregate", "Strategy": "Plain", "Startup Cost": 157415.54, "Total Cost": 157415.55, "Plan Rows": 1, "Plan Width": 97, "Actual Min Startup Time": 1064.573, "Actual Max Startup Time": 1064.573, "Actual Min Total Time": 1064.574, "Actual Max Total Time": 1064.574, "Plans": [{"Node Type": "Hash Join", "Parent Relationship": "Outer", "Join Type": "Inner", "Startup Cost": 124052.88, "Total Cost": 157415.52, "Plan Rows": 4, "Plan Width": 33, "Actual Min Startup Time": 1064.416, "Actual Max Startup Time": 1064.416, "Actual Min Total Time": 1064.523, "Actual Max Total Time": 1064.523, "Inner Unique": true, "Hash Cond": "(mc.company_type_id = ct.id)", "Plans": [{"Node Type": "Streaming(type: LOCAL GATHER dop: 1/16)", "Parent Relationship": "Outer", "Startup Cost": 124052.58, "Total Cost": 157415.17, "Plan Rows": 4, "Plan Width": 37, "Actual Min Startup Time": 1064.269, "Actual Max Startup Time": 1064.269, "Actual Min Total Time": 1064.36, "Actual Max Total Time": 1064.36, "Plans": [{"Node Type": "Hash Join", "Parent Relationship": "Outer", "Join Type": "Inner", "Startup Cost": 124052.58, "Total Cost": 157415.08, "Plan Rows": 4, "Plan Width": 37, "Actual Min Startup Time": 946.489, "Actual Max Startup Time": 976.773, "Actual Min Total Time": 967.322, "Actual Max Total Time": 997.57, "Inner Unique": true, "Hash Cond": "(ci.person_role_id = chn.id)", "Plans": [{"Node Type": "Streaming(type: BROADCAST dop: 16/1)", "Parent Relationship": "Outer", "Startup Cost": 116794.61, "Total Cost": 150157.08, "Plan Rows": 112, "Plan Width": 25, "Actual Min Startup Time": 814.524, "Actual Max Startup Time": 841.585, "Actual Min Total Time": 835.317, "Actual Max Total Time": 862.331, "Plans": [{"Node Type": "Hash Join", "Parent Relationship": "Outer", "Join Type": "Inner", "Startup Cost": 116794.61, "Total Cost": 135154.66, "Plan Rows": 7, "Plan Width": 25, "Actual Min Startup Time": 903.834, "Actual Max Startup Time": 903.834, "Actual Min Total Time": 967.664, "Actual Max Total Time": 967.664, "Inner Unique": true, "Hash Cond": "(mc.company_id = cn.id)", "Plans": [{"Node Type": "Streaming(type: LOCAL GATHER dop: 1/16)", "Parent Relationship": "Outer", "Startup Cost": 115315.61, "Total Cost": 133656.09, "Plan Rows": 5196, "Plan Width": 29, "Actual Min Startup Time": 817.175, "Actual Max Startup Time": 817.175, "Actual Min Total Time": 884.346, "Actual Max Total Time": 884.346, "Plans": [{"Node Type": "Hash Join", "Parent Relationship": "Outer", "Join Type": "Inner", "Startup Cost": 115315.61, "Total Cost": 133543.95, "Plan Rows": 5196, "Plan Width": 29, "Actual Min Startup Time": 895.371, "Actual Max Startup Time": 928.306, "Actual Min Total Time": 962.12, "Actual Max Total Time": 994.601, "Inner Unique": false, "Hash Cond": "(mc.movie_id = t.id)", "Plans": [{"Node Type": "Seq Scan", "Parent Relationship": "Outer", "Relation Name": "movie_companies", "Alias": "mc", "Startup Cost": 0.0, "Total Cost": 17613.58, "Plan Rows": 2609128, "Plan Width": 12, "Actual Min Startup Time": 0.043, "Actual Max Startup Time": 0.068, "Actual Min Total Time": 35.187, "Actual Max Total Time": 40.242, "Actual Rows": 2609128}, {"Node Type": "Hash", "Parent Relationship": "Inner", "Startup Cost": 115284.86, "Total Cost": 115284.86, "Plan Rows": 39360, "Plan Width": 29, "Actual Min Startup Time": 894.926, "Actual Max Startup Time": 927.026, "Actual Min Total Time": 894.926, "Actual Max Total Time": 927.026, "Max Hash Buckets": 32768, "Min Hash Buckets": 32768, "Max Hash Batches": 1, "Min Hash Batches": 1, "Max Original Hash Batches": 1, "Min Original Hash Batches": 1, "Max Peak Memory Usage": 320, "min Peak Memory Usage": 320, "Plans": [{"Node Type": "Streaming(type: BROADCAST dop: 16/16)", "Parent Relationship": "Outer", "Startup Cost": 19942.32, "Total Cost": 115284.86, "Plan Rows": 39360, "Plan Width": 29, "Actual Min Startup Time": 173.25, "Actual Max Startup Time": 205.389, "Actual Min Total Time": 893.337, "Actual Max Total Time": 925.464, "Plans": [{"Node Type": "Hash Join", "Parent Relationship": "Outer", "Join Type": "Inner", "Startup Cost": 19942.32, "Total Cost": 100184.92, "Plan Rows": 2460, "Plan Width": 29, "Actual Min Startup Time": 77.673, "Actual Max Startup Time": 117.241, "Actual Min Total Time": 869.12, "Actual Max Total Time": 902.798, "Inner Unique": true, "Hash Cond": "(ci.movie_id = t.id)", "Plans": [{"Node Type": "Streaming(type: BROADCAST dop: 16/1)", "Parent Relationship": "Outer", "Startup Cost": 1.16, "Total Cost": 80234.62, "Plan Rows": 32432, "Plan Width": 8, "Actual Min Startup Time": 0.03, "Actual Max Startup Time": 0.059, "Actual Min Total Time": 779.787, "Actual Max Total Time": 809.378, "Plans": [{"Node Type": "Hash Join", "Parent Relationship": "Outer", "Join Type": "Inner", "Startup Cost": 1.16, "Total Cost": 64534.67, "Plan Rows": 2027, "Plan Width": 8, "Actual Min Startup Time": 1.396, "Actual Max Startup Time": 1.396, "Actual Min Total Time": 592.544, "Actual Max Total Time": 592.544, "Inner Unique": true, "Hash Cond": "(ci.role_id = rt.id)", "Plans": [{"Node Type": "Streaming(type: LOCAL GATHER dop: 1/16)", "Parent Relationship": "Outer", "Startup Cost": 0.0, "Total Cost": 64429.63, "Plan Rows": 22295, "Plan Width": 12, "Actual Min Startup Time": 1.302, "Actual Max Startup Time": 1.302, "Actual Min Total Time": 579.871, "Actual Max Total Time": 579.871, "Plans": [{"Node Type": "Seq Scan", "Parent Relationship": "Outer", "Relation Name": "cast_info", "Alias": "ci", "Startup Cost": 0.0, "Total Cost": 63948.46, "Plan Rows": 22295, "Plan Width": 12, "Actual Min Startup Time": 0.068, "Actual Max Startup Time": 2.224, "Actual Min Total Time": 697.735, "Actual Max Total Time": 712.961, "Filter": "(((note)::text ~~ '%(voice)%'::text) AND ((note)::text ~~ '%(uncredited)%'::text))", "Rows Removed by Filter": 36212055, "Actual Rows": 32288}], "Actual Rows": 32288}, {"Node Type": "Hash", "Parent Relationship": "Inner", "Startup Cost": 1.15, "Total Cost": 1.15, "Plan Rows": 1, "Plan Width": 4, "Actual Min Startup Time": 0.036, "Actual Max Startup Time": 0.036, "Actual Min Total Time": 0.036, "Actual Max Total Time": 0.036, "Max Hash Buckets": 32768, "Min Hash Buckets": 32768, "Max Hash Batches": 1, "Min Hash Batches": 1, "Max Original Hash Batches": 1, "Min Original Hash Batches": 1, "Max Peak Memory Usage": 1, "min Peak Memory Usage": 1, "Plans": [{"Node Type": "Seq Scan", "Parent Relationship": "Outer", "Relation Name": "role_type", "Alias": "rt", "Startup Cost": 0.0, "Total Cost": 1.15, "Plan Rows": 1, "Plan Width": 4, "Actual Min Startup Time": 0.018, "Actual Max Startup Time": 0.018, "Actual Min Total Time": 0.023, "Actual Max Total Time": 0.023, "Filter": "((role)::text = 'actor'::text)", "Rows Removed by Filter": 11, "Actual Rows": 1}], "Actual Rows": 1}], "Actual Rows": 25874}], "Actual Rows": 413984}, {"Node Type": "Hash", "Parent Relationship": "Inner", "Startup Cost": 19149.37, "Total Cost": 19149.37, "Plan Rows": 1013492, "Plan Width": 21, "Actual Min Startup Time": 77.524, "Actual Max Startup Time": 86.462, "Actual Min Total Time": 77.524, "Actual Max Total Time": 86.462, "Max Hash Buckets": 65536, "Min Hash Buckets": 65536, "Max Hash Batches": 1, "Min Hash Batches": 1, "Max Original Hash Batches": 1, "Min Original Hash Batches": 1, "Max Peak Memory Usage": 3456, "min Peak Memory Usage": 3456, "Plans": [{"Node Type": "Seq Scan", "Parent Relationship": "Outer", "Relation Name": "title", "Alias": "t", "Startup Cost": 0.0, "Total Cost": 19149.37, "Plan Rows": 1013492, "Plan Width": 21, "Actual Min Startup Time": 0.025, "Actual Max Startup Time": 0.036, "Actual Min Total Time": 57.879, "Actual Max Total Time": 66.322, "Filter": "(production_year > 2005), (LLVM Optimized, Jit Execute)", "Rows Removed by Filter": 1515391, "Actual Rows": 1012920}], "Actual Rows": 1012920}], "Actual Rows": 5288}], "Actual Rows": 84608}], "Actual Rows": 84608}], "Actual Rows": 14489}], "Actual Rows": 14489}, {"Node Type": "Hash", "Parent Relationship": "Inner", "Startup Cost": 5903.45, "Total Cost": 5903.45, "Plan Rows": 251, "Plan Width": 4, "Actual Min Startup Time": 80.802, "Actual Max Startup Time": 80.802, "Actual Min Total Time": 80.802, "Actual Max Total Time": 80.802, "Max Hash Buckets": 32768, "Min Hash Buckets": 32768, "Max Hash Batches": 1, "Min Hash Batches": 1, "Max Original Hash Batches": 1, "Min Original Hash Batches": 1, "Max Peak Memory Usage": 48, "min Peak Memory Usage": 48, "Plans": [{"Node Type": "Seq Scan", "Parent Relationship": "Outer", "Relation Name": "company_name", "Alias": "cn", "Startup Cost": 0.0, "Total Cost": 5903.45, "Plan Rows": 251, "Plan Width": 4, "Actual Min Startup Time": 0.075, "Actual Max Startup Time": 0.075, "Actual Min Total Time": 80.269, "Actual Max Total Time": 80.269, "Filter": "((country_code)::text = '[ru]'::text)", "Rows Removed by Filter": 233635, "Actual Rows": 1361}], "Actual Rows": 1361}], "Actual Rows": 112}], "Actual Rows": 1792}, {"Node Type": "Hash", "Parent Relationship": "Inner", "Startup Cost": 19218.34, "Total Cost": 19218.34, "Plan Rows": 3140338, "Plan Width": 20, "Actual Min Startup Time": 123.094, "Actual Max Startup Time": 137.683, "Actual Min Total Time": 123.094, "Actual Max Total Time": 137.683, "Max Hash Buckets": 262144, "Min Hash Buckets": 262144, "Max Hash Batches": 1, "Min Hash Batches": 1, "Max Original Hash Batches": 1, "Min Original Hash Batches": 1, "Max Peak Memory Usage": 10534, "min Peak Memory Usage": 10534, "Plans": [{"Node Type": "Seq Scan", "Parent Relationship": "Outer", "Relation Name": "char_name", "Alias": "chn", "Startup Cost": 0.0, "Total Cost": 19218.34, "Plan Rows": 3140338, "Plan Width": 20, "Actual Min Startup Time": 0.031, "Actual Max Startup Time": 0.681, "Actual Min Total Time": 59.696, "Actual Max Total Time": 68.371, "Actual Rows": 3140338}], "Actual Rows": 3140338}], "Actual Rows": 104}], "Actual Rows": 104}, {"Node Type": "Hash", "Parent Relationship": "Inner", "Startup Cost": 1.03, "Total Cost": 1.03, "Plan Rows": 3, "Plan Width": 4, "Actual Min Startup Time": 0.055, "Actual Max Startup Time": 0.055, "Actual Min Total Time": 0.055, "Actual Max Total Time": 0.055, "Max Hash Buckets": 32768, "Min Hash Buckets": 32768, "Max Hash Batches": 1, "Min Hash Batches": 1, "Max Original Hash Batches": 1, "Min Original Hash Batches": 1, "Max Peak Memory Usage": 1, "min Peak Memory Usage": 1, "Plans": [{"Node Type": "Seq Scan", "Parent Relationship": "Outer", "Relation Name": "company_type", "Alias": "ct", "Startup Cost": 0.0, "Total Cost": 1.03, "Plan Rows": 3, "Plan Width": 4, "Actual Min Startup Time": 0.029, "Actual Max Startup Time": 0.029, "Actual Min Total Time": 0.033, "Actual Max Total Time": 0.033, "Actual Rows": 3}], "Actual Rows": 3}], "Actual Rows": 18}], "Actual Rows": 1}, "Triggers": [], "Planner Runtime": 62, "Total Runtime": 1088.363, "Unique SQL Id": 2933943827}}, "(16, 75)": {"explain_plan": {"Plan": {"Node Type": "Aggregate", "Strategy": "Plain", "Startup Cost": 6488202628266.15, "Total Cost": 6488202628266.16, "Plan Rows": 1, "Plan Width": 97, "Plans": [{"Node Type": "Hash Join", "Parent Relationship": "Outer", "Join Type": "Inner", "Startup Cost": 4510041135258.86, "Total Cost": 6488202628266.13, "Plan Rows": 4, "Plan Width": 33, "Inner Unique": true, "Hash Cond": "(ci.role_id = rt.id)", "Plans": [{"Node Type": "Hash Join", "Parent Relationship": "Outer", "Join Type": "Inner", "Startup Cost": 3510041134012.84, "Total Cost": 5488202627019.92, "Plan Rows": 40, "Plan Width": 37, "Inner Unique": true, "Hash Cond": "(mc.company_type_id = ct.id)", "Plans": [{"Node Type": "Hash Join", "Parent Relationship": "Outer", "Join Type": "Inner", "Startup Cost": 2510041133183.31, "Total Cost": 4488202626189.84, "Plan Rows": 40, "Plan Width": 41, "Inner Unique": true, "Hash Cond": "(mc.company_id = cn.id)", "Plans": [{"Node Type": "Merge Join", "Parent Relationship": "Outer", "Join Type": "Inner", "Startup Cost": 1510040083041.2, "Total Cost": 3488201575943.41, "Plan Rows": 27712, "Plan Width": 45, "Inner Unique": false, "Merge Cond": "(t.id = mc.movie_id)", "Plans": [{"Node Type": "Merge Join", "Parent Relationship": "Outer", "Join Type": "Inner", "Startup Cost": 1500040083041.2, "Total Cost": 2489168673554.28, "Plan Rows": 13119, "Plan Width": 45, "Inner Unique": true, "Merge Cond": "(ci.movie_id = t.id)", "Plans": [{"Node Type": "Sort", "Parent Relationship": "Outer", "Startup Cost": 1490040083041.2, "Total Cost": 1490040083068.22, "Plan Rows": 10808, "Plan Width": 24, "Sort Key": ["ci.movie_id"], "Plans": [{"Node Type": "Merge Join", "Parent Relationship": "Outer", "Join Type": "Inner", "Startup Cost": 59439679227.39, "Total Cost": 1490040082317.07, "Plan Rows": 10808, "Plan Width": 24, "Inner Unique": false, "Merge Cond": "(chn.id = ci.person_role_id)", "Plans": [{"Node Type": "Index Scan", "Parent Relationship": "Outer", "Scan Direction": "Forward", "Index Name": "char_name_pkey", "Relation Name": "char_name", "Alias": "chn", "Startup Cost": 10000000000.0, "Total Cost": 1000012987545.51, "Plan Rows": 3140338, "Plan Width": 20}, {"Node Type": "Index Scan", "Parent Relationship": "Inner", "Scan Direction": "Forward", "Index Name": "person_role_id_cast_info", "Relation Name": "cast_info", "Alias": "ci", "Startup Cost": 10000000000.0, "Total Cost": 1000211315681.48, "Plan Rows": 22295, "Plan Width": 12, "Filter": "(((note)::text ~~ '%(voice)%'::text) AND ((note)::text ~~ '%(uncredited)%'::text))"}]}]}, {"Node Type": "Index Scan", "Parent Relationship": "Inner", "Scan Direction": "Forward", "Index Name": "title_pkey", "Relation Name": "title", "Alias": "t", "Startup Cost": 10000000000.0, "Total Cost": 1000011644126.66, "Plan Rows": 1013492, "Plan Width": 21, "Filter": "(production_year > 2005), (LLVM Optimized)"}]}, {"Node Type": "Index Scan", "Parent Relationship": "Inner", "Scan Direction": "Forward", "Index Name": "movie_id_movie_companies", "Relation Name": "movie_companies", "Alias": "mc", "Startup Cost": 10000000000.0, "Total Cost": 1000013051946.13, "Plan Rows": 2609128, "Plan Width": 12}]}, {"Node Type": "Hash", "Parent Relationship": "Inner", "Startup Cost": 1000001050138.97, "Total Cost": 1000001050138.97, "Plan Rows": 251, "Plan Width": 4, "Plans": [{"Node Type": "Index Scan", "Parent Relationship": "Outer", "Scan Direction": "Forward", "Index Name": "company_name_pkey", "Relation Name": "company_name", "Alias": "cn", "Startup Cost": 10000000000.0, "Total Cost": 1000001050138.97, "Plan Rows": 251, "Plan Width": 4, "Filter": "((country_code)::text = '[ru]'::text)"}]}]}, {"Node Type": "Hash", "Parent Relationship": "Inner", "Startup Cost": 1000000000829.5, "Total Cost": 1000000000829.5, "Plan Rows": 3, "Plan Width": 4, "Plans": [{"Node Type": "Index Only Scan", "Parent Relationship": "Outer", "Scan Direction": "Forward", "Index Name": "company_type_pkey", "Relation Name": "company_type", "Alias": "ct", "Startup Cost": 10000000000.0, "Total Cost": 1000000000829.5, "Plan Rows": 3, "Plan Width": 4}]}]}, {"Node Type": "Hash", "Parent Relationship": "Inner", "Startup Cost": 1000000001246.0, "Total Cost": 1000000001246.0, "Plan Rows": 1, "Plan Width": 4, "Plans": [{"Node Type": "Index Scan", "Parent Relationship": "Outer", "Scan Direction": "Forward", "Index Name": "role_type_pkey", "Relation Name": "role_type", "Alias": "rt", "Startup Cost": 10000000000.0, "Total Cost": 1000000001246.0, "Plan Rows": 1, "Plan Width": 4, "Filter": "((role)::text = 'actor'::text)"}]}]}]}, "Unique SQL Id": 2933943827, "Planner Runtime": 58}, "explain_analyze_plan": null}, "(16, 76)": {"explain_plan": {"Plan": {"Node Type": "Aggregate", "Strategy": "Plain", "Startup Cost": 19914.67, "Total Cost": 19914.68, "Plan Rows": 1, "Plan Width": 97, "Plans": [{"Node Type": "Nested Loop", "Parent Relationship": "Outer", "Join Type": "Inner", "Startup Cost": 0.0, "Total Cost": 19914.66, "Plan Rows": 2, "Plan Width": 33, "Inner Unique": true, "Plans": [{"Node Type": "Nested Loop", "Parent Relationship": "Outer", "Join Type": "Inner", "Startup Cost": 0.0, "Total Cost": 19914.1, "Plan Rows": 2, "Plan Width": 37, "Inner Unique": true, "Plans": [{"Node Type": "Nested Loop", "Parent Relationship": "Outer", "Join Type": "Inner", "Startup Cost": 0.0, "Total Cost": 19887.22, "Plan Rows": 5, "Plan Width": 25, "Inner Unique": true, "Plans": [{"Node Type": "Nested Loop", "Parent Relationship": "Outer", "Join Type": "Inner", "Startup Cost": 0.0, "Total Cost": 19885.12, "Plan Rows": 6, "Plan Width": 16, "Inner Unique": true, "Plans": [{"Node Type": "Nested Loop", "Parent Relationship": "Outer", "Join Type": "Inner", "Startup Cost": 0.0, "Total Cost": 19865.87, "Plan Rows": 68, "Plan Width": 20, "Inner Unique": false, "Plans": [{"Node Type": "Nested Loop", "Parent Relationship": "Outer", "Join Type": "Inner", "Startup Cost": 0.0, "Total Cost": 16121.55, "Plan Rows": 3779, "Plan Width": 8, "Inner Unique": false, "Plans": [{"Node Type": "Seq Scan", "Parent Relationship": "Outer", "Relation Name": "company_name", "Alias": "cn", "Startup Cost": 0.0, "Total Cost": 5903.45, "Plan Rows": 251, "Plan Width": 4, "Filter": "((country_code)::text = '[ru]'::text)"}, {"Node Type": "Index Scan", "Parent Relationship": "Inner", "Scan Direction": "Forward", "Index Name": "company_id_movie_companies", "Relation Name": "movie_companies", "Alias": "mc", "Startup Cost": 0.0, "Total Cost": 40.56, "Plan Rows": 15, "Plan Width": 12, "Index Cond": "(company_id = cn.id)"}]}, {"Node Type": "Index Scan", "Parent Relationship": "Inner", "Scan Direction": "Forward", "Index Name": "movie_id_cast_info", "Relation Name": "cast_info", "Alias": "ci", "Startup Cost": 0.0, "Total Cost": 0.98, "Plan Rows": 1, "Plan Width": 12, "Index Cond": "(movie_id = mc.movie_id)", "Filter": "(((note)::text ~~ '%(voice)%'::text) AND ((note)::text ~~ '%(uncredited)%'::text))"}]}, {"Node Type": "Index Scan", "Parent Relationship": "Inner", "Scan Direction": "Forward", "Index Name": "role_type_pkey", "Relation Name": "role_type", "Alias": "rt", "Startup Cost": 0.0, "Total Cost": 0.27, "Plan Rows": 1, "Plan Width": 4, "Index Cond": "(id = ci.role_id)", "Filter": "((role)::text = 'actor'::text)"}]}, {"Node Type": "Index Scan", "Parent Relationship": "Inner", "Scan Direction": "Forward", "Index Name": "title_pkey", "Relation Name": "title", "Alias": "t", "Startup Cost": 0.0, "Total Cost": 0.34, "Plan Rows": 1, "Plan Width": 21, "Index Cond": "(id = mc.movie_id)", "Filter": "(production_year > 2005)"}]}, {"Node Type": "Index Scan", "Parent Relationship": "Inner", "Scan Direction": "Forward", "Index Name": "char_name_pkey", "Relation Name": "char_name", "Alias": "chn", "Startup Cost": 0.0, "Total Cost": 5.37, "Plan Rows": 1, "Plan Width": 20, "Index Cond": "(id = ci.person_role_id)"}]}, {"Node Type": "Index Scan", "Parent Relationship": "Inner", "Scan Direction": "Forward", "Index Name": "company_type_pkey", "Relation Name": "company_type", "Alias": "ct", "Startup Cost": 0.0, "Total Cost": 0.27, "Plan Rows": 1, "Plan Width": 4, "Index Cond": "(id = mc.company_type_id)"}]}]}, "Unique SQL Id": 2933943827, "Planner Runtime": 27}, "explain_analyze_plan": {"Plan": {"Node Type": "Aggregate", "Strategy": "Plain", "Startup Cost": 19914.67, "Total Cost": 19914.68, "Plan Rows": 1, "Plan Width": 97, "Actual Startup Time": 1049.012, "Actual Total Time": 1049.013, "Actual Rows": 1, "Actual Loops": 1, "Plans": [{"Node Type": "Nested Loop", "Parent Relationship": "Outer", "Join Type": "Inner", "Startup Cost": 0.0, "Total Cost": 19914.66, "Plan Rows": 2, "Plan Width": 33, "Actual Startup Time": 61.791, "Actual Total Time": 1048.935, "Actual Rows": 18, "Actual Loops": 1, "Inner Unique": true, "Plans": [{"Node Type": "Nested Loop", "Parent Relationship": "Outer", "Join Type": "Inner", "Startup Cost": 0.0, "Total Cost": 19914.1, "Plan Rows": 2, "Plan Width": 37, "Actual Startup Time": 12.193, "Actual Total Time": 1048.635, "Actual Rows": 104, "Actual Loops": 1, "Inner Unique": true, "Plans": [{"Node Type": "Nested Loop", "Parent Relationship": "Outer", "Join Type": "Inner", "Startup Cost": 0.0, "Total Cost": 19887.22, "Plan Rows": 5, "Plan Width": 25, "Actual Startup Time": 12.178, "Actual Total Time": 1047.415, "Actual Rows": 112, "Actual Loops": 1, "Inner Unique": true, "Plans": [{"Node Type": "Nested Loop", "Parent Relationship": "Outer", "Join Type": "Inner", "Startup Cost": 0.0, "Total Cost": 19885.12, "Plan Rows": 6, "Plan Width": 16, "Actual Startup Time": 0.857, "Actual Total Time": 1044.904, "Actual Rows": 275, "Actual Loops": 1, "Inner Unique": true, "Plans": [{"Node Type": "Nested Loop", "Parent Relationship": "Outer", "Join Type": "Inner", "Startup Cost": 0.0, "Total Cost": 19865.87, "Plan Rows": 68, "Plan Width": 20, "Actual Startup Time": 0.85, "Actual Total Time": 1043.36, "Actual Rows": 377, "Actual Loops": 1, "Inner Unique": false, "Plans": [{"Node Type": "Nested Loop", "Parent Relationship": "Outer", "Join Type": "Inner", "Startup Cost": 0.0, "Total Cost": 16121.55, "Plan Rows": 3779, "Plan Width": 8, "Actual Startup Time": 0.063, "Actual Total Time": 114.567, "Actual Rows": 8790, "Actual Loops": 1, "Inner Unique": false, "Plans": [{"Node Type": "Seq Scan", "Parent Relationship": "Outer", "Relation Name": "company_name", "Alias": "cn", "Startup Cost": 0.0, "Total Cost": 5903.45, "Plan Rows": 251, "Plan Width": 4, "Actual Startup Time": 0.043, "Actual Total Time": 85.276, "Actual Rows": 1361, "Actual Loops": 1, "Filter": "((country_code)::text = '[ru]'::text)", "Rows Removed by Filter": 233635}, {"Node Type": "Index Scan", "Parent Relationship": "Inner", "Scan Direction": "Forward", "Index Name": "company_id_movie_companies", "Relation Name": "movie_companies", "Alias": "mc", "Startup Cost": 0.0, "Total Cost": 40.56, "Plan Rows": 15, "Plan Width": 12, "Actual Startup Time": 10.893, "Actual Total Time": 26.153, "Actual Rows": 8790, "Actual Loops": 1361, "Index Cond": "(company_id = cn.id)", "Rows Removed by Index Recheck": 0}]}, {"Node Type": "Index Scan", "Parent Relationship": "Inner", "Scan Direction": "Forward", "Index Name": "movie_id_cast_info", "Relation Name": "cast_info", "Alias": "ci", "Startup Cost": 0.0, "Total Cost": 0.98, "Plan Rows": 1, "Plan Width": 12, "Actual Startup Time": 868.943, "Actual Total Time": 923.495, "Actual Rows": 377, "Actual Loops": 8790, "Index Cond": "(movie_id = mc.movie_id)", "Rows Removed by Index Recheck": 0, "Filter": "(((note)::text ~~ '%(voice)%'::text) AND ((note)::text ~~ '%(uncredited)%'::text))", "Rows Removed by Filter": 408168}]}, {"Node Type": "Index Scan", "Parent Relationship": "Inner", "Scan Direction": "Forward", "Index Name": "role_type_pkey", "Relation Name": "role_type", "Alias": "rt", "Startup Cost": 0.0, "Total Cost": 0.27, "Plan Rows": 1, "Plan Width": 4, "Actual Startup Time": 1.034, "Actual Total Time": 1.034, "Actual Rows": 275, "Actual Loops": 377, "Index Cond": "(id = ci.role_id)", "Rows Removed by Index Recheck": 0, "Filter": "((role)::text = 'actor'::text)", "Rows Removed by Filter": 102}]}, {"Node Type": "Index Scan", "Parent Relationship": "Inner", "Scan Direction": "Forward", "Index Name": "title_pkey", "Relation Name": "title", "Alias": "t", "Startup Cost": 0.0, "Total Cost": 0.34, "Plan Rows": 1, "Plan Width": 21, "Actual Startup Time": 2.161, "Actual Total Time": 2.161, "Actual Rows": 112, "Actual Loops": 275, "Index Cond": "(id = mc.movie_id)", "Rows Removed by Index Recheck": 0, "Filter": "(production_year > 2005)", "Rows Removed by Filter": 163}]}, {"Node Type": "Index Scan", "Parent Relationship": "Inner", "Scan Direction": "Forward", "Index Name": "char_name_pkey", "Relation Name": "char_name", "Alias": "chn", "Startup Cost": 0.0, "Total Cost": 5.37, "Plan Rows": 1, "Plan Width": 20, "Actual Startup Time": 0.966, "Actual Total Time": 0.966, "Actual Rows": 104, "Actual Loops": 112, "Index Cond": "(id = ci.person_role_id)", "Rows Removed by Index Recheck": 0}]}, {"Node Type": "Index Scan", "Parent Relationship": "Inner", "Scan Direction": "Forward", "Index Name": "company_type_pkey", "Relation Name": "company_type", "Alias": "ct", "Startup Cost": 0.0, "Total Cost": 0.27, "Plan Rows": 1, "Plan Width": 4, "Actual Startup Time": 0.153, "Actual Total Time": 0.153, "Actual Rows": 18, "Actual Loops": 104, "Index Cond": "(id = mc.company_type_id)", "Rows Removed by Index Recheck": 0}]}]}, "Triggers": [], "Planner Runtime": 21, "Total Runtime": 1049.37, "Unique SQL Id": 2933943827}}, "(16, 77)": {"explain_plan": {"Plan": {"Node Type": "Aggregate", "Strategy": "Plain", "Startup Cost": 24512.61, "Total Cost": 24512.62, "Plan Rows": 1, "Plan Width": 97, "Plans": [{"Node Type": "Nested Loop", "Parent Relationship": "Outer", "Join Type": "Inner", "Startup Cost": 0.0, "Total Cost": 24512.6, "Plan Rows": 2, "Plan Width": 33, "Inner Unique": true, "Plans": [{"Node Type": "Nested Loop", "Parent Relationship": "Outer", "Join Type": "Inner", "Startup Cost": 0.0, "Total Cost": 24512.04, "Plan Rows": 2, "Plan Width": 37, "Inner Unique": true, "Plans": [{"Node Type": "Nested Loop", "Parent Relationship": "Outer", "Join Type": "Inner", "Startup Cost": 0.0, "Total Cost": 24485.16, "Plan Rows": 5, "Plan Width": 25, "Inner Unique": true, "Plans": [{"Node Type": "Nested Loop", "Parent Relationship": "Outer", "Join Type": "Inner", "Startup Cost": 0.0, "Total Cost": 24483.05, "Plan Rows": 6, "Plan Width": 16, "Inner Unique": true, "Plans": [{"Node Type": "Nested Loop", "Parent Relationship": "Outer", "Join Type": "Inner", "Startup Cost": 0.0, "Total Cost": 24463.81, "Plan Rows": 68, "Plan Width": 20, "Inner Unique": false, "Plans": [{"Node Type": "Nested Loop", "Parent Relationship": "Outer", "Join Type": "Inner", "Startup Cost": 0.0, "Total Cost": 20719.49, "Plan Rows": 3779, "Plan Width": 8, "Inner Unique": false, "Plans": [{"Node Type": "Index Scan", "Parent Relationship": "Outer", "Scan Direction": "Forward", "Index Name": "company_name_pkey", "Relation Name": "company_name", "Alias": "cn", "Startup Cost": 0.0, "Total Cost": 10501.39, "Plan Rows": 251, "Plan Width": 4, "Filter": "((country_code)::text = '[ru]'::text)"}, {"Node Type": "Index Scan", "Parent Relationship": "Inner", "Scan Direction": "Forward", "Index Name": "company_id_movie_companies", "Relation Name": "movie_companies", "Alias": "mc", "Startup Cost": 0.0, "Total Cost": 40.56, "Plan Rows": 15, "Plan Width": 12, "Index Cond": "(company_id = cn.id)"}]}, {"Node Type": "Index Scan", "Parent Relationship": "Inner", "Scan Direction": "Forward", "Index Name": "movie_id_cast_info", "Relation Name": "cast_info", "Alias": "ci", "Startup Cost": 0.0, "Total Cost": 0.98, "Plan Rows": 1, "Plan Width": 12, "Index Cond": "(movie_id = mc.movie_id)", "Filter": "(((note)::text ~~ '%(voice)%'::text) AND ((note)::text ~~ '%(uncredited)%'::text))"}]}, {"Node Type": "Index Scan", "Parent Relationship": "Inner", "Scan Direction": "Forward", "Index Name": "role_type_pkey", "Relation Name": "role_type", "Alias": "rt", "Startup Cost": 0.0, "Total Cost": 0.27, "Plan Rows": 1, "Plan Width": 4, "Index Cond": "(id = ci.role_id)", "Filter": "((role)::text = 'actor'::text)"}]}, {"Node Type": "Index Scan", "Parent Relationship": "Inner", "Scan Direction": "Forward", "Index Name": "title_pkey", "Relation Name": "title", "Alias": "t", "Startup Cost": 0.0, "Total Cost": 0.34, "Plan Rows": 1, "Plan Width": 21, "Index Cond": "(id = mc.movie_id)", "Filter": "(production_year > 2005)"}]}, {"Node Type": "Index Scan", "Parent Relationship": "Inner", "Scan Direction": "Forward", "Index Name": "char_name_pkey", "Relation Name": "char_name", "Alias": "chn", "Startup Cost": 0.0, "Total Cost": 5.37, "Plan Rows": 1, "Plan Width": 20, "Index Cond": "(id = ci.person_role_id)"}]}, {"Node Type": "Index Scan", "Parent Relationship": "Inner", "Scan Direction": "Forward", "Index Name": "company_type_pkey", "Relation Name": "company_type", "Alias": "ct", "Startup Cost": 0.0, "Total Cost": 0.27, "Plan Rows": 1, "Plan Width": 4, "Index Cond": "(id = mc.company_type_id)"}]}]}, "Unique SQL Id": 2933943827, "Planner Runtime": 17}, "explain_analyze_plan": {"Plan": {"Node Type": "Aggregate", "Strategy": "Plain", "Startup Cost": 24512.61, "Total Cost": 24512.62, "Plan Rows": 1, "Plan Width": 97, "Actual Startup Time": 1184.548, "Actual Total Time": 1184.548, "Actual Rows": 1, "Actual Loops": 1, "Plans": [{"Node Type": "Nested Loop", "Parent Relationship": "Outer", "Join Type": "Inner", "Startup Cost": 0.0, "Total Cost": 24512.6, "Plan Rows": 2, "Plan Width": 33, "Actual Startup Time": 35.919, "Actual Total Time": 1184.43, "Actual Rows": 18, "Actual Loops": 1, "Inner Unique": true, "Plans": [{"Node Type": "Nested Loop", "Parent Relationship": "Outer", "Join Type": "Inner", "Startup Cost": 0.0, "Total Cost": 24512.04, "Plan Rows": 2, "Plan Width": 37, "Actual Startup Time": 27.488, "Actual Total Time": 1184.136, "Actual Rows": 104, "Actual Loops": 1, "Inner Unique": true, "Plans": [{"Node Type": "Nested Loop", "Parent Relationship": "Outer", "Join Type": "Inner", "Startup Cost": 0.0, "Total Cost": 24485.16, "Plan Rows": 5, "Plan Width": 25, "Actual Startup Time": 27.473, "Actual Total Time": 1183.002, "Actual Rows": 112, "Actual Loops": 1, "Inner Unique": true, "Plans": [{"Node Type": "Nested Loop", "Parent Relationship": "Outer", "Join Type": "Inner", "Startup Cost": 0.0, "Total Cost": 24483.05, "Plan Rows": 6, "Plan Width": 16, "Actual Startup Time": 8.177, "Actual Total Time": 1180.534, "Actual Rows": 275, "Actual Loops": 1, "Inner Unique": true, "Plans": [{"Node Type": "Nested Loop", "Parent Relationship": "Outer", "Join Type": "Inner", "Startup Cost": 0.0, "Total Cost": 24463.81, "Plan Rows": 68, "Plan Width": 20, "Actual Startup Time": 8.168, "Actual Total Time": 1178.922, "Actual Rows": 377, "Actual Loops": 1, "Inner Unique": false, "Plans": [{"Node Type": "Nested Loop", "Parent Relationship": "Outer", "Join Type": "Inner", "Startup Cost": 0.0, "Total Cost": 20719.49, "Plan Rows": 3779, "Plan Width": 8, "Actual Startup Time": 0.676, "Actual Total Time": 323.66, "Actual Rows": 8790, "Actual Loops": 1, "Inner Unique": false, "Plans": [{"Node Type": "Index Scan", "Parent Relationship": "Outer", "Scan Direction": "Forward", "Index Name": "company_name_pkey", "Relation Name": "company_name", "Alias": "cn", "Startup Cost": 0.0, "Total Cost": 10501.39, "Plan Rows": 251, "Plan Width": 4, "Actual Startup Time": 0.657, "Actual Total Time": 299.232, "Actual Rows": 1361, "Actual Loops": 1, "Filter": "((country_code)::text = '[ru]'::text)", "Rows Removed by Filter": 233635}, {"Node Type": "Index Scan", "Parent Relationship": "Inner", "Scan Direction": "Forward", "Index Name": "company_id_movie_companies", "Relation Name": "movie_companies", "Alias": "mc", "Startup Cost": 0.0, "Total Cost": 40.56, "Plan Rows": 15, "Plan Width": 12, "Actual Startup Time": 7.763, "Actual Total Time": 21.028, "Actual Rows": 8790, "Actual Loops": 1361, "Index Cond": "(company_id = cn.id)", "Rows Removed by Index Recheck": 0}]}, {"Node Type": "Index Scan", "Parent Relationship": "Inner", "Scan Direction": "Forward", "Index Name": "movie_id_cast_info", "Relation Name": "cast_info", "Alias": "ci", "Startup Cost": 0.0, "Total Cost": 0.98, "Plan Rows": 1, "Plan Width": 12, "Actual Startup Time": 798.002, "Actual Total Time": 849.821, "Actual Rows": 377, "Actual Loops": 8790, "Index Cond": "(movie_id = mc.movie_id)", "Rows Removed by Index Recheck": 0, "Filter": "(((note)::text ~~ '%(voice)%'::text) AND ((note)::text ~~ '%(uncredited)%'::text))", "Rows Removed by Filter": 408168}]}, {"Node Type": "Index Scan", "Parent Relationship": "Inner", "Scan Direction": "Forward", "Index Name": "role_type_pkey", "Relation Name": "role_type", "Alias": "rt", "Startup Cost": 0.0, "Total Cost": 0.27, "Plan Rows": 1, "Plan Width": 4, "Actual Startup Time": 1.084, "Actual Total Time": 1.084, "Actual Rows": 275, "Actual Loops": 377, "Index Cond": "(id = ci.role_id)", "Rows Removed by Index Recheck": 0, "Filter": "((role)::text = 'actor'::text)", "Rows Removed by Filter": 102}]}, {"Node Type": "Index Scan", "Parent Relationship": "Inner", "Scan Direction": "Forward", "Index Name": "title_pkey", "Relation Name": "title", "Alias": "t", "Startup Cost": 0.0, "Total Cost": 0.34, "Plan Rows": 1, "Plan Width": 21, "Actual Startup Time": 2.111, "Actual Total Time": 2.111, "Actual Rows": 112, "Actual Loops": 275, "Index Cond": "(id = mc.movie_id)", "Rows Removed by Index Recheck": 0, "Filter": "(production_year > 2005)", "Rows Removed by Filter": 163}]}, {"Node Type": "Index Scan", "Parent Relationship": "Inner", "Scan Direction": "Forward", "Index Name": "char_name_pkey", "Relation Name": "char_name", "Alias": "chn", "Startup Cost": 0.0, "Total Cost": 5.37, "Plan Rows": 1, "Plan Width": 20, "Actual Startup Time": 0.883, "Actual Total Time": 0.883, "Actual Rows": 104, "Actual Loops": 112, "Index Cond": "(id = ci.person_role_id)", "Rows Removed by Index Recheck": 0}]}, {"Node Type": "Index Scan", "Parent Relationship": "Inner", "Scan Direction": "Forward", "Index Name": "company_type_pkey", "Relation Name": "company_type", "Alias": "ct", "Startup Cost": 0.0, "Total Cost": 0.27, "Plan Rows": 1, "Plan Width": 4, "Actual Startup Time": 0.155, "Actual Total Time": 0.155, "Actual Rows": 18, "Actual Loops": 104, "Index Cond": "(id = mc.company_type_id)", "Rows Removed by Index Recheck": 0}]}]}, "Triggers": [], "Planner Runtime": 12, "Total Runtime": 1184.903, "Unique SQL Id": 2933943827}}, "(16, 78)": {"explain_plan": {"Plan": {"Node Type": "Aggregate", "Strategy": "Plain", "Startup Cost": 157415.54, "Total Cost": 157415.55, "Plan Rows": 1, "Plan Width": 97, "Plans": [{"Node Type": "Hash Join", "Parent Relationship": "Outer", "Join Type": "Inner", "Startup Cost": 124052.88, "Total Cost": 157415.52, "Plan Rows": 4, "Plan Width": 33, "Inner Unique": true, "Hash Cond": "(mc.company_type_id = ct.id)", "Plans": [{"Node Type": "Streaming(type: LOCAL GATHER dop: 1/16)", "Parent Relationship": "Outer", "Startup Cost": 124052.58, "Total Cost": 157415.17, "Plan Rows": 4, "Plan Width": 37, "Plans": [{"Node Type": "Hash Join", "Parent Relationship": "Outer", "Join Type": "Inner", "Startup Cost": 124052.58, "Total Cost": 157415.08, "Plan Rows": 4, "Plan Width": 37, "Inner Unique": true, "Hash Cond": "(ci.person_role_id = chn.id)", "Plans": [{"Node Type": "Streaming(type: BROADCAST dop: 16/1)", "Parent Relationship": "Outer", "Startup Cost": 116794.61, "Total Cost": 150157.08, "Plan Rows": 112, "Plan Width": 25, "Plans": [{"Node Type": "Hash Join", "Parent Relationship": "Outer", "Join Type": "Inner", "Startup Cost": 116794.61, "Total Cost": 135154.66, "Plan Rows": 7, "Plan Width": 25, "Inner Unique": true, "Hash Cond": "(mc.company_id = cn.id)", "Plans": [{"Node Type": "Streaming(type: LOCAL GATHER dop: 1/16)", "Parent Relationship": "Outer", "Startup Cost": 115315.61, "Total Cost": 133656.09, "Plan Rows": 5196, "Plan Width": 29, "Plans": [{"Node Type": "Hash Join", "Parent Relationship": "Outer", "Join Type": "Inner", "Startup Cost": 115315.61, "Total Cost": 133543.95, "Plan Rows": 5196, "Plan Width": 29, "Inner Unique": false, "Hash Cond": "(mc.movie_id = t.id)", "Plans": [{"Node Type": "Seq Scan", "Parent Relationship": "Outer", "Relation Name": "movie_companies", "Alias": "mc", "Startup Cost": 0.0, "Total Cost": 17613.58, "Plan Rows": 2609128, "Plan Width": 12}, {"Node Type": "Hash", "Parent Relationship": "Inner", "Startup Cost": 115284.86, "Total Cost": 115284.86, "Plan Rows": 39360, "Plan Width": 29, "Plans": [{"Node Type": "Streaming(type: BROADCAST dop: 16/16)", "Parent Relationship": "Outer", "Startup Cost": 19942.32, "Total Cost": 115284.86, "Plan Rows": 39360, "Plan Width": 29, "Plans": [{"Node Type": "Hash Join", "Parent Relationship": "Outer", "Join Type": "Inner", "Startup Cost": 19942.32, "Total Cost": 100184.92, "Plan Rows": 2460, "Plan Width": 29, "Inner Unique": true, "Hash Cond": "(ci.movie_id = t.id)", "Plans": [{"Node Type": "Streaming(type: BROADCAST dop: 16/1)", "Parent Relationship": "Outer", "Startup Cost": 1.16, "Total Cost": 80234.62, "Plan Rows": 32432, "Plan Width": 8, "Plans": [{"Node Type": "Hash Join", "Parent Relationship": "Outer", "Join Type": "Inner", "Startup Cost": 1.16, "Total Cost": 64534.67, "Plan Rows": 2027, "Plan Width": 8, "Inner Unique": true, "Hash Cond": "(ci.role_id = rt.id)", "Plans": [{"Node Type": "Streaming(type: LOCAL GATHER dop: 1/16)", "Parent Relationship": "Outer", "Startup Cost": 0.0, "Total Cost": 64429.63, "Plan Rows": 22295, "Plan Width": 12, "Plans": [{"Node Type": "Seq Scan", "Parent Relationship": "Outer", "Relation Name": "cast_info", "Alias": "ci", "Startup Cost": 0.0, "Total Cost": 63948.46, "Plan Rows": 22295, "Plan Width": 12, "Filter": "(((note)::text ~~ '%(voice)%'::text) AND ((note)::text ~~ '%(uncredited)%'::text))"}]}, {"Node Type": "Hash", "Parent Relationship": "Inner", "Startup Cost": 1.15, "Total Cost": 1.15, "Plan Rows": 1, "Plan Width": 4, "Plans": [{"Node Type": "Seq Scan", "Parent Relationship": "Outer", "Relation Name": "role_type", "Alias": "rt", "Startup Cost": 0.0, "Total Cost": 1.15, "Plan Rows": 1, "Plan Width": 4, "Filter": "((role)::text = 'actor'::text)"}]}]}]}, {"Node Type": "Hash", "Parent Relationship": "Inner", "Startup Cost": 19149.37, "Total Cost": 19149.37, "Plan Rows": 1013492, "Plan Width": 21, "Plans": [{"Node Type": "Seq Scan", "Parent Relationship": "Outer", "Relation Name": "title", "Alias": "t", "Startup Cost": 0.0, "Total Cost": 19149.37, "Plan Rows": 1013492, "Plan Width": 21, "Filter": "(production_year > 2005), (LLVM Optimized)"}]}]}]}]}]}]}, {"Node Type": "Hash", "Parent Relationship": "Inner", "Startup Cost": 5903.45, "Total Cost": 5903.45, "Plan Rows": 251, "Plan Width": 4, "Plans": [{"Node Type": "Seq Scan", "Parent Relationship": "Outer", "Relation Name": "company_name", "Alias": "cn", "Startup Cost": 0.0, "Total Cost": 5903.45, "Plan Rows": 251, "Plan Width": 4, "Filter": "((country_code)::text = '[ru]'::text)"}]}]}]}, {"Node Type": "Hash", "Parent Relationship": "Inner", "Startup Cost": 19218.34, "Total Cost": 19218.34, "Plan Rows": 3140338, "Plan Width": 20, "Plans": [{"Node Type": "Seq Scan", "Parent Relationship": "Outer", "Relation Name": "char_name", "Alias": "chn", "Startup Cost": 0.0, "Total Cost": 19218.34, "Plan Rows": 3140338, "Plan Width": 20}]}]}]}, {"Node Type": "Hash", "Parent Relationship": "Inner", "Startup Cost": 1.03, "Total Cost": 1.03, "Plan Rows": 3, "Plan Width": 4, "Plans": [{"Node Type": "Seq Scan", "Parent Relationship": "Outer", "Relation Name": "company_type", "Alias": "ct", "Startup Cost": 0.0, "Total Cost": 1.03, "Plan Rows": 3, "Plan Width": 4}]}]}]}, "Unique SQL Id": 2933943827, "Planner Runtime": 72}, "explain_analyze_plan": {"Plan": {"Node Type": "Aggregate", "Strategy": "Plain", "Startup Cost": 157415.54, "Total Cost": 157415.55, "Plan Rows": 1, "Plan Width": 97, "Actual Min Startup Time": 1064.573, "Actual Max Startup Time": 1064.573, "Actual Min Total Time": 1064.574, "Actual Max Total Time": 1064.574, "Plans": [{"Node Type": "Hash Join", "Parent Relationship": "Outer", "Join Type": "Inner", "Startup Cost": 124052.88, "Total Cost": 157415.52, "Plan Rows": 4, "Plan Width": 33, "Actual Min Startup Time": 1064.416, "Actual Max Startup Time": 1064.416, "Actual Min Total Time": 1064.523, "Actual Max Total Time": 1064.523, "Inner Unique": true, "Hash Cond": "(mc.company_type_id = ct.id)", "Plans": [{"Node Type": "Streaming(type: LOCAL GATHER dop: 1/16)", "Parent Relationship": "Outer", "Startup Cost": 124052.58, "Total Cost": 157415.17, "Plan Rows": 4, "Plan Width": 37, "Actual Min Startup Time": 1064.269, "Actual Max Startup Time": 1064.269, "Actual Min Total Time": 1064.36, "Actual Max Total Time": 1064.36, "Plans": [{"Node Type": "Hash Join", "Parent Relationship": "Outer", "Join Type": "Inner", "Startup Cost": 124052.58, "Total Cost": 157415.08, "Plan Rows": 4, "Plan Width": 37, "Actual Min Startup Time": 946.489, "Actual Max Startup Time": 976.773, "Actual Min Total Time": 967.322, "Actual Max Total Time": 997.57, "Inner Unique": true, "Hash Cond": "(ci.person_role_id = chn.id)", "Plans": [{"Node Type": "Streaming(type: BROADCAST dop: 16/1)", "Parent Relationship": "Outer", "Startup Cost": 116794.61, "Total Cost": 150157.08, "Plan Rows": 112, "Plan Width": 25, "Actual Min Startup Time": 814.524, "Actual Max Startup Time": 841.585, "Actual Min Total Time": 835.317, "Actual Max Total Time": 862.331, "Plans": [{"Node Type": "Hash Join", "Parent Relationship": "Outer", "Join Type": "Inner", "Startup Cost": 116794.61, "Total Cost": 135154.66, "Plan Rows": 7, "Plan Width": 25, "Actual Min Startup Time": 903.834, "Actual Max Startup Time": 903.834, "Actual Min Total Time": 967.664, "Actual Max Total Time": 967.664, "Inner Unique": true, "Hash Cond": "(mc.company_id = cn.id)", "Plans": [{"Node Type": "Streaming(type: LOCAL GATHER dop: 1/16)", "Parent Relationship": "Outer", "Startup Cost": 115315.61, "Total Cost": 133656.09, "Plan Rows": 5196, "Plan Width": 29, "Actual Min Startup Time": 817.175, "Actual Max Startup Time": 817.175, "Actual Min Total Time": 884.346, "Actual Max Total Time": 884.346, "Plans": [{"Node Type": "Hash Join", "Parent Relationship": "Outer", "Join Type": "Inner", "Startup Cost": 115315.61, "Total Cost": 133543.95, "Plan Rows": 5196, "Plan Width": 29, "Actual Min Startup Time": 895.371, "Actual Max Startup Time": 928.306, "Actual Min Total Time": 962.12, "Actual Max Total Time": 994.601, "Inner Unique": false, "Hash Cond": "(mc.movie_id = t.id)", "Plans": [{"Node Type": "Seq Scan", "Parent Relationship": "Outer", "Relation Name": "movie_companies", "Alias": "mc", "Startup Cost": 0.0, "Total Cost": 17613.58, "Plan Rows": 2609128, "Plan Width": 12, "Actual Min Startup Time": 0.043, "Actual Max Startup Time": 0.068, "Actual Min Total Time": 35.187, "Actual Max Total Time": 40.242, "Actual Rows": 2609128}, {"Node Type": "Hash", "Parent Relationship": "Inner", "Startup Cost": 115284.86, "Total Cost": 115284.86, "Plan Rows": 39360, "Plan Width": 29, "Actual Min Startup Time": 894.926, "Actual Max Startup Time": 927.026, "Actual Min Total Time": 894.926, "Actual Max Total Time": 927.026, "Max Hash Buckets": 32768, "Min Hash Buckets": 32768, "Max Hash Batches": 1, "Min Hash Batches": 1, "Max Original Hash Batches": 1, "Min Original Hash Batches": 1, "Max Peak Memory Usage": 320, "min Peak Memory Usage": 320, "Plans": [{"Node Type": "Streaming(type: BROADCAST dop: 16/16)", "Parent Relationship": "Outer", "Startup Cost": 19942.32, "Total Cost": 115284.86, "Plan Rows": 39360, "Plan Width": 29, "Actual Min Startup Time": 173.25, "Actual Max Startup Time": 205.389, "Actual Min Total Time": 893.337, "Actual Max Total Time": 925.464, "Plans": [{"Node Type": "Hash Join", "Parent Relationship": "Outer", "Join Type": "Inner", "Startup Cost": 19942.32, "Total Cost": 100184.92, "Plan Rows": 2460, "Plan Width": 29, "Actual Min Startup Time": 77.673, "Actual Max Startup Time": 117.241, "Actual Min Total Time": 869.12, "Actual Max Total Time": 902.798, "Inner Unique": true, "Hash Cond": "(ci.movie_id = t.id)", "Plans": [{"Node Type": "Streaming(type: BROADCAST dop: 16/1)", "Parent Relationship": "Outer", "Startup Cost": 1.16, "Total Cost": 80234.62, "Plan Rows": 32432, "Plan Width": 8, "Actual Min Startup Time": 0.03, "Actual Max Startup Time": 0.059, "Actual Min Total Time": 779.787, "Actual Max Total Time": 809.378, "Plans": [{"Node Type": "Hash Join", "Parent Relationship": "Outer", "Join Type": "Inner", "Startup Cost": 1.16, "Total Cost": 64534.67, "Plan Rows": 2027, "Plan Width": 8, "Actual Min Startup Time": 1.396, "Actual Max Startup Time": 1.396, "Actual Min Total Time": 592.544, "Actual Max Total Time": 592.544, "Inner Unique": true, "Hash Cond": "(ci.role_id = rt.id)", "Plans": [{"Node Type": "Streaming(type: LOCAL GATHER dop: 1/16)", "Parent Relationship": "Outer", "Startup Cost": 0.0, "Total Cost": 64429.63, "Plan Rows": 22295, "Plan Width": 12, "Actual Min Startup Time": 1.302, "Actual Max Startup Time": 1.302, "Actual Min Total Time": 579.871, "Actual Max Total Time": 579.871, "Plans": [{"Node Type": "Seq Scan", "Parent Relationship": "Outer", "Relation Name": "cast_info", "Alias": "ci", "Startup Cost": 0.0, "Total Cost": 63948.46, "Plan Rows": 22295, "Plan Width": 12, "Actual Min Startup Time": 0.068, "Actual Max Startup Time": 2.224, "Actual Min Total Time": 697.735, "Actual Max Total Time": 712.961, "Filter": "(((note)::text ~~ '%(voice)%'::text) AND ((note)::text ~~ '%(uncredited)%'::text))", "Rows Removed by Filter": 36212055, "Actual Rows": 32288}], "Actual Rows": 32288}, {"Node Type": "Hash", "Parent Relationship": "Inner", "Startup Cost": 1.15, "Total Cost": 1.15, "Plan Rows": 1, "Plan Width": 4, "Actual Min Startup Time": 0.036, "Actual Max Startup Time": 0.036, "Actual Min Total Time": 0.036, "Actual Max Total Time": 0.036, "Max Hash Buckets": 32768, "Min Hash Buckets": 32768, "Max Hash Batches": 1, "Min Hash Batches": 1, "Max Original Hash Batches": 1, "Min Original Hash Batches": 1, "Max Peak Memory Usage": 1, "min Peak Memory Usage": 1, "Plans": [{"Node Type": "Seq Scan", "Parent Relationship": "Outer", "Relation Name": "role_type", "Alias": "rt", "Startup Cost": 0.0, "Total Cost": 1.15, "Plan Rows": 1, "Plan Width": 4, "Actual Min Startup Time": 0.018, "Actual Max Startup Time": 0.018, "Actual Min Total Time": 0.023, "Actual Max Total Time": 0.023, "Filter": "((role)::text = 'actor'::text)", "Rows Removed by Filter": 11, "Actual Rows": 1}], "Actual Rows": 1}], "Actual Rows": 25874}], "Actual Rows": 413984}, {"Node Type": "Hash", "Parent Relationship": "Inner", "Startup Cost": 19149.37, "Total Cost": 19149.37, "Plan Rows": 1013492, "Plan Width": 21, "Actual Min Startup Time": 77.524, "Actual Max Startup Time": 86.462, "Actual Min Total Time": 77.524, "Actual Max Total Time": 86.462, "Max Hash Buckets": 65536, "Min Hash Buckets": 65536, "Max Hash Batches": 1, "Min Hash Batches": 1, "Max Original Hash Batches": 1, "Min Original Hash Batches": 1, "Max Peak Memory Usage": 3456, "min Peak Memory Usage": 3456, "Plans": [{"Node Type": "Seq Scan", "Parent Relationship": "Outer", "Relation Name": "title", "Alias": "t", "Startup Cost": 0.0, "Total Cost": 19149.37, "Plan Rows": 1013492, "Plan Width": 21, "Actual Min Startup Time": 0.025, "Actual Max Startup Time": 0.036, "Actual Min Total Time": 57.879, "Actual Max Total Time": 66.322, "Filter": "(production_year > 2005), (LLVM Optimized, Jit Execute)", "Rows Removed by Filter": 1515391, "Actual Rows": 1012920}], "Actual Rows": 1012920}], "Actual Rows": 5288}], "Actual Rows": 84608}], "Actual Rows": 84608}], "Actual Rows": 14489}], "Actual Rows": 14489}, {"Node Type": "Hash", "Parent Relationship": "Inner", "Startup Cost": 5903.45, "Total Cost": 5903.45, "Plan Rows": 251, "Plan Width": 4, "Actual Min Startup Time": 80.802, "Actual Max Startup Time": 80.802, "Actual Min Total Time": 80.802, "Actual Max Total Time": 80.802, "Max Hash Buckets": 32768, "Min Hash Buckets": 32768, "Max Hash Batches": 1, "Min Hash Batches": 1, "Max Original Hash Batches": 1, "Min Original Hash Batches": 1, "Max Peak Memory Usage": 48, "min Peak Memory Usage": 48, "Plans": [{"Node Type": "Seq Scan", "Parent Relationship": "Outer", "Relation Name": "company_name", "Alias": "cn", "Startup Cost": 0.0, "Total Cost": 5903.45, "Plan Rows": 251, "Plan Width": 4, "Actual Min Startup Time": 0.075, "Actual Max Startup Time": 0.075, "Actual Min Total Time": 80.269, "Actual Max Total Time": 80.269, "Filter": "((country_code)::text = '[ru]'::text)", "Rows Removed by Filter": 233635, "Actual Rows": 1361}], "Actual Rows": 1361}], "Actual Rows": 112}], "Actual Rows": 1792}, {"Node Type": "Hash", "Parent Relationship": "Inner", "Startup Cost": 19218.34, "Total Cost": 19218.34, "Plan Rows": 3140338, "Plan Width": 20, "Actual Min Startup Time": 123.094, "Actual Max Startup Time": 137.683, "Actual Min Total Time": 123.094, "Actual Max Total Time": 137.683, "Max Hash Buckets": 262144, "Min Hash Buckets": 262144, "Max Hash Batches": 1, "Min Hash Batches": 1, "Max Original Hash Batches": 1, "Min Original Hash Batches": 1, "Max Peak Memory Usage": 10534, "min Peak Memory Usage": 10534, "Plans": [{"Node Type": "Seq Scan", "Parent Relationship": "Outer", "Relation Name": "char_name", "Alias": "chn", "Startup Cost": 0.0, "Total Cost": 19218.34, "Plan Rows": 3140338, "Plan Width": 20, "Actual Min Startup Time": 0.031, "Actual Max Startup Time": 0.681, "Actual Min Total Time": 59.696, "Actual Max Total Time": 68.371, "Actual Rows": 3140338}], "Actual Rows": 3140338}], "Actual Rows": 104}], "Actual Rows": 104}, {"Node Type": "Hash", "Parent Relationship": "Inner", "Startup Cost": 1.03, "Total Cost": 1.03, "Plan Rows": 3, "Plan Width": 4, "Actual Min Startup Time": 0.055, "Actual Max Startup Time": 0.055, "Actual Min Total Time": 0.055, "Actual Max Total Time": 0.055, "Max Hash Buckets": 32768, "Min Hash Buckets": 32768, "Max Hash Batches": 1, "Min Hash Batches": 1, "Max Original Hash Batches": 1, "Min Original Hash Batches": 1, "Max Peak Memory Usage": 1, "min Peak Memory Usage": 1, "Plans": [{"Node Type": "Seq Scan", "Parent Relationship": "Outer", "Relation Name": "company_type", "Alias": "ct", "Startup Cost": 0.0, "Total Cost": 1.03, "Plan Rows": 3, "Plan Width": 4, "Actual Min Startup Time": 0.029, "Actual Max Startup Time": 0.029, "Actual Min Total Time": 0.033, "Actual Max Total Time": 0.033, "Actual Rows": 3}], "Actual Rows": 3}], "Actual Rows": 18}], "Actual Rows": 1}, "Triggers": [], "Planner Runtime": 62, "Total Runtime": 1088.363, "Unique SQL Id": 2933943827}}, "(16, 79)": {"explain_plan": {"Plan": {"Node Type": "Aggregate", "Strategy": "Plain", "Startup Cost": 6488202628666.15, "Total Cost": 6488202628666.16, "Plan Rows": 1, "Plan Width": 97, "Plans": [{"Node Type": "Hash Join", "Parent Relationship": "Outer", "Join Type": "Inner", "Startup Cost": 4510041135658.86, "Total Cost": 6488202628666.13, "Plan Rows": 4, "Plan Width": 33, "Inner Unique": true, "Hash Cond": "(ci.role_id = rt.id)", "Plans": [{"Node Type": "Hash Join", "Parent Relationship": "Outer", "Join Type": "Inner", "Startup Cost": 3510041134412.84, "Total Cost": 5488202627419.92, "Plan Rows": 40, "Plan Width": 37, "Inner Unique": true, "Hash Cond": "(mc.company_type_id = ct.id)", "Plans": [{"Node Type": "Hash Join", "Parent Relationship": "Outer", "Join Type": "Inner", "Startup Cost": 2510041133183.31, "Total Cost": 4488202626189.84, "Plan Rows": 40, "Plan Width": 41, "Inner Unique": true, "Hash Cond": "(mc.company_id = cn.id)", "Plans": [{"Node Type": "Merge Join", "Parent Relationship": "Outer", "Join Type": "Inner", "Startup Cost": 1510040083041.2, "Total Cost": 3488201575943.41, "Plan Rows": 27712, "Plan Width": 45, "Inner Unique": false, "Merge Cond": "(t.id = mc.movie_id)", "Plans": [{"Node Type": "Merge Join", "Parent Relationship": "Outer", "Join Type": "Inner", "Startup Cost": 1500040083041.2, "Total Cost": 2489168673554.28, "Plan Rows": 13119, "Plan Width": 45, "Inner Unique": true, "Merge Cond": "(ci.movie_id = t.id)", "Plans": [{"Node Type": "Sort", "Parent Relationship": "Outer", "Startup Cost": 1490040083041.2, "Total Cost": 1490040083068.22, "Plan Rows": 10808, "Plan Width": 24, "Sort Key": ["ci.movie_id"], "Plans": [{"Node Type": "Merge Join", "Parent Relationship": "Outer", "Join Type": "Inner", "Startup Cost": 59439679227.39, "Total Cost": 1490040082317.07, "Plan Rows": 10808, "Plan Width": 24, "Inner Unique": false, "Merge Cond": "(chn.id = ci.person_role_id)", "Plans": [{"Node Type": "Index Scan", "Parent Relationship": "Outer", "Scan Direction": "Forward", "Index Name": "char_name_pkey", "Relation Name": "char_name", "Alias": "chn", "Startup Cost": 10000000000.0, "Total Cost": 1000012987545.51, "Plan Rows": 3140338, "Plan Width": 20}, {"Node Type": "Index Scan", "Parent Relationship": "Inner", "Scan Direction": "Forward", "Index Name": "person_role_id_cast_info", "Relation Name": "cast_info", "Alias": "ci", "Startup Cost": 10000000000.0, "Total Cost": 1000211315681.48, "Plan Rows": 22295, "Plan Width": 12, "Filter": "(((note)::text ~~ '%(voice)%'::text) AND ((note)::text ~~ '%(uncredited)%'::text))"}]}]}, {"Node Type": "Index Scan", "Parent Relationship": "Inner", "Scan Direction": "Forward", "Index Name": "title_pkey", "Relation Name": "title", "Alias": "t", "Startup Cost": 10000000000.0, "Total Cost": 1000011644126.66, "Plan Rows": 1013492, "Plan Width": 21, "Filter": "(production_year > 2005), (LLVM Optimized)"}]}, {"Node Type": "Index Scan", "Parent Relationship": "Inner", "Scan Direction": "Forward", "Index Name": "movie_id_movie_companies", "Relation Name": "movie_companies", "Alias": "mc", "Startup Cost": 10000000000.0, "Total Cost": 1000013051946.13, "Plan Rows": 2609128, "Plan Width": 12}]}, {"Node Type": "Hash", "Parent Relationship": "Inner", "Startup Cost": 1000001050138.97, "Total Cost": 1000001050138.97, "Plan Rows": 251, "Plan Width": 4, "Plans": [{"Node Type": "Index Scan", "Parent Relationship": "Outer", "Scan Direction": "Forward", "Index Name": "company_name_pkey", "Relation Name": "company_name", "Alias": "cn", "Startup Cost": 10000000000.0, "Total Cost": 1000001050138.97, "Plan Rows": 251, "Plan Width": 4, "Filter": "((country_code)::text = '[ru]'::text)"}]}]}, {"Node Type": "Hash", "Parent Relationship": "Inner", "Startup Cost": 1000000001229.5, "Total Cost": 1000000001229.5, "Plan Rows": 3, "Plan Width": 4, "Plans": [{"Node Type": "Index Scan", "Parent Relationship": "Outer", "Scan Direction": "Forward", "Index Name": "company_type_pkey", "Relation Name": "company_type", "Alias": "ct", "Startup Cost": 10000000000.0, "Total Cost": 1000000001229.5, "Plan Rows": 3, "Plan Width": 4}]}]}, {"Node Type": "Hash", "Parent Relationship": "Inner", "Startup Cost": 1000000001246.0, "Total Cost": 1000000001246.0, "Plan Rows": 1, "Plan Width": 4, "Plans": [{"Node Type": "Index Scan", "Parent Relationship": "Outer", "Scan Direction": "Forward", "Index Name": "role_type_pkey", "Relation Name": "role_type", "Alias": "rt", "Startup Cost": 10000000000.0, "Total Cost": 1000000001246.0, "Plan Rows": 1, "Plan Width": 4, "Filter": "((role)::text = 'actor'::text)"}]}]}]}, "Unique SQL Id": 2933943827, "Planner Runtime": 58}, "explain_analyze_plan": null}, "(16, 80)": {"explain_plan": {"Plan": {"Node Type": "Aggregate", "Strategy": "Plain", "Startup Cost": 19914.67, "Total Cost": 19914.68, "Plan Rows": 1, "Plan Width": 97, "Plans": [{"Node Type": "Nested Loop", "Parent Relationship": "Outer", "Join Type": "Inner", "Startup Cost": 0.0, "Total Cost": 19914.66, "Plan Rows": 2, "Plan Width": 33, "Inner Unique": true, "Plans": [{"Node Type": "Nested Loop", "Parent Relationship": "Outer", "Join Type": "Inner", "Startup Cost": 0.0, "Total Cost": 19914.1, "Plan Rows": 2, "Plan Width": 37, "Inner Unique": true, "Plans": [{"Node Type": "Nested Loop", "Parent Relationship": "Outer", "Join Type": "Inner", "Startup Cost": 0.0, "Total Cost": 19887.22, "Plan Rows": 5, "Plan Width": 25, "Inner Unique": true, "Plans": [{"Node Type": "Nested Loop", "Parent Relationship": "Outer", "Join Type": "Inner", "Startup Cost": 0.0, "Total Cost": 19885.12, "Plan Rows": 6, "Plan Width": 16, "Inner Unique": true, "Plans": [{"Node Type": "Nested Loop", "Parent Relationship": "Outer", "Join Type": "Inner", "Startup Cost": 0.0, "Total Cost": 19865.87, "Plan Rows": 68, "Plan Width": 20, "Inner Unique": false, "Plans": [{"Node Type": "Nested Loop", "Parent Relationship": "Outer", "Join Type": "Inner", "Startup Cost": 0.0, "Total Cost": 16121.55, "Plan Rows": 3779, "Plan Width": 8, "Inner Unique": false, "Plans": [{"Node Type": "Seq Scan", "Parent Relationship": "Outer", "Relation Name": "company_name", "Alias": "cn", "Startup Cost": 0.0, "Total Cost": 5903.45, "Plan Rows": 251, "Plan Width": 4, "Filter": "((country_code)::text = '[ru]'::text)"}, {"Node Type": "Index Scan", "Parent Relationship": "Inner", "Scan Direction": "Forward", "Index Name": "company_id_movie_companies", "Relation Name": "movie_companies", "Alias": "mc", "Startup Cost": 0.0, "Total Cost": 40.56, "Plan Rows": 15, "Plan Width": 12, "Index Cond": "(company_id = cn.id)"}]}, {"Node Type": "Index Scan", "Parent Relationship": "Inner", "Scan Direction": "Forward", "Index Name": "movie_id_cast_info", "Relation Name": "cast_info", "Alias": "ci", "Startup Cost": 0.0, "Total Cost": 0.98, "Plan Rows": 1, "Plan Width": 12, "Index Cond": "(movie_id = mc.movie_id)", "Filter": "(((note)::text ~~ '%(voice)%'::text) AND ((note)::text ~~ '%(uncredited)%'::text))"}]}, {"Node Type": "Index Scan", "Parent Relationship": "Inner", "Scan Direction": "Forward", "Index Name": "role_type_pkey", "Relation Name": "role_type", "Alias": "rt", "Startup Cost": 0.0, "Total Cost": 0.27, "Plan Rows": 1, "Plan Width": 4, "Index Cond": "(id = ci.role_id)", "Filter": "((role)::text = 'actor'::text)"}]}, {"Node Type": "Index Scan", "Parent Relationship": "Inner", "Scan Direction": "Forward", "Index Name": "title_pkey", "Relation Name": "title", "Alias": "t", "Startup Cost": 0.0, "Total Cost": 0.34, "Plan Rows": 1, "Plan Width": 21, "Index Cond": "(id = mc.movie_id)", "Filter": "(production_year > 2005)"}]}, {"Node Type": "Index Scan", "Parent Relationship": "Inner", "Scan Direction": "Forward", "Index Name": "char_name_pkey", "Relation Name": "char_name", "Alias": "chn", "Startup Cost": 0.0, "Total Cost": 5.37, "Plan Rows": 1, "Plan Width": 20, "Index Cond": "(id = ci.person_role_id)"}]}, {"Node Type": "Index Only Scan", "Parent Relationship": "Inner", "Scan Direction": "Forward", "Index Name": "company_type_pkey", "Relation Name": "company_type", "Alias": "ct", "Startup Cost": 0.0, "Total Cost": 0.27, "Plan Rows": 1, "Plan Width": 4, "Index Cond": "(id = mc.company_type_id)"}]}]}, "Unique SQL Id": 2933943827, "Planner Runtime": 14}, "explain_analyze_plan": {"Plan": {"Node Type": "Aggregate", "Strategy": "Plain", "Startup Cost": 19914.67, "Total Cost": 19914.68, "Plan Rows": 1, "Plan Width": 97, "Actual Startup Time": 938.476, "Actual Total Time": 938.477, "Actual Rows": 1, "Actual Loops": 1, "Plans": [{"Node Type": "Nested Loop", "Parent Relationship": "Outer", "Join Type": "Inner", "Startup Cost": 0.0, "Total Cost": 19914.66, "Plan Rows": 2, "Plan Width": 33, "Actual Startup Time": 63.395, "Actual Total Time": 938.399, "Actual Rows": 18, "Actual Loops": 1, "Inner Unique": true, "Plans": [{"Node Type": "Nested Loop", "Parent Relationship": "Outer", "Join Type": "Inner", "Startup Cost": 0.0, "Total Cost": 19914.1, "Plan Rows": 2, "Plan Width": 37, "Actual Startup Time": 13.066, "Actual Total Time": 938.069, "Actual Rows": 104, "Actual Loops": 1, "Inner Unique": true, "Plans": [{"Node Type": "Nested Loop", "Parent Relationship": "Outer", "Join Type": "Inner", "Startup Cost": 0.0, "Total Cost": 19887.22, "Plan Rows": 5, "Plan Width": 25, "Actual Startup Time": 13.05, "Actual Total Time": 936.929, "Actual Rows": 112, "Actual Loops": 1, "Inner Unique": true, "Plans": [{"Node Type": "Nested Loop", "Parent Relationship": "Outer", "Join Type": "Inner", "Startup Cost": 0.0, "Total Cost": 19885.12, "Plan Rows": 6, "Plan Width": 16, "Actual Startup Time": 0.978, "Actual Total Time": 934.501, "Actual Rows": 275, "Actual Loops": 1, "Inner Unique": true, "Plans": [{"Node Type": "Nested Loop", "Parent Relationship": "Outer", "Join Type": "Inner", "Startup Cost": 0.0, "Total Cost": 19865.87, "Plan Rows": 68, "Plan Width": 20, "Actual Startup Time": 0.971, "Actual Total Time": 932.897, "Actual Rows": 377, "Actual Loops": 1, "Inner Unique": false, "Plans": [{"Node Type": "Nested Loop", "Parent Relationship": "Outer", "Join Type": "Inner", "Startup Cost": 0.0, "Total Cost": 16121.55, "Plan Rows": 3779, "Plan Width": 8, "Actual Startup Time": 0.073, "Actual Total Time": 106.997, "Actual Rows": 8790, "Actual Loops": 1, "Inner Unique": false, "Plans": [{"Node Type": "Seq Scan", "Parent Relationship": "Outer", "Relation Name": "company_name", "Alias": "cn", "Startup Cost": 0.0, "Total Cost": 5903.45, "Plan Rows": 251, "Plan Width": 4, "Actual Startup Time": 0.051, "Actual Total Time": 81.47, "Actual Rows": 1361, "Actual Loops": 1, "Filter": "((country_code)::text = '[ru]'::text)", "Rows Removed by Filter": 233635}, {"Node Type": "Index Scan", "Parent Relationship": "Inner", "Scan Direction": "Forward", "Index Name": "company_id_movie_companies", "Relation Name": "movie_companies", "Alias": "mc", "Startup Cost": 0.0, "Total Cost": 40.56, "Plan Rows": 15, "Plan Width": 12, "Actual Startup Time": 9.117, "Actual Total Time": 22.33, "Actual Rows": 8790, "Actual Loops": 1361, "Index Cond": "(company_id = cn.id)", "Rows Removed by Index Recheck": 0}]}, {"Node Type": "Index Scan", "Parent Relationship": "Inner", "Scan Direction": "Forward", "Index Name": "movie_id_cast_info", "Relation Name": "cast_info", "Alias": "ci", "Startup Cost": 0.0, "Total Cost": 0.98, "Plan Rows": 1, "Plan Width": 12, "Actual Startup Time": 771.815, "Actual Total Time": 820.529, "Actual Rows": 377, "Actual Loops": 8790, "Index Cond": "(movie_id = mc.movie_id)", "Rows Removed by Index Recheck": 0, "Filter": "(((note)::text ~~ '%(voice)%'::text) AND ((note)::text ~~ '%(uncredited)%'::text))", "Rows Removed by Filter": 408168}]}, {"Node Type": "Index Scan", "Parent Relationship": "Inner", "Scan Direction": "Forward", "Index Name": "role_type_pkey", "Relation Name": "role_type", "Alias": "rt", "Startup Cost": 0.0, "Total Cost": 0.27, "Plan Rows": 1, "Plan Width": 4, "Actual Startup Time": 1.08, "Actual Total Time": 1.08, "Actual Rows": 275, "Actual Loops": 377, "Index Cond": "(id = ci.role_id)", "Rows Removed by Index Recheck": 0, "Filter": "((role)::text = 'actor'::text)", "Rows Removed by Filter": 102}]}, {"Node Type": "Index Scan", "Parent Relationship": "Inner", "Scan Direction": "Forward", "Index Name": "title_pkey", "Relation Name": "title", "Alias": "t", "Startup Cost": 0.0, "Total Cost": 0.34, "Plan Rows": 1, "Plan Width": 21, "Actual Startup Time": 2.019, "Actual Total Time": 2.019, "Actual Rows": 112, "Actual Loops": 275, "Index Cond": "(id = mc.movie_id)", "Rows Removed by Index Recheck": 0, "Filter": "(production_year > 2005)", "Rows Removed by Filter": 163}]}, {"Node Type": "Index Scan", "Parent Relationship": "Inner", "Scan Direction": "Forward", "Index Name": "char_name_pkey", "Relation Name": "char_name", "Alias": "chn", "Startup Cost": 0.0, "Total Cost": 5.37, "Plan Rows": 1, "Plan Width": 20, "Actual Startup Time": 0.859, "Actual Total Time": 0.859, "Actual Rows": 104, "Actual Loops": 112, "Index Cond": "(id = ci.person_role_id)", "Rows Removed by Index Recheck": 0}]}, {"Node Type": "Index Only Scan", "Parent Relationship": "Inner", "Scan Direction": "Forward", "Index Name": "company_type_pkey", "Relation Name": "company_type", "Alias": "ct", "Startup Cost": 0.0, "Total Cost": 0.27, "Plan Rows": 1, "Plan Width": 4, "Actual Startup Time": 0.174, "Actual Total Time": 0.174, "Actual Rows": 18, "Actual Loops": 104, "Index Cond": "(id = mc.company_type_id)", "Rows Removed by Index Recheck": 0, "Heap Fetches": 0}]}]}, "Triggers": [], "Planner Runtime": 22, "Total Runtime": 938.94, "Unique SQL Id": 2933943827}}, "(16, 81)": {"explain_plan": {"Plan": {"Node Type": "Aggregate", "Strategy": "Plain", "Startup Cost": 22693.96, "Total Cost": 22693.97, "Plan Rows": 1, "Plan Width": 97, "Plans": [{"Node Type": "Nested Loop", "Parent Relationship": "Outer", "Join Type": "Inner", "Startup Cost": 2779.29, "Total Cost": 22693.95, "Plan Rows": 2, "Plan Width": 33, "Inner Unique": true, "Plans": [{"Node Type": "Nested Loop", "Parent Relationship": "Outer", "Join Type": "Inner", "Startup Cost": 2779.29, "Total Cost": 22693.39, "Plan Rows": 2, "Plan Width": 37, "Inner Unique": true, "Plans": [{"Node Type": "Nested Loop", "Parent Relationship": "Outer", "Join Type": "Inner", "Startup Cost": 2779.29, "Total Cost": 22666.51, "Plan Rows": 5, "Plan Width": 25, "Inner Unique": true, "Plans": [{"Node Type": "Nested Loop", "Parent Relationship": "Outer", "Join Type": "Inner", "Startup Cost": 2779.29, "Total Cost": 22664.41, "Plan Rows": 6, "Plan Width": 16, "Inner Unique": true, "Plans": [{"Node Type": "Nested Loop", "Parent Relationship": "Outer", "Join Type": "Inner", "Startup Cost": 2779.29, "Total Cost": 22645.16, "Plan Rows": 68, "Plan Width": 20, "Inner Unique": false, "Plans": [{"Node Type": "Nested Loop", "Parent Relationship": "Outer", "Join Type": "Inner", "Startup Cost": 2779.29, "Total Cost": 18900.84, "Plan Rows": 3779, "Plan Width": 8, "Inner Unique": false, "Plans": [{"Node Type": "Bitmap Heap Scan", "Parent Relationship": "Outer", "Relation Name": "company_name", "Alias": "cn", "Startup Cost": 2779.29, "Total Cost": 8682.74, "Plan Rows": 251, "Plan Width": 4, "Filter": "((country_code)::text = '[ru]'::text)", "Plans": [{"Node Type": "Bitmap Index Scan", "Parent Relationship": "Outer", "Index Name": "company_name_pkey", "Startup Cost": 0.0, "Total Cost": 2779.23, "Plan Rows": 234996, "Plan Width": 0}]}, {"Node Type": "Index Scan", "Parent Relationship": "Inner", "Scan Direction": "Forward", "Index Name": "company_id_movie_companies", "Relation Name": "movie_companies", "Alias": "mc", "Startup Cost": 0.0, "Total Cost": 40.56, "Plan Rows": 15, "Plan Width": 12, "Index Cond": "(company_id = cn.id)"}]}, {"Node Type": "Index Scan", "Parent Relationship": "Inner", "Scan Direction": "Forward", "Index Name": "movie_id_cast_info", "Relation Name": "cast_info", "Alias": "ci", "Startup Cost": 0.0, "Total Cost": 0.98, "Plan Rows": 1, "Plan Width": 12, "Index Cond": "(movie_id = mc.movie_id)", "Filter": "(((note)::text ~~ '%(voice)%'::text) AND ((note)::text ~~ '%(uncredited)%'::text))"}]}, {"Node Type": "Index Scan", "Parent Relationship": "Inner", "Scan Direction": "Forward", "Index Name": "role_type_pkey", "Relation Name": "role_type", "Alias": "rt", "Startup Cost": 0.0, "Total Cost": 0.27, "Plan Rows": 1, "Plan Width": 4, "Index Cond": "(id = ci.role_id)", "Filter": "((role)::text = 'actor'::text)"}]}, {"Node Type": "Index Scan", "Parent Relationship": "Inner", "Scan Direction": "Forward", "Index Name": "title_pkey", "Relation Name": "title", "Alias": "t", "Startup Cost": 0.0, "Total Cost": 0.34, "Plan Rows": 1, "Plan Width": 21, "Index Cond": "(id = mc.movie_id)", "Filter": "(production_year > 2005)"}]}, {"Node Type": "Index Scan", "Parent Relationship": "Inner", "Scan Direction": "Forward", "Index Name": "char_name_pkey", "Relation Name": "char_name", "Alias": "chn", "Startup Cost": 0.0, "Total Cost": 5.37, "Plan Rows": 1, "Plan Width": 20, "Index Cond": "(id = ci.person_role_id)"}]}, {"Node Type": "Index Only Scan", "Parent Relationship": "Inner", "Scan Direction": "Forward", "Index Name": "company_type_pkey", "Relation Name": "company_type", "Alias": "ct", "Startup Cost": 0.0, "Total Cost": 0.27, "Plan Rows": 1, "Plan Width": 4, "Index Cond": "(id = mc.company_type_id)"}]}]}, "Unique SQL Id": 2933943827, "Planner Runtime": 11}, "explain_analyze_plan": {"Plan": {"Node Type": "Aggregate", "Strategy": "Plain", "Startup Cost": 22693.96, "Total Cost": 22693.97, "Plan Rows": 1, "Plan Width": 97, "Actual Startup Time": 799.596, "Actual Total Time": 799.597, "Actual Rows": 1, "Actual Loops": 1, "Plans": [{"Node Type": "Nested Loop", "Parent Relationship": "Outer", "Join Type": "Inner", "Startup Cost": 2779.29, "Total Cost": 22693.95, "Plan Rows": 2, "Plan Width": 33, "Actual Startup Time": 65.155, "Actual Total Time": 799.495, "Actual Rows": 18, "Actual Loops": 1, "Inner Unique": true, "Plans": [{"Node Type": "Nested Loop", "Parent Relationship": "Outer", "Join Type": "Inner", "Startup Cost": 2779.29, "Total Cost": 22693.39, "Plan Rows": 2, "Plan Width": 37, "Actual Startup Time": 31.536, "Actual Total Time": 799.2, "Actual Rows": 104, "Actual Loops": 1, "Inner Unique": true, "Plans": [{"Node Type": "Nested Loop", "Parent Relationship": "Outer", "Join Type": "Inner", "Startup Cost": 2779.29, "Total Cost": 22666.51, "Plan Rows": 5, "Plan Width": 25, "Actual Startup Time": 31.525, "Actual Total Time": 798.357, "Actual Rows": 112, "Actual Loops": 1, "Inner Unique": true, "Plans": [{"Node Type": "Nested Loop", "Parent Relationship": "Outer", "Join Type": "Inner", "Startup Cost": 2779.29, "Total Cost": 22664.41, "Plan Rows": 6, "Plan Width": 16, "Actual Startup Time": 23.365, "Actual Total Time": 796.343, "Actual Rows": 275, "Actual Loops": 1, "Inner Unique": true, "Plans": [{"Node Type": "Nested Loop", "Parent Relationship": "Outer", "Join Type": "Inner", "Startup Cost": 2779.29, "Total Cost": 22645.16, "Plan Rows": 68, "Plan Width": 20, "Actual Startup Time": 23.351, "Actual Total Time": 794.626, "Actual Rows": 377, "Actual Loops": 1, "Inner Unique": false, "Plans": [{"Node Type": "Nested Loop", "Parent Relationship": "Outer", "Join Type": "Inner", "Startup Cost": 2779.29, "Total Cost": 18900.84, "Plan Rows": 3779, "Plan Width": 8, "Actual Startup Time": 22.572, "Actual Total Time": 147.81, "Actual Rows": 8790, "Actual Loops": 1, "Inner Unique": false, "Plans": [{"Node Type": "Bitmap Heap Scan", "Parent Relationship": "Outer", "Relation Name": "company_name", "Alias": "cn", "Startup Cost": 2779.29, "Total Cost": 8682.74, "Plan Rows": 251, "Plan Width": 4, "Actual Startup Time": 22.546, "Actual Total Time": 126.692, "Actual Rows": 1361, "Actual Loops": 1, "Filter": "((country_code)::text = '[ru]'::text)", "Rows Removed by Filter": 233635, "Exact Heap Blocks": 2966, "Lossy Heap Blocks": 2966, "Plans": [{"Node Type": "Bitmap Index Scan", "Parent Relationship": "Outer", "Index Name": "company_name_pkey", "Startup Cost": 0.0, "Total Cost": 2779.23, "Plan Rows": 234996, "Plan Width": 0, "Actual Startup Time": 22.063, "Actual Total Time": 22.063, "Actual Rows": 234996, "Actual Loops": 1}]}, {"Node Type": "Index Scan", "Parent Relationship": "Inner", "Scan Direction": "Forward", "Index Name": "company_id_movie_companies", "Relation Name": "movie_companies", "Alias": "mc", "Startup Cost": 0.0, "Total Cost": 40.56, "Plan Rows": 15, "Plan Width": 12, "Actual Startup Time": 7.756, "Actual Total Time": 17.886, "Actual Rows": 8790, "Actual Loops": 1361, "Index Cond": "(company_id = cn.id)", "Rows Removed by Index Recheck": 0}]}, {"Node Type": "Index Scan", "Parent Relationship": "Inner", "Scan Direction": "Forward", "Index Name": "movie_id_cast_info", "Relation Name": "cast_info", "Alias": "ci", "Startup Cost": 0.0, "Total Cost": 0.98, "Plan Rows": 1, "Plan Width": 12, "Actual Startup Time": 603.891, "Actual Total Time": 641.236, "Actual Rows": 377, "Actual Loops": 8790, "Index Cond": "(movie_id = mc.movie_id)", "Rows Removed by Index Recheck": 0, "Filter": "(((note)::text ~~ '%(voice)%'::text) AND ((note)::text ~~ '%(uncredited)%'::text))", "Rows Removed by Filter": 408168}]}, {"Node Type": "Index Scan", "Parent Relationship": "Inner", "Scan Direction": "Forward", "Index Name": "role_type_pkey", "Relation Name": "role_type", "Alias": "rt", "Startup Cost": 0.0, "Total Cost": 0.27, "Plan Rows": 1, "Plan Width": 4, "Actual Startup Time": 1.174, "Actual Total Time": 1.174, "Actual Rows": 275, "Actual Loops": 377, "Index Cond": "(id = ci.role_id)", "Rows Removed by Index Recheck": 0, "Filter": "((role)::text = 'actor'::text)", "Rows Removed by Filter": 102}]}, {"Node Type": "Index Scan", "Parent Relationship": "Inner", "Scan Direction": "Forward", "Index Name": "title_pkey", "Relation Name": "title", "Alias": "t", "Startup Cost": 0.0, "Total Cost": 0.34, "Plan Rows": 1, "Plan Width": 21, "Actual Startup Time": 1.622, "Actual Total Time": 1.622, "Actual Rows": 112, "Actual Loops": 275, "Index Cond": "(id = mc.movie_id)", "Rows Removed by Index Recheck": 0, "Filter": "(production_year > 2005)", "Rows Removed by Filter": 163}]}, {"Node Type": "Index Scan", "Parent Relationship": "Inner", "Scan Direction": "Forward", "Index Name": "char_name_pkey", "Relation Name": "char_name", "Alias": "chn", "Startup Cost": 0.0, "Total Cost": 5.37, "Plan Rows": 1, "Plan Width": 20, "Actual Startup Time": 0.622, "Actual Total Time": 0.622, "Actual Rows": 104, "Actual Loops": 112, "Index Cond": "(id = ci.person_role_id)", "Rows Removed by Index Recheck": 0}]}, {"Node Type": "Index Only Scan", "Parent Relationship": "Inner", "Scan Direction": "Forward", "Index Name": "company_type_pkey", "Relation Name": "company_type", "Alias": "ct", "Startup Cost": 0.0, "Total Cost": 0.27, "Plan Rows": 1, "Plan Width": 4, "Actual Startup Time": 0.157, "Actual Total Time": 0.157, "Actual Rows": 18, "Actual Loops": 104, "Index Cond": "(id = mc.company_type_id)", "Rows Removed by Index Recheck": 0, "Heap Fetches": 0}]}]}, "Triggers": [], "Planner Runtime": 13, "Total Runtime": 799.984, "Unique SQL Id": 2933943827}}, "(16, 82)": {"explain_plan": {"Plan": {"Node Type": "Aggregate", "Strategy": "Plain", "Startup Cost": 38344.14, "Total Cost": 38344.15, "Plan Rows": 1, "Plan Width": 97, "Plans": [{"Node Type": "Nested Loop", "Parent Relationship": "Outer", "Join Type": "Inner", "Startup Cost": 38331.45, "Total Cost": 38344.12, "Plan Rows": 4, "Plan Width": 33, "Inner Unique": true, "Plans": [{"Node Type": "Merge Join", "Parent Relationship": "Outer", "Join Type": "Inner", "Startup Cost": 38331.17, "Total Cost": 38331.23, "Plan Rows": 3, "Plan Width": 24, "Inner Unique": true, "Merge Cond": "(mc.company_type_id = ct.id)", "Plans": [{"Node Type": "Sort", "Parent Relationship": "Outer", "Startup Cost": 38330.11, "Total Cost": 38330.12, "Plan Rows": 3, "Plan Width": 28, "Sort Key": ["mc.company_type_id"], "Plans": [{"Node Type": "Nested Loop", "Parent Relationship": "Outer", "Join Type": "Inner", "Startup Cost": 38294.05, "Total Cost": 38330.09, "Plan Rows": 3, "Plan Width": 28, "Inner Unique": true, "Plans": [{"Node Type": "Merge Join", "Parent Relationship": "Outer", "Join Type": "Inner", "Startup Cost": 38291.75, "Total Cost": 38292.16, "Plan Rows": 6, "Plan Width": 16, "Inner Unique": false, "Merge Cond": "(rt.id = ci.role_id)", "Plans": [{"Node Type": "Sort", "Parent Relationship": "Outer", "Startup Cost": 1.16, "Total Cost": 1.16, "Plan Rows": 1, "Plan Width": 4, "Sort Key": ["rt.id"], "Plans": [{"Node Type": "Seq Scan", "Parent Relationship": "Outer", "Relation Name": "role_type", "Alias": "rt", "Startup Cost": 0.0, "Total Cost": 1.15, "Plan Rows": 1, "Plan Width": 4, "Filter": "((role)::text = 'actor'::text)"}]}, {"Node Type": "Sort", "Parent Relationship": "Inner", "Startup Cost": 38290.59, "Total Cost": 38290.76, "Plan Rows": 68, "Plan Width": 20, "Sort Key": ["ci.role_id"], "Plans": [{"Node Type": "Nested Loop", "Parent Relationship": "Outer", "Join Type": "Inner", "Startup Cost": 4.83, "Total Cost": 38288.52, "Plan Rows": 68, "Plan Width": 20, "Inner Unique": false, "Plans": [{"Node Type": "Nested Loop", "Parent Relationship": "Outer", "Join Type": "Inner", "Startup Cost": 4.32, "Total Cost": 20813.55, "Plan Rows": 3779, "Plan Width": 8, "Inner Unique": false, "Plans": [{"Node Type": "Seq Scan", "Parent Relationship": "Outer", "Relation Name": "company_name", "Alias": "cn", "Startup Cost": 0.0, "Total Cost": 5903.45, "Plan Rows": 251, "Plan Width": 4, "Filter": "((country_code)::text = '[ru]'::text)"}, {"Node Type": "Bitmap Heap Scan", "Parent Relationship": "Inner", "Relation Name": "movie_companies", "Alias": "mc", "Startup Cost": 4.32, "Total Cost": 59.25, "Plan Rows": 15, "Plan Width": 12, "Recheck Cond": "(company_id = cn.id)", "Plans": [{"Node Type": "Bitmap Index Scan", "Parent Relationship": "Outer", "Index Name": "company_id_movie_companies", "Startup Cost": 0.0, "Total Cost": 4.31, "Plan Rows": 15, "Plan Width": 0, "Index Cond": "(company_id = cn.id)"}]}]}, {"Node Type": "Bitmap Heap Scan", "Parent Relationship": "Inner", "Relation Name": "cast_info", "Alias": "ci", "Startup Cost": 0.51, "Total Cost": 4.61, "Plan Rows": 1, "Plan Width": 12, "Recheck Cond": "(movie_id = mc.movie_id)", "Filter": "(((note)::text ~~ '%(voice)%'::text) AND ((note)::text ~~ '%(uncredited)%'::text))", "Plans": [{"Node Type": "Bitmap Index Scan", "Parent Relationship": "Outer", "Index Name": "movie_id_cast_info", "Startup Cost": 0.0, "Total Cost": 0.51, "Plan Rows": 6, "Plan Width": 0, "Index Cond": "(movie_id = mc.movie_id)"}]}]}]}]}, {"Node Type": "Bitmap Heap Scan", "Parent Relationship": "Inner", "Relation Name": "char_name", "Alias": "chn", "Startup Cost": 2.3, "Total Cost": 6.31, "Plan Rows": 1, "Plan Width": 20, "Recheck Cond": "(id = ci.person_role_id)", "Plans": [{"Node Type": "Bitmap Index Scan", "Parent Relationship": "Outer", "Index Name": "char_name_pkey", "Startup Cost": 0.0, "Total Cost": 2.3, "Plan Rows": 1, "Plan Width": 0, "Index Cond": "(id = ci.person_role_id)"}]}]}]}, {"Node Type": "Sort", "Parent Relationship": "Inner", "Startup Cost": 1.05, "Total Cost": 1.06, "Plan Rows": 3, "Plan Width": 4, "Sort Key": ["ct.id"], "Plans": [{"Node Type": "Seq Scan", "Parent Relationship": "Outer", "Relation Name": "company_type", "Alias": "ct", "Startup Cost": 0.0, "Total Cost": 1.03, "Plan Rows": 3, "Plan Width": 4}]}]}, {"Node Type": "Bitmap Heap Scan", "Parent Relationship": "Inner", "Relation Name": "title", "Alias": "t", "Startup Cost": 0.27, "Total Cost": 4.29, "Plan Rows": 1, "Plan Width": 21, "Recheck Cond": "(id = mc.movie_id)", "Filter": "(production_year > 2005)", "Plans": [{"Node Type": "Bitmap Index Scan", "Parent Relationship": "Outer", "Index Name": "title_pkey", "Startup Cost": 0.0, "Total Cost": 0.27, "Plan Rows": 1, "Plan Width": 0, "Index Cond": "(id = mc.movie_id)"}]}]}]}, "Unique SQL Id": 2933943827, "Planner Runtime": 22}, "explain_analyze_plan": {"Plan": {"Node Type": "Aggregate", "Strategy": "Plain", "Startup Cost": 38344.14, "Total Cost": 38344.15, "Plan Rows": 1, "Plan Width": 97, "Actual Startup Time": 1095.783, "Actual Total Time": 1095.783, "Actual Rows": 1, "Actual Loops": 1, "Plans": [{"Node Type": "Nested Loop", "Parent Relationship": "Outer", "Join Type": "Inner", "Startup Cost": 38331.45, "Total Cost": 38344.12, "Plan Rows": 4, "Plan Width": 33, "Actual Startup Time": 1095.415, "Actual Total Time": 1095.748, "Actual Rows": 18, "Actual Loops": 1, "Inner Unique": true, "Plans": [{"Node Type": "Merge Join", "Parent Relationship": "Outer", "Join Type": "Inner", "Startup Cost": 38331.17, "Total Cost": 38331.23, "Plan Rows": 3, "Plan Width": 24, "Actual Startup Time": 1095.379, "Actual Total Time": 1095.403, "Actual Rows": 42, "Actual Loops": 1, "Inner Unique": true, "Merge Cond": "(mc.company_type_id = ct.id)", "Plans": [{"Node Type": "Sort", "Parent Relationship": "Outer", "Startup Cost": 38330.11, "Total Cost": 38330.12, "Plan Rows": 3, "Plan Width": 28, "Actual Startup Time": 1095.294, "Actual Total Time": 1095.321, "Actual Rows": 265, "Actual Loops": 1, "Sort Key": ["mc.company_type_id"], "Sort Method": "quicksort", "Sort Space Used": 50, "Sort Space Type": "Memory", "Plans": [{"Node Type": "Nested Loop", "Parent Relationship": "Outer", "Join Type": "Inner", "Startup Cost": 38294.05, "Total Cost": 38330.09, "Plan Rows": 3, "Plan Width": 28, "Actual Startup Time": 1092.813, "Actual Total Time": 1095.129, "Actual Rows": 265, "Actual Loops": 1, "Inner Unique": true, "Plans": [{"Node Type": "Merge Join", "Parent Relationship": "Outer", "Join Type": "Inner", "Startup Cost": 38291.75, "Total Cost": 38292.16, "Plan Rows": 6, "Plan Width": 16, "Actual Startup Time": 1092.779, "Actual Total Time": 1092.914, "Actual Rows": 275, "Actual Loops": 1, "Inner Unique": false, "Merge Cond": "(rt.id = ci.role_id)", "Plans": [{"Node Type": "Sort", "Parent Relationship": "Outer", "Startup Cost": 1.16, "Total Cost": 1.16, "Plan Rows": 1, "Plan Width": 4, "Actual Startup Time": 0.051, "Actual Total Time": 0.051, "Actual Rows": 1, "Actual Loops": 1, "Sort Key": ["rt.id"], "Sort Method": "quicksort", "Sort Space Used": 25, "Sort Space Type": "Memory", "Plans": [{"Node Type": "Seq Scan", "Parent Relationship": "Outer", "Relation Name": "role_type", "Alias": "rt", "Startup Cost": 0.0, "Total Cost": 1.15, "Plan Rows": 1, "Plan Width": 4, "Actual Startup Time": 0.027, "Actual Total Time": 0.032, "Actual Rows": 1, "Actual Loops": 1, "Filter": "((role)::text = 'actor'::text)", "Rows Removed by Filter": 11}]}, {"Node Type": "Sort", "Parent Relationship": "Inner", "Startup Cost": 38290.59, "Total Cost": 38290.76, "Plan Rows": 68, "Plan Width": 20, "Actual Startup Time": 1092.72, "Actual Total Time": 1092.763, "Actual Rows": 276, "Actual Loops": 1, "Sort Key": ["ci.role_id"], "Sort Method": "quicksort", "Sort Space Used": 60, "Sort Space Type": "Memory", "Plans": [{"Node Type": "Nested Loop", "Parent Relationship": "Outer", "Join Type": "Inner", "Startup Cost": 4.83, "Total Cost": 38288.52, "Plan Rows": 68, "Plan Width": 20, "Actual Startup Time": 0.958, "Actual Total Time": 1092.299, "Actual Rows": 377, "Actual Loops": 1, "Inner Unique": false, "Plans": [{"Node Type": "Nested Loop", "Parent Relationship": "Outer", "Join Type": "Inner", "Startup Cost": 4.32, "Total Cost": 20813.55, "Plan Rows": 3779, "Plan Width": 8, "Actual Startup Time": 0.071, "Actual Total Time": 116.063, "Actual Rows": 8790, "Actual Loops": 1, "Inner Unique": false, "Plans": [{"Node Type": "Seq Scan", "Parent Relationship": "Outer", "Relation Name": "company_name", "Alias": "cn", "Startup Cost": 0.0, "Total Cost": 5903.45, "Plan Rows": 251, "Plan Width": 4, "Actual Startup Time": 0.034, "Actual Total Time": 83.605, "Actual Rows": 1361, "Actual Loops": 1, "Filter": "((country_code)::text = '[ru]'::text)", "Rows Removed by Filter": 233635}, {"Node Type": "Bitmap Heap Scan", "Parent Relationship": "Inner", "Relation Name": "movie_companies", "Alias": "mc", "Startup Cost": 4.32, "Total Cost": 59.25, "Plan Rows": 15, "Plan Width": 12, "Actual Startup Time": 13.964, "Actual Total Time": 27.922, "Actual Rows": 8790, "Actual Loops": 1361, "Recheck Cond": "(company_id = cn.id)", "Rows Removed by Index Recheck": 0, "Exact Heap Blocks": 7155, "Lossy Heap Blocks": 7155, "Plans": [{"Node Type": "Bitmap Index Scan", "Parent Relationship": "Outer", "Index Name": "company_id_movie_companies", "Startup Cost": 0.0, "Total Cost": 4.31, "Plan Rows": 15, "Plan Width": 0, "Actual Startup Time": 8.849, "Actual Total Time": 8.849, "Actual Rows": 8790, "Actual Loops": 1361, "Index Cond": "(company_id = cn.id)"}]}]}, {"Node Type": "Bitmap Heap Scan", "Parent Relationship": "Inner", "Relation Name": "cast_info", "Alias": "ci", "Startup Cost": 0.51, "Total Cost": 4.61, "Plan Rows": 1, "Plan Width": 12, "Actual Startup Time": 910.34, "Actual Total Time": 960.763, "Actual Rows": 377, "Actual Loops": 8790, "Recheck Cond": "(movie_id = mc.movie_id)", "Rows Removed by Index Recheck": 0, "Filter": "(((note)::text ~~ '%(voice)%'::text) AND ((note)::text ~~ '%(uncredited)%'::text))", "Rows Removed by Filter": 408168, "Exact Heap Blocks": 397651, "Lossy Heap Blocks": 397651, "Plans": [{"Node Type": "Bitmap Index Scan", "Parent Relationship": "Outer", "Index Name": "movie_id_cast_info", "Startup Cost": 0.0, "Total Cost": 0.51, "Plan Rows": 6, "Plan Width": 0, "Actual Startup Time": 124.346, "Actual Total Time": 124.346, "Actual Rows": 408545, "Actual Loops": 8790, "Index Cond": "(movie_id = mc.movie_id)"}]}]}]}]}, {"Node Type": "Bitmap Heap Scan", "Parent Relationship": "Inner", "Relation Name": "char_name", "Alias": "chn", "Startup Cost": 2.3, "Total Cost": 6.31, "Plan Rows": 1, "Plan Width": 20, "Actual Startup Time": 1.839, "Actual Total Time": 1.839, "Actual Rows": 265, "Actual Loops": 275, "Recheck Cond": "(id = ci.person_role_id)", "Rows Removed by Index Recheck": 0, "Exact Heap Blocks": 265, "Lossy Heap Blocks": 265, "Plans": [{"Node Type": "Bitmap Index Scan", "Parent Relationship": "Outer", "Index Name": "char_name_pkey", "Startup Cost": 0.0, "Total Cost": 2.3, "Plan Rows": 1, "Plan Width": 0, "Actual Startup Time": 1.197, "Actual Total Time": 1.197, "Actual Rows": 265, "Actual Loops": 275, "Index Cond": "(id = ci.person_role_id)"}]}]}]}, {"Node Type": "Sort", "Parent Relationship": "Inner", "Startup Cost": 1.05, "Total Cost": 1.06, "Plan Rows": 3, "Plan Width": 4, "Actual Startup Time": 0.026, "Actual Total Time": 0.026, "Actual Rows": 1, "Actual Loops": 1, "Sort Key": ["ct.id"], "Sort Method": "quicksort", "Sort Space Used": 25, "Sort Space Type": "Memory", "Plans": [{"Node Type": "Seq Scan", "Parent Relationship": "Outer", "Relation Name": "company_type", "Alias": "ct", "Startup Cost": 0.0, "Total Cost": 1.03, "Plan Rows": 3, "Plan Width": 4, "Actual Startup Time": 0.007, "Actual Total Time": 0.009, "Actual Rows": 3, "Actual Loops": 1}]}]}, {"Node Type": "Bitmap Heap Scan", "Parent Relationship": "Inner", "Relation Name": "title", "Alias": "t", "Startup Cost": 0.27, "Total Cost": 4.29, "Plan Rows": 1, "Plan Width": 21, "Actual Startup Time": 0.283, "Actual Total Time": 0.283, "Actual Rows": 18, "Actual Loops": 42, "Recheck Cond": "(id = mc.movie_id)", "Rows Removed by Index Recheck": 0, "Filter": "(production_year > 2005)", "Rows Removed by Filter": 24, "Exact Heap Blocks": 42, "Lossy Heap Blocks": 42, "Plans": [{"Node Type": "Bitmap Index Scan", "Parent Relationship": "Outer", "Index Name": "title_pkey", "Startup Cost": 0.0, "Total Cost": 0.27, "Plan Rows": 1, "Plan Width": 0, "Actual Startup Time": 0.176, "Actual Total Time": 0.176, "Actual Rows": 42, "Actual Loops": 42, "Index Cond": "(id = mc.movie_id)"}]}]}]}, "Triggers": [], "Planner Runtime": 22, "Total Runtime": 1096.146, "Unique SQL Id": 2933943827}}, "(16, 83)": {"explain_plan": {"Plan": {"Node Type": "Aggregate", "Strategy": "Plain", "Startup Cost": 41418.46, "Total Cost": 41418.47, "Plan Rows": 1, "Plan Width": 97, "Plans": [{"Node Type": "Nested Loop", "Parent Relationship": "Outer", "Join Type": "Inner", "Startup Cost": 2787.21, "Total Cost": 41418.45, "Plan Rows": 2, "Plan Width": 33, "Inner Unique": true, "Plans": [{"Node Type": "Nested Loop", "Parent Relationship": "Outer", "Join Type": "Inner", "Startup Cost": 2786.95, "Total Cost": 41409.89, "Plan Rows": 2, "Plan Width": 37, "Inner Unique": true, "Plans": [{"Node Type": "Nested Loop", "Parent Relationship": "Outer", "Join Type": "Inner", "Startup Cost": 2786.68, "Total Cost": 41397.0, "Plan Rows": 3, "Plan Width": 28, "Inner Unique": true, "Plans": [{"Node Type": "Nested Loop", "Parent Relationship": "Outer", "Join Type": "Inner", "Startup Cost": 2784.38, "Total Cost": 41359.07, "Plan Rows": 6, "Plan Width": 16, "Inner Unique": true, "Plans": [{"Node Type": "Nested Loop", "Parent Relationship": "Outer", "Join Type": "Inner", "Startup Cost": 2784.12, "Total Cost": 41067.82, "Plan Rows": 68, "Plan Width": 20, "Inner Unique": false, "Plans": [{"Node Type": "Nested Loop", "Parent Relationship": "Outer", "Join Type": "Inner", "Startup Cost": 2783.61, "Total Cost": 23592.84, "Plan Rows": 3779, "Plan Width": 8, "Inner Unique": false, "Plans": [{"Node Type": "Bitmap Heap Scan", "Parent Relationship": "Outer", "Relation Name": "company_name", "Alias": "cn", "Startup Cost": 2779.29, "Total Cost": 8682.74, "Plan Rows": 251, "Plan Width": 4, "Filter": "((country_code)::text = '[ru]'::text)", "Plans": [{"Node Type": "Bitmap Index Scan", "Parent Relationship": "Outer", "Index Name": "company_name_pkey", "Startup Cost": 0.0, "Total Cost": 2779.23, "Plan Rows": 234996, "Plan Width": 0}]}, {"Node Type": "Bitmap Heap Scan", "Parent Relationship": "Inner", "Relation Name": "movie_companies", "Alias": "mc", "Startup Cost": 4.32, "Total Cost": 59.25, "Plan Rows": 15, "Plan Width": 12, "Recheck Cond": "(company_id = cn.id)", "Plans": [{"Node Type": "Bitmap Index Scan", "Parent Relationship": "Outer", "Index Name": "company_id_movie_companies", "Startup Cost": 0.0, "Total Cost": 4.31, "Plan Rows": 15, "Plan Width": 0, "Index Cond": "(company_id = cn.id)"}]}]}, {"Node Type": "Bitmap Heap Scan", "Parent Relationship": "Inner", "Relation Name": "cast_info", "Alias": "ci", "Startup Cost": 0.51, "Total Cost": 4.61, "Plan Rows": 1, "Plan Width": 12, "Recheck Cond": "(movie_id = mc.movie_id)", "Filter": "(((note)::text ~~ '%(voice)%'::text) AND ((note)::text ~~ '%(uncredited)%'::text))", "Plans": [{"Node Type": "Bitmap Index Scan", "Parent Relationship": "Outer", "Index Name": "movie_id_cast_info", "Startup Cost": 0.0, "Total Cost": 0.51, "Plan Rows": 6, "Plan Width": 0, "Index Cond": "(movie_id = mc.movie_id)"}]}]}, {"Node Type": "Bitmap Heap Scan", "Parent Relationship": "Inner", "Relation Name": "role_type", "Alias": "rt", "Startup Cost": 0.26, "Total Cost": 4.27, "Plan Rows": 1, "Plan Width": 4, "Recheck Cond": "(id = ci.role_id)", "Filter": "((role)::text = 'actor'::text)", "Plans": [{"Node Type": "Bitmap Index Scan", "Parent Relationship": "Outer", "Index Name": "role_type_pkey", "Startup Cost": 0.0, "Total Cost": 0.26, "Plan Rows": 1, "Plan Width": 0, "Index Cond": "(id = ci.role_id)"}]}]}, {"Node Type": "Bitmap Heap Scan", "Parent Relationship": "Inner", "Relation Name": "char_name", "Alias": "chn", "Startup Cost": 2.3, "Total Cost": 6.31, "Plan Rows": 1, "Plan Width": 20, "Recheck Cond": "(id = ci.person_role_id)", "Plans": [{"Node Type": "Bitmap Index Scan", "Parent Relationship": "Outer", "Index Name": "char_name_pkey", "Startup Cost": 0.0, "Total Cost": 2.3, "Plan Rows": 1, "Plan Width": 0, "Index Cond": "(id = ci.person_role_id)"}]}]}, {"Node Type": "Bitmap Heap Scan", "Parent Relationship": "Inner", "Relation Name": "title", "Alias": "t", "Startup Cost": 0.27, "Total Cost": 4.29, "Plan Rows": 1, "Plan Width": 21, "Recheck Cond": "(id = mc.movie_id)", "Filter": "(production_year > 2005)", "Plans": [{"Node Type": "Bitmap Index Scan", "Parent Relationship": "Outer", "Index Name": "title_pkey", "Startup Cost": 0.0, "Total Cost": 0.27, "Plan Rows": 1, "Plan Width": 0, "Index Cond": "(id = mc.movie_id)"}]}]}, {"Node Type": "Bitmap Heap Scan", "Parent Relationship": "Inner", "Relation Name": "company_type", "Alias": "ct", "Startup Cost": 0.26, "Total Cost": 4.27, "Plan Rows": 1, "Plan Width": 4, "Recheck Cond": "(id = mc.company_type_id)", "Plans": [{"Node Type": "Bitmap Index Scan", "Parent Relationship": "Outer", "Index Name": "company_type_pkey", "Startup Cost": 0.0, "Total Cost": 0.26, "Plan Rows": 1, "Plan Width": 0, "Index Cond": "(id = mc.company_type_id)"}]}]}]}, "Unique SQL Id": 2933943827, "Planner Runtime": 16}, "explain_analyze_plan": {"Plan": {"Node Type": "Aggregate", "Strategy": "Plain", "Startup Cost": 41418.46, "Total Cost": 41418.47, "Plan Rows": 1, "Plan Width": 97, "Actual Startup Time": 1197.675, "Actual Total Time": 1197.675, "Actual Rows": 1, "Actual Loops": 1, "Plans": [{"Node Type": "Nested Loop", "Parent Relationship": "Outer", "Join Type": "Inner", "Startup Cost": 2787.21, "Total Cost": 41418.45, "Plan Rows": 2, "Plan Width": 33, "Actual Startup Time": 99.205, "Actual Total Time": 1197.571, "Actual Rows": 18, "Actual Loops": 1, "Inner Unique": true, "Plans": [{"Node Type": "Nested Loop", "Parent Relationship": "Outer", "Join Type": "Inner", "Startup Cost": 2786.95, "Total Cost": 41409.89, "Plan Rows": 2, "Plan Width": 37, "Actual Startup Time": 42.334, "Actual Total Time": 1197.028, "Actual Rows": 104, "Actual Loops": 1, "Inner Unique": true, "Plans": [{"Node Type": "Nested Loop", "Parent Relationship": "Outer", "Join Type": "Inner", "Startup Cost": 2786.68, "Total Cost": 41397.0, "Plan Rows": 3, "Plan Width": 28, "Actual Startup Time": 27.449, "Actual Total Time": 1194.263, "Actual Rows": 265, "Actual Loops": 1, "Inner Unique": true, "Plans": [{"Node Type": "Nested Loop", "Parent Relationship": "Outer", "Join Type": "Inner", "Startup Cost": 2784.38, "Total Cost": 41359.07, "Plan Rows": 6, "Plan Width": 16, "Actual Startup Time": 27.428, "Actual Total Time": 1191.216, "Actual Rows": 275, "Actual Loops": 1, "Inner Unique": true, "Plans": [{"Node Type": "Nested Loop", "Parent Relationship": "Outer", "Join Type": "Inner", "Startup Cost": 2784.12, "Total Cost": 41067.82, "Plan Rows": 68, "Plan Width": 20, "Actual Startup Time": 27.408, "Actual Total Time": 1188.638, "Actual Rows": 377, "Actual Loops": 1, "Inner Unique": false, "Plans": [{"Node Type": "Nested Loop", "Parent Relationship": "Outer", "Join Type": "Inner", "Startup Cost": 2783.61, "Total Cost": 23592.84, "Plan Rows": 3779, "Plan Width": 8, "Actual Startup Time": 26.16, "Actual Total Time": 182.006, "Actual Rows": 8790, "Actual Loops": 1, "Inner Unique": false, "Plans": [{"Node Type": "Bitmap Heap Scan", "Parent Relationship": "Outer", "Relation Name": "company_name", "Alias": "cn", "Startup Cost": 2779.29, "Total Cost": 8682.74, "Plan Rows": 251, "Plan Width": 4, "Actual Startup Time": 26.111, "Actual Total Time": 148.164, "Actual Rows": 1361, "Actual Loops": 1, "Filter": "((country_code)::text = '[ru]'::text)", "Rows Removed by Filter": 233635, "Exact Heap Blocks": 2966, "Lossy Heap Blocks": 2966, "Plans": [{"Node Type": "Bitmap Index Scan", "Parent Relationship": "Outer", "Index Name": "company_name_pkey", "Startup Cost": 0.0, "Total Cost": 2779.23, "Plan Rows": 234996, "Plan Width": 0, "Actual Startup Time": 25.617, "Actual Total Time": 25.617, "Actual Rows": 234996, "Actual Loops": 1}]}, {"Node Type": "Bitmap Heap Scan", "Parent Relationship": "Inner", "Relation Name": "movie_companies", "Alias": "mc", "Startup Cost": 4.32, "Total Cost": 59.25, "Plan Rows": 15, "Plan Width": 12, "Actual Startup Time": 14.449, "Actual Total Time": 29.008, "Actual Rows": 8790, "Actual Loops": 1361, "Recheck Cond": "(company_id = cn.id)", "Rows Removed by Index Recheck": 0, "Exact Heap Blocks": 7155, "Lossy Heap Blocks": 7155, "Plans": [{"Node Type": "Bitmap Index Scan", "Parent Relationship": "Outer", "Index Name": "company_id_movie_companies", "Startup Cost": 0.0, "Total Cost": 4.31, "Plan Rows": 15, "Plan Width": 0, "Actual Startup Time": 9.127, "Actual Total Time": 9.127, "Actual Rows": 8790, "Actual Loops": 1361, "Index Cond": "(company_id = cn.id)"}]}]}, {"Node Type": "Bitmap Heap Scan", "Parent Relationship": "Inner", "Relation Name": "cast_info", "Alias": "ci", "Startup Cost": 0.51, "Total Cost": 4.61, "Plan Rows": 1, "Plan Width": 12, "Actual Startup Time": 938.519, "Actual Total Time": 990.4, "Actual Rows": 377, "Actual Loops": 8790, "Recheck Cond": "(movie_id = mc.movie_id)", "Rows Removed by Index Recheck": 0, "Filter": "(((note)::text ~~ '%(voice)%'::text) AND ((note)::text ~~ '%(uncredited)%'::text))", "Rows Removed by Filter": 408168, "Exact Heap Blocks": 397651, "Lossy Heap Blocks": 397651, "Plans": [{"Node Type": "Bitmap Index Scan", "Parent Relationship": "Outer", "Index Name": "movie_id_cast_info", "Startup Cost": 0.0, "Total Cost": 0.51, "Plan Rows": 6, "Plan Width": 0, "Actual Startup Time": 127.518, "Actual Total Time": 127.518, "Actual Rows": 408545, "Actual Loops": 8790, "Index Cond": "(movie_id = mc.movie_id)"}]}]}, {"Node Type": "Bitmap Heap Scan", "Parent Relationship": "Inner", "Relation Name": "role_type", "Alias": "rt", "Startup Cost": 0.26, "Total Cost": 4.27, "Plan Rows": 1, "Plan Width": 4, "Actual Startup Time": 1.696, "Actual Total Time": 1.696, "Actual Rows": 275, "Actual Loops": 377, "Recheck Cond": "(id = ci.role_id)", "Rows Removed by Index Recheck": 0, "Filter": "((role)::text = 'actor'::text)", "Rows Removed by Filter": 102, "Exact Heap Blocks": 377, "Lossy Heap Blocks": 377, "Plans": [{"Node Type": "Bitmap Index Scan", "Parent Relationship": "Outer", "Index Name": "role_type_pkey", "Startup Cost": 0.0, "Total Cost": 0.26, "Plan Rows": 1, "Plan Width": 0, "Actual Startup Time": 0.653, "Actual Total Time": 0.653, "Actual Rows": 377, "Actual Loops": 377, "Index Cond": "(id = ci.role_id)"}]}]}, {"Node Type": "Bitmap Heap Scan", "Parent Relationship": "Inner", "Relation Name": "char_name", "Alias": "chn", "Startup Cost": 2.3, "Total Cost": 6.31, "Plan Rows": 1, "Plan Width": 20, "Actual Startup Time": 2.327, "Actual Total Time": 2.327, "Actual Rows": 265, "Actual Loops": 275, "Recheck Cond": "(id = ci.person_role_id)", "Rows Removed by Index Recheck": 0, "Exact Heap Blocks": 265, "Lossy Heap Blocks": 265, "Plans": [{"Node Type": "Bitmap Index Scan", "Parent Relationship": "Outer", "Index Name": "char_name_pkey", "Startup Cost": 0.0, "Total Cost": 2.3, "Plan Rows": 1, "Plan Width": 0, "Actual Startup Time": 1.574, "Actual Total Time": 1.574, "Actual Rows": 265, "Actual Loops": 275, "Index Cond": "(id = ci.person_role_id)"}]}]}, {"Node Type": "Bitmap Heap Scan", "Parent Relationship": "Inner", "Relation Name": "title", "Alias": "t", "Startup Cost": 0.27, "Total Cost": 4.29, "Plan Rows": 1, "Plan Width": 21, "Actual Startup Time": 2.169, "Actual Total Time": 2.169, "Actual Rows": 104, "Actual Loops": 265, "Recheck Cond": "(id = mc.movie_id)", "Rows Removed by Index Recheck": 0, "Filter": "(production_year > 2005)", "Rows Removed by Filter": 161, "Exact Heap Blocks": 265, "Lossy Heap Blocks": 265, "Plans": [{"Node Type": "Bitmap Index Scan", "Parent Relationship": "Outer", "Index Name": "title_pkey", "Startup Cost": 0.0, "Total Cost": 0.27, "Plan Rows": 1, "Plan Width": 0, "Actual Startup Time": 1.333, "Actual Total Time": 1.333, "Actual Rows": 265, "Actual Loops": 265, "Index Cond": "(id = mc.movie_id)"}]}]}, {"Node Type": "Bitmap Heap Scan", "Parent Relationship": "Inner", "Relation Name": "company_type", "Alias": "ct", "Startup Cost": 0.26, "Total Cost": 4.27, "Plan Rows": 1, "Plan Width": 4, "Actual Startup Time": 0.281, "Actual Total Time": 0.281, "Actual Rows": 18, "Actual Loops": 104, "Recheck Cond": "(id = mc.company_type_id)", "Rows Removed by Index Recheck": 0, "Exact Heap Blocks": 18, "Lossy Heap Blocks": 18, "Plans": [{"Node Type": "Bitmap Index Scan", "Parent Relationship": "Outer", "Index Name": "company_type_pkey", "Startup Cost": 0.0, "Total Cost": 0.26, "Plan Rows": 1, "Plan Width": 0, "Actual Startup Time": 0.155, "Actual Total Time": 0.155, "Actual Rows": 18, "Actual Loops": 104, "Index Cond": "(id = mc.company_type_id)"}]}]}]}, "Triggers": [], "Planner Runtime": 6, "Total Runtime": 1198.112, "Unique SQL Id": 2933943827}}, "(16, 84)": {"explain_plan": {"Plan": {"Node Type": "Aggregate", "Strategy": "Plain", "Startup Cost": 19914.67, "Total Cost": 19914.68, "Plan Rows": 1, "Plan Width": 97, "Plans": [{"Node Type": "Nested Loop", "Parent Relationship": "Outer", "Join Type": "Inner", "Startup Cost": 0.0, "Total Cost": 19914.66, "Plan Rows": 2, "Plan Width": 33, "Inner Unique": true, "Plans": [{"Node Type": "Nested Loop", "Parent Relationship": "Outer", "Join Type": "Inner", "Startup Cost": 0.0, "Total Cost": 19914.1, "Plan Rows": 2, "Plan Width": 37, "Inner Unique": true, "Plans": [{"Node Type": "Nested Loop", "Parent Relationship": "Outer", "Join Type": "Inner", "Startup Cost": 0.0, "Total Cost": 19887.22, "Plan Rows": 5, "Plan Width": 25, "Inner Unique": true, "Plans": [{"Node Type": "Nested Loop", "Parent Relationship": "Outer", "Join Type": "Inner", "Startup Cost": 0.0, "Total Cost": 19885.12, "Plan Rows": 6, "Plan Width": 16, "Inner Unique": true, "Plans": [{"Node Type": "Nested Loop", "Parent Relationship": "Outer", "Join Type": "Inner", "Startup Cost": 0.0, "Total Cost": 19865.87, "Plan Rows": 68, "Plan Width": 20, "Inner Unique": false, "Plans": [{"Node Type": "Nested Loop", "Parent Relationship": "Outer", "Join Type": "Inner", "Startup Cost": 0.0, "Total Cost": 16121.55, "Plan Rows": 3779, "Plan Width": 8, "Inner Unique": false, "Plans": [{"Node Type": "Seq Scan", "Parent Relationship": "Outer", "Relation Name": "company_name", "Alias": "cn", "Startup Cost": 0.0, "Total Cost": 5903.45, "Plan Rows": 251, "Plan Width": 4, "Filter": "((country_code)::text = '[ru]'::text)"}, {"Node Type": "Index Scan", "Parent Relationship": "Inner", "Scan Direction": "Forward", "Index Name": "company_id_movie_companies", "Relation Name": "movie_companies", "Alias": "mc", "Startup Cost": 0.0, "Total Cost": 40.56, "Plan Rows": 15, "Plan Width": 12, "Index Cond": "(company_id = cn.id)"}]}, {"Node Type": "Index Scan", "Parent Relationship": "Inner", "Scan Direction": "Forward", "Index Name": "movie_id_cast_info", "Relation Name": "cast_info", "Alias": "ci", "Startup Cost": 0.0, "Total Cost": 0.98, "Plan Rows": 1, "Plan Width": 12, "Index Cond": "(movie_id = mc.movie_id)", "Filter": "(((note)::text ~~ '%(voice)%'::text) AND ((note)::text ~~ '%(uncredited)%'::text))"}]}, {"Node Type": "Index Scan", "Parent Relationship": "Inner", "Scan Direction": "Forward", "Index Name": "role_type_pkey", "Relation Name": "role_type", "Alias": "rt", "Startup Cost": 0.0, "Total Cost": 0.27, "Plan Rows": 1, "Plan Width": 4, "Index Cond": "(id = ci.role_id)", "Filter": "((role)::text = 'actor'::text)"}]}, {"Node Type": "Index Scan", "Parent Relationship": "Inner", "Scan Direction": "Forward", "Index Name": "title_pkey", "Relation Name": "title", "Alias": "t", "Startup Cost": 0.0, "Total Cost": 0.34, "Plan Rows": 1, "Plan Width": 21, "Index Cond": "(id = mc.movie_id)", "Filter": "(production_year > 2005)"}]}, {"Node Type": "Index Scan", "Parent Relationship": "Inner", "Scan Direction": "Forward", "Index Name": "char_name_pkey", "Relation Name": "char_name", "Alias": "chn", "Startup Cost": 0.0, "Total Cost": 5.37, "Plan Rows": 1, "Plan Width": 20, "Index Cond": "(id = ci.person_role_id)"}]}, {"Node Type": "Index Scan", "Parent Relationship": "Inner", "Scan Direction": "Forward", "Index Name": "company_type_pkey", "Relation Name": "company_type", "Alias": "ct", "Startup Cost": 0.0, "Total Cost": 0.27, "Plan Rows": 1, "Plan Width": 4, "Index Cond": "(id = mc.company_type_id)"}]}]}, "Unique SQL Id": 2933943827, "Planner Runtime": 13}, "explain_analyze_plan": {"Plan": {"Node Type": "Aggregate", "Strategy": "Plain", "Startup Cost": 19914.67, "Total Cost": 19914.68, "Plan Rows": 1, "Plan Width": 97, "Actual Startup Time": 1049.012, "Actual Total Time": 1049.013, "Actual Rows": 1, "Actual Loops": 1, "Plans": [{"Node Type": "Nested Loop", "Parent Relationship": "Outer", "Join Type": "Inner", "Startup Cost": 0.0, "Total Cost": 19914.66, "Plan Rows": 2, "Plan Width": 33, "Actual Startup Time": 61.791, "Actual Total Time": 1048.935, "Actual Rows": 18, "Actual Loops": 1, "Inner Unique": true, "Plans": [{"Node Type": "Nested Loop", "Parent Relationship": "Outer", "Join Type": "Inner", "Startup Cost": 0.0, "Total Cost": 19914.1, "Plan Rows": 2, "Plan Width": 37, "Actual Startup Time": 12.193, "Actual Total Time": 1048.635, "Actual Rows": 104, "Actual Loops": 1, "Inner Unique": true, "Plans": [{"Node Type": "Nested Loop", "Parent Relationship": "Outer", "Join Type": "Inner", "Startup Cost": 0.0, "Total Cost": 19887.22, "Plan Rows": 5, "Plan Width": 25, "Actual Startup Time": 12.178, "Actual Total Time": 1047.415, "Actual Rows": 112, "Actual Loops": 1, "Inner Unique": true, "Plans": [{"Node Type": "Nested Loop", "Parent Relationship": "Outer", "Join Type": "Inner", "Startup Cost": 0.0, "Total Cost": 19885.12, "Plan Rows": 6, "Plan Width": 16, "Actual Startup Time": 0.857, "Actual Total Time": 1044.904, "Actual Rows": 275, "Actual Loops": 1, "Inner Unique": true, "Plans": [{"Node Type": "Nested Loop", "Parent Relationship": "Outer", "Join Type": "Inner", "Startup Cost": 0.0, "Total Cost": 19865.87, "Plan Rows": 68, "Plan Width": 20, "Actual Startup Time": 0.85, "Actual Total Time": 1043.36, "Actual Rows": 377, "Actual Loops": 1, "Inner Unique": false, "Plans": [{"Node Type": "Nested Loop", "Parent Relationship": "Outer", "Join Type": "Inner", "Startup Cost": 0.0, "Total Cost": 16121.55, "Plan Rows": 3779, "Plan Width": 8, "Actual Startup Time": 0.063, "Actual Total Time": 114.567, "Actual Rows": 8790, "Actual Loops": 1, "Inner Unique": false, "Plans": [{"Node Type": "Seq Scan", "Parent Relationship": "Outer", "Relation Name": "company_name", "Alias": "cn", "Startup Cost": 0.0, "Total Cost": 5903.45, "Plan Rows": 251, "Plan Width": 4, "Actual Startup Time": 0.043, "Actual Total Time": 85.276, "Actual Rows": 1361, "Actual Loops": 1, "Filter": "((country_code)::text = '[ru]'::text)", "Rows Removed by Filter": 233635}, {"Node Type": "Index Scan", "Parent Relationship": "Inner", "Scan Direction": "Forward", "Index Name": "company_id_movie_companies", "Relation Name": "movie_companies", "Alias": "mc", "Startup Cost": 0.0, "Total Cost": 40.56, "Plan Rows": 15, "Plan Width": 12, "Actual Startup Time": 10.893, "Actual Total Time": 26.153, "Actual Rows": 8790, "Actual Loops": 1361, "Index Cond": "(company_id = cn.id)", "Rows Removed by Index Recheck": 0}]}, {"Node Type": "Index Scan", "Parent Relationship": "Inner", "Scan Direction": "Forward", "Index Name": "movie_id_cast_info", "Relation Name": "cast_info", "Alias": "ci", "Startup Cost": 0.0, "Total Cost": 0.98, "Plan Rows": 1, "Plan Width": 12, "Actual Startup Time": 868.943, "Actual Total Time": 923.495, "Actual Rows": 377, "Actual Loops": 8790, "Index Cond": "(movie_id = mc.movie_id)", "Rows Removed by Index Recheck": 0, "Filter": "(((note)::text ~~ '%(voice)%'::text) AND ((note)::text ~~ '%(uncredited)%'::text))", "Rows Removed by Filter": 408168}]}, {"Node Type": "Index Scan", "Parent Relationship": "Inner", "Scan Direction": "Forward", "Index Name": "role_type_pkey", "Relation Name": "role_type", "Alias": "rt", "Startup Cost": 0.0, "Total Cost": 0.27, "Plan Rows": 1, "Plan Width": 4, "Actual Startup Time": 1.034, "Actual Total Time": 1.034, "Actual Rows": 275, "Actual Loops": 377, "Index Cond": "(id = ci.role_id)", "Rows Removed by Index Recheck": 0, "Filter": "((role)::text = 'actor'::text)", "Rows Removed by Filter": 102}]}, {"Node Type": "Index Scan", "Parent Relationship": "Inner", "Scan Direction": "Forward", "Index Name": "title_pkey", "Relation Name": "title", "Alias": "t", "Startup Cost": 0.0, "Total Cost": 0.34, "Plan Rows": 1, "Plan Width": 21, "Actual Startup Time": 2.161, "Actual Total Time": 2.161, "Actual Rows": 112, "Actual Loops": 275, "Index Cond": "(id = mc.movie_id)", "Rows Removed by Index Recheck": 0, "Filter": "(production_year > 2005)", "Rows Removed by Filter": 163}]}, {"Node Type": "Index Scan", "Parent Relationship": "Inner", "Scan Direction": "Forward", "Index Name": "char_name_pkey", "Relation Name": "char_name", "Alias": "chn", "Startup Cost": 0.0, "Total Cost": 5.37, "Plan Rows": 1, "Plan Width": 20, "Actual Startup Time": 0.966, "Actual Total Time": 0.966, "Actual Rows": 104, "Actual Loops": 112, "Index Cond": "(id = ci.person_role_id)", "Rows Removed by Index Recheck": 0}]}, {"Node Type": "Index Scan", "Parent Relationship": "Inner", "Scan Direction": "Forward", "Index Name": "company_type_pkey", "Relation Name": "company_type", "Alias": "ct", "Startup Cost": 0.0, "Total Cost": 0.27, "Plan Rows": 1, "Plan Width": 4, "Actual Startup Time": 0.153, "Actual Total Time": 0.153, "Actual Rows": 18, "Actual Loops": 104, "Index Cond": "(id = mc.company_type_id)", "Rows Removed by Index Recheck": 0}]}]}, "Triggers": [], "Planner Runtime": 21, "Total Runtime": 1049.37, "Unique SQL Id": 2933943827}}, "(16, 85)": {"explain_plan": {"Plan": {"Node Type": "Aggregate", "Strategy": "Plain", "Startup Cost": 22693.96, "Total Cost": 22693.97, "Plan Rows": 1, "Plan Width": 97, "Plans": [{"Node Type": "Nested Loop", "Parent Relationship": "Outer", "Join Type": "Inner", "Startup Cost": 2779.29, "Total Cost": 22693.95, "Plan Rows": 2, "Plan Width": 33, "Inner Unique": true, "Plans": [{"Node Type": "Nested Loop", "Parent Relationship": "Outer", "Join Type": "Inner", "Startup Cost": 2779.29, "Total Cost": 22693.39, "Plan Rows": 2, "Plan Width": 37, "Inner Unique": true, "Plans": [{"Node Type": "Nested Loop", "Parent Relationship": "Outer", "Join Type": "Inner", "Startup Cost": 2779.29, "Total Cost": 22666.51, "Plan Rows": 5, "Plan Width": 25, "Inner Unique": true, "Plans": [{"Node Type": "Nested Loop", "Parent Relationship": "Outer", "Join Type": "Inner", "Startup Cost": 2779.29, "Total Cost": 22664.41, "Plan Rows": 6, "Plan Width": 16, "Inner Unique": true, "Plans": [{"Node Type": "Nested Loop", "Parent Relationship": "Outer", "Join Type": "Inner", "Startup Cost": 2779.29, "Total Cost": 22645.16, "Plan Rows": 68, "Plan Width": 20, "Inner Unique": false, "Plans": [{"Node Type": "Nested Loop", "Parent Relationship": "Outer", "Join Type": "Inner", "Startup Cost": 2779.29, "Total Cost": 18900.84, "Plan Rows": 3779, "Plan Width": 8, "Inner Unique": false, "Plans": [{"Node Type": "Bitmap Heap Scan", "Parent Relationship": "Outer", "Relation Name": "company_name", "Alias": "cn", "Startup Cost": 2779.29, "Total Cost": 8682.74, "Plan Rows": 251, "Plan Width": 4, "Filter": "((country_code)::text = '[ru]'::text)", "Plans": [{"Node Type": "Bitmap Index Scan", "Parent Relationship": "Outer", "Index Name": "company_name_pkey", "Startup Cost": 0.0, "Total Cost": 2779.23, "Plan Rows": 234996, "Plan Width": 0}]}, {"Node Type": "Index Scan", "Parent Relationship": "Inner", "Scan Direction": "Forward", "Index Name": "company_id_movie_companies", "Relation Name": "movie_companies", "Alias": "mc", "Startup Cost": 0.0, "Total Cost": 40.56, "Plan Rows": 15, "Plan Width": 12, "Index Cond": "(company_id = cn.id)"}]}, {"Node Type": "Index Scan", "Parent Relationship": "Inner", "Scan Direction": "Forward", "Index Name": "movie_id_cast_info", "Relation Name": "cast_info", "Alias": "ci", "Startup Cost": 0.0, "Total Cost": 0.98, "Plan Rows": 1, "Plan Width": 12, "Index Cond": "(movie_id = mc.movie_id)", "Filter": "(((note)::text ~~ '%(voice)%'::text) AND ((note)::text ~~ '%(uncredited)%'::text))"}]}, {"Node Type": "Index Scan", "Parent Relationship": "Inner", "Scan Direction": "Forward", "Index Name": "role_type_pkey", "Relation Name": "role_type", "Alias": "rt", "Startup Cost": 0.0, "Total Cost": 0.27, "Plan Rows": 1, "Plan Width": 4, "Index Cond": "(id = ci.role_id)", "Filter": "((role)::text = 'actor'::text)"}]}, {"Node Type": "Index Scan", "Parent Relationship": "Inner", "Scan Direction": "Forward", "Index Name": "title_pkey", "Relation Name": "title", "Alias": "t", "Startup Cost": 0.0, "Total Cost": 0.34, "Plan Rows": 1, "Plan Width": 21, "Index Cond": "(id = mc.movie_id)", "Filter": "(production_year > 2005)"}]}, {"Node Type": "Index Scan", "Parent Relationship": "Inner", "Scan Direction": "Forward", "Index Name": "char_name_pkey", "Relation Name": "char_name", "Alias": "chn", "Startup Cost": 0.0, "Total Cost": 5.37, "Plan Rows": 1, "Plan Width": 20, "Index Cond": "(id = ci.person_role_id)"}]}, {"Node Type": "Index Scan", "Parent Relationship": "Inner", "Scan Direction": "Forward", "Index Name": "company_type_pkey", "Relation Name": "company_type", "Alias": "ct", "Startup Cost": 0.0, "Total Cost": 0.27, "Plan Rows": 1, "Plan Width": 4, "Index Cond": "(id = mc.company_type_id)"}]}]}, "Unique SQL Id": 2933943827, "Planner Runtime": 11}, "explain_analyze_plan": {"Plan": {"Node Type": "Aggregate", "Strategy": "Plain", "Startup Cost": 22693.96, "Total Cost": 22693.97, "Plan Rows": 1, "Plan Width": 97, "Actual Startup Time": 843.332, "Actual Total Time": 843.332, "Actual Rows": 1, "Actual Loops": 1, "Plans": [{"Node Type": "Nested Loop", "Parent Relationship": "Outer", "Join Type": "Inner", "Startup Cost": 2779.29, "Total Cost": 22693.95, "Plan Rows": 2, "Plan Width": 33, "Actual Startup Time": 84.915, "Actual Total Time": 843.226, "Actual Rows": 18, "Actual Loops": 1, "Inner Unique": true, "Plans": [{"Node Type": "Nested Loop", "Parent Relationship": "Outer", "Join Type": "Inner", "Startup Cost": 2779.29, "Total Cost": 22693.39, "Plan Rows": 2, "Plan Width": 37, "Actual Startup Time": 38.811, "Actual Total Time": 842.928, "Actual Rows": 104, "Actual Loops": 1, "Inner Unique": true, "Plans": [{"Node Type": "Nested Loop", "Parent Relationship": "Outer", "Join Type": "Inner", "Startup Cost": 2779.29, "Total Cost": 22666.51, "Plan Rows": 5, "Plan Width": 25, "Actual Startup Time": 38.796, "Actual Total Time": 842.002, "Actual Rows": 112, "Actual Loops": 1, "Inner Unique": true, "Plans": [{"Node Type": "Nested Loop", "Parent Relationship": "Outer", "Join Type": "Inner", "Startup Cost": 2779.29, "Total Cost": 22664.41, "Plan Rows": 6, "Plan Width": 16, "Actual Startup Time": 27.021, "Actual Total Time": 839.866, "Actual Rows": 275, "Actual Loops": 1, "Inner Unique": true, "Plans": [{"Node Type": "Nested Loop", "Parent Relationship": "Outer", "Join Type": "Inner", "Startup Cost": 2779.29, "Total Cost": 22645.16, "Plan Rows": 68, "Plan Width": 20, "Actual Startup Time": 27.012, "Actual Total Time": 838.164, "Actual Rows": 377, "Actual Loops": 1, "Inner Unique": false, "Plans": [{"Node Type": "Nested Loop", "Parent Relationship": "Outer", "Join Type": "Inner", "Startup Cost": 2779.29, "Total Cost": 18900.84, "Plan Rows": 3779, "Plan Width": 8, "Actual Startup Time": 26.08, "Actual Total Time": 152.831, "Actual Rows": 8790, "Actual Loops": 1, "Inner Unique": false, "Plans": [{"Node Type": "Bitmap Heap Scan", "Parent Relationship": "Outer", "Relation Name": "company_name", "Alias": "cn", "Startup Cost": 2779.29, "Total Cost": 8682.74, "Plan Rows": 251, "Plan Width": 4, "Actual Startup Time": 26.057, "Actual Total Time": 130.931, "Actual Rows": 1361, "Actual Loops": 1, "Filter": "((country_code)::text = '[ru]'::text)", "Rows Removed by Filter": 233635, "Exact Heap Blocks": 2966, "Lossy Heap Blocks": 2966, "Plans": [{"Node Type": "Bitmap Index Scan", "Parent Relationship": "Outer", "Index Name": "company_name_pkey", "Startup Cost": 0.0, "Total Cost": 2779.23, "Plan Rows": 234996, "Plan Width": 0, "Actual Startup Time": 25.575, "Actual Total Time": 25.575, "Actual Rows": 234996, "Actual Loops": 1}]}, {"Node Type": "Index Scan", "Parent Relationship": "Inner", "Scan Direction": "Forward", "Index Name": "company_id_movie_companies", "Relation Name": "movie_companies", "Alias": "mc", "Startup Cost": 0.0, "Total Cost": 40.56, "Plan Rows": 15, "Plan Width": 12, "Actual Startup Time": 8.14, "Actual Total Time": 18.656, "Actual Rows": 8790, "Actual Loops": 1361, "Index Cond": "(company_id = cn.id)", "Rows Removed by Index Recheck": 0}]}, {"Node Type": "Index Scan", "Parent Relationship": "Inner", "Scan Direction": "Forward", "Index Name": "movie_id_cast_info", "Relation Name": "cast_info", "Alias": "ci", "Startup Cost": 0.0, "Total Cost": 0.98, "Plan Rows": 1, "Plan Width": 12, "Actual Startup Time": 639.758, "Actual Total Time": 679.853, "Actual Rows": 377, "Actual Loops": 8790, "Index Cond": "(movie_id = mc.movie_id)", "Rows Removed by Index Recheck": 0, "Filter": "(((note)::text ~~ '%(voice)%'::text) AND ((note)::text ~~ '%(uncredited)%'::text))", "Rows Removed by Filter": 408168}]}, {"Node Type": "Index Scan", "Parent Relationship": "Inner", "Scan Direction": "Forward", "Index Name": "role_type_pkey", "Relation Name": "role_type", "Alias": "rt", "Startup Cost": 0.0, "Total Cost": 0.27, "Plan Rows": 1, "Plan Width": 4, "Actual Startup Time": 1.148, "Actual Total Time": 1.148, "Actual Rows": 275, "Actual Loops": 377, "Index Cond": "(id = ci.role_id)", "Rows Removed by Index Recheck": 0, "Filter": "((role)::text = 'actor'::text)", "Rows Removed by Filter": 102}]}, {"Node Type": "Index Scan", "Parent Relationship": "Inner", "Scan Direction": "Forward", "Index Name": "title_pkey", "Relation Name": "title", "Alias": "t", "Startup Cost": 0.0, "Total Cost": 0.34, "Plan Rows": 1, "Plan Width": 21, "Actual Startup Time": 1.741, "Actual Total Time": 1.741, "Actual Rows": 112, "Actual Loops": 275, "Index Cond": "(id = mc.movie_id)", "Rows Removed by Index Recheck": 0, "Filter": "(production_year > 2005)", "Rows Removed by Filter": 163}]}, {"Node Type": "Index Scan", "Parent Relationship": "Inner", "Scan Direction": "Forward", "Index Name": "char_name_pkey", "Relation Name": "char_name", "Alias": "chn", "Startup Cost": 0.0, "Total Cost": 5.37, "Plan Rows": 1, "Plan Width": 20, "Actual Startup Time": 0.674, "Actual Total Time": 0.674, "Actual Rows": 104, "Actual Loops": 112, "Index Cond": "(id = ci.person_role_id)", "Rows Removed by Index Recheck": 0}]}, {"Node Type": "Index Scan", "Parent Relationship": "Inner", "Scan Direction": "Forward", "Index Name": "company_type_pkey", "Relation Name": "company_type", "Alias": "ct", "Startup Cost": 0.0, "Total Cost": 0.27, "Plan Rows": 1, "Plan Width": 4, "Actual Startup Time": 0.144, "Actual Total Time": 0.144, "Actual Rows": 18, "Actual Loops": 104, "Index Cond": "(id = mc.company_type_id)", "Rows Removed by Index Recheck": 0}]}]}, "Triggers": [], "Planner Runtime": 13, "Total Runtime": 843.73, "Unique SQL Id": 2933943827}}, "(16, 86)": {"explain_plan": {"Plan": {"Node Type": "Aggregate", "Strategy": "Plain", "Startup Cost": 38344.14, "Total Cost": 38344.15, "Plan Rows": 1, "Plan Width": 97, "Plans": [{"Node Type": "Nested Loop", "Parent Relationship": "Outer", "Join Type": "Inner", "Startup Cost": 38331.45, "Total Cost": 38344.12, "Plan Rows": 4, "Plan Width": 33, "Inner Unique": true, "Plans": [{"Node Type": "Merge Join", "Parent Relationship": "Outer", "Join Type": "Inner", "Startup Cost": 38331.17, "Total Cost": 38331.23, "Plan Rows": 3, "Plan Width": 24, "Inner Unique": true, "Merge Cond": "(mc.company_type_id = ct.id)", "Plans": [{"Node Type": "Sort", "Parent Relationship": "Outer", "Startup Cost": 38330.11, "Total Cost": 38330.12, "Plan Rows": 3, "Plan Width": 28, "Sort Key": ["mc.company_type_id"], "Plans": [{"Node Type": "Nested Loop", "Parent Relationship": "Outer", "Join Type": "Inner", "Startup Cost": 38294.05, "Total Cost": 38330.09, "Plan Rows": 3, "Plan Width": 28, "Inner Unique": true, "Plans": [{"Node Type": "Merge Join", "Parent Relationship": "Outer", "Join Type": "Inner", "Startup Cost": 38291.75, "Total Cost": 38292.16, "Plan Rows": 6, "Plan Width": 16, "Inner Unique": false, "Merge Cond": "(rt.id = ci.role_id)", "Plans": [{"Node Type": "Sort", "Parent Relationship": "Outer", "Startup Cost": 1.16, "Total Cost": 1.16, "Plan Rows": 1, "Plan Width": 4, "Sort Key": ["rt.id"], "Plans": [{"Node Type": "Seq Scan", "Parent Relationship": "Outer", "Relation Name": "role_type", "Alias": "rt", "Startup Cost": 0.0, "Total Cost": 1.15, "Plan Rows": 1, "Plan Width": 4, "Filter": "((role)::text = 'actor'::text)"}]}, {"Node Type": "Sort", "Parent Relationship": "Inner", "Startup Cost": 38290.59, "Total Cost": 38290.76, "Plan Rows": 68, "Plan Width": 20, "Sort Key": ["ci.role_id"], "Plans": [{"Node Type": "Nested Loop", "Parent Relationship": "Outer", "Join Type": "Inner", "Startup Cost": 4.83, "Total Cost": 38288.52, "Plan Rows": 68, "Plan Width": 20, "Inner Unique": false, "Plans": [{"Node Type": "Nested Loop", "Parent Relationship": "Outer", "Join Type": "Inner", "Startup Cost": 4.32, "Total Cost": 20813.55, "Plan Rows": 3779, "Plan Width": 8, "Inner Unique": false, "Plans": [{"Node Type": "Seq Scan", "Parent Relationship": "Outer", "Relation Name": "company_name", "Alias": "cn", "Startup Cost": 0.0, "Total Cost": 5903.45, "Plan Rows": 251, "Plan Width": 4, "Filter": "((country_code)::text = '[ru]'::text)"}, {"Node Type": "Bitmap Heap Scan", "Parent Relationship": "Inner", "Relation Name": "movie_companies", "Alias": "mc", "Startup Cost": 4.32, "Total Cost": 59.25, "Plan Rows": 15, "Plan Width": 12, "Recheck Cond": "(company_id = cn.id)", "Plans": [{"Node Type": "Bitmap Index Scan", "Parent Relationship": "Outer", "Index Name": "company_id_movie_companies", "Startup Cost": 0.0, "Total Cost": 4.31, "Plan Rows": 15, "Plan Width": 0, "Index Cond": "(company_id = cn.id)"}]}]}, {"Node Type": "Bitmap Heap Scan", "Parent Relationship": "Inner", "Relation Name": "cast_info", "Alias": "ci", "Startup Cost": 0.51, "Total Cost": 4.61, "Plan Rows": 1, "Plan Width": 12, "Recheck Cond": "(movie_id = mc.movie_id)", "Filter": "(((note)::text ~~ '%(voice)%'::text) AND ((note)::text ~~ '%(uncredited)%'::text))", "Plans": [{"Node Type": "Bitmap Index Scan", "Parent Relationship": "Outer", "Index Name": "movie_id_cast_info", "Startup Cost": 0.0, "Total Cost": 0.51, "Plan Rows": 6, "Plan Width": 0, "Index Cond": "(movie_id = mc.movie_id)"}]}]}]}]}, {"Node Type": "Bitmap Heap Scan", "Parent Relationship": "Inner", "Relation Name": "char_name", "Alias": "chn", "Startup Cost": 2.3, "Total Cost": 6.31, "Plan Rows": 1, "Plan Width": 20, "Recheck Cond": "(id = ci.person_role_id)", "Plans": [{"Node Type": "Bitmap Index Scan", "Parent Relationship": "Outer", "Index Name": "char_name_pkey", "Startup Cost": 0.0, "Total Cost": 2.3, "Plan Rows": 1, "Plan Width": 0, "Index Cond": "(id = ci.person_role_id)"}]}]}]}, {"Node Type": "Sort", "Parent Relationship": "Inner", "Startup Cost": 1.05, "Total Cost": 1.06, "Plan Rows": 3, "Plan Width": 4, "Sort Key": ["ct.id"], "Plans": [{"Node Type": "Seq Scan", "Parent Relationship": "Outer", "Relation Name": "company_type", "Alias": "ct", "Startup Cost": 0.0, "Total Cost": 1.03, "Plan Rows": 3, "Plan Width": 4}]}]}, {"Node Type": "Bitmap Heap Scan", "Parent Relationship": "Inner", "Relation Name": "title", "Alias": "t", "Startup Cost": 0.27, "Total Cost": 4.29, "Plan Rows": 1, "Plan Width": 21, "Recheck Cond": "(id = mc.movie_id)", "Filter": "(production_year > 2005)", "Plans": [{"Node Type": "Bitmap Index Scan", "Parent Relationship": "Outer", "Index Name": "title_pkey", "Startup Cost": 0.0, "Total Cost": 0.27, "Plan Rows": 1, "Plan Width": 0, "Index Cond": "(id = mc.movie_id)"}]}]}]}, "Unique SQL Id": 2933943827, "Planner Runtime": 22}, "explain_analyze_plan": {"Plan": {"Node Type": "Aggregate", "Strategy": "Plain", "Startup Cost": 38344.14, "Total Cost": 38344.15, "Plan Rows": 1, "Plan Width": 97, "Actual Startup Time": 1095.783, "Actual Total Time": 1095.783, "Actual Rows": 1, "Actual Loops": 1, "Plans": [{"Node Type": "Nested Loop", "Parent Relationship": "Outer", "Join Type": "Inner", "Startup Cost": 38331.45, "Total Cost": 38344.12, "Plan Rows": 4, "Plan Width": 33, "Actual Startup Time": 1095.415, "Actual Total Time": 1095.748, "Actual Rows": 18, "Actual Loops": 1, "Inner Unique": true, "Plans": [{"Node Type": "Merge Join", "Parent Relationship": "Outer", "Join Type": "Inner", "Startup Cost": 38331.17, "Total Cost": 38331.23, "Plan Rows": 3, "Plan Width": 24, "Actual Startup Time": 1095.379, "Actual Total Time": 1095.403, "Actual Rows": 42, "Actual Loops": 1, "Inner Unique": true, "Merge Cond": "(mc.company_type_id = ct.id)", "Plans": [{"Node Type": "Sort", "Parent Relationship": "Outer", "Startup Cost": 38330.11, "Total Cost": 38330.12, "Plan Rows": 3, "Plan Width": 28, "Actual Startup Time": 1095.294, "Actual Total Time": 1095.321, "Actual Rows": 265, "Actual Loops": 1, "Sort Key": ["mc.company_type_id"], "Sort Method": "quicksort", "Sort Space Used": 50, "Sort Space Type": "Memory", "Plans": [{"Node Type": "Nested Loop", "Parent Relationship": "Outer", "Join Type": "Inner", "Startup Cost": 38294.05, "Total Cost": 38330.09, "Plan Rows": 3, "Plan Width": 28, "Actual Startup Time": 1092.813, "Actual Total Time": 1095.129, "Actual Rows": 265, "Actual Loops": 1, "Inner Unique": true, "Plans": [{"Node Type": "Merge Join", "Parent Relationship": "Outer", "Join Type": "Inner", "Startup Cost": 38291.75, "Total Cost": 38292.16, "Plan Rows": 6, "Plan Width": 16, "Actual Startup Time": 1092.779, "Actual Total Time": 1092.914, "Actual Rows": 275, "Actual Loops": 1, "Inner Unique": false, "Merge Cond": "(rt.id = ci.role_id)", "Plans": [{"Node Type": "Sort", "Parent Relationship": "Outer", "Startup Cost": 1.16, "Total Cost": 1.16, "Plan Rows": 1, "Plan Width": 4, "Actual Startup Time": 0.051, "Actual Total Time": 0.051, "Actual Rows": 1, "Actual Loops": 1, "Sort Key": ["rt.id"], "Sort Method": "quicksort", "Sort Space Used": 25, "Sort Space Type": "Memory", "Plans": [{"Node Type": "Seq Scan", "Parent Relationship": "Outer", "Relation Name": "role_type", "Alias": "rt", "Startup Cost": 0.0, "Total Cost": 1.15, "Plan Rows": 1, "Plan Width": 4, "Actual Startup Time": 0.027, "Actual Total Time": 0.032, "Actual Rows": 1, "Actual Loops": 1, "Filter": "((role)::text = 'actor'::text)", "Rows Removed by Filter": 11}]}, {"Node Type": "Sort", "Parent Relationship": "Inner", "Startup Cost": 38290.59, "Total Cost": 38290.76, "Plan Rows": 68, "Plan Width": 20, "Actual Startup Time": 1092.72, "Actual Total Time": 1092.763, "Actual Rows": 276, "Actual Loops": 1, "Sort Key": ["ci.role_id"], "Sort Method": "quicksort", "Sort Space Used": 60, "Sort Space Type": "Memory", "Plans": [{"Node Type": "Nested Loop", "Parent Relationship": "Outer", "Join Type": "Inner", "Startup Cost": 4.83, "Total Cost": 38288.52, "Plan Rows": 68, "Plan Width": 20, "Actual Startup Time": 0.958, "Actual Total Time": 1092.299, "Actual Rows": 377, "Actual Loops": 1, "Inner Unique": false, "Plans": [{"Node Type": "Nested Loop", "Parent Relationship": "Outer", "Join Type": "Inner", "Startup Cost": 4.32, "Total Cost": 20813.55, "Plan Rows": 3779, "Plan Width": 8, "Actual Startup Time": 0.071, "Actual Total Time": 116.063, "Actual Rows": 8790, "Actual Loops": 1, "Inner Unique": false, "Plans": [{"Node Type": "Seq Scan", "Parent Relationship": "Outer", "Relation Name": "company_name", "Alias": "cn", "Startup Cost": 0.0, "Total Cost": 5903.45, "Plan Rows": 251, "Plan Width": 4, "Actual Startup Time": 0.034, "Actual Total Time": 83.605, "Actual Rows": 1361, "Actual Loops": 1, "Filter": "((country_code)::text = '[ru]'::text)", "Rows Removed by Filter": 233635}, {"Node Type": "Bitmap Heap Scan", "Parent Relationship": "Inner", "Relation Name": "movie_companies", "Alias": "mc", "Startup Cost": 4.32, "Total Cost": 59.25, "Plan Rows": 15, "Plan Width": 12, "Actual Startup Time": 13.964, "Actual Total Time": 27.922, "Actual Rows": 8790, "Actual Loops": 1361, "Recheck Cond": "(company_id = cn.id)", "Rows Removed by Index Recheck": 0, "Exact Heap Blocks": 7155, "Lossy Heap Blocks": 7155, "Plans": [{"Node Type": "Bitmap Index Scan", "Parent Relationship": "Outer", "Index Name": "company_id_movie_companies", "Startup Cost": 0.0, "Total Cost": 4.31, "Plan Rows": 15, "Plan Width": 0, "Actual Startup Time": 8.849, "Actual Total Time": 8.849, "Actual Rows": 8790, "Actual Loops": 1361, "Index Cond": "(company_id = cn.id)"}]}]}, {"Node Type": "Bitmap Heap Scan", "Parent Relationship": "Inner", "Relation Name": "cast_info", "Alias": "ci", "Startup Cost": 0.51, "Total Cost": 4.61, "Plan Rows": 1, "Plan Width": 12, "Actual Startup Time": 910.34, "Actual Total Time": 960.763, "Actual Rows": 377, "Actual Loops": 8790, "Recheck Cond": "(movie_id = mc.movie_id)", "Rows Removed by Index Recheck": 0, "Filter": "(((note)::text ~~ '%(voice)%'::text) AND ((note)::text ~~ '%(uncredited)%'::text))", "Rows Removed by Filter": 408168, "Exact Heap Blocks": 397651, "Lossy Heap Blocks": 397651, "Plans": [{"Node Type": "Bitmap Index Scan", "Parent Relationship": "Outer", "Index Name": "movie_id_cast_info", "Startup Cost": 0.0, "Total Cost": 0.51, "Plan Rows": 6, "Plan Width": 0, "Actual Startup Time": 124.346, "Actual Total Time": 124.346, "Actual Rows": 408545, "Actual Loops": 8790, "Index Cond": "(movie_id = mc.movie_id)"}]}]}]}]}, {"Node Type": "Bitmap Heap Scan", "Parent Relationship": "Inner", "Relation Name": "char_name", "Alias": "chn", "Startup Cost": 2.3, "Total Cost": 6.31, "Plan Rows": 1, "Plan Width": 20, "Actual Startup Time": 1.839, "Actual Total Time": 1.839, "Actual Rows": 265, "Actual Loops": 275, "Recheck Cond": "(id = ci.person_role_id)", "Rows Removed by Index Recheck": 0, "Exact Heap Blocks": 265, "Lossy Heap Blocks": 265, "Plans": [{"Node Type": "Bitmap Index Scan", "Parent Relationship": "Outer", "Index Name": "char_name_pkey", "Startup Cost": 0.0, "Total Cost": 2.3, "Plan Rows": 1, "Plan Width": 0, "Actual Startup Time": 1.197, "Actual Total Time": 1.197, "Actual Rows": 265, "Actual Loops": 275, "Index Cond": "(id = ci.person_role_id)"}]}]}]}, {"Node Type": "Sort", "Parent Relationship": "Inner", "Startup Cost": 1.05, "Total Cost": 1.06, "Plan Rows": 3, "Plan Width": 4, "Actual Startup Time": 0.026, "Actual Total Time": 0.026, "Actual Rows": 1, "Actual Loops": 1, "Sort Key": ["ct.id"], "Sort Method": "quicksort", "Sort Space Used": 25, "Sort Space Type": "Memory", "Plans": [{"Node Type": "Seq Scan", "Parent Relationship": "Outer", "Relation Name": "company_type", "Alias": "ct", "Startup Cost": 0.0, "Total Cost": 1.03, "Plan Rows": 3, "Plan Width": 4, "Actual Startup Time": 0.007, "Actual Total Time": 0.009, "Actual Rows": 3, "Actual Loops": 1}]}]}, {"Node Type": "Bitmap Heap Scan", "Parent Relationship": "Inner", "Relation Name": "title", "Alias": "t", "Startup Cost": 0.27, "Total Cost": 4.29, "Plan Rows": 1, "Plan Width": 21, "Actual Startup Time": 0.283, "Actual Total Time": 0.283, "Actual Rows": 18, "Actual Loops": 42, "Recheck Cond": "(id = mc.movie_id)", "Rows Removed by Index Recheck": 0, "Filter": "(production_year > 2005)", "Rows Removed by Filter": 24, "Exact Heap Blocks": 42, "Lossy Heap Blocks": 42, "Plans": [{"Node Type": "Bitmap Index Scan", "Parent Relationship": "Outer", "Index Name": "title_pkey", "Startup Cost": 0.0, "Total Cost": 0.27, "Plan Rows": 1, "Plan Width": 0, "Actual Startup Time": 0.176, "Actual Total Time": 0.176, "Actual Rows": 42, "Actual Loops": 42, "Index Cond": "(id = mc.movie_id)"}]}]}]}, "Triggers": [], "Planner Runtime": 22, "Total Runtime": 1096.146, "Unique SQL Id": 2933943827}}, "(16, 87)": {"explain_plan": {"Plan": {"Node Type": "Aggregate", "Strategy": "Plain", "Startup Cost": 41418.46, "Total Cost": 41418.47, "Plan Rows": 1, "Plan Width": 97, "Plans": [{"Node Type": "Nested Loop", "Parent Relationship": "Outer", "Join Type": "Inner", "Startup Cost": 2787.21, "Total Cost": 41418.45, "Plan Rows": 2, "Plan Width": 33, "Inner Unique": true, "Plans": [{"Node Type": "Nested Loop", "Parent Relationship": "Outer", "Join Type": "Inner", "Startup Cost": 2786.95, "Total Cost": 41409.89, "Plan Rows": 2, "Plan Width": 37, "Inner Unique": true, "Plans": [{"Node Type": "Nested Loop", "Parent Relationship": "Outer", "Join Type": "Inner", "Startup Cost": 2786.68, "Total Cost": 41397.0, "Plan Rows": 3, "Plan Width": 28, "Inner Unique": true, "Plans": [{"Node Type": "Nested Loop", "Parent Relationship": "Outer", "Join Type": "Inner", "Startup Cost": 2784.38, "Total Cost": 41359.07, "Plan Rows": 6, "Plan Width": 16, "Inner Unique": true, "Plans": [{"Node Type": "Nested Loop", "Parent Relationship": "Outer", "Join Type": "Inner", "Startup Cost": 2784.12, "Total Cost": 41067.82, "Plan Rows": 68, "Plan Width": 20, "Inner Unique": false, "Plans": [{"Node Type": "Nested Loop", "Parent Relationship": "Outer", "Join Type": "Inner", "Startup Cost": 2783.61, "Total Cost": 23592.84, "Plan Rows": 3779, "Plan Width": 8, "Inner Unique": false, "Plans": [{"Node Type": "Bitmap Heap Scan", "Parent Relationship": "Outer", "Relation Name": "company_name", "Alias": "cn", "Startup Cost": 2779.29, "Total Cost": 8682.74, "Plan Rows": 251, "Plan Width": 4, "Filter": "((country_code)::text = '[ru]'::text)", "Plans": [{"Node Type": "Bitmap Index Scan", "Parent Relationship": "Outer", "Index Name": "company_name_pkey", "Startup Cost": 0.0, "Total Cost": 2779.23, "Plan Rows": 234996, "Plan Width": 0}]}, {"Node Type": "Bitmap Heap Scan", "Parent Relationship": "Inner", "Relation Name": "movie_companies", "Alias": "mc", "Startup Cost": 4.32, "Total Cost": 59.25, "Plan Rows": 15, "Plan Width": 12, "Recheck Cond": "(company_id = cn.id)", "Plans": [{"Node Type": "Bitmap Index Scan", "Parent Relationship": "Outer", "Index Name": "company_id_movie_companies", "Startup Cost": 0.0, "Total Cost": 4.31, "Plan Rows": 15, "Plan Width": 0, "Index Cond": "(company_id = cn.id)"}]}]}, {"Node Type": "Bitmap Heap Scan", "Parent Relationship": "Inner", "Relation Name": "cast_info", "Alias": "ci", "Startup Cost": 0.51, "Total Cost": 4.61, "Plan Rows": 1, "Plan Width": 12, "Recheck Cond": "(movie_id = mc.movie_id)", "Filter": "(((note)::text ~~ '%(voice)%'::text) AND ((note)::text ~~ '%(uncredited)%'::text))", "Plans": [{"Node Type": "Bitmap Index Scan", "Parent Relationship": "Outer", "Index Name": "movie_id_cast_info", "Startup Cost": 0.0, "Total Cost": 0.51, "Plan Rows": 6, "Plan Width": 0, "Index Cond": "(movie_id = mc.movie_id)"}]}]}, {"Node Type": "Bitmap Heap Scan", "Parent Relationship": "Inner", "Relation Name": "role_type", "Alias": "rt", "Startup Cost": 0.26, "Total Cost": 4.27, "Plan Rows": 1, "Plan Width": 4, "Recheck Cond": "(id = ci.role_id)", "Filter": "((role)::text = 'actor'::text)", "Plans": [{"Node Type": "Bitmap Index Scan", "Parent Relationship": "Outer", "Index Name": "role_type_pkey", "Startup Cost": 0.0, "Total Cost": 0.26, "Plan Rows": 1, "Plan Width": 0, "Index Cond": "(id = ci.role_id)"}]}]}, {"Node Type": "Bitmap Heap Scan", "Parent Relationship": "Inner", "Relation Name": "char_name", "Alias": "chn", "Startup Cost": 2.3, "Total Cost": 6.31, "Plan Rows": 1, "Plan Width": 20, "Recheck Cond": "(id = ci.person_role_id)", "Plans": [{"Node Type": "Bitmap Index Scan", "Parent Relationship": "Outer", "Index Name": "char_name_pkey", "Startup Cost": 0.0, "Total Cost": 2.3, "Plan Rows": 1, "Plan Width": 0, "Index Cond": "(id = ci.person_role_id)"}]}]}, {"Node Type": "Bitmap Heap Scan", "Parent Relationship": "Inner", "Relation Name": "title", "Alias": "t", "Startup Cost": 0.27, "Total Cost": 4.29, "Plan Rows": 1, "Plan Width": 21, "Recheck Cond": "(id = mc.movie_id)", "Filter": "(production_year > 2005)", "Plans": [{"Node Type": "Bitmap Index Scan", "Parent Relationship": "Outer", "Index Name": "title_pkey", "Startup Cost": 0.0, "Total Cost": 0.27, "Plan Rows": 1, "Plan Width": 0, "Index Cond": "(id = mc.movie_id)"}]}]}, {"Node Type": "Bitmap Heap Scan", "Parent Relationship": "Inner", "Relation Name": "company_type", "Alias": "ct", "Startup Cost": 0.26, "Total Cost": 4.27, "Plan Rows": 1, "Plan Width": 4, "Recheck Cond": "(id = mc.company_type_id)", "Plans": [{"Node Type": "Bitmap Index Scan", "Parent Relationship": "Outer", "Index Name": "company_type_pkey", "Startup Cost": 0.0, "Total Cost": 0.26, "Plan Rows": 1, "Plan Width": 0, "Index Cond": "(id = mc.company_type_id)"}]}]}]}, "Unique SQL Id": 2933943827, "Planner Runtime": 15}, "explain_analyze_plan": {"Plan": {"Node Type": "Aggregate", "Strategy": "Plain", "Startup Cost": 41418.46, "Total Cost": 41418.47, "Plan Rows": 1, "Plan Width": 97, "Actual Startup Time": 1197.675, "Actual Total Time": 1197.675, "Actual Rows": 1, "Actual Loops": 1, "Plans": [{"Node Type": "Nested Loop", "Parent Relationship": "Outer", "Join Type": "Inner", "Startup Cost": 2787.21, "Total Cost": 41418.45, "Plan Rows": 2, "Plan Width": 33, "Actual Startup Time": 99.205, "Actual Total Time": 1197.571, "Actual Rows": 18, "Actual Loops": 1, "Inner Unique": true, "Plans": [{"Node Type": "Nested Loop", "Parent Relationship": "Outer", "Join Type": "Inner", "Startup Cost": 2786.95, "Total Cost": 41409.89, "Plan Rows": 2, "Plan Width": 37, "Actual Startup Time": 42.334, "Actual Total Time": 1197.028, "Actual Rows": 104, "Actual Loops": 1, "Inner Unique": true, "Plans": [{"Node Type": "Nested Loop", "Parent Relationship": "Outer", "Join Type": "Inner", "Startup Cost": 2786.68, "Total Cost": 41397.0, "Plan Rows": 3, "Plan Width": 28, "Actual Startup Time": 27.449, "Actual Total Time": 1194.263, "Actual Rows": 265, "Actual Loops": 1, "Inner Unique": true, "Plans": [{"Node Type": "Nested Loop", "Parent Relationship": "Outer", "Join Type": "Inner", "Startup Cost": 2784.38, "Total Cost": 41359.07, "Plan Rows": 6, "Plan Width": 16, "Actual Startup Time": 27.428, "Actual Total Time": 1191.216, "Actual Rows": 275, "Actual Loops": 1, "Inner Unique": true, "Plans": [{"Node Type": "Nested Loop", "Parent Relationship": "Outer", "Join Type": "Inner", "Startup Cost": 2784.12, "Total Cost": 41067.82, "Plan Rows": 68, "Plan Width": 20, "Actual Startup Time": 27.408, "Actual Total Time": 1188.638, "Actual Rows": 377, "Actual Loops": 1, "Inner Unique": false, "Plans": [{"Node Type": "Nested Loop", "Parent Relationship": "Outer", "Join Type": "Inner", "Startup Cost": 2783.61, "Total Cost": 23592.84, "Plan Rows": 3779, "Plan Width": 8, "Actual Startup Time": 26.16, "Actual Total Time": 182.006, "Actual Rows": 8790, "Actual Loops": 1, "Inner Unique": false, "Plans": [{"Node Type": "Bitmap Heap Scan", "Parent Relationship": "Outer", "Relation Name": "company_name", "Alias": "cn", "Startup Cost": 2779.29, "Total Cost": 8682.74, "Plan Rows": 251, "Plan Width": 4, "Actual Startup Time": 26.111, "Actual Total Time": 148.164, "Actual Rows": 1361, "Actual Loops": 1, "Filter": "((country_code)::text = '[ru]'::text)", "Rows Removed by Filter": 233635, "Exact Heap Blocks": 2966, "Lossy Heap Blocks": 2966, "Plans": [{"Node Type": "Bitmap Index Scan", "Parent Relationship": "Outer", "Index Name": "company_name_pkey", "Startup Cost": 0.0, "Total Cost": 2779.23, "Plan Rows": 234996, "Plan Width": 0, "Actual Startup Time": 25.617, "Actual Total Time": 25.617, "Actual Rows": 234996, "Actual Loops": 1}]}, {"Node Type": "Bitmap Heap Scan", "Parent Relationship": "Inner", "Relation Name": "movie_companies", "Alias": "mc", "Startup Cost": 4.32, "Total Cost": 59.25, "Plan Rows": 15, "Plan Width": 12, "Actual Startup Time": 14.449, "Actual Total Time": 29.008, "Actual Rows": 8790, "Actual Loops": 1361, "Recheck Cond": "(company_id = cn.id)", "Rows Removed by Index Recheck": 0, "Exact Heap Blocks": 7155, "Lossy Heap Blocks": 7155, "Plans": [{"Node Type": "Bitmap Index Scan", "Parent Relationship": "Outer", "Index Name": "company_id_movie_companies", "Startup Cost": 0.0, "Total Cost": 4.31, "Plan Rows": 15, "Plan Width": 0, "Actual Startup Time": 9.127, "Actual Total Time": 9.127, "Actual Rows": 8790, "Actual Loops": 1361, "Index Cond": "(company_id = cn.id)"}]}]}, {"Node Type": "Bitmap Heap Scan", "Parent Relationship": "Inner", "Relation Name": "cast_info", "Alias": "ci", "Startup Cost": 0.51, "Total Cost": 4.61, "Plan Rows": 1, "Plan Width": 12, "Actual Startup Time": 938.519, "Actual Total Time": 990.4, "Actual Rows": 377, "Actual Loops": 8790, "Recheck Cond": "(movie_id = mc.movie_id)", "Rows Removed by Index Recheck": 0, "Filter": "(((note)::text ~~ '%(voice)%'::text) AND ((note)::text ~~ '%(uncredited)%'::text))", "Rows Removed by Filter": 408168, "Exact Heap Blocks": 397651, "Lossy Heap Blocks": 397651, "Plans": [{"Node Type": "Bitmap Index Scan", "Parent Relationship": "Outer", "Index Name": "movie_id_cast_info", "Startup Cost": 0.0, "Total Cost": 0.51, "Plan Rows": 6, "Plan Width": 0, "Actual Startup Time": 127.518, "Actual Total Time": 127.518, "Actual Rows": 408545, "Actual Loops": 8790, "Index Cond": "(movie_id = mc.movie_id)"}]}]}, {"Node Type": "Bitmap Heap Scan", "Parent Relationship": "Inner", "Relation Name": "role_type", "Alias": "rt", "Startup Cost": 0.26, "Total Cost": 4.27, "Plan Rows": 1, "Plan Width": 4, "Actual Startup Time": 1.696, "Actual Total Time": 1.696, "Actual Rows": 275, "Actual Loops": 377, "Recheck Cond": "(id = ci.role_id)", "Rows Removed by Index Recheck": 0, "Filter": "((role)::text = 'actor'::text)", "Rows Removed by Filter": 102, "Exact Heap Blocks": 377, "Lossy Heap Blocks": 377, "Plans": [{"Node Type": "Bitmap Index Scan", "Parent Relationship": "Outer", "Index Name": "role_type_pkey", "Startup Cost": 0.0, "Total Cost": 0.26, "Plan Rows": 1, "Plan Width": 0, "Actual Startup Time": 0.653, "Actual Total Time": 0.653, "Actual Rows": 377, "Actual Loops": 377, "Index Cond": "(id = ci.role_id)"}]}]}, {"Node Type": "Bitmap Heap Scan", "Parent Relationship": "Inner", "Relation Name": "char_name", "Alias": "chn", "Startup Cost": 2.3, "Total Cost": 6.31, "Plan Rows": 1, "Plan Width": 20, "Actual Startup Time": 2.327, "Actual Total Time": 2.327, "Actual Rows": 265, "Actual Loops": 275, "Recheck Cond": "(id = ci.person_role_id)", "Rows Removed by Index Recheck": 0, "Exact Heap Blocks": 265, "Lossy Heap Blocks": 265, "Plans": [{"Node Type": "Bitmap Index Scan", "Parent Relationship": "Outer", "Index Name": "char_name_pkey", "Startup Cost": 0.0, "Total Cost": 2.3, "Plan Rows": 1, "Plan Width": 0, "Actual Startup Time": 1.574, "Actual Total Time": 1.574, "Actual Rows": 265, "Actual Loops": 275, "Index Cond": "(id = ci.person_role_id)"}]}]}, {"Node Type": "Bitmap Heap Scan", "Parent Relationship": "Inner", "Relation Name": "title", "Alias": "t", "Startup Cost": 0.27, "Total Cost": 4.29, "Plan Rows": 1, "Plan Width": 21, "Actual Startup Time": 2.169, "Actual Total Time": 2.169, "Actual Rows": 104, "Actual Loops": 265, "Recheck Cond": "(id = mc.movie_id)", "Rows Removed by Index Recheck": 0, "Filter": "(production_year > 2005)", "Rows Removed by Filter": 161, "Exact Heap Blocks": 265, "Lossy Heap Blocks": 265, "Plans": [{"Node Type": "Bitmap Index Scan", "Parent Relationship": "Outer", "Index Name": "title_pkey", "Startup Cost": 0.0, "Total Cost": 0.27, "Plan Rows": 1, "Plan Width": 0, "Actual Startup Time": 1.333, "Actual Total Time": 1.333, "Actual Rows": 265, "Actual Loops": 265, "Index Cond": "(id = mc.movie_id)"}]}]}, {"Node Type": "Bitmap Heap Scan", "Parent Relationship": "Inner", "Relation Name": "company_type", "Alias": "ct", "Startup Cost": 0.26, "Total Cost": 4.27, "Plan Rows": 1, "Plan Width": 4, "Actual Startup Time": 0.281, "Actual Total Time": 0.281, "Actual Rows": 18, "Actual Loops": 104, "Recheck Cond": "(id = mc.company_type_id)", "Rows Removed by Index Recheck": 0, "Exact Heap Blocks": 18, "Lossy Heap Blocks": 18, "Plans": [{"Node Type": "Bitmap Index Scan", "Parent Relationship": "Outer", "Index Name": "company_type_pkey", "Startup Cost": 0.0, "Total Cost": 0.26, "Plan Rows": 1, "Plan Width": 0, "Actual Startup Time": 0.155, "Actual Total Time": 0.155, "Actual Rows": 18, "Actual Loops": 104, "Index Cond": "(id = mc.company_type_id)"}]}]}]}, "Triggers": [], "Planner Runtime": 6, "Total Runtime": 1198.112, "Unique SQL Id": 2933943827}}, "(16, 88)": {"explain_plan": {"Plan": {"Node Type": "Aggregate", "Strategy": "Plain", "Startup Cost": 19914.67, "Total Cost": 19914.68, "Plan Rows": 1, "Plan Width": 97, "Plans": [{"Node Type": "Nested Loop", "Parent Relationship": "Outer", "Join Type": "Inner", "Startup Cost": 0.0, "Total Cost": 19914.66, "Plan Rows": 2, "Plan Width": 33, "Inner Unique": true, "Plans": [{"Node Type": "Nested Loop", "Parent Relationship": "Outer", "Join Type": "Inner", "Startup Cost": 0.0, "Total Cost": 19914.1, "Plan Rows": 2, "Plan Width": 37, "Inner Unique": true, "Plans": [{"Node Type": "Nested Loop", "Parent Relationship": "Outer", "Join Type": "Inner", "Startup Cost": 0.0, "Total Cost": 19887.22, "Plan Rows": 5, "Plan Width": 25, "Inner Unique": true, "Plans": [{"Node Type": "Nested Loop", "Parent Relationship": "Outer", "Join Type": "Inner", "Startup Cost": 0.0, "Total Cost": 19885.12, "Plan Rows": 6, "Plan Width": 16, "Inner Unique": true, "Plans": [{"Node Type": "Nested Loop", "Parent Relationship": "Outer", "Join Type": "Inner", "Startup Cost": 0.0, "Total Cost": 19865.87, "Plan Rows": 68, "Plan Width": 20, "Inner Unique": false, "Plans": [{"Node Type": "Nested Loop", "Parent Relationship": "Outer", "Join Type": "Inner", "Startup Cost": 0.0, "Total Cost": 16121.55, "Plan Rows": 3779, "Plan Width": 8, "Inner Unique": false, "Plans": [{"Node Type": "Seq Scan", "Parent Relationship": "Outer", "Relation Name": "company_name", "Alias": "cn", "Startup Cost": 0.0, "Total Cost": 5903.45, "Plan Rows": 251, "Plan Width": 4, "Filter": "((country_code)::text = '[ru]'::text)"}, {"Node Type": "Index Scan", "Parent Relationship": "Inner", "Scan Direction": "Forward", "Index Name": "company_id_movie_companies", "Relation Name": "movie_companies", "Alias": "mc", "Startup Cost": 0.0, "Total Cost": 40.56, "Plan Rows": 15, "Plan Width": 12, "Index Cond": "(company_id = cn.id)"}]}, {"Node Type": "Index Scan", "Parent Relationship": "Inner", "Scan Direction": "Forward", "Index Name": "movie_id_cast_info", "Relation Name": "cast_info", "Alias": "ci", "Startup Cost": 0.0, "Total Cost": 0.98, "Plan Rows": 1, "Plan Width": 12, "Index Cond": "(movie_id = mc.movie_id)", "Filter": "(((note)::text ~~ '%(voice)%'::text) AND ((note)::text ~~ '%(uncredited)%'::text))"}]}, {"Node Type": "Index Scan", "Parent Relationship": "Inner", "Scan Direction": "Forward", "Index Name": "role_type_pkey", "Relation Name": "role_type", "Alias": "rt", "Startup Cost": 0.0, "Total Cost": 0.27, "Plan Rows": 1, "Plan Width": 4, "Index Cond": "(id = ci.role_id)", "Filter": "((role)::text = 'actor'::text)"}]}, {"Node Type": "Index Scan", "Parent Relationship": "Inner", "Scan Direction": "Forward", "Index Name": "title_pkey", "Relation Name": "title", "Alias": "t", "Startup Cost": 0.0, "Total Cost": 0.34, "Plan Rows": 1, "Plan Width": 21, "Index Cond": "(id = mc.movie_id)", "Filter": "(production_year > 2005)"}]}, {"Node Type": "Index Scan", "Parent Relationship": "Inner", "Scan Direction": "Forward", "Index Name": "char_name_pkey", "Relation Name": "char_name", "Alias": "chn", "Startup Cost": 0.0, "Total Cost": 5.37, "Plan Rows": 1, "Plan Width": 20, "Index Cond": "(id = ci.person_role_id)"}]}, {"Node Type": "Index Only Scan", "Parent Relationship": "Inner", "Scan Direction": "Forward", "Index Name": "company_type_pkey", "Relation Name": "company_type", "Alias": "ct", "Startup Cost": 0.0, "Total Cost": 0.27, "Plan Rows": 1, "Plan Width": 4, "Index Cond": "(id = mc.company_type_id)"}]}]}, "Unique SQL Id": 2933943827, "Planner Runtime": 13}, "explain_analyze_plan": {"Plan": {"Node Type": "Aggregate", "Strategy": "Plain", "Startup Cost": 19914.67, "Total Cost": 19914.68, "Plan Rows": 1, "Plan Width": 97, "Actual Startup Time": 938.476, "Actual Total Time": 938.477, "Actual Rows": 1, "Actual Loops": 1, "Plans": [{"Node Type": "Nested Loop", "Parent Relationship": "Outer", "Join Type": "Inner", "Startup Cost": 0.0, "Total Cost": 19914.66, "Plan Rows": 2, "Plan Width": 33, "Actual Startup Time": 63.395, "Actual Total Time": 938.399, "Actual Rows": 18, "Actual Loops": 1, "Inner Unique": true, "Plans": [{"Node Type": "Nested Loop", "Parent Relationship": "Outer", "Join Type": "Inner", "Startup Cost": 0.0, "Total Cost": 19914.1, "Plan Rows": 2, "Plan Width": 37, "Actual Startup Time": 13.066, "Actual Total Time": 938.069, "Actual Rows": 104, "Actual Loops": 1, "Inner Unique": true, "Plans": [{"Node Type": "Nested Loop", "Parent Relationship": "Outer", "Join Type": "Inner", "Startup Cost": 0.0, "Total Cost": 19887.22, "Plan Rows": 5, "Plan Width": 25, "Actual Startup Time": 13.05, "Actual Total Time": 936.929, "Actual Rows": 112, "Actual Loops": 1, "Inner Unique": true, "Plans": [{"Node Type": "Nested Loop", "Parent Relationship": "Outer", "Join Type": "Inner", "Startup Cost": 0.0, "Total Cost": 19885.12, "Plan Rows": 6, "Plan Width": 16, "Actual Startup Time": 0.978, "Actual Total Time": 934.501, "Actual Rows": 275, "Actual Loops": 1, "Inner Unique": true, "Plans": [{"Node Type": "Nested Loop", "Parent Relationship": "Outer", "Join Type": "Inner", "Startup Cost": 0.0, "Total Cost": 19865.87, "Plan Rows": 68, "Plan Width": 20, "Actual Startup Time": 0.971, "Actual Total Time": 932.897, "Actual Rows": 377, "Actual Loops": 1, "Inner Unique": false, "Plans": [{"Node Type": "Nested Loop", "Parent Relationship": "Outer", "Join Type": "Inner", "Startup Cost": 0.0, "Total Cost": 16121.55, "Plan Rows": 3779, "Plan Width": 8, "Actual Startup Time": 0.073, "Actual Total Time": 106.997, "Actual Rows": 8790, "Actual Loops": 1, "Inner Unique": false, "Plans": [{"Node Type": "Seq Scan", "Parent Relationship": "Outer", "Relation Name": "company_name", "Alias": "cn", "Startup Cost": 0.0, "Total Cost": 5903.45, "Plan Rows": 251, "Plan Width": 4, "Actual Startup Time": 0.051, "Actual Total Time": 81.47, "Actual Rows": 1361, "Actual Loops": 1, "Filter": "((country_code)::text = '[ru]'::text)", "Rows Removed by Filter": 233635}, {"Node Type": "Index Scan", "Parent Relationship": "Inner", "Scan Direction": "Forward", "Index Name": "company_id_movie_companies", "Relation Name": "movie_companies", "Alias": "mc", "Startup Cost": 0.0, "Total Cost": 40.56, "Plan Rows": 15, "Plan Width": 12, "Actual Startup Time": 9.117, "Actual Total Time": 22.33, "Actual Rows": 8790, "Actual Loops": 1361, "Index Cond": "(company_id = cn.id)", "Rows Removed by Index Recheck": 0}]}, {"Node Type": "Index Scan", "Parent Relationship": "Inner", "Scan Direction": "Forward", "Index Name": "movie_id_cast_info", "Relation Name": "cast_info", "Alias": "ci", "Startup Cost": 0.0, "Total Cost": 0.98, "Plan Rows": 1, "Plan Width": 12, "Actual Startup Time": 771.815, "Actual Total Time": 820.529, "Actual Rows": 377, "Actual Loops": 8790, "Index Cond": "(movie_id = mc.movie_id)", "Rows Removed by Index Recheck": 0, "Filter": "(((note)::text ~~ '%(voice)%'::text) AND ((note)::text ~~ '%(uncredited)%'::text))", "Rows Removed by Filter": 408168}]}, {"Node Type": "Index Scan", "Parent Relationship": "Inner", "Scan Direction": "Forward", "Index Name": "role_type_pkey", "Relation Name": "role_type", "Alias": "rt", "Startup Cost": 0.0, "Total Cost": 0.27, "Plan Rows": 1, "Plan Width": 4, "Actual Startup Time": 1.08, "Actual Total Time": 1.08, "Actual Rows": 275, "Actual Loops": 377, "Index Cond": "(id = ci.role_id)", "Rows Removed by Index Recheck": 0, "Filter": "((role)::text = 'actor'::text)", "Rows Removed by Filter": 102}]}, {"Node Type": "Index Scan", "Parent Relationship": "Inner", "Scan Direction": "Forward", "Index Name": "title_pkey", "Relation Name": "title", "Alias": "t", "Startup Cost": 0.0, "Total Cost": 0.34, "Plan Rows": 1, "Plan Width": 21, "Actual Startup Time": 2.019, "Actual Total Time": 2.019, "Actual Rows": 112, "Actual Loops": 275, "Index Cond": "(id = mc.movie_id)", "Rows Removed by Index Recheck": 0, "Filter": "(production_year > 2005)", "Rows Removed by Filter": 163}]}, {"Node Type": "Index Scan", "Parent Relationship": "Inner", "Scan Direction": "Forward", "Index Name": "char_name_pkey", "Relation Name": "char_name", "Alias": "chn", "Startup Cost": 0.0, "Total Cost": 5.37, "Plan Rows": 1, "Plan Width": 20, "Actual Startup Time": 0.859, "Actual Total Time": 0.859, "Actual Rows": 104, "Actual Loops": 112, "Index Cond": "(id = ci.person_role_id)", "Rows Removed by Index Recheck": 0}]}, {"Node Type": "Index Only Scan", "Parent Relationship": "Inner", "Scan Direction": "Forward", "Index Name": "company_type_pkey", "Relation Name": "company_type", "Alias": "ct", "Startup Cost": 0.0, "Total Cost": 0.27, "Plan Rows": 1, "Plan Width": 4, "Actual Startup Time": 0.174, "Actual Total Time": 0.174, "Actual Rows": 18, "Actual Loops": 104, "Index Cond": "(id = mc.company_type_id)", "Rows Removed by Index Recheck": 0, "Heap Fetches": 0}]}]}, "Triggers": [], "Planner Runtime": 22, "Total Runtime": 938.94, "Unique SQL Id": 2933943827}}, "(16, 89)": {"explain_plan": {"Plan": {"Node Type": "Aggregate", "Strategy": "Plain", "Startup Cost": 24512.61, "Total Cost": 24512.62, "Plan Rows": 1, "Plan Width": 97, "Plans": [{"Node Type": "Nested Loop", "Parent Relationship": "Outer", "Join Type": "Inner", "Startup Cost": 0.0, "Total Cost": 24512.6, "Plan Rows": 2, "Plan Width": 33, "Inner Unique": true, "Plans": [{"Node Type": "Nested Loop", "Parent Relationship": "Outer", "Join Type": "Inner", "Startup Cost": 0.0, "Total Cost": 24512.04, "Plan Rows": 2, "Plan Width": 37, "Inner Unique": true, "Plans": [{"Node Type": "Nested Loop", "Parent Relationship": "Outer", "Join Type": "Inner", "Startup Cost": 0.0, "Total Cost": 24485.16, "Plan Rows": 5, "Plan Width": 25, "Inner Unique": true, "Plans": [{"Node Type": "Nested Loop", "Parent Relationship": "Outer", "Join Type": "Inner", "Startup Cost": 0.0, "Total Cost": 24483.05, "Plan Rows": 6, "Plan Width": 16, "Inner Unique": true, "Plans": [{"Node Type": "Nested Loop", "Parent Relationship": "Outer", "Join Type": "Inner", "Startup Cost": 0.0, "Total Cost": 24463.81, "Plan Rows": 68, "Plan Width": 20, "Inner Unique": false, "Plans": [{"Node Type": "Nested Loop", "Parent Relationship": "Outer", "Join Type": "Inner", "Startup Cost": 0.0, "Total Cost": 20719.49, "Plan Rows": 3779, "Plan Width": 8, "Inner Unique": false, "Plans": [{"Node Type": "Index Scan", "Parent Relationship": "Outer", "Scan Direction": "Forward", "Index Name": "company_name_pkey", "Relation Name": "company_name", "Alias": "cn", "Startup Cost": 0.0, "Total Cost": 10501.39, "Plan Rows": 251, "Plan Width": 4, "Filter": "((country_code)::text = '[ru]'::text)"}, {"Node Type": "Index Scan", "Parent Relationship": "Inner", "Scan Direction": "Forward", "Index Name": "company_id_movie_companies", "Relation Name": "movie_companies", "Alias": "mc", "Startup Cost": 0.0, "Total Cost": 40.56, "Plan Rows": 15, "Plan Width": 12, "Index Cond": "(company_id = cn.id)"}]}, {"Node Type": "Index Scan", "Parent Relationship": "Inner", "Scan Direction": "Forward", "Index Name": "movie_id_cast_info", "Relation Name": "cast_info", "Alias": "ci", "Startup Cost": 0.0, "Total Cost": 0.98, "Plan Rows": 1, "Plan Width": 12, "Index Cond": "(movie_id = mc.movie_id)", "Filter": "(((note)::text ~~ '%(voice)%'::text) AND ((note)::text ~~ '%(uncredited)%'::text))"}]}, {"Node Type": "Index Scan", "Parent Relationship": "Inner", "Scan Direction": "Forward", "Index Name": "role_type_pkey", "Relation Name": "role_type", "Alias": "rt", "Startup Cost": 0.0, "Total Cost": 0.27, "Plan Rows": 1, "Plan Width": 4, "Index Cond": "(id = ci.role_id)", "Filter": "((role)::text = 'actor'::text)"}]}, {"Node Type": "Index Scan", "Parent Relationship": "Inner", "Scan Direction": "Forward", "Index Name": "title_pkey", "Relation Name": "title", "Alias": "t", "Startup Cost": 0.0, "Total Cost": 0.34, "Plan Rows": 1, "Plan Width": 21, "Index Cond": "(id = mc.movie_id)", "Filter": "(production_year > 2005)"}]}, {"Node Type": "Index Scan", "Parent Relationship": "Inner", "Scan Direction": "Forward", "Index Name": "char_name_pkey", "Relation Name": "char_name", "Alias": "chn", "Startup Cost": 0.0, "Total Cost": 5.37, "Plan Rows": 1, "Plan Width": 20, "Index Cond": "(id = ci.person_role_id)"}]}, {"Node Type": "Index Only Scan", "Parent Relationship": "Inner", "Scan Direction": "Forward", "Index Name": "company_type_pkey", "Relation Name": "company_type", "Alias": "ct", "Startup Cost": 0.0, "Total Cost": 0.27, "Plan Rows": 1, "Plan Width": 4, "Index Cond": "(id = mc.company_type_id)"}]}]}, "Unique SQL Id": 2933943827, "Planner Runtime": 10}, "explain_analyze_plan": {"Plan": {"Node Type": "Aggregate", "Strategy": "Plain", "Startup Cost": 24512.61, "Total Cost": 24512.62, "Plan Rows": 1, "Plan Width": 97, "Actual Startup Time": 1118.683, "Actual Total Time": 1118.684, "Actual Rows": 1, "Actual Loops": 1, "Plans": [{"Node Type": "Nested Loop", "Parent Relationship": "Outer", "Join Type": "Inner", "Startup Cost": 0.0, "Total Cost": 24512.6, "Plan Rows": 2, "Plan Width": 33, "Actual Startup Time": 36.677, "Actual Total Time": 1118.577, "Actual Rows": 18, "Actual Loops": 1, "Inner Unique": true, "Plans": [{"Node Type": "Nested Loop", "Parent Relationship": "Outer", "Join Type": "Inner", "Startup Cost": 0.0, "Total Cost": 24512.04, "Plan Rows": 2, "Plan Width": 37, "Actual Startup Time": 28.13, "Actual Total Time": 1118.26, "Actual Rows": 104, "Actual Loops": 1, "Inner Unique": true, "Plans": [{"Node Type": "Nested Loop", "Parent Relationship": "Outer", "Join Type": "Inner", "Startup Cost": 0.0, "Total Cost": 24485.16, "Plan Rows": 5, "Plan Width": 25, "Actual Startup Time": 28.113, "Actual Total Time": 1117.214, "Actual Rows": 112, "Actual Loops": 1, "Inner Unique": true, "Plans": [{"Node Type": "Nested Loop", "Parent Relationship": "Outer", "Join Type": "Inner", "Startup Cost": 0.0, "Total Cost": 24483.05, "Plan Rows": 6, "Plan Width": 16, "Actual Startup Time": 8.588, "Actual Total Time": 1114.913, "Actual Rows": 275, "Actual Loops": 1, "Inner Unique": true, "Plans": [{"Node Type": "Nested Loop", "Parent Relationship": "Outer", "Join Type": "Inner", "Startup Cost": 0.0, "Total Cost": 24463.81, "Plan Rows": 68, "Plan Width": 20, "Actual Startup Time": 8.579, "Actual Total Time": 1113.125, "Actual Rows": 377, "Actual Loops": 1, "Inner Unique": false, "Plans": [{"Node Type": "Nested Loop", "Parent Relationship": "Outer", "Join Type": "Inner", "Startup Cost": 0.0, "Total Cost": 20719.49, "Plan Rows": 3779, "Plan Width": 8, "Actual Startup Time": 0.711, "Actual Total Time": 318.5, "Actual Rows": 8790, "Actual Loops": 1, "Inner Unique": false, "Plans": [{"Node Type": "Index Scan", "Parent Relationship": "Outer", "Scan Direction": "Forward", "Index Name": "company_name_pkey", "Relation Name": "company_name", "Alias": "cn", "Startup Cost": 0.0, "Total Cost": 10501.39, "Plan Rows": 251, "Plan Width": 4, "Actual Startup Time": 0.692, "Actual Total Time": 294.803, "Actual Rows": 1361, "Actual Loops": 1, "Filter": "((country_code)::text = '[ru]'::text)", "Rows Removed by Filter": 233635}, {"Node Type": "Index Scan", "Parent Relationship": "Inner", "Scan Direction": "Forward", "Index Name": "company_id_movie_companies", "Relation Name": "movie_companies", "Alias": "mc", "Startup Cost": 0.0, "Total Cost": 40.56, "Plan Rows": 15, "Plan Width": 12, "Actual Startup Time": 7.735, "Actual Total Time": 20.062, "Actual Rows": 8790, "Actual Loops": 1361, "Index Cond": "(company_id = cn.id)", "Rows Removed by Index Recheck": 0}]}, {"Node Type": "Index Scan", "Parent Relationship": "Inner", "Scan Direction": "Forward", "Index Name": "movie_id_cast_info", "Relation Name": "cast_info", "Alias": "ci", "Startup Cost": 0.0, "Total Cost": 0.98, "Plan Rows": 1, "Plan Width": 12, "Actual Startup Time": 741.963, "Actual Total Time": 789.066, "Actual Rows": 377, "Actual Loops": 8790, "Index Cond": "(movie_id = mc.movie_id)", "Rows Removed by Index Recheck": 0, "Filter": "(((note)::text ~~ '%(voice)%'::text) AND ((note)::text ~~ '%(uncredited)%'::text))", "Rows Removed by Filter": 408168}]}, {"Node Type": "Index Scan", "Parent Relationship": "Inner", "Scan Direction": "Forward", "Index Name": "role_type_pkey", "Relation Name": "role_type", "Alias": "rt", "Startup Cost": 0.0, "Total Cost": 0.27, "Plan Rows": 1, "Plan Width": 4, "Actual Startup Time": 1.153, "Actual Total Time": 1.153, "Actual Rows": 275, "Actual Loops": 377, "Index Cond": "(id = ci.role_id)", "Rows Removed by Index Recheck": 0, "Filter": "((role)::text = 'actor'::text)", "Rows Removed by Filter": 102}]}, {"Node Type": "Index Scan", "Parent Relationship": "Inner", "Scan Direction": "Forward", "Index Name": "title_pkey", "Relation Name": "title", "Alias": "t", "Startup Cost": 0.0, "Total Cost": 0.34, "Plan Rows": 1, "Plan Width": 21, "Actual Startup Time": 1.921, "Actual Total Time": 1.921, "Actual Rows": 112, "Actual Loops": 275, "Index Cond": "(id = mc.movie_id)", "Rows Removed by Index Recheck": 0, "Filter": "(production_year > 2005)", "Rows Removed by Filter": 163}]}, {"Node Type": "Index Scan", "Parent Relationship": "Inner", "Scan Direction": "Forward", "Index Name": "char_name_pkey", "Relation Name": "char_name", "Alias": "chn", "Startup Cost": 0.0, "Total Cost": 5.37, "Plan Rows": 1, "Plan Width": 20, "Actual Startup Time": 0.805, "Actual Total Time": 0.805, "Actual Rows": 104, "Actual Loops": 112, "Index Cond": "(id = ci.person_role_id)", "Rows Removed by Index Recheck": 0}]}, {"Node Type": "Index Only Scan", "Parent Relationship": "Inner", "Scan Direction": "Forward", "Index Name": "company_type_pkey", "Relation Name": "company_type", "Alias": "ct", "Startup Cost": 0.0, "Total Cost": 0.27, "Plan Rows": 1, "Plan Width": 4, "Actual Startup Time": 0.162, "Actual Total Time": 0.162, "Actual Rows": 18, "Actual Loops": 104, "Index Cond": "(id = mc.company_type_id)", "Rows Removed by Index Recheck": 0, "Heap Fetches": 0}]}]}, "Triggers": [], "Planner Runtime": 13, "Total Runtime": 1119.096, "Unique SQL Id": 2933943827}}, "(16, 90)": {"explain_plan": {"Plan": {"Node Type": "Aggregate", "Strategy": "Plain", "Startup Cost": 3099155297762.21, "Total Cost": 3099155297762.22, "Plan Rows": 1, "Plan Width": 97, "Plans": [{"Node Type": "Merge Join", "Parent Relationship": "Outer", "Join Type": "Inner", "Startup Cost": 3099155297762.13, "Total Cost": 3099155297762.2, "Plan Rows": 2, "Plan Width": 33, "Inner Unique": true, "Merge Cond": "(mc.company_type_id = ct.id)", "Plans": [{"Node Type": "Sort", "Parent Relationship": "Outer", "Startup Cost": 3099155297761.07, "Total Cost": 3099155297761.08, "Plan Rows": 4, "Plan Width": 37, "Sort Key": ["mc.company_type_id"], "Plans": [{"Node Type": "Merge Join", "Parent Relationship": "Outer", "Join Type": "Inner", "Startup Cost": 3099155297747.46, "Total Cost": 3099155297761.03, "Plan Rows": 4, "Plan Width": 37, "Inner Unique": true, "Merge Cond": "(mc.company_id = cn.id)", "Plans": [{"Node Type": "Sort", "Parent Relationship": "Outer", "Startup Cost": 3099155291833.68, "Total Cost": 3099155291839.98, "Plan Rows": 2520, "Plan Width": 41, "Sort Key": ["mc.company_id"], "Plans": [{"Node Type": "Merge Join", "Parent Relationship": "Outer", "Join Type": "Inner", "Startup Cost": 2109142233184.57, "Total Cost": 3099155291691.31, "Plan Rows": 2520, "Plan Width": 41, "Inner Unique": false, "Merge Cond": "(mc.movie_id = t.id)", "Plans": [{"Node Type": "Index Scan", "Parent Relationship": "Outer", "Scan Direction": "Forward", "Index Name": "movie_id_movie_companies", "Relation Name": "movie_companies", "Alias": "mc", "Startup Cost": 10000000000.0, "Total Cost": 1000013051946.13, "Plan Rows": 2609128, "Plan Width": 12}, {"Node Type": "Sort", "Parent Relationship": "Inner", "Startup Cost": 2099142233184.57, "Total Cost": 2099142233187.55, "Plan Rows": 1193, "Plan Width": 41, "Sort Key": ["ci.movie_id"], "Plans": [{"Node Type": "Merge Join", "Parent Relationship": "Outer", "Join Type": "Inner", "Startup Cost": 1109129237709.85, "Total Cost": 2099142233123.61, "Plan Rows": 1193, "Plan Width": 41, "Inner Unique": false, "Merge Cond": "(chn.id = ci.person_role_id)", "Plans": [{"Node Type": "Index Scan", "Parent Relationship": "Outer", "Scan Direction": "Forward", "Index Name": "char_name_pkey", "Relation Name": "char_name", "Alias": "chn", "Startup Cost": 10000000000.0, "Total Cost": 1000012987545.51, "Plan Rows": 3140338, "Plan Width": 20}, {"Node Type": "Sort", "Parent Relationship": "Inner", "Startup Cost": 1099129237709.36, "Total Cost": 1099129237715.51, "Plan Rows": 2460, "Plan Width": 29, "Sort Key": ["ci.person_role_id"], "Plans": [{"Node Type": "Merge Join", "Parent Relationship": "Outer", "Join Type": "Inner", "Startup Cost": 110000647206.05, "Total Cost": 1099129237570.81, "Plan Rows": 2460, "Plan Width": 29, "Inner Unique": false, "Merge Cond": "(t.id = ci.movie_id)", "Plans": [{"Node Type": "Index Scan", "Parent Relationship": "Outer", "Scan Direction": "Forward", "Index Name": "title_pkey", "Relation Name": "title", "Alias": "t", "Startup Cost": 10000000000.0, "Total Cost": 1000011644126.66, "Plan Rows": 1013492, "Plan Width": 21, "Filter": "(production_year > 2005), (LLVM Optimized)"}, {"Node Type": "Sort", "Parent Relationship": "Inner", "Startup Cost": 100000647206.05, "Total Cost": 100000647211.12, "Plan Rows": 2027, "Plan Width": 8, "Sort Key": ["ci.movie_id"], "Plans": [{"Node Type": "Nested Loop", "Parent Relationship": "Outer", "Join Type": "Inner", "Startup Cost": 10000000000.0, "Total Cost": 100000647094.72, "Plan Rows": 2027, "Plan Width": 8, "Inner Unique": false, "Join Filter": "(ci.role_id = rt.id)", "Plans": [{"Node Type": "Seq Scan", "Parent Relationship": "Outer", "Relation Name": "role_type", "Alias": "rt", "Startup Cost": 0.0, "Total Cost": 1.15, "Plan Rows": 1, "Plan Width": 4, "Filter": "((role)::text = 'actor'::text)"}, {"Node Type": "Materialize", "Parent Relationship": "Inner", "Startup Cost": 0.0, "Total Cost": 64485.37, "Plan Rows": 22295, "Plan Width": 12, "Plans": [{"Node Type": "Streaming(type: LOCAL GATHER dop: 1/16)", "Parent Relationship": "Outer", "Startup Cost": 0.0, "Total Cost": 64429.63, "Plan Rows": 22295, "Plan Width": 12, "Plans": [{"Node Type": "Seq Scan", "Parent Relationship": "Outer", "Relation Name": "cast_info", "Alias": "ci", "Startup Cost": 0.0, "Total Cost": 63948.46, "Plan Rows": 22295, "Plan Width": 12, "Filter": "(((note)::text ~~ '%(voice)%'::text) AND ((note)::text ~~ '%(uncredited)%'::text))"}]}]}]}]}]}]}]}]}]}]}, {"Node Type": "Sort", "Parent Relationship": "Inner", "Startup Cost": 5913.45, "Total Cost": 5914.08, "Plan Rows": 251, "Plan Width": 4, "Sort Key": ["cn.id"], "Plans": [{"Node Type": "Seq Scan", "Parent Relationship": "Outer", "Relation Name": "company_name", "Alias": "cn", "Startup Cost": 0.0, "Total Cost": 5903.45, "Plan Rows": 251, "Plan Width": 4, "Filter": "((country_code)::text = '[ru]'::text)"}]}]}]}, {"Node Type": "Sort", "Parent Relationship": "Inner", "Startup Cost": 1.05, "Total Cost": 1.06, "Plan Rows": 3, "Plan Width": 4, "Sort Key": ["ct.id"], "Plans": [{"Node Type": "Seq Scan", "Parent Relationship": "Outer", "Relation Name": "company_type", "Alias": "ct", "Startup Cost": 0.0, "Total Cost": 1.03, "Plan Rows": 3, "Plan Width": 4}]}]}]}, "Unique SQL Id": 2933943827, "Planner Runtime": 39}, "explain_analyze_plan": null}, "(16, 91)": {"explain_plan": {"Plan": {"Node Type": "Aggregate", "Strategy": "Plain", "Startup Cost": 6488202630345.57, "Total Cost": 6488202630345.58, "Plan Rows": 1, "Plan Width": 97, "Plans": [{"Node Type": "Merge Join", "Parent Relationship": "Outer", "Join Type": "Inner", "Startup Cost": 5498202629099.29, "Total Cost": 6488202630345.55, "Plan Rows": 4, "Plan Width": 33, "Inner Unique": true, "Merge Cond": "(ci.role_id = rt.id)", "Plans": [{"Node Type": "Sort", "Parent Relationship": "Outer", "Startup Cost": 5488202629099.29, "Total Cost": 5488202629099.39, "Plan Rows": 40, "Plan Width": 37, "Sort Key": ["ci.role_id"], "Plans": [{"Node Type": "Merge Join", "Parent Relationship": "Outer", "Join Type": "Inner", "Startup Cost": 4498202628268.03, "Total Cost": 5488202629098.23, "Plan Rows": 40, "Plan Width": 37, "Inner Unique": true, "Merge Cond": "(mc.company_type_id = ct.id)", "Plans": [{"Node Type": "Sort", "Parent Relationship": "Outer", "Startup Cost": 4488202628267.93, "Total Cost": 4488202628268.03, "Plan Rows": 40, "Plan Width": 41, "Sort Key": ["mc.company_type_id"], "Plans": [{"Node Type": "Merge Join", "Parent Relationship": "Outer", "Join Type": "Inner", "Startup Cost": 3498201577991.91, "Total Cost": 4488202628266.87, "Plan Rows": 40, "Plan Width": 41, "Inner Unique": true, "Merge Cond": "(mc.company_id = cn.id)", "Plans": [{"Node Type": "Sort", "Parent Relationship": "Outer", "Startup Cost": 3488201577988.31, "Total Cost": 3488201578057.59, "Plan Rows": 27712, "Plan Width": 45, "Sort Key": ["mc.company_id"], "Plans": [{"Node Type": "Merge Join", "Parent Relationship": "Outer", "Join Type": "Inner", "Startup Cost": 1510040083041.2, "Total Cost": 3488201575943.41, "Plan Rows": 27712, "Plan Width": 45, "Inner Unique": false, "Merge Cond": "(t.id = mc.movie_id)", "Plans": [{"Node Type": "Merge Join", "Parent Relationship": "Outer", "Join Type": "Inner", "Startup Cost": 1500040083041.2, "Total Cost": 2489168673554.28, "Plan Rows": 13119, "Plan Width": 45, "Inner Unique": true, "Merge Cond": "(ci.movie_id = t.id)", "Plans": [{"Node Type": "Sort", "Parent Relationship": "Outer", "Startup Cost": 1490040083041.2, "Total Cost": 1490040083068.22, "Plan Rows": 10808, "Plan Width": 24, "Sort Key": ["ci.movie_id"], "Plans": [{"Node Type": "Merge Join", "Parent Relationship": "Outer", "Join Type": "Inner", "Startup Cost": 59439679227.39, "Total Cost": 1490040082317.07, "Plan Rows": 10808, "Plan Width": 24, "Inner Unique": false, "Merge Cond": "(chn.id = ci.person_role_id)", "Plans": [{"Node Type": "Index Scan", "Parent Relationship": "Outer", "Scan Direction": "Forward", "Index Name": "char_name_pkey", "Relation Name": "char_name", "Alias": "chn", "Startup Cost": 10000000000.0, "Total Cost": 1000012987545.51, "Plan Rows": 3140338, "Plan Width": 20}, {"Node Type": "Index Scan", "Parent Relationship": "Inner", "Scan Direction": "Forward", "Index Name": "person_role_id_cast_info", "Relation Name": "cast_info", "Alias": "ci", "Startup Cost": 10000000000.0, "Total Cost": 1000211315681.48, "Plan Rows": 22295, "Plan Width": 12, "Filter": "(((note)::text ~~ '%(voice)%'::text) AND ((note)::text ~~ '%(uncredited)%'::text))"}]}]}, {"Node Type": "Index Scan", "Parent Relationship": "Inner", "Scan Direction": "Forward", "Index Name": "title_pkey", "Relation Name": "title", "Alias": "t", "Startup Cost": 10000000000.0, "Total Cost": 1000011644126.66, "Plan Rows": 1013492, "Plan Width": 21, "Filter": "(production_year > 2005), (LLVM Optimized)"}]}, {"Node Type": "Index Scan", "Parent Relationship": "Inner", "Scan Direction": "Forward", "Index Name": "movie_id_movie_companies", "Relation Name": "movie_companies", "Alias": "mc", "Startup Cost": 10000000000.0, "Total Cost": 1000013051946.13, "Plan Rows": 2609128, "Plan Width": 12}]}]}, {"Node Type": "Index Scan", "Parent Relationship": "Inner", "Scan Direction": "Forward", "Index Name": "company_name_pkey", "Relation Name": "company_name", "Alias": "cn", "Startup Cost": 10000000000.0, "Total Cost": 1000001050138.97, "Plan Rows": 251, "Plan Width": 4, "Filter": "((country_code)::text = '[ru]'::text)"}]}]}, {"Node Type": "Materialize", "Parent Relationship": "Inner", "Startup Cost": 10000000000.0, "Total Cost": 1000000000829.51, "Plan Rows": 3, "Plan Width": 4, "Plans": [{"Node Type": "Index Only Scan", "Parent Relationship": "Outer", "Scan Direction": "Forward", "Index Name": "company_type_pkey", "Relation Name": "company_type", "Alias": "ct", "Startup Cost": 10000000000.0, "Total Cost": 1000000000829.5, "Plan Rows": 3, "Plan Width": 4}]}]}]}, {"Node Type": "Materialize", "Parent Relationship": "Inner", "Startup Cost": 10000000000.0, "Total Cost": 1000000001246.0, "Plan Rows": 1, "Plan Width": 4, "Plans": [{"Node Type": "Index Scan", "Parent Relationship": "Outer", "Scan Direction": "Forward", "Index Name": "role_type_pkey", "Relation Name": "role_type", "Alias": "rt", "Startup Cost": 10000000000.0, "Total Cost": 1000000001246.0, "Plan Rows": 1, "Plan Width": 4, "Filter": "((role)::text = 'actor'::text)"}]}]}]}, "Unique SQL Id": 2933943827, "Planner Runtime": 46}, "explain_analyze_plan": null}, "(16, 92)": {"explain_plan": {"Plan": {"Node Type": "Aggregate", "Strategy": "Plain", "Startup Cost": 19914.67, "Total Cost": 19914.68, "Plan Rows": 1, "Plan Width": 97, "Plans": [{"Node Type": "Nested Loop", "Parent Relationship": "Outer", "Join Type": "Inner", "Startup Cost": 0.0, "Total Cost": 19914.66, "Plan Rows": 2, "Plan Width": 33, "Inner Unique": true, "Plans": [{"Node Type": "Nested Loop", "Parent Relationship": "Outer", "Join Type": "Inner", "Startup Cost": 0.0, "Total Cost": 19914.1, "Plan Rows": 2, "Plan Width": 37, "Inner Unique": true, "Plans": [{"Node Type": "Nested Loop", "Parent Relationship": "Outer", "Join Type": "Inner", "Startup Cost": 0.0, "Total Cost": 19887.22, "Plan Rows": 5, "Plan Width": 25, "Inner Unique": true, "Plans": [{"Node Type": "Nested Loop", "Parent Relationship": "Outer", "Join Type": "Inner", "Startup Cost": 0.0, "Total Cost": 19885.12, "Plan Rows": 6, "Plan Width": 16, "Inner Unique": true, "Plans": [{"Node Type": "Nested Loop", "Parent Relationship": "Outer", "Join Type": "Inner", "Startup Cost": 0.0, "Total Cost": 19865.87, "Plan Rows": 68, "Plan Width": 20, "Inner Unique": false, "Plans": [{"Node Type": "Nested Loop", "Parent Relationship": "Outer", "Join Type": "Inner", "Startup Cost": 0.0, "Total Cost": 16121.55, "Plan Rows": 3779, "Plan Width": 8, "Inner Unique": false, "Plans": [{"Node Type": "Seq Scan", "Parent Relationship": "Outer", "Relation Name": "company_name", "Alias": "cn", "Startup Cost": 0.0, "Total Cost": 5903.45, "Plan Rows": 251, "Plan Width": 4, "Filter": "((country_code)::text = '[ru]'::text)"}, {"Node Type": "Index Scan", "Parent Relationship": "Inner", "Scan Direction": "Forward", "Index Name": "company_id_movie_companies", "Relation Name": "movie_companies", "Alias": "mc", "Startup Cost": 0.0, "Total Cost": 40.56, "Plan Rows": 15, "Plan Width": 12, "Index Cond": "(company_id = cn.id)"}]}, {"Node Type": "Index Scan", "Parent Relationship": "Inner", "Scan Direction": "Forward", "Index Name": "movie_id_cast_info", "Relation Name": "cast_info", "Alias": "ci", "Startup Cost": 0.0, "Total Cost": 0.98, "Plan Rows": 1, "Plan Width": 12, "Index Cond": "(movie_id = mc.movie_id)", "Filter": "(((note)::text ~~ '%(voice)%'::text) AND ((note)::text ~~ '%(uncredited)%'::text))"}]}, {"Node Type": "Index Scan", "Parent Relationship": "Inner", "Scan Direction": "Forward", "Index Name": "role_type_pkey", "Relation Name": "role_type", "Alias": "rt", "Startup Cost": 0.0, "Total Cost": 0.27, "Plan Rows": 1, "Plan Width": 4, "Index Cond": "(id = ci.role_id)", "Filter": "((role)::text = 'actor'::text)"}]}, {"Node Type": "Index Scan", "Parent Relationship": "Inner", "Scan Direction": "Forward", "Index Name": "title_pkey", "Relation Name": "title", "Alias": "t", "Startup Cost": 0.0, "Total Cost": 0.34, "Plan Rows": 1, "Plan Width": 21, "Index Cond": "(id = mc.movie_id)", "Filter": "(production_year > 2005)"}]}, {"Node Type": "Index Scan", "Parent Relationship": "Inner", "Scan Direction": "Forward", "Index Name": "char_name_pkey", "Relation Name": "char_name", "Alias": "chn", "Startup Cost": 0.0, "Total Cost": 5.37, "Plan Rows": 1, "Plan Width": 20, "Index Cond": "(id = ci.person_role_id)"}]}, {"Node Type": "Index Scan", "Parent Relationship": "Inner", "Scan Direction": "Forward", "Index Name": "company_type_pkey", "Relation Name": "company_type", "Alias": "ct", "Startup Cost": 0.0, "Total Cost": 0.27, "Plan Rows": 1, "Plan Width": 4, "Index Cond": "(id = mc.company_type_id)"}]}]}, "Unique SQL Id": 2933943827, "Planner Runtime": 14}, "explain_analyze_plan": {"Plan": {"Node Type": "Aggregate", "Strategy": "Plain", "Startup Cost": 19914.67, "Total Cost": 19914.68, "Plan Rows": 1, "Plan Width": 97, "Actual Startup Time": 1049.012, "Actual Total Time": 1049.013, "Actual Rows": 1, "Actual Loops": 1, "Plans": [{"Node Type": "Nested Loop", "Parent Relationship": "Outer", "Join Type": "Inner", "Startup Cost": 0.0, "Total Cost": 19914.66, "Plan Rows": 2, "Plan Width": 33, "Actual Startup Time": 61.791, "Actual Total Time": 1048.935, "Actual Rows": 18, "Actual Loops": 1, "Inner Unique": true, "Plans": [{"Node Type": "Nested Loop", "Parent Relationship": "Outer", "Join Type": "Inner", "Startup Cost": 0.0, "Total Cost": 19914.1, "Plan Rows": 2, "Plan Width": 37, "Actual Startup Time": 12.193, "Actual Total Time": 1048.635, "Actual Rows": 104, "Actual Loops": 1, "Inner Unique": true, "Plans": [{"Node Type": "Nested Loop", "Parent Relationship": "Outer", "Join Type": "Inner", "Startup Cost": 0.0, "Total Cost": 19887.22, "Plan Rows": 5, "Plan Width": 25, "Actual Startup Time": 12.178, "Actual Total Time": 1047.415, "Actual Rows": 112, "Actual Loops": 1, "Inner Unique": true, "Plans": [{"Node Type": "Nested Loop", "Parent Relationship": "Outer", "Join Type": "Inner", "Startup Cost": 0.0, "Total Cost": 19885.12, "Plan Rows": 6, "Plan Width": 16, "Actual Startup Time": 0.857, "Actual Total Time": 1044.904, "Actual Rows": 275, "Actual Loops": 1, "Inner Unique": true, "Plans": [{"Node Type": "Nested Loop", "Parent Relationship": "Outer", "Join Type": "Inner", "Startup Cost": 0.0, "Total Cost": 19865.87, "Plan Rows": 68, "Plan Width": 20, "Actual Startup Time": 0.85, "Actual Total Time": 1043.36, "Actual Rows": 377, "Actual Loops": 1, "Inner Unique": false, "Plans": [{"Node Type": "Nested Loop", "Parent Relationship": "Outer", "Join Type": "Inner", "Startup Cost": 0.0, "Total Cost": 16121.55, "Plan Rows": 3779, "Plan Width": 8, "Actual Startup Time": 0.063, "Actual Total Time": 114.567, "Actual Rows": 8790, "Actual Loops": 1, "Inner Unique": false, "Plans": [{"Node Type": "Seq Scan", "Parent Relationship": "Outer", "Relation Name": "company_name", "Alias": "cn", "Startup Cost": 0.0, "Total Cost": 5903.45, "Plan Rows": 251, "Plan Width": 4, "Actual Startup Time": 0.043, "Actual Total Time": 85.276, "Actual Rows": 1361, "Actual Loops": 1, "Filter": "((country_code)::text = '[ru]'::text)", "Rows Removed by Filter": 233635}, {"Node Type": "Index Scan", "Parent Relationship": "Inner", "Scan Direction": "Forward", "Index Name": "company_id_movie_companies", "Relation Name": "movie_companies", "Alias": "mc", "Startup Cost": 0.0, "Total Cost": 40.56, "Plan Rows": 15, "Plan Width": 12, "Actual Startup Time": 10.893, "Actual Total Time": 26.153, "Actual Rows": 8790, "Actual Loops": 1361, "Index Cond": "(company_id = cn.id)", "Rows Removed by Index Recheck": 0}]}, {"Node Type": "Index Scan", "Parent Relationship": "Inner", "Scan Direction": "Forward", "Index Name": "movie_id_cast_info", "Relation Name": "cast_info", "Alias": "ci", "Startup Cost": 0.0, "Total Cost": 0.98, "Plan Rows": 1, "Plan Width": 12, "Actual Startup Time": 868.943, "Actual Total Time": 923.495, "Actual Rows": 377, "Actual Loops": 8790, "Index Cond": "(movie_id = mc.movie_id)", "Rows Removed by Index Recheck": 0, "Filter": "(((note)::text ~~ '%(voice)%'::text) AND ((note)::text ~~ '%(uncredited)%'::text))", "Rows Removed by Filter": 408168}]}, {"Node Type": "Index Scan", "Parent Relationship": "Inner", "Scan Direction": "Forward", "Index Name": "role_type_pkey", "Relation Name": "role_type", "Alias": "rt", "Startup Cost": 0.0, "Total Cost": 0.27, "Plan Rows": 1, "Plan Width": 4, "Actual Startup Time": 1.034, "Actual Total Time": 1.034, "Actual Rows": 275, "Actual Loops": 377, "Index Cond": "(id = ci.role_id)", "Rows Removed by Index Recheck": 0, "Filter": "((role)::text = 'actor'::text)", "Rows Removed by Filter": 102}]}, {"Node Type": "Index Scan", "Parent Relationship": "Inner", "Scan Direction": "Forward", "Index Name": "title_pkey", "Relation Name": "title", "Alias": "t", "Startup Cost": 0.0, "Total Cost": 0.34, "Plan Rows": 1, "Plan Width": 21, "Actual Startup Time": 2.161, "Actual Total Time": 2.161, "Actual Rows": 112, "Actual Loops": 275, "Index Cond": "(id = mc.movie_id)", "Rows Removed by Index Recheck": 0, "Filter": "(production_year > 2005)", "Rows Removed by Filter": 163}]}, {"Node Type": "Index Scan", "Parent Relationship": "Inner", "Scan Direction": "Forward", "Index Name": "char_name_pkey", "Relation Name": "char_name", "Alias": "chn", "Startup Cost": 0.0, "Total Cost": 5.37, "Plan Rows": 1, "Plan Width": 20, "Actual Startup Time": 0.966, "Actual Total Time": 0.966, "Actual Rows": 104, "Actual Loops": 112, "Index Cond": "(id = ci.person_role_id)", "Rows Removed by Index Recheck": 0}]}, {"Node Type": "Index Scan", "Parent Relationship": "Inner", "Scan Direction": "Forward", "Index Name": "company_type_pkey", "Relation Name": "company_type", "Alias": "ct", "Startup Cost": 0.0, "Total Cost": 0.27, "Plan Rows": 1, "Plan Width": 4, "Actual Startup Time": 0.153, "Actual Total Time": 0.153, "Actual Rows": 18, "Actual Loops": 104, "Index Cond": "(id = mc.company_type_id)", "Rows Removed by Index Recheck": 0}]}]}, "Triggers": [], "Planner Runtime": 21, "Total Runtime": 1049.37, "Unique SQL Id": 2933943827}}, "(16, 93)": {"explain_plan": {"Plan": {"Node Type": "Aggregate", "Strategy": "Plain", "Startup Cost": 24512.61, "Total Cost": 24512.62, "Plan Rows": 1, "Plan Width": 97, "Plans": [{"Node Type": "Nested Loop", "Parent Relationship": "Outer", "Join Type": "Inner", "Startup Cost": 0.0, "Total Cost": 24512.6, "Plan Rows": 2, "Plan Width": 33, "Inner Unique": true, "Plans": [{"Node Type": "Nested Loop", "Parent Relationship": "Outer", "Join Type": "Inner", "Startup Cost": 0.0, "Total Cost": 24512.04, "Plan Rows": 2, "Plan Width": 37, "Inner Unique": true, "Plans": [{"Node Type": "Nested Loop", "Parent Relationship": "Outer", "Join Type": "Inner", "Startup Cost": 0.0, "Total Cost": 24485.16, "Plan Rows": 5, "Plan Width": 25, "Inner Unique": true, "Plans": [{"Node Type": "Nested Loop", "Parent Relationship": "Outer", "Join Type": "Inner", "Startup Cost": 0.0, "Total Cost": 24483.05, "Plan Rows": 6, "Plan Width": 16, "Inner Unique": true, "Plans": [{"Node Type": "Nested Loop", "Parent Relationship": "Outer", "Join Type": "Inner", "Startup Cost": 0.0, "Total Cost": 24463.81, "Plan Rows": 68, "Plan Width": 20, "Inner Unique": false, "Plans": [{"Node Type": "Nested Loop", "Parent Relationship": "Outer", "Join Type": "Inner", "Startup Cost": 0.0, "Total Cost": 20719.49, "Plan Rows": 3779, "Plan Width": 8, "Inner Unique": false, "Plans": [{"Node Type": "Index Scan", "Parent Relationship": "Outer", "Scan Direction": "Forward", "Index Name": "company_name_pkey", "Relation Name": "company_name", "Alias": "cn", "Startup Cost": 0.0, "Total Cost": 10501.39, "Plan Rows": 251, "Plan Width": 4, "Filter": "((country_code)::text = '[ru]'::text)"}, {"Node Type": "Index Scan", "Parent Relationship": "Inner", "Scan Direction": "Forward", "Index Name": "company_id_movie_companies", "Relation Name": "movie_companies", "Alias": "mc", "Startup Cost": 0.0, "Total Cost": 40.56, "Plan Rows": 15, "Plan Width": 12, "Index Cond": "(company_id = cn.id)"}]}, {"Node Type": "Index Scan", "Parent Relationship": "Inner", "Scan Direction": "Forward", "Index Name": "movie_id_cast_info", "Relation Name": "cast_info", "Alias": "ci", "Startup Cost": 0.0, "Total Cost": 0.98, "Plan Rows": 1, "Plan Width": 12, "Index Cond": "(movie_id = mc.movie_id)", "Filter": "(((note)::text ~~ '%(voice)%'::text) AND ((note)::text ~~ '%(uncredited)%'::text))"}]}, {"Node Type": "Index Scan", "Parent Relationship": "Inner", "Scan Direction": "Forward", "Index Name": "role_type_pkey", "Relation Name": "role_type", "Alias": "rt", "Startup Cost": 0.0, "Total Cost": 0.27, "Plan Rows": 1, "Plan Width": 4, "Index Cond": "(id = ci.role_id)", "Filter": "((role)::text = 'actor'::text)"}]}, {"Node Type": "Index Scan", "Parent Relationship": "Inner", "Scan Direction": "Forward", "Index Name": "title_pkey", "Relation Name": "title", "Alias": "t", "Startup Cost": 0.0, "Total Cost": 0.34, "Plan Rows": 1, "Plan Width": 21, "Index Cond": "(id = mc.movie_id)", "Filter": "(production_year > 2005)"}]}, {"Node Type": "Index Scan", "Parent Relationship": "Inner", "Scan Direction": "Forward", "Index Name": "char_name_pkey", "Relation Name": "char_name", "Alias": "chn", "Startup Cost": 0.0, "Total Cost": 5.37, "Plan Rows": 1, "Plan Width": 20, "Index Cond": "(id = ci.person_role_id)"}]}, {"Node Type": "Index Scan", "Parent Relationship": "Inner", "Scan Direction": "Forward", "Index Name": "company_type_pkey", "Relation Name": "company_type", "Alias": "ct", "Startup Cost": 0.0, "Total Cost": 0.27, "Plan Rows": 1, "Plan Width": 4, "Index Cond": "(id = mc.company_type_id)"}]}]}, "Unique SQL Id": 2933943827, "Planner Runtime": 10}, "explain_analyze_plan": {"Plan": {"Node Type": "Aggregate", "Strategy": "Plain", "Startup Cost": 24512.61, "Total Cost": 24512.62, "Plan Rows": 1, "Plan Width": 97, "Actual Startup Time": 1184.548, "Actual Total Time": 1184.548, "Actual Rows": 1, "Actual Loops": 1, "Plans": [{"Node Type": "Nested Loop", "Parent Relationship": "Outer", "Join Type": "Inner", "Startup Cost": 0.0, "Total Cost": 24512.6, "Plan Rows": 2, "Plan Width": 33, "Actual Startup Time": 35.919, "Actual Total Time": 1184.43, "Actual Rows": 18, "Actual Loops": 1, "Inner Unique": true, "Plans": [{"Node Type": "Nested Loop", "Parent Relationship": "Outer", "Join Type": "Inner", "Startup Cost": 0.0, "Total Cost": 24512.04, "Plan Rows": 2, "Plan Width": 37, "Actual Startup Time": 27.488, "Actual Total Time": 1184.136, "Actual Rows": 104, "Actual Loops": 1, "Inner Unique": true, "Plans": [{"Node Type": "Nested Loop", "Parent Relationship": "Outer", "Join Type": "Inner", "Startup Cost": 0.0, "Total Cost": 24485.16, "Plan Rows": 5, "Plan Width": 25, "Actual Startup Time": 27.473, "Actual Total Time": 1183.002, "Actual Rows": 112, "Actual Loops": 1, "Inner Unique": true, "Plans": [{"Node Type": "Nested Loop", "Parent Relationship": "Outer", "Join Type": "Inner", "Startup Cost": 0.0, "Total Cost": 24483.05, "Plan Rows": 6, "Plan Width": 16, "Actual Startup Time": 8.177, "Actual Total Time": 1180.534, "Actual Rows": 275, "Actual Loops": 1, "Inner Unique": true, "Plans": [{"Node Type": "Nested Loop", "Parent Relationship": "Outer", "Join Type": "Inner", "Startup Cost": 0.0, "Total Cost": 24463.81, "Plan Rows": 68, "Plan Width": 20, "Actual Startup Time": 8.168, "Actual Total Time": 1178.922, "Actual Rows": 377, "Actual Loops": 1, "Inner Unique": false, "Plans": [{"Node Type": "Nested Loop", "Parent Relationship": "Outer", "Join Type": "Inner", "Startup Cost": 0.0, "Total Cost": 20719.49, "Plan Rows": 3779, "Plan Width": 8, "Actual Startup Time": 0.676, "Actual Total Time": 323.66, "Actual Rows": 8790, "Actual Loops": 1, "Inner Unique": false, "Plans": [{"Node Type": "Index Scan", "Parent Relationship": "Outer", "Scan Direction": "Forward", "Index Name": "company_name_pkey", "Relation Name": "company_name", "Alias": "cn", "Startup Cost": 0.0, "Total Cost": 10501.39, "Plan Rows": 251, "Plan Width": 4, "Actual Startup Time": 0.657, "Actual Total Time": 299.232, "Actual Rows": 1361, "Actual Loops": 1, "Filter": "((country_code)::text = '[ru]'::text)", "Rows Removed by Filter": 233635}, {"Node Type": "Index Scan", "Parent Relationship": "Inner", "Scan Direction": "Forward", "Index Name": "company_id_movie_companies", "Relation Name": "movie_companies", "Alias": "mc", "Startup Cost": 0.0, "Total Cost": 40.56, "Plan Rows": 15, "Plan Width": 12, "Actual Startup Time": 7.763, "Actual Total Time": 21.028, "Actual Rows": 8790, "Actual Loops": 1361, "Index Cond": "(company_id = cn.id)", "Rows Removed by Index Recheck": 0}]}, {"Node Type": "Index Scan", "Parent Relationship": "Inner", "Scan Direction": "Forward", "Index Name": "movie_id_cast_info", "Relation Name": "cast_info", "Alias": "ci", "Startup Cost": 0.0, "Total Cost": 0.98, "Plan Rows": 1, "Plan Width": 12, "Actual Startup Time": 798.002, "Actual Total Time": 849.821, "Actual Rows": 377, "Actual Loops": 8790, "Index Cond": "(movie_id = mc.movie_id)", "Rows Removed by Index Recheck": 0, "Filter": "(((note)::text ~~ '%(voice)%'::text) AND ((note)::text ~~ '%(uncredited)%'::text))", "Rows Removed by Filter": 408168}]}, {"Node Type": "Index Scan", "Parent Relationship": "Inner", "Scan Direction": "Forward", "Index Name": "role_type_pkey", "Relation Name": "role_type", "Alias": "rt", "Startup Cost": 0.0, "Total Cost": 0.27, "Plan Rows": 1, "Plan Width": 4, "Actual Startup Time": 1.084, "Actual Total Time": 1.084, "Actual Rows": 275, "Actual Loops": 377, "Index Cond": "(id = ci.role_id)", "Rows Removed by Index Recheck": 0, "Filter": "((role)::text = 'actor'::text)", "Rows Removed by Filter": 102}]}, {"Node Type": "Index Scan", "Parent Relationship": "Inner", "Scan Direction": "Forward", "Index Name": "title_pkey", "Relation Name": "title", "Alias": "t", "Startup Cost": 0.0, "Total Cost": 0.34, "Plan Rows": 1, "Plan Width": 21, "Actual Startup Time": 2.111, "Actual Total Time": 2.111, "Actual Rows": 112, "Actual Loops": 275, "Index Cond": "(id = mc.movie_id)", "Rows Removed by Index Recheck": 0, "Filter": "(production_year > 2005)", "Rows Removed by Filter": 163}]}, {"Node Type": "Index Scan", "Parent Relationship": "Inner", "Scan Direction": "Forward", "Index Name": "char_name_pkey", "Relation Name": "char_name", "Alias": "chn", "Startup Cost": 0.0, "Total Cost": 5.37, "Plan Rows": 1, "Plan Width": 20, "Actual Startup Time": 0.883, "Actual Total Time": 0.883, "Actual Rows": 104, "Actual Loops": 112, "Index Cond": "(id = ci.person_role_id)", "Rows Removed by Index Recheck": 0}]}, {"Node Type": "Index Scan", "Parent Relationship": "Inner", "Scan Direction": "Forward", "Index Name": "company_type_pkey", "Relation Name": "company_type", "Alias": "ct", "Startup Cost": 0.0, "Total Cost": 0.27, "Plan Rows": 1, "Plan Width": 4, "Actual Startup Time": 0.155, "Actual Total Time": 0.155, "Actual Rows": 18, "Actual Loops": 104, "Index Cond": "(id = mc.company_type_id)", "Rows Removed by Index Recheck": 0}]}]}, "Triggers": [], "Planner Runtime": 12, "Total Runtime": 1184.903, "Unique SQL Id": 2933943827}}, "(16, 94)": {"explain_plan": {"Plan": {"Node Type": "Aggregate", "Strategy": "Plain", "Startup Cost": 3099155297762.21, "Total Cost": 3099155297762.22, "Plan Rows": 1, "Plan Width": 97, "Plans": [{"Node Type": "Merge Join", "Parent Relationship": "Outer", "Join Type": "Inner", "Startup Cost": 3099155297762.13, "Total Cost": 3099155297762.2, "Plan Rows": 2, "Plan Width": 33, "Inner Unique": true, "Merge Cond": "(mc.company_type_id = ct.id)", "Plans": [{"Node Type": "Sort", "Parent Relationship": "Outer", "Startup Cost": 3099155297761.07, "Total Cost": 3099155297761.08, "Plan Rows": 4, "Plan Width": 37, "Sort Key": ["mc.company_type_id"], "Plans": [{"Node Type": "Merge Join", "Parent Relationship": "Outer", "Join Type": "Inner", "Startup Cost": 3099155297747.46, "Total Cost": 3099155297761.03, "Plan Rows": 4, "Plan Width": 37, "Inner Unique": true, "Merge Cond": "(mc.company_id = cn.id)", "Plans": [{"Node Type": "Sort", "Parent Relationship": "Outer", "Startup Cost": 3099155291833.68, "Total Cost": 3099155291839.98, "Plan Rows": 2520, "Plan Width": 41, "Sort Key": ["mc.company_id"], "Plans": [{"Node Type": "Merge Join", "Parent Relationship": "Outer", "Join Type": "Inner", "Startup Cost": 2109142233184.57, "Total Cost": 3099155291691.31, "Plan Rows": 2520, "Plan Width": 41, "Inner Unique": false, "Merge Cond": "(mc.movie_id = t.id)", "Plans": [{"Node Type": "Index Scan", "Parent Relationship": "Outer", "Scan Direction": "Forward", "Index Name": "movie_id_movie_companies", "Relation Name": "movie_companies", "Alias": "mc", "Startup Cost": 10000000000.0, "Total Cost": 1000013051946.13, "Plan Rows": 2609128, "Plan Width": 12}, {"Node Type": "Sort", "Parent Relationship": "Inner", "Startup Cost": 2099142233184.57, "Total Cost": 2099142233187.55, "Plan Rows": 1193, "Plan Width": 41, "Sort Key": ["ci.movie_id"], "Plans": [{"Node Type": "Merge Join", "Parent Relationship": "Outer", "Join Type": "Inner", "Startup Cost": 1109129237709.85, "Total Cost": 2099142233123.61, "Plan Rows": 1193, "Plan Width": 41, "Inner Unique": false, "Merge Cond": "(chn.id = ci.person_role_id)", "Plans": [{"Node Type": "Index Scan", "Parent Relationship": "Outer", "Scan Direction": "Forward", "Index Name": "char_name_pkey", "Relation Name": "char_name", "Alias": "chn", "Startup Cost": 10000000000.0, "Total Cost": 1000012987545.51, "Plan Rows": 3140338, "Plan Width": 20}, {"Node Type": "Sort", "Parent Relationship": "Inner", "Startup Cost": 1099129237709.36, "Total Cost": 1099129237715.51, "Plan Rows": 2460, "Plan Width": 29, "Sort Key": ["ci.person_role_id"], "Plans": [{"Node Type": "Merge Join", "Parent Relationship": "Outer", "Join Type": "Inner", "Startup Cost": 110000647206.05, "Total Cost": 1099129237570.81, "Plan Rows": 2460, "Plan Width": 29, "Inner Unique": false, "Merge Cond": "(t.id = ci.movie_id)", "Plans": [{"Node Type": "Index Scan", "Parent Relationship": "Outer", "Scan Direction": "Forward", "Index Name": "title_pkey", "Relation Name": "title", "Alias": "t", "Startup Cost": 10000000000.0, "Total Cost": 1000011644126.66, "Plan Rows": 1013492, "Plan Width": 21, "Filter": "(production_year > 2005), (LLVM Optimized)"}, {"Node Type": "Sort", "Parent Relationship": "Inner", "Startup Cost": 100000647206.05, "Total Cost": 100000647211.12, "Plan Rows": 2027, "Plan Width": 8, "Sort Key": ["ci.movie_id"], "Plans": [{"Node Type": "Nested Loop", "Parent Relationship": "Outer", "Join Type": "Inner", "Startup Cost": 10000000000.0, "Total Cost": 100000647094.72, "Plan Rows": 2027, "Plan Width": 8, "Inner Unique": false, "Join Filter": "(ci.role_id = rt.id)", "Plans": [{"Node Type": "Seq Scan", "Parent Relationship": "Outer", "Relation Name": "role_type", "Alias": "rt", "Startup Cost": 0.0, "Total Cost": 1.15, "Plan Rows": 1, "Plan Width": 4, "Filter": "((role)::text = 'actor'::text)"}, {"Node Type": "Materialize", "Parent Relationship": "Inner", "Startup Cost": 0.0, "Total Cost": 64485.37, "Plan Rows": 22295, "Plan Width": 12, "Plans": [{"Node Type": "Streaming(type: LOCAL GATHER dop: 1/16)", "Parent Relationship": "Outer", "Startup Cost": 0.0, "Total Cost": 64429.63, "Plan Rows": 22295, "Plan Width": 12, "Plans": [{"Node Type": "Seq Scan", "Parent Relationship": "Outer", "Relation Name": "cast_info", "Alias": "ci", "Startup Cost": 0.0, "Total Cost": 63948.46, "Plan Rows": 22295, "Plan Width": 12, "Filter": "(((note)::text ~~ '%(voice)%'::text) AND ((note)::text ~~ '%(uncredited)%'::text))"}]}]}]}]}]}]}]}]}]}]}, {"Node Type": "Sort", "Parent Relationship": "Inner", "Startup Cost": 5913.45, "Total Cost": 5914.08, "Plan Rows": 251, "Plan Width": 4, "Sort Key": ["cn.id"], "Plans": [{"Node Type": "Seq Scan", "Parent Relationship": "Outer", "Relation Name": "company_name", "Alias": "cn", "Startup Cost": 0.0, "Total Cost": 5903.45, "Plan Rows": 251, "Plan Width": 4, "Filter": "((country_code)::text = '[ru]'::text)"}]}]}]}, {"Node Type": "Sort", "Parent Relationship": "Inner", "Startup Cost": 1.05, "Total Cost": 1.06, "Plan Rows": 3, "Plan Width": 4, "Sort Key": ["ct.id"], "Plans": [{"Node Type": "Seq Scan", "Parent Relationship": "Outer", "Relation Name": "company_type", "Alias": "ct", "Startup Cost": 0.0, "Total Cost": 1.03, "Plan Rows": 3, "Plan Width": 4}]}]}]}, "Unique SQL Id": 2933943827, "Planner Runtime": 38}, "explain_analyze_plan": null}, "(16, 95)": {"explain_plan": {"Plan": {"Node Type": "Aggregate", "Strategy": "Plain", "Startup Cost": 6488202630745.57, "Total Cost": 6488202630745.58, "Plan Rows": 1, "Plan Width": 97, "Plans": [{"Node Type": "Merge Join", "Parent Relationship": "Outer", "Join Type": "Inner", "Startup Cost": 5498202629499.29, "Total Cost": 6488202630745.55, "Plan Rows": 4, "Plan Width": 33, "Inner Unique": true, "Merge Cond": "(ci.role_id = rt.id)", "Plans": [{"Node Type": "Sort", "Parent Relationship": "Outer", "Startup Cost": 5488202629499.29, "Total Cost": 5488202629499.39, "Plan Rows": 40, "Plan Width": 37, "Sort Key": ["ci.role_id"], "Plans": [{"Node Type": "Merge Join", "Parent Relationship": "Outer", "Join Type": "Inner", "Startup Cost": 4498202628268.03, "Total Cost": 5488202629498.23, "Plan Rows": 40, "Plan Width": 37, "Inner Unique": true, "Merge Cond": "(mc.company_type_id = ct.id)", "Plans": [{"Node Type": "Sort", "Parent Relationship": "Outer", "Startup Cost": 4488202628267.93, "Total Cost": 4488202628268.03, "Plan Rows": 40, "Plan Width": 41, "Sort Key": ["mc.company_type_id"], "Plans": [{"Node Type": "Merge Join", "Parent Relationship": "Outer", "Join Type": "Inner", "Startup Cost": 3498201577991.91, "Total Cost": 4488202628266.87, "Plan Rows": 40, "Plan Width": 41, "Inner Unique": true, "Merge Cond": "(mc.company_id = cn.id)", "Plans": [{"Node Type": "Sort", "Parent Relationship": "Outer", "Startup Cost": 3488201577988.31, "Total Cost": 3488201578057.59, "Plan Rows": 27712, "Plan Width": 45, "Sort Key": ["mc.company_id"], "Plans": [{"Node Type": "Merge Join", "Parent Relationship": "Outer", "Join Type": "Inner", "Startup Cost": 1510040083041.2, "Total Cost": 3488201575943.41, "Plan Rows": 27712, "Plan Width": 45, "Inner Unique": false, "Merge Cond": "(t.id = mc.movie_id)", "Plans": [{"Node Type": "Merge Join", "Parent Relationship": "Outer", "Join Type": "Inner", "Startup Cost": 1500040083041.2, "Total Cost": 2489168673554.28, "Plan Rows": 13119, "Plan Width": 45, "Inner Unique": true, "Merge Cond": "(ci.movie_id = t.id)", "Plans": [{"Node Type": "Sort", "Parent Relationship": "Outer", "Startup Cost": 1490040083041.2, "Total Cost": 1490040083068.22, "Plan Rows": 10808, "Plan Width": 24, "Sort Key": ["ci.movie_id"], "Plans": [{"Node Type": "Merge Join", "Parent Relationship": "Outer", "Join Type": "Inner", "Startup Cost": 59439679227.39, "Total Cost": 1490040082317.07, "Plan Rows": 10808, "Plan Width": 24, "Inner Unique": false, "Merge Cond": "(chn.id = ci.person_role_id)", "Plans": [{"Node Type": "Index Scan", "Parent Relationship": "Outer", "Scan Direction": "Forward", "Index Name": "char_name_pkey", "Relation Name": "char_name", "Alias": "chn", "Startup Cost": 10000000000.0, "Total Cost": 1000012987545.51, "Plan Rows": 3140338, "Plan Width": 20}, {"Node Type": "Index Scan", "Parent Relationship": "Inner", "Scan Direction": "Forward", "Index Name": "person_role_id_cast_info", "Relation Name": "cast_info", "Alias": "ci", "Startup Cost": 10000000000.0, "Total Cost": 1000211315681.48, "Plan Rows": 22295, "Plan Width": 12, "Filter": "(((note)::text ~~ '%(voice)%'::text) AND ((note)::text ~~ '%(uncredited)%'::text))"}]}]}, {"Node Type": "Index Scan", "Parent Relationship": "Inner", "Scan Direction": "Forward", "Index Name": "title_pkey", "Relation Name": "title", "Alias": "t", "Startup Cost": 10000000000.0, "Total Cost": 1000011644126.66, "Plan Rows": 1013492, "Plan Width": 21, "Filter": "(production_year > 2005), (LLVM Optimized)"}]}, {"Node Type": "Index Scan", "Parent Relationship": "Inner", "Scan Direction": "Forward", "Index Name": "movie_id_movie_companies", "Relation Name": "movie_companies", "Alias": "mc", "Startup Cost": 10000000000.0, "Total Cost": 1000013051946.13, "Plan Rows": 2609128, "Plan Width": 12}]}]}, {"Node Type": "Index Scan", "Parent Relationship": "Inner", "Scan Direction": "Forward", "Index Name": "company_name_pkey", "Relation Name": "company_name", "Alias": "cn", "Startup Cost": 10000000000.0, "Total Cost": 1000001050138.97, "Plan Rows": 251, "Plan Width": 4, "Filter": "((country_code)::text = '[ru]'::text)"}]}]}, {"Node Type": "Materialize", "Parent Relationship": "Inner", "Startup Cost": 10000000000.0, "Total Cost": 1000000001229.51, "Plan Rows": 3, "Plan Width": 4, "Plans": [{"Node Type": "Index Scan", "Parent Relationship": "Outer", "Scan Direction": "Forward", "Index Name": "company_type_pkey", "Relation Name": "company_type", "Alias": "ct", "Startup Cost": 10000000000.0, "Total Cost": 1000000001229.5, "Plan Rows": 3, "Plan Width": 4}]}]}]}, {"Node Type": "Materialize", "Parent Relationship": "Inner", "Startup Cost": 10000000000.0, "Total Cost": 1000000001246.0, "Plan Rows": 1, "Plan Width": 4, "Plans": [{"Node Type": "Index Scan", "Parent Relationship": "Outer", "Scan Direction": "Forward", "Index Name": "role_type_pkey", "Relation Name": "role_type", "Alias": "rt", "Startup Cost": 10000000000.0, "Total Cost": 1000000001246.0, "Plan Rows": 1, "Plan Width": 4, "Filter": "((role)::text = 'actor'::text)"}]}]}]}, "Unique SQL Id": 2933943827, "Planner Runtime": 46}, "explain_analyze_plan": null}, "(16, 96)": {"explain_plan": {"Plan": {"Node Type": "Aggregate", "Strategy": "Plain", "Startup Cost": 19914.67, "Total Cost": 19914.68, "Plan Rows": 1, "Plan Width": 97, "Plans": [{"Node Type": "Nested Loop", "Parent Relationship": "Outer", "Join Type": "Inner", "Startup Cost": 0.0, "Total Cost": 19914.66, "Plan Rows": 2, "Plan Width": 33, "Inner Unique": true, "Plans": [{"Node Type": "Nested Loop", "Parent Relationship": "Outer", "Join Type": "Inner", "Startup Cost": 0.0, "Total Cost": 19914.1, "Plan Rows": 2, "Plan Width": 37, "Inner Unique": true, "Plans": [{"Node Type": "Nested Loop", "Parent Relationship": "Outer", "Join Type": "Inner", "Startup Cost": 0.0, "Total Cost": 19887.22, "Plan Rows": 5, "Plan Width": 25, "Inner Unique": true, "Plans": [{"Node Type": "Nested Loop", "Parent Relationship": "Outer", "Join Type": "Inner", "Startup Cost": 0.0, "Total Cost": 19885.12, "Plan Rows": 6, "Plan Width": 16, "Inner Unique": true, "Plans": [{"Node Type": "Nested Loop", "Parent Relationship": "Outer", "Join Type": "Inner", "Startup Cost": 0.0, "Total Cost": 19865.87, "Plan Rows": 68, "Plan Width": 20, "Inner Unique": false, "Plans": [{"Node Type": "Nested Loop", "Parent Relationship": "Outer", "Join Type": "Inner", "Startup Cost": 0.0, "Total Cost": 16121.55, "Plan Rows": 3779, "Plan Width": 8, "Inner Unique": false, "Plans": [{"Node Type": "Seq Scan", "Parent Relationship": "Outer", "Relation Name": "company_name", "Alias": "cn", "Startup Cost": 0.0, "Total Cost": 5903.45, "Plan Rows": 251, "Plan Width": 4, "Filter": "((country_code)::text = '[ru]'::text)"}, {"Node Type": "Index Scan", "Parent Relationship": "Inner", "Scan Direction": "Forward", "Index Name": "company_id_movie_companies", "Relation Name": "movie_companies", "Alias": "mc", "Startup Cost": 0.0, "Total Cost": 40.56, "Plan Rows": 15, "Plan Width": 12, "Index Cond": "(company_id = cn.id)"}]}, {"Node Type": "Index Scan", "Parent Relationship": "Inner", "Scan Direction": "Forward", "Index Name": "movie_id_cast_info", "Relation Name": "cast_info", "Alias": "ci", "Startup Cost": 0.0, "Total Cost": 0.98, "Plan Rows": 1, "Plan Width": 12, "Index Cond": "(movie_id = mc.movie_id)", "Filter": "(((note)::text ~~ '%(voice)%'::text) AND ((note)::text ~~ '%(uncredited)%'::text))"}]}, {"Node Type": "Index Scan", "Parent Relationship": "Inner", "Scan Direction": "Forward", "Index Name": "role_type_pkey", "Relation Name": "role_type", "Alias": "rt", "Startup Cost": 0.0, "Total Cost": 0.27, "Plan Rows": 1, "Plan Width": 4, "Index Cond": "(id = ci.role_id)", "Filter": "((role)::text = 'actor'::text)"}]}, {"Node Type": "Index Scan", "Parent Relationship": "Inner", "Scan Direction": "Forward", "Index Name": "title_pkey", "Relation Name": "title", "Alias": "t", "Startup Cost": 0.0, "Total Cost": 0.34, "Plan Rows": 1, "Plan Width": 21, "Index Cond": "(id = mc.movie_id)", "Filter": "(production_year > 2005)"}]}, {"Node Type": "Index Scan", "Parent Relationship": "Inner", "Scan Direction": "Forward", "Index Name": "char_name_pkey", "Relation Name": "char_name", "Alias": "chn", "Startup Cost": 0.0, "Total Cost": 5.37, "Plan Rows": 1, "Plan Width": 20, "Index Cond": "(id = ci.person_role_id)"}]}, {"Node Type": "Index Only Scan", "Parent Relationship": "Inner", "Scan Direction": "Forward", "Index Name": "company_type_pkey", "Relation Name": "company_type", "Alias": "ct", "Startup Cost": 0.0, "Total Cost": 0.27, "Plan Rows": 1, "Plan Width": 4, "Index Cond": "(id = mc.company_type_id)"}]}]}, "Unique SQL Id": 2933943827, "Planner Runtime": 21}, "explain_analyze_plan": {"Plan": {"Node Type": "Aggregate", "Strategy": "Plain", "Startup Cost": 19914.67, "Total Cost": 19914.68, "Plan Rows": 1, "Plan Width": 97, "Actual Startup Time": 938.476, "Actual Total Time": 938.477, "Actual Rows": 1, "Actual Loops": 1, "Plans": [{"Node Type": "Nested Loop", "Parent Relationship": "Outer", "Join Type": "Inner", "Startup Cost": 0.0, "Total Cost": 19914.66, "Plan Rows": 2, "Plan Width": 33, "Actual Startup Time": 63.395, "Actual Total Time": 938.399, "Actual Rows": 18, "Actual Loops": 1, "Inner Unique": true, "Plans": [{"Node Type": "Nested Loop", "Parent Relationship": "Outer", "Join Type": "Inner", "Startup Cost": 0.0, "Total Cost": 19914.1, "Plan Rows": 2, "Plan Width": 37, "Actual Startup Time": 13.066, "Actual Total Time": 938.069, "Actual Rows": 104, "Actual Loops": 1, "Inner Unique": true, "Plans": [{"Node Type": "Nested Loop", "Parent Relationship": "Outer", "Join Type": "Inner", "Startup Cost": 0.0, "Total Cost": 19887.22, "Plan Rows": 5, "Plan Width": 25, "Actual Startup Time": 13.05, "Actual Total Time": 936.929, "Actual Rows": 112, "Actual Loops": 1, "Inner Unique": true, "Plans": [{"Node Type": "Nested Loop", "Parent Relationship": "Outer", "Join Type": "Inner", "Startup Cost": 0.0, "Total Cost": 19885.12, "Plan Rows": 6, "Plan Width": 16, "Actual Startup Time": 0.978, "Actual Total Time": 934.501, "Actual Rows": 275, "Actual Loops": 1, "Inner Unique": true, "Plans": [{"Node Type": "Nested Loop", "Parent Relationship": "Outer", "Join Type": "Inner", "Startup Cost": 0.0, "Total Cost": 19865.87, "Plan Rows": 68, "Plan Width": 20, "Actual Startup Time": 0.971, "Actual Total Time": 932.897, "Actual Rows": 377, "Actual Loops": 1, "Inner Unique": false, "Plans": [{"Node Type": "Nested Loop", "Parent Relationship": "Outer", "Join Type": "Inner", "Startup Cost": 0.0, "Total Cost": 16121.55, "Plan Rows": 3779, "Plan Width": 8, "Actual Startup Time": 0.073, "Actual Total Time": 106.997, "Actual Rows": 8790, "Actual Loops": 1, "Inner Unique": false, "Plans": [{"Node Type": "Seq Scan", "Parent Relationship": "Outer", "Relation Name": "company_name", "Alias": "cn", "Startup Cost": 0.0, "Total Cost": 5903.45, "Plan Rows": 251, "Plan Width": 4, "Actual Startup Time": 0.051, "Actual Total Time": 81.47, "Actual Rows": 1361, "Actual Loops": 1, "Filter": "((country_code)::text = '[ru]'::text)", "Rows Removed by Filter": 233635}, {"Node Type": "Index Scan", "Parent Relationship": "Inner", "Scan Direction": "Forward", "Index Name": "company_id_movie_companies", "Relation Name": "movie_companies", "Alias": "mc", "Startup Cost": 0.0, "Total Cost": 40.56, "Plan Rows": 15, "Plan Width": 12, "Actual Startup Time": 9.117, "Actual Total Time": 22.33, "Actual Rows": 8790, "Actual Loops": 1361, "Index Cond": "(company_id = cn.id)", "Rows Removed by Index Recheck": 0}]}, {"Node Type": "Index Scan", "Parent Relationship": "Inner", "Scan Direction": "Forward", "Index Name": "movie_id_cast_info", "Relation Name": "cast_info", "Alias": "ci", "Startup Cost": 0.0, "Total Cost": 0.98, "Plan Rows": 1, "Plan Width": 12, "Actual Startup Time": 771.815, "Actual Total Time": 820.529, "Actual Rows": 377, "Actual Loops": 8790, "Index Cond": "(movie_id = mc.movie_id)", "Rows Removed by Index Recheck": 0, "Filter": "(((note)::text ~~ '%(voice)%'::text) AND ((note)::text ~~ '%(uncredited)%'::text))", "Rows Removed by Filter": 408168}]}, {"Node Type": "Index Scan", "Parent Relationship": "Inner", "Scan Direction": "Forward", "Index Name": "role_type_pkey", "Relation Name": "role_type", "Alias": "rt", "Startup Cost": 0.0, "Total Cost": 0.27, "Plan Rows": 1, "Plan Width": 4, "Actual Startup Time": 1.08, "Actual Total Time": 1.08, "Actual Rows": 275, "Actual Loops": 377, "Index Cond": "(id = ci.role_id)", "Rows Removed by Index Recheck": 0, "Filter": "((role)::text = 'actor'::text)", "Rows Removed by Filter": 102}]}, {"Node Type": "Index Scan", "Parent Relationship": "Inner", "Scan Direction": "Forward", "Index Name": "title_pkey", "Relation Name": "title", "Alias": "t", "Startup Cost": 0.0, "Total Cost": 0.34, "Plan Rows": 1, "Plan Width": 21, "Actual Startup Time": 2.019, "Actual Total Time": 2.019, "Actual Rows": 112, "Actual Loops": 275, "Index Cond": "(id = mc.movie_id)", "Rows Removed by Index Recheck": 0, "Filter": "(production_year > 2005)", "Rows Removed by Filter": 163}]}, {"Node Type": "Index Scan", "Parent Relationship": "Inner", "Scan Direction": "Forward", "Index Name": "char_name_pkey", "Relation Name": "char_name", "Alias": "chn", "Startup Cost": 0.0, "Total Cost": 5.37, "Plan Rows": 1, "Plan Width": 20, "Actual Startup Time": 0.859, "Actual Total Time": 0.859, "Actual Rows": 104, "Actual Loops": 112, "Index Cond": "(id = ci.person_role_id)", "Rows Removed by Index Recheck": 0}]}, {"Node Type": "Index Only Scan", "Parent Relationship": "Inner", "Scan Direction": "Forward", "Index Name": "company_type_pkey", "Relation Name": "company_type", "Alias": "ct", "Startup Cost": 0.0, "Total Cost": 0.27, "Plan Rows": 1, "Plan Width": 4, "Actual Startup Time": 0.174, "Actual Total Time": 0.174, "Actual Rows": 18, "Actual Loops": 104, "Index Cond": "(id = mc.company_type_id)", "Rows Removed by Index Recheck": 0, "Heap Fetches": 0}]}]}, "Triggers": [], "Planner Runtime": 22, "Total Runtime": 938.94, "Unique SQL Id": 2933943827}}, "(16, 97)": {"explain_plan": {"Plan": {"Node Type": "Aggregate", "Strategy": "Plain", "Startup Cost": 22693.96, "Total Cost": 22693.97, "Plan Rows": 1, "Plan Width": 97, "Plans": [{"Node Type": "Nested Loop", "Parent Relationship": "Outer", "Join Type": "Inner", "Startup Cost": 2779.29, "Total Cost": 22693.95, "Plan Rows": 2, "Plan Width": 33, "Inner Unique": true, "Plans": [{"Node Type": "Nested Loop", "Parent Relationship": "Outer", "Join Type": "Inner", "Startup Cost": 2779.29, "Total Cost": 22693.39, "Plan Rows": 2, "Plan Width": 37, "Inner Unique": true, "Plans": [{"Node Type": "Nested Loop", "Parent Relationship": "Outer", "Join Type": "Inner", "Startup Cost": 2779.29, "Total Cost": 22666.51, "Plan Rows": 5, "Plan Width": 25, "Inner Unique": true, "Plans": [{"Node Type": "Nested Loop", "Parent Relationship": "Outer", "Join Type": "Inner", "Startup Cost": 2779.29, "Total Cost": 22664.41, "Plan Rows": 6, "Plan Width": 16, "Inner Unique": true, "Plans": [{"Node Type": "Nested Loop", "Parent Relationship": "Outer", "Join Type": "Inner", "Startup Cost": 2779.29, "Total Cost": 22645.16, "Plan Rows": 68, "Plan Width": 20, "Inner Unique": false, "Plans": [{"Node Type": "Nested Loop", "Parent Relationship": "Outer", "Join Type": "Inner", "Startup Cost": 2779.29, "Total Cost": 18900.84, "Plan Rows": 3779, "Plan Width": 8, "Inner Unique": false, "Plans": [{"Node Type": "Bitmap Heap Scan", "Parent Relationship": "Outer", "Relation Name": "company_name", "Alias": "cn", "Startup Cost": 2779.29, "Total Cost": 8682.74, "Plan Rows": 251, "Plan Width": 4, "Filter": "((country_code)::text = '[ru]'::text)", "Plans": [{"Node Type": "Bitmap Index Scan", "Parent Relationship": "Outer", "Index Name": "company_name_pkey", "Startup Cost": 0.0, "Total Cost": 2779.23, "Plan Rows": 234996, "Plan Width": 0}]}, {"Node Type": "Index Scan", "Parent Relationship": "Inner", "Scan Direction": "Forward", "Index Name": "company_id_movie_companies", "Relation Name": "movie_companies", "Alias": "mc", "Startup Cost": 0.0, "Total Cost": 40.56, "Plan Rows": 15, "Plan Width": 12, "Index Cond": "(company_id = cn.id)"}]}, {"Node Type": "Index Scan", "Parent Relationship": "Inner", "Scan Direction": "Forward", "Index Name": "movie_id_cast_info", "Relation Name": "cast_info", "Alias": "ci", "Startup Cost": 0.0, "Total Cost": 0.98, "Plan Rows": 1, "Plan Width": 12, "Index Cond": "(movie_id = mc.movie_id)", "Filter": "(((note)::text ~~ '%(voice)%'::text) AND ((note)::text ~~ '%(uncredited)%'::text))"}]}, {"Node Type": "Index Scan", "Parent Relationship": "Inner", "Scan Direction": "Forward", "Index Name": "role_type_pkey", "Relation Name": "role_type", "Alias": "rt", "Startup Cost": 0.0, "Total Cost": 0.27, "Plan Rows": 1, "Plan Width": 4, "Index Cond": "(id = ci.role_id)", "Filter": "((role)::text = 'actor'::text)"}]}, {"Node Type": "Index Scan", "Parent Relationship": "Inner", "Scan Direction": "Forward", "Index Name": "title_pkey", "Relation Name": "title", "Alias": "t", "Startup Cost": 0.0, "Total Cost": 0.34, "Plan Rows": 1, "Plan Width": 21, "Index Cond": "(id = mc.movie_id)", "Filter": "(production_year > 2005)"}]}, {"Node Type": "Index Scan", "Parent Relationship": "Inner", "Scan Direction": "Forward", "Index Name": "char_name_pkey", "Relation Name": "char_name", "Alias": "chn", "Startup Cost": 0.0, "Total Cost": 5.37, "Plan Rows": 1, "Plan Width": 20, "Index Cond": "(id = ci.person_role_id)"}]}, {"Node Type": "Index Only Scan", "Parent Relationship": "Inner", "Scan Direction": "Forward", "Index Name": "company_type_pkey", "Relation Name": "company_type", "Alias": "ct", "Startup Cost": 0.0, "Total Cost": 0.27, "Plan Rows": 1, "Plan Width": 4, "Index Cond": "(id = mc.company_type_id)"}]}]}, "Unique SQL Id": 2933943827, "Planner Runtime": 13}, "explain_analyze_plan": {"Plan": {"Node Type": "Aggregate", "Strategy": "Plain", "Startup Cost": 22693.96, "Total Cost": 22693.97, "Plan Rows": 1, "Plan Width": 97, "Actual Startup Time": 799.596, "Actual Total Time": 799.597, "Actual Rows": 1, "Actual Loops": 1, "Plans": [{"Node Type": "Nested Loop", "Parent Relationship": "Outer", "Join Type": "Inner", "Startup Cost": 2779.29, "Total Cost": 22693.95, "Plan Rows": 2, "Plan Width": 33, "Actual Startup Time": 65.155, "Actual Total Time": 799.495, "Actual Rows": 18, "Actual Loops": 1, "Inner Unique": true, "Plans": [{"Node Type": "Nested Loop", "Parent Relationship": "Outer", "Join Type": "Inner", "Startup Cost": 2779.29, "Total Cost": 22693.39, "Plan Rows": 2, "Plan Width": 37, "Actual Startup Time": 31.536, "Actual Total Time": 799.2, "Actual Rows": 104, "Actual Loops": 1, "Inner Unique": true, "Plans": [{"Node Type": "Nested Loop", "Parent Relationship": "Outer", "Join Type": "Inner", "Startup Cost": 2779.29, "Total Cost": 22666.51, "Plan Rows": 5, "Plan Width": 25, "Actual Startup Time": 31.525, "Actual Total Time": 798.357, "Actual Rows": 112, "Actual Loops": 1, "Inner Unique": true, "Plans": [{"Node Type": "Nested Loop", "Parent Relationship": "Outer", "Join Type": "Inner", "Startup Cost": 2779.29, "Total Cost": 22664.41, "Plan Rows": 6, "Plan Width": 16, "Actual Startup Time": 23.365, "Actual Total Time": 796.343, "Actual Rows": 275, "Actual Loops": 1, "Inner Unique": true, "Plans": [{"Node Type": "Nested Loop", "Parent Relationship": "Outer", "Join Type": "Inner", "Startup Cost": 2779.29, "Total Cost": 22645.16, "Plan Rows": 68, "Plan Width": 20, "Actual Startup Time": 23.351, "Actual Total Time": 794.626, "Actual Rows": 377, "Actual Loops": 1, "Inner Unique": false, "Plans": [{"Node Type": "Nested Loop", "Parent Relationship": "Outer", "Join Type": "Inner", "Startup Cost": 2779.29, "Total Cost": 18900.84, "Plan Rows": 3779, "Plan Width": 8, "Actual Startup Time": 22.572, "Actual Total Time": 147.81, "Actual Rows": 8790, "Actual Loops": 1, "Inner Unique": false, "Plans": [{"Node Type": "Bitmap Heap Scan", "Parent Relationship": "Outer", "Relation Name": "company_name", "Alias": "cn", "Startup Cost": 2779.29, "Total Cost": 8682.74, "Plan Rows": 251, "Plan Width": 4, "Actual Startup Time": 22.546, "Actual Total Time": 126.692, "Actual Rows": 1361, "Actual Loops": 1, "Filter": "((country_code)::text = '[ru]'::text)", "Rows Removed by Filter": 233635, "Exact Heap Blocks": 2966, "Lossy Heap Blocks": 2966, "Plans": [{"Node Type": "Bitmap Index Scan", "Parent Relationship": "Outer", "Index Name": "company_name_pkey", "Startup Cost": 0.0, "Total Cost": 2779.23, "Plan Rows": 234996, "Plan Width": 0, "Actual Startup Time": 22.063, "Actual Total Time": 22.063, "Actual Rows": 234996, "Actual Loops": 1}]}, {"Node Type": "Index Scan", "Parent Relationship": "Inner", "Scan Direction": "Forward", "Index Name": "company_id_movie_companies", "Relation Name": "movie_companies", "Alias": "mc", "Startup Cost": 0.0, "Total Cost": 40.56, "Plan Rows": 15, "Plan Width": 12, "Actual Startup Time": 7.756, "Actual Total Time": 17.886, "Actual Rows": 8790, "Actual Loops": 1361, "Index Cond": "(company_id = cn.id)", "Rows Removed by Index Recheck": 0}]}, {"Node Type": "Index Scan", "Parent Relationship": "Inner", "Scan Direction": "Forward", "Index Name": "movie_id_cast_info", "Relation Name": "cast_info", "Alias": "ci", "Startup Cost": 0.0, "Total Cost": 0.98, "Plan Rows": 1, "Plan Width": 12, "Actual Startup Time": 603.891, "Actual Total Time": 641.236, "Actual Rows": 377, "Actual Loops": 8790, "Index Cond": "(movie_id = mc.movie_id)", "Rows Removed by Index Recheck": 0, "Filter": "(((note)::text ~~ '%(voice)%'::text) AND ((note)::text ~~ '%(uncredited)%'::text))", "Rows Removed by Filter": 408168}]}, {"Node Type": "Index Scan", "Parent Relationship": "Inner", "Scan Direction": "Forward", "Index Name": "role_type_pkey", "Relation Name": "role_type", "Alias": "rt", "Startup Cost": 0.0, "Total Cost": 0.27, "Plan Rows": 1, "Plan Width": 4, "Actual Startup Time": 1.174, "Actual Total Time": 1.174, "Actual Rows": 275, "Actual Loops": 377, "Index Cond": "(id = ci.role_id)", "Rows Removed by Index Recheck": 0, "Filter": "((role)::text = 'actor'::text)", "Rows Removed by Filter": 102}]}, {"Node Type": "Index Scan", "Parent Relationship": "Inner", "Scan Direction": "Forward", "Index Name": "title_pkey", "Relation Name": "title", "Alias": "t", "Startup Cost": 0.0, "Total Cost": 0.34, "Plan Rows": 1, "Plan Width": 21, "Actual Startup Time": 1.622, "Actual Total Time": 1.622, "Actual Rows": 112, "Actual Loops": 275, "Index Cond": "(id = mc.movie_id)", "Rows Removed by Index Recheck": 0, "Filter": "(production_year > 2005)", "Rows Removed by Filter": 163}]}, {"Node Type": "Index Scan", "Parent Relationship": "Inner", "Scan Direction": "Forward", "Index Name": "char_name_pkey", "Relation Name": "char_name", "Alias": "chn", "Startup Cost": 0.0, "Total Cost": 5.37, "Plan Rows": 1, "Plan Width": 20, "Actual Startup Time": 0.622, "Actual Total Time": 0.622, "Actual Rows": 104, "Actual Loops": 112, "Index Cond": "(id = ci.person_role_id)", "Rows Removed by Index Recheck": 0}]}, {"Node Type": "Index Only Scan", "Parent Relationship": "Inner", "Scan Direction": "Forward", "Index Name": "company_type_pkey", "Relation Name": "company_type", "Alias": "ct", "Startup Cost": 0.0, "Total Cost": 0.27, "Plan Rows": 1, "Plan Width": 4, "Actual Startup Time": 0.157, "Actual Total Time": 0.157, "Actual Rows": 18, "Actual Loops": 104, "Index Cond": "(id = mc.company_type_id)", "Rows Removed by Index Recheck": 0, "Heap Fetches": 0}]}]}, "Triggers": [], "Planner Runtime": 13, "Total Runtime": 799.984, "Unique SQL Id": 2933943827}}, "(16, 98)": {"explain_plan": {"Plan": {"Node Type": "Aggregate", "Strategy": "Plain", "Startup Cost": 38349.31, "Total Cost": 38349.32, "Plan Rows": 1, "Plan Width": 97, "Plans": [{"Node Type": "Nested Loop", "Parent Relationship": "Outer", "Join Type": "Inner", "Startup Cost": 8.82, "Total Cost": 38349.3, "Plan Rows": 2, "Plan Width": 33, "Inner Unique": true, "Plans": [{"Node Type": "Nested Loop", "Parent Relationship": "Outer", "Join Type": "Inner", "Startup Cost": 8.56, "Total Cost": 38340.74, "Plan Rows": 2, "Plan Width": 37, "Inner Unique": true, "Plans": [{"Node Type": "Nested Loop", "Parent Relationship": "Outer", "Join Type": "Inner", "Startup Cost": 8.29, "Total Cost": 38327.85, "Plan Rows": 3, "Plan Width": 28, "Inner Unique": true, "Plans": [{"Node Type": "Hash Join", "Parent Relationship": "Outer", "Join Type": "Inner", "Startup Cost": 5.99, "Total Cost": 38289.92, "Plan Rows": 6, "Plan Width": 16, "Inner Unique": true, "Hash Cond": "(ci.role_id = rt.id)", "Plans": [{"Node Type": "Nested Loop", "Parent Relationship": "Outer", "Join Type": "Inner", "Startup Cost": 4.83, "Total Cost": 38288.52, "Plan Rows": 68, "Plan Width": 20, "Inner Unique": false, "Plans": [{"Node Type": "Nested Loop", "Parent Relationship": "Outer", "Join Type": "Inner", "Startup Cost": 4.32, "Total Cost": 20813.55, "Plan Rows": 3779, "Plan Width": 8, "Inner Unique": false, "Plans": [{"Node Type": "Seq Scan", "Parent Relationship": "Outer", "Relation Name": "company_name", "Alias": "cn", "Startup Cost": 0.0, "Total Cost": 5903.45, "Plan Rows": 251, "Plan Width": 4, "Filter": "((country_code)::text = '[ru]'::text)"}, {"Node Type": "Bitmap Heap Scan", "Parent Relationship": "Inner", "Relation Name": "movie_companies", "Alias": "mc", "Startup Cost": 4.32, "Total Cost": 59.25, "Plan Rows": 15, "Plan Width": 12, "Recheck Cond": "(company_id = cn.id)", "Plans": [{"Node Type": "Bitmap Index Scan", "Parent Relationship": "Outer", "Index Name": "company_id_movie_companies", "Startup Cost": 0.0, "Total Cost": 4.31, "Plan Rows": 15, "Plan Width": 0, "Index Cond": "(company_id = cn.id)"}]}]}, {"Node Type": "Bitmap Heap Scan", "Parent Relationship": "Inner", "Relation Name": "cast_info", "Alias": "ci", "Startup Cost": 0.51, "Total Cost": 4.61, "Plan Rows": 1, "Plan Width": 12, "Recheck Cond": "(movie_id = mc.movie_id)", "Filter": "(((note)::text ~~ '%(voice)%'::text) AND ((note)::text ~~ '%(uncredited)%'::text))", "Plans": [{"Node Type": "Bitmap Index Scan", "Parent Relationship": "Outer", "Index Name": "movie_id_cast_info", "Startup Cost": 0.0, "Total Cost": 0.51, "Plan Rows": 6, "Plan Width": 0, "Index Cond": "(movie_id = mc.movie_id)"}]}]}, {"Node Type": "Hash", "Parent Relationship": "Inner", "Startup Cost": 1.15, "Total Cost": 1.15, "Plan Rows": 1, "Plan Width": 4, "Plans": [{"Node Type": "Seq Scan", "Parent Relationship": "Outer", "Relation Name": "role_type", "Alias": "rt", "Startup Cost": 0.0, "Total Cost": 1.15, "Plan Rows": 1, "Plan Width": 4, "Filter": "((role)::text = 'actor'::text)"}]}]}, {"Node Type": "Bitmap Heap Scan", "Parent Relationship": "Inner", "Relation Name": "char_name", "Alias": "chn", "Startup Cost": 2.3, "Total Cost": 6.31, "Plan Rows": 1, "Plan Width": 20, "Recheck Cond": "(id = ci.person_role_id)", "Plans": [{"Node Type": "Bitmap Index Scan", "Parent Relationship": "Outer", "Index Name": "char_name_pkey", "Startup Cost": 0.0, "Total Cost": 2.3, "Plan Rows": 1, "Plan Width": 0, "Index Cond": "(id = ci.person_role_id)"}]}]}, {"Node Type": "Bitmap Heap Scan", "Parent Relationship": "Inner", "Relation Name": "title", "Alias": "t", "Startup Cost": 0.27, "Total Cost": 4.29, "Plan Rows": 1, "Plan Width": 21, "Recheck Cond": "(id = mc.movie_id)", "Filter": "(production_year > 2005)", "Plans": [{"Node Type": "Bitmap Index Scan", "Parent Relationship": "Outer", "Index Name": "title_pkey", "Startup Cost": 0.0, "Total Cost": 0.27, "Plan Rows": 1, "Plan Width": 0, "Index Cond": "(id = mc.movie_id)"}]}]}, {"Node Type": "Bitmap Heap Scan", "Parent Relationship": "Inner", "Relation Name": "company_type", "Alias": "ct", "Startup Cost": 0.26, "Total Cost": 4.27, "Plan Rows": 1, "Plan Width": 4, "Recheck Cond": "(id = mc.company_type_id)", "Plans": [{"Node Type": "Bitmap Index Scan", "Parent Relationship": "Outer", "Index Name": "company_type_pkey", "Startup Cost": 0.0, "Total Cost": 0.26, "Plan Rows": 1, "Plan Width": 0, "Index Cond": "(id = mc.company_type_id)"}]}]}]}, "Unique SQL Id": 2933943827, "Planner Runtime": 28}, "explain_analyze_plan": {"Plan": {"Node Type": "Aggregate", "Strategy": "Plain", "Startup Cost": 38349.31, "Total Cost": 38349.32, "Plan Rows": 1, "Plan Width": 97, "Actual Startup Time": 1045.041, "Actual Total Time": 1045.041, "Actual Rows": 1, "Actual Loops": 1, "Plans": [{"Node Type": "Nested Loop", "Parent Relationship": "Outer", "Join Type": "Inner", "Startup Cost": 8.82, "Total Cost": 38349.3, "Plan Rows": 2, "Plan Width": 33, "Actual Startup Time": 54.267, "Actual Total Time": 1044.941, "Actual Rows": 18, "Actual Loops": 1, "Inner Unique": true, "Plans": [{"Node Type": "Nested Loop", "Parent Relationship": "Outer", "Join Type": "Inner", "Startup Cost": 8.56, "Total Cost": 38340.74, "Plan Rows": 2, "Plan Width": 37, "Actual Startup Time": 11.311, "Actual Total Time": 1044.458, "Actual Rows": 104, "Actual Loops": 1, "Inner Unique": true, "Plans": [{"Node Type": "Nested Loop", "Parent Relationship": "Outer", "Join Type": "Inner", "Startup Cost": 8.29, "Total Cost": 38327.85, "Plan Rows": 3, "Plan Width": 28, "Actual Startup Time": 1.057, "Actual Total Time": 1041.9, "Actual Rows": 265, "Actual Loops": 1, "Inner Unique": true, "Plans": [{"Node Type": "Hash Join", "Parent Relationship": "Outer", "Join Type": "Inner", "Startup Cost": 5.99, "Total Cost": 38289.92, "Plan Rows": 6, "Plan Width": 16, "Actual Startup Time": 1.044, "Actual Total Time": 1038.847, "Actual Rows": 275, "Actual Loops": 1, "Inner Unique": true, "Hash Cond": "(ci.role_id = rt.id)", "Plans": [{"Node Type": "Nested Loop", "Parent Relationship": "Outer", "Join Type": "Inner", "Startup Cost": 4.83, "Total Cost": 38288.52, "Plan Rows": 68, "Plan Width": 20, "Actual Startup Time": 0.936, "Actual Total Time": 1038.225, "Actual Rows": 377, "Actual Loops": 1, "Inner Unique": false, "Plans": [{"Node Type": "Nested Loop", "Parent Relationship": "Outer", "Join Type": "Inner", "Startup Cost": 4.32, "Total Cost": 20813.55, "Plan Rows": 3779, "Plan Width": 8, "Actual Startup Time": 0.074, "Actual Total Time": 116.679, "Actual Rows": 8790, "Actual Loops": 1, "Inner Unique": false, "Plans": [{"Node Type": "Seq Scan", "Parent Relationship": "Outer", "Relation Name": "company_name", "Alias": "cn", "Startup Cost": 0.0, "Total Cost": 5903.45, "Plan Rows": 251, "Plan Width": 4, "Actual Startup Time": 0.034, "Actual Total Time": 84.326, "Actual Rows": 1361, "Actual Loops": 1, "Filter": "((country_code)::text = '[ru]'::text)", "Rows Removed by Filter": 233635}, {"Node Type": "Bitmap Heap Scan", "Parent Relationship": "Inner", "Relation Name": "movie_companies", "Alias": "mc", "Startup Cost": 4.32, "Total Cost": 59.25, "Plan Rows": 15, "Plan Width": 12, "Actual Startup Time": 14.222, "Actual Total Time": 27.602, "Actual Rows": 8790, "Actual Loops": 1361, "Recheck Cond": "(company_id = cn.id)", "Rows Removed by Index Recheck": 0, "Exact Heap Blocks": 7155, "Lossy Heap Blocks": 7155, "Plans": [{"Node Type": "Bitmap Index Scan", "Parent Relationship": "Outer", "Index Name": "company_id_movie_companies", "Startup Cost": 0.0, "Total Cost": 4.31, "Plan Rows": 15, "Plan Width": 0, "Actual Startup Time": 8.854, "Actual Total Time": 8.854, "Actual Rows": 8790, "Actual Loops": 1361, "Index Cond": "(company_id = cn.id)"}]}]}, {"Node Type": "Bitmap Heap Scan", "Parent Relationship": "Inner", "Relation Name": "cast_info", "Alias": "ci", "Startup Cost": 0.51, "Total Cost": 4.61, "Plan Rows": 1, "Plan Width": 12, "Actual Startup Time": 860.038, "Actual Total Time": 905.383, "Actual Rows": 377, "Actual Loops": 8790, "Recheck Cond": "(movie_id = mc.movie_id)", "Rows Removed by Index Recheck": 0, "Filter": "(((note)::text ~~ '%(voice)%'::text) AND ((note)::text ~~ '%(uncredited)%'::text))", "Rows Removed by Filter": 408168, "Exact Heap Blocks": 397651, "Lossy Heap Blocks": 397651, "Plans": [{"Node Type": "Bitmap Index Scan", "Parent Relationship": "Outer", "Index Name": "movie_id_cast_info", "Startup Cost": 0.0, "Total Cost": 0.51, "Plan Rows": 6, "Plan Width": 0, "Actual Startup Time": 121.593, "Actual Total Time": 121.593, "Actual Rows": 408545, "Actual Loops": 8790, "Index Cond": "(movie_id = mc.movie_id)"}]}]}, {"Node Type": "Hash", "Parent Relationship": "Inner", "Startup Cost": 1.15, "Total Cost": 1.15, "Plan Rows": 1, "Plan Width": 4, "Actual Startup Time": 0.049, "Actual Total Time": 0.049, "Actual Rows": 1, "Actual Loops": 1, "Hash Buckets": 32768, "Hash Batches": 1, "Original Hash Batches": 1, "Peak Memory Usage": 1, "Plans": [{"Node Type": "Seq Scan", "Parent Relationship": "Outer", "Relation Name": "role_type", "Alias": "rt", "Startup Cost": 0.0, "Total Cost": 1.15, "Plan Rows": 1, "Plan Width": 4, "Actual Startup Time": 0.029, "Actual Total Time": 0.034, "Actual Rows": 1, "Actual Loops": 1, "Filter": "((role)::text = 'actor'::text)", "Rows Removed by Filter": 11}]}]}, {"Node Type": "Bitmap Heap Scan", "Parent Relationship": "Inner", "Relation Name": "char_name", "Alias": "chn", "Startup Cost": 2.3, "Total Cost": 6.31, "Plan Rows": 1, "Plan Width": 20, "Actual Startup Time": 2.246, "Actual Total Time": 2.246, "Actual Rows": 265, "Actual Loops": 275, "Recheck Cond": "(id = ci.person_role_id)", "Rows Removed by Index Recheck": 0, "Exact Heap Blocks": 265, "Lossy Heap Blocks": 265, "Plans": [{"Node Type": "Bitmap Index Scan", "Parent Relationship": "Outer", "Index Name": "char_name_pkey", "Startup Cost": 0.0, "Total Cost": 2.3, "Plan Rows": 1, "Plan Width": 0, "Actual Startup Time": 1.469, "Actual Total Time": 1.469, "Actual Rows": 265, "Actual Loops": 275, "Index Cond": "(id = ci.person_role_id)"}]}]}, {"Node Type": "Bitmap Heap Scan", "Parent Relationship": "Inner", "Relation Name": "title", "Alias": "t", "Startup Cost": 0.27, "Total Cost": 4.29, "Plan Rows": 1, "Plan Width": 21, "Actual Startup Time": 1.965, "Actual Total Time": 1.965, "Actual Rows": 104, "Actual Loops": 265, "Recheck Cond": "(id = mc.movie_id)", "Rows Removed by Index Recheck": 0, "Filter": "(production_year > 2005)", "Rows Removed by Filter": 161, "Exact Heap Blocks": 265, "Lossy Heap Blocks": 265, "Plans": [{"Node Type": "Bitmap Index Scan", "Parent Relationship": "Outer", "Index Name": "title_pkey", "Startup Cost": 0.0, "Total Cost": 0.27, "Plan Rows": 1, "Plan Width": 0, "Actual Startup Time": 1.195, "Actual Total Time": 1.195, "Actual Rows": 265, "Actual Loops": 265, "Index Cond": "(id = mc.movie_id)"}]}]}, {"Node Type": "Bitmap Heap Scan", "Parent Relationship": "Inner", "Relation Name": "company_type", "Alias": "ct", "Startup Cost": 0.26, "Total Cost": 4.27, "Plan Rows": 1, "Plan Width": 4, "Actual Startup Time": 0.248, "Actual Total Time": 0.248, "Actual Rows": 18, "Actual Loops": 104, "Recheck Cond": "(id = mc.company_type_id)", "Rows Removed by Index Recheck": 0, "Exact Heap Blocks": 18, "Lossy Heap Blocks": 18, "Plans": [{"Node Type": "Bitmap Index Scan", "Parent Relationship": "Outer", "Index Name": "company_type_pkey", "Startup Cost": 0.0, "Total Cost": 0.26, "Plan Rows": 1, "Plan Width": 0, "Actual Startup Time": 0.126, "Actual Total Time": 0.126, "Actual Rows": 18, "Actual Loops": 104, "Index Cond": "(id = mc.company_type_id)"}]}]}]}, "Triggers": [], "Planner Runtime": 28, "Total Runtime": 1045.446, "Unique SQL Id": 2933943827}}, "(16, 99)": {"explain_plan": {"Plan": {"Node Type": "Aggregate", "Strategy": "Plain", "Startup Cost": 41418.46, "Total Cost": 41418.47, "Plan Rows": 1, "Plan Width": 97, "Plans": [{"Node Type": "Nested Loop", "Parent Relationship": "Outer", "Join Type": "Inner", "Startup Cost": 2787.21, "Total Cost": 41418.45, "Plan Rows": 2, "Plan Width": 33, "Inner Unique": true, "Plans": [{"Node Type": "Nested Loop", "Parent Relationship": "Outer", "Join Type": "Inner", "Startup Cost": 2786.95, "Total Cost": 41409.89, "Plan Rows": 2, "Plan Width": 37, "Inner Unique": true, "Plans": [{"Node Type": "Nested Loop", "Parent Relationship": "Outer", "Join Type": "Inner", "Startup Cost": 2786.68, "Total Cost": 41397.0, "Plan Rows": 3, "Plan Width": 28, "Inner Unique": true, "Plans": [{"Node Type": "Nested Loop", "Parent Relationship": "Outer", "Join Type": "Inner", "Startup Cost": 2784.38, "Total Cost": 41359.07, "Plan Rows": 6, "Plan Width": 16, "Inner Unique": true, "Plans": [{"Node Type": "Nested Loop", "Parent Relationship": "Outer", "Join Type": "Inner", "Startup Cost": 2784.12, "Total Cost": 41067.82, "Plan Rows": 68, "Plan Width": 20, "Inner Unique": false, "Plans": [{"Node Type": "Nested Loop", "Parent Relationship": "Outer", "Join Type": "Inner", "Startup Cost": 2783.61, "Total Cost": 23592.84, "Plan Rows": 3779, "Plan Width": 8, "Inner Unique": false, "Plans": [{"Node Type": "Bitmap Heap Scan", "Parent Relationship": "Outer", "Relation Name": "company_name", "Alias": "cn", "Startup Cost": 2779.29, "Total Cost": 8682.74, "Plan Rows": 251, "Plan Width": 4, "Filter": "((country_code)::text = '[ru]'::text)", "Plans": [{"Node Type": "Bitmap Index Scan", "Parent Relationship": "Outer", "Index Name": "company_name_pkey", "Startup Cost": 0.0, "Total Cost": 2779.23, "Plan Rows": 234996, "Plan Width": 0}]}, {"Node Type": "Bitmap Heap Scan", "Parent Relationship": "Inner", "Relation Name": "movie_companies", "Alias": "mc", "Startup Cost": 4.32, "Total Cost": 59.25, "Plan Rows": 15, "Plan Width": 12, "Recheck Cond": "(company_id = cn.id)", "Plans": [{"Node Type": "Bitmap Index Scan", "Parent Relationship": "Outer", "Index Name": "company_id_movie_companies", "Startup Cost": 0.0, "Total Cost": 4.31, "Plan Rows": 15, "Plan Width": 0, "Index Cond": "(company_id = cn.id)"}]}]}, {"Node Type": "Bitmap Heap Scan", "Parent Relationship": "Inner", "Relation Name": "cast_info", "Alias": "ci", "Startup Cost": 0.51, "Total Cost": 4.61, "Plan Rows": 1, "Plan Width": 12, "Recheck Cond": "(movie_id = mc.movie_id)", "Filter": "(((note)::text ~~ '%(voice)%'::text) AND ((note)::text ~~ '%(uncredited)%'::text))", "Plans": [{"Node Type": "Bitmap Index Scan", "Parent Relationship": "Outer", "Index Name": "movie_id_cast_info", "Startup Cost": 0.0, "Total Cost": 0.51, "Plan Rows": 6, "Plan Width": 0, "Index Cond": "(movie_id = mc.movie_id)"}]}]}, {"Node Type": "Bitmap Heap Scan", "Parent Relationship": "Inner", "Relation Name": "role_type", "Alias": "rt", "Startup Cost": 0.26, "Total Cost": 4.27, "Plan Rows": 1, "Plan Width": 4, "Recheck Cond": "(id = ci.role_id)", "Filter": "((role)::text = 'actor'::text)", "Plans": [{"Node Type": "Bitmap Index Scan", "Parent Relationship": "Outer", "Index Name": "role_type_pkey", "Startup Cost": 0.0, "Total Cost": 0.26, "Plan Rows": 1, "Plan Width": 0, "Index Cond": "(id = ci.role_id)"}]}]}, {"Node Type": "Bitmap Heap Scan", "Parent Relationship": "Inner", "Relation Name": "char_name", "Alias": "chn", "Startup Cost": 2.3, "Total Cost": 6.31, "Plan Rows": 1, "Plan Width": 20, "Recheck Cond": "(id = ci.person_role_id)", "Plans": [{"Node Type": "Bitmap Index Scan", "Parent Relationship": "Outer", "Index Name": "char_name_pkey", "Startup Cost": 0.0, "Total Cost": 2.3, "Plan Rows": 1, "Plan Width": 0, "Index Cond": "(id = ci.person_role_id)"}]}]}, {"Node Type": "Bitmap Heap Scan", "Parent Relationship": "Inner", "Relation Name": "title", "Alias": "t", "Startup Cost": 0.27, "Total Cost": 4.29, "Plan Rows": 1, "Plan Width": 21, "Recheck Cond": "(id = mc.movie_id)", "Filter": "(production_year > 2005)", "Plans": [{"Node Type": "Bitmap Index Scan", "Parent Relationship": "Outer", "Index Name": "title_pkey", "Startup Cost": 0.0, "Total Cost": 0.27, "Plan Rows": 1, "Plan Width": 0, "Index Cond": "(id = mc.movie_id)"}]}]}, {"Node Type": "Bitmap Heap Scan", "Parent Relationship": "Inner", "Relation Name": "company_type", "Alias": "ct", "Startup Cost": 0.26, "Total Cost": 4.27, "Plan Rows": 1, "Plan Width": 4, "Recheck Cond": "(id = mc.company_type_id)", "Plans": [{"Node Type": "Bitmap Index Scan", "Parent Relationship": "Outer", "Index Name": "company_type_pkey", "Startup Cost": 0.0, "Total Cost": 0.26, "Plan Rows": 1, "Plan Width": 0, "Index Cond": "(id = mc.company_type_id)"}]}]}]}, "Unique SQL Id": 2933943827, "Planner Runtime": 9}, "explain_analyze_plan": {"Plan": {"Node Type": "Aggregate", "Strategy": "Plain", "Startup Cost": 41418.46, "Total Cost": 41418.47, "Plan Rows": 1, "Plan Width": 97, "Actual Startup Time": 1197.675, "Actual Total Time": 1197.675, "Actual Rows": 1, "Actual Loops": 1, "Plans": [{"Node Type": "Nested Loop", "Parent Relationship": "Outer", "Join Type": "Inner", "Startup Cost": 2787.21, "Total Cost": 41418.45, "Plan Rows": 2, "Plan Width": 33, "Actual Startup Time": 99.205, "Actual Total Time": 1197.571, "Actual Rows": 18, "Actual Loops": 1, "Inner Unique": true, "Plans": [{"Node Type": "Nested Loop", "Parent Relationship": "Outer", "Join Type": "Inner", "Startup Cost": 2786.95, "Total Cost": 41409.89, "Plan Rows": 2, "Plan Width": 37, "Actual Startup Time": 42.334, "Actual Total Time": 1197.028, "Actual Rows": 104, "Actual Loops": 1, "Inner Unique": true, "Plans": [{"Node Type": "Nested Loop", "Parent Relationship": "Outer", "Join Type": "Inner", "Startup Cost": 2786.68, "Total Cost": 41397.0, "Plan Rows": 3, "Plan Width": 28, "Actual Startup Time": 27.449, "Actual Total Time": 1194.263, "Actual Rows": 265, "Actual Loops": 1, "Inner Unique": true, "Plans": [{"Node Type": "Nested Loop", "Parent Relationship": "Outer", "Join Type": "Inner", "Startup Cost": 2784.38, "Total Cost": 41359.07, "Plan Rows": 6, "Plan Width": 16, "Actual Startup Time": 27.428, "Actual Total Time": 1191.216, "Actual Rows": 275, "Actual Loops": 1, "Inner Unique": true, "Plans": [{"Node Type": "Nested Loop", "Parent Relationship": "Outer", "Join Type": "Inner", "Startup Cost": 2784.12, "Total Cost": 41067.82, "Plan Rows": 68, "Plan Width": 20, "Actual Startup Time": 27.408, "Actual Total Time": 1188.638, "Actual Rows": 377, "Actual Loops": 1, "Inner Unique": false, "Plans": [{"Node Type": "Nested Loop", "Parent Relationship": "Outer", "Join Type": "Inner", "Startup Cost": 2783.61, "Total Cost": 23592.84, "Plan Rows": 3779, "Plan Width": 8, "Actual Startup Time": 26.16, "Actual Total Time": 182.006, "Actual Rows": 8790, "Actual Loops": 1, "Inner Unique": false, "Plans": [{"Node Type": "Bitmap Heap Scan", "Parent Relationship": "Outer", "Relation Name": "company_name", "Alias": "cn", "Startup Cost": 2779.29, "Total Cost": 8682.74, "Plan Rows": 251, "Plan Width": 4, "Actual Startup Time": 26.111, "Actual Total Time": 148.164, "Actual Rows": 1361, "Actual Loops": 1, "Filter": "((country_code)::text = '[ru]'::text)", "Rows Removed by Filter": 233635, "Exact Heap Blocks": 2966, "Lossy Heap Blocks": 2966, "Plans": [{"Node Type": "Bitmap Index Scan", "Parent Relationship": "Outer", "Index Name": "company_name_pkey", "Startup Cost": 0.0, "Total Cost": 2779.23, "Plan Rows": 234996, "Plan Width": 0, "Actual Startup Time": 25.617, "Actual Total Time": 25.617, "Actual Rows": 234996, "Actual Loops": 1}]}, {"Node Type": "Bitmap Heap Scan", "Parent Relationship": "Inner", "Relation Name": "movie_companies", "Alias": "mc", "Startup Cost": 4.32, "Total Cost": 59.25, "Plan Rows": 15, "Plan Width": 12, "Actual Startup Time": 14.449, "Actual Total Time": 29.008, "Actual Rows": 8790, "Actual Loops": 1361, "Recheck Cond": "(company_id = cn.id)", "Rows Removed by Index Recheck": 0, "Exact Heap Blocks": 7155, "Lossy Heap Blocks": 7155, "Plans": [{"Node Type": "Bitmap Index Scan", "Parent Relationship": "Outer", "Index Name": "company_id_movie_companies", "Startup Cost": 0.0, "Total Cost": 4.31, "Plan Rows": 15, "Plan Width": 0, "Actual Startup Time": 9.127, "Actual Total Time": 9.127, "Actual Rows": 8790, "Actual Loops": 1361, "Index Cond": "(company_id = cn.id)"}]}]}, {"Node Type": "Bitmap Heap Scan", "Parent Relationship": "Inner", "Relation Name": "cast_info", "Alias": "ci", "Startup Cost": 0.51, "Total Cost": 4.61, "Plan Rows": 1, "Plan Width": 12, "Actual Startup Time": 938.519, "Actual Total Time": 990.4, "Actual Rows": 377, "Actual Loops": 8790, "Recheck Cond": "(movie_id = mc.movie_id)", "Rows Removed by Index Recheck": 0, "Filter": "(((note)::text ~~ '%(voice)%'::text) AND ((note)::text ~~ '%(uncredited)%'::text))", "Rows Removed by Filter": 408168, "Exact Heap Blocks": 397651, "Lossy Heap Blocks": 397651, "Plans": [{"Node Type": "Bitmap Index Scan", "Parent Relationship": "Outer", "Index Name": "movie_id_cast_info", "Startup Cost": 0.0, "Total Cost": 0.51, "Plan Rows": 6, "Plan Width": 0, "Actual Startup Time": 127.518, "Actual Total Time": 127.518, "Actual Rows": 408545, "Actual Loops": 8790, "Index Cond": "(movie_id = mc.movie_id)"}]}]}, {"Node Type": "Bitmap Heap Scan", "Parent Relationship": "Inner", "Relation Name": "role_type", "Alias": "rt", "Startup Cost": 0.26, "Total Cost": 4.27, "Plan Rows": 1, "Plan Width": 4, "Actual Startup Time": 1.696, "Actual Total Time": 1.696, "Actual Rows": 275, "Actual Loops": 377, "Recheck Cond": "(id = ci.role_id)", "Rows Removed by Index Recheck": 0, "Filter": "((role)::text = 'actor'::text)", "Rows Removed by Filter": 102, "Exact Heap Blocks": 377, "Lossy Heap Blocks": 377, "Plans": [{"Node Type": "Bitmap Index Scan", "Parent Relationship": "Outer", "Index Name": "role_type_pkey", "Startup Cost": 0.0, "Total Cost": 0.26, "Plan Rows": 1, "Plan Width": 0, "Actual Startup Time": 0.653, "Actual Total Time": 0.653, "Actual Rows": 377, "Actual Loops": 377, "Index Cond": "(id = ci.role_id)"}]}]}, {"Node Type": "Bitmap Heap Scan", "Parent Relationship": "Inner", "Relation Name": "char_name", "Alias": "chn", "Startup Cost": 2.3, "Total Cost": 6.31, "Plan Rows": 1, "Plan Width": 20, "Actual Startup Time": 2.327, "Actual Total Time": 2.327, "Actual Rows": 265, "Actual Loops": 275, "Recheck Cond": "(id = ci.person_role_id)", "Rows Removed by Index Recheck": 0, "Exact Heap Blocks": 265, "Lossy Heap Blocks": 265, "Plans": [{"Node Type": "Bitmap Index Scan", "Parent Relationship": "Outer", "Index Name": "char_name_pkey", "Startup Cost": 0.0, "Total Cost": 2.3, "Plan Rows": 1, "Plan Width": 0, "Actual Startup Time": 1.574, "Actual Total Time": 1.574, "Actual Rows": 265, "Actual Loops": 275, "Index Cond": "(id = ci.person_role_id)"}]}]}, {"Node Type": "Bitmap Heap Scan", "Parent Relationship": "Inner", "Relation Name": "title", "Alias": "t", "Startup Cost": 0.27, "Total Cost": 4.29, "Plan Rows": 1, "Plan Width": 21, "Actual Startup Time": 2.169, "Actual Total Time": 2.169, "Actual Rows": 104, "Actual Loops": 265, "Recheck Cond": "(id = mc.movie_id)", "Rows Removed by Index Recheck": 0, "Filter": "(production_year > 2005)", "Rows Removed by Filter": 161, "Exact Heap Blocks": 265, "Lossy Heap Blocks": 265, "Plans": [{"Node Type": "Bitmap Index Scan", "Parent Relationship": "Outer", "Index Name": "title_pkey", "Startup Cost": 0.0, "Total Cost": 0.27, "Plan Rows": 1, "Plan Width": 0, "Actual Startup Time": 1.333, "Actual Total Time": 1.333, "Actual Rows": 265, "Actual Loops": 265, "Index Cond": "(id = mc.movie_id)"}]}]}, {"Node Type": "Bitmap Heap Scan", "Parent Relationship": "Inner", "Relation Name": "company_type", "Alias": "ct", "Startup Cost": 0.26, "Total Cost": 4.27, "Plan Rows": 1, "Plan Width": 4, "Actual Startup Time": 0.281, "Actual Total Time": 0.281, "Actual Rows": 18, "Actual Loops": 104, "Recheck Cond": "(id = mc.company_type_id)", "Rows Removed by Index Recheck": 0, "Exact Heap Blocks": 18, "Lossy Heap Blocks": 18, "Plans": [{"Node Type": "Bitmap Index Scan", "Parent Relationship": "Outer", "Index Name": "company_type_pkey", "Startup Cost": 0.0, "Total Cost": 0.26, "Plan Rows": 1, "Plan Width": 0, "Actual Startup Time": 0.155, "Actual Total Time": 0.155, "Actual Rows": 18, "Actual Loops": 104, "Index Cond": "(id = mc.company_type_id)"}]}]}]}, "Triggers": [], "Planner Runtime": 6, "Total Runtime": 1198.112, "Unique SQL Id": 2933943827}}, "(16, 100)": {"explain_plan": {"Plan": {"Node Type": "Aggregate", "Strategy": "Plain", "Startup Cost": 19914.67, "Total Cost": 19914.68, "Plan Rows": 1, "Plan Width": 97, "Plans": [{"Node Type": "Nested Loop", "Parent Relationship": "Outer", "Join Type": "Inner", "Startup Cost": 0.0, "Total Cost": 19914.66, "Plan Rows": 2, "Plan Width": 33, "Inner Unique": true, "Plans": [{"Node Type": "Nested Loop", "Parent Relationship": "Outer", "Join Type": "Inner", "Startup Cost": 0.0, "Total Cost": 19914.1, "Plan Rows": 2, "Plan Width": 37, "Inner Unique": true, "Plans": [{"Node Type": "Nested Loop", "Parent Relationship": "Outer", "Join Type": "Inner", "Startup Cost": 0.0, "Total Cost": 19887.22, "Plan Rows": 5, "Plan Width": 25, "Inner Unique": true, "Plans": [{"Node Type": "Nested Loop", "Parent Relationship": "Outer", "Join Type": "Inner", "Startup Cost": 0.0, "Total Cost": 19885.12, "Plan Rows": 6, "Plan Width": 16, "Inner Unique": true, "Plans": [{"Node Type": "Nested Loop", "Parent Relationship": "Outer", "Join Type": "Inner", "Startup Cost": 0.0, "Total Cost": 19865.87, "Plan Rows": 68, "Plan Width": 20, "Inner Unique": false, "Plans": [{"Node Type": "Nested Loop", "Parent Relationship": "Outer", "Join Type": "Inner", "Startup Cost": 0.0, "Total Cost": 16121.55, "Plan Rows": 3779, "Plan Width": 8, "Inner Unique": false, "Plans": [{"Node Type": "Seq Scan", "Parent Relationship": "Outer", "Relation Name": "company_name", "Alias": "cn", "Startup Cost": 0.0, "Total Cost": 5903.45, "Plan Rows": 251, "Plan Width": 4, "Filter": "((country_code)::text = '[ru]'::text)"}, {"Node Type": "Index Scan", "Parent Relationship": "Inner", "Scan Direction": "Forward", "Index Name": "company_id_movie_companies", "Relation Name": "movie_companies", "Alias": "mc", "Startup Cost": 0.0, "Total Cost": 40.56, "Plan Rows": 15, "Plan Width": 12, "Index Cond": "(company_id = cn.id)"}]}, {"Node Type": "Index Scan", "Parent Relationship": "Inner", "Scan Direction": "Forward", "Index Name": "movie_id_cast_info", "Relation Name": "cast_info", "Alias": "ci", "Startup Cost": 0.0, "Total Cost": 0.98, "Plan Rows": 1, "Plan Width": 12, "Index Cond": "(movie_id = mc.movie_id)", "Filter": "(((note)::text ~~ '%(voice)%'::text) AND ((note)::text ~~ '%(uncredited)%'::text))"}]}, {"Node Type": "Index Scan", "Parent Relationship": "Inner", "Scan Direction": "Forward", "Index Name": "role_type_pkey", "Relation Name": "role_type", "Alias": "rt", "Startup Cost": 0.0, "Total Cost": 0.27, "Plan Rows": 1, "Plan Width": 4, "Index Cond": "(id = ci.role_id)", "Filter": "((role)::text = 'actor'::text)"}]}, {"Node Type": "Index Scan", "Parent Relationship": "Inner", "Scan Direction": "Forward", "Index Name": "title_pkey", "Relation Name": "title", "Alias": "t", "Startup Cost": 0.0, "Total Cost": 0.34, "Plan Rows": 1, "Plan Width": 21, "Index Cond": "(id = mc.movie_id)", "Filter": "(production_year > 2005)"}]}, {"Node Type": "Index Scan", "Parent Relationship": "Inner", "Scan Direction": "Forward", "Index Name": "char_name_pkey", "Relation Name": "char_name", "Alias": "chn", "Startup Cost": 0.0, "Total Cost": 5.37, "Plan Rows": 1, "Plan Width": 20, "Index Cond": "(id = ci.person_role_id)"}]}, {"Node Type": "Index Scan", "Parent Relationship": "Inner", "Scan Direction": "Forward", "Index Name": "company_type_pkey", "Relation Name": "company_type", "Alias": "ct", "Startup Cost": 0.0, "Total Cost": 0.27, "Plan Rows": 1, "Plan Width": 4, "Index Cond": "(id = mc.company_type_id)"}]}]}, "Unique SQL Id": 2933943827, "Planner Runtime": 21}, "explain_analyze_plan": {"Plan": {"Node Type": "Aggregate", "Strategy": "Plain", "Startup Cost": 19914.67, "Total Cost": 19914.68, "Plan Rows": 1, "Plan Width": 97, "Actual Startup Time": 1049.012, "Actual Total Time": 1049.013, "Actual Rows": 1, "Actual Loops": 1, "Plans": [{"Node Type": "Nested Loop", "Parent Relationship": "Outer", "Join Type": "Inner", "Startup Cost": 0.0, "Total Cost": 19914.66, "Plan Rows": 2, "Plan Width": 33, "Actual Startup Time": 61.791, "Actual Total Time": 1048.935, "Actual Rows": 18, "Actual Loops": 1, "Inner Unique": true, "Plans": [{"Node Type": "Nested Loop", "Parent Relationship": "Outer", "Join Type": "Inner", "Startup Cost": 0.0, "Total Cost": 19914.1, "Plan Rows": 2, "Plan Width": 37, "Actual Startup Time": 12.193, "Actual Total Time": 1048.635, "Actual Rows": 104, "Actual Loops": 1, "Inner Unique": true, "Plans": [{"Node Type": "Nested Loop", "Parent Relationship": "Outer", "Join Type": "Inner", "Startup Cost": 0.0, "Total Cost": 19887.22, "Plan Rows": 5, "Plan Width": 25, "Actual Startup Time": 12.178, "Actual Total Time": 1047.415, "Actual Rows": 112, "Actual Loops": 1, "Inner Unique": true, "Plans": [{"Node Type": "Nested Loop", "Parent Relationship": "Outer", "Join Type": "Inner", "Startup Cost": 0.0, "Total Cost": 19885.12, "Plan Rows": 6, "Plan Width": 16, "Actual Startup Time": 0.857, "Actual Total Time": 1044.904, "Actual Rows": 275, "Actual Loops": 1, "Inner Unique": true, "Plans": [{"Node Type": "Nested Loop", "Parent Relationship": "Outer", "Join Type": "Inner", "Startup Cost": 0.0, "Total Cost": 19865.87, "Plan Rows": 68, "Plan Width": 20, "Actual Startup Time": 0.85, "Actual Total Time": 1043.36, "Actual Rows": 377, "Actual Loops": 1, "Inner Unique": false, "Plans": [{"Node Type": "Nested Loop", "Parent Relationship": "Outer", "Join Type": "Inner", "Startup Cost": 0.0, "Total Cost": 16121.55, "Plan Rows": 3779, "Plan Width": 8, "Actual Startup Time": 0.063, "Actual Total Time": 114.567, "Actual Rows": 8790, "Actual Loops": 1, "Inner Unique": false, "Plans": [{"Node Type": "Seq Scan", "Parent Relationship": "Outer", "Relation Name": "company_name", "Alias": "cn", "Startup Cost": 0.0, "Total Cost": 5903.45, "Plan Rows": 251, "Plan Width": 4, "Actual Startup Time": 0.043, "Actual Total Time": 85.276, "Actual Rows": 1361, "Actual Loops": 1, "Filter": "((country_code)::text = '[ru]'::text)", "Rows Removed by Filter": 233635}, {"Node Type": "Index Scan", "Parent Relationship": "Inner", "Scan Direction": "Forward", "Index Name": "company_id_movie_companies", "Relation Name": "movie_companies", "Alias": "mc", "Startup Cost": 0.0, "Total Cost": 40.56, "Plan Rows": 15, "Plan Width": 12, "Actual Startup Time": 10.893, "Actual Total Time": 26.153, "Actual Rows": 8790, "Actual Loops": 1361, "Index Cond": "(company_id = cn.id)", "Rows Removed by Index Recheck": 0}]}, {"Node Type": "Index Scan", "Parent Relationship": "Inner", "Scan Direction": "Forward", "Index Name": "movie_id_cast_info", "Relation Name": "cast_info", "Alias": "ci", "Startup Cost": 0.0, "Total Cost": 0.98, "Plan Rows": 1, "Plan Width": 12, "Actual Startup Time": 868.943, "Actual Total Time": 923.495, "Actual Rows": 377, "Actual Loops": 8790, "Index Cond": "(movie_id = mc.movie_id)", "Rows Removed by Index Recheck": 0, "Filter": "(((note)::text ~~ '%(voice)%'::text) AND ((note)::text ~~ '%(uncredited)%'::text))", "Rows Removed by Filter": 408168}]}, {"Node Type": "Index Scan", "Parent Relationship": "Inner", "Scan Direction": "Forward", "Index Name": "role_type_pkey", "Relation Name": "role_type", "Alias": "rt", "Startup Cost": 0.0, "Total Cost": 0.27, "Plan Rows": 1, "Plan Width": 4, "Actual Startup Time": 1.034, "Actual Total Time": 1.034, "Actual Rows": 275, "Actual Loops": 377, "Index Cond": "(id = ci.role_id)", "Rows Removed by Index Recheck": 0, "Filter": "((role)::text = 'actor'::text)", "Rows Removed by Filter": 102}]}, {"Node Type": "Index Scan", "Parent Relationship": "Inner", "Scan Direction": "Forward", "Index Name": "title_pkey", "Relation Name": "title", "Alias": "t", "Startup Cost": 0.0, "Total Cost": 0.34, "Plan Rows": 1, "Plan Width": 21, "Actual Startup Time": 2.161, "Actual Total Time": 2.161, "Actual Rows": 112, "Actual Loops": 275, "Index Cond": "(id = mc.movie_id)", "Rows Removed by Index Recheck": 0, "Filter": "(production_year > 2005)", "Rows Removed by Filter": 163}]}, {"Node Type": "Index Scan", "Parent Relationship": "Inner", "Scan Direction": "Forward", "Index Name": "char_name_pkey", "Relation Name": "char_name", "Alias": "chn", "Startup Cost": 0.0, "Total Cost": 5.37, "Plan Rows": 1, "Plan Width": 20, "Actual Startup Time": 0.966, "Actual Total Time": 0.966, "Actual Rows": 104, "Actual Loops": 112, "Index Cond": "(id = ci.person_role_id)", "Rows Removed by Index Recheck": 0}]}, {"Node Type": "Index Scan", "Parent Relationship": "Inner", "Scan Direction": "Forward", "Index Name": "company_type_pkey", "Relation Name": "company_type", "Alias": "ct", "Startup Cost": 0.0, "Total Cost": 0.27, "Plan Rows": 1, "Plan Width": 4, "Actual Startup Time": 0.153, "Actual Total Time": 0.153, "Actual Rows": 18, "Actual Loops": 104, "Index Cond": "(id = mc.company_type_id)", "Rows Removed by Index Recheck": 0}]}]}, "Triggers": [], "Planner Runtime": 21, "Total Runtime": 1049.37, "Unique SQL Id": 2933943827}}, "(16, 101)": {"explain_plan": {"Plan": {"Node Type": "Aggregate", "Strategy": "Plain", "Startup Cost": 22693.96, "Total Cost": 22693.97, "Plan Rows": 1, "Plan Width": 97, "Plans": [{"Node Type": "Nested Loop", "Parent Relationship": "Outer", "Join Type": "Inner", "Startup Cost": 2779.29, "Total Cost": 22693.95, "Plan Rows": 2, "Plan Width": 33, "Inner Unique": true, "Plans": [{"Node Type": "Nested Loop", "Parent Relationship": "Outer", "Join Type": "Inner", "Startup Cost": 2779.29, "Total Cost": 22693.39, "Plan Rows": 2, "Plan Width": 37, "Inner Unique": true, "Plans": [{"Node Type": "Nested Loop", "Parent Relationship": "Outer", "Join Type": "Inner", "Startup Cost": 2779.29, "Total Cost": 22666.51, "Plan Rows": 5, "Plan Width": 25, "Inner Unique": true, "Plans": [{"Node Type": "Nested Loop", "Parent Relationship": "Outer", "Join Type": "Inner", "Startup Cost": 2779.29, "Total Cost": 22664.41, "Plan Rows": 6, "Plan Width": 16, "Inner Unique": true, "Plans": [{"Node Type": "Nested Loop", "Parent Relationship": "Outer", "Join Type": "Inner", "Startup Cost": 2779.29, "Total Cost": 22645.16, "Plan Rows": 68, "Plan Width": 20, "Inner Unique": false, "Plans": [{"Node Type": "Nested Loop", "Parent Relationship": "Outer", "Join Type": "Inner", "Startup Cost": 2779.29, "Total Cost": 18900.84, "Plan Rows": 3779, "Plan Width": 8, "Inner Unique": false, "Plans": [{"Node Type": "Bitmap Heap Scan", "Parent Relationship": "Outer", "Relation Name": "company_name", "Alias": "cn", "Startup Cost": 2779.29, "Total Cost": 8682.74, "Plan Rows": 251, "Plan Width": 4, "Filter": "((country_code)::text = '[ru]'::text)", "Plans": [{"Node Type": "Bitmap Index Scan", "Parent Relationship": "Outer", "Index Name": "company_name_pkey", "Startup Cost": 0.0, "Total Cost": 2779.23, "Plan Rows": 234996, "Plan Width": 0}]}, {"Node Type": "Index Scan", "Parent Relationship": "Inner", "Scan Direction": "Forward", "Index Name": "company_id_movie_companies", "Relation Name": "movie_companies", "Alias": "mc", "Startup Cost": 0.0, "Total Cost": 40.56, "Plan Rows": 15, "Plan Width": 12, "Index Cond": "(company_id = cn.id)"}]}, {"Node Type": "Index Scan", "Parent Relationship": "Inner", "Scan Direction": "Forward", "Index Name": "movie_id_cast_info", "Relation Name": "cast_info", "Alias": "ci", "Startup Cost": 0.0, "Total Cost": 0.98, "Plan Rows": 1, "Plan Width": 12, "Index Cond": "(movie_id = mc.movie_id)", "Filter": "(((note)::text ~~ '%(voice)%'::text) AND ((note)::text ~~ '%(uncredited)%'::text))"}]}, {"Node Type": "Index Scan", "Parent Relationship": "Inner", "Scan Direction": "Forward", "Index Name": "role_type_pkey", "Relation Name": "role_type", "Alias": "rt", "Startup Cost": 0.0, "Total Cost": 0.27, "Plan Rows": 1, "Plan Width": 4, "Index Cond": "(id = ci.role_id)", "Filter": "((role)::text = 'actor'::text)"}]}, {"Node Type": "Index Scan", "Parent Relationship": "Inner", "Scan Direction": "Forward", "Index Name": "title_pkey", "Relation Name": "title", "Alias": "t", "Startup Cost": 0.0, "Total Cost": 0.34, "Plan Rows": 1, "Plan Width": 21, "Index Cond": "(id = mc.movie_id)", "Filter": "(production_year > 2005)"}]}, {"Node Type": "Index Scan", "Parent Relationship": "Inner", "Scan Direction": "Forward", "Index Name": "char_name_pkey", "Relation Name": "char_name", "Alias": "chn", "Startup Cost": 0.0, "Total Cost": 5.37, "Plan Rows": 1, "Plan Width": 20, "Index Cond": "(id = ci.person_role_id)"}]}, {"Node Type": "Index Scan", "Parent Relationship": "Inner", "Scan Direction": "Forward", "Index Name": "company_type_pkey", "Relation Name": "company_type", "Alias": "ct", "Startup Cost": 0.0, "Total Cost": 0.27, "Plan Rows": 1, "Plan Width": 4, "Index Cond": "(id = mc.company_type_id)"}]}]}, "Unique SQL Id": 2933943827, "Planner Runtime": 13}, "explain_analyze_plan": {"Plan": {"Node Type": "Aggregate", "Strategy": "Plain", "Startup Cost": 22693.96, "Total Cost": 22693.97, "Plan Rows": 1, "Plan Width": 97, "Actual Startup Time": 843.332, "Actual Total Time": 843.332, "Actual Rows": 1, "Actual Loops": 1, "Plans": [{"Node Type": "Nested Loop", "Parent Relationship": "Outer", "Join Type": "Inner", "Startup Cost": 2779.29, "Total Cost": 22693.95, "Plan Rows": 2, "Plan Width": 33, "Actual Startup Time": 84.915, "Actual Total Time": 843.226, "Actual Rows": 18, "Actual Loops": 1, "Inner Unique": true, "Plans": [{"Node Type": "Nested Loop", "Parent Relationship": "Outer", "Join Type": "Inner", "Startup Cost": 2779.29, "Total Cost": 22693.39, "Plan Rows": 2, "Plan Width": 37, "Actual Startup Time": 38.811, "Actual Total Time": 842.928, "Actual Rows": 104, "Actual Loops": 1, "Inner Unique": true, "Plans": [{"Node Type": "Nested Loop", "Parent Relationship": "Outer", "Join Type": "Inner", "Startup Cost": 2779.29, "Total Cost": 22666.51, "Plan Rows": 5, "Plan Width": 25, "Actual Startup Time": 38.796, "Actual Total Time": 842.002, "Actual Rows": 112, "Actual Loops": 1, "Inner Unique": true, "Plans": [{"Node Type": "Nested Loop", "Parent Relationship": "Outer", "Join Type": "Inner", "Startup Cost": 2779.29, "Total Cost": 22664.41, "Plan Rows": 6, "Plan Width": 16, "Actual Startup Time": 27.021, "Actual Total Time": 839.866, "Actual Rows": 275, "Actual Loops": 1, "Inner Unique": true, "Plans": [{"Node Type": "Nested Loop", "Parent Relationship": "Outer", "Join Type": "Inner", "Startup Cost": 2779.29, "Total Cost": 22645.16, "Plan Rows": 68, "Plan Width": 20, "Actual Startup Time": 27.012, "Actual Total Time": 838.164, "Actual Rows": 377, "Actual Loops": 1, "Inner Unique": false, "Plans": [{"Node Type": "Nested Loop", "Parent Relationship": "Outer", "Join Type": "Inner", "Startup Cost": 2779.29, "Total Cost": 18900.84, "Plan Rows": 3779, "Plan Width": 8, "Actual Startup Time": 26.08, "Actual Total Time": 152.831, "Actual Rows": 8790, "Actual Loops": 1, "Inner Unique": false, "Plans": [{"Node Type": "Bitmap Heap Scan", "Parent Relationship": "Outer", "Relation Name": "company_name", "Alias": "cn", "Startup Cost": 2779.29, "Total Cost": 8682.74, "Plan Rows": 251, "Plan Width": 4, "Actual Startup Time": 26.057, "Actual Total Time": 130.931, "Actual Rows": 1361, "Actual Loops": 1, "Filter": "((country_code)::text = '[ru]'::text)", "Rows Removed by Filter": 233635, "Exact Heap Blocks": 2966, "Lossy Heap Blocks": 2966, "Plans": [{"Node Type": "Bitmap Index Scan", "Parent Relationship": "Outer", "Index Name": "company_name_pkey", "Startup Cost": 0.0, "Total Cost": 2779.23, "Plan Rows": 234996, "Plan Width": 0, "Actual Startup Time": 25.575, "Actual Total Time": 25.575, "Actual Rows": 234996, "Actual Loops": 1}]}, {"Node Type": "Index Scan", "Parent Relationship": "Inner", "Scan Direction": "Forward", "Index Name": "company_id_movie_companies", "Relation Name": "movie_companies", "Alias": "mc", "Startup Cost": 0.0, "Total Cost": 40.56, "Plan Rows": 15, "Plan Width": 12, "Actual Startup Time": 8.14, "Actual Total Time": 18.656, "Actual Rows": 8790, "Actual Loops": 1361, "Index Cond": "(company_id = cn.id)", "Rows Removed by Index Recheck": 0}]}, {"Node Type": "Index Scan", "Parent Relationship": "Inner", "Scan Direction": "Forward", "Index Name": "movie_id_cast_info", "Relation Name": "cast_info", "Alias": "ci", "Startup Cost": 0.0, "Total Cost": 0.98, "Plan Rows": 1, "Plan Width": 12, "Actual Startup Time": 639.758, "Actual Total Time": 679.853, "Actual Rows": 377, "Actual Loops": 8790, "Index Cond": "(movie_id = mc.movie_id)", "Rows Removed by Index Recheck": 0, "Filter": "(((note)::text ~~ '%(voice)%'::text) AND ((note)::text ~~ '%(uncredited)%'::text))", "Rows Removed by Filter": 408168}]}, {"Node Type": "Index Scan", "Parent Relationship": "Inner", "Scan Direction": "Forward", "Index Name": "role_type_pkey", "Relation Name": "role_type", "Alias": "rt", "Startup Cost": 0.0, "Total Cost": 0.27, "Plan Rows": 1, "Plan Width": 4, "Actual Startup Time": 1.148, "Actual Total Time": 1.148, "Actual Rows": 275, "Actual Loops": 377, "Index Cond": "(id = ci.role_id)", "Rows Removed by Index Recheck": 0, "Filter": "((role)::text = 'actor'::text)", "Rows Removed by Filter": 102}]}, {"Node Type": "Index Scan", "Parent Relationship": "Inner", "Scan Direction": "Forward", "Index Name": "title_pkey", "Relation Name": "title", "Alias": "t", "Startup Cost": 0.0, "Total Cost": 0.34, "Plan Rows": 1, "Plan Width": 21, "Actual Startup Time": 1.741, "Actual Total Time": 1.741, "Actual Rows": 112, "Actual Loops": 275, "Index Cond": "(id = mc.movie_id)", "Rows Removed by Index Recheck": 0, "Filter": "(production_year > 2005)", "Rows Removed by Filter": 163}]}, {"Node Type": "Index Scan", "Parent Relationship": "Inner", "Scan Direction": "Forward", "Index Name": "char_name_pkey", "Relation Name": "char_name", "Alias": "chn", "Startup Cost": 0.0, "Total Cost": 5.37, "Plan Rows": 1, "Plan Width": 20, "Actual Startup Time": 0.674, "Actual Total Time": 0.674, "Actual Rows": 104, "Actual Loops": 112, "Index Cond": "(id = ci.person_role_id)", "Rows Removed by Index Recheck": 0}]}, {"Node Type": "Index Scan", "Parent Relationship": "Inner", "Scan Direction": "Forward", "Index Name": "company_type_pkey", "Relation Name": "company_type", "Alias": "ct", "Startup Cost": 0.0, "Total Cost": 0.27, "Plan Rows": 1, "Plan Width": 4, "Actual Startup Time": 0.144, "Actual Total Time": 0.144, "Actual Rows": 18, "Actual Loops": 104, "Index Cond": "(id = mc.company_type_id)", "Rows Removed by Index Recheck": 0}]}]}, "Triggers": [], "Planner Runtime": 13, "Total Runtime": 843.73, "Unique SQL Id": 2933943827}}, "(16, 102)": {"explain_plan": {"Plan": {"Node Type": "Aggregate", "Strategy": "Plain", "Startup Cost": 38349.31, "Total Cost": 38349.32, "Plan Rows": 1, "Plan Width": 97, "Plans": [{"Node Type": "Nested Loop", "Parent Relationship": "Outer", "Join Type": "Inner", "Startup Cost": 8.82, "Total Cost": 38349.3, "Plan Rows": 2, "Plan Width": 33, "Inner Unique": true, "Plans": [{"Node Type": "Nested Loop", "Parent Relationship": "Outer", "Join Type": "Inner", "Startup Cost": 8.56, "Total Cost": 38340.74, "Plan Rows": 2, "Plan Width": 37, "Inner Unique": true, "Plans": [{"Node Type": "Nested Loop", "Parent Relationship": "Outer", "Join Type": "Inner", "Startup Cost": 8.29, "Total Cost": 38327.85, "Plan Rows": 3, "Plan Width": 28, "Inner Unique": true, "Plans": [{"Node Type": "Hash Join", "Parent Relationship": "Outer", "Join Type": "Inner", "Startup Cost": 5.99, "Total Cost": 38289.92, "Plan Rows": 6, "Plan Width": 16, "Inner Unique": true, "Hash Cond": "(ci.role_id = rt.id)", "Plans": [{"Node Type": "Nested Loop", "Parent Relationship": "Outer", "Join Type": "Inner", "Startup Cost": 4.83, "Total Cost": 38288.52, "Plan Rows": 68, "Plan Width": 20, "Inner Unique": false, "Plans": [{"Node Type": "Nested Loop", "Parent Relationship": "Outer", "Join Type": "Inner", "Startup Cost": 4.32, "Total Cost": 20813.55, "Plan Rows": 3779, "Plan Width": 8, "Inner Unique": false, "Plans": [{"Node Type": "Seq Scan", "Parent Relationship": "Outer", "Relation Name": "company_name", "Alias": "cn", "Startup Cost": 0.0, "Total Cost": 5903.45, "Plan Rows": 251, "Plan Width": 4, "Filter": "((country_code)::text = '[ru]'::text)"}, {"Node Type": "Bitmap Heap Scan", "Parent Relationship": "Inner", "Relation Name": "movie_companies", "Alias": "mc", "Startup Cost": 4.32, "Total Cost": 59.25, "Plan Rows": 15, "Plan Width": 12, "Recheck Cond": "(company_id = cn.id)", "Plans": [{"Node Type": "Bitmap Index Scan", "Parent Relationship": "Outer", "Index Name": "company_id_movie_companies", "Startup Cost": 0.0, "Total Cost": 4.31, "Plan Rows": 15, "Plan Width": 0, "Index Cond": "(company_id = cn.id)"}]}]}, {"Node Type": "Bitmap Heap Scan", "Parent Relationship": "Inner", "Relation Name": "cast_info", "Alias": "ci", "Startup Cost": 0.51, "Total Cost": 4.61, "Plan Rows": 1, "Plan Width": 12, "Recheck Cond": "(movie_id = mc.movie_id)", "Filter": "(((note)::text ~~ '%(voice)%'::text) AND ((note)::text ~~ '%(uncredited)%'::text))", "Plans": [{"Node Type": "Bitmap Index Scan", "Parent Relationship": "Outer", "Index Name": "movie_id_cast_info", "Startup Cost": 0.0, "Total Cost": 0.51, "Plan Rows": 6, "Plan Width": 0, "Index Cond": "(movie_id = mc.movie_id)"}]}]}, {"Node Type": "Hash", "Parent Relationship": "Inner", "Startup Cost": 1.15, "Total Cost": 1.15, "Plan Rows": 1, "Plan Width": 4, "Plans": [{"Node Type": "Seq Scan", "Parent Relationship": "Outer", "Relation Name": "role_type", "Alias": "rt", "Startup Cost": 0.0, "Total Cost": 1.15, "Plan Rows": 1, "Plan Width": 4, "Filter": "((role)::text = 'actor'::text)"}]}]}, {"Node Type": "Bitmap Heap Scan", "Parent Relationship": "Inner", "Relation Name": "char_name", "Alias": "chn", "Startup Cost": 2.3, "Total Cost": 6.31, "Plan Rows": 1, "Plan Width": 20, "Recheck Cond": "(id = ci.person_role_id)", "Plans": [{"Node Type": "Bitmap Index Scan", "Parent Relationship": "Outer", "Index Name": "char_name_pkey", "Startup Cost": 0.0, "Total Cost": 2.3, "Plan Rows": 1, "Plan Width": 0, "Index Cond": "(id = ci.person_role_id)"}]}]}, {"Node Type": "Bitmap Heap Scan", "Parent Relationship": "Inner", "Relation Name": "title", "Alias": "t", "Startup Cost": 0.27, "Total Cost": 4.29, "Plan Rows": 1, "Plan Width": 21, "Recheck Cond": "(id = mc.movie_id)", "Filter": "(production_year > 2005)", "Plans": [{"Node Type": "Bitmap Index Scan", "Parent Relationship": "Outer", "Index Name": "title_pkey", "Startup Cost": 0.0, "Total Cost": 0.27, "Plan Rows": 1, "Plan Width": 0, "Index Cond": "(id = mc.movie_id)"}]}]}, {"Node Type": "Bitmap Heap Scan", "Parent Relationship": "Inner", "Relation Name": "company_type", "Alias": "ct", "Startup Cost": 0.26, "Total Cost": 4.27, "Plan Rows": 1, "Plan Width": 4, "Recheck Cond": "(id = mc.company_type_id)", "Plans": [{"Node Type": "Bitmap Index Scan", "Parent Relationship": "Outer", "Index Name": "company_type_pkey", "Startup Cost": 0.0, "Total Cost": 0.26, "Plan Rows": 1, "Plan Width": 0, "Index Cond": "(id = mc.company_type_id)"}]}]}]}, "Unique SQL Id": 2933943827, "Planner Runtime": 28}, "explain_analyze_plan": {"Plan": {"Node Type": "Aggregate", "Strategy": "Plain", "Startup Cost": 38349.31, "Total Cost": 38349.32, "Plan Rows": 1, "Plan Width": 97, "Actual Startup Time": 1045.041, "Actual Total Time": 1045.041, "Actual Rows": 1, "Actual Loops": 1, "Plans": [{"Node Type": "Nested Loop", "Parent Relationship": "Outer", "Join Type": "Inner", "Startup Cost": 8.82, "Total Cost": 38349.3, "Plan Rows": 2, "Plan Width": 33, "Actual Startup Time": 54.267, "Actual Total Time": 1044.941, "Actual Rows": 18, "Actual Loops": 1, "Inner Unique": true, "Plans": [{"Node Type": "Nested Loop", "Parent Relationship": "Outer", "Join Type": "Inner", "Startup Cost": 8.56, "Total Cost": 38340.74, "Plan Rows": 2, "Plan Width": 37, "Actual Startup Time": 11.311, "Actual Total Time": 1044.458, "Actual Rows": 104, "Actual Loops": 1, "Inner Unique": true, "Plans": [{"Node Type": "Nested Loop", "Parent Relationship": "Outer", "Join Type": "Inner", "Startup Cost": 8.29, "Total Cost": 38327.85, "Plan Rows": 3, "Plan Width": 28, "Actual Startup Time": 1.057, "Actual Total Time": 1041.9, "Actual Rows": 265, "Actual Loops": 1, "Inner Unique": true, "Plans": [{"Node Type": "Hash Join", "Parent Relationship": "Outer", "Join Type": "Inner", "Startup Cost": 5.99, "Total Cost": 38289.92, "Plan Rows": 6, "Plan Width": 16, "Actual Startup Time": 1.044, "Actual Total Time": 1038.847, "Actual Rows": 275, "Actual Loops": 1, "Inner Unique": true, "Hash Cond": "(ci.role_id = rt.id)", "Plans": [{"Node Type": "Nested Loop", "Parent Relationship": "Outer", "Join Type": "Inner", "Startup Cost": 4.83, "Total Cost": 38288.52, "Plan Rows": 68, "Plan Width": 20, "Actual Startup Time": 0.936, "Actual Total Time": 1038.225, "Actual Rows": 377, "Actual Loops": 1, "Inner Unique": false, "Plans": [{"Node Type": "Nested Loop", "Parent Relationship": "Outer", "Join Type": "Inner", "Startup Cost": 4.32, "Total Cost": 20813.55, "Plan Rows": 3779, "Plan Width": 8, "Actual Startup Time": 0.074, "Actual Total Time": 116.679, "Actual Rows": 8790, "Actual Loops": 1, "Inner Unique": false, "Plans": [{"Node Type": "Seq Scan", "Parent Relationship": "Outer", "Relation Name": "company_name", "Alias": "cn", "Startup Cost": 0.0, "Total Cost": 5903.45, "Plan Rows": 251, "Plan Width": 4, "Actual Startup Time": 0.034, "Actual Total Time": 84.326, "Actual Rows": 1361, "Actual Loops": 1, "Filter": "((country_code)::text = '[ru]'::text)", "Rows Removed by Filter": 233635}, {"Node Type": "Bitmap Heap Scan", "Parent Relationship": "Inner", "Relation Name": "movie_companies", "Alias": "mc", "Startup Cost": 4.32, "Total Cost": 59.25, "Plan Rows": 15, "Plan Width": 12, "Actual Startup Time": 14.222, "Actual Total Time": 27.602, "Actual Rows": 8790, "Actual Loops": 1361, "Recheck Cond": "(company_id = cn.id)", "Rows Removed by Index Recheck": 0, "Exact Heap Blocks": 7155, "Lossy Heap Blocks": 7155, "Plans": [{"Node Type": "Bitmap Index Scan", "Parent Relationship": "Outer", "Index Name": "company_id_movie_companies", "Startup Cost": 0.0, "Total Cost": 4.31, "Plan Rows": 15, "Plan Width": 0, "Actual Startup Time": 8.854, "Actual Total Time": 8.854, "Actual Rows": 8790, "Actual Loops": 1361, "Index Cond": "(company_id = cn.id)"}]}]}, {"Node Type": "Bitmap Heap Scan", "Parent Relationship": "Inner", "Relation Name": "cast_info", "Alias": "ci", "Startup Cost": 0.51, "Total Cost": 4.61, "Plan Rows": 1, "Plan Width": 12, "Actual Startup Time": 860.038, "Actual Total Time": 905.383, "Actual Rows": 377, "Actual Loops": 8790, "Recheck Cond": "(movie_id = mc.movie_id)", "Rows Removed by Index Recheck": 0, "Filter": "(((note)::text ~~ '%(voice)%'::text) AND ((note)::text ~~ '%(uncredited)%'::text))", "Rows Removed by Filter": 408168, "Exact Heap Blocks": 397651, "Lossy Heap Blocks": 397651, "Plans": [{"Node Type": "Bitmap Index Scan", "Parent Relationship": "Outer", "Index Name": "movie_id_cast_info", "Startup Cost": 0.0, "Total Cost": 0.51, "Plan Rows": 6, "Plan Width": 0, "Actual Startup Time": 121.593, "Actual Total Time": 121.593, "Actual Rows": 408545, "Actual Loops": 8790, "Index Cond": "(movie_id = mc.movie_id)"}]}]}, {"Node Type": "Hash", "Parent Relationship": "Inner", "Startup Cost": 1.15, "Total Cost": 1.15, "Plan Rows": 1, "Plan Width": 4, "Actual Startup Time": 0.049, "Actual Total Time": 0.049, "Actual Rows": 1, "Actual Loops": 1, "Hash Buckets": 32768, "Hash Batches": 1, "Original Hash Batches": 1, "Peak Memory Usage": 1, "Plans": [{"Node Type": "Seq Scan", "Parent Relationship": "Outer", "Relation Name": "role_type", "Alias": "rt", "Startup Cost": 0.0, "Total Cost": 1.15, "Plan Rows": 1, "Plan Width": 4, "Actual Startup Time": 0.029, "Actual Total Time": 0.034, "Actual Rows": 1, "Actual Loops": 1, "Filter": "((role)::text = 'actor'::text)", "Rows Removed by Filter": 11}]}]}, {"Node Type": "Bitmap Heap Scan", "Parent Relationship": "Inner", "Relation Name": "char_name", "Alias": "chn", "Startup Cost": 2.3, "Total Cost": 6.31, "Plan Rows": 1, "Plan Width": 20, "Actual Startup Time": 2.246, "Actual Total Time": 2.246, "Actual Rows": 265, "Actual Loops": 275, "Recheck Cond": "(id = ci.person_role_id)", "Rows Removed by Index Recheck": 0, "Exact Heap Blocks": 265, "Lossy Heap Blocks": 265, "Plans": [{"Node Type": "Bitmap Index Scan", "Parent Relationship": "Outer", "Index Name": "char_name_pkey", "Startup Cost": 0.0, "Total Cost": 2.3, "Plan Rows": 1, "Plan Width": 0, "Actual Startup Time": 1.469, "Actual Total Time": 1.469, "Actual Rows": 265, "Actual Loops": 275, "Index Cond": "(id = ci.person_role_id)"}]}]}, {"Node Type": "Bitmap Heap Scan", "Parent Relationship": "Inner", "Relation Name": "title", "Alias": "t", "Startup Cost": 0.27, "Total Cost": 4.29, "Plan Rows": 1, "Plan Width": 21, "Actual Startup Time": 1.965, "Actual Total Time": 1.965, "Actual Rows": 104, "Actual Loops": 265, "Recheck Cond": "(id = mc.movie_id)", "Rows Removed by Index Recheck": 0, "Filter": "(production_year > 2005)", "Rows Removed by Filter": 161, "Exact Heap Blocks": 265, "Lossy Heap Blocks": 265, "Plans": [{"Node Type": "Bitmap Index Scan", "Parent Relationship": "Outer", "Index Name": "title_pkey", "Startup Cost": 0.0, "Total Cost": 0.27, "Plan Rows": 1, "Plan Width": 0, "Actual Startup Time": 1.195, "Actual Total Time": 1.195, "Actual Rows": 265, "Actual Loops": 265, "Index Cond": "(id = mc.movie_id)"}]}]}, {"Node Type": "Bitmap Heap Scan", "Parent Relationship": "Inner", "Relation Name": "company_type", "Alias": "ct", "Startup Cost": 0.26, "Total Cost": 4.27, "Plan Rows": 1, "Plan Width": 4, "Actual Startup Time": 0.248, "Actual Total Time": 0.248, "Actual Rows": 18, "Actual Loops": 104, "Recheck Cond": "(id = mc.company_type_id)", "Rows Removed by Index Recheck": 0, "Exact Heap Blocks": 18, "Lossy Heap Blocks": 18, "Plans": [{"Node Type": "Bitmap Index Scan", "Parent Relationship": "Outer", "Index Name": "company_type_pkey", "Startup Cost": 0.0, "Total Cost": 0.26, "Plan Rows": 1, "Plan Width": 0, "Actual Startup Time": 0.126, "Actual Total Time": 0.126, "Actual Rows": 18, "Actual Loops": 104, "Index Cond": "(id = mc.company_type_id)"}]}]}]}, "Triggers": [], "Planner Runtime": 28, "Total Runtime": 1045.446, "Unique SQL Id": 2933943827}}, "(16, 103)": {"explain_plan": {"Plan": {"Node Type": "Aggregate", "Strategy": "Plain", "Startup Cost": 41418.46, "Total Cost": 41418.47, "Plan Rows": 1, "Plan Width": 97, "Plans": [{"Node Type": "Nested Loop", "Parent Relationship": "Outer", "Join Type": "Inner", "Startup Cost": 2787.21, "Total Cost": 41418.45, "Plan Rows": 2, "Plan Width": 33, "Inner Unique": true, "Plans": [{"Node Type": "Nested Loop", "Parent Relationship": "Outer", "Join Type": "Inner", "Startup Cost": 2786.95, "Total Cost": 41409.89, "Plan Rows": 2, "Plan Width": 37, "Inner Unique": true, "Plans": [{"Node Type": "Nested Loop", "Parent Relationship": "Outer", "Join Type": "Inner", "Startup Cost": 2786.68, "Total Cost": 41397.0, "Plan Rows": 3, "Plan Width": 28, "Inner Unique": true, "Plans": [{"Node Type": "Nested Loop", "Parent Relationship": "Outer", "Join Type": "Inner", "Startup Cost": 2784.38, "Total Cost": 41359.07, "Plan Rows": 6, "Plan Width": 16, "Inner Unique": true, "Plans": [{"Node Type": "Nested Loop", "Parent Relationship": "Outer", "Join Type": "Inner", "Startup Cost": 2784.12, "Total Cost": 41067.82, "Plan Rows": 68, "Plan Width": 20, "Inner Unique": false, "Plans": [{"Node Type": "Nested Loop", "Parent Relationship": "Outer", "Join Type": "Inner", "Startup Cost": 2783.61, "Total Cost": 23592.84, "Plan Rows": 3779, "Plan Width": 8, "Inner Unique": false, "Plans": [{"Node Type": "Bitmap Heap Scan", "Parent Relationship": "Outer", "Relation Name": "company_name", "Alias": "cn", "Startup Cost": 2779.29, "Total Cost": 8682.74, "Plan Rows": 251, "Plan Width": 4, "Filter": "((country_code)::text = '[ru]'::text)", "Plans": [{"Node Type": "Bitmap Index Scan", "Parent Relationship": "Outer", "Index Name": "company_name_pkey", "Startup Cost": 0.0, "Total Cost": 2779.23, "Plan Rows": 234996, "Plan Width": 0}]}, {"Node Type": "Bitmap Heap Scan", "Parent Relationship": "Inner", "Relation Name": "movie_companies", "Alias": "mc", "Startup Cost": 4.32, "Total Cost": 59.25, "Plan Rows": 15, "Plan Width": 12, "Recheck Cond": "(company_id = cn.id)", "Plans": [{"Node Type": "Bitmap Index Scan", "Parent Relationship": "Outer", "Index Name": "company_id_movie_companies", "Startup Cost": 0.0, "Total Cost": 4.31, "Plan Rows": 15, "Plan Width": 0, "Index Cond": "(company_id = cn.id)"}]}]}, {"Node Type": "Bitmap Heap Scan", "Parent Relationship": "Inner", "Relation Name": "cast_info", "Alias": "ci", "Startup Cost": 0.51, "Total Cost": 4.61, "Plan Rows": 1, "Plan Width": 12, "Recheck Cond": "(movie_id = mc.movie_id)", "Filter": "(((note)::text ~~ '%(voice)%'::text) AND ((note)::text ~~ '%(uncredited)%'::text))", "Plans": [{"Node Type": "Bitmap Index Scan", "Parent Relationship": "Outer", "Index Name": "movie_id_cast_info", "Startup Cost": 0.0, "Total Cost": 0.51, "Plan Rows": 6, "Plan Width": 0, "Index Cond": "(movie_id = mc.movie_id)"}]}]}, {"Node Type": "Bitmap Heap Scan", "Parent Relationship": "Inner", "Relation Name": "role_type", "Alias": "rt", "Startup Cost": 0.26, "Total Cost": 4.27, "Plan Rows": 1, "Plan Width": 4, "Recheck Cond": "(id = ci.role_id)", "Filter": "((role)::text = 'actor'::text)", "Plans": [{"Node Type": "Bitmap Index Scan", "Parent Relationship": "Outer", "Index Name": "role_type_pkey", "Startup Cost": 0.0, "Total Cost": 0.26, "Plan Rows": 1, "Plan Width": 0, "Index Cond": "(id = ci.role_id)"}]}]}, {"Node Type": "Bitmap Heap Scan", "Parent Relationship": "Inner", "Relation Name": "char_name", "Alias": "chn", "Startup Cost": 2.3, "Total Cost": 6.31, "Plan Rows": 1, "Plan Width": 20, "Recheck Cond": "(id = ci.person_role_id)", "Plans": [{"Node Type": "Bitmap Index Scan", "Parent Relationship": "Outer", "Index Name": "char_name_pkey", "Startup Cost": 0.0, "Total Cost": 2.3, "Plan Rows": 1, "Plan Width": 0, "Index Cond": "(id = ci.person_role_id)"}]}]}, {"Node Type": "Bitmap Heap Scan", "Parent Relationship": "Inner", "Relation Name": "title", "Alias": "t", "Startup Cost": 0.27, "Total Cost": 4.29, "Plan Rows": 1, "Plan Width": 21, "Recheck Cond": "(id = mc.movie_id)", "Filter": "(production_year > 2005)", "Plans": [{"Node Type": "Bitmap Index Scan", "Parent Relationship": "Outer", "Index Name": "title_pkey", "Startup Cost": 0.0, "Total Cost": 0.27, "Plan Rows": 1, "Plan Width": 0, "Index Cond": "(id = mc.movie_id)"}]}]}, {"Node Type": "Bitmap Heap Scan", "Parent Relationship": "Inner", "Relation Name": "company_type", "Alias": "ct", "Startup Cost": 0.26, "Total Cost": 4.27, "Plan Rows": 1, "Plan Width": 4, "Recheck Cond": "(id = mc.company_type_id)", "Plans": [{"Node Type": "Bitmap Index Scan", "Parent Relationship": "Outer", "Index Name": "company_type_pkey", "Startup Cost": 0.0, "Total Cost": 0.26, "Plan Rows": 1, "Plan Width": 0, "Index Cond": "(id = mc.company_type_id)"}]}]}]}, "Unique SQL Id": 2933943827, "Planner Runtime": 9}, "explain_analyze_plan": {"Plan": {"Node Type": "Aggregate", "Strategy": "Plain", "Startup Cost": 41418.46, "Total Cost": 41418.47, "Plan Rows": 1, "Plan Width": 97, "Actual Startup Time": 1197.675, "Actual Total Time": 1197.675, "Actual Rows": 1, "Actual Loops": 1, "Plans": [{"Node Type": "Nested Loop", "Parent Relationship": "Outer", "Join Type": "Inner", "Startup Cost": 2787.21, "Total Cost": 41418.45, "Plan Rows": 2, "Plan Width": 33, "Actual Startup Time": 99.205, "Actual Total Time": 1197.571, "Actual Rows": 18, "Actual Loops": 1, "Inner Unique": true, "Plans": [{"Node Type": "Nested Loop", "Parent Relationship": "Outer", "Join Type": "Inner", "Startup Cost": 2786.95, "Total Cost": 41409.89, "Plan Rows": 2, "Plan Width": 37, "Actual Startup Time": 42.334, "Actual Total Time": 1197.028, "Actual Rows": 104, "Actual Loops": 1, "Inner Unique": true, "Plans": [{"Node Type": "Nested Loop", "Parent Relationship": "Outer", "Join Type": "Inner", "Startup Cost": 2786.68, "Total Cost": 41397.0, "Plan Rows": 3, "Plan Width": 28, "Actual Startup Time": 27.449, "Actual Total Time": 1194.263, "Actual Rows": 265, "Actual Loops": 1, "Inner Unique": true, "Plans": [{"Node Type": "Nested Loop", "Parent Relationship": "Outer", "Join Type": "Inner", "Startup Cost": 2784.38, "Total Cost": 41359.07, "Plan Rows": 6, "Plan Width": 16, "Actual Startup Time": 27.428, "Actual Total Time": 1191.216, "Actual Rows": 275, "Actual Loops": 1, "Inner Unique": true, "Plans": [{"Node Type": "Nested Loop", "Parent Relationship": "Outer", "Join Type": "Inner", "Startup Cost": 2784.12, "Total Cost": 41067.82, "Plan Rows": 68, "Plan Width": 20, "Actual Startup Time": 27.408, "Actual Total Time": 1188.638, "Actual Rows": 377, "Actual Loops": 1, "Inner Unique": false, "Plans": [{"Node Type": "Nested Loop", "Parent Relationship": "Outer", "Join Type": "Inner", "Startup Cost": 2783.61, "Total Cost": 23592.84, "Plan Rows": 3779, "Plan Width": 8, "Actual Startup Time": 26.16, "Actual Total Time": 182.006, "Actual Rows": 8790, "Actual Loops": 1, "Inner Unique": false, "Plans": [{"Node Type": "Bitmap Heap Scan", "Parent Relationship": "Outer", "Relation Name": "company_name", "Alias": "cn", "Startup Cost": 2779.29, "Total Cost": 8682.74, "Plan Rows": 251, "Plan Width": 4, "Actual Startup Time": 26.111, "Actual Total Time": 148.164, "Actual Rows": 1361, "Actual Loops": 1, "Filter": "((country_code)::text = '[ru]'::text)", "Rows Removed by Filter": 233635, "Exact Heap Blocks": 2966, "Lossy Heap Blocks": 2966, "Plans": [{"Node Type": "Bitmap Index Scan", "Parent Relationship": "Outer", "Index Name": "company_name_pkey", "Startup Cost": 0.0, "Total Cost": 2779.23, "Plan Rows": 234996, "Plan Width": 0, "Actual Startup Time": 25.617, "Actual Total Time": 25.617, "Actual Rows": 234996, "Actual Loops": 1}]}, {"Node Type": "Bitmap Heap Scan", "Parent Relationship": "Inner", "Relation Name": "movie_companies", "Alias": "mc", "Startup Cost": 4.32, "Total Cost": 59.25, "Plan Rows": 15, "Plan Width": 12, "Actual Startup Time": 14.449, "Actual Total Time": 29.008, "Actual Rows": 8790, "Actual Loops": 1361, "Recheck Cond": "(company_id = cn.id)", "Rows Removed by Index Recheck": 0, "Exact Heap Blocks": 7155, "Lossy Heap Blocks": 7155, "Plans": [{"Node Type": "Bitmap Index Scan", "Parent Relationship": "Outer", "Index Name": "company_id_movie_companies", "Startup Cost": 0.0, "Total Cost": 4.31, "Plan Rows": 15, "Plan Width": 0, "Actual Startup Time": 9.127, "Actual Total Time": 9.127, "Actual Rows": 8790, "Actual Loops": 1361, "Index Cond": "(company_id = cn.id)"}]}]}, {"Node Type": "Bitmap Heap Scan", "Parent Relationship": "Inner", "Relation Name": "cast_info", "Alias": "ci", "Startup Cost": 0.51, "Total Cost": 4.61, "Plan Rows": 1, "Plan Width": 12, "Actual Startup Time": 938.519, "Actual Total Time": 990.4, "Actual Rows": 377, "Actual Loops": 8790, "Recheck Cond": "(movie_id = mc.movie_id)", "Rows Removed by Index Recheck": 0, "Filter": "(((note)::text ~~ '%(voice)%'::text) AND ((note)::text ~~ '%(uncredited)%'::text))", "Rows Removed by Filter": 408168, "Exact Heap Blocks": 397651, "Lossy Heap Blocks": 397651, "Plans": [{"Node Type": "Bitmap Index Scan", "Parent Relationship": "Outer", "Index Name": "movie_id_cast_info", "Startup Cost": 0.0, "Total Cost": 0.51, "Plan Rows": 6, "Plan Width": 0, "Actual Startup Time": 127.518, "Actual Total Time": 127.518, "Actual Rows": 408545, "Actual Loops": 8790, "Index Cond": "(movie_id = mc.movie_id)"}]}]}, {"Node Type": "Bitmap Heap Scan", "Parent Relationship": "Inner", "Relation Name": "role_type", "Alias": "rt", "Startup Cost": 0.26, "Total Cost": 4.27, "Plan Rows": 1, "Plan Width": 4, "Actual Startup Time": 1.696, "Actual Total Time": 1.696, "Actual Rows": 275, "Actual Loops": 377, "Recheck Cond": "(id = ci.role_id)", "Rows Removed by Index Recheck": 0, "Filter": "((role)::text = 'actor'::text)", "Rows Removed by Filter": 102, "Exact Heap Blocks": 377, "Lossy Heap Blocks": 377, "Plans": [{"Node Type": "Bitmap Index Scan", "Parent Relationship": "Outer", "Index Name": "role_type_pkey", "Startup Cost": 0.0, "Total Cost": 0.26, "Plan Rows": 1, "Plan Width": 0, "Actual Startup Time": 0.653, "Actual Total Time": 0.653, "Actual Rows": 377, "Actual Loops": 377, "Index Cond": "(id = ci.role_id)"}]}]}, {"Node Type": "Bitmap Heap Scan", "Parent Relationship": "Inner", "Relation Name": "char_name", "Alias": "chn", "Startup Cost": 2.3, "Total Cost": 6.31, "Plan Rows": 1, "Plan Width": 20, "Actual Startup Time": 2.327, "Actual Total Time": 2.327, "Actual Rows": 265, "Actual Loops": 275, "Recheck Cond": "(id = ci.person_role_id)", "Rows Removed by Index Recheck": 0, "Exact Heap Blocks": 265, "Lossy Heap Blocks": 265, "Plans": [{"Node Type": "Bitmap Index Scan", "Parent Relationship": "Outer", "Index Name": "char_name_pkey", "Startup Cost": 0.0, "Total Cost": 2.3, "Plan Rows": 1, "Plan Width": 0, "Actual Startup Time": 1.574, "Actual Total Time": 1.574, "Actual Rows": 265, "Actual Loops": 275, "Index Cond": "(id = ci.person_role_id)"}]}]}, {"Node Type": "Bitmap Heap Scan", "Parent Relationship": "Inner", "Relation Name": "title", "Alias": "t", "Startup Cost": 0.27, "Total Cost": 4.29, "Plan Rows": 1, "Plan Width": 21, "Actual Startup Time": 2.169, "Actual Total Time": 2.169, "Actual Rows": 104, "Actual Loops": 265, "Recheck Cond": "(id = mc.movie_id)", "Rows Removed by Index Recheck": 0, "Filter": "(production_year > 2005)", "Rows Removed by Filter": 161, "Exact Heap Blocks": 265, "Lossy Heap Blocks": 265, "Plans": [{"Node Type": "Bitmap Index Scan", "Parent Relationship": "Outer", "Index Name": "title_pkey", "Startup Cost": 0.0, "Total Cost": 0.27, "Plan Rows": 1, "Plan Width": 0, "Actual Startup Time": 1.333, "Actual Total Time": 1.333, "Actual Rows": 265, "Actual Loops": 265, "Index Cond": "(id = mc.movie_id)"}]}]}, {"Node Type": "Bitmap Heap Scan", "Parent Relationship": "Inner", "Relation Name": "company_type", "Alias": "ct", "Startup Cost": 0.26, "Total Cost": 4.27, "Plan Rows": 1, "Plan Width": 4, "Actual Startup Time": 0.281, "Actual Total Time": 0.281, "Actual Rows": 18, "Actual Loops": 104, "Recheck Cond": "(id = mc.company_type_id)", "Rows Removed by Index Recheck": 0, "Exact Heap Blocks": 18, "Lossy Heap Blocks": 18, "Plans": [{"Node Type": "Bitmap Index Scan", "Parent Relationship": "Outer", "Index Name": "company_type_pkey", "Startup Cost": 0.0, "Total Cost": 0.26, "Plan Rows": 1, "Plan Width": 0, "Actual Startup Time": 0.155, "Actual Total Time": 0.155, "Actual Rows": 18, "Actual Loops": 104, "Index Cond": "(id = mc.company_type_id)"}]}]}]}, "Triggers": [], "Planner Runtime": 6, "Total Runtime": 1198.112, "Unique SQL Id": 2933943827}}, "(16, 104)": {"explain_plan": {"Plan": {"Node Type": "Aggregate", "Strategy": "Plain", "Startup Cost": 19914.67, "Total Cost": 19914.68, "Plan Rows": 1, "Plan Width": 97, "Plans": [{"Node Type": "Nested Loop", "Parent Relationship": "Outer", "Join Type": "Inner", "Startup Cost": 0.0, "Total Cost": 19914.66, "Plan Rows": 2, "Plan Width": 33, "Inner Unique": true, "Plans": [{"Node Type": "Nested Loop", "Parent Relationship": "Outer", "Join Type": "Inner", "Startup Cost": 0.0, "Total Cost": 19914.1, "Plan Rows": 2, "Plan Width": 37, "Inner Unique": true, "Plans": [{"Node Type": "Nested Loop", "Parent Relationship": "Outer", "Join Type": "Inner", "Startup Cost": 0.0, "Total Cost": 19887.22, "Plan Rows": 5, "Plan Width": 25, "Inner Unique": true, "Plans": [{"Node Type": "Nested Loop", "Parent Relationship": "Outer", "Join Type": "Inner", "Startup Cost": 0.0, "Total Cost": 19885.12, "Plan Rows": 6, "Plan Width": 16, "Inner Unique": true, "Plans": [{"Node Type": "Nested Loop", "Parent Relationship": "Outer", "Join Type": "Inner", "Startup Cost": 0.0, "Total Cost": 19865.87, "Plan Rows": 68, "Plan Width": 20, "Inner Unique": false, "Plans": [{"Node Type": "Nested Loop", "Parent Relationship": "Outer", "Join Type": "Inner", "Startup Cost": 0.0, "Total Cost": 16121.55, "Plan Rows": 3779, "Plan Width": 8, "Inner Unique": false, "Plans": [{"Node Type": "Seq Scan", "Parent Relationship": "Outer", "Relation Name": "company_name", "Alias": "cn", "Startup Cost": 0.0, "Total Cost": 5903.45, "Plan Rows": 251, "Plan Width": 4, "Filter": "((country_code)::text = '[ru]'::text)"}, {"Node Type": "Index Scan", "Parent Relationship": "Inner", "Scan Direction": "Forward", "Index Name": "company_id_movie_companies", "Relation Name": "movie_companies", "Alias": "mc", "Startup Cost": 0.0, "Total Cost": 40.56, "Plan Rows": 15, "Plan Width": 12, "Index Cond": "(company_id = cn.id)"}]}, {"Node Type": "Index Scan", "Parent Relationship": "Inner", "Scan Direction": "Forward", "Index Name": "movie_id_cast_info", "Relation Name": "cast_info", "Alias": "ci", "Startup Cost": 0.0, "Total Cost": 0.98, "Plan Rows": 1, "Plan Width": 12, "Index Cond": "(movie_id = mc.movie_id)", "Filter": "(((note)::text ~~ '%(voice)%'::text) AND ((note)::text ~~ '%(uncredited)%'::text))"}]}, {"Node Type": "Index Scan", "Parent Relationship": "Inner", "Scan Direction": "Forward", "Index Name": "role_type_pkey", "Relation Name": "role_type", "Alias": "rt", "Startup Cost": 0.0, "Total Cost": 0.27, "Plan Rows": 1, "Plan Width": 4, "Index Cond": "(id = ci.role_id)", "Filter": "((role)::text = 'actor'::text)"}]}, {"Node Type": "Index Scan", "Parent Relationship": "Inner", "Scan Direction": "Forward", "Index Name": "title_pkey", "Relation Name": "title", "Alias": "t", "Startup Cost": 0.0, "Total Cost": 0.34, "Plan Rows": 1, "Plan Width": 21, "Index Cond": "(id = mc.movie_id)", "Filter": "(production_year > 2005)"}]}, {"Node Type": "Index Scan", "Parent Relationship": "Inner", "Scan Direction": "Forward", "Index Name": "char_name_pkey", "Relation Name": "char_name", "Alias": "chn", "Startup Cost": 0.0, "Total Cost": 5.37, "Plan Rows": 1, "Plan Width": 20, "Index Cond": "(id = ci.person_role_id)"}]}, {"Node Type": "Index Only Scan", "Parent Relationship": "Inner", "Scan Direction": "Forward", "Index Name": "company_type_pkey", "Relation Name": "company_type", "Alias": "ct", "Startup Cost": 0.0, "Total Cost": 0.27, "Plan Rows": 1, "Plan Width": 4, "Index Cond": "(id = mc.company_type_id)"}]}]}, "Unique SQL Id": 2933943827, "Planner Runtime": 22}, "explain_analyze_plan": {"Plan": {"Node Type": "Aggregate", "Strategy": "Plain", "Startup Cost": 19914.67, "Total Cost": 19914.68, "Plan Rows": 1, "Plan Width": 97, "Actual Startup Time": 938.476, "Actual Total Time": 938.477, "Actual Rows": 1, "Actual Loops": 1, "Plans": [{"Node Type": "Nested Loop", "Parent Relationship": "Outer", "Join Type": "Inner", "Startup Cost": 0.0, "Total Cost": 19914.66, "Plan Rows": 2, "Plan Width": 33, "Actual Startup Time": 63.395, "Actual Total Time": 938.399, "Actual Rows": 18, "Actual Loops": 1, "Inner Unique": true, "Plans": [{"Node Type": "Nested Loop", "Parent Relationship": "Outer", "Join Type": "Inner", "Startup Cost": 0.0, "Total Cost": 19914.1, "Plan Rows": 2, "Plan Width": 37, "Actual Startup Time": 13.066, "Actual Total Time": 938.069, "Actual Rows": 104, "Actual Loops": 1, "Inner Unique": true, "Plans": [{"Node Type": "Nested Loop", "Parent Relationship": "Outer", "Join Type": "Inner", "Startup Cost": 0.0, "Total Cost": 19887.22, "Plan Rows": 5, "Plan Width": 25, "Actual Startup Time": 13.05, "Actual Total Time": 936.929, "Actual Rows": 112, "Actual Loops": 1, "Inner Unique": true, "Plans": [{"Node Type": "Nested Loop", "Parent Relationship": "Outer", "Join Type": "Inner", "Startup Cost": 0.0, "Total Cost": 19885.12, "Plan Rows": 6, "Plan Width": 16, "Actual Startup Time": 0.978, "Actual Total Time": 934.501, "Actual Rows": 275, "Actual Loops": 1, "Inner Unique": true, "Plans": [{"Node Type": "Nested Loop", "Parent Relationship": "Outer", "Join Type": "Inner", "Startup Cost": 0.0, "Total Cost": 19865.87, "Plan Rows": 68, "Plan Width": 20, "Actual Startup Time": 0.971, "Actual Total Time": 932.897, "Actual Rows": 377, "Actual Loops": 1, "Inner Unique": false, "Plans": [{"Node Type": "Nested Loop", "Parent Relationship": "Outer", "Join Type": "Inner", "Startup Cost": 0.0, "Total Cost": 16121.55, "Plan Rows": 3779, "Plan Width": 8, "Actual Startup Time": 0.073, "Actual Total Time": 106.997, "Actual Rows": 8790, "Actual Loops": 1, "Inner Unique": false, "Plans": [{"Node Type": "Seq Scan", "Parent Relationship": "Outer", "Relation Name": "company_name", "Alias": "cn", "Startup Cost": 0.0, "Total Cost": 5903.45, "Plan Rows": 251, "Plan Width": 4, "Actual Startup Time": 0.051, "Actual Total Time": 81.47, "Actual Rows": 1361, "Actual Loops": 1, "Filter": "((country_code)::text = '[ru]'::text)", "Rows Removed by Filter": 233635}, {"Node Type": "Index Scan", "Parent Relationship": "Inner", "Scan Direction": "Forward", "Index Name": "company_id_movie_companies", "Relation Name": "movie_companies", "Alias": "mc", "Startup Cost": 0.0, "Total Cost": 40.56, "Plan Rows": 15, "Plan Width": 12, "Actual Startup Time": 9.117, "Actual Total Time": 22.33, "Actual Rows": 8790, "Actual Loops": 1361, "Index Cond": "(company_id = cn.id)", "Rows Removed by Index Recheck": 0}]}, {"Node Type": "Index Scan", "Parent Relationship": "Inner", "Scan Direction": "Forward", "Index Name": "movie_id_cast_info", "Relation Name": "cast_info", "Alias": "ci", "Startup Cost": 0.0, "Total Cost": 0.98, "Plan Rows": 1, "Plan Width": 12, "Actual Startup Time": 771.815, "Actual Total Time": 820.529, "Actual Rows": 377, "Actual Loops": 8790, "Index Cond": "(movie_id = mc.movie_id)", "Rows Removed by Index Recheck": 0, "Filter": "(((note)::text ~~ '%(voice)%'::text) AND ((note)::text ~~ '%(uncredited)%'::text))", "Rows Removed by Filter": 408168}]}, {"Node Type": "Index Scan", "Parent Relationship": "Inner", "Scan Direction": "Forward", "Index Name": "role_type_pkey", "Relation Name": "role_type", "Alias": "rt", "Startup Cost": 0.0, "Total Cost": 0.27, "Plan Rows": 1, "Plan Width": 4, "Actual Startup Time": 1.08, "Actual Total Time": 1.08, "Actual Rows": 275, "Actual Loops": 377, "Index Cond": "(id = ci.role_id)", "Rows Removed by Index Recheck": 0, "Filter": "((role)::text = 'actor'::text)", "Rows Removed by Filter": 102}]}, {"Node Type": "Index Scan", "Parent Relationship": "Inner", "Scan Direction": "Forward", "Index Name": "title_pkey", "Relation Name": "title", "Alias": "t", "Startup Cost": 0.0, "Total Cost": 0.34, "Plan Rows": 1, "Plan Width": 21, "Actual Startup Time": 2.019, "Actual Total Time": 2.019, "Actual Rows": 112, "Actual Loops": 275, "Index Cond": "(id = mc.movie_id)", "Rows Removed by Index Recheck": 0, "Filter": "(production_year > 2005)", "Rows Removed by Filter": 163}]}, {"Node Type": "Index Scan", "Parent Relationship": "Inner", "Scan Direction": "Forward", "Index Name": "char_name_pkey", "Relation Name": "char_name", "Alias": "chn", "Startup Cost": 0.0, "Total Cost": 5.37, "Plan Rows": 1, "Plan Width": 20, "Actual Startup Time": 0.859, "Actual Total Time": 0.859, "Actual Rows": 104, "Actual Loops": 112, "Index Cond": "(id = ci.person_role_id)", "Rows Removed by Index Recheck": 0}]}, {"Node Type": "Index Only Scan", "Parent Relationship": "Inner", "Scan Direction": "Forward", "Index Name": "company_type_pkey", "Relation Name": "company_type", "Alias": "ct", "Startup Cost": 0.0, "Total Cost": 0.27, "Plan Rows": 1, "Plan Width": 4, "Actual Startup Time": 0.174, "Actual Total Time": 0.174, "Actual Rows": 18, "Actual Loops": 104, "Index Cond": "(id = mc.company_type_id)", "Rows Removed by Index Recheck": 0, "Heap Fetches": 0}]}]}, "Triggers": [], "Planner Runtime": 22, "Total Runtime": 938.94, "Unique SQL Id": 2933943827}}, "(16, 105)": {"explain_plan": {"Plan": {"Node Type": "Aggregate", "Strategy": "Plain", "Startup Cost": 24512.61, "Total Cost": 24512.62, "Plan Rows": 1, "Plan Width": 97, "Plans": [{"Node Type": "Nested Loop", "Parent Relationship": "Outer", "Join Type": "Inner", "Startup Cost": 0.0, "Total Cost": 24512.6, "Plan Rows": 2, "Plan Width": 33, "Inner Unique": true, "Plans": [{"Node Type": "Nested Loop", "Parent Relationship": "Outer", "Join Type": "Inner", "Startup Cost": 0.0, "Total Cost": 24512.04, "Plan Rows": 2, "Plan Width": 37, "Inner Unique": true, "Plans": [{"Node Type": "Nested Loop", "Parent Relationship": "Outer", "Join Type": "Inner", "Startup Cost": 0.0, "Total Cost": 24485.16, "Plan Rows": 5, "Plan Width": 25, "Inner Unique": true, "Plans": [{"Node Type": "Nested Loop", "Parent Relationship": "Outer", "Join Type": "Inner", "Startup Cost": 0.0, "Total Cost": 24483.05, "Plan Rows": 6, "Plan Width": 16, "Inner Unique": true, "Plans": [{"Node Type": "Nested Loop", "Parent Relationship": "Outer", "Join Type": "Inner", "Startup Cost": 0.0, "Total Cost": 24463.81, "Plan Rows": 68, "Plan Width": 20, "Inner Unique": false, "Plans": [{"Node Type": "Nested Loop", "Parent Relationship": "Outer", "Join Type": "Inner", "Startup Cost": 0.0, "Total Cost": 20719.49, "Plan Rows": 3779, "Plan Width": 8, "Inner Unique": false, "Plans": [{"Node Type": "Index Scan", "Parent Relationship": "Outer", "Scan Direction": "Forward", "Index Name": "company_name_pkey", "Relation Name": "company_name", "Alias": "cn", "Startup Cost": 0.0, "Total Cost": 10501.39, "Plan Rows": 251, "Plan Width": 4, "Filter": "((country_code)::text = '[ru]'::text)"}, {"Node Type": "Index Scan", "Parent Relationship": "Inner", "Scan Direction": "Forward", "Index Name": "company_id_movie_companies", "Relation Name": "movie_companies", "Alias": "mc", "Startup Cost": 0.0, "Total Cost": 40.56, "Plan Rows": 15, "Plan Width": 12, "Index Cond": "(company_id = cn.id)"}]}, {"Node Type": "Index Scan", "Parent Relationship": "Inner", "Scan Direction": "Forward", "Index Name": "movie_id_cast_info", "Relation Name": "cast_info", "Alias": "ci", "Startup Cost": 0.0, "Total Cost": 0.98, "Plan Rows": 1, "Plan Width": 12, "Index Cond": "(movie_id = mc.movie_id)", "Filter": "(((note)::text ~~ '%(voice)%'::text) AND ((note)::text ~~ '%(uncredited)%'::text))"}]}, {"Node Type": "Index Scan", "Parent Relationship": "Inner", "Scan Direction": "Forward", "Index Name": "role_type_pkey", "Relation Name": "role_type", "Alias": "rt", "Startup Cost": 0.0, "Total Cost": 0.27, "Plan Rows": 1, "Plan Width": 4, "Index Cond": "(id = ci.role_id)", "Filter": "((role)::text = 'actor'::text)"}]}, {"Node Type": "Index Scan", "Parent Relationship": "Inner", "Scan Direction": "Forward", "Index Name": "title_pkey", "Relation Name": "title", "Alias": "t", "Startup Cost": 0.0, "Total Cost": 0.34, "Plan Rows": 1, "Plan Width": 21, "Index Cond": "(id = mc.movie_id)", "Filter": "(production_year > 2005)"}]}, {"Node Type": "Index Scan", "Parent Relationship": "Inner", "Scan Direction": "Forward", "Index Name": "char_name_pkey", "Relation Name": "char_name", "Alias": "chn", "Startup Cost": 0.0, "Total Cost": 5.37, "Plan Rows": 1, "Plan Width": 20, "Index Cond": "(id = ci.person_role_id)"}]}, {"Node Type": "Index Only Scan", "Parent Relationship": "Inner", "Scan Direction": "Forward", "Index Name": "company_type_pkey", "Relation Name": "company_type", "Alias": "ct", "Startup Cost": 0.0, "Total Cost": 0.27, "Plan Rows": 1, "Plan Width": 4, "Index Cond": "(id = mc.company_type_id)"}]}]}, "Unique SQL Id": 2933943827, "Planner Runtime": 13}, "explain_analyze_plan": {"Plan": {"Node Type": "Aggregate", "Strategy": "Plain", "Startup Cost": 24512.61, "Total Cost": 24512.62, "Plan Rows": 1, "Plan Width": 97, "Actual Startup Time": 1118.683, "Actual Total Time": 1118.684, "Actual Rows": 1, "Actual Loops": 1, "Plans": [{"Node Type": "Nested Loop", "Parent Relationship": "Outer", "Join Type": "Inner", "Startup Cost": 0.0, "Total Cost": 24512.6, "Plan Rows": 2, "Plan Width": 33, "Actual Startup Time": 36.677, "Actual Total Time": 1118.577, "Actual Rows": 18, "Actual Loops": 1, "Inner Unique": true, "Plans": [{"Node Type": "Nested Loop", "Parent Relationship": "Outer", "Join Type": "Inner", "Startup Cost": 0.0, "Total Cost": 24512.04, "Plan Rows": 2, "Plan Width": 37, "Actual Startup Time": 28.13, "Actual Total Time": 1118.26, "Actual Rows": 104, "Actual Loops": 1, "Inner Unique": true, "Plans": [{"Node Type": "Nested Loop", "Parent Relationship": "Outer", "Join Type": "Inner", "Startup Cost": 0.0, "Total Cost": 24485.16, "Plan Rows": 5, "Plan Width": 25, "Actual Startup Time": 28.113, "Actual Total Time": 1117.214, "Actual Rows": 112, "Actual Loops": 1, "Inner Unique": true, "Plans": [{"Node Type": "Nested Loop", "Parent Relationship": "Outer", "Join Type": "Inner", "Startup Cost": 0.0, "Total Cost": 24483.05, "Plan Rows": 6, "Plan Width": 16, "Actual Startup Time": 8.588, "Actual Total Time": 1114.913, "Actual Rows": 275, "Actual Loops": 1, "Inner Unique": true, "Plans": [{"Node Type": "Nested Loop", "Parent Relationship": "Outer", "Join Type": "Inner", "Startup Cost": 0.0, "Total Cost": 24463.81, "Plan Rows": 68, "Plan Width": 20, "Actual Startup Time": 8.579, "Actual Total Time": 1113.125, "Actual Rows": 377, "Actual Loops": 1, "Inner Unique": false, "Plans": [{"Node Type": "Nested Loop", "Parent Relationship": "Outer", "Join Type": "Inner", "Startup Cost": 0.0, "Total Cost": 20719.49, "Plan Rows": 3779, "Plan Width": 8, "Actual Startup Time": 0.711, "Actual Total Time": 318.5, "Actual Rows": 8790, "Actual Loops": 1, "Inner Unique": false, "Plans": [{"Node Type": "Index Scan", "Parent Relationship": "Outer", "Scan Direction": "Forward", "Index Name": "company_name_pkey", "Relation Name": "company_name", "Alias": "cn", "Startup Cost": 0.0, "Total Cost": 10501.39, "Plan Rows": 251, "Plan Width": 4, "Actual Startup Time": 0.692, "Actual Total Time": 294.803, "Actual Rows": 1361, "Actual Loops": 1, "Filter": "((country_code)::text = '[ru]'::text)", "Rows Removed by Filter": 233635}, {"Node Type": "Index Scan", "Parent Relationship": "Inner", "Scan Direction": "Forward", "Index Name": "company_id_movie_companies", "Relation Name": "movie_companies", "Alias": "mc", "Startup Cost": 0.0, "Total Cost": 40.56, "Plan Rows": 15, "Plan Width": 12, "Actual Startup Time": 7.735, "Actual Total Time": 20.062, "Actual Rows": 8790, "Actual Loops": 1361, "Index Cond": "(company_id = cn.id)", "Rows Removed by Index Recheck": 0}]}, {"Node Type": "Index Scan", "Parent Relationship": "Inner", "Scan Direction": "Forward", "Index Name": "movie_id_cast_info", "Relation Name": "cast_info", "Alias": "ci", "Startup Cost": 0.0, "Total Cost": 0.98, "Plan Rows": 1, "Plan Width": 12, "Actual Startup Time": 741.963, "Actual Total Time": 789.066, "Actual Rows": 377, "Actual Loops": 8790, "Index Cond": "(movie_id = mc.movie_id)", "Rows Removed by Index Recheck": 0, "Filter": "(((note)::text ~~ '%(voice)%'::text) AND ((note)::text ~~ '%(uncredited)%'::text))", "Rows Removed by Filter": 408168}]}, {"Node Type": "Index Scan", "Parent Relationship": "Inner", "Scan Direction": "Forward", "Index Name": "role_type_pkey", "Relation Name": "role_type", "Alias": "rt", "Startup Cost": 0.0, "Total Cost": 0.27, "Plan Rows": 1, "Plan Width": 4, "Actual Startup Time": 1.153, "Actual Total Time": 1.153, "Actual Rows": 275, "Actual Loops": 377, "Index Cond": "(id = ci.role_id)", "Rows Removed by Index Recheck": 0, "Filter": "((role)::text = 'actor'::text)", "Rows Removed by Filter": 102}]}, {"Node Type": "Index Scan", "Parent Relationship": "Inner", "Scan Direction": "Forward", "Index Name": "title_pkey", "Relation Name": "title", "Alias": "t", "Startup Cost": 0.0, "Total Cost": 0.34, "Plan Rows": 1, "Plan Width": 21, "Actual Startup Time": 1.921, "Actual Total Time": 1.921, "Actual Rows": 112, "Actual Loops": 275, "Index Cond": "(id = mc.movie_id)", "Rows Removed by Index Recheck": 0, "Filter": "(production_year > 2005)", "Rows Removed by Filter": 163}]}, {"Node Type": "Index Scan", "Parent Relationship": "Inner", "Scan Direction": "Forward", "Index Name": "char_name_pkey", "Relation Name": "char_name", "Alias": "chn", "Startup Cost": 0.0, "Total Cost": 5.37, "Plan Rows": 1, "Plan Width": 20, "Actual Startup Time": 0.805, "Actual Total Time": 0.805, "Actual Rows": 104, "Actual Loops": 112, "Index Cond": "(id = ci.person_role_id)", "Rows Removed by Index Recheck": 0}]}, {"Node Type": "Index Only Scan", "Parent Relationship": "Inner", "Scan Direction": "Forward", "Index Name": "company_type_pkey", "Relation Name": "company_type", "Alias": "ct", "Startup Cost": 0.0, "Total Cost": 0.27, "Plan Rows": 1, "Plan Width": 4, "Actual Startup Time": 0.162, "Actual Total Time": 0.162, "Actual Rows": 18, "Actual Loops": 104, "Index Cond": "(id = mc.company_type_id)", "Rows Removed by Index Recheck": 0, "Heap Fetches": 0}]}]}, "Triggers": [], "Planner Runtime": 13, "Total Runtime": 1119.096, "Unique SQL Id": 2933943827}}, "(16, 106)": {"explain_plan": {"Plan": {"Node Type": "Aggregate", "Strategy": "Plain", "Startup Cost": 157415.54, "Total Cost": 157415.55, "Plan Rows": 1, "Plan Width": 97, "Plans": [{"Node Type": "Hash Join", "Parent Relationship": "Outer", "Join Type": "Inner", "Startup Cost": 124052.88, "Total Cost": 157415.52, "Plan Rows": 4, "Plan Width": 33, "Inner Unique": true, "Hash Cond": "(mc.company_type_id = ct.id)", "Plans": [{"Node Type": "Streaming(type: LOCAL GATHER dop: 1/16)", "Parent Relationship": "Outer", "Startup Cost": 124052.58, "Total Cost": 157415.17, "Plan Rows": 4, "Plan Width": 37, "Plans": [{"Node Type": "Hash Join", "Parent Relationship": "Outer", "Join Type": "Inner", "Startup Cost": 124052.58, "Total Cost": 157415.08, "Plan Rows": 4, "Plan Width": 37, "Inner Unique": true, "Hash Cond": "(ci.person_role_id = chn.id)", "Plans": [{"Node Type": "Streaming(type: BROADCAST dop: 16/1)", "Parent Relationship": "Outer", "Startup Cost": 116794.61, "Total Cost": 150157.08, "Plan Rows": 112, "Plan Width": 25, "Plans": [{"Node Type": "Hash Join", "Parent Relationship": "Outer", "Join Type": "Inner", "Startup Cost": 116794.61, "Total Cost": 135154.66, "Plan Rows": 7, "Plan Width": 25, "Inner Unique": true, "Hash Cond": "(mc.company_id = cn.id)", "Plans": [{"Node Type": "Streaming(type: LOCAL GATHER dop: 1/16)", "Parent Relationship": "Outer", "Startup Cost": 115315.61, "Total Cost": 133656.09, "Plan Rows": 5196, "Plan Width": 29, "Plans": [{"Node Type": "Hash Join", "Parent Relationship": "Outer", "Join Type": "Inner", "Startup Cost": 115315.61, "Total Cost": 133543.95, "Plan Rows": 5196, "Plan Width": 29, "Inner Unique": false, "Hash Cond": "(mc.movie_id = t.id)", "Plans": [{"Node Type": "Seq Scan", "Parent Relationship": "Outer", "Relation Name": "movie_companies", "Alias": "mc", "Startup Cost": 0.0, "Total Cost": 17613.58, "Plan Rows": 2609128, "Plan Width": 12}, {"Node Type": "Hash", "Parent Relationship": "Inner", "Startup Cost": 115284.86, "Total Cost": 115284.86, "Plan Rows": 39360, "Plan Width": 29, "Plans": [{"Node Type": "Streaming(type: BROADCAST dop: 16/16)", "Parent Relationship": "Outer", "Startup Cost": 19942.32, "Total Cost": 115284.86, "Plan Rows": 39360, "Plan Width": 29, "Plans": [{"Node Type": "Hash Join", "Parent Relationship": "Outer", "Join Type": "Inner", "Startup Cost": 19942.32, "Total Cost": 100184.92, "Plan Rows": 2460, "Plan Width": 29, "Inner Unique": true, "Hash Cond": "(ci.movie_id = t.id)", "Plans": [{"Node Type": "Streaming(type: BROADCAST dop: 16/1)", "Parent Relationship": "Outer", "Startup Cost": 1.16, "Total Cost": 80234.62, "Plan Rows": 32432, "Plan Width": 8, "Plans": [{"Node Type": "Hash Join", "Parent Relationship": "Outer", "Join Type": "Inner", "Startup Cost": 1.16, "Total Cost": 64534.67, "Plan Rows": 2027, "Plan Width": 8, "Inner Unique": true, "Hash Cond": "(ci.role_id = rt.id)", "Plans": [{"Node Type": "Streaming(type: LOCAL GATHER dop: 1/16)", "Parent Relationship": "Outer", "Startup Cost": 0.0, "Total Cost": 64429.63, "Plan Rows": 22295, "Plan Width": 12, "Plans": [{"Node Type": "Seq Scan", "Parent Relationship": "Outer", "Relation Name": "cast_info", "Alias": "ci", "Startup Cost": 0.0, "Total Cost": 63948.46, "Plan Rows": 22295, "Plan Width": 12, "Filter": "(((note)::text ~~ '%(voice)%'::text) AND ((note)::text ~~ '%(uncredited)%'::text))"}]}, {"Node Type": "Hash", "Parent Relationship": "Inner", "Startup Cost": 1.15, "Total Cost": 1.15, "Plan Rows": 1, "Plan Width": 4, "Plans": [{"Node Type": "Seq Scan", "Parent Relationship": "Outer", "Relation Name": "role_type", "Alias": "rt", "Startup Cost": 0.0, "Total Cost": 1.15, "Plan Rows": 1, "Plan Width": 4, "Filter": "((role)::text = 'actor'::text)"}]}]}]}, {"Node Type": "Hash", "Parent Relationship": "Inner", "Startup Cost": 19149.37, "Total Cost": 19149.37, "Plan Rows": 1013492, "Plan Width": 21, "Plans": [{"Node Type": "Seq Scan", "Parent Relationship": "Outer", "Relation Name": "title", "Alias": "t", "Startup Cost": 0.0, "Total Cost": 19149.37, "Plan Rows": 1013492, "Plan Width": 21, "Filter": "(production_year > 2005), (LLVM Optimized)"}]}]}]}]}]}]}, {"Node Type": "Hash", "Parent Relationship": "Inner", "Startup Cost": 5903.45, "Total Cost": 5903.45, "Plan Rows": 251, "Plan Width": 4, "Plans": [{"Node Type": "Seq Scan", "Parent Relationship": "Outer", "Relation Name": "company_name", "Alias": "cn", "Startup Cost": 0.0, "Total Cost": 5903.45, "Plan Rows": 251, "Plan Width": 4, "Filter": "((country_code)::text = '[ru]'::text)"}]}]}]}, {"Node Type": "Hash", "Parent Relationship": "Inner", "Startup Cost": 19218.34, "Total Cost": 19218.34, "Plan Rows": 3140338, "Plan Width": 20, "Plans": [{"Node Type": "Seq Scan", "Parent Relationship": "Outer", "Relation Name": "char_name", "Alias": "chn", "Startup Cost": 0.0, "Total Cost": 19218.34, "Plan Rows": 3140338, "Plan Width": 20}]}]}]}, {"Node Type": "Hash", "Parent Relationship": "Inner", "Startup Cost": 1.03, "Total Cost": 1.03, "Plan Rows": 3, "Plan Width": 4, "Plans": [{"Node Type": "Seq Scan", "Parent Relationship": "Outer", "Relation Name": "company_type", "Alias": "ct", "Startup Cost": 0.0, "Total Cost": 1.03, "Plan Rows": 3, "Plan Width": 4}]}]}]}, "Unique SQL Id": 2933943827, "Planner Runtime": 61}, "explain_analyze_plan": {"Plan": {"Node Type": "Aggregate", "Strategy": "Plain", "Startup Cost": 157415.54, "Total Cost": 157415.55, "Plan Rows": 1, "Plan Width": 97, "Actual Min Startup Time": 1064.573, "Actual Max Startup Time": 1064.573, "Actual Min Total Time": 1064.574, "Actual Max Total Time": 1064.574, "Plans": [{"Node Type": "Hash Join", "Parent Relationship": "Outer", "Join Type": "Inner", "Startup Cost": 124052.88, "Total Cost": 157415.52, "Plan Rows": 4, "Plan Width": 33, "Actual Min Startup Time": 1064.416, "Actual Max Startup Time": 1064.416, "Actual Min Total Time": 1064.523, "Actual Max Total Time": 1064.523, "Inner Unique": true, "Hash Cond": "(mc.company_type_id = ct.id)", "Plans": [{"Node Type": "Streaming(type: LOCAL GATHER dop: 1/16)", "Parent Relationship": "Outer", "Startup Cost": 124052.58, "Total Cost": 157415.17, "Plan Rows": 4, "Plan Width": 37, "Actual Min Startup Time": 1064.269, "Actual Max Startup Time": 1064.269, "Actual Min Total Time": 1064.36, "Actual Max Total Time": 1064.36, "Plans": [{"Node Type": "Hash Join", "Parent Relationship": "Outer", "Join Type": "Inner", "Startup Cost": 124052.58, "Total Cost": 157415.08, "Plan Rows": 4, "Plan Width": 37, "Actual Min Startup Time": 946.489, "Actual Max Startup Time": 976.773, "Actual Min Total Time": 967.322, "Actual Max Total Time": 997.57, "Inner Unique": true, "Hash Cond": "(ci.person_role_id = chn.id)", "Plans": [{"Node Type": "Streaming(type: BROADCAST dop: 16/1)", "Parent Relationship": "Outer", "Startup Cost": 116794.61, "Total Cost": 150157.08, "Plan Rows": 112, "Plan Width": 25, "Actual Min Startup Time": 814.524, "Actual Max Startup Time": 841.585, "Actual Min Total Time": 835.317, "Actual Max Total Time": 862.331, "Plans": [{"Node Type": "Hash Join", "Parent Relationship": "Outer", "Join Type": "Inner", "Startup Cost": 116794.61, "Total Cost": 135154.66, "Plan Rows": 7, "Plan Width": 25, "Actual Min Startup Time": 903.834, "Actual Max Startup Time": 903.834, "Actual Min Total Time": 967.664, "Actual Max Total Time": 967.664, "Inner Unique": true, "Hash Cond": "(mc.company_id = cn.id)", "Plans": [{"Node Type": "Streaming(type: LOCAL GATHER dop: 1/16)", "Parent Relationship": "Outer", "Startup Cost": 115315.61, "Total Cost": 133656.09, "Plan Rows": 5196, "Plan Width": 29, "Actual Min Startup Time": 817.175, "Actual Max Startup Time": 817.175, "Actual Min Total Time": 884.346, "Actual Max Total Time": 884.346, "Plans": [{"Node Type": "Hash Join", "Parent Relationship": "Outer", "Join Type": "Inner", "Startup Cost": 115315.61, "Total Cost": 133543.95, "Plan Rows": 5196, "Plan Width": 29, "Actual Min Startup Time": 895.371, "Actual Max Startup Time": 928.306, "Actual Min Total Time": 962.12, "Actual Max Total Time": 994.601, "Inner Unique": false, "Hash Cond": "(mc.movie_id = t.id)", "Plans": [{"Node Type": "Seq Scan", "Parent Relationship": "Outer", "Relation Name": "movie_companies", "Alias": "mc", "Startup Cost": 0.0, "Total Cost": 17613.58, "Plan Rows": 2609128, "Plan Width": 12, "Actual Min Startup Time": 0.043, "Actual Max Startup Time": 0.068, "Actual Min Total Time": 35.187, "Actual Max Total Time": 40.242, "Actual Rows": 2609128}, {"Node Type": "Hash", "Parent Relationship": "Inner", "Startup Cost": 115284.86, "Total Cost": 115284.86, "Plan Rows": 39360, "Plan Width": 29, "Actual Min Startup Time": 894.926, "Actual Max Startup Time": 927.026, "Actual Min Total Time": 894.926, "Actual Max Total Time": 927.026, "Max Hash Buckets": 32768, "Min Hash Buckets": 32768, "Max Hash Batches": 1, "Min Hash Batches": 1, "Max Original Hash Batches": 1, "Min Original Hash Batches": 1, "Max Peak Memory Usage": 320, "min Peak Memory Usage": 320, "Plans": [{"Node Type": "Streaming(type: BROADCAST dop: 16/16)", "Parent Relationship": "Outer", "Startup Cost": 19942.32, "Total Cost": 115284.86, "Plan Rows": 39360, "Plan Width": 29, "Actual Min Startup Time": 173.25, "Actual Max Startup Time": 205.389, "Actual Min Total Time": 893.337, "Actual Max Total Time": 925.464, "Plans": [{"Node Type": "Hash Join", "Parent Relationship": "Outer", "Join Type": "Inner", "Startup Cost": 19942.32, "Total Cost": 100184.92, "Plan Rows": 2460, "Plan Width": 29, "Actual Min Startup Time": 77.673, "Actual Max Startup Time": 117.241, "Actual Min Total Time": 869.12, "Actual Max Total Time": 902.798, "Inner Unique": true, "Hash Cond": "(ci.movie_id = t.id)", "Plans": [{"Node Type": "Streaming(type: BROADCAST dop: 16/1)", "Parent Relationship": "Outer", "Startup Cost": 1.16, "Total Cost": 80234.62, "Plan Rows": 32432, "Plan Width": 8, "Actual Min Startup Time": 0.03, "Actual Max Startup Time": 0.059, "Actual Min Total Time": 779.787, "Actual Max Total Time": 809.378, "Plans": [{"Node Type": "Hash Join", "Parent Relationship": "Outer", "Join Type": "Inner", "Startup Cost": 1.16, "Total Cost": 64534.67, "Plan Rows": 2027, "Plan Width": 8, "Actual Min Startup Time": 1.396, "Actual Max Startup Time": 1.396, "Actual Min Total Time": 592.544, "Actual Max Total Time": 592.544, "Inner Unique": true, "Hash Cond": "(ci.role_id = rt.id)", "Plans": [{"Node Type": "Streaming(type: LOCAL GATHER dop: 1/16)", "Parent Relationship": "Outer", "Startup Cost": 0.0, "Total Cost": 64429.63, "Plan Rows": 22295, "Plan Width": 12, "Actual Min Startup Time": 1.302, "Actual Max Startup Time": 1.302, "Actual Min Total Time": 579.871, "Actual Max Total Time": 579.871, "Plans": [{"Node Type": "Seq Scan", "Parent Relationship": "Outer", "Relation Name": "cast_info", "Alias": "ci", "Startup Cost": 0.0, "Total Cost": 63948.46, "Plan Rows": 22295, "Plan Width": 12, "Actual Min Startup Time": 0.068, "Actual Max Startup Time": 2.224, "Actual Min Total Time": 697.735, "Actual Max Total Time": 712.961, "Filter": "(((note)::text ~~ '%(voice)%'::text) AND ((note)::text ~~ '%(uncredited)%'::text))", "Rows Removed by Filter": 36212055, "Actual Rows": 32288}], "Actual Rows": 32288}, {"Node Type": "Hash", "Parent Relationship": "Inner", "Startup Cost": 1.15, "Total Cost": 1.15, "Plan Rows": 1, "Plan Width": 4, "Actual Min Startup Time": 0.036, "Actual Max Startup Time": 0.036, "Actual Min Total Time": 0.036, "Actual Max Total Time": 0.036, "Max Hash Buckets": 32768, "Min Hash Buckets": 32768, "Max Hash Batches": 1, "Min Hash Batches": 1, "Max Original Hash Batches": 1, "Min Original Hash Batches": 1, "Max Peak Memory Usage": 1, "min Peak Memory Usage": 1, "Plans": [{"Node Type": "Seq Scan", "Parent Relationship": "Outer", "Relation Name": "role_type", "Alias": "rt", "Startup Cost": 0.0, "Total Cost": 1.15, "Plan Rows": 1, "Plan Width": 4, "Actual Min Startup Time": 0.018, "Actual Max Startup Time": 0.018, "Actual Min Total Time": 0.023, "Actual Max Total Time": 0.023, "Filter": "((role)::text = 'actor'::text)", "Rows Removed by Filter": 11, "Actual Rows": 1}], "Actual Rows": 1}], "Actual Rows": 25874}], "Actual Rows": 413984}, {"Node Type": "Hash", "Parent Relationship": "Inner", "Startup Cost": 19149.37, "Total Cost": 19149.37, "Plan Rows": 1013492, "Plan Width": 21, "Actual Min Startup Time": 77.524, "Actual Max Startup Time": 86.462, "Actual Min Total Time": 77.524, "Actual Max Total Time": 86.462, "Max Hash Buckets": 65536, "Min Hash Buckets": 65536, "Max Hash Batches": 1, "Min Hash Batches": 1, "Max Original Hash Batches": 1, "Min Original Hash Batches": 1, "Max Peak Memory Usage": 3456, "min Peak Memory Usage": 3456, "Plans": [{"Node Type": "Seq Scan", "Parent Relationship": "Outer", "Relation Name": "title", "Alias": "t", "Startup Cost": 0.0, "Total Cost": 19149.37, "Plan Rows": 1013492, "Plan Width": 21, "Actual Min Startup Time": 0.025, "Actual Max Startup Time": 0.036, "Actual Min Total Time": 57.879, "Actual Max Total Time": 66.322, "Filter": "(production_year > 2005), (LLVM Optimized, Jit Execute)", "Rows Removed by Filter": 1515391, "Actual Rows": 1012920}], "Actual Rows": 1012920}], "Actual Rows": 5288}], "Actual Rows": 84608}], "Actual Rows": 84608}], "Actual Rows": 14489}], "Actual Rows": 14489}, {"Node Type": "Hash", "Parent Relationship": "Inner", "Startup Cost": 5903.45, "Total Cost": 5903.45, "Plan Rows": 251, "Plan Width": 4, "Actual Min Startup Time": 80.802, "Actual Max Startup Time": 80.802, "Actual Min Total Time": 80.802, "Actual Max Total Time": 80.802, "Max Hash Buckets": 32768, "Min Hash Buckets": 32768, "Max Hash Batches": 1, "Min Hash Batches": 1, "Max Original Hash Batches": 1, "Min Original Hash Batches": 1, "Max Peak Memory Usage": 48, "min Peak Memory Usage": 48, "Plans": [{"Node Type": "Seq Scan", "Parent Relationship": "Outer", "Relation Name": "company_name", "Alias": "cn", "Startup Cost": 0.0, "Total Cost": 5903.45, "Plan Rows": 251, "Plan Width": 4, "Actual Min Startup Time": 0.075, "Actual Max Startup Time": 0.075, "Actual Min Total Time": 80.269, "Actual Max Total Time": 80.269, "Filter": "((country_code)::text = '[ru]'::text)", "Rows Removed by Filter": 233635, "Actual Rows": 1361}], "Actual Rows": 1361}], "Actual Rows": 112}], "Actual Rows": 1792}, {"Node Type": "Hash", "Parent Relationship": "Inner", "Startup Cost": 19218.34, "Total Cost": 19218.34, "Plan Rows": 3140338, "Plan Width": 20, "Actual Min Startup Time": 123.094, "Actual Max Startup Time": 137.683, "Actual Min Total Time": 123.094, "Actual Max Total Time": 137.683, "Max Hash Buckets": 262144, "Min Hash Buckets": 262144, "Max Hash Batches": 1, "Min Hash Batches": 1, "Max Original Hash Batches": 1, "Min Original Hash Batches": 1, "Max Peak Memory Usage": 10534, "min Peak Memory Usage": 10534, "Plans": [{"Node Type": "Seq Scan", "Parent Relationship": "Outer", "Relation Name": "char_name", "Alias": "chn", "Startup Cost": 0.0, "Total Cost": 19218.34, "Plan Rows": 3140338, "Plan Width": 20, "Actual Min Startup Time": 0.031, "Actual Max Startup Time": 0.681, "Actual Min Total Time": 59.696, "Actual Max Total Time": 68.371, "Actual Rows": 3140338}], "Actual Rows": 3140338}], "Actual Rows": 104}], "Actual Rows": 104}, {"Node Type": "Hash", "Parent Relationship": "Inner", "Startup Cost": 1.03, "Total Cost": 1.03, "Plan Rows": 3, "Plan Width": 4, "Actual Min Startup Time": 0.055, "Actual Max Startup Time": 0.055, "Actual Min Total Time": 0.055, "Actual Max Total Time": 0.055, "Max Hash Buckets": 32768, "Min Hash Buckets": 32768, "Max Hash Batches": 1, "Min Hash Batches": 1, "Max Original Hash Batches": 1, "Min Original Hash Batches": 1, "Max Peak Memory Usage": 1, "min Peak Memory Usage": 1, "Plans": [{"Node Type": "Seq Scan", "Parent Relationship": "Outer", "Relation Name": "company_type", "Alias": "ct", "Startup Cost": 0.0, "Total Cost": 1.03, "Plan Rows": 3, "Plan Width": 4, "Actual Min Startup Time": 0.029, "Actual Max Startup Time": 0.029, "Actual Min Total Time": 0.033, "Actual Max Total Time": 0.033, "Actual Rows": 3}], "Actual Rows": 3}], "Actual Rows": 18}], "Actual Rows": 1}, "Triggers": [], "Planner Runtime": 62, "Total Runtime": 1088.363, "Unique SQL Id": 2933943827}}, "(16, 107)": {"explain_plan": {"Plan": {"Node Type": "Aggregate", "Strategy": "Plain", "Startup Cost": 7000187338433.41, "Total Cost": 7000187338433.42, "Plan Rows": 1, "Plan Width": 97, "Plans": [{"Node Type": "Hash Join", "Parent Relationship": "Outer", "Join Type": "Inner", "Startup Cost": 6010035055134.11, "Total Cost": 7000187338433.39, "Plan Rows": 4, "Plan Width": 33, "Inner Unique": true, "Hash Cond": "(ci.role_id = rt.id)", "Plans": [{"Node Type": "Hash Join", "Parent Relationship": "Outer", "Join Type": "Inner", "Startup Cost": 5010035053888.1, "Total Cost": 6000187337187.19, "Plan Rows": 40, "Plan Width": 37, "Inner Unique": true, "Hash Cond": "(mc.company_type_id = ct.id)", "Plans": [{"Node Type": "Hash Join", "Parent Relationship": "Outer", "Join Type": "Inner", "Startup Cost": 4010035053058.56, "Total Cost": 5000187336357.1, "Plan Rows": 40, "Plan Width": 41, "Inner Unique": true, "Hash Cond": "(ci.person_role_id = chn.id)", "Plans": [{"Node Type": "Hash Join", "Parent Relationship": "Outer", "Join Type": "Inner", "Startup Cost": 3010022026258.83, "Total Cost": 4000174309556.66, "Plan Rows": 83, "Plan Width": 29, "Inner Unique": false, "Hash Cond": "(ci.movie_id = t.id)", "Plans": [{"Node Type": "Index Scan", "Parent Relationship": "Outer", "Scan Direction": "Forward", "Index Name": "role_id_cast_info", "Relation Name": "cast_info", "Alias": "ci", "Startup Cost": 10000000000.0, "Total Cost": 1000152283213.0, "Plan Rows": 22295, "Plan Width": 12, "Filter": "(((note)::text ~~ '%(voice)%'::text) AND ((note)::text ~~ '%(uncredited)%'::text))"}, {"Node Type": "Hash", "Parent Relationship": "Inner", "Startup Cost": 3000022026201.49, "Total Cost": 3000022026201.49, "Plan Rows": 4587, "Plan Width": 29, "Plans": [{"Node Type": "Hash Join", "Parent Relationship": "Outer", "Join Type": "Inner", "Startup Cost": 2010010378228.36, "Total Cost": 3000022026201.49, "Plan Rows": 4587, "Plan Width": 29, "Inner Unique": false, "Hash Cond": "(t.id = mc.movie_id)", "Plans": [{"Node Type": "Index Scan", "Parent Relationship": "Outer", "Scan Direction": "Forward", "Index Name": "title_pkey", "Relation Name": "title", "Alias": "t", "Startup Cost": 10000000000.0, "Total Cost": 1000011644126.66, "Plan Rows": 1013492, "Plan Width": 21, "Filter": "(production_year > 2005), (LLVM Optimized)"}, {"Node Type": "Hash", "Parent Relationship": "Inner", "Startup Cost": 2000010378181.13, "Total Cost": 2000010378181.13, "Plan Rows": 3779, "Plan Width": 8, "Plans": [{"Node Type": "Hash Join", "Parent Relationship": "Outer", "Join Type": "Inner", "Startup Cost": 1010001050142.11, "Total Cost": 2000010378181.13, "Plan Rows": 3779, "Plan Width": 8, "Inner Unique": true, "Hash Cond": "(mc.company_id = cn.id)", "Plans": [{"Node Type": "Index Scan", "Parent Relationship": "Outer", "Scan Direction": "Forward", "Index Name": "company_type_id_movie_companies", "Relation Name": "movie_companies", "Alias": "mc", "Startup Cost": 10000000000.0, "Total Cost": 1000009318217.0, "Plan Rows": 2609128, "Plan Width": 12}, {"Node Type": "Hash", "Parent Relationship": "Inner", "Startup Cost": 1000001050138.97, "Total Cost": 1000001050138.97, "Plan Rows": 251, "Plan Width": 4, "Plans": [{"Node Type": "Index Scan", "Parent Relationship": "Outer", "Scan Direction": "Forward", "Index Name": "company_name_pkey", "Relation Name": "company_name", "Alias": "cn", "Startup Cost": 10000000000.0, "Total Cost": 1000001050138.97, "Plan Rows": 251, "Plan Width": 4, "Filter": "((country_code)::text = '[ru]'::text)"}]}]}]}]}]}]}, {"Node Type": "Hash", "Parent Relationship": "Inner", "Startup Cost": 1000012987545.51, "Total Cost": 1000012987545.51, "Plan Rows": 3140338, "Plan Width": 20, "Plans": [{"Node Type": "Index Scan", "Parent Relationship": "Outer", "Scan Direction": "Forward", "Index Name": "char_name_pkey", "Relation Name": "char_name", "Alias": "chn", "Startup Cost": 10000000000.0, "Total Cost": 1000012987545.51, "Plan Rows": 3140338, "Plan Width": 20}]}]}, {"Node Type": "Hash", "Parent Relationship": "Inner", "Startup Cost": 1000000000829.5, "Total Cost": 1000000000829.5, "Plan Rows": 3, "Plan Width": 4, "Plans": [{"Node Type": "Index Only Scan", "Parent Relationship": "Outer", "Scan Direction": "Forward", "Index Name": "company_type_pkey", "Relation Name": "company_type", "Alias": "ct", "Startup Cost": 10000000000.0, "Total Cost": 1000000000829.5, "Plan Rows": 3, "Plan Width": 4}]}]}, {"Node Type": "Hash", "Parent Relationship": "Inner", "Startup Cost": 1000000001246.0, "Total Cost": 1000000001246.0, "Plan Rows": 1, "Plan Width": 4, "Plans": [{"Node Type": "Index Scan", "Parent Relationship": "Outer", "Scan Direction": "Forward", "Index Name": "role_type_pkey", "Relation Name": "role_type", "Alias": "rt", "Startup Cost": 10000000000.0, "Total Cost": 1000000001246.0, "Plan Rows": 1, "Plan Width": 4, "Filter": "((role)::text = 'actor'::text)"}]}]}]}, "Unique SQL Id": 2933943827, "Planner Runtime": 26}, "explain_analyze_plan": null}, "(16, 108)": {"explain_plan": {"Plan": {"Node Type": "Aggregate", "Strategy": "Plain", "Startup Cost": 19914.67, "Total Cost": 19914.68, "Plan Rows": 1, "Plan Width": 97, "Plans": [{"Node Type": "Nested Loop", "Parent Relationship": "Outer", "Join Type": "Inner", "Startup Cost": 0.0, "Total Cost": 19914.66, "Plan Rows": 2, "Plan Width": 33, "Inner Unique": true, "Plans": [{"Node Type": "Nested Loop", "Parent Relationship": "Outer", "Join Type": "Inner", "Startup Cost": 0.0, "Total Cost": 19914.1, "Plan Rows": 2, "Plan Width": 37, "Inner Unique": true, "Plans": [{"Node Type": "Nested Loop", "Parent Relationship": "Outer", "Join Type": "Inner", "Startup Cost": 0.0, "Total Cost": 19887.22, "Plan Rows": 5, "Plan Width": 25, "Inner Unique": true, "Plans": [{"Node Type": "Nested Loop", "Parent Relationship": "Outer", "Join Type": "Inner", "Startup Cost": 0.0, "Total Cost": 19885.12, "Plan Rows": 6, "Plan Width": 16, "Inner Unique": true, "Plans": [{"Node Type": "Nested Loop", "Parent Relationship": "Outer", "Join Type": "Inner", "Startup Cost": 0.0, "Total Cost": 19865.87, "Plan Rows": 68, "Plan Width": 20, "Inner Unique": false, "Plans": [{"Node Type": "Nested Loop", "Parent Relationship": "Outer", "Join Type": "Inner", "Startup Cost": 0.0, "Total Cost": 16121.55, "Plan Rows": 3779, "Plan Width": 8, "Inner Unique": false, "Plans": [{"Node Type": "Seq Scan", "Parent Relationship": "Outer", "Relation Name": "company_name", "Alias": "cn", "Startup Cost": 0.0, "Total Cost": 5903.45, "Plan Rows": 251, "Plan Width": 4, "Filter": "((country_code)::text = '[ru]'::text)"}, {"Node Type": "Index Scan", "Parent Relationship": "Inner", "Scan Direction": "Forward", "Index Name": "company_id_movie_companies", "Relation Name": "movie_companies", "Alias": "mc", "Startup Cost": 0.0, "Total Cost": 40.56, "Plan Rows": 15, "Plan Width": 12, "Index Cond": "(company_id = cn.id)"}]}, {"Node Type": "Index Scan", "Parent Relationship": "Inner", "Scan Direction": "Forward", "Index Name": "movie_id_cast_info", "Relation Name": "cast_info", "Alias": "ci", "Startup Cost": 0.0, "Total Cost": 0.98, "Plan Rows": 1, "Plan Width": 12, "Index Cond": "(movie_id = mc.movie_id)", "Filter": "(((note)::text ~~ '%(voice)%'::text) AND ((note)::text ~~ '%(uncredited)%'::text))"}]}, {"Node Type": "Index Scan", "Parent Relationship": "Inner", "Scan Direction": "Forward", "Index Name": "role_type_pkey", "Relation Name": "role_type", "Alias": "rt", "Startup Cost": 0.0, "Total Cost": 0.27, "Plan Rows": 1, "Plan Width": 4, "Index Cond": "(id = ci.role_id)", "Filter": "((role)::text = 'actor'::text)"}]}, {"Node Type": "Index Scan", "Parent Relationship": "Inner", "Scan Direction": "Forward", "Index Name": "title_pkey", "Relation Name": "title", "Alias": "t", "Startup Cost": 0.0, "Total Cost": 0.34, "Plan Rows": 1, "Plan Width": 21, "Index Cond": "(id = mc.movie_id)", "Filter": "(production_year > 2005)"}]}, {"Node Type": "Index Scan", "Parent Relationship": "Inner", "Scan Direction": "Forward", "Index Name": "char_name_pkey", "Relation Name": "char_name", "Alias": "chn", "Startup Cost": 0.0, "Total Cost": 5.37, "Plan Rows": 1, "Plan Width": 20, "Index Cond": "(id = ci.person_role_id)"}]}, {"Node Type": "Index Scan", "Parent Relationship": "Inner", "Scan Direction": "Forward", "Index Name": "company_type_pkey", "Relation Name": "company_type", "Alias": "ct", "Startup Cost": 0.0, "Total Cost": 0.27, "Plan Rows": 1, "Plan Width": 4, "Index Cond": "(id = mc.company_type_id)"}]}]}, "Unique SQL Id": 2933943827, "Planner Runtime": 21}, "explain_analyze_plan": {"Plan": {"Node Type": "Aggregate", "Strategy": "Plain", "Startup Cost": 19914.67, "Total Cost": 19914.68, "Plan Rows": 1, "Plan Width": 97, "Actual Startup Time": 1049.012, "Actual Total Time": 1049.013, "Actual Rows": 1, "Actual Loops": 1, "Plans": [{"Node Type": "Nested Loop", "Parent Relationship": "Outer", "Join Type": "Inner", "Startup Cost": 0.0, "Total Cost": 19914.66, "Plan Rows": 2, "Plan Width": 33, "Actual Startup Time": 61.791, "Actual Total Time": 1048.935, "Actual Rows": 18, "Actual Loops": 1, "Inner Unique": true, "Plans": [{"Node Type": "Nested Loop", "Parent Relationship": "Outer", "Join Type": "Inner", "Startup Cost": 0.0, "Total Cost": 19914.1, "Plan Rows": 2, "Plan Width": 37, "Actual Startup Time": 12.193, "Actual Total Time": 1048.635, "Actual Rows": 104, "Actual Loops": 1, "Inner Unique": true, "Plans": [{"Node Type": "Nested Loop", "Parent Relationship": "Outer", "Join Type": "Inner", "Startup Cost": 0.0, "Total Cost": 19887.22, "Plan Rows": 5, "Plan Width": 25, "Actual Startup Time": 12.178, "Actual Total Time": 1047.415, "Actual Rows": 112, "Actual Loops": 1, "Inner Unique": true, "Plans": [{"Node Type": "Nested Loop", "Parent Relationship": "Outer", "Join Type": "Inner", "Startup Cost": 0.0, "Total Cost": 19885.12, "Plan Rows": 6, "Plan Width": 16, "Actual Startup Time": 0.857, "Actual Total Time": 1044.904, "Actual Rows": 275, "Actual Loops": 1, "Inner Unique": true, "Plans": [{"Node Type": "Nested Loop", "Parent Relationship": "Outer", "Join Type": "Inner", "Startup Cost": 0.0, "Total Cost": 19865.87, "Plan Rows": 68, "Plan Width": 20, "Actual Startup Time": 0.85, "Actual Total Time": 1043.36, "Actual Rows": 377, "Actual Loops": 1, "Inner Unique": false, "Plans": [{"Node Type": "Nested Loop", "Parent Relationship": "Outer", "Join Type": "Inner", "Startup Cost": 0.0, "Total Cost": 16121.55, "Plan Rows": 3779, "Plan Width": 8, "Actual Startup Time": 0.063, "Actual Total Time": 114.567, "Actual Rows": 8790, "Actual Loops": 1, "Inner Unique": false, "Plans": [{"Node Type": "Seq Scan", "Parent Relationship": "Outer", "Relation Name": "company_name", "Alias": "cn", "Startup Cost": 0.0, "Total Cost": 5903.45, "Plan Rows": 251, "Plan Width": 4, "Actual Startup Time": 0.043, "Actual Total Time": 85.276, "Actual Rows": 1361, "Actual Loops": 1, "Filter": "((country_code)::text = '[ru]'::text)", "Rows Removed by Filter": 233635}, {"Node Type": "Index Scan", "Parent Relationship": "Inner", "Scan Direction": "Forward", "Index Name": "company_id_movie_companies", "Relation Name": "movie_companies", "Alias": "mc", "Startup Cost": 0.0, "Total Cost": 40.56, "Plan Rows": 15, "Plan Width": 12, "Actual Startup Time": 10.893, "Actual Total Time": 26.153, "Actual Rows": 8790, "Actual Loops": 1361, "Index Cond": "(company_id = cn.id)", "Rows Removed by Index Recheck": 0}]}, {"Node Type": "Index Scan", "Parent Relationship": "Inner", "Scan Direction": "Forward", "Index Name": "movie_id_cast_info", "Relation Name": "cast_info", "Alias": "ci", "Startup Cost": 0.0, "Total Cost": 0.98, "Plan Rows": 1, "Plan Width": 12, "Actual Startup Time": 868.943, "Actual Total Time": 923.495, "Actual Rows": 377, "Actual Loops": 8790, "Index Cond": "(movie_id = mc.movie_id)", "Rows Removed by Index Recheck": 0, "Filter": "(((note)::text ~~ '%(voice)%'::text) AND ((note)::text ~~ '%(uncredited)%'::text))", "Rows Removed by Filter": 408168}]}, {"Node Type": "Index Scan", "Parent Relationship": "Inner", "Scan Direction": "Forward", "Index Name": "role_type_pkey", "Relation Name": "role_type", "Alias": "rt", "Startup Cost": 0.0, "Total Cost": 0.27, "Plan Rows": 1, "Plan Width": 4, "Actual Startup Time": 1.034, "Actual Total Time": 1.034, "Actual Rows": 275, "Actual Loops": 377, "Index Cond": "(id = ci.role_id)", "Rows Removed by Index Recheck": 0, "Filter": "((role)::text = 'actor'::text)", "Rows Removed by Filter": 102}]}, {"Node Type": "Index Scan", "Parent Relationship": "Inner", "Scan Direction": "Forward", "Index Name": "title_pkey", "Relation Name": "title", "Alias": "t", "Startup Cost": 0.0, "Total Cost": 0.34, "Plan Rows": 1, "Plan Width": 21, "Actual Startup Time": 2.161, "Actual Total Time": 2.161, "Actual Rows": 112, "Actual Loops": 275, "Index Cond": "(id = mc.movie_id)", "Rows Removed by Index Recheck": 0, "Filter": "(production_year > 2005)", "Rows Removed by Filter": 163}]}, {"Node Type": "Index Scan", "Parent Relationship": "Inner", "Scan Direction": "Forward", "Index Name": "char_name_pkey", "Relation Name": "char_name", "Alias": "chn", "Startup Cost": 0.0, "Total Cost": 5.37, "Plan Rows": 1, "Plan Width": 20, "Actual Startup Time": 0.966, "Actual Total Time": 0.966, "Actual Rows": 104, "Actual Loops": 112, "Index Cond": "(id = ci.person_role_id)", "Rows Removed by Index Recheck": 0}]}, {"Node Type": "Index Scan", "Parent Relationship": "Inner", "Scan Direction": "Forward", "Index Name": "company_type_pkey", "Relation Name": "company_type", "Alias": "ct", "Startup Cost": 0.0, "Total Cost": 0.27, "Plan Rows": 1, "Plan Width": 4, "Actual Startup Time": 0.153, "Actual Total Time": 0.153, "Actual Rows": 18, "Actual Loops": 104, "Index Cond": "(id = mc.company_type_id)", "Rows Removed by Index Recheck": 0}]}]}, "Triggers": [], "Planner Runtime": 21, "Total Runtime": 1049.37, "Unique SQL Id": 2933943827}}, "(16, 109)": {"explain_plan": {"Plan": {"Node Type": "Aggregate", "Strategy": "Plain", "Startup Cost": 24512.61, "Total Cost": 24512.62, "Plan Rows": 1, "Plan Width": 97, "Plans": [{"Node Type": "Nested Loop", "Parent Relationship": "Outer", "Join Type": "Inner", "Startup Cost": 0.0, "Total Cost": 24512.6, "Plan Rows": 2, "Plan Width": 33, "Inner Unique": true, "Plans": [{"Node Type": "Nested Loop", "Parent Relationship": "Outer", "Join Type": "Inner", "Startup Cost": 0.0, "Total Cost": 24512.04, "Plan Rows": 2, "Plan Width": 37, "Inner Unique": true, "Plans": [{"Node Type": "Nested Loop", "Parent Relationship": "Outer", "Join Type": "Inner", "Startup Cost": 0.0, "Total Cost": 24485.16, "Plan Rows": 5, "Plan Width": 25, "Inner Unique": true, "Plans": [{"Node Type": "Nested Loop", "Parent Relationship": "Outer", "Join Type": "Inner", "Startup Cost": 0.0, "Total Cost": 24483.05, "Plan Rows": 6, "Plan Width": 16, "Inner Unique": true, "Plans": [{"Node Type": "Nested Loop", "Parent Relationship": "Outer", "Join Type": "Inner", "Startup Cost": 0.0, "Total Cost": 24463.81, "Plan Rows": 68, "Plan Width": 20, "Inner Unique": false, "Plans": [{"Node Type": "Nested Loop", "Parent Relationship": "Outer", "Join Type": "Inner", "Startup Cost": 0.0, "Total Cost": 20719.49, "Plan Rows": 3779, "Plan Width": 8, "Inner Unique": false, "Plans": [{"Node Type": "Index Scan", "Parent Relationship": "Outer", "Scan Direction": "Forward", "Index Name": "company_name_pkey", "Relation Name": "company_name", "Alias": "cn", "Startup Cost": 0.0, "Total Cost": 10501.39, "Plan Rows": 251, "Plan Width": 4, "Filter": "((country_code)::text = '[ru]'::text)"}, {"Node Type": "Index Scan", "Parent Relationship": "Inner", "Scan Direction": "Forward", "Index Name": "company_id_movie_companies", "Relation Name": "movie_companies", "Alias": "mc", "Startup Cost": 0.0, "Total Cost": 40.56, "Plan Rows": 15, "Plan Width": 12, "Index Cond": "(company_id = cn.id)"}]}, {"Node Type": "Index Scan", "Parent Relationship": "Inner", "Scan Direction": "Forward", "Index Name": "movie_id_cast_info", "Relation Name": "cast_info", "Alias": "ci", "Startup Cost": 0.0, "Total Cost": 0.98, "Plan Rows": 1, "Plan Width": 12, "Index Cond": "(movie_id = mc.movie_id)", "Filter": "(((note)::text ~~ '%(voice)%'::text) AND ((note)::text ~~ '%(uncredited)%'::text))"}]}, {"Node Type": "Index Scan", "Parent Relationship": "Inner", "Scan Direction": "Forward", "Index Name": "role_type_pkey", "Relation Name": "role_type", "Alias": "rt", "Startup Cost": 0.0, "Total Cost": 0.27, "Plan Rows": 1, "Plan Width": 4, "Index Cond": "(id = ci.role_id)", "Filter": "((role)::text = 'actor'::text)"}]}, {"Node Type": "Index Scan", "Parent Relationship": "Inner", "Scan Direction": "Forward", "Index Name": "title_pkey", "Relation Name": "title", "Alias": "t", "Startup Cost": 0.0, "Total Cost": 0.34, "Plan Rows": 1, "Plan Width": 21, "Index Cond": "(id = mc.movie_id)", "Filter": "(production_year > 2005)"}]}, {"Node Type": "Index Scan", "Parent Relationship": "Inner", "Scan Direction": "Forward", "Index Name": "char_name_pkey", "Relation Name": "char_name", "Alias": "chn", "Startup Cost": 0.0, "Total Cost": 5.37, "Plan Rows": 1, "Plan Width": 20, "Index Cond": "(id = ci.person_role_id)"}]}, {"Node Type": "Index Scan", "Parent Relationship": "Inner", "Scan Direction": "Forward", "Index Name": "company_type_pkey", "Relation Name": "company_type", "Alias": "ct", "Startup Cost": 0.0, "Total Cost": 0.27, "Plan Rows": 1, "Plan Width": 4, "Index Cond": "(id = mc.company_type_id)"}]}]}, "Unique SQL Id": 2933943827, "Planner Runtime": 12}, "explain_analyze_plan": {"Plan": {"Node Type": "Aggregate", "Strategy": "Plain", "Startup Cost": 24512.61, "Total Cost": 24512.62, "Plan Rows": 1, "Plan Width": 97, "Actual Startup Time": 1184.548, "Actual Total Time": 1184.548, "Actual Rows": 1, "Actual Loops": 1, "Plans": [{"Node Type": "Nested Loop", "Parent Relationship": "Outer", "Join Type": "Inner", "Startup Cost": 0.0, "Total Cost": 24512.6, "Plan Rows": 2, "Plan Width": 33, "Actual Startup Time": 35.919, "Actual Total Time": 1184.43, "Actual Rows": 18, "Actual Loops": 1, "Inner Unique": true, "Plans": [{"Node Type": "Nested Loop", "Parent Relationship": "Outer", "Join Type": "Inner", "Startup Cost": 0.0, "Total Cost": 24512.04, "Plan Rows": 2, "Plan Width": 37, "Actual Startup Time": 27.488, "Actual Total Time": 1184.136, "Actual Rows": 104, "Actual Loops": 1, "Inner Unique": true, "Plans": [{"Node Type": "Nested Loop", "Parent Relationship": "Outer", "Join Type": "Inner", "Startup Cost": 0.0, "Total Cost": 24485.16, "Plan Rows": 5, "Plan Width": 25, "Actual Startup Time": 27.473, "Actual Total Time": 1183.002, "Actual Rows": 112, "Actual Loops": 1, "Inner Unique": true, "Plans": [{"Node Type": "Nested Loop", "Parent Relationship": "Outer", "Join Type": "Inner", "Startup Cost": 0.0, "Total Cost": 24483.05, "Plan Rows": 6, "Plan Width": 16, "Actual Startup Time": 8.177, "Actual Total Time": 1180.534, "Actual Rows": 275, "Actual Loops": 1, "Inner Unique": true, "Plans": [{"Node Type": "Nested Loop", "Parent Relationship": "Outer", "Join Type": "Inner", "Startup Cost": 0.0, "Total Cost": 24463.81, "Plan Rows": 68, "Plan Width": 20, "Actual Startup Time": 8.168, "Actual Total Time": 1178.922, "Actual Rows": 377, "Actual Loops": 1, "Inner Unique": false, "Plans": [{"Node Type": "Nested Loop", "Parent Relationship": "Outer", "Join Type": "Inner", "Startup Cost": 0.0, "Total Cost": 20719.49, "Plan Rows": 3779, "Plan Width": 8, "Actual Startup Time": 0.676, "Actual Total Time": 323.66, "Actual Rows": 8790, "Actual Loops": 1, "Inner Unique": false, "Plans": [{"Node Type": "Index Scan", "Parent Relationship": "Outer", "Scan Direction": "Forward", "Index Name": "company_name_pkey", "Relation Name": "company_name", "Alias": "cn", "Startup Cost": 0.0, "Total Cost": 10501.39, "Plan Rows": 251, "Plan Width": 4, "Actual Startup Time": 0.657, "Actual Total Time": 299.232, "Actual Rows": 1361, "Actual Loops": 1, "Filter": "((country_code)::text = '[ru]'::text)", "Rows Removed by Filter": 233635}, {"Node Type": "Index Scan", "Parent Relationship": "Inner", "Scan Direction": "Forward", "Index Name": "company_id_movie_companies", "Relation Name": "movie_companies", "Alias": "mc", "Startup Cost": 0.0, "Total Cost": 40.56, "Plan Rows": 15, "Plan Width": 12, "Actual Startup Time": 7.763, "Actual Total Time": 21.028, "Actual Rows": 8790, "Actual Loops": 1361, "Index Cond": "(company_id = cn.id)", "Rows Removed by Index Recheck": 0}]}, {"Node Type": "Index Scan", "Parent Relationship": "Inner", "Scan Direction": "Forward", "Index Name": "movie_id_cast_info", "Relation Name": "cast_info", "Alias": "ci", "Startup Cost": 0.0, "Total Cost": 0.98, "Plan Rows": 1, "Plan Width": 12, "Actual Startup Time": 798.002, "Actual Total Time": 849.821, "Actual Rows": 377, "Actual Loops": 8790, "Index Cond": "(movie_id = mc.movie_id)", "Rows Removed by Index Recheck": 0, "Filter": "(((note)::text ~~ '%(voice)%'::text) AND ((note)::text ~~ '%(uncredited)%'::text))", "Rows Removed by Filter": 408168}]}, {"Node Type": "Index Scan", "Parent Relationship": "Inner", "Scan Direction": "Forward", "Index Name": "role_type_pkey", "Relation Name": "role_type", "Alias": "rt", "Startup Cost": 0.0, "Total Cost": 0.27, "Plan Rows": 1, "Plan Width": 4, "Actual Startup Time": 1.084, "Actual Total Time": 1.084, "Actual Rows": 275, "Actual Loops": 377, "Index Cond": "(id = ci.role_id)", "Rows Removed by Index Recheck": 0, "Filter": "((role)::text = 'actor'::text)", "Rows Removed by Filter": 102}]}, {"Node Type": "Index Scan", "Parent Relationship": "Inner", "Scan Direction": "Forward", "Index Name": "title_pkey", "Relation Name": "title", "Alias": "t", "Startup Cost": 0.0, "Total Cost": 0.34, "Plan Rows": 1, "Plan Width": 21, "Actual Startup Time": 2.111, "Actual Total Time": 2.111, "Actual Rows": 112, "Actual Loops": 275, "Index Cond": "(id = mc.movie_id)", "Rows Removed by Index Recheck": 0, "Filter": "(production_year > 2005)", "Rows Removed by Filter": 163}]}, {"Node Type": "Index Scan", "Parent Relationship": "Inner", "Scan Direction": "Forward", "Index Name": "char_name_pkey", "Relation Name": "char_name", "Alias": "chn", "Startup Cost": 0.0, "Total Cost": 5.37, "Plan Rows": 1, "Plan Width": 20, "Actual Startup Time": 0.883, "Actual Total Time": 0.883, "Actual Rows": 104, "Actual Loops": 112, "Index Cond": "(id = ci.person_role_id)", "Rows Removed by Index Recheck": 0}]}, {"Node Type": "Index Scan", "Parent Relationship": "Inner", "Scan Direction": "Forward", "Index Name": "company_type_pkey", "Relation Name": "company_type", "Alias": "ct", "Startup Cost": 0.0, "Total Cost": 0.27, "Plan Rows": 1, "Plan Width": 4, "Actual Startup Time": 0.155, "Actual Total Time": 0.155, "Actual Rows": 18, "Actual Loops": 104, "Index Cond": "(id = mc.company_type_id)", "Rows Removed by Index Recheck": 0}]}]}, "Triggers": [], "Planner Runtime": 12, "Total Runtime": 1184.903, "Unique SQL Id": 2933943827}}, "(16, 110)": {"explain_plan": {"Plan": {"Node Type": "Aggregate", "Strategy": "Plain", "Startup Cost": 157415.54, "Total Cost": 157415.55, "Plan Rows": 1, "Plan Width": 97, "Plans": [{"Node Type": "Hash Join", "Parent Relationship": "Outer", "Join Type": "Inner", "Startup Cost": 124052.88, "Total Cost": 157415.52, "Plan Rows": 4, "Plan Width": 33, "Inner Unique": true, "Hash Cond": "(mc.company_type_id = ct.id)", "Plans": [{"Node Type": "Streaming(type: LOCAL GATHER dop: 1/16)", "Parent Relationship": "Outer", "Startup Cost": 124052.58, "Total Cost": 157415.17, "Plan Rows": 4, "Plan Width": 37, "Plans": [{"Node Type": "Hash Join", "Parent Relationship": "Outer", "Join Type": "Inner", "Startup Cost": 124052.58, "Total Cost": 157415.08, "Plan Rows": 4, "Plan Width": 37, "Inner Unique": true, "Hash Cond": "(ci.person_role_id = chn.id)", "Plans": [{"Node Type": "Streaming(type: BROADCAST dop: 16/1)", "Parent Relationship": "Outer", "Startup Cost": 116794.61, "Total Cost": 150157.08, "Plan Rows": 112, "Plan Width": 25, "Plans": [{"Node Type": "Hash Join", "Parent Relationship": "Outer", "Join Type": "Inner", "Startup Cost": 116794.61, "Total Cost": 135154.66, "Plan Rows": 7, "Plan Width": 25, "Inner Unique": true, "Hash Cond": "(mc.company_id = cn.id)", "Plans": [{"Node Type": "Streaming(type: LOCAL GATHER dop: 1/16)", "Parent Relationship": "Outer", "Startup Cost": 115315.61, "Total Cost": 133656.09, "Plan Rows": 5196, "Plan Width": 29, "Plans": [{"Node Type": "Hash Join", "Parent Relationship": "Outer", "Join Type": "Inner", "Startup Cost": 115315.61, "Total Cost": 133543.95, "Plan Rows": 5196, "Plan Width": 29, "Inner Unique": false, "Hash Cond": "(mc.movie_id = t.id)", "Plans": [{"Node Type": "Seq Scan", "Parent Relationship": "Outer", "Relation Name": "movie_companies", "Alias": "mc", "Startup Cost": 0.0, "Total Cost": 17613.58, "Plan Rows": 2609128, "Plan Width": 12}, {"Node Type": "Hash", "Parent Relationship": "Inner", "Startup Cost": 115284.86, "Total Cost": 115284.86, "Plan Rows": 39360, "Plan Width": 29, "Plans": [{"Node Type": "Streaming(type: BROADCAST dop: 16/16)", "Parent Relationship": "Outer", "Startup Cost": 19942.32, "Total Cost": 115284.86, "Plan Rows": 39360, "Plan Width": 29, "Plans": [{"Node Type": "Hash Join", "Parent Relationship": "Outer", "Join Type": "Inner", "Startup Cost": 19942.32, "Total Cost": 100184.92, "Plan Rows": 2460, "Plan Width": 29, "Inner Unique": true, "Hash Cond": "(ci.movie_id = t.id)", "Plans": [{"Node Type": "Streaming(type: BROADCAST dop: 16/1)", "Parent Relationship": "Outer", "Startup Cost": 1.16, "Total Cost": 80234.62, "Plan Rows": 32432, "Plan Width": 8, "Plans": [{"Node Type": "Hash Join", "Parent Relationship": "Outer", "Join Type": "Inner", "Startup Cost": 1.16, "Total Cost": 64534.67, "Plan Rows": 2027, "Plan Width": 8, "Inner Unique": true, "Hash Cond": "(ci.role_id = rt.id)", "Plans": [{"Node Type": "Streaming(type: LOCAL GATHER dop: 1/16)", "Parent Relationship": "Outer", "Startup Cost": 0.0, "Total Cost": 64429.63, "Plan Rows": 22295, "Plan Width": 12, "Plans": [{"Node Type": "Seq Scan", "Parent Relationship": "Outer", "Relation Name": "cast_info", "Alias": "ci", "Startup Cost": 0.0, "Total Cost": 63948.46, "Plan Rows": 22295, "Plan Width": 12, "Filter": "(((note)::text ~~ '%(voice)%'::text) AND ((note)::text ~~ '%(uncredited)%'::text))"}]}, {"Node Type": "Hash", "Parent Relationship": "Inner", "Startup Cost": 1.15, "Total Cost": 1.15, "Plan Rows": 1, "Plan Width": 4, "Plans": [{"Node Type": "Seq Scan", "Parent Relationship": "Outer", "Relation Name": "role_type", "Alias": "rt", "Startup Cost": 0.0, "Total Cost": 1.15, "Plan Rows": 1, "Plan Width": 4, "Filter": "((role)::text = 'actor'::text)"}]}]}]}, {"Node Type": "Hash", "Parent Relationship": "Inner", "Startup Cost": 19149.37, "Total Cost": 19149.37, "Plan Rows": 1013492, "Plan Width": 21, "Plans": [{"Node Type": "Seq Scan", "Parent Relationship": "Outer", "Relation Name": "title", "Alias": "t", "Startup Cost": 0.0, "Total Cost": 19149.37, "Plan Rows": 1013492, "Plan Width": 21, "Filter": "(production_year > 2005), (LLVM Optimized)"}]}]}]}]}]}]}, {"Node Type": "Hash", "Parent Relationship": "Inner", "Startup Cost": 5903.45, "Total Cost": 5903.45, "Plan Rows": 251, "Plan Width": 4, "Plans": [{"Node Type": "Seq Scan", "Parent Relationship": "Outer", "Relation Name": "company_name", "Alias": "cn", "Startup Cost": 0.0, "Total Cost": 5903.45, "Plan Rows": 251, "Plan Width": 4, "Filter": "((country_code)::text = '[ru]'::text)"}]}]}]}, {"Node Type": "Hash", "Parent Relationship": "Inner", "Startup Cost": 19218.34, "Total Cost": 19218.34, "Plan Rows": 3140338, "Plan Width": 20, "Plans": [{"Node Type": "Seq Scan", "Parent Relationship": "Outer", "Relation Name": "char_name", "Alias": "chn", "Startup Cost": 0.0, "Total Cost": 19218.34, "Plan Rows": 3140338, "Plan Width": 20}]}]}]}, {"Node Type": "Hash", "Parent Relationship": "Inner", "Startup Cost": 1.03, "Total Cost": 1.03, "Plan Rows": 3, "Plan Width": 4, "Plans": [{"Node Type": "Seq Scan", "Parent Relationship": "Outer", "Relation Name": "company_type", "Alias": "ct", "Startup Cost": 0.0, "Total Cost": 1.03, "Plan Rows": 3, "Plan Width": 4}]}]}]}, "Unique SQL Id": 2933943827, "Planner Runtime": 62}, "explain_analyze_plan": {"Plan": {"Node Type": "Aggregate", "Strategy": "Plain", "Startup Cost": 157415.54, "Total Cost": 157415.55, "Plan Rows": 1, "Plan Width": 97, "Actual Min Startup Time": 1064.573, "Actual Max Startup Time": 1064.573, "Actual Min Total Time": 1064.574, "Actual Max Total Time": 1064.574, "Plans": [{"Node Type": "Hash Join", "Parent Relationship": "Outer", "Join Type": "Inner", "Startup Cost": 124052.88, "Total Cost": 157415.52, "Plan Rows": 4, "Plan Width": 33, "Actual Min Startup Time": 1064.416, "Actual Max Startup Time": 1064.416, "Actual Min Total Time": 1064.523, "Actual Max Total Time": 1064.523, "Inner Unique": true, "Hash Cond": "(mc.company_type_id = ct.id)", "Plans": [{"Node Type": "Streaming(type: LOCAL GATHER dop: 1/16)", "Parent Relationship": "Outer", "Startup Cost": 124052.58, "Total Cost": 157415.17, "Plan Rows": 4, "Plan Width": 37, "Actual Min Startup Time": 1064.269, "Actual Max Startup Time": 1064.269, "Actual Min Total Time": 1064.36, "Actual Max Total Time": 1064.36, "Plans": [{"Node Type": "Hash Join", "Parent Relationship": "Outer", "Join Type": "Inner", "Startup Cost": 124052.58, "Total Cost": 157415.08, "Plan Rows": 4, "Plan Width": 37, "Actual Min Startup Time": 946.489, "Actual Max Startup Time": 976.773, "Actual Min Total Time": 967.322, "Actual Max Total Time": 997.57, "Inner Unique": true, "Hash Cond": "(ci.person_role_id = chn.id)", "Plans": [{"Node Type": "Streaming(type: BROADCAST dop: 16/1)", "Parent Relationship": "Outer", "Startup Cost": 116794.61, "Total Cost": 150157.08, "Plan Rows": 112, "Plan Width": 25, "Actual Min Startup Time": 814.524, "Actual Max Startup Time": 841.585, "Actual Min Total Time": 835.317, "Actual Max Total Time": 862.331, "Plans": [{"Node Type": "Hash Join", "Parent Relationship": "Outer", "Join Type": "Inner", "Startup Cost": 116794.61, "Total Cost": 135154.66, "Plan Rows": 7, "Plan Width": 25, "Actual Min Startup Time": 903.834, "Actual Max Startup Time": 903.834, "Actual Min Total Time": 967.664, "Actual Max Total Time": 967.664, "Inner Unique": true, "Hash Cond": "(mc.company_id = cn.id)", "Plans": [{"Node Type": "Streaming(type: LOCAL GATHER dop: 1/16)", "Parent Relationship": "Outer", "Startup Cost": 115315.61, "Total Cost": 133656.09, "Plan Rows": 5196, "Plan Width": 29, "Actual Min Startup Time": 817.175, "Actual Max Startup Time": 817.175, "Actual Min Total Time": 884.346, "Actual Max Total Time": 884.346, "Plans": [{"Node Type": "Hash Join", "Parent Relationship": "Outer", "Join Type": "Inner", "Startup Cost": 115315.61, "Total Cost": 133543.95, "Plan Rows": 5196, "Plan Width": 29, "Actual Min Startup Time": 895.371, "Actual Max Startup Time": 928.306, "Actual Min Total Time": 962.12, "Actual Max Total Time": 994.601, "Inner Unique": false, "Hash Cond": "(mc.movie_id = t.id)", "Plans": [{"Node Type": "Seq Scan", "Parent Relationship": "Outer", "Relation Name": "movie_companies", "Alias": "mc", "Startup Cost": 0.0, "Total Cost": 17613.58, "Plan Rows": 2609128, "Plan Width": 12, "Actual Min Startup Time": 0.043, "Actual Max Startup Time": 0.068, "Actual Min Total Time": 35.187, "Actual Max Total Time": 40.242, "Actual Rows": 2609128}, {"Node Type": "Hash", "Parent Relationship": "Inner", "Startup Cost": 115284.86, "Total Cost": 115284.86, "Plan Rows": 39360, "Plan Width": 29, "Actual Min Startup Time": 894.926, "Actual Max Startup Time": 927.026, "Actual Min Total Time": 894.926, "Actual Max Total Time": 927.026, "Max Hash Buckets": 32768, "Min Hash Buckets": 32768, "Max Hash Batches": 1, "Min Hash Batches": 1, "Max Original Hash Batches": 1, "Min Original Hash Batches": 1, "Max Peak Memory Usage": 320, "min Peak Memory Usage": 320, "Plans": [{"Node Type": "Streaming(type: BROADCAST dop: 16/16)", "Parent Relationship": "Outer", "Startup Cost": 19942.32, "Total Cost": 115284.86, "Plan Rows": 39360, "Plan Width": 29, "Actual Min Startup Time": 173.25, "Actual Max Startup Time": 205.389, "Actual Min Total Time": 893.337, "Actual Max Total Time": 925.464, "Plans": [{"Node Type": "Hash Join", "Parent Relationship": "Outer", "Join Type": "Inner", "Startup Cost": 19942.32, "Total Cost": 100184.92, "Plan Rows": 2460, "Plan Width": 29, "Actual Min Startup Time": 77.673, "Actual Max Startup Time": 117.241, "Actual Min Total Time": 869.12, "Actual Max Total Time": 902.798, "Inner Unique": true, "Hash Cond": "(ci.movie_id = t.id)", "Plans": [{"Node Type": "Streaming(type: BROADCAST dop: 16/1)", "Parent Relationship": "Outer", "Startup Cost": 1.16, "Total Cost": 80234.62, "Plan Rows": 32432, "Plan Width": 8, "Actual Min Startup Time": 0.03, "Actual Max Startup Time": 0.059, "Actual Min Total Time": 779.787, "Actual Max Total Time": 809.378, "Plans": [{"Node Type": "Hash Join", "Parent Relationship": "Outer", "Join Type": "Inner", "Startup Cost": 1.16, "Total Cost": 64534.67, "Plan Rows": 2027, "Plan Width": 8, "Actual Min Startup Time": 1.396, "Actual Max Startup Time": 1.396, "Actual Min Total Time": 592.544, "Actual Max Total Time": 592.544, "Inner Unique": true, "Hash Cond": "(ci.role_id = rt.id)", "Plans": [{"Node Type": "Streaming(type: LOCAL GATHER dop: 1/16)", "Parent Relationship": "Outer", "Startup Cost": 0.0, "Total Cost": 64429.63, "Plan Rows": 22295, "Plan Width": 12, "Actual Min Startup Time": 1.302, "Actual Max Startup Time": 1.302, "Actual Min Total Time": 579.871, "Actual Max Total Time": 579.871, "Plans": [{"Node Type": "Seq Scan", "Parent Relationship": "Outer", "Relation Name": "cast_info", "Alias": "ci", "Startup Cost": 0.0, "Total Cost": 63948.46, "Plan Rows": 22295, "Plan Width": 12, "Actual Min Startup Time": 0.068, "Actual Max Startup Time": 2.224, "Actual Min Total Time": 697.735, "Actual Max Total Time": 712.961, "Filter": "(((note)::text ~~ '%(voice)%'::text) AND ((note)::text ~~ '%(uncredited)%'::text))", "Rows Removed by Filter": 36212055, "Actual Rows": 32288}], "Actual Rows": 32288}, {"Node Type": "Hash", "Parent Relationship": "Inner", "Startup Cost": 1.15, "Total Cost": 1.15, "Plan Rows": 1, "Plan Width": 4, "Actual Min Startup Time": 0.036, "Actual Max Startup Time": 0.036, "Actual Min Total Time": 0.036, "Actual Max Total Time": 0.036, "Max Hash Buckets": 32768, "Min Hash Buckets": 32768, "Max Hash Batches": 1, "Min Hash Batches": 1, "Max Original Hash Batches": 1, "Min Original Hash Batches": 1, "Max Peak Memory Usage": 1, "min Peak Memory Usage": 1, "Plans": [{"Node Type": "Seq Scan", "Parent Relationship": "Outer", "Relation Name": "role_type", "Alias": "rt", "Startup Cost": 0.0, "Total Cost": 1.15, "Plan Rows": 1, "Plan Width": 4, "Actual Min Startup Time": 0.018, "Actual Max Startup Time": 0.018, "Actual Min Total Time": 0.023, "Actual Max Total Time": 0.023, "Filter": "((role)::text = 'actor'::text)", "Rows Removed by Filter": 11, "Actual Rows": 1}], "Actual Rows": 1}], "Actual Rows": 25874}], "Actual Rows": 413984}, {"Node Type": "Hash", "Parent Relationship": "Inner", "Startup Cost": 19149.37, "Total Cost": 19149.37, "Plan Rows": 1013492, "Plan Width": 21, "Actual Min Startup Time": 77.524, "Actual Max Startup Time": 86.462, "Actual Min Total Time": 77.524, "Actual Max Total Time": 86.462, "Max Hash Buckets": 65536, "Min Hash Buckets": 65536, "Max Hash Batches": 1, "Min Hash Batches": 1, "Max Original Hash Batches": 1, "Min Original Hash Batches": 1, "Max Peak Memory Usage": 3456, "min Peak Memory Usage": 3456, "Plans": [{"Node Type": "Seq Scan", "Parent Relationship": "Outer", "Relation Name": "title", "Alias": "t", "Startup Cost": 0.0, "Total Cost": 19149.37, "Plan Rows": 1013492, "Plan Width": 21, "Actual Min Startup Time": 0.025, "Actual Max Startup Time": 0.036, "Actual Min Total Time": 57.879, "Actual Max Total Time": 66.322, "Filter": "(production_year > 2005), (LLVM Optimized, Jit Execute)", "Rows Removed by Filter": 1515391, "Actual Rows": 1012920}], "Actual Rows": 1012920}], "Actual Rows": 5288}], "Actual Rows": 84608}], "Actual Rows": 84608}], "Actual Rows": 14489}], "Actual Rows": 14489}, {"Node Type": "Hash", "Parent Relationship": "Inner", "Startup Cost": 5903.45, "Total Cost": 5903.45, "Plan Rows": 251, "Plan Width": 4, "Actual Min Startup Time": 80.802, "Actual Max Startup Time": 80.802, "Actual Min Total Time": 80.802, "Actual Max Total Time": 80.802, "Max Hash Buckets": 32768, "Min Hash Buckets": 32768, "Max Hash Batches": 1, "Min Hash Batches": 1, "Max Original Hash Batches": 1, "Min Original Hash Batches": 1, "Max Peak Memory Usage": 48, "min Peak Memory Usage": 48, "Plans": [{"Node Type": "Seq Scan", "Parent Relationship": "Outer", "Relation Name": "company_name", "Alias": "cn", "Startup Cost": 0.0, "Total Cost": 5903.45, "Plan Rows": 251, "Plan Width": 4, "Actual Min Startup Time": 0.075, "Actual Max Startup Time": 0.075, "Actual Min Total Time": 80.269, "Actual Max Total Time": 80.269, "Filter": "((country_code)::text = '[ru]'::text)", "Rows Removed by Filter": 233635, "Actual Rows": 1361}], "Actual Rows": 1361}], "Actual Rows": 112}], "Actual Rows": 1792}, {"Node Type": "Hash", "Parent Relationship": "Inner", "Startup Cost": 19218.34, "Total Cost": 19218.34, "Plan Rows": 3140338, "Plan Width": 20, "Actual Min Startup Time": 123.094, "Actual Max Startup Time": 137.683, "Actual Min Total Time": 123.094, "Actual Max Total Time": 137.683, "Max Hash Buckets": 262144, "Min Hash Buckets": 262144, "Max Hash Batches": 1, "Min Hash Batches": 1, "Max Original Hash Batches": 1, "Min Original Hash Batches": 1, "Max Peak Memory Usage": 10534, "min Peak Memory Usage": 10534, "Plans": [{"Node Type": "Seq Scan", "Parent Relationship": "Outer", "Relation Name": "char_name", "Alias": "chn", "Startup Cost": 0.0, "Total Cost": 19218.34, "Plan Rows": 3140338, "Plan Width": 20, "Actual Min Startup Time": 0.031, "Actual Max Startup Time": 0.681, "Actual Min Total Time": 59.696, "Actual Max Total Time": 68.371, "Actual Rows": 3140338}], "Actual Rows": 3140338}], "Actual Rows": 104}], "Actual Rows": 104}, {"Node Type": "Hash", "Parent Relationship": "Inner", "Startup Cost": 1.03, "Total Cost": 1.03, "Plan Rows": 3, "Plan Width": 4, "Actual Min Startup Time": 0.055, "Actual Max Startup Time": 0.055, "Actual Min Total Time": 0.055, "Actual Max Total Time": 0.055, "Max Hash Buckets": 32768, "Min Hash Buckets": 32768, "Max Hash Batches": 1, "Min Hash Batches": 1, "Max Original Hash Batches": 1, "Min Original Hash Batches": 1, "Max Peak Memory Usage": 1, "min Peak Memory Usage": 1, "Plans": [{"Node Type": "Seq Scan", "Parent Relationship": "Outer", "Relation Name": "company_type", "Alias": "ct", "Startup Cost": 0.0, "Total Cost": 1.03, "Plan Rows": 3, "Plan Width": 4, "Actual Min Startup Time": 0.029, "Actual Max Startup Time": 0.029, "Actual Min Total Time": 0.033, "Actual Max Total Time": 0.033, "Actual Rows": 3}], "Actual Rows": 3}], "Actual Rows": 18}], "Actual Rows": 1}, "Triggers": [], "Planner Runtime": 62, "Total Runtime": 1088.363, "Unique SQL Id": 2933943827}}, "(16, 111)": {"explain_plan": {"Plan": {"Node Type": "Aggregate", "Strategy": "Plain", "Startup Cost": 7000187338833.41, "Total Cost": 7000187338833.42, "Plan Rows": 1, "Plan Width": 97, "Plans": [{"Node Type": "Hash Join", "Parent Relationship": "Outer", "Join Type": "Inner", "Startup Cost": 6010035055534.11, "Total Cost": 7000187338833.39, "Plan Rows": 4, "Plan Width": 33, "Inner Unique": true, "Hash Cond": "(ci.role_id = rt.id)", "Plans": [{"Node Type": "Hash Join", "Parent Relationship": "Outer", "Join Type": "Inner", "Startup Cost": 5010035054288.1, "Total Cost": 6000187337587.19, "Plan Rows": 40, "Plan Width": 37, "Inner Unique": true, "Hash Cond": "(mc.company_type_id = ct.id)", "Plans": [{"Node Type": "Hash Join", "Parent Relationship": "Outer", "Join Type": "Inner", "Startup Cost": 4010035053058.56, "Total Cost": 5000187336357.1, "Plan Rows": 40, "Plan Width": 41, "Inner Unique": true, "Hash Cond": "(ci.person_role_id = chn.id)", "Plans": [{"Node Type": "Hash Join", "Parent Relationship": "Outer", "Join Type": "Inner", "Startup Cost": 3010022026258.83, "Total Cost": 4000174309556.66, "Plan Rows": 83, "Plan Width": 29, "Inner Unique": false, "Hash Cond": "(ci.movie_id = t.id)", "Plans": [{"Node Type": "Index Scan", "Parent Relationship": "Outer", "Scan Direction": "Forward", "Index Name": "role_id_cast_info", "Relation Name": "cast_info", "Alias": "ci", "Startup Cost": 10000000000.0, "Total Cost": 1000152283213.0, "Plan Rows": 22295, "Plan Width": 12, "Filter": "(((note)::text ~~ '%(voice)%'::text) AND ((note)::text ~~ '%(uncredited)%'::text))"}, {"Node Type": "Hash", "Parent Relationship": "Inner", "Startup Cost": 3000022026201.49, "Total Cost": 3000022026201.49, "Plan Rows": 4587, "Plan Width": 29, "Plans": [{"Node Type": "Hash Join", "Parent Relationship": "Outer", "Join Type": "Inner", "Startup Cost": 2010010378228.36, "Total Cost": 3000022026201.49, "Plan Rows": 4587, "Plan Width": 29, "Inner Unique": false, "Hash Cond": "(t.id = mc.movie_id)", "Plans": [{"Node Type": "Index Scan", "Parent Relationship": "Outer", "Scan Direction": "Forward", "Index Name": "title_pkey", "Relation Name": "title", "Alias": "t", "Startup Cost": 10000000000.0, "Total Cost": 1000011644126.66, "Plan Rows": 1013492, "Plan Width": 21, "Filter": "(production_year > 2005), (LLVM Optimized)"}, {"Node Type": "Hash", "Parent Relationship": "Inner", "Startup Cost": 2000010378181.13, "Total Cost": 2000010378181.13, "Plan Rows": 3779, "Plan Width": 8, "Plans": [{"Node Type": "Hash Join", "Parent Relationship": "Outer", "Join Type": "Inner", "Startup Cost": 1010001050142.11, "Total Cost": 2000010378181.13, "Plan Rows": 3779, "Plan Width": 8, "Inner Unique": true, "Hash Cond": "(mc.company_id = cn.id)", "Plans": [{"Node Type": "Index Scan", "Parent Relationship": "Outer", "Scan Direction": "Forward", "Index Name": "company_type_id_movie_companies", "Relation Name": "movie_companies", "Alias": "mc", "Startup Cost": 10000000000.0, "Total Cost": 1000009318217.0, "Plan Rows": 2609128, "Plan Width": 12}, {"Node Type": "Hash", "Parent Relationship": "Inner", "Startup Cost": 1000001050138.97, "Total Cost": 1000001050138.97, "Plan Rows": 251, "Plan Width": 4, "Plans": [{"Node Type": "Index Scan", "Parent Relationship": "Outer", "Scan Direction": "Forward", "Index Name": "company_name_pkey", "Relation Name": "company_name", "Alias": "cn", "Startup Cost": 10000000000.0, "Total Cost": 1000001050138.97, "Plan Rows": 251, "Plan Width": 4, "Filter": "((country_code)::text = '[ru]'::text)"}]}]}]}]}]}]}, {"Node Type": "Hash", "Parent Relationship": "Inner", "Startup Cost": 1000012987545.51, "Total Cost": 1000012987545.51, "Plan Rows": 3140338, "Plan Width": 20, "Plans": [{"Node Type": "Index Scan", "Parent Relationship": "Outer", "Scan Direction": "Forward", "Index Name": "char_name_pkey", "Relation Name": "char_name", "Alias": "chn", "Startup Cost": 10000000000.0, "Total Cost": 1000012987545.51, "Plan Rows": 3140338, "Plan Width": 20}]}]}, {"Node Type": "Hash", "Parent Relationship": "Inner", "Startup Cost": 1000000001229.5, "Total Cost": 1000000001229.5, "Plan Rows": 3, "Plan Width": 4, "Plans": [{"Node Type": "Index Scan", "Parent Relationship": "Outer", "Scan Direction": "Forward", "Index Name": "company_type_pkey", "Relation Name": "company_type", "Alias": "ct", "Startup Cost": 10000000000.0, "Total Cost": 1000000001229.5, "Plan Rows": 3, "Plan Width": 4}]}]}, {"Node Type": "Hash", "Parent Relationship": "Inner", "Startup Cost": 1000000001246.0, "Total Cost": 1000000001246.0, "Plan Rows": 1, "Plan Width": 4, "Plans": [{"Node Type": "Index Scan", "Parent Relationship": "Outer", "Scan Direction": "Forward", "Index Name": "role_type_pkey", "Relation Name": "role_type", "Alias": "rt", "Startup Cost": 10000000000.0, "Total Cost": 1000000001246.0, "Plan Rows": 1, "Plan Width": 4, "Filter": "((role)::text = 'actor'::text)"}]}]}]}, "Unique SQL Id": 2933943827, "Planner Runtime": 26}, "explain_analyze_plan": null}, "(16, 112)": {"explain_plan": {"Plan": {"Node Type": "Aggregate", "Strategy": "Plain", "Startup Cost": 19897.43, "Total Cost": 19897.44, "Plan Rows": 1, "Plan Width": 97, "Plans": [{"Node Type": "Nested Loop", "Parent Relationship": "Outer", "Join Type": "Inner", "Startup Cost": 0.0, "Total Cost": 19897.42, "Plan Rows": 2, "Plan Width": 33, "Inner Unique": true, "Plans": [{"Node Type": "Nested Loop", "Parent Relationship": "Outer", "Join Type": "Inner", "Startup Cost": 0.0, "Total Cost": 19896.86, "Plan Rows": 2, "Plan Width": 37, "Inner Unique": true, "Plans": [{"Node Type": "Nested Loop", "Parent Relationship": "Outer", "Join Type": "Inner", "Startup Cost": 0.0, "Total Cost": 19869.97, "Plan Rows": 5, "Plan Width": 25, "Inner Unique": true, "Plans": [{"Node Type": "Nested Loop", "Parent Relationship": "Outer", "Join Type": "Inner", "Startup Cost": 0.0, "Total Cost": 19867.87, "Plan Rows": 6, "Plan Width": 16, "Inner Unique": false, "Join Filter": "(ci.role_id = rt.id)", "Plans": [{"Node Type": "Seq Scan", "Parent Relationship": "Outer", "Relation Name": "role_type", "Alias": "rt", "Startup Cost": 0.0, "Total Cost": 1.15, "Plan Rows": 1, "Plan Width": 4, "Filter": "((role)::text = 'actor'::text)"}, {"Node Type": "Nested Loop", "Parent Relationship": "Inner", "Join Type": "Inner", "Startup Cost": 0.0, "Total Cost": 19865.87, "Plan Rows": 68, "Plan Width": 20, "Inner Unique": false, "Plans": [{"Node Type": "Nested Loop", "Parent Relationship": "Outer", "Join Type": "Inner", "Startup Cost": 0.0, "Total Cost": 16121.55, "Plan Rows": 3779, "Plan Width": 8, "Inner Unique": false, "Plans": [{"Node Type": "Seq Scan", "Parent Relationship": "Outer", "Relation Name": "company_name", "Alias": "cn", "Startup Cost": 0.0, "Total Cost": 5903.45, "Plan Rows": 251, "Plan Width": 4, "Filter": "((country_code)::text = '[ru]'::text)"}, {"Node Type": "Index Scan", "Parent Relationship": "Inner", "Scan Direction": "Forward", "Index Name": "company_id_movie_companies", "Relation Name": "movie_companies", "Alias": "mc", "Startup Cost": 0.0, "Total Cost": 40.56, "Plan Rows": 15, "Plan Width": 12, "Index Cond": "(company_id = cn.id)"}]}, {"Node Type": "Index Scan", "Parent Relationship": "Inner", "Scan Direction": "Forward", "Index Name": "movie_id_cast_info", "Relation Name": "cast_info", "Alias": "ci", "Startup Cost": 0.0, "Total Cost": 0.98, "Plan Rows": 1, "Plan Width": 12, "Index Cond": "(movie_id = mc.movie_id)", "Filter": "(((note)::text ~~ '%(voice)%'::text) AND ((note)::text ~~ '%(uncredited)%'::text))"}]}]}, {"Node Type": "Index Scan", "Parent Relationship": "Inner", "Scan Direction": "Forward", "Index Name": "title_pkey", "Relation Name": "title", "Alias": "t", "Startup Cost": 0.0, "Total Cost": 0.34, "Plan Rows": 1, "Plan Width": 21, "Index Cond": "(id = mc.movie_id)", "Filter": "(production_year > 2005)"}]}, {"Node Type": "Index Scan", "Parent Relationship": "Inner", "Scan Direction": "Forward", "Index Name": "char_name_pkey", "Relation Name": "char_name", "Alias": "chn", "Startup Cost": 0.0, "Total Cost": 5.37, "Plan Rows": 1, "Plan Width": 20, "Index Cond": "(id = ci.person_role_id)"}]}, {"Node Type": "Index Only Scan", "Parent Relationship": "Inner", "Scan Direction": "Forward", "Index Name": "company_type_pkey", "Relation Name": "company_type", "Alias": "ct", "Startup Cost": 0.0, "Total Cost": 0.27, "Plan Rows": 1, "Plan Width": 4, "Index Cond": "(id = mc.company_type_id)"}]}]}, "Unique SQL Id": 2933943827, "Planner Runtime": 7}, "explain_analyze_plan": {"Plan": {"Node Type": "Aggregate", "Strategy": "Plain", "Startup Cost": 19897.43, "Total Cost": 19897.44, "Plan Rows": 1, "Plan Width": 97, "Actual Startup Time": 752.517, "Actual Total Time": 752.517, "Actual Rows": 1, "Actual Loops": 1, "Plans": [{"Node Type": "Nested Loop", "Parent Relationship": "Outer", "Join Type": "Inner", "Startup Cost": 0.0, "Total Cost": 19897.42, "Plan Rows": 2, "Plan Width": 33, "Actual Startup Time": 42.918, "Actual Total Time": 752.405, "Actual Rows": 18, "Actual Loops": 1, "Inner Unique": true, "Plans": [{"Node Type": "Nested Loop", "Parent Relationship": "Outer", "Join Type": "Inner", "Startup Cost": 0.0, "Total Cost": 19896.86, "Plan Rows": 2, "Plan Width": 37, "Actual Startup Time": 9.466, "Actual Total Time": 752.096, "Actual Rows": 104, "Actual Loops": 1, "Inner Unique": true, "Plans": [{"Node Type": "Nested Loop", "Parent Relationship": "Outer", "Join Type": "Inner", "Startup Cost": 0.0, "Total Cost": 19869.97, "Plan Rows": 5, "Plan Width": 25, "Actual Startup Time": 9.456, "Actual Total Time": 751.256, "Actual Rows": 112, "Actual Loops": 1, "Inner Unique": true, "Plans": [{"Node Type": "Nested Loop", "Parent Relationship": "Outer", "Join Type": "Inner", "Startup Cost": 0.0, "Total Cost": 19867.87, "Plan Rows": 6, "Plan Width": 16, "Actual Startup Time": 0.862, "Actual Total Time": 749.228, "Actual Rows": 275, "Actual Loops": 1, "Inner Unique": false, "Join Filter": "(ci.role_id = rt.id)", "Rows Removed by Join Filter": 102, "Plans": [{"Node Type": "Seq Scan", "Parent Relationship": "Outer", "Relation Name": "role_type", "Alias": "rt", "Startup Cost": 0.0, "Total Cost": 1.15, "Plan Rows": 1, "Plan Width": 4, "Actual Startup Time": 0.024, "Actual Total Time": 0.03, "Actual Rows": 1, "Actual Loops": 1, "Filter": "((role)::text = 'actor'::text)", "Rows Removed by Filter": 11}, {"Node Type": "Nested Loop", "Parent Relationship": "Inner", "Join Type": "Inner", "Startup Cost": 0.0, "Total Cost": 19865.87, "Plan Rows": 68, "Plan Width": 20, "Actual Startup Time": 0.831, "Actual Total Time": 748.935, "Actual Rows": 377, "Actual Loops": 1, "Inner Unique": false, "Plans": [{"Node Type": "Nested Loop", "Parent Relationship": "Outer", "Join Type": "Inner", "Startup Cost": 0.0, "Total Cost": 16121.55, "Plan Rows": 3779, "Plan Width": 8, "Actual Startup Time": 0.059, "Actual Total Time": 101.306, "Actual Rows": 8790, "Actual Loops": 1, "Inner Unique": false, "Plans": [{"Node Type": "Seq Scan", "Parent Relationship": "Outer", "Relation Name": "company_name", "Alias": "cn", "Startup Cost": 0.0, "Total Cost": 5903.45, "Plan Rows": 251, "Plan Width": 4, "Actual Startup Time": 0.039, "Actual Total Time": 80.246, "Actual Rows": 1361, "Actual Loops": 1, "Filter": "((country_code)::text = '[ru]'::text)", "Rows Removed by Filter": 233635}, {"Node Type": "Index Scan", "Parent Relationship": "Inner", "Scan Direction": "Forward", "Index Name": "company_id_movie_companies", "Relation Name": "movie_companies", "Alias": "mc", "Startup Cost": 0.0, "Total Cost": 40.56, "Plan Rows": 15, "Plan Width": 12, "Actual Startup Time": 7.856, "Actual Total Time": 17.976, "Actual Rows": 8790, "Actual Loops": 1361, "Index Cond": "(company_id = cn.id)", "Rows Removed by Index Recheck": 0}]}, {"Node Type": "Index Scan", "Parent Relationship": "Inner", "Scan Direction": "Forward", "Index Name": "movie_id_cast_info", "Relation Name": "cast_info", "Alias": "ci", "Startup Cost": 0.0, "Total Cost": 0.98, "Plan Rows": 1, "Plan Width": 12, "Actual Startup Time": 604.989, "Actual Total Time": 642.377, "Actual Rows": 377, "Actual Loops": 8790, "Index Cond": "(movie_id = mc.movie_id)", "Rows Removed by Index Recheck": 0, "Filter": "(((note)::text ~~ '%(voice)%'::text) AND ((note)::text ~~ '%(uncredited)%'::text))", "Rows Removed by Filter": 408168}]}]}, {"Node Type": "Index Scan", "Parent Relationship": "Inner", "Scan Direction": "Forward", "Index Name": "title_pkey", "Relation Name": "title", "Alias": "t", "Startup Cost": 0.0, "Total Cost": 0.34, "Plan Rows": 1, "Plan Width": 21, "Actual Startup Time": 1.632, "Actual Total Time": 1.632, "Actual Rows": 112, "Actual Loops": 275, "Index Cond": "(id = mc.movie_id)", "Rows Removed by Index Recheck": 0, "Filter": "(production_year > 2005)", "Rows Removed by Filter": 163}]}, {"Node Type": "Index Scan", "Parent Relationship": "Inner", "Scan Direction": "Forward", "Index Name": "char_name_pkey", "Relation Name": "char_name", "Alias": "chn", "Startup Cost": 0.0, "Total Cost": 5.37, "Plan Rows": 1, "Plan Width": 20, "Actual Startup Time": 0.628, "Actual Total Time": 0.628, "Actual Rows": 104, "Actual Loops": 112, "Index Cond": "(id = ci.person_role_id)", "Rows Removed by Index Recheck": 0}]}, {"Node Type": "Index Only Scan", "Parent Relationship": "Inner", "Scan Direction": "Forward", "Index Name": "company_type_pkey", "Relation Name": "company_type", "Alias": "ct", "Startup Cost": 0.0, "Total Cost": 0.27, "Plan Rows": 1, "Plan Width": 4, "Actual Startup Time": 0.179, "Actual Total Time": 0.179, "Actual Rows": 18, "Actual Loops": 104, "Index Cond": "(id = mc.company_type_id)", "Rows Removed by Index Recheck": 0, "Heap Fetches": 0}]}]}, "Triggers": [], "Planner Runtime": 6, "Total Runtime": 752.901, "Unique SQL Id": 2933943827}}, "(16, 113)": {"explain_plan": {"Plan": {"Node Type": "Aggregate", "Strategy": "Plain", "Startup Cost": 22688.03, "Total Cost": 22688.04, "Plan Rows": 1, "Plan Width": 97, "Plans": [{"Node Type": "Nested Loop", "Parent Relationship": "Outer", "Join Type": "Inner", "Startup Cost": 2779.29, "Total Cost": 22688.02, "Plan Rows": 2, "Plan Width": 33, "Inner Unique": true, "Plans": [{"Node Type": "Nested Loop", "Parent Relationship": "Outer", "Join Type": "Inner", "Startup Cost": 2779.29, "Total Cost": 22687.46, "Plan Rows": 2, "Plan Width": 37, "Inner Unique": true, "Plans": [{"Node Type": "Nested Loop", "Parent Relationship": "Outer", "Join Type": "Inner", "Startup Cost": 2779.29, "Total Cost": 22660.57, "Plan Rows": 5, "Plan Width": 25, "Inner Unique": true, "Plans": [{"Node Type": "Nested Loop", "Parent Relationship": "Outer", "Join Type": "Inner", "Startup Cost": 2779.29, "Total Cost": 22658.47, "Plan Rows": 6, "Plan Width": 16, "Inner Unique": false, "Join Filter": "(ci.role_id = rt.id)", "Plans": [{"Node Type": "Index Scan", "Parent Relationship": "Outer", "Scan Direction": "Forward", "Index Name": "role_type_pkey", "Relation Name": "role_type", "Alias": "rt", "Startup Cost": 0.0, "Total Cost": 12.46, "Plan Rows": 1, "Plan Width": 4, "Filter": "((role)::text = 'actor'::text)"}, {"Node Type": "Nested Loop", "Parent Relationship": "Inner", "Join Type": "Inner", "Startup Cost": 2779.29, "Total Cost": 22645.16, "Plan Rows": 68, "Plan Width": 20, "Inner Unique": false, "Plans": [{"Node Type": "Nested Loop", "Parent Relationship": "Outer", "Join Type": "Inner", "Startup Cost": 2779.29, "Total Cost": 18900.84, "Plan Rows": 3779, "Plan Width": 8, "Inner Unique": false, "Plans": [{"Node Type": "Bitmap Heap Scan", "Parent Relationship": "Outer", "Relation Name": "company_name", "Alias": "cn", "Startup Cost": 2779.29, "Total Cost": 8682.74, "Plan Rows": 251, "Plan Width": 4, "Filter": "((country_code)::text = '[ru]'::text)", "Plans": [{"Node Type": "Bitmap Index Scan", "Parent Relationship": "Outer", "Index Name": "company_name_pkey", "Startup Cost": 0.0, "Total Cost": 2779.23, "Plan Rows": 234996, "Plan Width": 0}]}, {"Node Type": "Index Scan", "Parent Relationship": "Inner", "Scan Direction": "Forward", "Index Name": "company_id_movie_companies", "Relation Name": "movie_companies", "Alias": "mc", "Startup Cost": 0.0, "Total Cost": 40.56, "Plan Rows": 15, "Plan Width": 12, "Index Cond": "(company_id = cn.id)"}]}, {"Node Type": "Index Scan", "Parent Relationship": "Inner", "Scan Direction": "Forward", "Index Name": "movie_id_cast_info", "Relation Name": "cast_info", "Alias": "ci", "Startup Cost": 0.0, "Total Cost": 0.98, "Plan Rows": 1, "Plan Width": 12, "Index Cond": "(movie_id = mc.movie_id)", "Filter": "(((note)::text ~~ '%(voice)%'::text) AND ((note)::text ~~ '%(uncredited)%'::text))"}]}]}, {"Node Type": "Index Scan", "Parent Relationship": "Inner", "Scan Direction": "Forward", "Index Name": "title_pkey", "Relation Name": "title", "Alias": "t", "Startup Cost": 0.0, "Total Cost": 0.34, "Plan Rows": 1, "Plan Width": 21, "Index Cond": "(id = mc.movie_id)", "Filter": "(production_year > 2005)"}]}, {"Node Type": "Index Scan", "Parent Relationship": "Inner", "Scan Direction": "Forward", "Index Name": "char_name_pkey", "Relation Name": "char_name", "Alias": "chn", "Startup Cost": 0.0, "Total Cost": 5.37, "Plan Rows": 1, "Plan Width": 20, "Index Cond": "(id = ci.person_role_id)"}]}, {"Node Type": "Index Only Scan", "Parent Relationship": "Inner", "Scan Direction": "Forward", "Index Name": "company_type_pkey", "Relation Name": "company_type", "Alias": "ct", "Startup Cost": 0.0, "Total Cost": 0.27, "Plan Rows": 1, "Plan Width": 4, "Index Cond": "(id = mc.company_type_id)"}]}]}, "Unique SQL Id": 2933943827, "Planner Runtime": 7}, "explain_analyze_plan": {"Plan": {"Node Type": "Aggregate", "Strategy": "Plain", "Startup Cost": 22688.03, "Total Cost": 22688.04, "Plan Rows": 1, "Plan Width": 97, "Actual Startup Time": 871.503, "Actual Total Time": 871.503, "Actual Rows": 1, "Actual Loops": 1, "Plans": [{"Node Type": "Nested Loop", "Parent Relationship": "Outer", "Join Type": "Inner", "Startup Cost": 2779.29, "Total Cost": 22688.02, "Plan Rows": 2, "Plan Width": 33, "Actual Startup Time": 64.858, "Actual Total Time": 871.392, "Actual Rows": 18, "Actual Loops": 1, "Inner Unique": true, "Plans": [{"Node Type": "Nested Loop", "Parent Relationship": "Outer", "Join Type": "Inner", "Startup Cost": 2779.29, "Total Cost": 22687.46, "Plan Rows": 2, "Plan Width": 37, "Actual Startup Time": 31.414, "Actual Total Time": 871.087, "Actual Rows": 104, "Actual Loops": 1, "Inner Unique": true, "Plans": [{"Node Type": "Nested Loop", "Parent Relationship": "Outer", "Join Type": "Inner", "Startup Cost": 2779.29, "Total Cost": 22660.57, "Plan Rows": 5, "Plan Width": 25, "Actual Startup Time": 31.404, "Actual Total Time": 870.155, "Actual Rows": 112, "Actual Loops": 1, "Inner Unique": true, "Plans": [{"Node Type": "Nested Loop", "Parent Relationship": "Outer", "Join Type": "Inner", "Startup Cost": 2779.29, "Total Cost": 22658.47, "Plan Rows": 6, "Plan Width": 16, "Actual Startup Time": 23.528, "Actual Total Time": 867.961, "Actual Rows": 275, "Actual Loops": 1, "Inner Unique": false, "Join Filter": "(ci.role_id = rt.id)", "Rows Removed by Join Filter": 102, "Plans": [{"Node Type": "Index Scan", "Parent Relationship": "Outer", "Scan Direction": "Forward", "Index Name": "role_type_pkey", "Relation Name": "role_type", "Alias": "rt", "Startup Cost": 0.0, "Total Cost": 12.46, "Plan Rows": 1, "Plan Width": 4, "Actual Startup Time": 0.023, "Actual Total Time": 0.036, "Actual Rows": 1, "Actual Loops": 1, "Filter": "((role)::text = 'actor'::text)", "Rows Removed by Filter": 11}, {"Node Type": "Nested Loop", "Parent Relationship": "Inner", "Join Type": "Inner", "Startup Cost": 2779.29, "Total Cost": 22645.16, "Plan Rows": 68, "Plan Width": 20, "Actual Startup Time": 23.495, "Actual Total Time": 867.649, "Actual Rows": 377, "Actual Loops": 1, "Inner Unique": false, "Plans": [{"Node Type": "Nested Loop", "Parent Relationship": "Outer", "Join Type": "Inner", "Startup Cost": 2779.29, "Total Cost": 18900.84, "Plan Rows": 3779, "Plan Width": 8, "Actual Startup Time": 22.744, "Actual Total Time": 167.463, "Actual Rows": 8790, "Actual Loops": 1, "Inner Unique": false, "Plans": [{"Node Type": "Bitmap Heap Scan", "Parent Relationship": "Outer", "Relation Name": "company_name", "Alias": "cn", "Startup Cost": 2779.29, "Total Cost": 8682.74, "Plan Rows": 251, "Plan Width": 4, "Actual Startup Time": 22.72, "Actual Total Time": 143.356, "Actual Rows": 1361, "Actual Loops": 1, "Filter": "((country_code)::text = '[ru]'::text)", "Rows Removed by Filter": 233635, "Exact Heap Blocks": 2966, "Lossy Heap Blocks": 2966, "Plans": [{"Node Type": "Bitmap Index Scan", "Parent Relationship": "Outer", "Index Name": "company_name_pkey", "Startup Cost": 0.0, "Total Cost": 2779.23, "Plan Rows": 234996, "Plan Width": 0, "Actual Startup Time": 22.25, "Actual Total Time": 22.25, "Actual Rows": 234996, "Actual Loops": 1}]}, {"Node Type": "Index Scan", "Parent Relationship": "Inner", "Scan Direction": "Forward", "Index Name": "company_id_movie_companies", "Relation Name": "movie_companies", "Alias": "mc", "Startup Cost": 0.0, "Total Cost": 40.56, "Plan Rows": 15, "Plan Width": 12, "Actual Startup Time": 9.704, "Actual Total Time": 20.815, "Actual Rows": 8790, "Actual Loops": 1361, "Index Cond": "(company_id = cn.id)", "Rows Removed by Index Recheck": 0}]}, {"Node Type": "Index Scan", "Parent Relationship": "Inner", "Scan Direction": "Forward", "Index Name": "movie_id_cast_info", "Relation Name": "cast_info", "Alias": "ci", "Startup Cost": 0.0, "Total Cost": 0.98, "Plan Rows": 1, "Plan Width": 12, "Actual Startup Time": 655.441, "Actual Total Time": 694.733, "Actual Rows": 377, "Actual Loops": 8790, "Index Cond": "(movie_id = mc.movie_id)", "Rows Removed by Index Recheck": 0, "Filter": "(((note)::text ~~ '%(voice)%'::text) AND ((note)::text ~~ '%(uncredited)%'::text))", "Rows Removed by Filter": 408168}]}]}, {"Node Type": "Index Scan", "Parent Relationship": "Inner", "Scan Direction": "Forward", "Index Name": "title_pkey", "Relation Name": "title", "Alias": "t", "Startup Cost": 0.0, "Total Cost": 0.34, "Plan Rows": 1, "Plan Width": 21, "Actual Startup Time": 1.773, "Actual Total Time": 1.773, "Actual Rows": 112, "Actual Loops": 275, "Index Cond": "(id = mc.movie_id)", "Rows Removed by Index Recheck": 0, "Filter": "(production_year > 2005)", "Rows Removed by Filter": 163}]}, {"Node Type": "Index Scan", "Parent Relationship": "Inner", "Scan Direction": "Forward", "Index Name": "char_name_pkey", "Relation Name": "char_name", "Alias": "chn", "Startup Cost": 0.0, "Total Cost": 5.37, "Plan Rows": 1, "Plan Width": 20, "Actual Startup Time": 0.688, "Actual Total Time": 0.688, "Actual Rows": 104, "Actual Loops": 112, "Index Cond": "(id = ci.person_role_id)", "Rows Removed by Index Recheck": 0}]}, {"Node Type": "Index Only Scan", "Parent Relationship": "Inner", "Scan Direction": "Forward", "Index Name": "company_type_pkey", "Relation Name": "company_type", "Alias": "ct", "Startup Cost": 0.0, "Total Cost": 0.27, "Plan Rows": 1, "Plan Width": 4, "Actual Startup Time": 0.168, "Actual Total Time": 0.168, "Actual Rows": 18, "Actual Loops": 104, "Index Cond": "(id = mc.company_type_id)", "Rows Removed by Index Recheck": 0, "Heap Fetches": 0}]}]}, "Triggers": [], "Planner Runtime": 7, "Total Runtime": 871.919, "Unique SQL Id": 2933943827}}, "(16, 114)": {"explain_plan": {"Plan": {"Node Type": "Aggregate", "Strategy": "Plain", "Startup Cost": 38342.48, "Total Cost": 38342.49, "Plan Rows": 1, "Plan Width": 97, "Plans": [{"Node Type": "Nested Loop", "Parent Relationship": "Outer", "Join Type": "Inner", "Startup Cost": 7.4, "Total Cost": 38342.47, "Plan Rows": 2, "Plan Width": 33, "Inner Unique": false, "Join Filter": "(mc.company_type_id = ct.id)", "Plans": [{"Node Type": "Seq Scan", "Parent Relationship": "Outer", "Relation Name": "company_type", "Alias": "ct", "Startup Cost": 0.0, "Total Cost": 1.03, "Plan Rows": 3, "Plan Width": 4}, {"Node Type": "Materialize", "Parent Relationship": "Inner", "Startup Cost": 7.4, "Total Cost": 38341.35, "Plan Rows": 2, "Plan Width": 37, "Plans": [{"Node Type": "Nested Loop", "Parent Relationship": "Outer", "Join Type": "Inner", "Startup Cost": 7.4, "Total Cost": 38341.34, "Plan Rows": 2, "Plan Width": 37, "Inner Unique": true, "Plans": [{"Node Type": "Nested Loop", "Parent Relationship": "Outer", "Join Type": "Inner", "Startup Cost": 7.13, "Total Cost": 38328.45, "Plan Rows": 3, "Plan Width": 28, "Inner Unique": true, "Plans": [{"Node Type": "Nested Loop", "Parent Relationship": "Outer", "Join Type": "Inner", "Startup Cost": 4.83, "Total Cost": 38290.52, "Plan Rows": 6, "Plan Width": 16, "Inner Unique": false, "Join Filter": "(ci.role_id = rt.id)", "Plans": [{"Node Type": "Seq Scan", "Parent Relationship": "Outer", "Relation Name": "role_type", "Alias": "rt", "Startup Cost": 0.0, "Total Cost": 1.15, "Plan Rows": 1, "Plan Width": 4, "Filter": "((role)::text = 'actor'::text)"}, {"Node Type": "Nested Loop", "Parent Relationship": "Inner", "Join Type": "Inner", "Startup Cost": 4.83, "Total Cost": 38288.52, "Plan Rows": 68, "Plan Width": 20, "Inner Unique": false, "Plans": [{"Node Type": "Nested Loop", "Parent Relationship": "Outer", "Join Type": "Inner", "Startup Cost": 4.32, "Total Cost": 20813.55, "Plan Rows": 3779, "Plan Width": 8, "Inner Unique": false, "Plans": [{"Node Type": "Seq Scan", "Parent Relationship": "Outer", "Relation Name": "company_name", "Alias": "cn", "Startup Cost": 0.0, "Total Cost": 5903.45, "Plan Rows": 251, "Plan Width": 4, "Filter": "((country_code)::text = '[ru]'::text)"}, {"Node Type": "Bitmap Heap Scan", "Parent Relationship": "Inner", "Relation Name": "movie_companies", "Alias": "mc", "Startup Cost": 4.32, "Total Cost": 59.25, "Plan Rows": 15, "Plan Width": 12, "Recheck Cond": "(company_id = cn.id)", "Plans": [{"Node Type": "Bitmap Index Scan", "Parent Relationship": "Outer", "Index Name": "company_id_movie_companies", "Startup Cost": 0.0, "Total Cost": 4.31, "Plan Rows": 15, "Plan Width": 0, "Index Cond": "(company_id = cn.id)"}]}]}, {"Node Type": "Bitmap Heap Scan", "Parent Relationship": "Inner", "Relation Name": "cast_info", "Alias": "ci", "Startup Cost": 0.51, "Total Cost": 4.61, "Plan Rows": 1, "Plan Width": 12, "Recheck Cond": "(movie_id = mc.movie_id)", "Filter": "(((note)::text ~~ '%(voice)%'::text) AND ((note)::text ~~ '%(uncredited)%'::text))", "Plans": [{"Node Type": "Bitmap Index Scan", "Parent Relationship": "Outer", "Index Name": "movie_id_cast_info", "Startup Cost": 0.0, "Total Cost": 0.51, "Plan Rows": 6, "Plan Width": 0, "Index Cond": "(movie_id = mc.movie_id)"}]}]}]}, {"Node Type": "Bitmap Heap Scan", "Parent Relationship": "Inner", "Relation Name": "char_name", "Alias": "chn", "Startup Cost": 2.3, "Total Cost": 6.31, "Plan Rows": 1, "Plan Width": 20, "Recheck Cond": "(id = ci.person_role_id)", "Plans": [{"Node Type": "Bitmap Index Scan", "Parent Relationship": "Outer", "Index Name": "char_name_pkey", "Startup Cost": 0.0, "Total Cost": 2.3, "Plan Rows": 1, "Plan Width": 0, "Index Cond": "(id = ci.person_role_id)"}]}]}, {"Node Type": "Bitmap Heap Scan", "Parent Relationship": "Inner", "Relation Name": "title", "Alias": "t", "Startup Cost": 0.27, "Total Cost": 4.29, "Plan Rows": 1, "Plan Width": 21, "Recheck Cond": "(id = mc.movie_id)", "Filter": "(production_year > 2005)", "Plans": [{"Node Type": "Bitmap Index Scan", "Parent Relationship": "Outer", "Index Name": "title_pkey", "Startup Cost": 0.0, "Total Cost": 0.27, "Plan Rows": 1, "Plan Width": 0, "Index Cond": "(id = mc.movie_id)"}]}]}]}]}]}, "Unique SQL Id": 2933943827, "Planner Runtime": 18}, "explain_analyze_plan": {"Plan": {"Node Type": "Aggregate", "Strategy": "Plain", "Startup Cost": 38342.48, "Total Cost": 38342.49, "Plan Rows": 1, "Plan Width": 97, "Actual Startup Time": 1267.969, "Actual Total Time": 1267.969, "Actual Rows": 1, "Actual Loops": 1, "Plans": [{"Node Type": "Nested Loop", "Parent Relationship": "Outer", "Join Type": "Inner", "Startup Cost": 7.4, "Total Cost": 38342.47, "Plan Rows": 2, "Plan Width": 33, "Actual Startup Time": 75.505, "Actual Total Time": 1267.898, "Actual Rows": 18, "Actual Loops": 1, "Inner Unique": false, "Join Filter": "(mc.company_type_id = ct.id)", "Rows Removed by Join Filter": 294, "Plans": [{"Node Type": "Seq Scan", "Parent Relationship": "Outer", "Relation Name": "company_type", "Alias": "ct", "Startup Cost": 0.0, "Total Cost": 1.03, "Plan Rows": 3, "Plan Width": 4, "Actual Startup Time": 0.013, "Actual Total Time": 0.016, "Actual Rows": 3, "Actual Loops": 1}, {"Node Type": "Materialize", "Parent Relationship": "Inner", "Startup Cost": 7.4, "Total Cost": 38341.35, "Plan Rows": 2, "Plan Width": 37, "Actual Startup Time": 15.278, "Actual Total Time": 1267.723, "Actual Rows": 312, "Actual Loops": 3, "Plans": [{"Node Type": "Nested Loop", "Parent Relationship": "Outer", "Join Type": "Inner", "Startup Cost": 7.4, "Total Cost": 38341.34, "Plan Rows": 2, "Plan Width": 37, "Actual Startup Time": 15.271, "Actual Total Time": 1267.569, "Actual Rows": 104, "Actual Loops": 1, "Inner Unique": true, "Plans": [{"Node Type": "Nested Loop", "Parent Relationship": "Outer", "Join Type": "Inner", "Startup Cost": 7.13, "Total Cost": 38328.45, "Plan Rows": 3, "Plan Width": 28, "Actual Startup Time": 1.113, "Actual Total Time": 1264.658, "Actual Rows": 265, "Actual Loops": 1, "Inner Unique": true, "Plans": [{"Node Type": "Nested Loop", "Parent Relationship": "Outer", "Join Type": "Inner", "Startup Cost": 4.83, "Total Cost": 38290.52, "Plan Rows": 6, "Plan Width": 16, "Actual Startup Time": 1.098, "Actual Total Time": 1261.302, "Actual Rows": 275, "Actual Loops": 1, "Inner Unique": false, "Join Filter": "(ci.role_id = rt.id)", "Rows Removed by Join Filter": 102, "Plans": [{"Node Type": "Seq Scan", "Parent Relationship": "Outer", "Relation Name": "role_type", "Alias": "rt", "Startup Cost": 0.0, "Total Cost": 1.15, "Plan Rows": 1, "Plan Width": 4, "Actual Startup Time": 0.018, "Actual Total Time": 0.025, "Actual Rows": 1, "Actual Loops": 1, "Filter": "((role)::text = 'actor'::text)", "Rows Removed by Filter": 11}, {"Node Type": "Nested Loop", "Parent Relationship": "Inner", "Join Type": "Inner", "Startup Cost": 4.83, "Total Cost": 38288.52, "Plan Rows": 68, "Plan Width": 20, "Actual Startup Time": 1.073, "Actual Total Time": 1261.057, "Actual Rows": 377, "Actual Loops": 1, "Inner Unique": false, "Plans": [{"Node Type": "Nested Loop", "Parent Relationship": "Outer", "Join Type": "Inner", "Startup Cost": 4.32, "Total Cost": 20813.55, "Plan Rows": 3779, "Plan Width": 8, "Actual Startup Time": 0.09, "Actual Total Time": 122.723, "Actual Rows": 8790, "Actual Loops": 1, "Inner Unique": false, "Plans": [{"Node Type": "Seq Scan", "Parent Relationship": "Outer", "Relation Name": "company_name", "Alias": "cn", "Startup Cost": 0.0, "Total Cost": 5903.45, "Plan Rows": 251, "Plan Width": 4, "Actual Startup Time": 0.045, "Actual Total Time": 85.602, "Actual Rows": 1361, "Actual Loops": 1, "Filter": "((country_code)::text = '[ru]'::text)", "Rows Removed by Filter": 233635}, {"Node Type": "Bitmap Heap Scan", "Parent Relationship": "Inner", "Relation Name": "movie_companies", "Alias": "mc", "Startup Cost": 4.32, "Total Cost": 59.25, "Plan Rows": 15, "Plan Width": 12, "Actual Startup Time": 15.128, "Actual Total Time": 32.564, "Actual Rows": 8790, "Actual Loops": 1361, "Recheck Cond": "(company_id = cn.id)", "Rows Removed by Index Recheck": 0, "Exact Heap Blocks": 7155, "Lossy Heap Blocks": 7155, "Plans": [{"Node Type": "Bitmap Index Scan", "Parent Relationship": "Outer", "Index Name": "company_id_movie_companies", "Startup Cost": 0.0, "Total Cost": 4.31, "Plan Rows": 15, "Plan Width": 0, "Actual Startup Time": 9.696, "Actual Total Time": 9.696, "Actual Rows": 8790, "Actual Loops": 1361, "Index Cond": "(company_id = cn.id)"}]}]}, {"Node Type": "Bitmap Heap Scan", "Parent Relationship": "Inner", "Relation Name": "cast_info", "Alias": "ci", "Startup Cost": 0.51, "Total Cost": 4.61, "Plan Rows": 1, "Plan Width": 12, "Actual Startup Time": 1062.4, "Actual Total Time": 1123.634, "Actual Rows": 377, "Actual Loops": 8790, "Recheck Cond": "(movie_id = mc.movie_id)", "Rows Removed by Index Recheck": 0, "Filter": "(((note)::text ~~ '%(voice)%'::text) AND ((note)::text ~~ '%(uncredited)%'::text))", "Rows Removed by Filter": 408168, "Exact Heap Blocks": 397651, "Lossy Heap Blocks": 397651, "Plans": [{"Node Type": "Bitmap Index Scan", "Parent Relationship": "Outer", "Index Name": "movie_id_cast_info", "Startup Cost": 0.0, "Total Cost": 0.51, "Plan Rows": 6, "Plan Width": 0, "Actual Startup Time": 138.568, "Actual Total Time": 138.568, "Actual Rows": 408545, "Actual Loops": 8790, "Index Cond": "(movie_id = mc.movie_id)"}]}]}]}, {"Node Type": "Bitmap Heap Scan", "Parent Relationship": "Inner", "Relation Name": "char_name", "Alias": "chn", "Startup Cost": 2.3, "Total Cost": 6.31, "Plan Rows": 1, "Plan Width": 20, "Actual Startup Time": 2.698, "Actual Total Time": 2.698, "Actual Rows": 265, "Actual Loops": 275, "Recheck Cond": "(id = ci.person_role_id)", "Rows Removed by Index Recheck": 0, "Exact Heap Blocks": 265, "Lossy Heap Blocks": 265, "Plans": [{"Node Type": "Bitmap Index Scan", "Parent Relationship": "Outer", "Index Name": "char_name_pkey", "Startup Cost": 0.0, "Total Cost": 2.3, "Plan Rows": 1, "Plan Width": 0, "Actual Startup Time": 1.832, "Actual Total Time": 1.832, "Actual Rows": 265, "Actual Loops": 275, "Index Cond": "(id = ci.person_role_id)"}]}]}, {"Node Type": "Bitmap Heap Scan", "Parent Relationship": "Inner", "Relation Name": "title", "Alias": "t", "Startup Cost": 0.27, "Total Cost": 4.29, "Plan Rows": 1, "Plan Width": 21, "Actual Startup Time": 2.399, "Actual Total Time": 2.399, "Actual Rows": 104, "Actual Loops": 265, "Recheck Cond": "(id = mc.movie_id)", "Rows Removed by Index Recheck": 0, "Filter": "(production_year > 2005)", "Rows Removed by Filter": 161, "Exact Heap Blocks": 265, "Lossy Heap Blocks": 265, "Plans": [{"Node Type": "Bitmap Index Scan", "Parent Relationship": "Outer", "Index Name": "title_pkey", "Startup Cost": 0.0, "Total Cost": 0.27, "Plan Rows": 1, "Plan Width": 0, "Actual Startup Time": 1.54, "Actual Total Time": 1.54, "Actual Rows": 265, "Actual Loops": 265, "Index Cond": "(id = mc.movie_id)"}]}]}]}]}]}, "Triggers": [], "Planner Runtime": 18, "Total Runtime": 1268.406, "Unique SQL Id": 2933943827}}, "(16, 115)": {"explain_plan": {"Plan": {"Node Type": "Aggregate", "Strategy": "Plain", "Startup Cost": 41418.46, "Total Cost": 41418.47, "Plan Rows": 1, "Plan Width": 97, "Plans": [{"Node Type": "Nested Loop", "Parent Relationship": "Outer", "Join Type": "Inner", "Startup Cost": 2787.21, "Total Cost": 41418.45, "Plan Rows": 2, "Plan Width": 33, "Inner Unique": true, "Plans": [{"Node Type": "Nested Loop", "Parent Relationship": "Outer", "Join Type": "Inner", "Startup Cost": 2786.95, "Total Cost": 41409.89, "Plan Rows": 2, "Plan Width": 37, "Inner Unique": true, "Plans": [{"Node Type": "Nested Loop", "Parent Relationship": "Outer", "Join Type": "Inner", "Startup Cost": 2786.68, "Total Cost": 41397.0, "Plan Rows": 3, "Plan Width": 28, "Inner Unique": true, "Plans": [{"Node Type": "Nested Loop", "Parent Relationship": "Outer", "Join Type": "Inner", "Startup Cost": 2784.38, "Total Cost": 41359.07, "Plan Rows": 6, "Plan Width": 16, "Inner Unique": true, "Plans": [{"Node Type": "Nested Loop", "Parent Relationship": "Outer", "Join Type": "Inner", "Startup Cost": 2784.12, "Total Cost": 41067.82, "Plan Rows": 68, "Plan Width": 20, "Inner Unique": false, "Plans": [{"Node Type": "Nested Loop", "Parent Relationship": "Outer", "Join Type": "Inner", "Startup Cost": 2783.61, "Total Cost": 23592.84, "Plan Rows": 3779, "Plan Width": 8, "Inner Unique": false, "Plans": [{"Node Type": "Bitmap Heap Scan", "Parent Relationship": "Outer", "Relation Name": "company_name", "Alias": "cn", "Startup Cost": 2779.29, "Total Cost": 8682.74, "Plan Rows": 251, "Plan Width": 4, "Filter": "((country_code)::text = '[ru]'::text)", "Plans": [{"Node Type": "Bitmap Index Scan", "Parent Relationship": "Outer", "Index Name": "company_name_pkey", "Startup Cost": 0.0, "Total Cost": 2779.23, "Plan Rows": 234996, "Plan Width": 0}]}, {"Node Type": "Bitmap Heap Scan", "Parent Relationship": "Inner", "Relation Name": "movie_companies", "Alias": "mc", "Startup Cost": 4.32, "Total Cost": 59.25, "Plan Rows": 15, "Plan Width": 12, "Recheck Cond": "(company_id = cn.id)", "Plans": [{"Node Type": "Bitmap Index Scan", "Parent Relationship": "Outer", "Index Name": "company_id_movie_companies", "Startup Cost": 0.0, "Total Cost": 4.31, "Plan Rows": 15, "Plan Width": 0, "Index Cond": "(company_id = cn.id)"}]}]}, {"Node Type": "Bitmap Heap Scan", "Parent Relationship": "Inner", "Relation Name": "cast_info", "Alias": "ci", "Startup Cost": 0.51, "Total Cost": 4.61, "Plan Rows": 1, "Plan Width": 12, "Recheck Cond": "(movie_id = mc.movie_id)", "Filter": "(((note)::text ~~ '%(voice)%'::text) AND ((note)::text ~~ '%(uncredited)%'::text))", "Plans": [{"Node Type": "Bitmap Index Scan", "Parent Relationship": "Outer", "Index Name": "movie_id_cast_info", "Startup Cost": 0.0, "Total Cost": 0.51, "Plan Rows": 6, "Plan Width": 0, "Index Cond": "(movie_id = mc.movie_id)"}]}]}, {"Node Type": "Bitmap Heap Scan", "Parent Relationship": "Inner", "Relation Name": "role_type", "Alias": "rt", "Startup Cost": 0.26, "Total Cost": 4.27, "Plan Rows": 1, "Plan Width": 4, "Recheck Cond": "(id = ci.role_id)", "Filter": "((role)::text = 'actor'::text)", "Plans": [{"Node Type": "Bitmap Index Scan", "Parent Relationship": "Outer", "Index Name": "role_type_pkey", "Startup Cost": 0.0, "Total Cost": 0.26, "Plan Rows": 1, "Plan Width": 0, "Index Cond": "(id = ci.role_id)"}]}]}, {"Node Type": "Bitmap Heap Scan", "Parent Relationship": "Inner", "Relation Name": "char_name", "Alias": "chn", "Startup Cost": 2.3, "Total Cost": 6.31, "Plan Rows": 1, "Plan Width": 20, "Recheck Cond": "(id = ci.person_role_id)", "Plans": [{"Node Type": "Bitmap Index Scan", "Parent Relationship": "Outer", "Index Name": "char_name_pkey", "Startup Cost": 0.0, "Total Cost": 2.3, "Plan Rows": 1, "Plan Width": 0, "Index Cond": "(id = ci.person_role_id)"}]}]}, {"Node Type": "Bitmap Heap Scan", "Parent Relationship": "Inner", "Relation Name": "title", "Alias": "t", "Startup Cost": 0.27, "Total Cost": 4.29, "Plan Rows": 1, "Plan Width": 21, "Recheck Cond": "(id = mc.movie_id)", "Filter": "(production_year > 2005)", "Plans": [{"Node Type": "Bitmap Index Scan", "Parent Relationship": "Outer", "Index Name": "title_pkey", "Startup Cost": 0.0, "Total Cost": 0.27, "Plan Rows": 1, "Plan Width": 0, "Index Cond": "(id = mc.movie_id)"}]}]}, {"Node Type": "Bitmap Heap Scan", "Parent Relationship": "Inner", "Relation Name": "company_type", "Alias": "ct", "Startup Cost": 0.26, "Total Cost": 4.27, "Plan Rows": 1, "Plan Width": 4, "Recheck Cond": "(id = mc.company_type_id)", "Plans": [{"Node Type": "Bitmap Index Scan", "Parent Relationship": "Outer", "Index Name": "company_type_pkey", "Startup Cost": 0.0, "Total Cost": 0.26, "Plan Rows": 1, "Plan Width": 0, "Index Cond": "(id = mc.company_type_id)"}]}]}]}, "Unique SQL Id": 2933943827, "Planner Runtime": 6}, "explain_analyze_plan": {"Plan": {"Node Type": "Aggregate", "Strategy": "Plain", "Startup Cost": 41418.46, "Total Cost": 41418.47, "Plan Rows": 1, "Plan Width": 97, "Actual Startup Time": 1197.675, "Actual Total Time": 1197.675, "Actual Rows": 1, "Actual Loops": 1, "Plans": [{"Node Type": "Nested Loop", "Parent Relationship": "Outer", "Join Type": "Inner", "Startup Cost": 2787.21, "Total Cost": 41418.45, "Plan Rows": 2, "Plan Width": 33, "Actual Startup Time": 99.205, "Actual Total Time": 1197.571, "Actual Rows": 18, "Actual Loops": 1, "Inner Unique": true, "Plans": [{"Node Type": "Nested Loop", "Parent Relationship": "Outer", "Join Type": "Inner", "Startup Cost": 2786.95, "Total Cost": 41409.89, "Plan Rows": 2, "Plan Width": 37, "Actual Startup Time": 42.334, "Actual Total Time": 1197.028, "Actual Rows": 104, "Actual Loops": 1, "Inner Unique": true, "Plans": [{"Node Type": "Nested Loop", "Parent Relationship": "Outer", "Join Type": "Inner", "Startup Cost": 2786.68, "Total Cost": 41397.0, "Plan Rows": 3, "Plan Width": 28, "Actual Startup Time": 27.449, "Actual Total Time": 1194.263, "Actual Rows": 265, "Actual Loops": 1, "Inner Unique": true, "Plans": [{"Node Type": "Nested Loop", "Parent Relationship": "Outer", "Join Type": "Inner", "Startup Cost": 2784.38, "Total Cost": 41359.07, "Plan Rows": 6, "Plan Width": 16, "Actual Startup Time": 27.428, "Actual Total Time": 1191.216, "Actual Rows": 275, "Actual Loops": 1, "Inner Unique": true, "Plans": [{"Node Type": "Nested Loop", "Parent Relationship": "Outer", "Join Type": "Inner", "Startup Cost": 2784.12, "Total Cost": 41067.82, "Plan Rows": 68, "Plan Width": 20, "Actual Startup Time": 27.408, "Actual Total Time": 1188.638, "Actual Rows": 377, "Actual Loops": 1, "Inner Unique": false, "Plans": [{"Node Type": "Nested Loop", "Parent Relationship": "Outer", "Join Type": "Inner", "Startup Cost": 2783.61, "Total Cost": 23592.84, "Plan Rows": 3779, "Plan Width": 8, "Actual Startup Time": 26.16, "Actual Total Time": 182.006, "Actual Rows": 8790, "Actual Loops": 1, "Inner Unique": false, "Plans": [{"Node Type": "Bitmap Heap Scan", "Parent Relationship": "Outer", "Relation Name": "company_name", "Alias": "cn", "Startup Cost": 2779.29, "Total Cost": 8682.74, "Plan Rows": 251, "Plan Width": 4, "Actual Startup Time": 26.111, "Actual Total Time": 148.164, "Actual Rows": 1361, "Actual Loops": 1, "Filter": "((country_code)::text = '[ru]'::text)", "Rows Removed by Filter": 233635, "Exact Heap Blocks": 2966, "Lossy Heap Blocks": 2966, "Plans": [{"Node Type": "Bitmap Index Scan", "Parent Relationship": "Outer", "Index Name": "company_name_pkey", "Startup Cost": 0.0, "Total Cost": 2779.23, "Plan Rows": 234996, "Plan Width": 0, "Actual Startup Time": 25.617, "Actual Total Time": 25.617, "Actual Rows": 234996, "Actual Loops": 1}]}, {"Node Type": "Bitmap Heap Scan", "Parent Relationship": "Inner", "Relation Name": "movie_companies", "Alias": "mc", "Startup Cost": 4.32, "Total Cost": 59.25, "Plan Rows": 15, "Plan Width": 12, "Actual Startup Time": 14.449, "Actual Total Time": 29.008, "Actual Rows": 8790, "Actual Loops": 1361, "Recheck Cond": "(company_id = cn.id)", "Rows Removed by Index Recheck": 0, "Exact Heap Blocks": 7155, "Lossy Heap Blocks": 7155, "Plans": [{"Node Type": "Bitmap Index Scan", "Parent Relationship": "Outer", "Index Name": "company_id_movie_companies", "Startup Cost": 0.0, "Total Cost": 4.31, "Plan Rows": 15, "Plan Width": 0, "Actual Startup Time": 9.127, "Actual Total Time": 9.127, "Actual Rows": 8790, "Actual Loops": 1361, "Index Cond": "(company_id = cn.id)"}]}]}, {"Node Type": "Bitmap Heap Scan", "Parent Relationship": "Inner", "Relation Name": "cast_info", "Alias": "ci", "Startup Cost": 0.51, "Total Cost": 4.61, "Plan Rows": 1, "Plan Width": 12, "Actual Startup Time": 938.519, "Actual Total Time": 990.4, "Actual Rows": 377, "Actual Loops": 8790, "Recheck Cond": "(movie_id = mc.movie_id)", "Rows Removed by Index Recheck": 0, "Filter": "(((note)::text ~~ '%(voice)%'::text) AND ((note)::text ~~ '%(uncredited)%'::text))", "Rows Removed by Filter": 408168, "Exact Heap Blocks": 397651, "Lossy Heap Blocks": 397651, "Plans": [{"Node Type": "Bitmap Index Scan", "Parent Relationship": "Outer", "Index Name": "movie_id_cast_info", "Startup Cost": 0.0, "Total Cost": 0.51, "Plan Rows": 6, "Plan Width": 0, "Actual Startup Time": 127.518, "Actual Total Time": 127.518, "Actual Rows": 408545, "Actual Loops": 8790, "Index Cond": "(movie_id = mc.movie_id)"}]}]}, {"Node Type": "Bitmap Heap Scan", "Parent Relationship": "Inner", "Relation Name": "role_type", "Alias": "rt", "Startup Cost": 0.26, "Total Cost": 4.27, "Plan Rows": 1, "Plan Width": 4, "Actual Startup Time": 1.696, "Actual Total Time": 1.696, "Actual Rows": 275, "Actual Loops": 377, "Recheck Cond": "(id = ci.role_id)", "Rows Removed by Index Recheck": 0, "Filter": "((role)::text = 'actor'::text)", "Rows Removed by Filter": 102, "Exact Heap Blocks": 377, "Lossy Heap Blocks": 377, "Plans": [{"Node Type": "Bitmap Index Scan", "Parent Relationship": "Outer", "Index Name": "role_type_pkey", "Startup Cost": 0.0, "Total Cost": 0.26, "Plan Rows": 1, "Plan Width": 0, "Actual Startup Time": 0.653, "Actual Total Time": 0.653, "Actual Rows": 377, "Actual Loops": 377, "Index Cond": "(id = ci.role_id)"}]}]}, {"Node Type": "Bitmap Heap Scan", "Parent Relationship": "Inner", "Relation Name": "char_name", "Alias": "chn", "Startup Cost": 2.3, "Total Cost": 6.31, "Plan Rows": 1, "Plan Width": 20, "Actual Startup Time": 2.327, "Actual Total Time": 2.327, "Actual Rows": 265, "Actual Loops": 275, "Recheck Cond": "(id = ci.person_role_id)", "Rows Removed by Index Recheck": 0, "Exact Heap Blocks": 265, "Lossy Heap Blocks": 265, "Plans": [{"Node Type": "Bitmap Index Scan", "Parent Relationship": "Outer", "Index Name": "char_name_pkey", "Startup Cost": 0.0, "Total Cost": 2.3, "Plan Rows": 1, "Plan Width": 0, "Actual Startup Time": 1.574, "Actual Total Time": 1.574, "Actual Rows": 265, "Actual Loops": 275, "Index Cond": "(id = ci.person_role_id)"}]}]}, {"Node Type": "Bitmap Heap Scan", "Parent Relationship": "Inner", "Relation Name": "title", "Alias": "t", "Startup Cost": 0.27, "Total Cost": 4.29, "Plan Rows": 1, "Plan Width": 21, "Actual Startup Time": 2.169, "Actual Total Time": 2.169, "Actual Rows": 104, "Actual Loops": 265, "Recheck Cond": "(id = mc.movie_id)", "Rows Removed by Index Recheck": 0, "Filter": "(production_year > 2005)", "Rows Removed by Filter": 161, "Exact Heap Blocks": 265, "Lossy Heap Blocks": 265, "Plans": [{"Node Type": "Bitmap Index Scan", "Parent Relationship": "Outer", "Index Name": "title_pkey", "Startup Cost": 0.0, "Total Cost": 0.27, "Plan Rows": 1, "Plan Width": 0, "Actual Startup Time": 1.333, "Actual Total Time": 1.333, "Actual Rows": 265, "Actual Loops": 265, "Index Cond": "(id = mc.movie_id)"}]}]}, {"Node Type": "Bitmap Heap Scan", "Parent Relationship": "Inner", "Relation Name": "company_type", "Alias": "ct", "Startup Cost": 0.26, "Total Cost": 4.27, "Plan Rows": 1, "Plan Width": 4, "Actual Startup Time": 0.281, "Actual Total Time": 0.281, "Actual Rows": 18, "Actual Loops": 104, "Recheck Cond": "(id = mc.company_type_id)", "Rows Removed by Index Recheck": 0, "Exact Heap Blocks": 18, "Lossy Heap Blocks": 18, "Plans": [{"Node Type": "Bitmap Index Scan", "Parent Relationship": "Outer", "Index Name": "company_type_pkey", "Startup Cost": 0.0, "Total Cost": 0.26, "Plan Rows": 1, "Plan Width": 0, "Actual Startup Time": 0.155, "Actual Total Time": 0.155, "Actual Rows": 18, "Actual Loops": 104, "Index Cond": "(id = mc.company_type_id)"}]}]}]}, "Triggers": [], "Planner Runtime": 6, "Total Runtime": 1198.112, "Unique SQL Id": 2933943827}}, "(16, 116)": {"explain_plan": {"Plan": {"Node Type": "Aggregate", "Strategy": "Plain", "Startup Cost": 19897.43, "Total Cost": 19897.44, "Plan Rows": 1, "Plan Width": 97, "Plans": [{"Node Type": "Nested Loop", "Parent Relationship": "Outer", "Join Type": "Inner", "Startup Cost": 0.0, "Total Cost": 19897.42, "Plan Rows": 2, "Plan Width": 33, "Inner Unique": true, "Plans": [{"Node Type": "Nested Loop", "Parent Relationship": "Outer", "Join Type": "Inner", "Startup Cost": 0.0, "Total Cost": 19896.86, "Plan Rows": 2, "Plan Width": 37, "Inner Unique": true, "Plans": [{"Node Type": "Nested Loop", "Parent Relationship": "Outer", "Join Type": "Inner", "Startup Cost": 0.0, "Total Cost": 19869.97, "Plan Rows": 5, "Plan Width": 25, "Inner Unique": true, "Plans": [{"Node Type": "Nested Loop", "Parent Relationship": "Outer", "Join Type": "Inner", "Startup Cost": 0.0, "Total Cost": 19867.87, "Plan Rows": 6, "Plan Width": 16, "Inner Unique": false, "Join Filter": "(ci.role_id = rt.id)", "Plans": [{"Node Type": "Seq Scan", "Parent Relationship": "Outer", "Relation Name": "role_type", "Alias": "rt", "Startup Cost": 0.0, "Total Cost": 1.15, "Plan Rows": 1, "Plan Width": 4, "Filter": "((role)::text = 'actor'::text)"}, {"Node Type": "Nested Loop", "Parent Relationship": "Inner", "Join Type": "Inner", "Startup Cost": 0.0, "Total Cost": 19865.87, "Plan Rows": 68, "Plan Width": 20, "Inner Unique": false, "Plans": [{"Node Type": "Nested Loop", "Parent Relationship": "Outer", "Join Type": "Inner", "Startup Cost": 0.0, "Total Cost": 16121.55, "Plan Rows": 3779, "Plan Width": 8, "Inner Unique": false, "Plans": [{"Node Type": "Seq Scan", "Parent Relationship": "Outer", "Relation Name": "company_name", "Alias": "cn", "Startup Cost": 0.0, "Total Cost": 5903.45, "Plan Rows": 251, "Plan Width": 4, "Filter": "((country_code)::text = '[ru]'::text)"}, {"Node Type": "Index Scan", "Parent Relationship": "Inner", "Scan Direction": "Forward", "Index Name": "company_id_movie_companies", "Relation Name": "movie_companies", "Alias": "mc", "Startup Cost": 0.0, "Total Cost": 40.56, "Plan Rows": 15, "Plan Width": 12, "Index Cond": "(company_id = cn.id)"}]}, {"Node Type": "Index Scan", "Parent Relationship": "Inner", "Scan Direction": "Forward", "Index Name": "movie_id_cast_info", "Relation Name": "cast_info", "Alias": "ci", "Startup Cost": 0.0, "Total Cost": 0.98, "Plan Rows": 1, "Plan Width": 12, "Index Cond": "(movie_id = mc.movie_id)", "Filter": "(((note)::text ~~ '%(voice)%'::text) AND ((note)::text ~~ '%(uncredited)%'::text))"}]}]}, {"Node Type": "Index Scan", "Parent Relationship": "Inner", "Scan Direction": "Forward", "Index Name": "title_pkey", "Relation Name": "title", "Alias": "t", "Startup Cost": 0.0, "Total Cost": 0.34, "Plan Rows": 1, "Plan Width": 21, "Index Cond": "(id = mc.movie_id)", "Filter": "(production_year > 2005)"}]}, {"Node Type": "Index Scan", "Parent Relationship": "Inner", "Scan Direction": "Forward", "Index Name": "char_name_pkey", "Relation Name": "char_name", "Alias": "chn", "Startup Cost": 0.0, "Total Cost": 5.37, "Plan Rows": 1, "Plan Width": 20, "Index Cond": "(id = ci.person_role_id)"}]}, {"Node Type": "Index Scan", "Parent Relationship": "Inner", "Scan Direction": "Forward", "Index Name": "company_type_pkey", "Relation Name": "company_type", "Alias": "ct", "Startup Cost": 0.0, "Total Cost": 0.27, "Plan Rows": 1, "Plan Width": 4, "Index Cond": "(id = mc.company_type_id)"}]}]}, "Unique SQL Id": 2933943827, "Planner Runtime": 6}, "explain_analyze_plan": {"Plan": {"Node Type": "Aggregate", "Strategy": "Plain", "Startup Cost": 19897.43, "Total Cost": 19897.44, "Plan Rows": 1, "Plan Width": 97, "Actual Startup Time": 1044.453, "Actual Total Time": 1044.453, "Actual Rows": 1, "Actual Loops": 1, "Plans": [{"Node Type": "Nested Loop", "Parent Relationship": "Outer", "Join Type": "Inner", "Startup Cost": 0.0, "Total Cost": 19897.42, "Plan Rows": 2, "Plan Width": 33, "Actual Startup Time": 61.95, "Actual Total Time": 1044.352, "Actual Rows": 18, "Actual Loops": 1, "Inner Unique": true, "Plans": [{"Node Type": "Nested Loop", "Parent Relationship": "Outer", "Join Type": "Inner", "Startup Cost": 0.0, "Total Cost": 19896.86, "Plan Rows": 2, "Plan Width": 37, "Actual Startup Time": 12.333, "Actual Total Time": 1044.034, "Actual Rows": 104, "Actual Loops": 1, "Inner Unique": true, "Plans": [{"Node Type": "Nested Loop", "Parent Relationship": "Outer", "Join Type": "Inner", "Startup Cost": 0.0, "Total Cost": 19869.97, "Plan Rows": 5, "Plan Width": 25, "Actual Startup Time": 12.321, "Actual Total Time": 1042.856, "Actual Rows": 112, "Actual Loops": 1, "Inner Unique": true, "Plans": [{"Node Type": "Nested Loop", "Parent Relationship": "Outer", "Join Type": "Inner", "Startup Cost": 0.0, "Total Cost": 19867.87, "Plan Rows": 6, "Plan Width": 16, "Actual Startup Time": 0.86, "Actual Total Time": 1040.304, "Actual Rows": 275, "Actual Loops": 1, "Inner Unique": false, "Join Filter": "(ci.role_id = rt.id)", "Rows Removed by Join Filter": 102, "Plans": [{"Node Type": "Seq Scan", "Parent Relationship": "Outer", "Relation Name": "role_type", "Alias": "rt", "Startup Cost": 0.0, "Total Cost": 1.15, "Plan Rows": 1, "Plan Width": 4, "Actual Startup Time": 0.016, "Actual Total Time": 0.025, "Actual Rows": 1, "Actual Loops": 1, "Filter": "((role)::text = 'actor'::text)", "Rows Removed by Filter": 11}, {"Node Type": "Nested Loop", "Parent Relationship": "Inner", "Join Type": "Inner", "Startup Cost": 0.0, "Total Cost": 19865.87, "Plan Rows": 68, "Plan Width": 20, "Actual Startup Time": 0.837, "Actual Total Time": 1040.014, "Actual Rows": 377, "Actual Loops": 1, "Inner Unique": false, "Plans": [{"Node Type": "Nested Loop", "Parent Relationship": "Outer", "Join Type": "Inner", "Startup Cost": 0.0, "Total Cost": 16121.55, "Plan Rows": 3779, "Plan Width": 8, "Actual Startup Time": 0.057, "Actual Total Time": 114.57, "Actual Rows": 8790, "Actual Loops": 1, "Inner Unique": false, "Plans": [{"Node Type": "Seq Scan", "Parent Relationship": "Outer", "Relation Name": "company_name", "Alias": "cn", "Startup Cost": 0.0, "Total Cost": 5903.45, "Plan Rows": 251, "Plan Width": 4, "Actual Startup Time": 0.036, "Actual Total Time": 85.328, "Actual Rows": 1361, "Actual Loops": 1, "Filter": "((country_code)::text = '[ru]'::text)", "Rows Removed by Filter": 233635}, {"Node Type": "Index Scan", "Parent Relationship": "Inner", "Scan Direction": "Forward", "Index Name": "company_id_movie_companies", "Relation Name": "movie_companies", "Alias": "mc", "Startup Cost": 0.0, "Total Cost": 40.56, "Plan Rows": 15, "Plan Width": 12, "Actual Startup Time": 10.803, "Actual Total Time": 26.091, "Actual Rows": 8790, "Actual Loops": 1361, "Index Cond": "(company_id = cn.id)", "Rows Removed by Index Recheck": 0}]}, {"Node Type": "Index Scan", "Parent Relationship": "Inner", "Scan Direction": "Forward", "Index Name": "movie_id_cast_info", "Relation Name": "cast_info", "Alias": "ci", "Startup Cost": 0.0, "Total Cost": 0.98, "Plan Rows": 1, "Plan Width": 12, "Actual Startup Time": 865.63, "Actual Total Time": 920.19, "Actual Rows": 377, "Actual Loops": 8790, "Index Cond": "(movie_id = mc.movie_id)", "Rows Removed by Index Recheck": 0, "Filter": "(((note)::text ~~ '%(voice)%'::text) AND ((note)::text ~~ '%(uncredited)%'::text))", "Rows Removed by Filter": 408168}]}]}, {"Node Type": "Index Scan", "Parent Relationship": "Inner", "Scan Direction": "Forward", "Index Name": "title_pkey", "Relation Name": "title", "Alias": "t", "Startup Cost": 0.0, "Total Cost": 0.34, "Plan Rows": 1, "Plan Width": 21, "Actual Startup Time": 2.175, "Actual Total Time": 2.175, "Actual Rows": 112, "Actual Loops": 275, "Index Cond": "(id = mc.movie_id)", "Rows Removed by Index Recheck": 0, "Filter": "(production_year > 2005)", "Rows Removed by Filter": 163}]}, {"Node Type": "Index Scan", "Parent Relationship": "Inner", "Scan Direction": "Forward", "Index Name": "char_name_pkey", "Relation Name": "char_name", "Alias": "chn", "Startup Cost": 0.0, "Total Cost": 5.37, "Plan Rows": 1, "Plan Width": 20, "Actual Startup Time": 0.95, "Actual Total Time": 0.95, "Actual Rows": 104, "Actual Loops": 112, "Index Cond": "(id = ci.person_role_id)", "Rows Removed by Index Recheck": 0}]}, {"Node Type": "Index Scan", "Parent Relationship": "Inner", "Scan Direction": "Forward", "Index Name": "company_type_pkey", "Relation Name": "company_type", "Alias": "ct", "Startup Cost": 0.0, "Total Cost": 0.27, "Plan Rows": 1, "Plan Width": 4, "Actual Startup Time": 0.173, "Actual Total Time": 0.173, "Actual Rows": 18, "Actual Loops": 104, "Index Cond": "(id = mc.company_type_id)", "Rows Removed by Index Recheck": 0}]}]}, "Triggers": [], "Planner Runtime": 6, "Total Runtime": 1044.846, "Unique SQL Id": 2933943827}}, "(16, 117)": {"explain_plan": {"Plan": {"Node Type": "Aggregate", "Strategy": "Plain", "Startup Cost": 22688.03, "Total Cost": 22688.04, "Plan Rows": 1, "Plan Width": 97, "Plans": [{"Node Type": "Nested Loop", "Parent Relationship": "Outer", "Join Type": "Inner", "Startup Cost": 2779.29, "Total Cost": 22688.02, "Plan Rows": 2, "Plan Width": 33, "Inner Unique": true, "Plans": [{"Node Type": "Nested Loop", "Parent Relationship": "Outer", "Join Type": "Inner", "Startup Cost": 2779.29, "Total Cost": 22687.46, "Plan Rows": 2, "Plan Width": 37, "Inner Unique": true, "Plans": [{"Node Type": "Nested Loop", "Parent Relationship": "Outer", "Join Type": "Inner", "Startup Cost": 2779.29, "Total Cost": 22660.57, "Plan Rows": 5, "Plan Width": 25, "Inner Unique": true, "Plans": [{"Node Type": "Nested Loop", "Parent Relationship": "Outer", "Join Type": "Inner", "Startup Cost": 2779.29, "Total Cost": 22658.47, "Plan Rows": 6, "Plan Width": 16, "Inner Unique": false, "Join Filter": "(ci.role_id = rt.id)", "Plans": [{"Node Type": "Index Scan", "Parent Relationship": "Outer", "Scan Direction": "Forward", "Index Name": "role_type_pkey", "Relation Name": "role_type", "Alias": "rt", "Startup Cost": 0.0, "Total Cost": 12.46, "Plan Rows": 1, "Plan Width": 4, "Filter": "((role)::text = 'actor'::text)"}, {"Node Type": "Nested Loop", "Parent Relationship": "Inner", "Join Type": "Inner", "Startup Cost": 2779.29, "Total Cost": 22645.16, "Plan Rows": 68, "Plan Width": 20, "Inner Unique": false, "Plans": [{"Node Type": "Nested Loop", "Parent Relationship": "Outer", "Join Type": "Inner", "Startup Cost": 2779.29, "Total Cost": 18900.84, "Plan Rows": 3779, "Plan Width": 8, "Inner Unique": false, "Plans": [{"Node Type": "Bitmap Heap Scan", "Parent Relationship": "Outer", "Relation Name": "company_name", "Alias": "cn", "Startup Cost": 2779.29, "Total Cost": 8682.74, "Plan Rows": 251, "Plan Width": 4, "Filter": "((country_code)::text = '[ru]'::text)", "Plans": [{"Node Type": "Bitmap Index Scan", "Parent Relationship": "Outer", "Index Name": "company_name_pkey", "Startup Cost": 0.0, "Total Cost": 2779.23, "Plan Rows": 234996, "Plan Width": 0}]}, {"Node Type": "Index Scan", "Parent Relationship": "Inner", "Scan Direction": "Forward", "Index Name": "company_id_movie_companies", "Relation Name": "movie_companies", "Alias": "mc", "Startup Cost": 0.0, "Total Cost": 40.56, "Plan Rows": 15, "Plan Width": 12, "Index Cond": "(company_id = cn.id)"}]}, {"Node Type": "Index Scan", "Parent Relationship": "Inner", "Scan Direction": "Forward", "Index Name": "movie_id_cast_info", "Relation Name": "cast_info", "Alias": "ci", "Startup Cost": 0.0, "Total Cost": 0.98, "Plan Rows": 1, "Plan Width": 12, "Index Cond": "(movie_id = mc.movie_id)", "Filter": "(((note)::text ~~ '%(voice)%'::text) AND ((note)::text ~~ '%(uncredited)%'::text))"}]}]}, {"Node Type": "Index Scan", "Parent Relationship": "Inner", "Scan Direction": "Forward", "Index Name": "title_pkey", "Relation Name": "title", "Alias": "t", "Startup Cost": 0.0, "Total Cost": 0.34, "Plan Rows": 1, "Plan Width": 21, "Index Cond": "(id = mc.movie_id)", "Filter": "(production_year > 2005)"}]}, {"Node Type": "Index Scan", "Parent Relationship": "Inner", "Scan Direction": "Forward", "Index Name": "char_name_pkey", "Relation Name": "char_name", "Alias": "chn", "Startup Cost": 0.0, "Total Cost": 5.37, "Plan Rows": 1, "Plan Width": 20, "Index Cond": "(id = ci.person_role_id)"}]}, {"Node Type": "Index Scan", "Parent Relationship": "Inner", "Scan Direction": "Forward", "Index Name": "company_type_pkey", "Relation Name": "company_type", "Alias": "ct", "Startup Cost": 0.0, "Total Cost": 0.27, "Plan Rows": 1, "Plan Width": 4, "Index Cond": "(id = mc.company_type_id)"}]}]}, "Unique SQL Id": 2933943827, "Planner Runtime": 7}, "explain_analyze_plan": {"Plan": {"Node Type": "Aggregate", "Strategy": "Plain", "Startup Cost": 22688.03, "Total Cost": 22688.04, "Plan Rows": 1, "Plan Width": 97, "Actual Startup Time": 1023.647, "Actual Total Time": 1023.647, "Actual Rows": 1, "Actual Loops": 1, "Plans": [{"Node Type": "Nested Loop", "Parent Relationship": "Outer", "Join Type": "Inner", "Startup Cost": 2779.29, "Total Cost": 22688.02, "Plan Rows": 2, "Plan Width": 33, "Actual Startup Time": 89.034, "Actual Total Time": 1023.564, "Actual Rows": 18, "Actual Loops": 1, "Inner Unique": true, "Plans": [{"Node Type": "Nested Loop", "Parent Relationship": "Outer", "Join Type": "Inner", "Startup Cost": 2779.29, "Total Cost": 22687.46, "Plan Rows": 2, "Plan Width": 37, "Actual Startup Time": 38.612, "Actual Total Time": 1023.266, "Actual Rows": 104, "Actual Loops": 1, "Inner Unique": true, "Plans": [{"Node Type": "Nested Loop", "Parent Relationship": "Outer", "Join Type": "Inner", "Startup Cost": 2779.29, "Total Cost": 22660.57, "Plan Rows": 5, "Plan Width": 25, "Actual Startup Time": 38.596, "Actual Total Time": 1022.136, "Actual Rows": 112, "Actual Loops": 1, "Inner Unique": true, "Plans": [{"Node Type": "Nested Loop", "Parent Relationship": "Outer", "Join Type": "Inner", "Startup Cost": 2779.29, "Total Cost": 22658.47, "Plan Rows": 6, "Plan Width": 16, "Actual Startup Time": 26.784, "Actual Total Time": 1019.652, "Actual Rows": 275, "Actual Loops": 1, "Inner Unique": false, "Join Filter": "(ci.role_id = rt.id)", "Rows Removed by Join Filter": 102, "Plans": [{"Node Type": "Index Scan", "Parent Relationship": "Outer", "Scan Direction": "Forward", "Index Name": "role_type_pkey", "Relation Name": "role_type", "Alias": "rt", "Startup Cost": 0.0, "Total Cost": 12.46, "Plan Rows": 1, "Plan Width": 4, "Actual Startup Time": 0.017, "Actual Total Time": 0.027, "Actual Rows": 1, "Actual Loops": 1, "Filter": "((role)::text = 'actor'::text)", "Rows Removed by Filter": 11}, {"Node Type": "Nested Loop", "Parent Relationship": "Inner", "Join Type": "Inner", "Startup Cost": 2779.29, "Total Cost": 22645.16, "Plan Rows": 68, "Plan Width": 20, "Actual Startup Time": 26.759, "Actual Total Time": 1019.379, "Actual Rows": 377, "Actual Loops": 1, "Inner Unique": false, "Plans": [{"Node Type": "Nested Loop", "Parent Relationship": "Outer", "Join Type": "Inner", "Startup Cost": 2779.29, "Total Cost": 18900.84, "Plan Rows": 3779, "Plan Width": 8, "Actual Startup Time": 25.822, "Actual Total Time": 159.973, "Actual Rows": 8790, "Actual Loops": 1, "Inner Unique": false, "Plans": [{"Node Type": "Bitmap Heap Scan", "Parent Relationship": "Outer", "Relation Name": "company_name", "Alias": "cn", "Startup Cost": 2779.29, "Total Cost": 8682.74, "Plan Rows": 251, "Plan Width": 4, "Actual Startup Time": 25.802, "Actual Total Time": 133.775, "Actual Rows": 1361, "Actual Loops": 1, "Filter": "((country_code)::text = '[ru]'::text)", "Rows Removed by Filter": 233635, "Exact Heap Blocks": 2966, "Lossy Heap Blocks": 2966, "Plans": [{"Node Type": "Bitmap Index Scan", "Parent Relationship": "Outer", "Index Name": "company_name_pkey", "Startup Cost": 0.0, "Total Cost": 2779.23, "Plan Rows": 234996, "Plan Width": 0, "Actual Startup Time": 25.339, "Actual Total Time": 25.339, "Actual Rows": 234996, "Actual Loops": 1}]}, {"Node Type": "Index Scan", "Parent Relationship": "Inner", "Scan Direction": "Forward", "Index Name": "company_id_movie_companies", "Relation Name": "movie_companies", "Alias": "mc", "Startup Cost": 0.0, "Total Cost": 40.56, "Plan Rows": 15, "Plan Width": 12, "Actual Startup Time": 9.295, "Actual Total Time": 23.043, "Actual Rows": 8790, "Actual Loops": 1361, "Index Cond": "(company_id = cn.id)", "Rows Removed by Index Recheck": 0}]}, {"Node Type": "Index Scan", "Parent Relationship": "Inner", "Scan Direction": "Forward", "Index Name": "movie_id_cast_info", "Relation Name": "cast_info", "Alias": "ci", "Startup Cost": 0.0, "Total Cost": 0.98, "Plan Rows": 1, "Plan Width": 12, "Actual Startup Time": 802.211, "Actual Total Time": 854.23, "Actual Rows": 377, "Actual Loops": 8790, "Index Cond": "(movie_id = mc.movie_id)", "Rows Removed by Index Recheck": 0, "Filter": "(((note)::text ~~ '%(voice)%'::text) AND ((note)::text ~~ '%(uncredited)%'::text))", "Rows Removed by Filter": 408168}]}]}, {"Node Type": "Index Scan", "Parent Relationship": "Inner", "Scan Direction": "Forward", "Index Name": "title_pkey", "Relation Name": "title", "Alias": "t", "Startup Cost": 0.0, "Total Cost": 0.34, "Plan Rows": 1, "Plan Width": 21, "Actual Startup Time": 2.094, "Actual Total Time": 2.094, "Actual Rows": 112, "Actual Loops": 275, "Index Cond": "(id = mc.movie_id)", "Rows Removed by Index Recheck": 0, "Filter": "(production_year > 2005)", "Rows Removed by Filter": 163}]}, {"Node Type": "Index Scan", "Parent Relationship": "Inner", "Scan Direction": "Forward", "Index Name": "char_name_pkey", "Relation Name": "char_name", "Alias": "chn", "Startup Cost": 0.0, "Total Cost": 5.37, "Plan Rows": 1, "Plan Width": 20, "Actual Startup Time": 0.89, "Actual Total Time": 0.89, "Actual Rows": 104, "Actual Loops": 112, "Index Cond": "(id = ci.person_role_id)", "Rows Removed by Index Recheck": 0}]}, {"Node Type": "Index Scan", "Parent Relationship": "Inner", "Scan Direction": "Forward", "Index Name": "company_type_pkey", "Relation Name": "company_type", "Alias": "ct", "Startup Cost": 0.0, "Total Cost": 0.27, "Plan Rows": 1, "Plan Width": 4, "Actual Startup Time": 0.159, "Actual Total Time": 0.159, "Actual Rows": 18, "Actual Loops": 104, "Index Cond": "(id = mc.company_type_id)", "Rows Removed by Index Recheck": 0}]}]}, "Triggers": [], "Planner Runtime": 7, "Total Runtime": 1024.054, "Unique SQL Id": 2933943827}}, "(16, 118)": {"explain_plan": {"Plan": {"Node Type": "Aggregate", "Strategy": "Plain", "Startup Cost": 38342.48, "Total Cost": 38342.49, "Plan Rows": 1, "Plan Width": 97, "Plans": [{"Node Type": "Nested Loop", "Parent Relationship": "Outer", "Join Type": "Inner", "Startup Cost": 7.4, "Total Cost": 38342.47, "Plan Rows": 2, "Plan Width": 33, "Inner Unique": false, "Join Filter": "(mc.company_type_id = ct.id)", "Plans": [{"Node Type": "Seq Scan", "Parent Relationship": "Outer", "Relation Name": "company_type", "Alias": "ct", "Startup Cost": 0.0, "Total Cost": 1.03, "Plan Rows": 3, "Plan Width": 4}, {"Node Type": "Materialize", "Parent Relationship": "Inner", "Startup Cost": 7.4, "Total Cost": 38341.35, "Plan Rows": 2, "Plan Width": 37, "Plans": [{"Node Type": "Nested Loop", "Parent Relationship": "Outer", "Join Type": "Inner", "Startup Cost": 7.4, "Total Cost": 38341.34, "Plan Rows": 2, "Plan Width": 37, "Inner Unique": true, "Plans": [{"Node Type": "Nested Loop", "Parent Relationship": "Outer", "Join Type": "Inner", "Startup Cost": 7.13, "Total Cost": 38328.45, "Plan Rows": 3, "Plan Width": 28, "Inner Unique": true, "Plans": [{"Node Type": "Nested Loop", "Parent Relationship": "Outer", "Join Type": "Inner", "Startup Cost": 4.83, "Total Cost": 38290.52, "Plan Rows": 6, "Plan Width": 16, "Inner Unique": false, "Join Filter": "(ci.role_id = rt.id)", "Plans": [{"Node Type": "Seq Scan", "Parent Relationship": "Outer", "Relation Name": "role_type", "Alias": "rt", "Startup Cost": 0.0, "Total Cost": 1.15, "Plan Rows": 1, "Plan Width": 4, "Filter": "((role)::text = 'actor'::text)"}, {"Node Type": "Nested Loop", "Parent Relationship": "Inner", "Join Type": "Inner", "Startup Cost": 4.83, "Total Cost": 38288.52, "Plan Rows": 68, "Plan Width": 20, "Inner Unique": false, "Plans": [{"Node Type": "Nested Loop", "Parent Relationship": "Outer", "Join Type": "Inner", "Startup Cost": 4.32, "Total Cost": 20813.55, "Plan Rows": 3779, "Plan Width": 8, "Inner Unique": false, "Plans": [{"Node Type": "Seq Scan", "Parent Relationship": "Outer", "Relation Name": "company_name", "Alias": "cn", "Startup Cost": 0.0, "Total Cost": 5903.45, "Plan Rows": 251, "Plan Width": 4, "Filter": "((country_code)::text = '[ru]'::text)"}, {"Node Type": "Bitmap Heap Scan", "Parent Relationship": "Inner", "Relation Name": "movie_companies", "Alias": "mc", "Startup Cost": 4.32, "Total Cost": 59.25, "Plan Rows": 15, "Plan Width": 12, "Recheck Cond": "(company_id = cn.id)", "Plans": [{"Node Type": "Bitmap Index Scan", "Parent Relationship": "Outer", "Index Name": "company_id_movie_companies", "Startup Cost": 0.0, "Total Cost": 4.31, "Plan Rows": 15, "Plan Width": 0, "Index Cond": "(company_id = cn.id)"}]}]}, {"Node Type": "Bitmap Heap Scan", "Parent Relationship": "Inner", "Relation Name": "cast_info", "Alias": "ci", "Startup Cost": 0.51, "Total Cost": 4.61, "Plan Rows": 1, "Plan Width": 12, "Recheck Cond": "(movie_id = mc.movie_id)", "Filter": "(((note)::text ~~ '%(voice)%'::text) AND ((note)::text ~~ '%(uncredited)%'::text))", "Plans": [{"Node Type": "Bitmap Index Scan", "Parent Relationship": "Outer", "Index Name": "movie_id_cast_info", "Startup Cost": 0.0, "Total Cost": 0.51, "Plan Rows": 6, "Plan Width": 0, "Index Cond": "(movie_id = mc.movie_id)"}]}]}]}, {"Node Type": "Bitmap Heap Scan", "Parent Relationship": "Inner", "Relation Name": "char_name", "Alias": "chn", "Startup Cost": 2.3, "Total Cost": 6.31, "Plan Rows": 1, "Plan Width": 20, "Recheck Cond": "(id = ci.person_role_id)", "Plans": [{"Node Type": "Bitmap Index Scan", "Parent Relationship": "Outer", "Index Name": "char_name_pkey", "Startup Cost": 0.0, "Total Cost": 2.3, "Plan Rows": 1, "Plan Width": 0, "Index Cond": "(id = ci.person_role_id)"}]}]}, {"Node Type": "Bitmap Heap Scan", "Parent Relationship": "Inner", "Relation Name": "title", "Alias": "t", "Startup Cost": 0.27, "Total Cost": 4.29, "Plan Rows": 1, "Plan Width": 21, "Recheck Cond": "(id = mc.movie_id)", "Filter": "(production_year > 2005)", "Plans": [{"Node Type": "Bitmap Index Scan", "Parent Relationship": "Outer", "Index Name": "title_pkey", "Startup Cost": 0.0, "Total Cost": 0.27, "Plan Rows": 1, "Plan Width": 0, "Index Cond": "(id = mc.movie_id)"}]}]}]}]}]}, "Unique SQL Id": 2933943827, "Planner Runtime": 18}, "explain_analyze_plan": {"Plan": {"Node Type": "Aggregate", "Strategy": "Plain", "Startup Cost": 38342.48, "Total Cost": 38342.49, "Plan Rows": 1, "Plan Width": 97, "Actual Startup Time": 1267.969, "Actual Total Time": 1267.969, "Actual Rows": 1, "Actual Loops": 1, "Plans": [{"Node Type": "Nested Loop", "Parent Relationship": "Outer", "Join Type": "Inner", "Startup Cost": 7.4, "Total Cost": 38342.47, "Plan Rows": 2, "Plan Width": 33, "Actual Startup Time": 75.505, "Actual Total Time": 1267.898, "Actual Rows": 18, "Actual Loops": 1, "Inner Unique": false, "Join Filter": "(mc.company_type_id = ct.id)", "Rows Removed by Join Filter": 294, "Plans": [{"Node Type": "Seq Scan", "Parent Relationship": "Outer", "Relation Name": "company_type", "Alias": "ct", "Startup Cost": 0.0, "Total Cost": 1.03, "Plan Rows": 3, "Plan Width": 4, "Actual Startup Time": 0.013, "Actual Total Time": 0.016, "Actual Rows": 3, "Actual Loops": 1}, {"Node Type": "Materialize", "Parent Relationship": "Inner", "Startup Cost": 7.4, "Total Cost": 38341.35, "Plan Rows": 2, "Plan Width": 37, "Actual Startup Time": 15.278, "Actual Total Time": 1267.723, "Actual Rows": 312, "Actual Loops": 3, "Plans": [{"Node Type": "Nested Loop", "Parent Relationship": "Outer", "Join Type": "Inner", "Startup Cost": 7.4, "Total Cost": 38341.34, "Plan Rows": 2, "Plan Width": 37, "Actual Startup Time": 15.271, "Actual Total Time": 1267.569, "Actual Rows": 104, "Actual Loops": 1, "Inner Unique": true, "Plans": [{"Node Type": "Nested Loop", "Parent Relationship": "Outer", "Join Type": "Inner", "Startup Cost": 7.13, "Total Cost": 38328.45, "Plan Rows": 3, "Plan Width": 28, "Actual Startup Time": 1.113, "Actual Total Time": 1264.658, "Actual Rows": 265, "Actual Loops": 1, "Inner Unique": true, "Plans": [{"Node Type": "Nested Loop", "Parent Relationship": "Outer", "Join Type": "Inner", "Startup Cost": 4.83, "Total Cost": 38290.52, "Plan Rows": 6, "Plan Width": 16, "Actual Startup Time": 1.098, "Actual Total Time": 1261.302, "Actual Rows": 275, "Actual Loops": 1, "Inner Unique": false, "Join Filter": "(ci.role_id = rt.id)", "Rows Removed by Join Filter": 102, "Plans": [{"Node Type": "Seq Scan", "Parent Relationship": "Outer", "Relation Name": "role_type", "Alias": "rt", "Startup Cost": 0.0, "Total Cost": 1.15, "Plan Rows": 1, "Plan Width": 4, "Actual Startup Time": 0.018, "Actual Total Time": 0.025, "Actual Rows": 1, "Actual Loops": 1, "Filter": "((role)::text = 'actor'::text)", "Rows Removed by Filter": 11}, {"Node Type": "Nested Loop", "Parent Relationship": "Inner", "Join Type": "Inner", "Startup Cost": 4.83, "Total Cost": 38288.52, "Plan Rows": 68, "Plan Width": 20, "Actual Startup Time": 1.073, "Actual Total Time": 1261.057, "Actual Rows": 377, "Actual Loops": 1, "Inner Unique": false, "Plans": [{"Node Type": "Nested Loop", "Parent Relationship": "Outer", "Join Type": "Inner", "Startup Cost": 4.32, "Total Cost": 20813.55, "Plan Rows": 3779, "Plan Width": 8, "Actual Startup Time": 0.09, "Actual Total Time": 122.723, "Actual Rows": 8790, "Actual Loops": 1, "Inner Unique": false, "Plans": [{"Node Type": "Seq Scan", "Parent Relationship": "Outer", "Relation Name": "company_name", "Alias": "cn", "Startup Cost": 0.0, "Total Cost": 5903.45, "Plan Rows": 251, "Plan Width": 4, "Actual Startup Time": 0.045, "Actual Total Time": 85.602, "Actual Rows": 1361, "Actual Loops": 1, "Filter": "((country_code)::text = '[ru]'::text)", "Rows Removed by Filter": 233635}, {"Node Type": "Bitmap Heap Scan", "Parent Relationship": "Inner", "Relation Name": "movie_companies", "Alias": "mc", "Startup Cost": 4.32, "Total Cost": 59.25, "Plan Rows": 15, "Plan Width": 12, "Actual Startup Time": 15.128, "Actual Total Time": 32.564, "Actual Rows": 8790, "Actual Loops": 1361, "Recheck Cond": "(company_id = cn.id)", "Rows Removed by Index Recheck": 0, "Exact Heap Blocks": 7155, "Lossy Heap Blocks": 7155, "Plans": [{"Node Type": "Bitmap Index Scan", "Parent Relationship": "Outer", "Index Name": "company_id_movie_companies", "Startup Cost": 0.0, "Total Cost": 4.31, "Plan Rows": 15, "Plan Width": 0, "Actual Startup Time": 9.696, "Actual Total Time": 9.696, "Actual Rows": 8790, "Actual Loops": 1361, "Index Cond": "(company_id = cn.id)"}]}]}, {"Node Type": "Bitmap Heap Scan", "Parent Relationship": "Inner", "Relation Name": "cast_info", "Alias": "ci", "Startup Cost": 0.51, "Total Cost": 4.61, "Plan Rows": 1, "Plan Width": 12, "Actual Startup Time": 1062.4, "Actual Total Time": 1123.634, "Actual Rows": 377, "Actual Loops": 8790, "Recheck Cond": "(movie_id = mc.movie_id)", "Rows Removed by Index Recheck": 0, "Filter": "(((note)::text ~~ '%(voice)%'::text) AND ((note)::text ~~ '%(uncredited)%'::text))", "Rows Removed by Filter": 408168, "Exact Heap Blocks": 397651, "Lossy Heap Blocks": 397651, "Plans": [{"Node Type": "Bitmap Index Scan", "Parent Relationship": "Outer", "Index Name": "movie_id_cast_info", "Startup Cost": 0.0, "Total Cost": 0.51, "Plan Rows": 6, "Plan Width": 0, "Actual Startup Time": 138.568, "Actual Total Time": 138.568, "Actual Rows": 408545, "Actual Loops": 8790, "Index Cond": "(movie_id = mc.movie_id)"}]}]}]}, {"Node Type": "Bitmap Heap Scan", "Parent Relationship": "Inner", "Relation Name": "char_name", "Alias": "chn", "Startup Cost": 2.3, "Total Cost": 6.31, "Plan Rows": 1, "Plan Width": 20, "Actual Startup Time": 2.698, "Actual Total Time": 2.698, "Actual Rows": 265, "Actual Loops": 275, "Recheck Cond": "(id = ci.person_role_id)", "Rows Removed by Index Recheck": 0, "Exact Heap Blocks": 265, "Lossy Heap Blocks": 265, "Plans": [{"Node Type": "Bitmap Index Scan", "Parent Relationship": "Outer", "Index Name": "char_name_pkey", "Startup Cost": 0.0, "Total Cost": 2.3, "Plan Rows": 1, "Plan Width": 0, "Actual Startup Time": 1.832, "Actual Total Time": 1.832, "Actual Rows": 265, "Actual Loops": 275, "Index Cond": "(id = ci.person_role_id)"}]}]}, {"Node Type": "Bitmap Heap Scan", "Parent Relationship": "Inner", "Relation Name": "title", "Alias": "t", "Startup Cost": 0.27, "Total Cost": 4.29, "Plan Rows": 1, "Plan Width": 21, "Actual Startup Time": 2.399, "Actual Total Time": 2.399, "Actual Rows": 104, "Actual Loops": 265, "Recheck Cond": "(id = mc.movie_id)", "Rows Removed by Index Recheck": 0, "Filter": "(production_year > 2005)", "Rows Removed by Filter": 161, "Exact Heap Blocks": 265, "Lossy Heap Blocks": 265, "Plans": [{"Node Type": "Bitmap Index Scan", "Parent Relationship": "Outer", "Index Name": "title_pkey", "Startup Cost": 0.0, "Total Cost": 0.27, "Plan Rows": 1, "Plan Width": 0, "Actual Startup Time": 1.54, "Actual Total Time": 1.54, "Actual Rows": 265, "Actual Loops": 265, "Index Cond": "(id = mc.movie_id)"}]}]}]}]}]}, "Triggers": [], "Planner Runtime": 18, "Total Runtime": 1268.406, "Unique SQL Id": 2933943827}}, "(16, 119)": {"explain_plan": {"Plan": {"Node Type": "Aggregate", "Strategy": "Plain", "Startup Cost": 41418.46, "Total Cost": 41418.47, "Plan Rows": 1, "Plan Width": 97, "Plans": [{"Node Type": "Nested Loop", "Parent Relationship": "Outer", "Join Type": "Inner", "Startup Cost": 2787.21, "Total Cost": 41418.45, "Plan Rows": 2, "Plan Width": 33, "Inner Unique": true, "Plans": [{"Node Type": "Nested Loop", "Parent Relationship": "Outer", "Join Type": "Inner", "Startup Cost": 2786.95, "Total Cost": 41409.89, "Plan Rows": 2, "Plan Width": 37, "Inner Unique": true, "Plans": [{"Node Type": "Nested Loop", "Parent Relationship": "Outer", "Join Type": "Inner", "Startup Cost": 2786.68, "Total Cost": 41397.0, "Plan Rows": 3, "Plan Width": 28, "Inner Unique": true, "Plans": [{"Node Type": "Nested Loop", "Parent Relationship": "Outer", "Join Type": "Inner", "Startup Cost": 2784.38, "Total Cost": 41359.07, "Plan Rows": 6, "Plan Width": 16, "Inner Unique": true, "Plans": [{"Node Type": "Nested Loop", "Parent Relationship": "Outer", "Join Type": "Inner", "Startup Cost": 2784.12, "Total Cost": 41067.82, "Plan Rows": 68, "Plan Width": 20, "Inner Unique": false, "Plans": [{"Node Type": "Nested Loop", "Parent Relationship": "Outer", "Join Type": "Inner", "Startup Cost": 2783.61, "Total Cost": 23592.84, "Plan Rows": 3779, "Plan Width": 8, "Inner Unique": false, "Plans": [{"Node Type": "Bitmap Heap Scan", "Parent Relationship": "Outer", "Relation Name": "company_name", "Alias": "cn", "Startup Cost": 2779.29, "Total Cost": 8682.74, "Plan Rows": 251, "Plan Width": 4, "Filter": "((country_code)::text = '[ru]'::text)", "Plans": [{"Node Type": "Bitmap Index Scan", "Parent Relationship": "Outer", "Index Name": "company_name_pkey", "Startup Cost": 0.0, "Total Cost": 2779.23, "Plan Rows": 234996, "Plan Width": 0}]}, {"Node Type": "Bitmap Heap Scan", "Parent Relationship": "Inner", "Relation Name": "movie_companies", "Alias": "mc", "Startup Cost": 4.32, "Total Cost": 59.25, "Plan Rows": 15, "Plan Width": 12, "Recheck Cond": "(company_id = cn.id)", "Plans": [{"Node Type": "Bitmap Index Scan", "Parent Relationship": "Outer", "Index Name": "company_id_movie_companies", "Startup Cost": 0.0, "Total Cost": 4.31, "Plan Rows": 15, "Plan Width": 0, "Index Cond": "(company_id = cn.id)"}]}]}, {"Node Type": "Bitmap Heap Scan", "Parent Relationship": "Inner", "Relation Name": "cast_info", "Alias": "ci", "Startup Cost": 0.51, "Total Cost": 4.61, "Plan Rows": 1, "Plan Width": 12, "Recheck Cond": "(movie_id = mc.movie_id)", "Filter": "(((note)::text ~~ '%(voice)%'::text) AND ((note)::text ~~ '%(uncredited)%'::text))", "Plans": [{"Node Type": "Bitmap Index Scan", "Parent Relationship": "Outer", "Index Name": "movie_id_cast_info", "Startup Cost": 0.0, "Total Cost": 0.51, "Plan Rows": 6, "Plan Width": 0, "Index Cond": "(movie_id = mc.movie_id)"}]}]}, {"Node Type": "Bitmap Heap Scan", "Parent Relationship": "Inner", "Relation Name": "role_type", "Alias": "rt", "Startup Cost": 0.26, "Total Cost": 4.27, "Plan Rows": 1, "Plan Width": 4, "Recheck Cond": "(id = ci.role_id)", "Filter": "((role)::text = 'actor'::text)", "Plans": [{"Node Type": "Bitmap Index Scan", "Parent Relationship": "Outer", "Index Name": "role_type_pkey", "Startup Cost": 0.0, "Total Cost": 0.26, "Plan Rows": 1, "Plan Width": 0, "Index Cond": "(id = ci.role_id)"}]}]}, {"Node Type": "Bitmap Heap Scan", "Parent Relationship": "Inner", "Relation Name": "char_name", "Alias": "chn", "Startup Cost": 2.3, "Total Cost": 6.31, "Plan Rows": 1, "Plan Width": 20, "Recheck Cond": "(id = ci.person_role_id)", "Plans": [{"Node Type": "Bitmap Index Scan", "Parent Relationship": "Outer", "Index Name": "char_name_pkey", "Startup Cost": 0.0, "Total Cost": 2.3, "Plan Rows": 1, "Plan Width": 0, "Index Cond": "(id = ci.person_role_id)"}]}]}, {"Node Type": "Bitmap Heap Scan", "Parent Relationship": "Inner", "Relation Name": "title", "Alias": "t", "Startup Cost": 0.27, "Total Cost": 4.29, "Plan Rows": 1, "Plan Width": 21, "Recheck Cond": "(id = mc.movie_id)", "Filter": "(production_year > 2005)", "Plans": [{"Node Type": "Bitmap Index Scan", "Parent Relationship": "Outer", "Index Name": "title_pkey", "Startup Cost": 0.0, "Total Cost": 0.27, "Plan Rows": 1, "Plan Width": 0, "Index Cond": "(id = mc.movie_id)"}]}]}, {"Node Type": "Bitmap Heap Scan", "Parent Relationship": "Inner", "Relation Name": "company_type", "Alias": "ct", "Startup Cost": 0.26, "Total Cost": 4.27, "Plan Rows": 1, "Plan Width": 4, "Recheck Cond": "(id = mc.company_type_id)", "Plans": [{"Node Type": "Bitmap Index Scan", "Parent Relationship": "Outer", "Index Name": "company_type_pkey", "Startup Cost": 0.0, "Total Cost": 0.26, "Plan Rows": 1, "Plan Width": 0, "Index Cond": "(id = mc.company_type_id)"}]}]}]}, "Unique SQL Id": 2933943827, "Planner Runtime": 6}, "explain_analyze_plan": {"Plan": {"Node Type": "Aggregate", "Strategy": "Plain", "Startup Cost": 41418.46, "Total Cost": 41418.47, "Plan Rows": 1, "Plan Width": 97, "Actual Startup Time": 1197.675, "Actual Total Time": 1197.675, "Actual Rows": 1, "Actual Loops": 1, "Plans": [{"Node Type": "Nested Loop", "Parent Relationship": "Outer", "Join Type": "Inner", "Startup Cost": 2787.21, "Total Cost": 41418.45, "Plan Rows": 2, "Plan Width": 33, "Actual Startup Time": 99.205, "Actual Total Time": 1197.571, "Actual Rows": 18, "Actual Loops": 1, "Inner Unique": true, "Plans": [{"Node Type": "Nested Loop", "Parent Relationship": "Outer", "Join Type": "Inner", "Startup Cost": 2786.95, "Total Cost": 41409.89, "Plan Rows": 2, "Plan Width": 37, "Actual Startup Time": 42.334, "Actual Total Time": 1197.028, "Actual Rows": 104, "Actual Loops": 1, "Inner Unique": true, "Plans": [{"Node Type": "Nested Loop", "Parent Relationship": "Outer", "Join Type": "Inner", "Startup Cost": 2786.68, "Total Cost": 41397.0, "Plan Rows": 3, "Plan Width": 28, "Actual Startup Time": 27.449, "Actual Total Time": 1194.263, "Actual Rows": 265, "Actual Loops": 1, "Inner Unique": true, "Plans": [{"Node Type": "Nested Loop", "Parent Relationship": "Outer", "Join Type": "Inner", "Startup Cost": 2784.38, "Total Cost": 41359.07, "Plan Rows": 6, "Plan Width": 16, "Actual Startup Time": 27.428, "Actual Total Time": 1191.216, "Actual Rows": 275, "Actual Loops": 1, "Inner Unique": true, "Plans": [{"Node Type": "Nested Loop", "Parent Relationship": "Outer", "Join Type": "Inner", "Startup Cost": 2784.12, "Total Cost": 41067.82, "Plan Rows": 68, "Plan Width": 20, "Actual Startup Time": 27.408, "Actual Total Time": 1188.638, "Actual Rows": 377, "Actual Loops": 1, "Inner Unique": false, "Plans": [{"Node Type": "Nested Loop", "Parent Relationship": "Outer", "Join Type": "Inner", "Startup Cost": 2783.61, "Total Cost": 23592.84, "Plan Rows": 3779, "Plan Width": 8, "Actual Startup Time": 26.16, "Actual Total Time": 182.006, "Actual Rows": 8790, "Actual Loops": 1, "Inner Unique": false, "Plans": [{"Node Type": "Bitmap Heap Scan", "Parent Relationship": "Outer", "Relation Name": "company_name", "Alias": "cn", "Startup Cost": 2779.29, "Total Cost": 8682.74, "Plan Rows": 251, "Plan Width": 4, "Actual Startup Time": 26.111, "Actual Total Time": 148.164, "Actual Rows": 1361, "Actual Loops": 1, "Filter": "((country_code)::text = '[ru]'::text)", "Rows Removed by Filter": 233635, "Exact Heap Blocks": 2966, "Lossy Heap Blocks": 2966, "Plans": [{"Node Type": "Bitmap Index Scan", "Parent Relationship": "Outer", "Index Name": "company_name_pkey", "Startup Cost": 0.0, "Total Cost": 2779.23, "Plan Rows": 234996, "Plan Width": 0, "Actual Startup Time": 25.617, "Actual Total Time": 25.617, "Actual Rows": 234996, "Actual Loops": 1}]}, {"Node Type": "Bitmap Heap Scan", "Parent Relationship": "Inner", "Relation Name": "movie_companies", "Alias": "mc", "Startup Cost": 4.32, "Total Cost": 59.25, "Plan Rows": 15, "Plan Width": 12, "Actual Startup Time": 14.449, "Actual Total Time": 29.008, "Actual Rows": 8790, "Actual Loops": 1361, "Recheck Cond": "(company_id = cn.id)", "Rows Removed by Index Recheck": 0, "Exact Heap Blocks": 7155, "Lossy Heap Blocks": 7155, "Plans": [{"Node Type": "Bitmap Index Scan", "Parent Relationship": "Outer", "Index Name": "company_id_movie_companies", "Startup Cost": 0.0, "Total Cost": 4.31, "Plan Rows": 15, "Plan Width": 0, "Actual Startup Time": 9.127, "Actual Total Time": 9.127, "Actual Rows": 8790, "Actual Loops": 1361, "Index Cond": "(company_id = cn.id)"}]}]}, {"Node Type": "Bitmap Heap Scan", "Parent Relationship": "Inner", "Relation Name": "cast_info", "Alias": "ci", "Startup Cost": 0.51, "Total Cost": 4.61, "Plan Rows": 1, "Plan Width": 12, "Actual Startup Time": 938.519, "Actual Total Time": 990.4, "Actual Rows": 377, "Actual Loops": 8790, "Recheck Cond": "(movie_id = mc.movie_id)", "Rows Removed by Index Recheck": 0, "Filter": "(((note)::text ~~ '%(voice)%'::text) AND ((note)::text ~~ '%(uncredited)%'::text))", "Rows Removed by Filter": 408168, "Exact Heap Blocks": 397651, "Lossy Heap Blocks": 397651, "Plans": [{"Node Type": "Bitmap Index Scan", "Parent Relationship": "Outer", "Index Name": "movie_id_cast_info", "Startup Cost": 0.0, "Total Cost": 0.51, "Plan Rows": 6, "Plan Width": 0, "Actual Startup Time": 127.518, "Actual Total Time": 127.518, "Actual Rows": 408545, "Actual Loops": 8790, "Index Cond": "(movie_id = mc.movie_id)"}]}]}, {"Node Type": "Bitmap Heap Scan", "Parent Relationship": "Inner", "Relation Name": "role_type", "Alias": "rt", "Startup Cost": 0.26, "Total Cost": 4.27, "Plan Rows": 1, "Plan Width": 4, "Actual Startup Time": 1.696, "Actual Total Time": 1.696, "Actual Rows": 275, "Actual Loops": 377, "Recheck Cond": "(id = ci.role_id)", "Rows Removed by Index Recheck": 0, "Filter": "((role)::text = 'actor'::text)", "Rows Removed by Filter": 102, "Exact Heap Blocks": 377, "Lossy Heap Blocks": 377, "Plans": [{"Node Type": "Bitmap Index Scan", "Parent Relationship": "Outer", "Index Name": "role_type_pkey", "Startup Cost": 0.0, "Total Cost": 0.26, "Plan Rows": 1, "Plan Width": 0, "Actual Startup Time": 0.653, "Actual Total Time": 0.653, "Actual Rows": 377, "Actual Loops": 377, "Index Cond": "(id = ci.role_id)"}]}]}, {"Node Type": "Bitmap Heap Scan", "Parent Relationship": "Inner", "Relation Name": "char_name", "Alias": "chn", "Startup Cost": 2.3, "Total Cost": 6.31, "Plan Rows": 1, "Plan Width": 20, "Actual Startup Time": 2.327, "Actual Total Time": 2.327, "Actual Rows": 265, "Actual Loops": 275, "Recheck Cond": "(id = ci.person_role_id)", "Rows Removed by Index Recheck": 0, "Exact Heap Blocks": 265, "Lossy Heap Blocks": 265, "Plans": [{"Node Type": "Bitmap Index Scan", "Parent Relationship": "Outer", "Index Name": "char_name_pkey", "Startup Cost": 0.0, "Total Cost": 2.3, "Plan Rows": 1, "Plan Width": 0, "Actual Startup Time": 1.574, "Actual Total Time": 1.574, "Actual Rows": 265, "Actual Loops": 275, "Index Cond": "(id = ci.person_role_id)"}]}]}, {"Node Type": "Bitmap Heap Scan", "Parent Relationship": "Inner", "Relation Name": "title", "Alias": "t", "Startup Cost": 0.27, "Total Cost": 4.29, "Plan Rows": 1, "Plan Width": 21, "Actual Startup Time": 2.169, "Actual Total Time": 2.169, "Actual Rows": 104, "Actual Loops": 265, "Recheck Cond": "(id = mc.movie_id)", "Rows Removed by Index Recheck": 0, "Filter": "(production_year > 2005)", "Rows Removed by Filter": 161, "Exact Heap Blocks": 265, "Lossy Heap Blocks": 265, "Plans": [{"Node Type": "Bitmap Index Scan", "Parent Relationship": "Outer", "Index Name": "title_pkey", "Startup Cost": 0.0, "Total Cost": 0.27, "Plan Rows": 1, "Plan Width": 0, "Actual Startup Time": 1.333, "Actual Total Time": 1.333, "Actual Rows": 265, "Actual Loops": 265, "Index Cond": "(id = mc.movie_id)"}]}]}, {"Node Type": "Bitmap Heap Scan", "Parent Relationship": "Inner", "Relation Name": "company_type", "Alias": "ct", "Startup Cost": 0.26, "Total Cost": 4.27, "Plan Rows": 1, "Plan Width": 4, "Actual Startup Time": 0.281, "Actual Total Time": 0.281, "Actual Rows": 18, "Actual Loops": 104, "Recheck Cond": "(id = mc.company_type_id)", "Rows Removed by Index Recheck": 0, "Exact Heap Blocks": 18, "Lossy Heap Blocks": 18, "Plans": [{"Node Type": "Bitmap Index Scan", "Parent Relationship": "Outer", "Index Name": "company_type_pkey", "Startup Cost": 0.0, "Total Cost": 0.26, "Plan Rows": 1, "Plan Width": 0, "Actual Startup Time": 0.155, "Actual Total Time": 0.155, "Actual Rows": 18, "Actual Loops": 104, "Index Cond": "(id = mc.company_type_id)"}]}]}]}, "Triggers": [], "Planner Runtime": 6, "Total Runtime": 1198.112, "Unique SQL Id": 2933943827}}, "(16, 120)": {"explain_plan": {"Plan": {"Node Type": "Aggregate", "Strategy": "Plain", "Startup Cost": 19897.43, "Total Cost": 19897.44, "Plan Rows": 1, "Plan Width": 97, "Plans": [{"Node Type": "Nested Loop", "Parent Relationship": "Outer", "Join Type": "Inner", "Startup Cost": 0.0, "Total Cost": 19897.42, "Plan Rows": 2, "Plan Width": 33, "Inner Unique": true, "Plans": [{"Node Type": "Nested Loop", "Parent Relationship": "Outer", "Join Type": "Inner", "Startup Cost": 0.0, "Total Cost": 19896.86, "Plan Rows": 2, "Plan Width": 37, "Inner Unique": true, "Plans": [{"Node Type": "Nested Loop", "Parent Relationship": "Outer", "Join Type": "Inner", "Startup Cost": 0.0, "Total Cost": 19869.97, "Plan Rows": 5, "Plan Width": 25, "Inner Unique": true, "Plans": [{"Node Type": "Nested Loop", "Parent Relationship": "Outer", "Join Type": "Inner", "Startup Cost": 0.0, "Total Cost": 19867.87, "Plan Rows": 6, "Plan Width": 16, "Inner Unique": false, "Join Filter": "(ci.role_id = rt.id)", "Plans": [{"Node Type": "Seq Scan", "Parent Relationship": "Outer", "Relation Name": "role_type", "Alias": "rt", "Startup Cost": 0.0, "Total Cost": 1.15, "Plan Rows": 1, "Plan Width": 4, "Filter": "((role)::text = 'actor'::text)"}, {"Node Type": "Nested Loop", "Parent Relationship": "Inner", "Join Type": "Inner", "Startup Cost": 0.0, "Total Cost": 19865.87, "Plan Rows": 68, "Plan Width": 20, "Inner Unique": false, "Plans": [{"Node Type": "Nested Loop", "Parent Relationship": "Outer", "Join Type": "Inner", "Startup Cost": 0.0, "Total Cost": 16121.55, "Plan Rows": 3779, "Plan Width": 8, "Inner Unique": false, "Plans": [{"Node Type": "Seq Scan", "Parent Relationship": "Outer", "Relation Name": "company_name", "Alias": "cn", "Startup Cost": 0.0, "Total Cost": 5903.45, "Plan Rows": 251, "Plan Width": 4, "Filter": "((country_code)::text = '[ru]'::text)"}, {"Node Type": "Index Scan", "Parent Relationship": "Inner", "Scan Direction": "Forward", "Index Name": "company_id_movie_companies", "Relation Name": "movie_companies", "Alias": "mc", "Startup Cost": 0.0, "Total Cost": 40.56, "Plan Rows": 15, "Plan Width": 12, "Index Cond": "(company_id = cn.id)"}]}, {"Node Type": "Index Scan", "Parent Relationship": "Inner", "Scan Direction": "Forward", "Index Name": "movie_id_cast_info", "Relation Name": "cast_info", "Alias": "ci", "Startup Cost": 0.0, "Total Cost": 0.98, "Plan Rows": 1, "Plan Width": 12, "Index Cond": "(movie_id = mc.movie_id)", "Filter": "(((note)::text ~~ '%(voice)%'::text) AND ((note)::text ~~ '%(uncredited)%'::text))"}]}]}, {"Node Type": "Index Scan", "Parent Relationship": "Inner", "Scan Direction": "Forward", "Index Name": "title_pkey", "Relation Name": "title", "Alias": "t", "Startup Cost": 0.0, "Total Cost": 0.34, "Plan Rows": 1, "Plan Width": 21, "Index Cond": "(id = mc.movie_id)", "Filter": "(production_year > 2005)"}]}, {"Node Type": "Index Scan", "Parent Relationship": "Inner", "Scan Direction": "Forward", "Index Name": "char_name_pkey", "Relation Name": "char_name", "Alias": "chn", "Startup Cost": 0.0, "Total Cost": 5.37, "Plan Rows": 1, "Plan Width": 20, "Index Cond": "(id = ci.person_role_id)"}]}, {"Node Type": "Index Only Scan", "Parent Relationship": "Inner", "Scan Direction": "Forward", "Index Name": "company_type_pkey", "Relation Name": "company_type", "Alias": "ct", "Startup Cost": 0.0, "Total Cost": 0.27, "Plan Rows": 1, "Plan Width": 4, "Index Cond": "(id = mc.company_type_id)"}]}]}, "Unique SQL Id": 2933943827, "Planner Runtime": 6}, "explain_analyze_plan": {"Plan": {"Node Type": "Aggregate", "Strategy": "Plain", "Startup Cost": 19897.43, "Total Cost": 19897.44, "Plan Rows": 1, "Plan Width": 97, "Actual Startup Time": 752.517, "Actual Total Time": 752.517, "Actual Rows": 1, "Actual Loops": 1, "Plans": [{"Node Type": "Nested Loop", "Parent Relationship": "Outer", "Join Type": "Inner", "Startup Cost": 0.0, "Total Cost": 19897.42, "Plan Rows": 2, "Plan Width": 33, "Actual Startup Time": 42.918, "Actual Total Time": 752.405, "Actual Rows": 18, "Actual Loops": 1, "Inner Unique": true, "Plans": [{"Node Type": "Nested Loop", "Parent Relationship": "Outer", "Join Type": "Inner", "Startup Cost": 0.0, "Total Cost": 19896.86, "Plan Rows": 2, "Plan Width": 37, "Actual Startup Time": 9.466, "Actual Total Time": 752.096, "Actual Rows": 104, "Actual Loops": 1, "Inner Unique": true, "Plans": [{"Node Type": "Nested Loop", "Parent Relationship": "Outer", "Join Type": "Inner", "Startup Cost": 0.0, "Total Cost": 19869.97, "Plan Rows": 5, "Plan Width": 25, "Actual Startup Time": 9.456, "Actual Total Time": 751.256, "Actual Rows": 112, "Actual Loops": 1, "Inner Unique": true, "Plans": [{"Node Type": "Nested Loop", "Parent Relationship": "Outer", "Join Type": "Inner", "Startup Cost": 0.0, "Total Cost": 19867.87, "Plan Rows": 6, "Plan Width": 16, "Actual Startup Time": 0.862, "Actual Total Time": 749.228, "Actual Rows": 275, "Actual Loops": 1, "Inner Unique": false, "Join Filter": "(ci.role_id = rt.id)", "Rows Removed by Join Filter": 102, "Plans": [{"Node Type": "Seq Scan", "Parent Relationship": "Outer", "Relation Name": "role_type", "Alias": "rt", "Startup Cost": 0.0, "Total Cost": 1.15, "Plan Rows": 1, "Plan Width": 4, "Actual Startup Time": 0.024, "Actual Total Time": 0.03, "Actual Rows": 1, "Actual Loops": 1, "Filter": "((role)::text = 'actor'::text)", "Rows Removed by Filter": 11}, {"Node Type": "Nested Loop", "Parent Relationship": "Inner", "Join Type": "Inner", "Startup Cost": 0.0, "Total Cost": 19865.87, "Plan Rows": 68, "Plan Width": 20, "Actual Startup Time": 0.831, "Actual Total Time": 748.935, "Actual Rows": 377, "Actual Loops": 1, "Inner Unique": false, "Plans": [{"Node Type": "Nested Loop", "Parent Relationship": "Outer", "Join Type": "Inner", "Startup Cost": 0.0, "Total Cost": 16121.55, "Plan Rows": 3779, "Plan Width": 8, "Actual Startup Time": 0.059, "Actual Total Time": 101.306, "Actual Rows": 8790, "Actual Loops": 1, "Inner Unique": false, "Plans": [{"Node Type": "Seq Scan", "Parent Relationship": "Outer", "Relation Name": "company_name", "Alias": "cn", "Startup Cost": 0.0, "Total Cost": 5903.45, "Plan Rows": 251, "Plan Width": 4, "Actual Startup Time": 0.039, "Actual Total Time": 80.246, "Actual Rows": 1361, "Actual Loops": 1, "Filter": "((country_code)::text = '[ru]'::text)", "Rows Removed by Filter": 233635}, {"Node Type": "Index Scan", "Parent Relationship": "Inner", "Scan Direction": "Forward", "Index Name": "company_id_movie_companies", "Relation Name": "movie_companies", "Alias": "mc", "Startup Cost": 0.0, "Total Cost": 40.56, "Plan Rows": 15, "Plan Width": 12, "Actual Startup Time": 7.856, "Actual Total Time": 17.976, "Actual Rows": 8790, "Actual Loops": 1361, "Index Cond": "(company_id = cn.id)", "Rows Removed by Index Recheck": 0}]}, {"Node Type": "Index Scan", "Parent Relationship": "Inner", "Scan Direction": "Forward", "Index Name": "movie_id_cast_info", "Relation Name": "cast_info", "Alias": "ci", "Startup Cost": 0.0, "Total Cost": 0.98, "Plan Rows": 1, "Plan Width": 12, "Actual Startup Time": 604.989, "Actual Total Time": 642.377, "Actual Rows": 377, "Actual Loops": 8790, "Index Cond": "(movie_id = mc.movie_id)", "Rows Removed by Index Recheck": 0, "Filter": "(((note)::text ~~ '%(voice)%'::text) AND ((note)::text ~~ '%(uncredited)%'::text))", "Rows Removed by Filter": 408168}]}]}, {"Node Type": "Index Scan", "Parent Relationship": "Inner", "Scan Direction": "Forward", "Index Name": "title_pkey", "Relation Name": "title", "Alias": "t", "Startup Cost": 0.0, "Total Cost": 0.34, "Plan Rows": 1, "Plan Width": 21, "Actual Startup Time": 1.632, "Actual Total Time": 1.632, "Actual Rows": 112, "Actual Loops": 275, "Index Cond": "(id = mc.movie_id)", "Rows Removed by Index Recheck": 0, "Filter": "(production_year > 2005)", "Rows Removed by Filter": 163}]}, {"Node Type": "Index Scan", "Parent Relationship": "Inner", "Scan Direction": "Forward", "Index Name": "char_name_pkey", "Relation Name": "char_name", "Alias": "chn", "Startup Cost": 0.0, "Total Cost": 5.37, "Plan Rows": 1, "Plan Width": 20, "Actual Startup Time": 0.628, "Actual Total Time": 0.628, "Actual Rows": 104, "Actual Loops": 112, "Index Cond": "(id = ci.person_role_id)", "Rows Removed by Index Recheck": 0}]}, {"Node Type": "Index Only Scan", "Parent Relationship": "Inner", "Scan Direction": "Forward", "Index Name": "company_type_pkey", "Relation Name": "company_type", "Alias": "ct", "Startup Cost": 0.0, "Total Cost": 0.27, "Plan Rows": 1, "Plan Width": 4, "Actual Startup Time": 0.179, "Actual Total Time": 0.179, "Actual Rows": 18, "Actual Loops": 104, "Index Cond": "(id = mc.company_type_id)", "Rows Removed by Index Recheck": 0, "Heap Fetches": 0}]}]}, "Triggers": [], "Planner Runtime": 6, "Total Runtime": 752.901, "Unique SQL Id": 2933943827}}, "(16, 121)": {"explain_plan": {"Plan": {"Node Type": "Aggregate", "Strategy": "Plain", "Startup Cost": 24506.67, "Total Cost": 24506.68, "Plan Rows": 1, "Plan Width": 97, "Plans": [{"Node Type": "Nested Loop", "Parent Relationship": "Outer", "Join Type": "Inner", "Startup Cost": 0.0, "Total Cost": 24506.66, "Plan Rows": 2, "Plan Width": 33, "Inner Unique": true, "Plans": [{"Node Type": "Nested Loop", "Parent Relationship": "Outer", "Join Type": "Inner", "Startup Cost": 0.0, "Total Cost": 24506.1, "Plan Rows": 2, "Plan Width": 37, "Inner Unique": true, "Plans": [{"Node Type": "Nested Loop", "Parent Relationship": "Outer", "Join Type": "Inner", "Startup Cost": 0.0, "Total Cost": 24479.22, "Plan Rows": 5, "Plan Width": 25, "Inner Unique": true, "Plans": [{"Node Type": "Nested Loop", "Parent Relationship": "Outer", "Join Type": "Inner", "Startup Cost": 0.0, "Total Cost": 24477.12, "Plan Rows": 6, "Plan Width": 16, "Inner Unique": false, "Join Filter": "(ci.role_id = rt.id)", "Plans": [{"Node Type": "Index Scan", "Parent Relationship": "Outer", "Scan Direction": "Forward", "Index Name": "role_type_pkey", "Relation Name": "role_type", "Alias": "rt", "Startup Cost": 0.0, "Total Cost": 12.46, "Plan Rows": 1, "Plan Width": 4, "Filter": "((role)::text = 'actor'::text)"}, {"Node Type": "Nested Loop", "Parent Relationship": "Inner", "Join Type": "Inner", "Startup Cost": 0.0, "Total Cost": 24463.81, "Plan Rows": 68, "Plan Width": 20, "Inner Unique": false, "Plans": [{"Node Type": "Nested Loop", "Parent Relationship": "Outer", "Join Type": "Inner", "Startup Cost": 0.0, "Total Cost": 20719.49, "Plan Rows": 3779, "Plan Width": 8, "Inner Unique": false, "Plans": [{"Node Type": "Index Scan", "Parent Relationship": "Outer", "Scan Direction": "Forward", "Index Name": "company_name_pkey", "Relation Name": "company_name", "Alias": "cn", "Startup Cost": 0.0, "Total Cost": 10501.39, "Plan Rows": 251, "Plan Width": 4, "Filter": "((country_code)::text = '[ru]'::text)"}, {"Node Type": "Index Scan", "Parent Relationship": "Inner", "Scan Direction": "Forward", "Index Name": "company_id_movie_companies", "Relation Name": "movie_companies", "Alias": "mc", "Startup Cost": 0.0, "Total Cost": 40.56, "Plan Rows": 15, "Plan Width": 12, "Index Cond": "(company_id = cn.id)"}]}, {"Node Type": "Index Scan", "Parent Relationship": "Inner", "Scan Direction": "Forward", "Index Name": "movie_id_cast_info", "Relation Name": "cast_info", "Alias": "ci", "Startup Cost": 0.0, "Total Cost": 0.98, "Plan Rows": 1, "Plan Width": 12, "Index Cond": "(movie_id = mc.movie_id)", "Filter": "(((note)::text ~~ '%(voice)%'::text) AND ((note)::text ~~ '%(uncredited)%'::text))"}]}]}, {"Node Type": "Index Scan", "Parent Relationship": "Inner", "Scan Direction": "Forward", "Index Name": "title_pkey", "Relation Name": "title", "Alias": "t", "Startup Cost": 0.0, "Total Cost": 0.34, "Plan Rows": 1, "Plan Width": 21, "Index Cond": "(id = mc.movie_id)", "Filter": "(production_year > 2005)"}]}, {"Node Type": "Index Scan", "Parent Relationship": "Inner", "Scan Direction": "Forward", "Index Name": "char_name_pkey", "Relation Name": "char_name", "Alias": "chn", "Startup Cost": 0.0, "Total Cost": 5.37, "Plan Rows": 1, "Plan Width": 20, "Index Cond": "(id = ci.person_role_id)"}]}, {"Node Type": "Index Only Scan", "Parent Relationship": "Inner", "Scan Direction": "Forward", "Index Name": "company_type_pkey", "Relation Name": "company_type", "Alias": "ct", "Startup Cost": 0.0, "Total Cost": 0.27, "Plan Rows": 1, "Plan Width": 4, "Index Cond": "(id = mc.company_type_id)"}]}]}, "Unique SQL Id": 2933943827, "Planner Runtime": 6}, "explain_analyze_plan": {"Plan": {"Node Type": "Aggregate", "Strategy": "Plain", "Startup Cost": 24506.67, "Total Cost": 24506.68, "Plan Rows": 1, "Plan Width": 97, "Actual Startup Time": 1284.484, "Actual Total Time": 1284.484, "Actual Rows": 1, "Actual Loops": 1, "Plans": [{"Node Type": "Nested Loop", "Parent Relationship": "Outer", "Join Type": "Inner", "Startup Cost": 0.0, "Total Cost": 24506.66, "Plan Rows": 2, "Plan Width": 33, "Actual Startup Time": 36.544, "Actual Total Time": 1284.388, "Actual Rows": 18, "Actual Loops": 1, "Inner Unique": true, "Plans": [{"Node Type": "Nested Loop", "Parent Relationship": "Outer", "Join Type": "Inner", "Startup Cost": 0.0, "Total Cost": 24506.1, "Plan Rows": 2, "Plan Width": 37, "Actual Startup Time": 28.178, "Actual Total Time": 1284.075, "Actual Rows": 104, "Actual Loops": 1, "Inner Unique": true, "Plans": [{"Node Type": "Nested Loop", "Parent Relationship": "Outer", "Join Type": "Inner", "Startup Cost": 0.0, "Total Cost": 24479.22, "Plan Rows": 5, "Plan Width": 25, "Actual Startup Time": 28.16, "Actual Total Time": 1282.814, "Actual Rows": 112, "Actual Loops": 1, "Inner Unique": true, "Plans": [{"Node Type": "Nested Loop", "Parent Relationship": "Outer", "Join Type": "Inner", "Startup Cost": 0.0, "Total Cost": 24477.12, "Plan Rows": 6, "Plan Width": 16, "Actual Startup Time": 8.682, "Actual Total Time": 1280.144, "Actual Rows": 275, "Actual Loops": 1, "Inner Unique": false, "Join Filter": "(ci.role_id = rt.id)", "Rows Removed by Join Filter": 102, "Plans": [{"Node Type": "Index Scan", "Parent Relationship": "Outer", "Scan Direction": "Forward", "Index Name": "role_type_pkey", "Relation Name": "role_type", "Alias": "rt", "Startup Cost": 0.0, "Total Cost": 12.46, "Plan Rows": 1, "Plan Width": 4, "Actual Startup Time": 0.021, "Actual Total Time": 0.034, "Actual Rows": 1, "Actual Loops": 1, "Filter": "((role)::text = 'actor'::text)", "Rows Removed by Filter": 11}, {"Node Type": "Nested Loop", "Parent Relationship": "Inner", "Join Type": "Inner", "Startup Cost": 0.0, "Total Cost": 24463.81, "Plan Rows": 68, "Plan Width": 20, "Actual Startup Time": 8.653, "Actual Total Time": 1279.832, "Actual Rows": 377, "Actual Loops": 1, "Inner Unique": false, "Plans": [{"Node Type": "Nested Loop", "Parent Relationship": "Outer", "Join Type": "Inner", "Startup Cost": 0.0, "Total Cost": 20719.49, "Plan Rows": 3779, "Plan Width": 8, "Actual Startup Time": 0.744, "Actual Total Time": 343.963, "Actual Rows": 8790, "Actual Loops": 1, "Inner Unique": false, "Plans": [{"Node Type": "Index Scan", "Parent Relationship": "Outer", "Scan Direction": "Forward", "Index Name": "company_name_pkey", "Relation Name": "company_name", "Alias": "cn", "Startup Cost": 0.0, "Total Cost": 10501.39, "Plan Rows": 251, "Plan Width": 4, "Actual Startup Time": 0.723, "Actual Total Time": 316.164, "Actual Rows": 1361, "Actual Loops": 1, "Filter": "((country_code)::text = '[ru]'::text)", "Rows Removed by Filter": 233635}, {"Node Type": "Index Scan", "Parent Relationship": "Inner", "Scan Direction": "Forward", "Index Name": "company_id_movie_companies", "Relation Name": "movie_companies", "Alias": "mc", "Startup Cost": 0.0, "Total Cost": 40.56, "Plan Rows": 15, "Plan Width": 12, "Actual Startup Time": 9.443, "Actual Total Time": 24.475, "Actual Rows": 8790, "Actual Loops": 1361, "Index Cond": "(company_id = cn.id)", "Rows Removed by Index Recheck": 0}]}, {"Node Type": "Index Scan", "Parent Relationship": "Inner", "Scan Direction": "Forward", "Index Name": "movie_id_cast_info", "Relation Name": "cast_info", "Alias": "ci", "Startup Cost": 0.0, "Total Cost": 0.98, "Plan Rows": 1, "Plan Width": 12, "Actual Startup Time": 874.797, "Actual Total Time": 930.363, "Actual Rows": 377, "Actual Loops": 8790, "Index Cond": "(movie_id = mc.movie_id)", "Rows Removed by Index Recheck": 0, "Filter": "(((note)::text ~~ '%(voice)%'::text) AND ((note)::text ~~ '%(uncredited)%'::text))", "Rows Removed by Filter": 408168}]}]}, {"Node Type": "Index Scan", "Parent Relationship": "Inner", "Scan Direction": "Forward", "Index Name": "title_pkey", "Relation Name": "title", "Alias": "t", "Startup Cost": 0.0, "Total Cost": 0.34, "Plan Rows": 1, "Plan Width": 21, "Actual Startup Time": 2.259, "Actual Total Time": 2.259, "Actual Rows": 112, "Actual Loops": 275, "Index Cond": "(id = mc.movie_id)", "Rows Removed by Index Recheck": 0, "Filter": "(production_year > 2005)", "Rows Removed by Filter": 163}]}, {"Node Type": "Index Scan", "Parent Relationship": "Inner", "Scan Direction": "Forward", "Index Name": "char_name_pkey", "Relation Name": "char_name", "Alias": "chn", "Startup Cost": 0.0, "Total Cost": 5.37, "Plan Rows": 1, "Plan Width": 20, "Actual Startup Time": 1.0, "Actual Total Time": 1.0, "Actual Rows": 104, "Actual Loops": 112, "Index Cond": "(id = ci.person_role_id)", "Rows Removed by Index Recheck": 0}]}, {"Node Type": "Index Only Scan", "Parent Relationship": "Inner", "Scan Direction": "Forward", "Index Name": "company_type_pkey", "Relation Name": "company_type", "Alias": "ct", "Startup Cost": 0.0, "Total Cost": 0.27, "Plan Rows": 1, "Plan Width": 4, "Actual Startup Time": 0.162, "Actual Total Time": 0.162, "Actual Rows": 18, "Actual Loops": 104, "Index Cond": "(id = mc.company_type_id)", "Rows Removed by Index Recheck": 0, "Heap Fetches": 0}]}]}, "Triggers": [], "Planner Runtime": 6, "Total Runtime": 1285.003, "Unique SQL Id": 2933943827}}, "(16, 122)": {"explain_plan": {"Plan": {"Node Type": "Aggregate", "Strategy": "Plain", "Startup Cost": 278575.69, "Total Cost": 278575.7, "Plan Rows": 1, "Plan Width": 97, "Plans": [{"Node Type": "Nested Loop", "Parent Relationship": "Outer", "Join Type": "Inner", "Startup Cost": 0.0, "Total Cost": 278575.68, "Plan Rows": 2, "Plan Width": 33, "Inner Unique": false, "Join Filter": "(mc.company_type_id = ct.id)", "Plans": [{"Node Type": "Seq Scan", "Parent Relationship": "Outer", "Relation Name": "company_type", "Alias": "ct", "Startup Cost": 0.0, "Total Cost": 1.03, "Plan Rows": 3, "Plan Width": 4}, {"Node Type": "Materialize", "Parent Relationship": "Inner", "Startup Cost": 0.0, "Total Cost": 278574.57, "Plan Rows": 2, "Plan Width": 37, "Plans": [{"Node Type": "Streaming(type: LOCAL GATHER dop: 1/16)", "Parent Relationship": "Outer", "Startup Cost": 0.0, "Total Cost": 278574.56, "Plan Rows": 2, "Plan Width": 37, "Plans": [{"Node Type": "Nested Loop", "Parent Relationship": "Outer", "Join Type": "Inner", "Startup Cost": 0.0, "Total Cost": 278574.52, "Plan Rows": 2, "Plan Width": 37, "Inner Unique": false, "Join Filter": "(ci.person_role_id = chn.id)", "Plans": [{"Node Type": "Seq Scan", "Parent Relationship": "Outer", "Relation Name": "char_name", "Alias": "chn", "Startup Cost": 0.0, "Total Cost": 19218.34, "Plan Rows": 3140338, "Plan Width": 20}, {"Node Type": "Materialize", "Parent Relationship": "Inner", "Startup Cost": 0.0, "Total Cost": 244635.86, "Plan Rows": 80, "Plan Width": 25, "Plans": [{"Node Type": "Streaming(type: BROADCAST dop: 16/16)", "Parent Relationship": "Outer", "Startup Cost": 0.0, "Total Cost": 244635.83, "Plan Rows": 80, "Plan Width": 25, "Plans": [{"Node Type": "Nested Loop", "Parent Relationship": "Outer", "Join Type": "Inner", "Startup Cost": 0.0, "Total Cost": 229635.63, "Plan Rows": 5, "Plan Width": 25, "Inner Unique": false, "Join Filter": "(mc.movie_id = t.id)", "Plans": [{"Node Type": "Seq Scan", "Parent Relationship": "Outer", "Relation Name": "title", "Alias": "t", "Startup Cost": 0.0, "Total Cost": 19149.37, "Plan Rows": 1013492, "Plan Width": 21, "Filter": "(production_year > 2005), (LLVM Optimized)"}, {"Node Type": "Materialize", "Parent Relationship": "Inner", "Startup Cost": 0.0, "Total Cost": 204785.39, "Plan Rows": 96, "Plan Width": 16, "Plans": [{"Node Type": "Streaming(type: BROADCAST dop: 16/16)", "Parent Relationship": "Outer", "Startup Cost": 0.0, "Total Cost": 204785.36, "Plan Rows": 96, "Plan Width": 16, "Plans": [{"Node Type": "Nested Loop", "Parent Relationship": "Outer", "Join Type": "Inner", "Startup Cost": 0.0, "Total Cost": 189785.11, "Plan Rows": 6, "Plan Width": 16, "Inner Unique": false, "Join Filter": "(ci.movie_id = mc.movie_id)", "Plans": [{"Node Type": "Streaming(type: BROADCAST dop: 16/1)", "Parent Relationship": "Outer", "Startup Cost": 0.0, "Total Cost": 80409.42, "Plan Rows": 32432, "Plan Width": 8, "Plans": [{"Node Type": "Nested Loop", "Parent Relationship": "Outer", "Join Type": "Inner", "Startup Cost": 0.0, "Total Cost": 64709.47, "Plan Rows": 2027, "Plan Width": 8, "Inner Unique": false, "Join Filter": "(ci.role_id = rt.id)", "Plans": [{"Node Type": "Seq Scan", "Parent Relationship": "Outer", "Relation Name": "role_type", "Alias": "rt", "Startup Cost": 0.0, "Total Cost": 1.15, "Plan Rows": 1, "Plan Width": 4, "Filter": "((role)::text = 'actor'::text)"}, {"Node Type": "Materialize", "Parent Relationship": "Inner", "Startup Cost": 0.0, "Total Cost": 64485.37, "Plan Rows": 22295, "Plan Width": 12, "Plans": [{"Node Type": "Streaming(type: LOCAL GATHER dop: 1/16)", "Parent Relationship": "Outer", "Startup Cost": 0.0, "Total Cost": 64429.63, "Plan Rows": 22295, "Plan Width": 12, "Plans": [{"Node Type": "Seq Scan", "Parent Relationship": "Outer", "Relation Name": "cast_info", "Alias": "ci", "Startup Cost": 0.0, "Total Cost": 63948.46, "Plan Rows": 22295, "Plan Width": 12, "Filter": "(((note)::text ~~ '%(voice)%'::text) AND ((note)::text ~~ '%(uncredited)%'::text))"}]}]}]}]}, {"Node Type": "Materialize", "Parent Relationship": "Inner", "Startup Cost": 0.0, "Total Cost": 102195.0, "Plan Rows": 3779, "Plan Width": 8, "Plans": [{"Node Type": "Nested Loop", "Parent Relationship": "Outer", "Join Type": "Inner", "Startup Cost": 0.0, "Total Cost": 102193.82, "Plan Rows": 3779, "Plan Width": 8, "Inner Unique": false, "Join Filter": "(cn.id = mc.company_id)", "Plans": [{"Node Type": "Streaming(type: LOCAL REDISTRIBUTE dop: 16/1)", "Parent Relationship": "Outer", "Startup Cost": 0.0, "Total Cost": 20913.89, "Plan Rows": 251, "Plan Width": 4, "Plans": [{"Node Type": "Seq Scan", "Parent Relationship": "Outer", "Relation Name": "company_name", "Alias": "cn", "Startup Cost": 0.0, "Total Cost": 5903.45, "Plan Rows": 251, "Plan Width": 4, "Filter": "((country_code)::text = '[ru]'::text)"}]}, {"Node Type": "Materialize", "Parent Relationship": "Inner", "Startup Cost": 0.0, "Total Cost": 43315.08, "Plan Rows": 2609128, "Plan Width": 12, "Plans": [{"Node Type": "Streaming(type: LOCAL REDISTRIBUTE dop: 16/16)", "Parent Relationship": "Outer", "Startup Cost": 0.0, "Total Cost": 42499.73, "Plan Rows": 2609128, "Plan Width": 12, "Plans": [{"Node Type": "Seq Scan", "Parent Relationship": "Outer", "Relation Name": "movie_companies", "Alias": "mc", "Startup Cost": 0.0, "Total Cost": 17613.58, "Plan Rows": 2609128, "Plan Width": 12}]}]}]}]}]}]}]}]}]}]}]}]}]}]}]}, "Unique SQL Id": 2933943827, "Planner Runtime": 12}, "explain_analyze_plan": null}, "(16, 123)": {"explain_plan": {"Plan": {"Node Type": "Aggregate", "Strategy": "Plain", "Startup Cost": 7000198709657.34, "Total Cost": 7000198709657.35, "Plan Rows": 1, "Plan Width": 97, "Plans": [{"Node Type": "Nested Loop", "Parent Relationship": "Outer", "Join Type": "Inner", "Startup Cost": 70000000000.0, "Total Cost": 7000198709657.33, "Plan Rows": 2, "Plan Width": 33, "Inner Unique": true, "Join Filter": "(mc.company_type_id = ct.id)", "Plans": [{"Node Type": "Nested Loop", "Parent Relationship": "Outer", "Join Type": "Inner", "Startup Cost": 60000000000.0, "Total Cost": 6000198708827.73, "Plan Rows": 2, "Plan Width": 37, "Inner Unique": true, "Join Filter": "(ci.person_role_id = chn.id)", "Plans": [{"Node Type": "Nested Loop", "Parent Relationship": "Outer", "Join Type": "Inner", "Startup Cost": 50000000000.0, "Total Cost": 5000185477906.03, "Plan Rows": 5, "Plan Width": 25, "Inner Unique": true, "Join Filter": "(mc.movie_id = t.id)", "Plans": [{"Node Type": "Nested Loop", "Parent Relationship": "Outer", "Join Type": "Inner", "Startup Cost": 40000000000.0, "Total Cost": 4000173740031.35, "Plan Rows": 6, "Plan Width": 16, "Inner Unique": true, "Join Filter": "(ci.role_id = rt.id)", "Plans": [{"Node Type": "Nested Loop", "Parent Relationship": "Outer", "Join Type": "Inner", "Startup Cost": 30000000000.0, "Total Cost": 3000173738784.33, "Plan Rows": 68, "Plan Width": 20, "Inner Unique": false, "Join Filter": "(mc.movie_id = ci.movie_id)", "Plans": [{"Node Type": "Nested Loop", "Parent Relationship": "Outer", "Join Type": "Inner", "Startup Cost": 20000000000.0, "Total Cost": 2000020191723.52, "Plan Rows": 3779, "Plan Width": 8, "Inner Unique": true, "Join Filter": "(cn.id = mc.company_id)", "Plans": [{"Node Type": "Index Scan", "Parent Relationship": "Outer", "Scan Direction": "Forward", "Index Name": "company_type_id_movie_companies", "Relation Name": "movie_companies", "Alias": "mc", "Startup Cost": 10000000000.0, "Total Cost": 1000009318217.0, "Plan Rows": 2609128, "Plan Width": 12}, {"Node Type": "Materialize", "Parent Relationship": "Inner", "Startup Cost": 10000000000.0, "Total Cost": 1000001050140.22, "Plan Rows": 251, "Plan Width": 4, "Plans": [{"Node Type": "Index Scan", "Parent Relationship": "Outer", "Scan Direction": "Forward", "Index Name": "company_name_pkey", "Relation Name": "company_name", "Alias": "cn", "Startup Cost": 10000000000.0, "Total Cost": 1000001050138.97, "Plan Rows": 251, "Plan Width": 4, "Filter": "((country_code)::text = '[ru]'::text)"}]}]}, {"Node Type": "Materialize", "Parent Relationship": "Inner", "Startup Cost": 10000000000.0, "Total Cost": 1000152283324.47, "Plan Rows": 22295, "Plan Width": 12, "Plans": [{"Node Type": "Index Scan", "Parent Relationship": "Outer", "Scan Direction": "Forward", "Index Name": "role_id_cast_info", "Relation Name": "cast_info", "Alias": "ci", "Startup Cost": 10000000000.0, "Total Cost": 1000152283213.0, "Plan Rows": 22295, "Plan Width": 12, "Filter": "(((note)::text ~~ '%(voice)%'::text) AND ((note)::text ~~ '%(uncredited)%'::text))"}]}]}, {"Node Type": "Materialize", "Parent Relationship": "Inner", "Startup Cost": 10000000000.0, "Total Cost": 1000000001246.0, "Plan Rows": 1, "Plan Width": 4, "Plans": [{"Node Type": "Index Scan", "Parent Relationship": "Outer", "Scan Direction": "Forward", "Index Name": "role_type_pkey", "Relation Name": "role_type", "Alias": "rt", "Startup Cost": 10000000000.0, "Total Cost": 1000000001246.0, "Plan Rows": 1, "Plan Width": 4, "Filter": "((role)::text = 'actor'::text)"}]}]}, {"Node Type": "Materialize", "Parent Relationship": "Inner", "Startup Cost": 10000000000.0, "Total Cost": 1000011649194.12, "Plan Rows": 1013492, "Plan Width": 21, "Plans": [{"Node Type": "Index Scan", "Parent Relationship": "Outer", "Scan Direction": "Forward", "Index Name": "title_pkey", "Relation Name": "title", "Alias": "t", "Startup Cost": 10000000000.0, "Total Cost": 1000011644126.66, "Plan Rows": 1013492, "Plan Width": 21, "Filter": "(production_year > 2005), (LLVM Optimized)"}]}]}, {"Node Type": "Materialize", "Parent Relationship": "Inner", "Startup Cost": 10000000000.0, "Total Cost": 1000013003247.2, "Plan Rows": 3140338, "Plan Width": 20, "Plans": [{"Node Type": "Index Scan", "Parent Relationship": "Outer", "Scan Direction": "Forward", "Index Name": "char_name_pkey", "Relation Name": "char_name", "Alias": "chn", "Startup Cost": 10000000000.0, "Total Cost": 1000012987545.51, "Plan Rows": 3140338, "Plan Width": 20}]}]}, {"Node Type": "Materialize", "Parent Relationship": "Inner", "Startup Cost": 10000000000.0, "Total Cost": 1000000000829.52, "Plan Rows": 3, "Plan Width": 4, "Plans": [{"Node Type": "Index Only Scan", "Parent Relationship": "Outer", "Scan Direction": "Forward", "Index Name": "company_type_pkey", "Relation Name": "company_type", "Alias": "ct", "Startup Cost": 10000000000.0, "Total Cost": 1000000000829.5, "Plan Rows": 3, "Plan Width": 4}]}]}]}, "Unique SQL Id": 2933943827, "Planner Runtime": 5}, "explain_analyze_plan": null}, "(16, 124)": {"explain_plan": {"Plan": {"Node Type": "Aggregate", "Strategy": "Plain", "Startup Cost": 19897.43, "Total Cost": 19897.44, "Plan Rows": 1, "Plan Width": 97, "Plans": [{"Node Type": "Nested Loop", "Parent Relationship": "Outer", "Join Type": "Inner", "Startup Cost": 0.0, "Total Cost": 19897.42, "Plan Rows": 2, "Plan Width": 33, "Inner Unique": true, "Plans": [{"Node Type": "Nested Loop", "Parent Relationship": "Outer", "Join Type": "Inner", "Startup Cost": 0.0, "Total Cost": 19896.86, "Plan Rows": 2, "Plan Width": 37, "Inner Unique": true, "Plans": [{"Node Type": "Nested Loop", "Parent Relationship": "Outer", "Join Type": "Inner", "Startup Cost": 0.0, "Total Cost": 19869.97, "Plan Rows": 5, "Plan Width": 25, "Inner Unique": true, "Plans": [{"Node Type": "Nested Loop", "Parent Relationship": "Outer", "Join Type": "Inner", "Startup Cost": 0.0, "Total Cost": 19867.87, "Plan Rows": 6, "Plan Width": 16, "Inner Unique": false, "Join Filter": "(ci.role_id = rt.id)", "Plans": [{"Node Type": "Seq Scan", "Parent Relationship": "Outer", "Relation Name": "role_type", "Alias": "rt", "Startup Cost": 0.0, "Total Cost": 1.15, "Plan Rows": 1, "Plan Width": 4, "Filter": "((role)::text = 'actor'::text)"}, {"Node Type": "Nested Loop", "Parent Relationship": "Inner", "Join Type": "Inner", "Startup Cost": 0.0, "Total Cost": 19865.87, "Plan Rows": 68, "Plan Width": 20, "Inner Unique": false, "Plans": [{"Node Type": "Nested Loop", "Parent Relationship": "Outer", "Join Type": "Inner", "Startup Cost": 0.0, "Total Cost": 16121.55, "Plan Rows": 3779, "Plan Width": 8, "Inner Unique": false, "Plans": [{"Node Type": "Seq Scan", "Parent Relationship": "Outer", "Relation Name": "company_name", "Alias": "cn", "Startup Cost": 0.0, "Total Cost": 5903.45, "Plan Rows": 251, "Plan Width": 4, "Filter": "((country_code)::text = '[ru]'::text)"}, {"Node Type": "Index Scan", "Parent Relationship": "Inner", "Scan Direction": "Forward", "Index Name": "company_id_movie_companies", "Relation Name": "movie_companies", "Alias": "mc", "Startup Cost": 0.0, "Total Cost": 40.56, "Plan Rows": 15, "Plan Width": 12, "Index Cond": "(company_id = cn.id)"}]}, {"Node Type": "Index Scan", "Parent Relationship": "Inner", "Scan Direction": "Forward", "Index Name": "movie_id_cast_info", "Relation Name": "cast_info", "Alias": "ci", "Startup Cost": 0.0, "Total Cost": 0.98, "Plan Rows": 1, "Plan Width": 12, "Index Cond": "(movie_id = mc.movie_id)", "Filter": "(((note)::text ~~ '%(voice)%'::text) AND ((note)::text ~~ '%(uncredited)%'::text))"}]}]}, {"Node Type": "Index Scan", "Parent Relationship": "Inner", "Scan Direction": "Forward", "Index Name": "title_pkey", "Relation Name": "title", "Alias": "t", "Startup Cost": 0.0, "Total Cost": 0.34, "Plan Rows": 1, "Plan Width": 21, "Index Cond": "(id = mc.movie_id)", "Filter": "(production_year > 2005)"}]}, {"Node Type": "Index Scan", "Parent Relationship": "Inner", "Scan Direction": "Forward", "Index Name": "char_name_pkey", "Relation Name": "char_name", "Alias": "chn", "Startup Cost": 0.0, "Total Cost": 5.37, "Plan Rows": 1, "Plan Width": 20, "Index Cond": "(id = ci.person_role_id)"}]}, {"Node Type": "Index Scan", "Parent Relationship": "Inner", "Scan Direction": "Forward", "Index Name": "company_type_pkey", "Relation Name": "company_type", "Alias": "ct", "Startup Cost": 0.0, "Total Cost": 0.27, "Plan Rows": 1, "Plan Width": 4, "Index Cond": "(id = mc.company_type_id)"}]}]}, "Unique SQL Id": 2933943827, "Planner Runtime": 6}, "explain_analyze_plan": {"Plan": {"Node Type": "Aggregate", "Strategy": "Plain", "Startup Cost": 19897.43, "Total Cost": 19897.44, "Plan Rows": 1, "Plan Width": 97, "Actual Startup Time": 1044.453, "Actual Total Time": 1044.453, "Actual Rows": 1, "Actual Loops": 1, "Plans": [{"Node Type": "Nested Loop", "Parent Relationship": "Outer", "Join Type": "Inner", "Startup Cost": 0.0, "Total Cost": 19897.42, "Plan Rows": 2, "Plan Width": 33, "Actual Startup Time": 61.95, "Actual Total Time": 1044.352, "Actual Rows": 18, "Actual Loops": 1, "Inner Unique": true, "Plans": [{"Node Type": "Nested Loop", "Parent Relationship": "Outer", "Join Type": "Inner", "Startup Cost": 0.0, "Total Cost": 19896.86, "Plan Rows": 2, "Plan Width": 37, "Actual Startup Time": 12.333, "Actual Total Time": 1044.034, "Actual Rows": 104, "Actual Loops": 1, "Inner Unique": true, "Plans": [{"Node Type": "Nested Loop", "Parent Relationship": "Outer", "Join Type": "Inner", "Startup Cost": 0.0, "Total Cost": 19869.97, "Plan Rows": 5, "Plan Width": 25, "Actual Startup Time": 12.321, "Actual Total Time": 1042.856, "Actual Rows": 112, "Actual Loops": 1, "Inner Unique": true, "Plans": [{"Node Type": "Nested Loop", "Parent Relationship": "Outer", "Join Type": "Inner", "Startup Cost": 0.0, "Total Cost": 19867.87, "Plan Rows": 6, "Plan Width": 16, "Actual Startup Time": 0.86, "Actual Total Time": 1040.304, "Actual Rows": 275, "Actual Loops": 1, "Inner Unique": false, "Join Filter": "(ci.role_id = rt.id)", "Rows Removed by Join Filter": 102, "Plans": [{"Node Type": "Seq Scan", "Parent Relationship": "Outer", "Relation Name": "role_type", "Alias": "rt", "Startup Cost": 0.0, "Total Cost": 1.15, "Plan Rows": 1, "Plan Width": 4, "Actual Startup Time": 0.016, "Actual Total Time": 0.025, "Actual Rows": 1, "Actual Loops": 1, "Filter": "((role)::text = 'actor'::text)", "Rows Removed by Filter": 11}, {"Node Type": "Nested Loop", "Parent Relationship": "Inner", "Join Type": "Inner", "Startup Cost": 0.0, "Total Cost": 19865.87, "Plan Rows": 68, "Plan Width": 20, "Actual Startup Time": 0.837, "Actual Total Time": 1040.014, "Actual Rows": 377, "Actual Loops": 1, "Inner Unique": false, "Plans": [{"Node Type": "Nested Loop", "Parent Relationship": "Outer", "Join Type": "Inner", "Startup Cost": 0.0, "Total Cost": 16121.55, "Plan Rows": 3779, "Plan Width": 8, "Actual Startup Time": 0.057, "Actual Total Time": 114.57, "Actual Rows": 8790, "Actual Loops": 1, "Inner Unique": false, "Plans": [{"Node Type": "Seq Scan", "Parent Relationship": "Outer", "Relation Name": "company_name", "Alias": "cn", "Startup Cost": 0.0, "Total Cost": 5903.45, "Plan Rows": 251, "Plan Width": 4, "Actual Startup Time": 0.036, "Actual Total Time": 85.328, "Actual Rows": 1361, "Actual Loops": 1, "Filter": "((country_code)::text = '[ru]'::text)", "Rows Removed by Filter": 233635}, {"Node Type": "Index Scan", "Parent Relationship": "Inner", "Scan Direction": "Forward", "Index Name": "company_id_movie_companies", "Relation Name": "movie_companies", "Alias": "mc", "Startup Cost": 0.0, "Total Cost": 40.56, "Plan Rows": 15, "Plan Width": 12, "Actual Startup Time": 10.803, "Actual Total Time": 26.091, "Actual Rows": 8790, "Actual Loops": 1361, "Index Cond": "(company_id = cn.id)", "Rows Removed by Index Recheck": 0}]}, {"Node Type": "Index Scan", "Parent Relationship": "Inner", "Scan Direction": "Forward", "Index Name": "movie_id_cast_info", "Relation Name": "cast_info", "Alias": "ci", "Startup Cost": 0.0, "Total Cost": 0.98, "Plan Rows": 1, "Plan Width": 12, "Actual Startup Time": 865.63, "Actual Total Time": 920.19, "Actual Rows": 377, "Actual Loops": 8790, "Index Cond": "(movie_id = mc.movie_id)", "Rows Removed by Index Recheck": 0, "Filter": "(((note)::text ~~ '%(voice)%'::text) AND ((note)::text ~~ '%(uncredited)%'::text))", "Rows Removed by Filter": 408168}]}]}, {"Node Type": "Index Scan", "Parent Relationship": "Inner", "Scan Direction": "Forward", "Index Name": "title_pkey", "Relation Name": "title", "Alias": "t", "Startup Cost": 0.0, "Total Cost": 0.34, "Plan Rows": 1, "Plan Width": 21, "Actual Startup Time": 2.175, "Actual Total Time": 2.175, "Actual Rows": 112, "Actual Loops": 275, "Index Cond": "(id = mc.movie_id)", "Rows Removed by Index Recheck": 0, "Filter": "(production_year > 2005)", "Rows Removed by Filter": 163}]}, {"Node Type": "Index Scan", "Parent Relationship": "Inner", "Scan Direction": "Forward", "Index Name": "char_name_pkey", "Relation Name": "char_name", "Alias": "chn", "Startup Cost": 0.0, "Total Cost": 5.37, "Plan Rows": 1, "Plan Width": 20, "Actual Startup Time": 0.95, "Actual Total Time": 0.95, "Actual Rows": 104, "Actual Loops": 112, "Index Cond": "(id = ci.person_role_id)", "Rows Removed by Index Recheck": 0}]}, {"Node Type": "Index Scan", "Parent Relationship": "Inner", "Scan Direction": "Forward", "Index Name": "company_type_pkey", "Relation Name": "company_type", "Alias": "ct", "Startup Cost": 0.0, "Total Cost": 0.27, "Plan Rows": 1, "Plan Width": 4, "Actual Startup Time": 0.173, "Actual Total Time": 0.173, "Actual Rows": 18, "Actual Loops": 104, "Index Cond": "(id = mc.company_type_id)", "Rows Removed by Index Recheck": 0}]}]}, "Triggers": [], "Planner Runtime": 6, "Total Runtime": 1044.846, "Unique SQL Id": 2933943827}}, "(16, 125)": {"explain_plan": {"Plan": {"Node Type": "Aggregate", "Strategy": "Plain", "Startup Cost": 24506.67, "Total Cost": 24506.68, "Plan Rows": 1, "Plan Width": 97, "Plans": [{"Node Type": "Nested Loop", "Parent Relationship": "Outer", "Join Type": "Inner", "Startup Cost": 0.0, "Total Cost": 24506.66, "Plan Rows": 2, "Plan Width": 33, "Inner Unique": true, "Plans": [{"Node Type": "Nested Loop", "Parent Relationship": "Outer", "Join Type": "Inner", "Startup Cost": 0.0, "Total Cost": 24506.1, "Plan Rows": 2, "Plan Width": 37, "Inner Unique": true, "Plans": [{"Node Type": "Nested Loop", "Parent Relationship": "Outer", "Join Type": "Inner", "Startup Cost": 0.0, "Total Cost": 24479.22, "Plan Rows": 5, "Plan Width": 25, "Inner Unique": true, "Plans": [{"Node Type": "Nested Loop", "Parent Relationship": "Outer", "Join Type": "Inner", "Startup Cost": 0.0, "Total Cost": 24477.12, "Plan Rows": 6, "Plan Width": 16, "Inner Unique": false, "Join Filter": "(ci.role_id = rt.id)", "Plans": [{"Node Type": "Index Scan", "Parent Relationship": "Outer", "Scan Direction": "Forward", "Index Name": "role_type_pkey", "Relation Name": "role_type", "Alias": "rt", "Startup Cost": 0.0, "Total Cost": 12.46, "Plan Rows": 1, "Plan Width": 4, "Filter": "((role)::text = 'actor'::text)"}, {"Node Type": "Nested Loop", "Parent Relationship": "Inner", "Join Type": "Inner", "Startup Cost": 0.0, "Total Cost": 24463.81, "Plan Rows": 68, "Plan Width": 20, "Inner Unique": false, "Plans": [{"Node Type": "Nested Loop", "Parent Relationship": "Outer", "Join Type": "Inner", "Startup Cost": 0.0, "Total Cost": 20719.49, "Plan Rows": 3779, "Plan Width": 8, "Inner Unique": false, "Plans": [{"Node Type": "Index Scan", "Parent Relationship": "Outer", "Scan Direction": "Forward", "Index Name": "company_name_pkey", "Relation Name": "company_name", "Alias": "cn", "Startup Cost": 0.0, "Total Cost": 10501.39, "Plan Rows": 251, "Plan Width": 4, "Filter": "((country_code)::text = '[ru]'::text)"}, {"Node Type": "Index Scan", "Parent Relationship": "Inner", "Scan Direction": "Forward", "Index Name": "company_id_movie_companies", "Relation Name": "movie_companies", "Alias": "mc", "Startup Cost": 0.0, "Total Cost": 40.56, "Plan Rows": 15, "Plan Width": 12, "Index Cond": "(company_id = cn.id)"}]}, {"Node Type": "Index Scan", "Parent Relationship": "Inner", "Scan Direction": "Forward", "Index Name": "movie_id_cast_info", "Relation Name": "cast_info", "Alias": "ci", "Startup Cost": 0.0, "Total Cost": 0.98, "Plan Rows": 1, "Plan Width": 12, "Index Cond": "(movie_id = mc.movie_id)", "Filter": "(((note)::text ~~ '%(voice)%'::text) AND ((note)::text ~~ '%(uncredited)%'::text))"}]}]}, {"Node Type": "Index Scan", "Parent Relationship": "Inner", "Scan Direction": "Forward", "Index Name": "title_pkey", "Relation Name": "title", "Alias": "t", "Startup Cost": 0.0, "Total Cost": 0.34, "Plan Rows": 1, "Plan Width": 21, "Index Cond": "(id = mc.movie_id)", "Filter": "(production_year > 2005)"}]}, {"Node Type": "Index Scan", "Parent Relationship": "Inner", "Scan Direction": "Forward", "Index Name": "char_name_pkey", "Relation Name": "char_name", "Alias": "chn", "Startup Cost": 0.0, "Total Cost": 5.37, "Plan Rows": 1, "Plan Width": 20, "Index Cond": "(id = ci.person_role_id)"}]}, {"Node Type": "Index Scan", "Parent Relationship": "Inner", "Scan Direction": "Forward", "Index Name": "company_type_pkey", "Relation Name": "company_type", "Alias": "ct", "Startup Cost": 0.0, "Total Cost": 0.27, "Plan Rows": 1, "Plan Width": 4, "Index Cond": "(id = mc.company_type_id)"}]}]}, "Unique SQL Id": 2933943827, "Planner Runtime": 6}, "explain_analyze_plan": {"Plan": {"Node Type": "Aggregate", "Strategy": "Plain", "Startup Cost": 24506.67, "Total Cost": 24506.68, "Plan Rows": 1, "Plan Width": 97, "Actual Startup Time": 1291.61, "Actual Total Time": 1291.611, "Actual Rows": 1, "Actual Loops": 1, "Plans": [{"Node Type": "Nested Loop", "Parent Relationship": "Outer", "Join Type": "Inner", "Startup Cost": 0.0, "Total Cost": 24506.66, "Plan Rows": 2, "Plan Width": 33, "Actual Startup Time": 37.858, "Actual Total Time": 1291.529, "Actual Rows": 18, "Actual Loops": 1, "Inner Unique": true, "Plans": [{"Node Type": "Nested Loop", "Parent Relationship": "Outer", "Join Type": "Inner", "Startup Cost": 0.0, "Total Cost": 24506.1, "Plan Rows": 2, "Plan Width": 37, "Actual Startup Time": 29.171, "Actual Total Time": 1291.214, "Actual Rows": 104, "Actual Loops": 1, "Inner Unique": true, "Plans": [{"Node Type": "Nested Loop", "Parent Relationship": "Outer", "Join Type": "Inner", "Startup Cost": 0.0, "Total Cost": 24479.22, "Plan Rows": 5, "Plan Width": 25, "Actual Startup Time": 29.155, "Actual Total Time": 1289.962, "Actual Rows": 112, "Actual Loops": 1, "Inner Unique": true, "Plans": [{"Node Type": "Nested Loop", "Parent Relationship": "Outer", "Join Type": "Inner", "Startup Cost": 0.0, "Total Cost": 24477.12, "Plan Rows": 6, "Plan Width": 16, "Actual Startup Time": 9.022, "Actual Total Time": 1287.312, "Actual Rows": 275, "Actual Loops": 1, "Inner Unique": false, "Join Filter": "(ci.role_id = rt.id)", "Rows Removed by Join Filter": 102, "Plans": [{"Node Type": "Index Scan", "Parent Relationship": "Outer", "Scan Direction": "Forward", "Index Name": "role_type_pkey", "Relation Name": "role_type", "Alias": "rt", "Startup Cost": 0.0, "Total Cost": 12.46, "Plan Rows": 1, "Plan Width": 4, "Actual Startup Time": 0.018, "Actual Total Time": 0.032, "Actual Rows": 1, "Actual Loops": 1, "Filter": "((role)::text = 'actor'::text)", "Rows Removed by Filter": 11}, {"Node Type": "Nested Loop", "Parent Relationship": "Inner", "Join Type": "Inner", "Startup Cost": 0.0, "Total Cost": 24463.81, "Plan Rows": 68, "Plan Width": 20, "Actual Startup Time": 8.997, "Actual Total Time": 1287.023, "Actual Rows": 377, "Actual Loops": 1, "Inner Unique": false, "Plans": [{"Node Type": "Nested Loop", "Parent Relationship": "Outer", "Join Type": "Inner", "Startup Cost": 0.0, "Total Cost": 20719.49, "Plan Rows": 3779, "Plan Width": 8, "Actual Startup Time": 0.754, "Actual Total Time": 347.85, "Actual Rows": 8790, "Actual Loops": 1, "Inner Unique": false, "Plans": [{"Node Type": "Index Scan", "Parent Relationship": "Outer", "Scan Direction": "Forward", "Index Name": "company_name_pkey", "Relation Name": "company_name", "Alias": "cn", "Startup Cost": 0.0, "Total Cost": 10501.39, "Plan Rows": 251, "Plan Width": 4, "Actual Startup Time": 0.735, "Actual Total Time": 319.335, "Actual Rows": 1361, "Actual Loops": 1, "Filter": "((country_code)::text = '[ru]'::text)", "Rows Removed by Filter": 233635}, {"Node Type": "Index Scan", "Parent Relationship": "Inner", "Scan Direction": "Forward", "Index Name": "company_id_movie_companies", "Relation Name": "movie_companies", "Alias": "mc", "Startup Cost": 0.0, "Total Cost": 40.56, "Plan Rows": 15, "Plan Width": 12, "Actual Startup Time": 9.592, "Actual Total Time": 25.063, "Actual Rows": 8790, "Actual Loops": 1361, "Index Cond": "(company_id = cn.id)", "Rows Removed by Index Recheck": 0}]}, {"Node Type": "Index Scan", "Parent Relationship": "Inner", "Scan Direction": "Forward", "Index Name": "movie_id_cast_info", "Relation Name": "cast_info", "Alias": "ci", "Startup Cost": 0.0, "Total Cost": 0.98, "Plan Rows": 1, "Plan Width": 12, "Actual Startup Time": 878.611, "Actual Total Time": 933.777, "Actual Rows": 377, "Actual Loops": 8790, "Index Cond": "(movie_id = mc.movie_id)", "Rows Removed by Index Recheck": 0, "Filter": "(((note)::text ~~ '%(voice)%'::text) AND ((note)::text ~~ '%(uncredited)%'::text))", "Rows Removed by Filter": 408168}]}]}, {"Node Type": "Index Scan", "Parent Relationship": "Inner", "Scan Direction": "Forward", "Index Name": "title_pkey", "Relation Name": "title", "Alias": "t", "Startup Cost": 0.0, "Total Cost": 0.34, "Plan Rows": 1, "Plan Width": 21, "Actual Startup Time": 2.271, "Actual Total Time": 2.271, "Actual Rows": 112, "Actual Loops": 275, "Index Cond": "(id = mc.movie_id)", "Rows Removed by Index Recheck": 0, "Filter": "(production_year > 2005)", "Rows Removed by Filter": 163}]}, {"Node Type": "Index Scan", "Parent Relationship": "Inner", "Scan Direction": "Forward", "Index Name": "char_name_pkey", "Relation Name": "char_name", "Alias": "chn", "Startup Cost": 0.0, "Total Cost": 5.37, "Plan Rows": 1, "Plan Width": 20, "Actual Startup Time": 0.997, "Actual Total Time": 0.997, "Actual Rows": 104, "Actual Loops": 112, "Index Cond": "(id = ci.person_role_id)", "Rows Removed by Index Recheck": 0}]}, {"Node Type": "Index Scan", "Parent Relationship": "Inner", "Scan Direction": "Forward", "Index Name": "company_type_pkey", "Relation Name": "company_type", "Alias": "ct", "Startup Cost": 0.0, "Total Cost": 0.27, "Plan Rows": 1, "Plan Width": 4, "Actual Startup Time": 0.156, "Actual Total Time": 0.156, "Actual Rows": 18, "Actual Loops": 104, "Index Cond": "(id = mc.company_type_id)", "Rows Removed by Index Recheck": 0}]}]}, "Triggers": [], "Planner Runtime": 6, "Total Runtime": 1292.039, "Unique SQL Id": 2933943827}}, "(16, 126)": {"explain_plan": {"Plan": {"Node Type": "Aggregate", "Strategy": "Plain", "Startup Cost": 278575.69, "Total Cost": 278575.7, "Plan Rows": 1, "Plan Width": 97, "Plans": [{"Node Type": "Nested Loop", "Parent Relationship": "Outer", "Join Type": "Inner", "Startup Cost": 0.0, "Total Cost": 278575.68, "Plan Rows": 2, "Plan Width": 33, "Inner Unique": false, "Join Filter": "(mc.company_type_id = ct.id)", "Plans": [{"Node Type": "Seq Scan", "Parent Relationship": "Outer", "Relation Name": "company_type", "Alias": "ct", "Startup Cost": 0.0, "Total Cost": 1.03, "Plan Rows": 3, "Plan Width": 4}, {"Node Type": "Materialize", "Parent Relationship": "Inner", "Startup Cost": 0.0, "Total Cost": 278574.57, "Plan Rows": 2, "Plan Width": 37, "Plans": [{"Node Type": "Streaming(type: LOCAL GATHER dop: 1/16)", "Parent Relationship": "Outer", "Startup Cost": 0.0, "Total Cost": 278574.56, "Plan Rows": 2, "Plan Width": 37, "Plans": [{"Node Type": "Nested Loop", "Parent Relationship": "Outer", "Join Type": "Inner", "Startup Cost": 0.0, "Total Cost": 278574.52, "Plan Rows": 2, "Plan Width": 37, "Inner Unique": false, "Join Filter": "(ci.person_role_id = chn.id)", "Plans": [{"Node Type": "Seq Scan", "Parent Relationship": "Outer", "Relation Name": "char_name", "Alias": "chn", "Startup Cost": 0.0, "Total Cost": 19218.34, "Plan Rows": 3140338, "Plan Width": 20}, {"Node Type": "Materialize", "Parent Relationship": "Inner", "Startup Cost": 0.0, "Total Cost": 244635.86, "Plan Rows": 80, "Plan Width": 25, "Plans": [{"Node Type": "Streaming(type: BROADCAST dop: 16/16)", "Parent Relationship": "Outer", "Startup Cost": 0.0, "Total Cost": 244635.83, "Plan Rows": 80, "Plan Width": 25, "Plans": [{"Node Type": "Nested Loop", "Parent Relationship": "Outer", "Join Type": "Inner", "Startup Cost": 0.0, "Total Cost": 229635.63, "Plan Rows": 5, "Plan Width": 25, "Inner Unique": false, "Join Filter": "(mc.movie_id = t.id)", "Plans": [{"Node Type": "Seq Scan", "Parent Relationship": "Outer", "Relation Name": "title", "Alias": "t", "Startup Cost": 0.0, "Total Cost": 19149.37, "Plan Rows": 1013492, "Plan Width": 21, "Filter": "(production_year > 2005), (LLVM Optimized)"}, {"Node Type": "Materialize", "Parent Relationship": "Inner", "Startup Cost": 0.0, "Total Cost": 204785.39, "Plan Rows": 96, "Plan Width": 16, "Plans": [{"Node Type": "Streaming(type: BROADCAST dop: 16/16)", "Parent Relationship": "Outer", "Startup Cost": 0.0, "Total Cost": 204785.36, "Plan Rows": 96, "Plan Width": 16, "Plans": [{"Node Type": "Nested Loop", "Parent Relationship": "Outer", "Join Type": "Inner", "Startup Cost": 0.0, "Total Cost": 189785.11, "Plan Rows": 6, "Plan Width": 16, "Inner Unique": false, "Join Filter": "(ci.movie_id = mc.movie_id)", "Plans": [{"Node Type": "Streaming(type: BROADCAST dop: 16/1)", "Parent Relationship": "Outer", "Startup Cost": 0.0, "Total Cost": 80409.42, "Plan Rows": 32432, "Plan Width": 8, "Plans": [{"Node Type": "Nested Loop", "Parent Relationship": "Outer", "Join Type": "Inner", "Startup Cost": 0.0, "Total Cost": 64709.47, "Plan Rows": 2027, "Plan Width": 8, "Inner Unique": false, "Join Filter": "(ci.role_id = rt.id)", "Plans": [{"Node Type": "Seq Scan", "Parent Relationship": "Outer", "Relation Name": "role_type", "Alias": "rt", "Startup Cost": 0.0, "Total Cost": 1.15, "Plan Rows": 1, "Plan Width": 4, "Filter": "((role)::text = 'actor'::text)"}, {"Node Type": "Materialize", "Parent Relationship": "Inner", "Startup Cost": 0.0, "Total Cost": 64485.37, "Plan Rows": 22295, "Plan Width": 12, "Plans": [{"Node Type": "Streaming(type: LOCAL GATHER dop: 1/16)", "Parent Relationship": "Outer", "Startup Cost": 0.0, "Total Cost": 64429.63, "Plan Rows": 22295, "Plan Width": 12, "Plans": [{"Node Type": "Seq Scan", "Parent Relationship": "Outer", "Relation Name": "cast_info", "Alias": "ci", "Startup Cost": 0.0, "Total Cost": 63948.46, "Plan Rows": 22295, "Plan Width": 12, "Filter": "(((note)::text ~~ '%(voice)%'::text) AND ((note)::text ~~ '%(uncredited)%'::text))"}]}]}]}]}, {"Node Type": "Materialize", "Parent Relationship": "Inner", "Startup Cost": 0.0, "Total Cost": 102195.0, "Plan Rows": 3779, "Plan Width": 8, "Plans": [{"Node Type": "Nested Loop", "Parent Relationship": "Outer", "Join Type": "Inner", "Startup Cost": 0.0, "Total Cost": 102193.82, "Plan Rows": 3779, "Plan Width": 8, "Inner Unique": false, "Join Filter": "(cn.id = mc.company_id)", "Plans": [{"Node Type": "Streaming(type: LOCAL REDISTRIBUTE dop: 16/1)", "Parent Relationship": "Outer", "Startup Cost": 0.0, "Total Cost": 20913.89, "Plan Rows": 251, "Plan Width": 4, "Plans": [{"Node Type": "Seq Scan", "Parent Relationship": "Outer", "Relation Name": "company_name", "Alias": "cn", "Startup Cost": 0.0, "Total Cost": 5903.45, "Plan Rows": 251, "Plan Width": 4, "Filter": "((country_code)::text = '[ru]'::text)"}]}, {"Node Type": "Materialize", "Parent Relationship": "Inner", "Startup Cost": 0.0, "Total Cost": 43315.08, "Plan Rows": 2609128, "Plan Width": 12, "Plans": [{"Node Type": "Streaming(type: LOCAL REDISTRIBUTE dop: 16/16)", "Parent Relationship": "Outer", "Startup Cost": 0.0, "Total Cost": 42499.73, "Plan Rows": 2609128, "Plan Width": 12, "Plans": [{"Node Type": "Seq Scan", "Parent Relationship": "Outer", "Relation Name": "movie_companies", "Alias": "mc", "Startup Cost": 0.0, "Total Cost": 17613.58, "Plan Rows": 2609128, "Plan Width": 12}]}]}]}]}]}]}]}]}]}]}]}]}]}]}]}, "Unique SQL Id": 2933943827, "Planner Runtime": 12}, "explain_analyze_plan": null}, "(16, 127)": {"explain_plan": {"Plan": {"Node Type": "Aggregate", "Strategy": "Plain", "Startup Cost": 7000198710057.34, "Total Cost": 7000198710057.35, "Plan Rows": 1, "Plan Width": 97, "Plans": [{"Node Type": "Nested Loop", "Parent Relationship": "Outer", "Join Type": "Inner", "Startup Cost": 70000000000.0, "Total Cost": 7000198710057.33, "Plan Rows": 2, "Plan Width": 33, "Inner Unique": true, "Join Filter": "(mc.company_type_id = ct.id)", "Plans": [{"Node Type": "Nested Loop", "Parent Relationship": "Outer", "Join Type": "Inner", "Startup Cost": 60000000000.0, "Total Cost": 6000198708827.73, "Plan Rows": 2, "Plan Width": 37, "Inner Unique": true, "Join Filter": "(ci.person_role_id = chn.id)", "Plans": [{"Node Type": "Nested Loop", "Parent Relationship": "Outer", "Join Type": "Inner", "Startup Cost": 50000000000.0, "Total Cost": 5000185477906.03, "Plan Rows": 5, "Plan Width": 25, "Inner Unique": true, "Join Filter": "(mc.movie_id = t.id)", "Plans": [{"Node Type": "Nested Loop", "Parent Relationship": "Outer", "Join Type": "Inner", "Startup Cost": 40000000000.0, "Total Cost": 4000173740031.35, "Plan Rows": 6, "Plan Width": 16, "Inner Unique": true, "Join Filter": "(ci.role_id = rt.id)", "Plans": [{"Node Type": "Nested Loop", "Parent Relationship": "Outer", "Join Type": "Inner", "Startup Cost": 30000000000.0, "Total Cost": 3000173738784.33, "Plan Rows": 68, "Plan Width": 20, "Inner Unique": false, "Join Filter": "(mc.movie_id = ci.movie_id)", "Plans": [{"Node Type": "Nested Loop", "Parent Relationship": "Outer", "Join Type": "Inner", "Startup Cost": 20000000000.0, "Total Cost": 2000020191723.52, "Plan Rows": 3779, "Plan Width": 8, "Inner Unique": true, "Join Filter": "(cn.id = mc.company_id)", "Plans": [{"Node Type": "Index Scan", "Parent Relationship": "Outer", "Scan Direction": "Forward", "Index Name": "company_type_id_movie_companies", "Relation Name": "movie_companies", "Alias": "mc", "Startup Cost": 10000000000.0, "Total Cost": 1000009318217.0, "Plan Rows": 2609128, "Plan Width": 12}, {"Node Type": "Materialize", "Parent Relationship": "Inner", "Startup Cost": 10000000000.0, "Total Cost": 1000001050140.22, "Plan Rows": 251, "Plan Width": 4, "Plans": [{"Node Type": "Index Scan", "Parent Relationship": "Outer", "Scan Direction": "Forward", "Index Name": "company_name_pkey", "Relation Name": "company_name", "Alias": "cn", "Startup Cost": 10000000000.0, "Total Cost": 1000001050138.97, "Plan Rows": 251, "Plan Width": 4, "Filter": "((country_code)::text = '[ru]'::text)"}]}]}, {"Node Type": "Materialize", "Parent Relationship": "Inner", "Startup Cost": 10000000000.0, "Total Cost": 1000152283324.47, "Plan Rows": 22295, "Plan Width": 12, "Plans": [{"Node Type": "Index Scan", "Parent Relationship": "Outer", "Scan Direction": "Forward", "Index Name": "role_id_cast_info", "Relation Name": "cast_info", "Alias": "ci", "Startup Cost": 10000000000.0, "Total Cost": 1000152283213.0, "Plan Rows": 22295, "Plan Width": 12, "Filter": "(((note)::text ~~ '%(voice)%'::text) AND ((note)::text ~~ '%(uncredited)%'::text))"}]}]}, {"Node Type": "Materialize", "Parent Relationship": "Inner", "Startup Cost": 10000000000.0, "Total Cost": 1000000001246.0, "Plan Rows": 1, "Plan Width": 4, "Plans": [{"Node Type": "Index Scan", "Parent Relationship": "Outer", "Scan Direction": "Forward", "Index Name": "role_type_pkey", "Relation Name": "role_type", "Alias": "rt", "Startup Cost": 10000000000.0, "Total Cost": 1000000001246.0, "Plan Rows": 1, "Plan Width": 4, "Filter": "((role)::text = 'actor'::text)"}]}]}, {"Node Type": "Materialize", "Parent Relationship": "Inner", "Startup Cost": 10000000000.0, "Total Cost": 1000011649194.12, "Plan Rows": 1013492, "Plan Width": 21, "Plans": [{"Node Type": "Index Scan", "Parent Relationship": "Outer", "Scan Direction": "Forward", "Index Name": "title_pkey", "Relation Name": "title", "Alias": "t", "Startup Cost": 10000000000.0, "Total Cost": 1000011644126.66, "Plan Rows": 1013492, "Plan Width": 21, "Filter": "(production_year > 2005), (LLVM Optimized)"}]}]}, {"Node Type": "Materialize", "Parent Relationship": "Inner", "Startup Cost": 10000000000.0, "Total Cost": 1000013003247.2, "Plan Rows": 3140338, "Plan Width": 20, "Plans": [{"Node Type": "Index Scan", "Parent Relationship": "Outer", "Scan Direction": "Forward", "Index Name": "char_name_pkey", "Relation Name": "char_name", "Alias": "chn", "Startup Cost": 10000000000.0, "Total Cost": 1000012987545.51, "Plan Rows": 3140338, "Plan Width": 20}]}]}, {"Node Type": "Materialize", "Parent Relationship": "Inner", "Startup Cost": 10000000000.0, "Total Cost": 1000000001229.52, "Plan Rows": 3, "Plan Width": 4, "Plans": [{"Node Type": "Index Scan", "Parent Relationship": "Outer", "Scan Direction": "Forward", "Index Name": "company_type_pkey", "Relation Name": "company_type", "Alias": "ct", "Startup Cost": 10000000000.0, "Total Cost": 1000000001229.5, "Plan Rows": 3, "Plan Width": 4}]}]}]}, "Unique SQL Id": 2933943827, "Planner Runtime": 5}, "explain_analyze_plan": null}, "(64, 0)": {"explain_plan": {"Plan": {"Node Type": "Aggregate", "Strategy": "Plain", "Startup Cost": 19897.43, "Total Cost": 19897.44, "Plan Rows": 1, "Plan Width": 97, "Plans": [{"Node Type": "Nested Loop", "Parent Relationship": "Outer", "Join Type": "Inner", "Startup Cost": 0.0, "Total Cost": 19897.42, "Plan Rows": 2, "Plan Width": 33, "Inner Unique": true, "Plans": [{"Node Type": "Nested Loop", "Parent Relationship": "Outer", "Join Type": "Inner", "Startup Cost": 0.0, "Total Cost": 19896.86, "Plan Rows": 2, "Plan Width": 37, "Inner Unique": true, "Plans": [{"Node Type": "Nested Loop", "Parent Relationship": "Outer", "Join Type": "Inner", "Startup Cost": 0.0, "Total Cost": 19869.97, "Plan Rows": 5, "Plan Width": 25, "Inner Unique": true, "Plans": [{"Node Type": "Nested Loop", "Parent Relationship": "Outer", "Join Type": "Inner", "Startup Cost": 0.0, "Total Cost": 19867.87, "Plan Rows": 6, "Plan Width": 16, "Inner Unique": false, "Join Filter": "(ci.role_id = rt.id)", "Plans": [{"Node Type": "Seq Scan", "Parent Relationship": "Outer", "Relation Name": "role_type", "Alias": "rt", "Startup Cost": 0.0, "Total Cost": 1.15, "Plan Rows": 1, "Plan Width": 4, "Filter": "((role)::text = 'actor'::text)"}, {"Node Type": "Nested Loop", "Parent Relationship": "Inner", "Join Type": "Inner", "Startup Cost": 0.0, "Total Cost": 19865.87, "Plan Rows": 68, "Plan Width": 20, "Inner Unique": false, "Plans": [{"Node Type": "Nested Loop", "Parent Relationship": "Outer", "Join Type": "Inner", "Startup Cost": 0.0, "Total Cost": 16121.55, "Plan Rows": 3779, "Plan Width": 8, "Inner Unique": false, "Plans": [{"Node Type": "Seq Scan", "Parent Relationship": "Outer", "Relation Name": "company_name", "Alias": "cn", "Startup Cost": 0.0, "Total Cost": 5903.45, "Plan Rows": 251, "Plan Width": 4, "Filter": "((country_code)::text = '[ru]'::text)"}, {"Node Type": "Index Scan", "Parent Relationship": "Inner", "Scan Direction": "Forward", "Index Name": "company_id_movie_companies", "Relation Name": "movie_companies", "Alias": "mc", "Startup Cost": 0.0, "Total Cost": 40.56, "Plan Rows": 15, "Plan Width": 12, "Index Cond": "(company_id = cn.id)"}]}, {"Node Type": "Index Scan", "Parent Relationship": "Inner", "Scan Direction": "Forward", "Index Name": "movie_id_cast_info", "Relation Name": "cast_info", "Alias": "ci", "Startup Cost": 0.0, "Total Cost": 0.98, "Plan Rows": 1, "Plan Width": 12, "Index Cond": "(movie_id = mc.movie_id)", "Filter": "(((note)::text ~~ '%(voice)%'::text) AND ((note)::text ~~ '%(uncredited)%'::text))"}]}]}, {"Node Type": "Index Scan", "Parent Relationship": "Inner", "Scan Direction": "Forward", "Index Name": "title_pkey", "Relation Name": "title", "Alias": "t", "Startup Cost": 0.0, "Total Cost": 0.34, "Plan Rows": 1, "Plan Width": 21, "Index Cond": "(id = mc.movie_id)", "Filter": "(production_year > 2005)"}]}, {"Node Type": "Index Scan", "Parent Relationship": "Inner", "Scan Direction": "Forward", "Index Name": "char_name_pkey", "Relation Name": "char_name", "Alias": "chn", "Startup Cost": 0.0, "Total Cost": 5.37, "Plan Rows": 1, "Plan Width": 20, "Index Cond": "(id = ci.person_role_id)"}]}, {"Node Type": "Index Only Scan", "Parent Relationship": "Inner", "Scan Direction": "Forward", "Index Name": "company_type_pkey", "Relation Name": "company_type", "Alias": "ct", "Startup Cost": 0.0, "Total Cost": 0.27, "Plan Rows": 1, "Plan Width": 4, "Index Cond": "(id = mc.company_type_id)"}]}]}, "Unique SQL Id": 2933943827, "Planner Runtime": 22}, "explain_analyze_plan": {"Plan": {"Node Type": "Aggregate", "Strategy": "Plain", "Startup Cost": 19897.43, "Total Cost": 19897.44, "Plan Rows": 1, "Plan Width": 97, "Actual Startup Time": 807.225, "Actual Total Time": 807.226, "Actual Rows": 1, "Actual Loops": 1, "Plans": [{"Node Type": "Nested Loop", "Parent Relationship": "Outer", "Join Type": "Inner", "Startup Cost": 0.0, "Total Cost": 19897.42, "Plan Rows": 2, "Plan Width": 33, "Actual Startup Time": 45.255, "Actual Total Time": 807.116, "Actual Rows": 18, "Actual Loops": 1, "Inner Unique": true, "Plans": [{"Node Type": "Nested Loop", "Parent Relationship": "Outer", "Join Type": "Inner", "Startup Cost": 0.0, "Total Cost": 19896.86, "Plan Rows": 2, "Plan Width": 37, "Actual Startup Time": 9.393, "Actual Total Time": 806.783, "Actual Rows": 104, "Actual Loops": 1, "Inner Unique": true, "Plans": [{"Node Type": "Nested Loop", "Parent Relationship": "Outer", "Join Type": "Inner", "Startup Cost": 0.0, "Total Cost": 19869.97, "Plan Rows": 5, "Plan Width": 25, "Actual Startup Time": 9.382, "Actual Total Time": 805.777, "Actual Rows": 112, "Actual Loops": 1, "Inner Unique": true, "Plans": [{"Node Type": "Nested Loop", "Parent Relationship": "Outer", "Join Type": "Inner", "Startup Cost": 0.0, "Total Cost": 19867.87, "Plan Rows": 6, "Plan Width": 16, "Actual Startup Time": 0.829, "Actual Total Time": 803.535, "Actual Rows": 275, "Actual Loops": 1, "Inner Unique": false, "Join Filter": "(ci.role_id = rt.id)", "Rows Removed by Join Filter": 102, "Plans": [{"Node Type": "Seq Scan", "Parent Relationship": "Outer", "Relation Name": "role_type", "Alias": "rt", "Startup Cost": 0.0, "Total Cost": 1.15, "Plan Rows": 1, "Plan Width": 4, "Actual Startup Time": 0.027, "Actual Total Time": 0.031, "Actual Rows": 1, "Actual Loops": 1, "Filter": "((role)::text = 'actor'::text)", "Rows Removed by Filter": 11}, {"Node Type": "Nested Loop", "Parent Relationship": "Inner", "Join Type": "Inner", "Startup Cost": 0.0, "Total Cost": 19865.87, "Plan Rows": 68, "Plan Width": 20, "Actual Startup Time": 0.793, "Actual Total Time": 803.216, "Actual Rows": 377, "Actual Loops": 1, "Inner Unique": false, "Plans": [{"Node Type": "Nested Loop", "Parent Relationship": "Outer", "Join Type": "Inner", "Startup Cost": 0.0, "Total Cost": 16121.55, "Plan Rows": 3779, "Plan Width": 8, "Actual Startup Time": 0.051, "Actual Total Time": 107.855, "Actual Rows": 8790, "Actual Loops": 1, "Inner Unique": false, "Plans": [{"Node Type": "Seq Scan", "Parent Relationship": "Outer", "Relation Name": "company_name", "Alias": "cn", "Startup Cost": 0.0, "Total Cost": 5903.45, "Plan Rows": 251, "Plan Width": 4, "Actual Startup Time": 0.033, "Actual Total Time": 82.985, "Actual Rows": 1361, "Actual Loops": 1, "Filter": "((country_code)::text = '[ru]'::text)", "Rows Removed by Filter": 233635}, {"Node Type": "Index Scan", "Parent Relationship": "Inner", "Scan Direction": "Forward", "Index Name": "company_id_movie_companies", "Relation Name": "movie_companies", "Alias": "mc", "Startup Cost": 0.0, "Total Cost": 40.56, "Plan Rows": 15, "Plan Width": 12, "Actual Startup Time": 8.733, "Actual Total Time": 21.453, "Actual Rows": 8790, "Actual Loops": 1361, "Index Cond": "(company_id = cn.id)", "Rows Removed by Index Recheck": 0}]}, {"Node Type": "Index Scan", "Parent Relationship": "Inner", "Scan Direction": "Forward", "Index Name": "movie_id_cast_info", "Relation Name": "cast_info", "Alias": "ci", "Startup Cost": 0.0, "Total Cost": 0.98, "Plan Rows": 1, "Plan Width": 12, "Actual Startup Time": 650.914, "Actual Total Time": 689.985, "Actual Rows": 377, "Actual Loops": 8790, "Index Cond": "(movie_id = mc.movie_id)", "Rows Removed by Index Recheck": 0, "Filter": "(((note)::text ~~ '%(voice)%'::text) AND ((note)::text ~~ '%(uncredited)%'::text))", "Rows Removed by Filter": 408168}]}]}, {"Node Type": "Index Scan", "Parent Relationship": "Inner", "Scan Direction": "Forward", "Index Name": "title_pkey", "Relation Name": "title", "Alias": "t", "Startup Cost": 0.0, "Total Cost": 0.34, "Plan Rows": 1, "Plan Width": 21, "Actual Startup Time": 1.834, "Actual Total Time": 1.834, "Actual Rows": 112, "Actual Loops": 275, "Index Cond": "(id = mc.movie_id)", "Rows Removed by Index Recheck": 0, "Filter": "(production_year > 2005)", "Rows Removed by Filter": 163}]}, {"Node Type": "Index Scan", "Parent Relationship": "Inner", "Scan Direction": "Forward", "Index Name": "char_name_pkey", "Relation Name": "char_name", "Alias": "chn", "Startup Cost": 0.0, "Total Cost": 5.37, "Plan Rows": 1, "Plan Width": 20, "Actual Startup Time": 0.772, "Actual Total Time": 0.772, "Actual Rows": 104, "Actual Loops": 112, "Index Cond": "(id = ci.person_role_id)", "Rows Removed by Index Recheck": 0}]}, {"Node Type": "Index Only Scan", "Parent Relationship": "Inner", "Scan Direction": "Forward", "Index Name": "company_type_pkey", "Relation Name": "company_type", "Alias": "ct", "Startup Cost": 0.0, "Total Cost": 0.27, "Plan Rows": 1, "Plan Width": 4, "Actual Startup Time": 0.201, "Actual Total Time": 0.201, "Actual Rows": 18, "Actual Loops": 104, "Index Cond": "(id = mc.company_type_id)", "Rows Removed by Index Recheck": 0, "Heap Fetches": 0}]}]}, "Triggers": [], "Planner Runtime": 6, "Total Runtime": 807.578, "Unique SQL Id": 2933943827}}, "(64, 1)": {"explain_plan": {"Plan": {"Node Type": "Aggregate", "Strategy": "Plain", "Startup Cost": 22688.03, "Total Cost": 22688.04, "Plan Rows": 1, "Plan Width": 97, "Plans": [{"Node Type": "Nested Loop", "Parent Relationship": "Outer", "Join Type": "Inner", "Startup Cost": 2779.29, "Total Cost": 22688.02, "Plan Rows": 2, "Plan Width": 33, "Inner Unique": true, "Plans": [{"Node Type": "Nested Loop", "Parent Relationship": "Outer", "Join Type": "Inner", "Startup Cost": 2779.29, "Total Cost": 22687.46, "Plan Rows": 2, "Plan Width": 37, "Inner Unique": true, "Plans": [{"Node Type": "Nested Loop", "Parent Relationship": "Outer", "Join Type": "Inner", "Startup Cost": 2779.29, "Total Cost": 22660.57, "Plan Rows": 5, "Plan Width": 25, "Inner Unique": true, "Plans": [{"Node Type": "Nested Loop", "Parent Relationship": "Outer", "Join Type": "Inner", "Startup Cost": 2779.29, "Total Cost": 22658.47, "Plan Rows": 6, "Plan Width": 16, "Inner Unique": false, "Join Filter": "(ci.role_id = rt.id)", "Plans": [{"Node Type": "Index Scan", "Parent Relationship": "Outer", "Scan Direction": "Forward", "Index Name": "role_type_pkey", "Relation Name": "role_type", "Alias": "rt", "Startup Cost": 0.0, "Total Cost": 12.46, "Plan Rows": 1, "Plan Width": 4, "Filter": "((role)::text = 'actor'::text)"}, {"Node Type": "Nested Loop", "Parent Relationship": "Inner", "Join Type": "Inner", "Startup Cost": 2779.29, "Total Cost": 22645.16, "Plan Rows": 68, "Plan Width": 20, "Inner Unique": false, "Plans": [{"Node Type": "Nested Loop", "Parent Relationship": "Outer", "Join Type": "Inner", "Startup Cost": 2779.29, "Total Cost": 18900.84, "Plan Rows": 3779, "Plan Width": 8, "Inner Unique": false, "Plans": [{"Node Type": "Bitmap Heap Scan", "Parent Relationship": "Outer", "Relation Name": "company_name", "Alias": "cn", "Startup Cost": 2779.29, "Total Cost": 8682.74, "Plan Rows": 251, "Plan Width": 4, "Filter": "((country_code)::text = '[ru]'::text)", "Plans": [{"Node Type": "Bitmap Index Scan", "Parent Relationship": "Outer", "Index Name": "company_name_pkey", "Startup Cost": 0.0, "Total Cost": 2779.23, "Plan Rows": 234996, "Plan Width": 0}]}, {"Node Type": "Index Scan", "Parent Relationship": "Inner", "Scan Direction": "Forward", "Index Name": "company_id_movie_companies", "Relation Name": "movie_companies", "Alias": "mc", "Startup Cost": 0.0, "Total Cost": 40.56, "Plan Rows": 15, "Plan Width": 12, "Index Cond": "(company_id = cn.id)"}]}, {"Node Type": "Index Scan", "Parent Relationship": "Inner", "Scan Direction": "Forward", "Index Name": "movie_id_cast_info", "Relation Name": "cast_info", "Alias": "ci", "Startup Cost": 0.0, "Total Cost": 0.98, "Plan Rows": 1, "Plan Width": 12, "Index Cond": "(movie_id = mc.movie_id)", "Filter": "(((note)::text ~~ '%(voice)%'::text) AND ((note)::text ~~ '%(uncredited)%'::text))"}]}]}, {"Node Type": "Index Scan", "Parent Relationship": "Inner", "Scan Direction": "Forward", "Index Name": "title_pkey", "Relation Name": "title", "Alias": "t", "Startup Cost": 0.0, "Total Cost": 0.34, "Plan Rows": 1, "Plan Width": 21, "Index Cond": "(id = mc.movie_id)", "Filter": "(production_year > 2005)"}]}, {"Node Type": "Index Scan", "Parent Relationship": "Inner", "Scan Direction": "Forward", "Index Name": "char_name_pkey", "Relation Name": "char_name", "Alias": "chn", "Startup Cost": 0.0, "Total Cost": 5.37, "Plan Rows": 1, "Plan Width": 20, "Index Cond": "(id = ci.person_role_id)"}]}, {"Node Type": "Index Only Scan", "Parent Relationship": "Inner", "Scan Direction": "Forward", "Index Name": "company_type_pkey", "Relation Name": "company_type", "Alias": "ct", "Startup Cost": 0.0, "Total Cost": 0.27, "Plan Rows": 1, "Plan Width": 4, "Index Cond": "(id = mc.company_type_id)"}]}]}, "Unique SQL Id": 2933943827, "Planner Runtime": 17}, "explain_analyze_plan": {"Plan": {"Node Type": "Aggregate", "Strategy": "Plain", "Startup Cost": 22688.03, "Total Cost": 22688.04, "Plan Rows": 1, "Plan Width": 97, "Actual Startup Time": 886.686, "Actual Total Time": 886.686, "Actual Rows": 1, "Actual Loops": 1, "Plans": [{"Node Type": "Nested Loop", "Parent Relationship": "Outer", "Join Type": "Inner", "Startup Cost": 2779.29, "Total Cost": 22688.02, "Plan Rows": 2, "Plan Width": 33, "Actual Startup Time": 68.107, "Actual Total Time": 886.57, "Actual Rows": 18, "Actual Loops": 1, "Inner Unique": true, "Plans": [{"Node Type": "Nested Loop", "Parent Relationship": "Outer", "Join Type": "Inner", "Startup Cost": 2779.29, "Total Cost": 22687.46, "Plan Rows": 2, "Plan Width": 37, "Actual Startup Time": 30.688, "Actual Total Time": 886.228, "Actual Rows": 104, "Actual Loops": 1, "Inner Unique": true, "Plans": [{"Node Type": "Nested Loop", "Parent Relationship": "Outer", "Join Type": "Inner", "Startup Cost": 2779.29, "Total Cost": 22660.57, "Plan Rows": 5, "Plan Width": 25, "Actual Startup Time": 30.675, "Actual Total Time": 885.174, "Actual Rows": 112, "Actual Loops": 1, "Inner Unique": true, "Plans": [{"Node Type": "Nested Loop", "Parent Relationship": "Outer", "Join Type": "Inner", "Startup Cost": 2779.29, "Total Cost": 22658.47, "Plan Rows": 6, "Plan Width": 16, "Actual Startup Time": 21.765, "Actual Total Time": 882.885, "Actual Rows": 275, "Actual Loops": 1, "Inner Unique": false, "Join Filter": "(ci.role_id = rt.id)", "Rows Removed by Join Filter": 102, "Plans": [{"Node Type": "Index Scan", "Parent Relationship": "Outer", "Scan Direction": "Forward", "Index Name": "role_type_pkey", "Relation Name": "role_type", "Alias": "rt", "Startup Cost": 0.0, "Total Cost": 12.46, "Plan Rows": 1, "Plan Width": 4, "Actual Startup Time": 0.026, "Actual Total Time": 0.036, "Actual Rows": 1, "Actual Loops": 1, "Filter": "((role)::text = 'actor'::text)", "Rows Removed by Filter": 11}, {"Node Type": "Nested Loop", "Parent Relationship": "Inner", "Join Type": "Inner", "Startup Cost": 2779.29, "Total Cost": 22645.16, "Plan Rows": 68, "Plan Width": 20, "Actual Startup Time": 21.729, "Actual Total Time": 882.549, "Actual Rows": 377, "Actual Loops": 1, "Inner Unique": false, "Plans": [{"Node Type": "Nested Loop", "Parent Relationship": "Outer", "Join Type": "Inner", "Startup Cost": 2779.29, "Total Cost": 18900.84, "Plan Rows": 3779, "Plan Width": 8, "Actual Startup Time": 20.828, "Actual Total Time": 177.333, "Actual Rows": 8790, "Actual Loops": 1, "Inner Unique": false, "Plans": [{"Node Type": "Bitmap Heap Scan", "Parent Relationship": "Outer", "Relation Name": "company_name", "Alias": "cn", "Startup Cost": 2779.29, "Total Cost": 8682.74, "Plan Rows": 251, "Plan Width": 4, "Actual Startup Time": 20.803, "Actual Total Time": 152.123, "Actual Rows": 1361, "Actual Loops": 1, "Filter": "((country_code)::text = '[ru]'::text)", "Rows Removed by Filter": 233635, "Exact Heap Blocks": 2966, "Lossy Heap Blocks": 2966, "Plans": [{"Node Type": "Bitmap Index Scan", "Parent Relationship": "Outer", "Index Name": "company_name_pkey", "Startup Cost": 0.0, "Total Cost": 2779.23, "Plan Rows": 234996, "Plan Width": 0, "Actual Startup Time": 20.317, "Actual Total Time": 20.317, "Actual Rows": 234996, "Actual Loops": 1}]}, {"Node Type": "Index Scan", "Parent Relationship": "Inner", "Scan Direction": "Forward", "Index Name": "company_id_movie_companies", "Relation Name": "movie_companies", "Alias": "mc", "Startup Cost": 0.0, "Total Cost": 40.56, "Plan Rows": 15, "Plan Width": 12, "Actual Startup Time": 8.872, "Actual Total Time": 21.76, "Actual Rows": 8790, "Actual Loops": 1361, "Index Cond": "(company_id = cn.id)", "Rows Removed by Index Recheck": 0}]}, {"Node Type": "Index Scan", "Parent Relationship": "Inner", "Scan Direction": "Forward", "Index Name": "movie_id_cast_info", "Relation Name": "cast_info", "Alias": "ci", "Startup Cost": 0.0, "Total Cost": 0.98, "Plan Rows": 1, "Plan Width": 12, "Actual Startup Time": 659.474, "Actual Total Time": 699.702, "Actual Rows": 377, "Actual Loops": 8790, "Index Cond": "(movie_id = mc.movie_id)", "Rows Removed by Index Recheck": 0, "Filter": "(((note)::text ~~ '%(voice)%'::text) AND ((note)::text ~~ '%(uncredited)%'::text))", "Rows Removed by Filter": 408168}]}]}, {"Node Type": "Index Scan", "Parent Relationship": "Inner", "Scan Direction": "Forward", "Index Name": "title_pkey", "Relation Name": "title", "Alias": "t", "Startup Cost": 0.0, "Total Cost": 0.34, "Plan Rows": 1, "Plan Width": 21, "Actual Startup Time": 1.884, "Actual Total Time": 1.884, "Actual Rows": 112, "Actual Loops": 275, "Index Cond": "(id = mc.movie_id)", "Rows Removed by Index Recheck": 0, "Filter": "(production_year > 2005)", "Rows Removed by Filter": 163}]}, {"Node Type": "Index Scan", "Parent Relationship": "Inner", "Scan Direction": "Forward", "Index Name": "char_name_pkey", "Relation Name": "char_name", "Alias": "chn", "Startup Cost": 0.0, "Total Cost": 5.37, "Plan Rows": 1, "Plan Width": 20, "Actual Startup Time": 0.829, "Actual Total Time": 0.829, "Actual Rows": 104, "Actual Loops": 112, "Index Cond": "(id = ci.person_role_id)", "Rows Removed by Index Recheck": 0}]}, {"Node Type": "Index Only Scan", "Parent Relationship": "Inner", "Scan Direction": "Forward", "Index Name": "company_type_pkey", "Relation Name": "company_type", "Alias": "ct", "Startup Cost": 0.0, "Total Cost": 0.27, "Plan Rows": 1, "Plan Width": 4, "Actual Startup Time": 0.181, "Actual Total Time": 0.181, "Actual Rows": 18, "Actual Loops": 104, "Index Cond": "(id = mc.company_type_id)", "Rows Removed by Index Recheck": 0, "Heap Fetches": 0}]}]}, "Triggers": [], "Planner Runtime": 6, "Total Runtime": 887.084, "Unique SQL Id": 2933943827}}, "(64, 2)": {"explain_plan": {"Plan": {"Node Type": "Aggregate", "Strategy": "Plain", "Startup Cost": 38342.48, "Total Cost": 38342.49, "Plan Rows": 1, "Plan Width": 97, "Plans": [{"Node Type": "Nested Loop", "Parent Relationship": "Outer", "Join Type": "Inner", "Startup Cost": 7.4, "Total Cost": 38342.47, "Plan Rows": 2, "Plan Width": 33, "Inner Unique": false, "Join Filter": "(mc.company_type_id = ct.id)", "Plans": [{"Node Type": "Seq Scan", "Parent Relationship": "Outer", "Relation Name": "company_type", "Alias": "ct", "Startup Cost": 0.0, "Total Cost": 1.03, "Plan Rows": 3, "Plan Width": 4}, {"Node Type": "Materialize", "Parent Relationship": "Inner", "Startup Cost": 7.4, "Total Cost": 38341.35, "Plan Rows": 2, "Plan Width": 37, "Plans": [{"Node Type": "Nested Loop", "Parent Relationship": "Outer", "Join Type": "Inner", "Startup Cost": 7.4, "Total Cost": 38341.34, "Plan Rows": 2, "Plan Width": 37, "Inner Unique": true, "Plans": [{"Node Type": "Nested Loop", "Parent Relationship": "Outer", "Join Type": "Inner", "Startup Cost": 7.13, "Total Cost": 38328.45, "Plan Rows": 3, "Plan Width": 28, "Inner Unique": true, "Plans": [{"Node Type": "Nested Loop", "Parent Relationship": "Outer", "Join Type": "Inner", "Startup Cost": 4.83, "Total Cost": 38290.52, "Plan Rows": 6, "Plan Width": 16, "Inner Unique": false, "Join Filter": "(ci.role_id = rt.id)", "Plans": [{"Node Type": "Seq Scan", "Parent Relationship": "Outer", "Relation Name": "role_type", "Alias": "rt", "Startup Cost": 0.0, "Total Cost": 1.15, "Plan Rows": 1, "Plan Width": 4, "Filter": "((role)::text = 'actor'::text)"}, {"Node Type": "Nested Loop", "Parent Relationship": "Inner", "Join Type": "Inner", "Startup Cost": 4.83, "Total Cost": 38288.52, "Plan Rows": 68, "Plan Width": 20, "Inner Unique": false, "Plans": [{"Node Type": "Nested Loop", "Parent Relationship": "Outer", "Join Type": "Inner", "Startup Cost": 4.32, "Total Cost": 20813.55, "Plan Rows": 3779, "Plan Width": 8, "Inner Unique": false, "Plans": [{"Node Type": "Seq Scan", "Parent Relationship": "Outer", "Relation Name": "company_name", "Alias": "cn", "Startup Cost": 0.0, "Total Cost": 5903.45, "Plan Rows": 251, "Plan Width": 4, "Filter": "((country_code)::text = '[ru]'::text)"}, {"Node Type": "Bitmap Heap Scan", "Parent Relationship": "Inner", "Relation Name": "movie_companies", "Alias": "mc", "Startup Cost": 4.32, "Total Cost": 59.25, "Plan Rows": 15, "Plan Width": 12, "Recheck Cond": "(company_id = cn.id)", "Plans": [{"Node Type": "Bitmap Index Scan", "Parent Relationship": "Outer", "Index Name": "company_id_movie_companies", "Startup Cost": 0.0, "Total Cost": 4.31, "Plan Rows": 15, "Plan Width": 0, "Index Cond": "(company_id = cn.id)"}]}]}, {"Node Type": "Bitmap Heap Scan", "Parent Relationship": "Inner", "Relation Name": "cast_info", "Alias": "ci", "Startup Cost": 0.51, "Total Cost": 4.61, "Plan Rows": 1, "Plan Width": 12, "Recheck Cond": "(movie_id = mc.movie_id)", "Filter": "(((note)::text ~~ '%(voice)%'::text) AND ((note)::text ~~ '%(uncredited)%'::text))", "Plans": [{"Node Type": "Bitmap Index Scan", "Parent Relationship": "Outer", "Index Name": "movie_id_cast_info", "Startup Cost": 0.0, "Total Cost": 0.51, "Plan Rows": 6, "Plan Width": 0, "Index Cond": "(movie_id = mc.movie_id)"}]}]}]}, {"Node Type": "Bitmap Heap Scan", "Parent Relationship": "Inner", "Relation Name": "char_name", "Alias": "chn", "Startup Cost": 2.3, "Total Cost": 6.31, "Plan Rows": 1, "Plan Width": 20, "Recheck Cond": "(id = ci.person_role_id)", "Plans": [{"Node Type": "Bitmap Index Scan", "Parent Relationship": "Outer", "Index Name": "char_name_pkey", "Startup Cost": 0.0, "Total Cost": 2.3, "Plan Rows": 1, "Plan Width": 0, "Index Cond": "(id = ci.person_role_id)"}]}]}, {"Node Type": "Bitmap Heap Scan", "Parent Relationship": "Inner", "Relation Name": "title", "Alias": "t", "Startup Cost": 0.27, "Total Cost": 4.29, "Plan Rows": 1, "Plan Width": 21, "Recheck Cond": "(id = mc.movie_id)", "Filter": "(production_year > 2005)", "Plans": [{"Node Type": "Bitmap Index Scan", "Parent Relationship": "Outer", "Index Name": "title_pkey", "Startup Cost": 0.0, "Total Cost": 0.27, "Plan Rows": 1, "Plan Width": 0, "Index Cond": "(id = mc.movie_id)"}]}]}]}]}]}, "Unique SQL Id": 2933943827, "Planner Runtime": 36}, "explain_analyze_plan": {"Plan": {"Node Type": "Aggregate", "Strategy": "Plain", "Startup Cost": 38342.48, "Total Cost": 38342.49, "Plan Rows": 1, "Plan Width": 97, "Actual Startup Time": 1053.545, "Actual Total Time": 1053.545, "Actual Rows": 1, "Actual Loops": 1, "Plans": [{"Node Type": "Nested Loop", "Parent Relationship": "Outer", "Join Type": "Inner", "Startup Cost": 7.4, "Total Cost": 38342.47, "Plan Rows": 2, "Plan Width": 33, "Actual Startup Time": 58.944, "Actual Total Time": 1053.444, "Actual Rows": 18, "Actual Loops": 1, "Inner Unique": false, "Join Filter": "(mc.company_type_id = ct.id)", "Rows Removed by Join Filter": 294, "Plans": [{"Node Type": "Seq Scan", "Parent Relationship": "Outer", "Relation Name": "company_type", "Alias": "ct", "Startup Cost": 0.0, "Total Cost": 1.03, "Plan Rows": 3, "Plan Width": 4, "Actual Startup Time": 0.016, "Actual Total Time": 0.018, "Actual Rows": 3, "Actual Loops": 1}, {"Node Type": "Materialize", "Parent Relationship": "Inner", "Startup Cost": 7.4, "Total Cost": 38341.35, "Plan Rows": 2, "Plan Width": 37, "Actual Startup Time": 12.262, "Actual Total Time": 1053.269, "Actual Rows": 312, "Actual Loops": 3, "Plans": [{"Node Type": "Nested Loop", "Parent Relationship": "Outer", "Join Type": "Inner", "Startup Cost": 7.4, "Total Cost": 38341.34, "Plan Rows": 2, "Plan Width": 37, "Actual Startup Time": 12.255, "Actual Total Time": 1053.029, "Actual Rows": 104, "Actual Loops": 1, "Inner Unique": true, "Plans": [{"Node Type": "Nested Loop", "Parent Relationship": "Outer", "Join Type": "Inner", "Startup Cost": 7.13, "Total Cost": 38328.45, "Plan Rows": 3, "Plan Width": 28, "Actual Startup Time": 1.092, "Actual Total Time": 1050.343, "Actual Rows": 265, "Actual Loops": 1, "Inner Unique": true, "Plans": [{"Node Type": "Nested Loop", "Parent Relationship": "Outer", "Join Type": "Inner", "Startup Cost": 4.83, "Total Cost": 38290.52, "Plan Rows": 6, "Plan Width": 16, "Actual Startup Time": 1.071, "Actual Total Time": 1047.151, "Actual Rows": 275, "Actual Loops": 1, "Inner Unique": false, "Join Filter": "(ci.role_id = rt.id)", "Rows Removed by Join Filter": 102, "Plans": [{"Node Type": "Seq Scan", "Parent Relationship": "Outer", "Relation Name": "role_type", "Alias": "rt", "Startup Cost": 0.0, "Total Cost": 1.15, "Plan Rows": 1, "Plan Width": 4, "Actual Startup Time": 0.016, "Actual Total Time": 0.024, "Actual Rows": 1, "Actual Loops": 1, "Filter": "((role)::text = 'actor'::text)", "Rows Removed by Filter": 11}, {"Node Type": "Nested Loop", "Parent Relationship": "Inner", "Join Type": "Inner", "Startup Cost": 4.83, "Total Cost": 38288.52, "Plan Rows": 68, "Plan Width": 20, "Actual Startup Time": 1.033, "Actual Total Time": 1046.789, "Actual Rows": 377, "Actual Loops": 1, "Inner Unique": false, "Plans": [{"Node Type": "Nested Loop", "Parent Relationship": "Outer", "Join Type": "Inner", "Startup Cost": 4.32, "Total Cost": 20813.55, "Plan Rows": 3779, "Plan Width": 8, "Actual Startup Time": 0.089, "Actual Total Time": 117.624, "Actual Rows": 8790, "Actual Loops": 1, "Inner Unique": false, "Plans": [{"Node Type": "Seq Scan", "Parent Relationship": "Outer", "Relation Name": "company_name", "Alias": "cn", "Startup Cost": 0.0, "Total Cost": 5903.45, "Plan Rows": 251, "Plan Width": 4, "Actual Startup Time": 0.044, "Actual Total Time": 83.442, "Actual Rows": 1361, "Actual Loops": 1, "Filter": "((country_code)::text = '[ru]'::text)", "Rows Removed by Filter": 233635}, {"Node Type": "Bitmap Heap Scan", "Parent Relationship": "Inner", "Relation Name": "movie_companies", "Alias": "mc", "Startup Cost": 4.32, "Total Cost": 59.25, "Plan Rows": 15, "Plan Width": 12, "Actual Startup Time": 14.335, "Actual Total Time": 29.299, "Actual Rows": 8790, "Actual Loops": 1361, "Recheck Cond": "(company_id = cn.id)", "Rows Removed by Index Recheck": 0, "Exact Heap Blocks": 7155, "Lossy Heap Blocks": 7155, "Plans": [{"Node Type": "Bitmap Index Scan", "Parent Relationship": "Outer", "Index Name": "company_id_movie_companies", "Startup Cost": 0.0, "Total Cost": 4.31, "Plan Rows": 15, "Plan Width": 0, "Actual Startup Time": 9.029, "Actual Total Time": 9.029, "Actual Rows": 8790, "Actual Loops": 1361, "Index Cond": "(company_id = cn.id)"}]}]}, {"Node Type": "Bitmap Heap Scan", "Parent Relationship": "Inner", "Relation Name": "cast_info", "Alias": "ci", "Startup Cost": 0.51, "Total Cost": 4.61, "Plan Rows": 1, "Plan Width": 12, "Actual Startup Time": 866.656, "Actual Total Time": 913.153, "Actual Rows": 377, "Actual Loops": 8790, "Recheck Cond": "(movie_id = mc.movie_id)", "Rows Removed by Index Recheck": 0, "Filter": "(((note)::text ~~ '%(voice)%'::text) AND ((note)::text ~~ '%(uncredited)%'::text))", "Rows Removed by Filter": 408168, "Exact Heap Blocks": 397651, "Lossy Heap Blocks": 397651, "Plans": [{"Node Type": "Bitmap Index Scan", "Parent Relationship": "Outer", "Index Name": "movie_id_cast_info", "Startup Cost": 0.0, "Total Cost": 0.51, "Plan Rows": 6, "Plan Width": 0, "Actual Startup Time": 123.916, "Actual Total Time": 123.916, "Actual Rows": 408545, "Actual Loops": 8790, "Index Cond": "(movie_id = mc.movie_id)"}]}]}]}, {"Node Type": "Bitmap Heap Scan", "Parent Relationship": "Inner", "Relation Name": "char_name", "Alias": "chn", "Startup Cost": 2.3, "Total Cost": 6.31, "Plan Rows": 1, "Plan Width": 20, "Actual Startup Time": 2.44, "Actual Total Time": 2.44, "Actual Rows": 265, "Actual Loops": 275, "Recheck Cond": "(id = ci.person_role_id)", "Rows Removed by Index Recheck": 0, "Exact Heap Blocks": 265, "Lossy Heap Blocks": 265, "Plans": [{"Node Type": "Bitmap Index Scan", "Parent Relationship": "Outer", "Index Name": "char_name_pkey", "Startup Cost": 0.0, "Total Cost": 2.3, "Plan Rows": 1, "Plan Width": 0, "Actual Startup Time": 1.617, "Actual Total Time": 1.617, "Actual Rows": 265, "Actual Loops": 275, "Index Cond": "(id = ci.person_role_id)"}]}]}, {"Node Type": "Bitmap Heap Scan", "Parent Relationship": "Inner", "Relation Name": "title", "Alias": "t", "Startup Cost": 0.27, "Total Cost": 4.29, "Plan Rows": 1, "Plan Width": 21, "Actual Startup Time": 2.108, "Actual Total Time": 2.108, "Actual Rows": 104, "Actual Loops": 265, "Recheck Cond": "(id = mc.movie_id)", "Rows Removed by Index Recheck": 0, "Filter": "(production_year > 2005)", "Rows Removed by Filter": 161, "Exact Heap Blocks": 265, "Lossy Heap Blocks": 265, "Plans": [{"Node Type": "Bitmap Index Scan", "Parent Relationship": "Outer", "Index Name": "title_pkey", "Startup Cost": 0.0, "Total Cost": 0.27, "Plan Rows": 1, "Plan Width": 0, "Actual Startup Time": 1.253, "Actual Total Time": 1.253, "Actual Rows": 265, "Actual Loops": 265, "Index Cond": "(id = mc.movie_id)"}]}]}]}]}]}, "Triggers": [], "Planner Runtime": 16, "Total Runtime": 1054.095, "Unique SQL Id": 2933943827}}, "(64, 3)": {"explain_plan": {"Plan": {"Node Type": "Aggregate", "Strategy": "Plain", "Startup Cost": 41418.46, "Total Cost": 41418.47, "Plan Rows": 1, "Plan Width": 97, "Plans": [{"Node Type": "Nested Loop", "Parent Relationship": "Outer", "Join Type": "Inner", "Startup Cost": 2787.21, "Total Cost": 41418.45, "Plan Rows": 2, "Plan Width": 33, "Inner Unique": true, "Plans": [{"Node Type": "Nested Loop", "Parent Relationship": "Outer", "Join Type": "Inner", "Startup Cost": 2786.95, "Total Cost": 41409.89, "Plan Rows": 2, "Plan Width": 37, "Inner Unique": true, "Plans": [{"Node Type": "Nested Loop", "Parent Relationship": "Outer", "Join Type": "Inner", "Startup Cost": 2786.68, "Total Cost": 41397.0, "Plan Rows": 3, "Plan Width": 28, "Inner Unique": true, "Plans": [{"Node Type": "Nested Loop", "Parent Relationship": "Outer", "Join Type": "Inner", "Startup Cost": 2784.38, "Total Cost": 41359.07, "Plan Rows": 6, "Plan Width": 16, "Inner Unique": true, "Plans": [{"Node Type": "Nested Loop", "Parent Relationship": "Outer", "Join Type": "Inner", "Startup Cost": 2784.12, "Total Cost": 41067.82, "Plan Rows": 68, "Plan Width": 20, "Inner Unique": false, "Plans": [{"Node Type": "Nested Loop", "Parent Relationship": "Outer", "Join Type": "Inner", "Startup Cost": 2783.61, "Total Cost": 23592.84, "Plan Rows": 3779, "Plan Width": 8, "Inner Unique": false, "Plans": [{"Node Type": "Bitmap Heap Scan", "Parent Relationship": "Outer", "Relation Name": "company_name", "Alias": "cn", "Startup Cost": 2779.29, "Total Cost": 8682.74, "Plan Rows": 251, "Plan Width": 4, "Filter": "((country_code)::text = '[ru]'::text)", "Plans": [{"Node Type": "Bitmap Index Scan", "Parent Relationship": "Outer", "Index Name": "company_name_pkey", "Startup Cost": 0.0, "Total Cost": 2779.23, "Plan Rows": 234996, "Plan Width": 0}]}, {"Node Type": "Bitmap Heap Scan", "Parent Relationship": "Inner", "Relation Name": "movie_companies", "Alias": "mc", "Startup Cost": 4.32, "Total Cost": 59.25, "Plan Rows": 15, "Plan Width": 12, "Recheck Cond": "(company_id = cn.id)", "Plans": [{"Node Type": "Bitmap Index Scan", "Parent Relationship": "Outer", "Index Name": "company_id_movie_companies", "Startup Cost": 0.0, "Total Cost": 4.31, "Plan Rows": 15, "Plan Width": 0, "Index Cond": "(company_id = cn.id)"}]}]}, {"Node Type": "Bitmap Heap Scan", "Parent Relationship": "Inner", "Relation Name": "cast_info", "Alias": "ci", "Startup Cost": 0.51, "Total Cost": 4.61, "Plan Rows": 1, "Plan Width": 12, "Recheck Cond": "(movie_id = mc.movie_id)", "Filter": "(((note)::text ~~ '%(voice)%'::text) AND ((note)::text ~~ '%(uncredited)%'::text))", "Plans": [{"Node Type": "Bitmap Index Scan", "Parent Relationship": "Outer", "Index Name": "movie_id_cast_info", "Startup Cost": 0.0, "Total Cost": 0.51, "Plan Rows": 6, "Plan Width": 0, "Index Cond": "(movie_id = mc.movie_id)"}]}]}, {"Node Type": "Bitmap Heap Scan", "Parent Relationship": "Inner", "Relation Name": "role_type", "Alias": "rt", "Startup Cost": 0.26, "Total Cost": 4.27, "Plan Rows": 1, "Plan Width": 4, "Recheck Cond": "(id = ci.role_id)", "Filter": "((role)::text = 'actor'::text)", "Plans": [{"Node Type": "Bitmap Index Scan", "Parent Relationship": "Outer", "Index Name": "role_type_pkey", "Startup Cost": 0.0, "Total Cost": 0.26, "Plan Rows": 1, "Plan Width": 0, "Index Cond": "(id = ci.role_id)"}]}]}, {"Node Type": "Bitmap Heap Scan", "Parent Relationship": "Inner", "Relation Name": "char_name", "Alias": "chn", "Startup Cost": 2.3, "Total Cost": 6.31, "Plan Rows": 1, "Plan Width": 20, "Recheck Cond": "(id = ci.person_role_id)", "Plans": [{"Node Type": "Bitmap Index Scan", "Parent Relationship": "Outer", "Index Name": "char_name_pkey", "Startup Cost": 0.0, "Total Cost": 2.3, "Plan Rows": 1, "Plan Width": 0, "Index Cond": "(id = ci.person_role_id)"}]}]}, {"Node Type": "Bitmap Heap Scan", "Parent Relationship": "Inner", "Relation Name": "title", "Alias": "t", "Startup Cost": 0.27, "Total Cost": 4.29, "Plan Rows": 1, "Plan Width": 21, "Recheck Cond": "(id = mc.movie_id)", "Filter": "(production_year > 2005)", "Plans": [{"Node Type": "Bitmap Index Scan", "Parent Relationship": "Outer", "Index Name": "title_pkey", "Startup Cost": 0.0, "Total Cost": 0.27, "Plan Rows": 1, "Plan Width": 0, "Index Cond": "(id = mc.movie_id)"}]}]}, {"Node Type": "Bitmap Heap Scan", "Parent Relationship": "Inner", "Relation Name": "company_type", "Alias": "ct", "Startup Cost": 0.26, "Total Cost": 4.27, "Plan Rows": 1, "Plan Width": 4, "Recheck Cond": "(id = mc.company_type_id)", "Plans": [{"Node Type": "Bitmap Index Scan", "Parent Relationship": "Outer", "Index Name": "company_type_pkey", "Startup Cost": 0.0, "Total Cost": 0.26, "Plan Rows": 1, "Plan Width": 0, "Index Cond": "(id = mc.company_type_id)"}]}]}]}, "Unique SQL Id": 2933943827, "Planner Runtime": 17}, "explain_analyze_plan": {"Plan": {"Node Type": "Aggregate", "Strategy": "Plain", "Startup Cost": 41418.46, "Total Cost": 41418.47, "Plan Rows": 1, "Plan Width": 97, "Actual Startup Time": 1353.636, "Actual Total Time": 1353.637, "Actual Rows": 1, "Actual Loops": 1, "Plans": [{"Node Type": "Nested Loop", "Parent Relationship": "Outer", "Join Type": "Inner", "Startup Cost": 2787.21, "Total Cost": 41418.45, "Plan Rows": 2, "Plan Width": 33, "Actual Startup Time": 107.21, "Actual Total Time": 1353.521, "Actual Rows": 18, "Actual Loops": 1, "Inner Unique": true, "Plans": [{"Node Type": "Nested Loop", "Parent Relationship": "Outer", "Join Type": "Inner", "Startup Cost": 2786.95, "Total Cost": 41409.89, "Plan Rows": 2, "Plan Width": 37, "Actual Startup Time": 37.769, "Actual Total Time": 1352.989, "Actual Rows": 104, "Actual Loops": 1, "Inner Unique": true, "Plans": [{"Node Type": "Nested Loop", "Parent Relationship": "Outer", "Join Type": "Inner", "Startup Cost": 2786.68, "Total Cost": 41397.0, "Plan Rows": 3, "Plan Width": 28, "Actual Startup Time": 23.05, "Actual Total Time": 1349.829, "Actual Rows": 265, "Actual Loops": 1, "Inner Unique": true, "Plans": [{"Node Type": "Nested Loop", "Parent Relationship": "Outer", "Join Type": "Inner", "Startup Cost": 2784.38, "Total Cost": 41359.07, "Plan Rows": 6, "Plan Width": 16, "Actual Startup Time": 23.037, "Actual Total Time": 1346.368, "Actual Rows": 275, "Actual Loops": 1, "Inner Unique": true, "Plans": [{"Node Type": "Nested Loop", "Parent Relationship": "Outer", "Join Type": "Inner", "Startup Cost": 2784.12, "Total Cost": 41067.82, "Plan Rows": 68, "Plan Width": 20, "Actual Startup Time": 23.026, "Actual Total Time": 1343.783, "Actual Rows": 377, "Actual Loops": 1, "Inner Unique": false, "Plans": [{"Node Type": "Nested Loop", "Parent Relationship": "Outer", "Join Type": "Inner", "Startup Cost": 2783.61, "Total Cost": 23592.84, "Plan Rows": 3779, "Plan Width": 8, "Actual Startup Time": 21.943, "Actual Total Time": 182.966, "Actual Rows": 8790, "Actual Loops": 1, "Inner Unique": false, "Plans": [{"Node Type": "Bitmap Heap Scan", "Parent Relationship": "Outer", "Relation Name": "company_name", "Alias": "cn", "Startup Cost": 2779.29, "Total Cost": 8682.74, "Plan Rows": 251, "Plan Width": 4, "Actual Startup Time": 21.91, "Actual Total Time": 145.563, "Actual Rows": 1361, "Actual Loops": 1, "Filter": "((country_code)::text = '[ru]'::text)", "Rows Removed by Filter": 233635, "Exact Heap Blocks": 2966, "Lossy Heap Blocks": 2966, "Plans": [{"Node Type": "Bitmap Index Scan", "Parent Relationship": "Outer", "Index Name": "company_name_pkey", "Startup Cost": 0.0, "Total Cost": 2779.23, "Plan Rows": 234996, "Plan Width": 0, "Actual Startup Time": 21.441, "Actual Total Time": 21.441, "Actual Rows": 234996, "Actual Loops": 1}]}, {"Node Type": "Bitmap Heap Scan", "Parent Relationship": "Inner", "Relation Name": "movie_companies", "Alias": "mc", "Startup Cost": 4.32, "Total Cost": 59.25, "Plan Rows": 15, "Plan Width": 12, "Actual Startup Time": 15.259, "Actual Total Time": 32.516, "Actual Rows": 8790, "Actual Loops": 1361, "Recheck Cond": "(company_id = cn.id)", "Rows Removed by Index Recheck": 0, "Exact Heap Blocks": 7155, "Lossy Heap Blocks": 7155, "Plans": [{"Node Type": "Bitmap Index Scan", "Parent Relationship": "Outer", "Index Name": "company_id_movie_companies", "Startup Cost": 0.0, "Total Cost": 4.31, "Plan Rows": 15, "Plan Width": 0, "Actual Startup Time": 9.3, "Actual Total Time": 9.3, "Actual Rows": 8790, "Actual Loops": 1361, "Index Cond": "(company_id = cn.id)"}]}]}, {"Node Type": "Bitmap Heap Scan", "Parent Relationship": "Inner", "Relation Name": "cast_info", "Alias": "ci", "Startup Cost": 0.51, "Total Cost": 4.61, "Plan Rows": 1, "Plan Width": 12, "Actual Startup Time": 1080.605, "Actual Total Time": 1145.055, "Actual Rows": 377, "Actual Loops": 8790, "Recheck Cond": "(movie_id = mc.movie_id)", "Rows Removed by Index Recheck": 0, "Filter": "(((note)::text ~~ '%(voice)%'::text) AND ((note)::text ~~ '%(uncredited)%'::text))", "Rows Removed by Filter": 408168, "Exact Heap Blocks": 397651, "Lossy Heap Blocks": 397651, "Plans": [{"Node Type": "Bitmap Index Scan", "Parent Relationship": "Outer", "Index Name": "movie_id_cast_info", "Startup Cost": 0.0, "Total Cost": 0.51, "Plan Rows": 6, "Plan Width": 0, "Actual Startup Time": 134.176, "Actual Total Time": 134.176, "Actual Rows": 408545, "Actual Loops": 8790, "Index Cond": "(movie_id = mc.movie_id)"}]}]}, {"Node Type": "Bitmap Heap Scan", "Parent Relationship": "Inner", "Relation Name": "role_type", "Alias": "rt", "Startup Cost": 0.26, "Total Cost": 4.27, "Plan Rows": 1, "Plan Width": 4, "Actual Startup Time": 1.653, "Actual Total Time": 1.653, "Actual Rows": 275, "Actual Loops": 377, "Recheck Cond": "(id = ci.role_id)", "Rows Removed by Index Recheck": 0, "Filter": "((role)::text = 'actor'::text)", "Rows Removed by Filter": 102, "Exact Heap Blocks": 377, "Lossy Heap Blocks": 377, "Plans": [{"Node Type": "Bitmap Index Scan", "Parent Relationship": "Outer", "Index Name": "role_type_pkey", "Startup Cost": 0.0, "Total Cost": 0.26, "Plan Rows": 1, "Plan Width": 0, "Actual Startup Time": 0.619, "Actual Total Time": 0.619, "Actual Rows": 377, "Actual Loops": 377, "Index Cond": "(id = ci.role_id)"}]}]}, {"Node Type": "Bitmap Heap Scan", "Parent Relationship": "Inner", "Relation Name": "char_name", "Alias": "chn", "Startup Cost": 2.3, "Total Cost": 6.31, "Plan Rows": 1, "Plan Width": 20, "Actual Startup Time": 2.76, "Actual Total Time": 2.76, "Actual Rows": 265, "Actual Loops": 275, "Recheck Cond": "(id = ci.person_role_id)", "Rows Removed by Index Recheck": 0, "Exact Heap Blocks": 265, "Lossy Heap Blocks": 265, "Plans": [{"Node Type": "Bitmap Index Scan", "Parent Relationship": "Outer", "Index Name": "char_name_pkey", "Startup Cost": 0.0, "Total Cost": 2.3, "Plan Rows": 1, "Plan Width": 0, "Actual Startup Time": 1.81, "Actual Total Time": 1.81, "Actual Rows": 265, "Actual Loops": 275, "Index Cond": "(id = ci.person_role_id)"}]}]}, {"Node Type": "Bitmap Heap Scan", "Parent Relationship": "Inner", "Relation Name": "title", "Alias": "t", "Startup Cost": 0.27, "Total Cost": 4.29, "Plan Rows": 1, "Plan Width": 21, "Actual Startup Time": 2.584, "Actual Total Time": 2.584, "Actual Rows": 104, "Actual Loops": 265, "Recheck Cond": "(id = mc.movie_id)", "Rows Removed by Index Recheck": 0, "Filter": "(production_year > 2005)", "Rows Removed by Filter": 161, "Exact Heap Blocks": 265, "Lossy Heap Blocks": 265, "Plans": [{"Node Type": "Bitmap Index Scan", "Parent Relationship": "Outer", "Index Name": "title_pkey", "Startup Cost": 0.0, "Total Cost": 0.27, "Plan Rows": 1, "Plan Width": 0, "Actual Startup Time": 1.613, "Actual Total Time": 1.613, "Actual Rows": 265, "Actual Loops": 265, "Index Cond": "(id = mc.movie_id)"}]}]}, {"Node Type": "Bitmap Heap Scan", "Parent Relationship": "Inner", "Relation Name": "company_type", "Alias": "ct", "Startup Cost": 0.26, "Total Cost": 4.27, "Plan Rows": 1, "Plan Width": 4, "Actual Startup Time": 0.288, "Actual Total Time": 0.288, "Actual Rows": 18, "Actual Loops": 104, "Recheck Cond": "(id = mc.company_type_id)", "Rows Removed by Index Recheck": 0, "Exact Heap Blocks": 18, "Lossy Heap Blocks": 18, "Plans": [{"Node Type": "Bitmap Index Scan", "Parent Relationship": "Outer", "Index Name": "company_type_pkey", "Startup Cost": 0.0, "Total Cost": 0.26, "Plan Rows": 1, "Plan Width": 0, "Actual Startup Time": 0.156, "Actual Total Time": 0.156, "Actual Rows": 18, "Actual Loops": 104, "Index Cond": "(id = mc.company_type_id)"}]}]}]}, "Triggers": [], "Planner Runtime": 6, "Total Runtime": 1354.082, "Unique SQL Id": 2933943827}}, "(64, 4)": {"explain_plan": {"Plan": {"Node Type": "Aggregate", "Strategy": "Plain", "Startup Cost": 19897.43, "Total Cost": 19897.44, "Plan Rows": 1, "Plan Width": 97, "Plans": [{"Node Type": "Nested Loop", "Parent Relationship": "Outer", "Join Type": "Inner", "Startup Cost": 0.0, "Total Cost": 19897.42, "Plan Rows": 2, "Plan Width": 33, "Inner Unique": true, "Plans": [{"Node Type": "Nested Loop", "Parent Relationship": "Outer", "Join Type": "Inner", "Startup Cost": 0.0, "Total Cost": 19896.86, "Plan Rows": 2, "Plan Width": 37, "Inner Unique": true, "Plans": [{"Node Type": "Nested Loop", "Parent Relationship": "Outer", "Join Type": "Inner", "Startup Cost": 0.0, "Total Cost": 19869.97, "Plan Rows": 5, "Plan Width": 25, "Inner Unique": true, "Plans": [{"Node Type": "Nested Loop", "Parent Relationship": "Outer", "Join Type": "Inner", "Startup Cost": 0.0, "Total Cost": 19867.87, "Plan Rows": 6, "Plan Width": 16, "Inner Unique": false, "Join Filter": "(ci.role_id = rt.id)", "Plans": [{"Node Type": "Seq Scan", "Parent Relationship": "Outer", "Relation Name": "role_type", "Alias": "rt", "Startup Cost": 0.0, "Total Cost": 1.15, "Plan Rows": 1, "Plan Width": 4, "Filter": "((role)::text = 'actor'::text)"}, {"Node Type": "Nested Loop", "Parent Relationship": "Inner", "Join Type": "Inner", "Startup Cost": 0.0, "Total Cost": 19865.87, "Plan Rows": 68, "Plan Width": 20, "Inner Unique": false, "Plans": [{"Node Type": "Nested Loop", "Parent Relationship": "Outer", "Join Type": "Inner", "Startup Cost": 0.0, "Total Cost": 16121.55, "Plan Rows": 3779, "Plan Width": 8, "Inner Unique": false, "Plans": [{"Node Type": "Seq Scan", "Parent Relationship": "Outer", "Relation Name": "company_name", "Alias": "cn", "Startup Cost": 0.0, "Total Cost": 5903.45, "Plan Rows": 251, "Plan Width": 4, "Filter": "((country_code)::text = '[ru]'::text)"}, {"Node Type": "Index Scan", "Parent Relationship": "Inner", "Scan Direction": "Forward", "Index Name": "company_id_movie_companies", "Relation Name": "movie_companies", "Alias": "mc", "Startup Cost": 0.0, "Total Cost": 40.56, "Plan Rows": 15, "Plan Width": 12, "Index Cond": "(company_id = cn.id)"}]}, {"Node Type": "Index Scan", "Parent Relationship": "Inner", "Scan Direction": "Forward", "Index Name": "movie_id_cast_info", "Relation Name": "cast_info", "Alias": "ci", "Startup Cost": 0.0, "Total Cost": 0.98, "Plan Rows": 1, "Plan Width": 12, "Index Cond": "(movie_id = mc.movie_id)", "Filter": "(((note)::text ~~ '%(voice)%'::text) AND ((note)::text ~~ '%(uncredited)%'::text))"}]}]}, {"Node Type": "Index Scan", "Parent Relationship": "Inner", "Scan Direction": "Forward", "Index Name": "title_pkey", "Relation Name": "title", "Alias": "t", "Startup Cost": 0.0, "Total Cost": 0.34, "Plan Rows": 1, "Plan Width": 21, "Index Cond": "(id = mc.movie_id)", "Filter": "(production_year > 2005)"}]}, {"Node Type": "Index Scan", "Parent Relationship": "Inner", "Scan Direction": "Forward", "Index Name": "char_name_pkey", "Relation Name": "char_name", "Alias": "chn", "Startup Cost": 0.0, "Total Cost": 5.37, "Plan Rows": 1, "Plan Width": 20, "Index Cond": "(id = ci.person_role_id)"}]}, {"Node Type": "Index Scan", "Parent Relationship": "Inner", "Scan Direction": "Forward", "Index Name": "company_type_pkey", "Relation Name": "company_type", "Alias": "ct", "Startup Cost": 0.0, "Total Cost": 0.27, "Plan Rows": 1, "Plan Width": 4, "Index Cond": "(id = mc.company_type_id)"}]}]}, "Unique SQL Id": 2933943827, "Planner Runtime": 22}, "explain_analyze_plan": {"Plan": {"Node Type": "Aggregate", "Strategy": "Plain", "Startup Cost": 19897.43, "Total Cost": 19897.44, "Plan Rows": 1, "Plan Width": 97, "Actual Startup Time": 804.024, "Actual Total Time": 804.024, "Actual Rows": 1, "Actual Loops": 1, "Plans": [{"Node Type": "Nested Loop", "Parent Relationship": "Outer", "Join Type": "Inner", "Startup Cost": 0.0, "Total Cost": 19897.42, "Plan Rows": 2, "Plan Width": 33, "Actual Startup Time": 47.786, "Actual Total Time": 803.917, "Actual Rows": 18, "Actual Loops": 1, "Inner Unique": true, "Plans": [{"Node Type": "Nested Loop", "Parent Relationship": "Outer", "Join Type": "Inner", "Startup Cost": 0.0, "Total Cost": 19896.86, "Plan Rows": 2, "Plan Width": 37, "Actual Startup Time": 10.009, "Actual Total Time": 803.609, "Actual Rows": 104, "Actual Loops": 1, "Inner Unique": true, "Plans": [{"Node Type": "Nested Loop", "Parent Relationship": "Outer", "Join Type": "Inner", "Startup Cost": 0.0, "Total Cost": 19869.97, "Plan Rows": 5, "Plan Width": 25, "Actual Startup Time": 9.994, "Actual Total Time": 802.565, "Actual Rows": 112, "Actual Loops": 1, "Inner Unique": true, "Plans": [{"Node Type": "Nested Loop", "Parent Relationship": "Outer", "Join Type": "Inner", "Startup Cost": 0.0, "Total Cost": 19867.87, "Plan Rows": 6, "Plan Width": 16, "Actual Startup Time": 0.857, "Actual Total Time": 800.305, "Actual Rows": 275, "Actual Loops": 1, "Inner Unique": false, "Join Filter": "(ci.role_id = rt.id)", "Rows Removed by Join Filter": 102, "Plans": [{"Node Type": "Seq Scan", "Parent Relationship": "Outer", "Relation Name": "role_type", "Alias": "rt", "Startup Cost": 0.0, "Total Cost": 1.15, "Plan Rows": 1, "Plan Width": 4, "Actual Startup Time": 0.035, "Actual Total Time": 0.04, "Actual Rows": 1, "Actual Loops": 1, "Filter": "((role)::text = 'actor'::text)", "Rows Removed by Filter": 11}, {"Node Type": "Nested Loop", "Parent Relationship": "Inner", "Join Type": "Inner", "Startup Cost": 0.0, "Total Cost": 19865.87, "Plan Rows": 68, "Plan Width": 20, "Actual Startup Time": 0.814, "Actual Total Time": 800.006, "Actual Rows": 377, "Actual Loops": 1, "Inner Unique": false, "Plans": [{"Node Type": "Nested Loop", "Parent Relationship": "Outer", "Join Type": "Inner", "Startup Cost": 0.0, "Total Cost": 16121.55, "Plan Rows": 3779, "Plan Width": 8, "Actual Startup Time": 0.057, "Actual Total Time": 107.506, "Actual Rows": 8790, "Actual Loops": 1, "Inner Unique": false, "Plans": [{"Node Type": "Seq Scan", "Parent Relationship": "Outer", "Relation Name": "company_name", "Alias": "cn", "Startup Cost": 0.0, "Total Cost": 5903.45, "Plan Rows": 251, "Plan Width": 4, "Actual Startup Time": 0.037, "Actual Total Time": 83.104, "Actual Rows": 1361, "Actual Loops": 1, "Filter": "((country_code)::text = '[ru]'::text)", "Rows Removed by Filter": 233635}, {"Node Type": "Index Scan", "Parent Relationship": "Inner", "Scan Direction": "Forward", "Index Name": "company_id_movie_companies", "Relation Name": "movie_companies", "Alias": "mc", "Startup Cost": 0.0, "Total Cost": 40.56, "Plan Rows": 15, "Plan Width": 12, "Actual Startup Time": 8.468, "Actual Total Time": 21.018, "Actual Rows": 8790, "Actual Loops": 1361, "Index Cond": "(company_id = cn.id)", "Rows Removed by Index Recheck": 0}]}, {"Node Type": "Index Scan", "Parent Relationship": "Inner", "Scan Direction": "Forward", "Index Name": "movie_id_cast_info", "Relation Name": "cast_info", "Alias": "ci", "Startup Cost": 0.0, "Total Cost": 0.98, "Plan Rows": 1, "Plan Width": 12, "Actual Startup Time": 647.342, "Actual Total Time": 687.066, "Actual Rows": 377, "Actual Loops": 8790, "Index Cond": "(movie_id = mc.movie_id)", "Rows Removed by Index Recheck": 0, "Filter": "(((note)::text ~~ '%(voice)%'::text) AND ((note)::text ~~ '%(uncredited)%'::text))", "Rows Removed by Filter": 408168}]}]}, {"Node Type": "Index Scan", "Parent Relationship": "Inner", "Scan Direction": "Forward", "Index Name": "title_pkey", "Relation Name": "title", "Alias": "t", "Startup Cost": 0.0, "Total Cost": 0.34, "Plan Rows": 1, "Plan Width": 21, "Actual Startup Time": 1.837, "Actual Total Time": 1.837, "Actual Rows": 112, "Actual Loops": 275, "Index Cond": "(id = mc.movie_id)", "Rows Removed by Index Recheck": 0, "Filter": "(production_year > 2005)", "Rows Removed by Filter": 163}]}, {"Node Type": "Index Scan", "Parent Relationship": "Inner", "Scan Direction": "Forward", "Index Name": "char_name_pkey", "Relation Name": "char_name", "Alias": "chn", "Startup Cost": 0.0, "Total Cost": 5.37, "Plan Rows": 1, "Plan Width": 20, "Actual Startup Time": 0.803, "Actual Total Time": 0.803, "Actual Rows": 104, "Actual Loops": 112, "Index Cond": "(id = ci.person_role_id)", "Rows Removed by Index Recheck": 0}]}, {"Node Type": "Index Scan", "Parent Relationship": "Inner", "Scan Direction": "Forward", "Index Name": "company_type_pkey", "Relation Name": "company_type", "Alias": "ct", "Startup Cost": 0.0, "Total Cost": 0.27, "Plan Rows": 1, "Plan Width": 4, "Actual Startup Time": 0.179, "Actual Total Time": 0.179, "Actual Rows": 18, "Actual Loops": 104, "Index Cond": "(id = mc.company_type_id)", "Rows Removed by Index Recheck": 0}]}]}, "Triggers": [], "Planner Runtime": 7, "Total Runtime": 804.361, "Unique SQL Id": 2933943827}}, "(64, 5)": {"explain_plan": {"Plan": {"Node Type": "Aggregate", "Strategy": "Plain", "Startup Cost": 22688.03, "Total Cost": 22688.04, "Plan Rows": 1, "Plan Width": 97, "Plans": [{"Node Type": "Nested Loop", "Parent Relationship": "Outer", "Join Type": "Inner", "Startup Cost": 2779.29, "Total Cost": 22688.02, "Plan Rows": 2, "Plan Width": 33, "Inner Unique": true, "Plans": [{"Node Type": "Nested Loop", "Parent Relationship": "Outer", "Join Type": "Inner", "Startup Cost": 2779.29, "Total Cost": 22687.46, "Plan Rows": 2, "Plan Width": 37, "Inner Unique": true, "Plans": [{"Node Type": "Nested Loop", "Parent Relationship": "Outer", "Join Type": "Inner", "Startup Cost": 2779.29, "Total Cost": 22660.57, "Plan Rows": 5, "Plan Width": 25, "Inner Unique": true, "Plans": [{"Node Type": "Nested Loop", "Parent Relationship": "Outer", "Join Type": "Inner", "Startup Cost": 2779.29, "Total Cost": 22658.47, "Plan Rows": 6, "Plan Width": 16, "Inner Unique": false, "Join Filter": "(ci.role_id = rt.id)", "Plans": [{"Node Type": "Index Scan", "Parent Relationship": "Outer", "Scan Direction": "Forward", "Index Name": "role_type_pkey", "Relation Name": "role_type", "Alias": "rt", "Startup Cost": 0.0, "Total Cost": 12.46, "Plan Rows": 1, "Plan Width": 4, "Filter": "((role)::text = 'actor'::text)"}, {"Node Type": "Nested Loop", "Parent Relationship": "Inner", "Join Type": "Inner", "Startup Cost": 2779.29, "Total Cost": 22645.16, "Plan Rows": 68, "Plan Width": 20, "Inner Unique": false, "Plans": [{"Node Type": "Nested Loop", "Parent Relationship": "Outer", "Join Type": "Inner", "Startup Cost": 2779.29, "Total Cost": 18900.84, "Plan Rows": 3779, "Plan Width": 8, "Inner Unique": false, "Plans": [{"Node Type": "Bitmap Heap Scan", "Parent Relationship": "Outer", "Relation Name": "company_name", "Alias": "cn", "Startup Cost": 2779.29, "Total Cost": 8682.74, "Plan Rows": 251, "Plan Width": 4, "Filter": "((country_code)::text = '[ru]'::text)", "Plans": [{"Node Type": "Bitmap Index Scan", "Parent Relationship": "Outer", "Index Name": "company_name_pkey", "Startup Cost": 0.0, "Total Cost": 2779.23, "Plan Rows": 234996, "Plan Width": 0}]}, {"Node Type": "Index Scan", "Parent Relationship": "Inner", "Scan Direction": "Forward", "Index Name": "company_id_movie_companies", "Relation Name": "movie_companies", "Alias": "mc", "Startup Cost": 0.0, "Total Cost": 40.56, "Plan Rows": 15, "Plan Width": 12, "Index Cond": "(company_id = cn.id)"}]}, {"Node Type": "Index Scan", "Parent Relationship": "Inner", "Scan Direction": "Forward", "Index Name": "movie_id_cast_info", "Relation Name": "cast_info", "Alias": "ci", "Startup Cost": 0.0, "Total Cost": 0.98, "Plan Rows": 1, "Plan Width": 12, "Index Cond": "(movie_id = mc.movie_id)", "Filter": "(((note)::text ~~ '%(voice)%'::text) AND ((note)::text ~~ '%(uncredited)%'::text))"}]}]}, {"Node Type": "Index Scan", "Parent Relationship": "Inner", "Scan Direction": "Forward", "Index Name": "title_pkey", "Relation Name": "title", "Alias": "t", "Startup Cost": 0.0, "Total Cost": 0.34, "Plan Rows": 1, "Plan Width": 21, "Index Cond": "(id = mc.movie_id)", "Filter": "(production_year > 2005)"}]}, {"Node Type": "Index Scan", "Parent Relationship": "Inner", "Scan Direction": "Forward", "Index Name": "char_name_pkey", "Relation Name": "char_name", "Alias": "chn", "Startup Cost": 0.0, "Total Cost": 5.37, "Plan Rows": 1, "Plan Width": 20, "Index Cond": "(id = ci.person_role_id)"}]}, {"Node Type": "Index Scan", "Parent Relationship": "Inner", "Scan Direction": "Forward", "Index Name": "company_type_pkey", "Relation Name": "company_type", "Alias": "ct", "Startup Cost": 0.0, "Total Cost": 0.27, "Plan Rows": 1, "Plan Width": 4, "Index Cond": "(id = mc.company_type_id)"}]}]}, "Unique SQL Id": 2933943827, "Planner Runtime": 17}, "explain_analyze_plan": {"Plan": {"Node Type": "Aggregate", "Strategy": "Plain", "Startup Cost": 22688.03, "Total Cost": 22688.04, "Plan Rows": 1, "Plan Width": 97, "Actual Startup Time": 870.659, "Actual Total Time": 870.659, "Actual Rows": 1, "Actual Loops": 1, "Plans": [{"Node Type": "Nested Loop", "Parent Relationship": "Outer", "Join Type": "Inner", "Startup Cost": 2779.29, "Total Cost": 22688.02, "Plan Rows": 2, "Plan Width": 33, "Actual Startup Time": 67.925, "Actual Total Time": 870.543, "Actual Rows": 18, "Actual Loops": 1, "Inner Unique": true, "Plans": [{"Node Type": "Nested Loop", "Parent Relationship": "Outer", "Join Type": "Inner", "Startup Cost": 2779.29, "Total Cost": 22687.46, "Plan Rows": 2, "Plan Width": 37, "Actual Startup Time": 30.796, "Actual Total Time": 870.252, "Actual Rows": 104, "Actual Loops": 1, "Inner Unique": true, "Plans": [{"Node Type": "Nested Loop", "Parent Relationship": "Outer", "Join Type": "Inner", "Startup Cost": 2779.29, "Total Cost": 22660.57, "Plan Rows": 5, "Plan Width": 25, "Actual Startup Time": 30.783, "Actual Total Time": 869.187, "Actual Rows": 112, "Actual Loops": 1, "Inner Unique": true, "Plans": [{"Node Type": "Nested Loop", "Parent Relationship": "Outer", "Join Type": "Inner", "Startup Cost": 2779.29, "Total Cost": 22658.47, "Plan Rows": 6, "Plan Width": 16, "Actual Startup Time": 21.93, "Actual Total Time": 866.924, "Actual Rows": 275, "Actual Loops": 1, "Inner Unique": false, "Join Filter": "(ci.role_id = rt.id)", "Rows Removed by Join Filter": 102, "Plans": [{"Node Type": "Index Scan", "Parent Relationship": "Outer", "Scan Direction": "Forward", "Index Name": "role_type_pkey", "Relation Name": "role_type", "Alias": "rt", "Startup Cost": 0.0, "Total Cost": 12.46, "Plan Rows": 1, "Plan Width": 4, "Actual Startup Time": 0.023, "Actual Total Time": 0.033, "Actual Rows": 1, "Actual Loops": 1, "Filter": "((role)::text = 'actor'::text)", "Rows Removed by Filter": 11}, {"Node Type": "Nested Loop", "Parent Relationship": "Inner", "Join Type": "Inner", "Startup Cost": 2779.29, "Total Cost": 22645.16, "Plan Rows": 68, "Plan Width": 20, "Actual Startup Time": 21.895, "Actual Total Time": 866.602, "Actual Rows": 377, "Actual Loops": 1, "Inner Unique": false, "Plans": [{"Node Type": "Nested Loop", "Parent Relationship": "Outer", "Join Type": "Inner", "Startup Cost": 2779.29, "Total Cost": 18900.84, "Plan Rows": 3779, "Plan Width": 8, "Actual Startup Time": 20.965, "Actual Total Time": 175.694, "Actual Rows": 8790, "Actual Loops": 1, "Inner Unique": false, "Plans": [{"Node Type": "Bitmap Heap Scan", "Parent Relationship": "Outer", "Relation Name": "company_name", "Alias": "cn", "Startup Cost": 2779.29, "Total Cost": 8682.74, "Plan Rows": 251, "Plan Width": 4, "Actual Startup Time": 20.935, "Actual Total Time": 151.258, "Actual Rows": 1361, "Actual Loops": 1, "Filter": "((country_code)::text = '[ru]'::text)", "Rows Removed by Filter": 233635, "Exact Heap Blocks": 2966, "Lossy Heap Blocks": 2966, "Plans": [{"Node Type": "Bitmap Index Scan", "Parent Relationship": "Outer", "Index Name": "company_name_pkey", "Startup Cost": 0.0, "Total Cost": 2779.23, "Plan Rows": 234996, "Plan Width": 0, "Actual Startup Time": 20.448, "Actual Total Time": 20.448, "Actual Rows": 234996, "Actual Loops": 1}]}, {"Node Type": "Index Scan", "Parent Relationship": "Inner", "Scan Direction": "Forward", "Index Name": "company_id_movie_companies", "Relation Name": "movie_companies", "Alias": "mc", "Startup Cost": 0.0, "Total Cost": 40.56, "Plan Rows": 15, "Plan Width": 12, "Actual Startup Time": 8.541, "Actual Total Time": 20.974, "Actual Rows": 8790, "Actual Loops": 1361, "Index Cond": "(company_id = cn.id)", "Rows Removed by Index Recheck": 0}]}, {"Node Type": "Index Scan", "Parent Relationship": "Inner", "Scan Direction": "Forward", "Index Name": "movie_id_cast_info", "Relation Name": "cast_info", "Alias": "ci", "Startup Cost": 0.0, "Total Cost": 0.98, "Plan Rows": 1, "Plan Width": 12, "Actual Startup Time": 645.799, "Actual Total Time": 685.338, "Actual Rows": 377, "Actual Loops": 8790, "Index Cond": "(movie_id = mc.movie_id)", "Rows Removed by Index Recheck": 0, "Filter": "(((note)::text ~~ '%(voice)%'::text) AND ((note)::text ~~ '%(uncredited)%'::text))", "Rows Removed by Filter": 408168}]}]}, {"Node Type": "Index Scan", "Parent Relationship": "Inner", "Scan Direction": "Forward", "Index Name": "title_pkey", "Relation Name": "title", "Alias": "t", "Startup Cost": 0.0, "Total Cost": 0.34, "Plan Rows": 1, "Plan Width": 21, "Actual Startup Time": 1.847, "Actual Total Time": 1.847, "Actual Rows": 112, "Actual Loops": 275, "Index Cond": "(id = mc.movie_id)", "Rows Removed by Index Recheck": 0, "Filter": "(production_year > 2005)", "Rows Removed by Filter": 163}]}, {"Node Type": "Index Scan", "Parent Relationship": "Inner", "Scan Direction": "Forward", "Index Name": "char_name_pkey", "Relation Name": "char_name", "Alias": "chn", "Startup Cost": 0.0, "Total Cost": 5.37, "Plan Rows": 1, "Plan Width": 20, "Actual Startup Time": 0.848, "Actual Total Time": 0.848, "Actual Rows": 104, "Actual Loops": 112, "Index Cond": "(id = ci.person_role_id)", "Rows Removed by Index Recheck": 0}]}, {"Node Type": "Index Scan", "Parent Relationship": "Inner", "Scan Direction": "Forward", "Index Name": "company_type_pkey", "Relation Name": "company_type", "Alias": "ct", "Startup Cost": 0.0, "Total Cost": 0.27, "Plan Rows": 1, "Plan Width": 4, "Actual Startup Time": 0.146, "Actual Total Time": 0.146, "Actual Rows": 18, "Actual Loops": 104, "Index Cond": "(id = mc.company_type_id)", "Rows Removed by Index Recheck": 0}]}]}, "Triggers": [], "Planner Runtime": 6, "Total Runtime": 871.048, "Unique SQL Id": 2933943827}}, "(64, 6)": {"explain_plan": {"Plan": {"Node Type": "Aggregate", "Strategy": "Plain", "Startup Cost": 38342.48, "Total Cost": 38342.49, "Plan Rows": 1, "Plan Width": 97, "Plans": [{"Node Type": "Nested Loop", "Parent Relationship": "Outer", "Join Type": "Inner", "Startup Cost": 7.4, "Total Cost": 38342.47, "Plan Rows": 2, "Plan Width": 33, "Inner Unique": false, "Join Filter": "(mc.company_type_id = ct.id)", "Plans": [{"Node Type": "Seq Scan", "Parent Relationship": "Outer", "Relation Name": "company_type", "Alias": "ct", "Startup Cost": 0.0, "Total Cost": 1.03, "Plan Rows": 3, "Plan Width": 4}, {"Node Type": "Materialize", "Parent Relationship": "Inner", "Startup Cost": 7.4, "Total Cost": 38341.35, "Plan Rows": 2, "Plan Width": 37, "Plans": [{"Node Type": "Nested Loop", "Parent Relationship": "Outer", "Join Type": "Inner", "Startup Cost": 7.4, "Total Cost": 38341.34, "Plan Rows": 2, "Plan Width": 37, "Inner Unique": true, "Plans": [{"Node Type": "Nested Loop", "Parent Relationship": "Outer", "Join Type": "Inner", "Startup Cost": 7.13, "Total Cost": 38328.45, "Plan Rows": 3, "Plan Width": 28, "Inner Unique": true, "Plans": [{"Node Type": "Nested Loop", "Parent Relationship": "Outer", "Join Type": "Inner", "Startup Cost": 4.83, "Total Cost": 38290.52, "Plan Rows": 6, "Plan Width": 16, "Inner Unique": false, "Join Filter": "(ci.role_id = rt.id)", "Plans": [{"Node Type": "Seq Scan", "Parent Relationship": "Outer", "Relation Name": "role_type", "Alias": "rt", "Startup Cost": 0.0, "Total Cost": 1.15, "Plan Rows": 1, "Plan Width": 4, "Filter": "((role)::text = 'actor'::text)"}, {"Node Type": "Nested Loop", "Parent Relationship": "Inner", "Join Type": "Inner", "Startup Cost": 4.83, "Total Cost": 38288.52, "Plan Rows": 68, "Plan Width": 20, "Inner Unique": false, "Plans": [{"Node Type": "Nested Loop", "Parent Relationship": "Outer", "Join Type": "Inner", "Startup Cost": 4.32, "Total Cost": 20813.55, "Plan Rows": 3779, "Plan Width": 8, "Inner Unique": false, "Plans": [{"Node Type": "Seq Scan", "Parent Relationship": "Outer", "Relation Name": "company_name", "Alias": "cn", "Startup Cost": 0.0, "Total Cost": 5903.45, "Plan Rows": 251, "Plan Width": 4, "Filter": "((country_code)::text = '[ru]'::text)"}, {"Node Type": "Bitmap Heap Scan", "Parent Relationship": "Inner", "Relation Name": "movie_companies", "Alias": "mc", "Startup Cost": 4.32, "Total Cost": 59.25, "Plan Rows": 15, "Plan Width": 12, "Recheck Cond": "(company_id = cn.id)", "Plans": [{"Node Type": "Bitmap Index Scan", "Parent Relationship": "Outer", "Index Name": "company_id_movie_companies", "Startup Cost": 0.0, "Total Cost": 4.31, "Plan Rows": 15, "Plan Width": 0, "Index Cond": "(company_id = cn.id)"}]}]}, {"Node Type": "Bitmap Heap Scan", "Parent Relationship": "Inner", "Relation Name": "cast_info", "Alias": "ci", "Startup Cost": 0.51, "Total Cost": 4.61, "Plan Rows": 1, "Plan Width": 12, "Recheck Cond": "(movie_id = mc.movie_id)", "Filter": "(((note)::text ~~ '%(voice)%'::text) AND ((note)::text ~~ '%(uncredited)%'::text))", "Plans": [{"Node Type": "Bitmap Index Scan", "Parent Relationship": "Outer", "Index Name": "movie_id_cast_info", "Startup Cost": 0.0, "Total Cost": 0.51, "Plan Rows": 6, "Plan Width": 0, "Index Cond": "(movie_id = mc.movie_id)"}]}]}]}, {"Node Type": "Bitmap Heap Scan", "Parent Relationship": "Inner", "Relation Name": "char_name", "Alias": "chn", "Startup Cost": 2.3, "Total Cost": 6.31, "Plan Rows": 1, "Plan Width": 20, "Recheck Cond": "(id = ci.person_role_id)", "Plans": [{"Node Type": "Bitmap Index Scan", "Parent Relationship": "Outer", "Index Name": "char_name_pkey", "Startup Cost": 0.0, "Total Cost": 2.3, "Plan Rows": 1, "Plan Width": 0, "Index Cond": "(id = ci.person_role_id)"}]}]}, {"Node Type": "Bitmap Heap Scan", "Parent Relationship": "Inner", "Relation Name": "title", "Alias": "t", "Startup Cost": 0.27, "Total Cost": 4.29, "Plan Rows": 1, "Plan Width": 21, "Recheck Cond": "(id = mc.movie_id)", "Filter": "(production_year > 2005)", "Plans": [{"Node Type": "Bitmap Index Scan", "Parent Relationship": "Outer", "Index Name": "title_pkey", "Startup Cost": 0.0, "Total Cost": 0.27, "Plan Rows": 1, "Plan Width": 0, "Index Cond": "(id = mc.movie_id)"}]}]}]}]}]}, "Unique SQL Id": 2933943827, "Planner Runtime": 35}, "explain_analyze_plan": {"Plan": {"Node Type": "Aggregate", "Strategy": "Plain", "Startup Cost": 38342.48, "Total Cost": 38342.49, "Plan Rows": 1, "Plan Width": 97, "Actual Startup Time": 1053.545, "Actual Total Time": 1053.545, "Actual Rows": 1, "Actual Loops": 1, "Plans": [{"Node Type": "Nested Loop", "Parent Relationship": "Outer", "Join Type": "Inner", "Startup Cost": 7.4, "Total Cost": 38342.47, "Plan Rows": 2, "Plan Width": 33, "Actual Startup Time": 58.944, "Actual Total Time": 1053.444, "Actual Rows": 18, "Actual Loops": 1, "Inner Unique": false, "Join Filter": "(mc.company_type_id = ct.id)", "Rows Removed by Join Filter": 294, "Plans": [{"Node Type": "Seq Scan", "Parent Relationship": "Outer", "Relation Name": "company_type", "Alias": "ct", "Startup Cost": 0.0, "Total Cost": 1.03, "Plan Rows": 3, "Plan Width": 4, "Actual Startup Time": 0.016, "Actual Total Time": 0.018, "Actual Rows": 3, "Actual Loops": 1}, {"Node Type": "Materialize", "Parent Relationship": "Inner", "Startup Cost": 7.4, "Total Cost": 38341.35, "Plan Rows": 2, "Plan Width": 37, "Actual Startup Time": 12.262, "Actual Total Time": 1053.269, "Actual Rows": 312, "Actual Loops": 3, "Plans": [{"Node Type": "Nested Loop", "Parent Relationship": "Outer", "Join Type": "Inner", "Startup Cost": 7.4, "Total Cost": 38341.34, "Plan Rows": 2, "Plan Width": 37, "Actual Startup Time": 12.255, "Actual Total Time": 1053.029, "Actual Rows": 104, "Actual Loops": 1, "Inner Unique": true, "Plans": [{"Node Type": "Nested Loop", "Parent Relationship": "Outer", "Join Type": "Inner", "Startup Cost": 7.13, "Total Cost": 38328.45, "Plan Rows": 3, "Plan Width": 28, "Actual Startup Time": 1.092, "Actual Total Time": 1050.343, "Actual Rows": 265, "Actual Loops": 1, "Inner Unique": true, "Plans": [{"Node Type": "Nested Loop", "Parent Relationship": "Outer", "Join Type": "Inner", "Startup Cost": 4.83, "Total Cost": 38290.52, "Plan Rows": 6, "Plan Width": 16, "Actual Startup Time": 1.071, "Actual Total Time": 1047.151, "Actual Rows": 275, "Actual Loops": 1, "Inner Unique": false, "Join Filter": "(ci.role_id = rt.id)", "Rows Removed by Join Filter": 102, "Plans": [{"Node Type": "Seq Scan", "Parent Relationship": "Outer", "Relation Name": "role_type", "Alias": "rt", "Startup Cost": 0.0, "Total Cost": 1.15, "Plan Rows": 1, "Plan Width": 4, "Actual Startup Time": 0.016, "Actual Total Time": 0.024, "Actual Rows": 1, "Actual Loops": 1, "Filter": "((role)::text = 'actor'::text)", "Rows Removed by Filter": 11}, {"Node Type": "Nested Loop", "Parent Relationship": "Inner", "Join Type": "Inner", "Startup Cost": 4.83, "Total Cost": 38288.52, "Plan Rows": 68, "Plan Width": 20, "Actual Startup Time": 1.033, "Actual Total Time": 1046.789, "Actual Rows": 377, "Actual Loops": 1, "Inner Unique": false, "Plans": [{"Node Type": "Nested Loop", "Parent Relationship": "Outer", "Join Type": "Inner", "Startup Cost": 4.32, "Total Cost": 20813.55, "Plan Rows": 3779, "Plan Width": 8, "Actual Startup Time": 0.089, "Actual Total Time": 117.624, "Actual Rows": 8790, "Actual Loops": 1, "Inner Unique": false, "Plans": [{"Node Type": "Seq Scan", "Parent Relationship": "Outer", "Relation Name": "company_name", "Alias": "cn", "Startup Cost": 0.0, "Total Cost": 5903.45, "Plan Rows": 251, "Plan Width": 4, "Actual Startup Time": 0.044, "Actual Total Time": 83.442, "Actual Rows": 1361, "Actual Loops": 1, "Filter": "((country_code)::text = '[ru]'::text)", "Rows Removed by Filter": 233635}, {"Node Type": "Bitmap Heap Scan", "Parent Relationship": "Inner", "Relation Name": "movie_companies", "Alias": "mc", "Startup Cost": 4.32, "Total Cost": 59.25, "Plan Rows": 15, "Plan Width": 12, "Actual Startup Time": 14.335, "Actual Total Time": 29.299, "Actual Rows": 8790, "Actual Loops": 1361, "Recheck Cond": "(company_id = cn.id)", "Rows Removed by Index Recheck": 0, "Exact Heap Blocks": 7155, "Lossy Heap Blocks": 7155, "Plans": [{"Node Type": "Bitmap Index Scan", "Parent Relationship": "Outer", "Index Name": "company_id_movie_companies", "Startup Cost": 0.0, "Total Cost": 4.31, "Plan Rows": 15, "Plan Width": 0, "Actual Startup Time": 9.029, "Actual Total Time": 9.029, "Actual Rows": 8790, "Actual Loops": 1361, "Index Cond": "(company_id = cn.id)"}]}]}, {"Node Type": "Bitmap Heap Scan", "Parent Relationship": "Inner", "Relation Name": "cast_info", "Alias": "ci", "Startup Cost": 0.51, "Total Cost": 4.61, "Plan Rows": 1, "Plan Width": 12, "Actual Startup Time": 866.656, "Actual Total Time": 913.153, "Actual Rows": 377, "Actual Loops": 8790, "Recheck Cond": "(movie_id = mc.movie_id)", "Rows Removed by Index Recheck": 0, "Filter": "(((note)::text ~~ '%(voice)%'::text) AND ((note)::text ~~ '%(uncredited)%'::text))", "Rows Removed by Filter": 408168, "Exact Heap Blocks": 397651, "Lossy Heap Blocks": 397651, "Plans": [{"Node Type": "Bitmap Index Scan", "Parent Relationship": "Outer", "Index Name": "movie_id_cast_info", "Startup Cost": 0.0, "Total Cost": 0.51, "Plan Rows": 6, "Plan Width": 0, "Actual Startup Time": 123.916, "Actual Total Time": 123.916, "Actual Rows": 408545, "Actual Loops": 8790, "Index Cond": "(movie_id = mc.movie_id)"}]}]}]}, {"Node Type": "Bitmap Heap Scan", "Parent Relationship": "Inner", "Relation Name": "char_name", "Alias": "chn", "Startup Cost": 2.3, "Total Cost": 6.31, "Plan Rows": 1, "Plan Width": 20, "Actual Startup Time": 2.44, "Actual Total Time": 2.44, "Actual Rows": 265, "Actual Loops": 275, "Recheck Cond": "(id = ci.person_role_id)", "Rows Removed by Index Recheck": 0, "Exact Heap Blocks": 265, "Lossy Heap Blocks": 265, "Plans": [{"Node Type": "Bitmap Index Scan", "Parent Relationship": "Outer", "Index Name": "char_name_pkey", "Startup Cost": 0.0, "Total Cost": 2.3, "Plan Rows": 1, "Plan Width": 0, "Actual Startup Time": 1.617, "Actual Total Time": 1.617, "Actual Rows": 265, "Actual Loops": 275, "Index Cond": "(id = ci.person_role_id)"}]}]}, {"Node Type": "Bitmap Heap Scan", "Parent Relationship": "Inner", "Relation Name": "title", "Alias": "t", "Startup Cost": 0.27, "Total Cost": 4.29, "Plan Rows": 1, "Plan Width": 21, "Actual Startup Time": 2.108, "Actual Total Time": 2.108, "Actual Rows": 104, "Actual Loops": 265, "Recheck Cond": "(id = mc.movie_id)", "Rows Removed by Index Recheck": 0, "Filter": "(production_year > 2005)", "Rows Removed by Filter": 161, "Exact Heap Blocks": 265, "Lossy Heap Blocks": 265, "Plans": [{"Node Type": "Bitmap Index Scan", "Parent Relationship": "Outer", "Index Name": "title_pkey", "Startup Cost": 0.0, "Total Cost": 0.27, "Plan Rows": 1, "Plan Width": 0, "Actual Startup Time": 1.253, "Actual Total Time": 1.253, "Actual Rows": 265, "Actual Loops": 265, "Index Cond": "(id = mc.movie_id)"}]}]}]}]}]}, "Triggers": [], "Planner Runtime": 16, "Total Runtime": 1054.095, "Unique SQL Id": 2933943827}}, "(64, 7)": {"explain_plan": {"Plan": {"Node Type": "Aggregate", "Strategy": "Plain", "Startup Cost": 41418.46, "Total Cost": 41418.47, "Plan Rows": 1, "Plan Width": 97, "Plans": [{"Node Type": "Nested Loop", "Parent Relationship": "Outer", "Join Type": "Inner", "Startup Cost": 2787.21, "Total Cost": 41418.45, "Plan Rows": 2, "Plan Width": 33, "Inner Unique": true, "Plans": [{"Node Type": "Nested Loop", "Parent Relationship": "Outer", "Join Type": "Inner", "Startup Cost": 2786.95, "Total Cost": 41409.89, "Plan Rows": 2, "Plan Width": 37, "Inner Unique": true, "Plans": [{"Node Type": "Nested Loop", "Parent Relationship": "Outer", "Join Type": "Inner", "Startup Cost": 2786.68, "Total Cost": 41397.0, "Plan Rows": 3, "Plan Width": 28, "Inner Unique": true, "Plans": [{"Node Type": "Nested Loop", "Parent Relationship": "Outer", "Join Type": "Inner", "Startup Cost": 2784.38, "Total Cost": 41359.07, "Plan Rows": 6, "Plan Width": 16, "Inner Unique": true, "Plans": [{"Node Type": "Nested Loop", "Parent Relationship": "Outer", "Join Type": "Inner", "Startup Cost": 2784.12, "Total Cost": 41067.82, "Plan Rows": 68, "Plan Width": 20, "Inner Unique": false, "Plans": [{"Node Type": "Nested Loop", "Parent Relationship": "Outer", "Join Type": "Inner", "Startup Cost": 2783.61, "Total Cost": 23592.84, "Plan Rows": 3779, "Plan Width": 8, "Inner Unique": false, "Plans": [{"Node Type": "Bitmap Heap Scan", "Parent Relationship": "Outer", "Relation Name": "company_name", "Alias": "cn", "Startup Cost": 2779.29, "Total Cost": 8682.74, "Plan Rows": 251, "Plan Width": 4, "Filter": "((country_code)::text = '[ru]'::text)", "Plans": [{"Node Type": "Bitmap Index Scan", "Parent Relationship": "Outer", "Index Name": "company_name_pkey", "Startup Cost": 0.0, "Total Cost": 2779.23, "Plan Rows": 234996, "Plan Width": 0}]}, {"Node Type": "Bitmap Heap Scan", "Parent Relationship": "Inner", "Relation Name": "movie_companies", "Alias": "mc", "Startup Cost": 4.32, "Total Cost": 59.25, "Plan Rows": 15, "Plan Width": 12, "Recheck Cond": "(company_id = cn.id)", "Plans": [{"Node Type": "Bitmap Index Scan", "Parent Relationship": "Outer", "Index Name": "company_id_movie_companies", "Startup Cost": 0.0, "Total Cost": 4.31, "Plan Rows": 15, "Plan Width": 0, "Index Cond": "(company_id = cn.id)"}]}]}, {"Node Type": "Bitmap Heap Scan", "Parent Relationship": "Inner", "Relation Name": "cast_info", "Alias": "ci", "Startup Cost": 0.51, "Total Cost": 4.61, "Plan Rows": 1, "Plan Width": 12, "Recheck Cond": "(movie_id = mc.movie_id)", "Filter": "(((note)::text ~~ '%(voice)%'::text) AND ((note)::text ~~ '%(uncredited)%'::text))", "Plans": [{"Node Type": "Bitmap Index Scan", "Parent Relationship": "Outer", "Index Name": "movie_id_cast_info", "Startup Cost": 0.0, "Total Cost": 0.51, "Plan Rows": 6, "Plan Width": 0, "Index Cond": "(movie_id = mc.movie_id)"}]}]}, {"Node Type": "Bitmap Heap Scan", "Parent Relationship": "Inner", "Relation Name": "role_type", "Alias": "rt", "Startup Cost": 0.26, "Total Cost": 4.27, "Plan Rows": 1, "Plan Width": 4, "Recheck Cond": "(id = ci.role_id)", "Filter": "((role)::text = 'actor'::text)", "Plans": [{"Node Type": "Bitmap Index Scan", "Parent Relationship": "Outer", "Index Name": "role_type_pkey", "Startup Cost": 0.0, "Total Cost": 0.26, "Plan Rows": 1, "Plan Width": 0, "Index Cond": "(id = ci.role_id)"}]}]}, {"Node Type": "Bitmap Heap Scan", "Parent Relationship": "Inner", "Relation Name": "char_name", "Alias": "chn", "Startup Cost": 2.3, "Total Cost": 6.31, "Plan Rows": 1, "Plan Width": 20, "Recheck Cond": "(id = ci.person_role_id)", "Plans": [{"Node Type": "Bitmap Index Scan", "Parent Relationship": "Outer", "Index Name": "char_name_pkey", "Startup Cost": 0.0, "Total Cost": 2.3, "Plan Rows": 1, "Plan Width": 0, "Index Cond": "(id = ci.person_role_id)"}]}]}, {"Node Type": "Bitmap Heap Scan", "Parent Relationship": "Inner", "Relation Name": "title", "Alias": "t", "Startup Cost": 0.27, "Total Cost": 4.29, "Plan Rows": 1, "Plan Width": 21, "Recheck Cond": "(id = mc.movie_id)", "Filter": "(production_year > 2005)", "Plans": [{"Node Type": "Bitmap Index Scan", "Parent Relationship": "Outer", "Index Name": "title_pkey", "Startup Cost": 0.0, "Total Cost": 0.27, "Plan Rows": 1, "Plan Width": 0, "Index Cond": "(id = mc.movie_id)"}]}]}, {"Node Type": "Bitmap Heap Scan", "Parent Relationship": "Inner", "Relation Name": "company_type", "Alias": "ct", "Startup Cost": 0.26, "Total Cost": 4.27, "Plan Rows": 1, "Plan Width": 4, "Recheck Cond": "(id = mc.company_type_id)", "Plans": [{"Node Type": "Bitmap Index Scan", "Parent Relationship": "Outer", "Index Name": "company_type_pkey", "Startup Cost": 0.0, "Total Cost": 0.26, "Plan Rows": 1, "Plan Width": 0, "Index Cond": "(id = mc.company_type_id)"}]}]}]}, "Unique SQL Id": 2933943827, "Planner Runtime": 17}, "explain_analyze_plan": {"Plan": {"Node Type": "Aggregate", "Strategy": "Plain", "Startup Cost": 41418.46, "Total Cost": 41418.47, "Plan Rows": 1, "Plan Width": 97, "Actual Startup Time": 1353.636, "Actual Total Time": 1353.637, "Actual Rows": 1, "Actual Loops": 1, "Plans": [{"Node Type": "Nested Loop", "Parent Relationship": "Outer", "Join Type": "Inner", "Startup Cost": 2787.21, "Total Cost": 41418.45, "Plan Rows": 2, "Plan Width": 33, "Actual Startup Time": 107.21, "Actual Total Time": 1353.521, "Actual Rows": 18, "Actual Loops": 1, "Inner Unique": true, "Plans": [{"Node Type": "Nested Loop", "Parent Relationship": "Outer", "Join Type": "Inner", "Startup Cost": 2786.95, "Total Cost": 41409.89, "Plan Rows": 2, "Plan Width": 37, "Actual Startup Time": 37.769, "Actual Total Time": 1352.989, "Actual Rows": 104, "Actual Loops": 1, "Inner Unique": true, "Plans": [{"Node Type": "Nested Loop", "Parent Relationship": "Outer", "Join Type": "Inner", "Startup Cost": 2786.68, "Total Cost": 41397.0, "Plan Rows": 3, "Plan Width": 28, "Actual Startup Time": 23.05, "Actual Total Time": 1349.829, "Actual Rows": 265, "Actual Loops": 1, "Inner Unique": true, "Plans": [{"Node Type": "Nested Loop", "Parent Relationship": "Outer", "Join Type": "Inner", "Startup Cost": 2784.38, "Total Cost": 41359.07, "Plan Rows": 6, "Plan Width": 16, "Actual Startup Time": 23.037, "Actual Total Time": 1346.368, "Actual Rows": 275, "Actual Loops": 1, "Inner Unique": true, "Plans": [{"Node Type": "Nested Loop", "Parent Relationship": "Outer", "Join Type": "Inner", "Startup Cost": 2784.12, "Total Cost": 41067.82, "Plan Rows": 68, "Plan Width": 20, "Actual Startup Time": 23.026, "Actual Total Time": 1343.783, "Actual Rows": 377, "Actual Loops": 1, "Inner Unique": false, "Plans": [{"Node Type": "Nested Loop", "Parent Relationship": "Outer", "Join Type": "Inner", "Startup Cost": 2783.61, "Total Cost": 23592.84, "Plan Rows": 3779, "Plan Width": 8, "Actual Startup Time": 21.943, "Actual Total Time": 182.966, "Actual Rows": 8790, "Actual Loops": 1, "Inner Unique": false, "Plans": [{"Node Type": "Bitmap Heap Scan", "Parent Relationship": "Outer", "Relation Name": "company_name", "Alias": "cn", "Startup Cost": 2779.29, "Total Cost": 8682.74, "Plan Rows": 251, "Plan Width": 4, "Actual Startup Time": 21.91, "Actual Total Time": 145.563, "Actual Rows": 1361, "Actual Loops": 1, "Filter": "((country_code)::text = '[ru]'::text)", "Rows Removed by Filter": 233635, "Exact Heap Blocks": 2966, "Lossy Heap Blocks": 2966, "Plans": [{"Node Type": "Bitmap Index Scan", "Parent Relationship": "Outer", "Index Name": "company_name_pkey", "Startup Cost": 0.0, "Total Cost": 2779.23, "Plan Rows": 234996, "Plan Width": 0, "Actual Startup Time": 21.441, "Actual Total Time": 21.441, "Actual Rows": 234996, "Actual Loops": 1}]}, {"Node Type": "Bitmap Heap Scan", "Parent Relationship": "Inner", "Relation Name": "movie_companies", "Alias": "mc", "Startup Cost": 4.32, "Total Cost": 59.25, "Plan Rows": 15, "Plan Width": 12, "Actual Startup Time": 15.259, "Actual Total Time": 32.516, "Actual Rows": 8790, "Actual Loops": 1361, "Recheck Cond": "(company_id = cn.id)", "Rows Removed by Index Recheck": 0, "Exact Heap Blocks": 7155, "Lossy Heap Blocks": 7155, "Plans": [{"Node Type": "Bitmap Index Scan", "Parent Relationship": "Outer", "Index Name": "company_id_movie_companies", "Startup Cost": 0.0, "Total Cost": 4.31, "Plan Rows": 15, "Plan Width": 0, "Actual Startup Time": 9.3, "Actual Total Time": 9.3, "Actual Rows": 8790, "Actual Loops": 1361, "Index Cond": "(company_id = cn.id)"}]}]}, {"Node Type": "Bitmap Heap Scan", "Parent Relationship": "Inner", "Relation Name": "cast_info", "Alias": "ci", "Startup Cost": 0.51, "Total Cost": 4.61, "Plan Rows": 1, "Plan Width": 12, "Actual Startup Time": 1080.605, "Actual Total Time": 1145.055, "Actual Rows": 377, "Actual Loops": 8790, "Recheck Cond": "(movie_id = mc.movie_id)", "Rows Removed by Index Recheck": 0, "Filter": "(((note)::text ~~ '%(voice)%'::text) AND ((note)::text ~~ '%(uncredited)%'::text))", "Rows Removed by Filter": 408168, "Exact Heap Blocks": 397651, "Lossy Heap Blocks": 397651, "Plans": [{"Node Type": "Bitmap Index Scan", "Parent Relationship": "Outer", "Index Name": "movie_id_cast_info", "Startup Cost": 0.0, "Total Cost": 0.51, "Plan Rows": 6, "Plan Width": 0, "Actual Startup Time": 134.176, "Actual Total Time": 134.176, "Actual Rows": 408545, "Actual Loops": 8790, "Index Cond": "(movie_id = mc.movie_id)"}]}]}, {"Node Type": "Bitmap Heap Scan", "Parent Relationship": "Inner", "Relation Name": "role_type", "Alias": "rt", "Startup Cost": 0.26, "Total Cost": 4.27, "Plan Rows": 1, "Plan Width": 4, "Actual Startup Time": 1.653, "Actual Total Time": 1.653, "Actual Rows": 275, "Actual Loops": 377, "Recheck Cond": "(id = ci.role_id)", "Rows Removed by Index Recheck": 0, "Filter": "((role)::text = 'actor'::text)", "Rows Removed by Filter": 102, "Exact Heap Blocks": 377, "Lossy Heap Blocks": 377, "Plans": [{"Node Type": "Bitmap Index Scan", "Parent Relationship": "Outer", "Index Name": "role_type_pkey", "Startup Cost": 0.0, "Total Cost": 0.26, "Plan Rows": 1, "Plan Width": 0, "Actual Startup Time": 0.619, "Actual Total Time": 0.619, "Actual Rows": 377, "Actual Loops": 377, "Index Cond": "(id = ci.role_id)"}]}]}, {"Node Type": "Bitmap Heap Scan", "Parent Relationship": "Inner", "Relation Name": "char_name", "Alias": "chn", "Startup Cost": 2.3, "Total Cost": 6.31, "Plan Rows": 1, "Plan Width": 20, "Actual Startup Time": 2.76, "Actual Total Time": 2.76, "Actual Rows": 265, "Actual Loops": 275, "Recheck Cond": "(id = ci.person_role_id)", "Rows Removed by Index Recheck": 0, "Exact Heap Blocks": 265, "Lossy Heap Blocks": 265, "Plans": [{"Node Type": "Bitmap Index Scan", "Parent Relationship": "Outer", "Index Name": "char_name_pkey", "Startup Cost": 0.0, "Total Cost": 2.3, "Plan Rows": 1, "Plan Width": 0, "Actual Startup Time": 1.81, "Actual Total Time": 1.81, "Actual Rows": 265, "Actual Loops": 275, "Index Cond": "(id = ci.person_role_id)"}]}]}, {"Node Type": "Bitmap Heap Scan", "Parent Relationship": "Inner", "Relation Name": "title", "Alias": "t", "Startup Cost": 0.27, "Total Cost": 4.29, "Plan Rows": 1, "Plan Width": 21, "Actual Startup Time": 2.584, "Actual Total Time": 2.584, "Actual Rows": 104, "Actual Loops": 265, "Recheck Cond": "(id = mc.movie_id)", "Rows Removed by Index Recheck": 0, "Filter": "(production_year > 2005)", "Rows Removed by Filter": 161, "Exact Heap Blocks": 265, "Lossy Heap Blocks": 265, "Plans": [{"Node Type": "Bitmap Index Scan", "Parent Relationship": "Outer", "Index Name": "title_pkey", "Startup Cost": 0.0, "Total Cost": 0.27, "Plan Rows": 1, "Plan Width": 0, "Actual Startup Time": 1.613, "Actual Total Time": 1.613, "Actual Rows": 265, "Actual Loops": 265, "Index Cond": "(id = mc.movie_id)"}]}]}, {"Node Type": "Bitmap Heap Scan", "Parent Relationship": "Inner", "Relation Name": "company_type", "Alias": "ct", "Startup Cost": 0.26, "Total Cost": 4.27, "Plan Rows": 1, "Plan Width": 4, "Actual Startup Time": 0.288, "Actual Total Time": 0.288, "Actual Rows": 18, "Actual Loops": 104, "Recheck Cond": "(id = mc.company_type_id)", "Rows Removed by Index Recheck": 0, "Exact Heap Blocks": 18, "Lossy Heap Blocks": 18, "Plans": [{"Node Type": "Bitmap Index Scan", "Parent Relationship": "Outer", "Index Name": "company_type_pkey", "Startup Cost": 0.0, "Total Cost": 0.26, "Plan Rows": 1, "Plan Width": 0, "Actual Startup Time": 0.156, "Actual Total Time": 0.156, "Actual Rows": 18, "Actual Loops": 104, "Index Cond": "(id = mc.company_type_id)"}]}]}]}, "Triggers": [], "Planner Runtime": 6, "Total Runtime": 1354.082, "Unique SQL Id": 2933943827}}, "(64, 8)": {"explain_plan": {"Plan": {"Node Type": "Aggregate", "Strategy": "Plain", "Startup Cost": 19897.43, "Total Cost": 19897.44, "Plan Rows": 1, "Plan Width": 97, "Plans": [{"Node Type": "Nested Loop", "Parent Relationship": "Outer", "Join Type": "Inner", "Startup Cost": 0.0, "Total Cost": 19897.42, "Plan Rows": 2, "Plan Width": 33, "Inner Unique": true, "Plans": [{"Node Type": "Nested Loop", "Parent Relationship": "Outer", "Join Type": "Inner", "Startup Cost": 0.0, "Total Cost": 19896.86, "Plan Rows": 2, "Plan Width": 37, "Inner Unique": true, "Plans": [{"Node Type": "Nested Loop", "Parent Relationship": "Outer", "Join Type": "Inner", "Startup Cost": 0.0, "Total Cost": 19869.97, "Plan Rows": 5, "Plan Width": 25, "Inner Unique": true, "Plans": [{"Node Type": "Nested Loop", "Parent Relationship": "Outer", "Join Type": "Inner", "Startup Cost": 0.0, "Total Cost": 19867.87, "Plan Rows": 6, "Plan Width": 16, "Inner Unique": false, "Join Filter": "(ci.role_id = rt.id)", "Plans": [{"Node Type": "Seq Scan", "Parent Relationship": "Outer", "Relation Name": "role_type", "Alias": "rt", "Startup Cost": 0.0, "Total Cost": 1.15, "Plan Rows": 1, "Plan Width": 4, "Filter": "((role)::text = 'actor'::text)"}, {"Node Type": "Nested Loop", "Parent Relationship": "Inner", "Join Type": "Inner", "Startup Cost": 0.0, "Total Cost": 19865.87, "Plan Rows": 68, "Plan Width": 20, "Inner Unique": false, "Plans": [{"Node Type": "Nested Loop", "Parent Relationship": "Outer", "Join Type": "Inner", "Startup Cost": 0.0, "Total Cost": 16121.55, "Plan Rows": 3779, "Plan Width": 8, "Inner Unique": false, "Plans": [{"Node Type": "Seq Scan", "Parent Relationship": "Outer", "Relation Name": "company_name", "Alias": "cn", "Startup Cost": 0.0, "Total Cost": 5903.45, "Plan Rows": 251, "Plan Width": 4, "Filter": "((country_code)::text = '[ru]'::text)"}, {"Node Type": "Index Scan", "Parent Relationship": "Inner", "Scan Direction": "Forward", "Index Name": "company_id_movie_companies", "Relation Name": "movie_companies", "Alias": "mc", "Startup Cost": 0.0, "Total Cost": 40.56, "Plan Rows": 15, "Plan Width": 12, "Index Cond": "(company_id = cn.id)"}]}, {"Node Type": "Index Scan", "Parent Relationship": "Inner", "Scan Direction": "Forward", "Index Name": "movie_id_cast_info", "Relation Name": "cast_info", "Alias": "ci", "Startup Cost": 0.0, "Total Cost": 0.98, "Plan Rows": 1, "Plan Width": 12, "Index Cond": "(movie_id = mc.movie_id)", "Filter": "(((note)::text ~~ '%(voice)%'::text) AND ((note)::text ~~ '%(uncredited)%'::text))"}]}]}, {"Node Type": "Index Scan", "Parent Relationship": "Inner", "Scan Direction": "Forward", "Index Name": "title_pkey", "Relation Name": "title", "Alias": "t", "Startup Cost": 0.0, "Total Cost": 0.34, "Plan Rows": 1, "Plan Width": 21, "Index Cond": "(id = mc.movie_id)", "Filter": "(production_year > 2005)"}]}, {"Node Type": "Index Scan", "Parent Relationship": "Inner", "Scan Direction": "Forward", "Index Name": "char_name_pkey", "Relation Name": "char_name", "Alias": "chn", "Startup Cost": 0.0, "Total Cost": 5.37, "Plan Rows": 1, "Plan Width": 20, "Index Cond": "(id = ci.person_role_id)"}]}, {"Node Type": "Index Only Scan", "Parent Relationship": "Inner", "Scan Direction": "Forward", "Index Name": "company_type_pkey", "Relation Name": "company_type", "Alias": "ct", "Startup Cost": 0.0, "Total Cost": 0.27, "Plan Rows": 1, "Plan Width": 4, "Index Cond": "(id = mc.company_type_id)"}]}]}, "Unique SQL Id": 2933943827, "Planner Runtime": 22}, "explain_analyze_plan": {"Plan": {"Node Type": "Aggregate", "Strategy": "Plain", "Startup Cost": 19897.43, "Total Cost": 19897.44, "Plan Rows": 1, "Plan Width": 97, "Actual Startup Time": 807.225, "Actual Total Time": 807.226, "Actual Rows": 1, "Actual Loops": 1, "Plans": [{"Node Type": "Nested Loop", "Parent Relationship": "Outer", "Join Type": "Inner", "Startup Cost": 0.0, "Total Cost": 19897.42, "Plan Rows": 2, "Plan Width": 33, "Actual Startup Time": 45.255, "Actual Total Time": 807.116, "Actual Rows": 18, "Actual Loops": 1, "Inner Unique": true, "Plans": [{"Node Type": "Nested Loop", "Parent Relationship": "Outer", "Join Type": "Inner", "Startup Cost": 0.0, "Total Cost": 19896.86, "Plan Rows": 2, "Plan Width": 37, "Actual Startup Time": 9.393, "Actual Total Time": 806.783, "Actual Rows": 104, "Actual Loops": 1, "Inner Unique": true, "Plans": [{"Node Type": "Nested Loop", "Parent Relationship": "Outer", "Join Type": "Inner", "Startup Cost": 0.0, "Total Cost": 19869.97, "Plan Rows": 5, "Plan Width": 25, "Actual Startup Time": 9.382, "Actual Total Time": 805.777, "Actual Rows": 112, "Actual Loops": 1, "Inner Unique": true, "Plans": [{"Node Type": "Nested Loop", "Parent Relationship": "Outer", "Join Type": "Inner", "Startup Cost": 0.0, "Total Cost": 19867.87, "Plan Rows": 6, "Plan Width": 16, "Actual Startup Time": 0.829, "Actual Total Time": 803.535, "Actual Rows": 275, "Actual Loops": 1, "Inner Unique": false, "Join Filter": "(ci.role_id = rt.id)", "Rows Removed by Join Filter": 102, "Plans": [{"Node Type": "Seq Scan", "Parent Relationship": "Outer", "Relation Name": "role_type", "Alias": "rt", "Startup Cost": 0.0, "Total Cost": 1.15, "Plan Rows": 1, "Plan Width": 4, "Actual Startup Time": 0.027, "Actual Total Time": 0.031, "Actual Rows": 1, "Actual Loops": 1, "Filter": "((role)::text = 'actor'::text)", "Rows Removed by Filter": 11}, {"Node Type": "Nested Loop", "Parent Relationship": "Inner", "Join Type": "Inner", "Startup Cost": 0.0, "Total Cost": 19865.87, "Plan Rows": 68, "Plan Width": 20, "Actual Startup Time": 0.793, "Actual Total Time": 803.216, "Actual Rows": 377, "Actual Loops": 1, "Inner Unique": false, "Plans": [{"Node Type": "Nested Loop", "Parent Relationship": "Outer", "Join Type": "Inner", "Startup Cost": 0.0, "Total Cost": 16121.55, "Plan Rows": 3779, "Plan Width": 8, "Actual Startup Time": 0.051, "Actual Total Time": 107.855, "Actual Rows": 8790, "Actual Loops": 1, "Inner Unique": false, "Plans": [{"Node Type": "Seq Scan", "Parent Relationship": "Outer", "Relation Name": "company_name", "Alias": "cn", "Startup Cost": 0.0, "Total Cost": 5903.45, "Plan Rows": 251, "Plan Width": 4, "Actual Startup Time": 0.033, "Actual Total Time": 82.985, "Actual Rows": 1361, "Actual Loops": 1, "Filter": "((country_code)::text = '[ru]'::text)", "Rows Removed by Filter": 233635}, {"Node Type": "Index Scan", "Parent Relationship": "Inner", "Scan Direction": "Forward", "Index Name": "company_id_movie_companies", "Relation Name": "movie_companies", "Alias": "mc", "Startup Cost": 0.0, "Total Cost": 40.56, "Plan Rows": 15, "Plan Width": 12, "Actual Startup Time": 8.733, "Actual Total Time": 21.453, "Actual Rows": 8790, "Actual Loops": 1361, "Index Cond": "(company_id = cn.id)", "Rows Removed by Index Recheck": 0}]}, {"Node Type": "Index Scan", "Parent Relationship": "Inner", "Scan Direction": "Forward", "Index Name": "movie_id_cast_info", "Relation Name": "cast_info", "Alias": "ci", "Startup Cost": 0.0, "Total Cost": 0.98, "Plan Rows": 1, "Plan Width": 12, "Actual Startup Time": 650.914, "Actual Total Time": 689.985, "Actual Rows": 377, "Actual Loops": 8790, "Index Cond": "(movie_id = mc.movie_id)", "Rows Removed by Index Recheck": 0, "Filter": "(((note)::text ~~ '%(voice)%'::text) AND ((note)::text ~~ '%(uncredited)%'::text))", "Rows Removed by Filter": 408168}]}]}, {"Node Type": "Index Scan", "Parent Relationship": "Inner", "Scan Direction": "Forward", "Index Name": "title_pkey", "Relation Name": "title", "Alias": "t", "Startup Cost": 0.0, "Total Cost": 0.34, "Plan Rows": 1, "Plan Width": 21, "Actual Startup Time": 1.834, "Actual Total Time": 1.834, "Actual Rows": 112, "Actual Loops": 275, "Index Cond": "(id = mc.movie_id)", "Rows Removed by Index Recheck": 0, "Filter": "(production_year > 2005)", "Rows Removed by Filter": 163}]}, {"Node Type": "Index Scan", "Parent Relationship": "Inner", "Scan Direction": "Forward", "Index Name": "char_name_pkey", "Relation Name": "char_name", "Alias": "chn", "Startup Cost": 0.0, "Total Cost": 5.37, "Plan Rows": 1, "Plan Width": 20, "Actual Startup Time": 0.772, "Actual Total Time": 0.772, "Actual Rows": 104, "Actual Loops": 112, "Index Cond": "(id = ci.person_role_id)", "Rows Removed by Index Recheck": 0}]}, {"Node Type": "Index Only Scan", "Parent Relationship": "Inner", "Scan Direction": "Forward", "Index Name": "company_type_pkey", "Relation Name": "company_type", "Alias": "ct", "Startup Cost": 0.0, "Total Cost": 0.27, "Plan Rows": 1, "Plan Width": 4, "Actual Startup Time": 0.201, "Actual Total Time": 0.201, "Actual Rows": 18, "Actual Loops": 104, "Index Cond": "(id = mc.company_type_id)", "Rows Removed by Index Recheck": 0, "Heap Fetches": 0}]}]}, "Triggers": [], "Planner Runtime": 6, "Total Runtime": 807.578, "Unique SQL Id": 2933943827}}, "(64, 9)": {"explain_plan": {"Plan": {"Node Type": "Aggregate", "Strategy": "Plain", "Startup Cost": 24506.67, "Total Cost": 24506.68, "Plan Rows": 1, "Plan Width": 97, "Plans": [{"Node Type": "Nested Loop", "Parent Relationship": "Outer", "Join Type": "Inner", "Startup Cost": 0.0, "Total Cost": 24506.66, "Plan Rows": 2, "Plan Width": 33, "Inner Unique": true, "Plans": [{"Node Type": "Nested Loop", "Parent Relationship": "Outer", "Join Type": "Inner", "Startup Cost": 0.0, "Total Cost": 24506.1, "Plan Rows": 2, "Plan Width": 37, "Inner Unique": true, "Plans": [{"Node Type": "Nested Loop", "Parent Relationship": "Outer", "Join Type": "Inner", "Startup Cost": 0.0, "Total Cost": 24479.22, "Plan Rows": 5, "Plan Width": 25, "Inner Unique": true, "Plans": [{"Node Type": "Nested Loop", "Parent Relationship": "Outer", "Join Type": "Inner", "Startup Cost": 0.0, "Total Cost": 24477.12, "Plan Rows": 6, "Plan Width": 16, "Inner Unique": false, "Join Filter": "(ci.role_id = rt.id)", "Plans": [{"Node Type": "Index Scan", "Parent Relationship": "Outer", "Scan Direction": "Forward", "Index Name": "role_type_pkey", "Relation Name": "role_type", "Alias": "rt", "Startup Cost": 0.0, "Total Cost": 12.46, "Plan Rows": 1, "Plan Width": 4, "Filter": "((role)::text = 'actor'::text)"}, {"Node Type": "Nested Loop", "Parent Relationship": "Inner", "Join Type": "Inner", "Startup Cost": 0.0, "Total Cost": 24463.81, "Plan Rows": 68, "Plan Width": 20, "Inner Unique": false, "Plans": [{"Node Type": "Nested Loop", "Parent Relationship": "Outer", "Join Type": "Inner", "Startup Cost": 0.0, "Total Cost": 20719.49, "Plan Rows": 3779, "Plan Width": 8, "Inner Unique": false, "Plans": [{"Node Type": "Index Scan", "Parent Relationship": "Outer", "Scan Direction": "Forward", "Index Name": "company_name_pkey", "Relation Name": "company_name", "Alias": "cn", "Startup Cost": 0.0, "Total Cost": 10501.39, "Plan Rows": 251, "Plan Width": 4, "Filter": "((country_code)::text = '[ru]'::text)"}, {"Node Type": "Index Scan", "Parent Relationship": "Inner", "Scan Direction": "Forward", "Index Name": "company_id_movie_companies", "Relation Name": "movie_companies", "Alias": "mc", "Startup Cost": 0.0, "Total Cost": 40.56, "Plan Rows": 15, "Plan Width": 12, "Index Cond": "(company_id = cn.id)"}]}, {"Node Type": "Index Scan", "Parent Relationship": "Inner", "Scan Direction": "Forward", "Index Name": "movie_id_cast_info", "Relation Name": "cast_info", "Alias": "ci", "Startup Cost": 0.0, "Total Cost": 0.98, "Plan Rows": 1, "Plan Width": 12, "Index Cond": "(movie_id = mc.movie_id)", "Filter": "(((note)::text ~~ '%(voice)%'::text) AND ((note)::text ~~ '%(uncredited)%'::text))"}]}]}, {"Node Type": "Index Scan", "Parent Relationship": "Inner", "Scan Direction": "Forward", "Index Name": "title_pkey", "Relation Name": "title", "Alias": "t", "Startup Cost": 0.0, "Total Cost": 0.34, "Plan Rows": 1, "Plan Width": 21, "Index Cond": "(id = mc.movie_id)", "Filter": "(production_year > 2005)"}]}, {"Node Type": "Index Scan", "Parent Relationship": "Inner", "Scan Direction": "Forward", "Index Name": "char_name_pkey", "Relation Name": "char_name", "Alias": "chn", "Startup Cost": 0.0, "Total Cost": 5.37, "Plan Rows": 1, "Plan Width": 20, "Index Cond": "(id = ci.person_role_id)"}]}, {"Node Type": "Index Only Scan", "Parent Relationship": "Inner", "Scan Direction": "Forward", "Index Name": "company_type_pkey", "Relation Name": "company_type", "Alias": "ct", "Startup Cost": 0.0, "Total Cost": 0.27, "Plan Rows": 1, "Plan Width": 4, "Index Cond": "(id = mc.company_type_id)"}]}]}, "Unique SQL Id": 2933943827, "Planner Runtime": 16}, "explain_analyze_plan": {"Plan": {"Node Type": "Aggregate", "Strategy": "Plain", "Startup Cost": 24506.67, "Total Cost": 24506.68, "Plan Rows": 1, "Plan Width": 97, "Actual Startup Time": 1060.039, "Actual Total Time": 1060.04, "Actual Rows": 1, "Actual Loops": 1, "Plans": [{"Node Type": "Nested Loop", "Parent Relationship": "Outer", "Join Type": "Inner", "Startup Cost": 0.0, "Total Cost": 24506.66, "Plan Rows": 2, "Plan Width": 33, "Actual Startup Time": 27.881, "Actual Total Time": 1059.925, "Actual Rows": 18, "Actual Loops": 1, "Inner Unique": true, "Plans": [{"Node Type": "Nested Loop", "Parent Relationship": "Outer", "Join Type": "Inner", "Startup Cost": 0.0, "Total Cost": 24506.1, "Plan Rows": 2, "Plan Width": 37, "Actual Startup Time": 21.36, "Actual Total Time": 1059.603, "Actual Rows": 104, "Actual Loops": 1, "Inner Unique": true, "Plans": [{"Node Type": "Nested Loop", "Parent Relationship": "Outer", "Join Type": "Inner", "Startup Cost": 0.0, "Total Cost": 24479.22, "Plan Rows": 5, "Plan Width": 25, "Actual Startup Time": 21.347, "Actual Total Time": 1058.503, "Actual Rows": 112, "Actual Loops": 1, "Inner Unique": true, "Plans": [{"Node Type": "Nested Loop", "Parent Relationship": "Outer", "Join Type": "Inner", "Startup Cost": 0.0, "Total Cost": 24477.12, "Plan Rows": 6, "Plan Width": 16, "Actual Startup Time": 5.948, "Actual Total Time": 1056.165, "Actual Rows": 275, "Actual Loops": 1, "Inner Unique": false, "Join Filter": "(ci.role_id = rt.id)", "Rows Removed by Join Filter": 102, "Plans": [{"Node Type": "Index Scan", "Parent Relationship": "Outer", "Scan Direction": "Forward", "Index Name": "role_type_pkey", "Relation Name": "role_type", "Alias": "rt", "Startup Cost": 0.0, "Total Cost": 12.46, "Plan Rows": 1, "Plan Width": 4, "Actual Startup Time": 0.026, "Actual Total Time": 0.035, "Actual Rows": 1, "Actual Loops": 1, "Filter": "((role)::text = 'actor'::text)", "Rows Removed by Filter": 11}, {"Node Type": "Nested Loop", "Parent Relationship": "Inner", "Join Type": "Inner", "Startup Cost": 0.0, "Total Cost": 24463.81, "Plan Rows": 68, "Plan Width": 20, "Actual Startup Time": 5.912, "Actual Total Time": 1055.848, "Actual Rows": 377, "Actual Loops": 1, "Inner Unique": false, "Plans": [{"Node Type": "Nested Loop", "Parent Relationship": "Outer", "Join Type": "Inner", "Startup Cost": 0.0, "Total Cost": 20719.49, "Plan Rows": 3779, "Plan Width": 8, "Actual Startup Time": 0.471, "Actual Total Time": 327.183, "Actual Rows": 8790, "Actual Loops": 1, "Inner Unique": false, "Plans": [{"Node Type": "Index Scan", "Parent Relationship": "Outer", "Scan Direction": "Forward", "Index Name": "company_name_pkey", "Relation Name": "company_name", "Alias": "cn", "Startup Cost": 0.0, "Total Cost": 10501.39, "Plan Rows": 251, "Plan Width": 4, "Actual Startup Time": 0.457, "Actual Total Time": 302.353, "Actual Rows": 1361, "Actual Loops": 1, "Filter": "((country_code)::text = '[ru]'::text)", "Rows Removed by Filter": 233635}, {"Node Type": "Index Scan", "Parent Relationship": "Inner", "Scan Direction": "Forward", "Index Name": "company_id_movie_companies", "Relation Name": "movie_companies", "Alias": "mc", "Startup Cost": 0.0, "Total Cost": 40.56, "Plan Rows": 15, "Plan Width": 12, "Actual Startup Time": 7.867, "Actual Total Time": 21.092, "Actual Rows": 8790, "Actual Loops": 1361, "Index Cond": "(company_id = cn.id)", "Rows Removed by Index Recheck": 0}]}, {"Node Type": "Index Scan", "Parent Relationship": "Inner", "Scan Direction": "Forward", "Index Name": "movie_id_cast_info", "Relation Name": "cast_info", "Alias": "ci", "Startup Cost": 0.0, "Total Cost": 0.98, "Plan Rows": 1, "Plan Width": 12, "Actual Startup Time": 682.594, "Actual Total Time": 723.141, "Actual Rows": 377, "Actual Loops": 8790, "Index Cond": "(movie_id = mc.movie_id)", "Rows Removed by Index Recheck": 0, "Filter": "(((note)::text ~~ '%(voice)%'::text) AND ((note)::text ~~ '%(uncredited)%'::text))", "Rows Removed by Filter": 408168}]}]}, {"Node Type": "Index Scan", "Parent Relationship": "Inner", "Scan Direction": "Forward", "Index Name": "title_pkey", "Relation Name": "title", "Alias": "t", "Startup Cost": 0.0, "Total Cost": 0.34, "Plan Rows": 1, "Plan Width": 21, "Actual Startup Time": 1.929, "Actual Total Time": 1.929, "Actual Rows": 112, "Actual Loops": 275, "Index Cond": "(id = mc.movie_id)", "Rows Removed by Index Recheck": 0, "Filter": "(production_year > 2005)", "Rows Removed by Filter": 163}]}, {"Node Type": "Index Scan", "Parent Relationship": "Inner", "Scan Direction": "Forward", "Index Name": "char_name_pkey", "Relation Name": "char_name", "Alias": "chn", "Startup Cost": 0.0, "Total Cost": 5.37, "Plan Rows": 1, "Plan Width": 20, "Actual Startup Time": 0.845, "Actual Total Time": 0.845, "Actual Rows": 104, "Actual Loops": 112, "Index Cond": "(id = ci.person_role_id)", "Rows Removed by Index Recheck": 0}]}, {"Node Type": "Index Only Scan", "Parent Relationship": "Inner", "Scan Direction": "Forward", "Index Name": "company_type_pkey", "Relation Name": "company_type", "Alias": "ct", "Startup Cost": 0.0, "Total Cost": 0.27, "Plan Rows": 1, "Plan Width": 4, "Actual Startup Time": 0.158, "Actual Total Time": 0.158, "Actual Rows": 18, "Actual Loops": 104, "Index Cond": "(id = mc.company_type_id)", "Rows Removed by Index Recheck": 0, "Heap Fetches": 0}]}]}, "Triggers": [], "Planner Runtime": 5, "Total Runtime": 1060.362, "Unique SQL Id": 2933943827}}, "(64, 10)": {"explain_plan": {"Plan": {"Node Type": "Aggregate", "Strategy": "Plain", "Startup Cost": 294959.19, "Total Cost": 294959.2, "Plan Rows": 1, "Plan Width": 97, "Plans": [{"Node Type": "Hash Join", "Parent Relationship": "Outer", "Join Type": "Inner", "Startup Cost": 156166.1, "Total Cost": 294959.17, "Plan Rows": 4, "Plan Width": 33, "Inner Unique": true, "Hash Cond": "(mc.movie_id = t.id)", "Plans": [{"Node Type": "Nested Loop", "Parent Relationship": "Outer", "Join Type": "Inner", "Startup Cost": 122261.06, "Total Cost": 261054.08, "Plan Rows": 3, "Plan Width": 24, "Inner Unique": true, "Join Filter": "(mc.company_type_id = ct.id)", "Plans": [{"Node Type": "Streaming(type: LOCAL GATHER dop: 1/64)", "Parent Relationship": "Outer", "Startup Cost": 122261.06, "Total Cost": 261052.91, "Plan Rows": 3, "Plan Width": 28, "Plans": [{"Node Type": "Hash Join", "Parent Relationship": "Outer", "Join Type": "Inner", "Startup Cost": 122261.06, "Total Cost": 261052.85, "Plan Rows": 3, "Plan Width": 28, "Inner Unique": true, "Hash Cond": "(ci.person_role_id = chn.id)", "Plans": [{"Node Type": "Streaming(type: BROADCAST dop: 64/1)", "Parent Relationship": "Outer", "Startup Cost": 57593.12, "Total Cost": 196384.88, "Plan Rows": 384, "Plan Width": 16, "Plans": [{"Node Type": "Nested Loop", "Parent Relationship": "Outer", "Join Type": "Inner", "Startup Cost": 57593.12, "Total Cost": 133376.96, "Plan Rows": 6, "Plan Width": 16, "Inner Unique": false, "Join Filter": "(ci.role_id = rt.id)", "Plans": [{"Node Type": "Seq Scan", "Parent Relationship": "Outer", "Relation Name": "role_type", "Alias": "rt", "Startup Cost": 0.0, "Total Cost": 1.15, "Plan Rows": 1, "Plan Width": 4, "Filter": "((role)::text = 'actor'::text)"}, {"Node Type": "Materialize", "Parent Relationship": "Inner", "Startup Cost": 57593.12, "Total Cost": 133375.13, "Plan Rows": 68, "Plan Width": 20, "Plans": [{"Node Type": "Hash Join", "Parent Relationship": "Outer", "Join Type": "Inner", "Startup Cost": 57593.12, "Total Cost": 133374.96, "Plan Rows": 68, "Plan Width": 20, "Inner Unique": false, "Hash Cond": "(ci.movie_id = mc.movie_id)", "Plans": [{"Node Type": "Streaming(type: LOCAL GATHER dop: 1/64)", "Parent Relationship": "Outer", "Startup Cost": 0.0, "Total Cost": 75697.06, "Plan Rows": 22295, "Plan Width": 12, "Plans": [{"Node Type": "Seq Scan", "Parent Relationship": "Outer", "Relation Name": "cast_info", "Alias": "ci", "Startup Cost": 0.0, "Total Cost": 75237.12, "Plan Rows": 22295, "Plan Width": 12, "Filter": "(((note)::text ~~ '%(voice)%'::text) AND ((note)::text ~~ '%(uncredited)%'::text))"}]}, {"Node Type": "Hash", "Parent Relationship": "Inner", "Startup Cost": 57545.89, "Total Cost": 57545.89, "Plan Rows": 3779, "Plan Width": 8, "Plans": [{"Node Type": "Hash Join", "Parent Relationship": "Outer", "Join Type": "Inner", "Startup Cost": 5906.59, "Total Cost": 57545.89, "Plan Rows": 3779, "Plan Width": 8, "Inner Unique": true, "Hash Cond": "(mc.company_id = cn.id)", "Plans": [{"Node Type": "Seq Scan", "Parent Relationship": "Outer", "Relation Name": "movie_companies", "Alias": "mc", "Startup Cost": 0.0, "Total Cost": 41817.28, "Plan Rows": 2609128, "Plan Width": 12}, {"Node Type": "Hash", "Parent Relationship": "Inner", "Startup Cost": 5903.45, "Total Cost": 5903.45, "Plan Rows": 251, "Plan Width": 4, "Plans": [{"Node Type": "Seq Scan", "Parent Relationship": "Outer", "Relation Name": "company_name", "Alias": "cn", "Startup Cost": 0.0, "Total Cost": 5903.45, "Plan Rows": 251, "Plan Width": 4, "Filter": "((country_code)::text = '[ru]'::text)"}]}]}]}]}]}]}]}, {"Node Type": "Hash", "Parent Relationship": "Inner", "Startup Cost": 64054.58, "Total Cost": 64054.58, "Plan Rows": 3140338, "Plan Width": 20, "Plans": [{"Node Type": "Seq Scan", "Parent Relationship": "Outer", "Relation Name": "char_name", "Alias": "chn", "Startup Cost": 0.0, "Total Cost": 64054.58, "Plan Rows": 3140338, "Plan Width": 20}]}]}]}, {"Node Type": "Materialize", "Parent Relationship": "Inner", "Startup Cost": 0.0, "Total Cost": 1.04, "Plan Rows": 3, "Plan Width": 4, "Plans": [{"Node Type": "Seq Scan", "Parent Relationship": "Outer", "Relation Name": "company_type", "Alias": "ct", "Startup Cost": 0.0, "Total Cost": 1.03, "Plan Rows": 3, "Plan Width": 4}]}]}, {"Node Type": "Hash", "Parent Relationship": "Inner", "Startup Cost": 84945.56, "Total Cost": 84945.56, "Plan Rows": 1013492, "Plan Width": 21, "Plans": [{"Node Type": "Streaming(type: LOCAL GATHER dop: 1/64)", "Parent Relationship": "Outer", "Startup Cost": 0.0, "Total Cost": 84945.56, "Plan Rows": 1013492, "Plan Width": 21, "Plans": [{"Node Type": "Seq Scan", "Parent Relationship": "Outer", "Relation Name": "title", "Alias": "t", "Startup Cost": 0.0, "Total Cost": 64037.34, "Plan Rows": 1013492, "Plan Width": 21, "Filter": "(production_year > 2005), (LLVM Optimized)"}]}]}]}]}, "Unique SQL Id": 2933943827, "Planner Runtime": 61}, "explain_analyze_plan": null}, "(64, 11)": {"explain_plan": {"Plan": {"Node Type": "Aggregate", "Strategy": "Plain", "Startup Cost": 3605831579367.76, "Total Cost": 3605831579367.77, "Plan Rows": 1, "Plan Width": 97, "Plans": [{"Node Type": "Merge Join", "Parent Relationship": "Outer", "Join Type": "Inner", "Startup Cost": 70000000000.0, "Total Cost": 3605831579367.74, "Plan Rows": 4, "Plan Width": 33, "Inner Unique": true, "Merge Cond": "(ci.person_role_id = chn.id)", "Plans": [{"Node Type": "Nested Loop", "Parent Relationship": "Outer", "Join Type": "Inner", "Startup Cost": 60000000000.0, "Total Cost": 6000243362599.82, "Plan Rows": 7, "Plan Width": 21, "Inner Unique": true, "Join Filter": "(mc.movie_id = t.id)", "Plans": [{"Node Type": "Nested Loop", "Parent Relationship": "Outer", "Join Type": "Inner", "Startup Cost": 50000000000.0, "Total Cost": 5000231624725.14, "Plan Rows": 6, "Plan Width": 12, "Inner Unique": true, "Join Filter": "(mc.company_type_id = ct.id)", "Plans": [{"Node Type": "Nested Loop", "Parent Relationship": "Outer", "Join Type": "Inner", "Startup Cost": 40000000000.0, "Total Cost": 4000231623895.37, "Plan Rows": 6, "Plan Width": 16, "Inner Unique": false, "Join Filter": "(ci.movie_id = mc.movie_id)", "Plans": [{"Node Type": "Nested Loop", "Parent Relationship": "Outer", "Join Type": "Inner", "Startup Cost": 20000000000.0, "Total Cost": 2000211317261.91, "Plan Rows": 2027, "Plan Width": 8, "Inner Unique": true, "Join Filter": "(ci.role_id = rt.id)", "Plans": [{"Node Type": "Index Scan", "Parent Relationship": "Outer", "Scan Direction": "Forward", "Index Name": "person_role_id_cast_info", "Relation Name": "cast_info", "Alias": "ci", "Startup Cost": 10000000000.0, "Total Cost": 1000211315681.48, "Plan Rows": 22295, "Plan Width": 12, "Filter": "(((note)::text ~~ '%(voice)%'::text) AND ((note)::text ~~ '%(uncredited)%'::text))"}, {"Node Type": "Materialize", "Parent Relationship": "Inner", "Startup Cost": 10000000000.0, "Total Cost": 1000000001246.0, "Plan Rows": 1, "Plan Width": 4, "Plans": [{"Node Type": "Index Scan", "Parent Relationship": "Outer", "Scan Direction": "Forward", "Index Name": "role_type_pkey", "Relation Name": "role_type", "Alias": "rt", "Startup Cost": 10000000000.0, "Total Cost": 1000000001246.0, "Plan Rows": 1, "Plan Width": 4, "Filter": "((role)::text = 'actor'::text)"}]}]}, {"Node Type": "Materialize", "Parent Relationship": "Inner", "Startup Cost": 20000000000.0, "Total Cost": 2000020191742.41, "Plan Rows": 3779, "Plan Width": 8, "Plans": [{"Node Type": "Nested Loop", "Parent Relationship": "Outer", "Join Type": "Inner", "Startup Cost": 20000000000.0, "Total Cost": 2000020191723.52, "Plan Rows": 3779, "Plan Width": 8, "Inner Unique": true, "Join Filter": "(cn.id = mc.company_id)", "Plans": [{"Node Type": "Index Scan", "Parent Relationship": "Outer", "Scan Direction": "Forward", "Index Name": "company_type_id_movie_companies", "Relation Name": "movie_companies", "Alias": "mc", "Startup Cost": 10000000000.0, "Total Cost": 1000009318217.0, "Plan Rows": 2609128, "Plan Width": 12}, {"Node Type": "Materialize", "Parent Relationship": "Inner", "Startup Cost": 10000000000.0, "Total Cost": 1000001050140.22, "Plan Rows": 251, "Plan Width": 4, "Plans": [{"Node Type": "Index Scan", "Parent Relationship": "Outer", "Scan Direction": "Forward", "Index Name": "company_name_pkey", "Relation Name": "company_name", "Alias": "cn", "Startup Cost": 10000000000.0, "Total Cost": 1000001050138.97, "Plan Rows": 251, "Plan Width": 4, "Filter": "((country_code)::text = '[ru]'::text)"}]}]}]}]}, {"Node Type": "Materialize", "Parent Relationship": "Inner", "Startup Cost": 10000000000.0, "Total Cost": 1000000000829.52, "Plan Rows": 3, "Plan Width": 4, "Plans": [{"Node Type": "Index Only Scan", "Parent Relationship": "Outer", "Scan Direction": "Forward", "Index Name": "company_type_pkey", "Relation Name": "company_type", "Alias": "ct", "Startup Cost": 10000000000.0, "Total Cost": 1000000000829.5, "Plan Rows": 3, "Plan Width": 4}]}]}, {"Node Type": "Materialize", "Parent Relationship": "Inner", "Startup Cost": 10000000000.0, "Total Cost": 1000011649194.12, "Plan Rows": 1013492, "Plan Width": 21, "Plans": [{"Node Type": "Index Scan", "Parent Relationship": "Outer", "Scan Direction": "Forward", "Index Name": "title_pkey", "Relation Name": "title", "Alias": "t", "Startup Cost": 10000000000.0, "Total Cost": 1000011644126.66, "Plan Rows": 1013492, "Plan Width": 21, "Filter": "(production_year > 2005), (LLVM Optimized)"}]}]}, {"Node Type": "Index Scan", "Parent Relationship": "Inner", "Scan Direction": "Forward", "Index Name": "char_name_pkey", "Relation Name": "char_name", "Alias": "chn", "Startup Cost": 10000000000.0, "Total Cost": 1000012987545.51, "Plan Rows": 3140338, "Plan Width": 20}]}]}, "Unique SQL Id": 2933943827, "Planner Runtime": 47}, "explain_analyze_plan": null}, "(64, 12)": {"explain_plan": {"Plan": {"Node Type": "Aggregate", "Strategy": "Plain", "Startup Cost": 19897.43, "Total Cost": 19897.44, "Plan Rows": 1, "Plan Width": 97, "Plans": [{"Node Type": "Nested Loop", "Parent Relationship": "Outer", "Join Type": "Inner", "Startup Cost": 0.0, "Total Cost": 19897.42, "Plan Rows": 2, "Plan Width": 33, "Inner Unique": true, "Plans": [{"Node Type": "Nested Loop", "Parent Relationship": "Outer", "Join Type": "Inner", "Startup Cost": 0.0, "Total Cost": 19896.86, "Plan Rows": 2, "Plan Width": 37, "Inner Unique": true, "Plans": [{"Node Type": "Nested Loop", "Parent Relationship": "Outer", "Join Type": "Inner", "Startup Cost": 0.0, "Total Cost": 19869.97, "Plan Rows": 5, "Plan Width": 25, "Inner Unique": true, "Plans": [{"Node Type": "Nested Loop", "Parent Relationship": "Outer", "Join Type": "Inner", "Startup Cost": 0.0, "Total Cost": 19867.87, "Plan Rows": 6, "Plan Width": 16, "Inner Unique": false, "Join Filter": "(ci.role_id = rt.id)", "Plans": [{"Node Type": "Seq Scan", "Parent Relationship": "Outer", "Relation Name": "role_type", "Alias": "rt", "Startup Cost": 0.0, "Total Cost": 1.15, "Plan Rows": 1, "Plan Width": 4, "Filter": "((role)::text = 'actor'::text)"}, {"Node Type": "Nested Loop", "Parent Relationship": "Inner", "Join Type": "Inner", "Startup Cost": 0.0, "Total Cost": 19865.87, "Plan Rows": 68, "Plan Width": 20, "Inner Unique": false, "Plans": [{"Node Type": "Nested Loop", "Parent Relationship": "Outer", "Join Type": "Inner", "Startup Cost": 0.0, "Total Cost": 16121.55, "Plan Rows": 3779, "Plan Width": 8, "Inner Unique": false, "Plans": [{"Node Type": "Seq Scan", "Parent Relationship": "Outer", "Relation Name": "company_name", "Alias": "cn", "Startup Cost": 0.0, "Total Cost": 5903.45, "Plan Rows": 251, "Plan Width": 4, "Filter": "((country_code)::text = '[ru]'::text)"}, {"Node Type": "Index Scan", "Parent Relationship": "Inner", "Scan Direction": "Forward", "Index Name": "company_id_movie_companies", "Relation Name": "movie_companies", "Alias": "mc", "Startup Cost": 0.0, "Total Cost": 40.56, "Plan Rows": 15, "Plan Width": 12, "Index Cond": "(company_id = cn.id)"}]}, {"Node Type": "Index Scan", "Parent Relationship": "Inner", "Scan Direction": "Forward", "Index Name": "movie_id_cast_info", "Relation Name": "cast_info", "Alias": "ci", "Startup Cost": 0.0, "Total Cost": 0.98, "Plan Rows": 1, "Plan Width": 12, "Index Cond": "(movie_id = mc.movie_id)", "Filter": "(((note)::text ~~ '%(voice)%'::text) AND ((note)::text ~~ '%(uncredited)%'::text))"}]}]}, {"Node Type": "Index Scan", "Parent Relationship": "Inner", "Scan Direction": "Forward", "Index Name": "title_pkey", "Relation Name": "title", "Alias": "t", "Startup Cost": 0.0, "Total Cost": 0.34, "Plan Rows": 1, "Plan Width": 21, "Index Cond": "(id = mc.movie_id)", "Filter": "(production_year > 2005)"}]}, {"Node Type": "Index Scan", "Parent Relationship": "Inner", "Scan Direction": "Forward", "Index Name": "char_name_pkey", "Relation Name": "char_name", "Alias": "chn", "Startup Cost": 0.0, "Total Cost": 5.37, "Plan Rows": 1, "Plan Width": 20, "Index Cond": "(id = ci.person_role_id)"}]}, {"Node Type": "Index Scan", "Parent Relationship": "Inner", "Scan Direction": "Forward", "Index Name": "company_type_pkey", "Relation Name": "company_type", "Alias": "ct", "Startup Cost": 0.0, "Total Cost": 0.27, "Plan Rows": 1, "Plan Width": 4, "Index Cond": "(id = mc.company_type_id)"}]}]}, "Unique SQL Id": 2933943827, "Planner Runtime": 22}, "explain_analyze_plan": {"Plan": {"Node Type": "Aggregate", "Strategy": "Plain", "Startup Cost": 19897.43, "Total Cost": 19897.44, "Plan Rows": 1, "Plan Width": 97, "Actual Startup Time": 804.024, "Actual Total Time": 804.024, "Actual Rows": 1, "Actual Loops": 1, "Plans": [{"Node Type": "Nested Loop", "Parent Relationship": "Outer", "Join Type": "Inner", "Startup Cost": 0.0, "Total Cost": 19897.42, "Plan Rows": 2, "Plan Width": 33, "Actual Startup Time": 47.786, "Actual Total Time": 803.917, "Actual Rows": 18, "Actual Loops": 1, "Inner Unique": true, "Plans": [{"Node Type": "Nested Loop", "Parent Relationship": "Outer", "Join Type": "Inner", "Startup Cost": 0.0, "Total Cost": 19896.86, "Plan Rows": 2, "Plan Width": 37, "Actual Startup Time": 10.009, "Actual Total Time": 803.609, "Actual Rows": 104, "Actual Loops": 1, "Inner Unique": true, "Plans": [{"Node Type": "Nested Loop", "Parent Relationship": "Outer", "Join Type": "Inner", "Startup Cost": 0.0, "Total Cost": 19869.97, "Plan Rows": 5, "Plan Width": 25, "Actual Startup Time": 9.994, "Actual Total Time": 802.565, "Actual Rows": 112, "Actual Loops": 1, "Inner Unique": true, "Plans": [{"Node Type": "Nested Loop", "Parent Relationship": "Outer", "Join Type": "Inner", "Startup Cost": 0.0, "Total Cost": 19867.87, "Plan Rows": 6, "Plan Width": 16, "Actual Startup Time": 0.857, "Actual Total Time": 800.305, "Actual Rows": 275, "Actual Loops": 1, "Inner Unique": false, "Join Filter": "(ci.role_id = rt.id)", "Rows Removed by Join Filter": 102, "Plans": [{"Node Type": "Seq Scan", "Parent Relationship": "Outer", "Relation Name": "role_type", "Alias": "rt", "Startup Cost": 0.0, "Total Cost": 1.15, "Plan Rows": 1, "Plan Width": 4, "Actual Startup Time": 0.035, "Actual Total Time": 0.04, "Actual Rows": 1, "Actual Loops": 1, "Filter": "((role)::text = 'actor'::text)", "Rows Removed by Filter": 11}, {"Node Type": "Nested Loop", "Parent Relationship": "Inner", "Join Type": "Inner", "Startup Cost": 0.0, "Total Cost": 19865.87, "Plan Rows": 68, "Plan Width": 20, "Actual Startup Time": 0.814, "Actual Total Time": 800.006, "Actual Rows": 377, "Actual Loops": 1, "Inner Unique": false, "Plans": [{"Node Type": "Nested Loop", "Parent Relationship": "Outer", "Join Type": "Inner", "Startup Cost": 0.0, "Total Cost": 16121.55, "Plan Rows": 3779, "Plan Width": 8, "Actual Startup Time": 0.057, "Actual Total Time": 107.506, "Actual Rows": 8790, "Actual Loops": 1, "Inner Unique": false, "Plans": [{"Node Type": "Seq Scan", "Parent Relationship": "Outer", "Relation Name": "company_name", "Alias": "cn", "Startup Cost": 0.0, "Total Cost": 5903.45, "Plan Rows": 251, "Plan Width": 4, "Actual Startup Time": 0.037, "Actual Total Time": 83.104, "Actual Rows": 1361, "Actual Loops": 1, "Filter": "((country_code)::text = '[ru]'::text)", "Rows Removed by Filter": 233635}, {"Node Type": "Index Scan", "Parent Relationship": "Inner", "Scan Direction": "Forward", "Index Name": "company_id_movie_companies", "Relation Name": "movie_companies", "Alias": "mc", "Startup Cost": 0.0, "Total Cost": 40.56, "Plan Rows": 15, "Plan Width": 12, "Actual Startup Time": 8.468, "Actual Total Time": 21.018, "Actual Rows": 8790, "Actual Loops": 1361, "Index Cond": "(company_id = cn.id)", "Rows Removed by Index Recheck": 0}]}, {"Node Type": "Index Scan", "Parent Relationship": "Inner", "Scan Direction": "Forward", "Index Name": "movie_id_cast_info", "Relation Name": "cast_info", "Alias": "ci", "Startup Cost": 0.0, "Total Cost": 0.98, "Plan Rows": 1, "Plan Width": 12, "Actual Startup Time": 647.342, "Actual Total Time": 687.066, "Actual Rows": 377, "Actual Loops": 8790, "Index Cond": "(movie_id = mc.movie_id)", "Rows Removed by Index Recheck": 0, "Filter": "(((note)::text ~~ '%(voice)%'::text) AND ((note)::text ~~ '%(uncredited)%'::text))", "Rows Removed by Filter": 408168}]}]}, {"Node Type": "Index Scan", "Parent Relationship": "Inner", "Scan Direction": "Forward", "Index Name": "title_pkey", "Relation Name": "title", "Alias": "t", "Startup Cost": 0.0, "Total Cost": 0.34, "Plan Rows": 1, "Plan Width": 21, "Actual Startup Time": 1.837, "Actual Total Time": 1.837, "Actual Rows": 112, "Actual Loops": 275, "Index Cond": "(id = mc.movie_id)", "Rows Removed by Index Recheck": 0, "Filter": "(production_year > 2005)", "Rows Removed by Filter": 163}]}, {"Node Type": "Index Scan", "Parent Relationship": "Inner", "Scan Direction": "Forward", "Index Name": "char_name_pkey", "Relation Name": "char_name", "Alias": "chn", "Startup Cost": 0.0, "Total Cost": 5.37, "Plan Rows": 1, "Plan Width": 20, "Actual Startup Time": 0.803, "Actual Total Time": 0.803, "Actual Rows": 104, "Actual Loops": 112, "Index Cond": "(id = ci.person_role_id)", "Rows Removed by Index Recheck": 0}]}, {"Node Type": "Index Scan", "Parent Relationship": "Inner", "Scan Direction": "Forward", "Index Name": "company_type_pkey", "Relation Name": "company_type", "Alias": "ct", "Startup Cost": 0.0, "Total Cost": 0.27, "Plan Rows": 1, "Plan Width": 4, "Actual Startup Time": 0.179, "Actual Total Time": 0.179, "Actual Rows": 18, "Actual Loops": 104, "Index Cond": "(id = mc.company_type_id)", "Rows Removed by Index Recheck": 0}]}]}, "Triggers": [], "Planner Runtime": 7, "Total Runtime": 804.361, "Unique SQL Id": 2933943827}}, "(64, 13)": {"explain_plan": {"Plan": {"Node Type": "Aggregate", "Strategy": "Plain", "Startup Cost": 24506.67, "Total Cost": 24506.68, "Plan Rows": 1, "Plan Width": 97, "Plans": [{"Node Type": "Nested Loop", "Parent Relationship": "Outer", "Join Type": "Inner", "Startup Cost": 0.0, "Total Cost": 24506.66, "Plan Rows": 2, "Plan Width": 33, "Inner Unique": true, "Plans": [{"Node Type": "Nested Loop", "Parent Relationship": "Outer", "Join Type": "Inner", "Startup Cost": 0.0, "Total Cost": 24506.1, "Plan Rows": 2, "Plan Width": 37, "Inner Unique": true, "Plans": [{"Node Type": "Nested Loop", "Parent Relationship": "Outer", "Join Type": "Inner", "Startup Cost": 0.0, "Total Cost": 24479.22, "Plan Rows": 5, "Plan Width": 25, "Inner Unique": true, "Plans": [{"Node Type": "Nested Loop", "Parent Relationship": "Outer", "Join Type": "Inner", "Startup Cost": 0.0, "Total Cost": 24477.12, "Plan Rows": 6, "Plan Width": 16, "Inner Unique": false, "Join Filter": "(ci.role_id = rt.id)", "Plans": [{"Node Type": "Index Scan", "Parent Relationship": "Outer", "Scan Direction": "Forward", "Index Name": "role_type_pkey", "Relation Name": "role_type", "Alias": "rt", "Startup Cost": 0.0, "Total Cost": 12.46, "Plan Rows": 1, "Plan Width": 4, "Filter": "((role)::text = 'actor'::text)"}, {"Node Type": "Nested Loop", "Parent Relationship": "Inner", "Join Type": "Inner", "Startup Cost": 0.0, "Total Cost": 24463.81, "Plan Rows": 68, "Plan Width": 20, "Inner Unique": false, "Plans": [{"Node Type": "Nested Loop", "Parent Relationship": "Outer", "Join Type": "Inner", "Startup Cost": 0.0, "Total Cost": 20719.49, "Plan Rows": 3779, "Plan Width": 8, "Inner Unique": false, "Plans": [{"Node Type": "Index Scan", "Parent Relationship": "Outer", "Scan Direction": "Forward", "Index Name": "company_name_pkey", "Relation Name": "company_name", "Alias": "cn", "Startup Cost": 0.0, "Total Cost": 10501.39, "Plan Rows": 251, "Plan Width": 4, "Filter": "((country_code)::text = '[ru]'::text)"}, {"Node Type": "Index Scan", "Parent Relationship": "Inner", "Scan Direction": "Forward", "Index Name": "company_id_movie_companies", "Relation Name": "movie_companies", "Alias": "mc", "Startup Cost": 0.0, "Total Cost": 40.56, "Plan Rows": 15, "Plan Width": 12, "Index Cond": "(company_id = cn.id)"}]}, {"Node Type": "Index Scan", "Parent Relationship": "Inner", "Scan Direction": "Forward", "Index Name": "movie_id_cast_info", "Relation Name": "cast_info", "Alias": "ci", "Startup Cost": 0.0, "Total Cost": 0.98, "Plan Rows": 1, "Plan Width": 12, "Index Cond": "(movie_id = mc.movie_id)", "Filter": "(((note)::text ~~ '%(voice)%'::text) AND ((note)::text ~~ '%(uncredited)%'::text))"}]}]}, {"Node Type": "Index Scan", "Parent Relationship": "Inner", "Scan Direction": "Forward", "Index Name": "title_pkey", "Relation Name": "title", "Alias": "t", "Startup Cost": 0.0, "Total Cost": 0.34, "Plan Rows": 1, "Plan Width": 21, "Index Cond": "(id = mc.movie_id)", "Filter": "(production_year > 2005)"}]}, {"Node Type": "Index Scan", "Parent Relationship": "Inner", "Scan Direction": "Forward", "Index Name": "char_name_pkey", "Relation Name": "char_name", "Alias": "chn", "Startup Cost": 0.0, "Total Cost": 5.37, "Plan Rows": 1, "Plan Width": 20, "Index Cond": "(id = ci.person_role_id)"}]}, {"Node Type": "Index Scan", "Parent Relationship": "Inner", "Scan Direction": "Forward", "Index Name": "company_type_pkey", "Relation Name": "company_type", "Alias": "ct", "Startup Cost": 0.0, "Total Cost": 0.27, "Plan Rows": 1, "Plan Width": 4, "Index Cond": "(id = mc.company_type_id)"}]}]}, "Unique SQL Id": 2933943827, "Planner Runtime": 16}, "explain_analyze_plan": {"Plan": {"Node Type": "Aggregate", "Strategy": "Plain", "Startup Cost": 24506.67, "Total Cost": 24506.68, "Plan Rows": 1, "Plan Width": 97, "Actual Startup Time": 1075.373, "Actual Total Time": 1075.373, "Actual Rows": 1, "Actual Loops": 1, "Plans": [{"Node Type": "Nested Loop", "Parent Relationship": "Outer", "Join Type": "Inner", "Startup Cost": 0.0, "Total Cost": 24506.66, "Plan Rows": 2, "Plan Width": 33, "Actual Startup Time": 27.528, "Actual Total Time": 1075.274, "Actual Rows": 18, "Actual Loops": 1, "Inner Unique": true, "Plans": [{"Node Type": "Nested Loop", "Parent Relationship": "Outer", "Join Type": "Inner", "Startup Cost": 0.0, "Total Cost": 24506.1, "Plan Rows": 2, "Plan Width": 37, "Actual Startup Time": 21.072, "Actual Total Time": 1074.971, "Actual Rows": 104, "Actual Loops": 1, "Inner Unique": true, "Plans": [{"Node Type": "Nested Loop", "Parent Relationship": "Outer", "Join Type": "Inner", "Startup Cost": 0.0, "Total Cost": 24479.22, "Plan Rows": 5, "Plan Width": 25, "Actual Startup Time": 21.057, "Actual Total Time": 1073.844, "Actual Rows": 112, "Actual Loops": 1, "Inner Unique": true, "Plans": [{"Node Type": "Nested Loop", "Parent Relationship": "Outer", "Join Type": "Inner", "Startup Cost": 0.0, "Total Cost": 24477.12, "Plan Rows": 6, "Plan Width": 16, "Actual Startup Time": 5.969, "Actual Total Time": 1071.384, "Actual Rows": 275, "Actual Loops": 1, "Inner Unique": false, "Join Filter": "(ci.role_id = rt.id)", "Rows Removed by Join Filter": 102, "Plans": [{"Node Type": "Index Scan", "Parent Relationship": "Outer", "Scan Direction": "Forward", "Index Name": "role_type_pkey", "Relation Name": "role_type", "Alias": "rt", "Startup Cost": 0.0, "Total Cost": 12.46, "Plan Rows": 1, "Plan Width": 4, "Actual Startup Time": 0.022, "Actual Total Time": 0.034, "Actual Rows": 1, "Actual Loops": 1, "Filter": "((role)::text = 'actor'::text)", "Rows Removed by Filter": 11}, {"Node Type": "Nested Loop", "Parent Relationship": "Inner", "Join Type": "Inner", "Startup Cost": 0.0, "Total Cost": 24463.81, "Plan Rows": 68, "Plan Width": 20, "Actual Startup Time": 5.938, "Actual Total Time": 1071.055, "Actual Rows": 377, "Actual Loops": 1, "Inner Unique": false, "Plans": [{"Node Type": "Nested Loop", "Parent Relationship": "Outer", "Join Type": "Inner", "Startup Cost": 0.0, "Total Cost": 20719.49, "Plan Rows": 3779, "Plan Width": 8, "Actual Startup Time": 0.458, "Actual Total Time": 317.999, "Actual Rows": 8790, "Actual Loops": 1, "Inner Unique": false, "Plans": [{"Node Type": "Index Scan", "Parent Relationship": "Outer", "Scan Direction": "Forward", "Index Name": "company_name_pkey", "Relation Name": "company_name", "Alias": "cn", "Startup Cost": 0.0, "Total Cost": 10501.39, "Plan Rows": 251, "Plan Width": 4, "Actual Startup Time": 0.445, "Actual Total Time": 292.438, "Actual Rows": 1361, "Actual Loops": 1, "Filter": "((country_code)::text = '[ru]'::text)", "Rows Removed by Filter": 233635}, {"Node Type": "Index Scan", "Parent Relationship": "Inner", "Scan Direction": "Forward", "Index Name": "company_id_movie_companies", "Relation Name": "movie_companies", "Alias": "mc", "Startup Cost": 0.0, "Total Cost": 40.56, "Plan Rows": 15, "Plan Width": 12, "Actual Startup Time": 8.383, "Actual Total Time": 22.016, "Actual Rows": 8790, "Actual Loops": 1361, "Index Cond": "(company_id = cn.id)", "Rows Removed by Index Recheck": 0}]}, {"Node Type": "Index Scan", "Parent Relationship": "Inner", "Scan Direction": "Forward", "Index Name": "movie_id_cast_info", "Relation Name": "cast_info", "Alias": "ci", "Startup Cost": 0.0, "Total Cost": 0.98, "Plan Rows": 1, "Plan Width": 12, "Actual Startup Time": 705.089, "Actual Total Time": 747.477, "Actual Rows": 377, "Actual Loops": 8790, "Index Cond": "(movie_id = mc.movie_id)", "Rows Removed by Index Recheck": 0, "Filter": "(((note)::text ~~ '%(voice)%'::text) AND ((note)::text ~~ '%(uncredited)%'::text))", "Rows Removed by Filter": 408168}]}]}, {"Node Type": "Index Scan", "Parent Relationship": "Inner", "Scan Direction": "Forward", "Index Name": "title_pkey", "Relation Name": "title", "Alias": "t", "Startup Cost": 0.0, "Total Cost": 0.34, "Plan Rows": 1, "Plan Width": 21, "Actual Startup Time": 2.031, "Actual Total Time": 2.031, "Actual Rows": 112, "Actual Loops": 275, "Index Cond": "(id = mc.movie_id)", "Rows Removed by Index Recheck": 0, "Filter": "(production_year > 2005)", "Rows Removed by Filter": 163}]}, {"Node Type": "Index Scan", "Parent Relationship": "Inner", "Scan Direction": "Forward", "Index Name": "char_name_pkey", "Relation Name": "char_name", "Alias": "chn", "Startup Cost": 0.0, "Total Cost": 5.37, "Plan Rows": 1, "Plan Width": 20, "Actual Startup Time": 0.861, "Actual Total Time": 0.861, "Actual Rows": 104, "Actual Loops": 112, "Index Cond": "(id = ci.person_role_id)", "Rows Removed by Index Recheck": 0}]}, {"Node Type": "Index Scan", "Parent Relationship": "Inner", "Scan Direction": "Forward", "Index Name": "company_type_pkey", "Relation Name": "company_type", "Alias": "ct", "Startup Cost": 0.0, "Total Cost": 0.27, "Plan Rows": 1, "Plan Width": 4, "Actual Startup Time": 0.157, "Actual Total Time": 0.157, "Actual Rows": 18, "Actual Loops": 104, "Index Cond": "(id = mc.company_type_id)", "Rows Removed by Index Recheck": 0}]}]}, "Triggers": [], "Planner Runtime": 5, "Total Runtime": 1075.71, "Unique SQL Id": 2933943827}}, "(64, 14)": {"explain_plan": {"Plan": {"Node Type": "Aggregate", "Strategy": "Plain", "Startup Cost": 294959.19, "Total Cost": 294959.2, "Plan Rows": 1, "Plan Width": 97, "Plans": [{"Node Type": "Hash Join", "Parent Relationship": "Outer", "Join Type": "Inner", "Startup Cost": 156166.1, "Total Cost": 294959.17, "Plan Rows": 4, "Plan Width": 33, "Inner Unique": true, "Hash Cond": "(mc.movie_id = t.id)", "Plans": [{"Node Type": "Nested Loop", "Parent Relationship": "Outer", "Join Type": "Inner", "Startup Cost": 122261.06, "Total Cost": 261054.08, "Plan Rows": 3, "Plan Width": 24, "Inner Unique": true, "Join Filter": "(mc.company_type_id = ct.id)", "Plans": [{"Node Type": "Streaming(type: LOCAL GATHER dop: 1/64)", "Parent Relationship": "Outer", "Startup Cost": 122261.06, "Total Cost": 261052.91, "Plan Rows": 3, "Plan Width": 28, "Plans": [{"Node Type": "Hash Join", "Parent Relationship": "Outer", "Join Type": "Inner", "Startup Cost": 122261.06, "Total Cost": 261052.85, "Plan Rows": 3, "Plan Width": 28, "Inner Unique": true, "Hash Cond": "(ci.person_role_id = chn.id)", "Plans": [{"Node Type": "Streaming(type: BROADCAST dop: 64/1)", "Parent Relationship": "Outer", "Startup Cost": 57593.12, "Total Cost": 196384.88, "Plan Rows": 384, "Plan Width": 16, "Plans": [{"Node Type": "Nested Loop", "Parent Relationship": "Outer", "Join Type": "Inner", "Startup Cost": 57593.12, "Total Cost": 133376.96, "Plan Rows": 6, "Plan Width": 16, "Inner Unique": false, "Join Filter": "(ci.role_id = rt.id)", "Plans": [{"Node Type": "Seq Scan", "Parent Relationship": "Outer", "Relation Name": "role_type", "Alias": "rt", "Startup Cost": 0.0, "Total Cost": 1.15, "Plan Rows": 1, "Plan Width": 4, "Filter": "((role)::text = 'actor'::text)"}, {"Node Type": "Materialize", "Parent Relationship": "Inner", "Startup Cost": 57593.12, "Total Cost": 133375.13, "Plan Rows": 68, "Plan Width": 20, "Plans": [{"Node Type": "Hash Join", "Parent Relationship": "Outer", "Join Type": "Inner", "Startup Cost": 57593.12, "Total Cost": 133374.96, "Plan Rows": 68, "Plan Width": 20, "Inner Unique": false, "Hash Cond": "(ci.movie_id = mc.movie_id)", "Plans": [{"Node Type": "Streaming(type: LOCAL GATHER dop: 1/64)", "Parent Relationship": "Outer", "Startup Cost": 0.0, "Total Cost": 75697.06, "Plan Rows": 22295, "Plan Width": 12, "Plans": [{"Node Type": "Seq Scan", "Parent Relationship": "Outer", "Relation Name": "cast_info", "Alias": "ci", "Startup Cost": 0.0, "Total Cost": 75237.12, "Plan Rows": 22295, "Plan Width": 12, "Filter": "(((note)::text ~~ '%(voice)%'::text) AND ((note)::text ~~ '%(uncredited)%'::text))"}]}, {"Node Type": "Hash", "Parent Relationship": "Inner", "Startup Cost": 57545.89, "Total Cost": 57545.89, "Plan Rows": 3779, "Plan Width": 8, "Plans": [{"Node Type": "Hash Join", "Parent Relationship": "Outer", "Join Type": "Inner", "Startup Cost": 5906.59, "Total Cost": 57545.89, "Plan Rows": 3779, "Plan Width": 8, "Inner Unique": true, "Hash Cond": "(mc.company_id = cn.id)", "Plans": [{"Node Type": "Seq Scan", "Parent Relationship": "Outer", "Relation Name": "movie_companies", "Alias": "mc", "Startup Cost": 0.0, "Total Cost": 41817.28, "Plan Rows": 2609128, "Plan Width": 12}, {"Node Type": "Hash", "Parent Relationship": "Inner", "Startup Cost": 5903.45, "Total Cost": 5903.45, "Plan Rows": 251, "Plan Width": 4, "Plans": [{"Node Type": "Seq Scan", "Parent Relationship": "Outer", "Relation Name": "company_name", "Alias": "cn", "Startup Cost": 0.0, "Total Cost": 5903.45, "Plan Rows": 251, "Plan Width": 4, "Filter": "((country_code)::text = '[ru]'::text)"}]}]}]}]}]}]}]}, {"Node Type": "Hash", "Parent Relationship": "Inner", "Startup Cost": 64054.58, "Total Cost": 64054.58, "Plan Rows": 3140338, "Plan Width": 20, "Plans": [{"Node Type": "Seq Scan", "Parent Relationship": "Outer", "Relation Name": "char_name", "Alias": "chn", "Startup Cost": 0.0, "Total Cost": 64054.58, "Plan Rows": 3140338, "Plan Width": 20}]}]}]}, {"Node Type": "Materialize", "Parent Relationship": "Inner", "Startup Cost": 0.0, "Total Cost": 1.04, "Plan Rows": 3, "Plan Width": 4, "Plans": [{"Node Type": "Seq Scan", "Parent Relationship": "Outer", "Relation Name": "company_type", "Alias": "ct", "Startup Cost": 0.0, "Total Cost": 1.03, "Plan Rows": 3, "Plan Width": 4}]}]}, {"Node Type": "Hash", "Parent Relationship": "Inner", "Startup Cost": 84945.56, "Total Cost": 84945.56, "Plan Rows": 1013492, "Plan Width": 21, "Plans": [{"Node Type": "Streaming(type: LOCAL GATHER dop: 1/64)", "Parent Relationship": "Outer", "Startup Cost": 0.0, "Total Cost": 84945.56, "Plan Rows": 1013492, "Plan Width": 21, "Plans": [{"Node Type": "Seq Scan", "Parent Relationship": "Outer", "Relation Name": "title", "Alias": "t", "Startup Cost": 0.0, "Total Cost": 64037.34, "Plan Rows": 1013492, "Plan Width": 21, "Filter": "(production_year > 2005), (LLVM Optimized)"}]}]}]}]}, "Unique SQL Id": 2933943827, "Planner Runtime": 62}, "explain_analyze_plan": null}, "(64, 15)": {"explain_plan": {"Plan": {"Node Type": "Aggregate", "Strategy": "Plain", "Startup Cost": 3605831579539.19, "Total Cost": 3605831579539.2, "Plan Rows": 1, "Plan Width": 97, "Plans": [{"Node Type": "Merge Join", "Parent Relationship": "Outer", "Join Type": "Inner", "Startup Cost": 70000000000.0, "Total Cost": 3605831579539.17, "Plan Rows": 4, "Plan Width": 33, "Inner Unique": true, "Merge Cond": "(ci.person_role_id = chn.id)", "Plans": [{"Node Type": "Nested Loop", "Parent Relationship": "Outer", "Join Type": "Inner", "Startup Cost": 60000000000.0, "Total Cost": 6000243362999.82, "Plan Rows": 7, "Plan Width": 21, "Inner Unique": true, "Join Filter": "(mc.movie_id = t.id)", "Plans": [{"Node Type": "Nested Loop", "Parent Relationship": "Outer", "Join Type": "Inner", "Startup Cost": 50000000000.0, "Total Cost": 5000231625125.14, "Plan Rows": 6, "Plan Width": 12, "Inner Unique": true, "Join Filter": "(mc.company_type_id = ct.id)", "Plans": [{"Node Type": "Nested Loop", "Parent Relationship": "Outer", "Join Type": "Inner", "Startup Cost": 40000000000.0, "Total Cost": 4000231623895.37, "Plan Rows": 6, "Plan Width": 16, "Inner Unique": false, "Join Filter": "(ci.movie_id = mc.movie_id)", "Plans": [{"Node Type": "Nested Loop", "Parent Relationship": "Outer", "Join Type": "Inner", "Startup Cost": 20000000000.0, "Total Cost": 2000211317261.91, "Plan Rows": 2027, "Plan Width": 8, "Inner Unique": true, "Join Filter": "(ci.role_id = rt.id)", "Plans": [{"Node Type": "Index Scan", "Parent Relationship": "Outer", "Scan Direction": "Forward", "Index Name": "person_role_id_cast_info", "Relation Name": "cast_info", "Alias": "ci", "Startup Cost": 10000000000.0, "Total Cost": 1000211315681.48, "Plan Rows": 22295, "Plan Width": 12, "Filter": "(((note)::text ~~ '%(voice)%'::text) AND ((note)::text ~~ '%(uncredited)%'::text))"}, {"Node Type": "Materialize", "Parent Relationship": "Inner", "Startup Cost": 10000000000.0, "Total Cost": 1000000001246.0, "Plan Rows": 1, "Plan Width": 4, "Plans": [{"Node Type": "Index Scan", "Parent Relationship": "Outer", "Scan Direction": "Forward", "Index Name": "role_type_pkey", "Relation Name": "role_type", "Alias": "rt", "Startup Cost": 10000000000.0, "Total Cost": 1000000001246.0, "Plan Rows": 1, "Plan Width": 4, "Filter": "((role)::text = 'actor'::text)"}]}]}, {"Node Type": "Materialize", "Parent Relationship": "Inner", "Startup Cost": 20000000000.0, "Total Cost": 2000020191742.41, "Plan Rows": 3779, "Plan Width": 8, "Plans": [{"Node Type": "Nested Loop", "Parent Relationship": "Outer", "Join Type": "Inner", "Startup Cost": 20000000000.0, "Total Cost": 2000020191723.52, "Plan Rows": 3779, "Plan Width": 8, "Inner Unique": true, "Join Filter": "(cn.id = mc.company_id)", "Plans": [{"Node Type": "Index Scan", "Parent Relationship": "Outer", "Scan Direction": "Forward", "Index Name": "company_type_id_movie_companies", "Relation Name": "movie_companies", "Alias": "mc", "Startup Cost": 10000000000.0, "Total Cost": 1000009318217.0, "Plan Rows": 2609128, "Plan Width": 12}, {"Node Type": "Materialize", "Parent Relationship": "Inner", "Startup Cost": 10000000000.0, "Total Cost": 1000001050140.22, "Plan Rows": 251, "Plan Width": 4, "Plans": [{"Node Type": "Index Scan", "Parent Relationship": "Outer", "Scan Direction": "Forward", "Index Name": "company_name_pkey", "Relation Name": "company_name", "Alias": "cn", "Startup Cost": 10000000000.0, "Total Cost": 1000001050138.97, "Plan Rows": 251, "Plan Width": 4, "Filter": "((country_code)::text = '[ru]'::text)"}]}]}]}]}, {"Node Type": "Materialize", "Parent Relationship": "Inner", "Startup Cost": 10000000000.0, "Total Cost": 1000000001229.52, "Plan Rows": 3, "Plan Width": 4, "Plans": [{"Node Type": "Index Scan", "Parent Relationship": "Outer", "Scan Direction": "Forward", "Index Name": "company_type_pkey", "Relation Name": "company_type", "Alias": "ct", "Startup Cost": 10000000000.0, "Total Cost": 1000000001229.5, "Plan Rows": 3, "Plan Width": 4}]}]}, {"Node Type": "Materialize", "Parent Relationship": "Inner", "Startup Cost": 10000000000.0, "Total Cost": 1000011649194.12, "Plan Rows": 1013492, "Plan Width": 21, "Plans": [{"Node Type": "Index Scan", "Parent Relationship": "Outer", "Scan Direction": "Forward", "Index Name": "title_pkey", "Relation Name": "title", "Alias": "t", "Startup Cost": 10000000000.0, "Total Cost": 1000011644126.66, "Plan Rows": 1013492, "Plan Width": 21, "Filter": "(production_year > 2005), (LLVM Optimized)"}]}]}, {"Node Type": "Index Scan", "Parent Relationship": "Inner", "Scan Direction": "Forward", "Index Name": "char_name_pkey", "Relation Name": "char_name", "Alias": "chn", "Startup Cost": 10000000000.0, "Total Cost": 1000012987545.51, "Plan Rows": 3140338, "Plan Width": 20}]}]}, "Unique SQL Id": 2933943827, "Planner Runtime": 47}, "explain_analyze_plan": null}, "(64, 16)": {"explain_plan": {"Plan": {"Node Type": "Aggregate", "Strategy": "Plain", "Startup Cost": 19897.43, "Total Cost": 19897.44, "Plan Rows": 1, "Plan Width": 97, "Plans": [{"Node Type": "Nested Loop", "Parent Relationship": "Outer", "Join Type": "Inner", "Startup Cost": 0.0, "Total Cost": 19897.42, "Plan Rows": 2, "Plan Width": 33, "Inner Unique": true, "Plans": [{"Node Type": "Nested Loop", "Parent Relationship": "Outer", "Join Type": "Inner", "Startup Cost": 0.0, "Total Cost": 19896.86, "Plan Rows": 2, "Plan Width": 37, "Inner Unique": true, "Plans": [{"Node Type": "Nested Loop", "Parent Relationship": "Outer", "Join Type": "Inner", "Startup Cost": 0.0, "Total Cost": 19869.97, "Plan Rows": 5, "Plan Width": 25, "Inner Unique": true, "Plans": [{"Node Type": "Nested Loop", "Parent Relationship": "Outer", "Join Type": "Inner", "Startup Cost": 0.0, "Total Cost": 19867.87, "Plan Rows": 6, "Plan Width": 16, "Inner Unique": false, "Join Filter": "(ci.role_id = rt.id)", "Plans": [{"Node Type": "Seq Scan", "Parent Relationship": "Outer", "Relation Name": "role_type", "Alias": "rt", "Startup Cost": 0.0, "Total Cost": 1.15, "Plan Rows": 1, "Plan Width": 4, "Filter": "((role)::text = 'actor'::text)"}, {"Node Type": "Nested Loop", "Parent Relationship": "Inner", "Join Type": "Inner", "Startup Cost": 0.0, "Total Cost": 19865.87, "Plan Rows": 68, "Plan Width": 20, "Inner Unique": false, "Plans": [{"Node Type": "Nested Loop", "Parent Relationship": "Outer", "Join Type": "Inner", "Startup Cost": 0.0, "Total Cost": 16121.55, "Plan Rows": 3779, "Plan Width": 8, "Inner Unique": false, "Plans": [{"Node Type": "Seq Scan", "Parent Relationship": "Outer", "Relation Name": "company_name", "Alias": "cn", "Startup Cost": 0.0, "Total Cost": 5903.45, "Plan Rows": 251, "Plan Width": 4, "Filter": "((country_code)::text = '[ru]'::text)"}, {"Node Type": "Index Scan", "Parent Relationship": "Inner", "Scan Direction": "Forward", "Index Name": "company_id_movie_companies", "Relation Name": "movie_companies", "Alias": "mc", "Startup Cost": 0.0, "Total Cost": 40.56, "Plan Rows": 15, "Plan Width": 12, "Index Cond": "(company_id = cn.id)"}]}, {"Node Type": "Index Scan", "Parent Relationship": "Inner", "Scan Direction": "Forward", "Index Name": "movie_id_cast_info", "Relation Name": "cast_info", "Alias": "ci", "Startup Cost": 0.0, "Total Cost": 0.98, "Plan Rows": 1, "Plan Width": 12, "Index Cond": "(movie_id = mc.movie_id)", "Filter": "(((note)::text ~~ '%(voice)%'::text) AND ((note)::text ~~ '%(uncredited)%'::text))"}]}]}, {"Node Type": "Index Scan", "Parent Relationship": "Inner", "Scan Direction": "Forward", "Index Name": "title_pkey", "Relation Name": "title", "Alias": "t", "Startup Cost": 0.0, "Total Cost": 0.34, "Plan Rows": 1, "Plan Width": 21, "Index Cond": "(id = mc.movie_id)", "Filter": "(production_year > 2005)"}]}, {"Node Type": "Index Scan", "Parent Relationship": "Inner", "Scan Direction": "Forward", "Index Name": "char_name_pkey", "Relation Name": "char_name", "Alias": "chn", "Startup Cost": 0.0, "Total Cost": 5.37, "Plan Rows": 1, "Plan Width": 20, "Index Cond": "(id = ci.person_role_id)"}]}, {"Node Type": "Index Only Scan", "Parent Relationship": "Inner", "Scan Direction": "Forward", "Index Name": "company_type_pkey", "Relation Name": "company_type", "Alias": "ct", "Startup Cost": 0.0, "Total Cost": 0.27, "Plan Rows": 1, "Plan Width": 4, "Index Cond": "(id = mc.company_type_id)"}]}]}, "Unique SQL Id": 2933943827, "Planner Runtime": 15}, "explain_analyze_plan": {"Plan": {"Node Type": "Aggregate", "Strategy": "Plain", "Startup Cost": 19897.43, "Total Cost": 19897.44, "Plan Rows": 1, "Plan Width": 97, "Actual Startup Time": 807.225, "Actual Total Time": 807.226, "Actual Rows": 1, "Actual Loops": 1, "Plans": [{"Node Type": "Nested Loop", "Parent Relationship": "Outer", "Join Type": "Inner", "Startup Cost": 0.0, "Total Cost": 19897.42, "Plan Rows": 2, "Plan Width": 33, "Actual Startup Time": 45.255, "Actual Total Time": 807.116, "Actual Rows": 18, "Actual Loops": 1, "Inner Unique": true, "Plans": [{"Node Type": "Nested Loop", "Parent Relationship": "Outer", "Join Type": "Inner", "Startup Cost": 0.0, "Total Cost": 19896.86, "Plan Rows": 2, "Plan Width": 37, "Actual Startup Time": 9.393, "Actual Total Time": 806.783, "Actual Rows": 104, "Actual Loops": 1, "Inner Unique": true, "Plans": [{"Node Type": "Nested Loop", "Parent Relationship": "Outer", "Join Type": "Inner", "Startup Cost": 0.0, "Total Cost": 19869.97, "Plan Rows": 5, "Plan Width": 25, "Actual Startup Time": 9.382, "Actual Total Time": 805.777, "Actual Rows": 112, "Actual Loops": 1, "Inner Unique": true, "Plans": [{"Node Type": "Nested Loop", "Parent Relationship": "Outer", "Join Type": "Inner", "Startup Cost": 0.0, "Total Cost": 19867.87, "Plan Rows": 6, "Plan Width": 16, "Actual Startup Time": 0.829, "Actual Total Time": 803.535, "Actual Rows": 275, "Actual Loops": 1, "Inner Unique": false, "Join Filter": "(ci.role_id = rt.id)", "Rows Removed by Join Filter": 102, "Plans": [{"Node Type": "Seq Scan", "Parent Relationship": "Outer", "Relation Name": "role_type", "Alias": "rt", "Startup Cost": 0.0, "Total Cost": 1.15, "Plan Rows": 1, "Plan Width": 4, "Actual Startup Time": 0.027, "Actual Total Time": 0.031, "Actual Rows": 1, "Actual Loops": 1, "Filter": "((role)::text = 'actor'::text)", "Rows Removed by Filter": 11}, {"Node Type": "Nested Loop", "Parent Relationship": "Inner", "Join Type": "Inner", "Startup Cost": 0.0, "Total Cost": 19865.87, "Plan Rows": 68, "Plan Width": 20, "Actual Startup Time": 0.793, "Actual Total Time": 803.216, "Actual Rows": 377, "Actual Loops": 1, "Inner Unique": false, "Plans": [{"Node Type": "Nested Loop", "Parent Relationship": "Outer", "Join Type": "Inner", "Startup Cost": 0.0, "Total Cost": 16121.55, "Plan Rows": 3779, "Plan Width": 8, "Actual Startup Time": 0.051, "Actual Total Time": 107.855, "Actual Rows": 8790, "Actual Loops": 1, "Inner Unique": false, "Plans": [{"Node Type": "Seq Scan", "Parent Relationship": "Outer", "Relation Name": "company_name", "Alias": "cn", "Startup Cost": 0.0, "Total Cost": 5903.45, "Plan Rows": 251, "Plan Width": 4, "Actual Startup Time": 0.033, "Actual Total Time": 82.985, "Actual Rows": 1361, "Actual Loops": 1, "Filter": "((country_code)::text = '[ru]'::text)", "Rows Removed by Filter": 233635}, {"Node Type": "Index Scan", "Parent Relationship": "Inner", "Scan Direction": "Forward", "Index Name": "company_id_movie_companies", "Relation Name": "movie_companies", "Alias": "mc", "Startup Cost": 0.0, "Total Cost": 40.56, "Plan Rows": 15, "Plan Width": 12, "Actual Startup Time": 8.733, "Actual Total Time": 21.453, "Actual Rows": 8790, "Actual Loops": 1361, "Index Cond": "(company_id = cn.id)", "Rows Removed by Index Recheck": 0}]}, {"Node Type": "Index Scan", "Parent Relationship": "Inner", "Scan Direction": "Forward", "Index Name": "movie_id_cast_info", "Relation Name": "cast_info", "Alias": "ci", "Startup Cost": 0.0, "Total Cost": 0.98, "Plan Rows": 1, "Plan Width": 12, "Actual Startup Time": 650.914, "Actual Total Time": 689.985, "Actual Rows": 377, "Actual Loops": 8790, "Index Cond": "(movie_id = mc.movie_id)", "Rows Removed by Index Recheck": 0, "Filter": "(((note)::text ~~ '%(voice)%'::text) AND ((note)::text ~~ '%(uncredited)%'::text))", "Rows Removed by Filter": 408168}]}]}, {"Node Type": "Index Scan", "Parent Relationship": "Inner", "Scan Direction": "Forward", "Index Name": "title_pkey", "Relation Name": "title", "Alias": "t", "Startup Cost": 0.0, "Total Cost": 0.34, "Plan Rows": 1, "Plan Width": 21, "Actual Startup Time": 1.834, "Actual Total Time": 1.834, "Actual Rows": 112, "Actual Loops": 275, "Index Cond": "(id = mc.movie_id)", "Rows Removed by Index Recheck": 0, "Filter": "(production_year > 2005)", "Rows Removed by Filter": 163}]}, {"Node Type": "Index Scan", "Parent Relationship": "Inner", "Scan Direction": "Forward", "Index Name": "char_name_pkey", "Relation Name": "char_name", "Alias": "chn", "Startup Cost": 0.0, "Total Cost": 5.37, "Plan Rows": 1, "Plan Width": 20, "Actual Startup Time": 0.772, "Actual Total Time": 0.772, "Actual Rows": 104, "Actual Loops": 112, "Index Cond": "(id = ci.person_role_id)", "Rows Removed by Index Recheck": 0}]}, {"Node Type": "Index Only Scan", "Parent Relationship": "Inner", "Scan Direction": "Forward", "Index Name": "company_type_pkey", "Relation Name": "company_type", "Alias": "ct", "Startup Cost": 0.0, "Total Cost": 0.27, "Plan Rows": 1, "Plan Width": 4, "Actual Startup Time": 0.201, "Actual Total Time": 0.201, "Actual Rows": 18, "Actual Loops": 104, "Index Cond": "(id = mc.company_type_id)", "Rows Removed by Index Recheck": 0, "Heap Fetches": 0}]}]}, "Triggers": [], "Planner Runtime": 6, "Total Runtime": 807.578, "Unique SQL Id": 2933943827}}, "(64, 17)": {"explain_plan": {"Plan": {"Node Type": "Aggregate", "Strategy": "Plain", "Startup Cost": 22688.03, "Total Cost": 22688.04, "Plan Rows": 1, "Plan Width": 97, "Plans": [{"Node Type": "Nested Loop", "Parent Relationship": "Outer", "Join Type": "Inner", "Startup Cost": 2779.29, "Total Cost": 22688.02, "Plan Rows": 2, "Plan Width": 33, "Inner Unique": true, "Plans": [{"Node Type": "Nested Loop", "Parent Relationship": "Outer", "Join Type": "Inner", "Startup Cost": 2779.29, "Total Cost": 22687.46, "Plan Rows": 2, "Plan Width": 37, "Inner Unique": true, "Plans": [{"Node Type": "Nested Loop", "Parent Relationship": "Outer", "Join Type": "Inner", "Startup Cost": 2779.29, "Total Cost": 22660.57, "Plan Rows": 5, "Plan Width": 25, "Inner Unique": true, "Plans": [{"Node Type": "Nested Loop", "Parent Relationship": "Outer", "Join Type": "Inner", "Startup Cost": 2779.29, "Total Cost": 22658.47, "Plan Rows": 6, "Plan Width": 16, "Inner Unique": false, "Join Filter": "(ci.role_id = rt.id)", "Plans": [{"Node Type": "Index Scan", "Parent Relationship": "Outer", "Scan Direction": "Forward", "Index Name": "role_type_pkey", "Relation Name": "role_type", "Alias": "rt", "Startup Cost": 0.0, "Total Cost": 12.46, "Plan Rows": 1, "Plan Width": 4, "Filter": "((role)::text = 'actor'::text)"}, {"Node Type": "Nested Loop", "Parent Relationship": "Inner", "Join Type": "Inner", "Startup Cost": 2779.29, "Total Cost": 22645.16, "Plan Rows": 68, "Plan Width": 20, "Inner Unique": false, "Plans": [{"Node Type": "Nested Loop", "Parent Relationship": "Outer", "Join Type": "Inner", "Startup Cost": 2779.29, "Total Cost": 18900.84, "Plan Rows": 3779, "Plan Width": 8, "Inner Unique": false, "Plans": [{"Node Type": "Bitmap Heap Scan", "Parent Relationship": "Outer", "Relation Name": "company_name", "Alias": "cn", "Startup Cost": 2779.29, "Total Cost": 8682.74, "Plan Rows": 251, "Plan Width": 4, "Filter": "((country_code)::text = '[ru]'::text)", "Plans": [{"Node Type": "Bitmap Index Scan", "Parent Relationship": "Outer", "Index Name": "company_name_pkey", "Startup Cost": 0.0, "Total Cost": 2779.23, "Plan Rows": 234996, "Plan Width": 0}]}, {"Node Type": "Index Scan", "Parent Relationship": "Inner", "Scan Direction": "Forward", "Index Name": "company_id_movie_companies", "Relation Name": "movie_companies", "Alias": "mc", "Startup Cost": 0.0, "Total Cost": 40.56, "Plan Rows": 15, "Plan Width": 12, "Index Cond": "(company_id = cn.id)"}]}, {"Node Type": "Index Scan", "Parent Relationship": "Inner", "Scan Direction": "Forward", "Index Name": "movie_id_cast_info", "Relation Name": "cast_info", "Alias": "ci", "Startup Cost": 0.0, "Total Cost": 0.98, "Plan Rows": 1, "Plan Width": 12, "Index Cond": "(movie_id = mc.movie_id)", "Filter": "(((note)::text ~~ '%(voice)%'::text) AND ((note)::text ~~ '%(uncredited)%'::text))"}]}]}, {"Node Type": "Index Scan", "Parent Relationship": "Inner", "Scan Direction": "Forward", "Index Name": "title_pkey", "Relation Name": "title", "Alias": "t", "Startup Cost": 0.0, "Total Cost": 0.34, "Plan Rows": 1, "Plan Width": 21, "Index Cond": "(id = mc.movie_id)", "Filter": "(production_year > 2005)"}]}, {"Node Type": "Index Scan", "Parent Relationship": "Inner", "Scan Direction": "Forward", "Index Name": "char_name_pkey", "Relation Name": "char_name", "Alias": "chn", "Startup Cost": 0.0, "Total Cost": 5.37, "Plan Rows": 1, "Plan Width": 20, "Index Cond": "(id = ci.person_role_id)"}]}, {"Node Type": "Index Only Scan", "Parent Relationship": "Inner", "Scan Direction": "Forward", "Index Name": "company_type_pkey", "Relation Name": "company_type", "Alias": "ct", "Startup Cost": 0.0, "Total Cost": 0.27, "Plan Rows": 1, "Plan Width": 4, "Index Cond": "(id = mc.company_type_id)"}]}]}, "Unique SQL Id": 2933943827, "Planner Runtime": 13}, "explain_analyze_plan": {"Plan": {"Node Type": "Aggregate", "Strategy": "Plain", "Startup Cost": 22688.03, "Total Cost": 22688.04, "Plan Rows": 1, "Plan Width": 97, "Actual Startup Time": 886.686, "Actual Total Time": 886.686, "Actual Rows": 1, "Actual Loops": 1, "Plans": [{"Node Type": "Nested Loop", "Parent Relationship": "Outer", "Join Type": "Inner", "Startup Cost": 2779.29, "Total Cost": 22688.02, "Plan Rows": 2, "Plan Width": 33, "Actual Startup Time": 68.107, "Actual Total Time": 886.57, "Actual Rows": 18, "Actual Loops": 1, "Inner Unique": true, "Plans": [{"Node Type": "Nested Loop", "Parent Relationship": "Outer", "Join Type": "Inner", "Startup Cost": 2779.29, "Total Cost": 22687.46, "Plan Rows": 2, "Plan Width": 37, "Actual Startup Time": 30.688, "Actual Total Time": 886.228, "Actual Rows": 104, "Actual Loops": 1, "Inner Unique": true, "Plans": [{"Node Type": "Nested Loop", "Parent Relationship": "Outer", "Join Type": "Inner", "Startup Cost": 2779.29, "Total Cost": 22660.57, "Plan Rows": 5, "Plan Width": 25, "Actual Startup Time": 30.675, "Actual Total Time": 885.174, "Actual Rows": 112, "Actual Loops": 1, "Inner Unique": true, "Plans": [{"Node Type": "Nested Loop", "Parent Relationship": "Outer", "Join Type": "Inner", "Startup Cost": 2779.29, "Total Cost": 22658.47, "Plan Rows": 6, "Plan Width": 16, "Actual Startup Time": 21.765, "Actual Total Time": 882.885, "Actual Rows": 275, "Actual Loops": 1, "Inner Unique": false, "Join Filter": "(ci.role_id = rt.id)", "Rows Removed by Join Filter": 102, "Plans": [{"Node Type": "Index Scan", "Parent Relationship": "Outer", "Scan Direction": "Forward", "Index Name": "role_type_pkey", "Relation Name": "role_type", "Alias": "rt", "Startup Cost": 0.0, "Total Cost": 12.46, "Plan Rows": 1, "Plan Width": 4, "Actual Startup Time": 0.026, "Actual Total Time": 0.036, "Actual Rows": 1, "Actual Loops": 1, "Filter": "((role)::text = 'actor'::text)", "Rows Removed by Filter": 11}, {"Node Type": "Nested Loop", "Parent Relationship": "Inner", "Join Type": "Inner", "Startup Cost": 2779.29, "Total Cost": 22645.16, "Plan Rows": 68, "Plan Width": 20, "Actual Startup Time": 21.729, "Actual Total Time": 882.549, "Actual Rows": 377, "Actual Loops": 1, "Inner Unique": false, "Plans": [{"Node Type": "Nested Loop", "Parent Relationship": "Outer", "Join Type": "Inner", "Startup Cost": 2779.29, "Total Cost": 18900.84, "Plan Rows": 3779, "Plan Width": 8, "Actual Startup Time": 20.828, "Actual Total Time": 177.333, "Actual Rows": 8790, "Actual Loops": 1, "Inner Unique": false, "Plans": [{"Node Type": "Bitmap Heap Scan", "Parent Relationship": "Outer", "Relation Name": "company_name", "Alias": "cn", "Startup Cost": 2779.29, "Total Cost": 8682.74, "Plan Rows": 251, "Plan Width": 4, "Actual Startup Time": 20.803, "Actual Total Time": 152.123, "Actual Rows": 1361, "Actual Loops": 1, "Filter": "((country_code)::text = '[ru]'::text)", "Rows Removed by Filter": 233635, "Exact Heap Blocks": 2966, "Lossy Heap Blocks": 2966, "Plans": [{"Node Type": "Bitmap Index Scan", "Parent Relationship": "Outer", "Index Name": "company_name_pkey", "Startup Cost": 0.0, "Total Cost": 2779.23, "Plan Rows": 234996, "Plan Width": 0, "Actual Startup Time": 20.317, "Actual Total Time": 20.317, "Actual Rows": 234996, "Actual Loops": 1}]}, {"Node Type": "Index Scan", "Parent Relationship": "Inner", "Scan Direction": "Forward", "Index Name": "company_id_movie_companies", "Relation Name": "movie_companies", "Alias": "mc", "Startup Cost": 0.0, "Total Cost": 40.56, "Plan Rows": 15, "Plan Width": 12, "Actual Startup Time": 8.872, "Actual Total Time": 21.76, "Actual Rows": 8790, "Actual Loops": 1361, "Index Cond": "(company_id = cn.id)", "Rows Removed by Index Recheck": 0}]}, {"Node Type": "Index Scan", "Parent Relationship": "Inner", "Scan Direction": "Forward", "Index Name": "movie_id_cast_info", "Relation Name": "cast_info", "Alias": "ci", "Startup Cost": 0.0, "Total Cost": 0.98, "Plan Rows": 1, "Plan Width": 12, "Actual Startup Time": 659.474, "Actual Total Time": 699.702, "Actual Rows": 377, "Actual Loops": 8790, "Index Cond": "(movie_id = mc.movie_id)", "Rows Removed by Index Recheck": 0, "Filter": "(((note)::text ~~ '%(voice)%'::text) AND ((note)::text ~~ '%(uncredited)%'::text))", "Rows Removed by Filter": 408168}]}]}, {"Node Type": "Index Scan", "Parent Relationship": "Inner", "Scan Direction": "Forward", "Index Name": "title_pkey", "Relation Name": "title", "Alias": "t", "Startup Cost": 0.0, "Total Cost": 0.34, "Plan Rows": 1, "Plan Width": 21, "Actual Startup Time": 1.884, "Actual Total Time": 1.884, "Actual Rows": 112, "Actual Loops": 275, "Index Cond": "(id = mc.movie_id)", "Rows Removed by Index Recheck": 0, "Filter": "(production_year > 2005)", "Rows Removed by Filter": 163}]}, {"Node Type": "Index Scan", "Parent Relationship": "Inner", "Scan Direction": "Forward", "Index Name": "char_name_pkey", "Relation Name": "char_name", "Alias": "chn", "Startup Cost": 0.0, "Total Cost": 5.37, "Plan Rows": 1, "Plan Width": 20, "Actual Startup Time": 0.829, "Actual Total Time": 0.829, "Actual Rows": 104, "Actual Loops": 112, "Index Cond": "(id = ci.person_role_id)", "Rows Removed by Index Recheck": 0}]}, {"Node Type": "Index Only Scan", "Parent Relationship": "Inner", "Scan Direction": "Forward", "Index Name": "company_type_pkey", "Relation Name": "company_type", "Alias": "ct", "Startup Cost": 0.0, "Total Cost": 0.27, "Plan Rows": 1, "Plan Width": 4, "Actual Startup Time": 0.181, "Actual Total Time": 0.181, "Actual Rows": 18, "Actual Loops": 104, "Index Cond": "(id = mc.company_type_id)", "Rows Removed by Index Recheck": 0, "Heap Fetches": 0}]}]}, "Triggers": [], "Planner Runtime": 6, "Total Runtime": 887.084, "Unique SQL Id": 2933943827}}, "(64, 18)": {"explain_plan": {"Plan": {"Node Type": "Aggregate", "Strategy": "Plain", "Startup Cost": 38342.48, "Total Cost": 38342.49, "Plan Rows": 1, "Plan Width": 97, "Plans": [{"Node Type": "Nested Loop", "Parent Relationship": "Outer", "Join Type": "Inner", "Startup Cost": 7.4, "Total Cost": 38342.47, "Plan Rows": 2, "Plan Width": 33, "Inner Unique": false, "Join Filter": "(mc.company_type_id = ct.id)", "Plans": [{"Node Type": "Seq Scan", "Parent Relationship": "Outer", "Relation Name": "company_type", "Alias": "ct", "Startup Cost": 0.0, "Total Cost": 1.03, "Plan Rows": 3, "Plan Width": 4}, {"Node Type": "Materialize", "Parent Relationship": "Inner", "Startup Cost": 7.4, "Total Cost": 38341.35, "Plan Rows": 2, "Plan Width": 37, "Plans": [{"Node Type": "Nested Loop", "Parent Relationship": "Outer", "Join Type": "Inner", "Startup Cost": 7.4, "Total Cost": 38341.34, "Plan Rows": 2, "Plan Width": 37, "Inner Unique": true, "Plans": [{"Node Type": "Nested Loop", "Parent Relationship": "Outer", "Join Type": "Inner", "Startup Cost": 7.13, "Total Cost": 38328.45, "Plan Rows": 3, "Plan Width": 28, "Inner Unique": true, "Plans": [{"Node Type": "Nested Loop", "Parent Relationship": "Outer", "Join Type": "Inner", "Startup Cost": 4.83, "Total Cost": 38290.52, "Plan Rows": 6, "Plan Width": 16, "Inner Unique": false, "Join Filter": "(ci.role_id = rt.id)", "Plans": [{"Node Type": "Seq Scan", "Parent Relationship": "Outer", "Relation Name": "role_type", "Alias": "rt", "Startup Cost": 0.0, "Total Cost": 1.15, "Plan Rows": 1, "Plan Width": 4, "Filter": "((role)::text = 'actor'::text)"}, {"Node Type": "Nested Loop", "Parent Relationship": "Inner", "Join Type": "Inner", "Startup Cost": 4.83, "Total Cost": 38288.52, "Plan Rows": 68, "Plan Width": 20, "Inner Unique": false, "Plans": [{"Node Type": "Nested Loop", "Parent Relationship": "Outer", "Join Type": "Inner", "Startup Cost": 4.32, "Total Cost": 20813.55, "Plan Rows": 3779, "Plan Width": 8, "Inner Unique": false, "Plans": [{"Node Type": "Seq Scan", "Parent Relationship": "Outer", "Relation Name": "company_name", "Alias": "cn", "Startup Cost": 0.0, "Total Cost": 5903.45, "Plan Rows": 251, "Plan Width": 4, "Filter": "((country_code)::text = '[ru]'::text)"}, {"Node Type": "Bitmap Heap Scan", "Parent Relationship": "Inner", "Relation Name": "movie_companies", "Alias": "mc", "Startup Cost": 4.32, "Total Cost": 59.25, "Plan Rows": 15, "Plan Width": 12, "Recheck Cond": "(company_id = cn.id)", "Plans": [{"Node Type": "Bitmap Index Scan", "Parent Relationship": "Outer", "Index Name": "company_id_movie_companies", "Startup Cost": 0.0, "Total Cost": 4.31, "Plan Rows": 15, "Plan Width": 0, "Index Cond": "(company_id = cn.id)"}]}]}, {"Node Type": "Bitmap Heap Scan", "Parent Relationship": "Inner", "Relation Name": "cast_info", "Alias": "ci", "Startup Cost": 0.51, "Total Cost": 4.61, "Plan Rows": 1, "Plan Width": 12, "Recheck Cond": "(movie_id = mc.movie_id)", "Filter": "(((note)::text ~~ '%(voice)%'::text) AND ((note)::text ~~ '%(uncredited)%'::text))", "Plans": [{"Node Type": "Bitmap Index Scan", "Parent Relationship": "Outer", "Index Name": "movie_id_cast_info", "Startup Cost": 0.0, "Total Cost": 0.51, "Plan Rows": 6, "Plan Width": 0, "Index Cond": "(movie_id = mc.movie_id)"}]}]}]}, {"Node Type": "Bitmap Heap Scan", "Parent Relationship": "Inner", "Relation Name": "char_name", "Alias": "chn", "Startup Cost": 2.3, "Total Cost": 6.31, "Plan Rows": 1, "Plan Width": 20, "Recheck Cond": "(id = ci.person_role_id)", "Plans": [{"Node Type": "Bitmap Index Scan", "Parent Relationship": "Outer", "Index Name": "char_name_pkey", "Startup Cost": 0.0, "Total Cost": 2.3, "Plan Rows": 1, "Plan Width": 0, "Index Cond": "(id = ci.person_role_id)"}]}]}, {"Node Type": "Bitmap Heap Scan", "Parent Relationship": "Inner", "Relation Name": "title", "Alias": "t", "Startup Cost": 0.27, "Total Cost": 4.29, "Plan Rows": 1, "Plan Width": 21, "Recheck Cond": "(id = mc.movie_id)", "Filter": "(production_year > 2005)", "Plans": [{"Node Type": "Bitmap Index Scan", "Parent Relationship": "Outer", "Index Name": "title_pkey", "Startup Cost": 0.0, "Total Cost": 0.27, "Plan Rows": 1, "Plan Width": 0, "Index Cond": "(id = mc.movie_id)"}]}]}]}]}]}, "Unique SQL Id": 2933943827, "Planner Runtime": 24}, "explain_analyze_plan": {"Plan": {"Node Type": "Aggregate", "Strategy": "Plain", "Startup Cost": 38342.48, "Total Cost": 38342.49, "Plan Rows": 1, "Plan Width": 97, "Actual Startup Time": 1053.545, "Actual Total Time": 1053.545, "Actual Rows": 1, "Actual Loops": 1, "Plans": [{"Node Type": "Nested Loop", "Parent Relationship": "Outer", "Join Type": "Inner", "Startup Cost": 7.4, "Total Cost": 38342.47, "Plan Rows": 2, "Plan Width": 33, "Actual Startup Time": 58.944, "Actual Total Time": 1053.444, "Actual Rows": 18, "Actual Loops": 1, "Inner Unique": false, "Join Filter": "(mc.company_type_id = ct.id)", "Rows Removed by Join Filter": 294, "Plans": [{"Node Type": "Seq Scan", "Parent Relationship": "Outer", "Relation Name": "company_type", "Alias": "ct", "Startup Cost": 0.0, "Total Cost": 1.03, "Plan Rows": 3, "Plan Width": 4, "Actual Startup Time": 0.016, "Actual Total Time": 0.018, "Actual Rows": 3, "Actual Loops": 1}, {"Node Type": "Materialize", "Parent Relationship": "Inner", "Startup Cost": 7.4, "Total Cost": 38341.35, "Plan Rows": 2, "Plan Width": 37, "Actual Startup Time": 12.262, "Actual Total Time": 1053.269, "Actual Rows": 312, "Actual Loops": 3, "Plans": [{"Node Type": "Nested Loop", "Parent Relationship": "Outer", "Join Type": "Inner", "Startup Cost": 7.4, "Total Cost": 38341.34, "Plan Rows": 2, "Plan Width": 37, "Actual Startup Time": 12.255, "Actual Total Time": 1053.029, "Actual Rows": 104, "Actual Loops": 1, "Inner Unique": true, "Plans": [{"Node Type": "Nested Loop", "Parent Relationship": "Outer", "Join Type": "Inner", "Startup Cost": 7.13, "Total Cost": 38328.45, "Plan Rows": 3, "Plan Width": 28, "Actual Startup Time": 1.092, "Actual Total Time": 1050.343, "Actual Rows": 265, "Actual Loops": 1, "Inner Unique": true, "Plans": [{"Node Type": "Nested Loop", "Parent Relationship": "Outer", "Join Type": "Inner", "Startup Cost": 4.83, "Total Cost": 38290.52, "Plan Rows": 6, "Plan Width": 16, "Actual Startup Time": 1.071, "Actual Total Time": 1047.151, "Actual Rows": 275, "Actual Loops": 1, "Inner Unique": false, "Join Filter": "(ci.role_id = rt.id)", "Rows Removed by Join Filter": 102, "Plans": [{"Node Type": "Seq Scan", "Parent Relationship": "Outer", "Relation Name": "role_type", "Alias": "rt", "Startup Cost": 0.0, "Total Cost": 1.15, "Plan Rows": 1, "Plan Width": 4, "Actual Startup Time": 0.016, "Actual Total Time": 0.024, "Actual Rows": 1, "Actual Loops": 1, "Filter": "((role)::text = 'actor'::text)", "Rows Removed by Filter": 11}, {"Node Type": "Nested Loop", "Parent Relationship": "Inner", "Join Type": "Inner", "Startup Cost": 4.83, "Total Cost": 38288.52, "Plan Rows": 68, "Plan Width": 20, "Actual Startup Time": 1.033, "Actual Total Time": 1046.789, "Actual Rows": 377, "Actual Loops": 1, "Inner Unique": false, "Plans": [{"Node Type": "Nested Loop", "Parent Relationship": "Outer", "Join Type": "Inner", "Startup Cost": 4.32, "Total Cost": 20813.55, "Plan Rows": 3779, "Plan Width": 8, "Actual Startup Time": 0.089, "Actual Total Time": 117.624, "Actual Rows": 8790, "Actual Loops": 1, "Inner Unique": false, "Plans": [{"Node Type": "Seq Scan", "Parent Relationship": "Outer", "Relation Name": "company_name", "Alias": "cn", "Startup Cost": 0.0, "Total Cost": 5903.45, "Plan Rows": 251, "Plan Width": 4, "Actual Startup Time": 0.044, "Actual Total Time": 83.442, "Actual Rows": 1361, "Actual Loops": 1, "Filter": "((country_code)::text = '[ru]'::text)", "Rows Removed by Filter": 233635}, {"Node Type": "Bitmap Heap Scan", "Parent Relationship": "Inner", "Relation Name": "movie_companies", "Alias": "mc", "Startup Cost": 4.32, "Total Cost": 59.25, "Plan Rows": 15, "Plan Width": 12, "Actual Startup Time": 14.335, "Actual Total Time": 29.299, "Actual Rows": 8790, "Actual Loops": 1361, "Recheck Cond": "(company_id = cn.id)", "Rows Removed by Index Recheck": 0, "Exact Heap Blocks": 7155, "Lossy Heap Blocks": 7155, "Plans": [{"Node Type": "Bitmap Index Scan", "Parent Relationship": "Outer", "Index Name": "company_id_movie_companies", "Startup Cost": 0.0, "Total Cost": 4.31, "Plan Rows": 15, "Plan Width": 0, "Actual Startup Time": 9.029, "Actual Total Time": 9.029, "Actual Rows": 8790, "Actual Loops": 1361, "Index Cond": "(company_id = cn.id)"}]}]}, {"Node Type": "Bitmap Heap Scan", "Parent Relationship": "Inner", "Relation Name": "cast_info", "Alias": "ci", "Startup Cost": 0.51, "Total Cost": 4.61, "Plan Rows": 1, "Plan Width": 12, "Actual Startup Time": 866.656, "Actual Total Time": 913.153, "Actual Rows": 377, "Actual Loops": 8790, "Recheck Cond": "(movie_id = mc.movie_id)", "Rows Removed by Index Recheck": 0, "Filter": "(((note)::text ~~ '%(voice)%'::text) AND ((note)::text ~~ '%(uncredited)%'::text))", "Rows Removed by Filter": 408168, "Exact Heap Blocks": 397651, "Lossy Heap Blocks": 397651, "Plans": [{"Node Type": "Bitmap Index Scan", "Parent Relationship": "Outer", "Index Name": "movie_id_cast_info", "Startup Cost": 0.0, "Total Cost": 0.51, "Plan Rows": 6, "Plan Width": 0, "Actual Startup Time": 123.916, "Actual Total Time": 123.916, "Actual Rows": 408545, "Actual Loops": 8790, "Index Cond": "(movie_id = mc.movie_id)"}]}]}]}, {"Node Type": "Bitmap Heap Scan", "Parent Relationship": "Inner", "Relation Name": "char_name", "Alias": "chn", "Startup Cost": 2.3, "Total Cost": 6.31, "Plan Rows": 1, "Plan Width": 20, "Actual Startup Time": 2.44, "Actual Total Time": 2.44, "Actual Rows": 265, "Actual Loops": 275, "Recheck Cond": "(id = ci.person_role_id)", "Rows Removed by Index Recheck": 0, "Exact Heap Blocks": 265, "Lossy Heap Blocks": 265, "Plans": [{"Node Type": "Bitmap Index Scan", "Parent Relationship": "Outer", "Index Name": "char_name_pkey", "Startup Cost": 0.0, "Total Cost": 2.3, "Plan Rows": 1, "Plan Width": 0, "Actual Startup Time": 1.617, "Actual Total Time": 1.617, "Actual Rows": 265, "Actual Loops": 275, "Index Cond": "(id = ci.person_role_id)"}]}]}, {"Node Type": "Bitmap Heap Scan", "Parent Relationship": "Inner", "Relation Name": "title", "Alias": "t", "Startup Cost": 0.27, "Total Cost": 4.29, "Plan Rows": 1, "Plan Width": 21, "Actual Startup Time": 2.108, "Actual Total Time": 2.108, "Actual Rows": 104, "Actual Loops": 265, "Recheck Cond": "(id = mc.movie_id)", "Rows Removed by Index Recheck": 0, "Filter": "(production_year > 2005)", "Rows Removed by Filter": 161, "Exact Heap Blocks": 265, "Lossy Heap Blocks": 265, "Plans": [{"Node Type": "Bitmap Index Scan", "Parent Relationship": "Outer", "Index Name": "title_pkey", "Startup Cost": 0.0, "Total Cost": 0.27, "Plan Rows": 1, "Plan Width": 0, "Actual Startup Time": 1.253, "Actual Total Time": 1.253, "Actual Rows": 265, "Actual Loops": 265, "Index Cond": "(id = mc.movie_id)"}]}]}]}]}]}, "Triggers": [], "Planner Runtime": 16, "Total Runtime": 1054.095, "Unique SQL Id": 2933943827}}, "(64, 19)": {"explain_plan": {"Plan": {"Node Type": "Aggregate", "Strategy": "Plain", "Startup Cost": 41418.46, "Total Cost": 41418.47, "Plan Rows": 1, "Plan Width": 97, "Plans": [{"Node Type": "Nested Loop", "Parent Relationship": "Outer", "Join Type": "Inner", "Startup Cost": 2787.21, "Total Cost": 41418.45, "Plan Rows": 2, "Plan Width": 33, "Inner Unique": true, "Plans": [{"Node Type": "Nested Loop", "Parent Relationship": "Outer", "Join Type": "Inner", "Startup Cost": 2786.95, "Total Cost": 41409.89, "Plan Rows": 2, "Plan Width": 37, "Inner Unique": true, "Plans": [{"Node Type": "Nested Loop", "Parent Relationship": "Outer", "Join Type": "Inner", "Startup Cost": 2786.68, "Total Cost": 41397.0, "Plan Rows": 3, "Plan Width": 28, "Inner Unique": true, "Plans": [{"Node Type": "Nested Loop", "Parent Relationship": "Outer", "Join Type": "Inner", "Startup Cost": 2784.38, "Total Cost": 41359.07, "Plan Rows": 6, "Plan Width": 16, "Inner Unique": true, "Plans": [{"Node Type": "Nested Loop", "Parent Relationship": "Outer", "Join Type": "Inner", "Startup Cost": 2784.12, "Total Cost": 41067.82, "Plan Rows": 68, "Plan Width": 20, "Inner Unique": false, "Plans": [{"Node Type": "Nested Loop", "Parent Relationship": "Outer", "Join Type": "Inner", "Startup Cost": 2783.61, "Total Cost": 23592.84, "Plan Rows": 3779, "Plan Width": 8, "Inner Unique": false, "Plans": [{"Node Type": "Bitmap Heap Scan", "Parent Relationship": "Outer", "Relation Name": "company_name", "Alias": "cn", "Startup Cost": 2779.29, "Total Cost": 8682.74, "Plan Rows": 251, "Plan Width": 4, "Filter": "((country_code)::text = '[ru]'::text)", "Plans": [{"Node Type": "Bitmap Index Scan", "Parent Relationship": "Outer", "Index Name": "company_name_pkey", "Startup Cost": 0.0, "Total Cost": 2779.23, "Plan Rows": 234996, "Plan Width": 0}]}, {"Node Type": "Bitmap Heap Scan", "Parent Relationship": "Inner", "Relation Name": "movie_companies", "Alias": "mc", "Startup Cost": 4.32, "Total Cost": 59.25, "Plan Rows": 15, "Plan Width": 12, "Recheck Cond": "(company_id = cn.id)", "Plans": [{"Node Type": "Bitmap Index Scan", "Parent Relationship": "Outer", "Index Name": "company_id_movie_companies", "Startup Cost": 0.0, "Total Cost": 4.31, "Plan Rows": 15, "Plan Width": 0, "Index Cond": "(company_id = cn.id)"}]}]}, {"Node Type": "Bitmap Heap Scan", "Parent Relationship": "Inner", "Relation Name": "cast_info", "Alias": "ci", "Startup Cost": 0.51, "Total Cost": 4.61, "Plan Rows": 1, "Plan Width": 12, "Recheck Cond": "(movie_id = mc.movie_id)", "Filter": "(((note)::text ~~ '%(voice)%'::text) AND ((note)::text ~~ '%(uncredited)%'::text))", "Plans": [{"Node Type": "Bitmap Index Scan", "Parent Relationship": "Outer", "Index Name": "movie_id_cast_info", "Startup Cost": 0.0, "Total Cost": 0.51, "Plan Rows": 6, "Plan Width": 0, "Index Cond": "(movie_id = mc.movie_id)"}]}]}, {"Node Type": "Bitmap Heap Scan", "Parent Relationship": "Inner", "Relation Name": "role_type", "Alias": "rt", "Startup Cost": 0.26, "Total Cost": 4.27, "Plan Rows": 1, "Plan Width": 4, "Recheck Cond": "(id = ci.role_id)", "Filter": "((role)::text = 'actor'::text)", "Plans": [{"Node Type": "Bitmap Index Scan", "Parent Relationship": "Outer", "Index Name": "role_type_pkey", "Startup Cost": 0.0, "Total Cost": 0.26, "Plan Rows": 1, "Plan Width": 0, "Index Cond": "(id = ci.role_id)"}]}]}, {"Node Type": "Bitmap Heap Scan", "Parent Relationship": "Inner", "Relation Name": "char_name", "Alias": "chn", "Startup Cost": 2.3, "Total Cost": 6.31, "Plan Rows": 1, "Plan Width": 20, "Recheck Cond": "(id = ci.person_role_id)", "Plans": [{"Node Type": "Bitmap Index Scan", "Parent Relationship": "Outer", "Index Name": "char_name_pkey", "Startup Cost": 0.0, "Total Cost": 2.3, "Plan Rows": 1, "Plan Width": 0, "Index Cond": "(id = ci.person_role_id)"}]}]}, {"Node Type": "Bitmap Heap Scan", "Parent Relationship": "Inner", "Relation Name": "title", "Alias": "t", "Startup Cost": 0.27, "Total Cost": 4.29, "Plan Rows": 1, "Plan Width": 21, "Recheck Cond": "(id = mc.movie_id)", "Filter": "(production_year > 2005)", "Plans": [{"Node Type": "Bitmap Index Scan", "Parent Relationship": "Outer", "Index Name": "title_pkey", "Startup Cost": 0.0, "Total Cost": 0.27, "Plan Rows": 1, "Plan Width": 0, "Index Cond": "(id = mc.movie_id)"}]}]}, {"Node Type": "Bitmap Heap Scan", "Parent Relationship": "Inner", "Relation Name": "company_type", "Alias": "ct", "Startup Cost": 0.26, "Total Cost": 4.27, "Plan Rows": 1, "Plan Width": 4, "Recheck Cond": "(id = mc.company_type_id)", "Plans": [{"Node Type": "Bitmap Index Scan", "Parent Relationship": "Outer", "Index Name": "company_type_pkey", "Startup Cost": 0.0, "Total Cost": 0.26, "Plan Rows": 1, "Plan Width": 0, "Index Cond": "(id = mc.company_type_id)"}]}]}]}, "Unique SQL Id": 2933943827, "Planner Runtime": 14}, "explain_analyze_plan": {"Plan": {"Node Type": "Aggregate", "Strategy": "Plain", "Startup Cost": 41418.46, "Total Cost": 41418.47, "Plan Rows": 1, "Plan Width": 97, "Actual Startup Time": 1353.636, "Actual Total Time": 1353.637, "Actual Rows": 1, "Actual Loops": 1, "Plans": [{"Node Type": "Nested Loop", "Parent Relationship": "Outer", "Join Type": "Inner", "Startup Cost": 2787.21, "Total Cost": 41418.45, "Plan Rows": 2, "Plan Width": 33, "Actual Startup Time": 107.21, "Actual Total Time": 1353.521, "Actual Rows": 18, "Actual Loops": 1, "Inner Unique": true, "Plans": [{"Node Type": "Nested Loop", "Parent Relationship": "Outer", "Join Type": "Inner", "Startup Cost": 2786.95, "Total Cost": 41409.89, "Plan Rows": 2, "Plan Width": 37, "Actual Startup Time": 37.769, "Actual Total Time": 1352.989, "Actual Rows": 104, "Actual Loops": 1, "Inner Unique": true, "Plans": [{"Node Type": "Nested Loop", "Parent Relationship": "Outer", "Join Type": "Inner", "Startup Cost": 2786.68, "Total Cost": 41397.0, "Plan Rows": 3, "Plan Width": 28, "Actual Startup Time": 23.05, "Actual Total Time": 1349.829, "Actual Rows": 265, "Actual Loops": 1, "Inner Unique": true, "Plans": [{"Node Type": "Nested Loop", "Parent Relationship": "Outer", "Join Type": "Inner", "Startup Cost": 2784.38, "Total Cost": 41359.07, "Plan Rows": 6, "Plan Width": 16, "Actual Startup Time": 23.037, "Actual Total Time": 1346.368, "Actual Rows": 275, "Actual Loops": 1, "Inner Unique": true, "Plans": [{"Node Type": "Nested Loop", "Parent Relationship": "Outer", "Join Type": "Inner", "Startup Cost": 2784.12, "Total Cost": 41067.82, "Plan Rows": 68, "Plan Width": 20, "Actual Startup Time": 23.026, "Actual Total Time": 1343.783, "Actual Rows": 377, "Actual Loops": 1, "Inner Unique": false, "Plans": [{"Node Type": "Nested Loop", "Parent Relationship": "Outer", "Join Type": "Inner", "Startup Cost": 2783.61, "Total Cost": 23592.84, "Plan Rows": 3779, "Plan Width": 8, "Actual Startup Time": 21.943, "Actual Total Time": 182.966, "Actual Rows": 8790, "Actual Loops": 1, "Inner Unique": false, "Plans": [{"Node Type": "Bitmap Heap Scan", "Parent Relationship": "Outer", "Relation Name": "company_name", "Alias": "cn", "Startup Cost": 2779.29, "Total Cost": 8682.74, "Plan Rows": 251, "Plan Width": 4, "Actual Startup Time": 21.91, "Actual Total Time": 145.563, "Actual Rows": 1361, "Actual Loops": 1, "Filter": "((country_code)::text = '[ru]'::text)", "Rows Removed by Filter": 233635, "Exact Heap Blocks": 2966, "Lossy Heap Blocks": 2966, "Plans": [{"Node Type": "Bitmap Index Scan", "Parent Relationship": "Outer", "Index Name": "company_name_pkey", "Startup Cost": 0.0, "Total Cost": 2779.23, "Plan Rows": 234996, "Plan Width": 0, "Actual Startup Time": 21.441, "Actual Total Time": 21.441, "Actual Rows": 234996, "Actual Loops": 1}]}, {"Node Type": "Bitmap Heap Scan", "Parent Relationship": "Inner", "Relation Name": "movie_companies", "Alias": "mc", "Startup Cost": 4.32, "Total Cost": 59.25, "Plan Rows": 15, "Plan Width": 12, "Actual Startup Time": 15.259, "Actual Total Time": 32.516, "Actual Rows": 8790, "Actual Loops": 1361, "Recheck Cond": "(company_id = cn.id)", "Rows Removed by Index Recheck": 0, "Exact Heap Blocks": 7155, "Lossy Heap Blocks": 7155, "Plans": [{"Node Type": "Bitmap Index Scan", "Parent Relationship": "Outer", "Index Name": "company_id_movie_companies", "Startup Cost": 0.0, "Total Cost": 4.31, "Plan Rows": 15, "Plan Width": 0, "Actual Startup Time": 9.3, "Actual Total Time": 9.3, "Actual Rows": 8790, "Actual Loops": 1361, "Index Cond": "(company_id = cn.id)"}]}]}, {"Node Type": "Bitmap Heap Scan", "Parent Relationship": "Inner", "Relation Name": "cast_info", "Alias": "ci", "Startup Cost": 0.51, "Total Cost": 4.61, "Plan Rows": 1, "Plan Width": 12, "Actual Startup Time": 1080.605, "Actual Total Time": 1145.055, "Actual Rows": 377, "Actual Loops": 8790, "Recheck Cond": "(movie_id = mc.movie_id)", "Rows Removed by Index Recheck": 0, "Filter": "(((note)::text ~~ '%(voice)%'::text) AND ((note)::text ~~ '%(uncredited)%'::text))", "Rows Removed by Filter": 408168, "Exact Heap Blocks": 397651, "Lossy Heap Blocks": 397651, "Plans": [{"Node Type": "Bitmap Index Scan", "Parent Relationship": "Outer", "Index Name": "movie_id_cast_info", "Startup Cost": 0.0, "Total Cost": 0.51, "Plan Rows": 6, "Plan Width": 0, "Actual Startup Time": 134.176, "Actual Total Time": 134.176, "Actual Rows": 408545, "Actual Loops": 8790, "Index Cond": "(movie_id = mc.movie_id)"}]}]}, {"Node Type": "Bitmap Heap Scan", "Parent Relationship": "Inner", "Relation Name": "role_type", "Alias": "rt", "Startup Cost": 0.26, "Total Cost": 4.27, "Plan Rows": 1, "Plan Width": 4, "Actual Startup Time": 1.653, "Actual Total Time": 1.653, "Actual Rows": 275, "Actual Loops": 377, "Recheck Cond": "(id = ci.role_id)", "Rows Removed by Index Recheck": 0, "Filter": "((role)::text = 'actor'::text)", "Rows Removed by Filter": 102, "Exact Heap Blocks": 377, "Lossy Heap Blocks": 377, "Plans": [{"Node Type": "Bitmap Index Scan", "Parent Relationship": "Outer", "Index Name": "role_type_pkey", "Startup Cost": 0.0, "Total Cost": 0.26, "Plan Rows": 1, "Plan Width": 0, "Actual Startup Time": 0.619, "Actual Total Time": 0.619, "Actual Rows": 377, "Actual Loops": 377, "Index Cond": "(id = ci.role_id)"}]}]}, {"Node Type": "Bitmap Heap Scan", "Parent Relationship": "Inner", "Relation Name": "char_name", "Alias": "chn", "Startup Cost": 2.3, "Total Cost": 6.31, "Plan Rows": 1, "Plan Width": 20, "Actual Startup Time": 2.76, "Actual Total Time": 2.76, "Actual Rows": 265, "Actual Loops": 275, "Recheck Cond": "(id = ci.person_role_id)", "Rows Removed by Index Recheck": 0, "Exact Heap Blocks": 265, "Lossy Heap Blocks": 265, "Plans": [{"Node Type": "Bitmap Index Scan", "Parent Relationship": "Outer", "Index Name": "char_name_pkey", "Startup Cost": 0.0, "Total Cost": 2.3, "Plan Rows": 1, "Plan Width": 0, "Actual Startup Time": 1.81, "Actual Total Time": 1.81, "Actual Rows": 265, "Actual Loops": 275, "Index Cond": "(id = ci.person_role_id)"}]}]}, {"Node Type": "Bitmap Heap Scan", "Parent Relationship": "Inner", "Relation Name": "title", "Alias": "t", "Startup Cost": 0.27, "Total Cost": 4.29, "Plan Rows": 1, "Plan Width": 21, "Actual Startup Time": 2.584, "Actual Total Time": 2.584, "Actual Rows": 104, "Actual Loops": 265, "Recheck Cond": "(id = mc.movie_id)", "Rows Removed by Index Recheck": 0, "Filter": "(production_year > 2005)", "Rows Removed by Filter": 161, "Exact Heap Blocks": 265, "Lossy Heap Blocks": 265, "Plans": [{"Node Type": "Bitmap Index Scan", "Parent Relationship": "Outer", "Index Name": "title_pkey", "Startup Cost": 0.0, "Total Cost": 0.27, "Plan Rows": 1, "Plan Width": 0, "Actual Startup Time": 1.613, "Actual Total Time": 1.613, "Actual Rows": 265, "Actual Loops": 265, "Index Cond": "(id = mc.movie_id)"}]}]}, {"Node Type": "Bitmap Heap Scan", "Parent Relationship": "Inner", "Relation Name": "company_type", "Alias": "ct", "Startup Cost": 0.26, "Total Cost": 4.27, "Plan Rows": 1, "Plan Width": 4, "Actual Startup Time": 0.288, "Actual Total Time": 0.288, "Actual Rows": 18, "Actual Loops": 104, "Recheck Cond": "(id = mc.company_type_id)", "Rows Removed by Index Recheck": 0, "Exact Heap Blocks": 18, "Lossy Heap Blocks": 18, "Plans": [{"Node Type": "Bitmap Index Scan", "Parent Relationship": "Outer", "Index Name": "company_type_pkey", "Startup Cost": 0.0, "Total Cost": 0.26, "Plan Rows": 1, "Plan Width": 0, "Actual Startup Time": 0.156, "Actual Total Time": 0.156, "Actual Rows": 18, "Actual Loops": 104, "Index Cond": "(id = mc.company_type_id)"}]}]}]}, "Triggers": [], "Planner Runtime": 6, "Total Runtime": 1354.082, "Unique SQL Id": 2933943827}}, "(64, 20)": {"explain_plan": {"Plan": {"Node Type": "Aggregate", "Strategy": "Plain", "Startup Cost": 19897.43, "Total Cost": 19897.44, "Plan Rows": 1, "Plan Width": 97, "Plans": [{"Node Type": "Nested Loop", "Parent Relationship": "Outer", "Join Type": "Inner", "Startup Cost": 0.0, "Total Cost": 19897.42, "Plan Rows": 2, "Plan Width": 33, "Inner Unique": true, "Plans": [{"Node Type": "Nested Loop", "Parent Relationship": "Outer", "Join Type": "Inner", "Startup Cost": 0.0, "Total Cost": 19896.86, "Plan Rows": 2, "Plan Width": 37, "Inner Unique": true, "Plans": [{"Node Type": "Nested Loop", "Parent Relationship": "Outer", "Join Type": "Inner", "Startup Cost": 0.0, "Total Cost": 19869.97, "Plan Rows": 5, "Plan Width": 25, "Inner Unique": true, "Plans": [{"Node Type": "Nested Loop", "Parent Relationship": "Outer", "Join Type": "Inner", "Startup Cost": 0.0, "Total Cost": 19867.87, "Plan Rows": 6, "Plan Width": 16, "Inner Unique": false, "Join Filter": "(ci.role_id = rt.id)", "Plans": [{"Node Type": "Seq Scan", "Parent Relationship": "Outer", "Relation Name": "role_type", "Alias": "rt", "Startup Cost": 0.0, "Total Cost": 1.15, "Plan Rows": 1, "Plan Width": 4, "Filter": "((role)::text = 'actor'::text)"}, {"Node Type": "Nested Loop", "Parent Relationship": "Inner", "Join Type": "Inner", "Startup Cost": 0.0, "Total Cost": 19865.87, "Plan Rows": 68, "Plan Width": 20, "Inner Unique": false, "Plans": [{"Node Type": "Nested Loop", "Parent Relationship": "Outer", "Join Type": "Inner", "Startup Cost": 0.0, "Total Cost": 16121.55, "Plan Rows": 3779, "Plan Width": 8, "Inner Unique": false, "Plans": [{"Node Type": "Seq Scan", "Parent Relationship": "Outer", "Relation Name": "company_name", "Alias": "cn", "Startup Cost": 0.0, "Total Cost": 5903.45, "Plan Rows": 251, "Plan Width": 4, "Filter": "((country_code)::text = '[ru]'::text)"}, {"Node Type": "Index Scan", "Parent Relationship": "Inner", "Scan Direction": "Forward", "Index Name": "company_id_movie_companies", "Relation Name": "movie_companies", "Alias": "mc", "Startup Cost": 0.0, "Total Cost": 40.56, "Plan Rows": 15, "Plan Width": 12, "Index Cond": "(company_id = cn.id)"}]}, {"Node Type": "Index Scan", "Parent Relationship": "Inner", "Scan Direction": "Forward", "Index Name": "movie_id_cast_info", "Relation Name": "cast_info", "Alias": "ci", "Startup Cost": 0.0, "Total Cost": 0.98, "Plan Rows": 1, "Plan Width": 12, "Index Cond": "(movie_id = mc.movie_id)", "Filter": "(((note)::text ~~ '%(voice)%'::text) AND ((note)::text ~~ '%(uncredited)%'::text))"}]}]}, {"Node Type": "Index Scan", "Parent Relationship": "Inner", "Scan Direction": "Forward", "Index Name": "title_pkey", "Relation Name": "title", "Alias": "t", "Startup Cost": 0.0, "Total Cost": 0.34, "Plan Rows": 1, "Plan Width": 21, "Index Cond": "(id = mc.movie_id)", "Filter": "(production_year > 2005)"}]}, {"Node Type": "Index Scan", "Parent Relationship": "Inner", "Scan Direction": "Forward", "Index Name": "char_name_pkey", "Relation Name": "char_name", "Alias": "chn", "Startup Cost": 0.0, "Total Cost": 5.37, "Plan Rows": 1, "Plan Width": 20, "Index Cond": "(id = ci.person_role_id)"}]}, {"Node Type": "Index Scan", "Parent Relationship": "Inner", "Scan Direction": "Forward", "Index Name": "company_type_pkey", "Relation Name": "company_type", "Alias": "ct", "Startup Cost": 0.0, "Total Cost": 0.27, "Plan Rows": 1, "Plan Width": 4, "Index Cond": "(id = mc.company_type_id)"}]}]}, "Unique SQL Id": 2933943827, "Planner Runtime": 14}, "explain_analyze_plan": {"Plan": {"Node Type": "Aggregate", "Strategy": "Plain", "Startup Cost": 19897.43, "Total Cost": 19897.44, "Plan Rows": 1, "Plan Width": 97, "Actual Startup Time": 804.024, "Actual Total Time": 804.024, "Actual Rows": 1, "Actual Loops": 1, "Plans": [{"Node Type": "Nested Loop", "Parent Relationship": "Outer", "Join Type": "Inner", "Startup Cost": 0.0, "Total Cost": 19897.42, "Plan Rows": 2, "Plan Width": 33, "Actual Startup Time": 47.786, "Actual Total Time": 803.917, "Actual Rows": 18, "Actual Loops": 1, "Inner Unique": true, "Plans": [{"Node Type": "Nested Loop", "Parent Relationship": "Outer", "Join Type": "Inner", "Startup Cost": 0.0, "Total Cost": 19896.86, "Plan Rows": 2, "Plan Width": 37, "Actual Startup Time": 10.009, "Actual Total Time": 803.609, "Actual Rows": 104, "Actual Loops": 1, "Inner Unique": true, "Plans": [{"Node Type": "Nested Loop", "Parent Relationship": "Outer", "Join Type": "Inner", "Startup Cost": 0.0, "Total Cost": 19869.97, "Plan Rows": 5, "Plan Width": 25, "Actual Startup Time": 9.994, "Actual Total Time": 802.565, "Actual Rows": 112, "Actual Loops": 1, "Inner Unique": true, "Plans": [{"Node Type": "Nested Loop", "Parent Relationship": "Outer", "Join Type": "Inner", "Startup Cost": 0.0, "Total Cost": 19867.87, "Plan Rows": 6, "Plan Width": 16, "Actual Startup Time": 0.857, "Actual Total Time": 800.305, "Actual Rows": 275, "Actual Loops": 1, "Inner Unique": false, "Join Filter": "(ci.role_id = rt.id)", "Rows Removed by Join Filter": 102, "Plans": [{"Node Type": "Seq Scan", "Parent Relationship": "Outer", "Relation Name": "role_type", "Alias": "rt", "Startup Cost": 0.0, "Total Cost": 1.15, "Plan Rows": 1, "Plan Width": 4, "Actual Startup Time": 0.035, "Actual Total Time": 0.04, "Actual Rows": 1, "Actual Loops": 1, "Filter": "((role)::text = 'actor'::text)", "Rows Removed by Filter": 11}, {"Node Type": "Nested Loop", "Parent Relationship": "Inner", "Join Type": "Inner", "Startup Cost": 0.0, "Total Cost": 19865.87, "Plan Rows": 68, "Plan Width": 20, "Actual Startup Time": 0.814, "Actual Total Time": 800.006, "Actual Rows": 377, "Actual Loops": 1, "Inner Unique": false, "Plans": [{"Node Type": "Nested Loop", "Parent Relationship": "Outer", "Join Type": "Inner", "Startup Cost": 0.0, "Total Cost": 16121.55, "Plan Rows": 3779, "Plan Width": 8, "Actual Startup Time": 0.057, "Actual Total Time": 107.506, "Actual Rows": 8790, "Actual Loops": 1, "Inner Unique": false, "Plans": [{"Node Type": "Seq Scan", "Parent Relationship": "Outer", "Relation Name": "company_name", "Alias": "cn", "Startup Cost": 0.0, "Total Cost": 5903.45, "Plan Rows": 251, "Plan Width": 4, "Actual Startup Time": 0.037, "Actual Total Time": 83.104, "Actual Rows": 1361, "Actual Loops": 1, "Filter": "((country_code)::text = '[ru]'::text)", "Rows Removed by Filter": 233635}, {"Node Type": "Index Scan", "Parent Relationship": "Inner", "Scan Direction": "Forward", "Index Name": "company_id_movie_companies", "Relation Name": "movie_companies", "Alias": "mc", "Startup Cost": 0.0, "Total Cost": 40.56, "Plan Rows": 15, "Plan Width": 12, "Actual Startup Time": 8.468, "Actual Total Time": 21.018, "Actual Rows": 8790, "Actual Loops": 1361, "Index Cond": "(company_id = cn.id)", "Rows Removed by Index Recheck": 0}]}, {"Node Type": "Index Scan", "Parent Relationship": "Inner", "Scan Direction": "Forward", "Index Name": "movie_id_cast_info", "Relation Name": "cast_info", "Alias": "ci", "Startup Cost": 0.0, "Total Cost": 0.98, "Plan Rows": 1, "Plan Width": 12, "Actual Startup Time": 647.342, "Actual Total Time": 687.066, "Actual Rows": 377, "Actual Loops": 8790, "Index Cond": "(movie_id = mc.movie_id)", "Rows Removed by Index Recheck": 0, "Filter": "(((note)::text ~~ '%(voice)%'::text) AND ((note)::text ~~ '%(uncredited)%'::text))", "Rows Removed by Filter": 408168}]}]}, {"Node Type": "Index Scan", "Parent Relationship": "Inner", "Scan Direction": "Forward", "Index Name": "title_pkey", "Relation Name": "title", "Alias": "t", "Startup Cost": 0.0, "Total Cost": 0.34, "Plan Rows": 1, "Plan Width": 21, "Actual Startup Time": 1.837, "Actual Total Time": 1.837, "Actual Rows": 112, "Actual Loops": 275, "Index Cond": "(id = mc.movie_id)", "Rows Removed by Index Recheck": 0, "Filter": "(production_year > 2005)", "Rows Removed by Filter": 163}]}, {"Node Type": "Index Scan", "Parent Relationship": "Inner", "Scan Direction": "Forward", "Index Name": "char_name_pkey", "Relation Name": "char_name", "Alias": "chn", "Startup Cost": 0.0, "Total Cost": 5.37, "Plan Rows": 1, "Plan Width": 20, "Actual Startup Time": 0.803, "Actual Total Time": 0.803, "Actual Rows": 104, "Actual Loops": 112, "Index Cond": "(id = ci.person_role_id)", "Rows Removed by Index Recheck": 0}]}, {"Node Type": "Index Scan", "Parent Relationship": "Inner", "Scan Direction": "Forward", "Index Name": "company_type_pkey", "Relation Name": "company_type", "Alias": "ct", "Startup Cost": 0.0, "Total Cost": 0.27, "Plan Rows": 1, "Plan Width": 4, "Actual Startup Time": 0.179, "Actual Total Time": 0.179, "Actual Rows": 18, "Actual Loops": 104, "Index Cond": "(id = mc.company_type_id)", "Rows Removed by Index Recheck": 0}]}]}, "Triggers": [], "Planner Runtime": 7, "Total Runtime": 804.361, "Unique SQL Id": 2933943827}}, "(64, 21)": {"explain_plan": {"Plan": {"Node Type": "Aggregate", "Strategy": "Plain", "Startup Cost": 22688.03, "Total Cost": 22688.04, "Plan Rows": 1, "Plan Width": 97, "Plans": [{"Node Type": "Nested Loop", "Parent Relationship": "Outer", "Join Type": "Inner", "Startup Cost": 2779.29, "Total Cost": 22688.02, "Plan Rows": 2, "Plan Width": 33, "Inner Unique": true, "Plans": [{"Node Type": "Nested Loop", "Parent Relationship": "Outer", "Join Type": "Inner", "Startup Cost": 2779.29, "Total Cost": 22687.46, "Plan Rows": 2, "Plan Width": 37, "Inner Unique": true, "Plans": [{"Node Type": "Nested Loop", "Parent Relationship": "Outer", "Join Type": "Inner", "Startup Cost": 2779.29, "Total Cost": 22660.57, "Plan Rows": 5, "Plan Width": 25, "Inner Unique": true, "Plans": [{"Node Type": "Nested Loop", "Parent Relationship": "Outer", "Join Type": "Inner", "Startup Cost": 2779.29, "Total Cost": 22658.47, "Plan Rows": 6, "Plan Width": 16, "Inner Unique": false, "Join Filter": "(ci.role_id = rt.id)", "Plans": [{"Node Type": "Index Scan", "Parent Relationship": "Outer", "Scan Direction": "Forward", "Index Name": "role_type_pkey", "Relation Name": "role_type", "Alias": "rt", "Startup Cost": 0.0, "Total Cost": 12.46, "Plan Rows": 1, "Plan Width": 4, "Filter": "((role)::text = 'actor'::text)"}, {"Node Type": "Nested Loop", "Parent Relationship": "Inner", "Join Type": "Inner", "Startup Cost": 2779.29, "Total Cost": 22645.16, "Plan Rows": 68, "Plan Width": 20, "Inner Unique": false, "Plans": [{"Node Type": "Nested Loop", "Parent Relationship": "Outer", "Join Type": "Inner", "Startup Cost": 2779.29, "Total Cost": 18900.84, "Plan Rows": 3779, "Plan Width": 8, "Inner Unique": false, "Plans": [{"Node Type": "Bitmap Heap Scan", "Parent Relationship": "Outer", "Relation Name": "company_name", "Alias": "cn", "Startup Cost": 2779.29, "Total Cost": 8682.74, "Plan Rows": 251, "Plan Width": 4, "Filter": "((country_code)::text = '[ru]'::text)", "Plans": [{"Node Type": "Bitmap Index Scan", "Parent Relationship": "Outer", "Index Name": "company_name_pkey", "Startup Cost": 0.0, "Total Cost": 2779.23, "Plan Rows": 234996, "Plan Width": 0}]}, {"Node Type": "Index Scan", "Parent Relationship": "Inner", "Scan Direction": "Forward", "Index Name": "company_id_movie_companies", "Relation Name": "movie_companies", "Alias": "mc", "Startup Cost": 0.0, "Total Cost": 40.56, "Plan Rows": 15, "Plan Width": 12, "Index Cond": "(company_id = cn.id)"}]}, {"Node Type": "Index Scan", "Parent Relationship": "Inner", "Scan Direction": "Forward", "Index Name": "movie_id_cast_info", "Relation Name": "cast_info", "Alias": "ci", "Startup Cost": 0.0, "Total Cost": 0.98, "Plan Rows": 1, "Plan Width": 12, "Index Cond": "(movie_id = mc.movie_id)", "Filter": "(((note)::text ~~ '%(voice)%'::text) AND ((note)::text ~~ '%(uncredited)%'::text))"}]}]}, {"Node Type": "Index Scan", "Parent Relationship": "Inner", "Scan Direction": "Forward", "Index Name": "title_pkey", "Relation Name": "title", "Alias": "t", "Startup Cost": 0.0, "Total Cost": 0.34, "Plan Rows": 1, "Plan Width": 21, "Index Cond": "(id = mc.movie_id)", "Filter": "(production_year > 2005)"}]}, {"Node Type": "Index Scan", "Parent Relationship": "Inner", "Scan Direction": "Forward", "Index Name": "char_name_pkey", "Relation Name": "char_name", "Alias": "chn", "Startup Cost": 0.0, "Total Cost": 5.37, "Plan Rows": 1, "Plan Width": 20, "Index Cond": "(id = ci.person_role_id)"}]}, {"Node Type": "Index Scan", "Parent Relationship": "Inner", "Scan Direction": "Forward", "Index Name": "company_type_pkey", "Relation Name": "company_type", "Alias": "ct", "Startup Cost": 0.0, "Total Cost": 0.27, "Plan Rows": 1, "Plan Width": 4, "Index Cond": "(id = mc.company_type_id)"}]}]}, "Unique SQL Id": 2933943827, "Planner Runtime": 13}, "explain_analyze_plan": {"Plan": {"Node Type": "Aggregate", "Strategy": "Plain", "Startup Cost": 22688.03, "Total Cost": 22688.04, "Plan Rows": 1, "Plan Width": 97, "Actual Startup Time": 870.659, "Actual Total Time": 870.659, "Actual Rows": 1, "Actual Loops": 1, "Plans": [{"Node Type": "Nested Loop", "Parent Relationship": "Outer", "Join Type": "Inner", "Startup Cost": 2779.29, "Total Cost": 22688.02, "Plan Rows": 2, "Plan Width": 33, "Actual Startup Time": 67.925, "Actual Total Time": 870.543, "Actual Rows": 18, "Actual Loops": 1, "Inner Unique": true, "Plans": [{"Node Type": "Nested Loop", "Parent Relationship": "Outer", "Join Type": "Inner", "Startup Cost": 2779.29, "Total Cost": 22687.46, "Plan Rows": 2, "Plan Width": 37, "Actual Startup Time": 30.796, "Actual Total Time": 870.252, "Actual Rows": 104, "Actual Loops": 1, "Inner Unique": true, "Plans": [{"Node Type": "Nested Loop", "Parent Relationship": "Outer", "Join Type": "Inner", "Startup Cost": 2779.29, "Total Cost": 22660.57, "Plan Rows": 5, "Plan Width": 25, "Actual Startup Time": 30.783, "Actual Total Time": 869.187, "Actual Rows": 112, "Actual Loops": 1, "Inner Unique": true, "Plans": [{"Node Type": "Nested Loop", "Parent Relationship": "Outer", "Join Type": "Inner", "Startup Cost": 2779.29, "Total Cost": 22658.47, "Plan Rows": 6, "Plan Width": 16, "Actual Startup Time": 21.93, "Actual Total Time": 866.924, "Actual Rows": 275, "Actual Loops": 1, "Inner Unique": false, "Join Filter": "(ci.role_id = rt.id)", "Rows Removed by Join Filter": 102, "Plans": [{"Node Type": "Index Scan", "Parent Relationship": "Outer", "Scan Direction": "Forward", "Index Name": "role_type_pkey", "Relation Name": "role_type", "Alias": "rt", "Startup Cost": 0.0, "Total Cost": 12.46, "Plan Rows": 1, "Plan Width": 4, "Actual Startup Time": 0.023, "Actual Total Time": 0.033, "Actual Rows": 1, "Actual Loops": 1, "Filter": "((role)::text = 'actor'::text)", "Rows Removed by Filter": 11}, {"Node Type": "Nested Loop", "Parent Relationship": "Inner", "Join Type": "Inner", "Startup Cost": 2779.29, "Total Cost": 22645.16, "Plan Rows": 68, "Plan Width": 20, "Actual Startup Time": 21.895, "Actual Total Time": 866.602, "Actual Rows": 377, "Actual Loops": 1, "Inner Unique": false, "Plans": [{"Node Type": "Nested Loop", "Parent Relationship": "Outer", "Join Type": "Inner", "Startup Cost": 2779.29, "Total Cost": 18900.84, "Plan Rows": 3779, "Plan Width": 8, "Actual Startup Time": 20.965, "Actual Total Time": 175.694, "Actual Rows": 8790, "Actual Loops": 1, "Inner Unique": false, "Plans": [{"Node Type": "Bitmap Heap Scan", "Parent Relationship": "Outer", "Relation Name": "company_name", "Alias": "cn", "Startup Cost": 2779.29, "Total Cost": 8682.74, "Plan Rows": 251, "Plan Width": 4, "Actual Startup Time": 20.935, "Actual Total Time": 151.258, "Actual Rows": 1361, "Actual Loops": 1, "Filter": "((country_code)::text = '[ru]'::text)", "Rows Removed by Filter": 233635, "Exact Heap Blocks": 2966, "Lossy Heap Blocks": 2966, "Plans": [{"Node Type": "Bitmap Index Scan", "Parent Relationship": "Outer", "Index Name": "company_name_pkey", "Startup Cost": 0.0, "Total Cost": 2779.23, "Plan Rows": 234996, "Plan Width": 0, "Actual Startup Time": 20.448, "Actual Total Time": 20.448, "Actual Rows": 234996, "Actual Loops": 1}]}, {"Node Type": "Index Scan", "Parent Relationship": "Inner", "Scan Direction": "Forward", "Index Name": "company_id_movie_companies", "Relation Name": "movie_companies", "Alias": "mc", "Startup Cost": 0.0, "Total Cost": 40.56, "Plan Rows": 15, "Plan Width": 12, "Actual Startup Time": 8.541, "Actual Total Time": 20.974, "Actual Rows": 8790, "Actual Loops": 1361, "Index Cond": "(company_id = cn.id)", "Rows Removed by Index Recheck": 0}]}, {"Node Type": "Index Scan", "Parent Relationship": "Inner", "Scan Direction": "Forward", "Index Name": "movie_id_cast_info", "Relation Name": "cast_info", "Alias": "ci", "Startup Cost": 0.0, "Total Cost": 0.98, "Plan Rows": 1, "Plan Width": 12, "Actual Startup Time": 645.799, "Actual Total Time": 685.338, "Actual Rows": 377, "Actual Loops": 8790, "Index Cond": "(movie_id = mc.movie_id)", "Rows Removed by Index Recheck": 0, "Filter": "(((note)::text ~~ '%(voice)%'::text) AND ((note)::text ~~ '%(uncredited)%'::text))", "Rows Removed by Filter": 408168}]}]}, {"Node Type": "Index Scan", "Parent Relationship": "Inner", "Scan Direction": "Forward", "Index Name": "title_pkey", "Relation Name": "title", "Alias": "t", "Startup Cost": 0.0, "Total Cost": 0.34, "Plan Rows": 1, "Plan Width": 21, "Actual Startup Time": 1.847, "Actual Total Time": 1.847, "Actual Rows": 112, "Actual Loops": 275, "Index Cond": "(id = mc.movie_id)", "Rows Removed by Index Recheck": 0, "Filter": "(production_year > 2005)", "Rows Removed by Filter": 163}]}, {"Node Type": "Index Scan", "Parent Relationship": "Inner", "Scan Direction": "Forward", "Index Name": "char_name_pkey", "Relation Name": "char_name", "Alias": "chn", "Startup Cost": 0.0, "Total Cost": 5.37, "Plan Rows": 1, "Plan Width": 20, "Actual Startup Time": 0.848, "Actual Total Time": 0.848, "Actual Rows": 104, "Actual Loops": 112, "Index Cond": "(id = ci.person_role_id)", "Rows Removed by Index Recheck": 0}]}, {"Node Type": "Index Scan", "Parent Relationship": "Inner", "Scan Direction": "Forward", "Index Name": "company_type_pkey", "Relation Name": "company_type", "Alias": "ct", "Startup Cost": 0.0, "Total Cost": 0.27, "Plan Rows": 1, "Plan Width": 4, "Actual Startup Time": 0.146, "Actual Total Time": 0.146, "Actual Rows": 18, "Actual Loops": 104, "Index Cond": "(id = mc.company_type_id)", "Rows Removed by Index Recheck": 0}]}]}, "Triggers": [], "Planner Runtime": 6, "Total Runtime": 871.048, "Unique SQL Id": 2933943827}}, "(64, 22)": {"explain_plan": {"Plan": {"Node Type": "Aggregate", "Strategy": "Plain", "Startup Cost": 38342.48, "Total Cost": 38342.49, "Plan Rows": 1, "Plan Width": 97, "Plans": [{"Node Type": "Nested Loop", "Parent Relationship": "Outer", "Join Type": "Inner", "Startup Cost": 7.4, "Total Cost": 38342.47, "Plan Rows": 2, "Plan Width": 33, "Inner Unique": false, "Join Filter": "(mc.company_type_id = ct.id)", "Plans": [{"Node Type": "Seq Scan", "Parent Relationship": "Outer", "Relation Name": "company_type", "Alias": "ct", "Startup Cost": 0.0, "Total Cost": 1.03, "Plan Rows": 3, "Plan Width": 4}, {"Node Type": "Materialize", "Parent Relationship": "Inner", "Startup Cost": 7.4, "Total Cost": 38341.35, "Plan Rows": 2, "Plan Width": 37, "Plans": [{"Node Type": "Nested Loop", "Parent Relationship": "Outer", "Join Type": "Inner", "Startup Cost": 7.4, "Total Cost": 38341.34, "Plan Rows": 2, "Plan Width": 37, "Inner Unique": true, "Plans": [{"Node Type": "Nested Loop", "Parent Relationship": "Outer", "Join Type": "Inner", "Startup Cost": 7.13, "Total Cost": 38328.45, "Plan Rows": 3, "Plan Width": 28, "Inner Unique": true, "Plans": [{"Node Type": "Nested Loop", "Parent Relationship": "Outer", "Join Type": "Inner", "Startup Cost": 4.83, "Total Cost": 38290.52, "Plan Rows": 6, "Plan Width": 16, "Inner Unique": false, "Join Filter": "(ci.role_id = rt.id)", "Plans": [{"Node Type": "Seq Scan", "Parent Relationship": "Outer", "Relation Name": "role_type", "Alias": "rt", "Startup Cost": 0.0, "Total Cost": 1.15, "Plan Rows": 1, "Plan Width": 4, "Filter": "((role)::text = 'actor'::text)"}, {"Node Type": "Nested Loop", "Parent Relationship": "Inner", "Join Type": "Inner", "Startup Cost": 4.83, "Total Cost": 38288.52, "Plan Rows": 68, "Plan Width": 20, "Inner Unique": false, "Plans": [{"Node Type": "Nested Loop", "Parent Relationship": "Outer", "Join Type": "Inner", "Startup Cost": 4.32, "Total Cost": 20813.55, "Plan Rows": 3779, "Plan Width": 8, "Inner Unique": false, "Plans": [{"Node Type": "Seq Scan", "Parent Relationship": "Outer", "Relation Name": "company_name", "Alias": "cn", "Startup Cost": 0.0, "Total Cost": 5903.45, "Plan Rows": 251, "Plan Width": 4, "Filter": "((country_code)::text = '[ru]'::text)"}, {"Node Type": "Bitmap Heap Scan", "Parent Relationship": "Inner", "Relation Name": "movie_companies", "Alias": "mc", "Startup Cost": 4.32, "Total Cost": 59.25, "Plan Rows": 15, "Plan Width": 12, "Recheck Cond": "(company_id = cn.id)", "Plans": [{"Node Type": "Bitmap Index Scan", "Parent Relationship": "Outer", "Index Name": "company_id_movie_companies", "Startup Cost": 0.0, "Total Cost": 4.31, "Plan Rows": 15, "Plan Width": 0, "Index Cond": "(company_id = cn.id)"}]}]}, {"Node Type": "Bitmap Heap Scan", "Parent Relationship": "Inner", "Relation Name": "cast_info", "Alias": "ci", "Startup Cost": 0.51, "Total Cost": 4.61, "Plan Rows": 1, "Plan Width": 12, "Recheck Cond": "(movie_id = mc.movie_id)", "Filter": "(((note)::text ~~ '%(voice)%'::text) AND ((note)::text ~~ '%(uncredited)%'::text))", "Plans": [{"Node Type": "Bitmap Index Scan", "Parent Relationship": "Outer", "Index Name": "movie_id_cast_info", "Startup Cost": 0.0, "Total Cost": 0.51, "Plan Rows": 6, "Plan Width": 0, "Index Cond": "(movie_id = mc.movie_id)"}]}]}]}, {"Node Type": "Bitmap Heap Scan", "Parent Relationship": "Inner", "Relation Name": "char_name", "Alias": "chn", "Startup Cost": 2.3, "Total Cost": 6.31, "Plan Rows": 1, "Plan Width": 20, "Recheck Cond": "(id = ci.person_role_id)", "Plans": [{"Node Type": "Bitmap Index Scan", "Parent Relationship": "Outer", "Index Name": "char_name_pkey", "Startup Cost": 0.0, "Total Cost": 2.3, "Plan Rows": 1, "Plan Width": 0, "Index Cond": "(id = ci.person_role_id)"}]}]}, {"Node Type": "Bitmap Heap Scan", "Parent Relationship": "Inner", "Relation Name": "title", "Alias": "t", "Startup Cost": 0.27, "Total Cost": 4.29, "Plan Rows": 1, "Plan Width": 21, "Recheck Cond": "(id = mc.movie_id)", "Filter": "(production_year > 2005)", "Plans": [{"Node Type": "Bitmap Index Scan", "Parent Relationship": "Outer", "Index Name": "title_pkey", "Startup Cost": 0.0, "Total Cost": 0.27, "Plan Rows": 1, "Plan Width": 0, "Index Cond": "(id = mc.movie_id)"}]}]}]}]}]}, "Unique SQL Id": 2933943827, "Planner Runtime": 24}, "explain_analyze_plan": {"Plan": {"Node Type": "Aggregate", "Strategy": "Plain", "Startup Cost": 38342.48, "Total Cost": 38342.49, "Plan Rows": 1, "Plan Width": 97, "Actual Startup Time": 1053.545, "Actual Total Time": 1053.545, "Actual Rows": 1, "Actual Loops": 1, "Plans": [{"Node Type": "Nested Loop", "Parent Relationship": "Outer", "Join Type": "Inner", "Startup Cost": 7.4, "Total Cost": 38342.47, "Plan Rows": 2, "Plan Width": 33, "Actual Startup Time": 58.944, "Actual Total Time": 1053.444, "Actual Rows": 18, "Actual Loops": 1, "Inner Unique": false, "Join Filter": "(mc.company_type_id = ct.id)", "Rows Removed by Join Filter": 294, "Plans": [{"Node Type": "Seq Scan", "Parent Relationship": "Outer", "Relation Name": "company_type", "Alias": "ct", "Startup Cost": 0.0, "Total Cost": 1.03, "Plan Rows": 3, "Plan Width": 4, "Actual Startup Time": 0.016, "Actual Total Time": 0.018, "Actual Rows": 3, "Actual Loops": 1}, {"Node Type": "Materialize", "Parent Relationship": "Inner", "Startup Cost": 7.4, "Total Cost": 38341.35, "Plan Rows": 2, "Plan Width": 37, "Actual Startup Time": 12.262, "Actual Total Time": 1053.269, "Actual Rows": 312, "Actual Loops": 3, "Plans": [{"Node Type": "Nested Loop", "Parent Relationship": "Outer", "Join Type": "Inner", "Startup Cost": 7.4, "Total Cost": 38341.34, "Plan Rows": 2, "Plan Width": 37, "Actual Startup Time": 12.255, "Actual Total Time": 1053.029, "Actual Rows": 104, "Actual Loops": 1, "Inner Unique": true, "Plans": [{"Node Type": "Nested Loop", "Parent Relationship": "Outer", "Join Type": "Inner", "Startup Cost": 7.13, "Total Cost": 38328.45, "Plan Rows": 3, "Plan Width": 28, "Actual Startup Time": 1.092, "Actual Total Time": 1050.343, "Actual Rows": 265, "Actual Loops": 1, "Inner Unique": true, "Plans": [{"Node Type": "Nested Loop", "Parent Relationship": "Outer", "Join Type": "Inner", "Startup Cost": 4.83, "Total Cost": 38290.52, "Plan Rows": 6, "Plan Width": 16, "Actual Startup Time": 1.071, "Actual Total Time": 1047.151, "Actual Rows": 275, "Actual Loops": 1, "Inner Unique": false, "Join Filter": "(ci.role_id = rt.id)", "Rows Removed by Join Filter": 102, "Plans": [{"Node Type": "Seq Scan", "Parent Relationship": "Outer", "Relation Name": "role_type", "Alias": "rt", "Startup Cost": 0.0, "Total Cost": 1.15, "Plan Rows": 1, "Plan Width": 4, "Actual Startup Time": 0.016, "Actual Total Time": 0.024, "Actual Rows": 1, "Actual Loops": 1, "Filter": "((role)::text = 'actor'::text)", "Rows Removed by Filter": 11}, {"Node Type": "Nested Loop", "Parent Relationship": "Inner", "Join Type": "Inner", "Startup Cost": 4.83, "Total Cost": 38288.52, "Plan Rows": 68, "Plan Width": 20, "Actual Startup Time": 1.033, "Actual Total Time": 1046.789, "Actual Rows": 377, "Actual Loops": 1, "Inner Unique": false, "Plans": [{"Node Type": "Nested Loop", "Parent Relationship": "Outer", "Join Type": "Inner", "Startup Cost": 4.32, "Total Cost": 20813.55, "Plan Rows": 3779, "Plan Width": 8, "Actual Startup Time": 0.089, "Actual Total Time": 117.624, "Actual Rows": 8790, "Actual Loops": 1, "Inner Unique": false, "Plans": [{"Node Type": "Seq Scan", "Parent Relationship": "Outer", "Relation Name": "company_name", "Alias": "cn", "Startup Cost": 0.0, "Total Cost": 5903.45, "Plan Rows": 251, "Plan Width": 4, "Actual Startup Time": 0.044, "Actual Total Time": 83.442, "Actual Rows": 1361, "Actual Loops": 1, "Filter": "((country_code)::text = '[ru]'::text)", "Rows Removed by Filter": 233635}, {"Node Type": "Bitmap Heap Scan", "Parent Relationship": "Inner", "Relation Name": "movie_companies", "Alias": "mc", "Startup Cost": 4.32, "Total Cost": 59.25, "Plan Rows": 15, "Plan Width": 12, "Actual Startup Time": 14.335, "Actual Total Time": 29.299, "Actual Rows": 8790, "Actual Loops": 1361, "Recheck Cond": "(company_id = cn.id)", "Rows Removed by Index Recheck": 0, "Exact Heap Blocks": 7155, "Lossy Heap Blocks": 7155, "Plans": [{"Node Type": "Bitmap Index Scan", "Parent Relationship": "Outer", "Index Name": "company_id_movie_companies", "Startup Cost": 0.0, "Total Cost": 4.31, "Plan Rows": 15, "Plan Width": 0, "Actual Startup Time": 9.029, "Actual Total Time": 9.029, "Actual Rows": 8790, "Actual Loops": 1361, "Index Cond": "(company_id = cn.id)"}]}]}, {"Node Type": "Bitmap Heap Scan", "Parent Relationship": "Inner", "Relation Name": "cast_info", "Alias": "ci", "Startup Cost": 0.51, "Total Cost": 4.61, "Plan Rows": 1, "Plan Width": 12, "Actual Startup Time": 866.656, "Actual Total Time": 913.153, "Actual Rows": 377, "Actual Loops": 8790, "Recheck Cond": "(movie_id = mc.movie_id)", "Rows Removed by Index Recheck": 0, "Filter": "(((note)::text ~~ '%(voice)%'::text) AND ((note)::text ~~ '%(uncredited)%'::text))", "Rows Removed by Filter": 408168, "Exact Heap Blocks": 397651, "Lossy Heap Blocks": 397651, "Plans": [{"Node Type": "Bitmap Index Scan", "Parent Relationship": "Outer", "Index Name": "movie_id_cast_info", "Startup Cost": 0.0, "Total Cost": 0.51, "Plan Rows": 6, "Plan Width": 0, "Actual Startup Time": 123.916, "Actual Total Time": 123.916, "Actual Rows": 408545, "Actual Loops": 8790, "Index Cond": "(movie_id = mc.movie_id)"}]}]}]}, {"Node Type": "Bitmap Heap Scan", "Parent Relationship": "Inner", "Relation Name": "char_name", "Alias": "chn", "Startup Cost": 2.3, "Total Cost": 6.31, "Plan Rows": 1, "Plan Width": 20, "Actual Startup Time": 2.44, "Actual Total Time": 2.44, "Actual Rows": 265, "Actual Loops": 275, "Recheck Cond": "(id = ci.person_role_id)", "Rows Removed by Index Recheck": 0, "Exact Heap Blocks": 265, "Lossy Heap Blocks": 265, "Plans": [{"Node Type": "Bitmap Index Scan", "Parent Relationship": "Outer", "Index Name": "char_name_pkey", "Startup Cost": 0.0, "Total Cost": 2.3, "Plan Rows": 1, "Plan Width": 0, "Actual Startup Time": 1.617, "Actual Total Time": 1.617, "Actual Rows": 265, "Actual Loops": 275, "Index Cond": "(id = ci.person_role_id)"}]}]}, {"Node Type": "Bitmap Heap Scan", "Parent Relationship": "Inner", "Relation Name": "title", "Alias": "t", "Startup Cost": 0.27, "Total Cost": 4.29, "Plan Rows": 1, "Plan Width": 21, "Actual Startup Time": 2.108, "Actual Total Time": 2.108, "Actual Rows": 104, "Actual Loops": 265, "Recheck Cond": "(id = mc.movie_id)", "Rows Removed by Index Recheck": 0, "Filter": "(production_year > 2005)", "Rows Removed by Filter": 161, "Exact Heap Blocks": 265, "Lossy Heap Blocks": 265, "Plans": [{"Node Type": "Bitmap Index Scan", "Parent Relationship": "Outer", "Index Name": "title_pkey", "Startup Cost": 0.0, "Total Cost": 0.27, "Plan Rows": 1, "Plan Width": 0, "Actual Startup Time": 1.253, "Actual Total Time": 1.253, "Actual Rows": 265, "Actual Loops": 265, "Index Cond": "(id = mc.movie_id)"}]}]}]}]}]}, "Triggers": [], "Planner Runtime": 16, "Total Runtime": 1054.095, "Unique SQL Id": 2933943827}}, "(64, 23)": {"explain_plan": {"Plan": {"Node Type": "Aggregate", "Strategy": "Plain", "Startup Cost": 41418.46, "Total Cost": 41418.47, "Plan Rows": 1, "Plan Width": 97, "Plans": [{"Node Type": "Nested Loop", "Parent Relationship": "Outer", "Join Type": "Inner", "Startup Cost": 2787.21, "Total Cost": 41418.45, "Plan Rows": 2, "Plan Width": 33, "Inner Unique": true, "Plans": [{"Node Type": "Nested Loop", "Parent Relationship": "Outer", "Join Type": "Inner", "Startup Cost": 2786.95, "Total Cost": 41409.89, "Plan Rows": 2, "Plan Width": 37, "Inner Unique": true, "Plans": [{"Node Type": "Nested Loop", "Parent Relationship": "Outer", "Join Type": "Inner", "Startup Cost": 2786.68, "Total Cost": 41397.0, "Plan Rows": 3, "Plan Width": 28, "Inner Unique": true, "Plans": [{"Node Type": "Nested Loop", "Parent Relationship": "Outer", "Join Type": "Inner", "Startup Cost": 2784.38, "Total Cost": 41359.07, "Plan Rows": 6, "Plan Width": 16, "Inner Unique": true, "Plans": [{"Node Type": "Nested Loop", "Parent Relationship": "Outer", "Join Type": "Inner", "Startup Cost": 2784.12, "Total Cost": 41067.82, "Plan Rows": 68, "Plan Width": 20, "Inner Unique": false, "Plans": [{"Node Type": "Nested Loop", "Parent Relationship": "Outer", "Join Type": "Inner", "Startup Cost": 2783.61, "Total Cost": 23592.84, "Plan Rows": 3779, "Plan Width": 8, "Inner Unique": false, "Plans": [{"Node Type": "Bitmap Heap Scan", "Parent Relationship": "Outer", "Relation Name": "company_name", "Alias": "cn", "Startup Cost": 2779.29, "Total Cost": 8682.74, "Plan Rows": 251, "Plan Width": 4, "Filter": "((country_code)::text = '[ru]'::text)", "Plans": [{"Node Type": "Bitmap Index Scan", "Parent Relationship": "Outer", "Index Name": "company_name_pkey", "Startup Cost": 0.0, "Total Cost": 2779.23, "Plan Rows": 234996, "Plan Width": 0}]}, {"Node Type": "Bitmap Heap Scan", "Parent Relationship": "Inner", "Relation Name": "movie_companies", "Alias": "mc", "Startup Cost": 4.32, "Total Cost": 59.25, "Plan Rows": 15, "Plan Width": 12, "Recheck Cond": "(company_id = cn.id)", "Plans": [{"Node Type": "Bitmap Index Scan", "Parent Relationship": "Outer", "Index Name": "company_id_movie_companies", "Startup Cost": 0.0, "Total Cost": 4.31, "Plan Rows": 15, "Plan Width": 0, "Index Cond": "(company_id = cn.id)"}]}]}, {"Node Type": "Bitmap Heap Scan", "Parent Relationship": "Inner", "Relation Name": "cast_info", "Alias": "ci", "Startup Cost": 0.51, "Total Cost": 4.61, "Plan Rows": 1, "Plan Width": 12, "Recheck Cond": "(movie_id = mc.movie_id)", "Filter": "(((note)::text ~~ '%(voice)%'::text) AND ((note)::text ~~ '%(uncredited)%'::text))", "Plans": [{"Node Type": "Bitmap Index Scan", "Parent Relationship": "Outer", "Index Name": "movie_id_cast_info", "Startup Cost": 0.0, "Total Cost": 0.51, "Plan Rows": 6, "Plan Width": 0, "Index Cond": "(movie_id = mc.movie_id)"}]}]}, {"Node Type": "Bitmap Heap Scan", "Parent Relationship": "Inner", "Relation Name": "role_type", "Alias": "rt", "Startup Cost": 0.26, "Total Cost": 4.27, "Plan Rows": 1, "Plan Width": 4, "Recheck Cond": "(id = ci.role_id)", "Filter": "((role)::text = 'actor'::text)", "Plans": [{"Node Type": "Bitmap Index Scan", "Parent Relationship": "Outer", "Index Name": "role_type_pkey", "Startup Cost": 0.0, "Total Cost": 0.26, "Plan Rows": 1, "Plan Width": 0, "Index Cond": "(id = ci.role_id)"}]}]}, {"Node Type": "Bitmap Heap Scan", "Parent Relationship": "Inner", "Relation Name": "char_name", "Alias": "chn", "Startup Cost": 2.3, "Total Cost": 6.31, "Plan Rows": 1, "Plan Width": 20, "Recheck Cond": "(id = ci.person_role_id)", "Plans": [{"Node Type": "Bitmap Index Scan", "Parent Relationship": "Outer", "Index Name": "char_name_pkey", "Startup Cost": 0.0, "Total Cost": 2.3, "Plan Rows": 1, "Plan Width": 0, "Index Cond": "(id = ci.person_role_id)"}]}]}, {"Node Type": "Bitmap Heap Scan", "Parent Relationship": "Inner", "Relation Name": "title", "Alias": "t", "Startup Cost": 0.27, "Total Cost": 4.29, "Plan Rows": 1, "Plan Width": 21, "Recheck Cond": "(id = mc.movie_id)", "Filter": "(production_year > 2005)", "Plans": [{"Node Type": "Bitmap Index Scan", "Parent Relationship": "Outer", "Index Name": "title_pkey", "Startup Cost": 0.0, "Total Cost": 0.27, "Plan Rows": 1, "Plan Width": 0, "Index Cond": "(id = mc.movie_id)"}]}]}, {"Node Type": "Bitmap Heap Scan", "Parent Relationship": "Inner", "Relation Name": "company_type", "Alias": "ct", "Startup Cost": 0.26, "Total Cost": 4.27, "Plan Rows": 1, "Plan Width": 4, "Recheck Cond": "(id = mc.company_type_id)", "Plans": [{"Node Type": "Bitmap Index Scan", "Parent Relationship": "Outer", "Index Name": "company_type_pkey", "Startup Cost": 0.0, "Total Cost": 0.26, "Plan Rows": 1, "Plan Width": 0, "Index Cond": "(id = mc.company_type_id)"}]}]}]}, "Unique SQL Id": 2933943827, "Planner Runtime": 14}, "explain_analyze_plan": {"Plan": {"Node Type": "Aggregate", "Strategy": "Plain", "Startup Cost": 41418.46, "Total Cost": 41418.47, "Plan Rows": 1, "Plan Width": 97, "Actual Startup Time": 1353.636, "Actual Total Time": 1353.637, "Actual Rows": 1, "Actual Loops": 1, "Plans": [{"Node Type": "Nested Loop", "Parent Relationship": "Outer", "Join Type": "Inner", "Startup Cost": 2787.21, "Total Cost": 41418.45, "Plan Rows": 2, "Plan Width": 33, "Actual Startup Time": 107.21, "Actual Total Time": 1353.521, "Actual Rows": 18, "Actual Loops": 1, "Inner Unique": true, "Plans": [{"Node Type": "Nested Loop", "Parent Relationship": "Outer", "Join Type": "Inner", "Startup Cost": 2786.95, "Total Cost": 41409.89, "Plan Rows": 2, "Plan Width": 37, "Actual Startup Time": 37.769, "Actual Total Time": 1352.989, "Actual Rows": 104, "Actual Loops": 1, "Inner Unique": true, "Plans": [{"Node Type": "Nested Loop", "Parent Relationship": "Outer", "Join Type": "Inner", "Startup Cost": 2786.68, "Total Cost": 41397.0, "Plan Rows": 3, "Plan Width": 28, "Actual Startup Time": 23.05, "Actual Total Time": 1349.829, "Actual Rows": 265, "Actual Loops": 1, "Inner Unique": true, "Plans": [{"Node Type": "Nested Loop", "Parent Relationship": "Outer", "Join Type": "Inner", "Startup Cost": 2784.38, "Total Cost": 41359.07, "Plan Rows": 6, "Plan Width": 16, "Actual Startup Time": 23.037, "Actual Total Time": 1346.368, "Actual Rows": 275, "Actual Loops": 1, "Inner Unique": true, "Plans": [{"Node Type": "Nested Loop", "Parent Relationship": "Outer", "Join Type": "Inner", "Startup Cost": 2784.12, "Total Cost": 41067.82, "Plan Rows": 68, "Plan Width": 20, "Actual Startup Time": 23.026, "Actual Total Time": 1343.783, "Actual Rows": 377, "Actual Loops": 1, "Inner Unique": false, "Plans": [{"Node Type": "Nested Loop", "Parent Relationship": "Outer", "Join Type": "Inner", "Startup Cost": 2783.61, "Total Cost": 23592.84, "Plan Rows": 3779, "Plan Width": 8, "Actual Startup Time": 21.943, "Actual Total Time": 182.966, "Actual Rows": 8790, "Actual Loops": 1, "Inner Unique": false, "Plans": [{"Node Type": "Bitmap Heap Scan", "Parent Relationship": "Outer", "Relation Name": "company_name", "Alias": "cn", "Startup Cost": 2779.29, "Total Cost": 8682.74, "Plan Rows": 251, "Plan Width": 4, "Actual Startup Time": 21.91, "Actual Total Time": 145.563, "Actual Rows": 1361, "Actual Loops": 1, "Filter": "((country_code)::text = '[ru]'::text)", "Rows Removed by Filter": 233635, "Exact Heap Blocks": 2966, "Lossy Heap Blocks": 2966, "Plans": [{"Node Type": "Bitmap Index Scan", "Parent Relationship": "Outer", "Index Name": "company_name_pkey", "Startup Cost": 0.0, "Total Cost": 2779.23, "Plan Rows": 234996, "Plan Width": 0, "Actual Startup Time": 21.441, "Actual Total Time": 21.441, "Actual Rows": 234996, "Actual Loops": 1}]}, {"Node Type": "Bitmap Heap Scan", "Parent Relationship": "Inner", "Relation Name": "movie_companies", "Alias": "mc", "Startup Cost": 4.32, "Total Cost": 59.25, "Plan Rows": 15, "Plan Width": 12, "Actual Startup Time": 15.259, "Actual Total Time": 32.516, "Actual Rows": 8790, "Actual Loops": 1361, "Recheck Cond": "(company_id = cn.id)", "Rows Removed by Index Recheck": 0, "Exact Heap Blocks": 7155, "Lossy Heap Blocks": 7155, "Plans": [{"Node Type": "Bitmap Index Scan", "Parent Relationship": "Outer", "Index Name": "company_id_movie_companies", "Startup Cost": 0.0, "Total Cost": 4.31, "Plan Rows": 15, "Plan Width": 0, "Actual Startup Time": 9.3, "Actual Total Time": 9.3, "Actual Rows": 8790, "Actual Loops": 1361, "Index Cond": "(company_id = cn.id)"}]}]}, {"Node Type": "Bitmap Heap Scan", "Parent Relationship": "Inner", "Relation Name": "cast_info", "Alias": "ci", "Startup Cost": 0.51, "Total Cost": 4.61, "Plan Rows": 1, "Plan Width": 12, "Actual Startup Time": 1080.605, "Actual Total Time": 1145.055, "Actual Rows": 377, "Actual Loops": 8790, "Recheck Cond": "(movie_id = mc.movie_id)", "Rows Removed by Index Recheck": 0, "Filter": "(((note)::text ~~ '%(voice)%'::text) AND ((note)::text ~~ '%(uncredited)%'::text))", "Rows Removed by Filter": 408168, "Exact Heap Blocks": 397651, "Lossy Heap Blocks": 397651, "Plans": [{"Node Type": "Bitmap Index Scan", "Parent Relationship": "Outer", "Index Name": "movie_id_cast_info", "Startup Cost": 0.0, "Total Cost": 0.51, "Plan Rows": 6, "Plan Width": 0, "Actual Startup Time": 134.176, "Actual Total Time": 134.176, "Actual Rows": 408545, "Actual Loops": 8790, "Index Cond": "(movie_id = mc.movie_id)"}]}]}, {"Node Type": "Bitmap Heap Scan", "Parent Relationship": "Inner", "Relation Name": "role_type", "Alias": "rt", "Startup Cost": 0.26, "Total Cost": 4.27, "Plan Rows": 1, "Plan Width": 4, "Actual Startup Time": 1.653, "Actual Total Time": 1.653, "Actual Rows": 275, "Actual Loops": 377, "Recheck Cond": "(id = ci.role_id)", "Rows Removed by Index Recheck": 0, "Filter": "((role)::text = 'actor'::text)", "Rows Removed by Filter": 102, "Exact Heap Blocks": 377, "Lossy Heap Blocks": 377, "Plans": [{"Node Type": "Bitmap Index Scan", "Parent Relationship": "Outer", "Index Name": "role_type_pkey", "Startup Cost": 0.0, "Total Cost": 0.26, "Plan Rows": 1, "Plan Width": 0, "Actual Startup Time": 0.619, "Actual Total Time": 0.619, "Actual Rows": 377, "Actual Loops": 377, "Index Cond": "(id = ci.role_id)"}]}]}, {"Node Type": "Bitmap Heap Scan", "Parent Relationship": "Inner", "Relation Name": "char_name", "Alias": "chn", "Startup Cost": 2.3, "Total Cost": 6.31, "Plan Rows": 1, "Plan Width": 20, "Actual Startup Time": 2.76, "Actual Total Time": 2.76, "Actual Rows": 265, "Actual Loops": 275, "Recheck Cond": "(id = ci.person_role_id)", "Rows Removed by Index Recheck": 0, "Exact Heap Blocks": 265, "Lossy Heap Blocks": 265, "Plans": [{"Node Type": "Bitmap Index Scan", "Parent Relationship": "Outer", "Index Name": "char_name_pkey", "Startup Cost": 0.0, "Total Cost": 2.3, "Plan Rows": 1, "Plan Width": 0, "Actual Startup Time": 1.81, "Actual Total Time": 1.81, "Actual Rows": 265, "Actual Loops": 275, "Index Cond": "(id = ci.person_role_id)"}]}]}, {"Node Type": "Bitmap Heap Scan", "Parent Relationship": "Inner", "Relation Name": "title", "Alias": "t", "Startup Cost": 0.27, "Total Cost": 4.29, "Plan Rows": 1, "Plan Width": 21, "Actual Startup Time": 2.584, "Actual Total Time": 2.584, "Actual Rows": 104, "Actual Loops": 265, "Recheck Cond": "(id = mc.movie_id)", "Rows Removed by Index Recheck": 0, "Filter": "(production_year > 2005)", "Rows Removed by Filter": 161, "Exact Heap Blocks": 265, "Lossy Heap Blocks": 265, "Plans": [{"Node Type": "Bitmap Index Scan", "Parent Relationship": "Outer", "Index Name": "title_pkey", "Startup Cost": 0.0, "Total Cost": 0.27, "Plan Rows": 1, "Plan Width": 0, "Actual Startup Time": 1.613, "Actual Total Time": 1.613, "Actual Rows": 265, "Actual Loops": 265, "Index Cond": "(id = mc.movie_id)"}]}]}, {"Node Type": "Bitmap Heap Scan", "Parent Relationship": "Inner", "Relation Name": "company_type", "Alias": "ct", "Startup Cost": 0.26, "Total Cost": 4.27, "Plan Rows": 1, "Plan Width": 4, "Actual Startup Time": 0.288, "Actual Total Time": 0.288, "Actual Rows": 18, "Actual Loops": 104, "Recheck Cond": "(id = mc.company_type_id)", "Rows Removed by Index Recheck": 0, "Exact Heap Blocks": 18, "Lossy Heap Blocks": 18, "Plans": [{"Node Type": "Bitmap Index Scan", "Parent Relationship": "Outer", "Index Name": "company_type_pkey", "Startup Cost": 0.0, "Total Cost": 0.26, "Plan Rows": 1, "Plan Width": 0, "Actual Startup Time": 0.156, "Actual Total Time": 0.156, "Actual Rows": 18, "Actual Loops": 104, "Index Cond": "(id = mc.company_type_id)"}]}]}]}, "Triggers": [], "Planner Runtime": 6, "Total Runtime": 1354.082, "Unique SQL Id": 2933943827}}, "(64, 24)": {"explain_plan": {"Plan": {"Node Type": "Aggregate", "Strategy": "Plain", "Startup Cost": 19897.43, "Total Cost": 19897.44, "Plan Rows": 1, "Plan Width": 97, "Plans": [{"Node Type": "Nested Loop", "Parent Relationship": "Outer", "Join Type": "Inner", "Startup Cost": 0.0, "Total Cost": 19897.42, "Plan Rows": 2, "Plan Width": 33, "Inner Unique": true, "Plans": [{"Node Type": "Nested Loop", "Parent Relationship": "Outer", "Join Type": "Inner", "Startup Cost": 0.0, "Total Cost": 19896.86, "Plan Rows": 2, "Plan Width": 37, "Inner Unique": true, "Plans": [{"Node Type": "Nested Loop", "Parent Relationship": "Outer", "Join Type": "Inner", "Startup Cost": 0.0, "Total Cost": 19869.97, "Plan Rows": 5, "Plan Width": 25, "Inner Unique": true, "Plans": [{"Node Type": "Nested Loop", "Parent Relationship": "Outer", "Join Type": "Inner", "Startup Cost": 0.0, "Total Cost": 19867.87, "Plan Rows": 6, "Plan Width": 16, "Inner Unique": false, "Join Filter": "(ci.role_id = rt.id)", "Plans": [{"Node Type": "Seq Scan", "Parent Relationship": "Outer", "Relation Name": "role_type", "Alias": "rt", "Startup Cost": 0.0, "Total Cost": 1.15, "Plan Rows": 1, "Plan Width": 4, "Filter": "((role)::text = 'actor'::text)"}, {"Node Type": "Nested Loop", "Parent Relationship": "Inner", "Join Type": "Inner", "Startup Cost": 0.0, "Total Cost": 19865.87, "Plan Rows": 68, "Plan Width": 20, "Inner Unique": false, "Plans": [{"Node Type": "Nested Loop", "Parent Relationship": "Outer", "Join Type": "Inner", "Startup Cost": 0.0, "Total Cost": 16121.55, "Plan Rows": 3779, "Plan Width": 8, "Inner Unique": false, "Plans": [{"Node Type": "Seq Scan", "Parent Relationship": "Outer", "Relation Name": "company_name", "Alias": "cn", "Startup Cost": 0.0, "Total Cost": 5903.45, "Plan Rows": 251, "Plan Width": 4, "Filter": "((country_code)::text = '[ru]'::text)"}, {"Node Type": "Index Scan", "Parent Relationship": "Inner", "Scan Direction": "Forward", "Index Name": "company_id_movie_companies", "Relation Name": "movie_companies", "Alias": "mc", "Startup Cost": 0.0, "Total Cost": 40.56, "Plan Rows": 15, "Plan Width": 12, "Index Cond": "(company_id = cn.id)"}]}, {"Node Type": "Index Scan", "Parent Relationship": "Inner", "Scan Direction": "Forward", "Index Name": "movie_id_cast_info", "Relation Name": "cast_info", "Alias": "ci", "Startup Cost": 0.0, "Total Cost": 0.98, "Plan Rows": 1, "Plan Width": 12, "Index Cond": "(movie_id = mc.movie_id)", "Filter": "(((note)::text ~~ '%(voice)%'::text) AND ((note)::text ~~ '%(uncredited)%'::text))"}]}]}, {"Node Type": "Index Scan", "Parent Relationship": "Inner", "Scan Direction": "Forward", "Index Name": "title_pkey", "Relation Name": "title", "Alias": "t", "Startup Cost": 0.0, "Total Cost": 0.34, "Plan Rows": 1, "Plan Width": 21, "Index Cond": "(id = mc.movie_id)", "Filter": "(production_year > 2005)"}]}, {"Node Type": "Index Scan", "Parent Relationship": "Inner", "Scan Direction": "Forward", "Index Name": "char_name_pkey", "Relation Name": "char_name", "Alias": "chn", "Startup Cost": 0.0, "Total Cost": 5.37, "Plan Rows": 1, "Plan Width": 20, "Index Cond": "(id = ci.person_role_id)"}]}, {"Node Type": "Index Only Scan", "Parent Relationship": "Inner", "Scan Direction": "Forward", "Index Name": "company_type_pkey", "Relation Name": "company_type", "Alias": "ct", "Startup Cost": 0.0, "Total Cost": 0.27, "Plan Rows": 1, "Plan Width": 4, "Index Cond": "(id = mc.company_type_id)"}]}]}, "Unique SQL Id": 2933943827, "Planner Runtime": 14}, "explain_analyze_plan": {"Plan": {"Node Type": "Aggregate", "Strategy": "Plain", "Startup Cost": 19897.43, "Total Cost": 19897.44, "Plan Rows": 1, "Plan Width": 97, "Actual Startup Time": 807.225, "Actual Total Time": 807.226, "Actual Rows": 1, "Actual Loops": 1, "Plans": [{"Node Type": "Nested Loop", "Parent Relationship": "Outer", "Join Type": "Inner", "Startup Cost": 0.0, "Total Cost": 19897.42, "Plan Rows": 2, "Plan Width": 33, "Actual Startup Time": 45.255, "Actual Total Time": 807.116, "Actual Rows": 18, "Actual Loops": 1, "Inner Unique": true, "Plans": [{"Node Type": "Nested Loop", "Parent Relationship": "Outer", "Join Type": "Inner", "Startup Cost": 0.0, "Total Cost": 19896.86, "Plan Rows": 2, "Plan Width": 37, "Actual Startup Time": 9.393, "Actual Total Time": 806.783, "Actual Rows": 104, "Actual Loops": 1, "Inner Unique": true, "Plans": [{"Node Type": "Nested Loop", "Parent Relationship": "Outer", "Join Type": "Inner", "Startup Cost": 0.0, "Total Cost": 19869.97, "Plan Rows": 5, "Plan Width": 25, "Actual Startup Time": 9.382, "Actual Total Time": 805.777, "Actual Rows": 112, "Actual Loops": 1, "Inner Unique": true, "Plans": [{"Node Type": "Nested Loop", "Parent Relationship": "Outer", "Join Type": "Inner", "Startup Cost": 0.0, "Total Cost": 19867.87, "Plan Rows": 6, "Plan Width": 16, "Actual Startup Time": 0.829, "Actual Total Time": 803.535, "Actual Rows": 275, "Actual Loops": 1, "Inner Unique": false, "Join Filter": "(ci.role_id = rt.id)", "Rows Removed by Join Filter": 102, "Plans": [{"Node Type": "Seq Scan", "Parent Relationship": "Outer", "Relation Name": "role_type", "Alias": "rt", "Startup Cost": 0.0, "Total Cost": 1.15, "Plan Rows": 1, "Plan Width": 4, "Actual Startup Time": 0.027, "Actual Total Time": 0.031, "Actual Rows": 1, "Actual Loops": 1, "Filter": "((role)::text = 'actor'::text)", "Rows Removed by Filter": 11}, {"Node Type": "Nested Loop", "Parent Relationship": "Inner", "Join Type": "Inner", "Startup Cost": 0.0, "Total Cost": 19865.87, "Plan Rows": 68, "Plan Width": 20, "Actual Startup Time": 0.793, "Actual Total Time": 803.216, "Actual Rows": 377, "Actual Loops": 1, "Inner Unique": false, "Plans": [{"Node Type": "Nested Loop", "Parent Relationship": "Outer", "Join Type": "Inner", "Startup Cost": 0.0, "Total Cost": 16121.55, "Plan Rows": 3779, "Plan Width": 8, "Actual Startup Time": 0.051, "Actual Total Time": 107.855, "Actual Rows": 8790, "Actual Loops": 1, "Inner Unique": false, "Plans": [{"Node Type": "Seq Scan", "Parent Relationship": "Outer", "Relation Name": "company_name", "Alias": "cn", "Startup Cost": 0.0, "Total Cost": 5903.45, "Plan Rows": 251, "Plan Width": 4, "Actual Startup Time": 0.033, "Actual Total Time": 82.985, "Actual Rows": 1361, "Actual Loops": 1, "Filter": "((country_code)::text = '[ru]'::text)", "Rows Removed by Filter": 233635}, {"Node Type": "Index Scan", "Parent Relationship": "Inner", "Scan Direction": "Forward", "Index Name": "company_id_movie_companies", "Relation Name": "movie_companies", "Alias": "mc", "Startup Cost": 0.0, "Total Cost": 40.56, "Plan Rows": 15, "Plan Width": 12, "Actual Startup Time": 8.733, "Actual Total Time": 21.453, "Actual Rows": 8790, "Actual Loops": 1361, "Index Cond": "(company_id = cn.id)", "Rows Removed by Index Recheck": 0}]}, {"Node Type": "Index Scan", "Parent Relationship": "Inner", "Scan Direction": "Forward", "Index Name": "movie_id_cast_info", "Relation Name": "cast_info", "Alias": "ci", "Startup Cost": 0.0, "Total Cost": 0.98, "Plan Rows": 1, "Plan Width": 12, "Actual Startup Time": 650.914, "Actual Total Time": 689.985, "Actual Rows": 377, "Actual Loops": 8790, "Index Cond": "(movie_id = mc.movie_id)", "Rows Removed by Index Recheck": 0, "Filter": "(((note)::text ~~ '%(voice)%'::text) AND ((note)::text ~~ '%(uncredited)%'::text))", "Rows Removed by Filter": 408168}]}]}, {"Node Type": "Index Scan", "Parent Relationship": "Inner", "Scan Direction": "Forward", "Index Name": "title_pkey", "Relation Name": "title", "Alias": "t", "Startup Cost": 0.0, "Total Cost": 0.34, "Plan Rows": 1, "Plan Width": 21, "Actual Startup Time": 1.834, "Actual Total Time": 1.834, "Actual Rows": 112, "Actual Loops": 275, "Index Cond": "(id = mc.movie_id)", "Rows Removed by Index Recheck": 0, "Filter": "(production_year > 2005)", "Rows Removed by Filter": 163}]}, {"Node Type": "Index Scan", "Parent Relationship": "Inner", "Scan Direction": "Forward", "Index Name": "char_name_pkey", "Relation Name": "char_name", "Alias": "chn", "Startup Cost": 0.0, "Total Cost": 5.37, "Plan Rows": 1, "Plan Width": 20, "Actual Startup Time": 0.772, "Actual Total Time": 0.772, "Actual Rows": 104, "Actual Loops": 112, "Index Cond": "(id = ci.person_role_id)", "Rows Removed by Index Recheck": 0}]}, {"Node Type": "Index Only Scan", "Parent Relationship": "Inner", "Scan Direction": "Forward", "Index Name": "company_type_pkey", "Relation Name": "company_type", "Alias": "ct", "Startup Cost": 0.0, "Total Cost": 0.27, "Plan Rows": 1, "Plan Width": 4, "Actual Startup Time": 0.201, "Actual Total Time": 0.201, "Actual Rows": 18, "Actual Loops": 104, "Index Cond": "(id = mc.company_type_id)", "Rows Removed by Index Recheck": 0, "Heap Fetches": 0}]}]}, "Triggers": [], "Planner Runtime": 6, "Total Runtime": 807.578, "Unique SQL Id": 2933943827}}, "(64, 25)": {"explain_plan": {"Plan": {"Node Type": "Aggregate", "Strategy": "Plain", "Startup Cost": 24506.67, "Total Cost": 24506.68, "Plan Rows": 1, "Plan Width": 97, "Plans": [{"Node Type": "Nested Loop", "Parent Relationship": "Outer", "Join Type": "Inner", "Startup Cost": 0.0, "Total Cost": 24506.66, "Plan Rows": 2, "Plan Width": 33, "Inner Unique": true, "Plans": [{"Node Type": "Nested Loop", "Parent Relationship": "Outer", "Join Type": "Inner", "Startup Cost": 0.0, "Total Cost": 24506.1, "Plan Rows": 2, "Plan Width": 37, "Inner Unique": true, "Plans": [{"Node Type": "Nested Loop", "Parent Relationship": "Outer", "Join Type": "Inner", "Startup Cost": 0.0, "Total Cost": 24479.22, "Plan Rows": 5, "Plan Width": 25, "Inner Unique": true, "Plans": [{"Node Type": "Nested Loop", "Parent Relationship": "Outer", "Join Type": "Inner", "Startup Cost": 0.0, "Total Cost": 24477.12, "Plan Rows": 6, "Plan Width": 16, "Inner Unique": false, "Join Filter": "(ci.role_id = rt.id)", "Plans": [{"Node Type": "Index Scan", "Parent Relationship": "Outer", "Scan Direction": "Forward", "Index Name": "role_type_pkey", "Relation Name": "role_type", "Alias": "rt", "Startup Cost": 0.0, "Total Cost": 12.46, "Plan Rows": 1, "Plan Width": 4, "Filter": "((role)::text = 'actor'::text)"}, {"Node Type": "Nested Loop", "Parent Relationship": "Inner", "Join Type": "Inner", "Startup Cost": 0.0, "Total Cost": 24463.81, "Plan Rows": 68, "Plan Width": 20, "Inner Unique": false, "Plans": [{"Node Type": "Nested Loop", "Parent Relationship": "Outer", "Join Type": "Inner", "Startup Cost": 0.0, "Total Cost": 20719.49, "Plan Rows": 3779, "Plan Width": 8, "Inner Unique": false, "Plans": [{"Node Type": "Index Scan", "Parent Relationship": "Outer", "Scan Direction": "Forward", "Index Name": "company_name_pkey", "Relation Name": "company_name", "Alias": "cn", "Startup Cost": 0.0, "Total Cost": 10501.39, "Plan Rows": 251, "Plan Width": 4, "Filter": "((country_code)::text = '[ru]'::text)"}, {"Node Type": "Index Scan", "Parent Relationship": "Inner", "Scan Direction": "Forward", "Index Name": "company_id_movie_companies", "Relation Name": "movie_companies", "Alias": "mc", "Startup Cost": 0.0, "Total Cost": 40.56, "Plan Rows": 15, "Plan Width": 12, "Index Cond": "(company_id = cn.id)"}]}, {"Node Type": "Index Scan", "Parent Relationship": "Inner", "Scan Direction": "Forward", "Index Name": "movie_id_cast_info", "Relation Name": "cast_info", "Alias": "ci", "Startup Cost": 0.0, "Total Cost": 0.98, "Plan Rows": 1, "Plan Width": 12, "Index Cond": "(movie_id = mc.movie_id)", "Filter": "(((note)::text ~~ '%(voice)%'::text) AND ((note)::text ~~ '%(uncredited)%'::text))"}]}]}, {"Node Type": "Index Scan", "Parent Relationship": "Inner", "Scan Direction": "Forward", "Index Name": "title_pkey", "Relation Name": "title", "Alias": "t", "Startup Cost": 0.0, "Total Cost": 0.34, "Plan Rows": 1, "Plan Width": 21, "Index Cond": "(id = mc.movie_id)", "Filter": "(production_year > 2005)"}]}, {"Node Type": "Index Scan", "Parent Relationship": "Inner", "Scan Direction": "Forward", "Index Name": "char_name_pkey", "Relation Name": "char_name", "Alias": "chn", "Startup Cost": 0.0, "Total Cost": 5.37, "Plan Rows": 1, "Plan Width": 20, "Index Cond": "(id = ci.person_role_id)"}]}, {"Node Type": "Index Only Scan", "Parent Relationship": "Inner", "Scan Direction": "Forward", "Index Name": "company_type_pkey", "Relation Name": "company_type", "Alias": "ct", "Startup Cost": 0.0, "Total Cost": 0.27, "Plan Rows": 1, "Plan Width": 4, "Index Cond": "(id = mc.company_type_id)"}]}]}, "Unique SQL Id": 2933943827, "Planner Runtime": 13}, "explain_analyze_plan": {"Plan": {"Node Type": "Aggregate", "Strategy": "Plain", "Startup Cost": 24506.67, "Total Cost": 24506.68, "Plan Rows": 1, "Plan Width": 97, "Actual Startup Time": 1060.039, "Actual Total Time": 1060.04, "Actual Rows": 1, "Actual Loops": 1, "Plans": [{"Node Type": "Nested Loop", "Parent Relationship": "Outer", "Join Type": "Inner", "Startup Cost": 0.0, "Total Cost": 24506.66, "Plan Rows": 2, "Plan Width": 33, "Actual Startup Time": 27.881, "Actual Total Time": 1059.925, "Actual Rows": 18, "Actual Loops": 1, "Inner Unique": true, "Plans": [{"Node Type": "Nested Loop", "Parent Relationship": "Outer", "Join Type": "Inner", "Startup Cost": 0.0, "Total Cost": 24506.1, "Plan Rows": 2, "Plan Width": 37, "Actual Startup Time": 21.36, "Actual Total Time": 1059.603, "Actual Rows": 104, "Actual Loops": 1, "Inner Unique": true, "Plans": [{"Node Type": "Nested Loop", "Parent Relationship": "Outer", "Join Type": "Inner", "Startup Cost": 0.0, "Total Cost": 24479.22, "Plan Rows": 5, "Plan Width": 25, "Actual Startup Time": 21.347, "Actual Total Time": 1058.503, "Actual Rows": 112, "Actual Loops": 1, "Inner Unique": true, "Plans": [{"Node Type": "Nested Loop", "Parent Relationship": "Outer", "Join Type": "Inner", "Startup Cost": 0.0, "Total Cost": 24477.12, "Plan Rows": 6, "Plan Width": 16, "Actual Startup Time": 5.948, "Actual Total Time": 1056.165, "Actual Rows": 275, "Actual Loops": 1, "Inner Unique": false, "Join Filter": "(ci.role_id = rt.id)", "Rows Removed by Join Filter": 102, "Plans": [{"Node Type": "Index Scan", "Parent Relationship": "Outer", "Scan Direction": "Forward", "Index Name": "role_type_pkey", "Relation Name": "role_type", "Alias": "rt", "Startup Cost": 0.0, "Total Cost": 12.46, "Plan Rows": 1, "Plan Width": 4, "Actual Startup Time": 0.026, "Actual Total Time": 0.035, "Actual Rows": 1, "Actual Loops": 1, "Filter": "((role)::text = 'actor'::text)", "Rows Removed by Filter": 11}, {"Node Type": "Nested Loop", "Parent Relationship": "Inner", "Join Type": "Inner", "Startup Cost": 0.0, "Total Cost": 24463.81, "Plan Rows": 68, "Plan Width": 20, "Actual Startup Time": 5.912, "Actual Total Time": 1055.848, "Actual Rows": 377, "Actual Loops": 1, "Inner Unique": false, "Plans": [{"Node Type": "Nested Loop", "Parent Relationship": "Outer", "Join Type": "Inner", "Startup Cost": 0.0, "Total Cost": 20719.49, "Plan Rows": 3779, "Plan Width": 8, "Actual Startup Time": 0.471, "Actual Total Time": 327.183, "Actual Rows": 8790, "Actual Loops": 1, "Inner Unique": false, "Plans": [{"Node Type": "Index Scan", "Parent Relationship": "Outer", "Scan Direction": "Forward", "Index Name": "company_name_pkey", "Relation Name": "company_name", "Alias": "cn", "Startup Cost": 0.0, "Total Cost": 10501.39, "Plan Rows": 251, "Plan Width": 4, "Actual Startup Time": 0.457, "Actual Total Time": 302.353, "Actual Rows": 1361, "Actual Loops": 1, "Filter": "((country_code)::text = '[ru]'::text)", "Rows Removed by Filter": 233635}, {"Node Type": "Index Scan", "Parent Relationship": "Inner", "Scan Direction": "Forward", "Index Name": "company_id_movie_companies", "Relation Name": "movie_companies", "Alias": "mc", "Startup Cost": 0.0, "Total Cost": 40.56, "Plan Rows": 15, "Plan Width": 12, "Actual Startup Time": 7.867, "Actual Total Time": 21.092, "Actual Rows": 8790, "Actual Loops": 1361, "Index Cond": "(company_id = cn.id)", "Rows Removed by Index Recheck": 0}]}, {"Node Type": "Index Scan", "Parent Relationship": "Inner", "Scan Direction": "Forward", "Index Name": "movie_id_cast_info", "Relation Name": "cast_info", "Alias": "ci", "Startup Cost": 0.0, "Total Cost": 0.98, "Plan Rows": 1, "Plan Width": 12, "Actual Startup Time": 682.594, "Actual Total Time": 723.141, "Actual Rows": 377, "Actual Loops": 8790, "Index Cond": "(movie_id = mc.movie_id)", "Rows Removed by Index Recheck": 0, "Filter": "(((note)::text ~~ '%(voice)%'::text) AND ((note)::text ~~ '%(uncredited)%'::text))", "Rows Removed by Filter": 408168}]}]}, {"Node Type": "Index Scan", "Parent Relationship": "Inner", "Scan Direction": "Forward", "Index Name": "title_pkey", "Relation Name": "title", "Alias": "t", "Startup Cost": 0.0, "Total Cost": 0.34, "Plan Rows": 1, "Plan Width": 21, "Actual Startup Time": 1.929, "Actual Total Time": 1.929, "Actual Rows": 112, "Actual Loops": 275, "Index Cond": "(id = mc.movie_id)", "Rows Removed by Index Recheck": 0, "Filter": "(production_year > 2005)", "Rows Removed by Filter": 163}]}, {"Node Type": "Index Scan", "Parent Relationship": "Inner", "Scan Direction": "Forward", "Index Name": "char_name_pkey", "Relation Name": "char_name", "Alias": "chn", "Startup Cost": 0.0, "Total Cost": 5.37, "Plan Rows": 1, "Plan Width": 20, "Actual Startup Time": 0.845, "Actual Total Time": 0.845, "Actual Rows": 104, "Actual Loops": 112, "Index Cond": "(id = ci.person_role_id)", "Rows Removed by Index Recheck": 0}]}, {"Node Type": "Index Only Scan", "Parent Relationship": "Inner", "Scan Direction": "Forward", "Index Name": "company_type_pkey", "Relation Name": "company_type", "Alias": "ct", "Startup Cost": 0.0, "Total Cost": 0.27, "Plan Rows": 1, "Plan Width": 4, "Actual Startup Time": 0.158, "Actual Total Time": 0.158, "Actual Rows": 18, "Actual Loops": 104, "Index Cond": "(id = mc.company_type_id)", "Rows Removed by Index Recheck": 0, "Heap Fetches": 0}]}]}, "Triggers": [], "Planner Runtime": 5, "Total Runtime": 1060.362, "Unique SQL Id": 2933943827}}, "(64, 26)": {"explain_plan": {"Plan": {"Node Type": "Aggregate", "Strategy": "Plain", "Startup Cost": 674457.81, "Total Cost": 674457.82, "Plan Rows": 1, "Plan Width": 97, "Plans": [{"Node Type": "Nested Loop", "Parent Relationship": "Outer", "Join Type": "Inner", "Startup Cost": 415197.79, "Total Cost": 674457.8, "Plan Rows": 2, "Plan Width": 33, "Inner Unique": false, "Join Filter": "(mc.company_type_id = ct.id)", "Plans": [{"Node Type": "Seq Scan", "Parent Relationship": "Outer", "Relation Name": "company_type", "Alias": "ct", "Startup Cost": 0.0, "Total Cost": 1.03, "Plan Rows": 3, "Plan Width": 4}, {"Node Type": "Materialize", "Parent Relationship": "Inner", "Startup Cost": 415197.79, "Total Cost": 674456.68, "Plan Rows": 2, "Plan Width": 37, "Plans": [{"Node Type": "Streaming(type: LOCAL GATHER dop: 1/64)", "Parent Relationship": "Outer", "Startup Cost": 415197.79, "Total Cost": 674456.67, "Plan Rows": 2, "Plan Width": 37, "Plans": [{"Node Type": "Nested Loop", "Parent Relationship": "Outer", "Join Type": "Inner", "Startup Cost": 415197.79, "Total Cost": 674456.63, "Plan Rows": 2, "Plan Width": 37, "Inner Unique": false, "Join Filter": "(mc.movie_id = t.id)", "Plans": [{"Node Type": "Seq Scan", "Parent Relationship": "Outer", "Relation Name": "title", "Alias": "t", "Startup Cost": 0.0, "Total Cost": 64037.34, "Plan Rows": 1013492, "Plan Width": 21, "Filter": "(production_year > 2005), (LLVM Optimized)"}, {"Node Type": "Materialize", "Parent Relationship": "Inner", "Startup Cost": 415197.79, "Total Cost": 609706.69, "Plan Rows": 192, "Plan Width": 28, "Plans": [{"Node Type": "Streaming(type: BROADCAST dop: 64/64)", "Parent Relationship": "Outer", "Startup Cost": 415197.79, "Total Cost": 609706.67, "Plan Rows": 192, "Plan Width": 28, "Plans": [{"Node Type": "Nested Loop", "Parent Relationship": "Outer", "Join Type": "Inner", "Startup Cost": 415197.79, "Total Cost": 546706.55, "Plan Rows": 3, "Plan Width": 28, "Inner Unique": false, "Join Filter": "(ci.person_role_id = chn.id)", "Plans": [{"Node Type": "Seq Scan", "Parent Relationship": "Outer", "Relation Name": "char_name", "Alias": "chn", "Startup Cost": 0.0, "Total Cost": 64054.58, "Plan Rows": 3140338, "Plan Width": 20}, {"Node Type": "Materialize", "Parent Relationship": "Inner", "Startup Cost": 415197.79, "Total Cost": 478235.88, "Plan Rows": 384, "Plan Width": 16, "Plans": [{"Node Type": "Streaming(type: BROADCAST dop: 64/1)", "Parent Relationship": "Outer", "Startup Cost": 415197.79, "Total Cost": 478235.85, "Plan Rows": 384, "Plan Width": 16, "Plans": [{"Node Type": "Merge Join", "Parent Relationship": "Outer", "Join Type": "Inner", "Startup Cost": 415197.79, "Total Cost": 415227.93, "Plan Rows": 6, "Plan Width": 16, "Inner Unique": false, "Merge Cond": "(ci.movie_id = mc.movie_id)", "Plans": [{"Node Type": "Sort", "Parent Relationship": "Outer", "Startup Cost": 76088.23, "Total Cost": 76093.3, "Plan Rows": 2027, "Plan Width": 8, "Sort Key": ["ci.movie_id"], "Plans": [{"Node Type": "Nested Loop", "Parent Relationship": "Outer", "Join Type": "Inner", "Startup Cost": 0.0, "Total Cost": 75976.9, "Plan Rows": 2027, "Plan Width": 8, "Inner Unique": false, "Join Filter": "(ci.role_id = rt.id)", "Plans": [{"Node Type": "Seq Scan", "Parent Relationship": "Outer", "Relation Name": "role_type", "Alias": "rt", "Startup Cost": 0.0, "Total Cost": 1.15, "Plan Rows": 1, "Plan Width": 4, "Filter": "((role)::text = 'actor'::text)"}, {"Node Type": "Materialize", "Parent Relationship": "Inner", "Startup Cost": 0.0, "Total Cost": 75752.8, "Plan Rows": 22295, "Plan Width": 12, "Plans": [{"Node Type": "Streaming(type: LOCAL GATHER dop: 1/64)", "Parent Relationship": "Outer", "Startup Cost": 0.0, "Total Cost": 75697.06, "Plan Rows": 22295, "Plan Width": 12, "Plans": [{"Node Type": "Seq Scan", "Parent Relationship": "Outer", "Relation Name": "cast_info", "Alias": "ci", "Startup Cost": 0.0, "Total Cost": 75237.12, "Plan Rows": 22295, "Plan Width": 12, "Filter": "(((note)::text ~~ '%(voice)%'::text) AND ((note)::text ~~ '%(uncredited)%'::text))"}]}]}]}]}, {"Node Type": "Sort", "Parent Relationship": "Inner", "Startup Cost": 339109.56, "Total Cost": 339119.01, "Plan Rows": 3779, "Plan Width": 8, "Sort Key": ["mc.movie_id"], "Plans": [{"Node Type": "Merge Join", "Parent Relationship": "Outer", "Join Type": "Inner", "Startup Cost": 326139.31, "Total Cost": 338885.01, "Plan Rows": 3779, "Plan Width": 8, "Inner Unique": false, "Merge Cond": "(cn.id = mc.company_id)", "Plans": [{"Node Type": "Sort", "Parent Relationship": "Outer", "Startup Cost": 5913.45, "Total Cost": 5914.08, "Plan Rows": 251, "Plan Width": 4, "Sort Key": ["cn.id"], "Plans": [{"Node Type": "Seq Scan", "Parent Relationship": "Outer", "Relation Name": "company_name", "Alias": "cn", "Startup Cost": 0.0, "Total Cost": 5903.45, "Plan Rows": 251, "Plan Width": 4, "Filter": "((country_code)::text = '[ru]'::text)"}]}, {"Node Type": "Sort", "Parent Relationship": "Inner", "Startup Cost": 319886.87, "Total Cost": 326409.69, "Plan Rows": 2609128, "Plan Width": 12, "Sort Key": ["mc.company_id"], "Plans": [{"Node Type": "Seq Scan", "Parent Relationship": "Outer", "Relation Name": "movie_companies", "Alias": "mc", "Startup Cost": 0.0, "Total Cost": 41817.28, "Plan Rows": 2609128, "Plan Width": 12}]}]}]}]}]}]}]}]}]}]}]}]}]}]}, "Unique SQL Id": 2933943827, "Planner Runtime": 19}, "explain_analyze_plan": null}, "(64, 27)": {"explain_plan": {"Plan": {"Node Type": "Aggregate", "Strategy": "Plain", "Startup Cost": 3605831579367.76, "Total Cost": 3605831579367.77, "Plan Rows": 1, "Plan Width": 97, "Plans": [{"Node Type": "Merge Join", "Parent Relationship": "Outer", "Join Type": "Inner", "Startup Cost": 70000000000.0, "Total Cost": 3605831579367.74, "Plan Rows": 4, "Plan Width": 33, "Inner Unique": true, "Merge Cond": "(ci.person_role_id = chn.id)", "Plans": [{"Node Type": "Nested Loop", "Parent Relationship": "Outer", "Join Type": "Inner", "Startup Cost": 60000000000.0, "Total Cost": 6000243362599.82, "Plan Rows": 7, "Plan Width": 21, "Inner Unique": true, "Join Filter": "(mc.movie_id = t.id)", "Plans": [{"Node Type": "Nested Loop", "Parent Relationship": "Outer", "Join Type": "Inner", "Startup Cost": 50000000000.0, "Total Cost": 5000231624725.14, "Plan Rows": 6, "Plan Width": 12, "Inner Unique": true, "Join Filter": "(mc.company_type_id = ct.id)", "Plans": [{"Node Type": "Nested Loop", "Parent Relationship": "Outer", "Join Type": "Inner", "Startup Cost": 40000000000.0, "Total Cost": 4000231623895.37, "Plan Rows": 6, "Plan Width": 16, "Inner Unique": false, "Join Filter": "(ci.movie_id = mc.movie_id)", "Plans": [{"Node Type": "Nested Loop", "Parent Relationship": "Outer", "Join Type": "Inner", "Startup Cost": 20000000000.0, "Total Cost": 2000211317261.91, "Plan Rows": 2027, "Plan Width": 8, "Inner Unique": true, "Join Filter": "(ci.role_id = rt.id)", "Plans": [{"Node Type": "Index Scan", "Parent Relationship": "Outer", "Scan Direction": "Forward", "Index Name": "person_role_id_cast_info", "Relation Name": "cast_info", "Alias": "ci", "Startup Cost": 10000000000.0, "Total Cost": 1000211315681.48, "Plan Rows": 22295, "Plan Width": 12, "Filter": "(((note)::text ~~ '%(voice)%'::text) AND ((note)::text ~~ '%(uncredited)%'::text))"}, {"Node Type": "Materialize", "Parent Relationship": "Inner", "Startup Cost": 10000000000.0, "Total Cost": 1000000001246.0, "Plan Rows": 1, "Plan Width": 4, "Plans": [{"Node Type": "Index Scan", "Parent Relationship": "Outer", "Scan Direction": "Forward", "Index Name": "role_type_pkey", "Relation Name": "role_type", "Alias": "rt", "Startup Cost": 10000000000.0, "Total Cost": 1000000001246.0, "Plan Rows": 1, "Plan Width": 4, "Filter": "((role)::text = 'actor'::text)"}]}]}, {"Node Type": "Materialize", "Parent Relationship": "Inner", "Startup Cost": 20000000000.0, "Total Cost": 2000020191742.41, "Plan Rows": 3779, "Plan Width": 8, "Plans": [{"Node Type": "Nested Loop", "Parent Relationship": "Outer", "Join Type": "Inner", "Startup Cost": 20000000000.0, "Total Cost": 2000020191723.52, "Plan Rows": 3779, "Plan Width": 8, "Inner Unique": true, "Join Filter": "(cn.id = mc.company_id)", "Plans": [{"Node Type": "Index Scan", "Parent Relationship": "Outer", "Scan Direction": "Forward", "Index Name": "company_type_id_movie_companies", "Relation Name": "movie_companies", "Alias": "mc", "Startup Cost": 10000000000.0, "Total Cost": 1000009318217.0, "Plan Rows": 2609128, "Plan Width": 12}, {"Node Type": "Materialize", "Parent Relationship": "Inner", "Startup Cost": 10000000000.0, "Total Cost": 1000001050140.22, "Plan Rows": 251, "Plan Width": 4, "Plans": [{"Node Type": "Index Scan", "Parent Relationship": "Outer", "Scan Direction": "Forward", "Index Name": "company_name_pkey", "Relation Name": "company_name", "Alias": "cn", "Startup Cost": 10000000000.0, "Total Cost": 1000001050138.97, "Plan Rows": 251, "Plan Width": 4, "Filter": "((country_code)::text = '[ru]'::text)"}]}]}]}]}, {"Node Type": "Materialize", "Parent Relationship": "Inner", "Startup Cost": 10000000000.0, "Total Cost": 1000000000829.52, "Plan Rows": 3, "Plan Width": 4, "Plans": [{"Node Type": "Index Only Scan", "Parent Relationship": "Outer", "Scan Direction": "Forward", "Index Name": "company_type_pkey", "Relation Name": "company_type", "Alias": "ct", "Startup Cost": 10000000000.0, "Total Cost": 1000000000829.5, "Plan Rows": 3, "Plan Width": 4}]}]}, {"Node Type": "Materialize", "Parent Relationship": "Inner", "Startup Cost": 10000000000.0, "Total Cost": 1000011649194.12, "Plan Rows": 1013492, "Plan Width": 21, "Plans": [{"Node Type": "Index Scan", "Parent Relationship": "Outer", "Scan Direction": "Forward", "Index Name": "title_pkey", "Relation Name": "title", "Alias": "t", "Startup Cost": 10000000000.0, "Total Cost": 1000011644126.66, "Plan Rows": 1013492, "Plan Width": 21, "Filter": "(production_year > 2005), (LLVM Optimized)"}]}]}, {"Node Type": "Index Scan", "Parent Relationship": "Inner", "Scan Direction": "Forward", "Index Name": "char_name_pkey", "Relation Name": "char_name", "Alias": "chn", "Startup Cost": 10000000000.0, "Total Cost": 1000012987545.51, "Plan Rows": 3140338, "Plan Width": 20}]}]}, "Unique SQL Id": 2933943827, "Planner Runtime": 40}, "explain_analyze_plan": null}, "(64, 28)": {"explain_plan": {"Plan": {"Node Type": "Aggregate", "Strategy": "Plain", "Startup Cost": 19897.43, "Total Cost": 19897.44, "Plan Rows": 1, "Plan Width": 97, "Plans": [{"Node Type": "Nested Loop", "Parent Relationship": "Outer", "Join Type": "Inner", "Startup Cost": 0.0, "Total Cost": 19897.42, "Plan Rows": 2, "Plan Width": 33, "Inner Unique": true, "Plans": [{"Node Type": "Nested Loop", "Parent Relationship": "Outer", "Join Type": "Inner", "Startup Cost": 0.0, "Total Cost": 19896.86, "Plan Rows": 2, "Plan Width": 37, "Inner Unique": true, "Plans": [{"Node Type": "Nested Loop", "Parent Relationship": "Outer", "Join Type": "Inner", "Startup Cost": 0.0, "Total Cost": 19869.97, "Plan Rows": 5, "Plan Width": 25, "Inner Unique": true, "Plans": [{"Node Type": "Nested Loop", "Parent Relationship": "Outer", "Join Type": "Inner", "Startup Cost": 0.0, "Total Cost": 19867.87, "Plan Rows": 6, "Plan Width": 16, "Inner Unique": false, "Join Filter": "(ci.role_id = rt.id)", "Plans": [{"Node Type": "Seq Scan", "Parent Relationship": "Outer", "Relation Name": "role_type", "Alias": "rt", "Startup Cost": 0.0, "Total Cost": 1.15, "Plan Rows": 1, "Plan Width": 4, "Filter": "((role)::text = 'actor'::text)"}, {"Node Type": "Nested Loop", "Parent Relationship": "Inner", "Join Type": "Inner", "Startup Cost": 0.0, "Total Cost": 19865.87, "Plan Rows": 68, "Plan Width": 20, "Inner Unique": false, "Plans": [{"Node Type": "Nested Loop", "Parent Relationship": "Outer", "Join Type": "Inner", "Startup Cost": 0.0, "Total Cost": 16121.55, "Plan Rows": 3779, "Plan Width": 8, "Inner Unique": false, "Plans": [{"Node Type": "Seq Scan", "Parent Relationship": "Outer", "Relation Name": "company_name", "Alias": "cn", "Startup Cost": 0.0, "Total Cost": 5903.45, "Plan Rows": 251, "Plan Width": 4, "Filter": "((country_code)::text = '[ru]'::text)"}, {"Node Type": "Index Scan", "Parent Relationship": "Inner", "Scan Direction": "Forward", "Index Name": "company_id_movie_companies", "Relation Name": "movie_companies", "Alias": "mc", "Startup Cost": 0.0, "Total Cost": 40.56, "Plan Rows": 15, "Plan Width": 12, "Index Cond": "(company_id = cn.id)"}]}, {"Node Type": "Index Scan", "Parent Relationship": "Inner", "Scan Direction": "Forward", "Index Name": "movie_id_cast_info", "Relation Name": "cast_info", "Alias": "ci", "Startup Cost": 0.0, "Total Cost": 0.98, "Plan Rows": 1, "Plan Width": 12, "Index Cond": "(movie_id = mc.movie_id)", "Filter": "(((note)::text ~~ '%(voice)%'::text) AND ((note)::text ~~ '%(uncredited)%'::text))"}]}]}, {"Node Type": "Index Scan", "Parent Relationship": "Inner", "Scan Direction": "Forward", "Index Name": "title_pkey", "Relation Name": "title", "Alias": "t", "Startup Cost": 0.0, "Total Cost": 0.34, "Plan Rows": 1, "Plan Width": 21, "Index Cond": "(id = mc.movie_id)", "Filter": "(production_year > 2005)"}]}, {"Node Type": "Index Scan", "Parent Relationship": "Inner", "Scan Direction": "Forward", "Index Name": "char_name_pkey", "Relation Name": "char_name", "Alias": "chn", "Startup Cost": 0.0, "Total Cost": 5.37, "Plan Rows": 1, "Plan Width": 20, "Index Cond": "(id = ci.person_role_id)"}]}, {"Node Type": "Index Scan", "Parent Relationship": "Inner", "Scan Direction": "Forward", "Index Name": "company_type_pkey", "Relation Name": "company_type", "Alias": "ct", "Startup Cost": 0.0, "Total Cost": 0.27, "Plan Rows": 1, "Plan Width": 4, "Index Cond": "(id = mc.company_type_id)"}]}]}, "Unique SQL Id": 2933943827, "Planner Runtime": 15}, "explain_analyze_plan": {"Plan": {"Node Type": "Aggregate", "Strategy": "Plain", "Startup Cost": 19897.43, "Total Cost": 19897.44, "Plan Rows": 1, "Plan Width": 97, "Actual Startup Time": 804.024, "Actual Total Time": 804.024, "Actual Rows": 1, "Actual Loops": 1, "Plans": [{"Node Type": "Nested Loop", "Parent Relationship": "Outer", "Join Type": "Inner", "Startup Cost": 0.0, "Total Cost": 19897.42, "Plan Rows": 2, "Plan Width": 33, "Actual Startup Time": 47.786, "Actual Total Time": 803.917, "Actual Rows": 18, "Actual Loops": 1, "Inner Unique": true, "Plans": [{"Node Type": "Nested Loop", "Parent Relationship": "Outer", "Join Type": "Inner", "Startup Cost": 0.0, "Total Cost": 19896.86, "Plan Rows": 2, "Plan Width": 37, "Actual Startup Time": 10.009, "Actual Total Time": 803.609, "Actual Rows": 104, "Actual Loops": 1, "Inner Unique": true, "Plans": [{"Node Type": "Nested Loop", "Parent Relationship": "Outer", "Join Type": "Inner", "Startup Cost": 0.0, "Total Cost": 19869.97, "Plan Rows": 5, "Plan Width": 25, "Actual Startup Time": 9.994, "Actual Total Time": 802.565, "Actual Rows": 112, "Actual Loops": 1, "Inner Unique": true, "Plans": [{"Node Type": "Nested Loop", "Parent Relationship": "Outer", "Join Type": "Inner", "Startup Cost": 0.0, "Total Cost": 19867.87, "Plan Rows": 6, "Plan Width": 16, "Actual Startup Time": 0.857, "Actual Total Time": 800.305, "Actual Rows": 275, "Actual Loops": 1, "Inner Unique": false, "Join Filter": "(ci.role_id = rt.id)", "Rows Removed by Join Filter": 102, "Plans": [{"Node Type": "Seq Scan", "Parent Relationship": "Outer", "Relation Name": "role_type", "Alias": "rt", "Startup Cost": 0.0, "Total Cost": 1.15, "Plan Rows": 1, "Plan Width": 4, "Actual Startup Time": 0.035, "Actual Total Time": 0.04, "Actual Rows": 1, "Actual Loops": 1, "Filter": "((role)::text = 'actor'::text)", "Rows Removed by Filter": 11}, {"Node Type": "Nested Loop", "Parent Relationship": "Inner", "Join Type": "Inner", "Startup Cost": 0.0, "Total Cost": 19865.87, "Plan Rows": 68, "Plan Width": 20, "Actual Startup Time": 0.814, "Actual Total Time": 800.006, "Actual Rows": 377, "Actual Loops": 1, "Inner Unique": false, "Plans": [{"Node Type": "Nested Loop", "Parent Relationship": "Outer", "Join Type": "Inner", "Startup Cost": 0.0, "Total Cost": 16121.55, "Plan Rows": 3779, "Plan Width": 8, "Actual Startup Time": 0.057, "Actual Total Time": 107.506, "Actual Rows": 8790, "Actual Loops": 1, "Inner Unique": false, "Plans": [{"Node Type": "Seq Scan", "Parent Relationship": "Outer", "Relation Name": "company_name", "Alias": "cn", "Startup Cost": 0.0, "Total Cost": 5903.45, "Plan Rows": 251, "Plan Width": 4, "Actual Startup Time": 0.037, "Actual Total Time": 83.104, "Actual Rows": 1361, "Actual Loops": 1, "Filter": "((country_code)::text = '[ru]'::text)", "Rows Removed by Filter": 233635}, {"Node Type": "Index Scan", "Parent Relationship": "Inner", "Scan Direction": "Forward", "Index Name": "company_id_movie_companies", "Relation Name": "movie_companies", "Alias": "mc", "Startup Cost": 0.0, "Total Cost": 40.56, "Plan Rows": 15, "Plan Width": 12, "Actual Startup Time": 8.468, "Actual Total Time": 21.018, "Actual Rows": 8790, "Actual Loops": 1361, "Index Cond": "(company_id = cn.id)", "Rows Removed by Index Recheck": 0}]}, {"Node Type": "Index Scan", "Parent Relationship": "Inner", "Scan Direction": "Forward", "Index Name": "movie_id_cast_info", "Relation Name": "cast_info", "Alias": "ci", "Startup Cost": 0.0, "Total Cost": 0.98, "Plan Rows": 1, "Plan Width": 12, "Actual Startup Time": 647.342, "Actual Total Time": 687.066, "Actual Rows": 377, "Actual Loops": 8790, "Index Cond": "(movie_id = mc.movie_id)", "Rows Removed by Index Recheck": 0, "Filter": "(((note)::text ~~ '%(voice)%'::text) AND ((note)::text ~~ '%(uncredited)%'::text))", "Rows Removed by Filter": 408168}]}]}, {"Node Type": "Index Scan", "Parent Relationship": "Inner", "Scan Direction": "Forward", "Index Name": "title_pkey", "Relation Name": "title", "Alias": "t", "Startup Cost": 0.0, "Total Cost": 0.34, "Plan Rows": 1, "Plan Width": 21, "Actual Startup Time": 1.837, "Actual Total Time": 1.837, "Actual Rows": 112, "Actual Loops": 275, "Index Cond": "(id = mc.movie_id)", "Rows Removed by Index Recheck": 0, "Filter": "(production_year > 2005)", "Rows Removed by Filter": 163}]}, {"Node Type": "Index Scan", "Parent Relationship": "Inner", "Scan Direction": "Forward", "Index Name": "char_name_pkey", "Relation Name": "char_name", "Alias": "chn", "Startup Cost": 0.0, "Total Cost": 5.37, "Plan Rows": 1, "Plan Width": 20, "Actual Startup Time": 0.803, "Actual Total Time": 0.803, "Actual Rows": 104, "Actual Loops": 112, "Index Cond": "(id = ci.person_role_id)", "Rows Removed by Index Recheck": 0}]}, {"Node Type": "Index Scan", "Parent Relationship": "Inner", "Scan Direction": "Forward", "Index Name": "company_type_pkey", "Relation Name": "company_type", "Alias": "ct", "Startup Cost": 0.0, "Total Cost": 0.27, "Plan Rows": 1, "Plan Width": 4, "Actual Startup Time": 0.179, "Actual Total Time": 0.179, "Actual Rows": 18, "Actual Loops": 104, "Index Cond": "(id = mc.company_type_id)", "Rows Removed by Index Recheck": 0}]}]}, "Triggers": [], "Planner Runtime": 7, "Total Runtime": 804.361, "Unique SQL Id": 2933943827}}, "(64, 29)": {"explain_plan": {"Plan": {"Node Type": "Aggregate", "Strategy": "Plain", "Startup Cost": 24506.67, "Total Cost": 24506.68, "Plan Rows": 1, "Plan Width": 97, "Plans": [{"Node Type": "Nested Loop", "Parent Relationship": "Outer", "Join Type": "Inner", "Startup Cost": 0.0, "Total Cost": 24506.66, "Plan Rows": 2, "Plan Width": 33, "Inner Unique": true, "Plans": [{"Node Type": "Nested Loop", "Parent Relationship": "Outer", "Join Type": "Inner", "Startup Cost": 0.0, "Total Cost": 24506.1, "Plan Rows": 2, "Plan Width": 37, "Inner Unique": true, "Plans": [{"Node Type": "Nested Loop", "Parent Relationship": "Outer", "Join Type": "Inner", "Startup Cost": 0.0, "Total Cost": 24479.22, "Plan Rows": 5, "Plan Width": 25, "Inner Unique": true, "Plans": [{"Node Type": "Nested Loop", "Parent Relationship": "Outer", "Join Type": "Inner", "Startup Cost": 0.0, "Total Cost": 24477.12, "Plan Rows": 6, "Plan Width": 16, "Inner Unique": false, "Join Filter": "(ci.role_id = rt.id)", "Plans": [{"Node Type": "Index Scan", "Parent Relationship": "Outer", "Scan Direction": "Forward", "Index Name": "role_type_pkey", "Relation Name": "role_type", "Alias": "rt", "Startup Cost": 0.0, "Total Cost": 12.46, "Plan Rows": 1, "Plan Width": 4, "Filter": "((role)::text = 'actor'::text)"}, {"Node Type": "Nested Loop", "Parent Relationship": "Inner", "Join Type": "Inner", "Startup Cost": 0.0, "Total Cost": 24463.81, "Plan Rows": 68, "Plan Width": 20, "Inner Unique": false, "Plans": [{"Node Type": "Nested Loop", "Parent Relationship": "Outer", "Join Type": "Inner", "Startup Cost": 0.0, "Total Cost": 20719.49, "Plan Rows": 3779, "Plan Width": 8, "Inner Unique": false, "Plans": [{"Node Type": "Index Scan", "Parent Relationship": "Outer", "Scan Direction": "Forward", "Index Name": "company_name_pkey", "Relation Name": "company_name", "Alias": "cn", "Startup Cost": 0.0, "Total Cost": 10501.39, "Plan Rows": 251, "Plan Width": 4, "Filter": "((country_code)::text = '[ru]'::text)"}, {"Node Type": "Index Scan", "Parent Relationship": "Inner", "Scan Direction": "Forward", "Index Name": "company_id_movie_companies", "Relation Name": "movie_companies", "Alias": "mc", "Startup Cost": 0.0, "Total Cost": 40.56, "Plan Rows": 15, "Plan Width": 12, "Index Cond": "(company_id = cn.id)"}]}, {"Node Type": "Index Scan", "Parent Relationship": "Inner", "Scan Direction": "Forward", "Index Name": "movie_id_cast_info", "Relation Name": "cast_info", "Alias": "ci", "Startup Cost": 0.0, "Total Cost": 0.98, "Plan Rows": 1, "Plan Width": 12, "Index Cond": "(movie_id = mc.movie_id)", "Filter": "(((note)::text ~~ '%(voice)%'::text) AND ((note)::text ~~ '%(uncredited)%'::text))"}]}]}, {"Node Type": "Index Scan", "Parent Relationship": "Inner", "Scan Direction": "Forward", "Index Name": "title_pkey", "Relation Name": "title", "Alias": "t", "Startup Cost": 0.0, "Total Cost": 0.34, "Plan Rows": 1, "Plan Width": 21, "Index Cond": "(id = mc.movie_id)", "Filter": "(production_year > 2005)"}]}, {"Node Type": "Index Scan", "Parent Relationship": "Inner", "Scan Direction": "Forward", "Index Name": "char_name_pkey", "Relation Name": "char_name", "Alias": "chn", "Startup Cost": 0.0, "Total Cost": 5.37, "Plan Rows": 1, "Plan Width": 20, "Index Cond": "(id = ci.person_role_id)"}]}, {"Node Type": "Index Scan", "Parent Relationship": "Inner", "Scan Direction": "Forward", "Index Name": "company_type_pkey", "Relation Name": "company_type", "Alias": "ct", "Startup Cost": 0.0, "Total Cost": 0.27, "Plan Rows": 1, "Plan Width": 4, "Index Cond": "(id = mc.company_type_id)"}]}]}, "Unique SQL Id": 2933943827, "Planner Runtime": 13}, "explain_analyze_plan": {"Plan": {"Node Type": "Aggregate", "Strategy": "Plain", "Startup Cost": 24506.67, "Total Cost": 24506.68, "Plan Rows": 1, "Plan Width": 97, "Actual Startup Time": 1075.373, "Actual Total Time": 1075.373, "Actual Rows": 1, "Actual Loops": 1, "Plans": [{"Node Type": "Nested Loop", "Parent Relationship": "Outer", "Join Type": "Inner", "Startup Cost": 0.0, "Total Cost": 24506.66, "Plan Rows": 2, "Plan Width": 33, "Actual Startup Time": 27.528, "Actual Total Time": 1075.274, "Actual Rows": 18, "Actual Loops": 1, "Inner Unique": true, "Plans": [{"Node Type": "Nested Loop", "Parent Relationship": "Outer", "Join Type": "Inner", "Startup Cost": 0.0, "Total Cost": 24506.1, "Plan Rows": 2, "Plan Width": 37, "Actual Startup Time": 21.072, "Actual Total Time": 1074.971, "Actual Rows": 104, "Actual Loops": 1, "Inner Unique": true, "Plans": [{"Node Type": "Nested Loop", "Parent Relationship": "Outer", "Join Type": "Inner", "Startup Cost": 0.0, "Total Cost": 24479.22, "Plan Rows": 5, "Plan Width": 25, "Actual Startup Time": 21.057, "Actual Total Time": 1073.844, "Actual Rows": 112, "Actual Loops": 1, "Inner Unique": true, "Plans": [{"Node Type": "Nested Loop", "Parent Relationship": "Outer", "Join Type": "Inner", "Startup Cost": 0.0, "Total Cost": 24477.12, "Plan Rows": 6, "Plan Width": 16, "Actual Startup Time": 5.969, "Actual Total Time": 1071.384, "Actual Rows": 275, "Actual Loops": 1, "Inner Unique": false, "Join Filter": "(ci.role_id = rt.id)", "Rows Removed by Join Filter": 102, "Plans": [{"Node Type": "Index Scan", "Parent Relationship": "Outer", "Scan Direction": "Forward", "Index Name": "role_type_pkey", "Relation Name": "role_type", "Alias": "rt", "Startup Cost": 0.0, "Total Cost": 12.46, "Plan Rows": 1, "Plan Width": 4, "Actual Startup Time": 0.022, "Actual Total Time": 0.034, "Actual Rows": 1, "Actual Loops": 1, "Filter": "((role)::text = 'actor'::text)", "Rows Removed by Filter": 11}, {"Node Type": "Nested Loop", "Parent Relationship": "Inner", "Join Type": "Inner", "Startup Cost": 0.0, "Total Cost": 24463.81, "Plan Rows": 68, "Plan Width": 20, "Actual Startup Time": 5.938, "Actual Total Time": 1071.055, "Actual Rows": 377, "Actual Loops": 1, "Inner Unique": false, "Plans": [{"Node Type": "Nested Loop", "Parent Relationship": "Outer", "Join Type": "Inner", "Startup Cost": 0.0, "Total Cost": 20719.49, "Plan Rows": 3779, "Plan Width": 8, "Actual Startup Time": 0.458, "Actual Total Time": 317.999, "Actual Rows": 8790, "Actual Loops": 1, "Inner Unique": false, "Plans": [{"Node Type": "Index Scan", "Parent Relationship": "Outer", "Scan Direction": "Forward", "Index Name": "company_name_pkey", "Relation Name": "company_name", "Alias": "cn", "Startup Cost": 0.0, "Total Cost": 10501.39, "Plan Rows": 251, "Plan Width": 4, "Actual Startup Time": 0.445, "Actual Total Time": 292.438, "Actual Rows": 1361, "Actual Loops": 1, "Filter": "((country_code)::text = '[ru]'::text)", "Rows Removed by Filter": 233635}, {"Node Type": "Index Scan", "Parent Relationship": "Inner", "Scan Direction": "Forward", "Index Name": "company_id_movie_companies", "Relation Name": "movie_companies", "Alias": "mc", "Startup Cost": 0.0, "Total Cost": 40.56, "Plan Rows": 15, "Plan Width": 12, "Actual Startup Time": 8.383, "Actual Total Time": 22.016, "Actual Rows": 8790, "Actual Loops": 1361, "Index Cond": "(company_id = cn.id)", "Rows Removed by Index Recheck": 0}]}, {"Node Type": "Index Scan", "Parent Relationship": "Inner", "Scan Direction": "Forward", "Index Name": "movie_id_cast_info", "Relation Name": "cast_info", "Alias": "ci", "Startup Cost": 0.0, "Total Cost": 0.98, "Plan Rows": 1, "Plan Width": 12, "Actual Startup Time": 705.089, "Actual Total Time": 747.477, "Actual Rows": 377, "Actual Loops": 8790, "Index Cond": "(movie_id = mc.movie_id)", "Rows Removed by Index Recheck": 0, "Filter": "(((note)::text ~~ '%(voice)%'::text) AND ((note)::text ~~ '%(uncredited)%'::text))", "Rows Removed by Filter": 408168}]}]}, {"Node Type": "Index Scan", "Parent Relationship": "Inner", "Scan Direction": "Forward", "Index Name": "title_pkey", "Relation Name": "title", "Alias": "t", "Startup Cost": 0.0, "Total Cost": 0.34, "Plan Rows": 1, "Plan Width": 21, "Actual Startup Time": 2.031, "Actual Total Time": 2.031, "Actual Rows": 112, "Actual Loops": 275, "Index Cond": "(id = mc.movie_id)", "Rows Removed by Index Recheck": 0, "Filter": "(production_year > 2005)", "Rows Removed by Filter": 163}]}, {"Node Type": "Index Scan", "Parent Relationship": "Inner", "Scan Direction": "Forward", "Index Name": "char_name_pkey", "Relation Name": "char_name", "Alias": "chn", "Startup Cost": 0.0, "Total Cost": 5.37, "Plan Rows": 1, "Plan Width": 20, "Actual Startup Time": 0.861, "Actual Total Time": 0.861, "Actual Rows": 104, "Actual Loops": 112, "Index Cond": "(id = ci.person_role_id)", "Rows Removed by Index Recheck": 0}]}, {"Node Type": "Index Scan", "Parent Relationship": "Inner", "Scan Direction": "Forward", "Index Name": "company_type_pkey", "Relation Name": "company_type", "Alias": "ct", "Startup Cost": 0.0, "Total Cost": 0.27, "Plan Rows": 1, "Plan Width": 4, "Actual Startup Time": 0.157, "Actual Total Time": 0.157, "Actual Rows": 18, "Actual Loops": 104, "Index Cond": "(id = mc.company_type_id)", "Rows Removed by Index Recheck": 0}]}]}, "Triggers": [], "Planner Runtime": 5, "Total Runtime": 1075.71, "Unique SQL Id": 2933943827}}, "(64, 30)": {"explain_plan": {"Plan": {"Node Type": "Aggregate", "Strategy": "Plain", "Startup Cost": 674457.81, "Total Cost": 674457.82, "Plan Rows": 1, "Plan Width": 97, "Plans": [{"Node Type": "Nested Loop", "Parent Relationship": "Outer", "Join Type": "Inner", "Startup Cost": 415197.79, "Total Cost": 674457.8, "Plan Rows": 2, "Plan Width": 33, "Inner Unique": false, "Join Filter": "(mc.company_type_id = ct.id)", "Plans": [{"Node Type": "Seq Scan", "Parent Relationship": "Outer", "Relation Name": "company_type", "Alias": "ct", "Startup Cost": 0.0, "Total Cost": 1.03, "Plan Rows": 3, "Plan Width": 4}, {"Node Type": "Materialize", "Parent Relationship": "Inner", "Startup Cost": 415197.79, "Total Cost": 674456.68, "Plan Rows": 2, "Plan Width": 37, "Plans": [{"Node Type": "Streaming(type: LOCAL GATHER dop: 1/64)", "Parent Relationship": "Outer", "Startup Cost": 415197.79, "Total Cost": 674456.67, "Plan Rows": 2, "Plan Width": 37, "Plans": [{"Node Type": "Nested Loop", "Parent Relationship": "Outer", "Join Type": "Inner", "Startup Cost": 415197.79, "Total Cost": 674456.63, "Plan Rows": 2, "Plan Width": 37, "Inner Unique": false, "Join Filter": "(mc.movie_id = t.id)", "Plans": [{"Node Type": "Seq Scan", "Parent Relationship": "Outer", "Relation Name": "title", "Alias": "t", "Startup Cost": 0.0, "Total Cost": 64037.34, "Plan Rows": 1013492, "Plan Width": 21, "Filter": "(production_year > 2005), (LLVM Optimized)"}, {"Node Type": "Materialize", "Parent Relationship": "Inner", "Startup Cost": 415197.79, "Total Cost": 609706.69, "Plan Rows": 192, "Plan Width": 28, "Plans": [{"Node Type": "Streaming(type: BROADCAST dop: 64/64)", "Parent Relationship": "Outer", "Startup Cost": 415197.79, "Total Cost": 609706.67, "Plan Rows": 192, "Plan Width": 28, "Plans": [{"Node Type": "Nested Loop", "Parent Relationship": "Outer", "Join Type": "Inner", "Startup Cost": 415197.79, "Total Cost": 546706.55, "Plan Rows": 3, "Plan Width": 28, "Inner Unique": false, "Join Filter": "(ci.person_role_id = chn.id)", "Plans": [{"Node Type": "Seq Scan", "Parent Relationship": "Outer", "Relation Name": "char_name", "Alias": "chn", "Startup Cost": 0.0, "Total Cost": 64054.58, "Plan Rows": 3140338, "Plan Width": 20}, {"Node Type": "Materialize", "Parent Relationship": "Inner", "Startup Cost": 415197.79, "Total Cost": 478235.88, "Plan Rows": 384, "Plan Width": 16, "Plans": [{"Node Type": "Streaming(type: BROADCAST dop: 64/1)", "Parent Relationship": "Outer", "Startup Cost": 415197.79, "Total Cost": 478235.85, "Plan Rows": 384, "Plan Width": 16, "Plans": [{"Node Type": "Merge Join", "Parent Relationship": "Outer", "Join Type": "Inner", "Startup Cost": 415197.79, "Total Cost": 415227.93, "Plan Rows": 6, "Plan Width": 16, "Inner Unique": false, "Merge Cond": "(ci.movie_id = mc.movie_id)", "Plans": [{"Node Type": "Sort", "Parent Relationship": "Outer", "Startup Cost": 76088.23, "Total Cost": 76093.3, "Plan Rows": 2027, "Plan Width": 8, "Sort Key": ["ci.movie_id"], "Plans": [{"Node Type": "Nested Loop", "Parent Relationship": "Outer", "Join Type": "Inner", "Startup Cost": 0.0, "Total Cost": 75976.9, "Plan Rows": 2027, "Plan Width": 8, "Inner Unique": false, "Join Filter": "(ci.role_id = rt.id)", "Plans": [{"Node Type": "Seq Scan", "Parent Relationship": "Outer", "Relation Name": "role_type", "Alias": "rt", "Startup Cost": 0.0, "Total Cost": 1.15, "Plan Rows": 1, "Plan Width": 4, "Filter": "((role)::text = 'actor'::text)"}, {"Node Type": "Materialize", "Parent Relationship": "Inner", "Startup Cost": 0.0, "Total Cost": 75752.8, "Plan Rows": 22295, "Plan Width": 12, "Plans": [{"Node Type": "Streaming(type: LOCAL GATHER dop: 1/64)", "Parent Relationship": "Outer", "Startup Cost": 0.0, "Total Cost": 75697.06, "Plan Rows": 22295, "Plan Width": 12, "Plans": [{"Node Type": "Seq Scan", "Parent Relationship": "Outer", "Relation Name": "cast_info", "Alias": "ci", "Startup Cost": 0.0, "Total Cost": 75237.12, "Plan Rows": 22295, "Plan Width": 12, "Filter": "(((note)::text ~~ '%(voice)%'::text) AND ((note)::text ~~ '%(uncredited)%'::text))"}]}]}]}]}, {"Node Type": "Sort", "Parent Relationship": "Inner", "Startup Cost": 339109.56, "Total Cost": 339119.01, "Plan Rows": 3779, "Plan Width": 8, "Sort Key": ["mc.movie_id"], "Plans": [{"Node Type": "Merge Join", "Parent Relationship": "Outer", "Join Type": "Inner", "Startup Cost": 326139.31, "Total Cost": 338885.01, "Plan Rows": 3779, "Plan Width": 8, "Inner Unique": false, "Merge Cond": "(cn.id = mc.company_id)", "Plans": [{"Node Type": "Sort", "Parent Relationship": "Outer", "Startup Cost": 5913.45, "Total Cost": 5914.08, "Plan Rows": 251, "Plan Width": 4, "Sort Key": ["cn.id"], "Plans": [{"Node Type": "Seq Scan", "Parent Relationship": "Outer", "Relation Name": "company_name", "Alias": "cn", "Startup Cost": 0.0, "Total Cost": 5903.45, "Plan Rows": 251, "Plan Width": 4, "Filter": "((country_code)::text = '[ru]'::text)"}]}, {"Node Type": "Sort", "Parent Relationship": "Inner", "Startup Cost": 319886.87, "Total Cost": 326409.69, "Plan Rows": 2609128, "Plan Width": 12, "Sort Key": ["mc.company_id"], "Plans": [{"Node Type": "Seq Scan", "Parent Relationship": "Outer", "Relation Name": "movie_companies", "Alias": "mc", "Startup Cost": 0.0, "Total Cost": 41817.28, "Plan Rows": 2609128, "Plan Width": 12}]}]}]}]}]}]}]}]}]}]}]}]}]}]}, "Unique SQL Id": 2933943827, "Planner Runtime": 19}, "explain_analyze_plan": null}, "(64, 31)": {"explain_plan": {"Plan": {"Node Type": "Aggregate", "Strategy": "Plain", "Startup Cost": 3605831579539.19, "Total Cost": 3605831579539.2, "Plan Rows": 1, "Plan Width": 97, "Plans": [{"Node Type": "Merge Join", "Parent Relationship": "Outer", "Join Type": "Inner", "Startup Cost": 70000000000.0, "Total Cost": 3605831579539.17, "Plan Rows": 4, "Plan Width": 33, "Inner Unique": true, "Merge Cond": "(ci.person_role_id = chn.id)", "Plans": [{"Node Type": "Nested Loop", "Parent Relationship": "Outer", "Join Type": "Inner", "Startup Cost": 60000000000.0, "Total Cost": 6000243362999.82, "Plan Rows": 7, "Plan Width": 21, "Inner Unique": true, "Join Filter": "(mc.movie_id = t.id)", "Plans": [{"Node Type": "Nested Loop", "Parent Relationship": "Outer", "Join Type": "Inner", "Startup Cost": 50000000000.0, "Total Cost": 5000231625125.14, "Plan Rows": 6, "Plan Width": 12, "Inner Unique": true, "Join Filter": "(mc.company_type_id = ct.id)", "Plans": [{"Node Type": "Nested Loop", "Parent Relationship": "Outer", "Join Type": "Inner", "Startup Cost": 40000000000.0, "Total Cost": 4000231623895.37, "Plan Rows": 6, "Plan Width": 16, "Inner Unique": false, "Join Filter": "(ci.movie_id = mc.movie_id)", "Plans": [{"Node Type": "Nested Loop", "Parent Relationship": "Outer", "Join Type": "Inner", "Startup Cost": 20000000000.0, "Total Cost": 2000211317261.91, "Plan Rows": 2027, "Plan Width": 8, "Inner Unique": true, "Join Filter": "(ci.role_id = rt.id)", "Plans": [{"Node Type": "Index Scan", "Parent Relationship": "Outer", "Scan Direction": "Forward", "Index Name": "person_role_id_cast_info", "Relation Name": "cast_info", "Alias": "ci", "Startup Cost": 10000000000.0, "Total Cost": 1000211315681.48, "Plan Rows": 22295, "Plan Width": 12, "Filter": "(((note)::text ~~ '%(voice)%'::text) AND ((note)::text ~~ '%(uncredited)%'::text))"}, {"Node Type": "Materialize", "Parent Relationship": "Inner", "Startup Cost": 10000000000.0, "Total Cost": 1000000001246.0, "Plan Rows": 1, "Plan Width": 4, "Plans": [{"Node Type": "Index Scan", "Parent Relationship": "Outer", "Scan Direction": "Forward", "Index Name": "role_type_pkey", "Relation Name": "role_type", "Alias": "rt", "Startup Cost": 10000000000.0, "Total Cost": 1000000001246.0, "Plan Rows": 1, "Plan Width": 4, "Filter": "((role)::text = 'actor'::text)"}]}]}, {"Node Type": "Materialize", "Parent Relationship": "Inner", "Startup Cost": 20000000000.0, "Total Cost": 2000020191742.41, "Plan Rows": 3779, "Plan Width": 8, "Plans": [{"Node Type": "Nested Loop", "Parent Relationship": "Outer", "Join Type": "Inner", "Startup Cost": 20000000000.0, "Total Cost": 2000020191723.52, "Plan Rows": 3779, "Plan Width": 8, "Inner Unique": true, "Join Filter": "(cn.id = mc.company_id)", "Plans": [{"Node Type": "Index Scan", "Parent Relationship": "Outer", "Scan Direction": "Forward", "Index Name": "company_type_id_movie_companies", "Relation Name": "movie_companies", "Alias": "mc", "Startup Cost": 10000000000.0, "Total Cost": 1000009318217.0, "Plan Rows": 2609128, "Plan Width": 12}, {"Node Type": "Materialize", "Parent Relationship": "Inner", "Startup Cost": 10000000000.0, "Total Cost": 1000001050140.22, "Plan Rows": 251, "Plan Width": 4, "Plans": [{"Node Type": "Index Scan", "Parent Relationship": "Outer", "Scan Direction": "Forward", "Index Name": "company_name_pkey", "Relation Name": "company_name", "Alias": "cn", "Startup Cost": 10000000000.0, "Total Cost": 1000001050138.97, "Plan Rows": 251, "Plan Width": 4, "Filter": "((country_code)::text = '[ru]'::text)"}]}]}]}]}, {"Node Type": "Materialize", "Parent Relationship": "Inner", "Startup Cost": 10000000000.0, "Total Cost": 1000000001229.52, "Plan Rows": 3, "Plan Width": 4, "Plans": [{"Node Type": "Index Scan", "Parent Relationship": "Outer", "Scan Direction": "Forward", "Index Name": "company_type_pkey", "Relation Name": "company_type", "Alias": "ct", "Startup Cost": 10000000000.0, "Total Cost": 1000000001229.5, "Plan Rows": 3, "Plan Width": 4}]}]}, {"Node Type": "Materialize", "Parent Relationship": "Inner", "Startup Cost": 10000000000.0, "Total Cost": 1000011649194.12, "Plan Rows": 1013492, "Plan Width": 21, "Plans": [{"Node Type": "Index Scan", "Parent Relationship": "Outer", "Scan Direction": "Forward", "Index Name": "title_pkey", "Relation Name": "title", "Alias": "t", "Startup Cost": 10000000000.0, "Total Cost": 1000011644126.66, "Plan Rows": 1013492, "Plan Width": 21, "Filter": "(production_year > 2005), (LLVM Optimized)"}]}]}, {"Node Type": "Index Scan", "Parent Relationship": "Inner", "Scan Direction": "Forward", "Index Name": "char_name_pkey", "Relation Name": "char_name", "Alias": "chn", "Startup Cost": 10000000000.0, "Total Cost": 1000012987545.51, "Plan Rows": 3140338, "Plan Width": 20}]}]}, "Unique SQL Id": 2933943827, "Planner Runtime": 39}, "explain_analyze_plan": null}, "(64, 32)": {"explain_plan": {"Plan": {"Node Type": "Aggregate", "Strategy": "Plain", "Startup Cost": 19897.43, "Total Cost": 19897.44, "Plan Rows": 1, "Plan Width": 97, "Plans": [{"Node Type": "Nested Loop", "Parent Relationship": "Outer", "Join Type": "Inner", "Startup Cost": 0.0, "Total Cost": 19897.42, "Plan Rows": 2, "Plan Width": 33, "Inner Unique": true, "Plans": [{"Node Type": "Nested Loop", "Parent Relationship": "Outer", "Join Type": "Inner", "Startup Cost": 0.0, "Total Cost": 19896.86, "Plan Rows": 2, "Plan Width": 37, "Inner Unique": true, "Plans": [{"Node Type": "Nested Loop", "Parent Relationship": "Outer", "Join Type": "Inner", "Startup Cost": 0.0, "Total Cost": 19869.97, "Plan Rows": 5, "Plan Width": 25, "Inner Unique": true, "Plans": [{"Node Type": "Nested Loop", "Parent Relationship": "Outer", "Join Type": "Inner", "Startup Cost": 0.0, "Total Cost": 19867.87, "Plan Rows": 6, "Plan Width": 16, "Inner Unique": false, "Join Filter": "(ci.role_id = rt.id)", "Plans": [{"Node Type": "Seq Scan", "Parent Relationship": "Outer", "Relation Name": "role_type", "Alias": "rt", "Startup Cost": 0.0, "Total Cost": 1.15, "Plan Rows": 1, "Plan Width": 4, "Filter": "((role)::text = 'actor'::text)"}, {"Node Type": "Nested Loop", "Parent Relationship": "Inner", "Join Type": "Inner", "Startup Cost": 0.0, "Total Cost": 19865.87, "Plan Rows": 68, "Plan Width": 20, "Inner Unique": false, "Plans": [{"Node Type": "Nested Loop", "Parent Relationship": "Outer", "Join Type": "Inner", "Startup Cost": 0.0, "Total Cost": 16121.55, "Plan Rows": 3779, "Plan Width": 8, "Inner Unique": false, "Plans": [{"Node Type": "Seq Scan", "Parent Relationship": "Outer", "Relation Name": "company_name", "Alias": "cn", "Startup Cost": 0.0, "Total Cost": 5903.45, "Plan Rows": 251, "Plan Width": 4, "Filter": "((country_code)::text = '[ru]'::text)"}, {"Node Type": "Index Scan", "Parent Relationship": "Inner", "Scan Direction": "Forward", "Index Name": "company_id_movie_companies", "Relation Name": "movie_companies", "Alias": "mc", "Startup Cost": 0.0, "Total Cost": 40.56, "Plan Rows": 15, "Plan Width": 12, "Index Cond": "(company_id = cn.id)"}]}, {"Node Type": "Index Scan", "Parent Relationship": "Inner", "Scan Direction": "Forward", "Index Name": "movie_id_cast_info", "Relation Name": "cast_info", "Alias": "ci", "Startup Cost": 0.0, "Total Cost": 0.98, "Plan Rows": 1, "Plan Width": 12, "Index Cond": "(movie_id = mc.movie_id)", "Filter": "(((note)::text ~~ '%(voice)%'::text) AND ((note)::text ~~ '%(uncredited)%'::text))"}]}]}, {"Node Type": "Index Scan", "Parent Relationship": "Inner", "Scan Direction": "Forward", "Index Name": "title_pkey", "Relation Name": "title", "Alias": "t", "Startup Cost": 0.0, "Total Cost": 0.34, "Plan Rows": 1, "Plan Width": 21, "Index Cond": "(id = mc.movie_id)", "Filter": "(production_year > 2005)"}]}, {"Node Type": "Index Scan", "Parent Relationship": "Inner", "Scan Direction": "Forward", "Index Name": "char_name_pkey", "Relation Name": "char_name", "Alias": "chn", "Startup Cost": 0.0, "Total Cost": 5.37, "Plan Rows": 1, "Plan Width": 20, "Index Cond": "(id = ci.person_role_id)"}]}, {"Node Type": "Index Only Scan", "Parent Relationship": "Inner", "Scan Direction": "Forward", "Index Name": "company_type_pkey", "Relation Name": "company_type", "Alias": "ct", "Startup Cost": 0.0, "Total Cost": 0.27, "Plan Rows": 1, "Plan Width": 4, "Index Cond": "(id = mc.company_type_id)"}]}]}, "Unique SQL Id": 2933943827, "Planner Runtime": 14}, "explain_analyze_plan": {"Plan": {"Node Type": "Aggregate", "Strategy": "Plain", "Startup Cost": 19897.43, "Total Cost": 19897.44, "Plan Rows": 1, "Plan Width": 97, "Actual Startup Time": 807.225, "Actual Total Time": 807.226, "Actual Rows": 1, "Actual Loops": 1, "Plans": [{"Node Type": "Nested Loop", "Parent Relationship": "Outer", "Join Type": "Inner", "Startup Cost": 0.0, "Total Cost": 19897.42, "Plan Rows": 2, "Plan Width": 33, "Actual Startup Time": 45.255, "Actual Total Time": 807.116, "Actual Rows": 18, "Actual Loops": 1, "Inner Unique": true, "Plans": [{"Node Type": "Nested Loop", "Parent Relationship": "Outer", "Join Type": "Inner", "Startup Cost": 0.0, "Total Cost": 19896.86, "Plan Rows": 2, "Plan Width": 37, "Actual Startup Time": 9.393, "Actual Total Time": 806.783, "Actual Rows": 104, "Actual Loops": 1, "Inner Unique": true, "Plans": [{"Node Type": "Nested Loop", "Parent Relationship": "Outer", "Join Type": "Inner", "Startup Cost": 0.0, "Total Cost": 19869.97, "Plan Rows": 5, "Plan Width": 25, "Actual Startup Time": 9.382, "Actual Total Time": 805.777, "Actual Rows": 112, "Actual Loops": 1, "Inner Unique": true, "Plans": [{"Node Type": "Nested Loop", "Parent Relationship": "Outer", "Join Type": "Inner", "Startup Cost": 0.0, "Total Cost": 19867.87, "Plan Rows": 6, "Plan Width": 16, "Actual Startup Time": 0.829, "Actual Total Time": 803.535, "Actual Rows": 275, "Actual Loops": 1, "Inner Unique": false, "Join Filter": "(ci.role_id = rt.id)", "Rows Removed by Join Filter": 102, "Plans": [{"Node Type": "Seq Scan", "Parent Relationship": "Outer", "Relation Name": "role_type", "Alias": "rt", "Startup Cost": 0.0, "Total Cost": 1.15, "Plan Rows": 1, "Plan Width": 4, "Actual Startup Time": 0.027, "Actual Total Time": 0.031, "Actual Rows": 1, "Actual Loops": 1, "Filter": "((role)::text = 'actor'::text)", "Rows Removed by Filter": 11}, {"Node Type": "Nested Loop", "Parent Relationship": "Inner", "Join Type": "Inner", "Startup Cost": 0.0, "Total Cost": 19865.87, "Plan Rows": 68, "Plan Width": 20, "Actual Startup Time": 0.793, "Actual Total Time": 803.216, "Actual Rows": 377, "Actual Loops": 1, "Inner Unique": false, "Plans": [{"Node Type": "Nested Loop", "Parent Relationship": "Outer", "Join Type": "Inner", "Startup Cost": 0.0, "Total Cost": 16121.55, "Plan Rows": 3779, "Plan Width": 8, "Actual Startup Time": 0.051, "Actual Total Time": 107.855, "Actual Rows": 8790, "Actual Loops": 1, "Inner Unique": false, "Plans": [{"Node Type": "Seq Scan", "Parent Relationship": "Outer", "Relation Name": "company_name", "Alias": "cn", "Startup Cost": 0.0, "Total Cost": 5903.45, "Plan Rows": 251, "Plan Width": 4, "Actual Startup Time": 0.033, "Actual Total Time": 82.985, "Actual Rows": 1361, "Actual Loops": 1, "Filter": "((country_code)::text = '[ru]'::text)", "Rows Removed by Filter": 233635}, {"Node Type": "Index Scan", "Parent Relationship": "Inner", "Scan Direction": "Forward", "Index Name": "company_id_movie_companies", "Relation Name": "movie_companies", "Alias": "mc", "Startup Cost": 0.0, "Total Cost": 40.56, "Plan Rows": 15, "Plan Width": 12, "Actual Startup Time": 8.733, "Actual Total Time": 21.453, "Actual Rows": 8790, "Actual Loops": 1361, "Index Cond": "(company_id = cn.id)", "Rows Removed by Index Recheck": 0}]}, {"Node Type": "Index Scan", "Parent Relationship": "Inner", "Scan Direction": "Forward", "Index Name": "movie_id_cast_info", "Relation Name": "cast_info", "Alias": "ci", "Startup Cost": 0.0, "Total Cost": 0.98, "Plan Rows": 1, "Plan Width": 12, "Actual Startup Time": 650.914, "Actual Total Time": 689.985, "Actual Rows": 377, "Actual Loops": 8790, "Index Cond": "(movie_id = mc.movie_id)", "Rows Removed by Index Recheck": 0, "Filter": "(((note)::text ~~ '%(voice)%'::text) AND ((note)::text ~~ '%(uncredited)%'::text))", "Rows Removed by Filter": 408168}]}]}, {"Node Type": "Index Scan", "Parent Relationship": "Inner", "Scan Direction": "Forward", "Index Name": "title_pkey", "Relation Name": "title", "Alias": "t", "Startup Cost": 0.0, "Total Cost": 0.34, "Plan Rows": 1, "Plan Width": 21, "Actual Startup Time": 1.834, "Actual Total Time": 1.834, "Actual Rows": 112, "Actual Loops": 275, "Index Cond": "(id = mc.movie_id)", "Rows Removed by Index Recheck": 0, "Filter": "(production_year > 2005)", "Rows Removed by Filter": 163}]}, {"Node Type": "Index Scan", "Parent Relationship": "Inner", "Scan Direction": "Forward", "Index Name": "char_name_pkey", "Relation Name": "char_name", "Alias": "chn", "Startup Cost": 0.0, "Total Cost": 5.37, "Plan Rows": 1, "Plan Width": 20, "Actual Startup Time": 0.772, "Actual Total Time": 0.772, "Actual Rows": 104, "Actual Loops": 112, "Index Cond": "(id = ci.person_role_id)", "Rows Removed by Index Recheck": 0}]}, {"Node Type": "Index Only Scan", "Parent Relationship": "Inner", "Scan Direction": "Forward", "Index Name": "company_type_pkey", "Relation Name": "company_type", "Alias": "ct", "Startup Cost": 0.0, "Total Cost": 0.27, "Plan Rows": 1, "Plan Width": 4, "Actual Startup Time": 0.201, "Actual Total Time": 0.201, "Actual Rows": 18, "Actual Loops": 104, "Index Cond": "(id = mc.company_type_id)", "Rows Removed by Index Recheck": 0, "Heap Fetches": 0}]}]}, "Triggers": [], "Planner Runtime": 6, "Total Runtime": 807.578, "Unique SQL Id": 2933943827}}, "(64, 33)": {"explain_plan": {"Plan": {"Node Type": "Aggregate", "Strategy": "Plain", "Startup Cost": 22688.03, "Total Cost": 22688.04, "Plan Rows": 1, "Plan Width": 97, "Plans": [{"Node Type": "Nested Loop", "Parent Relationship": "Outer", "Join Type": "Inner", "Startup Cost": 2779.29, "Total Cost": 22688.02, "Plan Rows": 2, "Plan Width": 33, "Inner Unique": true, "Plans": [{"Node Type": "Nested Loop", "Parent Relationship": "Outer", "Join Type": "Inner", "Startup Cost": 2779.29, "Total Cost": 22687.46, "Plan Rows": 2, "Plan Width": 37, "Inner Unique": true, "Plans": [{"Node Type": "Nested Loop", "Parent Relationship": "Outer", "Join Type": "Inner", "Startup Cost": 2779.29, "Total Cost": 22660.57, "Plan Rows": 5, "Plan Width": 25, "Inner Unique": true, "Plans": [{"Node Type": "Nested Loop", "Parent Relationship": "Outer", "Join Type": "Inner", "Startup Cost": 2779.29, "Total Cost": 22658.47, "Plan Rows": 6, "Plan Width": 16, "Inner Unique": false, "Join Filter": "(ci.role_id = rt.id)", "Plans": [{"Node Type": "Index Scan", "Parent Relationship": "Outer", "Scan Direction": "Forward", "Index Name": "role_type_pkey", "Relation Name": "role_type", "Alias": "rt", "Startup Cost": 0.0, "Total Cost": 12.46, "Plan Rows": 1, "Plan Width": 4, "Filter": "((role)::text = 'actor'::text)"}, {"Node Type": "Nested Loop", "Parent Relationship": "Inner", "Join Type": "Inner", "Startup Cost": 2779.29, "Total Cost": 22645.16, "Plan Rows": 68, "Plan Width": 20, "Inner Unique": false, "Plans": [{"Node Type": "Nested Loop", "Parent Relationship": "Outer", "Join Type": "Inner", "Startup Cost": 2779.29, "Total Cost": 18900.84, "Plan Rows": 3779, "Plan Width": 8, "Inner Unique": false, "Plans": [{"Node Type": "Bitmap Heap Scan", "Parent Relationship": "Outer", "Relation Name": "company_name", "Alias": "cn", "Startup Cost": 2779.29, "Total Cost": 8682.74, "Plan Rows": 251, "Plan Width": 4, "Filter": "((country_code)::text = '[ru]'::text)", "Plans": [{"Node Type": "Bitmap Index Scan", "Parent Relationship": "Outer", "Index Name": "company_name_pkey", "Startup Cost": 0.0, "Total Cost": 2779.23, "Plan Rows": 234996, "Plan Width": 0}]}, {"Node Type": "Index Scan", "Parent Relationship": "Inner", "Scan Direction": "Forward", "Index Name": "company_id_movie_companies", "Relation Name": "movie_companies", "Alias": "mc", "Startup Cost": 0.0, "Total Cost": 40.56, "Plan Rows": 15, "Plan Width": 12, "Index Cond": "(company_id = cn.id)"}]}, {"Node Type": "Index Scan", "Parent Relationship": "Inner", "Scan Direction": "Forward", "Index Name": "movie_id_cast_info", "Relation Name": "cast_info", "Alias": "ci", "Startup Cost": 0.0, "Total Cost": 0.98, "Plan Rows": 1, "Plan Width": 12, "Index Cond": "(movie_id = mc.movie_id)", "Filter": "(((note)::text ~~ '%(voice)%'::text) AND ((note)::text ~~ '%(uncredited)%'::text))"}]}]}, {"Node Type": "Index Scan", "Parent Relationship": "Inner", "Scan Direction": "Forward", "Index Name": "title_pkey", "Relation Name": "title", "Alias": "t", "Startup Cost": 0.0, "Total Cost": 0.34, "Plan Rows": 1, "Plan Width": 21, "Index Cond": "(id = mc.movie_id)", "Filter": "(production_year > 2005)"}]}, {"Node Type": "Index Scan", "Parent Relationship": "Inner", "Scan Direction": "Forward", "Index Name": "char_name_pkey", "Relation Name": "char_name", "Alias": "chn", "Startup Cost": 0.0, "Total Cost": 5.37, "Plan Rows": 1, "Plan Width": 20, "Index Cond": "(id = ci.person_role_id)"}]}, {"Node Type": "Index Only Scan", "Parent Relationship": "Inner", "Scan Direction": "Forward", "Index Name": "company_type_pkey", "Relation Name": "company_type", "Alias": "ct", "Startup Cost": 0.0, "Total Cost": 0.27, "Plan Rows": 1, "Plan Width": 4, "Index Cond": "(id = mc.company_type_id)"}]}]}, "Unique SQL Id": 2933943827, "Planner Runtime": 9}, "explain_analyze_plan": {"Plan": {"Node Type": "Aggregate", "Strategy": "Plain", "Startup Cost": 22688.03, "Total Cost": 22688.04, "Plan Rows": 1, "Plan Width": 97, "Actual Startup Time": 886.686, "Actual Total Time": 886.686, "Actual Rows": 1, "Actual Loops": 1, "Plans": [{"Node Type": "Nested Loop", "Parent Relationship": "Outer", "Join Type": "Inner", "Startup Cost": 2779.29, "Total Cost": 22688.02, "Plan Rows": 2, "Plan Width": 33, "Actual Startup Time": 68.107, "Actual Total Time": 886.57, "Actual Rows": 18, "Actual Loops": 1, "Inner Unique": true, "Plans": [{"Node Type": "Nested Loop", "Parent Relationship": "Outer", "Join Type": "Inner", "Startup Cost": 2779.29, "Total Cost": 22687.46, "Plan Rows": 2, "Plan Width": 37, "Actual Startup Time": 30.688, "Actual Total Time": 886.228, "Actual Rows": 104, "Actual Loops": 1, "Inner Unique": true, "Plans": [{"Node Type": "Nested Loop", "Parent Relationship": "Outer", "Join Type": "Inner", "Startup Cost": 2779.29, "Total Cost": 22660.57, "Plan Rows": 5, "Plan Width": 25, "Actual Startup Time": 30.675, "Actual Total Time": 885.174, "Actual Rows": 112, "Actual Loops": 1, "Inner Unique": true, "Plans": [{"Node Type": "Nested Loop", "Parent Relationship": "Outer", "Join Type": "Inner", "Startup Cost": 2779.29, "Total Cost": 22658.47, "Plan Rows": 6, "Plan Width": 16, "Actual Startup Time": 21.765, "Actual Total Time": 882.885, "Actual Rows": 275, "Actual Loops": 1, "Inner Unique": false, "Join Filter": "(ci.role_id = rt.id)", "Rows Removed by Join Filter": 102, "Plans": [{"Node Type": "Index Scan", "Parent Relationship": "Outer", "Scan Direction": "Forward", "Index Name": "role_type_pkey", "Relation Name": "role_type", "Alias": "rt", "Startup Cost": 0.0, "Total Cost": 12.46, "Plan Rows": 1, "Plan Width": 4, "Actual Startup Time": 0.026, "Actual Total Time": 0.036, "Actual Rows": 1, "Actual Loops": 1, "Filter": "((role)::text = 'actor'::text)", "Rows Removed by Filter": 11}, {"Node Type": "Nested Loop", "Parent Relationship": "Inner", "Join Type": "Inner", "Startup Cost": 2779.29, "Total Cost": 22645.16, "Plan Rows": 68, "Plan Width": 20, "Actual Startup Time": 21.729, "Actual Total Time": 882.549, "Actual Rows": 377, "Actual Loops": 1, "Inner Unique": false, "Plans": [{"Node Type": "Nested Loop", "Parent Relationship": "Outer", "Join Type": "Inner", "Startup Cost": 2779.29, "Total Cost": 18900.84, "Plan Rows": 3779, "Plan Width": 8, "Actual Startup Time": 20.828, "Actual Total Time": 177.333, "Actual Rows": 8790, "Actual Loops": 1, "Inner Unique": false, "Plans": [{"Node Type": "Bitmap Heap Scan", "Parent Relationship": "Outer", "Relation Name": "company_name", "Alias": "cn", "Startup Cost": 2779.29, "Total Cost": 8682.74, "Plan Rows": 251, "Plan Width": 4, "Actual Startup Time": 20.803, "Actual Total Time": 152.123, "Actual Rows": 1361, "Actual Loops": 1, "Filter": "((country_code)::text = '[ru]'::text)", "Rows Removed by Filter": 233635, "Exact Heap Blocks": 2966, "Lossy Heap Blocks": 2966, "Plans": [{"Node Type": "Bitmap Index Scan", "Parent Relationship": "Outer", "Index Name": "company_name_pkey", "Startup Cost": 0.0, "Total Cost": 2779.23, "Plan Rows": 234996, "Plan Width": 0, "Actual Startup Time": 20.317, "Actual Total Time": 20.317, "Actual Rows": 234996, "Actual Loops": 1}]}, {"Node Type": "Index Scan", "Parent Relationship": "Inner", "Scan Direction": "Forward", "Index Name": "company_id_movie_companies", "Relation Name": "movie_companies", "Alias": "mc", "Startup Cost": 0.0, "Total Cost": 40.56, "Plan Rows": 15, "Plan Width": 12, "Actual Startup Time": 8.872, "Actual Total Time": 21.76, "Actual Rows": 8790, "Actual Loops": 1361, "Index Cond": "(company_id = cn.id)", "Rows Removed by Index Recheck": 0}]}, {"Node Type": "Index Scan", "Parent Relationship": "Inner", "Scan Direction": "Forward", "Index Name": "movie_id_cast_info", "Relation Name": "cast_info", "Alias": "ci", "Startup Cost": 0.0, "Total Cost": 0.98, "Plan Rows": 1, "Plan Width": 12, "Actual Startup Time": 659.474, "Actual Total Time": 699.702, "Actual Rows": 377, "Actual Loops": 8790, "Index Cond": "(movie_id = mc.movie_id)", "Rows Removed by Index Recheck": 0, "Filter": "(((note)::text ~~ '%(voice)%'::text) AND ((note)::text ~~ '%(uncredited)%'::text))", "Rows Removed by Filter": 408168}]}]}, {"Node Type": "Index Scan", "Parent Relationship": "Inner", "Scan Direction": "Forward", "Index Name": "title_pkey", "Relation Name": "title", "Alias": "t", "Startup Cost": 0.0, "Total Cost": 0.34, "Plan Rows": 1, "Plan Width": 21, "Actual Startup Time": 1.884, "Actual Total Time": 1.884, "Actual Rows": 112, "Actual Loops": 275, "Index Cond": "(id = mc.movie_id)", "Rows Removed by Index Recheck": 0, "Filter": "(production_year > 2005)", "Rows Removed by Filter": 163}]}, {"Node Type": "Index Scan", "Parent Relationship": "Inner", "Scan Direction": "Forward", "Index Name": "char_name_pkey", "Relation Name": "char_name", "Alias": "chn", "Startup Cost": 0.0, "Total Cost": 5.37, "Plan Rows": 1, "Plan Width": 20, "Actual Startup Time": 0.829, "Actual Total Time": 0.829, "Actual Rows": 104, "Actual Loops": 112, "Index Cond": "(id = ci.person_role_id)", "Rows Removed by Index Recheck": 0}]}, {"Node Type": "Index Only Scan", "Parent Relationship": "Inner", "Scan Direction": "Forward", "Index Name": "company_type_pkey", "Relation Name": "company_type", "Alias": "ct", "Startup Cost": 0.0, "Total Cost": 0.27, "Plan Rows": 1, "Plan Width": 4, "Actual Startup Time": 0.181, "Actual Total Time": 0.181, "Actual Rows": 18, "Actual Loops": 104, "Index Cond": "(id = mc.company_type_id)", "Rows Removed by Index Recheck": 0, "Heap Fetches": 0}]}]}, "Triggers": [], "Planner Runtime": 6, "Total Runtime": 887.084, "Unique SQL Id": 2933943827}}, "(64, 34)": {"explain_plan": {"Plan": {"Node Type": "Aggregate", "Strategy": "Plain", "Startup Cost": 38342.48, "Total Cost": 38342.49, "Plan Rows": 1, "Plan Width": 97, "Plans": [{"Node Type": "Nested Loop", "Parent Relationship": "Outer", "Join Type": "Inner", "Startup Cost": 7.4, "Total Cost": 38342.47, "Plan Rows": 2, "Plan Width": 33, "Inner Unique": false, "Join Filter": "(mc.company_type_id = ct.id)", "Plans": [{"Node Type": "Seq Scan", "Parent Relationship": "Outer", "Relation Name": "company_type", "Alias": "ct", "Startup Cost": 0.0, "Total Cost": 1.03, "Plan Rows": 3, "Plan Width": 4}, {"Node Type": "Materialize", "Parent Relationship": "Inner", "Startup Cost": 7.4, "Total Cost": 38341.35, "Plan Rows": 2, "Plan Width": 37, "Plans": [{"Node Type": "Nested Loop", "Parent Relationship": "Outer", "Join Type": "Inner", "Startup Cost": 7.4, "Total Cost": 38341.34, "Plan Rows": 2, "Plan Width": 37, "Inner Unique": true, "Plans": [{"Node Type": "Nested Loop", "Parent Relationship": "Outer", "Join Type": "Inner", "Startup Cost": 7.13, "Total Cost": 38328.45, "Plan Rows": 3, "Plan Width": 28, "Inner Unique": true, "Plans": [{"Node Type": "Nested Loop", "Parent Relationship": "Outer", "Join Type": "Inner", "Startup Cost": 4.83, "Total Cost": 38290.52, "Plan Rows": 6, "Plan Width": 16, "Inner Unique": false, "Join Filter": "(ci.role_id = rt.id)", "Plans": [{"Node Type": "Seq Scan", "Parent Relationship": "Outer", "Relation Name": "role_type", "Alias": "rt", "Startup Cost": 0.0, "Total Cost": 1.15, "Plan Rows": 1, "Plan Width": 4, "Filter": "((role)::text = 'actor'::text)"}, {"Node Type": "Nested Loop", "Parent Relationship": "Inner", "Join Type": "Inner", "Startup Cost": 4.83, "Total Cost": 38288.52, "Plan Rows": 68, "Plan Width": 20, "Inner Unique": false, "Plans": [{"Node Type": "Nested Loop", "Parent Relationship": "Outer", "Join Type": "Inner", "Startup Cost": 4.32, "Total Cost": 20813.55, "Plan Rows": 3779, "Plan Width": 8, "Inner Unique": false, "Plans": [{"Node Type": "Seq Scan", "Parent Relationship": "Outer", "Relation Name": "company_name", "Alias": "cn", "Startup Cost": 0.0, "Total Cost": 5903.45, "Plan Rows": 251, "Plan Width": 4, "Filter": "((country_code)::text = '[ru]'::text)"}, {"Node Type": "Bitmap Heap Scan", "Parent Relationship": "Inner", "Relation Name": "movie_companies", "Alias": "mc", "Startup Cost": 4.32, "Total Cost": 59.25, "Plan Rows": 15, "Plan Width": 12, "Recheck Cond": "(company_id = cn.id)", "Plans": [{"Node Type": "Bitmap Index Scan", "Parent Relationship": "Outer", "Index Name": "company_id_movie_companies", "Startup Cost": 0.0, "Total Cost": 4.31, "Plan Rows": 15, "Plan Width": 0, "Index Cond": "(company_id = cn.id)"}]}]}, {"Node Type": "Bitmap Heap Scan", "Parent Relationship": "Inner", "Relation Name": "cast_info", "Alias": "ci", "Startup Cost": 0.51, "Total Cost": 4.61, "Plan Rows": 1, "Plan Width": 12, "Recheck Cond": "(movie_id = mc.movie_id)", "Filter": "(((note)::text ~~ '%(voice)%'::text) AND ((note)::text ~~ '%(uncredited)%'::text))", "Plans": [{"Node Type": "Bitmap Index Scan", "Parent Relationship": "Outer", "Index Name": "movie_id_cast_info", "Startup Cost": 0.0, "Total Cost": 0.51, "Plan Rows": 6, "Plan Width": 0, "Index Cond": "(movie_id = mc.movie_id)"}]}]}]}, {"Node Type": "Bitmap Heap Scan", "Parent Relationship": "Inner", "Relation Name": "char_name", "Alias": "chn", "Startup Cost": 2.3, "Total Cost": 6.31, "Plan Rows": 1, "Plan Width": 20, "Recheck Cond": "(id = ci.person_role_id)", "Plans": [{"Node Type": "Bitmap Index Scan", "Parent Relationship": "Outer", "Index Name": "char_name_pkey", "Startup Cost": 0.0, "Total Cost": 2.3, "Plan Rows": 1, "Plan Width": 0, "Index Cond": "(id = ci.person_role_id)"}]}]}, {"Node Type": "Bitmap Heap Scan", "Parent Relationship": "Inner", "Relation Name": "title", "Alias": "t", "Startup Cost": 0.27, "Total Cost": 4.29, "Plan Rows": 1, "Plan Width": 21, "Recheck Cond": "(id = mc.movie_id)", "Filter": "(production_year > 2005)", "Plans": [{"Node Type": "Bitmap Index Scan", "Parent Relationship": "Outer", "Index Name": "title_pkey", "Startup Cost": 0.0, "Total Cost": 0.27, "Plan Rows": 1, "Plan Width": 0, "Index Cond": "(id = mc.movie_id)"}]}]}]}]}]}, "Unique SQL Id": 2933943827, "Planner Runtime": 27}, "explain_analyze_plan": {"Plan": {"Node Type": "Aggregate", "Strategy": "Plain", "Startup Cost": 38342.48, "Total Cost": 38342.49, "Plan Rows": 1, "Plan Width": 97, "Actual Startup Time": 1053.545, "Actual Total Time": 1053.545, "Actual Rows": 1, "Actual Loops": 1, "Plans": [{"Node Type": "Nested Loop", "Parent Relationship": "Outer", "Join Type": "Inner", "Startup Cost": 7.4, "Total Cost": 38342.47, "Plan Rows": 2, "Plan Width": 33, "Actual Startup Time": 58.944, "Actual Total Time": 1053.444, "Actual Rows": 18, "Actual Loops": 1, "Inner Unique": false, "Join Filter": "(mc.company_type_id = ct.id)", "Rows Removed by Join Filter": 294, "Plans": [{"Node Type": "Seq Scan", "Parent Relationship": "Outer", "Relation Name": "company_type", "Alias": "ct", "Startup Cost": 0.0, "Total Cost": 1.03, "Plan Rows": 3, "Plan Width": 4, "Actual Startup Time": 0.016, "Actual Total Time": 0.018, "Actual Rows": 3, "Actual Loops": 1}, {"Node Type": "Materialize", "Parent Relationship": "Inner", "Startup Cost": 7.4, "Total Cost": 38341.35, "Plan Rows": 2, "Plan Width": 37, "Actual Startup Time": 12.262, "Actual Total Time": 1053.269, "Actual Rows": 312, "Actual Loops": 3, "Plans": [{"Node Type": "Nested Loop", "Parent Relationship": "Outer", "Join Type": "Inner", "Startup Cost": 7.4, "Total Cost": 38341.34, "Plan Rows": 2, "Plan Width": 37, "Actual Startup Time": 12.255, "Actual Total Time": 1053.029, "Actual Rows": 104, "Actual Loops": 1, "Inner Unique": true, "Plans": [{"Node Type": "Nested Loop", "Parent Relationship": "Outer", "Join Type": "Inner", "Startup Cost": 7.13, "Total Cost": 38328.45, "Plan Rows": 3, "Plan Width": 28, "Actual Startup Time": 1.092, "Actual Total Time": 1050.343, "Actual Rows": 265, "Actual Loops": 1, "Inner Unique": true, "Plans": [{"Node Type": "Nested Loop", "Parent Relationship": "Outer", "Join Type": "Inner", "Startup Cost": 4.83, "Total Cost": 38290.52, "Plan Rows": 6, "Plan Width": 16, "Actual Startup Time": 1.071, "Actual Total Time": 1047.151, "Actual Rows": 275, "Actual Loops": 1, "Inner Unique": false, "Join Filter": "(ci.role_id = rt.id)", "Rows Removed by Join Filter": 102, "Plans": [{"Node Type": "Seq Scan", "Parent Relationship": "Outer", "Relation Name": "role_type", "Alias": "rt", "Startup Cost": 0.0, "Total Cost": 1.15, "Plan Rows": 1, "Plan Width": 4, "Actual Startup Time": 0.016, "Actual Total Time": 0.024, "Actual Rows": 1, "Actual Loops": 1, "Filter": "((role)::text = 'actor'::text)", "Rows Removed by Filter": 11}, {"Node Type": "Nested Loop", "Parent Relationship": "Inner", "Join Type": "Inner", "Startup Cost": 4.83, "Total Cost": 38288.52, "Plan Rows": 68, "Plan Width": 20, "Actual Startup Time": 1.033, "Actual Total Time": 1046.789, "Actual Rows": 377, "Actual Loops": 1, "Inner Unique": false, "Plans": [{"Node Type": "Nested Loop", "Parent Relationship": "Outer", "Join Type": "Inner", "Startup Cost": 4.32, "Total Cost": 20813.55, "Plan Rows": 3779, "Plan Width": 8, "Actual Startup Time": 0.089, "Actual Total Time": 117.624, "Actual Rows": 8790, "Actual Loops": 1, "Inner Unique": false, "Plans": [{"Node Type": "Seq Scan", "Parent Relationship": "Outer", "Relation Name": "company_name", "Alias": "cn", "Startup Cost": 0.0, "Total Cost": 5903.45, "Plan Rows": 251, "Plan Width": 4, "Actual Startup Time": 0.044, "Actual Total Time": 83.442, "Actual Rows": 1361, "Actual Loops": 1, "Filter": "((country_code)::text = '[ru]'::text)", "Rows Removed by Filter": 233635}, {"Node Type": "Bitmap Heap Scan", "Parent Relationship": "Inner", "Relation Name": "movie_companies", "Alias": "mc", "Startup Cost": 4.32, "Total Cost": 59.25, "Plan Rows": 15, "Plan Width": 12, "Actual Startup Time": 14.335, "Actual Total Time": 29.299, "Actual Rows": 8790, "Actual Loops": 1361, "Recheck Cond": "(company_id = cn.id)", "Rows Removed by Index Recheck": 0, "Exact Heap Blocks": 7155, "Lossy Heap Blocks": 7155, "Plans": [{"Node Type": "Bitmap Index Scan", "Parent Relationship": "Outer", "Index Name": "company_id_movie_companies", "Startup Cost": 0.0, "Total Cost": 4.31, "Plan Rows": 15, "Plan Width": 0, "Actual Startup Time": 9.029, "Actual Total Time": 9.029, "Actual Rows": 8790, "Actual Loops": 1361, "Index Cond": "(company_id = cn.id)"}]}]}, {"Node Type": "Bitmap Heap Scan", "Parent Relationship": "Inner", "Relation Name": "cast_info", "Alias": "ci", "Startup Cost": 0.51, "Total Cost": 4.61, "Plan Rows": 1, "Plan Width": 12, "Actual Startup Time": 866.656, "Actual Total Time": 913.153, "Actual Rows": 377, "Actual Loops": 8790, "Recheck Cond": "(movie_id = mc.movie_id)", "Rows Removed by Index Recheck": 0, "Filter": "(((note)::text ~~ '%(voice)%'::text) AND ((note)::text ~~ '%(uncredited)%'::text))", "Rows Removed by Filter": 408168, "Exact Heap Blocks": 397651, "Lossy Heap Blocks": 397651, "Plans": [{"Node Type": "Bitmap Index Scan", "Parent Relationship": "Outer", "Index Name": "movie_id_cast_info", "Startup Cost": 0.0, "Total Cost": 0.51, "Plan Rows": 6, "Plan Width": 0, "Actual Startup Time": 123.916, "Actual Total Time": 123.916, "Actual Rows": 408545, "Actual Loops": 8790, "Index Cond": "(movie_id = mc.movie_id)"}]}]}]}, {"Node Type": "Bitmap Heap Scan", "Parent Relationship": "Inner", "Relation Name": "char_name", "Alias": "chn", "Startup Cost": 2.3, "Total Cost": 6.31, "Plan Rows": 1, "Plan Width": 20, "Actual Startup Time": 2.44, "Actual Total Time": 2.44, "Actual Rows": 265, "Actual Loops": 275, "Recheck Cond": "(id = ci.person_role_id)", "Rows Removed by Index Recheck": 0, "Exact Heap Blocks": 265, "Lossy Heap Blocks": 265, "Plans": [{"Node Type": "Bitmap Index Scan", "Parent Relationship": "Outer", "Index Name": "char_name_pkey", "Startup Cost": 0.0, "Total Cost": 2.3, "Plan Rows": 1, "Plan Width": 0, "Actual Startup Time": 1.617, "Actual Total Time": 1.617, "Actual Rows": 265, "Actual Loops": 275, "Index Cond": "(id = ci.person_role_id)"}]}]}, {"Node Type": "Bitmap Heap Scan", "Parent Relationship": "Inner", "Relation Name": "title", "Alias": "t", "Startup Cost": 0.27, "Total Cost": 4.29, "Plan Rows": 1, "Plan Width": 21, "Actual Startup Time": 2.108, "Actual Total Time": 2.108, "Actual Rows": 104, "Actual Loops": 265, "Recheck Cond": "(id = mc.movie_id)", "Rows Removed by Index Recheck": 0, "Filter": "(production_year > 2005)", "Rows Removed by Filter": 161, "Exact Heap Blocks": 265, "Lossy Heap Blocks": 265, "Plans": [{"Node Type": "Bitmap Index Scan", "Parent Relationship": "Outer", "Index Name": "title_pkey", "Startup Cost": 0.0, "Total Cost": 0.27, "Plan Rows": 1, "Plan Width": 0, "Actual Startup Time": 1.253, "Actual Total Time": 1.253, "Actual Rows": 265, "Actual Loops": 265, "Index Cond": "(id = mc.movie_id)"}]}]}]}]}]}, "Triggers": [], "Planner Runtime": 16, "Total Runtime": 1054.095, "Unique SQL Id": 2933943827}}, "(64, 35)": {"explain_plan": {"Plan": {"Node Type": "Aggregate", "Strategy": "Plain", "Startup Cost": 41418.46, "Total Cost": 41418.47, "Plan Rows": 1, "Plan Width": 97, "Plans": [{"Node Type": "Nested Loop", "Parent Relationship": "Outer", "Join Type": "Inner", "Startup Cost": 2787.21, "Total Cost": 41418.45, "Plan Rows": 2, "Plan Width": 33, "Inner Unique": true, "Plans": [{"Node Type": "Nested Loop", "Parent Relationship": "Outer", "Join Type": "Inner", "Startup Cost": 2786.95, "Total Cost": 41409.89, "Plan Rows": 2, "Plan Width": 37, "Inner Unique": true, "Plans": [{"Node Type": "Nested Loop", "Parent Relationship": "Outer", "Join Type": "Inner", "Startup Cost": 2786.68, "Total Cost": 41397.0, "Plan Rows": 3, "Plan Width": 28, "Inner Unique": true, "Plans": [{"Node Type": "Nested Loop", "Parent Relationship": "Outer", "Join Type": "Inner", "Startup Cost": 2784.38, "Total Cost": 41359.07, "Plan Rows": 6, "Plan Width": 16, "Inner Unique": true, "Plans": [{"Node Type": "Nested Loop", "Parent Relationship": "Outer", "Join Type": "Inner", "Startup Cost": 2784.12, "Total Cost": 41067.82, "Plan Rows": 68, "Plan Width": 20, "Inner Unique": false, "Plans": [{"Node Type": "Nested Loop", "Parent Relationship": "Outer", "Join Type": "Inner", "Startup Cost": 2783.61, "Total Cost": 23592.84, "Plan Rows": 3779, "Plan Width": 8, "Inner Unique": false, "Plans": [{"Node Type": "Bitmap Heap Scan", "Parent Relationship": "Outer", "Relation Name": "company_name", "Alias": "cn", "Startup Cost": 2779.29, "Total Cost": 8682.74, "Plan Rows": 251, "Plan Width": 4, "Filter": "((country_code)::text = '[ru]'::text)", "Plans": [{"Node Type": "Bitmap Index Scan", "Parent Relationship": "Outer", "Index Name": "company_name_pkey", "Startup Cost": 0.0, "Total Cost": 2779.23, "Plan Rows": 234996, "Plan Width": 0}]}, {"Node Type": "Bitmap Heap Scan", "Parent Relationship": "Inner", "Relation Name": "movie_companies", "Alias": "mc", "Startup Cost": 4.32, "Total Cost": 59.25, "Plan Rows": 15, "Plan Width": 12, "Recheck Cond": "(company_id = cn.id)", "Plans": [{"Node Type": "Bitmap Index Scan", "Parent Relationship": "Outer", "Index Name": "company_id_movie_companies", "Startup Cost": 0.0, "Total Cost": 4.31, "Plan Rows": 15, "Plan Width": 0, "Index Cond": "(company_id = cn.id)"}]}]}, {"Node Type": "Bitmap Heap Scan", "Parent Relationship": "Inner", "Relation Name": "cast_info", "Alias": "ci", "Startup Cost": 0.51, "Total Cost": 4.61, "Plan Rows": 1, "Plan Width": 12, "Recheck Cond": "(movie_id = mc.movie_id)", "Filter": "(((note)::text ~~ '%(voice)%'::text) AND ((note)::text ~~ '%(uncredited)%'::text))", "Plans": [{"Node Type": "Bitmap Index Scan", "Parent Relationship": "Outer", "Index Name": "movie_id_cast_info", "Startup Cost": 0.0, "Total Cost": 0.51, "Plan Rows": 6, "Plan Width": 0, "Index Cond": "(movie_id = mc.movie_id)"}]}]}, {"Node Type": "Bitmap Heap Scan", "Parent Relationship": "Inner", "Relation Name": "role_type", "Alias": "rt", "Startup Cost": 0.26, "Total Cost": 4.27, "Plan Rows": 1, "Plan Width": 4, "Recheck Cond": "(id = ci.role_id)", "Filter": "((role)::text = 'actor'::text)", "Plans": [{"Node Type": "Bitmap Index Scan", "Parent Relationship": "Outer", "Index Name": "role_type_pkey", "Startup Cost": 0.0, "Total Cost": 0.26, "Plan Rows": 1, "Plan Width": 0, "Index Cond": "(id = ci.role_id)"}]}]}, {"Node Type": "Bitmap Heap Scan", "Parent Relationship": "Inner", "Relation Name": "char_name", "Alias": "chn", "Startup Cost": 2.3, "Total Cost": 6.31, "Plan Rows": 1, "Plan Width": 20, "Recheck Cond": "(id = ci.person_role_id)", "Plans": [{"Node Type": "Bitmap Index Scan", "Parent Relationship": "Outer", "Index Name": "char_name_pkey", "Startup Cost": 0.0, "Total Cost": 2.3, "Plan Rows": 1, "Plan Width": 0, "Index Cond": "(id = ci.person_role_id)"}]}]}, {"Node Type": "Bitmap Heap Scan", "Parent Relationship": "Inner", "Relation Name": "title", "Alias": "t", "Startup Cost": 0.27, "Total Cost": 4.29, "Plan Rows": 1, "Plan Width": 21, "Recheck Cond": "(id = mc.movie_id)", "Filter": "(production_year > 2005)", "Plans": [{"Node Type": "Bitmap Index Scan", "Parent Relationship": "Outer", "Index Name": "title_pkey", "Startup Cost": 0.0, "Total Cost": 0.27, "Plan Rows": 1, "Plan Width": 0, "Index Cond": "(id = mc.movie_id)"}]}]}, {"Node Type": "Bitmap Heap Scan", "Parent Relationship": "Inner", "Relation Name": "company_type", "Alias": "ct", "Startup Cost": 0.26, "Total Cost": 4.27, "Plan Rows": 1, "Plan Width": 4, "Recheck Cond": "(id = mc.company_type_id)", "Plans": [{"Node Type": "Bitmap Index Scan", "Parent Relationship": "Outer", "Index Name": "company_type_pkey", "Startup Cost": 0.0, "Total Cost": 0.26, "Plan Rows": 1, "Plan Width": 0, "Index Cond": "(id = mc.company_type_id)"}]}]}]}, "Unique SQL Id": 2933943827, "Planner Runtime": 10}, "explain_analyze_plan": {"Plan": {"Node Type": "Aggregate", "Strategy": "Plain", "Startup Cost": 41418.46, "Total Cost": 41418.47, "Plan Rows": 1, "Plan Width": 97, "Actual Startup Time": 1353.636, "Actual Total Time": 1353.637, "Actual Rows": 1, "Actual Loops": 1, "Plans": [{"Node Type": "Nested Loop", "Parent Relationship": "Outer", "Join Type": "Inner", "Startup Cost": 2787.21, "Total Cost": 41418.45, "Plan Rows": 2, "Plan Width": 33, "Actual Startup Time": 107.21, "Actual Total Time": 1353.521, "Actual Rows": 18, "Actual Loops": 1, "Inner Unique": true, "Plans": [{"Node Type": "Nested Loop", "Parent Relationship": "Outer", "Join Type": "Inner", "Startup Cost": 2786.95, "Total Cost": 41409.89, "Plan Rows": 2, "Plan Width": 37, "Actual Startup Time": 37.769, "Actual Total Time": 1352.989, "Actual Rows": 104, "Actual Loops": 1, "Inner Unique": true, "Plans": [{"Node Type": "Nested Loop", "Parent Relationship": "Outer", "Join Type": "Inner", "Startup Cost": 2786.68, "Total Cost": 41397.0, "Plan Rows": 3, "Plan Width": 28, "Actual Startup Time": 23.05, "Actual Total Time": 1349.829, "Actual Rows": 265, "Actual Loops": 1, "Inner Unique": true, "Plans": [{"Node Type": "Nested Loop", "Parent Relationship": "Outer", "Join Type": "Inner", "Startup Cost": 2784.38, "Total Cost": 41359.07, "Plan Rows": 6, "Plan Width": 16, "Actual Startup Time": 23.037, "Actual Total Time": 1346.368, "Actual Rows": 275, "Actual Loops": 1, "Inner Unique": true, "Plans": [{"Node Type": "Nested Loop", "Parent Relationship": "Outer", "Join Type": "Inner", "Startup Cost": 2784.12, "Total Cost": 41067.82, "Plan Rows": 68, "Plan Width": 20, "Actual Startup Time": 23.026, "Actual Total Time": 1343.783, "Actual Rows": 377, "Actual Loops": 1, "Inner Unique": false, "Plans": [{"Node Type": "Nested Loop", "Parent Relationship": "Outer", "Join Type": "Inner", "Startup Cost": 2783.61, "Total Cost": 23592.84, "Plan Rows": 3779, "Plan Width": 8, "Actual Startup Time": 21.943, "Actual Total Time": 182.966, "Actual Rows": 8790, "Actual Loops": 1, "Inner Unique": false, "Plans": [{"Node Type": "Bitmap Heap Scan", "Parent Relationship": "Outer", "Relation Name": "company_name", "Alias": "cn", "Startup Cost": 2779.29, "Total Cost": 8682.74, "Plan Rows": 251, "Plan Width": 4, "Actual Startup Time": 21.91, "Actual Total Time": 145.563, "Actual Rows": 1361, "Actual Loops": 1, "Filter": "((country_code)::text = '[ru]'::text)", "Rows Removed by Filter": 233635, "Exact Heap Blocks": 2966, "Lossy Heap Blocks": 2966, "Plans": [{"Node Type": "Bitmap Index Scan", "Parent Relationship": "Outer", "Index Name": "company_name_pkey", "Startup Cost": 0.0, "Total Cost": 2779.23, "Plan Rows": 234996, "Plan Width": 0, "Actual Startup Time": 21.441, "Actual Total Time": 21.441, "Actual Rows": 234996, "Actual Loops": 1}]}, {"Node Type": "Bitmap Heap Scan", "Parent Relationship": "Inner", "Relation Name": "movie_companies", "Alias": "mc", "Startup Cost": 4.32, "Total Cost": 59.25, "Plan Rows": 15, "Plan Width": 12, "Actual Startup Time": 15.259, "Actual Total Time": 32.516, "Actual Rows": 8790, "Actual Loops": 1361, "Recheck Cond": "(company_id = cn.id)", "Rows Removed by Index Recheck": 0, "Exact Heap Blocks": 7155, "Lossy Heap Blocks": 7155, "Plans": [{"Node Type": "Bitmap Index Scan", "Parent Relationship": "Outer", "Index Name": "company_id_movie_companies", "Startup Cost": 0.0, "Total Cost": 4.31, "Plan Rows": 15, "Plan Width": 0, "Actual Startup Time": 9.3, "Actual Total Time": 9.3, "Actual Rows": 8790, "Actual Loops": 1361, "Index Cond": "(company_id = cn.id)"}]}]}, {"Node Type": "Bitmap Heap Scan", "Parent Relationship": "Inner", "Relation Name": "cast_info", "Alias": "ci", "Startup Cost": 0.51, "Total Cost": 4.61, "Plan Rows": 1, "Plan Width": 12, "Actual Startup Time": 1080.605, "Actual Total Time": 1145.055, "Actual Rows": 377, "Actual Loops": 8790, "Recheck Cond": "(movie_id = mc.movie_id)", "Rows Removed by Index Recheck": 0, "Filter": "(((note)::text ~~ '%(voice)%'::text) AND ((note)::text ~~ '%(uncredited)%'::text))", "Rows Removed by Filter": 408168, "Exact Heap Blocks": 397651, "Lossy Heap Blocks": 397651, "Plans": [{"Node Type": "Bitmap Index Scan", "Parent Relationship": "Outer", "Index Name": "movie_id_cast_info", "Startup Cost": 0.0, "Total Cost": 0.51, "Plan Rows": 6, "Plan Width": 0, "Actual Startup Time": 134.176, "Actual Total Time": 134.176, "Actual Rows": 408545, "Actual Loops": 8790, "Index Cond": "(movie_id = mc.movie_id)"}]}]}, {"Node Type": "Bitmap Heap Scan", "Parent Relationship": "Inner", "Relation Name": "role_type", "Alias": "rt", "Startup Cost": 0.26, "Total Cost": 4.27, "Plan Rows": 1, "Plan Width": 4, "Actual Startup Time": 1.653, "Actual Total Time": 1.653, "Actual Rows": 275, "Actual Loops": 377, "Recheck Cond": "(id = ci.role_id)", "Rows Removed by Index Recheck": 0, "Filter": "((role)::text = 'actor'::text)", "Rows Removed by Filter": 102, "Exact Heap Blocks": 377, "Lossy Heap Blocks": 377, "Plans": [{"Node Type": "Bitmap Index Scan", "Parent Relationship": "Outer", "Index Name": "role_type_pkey", "Startup Cost": 0.0, "Total Cost": 0.26, "Plan Rows": 1, "Plan Width": 0, "Actual Startup Time": 0.619, "Actual Total Time": 0.619, "Actual Rows": 377, "Actual Loops": 377, "Index Cond": "(id = ci.role_id)"}]}]}, {"Node Type": "Bitmap Heap Scan", "Parent Relationship": "Inner", "Relation Name": "char_name", "Alias": "chn", "Startup Cost": 2.3, "Total Cost": 6.31, "Plan Rows": 1, "Plan Width": 20, "Actual Startup Time": 2.76, "Actual Total Time": 2.76, "Actual Rows": 265, "Actual Loops": 275, "Recheck Cond": "(id = ci.person_role_id)", "Rows Removed by Index Recheck": 0, "Exact Heap Blocks": 265, "Lossy Heap Blocks": 265, "Plans": [{"Node Type": "Bitmap Index Scan", "Parent Relationship": "Outer", "Index Name": "char_name_pkey", "Startup Cost": 0.0, "Total Cost": 2.3, "Plan Rows": 1, "Plan Width": 0, "Actual Startup Time": 1.81, "Actual Total Time": 1.81, "Actual Rows": 265, "Actual Loops": 275, "Index Cond": "(id = ci.person_role_id)"}]}]}, {"Node Type": "Bitmap Heap Scan", "Parent Relationship": "Inner", "Relation Name": "title", "Alias": "t", "Startup Cost": 0.27, "Total Cost": 4.29, "Plan Rows": 1, "Plan Width": 21, "Actual Startup Time": 2.584, "Actual Total Time": 2.584, "Actual Rows": 104, "Actual Loops": 265, "Recheck Cond": "(id = mc.movie_id)", "Rows Removed by Index Recheck": 0, "Filter": "(production_year > 2005)", "Rows Removed by Filter": 161, "Exact Heap Blocks": 265, "Lossy Heap Blocks": 265, "Plans": [{"Node Type": "Bitmap Index Scan", "Parent Relationship": "Outer", "Index Name": "title_pkey", "Startup Cost": 0.0, "Total Cost": 0.27, "Plan Rows": 1, "Plan Width": 0, "Actual Startup Time": 1.613, "Actual Total Time": 1.613, "Actual Rows": 265, "Actual Loops": 265, "Index Cond": "(id = mc.movie_id)"}]}]}, {"Node Type": "Bitmap Heap Scan", "Parent Relationship": "Inner", "Relation Name": "company_type", "Alias": "ct", "Startup Cost": 0.26, "Total Cost": 4.27, "Plan Rows": 1, "Plan Width": 4, "Actual Startup Time": 0.288, "Actual Total Time": 0.288, "Actual Rows": 18, "Actual Loops": 104, "Recheck Cond": "(id = mc.company_type_id)", "Rows Removed by Index Recheck": 0, "Exact Heap Blocks": 18, "Lossy Heap Blocks": 18, "Plans": [{"Node Type": "Bitmap Index Scan", "Parent Relationship": "Outer", "Index Name": "company_type_pkey", "Startup Cost": 0.0, "Total Cost": 0.26, "Plan Rows": 1, "Plan Width": 0, "Actual Startup Time": 0.156, "Actual Total Time": 0.156, "Actual Rows": 18, "Actual Loops": 104, "Index Cond": "(id = mc.company_type_id)"}]}]}]}, "Triggers": [], "Planner Runtime": 6, "Total Runtime": 1354.082, "Unique SQL Id": 2933943827}}, "(64, 36)": {"explain_plan": {"Plan": {"Node Type": "Aggregate", "Strategy": "Plain", "Startup Cost": 19897.43, "Total Cost": 19897.44, "Plan Rows": 1, "Plan Width": 97, "Plans": [{"Node Type": "Nested Loop", "Parent Relationship": "Outer", "Join Type": "Inner", "Startup Cost": 0.0, "Total Cost": 19897.42, "Plan Rows": 2, "Plan Width": 33, "Inner Unique": true, "Plans": [{"Node Type": "Nested Loop", "Parent Relationship": "Outer", "Join Type": "Inner", "Startup Cost": 0.0, "Total Cost": 19896.86, "Plan Rows": 2, "Plan Width": 37, "Inner Unique": true, "Plans": [{"Node Type": "Nested Loop", "Parent Relationship": "Outer", "Join Type": "Inner", "Startup Cost": 0.0, "Total Cost": 19869.97, "Plan Rows": 5, "Plan Width": 25, "Inner Unique": true, "Plans": [{"Node Type": "Nested Loop", "Parent Relationship": "Outer", "Join Type": "Inner", "Startup Cost": 0.0, "Total Cost": 19867.87, "Plan Rows": 6, "Plan Width": 16, "Inner Unique": false, "Join Filter": "(ci.role_id = rt.id)", "Plans": [{"Node Type": "Seq Scan", "Parent Relationship": "Outer", "Relation Name": "role_type", "Alias": "rt", "Startup Cost": 0.0, "Total Cost": 1.15, "Plan Rows": 1, "Plan Width": 4, "Filter": "((role)::text = 'actor'::text)"}, {"Node Type": "Nested Loop", "Parent Relationship": "Inner", "Join Type": "Inner", "Startup Cost": 0.0, "Total Cost": 19865.87, "Plan Rows": 68, "Plan Width": 20, "Inner Unique": false, "Plans": [{"Node Type": "Nested Loop", "Parent Relationship": "Outer", "Join Type": "Inner", "Startup Cost": 0.0, "Total Cost": 16121.55, "Plan Rows": 3779, "Plan Width": 8, "Inner Unique": false, "Plans": [{"Node Type": "Seq Scan", "Parent Relationship": "Outer", "Relation Name": "company_name", "Alias": "cn", "Startup Cost": 0.0, "Total Cost": 5903.45, "Plan Rows": 251, "Plan Width": 4, "Filter": "((country_code)::text = '[ru]'::text)"}, {"Node Type": "Index Scan", "Parent Relationship": "Inner", "Scan Direction": "Forward", "Index Name": "company_id_movie_companies", "Relation Name": "movie_companies", "Alias": "mc", "Startup Cost": 0.0, "Total Cost": 40.56, "Plan Rows": 15, "Plan Width": 12, "Index Cond": "(company_id = cn.id)"}]}, {"Node Type": "Index Scan", "Parent Relationship": "Inner", "Scan Direction": "Forward", "Index Name": "movie_id_cast_info", "Relation Name": "cast_info", "Alias": "ci", "Startup Cost": 0.0, "Total Cost": 0.98, "Plan Rows": 1, "Plan Width": 12, "Index Cond": "(movie_id = mc.movie_id)", "Filter": "(((note)::text ~~ '%(voice)%'::text) AND ((note)::text ~~ '%(uncredited)%'::text))"}]}]}, {"Node Type": "Index Scan", "Parent Relationship": "Inner", "Scan Direction": "Forward", "Index Name": "title_pkey", "Relation Name": "title", "Alias": "t", "Startup Cost": 0.0, "Total Cost": 0.34, "Plan Rows": 1, "Plan Width": 21, "Index Cond": "(id = mc.movie_id)", "Filter": "(production_year > 2005)"}]}, {"Node Type": "Index Scan", "Parent Relationship": "Inner", "Scan Direction": "Forward", "Index Name": "char_name_pkey", "Relation Name": "char_name", "Alias": "chn", "Startup Cost": 0.0, "Total Cost": 5.37, "Plan Rows": 1, "Plan Width": 20, "Index Cond": "(id = ci.person_role_id)"}]}, {"Node Type": "Index Scan", "Parent Relationship": "Inner", "Scan Direction": "Forward", "Index Name": "company_type_pkey", "Relation Name": "company_type", "Alias": "ct", "Startup Cost": 0.0, "Total Cost": 0.27, "Plan Rows": 1, "Plan Width": 4, "Index Cond": "(id = mc.company_type_id)"}]}]}, "Unique SQL Id": 2933943827, "Planner Runtime": 14}, "explain_analyze_plan": {"Plan": {"Node Type": "Aggregate", "Strategy": "Plain", "Startup Cost": 19897.43, "Total Cost": 19897.44, "Plan Rows": 1, "Plan Width": 97, "Actual Startup Time": 804.024, "Actual Total Time": 804.024, "Actual Rows": 1, "Actual Loops": 1, "Plans": [{"Node Type": "Nested Loop", "Parent Relationship": "Outer", "Join Type": "Inner", "Startup Cost": 0.0, "Total Cost": 19897.42, "Plan Rows": 2, "Plan Width": 33, "Actual Startup Time": 47.786, "Actual Total Time": 803.917, "Actual Rows": 18, "Actual Loops": 1, "Inner Unique": true, "Plans": [{"Node Type": "Nested Loop", "Parent Relationship": "Outer", "Join Type": "Inner", "Startup Cost": 0.0, "Total Cost": 19896.86, "Plan Rows": 2, "Plan Width": 37, "Actual Startup Time": 10.009, "Actual Total Time": 803.609, "Actual Rows": 104, "Actual Loops": 1, "Inner Unique": true, "Plans": [{"Node Type": "Nested Loop", "Parent Relationship": "Outer", "Join Type": "Inner", "Startup Cost": 0.0, "Total Cost": 19869.97, "Plan Rows": 5, "Plan Width": 25, "Actual Startup Time": 9.994, "Actual Total Time": 802.565, "Actual Rows": 112, "Actual Loops": 1, "Inner Unique": true, "Plans": [{"Node Type": "Nested Loop", "Parent Relationship": "Outer", "Join Type": "Inner", "Startup Cost": 0.0, "Total Cost": 19867.87, "Plan Rows": 6, "Plan Width": 16, "Actual Startup Time": 0.857, "Actual Total Time": 800.305, "Actual Rows": 275, "Actual Loops": 1, "Inner Unique": false, "Join Filter": "(ci.role_id = rt.id)", "Rows Removed by Join Filter": 102, "Plans": [{"Node Type": "Seq Scan", "Parent Relationship": "Outer", "Relation Name": "role_type", "Alias": "rt", "Startup Cost": 0.0, "Total Cost": 1.15, "Plan Rows": 1, "Plan Width": 4, "Actual Startup Time": 0.035, "Actual Total Time": 0.04, "Actual Rows": 1, "Actual Loops": 1, "Filter": "((role)::text = 'actor'::text)", "Rows Removed by Filter": 11}, {"Node Type": "Nested Loop", "Parent Relationship": "Inner", "Join Type": "Inner", "Startup Cost": 0.0, "Total Cost": 19865.87, "Plan Rows": 68, "Plan Width": 20, "Actual Startup Time": 0.814, "Actual Total Time": 800.006, "Actual Rows": 377, "Actual Loops": 1, "Inner Unique": false, "Plans": [{"Node Type": "Nested Loop", "Parent Relationship": "Outer", "Join Type": "Inner", "Startup Cost": 0.0, "Total Cost": 16121.55, "Plan Rows": 3779, "Plan Width": 8, "Actual Startup Time": 0.057, "Actual Total Time": 107.506, "Actual Rows": 8790, "Actual Loops": 1, "Inner Unique": false, "Plans": [{"Node Type": "Seq Scan", "Parent Relationship": "Outer", "Relation Name": "company_name", "Alias": "cn", "Startup Cost": 0.0, "Total Cost": 5903.45, "Plan Rows": 251, "Plan Width": 4, "Actual Startup Time": 0.037, "Actual Total Time": 83.104, "Actual Rows": 1361, "Actual Loops": 1, "Filter": "((country_code)::text = '[ru]'::text)", "Rows Removed by Filter": 233635}, {"Node Type": "Index Scan", "Parent Relationship": "Inner", "Scan Direction": "Forward", "Index Name": "company_id_movie_companies", "Relation Name": "movie_companies", "Alias": "mc", "Startup Cost": 0.0, "Total Cost": 40.56, "Plan Rows": 15, "Plan Width": 12, "Actual Startup Time": 8.468, "Actual Total Time": 21.018, "Actual Rows": 8790, "Actual Loops": 1361, "Index Cond": "(company_id = cn.id)", "Rows Removed by Index Recheck": 0}]}, {"Node Type": "Index Scan", "Parent Relationship": "Inner", "Scan Direction": "Forward", "Index Name": "movie_id_cast_info", "Relation Name": "cast_info", "Alias": "ci", "Startup Cost": 0.0, "Total Cost": 0.98, "Plan Rows": 1, "Plan Width": 12, "Actual Startup Time": 647.342, "Actual Total Time": 687.066, "Actual Rows": 377, "Actual Loops": 8790, "Index Cond": "(movie_id = mc.movie_id)", "Rows Removed by Index Recheck": 0, "Filter": "(((note)::text ~~ '%(voice)%'::text) AND ((note)::text ~~ '%(uncredited)%'::text))", "Rows Removed by Filter": 408168}]}]}, {"Node Type": "Index Scan", "Parent Relationship": "Inner", "Scan Direction": "Forward", "Index Name": "title_pkey", "Relation Name": "title", "Alias": "t", "Startup Cost": 0.0, "Total Cost": 0.34, "Plan Rows": 1, "Plan Width": 21, "Actual Startup Time": 1.837, "Actual Total Time": 1.837, "Actual Rows": 112, "Actual Loops": 275, "Index Cond": "(id = mc.movie_id)", "Rows Removed by Index Recheck": 0, "Filter": "(production_year > 2005)", "Rows Removed by Filter": 163}]}, {"Node Type": "Index Scan", "Parent Relationship": "Inner", "Scan Direction": "Forward", "Index Name": "char_name_pkey", "Relation Name": "char_name", "Alias": "chn", "Startup Cost": 0.0, "Total Cost": 5.37, "Plan Rows": 1, "Plan Width": 20, "Actual Startup Time": 0.803, "Actual Total Time": 0.803, "Actual Rows": 104, "Actual Loops": 112, "Index Cond": "(id = ci.person_role_id)", "Rows Removed by Index Recheck": 0}]}, {"Node Type": "Index Scan", "Parent Relationship": "Inner", "Scan Direction": "Forward", "Index Name": "company_type_pkey", "Relation Name": "company_type", "Alias": "ct", "Startup Cost": 0.0, "Total Cost": 0.27, "Plan Rows": 1, "Plan Width": 4, "Actual Startup Time": 0.179, "Actual Total Time": 0.179, "Actual Rows": 18, "Actual Loops": 104, "Index Cond": "(id = mc.company_type_id)", "Rows Removed by Index Recheck": 0}]}]}, "Triggers": [], "Planner Runtime": 7, "Total Runtime": 804.361, "Unique SQL Id": 2933943827}}, "(64, 37)": {"explain_plan": {"Plan": {"Node Type": "Aggregate", "Strategy": "Plain", "Startup Cost": 22688.03, "Total Cost": 22688.04, "Plan Rows": 1, "Plan Width": 97, "Plans": [{"Node Type": "Nested Loop", "Parent Relationship": "Outer", "Join Type": "Inner", "Startup Cost": 2779.29, "Total Cost": 22688.02, "Plan Rows": 2, "Plan Width": 33, "Inner Unique": true, "Plans": [{"Node Type": "Nested Loop", "Parent Relationship": "Outer", "Join Type": "Inner", "Startup Cost": 2779.29, "Total Cost": 22687.46, "Plan Rows": 2, "Plan Width": 37, "Inner Unique": true, "Plans": [{"Node Type": "Nested Loop", "Parent Relationship": "Outer", "Join Type": "Inner", "Startup Cost": 2779.29, "Total Cost": 22660.57, "Plan Rows": 5, "Plan Width": 25, "Inner Unique": true, "Plans": [{"Node Type": "Nested Loop", "Parent Relationship": "Outer", "Join Type": "Inner", "Startup Cost": 2779.29, "Total Cost": 22658.47, "Plan Rows": 6, "Plan Width": 16, "Inner Unique": false, "Join Filter": "(ci.role_id = rt.id)", "Plans": [{"Node Type": "Index Scan", "Parent Relationship": "Outer", "Scan Direction": "Forward", "Index Name": "role_type_pkey", "Relation Name": "role_type", "Alias": "rt", "Startup Cost": 0.0, "Total Cost": 12.46, "Plan Rows": 1, "Plan Width": 4, "Filter": "((role)::text = 'actor'::text)"}, {"Node Type": "Nested Loop", "Parent Relationship": "Inner", "Join Type": "Inner", "Startup Cost": 2779.29, "Total Cost": 22645.16, "Plan Rows": 68, "Plan Width": 20, "Inner Unique": false, "Plans": [{"Node Type": "Nested Loop", "Parent Relationship": "Outer", "Join Type": "Inner", "Startup Cost": 2779.29, "Total Cost": 18900.84, "Plan Rows": 3779, "Plan Width": 8, "Inner Unique": false, "Plans": [{"Node Type": "Bitmap Heap Scan", "Parent Relationship": "Outer", "Relation Name": "company_name", "Alias": "cn", "Startup Cost": 2779.29, "Total Cost": 8682.74, "Plan Rows": 251, "Plan Width": 4, "Filter": "((country_code)::text = '[ru]'::text)", "Plans": [{"Node Type": "Bitmap Index Scan", "Parent Relationship": "Outer", "Index Name": "company_name_pkey", "Startup Cost": 0.0, "Total Cost": 2779.23, "Plan Rows": 234996, "Plan Width": 0}]}, {"Node Type": "Index Scan", "Parent Relationship": "Inner", "Scan Direction": "Forward", "Index Name": "company_id_movie_companies", "Relation Name": "movie_companies", "Alias": "mc", "Startup Cost": 0.0, "Total Cost": 40.56, "Plan Rows": 15, "Plan Width": 12, "Index Cond": "(company_id = cn.id)"}]}, {"Node Type": "Index Scan", "Parent Relationship": "Inner", "Scan Direction": "Forward", "Index Name": "movie_id_cast_info", "Relation Name": "cast_info", "Alias": "ci", "Startup Cost": 0.0, "Total Cost": 0.98, "Plan Rows": 1, "Plan Width": 12, "Index Cond": "(movie_id = mc.movie_id)", "Filter": "(((note)::text ~~ '%(voice)%'::text) AND ((note)::text ~~ '%(uncredited)%'::text))"}]}]}, {"Node Type": "Index Scan", "Parent Relationship": "Inner", "Scan Direction": "Forward", "Index Name": "title_pkey", "Relation Name": "title", "Alias": "t", "Startup Cost": 0.0, "Total Cost": 0.34, "Plan Rows": 1, "Plan Width": 21, "Index Cond": "(id = mc.movie_id)", "Filter": "(production_year > 2005)"}]}, {"Node Type": "Index Scan", "Parent Relationship": "Inner", "Scan Direction": "Forward", "Index Name": "char_name_pkey", "Relation Name": "char_name", "Alias": "chn", "Startup Cost": 0.0, "Total Cost": 5.37, "Plan Rows": 1, "Plan Width": 20, "Index Cond": "(id = ci.person_role_id)"}]}, {"Node Type": "Index Scan", "Parent Relationship": "Inner", "Scan Direction": "Forward", "Index Name": "company_type_pkey", "Relation Name": "company_type", "Alias": "ct", "Startup Cost": 0.0, "Total Cost": 0.27, "Plan Rows": 1, "Plan Width": 4, "Index Cond": "(id = mc.company_type_id)"}]}]}, "Unique SQL Id": 2933943827, "Planner Runtime": 9}, "explain_analyze_plan": {"Plan": {"Node Type": "Aggregate", "Strategy": "Plain", "Startup Cost": 22688.03, "Total Cost": 22688.04, "Plan Rows": 1, "Plan Width": 97, "Actual Startup Time": 870.659, "Actual Total Time": 870.659, "Actual Rows": 1, "Actual Loops": 1, "Plans": [{"Node Type": "Nested Loop", "Parent Relationship": "Outer", "Join Type": "Inner", "Startup Cost": 2779.29, "Total Cost": 22688.02, "Plan Rows": 2, "Plan Width": 33, "Actual Startup Time": 67.925, "Actual Total Time": 870.543, "Actual Rows": 18, "Actual Loops": 1, "Inner Unique": true, "Plans": [{"Node Type": "Nested Loop", "Parent Relationship": "Outer", "Join Type": "Inner", "Startup Cost": 2779.29, "Total Cost": 22687.46, "Plan Rows": 2, "Plan Width": 37, "Actual Startup Time": 30.796, "Actual Total Time": 870.252, "Actual Rows": 104, "Actual Loops": 1, "Inner Unique": true, "Plans": [{"Node Type": "Nested Loop", "Parent Relationship": "Outer", "Join Type": "Inner", "Startup Cost": 2779.29, "Total Cost": 22660.57, "Plan Rows": 5, "Plan Width": 25, "Actual Startup Time": 30.783, "Actual Total Time": 869.187, "Actual Rows": 112, "Actual Loops": 1, "Inner Unique": true, "Plans": [{"Node Type": "Nested Loop", "Parent Relationship": "Outer", "Join Type": "Inner", "Startup Cost": 2779.29, "Total Cost": 22658.47, "Plan Rows": 6, "Plan Width": 16, "Actual Startup Time": 21.93, "Actual Total Time": 866.924, "Actual Rows": 275, "Actual Loops": 1, "Inner Unique": false, "Join Filter": "(ci.role_id = rt.id)", "Rows Removed by Join Filter": 102, "Plans": [{"Node Type": "Index Scan", "Parent Relationship": "Outer", "Scan Direction": "Forward", "Index Name": "role_type_pkey", "Relation Name": "role_type", "Alias": "rt", "Startup Cost": 0.0, "Total Cost": 12.46, "Plan Rows": 1, "Plan Width": 4, "Actual Startup Time": 0.023, "Actual Total Time": 0.033, "Actual Rows": 1, "Actual Loops": 1, "Filter": "((role)::text = 'actor'::text)", "Rows Removed by Filter": 11}, {"Node Type": "Nested Loop", "Parent Relationship": "Inner", "Join Type": "Inner", "Startup Cost": 2779.29, "Total Cost": 22645.16, "Plan Rows": 68, "Plan Width": 20, "Actual Startup Time": 21.895, "Actual Total Time": 866.602, "Actual Rows": 377, "Actual Loops": 1, "Inner Unique": false, "Plans": [{"Node Type": "Nested Loop", "Parent Relationship": "Outer", "Join Type": "Inner", "Startup Cost": 2779.29, "Total Cost": 18900.84, "Plan Rows": 3779, "Plan Width": 8, "Actual Startup Time": 20.965, "Actual Total Time": 175.694, "Actual Rows": 8790, "Actual Loops": 1, "Inner Unique": false, "Plans": [{"Node Type": "Bitmap Heap Scan", "Parent Relationship": "Outer", "Relation Name": "company_name", "Alias": "cn", "Startup Cost": 2779.29, "Total Cost": 8682.74, "Plan Rows": 251, "Plan Width": 4, "Actual Startup Time": 20.935, "Actual Total Time": 151.258, "Actual Rows": 1361, "Actual Loops": 1, "Filter": "((country_code)::text = '[ru]'::text)", "Rows Removed by Filter": 233635, "Exact Heap Blocks": 2966, "Lossy Heap Blocks": 2966, "Plans": [{"Node Type": "Bitmap Index Scan", "Parent Relationship": "Outer", "Index Name": "company_name_pkey", "Startup Cost": 0.0, "Total Cost": 2779.23, "Plan Rows": 234996, "Plan Width": 0, "Actual Startup Time": 20.448, "Actual Total Time": 20.448, "Actual Rows": 234996, "Actual Loops": 1}]}, {"Node Type": "Index Scan", "Parent Relationship": "Inner", "Scan Direction": "Forward", "Index Name": "company_id_movie_companies", "Relation Name": "movie_companies", "Alias": "mc", "Startup Cost": 0.0, "Total Cost": 40.56, "Plan Rows": 15, "Plan Width": 12, "Actual Startup Time": 8.541, "Actual Total Time": 20.974, "Actual Rows": 8790, "Actual Loops": 1361, "Index Cond": "(company_id = cn.id)", "Rows Removed by Index Recheck": 0}]}, {"Node Type": "Index Scan", "Parent Relationship": "Inner", "Scan Direction": "Forward", "Index Name": "movie_id_cast_info", "Relation Name": "cast_info", "Alias": "ci", "Startup Cost": 0.0, "Total Cost": 0.98, "Plan Rows": 1, "Plan Width": 12, "Actual Startup Time": 645.799, "Actual Total Time": 685.338, "Actual Rows": 377, "Actual Loops": 8790, "Index Cond": "(movie_id = mc.movie_id)", "Rows Removed by Index Recheck": 0, "Filter": "(((note)::text ~~ '%(voice)%'::text) AND ((note)::text ~~ '%(uncredited)%'::text))", "Rows Removed by Filter": 408168}]}]}, {"Node Type": "Index Scan", "Parent Relationship": "Inner", "Scan Direction": "Forward", "Index Name": "title_pkey", "Relation Name": "title", "Alias": "t", "Startup Cost": 0.0, "Total Cost": 0.34, "Plan Rows": 1, "Plan Width": 21, "Actual Startup Time": 1.847, "Actual Total Time": 1.847, "Actual Rows": 112, "Actual Loops": 275, "Index Cond": "(id = mc.movie_id)", "Rows Removed by Index Recheck": 0, "Filter": "(production_year > 2005)", "Rows Removed by Filter": 163}]}, {"Node Type": "Index Scan", "Parent Relationship": "Inner", "Scan Direction": "Forward", "Index Name": "char_name_pkey", "Relation Name": "char_name", "Alias": "chn", "Startup Cost": 0.0, "Total Cost": 5.37, "Plan Rows": 1, "Plan Width": 20, "Actual Startup Time": 0.848, "Actual Total Time": 0.848, "Actual Rows": 104, "Actual Loops": 112, "Index Cond": "(id = ci.person_role_id)", "Rows Removed by Index Recheck": 0}]}, {"Node Type": "Index Scan", "Parent Relationship": "Inner", "Scan Direction": "Forward", "Index Name": "company_type_pkey", "Relation Name": "company_type", "Alias": "ct", "Startup Cost": 0.0, "Total Cost": 0.27, "Plan Rows": 1, "Plan Width": 4, "Actual Startup Time": 0.146, "Actual Total Time": 0.146, "Actual Rows": 18, "Actual Loops": 104, "Index Cond": "(id = mc.company_type_id)", "Rows Removed by Index Recheck": 0}]}]}, "Triggers": [], "Planner Runtime": 6, "Total Runtime": 871.048, "Unique SQL Id": 2933943827}}, "(64, 38)": {"explain_plan": {"Plan": {"Node Type": "Aggregate", "Strategy": "Plain", "Startup Cost": 38342.48, "Total Cost": 38342.49, "Plan Rows": 1, "Plan Width": 97, "Plans": [{"Node Type": "Nested Loop", "Parent Relationship": "Outer", "Join Type": "Inner", "Startup Cost": 7.4, "Total Cost": 38342.47, "Plan Rows": 2, "Plan Width": 33, "Inner Unique": false, "Join Filter": "(mc.company_type_id = ct.id)", "Plans": [{"Node Type": "Seq Scan", "Parent Relationship": "Outer", "Relation Name": "company_type", "Alias": "ct", "Startup Cost": 0.0, "Total Cost": 1.03, "Plan Rows": 3, "Plan Width": 4}, {"Node Type": "Materialize", "Parent Relationship": "Inner", "Startup Cost": 7.4, "Total Cost": 38341.35, "Plan Rows": 2, "Plan Width": 37, "Plans": [{"Node Type": "Nested Loop", "Parent Relationship": "Outer", "Join Type": "Inner", "Startup Cost": 7.4, "Total Cost": 38341.34, "Plan Rows": 2, "Plan Width": 37, "Inner Unique": true, "Plans": [{"Node Type": "Nested Loop", "Parent Relationship": "Outer", "Join Type": "Inner", "Startup Cost": 7.13, "Total Cost": 38328.45, "Plan Rows": 3, "Plan Width": 28, "Inner Unique": true, "Plans": [{"Node Type": "Nested Loop", "Parent Relationship": "Outer", "Join Type": "Inner", "Startup Cost": 4.83, "Total Cost": 38290.52, "Plan Rows": 6, "Plan Width": 16, "Inner Unique": false, "Join Filter": "(ci.role_id = rt.id)", "Plans": [{"Node Type": "Seq Scan", "Parent Relationship": "Outer", "Relation Name": "role_type", "Alias": "rt", "Startup Cost": 0.0, "Total Cost": 1.15, "Plan Rows": 1, "Plan Width": 4, "Filter": "((role)::text = 'actor'::text)"}, {"Node Type": "Nested Loop", "Parent Relationship": "Inner", "Join Type": "Inner", "Startup Cost": 4.83, "Total Cost": 38288.52, "Plan Rows": 68, "Plan Width": 20, "Inner Unique": false, "Plans": [{"Node Type": "Nested Loop", "Parent Relationship": "Outer", "Join Type": "Inner", "Startup Cost": 4.32, "Total Cost": 20813.55, "Plan Rows": 3779, "Plan Width": 8, "Inner Unique": false, "Plans": [{"Node Type": "Seq Scan", "Parent Relationship": "Outer", "Relation Name": "company_name", "Alias": "cn", "Startup Cost": 0.0, "Total Cost": 5903.45, "Plan Rows": 251, "Plan Width": 4, "Filter": "((country_code)::text = '[ru]'::text)"}, {"Node Type": "Bitmap Heap Scan", "Parent Relationship": "Inner", "Relation Name": "movie_companies", "Alias": "mc", "Startup Cost": 4.32, "Total Cost": 59.25, "Plan Rows": 15, "Plan Width": 12, "Recheck Cond": "(company_id = cn.id)", "Plans": [{"Node Type": "Bitmap Index Scan", "Parent Relationship": "Outer", "Index Name": "company_id_movie_companies", "Startup Cost": 0.0, "Total Cost": 4.31, "Plan Rows": 15, "Plan Width": 0, "Index Cond": "(company_id = cn.id)"}]}]}, {"Node Type": "Bitmap Heap Scan", "Parent Relationship": "Inner", "Relation Name": "cast_info", "Alias": "ci", "Startup Cost": 0.51, "Total Cost": 4.61, "Plan Rows": 1, "Plan Width": 12, "Recheck Cond": "(movie_id = mc.movie_id)", "Filter": "(((note)::text ~~ '%(voice)%'::text) AND ((note)::text ~~ '%(uncredited)%'::text))", "Plans": [{"Node Type": "Bitmap Index Scan", "Parent Relationship": "Outer", "Index Name": "movie_id_cast_info", "Startup Cost": 0.0, "Total Cost": 0.51, "Plan Rows": 6, "Plan Width": 0, "Index Cond": "(movie_id = mc.movie_id)"}]}]}]}, {"Node Type": "Bitmap Heap Scan", "Parent Relationship": "Inner", "Relation Name": "char_name", "Alias": "chn", "Startup Cost": 2.3, "Total Cost": 6.31, "Plan Rows": 1, "Plan Width": 20, "Recheck Cond": "(id = ci.person_role_id)", "Plans": [{"Node Type": "Bitmap Index Scan", "Parent Relationship": "Outer", "Index Name": "char_name_pkey", "Startup Cost": 0.0, "Total Cost": 2.3, "Plan Rows": 1, "Plan Width": 0, "Index Cond": "(id = ci.person_role_id)"}]}]}, {"Node Type": "Bitmap Heap Scan", "Parent Relationship": "Inner", "Relation Name": "title", "Alias": "t", "Startup Cost": 0.27, "Total Cost": 4.29, "Plan Rows": 1, "Plan Width": 21, "Recheck Cond": "(id = mc.movie_id)", "Filter": "(production_year > 2005)", "Plans": [{"Node Type": "Bitmap Index Scan", "Parent Relationship": "Outer", "Index Name": "title_pkey", "Startup Cost": 0.0, "Total Cost": 0.27, "Plan Rows": 1, "Plan Width": 0, "Index Cond": "(id = mc.movie_id)"}]}]}]}]}]}, "Unique SQL Id": 2933943827, "Planner Runtime": 27}, "explain_analyze_plan": {"Plan": {"Node Type": "Aggregate", "Strategy": "Plain", "Startup Cost": 38342.48, "Total Cost": 38342.49, "Plan Rows": 1, "Plan Width": 97, "Actual Startup Time": 1053.545, "Actual Total Time": 1053.545, "Actual Rows": 1, "Actual Loops": 1, "Plans": [{"Node Type": "Nested Loop", "Parent Relationship": "Outer", "Join Type": "Inner", "Startup Cost": 7.4, "Total Cost": 38342.47, "Plan Rows": 2, "Plan Width": 33, "Actual Startup Time": 58.944, "Actual Total Time": 1053.444, "Actual Rows": 18, "Actual Loops": 1, "Inner Unique": false, "Join Filter": "(mc.company_type_id = ct.id)", "Rows Removed by Join Filter": 294, "Plans": [{"Node Type": "Seq Scan", "Parent Relationship": "Outer", "Relation Name": "company_type", "Alias": "ct", "Startup Cost": 0.0, "Total Cost": 1.03, "Plan Rows": 3, "Plan Width": 4, "Actual Startup Time": 0.016, "Actual Total Time": 0.018, "Actual Rows": 3, "Actual Loops": 1}, {"Node Type": "Materialize", "Parent Relationship": "Inner", "Startup Cost": 7.4, "Total Cost": 38341.35, "Plan Rows": 2, "Plan Width": 37, "Actual Startup Time": 12.262, "Actual Total Time": 1053.269, "Actual Rows": 312, "Actual Loops": 3, "Plans": [{"Node Type": "Nested Loop", "Parent Relationship": "Outer", "Join Type": "Inner", "Startup Cost": 7.4, "Total Cost": 38341.34, "Plan Rows": 2, "Plan Width": 37, "Actual Startup Time": 12.255, "Actual Total Time": 1053.029, "Actual Rows": 104, "Actual Loops": 1, "Inner Unique": true, "Plans": [{"Node Type": "Nested Loop", "Parent Relationship": "Outer", "Join Type": "Inner", "Startup Cost": 7.13, "Total Cost": 38328.45, "Plan Rows": 3, "Plan Width": 28, "Actual Startup Time": 1.092, "Actual Total Time": 1050.343, "Actual Rows": 265, "Actual Loops": 1, "Inner Unique": true, "Plans": [{"Node Type": "Nested Loop", "Parent Relationship": "Outer", "Join Type": "Inner", "Startup Cost": 4.83, "Total Cost": 38290.52, "Plan Rows": 6, "Plan Width": 16, "Actual Startup Time": 1.071, "Actual Total Time": 1047.151, "Actual Rows": 275, "Actual Loops": 1, "Inner Unique": false, "Join Filter": "(ci.role_id = rt.id)", "Rows Removed by Join Filter": 102, "Plans": [{"Node Type": "Seq Scan", "Parent Relationship": "Outer", "Relation Name": "role_type", "Alias": "rt", "Startup Cost": 0.0, "Total Cost": 1.15, "Plan Rows": 1, "Plan Width": 4, "Actual Startup Time": 0.016, "Actual Total Time": 0.024, "Actual Rows": 1, "Actual Loops": 1, "Filter": "((role)::text = 'actor'::text)", "Rows Removed by Filter": 11}, {"Node Type": "Nested Loop", "Parent Relationship": "Inner", "Join Type": "Inner", "Startup Cost": 4.83, "Total Cost": 38288.52, "Plan Rows": 68, "Plan Width": 20, "Actual Startup Time": 1.033, "Actual Total Time": 1046.789, "Actual Rows": 377, "Actual Loops": 1, "Inner Unique": false, "Plans": [{"Node Type": "Nested Loop", "Parent Relationship": "Outer", "Join Type": "Inner", "Startup Cost": 4.32, "Total Cost": 20813.55, "Plan Rows": 3779, "Plan Width": 8, "Actual Startup Time": 0.089, "Actual Total Time": 117.624, "Actual Rows": 8790, "Actual Loops": 1, "Inner Unique": false, "Plans": [{"Node Type": "Seq Scan", "Parent Relationship": "Outer", "Relation Name": "company_name", "Alias": "cn", "Startup Cost": 0.0, "Total Cost": 5903.45, "Plan Rows": 251, "Plan Width": 4, "Actual Startup Time": 0.044, "Actual Total Time": 83.442, "Actual Rows": 1361, "Actual Loops": 1, "Filter": "((country_code)::text = '[ru]'::text)", "Rows Removed by Filter": 233635}, {"Node Type": "Bitmap Heap Scan", "Parent Relationship": "Inner", "Relation Name": "movie_companies", "Alias": "mc", "Startup Cost": 4.32, "Total Cost": 59.25, "Plan Rows": 15, "Plan Width": 12, "Actual Startup Time": 14.335, "Actual Total Time": 29.299, "Actual Rows": 8790, "Actual Loops": 1361, "Recheck Cond": "(company_id = cn.id)", "Rows Removed by Index Recheck": 0, "Exact Heap Blocks": 7155, "Lossy Heap Blocks": 7155, "Plans": [{"Node Type": "Bitmap Index Scan", "Parent Relationship": "Outer", "Index Name": "company_id_movie_companies", "Startup Cost": 0.0, "Total Cost": 4.31, "Plan Rows": 15, "Plan Width": 0, "Actual Startup Time": 9.029, "Actual Total Time": 9.029, "Actual Rows": 8790, "Actual Loops": 1361, "Index Cond": "(company_id = cn.id)"}]}]}, {"Node Type": "Bitmap Heap Scan", "Parent Relationship": "Inner", "Relation Name": "cast_info", "Alias": "ci", "Startup Cost": 0.51, "Total Cost": 4.61, "Plan Rows": 1, "Plan Width": 12, "Actual Startup Time": 866.656, "Actual Total Time": 913.153, "Actual Rows": 377, "Actual Loops": 8790, "Recheck Cond": "(movie_id = mc.movie_id)", "Rows Removed by Index Recheck": 0, "Filter": "(((note)::text ~~ '%(voice)%'::text) AND ((note)::text ~~ '%(uncredited)%'::text))", "Rows Removed by Filter": 408168, "Exact Heap Blocks": 397651, "Lossy Heap Blocks": 397651, "Plans": [{"Node Type": "Bitmap Index Scan", "Parent Relationship": "Outer", "Index Name": "movie_id_cast_info", "Startup Cost": 0.0, "Total Cost": 0.51, "Plan Rows": 6, "Plan Width": 0, "Actual Startup Time": 123.916, "Actual Total Time": 123.916, "Actual Rows": 408545, "Actual Loops": 8790, "Index Cond": "(movie_id = mc.movie_id)"}]}]}]}, {"Node Type": "Bitmap Heap Scan", "Parent Relationship": "Inner", "Relation Name": "char_name", "Alias": "chn", "Startup Cost": 2.3, "Total Cost": 6.31, "Plan Rows": 1, "Plan Width": 20, "Actual Startup Time": 2.44, "Actual Total Time": 2.44, "Actual Rows": 265, "Actual Loops": 275, "Recheck Cond": "(id = ci.person_role_id)", "Rows Removed by Index Recheck": 0, "Exact Heap Blocks": 265, "Lossy Heap Blocks": 265, "Plans": [{"Node Type": "Bitmap Index Scan", "Parent Relationship": "Outer", "Index Name": "char_name_pkey", "Startup Cost": 0.0, "Total Cost": 2.3, "Plan Rows": 1, "Plan Width": 0, "Actual Startup Time": 1.617, "Actual Total Time": 1.617, "Actual Rows": 265, "Actual Loops": 275, "Index Cond": "(id = ci.person_role_id)"}]}]}, {"Node Type": "Bitmap Heap Scan", "Parent Relationship": "Inner", "Relation Name": "title", "Alias": "t", "Startup Cost": 0.27, "Total Cost": 4.29, "Plan Rows": 1, "Plan Width": 21, "Actual Startup Time": 2.108, "Actual Total Time": 2.108, "Actual Rows": 104, "Actual Loops": 265, "Recheck Cond": "(id = mc.movie_id)", "Rows Removed by Index Recheck": 0, "Filter": "(production_year > 2005)", "Rows Removed by Filter": 161, "Exact Heap Blocks": 265, "Lossy Heap Blocks": 265, "Plans": [{"Node Type": "Bitmap Index Scan", "Parent Relationship": "Outer", "Index Name": "title_pkey", "Startup Cost": 0.0, "Total Cost": 0.27, "Plan Rows": 1, "Plan Width": 0, "Actual Startup Time": 1.253, "Actual Total Time": 1.253, "Actual Rows": 265, "Actual Loops": 265, "Index Cond": "(id = mc.movie_id)"}]}]}]}]}]}, "Triggers": [], "Planner Runtime": 16, "Total Runtime": 1054.095, "Unique SQL Id": 2933943827}}, "(64, 39)": {"explain_plan": {"Plan": {"Node Type": "Aggregate", "Strategy": "Plain", "Startup Cost": 41418.46, "Total Cost": 41418.47, "Plan Rows": 1, "Plan Width": 97, "Plans": [{"Node Type": "Nested Loop", "Parent Relationship": "Outer", "Join Type": "Inner", "Startup Cost": 2787.21, "Total Cost": 41418.45, "Plan Rows": 2, "Plan Width": 33, "Inner Unique": true, "Plans": [{"Node Type": "Nested Loop", "Parent Relationship": "Outer", "Join Type": "Inner", "Startup Cost": 2786.95, "Total Cost": 41409.89, "Plan Rows": 2, "Plan Width": 37, "Inner Unique": true, "Plans": [{"Node Type": "Nested Loop", "Parent Relationship": "Outer", "Join Type": "Inner", "Startup Cost": 2786.68, "Total Cost": 41397.0, "Plan Rows": 3, "Plan Width": 28, "Inner Unique": true, "Plans": [{"Node Type": "Nested Loop", "Parent Relationship": "Outer", "Join Type": "Inner", "Startup Cost": 2784.38, "Total Cost": 41359.07, "Plan Rows": 6, "Plan Width": 16, "Inner Unique": true, "Plans": [{"Node Type": "Nested Loop", "Parent Relationship": "Outer", "Join Type": "Inner", "Startup Cost": 2784.12, "Total Cost": 41067.82, "Plan Rows": 68, "Plan Width": 20, "Inner Unique": false, "Plans": [{"Node Type": "Nested Loop", "Parent Relationship": "Outer", "Join Type": "Inner", "Startup Cost": 2783.61, "Total Cost": 23592.84, "Plan Rows": 3779, "Plan Width": 8, "Inner Unique": false, "Plans": [{"Node Type": "Bitmap Heap Scan", "Parent Relationship": "Outer", "Relation Name": "company_name", "Alias": "cn", "Startup Cost": 2779.29, "Total Cost": 8682.74, "Plan Rows": 251, "Plan Width": 4, "Filter": "((country_code)::text = '[ru]'::text)", "Plans": [{"Node Type": "Bitmap Index Scan", "Parent Relationship": "Outer", "Index Name": "company_name_pkey", "Startup Cost": 0.0, "Total Cost": 2779.23, "Plan Rows": 234996, "Plan Width": 0}]}, {"Node Type": "Bitmap Heap Scan", "Parent Relationship": "Inner", "Relation Name": "movie_companies", "Alias": "mc", "Startup Cost": 4.32, "Total Cost": 59.25, "Plan Rows": 15, "Plan Width": 12, "Recheck Cond": "(company_id = cn.id)", "Plans": [{"Node Type": "Bitmap Index Scan", "Parent Relationship": "Outer", "Index Name": "company_id_movie_companies", "Startup Cost": 0.0, "Total Cost": 4.31, "Plan Rows": 15, "Plan Width": 0, "Index Cond": "(company_id = cn.id)"}]}]}, {"Node Type": "Bitmap Heap Scan", "Parent Relationship": "Inner", "Relation Name": "cast_info", "Alias": "ci", "Startup Cost": 0.51, "Total Cost": 4.61, "Plan Rows": 1, "Plan Width": 12, "Recheck Cond": "(movie_id = mc.movie_id)", "Filter": "(((note)::text ~~ '%(voice)%'::text) AND ((note)::text ~~ '%(uncredited)%'::text))", "Plans": [{"Node Type": "Bitmap Index Scan", "Parent Relationship": "Outer", "Index Name": "movie_id_cast_info", "Startup Cost": 0.0, "Total Cost": 0.51, "Plan Rows": 6, "Plan Width": 0, "Index Cond": "(movie_id = mc.movie_id)"}]}]}, {"Node Type": "Bitmap Heap Scan", "Parent Relationship": "Inner", "Relation Name": "role_type", "Alias": "rt", "Startup Cost": 0.26, "Total Cost": 4.27, "Plan Rows": 1, "Plan Width": 4, "Recheck Cond": "(id = ci.role_id)", "Filter": "((role)::text = 'actor'::text)", "Plans": [{"Node Type": "Bitmap Index Scan", "Parent Relationship": "Outer", "Index Name": "role_type_pkey", "Startup Cost": 0.0, "Total Cost": 0.26, "Plan Rows": 1, "Plan Width": 0, "Index Cond": "(id = ci.role_id)"}]}]}, {"Node Type": "Bitmap Heap Scan", "Parent Relationship": "Inner", "Relation Name": "char_name", "Alias": "chn", "Startup Cost": 2.3, "Total Cost": 6.31, "Plan Rows": 1, "Plan Width": 20, "Recheck Cond": "(id = ci.person_role_id)", "Plans": [{"Node Type": "Bitmap Index Scan", "Parent Relationship": "Outer", "Index Name": "char_name_pkey", "Startup Cost": 0.0, "Total Cost": 2.3, "Plan Rows": 1, "Plan Width": 0, "Index Cond": "(id = ci.person_role_id)"}]}]}, {"Node Type": "Bitmap Heap Scan", "Parent Relationship": "Inner", "Relation Name": "title", "Alias": "t", "Startup Cost": 0.27, "Total Cost": 4.29, "Plan Rows": 1, "Plan Width": 21, "Recheck Cond": "(id = mc.movie_id)", "Filter": "(production_year > 2005)", "Plans": [{"Node Type": "Bitmap Index Scan", "Parent Relationship": "Outer", "Index Name": "title_pkey", "Startup Cost": 0.0, "Total Cost": 0.27, "Plan Rows": 1, "Plan Width": 0, "Index Cond": "(id = mc.movie_id)"}]}]}, {"Node Type": "Bitmap Heap Scan", "Parent Relationship": "Inner", "Relation Name": "company_type", "Alias": "ct", "Startup Cost": 0.26, "Total Cost": 4.27, "Plan Rows": 1, "Plan Width": 4, "Recheck Cond": "(id = mc.company_type_id)", "Plans": [{"Node Type": "Bitmap Index Scan", "Parent Relationship": "Outer", "Index Name": "company_type_pkey", "Startup Cost": 0.0, "Total Cost": 0.26, "Plan Rows": 1, "Plan Width": 0, "Index Cond": "(id = mc.company_type_id)"}]}]}]}, "Unique SQL Id": 2933943827, "Planner Runtime": 9}, "explain_analyze_plan": {"Plan": {"Node Type": "Aggregate", "Strategy": "Plain", "Startup Cost": 41418.46, "Total Cost": 41418.47, "Plan Rows": 1, "Plan Width": 97, "Actual Startup Time": 1353.636, "Actual Total Time": 1353.637, "Actual Rows": 1, "Actual Loops": 1, "Plans": [{"Node Type": "Nested Loop", "Parent Relationship": "Outer", "Join Type": "Inner", "Startup Cost": 2787.21, "Total Cost": 41418.45, "Plan Rows": 2, "Plan Width": 33, "Actual Startup Time": 107.21, "Actual Total Time": 1353.521, "Actual Rows": 18, "Actual Loops": 1, "Inner Unique": true, "Plans": [{"Node Type": "Nested Loop", "Parent Relationship": "Outer", "Join Type": "Inner", "Startup Cost": 2786.95, "Total Cost": 41409.89, "Plan Rows": 2, "Plan Width": 37, "Actual Startup Time": 37.769, "Actual Total Time": 1352.989, "Actual Rows": 104, "Actual Loops": 1, "Inner Unique": true, "Plans": [{"Node Type": "Nested Loop", "Parent Relationship": "Outer", "Join Type": "Inner", "Startup Cost": 2786.68, "Total Cost": 41397.0, "Plan Rows": 3, "Plan Width": 28, "Actual Startup Time": 23.05, "Actual Total Time": 1349.829, "Actual Rows": 265, "Actual Loops": 1, "Inner Unique": true, "Plans": [{"Node Type": "Nested Loop", "Parent Relationship": "Outer", "Join Type": "Inner", "Startup Cost": 2784.38, "Total Cost": 41359.07, "Plan Rows": 6, "Plan Width": 16, "Actual Startup Time": 23.037, "Actual Total Time": 1346.368, "Actual Rows": 275, "Actual Loops": 1, "Inner Unique": true, "Plans": [{"Node Type": "Nested Loop", "Parent Relationship": "Outer", "Join Type": "Inner", "Startup Cost": 2784.12, "Total Cost": 41067.82, "Plan Rows": 68, "Plan Width": 20, "Actual Startup Time": 23.026, "Actual Total Time": 1343.783, "Actual Rows": 377, "Actual Loops": 1, "Inner Unique": false, "Plans": [{"Node Type": "Nested Loop", "Parent Relationship": "Outer", "Join Type": "Inner", "Startup Cost": 2783.61, "Total Cost": 23592.84, "Plan Rows": 3779, "Plan Width": 8, "Actual Startup Time": 21.943, "Actual Total Time": 182.966, "Actual Rows": 8790, "Actual Loops": 1, "Inner Unique": false, "Plans": [{"Node Type": "Bitmap Heap Scan", "Parent Relationship": "Outer", "Relation Name": "company_name", "Alias": "cn", "Startup Cost": 2779.29, "Total Cost": 8682.74, "Plan Rows": 251, "Plan Width": 4, "Actual Startup Time": 21.91, "Actual Total Time": 145.563, "Actual Rows": 1361, "Actual Loops": 1, "Filter": "((country_code)::text = '[ru]'::text)", "Rows Removed by Filter": 233635, "Exact Heap Blocks": 2966, "Lossy Heap Blocks": 2966, "Plans": [{"Node Type": "Bitmap Index Scan", "Parent Relationship": "Outer", "Index Name": "company_name_pkey", "Startup Cost": 0.0, "Total Cost": 2779.23, "Plan Rows": 234996, "Plan Width": 0, "Actual Startup Time": 21.441, "Actual Total Time": 21.441, "Actual Rows": 234996, "Actual Loops": 1}]}, {"Node Type": "Bitmap Heap Scan", "Parent Relationship": "Inner", "Relation Name": "movie_companies", "Alias": "mc", "Startup Cost": 4.32, "Total Cost": 59.25, "Plan Rows": 15, "Plan Width": 12, "Actual Startup Time": 15.259, "Actual Total Time": 32.516, "Actual Rows": 8790, "Actual Loops": 1361, "Recheck Cond": "(company_id = cn.id)", "Rows Removed by Index Recheck": 0, "Exact Heap Blocks": 7155, "Lossy Heap Blocks": 7155, "Plans": [{"Node Type": "Bitmap Index Scan", "Parent Relationship": "Outer", "Index Name": "company_id_movie_companies", "Startup Cost": 0.0, "Total Cost": 4.31, "Plan Rows": 15, "Plan Width": 0, "Actual Startup Time": 9.3, "Actual Total Time": 9.3, "Actual Rows": 8790, "Actual Loops": 1361, "Index Cond": "(company_id = cn.id)"}]}]}, {"Node Type": "Bitmap Heap Scan", "Parent Relationship": "Inner", "Relation Name": "cast_info", "Alias": "ci", "Startup Cost": 0.51, "Total Cost": 4.61, "Plan Rows": 1, "Plan Width": 12, "Actual Startup Time": 1080.605, "Actual Total Time": 1145.055, "Actual Rows": 377, "Actual Loops": 8790, "Recheck Cond": "(movie_id = mc.movie_id)", "Rows Removed by Index Recheck": 0, "Filter": "(((note)::text ~~ '%(voice)%'::text) AND ((note)::text ~~ '%(uncredited)%'::text))", "Rows Removed by Filter": 408168, "Exact Heap Blocks": 397651, "Lossy Heap Blocks": 397651, "Plans": [{"Node Type": "Bitmap Index Scan", "Parent Relationship": "Outer", "Index Name": "movie_id_cast_info", "Startup Cost": 0.0, "Total Cost": 0.51, "Plan Rows": 6, "Plan Width": 0, "Actual Startup Time": 134.176, "Actual Total Time": 134.176, "Actual Rows": 408545, "Actual Loops": 8790, "Index Cond": "(movie_id = mc.movie_id)"}]}]}, {"Node Type": "Bitmap Heap Scan", "Parent Relationship": "Inner", "Relation Name": "role_type", "Alias": "rt", "Startup Cost": 0.26, "Total Cost": 4.27, "Plan Rows": 1, "Plan Width": 4, "Actual Startup Time": 1.653, "Actual Total Time": 1.653, "Actual Rows": 275, "Actual Loops": 377, "Recheck Cond": "(id = ci.role_id)", "Rows Removed by Index Recheck": 0, "Filter": "((role)::text = 'actor'::text)", "Rows Removed by Filter": 102, "Exact Heap Blocks": 377, "Lossy Heap Blocks": 377, "Plans": [{"Node Type": "Bitmap Index Scan", "Parent Relationship": "Outer", "Index Name": "role_type_pkey", "Startup Cost": 0.0, "Total Cost": 0.26, "Plan Rows": 1, "Plan Width": 0, "Actual Startup Time": 0.619, "Actual Total Time": 0.619, "Actual Rows": 377, "Actual Loops": 377, "Index Cond": "(id = ci.role_id)"}]}]}, {"Node Type": "Bitmap Heap Scan", "Parent Relationship": "Inner", "Relation Name": "char_name", "Alias": "chn", "Startup Cost": 2.3, "Total Cost": 6.31, "Plan Rows": 1, "Plan Width": 20, "Actual Startup Time": 2.76, "Actual Total Time": 2.76, "Actual Rows": 265, "Actual Loops": 275, "Recheck Cond": "(id = ci.person_role_id)", "Rows Removed by Index Recheck": 0, "Exact Heap Blocks": 265, "Lossy Heap Blocks": 265, "Plans": [{"Node Type": "Bitmap Index Scan", "Parent Relationship": "Outer", "Index Name": "char_name_pkey", "Startup Cost": 0.0, "Total Cost": 2.3, "Plan Rows": 1, "Plan Width": 0, "Actual Startup Time": 1.81, "Actual Total Time": 1.81, "Actual Rows": 265, "Actual Loops": 275, "Index Cond": "(id = ci.person_role_id)"}]}]}, {"Node Type": "Bitmap Heap Scan", "Parent Relationship": "Inner", "Relation Name": "title", "Alias": "t", "Startup Cost": 0.27, "Total Cost": 4.29, "Plan Rows": 1, "Plan Width": 21, "Actual Startup Time": 2.584, "Actual Total Time": 2.584, "Actual Rows": 104, "Actual Loops": 265, "Recheck Cond": "(id = mc.movie_id)", "Rows Removed by Index Recheck": 0, "Filter": "(production_year > 2005)", "Rows Removed by Filter": 161, "Exact Heap Blocks": 265, "Lossy Heap Blocks": 265, "Plans": [{"Node Type": "Bitmap Index Scan", "Parent Relationship": "Outer", "Index Name": "title_pkey", "Startup Cost": 0.0, "Total Cost": 0.27, "Plan Rows": 1, "Plan Width": 0, "Actual Startup Time": 1.613, "Actual Total Time": 1.613, "Actual Rows": 265, "Actual Loops": 265, "Index Cond": "(id = mc.movie_id)"}]}]}, {"Node Type": "Bitmap Heap Scan", "Parent Relationship": "Inner", "Relation Name": "company_type", "Alias": "ct", "Startup Cost": 0.26, "Total Cost": 4.27, "Plan Rows": 1, "Plan Width": 4, "Actual Startup Time": 0.288, "Actual Total Time": 0.288, "Actual Rows": 18, "Actual Loops": 104, "Recheck Cond": "(id = mc.company_type_id)", "Rows Removed by Index Recheck": 0, "Exact Heap Blocks": 18, "Lossy Heap Blocks": 18, "Plans": [{"Node Type": "Bitmap Index Scan", "Parent Relationship": "Outer", "Index Name": "company_type_pkey", "Startup Cost": 0.0, "Total Cost": 0.26, "Plan Rows": 1, "Plan Width": 0, "Actual Startup Time": 0.156, "Actual Total Time": 0.156, "Actual Rows": 18, "Actual Loops": 104, "Index Cond": "(id = mc.company_type_id)"}]}]}]}, "Triggers": [], "Planner Runtime": 6, "Total Runtime": 1354.082, "Unique SQL Id": 2933943827}}, "(64, 40)": {"explain_plan": {"Plan": {"Node Type": "Aggregate", "Strategy": "Plain", "Startup Cost": 19897.43, "Total Cost": 19897.44, "Plan Rows": 1, "Plan Width": 97, "Plans": [{"Node Type": "Nested Loop", "Parent Relationship": "Outer", "Join Type": "Inner", "Startup Cost": 0.0, "Total Cost": 19897.42, "Plan Rows": 2, "Plan Width": 33, "Inner Unique": true, "Plans": [{"Node Type": "Nested Loop", "Parent Relationship": "Outer", "Join Type": "Inner", "Startup Cost": 0.0, "Total Cost": 19896.86, "Plan Rows": 2, "Plan Width": 37, "Inner Unique": true, "Plans": [{"Node Type": "Nested Loop", "Parent Relationship": "Outer", "Join Type": "Inner", "Startup Cost": 0.0, "Total Cost": 19869.97, "Plan Rows": 5, "Plan Width": 25, "Inner Unique": true, "Plans": [{"Node Type": "Nested Loop", "Parent Relationship": "Outer", "Join Type": "Inner", "Startup Cost": 0.0, "Total Cost": 19867.87, "Plan Rows": 6, "Plan Width": 16, "Inner Unique": false, "Join Filter": "(ci.role_id = rt.id)", "Plans": [{"Node Type": "Seq Scan", "Parent Relationship": "Outer", "Relation Name": "role_type", "Alias": "rt", "Startup Cost": 0.0, "Total Cost": 1.15, "Plan Rows": 1, "Plan Width": 4, "Filter": "((role)::text = 'actor'::text)"}, {"Node Type": "Nested Loop", "Parent Relationship": "Inner", "Join Type": "Inner", "Startup Cost": 0.0, "Total Cost": 19865.87, "Plan Rows": 68, "Plan Width": 20, "Inner Unique": false, "Plans": [{"Node Type": "Nested Loop", "Parent Relationship": "Outer", "Join Type": "Inner", "Startup Cost": 0.0, "Total Cost": 16121.55, "Plan Rows": 3779, "Plan Width": 8, "Inner Unique": false, "Plans": [{"Node Type": "Seq Scan", "Parent Relationship": "Outer", "Relation Name": "company_name", "Alias": "cn", "Startup Cost": 0.0, "Total Cost": 5903.45, "Plan Rows": 251, "Plan Width": 4, "Filter": "((country_code)::text = '[ru]'::text)"}, {"Node Type": "Index Scan", "Parent Relationship": "Inner", "Scan Direction": "Forward", "Index Name": "company_id_movie_companies", "Relation Name": "movie_companies", "Alias": "mc", "Startup Cost": 0.0, "Total Cost": 40.56, "Plan Rows": 15, "Plan Width": 12, "Index Cond": "(company_id = cn.id)"}]}, {"Node Type": "Index Scan", "Parent Relationship": "Inner", "Scan Direction": "Forward", "Index Name": "movie_id_cast_info", "Relation Name": "cast_info", "Alias": "ci", "Startup Cost": 0.0, "Total Cost": 0.98, "Plan Rows": 1, "Plan Width": 12, "Index Cond": "(movie_id = mc.movie_id)", "Filter": "(((note)::text ~~ '%(voice)%'::text) AND ((note)::text ~~ '%(uncredited)%'::text))"}]}]}, {"Node Type": "Index Scan", "Parent Relationship": "Inner", "Scan Direction": "Forward", "Index Name": "title_pkey", "Relation Name": "title", "Alias": "t", "Startup Cost": 0.0, "Total Cost": 0.34, "Plan Rows": 1, "Plan Width": 21, "Index Cond": "(id = mc.movie_id)", "Filter": "(production_year > 2005)"}]}, {"Node Type": "Index Scan", "Parent Relationship": "Inner", "Scan Direction": "Forward", "Index Name": "char_name_pkey", "Relation Name": "char_name", "Alias": "chn", "Startup Cost": 0.0, "Total Cost": 5.37, "Plan Rows": 1, "Plan Width": 20, "Index Cond": "(id = ci.person_role_id)"}]}, {"Node Type": "Index Only Scan", "Parent Relationship": "Inner", "Scan Direction": "Forward", "Index Name": "company_type_pkey", "Relation Name": "company_type", "Alias": "ct", "Startup Cost": 0.0, "Total Cost": 0.27, "Plan Rows": 1, "Plan Width": 4, "Index Cond": "(id = mc.company_type_id)"}]}]}, "Unique SQL Id": 2933943827, "Planner Runtime": 14}, "explain_analyze_plan": {"Plan": {"Node Type": "Aggregate", "Strategy": "Plain", "Startup Cost": 19897.43, "Total Cost": 19897.44, "Plan Rows": 1, "Plan Width": 97, "Actual Startup Time": 807.225, "Actual Total Time": 807.226, "Actual Rows": 1, "Actual Loops": 1, "Plans": [{"Node Type": "Nested Loop", "Parent Relationship": "Outer", "Join Type": "Inner", "Startup Cost": 0.0, "Total Cost": 19897.42, "Plan Rows": 2, "Plan Width": 33, "Actual Startup Time": 45.255, "Actual Total Time": 807.116, "Actual Rows": 18, "Actual Loops": 1, "Inner Unique": true, "Plans": [{"Node Type": "Nested Loop", "Parent Relationship": "Outer", "Join Type": "Inner", "Startup Cost": 0.0, "Total Cost": 19896.86, "Plan Rows": 2, "Plan Width": 37, "Actual Startup Time": 9.393, "Actual Total Time": 806.783, "Actual Rows": 104, "Actual Loops": 1, "Inner Unique": true, "Plans": [{"Node Type": "Nested Loop", "Parent Relationship": "Outer", "Join Type": "Inner", "Startup Cost": 0.0, "Total Cost": 19869.97, "Plan Rows": 5, "Plan Width": 25, "Actual Startup Time": 9.382, "Actual Total Time": 805.777, "Actual Rows": 112, "Actual Loops": 1, "Inner Unique": true, "Plans": [{"Node Type": "Nested Loop", "Parent Relationship": "Outer", "Join Type": "Inner", "Startup Cost": 0.0, "Total Cost": 19867.87, "Plan Rows": 6, "Plan Width": 16, "Actual Startup Time": 0.829, "Actual Total Time": 803.535, "Actual Rows": 275, "Actual Loops": 1, "Inner Unique": false, "Join Filter": "(ci.role_id = rt.id)", "Rows Removed by Join Filter": 102, "Plans": [{"Node Type": "Seq Scan", "Parent Relationship": "Outer", "Relation Name": "role_type", "Alias": "rt", "Startup Cost": 0.0, "Total Cost": 1.15, "Plan Rows": 1, "Plan Width": 4, "Actual Startup Time": 0.027, "Actual Total Time": 0.031, "Actual Rows": 1, "Actual Loops": 1, "Filter": "((role)::text = 'actor'::text)", "Rows Removed by Filter": 11}, {"Node Type": "Nested Loop", "Parent Relationship": "Inner", "Join Type": "Inner", "Startup Cost": 0.0, "Total Cost": 19865.87, "Plan Rows": 68, "Plan Width": 20, "Actual Startup Time": 0.793, "Actual Total Time": 803.216, "Actual Rows": 377, "Actual Loops": 1, "Inner Unique": false, "Plans": [{"Node Type": "Nested Loop", "Parent Relationship": "Outer", "Join Type": "Inner", "Startup Cost": 0.0, "Total Cost": 16121.55, "Plan Rows": 3779, "Plan Width": 8, "Actual Startup Time": 0.051, "Actual Total Time": 107.855, "Actual Rows": 8790, "Actual Loops": 1, "Inner Unique": false, "Plans": [{"Node Type": "Seq Scan", "Parent Relationship": "Outer", "Relation Name": "company_name", "Alias": "cn", "Startup Cost": 0.0, "Total Cost": 5903.45, "Plan Rows": 251, "Plan Width": 4, "Actual Startup Time": 0.033, "Actual Total Time": 82.985, "Actual Rows": 1361, "Actual Loops": 1, "Filter": "((country_code)::text = '[ru]'::text)", "Rows Removed by Filter": 233635}, {"Node Type": "Index Scan", "Parent Relationship": "Inner", "Scan Direction": "Forward", "Index Name": "company_id_movie_companies", "Relation Name": "movie_companies", "Alias": "mc", "Startup Cost": 0.0, "Total Cost": 40.56, "Plan Rows": 15, "Plan Width": 12, "Actual Startup Time": 8.733, "Actual Total Time": 21.453, "Actual Rows": 8790, "Actual Loops": 1361, "Index Cond": "(company_id = cn.id)", "Rows Removed by Index Recheck": 0}]}, {"Node Type": "Index Scan", "Parent Relationship": "Inner", "Scan Direction": "Forward", "Index Name": "movie_id_cast_info", "Relation Name": "cast_info", "Alias": "ci", "Startup Cost": 0.0, "Total Cost": 0.98, "Plan Rows": 1, "Plan Width": 12, "Actual Startup Time": 650.914, "Actual Total Time": 689.985, "Actual Rows": 377, "Actual Loops": 8790, "Index Cond": "(movie_id = mc.movie_id)", "Rows Removed by Index Recheck": 0, "Filter": "(((note)::text ~~ '%(voice)%'::text) AND ((note)::text ~~ '%(uncredited)%'::text))", "Rows Removed by Filter": 408168}]}]}, {"Node Type": "Index Scan", "Parent Relationship": "Inner", "Scan Direction": "Forward", "Index Name": "title_pkey", "Relation Name": "title", "Alias": "t", "Startup Cost": 0.0, "Total Cost": 0.34, "Plan Rows": 1, "Plan Width": 21, "Actual Startup Time": 1.834, "Actual Total Time": 1.834, "Actual Rows": 112, "Actual Loops": 275, "Index Cond": "(id = mc.movie_id)", "Rows Removed by Index Recheck": 0, "Filter": "(production_year > 2005)", "Rows Removed by Filter": 163}]}, {"Node Type": "Index Scan", "Parent Relationship": "Inner", "Scan Direction": "Forward", "Index Name": "char_name_pkey", "Relation Name": "char_name", "Alias": "chn", "Startup Cost": 0.0, "Total Cost": 5.37, "Plan Rows": 1, "Plan Width": 20, "Actual Startup Time": 0.772, "Actual Total Time": 0.772, "Actual Rows": 104, "Actual Loops": 112, "Index Cond": "(id = ci.person_role_id)", "Rows Removed by Index Recheck": 0}]}, {"Node Type": "Index Only Scan", "Parent Relationship": "Inner", "Scan Direction": "Forward", "Index Name": "company_type_pkey", "Relation Name": "company_type", "Alias": "ct", "Startup Cost": 0.0, "Total Cost": 0.27, "Plan Rows": 1, "Plan Width": 4, "Actual Startup Time": 0.201, "Actual Total Time": 0.201, "Actual Rows": 18, "Actual Loops": 104, "Index Cond": "(id = mc.company_type_id)", "Rows Removed by Index Recheck": 0, "Heap Fetches": 0}]}]}, "Triggers": [], "Planner Runtime": 6, "Total Runtime": 807.578, "Unique SQL Id": 2933943827}}, "(64, 41)": {"explain_plan": {"Plan": {"Node Type": "Aggregate", "Strategy": "Plain", "Startup Cost": 24506.67, "Total Cost": 24506.68, "Plan Rows": 1, "Plan Width": 97, "Plans": [{"Node Type": "Nested Loop", "Parent Relationship": "Outer", "Join Type": "Inner", "Startup Cost": 0.0, "Total Cost": 24506.66, "Plan Rows": 2, "Plan Width": 33, "Inner Unique": true, "Plans": [{"Node Type": "Nested Loop", "Parent Relationship": "Outer", "Join Type": "Inner", "Startup Cost": 0.0, "Total Cost": 24506.1, "Plan Rows": 2, "Plan Width": 37, "Inner Unique": true, "Plans": [{"Node Type": "Nested Loop", "Parent Relationship": "Outer", "Join Type": "Inner", "Startup Cost": 0.0, "Total Cost": 24479.22, "Plan Rows": 5, "Plan Width": 25, "Inner Unique": true, "Plans": [{"Node Type": "Nested Loop", "Parent Relationship": "Outer", "Join Type": "Inner", "Startup Cost": 0.0, "Total Cost": 24477.12, "Plan Rows": 6, "Plan Width": 16, "Inner Unique": false, "Join Filter": "(ci.role_id = rt.id)", "Plans": [{"Node Type": "Index Scan", "Parent Relationship": "Outer", "Scan Direction": "Forward", "Index Name": "role_type_pkey", "Relation Name": "role_type", "Alias": "rt", "Startup Cost": 0.0, "Total Cost": 12.46, "Plan Rows": 1, "Plan Width": 4, "Filter": "((role)::text = 'actor'::text)"}, {"Node Type": "Nested Loop", "Parent Relationship": "Inner", "Join Type": "Inner", "Startup Cost": 0.0, "Total Cost": 24463.81, "Plan Rows": 68, "Plan Width": 20, "Inner Unique": false, "Plans": [{"Node Type": "Nested Loop", "Parent Relationship": "Outer", "Join Type": "Inner", "Startup Cost": 0.0, "Total Cost": 20719.49, "Plan Rows": 3779, "Plan Width": 8, "Inner Unique": false, "Plans": [{"Node Type": "Index Scan", "Parent Relationship": "Outer", "Scan Direction": "Forward", "Index Name": "company_name_pkey", "Relation Name": "company_name", "Alias": "cn", "Startup Cost": 0.0, "Total Cost": 10501.39, "Plan Rows": 251, "Plan Width": 4, "Filter": "((country_code)::text = '[ru]'::text)"}, {"Node Type": "Index Scan", "Parent Relationship": "Inner", "Scan Direction": "Forward", "Index Name": "company_id_movie_companies", "Relation Name": "movie_companies", "Alias": "mc", "Startup Cost": 0.0, "Total Cost": 40.56, "Plan Rows": 15, "Plan Width": 12, "Index Cond": "(company_id = cn.id)"}]}, {"Node Type": "Index Scan", "Parent Relationship": "Inner", "Scan Direction": "Forward", "Index Name": "movie_id_cast_info", "Relation Name": "cast_info", "Alias": "ci", "Startup Cost": 0.0, "Total Cost": 0.98, "Plan Rows": 1, "Plan Width": 12, "Index Cond": "(movie_id = mc.movie_id)", "Filter": "(((note)::text ~~ '%(voice)%'::text) AND ((note)::text ~~ '%(uncredited)%'::text))"}]}]}, {"Node Type": "Index Scan", "Parent Relationship": "Inner", "Scan Direction": "Forward", "Index Name": "title_pkey", "Relation Name": "title", "Alias": "t", "Startup Cost": 0.0, "Total Cost": 0.34, "Plan Rows": 1, "Plan Width": 21, "Index Cond": "(id = mc.movie_id)", "Filter": "(production_year > 2005)"}]}, {"Node Type": "Index Scan", "Parent Relationship": "Inner", "Scan Direction": "Forward", "Index Name": "char_name_pkey", "Relation Name": "char_name", "Alias": "chn", "Startup Cost": 0.0, "Total Cost": 5.37, "Plan Rows": 1, "Plan Width": 20, "Index Cond": "(id = ci.person_role_id)"}]}, {"Node Type": "Index Only Scan", "Parent Relationship": "Inner", "Scan Direction": "Forward", "Index Name": "company_type_pkey", "Relation Name": "company_type", "Alias": "ct", "Startup Cost": 0.0, "Total Cost": 0.27, "Plan Rows": 1, "Plan Width": 4, "Index Cond": "(id = mc.company_type_id)"}]}]}, "Unique SQL Id": 2933943827, "Planner Runtime": 9}, "explain_analyze_plan": {"Plan": {"Node Type": "Aggregate", "Strategy": "Plain", "Startup Cost": 24506.67, "Total Cost": 24506.68, "Plan Rows": 1, "Plan Width": 97, "Actual Startup Time": 1060.039, "Actual Total Time": 1060.04, "Actual Rows": 1, "Actual Loops": 1, "Plans": [{"Node Type": "Nested Loop", "Parent Relationship": "Outer", "Join Type": "Inner", "Startup Cost": 0.0, "Total Cost": 24506.66, "Plan Rows": 2, "Plan Width": 33, "Actual Startup Time": 27.881, "Actual Total Time": 1059.925, "Actual Rows": 18, "Actual Loops": 1, "Inner Unique": true, "Plans": [{"Node Type": "Nested Loop", "Parent Relationship": "Outer", "Join Type": "Inner", "Startup Cost": 0.0, "Total Cost": 24506.1, "Plan Rows": 2, "Plan Width": 37, "Actual Startup Time": 21.36, "Actual Total Time": 1059.603, "Actual Rows": 104, "Actual Loops": 1, "Inner Unique": true, "Plans": [{"Node Type": "Nested Loop", "Parent Relationship": "Outer", "Join Type": "Inner", "Startup Cost": 0.0, "Total Cost": 24479.22, "Plan Rows": 5, "Plan Width": 25, "Actual Startup Time": 21.347, "Actual Total Time": 1058.503, "Actual Rows": 112, "Actual Loops": 1, "Inner Unique": true, "Plans": [{"Node Type": "Nested Loop", "Parent Relationship": "Outer", "Join Type": "Inner", "Startup Cost": 0.0, "Total Cost": 24477.12, "Plan Rows": 6, "Plan Width": 16, "Actual Startup Time": 5.948, "Actual Total Time": 1056.165, "Actual Rows": 275, "Actual Loops": 1, "Inner Unique": false, "Join Filter": "(ci.role_id = rt.id)", "Rows Removed by Join Filter": 102, "Plans": [{"Node Type": "Index Scan", "Parent Relationship": "Outer", "Scan Direction": "Forward", "Index Name": "role_type_pkey", "Relation Name": "role_type", "Alias": "rt", "Startup Cost": 0.0, "Total Cost": 12.46, "Plan Rows": 1, "Plan Width": 4, "Actual Startup Time": 0.026, "Actual Total Time": 0.035, "Actual Rows": 1, "Actual Loops": 1, "Filter": "((role)::text = 'actor'::text)", "Rows Removed by Filter": 11}, {"Node Type": "Nested Loop", "Parent Relationship": "Inner", "Join Type": "Inner", "Startup Cost": 0.0, "Total Cost": 24463.81, "Plan Rows": 68, "Plan Width": 20, "Actual Startup Time": 5.912, "Actual Total Time": 1055.848, "Actual Rows": 377, "Actual Loops": 1, "Inner Unique": false, "Plans": [{"Node Type": "Nested Loop", "Parent Relationship": "Outer", "Join Type": "Inner", "Startup Cost": 0.0, "Total Cost": 20719.49, "Plan Rows": 3779, "Plan Width": 8, "Actual Startup Time": 0.471, "Actual Total Time": 327.183, "Actual Rows": 8790, "Actual Loops": 1, "Inner Unique": false, "Plans": [{"Node Type": "Index Scan", "Parent Relationship": "Outer", "Scan Direction": "Forward", "Index Name": "company_name_pkey", "Relation Name": "company_name", "Alias": "cn", "Startup Cost": 0.0, "Total Cost": 10501.39, "Plan Rows": 251, "Plan Width": 4, "Actual Startup Time": 0.457, "Actual Total Time": 302.353, "Actual Rows": 1361, "Actual Loops": 1, "Filter": "((country_code)::text = '[ru]'::text)", "Rows Removed by Filter": 233635}, {"Node Type": "Index Scan", "Parent Relationship": "Inner", "Scan Direction": "Forward", "Index Name": "company_id_movie_companies", "Relation Name": "movie_companies", "Alias": "mc", "Startup Cost": 0.0, "Total Cost": 40.56, "Plan Rows": 15, "Plan Width": 12, "Actual Startup Time": 7.867, "Actual Total Time": 21.092, "Actual Rows": 8790, "Actual Loops": 1361, "Index Cond": "(company_id = cn.id)", "Rows Removed by Index Recheck": 0}]}, {"Node Type": "Index Scan", "Parent Relationship": "Inner", "Scan Direction": "Forward", "Index Name": "movie_id_cast_info", "Relation Name": "cast_info", "Alias": "ci", "Startup Cost": 0.0, "Total Cost": 0.98, "Plan Rows": 1, "Plan Width": 12, "Actual Startup Time": 682.594, "Actual Total Time": 723.141, "Actual Rows": 377, "Actual Loops": 8790, "Index Cond": "(movie_id = mc.movie_id)", "Rows Removed by Index Recheck": 0, "Filter": "(((note)::text ~~ '%(voice)%'::text) AND ((note)::text ~~ '%(uncredited)%'::text))", "Rows Removed by Filter": 408168}]}]}, {"Node Type": "Index Scan", "Parent Relationship": "Inner", "Scan Direction": "Forward", "Index Name": "title_pkey", "Relation Name": "title", "Alias": "t", "Startup Cost": 0.0, "Total Cost": 0.34, "Plan Rows": 1, "Plan Width": 21, "Actual Startup Time": 1.929, "Actual Total Time": 1.929, "Actual Rows": 112, "Actual Loops": 275, "Index Cond": "(id = mc.movie_id)", "Rows Removed by Index Recheck": 0, "Filter": "(production_year > 2005)", "Rows Removed by Filter": 163}]}, {"Node Type": "Index Scan", "Parent Relationship": "Inner", "Scan Direction": "Forward", "Index Name": "char_name_pkey", "Relation Name": "char_name", "Alias": "chn", "Startup Cost": 0.0, "Total Cost": 5.37, "Plan Rows": 1, "Plan Width": 20, "Actual Startup Time": 0.845, "Actual Total Time": 0.845, "Actual Rows": 104, "Actual Loops": 112, "Index Cond": "(id = ci.person_role_id)", "Rows Removed by Index Recheck": 0}]}, {"Node Type": "Index Only Scan", "Parent Relationship": "Inner", "Scan Direction": "Forward", "Index Name": "company_type_pkey", "Relation Name": "company_type", "Alias": "ct", "Startup Cost": 0.0, "Total Cost": 0.27, "Plan Rows": 1, "Plan Width": 4, "Actual Startup Time": 0.158, "Actual Total Time": 0.158, "Actual Rows": 18, "Actual Loops": 104, "Index Cond": "(id = mc.company_type_id)", "Rows Removed by Index Recheck": 0, "Heap Fetches": 0}]}]}, "Triggers": [], "Planner Runtime": 5, "Total Runtime": 1060.362, "Unique SQL Id": 2933943827}}, "(64, 42)": {"explain_plan": {"Plan": {"Node Type": "Aggregate", "Strategy": "Plain", "Startup Cost": 294959.19, "Total Cost": 294959.2, "Plan Rows": 1, "Plan Width": 97, "Plans": [{"Node Type": "Hash Join", "Parent Relationship": "Outer", "Join Type": "Inner", "Startup Cost": 156166.1, "Total Cost": 294959.17, "Plan Rows": 4, "Plan Width": 33, "Inner Unique": true, "Hash Cond": "(mc.movie_id = t.id)", "Plans": [{"Node Type": "Nested Loop", "Parent Relationship": "Outer", "Join Type": "Inner", "Startup Cost": 122261.06, "Total Cost": 261054.08, "Plan Rows": 3, "Plan Width": 24, "Inner Unique": true, "Join Filter": "(mc.company_type_id = ct.id)", "Plans": [{"Node Type": "Streaming(type: LOCAL GATHER dop: 1/64)", "Parent Relationship": "Outer", "Startup Cost": 122261.06, "Total Cost": 261052.91, "Plan Rows": 3, "Plan Width": 28, "Plans": [{"Node Type": "Hash Join", "Parent Relationship": "Outer", "Join Type": "Inner", "Startup Cost": 122261.06, "Total Cost": 261052.85, "Plan Rows": 3, "Plan Width": 28, "Inner Unique": true, "Hash Cond": "(ci.person_role_id = chn.id)", "Plans": [{"Node Type": "Streaming(type: BROADCAST dop: 64/1)", "Parent Relationship": "Outer", "Startup Cost": 57593.12, "Total Cost": 196384.88, "Plan Rows": 384, "Plan Width": 16, "Plans": [{"Node Type": "Nested Loop", "Parent Relationship": "Outer", "Join Type": "Inner", "Startup Cost": 57593.12, "Total Cost": 133376.96, "Plan Rows": 6, "Plan Width": 16, "Inner Unique": false, "Join Filter": "(ci.role_id = rt.id)", "Plans": [{"Node Type": "Seq Scan", "Parent Relationship": "Outer", "Relation Name": "role_type", "Alias": "rt", "Startup Cost": 0.0, "Total Cost": 1.15, "Plan Rows": 1, "Plan Width": 4, "Filter": "((role)::text = 'actor'::text)"}, {"Node Type": "Materialize", "Parent Relationship": "Inner", "Startup Cost": 57593.12, "Total Cost": 133375.13, "Plan Rows": 68, "Plan Width": 20, "Plans": [{"Node Type": "Hash Join", "Parent Relationship": "Outer", "Join Type": "Inner", "Startup Cost": 57593.12, "Total Cost": 133374.96, "Plan Rows": 68, "Plan Width": 20, "Inner Unique": false, "Hash Cond": "(ci.movie_id = mc.movie_id)", "Plans": [{"Node Type": "Streaming(type: LOCAL GATHER dop: 1/64)", "Parent Relationship": "Outer", "Startup Cost": 0.0, "Total Cost": 75697.06, "Plan Rows": 22295, "Plan Width": 12, "Plans": [{"Node Type": "Seq Scan", "Parent Relationship": "Outer", "Relation Name": "cast_info", "Alias": "ci", "Startup Cost": 0.0, "Total Cost": 75237.12, "Plan Rows": 22295, "Plan Width": 12, "Filter": "(((note)::text ~~ '%(voice)%'::text) AND ((note)::text ~~ '%(uncredited)%'::text))"}]}, {"Node Type": "Hash", "Parent Relationship": "Inner", "Startup Cost": 57545.89, "Total Cost": 57545.89, "Plan Rows": 3779, "Plan Width": 8, "Plans": [{"Node Type": "Hash Join", "Parent Relationship": "Outer", "Join Type": "Inner", "Startup Cost": 5906.59, "Total Cost": 57545.89, "Plan Rows": 3779, "Plan Width": 8, "Inner Unique": true, "Hash Cond": "(mc.company_id = cn.id)", "Plans": [{"Node Type": "Seq Scan", "Parent Relationship": "Outer", "Relation Name": "movie_companies", "Alias": "mc", "Startup Cost": 0.0, "Total Cost": 41817.28, "Plan Rows": 2609128, "Plan Width": 12}, {"Node Type": "Hash", "Parent Relationship": "Inner", "Startup Cost": 5903.45, "Total Cost": 5903.45, "Plan Rows": 251, "Plan Width": 4, "Plans": [{"Node Type": "Seq Scan", "Parent Relationship": "Outer", "Relation Name": "company_name", "Alias": "cn", "Startup Cost": 0.0, "Total Cost": 5903.45, "Plan Rows": 251, "Plan Width": 4, "Filter": "((country_code)::text = '[ru]'::text)"}]}]}]}]}]}]}]}, {"Node Type": "Hash", "Parent Relationship": "Inner", "Startup Cost": 64054.58, "Total Cost": 64054.58, "Plan Rows": 3140338, "Plan Width": 20, "Plans": [{"Node Type": "Seq Scan", "Parent Relationship": "Outer", "Relation Name": "char_name", "Alias": "chn", "Startup Cost": 0.0, "Total Cost": 64054.58, "Plan Rows": 3140338, "Plan Width": 20}]}]}]}, {"Node Type": "Materialize", "Parent Relationship": "Inner", "Startup Cost": 0.0, "Total Cost": 1.04, "Plan Rows": 3, "Plan Width": 4, "Plans": [{"Node Type": "Seq Scan", "Parent Relationship": "Outer", "Relation Name": "company_type", "Alias": "ct", "Startup Cost": 0.0, "Total Cost": 1.03, "Plan Rows": 3, "Plan Width": 4}]}]}, {"Node Type": "Hash", "Parent Relationship": "Inner", "Startup Cost": 84945.56, "Total Cost": 84945.56, "Plan Rows": 1013492, "Plan Width": 21, "Plans": [{"Node Type": "Streaming(type: LOCAL GATHER dop: 1/64)", "Parent Relationship": "Outer", "Startup Cost": 0.0, "Total Cost": 84945.56, "Plan Rows": 1013492, "Plan Width": 21, "Plans": [{"Node Type": "Seq Scan", "Parent Relationship": "Outer", "Relation Name": "title", "Alias": "t", "Startup Cost": 0.0, "Total Cost": 64037.34, "Plan Rows": 1013492, "Plan Width": 21, "Filter": "(production_year > 2005), (LLVM Optimized)"}]}]}]}]}, "Unique SQL Id": 2933943827, "Planner Runtime": 52}, "explain_analyze_plan": null}, "(64, 43)": {"explain_plan": {"Plan": {"Node Type": "Aggregate", "Strategy": "Plain", "Startup Cost": 7000198711155.37, "Total Cost": 7000198711155.38, "Plan Rows": 1, "Plan Width": 97, "Plans": [{"Node Type": "Nested Loop", "Parent Relationship": "Outer", "Join Type": "Inner", "Startup Cost": 70000000000.0, "Total Cost": 7000198711155.35, "Plan Rows": 4, "Plan Width": 33, "Inner Unique": true, "Join Filter": "(mc.company_type_id = ct.id)", "Plans": [{"Node Type": "Nested Loop", "Parent Relationship": "Outer", "Join Type": "Inner", "Startup Cost": 60000000000.0, "Total Cost": 6000198710325.66, "Plan Rows": 4, "Plan Width": 37, "Inner Unique": true, "Join Filter": "(mc.movie_id = t.id)", "Plans": [{"Node Type": "Nested Loop", "Parent Relationship": "Outer", "Join Type": "Inner", "Startup Cost": 50000000000.0, "Total Cost": 5000187018058.12, "Plan Rows": 3, "Plan Width": 28, "Inner Unique": true, "Join Filter": "(ci.person_role_id = chn.id)", "Plans": [{"Node Type": "Nested Loop", "Parent Relationship": "Outer", "Join Type": "Inner", "Startup Cost": 40000000000.0, "Total Cost": 4000173740031.35, "Plan Rows": 6, "Plan Width": 16, "Inner Unique": true, "Join Filter": "(ci.role_id = rt.id)", "Plans": [{"Node Type": "Nested Loop", "Parent Relationship": "Outer", "Join Type": "Inner", "Startup Cost": 30000000000.0, "Total Cost": 3000173738784.33, "Plan Rows": 68, "Plan Width": 20, "Inner Unique": false, "Join Filter": "(mc.movie_id = ci.movie_id)", "Plans": [{"Node Type": "Nested Loop", "Parent Relationship": "Outer", "Join Type": "Inner", "Startup Cost": 20000000000.0, "Total Cost": 2000020191723.52, "Plan Rows": 3779, "Plan Width": 8, "Inner Unique": true, "Join Filter": "(cn.id = mc.company_id)", "Plans": [{"Node Type": "Index Scan", "Parent Relationship": "Outer", "Scan Direction": "Forward", "Index Name": "company_type_id_movie_companies", "Relation Name": "movie_companies", "Alias": "mc", "Startup Cost": 10000000000.0, "Total Cost": 1000009318217.0, "Plan Rows": 2609128, "Plan Width": 12}, {"Node Type": "Materialize", "Parent Relationship": "Inner", "Startup Cost": 10000000000.0, "Total Cost": 1000001050140.22, "Plan Rows": 251, "Plan Width": 4, "Plans": [{"Node Type": "Index Scan", "Parent Relationship": "Outer", "Scan Direction": "Forward", "Index Name": "company_name_pkey", "Relation Name": "company_name", "Alias": "cn", "Startup Cost": 10000000000.0, "Total Cost": 1000001050138.97, "Plan Rows": 251, "Plan Width": 4, "Filter": "((country_code)::text = '[ru]'::text)"}]}]}, {"Node Type": "Materialize", "Parent Relationship": "Inner", "Startup Cost": 10000000000.0, "Total Cost": 1000152283324.47, "Plan Rows": 22295, "Plan Width": 12, "Plans": [{"Node Type": "Index Scan", "Parent Relationship": "Outer", "Scan Direction": "Forward", "Index Name": "role_id_cast_info", "Relation Name": "cast_info", "Alias": "ci", "Startup Cost": 10000000000.0, "Total Cost": 1000152283213.0, "Plan Rows": 22295, "Plan Width": 12, "Filter": "(((note)::text ~~ '%(voice)%'::text) AND ((note)::text ~~ '%(uncredited)%'::text))"}]}]}, {"Node Type": "Materialize", "Parent Relationship": "Inner", "Startup Cost": 10000000000.0, "Total Cost": 1000000001246.0, "Plan Rows": 1, "Plan Width": 4, "Plans": [{"Node Type": "Index Scan", "Parent Relationship": "Outer", "Scan Direction": "Forward", "Index Name": "role_type_pkey", "Relation Name": "role_type", "Alias": "rt", "Startup Cost": 10000000000.0, "Total Cost": 1000000001246.0, "Plan Rows": 1, "Plan Width": 4, "Filter": "((role)::text = 'actor'::text)"}]}]}, {"Node Type": "Materialize", "Parent Relationship": "Inner", "Startup Cost": 10000000000.0, "Total Cost": 1000013003247.2, "Plan Rows": 3140338, "Plan Width": 20, "Plans": [{"Node Type": "Index Scan", "Parent Relationship": "Outer", "Scan Direction": "Forward", "Index Name": "char_name_pkey", "Relation Name": "char_name", "Alias": "chn", "Startup Cost": 10000000000.0, "Total Cost": 1000012987545.51, "Plan Rows": 3140338, "Plan Width": 20}]}]}, {"Node Type": "Materialize", "Parent Relationship": "Inner", "Startup Cost": 10000000000.0, "Total Cost": 1000011649194.12, "Plan Rows": 1013492, "Plan Width": 21, "Plans": [{"Node Type": "Index Scan", "Parent Relationship": "Outer", "Scan Direction": "Forward", "Index Name": "title_pkey", "Relation Name": "title", "Alias": "t", "Startup Cost": 10000000000.0, "Total Cost": 1000011644126.66, "Plan Rows": 1013492, "Plan Width": 21, "Filter": "(production_year > 2005), (LLVM Optimized)"}]}]}, {"Node Type": "Materialize", "Parent Relationship": "Inner", "Startup Cost": 10000000000.0, "Total Cost": 1000000000829.52, "Plan Rows": 3, "Plan Width": 4, "Plans": [{"Node Type": "Index Only Scan", "Parent Relationship": "Outer", "Scan Direction": "Forward", "Index Name": "company_type_pkey", "Relation Name": "company_type", "Alias": "ct", "Startup Cost": 10000000000.0, "Total Cost": 1000000000829.5, "Plan Rows": 3, "Plan Width": 4}]}]}]}, "Unique SQL Id": 2933943827, "Planner Runtime": 17}, "explain_analyze_plan": null}, "(64, 44)": {"explain_plan": {"Plan": {"Node Type": "Aggregate", "Strategy": "Plain", "Startup Cost": 19897.43, "Total Cost": 19897.44, "Plan Rows": 1, "Plan Width": 97, "Plans": [{"Node Type": "Nested Loop", "Parent Relationship": "Outer", "Join Type": "Inner", "Startup Cost": 0.0, "Total Cost": 19897.42, "Plan Rows": 2, "Plan Width": 33, "Inner Unique": true, "Plans": [{"Node Type": "Nested Loop", "Parent Relationship": "Outer", "Join Type": "Inner", "Startup Cost": 0.0, "Total Cost": 19896.86, "Plan Rows": 2, "Plan Width": 37, "Inner Unique": true, "Plans": [{"Node Type": "Nested Loop", "Parent Relationship": "Outer", "Join Type": "Inner", "Startup Cost": 0.0, "Total Cost": 19869.97, "Plan Rows": 5, "Plan Width": 25, "Inner Unique": true, "Plans": [{"Node Type": "Nested Loop", "Parent Relationship": "Outer", "Join Type": "Inner", "Startup Cost": 0.0, "Total Cost": 19867.87, "Plan Rows": 6, "Plan Width": 16, "Inner Unique": false, "Join Filter": "(ci.role_id = rt.id)", "Plans": [{"Node Type": "Seq Scan", "Parent Relationship": "Outer", "Relation Name": "role_type", "Alias": "rt", "Startup Cost": 0.0, "Total Cost": 1.15, "Plan Rows": 1, "Plan Width": 4, "Filter": "((role)::text = 'actor'::text)"}, {"Node Type": "Nested Loop", "Parent Relationship": "Inner", "Join Type": "Inner", "Startup Cost": 0.0, "Total Cost": 19865.87, "Plan Rows": 68, "Plan Width": 20, "Inner Unique": false, "Plans": [{"Node Type": "Nested Loop", "Parent Relationship": "Outer", "Join Type": "Inner", "Startup Cost": 0.0, "Total Cost": 16121.55, "Plan Rows": 3779, "Plan Width": 8, "Inner Unique": false, "Plans": [{"Node Type": "Seq Scan", "Parent Relationship": "Outer", "Relation Name": "company_name", "Alias": "cn", "Startup Cost": 0.0, "Total Cost": 5903.45, "Plan Rows": 251, "Plan Width": 4, "Filter": "((country_code)::text = '[ru]'::text)"}, {"Node Type": "Index Scan", "Parent Relationship": "Inner", "Scan Direction": "Forward", "Index Name": "company_id_movie_companies", "Relation Name": "movie_companies", "Alias": "mc", "Startup Cost": 0.0, "Total Cost": 40.56, "Plan Rows": 15, "Plan Width": 12, "Index Cond": "(company_id = cn.id)"}]}, {"Node Type": "Index Scan", "Parent Relationship": "Inner", "Scan Direction": "Forward", "Index Name": "movie_id_cast_info", "Relation Name": "cast_info", "Alias": "ci", "Startup Cost": 0.0, "Total Cost": 0.98, "Plan Rows": 1, "Plan Width": 12, "Index Cond": "(movie_id = mc.movie_id)", "Filter": "(((note)::text ~~ '%(voice)%'::text) AND ((note)::text ~~ '%(uncredited)%'::text))"}]}]}, {"Node Type": "Index Scan", "Parent Relationship": "Inner", "Scan Direction": "Forward", "Index Name": "title_pkey", "Relation Name": "title", "Alias": "t", "Startup Cost": 0.0, "Total Cost": 0.34, "Plan Rows": 1, "Plan Width": 21, "Index Cond": "(id = mc.movie_id)", "Filter": "(production_year > 2005)"}]}, {"Node Type": "Index Scan", "Parent Relationship": "Inner", "Scan Direction": "Forward", "Index Name": "char_name_pkey", "Relation Name": "char_name", "Alias": "chn", "Startup Cost": 0.0, "Total Cost": 5.37, "Plan Rows": 1, "Plan Width": 20, "Index Cond": "(id = ci.person_role_id)"}]}, {"Node Type": "Index Scan", "Parent Relationship": "Inner", "Scan Direction": "Forward", "Index Name": "company_type_pkey", "Relation Name": "company_type", "Alias": "ct", "Startup Cost": 0.0, "Total Cost": 0.27, "Plan Rows": 1, "Plan Width": 4, "Index Cond": "(id = mc.company_type_id)"}]}]}, "Unique SQL Id": 2933943827, "Planner Runtime": 14}, "explain_analyze_plan": {"Plan": {"Node Type": "Aggregate", "Strategy": "Plain", "Startup Cost": 19897.43, "Total Cost": 19897.44, "Plan Rows": 1, "Plan Width": 97, "Actual Startup Time": 804.024, "Actual Total Time": 804.024, "Actual Rows": 1, "Actual Loops": 1, "Plans": [{"Node Type": "Nested Loop", "Parent Relationship": "Outer", "Join Type": "Inner", "Startup Cost": 0.0, "Total Cost": 19897.42, "Plan Rows": 2, "Plan Width": 33, "Actual Startup Time": 47.786, "Actual Total Time": 803.917, "Actual Rows": 18, "Actual Loops": 1, "Inner Unique": true, "Plans": [{"Node Type": "Nested Loop", "Parent Relationship": "Outer", "Join Type": "Inner", "Startup Cost": 0.0, "Total Cost": 19896.86, "Plan Rows": 2, "Plan Width": 37, "Actual Startup Time": 10.009, "Actual Total Time": 803.609, "Actual Rows": 104, "Actual Loops": 1, "Inner Unique": true, "Plans": [{"Node Type": "Nested Loop", "Parent Relationship": "Outer", "Join Type": "Inner", "Startup Cost": 0.0, "Total Cost": 19869.97, "Plan Rows": 5, "Plan Width": 25, "Actual Startup Time": 9.994, "Actual Total Time": 802.565, "Actual Rows": 112, "Actual Loops": 1, "Inner Unique": true, "Plans": [{"Node Type": "Nested Loop", "Parent Relationship": "Outer", "Join Type": "Inner", "Startup Cost": 0.0, "Total Cost": 19867.87, "Plan Rows": 6, "Plan Width": 16, "Actual Startup Time": 0.857, "Actual Total Time": 800.305, "Actual Rows": 275, "Actual Loops": 1, "Inner Unique": false, "Join Filter": "(ci.role_id = rt.id)", "Rows Removed by Join Filter": 102, "Plans": [{"Node Type": "Seq Scan", "Parent Relationship": "Outer", "Relation Name": "role_type", "Alias": "rt", "Startup Cost": 0.0, "Total Cost": 1.15, "Plan Rows": 1, "Plan Width": 4, "Actual Startup Time": 0.035, "Actual Total Time": 0.04, "Actual Rows": 1, "Actual Loops": 1, "Filter": "((role)::text = 'actor'::text)", "Rows Removed by Filter": 11}, {"Node Type": "Nested Loop", "Parent Relationship": "Inner", "Join Type": "Inner", "Startup Cost": 0.0, "Total Cost": 19865.87, "Plan Rows": 68, "Plan Width": 20, "Actual Startup Time": 0.814, "Actual Total Time": 800.006, "Actual Rows": 377, "Actual Loops": 1, "Inner Unique": false, "Plans": [{"Node Type": "Nested Loop", "Parent Relationship": "Outer", "Join Type": "Inner", "Startup Cost": 0.0, "Total Cost": 16121.55, "Plan Rows": 3779, "Plan Width": 8, "Actual Startup Time": 0.057, "Actual Total Time": 107.506, "Actual Rows": 8790, "Actual Loops": 1, "Inner Unique": false, "Plans": [{"Node Type": "Seq Scan", "Parent Relationship": "Outer", "Relation Name": "company_name", "Alias": "cn", "Startup Cost": 0.0, "Total Cost": 5903.45, "Plan Rows": 251, "Plan Width": 4, "Actual Startup Time": 0.037, "Actual Total Time": 83.104, "Actual Rows": 1361, "Actual Loops": 1, "Filter": "((country_code)::text = '[ru]'::text)", "Rows Removed by Filter": 233635}, {"Node Type": "Index Scan", "Parent Relationship": "Inner", "Scan Direction": "Forward", "Index Name": "company_id_movie_companies", "Relation Name": "movie_companies", "Alias": "mc", "Startup Cost": 0.0, "Total Cost": 40.56, "Plan Rows": 15, "Plan Width": 12, "Actual Startup Time": 8.468, "Actual Total Time": 21.018, "Actual Rows": 8790, "Actual Loops": 1361, "Index Cond": "(company_id = cn.id)", "Rows Removed by Index Recheck": 0}]}, {"Node Type": "Index Scan", "Parent Relationship": "Inner", "Scan Direction": "Forward", "Index Name": "movie_id_cast_info", "Relation Name": "cast_info", "Alias": "ci", "Startup Cost": 0.0, "Total Cost": 0.98, "Plan Rows": 1, "Plan Width": 12, "Actual Startup Time": 647.342, "Actual Total Time": 687.066, "Actual Rows": 377, "Actual Loops": 8790, "Index Cond": "(movie_id = mc.movie_id)", "Rows Removed by Index Recheck": 0, "Filter": "(((note)::text ~~ '%(voice)%'::text) AND ((note)::text ~~ '%(uncredited)%'::text))", "Rows Removed by Filter": 408168}]}]}, {"Node Type": "Index Scan", "Parent Relationship": "Inner", "Scan Direction": "Forward", "Index Name": "title_pkey", "Relation Name": "title", "Alias": "t", "Startup Cost": 0.0, "Total Cost": 0.34, "Plan Rows": 1, "Plan Width": 21, "Actual Startup Time": 1.837, "Actual Total Time": 1.837, "Actual Rows": 112, "Actual Loops": 275, "Index Cond": "(id = mc.movie_id)", "Rows Removed by Index Recheck": 0, "Filter": "(production_year > 2005)", "Rows Removed by Filter": 163}]}, {"Node Type": "Index Scan", "Parent Relationship": "Inner", "Scan Direction": "Forward", "Index Name": "char_name_pkey", "Relation Name": "char_name", "Alias": "chn", "Startup Cost": 0.0, "Total Cost": 5.37, "Plan Rows": 1, "Plan Width": 20, "Actual Startup Time": 0.803, "Actual Total Time": 0.803, "Actual Rows": 104, "Actual Loops": 112, "Index Cond": "(id = ci.person_role_id)", "Rows Removed by Index Recheck": 0}]}, {"Node Type": "Index Scan", "Parent Relationship": "Inner", "Scan Direction": "Forward", "Index Name": "company_type_pkey", "Relation Name": "company_type", "Alias": "ct", "Startup Cost": 0.0, "Total Cost": 0.27, "Plan Rows": 1, "Plan Width": 4, "Actual Startup Time": 0.179, "Actual Total Time": 0.179, "Actual Rows": 18, "Actual Loops": 104, "Index Cond": "(id = mc.company_type_id)", "Rows Removed by Index Recheck": 0}]}]}, "Triggers": [], "Planner Runtime": 7, "Total Runtime": 804.361, "Unique SQL Id": 2933943827}}, "(64, 45)": {"explain_plan": {"Plan": {"Node Type": "Aggregate", "Strategy": "Plain", "Startup Cost": 24506.67, "Total Cost": 24506.68, "Plan Rows": 1, "Plan Width": 97, "Plans": [{"Node Type": "Nested Loop", "Parent Relationship": "Outer", "Join Type": "Inner", "Startup Cost": 0.0, "Total Cost": 24506.66, "Plan Rows": 2, "Plan Width": 33, "Inner Unique": true, "Plans": [{"Node Type": "Nested Loop", "Parent Relationship": "Outer", "Join Type": "Inner", "Startup Cost": 0.0, "Total Cost": 24506.1, "Plan Rows": 2, "Plan Width": 37, "Inner Unique": true, "Plans": [{"Node Type": "Nested Loop", "Parent Relationship": "Outer", "Join Type": "Inner", "Startup Cost": 0.0, "Total Cost": 24479.22, "Plan Rows": 5, "Plan Width": 25, "Inner Unique": true, "Plans": [{"Node Type": "Nested Loop", "Parent Relationship": "Outer", "Join Type": "Inner", "Startup Cost": 0.0, "Total Cost": 24477.12, "Plan Rows": 6, "Plan Width": 16, "Inner Unique": false, "Join Filter": "(ci.role_id = rt.id)", "Plans": [{"Node Type": "Index Scan", "Parent Relationship": "Outer", "Scan Direction": "Forward", "Index Name": "role_type_pkey", "Relation Name": "role_type", "Alias": "rt", "Startup Cost": 0.0, "Total Cost": 12.46, "Plan Rows": 1, "Plan Width": 4, "Filter": "((role)::text = 'actor'::text)"}, {"Node Type": "Nested Loop", "Parent Relationship": "Inner", "Join Type": "Inner", "Startup Cost": 0.0, "Total Cost": 24463.81, "Plan Rows": 68, "Plan Width": 20, "Inner Unique": false, "Plans": [{"Node Type": "Nested Loop", "Parent Relationship": "Outer", "Join Type": "Inner", "Startup Cost": 0.0, "Total Cost": 20719.49, "Plan Rows": 3779, "Plan Width": 8, "Inner Unique": false, "Plans": [{"Node Type": "Index Scan", "Parent Relationship": "Outer", "Scan Direction": "Forward", "Index Name": "company_name_pkey", "Relation Name": "company_name", "Alias": "cn", "Startup Cost": 0.0, "Total Cost": 10501.39, "Plan Rows": 251, "Plan Width": 4, "Filter": "((country_code)::text = '[ru]'::text)"}, {"Node Type": "Index Scan", "Parent Relationship": "Inner", "Scan Direction": "Forward", "Index Name": "company_id_movie_companies", "Relation Name": "movie_companies", "Alias": "mc", "Startup Cost": 0.0, "Total Cost": 40.56, "Plan Rows": 15, "Plan Width": 12, "Index Cond": "(company_id = cn.id)"}]}, {"Node Type": "Index Scan", "Parent Relationship": "Inner", "Scan Direction": "Forward", "Index Name": "movie_id_cast_info", "Relation Name": "cast_info", "Alias": "ci", "Startup Cost": 0.0, "Total Cost": 0.98, "Plan Rows": 1, "Plan Width": 12, "Index Cond": "(movie_id = mc.movie_id)", "Filter": "(((note)::text ~~ '%(voice)%'::text) AND ((note)::text ~~ '%(uncredited)%'::text))"}]}]}, {"Node Type": "Index Scan", "Parent Relationship": "Inner", "Scan Direction": "Forward", "Index Name": "title_pkey", "Relation Name": "title", "Alias": "t", "Startup Cost": 0.0, "Total Cost": 0.34, "Plan Rows": 1, "Plan Width": 21, "Index Cond": "(id = mc.movie_id)", "Filter": "(production_year > 2005)"}]}, {"Node Type": "Index Scan", "Parent Relationship": "Inner", "Scan Direction": "Forward", "Index Name": "char_name_pkey", "Relation Name": "char_name", "Alias": "chn", "Startup Cost": 0.0, "Total Cost": 5.37, "Plan Rows": 1, "Plan Width": 20, "Index Cond": "(id = ci.person_role_id)"}]}, {"Node Type": "Index Scan", "Parent Relationship": "Inner", "Scan Direction": "Forward", "Index Name": "company_type_pkey", "Relation Name": "company_type", "Alias": "ct", "Startup Cost": 0.0, "Total Cost": 0.27, "Plan Rows": 1, "Plan Width": 4, "Index Cond": "(id = mc.company_type_id)"}]}]}, "Unique SQL Id": 2933943827, "Planner Runtime": 9}, "explain_analyze_plan": {"Plan": {"Node Type": "Aggregate", "Strategy": "Plain", "Startup Cost": 24506.67, "Total Cost": 24506.68, "Plan Rows": 1, "Plan Width": 97, "Actual Startup Time": 1075.373, "Actual Total Time": 1075.373, "Actual Rows": 1, "Actual Loops": 1, "Plans": [{"Node Type": "Nested Loop", "Parent Relationship": "Outer", "Join Type": "Inner", "Startup Cost": 0.0, "Total Cost": 24506.66, "Plan Rows": 2, "Plan Width": 33, "Actual Startup Time": 27.528, "Actual Total Time": 1075.274, "Actual Rows": 18, "Actual Loops": 1, "Inner Unique": true, "Plans": [{"Node Type": "Nested Loop", "Parent Relationship": "Outer", "Join Type": "Inner", "Startup Cost": 0.0, "Total Cost": 24506.1, "Plan Rows": 2, "Plan Width": 37, "Actual Startup Time": 21.072, "Actual Total Time": 1074.971, "Actual Rows": 104, "Actual Loops": 1, "Inner Unique": true, "Plans": [{"Node Type": "Nested Loop", "Parent Relationship": "Outer", "Join Type": "Inner", "Startup Cost": 0.0, "Total Cost": 24479.22, "Plan Rows": 5, "Plan Width": 25, "Actual Startup Time": 21.057, "Actual Total Time": 1073.844, "Actual Rows": 112, "Actual Loops": 1, "Inner Unique": true, "Plans": [{"Node Type": "Nested Loop", "Parent Relationship": "Outer", "Join Type": "Inner", "Startup Cost": 0.0, "Total Cost": 24477.12, "Plan Rows": 6, "Plan Width": 16, "Actual Startup Time": 5.969, "Actual Total Time": 1071.384, "Actual Rows": 275, "Actual Loops": 1, "Inner Unique": false, "Join Filter": "(ci.role_id = rt.id)", "Rows Removed by Join Filter": 102, "Plans": [{"Node Type": "Index Scan", "Parent Relationship": "Outer", "Scan Direction": "Forward", "Index Name": "role_type_pkey", "Relation Name": "role_type", "Alias": "rt", "Startup Cost": 0.0, "Total Cost": 12.46, "Plan Rows": 1, "Plan Width": 4, "Actual Startup Time": 0.022, "Actual Total Time": 0.034, "Actual Rows": 1, "Actual Loops": 1, "Filter": "((role)::text = 'actor'::text)", "Rows Removed by Filter": 11}, {"Node Type": "Nested Loop", "Parent Relationship": "Inner", "Join Type": "Inner", "Startup Cost": 0.0, "Total Cost": 24463.81, "Plan Rows": 68, "Plan Width": 20, "Actual Startup Time": 5.938, "Actual Total Time": 1071.055, "Actual Rows": 377, "Actual Loops": 1, "Inner Unique": false, "Plans": [{"Node Type": "Nested Loop", "Parent Relationship": "Outer", "Join Type": "Inner", "Startup Cost": 0.0, "Total Cost": 20719.49, "Plan Rows": 3779, "Plan Width": 8, "Actual Startup Time": 0.458, "Actual Total Time": 317.999, "Actual Rows": 8790, "Actual Loops": 1, "Inner Unique": false, "Plans": [{"Node Type": "Index Scan", "Parent Relationship": "Outer", "Scan Direction": "Forward", "Index Name": "company_name_pkey", "Relation Name": "company_name", "Alias": "cn", "Startup Cost": 0.0, "Total Cost": 10501.39, "Plan Rows": 251, "Plan Width": 4, "Actual Startup Time": 0.445, "Actual Total Time": 292.438, "Actual Rows": 1361, "Actual Loops": 1, "Filter": "((country_code)::text = '[ru]'::text)", "Rows Removed by Filter": 233635}, {"Node Type": "Index Scan", "Parent Relationship": "Inner", "Scan Direction": "Forward", "Index Name": "company_id_movie_companies", "Relation Name": "movie_companies", "Alias": "mc", "Startup Cost": 0.0, "Total Cost": 40.56, "Plan Rows": 15, "Plan Width": 12, "Actual Startup Time": 8.383, "Actual Total Time": 22.016, "Actual Rows": 8790, "Actual Loops": 1361, "Index Cond": "(company_id = cn.id)", "Rows Removed by Index Recheck": 0}]}, {"Node Type": "Index Scan", "Parent Relationship": "Inner", "Scan Direction": "Forward", "Index Name": "movie_id_cast_info", "Relation Name": "cast_info", "Alias": "ci", "Startup Cost": 0.0, "Total Cost": 0.98, "Plan Rows": 1, "Plan Width": 12, "Actual Startup Time": 705.089, "Actual Total Time": 747.477, "Actual Rows": 377, "Actual Loops": 8790, "Index Cond": "(movie_id = mc.movie_id)", "Rows Removed by Index Recheck": 0, "Filter": "(((note)::text ~~ '%(voice)%'::text) AND ((note)::text ~~ '%(uncredited)%'::text))", "Rows Removed by Filter": 408168}]}]}, {"Node Type": "Index Scan", "Parent Relationship": "Inner", "Scan Direction": "Forward", "Index Name": "title_pkey", "Relation Name": "title", "Alias": "t", "Startup Cost": 0.0, "Total Cost": 0.34, "Plan Rows": 1, "Plan Width": 21, "Actual Startup Time": 2.031, "Actual Total Time": 2.031, "Actual Rows": 112, "Actual Loops": 275, "Index Cond": "(id = mc.movie_id)", "Rows Removed by Index Recheck": 0, "Filter": "(production_year > 2005)", "Rows Removed by Filter": 163}]}, {"Node Type": "Index Scan", "Parent Relationship": "Inner", "Scan Direction": "Forward", "Index Name": "char_name_pkey", "Relation Name": "char_name", "Alias": "chn", "Startup Cost": 0.0, "Total Cost": 5.37, "Plan Rows": 1, "Plan Width": 20, "Actual Startup Time": 0.861, "Actual Total Time": 0.861, "Actual Rows": 104, "Actual Loops": 112, "Index Cond": "(id = ci.person_role_id)", "Rows Removed by Index Recheck": 0}]}, {"Node Type": "Index Scan", "Parent Relationship": "Inner", "Scan Direction": "Forward", "Index Name": "company_type_pkey", "Relation Name": "company_type", "Alias": "ct", "Startup Cost": 0.0, "Total Cost": 0.27, "Plan Rows": 1, "Plan Width": 4, "Actual Startup Time": 0.157, "Actual Total Time": 0.157, "Actual Rows": 18, "Actual Loops": 104, "Index Cond": "(id = mc.company_type_id)", "Rows Removed by Index Recheck": 0}]}]}, "Triggers": [], "Planner Runtime": 5, "Total Runtime": 1075.71, "Unique SQL Id": 2933943827}}, "(64, 46)": {"explain_plan": {"Plan": {"Node Type": "Aggregate", "Strategy": "Plain", "Startup Cost": 294959.19, "Total Cost": 294959.2, "Plan Rows": 1, "Plan Width": 97, "Plans": [{"Node Type": "Hash Join", "Parent Relationship": "Outer", "Join Type": "Inner", "Startup Cost": 156166.1, "Total Cost": 294959.17, "Plan Rows": 4, "Plan Width": 33, "Inner Unique": true, "Hash Cond": "(mc.movie_id = t.id)", "Plans": [{"Node Type": "Nested Loop", "Parent Relationship": "Outer", "Join Type": "Inner", "Startup Cost": 122261.06, "Total Cost": 261054.08, "Plan Rows": 3, "Plan Width": 24, "Inner Unique": true, "Join Filter": "(mc.company_type_id = ct.id)", "Plans": [{"Node Type": "Streaming(type: LOCAL GATHER dop: 1/64)", "Parent Relationship": "Outer", "Startup Cost": 122261.06, "Total Cost": 261052.91, "Plan Rows": 3, "Plan Width": 28, "Plans": [{"Node Type": "Hash Join", "Parent Relationship": "Outer", "Join Type": "Inner", "Startup Cost": 122261.06, "Total Cost": 261052.85, "Plan Rows": 3, "Plan Width": 28, "Inner Unique": true, "Hash Cond": "(ci.person_role_id = chn.id)", "Plans": [{"Node Type": "Streaming(type: BROADCAST dop: 64/1)", "Parent Relationship": "Outer", "Startup Cost": 57593.12, "Total Cost": 196384.88, "Plan Rows": 384, "Plan Width": 16, "Plans": [{"Node Type": "Nested Loop", "Parent Relationship": "Outer", "Join Type": "Inner", "Startup Cost": 57593.12, "Total Cost": 133376.96, "Plan Rows": 6, "Plan Width": 16, "Inner Unique": false, "Join Filter": "(ci.role_id = rt.id)", "Plans": [{"Node Type": "Seq Scan", "Parent Relationship": "Outer", "Relation Name": "role_type", "Alias": "rt", "Startup Cost": 0.0, "Total Cost": 1.15, "Plan Rows": 1, "Plan Width": 4, "Filter": "((role)::text = 'actor'::text)"}, {"Node Type": "Materialize", "Parent Relationship": "Inner", "Startup Cost": 57593.12, "Total Cost": 133375.13, "Plan Rows": 68, "Plan Width": 20, "Plans": [{"Node Type": "Hash Join", "Parent Relationship": "Outer", "Join Type": "Inner", "Startup Cost": 57593.12, "Total Cost": 133374.96, "Plan Rows": 68, "Plan Width": 20, "Inner Unique": false, "Hash Cond": "(ci.movie_id = mc.movie_id)", "Plans": [{"Node Type": "Streaming(type: LOCAL GATHER dop: 1/64)", "Parent Relationship": "Outer", "Startup Cost": 0.0, "Total Cost": 75697.06, "Plan Rows": 22295, "Plan Width": 12, "Plans": [{"Node Type": "Seq Scan", "Parent Relationship": "Outer", "Relation Name": "cast_info", "Alias": "ci", "Startup Cost": 0.0, "Total Cost": 75237.12, "Plan Rows": 22295, "Plan Width": 12, "Filter": "(((note)::text ~~ '%(voice)%'::text) AND ((note)::text ~~ '%(uncredited)%'::text))"}]}, {"Node Type": "Hash", "Parent Relationship": "Inner", "Startup Cost": 57545.89, "Total Cost": 57545.89, "Plan Rows": 3779, "Plan Width": 8, "Plans": [{"Node Type": "Hash Join", "Parent Relationship": "Outer", "Join Type": "Inner", "Startup Cost": 5906.59, "Total Cost": 57545.89, "Plan Rows": 3779, "Plan Width": 8, "Inner Unique": true, "Hash Cond": "(mc.company_id = cn.id)", "Plans": [{"Node Type": "Seq Scan", "Parent Relationship": "Outer", "Relation Name": "movie_companies", "Alias": "mc", "Startup Cost": 0.0, "Total Cost": 41817.28, "Plan Rows": 2609128, "Plan Width": 12}, {"Node Type": "Hash", "Parent Relationship": "Inner", "Startup Cost": 5903.45, "Total Cost": 5903.45, "Plan Rows": 251, "Plan Width": 4, "Plans": [{"Node Type": "Seq Scan", "Parent Relationship": "Outer", "Relation Name": "company_name", "Alias": "cn", "Startup Cost": 0.0, "Total Cost": 5903.45, "Plan Rows": 251, "Plan Width": 4, "Filter": "((country_code)::text = '[ru]'::text)"}]}]}]}]}]}]}]}, {"Node Type": "Hash", "Parent Relationship": "Inner", "Startup Cost": 64054.58, "Total Cost": 64054.58, "Plan Rows": 3140338, "Plan Width": 20, "Plans": [{"Node Type": "Seq Scan", "Parent Relationship": "Outer", "Relation Name": "char_name", "Alias": "chn", "Startup Cost": 0.0, "Total Cost": 64054.58, "Plan Rows": 3140338, "Plan Width": 20}]}]}]}, {"Node Type": "Materialize", "Parent Relationship": "Inner", "Startup Cost": 0.0, "Total Cost": 1.04, "Plan Rows": 3, "Plan Width": 4, "Plans": [{"Node Type": "Seq Scan", "Parent Relationship": "Outer", "Relation Name": "company_type", "Alias": "ct", "Startup Cost": 0.0, "Total Cost": 1.03, "Plan Rows": 3, "Plan Width": 4}]}]}, {"Node Type": "Hash", "Parent Relationship": "Inner", "Startup Cost": 84945.56, "Total Cost": 84945.56, "Plan Rows": 1013492, "Plan Width": 21, "Plans": [{"Node Type": "Streaming(type: LOCAL GATHER dop: 1/64)", "Parent Relationship": "Outer", "Startup Cost": 0.0, "Total Cost": 84945.56, "Plan Rows": 1013492, "Plan Width": 21, "Plans": [{"Node Type": "Seq Scan", "Parent Relationship": "Outer", "Relation Name": "title", "Alias": "t", "Startup Cost": 0.0, "Total Cost": 64037.34, "Plan Rows": 1013492, "Plan Width": 21, "Filter": "(production_year > 2005), (LLVM Optimized)"}]}]}]}]}, "Unique SQL Id": 2933943827, "Planner Runtime": 52}, "explain_analyze_plan": null}, "(64, 47)": {"explain_plan": {"Plan": {"Node Type": "Aggregate", "Strategy": "Plain", "Startup Cost": 7000198711555.37, "Total Cost": 7000198711555.38, "Plan Rows": 1, "Plan Width": 97, "Plans": [{"Node Type": "Nested Loop", "Parent Relationship": "Outer", "Join Type": "Inner", "Startup Cost": 70000000000.0, "Total Cost": 7000198711555.35, "Plan Rows": 4, "Plan Width": 33, "Inner Unique": true, "Join Filter": "(mc.company_type_id = ct.id)", "Plans": [{"Node Type": "Nested Loop", "Parent Relationship": "Outer", "Join Type": "Inner", "Startup Cost": 60000000000.0, "Total Cost": 6000198710325.66, "Plan Rows": 4, "Plan Width": 37, "Inner Unique": true, "Join Filter": "(mc.movie_id = t.id)", "Plans": [{"Node Type": "Nested Loop", "Parent Relationship": "Outer", "Join Type": "Inner", "Startup Cost": 50000000000.0, "Total Cost": 5000187018058.12, "Plan Rows": 3, "Plan Width": 28, "Inner Unique": true, "Join Filter": "(ci.person_role_id = chn.id)", "Plans": [{"Node Type": "Nested Loop", "Parent Relationship": "Outer", "Join Type": "Inner", "Startup Cost": 40000000000.0, "Total Cost": 4000173740031.35, "Plan Rows": 6, "Plan Width": 16, "Inner Unique": true, "Join Filter": "(ci.role_id = rt.id)", "Plans": [{"Node Type": "Nested Loop", "Parent Relationship": "Outer", "Join Type": "Inner", "Startup Cost": 30000000000.0, "Total Cost": 3000173738784.33, "Plan Rows": 68, "Plan Width": 20, "Inner Unique": false, "Join Filter": "(mc.movie_id = ci.movie_id)", "Plans": [{"Node Type": "Nested Loop", "Parent Relationship": "Outer", "Join Type": "Inner", "Startup Cost": 20000000000.0, "Total Cost": 2000020191723.52, "Plan Rows": 3779, "Plan Width": 8, "Inner Unique": true, "Join Filter": "(cn.id = mc.company_id)", "Plans": [{"Node Type": "Index Scan", "Parent Relationship": "Outer", "Scan Direction": "Forward", "Index Name": "company_type_id_movie_companies", "Relation Name": "movie_companies", "Alias": "mc", "Startup Cost": 10000000000.0, "Total Cost": 1000009318217.0, "Plan Rows": 2609128, "Plan Width": 12}, {"Node Type": "Materialize", "Parent Relationship": "Inner", "Startup Cost": 10000000000.0, "Total Cost": 1000001050140.22, "Plan Rows": 251, "Plan Width": 4, "Plans": [{"Node Type": "Index Scan", "Parent Relationship": "Outer", "Scan Direction": "Forward", "Index Name": "company_name_pkey", "Relation Name": "company_name", "Alias": "cn", "Startup Cost": 10000000000.0, "Total Cost": 1000001050138.97, "Plan Rows": 251, "Plan Width": 4, "Filter": "((country_code)::text = '[ru]'::text)"}]}]}, {"Node Type": "Materialize", "Parent Relationship": "Inner", "Startup Cost": 10000000000.0, "Total Cost": 1000152283324.47, "Plan Rows": 22295, "Plan Width": 12, "Plans": [{"Node Type": "Index Scan", "Parent Relationship": "Outer", "Scan Direction": "Forward", "Index Name": "role_id_cast_info", "Relation Name": "cast_info", "Alias": "ci", "Startup Cost": 10000000000.0, "Total Cost": 1000152283213.0, "Plan Rows": 22295, "Plan Width": 12, "Filter": "(((note)::text ~~ '%(voice)%'::text) AND ((note)::text ~~ '%(uncredited)%'::text))"}]}]}, {"Node Type": "Materialize", "Parent Relationship": "Inner", "Startup Cost": 10000000000.0, "Total Cost": 1000000001246.0, "Plan Rows": 1, "Plan Width": 4, "Plans": [{"Node Type": "Index Scan", "Parent Relationship": "Outer", "Scan Direction": "Forward", "Index Name": "role_type_pkey", "Relation Name": "role_type", "Alias": "rt", "Startup Cost": 10000000000.0, "Total Cost": 1000000001246.0, "Plan Rows": 1, "Plan Width": 4, "Filter": "((role)::text = 'actor'::text)"}]}]}, {"Node Type": "Materialize", "Parent Relationship": "Inner", "Startup Cost": 10000000000.0, "Total Cost": 1000013003247.2, "Plan Rows": 3140338, "Plan Width": 20, "Plans": [{"Node Type": "Index Scan", "Parent Relationship": "Outer", "Scan Direction": "Forward", "Index Name": "char_name_pkey", "Relation Name": "char_name", "Alias": "chn", "Startup Cost": 10000000000.0, "Total Cost": 1000012987545.51, "Plan Rows": 3140338, "Plan Width": 20}]}]}, {"Node Type": "Materialize", "Parent Relationship": "Inner", "Startup Cost": 10000000000.0, "Total Cost": 1000011649194.12, "Plan Rows": 1013492, "Plan Width": 21, "Plans": [{"Node Type": "Index Scan", "Parent Relationship": "Outer", "Scan Direction": "Forward", "Index Name": "title_pkey", "Relation Name": "title", "Alias": "t", "Startup Cost": 10000000000.0, "Total Cost": 1000011644126.66, "Plan Rows": 1013492, "Plan Width": 21, "Filter": "(production_year > 2005), (LLVM Optimized)"}]}]}, {"Node Type": "Materialize", "Parent Relationship": "Inner", "Startup Cost": 10000000000.0, "Total Cost": 1000000001229.52, "Plan Rows": 3, "Plan Width": 4, "Plans": [{"Node Type": "Index Scan", "Parent Relationship": "Outer", "Scan Direction": "Forward", "Index Name": "company_type_pkey", "Relation Name": "company_type", "Alias": "ct", "Startup Cost": 10000000000.0, "Total Cost": 1000000001229.5, "Plan Rows": 3, "Plan Width": 4}]}]}]}, "Unique SQL Id": 2933943827, "Planner Runtime": 17}, "explain_analyze_plan": null}, "(64, 48)": {"explain_plan": {"Plan": {"Node Type": "Aggregate", "Strategy": "Plain", "Startup Cost": 19897.43, "Total Cost": 19897.44, "Plan Rows": 1, "Plan Width": 97, "Plans": [{"Node Type": "Nested Loop", "Parent Relationship": "Outer", "Join Type": "Inner", "Startup Cost": 0.0, "Total Cost": 19897.42, "Plan Rows": 2, "Plan Width": 33, "Inner Unique": true, "Plans": [{"Node Type": "Nested Loop", "Parent Relationship": "Outer", "Join Type": "Inner", "Startup Cost": 0.0, "Total Cost": 19896.86, "Plan Rows": 2, "Plan Width": 37, "Inner Unique": true, "Plans": [{"Node Type": "Nested Loop", "Parent Relationship": "Outer", "Join Type": "Inner", "Startup Cost": 0.0, "Total Cost": 19869.97, "Plan Rows": 5, "Plan Width": 25, "Inner Unique": true, "Plans": [{"Node Type": "Nested Loop", "Parent Relationship": "Outer", "Join Type": "Inner", "Startup Cost": 0.0, "Total Cost": 19867.87, "Plan Rows": 6, "Plan Width": 16, "Inner Unique": false, "Join Filter": "(ci.role_id = rt.id)", "Plans": [{"Node Type": "Seq Scan", "Parent Relationship": "Outer", "Relation Name": "role_type", "Alias": "rt", "Startup Cost": 0.0, "Total Cost": 1.15, "Plan Rows": 1, "Plan Width": 4, "Filter": "((role)::text = 'actor'::text)"}, {"Node Type": "Nested Loop", "Parent Relationship": "Inner", "Join Type": "Inner", "Startup Cost": 0.0, "Total Cost": 19865.87, "Plan Rows": 68, "Plan Width": 20, "Inner Unique": false, "Plans": [{"Node Type": "Nested Loop", "Parent Relationship": "Outer", "Join Type": "Inner", "Startup Cost": 0.0, "Total Cost": 16121.55, "Plan Rows": 3779, "Plan Width": 8, "Inner Unique": false, "Plans": [{"Node Type": "Seq Scan", "Parent Relationship": "Outer", "Relation Name": "company_name", "Alias": "cn", "Startup Cost": 0.0, "Total Cost": 5903.45, "Plan Rows": 251, "Plan Width": 4, "Filter": "((country_code)::text = '[ru]'::text)"}, {"Node Type": "Index Scan", "Parent Relationship": "Inner", "Scan Direction": "Forward", "Index Name": "company_id_movie_companies", "Relation Name": "movie_companies", "Alias": "mc", "Startup Cost": 0.0, "Total Cost": 40.56, "Plan Rows": 15, "Plan Width": 12, "Index Cond": "(company_id = cn.id)"}]}, {"Node Type": "Index Scan", "Parent Relationship": "Inner", "Scan Direction": "Forward", "Index Name": "movie_id_cast_info", "Relation Name": "cast_info", "Alias": "ci", "Startup Cost": 0.0, "Total Cost": 0.98, "Plan Rows": 1, "Plan Width": 12, "Index Cond": "(movie_id = mc.movie_id)", "Filter": "(((note)::text ~~ '%(voice)%'::text) AND ((note)::text ~~ '%(uncredited)%'::text))"}]}]}, {"Node Type": "Index Scan", "Parent Relationship": "Inner", "Scan Direction": "Forward", "Index Name": "title_pkey", "Relation Name": "title", "Alias": "t", "Startup Cost": 0.0, "Total Cost": 0.34, "Plan Rows": 1, "Plan Width": 21, "Index Cond": "(id = mc.movie_id)", "Filter": "(production_year > 2005)"}]}, {"Node Type": "Index Scan", "Parent Relationship": "Inner", "Scan Direction": "Forward", "Index Name": "char_name_pkey", "Relation Name": "char_name", "Alias": "chn", "Startup Cost": 0.0, "Total Cost": 5.37, "Plan Rows": 1, "Plan Width": 20, "Index Cond": "(id = ci.person_role_id)"}]}, {"Node Type": "Index Only Scan", "Parent Relationship": "Inner", "Scan Direction": "Forward", "Index Name": "company_type_pkey", "Relation Name": "company_type", "Alias": "ct", "Startup Cost": 0.0, "Total Cost": 0.27, "Plan Rows": 1, "Plan Width": 4, "Index Cond": "(id = mc.company_type_id)"}]}]}, "Unique SQL Id": 2933943827, "Planner Runtime": 7}, "explain_analyze_plan": {"Plan": {"Node Type": "Aggregate", "Strategy": "Plain", "Startup Cost": 19897.43, "Total Cost": 19897.44, "Plan Rows": 1, "Plan Width": 97, "Actual Startup Time": 807.225, "Actual Total Time": 807.226, "Actual Rows": 1, "Actual Loops": 1, "Plans": [{"Node Type": "Nested Loop", "Parent Relationship": "Outer", "Join Type": "Inner", "Startup Cost": 0.0, "Total Cost": 19897.42, "Plan Rows": 2, "Plan Width": 33, "Actual Startup Time": 45.255, "Actual Total Time": 807.116, "Actual Rows": 18, "Actual Loops": 1, "Inner Unique": true, "Plans": [{"Node Type": "Nested Loop", "Parent Relationship": "Outer", "Join Type": "Inner", "Startup Cost": 0.0, "Total Cost": 19896.86, "Plan Rows": 2, "Plan Width": 37, "Actual Startup Time": 9.393, "Actual Total Time": 806.783, "Actual Rows": 104, "Actual Loops": 1, "Inner Unique": true, "Plans": [{"Node Type": "Nested Loop", "Parent Relationship": "Outer", "Join Type": "Inner", "Startup Cost": 0.0, "Total Cost": 19869.97, "Plan Rows": 5, "Plan Width": 25, "Actual Startup Time": 9.382, "Actual Total Time": 805.777, "Actual Rows": 112, "Actual Loops": 1, "Inner Unique": true, "Plans": [{"Node Type": "Nested Loop", "Parent Relationship": "Outer", "Join Type": "Inner", "Startup Cost": 0.0, "Total Cost": 19867.87, "Plan Rows": 6, "Plan Width": 16, "Actual Startup Time": 0.829, "Actual Total Time": 803.535, "Actual Rows": 275, "Actual Loops": 1, "Inner Unique": false, "Join Filter": "(ci.role_id = rt.id)", "Rows Removed by Join Filter": 102, "Plans": [{"Node Type": "Seq Scan", "Parent Relationship": "Outer", "Relation Name": "role_type", "Alias": "rt", "Startup Cost": 0.0, "Total Cost": 1.15, "Plan Rows": 1, "Plan Width": 4, "Actual Startup Time": 0.027, "Actual Total Time": 0.031, "Actual Rows": 1, "Actual Loops": 1, "Filter": "((role)::text = 'actor'::text)", "Rows Removed by Filter": 11}, {"Node Type": "Nested Loop", "Parent Relationship": "Inner", "Join Type": "Inner", "Startup Cost": 0.0, "Total Cost": 19865.87, "Plan Rows": 68, "Plan Width": 20, "Actual Startup Time": 0.793, "Actual Total Time": 803.216, "Actual Rows": 377, "Actual Loops": 1, "Inner Unique": false, "Plans": [{"Node Type": "Nested Loop", "Parent Relationship": "Outer", "Join Type": "Inner", "Startup Cost": 0.0, "Total Cost": 16121.55, "Plan Rows": 3779, "Plan Width": 8, "Actual Startup Time": 0.051, "Actual Total Time": 107.855, "Actual Rows": 8790, "Actual Loops": 1, "Inner Unique": false, "Plans": [{"Node Type": "Seq Scan", "Parent Relationship": "Outer", "Relation Name": "company_name", "Alias": "cn", "Startup Cost": 0.0, "Total Cost": 5903.45, "Plan Rows": 251, "Plan Width": 4, "Actual Startup Time": 0.033, "Actual Total Time": 82.985, "Actual Rows": 1361, "Actual Loops": 1, "Filter": "((country_code)::text = '[ru]'::text)", "Rows Removed by Filter": 233635}, {"Node Type": "Index Scan", "Parent Relationship": "Inner", "Scan Direction": "Forward", "Index Name": "company_id_movie_companies", "Relation Name": "movie_companies", "Alias": "mc", "Startup Cost": 0.0, "Total Cost": 40.56, "Plan Rows": 15, "Plan Width": 12, "Actual Startup Time": 8.733, "Actual Total Time": 21.453, "Actual Rows": 8790, "Actual Loops": 1361, "Index Cond": "(company_id = cn.id)", "Rows Removed by Index Recheck": 0}]}, {"Node Type": "Index Scan", "Parent Relationship": "Inner", "Scan Direction": "Forward", "Index Name": "movie_id_cast_info", "Relation Name": "cast_info", "Alias": "ci", "Startup Cost": 0.0, "Total Cost": 0.98, "Plan Rows": 1, "Plan Width": 12, "Actual Startup Time": 650.914, "Actual Total Time": 689.985, "Actual Rows": 377, "Actual Loops": 8790, "Index Cond": "(movie_id = mc.movie_id)", "Rows Removed by Index Recheck": 0, "Filter": "(((note)::text ~~ '%(voice)%'::text) AND ((note)::text ~~ '%(uncredited)%'::text))", "Rows Removed by Filter": 408168}]}]}, {"Node Type": "Index Scan", "Parent Relationship": "Inner", "Scan Direction": "Forward", "Index Name": "title_pkey", "Relation Name": "title", "Alias": "t", "Startup Cost": 0.0, "Total Cost": 0.34, "Plan Rows": 1, "Plan Width": 21, "Actual Startup Time": 1.834, "Actual Total Time": 1.834, "Actual Rows": 112, "Actual Loops": 275, "Index Cond": "(id = mc.movie_id)", "Rows Removed by Index Recheck": 0, "Filter": "(production_year > 2005)", "Rows Removed by Filter": 163}]}, {"Node Type": "Index Scan", "Parent Relationship": "Inner", "Scan Direction": "Forward", "Index Name": "char_name_pkey", "Relation Name": "char_name", "Alias": "chn", "Startup Cost": 0.0, "Total Cost": 5.37, "Plan Rows": 1, "Plan Width": 20, "Actual Startup Time": 0.772, "Actual Total Time": 0.772, "Actual Rows": 104, "Actual Loops": 112, "Index Cond": "(id = ci.person_role_id)", "Rows Removed by Index Recheck": 0}]}, {"Node Type": "Index Only Scan", "Parent Relationship": "Inner", "Scan Direction": "Forward", "Index Name": "company_type_pkey", "Relation Name": "company_type", "Alias": "ct", "Startup Cost": 0.0, "Total Cost": 0.27, "Plan Rows": 1, "Plan Width": 4, "Actual Startup Time": 0.201, "Actual Total Time": 0.201, "Actual Rows": 18, "Actual Loops": 104, "Index Cond": "(id = mc.company_type_id)", "Rows Removed by Index Recheck": 0, "Heap Fetches": 0}]}]}, "Triggers": [], "Planner Runtime": 6, "Total Runtime": 807.578, "Unique SQL Id": 2933943827}}, "(64, 49)": {"explain_plan": {"Plan": {"Node Type": "Aggregate", "Strategy": "Plain", "Startup Cost": 22688.03, "Total Cost": 22688.04, "Plan Rows": 1, "Plan Width": 97, "Plans": [{"Node Type": "Nested Loop", "Parent Relationship": "Outer", "Join Type": "Inner", "Startup Cost": 2779.29, "Total Cost": 22688.02, "Plan Rows": 2, "Plan Width": 33, "Inner Unique": true, "Plans": [{"Node Type": "Nested Loop", "Parent Relationship": "Outer", "Join Type": "Inner", "Startup Cost": 2779.29, "Total Cost": 22687.46, "Plan Rows": 2, "Plan Width": 37, "Inner Unique": true, "Plans": [{"Node Type": "Nested Loop", "Parent Relationship": "Outer", "Join Type": "Inner", "Startup Cost": 2779.29, "Total Cost": 22660.57, "Plan Rows": 5, "Plan Width": 25, "Inner Unique": true, "Plans": [{"Node Type": "Nested Loop", "Parent Relationship": "Outer", "Join Type": "Inner", "Startup Cost": 2779.29, "Total Cost": 22658.47, "Plan Rows": 6, "Plan Width": 16, "Inner Unique": false, "Join Filter": "(ci.role_id = rt.id)", "Plans": [{"Node Type": "Index Scan", "Parent Relationship": "Outer", "Scan Direction": "Forward", "Index Name": "role_type_pkey", "Relation Name": "role_type", "Alias": "rt", "Startup Cost": 0.0, "Total Cost": 12.46, "Plan Rows": 1, "Plan Width": 4, "Filter": "((role)::text = 'actor'::text)"}, {"Node Type": "Nested Loop", "Parent Relationship": "Inner", "Join Type": "Inner", "Startup Cost": 2779.29, "Total Cost": 22645.16, "Plan Rows": 68, "Plan Width": 20, "Inner Unique": false, "Plans": [{"Node Type": "Nested Loop", "Parent Relationship": "Outer", "Join Type": "Inner", "Startup Cost": 2779.29, "Total Cost": 18900.84, "Plan Rows": 3779, "Plan Width": 8, "Inner Unique": false, "Plans": [{"Node Type": "Bitmap Heap Scan", "Parent Relationship": "Outer", "Relation Name": "company_name", "Alias": "cn", "Startup Cost": 2779.29, "Total Cost": 8682.74, "Plan Rows": 251, "Plan Width": 4, "Filter": "((country_code)::text = '[ru]'::text)", "Plans": [{"Node Type": "Bitmap Index Scan", "Parent Relationship": "Outer", "Index Name": "company_name_pkey", "Startup Cost": 0.0, "Total Cost": 2779.23, "Plan Rows": 234996, "Plan Width": 0}]}, {"Node Type": "Index Scan", "Parent Relationship": "Inner", "Scan Direction": "Forward", "Index Name": "company_id_movie_companies", "Relation Name": "movie_companies", "Alias": "mc", "Startup Cost": 0.0, "Total Cost": 40.56, "Plan Rows": 15, "Plan Width": 12, "Index Cond": "(company_id = cn.id)"}]}, {"Node Type": "Index Scan", "Parent Relationship": "Inner", "Scan Direction": "Forward", "Index Name": "movie_id_cast_info", "Relation Name": "cast_info", "Alias": "ci", "Startup Cost": 0.0, "Total Cost": 0.98, "Plan Rows": 1, "Plan Width": 12, "Index Cond": "(movie_id = mc.movie_id)", "Filter": "(((note)::text ~~ '%(voice)%'::text) AND ((note)::text ~~ '%(uncredited)%'::text))"}]}]}, {"Node Type": "Index Scan", "Parent Relationship": "Inner", "Scan Direction": "Forward", "Index Name": "title_pkey", "Relation Name": "title", "Alias": "t", "Startup Cost": 0.0, "Total Cost": 0.34, "Plan Rows": 1, "Plan Width": 21, "Index Cond": "(id = mc.movie_id)", "Filter": "(production_year > 2005)"}]}, {"Node Type": "Index Scan", "Parent Relationship": "Inner", "Scan Direction": "Forward", "Index Name": "char_name_pkey", "Relation Name": "char_name", "Alias": "chn", "Startup Cost": 0.0, "Total Cost": 5.37, "Plan Rows": 1, "Plan Width": 20, "Index Cond": "(id = ci.person_role_id)"}]}, {"Node Type": "Index Only Scan", "Parent Relationship": "Inner", "Scan Direction": "Forward", "Index Name": "company_type_pkey", "Relation Name": "company_type", "Alias": "ct", "Startup Cost": 0.0, "Total Cost": 0.27, "Plan Rows": 1, "Plan Width": 4, "Index Cond": "(id = mc.company_type_id)"}]}]}, "Unique SQL Id": 2933943827, "Planner Runtime": 6}, "explain_analyze_plan": {"Plan": {"Node Type": "Aggregate", "Strategy": "Plain", "Startup Cost": 22688.03, "Total Cost": 22688.04, "Plan Rows": 1, "Plan Width": 97, "Actual Startup Time": 886.686, "Actual Total Time": 886.686, "Actual Rows": 1, "Actual Loops": 1, "Plans": [{"Node Type": "Nested Loop", "Parent Relationship": "Outer", "Join Type": "Inner", "Startup Cost": 2779.29, "Total Cost": 22688.02, "Plan Rows": 2, "Plan Width": 33, "Actual Startup Time": 68.107, "Actual Total Time": 886.57, "Actual Rows": 18, "Actual Loops": 1, "Inner Unique": true, "Plans": [{"Node Type": "Nested Loop", "Parent Relationship": "Outer", "Join Type": "Inner", "Startup Cost": 2779.29, "Total Cost": 22687.46, "Plan Rows": 2, "Plan Width": 37, "Actual Startup Time": 30.688, "Actual Total Time": 886.228, "Actual Rows": 104, "Actual Loops": 1, "Inner Unique": true, "Plans": [{"Node Type": "Nested Loop", "Parent Relationship": "Outer", "Join Type": "Inner", "Startup Cost": 2779.29, "Total Cost": 22660.57, "Plan Rows": 5, "Plan Width": 25, "Actual Startup Time": 30.675, "Actual Total Time": 885.174, "Actual Rows": 112, "Actual Loops": 1, "Inner Unique": true, "Plans": [{"Node Type": "Nested Loop", "Parent Relationship": "Outer", "Join Type": "Inner", "Startup Cost": 2779.29, "Total Cost": 22658.47, "Plan Rows": 6, "Plan Width": 16, "Actual Startup Time": 21.765, "Actual Total Time": 882.885, "Actual Rows": 275, "Actual Loops": 1, "Inner Unique": false, "Join Filter": "(ci.role_id = rt.id)", "Rows Removed by Join Filter": 102, "Plans": [{"Node Type": "Index Scan", "Parent Relationship": "Outer", "Scan Direction": "Forward", "Index Name": "role_type_pkey", "Relation Name": "role_type", "Alias": "rt", "Startup Cost": 0.0, "Total Cost": 12.46, "Plan Rows": 1, "Plan Width": 4, "Actual Startup Time": 0.026, "Actual Total Time": 0.036, "Actual Rows": 1, "Actual Loops": 1, "Filter": "((role)::text = 'actor'::text)", "Rows Removed by Filter": 11}, {"Node Type": "Nested Loop", "Parent Relationship": "Inner", "Join Type": "Inner", "Startup Cost": 2779.29, "Total Cost": 22645.16, "Plan Rows": 68, "Plan Width": 20, "Actual Startup Time": 21.729, "Actual Total Time": 882.549, "Actual Rows": 377, "Actual Loops": 1, "Inner Unique": false, "Plans": [{"Node Type": "Nested Loop", "Parent Relationship": "Outer", "Join Type": "Inner", "Startup Cost": 2779.29, "Total Cost": 18900.84, "Plan Rows": 3779, "Plan Width": 8, "Actual Startup Time": 20.828, "Actual Total Time": 177.333, "Actual Rows": 8790, "Actual Loops": 1, "Inner Unique": false, "Plans": [{"Node Type": "Bitmap Heap Scan", "Parent Relationship": "Outer", "Relation Name": "company_name", "Alias": "cn", "Startup Cost": 2779.29, "Total Cost": 8682.74, "Plan Rows": 251, "Plan Width": 4, "Actual Startup Time": 20.803, "Actual Total Time": 152.123, "Actual Rows": 1361, "Actual Loops": 1, "Filter": "((country_code)::text = '[ru]'::text)", "Rows Removed by Filter": 233635, "Exact Heap Blocks": 2966, "Lossy Heap Blocks": 2966, "Plans": [{"Node Type": "Bitmap Index Scan", "Parent Relationship": "Outer", "Index Name": "company_name_pkey", "Startup Cost": 0.0, "Total Cost": 2779.23, "Plan Rows": 234996, "Plan Width": 0, "Actual Startup Time": 20.317, "Actual Total Time": 20.317, "Actual Rows": 234996, "Actual Loops": 1}]}, {"Node Type": "Index Scan", "Parent Relationship": "Inner", "Scan Direction": "Forward", "Index Name": "company_id_movie_companies", "Relation Name": "movie_companies", "Alias": "mc", "Startup Cost": 0.0, "Total Cost": 40.56, "Plan Rows": 15, "Plan Width": 12, "Actual Startup Time": 8.872, "Actual Total Time": 21.76, "Actual Rows": 8790, "Actual Loops": 1361, "Index Cond": "(company_id = cn.id)", "Rows Removed by Index Recheck": 0}]}, {"Node Type": "Index Scan", "Parent Relationship": "Inner", "Scan Direction": "Forward", "Index Name": "movie_id_cast_info", "Relation Name": "cast_info", "Alias": "ci", "Startup Cost": 0.0, "Total Cost": 0.98, "Plan Rows": 1, "Plan Width": 12, "Actual Startup Time": 659.474, "Actual Total Time": 699.702, "Actual Rows": 377, "Actual Loops": 8790, "Index Cond": "(movie_id = mc.movie_id)", "Rows Removed by Index Recheck": 0, "Filter": "(((note)::text ~~ '%(voice)%'::text) AND ((note)::text ~~ '%(uncredited)%'::text))", "Rows Removed by Filter": 408168}]}]}, {"Node Type": "Index Scan", "Parent Relationship": "Inner", "Scan Direction": "Forward", "Index Name": "title_pkey", "Relation Name": "title", "Alias": "t", "Startup Cost": 0.0, "Total Cost": 0.34, "Plan Rows": 1, "Plan Width": 21, "Actual Startup Time": 1.884, "Actual Total Time": 1.884, "Actual Rows": 112, "Actual Loops": 275, "Index Cond": "(id = mc.movie_id)", "Rows Removed by Index Recheck": 0, "Filter": "(production_year > 2005)", "Rows Removed by Filter": 163}]}, {"Node Type": "Index Scan", "Parent Relationship": "Inner", "Scan Direction": "Forward", "Index Name": "char_name_pkey", "Relation Name": "char_name", "Alias": "chn", "Startup Cost": 0.0, "Total Cost": 5.37, "Plan Rows": 1, "Plan Width": 20, "Actual Startup Time": 0.829, "Actual Total Time": 0.829, "Actual Rows": 104, "Actual Loops": 112, "Index Cond": "(id = ci.person_role_id)", "Rows Removed by Index Recheck": 0}]}, {"Node Type": "Index Only Scan", "Parent Relationship": "Inner", "Scan Direction": "Forward", "Index Name": "company_type_pkey", "Relation Name": "company_type", "Alias": "ct", "Startup Cost": 0.0, "Total Cost": 0.27, "Plan Rows": 1, "Plan Width": 4, "Actual Startup Time": 0.181, "Actual Total Time": 0.181, "Actual Rows": 18, "Actual Loops": 104, "Index Cond": "(id = mc.company_type_id)", "Rows Removed by Index Recheck": 0, "Heap Fetches": 0}]}]}, "Triggers": [], "Planner Runtime": 6, "Total Runtime": 887.084, "Unique SQL Id": 2933943827}}, "(64, 50)": {"explain_plan": {"Plan": {"Node Type": "Aggregate", "Strategy": "Plain", "Startup Cost": 38342.48, "Total Cost": 38342.49, "Plan Rows": 1, "Plan Width": 97, "Plans": [{"Node Type": "Nested Loop", "Parent Relationship": "Outer", "Join Type": "Inner", "Startup Cost": 7.4, "Total Cost": 38342.47, "Plan Rows": 2, "Plan Width": 33, "Inner Unique": false, "Join Filter": "(mc.company_type_id = ct.id)", "Plans": [{"Node Type": "Seq Scan", "Parent Relationship": "Outer", "Relation Name": "company_type", "Alias": "ct", "Startup Cost": 0.0, "Total Cost": 1.03, "Plan Rows": 3, "Plan Width": 4}, {"Node Type": "Materialize", "Parent Relationship": "Inner", "Startup Cost": 7.4, "Total Cost": 38341.35, "Plan Rows": 2, "Plan Width": 37, "Plans": [{"Node Type": "Nested Loop", "Parent Relationship": "Outer", "Join Type": "Inner", "Startup Cost": 7.4, "Total Cost": 38341.34, "Plan Rows": 2, "Plan Width": 37, "Inner Unique": true, "Plans": [{"Node Type": "Nested Loop", "Parent Relationship": "Outer", "Join Type": "Inner", "Startup Cost": 7.13, "Total Cost": 38328.45, "Plan Rows": 3, "Plan Width": 28, "Inner Unique": true, "Plans": [{"Node Type": "Nested Loop", "Parent Relationship": "Outer", "Join Type": "Inner", "Startup Cost": 4.83, "Total Cost": 38290.52, "Plan Rows": 6, "Plan Width": 16, "Inner Unique": false, "Join Filter": "(ci.role_id = rt.id)", "Plans": [{"Node Type": "Seq Scan", "Parent Relationship": "Outer", "Relation Name": "role_type", "Alias": "rt", "Startup Cost": 0.0, "Total Cost": 1.15, "Plan Rows": 1, "Plan Width": 4, "Filter": "((role)::text = 'actor'::text)"}, {"Node Type": "Nested Loop", "Parent Relationship": "Inner", "Join Type": "Inner", "Startup Cost": 4.83, "Total Cost": 38288.52, "Plan Rows": 68, "Plan Width": 20, "Inner Unique": false, "Plans": [{"Node Type": "Nested Loop", "Parent Relationship": "Outer", "Join Type": "Inner", "Startup Cost": 4.32, "Total Cost": 20813.55, "Plan Rows": 3779, "Plan Width": 8, "Inner Unique": false, "Plans": [{"Node Type": "Seq Scan", "Parent Relationship": "Outer", "Relation Name": "company_name", "Alias": "cn", "Startup Cost": 0.0, "Total Cost": 5903.45, "Plan Rows": 251, "Plan Width": 4, "Filter": "((country_code)::text = '[ru]'::text)"}, {"Node Type": "Bitmap Heap Scan", "Parent Relationship": "Inner", "Relation Name": "movie_companies", "Alias": "mc", "Startup Cost": 4.32, "Total Cost": 59.25, "Plan Rows": 15, "Plan Width": 12, "Recheck Cond": "(company_id = cn.id)", "Plans": [{"Node Type": "Bitmap Index Scan", "Parent Relationship": "Outer", "Index Name": "company_id_movie_companies", "Startup Cost": 0.0, "Total Cost": 4.31, "Plan Rows": 15, "Plan Width": 0, "Index Cond": "(company_id = cn.id)"}]}]}, {"Node Type": "Bitmap Heap Scan", "Parent Relationship": "Inner", "Relation Name": "cast_info", "Alias": "ci", "Startup Cost": 0.51, "Total Cost": 4.61, "Plan Rows": 1, "Plan Width": 12, "Recheck Cond": "(movie_id = mc.movie_id)", "Filter": "(((note)::text ~~ '%(voice)%'::text) AND ((note)::text ~~ '%(uncredited)%'::text))", "Plans": [{"Node Type": "Bitmap Index Scan", "Parent Relationship": "Outer", "Index Name": "movie_id_cast_info", "Startup Cost": 0.0, "Total Cost": 0.51, "Plan Rows": 6, "Plan Width": 0, "Index Cond": "(movie_id = mc.movie_id)"}]}]}]}, {"Node Type": "Bitmap Heap Scan", "Parent Relationship": "Inner", "Relation Name": "char_name", "Alias": "chn", "Startup Cost": 2.3, "Total Cost": 6.31, "Plan Rows": 1, "Plan Width": 20, "Recheck Cond": "(id = ci.person_role_id)", "Plans": [{"Node Type": "Bitmap Index Scan", "Parent Relationship": "Outer", "Index Name": "char_name_pkey", "Startup Cost": 0.0, "Total Cost": 2.3, "Plan Rows": 1, "Plan Width": 0, "Index Cond": "(id = ci.person_role_id)"}]}]}, {"Node Type": "Bitmap Heap Scan", "Parent Relationship": "Inner", "Relation Name": "title", "Alias": "t", "Startup Cost": 0.27, "Total Cost": 4.29, "Plan Rows": 1, "Plan Width": 21, "Recheck Cond": "(id = mc.movie_id)", "Filter": "(production_year > 2005)", "Plans": [{"Node Type": "Bitmap Index Scan", "Parent Relationship": "Outer", "Index Name": "title_pkey", "Startup Cost": 0.0, "Total Cost": 0.27, "Plan Rows": 1, "Plan Width": 0, "Index Cond": "(id = mc.movie_id)"}]}]}]}]}]}, "Unique SQL Id": 2933943827, "Planner Runtime": 16}, "explain_analyze_plan": {"Plan": {"Node Type": "Aggregate", "Strategy": "Plain", "Startup Cost": 38342.48, "Total Cost": 38342.49, "Plan Rows": 1, "Plan Width": 97, "Actual Startup Time": 1053.545, "Actual Total Time": 1053.545, "Actual Rows": 1, "Actual Loops": 1, "Plans": [{"Node Type": "Nested Loop", "Parent Relationship": "Outer", "Join Type": "Inner", "Startup Cost": 7.4, "Total Cost": 38342.47, "Plan Rows": 2, "Plan Width": 33, "Actual Startup Time": 58.944, "Actual Total Time": 1053.444, "Actual Rows": 18, "Actual Loops": 1, "Inner Unique": false, "Join Filter": "(mc.company_type_id = ct.id)", "Rows Removed by Join Filter": 294, "Plans": [{"Node Type": "Seq Scan", "Parent Relationship": "Outer", "Relation Name": "company_type", "Alias": "ct", "Startup Cost": 0.0, "Total Cost": 1.03, "Plan Rows": 3, "Plan Width": 4, "Actual Startup Time": 0.016, "Actual Total Time": 0.018, "Actual Rows": 3, "Actual Loops": 1}, {"Node Type": "Materialize", "Parent Relationship": "Inner", "Startup Cost": 7.4, "Total Cost": 38341.35, "Plan Rows": 2, "Plan Width": 37, "Actual Startup Time": 12.262, "Actual Total Time": 1053.269, "Actual Rows": 312, "Actual Loops": 3, "Plans": [{"Node Type": "Nested Loop", "Parent Relationship": "Outer", "Join Type": "Inner", "Startup Cost": 7.4, "Total Cost": 38341.34, "Plan Rows": 2, "Plan Width": 37, "Actual Startup Time": 12.255, "Actual Total Time": 1053.029, "Actual Rows": 104, "Actual Loops": 1, "Inner Unique": true, "Plans": [{"Node Type": "Nested Loop", "Parent Relationship": "Outer", "Join Type": "Inner", "Startup Cost": 7.13, "Total Cost": 38328.45, "Plan Rows": 3, "Plan Width": 28, "Actual Startup Time": 1.092, "Actual Total Time": 1050.343, "Actual Rows": 265, "Actual Loops": 1, "Inner Unique": true, "Plans": [{"Node Type": "Nested Loop", "Parent Relationship": "Outer", "Join Type": "Inner", "Startup Cost": 4.83, "Total Cost": 38290.52, "Plan Rows": 6, "Plan Width": 16, "Actual Startup Time": 1.071, "Actual Total Time": 1047.151, "Actual Rows": 275, "Actual Loops": 1, "Inner Unique": false, "Join Filter": "(ci.role_id = rt.id)", "Rows Removed by Join Filter": 102, "Plans": [{"Node Type": "Seq Scan", "Parent Relationship": "Outer", "Relation Name": "role_type", "Alias": "rt", "Startup Cost": 0.0, "Total Cost": 1.15, "Plan Rows": 1, "Plan Width": 4, "Actual Startup Time": 0.016, "Actual Total Time": 0.024, "Actual Rows": 1, "Actual Loops": 1, "Filter": "((role)::text = 'actor'::text)", "Rows Removed by Filter": 11}, {"Node Type": "Nested Loop", "Parent Relationship": "Inner", "Join Type": "Inner", "Startup Cost": 4.83, "Total Cost": 38288.52, "Plan Rows": 68, "Plan Width": 20, "Actual Startup Time": 1.033, "Actual Total Time": 1046.789, "Actual Rows": 377, "Actual Loops": 1, "Inner Unique": false, "Plans": [{"Node Type": "Nested Loop", "Parent Relationship": "Outer", "Join Type": "Inner", "Startup Cost": 4.32, "Total Cost": 20813.55, "Plan Rows": 3779, "Plan Width": 8, "Actual Startup Time": 0.089, "Actual Total Time": 117.624, "Actual Rows": 8790, "Actual Loops": 1, "Inner Unique": false, "Plans": [{"Node Type": "Seq Scan", "Parent Relationship": "Outer", "Relation Name": "company_name", "Alias": "cn", "Startup Cost": 0.0, "Total Cost": 5903.45, "Plan Rows": 251, "Plan Width": 4, "Actual Startup Time": 0.044, "Actual Total Time": 83.442, "Actual Rows": 1361, "Actual Loops": 1, "Filter": "((country_code)::text = '[ru]'::text)", "Rows Removed by Filter": 233635}, {"Node Type": "Bitmap Heap Scan", "Parent Relationship": "Inner", "Relation Name": "movie_companies", "Alias": "mc", "Startup Cost": 4.32, "Total Cost": 59.25, "Plan Rows": 15, "Plan Width": 12, "Actual Startup Time": 14.335, "Actual Total Time": 29.299, "Actual Rows": 8790, "Actual Loops": 1361, "Recheck Cond": "(company_id = cn.id)", "Rows Removed by Index Recheck": 0, "Exact Heap Blocks": 7155, "Lossy Heap Blocks": 7155, "Plans": [{"Node Type": "Bitmap Index Scan", "Parent Relationship": "Outer", "Index Name": "company_id_movie_companies", "Startup Cost": 0.0, "Total Cost": 4.31, "Plan Rows": 15, "Plan Width": 0, "Actual Startup Time": 9.029, "Actual Total Time": 9.029, "Actual Rows": 8790, "Actual Loops": 1361, "Index Cond": "(company_id = cn.id)"}]}]}, {"Node Type": "Bitmap Heap Scan", "Parent Relationship": "Inner", "Relation Name": "cast_info", "Alias": "ci", "Startup Cost": 0.51, "Total Cost": 4.61, "Plan Rows": 1, "Plan Width": 12, "Actual Startup Time": 866.656, "Actual Total Time": 913.153, "Actual Rows": 377, "Actual Loops": 8790, "Recheck Cond": "(movie_id = mc.movie_id)", "Rows Removed by Index Recheck": 0, "Filter": "(((note)::text ~~ '%(voice)%'::text) AND ((note)::text ~~ '%(uncredited)%'::text))", "Rows Removed by Filter": 408168, "Exact Heap Blocks": 397651, "Lossy Heap Blocks": 397651, "Plans": [{"Node Type": "Bitmap Index Scan", "Parent Relationship": "Outer", "Index Name": "movie_id_cast_info", "Startup Cost": 0.0, "Total Cost": 0.51, "Plan Rows": 6, "Plan Width": 0, "Actual Startup Time": 123.916, "Actual Total Time": 123.916, "Actual Rows": 408545, "Actual Loops": 8790, "Index Cond": "(movie_id = mc.movie_id)"}]}]}]}, {"Node Type": "Bitmap Heap Scan", "Parent Relationship": "Inner", "Relation Name": "char_name", "Alias": "chn", "Startup Cost": 2.3, "Total Cost": 6.31, "Plan Rows": 1, "Plan Width": 20, "Actual Startup Time": 2.44, "Actual Total Time": 2.44, "Actual Rows": 265, "Actual Loops": 275, "Recheck Cond": "(id = ci.person_role_id)", "Rows Removed by Index Recheck": 0, "Exact Heap Blocks": 265, "Lossy Heap Blocks": 265, "Plans": [{"Node Type": "Bitmap Index Scan", "Parent Relationship": "Outer", "Index Name": "char_name_pkey", "Startup Cost": 0.0, "Total Cost": 2.3, "Plan Rows": 1, "Plan Width": 0, "Actual Startup Time": 1.617, "Actual Total Time": 1.617, "Actual Rows": 265, "Actual Loops": 275, "Index Cond": "(id = ci.person_role_id)"}]}]}, {"Node Type": "Bitmap Heap Scan", "Parent Relationship": "Inner", "Relation Name": "title", "Alias": "t", "Startup Cost": 0.27, "Total Cost": 4.29, "Plan Rows": 1, "Plan Width": 21, "Actual Startup Time": 2.108, "Actual Total Time": 2.108, "Actual Rows": 104, "Actual Loops": 265, "Recheck Cond": "(id = mc.movie_id)", "Rows Removed by Index Recheck": 0, "Filter": "(production_year > 2005)", "Rows Removed by Filter": 161, "Exact Heap Blocks": 265, "Lossy Heap Blocks": 265, "Plans": [{"Node Type": "Bitmap Index Scan", "Parent Relationship": "Outer", "Index Name": "title_pkey", "Startup Cost": 0.0, "Total Cost": 0.27, "Plan Rows": 1, "Plan Width": 0, "Actual Startup Time": 1.253, "Actual Total Time": 1.253, "Actual Rows": 265, "Actual Loops": 265, "Index Cond": "(id = mc.movie_id)"}]}]}]}]}]}, "Triggers": [], "Planner Runtime": 16, "Total Runtime": 1054.095, "Unique SQL Id": 2933943827}}, "(64, 51)": {"explain_plan": {"Plan": {"Node Type": "Aggregate", "Strategy": "Plain", "Startup Cost": 41418.46, "Total Cost": 41418.47, "Plan Rows": 1, "Plan Width": 97, "Plans": [{"Node Type": "Nested Loop", "Parent Relationship": "Outer", "Join Type": "Inner", "Startup Cost": 2787.21, "Total Cost": 41418.45, "Plan Rows": 2, "Plan Width": 33, "Inner Unique": true, "Plans": [{"Node Type": "Nested Loop", "Parent Relationship": "Outer", "Join Type": "Inner", "Startup Cost": 2786.95, "Total Cost": 41409.89, "Plan Rows": 2, "Plan Width": 37, "Inner Unique": true, "Plans": [{"Node Type": "Nested Loop", "Parent Relationship": "Outer", "Join Type": "Inner", "Startup Cost": 2786.68, "Total Cost": 41397.0, "Plan Rows": 3, "Plan Width": 28, "Inner Unique": true, "Plans": [{"Node Type": "Nested Loop", "Parent Relationship": "Outer", "Join Type": "Inner", "Startup Cost": 2784.38, "Total Cost": 41359.07, "Plan Rows": 6, "Plan Width": 16, "Inner Unique": true, "Plans": [{"Node Type": "Nested Loop", "Parent Relationship": "Outer", "Join Type": "Inner", "Startup Cost": 2784.12, "Total Cost": 41067.82, "Plan Rows": 68, "Plan Width": 20, "Inner Unique": false, "Plans": [{"Node Type": "Nested Loop", "Parent Relationship": "Outer", "Join Type": "Inner", "Startup Cost": 2783.61, "Total Cost": 23592.84, "Plan Rows": 3779, "Plan Width": 8, "Inner Unique": false, "Plans": [{"Node Type": "Bitmap Heap Scan", "Parent Relationship": "Outer", "Relation Name": "company_name", "Alias": "cn", "Startup Cost": 2779.29, "Total Cost": 8682.74, "Plan Rows": 251, "Plan Width": 4, "Filter": "((country_code)::text = '[ru]'::text)", "Plans": [{"Node Type": "Bitmap Index Scan", "Parent Relationship": "Outer", "Index Name": "company_name_pkey", "Startup Cost": 0.0, "Total Cost": 2779.23, "Plan Rows": 234996, "Plan Width": 0}]}, {"Node Type": "Bitmap Heap Scan", "Parent Relationship": "Inner", "Relation Name": "movie_companies", "Alias": "mc", "Startup Cost": 4.32, "Total Cost": 59.25, "Plan Rows": 15, "Plan Width": 12, "Recheck Cond": "(company_id = cn.id)", "Plans": [{"Node Type": "Bitmap Index Scan", "Parent Relationship": "Outer", "Index Name": "company_id_movie_companies", "Startup Cost": 0.0, "Total Cost": 4.31, "Plan Rows": 15, "Plan Width": 0, "Index Cond": "(company_id = cn.id)"}]}]}, {"Node Type": "Bitmap Heap Scan", "Parent Relationship": "Inner", "Relation Name": "cast_info", "Alias": "ci", "Startup Cost": 0.51, "Total Cost": 4.61, "Plan Rows": 1, "Plan Width": 12, "Recheck Cond": "(movie_id = mc.movie_id)", "Filter": "(((note)::text ~~ '%(voice)%'::text) AND ((note)::text ~~ '%(uncredited)%'::text))", "Plans": [{"Node Type": "Bitmap Index Scan", "Parent Relationship": "Outer", "Index Name": "movie_id_cast_info", "Startup Cost": 0.0, "Total Cost": 0.51, "Plan Rows": 6, "Plan Width": 0, "Index Cond": "(movie_id = mc.movie_id)"}]}]}, {"Node Type": "Bitmap Heap Scan", "Parent Relationship": "Inner", "Relation Name": "role_type", "Alias": "rt", "Startup Cost": 0.26, "Total Cost": 4.27, "Plan Rows": 1, "Plan Width": 4, "Recheck Cond": "(id = ci.role_id)", "Filter": "((role)::text = 'actor'::text)", "Plans": [{"Node Type": "Bitmap Index Scan", "Parent Relationship": "Outer", "Index Name": "role_type_pkey", "Startup Cost": 0.0, "Total Cost": 0.26, "Plan Rows": 1, "Plan Width": 0, "Index Cond": "(id = ci.role_id)"}]}]}, {"Node Type": "Bitmap Heap Scan", "Parent Relationship": "Inner", "Relation Name": "char_name", "Alias": "chn", "Startup Cost": 2.3, "Total Cost": 6.31, "Plan Rows": 1, "Plan Width": 20, "Recheck Cond": "(id = ci.person_role_id)", "Plans": [{"Node Type": "Bitmap Index Scan", "Parent Relationship": "Outer", "Index Name": "char_name_pkey", "Startup Cost": 0.0, "Total Cost": 2.3, "Plan Rows": 1, "Plan Width": 0, "Index Cond": "(id = ci.person_role_id)"}]}]}, {"Node Type": "Bitmap Heap Scan", "Parent Relationship": "Inner", "Relation Name": "title", "Alias": "t", "Startup Cost": 0.27, "Total Cost": 4.29, "Plan Rows": 1, "Plan Width": 21, "Recheck Cond": "(id = mc.movie_id)", "Filter": "(production_year > 2005)", "Plans": [{"Node Type": "Bitmap Index Scan", "Parent Relationship": "Outer", "Index Name": "title_pkey", "Startup Cost": 0.0, "Total Cost": 0.27, "Plan Rows": 1, "Plan Width": 0, "Index Cond": "(id = mc.movie_id)"}]}]}, {"Node Type": "Bitmap Heap Scan", "Parent Relationship": "Inner", "Relation Name": "company_type", "Alias": "ct", "Startup Cost": 0.26, "Total Cost": 4.27, "Plan Rows": 1, "Plan Width": 4, "Recheck Cond": "(id = mc.company_type_id)", "Plans": [{"Node Type": "Bitmap Index Scan", "Parent Relationship": "Outer", "Index Name": "company_type_pkey", "Startup Cost": 0.0, "Total Cost": 0.26, "Plan Rows": 1, "Plan Width": 0, "Index Cond": "(id = mc.company_type_id)"}]}]}]}, "Unique SQL Id": 2933943827, "Planner Runtime": 6}, "explain_analyze_plan": {"Plan": {"Node Type": "Aggregate", "Strategy": "Plain", "Startup Cost": 41418.46, "Total Cost": 41418.47, "Plan Rows": 1, "Plan Width": 97, "Actual Startup Time": 1353.636, "Actual Total Time": 1353.637, "Actual Rows": 1, "Actual Loops": 1, "Plans": [{"Node Type": "Nested Loop", "Parent Relationship": "Outer", "Join Type": "Inner", "Startup Cost": 2787.21, "Total Cost": 41418.45, "Plan Rows": 2, "Plan Width": 33, "Actual Startup Time": 107.21, "Actual Total Time": 1353.521, "Actual Rows": 18, "Actual Loops": 1, "Inner Unique": true, "Plans": [{"Node Type": "Nested Loop", "Parent Relationship": "Outer", "Join Type": "Inner", "Startup Cost": 2786.95, "Total Cost": 41409.89, "Plan Rows": 2, "Plan Width": 37, "Actual Startup Time": 37.769, "Actual Total Time": 1352.989, "Actual Rows": 104, "Actual Loops": 1, "Inner Unique": true, "Plans": [{"Node Type": "Nested Loop", "Parent Relationship": "Outer", "Join Type": "Inner", "Startup Cost": 2786.68, "Total Cost": 41397.0, "Plan Rows": 3, "Plan Width": 28, "Actual Startup Time": 23.05, "Actual Total Time": 1349.829, "Actual Rows": 265, "Actual Loops": 1, "Inner Unique": true, "Plans": [{"Node Type": "Nested Loop", "Parent Relationship": "Outer", "Join Type": "Inner", "Startup Cost": 2784.38, "Total Cost": 41359.07, "Plan Rows": 6, "Plan Width": 16, "Actual Startup Time": 23.037, "Actual Total Time": 1346.368, "Actual Rows": 275, "Actual Loops": 1, "Inner Unique": true, "Plans": [{"Node Type": "Nested Loop", "Parent Relationship": "Outer", "Join Type": "Inner", "Startup Cost": 2784.12, "Total Cost": 41067.82, "Plan Rows": 68, "Plan Width": 20, "Actual Startup Time": 23.026, "Actual Total Time": 1343.783, "Actual Rows": 377, "Actual Loops": 1, "Inner Unique": false, "Plans": [{"Node Type": "Nested Loop", "Parent Relationship": "Outer", "Join Type": "Inner", "Startup Cost": 2783.61, "Total Cost": 23592.84, "Plan Rows": 3779, "Plan Width": 8, "Actual Startup Time": 21.943, "Actual Total Time": 182.966, "Actual Rows": 8790, "Actual Loops": 1, "Inner Unique": false, "Plans": [{"Node Type": "Bitmap Heap Scan", "Parent Relationship": "Outer", "Relation Name": "company_name", "Alias": "cn", "Startup Cost": 2779.29, "Total Cost": 8682.74, "Plan Rows": 251, "Plan Width": 4, "Actual Startup Time": 21.91, "Actual Total Time": 145.563, "Actual Rows": 1361, "Actual Loops": 1, "Filter": "((country_code)::text = '[ru]'::text)", "Rows Removed by Filter": 233635, "Exact Heap Blocks": 2966, "Lossy Heap Blocks": 2966, "Plans": [{"Node Type": "Bitmap Index Scan", "Parent Relationship": "Outer", "Index Name": "company_name_pkey", "Startup Cost": 0.0, "Total Cost": 2779.23, "Plan Rows": 234996, "Plan Width": 0, "Actual Startup Time": 21.441, "Actual Total Time": 21.441, "Actual Rows": 234996, "Actual Loops": 1}]}, {"Node Type": "Bitmap Heap Scan", "Parent Relationship": "Inner", "Relation Name": "movie_companies", "Alias": "mc", "Startup Cost": 4.32, "Total Cost": 59.25, "Plan Rows": 15, "Plan Width": 12, "Actual Startup Time": 15.259, "Actual Total Time": 32.516, "Actual Rows": 8790, "Actual Loops": 1361, "Recheck Cond": "(company_id = cn.id)", "Rows Removed by Index Recheck": 0, "Exact Heap Blocks": 7155, "Lossy Heap Blocks": 7155, "Plans": [{"Node Type": "Bitmap Index Scan", "Parent Relationship": "Outer", "Index Name": "company_id_movie_companies", "Startup Cost": 0.0, "Total Cost": 4.31, "Plan Rows": 15, "Plan Width": 0, "Actual Startup Time": 9.3, "Actual Total Time": 9.3, "Actual Rows": 8790, "Actual Loops": 1361, "Index Cond": "(company_id = cn.id)"}]}]}, {"Node Type": "Bitmap Heap Scan", "Parent Relationship": "Inner", "Relation Name": "cast_info", "Alias": "ci", "Startup Cost": 0.51, "Total Cost": 4.61, "Plan Rows": 1, "Plan Width": 12, "Actual Startup Time": 1080.605, "Actual Total Time": 1145.055, "Actual Rows": 377, "Actual Loops": 8790, "Recheck Cond": "(movie_id = mc.movie_id)", "Rows Removed by Index Recheck": 0, "Filter": "(((note)::text ~~ '%(voice)%'::text) AND ((note)::text ~~ '%(uncredited)%'::text))", "Rows Removed by Filter": 408168, "Exact Heap Blocks": 397651, "Lossy Heap Blocks": 397651, "Plans": [{"Node Type": "Bitmap Index Scan", "Parent Relationship": "Outer", "Index Name": "movie_id_cast_info", "Startup Cost": 0.0, "Total Cost": 0.51, "Plan Rows": 6, "Plan Width": 0, "Actual Startup Time": 134.176, "Actual Total Time": 134.176, "Actual Rows": 408545, "Actual Loops": 8790, "Index Cond": "(movie_id = mc.movie_id)"}]}]}, {"Node Type": "Bitmap Heap Scan", "Parent Relationship": "Inner", "Relation Name": "role_type", "Alias": "rt", "Startup Cost": 0.26, "Total Cost": 4.27, "Plan Rows": 1, "Plan Width": 4, "Actual Startup Time": 1.653, "Actual Total Time": 1.653, "Actual Rows": 275, "Actual Loops": 377, "Recheck Cond": "(id = ci.role_id)", "Rows Removed by Index Recheck": 0, "Filter": "((role)::text = 'actor'::text)", "Rows Removed by Filter": 102, "Exact Heap Blocks": 377, "Lossy Heap Blocks": 377, "Plans": [{"Node Type": "Bitmap Index Scan", "Parent Relationship": "Outer", "Index Name": "role_type_pkey", "Startup Cost": 0.0, "Total Cost": 0.26, "Plan Rows": 1, "Plan Width": 0, "Actual Startup Time": 0.619, "Actual Total Time": 0.619, "Actual Rows": 377, "Actual Loops": 377, "Index Cond": "(id = ci.role_id)"}]}]}, {"Node Type": "Bitmap Heap Scan", "Parent Relationship": "Inner", "Relation Name": "char_name", "Alias": "chn", "Startup Cost": 2.3, "Total Cost": 6.31, "Plan Rows": 1, "Plan Width": 20, "Actual Startup Time": 2.76, "Actual Total Time": 2.76, "Actual Rows": 265, "Actual Loops": 275, "Recheck Cond": "(id = ci.person_role_id)", "Rows Removed by Index Recheck": 0, "Exact Heap Blocks": 265, "Lossy Heap Blocks": 265, "Plans": [{"Node Type": "Bitmap Index Scan", "Parent Relationship": "Outer", "Index Name": "char_name_pkey", "Startup Cost": 0.0, "Total Cost": 2.3, "Plan Rows": 1, "Plan Width": 0, "Actual Startup Time": 1.81, "Actual Total Time": 1.81, "Actual Rows": 265, "Actual Loops": 275, "Index Cond": "(id = ci.person_role_id)"}]}]}, {"Node Type": "Bitmap Heap Scan", "Parent Relationship": "Inner", "Relation Name": "title", "Alias": "t", "Startup Cost": 0.27, "Total Cost": 4.29, "Plan Rows": 1, "Plan Width": 21, "Actual Startup Time": 2.584, "Actual Total Time": 2.584, "Actual Rows": 104, "Actual Loops": 265, "Recheck Cond": "(id = mc.movie_id)", "Rows Removed by Index Recheck": 0, "Filter": "(production_year > 2005)", "Rows Removed by Filter": 161, "Exact Heap Blocks": 265, "Lossy Heap Blocks": 265, "Plans": [{"Node Type": "Bitmap Index Scan", "Parent Relationship": "Outer", "Index Name": "title_pkey", "Startup Cost": 0.0, "Total Cost": 0.27, "Plan Rows": 1, "Plan Width": 0, "Actual Startup Time": 1.613, "Actual Total Time": 1.613, "Actual Rows": 265, "Actual Loops": 265, "Index Cond": "(id = mc.movie_id)"}]}]}, {"Node Type": "Bitmap Heap Scan", "Parent Relationship": "Inner", "Relation Name": "company_type", "Alias": "ct", "Startup Cost": 0.26, "Total Cost": 4.27, "Plan Rows": 1, "Plan Width": 4, "Actual Startup Time": 0.288, "Actual Total Time": 0.288, "Actual Rows": 18, "Actual Loops": 104, "Recheck Cond": "(id = mc.company_type_id)", "Rows Removed by Index Recheck": 0, "Exact Heap Blocks": 18, "Lossy Heap Blocks": 18, "Plans": [{"Node Type": "Bitmap Index Scan", "Parent Relationship": "Outer", "Index Name": "company_type_pkey", "Startup Cost": 0.0, "Total Cost": 0.26, "Plan Rows": 1, "Plan Width": 0, "Actual Startup Time": 0.156, "Actual Total Time": 0.156, "Actual Rows": 18, "Actual Loops": 104, "Index Cond": "(id = mc.company_type_id)"}]}]}]}, "Triggers": [], "Planner Runtime": 6, "Total Runtime": 1354.082, "Unique SQL Id": 2933943827}}, "(64, 52)": {"explain_plan": {"Plan": {"Node Type": "Aggregate", "Strategy": "Plain", "Startup Cost": 19897.43, "Total Cost": 19897.44, "Plan Rows": 1, "Plan Width": 97, "Plans": [{"Node Type": "Nested Loop", "Parent Relationship": "Outer", "Join Type": "Inner", "Startup Cost": 0.0, "Total Cost": 19897.42, "Plan Rows": 2, "Plan Width": 33, "Inner Unique": true, "Plans": [{"Node Type": "Nested Loop", "Parent Relationship": "Outer", "Join Type": "Inner", "Startup Cost": 0.0, "Total Cost": 19896.86, "Plan Rows": 2, "Plan Width": 37, "Inner Unique": true, "Plans": [{"Node Type": "Nested Loop", "Parent Relationship": "Outer", "Join Type": "Inner", "Startup Cost": 0.0, "Total Cost": 19869.97, "Plan Rows": 5, "Plan Width": 25, "Inner Unique": true, "Plans": [{"Node Type": "Nested Loop", "Parent Relationship": "Outer", "Join Type": "Inner", "Startup Cost": 0.0, "Total Cost": 19867.87, "Plan Rows": 6, "Plan Width": 16, "Inner Unique": false, "Join Filter": "(ci.role_id = rt.id)", "Plans": [{"Node Type": "Seq Scan", "Parent Relationship": "Outer", "Relation Name": "role_type", "Alias": "rt", "Startup Cost": 0.0, "Total Cost": 1.15, "Plan Rows": 1, "Plan Width": 4, "Filter": "((role)::text = 'actor'::text)"}, {"Node Type": "Nested Loop", "Parent Relationship": "Inner", "Join Type": "Inner", "Startup Cost": 0.0, "Total Cost": 19865.87, "Plan Rows": 68, "Plan Width": 20, "Inner Unique": false, "Plans": [{"Node Type": "Nested Loop", "Parent Relationship": "Outer", "Join Type": "Inner", "Startup Cost": 0.0, "Total Cost": 16121.55, "Plan Rows": 3779, "Plan Width": 8, "Inner Unique": false, "Plans": [{"Node Type": "Seq Scan", "Parent Relationship": "Outer", "Relation Name": "company_name", "Alias": "cn", "Startup Cost": 0.0, "Total Cost": 5903.45, "Plan Rows": 251, "Plan Width": 4, "Filter": "((country_code)::text = '[ru]'::text)"}, {"Node Type": "Index Scan", "Parent Relationship": "Inner", "Scan Direction": "Forward", "Index Name": "company_id_movie_companies", "Relation Name": "movie_companies", "Alias": "mc", "Startup Cost": 0.0, "Total Cost": 40.56, "Plan Rows": 15, "Plan Width": 12, "Index Cond": "(company_id = cn.id)"}]}, {"Node Type": "Index Scan", "Parent Relationship": "Inner", "Scan Direction": "Forward", "Index Name": "movie_id_cast_info", "Relation Name": "cast_info", "Alias": "ci", "Startup Cost": 0.0, "Total Cost": 0.98, "Plan Rows": 1, "Plan Width": 12, "Index Cond": "(movie_id = mc.movie_id)", "Filter": "(((note)::text ~~ '%(voice)%'::text) AND ((note)::text ~~ '%(uncredited)%'::text))"}]}]}, {"Node Type": "Index Scan", "Parent Relationship": "Inner", "Scan Direction": "Forward", "Index Name": "title_pkey", "Relation Name": "title", "Alias": "t", "Startup Cost": 0.0, "Total Cost": 0.34, "Plan Rows": 1, "Plan Width": 21, "Index Cond": "(id = mc.movie_id)", "Filter": "(production_year > 2005)"}]}, {"Node Type": "Index Scan", "Parent Relationship": "Inner", "Scan Direction": "Forward", "Index Name": "char_name_pkey", "Relation Name": "char_name", "Alias": "chn", "Startup Cost": 0.0, "Total Cost": 5.37, "Plan Rows": 1, "Plan Width": 20, "Index Cond": "(id = ci.person_role_id)"}]}, {"Node Type": "Index Scan", "Parent Relationship": "Inner", "Scan Direction": "Forward", "Index Name": "company_type_pkey", "Relation Name": "company_type", "Alias": "ct", "Startup Cost": 0.0, "Total Cost": 0.27, "Plan Rows": 1, "Plan Width": 4, "Index Cond": "(id = mc.company_type_id)"}]}]}, "Unique SQL Id": 2933943827, "Planner Runtime": 6}, "explain_analyze_plan": {"Plan": {"Node Type": "Aggregate", "Strategy": "Plain", "Startup Cost": 19897.43, "Total Cost": 19897.44, "Plan Rows": 1, "Plan Width": 97, "Actual Startup Time": 804.024, "Actual Total Time": 804.024, "Actual Rows": 1, "Actual Loops": 1, "Plans": [{"Node Type": "Nested Loop", "Parent Relationship": "Outer", "Join Type": "Inner", "Startup Cost": 0.0, "Total Cost": 19897.42, "Plan Rows": 2, "Plan Width": 33, "Actual Startup Time": 47.786, "Actual Total Time": 803.917, "Actual Rows": 18, "Actual Loops": 1, "Inner Unique": true, "Plans": [{"Node Type": "Nested Loop", "Parent Relationship": "Outer", "Join Type": "Inner", "Startup Cost": 0.0, "Total Cost": 19896.86, "Plan Rows": 2, "Plan Width": 37, "Actual Startup Time": 10.009, "Actual Total Time": 803.609, "Actual Rows": 104, "Actual Loops": 1, "Inner Unique": true, "Plans": [{"Node Type": "Nested Loop", "Parent Relationship": "Outer", "Join Type": "Inner", "Startup Cost": 0.0, "Total Cost": 19869.97, "Plan Rows": 5, "Plan Width": 25, "Actual Startup Time": 9.994, "Actual Total Time": 802.565, "Actual Rows": 112, "Actual Loops": 1, "Inner Unique": true, "Plans": [{"Node Type": "Nested Loop", "Parent Relationship": "Outer", "Join Type": "Inner", "Startup Cost": 0.0, "Total Cost": 19867.87, "Plan Rows": 6, "Plan Width": 16, "Actual Startup Time": 0.857, "Actual Total Time": 800.305, "Actual Rows": 275, "Actual Loops": 1, "Inner Unique": false, "Join Filter": "(ci.role_id = rt.id)", "Rows Removed by Join Filter": 102, "Plans": [{"Node Type": "Seq Scan", "Parent Relationship": "Outer", "Relation Name": "role_type", "Alias": "rt", "Startup Cost": 0.0, "Total Cost": 1.15, "Plan Rows": 1, "Plan Width": 4, "Actual Startup Time": 0.035, "Actual Total Time": 0.04, "Actual Rows": 1, "Actual Loops": 1, "Filter": "((role)::text = 'actor'::text)", "Rows Removed by Filter": 11}, {"Node Type": "Nested Loop", "Parent Relationship": "Inner", "Join Type": "Inner", "Startup Cost": 0.0, "Total Cost": 19865.87, "Plan Rows": 68, "Plan Width": 20, "Actual Startup Time": 0.814, "Actual Total Time": 800.006, "Actual Rows": 377, "Actual Loops": 1, "Inner Unique": false, "Plans": [{"Node Type": "Nested Loop", "Parent Relationship": "Outer", "Join Type": "Inner", "Startup Cost": 0.0, "Total Cost": 16121.55, "Plan Rows": 3779, "Plan Width": 8, "Actual Startup Time": 0.057, "Actual Total Time": 107.506, "Actual Rows": 8790, "Actual Loops": 1, "Inner Unique": false, "Plans": [{"Node Type": "Seq Scan", "Parent Relationship": "Outer", "Relation Name": "company_name", "Alias": "cn", "Startup Cost": 0.0, "Total Cost": 5903.45, "Plan Rows": 251, "Plan Width": 4, "Actual Startup Time": 0.037, "Actual Total Time": 83.104, "Actual Rows": 1361, "Actual Loops": 1, "Filter": "((country_code)::text = '[ru]'::text)", "Rows Removed by Filter": 233635}, {"Node Type": "Index Scan", "Parent Relationship": "Inner", "Scan Direction": "Forward", "Index Name": "company_id_movie_companies", "Relation Name": "movie_companies", "Alias": "mc", "Startup Cost": 0.0, "Total Cost": 40.56, "Plan Rows": 15, "Plan Width": 12, "Actual Startup Time": 8.468, "Actual Total Time": 21.018, "Actual Rows": 8790, "Actual Loops": 1361, "Index Cond": "(company_id = cn.id)", "Rows Removed by Index Recheck": 0}]}, {"Node Type": "Index Scan", "Parent Relationship": "Inner", "Scan Direction": "Forward", "Index Name": "movie_id_cast_info", "Relation Name": "cast_info", "Alias": "ci", "Startup Cost": 0.0, "Total Cost": 0.98, "Plan Rows": 1, "Plan Width": 12, "Actual Startup Time": 647.342, "Actual Total Time": 687.066, "Actual Rows": 377, "Actual Loops": 8790, "Index Cond": "(movie_id = mc.movie_id)", "Rows Removed by Index Recheck": 0, "Filter": "(((note)::text ~~ '%(voice)%'::text) AND ((note)::text ~~ '%(uncredited)%'::text))", "Rows Removed by Filter": 408168}]}]}, {"Node Type": "Index Scan", "Parent Relationship": "Inner", "Scan Direction": "Forward", "Index Name": "title_pkey", "Relation Name": "title", "Alias": "t", "Startup Cost": 0.0, "Total Cost": 0.34, "Plan Rows": 1, "Plan Width": 21, "Actual Startup Time": 1.837, "Actual Total Time": 1.837, "Actual Rows": 112, "Actual Loops": 275, "Index Cond": "(id = mc.movie_id)", "Rows Removed by Index Recheck": 0, "Filter": "(production_year > 2005)", "Rows Removed by Filter": 163}]}, {"Node Type": "Index Scan", "Parent Relationship": "Inner", "Scan Direction": "Forward", "Index Name": "char_name_pkey", "Relation Name": "char_name", "Alias": "chn", "Startup Cost": 0.0, "Total Cost": 5.37, "Plan Rows": 1, "Plan Width": 20, "Actual Startup Time": 0.803, "Actual Total Time": 0.803, "Actual Rows": 104, "Actual Loops": 112, "Index Cond": "(id = ci.person_role_id)", "Rows Removed by Index Recheck": 0}]}, {"Node Type": "Index Scan", "Parent Relationship": "Inner", "Scan Direction": "Forward", "Index Name": "company_type_pkey", "Relation Name": "company_type", "Alias": "ct", "Startup Cost": 0.0, "Total Cost": 0.27, "Plan Rows": 1, "Plan Width": 4, "Actual Startup Time": 0.179, "Actual Total Time": 0.179, "Actual Rows": 18, "Actual Loops": 104, "Index Cond": "(id = mc.company_type_id)", "Rows Removed by Index Recheck": 0}]}]}, "Triggers": [], "Planner Runtime": 7, "Total Runtime": 804.361, "Unique SQL Id": 2933943827}}, "(64, 53)": {"explain_plan": {"Plan": {"Node Type": "Aggregate", "Strategy": "Plain", "Startup Cost": 22688.03, "Total Cost": 22688.04, "Plan Rows": 1, "Plan Width": 97, "Plans": [{"Node Type": "Nested Loop", "Parent Relationship": "Outer", "Join Type": "Inner", "Startup Cost": 2779.29, "Total Cost": 22688.02, "Plan Rows": 2, "Plan Width": 33, "Inner Unique": true, "Plans": [{"Node Type": "Nested Loop", "Parent Relationship": "Outer", "Join Type": "Inner", "Startup Cost": 2779.29, "Total Cost": 22687.46, "Plan Rows": 2, "Plan Width": 37, "Inner Unique": true, "Plans": [{"Node Type": "Nested Loop", "Parent Relationship": "Outer", "Join Type": "Inner", "Startup Cost": 2779.29, "Total Cost": 22660.57, "Plan Rows": 5, "Plan Width": 25, "Inner Unique": true, "Plans": [{"Node Type": "Nested Loop", "Parent Relationship": "Outer", "Join Type": "Inner", "Startup Cost": 2779.29, "Total Cost": 22658.47, "Plan Rows": 6, "Plan Width": 16, "Inner Unique": false, "Join Filter": "(ci.role_id = rt.id)", "Plans": [{"Node Type": "Index Scan", "Parent Relationship": "Outer", "Scan Direction": "Forward", "Index Name": "role_type_pkey", "Relation Name": "role_type", "Alias": "rt", "Startup Cost": 0.0, "Total Cost": 12.46, "Plan Rows": 1, "Plan Width": 4, "Filter": "((role)::text = 'actor'::text)"}, {"Node Type": "Nested Loop", "Parent Relationship": "Inner", "Join Type": "Inner", "Startup Cost": 2779.29, "Total Cost": 22645.16, "Plan Rows": 68, "Plan Width": 20, "Inner Unique": false, "Plans": [{"Node Type": "Nested Loop", "Parent Relationship": "Outer", "Join Type": "Inner", "Startup Cost": 2779.29, "Total Cost": 18900.84, "Plan Rows": 3779, "Plan Width": 8, "Inner Unique": false, "Plans": [{"Node Type": "Bitmap Heap Scan", "Parent Relationship": "Outer", "Relation Name": "company_name", "Alias": "cn", "Startup Cost": 2779.29, "Total Cost": 8682.74, "Plan Rows": 251, "Plan Width": 4, "Filter": "((country_code)::text = '[ru]'::text)", "Plans": [{"Node Type": "Bitmap Index Scan", "Parent Relationship": "Outer", "Index Name": "company_name_pkey", "Startup Cost": 0.0, "Total Cost": 2779.23, "Plan Rows": 234996, "Plan Width": 0}]}, {"Node Type": "Index Scan", "Parent Relationship": "Inner", "Scan Direction": "Forward", "Index Name": "company_id_movie_companies", "Relation Name": "movie_companies", "Alias": "mc", "Startup Cost": 0.0, "Total Cost": 40.56, "Plan Rows": 15, "Plan Width": 12, "Index Cond": "(company_id = cn.id)"}]}, {"Node Type": "Index Scan", "Parent Relationship": "Inner", "Scan Direction": "Forward", "Index Name": "movie_id_cast_info", "Relation Name": "cast_info", "Alias": "ci", "Startup Cost": 0.0, "Total Cost": 0.98, "Plan Rows": 1, "Plan Width": 12, "Index Cond": "(movie_id = mc.movie_id)", "Filter": "(((note)::text ~~ '%(voice)%'::text) AND ((note)::text ~~ '%(uncredited)%'::text))"}]}]}, {"Node Type": "Index Scan", "Parent Relationship": "Inner", "Scan Direction": "Forward", "Index Name": "title_pkey", "Relation Name": "title", "Alias": "t", "Startup Cost": 0.0, "Total Cost": 0.34, "Plan Rows": 1, "Plan Width": 21, "Index Cond": "(id = mc.movie_id)", "Filter": "(production_year > 2005)"}]}, {"Node Type": "Index Scan", "Parent Relationship": "Inner", "Scan Direction": "Forward", "Index Name": "char_name_pkey", "Relation Name": "char_name", "Alias": "chn", "Startup Cost": 0.0, "Total Cost": 5.37, "Plan Rows": 1, "Plan Width": 20, "Index Cond": "(id = ci.person_role_id)"}]}, {"Node Type": "Index Scan", "Parent Relationship": "Inner", "Scan Direction": "Forward", "Index Name": "company_type_pkey", "Relation Name": "company_type", "Alias": "ct", "Startup Cost": 0.0, "Total Cost": 0.27, "Plan Rows": 1, "Plan Width": 4, "Index Cond": "(id = mc.company_type_id)"}]}]}, "Unique SQL Id": 2933943827, "Planner Runtime": 6}, "explain_analyze_plan": {"Plan": {"Node Type": "Aggregate", "Strategy": "Plain", "Startup Cost": 22688.03, "Total Cost": 22688.04, "Plan Rows": 1, "Plan Width": 97, "Actual Startup Time": 870.659, "Actual Total Time": 870.659, "Actual Rows": 1, "Actual Loops": 1, "Plans": [{"Node Type": "Nested Loop", "Parent Relationship": "Outer", "Join Type": "Inner", "Startup Cost": 2779.29, "Total Cost": 22688.02, "Plan Rows": 2, "Plan Width": 33, "Actual Startup Time": 67.925, "Actual Total Time": 870.543, "Actual Rows": 18, "Actual Loops": 1, "Inner Unique": true, "Plans": [{"Node Type": "Nested Loop", "Parent Relationship": "Outer", "Join Type": "Inner", "Startup Cost": 2779.29, "Total Cost": 22687.46, "Plan Rows": 2, "Plan Width": 37, "Actual Startup Time": 30.796, "Actual Total Time": 870.252, "Actual Rows": 104, "Actual Loops": 1, "Inner Unique": true, "Plans": [{"Node Type": "Nested Loop", "Parent Relationship": "Outer", "Join Type": "Inner", "Startup Cost": 2779.29, "Total Cost": 22660.57, "Plan Rows": 5, "Plan Width": 25, "Actual Startup Time": 30.783, "Actual Total Time": 869.187, "Actual Rows": 112, "Actual Loops": 1, "Inner Unique": true, "Plans": [{"Node Type": "Nested Loop", "Parent Relationship": "Outer", "Join Type": "Inner", "Startup Cost": 2779.29, "Total Cost": 22658.47, "Plan Rows": 6, "Plan Width": 16, "Actual Startup Time": 21.93, "Actual Total Time": 866.924, "Actual Rows": 275, "Actual Loops": 1, "Inner Unique": false, "Join Filter": "(ci.role_id = rt.id)", "Rows Removed by Join Filter": 102, "Plans": [{"Node Type": "Index Scan", "Parent Relationship": "Outer", "Scan Direction": "Forward", "Index Name": "role_type_pkey", "Relation Name": "role_type", "Alias": "rt", "Startup Cost": 0.0, "Total Cost": 12.46, "Plan Rows": 1, "Plan Width": 4, "Actual Startup Time": 0.023, "Actual Total Time": 0.033, "Actual Rows": 1, "Actual Loops": 1, "Filter": "((role)::text = 'actor'::text)", "Rows Removed by Filter": 11}, {"Node Type": "Nested Loop", "Parent Relationship": "Inner", "Join Type": "Inner", "Startup Cost": 2779.29, "Total Cost": 22645.16, "Plan Rows": 68, "Plan Width": 20, "Actual Startup Time": 21.895, "Actual Total Time": 866.602, "Actual Rows": 377, "Actual Loops": 1, "Inner Unique": false, "Plans": [{"Node Type": "Nested Loop", "Parent Relationship": "Outer", "Join Type": "Inner", "Startup Cost": 2779.29, "Total Cost": 18900.84, "Plan Rows": 3779, "Plan Width": 8, "Actual Startup Time": 20.965, "Actual Total Time": 175.694, "Actual Rows": 8790, "Actual Loops": 1, "Inner Unique": false, "Plans": [{"Node Type": "Bitmap Heap Scan", "Parent Relationship": "Outer", "Relation Name": "company_name", "Alias": "cn", "Startup Cost": 2779.29, "Total Cost": 8682.74, "Plan Rows": 251, "Plan Width": 4, "Actual Startup Time": 20.935, "Actual Total Time": 151.258, "Actual Rows": 1361, "Actual Loops": 1, "Filter": "((country_code)::text = '[ru]'::text)", "Rows Removed by Filter": 233635, "Exact Heap Blocks": 2966, "Lossy Heap Blocks": 2966, "Plans": [{"Node Type": "Bitmap Index Scan", "Parent Relationship": "Outer", "Index Name": "company_name_pkey", "Startup Cost": 0.0, "Total Cost": 2779.23, "Plan Rows": 234996, "Plan Width": 0, "Actual Startup Time": 20.448, "Actual Total Time": 20.448, "Actual Rows": 234996, "Actual Loops": 1}]}, {"Node Type": "Index Scan", "Parent Relationship": "Inner", "Scan Direction": "Forward", "Index Name": "company_id_movie_companies", "Relation Name": "movie_companies", "Alias": "mc", "Startup Cost": 0.0, "Total Cost": 40.56, "Plan Rows": 15, "Plan Width": 12, "Actual Startup Time": 8.541, "Actual Total Time": 20.974, "Actual Rows": 8790, "Actual Loops": 1361, "Index Cond": "(company_id = cn.id)", "Rows Removed by Index Recheck": 0}]}, {"Node Type": "Index Scan", "Parent Relationship": "Inner", "Scan Direction": "Forward", "Index Name": "movie_id_cast_info", "Relation Name": "cast_info", "Alias": "ci", "Startup Cost": 0.0, "Total Cost": 0.98, "Plan Rows": 1, "Plan Width": 12, "Actual Startup Time": 645.799, "Actual Total Time": 685.338, "Actual Rows": 377, "Actual Loops": 8790, "Index Cond": "(movie_id = mc.movie_id)", "Rows Removed by Index Recheck": 0, "Filter": "(((note)::text ~~ '%(voice)%'::text) AND ((note)::text ~~ '%(uncredited)%'::text))", "Rows Removed by Filter": 408168}]}]}, {"Node Type": "Index Scan", "Parent Relationship": "Inner", "Scan Direction": "Forward", "Index Name": "title_pkey", "Relation Name": "title", "Alias": "t", "Startup Cost": 0.0, "Total Cost": 0.34, "Plan Rows": 1, "Plan Width": 21, "Actual Startup Time": 1.847, "Actual Total Time": 1.847, "Actual Rows": 112, "Actual Loops": 275, "Index Cond": "(id = mc.movie_id)", "Rows Removed by Index Recheck": 0, "Filter": "(production_year > 2005)", "Rows Removed by Filter": 163}]}, {"Node Type": "Index Scan", "Parent Relationship": "Inner", "Scan Direction": "Forward", "Index Name": "char_name_pkey", "Relation Name": "char_name", "Alias": "chn", "Startup Cost": 0.0, "Total Cost": 5.37, "Plan Rows": 1, "Plan Width": 20, "Actual Startup Time": 0.848, "Actual Total Time": 0.848, "Actual Rows": 104, "Actual Loops": 112, "Index Cond": "(id = ci.person_role_id)", "Rows Removed by Index Recheck": 0}]}, {"Node Type": "Index Scan", "Parent Relationship": "Inner", "Scan Direction": "Forward", "Index Name": "company_type_pkey", "Relation Name": "company_type", "Alias": "ct", "Startup Cost": 0.0, "Total Cost": 0.27, "Plan Rows": 1, "Plan Width": 4, "Actual Startup Time": 0.146, "Actual Total Time": 0.146, "Actual Rows": 18, "Actual Loops": 104, "Index Cond": "(id = mc.company_type_id)", "Rows Removed by Index Recheck": 0}]}]}, "Triggers": [], "Planner Runtime": 6, "Total Runtime": 871.048, "Unique SQL Id": 2933943827}}, "(64, 54)": {"explain_plan": {"Plan": {"Node Type": "Aggregate", "Strategy": "Plain", "Startup Cost": 38342.48, "Total Cost": 38342.49, "Plan Rows": 1, "Plan Width": 97, "Plans": [{"Node Type": "Nested Loop", "Parent Relationship": "Outer", "Join Type": "Inner", "Startup Cost": 7.4, "Total Cost": 38342.47, "Plan Rows": 2, "Plan Width": 33, "Inner Unique": false, "Join Filter": "(mc.company_type_id = ct.id)", "Plans": [{"Node Type": "Seq Scan", "Parent Relationship": "Outer", "Relation Name": "company_type", "Alias": "ct", "Startup Cost": 0.0, "Total Cost": 1.03, "Plan Rows": 3, "Plan Width": 4}, {"Node Type": "Materialize", "Parent Relationship": "Inner", "Startup Cost": 7.4, "Total Cost": 38341.35, "Plan Rows": 2, "Plan Width": 37, "Plans": [{"Node Type": "Nested Loop", "Parent Relationship": "Outer", "Join Type": "Inner", "Startup Cost": 7.4, "Total Cost": 38341.34, "Plan Rows": 2, "Plan Width": 37, "Inner Unique": true, "Plans": [{"Node Type": "Nested Loop", "Parent Relationship": "Outer", "Join Type": "Inner", "Startup Cost": 7.13, "Total Cost": 38328.45, "Plan Rows": 3, "Plan Width": 28, "Inner Unique": true, "Plans": [{"Node Type": "Nested Loop", "Parent Relationship": "Outer", "Join Type": "Inner", "Startup Cost": 4.83, "Total Cost": 38290.52, "Plan Rows": 6, "Plan Width": 16, "Inner Unique": false, "Join Filter": "(ci.role_id = rt.id)", "Plans": [{"Node Type": "Seq Scan", "Parent Relationship": "Outer", "Relation Name": "role_type", "Alias": "rt", "Startup Cost": 0.0, "Total Cost": 1.15, "Plan Rows": 1, "Plan Width": 4, "Filter": "((role)::text = 'actor'::text)"}, {"Node Type": "Nested Loop", "Parent Relationship": "Inner", "Join Type": "Inner", "Startup Cost": 4.83, "Total Cost": 38288.52, "Plan Rows": 68, "Plan Width": 20, "Inner Unique": false, "Plans": [{"Node Type": "Nested Loop", "Parent Relationship": "Outer", "Join Type": "Inner", "Startup Cost": 4.32, "Total Cost": 20813.55, "Plan Rows": 3779, "Plan Width": 8, "Inner Unique": false, "Plans": [{"Node Type": "Seq Scan", "Parent Relationship": "Outer", "Relation Name": "company_name", "Alias": "cn", "Startup Cost": 0.0, "Total Cost": 5903.45, "Plan Rows": 251, "Plan Width": 4, "Filter": "((country_code)::text = '[ru]'::text)"}, {"Node Type": "Bitmap Heap Scan", "Parent Relationship": "Inner", "Relation Name": "movie_companies", "Alias": "mc", "Startup Cost": 4.32, "Total Cost": 59.25, "Plan Rows": 15, "Plan Width": 12, "Recheck Cond": "(company_id = cn.id)", "Plans": [{"Node Type": "Bitmap Index Scan", "Parent Relationship": "Outer", "Index Name": "company_id_movie_companies", "Startup Cost": 0.0, "Total Cost": 4.31, "Plan Rows": 15, "Plan Width": 0, "Index Cond": "(company_id = cn.id)"}]}]}, {"Node Type": "Bitmap Heap Scan", "Parent Relationship": "Inner", "Relation Name": "cast_info", "Alias": "ci", "Startup Cost": 0.51, "Total Cost": 4.61, "Plan Rows": 1, "Plan Width": 12, "Recheck Cond": "(movie_id = mc.movie_id)", "Filter": "(((note)::text ~~ '%(voice)%'::text) AND ((note)::text ~~ '%(uncredited)%'::text))", "Plans": [{"Node Type": "Bitmap Index Scan", "Parent Relationship": "Outer", "Index Name": "movie_id_cast_info", "Startup Cost": 0.0, "Total Cost": 0.51, "Plan Rows": 6, "Plan Width": 0, "Index Cond": "(movie_id = mc.movie_id)"}]}]}]}, {"Node Type": "Bitmap Heap Scan", "Parent Relationship": "Inner", "Relation Name": "char_name", "Alias": "chn", "Startup Cost": 2.3, "Total Cost": 6.31, "Plan Rows": 1, "Plan Width": 20, "Recheck Cond": "(id = ci.person_role_id)", "Plans": [{"Node Type": "Bitmap Index Scan", "Parent Relationship": "Outer", "Index Name": "char_name_pkey", "Startup Cost": 0.0, "Total Cost": 2.3, "Plan Rows": 1, "Plan Width": 0, "Index Cond": "(id = ci.person_role_id)"}]}]}, {"Node Type": "Bitmap Heap Scan", "Parent Relationship": "Inner", "Relation Name": "title", "Alias": "t", "Startup Cost": 0.27, "Total Cost": 4.29, "Plan Rows": 1, "Plan Width": 21, "Recheck Cond": "(id = mc.movie_id)", "Filter": "(production_year > 2005)", "Plans": [{"Node Type": "Bitmap Index Scan", "Parent Relationship": "Outer", "Index Name": "title_pkey", "Startup Cost": 0.0, "Total Cost": 0.27, "Plan Rows": 1, "Plan Width": 0, "Index Cond": "(id = mc.movie_id)"}]}]}]}]}]}, "Unique SQL Id": 2933943827, "Planner Runtime": 16}, "explain_analyze_plan": {"Plan": {"Node Type": "Aggregate", "Strategy": "Plain", "Startup Cost": 38342.48, "Total Cost": 38342.49, "Plan Rows": 1, "Plan Width": 97, "Actual Startup Time": 1053.545, "Actual Total Time": 1053.545, "Actual Rows": 1, "Actual Loops": 1, "Plans": [{"Node Type": "Nested Loop", "Parent Relationship": "Outer", "Join Type": "Inner", "Startup Cost": 7.4, "Total Cost": 38342.47, "Plan Rows": 2, "Plan Width": 33, "Actual Startup Time": 58.944, "Actual Total Time": 1053.444, "Actual Rows": 18, "Actual Loops": 1, "Inner Unique": false, "Join Filter": "(mc.company_type_id = ct.id)", "Rows Removed by Join Filter": 294, "Plans": [{"Node Type": "Seq Scan", "Parent Relationship": "Outer", "Relation Name": "company_type", "Alias": "ct", "Startup Cost": 0.0, "Total Cost": 1.03, "Plan Rows": 3, "Plan Width": 4, "Actual Startup Time": 0.016, "Actual Total Time": 0.018, "Actual Rows": 3, "Actual Loops": 1}, {"Node Type": "Materialize", "Parent Relationship": "Inner", "Startup Cost": 7.4, "Total Cost": 38341.35, "Plan Rows": 2, "Plan Width": 37, "Actual Startup Time": 12.262, "Actual Total Time": 1053.269, "Actual Rows": 312, "Actual Loops": 3, "Plans": [{"Node Type": "Nested Loop", "Parent Relationship": "Outer", "Join Type": "Inner", "Startup Cost": 7.4, "Total Cost": 38341.34, "Plan Rows": 2, "Plan Width": 37, "Actual Startup Time": 12.255, "Actual Total Time": 1053.029, "Actual Rows": 104, "Actual Loops": 1, "Inner Unique": true, "Plans": [{"Node Type": "Nested Loop", "Parent Relationship": "Outer", "Join Type": "Inner", "Startup Cost": 7.13, "Total Cost": 38328.45, "Plan Rows": 3, "Plan Width": 28, "Actual Startup Time": 1.092, "Actual Total Time": 1050.343, "Actual Rows": 265, "Actual Loops": 1, "Inner Unique": true, "Plans": [{"Node Type": "Nested Loop", "Parent Relationship": "Outer", "Join Type": "Inner", "Startup Cost": 4.83, "Total Cost": 38290.52, "Plan Rows": 6, "Plan Width": 16, "Actual Startup Time": 1.071, "Actual Total Time": 1047.151, "Actual Rows": 275, "Actual Loops": 1, "Inner Unique": false, "Join Filter": "(ci.role_id = rt.id)", "Rows Removed by Join Filter": 102, "Plans": [{"Node Type": "Seq Scan", "Parent Relationship": "Outer", "Relation Name": "role_type", "Alias": "rt", "Startup Cost": 0.0, "Total Cost": 1.15, "Plan Rows": 1, "Plan Width": 4, "Actual Startup Time": 0.016, "Actual Total Time": 0.024, "Actual Rows": 1, "Actual Loops": 1, "Filter": "((role)::text = 'actor'::text)", "Rows Removed by Filter": 11}, {"Node Type": "Nested Loop", "Parent Relationship": "Inner", "Join Type": "Inner", "Startup Cost": 4.83, "Total Cost": 38288.52, "Plan Rows": 68, "Plan Width": 20, "Actual Startup Time": 1.033, "Actual Total Time": 1046.789, "Actual Rows": 377, "Actual Loops": 1, "Inner Unique": false, "Plans": [{"Node Type": "Nested Loop", "Parent Relationship": "Outer", "Join Type": "Inner", "Startup Cost": 4.32, "Total Cost": 20813.55, "Plan Rows": 3779, "Plan Width": 8, "Actual Startup Time": 0.089, "Actual Total Time": 117.624, "Actual Rows": 8790, "Actual Loops": 1, "Inner Unique": false, "Plans": [{"Node Type": "Seq Scan", "Parent Relationship": "Outer", "Relation Name": "company_name", "Alias": "cn", "Startup Cost": 0.0, "Total Cost": 5903.45, "Plan Rows": 251, "Plan Width": 4, "Actual Startup Time": 0.044, "Actual Total Time": 83.442, "Actual Rows": 1361, "Actual Loops": 1, "Filter": "((country_code)::text = '[ru]'::text)", "Rows Removed by Filter": 233635}, {"Node Type": "Bitmap Heap Scan", "Parent Relationship": "Inner", "Relation Name": "movie_companies", "Alias": "mc", "Startup Cost": 4.32, "Total Cost": 59.25, "Plan Rows": 15, "Plan Width": 12, "Actual Startup Time": 14.335, "Actual Total Time": 29.299, "Actual Rows": 8790, "Actual Loops": 1361, "Recheck Cond": "(company_id = cn.id)", "Rows Removed by Index Recheck": 0, "Exact Heap Blocks": 7155, "Lossy Heap Blocks": 7155, "Plans": [{"Node Type": "Bitmap Index Scan", "Parent Relationship": "Outer", "Index Name": "company_id_movie_companies", "Startup Cost": 0.0, "Total Cost": 4.31, "Plan Rows": 15, "Plan Width": 0, "Actual Startup Time": 9.029, "Actual Total Time": 9.029, "Actual Rows": 8790, "Actual Loops": 1361, "Index Cond": "(company_id = cn.id)"}]}]}, {"Node Type": "Bitmap Heap Scan", "Parent Relationship": "Inner", "Relation Name": "cast_info", "Alias": "ci", "Startup Cost": 0.51, "Total Cost": 4.61, "Plan Rows": 1, "Plan Width": 12, "Actual Startup Time": 866.656, "Actual Total Time": 913.153, "Actual Rows": 377, "Actual Loops": 8790, "Recheck Cond": "(movie_id = mc.movie_id)", "Rows Removed by Index Recheck": 0, "Filter": "(((note)::text ~~ '%(voice)%'::text) AND ((note)::text ~~ '%(uncredited)%'::text))", "Rows Removed by Filter": 408168, "Exact Heap Blocks": 397651, "Lossy Heap Blocks": 397651, "Plans": [{"Node Type": "Bitmap Index Scan", "Parent Relationship": "Outer", "Index Name": "movie_id_cast_info", "Startup Cost": 0.0, "Total Cost": 0.51, "Plan Rows": 6, "Plan Width": 0, "Actual Startup Time": 123.916, "Actual Total Time": 123.916, "Actual Rows": 408545, "Actual Loops": 8790, "Index Cond": "(movie_id = mc.movie_id)"}]}]}]}, {"Node Type": "Bitmap Heap Scan", "Parent Relationship": "Inner", "Relation Name": "char_name", "Alias": "chn", "Startup Cost": 2.3, "Total Cost": 6.31, "Plan Rows": 1, "Plan Width": 20, "Actual Startup Time": 2.44, "Actual Total Time": 2.44, "Actual Rows": 265, "Actual Loops": 275, "Recheck Cond": "(id = ci.person_role_id)", "Rows Removed by Index Recheck": 0, "Exact Heap Blocks": 265, "Lossy Heap Blocks": 265, "Plans": [{"Node Type": "Bitmap Index Scan", "Parent Relationship": "Outer", "Index Name": "char_name_pkey", "Startup Cost": 0.0, "Total Cost": 2.3, "Plan Rows": 1, "Plan Width": 0, "Actual Startup Time": 1.617, "Actual Total Time": 1.617, "Actual Rows": 265, "Actual Loops": 275, "Index Cond": "(id = ci.person_role_id)"}]}]}, {"Node Type": "Bitmap Heap Scan", "Parent Relationship": "Inner", "Relation Name": "title", "Alias": "t", "Startup Cost": 0.27, "Total Cost": 4.29, "Plan Rows": 1, "Plan Width": 21, "Actual Startup Time": 2.108, "Actual Total Time": 2.108, "Actual Rows": 104, "Actual Loops": 265, "Recheck Cond": "(id = mc.movie_id)", "Rows Removed by Index Recheck": 0, "Filter": "(production_year > 2005)", "Rows Removed by Filter": 161, "Exact Heap Blocks": 265, "Lossy Heap Blocks": 265, "Plans": [{"Node Type": "Bitmap Index Scan", "Parent Relationship": "Outer", "Index Name": "title_pkey", "Startup Cost": 0.0, "Total Cost": 0.27, "Plan Rows": 1, "Plan Width": 0, "Actual Startup Time": 1.253, "Actual Total Time": 1.253, "Actual Rows": 265, "Actual Loops": 265, "Index Cond": "(id = mc.movie_id)"}]}]}]}]}]}, "Triggers": [], "Planner Runtime": 16, "Total Runtime": 1054.095, "Unique SQL Id": 2933943827}}, "(64, 55)": {"explain_plan": {"Plan": {"Node Type": "Aggregate", "Strategy": "Plain", "Startup Cost": 41418.46, "Total Cost": 41418.47, "Plan Rows": 1, "Plan Width": 97, "Plans": [{"Node Type": "Nested Loop", "Parent Relationship": "Outer", "Join Type": "Inner", "Startup Cost": 2787.21, "Total Cost": 41418.45, "Plan Rows": 2, "Plan Width": 33, "Inner Unique": true, "Plans": [{"Node Type": "Nested Loop", "Parent Relationship": "Outer", "Join Type": "Inner", "Startup Cost": 2786.95, "Total Cost": 41409.89, "Plan Rows": 2, "Plan Width": 37, "Inner Unique": true, "Plans": [{"Node Type": "Nested Loop", "Parent Relationship": "Outer", "Join Type": "Inner", "Startup Cost": 2786.68, "Total Cost": 41397.0, "Plan Rows": 3, "Plan Width": 28, "Inner Unique": true, "Plans": [{"Node Type": "Nested Loop", "Parent Relationship": "Outer", "Join Type": "Inner", "Startup Cost": 2784.38, "Total Cost": 41359.07, "Plan Rows": 6, "Plan Width": 16, "Inner Unique": true, "Plans": [{"Node Type": "Nested Loop", "Parent Relationship": "Outer", "Join Type": "Inner", "Startup Cost": 2784.12, "Total Cost": 41067.82, "Plan Rows": 68, "Plan Width": 20, "Inner Unique": false, "Plans": [{"Node Type": "Nested Loop", "Parent Relationship": "Outer", "Join Type": "Inner", "Startup Cost": 2783.61, "Total Cost": 23592.84, "Plan Rows": 3779, "Plan Width": 8, "Inner Unique": false, "Plans": [{"Node Type": "Bitmap Heap Scan", "Parent Relationship": "Outer", "Relation Name": "company_name", "Alias": "cn", "Startup Cost": 2779.29, "Total Cost": 8682.74, "Plan Rows": 251, "Plan Width": 4, "Filter": "((country_code)::text = '[ru]'::text)", "Plans": [{"Node Type": "Bitmap Index Scan", "Parent Relationship": "Outer", "Index Name": "company_name_pkey", "Startup Cost": 0.0, "Total Cost": 2779.23, "Plan Rows": 234996, "Plan Width": 0}]}, {"Node Type": "Bitmap Heap Scan", "Parent Relationship": "Inner", "Relation Name": "movie_companies", "Alias": "mc", "Startup Cost": 4.32, "Total Cost": 59.25, "Plan Rows": 15, "Plan Width": 12, "Recheck Cond": "(company_id = cn.id)", "Plans": [{"Node Type": "Bitmap Index Scan", "Parent Relationship": "Outer", "Index Name": "company_id_movie_companies", "Startup Cost": 0.0, "Total Cost": 4.31, "Plan Rows": 15, "Plan Width": 0, "Index Cond": "(company_id = cn.id)"}]}]}, {"Node Type": "Bitmap Heap Scan", "Parent Relationship": "Inner", "Relation Name": "cast_info", "Alias": "ci", "Startup Cost": 0.51, "Total Cost": 4.61, "Plan Rows": 1, "Plan Width": 12, "Recheck Cond": "(movie_id = mc.movie_id)", "Filter": "(((note)::text ~~ '%(voice)%'::text) AND ((note)::text ~~ '%(uncredited)%'::text))", "Plans": [{"Node Type": "Bitmap Index Scan", "Parent Relationship": "Outer", "Index Name": "movie_id_cast_info", "Startup Cost": 0.0, "Total Cost": 0.51, "Plan Rows": 6, "Plan Width": 0, "Index Cond": "(movie_id = mc.movie_id)"}]}]}, {"Node Type": "Bitmap Heap Scan", "Parent Relationship": "Inner", "Relation Name": "role_type", "Alias": "rt", "Startup Cost": 0.26, "Total Cost": 4.27, "Plan Rows": 1, "Plan Width": 4, "Recheck Cond": "(id = ci.role_id)", "Filter": "((role)::text = 'actor'::text)", "Plans": [{"Node Type": "Bitmap Index Scan", "Parent Relationship": "Outer", "Index Name": "role_type_pkey", "Startup Cost": 0.0, "Total Cost": 0.26, "Plan Rows": 1, "Plan Width": 0, "Index Cond": "(id = ci.role_id)"}]}]}, {"Node Type": "Bitmap Heap Scan", "Parent Relationship": "Inner", "Relation Name": "char_name", "Alias": "chn", "Startup Cost": 2.3, "Total Cost": 6.31, "Plan Rows": 1, "Plan Width": 20, "Recheck Cond": "(id = ci.person_role_id)", "Plans": [{"Node Type": "Bitmap Index Scan", "Parent Relationship": "Outer", "Index Name": "char_name_pkey", "Startup Cost": 0.0, "Total Cost": 2.3, "Plan Rows": 1, "Plan Width": 0, "Index Cond": "(id = ci.person_role_id)"}]}]}, {"Node Type": "Bitmap Heap Scan", "Parent Relationship": "Inner", "Relation Name": "title", "Alias": "t", "Startup Cost": 0.27, "Total Cost": 4.29, "Plan Rows": 1, "Plan Width": 21, "Recheck Cond": "(id = mc.movie_id)", "Filter": "(production_year > 2005)", "Plans": [{"Node Type": "Bitmap Index Scan", "Parent Relationship": "Outer", "Index Name": "title_pkey", "Startup Cost": 0.0, "Total Cost": 0.27, "Plan Rows": 1, "Plan Width": 0, "Index Cond": "(id = mc.movie_id)"}]}]}, {"Node Type": "Bitmap Heap Scan", "Parent Relationship": "Inner", "Relation Name": "company_type", "Alias": "ct", "Startup Cost": 0.26, "Total Cost": 4.27, "Plan Rows": 1, "Plan Width": 4, "Recheck Cond": "(id = mc.company_type_id)", "Plans": [{"Node Type": "Bitmap Index Scan", "Parent Relationship": "Outer", "Index Name": "company_type_pkey", "Startup Cost": 0.0, "Total Cost": 0.26, "Plan Rows": 1, "Plan Width": 0, "Index Cond": "(id = mc.company_type_id)"}]}]}]}, "Unique SQL Id": 2933943827, "Planner Runtime": 6}, "explain_analyze_plan": {"Plan": {"Node Type": "Aggregate", "Strategy": "Plain", "Startup Cost": 41418.46, "Total Cost": 41418.47, "Plan Rows": 1, "Plan Width": 97, "Actual Startup Time": 1353.636, "Actual Total Time": 1353.637, "Actual Rows": 1, "Actual Loops": 1, "Plans": [{"Node Type": "Nested Loop", "Parent Relationship": "Outer", "Join Type": "Inner", "Startup Cost": 2787.21, "Total Cost": 41418.45, "Plan Rows": 2, "Plan Width": 33, "Actual Startup Time": 107.21, "Actual Total Time": 1353.521, "Actual Rows": 18, "Actual Loops": 1, "Inner Unique": true, "Plans": [{"Node Type": "Nested Loop", "Parent Relationship": "Outer", "Join Type": "Inner", "Startup Cost": 2786.95, "Total Cost": 41409.89, "Plan Rows": 2, "Plan Width": 37, "Actual Startup Time": 37.769, "Actual Total Time": 1352.989, "Actual Rows": 104, "Actual Loops": 1, "Inner Unique": true, "Plans": [{"Node Type": "Nested Loop", "Parent Relationship": "Outer", "Join Type": "Inner", "Startup Cost": 2786.68, "Total Cost": 41397.0, "Plan Rows": 3, "Plan Width": 28, "Actual Startup Time": 23.05, "Actual Total Time": 1349.829, "Actual Rows": 265, "Actual Loops": 1, "Inner Unique": true, "Plans": [{"Node Type": "Nested Loop", "Parent Relationship": "Outer", "Join Type": "Inner", "Startup Cost": 2784.38, "Total Cost": 41359.07, "Plan Rows": 6, "Plan Width": 16, "Actual Startup Time": 23.037, "Actual Total Time": 1346.368, "Actual Rows": 275, "Actual Loops": 1, "Inner Unique": true, "Plans": [{"Node Type": "Nested Loop", "Parent Relationship": "Outer", "Join Type": "Inner", "Startup Cost": 2784.12, "Total Cost": 41067.82, "Plan Rows": 68, "Plan Width": 20, "Actual Startup Time": 23.026, "Actual Total Time": 1343.783, "Actual Rows": 377, "Actual Loops": 1, "Inner Unique": false, "Plans": [{"Node Type": "Nested Loop", "Parent Relationship": "Outer", "Join Type": "Inner", "Startup Cost": 2783.61, "Total Cost": 23592.84, "Plan Rows": 3779, "Plan Width": 8, "Actual Startup Time": 21.943, "Actual Total Time": 182.966, "Actual Rows": 8790, "Actual Loops": 1, "Inner Unique": false, "Plans": [{"Node Type": "Bitmap Heap Scan", "Parent Relationship": "Outer", "Relation Name": "company_name", "Alias": "cn", "Startup Cost": 2779.29, "Total Cost": 8682.74, "Plan Rows": 251, "Plan Width": 4, "Actual Startup Time": 21.91, "Actual Total Time": 145.563, "Actual Rows": 1361, "Actual Loops": 1, "Filter": "((country_code)::text = '[ru]'::text)", "Rows Removed by Filter": 233635, "Exact Heap Blocks": 2966, "Lossy Heap Blocks": 2966, "Plans": [{"Node Type": "Bitmap Index Scan", "Parent Relationship": "Outer", "Index Name": "company_name_pkey", "Startup Cost": 0.0, "Total Cost": 2779.23, "Plan Rows": 234996, "Plan Width": 0, "Actual Startup Time": 21.441, "Actual Total Time": 21.441, "Actual Rows": 234996, "Actual Loops": 1}]}, {"Node Type": "Bitmap Heap Scan", "Parent Relationship": "Inner", "Relation Name": "movie_companies", "Alias": "mc", "Startup Cost": 4.32, "Total Cost": 59.25, "Plan Rows": 15, "Plan Width": 12, "Actual Startup Time": 15.259, "Actual Total Time": 32.516, "Actual Rows": 8790, "Actual Loops": 1361, "Recheck Cond": "(company_id = cn.id)", "Rows Removed by Index Recheck": 0, "Exact Heap Blocks": 7155, "Lossy Heap Blocks": 7155, "Plans": [{"Node Type": "Bitmap Index Scan", "Parent Relationship": "Outer", "Index Name": "company_id_movie_companies", "Startup Cost": 0.0, "Total Cost": 4.31, "Plan Rows": 15, "Plan Width": 0, "Actual Startup Time": 9.3, "Actual Total Time": 9.3, "Actual Rows": 8790, "Actual Loops": 1361, "Index Cond": "(company_id = cn.id)"}]}]}, {"Node Type": "Bitmap Heap Scan", "Parent Relationship": "Inner", "Relation Name": "cast_info", "Alias": "ci", "Startup Cost": 0.51, "Total Cost": 4.61, "Plan Rows": 1, "Plan Width": 12, "Actual Startup Time": 1080.605, "Actual Total Time": 1145.055, "Actual Rows": 377, "Actual Loops": 8790, "Recheck Cond": "(movie_id = mc.movie_id)", "Rows Removed by Index Recheck": 0, "Filter": "(((note)::text ~~ '%(voice)%'::text) AND ((note)::text ~~ '%(uncredited)%'::text))", "Rows Removed by Filter": 408168, "Exact Heap Blocks": 397651, "Lossy Heap Blocks": 397651, "Plans": [{"Node Type": "Bitmap Index Scan", "Parent Relationship": "Outer", "Index Name": "movie_id_cast_info", "Startup Cost": 0.0, "Total Cost": 0.51, "Plan Rows": 6, "Plan Width": 0, "Actual Startup Time": 134.176, "Actual Total Time": 134.176, "Actual Rows": 408545, "Actual Loops": 8790, "Index Cond": "(movie_id = mc.movie_id)"}]}]}, {"Node Type": "Bitmap Heap Scan", "Parent Relationship": "Inner", "Relation Name": "role_type", "Alias": "rt", "Startup Cost": 0.26, "Total Cost": 4.27, "Plan Rows": 1, "Plan Width": 4, "Actual Startup Time": 1.653, "Actual Total Time": 1.653, "Actual Rows": 275, "Actual Loops": 377, "Recheck Cond": "(id = ci.role_id)", "Rows Removed by Index Recheck": 0, "Filter": "((role)::text = 'actor'::text)", "Rows Removed by Filter": 102, "Exact Heap Blocks": 377, "Lossy Heap Blocks": 377, "Plans": [{"Node Type": "Bitmap Index Scan", "Parent Relationship": "Outer", "Index Name": "role_type_pkey", "Startup Cost": 0.0, "Total Cost": 0.26, "Plan Rows": 1, "Plan Width": 0, "Actual Startup Time": 0.619, "Actual Total Time": 0.619, "Actual Rows": 377, "Actual Loops": 377, "Index Cond": "(id = ci.role_id)"}]}]}, {"Node Type": "Bitmap Heap Scan", "Parent Relationship": "Inner", "Relation Name": "char_name", "Alias": "chn", "Startup Cost": 2.3, "Total Cost": 6.31, "Plan Rows": 1, "Plan Width": 20, "Actual Startup Time": 2.76, "Actual Total Time": 2.76, "Actual Rows": 265, "Actual Loops": 275, "Recheck Cond": "(id = ci.person_role_id)", "Rows Removed by Index Recheck": 0, "Exact Heap Blocks": 265, "Lossy Heap Blocks": 265, "Plans": [{"Node Type": "Bitmap Index Scan", "Parent Relationship": "Outer", "Index Name": "char_name_pkey", "Startup Cost": 0.0, "Total Cost": 2.3, "Plan Rows": 1, "Plan Width": 0, "Actual Startup Time": 1.81, "Actual Total Time": 1.81, "Actual Rows": 265, "Actual Loops": 275, "Index Cond": "(id = ci.person_role_id)"}]}]}, {"Node Type": "Bitmap Heap Scan", "Parent Relationship": "Inner", "Relation Name": "title", "Alias": "t", "Startup Cost": 0.27, "Total Cost": 4.29, "Plan Rows": 1, "Plan Width": 21, "Actual Startup Time": 2.584, "Actual Total Time": 2.584, "Actual Rows": 104, "Actual Loops": 265, "Recheck Cond": "(id = mc.movie_id)", "Rows Removed by Index Recheck": 0, "Filter": "(production_year > 2005)", "Rows Removed by Filter": 161, "Exact Heap Blocks": 265, "Lossy Heap Blocks": 265, "Plans": [{"Node Type": "Bitmap Index Scan", "Parent Relationship": "Outer", "Index Name": "title_pkey", "Startup Cost": 0.0, "Total Cost": 0.27, "Plan Rows": 1, "Plan Width": 0, "Actual Startup Time": 1.613, "Actual Total Time": 1.613, "Actual Rows": 265, "Actual Loops": 265, "Index Cond": "(id = mc.movie_id)"}]}]}, {"Node Type": "Bitmap Heap Scan", "Parent Relationship": "Inner", "Relation Name": "company_type", "Alias": "ct", "Startup Cost": 0.26, "Total Cost": 4.27, "Plan Rows": 1, "Plan Width": 4, "Actual Startup Time": 0.288, "Actual Total Time": 0.288, "Actual Rows": 18, "Actual Loops": 104, "Recheck Cond": "(id = mc.company_type_id)", "Rows Removed by Index Recheck": 0, "Exact Heap Blocks": 18, "Lossy Heap Blocks": 18, "Plans": [{"Node Type": "Bitmap Index Scan", "Parent Relationship": "Outer", "Index Name": "company_type_pkey", "Startup Cost": 0.0, "Total Cost": 0.26, "Plan Rows": 1, "Plan Width": 0, "Actual Startup Time": 0.156, "Actual Total Time": 0.156, "Actual Rows": 18, "Actual Loops": 104, "Index Cond": "(id = mc.company_type_id)"}]}]}]}, "Triggers": [], "Planner Runtime": 6, "Total Runtime": 1354.082, "Unique SQL Id": 2933943827}}, "(64, 56)": {"explain_plan": {"Plan": {"Node Type": "Aggregate", "Strategy": "Plain", "Startup Cost": 19897.43, "Total Cost": 19897.44, "Plan Rows": 1, "Plan Width": 97, "Plans": [{"Node Type": "Nested Loop", "Parent Relationship": "Outer", "Join Type": "Inner", "Startup Cost": 0.0, "Total Cost": 19897.42, "Plan Rows": 2, "Plan Width": 33, "Inner Unique": true, "Plans": [{"Node Type": "Nested Loop", "Parent Relationship": "Outer", "Join Type": "Inner", "Startup Cost": 0.0, "Total Cost": 19896.86, "Plan Rows": 2, "Plan Width": 37, "Inner Unique": true, "Plans": [{"Node Type": "Nested Loop", "Parent Relationship": "Outer", "Join Type": "Inner", "Startup Cost": 0.0, "Total Cost": 19869.97, "Plan Rows": 5, "Plan Width": 25, "Inner Unique": true, "Plans": [{"Node Type": "Nested Loop", "Parent Relationship": "Outer", "Join Type": "Inner", "Startup Cost": 0.0, "Total Cost": 19867.87, "Plan Rows": 6, "Plan Width": 16, "Inner Unique": false, "Join Filter": "(ci.role_id = rt.id)", "Plans": [{"Node Type": "Seq Scan", "Parent Relationship": "Outer", "Relation Name": "role_type", "Alias": "rt", "Startup Cost": 0.0, "Total Cost": 1.15, "Plan Rows": 1, "Plan Width": 4, "Filter": "((role)::text = 'actor'::text)"}, {"Node Type": "Nested Loop", "Parent Relationship": "Inner", "Join Type": "Inner", "Startup Cost": 0.0, "Total Cost": 19865.87, "Plan Rows": 68, "Plan Width": 20, "Inner Unique": false, "Plans": [{"Node Type": "Nested Loop", "Parent Relationship": "Outer", "Join Type": "Inner", "Startup Cost": 0.0, "Total Cost": 16121.55, "Plan Rows": 3779, "Plan Width": 8, "Inner Unique": false, "Plans": [{"Node Type": "Seq Scan", "Parent Relationship": "Outer", "Relation Name": "company_name", "Alias": "cn", "Startup Cost": 0.0, "Total Cost": 5903.45, "Plan Rows": 251, "Plan Width": 4, "Filter": "((country_code)::text = '[ru]'::text)"}, {"Node Type": "Index Scan", "Parent Relationship": "Inner", "Scan Direction": "Forward", "Index Name": "company_id_movie_companies", "Relation Name": "movie_companies", "Alias": "mc", "Startup Cost": 0.0, "Total Cost": 40.56, "Plan Rows": 15, "Plan Width": 12, "Index Cond": "(company_id = cn.id)"}]}, {"Node Type": "Index Scan", "Parent Relationship": "Inner", "Scan Direction": "Forward", "Index Name": "movie_id_cast_info", "Relation Name": "cast_info", "Alias": "ci", "Startup Cost": 0.0, "Total Cost": 0.98, "Plan Rows": 1, "Plan Width": 12, "Index Cond": "(movie_id = mc.movie_id)", "Filter": "(((note)::text ~~ '%(voice)%'::text) AND ((note)::text ~~ '%(uncredited)%'::text))"}]}]}, {"Node Type": "Index Scan", "Parent Relationship": "Inner", "Scan Direction": "Forward", "Index Name": "title_pkey", "Relation Name": "title", "Alias": "t", "Startup Cost": 0.0, "Total Cost": 0.34, "Plan Rows": 1, "Plan Width": 21, "Index Cond": "(id = mc.movie_id)", "Filter": "(production_year > 2005)"}]}, {"Node Type": "Index Scan", "Parent Relationship": "Inner", "Scan Direction": "Forward", "Index Name": "char_name_pkey", "Relation Name": "char_name", "Alias": "chn", "Startup Cost": 0.0, "Total Cost": 5.37, "Plan Rows": 1, "Plan Width": 20, "Index Cond": "(id = ci.person_role_id)"}]}, {"Node Type": "Index Only Scan", "Parent Relationship": "Inner", "Scan Direction": "Forward", "Index Name": "company_type_pkey", "Relation Name": "company_type", "Alias": "ct", "Startup Cost": 0.0, "Total Cost": 0.27, "Plan Rows": 1, "Plan Width": 4, "Index Cond": "(id = mc.company_type_id)"}]}]}, "Unique SQL Id": 2933943827, "Planner Runtime": 7}, "explain_analyze_plan": {"Plan": {"Node Type": "Aggregate", "Strategy": "Plain", "Startup Cost": 19897.43, "Total Cost": 19897.44, "Plan Rows": 1, "Plan Width": 97, "Actual Startup Time": 807.225, "Actual Total Time": 807.226, "Actual Rows": 1, "Actual Loops": 1, "Plans": [{"Node Type": "Nested Loop", "Parent Relationship": "Outer", "Join Type": "Inner", "Startup Cost": 0.0, "Total Cost": 19897.42, "Plan Rows": 2, "Plan Width": 33, "Actual Startup Time": 45.255, "Actual Total Time": 807.116, "Actual Rows": 18, "Actual Loops": 1, "Inner Unique": true, "Plans": [{"Node Type": "Nested Loop", "Parent Relationship": "Outer", "Join Type": "Inner", "Startup Cost": 0.0, "Total Cost": 19896.86, "Plan Rows": 2, "Plan Width": 37, "Actual Startup Time": 9.393, "Actual Total Time": 806.783, "Actual Rows": 104, "Actual Loops": 1, "Inner Unique": true, "Plans": [{"Node Type": "Nested Loop", "Parent Relationship": "Outer", "Join Type": "Inner", "Startup Cost": 0.0, "Total Cost": 19869.97, "Plan Rows": 5, "Plan Width": 25, "Actual Startup Time": 9.382, "Actual Total Time": 805.777, "Actual Rows": 112, "Actual Loops": 1, "Inner Unique": true, "Plans": [{"Node Type": "Nested Loop", "Parent Relationship": "Outer", "Join Type": "Inner", "Startup Cost": 0.0, "Total Cost": 19867.87, "Plan Rows": 6, "Plan Width": 16, "Actual Startup Time": 0.829, "Actual Total Time": 803.535, "Actual Rows": 275, "Actual Loops": 1, "Inner Unique": false, "Join Filter": "(ci.role_id = rt.id)", "Rows Removed by Join Filter": 102, "Plans": [{"Node Type": "Seq Scan", "Parent Relationship": "Outer", "Relation Name": "role_type", "Alias": "rt", "Startup Cost": 0.0, "Total Cost": 1.15, "Plan Rows": 1, "Plan Width": 4, "Actual Startup Time": 0.027, "Actual Total Time": 0.031, "Actual Rows": 1, "Actual Loops": 1, "Filter": "((role)::text = 'actor'::text)", "Rows Removed by Filter": 11}, {"Node Type": "Nested Loop", "Parent Relationship": "Inner", "Join Type": "Inner", "Startup Cost": 0.0, "Total Cost": 19865.87, "Plan Rows": 68, "Plan Width": 20, "Actual Startup Time": 0.793, "Actual Total Time": 803.216, "Actual Rows": 377, "Actual Loops": 1, "Inner Unique": false, "Plans": [{"Node Type": "Nested Loop", "Parent Relationship": "Outer", "Join Type": "Inner", "Startup Cost": 0.0, "Total Cost": 16121.55, "Plan Rows": 3779, "Plan Width": 8, "Actual Startup Time": 0.051, "Actual Total Time": 107.855, "Actual Rows": 8790, "Actual Loops": 1, "Inner Unique": false, "Plans": [{"Node Type": "Seq Scan", "Parent Relationship": "Outer", "Relation Name": "company_name", "Alias": "cn", "Startup Cost": 0.0, "Total Cost": 5903.45, "Plan Rows": 251, "Plan Width": 4, "Actual Startup Time": 0.033, "Actual Total Time": 82.985, "Actual Rows": 1361, "Actual Loops": 1, "Filter": "((country_code)::text = '[ru]'::text)", "Rows Removed by Filter": 233635}, {"Node Type": "Index Scan", "Parent Relationship": "Inner", "Scan Direction": "Forward", "Index Name": "company_id_movie_companies", "Relation Name": "movie_companies", "Alias": "mc", "Startup Cost": 0.0, "Total Cost": 40.56, "Plan Rows": 15, "Plan Width": 12, "Actual Startup Time": 8.733, "Actual Total Time": 21.453, "Actual Rows": 8790, "Actual Loops": 1361, "Index Cond": "(company_id = cn.id)", "Rows Removed by Index Recheck": 0}]}, {"Node Type": "Index Scan", "Parent Relationship": "Inner", "Scan Direction": "Forward", "Index Name": "movie_id_cast_info", "Relation Name": "cast_info", "Alias": "ci", "Startup Cost": 0.0, "Total Cost": 0.98, "Plan Rows": 1, "Plan Width": 12, "Actual Startup Time": 650.914, "Actual Total Time": 689.985, "Actual Rows": 377, "Actual Loops": 8790, "Index Cond": "(movie_id = mc.movie_id)", "Rows Removed by Index Recheck": 0, "Filter": "(((note)::text ~~ '%(voice)%'::text) AND ((note)::text ~~ '%(uncredited)%'::text))", "Rows Removed by Filter": 408168}]}]}, {"Node Type": "Index Scan", "Parent Relationship": "Inner", "Scan Direction": "Forward", "Index Name": "title_pkey", "Relation Name": "title", "Alias": "t", "Startup Cost": 0.0, "Total Cost": 0.34, "Plan Rows": 1, "Plan Width": 21, "Actual Startup Time": 1.834, "Actual Total Time": 1.834, "Actual Rows": 112, "Actual Loops": 275, "Index Cond": "(id = mc.movie_id)", "Rows Removed by Index Recheck": 0, "Filter": "(production_year > 2005)", "Rows Removed by Filter": 163}]}, {"Node Type": "Index Scan", "Parent Relationship": "Inner", "Scan Direction": "Forward", "Index Name": "char_name_pkey", "Relation Name": "char_name", "Alias": "chn", "Startup Cost": 0.0, "Total Cost": 5.37, "Plan Rows": 1, "Plan Width": 20, "Actual Startup Time": 0.772, "Actual Total Time": 0.772, "Actual Rows": 104, "Actual Loops": 112, "Index Cond": "(id = ci.person_role_id)", "Rows Removed by Index Recheck": 0}]}, {"Node Type": "Index Only Scan", "Parent Relationship": "Inner", "Scan Direction": "Forward", "Index Name": "company_type_pkey", "Relation Name": "company_type", "Alias": "ct", "Startup Cost": 0.0, "Total Cost": 0.27, "Plan Rows": 1, "Plan Width": 4, "Actual Startup Time": 0.201, "Actual Total Time": 0.201, "Actual Rows": 18, "Actual Loops": 104, "Index Cond": "(id = mc.company_type_id)", "Rows Removed by Index Recheck": 0, "Heap Fetches": 0}]}]}, "Triggers": [], "Planner Runtime": 6, "Total Runtime": 807.578, "Unique SQL Id": 2933943827}}, "(64, 57)": {"explain_plan": {"Plan": {"Node Type": "Aggregate", "Strategy": "Plain", "Startup Cost": 24506.67, "Total Cost": 24506.68, "Plan Rows": 1, "Plan Width": 97, "Plans": [{"Node Type": "Nested Loop", "Parent Relationship": "Outer", "Join Type": "Inner", "Startup Cost": 0.0, "Total Cost": 24506.66, "Plan Rows": 2, "Plan Width": 33, "Inner Unique": true, "Plans": [{"Node Type": "Nested Loop", "Parent Relationship": "Outer", "Join Type": "Inner", "Startup Cost": 0.0, "Total Cost": 24506.1, "Plan Rows": 2, "Plan Width": 37, "Inner Unique": true, "Plans": [{"Node Type": "Nested Loop", "Parent Relationship": "Outer", "Join Type": "Inner", "Startup Cost": 0.0, "Total Cost": 24479.22, "Plan Rows": 5, "Plan Width": 25, "Inner Unique": true, "Plans": [{"Node Type": "Nested Loop", "Parent Relationship": "Outer", "Join Type": "Inner", "Startup Cost": 0.0, "Total Cost": 24477.12, "Plan Rows": 6, "Plan Width": 16, "Inner Unique": false, "Join Filter": "(ci.role_id = rt.id)", "Plans": [{"Node Type": "Index Scan", "Parent Relationship": "Outer", "Scan Direction": "Forward", "Index Name": "role_type_pkey", "Relation Name": "role_type", "Alias": "rt", "Startup Cost": 0.0, "Total Cost": 12.46, "Plan Rows": 1, "Plan Width": 4, "Filter": "((role)::text = 'actor'::text)"}, {"Node Type": "Nested Loop", "Parent Relationship": "Inner", "Join Type": "Inner", "Startup Cost": 0.0, "Total Cost": 24463.81, "Plan Rows": 68, "Plan Width": 20, "Inner Unique": false, "Plans": [{"Node Type": "Nested Loop", "Parent Relationship": "Outer", "Join Type": "Inner", "Startup Cost": 0.0, "Total Cost": 20719.49, "Plan Rows": 3779, "Plan Width": 8, "Inner Unique": false, "Plans": [{"Node Type": "Index Scan", "Parent Relationship": "Outer", "Scan Direction": "Forward", "Index Name": "company_name_pkey", "Relation Name": "company_name", "Alias": "cn", "Startup Cost": 0.0, "Total Cost": 10501.39, "Plan Rows": 251, "Plan Width": 4, "Filter": "((country_code)::text = '[ru]'::text)"}, {"Node Type": "Index Scan", "Parent Relationship": "Inner", "Scan Direction": "Forward", "Index Name": "company_id_movie_companies", "Relation Name": "movie_companies", "Alias": "mc", "Startup Cost": 0.0, "Total Cost": 40.56, "Plan Rows": 15, "Plan Width": 12, "Index Cond": "(company_id = cn.id)"}]}, {"Node Type": "Index Scan", "Parent Relationship": "Inner", "Scan Direction": "Forward", "Index Name": "movie_id_cast_info", "Relation Name": "cast_info", "Alias": "ci", "Startup Cost": 0.0, "Total Cost": 0.98, "Plan Rows": 1, "Plan Width": 12, "Index Cond": "(movie_id = mc.movie_id)", "Filter": "(((note)::text ~~ '%(voice)%'::text) AND ((note)::text ~~ '%(uncredited)%'::text))"}]}]}, {"Node Type": "Index Scan", "Parent Relationship": "Inner", "Scan Direction": "Forward", "Index Name": "title_pkey", "Relation Name": "title", "Alias": "t", "Startup Cost": 0.0, "Total Cost": 0.34, "Plan Rows": 1, "Plan Width": 21, "Index Cond": "(id = mc.movie_id)", "Filter": "(production_year > 2005)"}]}, {"Node Type": "Index Scan", "Parent Relationship": "Inner", "Scan Direction": "Forward", "Index Name": "char_name_pkey", "Relation Name": "char_name", "Alias": "chn", "Startup Cost": 0.0, "Total Cost": 5.37, "Plan Rows": 1, "Plan Width": 20, "Index Cond": "(id = ci.person_role_id)"}]}, {"Node Type": "Index Only Scan", "Parent Relationship": "Inner", "Scan Direction": "Forward", "Index Name": "company_type_pkey", "Relation Name": "company_type", "Alias": "ct", "Startup Cost": 0.0, "Total Cost": 0.27, "Plan Rows": 1, "Plan Width": 4, "Index Cond": "(id = mc.company_type_id)"}]}]}, "Unique SQL Id": 2933943827, "Planner Runtime": 5}, "explain_analyze_plan": {"Plan": {"Node Type": "Aggregate", "Strategy": "Plain", "Startup Cost": 24506.67, "Total Cost": 24506.68, "Plan Rows": 1, "Plan Width": 97, "Actual Startup Time": 1060.039, "Actual Total Time": 1060.04, "Actual Rows": 1, "Actual Loops": 1, "Plans": [{"Node Type": "Nested Loop", "Parent Relationship": "Outer", "Join Type": "Inner", "Startup Cost": 0.0, "Total Cost": 24506.66, "Plan Rows": 2, "Plan Width": 33, "Actual Startup Time": 27.881, "Actual Total Time": 1059.925, "Actual Rows": 18, "Actual Loops": 1, "Inner Unique": true, "Plans": [{"Node Type": "Nested Loop", "Parent Relationship": "Outer", "Join Type": "Inner", "Startup Cost": 0.0, "Total Cost": 24506.1, "Plan Rows": 2, "Plan Width": 37, "Actual Startup Time": 21.36, "Actual Total Time": 1059.603, "Actual Rows": 104, "Actual Loops": 1, "Inner Unique": true, "Plans": [{"Node Type": "Nested Loop", "Parent Relationship": "Outer", "Join Type": "Inner", "Startup Cost": 0.0, "Total Cost": 24479.22, "Plan Rows": 5, "Plan Width": 25, "Actual Startup Time": 21.347, "Actual Total Time": 1058.503, "Actual Rows": 112, "Actual Loops": 1, "Inner Unique": true, "Plans": [{"Node Type": "Nested Loop", "Parent Relationship": "Outer", "Join Type": "Inner", "Startup Cost": 0.0, "Total Cost": 24477.12, "Plan Rows": 6, "Plan Width": 16, "Actual Startup Time": 5.948, "Actual Total Time": 1056.165, "Actual Rows": 275, "Actual Loops": 1, "Inner Unique": false, "Join Filter": "(ci.role_id = rt.id)", "Rows Removed by Join Filter": 102, "Plans": [{"Node Type": "Index Scan", "Parent Relationship": "Outer", "Scan Direction": "Forward", "Index Name": "role_type_pkey", "Relation Name": "role_type", "Alias": "rt", "Startup Cost": 0.0, "Total Cost": 12.46, "Plan Rows": 1, "Plan Width": 4, "Actual Startup Time": 0.026, "Actual Total Time": 0.035, "Actual Rows": 1, "Actual Loops": 1, "Filter": "((role)::text = 'actor'::text)", "Rows Removed by Filter": 11}, {"Node Type": "Nested Loop", "Parent Relationship": "Inner", "Join Type": "Inner", "Startup Cost": 0.0, "Total Cost": 24463.81, "Plan Rows": 68, "Plan Width": 20, "Actual Startup Time": 5.912, "Actual Total Time": 1055.848, "Actual Rows": 377, "Actual Loops": 1, "Inner Unique": false, "Plans": [{"Node Type": "Nested Loop", "Parent Relationship": "Outer", "Join Type": "Inner", "Startup Cost": 0.0, "Total Cost": 20719.49, "Plan Rows": 3779, "Plan Width": 8, "Actual Startup Time": 0.471, "Actual Total Time": 327.183, "Actual Rows": 8790, "Actual Loops": 1, "Inner Unique": false, "Plans": [{"Node Type": "Index Scan", "Parent Relationship": "Outer", "Scan Direction": "Forward", "Index Name": "company_name_pkey", "Relation Name": "company_name", "Alias": "cn", "Startup Cost": 0.0, "Total Cost": 10501.39, "Plan Rows": 251, "Plan Width": 4, "Actual Startup Time": 0.457, "Actual Total Time": 302.353, "Actual Rows": 1361, "Actual Loops": 1, "Filter": "((country_code)::text = '[ru]'::text)", "Rows Removed by Filter": 233635}, {"Node Type": "Index Scan", "Parent Relationship": "Inner", "Scan Direction": "Forward", "Index Name": "company_id_movie_companies", "Relation Name": "movie_companies", "Alias": "mc", "Startup Cost": 0.0, "Total Cost": 40.56, "Plan Rows": 15, "Plan Width": 12, "Actual Startup Time": 7.867, "Actual Total Time": 21.092, "Actual Rows": 8790, "Actual Loops": 1361, "Index Cond": "(company_id = cn.id)", "Rows Removed by Index Recheck": 0}]}, {"Node Type": "Index Scan", "Parent Relationship": "Inner", "Scan Direction": "Forward", "Index Name": "movie_id_cast_info", "Relation Name": "cast_info", "Alias": "ci", "Startup Cost": 0.0, "Total Cost": 0.98, "Plan Rows": 1, "Plan Width": 12, "Actual Startup Time": 682.594, "Actual Total Time": 723.141, "Actual Rows": 377, "Actual Loops": 8790, "Index Cond": "(movie_id = mc.movie_id)", "Rows Removed by Index Recheck": 0, "Filter": "(((note)::text ~~ '%(voice)%'::text) AND ((note)::text ~~ '%(uncredited)%'::text))", "Rows Removed by Filter": 408168}]}]}, {"Node Type": "Index Scan", "Parent Relationship": "Inner", "Scan Direction": "Forward", "Index Name": "title_pkey", "Relation Name": "title", "Alias": "t", "Startup Cost": 0.0, "Total Cost": 0.34, "Plan Rows": 1, "Plan Width": 21, "Actual Startup Time": 1.929, "Actual Total Time": 1.929, "Actual Rows": 112, "Actual Loops": 275, "Index Cond": "(id = mc.movie_id)", "Rows Removed by Index Recheck": 0, "Filter": "(production_year > 2005)", "Rows Removed by Filter": 163}]}, {"Node Type": "Index Scan", "Parent Relationship": "Inner", "Scan Direction": "Forward", "Index Name": "char_name_pkey", "Relation Name": "char_name", "Alias": "chn", "Startup Cost": 0.0, "Total Cost": 5.37, "Plan Rows": 1, "Plan Width": 20, "Actual Startup Time": 0.845, "Actual Total Time": 0.845, "Actual Rows": 104, "Actual Loops": 112, "Index Cond": "(id = ci.person_role_id)", "Rows Removed by Index Recheck": 0}]}, {"Node Type": "Index Only Scan", "Parent Relationship": "Inner", "Scan Direction": "Forward", "Index Name": "company_type_pkey", "Relation Name": "company_type", "Alias": "ct", "Startup Cost": 0.0, "Total Cost": 0.27, "Plan Rows": 1, "Plan Width": 4, "Actual Startup Time": 0.158, "Actual Total Time": 0.158, "Actual Rows": 18, "Actual Loops": 104, "Index Cond": "(id = mc.company_type_id)", "Rows Removed by Index Recheck": 0, "Heap Fetches": 0}]}]}, "Triggers": [], "Planner Runtime": 5, "Total Runtime": 1060.362, "Unique SQL Id": 2933943827}}, "(64, 58)": {"explain_plan": {"Plan": {"Node Type": "Aggregate", "Strategy": "Plain", "Startup Cost": 717259.71, "Total Cost": 717259.72, "Plan Rows": 1, "Plan Width": 97, "Plans": [{"Node Type": "Nested Loop", "Parent Relationship": "Outer", "Join Type": "Inner", "Startup Cost": 0.0, "Total Cost": 717259.7, "Plan Rows": 2, "Plan Width": 33, "Inner Unique": false, "Join Filter": "(mc.company_type_id = ct.id)", "Plans": [{"Node Type": "Seq Scan", "Parent Relationship": "Outer", "Relation Name": "company_type", "Alias": "ct", "Startup Cost": 0.0, "Total Cost": 1.03, "Plan Rows": 3, "Plan Width": 4}, {"Node Type": "Materialize", "Parent Relationship": "Inner", "Startup Cost": 0.0, "Total Cost": 717258.58, "Plan Rows": 2, "Plan Width": 37, "Plans": [{"Node Type": "Streaming(type: LOCAL GATHER dop: 1/64)", "Parent Relationship": "Outer", "Startup Cost": 0.0, "Total Cost": 717258.57, "Plan Rows": 2, "Plan Width": 37, "Plans": [{"Node Type": "Nested Loop", "Parent Relationship": "Outer", "Join Type": "Inner", "Startup Cost": 0.0, "Total Cost": 717258.53, "Plan Rows": 2, "Plan Width": 37, "Inner Unique": false, "Join Filter": "(mc.movie_id = t.id)", "Plans": [{"Node Type": "Seq Scan", "Parent Relationship": "Outer", "Relation Name": "title", "Alias": "t", "Startup Cost": 0.0, "Total Cost": 64037.34, "Plan Rows": 1013492, "Plan Width": 21, "Filter": "(production_year > 2005), (LLVM Optimized)"}, {"Node Type": "Materialize", "Parent Relationship": "Inner", "Startup Cost": 0.0, "Total Cost": 652508.58, "Plan Rows": 192, "Plan Width": 28, "Plans": [{"Node Type": "Streaming(type: BROADCAST dop: 64/1)", "Parent Relationship": "Outer", "Startup Cost": 0.0, "Total Cost": 652508.57, "Plan Rows": 192, "Plan Width": 28, "Plans": [{"Node Type": "Nested Loop", "Parent Relationship": "Outer", "Join Type": "Inner", "Startup Cost": 0.0, "Total Cost": 589504.61, "Plan Rows": 3, "Plan Width": 28, "Inner Unique": true, "Join Filter": "(mc.company_id = cn.id)", "Plans": [{"Node Type": "Streaming(type: LOCAL GATHER dop: 1/64)", "Parent Relationship": "Outer", "Startup Cost": 0.0, "Total Cost": 575784.39, "Plan Rows": 2076, "Plan Width": 32, "Plans": [{"Node Type": "Nested Loop", "Parent Relationship": "Outer", "Join Type": "Inner", "Startup Cost": 0.0, "Total Cost": 575741.56, "Plan Rows": 2076, "Plan Width": 32, "Inner Unique": false, "Join Filter": "(ci.movie_id = mc.movie_id)", "Plans": [{"Node Type": "Streaming(type: LOCAL REDISTRIBUTE dop: 64/1)", "Parent Relationship": "Outer", "Startup Cost": 0.0, "Total Cost": 210825.84, "Plan Rows": 2609128, "Plan Width": 12, "Plans": [{"Node Type": "Seq Scan", "Parent Relationship": "Outer", "Relation Name": "movie_companies", "Alias": "mc", "Startup Cost": 0.0, "Total Cost": 41817.28, "Plan Rows": 2609128, "Plan Width": 12}]}, {"Node Type": "Materialize", "Parent Relationship": "Inner", "Startup Cost": 0.0, "Total Cost": 355523.28, "Plan Rows": 983, "Plan Width": 20, "Plans": [{"Node Type": "Streaming(type: LOCAL REDISTRIBUTE dop: 64/64)", "Parent Relationship": "Outer", "Startup Cost": 0.0, "Total Cost": 355523.2, "Plan Rows": 983, "Plan Width": 20, "Plans": [{"Node Type": "Nested Loop", "Parent Relationship": "Outer", "Join Type": "Inner", "Startup Cost": 0.0, "Total Cost": 292522.27, "Plan Rows": 983, "Plan Width": 20, "Inner Unique": true, "Join Filter": "(ci.person_role_id = chn.id)", "Plans": [{"Node Type": "Streaming(type: LOCAL REDISTRIBUTE dop: 64/1)", "Parent Relationship": "Outer", "Startup Cost": 0.0, "Total Cost": 139059.25, "Plan Rows": 2027, "Plan Width": 8, "Plans": [{"Node Type": "Nested Loop", "Parent Relationship": "Outer", "Join Type": "Inner", "Startup Cost": 0.0, "Total Cost": 75976.9, "Plan Rows": 2027, "Plan Width": 8, "Inner Unique": false, "Join Filter": "(ci.role_id = rt.id)", "Plans": [{"Node Type": "Seq Scan", "Parent Relationship": "Outer", "Relation Name": "role_type", "Alias": "rt", "Startup Cost": 0.0, "Total Cost": 1.15, "Plan Rows": 1, "Plan Width": 4, "Filter": "((role)::text = 'actor'::text)"}, {"Node Type": "Materialize", "Parent Relationship": "Inner", "Startup Cost": 0.0, "Total Cost": 75752.8, "Plan Rows": 22295, "Plan Width": 12, "Plans": [{"Node Type": "Streaming(type: LOCAL GATHER dop: 1/64)", "Parent Relationship": "Outer", "Startup Cost": 0.0, "Total Cost": 75697.06, "Plan Rows": 22295, "Plan Width": 12, "Plans": [{"Node Type": "Seq Scan", "Parent Relationship": "Outer", "Relation Name": "cast_info", "Alias": "ci", "Startup Cost": 0.0, "Total Cost": 75237.12, "Plan Rows": 22295, "Plan Width": 12, "Filter": "(((note)::text ~~ '%(voice)%'::text) AND ((note)::text ~~ '%(uncredited)%'::text))"}]}]}]}]}, {"Node Type": "Materialize", "Parent Relationship": "Inner", "Startup Cost": 0.0, "Total Cost": 130274.66, "Plan Rows": 3140338, "Plan Width": 20, "Plans": [{"Node Type": "Streaming(type: LOCAL REDISTRIBUTE dop: 64/64)", "Parent Relationship": "Outer", "Startup Cost": 0.0, "Total Cost": 130029.32, "Plan Rows": 3140338, "Plan Width": 20, "Plans": [{"Node Type": "Seq Scan", "Parent Relationship": "Outer", "Relation Name": "char_name", "Alias": "chn", "Startup Cost": 0.0, "Total Cost": 64054.58, "Plan Rows": 3140338, "Plan Width": 20}]}]}]}]}]}]}]}, {"Node Type": "Materialize", "Parent Relationship": "Inner", "Startup Cost": 0.0, "Total Cost": 5904.71, "Plan Rows": 251, "Plan Width": 4, "Plans": [{"Node Type": "Seq Scan", "Parent Relationship": "Outer", "Relation Name": "company_name", "Alias": "cn", "Startup Cost": 0.0, "Total Cost": 5903.45, "Plan Rows": 251, "Plan Width": 4, "Filter": "((country_code)::text = '[ru]'::text)"}]}]}]}]}]}]}]}]}]}, "Unique SQL Id": 2933943827, "Planner Runtime": 11}, "explain_analyze_plan": null}, "(64, 59)": {"explain_plan": {"Plan": {"Node Type": "Aggregate", "Strategy": "Plain", "Startup Cost": 7000198709657.34, "Total Cost": 7000198709657.35, "Plan Rows": 1, "Plan Width": 97, "Plans": [{"Node Type": "Nested Loop", "Parent Relationship": "Outer", "Join Type": "Inner", "Startup Cost": 70000000000.0, "Total Cost": 7000198709657.33, "Plan Rows": 2, "Plan Width": 33, "Inner Unique": true, "Join Filter": "(mc.company_type_id = ct.id)", "Plans": [{"Node Type": "Nested Loop", "Parent Relationship": "Outer", "Join Type": "Inner", "Startup Cost": 60000000000.0, "Total Cost": 6000198708827.73, "Plan Rows": 2, "Plan Width": 37, "Inner Unique": true, "Join Filter": "(ci.person_role_id = chn.id)", "Plans": [{"Node Type": "Nested Loop", "Parent Relationship": "Outer", "Join Type": "Inner", "Startup Cost": 50000000000.0, "Total Cost": 5000185477906.03, "Plan Rows": 5, "Plan Width": 25, "Inner Unique": true, "Join Filter": "(mc.movie_id = t.id)", "Plans": [{"Node Type": "Nested Loop", "Parent Relationship": "Outer", "Join Type": "Inner", "Startup Cost": 40000000000.0, "Total Cost": 4000173740031.35, "Plan Rows": 6, "Plan Width": 16, "Inner Unique": true, "Join Filter": "(ci.role_id = rt.id)", "Plans": [{"Node Type": "Nested Loop", "Parent Relationship": "Outer", "Join Type": "Inner", "Startup Cost": 30000000000.0, "Total Cost": 3000173738784.33, "Plan Rows": 68, "Plan Width": 20, "Inner Unique": false, "Join Filter": "(mc.movie_id = ci.movie_id)", "Plans": [{"Node Type": "Nested Loop", "Parent Relationship": "Outer", "Join Type": "Inner", "Startup Cost": 20000000000.0, "Total Cost": 2000020191723.52, "Plan Rows": 3779, "Plan Width": 8, "Inner Unique": true, "Join Filter": "(cn.id = mc.company_id)", "Plans": [{"Node Type": "Index Scan", "Parent Relationship": "Outer", "Scan Direction": "Forward", "Index Name": "company_type_id_movie_companies", "Relation Name": "movie_companies", "Alias": "mc", "Startup Cost": 10000000000.0, "Total Cost": 1000009318217.0, "Plan Rows": 2609128, "Plan Width": 12}, {"Node Type": "Materialize", "Parent Relationship": "Inner", "Startup Cost": 10000000000.0, "Total Cost": 1000001050140.22, "Plan Rows": 251, "Plan Width": 4, "Plans": [{"Node Type": "Index Scan", "Parent Relationship": "Outer", "Scan Direction": "Forward", "Index Name": "company_name_pkey", "Relation Name": "company_name", "Alias": "cn", "Startup Cost": 10000000000.0, "Total Cost": 1000001050138.97, "Plan Rows": 251, "Plan Width": 4, "Filter": "((country_code)::text = '[ru]'::text)"}]}]}, {"Node Type": "Materialize", "Parent Relationship": "Inner", "Startup Cost": 10000000000.0, "Total Cost": 1000152283324.47, "Plan Rows": 22295, "Plan Width": 12, "Plans": [{"Node Type": "Index Scan", "Parent Relationship": "Outer", "Scan Direction": "Forward", "Index Name": "role_id_cast_info", "Relation Name": "cast_info", "Alias": "ci", "Startup Cost": 10000000000.0, "Total Cost": 1000152283213.0, "Plan Rows": 22295, "Plan Width": 12, "Filter": "(((note)::text ~~ '%(voice)%'::text) AND ((note)::text ~~ '%(uncredited)%'::text))"}]}]}, {"Node Type": "Materialize", "Parent Relationship": "Inner", "Startup Cost": 10000000000.0, "Total Cost": 1000000001246.0, "Plan Rows": 1, "Plan Width": 4, "Plans": [{"Node Type": "Index Scan", "Parent Relationship": "Outer", "Scan Direction": "Forward", "Index Name": "role_type_pkey", "Relation Name": "role_type", "Alias": "rt", "Startup Cost": 10000000000.0, "Total Cost": 1000000001246.0, "Plan Rows": 1, "Plan Width": 4, "Filter": "((role)::text = 'actor'::text)"}]}]}, {"Node Type": "Materialize", "Parent Relationship": "Inner", "Startup Cost": 10000000000.0, "Total Cost": 1000011649194.12, "Plan Rows": 1013492, "Plan Width": 21, "Plans": [{"Node Type": "Index Scan", "Parent Relationship": "Outer", "Scan Direction": "Forward", "Index Name": "title_pkey", "Relation Name": "title", "Alias": "t", "Startup Cost": 10000000000.0, "Total Cost": 1000011644126.66, "Plan Rows": 1013492, "Plan Width": 21, "Filter": "(production_year > 2005), (LLVM Optimized)"}]}]}, {"Node Type": "Materialize", "Parent Relationship": "Inner", "Startup Cost": 10000000000.0, "Total Cost": 1000013003247.2, "Plan Rows": 3140338, "Plan Width": 20, "Plans": [{"Node Type": "Index Scan", "Parent Relationship": "Outer", "Scan Direction": "Forward", "Index Name": "char_name_pkey", "Relation Name": "char_name", "Alias": "chn", "Startup Cost": 10000000000.0, "Total Cost": 1000012987545.51, "Plan Rows": 3140338, "Plan Width": 20}]}]}, {"Node Type": "Materialize", "Parent Relationship": "Inner", "Startup Cost": 10000000000.0, "Total Cost": 1000000000829.52, "Plan Rows": 3, "Plan Width": 4, "Plans": [{"Node Type": "Index Only Scan", "Parent Relationship": "Outer", "Scan Direction": "Forward", "Index Name": "company_type_pkey", "Relation Name": "company_type", "Alias": "ct", "Startup Cost": 10000000000.0, "Total Cost": 1000000000829.5, "Plan Rows": 3, "Plan Width": 4}]}]}]}, "Unique SQL Id": 2933943827, "Planner Runtime": 19}, "explain_analyze_plan": null}, "(64, 60)": {"explain_plan": {"Plan": {"Node Type": "Aggregate", "Strategy": "Plain", "Startup Cost": 19897.43, "Total Cost": 19897.44, "Plan Rows": 1, "Plan Width": 97, "Plans": [{"Node Type": "Nested Loop", "Parent Relationship": "Outer", "Join Type": "Inner", "Startup Cost": 0.0, "Total Cost": 19897.42, "Plan Rows": 2, "Plan Width": 33, "Inner Unique": true, "Plans": [{"Node Type": "Nested Loop", "Parent Relationship": "Outer", "Join Type": "Inner", "Startup Cost": 0.0, "Total Cost": 19896.86, "Plan Rows": 2, "Plan Width": 37, "Inner Unique": true, "Plans": [{"Node Type": "Nested Loop", "Parent Relationship": "Outer", "Join Type": "Inner", "Startup Cost": 0.0, "Total Cost": 19869.97, "Plan Rows": 5, "Plan Width": 25, "Inner Unique": true, "Plans": [{"Node Type": "Nested Loop", "Parent Relationship": "Outer", "Join Type": "Inner", "Startup Cost": 0.0, "Total Cost": 19867.87, "Plan Rows": 6, "Plan Width": 16, "Inner Unique": false, "Join Filter": "(ci.role_id = rt.id)", "Plans": [{"Node Type": "Seq Scan", "Parent Relationship": "Outer", "Relation Name": "role_type", "Alias": "rt", "Startup Cost": 0.0, "Total Cost": 1.15, "Plan Rows": 1, "Plan Width": 4, "Filter": "((role)::text = 'actor'::text)"}, {"Node Type": "Nested Loop", "Parent Relationship": "Inner", "Join Type": "Inner", "Startup Cost": 0.0, "Total Cost": 19865.87, "Plan Rows": 68, "Plan Width": 20, "Inner Unique": false, "Plans": [{"Node Type": "Nested Loop", "Parent Relationship": "Outer", "Join Type": "Inner", "Startup Cost": 0.0, "Total Cost": 16121.55, "Plan Rows": 3779, "Plan Width": 8, "Inner Unique": false, "Plans": [{"Node Type": "Seq Scan", "Parent Relationship": "Outer", "Relation Name": "company_name", "Alias": "cn", "Startup Cost": 0.0, "Total Cost": 5903.45, "Plan Rows": 251, "Plan Width": 4, "Filter": "((country_code)::text = '[ru]'::text)"}, {"Node Type": "Index Scan", "Parent Relationship": "Inner", "Scan Direction": "Forward", "Index Name": "company_id_movie_companies", "Relation Name": "movie_companies", "Alias": "mc", "Startup Cost": 0.0, "Total Cost": 40.56, "Plan Rows": 15, "Plan Width": 12, "Index Cond": "(company_id = cn.id)"}]}, {"Node Type": "Index Scan", "Parent Relationship": "Inner", "Scan Direction": "Forward", "Index Name": "movie_id_cast_info", "Relation Name": "cast_info", "Alias": "ci", "Startup Cost": 0.0, "Total Cost": 0.98, "Plan Rows": 1, "Plan Width": 12, "Index Cond": "(movie_id = mc.movie_id)", "Filter": "(((note)::text ~~ '%(voice)%'::text) AND ((note)::text ~~ '%(uncredited)%'::text))"}]}]}, {"Node Type": "Index Scan", "Parent Relationship": "Inner", "Scan Direction": "Forward", "Index Name": "title_pkey", "Relation Name": "title", "Alias": "t", "Startup Cost": 0.0, "Total Cost": 0.34, "Plan Rows": 1, "Plan Width": 21, "Index Cond": "(id = mc.movie_id)", "Filter": "(production_year > 2005)"}]}, {"Node Type": "Index Scan", "Parent Relationship": "Inner", "Scan Direction": "Forward", "Index Name": "char_name_pkey", "Relation Name": "char_name", "Alias": "chn", "Startup Cost": 0.0, "Total Cost": 5.37, "Plan Rows": 1, "Plan Width": 20, "Index Cond": "(id = ci.person_role_id)"}]}, {"Node Type": "Index Scan", "Parent Relationship": "Inner", "Scan Direction": "Forward", "Index Name": "company_type_pkey", "Relation Name": "company_type", "Alias": "ct", "Startup Cost": 0.0, "Total Cost": 0.27, "Plan Rows": 1, "Plan Width": 4, "Index Cond": "(id = mc.company_type_id)"}]}]}, "Unique SQL Id": 2933943827, "Planner Runtime": 7}, "explain_analyze_plan": {"Plan": {"Node Type": "Aggregate", "Strategy": "Plain", "Startup Cost": 19897.43, "Total Cost": 19897.44, "Plan Rows": 1, "Plan Width": 97, "Actual Startup Time": 804.024, "Actual Total Time": 804.024, "Actual Rows": 1, "Actual Loops": 1, "Plans": [{"Node Type": "Nested Loop", "Parent Relationship": "Outer", "Join Type": "Inner", "Startup Cost": 0.0, "Total Cost": 19897.42, "Plan Rows": 2, "Plan Width": 33, "Actual Startup Time": 47.786, "Actual Total Time": 803.917, "Actual Rows": 18, "Actual Loops": 1, "Inner Unique": true, "Plans": [{"Node Type": "Nested Loop", "Parent Relationship": "Outer", "Join Type": "Inner", "Startup Cost": 0.0, "Total Cost": 19896.86, "Plan Rows": 2, "Plan Width": 37, "Actual Startup Time": 10.009, "Actual Total Time": 803.609, "Actual Rows": 104, "Actual Loops": 1, "Inner Unique": true, "Plans": [{"Node Type": "Nested Loop", "Parent Relationship": "Outer", "Join Type": "Inner", "Startup Cost": 0.0, "Total Cost": 19869.97, "Plan Rows": 5, "Plan Width": 25, "Actual Startup Time": 9.994, "Actual Total Time": 802.565, "Actual Rows": 112, "Actual Loops": 1, "Inner Unique": true, "Plans": [{"Node Type": "Nested Loop", "Parent Relationship": "Outer", "Join Type": "Inner", "Startup Cost": 0.0, "Total Cost": 19867.87, "Plan Rows": 6, "Plan Width": 16, "Actual Startup Time": 0.857, "Actual Total Time": 800.305, "Actual Rows": 275, "Actual Loops": 1, "Inner Unique": false, "Join Filter": "(ci.role_id = rt.id)", "Rows Removed by Join Filter": 102, "Plans": [{"Node Type": "Seq Scan", "Parent Relationship": "Outer", "Relation Name": "role_type", "Alias": "rt", "Startup Cost": 0.0, "Total Cost": 1.15, "Plan Rows": 1, "Plan Width": 4, "Actual Startup Time": 0.035, "Actual Total Time": 0.04, "Actual Rows": 1, "Actual Loops": 1, "Filter": "((role)::text = 'actor'::text)", "Rows Removed by Filter": 11}, {"Node Type": "Nested Loop", "Parent Relationship": "Inner", "Join Type": "Inner", "Startup Cost": 0.0, "Total Cost": 19865.87, "Plan Rows": 68, "Plan Width": 20, "Actual Startup Time": 0.814, "Actual Total Time": 800.006, "Actual Rows": 377, "Actual Loops": 1, "Inner Unique": false, "Plans": [{"Node Type": "Nested Loop", "Parent Relationship": "Outer", "Join Type": "Inner", "Startup Cost": 0.0, "Total Cost": 16121.55, "Plan Rows": 3779, "Plan Width": 8, "Actual Startup Time": 0.057, "Actual Total Time": 107.506, "Actual Rows": 8790, "Actual Loops": 1, "Inner Unique": false, "Plans": [{"Node Type": "Seq Scan", "Parent Relationship": "Outer", "Relation Name": "company_name", "Alias": "cn", "Startup Cost": 0.0, "Total Cost": 5903.45, "Plan Rows": 251, "Plan Width": 4, "Actual Startup Time": 0.037, "Actual Total Time": 83.104, "Actual Rows": 1361, "Actual Loops": 1, "Filter": "((country_code)::text = '[ru]'::text)", "Rows Removed by Filter": 233635}, {"Node Type": "Index Scan", "Parent Relationship": "Inner", "Scan Direction": "Forward", "Index Name": "company_id_movie_companies", "Relation Name": "movie_companies", "Alias": "mc", "Startup Cost": 0.0, "Total Cost": 40.56, "Plan Rows": 15, "Plan Width": 12, "Actual Startup Time": 8.468, "Actual Total Time": 21.018, "Actual Rows": 8790, "Actual Loops": 1361, "Index Cond": "(company_id = cn.id)", "Rows Removed by Index Recheck": 0}]}, {"Node Type": "Index Scan", "Parent Relationship": "Inner", "Scan Direction": "Forward", "Index Name": "movie_id_cast_info", "Relation Name": "cast_info", "Alias": "ci", "Startup Cost": 0.0, "Total Cost": 0.98, "Plan Rows": 1, "Plan Width": 12, "Actual Startup Time": 647.342, "Actual Total Time": 687.066, "Actual Rows": 377, "Actual Loops": 8790, "Index Cond": "(movie_id = mc.movie_id)", "Rows Removed by Index Recheck": 0, "Filter": "(((note)::text ~~ '%(voice)%'::text) AND ((note)::text ~~ '%(uncredited)%'::text))", "Rows Removed by Filter": 408168}]}]}, {"Node Type": "Index Scan", "Parent Relationship": "Inner", "Scan Direction": "Forward", "Index Name": "title_pkey", "Relation Name": "title", "Alias": "t", "Startup Cost": 0.0, "Total Cost": 0.34, "Plan Rows": 1, "Plan Width": 21, "Actual Startup Time": 1.837, "Actual Total Time": 1.837, "Actual Rows": 112, "Actual Loops": 275, "Index Cond": "(id = mc.movie_id)", "Rows Removed by Index Recheck": 0, "Filter": "(production_year > 2005)", "Rows Removed by Filter": 163}]}, {"Node Type": "Index Scan", "Parent Relationship": "Inner", "Scan Direction": "Forward", "Index Name": "char_name_pkey", "Relation Name": "char_name", "Alias": "chn", "Startup Cost": 0.0, "Total Cost": 5.37, "Plan Rows": 1, "Plan Width": 20, "Actual Startup Time": 0.803, "Actual Total Time": 0.803, "Actual Rows": 104, "Actual Loops": 112, "Index Cond": "(id = ci.person_role_id)", "Rows Removed by Index Recheck": 0}]}, {"Node Type": "Index Scan", "Parent Relationship": "Inner", "Scan Direction": "Forward", "Index Name": "company_type_pkey", "Relation Name": "company_type", "Alias": "ct", "Startup Cost": 0.0, "Total Cost": 0.27, "Plan Rows": 1, "Plan Width": 4, "Actual Startup Time": 0.179, "Actual Total Time": 0.179, "Actual Rows": 18, "Actual Loops": 104, "Index Cond": "(id = mc.company_type_id)", "Rows Removed by Index Recheck": 0}]}]}, "Triggers": [], "Planner Runtime": 7, "Total Runtime": 804.361, "Unique SQL Id": 2933943827}}, "(64, 61)": {"explain_plan": {"Plan": {"Node Type": "Aggregate", "Strategy": "Plain", "Startup Cost": 24506.67, "Total Cost": 24506.68, "Plan Rows": 1, "Plan Width": 97, "Plans": [{"Node Type": "Nested Loop", "Parent Relationship": "Outer", "Join Type": "Inner", "Startup Cost": 0.0, "Total Cost": 24506.66, "Plan Rows": 2, "Plan Width": 33, "Inner Unique": true, "Plans": [{"Node Type": "Nested Loop", "Parent Relationship": "Outer", "Join Type": "Inner", "Startup Cost": 0.0, "Total Cost": 24506.1, "Plan Rows": 2, "Plan Width": 37, "Inner Unique": true, "Plans": [{"Node Type": "Nested Loop", "Parent Relationship": "Outer", "Join Type": "Inner", "Startup Cost": 0.0, "Total Cost": 24479.22, "Plan Rows": 5, "Plan Width": 25, "Inner Unique": true, "Plans": [{"Node Type": "Nested Loop", "Parent Relationship": "Outer", "Join Type": "Inner", "Startup Cost": 0.0, "Total Cost": 24477.12, "Plan Rows": 6, "Plan Width": 16, "Inner Unique": false, "Join Filter": "(ci.role_id = rt.id)", "Plans": [{"Node Type": "Index Scan", "Parent Relationship": "Outer", "Scan Direction": "Forward", "Index Name": "role_type_pkey", "Relation Name": "role_type", "Alias": "rt", "Startup Cost": 0.0, "Total Cost": 12.46, "Plan Rows": 1, "Plan Width": 4, "Filter": "((role)::text = 'actor'::text)"}, {"Node Type": "Nested Loop", "Parent Relationship": "Inner", "Join Type": "Inner", "Startup Cost": 0.0, "Total Cost": 24463.81, "Plan Rows": 68, "Plan Width": 20, "Inner Unique": false, "Plans": [{"Node Type": "Nested Loop", "Parent Relationship": "Outer", "Join Type": "Inner", "Startup Cost": 0.0, "Total Cost": 20719.49, "Plan Rows": 3779, "Plan Width": 8, "Inner Unique": false, "Plans": [{"Node Type": "Index Scan", "Parent Relationship": "Outer", "Scan Direction": "Forward", "Index Name": "company_name_pkey", "Relation Name": "company_name", "Alias": "cn", "Startup Cost": 0.0, "Total Cost": 10501.39, "Plan Rows": 251, "Plan Width": 4, "Filter": "((country_code)::text = '[ru]'::text)"}, {"Node Type": "Index Scan", "Parent Relationship": "Inner", "Scan Direction": "Forward", "Index Name": "company_id_movie_companies", "Relation Name": "movie_companies", "Alias": "mc", "Startup Cost": 0.0, "Total Cost": 40.56, "Plan Rows": 15, "Plan Width": 12, "Index Cond": "(company_id = cn.id)"}]}, {"Node Type": "Index Scan", "Parent Relationship": "Inner", "Scan Direction": "Forward", "Index Name": "movie_id_cast_info", "Relation Name": "cast_info", "Alias": "ci", "Startup Cost": 0.0, "Total Cost": 0.98, "Plan Rows": 1, "Plan Width": 12, "Index Cond": "(movie_id = mc.movie_id)", "Filter": "(((note)::text ~~ '%(voice)%'::text) AND ((note)::text ~~ '%(uncredited)%'::text))"}]}]}, {"Node Type": "Index Scan", "Parent Relationship": "Inner", "Scan Direction": "Forward", "Index Name": "title_pkey", "Relation Name": "title", "Alias": "t", "Startup Cost": 0.0, "Total Cost": 0.34, "Plan Rows": 1, "Plan Width": 21, "Index Cond": "(id = mc.movie_id)", "Filter": "(production_year > 2005)"}]}, {"Node Type": "Index Scan", "Parent Relationship": "Inner", "Scan Direction": "Forward", "Index Name": "char_name_pkey", "Relation Name": "char_name", "Alias": "chn", "Startup Cost": 0.0, "Total Cost": 5.37, "Plan Rows": 1, "Plan Width": 20, "Index Cond": "(id = ci.person_role_id)"}]}, {"Node Type": "Index Scan", "Parent Relationship": "Inner", "Scan Direction": "Forward", "Index Name": "company_type_pkey", "Relation Name": "company_type", "Alias": "ct", "Startup Cost": 0.0, "Total Cost": 0.27, "Plan Rows": 1, "Plan Width": 4, "Index Cond": "(id = mc.company_type_id)"}]}]}, "Unique SQL Id": 2933943827, "Planner Runtime": 6}, "explain_analyze_plan": {"Plan": {"Node Type": "Aggregate", "Strategy": "Plain", "Startup Cost": 24506.67, "Total Cost": 24506.68, "Plan Rows": 1, "Plan Width": 97, "Actual Startup Time": 1075.373, "Actual Total Time": 1075.373, "Actual Rows": 1, "Actual Loops": 1, "Plans": [{"Node Type": "Nested Loop", "Parent Relationship": "Outer", "Join Type": "Inner", "Startup Cost": 0.0, "Total Cost": 24506.66, "Plan Rows": 2, "Plan Width": 33, "Actual Startup Time": 27.528, "Actual Total Time": 1075.274, "Actual Rows": 18, "Actual Loops": 1, "Inner Unique": true, "Plans": [{"Node Type": "Nested Loop", "Parent Relationship": "Outer", "Join Type": "Inner", "Startup Cost": 0.0, "Total Cost": 24506.1, "Plan Rows": 2, "Plan Width": 37, "Actual Startup Time": 21.072, "Actual Total Time": 1074.971, "Actual Rows": 104, "Actual Loops": 1, "Inner Unique": true, "Plans": [{"Node Type": "Nested Loop", "Parent Relationship": "Outer", "Join Type": "Inner", "Startup Cost": 0.0, "Total Cost": 24479.22, "Plan Rows": 5, "Plan Width": 25, "Actual Startup Time": 21.057, "Actual Total Time": 1073.844, "Actual Rows": 112, "Actual Loops": 1, "Inner Unique": true, "Plans": [{"Node Type": "Nested Loop", "Parent Relationship": "Outer", "Join Type": "Inner", "Startup Cost": 0.0, "Total Cost": 24477.12, "Plan Rows": 6, "Plan Width": 16, "Actual Startup Time": 5.969, "Actual Total Time": 1071.384, "Actual Rows": 275, "Actual Loops": 1, "Inner Unique": false, "Join Filter": "(ci.role_id = rt.id)", "Rows Removed by Join Filter": 102, "Plans": [{"Node Type": "Index Scan", "Parent Relationship": "Outer", "Scan Direction": "Forward", "Index Name": "role_type_pkey", "Relation Name": "role_type", "Alias": "rt", "Startup Cost": 0.0, "Total Cost": 12.46, "Plan Rows": 1, "Plan Width": 4, "Actual Startup Time": 0.022, "Actual Total Time": 0.034, "Actual Rows": 1, "Actual Loops": 1, "Filter": "((role)::text = 'actor'::text)", "Rows Removed by Filter": 11}, {"Node Type": "Nested Loop", "Parent Relationship": "Inner", "Join Type": "Inner", "Startup Cost": 0.0, "Total Cost": 24463.81, "Plan Rows": 68, "Plan Width": 20, "Actual Startup Time": 5.938, "Actual Total Time": 1071.055, "Actual Rows": 377, "Actual Loops": 1, "Inner Unique": false, "Plans": [{"Node Type": "Nested Loop", "Parent Relationship": "Outer", "Join Type": "Inner", "Startup Cost": 0.0, "Total Cost": 20719.49, "Plan Rows": 3779, "Plan Width": 8, "Actual Startup Time": 0.458, "Actual Total Time": 317.999, "Actual Rows": 8790, "Actual Loops": 1, "Inner Unique": false, "Plans": [{"Node Type": "Index Scan", "Parent Relationship": "Outer", "Scan Direction": "Forward", "Index Name": "company_name_pkey", "Relation Name": "company_name", "Alias": "cn", "Startup Cost": 0.0, "Total Cost": 10501.39, "Plan Rows": 251, "Plan Width": 4, "Actual Startup Time": 0.445, "Actual Total Time": 292.438, "Actual Rows": 1361, "Actual Loops": 1, "Filter": "((country_code)::text = '[ru]'::text)", "Rows Removed by Filter": 233635}, {"Node Type": "Index Scan", "Parent Relationship": "Inner", "Scan Direction": "Forward", "Index Name": "company_id_movie_companies", "Relation Name": "movie_companies", "Alias": "mc", "Startup Cost": 0.0, "Total Cost": 40.56, "Plan Rows": 15, "Plan Width": 12, "Actual Startup Time": 8.383, "Actual Total Time": 22.016, "Actual Rows": 8790, "Actual Loops": 1361, "Index Cond": "(company_id = cn.id)", "Rows Removed by Index Recheck": 0}]}, {"Node Type": "Index Scan", "Parent Relationship": "Inner", "Scan Direction": "Forward", "Index Name": "movie_id_cast_info", "Relation Name": "cast_info", "Alias": "ci", "Startup Cost": 0.0, "Total Cost": 0.98, "Plan Rows": 1, "Plan Width": 12, "Actual Startup Time": 705.089, "Actual Total Time": 747.477, "Actual Rows": 377, "Actual Loops": 8790, "Index Cond": "(movie_id = mc.movie_id)", "Rows Removed by Index Recheck": 0, "Filter": "(((note)::text ~~ '%(voice)%'::text) AND ((note)::text ~~ '%(uncredited)%'::text))", "Rows Removed by Filter": 408168}]}]}, {"Node Type": "Index Scan", "Parent Relationship": "Inner", "Scan Direction": "Forward", "Index Name": "title_pkey", "Relation Name": "title", "Alias": "t", "Startup Cost": 0.0, "Total Cost": 0.34, "Plan Rows": 1, "Plan Width": 21, "Actual Startup Time": 2.031, "Actual Total Time": 2.031, "Actual Rows": 112, "Actual Loops": 275, "Index Cond": "(id = mc.movie_id)", "Rows Removed by Index Recheck": 0, "Filter": "(production_year > 2005)", "Rows Removed by Filter": 163}]}, {"Node Type": "Index Scan", "Parent Relationship": "Inner", "Scan Direction": "Forward", "Index Name": "char_name_pkey", "Relation Name": "char_name", "Alias": "chn", "Startup Cost": 0.0, "Total Cost": 5.37, "Plan Rows": 1, "Plan Width": 20, "Actual Startup Time": 0.861, "Actual Total Time": 0.861, "Actual Rows": 104, "Actual Loops": 112, "Index Cond": "(id = ci.person_role_id)", "Rows Removed by Index Recheck": 0}]}, {"Node Type": "Index Scan", "Parent Relationship": "Inner", "Scan Direction": "Forward", "Index Name": "company_type_pkey", "Relation Name": "company_type", "Alias": "ct", "Startup Cost": 0.0, "Total Cost": 0.27, "Plan Rows": 1, "Plan Width": 4, "Actual Startup Time": 0.157, "Actual Total Time": 0.157, "Actual Rows": 18, "Actual Loops": 104, "Index Cond": "(id = mc.company_type_id)", "Rows Removed by Index Recheck": 0}]}]}, "Triggers": [], "Planner Runtime": 5, "Total Runtime": 1075.71, "Unique SQL Id": 2933943827}}, "(64, 62)": {"explain_plan": {"Plan": {"Node Type": "Aggregate", "Strategy": "Plain", "Startup Cost": 717259.71, "Total Cost": 717259.72, "Plan Rows": 1, "Plan Width": 97, "Plans": [{"Node Type": "Nested Loop", "Parent Relationship": "Outer", "Join Type": "Inner", "Startup Cost": 0.0, "Total Cost": 717259.7, "Plan Rows": 2, "Plan Width": 33, "Inner Unique": false, "Join Filter": "(mc.company_type_id = ct.id)", "Plans": [{"Node Type": "Seq Scan", "Parent Relationship": "Outer", "Relation Name": "company_type", "Alias": "ct", "Startup Cost": 0.0, "Total Cost": 1.03, "Plan Rows": 3, "Plan Width": 4}, {"Node Type": "Materialize", "Parent Relationship": "Inner", "Startup Cost": 0.0, "Total Cost": 717258.58, "Plan Rows": 2, "Plan Width": 37, "Plans": [{"Node Type": "Streaming(type: LOCAL GATHER dop: 1/64)", "Parent Relationship": "Outer", "Startup Cost": 0.0, "Total Cost": 717258.57, "Plan Rows": 2, "Plan Width": 37, "Plans": [{"Node Type": "Nested Loop", "Parent Relationship": "Outer", "Join Type": "Inner", "Startup Cost": 0.0, "Total Cost": 717258.53, "Plan Rows": 2, "Plan Width": 37, "Inner Unique": false, "Join Filter": "(mc.movie_id = t.id)", "Plans": [{"Node Type": "Seq Scan", "Parent Relationship": "Outer", "Relation Name": "title", "Alias": "t", "Startup Cost": 0.0, "Total Cost": 64037.34, "Plan Rows": 1013492, "Plan Width": 21, "Filter": "(production_year > 2005), (LLVM Optimized)"}, {"Node Type": "Materialize", "Parent Relationship": "Inner", "Startup Cost": 0.0, "Total Cost": 652508.58, "Plan Rows": 192, "Plan Width": 28, "Plans": [{"Node Type": "Streaming(type: BROADCAST dop: 64/1)", "Parent Relationship": "Outer", "Startup Cost": 0.0, "Total Cost": 652508.57, "Plan Rows": 192, "Plan Width": 28, "Plans": [{"Node Type": "Nested Loop", "Parent Relationship": "Outer", "Join Type": "Inner", "Startup Cost": 0.0, "Total Cost": 589504.61, "Plan Rows": 3, "Plan Width": 28, "Inner Unique": true, "Join Filter": "(mc.company_id = cn.id)", "Plans": [{"Node Type": "Streaming(type: LOCAL GATHER dop: 1/64)", "Parent Relationship": "Outer", "Startup Cost": 0.0, "Total Cost": 575784.39, "Plan Rows": 2076, "Plan Width": 32, "Plans": [{"Node Type": "Nested Loop", "Parent Relationship": "Outer", "Join Type": "Inner", "Startup Cost": 0.0, "Total Cost": 575741.56, "Plan Rows": 2076, "Plan Width": 32, "Inner Unique": false, "Join Filter": "(ci.movie_id = mc.movie_id)", "Plans": [{"Node Type": "Streaming(type: LOCAL REDISTRIBUTE dop: 64/1)", "Parent Relationship": "Outer", "Startup Cost": 0.0, "Total Cost": 210825.84, "Plan Rows": 2609128, "Plan Width": 12, "Plans": [{"Node Type": "Seq Scan", "Parent Relationship": "Outer", "Relation Name": "movie_companies", "Alias": "mc", "Startup Cost": 0.0, "Total Cost": 41817.28, "Plan Rows": 2609128, "Plan Width": 12}]}, {"Node Type": "Materialize", "Parent Relationship": "Inner", "Startup Cost": 0.0, "Total Cost": 355523.28, "Plan Rows": 983, "Plan Width": 20, "Plans": [{"Node Type": "Streaming(type: LOCAL REDISTRIBUTE dop: 64/64)", "Parent Relationship": "Outer", "Startup Cost": 0.0, "Total Cost": 355523.2, "Plan Rows": 983, "Plan Width": 20, "Plans": [{"Node Type": "Nested Loop", "Parent Relationship": "Outer", "Join Type": "Inner", "Startup Cost": 0.0, "Total Cost": 292522.27, "Plan Rows": 983, "Plan Width": 20, "Inner Unique": true, "Join Filter": "(ci.person_role_id = chn.id)", "Plans": [{"Node Type": "Streaming(type: LOCAL REDISTRIBUTE dop: 64/1)", "Parent Relationship": "Outer", "Startup Cost": 0.0, "Total Cost": 139059.25, "Plan Rows": 2027, "Plan Width": 8, "Plans": [{"Node Type": "Nested Loop", "Parent Relationship": "Outer", "Join Type": "Inner", "Startup Cost": 0.0, "Total Cost": 75976.9, "Plan Rows": 2027, "Plan Width": 8, "Inner Unique": false, "Join Filter": "(ci.role_id = rt.id)", "Plans": [{"Node Type": "Seq Scan", "Parent Relationship": "Outer", "Relation Name": "role_type", "Alias": "rt", "Startup Cost": 0.0, "Total Cost": 1.15, "Plan Rows": 1, "Plan Width": 4, "Filter": "((role)::text = 'actor'::text)"}, {"Node Type": "Materialize", "Parent Relationship": "Inner", "Startup Cost": 0.0, "Total Cost": 75752.8, "Plan Rows": 22295, "Plan Width": 12, "Plans": [{"Node Type": "Streaming(type: LOCAL GATHER dop: 1/64)", "Parent Relationship": "Outer", "Startup Cost": 0.0, "Total Cost": 75697.06, "Plan Rows": 22295, "Plan Width": 12, "Plans": [{"Node Type": "Seq Scan", "Parent Relationship": "Outer", "Relation Name": "cast_info", "Alias": "ci", "Startup Cost": 0.0, "Total Cost": 75237.12, "Plan Rows": 22295, "Plan Width": 12, "Filter": "(((note)::text ~~ '%(voice)%'::text) AND ((note)::text ~~ '%(uncredited)%'::text))"}]}]}]}]}, {"Node Type": "Materialize", "Parent Relationship": "Inner", "Startup Cost": 0.0, "Total Cost": 130274.66, "Plan Rows": 3140338, "Plan Width": 20, "Plans": [{"Node Type": "Streaming(type: LOCAL REDISTRIBUTE dop: 64/64)", "Parent Relationship": "Outer", "Startup Cost": 0.0, "Total Cost": 130029.32, "Plan Rows": 3140338, "Plan Width": 20, "Plans": [{"Node Type": "Seq Scan", "Parent Relationship": "Outer", "Relation Name": "char_name", "Alias": "chn", "Startup Cost": 0.0, "Total Cost": 64054.58, "Plan Rows": 3140338, "Plan Width": 20}]}]}]}]}]}]}]}, {"Node Type": "Materialize", "Parent Relationship": "Inner", "Startup Cost": 0.0, "Total Cost": 5904.71, "Plan Rows": 251, "Plan Width": 4, "Plans": [{"Node Type": "Seq Scan", "Parent Relationship": "Outer", "Relation Name": "company_name", "Alias": "cn", "Startup Cost": 0.0, "Total Cost": 5903.45, "Plan Rows": 251, "Plan Width": 4, "Filter": "((country_code)::text = '[ru]'::text)"}]}]}]}]}]}]}]}]}]}, "Unique SQL Id": 2933943827, "Planner Runtime": 11}, "explain_analyze_plan": null}, "(64, 63)": {"explain_plan": {"Plan": {"Node Type": "Aggregate", "Strategy": "Plain", "Startup Cost": 7000198710057.34, "Total Cost": 7000198710057.35, "Plan Rows": 1, "Plan Width": 97, "Plans": [{"Node Type": "Nested Loop", "Parent Relationship": "Outer", "Join Type": "Inner", "Startup Cost": 70000000000.0, "Total Cost": 7000198710057.33, "Plan Rows": 2, "Plan Width": 33, "Inner Unique": true, "Join Filter": "(mc.company_type_id = ct.id)", "Plans": [{"Node Type": "Nested Loop", "Parent Relationship": "Outer", "Join Type": "Inner", "Startup Cost": 60000000000.0, "Total Cost": 6000198708827.73, "Plan Rows": 2, "Plan Width": 37, "Inner Unique": true, "Join Filter": "(ci.person_role_id = chn.id)", "Plans": [{"Node Type": "Nested Loop", "Parent Relationship": "Outer", "Join Type": "Inner", "Startup Cost": 50000000000.0, "Total Cost": 5000185477906.03, "Plan Rows": 5, "Plan Width": 25, "Inner Unique": true, "Join Filter": "(mc.movie_id = t.id)", "Plans": [{"Node Type": "Nested Loop", "Parent Relationship": "Outer", "Join Type": "Inner", "Startup Cost": 40000000000.0, "Total Cost": 4000173740031.35, "Plan Rows": 6, "Plan Width": 16, "Inner Unique": true, "Join Filter": "(ci.role_id = rt.id)", "Plans": [{"Node Type": "Nested Loop", "Parent Relationship": "Outer", "Join Type": "Inner", "Startup Cost": 30000000000.0, "Total Cost": 3000173738784.33, "Plan Rows": 68, "Plan Width": 20, "Inner Unique": false, "Join Filter": "(mc.movie_id = ci.movie_id)", "Plans": [{"Node Type": "Nested Loop", "Parent Relationship": "Outer", "Join Type": "Inner", "Startup Cost": 20000000000.0, "Total Cost": 2000020191723.52, "Plan Rows": 3779, "Plan Width": 8, "Inner Unique": true, "Join Filter": "(cn.id = mc.company_id)", "Plans": [{"Node Type": "Index Scan", "Parent Relationship": "Outer", "Scan Direction": "Forward", "Index Name": "company_type_id_movie_companies", "Relation Name": "movie_companies", "Alias": "mc", "Startup Cost": 10000000000.0, "Total Cost": 1000009318217.0, "Plan Rows": 2609128, "Plan Width": 12}, {"Node Type": "Materialize", "Parent Relationship": "Inner", "Startup Cost": 10000000000.0, "Total Cost": 1000001050140.22, "Plan Rows": 251, "Plan Width": 4, "Plans": [{"Node Type": "Index Scan", "Parent Relationship": "Outer", "Scan Direction": "Forward", "Index Name": "company_name_pkey", "Relation Name": "company_name", "Alias": "cn", "Startup Cost": 10000000000.0, "Total Cost": 1000001050138.97, "Plan Rows": 251, "Plan Width": 4, "Filter": "((country_code)::text = '[ru]'::text)"}]}]}, {"Node Type": "Materialize", "Parent Relationship": "Inner", "Startup Cost": 10000000000.0, "Total Cost": 1000152283324.47, "Plan Rows": 22295, "Plan Width": 12, "Plans": [{"Node Type": "Index Scan", "Parent Relationship": "Outer", "Scan Direction": "Forward", "Index Name": "role_id_cast_info", "Relation Name": "cast_info", "Alias": "ci", "Startup Cost": 10000000000.0, "Total Cost": 1000152283213.0, "Plan Rows": 22295, "Plan Width": 12, "Filter": "(((note)::text ~~ '%(voice)%'::text) AND ((note)::text ~~ '%(uncredited)%'::text))"}]}]}, {"Node Type": "Materialize", "Parent Relationship": "Inner", "Startup Cost": 10000000000.0, "Total Cost": 1000000001246.0, "Plan Rows": 1, "Plan Width": 4, "Plans": [{"Node Type": "Index Scan", "Parent Relationship": "Outer", "Scan Direction": "Forward", "Index Name": "role_type_pkey", "Relation Name": "role_type", "Alias": "rt", "Startup Cost": 10000000000.0, "Total Cost": 1000000001246.0, "Plan Rows": 1, "Plan Width": 4, "Filter": "((role)::text = 'actor'::text)"}]}]}, {"Node Type": "Materialize", "Parent Relationship": "Inner", "Startup Cost": 10000000000.0, "Total Cost": 1000011649194.12, "Plan Rows": 1013492, "Plan Width": 21, "Plans": [{"Node Type": "Index Scan", "Parent Relationship": "Outer", "Scan Direction": "Forward", "Index Name": "title_pkey", "Relation Name": "title", "Alias": "t", "Startup Cost": 10000000000.0, "Total Cost": 1000011644126.66, "Plan Rows": 1013492, "Plan Width": 21, "Filter": "(production_year > 2005), (LLVM Optimized)"}]}]}, {"Node Type": "Materialize", "Parent Relationship": "Inner", "Startup Cost": 10000000000.0, "Total Cost": 1000013003247.2, "Plan Rows": 3140338, "Plan Width": 20, "Plans": [{"Node Type": "Index Scan", "Parent Relationship": "Outer", "Scan Direction": "Forward", "Index Name": "char_name_pkey", "Relation Name": "char_name", "Alias": "chn", "Startup Cost": 10000000000.0, "Total Cost": 1000012987545.51, "Plan Rows": 3140338, "Plan Width": 20}]}]}, {"Node Type": "Materialize", "Parent Relationship": "Inner", "Startup Cost": 10000000000.0, "Total Cost": 1000000001229.52, "Plan Rows": 3, "Plan Width": 4, "Plans": [{"Node Type": "Index Scan", "Parent Relationship": "Outer", "Scan Direction": "Forward", "Index Name": "company_type_pkey", "Relation Name": "company_type", "Alias": "ct", "Startup Cost": 10000000000.0, "Total Cost": 1000000001229.5, "Plan Rows": 3, "Plan Width": 4}]}]}]}, "Unique SQL Id": 2933943827, "Planner Runtime": 5}, "explain_analyze_plan": null}, "(64, 64)": {"explain_plan": {"Plan": {"Node Type": "Aggregate", "Strategy": "Plain", "Startup Cost": 19914.67, "Total Cost": 19914.68, "Plan Rows": 1, "Plan Width": 97, "Plans": [{"Node Type": "Nested Loop", "Parent Relationship": "Outer", "Join Type": "Inner", "Startup Cost": 0.0, "Total Cost": 19914.66, "Plan Rows": 2, "Plan Width": 33, "Inner Unique": true, "Plans": [{"Node Type": "Nested Loop", "Parent Relationship": "Outer", "Join Type": "Inner", "Startup Cost": 0.0, "Total Cost": 19914.1, "Plan Rows": 2, "Plan Width": 37, "Inner Unique": true, "Plans": [{"Node Type": "Nested Loop", "Parent Relationship": "Outer", "Join Type": "Inner", "Startup Cost": 0.0, "Total Cost": 19887.22, "Plan Rows": 5, "Plan Width": 25, "Inner Unique": true, "Plans": [{"Node Type": "Nested Loop", "Parent Relationship": "Outer", "Join Type": "Inner", "Startup Cost": 0.0, "Total Cost": 19885.12, "Plan Rows": 6, "Plan Width": 16, "Inner Unique": true, "Plans": [{"Node Type": "Nested Loop", "Parent Relationship": "Outer", "Join Type": "Inner", "Startup Cost": 0.0, "Total Cost": 19865.87, "Plan Rows": 68, "Plan Width": 20, "Inner Unique": false, "Plans": [{"Node Type": "Nested Loop", "Parent Relationship": "Outer", "Join Type": "Inner", "Startup Cost": 0.0, "Total Cost": 16121.55, "Plan Rows": 3779, "Plan Width": 8, "Inner Unique": false, "Plans": [{"Node Type": "Seq Scan", "Parent Relationship": "Outer", "Relation Name": "company_name", "Alias": "cn", "Startup Cost": 0.0, "Total Cost": 5903.45, "Plan Rows": 251, "Plan Width": 4, "Filter": "((country_code)::text = '[ru]'::text)"}, {"Node Type": "Index Scan", "Parent Relationship": "Inner", "Scan Direction": "Forward", "Index Name": "company_id_movie_companies", "Relation Name": "movie_companies", "Alias": "mc", "Startup Cost": 0.0, "Total Cost": 40.56, "Plan Rows": 15, "Plan Width": 12, "Index Cond": "(company_id = cn.id)"}]}, {"Node Type": "Index Scan", "Parent Relationship": "Inner", "Scan Direction": "Forward", "Index Name": "movie_id_cast_info", "Relation Name": "cast_info", "Alias": "ci", "Startup Cost": 0.0, "Total Cost": 0.98, "Plan Rows": 1, "Plan Width": 12, "Index Cond": "(movie_id = mc.movie_id)", "Filter": "(((note)::text ~~ '%(voice)%'::text) AND ((note)::text ~~ '%(uncredited)%'::text))"}]}, {"Node Type": "Index Scan", "Parent Relationship": "Inner", "Scan Direction": "Forward", "Index Name": "role_type_pkey", "Relation Name": "role_type", "Alias": "rt", "Startup Cost": 0.0, "Total Cost": 0.27, "Plan Rows": 1, "Plan Width": 4, "Index Cond": "(id = ci.role_id)", "Filter": "((role)::text = 'actor'::text)"}]}, {"Node Type": "Index Scan", "Parent Relationship": "Inner", "Scan Direction": "Forward", "Index Name": "title_pkey", "Relation Name": "title", "Alias": "t", "Startup Cost": 0.0, "Total Cost": 0.34, "Plan Rows": 1, "Plan Width": 21, "Index Cond": "(id = mc.movie_id)", "Filter": "(production_year > 2005)"}]}, {"Node Type": "Index Scan", "Parent Relationship": "Inner", "Scan Direction": "Forward", "Index Name": "char_name_pkey", "Relation Name": "char_name", "Alias": "chn", "Startup Cost": 0.0, "Total Cost": 5.37, "Plan Rows": 1, "Plan Width": 20, "Index Cond": "(id = ci.person_role_id)"}]}, {"Node Type": "Index Only Scan", "Parent Relationship": "Inner", "Scan Direction": "Forward", "Index Name": "company_type_pkey", "Relation Name": "company_type", "Alias": "ct", "Startup Cost": 0.0, "Total Cost": 0.27, "Plan Rows": 1, "Plan Width": 4, "Index Cond": "(id = mc.company_type_id)"}]}]}, "Unique SQL Id": 2933943827, "Planner Runtime": 22}, "explain_analyze_plan": {"Plan": {"Node Type": "Aggregate", "Strategy": "Plain", "Startup Cost": 19914.67, "Total Cost": 19914.68, "Plan Rows": 1, "Plan Width": 97, "Actual Startup Time": 808.796, "Actual Total Time": 808.796, "Actual Rows": 1, "Actual Loops": 1, "Plans": [{"Node Type": "Nested Loop", "Parent Relationship": "Outer", "Join Type": "Inner", "Startup Cost": 0.0, "Total Cost": 19914.66, "Plan Rows": 2, "Plan Width": 33, "Actual Startup Time": 46.613, "Actual Total Time": 808.693, "Actual Rows": 18, "Actual Loops": 1, "Inner Unique": true, "Plans": [{"Node Type": "Nested Loop", "Parent Relationship": "Outer", "Join Type": "Inner", "Startup Cost": 0.0, "Total Cost": 19914.1, "Plan Rows": 2, "Plan Width": 37, "Actual Startup Time": 9.846, "Actual Total Time": 808.384, "Actual Rows": 104, "Actual Loops": 1, "Inner Unique": true, "Plans": [{"Node Type": "Nested Loop", "Parent Relationship": "Outer", "Join Type": "Inner", "Startup Cost": 0.0, "Total Cost": 19887.22, "Plan Rows": 5, "Plan Width": 25, "Actual Startup Time": 9.831, "Actual Total Time": 807.292, "Actual Rows": 112, "Actual Loops": 1, "Inner Unique": true, "Plans": [{"Node Type": "Nested Loop", "Parent Relationship": "Outer", "Join Type": "Inner", "Startup Cost": 0.0, "Total Cost": 19885.12, "Plan Rows": 6, "Plan Width": 16, "Actual Startup Time": 0.857, "Actual Total Time": 805.076, "Actual Rows": 275, "Actual Loops": 1, "Inner Unique": true, "Plans": [{"Node Type": "Nested Loop", "Parent Relationship": "Outer", "Join Type": "Inner", "Startup Cost": 0.0, "Total Cost": 19865.87, "Plan Rows": 68, "Plan Width": 20, "Actual Startup Time": 0.85, "Actual Total Time": 803.294, "Actual Rows": 377, "Actual Loops": 1, "Inner Unique": false, "Plans": [{"Node Type": "Nested Loop", "Parent Relationship": "Outer", "Join Type": "Inner", "Startup Cost": 0.0, "Total Cost": 16121.55, "Plan Rows": 3779, "Plan Width": 8, "Actual Startup Time": 0.071, "Actual Total Time": 107.929, "Actual Rows": 8790, "Actual Loops": 1, "Inner Unique": false, "Plans": [{"Node Type": "Seq Scan", "Parent Relationship": "Outer", "Relation Name": "company_name", "Alias": "cn", "Startup Cost": 0.0, "Total Cost": 5903.45, "Plan Rows": 251, "Plan Width": 4, "Actual Startup Time": 0.048, "Actual Total Time": 83.099, "Actual Rows": 1361, "Actual Loops": 1, "Filter": "((country_code)::text = '[ru]'::text)", "Rows Removed by Filter": 233635}, {"Node Type": "Index Scan", "Parent Relationship": "Inner", "Scan Direction": "Forward", "Index Name": "company_id_movie_companies", "Relation Name": "movie_companies", "Alias": "mc", "Startup Cost": 0.0, "Total Cost": 40.56, "Plan Rows": 15, "Plan Width": 12, "Actual Startup Time": 8.979, "Actual Total Time": 21.581, "Actual Rows": 8790, "Actual Loops": 1361, "Index Cond": "(company_id = cn.id)", "Rows Removed by Index Recheck": 0}]}, {"Node Type": "Index Scan", "Parent Relationship": "Inner", "Scan Direction": "Forward", "Index Name": "movie_id_cast_info", "Relation Name": "cast_info", "Alias": "ci", "Startup Cost": 0.0, "Total Cost": 0.98, "Plan Rows": 1, "Plan Width": 12, "Actual Startup Time": 650.013, "Actual Total Time": 689.859, "Actual Rows": 377, "Actual Loops": 8790, "Index Cond": "(movie_id = mc.movie_id)", "Rows Removed by Index Recheck": 0, "Filter": "(((note)::text ~~ '%(voice)%'::text) AND ((note)::text ~~ '%(uncredited)%'::text))", "Rows Removed by Filter": 408168}]}, {"Node Type": "Index Scan", "Parent Relationship": "Inner", "Scan Direction": "Forward", "Index Name": "role_type_pkey", "Relation Name": "role_type", "Alias": "rt", "Startup Cost": 0.0, "Total Cost": 0.27, "Plan Rows": 1, "Plan Width": 4, "Actual Startup Time": 1.167, "Actual Total Time": 1.167, "Actual Rows": 275, "Actual Loops": 377, "Index Cond": "(id = ci.role_id)", "Rows Removed by Index Recheck": 0, "Filter": "((role)::text = 'actor'::text)", "Rows Removed by Filter": 102}]}, {"Node Type": "Index Scan", "Parent Relationship": "Inner", "Scan Direction": "Forward", "Index Name": "title_pkey", "Relation Name": "title", "Alias": "t", "Startup Cost": 0.0, "Total Cost": 0.34, "Plan Rows": 1, "Plan Width": 21, "Actual Startup Time": 1.802, "Actual Total Time": 1.802, "Actual Rows": 112, "Actual Loops": 275, "Index Cond": "(id = mc.movie_id)", "Rows Removed by Index Recheck": 0, "Filter": "(production_year > 2005)", "Rows Removed by Filter": 163}]}, {"Node Type": "Index Scan", "Parent Relationship": "Inner", "Scan Direction": "Forward", "Index Name": "char_name_pkey", "Relation Name": "char_name", "Alias": "chn", "Startup Cost": 0.0, "Total Cost": 5.37, "Plan Rows": 1, "Plan Width": 20, "Actual Startup Time": 0.853, "Actual Total Time": 0.853, "Actual Rows": 104, "Actual Loops": 112, "Index Cond": "(id = ci.person_role_id)", "Rows Removed by Index Recheck": 0}]}, {"Node Type": "Index Only Scan", "Parent Relationship": "Inner", "Scan Direction": "Forward", "Index Name": "company_type_pkey", "Relation Name": "company_type", "Alias": "ct", "Startup Cost": 0.0, "Total Cost": 0.27, "Plan Rows": 1, "Plan Width": 4, "Actual Startup Time": 0.154, "Actual Total Time": 0.154, "Actual Rows": 18, "Actual Loops": 104, "Index Cond": "(id = mc.company_type_id)", "Rows Removed by Index Recheck": 0, "Heap Fetches": 0}]}]}, "Triggers": [], "Planner Runtime": 14, "Total Runtime": 809.266, "Unique SQL Id": 2933943827}}, "(64, 65)": {"explain_plan": {"Plan": {"Node Type": "Aggregate", "Strategy": "Plain", "Startup Cost": 22693.96, "Total Cost": 22693.97, "Plan Rows": 1, "Plan Width": 97, "Plans": [{"Node Type": "Nested Loop", "Parent Relationship": "Outer", "Join Type": "Inner", "Startup Cost": 2779.29, "Total Cost": 22693.95, "Plan Rows": 2, "Plan Width": 33, "Inner Unique": true, "Plans": [{"Node Type": "Nested Loop", "Parent Relationship": "Outer", "Join Type": "Inner", "Startup Cost": 2779.29, "Total Cost": 22693.39, "Plan Rows": 2, "Plan Width": 37, "Inner Unique": true, "Plans": [{"Node Type": "Nested Loop", "Parent Relationship": "Outer", "Join Type": "Inner", "Startup Cost": 2779.29, "Total Cost": 22666.51, "Plan Rows": 5, "Plan Width": 25, "Inner Unique": true, "Plans": [{"Node Type": "Nested Loop", "Parent Relationship": "Outer", "Join Type": "Inner", "Startup Cost": 2779.29, "Total Cost": 22664.41, "Plan Rows": 6, "Plan Width": 16, "Inner Unique": true, "Plans": [{"Node Type": "Nested Loop", "Parent Relationship": "Outer", "Join Type": "Inner", "Startup Cost": 2779.29, "Total Cost": 22645.16, "Plan Rows": 68, "Plan Width": 20, "Inner Unique": false, "Plans": [{"Node Type": "Nested Loop", "Parent Relationship": "Outer", "Join Type": "Inner", "Startup Cost": 2779.29, "Total Cost": 18900.84, "Plan Rows": 3779, "Plan Width": 8, "Inner Unique": false, "Plans": [{"Node Type": "Bitmap Heap Scan", "Parent Relationship": "Outer", "Relation Name": "company_name", "Alias": "cn", "Startup Cost": 2779.29, "Total Cost": 8682.74, "Plan Rows": 251, "Plan Width": 4, "Filter": "((country_code)::text = '[ru]'::text)", "Plans": [{"Node Type": "Bitmap Index Scan", "Parent Relationship": "Outer", "Index Name": "company_name_pkey", "Startup Cost": 0.0, "Total Cost": 2779.23, "Plan Rows": 234996, "Plan Width": 0}]}, {"Node Type": "Index Scan", "Parent Relationship": "Inner", "Scan Direction": "Forward", "Index Name": "company_id_movie_companies", "Relation Name": "movie_companies", "Alias": "mc", "Startup Cost": 0.0, "Total Cost": 40.56, "Plan Rows": 15, "Plan Width": 12, "Index Cond": "(company_id = cn.id)"}]}, {"Node Type": "Index Scan", "Parent Relationship": "Inner", "Scan Direction": "Forward", "Index Name": "movie_id_cast_info", "Relation Name": "cast_info", "Alias": "ci", "Startup Cost": 0.0, "Total Cost": 0.98, "Plan Rows": 1, "Plan Width": 12, "Index Cond": "(movie_id = mc.movie_id)", "Filter": "(((note)::text ~~ '%(voice)%'::text) AND ((note)::text ~~ '%(uncredited)%'::text))"}]}, {"Node Type": "Index Scan", "Parent Relationship": "Inner", "Scan Direction": "Forward", "Index Name": "role_type_pkey", "Relation Name": "role_type", "Alias": "rt", "Startup Cost": 0.0, "Total Cost": 0.27, "Plan Rows": 1, "Plan Width": 4, "Index Cond": "(id = ci.role_id)", "Filter": "((role)::text = 'actor'::text)"}]}, {"Node Type": "Index Scan", "Parent Relationship": "Inner", "Scan Direction": "Forward", "Index Name": "title_pkey", "Relation Name": "title", "Alias": "t", "Startup Cost": 0.0, "Total Cost": 0.34, "Plan Rows": 1, "Plan Width": 21, "Index Cond": "(id = mc.movie_id)", "Filter": "(production_year > 2005)"}]}, {"Node Type": "Index Scan", "Parent Relationship": "Inner", "Scan Direction": "Forward", "Index Name": "char_name_pkey", "Relation Name": "char_name", "Alias": "chn", "Startup Cost": 0.0, "Total Cost": 5.37, "Plan Rows": 1, "Plan Width": 20, "Index Cond": "(id = ci.person_role_id)"}]}, {"Node Type": "Index Only Scan", "Parent Relationship": "Inner", "Scan Direction": "Forward", "Index Name": "company_type_pkey", "Relation Name": "company_type", "Alias": "ct", "Startup Cost": 0.0, "Total Cost": 0.27, "Plan Rows": 1, "Plan Width": 4, "Index Cond": "(id = mc.company_type_id)"}]}]}, "Unique SQL Id": 2933943827, "Planner Runtime": 17}, "explain_analyze_plan": {"Plan": {"Node Type": "Aggregate", "Strategy": "Plain", "Startup Cost": 22693.96, "Total Cost": 22693.97, "Plan Rows": 1, "Plan Width": 97, "Actual Startup Time": 872.014, "Actual Total Time": 872.015, "Actual Rows": 1, "Actual Loops": 1, "Plans": [{"Node Type": "Nested Loop", "Parent Relationship": "Outer", "Join Type": "Inner", "Startup Cost": 2779.29, "Total Cost": 22693.95, "Plan Rows": 2, "Plan Width": 33, "Actual Startup Time": 69.664, "Actual Total Time": 871.915, "Actual Rows": 18, "Actual Loops": 1, "Inner Unique": true, "Plans": [{"Node Type": "Nested Loop", "Parent Relationship": "Outer", "Join Type": "Inner", "Startup Cost": 2779.29, "Total Cost": 22693.39, "Plan Rows": 2, "Plan Width": 37, "Actual Startup Time": 31.449, "Actual Total Time": 871.619, "Actual Rows": 104, "Actual Loops": 1, "Inner Unique": true, "Plans": [{"Node Type": "Nested Loop", "Parent Relationship": "Outer", "Join Type": "Inner", "Startup Cost": 2779.29, "Total Cost": 22666.51, "Plan Rows": 5, "Plan Width": 25, "Actual Startup Time": 31.434, "Actual Total Time": 870.574, "Actual Rows": 112, "Actual Loops": 1, "Inner Unique": true, "Plans": [{"Node Type": "Nested Loop", "Parent Relationship": "Outer", "Join Type": "Inner", "Startup Cost": 2779.29, "Total Cost": 22664.41, "Plan Rows": 6, "Plan Width": 16, "Actual Startup Time": 21.877, "Actual Total Time": 868.348, "Actual Rows": 275, "Actual Loops": 1, "Inner Unique": true, "Plans": [{"Node Type": "Nested Loop", "Parent Relationship": "Outer", "Join Type": "Inner", "Startup Cost": 2779.29, "Total Cost": 22645.16, "Plan Rows": 68, "Plan Width": 20, "Actual Startup Time": 21.865, "Actual Total Time": 866.574, "Actual Rows": 377, "Actual Loops": 1, "Inner Unique": false, "Plans": [{"Node Type": "Nested Loop", "Parent Relationship": "Outer", "Join Type": "Inner", "Startup Cost": 2779.29, "Total Cost": 18900.84, "Plan Rows": 3779, "Plan Width": 8, "Actual Startup Time": 20.904, "Actual Total Time": 175.012, "Actual Rows": 8790, "Actual Loops": 1, "Inner Unique": false, "Plans": [{"Node Type": "Bitmap Heap Scan", "Parent Relationship": "Outer", "Relation Name": "company_name", "Alias": "cn", "Startup Cost": 2779.29, "Total Cost": 8682.74, "Plan Rows": 251, "Plan Width": 4, "Actual Startup Time": 20.873, "Actual Total Time": 150.623, "Actual Rows": 1361, "Actual Loops": 1, "Filter": "((country_code)::text = '[ru]'::text)", "Rows Removed by Filter": 233635, "Exact Heap Blocks": 2966, "Lossy Heap Blocks": 2966, "Plans": [{"Node Type": "Bitmap Index Scan", "Parent Relationship": "Outer", "Index Name": "company_name_pkey", "Startup Cost": 0.0, "Total Cost": 2779.23, "Plan Rows": 234996, "Plan Width": 0, "Actual Startup Time": 20.378, "Actual Total Time": 20.378, "Actual Rows": 234996, "Actual Loops": 1}]}, {"Node Type": "Index Scan", "Parent Relationship": "Inner", "Scan Direction": "Forward", "Index Name": "company_id_movie_companies", "Relation Name": "movie_companies", "Alias": "mc", "Startup Cost": 0.0, "Total Cost": 40.56, "Plan Rows": 15, "Plan Width": 12, "Actual Startup Time": 8.634, "Actual Total Time": 21.16, "Actual Rows": 8790, "Actual Loops": 1361, "Index Cond": "(company_id = cn.id)", "Rows Removed by Index Recheck": 0}]}, {"Node Type": "Index Scan", "Parent Relationship": "Inner", "Scan Direction": "Forward", "Index Name": "movie_id_cast_info", "Relation Name": "cast_info", "Alias": "ci", "Startup Cost": 0.0, "Total Cost": 0.98, "Plan Rows": 1, "Plan Width": 12, "Actual Startup Time": 646.3, "Actual Total Time": 685.84, "Actual Rows": 377, "Actual Loops": 8790, "Index Cond": "(movie_id = mc.movie_id)", "Rows Removed by Index Recheck": 0, "Filter": "(((note)::text ~~ '%(voice)%'::text) AND ((note)::text ~~ '%(uncredited)%'::text))", "Rows Removed by Filter": 408168}]}, {"Node Type": "Index Scan", "Parent Relationship": "Inner", "Scan Direction": "Forward", "Index Name": "role_type_pkey", "Relation Name": "role_type", "Alias": "rt", "Startup Cost": 0.0, "Total Cost": 0.27, "Plan Rows": 1, "Plan Width": 4, "Actual Startup Time": 1.208, "Actual Total Time": 1.208, "Actual Rows": 275, "Actual Loops": 377, "Index Cond": "(id = ci.role_id)", "Rows Removed by Index Recheck": 0, "Filter": "((role)::text = 'actor'::text)", "Rows Removed by Filter": 102}]}, {"Node Type": "Index Scan", "Parent Relationship": "Inner", "Scan Direction": "Forward", "Index Name": "title_pkey", "Relation Name": "title", "Alias": "t", "Startup Cost": 0.0, "Total Cost": 0.34, "Plan Rows": 1, "Plan Width": 21, "Actual Startup Time": 1.812, "Actual Total Time": 1.812, "Actual Rows": 112, "Actual Loops": 275, "Index Cond": "(id = mc.movie_id)", "Rows Removed by Index Recheck": 0, "Filter": "(production_year > 2005)", "Rows Removed by Filter": 163}]}, {"Node Type": "Index Scan", "Parent Relationship": "Inner", "Scan Direction": "Forward", "Index Name": "char_name_pkey", "Relation Name": "char_name", "Alias": "chn", "Startup Cost": 0.0, "Total Cost": 5.37, "Plan Rows": 1, "Plan Width": 20, "Actual Startup Time": 0.807, "Actual Total Time": 0.807, "Actual Rows": 104, "Actual Loops": 112, "Index Cond": "(id = ci.person_role_id)", "Rows Removed by Index Recheck": 0}]}, {"Node Type": "Index Only Scan", "Parent Relationship": "Inner", "Scan Direction": "Forward", "Index Name": "company_type_pkey", "Relation Name": "company_type", "Alias": "ct", "Startup Cost": 0.0, "Total Cost": 0.27, "Plan Rows": 1, "Plan Width": 4, "Actual Startup Time": 0.163, "Actual Total Time": 0.163, "Actual Rows": 18, "Actual Loops": 104, "Index Cond": "(id = mc.company_type_id)", "Rows Removed by Index Recheck": 0, "Heap Fetches": 0}]}]}, "Triggers": [], "Planner Runtime": 9, "Total Runtime": 872.404, "Unique SQL Id": 2933943827}}, "(64, 66)": {"explain_plan": {"Plan": {"Node Type": "Aggregate", "Strategy": "Plain", "Startup Cost": 38349.31, "Total Cost": 38349.32, "Plan Rows": 1, "Plan Width": 97, "Plans": [{"Node Type": "Nested Loop", "Parent Relationship": "Outer", "Join Type": "Inner", "Startup Cost": 8.82, "Total Cost": 38349.3, "Plan Rows": 2, "Plan Width": 33, "Inner Unique": true, "Plans": [{"Node Type": "Nested Loop", "Parent Relationship": "Outer", "Join Type": "Inner", "Startup Cost": 8.56, "Total Cost": 38340.74, "Plan Rows": 2, "Plan Width": 37, "Inner Unique": true, "Plans": [{"Node Type": "Nested Loop", "Parent Relationship": "Outer", "Join Type": "Inner", "Startup Cost": 8.29, "Total Cost": 38327.85, "Plan Rows": 3, "Plan Width": 28, "Inner Unique": true, "Plans": [{"Node Type": "Hash Join", "Parent Relationship": "Outer", "Join Type": "Inner", "Startup Cost": 5.99, "Total Cost": 38289.92, "Plan Rows": 6, "Plan Width": 16, "Inner Unique": true, "Hash Cond": "(ci.role_id = rt.id)", "Plans": [{"Node Type": "Nested Loop", "Parent Relationship": "Outer", "Join Type": "Inner", "Startup Cost": 4.83, "Total Cost": 38288.52, "Plan Rows": 68, "Plan Width": 20, "Inner Unique": false, "Plans": [{"Node Type": "Nested Loop", "Parent Relationship": "Outer", "Join Type": "Inner", "Startup Cost": 4.32, "Total Cost": 20813.55, "Plan Rows": 3779, "Plan Width": 8, "Inner Unique": false, "Plans": [{"Node Type": "Seq Scan", "Parent Relationship": "Outer", "Relation Name": "company_name", "Alias": "cn", "Startup Cost": 0.0, "Total Cost": 5903.45, "Plan Rows": 251, "Plan Width": 4, "Filter": "((country_code)::text = '[ru]'::text)"}, {"Node Type": "Bitmap Heap Scan", "Parent Relationship": "Inner", "Relation Name": "movie_companies", "Alias": "mc", "Startup Cost": 4.32, "Total Cost": 59.25, "Plan Rows": 15, "Plan Width": 12, "Recheck Cond": "(company_id = cn.id)", "Plans": [{"Node Type": "Bitmap Index Scan", "Parent Relationship": "Outer", "Index Name": "company_id_movie_companies", "Startup Cost": 0.0, "Total Cost": 4.31, "Plan Rows": 15, "Plan Width": 0, "Index Cond": "(company_id = cn.id)"}]}]}, {"Node Type": "Bitmap Heap Scan", "Parent Relationship": "Inner", "Relation Name": "cast_info", "Alias": "ci", "Startup Cost": 0.51, "Total Cost": 4.61, "Plan Rows": 1, "Plan Width": 12, "Recheck Cond": "(movie_id = mc.movie_id)", "Filter": "(((note)::text ~~ '%(voice)%'::text) AND ((note)::text ~~ '%(uncredited)%'::text))", "Plans": [{"Node Type": "Bitmap Index Scan", "Parent Relationship": "Outer", "Index Name": "movie_id_cast_info", "Startup Cost": 0.0, "Total Cost": 0.51, "Plan Rows": 6, "Plan Width": 0, "Index Cond": "(movie_id = mc.movie_id)"}]}]}, {"Node Type": "Hash", "Parent Relationship": "Inner", "Startup Cost": 1.15, "Total Cost": 1.15, "Plan Rows": 1, "Plan Width": 4, "Plans": [{"Node Type": "Seq Scan", "Parent Relationship": "Outer", "Relation Name": "role_type", "Alias": "rt", "Startup Cost": 0.0, "Total Cost": 1.15, "Plan Rows": 1, "Plan Width": 4, "Filter": "((role)::text = 'actor'::text)"}]}]}, {"Node Type": "Bitmap Heap Scan", "Parent Relationship": "Inner", "Relation Name": "char_name", "Alias": "chn", "Startup Cost": 2.3, "Total Cost": 6.31, "Plan Rows": 1, "Plan Width": 20, "Recheck Cond": "(id = ci.person_role_id)", "Plans": [{"Node Type": "Bitmap Index Scan", "Parent Relationship": "Outer", "Index Name": "char_name_pkey", "Startup Cost": 0.0, "Total Cost": 2.3, "Plan Rows": 1, "Plan Width": 0, "Index Cond": "(id = ci.person_role_id)"}]}]}, {"Node Type": "Bitmap Heap Scan", "Parent Relationship": "Inner", "Relation Name": "title", "Alias": "t", "Startup Cost": 0.27, "Total Cost": 4.29, "Plan Rows": 1, "Plan Width": 21, "Recheck Cond": "(id = mc.movie_id)", "Filter": "(production_year > 2005)", "Plans": [{"Node Type": "Bitmap Index Scan", "Parent Relationship": "Outer", "Index Name": "title_pkey", "Startup Cost": 0.0, "Total Cost": 0.27, "Plan Rows": 1, "Plan Width": 0, "Index Cond": "(id = mc.movie_id)"}]}]}, {"Node Type": "Bitmap Heap Scan", "Parent Relationship": "Inner", "Relation Name": "company_type", "Alias": "ct", "Startup Cost": 0.26, "Total Cost": 4.27, "Plan Rows": 1, "Plan Width": 4, "Recheck Cond": "(id = mc.company_type_id)", "Plans": [{"Node Type": "Bitmap Index Scan", "Parent Relationship": "Outer", "Index Name": "company_type_pkey", "Startup Cost": 0.0, "Total Cost": 0.26, "Plan Rows": 1, "Plan Width": 0, "Index Cond": "(id = mc.company_type_id)"}]}]}]}, "Unique SQL Id": 2933943827, "Planner Runtime": 31}, "explain_analyze_plan": {"Plan": {"Node Type": "Aggregate", "Strategy": "Plain", "Startup Cost": 38349.31, "Total Cost": 38349.32, "Plan Rows": 1, "Plan Width": 97, "Actual Startup Time": 1003.048, "Actual Total Time": 1003.048, "Actual Rows": 1, "Actual Loops": 1, "Plans": [{"Node Type": "Nested Loop", "Parent Relationship": "Outer", "Join Type": "Inner", "Startup Cost": 8.82, "Total Cost": 38349.3, "Plan Rows": 2, "Plan Width": 33, "Actual Startup Time": 59.435, "Actual Total Time": 1002.93, "Actual Rows": 18, "Actual Loops": 1, "Inner Unique": true, "Plans": [{"Node Type": "Nested Loop", "Parent Relationship": "Outer", "Join Type": "Inner", "Startup Cost": 8.56, "Total Cost": 38340.74, "Plan Rows": 2, "Plan Width": 37, "Actual Startup Time": 12.309, "Actual Total Time": 1002.449, "Actual Rows": 104, "Actual Loops": 1, "Inner Unique": true, "Plans": [{"Node Type": "Nested Loop", "Parent Relationship": "Outer", "Join Type": "Inner", "Startup Cost": 8.29, "Total Cost": 38327.85, "Plan Rows": 3, "Plan Width": 28, "Actual Startup Time": 1.109, "Actual Total Time": 999.882, "Actual Rows": 265, "Actual Loops": 1, "Inner Unique": true, "Plans": [{"Node Type": "Hash Join", "Parent Relationship": "Outer", "Join Type": "Inner", "Startup Cost": 5.99, "Total Cost": 38289.92, "Plan Rows": 6, "Plan Width": 16, "Actual Startup Time": 1.097, "Actual Total Time": 996.615, "Actual Rows": 275, "Actual Loops": 1, "Inner Unique": true, "Hash Cond": "(ci.role_id = rt.id)", "Plans": [{"Node Type": "Nested Loop", "Parent Relationship": "Outer", "Join Type": "Inner", "Startup Cost": 4.83, "Total Cost": 38288.52, "Plan Rows": 68, "Plan Width": 20, "Actual Startup Time": 1.0, "Actual Total Time": 995.957, "Actual Rows": 377, "Actual Loops": 1, "Inner Unique": false, "Plans": [{"Node Type": "Nested Loop", "Parent Relationship": "Outer", "Join Type": "Inner", "Startup Cost": 4.32, "Total Cost": 20813.55, "Plan Rows": 3779, "Plan Width": 8, "Actual Startup Time": 0.072, "Actual Total Time": 115.462, "Actual Rows": 8790, "Actual Loops": 1, "Inner Unique": false, "Plans": [{"Node Type": "Seq Scan", "Parent Relationship": "Outer", "Relation Name": "company_name", "Alias": "cn", "Startup Cost": 0.0, "Total Cost": 5903.45, "Plan Rows": 251, "Plan Width": 4, "Actual Startup Time": 0.036, "Actual Total Time": 83.421, "Actual Rows": 1361, "Actual Loops": 1, "Filter": "((country_code)::text = '[ru]'::text)", "Rows Removed by Filter": 233635}, {"Node Type": "Bitmap Heap Scan", "Parent Relationship": "Inner", "Relation Name": "movie_companies", "Alias": "mc", "Startup Cost": 4.32, "Total Cost": 59.25, "Plan Rows": 15, "Plan Width": 12, "Actual Startup Time": 13.028, "Actual Total Time": 27.312, "Actual Rows": 8790, "Actual Loops": 1361, "Recheck Cond": "(company_id = cn.id)", "Rows Removed by Index Recheck": 0, "Exact Heap Blocks": 7155, "Lossy Heap Blocks": 7155, "Plans": [{"Node Type": "Bitmap Index Scan", "Parent Relationship": "Outer", "Index Name": "company_id_movie_companies", "Startup Cost": 0.0, "Total Cost": 4.31, "Plan Rows": 15, "Plan Width": 0, "Actual Startup Time": 7.93, "Actual Total Time": 7.93, "Actual Rows": 8790, "Actual Loops": 1361, "Index Cond": "(company_id = cn.id)"}]}]}, {"Node Type": "Bitmap Heap Scan", "Parent Relationship": "Inner", "Relation Name": "cast_info", "Alias": "ci", "Startup Cost": 0.51, "Total Cost": 4.61, "Plan Rows": 1, "Plan Width": 12, "Actual Startup Time": 819.614, "Actual Total Time": 864.073, "Actual Rows": 377, "Actual Loops": 8790, "Recheck Cond": "(movie_id = mc.movie_id)", "Rows Removed by Index Recheck": 0, "Filter": "(((note)::text ~~ '%(voice)%'::text) AND ((note)::text ~~ '%(uncredited)%'::text))", "Rows Removed by Filter": 408168, "Exact Heap Blocks": 397651, "Lossy Heap Blocks": 397651, "Plans": [{"Node Type": "Bitmap Index Scan", "Parent Relationship": "Outer", "Index Name": "movie_id_cast_info", "Startup Cost": 0.0, "Total Cost": 0.51, "Plan Rows": 6, "Plan Width": 0, "Actual Startup Time": 119.371, "Actual Total Time": 119.371, "Actual Rows": 408545, "Actual Loops": 8790, "Index Cond": "(movie_id = mc.movie_id)"}]}]}, {"Node Type": "Hash", "Parent Relationship": "Inner", "Startup Cost": 1.15, "Total Cost": 1.15, "Plan Rows": 1, "Plan Width": 4, "Actual Startup Time": 0.044, "Actual Total Time": 0.044, "Actual Rows": 1, "Actual Loops": 1, "Hash Buckets": 32768, "Hash Batches": 1, "Original Hash Batches": 1, "Peak Memory Usage": 1, "Plans": [{"Node Type": "Seq Scan", "Parent Relationship": "Outer", "Relation Name": "role_type", "Alias": "rt", "Startup Cost": 0.0, "Total Cost": 1.15, "Plan Rows": 1, "Plan Width": 4, "Actual Startup Time": 0.026, "Actual Total Time": 0.031, "Actual Rows": 1, "Actual Loops": 1, "Filter": "((role)::text = 'actor'::text)", "Rows Removed by Filter": 11}]}]}, {"Node Type": "Bitmap Heap Scan", "Parent Relationship": "Inner", "Relation Name": "char_name", "Alias": "chn", "Startup Cost": 2.3, "Total Cost": 6.31, "Plan Rows": 1, "Plan Width": 20, "Actual Startup Time": 2.461, "Actual Total Time": 2.461, "Actual Rows": 265, "Actual Loops": 275, "Recheck Cond": "(id = ci.person_role_id)", "Rows Removed by Index Recheck": 0, "Exact Heap Blocks": 265, "Lossy Heap Blocks": 265, "Plans": [{"Node Type": "Bitmap Index Scan", "Parent Relationship": "Outer", "Index Name": "char_name_pkey", "Startup Cost": 0.0, "Total Cost": 2.3, "Plan Rows": 1, "Plan Width": 0, "Actual Startup Time": 1.608, "Actual Total Time": 1.608, "Actual Rows": 265, "Actual Loops": 275, "Index Cond": "(id = ci.person_role_id)"}]}]}, {"Node Type": "Bitmap Heap Scan", "Parent Relationship": "Inner", "Relation Name": "title", "Alias": "t", "Startup Cost": 0.27, "Total Cost": 4.29, "Plan Rows": 1, "Plan Width": 21, "Actual Startup Time": 1.973, "Actual Total Time": 1.973, "Actual Rows": 104, "Actual Loops": 265, "Recheck Cond": "(id = mc.movie_id)", "Rows Removed by Index Recheck": 0, "Filter": "(production_year > 2005)", "Rows Removed by Filter": 161, "Exact Heap Blocks": 265, "Lossy Heap Blocks": 265, "Plans": [{"Node Type": "Bitmap Index Scan", "Parent Relationship": "Outer", "Index Name": "title_pkey", "Startup Cost": 0.0, "Total Cost": 0.27, "Plan Rows": 1, "Plan Width": 0, "Actual Startup Time": 1.162, "Actual Total Time": 1.162, "Actual Rows": 265, "Actual Loops": 265, "Index Cond": "(id = mc.movie_id)"}]}]}, {"Node Type": "Bitmap Heap Scan", "Parent Relationship": "Inner", "Relation Name": "company_type", "Alias": "ct", "Startup Cost": 0.26, "Total Cost": 4.27, "Plan Rows": 1, "Plan Width": 4, "Actual Startup Time": 0.255, "Actual Total Time": 0.255, "Actual Rows": 18, "Actual Loops": 104, "Recheck Cond": "(id = mc.company_type_id)", "Rows Removed by Index Recheck": 0, "Exact Heap Blocks": 18, "Lossy Heap Blocks": 18, "Plans": [{"Node Type": "Bitmap Index Scan", "Parent Relationship": "Outer", "Index Name": "company_type_pkey", "Startup Cost": 0.0, "Total Cost": 0.26, "Plan Rows": 1, "Plan Width": 0, "Actual Startup Time": 0.142, "Actual Total Time": 0.142, "Actual Rows": 18, "Actual Loops": 104, "Index Cond": "(id = mc.company_type_id)"}]}]}]}, "Triggers": [], "Planner Runtime": 23, "Total Runtime": 1003.435, "Unique SQL Id": 2933943827}}, "(64, 67)": {"explain_plan": {"Plan": {"Node Type": "Aggregate", "Strategy": "Plain", "Startup Cost": 41418.46, "Total Cost": 41418.47, "Plan Rows": 1, "Plan Width": 97, "Plans": [{"Node Type": "Nested Loop", "Parent Relationship": "Outer", "Join Type": "Inner", "Startup Cost": 2787.21, "Total Cost": 41418.45, "Plan Rows": 2, "Plan Width": 33, "Inner Unique": true, "Plans": [{"Node Type": "Nested Loop", "Parent Relationship": "Outer", "Join Type": "Inner", "Startup Cost": 2786.95, "Total Cost": 41409.89, "Plan Rows": 2, "Plan Width": 37, "Inner Unique": true, "Plans": [{"Node Type": "Nested Loop", "Parent Relationship": "Outer", "Join Type": "Inner", "Startup Cost": 2786.68, "Total Cost": 41397.0, "Plan Rows": 3, "Plan Width": 28, "Inner Unique": true, "Plans": [{"Node Type": "Nested Loop", "Parent Relationship": "Outer", "Join Type": "Inner", "Startup Cost": 2784.38, "Total Cost": 41359.07, "Plan Rows": 6, "Plan Width": 16, "Inner Unique": true, "Plans": [{"Node Type": "Nested Loop", "Parent Relationship": "Outer", "Join Type": "Inner", "Startup Cost": 2784.12, "Total Cost": 41067.82, "Plan Rows": 68, "Plan Width": 20, "Inner Unique": false, "Plans": [{"Node Type": "Nested Loop", "Parent Relationship": "Outer", "Join Type": "Inner", "Startup Cost": 2783.61, "Total Cost": 23592.84, "Plan Rows": 3779, "Plan Width": 8, "Inner Unique": false, "Plans": [{"Node Type": "Bitmap Heap Scan", "Parent Relationship": "Outer", "Relation Name": "company_name", "Alias": "cn", "Startup Cost": 2779.29, "Total Cost": 8682.74, "Plan Rows": 251, "Plan Width": 4, "Filter": "((country_code)::text = '[ru]'::text)", "Plans": [{"Node Type": "Bitmap Index Scan", "Parent Relationship": "Outer", "Index Name": "company_name_pkey", "Startup Cost": 0.0, "Total Cost": 2779.23, "Plan Rows": 234996, "Plan Width": 0}]}, {"Node Type": "Bitmap Heap Scan", "Parent Relationship": "Inner", "Relation Name": "movie_companies", "Alias": "mc", "Startup Cost": 4.32, "Total Cost": 59.25, "Plan Rows": 15, "Plan Width": 12, "Recheck Cond": "(company_id = cn.id)", "Plans": [{"Node Type": "Bitmap Index Scan", "Parent Relationship": "Outer", "Index Name": "company_id_movie_companies", "Startup Cost": 0.0, "Total Cost": 4.31, "Plan Rows": 15, "Plan Width": 0, "Index Cond": "(company_id = cn.id)"}]}]}, {"Node Type": "Bitmap Heap Scan", "Parent Relationship": "Inner", "Relation Name": "cast_info", "Alias": "ci", "Startup Cost": 0.51, "Total Cost": 4.61, "Plan Rows": 1, "Plan Width": 12, "Recheck Cond": "(movie_id = mc.movie_id)", "Filter": "(((note)::text ~~ '%(voice)%'::text) AND ((note)::text ~~ '%(uncredited)%'::text))", "Plans": [{"Node Type": "Bitmap Index Scan", "Parent Relationship": "Outer", "Index Name": "movie_id_cast_info", "Startup Cost": 0.0, "Total Cost": 0.51, "Plan Rows": 6, "Plan Width": 0, "Index Cond": "(movie_id = mc.movie_id)"}]}]}, {"Node Type": "Bitmap Heap Scan", "Parent Relationship": "Inner", "Relation Name": "role_type", "Alias": "rt", "Startup Cost": 0.26, "Total Cost": 4.27, "Plan Rows": 1, "Plan Width": 4, "Recheck Cond": "(id = ci.role_id)", "Filter": "((role)::text = 'actor'::text)", "Plans": [{"Node Type": "Bitmap Index Scan", "Parent Relationship": "Outer", "Index Name": "role_type_pkey", "Startup Cost": 0.0, "Total Cost": 0.26, "Plan Rows": 1, "Plan Width": 0, "Index Cond": "(id = ci.role_id)"}]}]}, {"Node Type": "Bitmap Heap Scan", "Parent Relationship": "Inner", "Relation Name": "char_name", "Alias": "chn", "Startup Cost": 2.3, "Total Cost": 6.31, "Plan Rows": 1, "Plan Width": 20, "Recheck Cond": "(id = ci.person_role_id)", "Plans": [{"Node Type": "Bitmap Index Scan", "Parent Relationship": "Outer", "Index Name": "char_name_pkey", "Startup Cost": 0.0, "Total Cost": 2.3, "Plan Rows": 1, "Plan Width": 0, "Index Cond": "(id = ci.person_role_id)"}]}]}, {"Node Type": "Bitmap Heap Scan", "Parent Relationship": "Inner", "Relation Name": "title", "Alias": "t", "Startup Cost": 0.27, "Total Cost": 4.29, "Plan Rows": 1, "Plan Width": 21, "Recheck Cond": "(id = mc.movie_id)", "Filter": "(production_year > 2005)", "Plans": [{"Node Type": "Bitmap Index Scan", "Parent Relationship": "Outer", "Index Name": "title_pkey", "Startup Cost": 0.0, "Total Cost": 0.27, "Plan Rows": 1, "Plan Width": 0, "Index Cond": "(id = mc.movie_id)"}]}]}, {"Node Type": "Bitmap Heap Scan", "Parent Relationship": "Inner", "Relation Name": "company_type", "Alias": "ct", "Startup Cost": 0.26, "Total Cost": 4.27, "Plan Rows": 1, "Plan Width": 4, "Recheck Cond": "(id = mc.company_type_id)", "Plans": [{"Node Type": "Bitmap Index Scan", "Parent Relationship": "Outer", "Index Name": "company_type_pkey", "Startup Cost": 0.0, "Total Cost": 0.26, "Plan Rows": 1, "Plan Width": 0, "Index Cond": "(id = mc.company_type_id)"}]}]}]}, "Unique SQL Id": 2933943827, "Planner Runtime": 18}, "explain_analyze_plan": {"Plan": {"Node Type": "Aggregate", "Strategy": "Plain", "Startup Cost": 41418.46, "Total Cost": 41418.47, "Plan Rows": 1, "Plan Width": 97, "Actual Startup Time": 1353.636, "Actual Total Time": 1353.637, "Actual Rows": 1, "Actual Loops": 1, "Plans": [{"Node Type": "Nested Loop", "Parent Relationship": "Outer", "Join Type": "Inner", "Startup Cost": 2787.21, "Total Cost": 41418.45, "Plan Rows": 2, "Plan Width": 33, "Actual Startup Time": 107.21, "Actual Total Time": 1353.521, "Actual Rows": 18, "Actual Loops": 1, "Inner Unique": true, "Plans": [{"Node Type": "Nested Loop", "Parent Relationship": "Outer", "Join Type": "Inner", "Startup Cost": 2786.95, "Total Cost": 41409.89, "Plan Rows": 2, "Plan Width": 37, "Actual Startup Time": 37.769, "Actual Total Time": 1352.989, "Actual Rows": 104, "Actual Loops": 1, "Inner Unique": true, "Plans": [{"Node Type": "Nested Loop", "Parent Relationship": "Outer", "Join Type": "Inner", "Startup Cost": 2786.68, "Total Cost": 41397.0, "Plan Rows": 3, "Plan Width": 28, "Actual Startup Time": 23.05, "Actual Total Time": 1349.829, "Actual Rows": 265, "Actual Loops": 1, "Inner Unique": true, "Plans": [{"Node Type": "Nested Loop", "Parent Relationship": "Outer", "Join Type": "Inner", "Startup Cost": 2784.38, "Total Cost": 41359.07, "Plan Rows": 6, "Plan Width": 16, "Actual Startup Time": 23.037, "Actual Total Time": 1346.368, "Actual Rows": 275, "Actual Loops": 1, "Inner Unique": true, "Plans": [{"Node Type": "Nested Loop", "Parent Relationship": "Outer", "Join Type": "Inner", "Startup Cost": 2784.12, "Total Cost": 41067.82, "Plan Rows": 68, "Plan Width": 20, "Actual Startup Time": 23.026, "Actual Total Time": 1343.783, "Actual Rows": 377, "Actual Loops": 1, "Inner Unique": false, "Plans": [{"Node Type": "Nested Loop", "Parent Relationship": "Outer", "Join Type": "Inner", "Startup Cost": 2783.61, "Total Cost": 23592.84, "Plan Rows": 3779, "Plan Width": 8, "Actual Startup Time": 21.943, "Actual Total Time": 182.966, "Actual Rows": 8790, "Actual Loops": 1, "Inner Unique": false, "Plans": [{"Node Type": "Bitmap Heap Scan", "Parent Relationship": "Outer", "Relation Name": "company_name", "Alias": "cn", "Startup Cost": 2779.29, "Total Cost": 8682.74, "Plan Rows": 251, "Plan Width": 4, "Actual Startup Time": 21.91, "Actual Total Time": 145.563, "Actual Rows": 1361, "Actual Loops": 1, "Filter": "((country_code)::text = '[ru]'::text)", "Rows Removed by Filter": 233635, "Exact Heap Blocks": 2966, "Lossy Heap Blocks": 2966, "Plans": [{"Node Type": "Bitmap Index Scan", "Parent Relationship": "Outer", "Index Name": "company_name_pkey", "Startup Cost": 0.0, "Total Cost": 2779.23, "Plan Rows": 234996, "Plan Width": 0, "Actual Startup Time": 21.441, "Actual Total Time": 21.441, "Actual Rows": 234996, "Actual Loops": 1}]}, {"Node Type": "Bitmap Heap Scan", "Parent Relationship": "Inner", "Relation Name": "movie_companies", "Alias": "mc", "Startup Cost": 4.32, "Total Cost": 59.25, "Plan Rows": 15, "Plan Width": 12, "Actual Startup Time": 15.259, "Actual Total Time": 32.516, "Actual Rows": 8790, "Actual Loops": 1361, "Recheck Cond": "(company_id = cn.id)", "Rows Removed by Index Recheck": 0, "Exact Heap Blocks": 7155, "Lossy Heap Blocks": 7155, "Plans": [{"Node Type": "Bitmap Index Scan", "Parent Relationship": "Outer", "Index Name": "company_id_movie_companies", "Startup Cost": 0.0, "Total Cost": 4.31, "Plan Rows": 15, "Plan Width": 0, "Actual Startup Time": 9.3, "Actual Total Time": 9.3, "Actual Rows": 8790, "Actual Loops": 1361, "Index Cond": "(company_id = cn.id)"}]}]}, {"Node Type": "Bitmap Heap Scan", "Parent Relationship": "Inner", "Relation Name": "cast_info", "Alias": "ci", "Startup Cost": 0.51, "Total Cost": 4.61, "Plan Rows": 1, "Plan Width": 12, "Actual Startup Time": 1080.605, "Actual Total Time": 1145.055, "Actual Rows": 377, "Actual Loops": 8790, "Recheck Cond": "(movie_id = mc.movie_id)", "Rows Removed by Index Recheck": 0, "Filter": "(((note)::text ~~ '%(voice)%'::text) AND ((note)::text ~~ '%(uncredited)%'::text))", "Rows Removed by Filter": 408168, "Exact Heap Blocks": 397651, "Lossy Heap Blocks": 397651, "Plans": [{"Node Type": "Bitmap Index Scan", "Parent Relationship": "Outer", "Index Name": "movie_id_cast_info", "Startup Cost": 0.0, "Total Cost": 0.51, "Plan Rows": 6, "Plan Width": 0, "Actual Startup Time": 134.176, "Actual Total Time": 134.176, "Actual Rows": 408545, "Actual Loops": 8790, "Index Cond": "(movie_id = mc.movie_id)"}]}]}, {"Node Type": "Bitmap Heap Scan", "Parent Relationship": "Inner", "Relation Name": "role_type", "Alias": "rt", "Startup Cost": 0.26, "Total Cost": 4.27, "Plan Rows": 1, "Plan Width": 4, "Actual Startup Time": 1.653, "Actual Total Time": 1.653, "Actual Rows": 275, "Actual Loops": 377, "Recheck Cond": "(id = ci.role_id)", "Rows Removed by Index Recheck": 0, "Filter": "((role)::text = 'actor'::text)", "Rows Removed by Filter": 102, "Exact Heap Blocks": 377, "Lossy Heap Blocks": 377, "Plans": [{"Node Type": "Bitmap Index Scan", "Parent Relationship": "Outer", "Index Name": "role_type_pkey", "Startup Cost": 0.0, "Total Cost": 0.26, "Plan Rows": 1, "Plan Width": 0, "Actual Startup Time": 0.619, "Actual Total Time": 0.619, "Actual Rows": 377, "Actual Loops": 377, "Index Cond": "(id = ci.role_id)"}]}]}, {"Node Type": "Bitmap Heap Scan", "Parent Relationship": "Inner", "Relation Name": "char_name", "Alias": "chn", "Startup Cost": 2.3, "Total Cost": 6.31, "Plan Rows": 1, "Plan Width": 20, "Actual Startup Time": 2.76, "Actual Total Time": 2.76, "Actual Rows": 265, "Actual Loops": 275, "Recheck Cond": "(id = ci.person_role_id)", "Rows Removed by Index Recheck": 0, "Exact Heap Blocks": 265, "Lossy Heap Blocks": 265, "Plans": [{"Node Type": "Bitmap Index Scan", "Parent Relationship": "Outer", "Index Name": "char_name_pkey", "Startup Cost": 0.0, "Total Cost": 2.3, "Plan Rows": 1, "Plan Width": 0, "Actual Startup Time": 1.81, "Actual Total Time": 1.81, "Actual Rows": 265, "Actual Loops": 275, "Index Cond": "(id = ci.person_role_id)"}]}]}, {"Node Type": "Bitmap Heap Scan", "Parent Relationship": "Inner", "Relation Name": "title", "Alias": "t", "Startup Cost": 0.27, "Total Cost": 4.29, "Plan Rows": 1, "Plan Width": 21, "Actual Startup Time": 2.584, "Actual Total Time": 2.584, "Actual Rows": 104, "Actual Loops": 265, "Recheck Cond": "(id = mc.movie_id)", "Rows Removed by Index Recheck": 0, "Filter": "(production_year > 2005)", "Rows Removed by Filter": 161, "Exact Heap Blocks": 265, "Lossy Heap Blocks": 265, "Plans": [{"Node Type": "Bitmap Index Scan", "Parent Relationship": "Outer", "Index Name": "title_pkey", "Startup Cost": 0.0, "Total Cost": 0.27, "Plan Rows": 1, "Plan Width": 0, "Actual Startup Time": 1.613, "Actual Total Time": 1.613, "Actual Rows": 265, "Actual Loops": 265, "Index Cond": "(id = mc.movie_id)"}]}]}, {"Node Type": "Bitmap Heap Scan", "Parent Relationship": "Inner", "Relation Name": "company_type", "Alias": "ct", "Startup Cost": 0.26, "Total Cost": 4.27, "Plan Rows": 1, "Plan Width": 4, "Actual Startup Time": 0.288, "Actual Total Time": 0.288, "Actual Rows": 18, "Actual Loops": 104, "Recheck Cond": "(id = mc.company_type_id)", "Rows Removed by Index Recheck": 0, "Exact Heap Blocks": 18, "Lossy Heap Blocks": 18, "Plans": [{"Node Type": "Bitmap Index Scan", "Parent Relationship": "Outer", "Index Name": "company_type_pkey", "Startup Cost": 0.0, "Total Cost": 0.26, "Plan Rows": 1, "Plan Width": 0, "Actual Startup Time": 0.156, "Actual Total Time": 0.156, "Actual Rows": 18, "Actual Loops": 104, "Index Cond": "(id = mc.company_type_id)"}]}]}]}, "Triggers": [], "Planner Runtime": 6, "Total Runtime": 1354.082, "Unique SQL Id": 2933943827}}, "(64, 68)": {"explain_plan": {"Plan": {"Node Type": "Aggregate", "Strategy": "Plain", "Startup Cost": 19914.67, "Total Cost": 19914.68, "Plan Rows": 1, "Plan Width": 97, "Plans": [{"Node Type": "Nested Loop", "Parent Relationship": "Outer", "Join Type": "Inner", "Startup Cost": 0.0, "Total Cost": 19914.66, "Plan Rows": 2, "Plan Width": 33, "Inner Unique": true, "Plans": [{"Node Type": "Nested Loop", "Parent Relationship": "Outer", "Join Type": "Inner", "Startup Cost": 0.0, "Total Cost": 19914.1, "Plan Rows": 2, "Plan Width": 37, "Inner Unique": true, "Plans": [{"Node Type": "Nested Loop", "Parent Relationship": "Outer", "Join Type": "Inner", "Startup Cost": 0.0, "Total Cost": 19887.22, "Plan Rows": 5, "Plan Width": 25, "Inner Unique": true, "Plans": [{"Node Type": "Nested Loop", "Parent Relationship": "Outer", "Join Type": "Inner", "Startup Cost": 0.0, "Total Cost": 19885.12, "Plan Rows": 6, "Plan Width": 16, "Inner Unique": true, "Plans": [{"Node Type": "Nested Loop", "Parent Relationship": "Outer", "Join Type": "Inner", "Startup Cost": 0.0, "Total Cost": 19865.87, "Plan Rows": 68, "Plan Width": 20, "Inner Unique": false, "Plans": [{"Node Type": "Nested Loop", "Parent Relationship": "Outer", "Join Type": "Inner", "Startup Cost": 0.0, "Total Cost": 16121.55, "Plan Rows": 3779, "Plan Width": 8, "Inner Unique": false, "Plans": [{"Node Type": "Seq Scan", "Parent Relationship": "Outer", "Relation Name": "company_name", "Alias": "cn", "Startup Cost": 0.0, "Total Cost": 5903.45, "Plan Rows": 251, "Plan Width": 4, "Filter": "((country_code)::text = '[ru]'::text)"}, {"Node Type": "Index Scan", "Parent Relationship": "Inner", "Scan Direction": "Forward", "Index Name": "company_id_movie_companies", "Relation Name": "movie_companies", "Alias": "mc", "Startup Cost": 0.0, "Total Cost": 40.56, "Plan Rows": 15, "Plan Width": 12, "Index Cond": "(company_id = cn.id)"}]}, {"Node Type": "Index Scan", "Parent Relationship": "Inner", "Scan Direction": "Forward", "Index Name": "movie_id_cast_info", "Relation Name": "cast_info", "Alias": "ci", "Startup Cost": 0.0, "Total Cost": 0.98, "Plan Rows": 1, "Plan Width": 12, "Index Cond": "(movie_id = mc.movie_id)", "Filter": "(((note)::text ~~ '%(voice)%'::text) AND ((note)::text ~~ '%(uncredited)%'::text))"}]}, {"Node Type": "Index Scan", "Parent Relationship": "Inner", "Scan Direction": "Forward", "Index Name": "role_type_pkey", "Relation Name": "role_type", "Alias": "rt", "Startup Cost": 0.0, "Total Cost": 0.27, "Plan Rows": 1, "Plan Width": 4, "Index Cond": "(id = ci.role_id)", "Filter": "((role)::text = 'actor'::text)"}]}, {"Node Type": "Index Scan", "Parent Relationship": "Inner", "Scan Direction": "Forward", "Index Name": "title_pkey", "Relation Name": "title", "Alias": "t", "Startup Cost": 0.0, "Total Cost": 0.34, "Plan Rows": 1, "Plan Width": 21, "Index Cond": "(id = mc.movie_id)", "Filter": "(production_year > 2005)"}]}, {"Node Type": "Index Scan", "Parent Relationship": "Inner", "Scan Direction": "Forward", "Index Name": "char_name_pkey", "Relation Name": "char_name", "Alias": "chn", "Startup Cost": 0.0, "Total Cost": 5.37, "Plan Rows": 1, "Plan Width": 20, "Index Cond": "(id = ci.person_role_id)"}]}, {"Node Type": "Index Scan", "Parent Relationship": "Inner", "Scan Direction": "Forward", "Index Name": "company_type_pkey", "Relation Name": "company_type", "Alias": "ct", "Startup Cost": 0.0, "Total Cost": 0.27, "Plan Rows": 1, "Plan Width": 4, "Index Cond": "(id = mc.company_type_id)"}]}]}, "Unique SQL Id": 2933943827, "Planner Runtime": 22}, "explain_analyze_plan": {"Plan": {"Node Type": "Aggregate", "Strategy": "Plain", "Startup Cost": 19914.67, "Total Cost": 19914.68, "Plan Rows": 1, "Plan Width": 97, "Actual Startup Time": 893.035, "Actual Total Time": 893.035, "Actual Rows": 1, "Actual Loops": 1, "Plans": [{"Node Type": "Nested Loop", "Parent Relationship": "Outer", "Join Type": "Inner", "Startup Cost": 0.0, "Total Cost": 19914.66, "Plan Rows": 2, "Plan Width": 33, "Actual Startup Time": 45.837, "Actual Total Time": 892.941, "Actual Rows": 18, "Actual Loops": 1, "Inner Unique": true, "Plans": [{"Node Type": "Nested Loop", "Parent Relationship": "Outer", "Join Type": "Inner", "Startup Cost": 0.0, "Total Cost": 19914.1, "Plan Rows": 2, "Plan Width": 37, "Actual Startup Time": 9.473, "Actual Total Time": 892.647, "Actual Rows": 104, "Actual Loops": 1, "Inner Unique": true, "Plans": [{"Node Type": "Nested Loop", "Parent Relationship": "Outer", "Join Type": "Inner", "Startup Cost": 0.0, "Total Cost": 19887.22, "Plan Rows": 5, "Plan Width": 25, "Actual Startup Time": 9.459, "Actual Total Time": 891.527, "Actual Rows": 112, "Actual Loops": 1, "Inner Unique": true, "Plans": [{"Node Type": "Nested Loop", "Parent Relationship": "Outer", "Join Type": "Inner", "Startup Cost": 0.0, "Total Cost": 19885.12, "Plan Rows": 6, "Plan Width": 16, "Actual Startup Time": 0.838, "Actual Total Time": 889.18, "Actual Rows": 275, "Actual Loops": 1, "Inner Unique": true, "Plans": [{"Node Type": "Nested Loop", "Parent Relationship": "Outer", "Join Type": "Inner", "Startup Cost": 0.0, "Total Cost": 19865.87, "Plan Rows": 68, "Plan Width": 20, "Actual Startup Time": 0.831, "Actual Total Time": 887.497, "Actual Rows": 377, "Actual Loops": 1, "Inner Unique": false, "Plans": [{"Node Type": "Nested Loop", "Parent Relationship": "Outer", "Join Type": "Inner", "Startup Cost": 0.0, "Total Cost": 16121.55, "Plan Rows": 3779, "Plan Width": 8, "Actual Startup Time": 0.073, "Actual Total Time": 109.034, "Actual Rows": 8790, "Actual Loops": 1, "Inner Unique": false, "Plans": [{"Node Type": "Seq Scan", "Parent Relationship": "Outer", "Relation Name": "company_name", "Alias": "cn", "Startup Cost": 0.0, "Total Cost": 5903.45, "Plan Rows": 251, "Plan Width": 4, "Actual Startup Time": 0.05, "Actual Total Time": 82.225, "Actual Rows": 1361, "Actual Loops": 1, "Filter": "((country_code)::text = '[ru]'::text)", "Rows Removed by Filter": 233635}, {"Node Type": "Index Scan", "Parent Relationship": "Inner", "Scan Direction": "Forward", "Index Name": "company_id_movie_companies", "Relation Name": "movie_companies", "Alias": "mc", "Startup Cost": 0.0, "Total Cost": 40.56, "Plan Rows": 15, "Plan Width": 12, "Actual Startup Time": 9.904, "Actual Total Time": 23.489, "Actual Rows": 8790, "Actual Loops": 1361, "Index Cond": "(company_id = cn.id)", "Rows Removed by Index Recheck": 0}]}, {"Node Type": "Index Scan", "Parent Relationship": "Inner", "Scan Direction": "Forward", "Index Name": "movie_id_cast_info", "Relation Name": "cast_info", "Alias": "ci", "Startup Cost": 0.0, "Total Cost": 0.98, "Plan Rows": 1, "Plan Width": 12, "Actual Startup Time": 728.151, "Actual Total Time": 772.927, "Actual Rows": 377, "Actual Loops": 8790, "Index Cond": "(movie_id = mc.movie_id)", "Rows Removed by Index Recheck": 0, "Filter": "(((note)::text ~~ '%(voice)%'::text) AND ((note)::text ~~ '%(uncredited)%'::text))", "Rows Removed by Filter": 408168}]}, {"Node Type": "Index Scan", "Parent Relationship": "Inner", "Scan Direction": "Forward", "Index Name": "role_type_pkey", "Relation Name": "role_type", "Alias": "rt", "Startup Cost": 0.0, "Total Cost": 0.27, "Plan Rows": 1, "Plan Width": 4, "Actual Startup Time": 1.145, "Actual Total Time": 1.145, "Actual Rows": 275, "Actual Loops": 377, "Index Cond": "(id = ci.role_id)", "Rows Removed by Index Recheck": 0, "Filter": "((role)::text = 'actor'::text)", "Rows Removed by Filter": 102}]}, {"Node Type": "Index Scan", "Parent Relationship": "Inner", "Scan Direction": "Forward", "Index Name": "title_pkey", "Relation Name": "title", "Alias": "t", "Startup Cost": 0.0, "Total Cost": 0.34, "Plan Rows": 1, "Plan Width": 21, "Actual Startup Time": 1.979, "Actual Total Time": 1.979, "Actual Rows": 112, "Actual Loops": 275, "Index Cond": "(id = mc.movie_id)", "Rows Removed by Index Recheck": 0, "Filter": "(production_year > 2005)", "Rows Removed by Filter": 163}]}, {"Node Type": "Index Scan", "Parent Relationship": "Inner", "Scan Direction": "Forward", "Index Name": "char_name_pkey", "Relation Name": "char_name", "Alias": "chn", "Startup Cost": 0.0, "Total Cost": 5.37, "Plan Rows": 1, "Plan Width": 20, "Actual Startup Time": 0.885, "Actual Total Time": 0.885, "Actual Rows": 104, "Actual Loops": 112, "Index Cond": "(id = ci.person_role_id)", "Rows Removed by Index Recheck": 0}]}, {"Node Type": "Index Scan", "Parent Relationship": "Inner", "Scan Direction": "Forward", "Index Name": "company_type_pkey", "Relation Name": "company_type", "Alias": "ct", "Startup Cost": 0.0, "Total Cost": 0.27, "Plan Rows": 1, "Plan Width": 4, "Actual Startup Time": 0.155, "Actual Total Time": 0.155, "Actual Rows": 18, "Actual Loops": 104, "Index Cond": "(id = mc.company_type_id)", "Rows Removed by Index Recheck": 0}]}]}, "Triggers": [], "Planner Runtime": 14, "Total Runtime": 893.39, "Unique SQL Id": 2933943827}}, "(64, 69)": {"explain_plan": {"Plan": {"Node Type": "Aggregate", "Strategy": "Plain", "Startup Cost": 22693.96, "Total Cost": 22693.97, "Plan Rows": 1, "Plan Width": 97, "Plans": [{"Node Type": "Nested Loop", "Parent Relationship": "Outer", "Join Type": "Inner", "Startup Cost": 2779.29, "Total Cost": 22693.95, "Plan Rows": 2, "Plan Width": 33, "Inner Unique": true, "Plans": [{"Node Type": "Nested Loop", "Parent Relationship": "Outer", "Join Type": "Inner", "Startup Cost": 2779.29, "Total Cost": 22693.39, "Plan Rows": 2, "Plan Width": 37, "Inner Unique": true, "Plans": [{"Node Type": "Nested Loop", "Parent Relationship": "Outer", "Join Type": "Inner", "Startup Cost": 2779.29, "Total Cost": 22666.51, "Plan Rows": 5, "Plan Width": 25, "Inner Unique": true, "Plans": [{"Node Type": "Nested Loop", "Parent Relationship": "Outer", "Join Type": "Inner", "Startup Cost": 2779.29, "Total Cost": 22664.41, "Plan Rows": 6, "Plan Width": 16, "Inner Unique": true, "Plans": [{"Node Type": "Nested Loop", "Parent Relationship": "Outer", "Join Type": "Inner", "Startup Cost": 2779.29, "Total Cost": 22645.16, "Plan Rows": 68, "Plan Width": 20, "Inner Unique": false, "Plans": [{"Node Type": "Nested Loop", "Parent Relationship": "Outer", "Join Type": "Inner", "Startup Cost": 2779.29, "Total Cost": 18900.84, "Plan Rows": 3779, "Plan Width": 8, "Inner Unique": false, "Plans": [{"Node Type": "Bitmap Heap Scan", "Parent Relationship": "Outer", "Relation Name": "company_name", "Alias": "cn", "Startup Cost": 2779.29, "Total Cost": 8682.74, "Plan Rows": 251, "Plan Width": 4, "Filter": "((country_code)::text = '[ru]'::text)", "Plans": [{"Node Type": "Bitmap Index Scan", "Parent Relationship": "Outer", "Index Name": "company_name_pkey", "Startup Cost": 0.0, "Total Cost": 2779.23, "Plan Rows": 234996, "Plan Width": 0}]}, {"Node Type": "Index Scan", "Parent Relationship": "Inner", "Scan Direction": "Forward", "Index Name": "company_id_movie_companies", "Relation Name": "movie_companies", "Alias": "mc", "Startup Cost": 0.0, "Total Cost": 40.56, "Plan Rows": 15, "Plan Width": 12, "Index Cond": "(company_id = cn.id)"}]}, {"Node Type": "Index Scan", "Parent Relationship": "Inner", "Scan Direction": "Forward", "Index Name": "movie_id_cast_info", "Relation Name": "cast_info", "Alias": "ci", "Startup Cost": 0.0, "Total Cost": 0.98, "Plan Rows": 1, "Plan Width": 12, "Index Cond": "(movie_id = mc.movie_id)", "Filter": "(((note)::text ~~ '%(voice)%'::text) AND ((note)::text ~~ '%(uncredited)%'::text))"}]}, {"Node Type": "Index Scan", "Parent Relationship": "Inner", "Scan Direction": "Forward", "Index Name": "role_type_pkey", "Relation Name": "role_type", "Alias": "rt", "Startup Cost": 0.0, "Total Cost": 0.27, "Plan Rows": 1, "Plan Width": 4, "Index Cond": "(id = ci.role_id)", "Filter": "((role)::text = 'actor'::text)"}]}, {"Node Type": "Index Scan", "Parent Relationship": "Inner", "Scan Direction": "Forward", "Index Name": "title_pkey", "Relation Name": "title", "Alias": "t", "Startup Cost": 0.0, "Total Cost": 0.34, "Plan Rows": 1, "Plan Width": 21, "Index Cond": "(id = mc.movie_id)", "Filter": "(production_year > 2005)"}]}, {"Node Type": "Index Scan", "Parent Relationship": "Inner", "Scan Direction": "Forward", "Index Name": "char_name_pkey", "Relation Name": "char_name", "Alias": "chn", "Startup Cost": 0.0, "Total Cost": 5.37, "Plan Rows": 1, "Plan Width": 20, "Index Cond": "(id = ci.person_role_id)"}]}, {"Node Type": "Index Scan", "Parent Relationship": "Inner", "Scan Direction": "Forward", "Index Name": "company_type_pkey", "Relation Name": "company_type", "Alias": "ct", "Startup Cost": 0.0, "Total Cost": 0.27, "Plan Rows": 1, "Plan Width": 4, "Index Cond": "(id = mc.company_type_id)"}]}]}, "Unique SQL Id": 2933943827, "Planner Runtime": 17}, "explain_analyze_plan": {"Plan": {"Node Type": "Aggregate", "Strategy": "Plain", "Startup Cost": 22693.96, "Total Cost": 22693.97, "Plan Rows": 1, "Plan Width": 97, "Actual Startup Time": 1139.826, "Actual Total Time": 1139.827, "Actual Rows": 1, "Actual Loops": 1, "Plans": [{"Node Type": "Nested Loop", "Parent Relationship": "Outer", "Join Type": "Inner", "Startup Cost": 2779.29, "Total Cost": 22693.95, "Plan Rows": 2, "Plan Width": 33, "Actual Startup Time": 86.067, "Actual Total Time": 1139.732, "Actual Rows": 18, "Actual Loops": 1, "Inner Unique": true, "Plans": [{"Node Type": "Nested Loop", "Parent Relationship": "Outer", "Join Type": "Inner", "Startup Cost": 2779.29, "Total Cost": 22693.39, "Plan Rows": 2, "Plan Width": 37, "Actual Startup Time": 34.843, "Actual Total Time": 1139.393, "Actual Rows": 104, "Actual Loops": 1, "Inner Unique": true, "Plans": [{"Node Type": "Nested Loop", "Parent Relationship": "Outer", "Join Type": "Inner", "Startup Cost": 2779.29, "Total Cost": 22666.51, "Plan Rows": 5, "Plan Width": 25, "Actual Startup Time": 34.829, "Actual Total Time": 1138.099, "Actual Rows": 112, "Actual Loops": 1, "Inner Unique": true, "Plans": [{"Node Type": "Nested Loop", "Parent Relationship": "Outer", "Join Type": "Inner", "Startup Cost": 2779.29, "Total Cost": 22664.41, "Plan Rows": 6, "Plan Width": 16, "Actual Startup Time": 22.793, "Actual Total Time": 1135.284, "Actual Rows": 275, "Actual Loops": 1, "Inner Unique": true, "Plans": [{"Node Type": "Nested Loop", "Parent Relationship": "Outer", "Join Type": "Inner", "Startup Cost": 2779.29, "Total Cost": 22645.16, "Plan Rows": 68, "Plan Width": 20, "Actual Startup Time": 22.786, "Actual Total Time": 1133.659, "Actual Rows": 377, "Actual Loops": 1, "Inner Unique": false, "Plans": [{"Node Type": "Nested Loop", "Parent Relationship": "Outer", "Join Type": "Inner", "Startup Cost": 2779.29, "Total Cost": 18900.84, "Plan Rows": 3779, "Plan Width": 8, "Actual Startup Time": 21.88, "Actual Total Time": 158.833, "Actual Rows": 8790, "Actual Loops": 1, "Inner Unique": false, "Plans": [{"Node Type": "Bitmap Heap Scan", "Parent Relationship": "Outer", "Relation Name": "company_name", "Alias": "cn", "Startup Cost": 2779.29, "Total Cost": 8682.74, "Plan Rows": 251, "Plan Width": 4, "Actual Startup Time": 21.858, "Actual Total Time": 128.295, "Actual Rows": 1361, "Actual Loops": 1, "Filter": "((country_code)::text = '[ru]'::text)", "Rows Removed by Filter": 233635, "Exact Heap Blocks": 2966, "Lossy Heap Blocks": 2966, "Plans": [{"Node Type": "Bitmap Index Scan", "Parent Relationship": "Outer", "Index Name": "company_name_pkey", "Startup Cost": 0.0, "Total Cost": 2779.23, "Plan Rows": 234996, "Plan Width": 0, "Actual Startup Time": 21.385, "Actual Total Time": 21.385, "Actual Rows": 234996, "Actual Loops": 1}]}, {"Node Type": "Index Scan", "Parent Relationship": "Inner", "Scan Direction": "Forward", "Index Name": "company_id_movie_companies", "Relation Name": "movie_companies", "Alias": "mc", "Startup Cost": 0.0, "Total Cost": 40.56, "Plan Rows": 15, "Plan Width": 12, "Actual Startup Time": 11.363, "Actual Total Time": 27.194, "Actual Rows": 8790, "Actual Loops": 1361, "Index Cond": "(company_id = cn.id)", "Rows Removed by Index Recheck": 0}]}, {"Node Type": "Index Scan", "Parent Relationship": "Inner", "Scan Direction": "Forward", "Index Name": "movie_id_cast_info", "Relation Name": "cast_info", "Alias": "ci", "Startup Cost": 0.0, "Total Cost": 0.98, "Plan Rows": 1, "Plan Width": 12, "Actual Startup Time": 911.366, "Actual Total Time": 969.298, "Actual Rows": 377, "Actual Loops": 8790, "Index Cond": "(movie_id = mc.movie_id)", "Rows Removed by Index Recheck": 0, "Filter": "(((note)::text ~~ '%(voice)%'::text) AND ((note)::text ~~ '%(uncredited)%'::text))", "Rows Removed by Filter": 408168}]}, {"Node Type": "Index Scan", "Parent Relationship": "Inner", "Scan Direction": "Forward", "Index Name": "role_type_pkey", "Relation Name": "role_type", "Alias": "rt", "Startup Cost": 0.0, "Total Cost": 0.27, "Plan Rows": 1, "Plan Width": 4, "Actual Startup Time": 1.065, "Actual Total Time": 1.065, "Actual Rows": 275, "Actual Loops": 377, "Index Cond": "(id = ci.role_id)", "Rows Removed by Index Recheck": 0, "Filter": "((role)::text = 'actor'::text)", "Rows Removed by Filter": 102}]}, {"Node Type": "Index Scan", "Parent Relationship": "Inner", "Scan Direction": "Forward", "Index Name": "title_pkey", "Relation Name": "title", "Alias": "t", "Startup Cost": 0.0, "Total Cost": 0.34, "Plan Rows": 1, "Plan Width": 21, "Actual Startup Time": 2.419, "Actual Total Time": 2.419, "Actual Rows": 112, "Actual Loops": 275, "Index Cond": "(id = mc.movie_id)", "Rows Removed by Index Recheck": 0, "Filter": "(production_year > 2005)", "Rows Removed by Filter": 163}]}, {"Node Type": "Index Scan", "Parent Relationship": "Inner", "Scan Direction": "Forward", "Index Name": "char_name_pkey", "Relation Name": "char_name", "Alias": "chn", "Startup Cost": 0.0, "Total Cost": 5.37, "Plan Rows": 1, "Plan Width": 20, "Actual Startup Time": 1.027, "Actual Total Time": 1.027, "Actual Rows": 104, "Actual Loops": 112, "Index Cond": "(id = ci.person_role_id)", "Rows Removed by Index Recheck": 0}]}, {"Node Type": "Index Scan", "Parent Relationship": "Inner", "Scan Direction": "Forward", "Index Name": "company_type_pkey", "Relation Name": "company_type", "Alias": "ct", "Startup Cost": 0.0, "Total Cost": 0.27, "Plan Rows": 1, "Plan Width": 4, "Actual Startup Time": 0.173, "Actual Total Time": 0.173, "Actual Rows": 18, "Actual Loops": 104, "Index Cond": "(id = mc.company_type_id)", "Rows Removed by Index Recheck": 0}]}]}, "Triggers": [], "Planner Runtime": 9, "Total Runtime": 1140.231, "Unique SQL Id": 2933943827}}, "(64, 70)": {"explain_plan": {"Plan": {"Node Type": "Aggregate", "Strategy": "Plain", "Startup Cost": 38349.31, "Total Cost": 38349.32, "Plan Rows": 1, "Plan Width": 97, "Plans": [{"Node Type": "Nested Loop", "Parent Relationship": "Outer", "Join Type": "Inner", "Startup Cost": 8.82, "Total Cost": 38349.3, "Plan Rows": 2, "Plan Width": 33, "Inner Unique": true, "Plans": [{"Node Type": "Nested Loop", "Parent Relationship": "Outer", "Join Type": "Inner", "Startup Cost": 8.56, "Total Cost": 38340.74, "Plan Rows": 2, "Plan Width": 37, "Inner Unique": true, "Plans": [{"Node Type": "Nested Loop", "Parent Relationship": "Outer", "Join Type": "Inner", "Startup Cost": 8.29, "Total Cost": 38327.85, "Plan Rows": 3, "Plan Width": 28, "Inner Unique": true, "Plans": [{"Node Type": "Hash Join", "Parent Relationship": "Outer", "Join Type": "Inner", "Startup Cost": 5.99, "Total Cost": 38289.92, "Plan Rows": 6, "Plan Width": 16, "Inner Unique": true, "Hash Cond": "(ci.role_id = rt.id)", "Plans": [{"Node Type": "Nested Loop", "Parent Relationship": "Outer", "Join Type": "Inner", "Startup Cost": 4.83, "Total Cost": 38288.52, "Plan Rows": 68, "Plan Width": 20, "Inner Unique": false, "Plans": [{"Node Type": "Nested Loop", "Parent Relationship": "Outer", "Join Type": "Inner", "Startup Cost": 4.32, "Total Cost": 20813.55, "Plan Rows": 3779, "Plan Width": 8, "Inner Unique": false, "Plans": [{"Node Type": "Seq Scan", "Parent Relationship": "Outer", "Relation Name": "company_name", "Alias": "cn", "Startup Cost": 0.0, "Total Cost": 5903.45, "Plan Rows": 251, "Plan Width": 4, "Filter": "((country_code)::text = '[ru]'::text)"}, {"Node Type": "Bitmap Heap Scan", "Parent Relationship": "Inner", "Relation Name": "movie_companies", "Alias": "mc", "Startup Cost": 4.32, "Total Cost": 59.25, "Plan Rows": 15, "Plan Width": 12, "Recheck Cond": "(company_id = cn.id)", "Plans": [{"Node Type": "Bitmap Index Scan", "Parent Relationship": "Outer", "Index Name": "company_id_movie_companies", "Startup Cost": 0.0, "Total Cost": 4.31, "Plan Rows": 15, "Plan Width": 0, "Index Cond": "(company_id = cn.id)"}]}]}, {"Node Type": "Bitmap Heap Scan", "Parent Relationship": "Inner", "Relation Name": "cast_info", "Alias": "ci", "Startup Cost": 0.51, "Total Cost": 4.61, "Plan Rows": 1, "Plan Width": 12, "Recheck Cond": "(movie_id = mc.movie_id)", "Filter": "(((note)::text ~~ '%(voice)%'::text) AND ((note)::text ~~ '%(uncredited)%'::text))", "Plans": [{"Node Type": "Bitmap Index Scan", "Parent Relationship": "Outer", "Index Name": "movie_id_cast_info", "Startup Cost": 0.0, "Total Cost": 0.51, "Plan Rows": 6, "Plan Width": 0, "Index Cond": "(movie_id = mc.movie_id)"}]}]}, {"Node Type": "Hash", "Parent Relationship": "Inner", "Startup Cost": 1.15, "Total Cost": 1.15, "Plan Rows": 1, "Plan Width": 4, "Plans": [{"Node Type": "Seq Scan", "Parent Relationship": "Outer", "Relation Name": "role_type", "Alias": "rt", "Startup Cost": 0.0, "Total Cost": 1.15, "Plan Rows": 1, "Plan Width": 4, "Filter": "((role)::text = 'actor'::text)"}]}]}, {"Node Type": "Bitmap Heap Scan", "Parent Relationship": "Inner", "Relation Name": "char_name", "Alias": "chn", "Startup Cost": 2.3, "Total Cost": 6.31, "Plan Rows": 1, "Plan Width": 20, "Recheck Cond": "(id = ci.person_role_id)", "Plans": [{"Node Type": "Bitmap Index Scan", "Parent Relationship": "Outer", "Index Name": "char_name_pkey", "Startup Cost": 0.0, "Total Cost": 2.3, "Plan Rows": 1, "Plan Width": 0, "Index Cond": "(id = ci.person_role_id)"}]}]}, {"Node Type": "Bitmap Heap Scan", "Parent Relationship": "Inner", "Relation Name": "title", "Alias": "t", "Startup Cost": 0.27, "Total Cost": 4.29, "Plan Rows": 1, "Plan Width": 21, "Recheck Cond": "(id = mc.movie_id)", "Filter": "(production_year > 2005)", "Plans": [{"Node Type": "Bitmap Index Scan", "Parent Relationship": "Outer", "Index Name": "title_pkey", "Startup Cost": 0.0, "Total Cost": 0.27, "Plan Rows": 1, "Plan Width": 0, "Index Cond": "(id = mc.movie_id)"}]}]}, {"Node Type": "Bitmap Heap Scan", "Parent Relationship": "Inner", "Relation Name": "company_type", "Alias": "ct", "Startup Cost": 0.26, "Total Cost": 4.27, "Plan Rows": 1, "Plan Width": 4, "Recheck Cond": "(id = mc.company_type_id)", "Plans": [{"Node Type": "Bitmap Index Scan", "Parent Relationship": "Outer", "Index Name": "company_type_pkey", "Startup Cost": 0.0, "Total Cost": 0.26, "Plan Rows": 1, "Plan Width": 0, "Index Cond": "(id = mc.company_type_id)"}]}]}]}, "Unique SQL Id": 2933943827, "Planner Runtime": 31}, "explain_analyze_plan": {"Plan": {"Node Type": "Aggregate", "Strategy": "Plain", "Startup Cost": 38349.31, "Total Cost": 38349.32, "Plan Rows": 1, "Plan Width": 97, "Actual Startup Time": 1003.048, "Actual Total Time": 1003.048, "Actual Rows": 1, "Actual Loops": 1, "Plans": [{"Node Type": "Nested Loop", "Parent Relationship": "Outer", "Join Type": "Inner", "Startup Cost": 8.82, "Total Cost": 38349.3, "Plan Rows": 2, "Plan Width": 33, "Actual Startup Time": 59.435, "Actual Total Time": 1002.93, "Actual Rows": 18, "Actual Loops": 1, "Inner Unique": true, "Plans": [{"Node Type": "Nested Loop", "Parent Relationship": "Outer", "Join Type": "Inner", "Startup Cost": 8.56, "Total Cost": 38340.74, "Plan Rows": 2, "Plan Width": 37, "Actual Startup Time": 12.309, "Actual Total Time": 1002.449, "Actual Rows": 104, "Actual Loops": 1, "Inner Unique": true, "Plans": [{"Node Type": "Nested Loop", "Parent Relationship": "Outer", "Join Type": "Inner", "Startup Cost": 8.29, "Total Cost": 38327.85, "Plan Rows": 3, "Plan Width": 28, "Actual Startup Time": 1.109, "Actual Total Time": 999.882, "Actual Rows": 265, "Actual Loops": 1, "Inner Unique": true, "Plans": [{"Node Type": "Hash Join", "Parent Relationship": "Outer", "Join Type": "Inner", "Startup Cost": 5.99, "Total Cost": 38289.92, "Plan Rows": 6, "Plan Width": 16, "Actual Startup Time": 1.097, "Actual Total Time": 996.615, "Actual Rows": 275, "Actual Loops": 1, "Inner Unique": true, "Hash Cond": "(ci.role_id = rt.id)", "Plans": [{"Node Type": "Nested Loop", "Parent Relationship": "Outer", "Join Type": "Inner", "Startup Cost": 4.83, "Total Cost": 38288.52, "Plan Rows": 68, "Plan Width": 20, "Actual Startup Time": 1.0, "Actual Total Time": 995.957, "Actual Rows": 377, "Actual Loops": 1, "Inner Unique": false, "Plans": [{"Node Type": "Nested Loop", "Parent Relationship": "Outer", "Join Type": "Inner", "Startup Cost": 4.32, "Total Cost": 20813.55, "Plan Rows": 3779, "Plan Width": 8, "Actual Startup Time": 0.072, "Actual Total Time": 115.462, "Actual Rows": 8790, "Actual Loops": 1, "Inner Unique": false, "Plans": [{"Node Type": "Seq Scan", "Parent Relationship": "Outer", "Relation Name": "company_name", "Alias": "cn", "Startup Cost": 0.0, "Total Cost": 5903.45, "Plan Rows": 251, "Plan Width": 4, "Actual Startup Time": 0.036, "Actual Total Time": 83.421, "Actual Rows": 1361, "Actual Loops": 1, "Filter": "((country_code)::text = '[ru]'::text)", "Rows Removed by Filter": 233635}, {"Node Type": "Bitmap Heap Scan", "Parent Relationship": "Inner", "Relation Name": "movie_companies", "Alias": "mc", "Startup Cost": 4.32, "Total Cost": 59.25, "Plan Rows": 15, "Plan Width": 12, "Actual Startup Time": 13.028, "Actual Total Time": 27.312, "Actual Rows": 8790, "Actual Loops": 1361, "Recheck Cond": "(company_id = cn.id)", "Rows Removed by Index Recheck": 0, "Exact Heap Blocks": 7155, "Lossy Heap Blocks": 7155, "Plans": [{"Node Type": "Bitmap Index Scan", "Parent Relationship": "Outer", "Index Name": "company_id_movie_companies", "Startup Cost": 0.0, "Total Cost": 4.31, "Plan Rows": 15, "Plan Width": 0, "Actual Startup Time": 7.93, "Actual Total Time": 7.93, "Actual Rows": 8790, "Actual Loops": 1361, "Index Cond": "(company_id = cn.id)"}]}]}, {"Node Type": "Bitmap Heap Scan", "Parent Relationship": "Inner", "Relation Name": "cast_info", "Alias": "ci", "Startup Cost": 0.51, "Total Cost": 4.61, "Plan Rows": 1, "Plan Width": 12, "Actual Startup Time": 819.614, "Actual Total Time": 864.073, "Actual Rows": 377, "Actual Loops": 8790, "Recheck Cond": "(movie_id = mc.movie_id)", "Rows Removed by Index Recheck": 0, "Filter": "(((note)::text ~~ '%(voice)%'::text) AND ((note)::text ~~ '%(uncredited)%'::text))", "Rows Removed by Filter": 408168, "Exact Heap Blocks": 397651, "Lossy Heap Blocks": 397651, "Plans": [{"Node Type": "Bitmap Index Scan", "Parent Relationship": "Outer", "Index Name": "movie_id_cast_info", "Startup Cost": 0.0, "Total Cost": 0.51, "Plan Rows": 6, "Plan Width": 0, "Actual Startup Time": 119.371, "Actual Total Time": 119.371, "Actual Rows": 408545, "Actual Loops": 8790, "Index Cond": "(movie_id = mc.movie_id)"}]}]}, {"Node Type": "Hash", "Parent Relationship": "Inner", "Startup Cost": 1.15, "Total Cost": 1.15, "Plan Rows": 1, "Plan Width": 4, "Actual Startup Time": 0.044, "Actual Total Time": 0.044, "Actual Rows": 1, "Actual Loops": 1, "Hash Buckets": 32768, "Hash Batches": 1, "Original Hash Batches": 1, "Peak Memory Usage": 1, "Plans": [{"Node Type": "Seq Scan", "Parent Relationship": "Outer", "Relation Name": "role_type", "Alias": "rt", "Startup Cost": 0.0, "Total Cost": 1.15, "Plan Rows": 1, "Plan Width": 4, "Actual Startup Time": 0.026, "Actual Total Time": 0.031, "Actual Rows": 1, "Actual Loops": 1, "Filter": "((role)::text = 'actor'::text)", "Rows Removed by Filter": 11}]}]}, {"Node Type": "Bitmap Heap Scan", "Parent Relationship": "Inner", "Relation Name": "char_name", "Alias": "chn", "Startup Cost": 2.3, "Total Cost": 6.31, "Plan Rows": 1, "Plan Width": 20, "Actual Startup Time": 2.461, "Actual Total Time": 2.461, "Actual Rows": 265, "Actual Loops": 275, "Recheck Cond": "(id = ci.person_role_id)", "Rows Removed by Index Recheck": 0, "Exact Heap Blocks": 265, "Lossy Heap Blocks": 265, "Plans": [{"Node Type": "Bitmap Index Scan", "Parent Relationship": "Outer", "Index Name": "char_name_pkey", "Startup Cost": 0.0, "Total Cost": 2.3, "Plan Rows": 1, "Plan Width": 0, "Actual Startup Time": 1.608, "Actual Total Time": 1.608, "Actual Rows": 265, "Actual Loops": 275, "Index Cond": "(id = ci.person_role_id)"}]}]}, {"Node Type": "Bitmap Heap Scan", "Parent Relationship": "Inner", "Relation Name": "title", "Alias": "t", "Startup Cost": 0.27, "Total Cost": 4.29, "Plan Rows": 1, "Plan Width": 21, "Actual Startup Time": 1.973, "Actual Total Time": 1.973, "Actual Rows": 104, "Actual Loops": 265, "Recheck Cond": "(id = mc.movie_id)", "Rows Removed by Index Recheck": 0, "Filter": "(production_year > 2005)", "Rows Removed by Filter": 161, "Exact Heap Blocks": 265, "Lossy Heap Blocks": 265, "Plans": [{"Node Type": "Bitmap Index Scan", "Parent Relationship": "Outer", "Index Name": "title_pkey", "Startup Cost": 0.0, "Total Cost": 0.27, "Plan Rows": 1, "Plan Width": 0, "Actual Startup Time": 1.162, "Actual Total Time": 1.162, "Actual Rows": 265, "Actual Loops": 265, "Index Cond": "(id = mc.movie_id)"}]}]}, {"Node Type": "Bitmap Heap Scan", "Parent Relationship": "Inner", "Relation Name": "company_type", "Alias": "ct", "Startup Cost": 0.26, "Total Cost": 4.27, "Plan Rows": 1, "Plan Width": 4, "Actual Startup Time": 0.255, "Actual Total Time": 0.255, "Actual Rows": 18, "Actual Loops": 104, "Recheck Cond": "(id = mc.company_type_id)", "Rows Removed by Index Recheck": 0, "Exact Heap Blocks": 18, "Lossy Heap Blocks": 18, "Plans": [{"Node Type": "Bitmap Index Scan", "Parent Relationship": "Outer", "Index Name": "company_type_pkey", "Startup Cost": 0.0, "Total Cost": 0.26, "Plan Rows": 1, "Plan Width": 0, "Actual Startup Time": 0.142, "Actual Total Time": 0.142, "Actual Rows": 18, "Actual Loops": 104, "Index Cond": "(id = mc.company_type_id)"}]}]}]}, "Triggers": [], "Planner Runtime": 23, "Total Runtime": 1003.435, "Unique SQL Id": 2933943827}}, "(64, 71)": {"explain_plan": {"Plan": {"Node Type": "Aggregate", "Strategy": "Plain", "Startup Cost": 41418.46, "Total Cost": 41418.47, "Plan Rows": 1, "Plan Width": 97, "Plans": [{"Node Type": "Nested Loop", "Parent Relationship": "Outer", "Join Type": "Inner", "Startup Cost": 2787.21, "Total Cost": 41418.45, "Plan Rows": 2, "Plan Width": 33, "Inner Unique": true, "Plans": [{"Node Type": "Nested Loop", "Parent Relationship": "Outer", "Join Type": "Inner", "Startup Cost": 2786.95, "Total Cost": 41409.89, "Plan Rows": 2, "Plan Width": 37, "Inner Unique": true, "Plans": [{"Node Type": "Nested Loop", "Parent Relationship": "Outer", "Join Type": "Inner", "Startup Cost": 2786.68, "Total Cost": 41397.0, "Plan Rows": 3, "Plan Width": 28, "Inner Unique": true, "Plans": [{"Node Type": "Nested Loop", "Parent Relationship": "Outer", "Join Type": "Inner", "Startup Cost": 2784.38, "Total Cost": 41359.07, "Plan Rows": 6, "Plan Width": 16, "Inner Unique": true, "Plans": [{"Node Type": "Nested Loop", "Parent Relationship": "Outer", "Join Type": "Inner", "Startup Cost": 2784.12, "Total Cost": 41067.82, "Plan Rows": 68, "Plan Width": 20, "Inner Unique": false, "Plans": [{"Node Type": "Nested Loop", "Parent Relationship": "Outer", "Join Type": "Inner", "Startup Cost": 2783.61, "Total Cost": 23592.84, "Plan Rows": 3779, "Plan Width": 8, "Inner Unique": false, "Plans": [{"Node Type": "Bitmap Heap Scan", "Parent Relationship": "Outer", "Relation Name": "company_name", "Alias": "cn", "Startup Cost": 2779.29, "Total Cost": 8682.74, "Plan Rows": 251, "Plan Width": 4, "Filter": "((country_code)::text = '[ru]'::text)", "Plans": [{"Node Type": "Bitmap Index Scan", "Parent Relationship": "Outer", "Index Name": "company_name_pkey", "Startup Cost": 0.0, "Total Cost": 2779.23, "Plan Rows": 234996, "Plan Width": 0}]}, {"Node Type": "Bitmap Heap Scan", "Parent Relationship": "Inner", "Relation Name": "movie_companies", "Alias": "mc", "Startup Cost": 4.32, "Total Cost": 59.25, "Plan Rows": 15, "Plan Width": 12, "Recheck Cond": "(company_id = cn.id)", "Plans": [{"Node Type": "Bitmap Index Scan", "Parent Relationship": "Outer", "Index Name": "company_id_movie_companies", "Startup Cost": 0.0, "Total Cost": 4.31, "Plan Rows": 15, "Plan Width": 0, "Index Cond": "(company_id = cn.id)"}]}]}, {"Node Type": "Bitmap Heap Scan", "Parent Relationship": "Inner", "Relation Name": "cast_info", "Alias": "ci", "Startup Cost": 0.51, "Total Cost": 4.61, "Plan Rows": 1, "Plan Width": 12, "Recheck Cond": "(movie_id = mc.movie_id)", "Filter": "(((note)::text ~~ '%(voice)%'::text) AND ((note)::text ~~ '%(uncredited)%'::text))", "Plans": [{"Node Type": "Bitmap Index Scan", "Parent Relationship": "Outer", "Index Name": "movie_id_cast_info", "Startup Cost": 0.0, "Total Cost": 0.51, "Plan Rows": 6, "Plan Width": 0, "Index Cond": "(movie_id = mc.movie_id)"}]}]}, {"Node Type": "Bitmap Heap Scan", "Parent Relationship": "Inner", "Relation Name": "role_type", "Alias": "rt", "Startup Cost": 0.26, "Total Cost": 4.27, "Plan Rows": 1, "Plan Width": 4, "Recheck Cond": "(id = ci.role_id)", "Filter": "((role)::text = 'actor'::text)", "Plans": [{"Node Type": "Bitmap Index Scan", "Parent Relationship": "Outer", "Index Name": "role_type_pkey", "Startup Cost": 0.0, "Total Cost": 0.26, "Plan Rows": 1, "Plan Width": 0, "Index Cond": "(id = ci.role_id)"}]}]}, {"Node Type": "Bitmap Heap Scan", "Parent Relationship": "Inner", "Relation Name": "char_name", "Alias": "chn", "Startup Cost": 2.3, "Total Cost": 6.31, "Plan Rows": 1, "Plan Width": 20, "Recheck Cond": "(id = ci.person_role_id)", "Plans": [{"Node Type": "Bitmap Index Scan", "Parent Relationship": "Outer", "Index Name": "char_name_pkey", "Startup Cost": 0.0, "Total Cost": 2.3, "Plan Rows": 1, "Plan Width": 0, "Index Cond": "(id = ci.person_role_id)"}]}]}, {"Node Type": "Bitmap Heap Scan", "Parent Relationship": "Inner", "Relation Name": "title", "Alias": "t", "Startup Cost": 0.27, "Total Cost": 4.29, "Plan Rows": 1, "Plan Width": 21, "Recheck Cond": "(id = mc.movie_id)", "Filter": "(production_year > 2005)", "Plans": [{"Node Type": "Bitmap Index Scan", "Parent Relationship": "Outer", "Index Name": "title_pkey", "Startup Cost": 0.0, "Total Cost": 0.27, "Plan Rows": 1, "Plan Width": 0, "Index Cond": "(id = mc.movie_id)"}]}]}, {"Node Type": "Bitmap Heap Scan", "Parent Relationship": "Inner", "Relation Name": "company_type", "Alias": "ct", "Startup Cost": 0.26, "Total Cost": 4.27, "Plan Rows": 1, "Plan Width": 4, "Recheck Cond": "(id = mc.company_type_id)", "Plans": [{"Node Type": "Bitmap Index Scan", "Parent Relationship": "Outer", "Index Name": "company_type_pkey", "Startup Cost": 0.0, "Total Cost": 0.26, "Plan Rows": 1, "Plan Width": 0, "Index Cond": "(id = mc.company_type_id)"}]}]}]}, "Unique SQL Id": 2933943827, "Planner Runtime": 19}, "explain_analyze_plan": {"Plan": {"Node Type": "Aggregate", "Strategy": "Plain", "Startup Cost": 41418.46, "Total Cost": 41418.47, "Plan Rows": 1, "Plan Width": 97, "Actual Startup Time": 1353.636, "Actual Total Time": 1353.637, "Actual Rows": 1, "Actual Loops": 1, "Plans": [{"Node Type": "Nested Loop", "Parent Relationship": "Outer", "Join Type": "Inner", "Startup Cost": 2787.21, "Total Cost": 41418.45, "Plan Rows": 2, "Plan Width": 33, "Actual Startup Time": 107.21, "Actual Total Time": 1353.521, "Actual Rows": 18, "Actual Loops": 1, "Inner Unique": true, "Plans": [{"Node Type": "Nested Loop", "Parent Relationship": "Outer", "Join Type": "Inner", "Startup Cost": 2786.95, "Total Cost": 41409.89, "Plan Rows": 2, "Plan Width": 37, "Actual Startup Time": 37.769, "Actual Total Time": 1352.989, "Actual Rows": 104, "Actual Loops": 1, "Inner Unique": true, "Plans": [{"Node Type": "Nested Loop", "Parent Relationship": "Outer", "Join Type": "Inner", "Startup Cost": 2786.68, "Total Cost": 41397.0, "Plan Rows": 3, "Plan Width": 28, "Actual Startup Time": 23.05, "Actual Total Time": 1349.829, "Actual Rows": 265, "Actual Loops": 1, "Inner Unique": true, "Plans": [{"Node Type": "Nested Loop", "Parent Relationship": "Outer", "Join Type": "Inner", "Startup Cost": 2784.38, "Total Cost": 41359.07, "Plan Rows": 6, "Plan Width": 16, "Actual Startup Time": 23.037, "Actual Total Time": 1346.368, "Actual Rows": 275, "Actual Loops": 1, "Inner Unique": true, "Plans": [{"Node Type": "Nested Loop", "Parent Relationship": "Outer", "Join Type": "Inner", "Startup Cost": 2784.12, "Total Cost": 41067.82, "Plan Rows": 68, "Plan Width": 20, "Actual Startup Time": 23.026, "Actual Total Time": 1343.783, "Actual Rows": 377, "Actual Loops": 1, "Inner Unique": false, "Plans": [{"Node Type": "Nested Loop", "Parent Relationship": "Outer", "Join Type": "Inner", "Startup Cost": 2783.61, "Total Cost": 23592.84, "Plan Rows": 3779, "Plan Width": 8, "Actual Startup Time": 21.943, "Actual Total Time": 182.966, "Actual Rows": 8790, "Actual Loops": 1, "Inner Unique": false, "Plans": [{"Node Type": "Bitmap Heap Scan", "Parent Relationship": "Outer", "Relation Name": "company_name", "Alias": "cn", "Startup Cost": 2779.29, "Total Cost": 8682.74, "Plan Rows": 251, "Plan Width": 4, "Actual Startup Time": 21.91, "Actual Total Time": 145.563, "Actual Rows": 1361, "Actual Loops": 1, "Filter": "((country_code)::text = '[ru]'::text)", "Rows Removed by Filter": 233635, "Exact Heap Blocks": 2966, "Lossy Heap Blocks": 2966, "Plans": [{"Node Type": "Bitmap Index Scan", "Parent Relationship": "Outer", "Index Name": "company_name_pkey", "Startup Cost": 0.0, "Total Cost": 2779.23, "Plan Rows": 234996, "Plan Width": 0, "Actual Startup Time": 21.441, "Actual Total Time": 21.441, "Actual Rows": 234996, "Actual Loops": 1}]}, {"Node Type": "Bitmap Heap Scan", "Parent Relationship": "Inner", "Relation Name": "movie_companies", "Alias": "mc", "Startup Cost": 4.32, "Total Cost": 59.25, "Plan Rows": 15, "Plan Width": 12, "Actual Startup Time": 15.259, "Actual Total Time": 32.516, "Actual Rows": 8790, "Actual Loops": 1361, "Recheck Cond": "(company_id = cn.id)", "Rows Removed by Index Recheck": 0, "Exact Heap Blocks": 7155, "Lossy Heap Blocks": 7155, "Plans": [{"Node Type": "Bitmap Index Scan", "Parent Relationship": "Outer", "Index Name": "company_id_movie_companies", "Startup Cost": 0.0, "Total Cost": 4.31, "Plan Rows": 15, "Plan Width": 0, "Actual Startup Time": 9.3, "Actual Total Time": 9.3, "Actual Rows": 8790, "Actual Loops": 1361, "Index Cond": "(company_id = cn.id)"}]}]}, {"Node Type": "Bitmap Heap Scan", "Parent Relationship": "Inner", "Relation Name": "cast_info", "Alias": "ci", "Startup Cost": 0.51, "Total Cost": 4.61, "Plan Rows": 1, "Plan Width": 12, "Actual Startup Time": 1080.605, "Actual Total Time": 1145.055, "Actual Rows": 377, "Actual Loops": 8790, "Recheck Cond": "(movie_id = mc.movie_id)", "Rows Removed by Index Recheck": 0, "Filter": "(((note)::text ~~ '%(voice)%'::text) AND ((note)::text ~~ '%(uncredited)%'::text))", "Rows Removed by Filter": 408168, "Exact Heap Blocks": 397651, "Lossy Heap Blocks": 397651, "Plans": [{"Node Type": "Bitmap Index Scan", "Parent Relationship": "Outer", "Index Name": "movie_id_cast_info", "Startup Cost": 0.0, "Total Cost": 0.51, "Plan Rows": 6, "Plan Width": 0, "Actual Startup Time": 134.176, "Actual Total Time": 134.176, "Actual Rows": 408545, "Actual Loops": 8790, "Index Cond": "(movie_id = mc.movie_id)"}]}]}, {"Node Type": "Bitmap Heap Scan", "Parent Relationship": "Inner", "Relation Name": "role_type", "Alias": "rt", "Startup Cost": 0.26, "Total Cost": 4.27, "Plan Rows": 1, "Plan Width": 4, "Actual Startup Time": 1.653, "Actual Total Time": 1.653, "Actual Rows": 275, "Actual Loops": 377, "Recheck Cond": "(id = ci.role_id)", "Rows Removed by Index Recheck": 0, "Filter": "((role)::text = 'actor'::text)", "Rows Removed by Filter": 102, "Exact Heap Blocks": 377, "Lossy Heap Blocks": 377, "Plans": [{"Node Type": "Bitmap Index Scan", "Parent Relationship": "Outer", "Index Name": "role_type_pkey", "Startup Cost": 0.0, "Total Cost": 0.26, "Plan Rows": 1, "Plan Width": 0, "Actual Startup Time": 0.619, "Actual Total Time": 0.619, "Actual Rows": 377, "Actual Loops": 377, "Index Cond": "(id = ci.role_id)"}]}]}, {"Node Type": "Bitmap Heap Scan", "Parent Relationship": "Inner", "Relation Name": "char_name", "Alias": "chn", "Startup Cost": 2.3, "Total Cost": 6.31, "Plan Rows": 1, "Plan Width": 20, "Actual Startup Time": 2.76, "Actual Total Time": 2.76, "Actual Rows": 265, "Actual Loops": 275, "Recheck Cond": "(id = ci.person_role_id)", "Rows Removed by Index Recheck": 0, "Exact Heap Blocks": 265, "Lossy Heap Blocks": 265, "Plans": [{"Node Type": "Bitmap Index Scan", "Parent Relationship": "Outer", "Index Name": "char_name_pkey", "Startup Cost": 0.0, "Total Cost": 2.3, "Plan Rows": 1, "Plan Width": 0, "Actual Startup Time": 1.81, "Actual Total Time": 1.81, "Actual Rows": 265, "Actual Loops": 275, "Index Cond": "(id = ci.person_role_id)"}]}]}, {"Node Type": "Bitmap Heap Scan", "Parent Relationship": "Inner", "Relation Name": "title", "Alias": "t", "Startup Cost": 0.27, "Total Cost": 4.29, "Plan Rows": 1, "Plan Width": 21, "Actual Startup Time": 2.584, "Actual Total Time": 2.584, "Actual Rows": 104, "Actual Loops": 265, "Recheck Cond": "(id = mc.movie_id)", "Rows Removed by Index Recheck": 0, "Filter": "(production_year > 2005)", "Rows Removed by Filter": 161, "Exact Heap Blocks": 265, "Lossy Heap Blocks": 265, "Plans": [{"Node Type": "Bitmap Index Scan", "Parent Relationship": "Outer", "Index Name": "title_pkey", "Startup Cost": 0.0, "Total Cost": 0.27, "Plan Rows": 1, "Plan Width": 0, "Actual Startup Time": 1.613, "Actual Total Time": 1.613, "Actual Rows": 265, "Actual Loops": 265, "Index Cond": "(id = mc.movie_id)"}]}]}, {"Node Type": "Bitmap Heap Scan", "Parent Relationship": "Inner", "Relation Name": "company_type", "Alias": "ct", "Startup Cost": 0.26, "Total Cost": 4.27, "Plan Rows": 1, "Plan Width": 4, "Actual Startup Time": 0.288, "Actual Total Time": 0.288, "Actual Rows": 18, "Actual Loops": 104, "Recheck Cond": "(id = mc.company_type_id)", "Rows Removed by Index Recheck": 0, "Exact Heap Blocks": 18, "Lossy Heap Blocks": 18, "Plans": [{"Node Type": "Bitmap Index Scan", "Parent Relationship": "Outer", "Index Name": "company_type_pkey", "Startup Cost": 0.0, "Total Cost": 0.26, "Plan Rows": 1, "Plan Width": 0, "Actual Startup Time": 0.156, "Actual Total Time": 0.156, "Actual Rows": 18, "Actual Loops": 104, "Index Cond": "(id = mc.company_type_id)"}]}]}]}, "Triggers": [], "Planner Runtime": 6, "Total Runtime": 1354.082, "Unique SQL Id": 2933943827}}, "(64, 72)": {"explain_plan": {"Plan": {"Node Type": "Aggregate", "Strategy": "Plain", "Startup Cost": 19914.67, "Total Cost": 19914.68, "Plan Rows": 1, "Plan Width": 97, "Plans": [{"Node Type": "Nested Loop", "Parent Relationship": "Outer", "Join Type": "Inner", "Startup Cost": 0.0, "Total Cost": 19914.66, "Plan Rows": 2, "Plan Width": 33, "Inner Unique": true, "Plans": [{"Node Type": "Nested Loop", "Parent Relationship": "Outer", "Join Type": "Inner", "Startup Cost": 0.0, "Total Cost": 19914.1, "Plan Rows": 2, "Plan Width": 37, "Inner Unique": true, "Plans": [{"Node Type": "Nested Loop", "Parent Relationship": "Outer", "Join Type": "Inner", "Startup Cost": 0.0, "Total Cost": 19887.22, "Plan Rows": 5, "Plan Width": 25, "Inner Unique": true, "Plans": [{"Node Type": "Nested Loop", "Parent Relationship": "Outer", "Join Type": "Inner", "Startup Cost": 0.0, "Total Cost": 19885.12, "Plan Rows": 6, "Plan Width": 16, "Inner Unique": true, "Plans": [{"Node Type": "Nested Loop", "Parent Relationship": "Outer", "Join Type": "Inner", "Startup Cost": 0.0, "Total Cost": 19865.87, "Plan Rows": 68, "Plan Width": 20, "Inner Unique": false, "Plans": [{"Node Type": "Nested Loop", "Parent Relationship": "Outer", "Join Type": "Inner", "Startup Cost": 0.0, "Total Cost": 16121.55, "Plan Rows": 3779, "Plan Width": 8, "Inner Unique": false, "Plans": [{"Node Type": "Seq Scan", "Parent Relationship": "Outer", "Relation Name": "company_name", "Alias": "cn", "Startup Cost": 0.0, "Total Cost": 5903.45, "Plan Rows": 251, "Plan Width": 4, "Filter": "((country_code)::text = '[ru]'::text)"}, {"Node Type": "Index Scan", "Parent Relationship": "Inner", "Scan Direction": "Forward", "Index Name": "company_id_movie_companies", "Relation Name": "movie_companies", "Alias": "mc", "Startup Cost": 0.0, "Total Cost": 40.56, "Plan Rows": 15, "Plan Width": 12, "Index Cond": "(company_id = cn.id)"}]}, {"Node Type": "Index Scan", "Parent Relationship": "Inner", "Scan Direction": "Forward", "Index Name": "movie_id_cast_info", "Relation Name": "cast_info", "Alias": "ci", "Startup Cost": 0.0, "Total Cost": 0.98, "Plan Rows": 1, "Plan Width": 12, "Index Cond": "(movie_id = mc.movie_id)", "Filter": "(((note)::text ~~ '%(voice)%'::text) AND ((note)::text ~~ '%(uncredited)%'::text))"}]}, {"Node Type": "Index Scan", "Parent Relationship": "Inner", "Scan Direction": "Forward", "Index Name": "role_type_pkey", "Relation Name": "role_type", "Alias": "rt", "Startup Cost": 0.0, "Total Cost": 0.27, "Plan Rows": 1, "Plan Width": 4, "Index Cond": "(id = ci.role_id)", "Filter": "((role)::text = 'actor'::text)"}]}, {"Node Type": "Index Scan", "Parent Relationship": "Inner", "Scan Direction": "Forward", "Index Name": "title_pkey", "Relation Name": "title", "Alias": "t", "Startup Cost": 0.0, "Total Cost": 0.34, "Plan Rows": 1, "Plan Width": 21, "Index Cond": "(id = mc.movie_id)", "Filter": "(production_year > 2005)"}]}, {"Node Type": "Index Scan", "Parent Relationship": "Inner", "Scan Direction": "Forward", "Index Name": "char_name_pkey", "Relation Name": "char_name", "Alias": "chn", "Startup Cost": 0.0, "Total Cost": 5.37, "Plan Rows": 1, "Plan Width": 20, "Index Cond": "(id = ci.person_role_id)"}]}, {"Node Type": "Index Only Scan", "Parent Relationship": "Inner", "Scan Direction": "Forward", "Index Name": "company_type_pkey", "Relation Name": "company_type", "Alias": "ct", "Startup Cost": 0.0, "Total Cost": 0.27, "Plan Rows": 1, "Plan Width": 4, "Index Cond": "(id = mc.company_type_id)"}]}]}, "Unique SQL Id": 2933943827, "Planner Runtime": 22}, "explain_analyze_plan": {"Plan": {"Node Type": "Aggregate", "Strategy": "Plain", "Startup Cost": 19914.67, "Total Cost": 19914.68, "Plan Rows": 1, "Plan Width": 97, "Actual Startup Time": 808.796, "Actual Total Time": 808.796, "Actual Rows": 1, "Actual Loops": 1, "Plans": [{"Node Type": "Nested Loop", "Parent Relationship": "Outer", "Join Type": "Inner", "Startup Cost": 0.0, "Total Cost": 19914.66, "Plan Rows": 2, "Plan Width": 33, "Actual Startup Time": 46.613, "Actual Total Time": 808.693, "Actual Rows": 18, "Actual Loops": 1, "Inner Unique": true, "Plans": [{"Node Type": "Nested Loop", "Parent Relationship": "Outer", "Join Type": "Inner", "Startup Cost": 0.0, "Total Cost": 19914.1, "Plan Rows": 2, "Plan Width": 37, "Actual Startup Time": 9.846, "Actual Total Time": 808.384, "Actual Rows": 104, "Actual Loops": 1, "Inner Unique": true, "Plans": [{"Node Type": "Nested Loop", "Parent Relationship": "Outer", "Join Type": "Inner", "Startup Cost": 0.0, "Total Cost": 19887.22, "Plan Rows": 5, "Plan Width": 25, "Actual Startup Time": 9.831, "Actual Total Time": 807.292, "Actual Rows": 112, "Actual Loops": 1, "Inner Unique": true, "Plans": [{"Node Type": "Nested Loop", "Parent Relationship": "Outer", "Join Type": "Inner", "Startup Cost": 0.0, "Total Cost": 19885.12, "Plan Rows": 6, "Plan Width": 16, "Actual Startup Time": 0.857, "Actual Total Time": 805.076, "Actual Rows": 275, "Actual Loops": 1, "Inner Unique": true, "Plans": [{"Node Type": "Nested Loop", "Parent Relationship": "Outer", "Join Type": "Inner", "Startup Cost": 0.0, "Total Cost": 19865.87, "Plan Rows": 68, "Plan Width": 20, "Actual Startup Time": 0.85, "Actual Total Time": 803.294, "Actual Rows": 377, "Actual Loops": 1, "Inner Unique": false, "Plans": [{"Node Type": "Nested Loop", "Parent Relationship": "Outer", "Join Type": "Inner", "Startup Cost": 0.0, "Total Cost": 16121.55, "Plan Rows": 3779, "Plan Width": 8, "Actual Startup Time": 0.071, "Actual Total Time": 107.929, "Actual Rows": 8790, "Actual Loops": 1, "Inner Unique": false, "Plans": [{"Node Type": "Seq Scan", "Parent Relationship": "Outer", "Relation Name": "company_name", "Alias": "cn", "Startup Cost": 0.0, "Total Cost": 5903.45, "Plan Rows": 251, "Plan Width": 4, "Actual Startup Time": 0.048, "Actual Total Time": 83.099, "Actual Rows": 1361, "Actual Loops": 1, "Filter": "((country_code)::text = '[ru]'::text)", "Rows Removed by Filter": 233635}, {"Node Type": "Index Scan", "Parent Relationship": "Inner", "Scan Direction": "Forward", "Index Name": "company_id_movie_companies", "Relation Name": "movie_companies", "Alias": "mc", "Startup Cost": 0.0, "Total Cost": 40.56, "Plan Rows": 15, "Plan Width": 12, "Actual Startup Time": 8.979, "Actual Total Time": 21.581, "Actual Rows": 8790, "Actual Loops": 1361, "Index Cond": "(company_id = cn.id)", "Rows Removed by Index Recheck": 0}]}, {"Node Type": "Index Scan", "Parent Relationship": "Inner", "Scan Direction": "Forward", "Index Name": "movie_id_cast_info", "Relation Name": "cast_info", "Alias": "ci", "Startup Cost": 0.0, "Total Cost": 0.98, "Plan Rows": 1, "Plan Width": 12, "Actual Startup Time": 650.013, "Actual Total Time": 689.859, "Actual Rows": 377, "Actual Loops": 8790, "Index Cond": "(movie_id = mc.movie_id)", "Rows Removed by Index Recheck": 0, "Filter": "(((note)::text ~~ '%(voice)%'::text) AND ((note)::text ~~ '%(uncredited)%'::text))", "Rows Removed by Filter": 408168}]}, {"Node Type": "Index Scan", "Parent Relationship": "Inner", "Scan Direction": "Forward", "Index Name": "role_type_pkey", "Relation Name": "role_type", "Alias": "rt", "Startup Cost": 0.0, "Total Cost": 0.27, "Plan Rows": 1, "Plan Width": 4, "Actual Startup Time": 1.167, "Actual Total Time": 1.167, "Actual Rows": 275, "Actual Loops": 377, "Index Cond": "(id = ci.role_id)", "Rows Removed by Index Recheck": 0, "Filter": "((role)::text = 'actor'::text)", "Rows Removed by Filter": 102}]}, {"Node Type": "Index Scan", "Parent Relationship": "Inner", "Scan Direction": "Forward", "Index Name": "title_pkey", "Relation Name": "title", "Alias": "t", "Startup Cost": 0.0, "Total Cost": 0.34, "Plan Rows": 1, "Plan Width": 21, "Actual Startup Time": 1.802, "Actual Total Time": 1.802, "Actual Rows": 112, "Actual Loops": 275, "Index Cond": "(id = mc.movie_id)", "Rows Removed by Index Recheck": 0, "Filter": "(production_year > 2005)", "Rows Removed by Filter": 163}]}, {"Node Type": "Index Scan", "Parent Relationship": "Inner", "Scan Direction": "Forward", "Index Name": "char_name_pkey", "Relation Name": "char_name", "Alias": "chn", "Startup Cost": 0.0, "Total Cost": 5.37, "Plan Rows": 1, "Plan Width": 20, "Actual Startup Time": 0.853, "Actual Total Time": 0.853, "Actual Rows": 104, "Actual Loops": 112, "Index Cond": "(id = ci.person_role_id)", "Rows Removed by Index Recheck": 0}]}, {"Node Type": "Index Only Scan", "Parent Relationship": "Inner", "Scan Direction": "Forward", "Index Name": "company_type_pkey", "Relation Name": "company_type", "Alias": "ct", "Startup Cost": 0.0, "Total Cost": 0.27, "Plan Rows": 1, "Plan Width": 4, "Actual Startup Time": 0.154, "Actual Total Time": 0.154, "Actual Rows": 18, "Actual Loops": 104, "Index Cond": "(id = mc.company_type_id)", "Rows Removed by Index Recheck": 0, "Heap Fetches": 0}]}]}, "Triggers": [], "Planner Runtime": 14, "Total Runtime": 809.266, "Unique SQL Id": 2933943827}}, "(64, 73)": {"explain_plan": {"Plan": {"Node Type": "Aggregate", "Strategy": "Plain", "Startup Cost": 24512.61, "Total Cost": 24512.62, "Plan Rows": 1, "Plan Width": 97, "Plans": [{"Node Type": "Nested Loop", "Parent Relationship": "Outer", "Join Type": "Inner", "Startup Cost": 0.0, "Total Cost": 24512.6, "Plan Rows": 2, "Plan Width": 33, "Inner Unique": true, "Plans": [{"Node Type": "Nested Loop", "Parent Relationship": "Outer", "Join Type": "Inner", "Startup Cost": 0.0, "Total Cost": 24512.04, "Plan Rows": 2, "Plan Width": 37, "Inner Unique": true, "Plans": [{"Node Type": "Nested Loop", "Parent Relationship": "Outer", "Join Type": "Inner", "Startup Cost": 0.0, "Total Cost": 24485.16, "Plan Rows": 5, "Plan Width": 25, "Inner Unique": true, "Plans": [{"Node Type": "Nested Loop", "Parent Relationship": "Outer", "Join Type": "Inner", "Startup Cost": 0.0, "Total Cost": 24483.05, "Plan Rows": 6, "Plan Width": 16, "Inner Unique": true, "Plans": [{"Node Type": "Nested Loop", "Parent Relationship": "Outer", "Join Type": "Inner", "Startup Cost": 0.0, "Total Cost": 24463.81, "Plan Rows": 68, "Plan Width": 20, "Inner Unique": false, "Plans": [{"Node Type": "Nested Loop", "Parent Relationship": "Outer", "Join Type": "Inner", "Startup Cost": 0.0, "Total Cost": 20719.49, "Plan Rows": 3779, "Plan Width": 8, "Inner Unique": false, "Plans": [{"Node Type": "Index Scan", "Parent Relationship": "Outer", "Scan Direction": "Forward", "Index Name": "company_name_pkey", "Relation Name": "company_name", "Alias": "cn", "Startup Cost": 0.0, "Total Cost": 10501.39, "Plan Rows": 251, "Plan Width": 4, "Filter": "((country_code)::text = '[ru]'::text)"}, {"Node Type": "Index Scan", "Parent Relationship": "Inner", "Scan Direction": "Forward", "Index Name": "company_id_movie_companies", "Relation Name": "movie_companies", "Alias": "mc", "Startup Cost": 0.0, "Total Cost": 40.56, "Plan Rows": 15, "Plan Width": 12, "Index Cond": "(company_id = cn.id)"}]}, {"Node Type": "Index Scan", "Parent Relationship": "Inner", "Scan Direction": "Forward", "Index Name": "movie_id_cast_info", "Relation Name": "cast_info", "Alias": "ci", "Startup Cost": 0.0, "Total Cost": 0.98, "Plan Rows": 1, "Plan Width": 12, "Index Cond": "(movie_id = mc.movie_id)", "Filter": "(((note)::text ~~ '%(voice)%'::text) AND ((note)::text ~~ '%(uncredited)%'::text))"}]}, {"Node Type": "Index Scan", "Parent Relationship": "Inner", "Scan Direction": "Forward", "Index Name": "role_type_pkey", "Relation Name": "role_type", "Alias": "rt", "Startup Cost": 0.0, "Total Cost": 0.27, "Plan Rows": 1, "Plan Width": 4, "Index Cond": "(id = ci.role_id)", "Filter": "((role)::text = 'actor'::text)"}]}, {"Node Type": "Index Scan", "Parent Relationship": "Inner", "Scan Direction": "Forward", "Index Name": "title_pkey", "Relation Name": "title", "Alias": "t", "Startup Cost": 0.0, "Total Cost": 0.34, "Plan Rows": 1, "Plan Width": 21, "Index Cond": "(id = mc.movie_id)", "Filter": "(production_year > 2005)"}]}, {"Node Type": "Index Scan", "Parent Relationship": "Inner", "Scan Direction": "Forward", "Index Name": "char_name_pkey", "Relation Name": "char_name", "Alias": "chn", "Startup Cost": 0.0, "Total Cost": 5.37, "Plan Rows": 1, "Plan Width": 20, "Index Cond": "(id = ci.person_role_id)"}]}, {"Node Type": "Index Only Scan", "Parent Relationship": "Inner", "Scan Direction": "Forward", "Index Name": "company_type_pkey", "Relation Name": "company_type", "Alias": "ct", "Startup Cost": 0.0, "Total Cost": 0.27, "Plan Rows": 1, "Plan Width": 4, "Index Cond": "(id = mc.company_type_id)"}]}]}, "Unique SQL Id": 2933943827, "Planner Runtime": 16}, "explain_analyze_plan": {"Plan": {"Node Type": "Aggregate", "Strategy": "Plain", "Startup Cost": 24512.61, "Total Cost": 24512.62, "Plan Rows": 1, "Plan Width": 97, "Actual Startup Time": 1228.667, "Actual Total Time": 1228.667, "Actual Rows": 1, "Actual Loops": 1, "Plans": [{"Node Type": "Nested Loop", "Parent Relationship": "Outer", "Join Type": "Inner", "Startup Cost": 0.0, "Total Cost": 24512.6, "Plan Rows": 2, "Plan Width": 33, "Actual Startup Time": 35.824, "Actual Total Time": 1228.585, "Actual Rows": 18, "Actual Loops": 1, "Inner Unique": true, "Plans": [{"Node Type": "Nested Loop", "Parent Relationship": "Outer", "Join Type": "Inner", "Startup Cost": 0.0, "Total Cost": 24512.04, "Plan Rows": 2, "Plan Width": 37, "Actual Startup Time": 27.058, "Actual Total Time": 1228.241, "Actual Rows": 104, "Actual Loops": 1, "Inner Unique": true, "Plans": [{"Node Type": "Nested Loop", "Parent Relationship": "Outer", "Join Type": "Inner", "Startup Cost": 0.0, "Total Cost": 24485.16, "Plan Rows": 5, "Plan Width": 25, "Actual Startup Time": 27.043, "Actual Total Time": 1226.984, "Actual Rows": 112, "Actual Loops": 1, "Inner Unique": true, "Plans": [{"Node Type": "Nested Loop", "Parent Relationship": "Outer", "Join Type": "Inner", "Startup Cost": 0.0, "Total Cost": 24483.05, "Plan Rows": 6, "Plan Width": 16, "Actual Startup Time": 7.717, "Actual Total Time": 1224.323, "Actual Rows": 275, "Actual Loops": 1, "Inner Unique": true, "Plans": [{"Node Type": "Nested Loop", "Parent Relationship": "Outer", "Join Type": "Inner", "Startup Cost": 0.0, "Total Cost": 24463.81, "Plan Rows": 68, "Plan Width": 20, "Actual Startup Time": 7.707, "Actual Total Time": 1222.614, "Actual Rows": 377, "Actual Loops": 1, "Inner Unique": false, "Plans": [{"Node Type": "Nested Loop", "Parent Relationship": "Outer", "Join Type": "Inner", "Startup Cost": 0.0, "Total Cost": 20719.49, "Plan Rows": 3779, "Plan Width": 8, "Actual Startup Time": 0.543, "Actual Total Time": 326.113, "Actual Rows": 8790, "Actual Loops": 1, "Inner Unique": false, "Plans": [{"Node Type": "Index Scan", "Parent Relationship": "Outer", "Scan Direction": "Forward", "Index Name": "company_name_pkey", "Relation Name": "company_name", "Alias": "cn", "Startup Cost": 0.0, "Total Cost": 10501.39, "Plan Rows": 251, "Plan Width": 4, "Actual Startup Time": 0.524, "Actual Total Time": 298.445, "Actual Rows": 1361, "Actual Loops": 1, "Filter": "((country_code)::text = '[ru]'::text)", "Rows Removed by Filter": 233635}, {"Node Type": "Index Scan", "Parent Relationship": "Inner", "Scan Direction": "Forward", "Index Name": "company_id_movie_companies", "Relation Name": "movie_companies", "Alias": "mc", "Startup Cost": 0.0, "Total Cost": 40.56, "Plan Rows": 15, "Plan Width": 12, "Actual Startup Time": 9.228, "Actual Total Time": 24.111, "Actual Rows": 8790, "Actual Loops": 1361, "Index Cond": "(company_id = cn.id)", "Rows Removed by Index Recheck": 0}]}, {"Node Type": "Index Scan", "Parent Relationship": "Inner", "Scan Direction": "Forward", "Index Name": "movie_id_cast_info", "Relation Name": "cast_info", "Alias": "ci", "Startup Cost": 0.0, "Total Cost": 0.98, "Plan Rows": 1, "Plan Width": 12, "Actual Startup Time": 838.281, "Actual Total Time": 890.8, "Actual Rows": 377, "Actual Loops": 8790, "Index Cond": "(movie_id = mc.movie_id)", "Rows Removed by Index Recheck": 0, "Filter": "(((note)::text ~~ '%(voice)%'::text) AND ((note)::text ~~ '%(uncredited)%'::text))", "Rows Removed by Filter": 408168}]}, {"Node Type": "Index Scan", "Parent Relationship": "Inner", "Scan Direction": "Forward", "Index Name": "role_type_pkey", "Relation Name": "role_type", "Alias": "rt", "Startup Cost": 0.0, "Total Cost": 0.27, "Plan Rows": 1, "Plan Width": 4, "Actual Startup Time": 1.127, "Actual Total Time": 1.127, "Actual Rows": 275, "Actual Loops": 377, "Index Cond": "(id = ci.role_id)", "Rows Removed by Index Recheck": 0, "Filter": "((role)::text = 'actor'::text)", "Rows Removed by Filter": 102}]}, {"Node Type": "Index Scan", "Parent Relationship": "Inner", "Scan Direction": "Forward", "Index Name": "title_pkey", "Relation Name": "title", "Alias": "t", "Startup Cost": 0.0, "Total Cost": 0.34, "Plan Rows": 1, "Plan Width": 21, "Actual Startup Time": 2.248, "Actual Total Time": 2.248, "Actual Rows": 112, "Actual Loops": 275, "Index Cond": "(id = mc.movie_id)", "Rows Removed by Index Recheck": 0, "Filter": "(production_year > 2005)", "Rows Removed by Filter": 163}]}, {"Node Type": "Index Scan", "Parent Relationship": "Inner", "Scan Direction": "Forward", "Index Name": "char_name_pkey", "Relation Name": "char_name", "Alias": "chn", "Startup Cost": 0.0, "Total Cost": 5.37, "Plan Rows": 1, "Plan Width": 20, "Actual Startup Time": 0.993, "Actual Total Time": 0.993, "Actual Rows": 104, "Actual Loops": 112, "Index Cond": "(id = ci.person_role_id)", "Rows Removed by Index Recheck": 0}]}, {"Node Type": "Index Only Scan", "Parent Relationship": "Inner", "Scan Direction": "Forward", "Index Name": "company_type_pkey", "Relation Name": "company_type", "Alias": "ct", "Startup Cost": 0.0, "Total Cost": 0.27, "Plan Rows": 1, "Plan Width": 4, "Actual Startup Time": 0.167, "Actual Total Time": 0.167, "Actual Rows": 18, "Actual Loops": 104, "Index Cond": "(id = mc.company_type_id)", "Rows Removed by Index Recheck": 0, "Heap Fetches": 0}]}]}, "Triggers": [], "Planner Runtime": 9, "Total Runtime": 1229.035, "Unique SQL Id": 2933943827}}, "(64, 74)": {"explain_plan": {"Plan": {"Node Type": "Aggregate", "Strategy": "Plain", "Startup Cost": 295041.64, "Total Cost": 295041.65, "Plan Rows": 1, "Plan Width": 97, "Plans": [{"Node Type": "Hash Join", "Parent Relationship": "Outer", "Join Type": "Inner", "Startup Cost": 156168.33, "Total Cost": 295041.63, "Plan Rows": 2, "Plan Width": 33, "Inner Unique": true, "Hash Cond": "(mc.company_type_id = ct.id)", "Plans": [{"Node Type": "Hash Join", "Parent Relationship": "Outer", "Join Type": "Inner", "Startup Cost": 156167.26, "Total Cost": 295040.54, "Plan Rows": 2, "Plan Width": 37, "Inner Unique": true, "Hash Cond": "(ci.role_id = rt.id)", "Plans": [{"Node Type": "Hash Join", "Parent Relationship": "Outer", "Join Type": "Inner", "Startup Cost": 156166.1, "Total Cost": 295039.18, "Plan Rows": 40, "Plan Width": 41, "Inner Unique": true, "Hash Cond": "(mc.movie_id = t.id)", "Plans": [{"Node Type": "Streaming(type: LOCAL GATHER dop: 1/64)", "Parent Relationship": "Outer", "Startup Cost": 122261.06, "Total Cost": 261133.62, "Plan Rows": 33, "Plan Width": 32, "Plans": [{"Node Type": "Hash Join", "Parent Relationship": "Outer", "Join Type": "Inner", "Startup Cost": 122261.06, "Total Cost": 261132.94, "Plan Rows": 33, "Plan Width": 32, "Inner Unique": true, "Hash Cond": "(ci.person_role_id = chn.id)", "Plans": [{"Node Type": "Streaming(type: BROADCAST dop: 64/1)", "Parent Relationship": "Outer", "Startup Cost": 57593.12, "Total Cost": 196464.74, "Plan Rows": 4352, "Plan Width": 20, "Plans": [{"Node Type": "Hash Join", "Parent Relationship": "Outer", "Join Type": "Inner", "Startup Cost": 57593.12, "Total Cost": 133374.96, "Plan Rows": 68, "Plan Width": 20, "Inner Unique": false, "Hash Cond": "(ci.movie_id = mc.movie_id)", "Plans": [{"Node Type": "Streaming(type: LOCAL GATHER dop: 1/64)", "Parent Relationship": "Outer", "Startup Cost": 0.0, "Total Cost": 75697.06, "Plan Rows": 22295, "Plan Width": 12, "Plans": [{"Node Type": "Seq Scan", "Parent Relationship": "Outer", "Relation Name": "cast_info", "Alias": "ci", "Startup Cost": 0.0, "Total Cost": 75237.12, "Plan Rows": 22295, "Plan Width": 12, "Filter": "(((note)::text ~~ '%(voice)%'::text) AND ((note)::text ~~ '%(uncredited)%'::text))"}]}, {"Node Type": "Hash", "Parent Relationship": "Inner", "Startup Cost": 57545.89, "Total Cost": 57545.89, "Plan Rows": 3779, "Plan Width": 8, "Plans": [{"Node Type": "Hash Join", "Parent Relationship": "Outer", "Join Type": "Inner", "Startup Cost": 5906.59, "Total Cost": 57545.89, "Plan Rows": 3779, "Plan Width": 8, "Inner Unique": true, "Hash Cond": "(mc.company_id = cn.id)", "Plans": [{"Node Type": "Seq Scan", "Parent Relationship": "Outer", "Relation Name": "movie_companies", "Alias": "mc", "Startup Cost": 0.0, "Total Cost": 41817.28, "Plan Rows": 2609128, "Plan Width": 12}, {"Node Type": "Hash", "Parent Relationship": "Inner", "Startup Cost": 5903.45, "Total Cost": 5903.45, "Plan Rows": 251, "Plan Width": 4, "Plans": [{"Node Type": "Seq Scan", "Parent Relationship": "Outer", "Relation Name": "company_name", "Alias": "cn", "Startup Cost": 0.0, "Total Cost": 5903.45, "Plan Rows": 251, "Plan Width": 4, "Filter": "((country_code)::text = '[ru]'::text)"}]}]}]}]}]}, {"Node Type": "Hash", "Parent Relationship": "Inner", "Startup Cost": 64054.58, "Total Cost": 64054.58, "Plan Rows": 3140338, "Plan Width": 20, "Plans": [{"Node Type": "Seq Scan", "Parent Relationship": "Outer", "Relation Name": "char_name", "Alias": "chn", "Startup Cost": 0.0, "Total Cost": 64054.58, "Plan Rows": 3140338, "Plan Width": 20}]}]}]}, {"Node Type": "Hash", "Parent Relationship": "Inner", "Startup Cost": 84945.56, "Total Cost": 84945.56, "Plan Rows": 1013492, "Plan Width": 21, "Plans": [{"Node Type": "Streaming(type: LOCAL GATHER dop: 1/64)", "Parent Relationship": "Outer", "Startup Cost": 0.0, "Total Cost": 84945.56, "Plan Rows": 1013492, "Plan Width": 21, "Plans": [{"Node Type": "Seq Scan", "Parent Relationship": "Outer", "Relation Name": "title", "Alias": "t", "Startup Cost": 0.0, "Total Cost": 64037.34, "Plan Rows": 1013492, "Plan Width": 21, "Filter": "(production_year > 2005), (LLVM Optimized)"}]}]}]}, {"Node Type": "Hash", "Parent Relationship": "Inner", "Startup Cost": 1.15, "Total Cost": 1.15, "Plan Rows": 1, "Plan Width": 4, "Plans": [{"Node Type": "Seq Scan", "Parent Relationship": "Outer", "Relation Name": "role_type", "Alias": "rt", "Startup Cost": 0.0, "Total Cost": 1.15, "Plan Rows": 1, "Plan Width": 4, "Filter": "((role)::text = 'actor'::text)"}]}]}, {"Node Type": "Hash", "Parent Relationship": "Inner", "Startup Cost": 1.03, "Total Cost": 1.03, "Plan Rows": 3, "Plan Width": 4, "Plans": [{"Node Type": "Seq Scan", "Parent Relationship": "Outer", "Relation Name": "company_type", "Alias": "ct", "Startup Cost": 0.0, "Total Cost": 1.03, "Plan Rows": 3, "Plan Width": 4}]}]}]}, "Unique SQL Id": 2933943827, "Planner Runtime": 55}, "explain_analyze_plan": {"Plan": {"Node Type": "Aggregate", "Strategy": "Plain", "Startup Cost": 295041.64, "Total Cost": 295041.65, "Plan Rows": 1, "Plan Width": 97, "Actual Min Startup Time": 1560.978, "Actual Max Startup Time": 1560.978, "Actual Min Total Time": 1560.978, "Actual Max Total Time": 1560.978, "Plans": [{"Node Type": "Hash Join", "Parent Relationship": "Outer", "Join Type": "Inner", "Startup Cost": 156168.33, "Total Cost": 295041.63, "Plan Rows": 2, "Plan Width": 33, "Actual Min Startup Time": 1559.022, "Actual Max Startup Time": 1559.022, "Actual Min Total Time": 1560.925, "Actual Max Total Time": 1560.925, "Inner Unique": true, "Hash Cond": "(mc.company_type_id = ct.id)", "Plans": [{"Node Type": "Hash Join", "Parent Relationship": "Outer", "Join Type": "Inner", "Startup Cost": 156167.26, "Total Cost": 295040.54, "Plan Rows": 2, "Plan Width": 37, "Actual Min Startup Time": 1558.881, "Actual Max Startup Time": 1558.881, "Actual Min Total Time": 1560.769, "Actual Max Total Time": 1560.769, "Inner Unique": true, "Hash Cond": "(ci.role_id = rt.id)", "Plans": [{"Node Type": "Hash Join", "Parent Relationship": "Outer", "Join Type": "Inner", "Startup Cost": 156166.1, "Total Cost": 295039.18, "Plan Rows": 40, "Plan Width": 41, "Actual Min Startup Time": 1558.795, "Actual Max Startup Time": 1558.795, "Actual Min Total Time": 1559.203, "Actual Max Total Time": 1559.203, "Inner Unique": true, "Hash Cond": "(mc.movie_id = t.id)", "Plans": [{"Node Type": "Streaming(type: LOCAL GATHER dop: 1/64)", "Parent Relationship": "Outer", "Startup Cost": 122261.06, "Total Cost": 261133.62, "Plan Rows": 33, "Plan Width": 32, "Actual Min Startup Time": 673.369, "Actual Max Startup Time": 673.369, "Actual Min Total Time": 673.619, "Actual Max Total Time": 673.619, "Plans": [{"Node Type": "Hash Join", "Parent Relationship": "Outer", "Join Type": "Inner", "Startup Cost": 122261.06, "Total Cost": 261132.94, "Plan Rows": 33, "Plan Width": 32, "Actual Min Startup Time": 1066.448, "Actual Max Startup Time": 1329.194, "Actual Min Total Time": 1243.825, "Actual Max Total Time": 1358.797, "Inner Unique": true, "Hash Cond": "(ci.person_role_id = chn.id)", "Plans": [{"Node Type": "Streaming(type: BROADCAST dop: 64/1)", "Parent Relationship": "Outer", "Startup Cost": 57593.12, "Total Cost": 196464.74, "Plan Rows": 4352, "Plan Width": 20, "Actual Min Startup Time": 1031.1, "Actual Max Startup Time": 1146.957, "Actual Min Total Time": 1208.376, "Actual Max Total Time": 1324.177, "Plans": [{"Node Type": "Hash Join", "Parent Relationship": "Outer", "Join Type": "Inner", "Startup Cost": 57593.12, "Total Cost": 133374.96, "Plan Rows": 68, "Plan Width": 20, "Actual Min Startup Time": 1163.053, "Actual Max Startup Time": 1163.053, "Actual Min Total Time": 1334.103, "Actual Max Total Time": 1334.103, "Inner Unique": false, "Hash Cond": "(ci.movie_id = mc.movie_id)", "Plans": [{"Node Type": "Streaming(type: LOCAL GATHER dop: 1/64)", "Parent Relationship": "Outer", "Startup Cost": 0.0, "Total Cost": 75697.06, "Plan Rows": 22295, "Plan Width": 12, "Actual Min Startup Time": 0.186, "Actual Max Startup Time": 0.186, "Actual Min Total Time": 163.779, "Actual Max Total Time": 163.779, "Plans": [{"Node Type": "Seq Scan", "Parent Relationship": "Outer", "Relation Name": "cast_info", "Alias": "ci", "Startup Cost": 0.0, "Total Cost": 75237.12, "Plan Rows": 22295, "Plan Width": 12, "Actual Min Startup Time": 0.052, "Actual Max Startup Time": 6.349, "Actual Min Total Time": 174.447, "Actual Max Total Time": 195.309, "Filter": "(((note)::text ~~ '%(voice)%'::text) AND ((note)::text ~~ '%(uncredited)%'::text))", "Rows Removed by Filter": 36212055, "Actual Rows": 32288}], "Actual Rows": 32288}, {"Node Type": "Hash", "Parent Relationship": "Inner", "Startup Cost": 57545.89, "Total Cost": 57545.89, "Plan Rows": 3779, "Plan Width": 8, "Actual Min Startup Time": 1162.663, "Actual Max Startup Time": 1162.663, "Actual Min Total Time": 1162.663, "Actual Max Total Time": 1162.663, "Max Hash Buckets": 32768, "Min Hash Buckets": 32768, "Max Hash Batches": 1, "Min Hash Batches": 1, "Max Original Hash Batches": 1, "Min Original Hash Batches": 1, "Max Peak Memory Usage": 344, "min Peak Memory Usage": 344, "Plans": [{"Node Type": "Hash Join", "Parent Relationship": "Outer", "Join Type": "Inner", "Startup Cost": 5906.59, "Total Cost": 57545.89, "Plan Rows": 3779, "Plan Width": 8, "Actual Min Startup Time": 85.778, "Actual Max Startup Time": 85.778, "Actual Min Total Time": 1158.879, "Actual Max Total Time": 1158.879, "Inner Unique": true, "Hash Cond": "(mc.company_id = cn.id)", "Plans": [{"Node Type": "Seq Scan", "Parent Relationship": "Outer", "Relation Name": "movie_companies", "Alias": "mc", "Startup Cost": 0.0, "Total Cost": 41817.28, "Plan Rows": 2609128, "Plan Width": 12, "Actual Min Startup Time": 0.042, "Actual Max Startup Time": 0.042, "Actual Min Total Time": 607.902, "Actual Max Total Time": 607.902, "Actual Rows": 2609128}, {"Node Type": "Hash", "Parent Relationship": "Inner", "Startup Cost": 5903.45, "Total Cost": 5903.45, "Plan Rows": 251, "Plan Width": 4, "Actual Min Startup Time": 84.997, "Actual Max Startup Time": 84.997, "Actual Min Total Time": 84.997, "Actual Max Total Time": 84.997, "Max Hash Buckets": 32768, "Min Hash Buckets": 32768, "Max Hash Batches": 1, "Min Hash Batches": 1, "Max Original Hash Batches": 1, "Min Original Hash Batches": 1, "Max Peak Memory Usage": 48, "min Peak Memory Usage": 48, "Plans": [{"Node Type": "Seq Scan", "Parent Relationship": "Outer", "Relation Name": "company_name", "Alias": "cn", "Startup Cost": 0.0, "Total Cost": 5903.45, "Plan Rows": 251, "Plan Width": 4, "Actual Min Startup Time": 0.054, "Actual Max Startup Time": 0.054, "Actual Min Total Time": 84.101, "Actual Max Total Time": 84.101, "Filter": "((country_code)::text = '[ru]'::text)", "Rows Removed by Filter": 233635, "Actual Rows": 1361}], "Actual Rows": 1361}], "Actual Rows": 8790}], "Actual Rows": 8790}], "Actual Rows": 377}], "Actual Rows": 24128}, {"Node Type": "Hash", "Parent Relationship": "Inner", "Startup Cost": 64054.58, "Total Cost": 64054.58, "Plan Rows": 3140338, "Plan Width": 20, "Actual Min Startup Time": 27.279, "Actual Max Startup Time": 52.442, "Actual Min Total Time": 27.279, "Actual Max Total Time": 52.442, "Max Hash Buckets": 65536, "Min Hash Buckets": 65536, "Max Hash Batches": 1, "Min Hash Batches": 1, "Max Original Hash Batches": 1, "Min Original Hash Batches": 1, "Max Peak Memory Usage": 2747, "min Peak Memory Usage": 2747, "Plans": [{"Node Type": "Seq Scan", "Parent Relationship": "Outer", "Relation Name": "char_name", "Alias": "chn", "Startup Cost": 0.0, "Total Cost": 64054.58, "Plan Rows": 3140338, "Plan Width": 20, "Actual Min Startup Time": 0.028, "Actual Max Startup Time": 3.322, "Actual Min Total Time": 14.303, "Actual Max Total Time": 18.787, "Actual Rows": 3140338}], "Actual Rows": 3140338}], "Actual Rows": 337}], "Actual Rows": 337}, {"Node Type": "Hash", "Parent Relationship": "Inner", "Startup Cost": 84945.56, "Total Cost": 84945.56, "Plan Rows": 1013492, "Plan Width": 21, "Actual Min Startup Time": 884.679, "Actual Max Startup Time": 884.679, "Actual Min Total Time": 884.679, "Actual Max Total Time": 884.679, "Max Hash Buckets": 1048576, "Min Hash Buckets": 1048576, "Max Hash Batches": 1, "Min Hash Batches": 1, "Max Original Hash Batches": 1, "Min Original Hash Batches": 1, "Max Peak Memory Usage": 54335, "min Peak Memory Usage": 54335, "Plans": [{"Node Type": "Streaming(type: LOCAL GATHER dop: 1/64)", "Parent Relationship": "Outer", "Startup Cost": 0.0, "Total Cost": 84945.56, "Plan Rows": 1013492, "Plan Width": 21, "Actual Min Startup Time": 199.632, "Actual Max Startup Time": 199.632, "Actual Min Total Time": 582.988, "Actual Max Total Time": 582.988, "Plans": [{"Node Type": "Seq Scan", "Parent Relationship": "Outer", "Relation Name": "title", "Alias": "t", "Startup Cost": 0.0, "Total Cost": 64037.34, "Plan Rows": 1013492, "Plan Width": 21, "Actual Min Startup Time": 0.027, "Actual Max Startup Time": 0.052, "Actual Min Total Time": 13.833, "Actual Max Total Time": 18.952, "Filter": "(production_year > 2005), (LLVM Optimized, Jit Execute)", "Rows Removed by Filter": 1515391, "Actual Rows": 1012920}], "Actual Rows": 1012920}], "Actual Rows": 1012920}], "Actual Rows": 135}, {"Node Type": "Hash", "Parent Relationship": "Inner", "Startup Cost": 1.15, "Total Cost": 1.15, "Plan Rows": 1, "Plan Width": 4, "Actual Min Startup Time": 0.048, "Actual Max Startup Time": 0.048, "Actual Min Total Time": 0.048, "Actual Max Total Time": 0.048, "Max Hash Buckets": 32768, "Min Hash Buckets": 32768, "Max Hash Batches": 1, "Min Hash Batches": 1, "Max Original Hash Batches": 1, "Min Original Hash Batches": 1, "Max Peak Memory Usage": 1, "min Peak Memory Usage": 1, "Plans": [{"Node Type": "Seq Scan", "Parent Relationship": "Outer", "Relation Name": "role_type", "Alias": "rt", "Startup Cost": 0.0, "Total Cost": 1.15, "Plan Rows": 1, "Plan Width": 4, "Actual Min Startup Time": 0.036, "Actual Max Startup Time": 0.036, "Actual Min Total Time": 0.04, "Actual Max Total Time": 0.04, "Filter": "((role)::text = 'actor'::text)", "Rows Removed by Filter": 11, "Actual Rows": 1}], "Actual Rows": 1}], "Actual Rows": 104}, {"Node Type": "Hash", "Parent Relationship": "Inner", "Startup Cost": 1.03, "Total Cost": 1.03, "Plan Rows": 3, "Plan Width": 4, "Actual Min Startup Time": 0.05, "Actual Max Startup Time": 0.05, "Actual Min Total Time": 0.05, "Actual Max Total Time": 0.05, "Max Hash Buckets": 32768, "Min Hash Buckets": 32768, "Max Hash Batches": 1, "Min Hash Batches": 1, "Max Original Hash Batches": 1, "Min Original Hash Batches": 1, "Max Peak Memory Usage": 1, "min Peak Memory Usage": 1, "Plans": [{"Node Type": "Seq Scan", "Parent Relationship": "Outer", "Relation Name": "company_type", "Alias": "ct", "Startup Cost": 0.0, "Total Cost": 1.03, "Plan Rows": 3, "Plan Width": 4, "Actual Min Startup Time": 0.032, "Actual Max Startup Time": 0.032, "Actual Min Total Time": 0.036, "Actual Max Total Time": 0.036, "Actual Rows": 3}], "Actual Rows": 3}], "Actual Rows": 18}], "Actual Rows": 1}, "Triggers": [], "Planner Runtime": 45, "Total Runtime": 1609.392, "Unique SQL Id": 2933943827}}, "(64, 75)": {"explain_plan": {"Plan": {"Node Type": "Aggregate", "Strategy": "Plain", "Startup Cost": 6488202628266.15, "Total Cost": 6488202628266.16, "Plan Rows": 1, "Plan Width": 97, "Plans": [{"Node Type": "Hash Join", "Parent Relationship": "Outer", "Join Type": "Inner", "Startup Cost": 4510041135258.86, "Total Cost": 6488202628266.13, "Plan Rows": 4, "Plan Width": 33, "Inner Unique": true, "Hash Cond": "(ci.role_id = rt.id)", "Plans": [{"Node Type": "Hash Join", "Parent Relationship": "Outer", "Join Type": "Inner", "Startup Cost": 3510041134012.84, "Total Cost": 5488202627019.92, "Plan Rows": 40, "Plan Width": 37, "Inner Unique": true, "Hash Cond": "(mc.company_type_id = ct.id)", "Plans": [{"Node Type": "Hash Join", "Parent Relationship": "Outer", "Join Type": "Inner", "Startup Cost": 2510041133183.31, "Total Cost": 4488202626189.84, "Plan Rows": 40, "Plan Width": 41, "Inner Unique": true, "Hash Cond": "(mc.company_id = cn.id)", "Plans": [{"Node Type": "Merge Join", "Parent Relationship": "Outer", "Join Type": "Inner", "Startup Cost": 1510040083041.2, "Total Cost": 3488201575943.41, "Plan Rows": 27712, "Plan Width": 45, "Inner Unique": false, "Merge Cond": "(t.id = mc.movie_id)", "Plans": [{"Node Type": "Merge Join", "Parent Relationship": "Outer", "Join Type": "Inner", "Startup Cost": 1500040083041.2, "Total Cost": 2489168673554.28, "Plan Rows": 13119, "Plan Width": 45, "Inner Unique": true, "Merge Cond": "(ci.movie_id = t.id)", "Plans": [{"Node Type": "Sort", "Parent Relationship": "Outer", "Startup Cost": 1490040083041.2, "Total Cost": 1490040083068.22, "Plan Rows": 10808, "Plan Width": 24, "Sort Key": ["ci.movie_id"], "Plans": [{"Node Type": "Merge Join", "Parent Relationship": "Outer", "Join Type": "Inner", "Startup Cost": 59439679227.39, "Total Cost": 1490040082317.07, "Plan Rows": 10808, "Plan Width": 24, "Inner Unique": false, "Merge Cond": "(chn.id = ci.person_role_id)", "Plans": [{"Node Type": "Index Scan", "Parent Relationship": "Outer", "Scan Direction": "Forward", "Index Name": "char_name_pkey", "Relation Name": "char_name", "Alias": "chn", "Startup Cost": 10000000000.0, "Total Cost": 1000012987545.51, "Plan Rows": 3140338, "Plan Width": 20}, {"Node Type": "Index Scan", "Parent Relationship": "Inner", "Scan Direction": "Forward", "Index Name": "person_role_id_cast_info", "Relation Name": "cast_info", "Alias": "ci", "Startup Cost": 10000000000.0, "Total Cost": 1000211315681.48, "Plan Rows": 22295, "Plan Width": 12, "Filter": "(((note)::text ~~ '%(voice)%'::text) AND ((note)::text ~~ '%(uncredited)%'::text))"}]}]}, {"Node Type": "Index Scan", "Parent Relationship": "Inner", "Scan Direction": "Forward", "Index Name": "title_pkey", "Relation Name": "title", "Alias": "t", "Startup Cost": 10000000000.0, "Total Cost": 1000011644126.66, "Plan Rows": 1013492, "Plan Width": 21, "Filter": "(production_year > 2005), (LLVM Optimized)"}]}, {"Node Type": "Index Scan", "Parent Relationship": "Inner", "Scan Direction": "Forward", "Index Name": "movie_id_movie_companies", "Relation Name": "movie_companies", "Alias": "mc", "Startup Cost": 10000000000.0, "Total Cost": 1000013051946.13, "Plan Rows": 2609128, "Plan Width": 12}]}, {"Node Type": "Hash", "Parent Relationship": "Inner", "Startup Cost": 1000001050138.97, "Total Cost": 1000001050138.97, "Plan Rows": 251, "Plan Width": 4, "Plans": [{"Node Type": "Index Scan", "Parent Relationship": "Outer", "Scan Direction": "Forward", "Index Name": "company_name_pkey", "Relation Name": "company_name", "Alias": "cn", "Startup Cost": 10000000000.0, "Total Cost": 1000001050138.97, "Plan Rows": 251, "Plan Width": 4, "Filter": "((country_code)::text = '[ru]'::text)"}]}]}, {"Node Type": "Hash", "Parent Relationship": "Inner", "Startup Cost": 1000000000829.5, "Total Cost": 1000000000829.5, "Plan Rows": 3, "Plan Width": 4, "Plans": [{"Node Type": "Index Only Scan", "Parent Relationship": "Outer", "Scan Direction": "Forward", "Index Name": "company_type_pkey", "Relation Name": "company_type", "Alias": "ct", "Startup Cost": 10000000000.0, "Total Cost": 1000000000829.5, "Plan Rows": 3, "Plan Width": 4}]}]}, {"Node Type": "Hash", "Parent Relationship": "Inner", "Startup Cost": 1000000001246.0, "Total Cost": 1000000001246.0, "Plan Rows": 1, "Plan Width": 4, "Plans": [{"Node Type": "Index Scan", "Parent Relationship": "Outer", "Scan Direction": "Forward", "Index Name": "role_type_pkey", "Relation Name": "role_type", "Alias": "rt", "Startup Cost": 10000000000.0, "Total Cost": 1000000001246.0, "Plan Rows": 1, "Plan Width": 4, "Filter": "((role)::text = 'actor'::text)"}]}]}]}, "Unique SQL Id": 2933943827, "Planner Runtime": 60}, "explain_analyze_plan": null}, "(64, 76)": {"explain_plan": {"Plan": {"Node Type": "Aggregate", "Strategy": "Plain", "Startup Cost": 19914.67, "Total Cost": 19914.68, "Plan Rows": 1, "Plan Width": 97, "Plans": [{"Node Type": "Nested Loop", "Parent Relationship": "Outer", "Join Type": "Inner", "Startup Cost": 0.0, "Total Cost": 19914.66, "Plan Rows": 2, "Plan Width": 33, "Inner Unique": true, "Plans": [{"Node Type": "Nested Loop", "Parent Relationship": "Outer", "Join Type": "Inner", "Startup Cost": 0.0, "Total Cost": 19914.1, "Plan Rows": 2, "Plan Width": 37, "Inner Unique": true, "Plans": [{"Node Type": "Nested Loop", "Parent Relationship": "Outer", "Join Type": "Inner", "Startup Cost": 0.0, "Total Cost": 19887.22, "Plan Rows": 5, "Plan Width": 25, "Inner Unique": true, "Plans": [{"Node Type": "Nested Loop", "Parent Relationship": "Outer", "Join Type": "Inner", "Startup Cost": 0.0, "Total Cost": 19885.12, "Plan Rows": 6, "Plan Width": 16, "Inner Unique": true, "Plans": [{"Node Type": "Nested Loop", "Parent Relationship": "Outer", "Join Type": "Inner", "Startup Cost": 0.0, "Total Cost": 19865.87, "Plan Rows": 68, "Plan Width": 20, "Inner Unique": false, "Plans": [{"Node Type": "Nested Loop", "Parent Relationship": "Outer", "Join Type": "Inner", "Startup Cost": 0.0, "Total Cost": 16121.55, "Plan Rows": 3779, "Plan Width": 8, "Inner Unique": false, "Plans": [{"Node Type": "Seq Scan", "Parent Relationship": "Outer", "Relation Name": "company_name", "Alias": "cn", "Startup Cost": 0.0, "Total Cost": 5903.45, "Plan Rows": 251, "Plan Width": 4, "Filter": "((country_code)::text = '[ru]'::text)"}, {"Node Type": "Index Scan", "Parent Relationship": "Inner", "Scan Direction": "Forward", "Index Name": "company_id_movie_companies", "Relation Name": "movie_companies", "Alias": "mc", "Startup Cost": 0.0, "Total Cost": 40.56, "Plan Rows": 15, "Plan Width": 12, "Index Cond": "(company_id = cn.id)"}]}, {"Node Type": "Index Scan", "Parent Relationship": "Inner", "Scan Direction": "Forward", "Index Name": "movie_id_cast_info", "Relation Name": "cast_info", "Alias": "ci", "Startup Cost": 0.0, "Total Cost": 0.98, "Plan Rows": 1, "Plan Width": 12, "Index Cond": "(movie_id = mc.movie_id)", "Filter": "(((note)::text ~~ '%(voice)%'::text) AND ((note)::text ~~ '%(uncredited)%'::text))"}]}, {"Node Type": "Index Scan", "Parent Relationship": "Inner", "Scan Direction": "Forward", "Index Name": "role_type_pkey", "Relation Name": "role_type", "Alias": "rt", "Startup Cost": 0.0, "Total Cost": 0.27, "Plan Rows": 1, "Plan Width": 4, "Index Cond": "(id = ci.role_id)", "Filter": "((role)::text = 'actor'::text)"}]}, {"Node Type": "Index Scan", "Parent Relationship": "Inner", "Scan Direction": "Forward", "Index Name": "title_pkey", "Relation Name": "title", "Alias": "t", "Startup Cost": 0.0, "Total Cost": 0.34, "Plan Rows": 1, "Plan Width": 21, "Index Cond": "(id = mc.movie_id)", "Filter": "(production_year > 2005)"}]}, {"Node Type": "Index Scan", "Parent Relationship": "Inner", "Scan Direction": "Forward", "Index Name": "char_name_pkey", "Relation Name": "char_name", "Alias": "chn", "Startup Cost": 0.0, "Total Cost": 5.37, "Plan Rows": 1, "Plan Width": 20, "Index Cond": "(id = ci.person_role_id)"}]}, {"Node Type": "Index Scan", "Parent Relationship": "Inner", "Scan Direction": "Forward", "Index Name": "company_type_pkey", "Relation Name": "company_type", "Alias": "ct", "Startup Cost": 0.0, "Total Cost": 0.27, "Plan Rows": 1, "Plan Width": 4, "Index Cond": "(id = mc.company_type_id)"}]}]}, "Unique SQL Id": 2933943827, "Planner Runtime": 23}, "explain_analyze_plan": {"Plan": {"Node Type": "Aggregate", "Strategy": "Plain", "Startup Cost": 19914.67, "Total Cost": 19914.68, "Plan Rows": 1, "Plan Width": 97, "Actual Startup Time": 893.035, "Actual Total Time": 893.035, "Actual Rows": 1, "Actual Loops": 1, "Plans": [{"Node Type": "Nested Loop", "Parent Relationship": "Outer", "Join Type": "Inner", "Startup Cost": 0.0, "Total Cost": 19914.66, "Plan Rows": 2, "Plan Width": 33, "Actual Startup Time": 45.837, "Actual Total Time": 892.941, "Actual Rows": 18, "Actual Loops": 1, "Inner Unique": true, "Plans": [{"Node Type": "Nested Loop", "Parent Relationship": "Outer", "Join Type": "Inner", "Startup Cost": 0.0, "Total Cost": 19914.1, "Plan Rows": 2, "Plan Width": 37, "Actual Startup Time": 9.473, "Actual Total Time": 892.647, "Actual Rows": 104, "Actual Loops": 1, "Inner Unique": true, "Plans": [{"Node Type": "Nested Loop", "Parent Relationship": "Outer", "Join Type": "Inner", "Startup Cost": 0.0, "Total Cost": 19887.22, "Plan Rows": 5, "Plan Width": 25, "Actual Startup Time": 9.459, "Actual Total Time": 891.527, "Actual Rows": 112, "Actual Loops": 1, "Inner Unique": true, "Plans": [{"Node Type": "Nested Loop", "Parent Relationship": "Outer", "Join Type": "Inner", "Startup Cost": 0.0, "Total Cost": 19885.12, "Plan Rows": 6, "Plan Width": 16, "Actual Startup Time": 0.838, "Actual Total Time": 889.18, "Actual Rows": 275, "Actual Loops": 1, "Inner Unique": true, "Plans": [{"Node Type": "Nested Loop", "Parent Relationship": "Outer", "Join Type": "Inner", "Startup Cost": 0.0, "Total Cost": 19865.87, "Plan Rows": 68, "Plan Width": 20, "Actual Startup Time": 0.831, "Actual Total Time": 887.497, "Actual Rows": 377, "Actual Loops": 1, "Inner Unique": false, "Plans": [{"Node Type": "Nested Loop", "Parent Relationship": "Outer", "Join Type": "Inner", "Startup Cost": 0.0, "Total Cost": 16121.55, "Plan Rows": 3779, "Plan Width": 8, "Actual Startup Time": 0.073, "Actual Total Time": 109.034, "Actual Rows": 8790, "Actual Loops": 1, "Inner Unique": false, "Plans": [{"Node Type": "Seq Scan", "Parent Relationship": "Outer", "Relation Name": "company_name", "Alias": "cn", "Startup Cost": 0.0, "Total Cost": 5903.45, "Plan Rows": 251, "Plan Width": 4, "Actual Startup Time": 0.05, "Actual Total Time": 82.225, "Actual Rows": 1361, "Actual Loops": 1, "Filter": "((country_code)::text = '[ru]'::text)", "Rows Removed by Filter": 233635}, {"Node Type": "Index Scan", "Parent Relationship": "Inner", "Scan Direction": "Forward", "Index Name": "company_id_movie_companies", "Relation Name": "movie_companies", "Alias": "mc", "Startup Cost": 0.0, "Total Cost": 40.56, "Plan Rows": 15, "Plan Width": 12, "Actual Startup Time": 9.904, "Actual Total Time": 23.489, "Actual Rows": 8790, "Actual Loops": 1361, "Index Cond": "(company_id = cn.id)", "Rows Removed by Index Recheck": 0}]}, {"Node Type": "Index Scan", "Parent Relationship": "Inner", "Scan Direction": "Forward", "Index Name": "movie_id_cast_info", "Relation Name": "cast_info", "Alias": "ci", "Startup Cost": 0.0, "Total Cost": 0.98, "Plan Rows": 1, "Plan Width": 12, "Actual Startup Time": 728.151, "Actual Total Time": 772.927, "Actual Rows": 377, "Actual Loops": 8790, "Index Cond": "(movie_id = mc.movie_id)", "Rows Removed by Index Recheck": 0, "Filter": "(((note)::text ~~ '%(voice)%'::text) AND ((note)::text ~~ '%(uncredited)%'::text))", "Rows Removed by Filter": 408168}]}, {"Node Type": "Index Scan", "Parent Relationship": "Inner", "Scan Direction": "Forward", "Index Name": "role_type_pkey", "Relation Name": "role_type", "Alias": "rt", "Startup Cost": 0.0, "Total Cost": 0.27, "Plan Rows": 1, "Plan Width": 4, "Actual Startup Time": 1.145, "Actual Total Time": 1.145, "Actual Rows": 275, "Actual Loops": 377, "Index Cond": "(id = ci.role_id)", "Rows Removed by Index Recheck": 0, "Filter": "((role)::text = 'actor'::text)", "Rows Removed by Filter": 102}]}, {"Node Type": "Index Scan", "Parent Relationship": "Inner", "Scan Direction": "Forward", "Index Name": "title_pkey", "Relation Name": "title", "Alias": "t", "Startup Cost": 0.0, "Total Cost": 0.34, "Plan Rows": 1, "Plan Width": 21, "Actual Startup Time": 1.979, "Actual Total Time": 1.979, "Actual Rows": 112, "Actual Loops": 275, "Index Cond": "(id = mc.movie_id)", "Rows Removed by Index Recheck": 0, "Filter": "(production_year > 2005)", "Rows Removed by Filter": 163}]}, {"Node Type": "Index Scan", "Parent Relationship": "Inner", "Scan Direction": "Forward", "Index Name": "char_name_pkey", "Relation Name": "char_name", "Alias": "chn", "Startup Cost": 0.0, "Total Cost": 5.37, "Plan Rows": 1, "Plan Width": 20, "Actual Startup Time": 0.885, "Actual Total Time": 0.885, "Actual Rows": 104, "Actual Loops": 112, "Index Cond": "(id = ci.person_role_id)", "Rows Removed by Index Recheck": 0}]}, {"Node Type": "Index Scan", "Parent Relationship": "Inner", "Scan Direction": "Forward", "Index Name": "company_type_pkey", "Relation Name": "company_type", "Alias": "ct", "Startup Cost": 0.0, "Total Cost": 0.27, "Plan Rows": 1, "Plan Width": 4, "Actual Startup Time": 0.155, "Actual Total Time": 0.155, "Actual Rows": 18, "Actual Loops": 104, "Index Cond": "(id = mc.company_type_id)", "Rows Removed by Index Recheck": 0}]}]}, "Triggers": [], "Planner Runtime": 14, "Total Runtime": 893.39, "Unique SQL Id": 2933943827}}, "(64, 77)": {"explain_plan": {"Plan": {"Node Type": "Aggregate", "Strategy": "Plain", "Startup Cost": 24512.61, "Total Cost": 24512.62, "Plan Rows": 1, "Plan Width": 97, "Plans": [{"Node Type": "Nested Loop", "Parent Relationship": "Outer", "Join Type": "Inner", "Startup Cost": 0.0, "Total Cost": 24512.6, "Plan Rows": 2, "Plan Width": 33, "Inner Unique": true, "Plans": [{"Node Type": "Nested Loop", "Parent Relationship": "Outer", "Join Type": "Inner", "Startup Cost": 0.0, "Total Cost": 24512.04, "Plan Rows": 2, "Plan Width": 37, "Inner Unique": true, "Plans": [{"Node Type": "Nested Loop", "Parent Relationship": "Outer", "Join Type": "Inner", "Startup Cost": 0.0, "Total Cost": 24485.16, "Plan Rows": 5, "Plan Width": 25, "Inner Unique": true, "Plans": [{"Node Type": "Nested Loop", "Parent Relationship": "Outer", "Join Type": "Inner", "Startup Cost": 0.0, "Total Cost": 24483.05, "Plan Rows": 6, "Plan Width": 16, "Inner Unique": true, "Plans": [{"Node Type": "Nested Loop", "Parent Relationship": "Outer", "Join Type": "Inner", "Startup Cost": 0.0, "Total Cost": 24463.81, "Plan Rows": 68, "Plan Width": 20, "Inner Unique": false, "Plans": [{"Node Type": "Nested Loop", "Parent Relationship": "Outer", "Join Type": "Inner", "Startup Cost": 0.0, "Total Cost": 20719.49, "Plan Rows": 3779, "Plan Width": 8, "Inner Unique": false, "Plans": [{"Node Type": "Index Scan", "Parent Relationship": "Outer", "Scan Direction": "Forward", "Index Name": "company_name_pkey", "Relation Name": "company_name", "Alias": "cn", "Startup Cost": 0.0, "Total Cost": 10501.39, "Plan Rows": 251, "Plan Width": 4, "Filter": "((country_code)::text = '[ru]'::text)"}, {"Node Type": "Index Scan", "Parent Relationship": "Inner", "Scan Direction": "Forward", "Index Name": "company_id_movie_companies", "Relation Name": "movie_companies", "Alias": "mc", "Startup Cost": 0.0, "Total Cost": 40.56, "Plan Rows": 15, "Plan Width": 12, "Index Cond": "(company_id = cn.id)"}]}, {"Node Type": "Index Scan", "Parent Relationship": "Inner", "Scan Direction": "Forward", "Index Name": "movie_id_cast_info", "Relation Name": "cast_info", "Alias": "ci", "Startup Cost": 0.0, "Total Cost": 0.98, "Plan Rows": 1, "Plan Width": 12, "Index Cond": "(movie_id = mc.movie_id)", "Filter": "(((note)::text ~~ '%(voice)%'::text) AND ((note)::text ~~ '%(uncredited)%'::text))"}]}, {"Node Type": "Index Scan", "Parent Relationship": "Inner", "Scan Direction": "Forward", "Index Name": "role_type_pkey", "Relation Name": "role_type", "Alias": "rt", "Startup Cost": 0.0, "Total Cost": 0.27, "Plan Rows": 1, "Plan Width": 4, "Index Cond": "(id = ci.role_id)", "Filter": "((role)::text = 'actor'::text)"}]}, {"Node Type": "Index Scan", "Parent Relationship": "Inner", "Scan Direction": "Forward", "Index Name": "title_pkey", "Relation Name": "title", "Alias": "t", "Startup Cost": 0.0, "Total Cost": 0.34, "Plan Rows": 1, "Plan Width": 21, "Index Cond": "(id = mc.movie_id)", "Filter": "(production_year > 2005)"}]}, {"Node Type": "Index Scan", "Parent Relationship": "Inner", "Scan Direction": "Forward", "Index Name": "char_name_pkey", "Relation Name": "char_name", "Alias": "chn", "Startup Cost": 0.0, "Total Cost": 5.37, "Plan Rows": 1, "Plan Width": 20, "Index Cond": "(id = ci.person_role_id)"}]}, {"Node Type": "Index Scan", "Parent Relationship": "Inner", "Scan Direction": "Forward", "Index Name": "company_type_pkey", "Relation Name": "company_type", "Alias": "ct", "Startup Cost": 0.0, "Total Cost": 0.27, "Plan Rows": 1, "Plan Width": 4, "Index Cond": "(id = mc.company_type_id)"}]}]}, "Unique SQL Id": 2933943827, "Planner Runtime": 16}, "explain_analyze_plan": {"Plan": {"Node Type": "Aggregate", "Strategy": "Plain", "Startup Cost": 24512.61, "Total Cost": 24512.62, "Plan Rows": 1, "Plan Width": 97, "Actual Startup Time": 1323.524, "Actual Total Time": 1323.524, "Actual Rows": 1, "Actual Loops": 1, "Plans": [{"Node Type": "Nested Loop", "Parent Relationship": "Outer", "Join Type": "Inner", "Startup Cost": 0.0, "Total Cost": 24512.6, "Plan Rows": 2, "Plan Width": 33, "Actual Startup Time": 39.45, "Actual Total Time": 1323.421, "Actual Rows": 18, "Actual Loops": 1, "Inner Unique": true, "Plans": [{"Node Type": "Nested Loop", "Parent Relationship": "Outer", "Join Type": "Inner", "Startup Cost": 0.0, "Total Cost": 24512.04, "Plan Rows": 2, "Plan Width": 37, "Actual Startup Time": 30.257, "Actual Total Time": 1323.081, "Actual Rows": 104, "Actual Loops": 1, "Inner Unique": true, "Plans": [{"Node Type": "Nested Loop", "Parent Relationship": "Outer", "Join Type": "Inner", "Startup Cost": 0.0, "Total Cost": 24485.16, "Plan Rows": 5, "Plan Width": 25, "Actual Startup Time": 30.24, "Actual Total Time": 1321.725, "Actual Rows": 112, "Actual Loops": 1, "Inner Unique": true, "Plans": [{"Node Type": "Nested Loop", "Parent Relationship": "Outer", "Join Type": "Inner", "Startup Cost": 0.0, "Total Cost": 24483.05, "Plan Rows": 6, "Plan Width": 16, "Actual Startup Time": 9.462, "Actual Total Time": 1318.795, "Actual Rows": 275, "Actual Loops": 1, "Inner Unique": true, "Plans": [{"Node Type": "Nested Loop", "Parent Relationship": "Outer", "Join Type": "Inner", "Startup Cost": 0.0, "Total Cost": 24463.81, "Plan Rows": 68, "Plan Width": 20, "Actual Startup Time": 9.452, "Actual Total Time": 1317.093, "Actual Rows": 377, "Actual Loops": 1, "Inner Unique": false, "Plans": [{"Node Type": "Nested Loop", "Parent Relationship": "Outer", "Join Type": "Inner", "Startup Cost": 0.0, "Total Cost": 20719.49, "Plan Rows": 3779, "Plan Width": 8, "Actual Startup Time": 0.663, "Actual Total Time": 320.977, "Actual Rows": 8790, "Actual Loops": 1, "Inner Unique": false, "Plans": [{"Node Type": "Index Scan", "Parent Relationship": "Outer", "Scan Direction": "Forward", "Index Name": "company_name_pkey", "Relation Name": "company_name", "Alias": "cn", "Startup Cost": 0.0, "Total Cost": 10501.39, "Plan Rows": 251, "Plan Width": 4, "Actual Startup Time": 0.641, "Actual Total Time": 290.846, "Actual Rows": 1361, "Actual Loops": 1, "Filter": "((country_code)::text = '[ru]'::text)", "Rows Removed by Filter": 233635}, {"Node Type": "Index Scan", "Parent Relationship": "Inner", "Scan Direction": "Forward", "Index Name": "company_id_movie_companies", "Relation Name": "movie_companies", "Alias": "mc", "Startup Cost": 0.0, "Total Cost": 40.56, "Plan Rows": 15, "Plan Width": 12, "Actual Startup Time": 10.258, "Actual Total Time": 26.506, "Actual Rows": 8790, "Actual Loops": 1361, "Index Cond": "(company_id = cn.id)", "Rows Removed by Index Recheck": 0}]}, {"Node Type": "Index Scan", "Parent Relationship": "Inner", "Scan Direction": "Forward", "Index Name": "movie_id_cast_info", "Relation Name": "cast_info", "Alias": "ci", "Startup Cost": 0.0, "Total Cost": 0.98, "Plan Rows": 1, "Plan Width": 12, "Actual Startup Time": 931.807, "Actual Total Time": 990.444, "Actual Rows": 377, "Actual Loops": 8790, "Index Cond": "(movie_id = mc.movie_id)", "Rows Removed by Index Recheck": 0, "Filter": "(((note)::text ~~ '%(voice)%'::text) AND ((note)::text ~~ '%(uncredited)%'::text))", "Rows Removed by Filter": 408168}]}, {"Node Type": "Index Scan", "Parent Relationship": "Inner", "Scan Direction": "Forward", "Index Name": "role_type_pkey", "Relation Name": "role_type", "Alias": "rt", "Startup Cost": 0.0, "Total Cost": 0.27, "Plan Rows": 1, "Plan Width": 4, "Actual Startup Time": 1.096, "Actual Total Time": 1.096, "Actual Rows": 275, "Actual Loops": 377, "Index Cond": "(id = ci.role_id)", "Rows Removed by Index Recheck": 0, "Filter": "((role)::text = 'actor'::text)", "Rows Removed by Filter": 102}]}, {"Node Type": "Index Scan", "Parent Relationship": "Inner", "Scan Direction": "Forward", "Index Name": "title_pkey", "Relation Name": "title", "Alias": "t", "Startup Cost": 0.0, "Total Cost": 0.34, "Plan Rows": 1, "Plan Width": 21, "Actual Startup Time": 2.498, "Actual Total Time": 2.498, "Actual Rows": 112, "Actual Loops": 275, "Index Cond": "(id = mc.movie_id)", "Rows Removed by Index Recheck": 0, "Filter": "(production_year > 2005)", "Rows Removed by Filter": 163}]}, {"Node Type": "Index Scan", "Parent Relationship": "Inner", "Scan Direction": "Forward", "Index Name": "char_name_pkey", "Relation Name": "char_name", "Alias": "chn", "Startup Cost": 0.0, "Total Cost": 5.37, "Plan Rows": 1, "Plan Width": 20, "Actual Startup Time": 1.058, "Actual Total Time": 1.058, "Actual Rows": 104, "Actual Loops": 112, "Index Cond": "(id = ci.person_role_id)", "Rows Removed by Index Recheck": 0}]}, {"Node Type": "Index Scan", "Parent Relationship": "Inner", "Scan Direction": "Forward", "Index Name": "company_type_pkey", "Relation Name": "company_type", "Alias": "ct", "Startup Cost": 0.0, "Total Cost": 0.27, "Plan Rows": 1, "Plan Width": 4, "Actual Startup Time": 0.174, "Actual Total Time": 0.174, "Actual Rows": 18, "Actual Loops": 104, "Index Cond": "(id = mc.company_type_id)", "Rows Removed by Index Recheck": 0}]}]}, "Triggers": [], "Planner Runtime": 9, "Total Runtime": 1323.9, "Unique SQL Id": 2933943827}}, "(64, 78)": {"explain_plan": {"Plan": {"Node Type": "Aggregate", "Strategy": "Plain", "Startup Cost": 295041.64, "Total Cost": 295041.65, "Plan Rows": 1, "Plan Width": 97, "Plans": [{"Node Type": "Hash Join", "Parent Relationship": "Outer", "Join Type": "Inner", "Startup Cost": 156168.33, "Total Cost": 295041.63, "Plan Rows": 2, "Plan Width": 33, "Inner Unique": true, "Hash Cond": "(mc.company_type_id = ct.id)", "Plans": [{"Node Type": "Hash Join", "Parent Relationship": "Outer", "Join Type": "Inner", "Startup Cost": 156167.26, "Total Cost": 295040.54, "Plan Rows": 2, "Plan Width": 37, "Inner Unique": true, "Hash Cond": "(ci.role_id = rt.id)", "Plans": [{"Node Type": "Hash Join", "Parent Relationship": "Outer", "Join Type": "Inner", "Startup Cost": 156166.1, "Total Cost": 295039.18, "Plan Rows": 40, "Plan Width": 41, "Inner Unique": true, "Hash Cond": "(mc.movie_id = t.id)", "Plans": [{"Node Type": "Streaming(type: LOCAL GATHER dop: 1/64)", "Parent Relationship": "Outer", "Startup Cost": 122261.06, "Total Cost": 261133.62, "Plan Rows": 33, "Plan Width": 32, "Plans": [{"Node Type": "Hash Join", "Parent Relationship": "Outer", "Join Type": "Inner", "Startup Cost": 122261.06, "Total Cost": 261132.94, "Plan Rows": 33, "Plan Width": 32, "Inner Unique": true, "Hash Cond": "(ci.person_role_id = chn.id)", "Plans": [{"Node Type": "Streaming(type: BROADCAST dop: 64/1)", "Parent Relationship": "Outer", "Startup Cost": 57593.12, "Total Cost": 196464.74, "Plan Rows": 4352, "Plan Width": 20, "Plans": [{"Node Type": "Hash Join", "Parent Relationship": "Outer", "Join Type": "Inner", "Startup Cost": 57593.12, "Total Cost": 133374.96, "Plan Rows": 68, "Plan Width": 20, "Inner Unique": false, "Hash Cond": "(ci.movie_id = mc.movie_id)", "Plans": [{"Node Type": "Streaming(type: LOCAL GATHER dop: 1/64)", "Parent Relationship": "Outer", "Startup Cost": 0.0, "Total Cost": 75697.06, "Plan Rows": 22295, "Plan Width": 12, "Plans": [{"Node Type": "Seq Scan", "Parent Relationship": "Outer", "Relation Name": "cast_info", "Alias": "ci", "Startup Cost": 0.0, "Total Cost": 75237.12, "Plan Rows": 22295, "Plan Width": 12, "Filter": "(((note)::text ~~ '%(voice)%'::text) AND ((note)::text ~~ '%(uncredited)%'::text))"}]}, {"Node Type": "Hash", "Parent Relationship": "Inner", "Startup Cost": 57545.89, "Total Cost": 57545.89, "Plan Rows": 3779, "Plan Width": 8, "Plans": [{"Node Type": "Hash Join", "Parent Relationship": "Outer", "Join Type": "Inner", "Startup Cost": 5906.59, "Total Cost": 57545.89, "Plan Rows": 3779, "Plan Width": 8, "Inner Unique": true, "Hash Cond": "(mc.company_id = cn.id)", "Plans": [{"Node Type": "Seq Scan", "Parent Relationship": "Outer", "Relation Name": "movie_companies", "Alias": "mc", "Startup Cost": 0.0, "Total Cost": 41817.28, "Plan Rows": 2609128, "Plan Width": 12}, {"Node Type": "Hash", "Parent Relationship": "Inner", "Startup Cost": 5903.45, "Total Cost": 5903.45, "Plan Rows": 251, "Plan Width": 4, "Plans": [{"Node Type": "Seq Scan", "Parent Relationship": "Outer", "Relation Name": "company_name", "Alias": "cn", "Startup Cost": 0.0, "Total Cost": 5903.45, "Plan Rows": 251, "Plan Width": 4, "Filter": "((country_code)::text = '[ru]'::text)"}]}]}]}]}]}, {"Node Type": "Hash", "Parent Relationship": "Inner", "Startup Cost": 64054.58, "Total Cost": 64054.58, "Plan Rows": 3140338, "Plan Width": 20, "Plans": [{"Node Type": "Seq Scan", "Parent Relationship": "Outer", "Relation Name": "char_name", "Alias": "chn", "Startup Cost": 0.0, "Total Cost": 64054.58, "Plan Rows": 3140338, "Plan Width": 20}]}]}]}, {"Node Type": "Hash", "Parent Relationship": "Inner", "Startup Cost": 84945.56, "Total Cost": 84945.56, "Plan Rows": 1013492, "Plan Width": 21, "Plans": [{"Node Type": "Streaming(type: LOCAL GATHER dop: 1/64)", "Parent Relationship": "Outer", "Startup Cost": 0.0, "Total Cost": 84945.56, "Plan Rows": 1013492, "Plan Width": 21, "Plans": [{"Node Type": "Seq Scan", "Parent Relationship": "Outer", "Relation Name": "title", "Alias": "t", "Startup Cost": 0.0, "Total Cost": 64037.34, "Plan Rows": 1013492, "Plan Width": 21, "Filter": "(production_year > 2005), (LLVM Optimized)"}]}]}]}, {"Node Type": "Hash", "Parent Relationship": "Inner", "Startup Cost": 1.15, "Total Cost": 1.15, "Plan Rows": 1, "Plan Width": 4, "Plans": [{"Node Type": "Seq Scan", "Parent Relationship": "Outer", "Relation Name": "role_type", "Alias": "rt", "Startup Cost": 0.0, "Total Cost": 1.15, "Plan Rows": 1, "Plan Width": 4, "Filter": "((role)::text = 'actor'::text)"}]}]}, {"Node Type": "Hash", "Parent Relationship": "Inner", "Startup Cost": 1.03, "Total Cost": 1.03, "Plan Rows": 3, "Plan Width": 4, "Plans": [{"Node Type": "Seq Scan", "Parent Relationship": "Outer", "Relation Name": "company_type", "Alias": "ct", "Startup Cost": 0.0, "Total Cost": 1.03, "Plan Rows": 3, "Plan Width": 4}]}]}]}, "Unique SQL Id": 2933943827, "Planner Runtime": 56}, "explain_analyze_plan": {"Plan": {"Node Type": "Aggregate", "Strategy": "Plain", "Startup Cost": 295041.64, "Total Cost": 295041.65, "Plan Rows": 1, "Plan Width": 97, "Actual Min Startup Time": 1560.978, "Actual Max Startup Time": 1560.978, "Actual Min Total Time": 1560.978, "Actual Max Total Time": 1560.978, "Plans": [{"Node Type": "Hash Join", "Parent Relationship": "Outer", "Join Type": "Inner", "Startup Cost": 156168.33, "Total Cost": 295041.63, "Plan Rows": 2, "Plan Width": 33, "Actual Min Startup Time": 1559.022, "Actual Max Startup Time": 1559.022, "Actual Min Total Time": 1560.925, "Actual Max Total Time": 1560.925, "Inner Unique": true, "Hash Cond": "(mc.company_type_id = ct.id)", "Plans": [{"Node Type": "Hash Join", "Parent Relationship": "Outer", "Join Type": "Inner", "Startup Cost": 156167.26, "Total Cost": 295040.54, "Plan Rows": 2, "Plan Width": 37, "Actual Min Startup Time": 1558.881, "Actual Max Startup Time": 1558.881, "Actual Min Total Time": 1560.769, "Actual Max Total Time": 1560.769, "Inner Unique": true, "Hash Cond": "(ci.role_id = rt.id)", "Plans": [{"Node Type": "Hash Join", "Parent Relationship": "Outer", "Join Type": "Inner", "Startup Cost": 156166.1, "Total Cost": 295039.18, "Plan Rows": 40, "Plan Width": 41, "Actual Min Startup Time": 1558.795, "Actual Max Startup Time": 1558.795, "Actual Min Total Time": 1559.203, "Actual Max Total Time": 1559.203, "Inner Unique": true, "Hash Cond": "(mc.movie_id = t.id)", "Plans": [{"Node Type": "Streaming(type: LOCAL GATHER dop: 1/64)", "Parent Relationship": "Outer", "Startup Cost": 122261.06, "Total Cost": 261133.62, "Plan Rows": 33, "Plan Width": 32, "Actual Min Startup Time": 673.369, "Actual Max Startup Time": 673.369, "Actual Min Total Time": 673.619, "Actual Max Total Time": 673.619, "Plans": [{"Node Type": "Hash Join", "Parent Relationship": "Outer", "Join Type": "Inner", "Startup Cost": 122261.06, "Total Cost": 261132.94, "Plan Rows": 33, "Plan Width": 32, "Actual Min Startup Time": 1066.448, "Actual Max Startup Time": 1329.194, "Actual Min Total Time": 1243.825, "Actual Max Total Time": 1358.797, "Inner Unique": true, "Hash Cond": "(ci.person_role_id = chn.id)", "Plans": [{"Node Type": "Streaming(type: BROADCAST dop: 64/1)", "Parent Relationship": "Outer", "Startup Cost": 57593.12, "Total Cost": 196464.74, "Plan Rows": 4352, "Plan Width": 20, "Actual Min Startup Time": 1031.1, "Actual Max Startup Time": 1146.957, "Actual Min Total Time": 1208.376, "Actual Max Total Time": 1324.177, "Plans": [{"Node Type": "Hash Join", "Parent Relationship": "Outer", "Join Type": "Inner", "Startup Cost": 57593.12, "Total Cost": 133374.96, "Plan Rows": 68, "Plan Width": 20, "Actual Min Startup Time": 1163.053, "Actual Max Startup Time": 1163.053, "Actual Min Total Time": 1334.103, "Actual Max Total Time": 1334.103, "Inner Unique": false, "Hash Cond": "(ci.movie_id = mc.movie_id)", "Plans": [{"Node Type": "Streaming(type: LOCAL GATHER dop: 1/64)", "Parent Relationship": "Outer", "Startup Cost": 0.0, "Total Cost": 75697.06, "Plan Rows": 22295, "Plan Width": 12, "Actual Min Startup Time": 0.186, "Actual Max Startup Time": 0.186, "Actual Min Total Time": 163.779, "Actual Max Total Time": 163.779, "Plans": [{"Node Type": "Seq Scan", "Parent Relationship": "Outer", "Relation Name": "cast_info", "Alias": "ci", "Startup Cost": 0.0, "Total Cost": 75237.12, "Plan Rows": 22295, "Plan Width": 12, "Actual Min Startup Time": 0.052, "Actual Max Startup Time": 6.349, "Actual Min Total Time": 174.447, "Actual Max Total Time": 195.309, "Filter": "(((note)::text ~~ '%(voice)%'::text) AND ((note)::text ~~ '%(uncredited)%'::text))", "Rows Removed by Filter": 36212055, "Actual Rows": 32288}], "Actual Rows": 32288}, {"Node Type": "Hash", "Parent Relationship": "Inner", "Startup Cost": 57545.89, "Total Cost": 57545.89, "Plan Rows": 3779, "Plan Width": 8, "Actual Min Startup Time": 1162.663, "Actual Max Startup Time": 1162.663, "Actual Min Total Time": 1162.663, "Actual Max Total Time": 1162.663, "Max Hash Buckets": 32768, "Min Hash Buckets": 32768, "Max Hash Batches": 1, "Min Hash Batches": 1, "Max Original Hash Batches": 1, "Min Original Hash Batches": 1, "Max Peak Memory Usage": 344, "min Peak Memory Usage": 344, "Plans": [{"Node Type": "Hash Join", "Parent Relationship": "Outer", "Join Type": "Inner", "Startup Cost": 5906.59, "Total Cost": 57545.89, "Plan Rows": 3779, "Plan Width": 8, "Actual Min Startup Time": 85.778, "Actual Max Startup Time": 85.778, "Actual Min Total Time": 1158.879, "Actual Max Total Time": 1158.879, "Inner Unique": true, "Hash Cond": "(mc.company_id = cn.id)", "Plans": [{"Node Type": "Seq Scan", "Parent Relationship": "Outer", "Relation Name": "movie_companies", "Alias": "mc", "Startup Cost": 0.0, "Total Cost": 41817.28, "Plan Rows": 2609128, "Plan Width": 12, "Actual Min Startup Time": 0.042, "Actual Max Startup Time": 0.042, "Actual Min Total Time": 607.902, "Actual Max Total Time": 607.902, "Actual Rows": 2609128}, {"Node Type": "Hash", "Parent Relationship": "Inner", "Startup Cost": 5903.45, "Total Cost": 5903.45, "Plan Rows": 251, "Plan Width": 4, "Actual Min Startup Time": 84.997, "Actual Max Startup Time": 84.997, "Actual Min Total Time": 84.997, "Actual Max Total Time": 84.997, "Max Hash Buckets": 32768, "Min Hash Buckets": 32768, "Max Hash Batches": 1, "Min Hash Batches": 1, "Max Original Hash Batches": 1, "Min Original Hash Batches": 1, "Max Peak Memory Usage": 48, "min Peak Memory Usage": 48, "Plans": [{"Node Type": "Seq Scan", "Parent Relationship": "Outer", "Relation Name": "company_name", "Alias": "cn", "Startup Cost": 0.0, "Total Cost": 5903.45, "Plan Rows": 251, "Plan Width": 4, "Actual Min Startup Time": 0.054, "Actual Max Startup Time": 0.054, "Actual Min Total Time": 84.101, "Actual Max Total Time": 84.101, "Filter": "((country_code)::text = '[ru]'::text)", "Rows Removed by Filter": 233635, "Actual Rows": 1361}], "Actual Rows": 1361}], "Actual Rows": 8790}], "Actual Rows": 8790}], "Actual Rows": 377}], "Actual Rows": 24128}, {"Node Type": "Hash", "Parent Relationship": "Inner", "Startup Cost": 64054.58, "Total Cost": 64054.58, "Plan Rows": 3140338, "Plan Width": 20, "Actual Min Startup Time": 27.279, "Actual Max Startup Time": 52.442, "Actual Min Total Time": 27.279, "Actual Max Total Time": 52.442, "Max Hash Buckets": 65536, "Min Hash Buckets": 65536, "Max Hash Batches": 1, "Min Hash Batches": 1, "Max Original Hash Batches": 1, "Min Original Hash Batches": 1, "Max Peak Memory Usage": 2747, "min Peak Memory Usage": 2747, "Plans": [{"Node Type": "Seq Scan", "Parent Relationship": "Outer", "Relation Name": "char_name", "Alias": "chn", "Startup Cost": 0.0, "Total Cost": 64054.58, "Plan Rows": 3140338, "Plan Width": 20, "Actual Min Startup Time": 0.028, "Actual Max Startup Time": 3.322, "Actual Min Total Time": 14.303, "Actual Max Total Time": 18.787, "Actual Rows": 3140338}], "Actual Rows": 3140338}], "Actual Rows": 337}], "Actual Rows": 337}, {"Node Type": "Hash", "Parent Relationship": "Inner", "Startup Cost": 84945.56, "Total Cost": 84945.56, "Plan Rows": 1013492, "Plan Width": 21, "Actual Min Startup Time": 884.679, "Actual Max Startup Time": 884.679, "Actual Min Total Time": 884.679, "Actual Max Total Time": 884.679, "Max Hash Buckets": 1048576, "Min Hash Buckets": 1048576, "Max Hash Batches": 1, "Min Hash Batches": 1, "Max Original Hash Batches": 1, "Min Original Hash Batches": 1, "Max Peak Memory Usage": 54335, "min Peak Memory Usage": 54335, "Plans": [{"Node Type": "Streaming(type: LOCAL GATHER dop: 1/64)", "Parent Relationship": "Outer", "Startup Cost": 0.0, "Total Cost": 84945.56, "Plan Rows": 1013492, "Plan Width": 21, "Actual Min Startup Time": 199.632, "Actual Max Startup Time": 199.632, "Actual Min Total Time": 582.988, "Actual Max Total Time": 582.988, "Plans": [{"Node Type": "Seq Scan", "Parent Relationship": "Outer", "Relation Name": "title", "Alias": "t", "Startup Cost": 0.0, "Total Cost": 64037.34, "Plan Rows": 1013492, "Plan Width": 21, "Actual Min Startup Time": 0.027, "Actual Max Startup Time": 0.052, "Actual Min Total Time": 13.833, "Actual Max Total Time": 18.952, "Filter": "(production_year > 2005), (LLVM Optimized, Jit Execute)", "Rows Removed by Filter": 1515391, "Actual Rows": 1012920}], "Actual Rows": 1012920}], "Actual Rows": 1012920}], "Actual Rows": 135}, {"Node Type": "Hash", "Parent Relationship": "Inner", "Startup Cost": 1.15, "Total Cost": 1.15, "Plan Rows": 1, "Plan Width": 4, "Actual Min Startup Time": 0.048, "Actual Max Startup Time": 0.048, "Actual Min Total Time": 0.048, "Actual Max Total Time": 0.048, "Max Hash Buckets": 32768, "Min Hash Buckets": 32768, "Max Hash Batches": 1, "Min Hash Batches": 1, "Max Original Hash Batches": 1, "Min Original Hash Batches": 1, "Max Peak Memory Usage": 1, "min Peak Memory Usage": 1, "Plans": [{"Node Type": "Seq Scan", "Parent Relationship": "Outer", "Relation Name": "role_type", "Alias": "rt", "Startup Cost": 0.0, "Total Cost": 1.15, "Plan Rows": 1, "Plan Width": 4, "Actual Min Startup Time": 0.036, "Actual Max Startup Time": 0.036, "Actual Min Total Time": 0.04, "Actual Max Total Time": 0.04, "Filter": "((role)::text = 'actor'::text)", "Rows Removed by Filter": 11, "Actual Rows": 1}], "Actual Rows": 1}], "Actual Rows": 104}, {"Node Type": "Hash", "Parent Relationship": "Inner", "Startup Cost": 1.03, "Total Cost": 1.03, "Plan Rows": 3, "Plan Width": 4, "Actual Min Startup Time": 0.05, "Actual Max Startup Time": 0.05, "Actual Min Total Time": 0.05, "Actual Max Total Time": 0.05, "Max Hash Buckets": 32768, "Min Hash Buckets": 32768, "Max Hash Batches": 1, "Min Hash Batches": 1, "Max Original Hash Batches": 1, "Min Original Hash Batches": 1, "Max Peak Memory Usage": 1, "min Peak Memory Usage": 1, "Plans": [{"Node Type": "Seq Scan", "Parent Relationship": "Outer", "Relation Name": "company_type", "Alias": "ct", "Startup Cost": 0.0, "Total Cost": 1.03, "Plan Rows": 3, "Plan Width": 4, "Actual Min Startup Time": 0.032, "Actual Max Startup Time": 0.032, "Actual Min Total Time": 0.036, "Actual Max Total Time": 0.036, "Actual Rows": 3}], "Actual Rows": 3}], "Actual Rows": 18}], "Actual Rows": 1}, "Triggers": [], "Planner Runtime": 45, "Total Runtime": 1609.392, "Unique SQL Id": 2933943827}}, "(64, 79)": {"explain_plan": {"Plan": {"Node Type": "Aggregate", "Strategy": "Plain", "Startup Cost": 6488202628666.15, "Total Cost": 6488202628666.16, "Plan Rows": 1, "Plan Width": 97, "Plans": [{"Node Type": "Hash Join", "Parent Relationship": "Outer", "Join Type": "Inner", "Startup Cost": 4510041135658.86, "Total Cost": 6488202628666.13, "Plan Rows": 4, "Plan Width": 33, "Inner Unique": true, "Hash Cond": "(ci.role_id = rt.id)", "Plans": [{"Node Type": "Hash Join", "Parent Relationship": "Outer", "Join Type": "Inner", "Startup Cost": 3510041134412.84, "Total Cost": 5488202627419.92, "Plan Rows": 40, "Plan Width": 37, "Inner Unique": true, "Hash Cond": "(mc.company_type_id = ct.id)", "Plans": [{"Node Type": "Hash Join", "Parent Relationship": "Outer", "Join Type": "Inner", "Startup Cost": 2510041133183.31, "Total Cost": 4488202626189.84, "Plan Rows": 40, "Plan Width": 41, "Inner Unique": true, "Hash Cond": "(mc.company_id = cn.id)", "Plans": [{"Node Type": "Merge Join", "Parent Relationship": "Outer", "Join Type": "Inner", "Startup Cost": 1510040083041.2, "Total Cost": 3488201575943.41, "Plan Rows": 27712, "Plan Width": 45, "Inner Unique": false, "Merge Cond": "(t.id = mc.movie_id)", "Plans": [{"Node Type": "Merge Join", "Parent Relationship": "Outer", "Join Type": "Inner", "Startup Cost": 1500040083041.2, "Total Cost": 2489168673554.28, "Plan Rows": 13119, "Plan Width": 45, "Inner Unique": true, "Merge Cond": "(ci.movie_id = t.id)", "Plans": [{"Node Type": "Sort", "Parent Relationship": "Outer", "Startup Cost": 1490040083041.2, "Total Cost": 1490040083068.22, "Plan Rows": 10808, "Plan Width": 24, "Sort Key": ["ci.movie_id"], "Plans": [{"Node Type": "Merge Join", "Parent Relationship": "Outer", "Join Type": "Inner", "Startup Cost": 59439679227.39, "Total Cost": 1490040082317.07, "Plan Rows": 10808, "Plan Width": 24, "Inner Unique": false, "Merge Cond": "(chn.id = ci.person_role_id)", "Plans": [{"Node Type": "Index Scan", "Parent Relationship": "Outer", "Scan Direction": "Forward", "Index Name": "char_name_pkey", "Relation Name": "char_name", "Alias": "chn", "Startup Cost": 10000000000.0, "Total Cost": 1000012987545.51, "Plan Rows": 3140338, "Plan Width": 20}, {"Node Type": "Index Scan", "Parent Relationship": "Inner", "Scan Direction": "Forward", "Index Name": "person_role_id_cast_info", "Relation Name": "cast_info", "Alias": "ci", "Startup Cost": 10000000000.0, "Total Cost": 1000211315681.48, "Plan Rows": 22295, "Plan Width": 12, "Filter": "(((note)::text ~~ '%(voice)%'::text) AND ((note)::text ~~ '%(uncredited)%'::text))"}]}]}, {"Node Type": "Index Scan", "Parent Relationship": "Inner", "Scan Direction": "Forward", "Index Name": "title_pkey", "Relation Name": "title", "Alias": "t", "Startup Cost": 10000000000.0, "Total Cost": 1000011644126.66, "Plan Rows": 1013492, "Plan Width": 21, "Filter": "(production_year > 2005), (LLVM Optimized)"}]}, {"Node Type": "Index Scan", "Parent Relationship": "Inner", "Scan Direction": "Forward", "Index Name": "movie_id_movie_companies", "Relation Name": "movie_companies", "Alias": "mc", "Startup Cost": 10000000000.0, "Total Cost": 1000013051946.13, "Plan Rows": 2609128, "Plan Width": 12}]}, {"Node Type": "Hash", "Parent Relationship": "Inner", "Startup Cost": 1000001050138.97, "Total Cost": 1000001050138.97, "Plan Rows": 251, "Plan Width": 4, "Plans": [{"Node Type": "Index Scan", "Parent Relationship": "Outer", "Scan Direction": "Forward", "Index Name": "company_name_pkey", "Relation Name": "company_name", "Alias": "cn", "Startup Cost": 10000000000.0, "Total Cost": 1000001050138.97, "Plan Rows": 251, "Plan Width": 4, "Filter": "((country_code)::text = '[ru]'::text)"}]}]}, {"Node Type": "Hash", "Parent Relationship": "Inner", "Startup Cost": 1000000001229.5, "Total Cost": 1000000001229.5, "Plan Rows": 3, "Plan Width": 4, "Plans": [{"Node Type": "Index Scan", "Parent Relationship": "Outer", "Scan Direction": "Forward", "Index Name": "company_type_pkey", "Relation Name": "company_type", "Alias": "ct", "Startup Cost": 10000000000.0, "Total Cost": 1000000001229.5, "Plan Rows": 3, "Plan Width": 4}]}]}, {"Node Type": "Hash", "Parent Relationship": "Inner", "Startup Cost": 1000000001246.0, "Total Cost": 1000000001246.0, "Plan Rows": 1, "Plan Width": 4, "Plans": [{"Node Type": "Index Scan", "Parent Relationship": "Outer", "Scan Direction": "Forward", "Index Name": "role_type_pkey", "Relation Name": "role_type", "Alias": "rt", "Startup Cost": 10000000000.0, "Total Cost": 1000000001246.0, "Plan Rows": 1, "Plan Width": 4, "Filter": "((role)::text = 'actor'::text)"}]}]}]}, "Unique SQL Id": 2933943827, "Planner Runtime": 59}, "explain_analyze_plan": null}, "(64, 80)": {"explain_plan": {"Plan": {"Node Type": "Aggregate", "Strategy": "Plain", "Startup Cost": 19914.67, "Total Cost": 19914.68, "Plan Rows": 1, "Plan Width": 97, "Plans": [{"Node Type": "Nested Loop", "Parent Relationship": "Outer", "Join Type": "Inner", "Startup Cost": 0.0, "Total Cost": 19914.66, "Plan Rows": 2, "Plan Width": 33, "Inner Unique": true, "Plans": [{"Node Type": "Nested Loop", "Parent Relationship": "Outer", "Join Type": "Inner", "Startup Cost": 0.0, "Total Cost": 19914.1, "Plan Rows": 2, "Plan Width": 37, "Inner Unique": true, "Plans": [{"Node Type": "Nested Loop", "Parent Relationship": "Outer", "Join Type": "Inner", "Startup Cost": 0.0, "Total Cost": 19887.22, "Plan Rows": 5, "Plan Width": 25, "Inner Unique": true, "Plans": [{"Node Type": "Nested Loop", "Parent Relationship": "Outer", "Join Type": "Inner", "Startup Cost": 0.0, "Total Cost": 19885.12, "Plan Rows": 6, "Plan Width": 16, "Inner Unique": true, "Plans": [{"Node Type": "Nested Loop", "Parent Relationship": "Outer", "Join Type": "Inner", "Startup Cost": 0.0, "Total Cost": 19865.87, "Plan Rows": 68, "Plan Width": 20, "Inner Unique": false, "Plans": [{"Node Type": "Nested Loop", "Parent Relationship": "Outer", "Join Type": "Inner", "Startup Cost": 0.0, "Total Cost": 16121.55, "Plan Rows": 3779, "Plan Width": 8, "Inner Unique": false, "Plans": [{"Node Type": "Seq Scan", "Parent Relationship": "Outer", "Relation Name": "company_name", "Alias": "cn", "Startup Cost": 0.0, "Total Cost": 5903.45, "Plan Rows": 251, "Plan Width": 4, "Filter": "((country_code)::text = '[ru]'::text)"}, {"Node Type": "Index Scan", "Parent Relationship": "Inner", "Scan Direction": "Forward", "Index Name": "company_id_movie_companies", "Relation Name": "movie_companies", "Alias": "mc", "Startup Cost": 0.0, "Total Cost": 40.56, "Plan Rows": 15, "Plan Width": 12, "Index Cond": "(company_id = cn.id)"}]}, {"Node Type": "Index Scan", "Parent Relationship": "Inner", "Scan Direction": "Forward", "Index Name": "movie_id_cast_info", "Relation Name": "cast_info", "Alias": "ci", "Startup Cost": 0.0, "Total Cost": 0.98, "Plan Rows": 1, "Plan Width": 12, "Index Cond": "(movie_id = mc.movie_id)", "Filter": "(((note)::text ~~ '%(voice)%'::text) AND ((note)::text ~~ '%(uncredited)%'::text))"}]}, {"Node Type": "Index Scan", "Parent Relationship": "Inner", "Scan Direction": "Forward", "Index Name": "role_type_pkey", "Relation Name": "role_type", "Alias": "rt", "Startup Cost": 0.0, "Total Cost": 0.27, "Plan Rows": 1, "Plan Width": 4, "Index Cond": "(id = ci.role_id)", "Filter": "((role)::text = 'actor'::text)"}]}, {"Node Type": "Index Scan", "Parent Relationship": "Inner", "Scan Direction": "Forward", "Index Name": "title_pkey", "Relation Name": "title", "Alias": "t", "Startup Cost": 0.0, "Total Cost": 0.34, "Plan Rows": 1, "Plan Width": 21, "Index Cond": "(id = mc.movie_id)", "Filter": "(production_year > 2005)"}]}, {"Node Type": "Index Scan", "Parent Relationship": "Inner", "Scan Direction": "Forward", "Index Name": "char_name_pkey", "Relation Name": "char_name", "Alias": "chn", "Startup Cost": 0.0, "Total Cost": 5.37, "Plan Rows": 1, "Plan Width": 20, "Index Cond": "(id = ci.person_role_id)"}]}, {"Node Type": "Index Only Scan", "Parent Relationship": "Inner", "Scan Direction": "Forward", "Index Name": "company_type_pkey", "Relation Name": "company_type", "Alias": "ct", "Startup Cost": 0.0, "Total Cost": 0.27, "Plan Rows": 1, "Plan Width": 4, "Index Cond": "(id = mc.company_type_id)"}]}]}, "Unique SQL Id": 2933943827, "Planner Runtime": 15}, "explain_analyze_plan": {"Plan": {"Node Type": "Aggregate", "Strategy": "Plain", "Startup Cost": 19914.67, "Total Cost": 19914.68, "Plan Rows": 1, "Plan Width": 97, "Actual Startup Time": 808.796, "Actual Total Time": 808.796, "Actual Rows": 1, "Actual Loops": 1, "Plans": [{"Node Type": "Nested Loop", "Parent Relationship": "Outer", "Join Type": "Inner", "Startup Cost": 0.0, "Total Cost": 19914.66, "Plan Rows": 2, "Plan Width": 33, "Actual Startup Time": 46.613, "Actual Total Time": 808.693, "Actual Rows": 18, "Actual Loops": 1, "Inner Unique": true, "Plans": [{"Node Type": "Nested Loop", "Parent Relationship": "Outer", "Join Type": "Inner", "Startup Cost": 0.0, "Total Cost": 19914.1, "Plan Rows": 2, "Plan Width": 37, "Actual Startup Time": 9.846, "Actual Total Time": 808.384, "Actual Rows": 104, "Actual Loops": 1, "Inner Unique": true, "Plans": [{"Node Type": "Nested Loop", "Parent Relationship": "Outer", "Join Type": "Inner", "Startup Cost": 0.0, "Total Cost": 19887.22, "Plan Rows": 5, "Plan Width": 25, "Actual Startup Time": 9.831, "Actual Total Time": 807.292, "Actual Rows": 112, "Actual Loops": 1, "Inner Unique": true, "Plans": [{"Node Type": "Nested Loop", "Parent Relationship": "Outer", "Join Type": "Inner", "Startup Cost": 0.0, "Total Cost": 19885.12, "Plan Rows": 6, "Plan Width": 16, "Actual Startup Time": 0.857, "Actual Total Time": 805.076, "Actual Rows": 275, "Actual Loops": 1, "Inner Unique": true, "Plans": [{"Node Type": "Nested Loop", "Parent Relationship": "Outer", "Join Type": "Inner", "Startup Cost": 0.0, "Total Cost": 19865.87, "Plan Rows": 68, "Plan Width": 20, "Actual Startup Time": 0.85, "Actual Total Time": 803.294, "Actual Rows": 377, "Actual Loops": 1, "Inner Unique": false, "Plans": [{"Node Type": "Nested Loop", "Parent Relationship": "Outer", "Join Type": "Inner", "Startup Cost": 0.0, "Total Cost": 16121.55, "Plan Rows": 3779, "Plan Width": 8, "Actual Startup Time": 0.071, "Actual Total Time": 107.929, "Actual Rows": 8790, "Actual Loops": 1, "Inner Unique": false, "Plans": [{"Node Type": "Seq Scan", "Parent Relationship": "Outer", "Relation Name": "company_name", "Alias": "cn", "Startup Cost": 0.0, "Total Cost": 5903.45, "Plan Rows": 251, "Plan Width": 4, "Actual Startup Time": 0.048, "Actual Total Time": 83.099, "Actual Rows": 1361, "Actual Loops": 1, "Filter": "((country_code)::text = '[ru]'::text)", "Rows Removed by Filter": 233635}, {"Node Type": "Index Scan", "Parent Relationship": "Inner", "Scan Direction": "Forward", "Index Name": "company_id_movie_companies", "Relation Name": "movie_companies", "Alias": "mc", "Startup Cost": 0.0, "Total Cost": 40.56, "Plan Rows": 15, "Plan Width": 12, "Actual Startup Time": 8.979, "Actual Total Time": 21.581, "Actual Rows": 8790, "Actual Loops": 1361, "Index Cond": "(company_id = cn.id)", "Rows Removed by Index Recheck": 0}]}, {"Node Type": "Index Scan", "Parent Relationship": "Inner", "Scan Direction": "Forward", "Index Name": "movie_id_cast_info", "Relation Name": "cast_info", "Alias": "ci", "Startup Cost": 0.0, "Total Cost": 0.98, "Plan Rows": 1, "Plan Width": 12, "Actual Startup Time": 650.013, "Actual Total Time": 689.859, "Actual Rows": 377, "Actual Loops": 8790, "Index Cond": "(movie_id = mc.movie_id)", "Rows Removed by Index Recheck": 0, "Filter": "(((note)::text ~~ '%(voice)%'::text) AND ((note)::text ~~ '%(uncredited)%'::text))", "Rows Removed by Filter": 408168}]}, {"Node Type": "Index Scan", "Parent Relationship": "Inner", "Scan Direction": "Forward", "Index Name": "role_type_pkey", "Relation Name": "role_type", "Alias": "rt", "Startup Cost": 0.0, "Total Cost": 0.27, "Plan Rows": 1, "Plan Width": 4, "Actual Startup Time": 1.167, "Actual Total Time": 1.167, "Actual Rows": 275, "Actual Loops": 377, "Index Cond": "(id = ci.role_id)", "Rows Removed by Index Recheck": 0, "Filter": "((role)::text = 'actor'::text)", "Rows Removed by Filter": 102}]}, {"Node Type": "Index Scan", "Parent Relationship": "Inner", "Scan Direction": "Forward", "Index Name": "title_pkey", "Relation Name": "title", "Alias": "t", "Startup Cost": 0.0, "Total Cost": 0.34, "Plan Rows": 1, "Plan Width": 21, "Actual Startup Time": 1.802, "Actual Total Time": 1.802, "Actual Rows": 112, "Actual Loops": 275, "Index Cond": "(id = mc.movie_id)", "Rows Removed by Index Recheck": 0, "Filter": "(production_year > 2005)", "Rows Removed by Filter": 163}]}, {"Node Type": "Index Scan", "Parent Relationship": "Inner", "Scan Direction": "Forward", "Index Name": "char_name_pkey", "Relation Name": "char_name", "Alias": "chn", "Startup Cost": 0.0, "Total Cost": 5.37, "Plan Rows": 1, "Plan Width": 20, "Actual Startup Time": 0.853, "Actual Total Time": 0.853, "Actual Rows": 104, "Actual Loops": 112, "Index Cond": "(id = ci.person_role_id)", "Rows Removed by Index Recheck": 0}]}, {"Node Type": "Index Only Scan", "Parent Relationship": "Inner", "Scan Direction": "Forward", "Index Name": "company_type_pkey", "Relation Name": "company_type", "Alias": "ct", "Startup Cost": 0.0, "Total Cost": 0.27, "Plan Rows": 1, "Plan Width": 4, "Actual Startup Time": 0.154, "Actual Total Time": 0.154, "Actual Rows": 18, "Actual Loops": 104, "Index Cond": "(id = mc.company_type_id)", "Rows Removed by Index Recheck": 0, "Heap Fetches": 0}]}]}, "Triggers": [], "Planner Runtime": 14, "Total Runtime": 809.266, "Unique SQL Id": 2933943827}}, "(64, 81)": {"explain_plan": {"Plan": {"Node Type": "Aggregate", "Strategy": "Plain", "Startup Cost": 22693.96, "Total Cost": 22693.97, "Plan Rows": 1, "Plan Width": 97, "Plans": [{"Node Type": "Nested Loop", "Parent Relationship": "Outer", "Join Type": "Inner", "Startup Cost": 2779.29, "Total Cost": 22693.95, "Plan Rows": 2, "Plan Width": 33, "Inner Unique": true, "Plans": [{"Node Type": "Nested Loop", "Parent Relationship": "Outer", "Join Type": "Inner", "Startup Cost": 2779.29, "Total Cost": 22693.39, "Plan Rows": 2, "Plan Width": 37, "Inner Unique": true, "Plans": [{"Node Type": "Nested Loop", "Parent Relationship": "Outer", "Join Type": "Inner", "Startup Cost": 2779.29, "Total Cost": 22666.51, "Plan Rows": 5, "Plan Width": 25, "Inner Unique": true, "Plans": [{"Node Type": "Nested Loop", "Parent Relationship": "Outer", "Join Type": "Inner", "Startup Cost": 2779.29, "Total Cost": 22664.41, "Plan Rows": 6, "Plan Width": 16, "Inner Unique": true, "Plans": [{"Node Type": "Nested Loop", "Parent Relationship": "Outer", "Join Type": "Inner", "Startup Cost": 2779.29, "Total Cost": 22645.16, "Plan Rows": 68, "Plan Width": 20, "Inner Unique": false, "Plans": [{"Node Type": "Nested Loop", "Parent Relationship": "Outer", "Join Type": "Inner", "Startup Cost": 2779.29, "Total Cost": 18900.84, "Plan Rows": 3779, "Plan Width": 8, "Inner Unique": false, "Plans": [{"Node Type": "Bitmap Heap Scan", "Parent Relationship": "Outer", "Relation Name": "company_name", "Alias": "cn", "Startup Cost": 2779.29, "Total Cost": 8682.74, "Plan Rows": 251, "Plan Width": 4, "Filter": "((country_code)::text = '[ru]'::text)", "Plans": [{"Node Type": "Bitmap Index Scan", "Parent Relationship": "Outer", "Index Name": "company_name_pkey", "Startup Cost": 0.0, "Total Cost": 2779.23, "Plan Rows": 234996, "Plan Width": 0}]}, {"Node Type": "Index Scan", "Parent Relationship": "Inner", "Scan Direction": "Forward", "Index Name": "company_id_movie_companies", "Relation Name": "movie_companies", "Alias": "mc", "Startup Cost": 0.0, "Total Cost": 40.56, "Plan Rows": 15, "Plan Width": 12, "Index Cond": "(company_id = cn.id)"}]}, {"Node Type": "Index Scan", "Parent Relationship": "Inner", "Scan Direction": "Forward", "Index Name": "movie_id_cast_info", "Relation Name": "cast_info", "Alias": "ci", "Startup Cost": 0.0, "Total Cost": 0.98, "Plan Rows": 1, "Plan Width": 12, "Index Cond": "(movie_id = mc.movie_id)", "Filter": "(((note)::text ~~ '%(voice)%'::text) AND ((note)::text ~~ '%(uncredited)%'::text))"}]}, {"Node Type": "Index Scan", "Parent Relationship": "Inner", "Scan Direction": "Forward", "Index Name": "role_type_pkey", "Relation Name": "role_type", "Alias": "rt", "Startup Cost": 0.0, "Total Cost": 0.27, "Plan Rows": 1, "Plan Width": 4, "Index Cond": "(id = ci.role_id)", "Filter": "((role)::text = 'actor'::text)"}]}, {"Node Type": "Index Scan", "Parent Relationship": "Inner", "Scan Direction": "Forward", "Index Name": "title_pkey", "Relation Name": "title", "Alias": "t", "Startup Cost": 0.0, "Total Cost": 0.34, "Plan Rows": 1, "Plan Width": 21, "Index Cond": "(id = mc.movie_id)", "Filter": "(production_year > 2005)"}]}, {"Node Type": "Index Scan", "Parent Relationship": "Inner", "Scan Direction": "Forward", "Index Name": "char_name_pkey", "Relation Name": "char_name", "Alias": "chn", "Startup Cost": 0.0, "Total Cost": 5.37, "Plan Rows": 1, "Plan Width": 20, "Index Cond": "(id = ci.person_role_id)"}]}, {"Node Type": "Index Only Scan", "Parent Relationship": "Inner", "Scan Direction": "Forward", "Index Name": "company_type_pkey", "Relation Name": "company_type", "Alias": "ct", "Startup Cost": 0.0, "Total Cost": 0.27, "Plan Rows": 1, "Plan Width": 4, "Index Cond": "(id = mc.company_type_id)"}]}]}, "Unique SQL Id": 2933943827, "Planner Runtime": 13}, "explain_analyze_plan": {"Plan": {"Node Type": "Aggregate", "Strategy": "Plain", "Startup Cost": 22693.96, "Total Cost": 22693.97, "Plan Rows": 1, "Plan Width": 97, "Actual Startup Time": 872.014, "Actual Total Time": 872.015, "Actual Rows": 1, "Actual Loops": 1, "Plans": [{"Node Type": "Nested Loop", "Parent Relationship": "Outer", "Join Type": "Inner", "Startup Cost": 2779.29, "Total Cost": 22693.95, "Plan Rows": 2, "Plan Width": 33, "Actual Startup Time": 69.664, "Actual Total Time": 871.915, "Actual Rows": 18, "Actual Loops": 1, "Inner Unique": true, "Plans": [{"Node Type": "Nested Loop", "Parent Relationship": "Outer", "Join Type": "Inner", "Startup Cost": 2779.29, "Total Cost": 22693.39, "Plan Rows": 2, "Plan Width": 37, "Actual Startup Time": 31.449, "Actual Total Time": 871.619, "Actual Rows": 104, "Actual Loops": 1, "Inner Unique": true, "Plans": [{"Node Type": "Nested Loop", "Parent Relationship": "Outer", "Join Type": "Inner", "Startup Cost": 2779.29, "Total Cost": 22666.51, "Plan Rows": 5, "Plan Width": 25, "Actual Startup Time": 31.434, "Actual Total Time": 870.574, "Actual Rows": 112, "Actual Loops": 1, "Inner Unique": true, "Plans": [{"Node Type": "Nested Loop", "Parent Relationship": "Outer", "Join Type": "Inner", "Startup Cost": 2779.29, "Total Cost": 22664.41, "Plan Rows": 6, "Plan Width": 16, "Actual Startup Time": 21.877, "Actual Total Time": 868.348, "Actual Rows": 275, "Actual Loops": 1, "Inner Unique": true, "Plans": [{"Node Type": "Nested Loop", "Parent Relationship": "Outer", "Join Type": "Inner", "Startup Cost": 2779.29, "Total Cost": 22645.16, "Plan Rows": 68, "Plan Width": 20, "Actual Startup Time": 21.865, "Actual Total Time": 866.574, "Actual Rows": 377, "Actual Loops": 1, "Inner Unique": false, "Plans": [{"Node Type": "Nested Loop", "Parent Relationship": "Outer", "Join Type": "Inner", "Startup Cost": 2779.29, "Total Cost": 18900.84, "Plan Rows": 3779, "Plan Width": 8, "Actual Startup Time": 20.904, "Actual Total Time": 175.012, "Actual Rows": 8790, "Actual Loops": 1, "Inner Unique": false, "Plans": [{"Node Type": "Bitmap Heap Scan", "Parent Relationship": "Outer", "Relation Name": "company_name", "Alias": "cn", "Startup Cost": 2779.29, "Total Cost": 8682.74, "Plan Rows": 251, "Plan Width": 4, "Actual Startup Time": 20.873, "Actual Total Time": 150.623, "Actual Rows": 1361, "Actual Loops": 1, "Filter": "((country_code)::text = '[ru]'::text)", "Rows Removed by Filter": 233635, "Exact Heap Blocks": 2966, "Lossy Heap Blocks": 2966, "Plans": [{"Node Type": "Bitmap Index Scan", "Parent Relationship": "Outer", "Index Name": "company_name_pkey", "Startup Cost": 0.0, "Total Cost": 2779.23, "Plan Rows": 234996, "Plan Width": 0, "Actual Startup Time": 20.378, "Actual Total Time": 20.378, "Actual Rows": 234996, "Actual Loops": 1}]}, {"Node Type": "Index Scan", "Parent Relationship": "Inner", "Scan Direction": "Forward", "Index Name": "company_id_movie_companies", "Relation Name": "movie_companies", "Alias": "mc", "Startup Cost": 0.0, "Total Cost": 40.56, "Plan Rows": 15, "Plan Width": 12, "Actual Startup Time": 8.634, "Actual Total Time": 21.16, "Actual Rows": 8790, "Actual Loops": 1361, "Index Cond": "(company_id = cn.id)", "Rows Removed by Index Recheck": 0}]}, {"Node Type": "Index Scan", "Parent Relationship": "Inner", "Scan Direction": "Forward", "Index Name": "movie_id_cast_info", "Relation Name": "cast_info", "Alias": "ci", "Startup Cost": 0.0, "Total Cost": 0.98, "Plan Rows": 1, "Plan Width": 12, "Actual Startup Time": 646.3, "Actual Total Time": 685.84, "Actual Rows": 377, "Actual Loops": 8790, "Index Cond": "(movie_id = mc.movie_id)", "Rows Removed by Index Recheck": 0, "Filter": "(((note)::text ~~ '%(voice)%'::text) AND ((note)::text ~~ '%(uncredited)%'::text))", "Rows Removed by Filter": 408168}]}, {"Node Type": "Index Scan", "Parent Relationship": "Inner", "Scan Direction": "Forward", "Index Name": "role_type_pkey", "Relation Name": "role_type", "Alias": "rt", "Startup Cost": 0.0, "Total Cost": 0.27, "Plan Rows": 1, "Plan Width": 4, "Actual Startup Time": 1.208, "Actual Total Time": 1.208, "Actual Rows": 275, "Actual Loops": 377, "Index Cond": "(id = ci.role_id)", "Rows Removed by Index Recheck": 0, "Filter": "((role)::text = 'actor'::text)", "Rows Removed by Filter": 102}]}, {"Node Type": "Index Scan", "Parent Relationship": "Inner", "Scan Direction": "Forward", "Index Name": "title_pkey", "Relation Name": "title", "Alias": "t", "Startup Cost": 0.0, "Total Cost": 0.34, "Plan Rows": 1, "Plan Width": 21, "Actual Startup Time": 1.812, "Actual Total Time": 1.812, "Actual Rows": 112, "Actual Loops": 275, "Index Cond": "(id = mc.movie_id)", "Rows Removed by Index Recheck": 0, "Filter": "(production_year > 2005)", "Rows Removed by Filter": 163}]}, {"Node Type": "Index Scan", "Parent Relationship": "Inner", "Scan Direction": "Forward", "Index Name": "char_name_pkey", "Relation Name": "char_name", "Alias": "chn", "Startup Cost": 0.0, "Total Cost": 5.37, "Plan Rows": 1, "Plan Width": 20, "Actual Startup Time": 0.807, "Actual Total Time": 0.807, "Actual Rows": 104, "Actual Loops": 112, "Index Cond": "(id = ci.person_role_id)", "Rows Removed by Index Recheck": 0}]}, {"Node Type": "Index Only Scan", "Parent Relationship": "Inner", "Scan Direction": "Forward", "Index Name": "company_type_pkey", "Relation Name": "company_type", "Alias": "ct", "Startup Cost": 0.0, "Total Cost": 0.27, "Plan Rows": 1, "Plan Width": 4, "Actual Startup Time": 0.163, "Actual Total Time": 0.163, "Actual Rows": 18, "Actual Loops": 104, "Index Cond": "(id = mc.company_type_id)", "Rows Removed by Index Recheck": 0, "Heap Fetches": 0}]}]}, "Triggers": [], "Planner Runtime": 9, "Total Runtime": 872.404, "Unique SQL Id": 2933943827}}, "(64, 82)": {"explain_plan": {"Plan": {"Node Type": "Aggregate", "Strategy": "Plain", "Startup Cost": 38344.14, "Total Cost": 38344.15, "Plan Rows": 1, "Plan Width": 97, "Plans": [{"Node Type": "Nested Loop", "Parent Relationship": "Outer", "Join Type": "Inner", "Startup Cost": 38331.45, "Total Cost": 38344.12, "Plan Rows": 4, "Plan Width": 33, "Inner Unique": true, "Plans": [{"Node Type": "Merge Join", "Parent Relationship": "Outer", "Join Type": "Inner", "Startup Cost": 38331.17, "Total Cost": 38331.23, "Plan Rows": 3, "Plan Width": 24, "Inner Unique": true, "Merge Cond": "(mc.company_type_id = ct.id)", "Plans": [{"Node Type": "Sort", "Parent Relationship": "Outer", "Startup Cost": 38330.11, "Total Cost": 38330.12, "Plan Rows": 3, "Plan Width": 28, "Sort Key": ["mc.company_type_id"], "Plans": [{"Node Type": "Nested Loop", "Parent Relationship": "Outer", "Join Type": "Inner", "Startup Cost": 38294.05, "Total Cost": 38330.09, "Plan Rows": 3, "Plan Width": 28, "Inner Unique": true, "Plans": [{"Node Type": "Merge Join", "Parent Relationship": "Outer", "Join Type": "Inner", "Startup Cost": 38291.75, "Total Cost": 38292.16, "Plan Rows": 6, "Plan Width": 16, "Inner Unique": false, "Merge Cond": "(rt.id = ci.role_id)", "Plans": [{"Node Type": "Sort", "Parent Relationship": "Outer", "Startup Cost": 1.16, "Total Cost": 1.16, "Plan Rows": 1, "Plan Width": 4, "Sort Key": ["rt.id"], "Plans": [{"Node Type": "Seq Scan", "Parent Relationship": "Outer", "Relation Name": "role_type", "Alias": "rt", "Startup Cost": 0.0, "Total Cost": 1.15, "Plan Rows": 1, "Plan Width": 4, "Filter": "((role)::text = 'actor'::text)"}]}, {"Node Type": "Sort", "Parent Relationship": "Inner", "Startup Cost": 38290.59, "Total Cost": 38290.76, "Plan Rows": 68, "Plan Width": 20, "Sort Key": ["ci.role_id"], "Plans": [{"Node Type": "Nested Loop", "Parent Relationship": "Outer", "Join Type": "Inner", "Startup Cost": 4.83, "Total Cost": 38288.52, "Plan Rows": 68, "Plan Width": 20, "Inner Unique": false, "Plans": [{"Node Type": "Nested Loop", "Parent Relationship": "Outer", "Join Type": "Inner", "Startup Cost": 4.32, "Total Cost": 20813.55, "Plan Rows": 3779, "Plan Width": 8, "Inner Unique": false, "Plans": [{"Node Type": "Seq Scan", "Parent Relationship": "Outer", "Relation Name": "company_name", "Alias": "cn", "Startup Cost": 0.0, "Total Cost": 5903.45, "Plan Rows": 251, "Plan Width": 4, "Filter": "((country_code)::text = '[ru]'::text)"}, {"Node Type": "Bitmap Heap Scan", "Parent Relationship": "Inner", "Relation Name": "movie_companies", "Alias": "mc", "Startup Cost": 4.32, "Total Cost": 59.25, "Plan Rows": 15, "Plan Width": 12, "Recheck Cond": "(company_id = cn.id)", "Plans": [{"Node Type": "Bitmap Index Scan", "Parent Relationship": "Outer", "Index Name": "company_id_movie_companies", "Startup Cost": 0.0, "Total Cost": 4.31, "Plan Rows": 15, "Plan Width": 0, "Index Cond": "(company_id = cn.id)"}]}]}, {"Node Type": "Bitmap Heap Scan", "Parent Relationship": "Inner", "Relation Name": "cast_info", "Alias": "ci", "Startup Cost": 0.51, "Total Cost": 4.61, "Plan Rows": 1, "Plan Width": 12, "Recheck Cond": "(movie_id = mc.movie_id)", "Filter": "(((note)::text ~~ '%(voice)%'::text) AND ((note)::text ~~ '%(uncredited)%'::text))", "Plans": [{"Node Type": "Bitmap Index Scan", "Parent Relationship": "Outer", "Index Name": "movie_id_cast_info", "Startup Cost": 0.0, "Total Cost": 0.51, "Plan Rows": 6, "Plan Width": 0, "Index Cond": "(movie_id = mc.movie_id)"}]}]}]}]}, {"Node Type": "Bitmap Heap Scan", "Parent Relationship": "Inner", "Relation Name": "char_name", "Alias": "chn", "Startup Cost": 2.3, "Total Cost": 6.31, "Plan Rows": 1, "Plan Width": 20, "Recheck Cond": "(id = ci.person_role_id)", "Plans": [{"Node Type": "Bitmap Index Scan", "Parent Relationship": "Outer", "Index Name": "char_name_pkey", "Startup Cost": 0.0, "Total Cost": 2.3, "Plan Rows": 1, "Plan Width": 0, "Index Cond": "(id = ci.person_role_id)"}]}]}]}, {"Node Type": "Sort", "Parent Relationship": "Inner", "Startup Cost": 1.05, "Total Cost": 1.06, "Plan Rows": 3, "Plan Width": 4, "Sort Key": ["ct.id"], "Plans": [{"Node Type": "Seq Scan", "Parent Relationship": "Outer", "Relation Name": "company_type", "Alias": "ct", "Startup Cost": 0.0, "Total Cost": 1.03, "Plan Rows": 3, "Plan Width": 4}]}]}, {"Node Type": "Bitmap Heap Scan", "Parent Relationship": "Inner", "Relation Name": "title", "Alias": "t", "Startup Cost": 0.27, "Total Cost": 4.29, "Plan Rows": 1, "Plan Width": 21, "Recheck Cond": "(id = mc.movie_id)", "Filter": "(production_year > 2005)", "Plans": [{"Node Type": "Bitmap Index Scan", "Parent Relationship": "Outer", "Index Name": "title_pkey", "Startup Cost": 0.0, "Total Cost": 0.27, "Plan Rows": 1, "Plan Width": 0, "Index Cond": "(id = mc.movie_id)"}]}]}]}, "Unique SQL Id": 2933943827, "Planner Runtime": 21}, "explain_analyze_plan": {"Plan": {"Node Type": "Aggregate", "Strategy": "Plain", "Startup Cost": 38344.14, "Total Cost": 38344.15, "Plan Rows": 1, "Plan Width": 97, "Actual Startup Time": 1308.724, "Actual Total Time": 1308.724, "Actual Rows": 1, "Actual Loops": 1, "Plans": [{"Node Type": "Nested Loop", "Parent Relationship": "Outer", "Join Type": "Inner", "Startup Cost": 38331.45, "Total Cost": 38344.12, "Plan Rows": 4, "Plan Width": 33, "Actual Startup Time": 1308.346, "Actual Total Time": 1308.692, "Actual Rows": 18, "Actual Loops": 1, "Inner Unique": true, "Plans": [{"Node Type": "Merge Join", "Parent Relationship": "Outer", "Join Type": "Inner", "Startup Cost": 38331.17, "Total Cost": 38331.23, "Plan Rows": 3, "Plan Width": 24, "Actual Startup Time": 1308.305, "Actual Total Time": 1308.325, "Actual Rows": 42, "Actual Loops": 1, "Inner Unique": true, "Merge Cond": "(mc.company_type_id = ct.id)", "Plans": [{"Node Type": "Sort", "Parent Relationship": "Outer", "Startup Cost": 38330.11, "Total Cost": 38330.12, "Plan Rows": 3, "Plan Width": 28, "Actual Startup Time": 1308.218, "Actual Total Time": 1308.243, "Actual Rows": 265, "Actual Loops": 1, "Sort Key": ["mc.company_type_id"], "Sort Method": "quicksort", "Sort Space Used": 50, "Sort Space Type": "Memory", "Plans": [{"Node Type": "Nested Loop", "Parent Relationship": "Outer", "Join Type": "Inner", "Startup Cost": 38294.05, "Total Cost": 38330.09, "Plan Rows": 3, "Plan Width": 28, "Actual Startup Time": 1305.705, "Actual Total Time": 1308.045, "Actual Rows": 265, "Actual Loops": 1, "Inner Unique": true, "Plans": [{"Node Type": "Merge Join", "Parent Relationship": "Outer", "Join Type": "Inner", "Startup Cost": 38291.75, "Total Cost": 38292.16, "Plan Rows": 6, "Plan Width": 16, "Actual Startup Time": 1305.664, "Actual Total Time": 1305.795, "Actual Rows": 275, "Actual Loops": 1, "Inner Unique": false, "Merge Cond": "(rt.id = ci.role_id)", "Plans": [{"Node Type": "Sort", "Parent Relationship": "Outer", "Startup Cost": 1.16, "Total Cost": 1.16, "Plan Rows": 1, "Plan Width": 4, "Actual Startup Time": 0.029, "Actual Total Time": 0.03, "Actual Rows": 1, "Actual Loops": 1, "Sort Key": ["rt.id"], "Sort Method": "quicksort", "Sort Space Used": 25, "Sort Space Type": "Memory", "Plans": [{"Node Type": "Seq Scan", "Parent Relationship": "Outer", "Relation Name": "role_type", "Alias": "rt", "Startup Cost": 0.0, "Total Cost": 1.15, "Plan Rows": 1, "Plan Width": 4, "Actual Startup Time": 0.017, "Actual Total Time": 0.022, "Actual Rows": 1, "Actual Loops": 1, "Filter": "((role)::text = 'actor'::text)", "Rows Removed by Filter": 11}]}, {"Node Type": "Sort", "Parent Relationship": "Inner", "Startup Cost": 38290.59, "Total Cost": 38290.76, "Plan Rows": 68, "Plan Width": 20, "Actual Startup Time": 1305.627, "Actual Total Time": 1305.664, "Actual Rows": 276, "Actual Loops": 1, "Sort Key": ["ci.role_id"], "Sort Method": "quicksort", "Sort Space Used": 60, "Sort Space Type": "Memory", "Plans": [{"Node Type": "Nested Loop", "Parent Relationship": "Outer", "Join Type": "Inner", "Startup Cost": 4.83, "Total Cost": 38288.52, "Plan Rows": 68, "Plan Width": 20, "Actual Startup Time": 1.191, "Actual Total Time": 1305.246, "Actual Rows": 377, "Actual Loops": 1, "Inner Unique": false, "Plans": [{"Node Type": "Nested Loop", "Parent Relationship": "Outer", "Join Type": "Inner", "Startup Cost": 4.32, "Total Cost": 20813.55, "Plan Rows": 3779, "Plan Width": 8, "Actual Startup Time": 0.082, "Actual Total Time": 120.324, "Actual Rows": 8790, "Actual Loops": 1, "Inner Unique": false, "Plans": [{"Node Type": "Seq Scan", "Parent Relationship": "Outer", "Relation Name": "company_name", "Alias": "cn", "Startup Cost": 0.0, "Total Cost": 5903.45, "Plan Rows": 251, "Plan Width": 4, "Actual Startup Time": 0.04, "Actual Total Time": 82.293, "Actual Rows": 1361, "Actual Loops": 1, "Filter": "((country_code)::text = '[ru]'::text)", "Rows Removed by Filter": 233635}, {"Node Type": "Bitmap Heap Scan", "Parent Relationship": "Inner", "Relation Name": "movie_companies", "Alias": "mc", "Startup Cost": 4.32, "Total Cost": 59.25, "Plan Rows": 15, "Plan Width": 12, "Actual Startup Time": 15.642, "Actual Total Time": 33.393, "Actual Rows": 8790, "Actual Loops": 1361, "Recheck Cond": "(company_id = cn.id)", "Rows Removed by Index Recheck": 0, "Exact Heap Blocks": 7155, "Lossy Heap Blocks": 7155, "Plans": [{"Node Type": "Bitmap Index Scan", "Parent Relationship": "Outer", "Index Name": "company_id_movie_companies", "Startup Cost": 0.0, "Total Cost": 4.31, "Plan Rows": 15, "Plan Width": 0, "Actual Startup Time": 10.069, "Actual Total Time": 10.069, "Actual Rows": 8790, "Actual Loops": 1361, "Index Cond": "(company_id = cn.id)"}]}]}, {"Node Type": "Bitmap Heap Scan", "Parent Relationship": "Inner", "Relation Name": "cast_info", "Alias": "ci", "Startup Cost": 0.51, "Total Cost": 4.61, "Plan Rows": 1, "Plan Width": 12, "Actual Startup Time": 1104.909, "Actual Total Time": 1169.85, "Actual Rows": 377, "Actual Loops": 8790, "Recheck Cond": "(movie_id = mc.movie_id)", "Rows Removed by Index Recheck": 0, "Filter": "(((note)::text ~~ '%(voice)%'::text) AND ((note)::text ~~ '%(uncredited)%'::text))", "Rows Removed by Filter": 408168, "Exact Heap Blocks": 397651, "Lossy Heap Blocks": 397651, "Plans": [{"Node Type": "Bitmap Index Scan", "Parent Relationship": "Outer", "Index Name": "movie_id_cast_info", "Startup Cost": 0.0, "Total Cost": 0.51, "Plan Rows": 6, "Plan Width": 0, "Actual Startup Time": 135.915, "Actual Total Time": 135.915, "Actual Rows": 408545, "Actual Loops": 8790, "Index Cond": "(movie_id = mc.movie_id)"}]}]}]}]}, {"Node Type": "Bitmap Heap Scan", "Parent Relationship": "Inner", "Relation Name": "char_name", "Alias": "chn", "Startup Cost": 2.3, "Total Cost": 6.31, "Plan Rows": 1, "Plan Width": 20, "Actual Startup Time": 1.873, "Actual Total Time": 1.873, "Actual Rows": 265, "Actual Loops": 275, "Recheck Cond": "(id = ci.person_role_id)", "Rows Removed by Index Recheck": 0, "Exact Heap Blocks": 265, "Lossy Heap Blocks": 265, "Plans": [{"Node Type": "Bitmap Index Scan", "Parent Relationship": "Outer", "Index Name": "char_name_pkey", "Startup Cost": 0.0, "Total Cost": 2.3, "Plan Rows": 1, "Plan Width": 0, "Actual Startup Time": 1.198, "Actual Total Time": 1.198, "Actual Rows": 265, "Actual Loops": 275, "Index Cond": "(id = ci.person_role_id)"}]}]}]}, {"Node Type": "Sort", "Parent Relationship": "Inner", "Startup Cost": 1.05, "Total Cost": 1.06, "Plan Rows": 3, "Plan Width": 4, "Actual Startup Time": 0.026, "Actual Total Time": 0.026, "Actual Rows": 1, "Actual Loops": 1, "Sort Key": ["ct.id"], "Sort Method": "quicksort", "Sort Space Used": 25, "Sort Space Type": "Memory", "Plans": [{"Node Type": "Seq Scan", "Parent Relationship": "Outer", "Relation Name": "company_type", "Alias": "ct", "Startup Cost": 0.0, "Total Cost": 1.03, "Plan Rows": 3, "Plan Width": 4, "Actual Startup Time": 0.006, "Actual Total Time": 0.008, "Actual Rows": 3, "Actual Loops": 1}]}]}, {"Node Type": "Bitmap Heap Scan", "Parent Relationship": "Inner", "Relation Name": "title", "Alias": "t", "Startup Cost": 0.27, "Total Cost": 4.29, "Plan Rows": 1, "Plan Width": 21, "Actual Startup Time": 0.307, "Actual Total Time": 0.307, "Actual Rows": 18, "Actual Loops": 42, "Recheck Cond": "(id = mc.movie_id)", "Rows Removed by Index Recheck": 0, "Filter": "(production_year > 2005)", "Rows Removed by Filter": 24, "Exact Heap Blocks": 42, "Lossy Heap Blocks": 42, "Plans": [{"Node Type": "Bitmap Index Scan", "Parent Relationship": "Outer", "Index Name": "title_pkey", "Startup Cost": 0.0, "Total Cost": 0.27, "Plan Rows": 1, "Plan Width": 0, "Actual Startup Time": 0.18, "Actual Total Time": 0.18, "Actual Rows": 42, "Actual Loops": 42, "Index Cond": "(id = mc.movie_id)"}]}]}]}, "Triggers": [], "Planner Runtime": 21, "Total Runtime": 1309.074, "Unique SQL Id": 2933943827}}, "(64, 83)": {"explain_plan": {"Plan": {"Node Type": "Aggregate", "Strategy": "Plain", "Startup Cost": 41418.46, "Total Cost": 41418.47, "Plan Rows": 1, "Plan Width": 97, "Plans": [{"Node Type": "Nested Loop", "Parent Relationship": "Outer", "Join Type": "Inner", "Startup Cost": 2787.21, "Total Cost": 41418.45, "Plan Rows": 2, "Plan Width": 33, "Inner Unique": true, "Plans": [{"Node Type": "Nested Loop", "Parent Relationship": "Outer", "Join Type": "Inner", "Startup Cost": 2786.95, "Total Cost": 41409.89, "Plan Rows": 2, "Plan Width": 37, "Inner Unique": true, "Plans": [{"Node Type": "Nested Loop", "Parent Relationship": "Outer", "Join Type": "Inner", "Startup Cost": 2786.68, "Total Cost": 41397.0, "Plan Rows": 3, "Plan Width": 28, "Inner Unique": true, "Plans": [{"Node Type": "Nested Loop", "Parent Relationship": "Outer", "Join Type": "Inner", "Startup Cost": 2784.38, "Total Cost": 41359.07, "Plan Rows": 6, "Plan Width": 16, "Inner Unique": true, "Plans": [{"Node Type": "Nested Loop", "Parent Relationship": "Outer", "Join Type": "Inner", "Startup Cost": 2784.12, "Total Cost": 41067.82, "Plan Rows": 68, "Plan Width": 20, "Inner Unique": false, "Plans": [{"Node Type": "Nested Loop", "Parent Relationship": "Outer", "Join Type": "Inner", "Startup Cost": 2783.61, "Total Cost": 23592.84, "Plan Rows": 3779, "Plan Width": 8, "Inner Unique": false, "Plans": [{"Node Type": "Bitmap Heap Scan", "Parent Relationship": "Outer", "Relation Name": "company_name", "Alias": "cn", "Startup Cost": 2779.29, "Total Cost": 8682.74, "Plan Rows": 251, "Plan Width": 4, "Filter": "((country_code)::text = '[ru]'::text)", "Plans": [{"Node Type": "Bitmap Index Scan", "Parent Relationship": "Outer", "Index Name": "company_name_pkey", "Startup Cost": 0.0, "Total Cost": 2779.23, "Plan Rows": 234996, "Plan Width": 0}]}, {"Node Type": "Bitmap Heap Scan", "Parent Relationship": "Inner", "Relation Name": "movie_companies", "Alias": "mc", "Startup Cost": 4.32, "Total Cost": 59.25, "Plan Rows": 15, "Plan Width": 12, "Recheck Cond": "(company_id = cn.id)", "Plans": [{"Node Type": "Bitmap Index Scan", "Parent Relationship": "Outer", "Index Name": "company_id_movie_companies", "Startup Cost": 0.0, "Total Cost": 4.31, "Plan Rows": 15, "Plan Width": 0, "Index Cond": "(company_id = cn.id)"}]}]}, {"Node Type": "Bitmap Heap Scan", "Parent Relationship": "Inner", "Relation Name": "cast_info", "Alias": "ci", "Startup Cost": 0.51, "Total Cost": 4.61, "Plan Rows": 1, "Plan Width": 12, "Recheck Cond": "(movie_id = mc.movie_id)", "Filter": "(((note)::text ~~ '%(voice)%'::text) AND ((note)::text ~~ '%(uncredited)%'::text))", "Plans": [{"Node Type": "Bitmap Index Scan", "Parent Relationship": "Outer", "Index Name": "movie_id_cast_info", "Startup Cost": 0.0, "Total Cost": 0.51, "Plan Rows": 6, "Plan Width": 0, "Index Cond": "(movie_id = mc.movie_id)"}]}]}, {"Node Type": "Bitmap Heap Scan", "Parent Relationship": "Inner", "Relation Name": "role_type", "Alias": "rt", "Startup Cost": 0.26, "Total Cost": 4.27, "Plan Rows": 1, "Plan Width": 4, "Recheck Cond": "(id = ci.role_id)", "Filter": "((role)::text = 'actor'::text)", "Plans": [{"Node Type": "Bitmap Index Scan", "Parent Relationship": "Outer", "Index Name": "role_type_pkey", "Startup Cost": 0.0, "Total Cost": 0.26, "Plan Rows": 1, "Plan Width": 0, "Index Cond": "(id = ci.role_id)"}]}]}, {"Node Type": "Bitmap Heap Scan", "Parent Relationship": "Inner", "Relation Name": "char_name", "Alias": "chn", "Startup Cost": 2.3, "Total Cost": 6.31, "Plan Rows": 1, "Plan Width": 20, "Recheck Cond": "(id = ci.person_role_id)", "Plans": [{"Node Type": "Bitmap Index Scan", "Parent Relationship": "Outer", "Index Name": "char_name_pkey", "Startup Cost": 0.0, "Total Cost": 2.3, "Plan Rows": 1, "Plan Width": 0, "Index Cond": "(id = ci.person_role_id)"}]}]}, {"Node Type": "Bitmap Heap Scan", "Parent Relationship": "Inner", "Relation Name": "title", "Alias": "t", "Startup Cost": 0.27, "Total Cost": 4.29, "Plan Rows": 1, "Plan Width": 21, "Recheck Cond": "(id = mc.movie_id)", "Filter": "(production_year > 2005)", "Plans": [{"Node Type": "Bitmap Index Scan", "Parent Relationship": "Outer", "Index Name": "title_pkey", "Startup Cost": 0.0, "Total Cost": 0.27, "Plan Rows": 1, "Plan Width": 0, "Index Cond": "(id = mc.movie_id)"}]}]}, {"Node Type": "Bitmap Heap Scan", "Parent Relationship": "Inner", "Relation Name": "company_type", "Alias": "ct", "Startup Cost": 0.26, "Total Cost": 4.27, "Plan Rows": 1, "Plan Width": 4, "Recheck Cond": "(id = mc.company_type_id)", "Plans": [{"Node Type": "Bitmap Index Scan", "Parent Relationship": "Outer", "Index Name": "company_type_pkey", "Startup Cost": 0.0, "Total Cost": 0.26, "Plan Rows": 1, "Plan Width": 0, "Index Cond": "(id = mc.company_type_id)"}]}]}]}, "Unique SQL Id": 2933943827, "Planner Runtime": 16}, "explain_analyze_plan": {"Plan": {"Node Type": "Aggregate", "Strategy": "Plain", "Startup Cost": 41418.46, "Total Cost": 41418.47, "Plan Rows": 1, "Plan Width": 97, "Actual Startup Time": 1353.636, "Actual Total Time": 1353.637, "Actual Rows": 1, "Actual Loops": 1, "Plans": [{"Node Type": "Nested Loop", "Parent Relationship": "Outer", "Join Type": "Inner", "Startup Cost": 2787.21, "Total Cost": 41418.45, "Plan Rows": 2, "Plan Width": 33, "Actual Startup Time": 107.21, "Actual Total Time": 1353.521, "Actual Rows": 18, "Actual Loops": 1, "Inner Unique": true, "Plans": [{"Node Type": "Nested Loop", "Parent Relationship": "Outer", "Join Type": "Inner", "Startup Cost": 2786.95, "Total Cost": 41409.89, "Plan Rows": 2, "Plan Width": 37, "Actual Startup Time": 37.769, "Actual Total Time": 1352.989, "Actual Rows": 104, "Actual Loops": 1, "Inner Unique": true, "Plans": [{"Node Type": "Nested Loop", "Parent Relationship": "Outer", "Join Type": "Inner", "Startup Cost": 2786.68, "Total Cost": 41397.0, "Plan Rows": 3, "Plan Width": 28, "Actual Startup Time": 23.05, "Actual Total Time": 1349.829, "Actual Rows": 265, "Actual Loops": 1, "Inner Unique": true, "Plans": [{"Node Type": "Nested Loop", "Parent Relationship": "Outer", "Join Type": "Inner", "Startup Cost": 2784.38, "Total Cost": 41359.07, "Plan Rows": 6, "Plan Width": 16, "Actual Startup Time": 23.037, "Actual Total Time": 1346.368, "Actual Rows": 275, "Actual Loops": 1, "Inner Unique": true, "Plans": [{"Node Type": "Nested Loop", "Parent Relationship": "Outer", "Join Type": "Inner", "Startup Cost": 2784.12, "Total Cost": 41067.82, "Plan Rows": 68, "Plan Width": 20, "Actual Startup Time": 23.026, "Actual Total Time": 1343.783, "Actual Rows": 377, "Actual Loops": 1, "Inner Unique": false, "Plans": [{"Node Type": "Nested Loop", "Parent Relationship": "Outer", "Join Type": "Inner", "Startup Cost": 2783.61, "Total Cost": 23592.84, "Plan Rows": 3779, "Plan Width": 8, "Actual Startup Time": 21.943, "Actual Total Time": 182.966, "Actual Rows": 8790, "Actual Loops": 1, "Inner Unique": false, "Plans": [{"Node Type": "Bitmap Heap Scan", "Parent Relationship": "Outer", "Relation Name": "company_name", "Alias": "cn", "Startup Cost": 2779.29, "Total Cost": 8682.74, "Plan Rows": 251, "Plan Width": 4, "Actual Startup Time": 21.91, "Actual Total Time": 145.563, "Actual Rows": 1361, "Actual Loops": 1, "Filter": "((country_code)::text = '[ru]'::text)", "Rows Removed by Filter": 233635, "Exact Heap Blocks": 2966, "Lossy Heap Blocks": 2966, "Plans": [{"Node Type": "Bitmap Index Scan", "Parent Relationship": "Outer", "Index Name": "company_name_pkey", "Startup Cost": 0.0, "Total Cost": 2779.23, "Plan Rows": 234996, "Plan Width": 0, "Actual Startup Time": 21.441, "Actual Total Time": 21.441, "Actual Rows": 234996, "Actual Loops": 1}]}, {"Node Type": "Bitmap Heap Scan", "Parent Relationship": "Inner", "Relation Name": "movie_companies", "Alias": "mc", "Startup Cost": 4.32, "Total Cost": 59.25, "Plan Rows": 15, "Plan Width": 12, "Actual Startup Time": 15.259, "Actual Total Time": 32.516, "Actual Rows": 8790, "Actual Loops": 1361, "Recheck Cond": "(company_id = cn.id)", "Rows Removed by Index Recheck": 0, "Exact Heap Blocks": 7155, "Lossy Heap Blocks": 7155, "Plans": [{"Node Type": "Bitmap Index Scan", "Parent Relationship": "Outer", "Index Name": "company_id_movie_companies", "Startup Cost": 0.0, "Total Cost": 4.31, "Plan Rows": 15, "Plan Width": 0, "Actual Startup Time": 9.3, "Actual Total Time": 9.3, "Actual Rows": 8790, "Actual Loops": 1361, "Index Cond": "(company_id = cn.id)"}]}]}, {"Node Type": "Bitmap Heap Scan", "Parent Relationship": "Inner", "Relation Name": "cast_info", "Alias": "ci", "Startup Cost": 0.51, "Total Cost": 4.61, "Plan Rows": 1, "Plan Width": 12, "Actual Startup Time": 1080.605, "Actual Total Time": 1145.055, "Actual Rows": 377, "Actual Loops": 8790, "Recheck Cond": "(movie_id = mc.movie_id)", "Rows Removed by Index Recheck": 0, "Filter": "(((note)::text ~~ '%(voice)%'::text) AND ((note)::text ~~ '%(uncredited)%'::text))", "Rows Removed by Filter": 408168, "Exact Heap Blocks": 397651, "Lossy Heap Blocks": 397651, "Plans": [{"Node Type": "Bitmap Index Scan", "Parent Relationship": "Outer", "Index Name": "movie_id_cast_info", "Startup Cost": 0.0, "Total Cost": 0.51, "Plan Rows": 6, "Plan Width": 0, "Actual Startup Time": 134.176, "Actual Total Time": 134.176, "Actual Rows": 408545, "Actual Loops": 8790, "Index Cond": "(movie_id = mc.movie_id)"}]}]}, {"Node Type": "Bitmap Heap Scan", "Parent Relationship": "Inner", "Relation Name": "role_type", "Alias": "rt", "Startup Cost": 0.26, "Total Cost": 4.27, "Plan Rows": 1, "Plan Width": 4, "Actual Startup Time": 1.653, "Actual Total Time": 1.653, "Actual Rows": 275, "Actual Loops": 377, "Recheck Cond": "(id = ci.role_id)", "Rows Removed by Index Recheck": 0, "Filter": "((role)::text = 'actor'::text)", "Rows Removed by Filter": 102, "Exact Heap Blocks": 377, "Lossy Heap Blocks": 377, "Plans": [{"Node Type": "Bitmap Index Scan", "Parent Relationship": "Outer", "Index Name": "role_type_pkey", "Startup Cost": 0.0, "Total Cost": 0.26, "Plan Rows": 1, "Plan Width": 0, "Actual Startup Time": 0.619, "Actual Total Time": 0.619, "Actual Rows": 377, "Actual Loops": 377, "Index Cond": "(id = ci.role_id)"}]}]}, {"Node Type": "Bitmap Heap Scan", "Parent Relationship": "Inner", "Relation Name": "char_name", "Alias": "chn", "Startup Cost": 2.3, "Total Cost": 6.31, "Plan Rows": 1, "Plan Width": 20, "Actual Startup Time": 2.76, "Actual Total Time": 2.76, "Actual Rows": 265, "Actual Loops": 275, "Recheck Cond": "(id = ci.person_role_id)", "Rows Removed by Index Recheck": 0, "Exact Heap Blocks": 265, "Lossy Heap Blocks": 265, "Plans": [{"Node Type": "Bitmap Index Scan", "Parent Relationship": "Outer", "Index Name": "char_name_pkey", "Startup Cost": 0.0, "Total Cost": 2.3, "Plan Rows": 1, "Plan Width": 0, "Actual Startup Time": 1.81, "Actual Total Time": 1.81, "Actual Rows": 265, "Actual Loops": 275, "Index Cond": "(id = ci.person_role_id)"}]}]}, {"Node Type": "Bitmap Heap Scan", "Parent Relationship": "Inner", "Relation Name": "title", "Alias": "t", "Startup Cost": 0.27, "Total Cost": 4.29, "Plan Rows": 1, "Plan Width": 21, "Actual Startup Time": 2.584, "Actual Total Time": 2.584, "Actual Rows": 104, "Actual Loops": 265, "Recheck Cond": "(id = mc.movie_id)", "Rows Removed by Index Recheck": 0, "Filter": "(production_year > 2005)", "Rows Removed by Filter": 161, "Exact Heap Blocks": 265, "Lossy Heap Blocks": 265, "Plans": [{"Node Type": "Bitmap Index Scan", "Parent Relationship": "Outer", "Index Name": "title_pkey", "Startup Cost": 0.0, "Total Cost": 0.27, "Plan Rows": 1, "Plan Width": 0, "Actual Startup Time": 1.613, "Actual Total Time": 1.613, "Actual Rows": 265, "Actual Loops": 265, "Index Cond": "(id = mc.movie_id)"}]}]}, {"Node Type": "Bitmap Heap Scan", "Parent Relationship": "Inner", "Relation Name": "company_type", "Alias": "ct", "Startup Cost": 0.26, "Total Cost": 4.27, "Plan Rows": 1, "Plan Width": 4, "Actual Startup Time": 0.288, "Actual Total Time": 0.288, "Actual Rows": 18, "Actual Loops": 104, "Recheck Cond": "(id = mc.company_type_id)", "Rows Removed by Index Recheck": 0, "Exact Heap Blocks": 18, "Lossy Heap Blocks": 18, "Plans": [{"Node Type": "Bitmap Index Scan", "Parent Relationship": "Outer", "Index Name": "company_type_pkey", "Startup Cost": 0.0, "Total Cost": 0.26, "Plan Rows": 1, "Plan Width": 0, "Actual Startup Time": 0.156, "Actual Total Time": 0.156, "Actual Rows": 18, "Actual Loops": 104, "Index Cond": "(id = mc.company_type_id)"}]}]}]}, "Triggers": [], "Planner Runtime": 6, "Total Runtime": 1354.082, "Unique SQL Id": 2933943827}}, "(64, 84)": {"explain_plan": {"Plan": {"Node Type": "Aggregate", "Strategy": "Plain", "Startup Cost": 19914.67, "Total Cost": 19914.68, "Plan Rows": 1, "Plan Width": 97, "Plans": [{"Node Type": "Nested Loop", "Parent Relationship": "Outer", "Join Type": "Inner", "Startup Cost": 0.0, "Total Cost": 19914.66, "Plan Rows": 2, "Plan Width": 33, "Inner Unique": true, "Plans": [{"Node Type": "Nested Loop", "Parent Relationship": "Outer", "Join Type": "Inner", "Startup Cost": 0.0, "Total Cost": 19914.1, "Plan Rows": 2, "Plan Width": 37, "Inner Unique": true, "Plans": [{"Node Type": "Nested Loop", "Parent Relationship": "Outer", "Join Type": "Inner", "Startup Cost": 0.0, "Total Cost": 19887.22, "Plan Rows": 5, "Plan Width": 25, "Inner Unique": true, "Plans": [{"Node Type": "Nested Loop", "Parent Relationship": "Outer", "Join Type": "Inner", "Startup Cost": 0.0, "Total Cost": 19885.12, "Plan Rows": 6, "Plan Width": 16, "Inner Unique": true, "Plans": [{"Node Type": "Nested Loop", "Parent Relationship": "Outer", "Join Type": "Inner", "Startup Cost": 0.0, "Total Cost": 19865.87, "Plan Rows": 68, "Plan Width": 20, "Inner Unique": false, "Plans": [{"Node Type": "Nested Loop", "Parent Relationship": "Outer", "Join Type": "Inner", "Startup Cost": 0.0, "Total Cost": 16121.55, "Plan Rows": 3779, "Plan Width": 8, "Inner Unique": false, "Plans": [{"Node Type": "Seq Scan", "Parent Relationship": "Outer", "Relation Name": "company_name", "Alias": "cn", "Startup Cost": 0.0, "Total Cost": 5903.45, "Plan Rows": 251, "Plan Width": 4, "Filter": "((country_code)::text = '[ru]'::text)"}, {"Node Type": "Index Scan", "Parent Relationship": "Inner", "Scan Direction": "Forward", "Index Name": "company_id_movie_companies", "Relation Name": "movie_companies", "Alias": "mc", "Startup Cost": 0.0, "Total Cost": 40.56, "Plan Rows": 15, "Plan Width": 12, "Index Cond": "(company_id = cn.id)"}]}, {"Node Type": "Index Scan", "Parent Relationship": "Inner", "Scan Direction": "Forward", "Index Name": "movie_id_cast_info", "Relation Name": "cast_info", "Alias": "ci", "Startup Cost": 0.0, "Total Cost": 0.98, "Plan Rows": 1, "Plan Width": 12, "Index Cond": "(movie_id = mc.movie_id)", "Filter": "(((note)::text ~~ '%(voice)%'::text) AND ((note)::text ~~ '%(uncredited)%'::text))"}]}, {"Node Type": "Index Scan", "Parent Relationship": "Inner", "Scan Direction": "Forward", "Index Name": "role_type_pkey", "Relation Name": "role_type", "Alias": "rt", "Startup Cost": 0.0, "Total Cost": 0.27, "Plan Rows": 1, "Plan Width": 4, "Index Cond": "(id = ci.role_id)", "Filter": "((role)::text = 'actor'::text)"}]}, {"Node Type": "Index Scan", "Parent Relationship": "Inner", "Scan Direction": "Forward", "Index Name": "title_pkey", "Relation Name": "title", "Alias": "t", "Startup Cost": 0.0, "Total Cost": 0.34, "Plan Rows": 1, "Plan Width": 21, "Index Cond": "(id = mc.movie_id)", "Filter": "(production_year > 2005)"}]}, {"Node Type": "Index Scan", "Parent Relationship": "Inner", "Scan Direction": "Forward", "Index Name": "char_name_pkey", "Relation Name": "char_name", "Alias": "chn", "Startup Cost": 0.0, "Total Cost": 5.37, "Plan Rows": 1, "Plan Width": 20, "Index Cond": "(id = ci.person_role_id)"}]}, {"Node Type": "Index Scan", "Parent Relationship": "Inner", "Scan Direction": "Forward", "Index Name": "company_type_pkey", "Relation Name": "company_type", "Alias": "ct", "Startup Cost": 0.0, "Total Cost": 0.27, "Plan Rows": 1, "Plan Width": 4, "Index Cond": "(id = mc.company_type_id)"}]}]}, "Unique SQL Id": 2933943827, "Planner Runtime": 15}, "explain_analyze_plan": {"Plan": {"Node Type": "Aggregate", "Strategy": "Plain", "Startup Cost": 19914.67, "Total Cost": 19914.68, "Plan Rows": 1, "Plan Width": 97, "Actual Startup Time": 893.035, "Actual Total Time": 893.035, "Actual Rows": 1, "Actual Loops": 1, "Plans": [{"Node Type": "Nested Loop", "Parent Relationship": "Outer", "Join Type": "Inner", "Startup Cost": 0.0, "Total Cost": 19914.66, "Plan Rows": 2, "Plan Width": 33, "Actual Startup Time": 45.837, "Actual Total Time": 892.941, "Actual Rows": 18, "Actual Loops": 1, "Inner Unique": true, "Plans": [{"Node Type": "Nested Loop", "Parent Relationship": "Outer", "Join Type": "Inner", "Startup Cost": 0.0, "Total Cost": 19914.1, "Plan Rows": 2, "Plan Width": 37, "Actual Startup Time": 9.473, "Actual Total Time": 892.647, "Actual Rows": 104, "Actual Loops": 1, "Inner Unique": true, "Plans": [{"Node Type": "Nested Loop", "Parent Relationship": "Outer", "Join Type": "Inner", "Startup Cost": 0.0, "Total Cost": 19887.22, "Plan Rows": 5, "Plan Width": 25, "Actual Startup Time": 9.459, "Actual Total Time": 891.527, "Actual Rows": 112, "Actual Loops": 1, "Inner Unique": true, "Plans": [{"Node Type": "Nested Loop", "Parent Relationship": "Outer", "Join Type": "Inner", "Startup Cost": 0.0, "Total Cost": 19885.12, "Plan Rows": 6, "Plan Width": 16, "Actual Startup Time": 0.838, "Actual Total Time": 889.18, "Actual Rows": 275, "Actual Loops": 1, "Inner Unique": true, "Plans": [{"Node Type": "Nested Loop", "Parent Relationship": "Outer", "Join Type": "Inner", "Startup Cost": 0.0, "Total Cost": 19865.87, "Plan Rows": 68, "Plan Width": 20, "Actual Startup Time": 0.831, "Actual Total Time": 887.497, "Actual Rows": 377, "Actual Loops": 1, "Inner Unique": false, "Plans": [{"Node Type": "Nested Loop", "Parent Relationship": "Outer", "Join Type": "Inner", "Startup Cost": 0.0, "Total Cost": 16121.55, "Plan Rows": 3779, "Plan Width": 8, "Actual Startup Time": 0.073, "Actual Total Time": 109.034, "Actual Rows": 8790, "Actual Loops": 1, "Inner Unique": false, "Plans": [{"Node Type": "Seq Scan", "Parent Relationship": "Outer", "Relation Name": "company_name", "Alias": "cn", "Startup Cost": 0.0, "Total Cost": 5903.45, "Plan Rows": 251, "Plan Width": 4, "Actual Startup Time": 0.05, "Actual Total Time": 82.225, "Actual Rows": 1361, "Actual Loops": 1, "Filter": "((country_code)::text = '[ru]'::text)", "Rows Removed by Filter": 233635}, {"Node Type": "Index Scan", "Parent Relationship": "Inner", "Scan Direction": "Forward", "Index Name": "company_id_movie_companies", "Relation Name": "movie_companies", "Alias": "mc", "Startup Cost": 0.0, "Total Cost": 40.56, "Plan Rows": 15, "Plan Width": 12, "Actual Startup Time": 9.904, "Actual Total Time": 23.489, "Actual Rows": 8790, "Actual Loops": 1361, "Index Cond": "(company_id = cn.id)", "Rows Removed by Index Recheck": 0}]}, {"Node Type": "Index Scan", "Parent Relationship": "Inner", "Scan Direction": "Forward", "Index Name": "movie_id_cast_info", "Relation Name": "cast_info", "Alias": "ci", "Startup Cost": 0.0, "Total Cost": 0.98, "Plan Rows": 1, "Plan Width": 12, "Actual Startup Time": 728.151, "Actual Total Time": 772.927, "Actual Rows": 377, "Actual Loops": 8790, "Index Cond": "(movie_id = mc.movie_id)", "Rows Removed by Index Recheck": 0, "Filter": "(((note)::text ~~ '%(voice)%'::text) AND ((note)::text ~~ '%(uncredited)%'::text))", "Rows Removed by Filter": 408168}]}, {"Node Type": "Index Scan", "Parent Relationship": "Inner", "Scan Direction": "Forward", "Index Name": "role_type_pkey", "Relation Name": "role_type", "Alias": "rt", "Startup Cost": 0.0, "Total Cost": 0.27, "Plan Rows": 1, "Plan Width": 4, "Actual Startup Time": 1.145, "Actual Total Time": 1.145, "Actual Rows": 275, "Actual Loops": 377, "Index Cond": "(id = ci.role_id)", "Rows Removed by Index Recheck": 0, "Filter": "((role)::text = 'actor'::text)", "Rows Removed by Filter": 102}]}, {"Node Type": "Index Scan", "Parent Relationship": "Inner", "Scan Direction": "Forward", "Index Name": "title_pkey", "Relation Name": "title", "Alias": "t", "Startup Cost": 0.0, "Total Cost": 0.34, "Plan Rows": 1, "Plan Width": 21, "Actual Startup Time": 1.979, "Actual Total Time": 1.979, "Actual Rows": 112, "Actual Loops": 275, "Index Cond": "(id = mc.movie_id)", "Rows Removed by Index Recheck": 0, "Filter": "(production_year > 2005)", "Rows Removed by Filter": 163}]}, {"Node Type": "Index Scan", "Parent Relationship": "Inner", "Scan Direction": "Forward", "Index Name": "char_name_pkey", "Relation Name": "char_name", "Alias": "chn", "Startup Cost": 0.0, "Total Cost": 5.37, "Plan Rows": 1, "Plan Width": 20, "Actual Startup Time": 0.885, "Actual Total Time": 0.885, "Actual Rows": 104, "Actual Loops": 112, "Index Cond": "(id = ci.person_role_id)", "Rows Removed by Index Recheck": 0}]}, {"Node Type": "Index Scan", "Parent Relationship": "Inner", "Scan Direction": "Forward", "Index Name": "company_type_pkey", "Relation Name": "company_type", "Alias": "ct", "Startup Cost": 0.0, "Total Cost": 0.27, "Plan Rows": 1, "Plan Width": 4, "Actual Startup Time": 0.155, "Actual Total Time": 0.155, "Actual Rows": 18, "Actual Loops": 104, "Index Cond": "(id = mc.company_type_id)", "Rows Removed by Index Recheck": 0}]}]}, "Triggers": [], "Planner Runtime": 14, "Total Runtime": 893.39, "Unique SQL Id": 2933943827}}, "(64, 85)": {"explain_plan": {"Plan": {"Node Type": "Aggregate", "Strategy": "Plain", "Startup Cost": 22693.96, "Total Cost": 22693.97, "Plan Rows": 1, "Plan Width": 97, "Plans": [{"Node Type": "Nested Loop", "Parent Relationship": "Outer", "Join Type": "Inner", "Startup Cost": 2779.29, "Total Cost": 22693.95, "Plan Rows": 2, "Plan Width": 33, "Inner Unique": true, "Plans": [{"Node Type": "Nested Loop", "Parent Relationship": "Outer", "Join Type": "Inner", "Startup Cost": 2779.29, "Total Cost": 22693.39, "Plan Rows": 2, "Plan Width": 37, "Inner Unique": true, "Plans": [{"Node Type": "Nested Loop", "Parent Relationship": "Outer", "Join Type": "Inner", "Startup Cost": 2779.29, "Total Cost": 22666.51, "Plan Rows": 5, "Plan Width": 25, "Inner Unique": true, "Plans": [{"Node Type": "Nested Loop", "Parent Relationship": "Outer", "Join Type": "Inner", "Startup Cost": 2779.29, "Total Cost": 22664.41, "Plan Rows": 6, "Plan Width": 16, "Inner Unique": true, "Plans": [{"Node Type": "Nested Loop", "Parent Relationship": "Outer", "Join Type": "Inner", "Startup Cost": 2779.29, "Total Cost": 22645.16, "Plan Rows": 68, "Plan Width": 20, "Inner Unique": false, "Plans": [{"Node Type": "Nested Loop", "Parent Relationship": "Outer", "Join Type": "Inner", "Startup Cost": 2779.29, "Total Cost": 18900.84, "Plan Rows": 3779, "Plan Width": 8, "Inner Unique": false, "Plans": [{"Node Type": "Bitmap Heap Scan", "Parent Relationship": "Outer", "Relation Name": "company_name", "Alias": "cn", "Startup Cost": 2779.29, "Total Cost": 8682.74, "Plan Rows": 251, "Plan Width": 4, "Filter": "((country_code)::text = '[ru]'::text)", "Plans": [{"Node Type": "Bitmap Index Scan", "Parent Relationship": "Outer", "Index Name": "company_name_pkey", "Startup Cost": 0.0, "Total Cost": 2779.23, "Plan Rows": 234996, "Plan Width": 0}]}, {"Node Type": "Index Scan", "Parent Relationship": "Inner", "Scan Direction": "Forward", "Index Name": "company_id_movie_companies", "Relation Name": "movie_companies", "Alias": "mc", "Startup Cost": 0.0, "Total Cost": 40.56, "Plan Rows": 15, "Plan Width": 12, "Index Cond": "(company_id = cn.id)"}]}, {"Node Type": "Index Scan", "Parent Relationship": "Inner", "Scan Direction": "Forward", "Index Name": "movie_id_cast_info", "Relation Name": "cast_info", "Alias": "ci", "Startup Cost": 0.0, "Total Cost": 0.98, "Plan Rows": 1, "Plan Width": 12, "Index Cond": "(movie_id = mc.movie_id)", "Filter": "(((note)::text ~~ '%(voice)%'::text) AND ((note)::text ~~ '%(uncredited)%'::text))"}]}, {"Node Type": "Index Scan", "Parent Relationship": "Inner", "Scan Direction": "Forward", "Index Name": "role_type_pkey", "Relation Name": "role_type", "Alias": "rt", "Startup Cost": 0.0, "Total Cost": 0.27, "Plan Rows": 1, "Plan Width": 4, "Index Cond": "(id = ci.role_id)", "Filter": "((role)::text = 'actor'::text)"}]}, {"Node Type": "Index Scan", "Parent Relationship": "Inner", "Scan Direction": "Forward", "Index Name": "title_pkey", "Relation Name": "title", "Alias": "t", "Startup Cost": 0.0, "Total Cost": 0.34, "Plan Rows": 1, "Plan Width": 21, "Index Cond": "(id = mc.movie_id)", "Filter": "(production_year > 2005)"}]}, {"Node Type": "Index Scan", "Parent Relationship": "Inner", "Scan Direction": "Forward", "Index Name": "char_name_pkey", "Relation Name": "char_name", "Alias": "chn", "Startup Cost": 0.0, "Total Cost": 5.37, "Plan Rows": 1, "Plan Width": 20, "Index Cond": "(id = ci.person_role_id)"}]}, {"Node Type": "Index Scan", "Parent Relationship": "Inner", "Scan Direction": "Forward", "Index Name": "company_type_pkey", "Relation Name": "company_type", "Alias": "ct", "Startup Cost": 0.0, "Total Cost": 0.27, "Plan Rows": 1, "Plan Width": 4, "Index Cond": "(id = mc.company_type_id)"}]}]}, "Unique SQL Id": 2933943827, "Planner Runtime": 13}, "explain_analyze_plan": {"Plan": {"Node Type": "Aggregate", "Strategy": "Plain", "Startup Cost": 22693.96, "Total Cost": 22693.97, "Plan Rows": 1, "Plan Width": 97, "Actual Startup Time": 1139.826, "Actual Total Time": 1139.827, "Actual Rows": 1, "Actual Loops": 1, "Plans": [{"Node Type": "Nested Loop", "Parent Relationship": "Outer", "Join Type": "Inner", "Startup Cost": 2779.29, "Total Cost": 22693.95, "Plan Rows": 2, "Plan Width": 33, "Actual Startup Time": 86.067, "Actual Total Time": 1139.732, "Actual Rows": 18, "Actual Loops": 1, "Inner Unique": true, "Plans": [{"Node Type": "Nested Loop", "Parent Relationship": "Outer", "Join Type": "Inner", "Startup Cost": 2779.29, "Total Cost": 22693.39, "Plan Rows": 2, "Plan Width": 37, "Actual Startup Time": 34.843, "Actual Total Time": 1139.393, "Actual Rows": 104, "Actual Loops": 1, "Inner Unique": true, "Plans": [{"Node Type": "Nested Loop", "Parent Relationship": "Outer", "Join Type": "Inner", "Startup Cost": 2779.29, "Total Cost": 22666.51, "Plan Rows": 5, "Plan Width": 25, "Actual Startup Time": 34.829, "Actual Total Time": 1138.099, "Actual Rows": 112, "Actual Loops": 1, "Inner Unique": true, "Plans": [{"Node Type": "Nested Loop", "Parent Relationship": "Outer", "Join Type": "Inner", "Startup Cost": 2779.29, "Total Cost": 22664.41, "Plan Rows": 6, "Plan Width": 16, "Actual Startup Time": 22.793, "Actual Total Time": 1135.284, "Actual Rows": 275, "Actual Loops": 1, "Inner Unique": true, "Plans": [{"Node Type": "Nested Loop", "Parent Relationship": "Outer", "Join Type": "Inner", "Startup Cost": 2779.29, "Total Cost": 22645.16, "Plan Rows": 68, "Plan Width": 20, "Actual Startup Time": 22.786, "Actual Total Time": 1133.659, "Actual Rows": 377, "Actual Loops": 1, "Inner Unique": false, "Plans": [{"Node Type": "Nested Loop", "Parent Relationship": "Outer", "Join Type": "Inner", "Startup Cost": 2779.29, "Total Cost": 18900.84, "Plan Rows": 3779, "Plan Width": 8, "Actual Startup Time": 21.88, "Actual Total Time": 158.833, "Actual Rows": 8790, "Actual Loops": 1, "Inner Unique": false, "Plans": [{"Node Type": "Bitmap Heap Scan", "Parent Relationship": "Outer", "Relation Name": "company_name", "Alias": "cn", "Startup Cost": 2779.29, "Total Cost": 8682.74, "Plan Rows": 251, "Plan Width": 4, "Actual Startup Time": 21.858, "Actual Total Time": 128.295, "Actual Rows": 1361, "Actual Loops": 1, "Filter": "((country_code)::text = '[ru]'::text)", "Rows Removed by Filter": 233635, "Exact Heap Blocks": 2966, "Lossy Heap Blocks": 2966, "Plans": [{"Node Type": "Bitmap Index Scan", "Parent Relationship": "Outer", "Index Name": "company_name_pkey", "Startup Cost": 0.0, "Total Cost": 2779.23, "Plan Rows": 234996, "Plan Width": 0, "Actual Startup Time": 21.385, "Actual Total Time": 21.385, "Actual Rows": 234996, "Actual Loops": 1}]}, {"Node Type": "Index Scan", "Parent Relationship": "Inner", "Scan Direction": "Forward", "Index Name": "company_id_movie_companies", "Relation Name": "movie_companies", "Alias": "mc", "Startup Cost": 0.0, "Total Cost": 40.56, "Plan Rows": 15, "Plan Width": 12, "Actual Startup Time": 11.363, "Actual Total Time": 27.194, "Actual Rows": 8790, "Actual Loops": 1361, "Index Cond": "(company_id = cn.id)", "Rows Removed by Index Recheck": 0}]}, {"Node Type": "Index Scan", "Parent Relationship": "Inner", "Scan Direction": "Forward", "Index Name": "movie_id_cast_info", "Relation Name": "cast_info", "Alias": "ci", "Startup Cost": 0.0, "Total Cost": 0.98, "Plan Rows": 1, "Plan Width": 12, "Actual Startup Time": 911.366, "Actual Total Time": 969.298, "Actual Rows": 377, "Actual Loops": 8790, "Index Cond": "(movie_id = mc.movie_id)", "Rows Removed by Index Recheck": 0, "Filter": "(((note)::text ~~ '%(voice)%'::text) AND ((note)::text ~~ '%(uncredited)%'::text))", "Rows Removed by Filter": 408168}]}, {"Node Type": "Index Scan", "Parent Relationship": "Inner", "Scan Direction": "Forward", "Index Name": "role_type_pkey", "Relation Name": "role_type", "Alias": "rt", "Startup Cost": 0.0, "Total Cost": 0.27, "Plan Rows": 1, "Plan Width": 4, "Actual Startup Time": 1.065, "Actual Total Time": 1.065, "Actual Rows": 275, "Actual Loops": 377, "Index Cond": "(id = ci.role_id)", "Rows Removed by Index Recheck": 0, "Filter": "((role)::text = 'actor'::text)", "Rows Removed by Filter": 102}]}, {"Node Type": "Index Scan", "Parent Relationship": "Inner", "Scan Direction": "Forward", "Index Name": "title_pkey", "Relation Name": "title", "Alias": "t", "Startup Cost": 0.0, "Total Cost": 0.34, "Plan Rows": 1, "Plan Width": 21, "Actual Startup Time": 2.419, "Actual Total Time": 2.419, "Actual Rows": 112, "Actual Loops": 275, "Index Cond": "(id = mc.movie_id)", "Rows Removed by Index Recheck": 0, "Filter": "(production_year > 2005)", "Rows Removed by Filter": 163}]}, {"Node Type": "Index Scan", "Parent Relationship": "Inner", "Scan Direction": "Forward", "Index Name": "char_name_pkey", "Relation Name": "char_name", "Alias": "chn", "Startup Cost": 0.0, "Total Cost": 5.37, "Plan Rows": 1, "Plan Width": 20, "Actual Startup Time": 1.027, "Actual Total Time": 1.027, "Actual Rows": 104, "Actual Loops": 112, "Index Cond": "(id = ci.person_role_id)", "Rows Removed by Index Recheck": 0}]}, {"Node Type": "Index Scan", "Parent Relationship": "Inner", "Scan Direction": "Forward", "Index Name": "company_type_pkey", "Relation Name": "company_type", "Alias": "ct", "Startup Cost": 0.0, "Total Cost": 0.27, "Plan Rows": 1, "Plan Width": 4, "Actual Startup Time": 0.173, "Actual Total Time": 0.173, "Actual Rows": 18, "Actual Loops": 104, "Index Cond": "(id = mc.company_type_id)", "Rows Removed by Index Recheck": 0}]}]}, "Triggers": [], "Planner Runtime": 9, "Total Runtime": 1140.231, "Unique SQL Id": 2933943827}}, "(64, 86)": {"explain_plan": {"Plan": {"Node Type": "Aggregate", "Strategy": "Plain", "Startup Cost": 38344.14, "Total Cost": 38344.15, "Plan Rows": 1, "Plan Width": 97, "Plans": [{"Node Type": "Nested Loop", "Parent Relationship": "Outer", "Join Type": "Inner", "Startup Cost": 38331.45, "Total Cost": 38344.12, "Plan Rows": 4, "Plan Width": 33, "Inner Unique": true, "Plans": [{"Node Type": "Merge Join", "Parent Relationship": "Outer", "Join Type": "Inner", "Startup Cost": 38331.17, "Total Cost": 38331.23, "Plan Rows": 3, "Plan Width": 24, "Inner Unique": true, "Merge Cond": "(mc.company_type_id = ct.id)", "Plans": [{"Node Type": "Sort", "Parent Relationship": "Outer", "Startup Cost": 38330.11, "Total Cost": 38330.12, "Plan Rows": 3, "Plan Width": 28, "Sort Key": ["mc.company_type_id"], "Plans": [{"Node Type": "Nested Loop", "Parent Relationship": "Outer", "Join Type": "Inner", "Startup Cost": 38294.05, "Total Cost": 38330.09, "Plan Rows": 3, "Plan Width": 28, "Inner Unique": true, "Plans": [{"Node Type": "Merge Join", "Parent Relationship": "Outer", "Join Type": "Inner", "Startup Cost": 38291.75, "Total Cost": 38292.16, "Plan Rows": 6, "Plan Width": 16, "Inner Unique": false, "Merge Cond": "(rt.id = ci.role_id)", "Plans": [{"Node Type": "Sort", "Parent Relationship": "Outer", "Startup Cost": 1.16, "Total Cost": 1.16, "Plan Rows": 1, "Plan Width": 4, "Sort Key": ["rt.id"], "Plans": [{"Node Type": "Seq Scan", "Parent Relationship": "Outer", "Relation Name": "role_type", "Alias": "rt", "Startup Cost": 0.0, "Total Cost": 1.15, "Plan Rows": 1, "Plan Width": 4, "Filter": "((role)::text = 'actor'::text)"}]}, {"Node Type": "Sort", "Parent Relationship": "Inner", "Startup Cost": 38290.59, "Total Cost": 38290.76, "Plan Rows": 68, "Plan Width": 20, "Sort Key": ["ci.role_id"], "Plans": [{"Node Type": "Nested Loop", "Parent Relationship": "Outer", "Join Type": "Inner", "Startup Cost": 4.83, "Total Cost": 38288.52, "Plan Rows": 68, "Plan Width": 20, "Inner Unique": false, "Plans": [{"Node Type": "Nested Loop", "Parent Relationship": "Outer", "Join Type": "Inner", "Startup Cost": 4.32, "Total Cost": 20813.55, "Plan Rows": 3779, "Plan Width": 8, "Inner Unique": false, "Plans": [{"Node Type": "Seq Scan", "Parent Relationship": "Outer", "Relation Name": "company_name", "Alias": "cn", "Startup Cost": 0.0, "Total Cost": 5903.45, "Plan Rows": 251, "Plan Width": 4, "Filter": "((country_code)::text = '[ru]'::text)"}, {"Node Type": "Bitmap Heap Scan", "Parent Relationship": "Inner", "Relation Name": "movie_companies", "Alias": "mc", "Startup Cost": 4.32, "Total Cost": 59.25, "Plan Rows": 15, "Plan Width": 12, "Recheck Cond": "(company_id = cn.id)", "Plans": [{"Node Type": "Bitmap Index Scan", "Parent Relationship": "Outer", "Index Name": "company_id_movie_companies", "Startup Cost": 0.0, "Total Cost": 4.31, "Plan Rows": 15, "Plan Width": 0, "Index Cond": "(company_id = cn.id)"}]}]}, {"Node Type": "Bitmap Heap Scan", "Parent Relationship": "Inner", "Relation Name": "cast_info", "Alias": "ci", "Startup Cost": 0.51, "Total Cost": 4.61, "Plan Rows": 1, "Plan Width": 12, "Recheck Cond": "(movie_id = mc.movie_id)", "Filter": "(((note)::text ~~ '%(voice)%'::text) AND ((note)::text ~~ '%(uncredited)%'::text))", "Plans": [{"Node Type": "Bitmap Index Scan", "Parent Relationship": "Outer", "Index Name": "movie_id_cast_info", "Startup Cost": 0.0, "Total Cost": 0.51, "Plan Rows": 6, "Plan Width": 0, "Index Cond": "(movie_id = mc.movie_id)"}]}]}]}]}, {"Node Type": "Bitmap Heap Scan", "Parent Relationship": "Inner", "Relation Name": "char_name", "Alias": "chn", "Startup Cost": 2.3, "Total Cost": 6.31, "Plan Rows": 1, "Plan Width": 20, "Recheck Cond": "(id = ci.person_role_id)", "Plans": [{"Node Type": "Bitmap Index Scan", "Parent Relationship": "Outer", "Index Name": "char_name_pkey", "Startup Cost": 0.0, "Total Cost": 2.3, "Plan Rows": 1, "Plan Width": 0, "Index Cond": "(id = ci.person_role_id)"}]}]}]}, {"Node Type": "Sort", "Parent Relationship": "Inner", "Startup Cost": 1.05, "Total Cost": 1.06, "Plan Rows": 3, "Plan Width": 4, "Sort Key": ["ct.id"], "Plans": [{"Node Type": "Seq Scan", "Parent Relationship": "Outer", "Relation Name": "company_type", "Alias": "ct", "Startup Cost": 0.0, "Total Cost": 1.03, "Plan Rows": 3, "Plan Width": 4}]}]}, {"Node Type": "Bitmap Heap Scan", "Parent Relationship": "Inner", "Relation Name": "title", "Alias": "t", "Startup Cost": 0.27, "Total Cost": 4.29, "Plan Rows": 1, "Plan Width": 21, "Recheck Cond": "(id = mc.movie_id)", "Filter": "(production_year > 2005)", "Plans": [{"Node Type": "Bitmap Index Scan", "Parent Relationship": "Outer", "Index Name": "title_pkey", "Startup Cost": 0.0, "Total Cost": 0.27, "Plan Rows": 1, "Plan Width": 0, "Index Cond": "(id = mc.movie_id)"}]}]}]}, "Unique SQL Id": 2933943827, "Planner Runtime": 21}, "explain_analyze_plan": {"Plan": {"Node Type": "Aggregate", "Strategy": "Plain", "Startup Cost": 38344.14, "Total Cost": 38344.15, "Plan Rows": 1, "Plan Width": 97, "Actual Startup Time": 1308.724, "Actual Total Time": 1308.724, "Actual Rows": 1, "Actual Loops": 1, "Plans": [{"Node Type": "Nested Loop", "Parent Relationship": "Outer", "Join Type": "Inner", "Startup Cost": 38331.45, "Total Cost": 38344.12, "Plan Rows": 4, "Plan Width": 33, "Actual Startup Time": 1308.346, "Actual Total Time": 1308.692, "Actual Rows": 18, "Actual Loops": 1, "Inner Unique": true, "Plans": [{"Node Type": "Merge Join", "Parent Relationship": "Outer", "Join Type": "Inner", "Startup Cost": 38331.17, "Total Cost": 38331.23, "Plan Rows": 3, "Plan Width": 24, "Actual Startup Time": 1308.305, "Actual Total Time": 1308.325, "Actual Rows": 42, "Actual Loops": 1, "Inner Unique": true, "Merge Cond": "(mc.company_type_id = ct.id)", "Plans": [{"Node Type": "Sort", "Parent Relationship": "Outer", "Startup Cost": 38330.11, "Total Cost": 38330.12, "Plan Rows": 3, "Plan Width": 28, "Actual Startup Time": 1308.218, "Actual Total Time": 1308.243, "Actual Rows": 265, "Actual Loops": 1, "Sort Key": ["mc.company_type_id"], "Sort Method": "quicksort", "Sort Space Used": 50, "Sort Space Type": "Memory", "Plans": [{"Node Type": "Nested Loop", "Parent Relationship": "Outer", "Join Type": "Inner", "Startup Cost": 38294.05, "Total Cost": 38330.09, "Plan Rows": 3, "Plan Width": 28, "Actual Startup Time": 1305.705, "Actual Total Time": 1308.045, "Actual Rows": 265, "Actual Loops": 1, "Inner Unique": true, "Plans": [{"Node Type": "Merge Join", "Parent Relationship": "Outer", "Join Type": "Inner", "Startup Cost": 38291.75, "Total Cost": 38292.16, "Plan Rows": 6, "Plan Width": 16, "Actual Startup Time": 1305.664, "Actual Total Time": 1305.795, "Actual Rows": 275, "Actual Loops": 1, "Inner Unique": false, "Merge Cond": "(rt.id = ci.role_id)", "Plans": [{"Node Type": "Sort", "Parent Relationship": "Outer", "Startup Cost": 1.16, "Total Cost": 1.16, "Plan Rows": 1, "Plan Width": 4, "Actual Startup Time": 0.029, "Actual Total Time": 0.03, "Actual Rows": 1, "Actual Loops": 1, "Sort Key": ["rt.id"], "Sort Method": "quicksort", "Sort Space Used": 25, "Sort Space Type": "Memory", "Plans": [{"Node Type": "Seq Scan", "Parent Relationship": "Outer", "Relation Name": "role_type", "Alias": "rt", "Startup Cost": 0.0, "Total Cost": 1.15, "Plan Rows": 1, "Plan Width": 4, "Actual Startup Time": 0.017, "Actual Total Time": 0.022, "Actual Rows": 1, "Actual Loops": 1, "Filter": "((role)::text = 'actor'::text)", "Rows Removed by Filter": 11}]}, {"Node Type": "Sort", "Parent Relationship": "Inner", "Startup Cost": 38290.59, "Total Cost": 38290.76, "Plan Rows": 68, "Plan Width": 20, "Actual Startup Time": 1305.627, "Actual Total Time": 1305.664, "Actual Rows": 276, "Actual Loops": 1, "Sort Key": ["ci.role_id"], "Sort Method": "quicksort", "Sort Space Used": 60, "Sort Space Type": "Memory", "Plans": [{"Node Type": "Nested Loop", "Parent Relationship": "Outer", "Join Type": "Inner", "Startup Cost": 4.83, "Total Cost": 38288.52, "Plan Rows": 68, "Plan Width": 20, "Actual Startup Time": 1.191, "Actual Total Time": 1305.246, "Actual Rows": 377, "Actual Loops": 1, "Inner Unique": false, "Plans": [{"Node Type": "Nested Loop", "Parent Relationship": "Outer", "Join Type": "Inner", "Startup Cost": 4.32, "Total Cost": 20813.55, "Plan Rows": 3779, "Plan Width": 8, "Actual Startup Time": 0.082, "Actual Total Time": 120.324, "Actual Rows": 8790, "Actual Loops": 1, "Inner Unique": false, "Plans": [{"Node Type": "Seq Scan", "Parent Relationship": "Outer", "Relation Name": "company_name", "Alias": "cn", "Startup Cost": 0.0, "Total Cost": 5903.45, "Plan Rows": 251, "Plan Width": 4, "Actual Startup Time": 0.04, "Actual Total Time": 82.293, "Actual Rows": 1361, "Actual Loops": 1, "Filter": "((country_code)::text = '[ru]'::text)", "Rows Removed by Filter": 233635}, {"Node Type": "Bitmap Heap Scan", "Parent Relationship": "Inner", "Relation Name": "movie_companies", "Alias": "mc", "Startup Cost": 4.32, "Total Cost": 59.25, "Plan Rows": 15, "Plan Width": 12, "Actual Startup Time": 15.642, "Actual Total Time": 33.393, "Actual Rows": 8790, "Actual Loops": 1361, "Recheck Cond": "(company_id = cn.id)", "Rows Removed by Index Recheck": 0, "Exact Heap Blocks": 7155, "Lossy Heap Blocks": 7155, "Plans": [{"Node Type": "Bitmap Index Scan", "Parent Relationship": "Outer", "Index Name": "company_id_movie_companies", "Startup Cost": 0.0, "Total Cost": 4.31, "Plan Rows": 15, "Plan Width": 0, "Actual Startup Time": 10.069, "Actual Total Time": 10.069, "Actual Rows": 8790, "Actual Loops": 1361, "Index Cond": "(company_id = cn.id)"}]}]}, {"Node Type": "Bitmap Heap Scan", "Parent Relationship": "Inner", "Relation Name": "cast_info", "Alias": "ci", "Startup Cost": 0.51, "Total Cost": 4.61, "Plan Rows": 1, "Plan Width": 12, "Actual Startup Time": 1104.909, "Actual Total Time": 1169.85, "Actual Rows": 377, "Actual Loops": 8790, "Recheck Cond": "(movie_id = mc.movie_id)", "Rows Removed by Index Recheck": 0, "Filter": "(((note)::text ~~ '%(voice)%'::text) AND ((note)::text ~~ '%(uncredited)%'::text))", "Rows Removed by Filter": 408168, "Exact Heap Blocks": 397651, "Lossy Heap Blocks": 397651, "Plans": [{"Node Type": "Bitmap Index Scan", "Parent Relationship": "Outer", "Index Name": "movie_id_cast_info", "Startup Cost": 0.0, "Total Cost": 0.51, "Plan Rows": 6, "Plan Width": 0, "Actual Startup Time": 135.915, "Actual Total Time": 135.915, "Actual Rows": 408545, "Actual Loops": 8790, "Index Cond": "(movie_id = mc.movie_id)"}]}]}]}]}, {"Node Type": "Bitmap Heap Scan", "Parent Relationship": "Inner", "Relation Name": "char_name", "Alias": "chn", "Startup Cost": 2.3, "Total Cost": 6.31, "Plan Rows": 1, "Plan Width": 20, "Actual Startup Time": 1.873, "Actual Total Time": 1.873, "Actual Rows": 265, "Actual Loops": 275, "Recheck Cond": "(id = ci.person_role_id)", "Rows Removed by Index Recheck": 0, "Exact Heap Blocks": 265, "Lossy Heap Blocks": 265, "Plans": [{"Node Type": "Bitmap Index Scan", "Parent Relationship": "Outer", "Index Name": "char_name_pkey", "Startup Cost": 0.0, "Total Cost": 2.3, "Plan Rows": 1, "Plan Width": 0, "Actual Startup Time": 1.198, "Actual Total Time": 1.198, "Actual Rows": 265, "Actual Loops": 275, "Index Cond": "(id = ci.person_role_id)"}]}]}]}, {"Node Type": "Sort", "Parent Relationship": "Inner", "Startup Cost": 1.05, "Total Cost": 1.06, "Plan Rows": 3, "Plan Width": 4, "Actual Startup Time": 0.026, "Actual Total Time": 0.026, "Actual Rows": 1, "Actual Loops": 1, "Sort Key": ["ct.id"], "Sort Method": "quicksort", "Sort Space Used": 25, "Sort Space Type": "Memory", "Plans": [{"Node Type": "Seq Scan", "Parent Relationship": "Outer", "Relation Name": "company_type", "Alias": "ct", "Startup Cost": 0.0, "Total Cost": 1.03, "Plan Rows": 3, "Plan Width": 4, "Actual Startup Time": 0.006, "Actual Total Time": 0.008, "Actual Rows": 3, "Actual Loops": 1}]}]}, {"Node Type": "Bitmap Heap Scan", "Parent Relationship": "Inner", "Relation Name": "title", "Alias": "t", "Startup Cost": 0.27, "Total Cost": 4.29, "Plan Rows": 1, "Plan Width": 21, "Actual Startup Time": 0.307, "Actual Total Time": 0.307, "Actual Rows": 18, "Actual Loops": 42, "Recheck Cond": "(id = mc.movie_id)", "Rows Removed by Index Recheck": 0, "Filter": "(production_year > 2005)", "Rows Removed by Filter": 24, "Exact Heap Blocks": 42, "Lossy Heap Blocks": 42, "Plans": [{"Node Type": "Bitmap Index Scan", "Parent Relationship": "Outer", "Index Name": "title_pkey", "Startup Cost": 0.0, "Total Cost": 0.27, "Plan Rows": 1, "Plan Width": 0, "Actual Startup Time": 0.18, "Actual Total Time": 0.18, "Actual Rows": 42, "Actual Loops": 42, "Index Cond": "(id = mc.movie_id)"}]}]}]}, "Triggers": [], "Planner Runtime": 21, "Total Runtime": 1309.074, "Unique SQL Id": 2933943827}}, "(64, 87)": {"explain_plan": {"Plan": {"Node Type": "Aggregate", "Strategy": "Plain", "Startup Cost": 41418.46, "Total Cost": 41418.47, "Plan Rows": 1, "Plan Width": 97, "Plans": [{"Node Type": "Nested Loop", "Parent Relationship": "Outer", "Join Type": "Inner", "Startup Cost": 2787.21, "Total Cost": 41418.45, "Plan Rows": 2, "Plan Width": 33, "Inner Unique": true, "Plans": [{"Node Type": "Nested Loop", "Parent Relationship": "Outer", "Join Type": "Inner", "Startup Cost": 2786.95, "Total Cost": 41409.89, "Plan Rows": 2, "Plan Width": 37, "Inner Unique": true, "Plans": [{"Node Type": "Nested Loop", "Parent Relationship": "Outer", "Join Type": "Inner", "Startup Cost": 2786.68, "Total Cost": 41397.0, "Plan Rows": 3, "Plan Width": 28, "Inner Unique": true, "Plans": [{"Node Type": "Nested Loop", "Parent Relationship": "Outer", "Join Type": "Inner", "Startup Cost": 2784.38, "Total Cost": 41359.07, "Plan Rows": 6, "Plan Width": 16, "Inner Unique": true, "Plans": [{"Node Type": "Nested Loop", "Parent Relationship": "Outer", "Join Type": "Inner", "Startup Cost": 2784.12, "Total Cost": 41067.82, "Plan Rows": 68, "Plan Width": 20, "Inner Unique": false, "Plans": [{"Node Type": "Nested Loop", "Parent Relationship": "Outer", "Join Type": "Inner", "Startup Cost": 2783.61, "Total Cost": 23592.84, "Plan Rows": 3779, "Plan Width": 8, "Inner Unique": false, "Plans": [{"Node Type": "Bitmap Heap Scan", "Parent Relationship": "Outer", "Relation Name": "company_name", "Alias": "cn", "Startup Cost": 2779.29, "Total Cost": 8682.74, "Plan Rows": 251, "Plan Width": 4, "Filter": "((country_code)::text = '[ru]'::text)", "Plans": [{"Node Type": "Bitmap Index Scan", "Parent Relationship": "Outer", "Index Name": "company_name_pkey", "Startup Cost": 0.0, "Total Cost": 2779.23, "Plan Rows": 234996, "Plan Width": 0}]}, {"Node Type": "Bitmap Heap Scan", "Parent Relationship": "Inner", "Relation Name": "movie_companies", "Alias": "mc", "Startup Cost": 4.32, "Total Cost": 59.25, "Plan Rows": 15, "Plan Width": 12, "Recheck Cond": "(company_id = cn.id)", "Plans": [{"Node Type": "Bitmap Index Scan", "Parent Relationship": "Outer", "Index Name": "company_id_movie_companies", "Startup Cost": 0.0, "Total Cost": 4.31, "Plan Rows": 15, "Plan Width": 0, "Index Cond": "(company_id = cn.id)"}]}]}, {"Node Type": "Bitmap Heap Scan", "Parent Relationship": "Inner", "Relation Name": "cast_info", "Alias": "ci", "Startup Cost": 0.51, "Total Cost": 4.61, "Plan Rows": 1, "Plan Width": 12, "Recheck Cond": "(movie_id = mc.movie_id)", "Filter": "(((note)::text ~~ '%(voice)%'::text) AND ((note)::text ~~ '%(uncredited)%'::text))", "Plans": [{"Node Type": "Bitmap Index Scan", "Parent Relationship": "Outer", "Index Name": "movie_id_cast_info", "Startup Cost": 0.0, "Total Cost": 0.51, "Plan Rows": 6, "Plan Width": 0, "Index Cond": "(movie_id = mc.movie_id)"}]}]}, {"Node Type": "Bitmap Heap Scan", "Parent Relationship": "Inner", "Relation Name": "role_type", "Alias": "rt", "Startup Cost": 0.26, "Total Cost": 4.27, "Plan Rows": 1, "Plan Width": 4, "Recheck Cond": "(id = ci.role_id)", "Filter": "((role)::text = 'actor'::text)", "Plans": [{"Node Type": "Bitmap Index Scan", "Parent Relationship": "Outer", "Index Name": "role_type_pkey", "Startup Cost": 0.0, "Total Cost": 0.26, "Plan Rows": 1, "Plan Width": 0, "Index Cond": "(id = ci.role_id)"}]}]}, {"Node Type": "Bitmap Heap Scan", "Parent Relationship": "Inner", "Relation Name": "char_name", "Alias": "chn", "Startup Cost": 2.3, "Total Cost": 6.31, "Plan Rows": 1, "Plan Width": 20, "Recheck Cond": "(id = ci.person_role_id)", "Plans": [{"Node Type": "Bitmap Index Scan", "Parent Relationship": "Outer", "Index Name": "char_name_pkey", "Startup Cost": 0.0, "Total Cost": 2.3, "Plan Rows": 1, "Plan Width": 0, "Index Cond": "(id = ci.person_role_id)"}]}]}, {"Node Type": "Bitmap Heap Scan", "Parent Relationship": "Inner", "Relation Name": "title", "Alias": "t", "Startup Cost": 0.27, "Total Cost": 4.29, "Plan Rows": 1, "Plan Width": 21, "Recheck Cond": "(id = mc.movie_id)", "Filter": "(production_year > 2005)", "Plans": [{"Node Type": "Bitmap Index Scan", "Parent Relationship": "Outer", "Index Name": "title_pkey", "Startup Cost": 0.0, "Total Cost": 0.27, "Plan Rows": 1, "Plan Width": 0, "Index Cond": "(id = mc.movie_id)"}]}]}, {"Node Type": "Bitmap Heap Scan", "Parent Relationship": "Inner", "Relation Name": "company_type", "Alias": "ct", "Startup Cost": 0.26, "Total Cost": 4.27, "Plan Rows": 1, "Plan Width": 4, "Recheck Cond": "(id = mc.company_type_id)", "Plans": [{"Node Type": "Bitmap Index Scan", "Parent Relationship": "Outer", "Index Name": "company_type_pkey", "Startup Cost": 0.0, "Total Cost": 0.26, "Plan Rows": 1, "Plan Width": 0, "Index Cond": "(id = mc.company_type_id)"}]}]}]}, "Unique SQL Id": 2933943827, "Planner Runtime": 15}, "explain_analyze_plan": {"Plan": {"Node Type": "Aggregate", "Strategy": "Plain", "Startup Cost": 41418.46, "Total Cost": 41418.47, "Plan Rows": 1, "Plan Width": 97, "Actual Startup Time": 1353.636, "Actual Total Time": 1353.637, "Actual Rows": 1, "Actual Loops": 1, "Plans": [{"Node Type": "Nested Loop", "Parent Relationship": "Outer", "Join Type": "Inner", "Startup Cost": 2787.21, "Total Cost": 41418.45, "Plan Rows": 2, "Plan Width": 33, "Actual Startup Time": 107.21, "Actual Total Time": 1353.521, "Actual Rows": 18, "Actual Loops": 1, "Inner Unique": true, "Plans": [{"Node Type": "Nested Loop", "Parent Relationship": "Outer", "Join Type": "Inner", "Startup Cost": 2786.95, "Total Cost": 41409.89, "Plan Rows": 2, "Plan Width": 37, "Actual Startup Time": 37.769, "Actual Total Time": 1352.989, "Actual Rows": 104, "Actual Loops": 1, "Inner Unique": true, "Plans": [{"Node Type": "Nested Loop", "Parent Relationship": "Outer", "Join Type": "Inner", "Startup Cost": 2786.68, "Total Cost": 41397.0, "Plan Rows": 3, "Plan Width": 28, "Actual Startup Time": 23.05, "Actual Total Time": 1349.829, "Actual Rows": 265, "Actual Loops": 1, "Inner Unique": true, "Plans": [{"Node Type": "Nested Loop", "Parent Relationship": "Outer", "Join Type": "Inner", "Startup Cost": 2784.38, "Total Cost": 41359.07, "Plan Rows": 6, "Plan Width": 16, "Actual Startup Time": 23.037, "Actual Total Time": 1346.368, "Actual Rows": 275, "Actual Loops": 1, "Inner Unique": true, "Plans": [{"Node Type": "Nested Loop", "Parent Relationship": "Outer", "Join Type": "Inner", "Startup Cost": 2784.12, "Total Cost": 41067.82, "Plan Rows": 68, "Plan Width": 20, "Actual Startup Time": 23.026, "Actual Total Time": 1343.783, "Actual Rows": 377, "Actual Loops": 1, "Inner Unique": false, "Plans": [{"Node Type": "Nested Loop", "Parent Relationship": "Outer", "Join Type": "Inner", "Startup Cost": 2783.61, "Total Cost": 23592.84, "Plan Rows": 3779, "Plan Width": 8, "Actual Startup Time": 21.943, "Actual Total Time": 182.966, "Actual Rows": 8790, "Actual Loops": 1, "Inner Unique": false, "Plans": [{"Node Type": "Bitmap Heap Scan", "Parent Relationship": "Outer", "Relation Name": "company_name", "Alias": "cn", "Startup Cost": 2779.29, "Total Cost": 8682.74, "Plan Rows": 251, "Plan Width": 4, "Actual Startup Time": 21.91, "Actual Total Time": 145.563, "Actual Rows": 1361, "Actual Loops": 1, "Filter": "((country_code)::text = '[ru]'::text)", "Rows Removed by Filter": 233635, "Exact Heap Blocks": 2966, "Lossy Heap Blocks": 2966, "Plans": [{"Node Type": "Bitmap Index Scan", "Parent Relationship": "Outer", "Index Name": "company_name_pkey", "Startup Cost": 0.0, "Total Cost": 2779.23, "Plan Rows": 234996, "Plan Width": 0, "Actual Startup Time": 21.441, "Actual Total Time": 21.441, "Actual Rows": 234996, "Actual Loops": 1}]}, {"Node Type": "Bitmap Heap Scan", "Parent Relationship": "Inner", "Relation Name": "movie_companies", "Alias": "mc", "Startup Cost": 4.32, "Total Cost": 59.25, "Plan Rows": 15, "Plan Width": 12, "Actual Startup Time": 15.259, "Actual Total Time": 32.516, "Actual Rows": 8790, "Actual Loops": 1361, "Recheck Cond": "(company_id = cn.id)", "Rows Removed by Index Recheck": 0, "Exact Heap Blocks": 7155, "Lossy Heap Blocks": 7155, "Plans": [{"Node Type": "Bitmap Index Scan", "Parent Relationship": "Outer", "Index Name": "company_id_movie_companies", "Startup Cost": 0.0, "Total Cost": 4.31, "Plan Rows": 15, "Plan Width": 0, "Actual Startup Time": 9.3, "Actual Total Time": 9.3, "Actual Rows": 8790, "Actual Loops": 1361, "Index Cond": "(company_id = cn.id)"}]}]}, {"Node Type": "Bitmap Heap Scan", "Parent Relationship": "Inner", "Relation Name": "cast_info", "Alias": "ci", "Startup Cost": 0.51, "Total Cost": 4.61, "Plan Rows": 1, "Plan Width": 12, "Actual Startup Time": 1080.605, "Actual Total Time": 1145.055, "Actual Rows": 377, "Actual Loops": 8790, "Recheck Cond": "(movie_id = mc.movie_id)", "Rows Removed by Index Recheck": 0, "Filter": "(((note)::text ~~ '%(voice)%'::text) AND ((note)::text ~~ '%(uncredited)%'::text))", "Rows Removed by Filter": 408168, "Exact Heap Blocks": 397651, "Lossy Heap Blocks": 397651, "Plans": [{"Node Type": "Bitmap Index Scan", "Parent Relationship": "Outer", "Index Name": "movie_id_cast_info", "Startup Cost": 0.0, "Total Cost": 0.51, "Plan Rows": 6, "Plan Width": 0, "Actual Startup Time": 134.176, "Actual Total Time": 134.176, "Actual Rows": 408545, "Actual Loops": 8790, "Index Cond": "(movie_id = mc.movie_id)"}]}]}, {"Node Type": "Bitmap Heap Scan", "Parent Relationship": "Inner", "Relation Name": "role_type", "Alias": "rt", "Startup Cost": 0.26, "Total Cost": 4.27, "Plan Rows": 1, "Plan Width": 4, "Actual Startup Time": 1.653, "Actual Total Time": 1.653, "Actual Rows": 275, "Actual Loops": 377, "Recheck Cond": "(id = ci.role_id)", "Rows Removed by Index Recheck": 0, "Filter": "((role)::text = 'actor'::text)", "Rows Removed by Filter": 102, "Exact Heap Blocks": 377, "Lossy Heap Blocks": 377, "Plans": [{"Node Type": "Bitmap Index Scan", "Parent Relationship": "Outer", "Index Name": "role_type_pkey", "Startup Cost": 0.0, "Total Cost": 0.26, "Plan Rows": 1, "Plan Width": 0, "Actual Startup Time": 0.619, "Actual Total Time": 0.619, "Actual Rows": 377, "Actual Loops": 377, "Index Cond": "(id = ci.role_id)"}]}]}, {"Node Type": "Bitmap Heap Scan", "Parent Relationship": "Inner", "Relation Name": "char_name", "Alias": "chn", "Startup Cost": 2.3, "Total Cost": 6.31, "Plan Rows": 1, "Plan Width": 20, "Actual Startup Time": 2.76, "Actual Total Time": 2.76, "Actual Rows": 265, "Actual Loops": 275, "Recheck Cond": "(id = ci.person_role_id)", "Rows Removed by Index Recheck": 0, "Exact Heap Blocks": 265, "Lossy Heap Blocks": 265, "Plans": [{"Node Type": "Bitmap Index Scan", "Parent Relationship": "Outer", "Index Name": "char_name_pkey", "Startup Cost": 0.0, "Total Cost": 2.3, "Plan Rows": 1, "Plan Width": 0, "Actual Startup Time": 1.81, "Actual Total Time": 1.81, "Actual Rows": 265, "Actual Loops": 275, "Index Cond": "(id = ci.person_role_id)"}]}]}, {"Node Type": "Bitmap Heap Scan", "Parent Relationship": "Inner", "Relation Name": "title", "Alias": "t", "Startup Cost": 0.27, "Total Cost": 4.29, "Plan Rows": 1, "Plan Width": 21, "Actual Startup Time": 2.584, "Actual Total Time": 2.584, "Actual Rows": 104, "Actual Loops": 265, "Recheck Cond": "(id = mc.movie_id)", "Rows Removed by Index Recheck": 0, "Filter": "(production_year > 2005)", "Rows Removed by Filter": 161, "Exact Heap Blocks": 265, "Lossy Heap Blocks": 265, "Plans": [{"Node Type": "Bitmap Index Scan", "Parent Relationship": "Outer", "Index Name": "title_pkey", "Startup Cost": 0.0, "Total Cost": 0.27, "Plan Rows": 1, "Plan Width": 0, "Actual Startup Time": 1.613, "Actual Total Time": 1.613, "Actual Rows": 265, "Actual Loops": 265, "Index Cond": "(id = mc.movie_id)"}]}]}, {"Node Type": "Bitmap Heap Scan", "Parent Relationship": "Inner", "Relation Name": "company_type", "Alias": "ct", "Startup Cost": 0.26, "Total Cost": 4.27, "Plan Rows": 1, "Plan Width": 4, "Actual Startup Time": 0.288, "Actual Total Time": 0.288, "Actual Rows": 18, "Actual Loops": 104, "Recheck Cond": "(id = mc.company_type_id)", "Rows Removed by Index Recheck": 0, "Exact Heap Blocks": 18, "Lossy Heap Blocks": 18, "Plans": [{"Node Type": "Bitmap Index Scan", "Parent Relationship": "Outer", "Index Name": "company_type_pkey", "Startup Cost": 0.0, "Total Cost": 0.26, "Plan Rows": 1, "Plan Width": 0, "Actual Startup Time": 0.156, "Actual Total Time": 0.156, "Actual Rows": 18, "Actual Loops": 104, "Index Cond": "(id = mc.company_type_id)"}]}]}]}, "Triggers": [], "Planner Runtime": 6, "Total Runtime": 1354.082, "Unique SQL Id": 2933943827}}, "(64, 88)": {"explain_plan": {"Plan": {"Node Type": "Aggregate", "Strategy": "Plain", "Startup Cost": 19914.67, "Total Cost": 19914.68, "Plan Rows": 1, "Plan Width": 97, "Plans": [{"Node Type": "Nested Loop", "Parent Relationship": "Outer", "Join Type": "Inner", "Startup Cost": 0.0, "Total Cost": 19914.66, "Plan Rows": 2, "Plan Width": 33, "Inner Unique": true, "Plans": [{"Node Type": "Nested Loop", "Parent Relationship": "Outer", "Join Type": "Inner", "Startup Cost": 0.0, "Total Cost": 19914.1, "Plan Rows": 2, "Plan Width": 37, "Inner Unique": true, "Plans": [{"Node Type": "Nested Loop", "Parent Relationship": "Outer", "Join Type": "Inner", "Startup Cost": 0.0, "Total Cost": 19887.22, "Plan Rows": 5, "Plan Width": 25, "Inner Unique": true, "Plans": [{"Node Type": "Nested Loop", "Parent Relationship": "Outer", "Join Type": "Inner", "Startup Cost": 0.0, "Total Cost": 19885.12, "Plan Rows": 6, "Plan Width": 16, "Inner Unique": true, "Plans": [{"Node Type": "Nested Loop", "Parent Relationship": "Outer", "Join Type": "Inner", "Startup Cost": 0.0, "Total Cost": 19865.87, "Plan Rows": 68, "Plan Width": 20, "Inner Unique": false, "Plans": [{"Node Type": "Nested Loop", "Parent Relationship": "Outer", "Join Type": "Inner", "Startup Cost": 0.0, "Total Cost": 16121.55, "Plan Rows": 3779, "Plan Width": 8, "Inner Unique": false, "Plans": [{"Node Type": "Seq Scan", "Parent Relationship": "Outer", "Relation Name": "company_name", "Alias": "cn", "Startup Cost": 0.0, "Total Cost": 5903.45, "Plan Rows": 251, "Plan Width": 4, "Filter": "((country_code)::text = '[ru]'::text)"}, {"Node Type": "Index Scan", "Parent Relationship": "Inner", "Scan Direction": "Forward", "Index Name": "company_id_movie_companies", "Relation Name": "movie_companies", "Alias": "mc", "Startup Cost": 0.0, "Total Cost": 40.56, "Plan Rows": 15, "Plan Width": 12, "Index Cond": "(company_id = cn.id)"}]}, {"Node Type": "Index Scan", "Parent Relationship": "Inner", "Scan Direction": "Forward", "Index Name": "movie_id_cast_info", "Relation Name": "cast_info", "Alias": "ci", "Startup Cost": 0.0, "Total Cost": 0.98, "Plan Rows": 1, "Plan Width": 12, "Index Cond": "(movie_id = mc.movie_id)", "Filter": "(((note)::text ~~ '%(voice)%'::text) AND ((note)::text ~~ '%(uncredited)%'::text))"}]}, {"Node Type": "Index Scan", "Parent Relationship": "Inner", "Scan Direction": "Forward", "Index Name": "role_type_pkey", "Relation Name": "role_type", "Alias": "rt", "Startup Cost": 0.0, "Total Cost": 0.27, "Plan Rows": 1, "Plan Width": 4, "Index Cond": "(id = ci.role_id)", "Filter": "((role)::text = 'actor'::text)"}]}, {"Node Type": "Index Scan", "Parent Relationship": "Inner", "Scan Direction": "Forward", "Index Name": "title_pkey", "Relation Name": "title", "Alias": "t", "Startup Cost": 0.0, "Total Cost": 0.34, "Plan Rows": 1, "Plan Width": 21, "Index Cond": "(id = mc.movie_id)", "Filter": "(production_year > 2005)"}]}, {"Node Type": "Index Scan", "Parent Relationship": "Inner", "Scan Direction": "Forward", "Index Name": "char_name_pkey", "Relation Name": "char_name", "Alias": "chn", "Startup Cost": 0.0, "Total Cost": 5.37, "Plan Rows": 1, "Plan Width": 20, "Index Cond": "(id = ci.person_role_id)"}]}, {"Node Type": "Index Only Scan", "Parent Relationship": "Inner", "Scan Direction": "Forward", "Index Name": "company_type_pkey", "Relation Name": "company_type", "Alias": "ct", "Startup Cost": 0.0, "Total Cost": 0.27, "Plan Rows": 1, "Plan Width": 4, "Index Cond": "(id = mc.company_type_id)"}]}]}, "Unique SQL Id": 2933943827, "Planner Runtime": 14}, "explain_analyze_plan": {"Plan": {"Node Type": "Aggregate", "Strategy": "Plain", "Startup Cost": 19914.67, "Total Cost": 19914.68, "Plan Rows": 1, "Plan Width": 97, "Actual Startup Time": 808.796, "Actual Total Time": 808.796, "Actual Rows": 1, "Actual Loops": 1, "Plans": [{"Node Type": "Nested Loop", "Parent Relationship": "Outer", "Join Type": "Inner", "Startup Cost": 0.0, "Total Cost": 19914.66, "Plan Rows": 2, "Plan Width": 33, "Actual Startup Time": 46.613, "Actual Total Time": 808.693, "Actual Rows": 18, "Actual Loops": 1, "Inner Unique": true, "Plans": [{"Node Type": "Nested Loop", "Parent Relationship": "Outer", "Join Type": "Inner", "Startup Cost": 0.0, "Total Cost": 19914.1, "Plan Rows": 2, "Plan Width": 37, "Actual Startup Time": 9.846, "Actual Total Time": 808.384, "Actual Rows": 104, "Actual Loops": 1, "Inner Unique": true, "Plans": [{"Node Type": "Nested Loop", "Parent Relationship": "Outer", "Join Type": "Inner", "Startup Cost": 0.0, "Total Cost": 19887.22, "Plan Rows": 5, "Plan Width": 25, "Actual Startup Time": 9.831, "Actual Total Time": 807.292, "Actual Rows": 112, "Actual Loops": 1, "Inner Unique": true, "Plans": [{"Node Type": "Nested Loop", "Parent Relationship": "Outer", "Join Type": "Inner", "Startup Cost": 0.0, "Total Cost": 19885.12, "Plan Rows": 6, "Plan Width": 16, "Actual Startup Time": 0.857, "Actual Total Time": 805.076, "Actual Rows": 275, "Actual Loops": 1, "Inner Unique": true, "Plans": [{"Node Type": "Nested Loop", "Parent Relationship": "Outer", "Join Type": "Inner", "Startup Cost": 0.0, "Total Cost": 19865.87, "Plan Rows": 68, "Plan Width": 20, "Actual Startup Time": 0.85, "Actual Total Time": 803.294, "Actual Rows": 377, "Actual Loops": 1, "Inner Unique": false, "Plans": [{"Node Type": "Nested Loop", "Parent Relationship": "Outer", "Join Type": "Inner", "Startup Cost": 0.0, "Total Cost": 16121.55, "Plan Rows": 3779, "Plan Width": 8, "Actual Startup Time": 0.071, "Actual Total Time": 107.929, "Actual Rows": 8790, "Actual Loops": 1, "Inner Unique": false, "Plans": [{"Node Type": "Seq Scan", "Parent Relationship": "Outer", "Relation Name": "company_name", "Alias": "cn", "Startup Cost": 0.0, "Total Cost": 5903.45, "Plan Rows": 251, "Plan Width": 4, "Actual Startup Time": 0.048, "Actual Total Time": 83.099, "Actual Rows": 1361, "Actual Loops": 1, "Filter": "((country_code)::text = '[ru]'::text)", "Rows Removed by Filter": 233635}, {"Node Type": "Index Scan", "Parent Relationship": "Inner", "Scan Direction": "Forward", "Index Name": "company_id_movie_companies", "Relation Name": "movie_companies", "Alias": "mc", "Startup Cost": 0.0, "Total Cost": 40.56, "Plan Rows": 15, "Plan Width": 12, "Actual Startup Time": 8.979, "Actual Total Time": 21.581, "Actual Rows": 8790, "Actual Loops": 1361, "Index Cond": "(company_id = cn.id)", "Rows Removed by Index Recheck": 0}]}, {"Node Type": "Index Scan", "Parent Relationship": "Inner", "Scan Direction": "Forward", "Index Name": "movie_id_cast_info", "Relation Name": "cast_info", "Alias": "ci", "Startup Cost": 0.0, "Total Cost": 0.98, "Plan Rows": 1, "Plan Width": 12, "Actual Startup Time": 650.013, "Actual Total Time": 689.859, "Actual Rows": 377, "Actual Loops": 8790, "Index Cond": "(movie_id = mc.movie_id)", "Rows Removed by Index Recheck": 0, "Filter": "(((note)::text ~~ '%(voice)%'::text) AND ((note)::text ~~ '%(uncredited)%'::text))", "Rows Removed by Filter": 408168}]}, {"Node Type": "Index Scan", "Parent Relationship": "Inner", "Scan Direction": "Forward", "Index Name": "role_type_pkey", "Relation Name": "role_type", "Alias": "rt", "Startup Cost": 0.0, "Total Cost": 0.27, "Plan Rows": 1, "Plan Width": 4, "Actual Startup Time": 1.167, "Actual Total Time": 1.167, "Actual Rows": 275, "Actual Loops": 377, "Index Cond": "(id = ci.role_id)", "Rows Removed by Index Recheck": 0, "Filter": "((role)::text = 'actor'::text)", "Rows Removed by Filter": 102}]}, {"Node Type": "Index Scan", "Parent Relationship": "Inner", "Scan Direction": "Forward", "Index Name": "title_pkey", "Relation Name": "title", "Alias": "t", "Startup Cost": 0.0, "Total Cost": 0.34, "Plan Rows": 1, "Plan Width": 21, "Actual Startup Time": 1.802, "Actual Total Time": 1.802, "Actual Rows": 112, "Actual Loops": 275, "Index Cond": "(id = mc.movie_id)", "Rows Removed by Index Recheck": 0, "Filter": "(production_year > 2005)", "Rows Removed by Filter": 163}]}, {"Node Type": "Index Scan", "Parent Relationship": "Inner", "Scan Direction": "Forward", "Index Name": "char_name_pkey", "Relation Name": "char_name", "Alias": "chn", "Startup Cost": 0.0, "Total Cost": 5.37, "Plan Rows": 1, "Plan Width": 20, "Actual Startup Time": 0.853, "Actual Total Time": 0.853, "Actual Rows": 104, "Actual Loops": 112, "Index Cond": "(id = ci.person_role_id)", "Rows Removed by Index Recheck": 0}]}, {"Node Type": "Index Only Scan", "Parent Relationship": "Inner", "Scan Direction": "Forward", "Index Name": "company_type_pkey", "Relation Name": "company_type", "Alias": "ct", "Startup Cost": 0.0, "Total Cost": 0.27, "Plan Rows": 1, "Plan Width": 4, "Actual Startup Time": 0.154, "Actual Total Time": 0.154, "Actual Rows": 18, "Actual Loops": 104, "Index Cond": "(id = mc.company_type_id)", "Rows Removed by Index Recheck": 0, "Heap Fetches": 0}]}]}, "Triggers": [], "Planner Runtime": 14, "Total Runtime": 809.266, "Unique SQL Id": 2933943827}}, "(64, 89)": {"explain_plan": {"Plan": {"Node Type": "Aggregate", "Strategy": "Plain", "Startup Cost": 24512.61, "Total Cost": 24512.62, "Plan Rows": 1, "Plan Width": 97, "Plans": [{"Node Type": "Nested Loop", "Parent Relationship": "Outer", "Join Type": "Inner", "Startup Cost": 0.0, "Total Cost": 24512.6, "Plan Rows": 2, "Plan Width": 33, "Inner Unique": true, "Plans": [{"Node Type": "Nested Loop", "Parent Relationship": "Outer", "Join Type": "Inner", "Startup Cost": 0.0, "Total Cost": 24512.04, "Plan Rows": 2, "Plan Width": 37, "Inner Unique": true, "Plans": [{"Node Type": "Nested Loop", "Parent Relationship": "Outer", "Join Type": "Inner", "Startup Cost": 0.0, "Total Cost": 24485.16, "Plan Rows": 5, "Plan Width": 25, "Inner Unique": true, "Plans": [{"Node Type": "Nested Loop", "Parent Relationship": "Outer", "Join Type": "Inner", "Startup Cost": 0.0, "Total Cost": 24483.05, "Plan Rows": 6, "Plan Width": 16, "Inner Unique": true, "Plans": [{"Node Type": "Nested Loop", "Parent Relationship": "Outer", "Join Type": "Inner", "Startup Cost": 0.0, "Total Cost": 24463.81, "Plan Rows": 68, "Plan Width": 20, "Inner Unique": false, "Plans": [{"Node Type": "Nested Loop", "Parent Relationship": "Outer", "Join Type": "Inner", "Startup Cost": 0.0, "Total Cost": 20719.49, "Plan Rows": 3779, "Plan Width": 8, "Inner Unique": false, "Plans": [{"Node Type": "Index Scan", "Parent Relationship": "Outer", "Scan Direction": "Forward", "Index Name": "company_name_pkey", "Relation Name": "company_name", "Alias": "cn", "Startup Cost": 0.0, "Total Cost": 10501.39, "Plan Rows": 251, "Plan Width": 4, "Filter": "((country_code)::text = '[ru]'::text)"}, {"Node Type": "Index Scan", "Parent Relationship": "Inner", "Scan Direction": "Forward", "Index Name": "company_id_movie_companies", "Relation Name": "movie_companies", "Alias": "mc", "Startup Cost": 0.0, "Total Cost": 40.56, "Plan Rows": 15, "Plan Width": 12, "Index Cond": "(company_id = cn.id)"}]}, {"Node Type": "Index Scan", "Parent Relationship": "Inner", "Scan Direction": "Forward", "Index Name": "movie_id_cast_info", "Relation Name": "cast_info", "Alias": "ci", "Startup Cost": 0.0, "Total Cost": 0.98, "Plan Rows": 1, "Plan Width": 12, "Index Cond": "(movie_id = mc.movie_id)", "Filter": "(((note)::text ~~ '%(voice)%'::text) AND ((note)::text ~~ '%(uncredited)%'::text))"}]}, {"Node Type": "Index Scan", "Parent Relationship": "Inner", "Scan Direction": "Forward", "Index Name": "role_type_pkey", "Relation Name": "role_type", "Alias": "rt", "Startup Cost": 0.0, "Total Cost": 0.27, "Plan Rows": 1, "Plan Width": 4, "Index Cond": "(id = ci.role_id)", "Filter": "((role)::text = 'actor'::text)"}]}, {"Node Type": "Index Scan", "Parent Relationship": "Inner", "Scan Direction": "Forward", "Index Name": "title_pkey", "Relation Name": "title", "Alias": "t", "Startup Cost": 0.0, "Total Cost": 0.34, "Plan Rows": 1, "Plan Width": 21, "Index Cond": "(id = mc.movie_id)", "Filter": "(production_year > 2005)"}]}, {"Node Type": "Index Scan", "Parent Relationship": "Inner", "Scan Direction": "Forward", "Index Name": "char_name_pkey", "Relation Name": "char_name", "Alias": "chn", "Startup Cost": 0.0, "Total Cost": 5.37, "Plan Rows": 1, "Plan Width": 20, "Index Cond": "(id = ci.person_role_id)"}]}, {"Node Type": "Index Only Scan", "Parent Relationship": "Inner", "Scan Direction": "Forward", "Index Name": "company_type_pkey", "Relation Name": "company_type", "Alias": "ct", "Startup Cost": 0.0, "Total Cost": 0.27, "Plan Rows": 1, "Plan Width": 4, "Index Cond": "(id = mc.company_type_id)"}]}]}, "Unique SQL Id": 2933943827, "Planner Runtime": 13}, "explain_analyze_plan": {"Plan": {"Node Type": "Aggregate", "Strategy": "Plain", "Startup Cost": 24512.61, "Total Cost": 24512.62, "Plan Rows": 1, "Plan Width": 97, "Actual Startup Time": 1228.667, "Actual Total Time": 1228.667, "Actual Rows": 1, "Actual Loops": 1, "Plans": [{"Node Type": "Nested Loop", "Parent Relationship": "Outer", "Join Type": "Inner", "Startup Cost": 0.0, "Total Cost": 24512.6, "Plan Rows": 2, "Plan Width": 33, "Actual Startup Time": 35.824, "Actual Total Time": 1228.585, "Actual Rows": 18, "Actual Loops": 1, "Inner Unique": true, "Plans": [{"Node Type": "Nested Loop", "Parent Relationship": "Outer", "Join Type": "Inner", "Startup Cost": 0.0, "Total Cost": 24512.04, "Plan Rows": 2, "Plan Width": 37, "Actual Startup Time": 27.058, "Actual Total Time": 1228.241, "Actual Rows": 104, "Actual Loops": 1, "Inner Unique": true, "Plans": [{"Node Type": "Nested Loop", "Parent Relationship": "Outer", "Join Type": "Inner", "Startup Cost": 0.0, "Total Cost": 24485.16, "Plan Rows": 5, "Plan Width": 25, "Actual Startup Time": 27.043, "Actual Total Time": 1226.984, "Actual Rows": 112, "Actual Loops": 1, "Inner Unique": true, "Plans": [{"Node Type": "Nested Loop", "Parent Relationship": "Outer", "Join Type": "Inner", "Startup Cost": 0.0, "Total Cost": 24483.05, "Plan Rows": 6, "Plan Width": 16, "Actual Startup Time": 7.717, "Actual Total Time": 1224.323, "Actual Rows": 275, "Actual Loops": 1, "Inner Unique": true, "Plans": [{"Node Type": "Nested Loop", "Parent Relationship": "Outer", "Join Type": "Inner", "Startup Cost": 0.0, "Total Cost": 24463.81, "Plan Rows": 68, "Plan Width": 20, "Actual Startup Time": 7.707, "Actual Total Time": 1222.614, "Actual Rows": 377, "Actual Loops": 1, "Inner Unique": false, "Plans": [{"Node Type": "Nested Loop", "Parent Relationship": "Outer", "Join Type": "Inner", "Startup Cost": 0.0, "Total Cost": 20719.49, "Plan Rows": 3779, "Plan Width": 8, "Actual Startup Time": 0.543, "Actual Total Time": 326.113, "Actual Rows": 8790, "Actual Loops": 1, "Inner Unique": false, "Plans": [{"Node Type": "Index Scan", "Parent Relationship": "Outer", "Scan Direction": "Forward", "Index Name": "company_name_pkey", "Relation Name": "company_name", "Alias": "cn", "Startup Cost": 0.0, "Total Cost": 10501.39, "Plan Rows": 251, "Plan Width": 4, "Actual Startup Time": 0.524, "Actual Total Time": 298.445, "Actual Rows": 1361, "Actual Loops": 1, "Filter": "((country_code)::text = '[ru]'::text)", "Rows Removed by Filter": 233635}, {"Node Type": "Index Scan", "Parent Relationship": "Inner", "Scan Direction": "Forward", "Index Name": "company_id_movie_companies", "Relation Name": "movie_companies", "Alias": "mc", "Startup Cost": 0.0, "Total Cost": 40.56, "Plan Rows": 15, "Plan Width": 12, "Actual Startup Time": 9.228, "Actual Total Time": 24.111, "Actual Rows": 8790, "Actual Loops": 1361, "Index Cond": "(company_id = cn.id)", "Rows Removed by Index Recheck": 0}]}, {"Node Type": "Index Scan", "Parent Relationship": "Inner", "Scan Direction": "Forward", "Index Name": "movie_id_cast_info", "Relation Name": "cast_info", "Alias": "ci", "Startup Cost": 0.0, "Total Cost": 0.98, "Plan Rows": 1, "Plan Width": 12, "Actual Startup Time": 838.281, "Actual Total Time": 890.8, "Actual Rows": 377, "Actual Loops": 8790, "Index Cond": "(movie_id = mc.movie_id)", "Rows Removed by Index Recheck": 0, "Filter": "(((note)::text ~~ '%(voice)%'::text) AND ((note)::text ~~ '%(uncredited)%'::text))", "Rows Removed by Filter": 408168}]}, {"Node Type": "Index Scan", "Parent Relationship": "Inner", "Scan Direction": "Forward", "Index Name": "role_type_pkey", "Relation Name": "role_type", "Alias": "rt", "Startup Cost": 0.0, "Total Cost": 0.27, "Plan Rows": 1, "Plan Width": 4, "Actual Startup Time": 1.127, "Actual Total Time": 1.127, "Actual Rows": 275, "Actual Loops": 377, "Index Cond": "(id = ci.role_id)", "Rows Removed by Index Recheck": 0, "Filter": "((role)::text = 'actor'::text)", "Rows Removed by Filter": 102}]}, {"Node Type": "Index Scan", "Parent Relationship": "Inner", "Scan Direction": "Forward", "Index Name": "title_pkey", "Relation Name": "title", "Alias": "t", "Startup Cost": 0.0, "Total Cost": 0.34, "Plan Rows": 1, "Plan Width": 21, "Actual Startup Time": 2.248, "Actual Total Time": 2.248, "Actual Rows": 112, "Actual Loops": 275, "Index Cond": "(id = mc.movie_id)", "Rows Removed by Index Recheck": 0, "Filter": "(production_year > 2005)", "Rows Removed by Filter": 163}]}, {"Node Type": "Index Scan", "Parent Relationship": "Inner", "Scan Direction": "Forward", "Index Name": "char_name_pkey", "Relation Name": "char_name", "Alias": "chn", "Startup Cost": 0.0, "Total Cost": 5.37, "Plan Rows": 1, "Plan Width": 20, "Actual Startup Time": 0.993, "Actual Total Time": 0.993, "Actual Rows": 104, "Actual Loops": 112, "Index Cond": "(id = ci.person_role_id)", "Rows Removed by Index Recheck": 0}]}, {"Node Type": "Index Only Scan", "Parent Relationship": "Inner", "Scan Direction": "Forward", "Index Name": "company_type_pkey", "Relation Name": "company_type", "Alias": "ct", "Startup Cost": 0.0, "Total Cost": 0.27, "Plan Rows": 1, "Plan Width": 4, "Actual Startup Time": 0.167, "Actual Total Time": 0.167, "Actual Rows": 18, "Actual Loops": 104, "Index Cond": "(id = mc.company_type_id)", "Rows Removed by Index Recheck": 0, "Heap Fetches": 0}]}]}, "Triggers": [], "Planner Runtime": 9, "Total Runtime": 1229.035, "Unique SQL Id": 2933943827}}, "(64, 90)": {"explain_plan": {"Plan": {"Node Type": "Aggregate", "Strategy": "Plain", "Startup Cost": 2099078328787.73, "Total Cost": 2099078328787.74, "Plan Rows": 1, "Plan Width": 97, "Plans": [{"Node Type": "Merge Join", "Parent Relationship": "Outer", "Join Type": "Inner", "Startup Cost": 120022589581.13, "Total Cost": 2099078328787.72, "Plan Rows": 2, "Plan Width": 33, "Inner Unique": true, "Merge Cond": "(mc.movie_id = t.id)", "Plans": [{"Node Type": "Nested Loop", "Parent Relationship": "Outer", "Join Type": "Inner", "Startup Cost": 110001099272.16, "Total Cost": 1100015186219.0, "Plan Rows": 3, "Plan Width": 24, "Inner Unique": true, "Join Filter": "(ci.person_role_id = chn.id)", "Plans": [{"Node Type": "Merge Join", "Parent Relationship": "Outer", "Join Type": "Inner", "Startup Cost": 100001099272.16, "Total Cost": 100001099301.25, "Plan Rows": 6, "Plan Width": 12, "Inner Unique": false, "Merge Cond": "(ci.movie_id = mc.movie_id)", "Plans": [{"Node Type": "Sort", "Parent Relationship": "Outer", "Startup Cost": 100000759880.3, "Total Cost": 100000759885.37, "Plan Rows": 2027, "Plan Width": 8, "Sort Key": ["ci.movie_id"], "Plans": [{"Node Type": "Nested Loop", "Parent Relationship": "Outer", "Join Type": "Inner", "Startup Cost": 10000000000.0, "Total Cost": 100000759768.97, "Plan Rows": 2027, "Plan Width": 8, "Inner Unique": false, "Join Filter": "(ci.role_id = rt.id)", "Plans": [{"Node Type": "Seq Scan", "Parent Relationship": "Outer", "Relation Name": "role_type", "Alias": "rt", "Startup Cost": 0.0, "Total Cost": 1.15, "Plan Rows": 1, "Plan Width": 4, "Filter": "((role)::text = 'actor'::text)"}, {"Node Type": "Materialize", "Parent Relationship": "Inner", "Startup Cost": 0.0, "Total Cost": 75752.8, "Plan Rows": 22295, "Plan Width": 12, "Plans": [{"Node Type": "Streaming(type: LOCAL GATHER dop: 1/64)", "Parent Relationship": "Outer", "Startup Cost": 0.0, "Total Cost": 75697.06, "Plan Rows": 22295, "Plan Width": 12, "Plans": [{"Node Type": "Seq Scan", "Parent Relationship": "Outer", "Relation Name": "cast_info", "Alias": "ci", "Startup Cost": 0.0, "Total Cost": 75237.12, "Plan Rows": 22295, "Plan Width": 12, "Filter": "(((note)::text ~~ '%(voice)%'::text) AND ((note)::text ~~ '%(uncredited)%'::text))"}]}]}]}]}, {"Node Type": "Sort", "Parent Relationship": "Inner", "Startup Cost": 339391.86, "Total Cost": 339401.3, "Plan Rows": 3779, "Plan Width": 4, "Sort Key": ["mc.movie_id"], "Plans": [{"Node Type": "Merge Join", "Parent Relationship": "Outer", "Join Type": "Inner", "Startup Cost": 339119.86, "Total Cost": 339167.31, "Plan Rows": 3779, "Plan Width": 4, "Inner Unique": false, "Merge Cond": "(ct.id = mc.company_type_id)", "Plans": [{"Node Type": "Sort", "Parent Relationship": "Outer", "Startup Cost": 1.05, "Total Cost": 1.06, "Plan Rows": 3, "Plan Width": 4, "Sort Key": ["ct.id"], "Plans": [{"Node Type": "Seq Scan", "Parent Relationship": "Outer", "Relation Name": "company_type", "Alias": "ct", "Startup Cost": 0.0, "Total Cost": 1.03, "Plan Rows": 3, "Plan Width": 4}]}, {"Node Type": "Sort", "Parent Relationship": "Inner", "Startup Cost": 339109.56, "Total Cost": 339119.01, "Plan Rows": 3779, "Plan Width": 8, "Sort Key": ["mc.company_type_id"], "Plans": [{"Node Type": "Merge Join", "Parent Relationship": "Outer", "Join Type": "Inner", "Startup Cost": 326139.31, "Total Cost": 338885.01, "Plan Rows": 3779, "Plan Width": 8, "Inner Unique": false, "Merge Cond": "(cn.id = mc.company_id)", "Plans": [{"Node Type": "Sort", "Parent Relationship": "Outer", "Startup Cost": 5913.45, "Total Cost": 5914.08, "Plan Rows": 251, "Plan Width": 4, "Sort Key": ["cn.id"], "Plans": [{"Node Type": "Seq Scan", "Parent Relationship": "Outer", "Relation Name": "company_name", "Alias": "cn", "Startup Cost": 0.0, "Total Cost": 5903.45, "Plan Rows": 251, "Plan Width": 4, "Filter": "((country_code)::text = '[ru]'::text)"}]}, {"Node Type": "Sort", "Parent Relationship": "Inner", "Startup Cost": 319886.87, "Total Cost": 326409.69, "Plan Rows": 2609128, "Plan Width": 12, "Sort Key": ["mc.company_id"], "Plans": [{"Node Type": "Seq Scan", "Parent Relationship": "Outer", "Relation Name": "movie_companies", "Alias": "mc", "Startup Cost": 0.0, "Total Cost": 41817.28, "Plan Rows": 2609128, "Plan Width": 12}]}]}]}]}]}]}, {"Node Type": "Materialize", "Parent Relationship": "Inner", "Startup Cost": 0.0, "Total Cost": 144541.08, "Plan Rows": 3140338, "Plan Width": 20, "Plans": [{"Node Type": "Streaming(type: LOCAL GATHER dop: 1/64)", "Parent Relationship": "Outer", "Startup Cost": 0.0, "Total Cost": 128839.39, "Plan Rows": 3140338, "Plan Width": 20, "Plans": [{"Node Type": "Seq Scan", "Parent Relationship": "Outer", "Relation Name": "char_name", "Alias": "chn", "Startup Cost": 0.0, "Total Cost": 64054.58, "Plan Rows": 3140338, "Plan Width": 20}]}]}]}, {"Node Type": "Index Scan", "Parent Relationship": "Inner", "Scan Direction": "Forward", "Index Name": "title_pkey", "Relation Name": "title", "Alias": "t", "Startup Cost": 10000000000.0, "Total Cost": 1000011644126.66, "Plan Rows": 1013492, "Plan Width": 21, "Filter": "(production_year > 2005), (LLVM Optimized)"}]}]}, "Unique SQL Id": 2933943827, "Planner Runtime": 36}, "explain_analyze_plan": null}, "(64, 91)": {"explain_plan": {"Plan": {"Node Type": "Aggregate", "Strategy": "Plain", "Startup Cost": 6488202630345.57, "Total Cost": 6488202630345.58, "Plan Rows": 1, "Plan Width": 97, "Plans": [{"Node Type": "Merge Join", "Parent Relationship": "Outer", "Join Type": "Inner", "Startup Cost": 5498202629099.29, "Total Cost": 6488202630345.55, "Plan Rows": 4, "Plan Width": 33, "Inner Unique": true, "Merge Cond": "(ci.role_id = rt.id)", "Plans": [{"Node Type": "Sort", "Parent Relationship": "Outer", "Startup Cost": 5488202629099.29, "Total Cost": 5488202629099.39, "Plan Rows": 40, "Plan Width": 37, "Sort Key": ["ci.role_id"], "Plans": [{"Node Type": "Merge Join", "Parent Relationship": "Outer", "Join Type": "Inner", "Startup Cost": 4498202628268.03, "Total Cost": 5488202629098.23, "Plan Rows": 40, "Plan Width": 37, "Inner Unique": true, "Merge Cond": "(mc.company_type_id = ct.id)", "Plans": [{"Node Type": "Sort", "Parent Relationship": "Outer", "Startup Cost": 4488202628267.93, "Total Cost": 4488202628268.03, "Plan Rows": 40, "Plan Width": 41, "Sort Key": ["mc.company_type_id"], "Plans": [{"Node Type": "Merge Join", "Parent Relationship": "Outer", "Join Type": "Inner", "Startup Cost": 3498201577991.91, "Total Cost": 4488202628266.87, "Plan Rows": 40, "Plan Width": 41, "Inner Unique": true, "Merge Cond": "(mc.company_id = cn.id)", "Plans": [{"Node Type": "Sort", "Parent Relationship": "Outer", "Startup Cost": 3488201577988.31, "Total Cost": 3488201578057.59, "Plan Rows": 27712, "Plan Width": 45, "Sort Key": ["mc.company_id"], "Plans": [{"Node Type": "Merge Join", "Parent Relationship": "Outer", "Join Type": "Inner", "Startup Cost": 1510040083041.2, "Total Cost": 3488201575943.41, "Plan Rows": 27712, "Plan Width": 45, "Inner Unique": false, "Merge Cond": "(t.id = mc.movie_id)", "Plans": [{"Node Type": "Merge Join", "Parent Relationship": "Outer", "Join Type": "Inner", "Startup Cost": 1500040083041.2, "Total Cost": 2489168673554.28, "Plan Rows": 13119, "Plan Width": 45, "Inner Unique": true, "Merge Cond": "(ci.movie_id = t.id)", "Plans": [{"Node Type": "Sort", "Parent Relationship": "Outer", "Startup Cost": 1490040083041.2, "Total Cost": 1490040083068.22, "Plan Rows": 10808, "Plan Width": 24, "Sort Key": ["ci.movie_id"], "Plans": [{"Node Type": "Merge Join", "Parent Relationship": "Outer", "Join Type": "Inner", "Startup Cost": 59439679227.39, "Total Cost": 1490040082317.07, "Plan Rows": 10808, "Plan Width": 24, "Inner Unique": false, "Merge Cond": "(chn.id = ci.person_role_id)", "Plans": [{"Node Type": "Index Scan", "Parent Relationship": "Outer", "Scan Direction": "Forward", "Index Name": "char_name_pkey", "Relation Name": "char_name", "Alias": "chn", "Startup Cost": 10000000000.0, "Total Cost": 1000012987545.51, "Plan Rows": 3140338, "Plan Width": 20}, {"Node Type": "Index Scan", "Parent Relationship": "Inner", "Scan Direction": "Forward", "Index Name": "person_role_id_cast_info", "Relation Name": "cast_info", "Alias": "ci", "Startup Cost": 10000000000.0, "Total Cost": 1000211315681.48, "Plan Rows": 22295, "Plan Width": 12, "Filter": "(((note)::text ~~ '%(voice)%'::text) AND ((note)::text ~~ '%(uncredited)%'::text))"}]}]}, {"Node Type": "Index Scan", "Parent Relationship": "Inner", "Scan Direction": "Forward", "Index Name": "title_pkey", "Relation Name": "title", "Alias": "t", "Startup Cost": 10000000000.0, "Total Cost": 1000011644126.66, "Plan Rows": 1013492, "Plan Width": 21, "Filter": "(production_year > 2005), (LLVM Optimized)"}]}, {"Node Type": "Index Scan", "Parent Relationship": "Inner", "Scan Direction": "Forward", "Index Name": "movie_id_movie_companies", "Relation Name": "movie_companies", "Alias": "mc", "Startup Cost": 10000000000.0, "Total Cost": 1000013051946.13, "Plan Rows": 2609128, "Plan Width": 12}]}]}, {"Node Type": "Index Scan", "Parent Relationship": "Inner", "Scan Direction": "Forward", "Index Name": "company_name_pkey", "Relation Name": "company_name", "Alias": "cn", "Startup Cost": 10000000000.0, "Total Cost": 1000001050138.97, "Plan Rows": 251, "Plan Width": 4, "Filter": "((country_code)::text = '[ru]'::text)"}]}]}, {"Node Type": "Materialize", "Parent Relationship": "Inner", "Startup Cost": 10000000000.0, "Total Cost": 1000000000829.51, "Plan Rows": 3, "Plan Width": 4, "Plans": [{"Node Type": "Index Only Scan", "Parent Relationship": "Outer", "Scan Direction": "Forward", "Index Name": "company_type_pkey", "Relation Name": "company_type", "Alias": "ct", "Startup Cost": 10000000000.0, "Total Cost": 1000000000829.5, "Plan Rows": 3, "Plan Width": 4}]}]}]}, {"Node Type": "Materialize", "Parent Relationship": "Inner", "Startup Cost": 10000000000.0, "Total Cost": 1000000001246.0, "Plan Rows": 1, "Plan Width": 4, "Plans": [{"Node Type": "Index Scan", "Parent Relationship": "Outer", "Scan Direction": "Forward", "Index Name": "role_type_pkey", "Relation Name": "role_type", "Alias": "rt", "Startup Cost": 10000000000.0, "Total Cost": 1000000001246.0, "Plan Rows": 1, "Plan Width": 4, "Filter": "((role)::text = 'actor'::text)"}]}]}]}, "Unique SQL Id": 2933943827, "Planner Runtime": 47}, "explain_analyze_plan": null}, "(64, 92)": {"explain_plan": {"Plan": {"Node Type": "Aggregate", "Strategy": "Plain", "Startup Cost": 19914.67, "Total Cost": 19914.68, "Plan Rows": 1, "Plan Width": 97, "Plans": [{"Node Type": "Nested Loop", "Parent Relationship": "Outer", "Join Type": "Inner", "Startup Cost": 0.0, "Total Cost": 19914.66, "Plan Rows": 2, "Plan Width": 33, "Inner Unique": true, "Plans": [{"Node Type": "Nested Loop", "Parent Relationship": "Outer", "Join Type": "Inner", "Startup Cost": 0.0, "Total Cost": 19914.1, "Plan Rows": 2, "Plan Width": 37, "Inner Unique": true, "Plans": [{"Node Type": "Nested Loop", "Parent Relationship": "Outer", "Join Type": "Inner", "Startup Cost": 0.0, "Total Cost": 19887.22, "Plan Rows": 5, "Plan Width": 25, "Inner Unique": true, "Plans": [{"Node Type": "Nested Loop", "Parent Relationship": "Outer", "Join Type": "Inner", "Startup Cost": 0.0, "Total Cost": 19885.12, "Plan Rows": 6, "Plan Width": 16, "Inner Unique": true, "Plans": [{"Node Type": "Nested Loop", "Parent Relationship": "Outer", "Join Type": "Inner", "Startup Cost": 0.0, "Total Cost": 19865.87, "Plan Rows": 68, "Plan Width": 20, "Inner Unique": false, "Plans": [{"Node Type": "Nested Loop", "Parent Relationship": "Outer", "Join Type": "Inner", "Startup Cost": 0.0, "Total Cost": 16121.55, "Plan Rows": 3779, "Plan Width": 8, "Inner Unique": false, "Plans": [{"Node Type": "Seq Scan", "Parent Relationship": "Outer", "Relation Name": "company_name", "Alias": "cn", "Startup Cost": 0.0, "Total Cost": 5903.45, "Plan Rows": 251, "Plan Width": 4, "Filter": "((country_code)::text = '[ru]'::text)"}, {"Node Type": "Index Scan", "Parent Relationship": "Inner", "Scan Direction": "Forward", "Index Name": "company_id_movie_companies", "Relation Name": "movie_companies", "Alias": "mc", "Startup Cost": 0.0, "Total Cost": 40.56, "Plan Rows": 15, "Plan Width": 12, "Index Cond": "(company_id = cn.id)"}]}, {"Node Type": "Index Scan", "Parent Relationship": "Inner", "Scan Direction": "Forward", "Index Name": "movie_id_cast_info", "Relation Name": "cast_info", "Alias": "ci", "Startup Cost": 0.0, "Total Cost": 0.98, "Plan Rows": 1, "Plan Width": 12, "Index Cond": "(movie_id = mc.movie_id)", "Filter": "(((note)::text ~~ '%(voice)%'::text) AND ((note)::text ~~ '%(uncredited)%'::text))"}]}, {"Node Type": "Index Scan", "Parent Relationship": "Inner", "Scan Direction": "Forward", "Index Name": "role_type_pkey", "Relation Name": "role_type", "Alias": "rt", "Startup Cost": 0.0, "Total Cost": 0.27, "Plan Rows": 1, "Plan Width": 4, "Index Cond": "(id = ci.role_id)", "Filter": "((role)::text = 'actor'::text)"}]}, {"Node Type": "Index Scan", "Parent Relationship": "Inner", "Scan Direction": "Forward", "Index Name": "title_pkey", "Relation Name": "title", "Alias": "t", "Startup Cost": 0.0, "Total Cost": 0.34, "Plan Rows": 1, "Plan Width": 21, "Index Cond": "(id = mc.movie_id)", "Filter": "(production_year > 2005)"}]}, {"Node Type": "Index Scan", "Parent Relationship": "Inner", "Scan Direction": "Forward", "Index Name": "char_name_pkey", "Relation Name": "char_name", "Alias": "chn", "Startup Cost": 0.0, "Total Cost": 5.37, "Plan Rows": 1, "Plan Width": 20, "Index Cond": "(id = ci.person_role_id)"}]}, {"Node Type": "Index Scan", "Parent Relationship": "Inner", "Scan Direction": "Forward", "Index Name": "company_type_pkey", "Relation Name": "company_type", "Alias": "ct", "Startup Cost": 0.0, "Total Cost": 0.27, "Plan Rows": 1, "Plan Width": 4, "Index Cond": "(id = mc.company_type_id)"}]}]}, "Unique SQL Id": 2933943827, "Planner Runtime": 15}, "explain_analyze_plan": {"Plan": {"Node Type": "Aggregate", "Strategy": "Plain", "Startup Cost": 19914.67, "Total Cost": 19914.68, "Plan Rows": 1, "Plan Width": 97, "Actual Startup Time": 893.035, "Actual Total Time": 893.035, "Actual Rows": 1, "Actual Loops": 1, "Plans": [{"Node Type": "Nested Loop", "Parent Relationship": "Outer", "Join Type": "Inner", "Startup Cost": 0.0, "Total Cost": 19914.66, "Plan Rows": 2, "Plan Width": 33, "Actual Startup Time": 45.837, "Actual Total Time": 892.941, "Actual Rows": 18, "Actual Loops": 1, "Inner Unique": true, "Plans": [{"Node Type": "Nested Loop", "Parent Relationship": "Outer", "Join Type": "Inner", "Startup Cost": 0.0, "Total Cost": 19914.1, "Plan Rows": 2, "Plan Width": 37, "Actual Startup Time": 9.473, "Actual Total Time": 892.647, "Actual Rows": 104, "Actual Loops": 1, "Inner Unique": true, "Plans": [{"Node Type": "Nested Loop", "Parent Relationship": "Outer", "Join Type": "Inner", "Startup Cost": 0.0, "Total Cost": 19887.22, "Plan Rows": 5, "Plan Width": 25, "Actual Startup Time": 9.459, "Actual Total Time": 891.527, "Actual Rows": 112, "Actual Loops": 1, "Inner Unique": true, "Plans": [{"Node Type": "Nested Loop", "Parent Relationship": "Outer", "Join Type": "Inner", "Startup Cost": 0.0, "Total Cost": 19885.12, "Plan Rows": 6, "Plan Width": 16, "Actual Startup Time": 0.838, "Actual Total Time": 889.18, "Actual Rows": 275, "Actual Loops": 1, "Inner Unique": true, "Plans": [{"Node Type": "Nested Loop", "Parent Relationship": "Outer", "Join Type": "Inner", "Startup Cost": 0.0, "Total Cost": 19865.87, "Plan Rows": 68, "Plan Width": 20, "Actual Startup Time": 0.831, "Actual Total Time": 887.497, "Actual Rows": 377, "Actual Loops": 1, "Inner Unique": false, "Plans": [{"Node Type": "Nested Loop", "Parent Relationship": "Outer", "Join Type": "Inner", "Startup Cost": 0.0, "Total Cost": 16121.55, "Plan Rows": 3779, "Plan Width": 8, "Actual Startup Time": 0.073, "Actual Total Time": 109.034, "Actual Rows": 8790, "Actual Loops": 1, "Inner Unique": false, "Plans": [{"Node Type": "Seq Scan", "Parent Relationship": "Outer", "Relation Name": "company_name", "Alias": "cn", "Startup Cost": 0.0, "Total Cost": 5903.45, "Plan Rows": 251, "Plan Width": 4, "Actual Startup Time": 0.05, "Actual Total Time": 82.225, "Actual Rows": 1361, "Actual Loops": 1, "Filter": "((country_code)::text = '[ru]'::text)", "Rows Removed by Filter": 233635}, {"Node Type": "Index Scan", "Parent Relationship": "Inner", "Scan Direction": "Forward", "Index Name": "company_id_movie_companies", "Relation Name": "movie_companies", "Alias": "mc", "Startup Cost": 0.0, "Total Cost": 40.56, "Plan Rows": 15, "Plan Width": 12, "Actual Startup Time": 9.904, "Actual Total Time": 23.489, "Actual Rows": 8790, "Actual Loops": 1361, "Index Cond": "(company_id = cn.id)", "Rows Removed by Index Recheck": 0}]}, {"Node Type": "Index Scan", "Parent Relationship": "Inner", "Scan Direction": "Forward", "Index Name": "movie_id_cast_info", "Relation Name": "cast_info", "Alias": "ci", "Startup Cost": 0.0, "Total Cost": 0.98, "Plan Rows": 1, "Plan Width": 12, "Actual Startup Time": 728.151, "Actual Total Time": 772.927, "Actual Rows": 377, "Actual Loops": 8790, "Index Cond": "(movie_id = mc.movie_id)", "Rows Removed by Index Recheck": 0, "Filter": "(((note)::text ~~ '%(voice)%'::text) AND ((note)::text ~~ '%(uncredited)%'::text))", "Rows Removed by Filter": 408168}]}, {"Node Type": "Index Scan", "Parent Relationship": "Inner", "Scan Direction": "Forward", "Index Name": "role_type_pkey", "Relation Name": "role_type", "Alias": "rt", "Startup Cost": 0.0, "Total Cost": 0.27, "Plan Rows": 1, "Plan Width": 4, "Actual Startup Time": 1.145, "Actual Total Time": 1.145, "Actual Rows": 275, "Actual Loops": 377, "Index Cond": "(id = ci.role_id)", "Rows Removed by Index Recheck": 0, "Filter": "((role)::text = 'actor'::text)", "Rows Removed by Filter": 102}]}, {"Node Type": "Index Scan", "Parent Relationship": "Inner", "Scan Direction": "Forward", "Index Name": "title_pkey", "Relation Name": "title", "Alias": "t", "Startup Cost": 0.0, "Total Cost": 0.34, "Plan Rows": 1, "Plan Width": 21, "Actual Startup Time": 1.979, "Actual Total Time": 1.979, "Actual Rows": 112, "Actual Loops": 275, "Index Cond": "(id = mc.movie_id)", "Rows Removed by Index Recheck": 0, "Filter": "(production_year > 2005)", "Rows Removed by Filter": 163}]}, {"Node Type": "Index Scan", "Parent Relationship": "Inner", "Scan Direction": "Forward", "Index Name": "char_name_pkey", "Relation Name": "char_name", "Alias": "chn", "Startup Cost": 0.0, "Total Cost": 5.37, "Plan Rows": 1, "Plan Width": 20, "Actual Startup Time": 0.885, "Actual Total Time": 0.885, "Actual Rows": 104, "Actual Loops": 112, "Index Cond": "(id = ci.person_role_id)", "Rows Removed by Index Recheck": 0}]}, {"Node Type": "Index Scan", "Parent Relationship": "Inner", "Scan Direction": "Forward", "Index Name": "company_type_pkey", "Relation Name": "company_type", "Alias": "ct", "Startup Cost": 0.0, "Total Cost": 0.27, "Plan Rows": 1, "Plan Width": 4, "Actual Startup Time": 0.155, "Actual Total Time": 0.155, "Actual Rows": 18, "Actual Loops": 104, "Index Cond": "(id = mc.company_type_id)", "Rows Removed by Index Recheck": 0}]}]}, "Triggers": [], "Planner Runtime": 14, "Total Runtime": 893.39, "Unique SQL Id": 2933943827}}, "(64, 93)": {"explain_plan": {"Plan": {"Node Type": "Aggregate", "Strategy": "Plain", "Startup Cost": 24512.61, "Total Cost": 24512.62, "Plan Rows": 1, "Plan Width": 97, "Plans": [{"Node Type": "Nested Loop", "Parent Relationship": "Outer", "Join Type": "Inner", "Startup Cost": 0.0, "Total Cost": 24512.6, "Plan Rows": 2, "Plan Width": 33, "Inner Unique": true, "Plans": [{"Node Type": "Nested Loop", "Parent Relationship": "Outer", "Join Type": "Inner", "Startup Cost": 0.0, "Total Cost": 24512.04, "Plan Rows": 2, "Plan Width": 37, "Inner Unique": true, "Plans": [{"Node Type": "Nested Loop", "Parent Relationship": "Outer", "Join Type": "Inner", "Startup Cost": 0.0, "Total Cost": 24485.16, "Plan Rows": 5, "Plan Width": 25, "Inner Unique": true, "Plans": [{"Node Type": "Nested Loop", "Parent Relationship": "Outer", "Join Type": "Inner", "Startup Cost": 0.0, "Total Cost": 24483.05, "Plan Rows": 6, "Plan Width": 16, "Inner Unique": true, "Plans": [{"Node Type": "Nested Loop", "Parent Relationship": "Outer", "Join Type": "Inner", "Startup Cost": 0.0, "Total Cost": 24463.81, "Plan Rows": 68, "Plan Width": 20, "Inner Unique": false, "Plans": [{"Node Type": "Nested Loop", "Parent Relationship": "Outer", "Join Type": "Inner", "Startup Cost": 0.0, "Total Cost": 20719.49, "Plan Rows": 3779, "Plan Width": 8, "Inner Unique": false, "Plans": [{"Node Type": "Index Scan", "Parent Relationship": "Outer", "Scan Direction": "Forward", "Index Name": "company_name_pkey", "Relation Name": "company_name", "Alias": "cn", "Startup Cost": 0.0, "Total Cost": 10501.39, "Plan Rows": 251, "Plan Width": 4, "Filter": "((country_code)::text = '[ru]'::text)"}, {"Node Type": "Index Scan", "Parent Relationship": "Inner", "Scan Direction": "Forward", "Index Name": "company_id_movie_companies", "Relation Name": "movie_companies", "Alias": "mc", "Startup Cost": 0.0, "Total Cost": 40.56, "Plan Rows": 15, "Plan Width": 12, "Index Cond": "(company_id = cn.id)"}]}, {"Node Type": "Index Scan", "Parent Relationship": "Inner", "Scan Direction": "Forward", "Index Name": "movie_id_cast_info", "Relation Name": "cast_info", "Alias": "ci", "Startup Cost": 0.0, "Total Cost": 0.98, "Plan Rows": 1, "Plan Width": 12, "Index Cond": "(movie_id = mc.movie_id)", "Filter": "(((note)::text ~~ '%(voice)%'::text) AND ((note)::text ~~ '%(uncredited)%'::text))"}]}, {"Node Type": "Index Scan", "Parent Relationship": "Inner", "Scan Direction": "Forward", "Index Name": "role_type_pkey", "Relation Name": "role_type", "Alias": "rt", "Startup Cost": 0.0, "Total Cost": 0.27, "Plan Rows": 1, "Plan Width": 4, "Index Cond": "(id = ci.role_id)", "Filter": "((role)::text = 'actor'::text)"}]}, {"Node Type": "Index Scan", "Parent Relationship": "Inner", "Scan Direction": "Forward", "Index Name": "title_pkey", "Relation Name": "title", "Alias": "t", "Startup Cost": 0.0, "Total Cost": 0.34, "Plan Rows": 1, "Plan Width": 21, "Index Cond": "(id = mc.movie_id)", "Filter": "(production_year > 2005)"}]}, {"Node Type": "Index Scan", "Parent Relationship": "Inner", "Scan Direction": "Forward", "Index Name": "char_name_pkey", "Relation Name": "char_name", "Alias": "chn", "Startup Cost": 0.0, "Total Cost": 5.37, "Plan Rows": 1, "Plan Width": 20, "Index Cond": "(id = ci.person_role_id)"}]}, {"Node Type": "Index Scan", "Parent Relationship": "Inner", "Scan Direction": "Forward", "Index Name": "company_type_pkey", "Relation Name": "company_type", "Alias": "ct", "Startup Cost": 0.0, "Total Cost": 0.27, "Plan Rows": 1, "Plan Width": 4, "Index Cond": "(id = mc.company_type_id)"}]}]}, "Unique SQL Id": 2933943827, "Planner Runtime": 13}, "explain_analyze_plan": {"Plan": {"Node Type": "Aggregate", "Strategy": "Plain", "Startup Cost": 24512.61, "Total Cost": 24512.62, "Plan Rows": 1, "Plan Width": 97, "Actual Startup Time": 1323.524, "Actual Total Time": 1323.524, "Actual Rows": 1, "Actual Loops": 1, "Plans": [{"Node Type": "Nested Loop", "Parent Relationship": "Outer", "Join Type": "Inner", "Startup Cost": 0.0, "Total Cost": 24512.6, "Plan Rows": 2, "Plan Width": 33, "Actual Startup Time": 39.45, "Actual Total Time": 1323.421, "Actual Rows": 18, "Actual Loops": 1, "Inner Unique": true, "Plans": [{"Node Type": "Nested Loop", "Parent Relationship": "Outer", "Join Type": "Inner", "Startup Cost": 0.0, "Total Cost": 24512.04, "Plan Rows": 2, "Plan Width": 37, "Actual Startup Time": 30.257, "Actual Total Time": 1323.081, "Actual Rows": 104, "Actual Loops": 1, "Inner Unique": true, "Plans": [{"Node Type": "Nested Loop", "Parent Relationship": "Outer", "Join Type": "Inner", "Startup Cost": 0.0, "Total Cost": 24485.16, "Plan Rows": 5, "Plan Width": 25, "Actual Startup Time": 30.24, "Actual Total Time": 1321.725, "Actual Rows": 112, "Actual Loops": 1, "Inner Unique": true, "Plans": [{"Node Type": "Nested Loop", "Parent Relationship": "Outer", "Join Type": "Inner", "Startup Cost": 0.0, "Total Cost": 24483.05, "Plan Rows": 6, "Plan Width": 16, "Actual Startup Time": 9.462, "Actual Total Time": 1318.795, "Actual Rows": 275, "Actual Loops": 1, "Inner Unique": true, "Plans": [{"Node Type": "Nested Loop", "Parent Relationship": "Outer", "Join Type": "Inner", "Startup Cost": 0.0, "Total Cost": 24463.81, "Plan Rows": 68, "Plan Width": 20, "Actual Startup Time": 9.452, "Actual Total Time": 1317.093, "Actual Rows": 377, "Actual Loops": 1, "Inner Unique": false, "Plans": [{"Node Type": "Nested Loop", "Parent Relationship": "Outer", "Join Type": "Inner", "Startup Cost": 0.0, "Total Cost": 20719.49, "Plan Rows": 3779, "Plan Width": 8, "Actual Startup Time": 0.663, "Actual Total Time": 320.977, "Actual Rows": 8790, "Actual Loops": 1, "Inner Unique": false, "Plans": [{"Node Type": "Index Scan", "Parent Relationship": "Outer", "Scan Direction": "Forward", "Index Name": "company_name_pkey", "Relation Name": "company_name", "Alias": "cn", "Startup Cost": 0.0, "Total Cost": 10501.39, "Plan Rows": 251, "Plan Width": 4, "Actual Startup Time": 0.641, "Actual Total Time": 290.846, "Actual Rows": 1361, "Actual Loops": 1, "Filter": "((country_code)::text = '[ru]'::text)", "Rows Removed by Filter": 233635}, {"Node Type": "Index Scan", "Parent Relationship": "Inner", "Scan Direction": "Forward", "Index Name": "company_id_movie_companies", "Relation Name": "movie_companies", "Alias": "mc", "Startup Cost": 0.0, "Total Cost": 40.56, "Plan Rows": 15, "Plan Width": 12, "Actual Startup Time": 10.258, "Actual Total Time": 26.506, "Actual Rows": 8790, "Actual Loops": 1361, "Index Cond": "(company_id = cn.id)", "Rows Removed by Index Recheck": 0}]}, {"Node Type": "Index Scan", "Parent Relationship": "Inner", "Scan Direction": "Forward", "Index Name": "movie_id_cast_info", "Relation Name": "cast_info", "Alias": "ci", "Startup Cost": 0.0, "Total Cost": 0.98, "Plan Rows": 1, "Plan Width": 12, "Actual Startup Time": 931.807, "Actual Total Time": 990.444, "Actual Rows": 377, "Actual Loops": 8790, "Index Cond": "(movie_id = mc.movie_id)", "Rows Removed by Index Recheck": 0, "Filter": "(((note)::text ~~ '%(voice)%'::text) AND ((note)::text ~~ '%(uncredited)%'::text))", "Rows Removed by Filter": 408168}]}, {"Node Type": "Index Scan", "Parent Relationship": "Inner", "Scan Direction": "Forward", "Index Name": "role_type_pkey", "Relation Name": "role_type", "Alias": "rt", "Startup Cost": 0.0, "Total Cost": 0.27, "Plan Rows": 1, "Plan Width": 4, "Actual Startup Time": 1.096, "Actual Total Time": 1.096, "Actual Rows": 275, "Actual Loops": 377, "Index Cond": "(id = ci.role_id)", "Rows Removed by Index Recheck": 0, "Filter": "((role)::text = 'actor'::text)", "Rows Removed by Filter": 102}]}, {"Node Type": "Index Scan", "Parent Relationship": "Inner", "Scan Direction": "Forward", "Index Name": "title_pkey", "Relation Name": "title", "Alias": "t", "Startup Cost": 0.0, "Total Cost": 0.34, "Plan Rows": 1, "Plan Width": 21, "Actual Startup Time": 2.498, "Actual Total Time": 2.498, "Actual Rows": 112, "Actual Loops": 275, "Index Cond": "(id = mc.movie_id)", "Rows Removed by Index Recheck": 0, "Filter": "(production_year > 2005)", "Rows Removed by Filter": 163}]}, {"Node Type": "Index Scan", "Parent Relationship": "Inner", "Scan Direction": "Forward", "Index Name": "char_name_pkey", "Relation Name": "char_name", "Alias": "chn", "Startup Cost": 0.0, "Total Cost": 5.37, "Plan Rows": 1, "Plan Width": 20, "Actual Startup Time": 1.058, "Actual Total Time": 1.058, "Actual Rows": 104, "Actual Loops": 112, "Index Cond": "(id = ci.person_role_id)", "Rows Removed by Index Recheck": 0}]}, {"Node Type": "Index Scan", "Parent Relationship": "Inner", "Scan Direction": "Forward", "Index Name": "company_type_pkey", "Relation Name": "company_type", "Alias": "ct", "Startup Cost": 0.0, "Total Cost": 0.27, "Plan Rows": 1, "Plan Width": 4, "Actual Startup Time": 0.174, "Actual Total Time": 0.174, "Actual Rows": 18, "Actual Loops": 104, "Index Cond": "(id = mc.company_type_id)", "Rows Removed by Index Recheck": 0}]}]}, "Triggers": [], "Planner Runtime": 9, "Total Runtime": 1323.9, "Unique SQL Id": 2933943827}}, "(64, 94)": {"explain_plan": {"Plan": {"Node Type": "Aggregate", "Strategy": "Plain", "Startup Cost": 2099078328787.73, "Total Cost": 2099078328787.74, "Plan Rows": 1, "Plan Width": 97, "Plans": [{"Node Type": "Merge Join", "Parent Relationship": "Outer", "Join Type": "Inner", "Startup Cost": 120022589581.13, "Total Cost": 2099078328787.72, "Plan Rows": 2, "Plan Width": 33, "Inner Unique": true, "Merge Cond": "(mc.movie_id = t.id)", "Plans": [{"Node Type": "Nested Loop", "Parent Relationship": "Outer", "Join Type": "Inner", "Startup Cost": 110001099272.16, "Total Cost": 1100015186219.0, "Plan Rows": 3, "Plan Width": 24, "Inner Unique": true, "Join Filter": "(ci.person_role_id = chn.id)", "Plans": [{"Node Type": "Merge Join", "Parent Relationship": "Outer", "Join Type": "Inner", "Startup Cost": 100001099272.16, "Total Cost": 100001099301.25, "Plan Rows": 6, "Plan Width": 12, "Inner Unique": false, "Merge Cond": "(ci.movie_id = mc.movie_id)", "Plans": [{"Node Type": "Sort", "Parent Relationship": "Outer", "Startup Cost": 100000759880.3, "Total Cost": 100000759885.37, "Plan Rows": 2027, "Plan Width": 8, "Sort Key": ["ci.movie_id"], "Plans": [{"Node Type": "Nested Loop", "Parent Relationship": "Outer", "Join Type": "Inner", "Startup Cost": 10000000000.0, "Total Cost": 100000759768.97, "Plan Rows": 2027, "Plan Width": 8, "Inner Unique": false, "Join Filter": "(ci.role_id = rt.id)", "Plans": [{"Node Type": "Seq Scan", "Parent Relationship": "Outer", "Relation Name": "role_type", "Alias": "rt", "Startup Cost": 0.0, "Total Cost": 1.15, "Plan Rows": 1, "Plan Width": 4, "Filter": "((role)::text = 'actor'::text)"}, {"Node Type": "Materialize", "Parent Relationship": "Inner", "Startup Cost": 0.0, "Total Cost": 75752.8, "Plan Rows": 22295, "Plan Width": 12, "Plans": [{"Node Type": "Streaming(type: LOCAL GATHER dop: 1/64)", "Parent Relationship": "Outer", "Startup Cost": 0.0, "Total Cost": 75697.06, "Plan Rows": 22295, "Plan Width": 12, "Plans": [{"Node Type": "Seq Scan", "Parent Relationship": "Outer", "Relation Name": "cast_info", "Alias": "ci", "Startup Cost": 0.0, "Total Cost": 75237.12, "Plan Rows": 22295, "Plan Width": 12, "Filter": "(((note)::text ~~ '%(voice)%'::text) AND ((note)::text ~~ '%(uncredited)%'::text))"}]}]}]}]}, {"Node Type": "Sort", "Parent Relationship": "Inner", "Startup Cost": 339391.86, "Total Cost": 339401.3, "Plan Rows": 3779, "Plan Width": 4, "Sort Key": ["mc.movie_id"], "Plans": [{"Node Type": "Merge Join", "Parent Relationship": "Outer", "Join Type": "Inner", "Startup Cost": 339119.86, "Total Cost": 339167.31, "Plan Rows": 3779, "Plan Width": 4, "Inner Unique": false, "Merge Cond": "(ct.id = mc.company_type_id)", "Plans": [{"Node Type": "Sort", "Parent Relationship": "Outer", "Startup Cost": 1.05, "Total Cost": 1.06, "Plan Rows": 3, "Plan Width": 4, "Sort Key": ["ct.id"], "Plans": [{"Node Type": "Seq Scan", "Parent Relationship": "Outer", "Relation Name": "company_type", "Alias": "ct", "Startup Cost": 0.0, "Total Cost": 1.03, "Plan Rows": 3, "Plan Width": 4}]}, {"Node Type": "Sort", "Parent Relationship": "Inner", "Startup Cost": 339109.56, "Total Cost": 339119.01, "Plan Rows": 3779, "Plan Width": 8, "Sort Key": ["mc.company_type_id"], "Plans": [{"Node Type": "Merge Join", "Parent Relationship": "Outer", "Join Type": "Inner", "Startup Cost": 326139.31, "Total Cost": 338885.01, "Plan Rows": 3779, "Plan Width": 8, "Inner Unique": false, "Merge Cond": "(cn.id = mc.company_id)", "Plans": [{"Node Type": "Sort", "Parent Relationship": "Outer", "Startup Cost": 5913.45, "Total Cost": 5914.08, "Plan Rows": 251, "Plan Width": 4, "Sort Key": ["cn.id"], "Plans": [{"Node Type": "Seq Scan", "Parent Relationship": "Outer", "Relation Name": "company_name", "Alias": "cn", "Startup Cost": 0.0, "Total Cost": 5903.45, "Plan Rows": 251, "Plan Width": 4, "Filter": "((country_code)::text = '[ru]'::text)"}]}, {"Node Type": "Sort", "Parent Relationship": "Inner", "Startup Cost": 319886.87, "Total Cost": 326409.69, "Plan Rows": 2609128, "Plan Width": 12, "Sort Key": ["mc.company_id"], "Plans": [{"Node Type": "Seq Scan", "Parent Relationship": "Outer", "Relation Name": "movie_companies", "Alias": "mc", "Startup Cost": 0.0, "Total Cost": 41817.28, "Plan Rows": 2609128, "Plan Width": 12}]}]}]}]}]}]}, {"Node Type": "Materialize", "Parent Relationship": "Inner", "Startup Cost": 0.0, "Total Cost": 144541.08, "Plan Rows": 3140338, "Plan Width": 20, "Plans": [{"Node Type": "Streaming(type: LOCAL GATHER dop: 1/64)", "Parent Relationship": "Outer", "Startup Cost": 0.0, "Total Cost": 128839.39, "Plan Rows": 3140338, "Plan Width": 20, "Plans": [{"Node Type": "Seq Scan", "Parent Relationship": "Outer", "Relation Name": "char_name", "Alias": "chn", "Startup Cost": 0.0, "Total Cost": 64054.58, "Plan Rows": 3140338, "Plan Width": 20}]}]}]}, {"Node Type": "Index Scan", "Parent Relationship": "Inner", "Scan Direction": "Forward", "Index Name": "title_pkey", "Relation Name": "title", "Alias": "t", "Startup Cost": 10000000000.0, "Total Cost": 1000011644126.66, "Plan Rows": 1013492, "Plan Width": 21, "Filter": "(production_year > 2005), (LLVM Optimized)"}]}]}, "Unique SQL Id": 2933943827, "Planner Runtime": 36}, "explain_analyze_plan": null}, "(64, 95)": {"explain_plan": {"Plan": {"Node Type": "Aggregate", "Strategy": "Plain", "Startup Cost": 6488202630745.57, "Total Cost": 6488202630745.58, "Plan Rows": 1, "Plan Width": 97, "Plans": [{"Node Type": "Merge Join", "Parent Relationship": "Outer", "Join Type": "Inner", "Startup Cost": 5498202629499.29, "Total Cost": 6488202630745.55, "Plan Rows": 4, "Plan Width": 33, "Inner Unique": true, "Merge Cond": "(ci.role_id = rt.id)", "Plans": [{"Node Type": "Sort", "Parent Relationship": "Outer", "Startup Cost": 5488202629499.29, "Total Cost": 5488202629499.39, "Plan Rows": 40, "Plan Width": 37, "Sort Key": ["ci.role_id"], "Plans": [{"Node Type": "Merge Join", "Parent Relationship": "Outer", "Join Type": "Inner", "Startup Cost": 4498202628268.03, "Total Cost": 5488202629498.23, "Plan Rows": 40, "Plan Width": 37, "Inner Unique": true, "Merge Cond": "(mc.company_type_id = ct.id)", "Plans": [{"Node Type": "Sort", "Parent Relationship": "Outer", "Startup Cost": 4488202628267.93, "Total Cost": 4488202628268.03, "Plan Rows": 40, "Plan Width": 41, "Sort Key": ["mc.company_type_id"], "Plans": [{"Node Type": "Merge Join", "Parent Relationship": "Outer", "Join Type": "Inner", "Startup Cost": 3498201577991.91, "Total Cost": 4488202628266.87, "Plan Rows": 40, "Plan Width": 41, "Inner Unique": true, "Merge Cond": "(mc.company_id = cn.id)", "Plans": [{"Node Type": "Sort", "Parent Relationship": "Outer", "Startup Cost": 3488201577988.31, "Total Cost": 3488201578057.59, "Plan Rows": 27712, "Plan Width": 45, "Sort Key": ["mc.company_id"], "Plans": [{"Node Type": "Merge Join", "Parent Relationship": "Outer", "Join Type": "Inner", "Startup Cost": 1510040083041.2, "Total Cost": 3488201575943.41, "Plan Rows": 27712, "Plan Width": 45, "Inner Unique": false, "Merge Cond": "(t.id = mc.movie_id)", "Plans": [{"Node Type": "Merge Join", "Parent Relationship": "Outer", "Join Type": "Inner", "Startup Cost": 1500040083041.2, "Total Cost": 2489168673554.28, "Plan Rows": 13119, "Plan Width": 45, "Inner Unique": true, "Merge Cond": "(ci.movie_id = t.id)", "Plans": [{"Node Type": "Sort", "Parent Relationship": "Outer", "Startup Cost": 1490040083041.2, "Total Cost": 1490040083068.22, "Plan Rows": 10808, "Plan Width": 24, "Sort Key": ["ci.movie_id"], "Plans": [{"Node Type": "Merge Join", "Parent Relationship": "Outer", "Join Type": "Inner", "Startup Cost": 59439679227.39, "Total Cost": 1490040082317.07, "Plan Rows": 10808, "Plan Width": 24, "Inner Unique": false, "Merge Cond": "(chn.id = ci.person_role_id)", "Plans": [{"Node Type": "Index Scan", "Parent Relationship": "Outer", "Scan Direction": "Forward", "Index Name": "char_name_pkey", "Relation Name": "char_name", "Alias": "chn", "Startup Cost": 10000000000.0, "Total Cost": 1000012987545.51, "Plan Rows": 3140338, "Plan Width": 20}, {"Node Type": "Index Scan", "Parent Relationship": "Inner", "Scan Direction": "Forward", "Index Name": "person_role_id_cast_info", "Relation Name": "cast_info", "Alias": "ci", "Startup Cost": 10000000000.0, "Total Cost": 1000211315681.48, "Plan Rows": 22295, "Plan Width": 12, "Filter": "(((note)::text ~~ '%(voice)%'::text) AND ((note)::text ~~ '%(uncredited)%'::text))"}]}]}, {"Node Type": "Index Scan", "Parent Relationship": "Inner", "Scan Direction": "Forward", "Index Name": "title_pkey", "Relation Name": "title", "Alias": "t", "Startup Cost": 10000000000.0, "Total Cost": 1000011644126.66, "Plan Rows": 1013492, "Plan Width": 21, "Filter": "(production_year > 2005), (LLVM Optimized)"}]}, {"Node Type": "Index Scan", "Parent Relationship": "Inner", "Scan Direction": "Forward", "Index Name": "movie_id_movie_companies", "Relation Name": "movie_companies", "Alias": "mc", "Startup Cost": 10000000000.0, "Total Cost": 1000013051946.13, "Plan Rows": 2609128, "Plan Width": 12}]}]}, {"Node Type": "Index Scan", "Parent Relationship": "Inner", "Scan Direction": "Forward", "Index Name": "company_name_pkey", "Relation Name": "company_name", "Alias": "cn", "Startup Cost": 10000000000.0, "Total Cost": 1000001050138.97, "Plan Rows": 251, "Plan Width": 4, "Filter": "((country_code)::text = '[ru]'::text)"}]}]}, {"Node Type": "Materialize", "Parent Relationship": "Inner", "Startup Cost": 10000000000.0, "Total Cost": 1000000001229.51, "Plan Rows": 3, "Plan Width": 4, "Plans": [{"Node Type": "Index Scan", "Parent Relationship": "Outer", "Scan Direction": "Forward", "Index Name": "company_type_pkey", "Relation Name": "company_type", "Alias": "ct", "Startup Cost": 10000000000.0, "Total Cost": 1000000001229.5, "Plan Rows": 3, "Plan Width": 4}]}]}]}, {"Node Type": "Materialize", "Parent Relationship": "Inner", "Startup Cost": 10000000000.0, "Total Cost": 1000000001246.0, "Plan Rows": 1, "Plan Width": 4, "Plans": [{"Node Type": "Index Scan", "Parent Relationship": "Outer", "Scan Direction": "Forward", "Index Name": "role_type_pkey", "Relation Name": "role_type", "Alias": "rt", "Startup Cost": 10000000000.0, "Total Cost": 1000000001246.0, "Plan Rows": 1, "Plan Width": 4, "Filter": "((role)::text = 'actor'::text)"}]}]}]}, "Unique SQL Id": 2933943827, "Planner Runtime": 46}, "explain_analyze_plan": null}, "(64, 96)": {"explain_plan": {"Plan": {"Node Type": "Aggregate", "Strategy": "Plain", "Startup Cost": 19914.67, "Total Cost": 19914.68, "Plan Rows": 1, "Plan Width": 97, "Plans": [{"Node Type": "Nested Loop", "Parent Relationship": "Outer", "Join Type": "Inner", "Startup Cost": 0.0, "Total Cost": 19914.66, "Plan Rows": 2, "Plan Width": 33, "Inner Unique": true, "Plans": [{"Node Type": "Nested Loop", "Parent Relationship": "Outer", "Join Type": "Inner", "Startup Cost": 0.0, "Total Cost": 19914.1, "Plan Rows": 2, "Plan Width": 37, "Inner Unique": true, "Plans": [{"Node Type": "Nested Loop", "Parent Relationship": "Outer", "Join Type": "Inner", "Startup Cost": 0.0, "Total Cost": 19887.22, "Plan Rows": 5, "Plan Width": 25, "Inner Unique": true, "Plans": [{"Node Type": "Nested Loop", "Parent Relationship": "Outer", "Join Type": "Inner", "Startup Cost": 0.0, "Total Cost": 19885.12, "Plan Rows": 6, "Plan Width": 16, "Inner Unique": true, "Plans": [{"Node Type": "Nested Loop", "Parent Relationship": "Outer", "Join Type": "Inner", "Startup Cost": 0.0, "Total Cost": 19865.87, "Plan Rows": 68, "Plan Width": 20, "Inner Unique": false, "Plans": [{"Node Type": "Nested Loop", "Parent Relationship": "Outer", "Join Type": "Inner", "Startup Cost": 0.0, "Total Cost": 16121.55, "Plan Rows": 3779, "Plan Width": 8, "Inner Unique": false, "Plans": [{"Node Type": "Seq Scan", "Parent Relationship": "Outer", "Relation Name": "company_name", "Alias": "cn", "Startup Cost": 0.0, "Total Cost": 5903.45, "Plan Rows": 251, "Plan Width": 4, "Filter": "((country_code)::text = '[ru]'::text)"}, {"Node Type": "Index Scan", "Parent Relationship": "Inner", "Scan Direction": "Forward", "Index Name": "company_id_movie_companies", "Relation Name": "movie_companies", "Alias": "mc", "Startup Cost": 0.0, "Total Cost": 40.56, "Plan Rows": 15, "Plan Width": 12, "Index Cond": "(company_id = cn.id)"}]}, {"Node Type": "Index Scan", "Parent Relationship": "Inner", "Scan Direction": "Forward", "Index Name": "movie_id_cast_info", "Relation Name": "cast_info", "Alias": "ci", "Startup Cost": 0.0, "Total Cost": 0.98, "Plan Rows": 1, "Plan Width": 12, "Index Cond": "(movie_id = mc.movie_id)", "Filter": "(((note)::text ~~ '%(voice)%'::text) AND ((note)::text ~~ '%(uncredited)%'::text))"}]}, {"Node Type": "Index Scan", "Parent Relationship": "Inner", "Scan Direction": "Forward", "Index Name": "role_type_pkey", "Relation Name": "role_type", "Alias": "rt", "Startup Cost": 0.0, "Total Cost": 0.27, "Plan Rows": 1, "Plan Width": 4, "Index Cond": "(id = ci.role_id)", "Filter": "((role)::text = 'actor'::text)"}]}, {"Node Type": "Index Scan", "Parent Relationship": "Inner", "Scan Direction": "Forward", "Index Name": "title_pkey", "Relation Name": "title", "Alias": "t", "Startup Cost": 0.0, "Total Cost": 0.34, "Plan Rows": 1, "Plan Width": 21, "Index Cond": "(id = mc.movie_id)", "Filter": "(production_year > 2005)"}]}, {"Node Type": "Index Scan", "Parent Relationship": "Inner", "Scan Direction": "Forward", "Index Name": "char_name_pkey", "Relation Name": "char_name", "Alias": "chn", "Startup Cost": 0.0, "Total Cost": 5.37, "Plan Rows": 1, "Plan Width": 20, "Index Cond": "(id = ci.person_role_id)"}]}, {"Node Type": "Index Only Scan", "Parent Relationship": "Inner", "Scan Direction": "Forward", "Index Name": "company_type_pkey", "Relation Name": "company_type", "Alias": "ct", "Startup Cost": 0.0, "Total Cost": 0.27, "Plan Rows": 1, "Plan Width": 4, "Index Cond": "(id = mc.company_type_id)"}]}]}, "Unique SQL Id": 2933943827, "Planner Runtime": 14}, "explain_analyze_plan": {"Plan": {"Node Type": "Aggregate", "Strategy": "Plain", "Startup Cost": 19914.67, "Total Cost": 19914.68, "Plan Rows": 1, "Plan Width": 97, "Actual Startup Time": 808.796, "Actual Total Time": 808.796, "Actual Rows": 1, "Actual Loops": 1, "Plans": [{"Node Type": "Nested Loop", "Parent Relationship": "Outer", "Join Type": "Inner", "Startup Cost": 0.0, "Total Cost": 19914.66, "Plan Rows": 2, "Plan Width": 33, "Actual Startup Time": 46.613, "Actual Total Time": 808.693, "Actual Rows": 18, "Actual Loops": 1, "Inner Unique": true, "Plans": [{"Node Type": "Nested Loop", "Parent Relationship": "Outer", "Join Type": "Inner", "Startup Cost": 0.0, "Total Cost": 19914.1, "Plan Rows": 2, "Plan Width": 37, "Actual Startup Time": 9.846, "Actual Total Time": 808.384, "Actual Rows": 104, "Actual Loops": 1, "Inner Unique": true, "Plans": [{"Node Type": "Nested Loop", "Parent Relationship": "Outer", "Join Type": "Inner", "Startup Cost": 0.0, "Total Cost": 19887.22, "Plan Rows": 5, "Plan Width": 25, "Actual Startup Time": 9.831, "Actual Total Time": 807.292, "Actual Rows": 112, "Actual Loops": 1, "Inner Unique": true, "Plans": [{"Node Type": "Nested Loop", "Parent Relationship": "Outer", "Join Type": "Inner", "Startup Cost": 0.0, "Total Cost": 19885.12, "Plan Rows": 6, "Plan Width": 16, "Actual Startup Time": 0.857, "Actual Total Time": 805.076, "Actual Rows": 275, "Actual Loops": 1, "Inner Unique": true, "Plans": [{"Node Type": "Nested Loop", "Parent Relationship": "Outer", "Join Type": "Inner", "Startup Cost": 0.0, "Total Cost": 19865.87, "Plan Rows": 68, "Plan Width": 20, "Actual Startup Time": 0.85, "Actual Total Time": 803.294, "Actual Rows": 377, "Actual Loops": 1, "Inner Unique": false, "Plans": [{"Node Type": "Nested Loop", "Parent Relationship": "Outer", "Join Type": "Inner", "Startup Cost": 0.0, "Total Cost": 16121.55, "Plan Rows": 3779, "Plan Width": 8, "Actual Startup Time": 0.071, "Actual Total Time": 107.929, "Actual Rows": 8790, "Actual Loops": 1, "Inner Unique": false, "Plans": [{"Node Type": "Seq Scan", "Parent Relationship": "Outer", "Relation Name": "company_name", "Alias": "cn", "Startup Cost": 0.0, "Total Cost": 5903.45, "Plan Rows": 251, "Plan Width": 4, "Actual Startup Time": 0.048, "Actual Total Time": 83.099, "Actual Rows": 1361, "Actual Loops": 1, "Filter": "((country_code)::text = '[ru]'::text)", "Rows Removed by Filter": 233635}, {"Node Type": "Index Scan", "Parent Relationship": "Inner", "Scan Direction": "Forward", "Index Name": "company_id_movie_companies", "Relation Name": "movie_companies", "Alias": "mc", "Startup Cost": 0.0, "Total Cost": 40.56, "Plan Rows": 15, "Plan Width": 12, "Actual Startup Time": 8.979, "Actual Total Time": 21.581, "Actual Rows": 8790, "Actual Loops": 1361, "Index Cond": "(company_id = cn.id)", "Rows Removed by Index Recheck": 0}]}, {"Node Type": "Index Scan", "Parent Relationship": "Inner", "Scan Direction": "Forward", "Index Name": "movie_id_cast_info", "Relation Name": "cast_info", "Alias": "ci", "Startup Cost": 0.0, "Total Cost": 0.98, "Plan Rows": 1, "Plan Width": 12, "Actual Startup Time": 650.013, "Actual Total Time": 689.859, "Actual Rows": 377, "Actual Loops": 8790, "Index Cond": "(movie_id = mc.movie_id)", "Rows Removed by Index Recheck": 0, "Filter": "(((note)::text ~~ '%(voice)%'::text) AND ((note)::text ~~ '%(uncredited)%'::text))", "Rows Removed by Filter": 408168}]}, {"Node Type": "Index Scan", "Parent Relationship": "Inner", "Scan Direction": "Forward", "Index Name": "role_type_pkey", "Relation Name": "role_type", "Alias": "rt", "Startup Cost": 0.0, "Total Cost": 0.27, "Plan Rows": 1, "Plan Width": 4, "Actual Startup Time": 1.167, "Actual Total Time": 1.167, "Actual Rows": 275, "Actual Loops": 377, "Index Cond": "(id = ci.role_id)", "Rows Removed by Index Recheck": 0, "Filter": "((role)::text = 'actor'::text)", "Rows Removed by Filter": 102}]}, {"Node Type": "Index Scan", "Parent Relationship": "Inner", "Scan Direction": "Forward", "Index Name": "title_pkey", "Relation Name": "title", "Alias": "t", "Startup Cost": 0.0, "Total Cost": 0.34, "Plan Rows": 1, "Plan Width": 21, "Actual Startup Time": 1.802, "Actual Total Time": 1.802, "Actual Rows": 112, "Actual Loops": 275, "Index Cond": "(id = mc.movie_id)", "Rows Removed by Index Recheck": 0, "Filter": "(production_year > 2005)", "Rows Removed by Filter": 163}]}, {"Node Type": "Index Scan", "Parent Relationship": "Inner", "Scan Direction": "Forward", "Index Name": "char_name_pkey", "Relation Name": "char_name", "Alias": "chn", "Startup Cost": 0.0, "Total Cost": 5.37, "Plan Rows": 1, "Plan Width": 20, "Actual Startup Time": 0.853, "Actual Total Time": 0.853, "Actual Rows": 104, "Actual Loops": 112, "Index Cond": "(id = ci.person_role_id)", "Rows Removed by Index Recheck": 0}]}, {"Node Type": "Index Only Scan", "Parent Relationship": "Inner", "Scan Direction": "Forward", "Index Name": "company_type_pkey", "Relation Name": "company_type", "Alias": "ct", "Startup Cost": 0.0, "Total Cost": 0.27, "Plan Rows": 1, "Plan Width": 4, "Actual Startup Time": 0.154, "Actual Total Time": 0.154, "Actual Rows": 18, "Actual Loops": 104, "Index Cond": "(id = mc.company_type_id)", "Rows Removed by Index Recheck": 0, "Heap Fetches": 0}]}]}, "Triggers": [], "Planner Runtime": 14, "Total Runtime": 809.266, "Unique SQL Id": 2933943827}}, "(64, 97)": {"explain_plan": {"Plan": {"Node Type": "Aggregate", "Strategy": "Plain", "Startup Cost": 22693.96, "Total Cost": 22693.97, "Plan Rows": 1, "Plan Width": 97, "Plans": [{"Node Type": "Nested Loop", "Parent Relationship": "Outer", "Join Type": "Inner", "Startup Cost": 2779.29, "Total Cost": 22693.95, "Plan Rows": 2, "Plan Width": 33, "Inner Unique": true, "Plans": [{"Node Type": "Nested Loop", "Parent Relationship": "Outer", "Join Type": "Inner", "Startup Cost": 2779.29, "Total Cost": 22693.39, "Plan Rows": 2, "Plan Width": 37, "Inner Unique": true, "Plans": [{"Node Type": "Nested Loop", "Parent Relationship": "Outer", "Join Type": "Inner", "Startup Cost": 2779.29, "Total Cost": 22666.51, "Plan Rows": 5, "Plan Width": 25, "Inner Unique": true, "Plans": [{"Node Type": "Nested Loop", "Parent Relationship": "Outer", "Join Type": "Inner", "Startup Cost": 2779.29, "Total Cost": 22664.41, "Plan Rows": 6, "Plan Width": 16, "Inner Unique": true, "Plans": [{"Node Type": "Nested Loop", "Parent Relationship": "Outer", "Join Type": "Inner", "Startup Cost": 2779.29, "Total Cost": 22645.16, "Plan Rows": 68, "Plan Width": 20, "Inner Unique": false, "Plans": [{"Node Type": "Nested Loop", "Parent Relationship": "Outer", "Join Type": "Inner", "Startup Cost": 2779.29, "Total Cost": 18900.84, "Plan Rows": 3779, "Plan Width": 8, "Inner Unique": false, "Plans": [{"Node Type": "Bitmap Heap Scan", "Parent Relationship": "Outer", "Relation Name": "company_name", "Alias": "cn", "Startup Cost": 2779.29, "Total Cost": 8682.74, "Plan Rows": 251, "Plan Width": 4, "Filter": "((country_code)::text = '[ru]'::text)", "Plans": [{"Node Type": "Bitmap Index Scan", "Parent Relationship": "Outer", "Index Name": "company_name_pkey", "Startup Cost": 0.0, "Total Cost": 2779.23, "Plan Rows": 234996, "Plan Width": 0}]}, {"Node Type": "Index Scan", "Parent Relationship": "Inner", "Scan Direction": "Forward", "Index Name": "company_id_movie_companies", "Relation Name": "movie_companies", "Alias": "mc", "Startup Cost": 0.0, "Total Cost": 40.56, "Plan Rows": 15, "Plan Width": 12, "Index Cond": "(company_id = cn.id)"}]}, {"Node Type": "Index Scan", "Parent Relationship": "Inner", "Scan Direction": "Forward", "Index Name": "movie_id_cast_info", "Relation Name": "cast_info", "Alias": "ci", "Startup Cost": 0.0, "Total Cost": 0.98, "Plan Rows": 1, "Plan Width": 12, "Index Cond": "(movie_id = mc.movie_id)", "Filter": "(((note)::text ~~ '%(voice)%'::text) AND ((note)::text ~~ '%(uncredited)%'::text))"}]}, {"Node Type": "Index Scan", "Parent Relationship": "Inner", "Scan Direction": "Forward", "Index Name": "role_type_pkey", "Relation Name": "role_type", "Alias": "rt", "Startup Cost": 0.0, "Total Cost": 0.27, "Plan Rows": 1, "Plan Width": 4, "Index Cond": "(id = ci.role_id)", "Filter": "((role)::text = 'actor'::text)"}]}, {"Node Type": "Index Scan", "Parent Relationship": "Inner", "Scan Direction": "Forward", "Index Name": "title_pkey", "Relation Name": "title", "Alias": "t", "Startup Cost": 0.0, "Total Cost": 0.34, "Plan Rows": 1, "Plan Width": 21, "Index Cond": "(id = mc.movie_id)", "Filter": "(production_year > 2005)"}]}, {"Node Type": "Index Scan", "Parent Relationship": "Inner", "Scan Direction": "Forward", "Index Name": "char_name_pkey", "Relation Name": "char_name", "Alias": "chn", "Startup Cost": 0.0, "Total Cost": 5.37, "Plan Rows": 1, "Plan Width": 20, "Index Cond": "(id = ci.person_role_id)"}]}, {"Node Type": "Index Only Scan", "Parent Relationship": "Inner", "Scan Direction": "Forward", "Index Name": "company_type_pkey", "Relation Name": "company_type", "Alias": "ct", "Startup Cost": 0.0, "Total Cost": 0.27, "Plan Rows": 1, "Plan Width": 4, "Index Cond": "(id = mc.company_type_id)"}]}]}, "Unique SQL Id": 2933943827, "Planner Runtime": 9}, "explain_analyze_plan": {"Plan": {"Node Type": "Aggregate", "Strategy": "Plain", "Startup Cost": 22693.96, "Total Cost": 22693.97, "Plan Rows": 1, "Plan Width": 97, "Actual Startup Time": 872.014, "Actual Total Time": 872.015, "Actual Rows": 1, "Actual Loops": 1, "Plans": [{"Node Type": "Nested Loop", "Parent Relationship": "Outer", "Join Type": "Inner", "Startup Cost": 2779.29, "Total Cost": 22693.95, "Plan Rows": 2, "Plan Width": 33, "Actual Startup Time": 69.664, "Actual Total Time": 871.915, "Actual Rows": 18, "Actual Loops": 1, "Inner Unique": true, "Plans": [{"Node Type": "Nested Loop", "Parent Relationship": "Outer", "Join Type": "Inner", "Startup Cost": 2779.29, "Total Cost": 22693.39, "Plan Rows": 2, "Plan Width": 37, "Actual Startup Time": 31.449, "Actual Total Time": 871.619, "Actual Rows": 104, "Actual Loops": 1, "Inner Unique": true, "Plans": [{"Node Type": "Nested Loop", "Parent Relationship": "Outer", "Join Type": "Inner", "Startup Cost": 2779.29, "Total Cost": 22666.51, "Plan Rows": 5, "Plan Width": 25, "Actual Startup Time": 31.434, "Actual Total Time": 870.574, "Actual Rows": 112, "Actual Loops": 1, "Inner Unique": true, "Plans": [{"Node Type": "Nested Loop", "Parent Relationship": "Outer", "Join Type": "Inner", "Startup Cost": 2779.29, "Total Cost": 22664.41, "Plan Rows": 6, "Plan Width": 16, "Actual Startup Time": 21.877, "Actual Total Time": 868.348, "Actual Rows": 275, "Actual Loops": 1, "Inner Unique": true, "Plans": [{"Node Type": "Nested Loop", "Parent Relationship": "Outer", "Join Type": "Inner", "Startup Cost": 2779.29, "Total Cost": 22645.16, "Plan Rows": 68, "Plan Width": 20, "Actual Startup Time": 21.865, "Actual Total Time": 866.574, "Actual Rows": 377, "Actual Loops": 1, "Inner Unique": false, "Plans": [{"Node Type": "Nested Loop", "Parent Relationship": "Outer", "Join Type": "Inner", "Startup Cost": 2779.29, "Total Cost": 18900.84, "Plan Rows": 3779, "Plan Width": 8, "Actual Startup Time": 20.904, "Actual Total Time": 175.012, "Actual Rows": 8790, "Actual Loops": 1, "Inner Unique": false, "Plans": [{"Node Type": "Bitmap Heap Scan", "Parent Relationship": "Outer", "Relation Name": "company_name", "Alias": "cn", "Startup Cost": 2779.29, "Total Cost": 8682.74, "Plan Rows": 251, "Plan Width": 4, "Actual Startup Time": 20.873, "Actual Total Time": 150.623, "Actual Rows": 1361, "Actual Loops": 1, "Filter": "((country_code)::text = '[ru]'::text)", "Rows Removed by Filter": 233635, "Exact Heap Blocks": 2966, "Lossy Heap Blocks": 2966, "Plans": [{"Node Type": "Bitmap Index Scan", "Parent Relationship": "Outer", "Index Name": "company_name_pkey", "Startup Cost": 0.0, "Total Cost": 2779.23, "Plan Rows": 234996, "Plan Width": 0, "Actual Startup Time": 20.378, "Actual Total Time": 20.378, "Actual Rows": 234996, "Actual Loops": 1}]}, {"Node Type": "Index Scan", "Parent Relationship": "Inner", "Scan Direction": "Forward", "Index Name": "company_id_movie_companies", "Relation Name": "movie_companies", "Alias": "mc", "Startup Cost": 0.0, "Total Cost": 40.56, "Plan Rows": 15, "Plan Width": 12, "Actual Startup Time": 8.634, "Actual Total Time": 21.16, "Actual Rows": 8790, "Actual Loops": 1361, "Index Cond": "(company_id = cn.id)", "Rows Removed by Index Recheck": 0}]}, {"Node Type": "Index Scan", "Parent Relationship": "Inner", "Scan Direction": "Forward", "Index Name": "movie_id_cast_info", "Relation Name": "cast_info", "Alias": "ci", "Startup Cost": 0.0, "Total Cost": 0.98, "Plan Rows": 1, "Plan Width": 12, "Actual Startup Time": 646.3, "Actual Total Time": 685.84, "Actual Rows": 377, "Actual Loops": 8790, "Index Cond": "(movie_id = mc.movie_id)", "Rows Removed by Index Recheck": 0, "Filter": "(((note)::text ~~ '%(voice)%'::text) AND ((note)::text ~~ '%(uncredited)%'::text))", "Rows Removed by Filter": 408168}]}, {"Node Type": "Index Scan", "Parent Relationship": "Inner", "Scan Direction": "Forward", "Index Name": "role_type_pkey", "Relation Name": "role_type", "Alias": "rt", "Startup Cost": 0.0, "Total Cost": 0.27, "Plan Rows": 1, "Plan Width": 4, "Actual Startup Time": 1.208, "Actual Total Time": 1.208, "Actual Rows": 275, "Actual Loops": 377, "Index Cond": "(id = ci.role_id)", "Rows Removed by Index Recheck": 0, "Filter": "((role)::text = 'actor'::text)", "Rows Removed by Filter": 102}]}, {"Node Type": "Index Scan", "Parent Relationship": "Inner", "Scan Direction": "Forward", "Index Name": "title_pkey", "Relation Name": "title", "Alias": "t", "Startup Cost": 0.0, "Total Cost": 0.34, "Plan Rows": 1, "Plan Width": 21, "Actual Startup Time": 1.812, "Actual Total Time": 1.812, "Actual Rows": 112, "Actual Loops": 275, "Index Cond": "(id = mc.movie_id)", "Rows Removed by Index Recheck": 0, "Filter": "(production_year > 2005)", "Rows Removed by Filter": 163}]}, {"Node Type": "Index Scan", "Parent Relationship": "Inner", "Scan Direction": "Forward", "Index Name": "char_name_pkey", "Relation Name": "char_name", "Alias": "chn", "Startup Cost": 0.0, "Total Cost": 5.37, "Plan Rows": 1, "Plan Width": 20, "Actual Startup Time": 0.807, "Actual Total Time": 0.807, "Actual Rows": 104, "Actual Loops": 112, "Index Cond": "(id = ci.person_role_id)", "Rows Removed by Index Recheck": 0}]}, {"Node Type": "Index Only Scan", "Parent Relationship": "Inner", "Scan Direction": "Forward", "Index Name": "company_type_pkey", "Relation Name": "company_type", "Alias": "ct", "Startup Cost": 0.0, "Total Cost": 0.27, "Plan Rows": 1, "Plan Width": 4, "Actual Startup Time": 0.163, "Actual Total Time": 0.163, "Actual Rows": 18, "Actual Loops": 104, "Index Cond": "(id = mc.company_type_id)", "Rows Removed by Index Recheck": 0, "Heap Fetches": 0}]}]}, "Triggers": [], "Planner Runtime": 9, "Total Runtime": 872.404, "Unique SQL Id": 2933943827}}, "(64, 98)": {"explain_plan": {"Plan": {"Node Type": "Aggregate", "Strategy": "Plain", "Startup Cost": 38349.31, "Total Cost": 38349.32, "Plan Rows": 1, "Plan Width": 97, "Plans": [{"Node Type": "Nested Loop", "Parent Relationship": "Outer", "Join Type": "Inner", "Startup Cost": 8.82, "Total Cost": 38349.3, "Plan Rows": 2, "Plan Width": 33, "Inner Unique": true, "Plans": [{"Node Type": "Nested Loop", "Parent Relationship": "Outer", "Join Type": "Inner", "Startup Cost": 8.56, "Total Cost": 38340.74, "Plan Rows": 2, "Plan Width": 37, "Inner Unique": true, "Plans": [{"Node Type": "Nested Loop", "Parent Relationship": "Outer", "Join Type": "Inner", "Startup Cost": 8.29, "Total Cost": 38327.85, "Plan Rows": 3, "Plan Width": 28, "Inner Unique": true, "Plans": [{"Node Type": "Hash Join", "Parent Relationship": "Outer", "Join Type": "Inner", "Startup Cost": 5.99, "Total Cost": 38289.92, "Plan Rows": 6, "Plan Width": 16, "Inner Unique": true, "Hash Cond": "(ci.role_id = rt.id)", "Plans": [{"Node Type": "Nested Loop", "Parent Relationship": "Outer", "Join Type": "Inner", "Startup Cost": 4.83, "Total Cost": 38288.52, "Plan Rows": 68, "Plan Width": 20, "Inner Unique": false, "Plans": [{"Node Type": "Nested Loop", "Parent Relationship": "Outer", "Join Type": "Inner", "Startup Cost": 4.32, "Total Cost": 20813.55, "Plan Rows": 3779, "Plan Width": 8, "Inner Unique": false, "Plans": [{"Node Type": "Seq Scan", "Parent Relationship": "Outer", "Relation Name": "company_name", "Alias": "cn", "Startup Cost": 0.0, "Total Cost": 5903.45, "Plan Rows": 251, "Plan Width": 4, "Filter": "((country_code)::text = '[ru]'::text)"}, {"Node Type": "Bitmap Heap Scan", "Parent Relationship": "Inner", "Relation Name": "movie_companies", "Alias": "mc", "Startup Cost": 4.32, "Total Cost": 59.25, "Plan Rows": 15, "Plan Width": 12, "Recheck Cond": "(company_id = cn.id)", "Plans": [{"Node Type": "Bitmap Index Scan", "Parent Relationship": "Outer", "Index Name": "company_id_movie_companies", "Startup Cost": 0.0, "Total Cost": 4.31, "Plan Rows": 15, "Plan Width": 0, "Index Cond": "(company_id = cn.id)"}]}]}, {"Node Type": "Bitmap Heap Scan", "Parent Relationship": "Inner", "Relation Name": "cast_info", "Alias": "ci", "Startup Cost": 0.51, "Total Cost": 4.61, "Plan Rows": 1, "Plan Width": 12, "Recheck Cond": "(movie_id = mc.movie_id)", "Filter": "(((note)::text ~~ '%(voice)%'::text) AND ((note)::text ~~ '%(uncredited)%'::text))", "Plans": [{"Node Type": "Bitmap Index Scan", "Parent Relationship": "Outer", "Index Name": "movie_id_cast_info", "Startup Cost": 0.0, "Total Cost": 0.51, "Plan Rows": 6, "Plan Width": 0, "Index Cond": "(movie_id = mc.movie_id)"}]}]}, {"Node Type": "Hash", "Parent Relationship": "Inner", "Startup Cost": 1.15, "Total Cost": 1.15, "Plan Rows": 1, "Plan Width": 4, "Plans": [{"Node Type": "Seq Scan", "Parent Relationship": "Outer", "Relation Name": "role_type", "Alias": "rt", "Startup Cost": 0.0, "Total Cost": 1.15, "Plan Rows": 1, "Plan Width": 4, "Filter": "((role)::text = 'actor'::text)"}]}]}, {"Node Type": "Bitmap Heap Scan", "Parent Relationship": "Inner", "Relation Name": "char_name", "Alias": "chn", "Startup Cost": 2.3, "Total Cost": 6.31, "Plan Rows": 1, "Plan Width": 20, "Recheck Cond": "(id = ci.person_role_id)", "Plans": [{"Node Type": "Bitmap Index Scan", "Parent Relationship": "Outer", "Index Name": "char_name_pkey", "Startup Cost": 0.0, "Total Cost": 2.3, "Plan Rows": 1, "Plan Width": 0, "Index Cond": "(id = ci.person_role_id)"}]}]}, {"Node Type": "Bitmap Heap Scan", "Parent Relationship": "Inner", "Relation Name": "title", "Alias": "t", "Startup Cost": 0.27, "Total Cost": 4.29, "Plan Rows": 1, "Plan Width": 21, "Recheck Cond": "(id = mc.movie_id)", "Filter": "(production_year > 2005)", "Plans": [{"Node Type": "Bitmap Index Scan", "Parent Relationship": "Outer", "Index Name": "title_pkey", "Startup Cost": 0.0, "Total Cost": 0.27, "Plan Rows": 1, "Plan Width": 0, "Index Cond": "(id = mc.movie_id)"}]}]}, {"Node Type": "Bitmap Heap Scan", "Parent Relationship": "Inner", "Relation Name": "company_type", "Alias": "ct", "Startup Cost": 0.26, "Total Cost": 4.27, "Plan Rows": 1, "Plan Width": 4, "Recheck Cond": "(id = mc.company_type_id)", "Plans": [{"Node Type": "Bitmap Index Scan", "Parent Relationship": "Outer", "Index Name": "company_type_pkey", "Startup Cost": 0.0, "Total Cost": 0.26, "Plan Rows": 1, "Plan Width": 0, "Index Cond": "(id = mc.company_type_id)"}]}]}]}, "Unique SQL Id": 2933943827, "Planner Runtime": 23}, "explain_analyze_plan": {"Plan": {"Node Type": "Aggregate", "Strategy": "Plain", "Startup Cost": 38349.31, "Total Cost": 38349.32, "Plan Rows": 1, "Plan Width": 97, "Actual Startup Time": 1003.048, "Actual Total Time": 1003.048, "Actual Rows": 1, "Actual Loops": 1, "Plans": [{"Node Type": "Nested Loop", "Parent Relationship": "Outer", "Join Type": "Inner", "Startup Cost": 8.82, "Total Cost": 38349.3, "Plan Rows": 2, "Plan Width": 33, "Actual Startup Time": 59.435, "Actual Total Time": 1002.93, "Actual Rows": 18, "Actual Loops": 1, "Inner Unique": true, "Plans": [{"Node Type": "Nested Loop", "Parent Relationship": "Outer", "Join Type": "Inner", "Startup Cost": 8.56, "Total Cost": 38340.74, "Plan Rows": 2, "Plan Width": 37, "Actual Startup Time": 12.309, "Actual Total Time": 1002.449, "Actual Rows": 104, "Actual Loops": 1, "Inner Unique": true, "Plans": [{"Node Type": "Nested Loop", "Parent Relationship": "Outer", "Join Type": "Inner", "Startup Cost": 8.29, "Total Cost": 38327.85, "Plan Rows": 3, "Plan Width": 28, "Actual Startup Time": 1.109, "Actual Total Time": 999.882, "Actual Rows": 265, "Actual Loops": 1, "Inner Unique": true, "Plans": [{"Node Type": "Hash Join", "Parent Relationship": "Outer", "Join Type": "Inner", "Startup Cost": 5.99, "Total Cost": 38289.92, "Plan Rows": 6, "Plan Width": 16, "Actual Startup Time": 1.097, "Actual Total Time": 996.615, "Actual Rows": 275, "Actual Loops": 1, "Inner Unique": true, "Hash Cond": "(ci.role_id = rt.id)", "Plans": [{"Node Type": "Nested Loop", "Parent Relationship": "Outer", "Join Type": "Inner", "Startup Cost": 4.83, "Total Cost": 38288.52, "Plan Rows": 68, "Plan Width": 20, "Actual Startup Time": 1.0, "Actual Total Time": 995.957, "Actual Rows": 377, "Actual Loops": 1, "Inner Unique": false, "Plans": [{"Node Type": "Nested Loop", "Parent Relationship": "Outer", "Join Type": "Inner", "Startup Cost": 4.32, "Total Cost": 20813.55, "Plan Rows": 3779, "Plan Width": 8, "Actual Startup Time": 0.072, "Actual Total Time": 115.462, "Actual Rows": 8790, "Actual Loops": 1, "Inner Unique": false, "Plans": [{"Node Type": "Seq Scan", "Parent Relationship": "Outer", "Relation Name": "company_name", "Alias": "cn", "Startup Cost": 0.0, "Total Cost": 5903.45, "Plan Rows": 251, "Plan Width": 4, "Actual Startup Time": 0.036, "Actual Total Time": 83.421, "Actual Rows": 1361, "Actual Loops": 1, "Filter": "((country_code)::text = '[ru]'::text)", "Rows Removed by Filter": 233635}, {"Node Type": "Bitmap Heap Scan", "Parent Relationship": "Inner", "Relation Name": "movie_companies", "Alias": "mc", "Startup Cost": 4.32, "Total Cost": 59.25, "Plan Rows": 15, "Plan Width": 12, "Actual Startup Time": 13.028, "Actual Total Time": 27.312, "Actual Rows": 8790, "Actual Loops": 1361, "Recheck Cond": "(company_id = cn.id)", "Rows Removed by Index Recheck": 0, "Exact Heap Blocks": 7155, "Lossy Heap Blocks": 7155, "Plans": [{"Node Type": "Bitmap Index Scan", "Parent Relationship": "Outer", "Index Name": "company_id_movie_companies", "Startup Cost": 0.0, "Total Cost": 4.31, "Plan Rows": 15, "Plan Width": 0, "Actual Startup Time": 7.93, "Actual Total Time": 7.93, "Actual Rows": 8790, "Actual Loops": 1361, "Index Cond": "(company_id = cn.id)"}]}]}, {"Node Type": "Bitmap Heap Scan", "Parent Relationship": "Inner", "Relation Name": "cast_info", "Alias": "ci", "Startup Cost": 0.51, "Total Cost": 4.61, "Plan Rows": 1, "Plan Width": 12, "Actual Startup Time": 819.614, "Actual Total Time": 864.073, "Actual Rows": 377, "Actual Loops": 8790, "Recheck Cond": "(movie_id = mc.movie_id)", "Rows Removed by Index Recheck": 0, "Filter": "(((note)::text ~~ '%(voice)%'::text) AND ((note)::text ~~ '%(uncredited)%'::text))", "Rows Removed by Filter": 408168, "Exact Heap Blocks": 397651, "Lossy Heap Blocks": 397651, "Plans": [{"Node Type": "Bitmap Index Scan", "Parent Relationship": "Outer", "Index Name": "movie_id_cast_info", "Startup Cost": 0.0, "Total Cost": 0.51, "Plan Rows": 6, "Plan Width": 0, "Actual Startup Time": 119.371, "Actual Total Time": 119.371, "Actual Rows": 408545, "Actual Loops": 8790, "Index Cond": "(movie_id = mc.movie_id)"}]}]}, {"Node Type": "Hash", "Parent Relationship": "Inner", "Startup Cost": 1.15, "Total Cost": 1.15, "Plan Rows": 1, "Plan Width": 4, "Actual Startup Time": 0.044, "Actual Total Time": 0.044, "Actual Rows": 1, "Actual Loops": 1, "Hash Buckets": 32768, "Hash Batches": 1, "Original Hash Batches": 1, "Peak Memory Usage": 1, "Plans": [{"Node Type": "Seq Scan", "Parent Relationship": "Outer", "Relation Name": "role_type", "Alias": "rt", "Startup Cost": 0.0, "Total Cost": 1.15, "Plan Rows": 1, "Plan Width": 4, "Actual Startup Time": 0.026, "Actual Total Time": 0.031, "Actual Rows": 1, "Actual Loops": 1, "Filter": "((role)::text = 'actor'::text)", "Rows Removed by Filter": 11}]}]}, {"Node Type": "Bitmap Heap Scan", "Parent Relationship": "Inner", "Relation Name": "char_name", "Alias": "chn", "Startup Cost": 2.3, "Total Cost": 6.31, "Plan Rows": 1, "Plan Width": 20, "Actual Startup Time": 2.461, "Actual Total Time": 2.461, "Actual Rows": 265, "Actual Loops": 275, "Recheck Cond": "(id = ci.person_role_id)", "Rows Removed by Index Recheck": 0, "Exact Heap Blocks": 265, "Lossy Heap Blocks": 265, "Plans": [{"Node Type": "Bitmap Index Scan", "Parent Relationship": "Outer", "Index Name": "char_name_pkey", "Startup Cost": 0.0, "Total Cost": 2.3, "Plan Rows": 1, "Plan Width": 0, "Actual Startup Time": 1.608, "Actual Total Time": 1.608, "Actual Rows": 265, "Actual Loops": 275, "Index Cond": "(id = ci.person_role_id)"}]}]}, {"Node Type": "Bitmap Heap Scan", "Parent Relationship": "Inner", "Relation Name": "title", "Alias": "t", "Startup Cost": 0.27, "Total Cost": 4.29, "Plan Rows": 1, "Plan Width": 21, "Actual Startup Time": 1.973, "Actual Total Time": 1.973, "Actual Rows": 104, "Actual Loops": 265, "Recheck Cond": "(id = mc.movie_id)", "Rows Removed by Index Recheck": 0, "Filter": "(production_year > 2005)", "Rows Removed by Filter": 161, "Exact Heap Blocks": 265, "Lossy Heap Blocks": 265, "Plans": [{"Node Type": "Bitmap Index Scan", "Parent Relationship": "Outer", "Index Name": "title_pkey", "Startup Cost": 0.0, "Total Cost": 0.27, "Plan Rows": 1, "Plan Width": 0, "Actual Startup Time": 1.162, "Actual Total Time": 1.162, "Actual Rows": 265, "Actual Loops": 265, "Index Cond": "(id = mc.movie_id)"}]}]}, {"Node Type": "Bitmap Heap Scan", "Parent Relationship": "Inner", "Relation Name": "company_type", "Alias": "ct", "Startup Cost": 0.26, "Total Cost": 4.27, "Plan Rows": 1, "Plan Width": 4, "Actual Startup Time": 0.255, "Actual Total Time": 0.255, "Actual Rows": 18, "Actual Loops": 104, "Recheck Cond": "(id = mc.company_type_id)", "Rows Removed by Index Recheck": 0, "Exact Heap Blocks": 18, "Lossy Heap Blocks": 18, "Plans": [{"Node Type": "Bitmap Index Scan", "Parent Relationship": "Outer", "Index Name": "company_type_pkey", "Startup Cost": 0.0, "Total Cost": 0.26, "Plan Rows": 1, "Plan Width": 0, "Actual Startup Time": 0.142, "Actual Total Time": 0.142, "Actual Rows": 18, "Actual Loops": 104, "Index Cond": "(id = mc.company_type_id)"}]}]}]}, "Triggers": [], "Planner Runtime": 23, "Total Runtime": 1003.435, "Unique SQL Id": 2933943827}}, "(64, 99)": {"explain_plan": {"Plan": {"Node Type": "Aggregate", "Strategy": "Plain", "Startup Cost": 41418.46, "Total Cost": 41418.47, "Plan Rows": 1, "Plan Width": 97, "Plans": [{"Node Type": "Nested Loop", "Parent Relationship": "Outer", "Join Type": "Inner", "Startup Cost": 2787.21, "Total Cost": 41418.45, "Plan Rows": 2, "Plan Width": 33, "Inner Unique": true, "Plans": [{"Node Type": "Nested Loop", "Parent Relationship": "Outer", "Join Type": "Inner", "Startup Cost": 2786.95, "Total Cost": 41409.89, "Plan Rows": 2, "Plan Width": 37, "Inner Unique": true, "Plans": [{"Node Type": "Nested Loop", "Parent Relationship": "Outer", "Join Type": "Inner", "Startup Cost": 2786.68, "Total Cost": 41397.0, "Plan Rows": 3, "Plan Width": 28, "Inner Unique": true, "Plans": [{"Node Type": "Nested Loop", "Parent Relationship": "Outer", "Join Type": "Inner", "Startup Cost": 2784.38, "Total Cost": 41359.07, "Plan Rows": 6, "Plan Width": 16, "Inner Unique": true, "Plans": [{"Node Type": "Nested Loop", "Parent Relationship": "Outer", "Join Type": "Inner", "Startup Cost": 2784.12, "Total Cost": 41067.82, "Plan Rows": 68, "Plan Width": 20, "Inner Unique": false, "Plans": [{"Node Type": "Nested Loop", "Parent Relationship": "Outer", "Join Type": "Inner", "Startup Cost": 2783.61, "Total Cost": 23592.84, "Plan Rows": 3779, "Plan Width": 8, "Inner Unique": false, "Plans": [{"Node Type": "Bitmap Heap Scan", "Parent Relationship": "Outer", "Relation Name": "company_name", "Alias": "cn", "Startup Cost": 2779.29, "Total Cost": 8682.74, "Plan Rows": 251, "Plan Width": 4, "Filter": "((country_code)::text = '[ru]'::text)", "Plans": [{"Node Type": "Bitmap Index Scan", "Parent Relationship": "Outer", "Index Name": "company_name_pkey", "Startup Cost": 0.0, "Total Cost": 2779.23, "Plan Rows": 234996, "Plan Width": 0}]}, {"Node Type": "Bitmap Heap Scan", "Parent Relationship": "Inner", "Relation Name": "movie_companies", "Alias": "mc", "Startup Cost": 4.32, "Total Cost": 59.25, "Plan Rows": 15, "Plan Width": 12, "Recheck Cond": "(company_id = cn.id)", "Plans": [{"Node Type": "Bitmap Index Scan", "Parent Relationship": "Outer", "Index Name": "company_id_movie_companies", "Startup Cost": 0.0, "Total Cost": 4.31, "Plan Rows": 15, "Plan Width": 0, "Index Cond": "(company_id = cn.id)"}]}]}, {"Node Type": "Bitmap Heap Scan", "Parent Relationship": "Inner", "Relation Name": "cast_info", "Alias": "ci", "Startup Cost": 0.51, "Total Cost": 4.61, "Plan Rows": 1, "Plan Width": 12, "Recheck Cond": "(movie_id = mc.movie_id)", "Filter": "(((note)::text ~~ '%(voice)%'::text) AND ((note)::text ~~ '%(uncredited)%'::text))", "Plans": [{"Node Type": "Bitmap Index Scan", "Parent Relationship": "Outer", "Index Name": "movie_id_cast_info", "Startup Cost": 0.0, "Total Cost": 0.51, "Plan Rows": 6, "Plan Width": 0, "Index Cond": "(movie_id = mc.movie_id)"}]}]}, {"Node Type": "Bitmap Heap Scan", "Parent Relationship": "Inner", "Relation Name": "role_type", "Alias": "rt", "Startup Cost": 0.26, "Total Cost": 4.27, "Plan Rows": 1, "Plan Width": 4, "Recheck Cond": "(id = ci.role_id)", "Filter": "((role)::text = 'actor'::text)", "Plans": [{"Node Type": "Bitmap Index Scan", "Parent Relationship": "Outer", "Index Name": "role_type_pkey", "Startup Cost": 0.0, "Total Cost": 0.26, "Plan Rows": 1, "Plan Width": 0, "Index Cond": "(id = ci.role_id)"}]}]}, {"Node Type": "Bitmap Heap Scan", "Parent Relationship": "Inner", "Relation Name": "char_name", "Alias": "chn", "Startup Cost": 2.3, "Total Cost": 6.31, "Plan Rows": 1, "Plan Width": 20, "Recheck Cond": "(id = ci.person_role_id)", "Plans": [{"Node Type": "Bitmap Index Scan", "Parent Relationship": "Outer", "Index Name": "char_name_pkey", "Startup Cost": 0.0, "Total Cost": 2.3, "Plan Rows": 1, "Plan Width": 0, "Index Cond": "(id = ci.person_role_id)"}]}]}, {"Node Type": "Bitmap Heap Scan", "Parent Relationship": "Inner", "Relation Name": "title", "Alias": "t", "Startup Cost": 0.27, "Total Cost": 4.29, "Plan Rows": 1, "Plan Width": 21, "Recheck Cond": "(id = mc.movie_id)", "Filter": "(production_year > 2005)", "Plans": [{"Node Type": "Bitmap Index Scan", "Parent Relationship": "Outer", "Index Name": "title_pkey", "Startup Cost": 0.0, "Total Cost": 0.27, "Plan Rows": 1, "Plan Width": 0, "Index Cond": "(id = mc.movie_id)"}]}]}, {"Node Type": "Bitmap Heap Scan", "Parent Relationship": "Inner", "Relation Name": "company_type", "Alias": "ct", "Startup Cost": 0.26, "Total Cost": 4.27, "Plan Rows": 1, "Plan Width": 4, "Recheck Cond": "(id = mc.company_type_id)", "Plans": [{"Node Type": "Bitmap Index Scan", "Parent Relationship": "Outer", "Index Name": "company_type_pkey", "Startup Cost": 0.0, "Total Cost": 0.26, "Plan Rows": 1, "Plan Width": 0, "Index Cond": "(id = mc.company_type_id)"}]}]}]}, "Unique SQL Id": 2933943827, "Planner Runtime": 9}, "explain_analyze_plan": {"Plan": {"Node Type": "Aggregate", "Strategy": "Plain", "Startup Cost": 41418.46, "Total Cost": 41418.47, "Plan Rows": 1, "Plan Width": 97, "Actual Startup Time": 1353.636, "Actual Total Time": 1353.637, "Actual Rows": 1, "Actual Loops": 1, "Plans": [{"Node Type": "Nested Loop", "Parent Relationship": "Outer", "Join Type": "Inner", "Startup Cost": 2787.21, "Total Cost": 41418.45, "Plan Rows": 2, "Plan Width": 33, "Actual Startup Time": 107.21, "Actual Total Time": 1353.521, "Actual Rows": 18, "Actual Loops": 1, "Inner Unique": true, "Plans": [{"Node Type": "Nested Loop", "Parent Relationship": "Outer", "Join Type": "Inner", "Startup Cost": 2786.95, "Total Cost": 41409.89, "Plan Rows": 2, "Plan Width": 37, "Actual Startup Time": 37.769, "Actual Total Time": 1352.989, "Actual Rows": 104, "Actual Loops": 1, "Inner Unique": true, "Plans": [{"Node Type": "Nested Loop", "Parent Relationship": "Outer", "Join Type": "Inner", "Startup Cost": 2786.68, "Total Cost": 41397.0, "Plan Rows": 3, "Plan Width": 28, "Actual Startup Time": 23.05, "Actual Total Time": 1349.829, "Actual Rows": 265, "Actual Loops": 1, "Inner Unique": true, "Plans": [{"Node Type": "Nested Loop", "Parent Relationship": "Outer", "Join Type": "Inner", "Startup Cost": 2784.38, "Total Cost": 41359.07, "Plan Rows": 6, "Plan Width": 16, "Actual Startup Time": 23.037, "Actual Total Time": 1346.368, "Actual Rows": 275, "Actual Loops": 1, "Inner Unique": true, "Plans": [{"Node Type": "Nested Loop", "Parent Relationship": "Outer", "Join Type": "Inner", "Startup Cost": 2784.12, "Total Cost": 41067.82, "Plan Rows": 68, "Plan Width": 20, "Actual Startup Time": 23.026, "Actual Total Time": 1343.783, "Actual Rows": 377, "Actual Loops": 1, "Inner Unique": false, "Plans": [{"Node Type": "Nested Loop", "Parent Relationship": "Outer", "Join Type": "Inner", "Startup Cost": 2783.61, "Total Cost": 23592.84, "Plan Rows": 3779, "Plan Width": 8, "Actual Startup Time": 21.943, "Actual Total Time": 182.966, "Actual Rows": 8790, "Actual Loops": 1, "Inner Unique": false, "Plans": [{"Node Type": "Bitmap Heap Scan", "Parent Relationship": "Outer", "Relation Name": "company_name", "Alias": "cn", "Startup Cost": 2779.29, "Total Cost": 8682.74, "Plan Rows": 251, "Plan Width": 4, "Actual Startup Time": 21.91, "Actual Total Time": 145.563, "Actual Rows": 1361, "Actual Loops": 1, "Filter": "((country_code)::text = '[ru]'::text)", "Rows Removed by Filter": 233635, "Exact Heap Blocks": 2966, "Lossy Heap Blocks": 2966, "Plans": [{"Node Type": "Bitmap Index Scan", "Parent Relationship": "Outer", "Index Name": "company_name_pkey", "Startup Cost": 0.0, "Total Cost": 2779.23, "Plan Rows": 234996, "Plan Width": 0, "Actual Startup Time": 21.441, "Actual Total Time": 21.441, "Actual Rows": 234996, "Actual Loops": 1}]}, {"Node Type": "Bitmap Heap Scan", "Parent Relationship": "Inner", "Relation Name": "movie_companies", "Alias": "mc", "Startup Cost": 4.32, "Total Cost": 59.25, "Plan Rows": 15, "Plan Width": 12, "Actual Startup Time": 15.259, "Actual Total Time": 32.516, "Actual Rows": 8790, "Actual Loops": 1361, "Recheck Cond": "(company_id = cn.id)", "Rows Removed by Index Recheck": 0, "Exact Heap Blocks": 7155, "Lossy Heap Blocks": 7155, "Plans": [{"Node Type": "Bitmap Index Scan", "Parent Relationship": "Outer", "Index Name": "company_id_movie_companies", "Startup Cost": 0.0, "Total Cost": 4.31, "Plan Rows": 15, "Plan Width": 0, "Actual Startup Time": 9.3, "Actual Total Time": 9.3, "Actual Rows": 8790, "Actual Loops": 1361, "Index Cond": "(company_id = cn.id)"}]}]}, {"Node Type": "Bitmap Heap Scan", "Parent Relationship": "Inner", "Relation Name": "cast_info", "Alias": "ci", "Startup Cost": 0.51, "Total Cost": 4.61, "Plan Rows": 1, "Plan Width": 12, "Actual Startup Time": 1080.605, "Actual Total Time": 1145.055, "Actual Rows": 377, "Actual Loops": 8790, "Recheck Cond": "(movie_id = mc.movie_id)", "Rows Removed by Index Recheck": 0, "Filter": "(((note)::text ~~ '%(voice)%'::text) AND ((note)::text ~~ '%(uncredited)%'::text))", "Rows Removed by Filter": 408168, "Exact Heap Blocks": 397651, "Lossy Heap Blocks": 397651, "Plans": [{"Node Type": "Bitmap Index Scan", "Parent Relationship": "Outer", "Index Name": "movie_id_cast_info", "Startup Cost": 0.0, "Total Cost": 0.51, "Plan Rows": 6, "Plan Width": 0, "Actual Startup Time": 134.176, "Actual Total Time": 134.176, "Actual Rows": 408545, "Actual Loops": 8790, "Index Cond": "(movie_id = mc.movie_id)"}]}]}, {"Node Type": "Bitmap Heap Scan", "Parent Relationship": "Inner", "Relation Name": "role_type", "Alias": "rt", "Startup Cost": 0.26, "Total Cost": 4.27, "Plan Rows": 1, "Plan Width": 4, "Actual Startup Time": 1.653, "Actual Total Time": 1.653, "Actual Rows": 275, "Actual Loops": 377, "Recheck Cond": "(id = ci.role_id)", "Rows Removed by Index Recheck": 0, "Filter": "((role)::text = 'actor'::text)", "Rows Removed by Filter": 102, "Exact Heap Blocks": 377, "Lossy Heap Blocks": 377, "Plans": [{"Node Type": "Bitmap Index Scan", "Parent Relationship": "Outer", "Index Name": "role_type_pkey", "Startup Cost": 0.0, "Total Cost": 0.26, "Plan Rows": 1, "Plan Width": 0, "Actual Startup Time": 0.619, "Actual Total Time": 0.619, "Actual Rows": 377, "Actual Loops": 377, "Index Cond": "(id = ci.role_id)"}]}]}, {"Node Type": "Bitmap Heap Scan", "Parent Relationship": "Inner", "Relation Name": "char_name", "Alias": "chn", "Startup Cost": 2.3, "Total Cost": 6.31, "Plan Rows": 1, "Plan Width": 20, "Actual Startup Time": 2.76, "Actual Total Time": 2.76, "Actual Rows": 265, "Actual Loops": 275, "Recheck Cond": "(id = ci.person_role_id)", "Rows Removed by Index Recheck": 0, "Exact Heap Blocks": 265, "Lossy Heap Blocks": 265, "Plans": [{"Node Type": "Bitmap Index Scan", "Parent Relationship": "Outer", "Index Name": "char_name_pkey", "Startup Cost": 0.0, "Total Cost": 2.3, "Plan Rows": 1, "Plan Width": 0, "Actual Startup Time": 1.81, "Actual Total Time": 1.81, "Actual Rows": 265, "Actual Loops": 275, "Index Cond": "(id = ci.person_role_id)"}]}]}, {"Node Type": "Bitmap Heap Scan", "Parent Relationship": "Inner", "Relation Name": "title", "Alias": "t", "Startup Cost": 0.27, "Total Cost": 4.29, "Plan Rows": 1, "Plan Width": 21, "Actual Startup Time": 2.584, "Actual Total Time": 2.584, "Actual Rows": 104, "Actual Loops": 265, "Recheck Cond": "(id = mc.movie_id)", "Rows Removed by Index Recheck": 0, "Filter": "(production_year > 2005)", "Rows Removed by Filter": 161, "Exact Heap Blocks": 265, "Lossy Heap Blocks": 265, "Plans": [{"Node Type": "Bitmap Index Scan", "Parent Relationship": "Outer", "Index Name": "title_pkey", "Startup Cost": 0.0, "Total Cost": 0.27, "Plan Rows": 1, "Plan Width": 0, "Actual Startup Time": 1.613, "Actual Total Time": 1.613, "Actual Rows": 265, "Actual Loops": 265, "Index Cond": "(id = mc.movie_id)"}]}]}, {"Node Type": "Bitmap Heap Scan", "Parent Relationship": "Inner", "Relation Name": "company_type", "Alias": "ct", "Startup Cost": 0.26, "Total Cost": 4.27, "Plan Rows": 1, "Plan Width": 4, "Actual Startup Time": 0.288, "Actual Total Time": 0.288, "Actual Rows": 18, "Actual Loops": 104, "Recheck Cond": "(id = mc.company_type_id)", "Rows Removed by Index Recheck": 0, "Exact Heap Blocks": 18, "Lossy Heap Blocks": 18, "Plans": [{"Node Type": "Bitmap Index Scan", "Parent Relationship": "Outer", "Index Name": "company_type_pkey", "Startup Cost": 0.0, "Total Cost": 0.26, "Plan Rows": 1, "Plan Width": 0, "Actual Startup Time": 0.156, "Actual Total Time": 0.156, "Actual Rows": 18, "Actual Loops": 104, "Index Cond": "(id = mc.company_type_id)"}]}]}]}, "Triggers": [], "Planner Runtime": 6, "Total Runtime": 1354.082, "Unique SQL Id": 2933943827}}, "(64, 100)": {"explain_plan": {"Plan": {"Node Type": "Aggregate", "Strategy": "Plain", "Startup Cost": 19914.67, "Total Cost": 19914.68, "Plan Rows": 1, "Plan Width": 97, "Plans": [{"Node Type": "Nested Loop", "Parent Relationship": "Outer", "Join Type": "Inner", "Startup Cost": 0.0, "Total Cost": 19914.66, "Plan Rows": 2, "Plan Width": 33, "Inner Unique": true, "Plans": [{"Node Type": "Nested Loop", "Parent Relationship": "Outer", "Join Type": "Inner", "Startup Cost": 0.0, "Total Cost": 19914.1, "Plan Rows": 2, "Plan Width": 37, "Inner Unique": true, "Plans": [{"Node Type": "Nested Loop", "Parent Relationship": "Outer", "Join Type": "Inner", "Startup Cost": 0.0, "Total Cost": 19887.22, "Plan Rows": 5, "Plan Width": 25, "Inner Unique": true, "Plans": [{"Node Type": "Nested Loop", "Parent Relationship": "Outer", "Join Type": "Inner", "Startup Cost": 0.0, "Total Cost": 19885.12, "Plan Rows": 6, "Plan Width": 16, "Inner Unique": true, "Plans": [{"Node Type": "Nested Loop", "Parent Relationship": "Outer", "Join Type": "Inner", "Startup Cost": 0.0, "Total Cost": 19865.87, "Plan Rows": 68, "Plan Width": 20, "Inner Unique": false, "Plans": [{"Node Type": "Nested Loop", "Parent Relationship": "Outer", "Join Type": "Inner", "Startup Cost": 0.0, "Total Cost": 16121.55, "Plan Rows": 3779, "Plan Width": 8, "Inner Unique": false, "Plans": [{"Node Type": "Seq Scan", "Parent Relationship": "Outer", "Relation Name": "company_name", "Alias": "cn", "Startup Cost": 0.0, "Total Cost": 5903.45, "Plan Rows": 251, "Plan Width": 4, "Filter": "((country_code)::text = '[ru]'::text)"}, {"Node Type": "Index Scan", "Parent Relationship": "Inner", "Scan Direction": "Forward", "Index Name": "company_id_movie_companies", "Relation Name": "movie_companies", "Alias": "mc", "Startup Cost": 0.0, "Total Cost": 40.56, "Plan Rows": 15, "Plan Width": 12, "Index Cond": "(company_id = cn.id)"}]}, {"Node Type": "Index Scan", "Parent Relationship": "Inner", "Scan Direction": "Forward", "Index Name": "movie_id_cast_info", "Relation Name": "cast_info", "Alias": "ci", "Startup Cost": 0.0, "Total Cost": 0.98, "Plan Rows": 1, "Plan Width": 12, "Index Cond": "(movie_id = mc.movie_id)", "Filter": "(((note)::text ~~ '%(voice)%'::text) AND ((note)::text ~~ '%(uncredited)%'::text))"}]}, {"Node Type": "Index Scan", "Parent Relationship": "Inner", "Scan Direction": "Forward", "Index Name": "role_type_pkey", "Relation Name": "role_type", "Alias": "rt", "Startup Cost": 0.0, "Total Cost": 0.27, "Plan Rows": 1, "Plan Width": 4, "Index Cond": "(id = ci.role_id)", "Filter": "((role)::text = 'actor'::text)"}]}, {"Node Type": "Index Scan", "Parent Relationship": "Inner", "Scan Direction": "Forward", "Index Name": "title_pkey", "Relation Name": "title", "Alias": "t", "Startup Cost": 0.0, "Total Cost": 0.34, "Plan Rows": 1, "Plan Width": 21, "Index Cond": "(id = mc.movie_id)", "Filter": "(production_year > 2005)"}]}, {"Node Type": "Index Scan", "Parent Relationship": "Inner", "Scan Direction": "Forward", "Index Name": "char_name_pkey", "Relation Name": "char_name", "Alias": "chn", "Startup Cost": 0.0, "Total Cost": 5.37, "Plan Rows": 1, "Plan Width": 20, "Index Cond": "(id = ci.person_role_id)"}]}, {"Node Type": "Index Scan", "Parent Relationship": "Inner", "Scan Direction": "Forward", "Index Name": "company_type_pkey", "Relation Name": "company_type", "Alias": "ct", "Startup Cost": 0.0, "Total Cost": 0.27, "Plan Rows": 1, "Plan Width": 4, "Index Cond": "(id = mc.company_type_id)"}]}]}, "Unique SQL Id": 2933943827, "Planner Runtime": 14}, "explain_analyze_plan": {"Plan": {"Node Type": "Aggregate", "Strategy": "Plain", "Startup Cost": 19914.67, "Total Cost": 19914.68, "Plan Rows": 1, "Plan Width": 97, "Actual Startup Time": 893.035, "Actual Total Time": 893.035, "Actual Rows": 1, "Actual Loops": 1, "Plans": [{"Node Type": "Nested Loop", "Parent Relationship": "Outer", "Join Type": "Inner", "Startup Cost": 0.0, "Total Cost": 19914.66, "Plan Rows": 2, "Plan Width": 33, "Actual Startup Time": 45.837, "Actual Total Time": 892.941, "Actual Rows": 18, "Actual Loops": 1, "Inner Unique": true, "Plans": [{"Node Type": "Nested Loop", "Parent Relationship": "Outer", "Join Type": "Inner", "Startup Cost": 0.0, "Total Cost": 19914.1, "Plan Rows": 2, "Plan Width": 37, "Actual Startup Time": 9.473, "Actual Total Time": 892.647, "Actual Rows": 104, "Actual Loops": 1, "Inner Unique": true, "Plans": [{"Node Type": "Nested Loop", "Parent Relationship": "Outer", "Join Type": "Inner", "Startup Cost": 0.0, "Total Cost": 19887.22, "Plan Rows": 5, "Plan Width": 25, "Actual Startup Time": 9.459, "Actual Total Time": 891.527, "Actual Rows": 112, "Actual Loops": 1, "Inner Unique": true, "Plans": [{"Node Type": "Nested Loop", "Parent Relationship": "Outer", "Join Type": "Inner", "Startup Cost": 0.0, "Total Cost": 19885.12, "Plan Rows": 6, "Plan Width": 16, "Actual Startup Time": 0.838, "Actual Total Time": 889.18, "Actual Rows": 275, "Actual Loops": 1, "Inner Unique": true, "Plans": [{"Node Type": "Nested Loop", "Parent Relationship": "Outer", "Join Type": "Inner", "Startup Cost": 0.0, "Total Cost": 19865.87, "Plan Rows": 68, "Plan Width": 20, "Actual Startup Time": 0.831, "Actual Total Time": 887.497, "Actual Rows": 377, "Actual Loops": 1, "Inner Unique": false, "Plans": [{"Node Type": "Nested Loop", "Parent Relationship": "Outer", "Join Type": "Inner", "Startup Cost": 0.0, "Total Cost": 16121.55, "Plan Rows": 3779, "Plan Width": 8, "Actual Startup Time": 0.073, "Actual Total Time": 109.034, "Actual Rows": 8790, "Actual Loops": 1, "Inner Unique": false, "Plans": [{"Node Type": "Seq Scan", "Parent Relationship": "Outer", "Relation Name": "company_name", "Alias": "cn", "Startup Cost": 0.0, "Total Cost": 5903.45, "Plan Rows": 251, "Plan Width": 4, "Actual Startup Time": 0.05, "Actual Total Time": 82.225, "Actual Rows": 1361, "Actual Loops": 1, "Filter": "((country_code)::text = '[ru]'::text)", "Rows Removed by Filter": 233635}, {"Node Type": "Index Scan", "Parent Relationship": "Inner", "Scan Direction": "Forward", "Index Name": "company_id_movie_companies", "Relation Name": "movie_companies", "Alias": "mc", "Startup Cost": 0.0, "Total Cost": 40.56, "Plan Rows": 15, "Plan Width": 12, "Actual Startup Time": 9.904, "Actual Total Time": 23.489, "Actual Rows": 8790, "Actual Loops": 1361, "Index Cond": "(company_id = cn.id)", "Rows Removed by Index Recheck": 0}]}, {"Node Type": "Index Scan", "Parent Relationship": "Inner", "Scan Direction": "Forward", "Index Name": "movie_id_cast_info", "Relation Name": "cast_info", "Alias": "ci", "Startup Cost": 0.0, "Total Cost": 0.98, "Plan Rows": 1, "Plan Width": 12, "Actual Startup Time": 728.151, "Actual Total Time": 772.927, "Actual Rows": 377, "Actual Loops": 8790, "Index Cond": "(movie_id = mc.movie_id)", "Rows Removed by Index Recheck": 0, "Filter": "(((note)::text ~~ '%(voice)%'::text) AND ((note)::text ~~ '%(uncredited)%'::text))", "Rows Removed by Filter": 408168}]}, {"Node Type": "Index Scan", "Parent Relationship": "Inner", "Scan Direction": "Forward", "Index Name": "role_type_pkey", "Relation Name": "role_type", "Alias": "rt", "Startup Cost": 0.0, "Total Cost": 0.27, "Plan Rows": 1, "Plan Width": 4, "Actual Startup Time": 1.145, "Actual Total Time": 1.145, "Actual Rows": 275, "Actual Loops": 377, "Index Cond": "(id = ci.role_id)", "Rows Removed by Index Recheck": 0, "Filter": "((role)::text = 'actor'::text)", "Rows Removed by Filter": 102}]}, {"Node Type": "Index Scan", "Parent Relationship": "Inner", "Scan Direction": "Forward", "Index Name": "title_pkey", "Relation Name": "title", "Alias": "t", "Startup Cost": 0.0, "Total Cost": 0.34, "Plan Rows": 1, "Plan Width": 21, "Actual Startup Time": 1.979, "Actual Total Time": 1.979, "Actual Rows": 112, "Actual Loops": 275, "Index Cond": "(id = mc.movie_id)", "Rows Removed by Index Recheck": 0, "Filter": "(production_year > 2005)", "Rows Removed by Filter": 163}]}, {"Node Type": "Index Scan", "Parent Relationship": "Inner", "Scan Direction": "Forward", "Index Name": "char_name_pkey", "Relation Name": "char_name", "Alias": "chn", "Startup Cost": 0.0, "Total Cost": 5.37, "Plan Rows": 1, "Plan Width": 20, "Actual Startup Time": 0.885, "Actual Total Time": 0.885, "Actual Rows": 104, "Actual Loops": 112, "Index Cond": "(id = ci.person_role_id)", "Rows Removed by Index Recheck": 0}]}, {"Node Type": "Index Scan", "Parent Relationship": "Inner", "Scan Direction": "Forward", "Index Name": "company_type_pkey", "Relation Name": "company_type", "Alias": "ct", "Startup Cost": 0.0, "Total Cost": 0.27, "Plan Rows": 1, "Plan Width": 4, "Actual Startup Time": 0.155, "Actual Total Time": 0.155, "Actual Rows": 18, "Actual Loops": 104, "Index Cond": "(id = mc.company_type_id)", "Rows Removed by Index Recheck": 0}]}]}, "Triggers": [], "Planner Runtime": 14, "Total Runtime": 893.39, "Unique SQL Id": 2933943827}}, "(64, 101)": {"explain_plan": {"Plan": {"Node Type": "Aggregate", "Strategy": "Plain", "Startup Cost": 22693.96, "Total Cost": 22693.97, "Plan Rows": 1, "Plan Width": 97, "Plans": [{"Node Type": "Nested Loop", "Parent Relationship": "Outer", "Join Type": "Inner", "Startup Cost": 2779.29, "Total Cost": 22693.95, "Plan Rows": 2, "Plan Width": 33, "Inner Unique": true, "Plans": [{"Node Type": "Nested Loop", "Parent Relationship": "Outer", "Join Type": "Inner", "Startup Cost": 2779.29, "Total Cost": 22693.39, "Plan Rows": 2, "Plan Width": 37, "Inner Unique": true, "Plans": [{"Node Type": "Nested Loop", "Parent Relationship": "Outer", "Join Type": "Inner", "Startup Cost": 2779.29, "Total Cost": 22666.51, "Plan Rows": 5, "Plan Width": 25, "Inner Unique": true, "Plans": [{"Node Type": "Nested Loop", "Parent Relationship": "Outer", "Join Type": "Inner", "Startup Cost": 2779.29, "Total Cost": 22664.41, "Plan Rows": 6, "Plan Width": 16, "Inner Unique": true, "Plans": [{"Node Type": "Nested Loop", "Parent Relationship": "Outer", "Join Type": "Inner", "Startup Cost": 2779.29, "Total Cost": 22645.16, "Plan Rows": 68, "Plan Width": 20, "Inner Unique": false, "Plans": [{"Node Type": "Nested Loop", "Parent Relationship": "Outer", "Join Type": "Inner", "Startup Cost": 2779.29, "Total Cost": 18900.84, "Plan Rows": 3779, "Plan Width": 8, "Inner Unique": false, "Plans": [{"Node Type": "Bitmap Heap Scan", "Parent Relationship": "Outer", "Relation Name": "company_name", "Alias": "cn", "Startup Cost": 2779.29, "Total Cost": 8682.74, "Plan Rows": 251, "Plan Width": 4, "Filter": "((country_code)::text = '[ru]'::text)", "Plans": [{"Node Type": "Bitmap Index Scan", "Parent Relationship": "Outer", "Index Name": "company_name_pkey", "Startup Cost": 0.0, "Total Cost": 2779.23, "Plan Rows": 234996, "Plan Width": 0}]}, {"Node Type": "Index Scan", "Parent Relationship": "Inner", "Scan Direction": "Forward", "Index Name": "company_id_movie_companies", "Relation Name": "movie_companies", "Alias": "mc", "Startup Cost": 0.0, "Total Cost": 40.56, "Plan Rows": 15, "Plan Width": 12, "Index Cond": "(company_id = cn.id)"}]}, {"Node Type": "Index Scan", "Parent Relationship": "Inner", "Scan Direction": "Forward", "Index Name": "movie_id_cast_info", "Relation Name": "cast_info", "Alias": "ci", "Startup Cost": 0.0, "Total Cost": 0.98, "Plan Rows": 1, "Plan Width": 12, "Index Cond": "(movie_id = mc.movie_id)", "Filter": "(((note)::text ~~ '%(voice)%'::text) AND ((note)::text ~~ '%(uncredited)%'::text))"}]}, {"Node Type": "Index Scan", "Parent Relationship": "Inner", "Scan Direction": "Forward", "Index Name": "role_type_pkey", "Relation Name": "role_type", "Alias": "rt", "Startup Cost": 0.0, "Total Cost": 0.27, "Plan Rows": 1, "Plan Width": 4, "Index Cond": "(id = ci.role_id)", "Filter": "((role)::text = 'actor'::text)"}]}, {"Node Type": "Index Scan", "Parent Relationship": "Inner", "Scan Direction": "Forward", "Index Name": "title_pkey", "Relation Name": "title", "Alias": "t", "Startup Cost": 0.0, "Total Cost": 0.34, "Plan Rows": 1, "Plan Width": 21, "Index Cond": "(id = mc.movie_id)", "Filter": "(production_year > 2005)"}]}, {"Node Type": "Index Scan", "Parent Relationship": "Inner", "Scan Direction": "Forward", "Index Name": "char_name_pkey", "Relation Name": "char_name", "Alias": "chn", "Startup Cost": 0.0, "Total Cost": 5.37, "Plan Rows": 1, "Plan Width": 20, "Index Cond": "(id = ci.person_role_id)"}]}, {"Node Type": "Index Scan", "Parent Relationship": "Inner", "Scan Direction": "Forward", "Index Name": "company_type_pkey", "Relation Name": "company_type", "Alias": "ct", "Startup Cost": 0.0, "Total Cost": 0.27, "Plan Rows": 1, "Plan Width": 4, "Index Cond": "(id = mc.company_type_id)"}]}]}, "Unique SQL Id": 2933943827, "Planner Runtime": 9}, "explain_analyze_plan": {"Plan": {"Node Type": "Aggregate", "Strategy": "Plain", "Startup Cost": 22693.96, "Total Cost": 22693.97, "Plan Rows": 1, "Plan Width": 97, "Actual Startup Time": 1139.826, "Actual Total Time": 1139.827, "Actual Rows": 1, "Actual Loops": 1, "Plans": [{"Node Type": "Nested Loop", "Parent Relationship": "Outer", "Join Type": "Inner", "Startup Cost": 2779.29, "Total Cost": 22693.95, "Plan Rows": 2, "Plan Width": 33, "Actual Startup Time": 86.067, "Actual Total Time": 1139.732, "Actual Rows": 18, "Actual Loops": 1, "Inner Unique": true, "Plans": [{"Node Type": "Nested Loop", "Parent Relationship": "Outer", "Join Type": "Inner", "Startup Cost": 2779.29, "Total Cost": 22693.39, "Plan Rows": 2, "Plan Width": 37, "Actual Startup Time": 34.843, "Actual Total Time": 1139.393, "Actual Rows": 104, "Actual Loops": 1, "Inner Unique": true, "Plans": [{"Node Type": "Nested Loop", "Parent Relationship": "Outer", "Join Type": "Inner", "Startup Cost": 2779.29, "Total Cost": 22666.51, "Plan Rows": 5, "Plan Width": 25, "Actual Startup Time": 34.829, "Actual Total Time": 1138.099, "Actual Rows": 112, "Actual Loops": 1, "Inner Unique": true, "Plans": [{"Node Type": "Nested Loop", "Parent Relationship": "Outer", "Join Type": "Inner", "Startup Cost": 2779.29, "Total Cost": 22664.41, "Plan Rows": 6, "Plan Width": 16, "Actual Startup Time": 22.793, "Actual Total Time": 1135.284, "Actual Rows": 275, "Actual Loops": 1, "Inner Unique": true, "Plans": [{"Node Type": "Nested Loop", "Parent Relationship": "Outer", "Join Type": "Inner", "Startup Cost": 2779.29, "Total Cost": 22645.16, "Plan Rows": 68, "Plan Width": 20, "Actual Startup Time": 22.786, "Actual Total Time": 1133.659, "Actual Rows": 377, "Actual Loops": 1, "Inner Unique": false, "Plans": [{"Node Type": "Nested Loop", "Parent Relationship": "Outer", "Join Type": "Inner", "Startup Cost": 2779.29, "Total Cost": 18900.84, "Plan Rows": 3779, "Plan Width": 8, "Actual Startup Time": 21.88, "Actual Total Time": 158.833, "Actual Rows": 8790, "Actual Loops": 1, "Inner Unique": false, "Plans": [{"Node Type": "Bitmap Heap Scan", "Parent Relationship": "Outer", "Relation Name": "company_name", "Alias": "cn", "Startup Cost": 2779.29, "Total Cost": 8682.74, "Plan Rows": 251, "Plan Width": 4, "Actual Startup Time": 21.858, "Actual Total Time": 128.295, "Actual Rows": 1361, "Actual Loops": 1, "Filter": "((country_code)::text = '[ru]'::text)", "Rows Removed by Filter": 233635, "Exact Heap Blocks": 2966, "Lossy Heap Blocks": 2966, "Plans": [{"Node Type": "Bitmap Index Scan", "Parent Relationship": "Outer", "Index Name": "company_name_pkey", "Startup Cost": 0.0, "Total Cost": 2779.23, "Plan Rows": 234996, "Plan Width": 0, "Actual Startup Time": 21.385, "Actual Total Time": 21.385, "Actual Rows": 234996, "Actual Loops": 1}]}, {"Node Type": "Index Scan", "Parent Relationship": "Inner", "Scan Direction": "Forward", "Index Name": "company_id_movie_companies", "Relation Name": "movie_companies", "Alias": "mc", "Startup Cost": 0.0, "Total Cost": 40.56, "Plan Rows": 15, "Plan Width": 12, "Actual Startup Time": 11.363, "Actual Total Time": 27.194, "Actual Rows": 8790, "Actual Loops": 1361, "Index Cond": "(company_id = cn.id)", "Rows Removed by Index Recheck": 0}]}, {"Node Type": "Index Scan", "Parent Relationship": "Inner", "Scan Direction": "Forward", "Index Name": "movie_id_cast_info", "Relation Name": "cast_info", "Alias": "ci", "Startup Cost": 0.0, "Total Cost": 0.98, "Plan Rows": 1, "Plan Width": 12, "Actual Startup Time": 911.366, "Actual Total Time": 969.298, "Actual Rows": 377, "Actual Loops": 8790, "Index Cond": "(movie_id = mc.movie_id)", "Rows Removed by Index Recheck": 0, "Filter": "(((note)::text ~~ '%(voice)%'::text) AND ((note)::text ~~ '%(uncredited)%'::text))", "Rows Removed by Filter": 408168}]}, {"Node Type": "Index Scan", "Parent Relationship": "Inner", "Scan Direction": "Forward", "Index Name": "role_type_pkey", "Relation Name": "role_type", "Alias": "rt", "Startup Cost": 0.0, "Total Cost": 0.27, "Plan Rows": 1, "Plan Width": 4, "Actual Startup Time": 1.065, "Actual Total Time": 1.065, "Actual Rows": 275, "Actual Loops": 377, "Index Cond": "(id = ci.role_id)", "Rows Removed by Index Recheck": 0, "Filter": "((role)::text = 'actor'::text)", "Rows Removed by Filter": 102}]}, {"Node Type": "Index Scan", "Parent Relationship": "Inner", "Scan Direction": "Forward", "Index Name": "title_pkey", "Relation Name": "title", "Alias": "t", "Startup Cost": 0.0, "Total Cost": 0.34, "Plan Rows": 1, "Plan Width": 21, "Actual Startup Time": 2.419, "Actual Total Time": 2.419, "Actual Rows": 112, "Actual Loops": 275, "Index Cond": "(id = mc.movie_id)", "Rows Removed by Index Recheck": 0, "Filter": "(production_year > 2005)", "Rows Removed by Filter": 163}]}, {"Node Type": "Index Scan", "Parent Relationship": "Inner", "Scan Direction": "Forward", "Index Name": "char_name_pkey", "Relation Name": "char_name", "Alias": "chn", "Startup Cost": 0.0, "Total Cost": 5.37, "Plan Rows": 1, "Plan Width": 20, "Actual Startup Time": 1.027, "Actual Total Time": 1.027, "Actual Rows": 104, "Actual Loops": 112, "Index Cond": "(id = ci.person_role_id)", "Rows Removed by Index Recheck": 0}]}, {"Node Type": "Index Scan", "Parent Relationship": "Inner", "Scan Direction": "Forward", "Index Name": "company_type_pkey", "Relation Name": "company_type", "Alias": "ct", "Startup Cost": 0.0, "Total Cost": 0.27, "Plan Rows": 1, "Plan Width": 4, "Actual Startup Time": 0.173, "Actual Total Time": 0.173, "Actual Rows": 18, "Actual Loops": 104, "Index Cond": "(id = mc.company_type_id)", "Rows Removed by Index Recheck": 0}]}]}, "Triggers": [], "Planner Runtime": 9, "Total Runtime": 1140.231, "Unique SQL Id": 2933943827}}, "(64, 102)": {"explain_plan": {"Plan": {"Node Type": "Aggregate", "Strategy": "Plain", "Startup Cost": 38349.31, "Total Cost": 38349.32, "Plan Rows": 1, "Plan Width": 97, "Plans": [{"Node Type": "Nested Loop", "Parent Relationship": "Outer", "Join Type": "Inner", "Startup Cost": 8.82, "Total Cost": 38349.3, "Plan Rows": 2, "Plan Width": 33, "Inner Unique": true, "Plans": [{"Node Type": "Nested Loop", "Parent Relationship": "Outer", "Join Type": "Inner", "Startup Cost": 8.56, "Total Cost": 38340.74, "Plan Rows": 2, "Plan Width": 37, "Inner Unique": true, "Plans": [{"Node Type": "Nested Loop", "Parent Relationship": "Outer", "Join Type": "Inner", "Startup Cost": 8.29, "Total Cost": 38327.85, "Plan Rows": 3, "Plan Width": 28, "Inner Unique": true, "Plans": [{"Node Type": "Hash Join", "Parent Relationship": "Outer", "Join Type": "Inner", "Startup Cost": 5.99, "Total Cost": 38289.92, "Plan Rows": 6, "Plan Width": 16, "Inner Unique": true, "Hash Cond": "(ci.role_id = rt.id)", "Plans": [{"Node Type": "Nested Loop", "Parent Relationship": "Outer", "Join Type": "Inner", "Startup Cost": 4.83, "Total Cost": 38288.52, "Plan Rows": 68, "Plan Width": 20, "Inner Unique": false, "Plans": [{"Node Type": "Nested Loop", "Parent Relationship": "Outer", "Join Type": "Inner", "Startup Cost": 4.32, "Total Cost": 20813.55, "Plan Rows": 3779, "Plan Width": 8, "Inner Unique": false, "Plans": [{"Node Type": "Seq Scan", "Parent Relationship": "Outer", "Relation Name": "company_name", "Alias": "cn", "Startup Cost": 0.0, "Total Cost": 5903.45, "Plan Rows": 251, "Plan Width": 4, "Filter": "((country_code)::text = '[ru]'::text)"}, {"Node Type": "Bitmap Heap Scan", "Parent Relationship": "Inner", "Relation Name": "movie_companies", "Alias": "mc", "Startup Cost": 4.32, "Total Cost": 59.25, "Plan Rows": 15, "Plan Width": 12, "Recheck Cond": "(company_id = cn.id)", "Plans": [{"Node Type": "Bitmap Index Scan", "Parent Relationship": "Outer", "Index Name": "company_id_movie_companies", "Startup Cost": 0.0, "Total Cost": 4.31, "Plan Rows": 15, "Plan Width": 0, "Index Cond": "(company_id = cn.id)"}]}]}, {"Node Type": "Bitmap Heap Scan", "Parent Relationship": "Inner", "Relation Name": "cast_info", "Alias": "ci", "Startup Cost": 0.51, "Total Cost": 4.61, "Plan Rows": 1, "Plan Width": 12, "Recheck Cond": "(movie_id = mc.movie_id)", "Filter": "(((note)::text ~~ '%(voice)%'::text) AND ((note)::text ~~ '%(uncredited)%'::text))", "Plans": [{"Node Type": "Bitmap Index Scan", "Parent Relationship": "Outer", "Index Name": "movie_id_cast_info", "Startup Cost": 0.0, "Total Cost": 0.51, "Plan Rows": 6, "Plan Width": 0, "Index Cond": "(movie_id = mc.movie_id)"}]}]}, {"Node Type": "Hash", "Parent Relationship": "Inner", "Startup Cost": 1.15, "Total Cost": 1.15, "Plan Rows": 1, "Plan Width": 4, "Plans": [{"Node Type": "Seq Scan", "Parent Relationship": "Outer", "Relation Name": "role_type", "Alias": "rt", "Startup Cost": 0.0, "Total Cost": 1.15, "Plan Rows": 1, "Plan Width": 4, "Filter": "((role)::text = 'actor'::text)"}]}]}, {"Node Type": "Bitmap Heap Scan", "Parent Relationship": "Inner", "Relation Name": "char_name", "Alias": "chn", "Startup Cost": 2.3, "Total Cost": 6.31, "Plan Rows": 1, "Plan Width": 20, "Recheck Cond": "(id = ci.person_role_id)", "Plans": [{"Node Type": "Bitmap Index Scan", "Parent Relationship": "Outer", "Index Name": "char_name_pkey", "Startup Cost": 0.0, "Total Cost": 2.3, "Plan Rows": 1, "Plan Width": 0, "Index Cond": "(id = ci.person_role_id)"}]}]}, {"Node Type": "Bitmap Heap Scan", "Parent Relationship": "Inner", "Relation Name": "title", "Alias": "t", "Startup Cost": 0.27, "Total Cost": 4.29, "Plan Rows": 1, "Plan Width": 21, "Recheck Cond": "(id = mc.movie_id)", "Filter": "(production_year > 2005)", "Plans": [{"Node Type": "Bitmap Index Scan", "Parent Relationship": "Outer", "Index Name": "title_pkey", "Startup Cost": 0.0, "Total Cost": 0.27, "Plan Rows": 1, "Plan Width": 0, "Index Cond": "(id = mc.movie_id)"}]}]}, {"Node Type": "Bitmap Heap Scan", "Parent Relationship": "Inner", "Relation Name": "company_type", "Alias": "ct", "Startup Cost": 0.26, "Total Cost": 4.27, "Plan Rows": 1, "Plan Width": 4, "Recheck Cond": "(id = mc.company_type_id)", "Plans": [{"Node Type": "Bitmap Index Scan", "Parent Relationship": "Outer", "Index Name": "company_type_pkey", "Startup Cost": 0.0, "Total Cost": 0.26, "Plan Rows": 1, "Plan Width": 0, "Index Cond": "(id = mc.company_type_id)"}]}]}]}, "Unique SQL Id": 2933943827, "Planner Runtime": 23}, "explain_analyze_plan": {"Plan": {"Node Type": "Aggregate", "Strategy": "Plain", "Startup Cost": 38349.31, "Total Cost": 38349.32, "Plan Rows": 1, "Plan Width": 97, "Actual Startup Time": 1003.048, "Actual Total Time": 1003.048, "Actual Rows": 1, "Actual Loops": 1, "Plans": [{"Node Type": "Nested Loop", "Parent Relationship": "Outer", "Join Type": "Inner", "Startup Cost": 8.82, "Total Cost": 38349.3, "Plan Rows": 2, "Plan Width": 33, "Actual Startup Time": 59.435, "Actual Total Time": 1002.93, "Actual Rows": 18, "Actual Loops": 1, "Inner Unique": true, "Plans": [{"Node Type": "Nested Loop", "Parent Relationship": "Outer", "Join Type": "Inner", "Startup Cost": 8.56, "Total Cost": 38340.74, "Plan Rows": 2, "Plan Width": 37, "Actual Startup Time": 12.309, "Actual Total Time": 1002.449, "Actual Rows": 104, "Actual Loops": 1, "Inner Unique": true, "Plans": [{"Node Type": "Nested Loop", "Parent Relationship": "Outer", "Join Type": "Inner", "Startup Cost": 8.29, "Total Cost": 38327.85, "Plan Rows": 3, "Plan Width": 28, "Actual Startup Time": 1.109, "Actual Total Time": 999.882, "Actual Rows": 265, "Actual Loops": 1, "Inner Unique": true, "Plans": [{"Node Type": "Hash Join", "Parent Relationship": "Outer", "Join Type": "Inner", "Startup Cost": 5.99, "Total Cost": 38289.92, "Plan Rows": 6, "Plan Width": 16, "Actual Startup Time": 1.097, "Actual Total Time": 996.615, "Actual Rows": 275, "Actual Loops": 1, "Inner Unique": true, "Hash Cond": "(ci.role_id = rt.id)", "Plans": [{"Node Type": "Nested Loop", "Parent Relationship": "Outer", "Join Type": "Inner", "Startup Cost": 4.83, "Total Cost": 38288.52, "Plan Rows": 68, "Plan Width": 20, "Actual Startup Time": 1.0, "Actual Total Time": 995.957, "Actual Rows": 377, "Actual Loops": 1, "Inner Unique": false, "Plans": [{"Node Type": "Nested Loop", "Parent Relationship": "Outer", "Join Type": "Inner", "Startup Cost": 4.32, "Total Cost": 20813.55, "Plan Rows": 3779, "Plan Width": 8, "Actual Startup Time": 0.072, "Actual Total Time": 115.462, "Actual Rows": 8790, "Actual Loops": 1, "Inner Unique": false, "Plans": [{"Node Type": "Seq Scan", "Parent Relationship": "Outer", "Relation Name": "company_name", "Alias": "cn", "Startup Cost": 0.0, "Total Cost": 5903.45, "Plan Rows": 251, "Plan Width": 4, "Actual Startup Time": 0.036, "Actual Total Time": 83.421, "Actual Rows": 1361, "Actual Loops": 1, "Filter": "((country_code)::text = '[ru]'::text)", "Rows Removed by Filter": 233635}, {"Node Type": "Bitmap Heap Scan", "Parent Relationship": "Inner", "Relation Name": "movie_companies", "Alias": "mc", "Startup Cost": 4.32, "Total Cost": 59.25, "Plan Rows": 15, "Plan Width": 12, "Actual Startup Time": 13.028, "Actual Total Time": 27.312, "Actual Rows": 8790, "Actual Loops": 1361, "Recheck Cond": "(company_id = cn.id)", "Rows Removed by Index Recheck": 0, "Exact Heap Blocks": 7155, "Lossy Heap Blocks": 7155, "Plans": [{"Node Type": "Bitmap Index Scan", "Parent Relationship": "Outer", "Index Name": "company_id_movie_companies", "Startup Cost": 0.0, "Total Cost": 4.31, "Plan Rows": 15, "Plan Width": 0, "Actual Startup Time": 7.93, "Actual Total Time": 7.93, "Actual Rows": 8790, "Actual Loops": 1361, "Index Cond": "(company_id = cn.id)"}]}]}, {"Node Type": "Bitmap Heap Scan", "Parent Relationship": "Inner", "Relation Name": "cast_info", "Alias": "ci", "Startup Cost": 0.51, "Total Cost": 4.61, "Plan Rows": 1, "Plan Width": 12, "Actual Startup Time": 819.614, "Actual Total Time": 864.073, "Actual Rows": 377, "Actual Loops": 8790, "Recheck Cond": "(movie_id = mc.movie_id)", "Rows Removed by Index Recheck": 0, "Filter": "(((note)::text ~~ '%(voice)%'::text) AND ((note)::text ~~ '%(uncredited)%'::text))", "Rows Removed by Filter": 408168, "Exact Heap Blocks": 397651, "Lossy Heap Blocks": 397651, "Plans": [{"Node Type": "Bitmap Index Scan", "Parent Relationship": "Outer", "Index Name": "movie_id_cast_info", "Startup Cost": 0.0, "Total Cost": 0.51, "Plan Rows": 6, "Plan Width": 0, "Actual Startup Time": 119.371, "Actual Total Time": 119.371, "Actual Rows": 408545, "Actual Loops": 8790, "Index Cond": "(movie_id = mc.movie_id)"}]}]}, {"Node Type": "Hash", "Parent Relationship": "Inner", "Startup Cost": 1.15, "Total Cost": 1.15, "Plan Rows": 1, "Plan Width": 4, "Actual Startup Time": 0.044, "Actual Total Time": 0.044, "Actual Rows": 1, "Actual Loops": 1, "Hash Buckets": 32768, "Hash Batches": 1, "Original Hash Batches": 1, "Peak Memory Usage": 1, "Plans": [{"Node Type": "Seq Scan", "Parent Relationship": "Outer", "Relation Name": "role_type", "Alias": "rt", "Startup Cost": 0.0, "Total Cost": 1.15, "Plan Rows": 1, "Plan Width": 4, "Actual Startup Time": 0.026, "Actual Total Time": 0.031, "Actual Rows": 1, "Actual Loops": 1, "Filter": "((role)::text = 'actor'::text)", "Rows Removed by Filter": 11}]}]}, {"Node Type": "Bitmap Heap Scan", "Parent Relationship": "Inner", "Relation Name": "char_name", "Alias": "chn", "Startup Cost": 2.3, "Total Cost": 6.31, "Plan Rows": 1, "Plan Width": 20, "Actual Startup Time": 2.461, "Actual Total Time": 2.461, "Actual Rows": 265, "Actual Loops": 275, "Recheck Cond": "(id = ci.person_role_id)", "Rows Removed by Index Recheck": 0, "Exact Heap Blocks": 265, "Lossy Heap Blocks": 265, "Plans": [{"Node Type": "Bitmap Index Scan", "Parent Relationship": "Outer", "Index Name": "char_name_pkey", "Startup Cost": 0.0, "Total Cost": 2.3, "Plan Rows": 1, "Plan Width": 0, "Actual Startup Time": 1.608, "Actual Total Time": 1.608, "Actual Rows": 265, "Actual Loops": 275, "Index Cond": "(id = ci.person_role_id)"}]}]}, {"Node Type": "Bitmap Heap Scan", "Parent Relationship": "Inner", "Relation Name": "title", "Alias": "t", "Startup Cost": 0.27, "Total Cost": 4.29, "Plan Rows": 1, "Plan Width": 21, "Actual Startup Time": 1.973, "Actual Total Time": 1.973, "Actual Rows": 104, "Actual Loops": 265, "Recheck Cond": "(id = mc.movie_id)", "Rows Removed by Index Recheck": 0, "Filter": "(production_year > 2005)", "Rows Removed by Filter": 161, "Exact Heap Blocks": 265, "Lossy Heap Blocks": 265, "Plans": [{"Node Type": "Bitmap Index Scan", "Parent Relationship": "Outer", "Index Name": "title_pkey", "Startup Cost": 0.0, "Total Cost": 0.27, "Plan Rows": 1, "Plan Width": 0, "Actual Startup Time": 1.162, "Actual Total Time": 1.162, "Actual Rows": 265, "Actual Loops": 265, "Index Cond": "(id = mc.movie_id)"}]}]}, {"Node Type": "Bitmap Heap Scan", "Parent Relationship": "Inner", "Relation Name": "company_type", "Alias": "ct", "Startup Cost": 0.26, "Total Cost": 4.27, "Plan Rows": 1, "Plan Width": 4, "Actual Startup Time": 0.255, "Actual Total Time": 0.255, "Actual Rows": 18, "Actual Loops": 104, "Recheck Cond": "(id = mc.company_type_id)", "Rows Removed by Index Recheck": 0, "Exact Heap Blocks": 18, "Lossy Heap Blocks": 18, "Plans": [{"Node Type": "Bitmap Index Scan", "Parent Relationship": "Outer", "Index Name": "company_type_pkey", "Startup Cost": 0.0, "Total Cost": 0.26, "Plan Rows": 1, "Plan Width": 0, "Actual Startup Time": 0.142, "Actual Total Time": 0.142, "Actual Rows": 18, "Actual Loops": 104, "Index Cond": "(id = mc.company_type_id)"}]}]}]}, "Triggers": [], "Planner Runtime": 23, "Total Runtime": 1003.435, "Unique SQL Id": 2933943827}}, "(64, 103)": {"explain_plan": {"Plan": {"Node Type": "Aggregate", "Strategy": "Plain", "Startup Cost": 41418.46, "Total Cost": 41418.47, "Plan Rows": 1, "Plan Width": 97, "Plans": [{"Node Type": "Nested Loop", "Parent Relationship": "Outer", "Join Type": "Inner", "Startup Cost": 2787.21, "Total Cost": 41418.45, "Plan Rows": 2, "Plan Width": 33, "Inner Unique": true, "Plans": [{"Node Type": "Nested Loop", "Parent Relationship": "Outer", "Join Type": "Inner", "Startup Cost": 2786.95, "Total Cost": 41409.89, "Plan Rows": 2, "Plan Width": 37, "Inner Unique": true, "Plans": [{"Node Type": "Nested Loop", "Parent Relationship": "Outer", "Join Type": "Inner", "Startup Cost": 2786.68, "Total Cost": 41397.0, "Plan Rows": 3, "Plan Width": 28, "Inner Unique": true, "Plans": [{"Node Type": "Nested Loop", "Parent Relationship": "Outer", "Join Type": "Inner", "Startup Cost": 2784.38, "Total Cost": 41359.07, "Plan Rows": 6, "Plan Width": 16, "Inner Unique": true, "Plans": [{"Node Type": "Nested Loop", "Parent Relationship": "Outer", "Join Type": "Inner", "Startup Cost": 2784.12, "Total Cost": 41067.82, "Plan Rows": 68, "Plan Width": 20, "Inner Unique": false, "Plans": [{"Node Type": "Nested Loop", "Parent Relationship": "Outer", "Join Type": "Inner", "Startup Cost": 2783.61, "Total Cost": 23592.84, "Plan Rows": 3779, "Plan Width": 8, "Inner Unique": false, "Plans": [{"Node Type": "Bitmap Heap Scan", "Parent Relationship": "Outer", "Relation Name": "company_name", "Alias": "cn", "Startup Cost": 2779.29, "Total Cost": 8682.74, "Plan Rows": 251, "Plan Width": 4, "Filter": "((country_code)::text = '[ru]'::text)", "Plans": [{"Node Type": "Bitmap Index Scan", "Parent Relationship": "Outer", "Index Name": "company_name_pkey", "Startup Cost": 0.0, "Total Cost": 2779.23, "Plan Rows": 234996, "Plan Width": 0}]}, {"Node Type": "Bitmap Heap Scan", "Parent Relationship": "Inner", "Relation Name": "movie_companies", "Alias": "mc", "Startup Cost": 4.32, "Total Cost": 59.25, "Plan Rows": 15, "Plan Width": 12, "Recheck Cond": "(company_id = cn.id)", "Plans": [{"Node Type": "Bitmap Index Scan", "Parent Relationship": "Outer", "Index Name": "company_id_movie_companies", "Startup Cost": 0.0, "Total Cost": 4.31, "Plan Rows": 15, "Plan Width": 0, "Index Cond": "(company_id = cn.id)"}]}]}, {"Node Type": "Bitmap Heap Scan", "Parent Relationship": "Inner", "Relation Name": "cast_info", "Alias": "ci", "Startup Cost": 0.51, "Total Cost": 4.61, "Plan Rows": 1, "Plan Width": 12, "Recheck Cond": "(movie_id = mc.movie_id)", "Filter": "(((note)::text ~~ '%(voice)%'::text) AND ((note)::text ~~ '%(uncredited)%'::text))", "Plans": [{"Node Type": "Bitmap Index Scan", "Parent Relationship": "Outer", "Index Name": "movie_id_cast_info", "Startup Cost": 0.0, "Total Cost": 0.51, "Plan Rows": 6, "Plan Width": 0, "Index Cond": "(movie_id = mc.movie_id)"}]}]}, {"Node Type": "Bitmap Heap Scan", "Parent Relationship": "Inner", "Relation Name": "role_type", "Alias": "rt", "Startup Cost": 0.26, "Total Cost": 4.27, "Plan Rows": 1, "Plan Width": 4, "Recheck Cond": "(id = ci.role_id)", "Filter": "((role)::text = 'actor'::text)", "Plans": [{"Node Type": "Bitmap Index Scan", "Parent Relationship": "Outer", "Index Name": "role_type_pkey", "Startup Cost": 0.0, "Total Cost": 0.26, "Plan Rows": 1, "Plan Width": 0, "Index Cond": "(id = ci.role_id)"}]}]}, {"Node Type": "Bitmap Heap Scan", "Parent Relationship": "Inner", "Relation Name": "char_name", "Alias": "chn", "Startup Cost": 2.3, "Total Cost": 6.31, "Plan Rows": 1, "Plan Width": 20, "Recheck Cond": "(id = ci.person_role_id)", "Plans": [{"Node Type": "Bitmap Index Scan", "Parent Relationship": "Outer", "Index Name": "char_name_pkey", "Startup Cost": 0.0, "Total Cost": 2.3, "Plan Rows": 1, "Plan Width": 0, "Index Cond": "(id = ci.person_role_id)"}]}]}, {"Node Type": "Bitmap Heap Scan", "Parent Relationship": "Inner", "Relation Name": "title", "Alias": "t", "Startup Cost": 0.27, "Total Cost": 4.29, "Plan Rows": 1, "Plan Width": 21, "Recheck Cond": "(id = mc.movie_id)", "Filter": "(production_year > 2005)", "Plans": [{"Node Type": "Bitmap Index Scan", "Parent Relationship": "Outer", "Index Name": "title_pkey", "Startup Cost": 0.0, "Total Cost": 0.27, "Plan Rows": 1, "Plan Width": 0, "Index Cond": "(id = mc.movie_id)"}]}]}, {"Node Type": "Bitmap Heap Scan", "Parent Relationship": "Inner", "Relation Name": "company_type", "Alias": "ct", "Startup Cost": 0.26, "Total Cost": 4.27, "Plan Rows": 1, "Plan Width": 4, "Recheck Cond": "(id = mc.company_type_id)", "Plans": [{"Node Type": "Bitmap Index Scan", "Parent Relationship": "Outer", "Index Name": "company_type_pkey", "Startup Cost": 0.0, "Total Cost": 0.26, "Plan Rows": 1, "Plan Width": 0, "Index Cond": "(id = mc.company_type_id)"}]}]}]}, "Unique SQL Id": 2933943827, "Planner Runtime": 9}, "explain_analyze_plan": {"Plan": {"Node Type": "Aggregate", "Strategy": "Plain", "Startup Cost": 41418.46, "Total Cost": 41418.47, "Plan Rows": 1, "Plan Width": 97, "Actual Startup Time": 1353.636, "Actual Total Time": 1353.637, "Actual Rows": 1, "Actual Loops": 1, "Plans": [{"Node Type": "Nested Loop", "Parent Relationship": "Outer", "Join Type": "Inner", "Startup Cost": 2787.21, "Total Cost": 41418.45, "Plan Rows": 2, "Plan Width": 33, "Actual Startup Time": 107.21, "Actual Total Time": 1353.521, "Actual Rows": 18, "Actual Loops": 1, "Inner Unique": true, "Plans": [{"Node Type": "Nested Loop", "Parent Relationship": "Outer", "Join Type": "Inner", "Startup Cost": 2786.95, "Total Cost": 41409.89, "Plan Rows": 2, "Plan Width": 37, "Actual Startup Time": 37.769, "Actual Total Time": 1352.989, "Actual Rows": 104, "Actual Loops": 1, "Inner Unique": true, "Plans": [{"Node Type": "Nested Loop", "Parent Relationship": "Outer", "Join Type": "Inner", "Startup Cost": 2786.68, "Total Cost": 41397.0, "Plan Rows": 3, "Plan Width": 28, "Actual Startup Time": 23.05, "Actual Total Time": 1349.829, "Actual Rows": 265, "Actual Loops": 1, "Inner Unique": true, "Plans": [{"Node Type": "Nested Loop", "Parent Relationship": "Outer", "Join Type": "Inner", "Startup Cost": 2784.38, "Total Cost": 41359.07, "Plan Rows": 6, "Plan Width": 16, "Actual Startup Time": 23.037, "Actual Total Time": 1346.368, "Actual Rows": 275, "Actual Loops": 1, "Inner Unique": true, "Plans": [{"Node Type": "Nested Loop", "Parent Relationship": "Outer", "Join Type": "Inner", "Startup Cost": 2784.12, "Total Cost": 41067.82, "Plan Rows": 68, "Plan Width": 20, "Actual Startup Time": 23.026, "Actual Total Time": 1343.783, "Actual Rows": 377, "Actual Loops": 1, "Inner Unique": false, "Plans": [{"Node Type": "Nested Loop", "Parent Relationship": "Outer", "Join Type": "Inner", "Startup Cost": 2783.61, "Total Cost": 23592.84, "Plan Rows": 3779, "Plan Width": 8, "Actual Startup Time": 21.943, "Actual Total Time": 182.966, "Actual Rows": 8790, "Actual Loops": 1, "Inner Unique": false, "Plans": [{"Node Type": "Bitmap Heap Scan", "Parent Relationship": "Outer", "Relation Name": "company_name", "Alias": "cn", "Startup Cost": 2779.29, "Total Cost": 8682.74, "Plan Rows": 251, "Plan Width": 4, "Actual Startup Time": 21.91, "Actual Total Time": 145.563, "Actual Rows": 1361, "Actual Loops": 1, "Filter": "((country_code)::text = '[ru]'::text)", "Rows Removed by Filter": 233635, "Exact Heap Blocks": 2966, "Lossy Heap Blocks": 2966, "Plans": [{"Node Type": "Bitmap Index Scan", "Parent Relationship": "Outer", "Index Name": "company_name_pkey", "Startup Cost": 0.0, "Total Cost": 2779.23, "Plan Rows": 234996, "Plan Width": 0, "Actual Startup Time": 21.441, "Actual Total Time": 21.441, "Actual Rows": 234996, "Actual Loops": 1}]}, {"Node Type": "Bitmap Heap Scan", "Parent Relationship": "Inner", "Relation Name": "movie_companies", "Alias": "mc", "Startup Cost": 4.32, "Total Cost": 59.25, "Plan Rows": 15, "Plan Width": 12, "Actual Startup Time": 15.259, "Actual Total Time": 32.516, "Actual Rows": 8790, "Actual Loops": 1361, "Recheck Cond": "(company_id = cn.id)", "Rows Removed by Index Recheck": 0, "Exact Heap Blocks": 7155, "Lossy Heap Blocks": 7155, "Plans": [{"Node Type": "Bitmap Index Scan", "Parent Relationship": "Outer", "Index Name": "company_id_movie_companies", "Startup Cost": 0.0, "Total Cost": 4.31, "Plan Rows": 15, "Plan Width": 0, "Actual Startup Time": 9.3, "Actual Total Time": 9.3, "Actual Rows": 8790, "Actual Loops": 1361, "Index Cond": "(company_id = cn.id)"}]}]}, {"Node Type": "Bitmap Heap Scan", "Parent Relationship": "Inner", "Relation Name": "cast_info", "Alias": "ci", "Startup Cost": 0.51, "Total Cost": 4.61, "Plan Rows": 1, "Plan Width": 12, "Actual Startup Time": 1080.605, "Actual Total Time": 1145.055, "Actual Rows": 377, "Actual Loops": 8790, "Recheck Cond": "(movie_id = mc.movie_id)", "Rows Removed by Index Recheck": 0, "Filter": "(((note)::text ~~ '%(voice)%'::text) AND ((note)::text ~~ '%(uncredited)%'::text))", "Rows Removed by Filter": 408168, "Exact Heap Blocks": 397651, "Lossy Heap Blocks": 397651, "Plans": [{"Node Type": "Bitmap Index Scan", "Parent Relationship": "Outer", "Index Name": "movie_id_cast_info", "Startup Cost": 0.0, "Total Cost": 0.51, "Plan Rows": 6, "Plan Width": 0, "Actual Startup Time": 134.176, "Actual Total Time": 134.176, "Actual Rows": 408545, "Actual Loops": 8790, "Index Cond": "(movie_id = mc.movie_id)"}]}]}, {"Node Type": "Bitmap Heap Scan", "Parent Relationship": "Inner", "Relation Name": "role_type", "Alias": "rt", "Startup Cost": 0.26, "Total Cost": 4.27, "Plan Rows": 1, "Plan Width": 4, "Actual Startup Time": 1.653, "Actual Total Time": 1.653, "Actual Rows": 275, "Actual Loops": 377, "Recheck Cond": "(id = ci.role_id)", "Rows Removed by Index Recheck": 0, "Filter": "((role)::text = 'actor'::text)", "Rows Removed by Filter": 102, "Exact Heap Blocks": 377, "Lossy Heap Blocks": 377, "Plans": [{"Node Type": "Bitmap Index Scan", "Parent Relationship": "Outer", "Index Name": "role_type_pkey", "Startup Cost": 0.0, "Total Cost": 0.26, "Plan Rows": 1, "Plan Width": 0, "Actual Startup Time": 0.619, "Actual Total Time": 0.619, "Actual Rows": 377, "Actual Loops": 377, "Index Cond": "(id = ci.role_id)"}]}]}, {"Node Type": "Bitmap Heap Scan", "Parent Relationship": "Inner", "Relation Name": "char_name", "Alias": "chn", "Startup Cost": 2.3, "Total Cost": 6.31, "Plan Rows": 1, "Plan Width": 20, "Actual Startup Time": 2.76, "Actual Total Time": 2.76, "Actual Rows": 265, "Actual Loops": 275, "Recheck Cond": "(id = ci.person_role_id)", "Rows Removed by Index Recheck": 0, "Exact Heap Blocks": 265, "Lossy Heap Blocks": 265, "Plans": [{"Node Type": "Bitmap Index Scan", "Parent Relationship": "Outer", "Index Name": "char_name_pkey", "Startup Cost": 0.0, "Total Cost": 2.3, "Plan Rows": 1, "Plan Width": 0, "Actual Startup Time": 1.81, "Actual Total Time": 1.81, "Actual Rows": 265, "Actual Loops": 275, "Index Cond": "(id = ci.person_role_id)"}]}]}, {"Node Type": "Bitmap Heap Scan", "Parent Relationship": "Inner", "Relation Name": "title", "Alias": "t", "Startup Cost": 0.27, "Total Cost": 4.29, "Plan Rows": 1, "Plan Width": 21, "Actual Startup Time": 2.584, "Actual Total Time": 2.584, "Actual Rows": 104, "Actual Loops": 265, "Recheck Cond": "(id = mc.movie_id)", "Rows Removed by Index Recheck": 0, "Filter": "(production_year > 2005)", "Rows Removed by Filter": 161, "Exact Heap Blocks": 265, "Lossy Heap Blocks": 265, "Plans": [{"Node Type": "Bitmap Index Scan", "Parent Relationship": "Outer", "Index Name": "title_pkey", "Startup Cost": 0.0, "Total Cost": 0.27, "Plan Rows": 1, "Plan Width": 0, "Actual Startup Time": 1.613, "Actual Total Time": 1.613, "Actual Rows": 265, "Actual Loops": 265, "Index Cond": "(id = mc.movie_id)"}]}]}, {"Node Type": "Bitmap Heap Scan", "Parent Relationship": "Inner", "Relation Name": "company_type", "Alias": "ct", "Startup Cost": 0.26, "Total Cost": 4.27, "Plan Rows": 1, "Plan Width": 4, "Actual Startup Time": 0.288, "Actual Total Time": 0.288, "Actual Rows": 18, "Actual Loops": 104, "Recheck Cond": "(id = mc.company_type_id)", "Rows Removed by Index Recheck": 0, "Exact Heap Blocks": 18, "Lossy Heap Blocks": 18, "Plans": [{"Node Type": "Bitmap Index Scan", "Parent Relationship": "Outer", "Index Name": "company_type_pkey", "Startup Cost": 0.0, "Total Cost": 0.26, "Plan Rows": 1, "Plan Width": 0, "Actual Startup Time": 0.156, "Actual Total Time": 0.156, "Actual Rows": 18, "Actual Loops": 104, "Index Cond": "(id = mc.company_type_id)"}]}]}]}, "Triggers": [], "Planner Runtime": 6, "Total Runtime": 1354.082, "Unique SQL Id": 2933943827}}, "(64, 104)": {"explain_plan": {"Plan": {"Node Type": "Aggregate", "Strategy": "Plain", "Startup Cost": 19914.67, "Total Cost": 19914.68, "Plan Rows": 1, "Plan Width": 97, "Plans": [{"Node Type": "Nested Loop", "Parent Relationship": "Outer", "Join Type": "Inner", "Startup Cost": 0.0, "Total Cost": 19914.66, "Plan Rows": 2, "Plan Width": 33, "Inner Unique": true, "Plans": [{"Node Type": "Nested Loop", "Parent Relationship": "Outer", "Join Type": "Inner", "Startup Cost": 0.0, "Total Cost": 19914.1, "Plan Rows": 2, "Plan Width": 37, "Inner Unique": true, "Plans": [{"Node Type": "Nested Loop", "Parent Relationship": "Outer", "Join Type": "Inner", "Startup Cost": 0.0, "Total Cost": 19887.22, "Plan Rows": 5, "Plan Width": 25, "Inner Unique": true, "Plans": [{"Node Type": "Nested Loop", "Parent Relationship": "Outer", "Join Type": "Inner", "Startup Cost": 0.0, "Total Cost": 19885.12, "Plan Rows": 6, "Plan Width": 16, "Inner Unique": true, "Plans": [{"Node Type": "Nested Loop", "Parent Relationship": "Outer", "Join Type": "Inner", "Startup Cost": 0.0, "Total Cost": 19865.87, "Plan Rows": 68, "Plan Width": 20, "Inner Unique": false, "Plans": [{"Node Type": "Nested Loop", "Parent Relationship": "Outer", "Join Type": "Inner", "Startup Cost": 0.0, "Total Cost": 16121.55, "Plan Rows": 3779, "Plan Width": 8, "Inner Unique": false, "Plans": [{"Node Type": "Seq Scan", "Parent Relationship": "Outer", "Relation Name": "company_name", "Alias": "cn", "Startup Cost": 0.0, "Total Cost": 5903.45, "Plan Rows": 251, "Plan Width": 4, "Filter": "((country_code)::text = '[ru]'::text)"}, {"Node Type": "Index Scan", "Parent Relationship": "Inner", "Scan Direction": "Forward", "Index Name": "company_id_movie_companies", "Relation Name": "movie_companies", "Alias": "mc", "Startup Cost": 0.0, "Total Cost": 40.56, "Plan Rows": 15, "Plan Width": 12, "Index Cond": "(company_id = cn.id)"}]}, {"Node Type": "Index Scan", "Parent Relationship": "Inner", "Scan Direction": "Forward", "Index Name": "movie_id_cast_info", "Relation Name": "cast_info", "Alias": "ci", "Startup Cost": 0.0, "Total Cost": 0.98, "Plan Rows": 1, "Plan Width": 12, "Index Cond": "(movie_id = mc.movie_id)", "Filter": "(((note)::text ~~ '%(voice)%'::text) AND ((note)::text ~~ '%(uncredited)%'::text))"}]}, {"Node Type": "Index Scan", "Parent Relationship": "Inner", "Scan Direction": "Forward", "Index Name": "role_type_pkey", "Relation Name": "role_type", "Alias": "rt", "Startup Cost": 0.0, "Total Cost": 0.27, "Plan Rows": 1, "Plan Width": 4, "Index Cond": "(id = ci.role_id)", "Filter": "((role)::text = 'actor'::text)"}]}, {"Node Type": "Index Scan", "Parent Relationship": "Inner", "Scan Direction": "Forward", "Index Name": "title_pkey", "Relation Name": "title", "Alias": "t", "Startup Cost": 0.0, "Total Cost": 0.34, "Plan Rows": 1, "Plan Width": 21, "Index Cond": "(id = mc.movie_id)", "Filter": "(production_year > 2005)"}]}, {"Node Type": "Index Scan", "Parent Relationship": "Inner", "Scan Direction": "Forward", "Index Name": "char_name_pkey", "Relation Name": "char_name", "Alias": "chn", "Startup Cost": 0.0, "Total Cost": 5.37, "Plan Rows": 1, "Plan Width": 20, "Index Cond": "(id = ci.person_role_id)"}]}, {"Node Type": "Index Only Scan", "Parent Relationship": "Inner", "Scan Direction": "Forward", "Index Name": "company_type_pkey", "Relation Name": "company_type", "Alias": "ct", "Startup Cost": 0.0, "Total Cost": 0.27, "Plan Rows": 1, "Plan Width": 4, "Index Cond": "(id = mc.company_type_id)"}]}]}, "Unique SQL Id": 2933943827, "Planner Runtime": 14}, "explain_analyze_plan": {"Plan": {"Node Type": "Aggregate", "Strategy": "Plain", "Startup Cost": 19914.67, "Total Cost": 19914.68, "Plan Rows": 1, "Plan Width": 97, "Actual Startup Time": 808.796, "Actual Total Time": 808.796, "Actual Rows": 1, "Actual Loops": 1, "Plans": [{"Node Type": "Nested Loop", "Parent Relationship": "Outer", "Join Type": "Inner", "Startup Cost": 0.0, "Total Cost": 19914.66, "Plan Rows": 2, "Plan Width": 33, "Actual Startup Time": 46.613, "Actual Total Time": 808.693, "Actual Rows": 18, "Actual Loops": 1, "Inner Unique": true, "Plans": [{"Node Type": "Nested Loop", "Parent Relationship": "Outer", "Join Type": "Inner", "Startup Cost": 0.0, "Total Cost": 19914.1, "Plan Rows": 2, "Plan Width": 37, "Actual Startup Time": 9.846, "Actual Total Time": 808.384, "Actual Rows": 104, "Actual Loops": 1, "Inner Unique": true, "Plans": [{"Node Type": "Nested Loop", "Parent Relationship": "Outer", "Join Type": "Inner", "Startup Cost": 0.0, "Total Cost": 19887.22, "Plan Rows": 5, "Plan Width": 25, "Actual Startup Time": 9.831, "Actual Total Time": 807.292, "Actual Rows": 112, "Actual Loops": 1, "Inner Unique": true, "Plans": [{"Node Type": "Nested Loop", "Parent Relationship": "Outer", "Join Type": "Inner", "Startup Cost": 0.0, "Total Cost": 19885.12, "Plan Rows": 6, "Plan Width": 16, "Actual Startup Time": 0.857, "Actual Total Time": 805.076, "Actual Rows": 275, "Actual Loops": 1, "Inner Unique": true, "Plans": [{"Node Type": "Nested Loop", "Parent Relationship": "Outer", "Join Type": "Inner", "Startup Cost": 0.0, "Total Cost": 19865.87, "Plan Rows": 68, "Plan Width": 20, "Actual Startup Time": 0.85, "Actual Total Time": 803.294, "Actual Rows": 377, "Actual Loops": 1, "Inner Unique": false, "Plans": [{"Node Type": "Nested Loop", "Parent Relationship": "Outer", "Join Type": "Inner", "Startup Cost": 0.0, "Total Cost": 16121.55, "Plan Rows": 3779, "Plan Width": 8, "Actual Startup Time": 0.071, "Actual Total Time": 107.929, "Actual Rows": 8790, "Actual Loops": 1, "Inner Unique": false, "Plans": [{"Node Type": "Seq Scan", "Parent Relationship": "Outer", "Relation Name": "company_name", "Alias": "cn", "Startup Cost": 0.0, "Total Cost": 5903.45, "Plan Rows": 251, "Plan Width": 4, "Actual Startup Time": 0.048, "Actual Total Time": 83.099, "Actual Rows": 1361, "Actual Loops": 1, "Filter": "((country_code)::text = '[ru]'::text)", "Rows Removed by Filter": 233635}, {"Node Type": "Index Scan", "Parent Relationship": "Inner", "Scan Direction": "Forward", "Index Name": "company_id_movie_companies", "Relation Name": "movie_companies", "Alias": "mc", "Startup Cost": 0.0, "Total Cost": 40.56, "Plan Rows": 15, "Plan Width": 12, "Actual Startup Time": 8.979, "Actual Total Time": 21.581, "Actual Rows": 8790, "Actual Loops": 1361, "Index Cond": "(company_id = cn.id)", "Rows Removed by Index Recheck": 0}]}, {"Node Type": "Index Scan", "Parent Relationship": "Inner", "Scan Direction": "Forward", "Index Name": "movie_id_cast_info", "Relation Name": "cast_info", "Alias": "ci", "Startup Cost": 0.0, "Total Cost": 0.98, "Plan Rows": 1, "Plan Width": 12, "Actual Startup Time": 650.013, "Actual Total Time": 689.859, "Actual Rows": 377, "Actual Loops": 8790, "Index Cond": "(movie_id = mc.movie_id)", "Rows Removed by Index Recheck": 0, "Filter": "(((note)::text ~~ '%(voice)%'::text) AND ((note)::text ~~ '%(uncredited)%'::text))", "Rows Removed by Filter": 408168}]}, {"Node Type": "Index Scan", "Parent Relationship": "Inner", "Scan Direction": "Forward", "Index Name": "role_type_pkey", "Relation Name": "role_type", "Alias": "rt", "Startup Cost": 0.0, "Total Cost": 0.27, "Plan Rows": 1, "Plan Width": 4, "Actual Startup Time": 1.167, "Actual Total Time": 1.167, "Actual Rows": 275, "Actual Loops": 377, "Index Cond": "(id = ci.role_id)", "Rows Removed by Index Recheck": 0, "Filter": "((role)::text = 'actor'::text)", "Rows Removed by Filter": 102}]}, {"Node Type": "Index Scan", "Parent Relationship": "Inner", "Scan Direction": "Forward", "Index Name": "title_pkey", "Relation Name": "title", "Alias": "t", "Startup Cost": 0.0, "Total Cost": 0.34, "Plan Rows": 1, "Plan Width": 21, "Actual Startup Time": 1.802, "Actual Total Time": 1.802, "Actual Rows": 112, "Actual Loops": 275, "Index Cond": "(id = mc.movie_id)", "Rows Removed by Index Recheck": 0, "Filter": "(production_year > 2005)", "Rows Removed by Filter": 163}]}, {"Node Type": "Index Scan", "Parent Relationship": "Inner", "Scan Direction": "Forward", "Index Name": "char_name_pkey", "Relation Name": "char_name", "Alias": "chn", "Startup Cost": 0.0, "Total Cost": 5.37, "Plan Rows": 1, "Plan Width": 20, "Actual Startup Time": 0.853, "Actual Total Time": 0.853, "Actual Rows": 104, "Actual Loops": 112, "Index Cond": "(id = ci.person_role_id)", "Rows Removed by Index Recheck": 0}]}, {"Node Type": "Index Only Scan", "Parent Relationship": "Inner", "Scan Direction": "Forward", "Index Name": "company_type_pkey", "Relation Name": "company_type", "Alias": "ct", "Startup Cost": 0.0, "Total Cost": 0.27, "Plan Rows": 1, "Plan Width": 4, "Actual Startup Time": 0.154, "Actual Total Time": 0.154, "Actual Rows": 18, "Actual Loops": 104, "Index Cond": "(id = mc.company_type_id)", "Rows Removed by Index Recheck": 0, "Heap Fetches": 0}]}]}, "Triggers": [], "Planner Runtime": 14, "Total Runtime": 809.266, "Unique SQL Id": 2933943827}}, "(64, 105)": {"explain_plan": {"Plan": {"Node Type": "Aggregate", "Strategy": "Plain", "Startup Cost": 24512.61, "Total Cost": 24512.62, "Plan Rows": 1, "Plan Width": 97, "Plans": [{"Node Type": "Nested Loop", "Parent Relationship": "Outer", "Join Type": "Inner", "Startup Cost": 0.0, "Total Cost": 24512.6, "Plan Rows": 2, "Plan Width": 33, "Inner Unique": true, "Plans": [{"Node Type": "Nested Loop", "Parent Relationship": "Outer", "Join Type": "Inner", "Startup Cost": 0.0, "Total Cost": 24512.04, "Plan Rows": 2, "Plan Width": 37, "Inner Unique": true, "Plans": [{"Node Type": "Nested Loop", "Parent Relationship": "Outer", "Join Type": "Inner", "Startup Cost": 0.0, "Total Cost": 24485.16, "Plan Rows": 5, "Plan Width": 25, "Inner Unique": true, "Plans": [{"Node Type": "Nested Loop", "Parent Relationship": "Outer", "Join Type": "Inner", "Startup Cost": 0.0, "Total Cost": 24483.05, "Plan Rows": 6, "Plan Width": 16, "Inner Unique": true, "Plans": [{"Node Type": "Nested Loop", "Parent Relationship": "Outer", "Join Type": "Inner", "Startup Cost": 0.0, "Total Cost": 24463.81, "Plan Rows": 68, "Plan Width": 20, "Inner Unique": false, "Plans": [{"Node Type": "Nested Loop", "Parent Relationship": "Outer", "Join Type": "Inner", "Startup Cost": 0.0, "Total Cost": 20719.49, "Plan Rows": 3779, "Plan Width": 8, "Inner Unique": false, "Plans": [{"Node Type": "Index Scan", "Parent Relationship": "Outer", "Scan Direction": "Forward", "Index Name": "company_name_pkey", "Relation Name": "company_name", "Alias": "cn", "Startup Cost": 0.0, "Total Cost": 10501.39, "Plan Rows": 251, "Plan Width": 4, "Filter": "((country_code)::text = '[ru]'::text)"}, {"Node Type": "Index Scan", "Parent Relationship": "Inner", "Scan Direction": "Forward", "Index Name": "company_id_movie_companies", "Relation Name": "movie_companies", "Alias": "mc", "Startup Cost": 0.0, "Total Cost": 40.56, "Plan Rows": 15, "Plan Width": 12, "Index Cond": "(company_id = cn.id)"}]}, {"Node Type": "Index Scan", "Parent Relationship": "Inner", "Scan Direction": "Forward", "Index Name": "movie_id_cast_info", "Relation Name": "cast_info", "Alias": "ci", "Startup Cost": 0.0, "Total Cost": 0.98, "Plan Rows": 1, "Plan Width": 12, "Index Cond": "(movie_id = mc.movie_id)", "Filter": "(((note)::text ~~ '%(voice)%'::text) AND ((note)::text ~~ '%(uncredited)%'::text))"}]}, {"Node Type": "Index Scan", "Parent Relationship": "Inner", "Scan Direction": "Forward", "Index Name": "role_type_pkey", "Relation Name": "role_type", "Alias": "rt", "Startup Cost": 0.0, "Total Cost": 0.27, "Plan Rows": 1, "Plan Width": 4, "Index Cond": "(id = ci.role_id)", "Filter": "((role)::text = 'actor'::text)"}]}, {"Node Type": "Index Scan", "Parent Relationship": "Inner", "Scan Direction": "Forward", "Index Name": "title_pkey", "Relation Name": "title", "Alias": "t", "Startup Cost": 0.0, "Total Cost": 0.34, "Plan Rows": 1, "Plan Width": 21, "Index Cond": "(id = mc.movie_id)", "Filter": "(production_year > 2005)"}]}, {"Node Type": "Index Scan", "Parent Relationship": "Inner", "Scan Direction": "Forward", "Index Name": "char_name_pkey", "Relation Name": "char_name", "Alias": "chn", "Startup Cost": 0.0, "Total Cost": 5.37, "Plan Rows": 1, "Plan Width": 20, "Index Cond": "(id = ci.person_role_id)"}]}, {"Node Type": "Index Only Scan", "Parent Relationship": "Inner", "Scan Direction": "Forward", "Index Name": "company_type_pkey", "Relation Name": "company_type", "Alias": "ct", "Startup Cost": 0.0, "Total Cost": 0.27, "Plan Rows": 1, "Plan Width": 4, "Index Cond": "(id = mc.company_type_id)"}]}]}, "Unique SQL Id": 2933943827, "Planner Runtime": 9}, "explain_analyze_plan": {"Plan": {"Node Type": "Aggregate", "Strategy": "Plain", "Startup Cost": 24512.61, "Total Cost": 24512.62, "Plan Rows": 1, "Plan Width": 97, "Actual Startup Time": 1228.667, "Actual Total Time": 1228.667, "Actual Rows": 1, "Actual Loops": 1, "Plans": [{"Node Type": "Nested Loop", "Parent Relationship": "Outer", "Join Type": "Inner", "Startup Cost": 0.0, "Total Cost": 24512.6, "Plan Rows": 2, "Plan Width": 33, "Actual Startup Time": 35.824, "Actual Total Time": 1228.585, "Actual Rows": 18, "Actual Loops": 1, "Inner Unique": true, "Plans": [{"Node Type": "Nested Loop", "Parent Relationship": "Outer", "Join Type": "Inner", "Startup Cost": 0.0, "Total Cost": 24512.04, "Plan Rows": 2, "Plan Width": 37, "Actual Startup Time": 27.058, "Actual Total Time": 1228.241, "Actual Rows": 104, "Actual Loops": 1, "Inner Unique": true, "Plans": [{"Node Type": "Nested Loop", "Parent Relationship": "Outer", "Join Type": "Inner", "Startup Cost": 0.0, "Total Cost": 24485.16, "Plan Rows": 5, "Plan Width": 25, "Actual Startup Time": 27.043, "Actual Total Time": 1226.984, "Actual Rows": 112, "Actual Loops": 1, "Inner Unique": true, "Plans": [{"Node Type": "Nested Loop", "Parent Relationship": "Outer", "Join Type": "Inner", "Startup Cost": 0.0, "Total Cost": 24483.05, "Plan Rows": 6, "Plan Width": 16, "Actual Startup Time": 7.717, "Actual Total Time": 1224.323, "Actual Rows": 275, "Actual Loops": 1, "Inner Unique": true, "Plans": [{"Node Type": "Nested Loop", "Parent Relationship": "Outer", "Join Type": "Inner", "Startup Cost": 0.0, "Total Cost": 24463.81, "Plan Rows": 68, "Plan Width": 20, "Actual Startup Time": 7.707, "Actual Total Time": 1222.614, "Actual Rows": 377, "Actual Loops": 1, "Inner Unique": false, "Plans": [{"Node Type": "Nested Loop", "Parent Relationship": "Outer", "Join Type": "Inner", "Startup Cost": 0.0, "Total Cost": 20719.49, "Plan Rows": 3779, "Plan Width": 8, "Actual Startup Time": 0.543, "Actual Total Time": 326.113, "Actual Rows": 8790, "Actual Loops": 1, "Inner Unique": false, "Plans": [{"Node Type": "Index Scan", "Parent Relationship": "Outer", "Scan Direction": "Forward", "Index Name": "company_name_pkey", "Relation Name": "company_name", "Alias": "cn", "Startup Cost": 0.0, "Total Cost": 10501.39, "Plan Rows": 251, "Plan Width": 4, "Actual Startup Time": 0.524, "Actual Total Time": 298.445, "Actual Rows": 1361, "Actual Loops": 1, "Filter": "((country_code)::text = '[ru]'::text)", "Rows Removed by Filter": 233635}, {"Node Type": "Index Scan", "Parent Relationship": "Inner", "Scan Direction": "Forward", "Index Name": "company_id_movie_companies", "Relation Name": "movie_companies", "Alias": "mc", "Startup Cost": 0.0, "Total Cost": 40.56, "Plan Rows": 15, "Plan Width": 12, "Actual Startup Time": 9.228, "Actual Total Time": 24.111, "Actual Rows": 8790, "Actual Loops": 1361, "Index Cond": "(company_id = cn.id)", "Rows Removed by Index Recheck": 0}]}, {"Node Type": "Index Scan", "Parent Relationship": "Inner", "Scan Direction": "Forward", "Index Name": "movie_id_cast_info", "Relation Name": "cast_info", "Alias": "ci", "Startup Cost": 0.0, "Total Cost": 0.98, "Plan Rows": 1, "Plan Width": 12, "Actual Startup Time": 838.281, "Actual Total Time": 890.8, "Actual Rows": 377, "Actual Loops": 8790, "Index Cond": "(movie_id = mc.movie_id)", "Rows Removed by Index Recheck": 0, "Filter": "(((note)::text ~~ '%(voice)%'::text) AND ((note)::text ~~ '%(uncredited)%'::text))", "Rows Removed by Filter": 408168}]}, {"Node Type": "Index Scan", "Parent Relationship": "Inner", "Scan Direction": "Forward", "Index Name": "role_type_pkey", "Relation Name": "role_type", "Alias": "rt", "Startup Cost": 0.0, "Total Cost": 0.27, "Plan Rows": 1, "Plan Width": 4, "Actual Startup Time": 1.127, "Actual Total Time": 1.127, "Actual Rows": 275, "Actual Loops": 377, "Index Cond": "(id = ci.role_id)", "Rows Removed by Index Recheck": 0, "Filter": "((role)::text = 'actor'::text)", "Rows Removed by Filter": 102}]}, {"Node Type": "Index Scan", "Parent Relationship": "Inner", "Scan Direction": "Forward", "Index Name": "title_pkey", "Relation Name": "title", "Alias": "t", "Startup Cost": 0.0, "Total Cost": 0.34, "Plan Rows": 1, "Plan Width": 21, "Actual Startup Time": 2.248, "Actual Total Time": 2.248, "Actual Rows": 112, "Actual Loops": 275, "Index Cond": "(id = mc.movie_id)", "Rows Removed by Index Recheck": 0, "Filter": "(production_year > 2005)", "Rows Removed by Filter": 163}]}, {"Node Type": "Index Scan", "Parent Relationship": "Inner", "Scan Direction": "Forward", "Index Name": "char_name_pkey", "Relation Name": "char_name", "Alias": "chn", "Startup Cost": 0.0, "Total Cost": 5.37, "Plan Rows": 1, "Plan Width": 20, "Actual Startup Time": 0.993, "Actual Total Time": 0.993, "Actual Rows": 104, "Actual Loops": 112, "Index Cond": "(id = ci.person_role_id)", "Rows Removed by Index Recheck": 0}]}, {"Node Type": "Index Only Scan", "Parent Relationship": "Inner", "Scan Direction": "Forward", "Index Name": "company_type_pkey", "Relation Name": "company_type", "Alias": "ct", "Startup Cost": 0.0, "Total Cost": 0.27, "Plan Rows": 1, "Plan Width": 4, "Actual Startup Time": 0.167, "Actual Total Time": 0.167, "Actual Rows": 18, "Actual Loops": 104, "Index Cond": "(id = mc.company_type_id)", "Rows Removed by Index Recheck": 0, "Heap Fetches": 0}]}]}, "Triggers": [], "Planner Runtime": 9, "Total Runtime": 1229.035, "Unique SQL Id": 2933943827}}, "(64, 106)": {"explain_plan": {"Plan": {"Node Type": "Aggregate", "Strategy": "Plain", "Startup Cost": 295041.64, "Total Cost": 295041.65, "Plan Rows": 1, "Plan Width": 97, "Plans": [{"Node Type": "Hash Join", "Parent Relationship": "Outer", "Join Type": "Inner", "Startup Cost": 156168.33, "Total Cost": 295041.63, "Plan Rows": 2, "Plan Width": 33, "Inner Unique": true, "Hash Cond": "(mc.company_type_id = ct.id)", "Plans": [{"Node Type": "Hash Join", "Parent Relationship": "Outer", "Join Type": "Inner", "Startup Cost": 156167.26, "Total Cost": 295040.54, "Plan Rows": 2, "Plan Width": 37, "Inner Unique": true, "Hash Cond": "(ci.role_id = rt.id)", "Plans": [{"Node Type": "Hash Join", "Parent Relationship": "Outer", "Join Type": "Inner", "Startup Cost": 156166.1, "Total Cost": 295039.18, "Plan Rows": 40, "Plan Width": 41, "Inner Unique": true, "Hash Cond": "(mc.movie_id = t.id)", "Plans": [{"Node Type": "Streaming(type: LOCAL GATHER dop: 1/64)", "Parent Relationship": "Outer", "Startup Cost": 122261.06, "Total Cost": 261133.62, "Plan Rows": 33, "Plan Width": 32, "Plans": [{"Node Type": "Hash Join", "Parent Relationship": "Outer", "Join Type": "Inner", "Startup Cost": 122261.06, "Total Cost": 261132.94, "Plan Rows": 33, "Plan Width": 32, "Inner Unique": true, "Hash Cond": "(ci.person_role_id = chn.id)", "Plans": [{"Node Type": "Streaming(type: BROADCAST dop: 64/1)", "Parent Relationship": "Outer", "Startup Cost": 57593.12, "Total Cost": 196464.74, "Plan Rows": 4352, "Plan Width": 20, "Plans": [{"Node Type": "Hash Join", "Parent Relationship": "Outer", "Join Type": "Inner", "Startup Cost": 57593.12, "Total Cost": 133374.96, "Plan Rows": 68, "Plan Width": 20, "Inner Unique": false, "Hash Cond": "(ci.movie_id = mc.movie_id)", "Plans": [{"Node Type": "Streaming(type: LOCAL GATHER dop: 1/64)", "Parent Relationship": "Outer", "Startup Cost": 0.0, "Total Cost": 75697.06, "Plan Rows": 22295, "Plan Width": 12, "Plans": [{"Node Type": "Seq Scan", "Parent Relationship": "Outer", "Relation Name": "cast_info", "Alias": "ci", "Startup Cost": 0.0, "Total Cost": 75237.12, "Plan Rows": 22295, "Plan Width": 12, "Filter": "(((note)::text ~~ '%(voice)%'::text) AND ((note)::text ~~ '%(uncredited)%'::text))"}]}, {"Node Type": "Hash", "Parent Relationship": "Inner", "Startup Cost": 57545.89, "Total Cost": 57545.89, "Plan Rows": 3779, "Plan Width": 8, "Plans": [{"Node Type": "Hash Join", "Parent Relationship": "Outer", "Join Type": "Inner", "Startup Cost": 5906.59, "Total Cost": 57545.89, "Plan Rows": 3779, "Plan Width": 8, "Inner Unique": true, "Hash Cond": "(mc.company_id = cn.id)", "Plans": [{"Node Type": "Seq Scan", "Parent Relationship": "Outer", "Relation Name": "movie_companies", "Alias": "mc", "Startup Cost": 0.0, "Total Cost": 41817.28, "Plan Rows": 2609128, "Plan Width": 12}, {"Node Type": "Hash", "Parent Relationship": "Inner", "Startup Cost": 5903.45, "Total Cost": 5903.45, "Plan Rows": 251, "Plan Width": 4, "Plans": [{"Node Type": "Seq Scan", "Parent Relationship": "Outer", "Relation Name": "company_name", "Alias": "cn", "Startup Cost": 0.0, "Total Cost": 5903.45, "Plan Rows": 251, "Plan Width": 4, "Filter": "((country_code)::text = '[ru]'::text)"}]}]}]}]}]}, {"Node Type": "Hash", "Parent Relationship": "Inner", "Startup Cost": 64054.58, "Total Cost": 64054.58, "Plan Rows": 3140338, "Plan Width": 20, "Plans": [{"Node Type": "Seq Scan", "Parent Relationship": "Outer", "Relation Name": "char_name", "Alias": "chn", "Startup Cost": 0.0, "Total Cost": 64054.58, "Plan Rows": 3140338, "Plan Width": 20}]}]}]}, {"Node Type": "Hash", "Parent Relationship": "Inner", "Startup Cost": 84945.56, "Total Cost": 84945.56, "Plan Rows": 1013492, "Plan Width": 21, "Plans": [{"Node Type": "Streaming(type: LOCAL GATHER dop: 1/64)", "Parent Relationship": "Outer", "Startup Cost": 0.0, "Total Cost": 84945.56, "Plan Rows": 1013492, "Plan Width": 21, "Plans": [{"Node Type": "Seq Scan", "Parent Relationship": "Outer", "Relation Name": "title", "Alias": "t", "Startup Cost": 0.0, "Total Cost": 64037.34, "Plan Rows": 1013492, "Plan Width": 21, "Filter": "(production_year > 2005), (LLVM Optimized)"}]}]}]}, {"Node Type": "Hash", "Parent Relationship": "Inner", "Startup Cost": 1.15, "Total Cost": 1.15, "Plan Rows": 1, "Plan Width": 4, "Plans": [{"Node Type": "Seq Scan", "Parent Relationship": "Outer", "Relation Name": "role_type", "Alias": "rt", "Startup Cost": 0.0, "Total Cost": 1.15, "Plan Rows": 1, "Plan Width": 4, "Filter": "((role)::text = 'actor'::text)"}]}]}, {"Node Type": "Hash", "Parent Relationship": "Inner", "Startup Cost": 1.03, "Total Cost": 1.03, "Plan Rows": 3, "Plan Width": 4, "Plans": [{"Node Type": "Seq Scan", "Parent Relationship": "Outer", "Relation Name": "company_type", "Alias": "ct", "Startup Cost": 0.0, "Total Cost": 1.03, "Plan Rows": 3, "Plan Width": 4}]}]}]}, "Unique SQL Id": 2933943827, "Planner Runtime": 44}, "explain_analyze_plan": {"Plan": {"Node Type": "Aggregate", "Strategy": "Plain", "Startup Cost": 295041.64, "Total Cost": 295041.65, "Plan Rows": 1, "Plan Width": 97, "Actual Min Startup Time": 1560.978, "Actual Max Startup Time": 1560.978, "Actual Min Total Time": 1560.978, "Actual Max Total Time": 1560.978, "Plans": [{"Node Type": "Hash Join", "Parent Relationship": "Outer", "Join Type": "Inner", "Startup Cost": 156168.33, "Total Cost": 295041.63, "Plan Rows": 2, "Plan Width": 33, "Actual Min Startup Time": 1559.022, "Actual Max Startup Time": 1559.022, "Actual Min Total Time": 1560.925, "Actual Max Total Time": 1560.925, "Inner Unique": true, "Hash Cond": "(mc.company_type_id = ct.id)", "Plans": [{"Node Type": "Hash Join", "Parent Relationship": "Outer", "Join Type": "Inner", "Startup Cost": 156167.26, "Total Cost": 295040.54, "Plan Rows": 2, "Plan Width": 37, "Actual Min Startup Time": 1558.881, "Actual Max Startup Time": 1558.881, "Actual Min Total Time": 1560.769, "Actual Max Total Time": 1560.769, "Inner Unique": true, "Hash Cond": "(ci.role_id = rt.id)", "Plans": [{"Node Type": "Hash Join", "Parent Relationship": "Outer", "Join Type": "Inner", "Startup Cost": 156166.1, "Total Cost": 295039.18, "Plan Rows": 40, "Plan Width": 41, "Actual Min Startup Time": 1558.795, "Actual Max Startup Time": 1558.795, "Actual Min Total Time": 1559.203, "Actual Max Total Time": 1559.203, "Inner Unique": true, "Hash Cond": "(mc.movie_id = t.id)", "Plans": [{"Node Type": "Streaming(type: LOCAL GATHER dop: 1/64)", "Parent Relationship": "Outer", "Startup Cost": 122261.06, "Total Cost": 261133.62, "Plan Rows": 33, "Plan Width": 32, "Actual Min Startup Time": 673.369, "Actual Max Startup Time": 673.369, "Actual Min Total Time": 673.619, "Actual Max Total Time": 673.619, "Plans": [{"Node Type": "Hash Join", "Parent Relationship": "Outer", "Join Type": "Inner", "Startup Cost": 122261.06, "Total Cost": 261132.94, "Plan Rows": 33, "Plan Width": 32, "Actual Min Startup Time": 1066.448, "Actual Max Startup Time": 1329.194, "Actual Min Total Time": 1243.825, "Actual Max Total Time": 1358.797, "Inner Unique": true, "Hash Cond": "(ci.person_role_id = chn.id)", "Plans": [{"Node Type": "Streaming(type: BROADCAST dop: 64/1)", "Parent Relationship": "Outer", "Startup Cost": 57593.12, "Total Cost": 196464.74, "Plan Rows": 4352, "Plan Width": 20, "Actual Min Startup Time": 1031.1, "Actual Max Startup Time": 1146.957, "Actual Min Total Time": 1208.376, "Actual Max Total Time": 1324.177, "Plans": [{"Node Type": "Hash Join", "Parent Relationship": "Outer", "Join Type": "Inner", "Startup Cost": 57593.12, "Total Cost": 133374.96, "Plan Rows": 68, "Plan Width": 20, "Actual Min Startup Time": 1163.053, "Actual Max Startup Time": 1163.053, "Actual Min Total Time": 1334.103, "Actual Max Total Time": 1334.103, "Inner Unique": false, "Hash Cond": "(ci.movie_id = mc.movie_id)", "Plans": [{"Node Type": "Streaming(type: LOCAL GATHER dop: 1/64)", "Parent Relationship": "Outer", "Startup Cost": 0.0, "Total Cost": 75697.06, "Plan Rows": 22295, "Plan Width": 12, "Actual Min Startup Time": 0.186, "Actual Max Startup Time": 0.186, "Actual Min Total Time": 163.779, "Actual Max Total Time": 163.779, "Plans": [{"Node Type": "Seq Scan", "Parent Relationship": "Outer", "Relation Name": "cast_info", "Alias": "ci", "Startup Cost": 0.0, "Total Cost": 75237.12, "Plan Rows": 22295, "Plan Width": 12, "Actual Min Startup Time": 0.052, "Actual Max Startup Time": 6.349, "Actual Min Total Time": 174.447, "Actual Max Total Time": 195.309, "Filter": "(((note)::text ~~ '%(voice)%'::text) AND ((note)::text ~~ '%(uncredited)%'::text))", "Rows Removed by Filter": 36212055, "Actual Rows": 32288}], "Actual Rows": 32288}, {"Node Type": "Hash", "Parent Relationship": "Inner", "Startup Cost": 57545.89, "Total Cost": 57545.89, "Plan Rows": 3779, "Plan Width": 8, "Actual Min Startup Time": 1162.663, "Actual Max Startup Time": 1162.663, "Actual Min Total Time": 1162.663, "Actual Max Total Time": 1162.663, "Max Hash Buckets": 32768, "Min Hash Buckets": 32768, "Max Hash Batches": 1, "Min Hash Batches": 1, "Max Original Hash Batches": 1, "Min Original Hash Batches": 1, "Max Peak Memory Usage": 344, "min Peak Memory Usage": 344, "Plans": [{"Node Type": "Hash Join", "Parent Relationship": "Outer", "Join Type": "Inner", "Startup Cost": 5906.59, "Total Cost": 57545.89, "Plan Rows": 3779, "Plan Width": 8, "Actual Min Startup Time": 85.778, "Actual Max Startup Time": 85.778, "Actual Min Total Time": 1158.879, "Actual Max Total Time": 1158.879, "Inner Unique": true, "Hash Cond": "(mc.company_id = cn.id)", "Plans": [{"Node Type": "Seq Scan", "Parent Relationship": "Outer", "Relation Name": "movie_companies", "Alias": "mc", "Startup Cost": 0.0, "Total Cost": 41817.28, "Plan Rows": 2609128, "Plan Width": 12, "Actual Min Startup Time": 0.042, "Actual Max Startup Time": 0.042, "Actual Min Total Time": 607.902, "Actual Max Total Time": 607.902, "Actual Rows": 2609128}, {"Node Type": "Hash", "Parent Relationship": "Inner", "Startup Cost": 5903.45, "Total Cost": 5903.45, "Plan Rows": 251, "Plan Width": 4, "Actual Min Startup Time": 84.997, "Actual Max Startup Time": 84.997, "Actual Min Total Time": 84.997, "Actual Max Total Time": 84.997, "Max Hash Buckets": 32768, "Min Hash Buckets": 32768, "Max Hash Batches": 1, "Min Hash Batches": 1, "Max Original Hash Batches": 1, "Min Original Hash Batches": 1, "Max Peak Memory Usage": 48, "min Peak Memory Usage": 48, "Plans": [{"Node Type": "Seq Scan", "Parent Relationship": "Outer", "Relation Name": "company_name", "Alias": "cn", "Startup Cost": 0.0, "Total Cost": 5903.45, "Plan Rows": 251, "Plan Width": 4, "Actual Min Startup Time": 0.054, "Actual Max Startup Time": 0.054, "Actual Min Total Time": 84.101, "Actual Max Total Time": 84.101, "Filter": "((country_code)::text = '[ru]'::text)", "Rows Removed by Filter": 233635, "Actual Rows": 1361}], "Actual Rows": 1361}], "Actual Rows": 8790}], "Actual Rows": 8790}], "Actual Rows": 377}], "Actual Rows": 24128}, {"Node Type": "Hash", "Parent Relationship": "Inner", "Startup Cost": 64054.58, "Total Cost": 64054.58, "Plan Rows": 3140338, "Plan Width": 20, "Actual Min Startup Time": 27.279, "Actual Max Startup Time": 52.442, "Actual Min Total Time": 27.279, "Actual Max Total Time": 52.442, "Max Hash Buckets": 65536, "Min Hash Buckets": 65536, "Max Hash Batches": 1, "Min Hash Batches": 1, "Max Original Hash Batches": 1, "Min Original Hash Batches": 1, "Max Peak Memory Usage": 2747, "min Peak Memory Usage": 2747, "Plans": [{"Node Type": "Seq Scan", "Parent Relationship": "Outer", "Relation Name": "char_name", "Alias": "chn", "Startup Cost": 0.0, "Total Cost": 64054.58, "Plan Rows": 3140338, "Plan Width": 20, "Actual Min Startup Time": 0.028, "Actual Max Startup Time": 3.322, "Actual Min Total Time": 14.303, "Actual Max Total Time": 18.787, "Actual Rows": 3140338}], "Actual Rows": 3140338}], "Actual Rows": 337}], "Actual Rows": 337}, {"Node Type": "Hash", "Parent Relationship": "Inner", "Startup Cost": 84945.56, "Total Cost": 84945.56, "Plan Rows": 1013492, "Plan Width": 21, "Actual Min Startup Time": 884.679, "Actual Max Startup Time": 884.679, "Actual Min Total Time": 884.679, "Actual Max Total Time": 884.679, "Max Hash Buckets": 1048576, "Min Hash Buckets": 1048576, "Max Hash Batches": 1, "Min Hash Batches": 1, "Max Original Hash Batches": 1, "Min Original Hash Batches": 1, "Max Peak Memory Usage": 54335, "min Peak Memory Usage": 54335, "Plans": [{"Node Type": "Streaming(type: LOCAL GATHER dop: 1/64)", "Parent Relationship": "Outer", "Startup Cost": 0.0, "Total Cost": 84945.56, "Plan Rows": 1013492, "Plan Width": 21, "Actual Min Startup Time": 199.632, "Actual Max Startup Time": 199.632, "Actual Min Total Time": 582.988, "Actual Max Total Time": 582.988, "Plans": [{"Node Type": "Seq Scan", "Parent Relationship": "Outer", "Relation Name": "title", "Alias": "t", "Startup Cost": 0.0, "Total Cost": 64037.34, "Plan Rows": 1013492, "Plan Width": 21, "Actual Min Startup Time": 0.027, "Actual Max Startup Time": 0.052, "Actual Min Total Time": 13.833, "Actual Max Total Time": 18.952, "Filter": "(production_year > 2005), (LLVM Optimized, Jit Execute)", "Rows Removed by Filter": 1515391, "Actual Rows": 1012920}], "Actual Rows": 1012920}], "Actual Rows": 1012920}], "Actual Rows": 135}, {"Node Type": "Hash", "Parent Relationship": "Inner", "Startup Cost": 1.15, "Total Cost": 1.15, "Plan Rows": 1, "Plan Width": 4, "Actual Min Startup Time": 0.048, "Actual Max Startup Time": 0.048, "Actual Min Total Time": 0.048, "Actual Max Total Time": 0.048, "Max Hash Buckets": 32768, "Min Hash Buckets": 32768, "Max Hash Batches": 1, "Min Hash Batches": 1, "Max Original Hash Batches": 1, "Min Original Hash Batches": 1, "Max Peak Memory Usage": 1, "min Peak Memory Usage": 1, "Plans": [{"Node Type": "Seq Scan", "Parent Relationship": "Outer", "Relation Name": "role_type", "Alias": "rt", "Startup Cost": 0.0, "Total Cost": 1.15, "Plan Rows": 1, "Plan Width": 4, "Actual Min Startup Time": 0.036, "Actual Max Startup Time": 0.036, "Actual Min Total Time": 0.04, "Actual Max Total Time": 0.04, "Filter": "((role)::text = 'actor'::text)", "Rows Removed by Filter": 11, "Actual Rows": 1}], "Actual Rows": 1}], "Actual Rows": 104}, {"Node Type": "Hash", "Parent Relationship": "Inner", "Startup Cost": 1.03, "Total Cost": 1.03, "Plan Rows": 3, "Plan Width": 4, "Actual Min Startup Time": 0.05, "Actual Max Startup Time": 0.05, "Actual Min Total Time": 0.05, "Actual Max Total Time": 0.05, "Max Hash Buckets": 32768, "Min Hash Buckets": 32768, "Max Hash Batches": 1, "Min Hash Batches": 1, "Max Original Hash Batches": 1, "Min Original Hash Batches": 1, "Max Peak Memory Usage": 1, "min Peak Memory Usage": 1, "Plans": [{"Node Type": "Seq Scan", "Parent Relationship": "Outer", "Relation Name": "company_type", "Alias": "ct", "Startup Cost": 0.0, "Total Cost": 1.03, "Plan Rows": 3, "Plan Width": 4, "Actual Min Startup Time": 0.032, "Actual Max Startup Time": 0.032, "Actual Min Total Time": 0.036, "Actual Max Total Time": 0.036, "Actual Rows": 3}], "Actual Rows": 3}], "Actual Rows": 18}], "Actual Rows": 1}, "Triggers": [], "Planner Runtime": 45, "Total Runtime": 1609.392, "Unique SQL Id": 2933943827}}, "(64, 107)": {"explain_plan": {"Plan": {"Node Type": "Aggregate", "Strategy": "Plain", "Startup Cost": 7000050547582.21, "Total Cost": 7000050547582.22, "Plan Rows": 1, "Plan Width": 97, "Plans": [{"Node Type": "Hash Join", "Parent Relationship": "Outer", "Join Type": "Inner", "Startup Cost": 5020035053888.1, "Total Cost": 7000050547582.19, "Plan Rows": 4, "Plan Width": 33, "Inner Unique": true, "Hash Cond": "(mc.company_type_id = ct.id)", "Plans": [{"Node Type": "Hash Join", "Parent Relationship": "Outer", "Join Type": "Inner", "Startup Cost": 4020035053058.56, "Total Cost": 6000050546752.6, "Plan Rows": 4, "Plan Width": 37, "Inner Unique": true, "Hash Cond": "(ci.person_role_id = chn.id)", "Plans": [{"Node Type": "Hash Join", "Parent Relationship": "Outer", "Join Type": "Inner", "Startup Cost": 3020022026258.83, "Total Cost": 5000037519952.81, "Plan Rows": 7, "Plan Width": 25, "Inner Unique": false, "Hash Cond": "(ci.movie_id = t.id)", "Plans": [{"Node Type": "Nested Loop", "Parent Relationship": "Outer", "Join Type": "Inner", "Startup Cost": 20000000000.0, "Total Cost": 2000015493686.27, "Plan Rows": 2027, "Plan Width": 8, "Inner Unique": false, "Plans": [{"Node Type": "Index Scan", "Parent Relationship": "Outer", "Scan Direction": "Forward", "Index Name": "role_type_pkey", "Relation Name": "role_type", "Alias": "rt", "Startup Cost": 10000000000.0, "Total Cost": 1000000001246.0, "Plan Rows": 1, "Plan Width": 4, "Filter": "((role)::text = 'actor'::text)"}, {"Node Type": "Index Scan", "Parent Relationship": "Inner", "Scan Direction": "Forward", "Index Name": "role_id_cast_info", "Relation Name": "cast_info", "Alias": "ci", "Startup Cost": 10000000000.0, "Total Cost": 1000015492420.0, "Plan Rows": 2027, "Plan Width": 12, "Index Cond": "(role_id = rt.id)", "Filter": "(((note)::text ~~ '%(voice)%'::text) AND ((note)::text ~~ '%(uncredited)%'::text))"}]}, {"Node Type": "Hash", "Parent Relationship": "Inner", "Startup Cost": 3000022026201.49, "Total Cost": 3000022026201.49, "Plan Rows": 4587, "Plan Width": 29, "Plans": [{"Node Type": "Hash Join", "Parent Relationship": "Outer", "Join Type": "Inner", "Startup Cost": 2010010378228.36, "Total Cost": 3000022026201.49, "Plan Rows": 4587, "Plan Width": 29, "Inner Unique": false, "Hash Cond": "(t.id = mc.movie_id)", "Plans": [{"Node Type": "Index Scan", "Parent Relationship": "Outer", "Scan Direction": "Forward", "Index Name": "title_pkey", "Relation Name": "title", "Alias": "t", "Startup Cost": 10000000000.0, "Total Cost": 1000011644126.66, "Plan Rows": 1013492, "Plan Width": 21, "Filter": "(production_year > 2005), (LLVM Optimized)"}, {"Node Type": "Hash", "Parent Relationship": "Inner", "Startup Cost": 2000010378181.13, "Total Cost": 2000010378181.13, "Plan Rows": 3779, "Plan Width": 8, "Plans": [{"Node Type": "Hash Join", "Parent Relationship": "Outer", "Join Type": "Inner", "Startup Cost": 1010001050142.11, "Total Cost": 2000010378181.13, "Plan Rows": 3779, "Plan Width": 8, "Inner Unique": true, "Hash Cond": "(mc.company_id = cn.id)", "Plans": [{"Node Type": "Index Scan", "Parent Relationship": "Outer", "Scan Direction": "Forward", "Index Name": "company_type_id_movie_companies", "Relation Name": "movie_companies", "Alias": "mc", "Startup Cost": 10000000000.0, "Total Cost": 1000009318217.0, "Plan Rows": 2609128, "Plan Width": 12}, {"Node Type": "Hash", "Parent Relationship": "Inner", "Startup Cost": 1000001050138.97, "Total Cost": 1000001050138.97, "Plan Rows": 251, "Plan Width": 4, "Plans": [{"Node Type": "Index Scan", "Parent Relationship": "Outer", "Scan Direction": "Forward", "Index Name": "company_name_pkey", "Relation Name": "company_name", "Alias": "cn", "Startup Cost": 10000000000.0, "Total Cost": 1000001050138.97, "Plan Rows": 251, "Plan Width": 4, "Filter": "((country_code)::text = '[ru]'::text)"}]}]}]}]}]}]}, {"Node Type": "Hash", "Parent Relationship": "Inner", "Startup Cost": 1000012987545.51, "Total Cost": 1000012987545.51, "Plan Rows": 3140338, "Plan Width": 20, "Plans": [{"Node Type": "Index Scan", "Parent Relationship": "Outer", "Scan Direction": "Forward", "Index Name": "char_name_pkey", "Relation Name": "char_name", "Alias": "chn", "Startup Cost": 10000000000.0, "Total Cost": 1000012987545.51, "Plan Rows": 3140338, "Plan Width": 20}]}]}, {"Node Type": "Hash", "Parent Relationship": "Inner", "Startup Cost": 1000000000829.5, "Total Cost": 1000000000829.5, "Plan Rows": 3, "Plan Width": 4, "Plans": [{"Node Type": "Index Only Scan", "Parent Relationship": "Outer", "Scan Direction": "Forward", "Index Name": "company_type_pkey", "Relation Name": "company_type", "Alias": "ct", "Startup Cost": 10000000000.0, "Total Cost": 1000000000829.5, "Plan Rows": 3, "Plan Width": 4}]}]}]}, "Unique SQL Id": 2933943827, "Planner Runtime": 24}, "explain_analyze_plan": null}, "(64, 108)": {"explain_plan": {"Plan": {"Node Type": "Aggregate", "Strategy": "Plain", "Startup Cost": 19914.67, "Total Cost": 19914.68, "Plan Rows": 1, "Plan Width": 97, "Plans": [{"Node Type": "Nested Loop", "Parent Relationship": "Outer", "Join Type": "Inner", "Startup Cost": 0.0, "Total Cost": 19914.66, "Plan Rows": 2, "Plan Width": 33, "Inner Unique": true, "Plans": [{"Node Type": "Nested Loop", "Parent Relationship": "Outer", "Join Type": "Inner", "Startup Cost": 0.0, "Total Cost": 19914.1, "Plan Rows": 2, "Plan Width": 37, "Inner Unique": true, "Plans": [{"Node Type": "Nested Loop", "Parent Relationship": "Outer", "Join Type": "Inner", "Startup Cost": 0.0, "Total Cost": 19887.22, "Plan Rows": 5, "Plan Width": 25, "Inner Unique": true, "Plans": [{"Node Type": "Nested Loop", "Parent Relationship": "Outer", "Join Type": "Inner", "Startup Cost": 0.0, "Total Cost": 19885.12, "Plan Rows": 6, "Plan Width": 16, "Inner Unique": true, "Plans": [{"Node Type": "Nested Loop", "Parent Relationship": "Outer", "Join Type": "Inner", "Startup Cost": 0.0, "Total Cost": 19865.87, "Plan Rows": 68, "Plan Width": 20, "Inner Unique": false, "Plans": [{"Node Type": "Nested Loop", "Parent Relationship": "Outer", "Join Type": "Inner", "Startup Cost": 0.0, "Total Cost": 16121.55, "Plan Rows": 3779, "Plan Width": 8, "Inner Unique": false, "Plans": [{"Node Type": "Seq Scan", "Parent Relationship": "Outer", "Relation Name": "company_name", "Alias": "cn", "Startup Cost": 0.0, "Total Cost": 5903.45, "Plan Rows": 251, "Plan Width": 4, "Filter": "((country_code)::text = '[ru]'::text)"}, {"Node Type": "Index Scan", "Parent Relationship": "Inner", "Scan Direction": "Forward", "Index Name": "company_id_movie_companies", "Relation Name": "movie_companies", "Alias": "mc", "Startup Cost": 0.0, "Total Cost": 40.56, "Plan Rows": 15, "Plan Width": 12, "Index Cond": "(company_id = cn.id)"}]}, {"Node Type": "Index Scan", "Parent Relationship": "Inner", "Scan Direction": "Forward", "Index Name": "movie_id_cast_info", "Relation Name": "cast_info", "Alias": "ci", "Startup Cost": 0.0, "Total Cost": 0.98, "Plan Rows": 1, "Plan Width": 12, "Index Cond": "(movie_id = mc.movie_id)", "Filter": "(((note)::text ~~ '%(voice)%'::text) AND ((note)::text ~~ '%(uncredited)%'::text))"}]}, {"Node Type": "Index Scan", "Parent Relationship": "Inner", "Scan Direction": "Forward", "Index Name": "role_type_pkey", "Relation Name": "role_type", "Alias": "rt", "Startup Cost": 0.0, "Total Cost": 0.27, "Plan Rows": 1, "Plan Width": 4, "Index Cond": "(id = ci.role_id)", "Filter": "((role)::text = 'actor'::text)"}]}, {"Node Type": "Index Scan", "Parent Relationship": "Inner", "Scan Direction": "Forward", "Index Name": "title_pkey", "Relation Name": "title", "Alias": "t", "Startup Cost": 0.0, "Total Cost": 0.34, "Plan Rows": 1, "Plan Width": 21, "Index Cond": "(id = mc.movie_id)", "Filter": "(production_year > 2005)"}]}, {"Node Type": "Index Scan", "Parent Relationship": "Inner", "Scan Direction": "Forward", "Index Name": "char_name_pkey", "Relation Name": "char_name", "Alias": "chn", "Startup Cost": 0.0, "Total Cost": 5.37, "Plan Rows": 1, "Plan Width": 20, "Index Cond": "(id = ci.person_role_id)"}]}, {"Node Type": "Index Scan", "Parent Relationship": "Inner", "Scan Direction": "Forward", "Index Name": "company_type_pkey", "Relation Name": "company_type", "Alias": "ct", "Startup Cost": 0.0, "Total Cost": 0.27, "Plan Rows": 1, "Plan Width": 4, "Index Cond": "(id = mc.company_type_id)"}]}]}, "Unique SQL Id": 2933943827, "Planner Runtime": 14}, "explain_analyze_plan": {"Plan": {"Node Type": "Aggregate", "Strategy": "Plain", "Startup Cost": 19914.67, "Total Cost": 19914.68, "Plan Rows": 1, "Plan Width": 97, "Actual Startup Time": 893.035, "Actual Total Time": 893.035, "Actual Rows": 1, "Actual Loops": 1, "Plans": [{"Node Type": "Nested Loop", "Parent Relationship": "Outer", "Join Type": "Inner", "Startup Cost": 0.0, "Total Cost": 19914.66, "Plan Rows": 2, "Plan Width": 33, "Actual Startup Time": 45.837, "Actual Total Time": 892.941, "Actual Rows": 18, "Actual Loops": 1, "Inner Unique": true, "Plans": [{"Node Type": "Nested Loop", "Parent Relationship": "Outer", "Join Type": "Inner", "Startup Cost": 0.0, "Total Cost": 19914.1, "Plan Rows": 2, "Plan Width": 37, "Actual Startup Time": 9.473, "Actual Total Time": 892.647, "Actual Rows": 104, "Actual Loops": 1, "Inner Unique": true, "Plans": [{"Node Type": "Nested Loop", "Parent Relationship": "Outer", "Join Type": "Inner", "Startup Cost": 0.0, "Total Cost": 19887.22, "Plan Rows": 5, "Plan Width": 25, "Actual Startup Time": 9.459, "Actual Total Time": 891.527, "Actual Rows": 112, "Actual Loops": 1, "Inner Unique": true, "Plans": [{"Node Type": "Nested Loop", "Parent Relationship": "Outer", "Join Type": "Inner", "Startup Cost": 0.0, "Total Cost": 19885.12, "Plan Rows": 6, "Plan Width": 16, "Actual Startup Time": 0.838, "Actual Total Time": 889.18, "Actual Rows": 275, "Actual Loops": 1, "Inner Unique": true, "Plans": [{"Node Type": "Nested Loop", "Parent Relationship": "Outer", "Join Type": "Inner", "Startup Cost": 0.0, "Total Cost": 19865.87, "Plan Rows": 68, "Plan Width": 20, "Actual Startup Time": 0.831, "Actual Total Time": 887.497, "Actual Rows": 377, "Actual Loops": 1, "Inner Unique": false, "Plans": [{"Node Type": "Nested Loop", "Parent Relationship": "Outer", "Join Type": "Inner", "Startup Cost": 0.0, "Total Cost": 16121.55, "Plan Rows": 3779, "Plan Width": 8, "Actual Startup Time": 0.073, "Actual Total Time": 109.034, "Actual Rows": 8790, "Actual Loops": 1, "Inner Unique": false, "Plans": [{"Node Type": "Seq Scan", "Parent Relationship": "Outer", "Relation Name": "company_name", "Alias": "cn", "Startup Cost": 0.0, "Total Cost": 5903.45, "Plan Rows": 251, "Plan Width": 4, "Actual Startup Time": 0.05, "Actual Total Time": 82.225, "Actual Rows": 1361, "Actual Loops": 1, "Filter": "((country_code)::text = '[ru]'::text)", "Rows Removed by Filter": 233635}, {"Node Type": "Index Scan", "Parent Relationship": "Inner", "Scan Direction": "Forward", "Index Name": "company_id_movie_companies", "Relation Name": "movie_companies", "Alias": "mc", "Startup Cost": 0.0, "Total Cost": 40.56, "Plan Rows": 15, "Plan Width": 12, "Actual Startup Time": 9.904, "Actual Total Time": 23.489, "Actual Rows": 8790, "Actual Loops": 1361, "Index Cond": "(company_id = cn.id)", "Rows Removed by Index Recheck": 0}]}, {"Node Type": "Index Scan", "Parent Relationship": "Inner", "Scan Direction": "Forward", "Index Name": "movie_id_cast_info", "Relation Name": "cast_info", "Alias": "ci", "Startup Cost": 0.0, "Total Cost": 0.98, "Plan Rows": 1, "Plan Width": 12, "Actual Startup Time": 728.151, "Actual Total Time": 772.927, "Actual Rows": 377, "Actual Loops": 8790, "Index Cond": "(movie_id = mc.movie_id)", "Rows Removed by Index Recheck": 0, "Filter": "(((note)::text ~~ '%(voice)%'::text) AND ((note)::text ~~ '%(uncredited)%'::text))", "Rows Removed by Filter": 408168}]}, {"Node Type": "Index Scan", "Parent Relationship": "Inner", "Scan Direction": "Forward", "Index Name": "role_type_pkey", "Relation Name": "role_type", "Alias": "rt", "Startup Cost": 0.0, "Total Cost": 0.27, "Plan Rows": 1, "Plan Width": 4, "Actual Startup Time": 1.145, "Actual Total Time": 1.145, "Actual Rows": 275, "Actual Loops": 377, "Index Cond": "(id = ci.role_id)", "Rows Removed by Index Recheck": 0, "Filter": "((role)::text = 'actor'::text)", "Rows Removed by Filter": 102}]}, {"Node Type": "Index Scan", "Parent Relationship": "Inner", "Scan Direction": "Forward", "Index Name": "title_pkey", "Relation Name": "title", "Alias": "t", "Startup Cost": 0.0, "Total Cost": 0.34, "Plan Rows": 1, "Plan Width": 21, "Actual Startup Time": 1.979, "Actual Total Time": 1.979, "Actual Rows": 112, "Actual Loops": 275, "Index Cond": "(id = mc.movie_id)", "Rows Removed by Index Recheck": 0, "Filter": "(production_year > 2005)", "Rows Removed by Filter": 163}]}, {"Node Type": "Index Scan", "Parent Relationship": "Inner", "Scan Direction": "Forward", "Index Name": "char_name_pkey", "Relation Name": "char_name", "Alias": "chn", "Startup Cost": 0.0, "Total Cost": 5.37, "Plan Rows": 1, "Plan Width": 20, "Actual Startup Time": 0.885, "Actual Total Time": 0.885, "Actual Rows": 104, "Actual Loops": 112, "Index Cond": "(id = ci.person_role_id)", "Rows Removed by Index Recheck": 0}]}, {"Node Type": "Index Scan", "Parent Relationship": "Inner", "Scan Direction": "Forward", "Index Name": "company_type_pkey", "Relation Name": "company_type", "Alias": "ct", "Startup Cost": 0.0, "Total Cost": 0.27, "Plan Rows": 1, "Plan Width": 4, "Actual Startup Time": 0.155, "Actual Total Time": 0.155, "Actual Rows": 18, "Actual Loops": 104, "Index Cond": "(id = mc.company_type_id)", "Rows Removed by Index Recheck": 0}]}]}, "Triggers": [], "Planner Runtime": 14, "Total Runtime": 893.39, "Unique SQL Id": 2933943827}}, "(64, 109)": {"explain_plan": {"Plan": {"Node Type": "Aggregate", "Strategy": "Plain", "Startup Cost": 24512.61, "Total Cost": 24512.62, "Plan Rows": 1, "Plan Width": 97, "Plans": [{"Node Type": "Nested Loop", "Parent Relationship": "Outer", "Join Type": "Inner", "Startup Cost": 0.0, "Total Cost": 24512.6, "Plan Rows": 2, "Plan Width": 33, "Inner Unique": true, "Plans": [{"Node Type": "Nested Loop", "Parent Relationship": "Outer", "Join Type": "Inner", "Startup Cost": 0.0, "Total Cost": 24512.04, "Plan Rows": 2, "Plan Width": 37, "Inner Unique": true, "Plans": [{"Node Type": "Nested Loop", "Parent Relationship": "Outer", "Join Type": "Inner", "Startup Cost": 0.0, "Total Cost": 24485.16, "Plan Rows": 5, "Plan Width": 25, "Inner Unique": true, "Plans": [{"Node Type": "Nested Loop", "Parent Relationship": "Outer", "Join Type": "Inner", "Startup Cost": 0.0, "Total Cost": 24483.05, "Plan Rows": 6, "Plan Width": 16, "Inner Unique": true, "Plans": [{"Node Type": "Nested Loop", "Parent Relationship": "Outer", "Join Type": "Inner", "Startup Cost": 0.0, "Total Cost": 24463.81, "Plan Rows": 68, "Plan Width": 20, "Inner Unique": false, "Plans": [{"Node Type": "Nested Loop", "Parent Relationship": "Outer", "Join Type": "Inner", "Startup Cost": 0.0, "Total Cost": 20719.49, "Plan Rows": 3779, "Plan Width": 8, "Inner Unique": false, "Plans": [{"Node Type": "Index Scan", "Parent Relationship": "Outer", "Scan Direction": "Forward", "Index Name": "company_name_pkey", "Relation Name": "company_name", "Alias": "cn", "Startup Cost": 0.0, "Total Cost": 10501.39, "Plan Rows": 251, "Plan Width": 4, "Filter": "((country_code)::text = '[ru]'::text)"}, {"Node Type": "Index Scan", "Parent Relationship": "Inner", "Scan Direction": "Forward", "Index Name": "company_id_movie_companies", "Relation Name": "movie_companies", "Alias": "mc", "Startup Cost": 0.0, "Total Cost": 40.56, "Plan Rows": 15, "Plan Width": 12, "Index Cond": "(company_id = cn.id)"}]}, {"Node Type": "Index Scan", "Parent Relationship": "Inner", "Scan Direction": "Forward", "Index Name": "movie_id_cast_info", "Relation Name": "cast_info", "Alias": "ci", "Startup Cost": 0.0, "Total Cost": 0.98, "Plan Rows": 1, "Plan Width": 12, "Index Cond": "(movie_id = mc.movie_id)", "Filter": "(((note)::text ~~ '%(voice)%'::text) AND ((note)::text ~~ '%(uncredited)%'::text))"}]}, {"Node Type": "Index Scan", "Parent Relationship": "Inner", "Scan Direction": "Forward", "Index Name": "role_type_pkey", "Relation Name": "role_type", "Alias": "rt", "Startup Cost": 0.0, "Total Cost": 0.27, "Plan Rows": 1, "Plan Width": 4, "Index Cond": "(id = ci.role_id)", "Filter": "((role)::text = 'actor'::text)"}]}, {"Node Type": "Index Scan", "Parent Relationship": "Inner", "Scan Direction": "Forward", "Index Name": "title_pkey", "Relation Name": "title", "Alias": "t", "Startup Cost": 0.0, "Total Cost": 0.34, "Plan Rows": 1, "Plan Width": 21, "Index Cond": "(id = mc.movie_id)", "Filter": "(production_year > 2005)"}]}, {"Node Type": "Index Scan", "Parent Relationship": "Inner", "Scan Direction": "Forward", "Index Name": "char_name_pkey", "Relation Name": "char_name", "Alias": "chn", "Startup Cost": 0.0, "Total Cost": 5.37, "Plan Rows": 1, "Plan Width": 20, "Index Cond": "(id = ci.person_role_id)"}]}, {"Node Type": "Index Scan", "Parent Relationship": "Inner", "Scan Direction": "Forward", "Index Name": "company_type_pkey", "Relation Name": "company_type", "Alias": "ct", "Startup Cost": 0.0, "Total Cost": 0.27, "Plan Rows": 1, "Plan Width": 4, "Index Cond": "(id = mc.company_type_id)"}]}]}, "Unique SQL Id": 2933943827, "Planner Runtime": 9}, "explain_analyze_plan": {"Plan": {"Node Type": "Aggregate", "Strategy": "Plain", "Startup Cost": 24512.61, "Total Cost": 24512.62, "Plan Rows": 1, "Plan Width": 97, "Actual Startup Time": 1323.524, "Actual Total Time": 1323.524, "Actual Rows": 1, "Actual Loops": 1, "Plans": [{"Node Type": "Nested Loop", "Parent Relationship": "Outer", "Join Type": "Inner", "Startup Cost": 0.0, "Total Cost": 24512.6, "Plan Rows": 2, "Plan Width": 33, "Actual Startup Time": 39.45, "Actual Total Time": 1323.421, "Actual Rows": 18, "Actual Loops": 1, "Inner Unique": true, "Plans": [{"Node Type": "Nested Loop", "Parent Relationship": "Outer", "Join Type": "Inner", "Startup Cost": 0.0, "Total Cost": 24512.04, "Plan Rows": 2, "Plan Width": 37, "Actual Startup Time": 30.257, "Actual Total Time": 1323.081, "Actual Rows": 104, "Actual Loops": 1, "Inner Unique": true, "Plans": [{"Node Type": "Nested Loop", "Parent Relationship": "Outer", "Join Type": "Inner", "Startup Cost": 0.0, "Total Cost": 24485.16, "Plan Rows": 5, "Plan Width": 25, "Actual Startup Time": 30.24, "Actual Total Time": 1321.725, "Actual Rows": 112, "Actual Loops": 1, "Inner Unique": true, "Plans": [{"Node Type": "Nested Loop", "Parent Relationship": "Outer", "Join Type": "Inner", "Startup Cost": 0.0, "Total Cost": 24483.05, "Plan Rows": 6, "Plan Width": 16, "Actual Startup Time": 9.462, "Actual Total Time": 1318.795, "Actual Rows": 275, "Actual Loops": 1, "Inner Unique": true, "Plans": [{"Node Type": "Nested Loop", "Parent Relationship": "Outer", "Join Type": "Inner", "Startup Cost": 0.0, "Total Cost": 24463.81, "Plan Rows": 68, "Plan Width": 20, "Actual Startup Time": 9.452, "Actual Total Time": 1317.093, "Actual Rows": 377, "Actual Loops": 1, "Inner Unique": false, "Plans": [{"Node Type": "Nested Loop", "Parent Relationship": "Outer", "Join Type": "Inner", "Startup Cost": 0.0, "Total Cost": 20719.49, "Plan Rows": 3779, "Plan Width": 8, "Actual Startup Time": 0.663, "Actual Total Time": 320.977, "Actual Rows": 8790, "Actual Loops": 1, "Inner Unique": false, "Plans": [{"Node Type": "Index Scan", "Parent Relationship": "Outer", "Scan Direction": "Forward", "Index Name": "company_name_pkey", "Relation Name": "company_name", "Alias": "cn", "Startup Cost": 0.0, "Total Cost": 10501.39, "Plan Rows": 251, "Plan Width": 4, "Actual Startup Time": 0.641, "Actual Total Time": 290.846, "Actual Rows": 1361, "Actual Loops": 1, "Filter": "((country_code)::text = '[ru]'::text)", "Rows Removed by Filter": 233635}, {"Node Type": "Index Scan", "Parent Relationship": "Inner", "Scan Direction": "Forward", "Index Name": "company_id_movie_companies", "Relation Name": "movie_companies", "Alias": "mc", "Startup Cost": 0.0, "Total Cost": 40.56, "Plan Rows": 15, "Plan Width": 12, "Actual Startup Time": 10.258, "Actual Total Time": 26.506, "Actual Rows": 8790, "Actual Loops": 1361, "Index Cond": "(company_id = cn.id)", "Rows Removed by Index Recheck": 0}]}, {"Node Type": "Index Scan", "Parent Relationship": "Inner", "Scan Direction": "Forward", "Index Name": "movie_id_cast_info", "Relation Name": "cast_info", "Alias": "ci", "Startup Cost": 0.0, "Total Cost": 0.98, "Plan Rows": 1, "Plan Width": 12, "Actual Startup Time": 931.807, "Actual Total Time": 990.444, "Actual Rows": 377, "Actual Loops": 8790, "Index Cond": "(movie_id = mc.movie_id)", "Rows Removed by Index Recheck": 0, "Filter": "(((note)::text ~~ '%(voice)%'::text) AND ((note)::text ~~ '%(uncredited)%'::text))", "Rows Removed by Filter": 408168}]}, {"Node Type": "Index Scan", "Parent Relationship": "Inner", "Scan Direction": "Forward", "Index Name": "role_type_pkey", "Relation Name": "role_type", "Alias": "rt", "Startup Cost": 0.0, "Total Cost": 0.27, "Plan Rows": 1, "Plan Width": 4, "Actual Startup Time": 1.096, "Actual Total Time": 1.096, "Actual Rows": 275, "Actual Loops": 377, "Index Cond": "(id = ci.role_id)", "Rows Removed by Index Recheck": 0, "Filter": "((role)::text = 'actor'::text)", "Rows Removed by Filter": 102}]}, {"Node Type": "Index Scan", "Parent Relationship": "Inner", "Scan Direction": "Forward", "Index Name": "title_pkey", "Relation Name": "title", "Alias": "t", "Startup Cost": 0.0, "Total Cost": 0.34, "Plan Rows": 1, "Plan Width": 21, "Actual Startup Time": 2.498, "Actual Total Time": 2.498, "Actual Rows": 112, "Actual Loops": 275, "Index Cond": "(id = mc.movie_id)", "Rows Removed by Index Recheck": 0, "Filter": "(production_year > 2005)", "Rows Removed by Filter": 163}]}, {"Node Type": "Index Scan", "Parent Relationship": "Inner", "Scan Direction": "Forward", "Index Name": "char_name_pkey", "Relation Name": "char_name", "Alias": "chn", "Startup Cost": 0.0, "Total Cost": 5.37, "Plan Rows": 1, "Plan Width": 20, "Actual Startup Time": 1.058, "Actual Total Time": 1.058, "Actual Rows": 104, "Actual Loops": 112, "Index Cond": "(id = ci.person_role_id)", "Rows Removed by Index Recheck": 0}]}, {"Node Type": "Index Scan", "Parent Relationship": "Inner", "Scan Direction": "Forward", "Index Name": "company_type_pkey", "Relation Name": "company_type", "Alias": "ct", "Startup Cost": 0.0, "Total Cost": 0.27, "Plan Rows": 1, "Plan Width": 4, "Actual Startup Time": 0.174, "Actual Total Time": 0.174, "Actual Rows": 18, "Actual Loops": 104, "Index Cond": "(id = mc.company_type_id)", "Rows Removed by Index Recheck": 0}]}]}, "Triggers": [], "Planner Runtime": 9, "Total Runtime": 1323.9, "Unique SQL Id": 2933943827}}, "(64, 110)": {"explain_plan": {"Plan": {"Node Type": "Aggregate", "Strategy": "Plain", "Startup Cost": 295041.64, "Total Cost": 295041.65, "Plan Rows": 1, "Plan Width": 97, "Plans": [{"Node Type": "Hash Join", "Parent Relationship": "Outer", "Join Type": "Inner", "Startup Cost": 156168.33, "Total Cost": 295041.63, "Plan Rows": 2, "Plan Width": 33, "Inner Unique": true, "Hash Cond": "(mc.company_type_id = ct.id)", "Plans": [{"Node Type": "Hash Join", "Parent Relationship": "Outer", "Join Type": "Inner", "Startup Cost": 156167.26, "Total Cost": 295040.54, "Plan Rows": 2, "Plan Width": 37, "Inner Unique": true, "Hash Cond": "(ci.role_id = rt.id)", "Plans": [{"Node Type": "Hash Join", "Parent Relationship": "Outer", "Join Type": "Inner", "Startup Cost": 156166.1, "Total Cost": 295039.18, "Plan Rows": 40, "Plan Width": 41, "Inner Unique": true, "Hash Cond": "(mc.movie_id = t.id)", "Plans": [{"Node Type": "Streaming(type: LOCAL GATHER dop: 1/64)", "Parent Relationship": "Outer", "Startup Cost": 122261.06, "Total Cost": 261133.62, "Plan Rows": 33, "Plan Width": 32, "Plans": [{"Node Type": "Hash Join", "Parent Relationship": "Outer", "Join Type": "Inner", "Startup Cost": 122261.06, "Total Cost": 261132.94, "Plan Rows": 33, "Plan Width": 32, "Inner Unique": true, "Hash Cond": "(ci.person_role_id = chn.id)", "Plans": [{"Node Type": "Streaming(type: BROADCAST dop: 64/1)", "Parent Relationship": "Outer", "Startup Cost": 57593.12, "Total Cost": 196464.74, "Plan Rows": 4352, "Plan Width": 20, "Plans": [{"Node Type": "Hash Join", "Parent Relationship": "Outer", "Join Type": "Inner", "Startup Cost": 57593.12, "Total Cost": 133374.96, "Plan Rows": 68, "Plan Width": 20, "Inner Unique": false, "Hash Cond": "(ci.movie_id = mc.movie_id)", "Plans": [{"Node Type": "Streaming(type: LOCAL GATHER dop: 1/64)", "Parent Relationship": "Outer", "Startup Cost": 0.0, "Total Cost": 75697.06, "Plan Rows": 22295, "Plan Width": 12, "Plans": [{"Node Type": "Seq Scan", "Parent Relationship": "Outer", "Relation Name": "cast_info", "Alias": "ci", "Startup Cost": 0.0, "Total Cost": 75237.12, "Plan Rows": 22295, "Plan Width": 12, "Filter": "(((note)::text ~~ '%(voice)%'::text) AND ((note)::text ~~ '%(uncredited)%'::text))"}]}, {"Node Type": "Hash", "Parent Relationship": "Inner", "Startup Cost": 57545.89, "Total Cost": 57545.89, "Plan Rows": 3779, "Plan Width": 8, "Plans": [{"Node Type": "Hash Join", "Parent Relationship": "Outer", "Join Type": "Inner", "Startup Cost": 5906.59, "Total Cost": 57545.89, "Plan Rows": 3779, "Plan Width": 8, "Inner Unique": true, "Hash Cond": "(mc.company_id = cn.id)", "Plans": [{"Node Type": "Seq Scan", "Parent Relationship": "Outer", "Relation Name": "movie_companies", "Alias": "mc", "Startup Cost": 0.0, "Total Cost": 41817.28, "Plan Rows": 2609128, "Plan Width": 12}, {"Node Type": "Hash", "Parent Relationship": "Inner", "Startup Cost": 5903.45, "Total Cost": 5903.45, "Plan Rows": 251, "Plan Width": 4, "Plans": [{"Node Type": "Seq Scan", "Parent Relationship": "Outer", "Relation Name": "company_name", "Alias": "cn", "Startup Cost": 0.0, "Total Cost": 5903.45, "Plan Rows": 251, "Plan Width": 4, "Filter": "((country_code)::text = '[ru]'::text)"}]}]}]}]}]}, {"Node Type": "Hash", "Parent Relationship": "Inner", "Startup Cost": 64054.58, "Total Cost": 64054.58, "Plan Rows": 3140338, "Plan Width": 20, "Plans": [{"Node Type": "Seq Scan", "Parent Relationship": "Outer", "Relation Name": "char_name", "Alias": "chn", "Startup Cost": 0.0, "Total Cost": 64054.58, "Plan Rows": 3140338, "Plan Width": 20}]}]}]}, {"Node Type": "Hash", "Parent Relationship": "Inner", "Startup Cost": 84945.56, "Total Cost": 84945.56, "Plan Rows": 1013492, "Plan Width": 21, "Plans": [{"Node Type": "Streaming(type: LOCAL GATHER dop: 1/64)", "Parent Relationship": "Outer", "Startup Cost": 0.0, "Total Cost": 84945.56, "Plan Rows": 1013492, "Plan Width": 21, "Plans": [{"Node Type": "Seq Scan", "Parent Relationship": "Outer", "Relation Name": "title", "Alias": "t", "Startup Cost": 0.0, "Total Cost": 64037.34, "Plan Rows": 1013492, "Plan Width": 21, "Filter": "(production_year > 2005), (LLVM Optimized)"}]}]}]}, {"Node Type": "Hash", "Parent Relationship": "Inner", "Startup Cost": 1.15, "Total Cost": 1.15, "Plan Rows": 1, "Plan Width": 4, "Plans": [{"Node Type": "Seq Scan", "Parent Relationship": "Outer", "Relation Name": "role_type", "Alias": "rt", "Startup Cost": 0.0, "Total Cost": 1.15, "Plan Rows": 1, "Plan Width": 4, "Filter": "((role)::text = 'actor'::text)"}]}]}, {"Node Type": "Hash", "Parent Relationship": "Inner", "Startup Cost": 1.03, "Total Cost": 1.03, "Plan Rows": 3, "Plan Width": 4, "Plans": [{"Node Type": "Seq Scan", "Parent Relationship": "Outer", "Relation Name": "company_type", "Alias": "ct", "Startup Cost": 0.0, "Total Cost": 1.03, "Plan Rows": 3, "Plan Width": 4}]}]}]}, "Unique SQL Id": 2933943827, "Planner Runtime": 45}, "explain_analyze_plan": {"Plan": {"Node Type": "Aggregate", "Strategy": "Plain", "Startup Cost": 295041.64, "Total Cost": 295041.65, "Plan Rows": 1, "Plan Width": 97, "Actual Min Startup Time": 1560.978, "Actual Max Startup Time": 1560.978, "Actual Min Total Time": 1560.978, "Actual Max Total Time": 1560.978, "Plans": [{"Node Type": "Hash Join", "Parent Relationship": "Outer", "Join Type": "Inner", "Startup Cost": 156168.33, "Total Cost": 295041.63, "Plan Rows": 2, "Plan Width": 33, "Actual Min Startup Time": 1559.022, "Actual Max Startup Time": 1559.022, "Actual Min Total Time": 1560.925, "Actual Max Total Time": 1560.925, "Inner Unique": true, "Hash Cond": "(mc.company_type_id = ct.id)", "Plans": [{"Node Type": "Hash Join", "Parent Relationship": "Outer", "Join Type": "Inner", "Startup Cost": 156167.26, "Total Cost": 295040.54, "Plan Rows": 2, "Plan Width": 37, "Actual Min Startup Time": 1558.881, "Actual Max Startup Time": 1558.881, "Actual Min Total Time": 1560.769, "Actual Max Total Time": 1560.769, "Inner Unique": true, "Hash Cond": "(ci.role_id = rt.id)", "Plans": [{"Node Type": "Hash Join", "Parent Relationship": "Outer", "Join Type": "Inner", "Startup Cost": 156166.1, "Total Cost": 295039.18, "Plan Rows": 40, "Plan Width": 41, "Actual Min Startup Time": 1558.795, "Actual Max Startup Time": 1558.795, "Actual Min Total Time": 1559.203, "Actual Max Total Time": 1559.203, "Inner Unique": true, "Hash Cond": "(mc.movie_id = t.id)", "Plans": [{"Node Type": "Streaming(type: LOCAL GATHER dop: 1/64)", "Parent Relationship": "Outer", "Startup Cost": 122261.06, "Total Cost": 261133.62, "Plan Rows": 33, "Plan Width": 32, "Actual Min Startup Time": 673.369, "Actual Max Startup Time": 673.369, "Actual Min Total Time": 673.619, "Actual Max Total Time": 673.619, "Plans": [{"Node Type": "Hash Join", "Parent Relationship": "Outer", "Join Type": "Inner", "Startup Cost": 122261.06, "Total Cost": 261132.94, "Plan Rows": 33, "Plan Width": 32, "Actual Min Startup Time": 1066.448, "Actual Max Startup Time": 1329.194, "Actual Min Total Time": 1243.825, "Actual Max Total Time": 1358.797, "Inner Unique": true, "Hash Cond": "(ci.person_role_id = chn.id)", "Plans": [{"Node Type": "Streaming(type: BROADCAST dop: 64/1)", "Parent Relationship": "Outer", "Startup Cost": 57593.12, "Total Cost": 196464.74, "Plan Rows": 4352, "Plan Width": 20, "Actual Min Startup Time": 1031.1, "Actual Max Startup Time": 1146.957, "Actual Min Total Time": 1208.376, "Actual Max Total Time": 1324.177, "Plans": [{"Node Type": "Hash Join", "Parent Relationship": "Outer", "Join Type": "Inner", "Startup Cost": 57593.12, "Total Cost": 133374.96, "Plan Rows": 68, "Plan Width": 20, "Actual Min Startup Time": 1163.053, "Actual Max Startup Time": 1163.053, "Actual Min Total Time": 1334.103, "Actual Max Total Time": 1334.103, "Inner Unique": false, "Hash Cond": "(ci.movie_id = mc.movie_id)", "Plans": [{"Node Type": "Streaming(type: LOCAL GATHER dop: 1/64)", "Parent Relationship": "Outer", "Startup Cost": 0.0, "Total Cost": 75697.06, "Plan Rows": 22295, "Plan Width": 12, "Actual Min Startup Time": 0.186, "Actual Max Startup Time": 0.186, "Actual Min Total Time": 163.779, "Actual Max Total Time": 163.779, "Plans": [{"Node Type": "Seq Scan", "Parent Relationship": "Outer", "Relation Name": "cast_info", "Alias": "ci", "Startup Cost": 0.0, "Total Cost": 75237.12, "Plan Rows": 22295, "Plan Width": 12, "Actual Min Startup Time": 0.052, "Actual Max Startup Time": 6.349, "Actual Min Total Time": 174.447, "Actual Max Total Time": 195.309, "Filter": "(((note)::text ~~ '%(voice)%'::text) AND ((note)::text ~~ '%(uncredited)%'::text))", "Rows Removed by Filter": 36212055, "Actual Rows": 32288}], "Actual Rows": 32288}, {"Node Type": "Hash", "Parent Relationship": "Inner", "Startup Cost": 57545.89, "Total Cost": 57545.89, "Plan Rows": 3779, "Plan Width": 8, "Actual Min Startup Time": 1162.663, "Actual Max Startup Time": 1162.663, "Actual Min Total Time": 1162.663, "Actual Max Total Time": 1162.663, "Max Hash Buckets": 32768, "Min Hash Buckets": 32768, "Max Hash Batches": 1, "Min Hash Batches": 1, "Max Original Hash Batches": 1, "Min Original Hash Batches": 1, "Max Peak Memory Usage": 344, "min Peak Memory Usage": 344, "Plans": [{"Node Type": "Hash Join", "Parent Relationship": "Outer", "Join Type": "Inner", "Startup Cost": 5906.59, "Total Cost": 57545.89, "Plan Rows": 3779, "Plan Width": 8, "Actual Min Startup Time": 85.778, "Actual Max Startup Time": 85.778, "Actual Min Total Time": 1158.879, "Actual Max Total Time": 1158.879, "Inner Unique": true, "Hash Cond": "(mc.company_id = cn.id)", "Plans": [{"Node Type": "Seq Scan", "Parent Relationship": "Outer", "Relation Name": "movie_companies", "Alias": "mc", "Startup Cost": 0.0, "Total Cost": 41817.28, "Plan Rows": 2609128, "Plan Width": 12, "Actual Min Startup Time": 0.042, "Actual Max Startup Time": 0.042, "Actual Min Total Time": 607.902, "Actual Max Total Time": 607.902, "Actual Rows": 2609128}, {"Node Type": "Hash", "Parent Relationship": "Inner", "Startup Cost": 5903.45, "Total Cost": 5903.45, "Plan Rows": 251, "Plan Width": 4, "Actual Min Startup Time": 84.997, "Actual Max Startup Time": 84.997, "Actual Min Total Time": 84.997, "Actual Max Total Time": 84.997, "Max Hash Buckets": 32768, "Min Hash Buckets": 32768, "Max Hash Batches": 1, "Min Hash Batches": 1, "Max Original Hash Batches": 1, "Min Original Hash Batches": 1, "Max Peak Memory Usage": 48, "min Peak Memory Usage": 48, "Plans": [{"Node Type": "Seq Scan", "Parent Relationship": "Outer", "Relation Name": "company_name", "Alias": "cn", "Startup Cost": 0.0, "Total Cost": 5903.45, "Plan Rows": 251, "Plan Width": 4, "Actual Min Startup Time": 0.054, "Actual Max Startup Time": 0.054, "Actual Min Total Time": 84.101, "Actual Max Total Time": 84.101, "Filter": "((country_code)::text = '[ru]'::text)", "Rows Removed by Filter": 233635, "Actual Rows": 1361}], "Actual Rows": 1361}], "Actual Rows": 8790}], "Actual Rows": 8790}], "Actual Rows": 377}], "Actual Rows": 24128}, {"Node Type": "Hash", "Parent Relationship": "Inner", "Startup Cost": 64054.58, "Total Cost": 64054.58, "Plan Rows": 3140338, "Plan Width": 20, "Actual Min Startup Time": 27.279, "Actual Max Startup Time": 52.442, "Actual Min Total Time": 27.279, "Actual Max Total Time": 52.442, "Max Hash Buckets": 65536, "Min Hash Buckets": 65536, "Max Hash Batches": 1, "Min Hash Batches": 1, "Max Original Hash Batches": 1, "Min Original Hash Batches": 1, "Max Peak Memory Usage": 2747, "min Peak Memory Usage": 2747, "Plans": [{"Node Type": "Seq Scan", "Parent Relationship": "Outer", "Relation Name": "char_name", "Alias": "chn", "Startup Cost": 0.0, "Total Cost": 64054.58, "Plan Rows": 3140338, "Plan Width": 20, "Actual Min Startup Time": 0.028, "Actual Max Startup Time": 3.322, "Actual Min Total Time": 14.303, "Actual Max Total Time": 18.787, "Actual Rows": 3140338}], "Actual Rows": 3140338}], "Actual Rows": 337}], "Actual Rows": 337}, {"Node Type": "Hash", "Parent Relationship": "Inner", "Startup Cost": 84945.56, "Total Cost": 84945.56, "Plan Rows": 1013492, "Plan Width": 21, "Actual Min Startup Time": 884.679, "Actual Max Startup Time": 884.679, "Actual Min Total Time": 884.679, "Actual Max Total Time": 884.679, "Max Hash Buckets": 1048576, "Min Hash Buckets": 1048576, "Max Hash Batches": 1, "Min Hash Batches": 1, "Max Original Hash Batches": 1, "Min Original Hash Batches": 1, "Max Peak Memory Usage": 54335, "min Peak Memory Usage": 54335, "Plans": [{"Node Type": "Streaming(type: LOCAL GATHER dop: 1/64)", "Parent Relationship": "Outer", "Startup Cost": 0.0, "Total Cost": 84945.56, "Plan Rows": 1013492, "Plan Width": 21, "Actual Min Startup Time": 199.632, "Actual Max Startup Time": 199.632, "Actual Min Total Time": 582.988, "Actual Max Total Time": 582.988, "Plans": [{"Node Type": "Seq Scan", "Parent Relationship": "Outer", "Relation Name": "title", "Alias": "t", "Startup Cost": 0.0, "Total Cost": 64037.34, "Plan Rows": 1013492, "Plan Width": 21, "Actual Min Startup Time": 0.027, "Actual Max Startup Time": 0.052, "Actual Min Total Time": 13.833, "Actual Max Total Time": 18.952, "Filter": "(production_year > 2005), (LLVM Optimized, Jit Execute)", "Rows Removed by Filter": 1515391, "Actual Rows": 1012920}], "Actual Rows": 1012920}], "Actual Rows": 1012920}], "Actual Rows": 135}, {"Node Type": "Hash", "Parent Relationship": "Inner", "Startup Cost": 1.15, "Total Cost": 1.15, "Plan Rows": 1, "Plan Width": 4, "Actual Min Startup Time": 0.048, "Actual Max Startup Time": 0.048, "Actual Min Total Time": 0.048, "Actual Max Total Time": 0.048, "Max Hash Buckets": 32768, "Min Hash Buckets": 32768, "Max Hash Batches": 1, "Min Hash Batches": 1, "Max Original Hash Batches": 1, "Min Original Hash Batches": 1, "Max Peak Memory Usage": 1, "min Peak Memory Usage": 1, "Plans": [{"Node Type": "Seq Scan", "Parent Relationship": "Outer", "Relation Name": "role_type", "Alias": "rt", "Startup Cost": 0.0, "Total Cost": 1.15, "Plan Rows": 1, "Plan Width": 4, "Actual Min Startup Time": 0.036, "Actual Max Startup Time": 0.036, "Actual Min Total Time": 0.04, "Actual Max Total Time": 0.04, "Filter": "((role)::text = 'actor'::text)", "Rows Removed by Filter": 11, "Actual Rows": 1}], "Actual Rows": 1}], "Actual Rows": 104}, {"Node Type": "Hash", "Parent Relationship": "Inner", "Startup Cost": 1.03, "Total Cost": 1.03, "Plan Rows": 3, "Plan Width": 4, "Actual Min Startup Time": 0.05, "Actual Max Startup Time": 0.05, "Actual Min Total Time": 0.05, "Actual Max Total Time": 0.05, "Max Hash Buckets": 32768, "Min Hash Buckets": 32768, "Max Hash Batches": 1, "Min Hash Batches": 1, "Max Original Hash Batches": 1, "Min Original Hash Batches": 1, "Max Peak Memory Usage": 1, "min Peak Memory Usage": 1, "Plans": [{"Node Type": "Seq Scan", "Parent Relationship": "Outer", "Relation Name": "company_type", "Alias": "ct", "Startup Cost": 0.0, "Total Cost": 1.03, "Plan Rows": 3, "Plan Width": 4, "Actual Min Startup Time": 0.032, "Actual Max Startup Time": 0.032, "Actual Min Total Time": 0.036, "Actual Max Total Time": 0.036, "Actual Rows": 3}], "Actual Rows": 3}], "Actual Rows": 18}], "Actual Rows": 1}, "Triggers": [], "Planner Runtime": 45, "Total Runtime": 1609.392, "Unique SQL Id": 2933943827}}, "(64, 111)": {"explain_plan": {"Plan": {"Node Type": "Aggregate", "Strategy": "Plain", "Startup Cost": 7000050547982.21, "Total Cost": 7000050547982.22, "Plan Rows": 1, "Plan Width": 97, "Plans": [{"Node Type": "Hash Join", "Parent Relationship": "Outer", "Join Type": "Inner", "Startup Cost": 5020035054288.1, "Total Cost": 7000050547982.19, "Plan Rows": 4, "Plan Width": 33, "Inner Unique": true, "Hash Cond": "(mc.company_type_id = ct.id)", "Plans": [{"Node Type": "Hash Join", "Parent Relationship": "Outer", "Join Type": "Inner", "Startup Cost": 4020035053058.56, "Total Cost": 6000050546752.6, "Plan Rows": 4, "Plan Width": 37, "Inner Unique": true, "Hash Cond": "(ci.person_role_id = chn.id)", "Plans": [{"Node Type": "Hash Join", "Parent Relationship": "Outer", "Join Type": "Inner", "Startup Cost": 3020022026258.83, "Total Cost": 5000037519952.81, "Plan Rows": 7, "Plan Width": 25, "Inner Unique": false, "Hash Cond": "(ci.movie_id = t.id)", "Plans": [{"Node Type": "Nested Loop", "Parent Relationship": "Outer", "Join Type": "Inner", "Startup Cost": 20000000000.0, "Total Cost": 2000015493686.27, "Plan Rows": 2027, "Plan Width": 8, "Inner Unique": false, "Plans": [{"Node Type": "Index Scan", "Parent Relationship": "Outer", "Scan Direction": "Forward", "Index Name": "role_type_pkey", "Relation Name": "role_type", "Alias": "rt", "Startup Cost": 10000000000.0, "Total Cost": 1000000001246.0, "Plan Rows": 1, "Plan Width": 4, "Filter": "((role)::text = 'actor'::text)"}, {"Node Type": "Index Scan", "Parent Relationship": "Inner", "Scan Direction": "Forward", "Index Name": "role_id_cast_info", "Relation Name": "cast_info", "Alias": "ci", "Startup Cost": 10000000000.0, "Total Cost": 1000015492420.0, "Plan Rows": 2027, "Plan Width": 12, "Index Cond": "(role_id = rt.id)", "Filter": "(((note)::text ~~ '%(voice)%'::text) AND ((note)::text ~~ '%(uncredited)%'::text))"}]}, {"Node Type": "Hash", "Parent Relationship": "Inner", "Startup Cost": 3000022026201.49, "Total Cost": 3000022026201.49, "Plan Rows": 4587, "Plan Width": 29, "Plans": [{"Node Type": "Hash Join", "Parent Relationship": "Outer", "Join Type": "Inner", "Startup Cost": 2010010378228.36, "Total Cost": 3000022026201.49, "Plan Rows": 4587, "Plan Width": 29, "Inner Unique": false, "Hash Cond": "(t.id = mc.movie_id)", "Plans": [{"Node Type": "Index Scan", "Parent Relationship": "Outer", "Scan Direction": "Forward", "Index Name": "title_pkey", "Relation Name": "title", "Alias": "t", "Startup Cost": 10000000000.0, "Total Cost": 1000011644126.66, "Plan Rows": 1013492, "Plan Width": 21, "Filter": "(production_year > 2005), (LLVM Optimized)"}, {"Node Type": "Hash", "Parent Relationship": "Inner", "Startup Cost": 2000010378181.13, "Total Cost": 2000010378181.13, "Plan Rows": 3779, "Plan Width": 8, "Plans": [{"Node Type": "Hash Join", "Parent Relationship": "Outer", "Join Type": "Inner", "Startup Cost": 1010001050142.11, "Total Cost": 2000010378181.13, "Plan Rows": 3779, "Plan Width": 8, "Inner Unique": true, "Hash Cond": "(mc.company_id = cn.id)", "Plans": [{"Node Type": "Index Scan", "Parent Relationship": "Outer", "Scan Direction": "Forward", "Index Name": "company_type_id_movie_companies", "Relation Name": "movie_companies", "Alias": "mc", "Startup Cost": 10000000000.0, "Total Cost": 1000009318217.0, "Plan Rows": 2609128, "Plan Width": 12}, {"Node Type": "Hash", "Parent Relationship": "Inner", "Startup Cost": 1000001050138.97, "Total Cost": 1000001050138.97, "Plan Rows": 251, "Plan Width": 4, "Plans": [{"Node Type": "Index Scan", "Parent Relationship": "Outer", "Scan Direction": "Forward", "Index Name": "company_name_pkey", "Relation Name": "company_name", "Alias": "cn", "Startup Cost": 10000000000.0, "Total Cost": 1000001050138.97, "Plan Rows": 251, "Plan Width": 4, "Filter": "((country_code)::text = '[ru]'::text)"}]}]}]}]}]}]}, {"Node Type": "Hash", "Parent Relationship": "Inner", "Startup Cost": 1000012987545.51, "Total Cost": 1000012987545.51, "Plan Rows": 3140338, "Plan Width": 20, "Plans": [{"Node Type": "Index Scan", "Parent Relationship": "Outer", "Scan Direction": "Forward", "Index Name": "char_name_pkey", "Relation Name": "char_name", "Alias": "chn", "Startup Cost": 10000000000.0, "Total Cost": 1000012987545.51, "Plan Rows": 3140338, "Plan Width": 20}]}]}, {"Node Type": "Hash", "Parent Relationship": "Inner", "Startup Cost": 1000000001229.5, "Total Cost": 1000000001229.5, "Plan Rows": 3, "Plan Width": 4, "Plans": [{"Node Type": "Index Scan", "Parent Relationship": "Outer", "Scan Direction": "Forward", "Index Name": "company_type_pkey", "Relation Name": "company_type", "Alias": "ct", "Startup Cost": 10000000000.0, "Total Cost": 1000000001229.5, "Plan Rows": 3, "Plan Width": 4}]}]}]}, "Unique SQL Id": 2933943827, "Planner Runtime": 25}, "explain_analyze_plan": null}, "(64, 112)": {"explain_plan": {"Plan": {"Node Type": "Aggregate", "Strategy": "Plain", "Startup Cost": 19897.43, "Total Cost": 19897.44, "Plan Rows": 1, "Plan Width": 97, "Plans": [{"Node Type": "Nested Loop", "Parent Relationship": "Outer", "Join Type": "Inner", "Startup Cost": 0.0, "Total Cost": 19897.42, "Plan Rows": 2, "Plan Width": 33, "Inner Unique": true, "Plans": [{"Node Type": "Nested Loop", "Parent Relationship": "Outer", "Join Type": "Inner", "Startup Cost": 0.0, "Total Cost": 19896.86, "Plan Rows": 2, "Plan Width": 37, "Inner Unique": true, "Plans": [{"Node Type": "Nested Loop", "Parent Relationship": "Outer", "Join Type": "Inner", "Startup Cost": 0.0, "Total Cost": 19869.97, "Plan Rows": 5, "Plan Width": 25, "Inner Unique": true, "Plans": [{"Node Type": "Nested Loop", "Parent Relationship": "Outer", "Join Type": "Inner", "Startup Cost": 0.0, "Total Cost": 19867.87, "Plan Rows": 6, "Plan Width": 16, "Inner Unique": false, "Join Filter": "(ci.role_id = rt.id)", "Plans": [{"Node Type": "Seq Scan", "Parent Relationship": "Outer", "Relation Name": "role_type", "Alias": "rt", "Startup Cost": 0.0, "Total Cost": 1.15, "Plan Rows": 1, "Plan Width": 4, "Filter": "((role)::text = 'actor'::text)"}, {"Node Type": "Nested Loop", "Parent Relationship": "Inner", "Join Type": "Inner", "Startup Cost": 0.0, "Total Cost": 19865.87, "Plan Rows": 68, "Plan Width": 20, "Inner Unique": false, "Plans": [{"Node Type": "Nested Loop", "Parent Relationship": "Outer", "Join Type": "Inner", "Startup Cost": 0.0, "Total Cost": 16121.55, "Plan Rows": 3779, "Plan Width": 8, "Inner Unique": false, "Plans": [{"Node Type": "Seq Scan", "Parent Relationship": "Outer", "Relation Name": "company_name", "Alias": "cn", "Startup Cost": 0.0, "Total Cost": 5903.45, "Plan Rows": 251, "Plan Width": 4, "Filter": "((country_code)::text = '[ru]'::text)"}, {"Node Type": "Index Scan", "Parent Relationship": "Inner", "Scan Direction": "Forward", "Index Name": "company_id_movie_companies", "Relation Name": "movie_companies", "Alias": "mc", "Startup Cost": 0.0, "Total Cost": 40.56, "Plan Rows": 15, "Plan Width": 12, "Index Cond": "(company_id = cn.id)"}]}, {"Node Type": "Index Scan", "Parent Relationship": "Inner", "Scan Direction": "Forward", "Index Name": "movie_id_cast_info", "Relation Name": "cast_info", "Alias": "ci", "Startup Cost": 0.0, "Total Cost": 0.98, "Plan Rows": 1, "Plan Width": 12, "Index Cond": "(movie_id = mc.movie_id)", "Filter": "(((note)::text ~~ '%(voice)%'::text) AND ((note)::text ~~ '%(uncredited)%'::text))"}]}]}, {"Node Type": "Index Scan", "Parent Relationship": "Inner", "Scan Direction": "Forward", "Index Name": "title_pkey", "Relation Name": "title", "Alias": "t", "Startup Cost": 0.0, "Total Cost": 0.34, "Plan Rows": 1, "Plan Width": 21, "Index Cond": "(id = mc.movie_id)", "Filter": "(production_year > 2005)"}]}, {"Node Type": "Index Scan", "Parent Relationship": "Inner", "Scan Direction": "Forward", "Index Name": "char_name_pkey", "Relation Name": "char_name", "Alias": "chn", "Startup Cost": 0.0, "Total Cost": 5.37, "Plan Rows": 1, "Plan Width": 20, "Index Cond": "(id = ci.person_role_id)"}]}, {"Node Type": "Index Only Scan", "Parent Relationship": "Inner", "Scan Direction": "Forward", "Index Name": "company_type_pkey", "Relation Name": "company_type", "Alias": "ct", "Startup Cost": 0.0, "Total Cost": 0.27, "Plan Rows": 1, "Plan Width": 4, "Index Cond": "(id = mc.company_type_id)"}]}]}, "Unique SQL Id": 2933943827, "Planner Runtime": 7}, "explain_analyze_plan": {"Plan": {"Node Type": "Aggregate", "Strategy": "Plain", "Startup Cost": 19897.43, "Total Cost": 19897.44, "Plan Rows": 1, "Plan Width": 97, "Actual Startup Time": 807.225, "Actual Total Time": 807.226, "Actual Rows": 1, "Actual Loops": 1, "Plans": [{"Node Type": "Nested Loop", "Parent Relationship": "Outer", "Join Type": "Inner", "Startup Cost": 0.0, "Total Cost": 19897.42, "Plan Rows": 2, "Plan Width": 33, "Actual Startup Time": 45.255, "Actual Total Time": 807.116, "Actual Rows": 18, "Actual Loops": 1, "Inner Unique": true, "Plans": [{"Node Type": "Nested Loop", "Parent Relationship": "Outer", "Join Type": "Inner", "Startup Cost": 0.0, "Total Cost": 19896.86, "Plan Rows": 2, "Plan Width": 37, "Actual Startup Time": 9.393, "Actual Total Time": 806.783, "Actual Rows": 104, "Actual Loops": 1, "Inner Unique": true, "Plans": [{"Node Type": "Nested Loop", "Parent Relationship": "Outer", "Join Type": "Inner", "Startup Cost": 0.0, "Total Cost": 19869.97, "Plan Rows": 5, "Plan Width": 25, "Actual Startup Time": 9.382, "Actual Total Time": 805.777, "Actual Rows": 112, "Actual Loops": 1, "Inner Unique": true, "Plans": [{"Node Type": "Nested Loop", "Parent Relationship": "Outer", "Join Type": "Inner", "Startup Cost": 0.0, "Total Cost": 19867.87, "Plan Rows": 6, "Plan Width": 16, "Actual Startup Time": 0.829, "Actual Total Time": 803.535, "Actual Rows": 275, "Actual Loops": 1, "Inner Unique": false, "Join Filter": "(ci.role_id = rt.id)", "Rows Removed by Join Filter": 102, "Plans": [{"Node Type": "Seq Scan", "Parent Relationship": "Outer", "Relation Name": "role_type", "Alias": "rt", "Startup Cost": 0.0, "Total Cost": 1.15, "Plan Rows": 1, "Plan Width": 4, "Actual Startup Time": 0.027, "Actual Total Time": 0.031, "Actual Rows": 1, "Actual Loops": 1, "Filter": "((role)::text = 'actor'::text)", "Rows Removed by Filter": 11}, {"Node Type": "Nested Loop", "Parent Relationship": "Inner", "Join Type": "Inner", "Startup Cost": 0.0, "Total Cost": 19865.87, "Plan Rows": 68, "Plan Width": 20, "Actual Startup Time": 0.793, "Actual Total Time": 803.216, "Actual Rows": 377, "Actual Loops": 1, "Inner Unique": false, "Plans": [{"Node Type": "Nested Loop", "Parent Relationship": "Outer", "Join Type": "Inner", "Startup Cost": 0.0, "Total Cost": 16121.55, "Plan Rows": 3779, "Plan Width": 8, "Actual Startup Time": 0.051, "Actual Total Time": 107.855, "Actual Rows": 8790, "Actual Loops": 1, "Inner Unique": false, "Plans": [{"Node Type": "Seq Scan", "Parent Relationship": "Outer", "Relation Name": "company_name", "Alias": "cn", "Startup Cost": 0.0, "Total Cost": 5903.45, "Plan Rows": 251, "Plan Width": 4, "Actual Startup Time": 0.033, "Actual Total Time": 82.985, "Actual Rows": 1361, "Actual Loops": 1, "Filter": "((country_code)::text = '[ru]'::text)", "Rows Removed by Filter": 233635}, {"Node Type": "Index Scan", "Parent Relationship": "Inner", "Scan Direction": "Forward", "Index Name": "company_id_movie_companies", "Relation Name": "movie_companies", "Alias": "mc", "Startup Cost": 0.0, "Total Cost": 40.56, "Plan Rows": 15, "Plan Width": 12, "Actual Startup Time": 8.733, "Actual Total Time": 21.453, "Actual Rows": 8790, "Actual Loops": 1361, "Index Cond": "(company_id = cn.id)", "Rows Removed by Index Recheck": 0}]}, {"Node Type": "Index Scan", "Parent Relationship": "Inner", "Scan Direction": "Forward", "Index Name": "movie_id_cast_info", "Relation Name": "cast_info", "Alias": "ci", "Startup Cost": 0.0, "Total Cost": 0.98, "Plan Rows": 1, "Plan Width": 12, "Actual Startup Time": 650.914, "Actual Total Time": 689.985, "Actual Rows": 377, "Actual Loops": 8790, "Index Cond": "(movie_id = mc.movie_id)", "Rows Removed by Index Recheck": 0, "Filter": "(((note)::text ~~ '%(voice)%'::text) AND ((note)::text ~~ '%(uncredited)%'::text))", "Rows Removed by Filter": 408168}]}]}, {"Node Type": "Index Scan", "Parent Relationship": "Inner", "Scan Direction": "Forward", "Index Name": "title_pkey", "Relation Name": "title", "Alias": "t", "Startup Cost": 0.0, "Total Cost": 0.34, "Plan Rows": 1, "Plan Width": 21, "Actual Startup Time": 1.834, "Actual Total Time": 1.834, "Actual Rows": 112, "Actual Loops": 275, "Index Cond": "(id = mc.movie_id)", "Rows Removed by Index Recheck": 0, "Filter": "(production_year > 2005)", "Rows Removed by Filter": 163}]}, {"Node Type": "Index Scan", "Parent Relationship": "Inner", "Scan Direction": "Forward", "Index Name": "char_name_pkey", "Relation Name": "char_name", "Alias": "chn", "Startup Cost": 0.0, "Total Cost": 5.37, "Plan Rows": 1, "Plan Width": 20, "Actual Startup Time": 0.772, "Actual Total Time": 0.772, "Actual Rows": 104, "Actual Loops": 112, "Index Cond": "(id = ci.person_role_id)", "Rows Removed by Index Recheck": 0}]}, {"Node Type": "Index Only Scan", "Parent Relationship": "Inner", "Scan Direction": "Forward", "Index Name": "company_type_pkey", "Relation Name": "company_type", "Alias": "ct", "Startup Cost": 0.0, "Total Cost": 0.27, "Plan Rows": 1, "Plan Width": 4, "Actual Startup Time": 0.201, "Actual Total Time": 0.201, "Actual Rows": 18, "Actual Loops": 104, "Index Cond": "(id = mc.company_type_id)", "Rows Removed by Index Recheck": 0, "Heap Fetches": 0}]}]}, "Triggers": [], "Planner Runtime": 6, "Total Runtime": 807.578, "Unique SQL Id": 2933943827}}, "(64, 113)": {"explain_plan": {"Plan": {"Node Type": "Aggregate", "Strategy": "Plain", "Startup Cost": 22688.03, "Total Cost": 22688.04, "Plan Rows": 1, "Plan Width": 97, "Plans": [{"Node Type": "Nested Loop", "Parent Relationship": "Outer", "Join Type": "Inner", "Startup Cost": 2779.29, "Total Cost": 22688.02, "Plan Rows": 2, "Plan Width": 33, "Inner Unique": true, "Plans": [{"Node Type": "Nested Loop", "Parent Relationship": "Outer", "Join Type": "Inner", "Startup Cost": 2779.29, "Total Cost": 22687.46, "Plan Rows": 2, "Plan Width": 37, "Inner Unique": true, "Plans": [{"Node Type": "Nested Loop", "Parent Relationship": "Outer", "Join Type": "Inner", "Startup Cost": 2779.29, "Total Cost": 22660.57, "Plan Rows": 5, "Plan Width": 25, "Inner Unique": true, "Plans": [{"Node Type": "Nested Loop", "Parent Relationship": "Outer", "Join Type": "Inner", "Startup Cost": 2779.29, "Total Cost": 22658.47, "Plan Rows": 6, "Plan Width": 16, "Inner Unique": false, "Join Filter": "(ci.role_id = rt.id)", "Plans": [{"Node Type": "Index Scan", "Parent Relationship": "Outer", "Scan Direction": "Forward", "Index Name": "role_type_pkey", "Relation Name": "role_type", "Alias": "rt", "Startup Cost": 0.0, "Total Cost": 12.46, "Plan Rows": 1, "Plan Width": 4, "Filter": "((role)::text = 'actor'::text)"}, {"Node Type": "Nested Loop", "Parent Relationship": "Inner", "Join Type": "Inner", "Startup Cost": 2779.29, "Total Cost": 22645.16, "Plan Rows": 68, "Plan Width": 20, "Inner Unique": false, "Plans": [{"Node Type": "Nested Loop", "Parent Relationship": "Outer", "Join Type": "Inner", "Startup Cost": 2779.29, "Total Cost": 18900.84, "Plan Rows": 3779, "Plan Width": 8, "Inner Unique": false, "Plans": [{"Node Type": "Bitmap Heap Scan", "Parent Relationship": "Outer", "Relation Name": "company_name", "Alias": "cn", "Startup Cost": 2779.29, "Total Cost": 8682.74, "Plan Rows": 251, "Plan Width": 4, "Filter": "((country_code)::text = '[ru]'::text)", "Plans": [{"Node Type": "Bitmap Index Scan", "Parent Relationship": "Outer", "Index Name": "company_name_pkey", "Startup Cost": 0.0, "Total Cost": 2779.23, "Plan Rows": 234996, "Plan Width": 0}]}, {"Node Type": "Index Scan", "Parent Relationship": "Inner", "Scan Direction": "Forward", "Index Name": "company_id_movie_companies", "Relation Name": "movie_companies", "Alias": "mc", "Startup Cost": 0.0, "Total Cost": 40.56, "Plan Rows": 15, "Plan Width": 12, "Index Cond": "(company_id = cn.id)"}]}, {"Node Type": "Index Scan", "Parent Relationship": "Inner", "Scan Direction": "Forward", "Index Name": "movie_id_cast_info", "Relation Name": "cast_info", "Alias": "ci", "Startup Cost": 0.0, "Total Cost": 0.98, "Plan Rows": 1, "Plan Width": 12, "Index Cond": "(movie_id = mc.movie_id)", "Filter": "(((note)::text ~~ '%(voice)%'::text) AND ((note)::text ~~ '%(uncredited)%'::text))"}]}]}, {"Node Type": "Index Scan", "Parent Relationship": "Inner", "Scan Direction": "Forward", "Index Name": "title_pkey", "Relation Name": "title", "Alias": "t", "Startup Cost": 0.0, "Total Cost": 0.34, "Plan Rows": 1, "Plan Width": 21, "Index Cond": "(id = mc.movie_id)", "Filter": "(production_year > 2005)"}]}, {"Node Type": "Index Scan", "Parent Relationship": "Inner", "Scan Direction": "Forward", "Index Name": "char_name_pkey", "Relation Name": "char_name", "Alias": "chn", "Startup Cost": 0.0, "Total Cost": 5.37, "Plan Rows": 1, "Plan Width": 20, "Index Cond": "(id = ci.person_role_id)"}]}, {"Node Type": "Index Only Scan", "Parent Relationship": "Inner", "Scan Direction": "Forward", "Index Name": "company_type_pkey", "Relation Name": "company_type", "Alias": "ct", "Startup Cost": 0.0, "Total Cost": 0.27, "Plan Rows": 1, "Plan Width": 4, "Index Cond": "(id = mc.company_type_id)"}]}]}, "Unique SQL Id": 2933943827, "Planner Runtime": 6}, "explain_analyze_plan": {"Plan": {"Node Type": "Aggregate", "Strategy": "Plain", "Startup Cost": 22688.03, "Total Cost": 22688.04, "Plan Rows": 1, "Plan Width": 97, "Actual Startup Time": 886.686, "Actual Total Time": 886.686, "Actual Rows": 1, "Actual Loops": 1, "Plans": [{"Node Type": "Nested Loop", "Parent Relationship": "Outer", "Join Type": "Inner", "Startup Cost": 2779.29, "Total Cost": 22688.02, "Plan Rows": 2, "Plan Width": 33, "Actual Startup Time": 68.107, "Actual Total Time": 886.57, "Actual Rows": 18, "Actual Loops": 1, "Inner Unique": true, "Plans": [{"Node Type": "Nested Loop", "Parent Relationship": "Outer", "Join Type": "Inner", "Startup Cost": 2779.29, "Total Cost": 22687.46, "Plan Rows": 2, "Plan Width": 37, "Actual Startup Time": 30.688, "Actual Total Time": 886.228, "Actual Rows": 104, "Actual Loops": 1, "Inner Unique": true, "Plans": [{"Node Type": "Nested Loop", "Parent Relationship": "Outer", "Join Type": "Inner", "Startup Cost": 2779.29, "Total Cost": 22660.57, "Plan Rows": 5, "Plan Width": 25, "Actual Startup Time": 30.675, "Actual Total Time": 885.174, "Actual Rows": 112, "Actual Loops": 1, "Inner Unique": true, "Plans": [{"Node Type": "Nested Loop", "Parent Relationship": "Outer", "Join Type": "Inner", "Startup Cost": 2779.29, "Total Cost": 22658.47, "Plan Rows": 6, "Plan Width": 16, "Actual Startup Time": 21.765, "Actual Total Time": 882.885, "Actual Rows": 275, "Actual Loops": 1, "Inner Unique": false, "Join Filter": "(ci.role_id = rt.id)", "Rows Removed by Join Filter": 102, "Plans": [{"Node Type": "Index Scan", "Parent Relationship": "Outer", "Scan Direction": "Forward", "Index Name": "role_type_pkey", "Relation Name": "role_type", "Alias": "rt", "Startup Cost": 0.0, "Total Cost": 12.46, "Plan Rows": 1, "Plan Width": 4, "Actual Startup Time": 0.026, "Actual Total Time": 0.036, "Actual Rows": 1, "Actual Loops": 1, "Filter": "((role)::text = 'actor'::text)", "Rows Removed by Filter": 11}, {"Node Type": "Nested Loop", "Parent Relationship": "Inner", "Join Type": "Inner", "Startup Cost": 2779.29, "Total Cost": 22645.16, "Plan Rows": 68, "Plan Width": 20, "Actual Startup Time": 21.729, "Actual Total Time": 882.549, "Actual Rows": 377, "Actual Loops": 1, "Inner Unique": false, "Plans": [{"Node Type": "Nested Loop", "Parent Relationship": "Outer", "Join Type": "Inner", "Startup Cost": 2779.29, "Total Cost": 18900.84, "Plan Rows": 3779, "Plan Width": 8, "Actual Startup Time": 20.828, "Actual Total Time": 177.333, "Actual Rows": 8790, "Actual Loops": 1, "Inner Unique": false, "Plans": [{"Node Type": "Bitmap Heap Scan", "Parent Relationship": "Outer", "Relation Name": "company_name", "Alias": "cn", "Startup Cost": 2779.29, "Total Cost": 8682.74, "Plan Rows": 251, "Plan Width": 4, "Actual Startup Time": 20.803, "Actual Total Time": 152.123, "Actual Rows": 1361, "Actual Loops": 1, "Filter": "((country_code)::text = '[ru]'::text)", "Rows Removed by Filter": 233635, "Exact Heap Blocks": 2966, "Lossy Heap Blocks": 2966, "Plans": [{"Node Type": "Bitmap Index Scan", "Parent Relationship": "Outer", "Index Name": "company_name_pkey", "Startup Cost": 0.0, "Total Cost": 2779.23, "Plan Rows": 234996, "Plan Width": 0, "Actual Startup Time": 20.317, "Actual Total Time": 20.317, "Actual Rows": 234996, "Actual Loops": 1}]}, {"Node Type": "Index Scan", "Parent Relationship": "Inner", "Scan Direction": "Forward", "Index Name": "company_id_movie_companies", "Relation Name": "movie_companies", "Alias": "mc", "Startup Cost": 0.0, "Total Cost": 40.56, "Plan Rows": 15, "Plan Width": 12, "Actual Startup Time": 8.872, "Actual Total Time": 21.76, "Actual Rows": 8790, "Actual Loops": 1361, "Index Cond": "(company_id = cn.id)", "Rows Removed by Index Recheck": 0}]}, {"Node Type": "Index Scan", "Parent Relationship": "Inner", "Scan Direction": "Forward", "Index Name": "movie_id_cast_info", "Relation Name": "cast_info", "Alias": "ci", "Startup Cost": 0.0, "Total Cost": 0.98, "Plan Rows": 1, "Plan Width": 12, "Actual Startup Time": 659.474, "Actual Total Time": 699.702, "Actual Rows": 377, "Actual Loops": 8790, "Index Cond": "(movie_id = mc.movie_id)", "Rows Removed by Index Recheck": 0, "Filter": "(((note)::text ~~ '%(voice)%'::text) AND ((note)::text ~~ '%(uncredited)%'::text))", "Rows Removed by Filter": 408168}]}]}, {"Node Type": "Index Scan", "Parent Relationship": "Inner", "Scan Direction": "Forward", "Index Name": "title_pkey", "Relation Name": "title", "Alias": "t", "Startup Cost": 0.0, "Total Cost": 0.34, "Plan Rows": 1, "Plan Width": 21, "Actual Startup Time": 1.884, "Actual Total Time": 1.884, "Actual Rows": 112, "Actual Loops": 275, "Index Cond": "(id = mc.movie_id)", "Rows Removed by Index Recheck": 0, "Filter": "(production_year > 2005)", "Rows Removed by Filter": 163}]}, {"Node Type": "Index Scan", "Parent Relationship": "Inner", "Scan Direction": "Forward", "Index Name": "char_name_pkey", "Relation Name": "char_name", "Alias": "chn", "Startup Cost": 0.0, "Total Cost": 5.37, "Plan Rows": 1, "Plan Width": 20, "Actual Startup Time": 0.829, "Actual Total Time": 0.829, "Actual Rows": 104, "Actual Loops": 112, "Index Cond": "(id = ci.person_role_id)", "Rows Removed by Index Recheck": 0}]}, {"Node Type": "Index Only Scan", "Parent Relationship": "Inner", "Scan Direction": "Forward", "Index Name": "company_type_pkey", "Relation Name": "company_type", "Alias": "ct", "Startup Cost": 0.0, "Total Cost": 0.27, "Plan Rows": 1, "Plan Width": 4, "Actual Startup Time": 0.181, "Actual Total Time": 0.181, "Actual Rows": 18, "Actual Loops": 104, "Index Cond": "(id = mc.company_type_id)", "Rows Removed by Index Recheck": 0, "Heap Fetches": 0}]}]}, "Triggers": [], "Planner Runtime": 6, "Total Runtime": 887.084, "Unique SQL Id": 2933943827}}, "(64, 114)": {"explain_plan": {"Plan": {"Node Type": "Aggregate", "Strategy": "Plain", "Startup Cost": 38342.48, "Total Cost": 38342.49, "Plan Rows": 1, "Plan Width": 97, "Plans": [{"Node Type": "Nested Loop", "Parent Relationship": "Outer", "Join Type": "Inner", "Startup Cost": 7.4, "Total Cost": 38342.47, "Plan Rows": 2, "Plan Width": 33, "Inner Unique": false, "Join Filter": "(mc.company_type_id = ct.id)", "Plans": [{"Node Type": "Seq Scan", "Parent Relationship": "Outer", "Relation Name": "company_type", "Alias": "ct", "Startup Cost": 0.0, "Total Cost": 1.03, "Plan Rows": 3, "Plan Width": 4}, {"Node Type": "Materialize", "Parent Relationship": "Inner", "Startup Cost": 7.4, "Total Cost": 38341.35, "Plan Rows": 2, "Plan Width": 37, "Plans": [{"Node Type": "Nested Loop", "Parent Relationship": "Outer", "Join Type": "Inner", "Startup Cost": 7.4, "Total Cost": 38341.34, "Plan Rows": 2, "Plan Width": 37, "Inner Unique": true, "Plans": [{"Node Type": "Nested Loop", "Parent Relationship": "Outer", "Join Type": "Inner", "Startup Cost": 7.13, "Total Cost": 38328.45, "Plan Rows": 3, "Plan Width": 28, "Inner Unique": true, "Plans": [{"Node Type": "Nested Loop", "Parent Relationship": "Outer", "Join Type": "Inner", "Startup Cost": 4.83, "Total Cost": 38290.52, "Plan Rows": 6, "Plan Width": 16, "Inner Unique": false, "Join Filter": "(ci.role_id = rt.id)", "Plans": [{"Node Type": "Seq Scan", "Parent Relationship": "Outer", "Relation Name": "role_type", "Alias": "rt", "Startup Cost": 0.0, "Total Cost": 1.15, "Plan Rows": 1, "Plan Width": 4, "Filter": "((role)::text = 'actor'::text)"}, {"Node Type": "Nested Loop", "Parent Relationship": "Inner", "Join Type": "Inner", "Startup Cost": 4.83, "Total Cost": 38288.52, "Plan Rows": 68, "Plan Width": 20, "Inner Unique": false, "Plans": [{"Node Type": "Nested Loop", "Parent Relationship": "Outer", "Join Type": "Inner", "Startup Cost": 4.32, "Total Cost": 20813.55, "Plan Rows": 3779, "Plan Width": 8, "Inner Unique": false, "Plans": [{"Node Type": "Seq Scan", "Parent Relationship": "Outer", "Relation Name": "company_name", "Alias": "cn", "Startup Cost": 0.0, "Total Cost": 5903.45, "Plan Rows": 251, "Plan Width": 4, "Filter": "((country_code)::text = '[ru]'::text)"}, {"Node Type": "Bitmap Heap Scan", "Parent Relationship": "Inner", "Relation Name": "movie_companies", "Alias": "mc", "Startup Cost": 4.32, "Total Cost": 59.25, "Plan Rows": 15, "Plan Width": 12, "Recheck Cond": "(company_id = cn.id)", "Plans": [{"Node Type": "Bitmap Index Scan", "Parent Relationship": "Outer", "Index Name": "company_id_movie_companies", "Startup Cost": 0.0, "Total Cost": 4.31, "Plan Rows": 15, "Plan Width": 0, "Index Cond": "(company_id = cn.id)"}]}]}, {"Node Type": "Bitmap Heap Scan", "Parent Relationship": "Inner", "Relation Name": "cast_info", "Alias": "ci", "Startup Cost": 0.51, "Total Cost": 4.61, "Plan Rows": 1, "Plan Width": 12, "Recheck Cond": "(movie_id = mc.movie_id)", "Filter": "(((note)::text ~~ '%(voice)%'::text) AND ((note)::text ~~ '%(uncredited)%'::text))", "Plans": [{"Node Type": "Bitmap Index Scan", "Parent Relationship": "Outer", "Index Name": "movie_id_cast_info", "Startup Cost": 0.0, "Total Cost": 0.51, "Plan Rows": 6, "Plan Width": 0, "Index Cond": "(movie_id = mc.movie_id)"}]}]}]}, {"Node Type": "Bitmap Heap Scan", "Parent Relationship": "Inner", "Relation Name": "char_name", "Alias": "chn", "Startup Cost": 2.3, "Total Cost": 6.31, "Plan Rows": 1, "Plan Width": 20, "Recheck Cond": "(id = ci.person_role_id)", "Plans": [{"Node Type": "Bitmap Index Scan", "Parent Relationship": "Outer", "Index Name": "char_name_pkey", "Startup Cost": 0.0, "Total Cost": 2.3, "Plan Rows": 1, "Plan Width": 0, "Index Cond": "(id = ci.person_role_id)"}]}]}, {"Node Type": "Bitmap Heap Scan", "Parent Relationship": "Inner", "Relation Name": "title", "Alias": "t", "Startup Cost": 0.27, "Total Cost": 4.29, "Plan Rows": 1, "Plan Width": 21, "Recheck Cond": "(id = mc.movie_id)", "Filter": "(production_year > 2005)", "Plans": [{"Node Type": "Bitmap Index Scan", "Parent Relationship": "Outer", "Index Name": "title_pkey", "Startup Cost": 0.0, "Total Cost": 0.27, "Plan Rows": 1, "Plan Width": 0, "Index Cond": "(id = mc.movie_id)"}]}]}]}]}]}, "Unique SQL Id": 2933943827, "Planner Runtime": 17}, "explain_analyze_plan": {"Plan": {"Node Type": "Aggregate", "Strategy": "Plain", "Startup Cost": 38342.48, "Total Cost": 38342.49, "Plan Rows": 1, "Plan Width": 97, "Actual Startup Time": 1053.545, "Actual Total Time": 1053.545, "Actual Rows": 1, "Actual Loops": 1, "Plans": [{"Node Type": "Nested Loop", "Parent Relationship": "Outer", "Join Type": "Inner", "Startup Cost": 7.4, "Total Cost": 38342.47, "Plan Rows": 2, "Plan Width": 33, "Actual Startup Time": 58.944, "Actual Total Time": 1053.444, "Actual Rows": 18, "Actual Loops": 1, "Inner Unique": false, "Join Filter": "(mc.company_type_id = ct.id)", "Rows Removed by Join Filter": 294, "Plans": [{"Node Type": "Seq Scan", "Parent Relationship": "Outer", "Relation Name": "company_type", "Alias": "ct", "Startup Cost": 0.0, "Total Cost": 1.03, "Plan Rows": 3, "Plan Width": 4, "Actual Startup Time": 0.016, "Actual Total Time": 0.018, "Actual Rows": 3, "Actual Loops": 1}, {"Node Type": "Materialize", "Parent Relationship": "Inner", "Startup Cost": 7.4, "Total Cost": 38341.35, "Plan Rows": 2, "Plan Width": 37, "Actual Startup Time": 12.262, "Actual Total Time": 1053.269, "Actual Rows": 312, "Actual Loops": 3, "Plans": [{"Node Type": "Nested Loop", "Parent Relationship": "Outer", "Join Type": "Inner", "Startup Cost": 7.4, "Total Cost": 38341.34, "Plan Rows": 2, "Plan Width": 37, "Actual Startup Time": 12.255, "Actual Total Time": 1053.029, "Actual Rows": 104, "Actual Loops": 1, "Inner Unique": true, "Plans": [{"Node Type": "Nested Loop", "Parent Relationship": "Outer", "Join Type": "Inner", "Startup Cost": 7.13, "Total Cost": 38328.45, "Plan Rows": 3, "Plan Width": 28, "Actual Startup Time": 1.092, "Actual Total Time": 1050.343, "Actual Rows": 265, "Actual Loops": 1, "Inner Unique": true, "Plans": [{"Node Type": "Nested Loop", "Parent Relationship": "Outer", "Join Type": "Inner", "Startup Cost": 4.83, "Total Cost": 38290.52, "Plan Rows": 6, "Plan Width": 16, "Actual Startup Time": 1.071, "Actual Total Time": 1047.151, "Actual Rows": 275, "Actual Loops": 1, "Inner Unique": false, "Join Filter": "(ci.role_id = rt.id)", "Rows Removed by Join Filter": 102, "Plans": [{"Node Type": "Seq Scan", "Parent Relationship": "Outer", "Relation Name": "role_type", "Alias": "rt", "Startup Cost": 0.0, "Total Cost": 1.15, "Plan Rows": 1, "Plan Width": 4, "Actual Startup Time": 0.016, "Actual Total Time": 0.024, "Actual Rows": 1, "Actual Loops": 1, "Filter": "((role)::text = 'actor'::text)", "Rows Removed by Filter": 11}, {"Node Type": "Nested Loop", "Parent Relationship": "Inner", "Join Type": "Inner", "Startup Cost": 4.83, "Total Cost": 38288.52, "Plan Rows": 68, "Plan Width": 20, "Actual Startup Time": 1.033, "Actual Total Time": 1046.789, "Actual Rows": 377, "Actual Loops": 1, "Inner Unique": false, "Plans": [{"Node Type": "Nested Loop", "Parent Relationship": "Outer", "Join Type": "Inner", "Startup Cost": 4.32, "Total Cost": 20813.55, "Plan Rows": 3779, "Plan Width": 8, "Actual Startup Time": 0.089, "Actual Total Time": 117.624, "Actual Rows": 8790, "Actual Loops": 1, "Inner Unique": false, "Plans": [{"Node Type": "Seq Scan", "Parent Relationship": "Outer", "Relation Name": "company_name", "Alias": "cn", "Startup Cost": 0.0, "Total Cost": 5903.45, "Plan Rows": 251, "Plan Width": 4, "Actual Startup Time": 0.044, "Actual Total Time": 83.442, "Actual Rows": 1361, "Actual Loops": 1, "Filter": "((country_code)::text = '[ru]'::text)", "Rows Removed by Filter": 233635}, {"Node Type": "Bitmap Heap Scan", "Parent Relationship": "Inner", "Relation Name": "movie_companies", "Alias": "mc", "Startup Cost": 4.32, "Total Cost": 59.25, "Plan Rows": 15, "Plan Width": 12, "Actual Startup Time": 14.335, "Actual Total Time": 29.299, "Actual Rows": 8790, "Actual Loops": 1361, "Recheck Cond": "(company_id = cn.id)", "Rows Removed by Index Recheck": 0, "Exact Heap Blocks": 7155, "Lossy Heap Blocks": 7155, "Plans": [{"Node Type": "Bitmap Index Scan", "Parent Relationship": "Outer", "Index Name": "company_id_movie_companies", "Startup Cost": 0.0, "Total Cost": 4.31, "Plan Rows": 15, "Plan Width": 0, "Actual Startup Time": 9.029, "Actual Total Time": 9.029, "Actual Rows": 8790, "Actual Loops": 1361, "Index Cond": "(company_id = cn.id)"}]}]}, {"Node Type": "Bitmap Heap Scan", "Parent Relationship": "Inner", "Relation Name": "cast_info", "Alias": "ci", "Startup Cost": 0.51, "Total Cost": 4.61, "Plan Rows": 1, "Plan Width": 12, "Actual Startup Time": 866.656, "Actual Total Time": 913.153, "Actual Rows": 377, "Actual Loops": 8790, "Recheck Cond": "(movie_id = mc.movie_id)", "Rows Removed by Index Recheck": 0, "Filter": "(((note)::text ~~ '%(voice)%'::text) AND ((note)::text ~~ '%(uncredited)%'::text))", "Rows Removed by Filter": 408168, "Exact Heap Blocks": 397651, "Lossy Heap Blocks": 397651, "Plans": [{"Node Type": "Bitmap Index Scan", "Parent Relationship": "Outer", "Index Name": "movie_id_cast_info", "Startup Cost": 0.0, "Total Cost": 0.51, "Plan Rows": 6, "Plan Width": 0, "Actual Startup Time": 123.916, "Actual Total Time": 123.916, "Actual Rows": 408545, "Actual Loops": 8790, "Index Cond": "(movie_id = mc.movie_id)"}]}]}]}, {"Node Type": "Bitmap Heap Scan", "Parent Relationship": "Inner", "Relation Name": "char_name", "Alias": "chn", "Startup Cost": 2.3, "Total Cost": 6.31, "Plan Rows": 1, "Plan Width": 20, "Actual Startup Time": 2.44, "Actual Total Time": 2.44, "Actual Rows": 265, "Actual Loops": 275, "Recheck Cond": "(id = ci.person_role_id)", "Rows Removed by Index Recheck": 0, "Exact Heap Blocks": 265, "Lossy Heap Blocks": 265, "Plans": [{"Node Type": "Bitmap Index Scan", "Parent Relationship": "Outer", "Index Name": "char_name_pkey", "Startup Cost": 0.0, "Total Cost": 2.3, "Plan Rows": 1, "Plan Width": 0, "Actual Startup Time": 1.617, "Actual Total Time": 1.617, "Actual Rows": 265, "Actual Loops": 275, "Index Cond": "(id = ci.person_role_id)"}]}]}, {"Node Type": "Bitmap Heap Scan", "Parent Relationship": "Inner", "Relation Name": "title", "Alias": "t", "Startup Cost": 0.27, "Total Cost": 4.29, "Plan Rows": 1, "Plan Width": 21, "Actual Startup Time": 2.108, "Actual Total Time": 2.108, "Actual Rows": 104, "Actual Loops": 265, "Recheck Cond": "(id = mc.movie_id)", "Rows Removed by Index Recheck": 0, "Filter": "(production_year > 2005)", "Rows Removed by Filter": 161, "Exact Heap Blocks": 265, "Lossy Heap Blocks": 265, "Plans": [{"Node Type": "Bitmap Index Scan", "Parent Relationship": "Outer", "Index Name": "title_pkey", "Startup Cost": 0.0, "Total Cost": 0.27, "Plan Rows": 1, "Plan Width": 0, "Actual Startup Time": 1.253, "Actual Total Time": 1.253, "Actual Rows": 265, "Actual Loops": 265, "Index Cond": "(id = mc.movie_id)"}]}]}]}]}]}, "Triggers": [], "Planner Runtime": 16, "Total Runtime": 1054.095, "Unique SQL Id": 2933943827}}, "(64, 115)": {"explain_plan": {"Plan": {"Node Type": "Aggregate", "Strategy": "Plain", "Startup Cost": 41418.46, "Total Cost": 41418.47, "Plan Rows": 1, "Plan Width": 97, "Plans": [{"Node Type": "Nested Loop", "Parent Relationship": "Outer", "Join Type": "Inner", "Startup Cost": 2787.21, "Total Cost": 41418.45, "Plan Rows": 2, "Plan Width": 33, "Inner Unique": true, "Plans": [{"Node Type": "Nested Loop", "Parent Relationship": "Outer", "Join Type": "Inner", "Startup Cost": 2786.95, "Total Cost": 41409.89, "Plan Rows": 2, "Plan Width": 37, "Inner Unique": true, "Plans": [{"Node Type": "Nested Loop", "Parent Relationship": "Outer", "Join Type": "Inner", "Startup Cost": 2786.68, "Total Cost": 41397.0, "Plan Rows": 3, "Plan Width": 28, "Inner Unique": true, "Plans": [{"Node Type": "Nested Loop", "Parent Relationship": "Outer", "Join Type": "Inner", "Startup Cost": 2784.38, "Total Cost": 41359.07, "Plan Rows": 6, "Plan Width": 16, "Inner Unique": true, "Plans": [{"Node Type": "Nested Loop", "Parent Relationship": "Outer", "Join Type": "Inner", "Startup Cost": 2784.12, "Total Cost": 41067.82, "Plan Rows": 68, "Plan Width": 20, "Inner Unique": false, "Plans": [{"Node Type": "Nested Loop", "Parent Relationship": "Outer", "Join Type": "Inner", "Startup Cost": 2783.61, "Total Cost": 23592.84, "Plan Rows": 3779, "Plan Width": 8, "Inner Unique": false, "Plans": [{"Node Type": "Bitmap Heap Scan", "Parent Relationship": "Outer", "Relation Name": "company_name", "Alias": "cn", "Startup Cost": 2779.29, "Total Cost": 8682.74, "Plan Rows": 251, "Plan Width": 4, "Filter": "((country_code)::text = '[ru]'::text)", "Plans": [{"Node Type": "Bitmap Index Scan", "Parent Relationship": "Outer", "Index Name": "company_name_pkey", "Startup Cost": 0.0, "Total Cost": 2779.23, "Plan Rows": 234996, "Plan Width": 0}]}, {"Node Type": "Bitmap Heap Scan", "Parent Relationship": "Inner", "Relation Name": "movie_companies", "Alias": "mc", "Startup Cost": 4.32, "Total Cost": 59.25, "Plan Rows": 15, "Plan Width": 12, "Recheck Cond": "(company_id = cn.id)", "Plans": [{"Node Type": "Bitmap Index Scan", "Parent Relationship": "Outer", "Index Name": "company_id_movie_companies", "Startup Cost": 0.0, "Total Cost": 4.31, "Plan Rows": 15, "Plan Width": 0, "Index Cond": "(company_id = cn.id)"}]}]}, {"Node Type": "Bitmap Heap Scan", "Parent Relationship": "Inner", "Relation Name": "cast_info", "Alias": "ci", "Startup Cost": 0.51, "Total Cost": 4.61, "Plan Rows": 1, "Plan Width": 12, "Recheck Cond": "(movie_id = mc.movie_id)", "Filter": "(((note)::text ~~ '%(voice)%'::text) AND ((note)::text ~~ '%(uncredited)%'::text))", "Plans": [{"Node Type": "Bitmap Index Scan", "Parent Relationship": "Outer", "Index Name": "movie_id_cast_info", "Startup Cost": 0.0, "Total Cost": 0.51, "Plan Rows": 6, "Plan Width": 0, "Index Cond": "(movie_id = mc.movie_id)"}]}]}, {"Node Type": "Bitmap Heap Scan", "Parent Relationship": "Inner", "Relation Name": "role_type", "Alias": "rt", "Startup Cost": 0.26, "Total Cost": 4.27, "Plan Rows": 1, "Plan Width": 4, "Recheck Cond": "(id = ci.role_id)", "Filter": "((role)::text = 'actor'::text)", "Plans": [{"Node Type": "Bitmap Index Scan", "Parent Relationship": "Outer", "Index Name": "role_type_pkey", "Startup Cost": 0.0, "Total Cost": 0.26, "Plan Rows": 1, "Plan Width": 0, "Index Cond": "(id = ci.role_id)"}]}]}, {"Node Type": "Bitmap Heap Scan", "Parent Relationship": "Inner", "Relation Name": "char_name", "Alias": "chn", "Startup Cost": 2.3, "Total Cost": 6.31, "Plan Rows": 1, "Plan Width": 20, "Recheck Cond": "(id = ci.person_role_id)", "Plans": [{"Node Type": "Bitmap Index Scan", "Parent Relationship": "Outer", "Index Name": "char_name_pkey", "Startup Cost": 0.0, "Total Cost": 2.3, "Plan Rows": 1, "Plan Width": 0, "Index Cond": "(id = ci.person_role_id)"}]}]}, {"Node Type": "Bitmap Heap Scan", "Parent Relationship": "Inner", "Relation Name": "title", "Alias": "t", "Startup Cost": 0.27, "Total Cost": 4.29, "Plan Rows": 1, "Plan Width": 21, "Recheck Cond": "(id = mc.movie_id)", "Filter": "(production_year > 2005)", "Plans": [{"Node Type": "Bitmap Index Scan", "Parent Relationship": "Outer", "Index Name": "title_pkey", "Startup Cost": 0.0, "Total Cost": 0.27, "Plan Rows": 1, "Plan Width": 0, "Index Cond": "(id = mc.movie_id)"}]}]}, {"Node Type": "Bitmap Heap Scan", "Parent Relationship": "Inner", "Relation Name": "company_type", "Alias": "ct", "Startup Cost": 0.26, "Total Cost": 4.27, "Plan Rows": 1, "Plan Width": 4, "Recheck Cond": "(id = mc.company_type_id)", "Plans": [{"Node Type": "Bitmap Index Scan", "Parent Relationship": "Outer", "Index Name": "company_type_pkey", "Startup Cost": 0.0, "Total Cost": 0.26, "Plan Rows": 1, "Plan Width": 0, "Index Cond": "(id = mc.company_type_id)"}]}]}]}, "Unique SQL Id": 2933943827, "Planner Runtime": 6}, "explain_analyze_plan": {"Plan": {"Node Type": "Aggregate", "Strategy": "Plain", "Startup Cost": 41418.46, "Total Cost": 41418.47, "Plan Rows": 1, "Plan Width": 97, "Actual Startup Time": 1353.636, "Actual Total Time": 1353.637, "Actual Rows": 1, "Actual Loops": 1, "Plans": [{"Node Type": "Nested Loop", "Parent Relationship": "Outer", "Join Type": "Inner", "Startup Cost": 2787.21, "Total Cost": 41418.45, "Plan Rows": 2, "Plan Width": 33, "Actual Startup Time": 107.21, "Actual Total Time": 1353.521, "Actual Rows": 18, "Actual Loops": 1, "Inner Unique": true, "Plans": [{"Node Type": "Nested Loop", "Parent Relationship": "Outer", "Join Type": "Inner", "Startup Cost": 2786.95, "Total Cost": 41409.89, "Plan Rows": 2, "Plan Width": 37, "Actual Startup Time": 37.769, "Actual Total Time": 1352.989, "Actual Rows": 104, "Actual Loops": 1, "Inner Unique": true, "Plans": [{"Node Type": "Nested Loop", "Parent Relationship": "Outer", "Join Type": "Inner", "Startup Cost": 2786.68, "Total Cost": 41397.0, "Plan Rows": 3, "Plan Width": 28, "Actual Startup Time": 23.05, "Actual Total Time": 1349.829, "Actual Rows": 265, "Actual Loops": 1, "Inner Unique": true, "Plans": [{"Node Type": "Nested Loop", "Parent Relationship": "Outer", "Join Type": "Inner", "Startup Cost": 2784.38, "Total Cost": 41359.07, "Plan Rows": 6, "Plan Width": 16, "Actual Startup Time": 23.037, "Actual Total Time": 1346.368, "Actual Rows": 275, "Actual Loops": 1, "Inner Unique": true, "Plans": [{"Node Type": "Nested Loop", "Parent Relationship": "Outer", "Join Type": "Inner", "Startup Cost": 2784.12, "Total Cost": 41067.82, "Plan Rows": 68, "Plan Width": 20, "Actual Startup Time": 23.026, "Actual Total Time": 1343.783, "Actual Rows": 377, "Actual Loops": 1, "Inner Unique": false, "Plans": [{"Node Type": "Nested Loop", "Parent Relationship": "Outer", "Join Type": "Inner", "Startup Cost": 2783.61, "Total Cost": 23592.84, "Plan Rows": 3779, "Plan Width": 8, "Actual Startup Time": 21.943, "Actual Total Time": 182.966, "Actual Rows": 8790, "Actual Loops": 1, "Inner Unique": false, "Plans": [{"Node Type": "Bitmap Heap Scan", "Parent Relationship": "Outer", "Relation Name": "company_name", "Alias": "cn", "Startup Cost": 2779.29, "Total Cost": 8682.74, "Plan Rows": 251, "Plan Width": 4, "Actual Startup Time": 21.91, "Actual Total Time": 145.563, "Actual Rows": 1361, "Actual Loops": 1, "Filter": "((country_code)::text = '[ru]'::text)", "Rows Removed by Filter": 233635, "Exact Heap Blocks": 2966, "Lossy Heap Blocks": 2966, "Plans": [{"Node Type": "Bitmap Index Scan", "Parent Relationship": "Outer", "Index Name": "company_name_pkey", "Startup Cost": 0.0, "Total Cost": 2779.23, "Plan Rows": 234996, "Plan Width": 0, "Actual Startup Time": 21.441, "Actual Total Time": 21.441, "Actual Rows": 234996, "Actual Loops": 1}]}, {"Node Type": "Bitmap Heap Scan", "Parent Relationship": "Inner", "Relation Name": "movie_companies", "Alias": "mc", "Startup Cost": 4.32, "Total Cost": 59.25, "Plan Rows": 15, "Plan Width": 12, "Actual Startup Time": 15.259, "Actual Total Time": 32.516, "Actual Rows": 8790, "Actual Loops": 1361, "Recheck Cond": "(company_id = cn.id)", "Rows Removed by Index Recheck": 0, "Exact Heap Blocks": 7155, "Lossy Heap Blocks": 7155, "Plans": [{"Node Type": "Bitmap Index Scan", "Parent Relationship": "Outer", "Index Name": "company_id_movie_companies", "Startup Cost": 0.0, "Total Cost": 4.31, "Plan Rows": 15, "Plan Width": 0, "Actual Startup Time": 9.3, "Actual Total Time": 9.3, "Actual Rows": 8790, "Actual Loops": 1361, "Index Cond": "(company_id = cn.id)"}]}]}, {"Node Type": "Bitmap Heap Scan", "Parent Relationship": "Inner", "Relation Name": "cast_info", "Alias": "ci", "Startup Cost": 0.51, "Total Cost": 4.61, "Plan Rows": 1, "Plan Width": 12, "Actual Startup Time": 1080.605, "Actual Total Time": 1145.055, "Actual Rows": 377, "Actual Loops": 8790, "Recheck Cond": "(movie_id = mc.movie_id)", "Rows Removed by Index Recheck": 0, "Filter": "(((note)::text ~~ '%(voice)%'::text) AND ((note)::text ~~ '%(uncredited)%'::text))", "Rows Removed by Filter": 408168, "Exact Heap Blocks": 397651, "Lossy Heap Blocks": 397651, "Plans": [{"Node Type": "Bitmap Index Scan", "Parent Relationship": "Outer", "Index Name": "movie_id_cast_info", "Startup Cost": 0.0, "Total Cost": 0.51, "Plan Rows": 6, "Plan Width": 0, "Actual Startup Time": 134.176, "Actual Total Time": 134.176, "Actual Rows": 408545, "Actual Loops": 8790, "Index Cond": "(movie_id = mc.movie_id)"}]}]}, {"Node Type": "Bitmap Heap Scan", "Parent Relationship": "Inner", "Relation Name": "role_type", "Alias": "rt", "Startup Cost": 0.26, "Total Cost": 4.27, "Plan Rows": 1, "Plan Width": 4, "Actual Startup Time": 1.653, "Actual Total Time": 1.653, "Actual Rows": 275, "Actual Loops": 377, "Recheck Cond": "(id = ci.role_id)", "Rows Removed by Index Recheck": 0, "Filter": "((role)::text = 'actor'::text)", "Rows Removed by Filter": 102, "Exact Heap Blocks": 377, "Lossy Heap Blocks": 377, "Plans": [{"Node Type": "Bitmap Index Scan", "Parent Relationship": "Outer", "Index Name": "role_type_pkey", "Startup Cost": 0.0, "Total Cost": 0.26, "Plan Rows": 1, "Plan Width": 0, "Actual Startup Time": 0.619, "Actual Total Time": 0.619, "Actual Rows": 377, "Actual Loops": 377, "Index Cond": "(id = ci.role_id)"}]}]}, {"Node Type": "Bitmap Heap Scan", "Parent Relationship": "Inner", "Relation Name": "char_name", "Alias": "chn", "Startup Cost": 2.3, "Total Cost": 6.31, "Plan Rows": 1, "Plan Width": 20, "Actual Startup Time": 2.76, "Actual Total Time": 2.76, "Actual Rows": 265, "Actual Loops": 275, "Recheck Cond": "(id = ci.person_role_id)", "Rows Removed by Index Recheck": 0, "Exact Heap Blocks": 265, "Lossy Heap Blocks": 265, "Plans": [{"Node Type": "Bitmap Index Scan", "Parent Relationship": "Outer", "Index Name": "char_name_pkey", "Startup Cost": 0.0, "Total Cost": 2.3, "Plan Rows": 1, "Plan Width": 0, "Actual Startup Time": 1.81, "Actual Total Time": 1.81, "Actual Rows": 265, "Actual Loops": 275, "Index Cond": "(id = ci.person_role_id)"}]}]}, {"Node Type": "Bitmap Heap Scan", "Parent Relationship": "Inner", "Relation Name": "title", "Alias": "t", "Startup Cost": 0.27, "Total Cost": 4.29, "Plan Rows": 1, "Plan Width": 21, "Actual Startup Time": 2.584, "Actual Total Time": 2.584, "Actual Rows": 104, "Actual Loops": 265, "Recheck Cond": "(id = mc.movie_id)", "Rows Removed by Index Recheck": 0, "Filter": "(production_year > 2005)", "Rows Removed by Filter": 161, "Exact Heap Blocks": 265, "Lossy Heap Blocks": 265, "Plans": [{"Node Type": "Bitmap Index Scan", "Parent Relationship": "Outer", "Index Name": "title_pkey", "Startup Cost": 0.0, "Total Cost": 0.27, "Plan Rows": 1, "Plan Width": 0, "Actual Startup Time": 1.613, "Actual Total Time": 1.613, "Actual Rows": 265, "Actual Loops": 265, "Index Cond": "(id = mc.movie_id)"}]}]}, {"Node Type": "Bitmap Heap Scan", "Parent Relationship": "Inner", "Relation Name": "company_type", "Alias": "ct", "Startup Cost": 0.26, "Total Cost": 4.27, "Plan Rows": 1, "Plan Width": 4, "Actual Startup Time": 0.288, "Actual Total Time": 0.288, "Actual Rows": 18, "Actual Loops": 104, "Recheck Cond": "(id = mc.company_type_id)", "Rows Removed by Index Recheck": 0, "Exact Heap Blocks": 18, "Lossy Heap Blocks": 18, "Plans": [{"Node Type": "Bitmap Index Scan", "Parent Relationship": "Outer", "Index Name": "company_type_pkey", "Startup Cost": 0.0, "Total Cost": 0.26, "Plan Rows": 1, "Plan Width": 0, "Actual Startup Time": 0.156, "Actual Total Time": 0.156, "Actual Rows": 18, "Actual Loops": 104, "Index Cond": "(id = mc.company_type_id)"}]}]}]}, "Triggers": [], "Planner Runtime": 6, "Total Runtime": 1354.082, "Unique SQL Id": 2933943827}}, "(64, 116)": {"explain_plan": {"Plan": {"Node Type": "Aggregate", "Strategy": "Plain", "Startup Cost": 19897.43, "Total Cost": 19897.44, "Plan Rows": 1, "Plan Width": 97, "Plans": [{"Node Type": "Nested Loop", "Parent Relationship": "Outer", "Join Type": "Inner", "Startup Cost": 0.0, "Total Cost": 19897.42, "Plan Rows": 2, "Plan Width": 33, "Inner Unique": true, "Plans": [{"Node Type": "Nested Loop", "Parent Relationship": "Outer", "Join Type": "Inner", "Startup Cost": 0.0, "Total Cost": 19896.86, "Plan Rows": 2, "Plan Width": 37, "Inner Unique": true, "Plans": [{"Node Type": "Nested Loop", "Parent Relationship": "Outer", "Join Type": "Inner", "Startup Cost": 0.0, "Total Cost": 19869.97, "Plan Rows": 5, "Plan Width": 25, "Inner Unique": true, "Plans": [{"Node Type": "Nested Loop", "Parent Relationship": "Outer", "Join Type": "Inner", "Startup Cost": 0.0, "Total Cost": 19867.87, "Plan Rows": 6, "Plan Width": 16, "Inner Unique": false, "Join Filter": "(ci.role_id = rt.id)", "Plans": [{"Node Type": "Seq Scan", "Parent Relationship": "Outer", "Relation Name": "role_type", "Alias": "rt", "Startup Cost": 0.0, "Total Cost": 1.15, "Plan Rows": 1, "Plan Width": 4, "Filter": "((role)::text = 'actor'::text)"}, {"Node Type": "Nested Loop", "Parent Relationship": "Inner", "Join Type": "Inner", "Startup Cost": 0.0, "Total Cost": 19865.87, "Plan Rows": 68, "Plan Width": 20, "Inner Unique": false, "Plans": [{"Node Type": "Nested Loop", "Parent Relationship": "Outer", "Join Type": "Inner", "Startup Cost": 0.0, "Total Cost": 16121.55, "Plan Rows": 3779, "Plan Width": 8, "Inner Unique": false, "Plans": [{"Node Type": "Seq Scan", "Parent Relationship": "Outer", "Relation Name": "company_name", "Alias": "cn", "Startup Cost": 0.0, "Total Cost": 5903.45, "Plan Rows": 251, "Plan Width": 4, "Filter": "((country_code)::text = '[ru]'::text)"}, {"Node Type": "Index Scan", "Parent Relationship": "Inner", "Scan Direction": "Forward", "Index Name": "company_id_movie_companies", "Relation Name": "movie_companies", "Alias": "mc", "Startup Cost": 0.0, "Total Cost": 40.56, "Plan Rows": 15, "Plan Width": 12, "Index Cond": "(company_id = cn.id)"}]}, {"Node Type": "Index Scan", "Parent Relationship": "Inner", "Scan Direction": "Forward", "Index Name": "movie_id_cast_info", "Relation Name": "cast_info", "Alias": "ci", "Startup Cost": 0.0, "Total Cost": 0.98, "Plan Rows": 1, "Plan Width": 12, "Index Cond": "(movie_id = mc.movie_id)", "Filter": "(((note)::text ~~ '%(voice)%'::text) AND ((note)::text ~~ '%(uncredited)%'::text))"}]}]}, {"Node Type": "Index Scan", "Parent Relationship": "Inner", "Scan Direction": "Forward", "Index Name": "title_pkey", "Relation Name": "title", "Alias": "t", "Startup Cost": 0.0, "Total Cost": 0.34, "Plan Rows": 1, "Plan Width": 21, "Index Cond": "(id = mc.movie_id)", "Filter": "(production_year > 2005)"}]}, {"Node Type": "Index Scan", "Parent Relationship": "Inner", "Scan Direction": "Forward", "Index Name": "char_name_pkey", "Relation Name": "char_name", "Alias": "chn", "Startup Cost": 0.0, "Total Cost": 5.37, "Plan Rows": 1, "Plan Width": 20, "Index Cond": "(id = ci.person_role_id)"}]}, {"Node Type": "Index Scan", "Parent Relationship": "Inner", "Scan Direction": "Forward", "Index Name": "company_type_pkey", "Relation Name": "company_type", "Alias": "ct", "Startup Cost": 0.0, "Total Cost": 0.27, "Plan Rows": 1, "Plan Width": 4, "Index Cond": "(id = mc.company_type_id)"}]}]}, "Unique SQL Id": 2933943827, "Planner Runtime": 6}, "explain_analyze_plan": {"Plan": {"Node Type": "Aggregate", "Strategy": "Plain", "Startup Cost": 19897.43, "Total Cost": 19897.44, "Plan Rows": 1, "Plan Width": 97, "Actual Startup Time": 804.024, "Actual Total Time": 804.024, "Actual Rows": 1, "Actual Loops": 1, "Plans": [{"Node Type": "Nested Loop", "Parent Relationship": "Outer", "Join Type": "Inner", "Startup Cost": 0.0, "Total Cost": 19897.42, "Plan Rows": 2, "Plan Width": 33, "Actual Startup Time": 47.786, "Actual Total Time": 803.917, "Actual Rows": 18, "Actual Loops": 1, "Inner Unique": true, "Plans": [{"Node Type": "Nested Loop", "Parent Relationship": "Outer", "Join Type": "Inner", "Startup Cost": 0.0, "Total Cost": 19896.86, "Plan Rows": 2, "Plan Width": 37, "Actual Startup Time": 10.009, "Actual Total Time": 803.609, "Actual Rows": 104, "Actual Loops": 1, "Inner Unique": true, "Plans": [{"Node Type": "Nested Loop", "Parent Relationship": "Outer", "Join Type": "Inner", "Startup Cost": 0.0, "Total Cost": 19869.97, "Plan Rows": 5, "Plan Width": 25, "Actual Startup Time": 9.994, "Actual Total Time": 802.565, "Actual Rows": 112, "Actual Loops": 1, "Inner Unique": true, "Plans": [{"Node Type": "Nested Loop", "Parent Relationship": "Outer", "Join Type": "Inner", "Startup Cost": 0.0, "Total Cost": 19867.87, "Plan Rows": 6, "Plan Width": 16, "Actual Startup Time": 0.857, "Actual Total Time": 800.305, "Actual Rows": 275, "Actual Loops": 1, "Inner Unique": false, "Join Filter": "(ci.role_id = rt.id)", "Rows Removed by Join Filter": 102, "Plans": [{"Node Type": "Seq Scan", "Parent Relationship": "Outer", "Relation Name": "role_type", "Alias": "rt", "Startup Cost": 0.0, "Total Cost": 1.15, "Plan Rows": 1, "Plan Width": 4, "Actual Startup Time": 0.035, "Actual Total Time": 0.04, "Actual Rows": 1, "Actual Loops": 1, "Filter": "((role)::text = 'actor'::text)", "Rows Removed by Filter": 11}, {"Node Type": "Nested Loop", "Parent Relationship": "Inner", "Join Type": "Inner", "Startup Cost": 0.0, "Total Cost": 19865.87, "Plan Rows": 68, "Plan Width": 20, "Actual Startup Time": 0.814, "Actual Total Time": 800.006, "Actual Rows": 377, "Actual Loops": 1, "Inner Unique": false, "Plans": [{"Node Type": "Nested Loop", "Parent Relationship": "Outer", "Join Type": "Inner", "Startup Cost": 0.0, "Total Cost": 16121.55, "Plan Rows": 3779, "Plan Width": 8, "Actual Startup Time": 0.057, "Actual Total Time": 107.506, "Actual Rows": 8790, "Actual Loops": 1, "Inner Unique": false, "Plans": [{"Node Type": "Seq Scan", "Parent Relationship": "Outer", "Relation Name": "company_name", "Alias": "cn", "Startup Cost": 0.0, "Total Cost": 5903.45, "Plan Rows": 251, "Plan Width": 4, "Actual Startup Time": 0.037, "Actual Total Time": 83.104, "Actual Rows": 1361, "Actual Loops": 1, "Filter": "((country_code)::text = '[ru]'::text)", "Rows Removed by Filter": 233635}, {"Node Type": "Index Scan", "Parent Relationship": "Inner", "Scan Direction": "Forward", "Index Name": "company_id_movie_companies", "Relation Name": "movie_companies", "Alias": "mc", "Startup Cost": 0.0, "Total Cost": 40.56, "Plan Rows": 15, "Plan Width": 12, "Actual Startup Time": 8.468, "Actual Total Time": 21.018, "Actual Rows": 8790, "Actual Loops": 1361, "Index Cond": "(company_id = cn.id)", "Rows Removed by Index Recheck": 0}]}, {"Node Type": "Index Scan", "Parent Relationship": "Inner", "Scan Direction": "Forward", "Index Name": "movie_id_cast_info", "Relation Name": "cast_info", "Alias": "ci", "Startup Cost": 0.0, "Total Cost": 0.98, "Plan Rows": 1, "Plan Width": 12, "Actual Startup Time": 647.342, "Actual Total Time": 687.066, "Actual Rows": 377, "Actual Loops": 8790, "Index Cond": "(movie_id = mc.movie_id)", "Rows Removed by Index Recheck": 0, "Filter": "(((note)::text ~~ '%(voice)%'::text) AND ((note)::text ~~ '%(uncredited)%'::text))", "Rows Removed by Filter": 408168}]}]}, {"Node Type": "Index Scan", "Parent Relationship": "Inner", "Scan Direction": "Forward", "Index Name": "title_pkey", "Relation Name": "title", "Alias": "t", "Startup Cost": 0.0, "Total Cost": 0.34, "Plan Rows": 1, "Plan Width": 21, "Actual Startup Time": 1.837, "Actual Total Time": 1.837, "Actual Rows": 112, "Actual Loops": 275, "Index Cond": "(id = mc.movie_id)", "Rows Removed by Index Recheck": 0, "Filter": "(production_year > 2005)", "Rows Removed by Filter": 163}]}, {"Node Type": "Index Scan", "Parent Relationship": "Inner", "Scan Direction": "Forward", "Index Name": "char_name_pkey", "Relation Name": "char_name", "Alias": "chn", "Startup Cost": 0.0, "Total Cost": 5.37, "Plan Rows": 1, "Plan Width": 20, "Actual Startup Time": 0.803, "Actual Total Time": 0.803, "Actual Rows": 104, "Actual Loops": 112, "Index Cond": "(id = ci.person_role_id)", "Rows Removed by Index Recheck": 0}]}, {"Node Type": "Index Scan", "Parent Relationship": "Inner", "Scan Direction": "Forward", "Index Name": "company_type_pkey", "Relation Name": "company_type", "Alias": "ct", "Startup Cost": 0.0, "Total Cost": 0.27, "Plan Rows": 1, "Plan Width": 4, "Actual Startup Time": 0.179, "Actual Total Time": 0.179, "Actual Rows": 18, "Actual Loops": 104, "Index Cond": "(id = mc.company_type_id)", "Rows Removed by Index Recheck": 0}]}]}, "Triggers": [], "Planner Runtime": 7, "Total Runtime": 804.361, "Unique SQL Id": 2933943827}}, "(64, 117)": {"explain_plan": {"Plan": {"Node Type": "Aggregate", "Strategy": "Plain", "Startup Cost": 22688.03, "Total Cost": 22688.04, "Plan Rows": 1, "Plan Width": 97, "Plans": [{"Node Type": "Nested Loop", "Parent Relationship": "Outer", "Join Type": "Inner", "Startup Cost": 2779.29, "Total Cost": 22688.02, "Plan Rows": 2, "Plan Width": 33, "Inner Unique": true, "Plans": [{"Node Type": "Nested Loop", "Parent Relationship": "Outer", "Join Type": "Inner", "Startup Cost": 2779.29, "Total Cost": 22687.46, "Plan Rows": 2, "Plan Width": 37, "Inner Unique": true, "Plans": [{"Node Type": "Nested Loop", "Parent Relationship": "Outer", "Join Type": "Inner", "Startup Cost": 2779.29, "Total Cost": 22660.57, "Plan Rows": 5, "Plan Width": 25, "Inner Unique": true, "Plans": [{"Node Type": "Nested Loop", "Parent Relationship": "Outer", "Join Type": "Inner", "Startup Cost": 2779.29, "Total Cost": 22658.47, "Plan Rows": 6, "Plan Width": 16, "Inner Unique": false, "Join Filter": "(ci.role_id = rt.id)", "Plans": [{"Node Type": "Index Scan", "Parent Relationship": "Outer", "Scan Direction": "Forward", "Index Name": "role_type_pkey", "Relation Name": "role_type", "Alias": "rt", "Startup Cost": 0.0, "Total Cost": 12.46, "Plan Rows": 1, "Plan Width": 4, "Filter": "((role)::text = 'actor'::text)"}, {"Node Type": "Nested Loop", "Parent Relationship": "Inner", "Join Type": "Inner", "Startup Cost": 2779.29, "Total Cost": 22645.16, "Plan Rows": 68, "Plan Width": 20, "Inner Unique": false, "Plans": [{"Node Type": "Nested Loop", "Parent Relationship": "Outer", "Join Type": "Inner", "Startup Cost": 2779.29, "Total Cost": 18900.84, "Plan Rows": 3779, "Plan Width": 8, "Inner Unique": false, "Plans": [{"Node Type": "Bitmap Heap Scan", "Parent Relationship": "Outer", "Relation Name": "company_name", "Alias": "cn", "Startup Cost": 2779.29, "Total Cost": 8682.74, "Plan Rows": 251, "Plan Width": 4, "Filter": "((country_code)::text = '[ru]'::text)", "Plans": [{"Node Type": "Bitmap Index Scan", "Parent Relationship": "Outer", "Index Name": "company_name_pkey", "Startup Cost": 0.0, "Total Cost": 2779.23, "Plan Rows": 234996, "Plan Width": 0}]}, {"Node Type": "Index Scan", "Parent Relationship": "Inner", "Scan Direction": "Forward", "Index Name": "company_id_movie_companies", "Relation Name": "movie_companies", "Alias": "mc", "Startup Cost": 0.0, "Total Cost": 40.56, "Plan Rows": 15, "Plan Width": 12, "Index Cond": "(company_id = cn.id)"}]}, {"Node Type": "Index Scan", "Parent Relationship": "Inner", "Scan Direction": "Forward", "Index Name": "movie_id_cast_info", "Relation Name": "cast_info", "Alias": "ci", "Startup Cost": 0.0, "Total Cost": 0.98, "Plan Rows": 1, "Plan Width": 12, "Index Cond": "(movie_id = mc.movie_id)", "Filter": "(((note)::text ~~ '%(voice)%'::text) AND ((note)::text ~~ '%(uncredited)%'::text))"}]}]}, {"Node Type": "Index Scan", "Parent Relationship": "Inner", "Scan Direction": "Forward", "Index Name": "title_pkey", "Relation Name": "title", "Alias": "t", "Startup Cost": 0.0, "Total Cost": 0.34, "Plan Rows": 1, "Plan Width": 21, "Index Cond": "(id = mc.movie_id)", "Filter": "(production_year > 2005)"}]}, {"Node Type": "Index Scan", "Parent Relationship": "Inner", "Scan Direction": "Forward", "Index Name": "char_name_pkey", "Relation Name": "char_name", "Alias": "chn", "Startup Cost": 0.0, "Total Cost": 5.37, "Plan Rows": 1, "Plan Width": 20, "Index Cond": "(id = ci.person_role_id)"}]}, {"Node Type": "Index Scan", "Parent Relationship": "Inner", "Scan Direction": "Forward", "Index Name": "company_type_pkey", "Relation Name": "company_type", "Alias": "ct", "Startup Cost": 0.0, "Total Cost": 0.27, "Plan Rows": 1, "Plan Width": 4, "Index Cond": "(id = mc.company_type_id)"}]}]}, "Unique SQL Id": 2933943827, "Planner Runtime": 6}, "explain_analyze_plan": {"Plan": {"Node Type": "Aggregate", "Strategy": "Plain", "Startup Cost": 22688.03, "Total Cost": 22688.04, "Plan Rows": 1, "Plan Width": 97, "Actual Startup Time": 870.659, "Actual Total Time": 870.659, "Actual Rows": 1, "Actual Loops": 1, "Plans": [{"Node Type": "Nested Loop", "Parent Relationship": "Outer", "Join Type": "Inner", "Startup Cost": 2779.29, "Total Cost": 22688.02, "Plan Rows": 2, "Plan Width": 33, "Actual Startup Time": 67.925, "Actual Total Time": 870.543, "Actual Rows": 18, "Actual Loops": 1, "Inner Unique": true, "Plans": [{"Node Type": "Nested Loop", "Parent Relationship": "Outer", "Join Type": "Inner", "Startup Cost": 2779.29, "Total Cost": 22687.46, "Plan Rows": 2, "Plan Width": 37, "Actual Startup Time": 30.796, "Actual Total Time": 870.252, "Actual Rows": 104, "Actual Loops": 1, "Inner Unique": true, "Plans": [{"Node Type": "Nested Loop", "Parent Relationship": "Outer", "Join Type": "Inner", "Startup Cost": 2779.29, "Total Cost": 22660.57, "Plan Rows": 5, "Plan Width": 25, "Actual Startup Time": 30.783, "Actual Total Time": 869.187, "Actual Rows": 112, "Actual Loops": 1, "Inner Unique": true, "Plans": [{"Node Type": "Nested Loop", "Parent Relationship": "Outer", "Join Type": "Inner", "Startup Cost": 2779.29, "Total Cost": 22658.47, "Plan Rows": 6, "Plan Width": 16, "Actual Startup Time": 21.93, "Actual Total Time": 866.924, "Actual Rows": 275, "Actual Loops": 1, "Inner Unique": false, "Join Filter": "(ci.role_id = rt.id)", "Rows Removed by Join Filter": 102, "Plans": [{"Node Type": "Index Scan", "Parent Relationship": "Outer", "Scan Direction": "Forward", "Index Name": "role_type_pkey", "Relation Name": "role_type", "Alias": "rt", "Startup Cost": 0.0, "Total Cost": 12.46, "Plan Rows": 1, "Plan Width": 4, "Actual Startup Time": 0.023, "Actual Total Time": 0.033, "Actual Rows": 1, "Actual Loops": 1, "Filter": "((role)::text = 'actor'::text)", "Rows Removed by Filter": 11}, {"Node Type": "Nested Loop", "Parent Relationship": "Inner", "Join Type": "Inner", "Startup Cost": 2779.29, "Total Cost": 22645.16, "Plan Rows": 68, "Plan Width": 20, "Actual Startup Time": 21.895, "Actual Total Time": 866.602, "Actual Rows": 377, "Actual Loops": 1, "Inner Unique": false, "Plans": [{"Node Type": "Nested Loop", "Parent Relationship": "Outer", "Join Type": "Inner", "Startup Cost": 2779.29, "Total Cost": 18900.84, "Plan Rows": 3779, "Plan Width": 8, "Actual Startup Time": 20.965, "Actual Total Time": 175.694, "Actual Rows": 8790, "Actual Loops": 1, "Inner Unique": false, "Plans": [{"Node Type": "Bitmap Heap Scan", "Parent Relationship": "Outer", "Relation Name": "company_name", "Alias": "cn", "Startup Cost": 2779.29, "Total Cost": 8682.74, "Plan Rows": 251, "Plan Width": 4, "Actual Startup Time": 20.935, "Actual Total Time": 151.258, "Actual Rows": 1361, "Actual Loops": 1, "Filter": "((country_code)::text = '[ru]'::text)", "Rows Removed by Filter": 233635, "Exact Heap Blocks": 2966, "Lossy Heap Blocks": 2966, "Plans": [{"Node Type": "Bitmap Index Scan", "Parent Relationship": "Outer", "Index Name": "company_name_pkey", "Startup Cost": 0.0, "Total Cost": 2779.23, "Plan Rows": 234996, "Plan Width": 0, "Actual Startup Time": 20.448, "Actual Total Time": 20.448, "Actual Rows": 234996, "Actual Loops": 1}]}, {"Node Type": "Index Scan", "Parent Relationship": "Inner", "Scan Direction": "Forward", "Index Name": "company_id_movie_companies", "Relation Name": "movie_companies", "Alias": "mc", "Startup Cost": 0.0, "Total Cost": 40.56, "Plan Rows": 15, "Plan Width": 12, "Actual Startup Time": 8.541, "Actual Total Time": 20.974, "Actual Rows": 8790, "Actual Loops": 1361, "Index Cond": "(company_id = cn.id)", "Rows Removed by Index Recheck": 0}]}, {"Node Type": "Index Scan", "Parent Relationship": "Inner", "Scan Direction": "Forward", "Index Name": "movie_id_cast_info", "Relation Name": "cast_info", "Alias": "ci", "Startup Cost": 0.0, "Total Cost": 0.98, "Plan Rows": 1, "Plan Width": 12, "Actual Startup Time": 645.799, "Actual Total Time": 685.338, "Actual Rows": 377, "Actual Loops": 8790, "Index Cond": "(movie_id = mc.movie_id)", "Rows Removed by Index Recheck": 0, "Filter": "(((note)::text ~~ '%(voice)%'::text) AND ((note)::text ~~ '%(uncredited)%'::text))", "Rows Removed by Filter": 408168}]}]}, {"Node Type": "Index Scan", "Parent Relationship": "Inner", "Scan Direction": "Forward", "Index Name": "title_pkey", "Relation Name": "title", "Alias": "t", "Startup Cost": 0.0, "Total Cost": 0.34, "Plan Rows": 1, "Plan Width": 21, "Actual Startup Time": 1.847, "Actual Total Time": 1.847, "Actual Rows": 112, "Actual Loops": 275, "Index Cond": "(id = mc.movie_id)", "Rows Removed by Index Recheck": 0, "Filter": "(production_year > 2005)", "Rows Removed by Filter": 163}]}, {"Node Type": "Index Scan", "Parent Relationship": "Inner", "Scan Direction": "Forward", "Index Name": "char_name_pkey", "Relation Name": "char_name", "Alias": "chn", "Startup Cost": 0.0, "Total Cost": 5.37, "Plan Rows": 1, "Plan Width": 20, "Actual Startup Time": 0.848, "Actual Total Time": 0.848, "Actual Rows": 104, "Actual Loops": 112, "Index Cond": "(id = ci.person_role_id)", "Rows Removed by Index Recheck": 0}]}, {"Node Type": "Index Scan", "Parent Relationship": "Inner", "Scan Direction": "Forward", "Index Name": "company_type_pkey", "Relation Name": "company_type", "Alias": "ct", "Startup Cost": 0.0, "Total Cost": 0.27, "Plan Rows": 1, "Plan Width": 4, "Actual Startup Time": 0.146, "Actual Total Time": 0.146, "Actual Rows": 18, "Actual Loops": 104, "Index Cond": "(id = mc.company_type_id)", "Rows Removed by Index Recheck": 0}]}]}, "Triggers": [], "Planner Runtime": 6, "Total Runtime": 871.048, "Unique SQL Id": 2933943827}}, "(64, 118)": {"explain_plan": {"Plan": {"Node Type": "Aggregate", "Strategy": "Plain", "Startup Cost": 38342.48, "Total Cost": 38342.49, "Plan Rows": 1, "Plan Width": 97, "Plans": [{"Node Type": "Nested Loop", "Parent Relationship": "Outer", "Join Type": "Inner", "Startup Cost": 7.4, "Total Cost": 38342.47, "Plan Rows": 2, "Plan Width": 33, "Inner Unique": false, "Join Filter": "(mc.company_type_id = ct.id)", "Plans": [{"Node Type": "Seq Scan", "Parent Relationship": "Outer", "Relation Name": "company_type", "Alias": "ct", "Startup Cost": 0.0, "Total Cost": 1.03, "Plan Rows": 3, "Plan Width": 4}, {"Node Type": "Materialize", "Parent Relationship": "Inner", "Startup Cost": 7.4, "Total Cost": 38341.35, "Plan Rows": 2, "Plan Width": 37, "Plans": [{"Node Type": "Nested Loop", "Parent Relationship": "Outer", "Join Type": "Inner", "Startup Cost": 7.4, "Total Cost": 38341.34, "Plan Rows": 2, "Plan Width": 37, "Inner Unique": true, "Plans": [{"Node Type": "Nested Loop", "Parent Relationship": "Outer", "Join Type": "Inner", "Startup Cost": 7.13, "Total Cost": 38328.45, "Plan Rows": 3, "Plan Width": 28, "Inner Unique": true, "Plans": [{"Node Type": "Nested Loop", "Parent Relationship": "Outer", "Join Type": "Inner", "Startup Cost": 4.83, "Total Cost": 38290.52, "Plan Rows": 6, "Plan Width": 16, "Inner Unique": false, "Join Filter": "(ci.role_id = rt.id)", "Plans": [{"Node Type": "Seq Scan", "Parent Relationship": "Outer", "Relation Name": "role_type", "Alias": "rt", "Startup Cost": 0.0, "Total Cost": 1.15, "Plan Rows": 1, "Plan Width": 4, "Filter": "((role)::text = 'actor'::text)"}, {"Node Type": "Nested Loop", "Parent Relationship": "Inner", "Join Type": "Inner", "Startup Cost": 4.83, "Total Cost": 38288.52, "Plan Rows": 68, "Plan Width": 20, "Inner Unique": false, "Plans": [{"Node Type": "Nested Loop", "Parent Relationship": "Outer", "Join Type": "Inner", "Startup Cost": 4.32, "Total Cost": 20813.55, "Plan Rows": 3779, "Plan Width": 8, "Inner Unique": false, "Plans": [{"Node Type": "Seq Scan", "Parent Relationship": "Outer", "Relation Name": "company_name", "Alias": "cn", "Startup Cost": 0.0, "Total Cost": 5903.45, "Plan Rows": 251, "Plan Width": 4, "Filter": "((country_code)::text = '[ru]'::text)"}, {"Node Type": "Bitmap Heap Scan", "Parent Relationship": "Inner", "Relation Name": "movie_companies", "Alias": "mc", "Startup Cost": 4.32, "Total Cost": 59.25, "Plan Rows": 15, "Plan Width": 12, "Recheck Cond": "(company_id = cn.id)", "Plans": [{"Node Type": "Bitmap Index Scan", "Parent Relationship": "Outer", "Index Name": "company_id_movie_companies", "Startup Cost": 0.0, "Total Cost": 4.31, "Plan Rows": 15, "Plan Width": 0, "Index Cond": "(company_id = cn.id)"}]}]}, {"Node Type": "Bitmap Heap Scan", "Parent Relationship": "Inner", "Relation Name": "cast_info", "Alias": "ci", "Startup Cost": 0.51, "Total Cost": 4.61, "Plan Rows": 1, "Plan Width": 12, "Recheck Cond": "(movie_id = mc.movie_id)", "Filter": "(((note)::text ~~ '%(voice)%'::text) AND ((note)::text ~~ '%(uncredited)%'::text))", "Plans": [{"Node Type": "Bitmap Index Scan", "Parent Relationship": "Outer", "Index Name": "movie_id_cast_info", "Startup Cost": 0.0, "Total Cost": 0.51, "Plan Rows": 6, "Plan Width": 0, "Index Cond": "(movie_id = mc.movie_id)"}]}]}]}, {"Node Type": "Bitmap Heap Scan", "Parent Relationship": "Inner", "Relation Name": "char_name", "Alias": "chn", "Startup Cost": 2.3, "Total Cost": 6.31, "Plan Rows": 1, "Plan Width": 20, "Recheck Cond": "(id = ci.person_role_id)", "Plans": [{"Node Type": "Bitmap Index Scan", "Parent Relationship": "Outer", "Index Name": "char_name_pkey", "Startup Cost": 0.0, "Total Cost": 2.3, "Plan Rows": 1, "Plan Width": 0, "Index Cond": "(id = ci.person_role_id)"}]}]}, {"Node Type": "Bitmap Heap Scan", "Parent Relationship": "Inner", "Relation Name": "title", "Alias": "t", "Startup Cost": 0.27, "Total Cost": 4.29, "Plan Rows": 1, "Plan Width": 21, "Recheck Cond": "(id = mc.movie_id)", "Filter": "(production_year > 2005)", "Plans": [{"Node Type": "Bitmap Index Scan", "Parent Relationship": "Outer", "Index Name": "title_pkey", "Startup Cost": 0.0, "Total Cost": 0.27, "Plan Rows": 1, "Plan Width": 0, "Index Cond": "(id = mc.movie_id)"}]}]}]}]}]}, "Unique SQL Id": 2933943827, "Planner Runtime": 16}, "explain_analyze_plan": {"Plan": {"Node Type": "Aggregate", "Strategy": "Plain", "Startup Cost": 38342.48, "Total Cost": 38342.49, "Plan Rows": 1, "Plan Width": 97, "Actual Startup Time": 1053.545, "Actual Total Time": 1053.545, "Actual Rows": 1, "Actual Loops": 1, "Plans": [{"Node Type": "Nested Loop", "Parent Relationship": "Outer", "Join Type": "Inner", "Startup Cost": 7.4, "Total Cost": 38342.47, "Plan Rows": 2, "Plan Width": 33, "Actual Startup Time": 58.944, "Actual Total Time": 1053.444, "Actual Rows": 18, "Actual Loops": 1, "Inner Unique": false, "Join Filter": "(mc.company_type_id = ct.id)", "Rows Removed by Join Filter": 294, "Plans": [{"Node Type": "Seq Scan", "Parent Relationship": "Outer", "Relation Name": "company_type", "Alias": "ct", "Startup Cost": 0.0, "Total Cost": 1.03, "Plan Rows": 3, "Plan Width": 4, "Actual Startup Time": 0.016, "Actual Total Time": 0.018, "Actual Rows": 3, "Actual Loops": 1}, {"Node Type": "Materialize", "Parent Relationship": "Inner", "Startup Cost": 7.4, "Total Cost": 38341.35, "Plan Rows": 2, "Plan Width": 37, "Actual Startup Time": 12.262, "Actual Total Time": 1053.269, "Actual Rows": 312, "Actual Loops": 3, "Plans": [{"Node Type": "Nested Loop", "Parent Relationship": "Outer", "Join Type": "Inner", "Startup Cost": 7.4, "Total Cost": 38341.34, "Plan Rows": 2, "Plan Width": 37, "Actual Startup Time": 12.255, "Actual Total Time": 1053.029, "Actual Rows": 104, "Actual Loops": 1, "Inner Unique": true, "Plans": [{"Node Type": "Nested Loop", "Parent Relationship": "Outer", "Join Type": "Inner", "Startup Cost": 7.13, "Total Cost": 38328.45, "Plan Rows": 3, "Plan Width": 28, "Actual Startup Time": 1.092, "Actual Total Time": 1050.343, "Actual Rows": 265, "Actual Loops": 1, "Inner Unique": true, "Plans": [{"Node Type": "Nested Loop", "Parent Relationship": "Outer", "Join Type": "Inner", "Startup Cost": 4.83, "Total Cost": 38290.52, "Plan Rows": 6, "Plan Width": 16, "Actual Startup Time": 1.071, "Actual Total Time": 1047.151, "Actual Rows": 275, "Actual Loops": 1, "Inner Unique": false, "Join Filter": "(ci.role_id = rt.id)", "Rows Removed by Join Filter": 102, "Plans": [{"Node Type": "Seq Scan", "Parent Relationship": "Outer", "Relation Name": "role_type", "Alias": "rt", "Startup Cost": 0.0, "Total Cost": 1.15, "Plan Rows": 1, "Plan Width": 4, "Actual Startup Time": 0.016, "Actual Total Time": 0.024, "Actual Rows": 1, "Actual Loops": 1, "Filter": "((role)::text = 'actor'::text)", "Rows Removed by Filter": 11}, {"Node Type": "Nested Loop", "Parent Relationship": "Inner", "Join Type": "Inner", "Startup Cost": 4.83, "Total Cost": 38288.52, "Plan Rows": 68, "Plan Width": 20, "Actual Startup Time": 1.033, "Actual Total Time": 1046.789, "Actual Rows": 377, "Actual Loops": 1, "Inner Unique": false, "Plans": [{"Node Type": "Nested Loop", "Parent Relationship": "Outer", "Join Type": "Inner", "Startup Cost": 4.32, "Total Cost": 20813.55, "Plan Rows": 3779, "Plan Width": 8, "Actual Startup Time": 0.089, "Actual Total Time": 117.624, "Actual Rows": 8790, "Actual Loops": 1, "Inner Unique": false, "Plans": [{"Node Type": "Seq Scan", "Parent Relationship": "Outer", "Relation Name": "company_name", "Alias": "cn", "Startup Cost": 0.0, "Total Cost": 5903.45, "Plan Rows": 251, "Plan Width": 4, "Actual Startup Time": 0.044, "Actual Total Time": 83.442, "Actual Rows": 1361, "Actual Loops": 1, "Filter": "((country_code)::text = '[ru]'::text)", "Rows Removed by Filter": 233635}, {"Node Type": "Bitmap Heap Scan", "Parent Relationship": "Inner", "Relation Name": "movie_companies", "Alias": "mc", "Startup Cost": 4.32, "Total Cost": 59.25, "Plan Rows": 15, "Plan Width": 12, "Actual Startup Time": 14.335, "Actual Total Time": 29.299, "Actual Rows": 8790, "Actual Loops": 1361, "Recheck Cond": "(company_id = cn.id)", "Rows Removed by Index Recheck": 0, "Exact Heap Blocks": 7155, "Lossy Heap Blocks": 7155, "Plans": [{"Node Type": "Bitmap Index Scan", "Parent Relationship": "Outer", "Index Name": "company_id_movie_companies", "Startup Cost": 0.0, "Total Cost": 4.31, "Plan Rows": 15, "Plan Width": 0, "Actual Startup Time": 9.029, "Actual Total Time": 9.029, "Actual Rows": 8790, "Actual Loops": 1361, "Index Cond": "(company_id = cn.id)"}]}]}, {"Node Type": "Bitmap Heap Scan", "Parent Relationship": "Inner", "Relation Name": "cast_info", "Alias": "ci", "Startup Cost": 0.51, "Total Cost": 4.61, "Plan Rows": 1, "Plan Width": 12, "Actual Startup Time": 866.656, "Actual Total Time": 913.153, "Actual Rows": 377, "Actual Loops": 8790, "Recheck Cond": "(movie_id = mc.movie_id)", "Rows Removed by Index Recheck": 0, "Filter": "(((note)::text ~~ '%(voice)%'::text) AND ((note)::text ~~ '%(uncredited)%'::text))", "Rows Removed by Filter": 408168, "Exact Heap Blocks": 397651, "Lossy Heap Blocks": 397651, "Plans": [{"Node Type": "Bitmap Index Scan", "Parent Relationship": "Outer", "Index Name": "movie_id_cast_info", "Startup Cost": 0.0, "Total Cost": 0.51, "Plan Rows": 6, "Plan Width": 0, "Actual Startup Time": 123.916, "Actual Total Time": 123.916, "Actual Rows": 408545, "Actual Loops": 8790, "Index Cond": "(movie_id = mc.movie_id)"}]}]}]}, {"Node Type": "Bitmap Heap Scan", "Parent Relationship": "Inner", "Relation Name": "char_name", "Alias": "chn", "Startup Cost": 2.3, "Total Cost": 6.31, "Plan Rows": 1, "Plan Width": 20, "Actual Startup Time": 2.44, "Actual Total Time": 2.44, "Actual Rows": 265, "Actual Loops": 275, "Recheck Cond": "(id = ci.person_role_id)", "Rows Removed by Index Recheck": 0, "Exact Heap Blocks": 265, "Lossy Heap Blocks": 265, "Plans": [{"Node Type": "Bitmap Index Scan", "Parent Relationship": "Outer", "Index Name": "char_name_pkey", "Startup Cost": 0.0, "Total Cost": 2.3, "Plan Rows": 1, "Plan Width": 0, "Actual Startup Time": 1.617, "Actual Total Time": 1.617, "Actual Rows": 265, "Actual Loops": 275, "Index Cond": "(id = ci.person_role_id)"}]}]}, {"Node Type": "Bitmap Heap Scan", "Parent Relationship": "Inner", "Relation Name": "title", "Alias": "t", "Startup Cost": 0.27, "Total Cost": 4.29, "Plan Rows": 1, "Plan Width": 21, "Actual Startup Time": 2.108, "Actual Total Time": 2.108, "Actual Rows": 104, "Actual Loops": 265, "Recheck Cond": "(id = mc.movie_id)", "Rows Removed by Index Recheck": 0, "Filter": "(production_year > 2005)", "Rows Removed by Filter": 161, "Exact Heap Blocks": 265, "Lossy Heap Blocks": 265, "Plans": [{"Node Type": "Bitmap Index Scan", "Parent Relationship": "Outer", "Index Name": "title_pkey", "Startup Cost": 0.0, "Total Cost": 0.27, "Plan Rows": 1, "Plan Width": 0, "Actual Startup Time": 1.253, "Actual Total Time": 1.253, "Actual Rows": 265, "Actual Loops": 265, "Index Cond": "(id = mc.movie_id)"}]}]}]}]}]}, "Triggers": [], "Planner Runtime": 16, "Total Runtime": 1054.095, "Unique SQL Id": 2933943827}}, "(64, 119)": {"explain_plan": {"Plan": {"Node Type": "Aggregate", "Strategy": "Plain", "Startup Cost": 41418.46, "Total Cost": 41418.47, "Plan Rows": 1, "Plan Width": 97, "Plans": [{"Node Type": "Nested Loop", "Parent Relationship": "Outer", "Join Type": "Inner", "Startup Cost": 2787.21, "Total Cost": 41418.45, "Plan Rows": 2, "Plan Width": 33, "Inner Unique": true, "Plans": [{"Node Type": "Nested Loop", "Parent Relationship": "Outer", "Join Type": "Inner", "Startup Cost": 2786.95, "Total Cost": 41409.89, "Plan Rows": 2, "Plan Width": 37, "Inner Unique": true, "Plans": [{"Node Type": "Nested Loop", "Parent Relationship": "Outer", "Join Type": "Inner", "Startup Cost": 2786.68, "Total Cost": 41397.0, "Plan Rows": 3, "Plan Width": 28, "Inner Unique": true, "Plans": [{"Node Type": "Nested Loop", "Parent Relationship": "Outer", "Join Type": "Inner", "Startup Cost": 2784.38, "Total Cost": 41359.07, "Plan Rows": 6, "Plan Width": 16, "Inner Unique": true, "Plans": [{"Node Type": "Nested Loop", "Parent Relationship": "Outer", "Join Type": "Inner", "Startup Cost": 2784.12, "Total Cost": 41067.82, "Plan Rows": 68, "Plan Width": 20, "Inner Unique": false, "Plans": [{"Node Type": "Nested Loop", "Parent Relationship": "Outer", "Join Type": "Inner", "Startup Cost": 2783.61, "Total Cost": 23592.84, "Plan Rows": 3779, "Plan Width": 8, "Inner Unique": false, "Plans": [{"Node Type": "Bitmap Heap Scan", "Parent Relationship": "Outer", "Relation Name": "company_name", "Alias": "cn", "Startup Cost": 2779.29, "Total Cost": 8682.74, "Plan Rows": 251, "Plan Width": 4, "Filter": "((country_code)::text = '[ru]'::text)", "Plans": [{"Node Type": "Bitmap Index Scan", "Parent Relationship": "Outer", "Index Name": "company_name_pkey", "Startup Cost": 0.0, "Total Cost": 2779.23, "Plan Rows": 234996, "Plan Width": 0}]}, {"Node Type": "Bitmap Heap Scan", "Parent Relationship": "Inner", "Relation Name": "movie_companies", "Alias": "mc", "Startup Cost": 4.32, "Total Cost": 59.25, "Plan Rows": 15, "Plan Width": 12, "Recheck Cond": "(company_id = cn.id)", "Plans": [{"Node Type": "Bitmap Index Scan", "Parent Relationship": "Outer", "Index Name": "company_id_movie_companies", "Startup Cost": 0.0, "Total Cost": 4.31, "Plan Rows": 15, "Plan Width": 0, "Index Cond": "(company_id = cn.id)"}]}]}, {"Node Type": "Bitmap Heap Scan", "Parent Relationship": "Inner", "Relation Name": "cast_info", "Alias": "ci", "Startup Cost": 0.51, "Total Cost": 4.61, "Plan Rows": 1, "Plan Width": 12, "Recheck Cond": "(movie_id = mc.movie_id)", "Filter": "(((note)::text ~~ '%(voice)%'::text) AND ((note)::text ~~ '%(uncredited)%'::text))", "Plans": [{"Node Type": "Bitmap Index Scan", "Parent Relationship": "Outer", "Index Name": "movie_id_cast_info", "Startup Cost": 0.0, "Total Cost": 0.51, "Plan Rows": 6, "Plan Width": 0, "Index Cond": "(movie_id = mc.movie_id)"}]}]}, {"Node Type": "Bitmap Heap Scan", "Parent Relationship": "Inner", "Relation Name": "role_type", "Alias": "rt", "Startup Cost": 0.26, "Total Cost": 4.27, "Plan Rows": 1, "Plan Width": 4, "Recheck Cond": "(id = ci.role_id)", "Filter": "((role)::text = 'actor'::text)", "Plans": [{"Node Type": "Bitmap Index Scan", "Parent Relationship": "Outer", "Index Name": "role_type_pkey", "Startup Cost": 0.0, "Total Cost": 0.26, "Plan Rows": 1, "Plan Width": 0, "Index Cond": "(id = ci.role_id)"}]}]}, {"Node Type": "Bitmap Heap Scan", "Parent Relationship": "Inner", "Relation Name": "char_name", "Alias": "chn", "Startup Cost": 2.3, "Total Cost": 6.31, "Plan Rows": 1, "Plan Width": 20, "Recheck Cond": "(id = ci.person_role_id)", "Plans": [{"Node Type": "Bitmap Index Scan", "Parent Relationship": "Outer", "Index Name": "char_name_pkey", "Startup Cost": 0.0, "Total Cost": 2.3, "Plan Rows": 1, "Plan Width": 0, "Index Cond": "(id = ci.person_role_id)"}]}]}, {"Node Type": "Bitmap Heap Scan", "Parent Relationship": "Inner", "Relation Name": "title", "Alias": "t", "Startup Cost": 0.27, "Total Cost": 4.29, "Plan Rows": 1, "Plan Width": 21, "Recheck Cond": "(id = mc.movie_id)", "Filter": "(production_year > 2005)", "Plans": [{"Node Type": "Bitmap Index Scan", "Parent Relationship": "Outer", "Index Name": "title_pkey", "Startup Cost": 0.0, "Total Cost": 0.27, "Plan Rows": 1, "Plan Width": 0, "Index Cond": "(id = mc.movie_id)"}]}]}, {"Node Type": "Bitmap Heap Scan", "Parent Relationship": "Inner", "Relation Name": "company_type", "Alias": "ct", "Startup Cost": 0.26, "Total Cost": 4.27, "Plan Rows": 1, "Plan Width": 4, "Recheck Cond": "(id = mc.company_type_id)", "Plans": [{"Node Type": "Bitmap Index Scan", "Parent Relationship": "Outer", "Index Name": "company_type_pkey", "Startup Cost": 0.0, "Total Cost": 0.26, "Plan Rows": 1, "Plan Width": 0, "Index Cond": "(id = mc.company_type_id)"}]}]}]}, "Unique SQL Id": 2933943827, "Planner Runtime": 6}, "explain_analyze_plan": {"Plan": {"Node Type": "Aggregate", "Strategy": "Plain", "Startup Cost": 41418.46, "Total Cost": 41418.47, "Plan Rows": 1, "Plan Width": 97, "Actual Startup Time": 1353.636, "Actual Total Time": 1353.637, "Actual Rows": 1, "Actual Loops": 1, "Plans": [{"Node Type": "Nested Loop", "Parent Relationship": "Outer", "Join Type": "Inner", "Startup Cost": 2787.21, "Total Cost": 41418.45, "Plan Rows": 2, "Plan Width": 33, "Actual Startup Time": 107.21, "Actual Total Time": 1353.521, "Actual Rows": 18, "Actual Loops": 1, "Inner Unique": true, "Plans": [{"Node Type": "Nested Loop", "Parent Relationship": "Outer", "Join Type": "Inner", "Startup Cost": 2786.95, "Total Cost": 41409.89, "Plan Rows": 2, "Plan Width": 37, "Actual Startup Time": 37.769, "Actual Total Time": 1352.989, "Actual Rows": 104, "Actual Loops": 1, "Inner Unique": true, "Plans": [{"Node Type": "Nested Loop", "Parent Relationship": "Outer", "Join Type": "Inner", "Startup Cost": 2786.68, "Total Cost": 41397.0, "Plan Rows": 3, "Plan Width": 28, "Actual Startup Time": 23.05, "Actual Total Time": 1349.829, "Actual Rows": 265, "Actual Loops": 1, "Inner Unique": true, "Plans": [{"Node Type": "Nested Loop", "Parent Relationship": "Outer", "Join Type": "Inner", "Startup Cost": 2784.38, "Total Cost": 41359.07, "Plan Rows": 6, "Plan Width": 16, "Actual Startup Time": 23.037, "Actual Total Time": 1346.368, "Actual Rows": 275, "Actual Loops": 1, "Inner Unique": true, "Plans": [{"Node Type": "Nested Loop", "Parent Relationship": "Outer", "Join Type": "Inner", "Startup Cost": 2784.12, "Total Cost": 41067.82, "Plan Rows": 68, "Plan Width": 20, "Actual Startup Time": 23.026, "Actual Total Time": 1343.783, "Actual Rows": 377, "Actual Loops": 1, "Inner Unique": false, "Plans": [{"Node Type": "Nested Loop", "Parent Relationship": "Outer", "Join Type": "Inner", "Startup Cost": 2783.61, "Total Cost": 23592.84, "Plan Rows": 3779, "Plan Width": 8, "Actual Startup Time": 21.943, "Actual Total Time": 182.966, "Actual Rows": 8790, "Actual Loops": 1, "Inner Unique": false, "Plans": [{"Node Type": "Bitmap Heap Scan", "Parent Relationship": "Outer", "Relation Name": "company_name", "Alias": "cn", "Startup Cost": 2779.29, "Total Cost": 8682.74, "Plan Rows": 251, "Plan Width": 4, "Actual Startup Time": 21.91, "Actual Total Time": 145.563, "Actual Rows": 1361, "Actual Loops": 1, "Filter": "((country_code)::text = '[ru]'::text)", "Rows Removed by Filter": 233635, "Exact Heap Blocks": 2966, "Lossy Heap Blocks": 2966, "Plans": [{"Node Type": "Bitmap Index Scan", "Parent Relationship": "Outer", "Index Name": "company_name_pkey", "Startup Cost": 0.0, "Total Cost": 2779.23, "Plan Rows": 234996, "Plan Width": 0, "Actual Startup Time": 21.441, "Actual Total Time": 21.441, "Actual Rows": 234996, "Actual Loops": 1}]}, {"Node Type": "Bitmap Heap Scan", "Parent Relationship": "Inner", "Relation Name": "movie_companies", "Alias": "mc", "Startup Cost": 4.32, "Total Cost": 59.25, "Plan Rows": 15, "Plan Width": 12, "Actual Startup Time": 15.259, "Actual Total Time": 32.516, "Actual Rows": 8790, "Actual Loops": 1361, "Recheck Cond": "(company_id = cn.id)", "Rows Removed by Index Recheck": 0, "Exact Heap Blocks": 7155, "Lossy Heap Blocks": 7155, "Plans": [{"Node Type": "Bitmap Index Scan", "Parent Relationship": "Outer", "Index Name": "company_id_movie_companies", "Startup Cost": 0.0, "Total Cost": 4.31, "Plan Rows": 15, "Plan Width": 0, "Actual Startup Time": 9.3, "Actual Total Time": 9.3, "Actual Rows": 8790, "Actual Loops": 1361, "Index Cond": "(company_id = cn.id)"}]}]}, {"Node Type": "Bitmap Heap Scan", "Parent Relationship": "Inner", "Relation Name": "cast_info", "Alias": "ci", "Startup Cost": 0.51, "Total Cost": 4.61, "Plan Rows": 1, "Plan Width": 12, "Actual Startup Time": 1080.605, "Actual Total Time": 1145.055, "Actual Rows": 377, "Actual Loops": 8790, "Recheck Cond": "(movie_id = mc.movie_id)", "Rows Removed by Index Recheck": 0, "Filter": "(((note)::text ~~ '%(voice)%'::text) AND ((note)::text ~~ '%(uncredited)%'::text))", "Rows Removed by Filter": 408168, "Exact Heap Blocks": 397651, "Lossy Heap Blocks": 397651, "Plans": [{"Node Type": "Bitmap Index Scan", "Parent Relationship": "Outer", "Index Name": "movie_id_cast_info", "Startup Cost": 0.0, "Total Cost": 0.51, "Plan Rows": 6, "Plan Width": 0, "Actual Startup Time": 134.176, "Actual Total Time": 134.176, "Actual Rows": 408545, "Actual Loops": 8790, "Index Cond": "(movie_id = mc.movie_id)"}]}]}, {"Node Type": "Bitmap Heap Scan", "Parent Relationship": "Inner", "Relation Name": "role_type", "Alias": "rt", "Startup Cost": 0.26, "Total Cost": 4.27, "Plan Rows": 1, "Plan Width": 4, "Actual Startup Time": 1.653, "Actual Total Time": 1.653, "Actual Rows": 275, "Actual Loops": 377, "Recheck Cond": "(id = ci.role_id)", "Rows Removed by Index Recheck": 0, "Filter": "((role)::text = 'actor'::text)", "Rows Removed by Filter": 102, "Exact Heap Blocks": 377, "Lossy Heap Blocks": 377, "Plans": [{"Node Type": "Bitmap Index Scan", "Parent Relationship": "Outer", "Index Name": "role_type_pkey", "Startup Cost": 0.0, "Total Cost": 0.26, "Plan Rows": 1, "Plan Width": 0, "Actual Startup Time": 0.619, "Actual Total Time": 0.619, "Actual Rows": 377, "Actual Loops": 377, "Index Cond": "(id = ci.role_id)"}]}]}, {"Node Type": "Bitmap Heap Scan", "Parent Relationship": "Inner", "Relation Name": "char_name", "Alias": "chn", "Startup Cost": 2.3, "Total Cost": 6.31, "Plan Rows": 1, "Plan Width": 20, "Actual Startup Time": 2.76, "Actual Total Time": 2.76, "Actual Rows": 265, "Actual Loops": 275, "Recheck Cond": "(id = ci.person_role_id)", "Rows Removed by Index Recheck": 0, "Exact Heap Blocks": 265, "Lossy Heap Blocks": 265, "Plans": [{"Node Type": "Bitmap Index Scan", "Parent Relationship": "Outer", "Index Name": "char_name_pkey", "Startup Cost": 0.0, "Total Cost": 2.3, "Plan Rows": 1, "Plan Width": 0, "Actual Startup Time": 1.81, "Actual Total Time": 1.81, "Actual Rows": 265, "Actual Loops": 275, "Index Cond": "(id = ci.person_role_id)"}]}]}, {"Node Type": "Bitmap Heap Scan", "Parent Relationship": "Inner", "Relation Name": "title", "Alias": "t", "Startup Cost": 0.27, "Total Cost": 4.29, "Plan Rows": 1, "Plan Width": 21, "Actual Startup Time": 2.584, "Actual Total Time": 2.584, "Actual Rows": 104, "Actual Loops": 265, "Recheck Cond": "(id = mc.movie_id)", "Rows Removed by Index Recheck": 0, "Filter": "(production_year > 2005)", "Rows Removed by Filter": 161, "Exact Heap Blocks": 265, "Lossy Heap Blocks": 265, "Plans": [{"Node Type": "Bitmap Index Scan", "Parent Relationship": "Outer", "Index Name": "title_pkey", "Startup Cost": 0.0, "Total Cost": 0.27, "Plan Rows": 1, "Plan Width": 0, "Actual Startup Time": 1.613, "Actual Total Time": 1.613, "Actual Rows": 265, "Actual Loops": 265, "Index Cond": "(id = mc.movie_id)"}]}]}, {"Node Type": "Bitmap Heap Scan", "Parent Relationship": "Inner", "Relation Name": "company_type", "Alias": "ct", "Startup Cost": 0.26, "Total Cost": 4.27, "Plan Rows": 1, "Plan Width": 4, "Actual Startup Time": 0.288, "Actual Total Time": 0.288, "Actual Rows": 18, "Actual Loops": 104, "Recheck Cond": "(id = mc.company_type_id)", "Rows Removed by Index Recheck": 0, "Exact Heap Blocks": 18, "Lossy Heap Blocks": 18, "Plans": [{"Node Type": "Bitmap Index Scan", "Parent Relationship": "Outer", "Index Name": "company_type_pkey", "Startup Cost": 0.0, "Total Cost": 0.26, "Plan Rows": 1, "Plan Width": 0, "Actual Startup Time": 0.156, "Actual Total Time": 0.156, "Actual Rows": 18, "Actual Loops": 104, "Index Cond": "(id = mc.company_type_id)"}]}]}]}, "Triggers": [], "Planner Runtime": 6, "Total Runtime": 1354.082, "Unique SQL Id": 2933943827}}, "(64, 120)": {"explain_plan": {"Plan": {"Node Type": "Aggregate", "Strategy": "Plain", "Startup Cost": 19897.43, "Total Cost": 19897.44, "Plan Rows": 1, "Plan Width": 97, "Plans": [{"Node Type": "Nested Loop", "Parent Relationship": "Outer", "Join Type": "Inner", "Startup Cost": 0.0, "Total Cost": 19897.42, "Plan Rows": 2, "Plan Width": 33, "Inner Unique": true, "Plans": [{"Node Type": "Nested Loop", "Parent Relationship": "Outer", "Join Type": "Inner", "Startup Cost": 0.0, "Total Cost": 19896.86, "Plan Rows": 2, "Plan Width": 37, "Inner Unique": true, "Plans": [{"Node Type": "Nested Loop", "Parent Relationship": "Outer", "Join Type": "Inner", "Startup Cost": 0.0, "Total Cost": 19869.97, "Plan Rows": 5, "Plan Width": 25, "Inner Unique": true, "Plans": [{"Node Type": "Nested Loop", "Parent Relationship": "Outer", "Join Type": "Inner", "Startup Cost": 0.0, "Total Cost": 19867.87, "Plan Rows": 6, "Plan Width": 16, "Inner Unique": false, "Join Filter": "(ci.role_id = rt.id)", "Plans": [{"Node Type": "Seq Scan", "Parent Relationship": "Outer", "Relation Name": "role_type", "Alias": "rt", "Startup Cost": 0.0, "Total Cost": 1.15, "Plan Rows": 1, "Plan Width": 4, "Filter": "((role)::text = 'actor'::text)"}, {"Node Type": "Nested Loop", "Parent Relationship": "Inner", "Join Type": "Inner", "Startup Cost": 0.0, "Total Cost": 19865.87, "Plan Rows": 68, "Plan Width": 20, "Inner Unique": false, "Plans": [{"Node Type": "Nested Loop", "Parent Relationship": "Outer", "Join Type": "Inner", "Startup Cost": 0.0, "Total Cost": 16121.55, "Plan Rows": 3779, "Plan Width": 8, "Inner Unique": false, "Plans": [{"Node Type": "Seq Scan", "Parent Relationship": "Outer", "Relation Name": "company_name", "Alias": "cn", "Startup Cost": 0.0, "Total Cost": 5903.45, "Plan Rows": 251, "Plan Width": 4, "Filter": "((country_code)::text = '[ru]'::text)"}, {"Node Type": "Index Scan", "Parent Relationship": "Inner", "Scan Direction": "Forward", "Index Name": "company_id_movie_companies", "Relation Name": "movie_companies", "Alias": "mc", "Startup Cost": 0.0, "Total Cost": 40.56, "Plan Rows": 15, "Plan Width": 12, "Index Cond": "(company_id = cn.id)"}]}, {"Node Type": "Index Scan", "Parent Relationship": "Inner", "Scan Direction": "Forward", "Index Name": "movie_id_cast_info", "Relation Name": "cast_info", "Alias": "ci", "Startup Cost": 0.0, "Total Cost": 0.98, "Plan Rows": 1, "Plan Width": 12, "Index Cond": "(movie_id = mc.movie_id)", "Filter": "(((note)::text ~~ '%(voice)%'::text) AND ((note)::text ~~ '%(uncredited)%'::text))"}]}]}, {"Node Type": "Index Scan", "Parent Relationship": "Inner", "Scan Direction": "Forward", "Index Name": "title_pkey", "Relation Name": "title", "Alias": "t", "Startup Cost": 0.0, "Total Cost": 0.34, "Plan Rows": 1, "Plan Width": 21, "Index Cond": "(id = mc.movie_id)", "Filter": "(production_year > 2005)"}]}, {"Node Type": "Index Scan", "Parent Relationship": "Inner", "Scan Direction": "Forward", "Index Name": "char_name_pkey", "Relation Name": "char_name", "Alias": "chn", "Startup Cost": 0.0, "Total Cost": 5.37, "Plan Rows": 1, "Plan Width": 20, "Index Cond": "(id = ci.person_role_id)"}]}, {"Node Type": "Index Only Scan", "Parent Relationship": "Inner", "Scan Direction": "Forward", "Index Name": "company_type_pkey", "Relation Name": "company_type", "Alias": "ct", "Startup Cost": 0.0, "Total Cost": 0.27, "Plan Rows": 1, "Plan Width": 4, "Index Cond": "(id = mc.company_type_id)"}]}]}, "Unique SQL Id": 2933943827, "Planner Runtime": 6}, "explain_analyze_plan": {"Plan": {"Node Type": "Aggregate", "Strategy": "Plain", "Startup Cost": 19897.43, "Total Cost": 19897.44, "Plan Rows": 1, "Plan Width": 97, "Actual Startup Time": 807.225, "Actual Total Time": 807.226, "Actual Rows": 1, "Actual Loops": 1, "Plans": [{"Node Type": "Nested Loop", "Parent Relationship": "Outer", "Join Type": "Inner", "Startup Cost": 0.0, "Total Cost": 19897.42, "Plan Rows": 2, "Plan Width": 33, "Actual Startup Time": 45.255, "Actual Total Time": 807.116, "Actual Rows": 18, "Actual Loops": 1, "Inner Unique": true, "Plans": [{"Node Type": "Nested Loop", "Parent Relationship": "Outer", "Join Type": "Inner", "Startup Cost": 0.0, "Total Cost": 19896.86, "Plan Rows": 2, "Plan Width": 37, "Actual Startup Time": 9.393, "Actual Total Time": 806.783, "Actual Rows": 104, "Actual Loops": 1, "Inner Unique": true, "Plans": [{"Node Type": "Nested Loop", "Parent Relationship": "Outer", "Join Type": "Inner", "Startup Cost": 0.0, "Total Cost": 19869.97, "Plan Rows": 5, "Plan Width": 25, "Actual Startup Time": 9.382, "Actual Total Time": 805.777, "Actual Rows": 112, "Actual Loops": 1, "Inner Unique": true, "Plans": [{"Node Type": "Nested Loop", "Parent Relationship": "Outer", "Join Type": "Inner", "Startup Cost": 0.0, "Total Cost": 19867.87, "Plan Rows": 6, "Plan Width": 16, "Actual Startup Time": 0.829, "Actual Total Time": 803.535, "Actual Rows": 275, "Actual Loops": 1, "Inner Unique": false, "Join Filter": "(ci.role_id = rt.id)", "Rows Removed by Join Filter": 102, "Plans": [{"Node Type": "Seq Scan", "Parent Relationship": "Outer", "Relation Name": "role_type", "Alias": "rt", "Startup Cost": 0.0, "Total Cost": 1.15, "Plan Rows": 1, "Plan Width": 4, "Actual Startup Time": 0.027, "Actual Total Time": 0.031, "Actual Rows": 1, "Actual Loops": 1, "Filter": "((role)::text = 'actor'::text)", "Rows Removed by Filter": 11}, {"Node Type": "Nested Loop", "Parent Relationship": "Inner", "Join Type": "Inner", "Startup Cost": 0.0, "Total Cost": 19865.87, "Plan Rows": 68, "Plan Width": 20, "Actual Startup Time": 0.793, "Actual Total Time": 803.216, "Actual Rows": 377, "Actual Loops": 1, "Inner Unique": false, "Plans": [{"Node Type": "Nested Loop", "Parent Relationship": "Outer", "Join Type": "Inner", "Startup Cost": 0.0, "Total Cost": 16121.55, "Plan Rows": 3779, "Plan Width": 8, "Actual Startup Time": 0.051, "Actual Total Time": 107.855, "Actual Rows": 8790, "Actual Loops": 1, "Inner Unique": false, "Plans": [{"Node Type": "Seq Scan", "Parent Relationship": "Outer", "Relation Name": "company_name", "Alias": "cn", "Startup Cost": 0.0, "Total Cost": 5903.45, "Plan Rows": 251, "Plan Width": 4, "Actual Startup Time": 0.033, "Actual Total Time": 82.985, "Actual Rows": 1361, "Actual Loops": 1, "Filter": "((country_code)::text = '[ru]'::text)", "Rows Removed by Filter": 233635}, {"Node Type": "Index Scan", "Parent Relationship": "Inner", "Scan Direction": "Forward", "Index Name": "company_id_movie_companies", "Relation Name": "movie_companies", "Alias": "mc", "Startup Cost": 0.0, "Total Cost": 40.56, "Plan Rows": 15, "Plan Width": 12, "Actual Startup Time": 8.733, "Actual Total Time": 21.453, "Actual Rows": 8790, "Actual Loops": 1361, "Index Cond": "(company_id = cn.id)", "Rows Removed by Index Recheck": 0}]}, {"Node Type": "Index Scan", "Parent Relationship": "Inner", "Scan Direction": "Forward", "Index Name": "movie_id_cast_info", "Relation Name": "cast_info", "Alias": "ci", "Startup Cost": 0.0, "Total Cost": 0.98, "Plan Rows": 1, "Plan Width": 12, "Actual Startup Time": 650.914, "Actual Total Time": 689.985, "Actual Rows": 377, "Actual Loops": 8790, "Index Cond": "(movie_id = mc.movie_id)", "Rows Removed by Index Recheck": 0, "Filter": "(((note)::text ~~ '%(voice)%'::text) AND ((note)::text ~~ '%(uncredited)%'::text))", "Rows Removed by Filter": 408168}]}]}, {"Node Type": "Index Scan", "Parent Relationship": "Inner", "Scan Direction": "Forward", "Index Name": "title_pkey", "Relation Name": "title", "Alias": "t", "Startup Cost": 0.0, "Total Cost": 0.34, "Plan Rows": 1, "Plan Width": 21, "Actual Startup Time": 1.834, "Actual Total Time": 1.834, "Actual Rows": 112, "Actual Loops": 275, "Index Cond": "(id = mc.movie_id)", "Rows Removed by Index Recheck": 0, "Filter": "(production_year > 2005)", "Rows Removed by Filter": 163}]}, {"Node Type": "Index Scan", "Parent Relationship": "Inner", "Scan Direction": "Forward", "Index Name": "char_name_pkey", "Relation Name": "char_name", "Alias": "chn", "Startup Cost": 0.0, "Total Cost": 5.37, "Plan Rows": 1, "Plan Width": 20, "Actual Startup Time": 0.772, "Actual Total Time": 0.772, "Actual Rows": 104, "Actual Loops": 112, "Index Cond": "(id = ci.person_role_id)", "Rows Removed by Index Recheck": 0}]}, {"Node Type": "Index Only Scan", "Parent Relationship": "Inner", "Scan Direction": "Forward", "Index Name": "company_type_pkey", "Relation Name": "company_type", "Alias": "ct", "Startup Cost": 0.0, "Total Cost": 0.27, "Plan Rows": 1, "Plan Width": 4, "Actual Startup Time": 0.201, "Actual Total Time": 0.201, "Actual Rows": 18, "Actual Loops": 104, "Index Cond": "(id = mc.company_type_id)", "Rows Removed by Index Recheck": 0, "Heap Fetches": 0}]}]}, "Triggers": [], "Planner Runtime": 6, "Total Runtime": 807.578, "Unique SQL Id": 2933943827}}, "(64, 121)": {"explain_plan": {"Plan": {"Node Type": "Aggregate", "Strategy": "Plain", "Startup Cost": 24506.67, "Total Cost": 24506.68, "Plan Rows": 1, "Plan Width": 97, "Plans": [{"Node Type": "Nested Loop", "Parent Relationship": "Outer", "Join Type": "Inner", "Startup Cost": 0.0, "Total Cost": 24506.66, "Plan Rows": 2, "Plan Width": 33, "Inner Unique": true, "Plans": [{"Node Type": "Nested Loop", "Parent Relationship": "Outer", "Join Type": "Inner", "Startup Cost": 0.0, "Total Cost": 24506.1, "Plan Rows": 2, "Plan Width": 37, "Inner Unique": true, "Plans": [{"Node Type": "Nested Loop", "Parent Relationship": "Outer", "Join Type": "Inner", "Startup Cost": 0.0, "Total Cost": 24479.22, "Plan Rows": 5, "Plan Width": 25, "Inner Unique": true, "Plans": [{"Node Type": "Nested Loop", "Parent Relationship": "Outer", "Join Type": "Inner", "Startup Cost": 0.0, "Total Cost": 24477.12, "Plan Rows": 6, "Plan Width": 16, "Inner Unique": false, "Join Filter": "(ci.role_id = rt.id)", "Plans": [{"Node Type": "Index Scan", "Parent Relationship": "Outer", "Scan Direction": "Forward", "Index Name": "role_type_pkey", "Relation Name": "role_type", "Alias": "rt", "Startup Cost": 0.0, "Total Cost": 12.46, "Plan Rows": 1, "Plan Width": 4, "Filter": "((role)::text = 'actor'::text)"}, {"Node Type": "Nested Loop", "Parent Relationship": "Inner", "Join Type": "Inner", "Startup Cost": 0.0, "Total Cost": 24463.81, "Plan Rows": 68, "Plan Width": 20, "Inner Unique": false, "Plans": [{"Node Type": "Nested Loop", "Parent Relationship": "Outer", "Join Type": "Inner", "Startup Cost": 0.0, "Total Cost": 20719.49, "Plan Rows": 3779, "Plan Width": 8, "Inner Unique": false, "Plans": [{"Node Type": "Index Scan", "Parent Relationship": "Outer", "Scan Direction": "Forward", "Index Name": "company_name_pkey", "Relation Name": "company_name", "Alias": "cn", "Startup Cost": 0.0, "Total Cost": 10501.39, "Plan Rows": 251, "Plan Width": 4, "Filter": "((country_code)::text = '[ru]'::text)"}, {"Node Type": "Index Scan", "Parent Relationship": "Inner", "Scan Direction": "Forward", "Index Name": "company_id_movie_companies", "Relation Name": "movie_companies", "Alias": "mc", "Startup Cost": 0.0, "Total Cost": 40.56, "Plan Rows": 15, "Plan Width": 12, "Index Cond": "(company_id = cn.id)"}]}, {"Node Type": "Index Scan", "Parent Relationship": "Inner", "Scan Direction": "Forward", "Index Name": "movie_id_cast_info", "Relation Name": "cast_info", "Alias": "ci", "Startup Cost": 0.0, "Total Cost": 0.98, "Plan Rows": 1, "Plan Width": 12, "Index Cond": "(movie_id = mc.movie_id)", "Filter": "(((note)::text ~~ '%(voice)%'::text) AND ((note)::text ~~ '%(uncredited)%'::text))"}]}]}, {"Node Type": "Index Scan", "Parent Relationship": "Inner", "Scan Direction": "Forward", "Index Name": "title_pkey", "Relation Name": "title", "Alias": "t", "Startup Cost": 0.0, "Total Cost": 0.34, "Plan Rows": 1, "Plan Width": 21, "Index Cond": "(id = mc.movie_id)", "Filter": "(production_year > 2005)"}]}, {"Node Type": "Index Scan", "Parent Relationship": "Inner", "Scan Direction": "Forward", "Index Name": "char_name_pkey", "Relation Name": "char_name", "Alias": "chn", "Startup Cost": 0.0, "Total Cost": 5.37, "Plan Rows": 1, "Plan Width": 20, "Index Cond": "(id = ci.person_role_id)"}]}, {"Node Type": "Index Only Scan", "Parent Relationship": "Inner", "Scan Direction": "Forward", "Index Name": "company_type_pkey", "Relation Name": "company_type", "Alias": "ct", "Startup Cost": 0.0, "Total Cost": 0.27, "Plan Rows": 1, "Plan Width": 4, "Index Cond": "(id = mc.company_type_id)"}]}]}, "Unique SQL Id": 2933943827, "Planner Runtime": 5}, "explain_analyze_plan": {"Plan": {"Node Type": "Aggregate", "Strategy": "Plain", "Startup Cost": 24506.67, "Total Cost": 24506.68, "Plan Rows": 1, "Plan Width": 97, "Actual Startup Time": 1060.039, "Actual Total Time": 1060.04, "Actual Rows": 1, "Actual Loops": 1, "Plans": [{"Node Type": "Nested Loop", "Parent Relationship": "Outer", "Join Type": "Inner", "Startup Cost": 0.0, "Total Cost": 24506.66, "Plan Rows": 2, "Plan Width": 33, "Actual Startup Time": 27.881, "Actual Total Time": 1059.925, "Actual Rows": 18, "Actual Loops": 1, "Inner Unique": true, "Plans": [{"Node Type": "Nested Loop", "Parent Relationship": "Outer", "Join Type": "Inner", "Startup Cost": 0.0, "Total Cost": 24506.1, "Plan Rows": 2, "Plan Width": 37, "Actual Startup Time": 21.36, "Actual Total Time": 1059.603, "Actual Rows": 104, "Actual Loops": 1, "Inner Unique": true, "Plans": [{"Node Type": "Nested Loop", "Parent Relationship": "Outer", "Join Type": "Inner", "Startup Cost": 0.0, "Total Cost": 24479.22, "Plan Rows": 5, "Plan Width": 25, "Actual Startup Time": 21.347, "Actual Total Time": 1058.503, "Actual Rows": 112, "Actual Loops": 1, "Inner Unique": true, "Plans": [{"Node Type": "Nested Loop", "Parent Relationship": "Outer", "Join Type": "Inner", "Startup Cost": 0.0, "Total Cost": 24477.12, "Plan Rows": 6, "Plan Width": 16, "Actual Startup Time": 5.948, "Actual Total Time": 1056.165, "Actual Rows": 275, "Actual Loops": 1, "Inner Unique": false, "Join Filter": "(ci.role_id = rt.id)", "Rows Removed by Join Filter": 102, "Plans": [{"Node Type": "Index Scan", "Parent Relationship": "Outer", "Scan Direction": "Forward", "Index Name": "role_type_pkey", "Relation Name": "role_type", "Alias": "rt", "Startup Cost": 0.0, "Total Cost": 12.46, "Plan Rows": 1, "Plan Width": 4, "Actual Startup Time": 0.026, "Actual Total Time": 0.035, "Actual Rows": 1, "Actual Loops": 1, "Filter": "((role)::text = 'actor'::text)", "Rows Removed by Filter": 11}, {"Node Type": "Nested Loop", "Parent Relationship": "Inner", "Join Type": "Inner", "Startup Cost": 0.0, "Total Cost": 24463.81, "Plan Rows": 68, "Plan Width": 20, "Actual Startup Time": 5.912, "Actual Total Time": 1055.848, "Actual Rows": 377, "Actual Loops": 1, "Inner Unique": false, "Plans": [{"Node Type": "Nested Loop", "Parent Relationship": "Outer", "Join Type": "Inner", "Startup Cost": 0.0, "Total Cost": 20719.49, "Plan Rows": 3779, "Plan Width": 8, "Actual Startup Time": 0.471, "Actual Total Time": 327.183, "Actual Rows": 8790, "Actual Loops": 1, "Inner Unique": false, "Plans": [{"Node Type": "Index Scan", "Parent Relationship": "Outer", "Scan Direction": "Forward", "Index Name": "company_name_pkey", "Relation Name": "company_name", "Alias": "cn", "Startup Cost": 0.0, "Total Cost": 10501.39, "Plan Rows": 251, "Plan Width": 4, "Actual Startup Time": 0.457, "Actual Total Time": 302.353, "Actual Rows": 1361, "Actual Loops": 1, "Filter": "((country_code)::text = '[ru]'::text)", "Rows Removed by Filter": 233635}, {"Node Type": "Index Scan", "Parent Relationship": "Inner", "Scan Direction": "Forward", "Index Name": "company_id_movie_companies", "Relation Name": "movie_companies", "Alias": "mc", "Startup Cost": 0.0, "Total Cost": 40.56, "Plan Rows": 15, "Plan Width": 12, "Actual Startup Time": 7.867, "Actual Total Time": 21.092, "Actual Rows": 8790, "Actual Loops": 1361, "Index Cond": "(company_id = cn.id)", "Rows Removed by Index Recheck": 0}]}, {"Node Type": "Index Scan", "Parent Relationship": "Inner", "Scan Direction": "Forward", "Index Name": "movie_id_cast_info", "Relation Name": "cast_info", "Alias": "ci", "Startup Cost": 0.0, "Total Cost": 0.98, "Plan Rows": 1, "Plan Width": 12, "Actual Startup Time": 682.594, "Actual Total Time": 723.141, "Actual Rows": 377, "Actual Loops": 8790, "Index Cond": "(movie_id = mc.movie_id)", "Rows Removed by Index Recheck": 0, "Filter": "(((note)::text ~~ '%(voice)%'::text) AND ((note)::text ~~ '%(uncredited)%'::text))", "Rows Removed by Filter": 408168}]}]}, {"Node Type": "Index Scan", "Parent Relationship": "Inner", "Scan Direction": "Forward", "Index Name": "title_pkey", "Relation Name": "title", "Alias": "t", "Startup Cost": 0.0, "Total Cost": 0.34, "Plan Rows": 1, "Plan Width": 21, "Actual Startup Time": 1.929, "Actual Total Time": 1.929, "Actual Rows": 112, "Actual Loops": 275, "Index Cond": "(id = mc.movie_id)", "Rows Removed by Index Recheck": 0, "Filter": "(production_year > 2005)", "Rows Removed by Filter": 163}]}, {"Node Type": "Index Scan", "Parent Relationship": "Inner", "Scan Direction": "Forward", "Index Name": "char_name_pkey", "Relation Name": "char_name", "Alias": "chn", "Startup Cost": 0.0, "Total Cost": 5.37, "Plan Rows": 1, "Plan Width": 20, "Actual Startup Time": 0.845, "Actual Total Time": 0.845, "Actual Rows": 104, "Actual Loops": 112, "Index Cond": "(id = ci.person_role_id)", "Rows Removed by Index Recheck": 0}]}, {"Node Type": "Index Only Scan", "Parent Relationship": "Inner", "Scan Direction": "Forward", "Index Name": "company_type_pkey", "Relation Name": "company_type", "Alias": "ct", "Startup Cost": 0.0, "Total Cost": 0.27, "Plan Rows": 1, "Plan Width": 4, "Actual Startup Time": 0.158, "Actual Total Time": 0.158, "Actual Rows": 18, "Actual Loops": 104, "Index Cond": "(id = mc.company_type_id)", "Rows Removed by Index Recheck": 0, "Heap Fetches": 0}]}]}, "Triggers": [], "Planner Runtime": 5, "Total Runtime": 1060.362, "Unique SQL Id": 2933943827}}, "(64, 122)": {"explain_plan": {"Plan": {"Node Type": "Aggregate", "Strategy": "Plain", "Startup Cost": 717259.71, "Total Cost": 717259.72, "Plan Rows": 1, "Plan Width": 97, "Plans": [{"Node Type": "Nested Loop", "Parent Relationship": "Outer", "Join Type": "Inner", "Startup Cost": 0.0, "Total Cost": 717259.7, "Plan Rows": 2, "Plan Width": 33, "Inner Unique": false, "Join Filter": "(mc.company_type_id = ct.id)", "Plans": [{"Node Type": "Seq Scan", "Parent Relationship": "Outer", "Relation Name": "company_type", "Alias": "ct", "Startup Cost": 0.0, "Total Cost": 1.03, "Plan Rows": 3, "Plan Width": 4}, {"Node Type": "Materialize", "Parent Relationship": "Inner", "Startup Cost": 0.0, "Total Cost": 717258.58, "Plan Rows": 2, "Plan Width": 37, "Plans": [{"Node Type": "Streaming(type: LOCAL GATHER dop: 1/64)", "Parent Relationship": "Outer", "Startup Cost": 0.0, "Total Cost": 717258.57, "Plan Rows": 2, "Plan Width": 37, "Plans": [{"Node Type": "Nested Loop", "Parent Relationship": "Outer", "Join Type": "Inner", "Startup Cost": 0.0, "Total Cost": 717258.53, "Plan Rows": 2, "Plan Width": 37, "Inner Unique": false, "Join Filter": "(mc.movie_id = t.id)", "Plans": [{"Node Type": "Seq Scan", "Parent Relationship": "Outer", "Relation Name": "title", "Alias": "t", "Startup Cost": 0.0, "Total Cost": 64037.34, "Plan Rows": 1013492, "Plan Width": 21, "Filter": "(production_year > 2005), (LLVM Optimized)"}, {"Node Type": "Materialize", "Parent Relationship": "Inner", "Startup Cost": 0.0, "Total Cost": 652508.58, "Plan Rows": 192, "Plan Width": 28, "Plans": [{"Node Type": "Streaming(type: BROADCAST dop: 64/1)", "Parent Relationship": "Outer", "Startup Cost": 0.0, "Total Cost": 652508.57, "Plan Rows": 192, "Plan Width": 28, "Plans": [{"Node Type": "Nested Loop", "Parent Relationship": "Outer", "Join Type": "Inner", "Startup Cost": 0.0, "Total Cost": 589504.61, "Plan Rows": 3, "Plan Width": 28, "Inner Unique": true, "Join Filter": "(mc.company_id = cn.id)", "Plans": [{"Node Type": "Streaming(type: LOCAL GATHER dop: 1/64)", "Parent Relationship": "Outer", "Startup Cost": 0.0, "Total Cost": 575784.39, "Plan Rows": 2076, "Plan Width": 32, "Plans": [{"Node Type": "Nested Loop", "Parent Relationship": "Outer", "Join Type": "Inner", "Startup Cost": 0.0, "Total Cost": 575741.56, "Plan Rows": 2076, "Plan Width": 32, "Inner Unique": false, "Join Filter": "(ci.movie_id = mc.movie_id)", "Plans": [{"Node Type": "Streaming(type: LOCAL REDISTRIBUTE dop: 64/1)", "Parent Relationship": "Outer", "Startup Cost": 0.0, "Total Cost": 210825.84, "Plan Rows": 2609128, "Plan Width": 12, "Plans": [{"Node Type": "Seq Scan", "Parent Relationship": "Outer", "Relation Name": "movie_companies", "Alias": "mc", "Startup Cost": 0.0, "Total Cost": 41817.28, "Plan Rows": 2609128, "Plan Width": 12}]}, {"Node Type": "Materialize", "Parent Relationship": "Inner", "Startup Cost": 0.0, "Total Cost": 355523.28, "Plan Rows": 983, "Plan Width": 20, "Plans": [{"Node Type": "Streaming(type: LOCAL REDISTRIBUTE dop: 64/64)", "Parent Relationship": "Outer", "Startup Cost": 0.0, "Total Cost": 355523.2, "Plan Rows": 983, "Plan Width": 20, "Plans": [{"Node Type": "Nested Loop", "Parent Relationship": "Outer", "Join Type": "Inner", "Startup Cost": 0.0, "Total Cost": 292522.27, "Plan Rows": 983, "Plan Width": 20, "Inner Unique": true, "Join Filter": "(ci.person_role_id = chn.id)", "Plans": [{"Node Type": "Streaming(type: LOCAL REDISTRIBUTE dop: 64/1)", "Parent Relationship": "Outer", "Startup Cost": 0.0, "Total Cost": 139059.25, "Plan Rows": 2027, "Plan Width": 8, "Plans": [{"Node Type": "Nested Loop", "Parent Relationship": "Outer", "Join Type": "Inner", "Startup Cost": 0.0, "Total Cost": 75976.9, "Plan Rows": 2027, "Plan Width": 8, "Inner Unique": false, "Join Filter": "(ci.role_id = rt.id)", "Plans": [{"Node Type": "Seq Scan", "Parent Relationship": "Outer", "Relation Name": "role_type", "Alias": "rt", "Startup Cost": 0.0, "Total Cost": 1.15, "Plan Rows": 1, "Plan Width": 4, "Filter": "((role)::text = 'actor'::text)"}, {"Node Type": "Materialize", "Parent Relationship": "Inner", "Startup Cost": 0.0, "Total Cost": 75752.8, "Plan Rows": 22295, "Plan Width": 12, "Plans": [{"Node Type": "Streaming(type: LOCAL GATHER dop: 1/64)", "Parent Relationship": "Outer", "Startup Cost": 0.0, "Total Cost": 75697.06, "Plan Rows": 22295, "Plan Width": 12, "Plans": [{"Node Type": "Seq Scan", "Parent Relationship": "Outer", "Relation Name": "cast_info", "Alias": "ci", "Startup Cost": 0.0, "Total Cost": 75237.12, "Plan Rows": 22295, "Plan Width": 12, "Filter": "(((note)::text ~~ '%(voice)%'::text) AND ((note)::text ~~ '%(uncredited)%'::text))"}]}]}]}]}, {"Node Type": "Materialize", "Parent Relationship": "Inner", "Startup Cost": 0.0, "Total Cost": 130274.66, "Plan Rows": 3140338, "Plan Width": 20, "Plans": [{"Node Type": "Streaming(type: LOCAL REDISTRIBUTE dop: 64/64)", "Parent Relationship": "Outer", "Startup Cost": 0.0, "Total Cost": 130029.32, "Plan Rows": 3140338, "Plan Width": 20, "Plans": [{"Node Type": "Seq Scan", "Parent Relationship": "Outer", "Relation Name": "char_name", "Alias": "chn", "Startup Cost": 0.0, "Total Cost": 64054.58, "Plan Rows": 3140338, "Plan Width": 20}]}]}]}]}]}]}]}, {"Node Type": "Materialize", "Parent Relationship": "Inner", "Startup Cost": 0.0, "Total Cost": 5904.71, "Plan Rows": 251, "Plan Width": 4, "Plans": [{"Node Type": "Seq Scan", "Parent Relationship": "Outer", "Relation Name": "company_name", "Alias": "cn", "Startup Cost": 0.0, "Total Cost": 5903.45, "Plan Rows": 251, "Plan Width": 4, "Filter": "((country_code)::text = '[ru]'::text)"}]}]}]}]}]}]}]}]}]}, "Unique SQL Id": 2933943827, "Planner Runtime": 10}, "explain_analyze_plan": null}, "(64, 123)": {"explain_plan": {"Plan": {"Node Type": "Aggregate", "Strategy": "Plain", "Startup Cost": 7000198709657.34, "Total Cost": 7000198709657.35, "Plan Rows": 1, "Plan Width": 97, "Plans": [{"Node Type": "Nested Loop", "Parent Relationship": "Outer", "Join Type": "Inner", "Startup Cost": 70000000000.0, "Total Cost": 7000198709657.33, "Plan Rows": 2, "Plan Width": 33, "Inner Unique": true, "Join Filter": "(mc.company_type_id = ct.id)", "Plans": [{"Node Type": "Nested Loop", "Parent Relationship": "Outer", "Join Type": "Inner", "Startup Cost": 60000000000.0, "Total Cost": 6000198708827.73, "Plan Rows": 2, "Plan Width": 37, "Inner Unique": true, "Join Filter": "(ci.person_role_id = chn.id)", "Plans": [{"Node Type": "Nested Loop", "Parent Relationship": "Outer", "Join Type": "Inner", "Startup Cost": 50000000000.0, "Total Cost": 5000185477906.03, "Plan Rows": 5, "Plan Width": 25, "Inner Unique": true, "Join Filter": "(mc.movie_id = t.id)", "Plans": [{"Node Type": "Nested Loop", "Parent Relationship": "Outer", "Join Type": "Inner", "Startup Cost": 40000000000.0, "Total Cost": 4000173740031.35, "Plan Rows": 6, "Plan Width": 16, "Inner Unique": true, "Join Filter": "(ci.role_id = rt.id)", "Plans": [{"Node Type": "Nested Loop", "Parent Relationship": "Outer", "Join Type": "Inner", "Startup Cost": 30000000000.0, "Total Cost": 3000173738784.33, "Plan Rows": 68, "Plan Width": 20, "Inner Unique": false, "Join Filter": "(mc.movie_id = ci.movie_id)", "Plans": [{"Node Type": "Nested Loop", "Parent Relationship": "Outer", "Join Type": "Inner", "Startup Cost": 20000000000.0, "Total Cost": 2000020191723.52, "Plan Rows": 3779, "Plan Width": 8, "Inner Unique": true, "Join Filter": "(cn.id = mc.company_id)", "Plans": [{"Node Type": "Index Scan", "Parent Relationship": "Outer", "Scan Direction": "Forward", "Index Name": "company_type_id_movie_companies", "Relation Name": "movie_companies", "Alias": "mc", "Startup Cost": 10000000000.0, "Total Cost": 1000009318217.0, "Plan Rows": 2609128, "Plan Width": 12}, {"Node Type": "Materialize", "Parent Relationship": "Inner", "Startup Cost": 10000000000.0, "Total Cost": 1000001050140.22, "Plan Rows": 251, "Plan Width": 4, "Plans": [{"Node Type": "Index Scan", "Parent Relationship": "Outer", "Scan Direction": "Forward", "Index Name": "company_name_pkey", "Relation Name": "company_name", "Alias": "cn", "Startup Cost": 10000000000.0, "Total Cost": 1000001050138.97, "Plan Rows": 251, "Plan Width": 4, "Filter": "((country_code)::text = '[ru]'::text)"}]}]}, {"Node Type": "Materialize", "Parent Relationship": "Inner", "Startup Cost": 10000000000.0, "Total Cost": 1000152283324.47, "Plan Rows": 22295, "Plan Width": 12, "Plans": [{"Node Type": "Index Scan", "Parent Relationship": "Outer", "Scan Direction": "Forward", "Index Name": "role_id_cast_info", "Relation Name": "cast_info", "Alias": "ci", "Startup Cost": 10000000000.0, "Total Cost": 1000152283213.0, "Plan Rows": 22295, "Plan Width": 12, "Filter": "(((note)::text ~~ '%(voice)%'::text) AND ((note)::text ~~ '%(uncredited)%'::text))"}]}]}, {"Node Type": "Materialize", "Parent Relationship": "Inner", "Startup Cost": 10000000000.0, "Total Cost": 1000000001246.0, "Plan Rows": 1, "Plan Width": 4, "Plans": [{"Node Type": "Index Scan", "Parent Relationship": "Outer", "Scan Direction": "Forward", "Index Name": "role_type_pkey", "Relation Name": "role_type", "Alias": "rt", "Startup Cost": 10000000000.0, "Total Cost": 1000000001246.0, "Plan Rows": 1, "Plan Width": 4, "Filter": "((role)::text = 'actor'::text)"}]}]}, {"Node Type": "Materialize", "Parent Relationship": "Inner", "Startup Cost": 10000000000.0, "Total Cost": 1000011649194.12, "Plan Rows": 1013492, "Plan Width": 21, "Plans": [{"Node Type": "Index Scan", "Parent Relationship": "Outer", "Scan Direction": "Forward", "Index Name": "title_pkey", "Relation Name": "title", "Alias": "t", "Startup Cost": 10000000000.0, "Total Cost": 1000011644126.66, "Plan Rows": 1013492, "Plan Width": 21, "Filter": "(production_year > 2005), (LLVM Optimized)"}]}]}, {"Node Type": "Materialize", "Parent Relationship": "Inner", "Startup Cost": 10000000000.0, "Total Cost": 1000013003247.2, "Plan Rows": 3140338, "Plan Width": 20, "Plans": [{"Node Type": "Index Scan", "Parent Relationship": "Outer", "Scan Direction": "Forward", "Index Name": "char_name_pkey", "Relation Name": "char_name", "Alias": "chn", "Startup Cost": 10000000000.0, "Total Cost": 1000012987545.51, "Plan Rows": 3140338, "Plan Width": 20}]}]}, {"Node Type": "Materialize", "Parent Relationship": "Inner", "Startup Cost": 10000000000.0, "Total Cost": 1000000000829.52, "Plan Rows": 3, "Plan Width": 4, "Plans": [{"Node Type": "Index Only Scan", "Parent Relationship": "Outer", "Scan Direction": "Forward", "Index Name": "company_type_pkey", "Relation Name": "company_type", "Alias": "ct", "Startup Cost": 10000000000.0, "Total Cost": 1000000000829.5, "Plan Rows": 3, "Plan Width": 4}]}]}]}, "Unique SQL Id": 2933943827, "Planner Runtime": 5}, "explain_analyze_plan": null}, "(64, 124)": {"explain_plan": {"Plan": {"Node Type": "Aggregate", "Strategy": "Plain", "Startup Cost": 19897.43, "Total Cost": 19897.44, "Plan Rows": 1, "Plan Width": 97, "Plans": [{"Node Type": "Nested Loop", "Parent Relationship": "Outer", "Join Type": "Inner", "Startup Cost": 0.0, "Total Cost": 19897.42, "Plan Rows": 2, "Plan Width": 33, "Inner Unique": true, "Plans": [{"Node Type": "Nested Loop", "Parent Relationship": "Outer", "Join Type": "Inner", "Startup Cost": 0.0, "Total Cost": 19896.86, "Plan Rows": 2, "Plan Width": 37, "Inner Unique": true, "Plans": [{"Node Type": "Nested Loop", "Parent Relationship": "Outer", "Join Type": "Inner", "Startup Cost": 0.0, "Total Cost": 19869.97, "Plan Rows": 5, "Plan Width": 25, "Inner Unique": true, "Plans": [{"Node Type": "Nested Loop", "Parent Relationship": "Outer", "Join Type": "Inner", "Startup Cost": 0.0, "Total Cost": 19867.87, "Plan Rows": 6, "Plan Width": 16, "Inner Unique": false, "Join Filter": "(ci.role_id = rt.id)", "Plans": [{"Node Type": "Seq Scan", "Parent Relationship": "Outer", "Relation Name": "role_type", "Alias": "rt", "Startup Cost": 0.0, "Total Cost": 1.15, "Plan Rows": 1, "Plan Width": 4, "Filter": "((role)::text = 'actor'::text)"}, {"Node Type": "Nested Loop", "Parent Relationship": "Inner", "Join Type": "Inner", "Startup Cost": 0.0, "Total Cost": 19865.87, "Plan Rows": 68, "Plan Width": 20, "Inner Unique": false, "Plans": [{"Node Type": "Nested Loop", "Parent Relationship": "Outer", "Join Type": "Inner", "Startup Cost": 0.0, "Total Cost": 16121.55, "Plan Rows": 3779, "Plan Width": 8, "Inner Unique": false, "Plans": [{"Node Type": "Seq Scan", "Parent Relationship": "Outer", "Relation Name": "company_name", "Alias": "cn", "Startup Cost": 0.0, "Total Cost": 5903.45, "Plan Rows": 251, "Plan Width": 4, "Filter": "((country_code)::text = '[ru]'::text)"}, {"Node Type": "Index Scan", "Parent Relationship": "Inner", "Scan Direction": "Forward", "Index Name": "company_id_movie_companies", "Relation Name": "movie_companies", "Alias": "mc", "Startup Cost": 0.0, "Total Cost": 40.56, "Plan Rows": 15, "Plan Width": 12, "Index Cond": "(company_id = cn.id)"}]}, {"Node Type": "Index Scan", "Parent Relationship": "Inner", "Scan Direction": "Forward", "Index Name": "movie_id_cast_info", "Relation Name": "cast_info", "Alias": "ci", "Startup Cost": 0.0, "Total Cost": 0.98, "Plan Rows": 1, "Plan Width": 12, "Index Cond": "(movie_id = mc.movie_id)", "Filter": "(((note)::text ~~ '%(voice)%'::text) AND ((note)::text ~~ '%(uncredited)%'::text))"}]}]}, {"Node Type": "Index Scan", "Parent Relationship": "Inner", "Scan Direction": "Forward", "Index Name": "title_pkey", "Relation Name": "title", "Alias": "t", "Startup Cost": 0.0, "Total Cost": 0.34, "Plan Rows": 1, "Plan Width": 21, "Index Cond": "(id = mc.movie_id)", "Filter": "(production_year > 2005)"}]}, {"Node Type": "Index Scan", "Parent Relationship": "Inner", "Scan Direction": "Forward", "Index Name": "char_name_pkey", "Relation Name": "char_name", "Alias": "chn", "Startup Cost": 0.0, "Total Cost": 5.37, "Plan Rows": 1, "Plan Width": 20, "Index Cond": "(id = ci.person_role_id)"}]}, {"Node Type": "Index Scan", "Parent Relationship": "Inner", "Scan Direction": "Forward", "Index Name": "company_type_pkey", "Relation Name": "company_type", "Alias": "ct", "Startup Cost": 0.0, "Total Cost": 0.27, "Plan Rows": 1, "Plan Width": 4, "Index Cond": "(id = mc.company_type_id)"}]}]}, "Unique SQL Id": 2933943827, "Planner Runtime": 7}, "explain_analyze_plan": {"Plan": {"Node Type": "Aggregate", "Strategy": "Plain", "Startup Cost": 19897.43, "Total Cost": 19897.44, "Plan Rows": 1, "Plan Width": 97, "Actual Startup Time": 804.024, "Actual Total Time": 804.024, "Actual Rows": 1, "Actual Loops": 1, "Plans": [{"Node Type": "Nested Loop", "Parent Relationship": "Outer", "Join Type": "Inner", "Startup Cost": 0.0, "Total Cost": 19897.42, "Plan Rows": 2, "Plan Width": 33, "Actual Startup Time": 47.786, "Actual Total Time": 803.917, "Actual Rows": 18, "Actual Loops": 1, "Inner Unique": true, "Plans": [{"Node Type": "Nested Loop", "Parent Relationship": "Outer", "Join Type": "Inner", "Startup Cost": 0.0, "Total Cost": 19896.86, "Plan Rows": 2, "Plan Width": 37, "Actual Startup Time": 10.009, "Actual Total Time": 803.609, "Actual Rows": 104, "Actual Loops": 1, "Inner Unique": true, "Plans": [{"Node Type": "Nested Loop", "Parent Relationship": "Outer", "Join Type": "Inner", "Startup Cost": 0.0, "Total Cost": 19869.97, "Plan Rows": 5, "Plan Width": 25, "Actual Startup Time": 9.994, "Actual Total Time": 802.565, "Actual Rows": 112, "Actual Loops": 1, "Inner Unique": true, "Plans": [{"Node Type": "Nested Loop", "Parent Relationship": "Outer", "Join Type": "Inner", "Startup Cost": 0.0, "Total Cost": 19867.87, "Plan Rows": 6, "Plan Width": 16, "Actual Startup Time": 0.857, "Actual Total Time": 800.305, "Actual Rows": 275, "Actual Loops": 1, "Inner Unique": false, "Join Filter": "(ci.role_id = rt.id)", "Rows Removed by Join Filter": 102, "Plans": [{"Node Type": "Seq Scan", "Parent Relationship": "Outer", "Relation Name": "role_type", "Alias": "rt", "Startup Cost": 0.0, "Total Cost": 1.15, "Plan Rows": 1, "Plan Width": 4, "Actual Startup Time": 0.035, "Actual Total Time": 0.04, "Actual Rows": 1, "Actual Loops": 1, "Filter": "((role)::text = 'actor'::text)", "Rows Removed by Filter": 11}, {"Node Type": "Nested Loop", "Parent Relationship": "Inner", "Join Type": "Inner", "Startup Cost": 0.0, "Total Cost": 19865.87, "Plan Rows": 68, "Plan Width": 20, "Actual Startup Time": 0.814, "Actual Total Time": 800.006, "Actual Rows": 377, "Actual Loops": 1, "Inner Unique": false, "Plans": [{"Node Type": "Nested Loop", "Parent Relationship": "Outer", "Join Type": "Inner", "Startup Cost": 0.0, "Total Cost": 16121.55, "Plan Rows": 3779, "Plan Width": 8, "Actual Startup Time": 0.057, "Actual Total Time": 107.506, "Actual Rows": 8790, "Actual Loops": 1, "Inner Unique": false, "Plans": [{"Node Type": "Seq Scan", "Parent Relationship": "Outer", "Relation Name": "company_name", "Alias": "cn", "Startup Cost": 0.0, "Total Cost": 5903.45, "Plan Rows": 251, "Plan Width": 4, "Actual Startup Time": 0.037, "Actual Total Time": 83.104, "Actual Rows": 1361, "Actual Loops": 1, "Filter": "((country_code)::text = '[ru]'::text)", "Rows Removed by Filter": 233635}, {"Node Type": "Index Scan", "Parent Relationship": "Inner", "Scan Direction": "Forward", "Index Name": "company_id_movie_companies", "Relation Name": "movie_companies", "Alias": "mc", "Startup Cost": 0.0, "Total Cost": 40.56, "Plan Rows": 15, "Plan Width": 12, "Actual Startup Time": 8.468, "Actual Total Time": 21.018, "Actual Rows": 8790, "Actual Loops": 1361, "Index Cond": "(company_id = cn.id)", "Rows Removed by Index Recheck": 0}]}, {"Node Type": "Index Scan", "Parent Relationship": "Inner", "Scan Direction": "Forward", "Index Name": "movie_id_cast_info", "Relation Name": "cast_info", "Alias": "ci", "Startup Cost": 0.0, "Total Cost": 0.98, "Plan Rows": 1, "Plan Width": 12, "Actual Startup Time": 647.342, "Actual Total Time": 687.066, "Actual Rows": 377, "Actual Loops": 8790, "Index Cond": "(movie_id = mc.movie_id)", "Rows Removed by Index Recheck": 0, "Filter": "(((note)::text ~~ '%(voice)%'::text) AND ((note)::text ~~ '%(uncredited)%'::text))", "Rows Removed by Filter": 408168}]}]}, {"Node Type": "Index Scan", "Parent Relationship": "Inner", "Scan Direction": "Forward", "Index Name": "title_pkey", "Relation Name": "title", "Alias": "t", "Startup Cost": 0.0, "Total Cost": 0.34, "Plan Rows": 1, "Plan Width": 21, "Actual Startup Time": 1.837, "Actual Total Time": 1.837, "Actual Rows": 112, "Actual Loops": 275, "Index Cond": "(id = mc.movie_id)", "Rows Removed by Index Recheck": 0, "Filter": "(production_year > 2005)", "Rows Removed by Filter": 163}]}, {"Node Type": "Index Scan", "Parent Relationship": "Inner", "Scan Direction": "Forward", "Index Name": "char_name_pkey", "Relation Name": "char_name", "Alias": "chn", "Startup Cost": 0.0, "Total Cost": 5.37, "Plan Rows": 1, "Plan Width": 20, "Actual Startup Time": 0.803, "Actual Total Time": 0.803, "Actual Rows": 104, "Actual Loops": 112, "Index Cond": "(id = ci.person_role_id)", "Rows Removed by Index Recheck": 0}]}, {"Node Type": "Index Scan", "Parent Relationship": "Inner", "Scan Direction": "Forward", "Index Name": "company_type_pkey", "Relation Name": "company_type", "Alias": "ct", "Startup Cost": 0.0, "Total Cost": 0.27, "Plan Rows": 1, "Plan Width": 4, "Actual Startup Time": 0.179, "Actual Total Time": 0.179, "Actual Rows": 18, "Actual Loops": 104, "Index Cond": "(id = mc.company_type_id)", "Rows Removed by Index Recheck": 0}]}]}, "Triggers": [], "Planner Runtime": 7, "Total Runtime": 804.361, "Unique SQL Id": 2933943827}}, "(64, 125)": {"explain_plan": {"Plan": {"Node Type": "Aggregate", "Strategy": "Plain", "Startup Cost": 24506.67, "Total Cost": 24506.68, "Plan Rows": 1, "Plan Width": 97, "Plans": [{"Node Type": "Nested Loop", "Parent Relationship": "Outer", "Join Type": "Inner", "Startup Cost": 0.0, "Total Cost": 24506.66, "Plan Rows": 2, "Plan Width": 33, "Inner Unique": true, "Plans": [{"Node Type": "Nested Loop", "Parent Relationship": "Outer", "Join Type": "Inner", "Startup Cost": 0.0, "Total Cost": 24506.1, "Plan Rows": 2, "Plan Width": 37, "Inner Unique": true, "Plans": [{"Node Type": "Nested Loop", "Parent Relationship": "Outer", "Join Type": "Inner", "Startup Cost": 0.0, "Total Cost": 24479.22, "Plan Rows": 5, "Plan Width": 25, "Inner Unique": true, "Plans": [{"Node Type": "Nested Loop", "Parent Relationship": "Outer", "Join Type": "Inner", "Startup Cost": 0.0, "Total Cost": 24477.12, "Plan Rows": 6, "Plan Width": 16, "Inner Unique": false, "Join Filter": "(ci.role_id = rt.id)", "Plans": [{"Node Type": "Index Scan", "Parent Relationship": "Outer", "Scan Direction": "Forward", "Index Name": "role_type_pkey", "Relation Name": "role_type", "Alias": "rt", "Startup Cost": 0.0, "Total Cost": 12.46, "Plan Rows": 1, "Plan Width": 4, "Filter": "((role)::text = 'actor'::text)"}, {"Node Type": "Nested Loop", "Parent Relationship": "Inner", "Join Type": "Inner", "Startup Cost": 0.0, "Total Cost": 24463.81, "Plan Rows": 68, "Plan Width": 20, "Inner Unique": false, "Plans": [{"Node Type": "Nested Loop", "Parent Relationship": "Outer", "Join Type": "Inner", "Startup Cost": 0.0, "Total Cost": 20719.49, "Plan Rows": 3779, "Plan Width": 8, "Inner Unique": false, "Plans": [{"Node Type": "Index Scan", "Parent Relationship": "Outer", "Scan Direction": "Forward", "Index Name": "company_name_pkey", "Relation Name": "company_name", "Alias": "cn", "Startup Cost": 0.0, "Total Cost": 10501.39, "Plan Rows": 251, "Plan Width": 4, "Filter": "((country_code)::text = '[ru]'::text)"}, {"Node Type": "Index Scan", "Parent Relationship": "Inner", "Scan Direction": "Forward", "Index Name": "company_id_movie_companies", "Relation Name": "movie_companies", "Alias": "mc", "Startup Cost": 0.0, "Total Cost": 40.56, "Plan Rows": 15, "Plan Width": 12, "Index Cond": "(company_id = cn.id)"}]}, {"Node Type": "Index Scan", "Parent Relationship": "Inner", "Scan Direction": "Forward", "Index Name": "movie_id_cast_info", "Relation Name": "cast_info", "Alias": "ci", "Startup Cost": 0.0, "Total Cost": 0.98, "Plan Rows": 1, "Plan Width": 12, "Index Cond": "(movie_id = mc.movie_id)", "Filter": "(((note)::text ~~ '%(voice)%'::text) AND ((note)::text ~~ '%(uncredited)%'::text))"}]}]}, {"Node Type": "Index Scan", "Parent Relationship": "Inner", "Scan Direction": "Forward", "Index Name": "title_pkey", "Relation Name": "title", "Alias": "t", "Startup Cost": 0.0, "Total Cost": 0.34, "Plan Rows": 1, "Plan Width": 21, "Index Cond": "(id = mc.movie_id)", "Filter": "(production_year > 2005)"}]}, {"Node Type": "Index Scan", "Parent Relationship": "Inner", "Scan Direction": "Forward", "Index Name": "char_name_pkey", "Relation Name": "char_name", "Alias": "chn", "Startup Cost": 0.0, "Total Cost": 5.37, "Plan Rows": 1, "Plan Width": 20, "Index Cond": "(id = ci.person_role_id)"}]}, {"Node Type": "Index Scan", "Parent Relationship": "Inner", "Scan Direction": "Forward", "Index Name": "company_type_pkey", "Relation Name": "company_type", "Alias": "ct", "Startup Cost": 0.0, "Total Cost": 0.27, "Plan Rows": 1, "Plan Width": 4, "Index Cond": "(id = mc.company_type_id)"}]}]}, "Unique SQL Id": 2933943827, "Planner Runtime": 5}, "explain_analyze_plan": {"Plan": {"Node Type": "Aggregate", "Strategy": "Plain", "Startup Cost": 24506.67, "Total Cost": 24506.68, "Plan Rows": 1, "Plan Width": 97, "Actual Startup Time": 1075.373, "Actual Total Time": 1075.373, "Actual Rows": 1, "Actual Loops": 1, "Plans": [{"Node Type": "Nested Loop", "Parent Relationship": "Outer", "Join Type": "Inner", "Startup Cost": 0.0, "Total Cost": 24506.66, "Plan Rows": 2, "Plan Width": 33, "Actual Startup Time": 27.528, "Actual Total Time": 1075.274, "Actual Rows": 18, "Actual Loops": 1, "Inner Unique": true, "Plans": [{"Node Type": "Nested Loop", "Parent Relationship": "Outer", "Join Type": "Inner", "Startup Cost": 0.0, "Total Cost": 24506.1, "Plan Rows": 2, "Plan Width": 37, "Actual Startup Time": 21.072, "Actual Total Time": 1074.971, "Actual Rows": 104, "Actual Loops": 1, "Inner Unique": true, "Plans": [{"Node Type": "Nested Loop", "Parent Relationship": "Outer", "Join Type": "Inner", "Startup Cost": 0.0, "Total Cost": 24479.22, "Plan Rows": 5, "Plan Width": 25, "Actual Startup Time": 21.057, "Actual Total Time": 1073.844, "Actual Rows": 112, "Actual Loops": 1, "Inner Unique": true, "Plans": [{"Node Type": "Nested Loop", "Parent Relationship": "Outer", "Join Type": "Inner", "Startup Cost": 0.0, "Total Cost": 24477.12, "Plan Rows": 6, "Plan Width": 16, "Actual Startup Time": 5.969, "Actual Total Time": 1071.384, "Actual Rows": 275, "Actual Loops": 1, "Inner Unique": false, "Join Filter": "(ci.role_id = rt.id)", "Rows Removed by Join Filter": 102, "Plans": [{"Node Type": "Index Scan", "Parent Relationship": "Outer", "Scan Direction": "Forward", "Index Name": "role_type_pkey", "Relation Name": "role_type", "Alias": "rt", "Startup Cost": 0.0, "Total Cost": 12.46, "Plan Rows": 1, "Plan Width": 4, "Actual Startup Time": 0.022, "Actual Total Time": 0.034, "Actual Rows": 1, "Actual Loops": 1, "Filter": "((role)::text = 'actor'::text)", "Rows Removed by Filter": 11}, {"Node Type": "Nested Loop", "Parent Relationship": "Inner", "Join Type": "Inner", "Startup Cost": 0.0, "Total Cost": 24463.81, "Plan Rows": 68, "Plan Width": 20, "Actual Startup Time": 5.938, "Actual Total Time": 1071.055, "Actual Rows": 377, "Actual Loops": 1, "Inner Unique": false, "Plans": [{"Node Type": "Nested Loop", "Parent Relationship": "Outer", "Join Type": "Inner", "Startup Cost": 0.0, "Total Cost": 20719.49, "Plan Rows": 3779, "Plan Width": 8, "Actual Startup Time": 0.458, "Actual Total Time": 317.999, "Actual Rows": 8790, "Actual Loops": 1, "Inner Unique": false, "Plans": [{"Node Type": "Index Scan", "Parent Relationship": "Outer", "Scan Direction": "Forward", "Index Name": "company_name_pkey", "Relation Name": "company_name", "Alias": "cn", "Startup Cost": 0.0, "Total Cost": 10501.39, "Plan Rows": 251, "Plan Width": 4, "Actual Startup Time": 0.445, "Actual Total Time": 292.438, "Actual Rows": 1361, "Actual Loops": 1, "Filter": "((country_code)::text = '[ru]'::text)", "Rows Removed by Filter": 233635}, {"Node Type": "Index Scan", "Parent Relationship": "Inner", "Scan Direction": "Forward", "Index Name": "company_id_movie_companies", "Relation Name": "movie_companies", "Alias": "mc", "Startup Cost": 0.0, "Total Cost": 40.56, "Plan Rows": 15, "Plan Width": 12, "Actual Startup Time": 8.383, "Actual Total Time": 22.016, "Actual Rows": 8790, "Actual Loops": 1361, "Index Cond": "(company_id = cn.id)", "Rows Removed by Index Recheck": 0}]}, {"Node Type": "Index Scan", "Parent Relationship": "Inner", "Scan Direction": "Forward", "Index Name": "movie_id_cast_info", "Relation Name": "cast_info", "Alias": "ci", "Startup Cost": 0.0, "Total Cost": 0.98, "Plan Rows": 1, "Plan Width": 12, "Actual Startup Time": 705.089, "Actual Total Time": 747.477, "Actual Rows": 377, "Actual Loops": 8790, "Index Cond": "(movie_id = mc.movie_id)", "Rows Removed by Index Recheck": 0, "Filter": "(((note)::text ~~ '%(voice)%'::text) AND ((note)::text ~~ '%(uncredited)%'::text))", "Rows Removed by Filter": 408168}]}]}, {"Node Type": "Index Scan", "Parent Relationship": "Inner", "Scan Direction": "Forward", "Index Name": "title_pkey", "Relation Name": "title", "Alias": "t", "Startup Cost": 0.0, "Total Cost": 0.34, "Plan Rows": 1, "Plan Width": 21, "Actual Startup Time": 2.031, "Actual Total Time": 2.031, "Actual Rows": 112, "Actual Loops": 275, "Index Cond": "(id = mc.movie_id)", "Rows Removed by Index Recheck": 0, "Filter": "(production_year > 2005)", "Rows Removed by Filter": 163}]}, {"Node Type": "Index Scan", "Parent Relationship": "Inner", "Scan Direction": "Forward", "Index Name": "char_name_pkey", "Relation Name": "char_name", "Alias": "chn", "Startup Cost": 0.0, "Total Cost": 5.37, "Plan Rows": 1, "Plan Width": 20, "Actual Startup Time": 0.861, "Actual Total Time": 0.861, "Actual Rows": 104, "Actual Loops": 112, "Index Cond": "(id = ci.person_role_id)", "Rows Removed by Index Recheck": 0}]}, {"Node Type": "Index Scan", "Parent Relationship": "Inner", "Scan Direction": "Forward", "Index Name": "company_type_pkey", "Relation Name": "company_type", "Alias": "ct", "Startup Cost": 0.0, "Total Cost": 0.27, "Plan Rows": 1, "Plan Width": 4, "Actual Startup Time": 0.157, "Actual Total Time": 0.157, "Actual Rows": 18, "Actual Loops": 104, "Index Cond": "(id = mc.company_type_id)", "Rows Removed by Index Recheck": 0}]}]}, "Triggers": [], "Planner Runtime": 5, "Total Runtime": 1075.71, "Unique SQL Id": 2933943827}}, "(64, 126)": {"explain_plan": {"Plan": {"Node Type": "Aggregate", "Strategy": "Plain", "Startup Cost": 717259.71, "Total Cost": 717259.72, "Plan Rows": 1, "Plan Width": 97, "Plans": [{"Node Type": "Nested Loop", "Parent Relationship": "Outer", "Join Type": "Inner", "Startup Cost": 0.0, "Total Cost": 717259.7, "Plan Rows": 2, "Plan Width": 33, "Inner Unique": false, "Join Filter": "(mc.company_type_id = ct.id)", "Plans": [{"Node Type": "Seq Scan", "Parent Relationship": "Outer", "Relation Name": "company_type", "Alias": "ct", "Startup Cost": 0.0, "Total Cost": 1.03, "Plan Rows": 3, "Plan Width": 4}, {"Node Type": "Materialize", "Parent Relationship": "Inner", "Startup Cost": 0.0, "Total Cost": 717258.58, "Plan Rows": 2, "Plan Width": 37, "Plans": [{"Node Type": "Streaming(type: LOCAL GATHER dop: 1/64)", "Parent Relationship": "Outer", "Startup Cost": 0.0, "Total Cost": 717258.57, "Plan Rows": 2, "Plan Width": 37, "Plans": [{"Node Type": "Nested Loop", "Parent Relationship": "Outer", "Join Type": "Inner", "Startup Cost": 0.0, "Total Cost": 717258.53, "Plan Rows": 2, "Plan Width": 37, "Inner Unique": false, "Join Filter": "(mc.movie_id = t.id)", "Plans": [{"Node Type": "Seq Scan", "Parent Relationship": "Outer", "Relation Name": "title", "Alias": "t", "Startup Cost": 0.0, "Total Cost": 64037.34, "Plan Rows": 1013492, "Plan Width": 21, "Filter": "(production_year > 2005), (LLVM Optimized)"}, {"Node Type": "Materialize", "Parent Relationship": "Inner", "Startup Cost": 0.0, "Total Cost": 652508.58, "Plan Rows": 192, "Plan Width": 28, "Plans": [{"Node Type": "Streaming(type: BROADCAST dop: 64/1)", "Parent Relationship": "Outer", "Startup Cost": 0.0, "Total Cost": 652508.57, "Plan Rows": 192, "Plan Width": 28, "Plans": [{"Node Type": "Nested Loop", "Parent Relationship": "Outer", "Join Type": "Inner", "Startup Cost": 0.0, "Total Cost": 589504.61, "Plan Rows": 3, "Plan Width": 28, "Inner Unique": true, "Join Filter": "(mc.company_id = cn.id)", "Plans": [{"Node Type": "Streaming(type: LOCAL GATHER dop: 1/64)", "Parent Relationship": "Outer", "Startup Cost": 0.0, "Total Cost": 575784.39, "Plan Rows": 2076, "Plan Width": 32, "Plans": [{"Node Type": "Nested Loop", "Parent Relationship": "Outer", "Join Type": "Inner", "Startup Cost": 0.0, "Total Cost": 575741.56, "Plan Rows": 2076, "Plan Width": 32, "Inner Unique": false, "Join Filter": "(ci.movie_id = mc.movie_id)", "Plans": [{"Node Type": "Streaming(type: LOCAL REDISTRIBUTE dop: 64/1)", "Parent Relationship": "Outer", "Startup Cost": 0.0, "Total Cost": 210825.84, "Plan Rows": 2609128, "Plan Width": 12, "Plans": [{"Node Type": "Seq Scan", "Parent Relationship": "Outer", "Relation Name": "movie_companies", "Alias": "mc", "Startup Cost": 0.0, "Total Cost": 41817.28, "Plan Rows": 2609128, "Plan Width": 12}]}, {"Node Type": "Materialize", "Parent Relationship": "Inner", "Startup Cost": 0.0, "Total Cost": 355523.28, "Plan Rows": 983, "Plan Width": 20, "Plans": [{"Node Type": "Streaming(type: LOCAL REDISTRIBUTE dop: 64/64)", "Parent Relationship": "Outer", "Startup Cost": 0.0, "Total Cost": 355523.2, "Plan Rows": 983, "Plan Width": 20, "Plans": [{"Node Type": "Nested Loop", "Parent Relationship": "Outer", "Join Type": "Inner", "Startup Cost": 0.0, "Total Cost": 292522.27, "Plan Rows": 983, "Plan Width": 20, "Inner Unique": true, "Join Filter": "(ci.person_role_id = chn.id)", "Plans": [{"Node Type": "Streaming(type: LOCAL REDISTRIBUTE dop: 64/1)", "Parent Relationship": "Outer", "Startup Cost": 0.0, "Total Cost": 139059.25, "Plan Rows": 2027, "Plan Width": 8, "Plans": [{"Node Type": "Nested Loop", "Parent Relationship": "Outer", "Join Type": "Inner", "Startup Cost": 0.0, "Total Cost": 75976.9, "Plan Rows": 2027, "Plan Width": 8, "Inner Unique": false, "Join Filter": "(ci.role_id = rt.id)", "Plans": [{"Node Type": "Seq Scan", "Parent Relationship": "Outer", "Relation Name": "role_type", "Alias": "rt", "Startup Cost": 0.0, "Total Cost": 1.15, "Plan Rows": 1, "Plan Width": 4, "Filter": "((role)::text = 'actor'::text)"}, {"Node Type": "Materialize", "Parent Relationship": "Inner", "Startup Cost": 0.0, "Total Cost": 75752.8, "Plan Rows": 22295, "Plan Width": 12, "Plans": [{"Node Type": "Streaming(type: LOCAL GATHER dop: 1/64)", "Parent Relationship": "Outer", "Startup Cost": 0.0, "Total Cost": 75697.06, "Plan Rows": 22295, "Plan Width": 12, "Plans": [{"Node Type": "Seq Scan", "Parent Relationship": "Outer", "Relation Name": "cast_info", "Alias": "ci", "Startup Cost": 0.0, "Total Cost": 75237.12, "Plan Rows": 22295, "Plan Width": 12, "Filter": "(((note)::text ~~ '%(voice)%'::text) AND ((note)::text ~~ '%(uncredited)%'::text))"}]}]}]}]}, {"Node Type": "Materialize", "Parent Relationship": "Inner", "Startup Cost": 0.0, "Total Cost": 130274.66, "Plan Rows": 3140338, "Plan Width": 20, "Plans": [{"Node Type": "Streaming(type: LOCAL REDISTRIBUTE dop: 64/64)", "Parent Relationship": "Outer", "Startup Cost": 0.0, "Total Cost": 130029.32, "Plan Rows": 3140338, "Plan Width": 20, "Plans": [{"Node Type": "Seq Scan", "Parent Relationship": "Outer", "Relation Name": "char_name", "Alias": "chn", "Startup Cost": 0.0, "Total Cost": 64054.58, "Plan Rows": 3140338, "Plan Width": 20}]}]}]}]}]}]}]}, {"Node Type": "Materialize", "Parent Relationship": "Inner", "Startup Cost": 0.0, "Total Cost": 5904.71, "Plan Rows": 251, "Plan Width": 4, "Plans": [{"Node Type": "Seq Scan", "Parent Relationship": "Outer", "Relation Name": "company_name", "Alias": "cn", "Startup Cost": 0.0, "Total Cost": 5903.45, "Plan Rows": 251, "Plan Width": 4, "Filter": "((country_code)::text = '[ru]'::text)"}]}]}]}]}]}]}]}]}]}, "Unique SQL Id": 2933943827, "Planner Runtime": 11}, "explain_analyze_plan": null}, "(64, 127)": {"explain_plan": {"Plan": {"Node Type": "Aggregate", "Strategy": "Plain", "Startup Cost": 7000198710057.34, "Total Cost": 7000198710057.35, "Plan Rows": 1, "Plan Width": 97, "Plans": [{"Node Type": "Nested Loop", "Parent Relationship": "Outer", "Join Type": "Inner", "Startup Cost": 70000000000.0, "Total Cost": 7000198710057.33, "Plan Rows": 2, "Plan Width": 33, "Inner Unique": true, "Join Filter": "(mc.company_type_id = ct.id)", "Plans": [{"Node Type": "Nested Loop", "Parent Relationship": "Outer", "Join Type": "Inner", "Startup Cost": 60000000000.0, "Total Cost": 6000198708827.73, "Plan Rows": 2, "Plan Width": 37, "Inner Unique": true, "Join Filter": "(ci.person_role_id = chn.id)", "Plans": [{"Node Type": "Nested Loop", "Parent Relationship": "Outer", "Join Type": "Inner", "Startup Cost": 50000000000.0, "Total Cost": 5000185477906.03, "Plan Rows": 5, "Plan Width": 25, "Inner Unique": true, "Join Filter": "(mc.movie_id = t.id)", "Plans": [{"Node Type": "Nested Loop", "Parent Relationship": "Outer", "Join Type": "Inner", "Startup Cost": 40000000000.0, "Total Cost": 4000173740031.35, "Plan Rows": 6, "Plan Width": 16, "Inner Unique": true, "Join Filter": "(ci.role_id = rt.id)", "Plans": [{"Node Type": "Nested Loop", "Parent Relationship": "Outer", "Join Type": "Inner", "Startup Cost": 30000000000.0, "Total Cost": 3000173738784.33, "Plan Rows": 68, "Plan Width": 20, "Inner Unique": false, "Join Filter": "(mc.movie_id = ci.movie_id)", "Plans": [{"Node Type": "Nested Loop", "Parent Relationship": "Outer", "Join Type": "Inner", "Startup Cost": 20000000000.0, "Total Cost": 2000020191723.52, "Plan Rows": 3779, "Plan Width": 8, "Inner Unique": true, "Join Filter": "(cn.id = mc.company_id)", "Plans": [{"Node Type": "Index Scan", "Parent Relationship": "Outer", "Scan Direction": "Forward", "Index Name": "company_type_id_movie_companies", "Relation Name": "movie_companies", "Alias": "mc", "Startup Cost": 10000000000.0, "Total Cost": 1000009318217.0, "Plan Rows": 2609128, "Plan Width": 12}, {"Node Type": "Materialize", "Parent Relationship": "Inner", "Startup Cost": 10000000000.0, "Total Cost": 1000001050140.22, "Plan Rows": 251, "Plan Width": 4, "Plans": [{"Node Type": "Index Scan", "Parent Relationship": "Outer", "Scan Direction": "Forward", "Index Name": "company_name_pkey", "Relation Name": "company_name", "Alias": "cn", "Startup Cost": 10000000000.0, "Total Cost": 1000001050138.97, "Plan Rows": 251, "Plan Width": 4, "Filter": "((country_code)::text = '[ru]'::text)"}]}]}, {"Node Type": "Materialize", "Parent Relationship": "Inner", "Startup Cost": 10000000000.0, "Total Cost": 1000152283324.47, "Plan Rows": 22295, "Plan Width": 12, "Plans": [{"Node Type": "Index Scan", "Parent Relationship": "Outer", "Scan Direction": "Forward", "Index Name": "role_id_cast_info", "Relation Name": "cast_info", "Alias": "ci", "Startup Cost": 10000000000.0, "Total Cost": 1000152283213.0, "Plan Rows": 22295, "Plan Width": 12, "Filter": "(((note)::text ~~ '%(voice)%'::text) AND ((note)::text ~~ '%(uncredited)%'::text))"}]}]}, {"Node Type": "Materialize", "Parent Relationship": "Inner", "Startup Cost": 10000000000.0, "Total Cost": 1000000001246.0, "Plan Rows": 1, "Plan Width": 4, "Plans": [{"Node Type": "Index Scan", "Parent Relationship": "Outer", "Scan Direction": "Forward", "Index Name": "role_type_pkey", "Relation Name": "role_type", "Alias": "rt", "Startup Cost": 10000000000.0, "Total Cost": 1000000001246.0, "Plan Rows": 1, "Plan Width": 4, "Filter": "((role)::text = 'actor'::text)"}]}]}, {"Node Type": "Materialize", "Parent Relationship": "Inner", "Startup Cost": 10000000000.0, "Total Cost": 1000011649194.12, "Plan Rows": 1013492, "Plan Width": 21, "Plans": [{"Node Type": "Index Scan", "Parent Relationship": "Outer", "Scan Direction": "Forward", "Index Name": "title_pkey", "Relation Name": "title", "Alias": "t", "Startup Cost": 10000000000.0, "Total Cost": 1000011644126.66, "Plan Rows": 1013492, "Plan Width": 21, "Filter": "(production_year > 2005), (LLVM Optimized)"}]}]}, {"Node Type": "Materialize", "Parent Relationship": "Inner", "Startup Cost": 10000000000.0, "Total Cost": 1000013003247.2, "Plan Rows": 3140338, "Plan Width": 20, "Plans": [{"Node Type": "Index Scan", "Parent Relationship": "Outer", "Scan Direction": "Forward", "Index Name": "char_name_pkey", "Relation Name": "char_name", "Alias": "chn", "Startup Cost": 10000000000.0, "Total Cost": 1000012987545.51, "Plan Rows": 3140338, "Plan Width": 20}]}]}, {"Node Type": "Materialize", "Parent Relationship": "Inner", "Startup Cost": 10000000000.0, "Total Cost": 1000000001229.52, "Plan Rows": 3, "Plan Width": 4, "Plans": [{"Node Type": "Index Scan", "Parent Relationship": "Outer", "Scan Direction": "Forward", "Index Name": "company_type_pkey", "Relation Name": "company_type", "Alias": "ct", "Startup Cost": 10000000000.0, "Total Cost": 1000000001229.5, "Plan Rows": 3, "Plan Width": 4}]}]}]}, "Unique SQL Id": 2933943827, "Planner Runtime": 5}, "explain_analyze_plan": null}}