{"(1, '0')": {"explain_plan": {"Plan": {"Node Type": "Aggregate", "Strategy": "Plain", "Startup Cost": 0.02, "Total Cost": 0.03, "Plan Rows": 1, "Plan Width": 96, "Plans": [{"Node Type": "Result", "Parent Relationship": "Outer", "Startup Cost": 0.0, "Total Cost": 0.01, "Plan Rows": 1, "Plan Width": 0, "One-Time Filter": "false"}]}, "Unique SQL Id": 223205047, "Planner Runtime": 24}, "explain_analyze_plan": {"Plan": {"Node Type": "Aggregate", "Strategy": "Plain", "Startup Cost": 0.02, "Total Cost": 0.03, "Plan Rows": 1, "Plan Width": 96, "Actual Startup Time": 0.01, "Actual Total Time": 0.01, "Actual Rows": 1, "Actual Loops": 1, "Plans": [{"Node Type": "Result", "Parent Relationship": "Outer", "Startup Cost": 0.0, "Total Cost": 0.01, "Plan Rows": 1, "Plan Width": 0, "Actual Startup Time": 0.002, "Actual Total Time": 0.002, "Actual Rows": 0, "Actual Loops": 1, "One-Time Filter": "false"}]}, "Triggers": [], "Planner Runtime": 24.896, "Total Runtime": 0.1, "Unique SQL Id": 223205047}}, "(1, '1')": {"explain_plan": {"Plan": {"Node Type": "Aggregate", "Strategy": "Plain", "Startup Cost": 0.02, "Total Cost": 0.03, "Plan Rows": 1, "Plan Width": 96, "Plans": [{"Node Type": "Result", "Parent Relationship": "Outer", "Startup Cost": 0.0, "Total Cost": 0.01, "Plan Rows": 1, "Plan Width": 0, "One-Time Filter": "false"}]}, "Unique SQL Id": 223205047, "Planner Runtime": 24}, "explain_analyze_plan": {"Plan": {"Node Type": "Aggregate", "Strategy": "Plain", "Startup Cost": 0.02, "Total Cost": 0.03, "Plan Rows": 1, "Plan Width": 96, "Actual Startup Time": 0.01, "Actual Total Time": 0.01, "Actual Rows": 1, "Actual Loops": 1, "Plans": [{"Node Type": "Result", "Parent Relationship": "Outer", "Startup Cost": 0.0, "Total Cost": 0.01, "Plan Rows": 1, "Plan Width": 0, "Actual Startup Time": 0.002, "Actual Total Time": 0.002, "Actual Rows": 0, "Actual Loops": 1, "One-Time Filter": "false"}]}, "Triggers": [], "Planner Runtime": 24.896, "Total Runtime": 0.1, "Unique SQL Id": 223205047}}, "(1, '2')": {"explain_plan": {"Plan": {"Node Type": "Aggregate", "Strategy": "Plain", "Startup Cost": 0.02, "Total Cost": 0.03, "Plan Rows": 1, "Plan Width": 96, "Plans": [{"Node Type": "Result", "Parent Relationship": "Outer", "Startup Cost": 0.0, "Total Cost": 0.01, "Plan Rows": 1, "Plan Width": 0, "One-Time Filter": "false"}]}, "Unique SQL Id": 223205047, "Planner Runtime": 24}, "explain_analyze_plan": {"Plan": {"Node Type": "Aggregate", "Strategy": "Plain", "Startup Cost": 0.02, "Total Cost": 0.03, "Plan Rows": 1, "Plan Width": 96, "Actual Startup Time": 0.01, "Actual Total Time": 0.01, "Actual Rows": 1, "Actual Loops": 1, "Plans": [{"Node Type": "Result", "Parent Relationship": "Outer", "Startup Cost": 0.0, "Total Cost": 0.01, "Plan Rows": 1, "Plan Width": 0, "Actual Startup Time": 0.002, "Actual Total Time": 0.002, "Actual Rows": 0, "Actual Loops": 1, "One-Time Filter": "false"}]}, "Triggers": [], "Planner Runtime": 24.896, "Total Runtime": 0.1, "Unique SQL Id": 223205047}}, "(1, '3')": {"explain_plan": {"Plan": {"Node Type": "Aggregate", "Strategy": "Plain", "Startup Cost": 0.02, "Total Cost": 0.03, "Plan Rows": 1, "Plan Width": 96, "Plans": [{"Node Type": "Result", "Parent Relationship": "Outer", "Startup Cost": 0.0, "Total Cost": 0.01, "Plan Rows": 1, "Plan Width": 0, "One-Time Filter": "false"}]}, "Unique SQL Id": 223205047, "Planner Runtime": 25}, "explain_analyze_plan": {"Plan": {"Node Type": "Aggregate", "Strategy": "Plain", "Startup Cost": 0.02, "Total Cost": 0.03, "Plan Rows": 1, "Plan Width": 96, "Actual Startup Time": 0.01, "Actual Total Time": 0.01, "Actual Rows": 1, "Actual Loops": 1, "Plans": [{"Node Type": "Result", "Parent Relationship": "Outer", "Startup Cost": 0.0, "Total Cost": 0.01, "Plan Rows": 1, "Plan Width": 0, "Actual Startup Time": 0.002, "Actual Total Time": 0.002, "Actual Rows": 0, "Actual Loops": 1, "One-Time Filter": "false"}]}, "Triggers": [], "Planner Runtime": 24.896, "Total Runtime": 0.1, "Unique SQL Id": 223205047}}, "(1, '4')": {"explain_plan": {"Plan": {"Node Type": "Aggregate", "Strategy": "Plain", "Startup Cost": 0.02, "Total Cost": 0.03, "Plan Rows": 1, "Plan Width": 96, "Plans": [{"Node Type": "Result", "Parent Relationship": "Outer", "Startup Cost": 0.0, "Total Cost": 0.01, "Plan Rows": 1, "Plan Width": 0, "One-Time Filter": "false"}]}, "Unique SQL Id": 223205047, "Planner Runtime": 24}, "explain_analyze_plan": {"Plan": {"Node Type": "Aggregate", "Strategy": "Plain", "Startup Cost": 0.02, "Total Cost": 0.03, "Plan Rows": 1, "Plan Width": 96, "Actual Startup Time": 0.01, "Actual Total Time": 0.01, "Actual Rows": 1, "Actual Loops": 1, "Plans": [{"Node Type": "Result", "Parent Relationship": "Outer", "Startup Cost": 0.0, "Total Cost": 0.01, "Plan Rows": 1, "Plan Width": 0, "Actual Startup Time": 0.002, "Actual Total Time": 0.002, "Actual Rows": 0, "Actual Loops": 1, "One-Time Filter": "false"}]}, "Triggers": [], "Planner Runtime": 24.896, "Total Runtime": 0.1, "Unique SQL Id": 223205047}}, "(1, '5')": {"explain_plan": {"Plan": {"Node Type": "Aggregate", "Strategy": "Plain", "Startup Cost": 0.02, "Total Cost": 0.03, "Plan Rows": 1, "Plan Width": 96, "Plans": [{"Node Type": "Result", "Parent Relationship": "Outer", "Startup Cost": 0.0, "Total Cost": 0.01, "Plan Rows": 1, "Plan Width": 0, "One-Time Filter": "false"}]}, "Unique SQL Id": 223205047, "Planner Runtime": 24}, "explain_analyze_plan": {"Plan": {"Node Type": "Aggregate", "Strategy": "Plain", "Startup Cost": 0.02, "Total Cost": 0.03, "Plan Rows": 1, "Plan Width": 96, "Actual Startup Time": 0.01, "Actual Total Time": 0.01, "Actual Rows": 1, "Actual Loops": 1, "Plans": [{"Node Type": "Result", "Parent Relationship": "Outer", "Startup Cost": 0.0, "Total Cost": 0.01, "Plan Rows": 1, "Plan Width": 0, "Actual Startup Time": 0.002, "Actual Total Time": 0.002, "Actual Rows": 0, "Actual Loops": 1, "One-Time Filter": "false"}]}, "Triggers": [], "Planner Runtime": 24.896, "Total Runtime": 0.1, "Unique SQL Id": 223205047}}, "(1, '6')": {"explain_plan": {"Plan": {"Node Type": "Aggregate", "Strategy": "Plain", "Startup Cost": 0.02, "Total Cost": 0.03, "Plan Rows": 1, "Plan Width": 96, "Plans": [{"Node Type": "Result", "Parent Relationship": "Outer", "Startup Cost": 0.0, "Total Cost": 0.01, "Plan Rows": 1, "Plan Width": 0, "One-Time Filter": "false"}]}, "Unique SQL Id": 223205047, "Planner Runtime": 24}, "explain_analyze_plan": {"Plan": {"Node Type": "Aggregate", "Strategy": "Plain", "Startup Cost": 0.02, "Total Cost": 0.03, "Plan Rows": 1, "Plan Width": 96, "Actual Startup Time": 0.01, "Actual Total Time": 0.01, "Actual Rows": 1, "Actual Loops": 1, "Plans": [{"Node Type": "Result", "Parent Relationship": "Outer", "Startup Cost": 0.0, "Total Cost": 0.01, "Plan Rows": 1, "Plan Width": 0, "Actual Startup Time": 0.002, "Actual Total Time": 0.002, "Actual Rows": 0, "Actual Loops": 1, "One-Time Filter": "false"}]}, "Triggers": [], "Planner Runtime": 24.896, "Total Runtime": 0.1, "Unique SQL Id": 223205047}}, "(1, '7')": {"explain_plan": {"Plan": {"Node Type": "Aggregate", "Strategy": "Plain", "Startup Cost": 0.02, "Total Cost": 0.03, "Plan Rows": 1, "Plan Width": 96, "Plans": [{"Node Type": "Result", "Parent Relationship": "Outer", "Startup Cost": 0.0, "Total Cost": 0.01, "Plan Rows": 1, "Plan Width": 0, "One-Time Filter": "false"}]}, "Unique SQL Id": 223205047, "Planner Runtime": 24}, "explain_analyze_plan": {"Plan": {"Node Type": "Aggregate", "Strategy": "Plain", "Startup Cost": 0.02, "Total Cost": 0.03, "Plan Rows": 1, "Plan Width": 96, "Actual Startup Time": 0.01, "Actual Total Time": 0.01, "Actual Rows": 1, "Actual Loops": 1, "Plans": [{"Node Type": "Result", "Parent Relationship": "Outer", "Startup Cost": 0.0, "Total Cost": 0.01, "Plan Rows": 1, "Plan Width": 0, "Actual Startup Time": 0.002, "Actual Total Time": 0.002, "Actual Rows": 0, "Actual Loops": 1, "One-Time Filter": "false"}]}, "Triggers": [], "Planner Runtime": 24.896, "Total Runtime": 0.1, "Unique SQL Id": 223205047}}, "(1, '8')": {"explain_plan": {"Plan": {"Node Type": "Aggregate", "Strategy": "Plain", "Startup Cost": 0.02, "Total Cost": 0.03, "Plan Rows": 1, "Plan Width": 96, "Plans": [{"Node Type": "Result", "Parent Relationship": "Outer", "Startup Cost": 0.0, "Total Cost": 0.01, "Plan Rows": 1, "Plan Width": 0, "One-Time Filter": "false"}]}, "Unique SQL Id": 223205047, "Planner Runtime": 24}, "explain_analyze_plan": {"Plan": {"Node Type": "Aggregate", "Strategy": "Plain", "Startup Cost": 0.02, "Total Cost": 0.03, "Plan Rows": 1, "Plan Width": 96, "Actual Startup Time": 0.01, "Actual Total Time": 0.01, "Actual Rows": 1, "Actual Loops": 1, "Plans": [{"Node Type": "Result", "Parent Relationship": "Outer", "Startup Cost": 0.0, "Total Cost": 0.01, "Plan Rows": 1, "Plan Width": 0, "Actual Startup Time": 0.002, "Actual Total Time": 0.002, "Actual Rows": 0, "Actual Loops": 1, "One-Time Filter": "false"}]}, "Triggers": [], "Planner Runtime": 24.896, "Total Runtime": 0.1, "Unique SQL Id": 223205047}}, "(1, '9')": {"explain_plan": {"Plan": {"Node Type": "Aggregate", "Strategy": "Plain", "Startup Cost": 0.02, "Total Cost": 0.03, "Plan Rows": 1, "Plan Width": 96, "Plans": [{"Node Type": "Result", "Parent Relationship": "Outer", "Startup Cost": 0.0, "Total Cost": 0.01, "Plan Rows": 1, "Plan Width": 0, "One-Time Filter": "false"}]}, "Unique SQL Id": 223205047, "Planner Runtime": 24}, "explain_analyze_plan": {"Plan": {"Node Type": "Aggregate", "Strategy": "Plain", "Startup Cost": 0.02, "Total Cost": 0.03, "Plan Rows": 1, "Plan Width": 96, "Actual Startup Time": 0.01, "Actual Total Time": 0.01, "Actual Rows": 1, "Actual Loops": 1, "Plans": [{"Node Type": "Result", "Parent Relationship": "Outer", "Startup Cost": 0.0, "Total Cost": 0.01, "Plan Rows": 1, "Plan Width": 0, "Actual Startup Time": 0.002, "Actual Total Time": 0.002, "Actual Rows": 0, "Actual Loops": 1, "One-Time Filter": "false"}]}, "Triggers": [], "Planner Runtime": 24.896, "Total Runtime": 0.1, "Unique SQL Id": 223205047}}, "(1, '10')": {"explain_plan": {"Plan": {"Node Type": "Aggregate", "Strategy": "Plain", "Startup Cost": 0.02, "Total Cost": 0.03, "Plan Rows": 1, "Plan Width": 96, "Plans": [{"Node Type": "Result", "Parent Relationship": "Outer", "Startup Cost": 0.0, "Total Cost": 0.01, "Plan Rows": 1, "Plan Width": 0, "One-Time Filter": "false"}]}, "Unique SQL Id": 223205047, "Planner Runtime": 24}, "explain_analyze_plan": {"Plan": {"Node Type": "Aggregate", "Strategy": "Plain", "Startup Cost": 0.02, "Total Cost": 0.03, "Plan Rows": 1, "Plan Width": 96, "Actual Startup Time": 0.01, "Actual Total Time": 0.01, "Actual Rows": 1, "Actual Loops": 1, "Plans": [{"Node Type": "Result", "Parent Relationship": "Outer", "Startup Cost": 0.0, "Total Cost": 0.01, "Plan Rows": 1, "Plan Width": 0, "Actual Startup Time": 0.002, "Actual Total Time": 0.002, "Actual Rows": 0, "Actual Loops": 1, "One-Time Filter": "false"}]}, "Triggers": [], "Planner Runtime": 24.896, "Total Runtime": 0.1, "Unique SQL Id": 223205047}}, "(1, '11')": {"explain_plan": {"Plan": {"Node Type": "Aggregate", "Strategy": "Plain", "Startup Cost": 0.02, "Total Cost": 0.03, "Plan Rows": 1, "Plan Width": 96, "Plans": [{"Node Type": "Result", "Parent Relationship": "Outer", "Startup Cost": 0.0, "Total Cost": 0.01, "Plan Rows": 1, "Plan Width": 0, "One-Time Filter": "false"}]}, "Unique SQL Id": 223205047, "Planner Runtime": 24}, "explain_analyze_plan": {"Plan": {"Node Type": "Aggregate", "Strategy": "Plain", "Startup Cost": 0.02, "Total Cost": 0.03, "Plan Rows": 1, "Plan Width": 96, "Actual Startup Time": 0.01, "Actual Total Time": 0.01, "Actual Rows": 1, "Actual Loops": 1, "Plans": [{"Node Type": "Result", "Parent Relationship": "Outer", "Startup Cost": 0.0, "Total Cost": 0.01, "Plan Rows": 1, "Plan Width": 0, "Actual Startup Time": 0.002, "Actual Total Time": 0.002, "Actual Rows": 0, "Actual Loops": 1, "One-Time Filter": "false"}]}, "Triggers": [], "Planner Runtime": 24.896, "Total Runtime": 0.1, "Unique SQL Id": 223205047}}, "(1, '12')": {"explain_plan": {"Plan": {"Node Type": "Aggregate", "Strategy": "Plain", "Startup Cost": 0.02, "Total Cost": 0.03, "Plan Rows": 1, "Plan Width": 96, "Plans": [{"Node Type": "Result", "Parent Relationship": "Outer", "Startup Cost": 0.0, "Total Cost": 0.01, "Plan Rows": 1, "Plan Width": 0, "One-Time Filter": "false"}]}, "Unique SQL Id": 223205047, "Planner Runtime": 24}, "explain_analyze_plan": {"Plan": {"Node Type": "Aggregate", "Strategy": "Plain", "Startup Cost": 0.02, "Total Cost": 0.03, "Plan Rows": 1, "Plan Width": 96, "Actual Startup Time": 0.01, "Actual Total Time": 0.01, "Actual Rows": 1, "Actual Loops": 1, "Plans": [{"Node Type": "Result", "Parent Relationship": "Outer", "Startup Cost": 0.0, "Total Cost": 0.01, "Plan Rows": 1, "Plan Width": 0, "Actual Startup Time": 0.002, "Actual Total Time": 0.002, "Actual Rows": 0, "Actual Loops": 1, "One-Time Filter": "false"}]}, "Triggers": [], "Planner Runtime": 24.896, "Total Runtime": 0.1, "Unique SQL Id": 223205047}}, "(1, '13')": {"explain_plan": {"Plan": {"Node Type": "Aggregate", "Strategy": "Plain", "Startup Cost": 0.02, "Total Cost": 0.03, "Plan Rows": 1, "Plan Width": 96, "Plans": [{"Node Type": "Result", "Parent Relationship": "Outer", "Startup Cost": 0.0, "Total Cost": 0.01, "Plan Rows": 1, "Plan Width": 0, "One-Time Filter": "false"}]}, "Unique SQL Id": 223205047, "Planner Runtime": 24}, "explain_analyze_plan": {"Plan": {"Node Type": "Aggregate", "Strategy": "Plain", "Startup Cost": 0.02, "Total Cost": 0.03, "Plan Rows": 1, "Plan Width": 96, "Actual Startup Time": 0.01, "Actual Total Time": 0.01, "Actual Rows": 1, "Actual Loops": 1, "Plans": [{"Node Type": "Result", "Parent Relationship": "Outer", "Startup Cost": 0.0, "Total Cost": 0.01, "Plan Rows": 1, "Plan Width": 0, "Actual Startup Time": 0.002, "Actual Total Time": 0.002, "Actual Rows": 0, "Actual Loops": 1, "One-Time Filter": "false"}]}, "Triggers": [], "Planner Runtime": 24.896, "Total Runtime": 0.1, "Unique SQL Id": 223205047}}, "(1, '14')": {"explain_plan": {"Plan": {"Node Type": "Aggregate", "Strategy": "Plain", "Startup Cost": 0.02, "Total Cost": 0.03, "Plan Rows": 1, "Plan Width": 96, "Plans": [{"Node Type": "Result", "Parent Relationship": "Outer", "Startup Cost": 0.0, "Total Cost": 0.01, "Plan Rows": 1, "Plan Width": 0, "One-Time Filter": "false"}]}, "Unique SQL Id": 223205047, "Planner Runtime": 24}, "explain_analyze_plan": {"Plan": {"Node Type": "Aggregate", "Strategy": "Plain", "Startup Cost": 0.02, "Total Cost": 0.03, "Plan Rows": 1, "Plan Width": 96, "Actual Startup Time": 0.01, "Actual Total Time": 0.01, "Actual Rows": 1, "Actual Loops": 1, "Plans": [{"Node Type": "Result", "Parent Relationship": "Outer", "Startup Cost": 0.0, "Total Cost": 0.01, "Plan Rows": 1, "Plan Width": 0, "Actual Startup Time": 0.002, "Actual Total Time": 0.002, "Actual Rows": 0, "Actual Loops": 1, "One-Time Filter": "false"}]}, "Triggers": [], "Planner Runtime": 24.896, "Total Runtime": 0.1, "Unique SQL Id": 223205047}}, "(1, '15')": {"explain_plan": {"Plan": {"Node Type": "Aggregate", "Strategy": "Plain", "Startup Cost": 0.02, "Total Cost": 0.03, "Plan Rows": 1, "Plan Width": 96, "Plans": [{"Node Type": "Result", "Parent Relationship": "Outer", "Startup Cost": 0.0, "Total Cost": 0.01, "Plan Rows": 1, "Plan Width": 0, "One-Time Filter": "false"}]}, "Unique SQL Id": 223205047, "Planner Runtime": 24}, "explain_analyze_plan": {"Plan": {"Node Type": "Aggregate", "Strategy": "Plain", "Startup Cost": 0.02, "Total Cost": 0.03, "Plan Rows": 1, "Plan Width": 96, "Actual Startup Time": 0.01, "Actual Total Time": 0.01, "Actual Rows": 1, "Actual Loops": 1, "Plans": [{"Node Type": "Result", "Parent Relationship": "Outer", "Startup Cost": 0.0, "Total Cost": 0.01, "Plan Rows": 1, "Plan Width": 0, "Actual Startup Time": 0.002, "Actual Total Time": 0.002, "Actual Rows": 0, "Actual Loops": 1, "One-Time Filter": "false"}]}, "Triggers": [], "Planner Runtime": 24.896, "Total Runtime": 0.1, "Unique SQL Id": 223205047}}, "(1, '16')": {"explain_plan": {"Plan": {"Node Type": "Aggregate", "Strategy": "Plain", "Startup Cost": 0.02, "Total Cost": 0.03, "Plan Rows": 1, "Plan Width": 96, "Plans": [{"Node Type": "Result", "Parent Relationship": "Outer", "Startup Cost": 0.0, "Total Cost": 0.01, "Plan Rows": 1, "Plan Width": 0, "One-Time Filter": "false"}]}, "Unique SQL Id": 223205047, "Planner Runtime": 24}, "explain_analyze_plan": {"Plan": {"Node Type": "Aggregate", "Strategy": "Plain", "Startup Cost": 0.02, "Total Cost": 0.03, "Plan Rows": 1, "Plan Width": 96, "Actual Startup Time": 0.01, "Actual Total Time": 0.01, "Actual Rows": 1, "Actual Loops": 1, "Plans": [{"Node Type": "Result", "Parent Relationship": "Outer", "Startup Cost": 0.0, "Total Cost": 0.01, "Plan Rows": 1, "Plan Width": 0, "Actual Startup Time": 0.002, "Actual Total Time": 0.002, "Actual Rows": 0, "Actual Loops": 1, "One-Time Filter": "false"}]}, "Triggers": [], "Planner Runtime": 24.896, "Total Runtime": 0.1, "Unique SQL Id": 223205047}}, "(1, '17')": {"explain_plan": {"Plan": {"Node Type": "Aggregate", "Strategy": "Plain", "Startup Cost": 0.02, "Total Cost": 0.03, "Plan Rows": 1, "Plan Width": 96, "Plans": [{"Node Type": "Result", "Parent Relationship": "Outer", "Startup Cost": 0.0, "Total Cost": 0.01, "Plan Rows": 1, "Plan Width": 0, "One-Time Filter": "false"}]}, "Unique SQL Id": 223205047, "Planner Runtime": 24}, "explain_analyze_plan": {"Plan": {"Node Type": "Aggregate", "Strategy": "Plain", "Startup Cost": 0.02, "Total Cost": 0.03, "Plan Rows": 1, "Plan Width": 96, "Actual Startup Time": 0.01, "Actual Total Time": 0.01, "Actual Rows": 1, "Actual Loops": 1, "Plans": [{"Node Type": "Result", "Parent Relationship": "Outer", "Startup Cost": 0.0, "Total Cost": 0.01, "Plan Rows": 1, "Plan Width": 0, "Actual Startup Time": 0.002, "Actual Total Time": 0.002, "Actual Rows": 0, "Actual Loops": 1, "One-Time Filter": "false"}]}, "Triggers": [], "Planner Runtime": 24.896, "Total Runtime": 0.1, "Unique SQL Id": 223205047}}, "(1, '18')": {"explain_plan": {"Plan": {"Node Type": "Aggregate", "Strategy": "Plain", "Startup Cost": 0.02, "Total Cost": 0.03, "Plan Rows": 1, "Plan Width": 96, "Plans": [{"Node Type": "Result", "Parent Relationship": "Outer", "Startup Cost": 0.0, "Total Cost": 0.01, "Plan Rows": 1, "Plan Width": 0, "One-Time Filter": "false"}]}, "Unique SQL Id": 223205047, "Planner Runtime": 24}, "explain_analyze_plan": {"Plan": {"Node Type": "Aggregate", "Strategy": "Plain", "Startup Cost": 0.02, "Total Cost": 0.03, "Plan Rows": 1, "Plan Width": 96, "Actual Startup Time": 0.01, "Actual Total Time": 0.01, "Actual Rows": 1, "Actual Loops": 1, "Plans": [{"Node Type": "Result", "Parent Relationship": "Outer", "Startup Cost": 0.0, "Total Cost": 0.01, "Plan Rows": 1, "Plan Width": 0, "Actual Startup Time": 0.002, "Actual Total Time": 0.002, "Actual Rows": 0, "Actual Loops": 1, "One-Time Filter": "false"}]}, "Triggers": [], "Planner Runtime": 24.896, "Total Runtime": 0.1, "Unique SQL Id": 223205047}}, "(1, '19')": {"explain_plan": {"Plan": {"Node Type": "Aggregate", "Strategy": "Plain", "Startup Cost": 0.02, "Total Cost": 0.03, "Plan Rows": 1, "Plan Width": 96, "Plans": [{"Node Type": "Result", "Parent Relationship": "Outer", "Startup Cost": 0.0, "Total Cost": 0.01, "Plan Rows": 1, "Plan Width": 0, "One-Time Filter": "false"}]}, "Unique SQL Id": 223205047, "Planner Runtime": 24}, "explain_analyze_plan": {"Plan": {"Node Type": "Aggregate", "Strategy": "Plain", "Startup Cost": 0.02, "Total Cost": 0.03, "Plan Rows": 1, "Plan Width": 96, "Actual Startup Time": 0.01, "Actual Total Time": 0.01, "Actual Rows": 1, "Actual Loops": 1, "Plans": [{"Node Type": "Result", "Parent Relationship": "Outer", "Startup Cost": 0.0, "Total Cost": 0.01, "Plan Rows": 1, "Plan Width": 0, "Actual Startup Time": 0.002, "Actual Total Time": 0.002, "Actual Rows": 0, "Actual Loops": 1, "One-Time Filter": "false"}]}, "Triggers": [], "Planner Runtime": 24.896, "Total Runtime": 0.1, "Unique SQL Id": 223205047}}, "(1, '20')": {"explain_plan": {"Plan": {"Node Type": "Aggregate", "Strategy": "Plain", "Startup Cost": 0.02, "Total Cost": 0.03, "Plan Rows": 1, "Plan Width": 96, "Plans": [{"Node Type": "Result", "Parent Relationship": "Outer", "Startup Cost": 0.0, "Total Cost": 0.01, "Plan Rows": 1, "Plan Width": 0, "One-Time Filter": "false"}]}, "Unique SQL Id": 223205047, "Planner Runtime": 24}, "explain_analyze_plan": {"Plan": {"Node Type": "Aggregate", "Strategy": "Plain", "Startup Cost": 0.02, "Total Cost": 0.03, "Plan Rows": 1, "Plan Width": 96, "Actual Startup Time": 0.01, "Actual Total Time": 0.01, "Actual Rows": 1, "Actual Loops": 1, "Plans": [{"Node Type": "Result", "Parent Relationship": "Outer", "Startup Cost": 0.0, "Total Cost": 0.01, "Plan Rows": 1, "Plan Width": 0, "Actual Startup Time": 0.002, "Actual Total Time": 0.002, "Actual Rows": 0, "Actual Loops": 1, "One-Time Filter": "false"}]}, "Triggers": [], "Planner Runtime": 24.896, "Total Runtime": 0.1, "Unique SQL Id": 223205047}}, "(1, '21')": {"explain_plan": {"Plan": {"Node Type": "Aggregate", "Strategy": "Plain", "Startup Cost": 0.02, "Total Cost": 0.03, "Plan Rows": 1, "Plan Width": 96, "Plans": [{"Node Type": "Result", "Parent Relationship": "Outer", "Startup Cost": 0.0, "Total Cost": 0.01, "Plan Rows": 1, "Plan Width": 0, "One-Time Filter": "false"}]}, "Unique SQL Id": 223205047, "Planner Runtime": 24}, "explain_analyze_plan": {"Plan": {"Node Type": "Aggregate", "Strategy": "Plain", "Startup Cost": 0.02, "Total Cost": 0.03, "Plan Rows": 1, "Plan Width": 96, "Actual Startup Time": 0.01, "Actual Total Time": 0.01, "Actual Rows": 1, "Actual Loops": 1, "Plans": [{"Node Type": "Result", "Parent Relationship": "Outer", "Startup Cost": 0.0, "Total Cost": 0.01, "Plan Rows": 1, "Plan Width": 0, "Actual Startup Time": 0.002, "Actual Total Time": 0.002, "Actual Rows": 0, "Actual Loops": 1, "One-Time Filter": "false"}]}, "Triggers": [], "Planner Runtime": 24.896, "Total Runtime": 0.1, "Unique SQL Id": 223205047}}, "(1, '22')": {"explain_plan": {"Plan": {"Node Type": "Aggregate", "Strategy": "Plain", "Startup Cost": 0.02, "Total Cost": 0.03, "Plan Rows": 1, "Plan Width": 96, "Plans": [{"Node Type": "Result", "Parent Relationship": "Outer", "Startup Cost": 0.0, "Total Cost": 0.01, "Plan Rows": 1, "Plan Width": 0, "One-Time Filter": "false"}]}, "Unique SQL Id": 223205047, "Planner Runtime": 24}, "explain_analyze_plan": {"Plan": {"Node Type": "Aggregate", "Strategy": "Plain", "Startup Cost": 0.02, "Total Cost": 0.03, "Plan Rows": 1, "Plan Width": 96, "Actual Startup Time": 0.01, "Actual Total Time": 0.01, "Actual Rows": 1, "Actual Loops": 1, "Plans": [{"Node Type": "Result", "Parent Relationship": "Outer", "Startup Cost": 0.0, "Total Cost": 0.01, "Plan Rows": 1, "Plan Width": 0, "Actual Startup Time": 0.002, "Actual Total Time": 0.002, "Actual Rows": 0, "Actual Loops": 1, "One-Time Filter": "false"}]}, "Triggers": [], "Planner Runtime": 24.896, "Total Runtime": 0.1, "Unique SQL Id": 223205047}}, "(1, '23')": {"explain_plan": {"Plan": {"Node Type": "Aggregate", "Strategy": "Plain", "Startup Cost": 0.02, "Total Cost": 0.03, "Plan Rows": 1, "Plan Width": 96, "Plans": [{"Node Type": "Result", "Parent Relationship": "Outer", "Startup Cost": 0.0, "Total Cost": 0.01, "Plan Rows": 1, "Plan Width": 0, "One-Time Filter": "false"}]}, "Unique SQL Id": 223205047, "Planner Runtime": 24}, "explain_analyze_plan": {"Plan": {"Node Type": "Aggregate", "Strategy": "Plain", "Startup Cost": 0.02, "Total Cost": 0.03, "Plan Rows": 1, "Plan Width": 96, "Actual Startup Time": 0.01, "Actual Total Time": 0.01, "Actual Rows": 1, "Actual Loops": 1, "Plans": [{"Node Type": "Result", "Parent Relationship": "Outer", "Startup Cost": 0.0, "Total Cost": 0.01, "Plan Rows": 1, "Plan Width": 0, "Actual Startup Time": 0.002, "Actual Total Time": 0.002, "Actual Rows": 0, "Actual Loops": 1, "One-Time Filter": "false"}]}, "Triggers": [], "Planner Runtime": 24.896, "Total Runtime": 0.1, "Unique SQL Id": 223205047}}, "(1, '24')": {"explain_plan": {"Plan": {"Node Type": "Aggregate", "Strategy": "Plain", "Startup Cost": 0.02, "Total Cost": 0.03, "Plan Rows": 1, "Plan Width": 96, "Plans": [{"Node Type": "Result", "Parent Relationship": "Outer", "Startup Cost": 0.0, "Total Cost": 0.01, "Plan Rows": 1, "Plan Width": 0, "One-Time Filter": "false"}]}, "Unique SQL Id": 223205047, "Planner Runtime": 25}, "explain_analyze_plan": {"Plan": {"Node Type": "Aggregate", "Strategy": "Plain", "Startup Cost": 0.02, "Total Cost": 0.03, "Plan Rows": 1, "Plan Width": 96, "Actual Startup Time": 0.01, "Actual Total Time": 0.01, "Actual Rows": 1, "Actual Loops": 1, "Plans": [{"Node Type": "Result", "Parent Relationship": "Outer", "Startup Cost": 0.0, "Total Cost": 0.01, "Plan Rows": 1, "Plan Width": 0, "Actual Startup Time": 0.002, "Actual Total Time": 0.002, "Actual Rows": 0, "Actual Loops": 1, "One-Time Filter": "false"}]}, "Triggers": [], "Planner Runtime": 24.896, "Total Runtime": 0.1, "Unique SQL Id": 223205047}}, "(1, '25')": {"explain_plan": {"Plan": {"Node Type": "Aggregate", "Strategy": "Plain", "Startup Cost": 0.02, "Total Cost": 0.03, "Plan Rows": 1, "Plan Width": 96, "Plans": [{"Node Type": "Result", "Parent Relationship": "Outer", "Startup Cost": 0.0, "Total Cost": 0.01, "Plan Rows": 1, "Plan Width": 0, "One-Time Filter": "false"}]}, "Unique SQL Id": 223205047, "Planner Runtime": 24}, "explain_analyze_plan": {"Plan": {"Node Type": "Aggregate", "Strategy": "Plain", "Startup Cost": 0.02, "Total Cost": 0.03, "Plan Rows": 1, "Plan Width": 96, "Actual Startup Time": 0.01, "Actual Total Time": 0.01, "Actual Rows": 1, "Actual Loops": 1, "Plans": [{"Node Type": "Result", "Parent Relationship": "Outer", "Startup Cost": 0.0, "Total Cost": 0.01, "Plan Rows": 1, "Plan Width": 0, "Actual Startup Time": 0.002, "Actual Total Time": 0.002, "Actual Rows": 0, "Actual Loops": 1, "One-Time Filter": "false"}]}, "Triggers": [], "Planner Runtime": 24.896, "Total Runtime": 0.1, "Unique SQL Id": 223205047}}, "(1, '26')": {"explain_plan": {"Plan": {"Node Type": "Aggregate", "Strategy": "Plain", "Startup Cost": 0.02, "Total Cost": 0.03, "Plan Rows": 1, "Plan Width": 96, "Plans": [{"Node Type": "Result", "Parent Relationship": "Outer", "Startup Cost": 0.0, "Total Cost": 0.01, "Plan Rows": 1, "Plan Width": 0, "One-Time Filter": "false"}]}, "Unique SQL Id": 223205047, "Planner Runtime": 24}, "explain_analyze_plan": {"Plan": {"Node Type": "Aggregate", "Strategy": "Plain", "Startup Cost": 0.02, "Total Cost": 0.03, "Plan Rows": 1, "Plan Width": 96, "Actual Startup Time": 0.01, "Actual Total Time": 0.01, "Actual Rows": 1, "Actual Loops": 1, "Plans": [{"Node Type": "Result", "Parent Relationship": "Outer", "Startup Cost": 0.0, "Total Cost": 0.01, "Plan Rows": 1, "Plan Width": 0, "Actual Startup Time": 0.002, "Actual Total Time": 0.002, "Actual Rows": 0, "Actual Loops": 1, "One-Time Filter": "false"}]}, "Triggers": [], "Planner Runtime": 24.896, "Total Runtime": 0.1, "Unique SQL Id": 223205047}}, "(1, '27')": {"explain_plan": {"Plan": {"Node Type": "Aggregate", "Strategy": "Plain", "Startup Cost": 0.02, "Total Cost": 0.03, "Plan Rows": 1, "Plan Width": 96, "Plans": [{"Node Type": "Result", "Parent Relationship": "Outer", "Startup Cost": 0.0, "Total Cost": 0.01, "Plan Rows": 1, "Plan Width": 0, "One-Time Filter": "false"}]}, "Unique SQL Id": 223205047, "Planner Runtime": 24}, "explain_analyze_plan": {"Plan": {"Node Type": "Aggregate", "Strategy": "Plain", "Startup Cost": 0.02, "Total Cost": 0.03, "Plan Rows": 1, "Plan Width": 96, "Actual Startup Time": 0.01, "Actual Total Time": 0.01, "Actual Rows": 1, "Actual Loops": 1, "Plans": [{"Node Type": "Result", "Parent Relationship": "Outer", "Startup Cost": 0.0, "Total Cost": 0.01, "Plan Rows": 1, "Plan Width": 0, "Actual Startup Time": 0.002, "Actual Total Time": 0.002, "Actual Rows": 0, "Actual Loops": 1, "One-Time Filter": "false"}]}, "Triggers": [], "Planner Runtime": 24.896, "Total Runtime": 0.1, "Unique SQL Id": 223205047}}, "(1, '28')": {"explain_plan": {"Plan": {"Node Type": "Aggregate", "Strategy": "Plain", "Startup Cost": 0.02, "Total Cost": 0.03, "Plan Rows": 1, "Plan Width": 96, "Plans": [{"Node Type": "Result", "Parent Relationship": "Outer", "Startup Cost": 0.0, "Total Cost": 0.01, "Plan Rows": 1, "Plan Width": 0, "One-Time Filter": "false"}]}, "Unique SQL Id": 223205047, "Planner Runtime": 24}, "explain_analyze_plan": {"Plan": {"Node Type": "Aggregate", "Strategy": "Plain", "Startup Cost": 0.02, "Total Cost": 0.03, "Plan Rows": 1, "Plan Width": 96, "Actual Startup Time": 0.01, "Actual Total Time": 0.01, "Actual Rows": 1, "Actual Loops": 1, "Plans": [{"Node Type": "Result", "Parent Relationship": "Outer", "Startup Cost": 0.0, "Total Cost": 0.01, "Plan Rows": 1, "Plan Width": 0, "Actual Startup Time": 0.002, "Actual Total Time": 0.002, "Actual Rows": 0, "Actual Loops": 1, "One-Time Filter": "false"}]}, "Triggers": [], "Planner Runtime": 24.896, "Total Runtime": 0.1, "Unique SQL Id": 223205047}}, "(1, '29')": {"explain_plan": {"Plan": {"Node Type": "Aggregate", "Strategy": "Plain", "Startup Cost": 0.02, "Total Cost": 0.03, "Plan Rows": 1, "Plan Width": 96, "Plans": [{"Node Type": "Result", "Parent Relationship": "Outer", "Startup Cost": 0.0, "Total Cost": 0.01, "Plan Rows": 1, "Plan Width": 0, "One-Time Filter": "false"}]}, "Unique SQL Id": 223205047, "Planner Runtime": 24}, "explain_analyze_plan": {"Plan": {"Node Type": "Aggregate", "Strategy": "Plain", "Startup Cost": 0.02, "Total Cost": 0.03, "Plan Rows": 1, "Plan Width": 96, "Actual Startup Time": 0.01, "Actual Total Time": 0.01, "Actual Rows": 1, "Actual Loops": 1, "Plans": [{"Node Type": "Result", "Parent Relationship": "Outer", "Startup Cost": 0.0, "Total Cost": 0.01, "Plan Rows": 1, "Plan Width": 0, "Actual Startup Time": 0.002, "Actual Total Time": 0.002, "Actual Rows": 0, "Actual Loops": 1, "One-Time Filter": "false"}]}, "Triggers": [], "Planner Runtime": 24.896, "Total Runtime": 0.1, "Unique SQL Id": 223205047}}, "(1, '30')": {"explain_plan": {"Plan": {"Node Type": "Aggregate", "Strategy": "Plain", "Startup Cost": 0.02, "Total Cost": 0.03, "Plan Rows": 1, "Plan Width": 96, "Plans": [{"Node Type": "Result", "Parent Relationship": "Outer", "Startup Cost": 0.0, "Total Cost": 0.01, "Plan Rows": 1, "Plan Width": 0, "One-Time Filter": "false"}]}, "Unique SQL Id": 223205047, "Planner Runtime": 24}, "explain_analyze_plan": {"Plan": {"Node Type": "Aggregate", "Strategy": "Plain", "Startup Cost": 0.02, "Total Cost": 0.03, "Plan Rows": 1, "Plan Width": 96, "Actual Startup Time": 0.01, "Actual Total Time": 0.01, "Actual Rows": 1, "Actual Loops": 1, "Plans": [{"Node Type": "Result", "Parent Relationship": "Outer", "Startup Cost": 0.0, "Total Cost": 0.01, "Plan Rows": 1, "Plan Width": 0, "Actual Startup Time": 0.002, "Actual Total Time": 0.002, "Actual Rows": 0, "Actual Loops": 1, "One-Time Filter": "false"}]}, "Triggers": [], "Planner Runtime": 24.896, "Total Runtime": 0.1, "Unique SQL Id": 223205047}}, "(1, '31')": {"explain_plan": {"Plan": {"Node Type": "Aggregate", "Strategy": "Plain", "Startup Cost": 0.02, "Total Cost": 0.03, "Plan Rows": 1, "Plan Width": 96, "Plans": [{"Node Type": "Result", "Parent Relationship": "Outer", "Startup Cost": 0.0, "Total Cost": 0.01, "Plan Rows": 1, "Plan Width": 0, "One-Time Filter": "false"}]}, "Unique SQL Id": 223205047, "Planner Runtime": 24}, "explain_analyze_plan": {"Plan": {"Node Type": "Aggregate", "Strategy": "Plain", "Startup Cost": 0.02, "Total Cost": 0.03, "Plan Rows": 1, "Plan Width": 96, "Actual Startup Time": 0.01, "Actual Total Time": 0.01, "Actual Rows": 1, "Actual Loops": 1, "Plans": [{"Node Type": "Result", "Parent Relationship": "Outer", "Startup Cost": 0.0, "Total Cost": 0.01, "Plan Rows": 1, "Plan Width": 0, "Actual Startup Time": 0.002, "Actual Total Time": 0.002, "Actual Rows": 0, "Actual Loops": 1, "One-Time Filter": "false"}]}, "Triggers": [], "Planner Runtime": 24.896, "Total Runtime": 0.1, "Unique SQL Id": 223205047}}, "(1, '32')": {"explain_plan": {"Plan": {"Node Type": "Aggregate", "Strategy": "Plain", "Startup Cost": 0.02, "Total Cost": 0.03, "Plan Rows": 1, "Plan Width": 96, "Plans": [{"Node Type": "Result", "Parent Relationship": "Outer", "Startup Cost": 0.0, "Total Cost": 0.01, "Plan Rows": 1, "Plan Width": 0, "One-Time Filter": "false"}]}, "Unique SQL Id": 223205047, "Planner Runtime": 24}, "explain_analyze_plan": {"Plan": {"Node Type": "Aggregate", "Strategy": "Plain", "Startup Cost": 0.02, "Total Cost": 0.03, "Plan Rows": 1, "Plan Width": 96, "Actual Startup Time": 0.01, "Actual Total Time": 0.01, "Actual Rows": 1, "Actual Loops": 1, "Plans": [{"Node Type": "Result", "Parent Relationship": "Outer", "Startup Cost": 0.0, "Total Cost": 0.01, "Plan Rows": 1, "Plan Width": 0, "Actual Startup Time": 0.002, "Actual Total Time": 0.002, "Actual Rows": 0, "Actual Loops": 1, "One-Time Filter": "false"}]}, "Triggers": [], "Planner Runtime": 24.896, "Total Runtime": 0.1, "Unique SQL Id": 223205047}}, "(1, '33')": {"explain_plan": {"Plan": {"Node Type": "Aggregate", "Strategy": "Plain", "Startup Cost": 0.02, "Total Cost": 0.03, "Plan Rows": 1, "Plan Width": 96, "Plans": [{"Node Type": "Result", "Parent Relationship": "Outer", "Startup Cost": 0.0, "Total Cost": 0.01, "Plan Rows": 1, "Plan Width": 0, "One-Time Filter": "false"}]}, "Unique SQL Id": 223205047, "Planner Runtime": 24}, "explain_analyze_plan": {"Plan": {"Node Type": "Aggregate", "Strategy": "Plain", "Startup Cost": 0.02, "Total Cost": 0.03, "Plan Rows": 1, "Plan Width": 96, "Actual Startup Time": 0.01, "Actual Total Time": 0.01, "Actual Rows": 1, "Actual Loops": 1, "Plans": [{"Node Type": "Result", "Parent Relationship": "Outer", "Startup Cost": 0.0, "Total Cost": 0.01, "Plan Rows": 1, "Plan Width": 0, "Actual Startup Time": 0.002, "Actual Total Time": 0.002, "Actual Rows": 0, "Actual Loops": 1, "One-Time Filter": "false"}]}, "Triggers": [], "Planner Runtime": 24.896, "Total Runtime": 0.1, "Unique SQL Id": 223205047}}, "(1, '34')": {"explain_plan": {"Plan": {"Node Type": "Aggregate", "Strategy": "Plain", "Startup Cost": 0.02, "Total Cost": 0.03, "Plan Rows": 1, "Plan Width": 96, "Plans": [{"Node Type": "Result", "Parent Relationship": "Outer", "Startup Cost": 0.0, "Total Cost": 0.01, "Plan Rows": 1, "Plan Width": 0, "One-Time Filter": "false"}]}, "Unique SQL Id": 223205047, "Planner Runtime": 24}, "explain_analyze_plan": {"Plan": {"Node Type": "Aggregate", "Strategy": "Plain", "Startup Cost": 0.02, "Total Cost": 0.03, "Plan Rows": 1, "Plan Width": 96, "Actual Startup Time": 0.01, "Actual Total Time": 0.01, "Actual Rows": 1, "Actual Loops": 1, "Plans": [{"Node Type": "Result", "Parent Relationship": "Outer", "Startup Cost": 0.0, "Total Cost": 0.01, "Plan Rows": 1, "Plan Width": 0, "Actual Startup Time": 0.002, "Actual Total Time": 0.002, "Actual Rows": 0, "Actual Loops": 1, "One-Time Filter": "false"}]}, "Triggers": [], "Planner Runtime": 24.896, "Total Runtime": 0.1, "Unique SQL Id": 223205047}}, "(1, '35')": {"explain_plan": {"Plan": {"Node Type": "Aggregate", "Strategy": "Plain", "Startup Cost": 0.02, "Total Cost": 0.03, "Plan Rows": 1, "Plan Width": 96, "Plans": [{"Node Type": "Result", "Parent Relationship": "Outer", "Startup Cost": 0.0, "Total Cost": 0.01, "Plan Rows": 1, "Plan Width": 0, "One-Time Filter": "false"}]}, "Unique SQL Id": 223205047, "Planner Runtime": 24}, "explain_analyze_plan": {"Plan": {"Node Type": "Aggregate", "Strategy": "Plain", "Startup Cost": 0.02, "Total Cost": 0.03, "Plan Rows": 1, "Plan Width": 96, "Actual Startup Time": 0.01, "Actual Total Time": 0.01, "Actual Rows": 1, "Actual Loops": 1, "Plans": [{"Node Type": "Result", "Parent Relationship": "Outer", "Startup Cost": 0.0, "Total Cost": 0.01, "Plan Rows": 1, "Plan Width": 0, "Actual Startup Time": 0.002, "Actual Total Time": 0.002, "Actual Rows": 0, "Actual Loops": 1, "One-Time Filter": "false"}]}, "Triggers": [], "Planner Runtime": 24.896, "Total Runtime": 0.1, "Unique SQL Id": 223205047}}, "(1, '36')": {"explain_plan": {"Plan": {"Node Type": "Aggregate", "Strategy": "Plain", "Startup Cost": 0.02, "Total Cost": 0.03, "Plan Rows": 1, "Plan Width": 96, "Plans": [{"Node Type": "Result", "Parent Relationship": "Outer", "Startup Cost": 0.0, "Total Cost": 0.01, "Plan Rows": 1, "Plan Width": 0, "One-Time Filter": "false"}]}, "Unique SQL Id": 223205047, "Planner Runtime": 24}, "explain_analyze_plan": {"Plan": {"Node Type": "Aggregate", "Strategy": "Plain", "Startup Cost": 0.02, "Total Cost": 0.03, "Plan Rows": 1, "Plan Width": 96, "Actual Startup Time": 0.01, "Actual Total Time": 0.01, "Actual Rows": 1, "Actual Loops": 1, "Plans": [{"Node Type": "Result", "Parent Relationship": "Outer", "Startup Cost": 0.0, "Total Cost": 0.01, "Plan Rows": 1, "Plan Width": 0, "Actual Startup Time": 0.002, "Actual Total Time": 0.002, "Actual Rows": 0, "Actual Loops": 1, "One-Time Filter": "false"}]}, "Triggers": [], "Planner Runtime": 24.896, "Total Runtime": 0.1, "Unique SQL Id": 223205047}}, "(1, '37')": {"explain_plan": {"Plan": {"Node Type": "Aggregate", "Strategy": "Plain", "Startup Cost": 0.02, "Total Cost": 0.03, "Plan Rows": 1, "Plan Width": 96, "Plans": [{"Node Type": "Result", "Parent Relationship": "Outer", "Startup Cost": 0.0, "Total Cost": 0.01, "Plan Rows": 1, "Plan Width": 0, "One-Time Filter": "false"}]}, "Unique SQL Id": 223205047, "Planner Runtime": 24}, "explain_analyze_plan": {"Plan": {"Node Type": "Aggregate", "Strategy": "Plain", "Startup Cost": 0.02, "Total Cost": 0.03, "Plan Rows": 1, "Plan Width": 96, "Actual Startup Time": 0.01, "Actual Total Time": 0.01, "Actual Rows": 1, "Actual Loops": 1, "Plans": [{"Node Type": "Result", "Parent Relationship": "Outer", "Startup Cost": 0.0, "Total Cost": 0.01, "Plan Rows": 1, "Plan Width": 0, "Actual Startup Time": 0.002, "Actual Total Time": 0.002, "Actual Rows": 0, "Actual Loops": 1, "One-Time Filter": "false"}]}, "Triggers": [], "Planner Runtime": 24.896, "Total Runtime": 0.1, "Unique SQL Id": 223205047}}, "(1, '38')": {"explain_plan": {"Plan": {"Node Type": "Aggregate", "Strategy": "Plain", "Startup Cost": 0.02, "Total Cost": 0.03, "Plan Rows": 1, "Plan Width": 96, "Plans": [{"Node Type": "Result", "Parent Relationship": "Outer", "Startup Cost": 0.0, "Total Cost": 0.01, "Plan Rows": 1, "Plan Width": 0, "One-Time Filter": "false"}]}, "Unique SQL Id": 223205047, "Planner Runtime": 24}, "explain_analyze_plan": {"Plan": {"Node Type": "Aggregate", "Strategy": "Plain", "Startup Cost": 0.02, "Total Cost": 0.03, "Plan Rows": 1, "Plan Width": 96, "Actual Startup Time": 0.01, "Actual Total Time": 0.01, "Actual Rows": 1, "Actual Loops": 1, "Plans": [{"Node Type": "Result", "Parent Relationship": "Outer", "Startup Cost": 0.0, "Total Cost": 0.01, "Plan Rows": 1, "Plan Width": 0, "Actual Startup Time": 0.002, "Actual Total Time": 0.002, "Actual Rows": 0, "Actual Loops": 1, "One-Time Filter": "false"}]}, "Triggers": [], "Planner Runtime": 24.896, "Total Runtime": 0.1, "Unique SQL Id": 223205047}}, "(1, '39')": {"explain_plan": {"Plan": {"Node Type": "Aggregate", "Strategy": "Plain", "Startup Cost": 0.02, "Total Cost": 0.03, "Plan Rows": 1, "Plan Width": 96, "Plans": [{"Node Type": "Result", "Parent Relationship": "Outer", "Startup Cost": 0.0, "Total Cost": 0.01, "Plan Rows": 1, "Plan Width": 0, "One-Time Filter": "false"}]}, "Unique SQL Id": 223205047, "Planner Runtime": 24}, "explain_analyze_plan": {"Plan": {"Node Type": "Aggregate", "Strategy": "Plain", "Startup Cost": 0.02, "Total Cost": 0.03, "Plan Rows": 1, "Plan Width": 96, "Actual Startup Time": 0.01, "Actual Total Time": 0.01, "Actual Rows": 1, "Actual Loops": 1, "Plans": [{"Node Type": "Result", "Parent Relationship": "Outer", "Startup Cost": 0.0, "Total Cost": 0.01, "Plan Rows": 1, "Plan Width": 0, "Actual Startup Time": 0.002, "Actual Total Time": 0.002, "Actual Rows": 0, "Actual Loops": 1, "One-Time Filter": "false"}]}, "Triggers": [], "Planner Runtime": 24.896, "Total Runtime": 0.1, "Unique SQL Id": 223205047}}, "(1, '40')": {"explain_plan": {"Plan": {"Node Type": "Aggregate", "Strategy": "Plain", "Startup Cost": 0.02, "Total Cost": 0.03, "Plan Rows": 1, "Plan Width": 96, "Plans": [{"Node Type": "Result", "Parent Relationship": "Outer", "Startup Cost": 0.0, "Total Cost": 0.01, "Plan Rows": 1, "Plan Width": 0, "One-Time Filter": "false"}]}, "Unique SQL Id": 223205047, "Planner Runtime": 24}, "explain_analyze_plan": {"Plan": {"Node Type": "Aggregate", "Strategy": "Plain", "Startup Cost": 0.02, "Total Cost": 0.03, "Plan Rows": 1, "Plan Width": 96, "Actual Startup Time": 0.01, "Actual Total Time": 0.01, "Actual Rows": 1, "Actual Loops": 1, "Plans": [{"Node Type": "Result", "Parent Relationship": "Outer", "Startup Cost": 0.0, "Total Cost": 0.01, "Plan Rows": 1, "Plan Width": 0, "Actual Startup Time": 0.002, "Actual Total Time": 0.002, "Actual Rows": 0, "Actual Loops": 1, "One-Time Filter": "false"}]}, "Triggers": [], "Planner Runtime": 24.896, "Total Runtime": 0.1, "Unique SQL Id": 223205047}}, "(1, '41')": {"explain_plan": {"Plan": {"Node Type": "Aggregate", "Strategy": "Plain", "Startup Cost": 0.02, "Total Cost": 0.03, "Plan Rows": 1, "Plan Width": 96, "Plans": [{"Node Type": "Result", "Parent Relationship": "Outer", "Startup Cost": 0.0, "Total Cost": 0.01, "Plan Rows": 1, "Plan Width": 0, "One-Time Filter": "false"}]}, "Unique SQL Id": 223205047, "Planner Runtime": 24}, "explain_analyze_plan": {"Plan": {"Node Type": "Aggregate", "Strategy": "Plain", "Startup Cost": 0.02, "Total Cost": 0.03, "Plan Rows": 1, "Plan Width": 96, "Actual Startup Time": 0.01, "Actual Total Time": 0.01, "Actual Rows": 1, "Actual Loops": 1, "Plans": [{"Node Type": "Result", "Parent Relationship": "Outer", "Startup Cost": 0.0, "Total Cost": 0.01, "Plan Rows": 1, "Plan Width": 0, "Actual Startup Time": 0.002, "Actual Total Time": 0.002, "Actual Rows": 0, "Actual Loops": 1, "One-Time Filter": "false"}]}, "Triggers": [], "Planner Runtime": 24.896, "Total Runtime": 0.1, "Unique SQL Id": 223205047}}, "(1, '42')": {"explain_plan": {"Plan": {"Node Type": "Aggregate", "Strategy": "Plain", "Startup Cost": 0.02, "Total Cost": 0.03, "Plan Rows": 1, "Plan Width": 96, "Plans": [{"Node Type": "Result", "Parent Relationship": "Outer", "Startup Cost": 0.0, "Total Cost": 0.01, "Plan Rows": 1, "Plan Width": 0, "One-Time Filter": "false"}]}, "Unique SQL Id": 223205047, "Planner Runtime": 24}, "explain_analyze_plan": {"Plan": {"Node Type": "Aggregate", "Strategy": "Plain", "Startup Cost": 0.02, "Total Cost": 0.03, "Plan Rows": 1, "Plan Width": 96, "Actual Startup Time": 0.01, "Actual Total Time": 0.01, "Actual Rows": 1, "Actual Loops": 1, "Plans": [{"Node Type": "Result", "Parent Relationship": "Outer", "Startup Cost": 0.0, "Total Cost": 0.01, "Plan Rows": 1, "Plan Width": 0, "Actual Startup Time": 0.002, "Actual Total Time": 0.002, "Actual Rows": 0, "Actual Loops": 1, "One-Time Filter": "false"}]}, "Triggers": [], "Planner Runtime": 24.896, "Total Runtime": 0.1, "Unique SQL Id": 223205047}}, "(1, '43')": {"explain_plan": {"Plan": {"Node Type": "Aggregate", "Strategy": "Plain", "Startup Cost": 0.02, "Total Cost": 0.03, "Plan Rows": 1, "Plan Width": 96, "Plans": [{"Node Type": "Result", "Parent Relationship": "Outer", "Startup Cost": 0.0, "Total Cost": 0.01, "Plan Rows": 1, "Plan Width": 0, "One-Time Filter": "false"}]}, "Unique SQL Id": 223205047, "Planner Runtime": 24}, "explain_analyze_plan": {"Plan": {"Node Type": "Aggregate", "Strategy": "Plain", "Startup Cost": 0.02, "Total Cost": 0.03, "Plan Rows": 1, "Plan Width": 96, "Actual Startup Time": 0.01, "Actual Total Time": 0.01, "Actual Rows": 1, "Actual Loops": 1, "Plans": [{"Node Type": "Result", "Parent Relationship": "Outer", "Startup Cost": 0.0, "Total Cost": 0.01, "Plan Rows": 1, "Plan Width": 0, "Actual Startup Time": 0.002, "Actual Total Time": 0.002, "Actual Rows": 0, "Actual Loops": 1, "One-Time Filter": "false"}]}, "Triggers": [], "Planner Runtime": 24.896, "Total Runtime": 0.1, "Unique SQL Id": 223205047}}, "(1, '44')": {"explain_plan": {"Plan": {"Node Type": "Aggregate", "Strategy": "Plain", "Startup Cost": 0.02, "Total Cost": 0.03, "Plan Rows": 1, "Plan Width": 96, "Plans": [{"Node Type": "Result", "Parent Relationship": "Outer", "Startup Cost": 0.0, "Total Cost": 0.01, "Plan Rows": 1, "Plan Width": 0, "One-Time Filter": "false"}]}, "Unique SQL Id": 223205047, "Planner Runtime": 25}, "explain_analyze_plan": {"Plan": {"Node Type": "Aggregate", "Strategy": "Plain", "Startup Cost": 0.02, "Total Cost": 0.03, "Plan Rows": 1, "Plan Width": 96, "Actual Startup Time": 0.01, "Actual Total Time": 0.01, "Actual Rows": 1, "Actual Loops": 1, "Plans": [{"Node Type": "Result", "Parent Relationship": "Outer", "Startup Cost": 0.0, "Total Cost": 0.01, "Plan Rows": 1, "Plan Width": 0, "Actual Startup Time": 0.002, "Actual Total Time": 0.002, "Actual Rows": 0, "Actual Loops": 1, "One-Time Filter": "false"}]}, "Triggers": [], "Planner Runtime": 24.896, "Total Runtime": 0.1, "Unique SQL Id": 223205047}}, "(1, '45')": {"explain_plan": {"Plan": {"Node Type": "Aggregate", "Strategy": "Plain", "Startup Cost": 0.02, "Total Cost": 0.03, "Plan Rows": 1, "Plan Width": 96, "Plans": [{"Node Type": "Result", "Parent Relationship": "Outer", "Startup Cost": 0.0, "Total Cost": 0.01, "Plan Rows": 1, "Plan Width": 0, "One-Time Filter": "false"}]}, "Unique SQL Id": 223205047, "Planner Runtime": 24}, "explain_analyze_plan": {"Plan": {"Node Type": "Aggregate", "Strategy": "Plain", "Startup Cost": 0.02, "Total Cost": 0.03, "Plan Rows": 1, "Plan Width": 96, "Actual Startup Time": 0.01, "Actual Total Time": 0.01, "Actual Rows": 1, "Actual Loops": 1, "Plans": [{"Node Type": "Result", "Parent Relationship": "Outer", "Startup Cost": 0.0, "Total Cost": 0.01, "Plan Rows": 1, "Plan Width": 0, "Actual Startup Time": 0.002, "Actual Total Time": 0.002, "Actual Rows": 0, "Actual Loops": 1, "One-Time Filter": "false"}]}, "Triggers": [], "Planner Runtime": 24.896, "Total Runtime": 0.1, "Unique SQL Id": 223205047}}, "(1, '46')": {"explain_plan": {"Plan": {"Node Type": "Aggregate", "Strategy": "Plain", "Startup Cost": 0.02, "Total Cost": 0.03, "Plan Rows": 1, "Plan Width": 96, "Plans": [{"Node Type": "Result", "Parent Relationship": "Outer", "Startup Cost": 0.0, "Total Cost": 0.01, "Plan Rows": 1, "Plan Width": 0, "One-Time Filter": "false"}]}, "Unique SQL Id": 223205047, "Planner Runtime": 24}, "explain_analyze_plan": {"Plan": {"Node Type": "Aggregate", "Strategy": "Plain", "Startup Cost": 0.02, "Total Cost": 0.03, "Plan Rows": 1, "Plan Width": 96, "Actual Startup Time": 0.01, "Actual Total Time": 0.01, "Actual Rows": 1, "Actual Loops": 1, "Plans": [{"Node Type": "Result", "Parent Relationship": "Outer", "Startup Cost": 0.0, "Total Cost": 0.01, "Plan Rows": 1, "Plan Width": 0, "Actual Startup Time": 0.002, "Actual Total Time": 0.002, "Actual Rows": 0, "Actual Loops": 1, "One-Time Filter": "false"}]}, "Triggers": [], "Planner Runtime": 24.896, "Total Runtime": 0.1, "Unique SQL Id": 223205047}}, "(1, '47')": {"explain_plan": {"Plan": {"Node Type": "Aggregate", "Strategy": "Plain", "Startup Cost": 0.02, "Total Cost": 0.03, "Plan Rows": 1, "Plan Width": 96, "Plans": [{"Node Type": "Result", "Parent Relationship": "Outer", "Startup Cost": 0.0, "Total Cost": 0.01, "Plan Rows": 1, "Plan Width": 0, "One-Time Filter": "false"}]}, "Unique SQL Id": 223205047, "Planner Runtime": 23}, "explain_analyze_plan": {"Plan": {"Node Type": "Aggregate", "Strategy": "Plain", "Startup Cost": 0.02, "Total Cost": 0.03, "Plan Rows": 1, "Plan Width": 96, "Actual Startup Time": 0.01, "Actual Total Time": 0.01, "Actual Rows": 1, "Actual Loops": 1, "Plans": [{"Node Type": "Result", "Parent Relationship": "Outer", "Startup Cost": 0.0, "Total Cost": 0.01, "Plan Rows": 1, "Plan Width": 0, "Actual Startup Time": 0.002, "Actual Total Time": 0.002, "Actual Rows": 0, "Actual Loops": 1, "One-Time Filter": "false"}]}, "Triggers": [], "Planner Runtime": 24.896, "Total Runtime": 0.1, "Unique SQL Id": 223205047}}, "(1, '48')": {"explain_plan": {"Plan": {"Node Type": "Aggregate", "Strategy": "Plain", "Startup Cost": 0.02, "Total Cost": 0.03, "Plan Rows": 1, "Plan Width": 96, "Plans": [{"Node Type": "Result", "Parent Relationship": "Outer", "Startup Cost": 0.0, "Total Cost": 0.01, "Plan Rows": 1, "Plan Width": 0, "One-Time Filter": "false"}]}, "Unique SQL Id": 223205047, "Planner Runtime": 24}, "explain_analyze_plan": {"Plan": {"Node Type": "Aggregate", "Strategy": "Plain", "Startup Cost": 0.02, "Total Cost": 0.03, "Plan Rows": 1, "Plan Width": 96, "Actual Startup Time": 0.01, "Actual Total Time": 0.01, "Actual Rows": 1, "Actual Loops": 1, "Plans": [{"Node Type": "Result", "Parent Relationship": "Outer", "Startup Cost": 0.0, "Total Cost": 0.01, "Plan Rows": 1, "Plan Width": 0, "Actual Startup Time": 0.002, "Actual Total Time": 0.002, "Actual Rows": 0, "Actual Loops": 1, "One-Time Filter": "false"}]}, "Triggers": [], "Planner Runtime": 24.896, "Total Runtime": 0.1, "Unique SQL Id": 223205047}}, "(1, '49')": {"explain_plan": {"Plan": {"Node Type": "Aggregate", "Strategy": "Plain", "Startup Cost": 0.02, "Total Cost": 0.03, "Plan Rows": 1, "Plan Width": 96, "Plans": [{"Node Type": "Result", "Parent Relationship": "Outer", "Startup Cost": 0.0, "Total Cost": 0.01, "Plan Rows": 1, "Plan Width": 0, "One-Time Filter": "false"}]}, "Unique SQL Id": 223205047, "Planner Runtime": 23}, "explain_analyze_plan": {"Plan": {"Node Type": "Aggregate", "Strategy": "Plain", "Startup Cost": 0.02, "Total Cost": 0.03, "Plan Rows": 1, "Plan Width": 96, "Actual Startup Time": 0.01, "Actual Total Time": 0.01, "Actual Rows": 1, "Actual Loops": 1, "Plans": [{"Node Type": "Result", "Parent Relationship": "Outer", "Startup Cost": 0.0, "Total Cost": 0.01, "Plan Rows": 1, "Plan Width": 0, "Actual Startup Time": 0.002, "Actual Total Time": 0.002, "Actual Rows": 0, "Actual Loops": 1, "One-Time Filter": "false"}]}, "Triggers": [], "Planner Runtime": 24.896, "Total Runtime": 0.1, "Unique SQL Id": 223205047}}, "(1, '50')": {"explain_plan": {"Plan": {"Node Type": "Aggregate", "Strategy": "Plain", "Startup Cost": 0.02, "Total Cost": 0.03, "Plan Rows": 1, "Plan Width": 96, "Plans": [{"Node Type": "Result", "Parent Relationship": "Outer", "Startup Cost": 0.0, "Total Cost": 0.01, "Plan Rows": 1, "Plan Width": 0, "One-Time Filter": "false"}]}, "Unique SQL Id": 223205047, "Planner Runtime": 24}, "explain_analyze_plan": {"Plan": {"Node Type": "Aggregate", "Strategy": "Plain", "Startup Cost": 0.02, "Total Cost": 0.03, "Plan Rows": 1, "Plan Width": 96, "Actual Startup Time": 0.01, "Actual Total Time": 0.01, "Actual Rows": 1, "Actual Loops": 1, "Plans": [{"Node Type": "Result", "Parent Relationship": "Outer", "Startup Cost": 0.0, "Total Cost": 0.01, "Plan Rows": 1, "Plan Width": 0, "Actual Startup Time": 0.002, "Actual Total Time": 0.002, "Actual Rows": 0, "Actual Loops": 1, "One-Time Filter": "false"}]}, "Triggers": [], "Planner Runtime": 24.896, "Total Runtime": 0.1, "Unique SQL Id": 223205047}}, "(1, '51')": {"explain_plan": {"Plan": {"Node Type": "Aggregate", "Strategy": "Plain", "Startup Cost": 0.02, "Total Cost": 0.03, "Plan Rows": 1, "Plan Width": 96, "Plans": [{"Node Type": "Result", "Parent Relationship": "Outer", "Startup Cost": 0.0, "Total Cost": 0.01, "Plan Rows": 1, "Plan Width": 0, "One-Time Filter": "false"}]}, "Unique SQL Id": 223205047, "Planner Runtime": 24}, "explain_analyze_plan": {"Plan": {"Node Type": "Aggregate", "Strategy": "Plain", "Startup Cost": 0.02, "Total Cost": 0.03, "Plan Rows": 1, "Plan Width": 96, "Actual Startup Time": 0.01, "Actual Total Time": 0.01, "Actual Rows": 1, "Actual Loops": 1, "Plans": [{"Node Type": "Result", "Parent Relationship": "Outer", "Startup Cost": 0.0, "Total Cost": 0.01, "Plan Rows": 1, "Plan Width": 0, "Actual Startup Time": 0.002, "Actual Total Time": 0.002, "Actual Rows": 0, "Actual Loops": 1, "One-Time Filter": "false"}]}, "Triggers": [], "Planner Runtime": 24.896, "Total Runtime": 0.1, "Unique SQL Id": 223205047}}, "(1, '52')": {"explain_plan": {"Plan": {"Node Type": "Aggregate", "Strategy": "Plain", "Startup Cost": 0.02, "Total Cost": 0.03, "Plan Rows": 1, "Plan Width": 96, "Plans": [{"Node Type": "Result", "Parent Relationship": "Outer", "Startup Cost": 0.0, "Total Cost": 0.01, "Plan Rows": 1, "Plan Width": 0, "One-Time Filter": "false"}]}, "Unique SQL Id": 223205047, "Planner Runtime": 24}, "explain_analyze_plan": {"Plan": {"Node Type": "Aggregate", "Strategy": "Plain", "Startup Cost": 0.02, "Total Cost": 0.03, "Plan Rows": 1, "Plan Width": 96, "Actual Startup Time": 0.01, "Actual Total Time": 0.01, "Actual Rows": 1, "Actual Loops": 1, "Plans": [{"Node Type": "Result", "Parent Relationship": "Outer", "Startup Cost": 0.0, "Total Cost": 0.01, "Plan Rows": 1, "Plan Width": 0, "Actual Startup Time": 0.002, "Actual Total Time": 0.002, "Actual Rows": 0, "Actual Loops": 1, "One-Time Filter": "false"}]}, "Triggers": [], "Planner Runtime": 24.896, "Total Runtime": 0.1, "Unique SQL Id": 223205047}}, "(1, '53')": {"explain_plan": {"Plan": {"Node Type": "Aggregate", "Strategy": "Plain", "Startup Cost": 0.02, "Total Cost": 0.03, "Plan Rows": 1, "Plan Width": 96, "Plans": [{"Node Type": "Result", "Parent Relationship": "Outer", "Startup Cost": 0.0, "Total Cost": 0.01, "Plan Rows": 1, "Plan Width": 0, "One-Time Filter": "false"}]}, "Unique SQL Id": 223205047, "Planner Runtime": 26}, "explain_analyze_plan": {"Plan": {"Node Type": "Aggregate", "Strategy": "Plain", "Startup Cost": 0.02, "Total Cost": 0.03, "Plan Rows": 1, "Plan Width": 96, "Actual Startup Time": 0.01, "Actual Total Time": 0.01, "Actual Rows": 1, "Actual Loops": 1, "Plans": [{"Node Type": "Result", "Parent Relationship": "Outer", "Startup Cost": 0.0, "Total Cost": 0.01, "Plan Rows": 1, "Plan Width": 0, "Actual Startup Time": 0.002, "Actual Total Time": 0.002, "Actual Rows": 0, "Actual Loops": 1, "One-Time Filter": "false"}]}, "Triggers": [], "Planner Runtime": 24.896, "Total Runtime": 0.1, "Unique SQL Id": 223205047}}, "(1, '54')": {"explain_plan": {"Plan": {"Node Type": "Aggregate", "Strategy": "Plain", "Startup Cost": 0.02, "Total Cost": 0.03, "Plan Rows": 1, "Plan Width": 96, "Plans": [{"Node Type": "Result", "Parent Relationship": "Outer", "Startup Cost": 0.0, "Total Cost": 0.01, "Plan Rows": 1, "Plan Width": 0, "One-Time Filter": "false"}]}, "Unique SQL Id": 223205047, "Planner Runtime": 24}, "explain_analyze_plan": {"Plan": {"Node Type": "Aggregate", "Strategy": "Plain", "Startup Cost": 0.02, "Total Cost": 0.03, "Plan Rows": 1, "Plan Width": 96, "Actual Startup Time": 0.01, "Actual Total Time": 0.01, "Actual Rows": 1, "Actual Loops": 1, "Plans": [{"Node Type": "Result", "Parent Relationship": "Outer", "Startup Cost": 0.0, "Total Cost": 0.01, "Plan Rows": 1, "Plan Width": 0, "Actual Startup Time": 0.002, "Actual Total Time": 0.002, "Actual Rows": 0, "Actual Loops": 1, "One-Time Filter": "false"}]}, "Triggers": [], "Planner Runtime": 24.896, "Total Runtime": 0.1, "Unique SQL Id": 223205047}}, "(1, '55')": {"explain_plan": {"Plan": {"Node Type": "Aggregate", "Strategy": "Plain", "Startup Cost": 0.02, "Total Cost": 0.03, "Plan Rows": 1, "Plan Width": 96, "Plans": [{"Node Type": "Result", "Parent Relationship": "Outer", "Startup Cost": 0.0, "Total Cost": 0.01, "Plan Rows": 1, "Plan Width": 0, "One-Time Filter": "false"}]}, "Unique SQL Id": 223205047, "Planner Runtime": 23}, "explain_analyze_plan": {"Plan": {"Node Type": "Aggregate", "Strategy": "Plain", "Startup Cost": 0.02, "Total Cost": 0.03, "Plan Rows": 1, "Plan Width": 96, "Actual Startup Time": 0.01, "Actual Total Time": 0.01, "Actual Rows": 1, "Actual Loops": 1, "Plans": [{"Node Type": "Result", "Parent Relationship": "Outer", "Startup Cost": 0.0, "Total Cost": 0.01, "Plan Rows": 1, "Plan Width": 0, "Actual Startup Time": 0.002, "Actual Total Time": 0.002, "Actual Rows": 0, "Actual Loops": 1, "One-Time Filter": "false"}]}, "Triggers": [], "Planner Runtime": 24.896, "Total Runtime": 0.1, "Unique SQL Id": 223205047}}, "(1, '56')": {"explain_plan": {"Plan": {"Node Type": "Aggregate", "Strategy": "Plain", "Startup Cost": 0.02, "Total Cost": 0.03, "Plan Rows": 1, "Plan Width": 96, "Plans": [{"Node Type": "Result", "Parent Relationship": "Outer", "Startup Cost": 0.0, "Total Cost": 0.01, "Plan Rows": 1, "Plan Width": 0, "One-Time Filter": "false"}]}, "Unique SQL Id": 223205047, "Planner Runtime": 24}, "explain_analyze_plan": {"Plan": {"Node Type": "Aggregate", "Strategy": "Plain", "Startup Cost": 0.02, "Total Cost": 0.03, "Plan Rows": 1, "Plan Width": 96, "Actual Startup Time": 0.01, "Actual Total Time": 0.01, "Actual Rows": 1, "Actual Loops": 1, "Plans": [{"Node Type": "Result", "Parent Relationship": "Outer", "Startup Cost": 0.0, "Total Cost": 0.01, "Plan Rows": 1, "Plan Width": 0, "Actual Startup Time": 0.002, "Actual Total Time": 0.002, "Actual Rows": 0, "Actual Loops": 1, "One-Time Filter": "false"}]}, "Triggers": [], "Planner Runtime": 24.896, "Total Runtime": 0.1, "Unique SQL Id": 223205047}}, "(1, '57')": {"explain_plan": {"Plan": {"Node Type": "Aggregate", "Strategy": "Plain", "Startup Cost": 0.02, "Total Cost": 0.03, "Plan Rows": 1, "Plan Width": 96, "Plans": [{"Node Type": "Result", "Parent Relationship": "Outer", "Startup Cost": 0.0, "Total Cost": 0.01, "Plan Rows": 1, "Plan Width": 0, "One-Time Filter": "false"}]}, "Unique SQL Id": 223205047, "Planner Runtime": 23}, "explain_analyze_plan": {"Plan": {"Node Type": "Aggregate", "Strategy": "Plain", "Startup Cost": 0.02, "Total Cost": 0.03, "Plan Rows": 1, "Plan Width": 96, "Actual Startup Time": 0.01, "Actual Total Time": 0.01, "Actual Rows": 1, "Actual Loops": 1, "Plans": [{"Node Type": "Result", "Parent Relationship": "Outer", "Startup Cost": 0.0, "Total Cost": 0.01, "Plan Rows": 1, "Plan Width": 0, "Actual Startup Time": 0.002, "Actual Total Time": 0.002, "Actual Rows": 0, "Actual Loops": 1, "One-Time Filter": "false"}]}, "Triggers": [], "Planner Runtime": 24.896, "Total Runtime": 0.1, "Unique SQL Id": 223205047}}, "(1, '58')": {"explain_plan": {"Plan": {"Node Type": "Aggregate", "Strategy": "Plain", "Startup Cost": 0.02, "Total Cost": 0.03, "Plan Rows": 1, "Plan Width": 96, "Plans": [{"Node Type": "Result", "Parent Relationship": "Outer", "Startup Cost": 0.0, "Total Cost": 0.01, "Plan Rows": 1, "Plan Width": 0, "One-Time Filter": "false"}]}, "Unique SQL Id": 223205047, "Planner Runtime": 24}, "explain_analyze_plan": {"Plan": {"Node Type": "Aggregate", "Strategy": "Plain", "Startup Cost": 0.02, "Total Cost": 0.03, "Plan Rows": 1, "Plan Width": 96, "Actual Startup Time": 0.01, "Actual Total Time": 0.01, "Actual Rows": 1, "Actual Loops": 1, "Plans": [{"Node Type": "Result", "Parent Relationship": "Outer", "Startup Cost": 0.0, "Total Cost": 0.01, "Plan Rows": 1, "Plan Width": 0, "Actual Startup Time": 0.002, "Actual Total Time": 0.002, "Actual Rows": 0, "Actual Loops": 1, "One-Time Filter": "false"}]}, "Triggers": [], "Planner Runtime": 24.896, "Total Runtime": 0.1, "Unique SQL Id": 223205047}}, "(1, '59')": {"explain_plan": {"Plan": {"Node Type": "Aggregate", "Strategy": "Plain", "Startup Cost": 0.02, "Total Cost": 0.03, "Plan Rows": 1, "Plan Width": 96, "Plans": [{"Node Type": "Result", "Parent Relationship": "Outer", "Startup Cost": 0.0, "Total Cost": 0.01, "Plan Rows": 1, "Plan Width": 0, "One-Time Filter": "false"}]}, "Unique SQL Id": 223205047, "Planner Runtime": 23}, "explain_analyze_plan": {"Plan": {"Node Type": "Aggregate", "Strategy": "Plain", "Startup Cost": 0.02, "Total Cost": 0.03, "Plan Rows": 1, "Plan Width": 96, "Actual Startup Time": 0.01, "Actual Total Time": 0.01, "Actual Rows": 1, "Actual Loops": 1, "Plans": [{"Node Type": "Result", "Parent Relationship": "Outer", "Startup Cost": 0.0, "Total Cost": 0.01, "Plan Rows": 1, "Plan Width": 0, "Actual Startup Time": 0.002, "Actual Total Time": 0.002, "Actual Rows": 0, "Actual Loops": 1, "One-Time Filter": "false"}]}, "Triggers": [], "Planner Runtime": 24.896, "Total Runtime": 0.1, "Unique SQL Id": 223205047}}, "(1, '60')": {"explain_plan": {"Plan": {"Node Type": "Aggregate", "Strategy": "Plain", "Startup Cost": 0.02, "Total Cost": 0.03, "Plan Rows": 1, "Plan Width": 96, "Plans": [{"Node Type": "Result", "Parent Relationship": "Outer", "Startup Cost": 0.0, "Total Cost": 0.01, "Plan Rows": 1, "Plan Width": 0, "One-Time Filter": "false"}]}, "Unique SQL Id": 223205047, "Planner Runtime": 24}, "explain_analyze_plan": {"Plan": {"Node Type": "Aggregate", "Strategy": "Plain", "Startup Cost": 0.02, "Total Cost": 0.03, "Plan Rows": 1, "Plan Width": 96, "Actual Startup Time": 0.01, "Actual Total Time": 0.01, "Actual Rows": 1, "Actual Loops": 1, "Plans": [{"Node Type": "Result", "Parent Relationship": "Outer", "Startup Cost": 0.0, "Total Cost": 0.01, "Plan Rows": 1, "Plan Width": 0, "Actual Startup Time": 0.002, "Actual Total Time": 0.002, "Actual Rows": 0, "Actual Loops": 1, "One-Time Filter": "false"}]}, "Triggers": [], "Planner Runtime": 24.896, "Total Runtime": 0.1, "Unique SQL Id": 223205047}}, "(1, '61')": {"explain_plan": {"Plan": {"Node Type": "Aggregate", "Strategy": "Plain", "Startup Cost": 0.02, "Total Cost": 0.03, "Plan Rows": 1, "Plan Width": 96, "Plans": [{"Node Type": "Result", "Parent Relationship": "Outer", "Startup Cost": 0.0, "Total Cost": 0.01, "Plan Rows": 1, "Plan Width": 0, "One-Time Filter": "false"}]}, "Unique SQL Id": 223205047, "Planner Runtime": 23}, "explain_analyze_plan": {"Plan": {"Node Type": "Aggregate", "Strategy": "Plain", "Startup Cost": 0.02, "Total Cost": 0.03, "Plan Rows": 1, "Plan Width": 96, "Actual Startup Time": 0.01, "Actual Total Time": 0.01, "Actual Rows": 1, "Actual Loops": 1, "Plans": [{"Node Type": "Result", "Parent Relationship": "Outer", "Startup Cost": 0.0, "Total Cost": 0.01, "Plan Rows": 1, "Plan Width": 0, "Actual Startup Time": 0.002, "Actual Total Time": 0.002, "Actual Rows": 0, "Actual Loops": 1, "One-Time Filter": "false"}]}, "Triggers": [], "Planner Runtime": 24.896, "Total Runtime": 0.1, "Unique SQL Id": 223205047}}, "(1, '62')": {"explain_plan": {"Plan": {"Node Type": "Aggregate", "Strategy": "Plain", "Startup Cost": 0.02, "Total Cost": 0.03, "Plan Rows": 1, "Plan Width": 96, "Plans": [{"Node Type": "Result", "Parent Relationship": "Outer", "Startup Cost": 0.0, "Total Cost": 0.01, "Plan Rows": 1, "Plan Width": 0, "One-Time Filter": "false"}]}, "Unique SQL Id": 223205047, "Planner Runtime": 24}, "explain_analyze_plan": {"Plan": {"Node Type": "Aggregate", "Strategy": "Plain", "Startup Cost": 0.02, "Total Cost": 0.03, "Plan Rows": 1, "Plan Width": 96, "Actual Startup Time": 0.01, "Actual Total Time": 0.01, "Actual Rows": 1, "Actual Loops": 1, "Plans": [{"Node Type": "Result", "Parent Relationship": "Outer", "Startup Cost": 0.0, "Total Cost": 0.01, "Plan Rows": 1, "Plan Width": 0, "Actual Startup Time": 0.002, "Actual Total Time": 0.002, "Actual Rows": 0, "Actual Loops": 1, "One-Time Filter": "false"}]}, "Triggers": [], "Planner Runtime": 24.896, "Total Runtime": 0.1, "Unique SQL Id": 223205047}}, "(1, '63')": {"explain_plan": {"Plan": {"Node Type": "Aggregate", "Strategy": "Plain", "Startup Cost": 0.02, "Total Cost": 0.03, "Plan Rows": 1, "Plan Width": 96, "Plans": [{"Node Type": "Result", "Parent Relationship": "Outer", "Startup Cost": 0.0, "Total Cost": 0.01, "Plan Rows": 1, "Plan Width": 0, "One-Time Filter": "false"}]}, "Unique SQL Id": 223205047, "Planner Runtime": 23}, "explain_analyze_plan": {"Plan": {"Node Type": "Aggregate", "Strategy": "Plain", "Startup Cost": 0.02, "Total Cost": 0.03, "Plan Rows": 1, "Plan Width": 96, "Actual Startup Time": 0.01, "Actual Total Time": 0.01, "Actual Rows": 1, "Actual Loops": 1, "Plans": [{"Node Type": "Result", "Parent Relationship": "Outer", "Startup Cost": 0.0, "Total Cost": 0.01, "Plan Rows": 1, "Plan Width": 0, "Actual Startup Time": 0.002, "Actual Total Time": 0.002, "Actual Rows": 0, "Actual Loops": 1, "One-Time Filter": "false"}]}, "Triggers": [], "Planner Runtime": 24.896, "Total Runtime": 0.1, "Unique SQL Id": 223205047}}, "(1, '64')": {"explain_plan": {"Plan": {"Node Type": "Aggregate", "Strategy": "Plain", "Startup Cost": 0.02, "Total Cost": 0.03, "Plan Rows": 1, "Plan Width": 96, "Plans": [{"Node Type": "Result", "Parent Relationship": "Outer", "Startup Cost": 0.0, "Total Cost": 0.01, "Plan Rows": 1, "Plan Width": 0, "One-Time Filter": "false"}]}, "Unique SQL Id": 223205047, "Planner Runtime": 24}, "explain_analyze_plan": {"Plan": {"Node Type": "Aggregate", "Strategy": "Plain", "Startup Cost": 0.02, "Total Cost": 0.03, "Plan Rows": 1, "Plan Width": 96, "Actual Startup Time": 0.01, "Actual Total Time": 0.01, "Actual Rows": 1, "Actual Loops": 1, "Plans": [{"Node Type": "Result", "Parent Relationship": "Outer", "Startup Cost": 0.0, "Total Cost": 0.01, "Plan Rows": 1, "Plan Width": 0, "Actual Startup Time": 0.002, "Actual Total Time": 0.002, "Actual Rows": 0, "Actual Loops": 1, "One-Time Filter": "false"}]}, "Triggers": [], "Planner Runtime": 24.896, "Total Runtime": 0.1, "Unique SQL Id": 223205047}}, "(1, '65')": {"explain_plan": {"Plan": {"Node Type": "Aggregate", "Strategy": "Plain", "Startup Cost": 0.02, "Total Cost": 0.03, "Plan Rows": 1, "Plan Width": 96, "Plans": [{"Node Type": "Result", "Parent Relationship": "Outer", "Startup Cost": 0.0, "Total Cost": 0.01, "Plan Rows": 1, "Plan Width": 0, "One-Time Filter": "false"}]}, "Unique SQL Id": 223205047, "Planner Runtime": 24}, "explain_analyze_plan": {"Plan": {"Node Type": "Aggregate", "Strategy": "Plain", "Startup Cost": 0.02, "Total Cost": 0.03, "Plan Rows": 1, "Plan Width": 96, "Actual Startup Time": 0.01, "Actual Total Time": 0.01, "Actual Rows": 1, "Actual Loops": 1, "Plans": [{"Node Type": "Result", "Parent Relationship": "Outer", "Startup Cost": 0.0, "Total Cost": 0.01, "Plan Rows": 1, "Plan Width": 0, "Actual Startup Time": 0.002, "Actual Total Time": 0.002, "Actual Rows": 0, "Actual Loops": 1, "One-Time Filter": "false"}]}, "Triggers": [], "Planner Runtime": 24.896, "Total Runtime": 0.1, "Unique SQL Id": 223205047}}, "(1, '66')": {"explain_plan": {"Plan": {"Node Type": "Aggregate", "Strategy": "Plain", "Startup Cost": 0.02, "Total Cost": 0.03, "Plan Rows": 1, "Plan Width": 96, "Plans": [{"Node Type": "Result", "Parent Relationship": "Outer", "Startup Cost": 0.0, "Total Cost": 0.01, "Plan Rows": 1, "Plan Width": 0, "One-Time Filter": "false"}]}, "Unique SQL Id": 223205047, "Planner Runtime": 24}, "explain_analyze_plan": {"Plan": {"Node Type": "Aggregate", "Strategy": "Plain", "Startup Cost": 0.02, "Total Cost": 0.03, "Plan Rows": 1, "Plan Width": 96, "Actual Startup Time": 0.01, "Actual Total Time": 0.01, "Actual Rows": 1, "Actual Loops": 1, "Plans": [{"Node Type": "Result", "Parent Relationship": "Outer", "Startup Cost": 0.0, "Total Cost": 0.01, "Plan Rows": 1, "Plan Width": 0, "Actual Startup Time": 0.002, "Actual Total Time": 0.002, "Actual Rows": 0, "Actual Loops": 1, "One-Time Filter": "false"}]}, "Triggers": [], "Planner Runtime": 24.896, "Total Runtime": 0.1, "Unique SQL Id": 223205047}}, "(1, '67')": {"explain_plan": {"Plan": {"Node Type": "Aggregate", "Strategy": "Plain", "Startup Cost": 0.02, "Total Cost": 0.03, "Plan Rows": 1, "Plan Width": 96, "Plans": [{"Node Type": "Result", "Parent Relationship": "Outer", "Startup Cost": 0.0, "Total Cost": 0.01, "Plan Rows": 1, "Plan Width": 0, "One-Time Filter": "false"}]}, "Unique SQL Id": 223205047, "Planner Runtime": 24}, "explain_analyze_plan": {"Plan": {"Node Type": "Aggregate", "Strategy": "Plain", "Startup Cost": 0.02, "Total Cost": 0.03, "Plan Rows": 1, "Plan Width": 96, "Actual Startup Time": 0.01, "Actual Total Time": 0.01, "Actual Rows": 1, "Actual Loops": 1, "Plans": [{"Node Type": "Result", "Parent Relationship": "Outer", "Startup Cost": 0.0, "Total Cost": 0.01, "Plan Rows": 1, "Plan Width": 0, "Actual Startup Time": 0.002, "Actual Total Time": 0.002, "Actual Rows": 0, "Actual Loops": 1, "One-Time Filter": "false"}]}, "Triggers": [], "Planner Runtime": 24.896, "Total Runtime": 0.1, "Unique SQL Id": 223205047}}, "(1, '68')": {"explain_plan": {"Plan": {"Node Type": "Aggregate", "Strategy": "Plain", "Startup Cost": 0.02, "Total Cost": 0.03, "Plan Rows": 1, "Plan Width": 96, "Plans": [{"Node Type": "Result", "Parent Relationship": "Outer", "Startup Cost": 0.0, "Total Cost": 0.01, "Plan Rows": 1, "Plan Width": 0, "One-Time Filter": "false"}]}, "Unique SQL Id": 223205047, "Planner Runtime": 24}, "explain_analyze_plan": {"Plan": {"Node Type": "Aggregate", "Strategy": "Plain", "Startup Cost": 0.02, "Total Cost": 0.03, "Plan Rows": 1, "Plan Width": 96, "Actual Startup Time": 0.01, "Actual Total Time": 0.01, "Actual Rows": 1, "Actual Loops": 1, "Plans": [{"Node Type": "Result", "Parent Relationship": "Outer", "Startup Cost": 0.0, "Total Cost": 0.01, "Plan Rows": 1, "Plan Width": 0, "Actual Startup Time": 0.002, "Actual Total Time": 0.002, "Actual Rows": 0, "Actual Loops": 1, "One-Time Filter": "false"}]}, "Triggers": [], "Planner Runtime": 24.896, "Total Runtime": 0.1, "Unique SQL Id": 223205047}}, "(1, '69')": {"explain_plan": {"Plan": {"Node Type": "Aggregate", "Strategy": "Plain", "Startup Cost": 0.02, "Total Cost": 0.03, "Plan Rows": 1, "Plan Width": 96, "Plans": [{"Node Type": "Result", "Parent Relationship": "Outer", "Startup Cost": 0.0, "Total Cost": 0.01, "Plan Rows": 1, "Plan Width": 0, "One-Time Filter": "false"}]}, "Unique SQL Id": 223205047, "Planner Runtime": 23}, "explain_analyze_plan": {"Plan": {"Node Type": "Aggregate", "Strategy": "Plain", "Startup Cost": 0.02, "Total Cost": 0.03, "Plan Rows": 1, "Plan Width": 96, "Actual Startup Time": 0.01, "Actual Total Time": 0.01, "Actual Rows": 1, "Actual Loops": 1, "Plans": [{"Node Type": "Result", "Parent Relationship": "Outer", "Startup Cost": 0.0, "Total Cost": 0.01, "Plan Rows": 1, "Plan Width": 0, "Actual Startup Time": 0.002, "Actual Total Time": 0.002, "Actual Rows": 0, "Actual Loops": 1, "One-Time Filter": "false"}]}, "Triggers": [], "Planner Runtime": 24.896, "Total Runtime": 0.1, "Unique SQL Id": 223205047}}, "(1, '70')": {"explain_plan": {"Plan": {"Node Type": "Aggregate", "Strategy": "Plain", "Startup Cost": 0.02, "Total Cost": 0.03, "Plan Rows": 1, "Plan Width": 96, "Plans": [{"Node Type": "Result", "Parent Relationship": "Outer", "Startup Cost": 0.0, "Total Cost": 0.01, "Plan Rows": 1, "Plan Width": 0, "One-Time Filter": "false"}]}, "Unique SQL Id": 223205047, "Planner Runtime": 24}, "explain_analyze_plan": {"Plan": {"Node Type": "Aggregate", "Strategy": "Plain", "Startup Cost": 0.02, "Total Cost": 0.03, "Plan Rows": 1, "Plan Width": 96, "Actual Startup Time": 0.01, "Actual Total Time": 0.01, "Actual Rows": 1, "Actual Loops": 1, "Plans": [{"Node Type": "Result", "Parent Relationship": "Outer", "Startup Cost": 0.0, "Total Cost": 0.01, "Plan Rows": 1, "Plan Width": 0, "Actual Startup Time": 0.002, "Actual Total Time": 0.002, "Actual Rows": 0, "Actual Loops": 1, "One-Time Filter": "false"}]}, "Triggers": [], "Planner Runtime": 24.896, "Total Runtime": 0.1, "Unique SQL Id": 223205047}}, "(1, '71')": {"explain_plan": {"Plan": {"Node Type": "Aggregate", "Strategy": "Plain", "Startup Cost": 0.02, "Total Cost": 0.03, "Plan Rows": 1, "Plan Width": 96, "Plans": [{"Node Type": "Result", "Parent Relationship": "Outer", "Startup Cost": 0.0, "Total Cost": 0.01, "Plan Rows": 1, "Plan Width": 0, "One-Time Filter": "false"}]}, "Unique SQL Id": 223205047, "Planner Runtime": 23}, "explain_analyze_plan": {"Plan": {"Node Type": "Aggregate", "Strategy": "Plain", "Startup Cost": 0.02, "Total Cost": 0.03, "Plan Rows": 1, "Plan Width": 96, "Actual Startup Time": 0.01, "Actual Total Time": 0.01, "Actual Rows": 1, "Actual Loops": 1, "Plans": [{"Node Type": "Result", "Parent Relationship": "Outer", "Startup Cost": 0.0, "Total Cost": 0.01, "Plan Rows": 1, "Plan Width": 0, "Actual Startup Time": 0.002, "Actual Total Time": 0.002, "Actual Rows": 0, "Actual Loops": 1, "One-Time Filter": "false"}]}, "Triggers": [], "Planner Runtime": 24.896, "Total Runtime": 0.1, "Unique SQL Id": 223205047}}, "(1, '72')": {"explain_plan": {"Plan": {"Node Type": "Aggregate", "Strategy": "Plain", "Startup Cost": 0.02, "Total Cost": 0.03, "Plan Rows": 1, "Plan Width": 96, "Plans": [{"Node Type": "Result", "Parent Relationship": "Outer", "Startup Cost": 0.0, "Total Cost": 0.01, "Plan Rows": 1, "Plan Width": 0, "One-Time Filter": "false"}]}, "Unique SQL Id": 223205047, "Planner Runtime": 24}, "explain_analyze_plan": {"Plan": {"Node Type": "Aggregate", "Strategy": "Plain", "Startup Cost": 0.02, "Total Cost": 0.03, "Plan Rows": 1, "Plan Width": 96, "Actual Startup Time": 0.01, "Actual Total Time": 0.01, "Actual Rows": 1, "Actual Loops": 1, "Plans": [{"Node Type": "Result", "Parent Relationship": "Outer", "Startup Cost": 0.0, "Total Cost": 0.01, "Plan Rows": 1, "Plan Width": 0, "Actual Startup Time": 0.002, "Actual Total Time": 0.002, "Actual Rows": 0, "Actual Loops": 1, "One-Time Filter": "false"}]}, "Triggers": [], "Planner Runtime": 24.896, "Total Runtime": 0.1, "Unique SQL Id": 223205047}}, "(1, '73')": {"explain_plan": {"Plan": {"Node Type": "Aggregate", "Strategy": "Plain", "Startup Cost": 0.02, "Total Cost": 0.03, "Plan Rows": 1, "Plan Width": 96, "Plans": [{"Node Type": "Result", "Parent Relationship": "Outer", "Startup Cost": 0.0, "Total Cost": 0.01, "Plan Rows": 1, "Plan Width": 0, "One-Time Filter": "false"}]}, "Unique SQL Id": 223205047, "Planner Runtime": 24}, "explain_analyze_plan": {"Plan": {"Node Type": "Aggregate", "Strategy": "Plain", "Startup Cost": 0.02, "Total Cost": 0.03, "Plan Rows": 1, "Plan Width": 96, "Actual Startup Time": 0.01, "Actual Total Time": 0.01, "Actual Rows": 1, "Actual Loops": 1, "Plans": [{"Node Type": "Result", "Parent Relationship": "Outer", "Startup Cost": 0.0, "Total Cost": 0.01, "Plan Rows": 1, "Plan Width": 0, "Actual Startup Time": 0.002, "Actual Total Time": 0.002, "Actual Rows": 0, "Actual Loops": 1, "One-Time Filter": "false"}]}, "Triggers": [], "Planner Runtime": 24.896, "Total Runtime": 0.1, "Unique SQL Id": 223205047}}, "(1, '74')": {"explain_plan": {"Plan": {"Node Type": "Aggregate", "Strategy": "Plain", "Startup Cost": 0.02, "Total Cost": 0.03, "Plan Rows": 1, "Plan Width": 96, "Plans": [{"Node Type": "Result", "Parent Relationship": "Outer", "Startup Cost": 0.0, "Total Cost": 0.01, "Plan Rows": 1, "Plan Width": 0, "One-Time Filter": "false"}]}, "Unique SQL Id": 223205047, "Planner Runtime": 24}, "explain_analyze_plan": {"Plan": {"Node Type": "Aggregate", "Strategy": "Plain", "Startup Cost": 0.02, "Total Cost": 0.03, "Plan Rows": 1, "Plan Width": 96, "Actual Startup Time": 0.01, "Actual Total Time": 0.01, "Actual Rows": 1, "Actual Loops": 1, "Plans": [{"Node Type": "Result", "Parent Relationship": "Outer", "Startup Cost": 0.0, "Total Cost": 0.01, "Plan Rows": 1, "Plan Width": 0, "Actual Startup Time": 0.002, "Actual Total Time": 0.002, "Actual Rows": 0, "Actual Loops": 1, "One-Time Filter": "false"}]}, "Triggers": [], "Planner Runtime": 24.896, "Total Runtime": 0.1, "Unique SQL Id": 223205047}}, "(1, '75')": {"explain_plan": {"Plan": {"Node Type": "Aggregate", "Strategy": "Plain", "Startup Cost": 0.02, "Total Cost": 0.03, "Plan Rows": 1, "Plan Width": 96, "Plans": [{"Node Type": "Result", "Parent Relationship": "Outer", "Startup Cost": 0.0, "Total Cost": 0.01, "Plan Rows": 1, "Plan Width": 0, "One-Time Filter": "false"}]}, "Unique SQL Id": 223205047, "Planner Runtime": 23}, "explain_analyze_plan": {"Plan": {"Node Type": "Aggregate", "Strategy": "Plain", "Startup Cost": 0.02, "Total Cost": 0.03, "Plan Rows": 1, "Plan Width": 96, "Actual Startup Time": 0.01, "Actual Total Time": 0.01, "Actual Rows": 1, "Actual Loops": 1, "Plans": [{"Node Type": "Result", "Parent Relationship": "Outer", "Startup Cost": 0.0, "Total Cost": 0.01, "Plan Rows": 1, "Plan Width": 0, "Actual Startup Time": 0.002, "Actual Total Time": 0.002, "Actual Rows": 0, "Actual Loops": 1, "One-Time Filter": "false"}]}, "Triggers": [], "Planner Runtime": 24.896, "Total Runtime": 0.1, "Unique SQL Id": 223205047}}, "(1, '76')": {"explain_plan": {"Plan": {"Node Type": "Aggregate", "Strategy": "Plain", "Startup Cost": 0.02, "Total Cost": 0.03, "Plan Rows": 1, "Plan Width": 96, "Plans": [{"Node Type": "Result", "Parent Relationship": "Outer", "Startup Cost": 0.0, "Total Cost": 0.01, "Plan Rows": 1, "Plan Width": 0, "One-Time Filter": "false"}]}, "Unique SQL Id": 223205047, "Planner Runtime": 24}, "explain_analyze_plan": {"Plan": {"Node Type": "Aggregate", "Strategy": "Plain", "Startup Cost": 0.02, "Total Cost": 0.03, "Plan Rows": 1, "Plan Width": 96, "Actual Startup Time": 0.01, "Actual Total Time": 0.01, "Actual Rows": 1, "Actual Loops": 1, "Plans": [{"Node Type": "Result", "Parent Relationship": "Outer", "Startup Cost": 0.0, "Total Cost": 0.01, "Plan Rows": 1, "Plan Width": 0, "Actual Startup Time": 0.002, "Actual Total Time": 0.002, "Actual Rows": 0, "Actual Loops": 1, "One-Time Filter": "false"}]}, "Triggers": [], "Planner Runtime": 24.896, "Total Runtime": 0.1, "Unique SQL Id": 223205047}}, "(1, '77')": {"explain_plan": {"Plan": {"Node Type": "Aggregate", "Strategy": "Plain", "Startup Cost": 0.02, "Total Cost": 0.03, "Plan Rows": 1, "Plan Width": 96, "Plans": [{"Node Type": "Result", "Parent Relationship": "Outer", "Startup Cost": 0.0, "Total Cost": 0.01, "Plan Rows": 1, "Plan Width": 0, "One-Time Filter": "false"}]}, "Unique SQL Id": 223205047, "Planner Runtime": 23}, "explain_analyze_plan": {"Plan": {"Node Type": "Aggregate", "Strategy": "Plain", "Startup Cost": 0.02, "Total Cost": 0.03, "Plan Rows": 1, "Plan Width": 96, "Actual Startup Time": 0.01, "Actual Total Time": 0.01, "Actual Rows": 1, "Actual Loops": 1, "Plans": [{"Node Type": "Result", "Parent Relationship": "Outer", "Startup Cost": 0.0, "Total Cost": 0.01, "Plan Rows": 1, "Plan Width": 0, "Actual Startup Time": 0.002, "Actual Total Time": 0.002, "Actual Rows": 0, "Actual Loops": 1, "One-Time Filter": "false"}]}, "Triggers": [], "Planner Runtime": 24.896, "Total Runtime": 0.1, "Unique SQL Id": 223205047}}, "(1, '78')": {"explain_plan": {"Plan": {"Node Type": "Aggregate", "Strategy": "Plain", "Startup Cost": 0.02, "Total Cost": 0.03, "Plan Rows": 1, "Plan Width": 96, "Plans": [{"Node Type": "Result", "Parent Relationship": "Outer", "Startup Cost": 0.0, "Total Cost": 0.01, "Plan Rows": 1, "Plan Width": 0, "One-Time Filter": "false"}]}, "Unique SQL Id": 223205047, "Planner Runtime": 24}, "explain_analyze_plan": {"Plan": {"Node Type": "Aggregate", "Strategy": "Plain", "Startup Cost": 0.02, "Total Cost": 0.03, "Plan Rows": 1, "Plan Width": 96, "Actual Startup Time": 0.01, "Actual Total Time": 0.01, "Actual Rows": 1, "Actual Loops": 1, "Plans": [{"Node Type": "Result", "Parent Relationship": "Outer", "Startup Cost": 0.0, "Total Cost": 0.01, "Plan Rows": 1, "Plan Width": 0, "Actual Startup Time": 0.002, "Actual Total Time": 0.002, "Actual Rows": 0, "Actual Loops": 1, "One-Time Filter": "false"}]}, "Triggers": [], "Planner Runtime": 24.896, "Total Runtime": 0.1, "Unique SQL Id": 223205047}}, "(1, '79')": {"explain_plan": {"Plan": {"Node Type": "Aggregate", "Strategy": "Plain", "Startup Cost": 0.02, "Total Cost": 0.03, "Plan Rows": 1, "Plan Width": 96, "Plans": [{"Node Type": "Result", "Parent Relationship": "Outer", "Startup Cost": 0.0, "Total Cost": 0.01, "Plan Rows": 1, "Plan Width": 0, "One-Time Filter": "false"}]}, "Unique SQL Id": 223205047, "Planner Runtime": 23}, "explain_analyze_plan": {"Plan": {"Node Type": "Aggregate", "Strategy": "Plain", "Startup Cost": 0.02, "Total Cost": 0.03, "Plan Rows": 1, "Plan Width": 96, "Actual Startup Time": 0.01, "Actual Total Time": 0.01, "Actual Rows": 1, "Actual Loops": 1, "Plans": [{"Node Type": "Result", "Parent Relationship": "Outer", "Startup Cost": 0.0, "Total Cost": 0.01, "Plan Rows": 1, "Plan Width": 0, "Actual Startup Time": 0.002, "Actual Total Time": 0.002, "Actual Rows": 0, "Actual Loops": 1, "One-Time Filter": "false"}]}, "Triggers": [], "Planner Runtime": 24.896, "Total Runtime": 0.1, "Unique SQL Id": 223205047}}, "(1, '80')": {"explain_plan": {"Plan": {"Node Type": "Aggregate", "Strategy": "Plain", "Startup Cost": 0.02, "Total Cost": 0.03, "Plan Rows": 1, "Plan Width": 96, "Plans": [{"Node Type": "Result", "Parent Relationship": "Outer", "Startup Cost": 0.0, "Total Cost": 0.01, "Plan Rows": 1, "Plan Width": 0, "One-Time Filter": "false"}]}, "Unique SQL Id": 223205047, "Planner Runtime": 24}, "explain_analyze_plan": {"Plan": {"Node Type": "Aggregate", "Strategy": "Plain", "Startup Cost": 0.02, "Total Cost": 0.03, "Plan Rows": 1, "Plan Width": 96, "Actual Startup Time": 0.01, "Actual Total Time": 0.01, "Actual Rows": 1, "Actual Loops": 1, "Plans": [{"Node Type": "Result", "Parent Relationship": "Outer", "Startup Cost": 0.0, "Total Cost": 0.01, "Plan Rows": 1, "Plan Width": 0, "Actual Startup Time": 0.002, "Actual Total Time": 0.002, "Actual Rows": 0, "Actual Loops": 1, "One-Time Filter": "false"}]}, "Triggers": [], "Planner Runtime": 24.896, "Total Runtime": 0.1, "Unique SQL Id": 223205047}}, "(1, '81')": {"explain_plan": {"Plan": {"Node Type": "Aggregate", "Strategy": "Plain", "Startup Cost": 0.02, "Total Cost": 0.03, "Plan Rows": 1, "Plan Width": 96, "Plans": [{"Node Type": "Result", "Parent Relationship": "Outer", "Startup Cost": 0.0, "Total Cost": 0.01, "Plan Rows": 1, "Plan Width": 0, "One-Time Filter": "false"}]}, "Unique SQL Id": 223205047, "Planner Runtime": 23}, "explain_analyze_plan": {"Plan": {"Node Type": "Aggregate", "Strategy": "Plain", "Startup Cost": 0.02, "Total Cost": 0.03, "Plan Rows": 1, "Plan Width": 96, "Actual Startup Time": 0.01, "Actual Total Time": 0.01, "Actual Rows": 1, "Actual Loops": 1, "Plans": [{"Node Type": "Result", "Parent Relationship": "Outer", "Startup Cost": 0.0, "Total Cost": 0.01, "Plan Rows": 1, "Plan Width": 0, "Actual Startup Time": 0.002, "Actual Total Time": 0.002, "Actual Rows": 0, "Actual Loops": 1, "One-Time Filter": "false"}]}, "Triggers": [], "Planner Runtime": 24.896, "Total Runtime": 0.1, "Unique SQL Id": 223205047}}, "(1, '82')": {"explain_plan": {"Plan": {"Node Type": "Aggregate", "Strategy": "Plain", "Startup Cost": 0.02, "Total Cost": 0.03, "Plan Rows": 1, "Plan Width": 96, "Plans": [{"Node Type": "Result", "Parent Relationship": "Outer", "Startup Cost": 0.0, "Total Cost": 0.01, "Plan Rows": 1, "Plan Width": 0, "One-Time Filter": "false"}]}, "Unique SQL Id": 223205047, "Planner Runtime": 24}, "explain_analyze_plan": {"Plan": {"Node Type": "Aggregate", "Strategy": "Plain", "Startup Cost": 0.02, "Total Cost": 0.03, "Plan Rows": 1, "Plan Width": 96, "Actual Startup Time": 0.01, "Actual Total Time": 0.01, "Actual Rows": 1, "Actual Loops": 1, "Plans": [{"Node Type": "Result", "Parent Relationship": "Outer", "Startup Cost": 0.0, "Total Cost": 0.01, "Plan Rows": 1, "Plan Width": 0, "Actual Startup Time": 0.002, "Actual Total Time": 0.002, "Actual Rows": 0, "Actual Loops": 1, "One-Time Filter": "false"}]}, "Triggers": [], "Planner Runtime": 24.896, "Total Runtime": 0.1, "Unique SQL Id": 223205047}}, "(1, '83')": {"explain_plan": {"Plan": {"Node Type": "Aggregate", "Strategy": "Plain", "Startup Cost": 0.02, "Total Cost": 0.03, "Plan Rows": 1, "Plan Width": 96, "Plans": [{"Node Type": "Result", "Parent Relationship": "Outer", "Startup Cost": 0.0, "Total Cost": 0.01, "Plan Rows": 1, "Plan Width": 0, "One-Time Filter": "false"}]}, "Unique SQL Id": 223205047, "Planner Runtime": 25}, "explain_analyze_plan": {"Plan": {"Node Type": "Aggregate", "Strategy": "Plain", "Startup Cost": 0.02, "Total Cost": 0.03, "Plan Rows": 1, "Plan Width": 96, "Actual Startup Time": 0.01, "Actual Total Time": 0.01, "Actual Rows": 1, "Actual Loops": 1, "Plans": [{"Node Type": "Result", "Parent Relationship": "Outer", "Startup Cost": 0.0, "Total Cost": 0.01, "Plan Rows": 1, "Plan Width": 0, "Actual Startup Time": 0.002, "Actual Total Time": 0.002, "Actual Rows": 0, "Actual Loops": 1, "One-Time Filter": "false"}]}, "Triggers": [], "Planner Runtime": 24.896, "Total Runtime": 0.1, "Unique SQL Id": 223205047}}, "(1, '84')": {"explain_plan": {"Plan": {"Node Type": "Aggregate", "Strategy": "Plain", "Startup Cost": 0.02, "Total Cost": 0.03, "Plan Rows": 1, "Plan Width": 96, "Plans": [{"Node Type": "Result", "Parent Relationship": "Outer", "Startup Cost": 0.0, "Total Cost": 0.01, "Plan Rows": 1, "Plan Width": 0, "One-Time Filter": "false"}]}, "Unique SQL Id": 223205047, "Planner Runtime": 25}, "explain_analyze_plan": {"Plan": {"Node Type": "Aggregate", "Strategy": "Plain", "Startup Cost": 0.02, "Total Cost": 0.03, "Plan Rows": 1, "Plan Width": 96, "Actual Startup Time": 0.01, "Actual Total Time": 0.01, "Actual Rows": 1, "Actual Loops": 1, "Plans": [{"Node Type": "Result", "Parent Relationship": "Outer", "Startup Cost": 0.0, "Total Cost": 0.01, "Plan Rows": 1, "Plan Width": 0, "Actual Startup Time": 0.002, "Actual Total Time": 0.002, "Actual Rows": 0, "Actual Loops": 1, "One-Time Filter": "false"}]}, "Triggers": [], "Planner Runtime": 24.896, "Total Runtime": 0.1, "Unique SQL Id": 223205047}}, "(1, '85')": {"explain_plan": {"Plan": {"Node Type": "Aggregate", "Strategy": "Plain", "Startup Cost": 0.02, "Total Cost": 0.03, "Plan Rows": 1, "Plan Width": 96, "Plans": [{"Node Type": "Result", "Parent Relationship": "Outer", "Startup Cost": 0.0, "Total Cost": 0.01, "Plan Rows": 1, "Plan Width": 0, "One-Time Filter": "false"}]}, "Unique SQL Id": 223205047, "Planner Runtime": 24}, "explain_analyze_plan": {"Plan": {"Node Type": "Aggregate", "Strategy": "Plain", "Startup Cost": 0.02, "Total Cost": 0.03, "Plan Rows": 1, "Plan Width": 96, "Actual Startup Time": 0.01, "Actual Total Time": 0.01, "Actual Rows": 1, "Actual Loops": 1, "Plans": [{"Node Type": "Result", "Parent Relationship": "Outer", "Startup Cost": 0.0, "Total Cost": 0.01, "Plan Rows": 1, "Plan Width": 0, "Actual Startup Time": 0.002, "Actual Total Time": 0.002, "Actual Rows": 0, "Actual Loops": 1, "One-Time Filter": "false"}]}, "Triggers": [], "Planner Runtime": 24.896, "Total Runtime": 0.1, "Unique SQL Id": 223205047}}, "(1, '86')": {"explain_plan": {"Plan": {"Node Type": "Aggregate", "Strategy": "Plain", "Startup Cost": 0.02, "Total Cost": 0.03, "Plan Rows": 1, "Plan Width": 96, "Plans": [{"Node Type": "Result", "Parent Relationship": "Outer", "Startup Cost": 0.0, "Total Cost": 0.01, "Plan Rows": 1, "Plan Width": 0, "One-Time Filter": "false"}]}, "Unique SQL Id": 223205047, "Planner Runtime": 24}, "explain_analyze_plan": {"Plan": {"Node Type": "Aggregate", "Strategy": "Plain", "Startup Cost": 0.02, "Total Cost": 0.03, "Plan Rows": 1, "Plan Width": 96, "Actual Startup Time": 0.01, "Actual Total Time": 0.01, "Actual Rows": 1, "Actual Loops": 1, "Plans": [{"Node Type": "Result", "Parent Relationship": "Outer", "Startup Cost": 0.0, "Total Cost": 0.01, "Plan Rows": 1, "Plan Width": 0, "Actual Startup Time": 0.002, "Actual Total Time": 0.002, "Actual Rows": 0, "Actual Loops": 1, "One-Time Filter": "false"}]}, "Triggers": [], "Planner Runtime": 24.896, "Total Runtime": 0.1, "Unique SQL Id": 223205047}}, "(1, '87')": {"explain_plan": {"Plan": {"Node Type": "Aggregate", "Strategy": "Plain", "Startup Cost": 0.02, "Total Cost": 0.03, "Plan Rows": 1, "Plan Width": 96, "Plans": [{"Node Type": "Result", "Parent Relationship": "Outer", "Startup Cost": 0.0, "Total Cost": 0.01, "Plan Rows": 1, "Plan Width": 0, "One-Time Filter": "false"}]}, "Unique SQL Id": 223205047, "Planner Runtime": 24}, "explain_analyze_plan": {"Plan": {"Node Type": "Aggregate", "Strategy": "Plain", "Startup Cost": 0.02, "Total Cost": 0.03, "Plan Rows": 1, "Plan Width": 96, "Actual Startup Time": 0.01, "Actual Total Time": 0.01, "Actual Rows": 1, "Actual Loops": 1, "Plans": [{"Node Type": "Result", "Parent Relationship": "Outer", "Startup Cost": 0.0, "Total Cost": 0.01, "Plan Rows": 1, "Plan Width": 0, "Actual Startup Time": 0.002, "Actual Total Time": 0.002, "Actual Rows": 0, "Actual Loops": 1, "One-Time Filter": "false"}]}, "Triggers": [], "Planner Runtime": 24.896, "Total Runtime": 0.1, "Unique SQL Id": 223205047}}, "(1, '88')": {"explain_plan": {"Plan": {"Node Type": "Aggregate", "Strategy": "Plain", "Startup Cost": 0.02, "Total Cost": 0.03, "Plan Rows": 1, "Plan Width": 96, "Plans": [{"Node Type": "Result", "Parent Relationship": "Outer", "Startup Cost": 0.0, "Total Cost": 0.01, "Plan Rows": 1, "Plan Width": 0, "One-Time Filter": "false"}]}, "Unique SQL Id": 223205047, "Planner Runtime": 24}, "explain_analyze_plan": {"Plan": {"Node Type": "Aggregate", "Strategy": "Plain", "Startup Cost": 0.02, "Total Cost": 0.03, "Plan Rows": 1, "Plan Width": 96, "Actual Startup Time": 0.01, "Actual Total Time": 0.01, "Actual Rows": 1, "Actual Loops": 1, "Plans": [{"Node Type": "Result", "Parent Relationship": "Outer", "Startup Cost": 0.0, "Total Cost": 0.01, "Plan Rows": 1, "Plan Width": 0, "Actual Startup Time": 0.002, "Actual Total Time": 0.002, "Actual Rows": 0, "Actual Loops": 1, "One-Time Filter": "false"}]}, "Triggers": [], "Planner Runtime": 24.896, "Total Runtime": 0.1, "Unique SQL Id": 223205047}}, "(1, '89')": {"explain_plan": {"Plan": {"Node Type": "Aggregate", "Strategy": "Plain", "Startup Cost": 0.02, "Total Cost": 0.03, "Plan Rows": 1, "Plan Width": 96, "Plans": [{"Node Type": "Result", "Parent Relationship": "Outer", "Startup Cost": 0.0, "Total Cost": 0.01, "Plan Rows": 1, "Plan Width": 0, "One-Time Filter": "false"}]}, "Unique SQL Id": 223205047, "Planner Runtime": 24}, "explain_analyze_plan": {"Plan": {"Node Type": "Aggregate", "Strategy": "Plain", "Startup Cost": 0.02, "Total Cost": 0.03, "Plan Rows": 1, "Plan Width": 96, "Actual Startup Time": 0.01, "Actual Total Time": 0.01, "Actual Rows": 1, "Actual Loops": 1, "Plans": [{"Node Type": "Result", "Parent Relationship": "Outer", "Startup Cost": 0.0, "Total Cost": 0.01, "Plan Rows": 1, "Plan Width": 0, "Actual Startup Time": 0.002, "Actual Total Time": 0.002, "Actual Rows": 0, "Actual Loops": 1, "One-Time Filter": "false"}]}, "Triggers": [], "Planner Runtime": 24.896, "Total Runtime": 0.1, "Unique SQL Id": 223205047}}, "(1, '90')": {"explain_plan": {"Plan": {"Node Type": "Aggregate", "Strategy": "Plain", "Startup Cost": 0.02, "Total Cost": 0.03, "Plan Rows": 1, "Plan Width": 96, "Plans": [{"Node Type": "Result", "Parent Relationship": "Outer", "Startup Cost": 0.0, "Total Cost": 0.01, "Plan Rows": 1, "Plan Width": 0, "One-Time Filter": "false"}]}, "Unique SQL Id": 223205047, "Planner Runtime": 24}, "explain_analyze_plan": {"Plan": {"Node Type": "Aggregate", "Strategy": "Plain", "Startup Cost": 0.02, "Total Cost": 0.03, "Plan Rows": 1, "Plan Width": 96, "Actual Startup Time": 0.01, "Actual Total Time": 0.01, "Actual Rows": 1, "Actual Loops": 1, "Plans": [{"Node Type": "Result", "Parent Relationship": "Outer", "Startup Cost": 0.0, "Total Cost": 0.01, "Plan Rows": 1, "Plan Width": 0, "Actual Startup Time": 0.002, "Actual Total Time": 0.002, "Actual Rows": 0, "Actual Loops": 1, "One-Time Filter": "false"}]}, "Triggers": [], "Planner Runtime": 24.896, "Total Runtime": 0.1, "Unique SQL Id": 223205047}}, "(1, '91')": {"explain_plan": {"Plan": {"Node Type": "Aggregate", "Strategy": "Plain", "Startup Cost": 0.02, "Total Cost": 0.03, "Plan Rows": 1, "Plan Width": 96, "Plans": [{"Node Type": "Result", "Parent Relationship": "Outer", "Startup Cost": 0.0, "Total Cost": 0.01, "Plan Rows": 1, "Plan Width": 0, "One-Time Filter": "false"}]}, "Unique SQL Id": 223205047, "Planner Runtime": 24}, "explain_analyze_plan": {"Plan": {"Node Type": "Aggregate", "Strategy": "Plain", "Startup Cost": 0.02, "Total Cost": 0.03, "Plan Rows": 1, "Plan Width": 96, "Actual Startup Time": 0.01, "Actual Total Time": 0.01, "Actual Rows": 1, "Actual Loops": 1, "Plans": [{"Node Type": "Result", "Parent Relationship": "Outer", "Startup Cost": 0.0, "Total Cost": 0.01, "Plan Rows": 1, "Plan Width": 0, "Actual Startup Time": 0.002, "Actual Total Time": 0.002, "Actual Rows": 0, "Actual Loops": 1, "One-Time Filter": "false"}]}, "Triggers": [], "Planner Runtime": 24.896, "Total Runtime": 0.1, "Unique SQL Id": 223205047}}, "(1, '92')": {"explain_plan": {"Plan": {"Node Type": "Aggregate", "Strategy": "Plain", "Startup Cost": 0.02, "Total Cost": 0.03, "Plan Rows": 1, "Plan Width": 96, "Plans": [{"Node Type": "Result", "Parent Relationship": "Outer", "Startup Cost": 0.0, "Total Cost": 0.01, "Plan Rows": 1, "Plan Width": 0, "One-Time Filter": "false"}]}, "Unique SQL Id": 223205047, "Planner Runtime": 24}, "explain_analyze_plan": {"Plan": {"Node Type": "Aggregate", "Strategy": "Plain", "Startup Cost": 0.02, "Total Cost": 0.03, "Plan Rows": 1, "Plan Width": 96, "Actual Startup Time": 0.01, "Actual Total Time": 0.01, "Actual Rows": 1, "Actual Loops": 1, "Plans": [{"Node Type": "Result", "Parent Relationship": "Outer", "Startup Cost": 0.0, "Total Cost": 0.01, "Plan Rows": 1, "Plan Width": 0, "Actual Startup Time": 0.002, "Actual Total Time": 0.002, "Actual Rows": 0, "Actual Loops": 1, "One-Time Filter": "false"}]}, "Triggers": [], "Planner Runtime": 24.896, "Total Runtime": 0.1, "Unique SQL Id": 223205047}}, "(1, '93')": {"explain_plan": {"Plan": {"Node Type": "Aggregate", "Strategy": "Plain", "Startup Cost": 0.02, "Total Cost": 0.03, "Plan Rows": 1, "Plan Width": 96, "Plans": [{"Node Type": "Result", "Parent Relationship": "Outer", "Startup Cost": 0.0, "Total Cost": 0.01, "Plan Rows": 1, "Plan Width": 0, "One-Time Filter": "false"}]}, "Unique SQL Id": 223205047, "Planner Runtime": 24}, "explain_analyze_plan": {"Plan": {"Node Type": "Aggregate", "Strategy": "Plain", "Startup Cost": 0.02, "Total Cost": 0.03, "Plan Rows": 1, "Plan Width": 96, "Actual Startup Time": 0.01, "Actual Total Time": 0.01, "Actual Rows": 1, "Actual Loops": 1, "Plans": [{"Node Type": "Result", "Parent Relationship": "Outer", "Startup Cost": 0.0, "Total Cost": 0.01, "Plan Rows": 1, "Plan Width": 0, "Actual Startup Time": 0.002, "Actual Total Time": 0.002, "Actual Rows": 0, "Actual Loops": 1, "One-Time Filter": "false"}]}, "Triggers": [], "Planner Runtime": 24.896, "Total Runtime": 0.1, "Unique SQL Id": 223205047}}, "(1, '94')": {"explain_plan": {"Plan": {"Node Type": "Aggregate", "Strategy": "Plain", "Startup Cost": 0.02, "Total Cost": 0.03, "Plan Rows": 1, "Plan Width": 96, "Plans": [{"Node Type": "Result", "Parent Relationship": "Outer", "Startup Cost": 0.0, "Total Cost": 0.01, "Plan Rows": 1, "Plan Width": 0, "One-Time Filter": "false"}]}, "Unique SQL Id": 223205047, "Planner Runtime": 24}, "explain_analyze_plan": {"Plan": {"Node Type": "Aggregate", "Strategy": "Plain", "Startup Cost": 0.02, "Total Cost": 0.03, "Plan Rows": 1, "Plan Width": 96, "Actual Startup Time": 0.01, "Actual Total Time": 0.01, "Actual Rows": 1, "Actual Loops": 1, "Plans": [{"Node Type": "Result", "Parent Relationship": "Outer", "Startup Cost": 0.0, "Total Cost": 0.01, "Plan Rows": 1, "Plan Width": 0, "Actual Startup Time": 0.002, "Actual Total Time": 0.002, "Actual Rows": 0, "Actual Loops": 1, "One-Time Filter": "false"}]}, "Triggers": [], "Planner Runtime": 24.896, "Total Runtime": 0.1, "Unique SQL Id": 223205047}}, "(1, '95')": {"explain_plan": {"Plan": {"Node Type": "Aggregate", "Strategy": "Plain", "Startup Cost": 0.02, "Total Cost": 0.03, "Plan Rows": 1, "Plan Width": 96, "Plans": [{"Node Type": "Result", "Parent Relationship": "Outer", "Startup Cost": 0.0, "Total Cost": 0.01, "Plan Rows": 1, "Plan Width": 0, "One-Time Filter": "false"}]}, "Unique SQL Id": 223205047, "Planner Runtime": 24}, "explain_analyze_plan": {"Plan": {"Node Type": "Aggregate", "Strategy": "Plain", "Startup Cost": 0.02, "Total Cost": 0.03, "Plan Rows": 1, "Plan Width": 96, "Actual Startup Time": 0.01, "Actual Total Time": 0.01, "Actual Rows": 1, "Actual Loops": 1, "Plans": [{"Node Type": "Result", "Parent Relationship": "Outer", "Startup Cost": 0.0, "Total Cost": 0.01, "Plan Rows": 1, "Plan Width": 0, "Actual Startup Time": 0.002, "Actual Total Time": 0.002, "Actual Rows": 0, "Actual Loops": 1, "One-Time Filter": "false"}]}, "Triggers": [], "Planner Runtime": 24.896, "Total Runtime": 0.1, "Unique SQL Id": 223205047}}, "(1, '96')": {"explain_plan": {"Plan": {"Node Type": "Aggregate", "Strategy": "Plain", "Startup Cost": 0.02, "Total Cost": 0.03, "Plan Rows": 1, "Plan Width": 96, "Plans": [{"Node Type": "Result", "Parent Relationship": "Outer", "Startup Cost": 0.0, "Total Cost": 0.01, "Plan Rows": 1, "Plan Width": 0, "One-Time Filter": "false"}]}, "Unique SQL Id": 223205047, "Planner Runtime": 24}, "explain_analyze_plan": {"Plan": {"Node Type": "Aggregate", "Strategy": "Plain", "Startup Cost": 0.02, "Total Cost": 0.03, "Plan Rows": 1, "Plan Width": 96, "Actual Startup Time": 0.01, "Actual Total Time": 0.01, "Actual Rows": 1, "Actual Loops": 1, "Plans": [{"Node Type": "Result", "Parent Relationship": "Outer", "Startup Cost": 0.0, "Total Cost": 0.01, "Plan Rows": 1, "Plan Width": 0, "Actual Startup Time": 0.002, "Actual Total Time": 0.002, "Actual Rows": 0, "Actual Loops": 1, "One-Time Filter": "false"}]}, "Triggers": [], "Planner Runtime": 24.896, "Total Runtime": 0.1, "Unique SQL Id": 223205047}}, "(1, '97')": {"explain_plan": {"Plan": {"Node Type": "Aggregate", "Strategy": "Plain", "Startup Cost": 0.02, "Total Cost": 0.03, "Plan Rows": 1, "Plan Width": 96, "Plans": [{"Node Type": "Result", "Parent Relationship": "Outer", "Startup Cost": 0.0, "Total Cost": 0.01, "Plan Rows": 1, "Plan Width": 0, "One-Time Filter": "false"}]}, "Unique SQL Id": 223205047, "Planner Runtime": 24}, "explain_analyze_plan": {"Plan": {"Node Type": "Aggregate", "Strategy": "Plain", "Startup Cost": 0.02, "Total Cost": 0.03, "Plan Rows": 1, "Plan Width": 96, "Actual Startup Time": 0.01, "Actual Total Time": 0.01, "Actual Rows": 1, "Actual Loops": 1, "Plans": [{"Node Type": "Result", "Parent Relationship": "Outer", "Startup Cost": 0.0, "Total Cost": 0.01, "Plan Rows": 1, "Plan Width": 0, "Actual Startup Time": 0.002, "Actual Total Time": 0.002, "Actual Rows": 0, "Actual Loops": 1, "One-Time Filter": "false"}]}, "Triggers": [], "Planner Runtime": 24.896, "Total Runtime": 0.1, "Unique SQL Id": 223205047}}, "(1, '98')": {"explain_plan": {"Plan": {"Node Type": "Aggregate", "Strategy": "Plain", "Startup Cost": 0.02, "Total Cost": 0.03, "Plan Rows": 1, "Plan Width": 96, "Plans": [{"Node Type": "Result", "Parent Relationship": "Outer", "Startup Cost": 0.0, "Total Cost": 0.01, "Plan Rows": 1, "Plan Width": 0, "One-Time Filter": "false"}]}, "Unique SQL Id": 223205047, "Planner Runtime": 24}, "explain_analyze_plan": {"Plan": {"Node Type": "Aggregate", "Strategy": "Plain", "Startup Cost": 0.02, "Total Cost": 0.03, "Plan Rows": 1, "Plan Width": 96, "Actual Startup Time": 0.01, "Actual Total Time": 0.01, "Actual Rows": 1, "Actual Loops": 1, "Plans": [{"Node Type": "Result", "Parent Relationship": "Outer", "Startup Cost": 0.0, "Total Cost": 0.01, "Plan Rows": 1, "Plan Width": 0, "Actual Startup Time": 0.002, "Actual Total Time": 0.002, "Actual Rows": 0, "Actual Loops": 1, "One-Time Filter": "false"}]}, "Triggers": [], "Planner Runtime": 24.896, "Total Runtime": 0.1, "Unique SQL Id": 223205047}}, "(1, '99')": {"explain_plan": {"Plan": {"Node Type": "Aggregate", "Strategy": "Plain", "Startup Cost": 0.02, "Total Cost": 0.03, "Plan Rows": 1, "Plan Width": 96, "Plans": [{"Node Type": "Result", "Parent Relationship": "Outer", "Startup Cost": 0.0, "Total Cost": 0.01, "Plan Rows": 1, "Plan Width": 0, "One-Time Filter": "false"}]}, "Unique SQL Id": 223205047, "Planner Runtime": 24}, "explain_analyze_plan": {"Plan": {"Node Type": "Aggregate", "Strategy": "Plain", "Startup Cost": 0.02, "Total Cost": 0.03, "Plan Rows": 1, "Plan Width": 96, "Actual Startup Time": 0.01, "Actual Total Time": 0.01, "Actual Rows": 1, "Actual Loops": 1, "Plans": [{"Node Type": "Result", "Parent Relationship": "Outer", "Startup Cost": 0.0, "Total Cost": 0.01, "Plan Rows": 1, "Plan Width": 0, "Actual Startup Time": 0.002, "Actual Total Time": 0.002, "Actual Rows": 0, "Actual Loops": 1, "One-Time Filter": "false"}]}, "Triggers": [], "Planner Runtime": 24.896, "Total Runtime": 0.1, "Unique SQL Id": 223205047}}, "(1, '100')": {"explain_plan": {"Plan": {"Node Type": "Aggregate", "Strategy": "Plain", "Startup Cost": 0.02, "Total Cost": 0.03, "Plan Rows": 1, "Plan Width": 96, "Plans": [{"Node Type": "Result", "Parent Relationship": "Outer", "Startup Cost": 0.0, "Total Cost": 0.01, "Plan Rows": 1, "Plan Width": 0, "One-Time Filter": "false"}]}, "Unique SQL Id": 223205047, "Planner Runtime": 24}, "explain_analyze_plan": {"Plan": {"Node Type": "Aggregate", "Strategy": "Plain", "Startup Cost": 0.02, "Total Cost": 0.03, "Plan Rows": 1, "Plan Width": 96, "Actual Startup Time": 0.01, "Actual Total Time": 0.01, "Actual Rows": 1, "Actual Loops": 1, "Plans": [{"Node Type": "Result", "Parent Relationship": "Outer", "Startup Cost": 0.0, "Total Cost": 0.01, "Plan Rows": 1, "Plan Width": 0, "Actual Startup Time": 0.002, "Actual Total Time": 0.002, "Actual Rows": 0, "Actual Loops": 1, "One-Time Filter": "false"}]}, "Triggers": [], "Planner Runtime": 24.896, "Total Runtime": 0.1, "Unique SQL Id": 223205047}}, "(1, '101')": {"explain_plan": {"Plan": {"Node Type": "Aggregate", "Strategy": "Plain", "Startup Cost": 0.02, "Total Cost": 0.03, "Plan Rows": 1, "Plan Width": 96, "Plans": [{"Node Type": "Result", "Parent Relationship": "Outer", "Startup Cost": 0.0, "Total Cost": 0.01, "Plan Rows": 1, "Plan Width": 0, "One-Time Filter": "false"}]}, "Unique SQL Id": 223205047, "Planner Runtime": 23}, "explain_analyze_plan": {"Plan": {"Node Type": "Aggregate", "Strategy": "Plain", "Startup Cost": 0.02, "Total Cost": 0.03, "Plan Rows": 1, "Plan Width": 96, "Actual Startup Time": 0.01, "Actual Total Time": 0.01, "Actual Rows": 1, "Actual Loops": 1, "Plans": [{"Node Type": "Result", "Parent Relationship": "Outer", "Startup Cost": 0.0, "Total Cost": 0.01, "Plan Rows": 1, "Plan Width": 0, "Actual Startup Time": 0.002, "Actual Total Time": 0.002, "Actual Rows": 0, "Actual Loops": 1, "One-Time Filter": "false"}]}, "Triggers": [], "Planner Runtime": 24.896, "Total Runtime": 0.1, "Unique SQL Id": 223205047}}, "(1, '102')": {"explain_plan": {"Plan": {"Node Type": "Aggregate", "Strategy": "Plain", "Startup Cost": 0.02, "Total Cost": 0.03, "Plan Rows": 1, "Plan Width": 96, "Plans": [{"Node Type": "Result", "Parent Relationship": "Outer", "Startup Cost": 0.0, "Total Cost": 0.01, "Plan Rows": 1, "Plan Width": 0, "One-Time Filter": "false"}]}, "Unique SQL Id": 223205047, "Planner Runtime": 24}, "explain_analyze_plan": {"Plan": {"Node Type": "Aggregate", "Strategy": "Plain", "Startup Cost": 0.02, "Total Cost": 0.03, "Plan Rows": 1, "Plan Width": 96, "Actual Startup Time": 0.01, "Actual Total Time": 0.01, "Actual Rows": 1, "Actual Loops": 1, "Plans": [{"Node Type": "Result", "Parent Relationship": "Outer", "Startup Cost": 0.0, "Total Cost": 0.01, "Plan Rows": 1, "Plan Width": 0, "Actual Startup Time": 0.002, "Actual Total Time": 0.002, "Actual Rows": 0, "Actual Loops": 1, "One-Time Filter": "false"}]}, "Triggers": [], "Planner Runtime": 24.896, "Total Runtime": 0.1, "Unique SQL Id": 223205047}}, "(1, '103')": {"explain_plan": {"Plan": {"Node Type": "Aggregate", "Strategy": "Plain", "Startup Cost": 0.02, "Total Cost": 0.03, "Plan Rows": 1, "Plan Width": 96, "Plans": [{"Node Type": "Result", "Parent Relationship": "Outer", "Startup Cost": 0.0, "Total Cost": 0.01, "Plan Rows": 1, "Plan Width": 0, "One-Time Filter": "false"}]}, "Unique SQL Id": 223205047, "Planner Runtime": 23}, "explain_analyze_plan": {"Plan": {"Node Type": "Aggregate", "Strategy": "Plain", "Startup Cost": 0.02, "Total Cost": 0.03, "Plan Rows": 1, "Plan Width": 96, "Actual Startup Time": 0.01, "Actual Total Time": 0.01, "Actual Rows": 1, "Actual Loops": 1, "Plans": [{"Node Type": "Result", "Parent Relationship": "Outer", "Startup Cost": 0.0, "Total Cost": 0.01, "Plan Rows": 1, "Plan Width": 0, "Actual Startup Time": 0.002, "Actual Total Time": 0.002, "Actual Rows": 0, "Actual Loops": 1, "One-Time Filter": "false"}]}, "Triggers": [], "Planner Runtime": 24.896, "Total Runtime": 0.1, "Unique SQL Id": 223205047}}, "(1, '104')": {"explain_plan": {"Plan": {"Node Type": "Aggregate", "Strategy": "Plain", "Startup Cost": 0.02, "Total Cost": 0.03, "Plan Rows": 1, "Plan Width": 96, "Plans": [{"Node Type": "Result", "Parent Relationship": "Outer", "Startup Cost": 0.0, "Total Cost": 0.01, "Plan Rows": 1, "Plan Width": 0, "One-Time Filter": "false"}]}, "Unique SQL Id": 223205047, "Planner Runtime": 24}, "explain_analyze_plan": {"Plan": {"Node Type": "Aggregate", "Strategy": "Plain", "Startup Cost": 0.02, "Total Cost": 0.03, "Plan Rows": 1, "Plan Width": 96, "Actual Startup Time": 0.01, "Actual Total Time": 0.01, "Actual Rows": 1, "Actual Loops": 1, "Plans": [{"Node Type": "Result", "Parent Relationship": "Outer", "Startup Cost": 0.0, "Total Cost": 0.01, "Plan Rows": 1, "Plan Width": 0, "Actual Startup Time": 0.002, "Actual Total Time": 0.002, "Actual Rows": 0, "Actual Loops": 1, "One-Time Filter": "false"}]}, "Triggers": [], "Planner Runtime": 24.896, "Total Runtime": 0.1, "Unique SQL Id": 223205047}}, "(1, '105')": {"explain_plan": {"Plan": {"Node Type": "Aggregate", "Strategy": "Plain", "Startup Cost": 0.02, "Total Cost": 0.03, "Plan Rows": 1, "Plan Width": 96, "Plans": [{"Node Type": "Result", "Parent Relationship": "Outer", "Startup Cost": 0.0, "Total Cost": 0.01, "Plan Rows": 1, "Plan Width": 0, "One-Time Filter": "false"}]}, "Unique SQL Id": 223205047, "Planner Runtime": 24}, "explain_analyze_plan": {"Plan": {"Node Type": "Aggregate", "Strategy": "Plain", "Startup Cost": 0.02, "Total Cost": 0.03, "Plan Rows": 1, "Plan Width": 96, "Actual Startup Time": 0.01, "Actual Total Time": 0.01, "Actual Rows": 1, "Actual Loops": 1, "Plans": [{"Node Type": "Result", "Parent Relationship": "Outer", "Startup Cost": 0.0, "Total Cost": 0.01, "Plan Rows": 1, "Plan Width": 0, "Actual Startup Time": 0.002, "Actual Total Time": 0.002, "Actual Rows": 0, "Actual Loops": 1, "One-Time Filter": "false"}]}, "Triggers": [], "Planner Runtime": 24.896, "Total Runtime": 0.1, "Unique SQL Id": 223205047}}, "(1, '106')": {"explain_plan": {"Plan": {"Node Type": "Aggregate", "Strategy": "Plain", "Startup Cost": 0.02, "Total Cost": 0.03, "Plan Rows": 1, "Plan Width": 96, "Plans": [{"Node Type": "Result", "Parent Relationship": "Outer", "Startup Cost": 0.0, "Total Cost": 0.01, "Plan Rows": 1, "Plan Width": 0, "One-Time Filter": "false"}]}, "Unique SQL Id": 223205047, "Planner Runtime": 24}, "explain_analyze_plan": {"Plan": {"Node Type": "Aggregate", "Strategy": "Plain", "Startup Cost": 0.02, "Total Cost": 0.03, "Plan Rows": 1, "Plan Width": 96, "Actual Startup Time": 0.01, "Actual Total Time": 0.01, "Actual Rows": 1, "Actual Loops": 1, "Plans": [{"Node Type": "Result", "Parent Relationship": "Outer", "Startup Cost": 0.0, "Total Cost": 0.01, "Plan Rows": 1, "Plan Width": 0, "Actual Startup Time": 0.002, "Actual Total Time": 0.002, "Actual Rows": 0, "Actual Loops": 1, "One-Time Filter": "false"}]}, "Triggers": [], "Planner Runtime": 24.896, "Total Runtime": 0.1, "Unique SQL Id": 223205047}}, "(1, '107')": {"explain_plan": {"Plan": {"Node Type": "Aggregate", "Strategy": "Plain", "Startup Cost": 0.02, "Total Cost": 0.03, "Plan Rows": 1, "Plan Width": 96, "Plans": [{"Node Type": "Result", "Parent Relationship": "Outer", "Startup Cost": 0.0, "Total Cost": 0.01, "Plan Rows": 1, "Plan Width": 0, "One-Time Filter": "false"}]}, "Unique SQL Id": 223205047, "Planner Runtime": 23}, "explain_analyze_plan": {"Plan": {"Node Type": "Aggregate", "Strategy": "Plain", "Startup Cost": 0.02, "Total Cost": 0.03, "Plan Rows": 1, "Plan Width": 96, "Actual Startup Time": 0.01, "Actual Total Time": 0.01, "Actual Rows": 1, "Actual Loops": 1, "Plans": [{"Node Type": "Result", "Parent Relationship": "Outer", "Startup Cost": 0.0, "Total Cost": 0.01, "Plan Rows": 1, "Plan Width": 0, "Actual Startup Time": 0.002, "Actual Total Time": 0.002, "Actual Rows": 0, "Actual Loops": 1, "One-Time Filter": "false"}]}, "Triggers": [], "Planner Runtime": 24.896, "Total Runtime": 0.1, "Unique SQL Id": 223205047}}, "(1, '108')": {"explain_plan": {"Plan": {"Node Type": "Aggregate", "Strategy": "Plain", "Startup Cost": 0.02, "Total Cost": 0.03, "Plan Rows": 1, "Plan Width": 96, "Plans": [{"Node Type": "Result", "Parent Relationship": "Outer", "Startup Cost": 0.0, "Total Cost": 0.01, "Plan Rows": 1, "Plan Width": 0, "One-Time Filter": "false"}]}, "Unique SQL Id": 223205047, "Planner Runtime": 24}, "explain_analyze_plan": {"Plan": {"Node Type": "Aggregate", "Strategy": "Plain", "Startup Cost": 0.02, "Total Cost": 0.03, "Plan Rows": 1, "Plan Width": 96, "Actual Startup Time": 0.01, "Actual Total Time": 0.01, "Actual Rows": 1, "Actual Loops": 1, "Plans": [{"Node Type": "Result", "Parent Relationship": "Outer", "Startup Cost": 0.0, "Total Cost": 0.01, "Plan Rows": 1, "Plan Width": 0, "Actual Startup Time": 0.002, "Actual Total Time": 0.002, "Actual Rows": 0, "Actual Loops": 1, "One-Time Filter": "false"}]}, "Triggers": [], "Planner Runtime": 24.896, "Total Runtime": 0.1, "Unique SQL Id": 223205047}}, "(1, '109')": {"explain_plan": {"Plan": {"Node Type": "Aggregate", "Strategy": "Plain", "Startup Cost": 0.02, "Total Cost": 0.03, "Plan Rows": 1, "Plan Width": 96, "Plans": [{"Node Type": "Result", "Parent Relationship": "Outer", "Startup Cost": 0.0, "Total Cost": 0.01, "Plan Rows": 1, "Plan Width": 0, "One-Time Filter": "false"}]}, "Unique SQL Id": 223205047, "Planner Runtime": 23}, "explain_analyze_plan": {"Plan": {"Node Type": "Aggregate", "Strategy": "Plain", "Startup Cost": 0.02, "Total Cost": 0.03, "Plan Rows": 1, "Plan Width": 96, "Actual Startup Time": 0.01, "Actual Total Time": 0.01, "Actual Rows": 1, "Actual Loops": 1, "Plans": [{"Node Type": "Result", "Parent Relationship": "Outer", "Startup Cost": 0.0, "Total Cost": 0.01, "Plan Rows": 1, "Plan Width": 0, "Actual Startup Time": 0.002, "Actual Total Time": 0.002, "Actual Rows": 0, "Actual Loops": 1, "One-Time Filter": "false"}]}, "Triggers": [], "Planner Runtime": 24.896, "Total Runtime": 0.1, "Unique SQL Id": 223205047}}, "(1, '110')": {"explain_plan": {"Plan": {"Node Type": "Aggregate", "Strategy": "Plain", "Startup Cost": 0.02, "Total Cost": 0.03, "Plan Rows": 1, "Plan Width": 96, "Plans": [{"Node Type": "Result", "Parent Relationship": "Outer", "Startup Cost": 0.0, "Total Cost": 0.01, "Plan Rows": 1, "Plan Width": 0, "One-Time Filter": "false"}]}, "Unique SQL Id": 223205047, "Planner Runtime": 24}, "explain_analyze_plan": {"Plan": {"Node Type": "Aggregate", "Strategy": "Plain", "Startup Cost": 0.02, "Total Cost": 0.03, "Plan Rows": 1, "Plan Width": 96, "Actual Startup Time": 0.01, "Actual Total Time": 0.01, "Actual Rows": 1, "Actual Loops": 1, "Plans": [{"Node Type": "Result", "Parent Relationship": "Outer", "Startup Cost": 0.0, "Total Cost": 0.01, "Plan Rows": 1, "Plan Width": 0, "Actual Startup Time": 0.002, "Actual Total Time": 0.002, "Actual Rows": 0, "Actual Loops": 1, "One-Time Filter": "false"}]}, "Triggers": [], "Planner Runtime": 24.896, "Total Runtime": 0.1, "Unique SQL Id": 223205047}}, "(1, '111')": {"explain_plan": {"Plan": {"Node Type": "Aggregate", "Strategy": "Plain", "Startup Cost": 0.02, "Total Cost": 0.03, "Plan Rows": 1, "Plan Width": 96, "Plans": [{"Node Type": "Result", "Parent Relationship": "Outer", "Startup Cost": 0.0, "Total Cost": 0.01, "Plan Rows": 1, "Plan Width": 0, "One-Time Filter": "false"}]}, "Unique SQL Id": 223205047, "Planner Runtime": 23}, "explain_analyze_plan": {"Plan": {"Node Type": "Aggregate", "Strategy": "Plain", "Startup Cost": 0.02, "Total Cost": 0.03, "Plan Rows": 1, "Plan Width": 96, "Actual Startup Time": 0.01, "Actual Total Time": 0.01, "Actual Rows": 1, "Actual Loops": 1, "Plans": [{"Node Type": "Result", "Parent Relationship": "Outer", "Startup Cost": 0.0, "Total Cost": 0.01, "Plan Rows": 1, "Plan Width": 0, "Actual Startup Time": 0.002, "Actual Total Time": 0.002, "Actual Rows": 0, "Actual Loops": 1, "One-Time Filter": "false"}]}, "Triggers": [], "Planner Runtime": 24.896, "Total Runtime": 0.1, "Unique SQL Id": 223205047}}, "(1, '112')": {"explain_plan": {"Plan": {"Node Type": "Aggregate", "Strategy": "Plain", "Startup Cost": 0.02, "Total Cost": 0.03, "Plan Rows": 1, "Plan Width": 96, "Plans": [{"Node Type": "Result", "Parent Relationship": "Outer", "Startup Cost": 0.0, "Total Cost": 0.01, "Plan Rows": 1, "Plan Width": 0, "One-Time Filter": "false"}]}, "Unique SQL Id": 223205047, "Planner Runtime": 24}, "explain_analyze_plan": {"Plan": {"Node Type": "Aggregate", "Strategy": "Plain", "Startup Cost": 0.02, "Total Cost": 0.03, "Plan Rows": 1, "Plan Width": 96, "Actual Startup Time": 0.01, "Actual Total Time": 0.01, "Actual Rows": 1, "Actual Loops": 1, "Plans": [{"Node Type": "Result", "Parent Relationship": "Outer", "Startup Cost": 0.0, "Total Cost": 0.01, "Plan Rows": 1, "Plan Width": 0, "Actual Startup Time": 0.002, "Actual Total Time": 0.002, "Actual Rows": 0, "Actual Loops": 1, "One-Time Filter": "false"}]}, "Triggers": [], "Planner Runtime": 24.896, "Total Runtime": 0.1, "Unique SQL Id": 223205047}}, "(1, '113')": {"explain_plan": {"Plan": {"Node Type": "Aggregate", "Strategy": "Plain", "Startup Cost": 0.02, "Total Cost": 0.03, "Plan Rows": 1, "Plan Width": 96, "Plans": [{"Node Type": "Result", "Parent Relationship": "Outer", "Startup Cost": 0.0, "Total Cost": 0.01, "Plan Rows": 1, "Plan Width": 0, "One-Time Filter": "false"}]}, "Unique SQL Id": 223205047, "Planner Runtime": 24}, "explain_analyze_plan": {"Plan": {"Node Type": "Aggregate", "Strategy": "Plain", "Startup Cost": 0.02, "Total Cost": 0.03, "Plan Rows": 1, "Plan Width": 96, "Actual Startup Time": 0.01, "Actual Total Time": 0.01, "Actual Rows": 1, "Actual Loops": 1, "Plans": [{"Node Type": "Result", "Parent Relationship": "Outer", "Startup Cost": 0.0, "Total Cost": 0.01, "Plan Rows": 1, "Plan Width": 0, "Actual Startup Time": 0.002, "Actual Total Time": 0.002, "Actual Rows": 0, "Actual Loops": 1, "One-Time Filter": "false"}]}, "Triggers": [], "Planner Runtime": 24.896, "Total Runtime": 0.1, "Unique SQL Id": 223205047}}, "(1, '114')": {"explain_plan": {"Plan": {"Node Type": "Aggregate", "Strategy": "Plain", "Startup Cost": 0.02, "Total Cost": 0.03, "Plan Rows": 1, "Plan Width": 96, "Plans": [{"Node Type": "Result", "Parent Relationship": "Outer", "Startup Cost": 0.0, "Total Cost": 0.01, "Plan Rows": 1, "Plan Width": 0, "One-Time Filter": "false"}]}, "Unique SQL Id": 223205047, "Planner Runtime": 24}, "explain_analyze_plan": {"Plan": {"Node Type": "Aggregate", "Strategy": "Plain", "Startup Cost": 0.02, "Total Cost": 0.03, "Plan Rows": 1, "Plan Width": 96, "Actual Startup Time": 0.01, "Actual Total Time": 0.01, "Actual Rows": 1, "Actual Loops": 1, "Plans": [{"Node Type": "Result", "Parent Relationship": "Outer", "Startup Cost": 0.0, "Total Cost": 0.01, "Plan Rows": 1, "Plan Width": 0, "Actual Startup Time": 0.002, "Actual Total Time": 0.002, "Actual Rows": 0, "Actual Loops": 1, "One-Time Filter": "false"}]}, "Triggers": [], "Planner Runtime": 24.896, "Total Runtime": 0.1, "Unique SQL Id": 223205047}}, "(1, '115')": {"explain_plan": {"Plan": {"Node Type": "Aggregate", "Strategy": "Plain", "Startup Cost": 0.02, "Total Cost": 0.03, "Plan Rows": 1, "Plan Width": 96, "Plans": [{"Node Type": "Result", "Parent Relationship": "Outer", "Startup Cost": 0.0, "Total Cost": 0.01, "Plan Rows": 1, "Plan Width": 0, "One-Time Filter": "false"}]}, "Unique SQL Id": 223205047, "Planner Runtime": 24}, "explain_analyze_plan": {"Plan": {"Node Type": "Aggregate", "Strategy": "Plain", "Startup Cost": 0.02, "Total Cost": 0.03, "Plan Rows": 1, "Plan Width": 96, "Actual Startup Time": 0.01, "Actual Total Time": 0.01, "Actual Rows": 1, "Actual Loops": 1, "Plans": [{"Node Type": "Result", "Parent Relationship": "Outer", "Startup Cost": 0.0, "Total Cost": 0.01, "Plan Rows": 1, "Plan Width": 0, "Actual Startup Time": 0.002, "Actual Total Time": 0.002, "Actual Rows": 0, "Actual Loops": 1, "One-Time Filter": "false"}]}, "Triggers": [], "Planner Runtime": 24.896, "Total Runtime": 0.1, "Unique SQL Id": 223205047}}, "(1, '116')": {"explain_plan": {"Plan": {"Node Type": "Aggregate", "Strategy": "Plain", "Startup Cost": 0.02, "Total Cost": 0.03, "Plan Rows": 1, "Plan Width": 96, "Plans": [{"Node Type": "Result", "Parent Relationship": "Outer", "Startup Cost": 0.0, "Total Cost": 0.01, "Plan Rows": 1, "Plan Width": 0, "One-Time Filter": "false"}]}, "Unique SQL Id": 223205047, "Planner Runtime": 24}, "explain_analyze_plan": {"Plan": {"Node Type": "Aggregate", "Strategy": "Plain", "Startup Cost": 0.02, "Total Cost": 0.03, "Plan Rows": 1, "Plan Width": 96, "Actual Startup Time": 0.01, "Actual Total Time": 0.01, "Actual Rows": 1, "Actual Loops": 1, "Plans": [{"Node Type": "Result", "Parent Relationship": "Outer", "Startup Cost": 0.0, "Total Cost": 0.01, "Plan Rows": 1, "Plan Width": 0, "Actual Startup Time": 0.002, "Actual Total Time": 0.002, "Actual Rows": 0, "Actual Loops": 1, "One-Time Filter": "false"}]}, "Triggers": [], "Planner Runtime": 24.896, "Total Runtime": 0.1, "Unique SQL Id": 223205047}}, "(1, '117')": {"explain_plan": {"Plan": {"Node Type": "Aggregate", "Strategy": "Plain", "Startup Cost": 0.02, "Total Cost": 0.03, "Plan Rows": 1, "Plan Width": 96, "Plans": [{"Node Type": "Result", "Parent Relationship": "Outer", "Startup Cost": 0.0, "Total Cost": 0.01, "Plan Rows": 1, "Plan Width": 0, "One-Time Filter": "false"}]}, "Unique SQL Id": 223205047, "Planner Runtime": 23}, "explain_analyze_plan": {"Plan": {"Node Type": "Aggregate", "Strategy": "Plain", "Startup Cost": 0.02, "Total Cost": 0.03, "Plan Rows": 1, "Plan Width": 96, "Actual Startup Time": 0.01, "Actual Total Time": 0.01, "Actual Rows": 1, "Actual Loops": 1, "Plans": [{"Node Type": "Result", "Parent Relationship": "Outer", "Startup Cost": 0.0, "Total Cost": 0.01, "Plan Rows": 1, "Plan Width": 0, "Actual Startup Time": 0.002, "Actual Total Time": 0.002, "Actual Rows": 0, "Actual Loops": 1, "One-Time Filter": "false"}]}, "Triggers": [], "Planner Runtime": 24.896, "Total Runtime": 0.1, "Unique SQL Id": 223205047}}, "(1, '118')": {"explain_plan": {"Plan": {"Node Type": "Aggregate", "Strategy": "Plain", "Startup Cost": 0.02, "Total Cost": 0.03, "Plan Rows": 1, "Plan Width": 96, "Plans": [{"Node Type": "Result", "Parent Relationship": "Outer", "Startup Cost": 0.0, "Total Cost": 0.01, "Plan Rows": 1, "Plan Width": 0, "One-Time Filter": "false"}]}, "Unique SQL Id": 223205047, "Planner Runtime": 24}, "explain_analyze_plan": {"Plan": {"Node Type": "Aggregate", "Strategy": "Plain", "Startup Cost": 0.02, "Total Cost": 0.03, "Plan Rows": 1, "Plan Width": 96, "Actual Startup Time": 0.01, "Actual Total Time": 0.01, "Actual Rows": 1, "Actual Loops": 1, "Plans": [{"Node Type": "Result", "Parent Relationship": "Outer", "Startup Cost": 0.0, "Total Cost": 0.01, "Plan Rows": 1, "Plan Width": 0, "Actual Startup Time": 0.002, "Actual Total Time": 0.002, "Actual Rows": 0, "Actual Loops": 1, "One-Time Filter": "false"}]}, "Triggers": [], "Planner Runtime": 24.896, "Total Runtime": 0.1, "Unique SQL Id": 223205047}}, "(1, '119')": {"explain_plan": {"Plan": {"Node Type": "Aggregate", "Strategy": "Plain", "Startup Cost": 0.02, "Total Cost": 0.03, "Plan Rows": 1, "Plan Width": 96, "Plans": [{"Node Type": "Result", "Parent Relationship": "Outer", "Startup Cost": 0.0, "Total Cost": 0.01, "Plan Rows": 1, "Plan Width": 0, "One-Time Filter": "false"}]}, "Unique SQL Id": 223205047, "Planner Runtime": 24}, "explain_analyze_plan": {"Plan": {"Node Type": "Aggregate", "Strategy": "Plain", "Startup Cost": 0.02, "Total Cost": 0.03, "Plan Rows": 1, "Plan Width": 96, "Actual Startup Time": 0.01, "Actual Total Time": 0.01, "Actual Rows": 1, "Actual Loops": 1, "Plans": [{"Node Type": "Result", "Parent Relationship": "Outer", "Startup Cost": 0.0, "Total Cost": 0.01, "Plan Rows": 1, "Plan Width": 0, "Actual Startup Time": 0.002, "Actual Total Time": 0.002, "Actual Rows": 0, "Actual Loops": 1, "One-Time Filter": "false"}]}, "Triggers": [], "Planner Runtime": 24.896, "Total Runtime": 0.1, "Unique SQL Id": 223205047}}, "(1, '120')": {"explain_plan": {"Plan": {"Node Type": "Aggregate", "Strategy": "Plain", "Startup Cost": 0.02, "Total Cost": 0.03, "Plan Rows": 1, "Plan Width": 96, "Plans": [{"Node Type": "Result", "Parent Relationship": "Outer", "Startup Cost": 0.0, "Total Cost": 0.01, "Plan Rows": 1, "Plan Width": 0, "One-Time Filter": "false"}]}, "Unique SQL Id": 223205047, "Planner Runtime": 24}, "explain_analyze_plan": {"Plan": {"Node Type": "Aggregate", "Strategy": "Plain", "Startup Cost": 0.02, "Total Cost": 0.03, "Plan Rows": 1, "Plan Width": 96, "Actual Startup Time": 0.01, "Actual Total Time": 0.01, "Actual Rows": 1, "Actual Loops": 1, "Plans": [{"Node Type": "Result", "Parent Relationship": "Outer", "Startup Cost": 0.0, "Total Cost": 0.01, "Plan Rows": 1, "Plan Width": 0, "Actual Startup Time": 0.002, "Actual Total Time": 0.002, "Actual Rows": 0, "Actual Loops": 1, "One-Time Filter": "false"}]}, "Triggers": [], "Planner Runtime": 24.896, "Total Runtime": 0.1, "Unique SQL Id": 223205047}}, "(1, '121')": {"explain_plan": {"Plan": {"Node Type": "Aggregate", "Strategy": "Plain", "Startup Cost": 0.02, "Total Cost": 0.03, "Plan Rows": 1, "Plan Width": 96, "Plans": [{"Node Type": "Result", "Parent Relationship": "Outer", "Startup Cost": 0.0, "Total Cost": 0.01, "Plan Rows": 1, "Plan Width": 0, "One-Time Filter": "false"}]}, "Unique SQL Id": 223205047, "Planner Runtime": 24}, "explain_analyze_plan": {"Plan": {"Node Type": "Aggregate", "Strategy": "Plain", "Startup Cost": 0.02, "Total Cost": 0.03, "Plan Rows": 1, "Plan Width": 96, "Actual Startup Time": 0.01, "Actual Total Time": 0.01, "Actual Rows": 1, "Actual Loops": 1, "Plans": [{"Node Type": "Result", "Parent Relationship": "Outer", "Startup Cost": 0.0, "Total Cost": 0.01, "Plan Rows": 1, "Plan Width": 0, "Actual Startup Time": 0.002, "Actual Total Time": 0.002, "Actual Rows": 0, "Actual Loops": 1, "One-Time Filter": "false"}]}, "Triggers": [], "Planner Runtime": 24.896, "Total Runtime": 0.1, "Unique SQL Id": 223205047}}, "(1, '122')": {"explain_plan": {"Plan": {"Node Type": "Aggregate", "Strategy": "Plain", "Startup Cost": 0.02, "Total Cost": 0.03, "Plan Rows": 1, "Plan Width": 96, "Plans": [{"Node Type": "Result", "Parent Relationship": "Outer", "Startup Cost": 0.0, "Total Cost": 0.01, "Plan Rows": 1, "Plan Width": 0, "One-Time Filter": "false"}]}, "Unique SQL Id": 223205047, "Planner Runtime": 24}, "explain_analyze_plan": {"Plan": {"Node Type": "Aggregate", "Strategy": "Plain", "Startup Cost": 0.02, "Total Cost": 0.03, "Plan Rows": 1, "Plan Width": 96, "Actual Startup Time": 0.01, "Actual Total Time": 0.01, "Actual Rows": 1, "Actual Loops": 1, "Plans": [{"Node Type": "Result", "Parent Relationship": "Outer", "Startup Cost": 0.0, "Total Cost": 0.01, "Plan Rows": 1, "Plan Width": 0, "Actual Startup Time": 0.002, "Actual Total Time": 0.002, "Actual Rows": 0, "Actual Loops": 1, "One-Time Filter": "false"}]}, "Triggers": [], "Planner Runtime": 24.896, "Total Runtime": 0.1, "Unique SQL Id": 223205047}}, "(1, '123')": {"explain_plan": {"Plan": {"Node Type": "Aggregate", "Strategy": "Plain", "Startup Cost": 0.02, "Total Cost": 0.03, "Plan Rows": 1, "Plan Width": 96, "Plans": [{"Node Type": "Result", "Parent Relationship": "Outer", "Startup Cost": 0.0, "Total Cost": 0.01, "Plan Rows": 1, "Plan Width": 0, "One-Time Filter": "false"}]}, "Unique SQL Id": 223205047, "Planner Runtime": 23}, "explain_analyze_plan": {"Plan": {"Node Type": "Aggregate", "Strategy": "Plain", "Startup Cost": 0.02, "Total Cost": 0.03, "Plan Rows": 1, "Plan Width": 96, "Actual Startup Time": 0.01, "Actual Total Time": 0.01, "Actual Rows": 1, "Actual Loops": 1, "Plans": [{"Node Type": "Result", "Parent Relationship": "Outer", "Startup Cost": 0.0, "Total Cost": 0.01, "Plan Rows": 1, "Plan Width": 0, "Actual Startup Time": 0.002, "Actual Total Time": 0.002, "Actual Rows": 0, "Actual Loops": 1, "One-Time Filter": "false"}]}, "Triggers": [], "Planner Runtime": 24.896, "Total Runtime": 0.1, "Unique SQL Id": 223205047}}, "(1, '124')": {"explain_plan": {"Plan": {"Node Type": "Aggregate", "Strategy": "Plain", "Startup Cost": 0.02, "Total Cost": 0.03, "Plan Rows": 1, "Plan Width": 96, "Plans": [{"Node Type": "Result", "Parent Relationship": "Outer", "Startup Cost": 0.0, "Total Cost": 0.01, "Plan Rows": 1, "Plan Width": 0, "One-Time Filter": "false"}]}, "Unique SQL Id": 223205047, "Planner Runtime": 24}, "explain_analyze_plan": {"Plan": {"Node Type": "Aggregate", "Strategy": "Plain", "Startup Cost": 0.02, "Total Cost": 0.03, "Plan Rows": 1, "Plan Width": 96, "Actual Startup Time": 0.01, "Actual Total Time": 0.01, "Actual Rows": 1, "Actual Loops": 1, "Plans": [{"Node Type": "Result", "Parent Relationship": "Outer", "Startup Cost": 0.0, "Total Cost": 0.01, "Plan Rows": 1, "Plan Width": 0, "Actual Startup Time": 0.002, "Actual Total Time": 0.002, "Actual Rows": 0, "Actual Loops": 1, "One-Time Filter": "false"}]}, "Triggers": [], "Planner Runtime": 24.896, "Total Runtime": 0.1, "Unique SQL Id": 223205047}}, "(1, '125')": {"explain_plan": {"Plan": {"Node Type": "Aggregate", "Strategy": "Plain", "Startup Cost": 0.02, "Total Cost": 0.03, "Plan Rows": 1, "Plan Width": 96, "Plans": [{"Node Type": "Result", "Parent Relationship": "Outer", "Startup Cost": 0.0, "Total Cost": 0.01, "Plan Rows": 1, "Plan Width": 0, "One-Time Filter": "false"}]}, "Unique SQL Id": 223205047, "Planner Runtime": 23}, "explain_analyze_plan": {"Plan": {"Node Type": "Aggregate", "Strategy": "Plain", "Startup Cost": 0.02, "Total Cost": 0.03, "Plan Rows": 1, "Plan Width": 96, "Actual Startup Time": 0.01, "Actual Total Time": 0.01, "Actual Rows": 1, "Actual Loops": 1, "Plans": [{"Node Type": "Result", "Parent Relationship": "Outer", "Startup Cost": 0.0, "Total Cost": 0.01, "Plan Rows": 1, "Plan Width": 0, "Actual Startup Time": 0.002, "Actual Total Time": 0.002, "Actual Rows": 0, "Actual Loops": 1, "One-Time Filter": "false"}]}, "Triggers": [], "Planner Runtime": 24.896, "Total Runtime": 0.1, "Unique SQL Id": 223205047}}, "(1, '126')": {"explain_plan": {"Plan": {"Node Type": "Aggregate", "Strategy": "Plain", "Startup Cost": 0.02, "Total Cost": 0.03, "Plan Rows": 1, "Plan Width": 96, "Plans": [{"Node Type": "Result", "Parent Relationship": "Outer", "Startup Cost": 0.0, "Total Cost": 0.01, "Plan Rows": 1, "Plan Width": 0, "One-Time Filter": "false"}]}, "Unique SQL Id": 223205047, "Planner Runtime": 24}, "explain_analyze_plan": {"Plan": {"Node Type": "Aggregate", "Strategy": "Plain", "Startup Cost": 0.02, "Total Cost": 0.03, "Plan Rows": 1, "Plan Width": 96, "Actual Startup Time": 0.01, "Actual Total Time": 0.01, "Actual Rows": 1, "Actual Loops": 1, "Plans": [{"Node Type": "Result", "Parent Relationship": "Outer", "Startup Cost": 0.0, "Total Cost": 0.01, "Plan Rows": 1, "Plan Width": 0, "Actual Startup Time": 0.002, "Actual Total Time": 0.002, "Actual Rows": 0, "Actual Loops": 1, "One-Time Filter": "false"}]}, "Triggers": [], "Planner Runtime": 24.896, "Total Runtime": 0.1, "Unique SQL Id": 223205047}}, "(1, '127')": {"explain_plan": {"Plan": {"Node Type": "Aggregate", "Strategy": "Plain", "Startup Cost": 0.02, "Total Cost": 0.03, "Plan Rows": 1, "Plan Width": 96, "Plans": [{"Node Type": "Result", "Parent Relationship": "Outer", "Startup Cost": 0.0, "Total Cost": 0.01, "Plan Rows": 1, "Plan Width": 0, "One-Time Filter": "false"}]}, "Unique SQL Id": 223205047, "Planner Runtime": 23}, "explain_analyze_plan": {"Plan": {"Node Type": "Aggregate", "Strategy": "Plain", "Startup Cost": 0.02, "Total Cost": 0.03, "Plan Rows": 1, "Plan Width": 96, "Actual Startup Time": 0.01, "Actual Total Time": 0.01, "Actual Rows": 1, "Actual Loops": 1, "Plans": [{"Node Type": "Result", "Parent Relationship": "Outer", "Startup Cost": 0.0, "Total Cost": 0.01, "Plan Rows": 1, "Plan Width": 0, "Actual Startup Time": 0.002, "Actual Total Time": 0.002, "Actual Rows": 0, "Actual Loops": 1, "One-Time Filter": "false"}]}, "Triggers": [], "Planner Runtime": 24.896, "Total Runtime": 0.1, "Unique SQL Id": 223205047}}, "(16, '0')": {"explain_plan": {"Plan": {"Node Type": "Aggregate", "Strategy": "Plain", "Startup Cost": 0.02, "Total Cost": 0.03, "Plan Rows": 1, "Plan Width": 96, "Plans": [{"Node Type": "Result", "Parent Relationship": "Outer", "Startup Cost": 0.0, "Total Cost": 0.01, "Plan Rows": 1, "Plan Width": 0, "One-Time Filter": "false"}]}, "Unique SQL Id": 223205047, "Planner Runtime": 192}, "explain_analyze_plan": {"Plan": {"Node Type": "Aggregate", "Strategy": "Plain", "Startup Cost": 0.02, "Total Cost": 0.03, "Plan Rows": 1, "Plan Width": 96, "Actual Startup Time": 0.012, "Actual Total Time": 0.012, "Actual Rows": 1, "Actual Loops": 1, "Plans": [{"Node Type": "Result", "Parent Relationship": "Outer", "Startup Cost": 0.0, "Total Cost": 0.01, "Plan Rows": 1, "Plan Width": 0, "Actual Startup Time": 0.003, "Actual Total Time": 0.003, "Actual Rows": 0, "Actual Loops": 1, "One-Time Filter": "false"}]}, "Triggers": [], "Planner Runtime": 188.628, "Total Runtime": 0.157, "Unique SQL Id": 223205047}}, "(16, '1')": {"explain_plan": {"Plan": {"Node Type": "Aggregate", "Strategy": "Plain", "Startup Cost": 0.02, "Total Cost": 0.03, "Plan Rows": 1, "Plan Width": 96, "Plans": [{"Node Type": "Result", "Parent Relationship": "Outer", "Startup Cost": 0.0, "Total Cost": 0.01, "Plan Rows": 1, "Plan Width": 0, "One-Time Filter": "false"}]}, "Unique SQL Id": 223205047, "Planner Runtime": 167}, "explain_analyze_plan": {"Plan": {"Node Type": "Aggregate", "Strategy": "Plain", "Startup Cost": 0.02, "Total Cost": 0.03, "Plan Rows": 1, "Plan Width": 96, "Actual Startup Time": 0.012, "Actual Total Time": 0.012, "Actual Rows": 1, "Actual Loops": 1, "Plans": [{"Node Type": "Result", "Parent Relationship": "Outer", "Startup Cost": 0.0, "Total Cost": 0.01, "Plan Rows": 1, "Plan Width": 0, "Actual Startup Time": 0.003, "Actual Total Time": 0.003, "Actual Rows": 0, "Actual Loops": 1, "One-Time Filter": "false"}]}, "Triggers": [], "Planner Runtime": 188.628, "Total Runtime": 0.157, "Unique SQL Id": 223205047}}, "(16, '2')": {"explain_plan": {"Plan": {"Node Type": "Aggregate", "Strategy": "Plain", "Startup Cost": 0.02, "Total Cost": 0.03, "Plan Rows": 1, "Plan Width": 96, "Plans": [{"Node Type": "Result", "Parent Relationship": "Outer", "Startup Cost": 0.0, "Total Cost": 0.01, "Plan Rows": 1, "Plan Width": 0, "One-Time Filter": "false"}]}, "Unique SQL Id": 223205047, "Planner Runtime": 191}, "explain_analyze_plan": {"Plan": {"Node Type": "Aggregate", "Strategy": "Plain", "Startup Cost": 0.02, "Total Cost": 0.03, "Plan Rows": 1, "Plan Width": 96, "Actual Startup Time": 0.012, "Actual Total Time": 0.012, "Actual Rows": 1, "Actual Loops": 1, "Plans": [{"Node Type": "Result", "Parent Relationship": "Outer", "Startup Cost": 0.0, "Total Cost": 0.01, "Plan Rows": 1, "Plan Width": 0, "Actual Startup Time": 0.003, "Actual Total Time": 0.003, "Actual Rows": 0, "Actual Loops": 1, "One-Time Filter": "false"}]}, "Triggers": [], "Planner Runtime": 188.628, "Total Runtime": 0.157, "Unique SQL Id": 223205047}}, "(16, '3')": {"explain_plan": {"Plan": {"Node Type": "Aggregate", "Strategy": "Plain", "Startup Cost": 0.02, "Total Cost": 0.03, "Plan Rows": 1, "Plan Width": 96, "Plans": [{"Node Type": "Result", "Parent Relationship": "Outer", "Startup Cost": 0.0, "Total Cost": 0.01, "Plan Rows": 1, "Plan Width": 0, "One-Time Filter": "false"}]}, "Unique SQL Id": 223205047, "Planner Runtime": 153}, "explain_analyze_plan": {"Plan": {"Node Type": "Aggregate", "Strategy": "Plain", "Startup Cost": 0.02, "Total Cost": 0.03, "Plan Rows": 1, "Plan Width": 96, "Actual Startup Time": 0.012, "Actual Total Time": 0.012, "Actual Rows": 1, "Actual Loops": 1, "Plans": [{"Node Type": "Result", "Parent Relationship": "Outer", "Startup Cost": 0.0, "Total Cost": 0.01, "Plan Rows": 1, "Plan Width": 0, "Actual Startup Time": 0.003, "Actual Total Time": 0.003, "Actual Rows": 0, "Actual Loops": 1, "One-Time Filter": "false"}]}, "Triggers": [], "Planner Runtime": 188.628, "Total Runtime": 0.157, "Unique SQL Id": 223205047}}, "(16, '4')": {"explain_plan": {"Plan": {"Node Type": "Aggregate", "Strategy": "Plain", "Startup Cost": 0.02, "Total Cost": 0.03, "Plan Rows": 1, "Plan Width": 96, "Plans": [{"Node Type": "Result", "Parent Relationship": "Outer", "Startup Cost": 0.0, "Total Cost": 0.01, "Plan Rows": 1, "Plan Width": 0, "One-Time Filter": "false"}]}, "Unique SQL Id": 223205047, "Planner Runtime": 196}, "explain_analyze_plan": {"Plan": {"Node Type": "Aggregate", "Strategy": "Plain", "Startup Cost": 0.02, "Total Cost": 0.03, "Plan Rows": 1, "Plan Width": 96, "Actual Startup Time": 0.012, "Actual Total Time": 0.012, "Actual Rows": 1, "Actual Loops": 1, "Plans": [{"Node Type": "Result", "Parent Relationship": "Outer", "Startup Cost": 0.0, "Total Cost": 0.01, "Plan Rows": 1, "Plan Width": 0, "Actual Startup Time": 0.003, "Actual Total Time": 0.003, "Actual Rows": 0, "Actual Loops": 1, "One-Time Filter": "false"}]}, "Triggers": [], "Planner Runtime": 188.628, "Total Runtime": 0.157, "Unique SQL Id": 223205047}}, "(16, '5')": {"explain_plan": {"Plan": {"Node Type": "Aggregate", "Strategy": "Plain", "Startup Cost": 0.02, "Total Cost": 0.03, "Plan Rows": 1, "Plan Width": 96, "Plans": [{"Node Type": "Result", "Parent Relationship": "Outer", "Startup Cost": 0.0, "Total Cost": 0.01, "Plan Rows": 1, "Plan Width": 0, "One-Time Filter": "false"}]}, "Unique SQL Id": 223205047, "Planner Runtime": 159}, "explain_analyze_plan": {"Plan": {"Node Type": "Aggregate", "Strategy": "Plain", "Startup Cost": 0.02, "Total Cost": 0.03, "Plan Rows": 1, "Plan Width": 96, "Actual Startup Time": 0.012, "Actual Total Time": 0.012, "Actual Rows": 1, "Actual Loops": 1, "Plans": [{"Node Type": "Result", "Parent Relationship": "Outer", "Startup Cost": 0.0, "Total Cost": 0.01, "Plan Rows": 1, "Plan Width": 0, "Actual Startup Time": 0.003, "Actual Total Time": 0.003, "Actual Rows": 0, "Actual Loops": 1, "One-Time Filter": "false"}]}, "Triggers": [], "Planner Runtime": 188.628, "Total Runtime": 0.157, "Unique SQL Id": 223205047}}, "(16, '6')": {"explain_plan": {"Plan": {"Node Type": "Aggregate", "Strategy": "Plain", "Startup Cost": 0.02, "Total Cost": 0.03, "Plan Rows": 1, "Plan Width": 96, "Plans": [{"Node Type": "Result", "Parent Relationship": "Outer", "Startup Cost": 0.0, "Total Cost": 0.01, "Plan Rows": 1, "Plan Width": 0, "One-Time Filter": "false"}]}, "Unique SQL Id": 223205047, "Planner Runtime": 196}, "explain_analyze_plan": {"Plan": {"Node Type": "Aggregate", "Strategy": "Plain", "Startup Cost": 0.02, "Total Cost": 0.03, "Plan Rows": 1, "Plan Width": 96, "Actual Startup Time": 0.012, "Actual Total Time": 0.012, "Actual Rows": 1, "Actual Loops": 1, "Plans": [{"Node Type": "Result", "Parent Relationship": "Outer", "Startup Cost": 0.0, "Total Cost": 0.01, "Plan Rows": 1, "Plan Width": 0, "Actual Startup Time": 0.003, "Actual Total Time": 0.003, "Actual Rows": 0, "Actual Loops": 1, "One-Time Filter": "false"}]}, "Triggers": [], "Planner Runtime": 188.628, "Total Runtime": 0.157, "Unique SQL Id": 223205047}}, "(16, '7')": {"explain_plan": {"Plan": {"Node Type": "Aggregate", "Strategy": "Plain", "Startup Cost": 0.02, "Total Cost": 0.03, "Plan Rows": 1, "Plan Width": 96, "Plans": [{"Node Type": "Result", "Parent Relationship": "Outer", "Startup Cost": 0.0, "Total Cost": 0.01, "Plan Rows": 1, "Plan Width": 0, "One-Time Filter": "false"}]}, "Unique SQL Id": 223205047, "Planner Runtime": 159}, "explain_analyze_plan": {"Plan": {"Node Type": "Aggregate", "Strategy": "Plain", "Startup Cost": 0.02, "Total Cost": 0.03, "Plan Rows": 1, "Plan Width": 96, "Actual Startup Time": 0.012, "Actual Total Time": 0.012, "Actual Rows": 1, "Actual Loops": 1, "Plans": [{"Node Type": "Result", "Parent Relationship": "Outer", "Startup Cost": 0.0, "Total Cost": 0.01, "Plan Rows": 1, "Plan Width": 0, "Actual Startup Time": 0.003, "Actual Total Time": 0.003, "Actual Rows": 0, "Actual Loops": 1, "One-Time Filter": "false"}]}, "Triggers": [], "Planner Runtime": 188.628, "Total Runtime": 0.157, "Unique SQL Id": 223205047}}, "(16, '8')": {"explain_plan": {"Plan": {"Node Type": "Aggregate", "Strategy": "Plain", "Startup Cost": 0.02, "Total Cost": 0.03, "Plan Rows": 1, "Plan Width": 96, "Plans": [{"Node Type": "Result", "Parent Relationship": "Outer", "Startup Cost": 0.0, "Total Cost": 0.01, "Plan Rows": 1, "Plan Width": 0, "One-Time Filter": "false"}]}, "Unique SQL Id": 223205047, "Planner Runtime": 195}, "explain_analyze_plan": {"Plan": {"Node Type": "Aggregate", "Strategy": "Plain", "Startup Cost": 0.02, "Total Cost": 0.03, "Plan Rows": 1, "Plan Width": 96, "Actual Startup Time": 0.012, "Actual Total Time": 0.012, "Actual Rows": 1, "Actual Loops": 1, "Plans": [{"Node Type": "Result", "Parent Relationship": "Outer", "Startup Cost": 0.0, "Total Cost": 0.01, "Plan Rows": 1, "Plan Width": 0, "Actual Startup Time": 0.003, "Actual Total Time": 0.003, "Actual Rows": 0, "Actual Loops": 1, "One-Time Filter": "false"}]}, "Triggers": [], "Planner Runtime": 188.628, "Total Runtime": 0.157, "Unique SQL Id": 223205047}}, "(16, '9')": {"explain_plan": {"Plan": {"Node Type": "Aggregate", "Strategy": "Plain", "Startup Cost": 0.02, "Total Cost": 0.03, "Plan Rows": 1, "Plan Width": 96, "Plans": [{"Node Type": "Result", "Parent Relationship": "Outer", "Startup Cost": 0.0, "Total Cost": 0.01, "Plan Rows": 1, "Plan Width": 0, "One-Time Filter": "false"}]}, "Unique SQL Id": 223205047, "Planner Runtime": 172}, "explain_analyze_plan": {"Plan": {"Node Type": "Aggregate", "Strategy": "Plain", "Startup Cost": 0.02, "Total Cost": 0.03, "Plan Rows": 1, "Plan Width": 96, "Actual Startup Time": 0.012, "Actual Total Time": 0.012, "Actual Rows": 1, "Actual Loops": 1, "Plans": [{"Node Type": "Result", "Parent Relationship": "Outer", "Startup Cost": 0.0, "Total Cost": 0.01, "Plan Rows": 1, "Plan Width": 0, "Actual Startup Time": 0.003, "Actual Total Time": 0.003, "Actual Rows": 0, "Actual Loops": 1, "One-Time Filter": "false"}]}, "Triggers": [], "Planner Runtime": 188.628, "Total Runtime": 0.157, "Unique SQL Id": 223205047}}, "(16, '10')": {"explain_plan": {"Plan": {"Node Type": "Aggregate", "Strategy": "Plain", "Startup Cost": 0.02, "Total Cost": 0.03, "Plan Rows": 1, "Plan Width": 96, "Plans": [{"Node Type": "Result", "Parent Relationship": "Outer", "Startup Cost": 0.0, "Total Cost": 0.01, "Plan Rows": 1, "Plan Width": 0, "One-Time Filter": "false"}]}, "Unique SQL Id": 223205047, "Planner Runtime": 197}, "explain_analyze_plan": {"Plan": {"Node Type": "Aggregate", "Strategy": "Plain", "Startup Cost": 0.02, "Total Cost": 0.03, "Plan Rows": 1, "Plan Width": 96, "Actual Startup Time": 0.012, "Actual Total Time": 0.012, "Actual Rows": 1, "Actual Loops": 1, "Plans": [{"Node Type": "Result", "Parent Relationship": "Outer", "Startup Cost": 0.0, "Total Cost": 0.01, "Plan Rows": 1, "Plan Width": 0, "Actual Startup Time": 0.003, "Actual Total Time": 0.003, "Actual Rows": 0, "Actual Loops": 1, "One-Time Filter": "false"}]}, "Triggers": [], "Planner Runtime": 188.628, "Total Runtime": 0.157, "Unique SQL Id": 223205047}}, "(16, '11')": {"explain_plan": {"Plan": {"Node Type": "Aggregate", "Strategy": "Plain", "Startup Cost": 0.02, "Total Cost": 0.03, "Plan Rows": 1, "Plan Width": 96, "Plans": [{"Node Type": "Result", "Parent Relationship": "Outer", "Startup Cost": 0.0, "Total Cost": 0.01, "Plan Rows": 1, "Plan Width": 0, "One-Time Filter": "false"}]}, "Unique SQL Id": 223205047, "Planner Runtime": 160}, "explain_analyze_plan": {"Plan": {"Node Type": "Aggregate", "Strategy": "Plain", "Startup Cost": 0.02, "Total Cost": 0.03, "Plan Rows": 1, "Plan Width": 96, "Actual Startup Time": 0.012, "Actual Total Time": 0.012, "Actual Rows": 1, "Actual Loops": 1, "Plans": [{"Node Type": "Result", "Parent Relationship": "Outer", "Startup Cost": 0.0, "Total Cost": 0.01, "Plan Rows": 1, "Plan Width": 0, "Actual Startup Time": 0.003, "Actual Total Time": 0.003, "Actual Rows": 0, "Actual Loops": 1, "One-Time Filter": "false"}]}, "Triggers": [], "Planner Runtime": 188.628, "Total Runtime": 0.157, "Unique SQL Id": 223205047}}, "(16, '12')": {"explain_plan": {"Plan": {"Node Type": "Aggregate", "Strategy": "Plain", "Startup Cost": 0.02, "Total Cost": 0.03, "Plan Rows": 1, "Plan Width": 96, "Plans": [{"Node Type": "Result", "Parent Relationship": "Outer", "Startup Cost": 0.0, "Total Cost": 0.01, "Plan Rows": 1, "Plan Width": 0, "One-Time Filter": "false"}]}, "Unique SQL Id": 223205047, "Planner Runtime": 196}, "explain_analyze_plan": {"Plan": {"Node Type": "Aggregate", "Strategy": "Plain", "Startup Cost": 0.02, "Total Cost": 0.03, "Plan Rows": 1, "Plan Width": 96, "Actual Startup Time": 0.012, "Actual Total Time": 0.012, "Actual Rows": 1, "Actual Loops": 1, "Plans": [{"Node Type": "Result", "Parent Relationship": "Outer", "Startup Cost": 0.0, "Total Cost": 0.01, "Plan Rows": 1, "Plan Width": 0, "Actual Startup Time": 0.003, "Actual Total Time": 0.003, "Actual Rows": 0, "Actual Loops": 1, "One-Time Filter": "false"}]}, "Triggers": [], "Planner Runtime": 188.628, "Total Runtime": 0.157, "Unique SQL Id": 223205047}}, "(16, '13')": {"explain_plan": {"Plan": {"Node Type": "Aggregate", "Strategy": "Plain", "Startup Cost": 0.02, "Total Cost": 0.03, "Plan Rows": 1, "Plan Width": 96, "Plans": [{"Node Type": "Result", "Parent Relationship": "Outer", "Startup Cost": 0.0, "Total Cost": 0.01, "Plan Rows": 1, "Plan Width": 0, "One-Time Filter": "false"}]}, "Unique SQL Id": 223205047, "Planner Runtime": 159}, "explain_analyze_plan": {"Plan": {"Node Type": "Aggregate", "Strategy": "Plain", "Startup Cost": 0.02, "Total Cost": 0.03, "Plan Rows": 1, "Plan Width": 96, "Actual Startup Time": 0.012, "Actual Total Time": 0.012, "Actual Rows": 1, "Actual Loops": 1, "Plans": [{"Node Type": "Result", "Parent Relationship": "Outer", "Startup Cost": 0.0, "Total Cost": 0.01, "Plan Rows": 1, "Plan Width": 0, "Actual Startup Time": 0.003, "Actual Total Time": 0.003, "Actual Rows": 0, "Actual Loops": 1, "One-Time Filter": "false"}]}, "Triggers": [], "Planner Runtime": 188.628, "Total Runtime": 0.157, "Unique SQL Id": 223205047}}, "(16, '14')": {"explain_plan": {"Plan": {"Node Type": "Aggregate", "Strategy": "Plain", "Startup Cost": 0.02, "Total Cost": 0.03, "Plan Rows": 1, "Plan Width": 96, "Plans": [{"Node Type": "Result", "Parent Relationship": "Outer", "Startup Cost": 0.0, "Total Cost": 0.01, "Plan Rows": 1, "Plan Width": 0, "One-Time Filter": "false"}]}, "Unique SQL Id": 223205047, "Planner Runtime": 197}, "explain_analyze_plan": {"Plan": {"Node Type": "Aggregate", "Strategy": "Plain", "Startup Cost": 0.02, "Total Cost": 0.03, "Plan Rows": 1, "Plan Width": 96, "Actual Startup Time": 0.012, "Actual Total Time": 0.012, "Actual Rows": 1, "Actual Loops": 1, "Plans": [{"Node Type": "Result", "Parent Relationship": "Outer", "Startup Cost": 0.0, "Total Cost": 0.01, "Plan Rows": 1, "Plan Width": 0, "Actual Startup Time": 0.003, "Actual Total Time": 0.003, "Actual Rows": 0, "Actual Loops": 1, "One-Time Filter": "false"}]}, "Triggers": [], "Planner Runtime": 188.628, "Total Runtime": 0.157, "Unique SQL Id": 223205047}}, "(16, '15')": {"explain_plan": {"Plan": {"Node Type": "Aggregate", "Strategy": "Plain", "Startup Cost": 0.02, "Total Cost": 0.03, "Plan Rows": 1, "Plan Width": 96, "Plans": [{"Node Type": "Result", "Parent Relationship": "Outer", "Startup Cost": 0.0, "Total Cost": 0.01, "Plan Rows": 1, "Plan Width": 0, "One-Time Filter": "false"}]}, "Unique SQL Id": 223205047, "Planner Runtime": 160}, "explain_analyze_plan": {"Plan": {"Node Type": "Aggregate", "Strategy": "Plain", "Startup Cost": 0.02, "Total Cost": 0.03, "Plan Rows": 1, "Plan Width": 96, "Actual Startup Time": 0.012, "Actual Total Time": 0.012, "Actual Rows": 1, "Actual Loops": 1, "Plans": [{"Node Type": "Result", "Parent Relationship": "Outer", "Startup Cost": 0.0, "Total Cost": 0.01, "Plan Rows": 1, "Plan Width": 0, "Actual Startup Time": 0.003, "Actual Total Time": 0.003, "Actual Rows": 0, "Actual Loops": 1, "One-Time Filter": "false"}]}, "Triggers": [], "Planner Runtime": 188.628, "Total Runtime": 0.157, "Unique SQL Id": 223205047}}, "(16, '16')": {"explain_plan": {"Plan": {"Node Type": "Aggregate", "Strategy": "Plain", "Startup Cost": 0.02, "Total Cost": 0.03, "Plan Rows": 1, "Plan Width": 96, "Plans": [{"Node Type": "Result", "Parent Relationship": "Outer", "Startup Cost": 0.0, "Total Cost": 0.01, "Plan Rows": 1, "Plan Width": 0, "One-Time Filter": "false"}]}, "Unique SQL Id": 223205047, "Planner Runtime": 196}, "explain_analyze_plan": {"Plan": {"Node Type": "Aggregate", "Strategy": "Plain", "Startup Cost": 0.02, "Total Cost": 0.03, "Plan Rows": 1, "Plan Width": 96, "Actual Startup Time": 0.012, "Actual Total Time": 0.012, "Actual Rows": 1, "Actual Loops": 1, "Plans": [{"Node Type": "Result", "Parent Relationship": "Outer", "Startup Cost": 0.0, "Total Cost": 0.01, "Plan Rows": 1, "Plan Width": 0, "Actual Startup Time": 0.003, "Actual Total Time": 0.003, "Actual Rows": 0, "Actual Loops": 1, "One-Time Filter": "false"}]}, "Triggers": [], "Planner Runtime": 188.628, "Total Runtime": 0.157, "Unique SQL Id": 223205047}}, "(16, '17')": {"explain_plan": {"Plan": {"Node Type": "Aggregate", "Strategy": "Plain", "Startup Cost": 0.02, "Total Cost": 0.03, "Plan Rows": 1, "Plan Width": 96, "Plans": [{"Node Type": "Result", "Parent Relationship": "Outer", "Startup Cost": 0.0, "Total Cost": 0.01, "Plan Rows": 1, "Plan Width": 0, "One-Time Filter": "false"}]}, "Unique SQL Id": 223205047, "Planner Runtime": 173}, "explain_analyze_plan": {"Plan": {"Node Type": "Aggregate", "Strategy": "Plain", "Startup Cost": 0.02, "Total Cost": 0.03, "Plan Rows": 1, "Plan Width": 96, "Actual Startup Time": 0.012, "Actual Total Time": 0.012, "Actual Rows": 1, "Actual Loops": 1, "Plans": [{"Node Type": "Result", "Parent Relationship": "Outer", "Startup Cost": 0.0, "Total Cost": 0.01, "Plan Rows": 1, "Plan Width": 0, "Actual Startup Time": 0.003, "Actual Total Time": 0.003, "Actual Rows": 0, "Actual Loops": 1, "One-Time Filter": "false"}]}, "Triggers": [], "Planner Runtime": 188.628, "Total Runtime": 0.157, "Unique SQL Id": 223205047}}, "(16, '18')": {"explain_plan": {"Plan": {"Node Type": "Aggregate", "Strategy": "Plain", "Startup Cost": 0.02, "Total Cost": 0.03, "Plan Rows": 1, "Plan Width": 96, "Plans": [{"Node Type": "Result", "Parent Relationship": "Outer", "Startup Cost": 0.0, "Total Cost": 0.01, "Plan Rows": 1, "Plan Width": 0, "One-Time Filter": "false"}]}, "Unique SQL Id": 223205047, "Planner Runtime": 196}, "explain_analyze_plan": {"Plan": {"Node Type": "Aggregate", "Strategy": "Plain", "Startup Cost": 0.02, "Total Cost": 0.03, "Plan Rows": 1, "Plan Width": 96, "Actual Startup Time": 0.012, "Actual Total Time": 0.012, "Actual Rows": 1, "Actual Loops": 1, "Plans": [{"Node Type": "Result", "Parent Relationship": "Outer", "Startup Cost": 0.0, "Total Cost": 0.01, "Plan Rows": 1, "Plan Width": 0, "Actual Startup Time": 0.003, "Actual Total Time": 0.003, "Actual Rows": 0, "Actual Loops": 1, "One-Time Filter": "false"}]}, "Triggers": [], "Planner Runtime": 188.628, "Total Runtime": 0.157, "Unique SQL Id": 223205047}}, "(16, '19')": {"explain_plan": {"Plan": {"Node Type": "Aggregate", "Strategy": "Plain", "Startup Cost": 0.02, "Total Cost": 0.03, "Plan Rows": 1, "Plan Width": 96, "Plans": [{"Node Type": "Result", "Parent Relationship": "Outer", "Startup Cost": 0.0, "Total Cost": 0.01, "Plan Rows": 1, "Plan Width": 0, "One-Time Filter": "false"}]}, "Unique SQL Id": 223205047, "Planner Runtime": 159}, "explain_analyze_plan": {"Plan": {"Node Type": "Aggregate", "Strategy": "Plain", "Startup Cost": 0.02, "Total Cost": 0.03, "Plan Rows": 1, "Plan Width": 96, "Actual Startup Time": 0.012, "Actual Total Time": 0.012, "Actual Rows": 1, "Actual Loops": 1, "Plans": [{"Node Type": "Result", "Parent Relationship": "Outer", "Startup Cost": 0.0, "Total Cost": 0.01, "Plan Rows": 1, "Plan Width": 0, "Actual Startup Time": 0.003, "Actual Total Time": 0.003, "Actual Rows": 0, "Actual Loops": 1, "One-Time Filter": "false"}]}, "Triggers": [], "Planner Runtime": 188.628, "Total Runtime": 0.157, "Unique SQL Id": 223205047}}, "(16, '20')": {"explain_plan": {"Plan": {"Node Type": "Aggregate", "Strategy": "Plain", "Startup Cost": 0.02, "Total Cost": 0.03, "Plan Rows": 1, "Plan Width": 96, "Plans": [{"Node Type": "Result", "Parent Relationship": "Outer", "Startup Cost": 0.0, "Total Cost": 0.01, "Plan Rows": 1, "Plan Width": 0, "One-Time Filter": "false"}]}, "Unique SQL Id": 223205047, "Planner Runtime": 196}, "explain_analyze_plan": {"Plan": {"Node Type": "Aggregate", "Strategy": "Plain", "Startup Cost": 0.02, "Total Cost": 0.03, "Plan Rows": 1, "Plan Width": 96, "Actual Startup Time": 0.012, "Actual Total Time": 0.012, "Actual Rows": 1, "Actual Loops": 1, "Plans": [{"Node Type": "Result", "Parent Relationship": "Outer", "Startup Cost": 0.0, "Total Cost": 0.01, "Plan Rows": 1, "Plan Width": 0, "Actual Startup Time": 0.003, "Actual Total Time": 0.003, "Actual Rows": 0, "Actual Loops": 1, "One-Time Filter": "false"}]}, "Triggers": [], "Planner Runtime": 188.628, "Total Runtime": 0.157, "Unique SQL Id": 223205047}}, "(16, '21')": {"explain_plan": {"Plan": {"Node Type": "Aggregate", "Strategy": "Plain", "Startup Cost": 0.02, "Total Cost": 0.03, "Plan Rows": 1, "Plan Width": 96, "Plans": [{"Node Type": "Result", "Parent Relationship": "Outer", "Startup Cost": 0.0, "Total Cost": 0.01, "Plan Rows": 1, "Plan Width": 0, "One-Time Filter": "false"}]}, "Unique SQL Id": 223205047, "Planner Runtime": 159}, "explain_analyze_plan": {"Plan": {"Node Type": "Aggregate", "Strategy": "Plain", "Startup Cost": 0.02, "Total Cost": 0.03, "Plan Rows": 1, "Plan Width": 96, "Actual Startup Time": 0.012, "Actual Total Time": 0.012, "Actual Rows": 1, "Actual Loops": 1, "Plans": [{"Node Type": "Result", "Parent Relationship": "Outer", "Startup Cost": 0.0, "Total Cost": 0.01, "Plan Rows": 1, "Plan Width": 0, "Actual Startup Time": 0.003, "Actual Total Time": 0.003, "Actual Rows": 0, "Actual Loops": 1, "One-Time Filter": "false"}]}, "Triggers": [], "Planner Runtime": 188.628, "Total Runtime": 0.157, "Unique SQL Id": 223205047}}, "(16, '22')": {"explain_plan": {"Plan": {"Node Type": "Aggregate", "Strategy": "Plain", "Startup Cost": 0.02, "Total Cost": 0.03, "Plan Rows": 1, "Plan Width": 96, "Plans": [{"Node Type": "Result", "Parent Relationship": "Outer", "Startup Cost": 0.0, "Total Cost": 0.01, "Plan Rows": 1, "Plan Width": 0, "One-Time Filter": "false"}]}, "Unique SQL Id": 223205047, "Planner Runtime": 197}, "explain_analyze_plan": {"Plan": {"Node Type": "Aggregate", "Strategy": "Plain", "Startup Cost": 0.02, "Total Cost": 0.03, "Plan Rows": 1, "Plan Width": 96, "Actual Startup Time": 0.012, "Actual Total Time": 0.012, "Actual Rows": 1, "Actual Loops": 1, "Plans": [{"Node Type": "Result", "Parent Relationship": "Outer", "Startup Cost": 0.0, "Total Cost": 0.01, "Plan Rows": 1, "Plan Width": 0, "Actual Startup Time": 0.003, "Actual Total Time": 0.003, "Actual Rows": 0, "Actual Loops": 1, "One-Time Filter": "false"}]}, "Triggers": [], "Planner Runtime": 188.628, "Total Runtime": 0.157, "Unique SQL Id": 223205047}}, "(16, '23')": {"explain_plan": {"Plan": {"Node Type": "Aggregate", "Strategy": "Plain", "Startup Cost": 0.02, "Total Cost": 0.03, "Plan Rows": 1, "Plan Width": 96, "Plans": [{"Node Type": "Result", "Parent Relationship": "Outer", "Startup Cost": 0.0, "Total Cost": 0.01, "Plan Rows": 1, "Plan Width": 0, "One-Time Filter": "false"}]}, "Unique SQL Id": 223205047, "Planner Runtime": 159}, "explain_analyze_plan": {"Plan": {"Node Type": "Aggregate", "Strategy": "Plain", "Startup Cost": 0.02, "Total Cost": 0.03, "Plan Rows": 1, "Plan Width": 96, "Actual Startup Time": 0.012, "Actual Total Time": 0.012, "Actual Rows": 1, "Actual Loops": 1, "Plans": [{"Node Type": "Result", "Parent Relationship": "Outer", "Startup Cost": 0.0, "Total Cost": 0.01, "Plan Rows": 1, "Plan Width": 0, "Actual Startup Time": 0.003, "Actual Total Time": 0.003, "Actual Rows": 0, "Actual Loops": 1, "One-Time Filter": "false"}]}, "Triggers": [], "Planner Runtime": 188.628, "Total Runtime": 0.157, "Unique SQL Id": 223205047}}, "(16, '24')": {"explain_plan": {"Plan": {"Node Type": "Aggregate", "Strategy": "Plain", "Startup Cost": 0.02, "Total Cost": 0.03, "Plan Rows": 1, "Plan Width": 96, "Plans": [{"Node Type": "Result", "Parent Relationship": "Outer", "Startup Cost": 0.0, "Total Cost": 0.01, "Plan Rows": 1, "Plan Width": 0, "One-Time Filter": "false"}]}, "Unique SQL Id": 223205047, "Planner Runtime": 198}, "explain_analyze_plan": {"Plan": {"Node Type": "Aggregate", "Strategy": "Plain", "Startup Cost": 0.02, "Total Cost": 0.03, "Plan Rows": 1, "Plan Width": 96, "Actual Startup Time": 0.012, "Actual Total Time": 0.012, "Actual Rows": 1, "Actual Loops": 1, "Plans": [{"Node Type": "Result", "Parent Relationship": "Outer", "Startup Cost": 0.0, "Total Cost": 0.01, "Plan Rows": 1, "Plan Width": 0, "Actual Startup Time": 0.003, "Actual Total Time": 0.003, "Actual Rows": 0, "Actual Loops": 1, "One-Time Filter": "false"}]}, "Triggers": [], "Planner Runtime": 188.628, "Total Runtime": 0.157, "Unique SQL Id": 223205047}}, "(16, '25')": {"explain_plan": {"Plan": {"Node Type": "Aggregate", "Strategy": "Plain", "Startup Cost": 0.02, "Total Cost": 0.03, "Plan Rows": 1, "Plan Width": 96, "Plans": [{"Node Type": "Result", "Parent Relationship": "Outer", "Startup Cost": 0.0, "Total Cost": 0.01, "Plan Rows": 1, "Plan Width": 0, "One-Time Filter": "false"}]}, "Unique SQL Id": 223205047, "Planner Runtime": 173}, "explain_analyze_plan": {"Plan": {"Node Type": "Aggregate", "Strategy": "Plain", "Startup Cost": 0.02, "Total Cost": 0.03, "Plan Rows": 1, "Plan Width": 96, "Actual Startup Time": 0.012, "Actual Total Time": 0.012, "Actual Rows": 1, "Actual Loops": 1, "Plans": [{"Node Type": "Result", "Parent Relationship": "Outer", "Startup Cost": 0.0, "Total Cost": 0.01, "Plan Rows": 1, "Plan Width": 0, "Actual Startup Time": 0.003, "Actual Total Time": 0.003, "Actual Rows": 0, "Actual Loops": 1, "One-Time Filter": "false"}]}, "Triggers": [], "Planner Runtime": 188.628, "Total Runtime": 0.157, "Unique SQL Id": 223205047}}, "(16, '26')": {"explain_plan": {"Plan": {"Node Type": "Aggregate", "Strategy": "Plain", "Startup Cost": 0.02, "Total Cost": 0.03, "Plan Rows": 1, "Plan Width": 96, "Plans": [{"Node Type": "Result", "Parent Relationship": "Outer", "Startup Cost": 0.0, "Total Cost": 0.01, "Plan Rows": 1, "Plan Width": 0, "One-Time Filter": "false"}]}, "Unique SQL Id": 223205047, "Planner Runtime": 197}, "explain_analyze_plan": {"Plan": {"Node Type": "Aggregate", "Strategy": "Plain", "Startup Cost": 0.02, "Total Cost": 0.03, "Plan Rows": 1, "Plan Width": 96, "Actual Startup Time": 0.012, "Actual Total Time": 0.012, "Actual Rows": 1, "Actual Loops": 1, "Plans": [{"Node Type": "Result", "Parent Relationship": "Outer", "Startup Cost": 0.0, "Total Cost": 0.01, "Plan Rows": 1, "Plan Width": 0, "Actual Startup Time": 0.003, "Actual Total Time": 0.003, "Actual Rows": 0, "Actual Loops": 1, "One-Time Filter": "false"}]}, "Triggers": [], "Planner Runtime": 188.628, "Total Runtime": 0.157, "Unique SQL Id": 223205047}}, "(16, '27')": {"explain_plan": {"Plan": {"Node Type": "Aggregate", "Strategy": "Plain", "Startup Cost": 0.02, "Total Cost": 0.03, "Plan Rows": 1, "Plan Width": 96, "Plans": [{"Node Type": "Result", "Parent Relationship": "Outer", "Startup Cost": 0.0, "Total Cost": 0.01, "Plan Rows": 1, "Plan Width": 0, "One-Time Filter": "false"}]}, "Unique SQL Id": 223205047, "Planner Runtime": 159}, "explain_analyze_plan": {"Plan": {"Node Type": "Aggregate", "Strategy": "Plain", "Startup Cost": 0.02, "Total Cost": 0.03, "Plan Rows": 1, "Plan Width": 96, "Actual Startup Time": 0.012, "Actual Total Time": 0.012, "Actual Rows": 1, "Actual Loops": 1, "Plans": [{"Node Type": "Result", "Parent Relationship": "Outer", "Startup Cost": 0.0, "Total Cost": 0.01, "Plan Rows": 1, "Plan Width": 0, "Actual Startup Time": 0.003, "Actual Total Time": 0.003, "Actual Rows": 0, "Actual Loops": 1, "One-Time Filter": "false"}]}, "Triggers": [], "Planner Runtime": 188.628, "Total Runtime": 0.157, "Unique SQL Id": 223205047}}, "(16, '28')": {"explain_plan": {"Plan": {"Node Type": "Aggregate", "Strategy": "Plain", "Startup Cost": 0.02, "Total Cost": 0.03, "Plan Rows": 1, "Plan Width": 96, "Plans": [{"Node Type": "Result", "Parent Relationship": "Outer", "Startup Cost": 0.0, "Total Cost": 0.01, "Plan Rows": 1, "Plan Width": 0, "One-Time Filter": "false"}]}, "Unique SQL Id": 223205047, "Planner Runtime": 194}, "explain_analyze_plan": {"Plan": {"Node Type": "Aggregate", "Strategy": "Plain", "Startup Cost": 0.02, "Total Cost": 0.03, "Plan Rows": 1, "Plan Width": 96, "Actual Startup Time": 0.012, "Actual Total Time": 0.012, "Actual Rows": 1, "Actual Loops": 1, "Plans": [{"Node Type": "Result", "Parent Relationship": "Outer", "Startup Cost": 0.0, "Total Cost": 0.01, "Plan Rows": 1, "Plan Width": 0, "Actual Startup Time": 0.003, "Actual Total Time": 0.003, "Actual Rows": 0, "Actual Loops": 1, "One-Time Filter": "false"}]}, "Triggers": [], "Planner Runtime": 188.628, "Total Runtime": 0.157, "Unique SQL Id": 223205047}}, "(16, '29')": {"explain_plan": {"Plan": {"Node Type": "Aggregate", "Strategy": "Plain", "Startup Cost": 0.02, "Total Cost": 0.03, "Plan Rows": 1, "Plan Width": 96, "Plans": [{"Node Type": "Result", "Parent Relationship": "Outer", "Startup Cost": 0.0, "Total Cost": 0.01, "Plan Rows": 1, "Plan Width": 0, "One-Time Filter": "false"}]}, "Unique SQL Id": 223205047, "Planner Runtime": 155}, "explain_analyze_plan": {"Plan": {"Node Type": "Aggregate", "Strategy": "Plain", "Startup Cost": 0.02, "Total Cost": 0.03, "Plan Rows": 1, "Plan Width": 96, "Actual Startup Time": 0.012, "Actual Total Time": 0.012, "Actual Rows": 1, "Actual Loops": 1, "Plans": [{"Node Type": "Result", "Parent Relationship": "Outer", "Startup Cost": 0.0, "Total Cost": 0.01, "Plan Rows": 1, "Plan Width": 0, "Actual Startup Time": 0.003, "Actual Total Time": 0.003, "Actual Rows": 0, "Actual Loops": 1, "One-Time Filter": "false"}]}, "Triggers": [], "Planner Runtime": 188.628, "Total Runtime": 0.157, "Unique SQL Id": 223205047}}, "(16, '30')": {"explain_plan": {"Plan": {"Node Type": "Aggregate", "Strategy": "Plain", "Startup Cost": 0.02, "Total Cost": 0.03, "Plan Rows": 1, "Plan Width": 96, "Plans": [{"Node Type": "Result", "Parent Relationship": "Outer", "Startup Cost": 0.0, "Total Cost": 0.01, "Plan Rows": 1, "Plan Width": 0, "One-Time Filter": "false"}]}, "Unique SQL Id": 223205047, "Planner Runtime": 198}, "explain_analyze_plan": {"Plan": {"Node Type": "Aggregate", "Strategy": "Plain", "Startup Cost": 0.02, "Total Cost": 0.03, "Plan Rows": 1, "Plan Width": 96, "Actual Startup Time": 0.012, "Actual Total Time": 0.012, "Actual Rows": 1, "Actual Loops": 1, "Plans": [{"Node Type": "Result", "Parent Relationship": "Outer", "Startup Cost": 0.0, "Total Cost": 0.01, "Plan Rows": 1, "Plan Width": 0, "Actual Startup Time": 0.003, "Actual Total Time": 0.003, "Actual Rows": 0, "Actual Loops": 1, "One-Time Filter": "false"}]}, "Triggers": [], "Planner Runtime": 188.628, "Total Runtime": 0.157, "Unique SQL Id": 223205047}}, "(16, '31')": {"explain_plan": {"Plan": {"Node Type": "Aggregate", "Strategy": "Plain", "Startup Cost": 0.02, "Total Cost": 0.03, "Plan Rows": 1, "Plan Width": 96, "Plans": [{"Node Type": "Result", "Parent Relationship": "Outer", "Startup Cost": 0.0, "Total Cost": 0.01, "Plan Rows": 1, "Plan Width": 0, "One-Time Filter": "false"}]}, "Unique SQL Id": 223205047, "Planner Runtime": 161}, "explain_analyze_plan": {"Plan": {"Node Type": "Aggregate", "Strategy": "Plain", "Startup Cost": 0.02, "Total Cost": 0.03, "Plan Rows": 1, "Plan Width": 96, "Actual Startup Time": 0.012, "Actual Total Time": 0.012, "Actual Rows": 1, "Actual Loops": 1, "Plans": [{"Node Type": "Result", "Parent Relationship": "Outer", "Startup Cost": 0.0, "Total Cost": 0.01, "Plan Rows": 1, "Plan Width": 0, "Actual Startup Time": 0.003, "Actual Total Time": 0.003, "Actual Rows": 0, "Actual Loops": 1, "One-Time Filter": "false"}]}, "Triggers": [], "Planner Runtime": 188.628, "Total Runtime": 0.157, "Unique SQL Id": 223205047}}, "(16, '32')": {"explain_plan": {"Plan": {"Node Type": "Aggregate", "Strategy": "Plain", "Startup Cost": 0.02, "Total Cost": 0.03, "Plan Rows": 1, "Plan Width": 96, "Plans": [{"Node Type": "Result", "Parent Relationship": "Outer", "Startup Cost": 0.0, "Total Cost": 0.01, "Plan Rows": 1, "Plan Width": 0, "One-Time Filter": "false"}]}, "Unique SQL Id": 223205047, "Planner Runtime": 199}, "explain_analyze_plan": {"Plan": {"Node Type": "Aggregate", "Strategy": "Plain", "Startup Cost": 0.02, "Total Cost": 0.03, "Plan Rows": 1, "Plan Width": 96, "Actual Startup Time": 0.012, "Actual Total Time": 0.012, "Actual Rows": 1, "Actual Loops": 1, "Plans": [{"Node Type": "Result", "Parent Relationship": "Outer", "Startup Cost": 0.0, "Total Cost": 0.01, "Plan Rows": 1, "Plan Width": 0, "Actual Startup Time": 0.003, "Actual Total Time": 0.003, "Actual Rows": 0, "Actual Loops": 1, "One-Time Filter": "false"}]}, "Triggers": [], "Planner Runtime": 188.628, "Total Runtime": 0.157, "Unique SQL Id": 223205047}}, "(16, '33')": {"explain_plan": {"Plan": {"Node Type": "Aggregate", "Strategy": "Plain", "Startup Cost": 0.02, "Total Cost": 0.03, "Plan Rows": 1, "Plan Width": 96, "Plans": [{"Node Type": "Result", "Parent Relationship": "Outer", "Startup Cost": 0.0, "Total Cost": 0.01, "Plan Rows": 1, "Plan Width": 0, "One-Time Filter": "false"}]}, "Unique SQL Id": 223205047, "Planner Runtime": 174}, "explain_analyze_plan": {"Plan": {"Node Type": "Aggregate", "Strategy": "Plain", "Startup Cost": 0.02, "Total Cost": 0.03, "Plan Rows": 1, "Plan Width": 96, "Actual Startup Time": 0.012, "Actual Total Time": 0.012, "Actual Rows": 1, "Actual Loops": 1, "Plans": [{"Node Type": "Result", "Parent Relationship": "Outer", "Startup Cost": 0.0, "Total Cost": 0.01, "Plan Rows": 1, "Plan Width": 0, "Actual Startup Time": 0.003, "Actual Total Time": 0.003, "Actual Rows": 0, "Actual Loops": 1, "One-Time Filter": "false"}]}, "Triggers": [], "Planner Runtime": 188.628, "Total Runtime": 0.157, "Unique SQL Id": 223205047}}, "(16, '34')": {"explain_plan": {"Plan": {"Node Type": "Aggregate", "Strategy": "Plain", "Startup Cost": 0.02, "Total Cost": 0.03, "Plan Rows": 1, "Plan Width": 96, "Plans": [{"Node Type": "Result", "Parent Relationship": "Outer", "Startup Cost": 0.0, "Total Cost": 0.01, "Plan Rows": 1, "Plan Width": 0, "One-Time Filter": "false"}]}, "Unique SQL Id": 223205047, "Planner Runtime": 196}, "explain_analyze_plan": {"Plan": {"Node Type": "Aggregate", "Strategy": "Plain", "Startup Cost": 0.02, "Total Cost": 0.03, "Plan Rows": 1, "Plan Width": 96, "Actual Startup Time": 0.012, "Actual Total Time": 0.012, "Actual Rows": 1, "Actual Loops": 1, "Plans": [{"Node Type": "Result", "Parent Relationship": "Outer", "Startup Cost": 0.0, "Total Cost": 0.01, "Plan Rows": 1, "Plan Width": 0, "Actual Startup Time": 0.003, "Actual Total Time": 0.003, "Actual Rows": 0, "Actual Loops": 1, "One-Time Filter": "false"}]}, "Triggers": [], "Planner Runtime": 188.628, "Total Runtime": 0.157, "Unique SQL Id": 223205047}}, "(16, '35')": {"explain_plan": {"Plan": {"Node Type": "Aggregate", "Strategy": "Plain", "Startup Cost": 0.02, "Total Cost": 0.03, "Plan Rows": 1, "Plan Width": 96, "Plans": [{"Node Type": "Result", "Parent Relationship": "Outer", "Startup Cost": 0.0, "Total Cost": 0.01, "Plan Rows": 1, "Plan Width": 0, "One-Time Filter": "false"}]}, "Unique SQL Id": 223205047, "Planner Runtime": 154}, "explain_analyze_plan": {"Plan": {"Node Type": "Aggregate", "Strategy": "Plain", "Startup Cost": 0.02, "Total Cost": 0.03, "Plan Rows": 1, "Plan Width": 96, "Actual Startup Time": 0.012, "Actual Total Time": 0.012, "Actual Rows": 1, "Actual Loops": 1, "Plans": [{"Node Type": "Result", "Parent Relationship": "Outer", "Startup Cost": 0.0, "Total Cost": 0.01, "Plan Rows": 1, "Plan Width": 0, "Actual Startup Time": 0.003, "Actual Total Time": 0.003, "Actual Rows": 0, "Actual Loops": 1, "One-Time Filter": "false"}]}, "Triggers": [], "Planner Runtime": 188.628, "Total Runtime": 0.157, "Unique SQL Id": 223205047}}, "(16, '36')": {"explain_plan": {"Plan": {"Node Type": "Aggregate", "Strategy": "Plain", "Startup Cost": 0.02, "Total Cost": 0.03, "Plan Rows": 1, "Plan Width": 96, "Plans": [{"Node Type": "Result", "Parent Relationship": "Outer", "Startup Cost": 0.0, "Total Cost": 0.01, "Plan Rows": 1, "Plan Width": 0, "One-Time Filter": "false"}]}, "Unique SQL Id": 223205047, "Planner Runtime": 191}, "explain_analyze_plan": {"Plan": {"Node Type": "Aggregate", "Strategy": "Plain", "Startup Cost": 0.02, "Total Cost": 0.03, "Plan Rows": 1, "Plan Width": 96, "Actual Startup Time": 0.012, "Actual Total Time": 0.012, "Actual Rows": 1, "Actual Loops": 1, "Plans": [{"Node Type": "Result", "Parent Relationship": "Outer", "Startup Cost": 0.0, "Total Cost": 0.01, "Plan Rows": 1, "Plan Width": 0, "Actual Startup Time": 0.003, "Actual Total Time": 0.003, "Actual Rows": 0, "Actual Loops": 1, "One-Time Filter": "false"}]}, "Triggers": [], "Planner Runtime": 188.628, "Total Runtime": 0.157, "Unique SQL Id": 223205047}}, "(16, '37')": {"explain_plan": {"Plan": {"Node Type": "Aggregate", "Strategy": "Plain", "Startup Cost": 0.02, "Total Cost": 0.03, "Plan Rows": 1, "Plan Width": 96, "Plans": [{"Node Type": "Result", "Parent Relationship": "Outer", "Startup Cost": 0.0, "Total Cost": 0.01, "Plan Rows": 1, "Plan Width": 0, "One-Time Filter": "false"}]}, "Unique SQL Id": 223205047, "Planner Runtime": 153}, "explain_analyze_plan": {"Plan": {"Node Type": "Aggregate", "Strategy": "Plain", "Startup Cost": 0.02, "Total Cost": 0.03, "Plan Rows": 1, "Plan Width": 96, "Actual Startup Time": 0.012, "Actual Total Time": 0.012, "Actual Rows": 1, "Actual Loops": 1, "Plans": [{"Node Type": "Result", "Parent Relationship": "Outer", "Startup Cost": 0.0, "Total Cost": 0.01, "Plan Rows": 1, "Plan Width": 0, "Actual Startup Time": 0.003, "Actual Total Time": 0.003, "Actual Rows": 0, "Actual Loops": 1, "One-Time Filter": "false"}]}, "Triggers": [], "Planner Runtime": 188.628, "Total Runtime": 0.157, "Unique SQL Id": 223205047}}, "(16, '38')": {"explain_plan": {"Plan": {"Node Type": "Aggregate", "Strategy": "Plain", "Startup Cost": 0.02, "Total Cost": 0.03, "Plan Rows": 1, "Plan Width": 96, "Plans": [{"Node Type": "Result", "Parent Relationship": "Outer", "Startup Cost": 0.0, "Total Cost": 0.01, "Plan Rows": 1, "Plan Width": 0, "One-Time Filter": "false"}]}, "Unique SQL Id": 223205047, "Planner Runtime": 191}, "explain_analyze_plan": {"Plan": {"Node Type": "Aggregate", "Strategy": "Plain", "Startup Cost": 0.02, "Total Cost": 0.03, "Plan Rows": 1, "Plan Width": 96, "Actual Startup Time": 0.012, "Actual Total Time": 0.012, "Actual Rows": 1, "Actual Loops": 1, "Plans": [{"Node Type": "Result", "Parent Relationship": "Outer", "Startup Cost": 0.0, "Total Cost": 0.01, "Plan Rows": 1, "Plan Width": 0, "Actual Startup Time": 0.003, "Actual Total Time": 0.003, "Actual Rows": 0, "Actual Loops": 1, "One-Time Filter": "false"}]}, "Triggers": [], "Planner Runtime": 188.628, "Total Runtime": 0.157, "Unique SQL Id": 223205047}}, "(16, '39')": {"explain_plan": {"Plan": {"Node Type": "Aggregate", "Strategy": "Plain", "Startup Cost": 0.02, "Total Cost": 0.03, "Plan Rows": 1, "Plan Width": 96, "Plans": [{"Node Type": "Result", "Parent Relationship": "Outer", "Startup Cost": 0.0, "Total Cost": 0.01, "Plan Rows": 1, "Plan Width": 0, "One-Time Filter": "false"}]}, "Unique SQL Id": 223205047, "Planner Runtime": 155}, "explain_analyze_plan": {"Plan": {"Node Type": "Aggregate", "Strategy": "Plain", "Startup Cost": 0.02, "Total Cost": 0.03, "Plan Rows": 1, "Plan Width": 96, "Actual Startup Time": 0.012, "Actual Total Time": 0.012, "Actual Rows": 1, "Actual Loops": 1, "Plans": [{"Node Type": "Result", "Parent Relationship": "Outer", "Startup Cost": 0.0, "Total Cost": 0.01, "Plan Rows": 1, "Plan Width": 0, "Actual Startup Time": 0.003, "Actual Total Time": 0.003, "Actual Rows": 0, "Actual Loops": 1, "One-Time Filter": "false"}]}, "Triggers": [], "Planner Runtime": 188.628, "Total Runtime": 0.157, "Unique SQL Id": 223205047}}, "(16, '40')": {"explain_plan": {"Plan": {"Node Type": "Aggregate", "Strategy": "Plain", "Startup Cost": 0.02, "Total Cost": 0.03, "Plan Rows": 1, "Plan Width": 96, "Plans": [{"Node Type": "Result", "Parent Relationship": "Outer", "Startup Cost": 0.0, "Total Cost": 0.01, "Plan Rows": 1, "Plan Width": 0, "One-Time Filter": "false"}]}, "Unique SQL Id": 223205047, "Planner Runtime": 193}, "explain_analyze_plan": {"Plan": {"Node Type": "Aggregate", "Strategy": "Plain", "Startup Cost": 0.02, "Total Cost": 0.03, "Plan Rows": 1, "Plan Width": 96, "Actual Startup Time": 0.012, "Actual Total Time": 0.012, "Actual Rows": 1, "Actual Loops": 1, "Plans": [{"Node Type": "Result", "Parent Relationship": "Outer", "Startup Cost": 0.0, "Total Cost": 0.01, "Plan Rows": 1, "Plan Width": 0, "Actual Startup Time": 0.003, "Actual Total Time": 0.003, "Actual Rows": 0, "Actual Loops": 1, "One-Time Filter": "false"}]}, "Triggers": [], "Planner Runtime": 188.628, "Total Runtime": 0.157, "Unique SQL Id": 223205047}}, "(16, '41')": {"explain_plan": {"Plan": {"Node Type": "Aggregate", "Strategy": "Plain", "Startup Cost": 0.02, "Total Cost": 0.03, "Plan Rows": 1, "Plan Width": 96, "Plans": [{"Node Type": "Result", "Parent Relationship": "Outer", "Startup Cost": 0.0, "Total Cost": 0.01, "Plan Rows": 1, "Plan Width": 0, "One-Time Filter": "false"}]}, "Unique SQL Id": 223205047, "Planner Runtime": 167}, "explain_analyze_plan": {"Plan": {"Node Type": "Aggregate", "Strategy": "Plain", "Startup Cost": 0.02, "Total Cost": 0.03, "Plan Rows": 1, "Plan Width": 96, "Actual Startup Time": 0.012, "Actual Total Time": 0.012, "Actual Rows": 1, "Actual Loops": 1, "Plans": [{"Node Type": "Result", "Parent Relationship": "Outer", "Startup Cost": 0.0, "Total Cost": 0.01, "Plan Rows": 1, "Plan Width": 0, "Actual Startup Time": 0.003, "Actual Total Time": 0.003, "Actual Rows": 0, "Actual Loops": 1, "One-Time Filter": "false"}]}, "Triggers": [], "Planner Runtime": 188.628, "Total Runtime": 0.157, "Unique SQL Id": 223205047}}, "(16, '42')": {"explain_plan": {"Plan": {"Node Type": "Aggregate", "Strategy": "Plain", "Startup Cost": 0.02, "Total Cost": 0.03, "Plan Rows": 1, "Plan Width": 96, "Plans": [{"Node Type": "Result", "Parent Relationship": "Outer", "Startup Cost": 0.0, "Total Cost": 0.01, "Plan Rows": 1, "Plan Width": 0, "One-Time Filter": "false"}]}, "Unique SQL Id": 223205047, "Planner Runtime": 193}, "explain_analyze_plan": {"Plan": {"Node Type": "Aggregate", "Strategy": "Plain", "Startup Cost": 0.02, "Total Cost": 0.03, "Plan Rows": 1, "Plan Width": 96, "Actual Startup Time": 0.012, "Actual Total Time": 0.012, "Actual Rows": 1, "Actual Loops": 1, "Plans": [{"Node Type": "Result", "Parent Relationship": "Outer", "Startup Cost": 0.0, "Total Cost": 0.01, "Plan Rows": 1, "Plan Width": 0, "Actual Startup Time": 0.003, "Actual Total Time": 0.003, "Actual Rows": 0, "Actual Loops": 1, "One-Time Filter": "false"}]}, "Triggers": [], "Planner Runtime": 188.628, "Total Runtime": 0.157, "Unique SQL Id": 223205047}}, "(16, '43')": {"explain_plan": {"Plan": {"Node Type": "Aggregate", "Strategy": "Plain", "Startup Cost": 0.02, "Total Cost": 0.03, "Plan Rows": 1, "Plan Width": 96, "Plans": [{"Node Type": "Result", "Parent Relationship": "Outer", "Startup Cost": 0.0, "Total Cost": 0.01, "Plan Rows": 1, "Plan Width": 0, "One-Time Filter": "false"}]}, "Unique SQL Id": 223205047, "Planner Runtime": 160}, "explain_analyze_plan": {"Plan": {"Node Type": "Aggregate", "Strategy": "Plain", "Startup Cost": 0.02, "Total Cost": 0.03, "Plan Rows": 1, "Plan Width": 96, "Actual Startup Time": 0.012, "Actual Total Time": 0.012, "Actual Rows": 1, "Actual Loops": 1, "Plans": [{"Node Type": "Result", "Parent Relationship": "Outer", "Startup Cost": 0.0, "Total Cost": 0.01, "Plan Rows": 1, "Plan Width": 0, "Actual Startup Time": 0.003, "Actual Total Time": 0.003, "Actual Rows": 0, "Actual Loops": 1, "One-Time Filter": "false"}]}, "Triggers": [], "Planner Runtime": 188.628, "Total Runtime": 0.157, "Unique SQL Id": 223205047}}, "(16, '44')": {"explain_plan": {"Plan": {"Node Type": "Aggregate", "Strategy": "Plain", "Startup Cost": 0.02, "Total Cost": 0.03, "Plan Rows": 1, "Plan Width": 96, "Plans": [{"Node Type": "Result", "Parent Relationship": "Outer", "Startup Cost": 0.0, "Total Cost": 0.01, "Plan Rows": 1, "Plan Width": 0, "One-Time Filter": "false"}]}, "Unique SQL Id": 223205047, "Planner Runtime": 195}, "explain_analyze_plan": {"Plan": {"Node Type": "Aggregate", "Strategy": "Plain", "Startup Cost": 0.02, "Total Cost": 0.03, "Plan Rows": 1, "Plan Width": 96, "Actual Startup Time": 0.012, "Actual Total Time": 0.012, "Actual Rows": 1, "Actual Loops": 1, "Plans": [{"Node Type": "Result", "Parent Relationship": "Outer", "Startup Cost": 0.0, "Total Cost": 0.01, "Plan Rows": 1, "Plan Width": 0, "Actual Startup Time": 0.003, "Actual Total Time": 0.003, "Actual Rows": 0, "Actual Loops": 1, "One-Time Filter": "false"}]}, "Triggers": [], "Planner Runtime": 188.628, "Total Runtime": 0.157, "Unique SQL Id": 223205047}}, "(16, '45')": {"explain_plan": {"Plan": {"Node Type": "Aggregate", "Strategy": "Plain", "Startup Cost": 0.02, "Total Cost": 0.03, "Plan Rows": 1, "Plan Width": 96, "Plans": [{"Node Type": "Result", "Parent Relationship": "Outer", "Startup Cost": 0.0, "Total Cost": 0.01, "Plan Rows": 1, "Plan Width": 0, "One-Time Filter": "false"}]}, "Unique SQL Id": 223205047, "Planner Runtime": 159}, "explain_analyze_plan": {"Plan": {"Node Type": "Aggregate", "Strategy": "Plain", "Startup Cost": 0.02, "Total Cost": 0.03, "Plan Rows": 1, "Plan Width": 96, "Actual Startup Time": 0.012, "Actual Total Time": 0.012, "Actual Rows": 1, "Actual Loops": 1, "Plans": [{"Node Type": "Result", "Parent Relationship": "Outer", "Startup Cost": 0.0, "Total Cost": 0.01, "Plan Rows": 1, "Plan Width": 0, "Actual Startup Time": 0.003, "Actual Total Time": 0.003, "Actual Rows": 0, "Actual Loops": 1, "One-Time Filter": "false"}]}, "Triggers": [], "Planner Runtime": 188.628, "Total Runtime": 0.157, "Unique SQL Id": 223205047}}, "(16, '46')": {"explain_plan": {"Plan": {"Node Type": "Aggregate", "Strategy": "Plain", "Startup Cost": 0.02, "Total Cost": 0.03, "Plan Rows": 1, "Plan Width": 96, "Plans": [{"Node Type": "Result", "Parent Relationship": "Outer", "Startup Cost": 0.0, "Total Cost": 0.01, "Plan Rows": 1, "Plan Width": 0, "One-Time Filter": "false"}]}, "Unique SQL Id": 223205047, "Planner Runtime": 196}, "explain_analyze_plan": {"Plan": {"Node Type": "Aggregate", "Strategy": "Plain", "Startup Cost": 0.02, "Total Cost": 0.03, "Plan Rows": 1, "Plan Width": 96, "Actual Startup Time": 0.012, "Actual Total Time": 0.012, "Actual Rows": 1, "Actual Loops": 1, "Plans": [{"Node Type": "Result", "Parent Relationship": "Outer", "Startup Cost": 0.0, "Total Cost": 0.01, "Plan Rows": 1, "Plan Width": 0, "Actual Startup Time": 0.003, "Actual Total Time": 0.003, "Actual Rows": 0, "Actual Loops": 1, "One-Time Filter": "false"}]}, "Triggers": [], "Planner Runtime": 188.628, "Total Runtime": 0.157, "Unique SQL Id": 223205047}}, "(16, '47')": {"explain_plan": {"Plan": {"Node Type": "Aggregate", "Strategy": "Plain", "Startup Cost": 0.02, "Total Cost": 0.03, "Plan Rows": 1, "Plan Width": 96, "Plans": [{"Node Type": "Result", "Parent Relationship": "Outer", "Startup Cost": 0.0, "Total Cost": 0.01, "Plan Rows": 1, "Plan Width": 0, "One-Time Filter": "false"}]}, "Unique SQL Id": 223205047, "Planner Runtime": 159}, "explain_analyze_plan": {"Plan": {"Node Type": "Aggregate", "Strategy": "Plain", "Startup Cost": 0.02, "Total Cost": 0.03, "Plan Rows": 1, "Plan Width": 96, "Actual Startup Time": 0.012, "Actual Total Time": 0.012, "Actual Rows": 1, "Actual Loops": 1, "Plans": [{"Node Type": "Result", "Parent Relationship": "Outer", "Startup Cost": 0.0, "Total Cost": 0.01, "Plan Rows": 1, "Plan Width": 0, "Actual Startup Time": 0.003, "Actual Total Time": 0.003, "Actual Rows": 0, "Actual Loops": 1, "One-Time Filter": "false"}]}, "Triggers": [], "Planner Runtime": 188.628, "Total Runtime": 0.157, "Unique SQL Id": 223205047}}, "(16, '48')": {"explain_plan": {"Plan": {"Node Type": "Aggregate", "Strategy": "Plain", "Startup Cost": 0.02, "Total Cost": 0.03, "Plan Rows": 1, "Plan Width": 96, "Plans": [{"Node Type": "Result", "Parent Relationship": "Outer", "Startup Cost": 0.0, "Total Cost": 0.01, "Plan Rows": 1, "Plan Width": 0, "One-Time Filter": "false"}]}, "Unique SQL Id": 223205047, "Planner Runtime": 192}, "explain_analyze_plan": {"Plan": {"Node Type": "Aggregate", "Strategy": "Plain", "Startup Cost": 0.02, "Total Cost": 0.03, "Plan Rows": 1, "Plan Width": 96, "Actual Startup Time": 0.012, "Actual Total Time": 0.012, "Actual Rows": 1, "Actual Loops": 1, "Plans": [{"Node Type": "Result", "Parent Relationship": "Outer", "Startup Cost": 0.0, "Total Cost": 0.01, "Plan Rows": 1, "Plan Width": 0, "Actual Startup Time": 0.003, "Actual Total Time": 0.003, "Actual Rows": 0, "Actual Loops": 1, "One-Time Filter": "false"}]}, "Triggers": [], "Planner Runtime": 188.628, "Total Runtime": 0.157, "Unique SQL Id": 223205047}}, "(16, '49')": {"explain_plan": {"Plan": {"Node Type": "Aggregate", "Strategy": "Plain", "Startup Cost": 0.02, "Total Cost": 0.03, "Plan Rows": 1, "Plan Width": 96, "Plans": [{"Node Type": "Result", "Parent Relationship": "Outer", "Startup Cost": 0.0, "Total Cost": 0.01, "Plan Rows": 1, "Plan Width": 0, "One-Time Filter": "false"}]}, "Unique SQL Id": 223205047, "Planner Runtime": 175}, "explain_analyze_plan": {"Plan": {"Node Type": "Aggregate", "Strategy": "Plain", "Startup Cost": 0.02, "Total Cost": 0.03, "Plan Rows": 1, "Plan Width": 96, "Actual Startup Time": 0.012, "Actual Total Time": 0.012, "Actual Rows": 1, "Actual Loops": 1, "Plans": [{"Node Type": "Result", "Parent Relationship": "Outer", "Startup Cost": 0.0, "Total Cost": 0.01, "Plan Rows": 1, "Plan Width": 0, "Actual Startup Time": 0.003, "Actual Total Time": 0.003, "Actual Rows": 0, "Actual Loops": 1, "One-Time Filter": "false"}]}, "Triggers": [], "Planner Runtime": 188.628, "Total Runtime": 0.157, "Unique SQL Id": 223205047}}, "(16, '50')": {"explain_plan": {"Plan": {"Node Type": "Aggregate", "Strategy": "Plain", "Startup Cost": 0.02, "Total Cost": 0.03, "Plan Rows": 1, "Plan Width": 96, "Plans": [{"Node Type": "Result", "Parent Relationship": "Outer", "Startup Cost": 0.0, "Total Cost": 0.01, "Plan Rows": 1, "Plan Width": 0, "One-Time Filter": "false"}]}, "Unique SQL Id": 223205047, "Planner Runtime": 195}, "explain_analyze_plan": {"Plan": {"Node Type": "Aggregate", "Strategy": "Plain", "Startup Cost": 0.02, "Total Cost": 0.03, "Plan Rows": 1, "Plan Width": 96, "Actual Startup Time": 0.012, "Actual Total Time": 0.012, "Actual Rows": 1, "Actual Loops": 1, "Plans": [{"Node Type": "Result", "Parent Relationship": "Outer", "Startup Cost": 0.0, "Total Cost": 0.01, "Plan Rows": 1, "Plan Width": 0, "Actual Startup Time": 0.003, "Actual Total Time": 0.003, "Actual Rows": 0, "Actual Loops": 1, "One-Time Filter": "false"}]}, "Triggers": [], "Planner Runtime": 188.628, "Total Runtime": 0.157, "Unique SQL Id": 223205047}}, "(16, '51')": {"explain_plan": {"Plan": {"Node Type": "Aggregate", "Strategy": "Plain", "Startup Cost": 0.02, "Total Cost": 0.03, "Plan Rows": 1, "Plan Width": 96, "Plans": [{"Node Type": "Result", "Parent Relationship": "Outer", "Startup Cost": 0.0, "Total Cost": 0.01, "Plan Rows": 1, "Plan Width": 0, "One-Time Filter": "false"}]}, "Unique SQL Id": 223205047, "Planner Runtime": 153}, "explain_analyze_plan": {"Plan": {"Node Type": "Aggregate", "Strategy": "Plain", "Startup Cost": 0.02, "Total Cost": 0.03, "Plan Rows": 1, "Plan Width": 96, "Actual Startup Time": 0.012, "Actual Total Time": 0.012, "Actual Rows": 1, "Actual Loops": 1, "Plans": [{"Node Type": "Result", "Parent Relationship": "Outer", "Startup Cost": 0.0, "Total Cost": 0.01, "Plan Rows": 1, "Plan Width": 0, "Actual Startup Time": 0.003, "Actual Total Time": 0.003, "Actual Rows": 0, "Actual Loops": 1, "One-Time Filter": "false"}]}, "Triggers": [], "Planner Runtime": 188.628, "Total Runtime": 0.157, "Unique SQL Id": 223205047}}, "(16, '52')": {"explain_plan": {"Plan": {"Node Type": "Aggregate", "Strategy": "Plain", "Startup Cost": 0.02, "Total Cost": 0.03, "Plan Rows": 1, "Plan Width": 96, "Plans": [{"Node Type": "Result", "Parent Relationship": "Outer", "Startup Cost": 0.0, "Total Cost": 0.01, "Plan Rows": 1, "Plan Width": 0, "One-Time Filter": "false"}]}, "Unique SQL Id": 223205047, "Planner Runtime": 191}, "explain_analyze_plan": {"Plan": {"Node Type": "Aggregate", "Strategy": "Plain", "Startup Cost": 0.02, "Total Cost": 0.03, "Plan Rows": 1, "Plan Width": 96, "Actual Startup Time": 0.012, "Actual Total Time": 0.012, "Actual Rows": 1, "Actual Loops": 1, "Plans": [{"Node Type": "Result", "Parent Relationship": "Outer", "Startup Cost": 0.0, "Total Cost": 0.01, "Plan Rows": 1, "Plan Width": 0, "Actual Startup Time": 0.003, "Actual Total Time": 0.003, "Actual Rows": 0, "Actual Loops": 1, "One-Time Filter": "false"}]}, "Triggers": [], "Planner Runtime": 188.628, "Total Runtime": 0.157, "Unique SQL Id": 223205047}}, "(16, '53')": {"explain_plan": {"Plan": {"Node Type": "Aggregate", "Strategy": "Plain", "Startup Cost": 0.02, "Total Cost": 0.03, "Plan Rows": 1, "Plan Width": 96, "Plans": [{"Node Type": "Result", "Parent Relationship": "Outer", "Startup Cost": 0.0, "Total Cost": 0.01, "Plan Rows": 1, "Plan Width": 0, "One-Time Filter": "false"}]}, "Unique SQL Id": 223205047, "Planner Runtime": 153}, "explain_analyze_plan": {"Plan": {"Node Type": "Aggregate", "Strategy": "Plain", "Startup Cost": 0.02, "Total Cost": 0.03, "Plan Rows": 1, "Plan Width": 96, "Actual Startup Time": 0.012, "Actual Total Time": 0.012, "Actual Rows": 1, "Actual Loops": 1, "Plans": [{"Node Type": "Result", "Parent Relationship": "Outer", "Startup Cost": 0.0, "Total Cost": 0.01, "Plan Rows": 1, "Plan Width": 0, "Actual Startup Time": 0.003, "Actual Total Time": 0.003, "Actual Rows": 0, "Actual Loops": 1, "One-Time Filter": "false"}]}, "Triggers": [], "Planner Runtime": 188.628, "Total Runtime": 0.157, "Unique SQL Id": 223205047}}, "(16, '54')": {"explain_plan": {"Plan": {"Node Type": "Aggregate", "Strategy": "Plain", "Startup Cost": 0.02, "Total Cost": 0.03, "Plan Rows": 1, "Plan Width": 96, "Plans": [{"Node Type": "Result", "Parent Relationship": "Outer", "Startup Cost": 0.0, "Total Cost": 0.01, "Plan Rows": 1, "Plan Width": 0, "One-Time Filter": "false"}]}, "Unique SQL Id": 223205047, "Planner Runtime": 191}, "explain_analyze_plan": {"Plan": {"Node Type": "Aggregate", "Strategy": "Plain", "Startup Cost": 0.02, "Total Cost": 0.03, "Plan Rows": 1, "Plan Width": 96, "Actual Startup Time": 0.012, "Actual Total Time": 0.012, "Actual Rows": 1, "Actual Loops": 1, "Plans": [{"Node Type": "Result", "Parent Relationship": "Outer", "Startup Cost": 0.0, "Total Cost": 0.01, "Plan Rows": 1, "Plan Width": 0, "Actual Startup Time": 0.003, "Actual Total Time": 0.003, "Actual Rows": 0, "Actual Loops": 1, "One-Time Filter": "false"}]}, "Triggers": [], "Planner Runtime": 188.628, "Total Runtime": 0.157, "Unique SQL Id": 223205047}}, "(16, '55')": {"explain_plan": {"Plan": {"Node Type": "Aggregate", "Strategy": "Plain", "Startup Cost": 0.02, "Total Cost": 0.03, "Plan Rows": 1, "Plan Width": 96, "Plans": [{"Node Type": "Result", "Parent Relationship": "Outer", "Startup Cost": 0.0, "Total Cost": 0.01, "Plan Rows": 1, "Plan Width": 0, "One-Time Filter": "false"}]}, "Unique SQL Id": 223205047, "Planner Runtime": 153}, "explain_analyze_plan": {"Plan": {"Node Type": "Aggregate", "Strategy": "Plain", "Startup Cost": 0.02, "Total Cost": 0.03, "Plan Rows": 1, "Plan Width": 96, "Actual Startup Time": 0.012, "Actual Total Time": 0.012, "Actual Rows": 1, "Actual Loops": 1, "Plans": [{"Node Type": "Result", "Parent Relationship": "Outer", "Startup Cost": 0.0, "Total Cost": 0.01, "Plan Rows": 1, "Plan Width": 0, "Actual Startup Time": 0.003, "Actual Total Time": 0.003, "Actual Rows": 0, "Actual Loops": 1, "One-Time Filter": "false"}]}, "Triggers": [], "Planner Runtime": 188.628, "Total Runtime": 0.157, "Unique SQL Id": 223205047}}, "(16, '56')": {"explain_plan": {"Plan": {"Node Type": "Aggregate", "Strategy": "Plain", "Startup Cost": 0.02, "Total Cost": 0.03, "Plan Rows": 1, "Plan Width": 96, "Plans": [{"Node Type": "Result", "Parent Relationship": "Outer", "Startup Cost": 0.0, "Total Cost": 0.01, "Plan Rows": 1, "Plan Width": 0, "One-Time Filter": "false"}]}, "Unique SQL Id": 223205047, "Planner Runtime": 192}, "explain_analyze_plan": {"Plan": {"Node Type": "Aggregate", "Strategy": "Plain", "Startup Cost": 0.02, "Total Cost": 0.03, "Plan Rows": 1, "Plan Width": 96, "Actual Startup Time": 0.012, "Actual Total Time": 0.012, "Actual Rows": 1, "Actual Loops": 1, "Plans": [{"Node Type": "Result", "Parent Relationship": "Outer", "Startup Cost": 0.0, "Total Cost": 0.01, "Plan Rows": 1, "Plan Width": 0, "Actual Startup Time": 0.003, "Actual Total Time": 0.003, "Actual Rows": 0, "Actual Loops": 1, "One-Time Filter": "false"}]}, "Triggers": [], "Planner Runtime": 188.628, "Total Runtime": 0.157, "Unique SQL Id": 223205047}}, "(16, '57')": {"explain_plan": {"Plan": {"Node Type": "Aggregate", "Strategy": "Plain", "Startup Cost": 0.02, "Total Cost": 0.03, "Plan Rows": 1, "Plan Width": 96, "Plans": [{"Node Type": "Result", "Parent Relationship": "Outer", "Startup Cost": 0.0, "Total Cost": 0.01, "Plan Rows": 1, "Plan Width": 0, "One-Time Filter": "false"}]}, "Unique SQL Id": 223205047, "Planner Runtime": 166}, "explain_analyze_plan": {"Plan": {"Node Type": "Aggregate", "Strategy": "Plain", "Startup Cost": 0.02, "Total Cost": 0.03, "Plan Rows": 1, "Plan Width": 96, "Actual Startup Time": 0.012, "Actual Total Time": 0.012, "Actual Rows": 1, "Actual Loops": 1, "Plans": [{"Node Type": "Result", "Parent Relationship": "Outer", "Startup Cost": 0.0, "Total Cost": 0.01, "Plan Rows": 1, "Plan Width": 0, "Actual Startup Time": 0.003, "Actual Total Time": 0.003, "Actual Rows": 0, "Actual Loops": 1, "One-Time Filter": "false"}]}, "Triggers": [], "Planner Runtime": 188.628, "Total Runtime": 0.157, "Unique SQL Id": 223205047}}, "(16, '58')": {"explain_plan": {"Plan": {"Node Type": "Aggregate", "Strategy": "Plain", "Startup Cost": 0.02, "Total Cost": 0.03, "Plan Rows": 1, "Plan Width": 96, "Plans": [{"Node Type": "Result", "Parent Relationship": "Outer", "Startup Cost": 0.0, "Total Cost": 0.01, "Plan Rows": 1, "Plan Width": 0, "One-Time Filter": "false"}]}, "Unique SQL Id": 223205047, "Planner Runtime": 193}, "explain_analyze_plan": {"Plan": {"Node Type": "Aggregate", "Strategy": "Plain", "Startup Cost": 0.02, "Total Cost": 0.03, "Plan Rows": 1, "Plan Width": 96, "Actual Startup Time": 0.012, "Actual Total Time": 0.012, "Actual Rows": 1, "Actual Loops": 1, "Plans": [{"Node Type": "Result", "Parent Relationship": "Outer", "Startup Cost": 0.0, "Total Cost": 0.01, "Plan Rows": 1, "Plan Width": 0, "Actual Startup Time": 0.003, "Actual Total Time": 0.003, "Actual Rows": 0, "Actual Loops": 1, "One-Time Filter": "false"}]}, "Triggers": [], "Planner Runtime": 188.628, "Total Runtime": 0.157, "Unique SQL Id": 223205047}}, "(16, '59')": {"explain_plan": {"Plan": {"Node Type": "Aggregate", "Strategy": "Plain", "Startup Cost": 0.02, "Total Cost": 0.03, "Plan Rows": 1, "Plan Width": 96, "Plans": [{"Node Type": "Result", "Parent Relationship": "Outer", "Startup Cost": 0.0, "Total Cost": 0.01, "Plan Rows": 1, "Plan Width": 0, "One-Time Filter": "false"}]}, "Unique SQL Id": 223205047, "Planner Runtime": 154}, "explain_analyze_plan": {"Plan": {"Node Type": "Aggregate", "Strategy": "Plain", "Startup Cost": 0.02, "Total Cost": 0.03, "Plan Rows": 1, "Plan Width": 96, "Actual Startup Time": 0.012, "Actual Total Time": 0.012, "Actual Rows": 1, "Actual Loops": 1, "Plans": [{"Node Type": "Result", "Parent Relationship": "Outer", "Startup Cost": 0.0, "Total Cost": 0.01, "Plan Rows": 1, "Plan Width": 0, "Actual Startup Time": 0.003, "Actual Total Time": 0.003, "Actual Rows": 0, "Actual Loops": 1, "One-Time Filter": "false"}]}, "Triggers": [], "Planner Runtime": 188.628, "Total Runtime": 0.157, "Unique SQL Id": 223205047}}, "(16, '60')": {"explain_plan": {"Plan": {"Node Type": "Aggregate", "Strategy": "Plain", "Startup Cost": 0.02, "Total Cost": 0.03, "Plan Rows": 1, "Plan Width": 96, "Plans": [{"Node Type": "Result", "Parent Relationship": "Outer", "Startup Cost": 0.0, "Total Cost": 0.01, "Plan Rows": 1, "Plan Width": 0, "One-Time Filter": "false"}]}, "Unique SQL Id": 223205047, "Planner Runtime": 192}, "explain_analyze_plan": {"Plan": {"Node Type": "Aggregate", "Strategy": "Plain", "Startup Cost": 0.02, "Total Cost": 0.03, "Plan Rows": 1, "Plan Width": 96, "Actual Startup Time": 0.012, "Actual Total Time": 0.012, "Actual Rows": 1, "Actual Loops": 1, "Plans": [{"Node Type": "Result", "Parent Relationship": "Outer", "Startup Cost": 0.0, "Total Cost": 0.01, "Plan Rows": 1, "Plan Width": 0, "Actual Startup Time": 0.003, "Actual Total Time": 0.003, "Actual Rows": 0, "Actual Loops": 1, "One-Time Filter": "false"}]}, "Triggers": [], "Planner Runtime": 188.628, "Total Runtime": 0.157, "Unique SQL Id": 223205047}}, "(16, '61')": {"explain_plan": {"Plan": {"Node Type": "Aggregate", "Strategy": "Plain", "Startup Cost": 0.02, "Total Cost": 0.03, "Plan Rows": 1, "Plan Width": 96, "Plans": [{"Node Type": "Result", "Parent Relationship": "Outer", "Startup Cost": 0.0, "Total Cost": 0.01, "Plan Rows": 1, "Plan Width": 0, "One-Time Filter": "false"}]}, "Unique SQL Id": 223205047, "Planner Runtime": 154}, "explain_analyze_plan": {"Plan": {"Node Type": "Aggregate", "Strategy": "Plain", "Startup Cost": 0.02, "Total Cost": 0.03, "Plan Rows": 1, "Plan Width": 96, "Actual Startup Time": 0.012, "Actual Total Time": 0.012, "Actual Rows": 1, "Actual Loops": 1, "Plans": [{"Node Type": "Result", "Parent Relationship": "Outer", "Startup Cost": 0.0, "Total Cost": 0.01, "Plan Rows": 1, "Plan Width": 0, "Actual Startup Time": 0.003, "Actual Total Time": 0.003, "Actual Rows": 0, "Actual Loops": 1, "One-Time Filter": "false"}]}, "Triggers": [], "Planner Runtime": 188.628, "Total Runtime": 0.157, "Unique SQL Id": 223205047}}, "(16, '62')": {"explain_plan": {"Plan": {"Node Type": "Aggregate", "Strategy": "Plain", "Startup Cost": 0.02, "Total Cost": 0.03, "Plan Rows": 1, "Plan Width": 96, "Plans": [{"Node Type": "Result", "Parent Relationship": "Outer", "Startup Cost": 0.0, "Total Cost": 0.01, "Plan Rows": 1, "Plan Width": 0, "One-Time Filter": "false"}]}, "Unique SQL Id": 223205047, "Planner Runtime": 192}, "explain_analyze_plan": {"Plan": {"Node Type": "Aggregate", "Strategy": "Plain", "Startup Cost": 0.02, "Total Cost": 0.03, "Plan Rows": 1, "Plan Width": 96, "Actual Startup Time": 0.012, "Actual Total Time": 0.012, "Actual Rows": 1, "Actual Loops": 1, "Plans": [{"Node Type": "Result", "Parent Relationship": "Outer", "Startup Cost": 0.0, "Total Cost": 0.01, "Plan Rows": 1, "Plan Width": 0, "Actual Startup Time": 0.003, "Actual Total Time": 0.003, "Actual Rows": 0, "Actual Loops": 1, "One-Time Filter": "false"}]}, "Triggers": [], "Planner Runtime": 188.628, "Total Runtime": 0.157, "Unique SQL Id": 223205047}}, "(16, '63')": {"explain_plan": {"Plan": {"Node Type": "Aggregate", "Strategy": "Plain", "Startup Cost": 0.02, "Total Cost": 0.03, "Plan Rows": 1, "Plan Width": 96, "Plans": [{"Node Type": "Result", "Parent Relationship": "Outer", "Startup Cost": 0.0, "Total Cost": 0.01, "Plan Rows": 1, "Plan Width": 0, "One-Time Filter": "false"}]}, "Unique SQL Id": 223205047, "Planner Runtime": 153}, "explain_analyze_plan": {"Plan": {"Node Type": "Aggregate", "Strategy": "Plain", "Startup Cost": 0.02, "Total Cost": 0.03, "Plan Rows": 1, "Plan Width": 96, "Actual Startup Time": 0.012, "Actual Total Time": 0.012, "Actual Rows": 1, "Actual Loops": 1, "Plans": [{"Node Type": "Result", "Parent Relationship": "Outer", "Startup Cost": 0.0, "Total Cost": 0.01, "Plan Rows": 1, "Plan Width": 0, "Actual Startup Time": 0.003, "Actual Total Time": 0.003, "Actual Rows": 0, "Actual Loops": 1, "One-Time Filter": "false"}]}, "Triggers": [], "Planner Runtime": 188.628, "Total Runtime": 0.157, "Unique SQL Id": 223205047}}, "(16, '64')": {"explain_plan": {"Plan": {"Node Type": "Aggregate", "Strategy": "Plain", "Startup Cost": 0.02, "Total Cost": 0.03, "Plan Rows": 1, "Plan Width": 96, "Plans": [{"Node Type": "Result", "Parent Relationship": "Outer", "Startup Cost": 0.0, "Total Cost": 0.01, "Plan Rows": 1, "Plan Width": 0, "One-Time Filter": "false"}]}, "Unique SQL Id": 223205047, "Planner Runtime": 192}, "explain_analyze_plan": {"Plan": {"Node Type": "Aggregate", "Strategy": "Plain", "Startup Cost": 0.02, "Total Cost": 0.03, "Plan Rows": 1, "Plan Width": 96, "Actual Startup Time": 0.012, "Actual Total Time": 0.012, "Actual Rows": 1, "Actual Loops": 1, "Plans": [{"Node Type": "Result", "Parent Relationship": "Outer", "Startup Cost": 0.0, "Total Cost": 0.01, "Plan Rows": 1, "Plan Width": 0, "Actual Startup Time": 0.003, "Actual Total Time": 0.003, "Actual Rows": 0, "Actual Loops": 1, "One-Time Filter": "false"}]}, "Triggers": [], "Planner Runtime": 188.628, "Total Runtime": 0.157, "Unique SQL Id": 223205047}}, "(16, '65')": {"explain_plan": {"Plan": {"Node Type": "Aggregate", "Strategy": "Plain", "Startup Cost": 0.02, "Total Cost": 0.03, "Plan Rows": 1, "Plan Width": 96, "Plans": [{"Node Type": "Result", "Parent Relationship": "Outer", "Startup Cost": 0.0, "Total Cost": 0.01, "Plan Rows": 1, "Plan Width": 0, "One-Time Filter": "false"}]}, "Unique SQL Id": 223205047, "Planner Runtime": 167}, "explain_analyze_plan": {"Plan": {"Node Type": "Aggregate", "Strategy": "Plain", "Startup Cost": 0.02, "Total Cost": 0.03, "Plan Rows": 1, "Plan Width": 96, "Actual Startup Time": 0.012, "Actual Total Time": 0.012, "Actual Rows": 1, "Actual Loops": 1, "Plans": [{"Node Type": "Result", "Parent Relationship": "Outer", "Startup Cost": 0.0, "Total Cost": 0.01, "Plan Rows": 1, "Plan Width": 0, "Actual Startup Time": 0.003, "Actual Total Time": 0.003, "Actual Rows": 0, "Actual Loops": 1, "One-Time Filter": "false"}]}, "Triggers": [], "Planner Runtime": 188.628, "Total Runtime": 0.157, "Unique SQL Id": 223205047}}, "(16, '66')": {"explain_plan": {"Plan": {"Node Type": "Aggregate", "Strategy": "Plain", "Startup Cost": 0.02, "Total Cost": 0.03, "Plan Rows": 1, "Plan Width": 96, "Plans": [{"Node Type": "Result", "Parent Relationship": "Outer", "Startup Cost": 0.0, "Total Cost": 0.01, "Plan Rows": 1, "Plan Width": 0, "One-Time Filter": "false"}]}, "Unique SQL Id": 223205047, "Planner Runtime": 192}, "explain_analyze_plan": {"Plan": {"Node Type": "Aggregate", "Strategy": "Plain", "Startup Cost": 0.02, "Total Cost": 0.03, "Plan Rows": 1, "Plan Width": 96, "Actual Startup Time": 0.012, "Actual Total Time": 0.012, "Actual Rows": 1, "Actual Loops": 1, "Plans": [{"Node Type": "Result", "Parent Relationship": "Outer", "Startup Cost": 0.0, "Total Cost": 0.01, "Plan Rows": 1, "Plan Width": 0, "Actual Startup Time": 0.003, "Actual Total Time": 0.003, "Actual Rows": 0, "Actual Loops": 1, "One-Time Filter": "false"}]}, "Triggers": [], "Planner Runtime": 188.628, "Total Runtime": 0.157, "Unique SQL Id": 223205047}}, "(16, '67')": {"explain_plan": {"Plan": {"Node Type": "Aggregate", "Strategy": "Plain", "Startup Cost": 0.02, "Total Cost": 0.03, "Plan Rows": 1, "Plan Width": 96, "Plans": [{"Node Type": "Result", "Parent Relationship": "Outer", "Startup Cost": 0.0, "Total Cost": 0.01, "Plan Rows": 1, "Plan Width": 0, "One-Time Filter": "false"}]}, "Unique SQL Id": 223205047, "Planner Runtime": 154}, "explain_analyze_plan": {"Plan": {"Node Type": "Aggregate", "Strategy": "Plain", "Startup Cost": 0.02, "Total Cost": 0.03, "Plan Rows": 1, "Plan Width": 96, "Actual Startup Time": 0.012, "Actual Total Time": 0.012, "Actual Rows": 1, "Actual Loops": 1, "Plans": [{"Node Type": "Result", "Parent Relationship": "Outer", "Startup Cost": 0.0, "Total Cost": 0.01, "Plan Rows": 1, "Plan Width": 0, "Actual Startup Time": 0.003, "Actual Total Time": 0.003, "Actual Rows": 0, "Actual Loops": 1, "One-Time Filter": "false"}]}, "Triggers": [], "Planner Runtime": 188.628, "Total Runtime": 0.157, "Unique SQL Id": 223205047}}, "(16, '68')": {"explain_plan": {"Plan": {"Node Type": "Aggregate", "Strategy": "Plain", "Startup Cost": 0.02, "Total Cost": 0.03, "Plan Rows": 1, "Plan Width": 96, "Plans": [{"Node Type": "Result", "Parent Relationship": "Outer", "Startup Cost": 0.0, "Total Cost": 0.01, "Plan Rows": 1, "Plan Width": 0, "One-Time Filter": "false"}]}, "Unique SQL Id": 223205047, "Planner Runtime": 192}, "explain_analyze_plan": {"Plan": {"Node Type": "Aggregate", "Strategy": "Plain", "Startup Cost": 0.02, "Total Cost": 0.03, "Plan Rows": 1, "Plan Width": 96, "Actual Startup Time": 0.012, "Actual Total Time": 0.012, "Actual Rows": 1, "Actual Loops": 1, "Plans": [{"Node Type": "Result", "Parent Relationship": "Outer", "Startup Cost": 0.0, "Total Cost": 0.01, "Plan Rows": 1, "Plan Width": 0, "Actual Startup Time": 0.003, "Actual Total Time": 0.003, "Actual Rows": 0, "Actual Loops": 1, "One-Time Filter": "false"}]}, "Triggers": [], "Planner Runtime": 188.628, "Total Runtime": 0.157, "Unique SQL Id": 223205047}}, "(16, '69')": {"explain_plan": {"Plan": {"Node Type": "Aggregate", "Strategy": "Plain", "Startup Cost": 0.02, "Total Cost": 0.03, "Plan Rows": 1, "Plan Width": 96, "Plans": [{"Node Type": "Result", "Parent Relationship": "Outer", "Startup Cost": 0.0, "Total Cost": 0.01, "Plan Rows": 1, "Plan Width": 0, "One-Time Filter": "false"}]}, "Unique SQL Id": 223205047, "Planner Runtime": 153}, "explain_analyze_plan": {"Plan": {"Node Type": "Aggregate", "Strategy": "Plain", "Startup Cost": 0.02, "Total Cost": 0.03, "Plan Rows": 1, "Plan Width": 96, "Actual Startup Time": 0.012, "Actual Total Time": 0.012, "Actual Rows": 1, "Actual Loops": 1, "Plans": [{"Node Type": "Result", "Parent Relationship": "Outer", "Startup Cost": 0.0, "Total Cost": 0.01, "Plan Rows": 1, "Plan Width": 0, "Actual Startup Time": 0.003, "Actual Total Time": 0.003, "Actual Rows": 0, "Actual Loops": 1, "One-Time Filter": "false"}]}, "Triggers": [], "Planner Runtime": 188.628, "Total Runtime": 0.157, "Unique SQL Id": 223205047}}, "(16, '70')": {"explain_plan": {"Plan": {"Node Type": "Aggregate", "Strategy": "Plain", "Startup Cost": 0.02, "Total Cost": 0.03, "Plan Rows": 1, "Plan Width": 96, "Plans": [{"Node Type": "Result", "Parent Relationship": "Outer", "Startup Cost": 0.0, "Total Cost": 0.01, "Plan Rows": 1, "Plan Width": 0, "One-Time Filter": "false"}]}, "Unique SQL Id": 223205047, "Planner Runtime": 191}, "explain_analyze_plan": {"Plan": {"Node Type": "Aggregate", "Strategy": "Plain", "Startup Cost": 0.02, "Total Cost": 0.03, "Plan Rows": 1, "Plan Width": 96, "Actual Startup Time": 0.012, "Actual Total Time": 0.012, "Actual Rows": 1, "Actual Loops": 1, "Plans": [{"Node Type": "Result", "Parent Relationship": "Outer", "Startup Cost": 0.0, "Total Cost": 0.01, "Plan Rows": 1, "Plan Width": 0, "Actual Startup Time": 0.003, "Actual Total Time": 0.003, "Actual Rows": 0, "Actual Loops": 1, "One-Time Filter": "false"}]}, "Triggers": [], "Planner Runtime": 188.628, "Total Runtime": 0.157, "Unique SQL Id": 223205047}}, "(16, '71')": {"explain_plan": {"Plan": {"Node Type": "Aggregate", "Strategy": "Plain", "Startup Cost": 0.02, "Total Cost": 0.03, "Plan Rows": 1, "Plan Width": 96, "Plans": [{"Node Type": "Result", "Parent Relationship": "Outer", "Startup Cost": 0.0, "Total Cost": 0.01, "Plan Rows": 1, "Plan Width": 0, "One-Time Filter": "false"}]}, "Unique SQL Id": 223205047, "Planner Runtime": 154}, "explain_analyze_plan": {"Plan": {"Node Type": "Aggregate", "Strategy": "Plain", "Startup Cost": 0.02, "Total Cost": 0.03, "Plan Rows": 1, "Plan Width": 96, "Actual Startup Time": 0.012, "Actual Total Time": 0.012, "Actual Rows": 1, "Actual Loops": 1, "Plans": [{"Node Type": "Result", "Parent Relationship": "Outer", "Startup Cost": 0.0, "Total Cost": 0.01, "Plan Rows": 1, "Plan Width": 0, "Actual Startup Time": 0.003, "Actual Total Time": 0.003, "Actual Rows": 0, "Actual Loops": 1, "One-Time Filter": "false"}]}, "Triggers": [], "Planner Runtime": 188.628, "Total Runtime": 0.157, "Unique SQL Id": 223205047}}, "(16, '72')": {"explain_plan": {"Plan": {"Node Type": "Aggregate", "Strategy": "Plain", "Startup Cost": 0.02, "Total Cost": 0.03, "Plan Rows": 1, "Plan Width": 96, "Plans": [{"Node Type": "Result", "Parent Relationship": "Outer", "Startup Cost": 0.0, "Total Cost": 0.01, "Plan Rows": 1, "Plan Width": 0, "One-Time Filter": "false"}]}, "Unique SQL Id": 223205047, "Planner Runtime": 193}, "explain_analyze_plan": {"Plan": {"Node Type": "Aggregate", "Strategy": "Plain", "Startup Cost": 0.02, "Total Cost": 0.03, "Plan Rows": 1, "Plan Width": 96, "Actual Startup Time": 0.012, "Actual Total Time": 0.012, "Actual Rows": 1, "Actual Loops": 1, "Plans": [{"Node Type": "Result", "Parent Relationship": "Outer", "Startup Cost": 0.0, "Total Cost": 0.01, "Plan Rows": 1, "Plan Width": 0, "Actual Startup Time": 0.003, "Actual Total Time": 0.003, "Actual Rows": 0, "Actual Loops": 1, "One-Time Filter": "false"}]}, "Triggers": [], "Planner Runtime": 188.628, "Total Runtime": 0.157, "Unique SQL Id": 223205047}}, "(16, '73')": {"explain_plan": {"Plan": {"Node Type": "Aggregate", "Strategy": "Plain", "Startup Cost": 0.02, "Total Cost": 0.03, "Plan Rows": 1, "Plan Width": 96, "Plans": [{"Node Type": "Result", "Parent Relationship": "Outer", "Startup Cost": 0.0, "Total Cost": 0.01, "Plan Rows": 1, "Plan Width": 0, "One-Time Filter": "false"}]}, "Unique SQL Id": 223205047, "Planner Runtime": 167}, "explain_analyze_plan": {"Plan": {"Node Type": "Aggregate", "Strategy": "Plain", "Startup Cost": 0.02, "Total Cost": 0.03, "Plan Rows": 1, "Plan Width": 96, "Actual Startup Time": 0.012, "Actual Total Time": 0.012, "Actual Rows": 1, "Actual Loops": 1, "Plans": [{"Node Type": "Result", "Parent Relationship": "Outer", "Startup Cost": 0.0, "Total Cost": 0.01, "Plan Rows": 1, "Plan Width": 0, "Actual Startup Time": 0.003, "Actual Total Time": 0.003, "Actual Rows": 0, "Actual Loops": 1, "One-Time Filter": "false"}]}, "Triggers": [], "Planner Runtime": 188.628, "Total Runtime": 0.157, "Unique SQL Id": 223205047}}, "(16, '74')": {"explain_plan": {"Plan": {"Node Type": "Aggregate", "Strategy": "Plain", "Startup Cost": 0.02, "Total Cost": 0.03, "Plan Rows": 1, "Plan Width": 96, "Plans": [{"Node Type": "Result", "Parent Relationship": "Outer", "Startup Cost": 0.0, "Total Cost": 0.01, "Plan Rows": 1, "Plan Width": 0, "One-Time Filter": "false"}]}, "Unique SQL Id": 223205047, "Planner Runtime": 191}, "explain_analyze_plan": {"Plan": {"Node Type": "Aggregate", "Strategy": "Plain", "Startup Cost": 0.02, "Total Cost": 0.03, "Plan Rows": 1, "Plan Width": 96, "Actual Startup Time": 0.012, "Actual Total Time": 0.012, "Actual Rows": 1, "Actual Loops": 1, "Plans": [{"Node Type": "Result", "Parent Relationship": "Outer", "Startup Cost": 0.0, "Total Cost": 0.01, "Plan Rows": 1, "Plan Width": 0, "Actual Startup Time": 0.003, "Actual Total Time": 0.003, "Actual Rows": 0, "Actual Loops": 1, "One-Time Filter": "false"}]}, "Triggers": [], "Planner Runtime": 188.628, "Total Runtime": 0.157, "Unique SQL Id": 223205047}}, "(16, '75')": {"explain_plan": {"Plan": {"Node Type": "Aggregate", "Strategy": "Plain", "Startup Cost": 0.02, "Total Cost": 0.03, "Plan Rows": 1, "Plan Width": 96, "Plans": [{"Node Type": "Result", "Parent Relationship": "Outer", "Startup Cost": 0.0, "Total Cost": 0.01, "Plan Rows": 1, "Plan Width": 0, "One-Time Filter": "false"}]}, "Unique SQL Id": 223205047, "Planner Runtime": 154}, "explain_analyze_plan": {"Plan": {"Node Type": "Aggregate", "Strategy": "Plain", "Startup Cost": 0.02, "Total Cost": 0.03, "Plan Rows": 1, "Plan Width": 96, "Actual Startup Time": 0.012, "Actual Total Time": 0.012, "Actual Rows": 1, "Actual Loops": 1, "Plans": [{"Node Type": "Result", "Parent Relationship": "Outer", "Startup Cost": 0.0, "Total Cost": 0.01, "Plan Rows": 1, "Plan Width": 0, "Actual Startup Time": 0.003, "Actual Total Time": 0.003, "Actual Rows": 0, "Actual Loops": 1, "One-Time Filter": "false"}]}, "Triggers": [], "Planner Runtime": 188.628, "Total Runtime": 0.157, "Unique SQL Id": 223205047}}, "(16, '76')": {"explain_plan": {"Plan": {"Node Type": "Aggregate", "Strategy": "Plain", "Startup Cost": 0.02, "Total Cost": 0.03, "Plan Rows": 1, "Plan Width": 96, "Plans": [{"Node Type": "Result", "Parent Relationship": "Outer", "Startup Cost": 0.0, "Total Cost": 0.01, "Plan Rows": 1, "Plan Width": 0, "One-Time Filter": "false"}]}, "Unique SQL Id": 223205047, "Planner Runtime": 187}, "explain_analyze_plan": {"Plan": {"Node Type": "Aggregate", "Strategy": "Plain", "Startup Cost": 0.02, "Total Cost": 0.03, "Plan Rows": 1, "Plan Width": 96, "Actual Startup Time": 0.012, "Actual Total Time": 0.012, "Actual Rows": 1, "Actual Loops": 1, "Plans": [{"Node Type": "Result", "Parent Relationship": "Outer", "Startup Cost": 0.0, "Total Cost": 0.01, "Plan Rows": 1, "Plan Width": 0, "Actual Startup Time": 0.003, "Actual Total Time": 0.003, "Actual Rows": 0, "Actual Loops": 1, "One-Time Filter": "false"}]}, "Triggers": [], "Planner Runtime": 188.628, "Total Runtime": 0.157, "Unique SQL Id": 223205047}}, "(16, '77')": {"explain_plan": {"Plan": {"Node Type": "Aggregate", "Strategy": "Plain", "Startup Cost": 0.02, "Total Cost": 0.03, "Plan Rows": 1, "Plan Width": 96, "Plans": [{"Node Type": "Result", "Parent Relationship": "Outer", "Startup Cost": 0.0, "Total Cost": 0.01, "Plan Rows": 1, "Plan Width": 0, "One-Time Filter": "false"}]}, "Unique SQL Id": 223205047, "Planner Runtime": 154}, "explain_analyze_plan": {"Plan": {"Node Type": "Aggregate", "Strategy": "Plain", "Startup Cost": 0.02, "Total Cost": 0.03, "Plan Rows": 1, "Plan Width": 96, "Actual Startup Time": 0.012, "Actual Total Time": 0.012, "Actual Rows": 1, "Actual Loops": 1, "Plans": [{"Node Type": "Result", "Parent Relationship": "Outer", "Startup Cost": 0.0, "Total Cost": 0.01, "Plan Rows": 1, "Plan Width": 0, "Actual Startup Time": 0.003, "Actual Total Time": 0.003, "Actual Rows": 0, "Actual Loops": 1, "One-Time Filter": "false"}]}, "Triggers": [], "Planner Runtime": 188.628, "Total Runtime": 0.157, "Unique SQL Id": 223205047}}, "(16, '78')": {"explain_plan": {"Plan": {"Node Type": "Aggregate", "Strategy": "Plain", "Startup Cost": 0.02, "Total Cost": 0.03, "Plan Rows": 1, "Plan Width": 96, "Plans": [{"Node Type": "Result", "Parent Relationship": "Outer", "Startup Cost": 0.0, "Total Cost": 0.01, "Plan Rows": 1, "Plan Width": 0, "One-Time Filter": "false"}]}, "Unique SQL Id": 223205047, "Planner Runtime": 191}, "explain_analyze_plan": {"Plan": {"Node Type": "Aggregate", "Strategy": "Plain", "Startup Cost": 0.02, "Total Cost": 0.03, "Plan Rows": 1, "Plan Width": 96, "Actual Startup Time": 0.012, "Actual Total Time": 0.012, "Actual Rows": 1, "Actual Loops": 1, "Plans": [{"Node Type": "Result", "Parent Relationship": "Outer", "Startup Cost": 0.0, "Total Cost": 0.01, "Plan Rows": 1, "Plan Width": 0, "Actual Startup Time": 0.003, "Actual Total Time": 0.003, "Actual Rows": 0, "Actual Loops": 1, "One-Time Filter": "false"}]}, "Triggers": [], "Planner Runtime": 188.628, "Total Runtime": 0.157, "Unique SQL Id": 223205047}}, "(16, '79')": {"explain_plan": {"Plan": {"Node Type": "Aggregate", "Strategy": "Plain", "Startup Cost": 0.02, "Total Cost": 0.03, "Plan Rows": 1, "Plan Width": 96, "Plans": [{"Node Type": "Result", "Parent Relationship": "Outer", "Startup Cost": 0.0, "Total Cost": 0.01, "Plan Rows": 1, "Plan Width": 0, "One-Time Filter": "false"}]}, "Unique SQL Id": 223205047, "Planner Runtime": 155}, "explain_analyze_plan": {"Plan": {"Node Type": "Aggregate", "Strategy": "Plain", "Startup Cost": 0.02, "Total Cost": 0.03, "Plan Rows": 1, "Plan Width": 96, "Actual Startup Time": 0.012, "Actual Total Time": 0.012, "Actual Rows": 1, "Actual Loops": 1, "Plans": [{"Node Type": "Result", "Parent Relationship": "Outer", "Startup Cost": 0.0, "Total Cost": 0.01, "Plan Rows": 1, "Plan Width": 0, "Actual Startup Time": 0.003, "Actual Total Time": 0.003, "Actual Rows": 0, "Actual Loops": 1, "One-Time Filter": "false"}]}, "Triggers": [], "Planner Runtime": 188.628, "Total Runtime": 0.157, "Unique SQL Id": 223205047}}, "(16, '80')": {"explain_plan": {"Plan": {"Node Type": "Aggregate", "Strategy": "Plain", "Startup Cost": 0.02, "Total Cost": 0.03, "Plan Rows": 1, "Plan Width": 96, "Plans": [{"Node Type": "Result", "Parent Relationship": "Outer", "Startup Cost": 0.0, "Total Cost": 0.01, "Plan Rows": 1, "Plan Width": 0, "One-Time Filter": "false"}]}, "Unique SQL Id": 223205047, "Planner Runtime": 193}, "explain_analyze_plan": {"Plan": {"Node Type": "Aggregate", "Strategy": "Plain", "Startup Cost": 0.02, "Total Cost": 0.03, "Plan Rows": 1, "Plan Width": 96, "Actual Startup Time": 0.012, "Actual Total Time": 0.012, "Actual Rows": 1, "Actual Loops": 1, "Plans": [{"Node Type": "Result", "Parent Relationship": "Outer", "Startup Cost": 0.0, "Total Cost": 0.01, "Plan Rows": 1, "Plan Width": 0, "Actual Startup Time": 0.003, "Actual Total Time": 0.003, "Actual Rows": 0, "Actual Loops": 1, "One-Time Filter": "false"}]}, "Triggers": [], "Planner Runtime": 188.628, "Total Runtime": 0.157, "Unique SQL Id": 223205047}}, "(16, '81')": {"explain_plan": {"Plan": {"Node Type": "Aggregate", "Strategy": "Plain", "Startup Cost": 0.02, "Total Cost": 0.03, "Plan Rows": 1, "Plan Width": 96, "Plans": [{"Node Type": "Result", "Parent Relationship": "Outer", "Startup Cost": 0.0, "Total Cost": 0.01, "Plan Rows": 1, "Plan Width": 0, "One-Time Filter": "false"}]}, "Unique SQL Id": 223205047, "Planner Runtime": 168}, "explain_analyze_plan": {"Plan": {"Node Type": "Aggregate", "Strategy": "Plain", "Startup Cost": 0.02, "Total Cost": 0.03, "Plan Rows": 1, "Plan Width": 96, "Actual Startup Time": 0.012, "Actual Total Time": 0.012, "Actual Rows": 1, "Actual Loops": 1, "Plans": [{"Node Type": "Result", "Parent Relationship": "Outer", "Startup Cost": 0.0, "Total Cost": 0.01, "Plan Rows": 1, "Plan Width": 0, "Actual Startup Time": 0.003, "Actual Total Time": 0.003, "Actual Rows": 0, "Actual Loops": 1, "One-Time Filter": "false"}]}, "Triggers": [], "Planner Runtime": 188.628, "Total Runtime": 0.157, "Unique SQL Id": 223205047}}, "(16, '82')": {"explain_plan": {"Plan": {"Node Type": "Aggregate", "Strategy": "Plain", "Startup Cost": 0.02, "Total Cost": 0.03, "Plan Rows": 1, "Plan Width": 96, "Plans": [{"Node Type": "Result", "Parent Relationship": "Outer", "Startup Cost": 0.0, "Total Cost": 0.01, "Plan Rows": 1, "Plan Width": 0, "One-Time Filter": "false"}]}, "Unique SQL Id": 223205047, "Planner Runtime": 192}, "explain_analyze_plan": {"Plan": {"Node Type": "Aggregate", "Strategy": "Plain", "Startup Cost": 0.02, "Total Cost": 0.03, "Plan Rows": 1, "Plan Width": 96, "Actual Startup Time": 0.012, "Actual Total Time": 0.012, "Actual Rows": 1, "Actual Loops": 1, "Plans": [{"Node Type": "Result", "Parent Relationship": "Outer", "Startup Cost": 0.0, "Total Cost": 0.01, "Plan Rows": 1, "Plan Width": 0, "Actual Startup Time": 0.003, "Actual Total Time": 0.003, "Actual Rows": 0, "Actual Loops": 1, "One-Time Filter": "false"}]}, "Triggers": [], "Planner Runtime": 188.628, "Total Runtime": 0.157, "Unique SQL Id": 223205047}}, "(16, '83')": {"explain_plan": {"Plan": {"Node Type": "Aggregate", "Strategy": "Plain", "Startup Cost": 0.02, "Total Cost": 0.03, "Plan Rows": 1, "Plan Width": 96, "Plans": [{"Node Type": "Result", "Parent Relationship": "Outer", "Startup Cost": 0.0, "Total Cost": 0.01, "Plan Rows": 1, "Plan Width": 0, "One-Time Filter": "false"}]}, "Unique SQL Id": 223205047, "Planner Runtime": 153}, "explain_analyze_plan": {"Plan": {"Node Type": "Aggregate", "Strategy": "Plain", "Startup Cost": 0.02, "Total Cost": 0.03, "Plan Rows": 1, "Plan Width": 96, "Actual Startup Time": 0.012, "Actual Total Time": 0.012, "Actual Rows": 1, "Actual Loops": 1, "Plans": [{"Node Type": "Result", "Parent Relationship": "Outer", "Startup Cost": 0.0, "Total Cost": 0.01, "Plan Rows": 1, "Plan Width": 0, "Actual Startup Time": 0.003, "Actual Total Time": 0.003, "Actual Rows": 0, "Actual Loops": 1, "One-Time Filter": "false"}]}, "Triggers": [], "Planner Runtime": 188.628, "Total Runtime": 0.157, "Unique SQL Id": 223205047}}, "(16, '84')": {"explain_plan": {"Plan": {"Node Type": "Aggregate", "Strategy": "Plain", "Startup Cost": 0.02, "Total Cost": 0.03, "Plan Rows": 1, "Plan Width": 96, "Plans": [{"Node Type": "Result", "Parent Relationship": "Outer", "Startup Cost": 0.0, "Total Cost": 0.01, "Plan Rows": 1, "Plan Width": 0, "One-Time Filter": "false"}]}, "Unique SQL Id": 223205047, "Planner Runtime": 191}, "explain_analyze_plan": {"Plan": {"Node Type": "Aggregate", "Strategy": "Plain", "Startup Cost": 0.02, "Total Cost": 0.03, "Plan Rows": 1, "Plan Width": 96, "Actual Startup Time": 0.012, "Actual Total Time": 0.012, "Actual Rows": 1, "Actual Loops": 1, "Plans": [{"Node Type": "Result", "Parent Relationship": "Outer", "Startup Cost": 0.0, "Total Cost": 0.01, "Plan Rows": 1, "Plan Width": 0, "Actual Startup Time": 0.003, "Actual Total Time": 0.003, "Actual Rows": 0, "Actual Loops": 1, "One-Time Filter": "false"}]}, "Triggers": [], "Planner Runtime": 188.628, "Total Runtime": 0.157, "Unique SQL Id": 223205047}}, "(16, '85')": {"explain_plan": {"Plan": {"Node Type": "Aggregate", "Strategy": "Plain", "Startup Cost": 0.02, "Total Cost": 0.03, "Plan Rows": 1, "Plan Width": 96, "Plans": [{"Node Type": "Result", "Parent Relationship": "Outer", "Startup Cost": 0.0, "Total Cost": 0.01, "Plan Rows": 1, "Plan Width": 0, "One-Time Filter": "false"}]}, "Unique SQL Id": 223205047, "Planner Runtime": 153}, "explain_analyze_plan": {"Plan": {"Node Type": "Aggregate", "Strategy": "Plain", "Startup Cost": 0.02, "Total Cost": 0.03, "Plan Rows": 1, "Plan Width": 96, "Actual Startup Time": 0.012, "Actual Total Time": 0.012, "Actual Rows": 1, "Actual Loops": 1, "Plans": [{"Node Type": "Result", "Parent Relationship": "Outer", "Startup Cost": 0.0, "Total Cost": 0.01, "Plan Rows": 1, "Plan Width": 0, "Actual Startup Time": 0.003, "Actual Total Time": 0.003, "Actual Rows": 0, "Actual Loops": 1, "One-Time Filter": "false"}]}, "Triggers": [], "Planner Runtime": 188.628, "Total Runtime": 0.157, "Unique SQL Id": 223205047}}, "(16, '86')": {"explain_plan": {"Plan": {"Node Type": "Aggregate", "Strategy": "Plain", "Startup Cost": 0.02, "Total Cost": 0.03, "Plan Rows": 1, "Plan Width": 96, "Plans": [{"Node Type": "Result", "Parent Relationship": "Outer", "Startup Cost": 0.0, "Total Cost": 0.01, "Plan Rows": 1, "Plan Width": 0, "One-Time Filter": "false"}]}, "Unique SQL Id": 223205047, "Planner Runtime": 189}, "explain_analyze_plan": {"Plan": {"Node Type": "Aggregate", "Strategy": "Plain", "Startup Cost": 0.02, "Total Cost": 0.03, "Plan Rows": 1, "Plan Width": 96, "Actual Startup Time": 0.012, "Actual Total Time": 0.012, "Actual Rows": 1, "Actual Loops": 1, "Plans": [{"Node Type": "Result", "Parent Relationship": "Outer", "Startup Cost": 0.0, "Total Cost": 0.01, "Plan Rows": 1, "Plan Width": 0, "Actual Startup Time": 0.003, "Actual Total Time": 0.003, "Actual Rows": 0, "Actual Loops": 1, "One-Time Filter": "false"}]}, "Triggers": [], "Planner Runtime": 188.628, "Total Runtime": 0.157, "Unique SQL Id": 223205047}}, "(16, '87')": {"explain_plan": {"Plan": {"Node Type": "Aggregate", "Strategy": "Plain", "Startup Cost": 0.02, "Total Cost": 0.03, "Plan Rows": 1, "Plan Width": 96, "Plans": [{"Node Type": "Result", "Parent Relationship": "Outer", "Startup Cost": 0.0, "Total Cost": 0.01, "Plan Rows": 1, "Plan Width": 0, "One-Time Filter": "false"}]}, "Unique SQL Id": 223205047, "Planner Runtime": 159}, "explain_analyze_plan": {"Plan": {"Node Type": "Aggregate", "Strategy": "Plain", "Startup Cost": 0.02, "Total Cost": 0.03, "Plan Rows": 1, "Plan Width": 96, "Actual Startup Time": 0.012, "Actual Total Time": 0.012, "Actual Rows": 1, "Actual Loops": 1, "Plans": [{"Node Type": "Result", "Parent Relationship": "Outer", "Startup Cost": 0.0, "Total Cost": 0.01, "Plan Rows": 1, "Plan Width": 0, "Actual Startup Time": 0.003, "Actual Total Time": 0.003, "Actual Rows": 0, "Actual Loops": 1, "One-Time Filter": "false"}]}, "Triggers": [], "Planner Runtime": 188.628, "Total Runtime": 0.157, "Unique SQL Id": 223205047}}, "(16, '88')": {"explain_plan": {"Plan": {"Node Type": "Aggregate", "Strategy": "Plain", "Startup Cost": 0.02, "Total Cost": 0.03, "Plan Rows": 1, "Plan Width": 96, "Plans": [{"Node Type": "Result", "Parent Relationship": "Outer", "Startup Cost": 0.0, "Total Cost": 0.01, "Plan Rows": 1, "Plan Width": 0, "One-Time Filter": "false"}]}, "Unique SQL Id": 223205047, "Planner Runtime": 196}, "explain_analyze_plan": {"Plan": {"Node Type": "Aggregate", "Strategy": "Plain", "Startup Cost": 0.02, "Total Cost": 0.03, "Plan Rows": 1, "Plan Width": 96, "Actual Startup Time": 0.012, "Actual Total Time": 0.012, "Actual Rows": 1, "Actual Loops": 1, "Plans": [{"Node Type": "Result", "Parent Relationship": "Outer", "Startup Cost": 0.0, "Total Cost": 0.01, "Plan Rows": 1, "Plan Width": 0, "Actual Startup Time": 0.003, "Actual Total Time": 0.003, "Actual Rows": 0, "Actual Loops": 1, "One-Time Filter": "false"}]}, "Triggers": [], "Planner Runtime": 188.628, "Total Runtime": 0.157, "Unique SQL Id": 223205047}}, "(16, '89')": {"explain_plan": {"Plan": {"Node Type": "Aggregate", "Strategy": "Plain", "Startup Cost": 0.02, "Total Cost": 0.03, "Plan Rows": 1, "Plan Width": 96, "Plans": [{"Node Type": "Result", "Parent Relationship": "Outer", "Startup Cost": 0.0, "Total Cost": 0.01, "Plan Rows": 1, "Plan Width": 0, "One-Time Filter": "false"}]}, "Unique SQL Id": 223205047, "Planner Runtime": 172}, "explain_analyze_plan": {"Plan": {"Node Type": "Aggregate", "Strategy": "Plain", "Startup Cost": 0.02, "Total Cost": 0.03, "Plan Rows": 1, "Plan Width": 96, "Actual Startup Time": 0.012, "Actual Total Time": 0.012, "Actual Rows": 1, "Actual Loops": 1, "Plans": [{"Node Type": "Result", "Parent Relationship": "Outer", "Startup Cost": 0.0, "Total Cost": 0.01, "Plan Rows": 1, "Plan Width": 0, "Actual Startup Time": 0.003, "Actual Total Time": 0.003, "Actual Rows": 0, "Actual Loops": 1, "One-Time Filter": "false"}]}, "Triggers": [], "Planner Runtime": 188.628, "Total Runtime": 0.157, "Unique SQL Id": 223205047}}, "(16, '90')": {"explain_plan": {"Plan": {"Node Type": "Aggregate", "Strategy": "Plain", "Startup Cost": 0.02, "Total Cost": 0.03, "Plan Rows": 1, "Plan Width": 96, "Plans": [{"Node Type": "Result", "Parent Relationship": "Outer", "Startup Cost": 0.0, "Total Cost": 0.01, "Plan Rows": 1, "Plan Width": 0, "One-Time Filter": "false"}]}, "Unique SQL Id": 223205047, "Planner Runtime": 194}, "explain_analyze_plan": {"Plan": {"Node Type": "Aggregate", "Strategy": "Plain", "Startup Cost": 0.02, "Total Cost": 0.03, "Plan Rows": 1, "Plan Width": 96, "Actual Startup Time": 0.012, "Actual Total Time": 0.012, "Actual Rows": 1, "Actual Loops": 1, "Plans": [{"Node Type": "Result", "Parent Relationship": "Outer", "Startup Cost": 0.0, "Total Cost": 0.01, "Plan Rows": 1, "Plan Width": 0, "Actual Startup Time": 0.003, "Actual Total Time": 0.003, "Actual Rows": 0, "Actual Loops": 1, "One-Time Filter": "false"}]}, "Triggers": [], "Planner Runtime": 188.628, "Total Runtime": 0.157, "Unique SQL Id": 223205047}}, "(16, '91')": {"explain_plan": {"Plan": {"Node Type": "Aggregate", "Strategy": "Plain", "Startup Cost": 0.02, "Total Cost": 0.03, "Plan Rows": 1, "Plan Width": 96, "Plans": [{"Node Type": "Result", "Parent Relationship": "Outer", "Startup Cost": 0.0, "Total Cost": 0.01, "Plan Rows": 1, "Plan Width": 0, "One-Time Filter": "false"}]}, "Unique SQL Id": 223205047, "Planner Runtime": 158}, "explain_analyze_plan": {"Plan": {"Node Type": "Aggregate", "Strategy": "Plain", "Startup Cost": 0.02, "Total Cost": 0.03, "Plan Rows": 1, "Plan Width": 96, "Actual Startup Time": 0.012, "Actual Total Time": 0.012, "Actual Rows": 1, "Actual Loops": 1, "Plans": [{"Node Type": "Result", "Parent Relationship": "Outer", "Startup Cost": 0.0, "Total Cost": 0.01, "Plan Rows": 1, "Plan Width": 0, "Actual Startup Time": 0.003, "Actual Total Time": 0.003, "Actual Rows": 0, "Actual Loops": 1, "One-Time Filter": "false"}]}, "Triggers": [], "Planner Runtime": 188.628, "Total Runtime": 0.157, "Unique SQL Id": 223205047}}, "(16, '92')": {"explain_plan": {"Plan": {"Node Type": "Aggregate", "Strategy": "Plain", "Startup Cost": 0.02, "Total Cost": 0.03, "Plan Rows": 1, "Plan Width": 96, "Plans": [{"Node Type": "Result", "Parent Relationship": "Outer", "Startup Cost": 0.0, "Total Cost": 0.01, "Plan Rows": 1, "Plan Width": 0, "One-Time Filter": "false"}]}, "Unique SQL Id": 223205047, "Planner Runtime": 198}, "explain_analyze_plan": {"Plan": {"Node Type": "Aggregate", "Strategy": "Plain", "Startup Cost": 0.02, "Total Cost": 0.03, "Plan Rows": 1, "Plan Width": 96, "Actual Startup Time": 0.012, "Actual Total Time": 0.012, "Actual Rows": 1, "Actual Loops": 1, "Plans": [{"Node Type": "Result", "Parent Relationship": "Outer", "Startup Cost": 0.0, "Total Cost": 0.01, "Plan Rows": 1, "Plan Width": 0, "Actual Startup Time": 0.003, "Actual Total Time": 0.003, "Actual Rows": 0, "Actual Loops": 1, "One-Time Filter": "false"}]}, "Triggers": [], "Planner Runtime": 188.628, "Total Runtime": 0.157, "Unique SQL Id": 223205047}}, "(16, '93')": {"explain_plan": {"Plan": {"Node Type": "Aggregate", "Strategy": "Plain", "Startup Cost": 0.02, "Total Cost": 0.03, "Plan Rows": 1, "Plan Width": 96, "Plans": [{"Node Type": "Result", "Parent Relationship": "Outer", "Startup Cost": 0.0, "Total Cost": 0.01, "Plan Rows": 1, "Plan Width": 0, "One-Time Filter": "false"}]}, "Unique SQL Id": 223205047, "Planner Runtime": 154}, "explain_analyze_plan": {"Plan": {"Node Type": "Aggregate", "Strategy": "Plain", "Startup Cost": 0.02, "Total Cost": 0.03, "Plan Rows": 1, "Plan Width": 96, "Actual Startup Time": 0.012, "Actual Total Time": 0.012, "Actual Rows": 1, "Actual Loops": 1, "Plans": [{"Node Type": "Result", "Parent Relationship": "Outer", "Startup Cost": 0.0, "Total Cost": 0.01, "Plan Rows": 1, "Plan Width": 0, "Actual Startup Time": 0.003, "Actual Total Time": 0.003, "Actual Rows": 0, "Actual Loops": 1, "One-Time Filter": "false"}]}, "Triggers": [], "Planner Runtime": 188.628, "Total Runtime": 0.157, "Unique SQL Id": 223205047}}, "(16, '94')": {"explain_plan": {"Plan": {"Node Type": "Aggregate", "Strategy": "Plain", "Startup Cost": 0.02, "Total Cost": 0.03, "Plan Rows": 1, "Plan Width": 96, "Plans": [{"Node Type": "Result", "Parent Relationship": "Outer", "Startup Cost": 0.0, "Total Cost": 0.01, "Plan Rows": 1, "Plan Width": 0, "One-Time Filter": "false"}]}, "Unique SQL Id": 223205047, "Planner Runtime": 191}, "explain_analyze_plan": {"Plan": {"Node Type": "Aggregate", "Strategy": "Plain", "Startup Cost": 0.02, "Total Cost": 0.03, "Plan Rows": 1, "Plan Width": 96, "Actual Startup Time": 0.012, "Actual Total Time": 0.012, "Actual Rows": 1, "Actual Loops": 1, "Plans": [{"Node Type": "Result", "Parent Relationship": "Outer", "Startup Cost": 0.0, "Total Cost": 0.01, "Plan Rows": 1, "Plan Width": 0, "Actual Startup Time": 0.003, "Actual Total Time": 0.003, "Actual Rows": 0, "Actual Loops": 1, "One-Time Filter": "false"}]}, "Triggers": [], "Planner Runtime": 188.628, "Total Runtime": 0.157, "Unique SQL Id": 223205047}}, "(16, '95')": {"explain_plan": {"Plan": {"Node Type": "Aggregate", "Strategy": "Plain", "Startup Cost": 0.02, "Total Cost": 0.03, "Plan Rows": 1, "Plan Width": 96, "Plans": [{"Node Type": "Result", "Parent Relationship": "Outer", "Startup Cost": 0.0, "Total Cost": 0.01, "Plan Rows": 1, "Plan Width": 0, "One-Time Filter": "false"}]}, "Unique SQL Id": 223205047, "Planner Runtime": 154}, "explain_analyze_plan": {"Plan": {"Node Type": "Aggregate", "Strategy": "Plain", "Startup Cost": 0.02, "Total Cost": 0.03, "Plan Rows": 1, "Plan Width": 96, "Actual Startup Time": 0.012, "Actual Total Time": 0.012, "Actual Rows": 1, "Actual Loops": 1, "Plans": [{"Node Type": "Result", "Parent Relationship": "Outer", "Startup Cost": 0.0, "Total Cost": 0.01, "Plan Rows": 1, "Plan Width": 0, "Actual Startup Time": 0.003, "Actual Total Time": 0.003, "Actual Rows": 0, "Actual Loops": 1, "One-Time Filter": "false"}]}, "Triggers": [], "Planner Runtime": 188.628, "Total Runtime": 0.157, "Unique SQL Id": 223205047}}, "(16, '96')": {"explain_plan": {"Plan": {"Node Type": "Aggregate", "Strategy": "Plain", "Startup Cost": 0.02, "Total Cost": 0.03, "Plan Rows": 1, "Plan Width": 96, "Plans": [{"Node Type": "Result", "Parent Relationship": "Outer", "Startup Cost": 0.0, "Total Cost": 0.01, "Plan Rows": 1, "Plan Width": 0, "One-Time Filter": "false"}]}, "Unique SQL Id": 223205047, "Planner Runtime": 188}, "explain_analyze_plan": {"Plan": {"Node Type": "Aggregate", "Strategy": "Plain", "Startup Cost": 0.02, "Total Cost": 0.03, "Plan Rows": 1, "Plan Width": 96, "Actual Startup Time": 0.012, "Actual Total Time": 0.012, "Actual Rows": 1, "Actual Loops": 1, "Plans": [{"Node Type": "Result", "Parent Relationship": "Outer", "Startup Cost": 0.0, "Total Cost": 0.01, "Plan Rows": 1, "Plan Width": 0, "Actual Startup Time": 0.003, "Actual Total Time": 0.003, "Actual Rows": 0, "Actual Loops": 1, "One-Time Filter": "false"}]}, "Triggers": [], "Planner Runtime": 188.628, "Total Runtime": 0.157, "Unique SQL Id": 223205047}}, "(16, '97')": {"explain_plan": {"Plan": {"Node Type": "Aggregate", "Strategy": "Plain", "Startup Cost": 0.02, "Total Cost": 0.03, "Plan Rows": 1, "Plan Width": 96, "Plans": [{"Node Type": "Result", "Parent Relationship": "Outer", "Startup Cost": 0.0, "Total Cost": 0.01, "Plan Rows": 1, "Plan Width": 0, "One-Time Filter": "false"}]}, "Unique SQL Id": 223205047, "Planner Runtime": 167}, "explain_analyze_plan": {"Plan": {"Node Type": "Aggregate", "Strategy": "Plain", "Startup Cost": 0.02, "Total Cost": 0.03, "Plan Rows": 1, "Plan Width": 96, "Actual Startup Time": 0.012, "Actual Total Time": 0.012, "Actual Rows": 1, "Actual Loops": 1, "Plans": [{"Node Type": "Result", "Parent Relationship": "Outer", "Startup Cost": 0.0, "Total Cost": 0.01, "Plan Rows": 1, "Plan Width": 0, "Actual Startup Time": 0.003, "Actual Total Time": 0.003, "Actual Rows": 0, "Actual Loops": 1, "One-Time Filter": "false"}]}, "Triggers": [], "Planner Runtime": 188.628, "Total Runtime": 0.157, "Unique SQL Id": 223205047}}, "(16, '98')": {"explain_plan": {"Plan": {"Node Type": "Aggregate", "Strategy": "Plain", "Startup Cost": 0.02, "Total Cost": 0.03, "Plan Rows": 1, "Plan Width": 96, "Plans": [{"Node Type": "Result", "Parent Relationship": "Outer", "Startup Cost": 0.0, "Total Cost": 0.01, "Plan Rows": 1, "Plan Width": 0, "One-Time Filter": "false"}]}, "Unique SQL Id": 223205047, "Planner Runtime": 193}, "explain_analyze_plan": {"Plan": {"Node Type": "Aggregate", "Strategy": "Plain", "Startup Cost": 0.02, "Total Cost": 0.03, "Plan Rows": 1, "Plan Width": 96, "Actual Startup Time": 0.012, "Actual Total Time": 0.012, "Actual Rows": 1, "Actual Loops": 1, "Plans": [{"Node Type": "Result", "Parent Relationship": "Outer", "Startup Cost": 0.0, "Total Cost": 0.01, "Plan Rows": 1, "Plan Width": 0, "Actual Startup Time": 0.003, "Actual Total Time": 0.003, "Actual Rows": 0, "Actual Loops": 1, "One-Time Filter": "false"}]}, "Triggers": [], "Planner Runtime": 188.628, "Total Runtime": 0.157, "Unique SQL Id": 223205047}}, "(16, '99')": {"explain_plan": {"Plan": {"Node Type": "Aggregate", "Strategy": "Plain", "Startup Cost": 0.02, "Total Cost": 0.03, "Plan Rows": 1, "Plan Width": 96, "Plans": [{"Node Type": "Result", "Parent Relationship": "Outer", "Startup Cost": 0.0, "Total Cost": 0.01, "Plan Rows": 1, "Plan Width": 0, "One-Time Filter": "false"}]}, "Unique SQL Id": 223205047, "Planner Runtime": 153}, "explain_analyze_plan": {"Plan": {"Node Type": "Aggregate", "Strategy": "Plain", "Startup Cost": 0.02, "Total Cost": 0.03, "Plan Rows": 1, "Plan Width": 96, "Actual Startup Time": 0.012, "Actual Total Time": 0.012, "Actual Rows": 1, "Actual Loops": 1, "Plans": [{"Node Type": "Result", "Parent Relationship": "Outer", "Startup Cost": 0.0, "Total Cost": 0.01, "Plan Rows": 1, "Plan Width": 0, "Actual Startup Time": 0.003, "Actual Total Time": 0.003, "Actual Rows": 0, "Actual Loops": 1, "One-Time Filter": "false"}]}, "Triggers": [], "Planner Runtime": 188.628, "Total Runtime": 0.157, "Unique SQL Id": 223205047}}, "(16, '100')": {"explain_plan": {"Plan": {"Node Type": "Aggregate", "Strategy": "Plain", "Startup Cost": 0.02, "Total Cost": 0.03, "Plan Rows": 1, "Plan Width": 96, "Plans": [{"Node Type": "Result", "Parent Relationship": "Outer", "Startup Cost": 0.0, "Total Cost": 0.01, "Plan Rows": 1, "Plan Width": 0, "One-Time Filter": "false"}]}, "Unique SQL Id": 223205047, "Planner Runtime": 192}, "explain_analyze_plan": {"Plan": {"Node Type": "Aggregate", "Strategy": "Plain", "Startup Cost": 0.02, "Total Cost": 0.03, "Plan Rows": 1, "Plan Width": 96, "Actual Startup Time": 0.012, "Actual Total Time": 0.012, "Actual Rows": 1, "Actual Loops": 1, "Plans": [{"Node Type": "Result", "Parent Relationship": "Outer", "Startup Cost": 0.0, "Total Cost": 0.01, "Plan Rows": 1, "Plan Width": 0, "Actual Startup Time": 0.003, "Actual Total Time": 0.003, "Actual Rows": 0, "Actual Loops": 1, "One-Time Filter": "false"}]}, "Triggers": [], "Planner Runtime": 188.628, "Total Runtime": 0.157, "Unique SQL Id": 223205047}}, "(16, '101')": {"explain_plan": {"Plan": {"Node Type": "Aggregate", "Strategy": "Plain", "Startup Cost": 0.02, "Total Cost": 0.03, "Plan Rows": 1, "Plan Width": 96, "Plans": [{"Node Type": "Result", "Parent Relationship": "Outer", "Startup Cost": 0.0, "Total Cost": 0.01, "Plan Rows": 1, "Plan Width": 0, "One-Time Filter": "false"}]}, "Unique SQL Id": 223205047, "Planner Runtime": 153}, "explain_analyze_plan": {"Plan": {"Node Type": "Aggregate", "Strategy": "Plain", "Startup Cost": 0.02, "Total Cost": 0.03, "Plan Rows": 1, "Plan Width": 96, "Actual Startup Time": 0.012, "Actual Total Time": 0.012, "Actual Rows": 1, "Actual Loops": 1, "Plans": [{"Node Type": "Result", "Parent Relationship": "Outer", "Startup Cost": 0.0, "Total Cost": 0.01, "Plan Rows": 1, "Plan Width": 0, "Actual Startup Time": 0.003, "Actual Total Time": 0.003, "Actual Rows": 0, "Actual Loops": 1, "One-Time Filter": "false"}]}, "Triggers": [], "Planner Runtime": 188.628, "Total Runtime": 0.157, "Unique SQL Id": 223205047}}, "(16, '102')": {"explain_plan": {"Plan": {"Node Type": "Aggregate", "Strategy": "Plain", "Startup Cost": 0.02, "Total Cost": 0.03, "Plan Rows": 1, "Plan Width": 96, "Plans": [{"Node Type": "Result", "Parent Relationship": "Outer", "Startup Cost": 0.0, "Total Cost": 0.01, "Plan Rows": 1, "Plan Width": 0, "One-Time Filter": "false"}]}, "Unique SQL Id": 223205047, "Planner Runtime": 191}, "explain_analyze_plan": {"Plan": {"Node Type": "Aggregate", "Strategy": "Plain", "Startup Cost": 0.02, "Total Cost": 0.03, "Plan Rows": 1, "Plan Width": 96, "Actual Startup Time": 0.012, "Actual Total Time": 0.012, "Actual Rows": 1, "Actual Loops": 1, "Plans": [{"Node Type": "Result", "Parent Relationship": "Outer", "Startup Cost": 0.0, "Total Cost": 0.01, "Plan Rows": 1, "Plan Width": 0, "Actual Startup Time": 0.003, "Actual Total Time": 0.003, "Actual Rows": 0, "Actual Loops": 1, "One-Time Filter": "false"}]}, "Triggers": [], "Planner Runtime": 188.628, "Total Runtime": 0.157, "Unique SQL Id": 223205047}}, "(16, '103')": {"explain_plan": {"Plan": {"Node Type": "Aggregate", "Strategy": "Plain", "Startup Cost": 0.02, "Total Cost": 0.03, "Plan Rows": 1, "Plan Width": 96, "Plans": [{"Node Type": "Result", "Parent Relationship": "Outer", "Startup Cost": 0.0, "Total Cost": 0.01, "Plan Rows": 1, "Plan Width": 0, "One-Time Filter": "false"}]}, "Unique SQL Id": 223205047, "Planner Runtime": 153}, "explain_analyze_plan": {"Plan": {"Node Type": "Aggregate", "Strategy": "Plain", "Startup Cost": 0.02, "Total Cost": 0.03, "Plan Rows": 1, "Plan Width": 96, "Actual Startup Time": 0.012, "Actual Total Time": 0.012, "Actual Rows": 1, "Actual Loops": 1, "Plans": [{"Node Type": "Result", "Parent Relationship": "Outer", "Startup Cost": 0.0, "Total Cost": 0.01, "Plan Rows": 1, "Plan Width": 0, "Actual Startup Time": 0.003, "Actual Total Time": 0.003, "Actual Rows": 0, "Actual Loops": 1, "One-Time Filter": "false"}]}, "Triggers": [], "Planner Runtime": 188.628, "Total Runtime": 0.157, "Unique SQL Id": 223205047}}, "(16, '104')": {"explain_plan": {"Plan": {"Node Type": "Aggregate", "Strategy": "Plain", "Startup Cost": 0.02, "Total Cost": 0.03, "Plan Rows": 1, "Plan Width": 96, "Plans": [{"Node Type": "Result", "Parent Relationship": "Outer", "Startup Cost": 0.0, "Total Cost": 0.01, "Plan Rows": 1, "Plan Width": 0, "One-Time Filter": "false"}]}, "Unique SQL Id": 223205047, "Planner Runtime": 192}, "explain_analyze_plan": {"Plan": {"Node Type": "Aggregate", "Strategy": "Plain", "Startup Cost": 0.02, "Total Cost": 0.03, "Plan Rows": 1, "Plan Width": 96, "Actual Startup Time": 0.012, "Actual Total Time": 0.012, "Actual Rows": 1, "Actual Loops": 1, "Plans": [{"Node Type": "Result", "Parent Relationship": "Outer", "Startup Cost": 0.0, "Total Cost": 0.01, "Plan Rows": 1, "Plan Width": 0, "Actual Startup Time": 0.003, "Actual Total Time": 0.003, "Actual Rows": 0, "Actual Loops": 1, "One-Time Filter": "false"}]}, "Triggers": [], "Planner Runtime": 188.628, "Total Runtime": 0.157, "Unique SQL Id": 223205047}}, "(16, '105')": {"explain_plan": {"Plan": {"Node Type": "Aggregate", "Strategy": "Plain", "Startup Cost": 0.02, "Total Cost": 0.03, "Plan Rows": 1, "Plan Width": 96, "Plans": [{"Node Type": "Result", "Parent Relationship": "Outer", "Startup Cost": 0.0, "Total Cost": 0.01, "Plan Rows": 1, "Plan Width": 0, "One-Time Filter": "false"}]}, "Unique SQL Id": 223205047, "Planner Runtime": 169}, "explain_analyze_plan": {"Plan": {"Node Type": "Aggregate", "Strategy": "Plain", "Startup Cost": 0.02, "Total Cost": 0.03, "Plan Rows": 1, "Plan Width": 96, "Actual Startup Time": 0.012, "Actual Total Time": 0.012, "Actual Rows": 1, "Actual Loops": 1, "Plans": [{"Node Type": "Result", "Parent Relationship": "Outer", "Startup Cost": 0.0, "Total Cost": 0.01, "Plan Rows": 1, "Plan Width": 0, "Actual Startup Time": 0.003, "Actual Total Time": 0.003, "Actual Rows": 0, "Actual Loops": 1, "One-Time Filter": "false"}]}, "Triggers": [], "Planner Runtime": 188.628, "Total Runtime": 0.157, "Unique SQL Id": 223205047}}, "(16, '106')": {"explain_plan": {"Plan": {"Node Type": "Aggregate", "Strategy": "Plain", "Startup Cost": 0.02, "Total Cost": 0.03, "Plan Rows": 1, "Plan Width": 96, "Plans": [{"Node Type": "Result", "Parent Relationship": "Outer", "Startup Cost": 0.0, "Total Cost": 0.01, "Plan Rows": 1, "Plan Width": 0, "One-Time Filter": "false"}]}, "Unique SQL Id": 223205047, "Planner Runtime": 192}, "explain_analyze_plan": {"Plan": {"Node Type": "Aggregate", "Strategy": "Plain", "Startup Cost": 0.02, "Total Cost": 0.03, "Plan Rows": 1, "Plan Width": 96, "Actual Startup Time": 0.012, "Actual Total Time": 0.012, "Actual Rows": 1, "Actual Loops": 1, "Plans": [{"Node Type": "Result", "Parent Relationship": "Outer", "Startup Cost": 0.0, "Total Cost": 0.01, "Plan Rows": 1, "Plan Width": 0, "Actual Startup Time": 0.003, "Actual Total Time": 0.003, "Actual Rows": 0, "Actual Loops": 1, "One-Time Filter": "false"}]}, "Triggers": [], "Planner Runtime": 188.628, "Total Runtime": 0.157, "Unique SQL Id": 223205047}}, "(16, '107')": {"explain_plan": {"Plan": {"Node Type": "Aggregate", "Strategy": "Plain", "Startup Cost": 0.02, "Total Cost": 0.03, "Plan Rows": 1, "Plan Width": 96, "Plans": [{"Node Type": "Result", "Parent Relationship": "Outer", "Startup Cost": 0.0, "Total Cost": 0.01, "Plan Rows": 1, "Plan Width": 0, "One-Time Filter": "false"}]}, "Unique SQL Id": 223205047, "Planner Runtime": 153}, "explain_analyze_plan": {"Plan": {"Node Type": "Aggregate", "Strategy": "Plain", "Startup Cost": 0.02, "Total Cost": 0.03, "Plan Rows": 1, "Plan Width": 96, "Actual Startup Time": 0.012, "Actual Total Time": 0.012, "Actual Rows": 1, "Actual Loops": 1, "Plans": [{"Node Type": "Result", "Parent Relationship": "Outer", "Startup Cost": 0.0, "Total Cost": 0.01, "Plan Rows": 1, "Plan Width": 0, "Actual Startup Time": 0.003, "Actual Total Time": 0.003, "Actual Rows": 0, "Actual Loops": 1, "One-Time Filter": "false"}]}, "Triggers": [], "Planner Runtime": 188.628, "Total Runtime": 0.157, "Unique SQL Id": 223205047}}, "(16, '108')": {"explain_plan": {"Plan": {"Node Type": "Aggregate", "Strategy": "Plain", "Startup Cost": 0.02, "Total Cost": 0.03, "Plan Rows": 1, "Plan Width": 96, "Plans": [{"Node Type": "Result", "Parent Relationship": "Outer", "Startup Cost": 0.0, "Total Cost": 0.01, "Plan Rows": 1, "Plan Width": 0, "One-Time Filter": "false"}]}, "Unique SQL Id": 223205047, "Planner Runtime": 191}, "explain_analyze_plan": {"Plan": {"Node Type": "Aggregate", "Strategy": "Plain", "Startup Cost": 0.02, "Total Cost": 0.03, "Plan Rows": 1, "Plan Width": 96, "Actual Startup Time": 0.012, "Actual Total Time": 0.012, "Actual Rows": 1, "Actual Loops": 1, "Plans": [{"Node Type": "Result", "Parent Relationship": "Outer", "Startup Cost": 0.0, "Total Cost": 0.01, "Plan Rows": 1, "Plan Width": 0, "Actual Startup Time": 0.003, "Actual Total Time": 0.003, "Actual Rows": 0, "Actual Loops": 1, "One-Time Filter": "false"}]}, "Triggers": [], "Planner Runtime": 188.628, "Total Runtime": 0.157, "Unique SQL Id": 223205047}}, "(16, '109')": {"explain_plan": {"Plan": {"Node Type": "Aggregate", "Strategy": "Plain", "Startup Cost": 0.02, "Total Cost": 0.03, "Plan Rows": 1, "Plan Width": 96, "Plans": [{"Node Type": "Result", "Parent Relationship": "Outer", "Startup Cost": 0.0, "Total Cost": 0.01, "Plan Rows": 1, "Plan Width": 0, "One-Time Filter": "false"}]}, "Unique SQL Id": 223205047, "Planner Runtime": 155}, "explain_analyze_plan": {"Plan": {"Node Type": "Aggregate", "Strategy": "Plain", "Startup Cost": 0.02, "Total Cost": 0.03, "Plan Rows": 1, "Plan Width": 96, "Actual Startup Time": 0.012, "Actual Total Time": 0.012, "Actual Rows": 1, "Actual Loops": 1, "Plans": [{"Node Type": "Result", "Parent Relationship": "Outer", "Startup Cost": 0.0, "Total Cost": 0.01, "Plan Rows": 1, "Plan Width": 0, "Actual Startup Time": 0.003, "Actual Total Time": 0.003, "Actual Rows": 0, "Actual Loops": 1, "One-Time Filter": "false"}]}, "Triggers": [], "Planner Runtime": 188.628, "Total Runtime": 0.157, "Unique SQL Id": 223205047}}, "(16, '110')": {"explain_plan": {"Plan": {"Node Type": "Aggregate", "Strategy": "Plain", "Startup Cost": 0.02, "Total Cost": 0.03, "Plan Rows": 1, "Plan Width": 96, "Plans": [{"Node Type": "Result", "Parent Relationship": "Outer", "Startup Cost": 0.0, "Total Cost": 0.01, "Plan Rows": 1, "Plan Width": 0, "One-Time Filter": "false"}]}, "Unique SQL Id": 223205047, "Planner Runtime": 192}, "explain_analyze_plan": {"Plan": {"Node Type": "Aggregate", "Strategy": "Plain", "Startup Cost": 0.02, "Total Cost": 0.03, "Plan Rows": 1, "Plan Width": 96, "Actual Startup Time": 0.012, "Actual Total Time": 0.012, "Actual Rows": 1, "Actual Loops": 1, "Plans": [{"Node Type": "Result", "Parent Relationship": "Outer", "Startup Cost": 0.0, "Total Cost": 0.01, "Plan Rows": 1, "Plan Width": 0, "Actual Startup Time": 0.003, "Actual Total Time": 0.003, "Actual Rows": 0, "Actual Loops": 1, "One-Time Filter": "false"}]}, "Triggers": [], "Planner Runtime": 188.628, "Total Runtime": 0.157, "Unique SQL Id": 223205047}}, "(16, '111')": {"explain_plan": {"Plan": {"Node Type": "Aggregate", "Strategy": "Plain", "Startup Cost": 0.02, "Total Cost": 0.03, "Plan Rows": 1, "Plan Width": 96, "Plans": [{"Node Type": "Result", "Parent Relationship": "Outer", "Startup Cost": 0.0, "Total Cost": 0.01, "Plan Rows": 1, "Plan Width": 0, "One-Time Filter": "false"}]}, "Unique SQL Id": 223205047, "Planner Runtime": 154}, "explain_analyze_plan": {"Plan": {"Node Type": "Aggregate", "Strategy": "Plain", "Startup Cost": 0.02, "Total Cost": 0.03, "Plan Rows": 1, "Plan Width": 96, "Actual Startup Time": 0.012, "Actual Total Time": 0.012, "Actual Rows": 1, "Actual Loops": 1, "Plans": [{"Node Type": "Result", "Parent Relationship": "Outer", "Startup Cost": 0.0, "Total Cost": 0.01, "Plan Rows": 1, "Plan Width": 0, "Actual Startup Time": 0.003, "Actual Total Time": 0.003, "Actual Rows": 0, "Actual Loops": 1, "One-Time Filter": "false"}]}, "Triggers": [], "Planner Runtime": 188.628, "Total Runtime": 0.157, "Unique SQL Id": 223205047}}, "(16, '112')": {"explain_plan": {"Plan": {"Node Type": "Aggregate", "Strategy": "Plain", "Startup Cost": 0.02, "Total Cost": 0.03, "Plan Rows": 1, "Plan Width": 96, "Plans": [{"Node Type": "Result", "Parent Relationship": "Outer", "Startup Cost": 0.0, "Total Cost": 0.01, "Plan Rows": 1, "Plan Width": 0, "One-Time Filter": "false"}]}, "Unique SQL Id": 223205047, "Planner Runtime": 192}, "explain_analyze_plan": {"Plan": {"Node Type": "Aggregate", "Strategy": "Plain", "Startup Cost": 0.02, "Total Cost": 0.03, "Plan Rows": 1, "Plan Width": 96, "Actual Startup Time": 0.012, "Actual Total Time": 0.012, "Actual Rows": 1, "Actual Loops": 1, "Plans": [{"Node Type": "Result", "Parent Relationship": "Outer", "Startup Cost": 0.0, "Total Cost": 0.01, "Plan Rows": 1, "Plan Width": 0, "Actual Startup Time": 0.003, "Actual Total Time": 0.003, "Actual Rows": 0, "Actual Loops": 1, "One-Time Filter": "false"}]}, "Triggers": [], "Planner Runtime": 188.628, "Total Runtime": 0.157, "Unique SQL Id": 223205047}}, "(16, '113')": {"explain_plan": {"Plan": {"Node Type": "Aggregate", "Strategy": "Plain", "Startup Cost": 0.02, "Total Cost": 0.03, "Plan Rows": 1, "Plan Width": 96, "Plans": [{"Node Type": "Result", "Parent Relationship": "Outer", "Startup Cost": 0.0, "Total Cost": 0.01, "Plan Rows": 1, "Plan Width": 0, "One-Time Filter": "false"}]}, "Unique SQL Id": 223205047, "Planner Runtime": 168}, "explain_analyze_plan": {"Plan": {"Node Type": "Aggregate", "Strategy": "Plain", "Startup Cost": 0.02, "Total Cost": 0.03, "Plan Rows": 1, "Plan Width": 96, "Actual Startup Time": 0.012, "Actual Total Time": 0.012, "Actual Rows": 1, "Actual Loops": 1, "Plans": [{"Node Type": "Result", "Parent Relationship": "Outer", "Startup Cost": 0.0, "Total Cost": 0.01, "Plan Rows": 1, "Plan Width": 0, "Actual Startup Time": 0.003, "Actual Total Time": 0.003, "Actual Rows": 0, "Actual Loops": 1, "One-Time Filter": "false"}]}, "Triggers": [], "Planner Runtime": 188.628, "Total Runtime": 0.157, "Unique SQL Id": 223205047}}, "(16, '114')": {"explain_plan": {"Plan": {"Node Type": "Aggregate", "Strategy": "Plain", "Startup Cost": 0.02, "Total Cost": 0.03, "Plan Rows": 1, "Plan Width": 96, "Plans": [{"Node Type": "Result", "Parent Relationship": "Outer", "Startup Cost": 0.0, "Total Cost": 0.01, "Plan Rows": 1, "Plan Width": 0, "One-Time Filter": "false"}]}, "Unique SQL Id": 223205047, "Planner Runtime": 192}, "explain_analyze_plan": {"Plan": {"Node Type": "Aggregate", "Strategy": "Plain", "Startup Cost": 0.02, "Total Cost": 0.03, "Plan Rows": 1, "Plan Width": 96, "Actual Startup Time": 0.012, "Actual Total Time": 0.012, "Actual Rows": 1, "Actual Loops": 1, "Plans": [{"Node Type": "Result", "Parent Relationship": "Outer", "Startup Cost": 0.0, "Total Cost": 0.01, "Plan Rows": 1, "Plan Width": 0, "Actual Startup Time": 0.003, "Actual Total Time": 0.003, "Actual Rows": 0, "Actual Loops": 1, "One-Time Filter": "false"}]}, "Triggers": [], "Planner Runtime": 188.628, "Total Runtime": 0.157, "Unique SQL Id": 223205047}}, "(16, '115')": {"explain_plan": {"Plan": {"Node Type": "Aggregate", "Strategy": "Plain", "Startup Cost": 0.02, "Total Cost": 0.03, "Plan Rows": 1, "Plan Width": 96, "Plans": [{"Node Type": "Result", "Parent Relationship": "Outer", "Startup Cost": 0.0, "Total Cost": 0.01, "Plan Rows": 1, "Plan Width": 0, "One-Time Filter": "false"}]}, "Unique SQL Id": 223205047, "Planner Runtime": 159}, "explain_analyze_plan": {"Plan": {"Node Type": "Aggregate", "Strategy": "Plain", "Startup Cost": 0.02, "Total Cost": 0.03, "Plan Rows": 1, "Plan Width": 96, "Actual Startup Time": 0.012, "Actual Total Time": 0.012, "Actual Rows": 1, "Actual Loops": 1, "Plans": [{"Node Type": "Result", "Parent Relationship": "Outer", "Startup Cost": 0.0, "Total Cost": 0.01, "Plan Rows": 1, "Plan Width": 0, "Actual Startup Time": 0.003, "Actual Total Time": 0.003, "Actual Rows": 0, "Actual Loops": 1, "One-Time Filter": "false"}]}, "Triggers": [], "Planner Runtime": 188.628, "Total Runtime": 0.157, "Unique SQL Id": 223205047}}, "(16, '116')": {"explain_plan": {"Plan": {"Node Type": "Aggregate", "Strategy": "Plain", "Startup Cost": 0.02, "Total Cost": 0.03, "Plan Rows": 1, "Plan Width": 96, "Plans": [{"Node Type": "Result", "Parent Relationship": "Outer", "Startup Cost": 0.0, "Total Cost": 0.01, "Plan Rows": 1, "Plan Width": 0, "One-Time Filter": "false"}]}, "Unique SQL Id": 223205047, "Planner Runtime": 196}, "explain_analyze_plan": {"Plan": {"Node Type": "Aggregate", "Strategy": "Plain", "Startup Cost": 0.02, "Total Cost": 0.03, "Plan Rows": 1, "Plan Width": 96, "Actual Startup Time": 0.012, "Actual Total Time": 0.012, "Actual Rows": 1, "Actual Loops": 1, "Plans": [{"Node Type": "Result", "Parent Relationship": "Outer", "Startup Cost": 0.0, "Total Cost": 0.01, "Plan Rows": 1, "Plan Width": 0, "Actual Startup Time": 0.003, "Actual Total Time": 0.003, "Actual Rows": 0, "Actual Loops": 1, "One-Time Filter": "false"}]}, "Triggers": [], "Planner Runtime": 188.628, "Total Runtime": 0.157, "Unique SQL Id": 223205047}}, "(16, '117')": {"explain_plan": {"Plan": {"Node Type": "Aggregate", "Strategy": "Plain", "Startup Cost": 0.02, "Total Cost": 0.03, "Plan Rows": 1, "Plan Width": 96, "Plans": [{"Node Type": "Result", "Parent Relationship": "Outer", "Startup Cost": 0.0, "Total Cost": 0.01, "Plan Rows": 1, "Plan Width": 0, "One-Time Filter": "false"}]}, "Unique SQL Id": 223205047, "Planner Runtime": 160}, "explain_analyze_plan": {"Plan": {"Node Type": "Aggregate", "Strategy": "Plain", "Startup Cost": 0.02, "Total Cost": 0.03, "Plan Rows": 1, "Plan Width": 96, "Actual Startup Time": 0.012, "Actual Total Time": 0.012, "Actual Rows": 1, "Actual Loops": 1, "Plans": [{"Node Type": "Result", "Parent Relationship": "Outer", "Startup Cost": 0.0, "Total Cost": 0.01, "Plan Rows": 1, "Plan Width": 0, "Actual Startup Time": 0.003, "Actual Total Time": 0.003, "Actual Rows": 0, "Actual Loops": 1, "One-Time Filter": "false"}]}, "Triggers": [], "Planner Runtime": 188.628, "Total Runtime": 0.157, "Unique SQL Id": 223205047}}, "(16, '118')": {"explain_plan": {"Plan": {"Node Type": "Aggregate", "Strategy": "Plain", "Startup Cost": 0.02, "Total Cost": 0.03, "Plan Rows": 1, "Plan Width": 96, "Plans": [{"Node Type": "Result", "Parent Relationship": "Outer", "Startup Cost": 0.0, "Total Cost": 0.01, "Plan Rows": 1, "Plan Width": 0, "One-Time Filter": "false"}]}, "Unique SQL Id": 223205047, "Planner Runtime": 193}, "explain_analyze_plan": {"Plan": {"Node Type": "Aggregate", "Strategy": "Plain", "Startup Cost": 0.02, "Total Cost": 0.03, "Plan Rows": 1, "Plan Width": 96, "Actual Startup Time": 0.012, "Actual Total Time": 0.012, "Actual Rows": 1, "Actual Loops": 1, "Plans": [{"Node Type": "Result", "Parent Relationship": "Outer", "Startup Cost": 0.0, "Total Cost": 0.01, "Plan Rows": 1, "Plan Width": 0, "Actual Startup Time": 0.003, "Actual Total Time": 0.003, "Actual Rows": 0, "Actual Loops": 1, "One-Time Filter": "false"}]}, "Triggers": [], "Planner Runtime": 188.628, "Total Runtime": 0.157, "Unique SQL Id": 223205047}}, "(16, '119')": {"explain_plan": {"Plan": {"Node Type": "Aggregate", "Strategy": "Plain", "Startup Cost": 0.02, "Total Cost": 0.03, "Plan Rows": 1, "Plan Width": 96, "Plans": [{"Node Type": "Result", "Parent Relationship": "Outer", "Startup Cost": 0.0, "Total Cost": 0.01, "Plan Rows": 1, "Plan Width": 0, "One-Time Filter": "false"}]}, "Unique SQL Id": 223205047, "Planner Runtime": 160}, "explain_analyze_plan": {"Plan": {"Node Type": "Aggregate", "Strategy": "Plain", "Startup Cost": 0.02, "Total Cost": 0.03, "Plan Rows": 1, "Plan Width": 96, "Actual Startup Time": 0.012, "Actual Total Time": 0.012, "Actual Rows": 1, "Actual Loops": 1, "Plans": [{"Node Type": "Result", "Parent Relationship": "Outer", "Startup Cost": 0.0, "Total Cost": 0.01, "Plan Rows": 1, "Plan Width": 0, "Actual Startup Time": 0.003, "Actual Total Time": 0.003, "Actual Rows": 0, "Actual Loops": 1, "One-Time Filter": "false"}]}, "Triggers": [], "Planner Runtime": 188.628, "Total Runtime": 0.157, "Unique SQL Id": 223205047}}, "(16, '120')": {"explain_plan": {"Plan": {"Node Type": "Aggregate", "Strategy": "Plain", "Startup Cost": 0.02, "Total Cost": 0.03, "Plan Rows": 1, "Plan Width": 96, "Plans": [{"Node Type": "Result", "Parent Relationship": "Outer", "Startup Cost": 0.0, "Total Cost": 0.01, "Plan Rows": 1, "Plan Width": 0, "One-Time Filter": "false"}]}, "Unique SQL Id": 223205047, "Planner Runtime": 197}, "explain_analyze_plan": {"Plan": {"Node Type": "Aggregate", "Strategy": "Plain", "Startup Cost": 0.02, "Total Cost": 0.03, "Plan Rows": 1, "Plan Width": 96, "Actual Startup Time": 0.012, "Actual Total Time": 0.012, "Actual Rows": 1, "Actual Loops": 1, "Plans": [{"Node Type": "Result", "Parent Relationship": "Outer", "Startup Cost": 0.0, "Total Cost": 0.01, "Plan Rows": 1, "Plan Width": 0, "Actual Startup Time": 0.003, "Actual Total Time": 0.003, "Actual Rows": 0, "Actual Loops": 1, "One-Time Filter": "false"}]}, "Triggers": [], "Planner Runtime": 188.628, "Total Runtime": 0.157, "Unique SQL Id": 223205047}}, "(16, '121')": {"explain_plan": {"Plan": {"Node Type": "Aggregate", "Strategy": "Plain", "Startup Cost": 0.02, "Total Cost": 0.03, "Plan Rows": 1, "Plan Width": 96, "Plans": [{"Node Type": "Result", "Parent Relationship": "Outer", "Startup Cost": 0.0, "Total Cost": 0.01, "Plan Rows": 1, "Plan Width": 0, "One-Time Filter": "false"}]}, "Unique SQL Id": 223205047, "Planner Runtime": 173}, "explain_analyze_plan": {"Plan": {"Node Type": "Aggregate", "Strategy": "Plain", "Startup Cost": 0.02, "Total Cost": 0.03, "Plan Rows": 1, "Plan Width": 96, "Actual Startup Time": 0.012, "Actual Total Time": 0.012, "Actual Rows": 1, "Actual Loops": 1, "Plans": [{"Node Type": "Result", "Parent Relationship": "Outer", "Startup Cost": 0.0, "Total Cost": 0.01, "Plan Rows": 1, "Plan Width": 0, "Actual Startup Time": 0.003, "Actual Total Time": 0.003, "Actual Rows": 0, "Actual Loops": 1, "One-Time Filter": "false"}]}, "Triggers": [], "Planner Runtime": 188.628, "Total Runtime": 0.157, "Unique SQL Id": 223205047}}, "(16, '122')": {"explain_plan": {"Plan": {"Node Type": "Aggregate", "Strategy": "Plain", "Startup Cost": 0.02, "Total Cost": 0.03, "Plan Rows": 1, "Plan Width": 96, "Plans": [{"Node Type": "Result", "Parent Relationship": "Outer", "Startup Cost": 0.0, "Total Cost": 0.01, "Plan Rows": 1, "Plan Width": 0, "One-Time Filter": "false"}]}, "Unique SQL Id": 223205047, "Planner Runtime": 196}, "explain_analyze_plan": {"Plan": {"Node Type": "Aggregate", "Strategy": "Plain", "Startup Cost": 0.02, "Total Cost": 0.03, "Plan Rows": 1, "Plan Width": 96, "Actual Startup Time": 0.012, "Actual Total Time": 0.012, "Actual Rows": 1, "Actual Loops": 1, "Plans": [{"Node Type": "Result", "Parent Relationship": "Outer", "Startup Cost": 0.0, "Total Cost": 0.01, "Plan Rows": 1, "Plan Width": 0, "Actual Startup Time": 0.003, "Actual Total Time": 0.003, "Actual Rows": 0, "Actual Loops": 1, "One-Time Filter": "false"}]}, "Triggers": [], "Planner Runtime": 188.628, "Total Runtime": 0.157, "Unique SQL Id": 223205047}}, "(16, '123')": {"explain_plan": {"Plan": {"Node Type": "Aggregate", "Strategy": "Plain", "Startup Cost": 0.02, "Total Cost": 0.03, "Plan Rows": 1, "Plan Width": 96, "Plans": [{"Node Type": "Result", "Parent Relationship": "Outer", "Startup Cost": 0.0, "Total Cost": 0.01, "Plan Rows": 1, "Plan Width": 0, "One-Time Filter": "false"}]}, "Unique SQL Id": 223205047, "Planner Runtime": 159}, "explain_analyze_plan": {"Plan": {"Node Type": "Aggregate", "Strategy": "Plain", "Startup Cost": 0.02, "Total Cost": 0.03, "Plan Rows": 1, "Plan Width": 96, "Actual Startup Time": 0.012, "Actual Total Time": 0.012, "Actual Rows": 1, "Actual Loops": 1, "Plans": [{"Node Type": "Result", "Parent Relationship": "Outer", "Startup Cost": 0.0, "Total Cost": 0.01, "Plan Rows": 1, "Plan Width": 0, "Actual Startup Time": 0.003, "Actual Total Time": 0.003, "Actual Rows": 0, "Actual Loops": 1, "One-Time Filter": "false"}]}, "Triggers": [], "Planner Runtime": 188.628, "Total Runtime": 0.157, "Unique SQL Id": 223205047}}, "(16, '124')": {"explain_plan": {"Plan": {"Node Type": "Aggregate", "Strategy": "Plain", "Startup Cost": 0.02, "Total Cost": 0.03, "Plan Rows": 1, "Plan Width": 96, "Plans": [{"Node Type": "Result", "Parent Relationship": "Outer", "Startup Cost": 0.0, "Total Cost": 0.01, "Plan Rows": 1, "Plan Width": 0, "One-Time Filter": "false"}]}, "Unique SQL Id": 223205047, "Planner Runtime": 196}, "explain_analyze_plan": {"Plan": {"Node Type": "Aggregate", "Strategy": "Plain", "Startup Cost": 0.02, "Total Cost": 0.03, "Plan Rows": 1, "Plan Width": 96, "Actual Startup Time": 0.012, "Actual Total Time": 0.012, "Actual Rows": 1, "Actual Loops": 1, "Plans": [{"Node Type": "Result", "Parent Relationship": "Outer", "Startup Cost": 0.0, "Total Cost": 0.01, "Plan Rows": 1, "Plan Width": 0, "Actual Startup Time": 0.003, "Actual Total Time": 0.003, "Actual Rows": 0, "Actual Loops": 1, "One-Time Filter": "false"}]}, "Triggers": [], "Planner Runtime": 188.628, "Total Runtime": 0.157, "Unique SQL Id": 223205047}}, "(16, '125')": {"explain_plan": {"Plan": {"Node Type": "Aggregate", "Strategy": "Plain", "Startup Cost": 0.02, "Total Cost": 0.03, "Plan Rows": 1, "Plan Width": 96, "Plans": [{"Node Type": "Result", "Parent Relationship": "Outer", "Startup Cost": 0.0, "Total Cost": 0.01, "Plan Rows": 1, "Plan Width": 0, "One-Time Filter": "false"}]}, "Unique SQL Id": 223205047, "Planner Runtime": 154}, "explain_analyze_plan": {"Plan": {"Node Type": "Aggregate", "Strategy": "Plain", "Startup Cost": 0.02, "Total Cost": 0.03, "Plan Rows": 1, "Plan Width": 96, "Actual Startup Time": 0.012, "Actual Total Time": 0.012, "Actual Rows": 1, "Actual Loops": 1, "Plans": [{"Node Type": "Result", "Parent Relationship": "Outer", "Startup Cost": 0.0, "Total Cost": 0.01, "Plan Rows": 1, "Plan Width": 0, "Actual Startup Time": 0.003, "Actual Total Time": 0.003, "Actual Rows": 0, "Actual Loops": 1, "One-Time Filter": "false"}]}, "Triggers": [], "Planner Runtime": 188.628, "Total Runtime": 0.157, "Unique SQL Id": 223205047}}, "(16, '126')": {"explain_plan": {"Plan": {"Node Type": "Aggregate", "Strategy": "Plain", "Startup Cost": 0.02, "Total Cost": 0.03, "Plan Rows": 1, "Plan Width": 96, "Plans": [{"Node Type": "Result", "Parent Relationship": "Outer", "Startup Cost": 0.0, "Total Cost": 0.01, "Plan Rows": 1, "Plan Width": 0, "One-Time Filter": "false"}]}, "Unique SQL Id": 223205047, "Planner Runtime": 193}, "explain_analyze_plan": {"Plan": {"Node Type": "Aggregate", "Strategy": "Plain", "Startup Cost": 0.02, "Total Cost": 0.03, "Plan Rows": 1, "Plan Width": 96, "Actual Startup Time": 0.012, "Actual Total Time": 0.012, "Actual Rows": 1, "Actual Loops": 1, "Plans": [{"Node Type": "Result", "Parent Relationship": "Outer", "Startup Cost": 0.0, "Total Cost": 0.01, "Plan Rows": 1, "Plan Width": 0, "Actual Startup Time": 0.003, "Actual Total Time": 0.003, "Actual Rows": 0, "Actual Loops": 1, "One-Time Filter": "false"}]}, "Triggers": [], "Planner Runtime": 188.628, "Total Runtime": 0.157, "Unique SQL Id": 223205047}}, "(16, '127')": {"explain_plan": {"Plan": {"Node Type": "Aggregate", "Strategy": "Plain", "Startup Cost": 0.02, "Total Cost": 0.03, "Plan Rows": 1, "Plan Width": 96, "Plans": [{"Node Type": "Result", "Parent Relationship": "Outer", "Startup Cost": 0.0, "Total Cost": 0.01, "Plan Rows": 1, "Plan Width": 0, "One-Time Filter": "false"}]}, "Unique SQL Id": 223205047, "Planner Runtime": 154}, "explain_analyze_plan": {"Plan": {"Node Type": "Aggregate", "Strategy": "Plain", "Startup Cost": 0.02, "Total Cost": 0.03, "Plan Rows": 1, "Plan Width": 96, "Actual Startup Time": 0.012, "Actual Total Time": 0.012, "Actual Rows": 1, "Actual Loops": 1, "Plans": [{"Node Type": "Result", "Parent Relationship": "Outer", "Startup Cost": 0.0, "Total Cost": 0.01, "Plan Rows": 1, "Plan Width": 0, "Actual Startup Time": 0.003, "Actual Total Time": 0.003, "Actual Rows": 0, "Actual Loops": 1, "One-Time Filter": "false"}]}, "Triggers": [], "Planner Runtime": 188.628, "Total Runtime": 0.157, "Unique SQL Id": 223205047}}, "(64, '0')": {"explain_plan": {"Plan": {"Node Type": "Aggregate", "Strategy": "Plain", "Startup Cost": 0.02, "Total Cost": 0.03, "Plan Rows": 1, "Plan Width": 96, "Plans": [{"Node Type": "Result", "Parent Relationship": "Outer", "Startup Cost": 0.0, "Total Cost": 0.01, "Plan Rows": 1, "Plan Width": 0, "One-Time Filter": "false"}]}, "Unique SQL Id": 223205047, "Planner Runtime": 149}, "explain_analyze_plan": {"Plan": {"Node Type": "Aggregate", "Strategy": "Plain", "Startup Cost": 0.02, "Total Cost": 0.03, "Plan Rows": 1, "Plan Width": 96, "Actual Startup Time": 0.006, "Actual Total Time": 0.006, "Actual Rows": 1, "Actual Loops": 1, "Plans": [{"Node Type": "Result", "Parent Relationship": "Outer", "Startup Cost": 0.0, "Total Cost": 0.01, "Plan Rows": 1, "Plan Width": 0, "Actual Startup Time": 0.001, "Actual Total Time": 0.001, "Actual Rows": 0, "Actual Loops": 1, "One-Time Filter": "false"}]}, "Triggers": [], "Planner Runtime": 150.358, "Total Runtime": 0.116, "Unique SQL Id": 223205047}}, "(64, '1')": {"explain_plan": {"Plan": {"Node Type": "Aggregate", "Strategy": "Plain", "Startup Cost": 0.02, "Total Cost": 0.03, "Plan Rows": 1, "Plan Width": 96, "Plans": [{"Node Type": "Result", "Parent Relationship": "Outer", "Startup Cost": 0.0, "Total Cost": 0.01, "Plan Rows": 1, "Plan Width": 0, "One-Time Filter": "false"}]}, "Unique SQL Id": 223205047, "Planner Runtime": 131}, "explain_analyze_plan": {"Plan": {"Node Type": "Aggregate", "Strategy": "Plain", "Startup Cost": 0.02, "Total Cost": 0.03, "Plan Rows": 1, "Plan Width": 96, "Actual Startup Time": 0.006, "Actual Total Time": 0.006, "Actual Rows": 1, "Actual Loops": 1, "Plans": [{"Node Type": "Result", "Parent Relationship": "Outer", "Startup Cost": 0.0, "Total Cost": 0.01, "Plan Rows": 1, "Plan Width": 0, "Actual Startup Time": 0.001, "Actual Total Time": 0.001, "Actual Rows": 0, "Actual Loops": 1, "One-Time Filter": "false"}]}, "Triggers": [], "Planner Runtime": 150.358, "Total Runtime": 0.116, "Unique SQL Id": 223205047}}, "(64, '2')": {"explain_plan": {"Plan": {"Node Type": "Aggregate", "Strategy": "Plain", "Startup Cost": 0.02, "Total Cost": 0.03, "Plan Rows": 1, "Plan Width": 96, "Plans": [{"Node Type": "Result", "Parent Relationship": "Outer", "Startup Cost": 0.0, "Total Cost": 0.01, "Plan Rows": 1, "Plan Width": 0, "One-Time Filter": "false"}]}, "Unique SQL Id": 223205047, "Planner Runtime": 149}, "explain_analyze_plan": {"Plan": {"Node Type": "Aggregate", "Strategy": "Plain", "Startup Cost": 0.02, "Total Cost": 0.03, "Plan Rows": 1, "Plan Width": 96, "Actual Startup Time": 0.006, "Actual Total Time": 0.006, "Actual Rows": 1, "Actual Loops": 1, "Plans": [{"Node Type": "Result", "Parent Relationship": "Outer", "Startup Cost": 0.0, "Total Cost": 0.01, "Plan Rows": 1, "Plan Width": 0, "Actual Startup Time": 0.001, "Actual Total Time": 0.001, "Actual Rows": 0, "Actual Loops": 1, "One-Time Filter": "false"}]}, "Triggers": [], "Planner Runtime": 150.358, "Total Runtime": 0.116, "Unique SQL Id": 223205047}}, "(64, '3')": {"explain_plan": {"Plan": {"Node Type": "Aggregate", "Strategy": "Plain", "Startup Cost": 0.02, "Total Cost": 0.03, "Plan Rows": 1, "Plan Width": 96, "Plans": [{"Node Type": "Result", "Parent Relationship": "Outer", "Startup Cost": 0.0, "Total Cost": 0.01, "Plan Rows": 1, "Plan Width": 0, "One-Time Filter": "false"}]}, "Unique SQL Id": 223205047, "Planner Runtime": 86}, "explain_analyze_plan": {"Plan": {"Node Type": "Aggregate", "Strategy": "Plain", "Startup Cost": 0.02, "Total Cost": 0.03, "Plan Rows": 1, "Plan Width": 96, "Actual Startup Time": 0.006, "Actual Total Time": 0.006, "Actual Rows": 1, "Actual Loops": 1, "Plans": [{"Node Type": "Result", "Parent Relationship": "Outer", "Startup Cost": 0.0, "Total Cost": 0.01, "Plan Rows": 1, "Plan Width": 0, "Actual Startup Time": 0.001, "Actual Total Time": 0.001, "Actual Rows": 0, "Actual Loops": 1, "One-Time Filter": "false"}]}, "Triggers": [], "Planner Runtime": 150.358, "Total Runtime": 0.116, "Unique SQL Id": 223205047}}, "(64, '4')": {"explain_plan": {"Plan": {"Node Type": "Aggregate", "Strategy": "Plain", "Startup Cost": 0.02, "Total Cost": 0.03, "Plan Rows": 1, "Plan Width": 96, "Plans": [{"Node Type": "Result", "Parent Relationship": "Outer", "Startup Cost": 0.0, "Total Cost": 0.01, "Plan Rows": 1, "Plan Width": 0, "One-Time Filter": "false"}]}, "Unique SQL Id": 223205047, "Planner Runtime": 147}, "explain_analyze_plan": {"Plan": {"Node Type": "Aggregate", "Strategy": "Plain", "Startup Cost": 0.02, "Total Cost": 0.03, "Plan Rows": 1, "Plan Width": 96, "Actual Startup Time": 0.006, "Actual Total Time": 0.006, "Actual Rows": 1, "Actual Loops": 1, "Plans": [{"Node Type": "Result", "Parent Relationship": "Outer", "Startup Cost": 0.0, "Total Cost": 0.01, "Plan Rows": 1, "Plan Width": 0, "Actual Startup Time": 0.001, "Actual Total Time": 0.001, "Actual Rows": 0, "Actual Loops": 1, "One-Time Filter": "false"}]}, "Triggers": [], "Planner Runtime": 150.358, "Total Runtime": 0.116, "Unique SQL Id": 223205047}}, "(64, '5')": {"explain_plan": {"Plan": {"Node Type": "Aggregate", "Strategy": "Plain", "Startup Cost": 0.02, "Total Cost": 0.03, "Plan Rows": 1, "Plan Width": 96, "Plans": [{"Node Type": "Result", "Parent Relationship": "Outer", "Startup Cost": 0.0, "Total Cost": 0.01, "Plan Rows": 1, "Plan Width": 0, "One-Time Filter": "false"}]}, "Unique SQL Id": 223205047, "Planner Runtime": 119}, "explain_analyze_plan": {"Plan": {"Node Type": "Aggregate", "Strategy": "Plain", "Startup Cost": 0.02, "Total Cost": 0.03, "Plan Rows": 1, "Plan Width": 96, "Actual Startup Time": 0.006, "Actual Total Time": 0.006, "Actual Rows": 1, "Actual Loops": 1, "Plans": [{"Node Type": "Result", "Parent Relationship": "Outer", "Startup Cost": 0.0, "Total Cost": 0.01, "Plan Rows": 1, "Plan Width": 0, "Actual Startup Time": 0.001, "Actual Total Time": 0.001, "Actual Rows": 0, "Actual Loops": 1, "One-Time Filter": "false"}]}, "Triggers": [], "Planner Runtime": 150.358, "Total Runtime": 0.116, "Unique SQL Id": 223205047}}, "(64, '6')": {"explain_plan": {"Plan": {"Node Type": "Aggregate", "Strategy": "Plain", "Startup Cost": 0.02, "Total Cost": 0.03, "Plan Rows": 1, "Plan Width": 96, "Plans": [{"Node Type": "Result", "Parent Relationship": "Outer", "Startup Cost": 0.0, "Total Cost": 0.01, "Plan Rows": 1, "Plan Width": 0, "One-Time Filter": "false"}]}, "Unique SQL Id": 223205047, "Planner Runtime": 145}, "explain_analyze_plan": {"Plan": {"Node Type": "Aggregate", "Strategy": "Plain", "Startup Cost": 0.02, "Total Cost": 0.03, "Plan Rows": 1, "Plan Width": 96, "Actual Startup Time": 0.006, "Actual Total Time": 0.006, "Actual Rows": 1, "Actual Loops": 1, "Plans": [{"Node Type": "Result", "Parent Relationship": "Outer", "Startup Cost": 0.0, "Total Cost": 0.01, "Plan Rows": 1, "Plan Width": 0, "Actual Startup Time": 0.001, "Actual Total Time": 0.001, "Actual Rows": 0, "Actual Loops": 1, "One-Time Filter": "false"}]}, "Triggers": [], "Planner Runtime": 150.358, "Total Runtime": 0.116, "Unique SQL Id": 223205047}}, "(64, '7')": {"explain_plan": {"Plan": {"Node Type": "Aggregate", "Strategy": "Plain", "Startup Cost": 0.02, "Total Cost": 0.03, "Plan Rows": 1, "Plan Width": 96, "Plans": [{"Node Type": "Result", "Parent Relationship": "Outer", "Startup Cost": 0.0, "Total Cost": 0.01, "Plan Rows": 1, "Plan Width": 0, "One-Time Filter": "false"}]}, "Unique SQL Id": 223205047, "Planner Runtime": 116}, "explain_analyze_plan": {"Plan": {"Node Type": "Aggregate", "Strategy": "Plain", "Startup Cost": 0.02, "Total Cost": 0.03, "Plan Rows": 1, "Plan Width": 96, "Actual Startup Time": 0.006, "Actual Total Time": 0.006, "Actual Rows": 1, "Actual Loops": 1, "Plans": [{"Node Type": "Result", "Parent Relationship": "Outer", "Startup Cost": 0.0, "Total Cost": 0.01, "Plan Rows": 1, "Plan Width": 0, "Actual Startup Time": 0.001, "Actual Total Time": 0.001, "Actual Rows": 0, "Actual Loops": 1, "One-Time Filter": "false"}]}, "Triggers": [], "Planner Runtime": 150.358, "Total Runtime": 0.116, "Unique SQL Id": 223205047}}, "(64, '8')": {"explain_plan": {"Plan": {"Node Type": "Aggregate", "Strategy": "Plain", "Startup Cost": 0.02, "Total Cost": 0.03, "Plan Rows": 1, "Plan Width": 96, "Plans": [{"Node Type": "Result", "Parent Relationship": "Outer", "Startup Cost": 0.0, "Total Cost": 0.01, "Plan Rows": 1, "Plan Width": 0, "One-Time Filter": "false"}]}, "Unique SQL Id": 223205047, "Planner Runtime": 146}, "explain_analyze_plan": {"Plan": {"Node Type": "Aggregate", "Strategy": "Plain", "Startup Cost": 0.02, "Total Cost": 0.03, "Plan Rows": 1, "Plan Width": 96, "Actual Startup Time": 0.006, "Actual Total Time": 0.006, "Actual Rows": 1, "Actual Loops": 1, "Plans": [{"Node Type": "Result", "Parent Relationship": "Outer", "Startup Cost": 0.0, "Total Cost": 0.01, "Plan Rows": 1, "Plan Width": 0, "Actual Startup Time": 0.001, "Actual Total Time": 0.001, "Actual Rows": 0, "Actual Loops": 1, "One-Time Filter": "false"}]}, "Triggers": [], "Planner Runtime": 150.358, "Total Runtime": 0.116, "Unique SQL Id": 223205047}}, "(64, '9')": {"explain_plan": {"Plan": {"Node Type": "Aggregate", "Strategy": "Plain", "Startup Cost": 0.02, "Total Cost": 0.03, "Plan Rows": 1, "Plan Width": 96, "Plans": [{"Node Type": "Result", "Parent Relationship": "Outer", "Startup Cost": 0.0, "Total Cost": 0.01, "Plan Rows": 1, "Plan Width": 0, "One-Time Filter": "false"}]}, "Unique SQL Id": 223205047, "Planner Runtime": 126}, "explain_analyze_plan": {"Plan": {"Node Type": "Aggregate", "Strategy": "Plain", "Startup Cost": 0.02, "Total Cost": 0.03, "Plan Rows": 1, "Plan Width": 96, "Actual Startup Time": 0.006, "Actual Total Time": 0.006, "Actual Rows": 1, "Actual Loops": 1, "Plans": [{"Node Type": "Result", "Parent Relationship": "Outer", "Startup Cost": 0.0, "Total Cost": 0.01, "Plan Rows": 1, "Plan Width": 0, "Actual Startup Time": 0.001, "Actual Total Time": 0.001, "Actual Rows": 0, "Actual Loops": 1, "One-Time Filter": "false"}]}, "Triggers": [], "Planner Runtime": 150.358, "Total Runtime": 0.116, "Unique SQL Id": 223205047}}, "(64, '10')": {"explain_plan": {"Plan": {"Node Type": "Aggregate", "Strategy": "Plain", "Startup Cost": 0.02, "Total Cost": 0.03, "Plan Rows": 1, "Plan Width": 96, "Plans": [{"Node Type": "Result", "Parent Relationship": "Outer", "Startup Cost": 0.0, "Total Cost": 0.01, "Plan Rows": 1, "Plan Width": 0, "One-Time Filter": "false"}]}, "Unique SQL Id": 223205047, "Planner Runtime": 146}, "explain_analyze_plan": {"Plan": {"Node Type": "Aggregate", "Strategy": "Plain", "Startup Cost": 0.02, "Total Cost": 0.03, "Plan Rows": 1, "Plan Width": 96, "Actual Startup Time": 0.006, "Actual Total Time": 0.006, "Actual Rows": 1, "Actual Loops": 1, "Plans": [{"Node Type": "Result", "Parent Relationship": "Outer", "Startup Cost": 0.0, "Total Cost": 0.01, "Plan Rows": 1, "Plan Width": 0, "Actual Startup Time": 0.001, "Actual Total Time": 0.001, "Actual Rows": 0, "Actual Loops": 1, "One-Time Filter": "false"}]}, "Triggers": [], "Planner Runtime": 150.358, "Total Runtime": 0.116, "Unique SQL Id": 223205047}}, "(64, '11')": {"explain_plan": {"Plan": {"Node Type": "Aggregate", "Strategy": "Plain", "Startup Cost": 0.02, "Total Cost": 0.03, "Plan Rows": 1, "Plan Width": 96, "Plans": [{"Node Type": "Result", "Parent Relationship": "Outer", "Startup Cost": 0.0, "Total Cost": 0.01, "Plan Rows": 1, "Plan Width": 0, "One-Time Filter": "false"}]}, "Unique SQL Id": 223205047, "Planner Runtime": 122}, "explain_analyze_plan": {"Plan": {"Node Type": "Aggregate", "Strategy": "Plain", "Startup Cost": 0.02, "Total Cost": 0.03, "Plan Rows": 1, "Plan Width": 96, "Actual Startup Time": 0.006, "Actual Total Time": 0.006, "Actual Rows": 1, "Actual Loops": 1, "Plans": [{"Node Type": "Result", "Parent Relationship": "Outer", "Startup Cost": 0.0, "Total Cost": 0.01, "Plan Rows": 1, "Plan Width": 0, "Actual Startup Time": 0.001, "Actual Total Time": 0.001, "Actual Rows": 0, "Actual Loops": 1, "One-Time Filter": "false"}]}, "Triggers": [], "Planner Runtime": 150.358, "Total Runtime": 0.116, "Unique SQL Id": 223205047}}, "(64, '12')": {"explain_plan": {"Plan": {"Node Type": "Aggregate", "Strategy": "Plain", "Startup Cost": 0.02, "Total Cost": 0.03, "Plan Rows": 1, "Plan Width": 96, "Plans": [{"Node Type": "Result", "Parent Relationship": "Outer", "Startup Cost": 0.0, "Total Cost": 0.01, "Plan Rows": 1, "Plan Width": 0, "One-Time Filter": "false"}]}, "Unique SQL Id": 223205047, "Planner Runtime": 150}, "explain_analyze_plan": {"Plan": {"Node Type": "Aggregate", "Strategy": "Plain", "Startup Cost": 0.02, "Total Cost": 0.03, "Plan Rows": 1, "Plan Width": 96, "Actual Startup Time": 0.006, "Actual Total Time": 0.006, "Actual Rows": 1, "Actual Loops": 1, "Plans": [{"Node Type": "Result", "Parent Relationship": "Outer", "Startup Cost": 0.0, "Total Cost": 0.01, "Plan Rows": 1, "Plan Width": 0, "Actual Startup Time": 0.001, "Actual Total Time": 0.001, "Actual Rows": 0, "Actual Loops": 1, "One-Time Filter": "false"}]}, "Triggers": [], "Planner Runtime": 150.358, "Total Runtime": 0.116, "Unique SQL Id": 223205047}}, "(64, '13')": {"explain_plan": {"Plan": {"Node Type": "Aggregate", "Strategy": "Plain", "Startup Cost": 0.02, "Total Cost": 0.03, "Plan Rows": 1, "Plan Width": 96, "Plans": [{"Node Type": "Result", "Parent Relationship": "Outer", "Startup Cost": 0.0, "Total Cost": 0.01, "Plan Rows": 1, "Plan Width": 0, "One-Time Filter": "false"}]}, "Unique SQL Id": 223205047, "Planner Runtime": 119}, "explain_analyze_plan": {"Plan": {"Node Type": "Aggregate", "Strategy": "Plain", "Startup Cost": 0.02, "Total Cost": 0.03, "Plan Rows": 1, "Plan Width": 96, "Actual Startup Time": 0.006, "Actual Total Time": 0.006, "Actual Rows": 1, "Actual Loops": 1, "Plans": [{"Node Type": "Result", "Parent Relationship": "Outer", "Startup Cost": 0.0, "Total Cost": 0.01, "Plan Rows": 1, "Plan Width": 0, "Actual Startup Time": 0.001, "Actual Total Time": 0.001, "Actual Rows": 0, "Actual Loops": 1, "One-Time Filter": "false"}]}, "Triggers": [], "Planner Runtime": 150.358, "Total Runtime": 0.116, "Unique SQL Id": 223205047}}, "(64, '14')": {"explain_plan": {"Plan": {"Node Type": "Aggregate", "Strategy": "Plain", "Startup Cost": 0.02, "Total Cost": 0.03, "Plan Rows": 1, "Plan Width": 96, "Plans": [{"Node Type": "Result", "Parent Relationship": "Outer", "Startup Cost": 0.0, "Total Cost": 0.01, "Plan Rows": 1, "Plan Width": 0, "One-Time Filter": "false"}]}, "Unique SQL Id": 223205047, "Planner Runtime": 151}, "explain_analyze_plan": {"Plan": {"Node Type": "Aggregate", "Strategy": "Plain", "Startup Cost": 0.02, "Total Cost": 0.03, "Plan Rows": 1, "Plan Width": 96, "Actual Startup Time": 0.006, "Actual Total Time": 0.006, "Actual Rows": 1, "Actual Loops": 1, "Plans": [{"Node Type": "Result", "Parent Relationship": "Outer", "Startup Cost": 0.0, "Total Cost": 0.01, "Plan Rows": 1, "Plan Width": 0, "Actual Startup Time": 0.001, "Actual Total Time": 0.001, "Actual Rows": 0, "Actual Loops": 1, "One-Time Filter": "false"}]}, "Triggers": [], "Planner Runtime": 150.358, "Total Runtime": 0.116, "Unique SQL Id": 223205047}}, "(64, '15')": {"explain_plan": {"Plan": {"Node Type": "Aggregate", "Strategy": "Plain", "Startup Cost": 0.02, "Total Cost": 0.03, "Plan Rows": 1, "Plan Width": 96, "Plans": [{"Node Type": "Result", "Parent Relationship": "Outer", "Startup Cost": 0.0, "Total Cost": 0.01, "Plan Rows": 1, "Plan Width": 0, "One-Time Filter": "false"}]}, "Unique SQL Id": 223205047, "Planner Runtime": 119}, "explain_analyze_plan": {"Plan": {"Node Type": "Aggregate", "Strategy": "Plain", "Startup Cost": 0.02, "Total Cost": 0.03, "Plan Rows": 1, "Plan Width": 96, "Actual Startup Time": 0.006, "Actual Total Time": 0.006, "Actual Rows": 1, "Actual Loops": 1, "Plans": [{"Node Type": "Result", "Parent Relationship": "Outer", "Startup Cost": 0.0, "Total Cost": 0.01, "Plan Rows": 1, "Plan Width": 0, "Actual Startup Time": 0.001, "Actual Total Time": 0.001, "Actual Rows": 0, "Actual Loops": 1, "One-Time Filter": "false"}]}, "Triggers": [], "Planner Runtime": 150.358, "Total Runtime": 0.116, "Unique SQL Id": 223205047}}, "(64, '16')": {"explain_plan": {"Plan": {"Node Type": "Aggregate", "Strategy": "Plain", "Startup Cost": 0.02, "Total Cost": 0.03, "Plan Rows": 1, "Plan Width": 96, "Plans": [{"Node Type": "Result", "Parent Relationship": "Outer", "Startup Cost": 0.0, "Total Cost": 0.01, "Plan Rows": 1, "Plan Width": 0, "One-Time Filter": "false"}]}, "Unique SQL Id": 223205047, "Planner Runtime": 149}, "explain_analyze_plan": {"Plan": {"Node Type": "Aggregate", "Strategy": "Plain", "Startup Cost": 0.02, "Total Cost": 0.03, "Plan Rows": 1, "Plan Width": 96, "Actual Startup Time": 0.006, "Actual Total Time": 0.006, "Actual Rows": 1, "Actual Loops": 1, "Plans": [{"Node Type": "Result", "Parent Relationship": "Outer", "Startup Cost": 0.0, "Total Cost": 0.01, "Plan Rows": 1, "Plan Width": 0, "Actual Startup Time": 0.001, "Actual Total Time": 0.001, "Actual Rows": 0, "Actual Loops": 1, "One-Time Filter": "false"}]}, "Triggers": [], "Planner Runtime": 150.358, "Total Runtime": 0.116, "Unique SQL Id": 223205047}}, "(64, '17')": {"explain_plan": {"Plan": {"Node Type": "Aggregate", "Strategy": "Plain", "Startup Cost": 0.02, "Total Cost": 0.03, "Plan Rows": 1, "Plan Width": 96, "Plans": [{"Node Type": "Result", "Parent Relationship": "Outer", "Startup Cost": 0.0, "Total Cost": 0.01, "Plan Rows": 1, "Plan Width": 0, "One-Time Filter": "false"}]}, "Unique SQL Id": 223205047, "Planner Runtime": 130}, "explain_analyze_plan": {"Plan": {"Node Type": "Aggregate", "Strategy": "Plain", "Startup Cost": 0.02, "Total Cost": 0.03, "Plan Rows": 1, "Plan Width": 96, "Actual Startup Time": 0.006, "Actual Total Time": 0.006, "Actual Rows": 1, "Actual Loops": 1, "Plans": [{"Node Type": "Result", "Parent Relationship": "Outer", "Startup Cost": 0.0, "Total Cost": 0.01, "Plan Rows": 1, "Plan Width": 0, "Actual Startup Time": 0.001, "Actual Total Time": 0.001, "Actual Rows": 0, "Actual Loops": 1, "One-Time Filter": "false"}]}, "Triggers": [], "Planner Runtime": 150.358, "Total Runtime": 0.116, "Unique SQL Id": 223205047}}, "(64, '18')": {"explain_plan": {"Plan": {"Node Type": "Aggregate", "Strategy": "Plain", "Startup Cost": 0.02, "Total Cost": 0.03, "Plan Rows": 1, "Plan Width": 96, "Plans": [{"Node Type": "Result", "Parent Relationship": "Outer", "Startup Cost": 0.0, "Total Cost": 0.01, "Plan Rows": 1, "Plan Width": 0, "One-Time Filter": "false"}]}, "Unique SQL Id": 223205047, "Planner Runtime": 147}, "explain_analyze_plan": {"Plan": {"Node Type": "Aggregate", "Strategy": "Plain", "Startup Cost": 0.02, "Total Cost": 0.03, "Plan Rows": 1, "Plan Width": 96, "Actual Startup Time": 0.006, "Actual Total Time": 0.006, "Actual Rows": 1, "Actual Loops": 1, "Plans": [{"Node Type": "Result", "Parent Relationship": "Outer", "Startup Cost": 0.0, "Total Cost": 0.01, "Plan Rows": 1, "Plan Width": 0, "Actual Startup Time": 0.001, "Actual Total Time": 0.001, "Actual Rows": 0, "Actual Loops": 1, "One-Time Filter": "false"}]}, "Triggers": [], "Planner Runtime": 150.358, "Total Runtime": 0.116, "Unique SQL Id": 223205047}}, "(64, '19')": {"explain_plan": {"Plan": {"Node Type": "Aggregate", "Strategy": "Plain", "Startup Cost": 0.02, "Total Cost": 0.03, "Plan Rows": 1, "Plan Width": 96, "Plans": [{"Node Type": "Result", "Parent Relationship": "Outer", "Startup Cost": 0.0, "Total Cost": 0.01, "Plan Rows": 1, "Plan Width": 0, "One-Time Filter": "false"}]}, "Unique SQL Id": 223205047, "Planner Runtime": 85}, "explain_analyze_plan": {"Plan": {"Node Type": "Aggregate", "Strategy": "Plain", "Startup Cost": 0.02, "Total Cost": 0.03, "Plan Rows": 1, "Plan Width": 96, "Actual Startup Time": 0.006, "Actual Total Time": 0.006, "Actual Rows": 1, "Actual Loops": 1, "Plans": [{"Node Type": "Result", "Parent Relationship": "Outer", "Startup Cost": 0.0, "Total Cost": 0.01, "Plan Rows": 1, "Plan Width": 0, "Actual Startup Time": 0.001, "Actual Total Time": 0.001, "Actual Rows": 0, "Actual Loops": 1, "One-Time Filter": "false"}]}, "Triggers": [], "Planner Runtime": 150.358, "Total Runtime": 0.116, "Unique SQL Id": 223205047}}, "(64, '20')": {"explain_plan": {"Plan": {"Node Type": "Aggregate", "Strategy": "Plain", "Startup Cost": 0.02, "Total Cost": 0.03, "Plan Rows": 1, "Plan Width": 96, "Plans": [{"Node Type": "Result", "Parent Relationship": "Outer", "Startup Cost": 0.0, "Total Cost": 0.01, "Plan Rows": 1, "Plan Width": 0, "One-Time Filter": "false"}]}, "Unique SQL Id": 223205047, "Planner Runtime": 144}, "explain_analyze_plan": {"Plan": {"Node Type": "Aggregate", "Strategy": "Plain", "Startup Cost": 0.02, "Total Cost": 0.03, "Plan Rows": 1, "Plan Width": 96, "Actual Startup Time": 0.006, "Actual Total Time": 0.006, "Actual Rows": 1, "Actual Loops": 1, "Plans": [{"Node Type": "Result", "Parent Relationship": "Outer", "Startup Cost": 0.0, "Total Cost": 0.01, "Plan Rows": 1, "Plan Width": 0, "Actual Startup Time": 0.001, "Actual Total Time": 0.001, "Actual Rows": 0, "Actual Loops": 1, "One-Time Filter": "false"}]}, "Triggers": [], "Planner Runtime": 150.358, "Total Runtime": 0.116, "Unique SQL Id": 223205047}}, "(64, '21')": {"explain_plan": {"Plan": {"Node Type": "Aggregate", "Strategy": "Plain", "Startup Cost": 0.02, "Total Cost": 0.03, "Plan Rows": 1, "Plan Width": 96, "Plans": [{"Node Type": "Result", "Parent Relationship": "Outer", "Startup Cost": 0.0, "Total Cost": 0.01, "Plan Rows": 1, "Plan Width": 0, "One-Time Filter": "false"}]}, "Unique SQL Id": 223205047, "Planner Runtime": 116}, "explain_analyze_plan": {"Plan": {"Node Type": "Aggregate", "Strategy": "Plain", "Startup Cost": 0.02, "Total Cost": 0.03, "Plan Rows": 1, "Plan Width": 96, "Actual Startup Time": 0.006, "Actual Total Time": 0.006, "Actual Rows": 1, "Actual Loops": 1, "Plans": [{"Node Type": "Result", "Parent Relationship": "Outer", "Startup Cost": 0.0, "Total Cost": 0.01, "Plan Rows": 1, "Plan Width": 0, "Actual Startup Time": 0.001, "Actual Total Time": 0.001, "Actual Rows": 0, "Actual Loops": 1, "One-Time Filter": "false"}]}, "Triggers": [], "Planner Runtime": 150.358, "Total Runtime": 0.116, "Unique SQL Id": 223205047}}, "(64, '22')": {"explain_plan": {"Plan": {"Node Type": "Aggregate", "Strategy": "Plain", "Startup Cost": 0.02, "Total Cost": 0.03, "Plan Rows": 1, "Plan Width": 96, "Plans": [{"Node Type": "Result", "Parent Relationship": "Outer", "Startup Cost": 0.0, "Total Cost": 0.01, "Plan Rows": 1, "Plan Width": 0, "One-Time Filter": "false"}]}, "Unique SQL Id": 223205047, "Planner Runtime": 148}, "explain_analyze_plan": {"Plan": {"Node Type": "Aggregate", "Strategy": "Plain", "Startup Cost": 0.02, "Total Cost": 0.03, "Plan Rows": 1, "Plan Width": 96, "Actual Startup Time": 0.006, "Actual Total Time": 0.006, "Actual Rows": 1, "Actual Loops": 1, "Plans": [{"Node Type": "Result", "Parent Relationship": "Outer", "Startup Cost": 0.0, "Total Cost": 0.01, "Plan Rows": 1, "Plan Width": 0, "Actual Startup Time": 0.001, "Actual Total Time": 0.001, "Actual Rows": 0, "Actual Loops": 1, "One-Time Filter": "false"}]}, "Triggers": [], "Planner Runtime": 150.358, "Total Runtime": 0.116, "Unique SQL Id": 223205047}}, "(64, '23')": {"explain_plan": {"Plan": {"Node Type": "Aggregate", "Strategy": "Plain", "Startup Cost": 0.02, "Total Cost": 0.03, "Plan Rows": 1, "Plan Width": 96, "Plans": [{"Node Type": "Result", "Parent Relationship": "Outer", "Startup Cost": 0.0, "Total Cost": 0.01, "Plan Rows": 1, "Plan Width": 0, "One-Time Filter": "false"}]}, "Unique SQL Id": 223205047, "Planner Runtime": 121}, "explain_analyze_plan": {"Plan": {"Node Type": "Aggregate", "Strategy": "Plain", "Startup Cost": 0.02, "Total Cost": 0.03, "Plan Rows": 1, "Plan Width": 96, "Actual Startup Time": 0.006, "Actual Total Time": 0.006, "Actual Rows": 1, "Actual Loops": 1, "Plans": [{"Node Type": "Result", "Parent Relationship": "Outer", "Startup Cost": 0.0, "Total Cost": 0.01, "Plan Rows": 1, "Plan Width": 0, "Actual Startup Time": 0.001, "Actual Total Time": 0.001, "Actual Rows": 0, "Actual Loops": 1, "One-Time Filter": "false"}]}, "Triggers": [], "Planner Runtime": 150.358, "Total Runtime": 0.116, "Unique SQL Id": 223205047}}, "(64, '24')": {"explain_plan": {"Plan": {"Node Type": "Aggregate", "Strategy": "Plain", "Startup Cost": 0.02, "Total Cost": 0.03, "Plan Rows": 1, "Plan Width": 96, "Plans": [{"Node Type": "Result", "Parent Relationship": "Outer", "Startup Cost": 0.0, "Total Cost": 0.01, "Plan Rows": 1, "Plan Width": 0, "One-Time Filter": "false"}]}, "Unique SQL Id": 223205047, "Planner Runtime": 147}, "explain_analyze_plan": {"Plan": {"Node Type": "Aggregate", "Strategy": "Plain", "Startup Cost": 0.02, "Total Cost": 0.03, "Plan Rows": 1, "Plan Width": 96, "Actual Startup Time": 0.006, "Actual Total Time": 0.006, "Actual Rows": 1, "Actual Loops": 1, "Plans": [{"Node Type": "Result", "Parent Relationship": "Outer", "Startup Cost": 0.0, "Total Cost": 0.01, "Plan Rows": 1, "Plan Width": 0, "Actual Startup Time": 0.001, "Actual Total Time": 0.001, "Actual Rows": 0, "Actual Loops": 1, "One-Time Filter": "false"}]}, "Triggers": [], "Planner Runtime": 150.358, "Total Runtime": 0.116, "Unique SQL Id": 223205047}}, "(64, '25')": {"explain_plan": {"Plan": {"Node Type": "Aggregate", "Strategy": "Plain", "Startup Cost": 0.02, "Total Cost": 0.03, "Plan Rows": 1, "Plan Width": 96, "Plans": [{"Node Type": "Result", "Parent Relationship": "Outer", "Startup Cost": 0.0, "Total Cost": 0.01, "Plan Rows": 1, "Plan Width": 0, "One-Time Filter": "false"}]}, "Unique SQL Id": 223205047, "Planner Runtime": 128}, "explain_analyze_plan": {"Plan": {"Node Type": "Aggregate", "Strategy": "Plain", "Startup Cost": 0.02, "Total Cost": 0.03, "Plan Rows": 1, "Plan Width": 96, "Actual Startup Time": 0.006, "Actual Total Time": 0.006, "Actual Rows": 1, "Actual Loops": 1, "Plans": [{"Node Type": "Result", "Parent Relationship": "Outer", "Startup Cost": 0.0, "Total Cost": 0.01, "Plan Rows": 1, "Plan Width": 0, "Actual Startup Time": 0.001, "Actual Total Time": 0.001, "Actual Rows": 0, "Actual Loops": 1, "One-Time Filter": "false"}]}, "Triggers": [], "Planner Runtime": 150.358, "Total Runtime": 0.116, "Unique SQL Id": 223205047}}, "(64, '26')": {"explain_plan": {"Plan": {"Node Type": "Aggregate", "Strategy": "Plain", "Startup Cost": 0.02, "Total Cost": 0.03, "Plan Rows": 1, "Plan Width": 96, "Plans": [{"Node Type": "Result", "Parent Relationship": "Outer", "Startup Cost": 0.0, "Total Cost": 0.01, "Plan Rows": 1, "Plan Width": 0, "One-Time Filter": "false"}]}, "Unique SQL Id": 223205047, "Planner Runtime": 143}, "explain_analyze_plan": {"Plan": {"Node Type": "Aggregate", "Strategy": "Plain", "Startup Cost": 0.02, "Total Cost": 0.03, "Plan Rows": 1, "Plan Width": 96, "Actual Startup Time": 0.006, "Actual Total Time": 0.006, "Actual Rows": 1, "Actual Loops": 1, "Plans": [{"Node Type": "Result", "Parent Relationship": "Outer", "Startup Cost": 0.0, "Total Cost": 0.01, "Plan Rows": 1, "Plan Width": 0, "Actual Startup Time": 0.001, "Actual Total Time": 0.001, "Actual Rows": 0, "Actual Loops": 1, "One-Time Filter": "false"}]}, "Triggers": [], "Planner Runtime": 150.358, "Total Runtime": 0.116, "Unique SQL Id": 223205047}}, "(64, '27')": {"explain_plan": {"Plan": {"Node Type": "Aggregate", "Strategy": "Plain", "Startup Cost": 0.02, "Total Cost": 0.03, "Plan Rows": 1, "Plan Width": 96, "Plans": [{"Node Type": "Result", "Parent Relationship": "Outer", "Startup Cost": 0.0, "Total Cost": 0.01, "Plan Rows": 1, "Plan Width": 0, "One-Time Filter": "false"}]}, "Unique SQL Id": 223205047, "Planner Runtime": 113}, "explain_analyze_plan": {"Plan": {"Node Type": "Aggregate", "Strategy": "Plain", "Startup Cost": 0.02, "Total Cost": 0.03, "Plan Rows": 1, "Plan Width": 96, "Actual Startup Time": 0.006, "Actual Total Time": 0.006, "Actual Rows": 1, "Actual Loops": 1, "Plans": [{"Node Type": "Result", "Parent Relationship": "Outer", "Startup Cost": 0.0, "Total Cost": 0.01, "Plan Rows": 1, "Plan Width": 0, "Actual Startup Time": 0.001, "Actual Total Time": 0.001, "Actual Rows": 0, "Actual Loops": 1, "One-Time Filter": "false"}]}, "Triggers": [], "Planner Runtime": 150.358, "Total Runtime": 0.116, "Unique SQL Id": 223205047}}, "(64, '28')": {"explain_plan": {"Plan": {"Node Type": "Aggregate", "Strategy": "Plain", "Startup Cost": 0.02, "Total Cost": 0.03, "Plan Rows": 1, "Plan Width": 96, "Plans": [{"Node Type": "Result", "Parent Relationship": "Outer", "Startup Cost": 0.0, "Total Cost": 0.01, "Plan Rows": 1, "Plan Width": 0, "One-Time Filter": "false"}]}, "Unique SQL Id": 223205047, "Planner Runtime": 144}, "explain_analyze_plan": {"Plan": {"Node Type": "Aggregate", "Strategy": "Plain", "Startup Cost": 0.02, "Total Cost": 0.03, "Plan Rows": 1, "Plan Width": 96, "Actual Startup Time": 0.006, "Actual Total Time": 0.006, "Actual Rows": 1, "Actual Loops": 1, "Plans": [{"Node Type": "Result", "Parent Relationship": "Outer", "Startup Cost": 0.0, "Total Cost": 0.01, "Plan Rows": 1, "Plan Width": 0, "Actual Startup Time": 0.001, "Actual Total Time": 0.001, "Actual Rows": 0, "Actual Loops": 1, "One-Time Filter": "false"}]}, "Triggers": [], "Planner Runtime": 150.358, "Total Runtime": 0.116, "Unique SQL Id": 223205047}}, "(64, '29')": {"explain_plan": {"Plan": {"Node Type": "Aggregate", "Strategy": "Plain", "Startup Cost": 0.02, "Total Cost": 0.03, "Plan Rows": 1, "Plan Width": 96, "Plans": [{"Node Type": "Result", "Parent Relationship": "Outer", "Startup Cost": 0.0, "Total Cost": 0.01, "Plan Rows": 1, "Plan Width": 0, "One-Time Filter": "false"}]}, "Unique SQL Id": 223205047, "Planner Runtime": 115}, "explain_analyze_plan": {"Plan": {"Node Type": "Aggregate", "Strategy": "Plain", "Startup Cost": 0.02, "Total Cost": 0.03, "Plan Rows": 1, "Plan Width": 96, "Actual Startup Time": 0.006, "Actual Total Time": 0.006, "Actual Rows": 1, "Actual Loops": 1, "Plans": [{"Node Type": "Result", "Parent Relationship": "Outer", "Startup Cost": 0.0, "Total Cost": 0.01, "Plan Rows": 1, "Plan Width": 0, "Actual Startup Time": 0.001, "Actual Total Time": 0.001, "Actual Rows": 0, "Actual Loops": 1, "One-Time Filter": "false"}]}, "Triggers": [], "Planner Runtime": 150.358, "Total Runtime": 0.116, "Unique SQL Id": 223205047}}, "(64, '30')": {"explain_plan": {"Plan": {"Node Type": "Aggregate", "Strategy": "Plain", "Startup Cost": 0.02, "Total Cost": 0.03, "Plan Rows": 1, "Plan Width": 96, "Plans": [{"Node Type": "Result", "Parent Relationship": "Outer", "Startup Cost": 0.0, "Total Cost": 0.01, "Plan Rows": 1, "Plan Width": 0, "One-Time Filter": "false"}]}, "Unique SQL Id": 223205047, "Planner Runtime": 145}, "explain_analyze_plan": {"Plan": {"Node Type": "Aggregate", "Strategy": "Plain", "Startup Cost": 0.02, "Total Cost": 0.03, "Plan Rows": 1, "Plan Width": 96, "Actual Startup Time": 0.006, "Actual Total Time": 0.006, "Actual Rows": 1, "Actual Loops": 1, "Plans": [{"Node Type": "Result", "Parent Relationship": "Outer", "Startup Cost": 0.0, "Total Cost": 0.01, "Plan Rows": 1, "Plan Width": 0, "Actual Startup Time": 0.001, "Actual Total Time": 0.001, "Actual Rows": 0, "Actual Loops": 1, "One-Time Filter": "false"}]}, "Triggers": [], "Planner Runtime": 150.358, "Total Runtime": 0.116, "Unique SQL Id": 223205047}}, "(64, '31')": {"explain_plan": {"Plan": {"Node Type": "Aggregate", "Strategy": "Plain", "Startup Cost": 0.02, "Total Cost": 0.03, "Plan Rows": 1, "Plan Width": 96, "Plans": [{"Node Type": "Result", "Parent Relationship": "Outer", "Startup Cost": 0.0, "Total Cost": 0.01, "Plan Rows": 1, "Plan Width": 0, "One-Time Filter": "false"}]}, "Unique SQL Id": 223205047, "Planner Runtime": 119}, "explain_analyze_plan": {"Plan": {"Node Type": "Aggregate", "Strategy": "Plain", "Startup Cost": 0.02, "Total Cost": 0.03, "Plan Rows": 1, "Plan Width": 96, "Actual Startup Time": 0.006, "Actual Total Time": 0.006, "Actual Rows": 1, "Actual Loops": 1, "Plans": [{"Node Type": "Result", "Parent Relationship": "Outer", "Startup Cost": 0.0, "Total Cost": 0.01, "Plan Rows": 1, "Plan Width": 0, "Actual Startup Time": 0.001, "Actual Total Time": 0.001, "Actual Rows": 0, "Actual Loops": 1, "One-Time Filter": "false"}]}, "Triggers": [], "Planner Runtime": 150.358, "Total Runtime": 0.116, "Unique SQL Id": 223205047}}, "(64, '32')": {"explain_plan": {"Plan": {"Node Type": "Aggregate", "Strategy": "Plain", "Startup Cost": 0.02, "Total Cost": 0.03, "Plan Rows": 1, "Plan Width": 96, "Plans": [{"Node Type": "Result", "Parent Relationship": "Outer", "Startup Cost": 0.0, "Total Cost": 0.01, "Plan Rows": 1, "Plan Width": 0, "One-Time Filter": "false"}]}, "Unique SQL Id": 223205047, "Planner Runtime": 150}, "explain_analyze_plan": {"Plan": {"Node Type": "Aggregate", "Strategy": "Plain", "Startup Cost": 0.02, "Total Cost": 0.03, "Plan Rows": 1, "Plan Width": 96, "Actual Startup Time": 0.006, "Actual Total Time": 0.006, "Actual Rows": 1, "Actual Loops": 1, "Plans": [{"Node Type": "Result", "Parent Relationship": "Outer", "Startup Cost": 0.0, "Total Cost": 0.01, "Plan Rows": 1, "Plan Width": 0, "Actual Startup Time": 0.001, "Actual Total Time": 0.001, "Actual Rows": 0, "Actual Loops": 1, "One-Time Filter": "false"}]}, "Triggers": [], "Planner Runtime": 150.358, "Total Runtime": 0.116, "Unique SQL Id": 223205047}}, "(64, '33')": {"explain_plan": {"Plan": {"Node Type": "Aggregate", "Strategy": "Plain", "Startup Cost": 0.02, "Total Cost": 0.03, "Plan Rows": 1, "Plan Width": 96, "Plans": [{"Node Type": "Result", "Parent Relationship": "Outer", "Startup Cost": 0.0, "Total Cost": 0.01, "Plan Rows": 1, "Plan Width": 0, "One-Time Filter": "false"}]}, "Unique SQL Id": 223205047, "Planner Runtime": 133}, "explain_analyze_plan": {"Plan": {"Node Type": "Aggregate", "Strategy": "Plain", "Startup Cost": 0.02, "Total Cost": 0.03, "Plan Rows": 1, "Plan Width": 96, "Actual Startup Time": 0.006, "Actual Total Time": 0.006, "Actual Rows": 1, "Actual Loops": 1, "Plans": [{"Node Type": "Result", "Parent Relationship": "Outer", "Startup Cost": 0.0, "Total Cost": 0.01, "Plan Rows": 1, "Plan Width": 0, "Actual Startup Time": 0.001, "Actual Total Time": 0.001, "Actual Rows": 0, "Actual Loops": 1, "One-Time Filter": "false"}]}, "Triggers": [], "Planner Runtime": 150.358, "Total Runtime": 0.116, "Unique SQL Id": 223205047}}, "(64, '34')": {"explain_plan": {"Plan": {"Node Type": "Aggregate", "Strategy": "Plain", "Startup Cost": 0.02, "Total Cost": 0.03, "Plan Rows": 1, "Plan Width": 96, "Plans": [{"Node Type": "Result", "Parent Relationship": "Outer", "Startup Cost": 0.0, "Total Cost": 0.01, "Plan Rows": 1, "Plan Width": 0, "One-Time Filter": "false"}]}, "Unique SQL Id": 223205047, "Planner Runtime": 148}, "explain_analyze_plan": {"Plan": {"Node Type": "Aggregate", "Strategy": "Plain", "Startup Cost": 0.02, "Total Cost": 0.03, "Plan Rows": 1, "Plan Width": 96, "Actual Startup Time": 0.006, "Actual Total Time": 0.006, "Actual Rows": 1, "Actual Loops": 1, "Plans": [{"Node Type": "Result", "Parent Relationship": "Outer", "Startup Cost": 0.0, "Total Cost": 0.01, "Plan Rows": 1, "Plan Width": 0, "Actual Startup Time": 0.001, "Actual Total Time": 0.001, "Actual Rows": 0, "Actual Loops": 1, "One-Time Filter": "false"}]}, "Triggers": [], "Planner Runtime": 150.358, "Total Runtime": 0.116, "Unique SQL Id": 223205047}}, "(64, '35')": {"explain_plan": {"Plan": {"Node Type": "Aggregate", "Strategy": "Plain", "Startup Cost": 0.02, "Total Cost": 0.03, "Plan Rows": 1, "Plan Width": 96, "Plans": [{"Node Type": "Result", "Parent Relationship": "Outer", "Startup Cost": 0.0, "Total Cost": 0.01, "Plan Rows": 1, "Plan Width": 0, "One-Time Filter": "false"}]}, "Unique SQL Id": 223205047, "Planner Runtime": 88}, "explain_analyze_plan": {"Plan": {"Node Type": "Aggregate", "Strategy": "Plain", "Startup Cost": 0.02, "Total Cost": 0.03, "Plan Rows": 1, "Plan Width": 96, "Actual Startup Time": 0.006, "Actual Total Time": 0.006, "Actual Rows": 1, "Actual Loops": 1, "Plans": [{"Node Type": "Result", "Parent Relationship": "Outer", "Startup Cost": 0.0, "Total Cost": 0.01, "Plan Rows": 1, "Plan Width": 0, "Actual Startup Time": 0.001, "Actual Total Time": 0.001, "Actual Rows": 0, "Actual Loops": 1, "One-Time Filter": "false"}]}, "Triggers": [], "Planner Runtime": 150.358, "Total Runtime": 0.116, "Unique SQL Id": 223205047}}, "(64, '36')": {"explain_plan": {"Plan": {"Node Type": "Aggregate", "Strategy": "Plain", "Startup Cost": 0.02, "Total Cost": 0.03, "Plan Rows": 1, "Plan Width": 96, "Plans": [{"Node Type": "Result", "Parent Relationship": "Outer", "Startup Cost": 0.0, "Total Cost": 0.01, "Plan Rows": 1, "Plan Width": 0, "One-Time Filter": "false"}]}, "Unique SQL Id": 223205047, "Planner Runtime": 145}, "explain_analyze_plan": {"Plan": {"Node Type": "Aggregate", "Strategy": "Plain", "Startup Cost": 0.02, "Total Cost": 0.03, "Plan Rows": 1, "Plan Width": 96, "Actual Startup Time": 0.006, "Actual Total Time": 0.006, "Actual Rows": 1, "Actual Loops": 1, "Plans": [{"Node Type": "Result", "Parent Relationship": "Outer", "Startup Cost": 0.0, "Total Cost": 0.01, "Plan Rows": 1, "Plan Width": 0, "Actual Startup Time": 0.001, "Actual Total Time": 0.001, "Actual Rows": 0, "Actual Loops": 1, "One-Time Filter": "false"}]}, "Triggers": [], "Planner Runtime": 150.358, "Total Runtime": 0.116, "Unique SQL Id": 223205047}}, "(64, '37')": {"explain_plan": {"Plan": {"Node Type": "Aggregate", "Strategy": "Plain", "Startup Cost": 0.02, "Total Cost": 0.03, "Plan Rows": 1, "Plan Width": 96, "Plans": [{"Node Type": "Result", "Parent Relationship": "Outer", "Startup Cost": 0.0, "Total Cost": 0.01, "Plan Rows": 1, "Plan Width": 0, "One-Time Filter": "false"}]}, "Unique SQL Id": 223205047, "Planner Runtime": 115}, "explain_analyze_plan": {"Plan": {"Node Type": "Aggregate", "Strategy": "Plain", "Startup Cost": 0.02, "Total Cost": 0.03, "Plan Rows": 1, "Plan Width": 96, "Actual Startup Time": 0.006, "Actual Total Time": 0.006, "Actual Rows": 1, "Actual Loops": 1, "Plans": [{"Node Type": "Result", "Parent Relationship": "Outer", "Startup Cost": 0.0, "Total Cost": 0.01, "Plan Rows": 1, "Plan Width": 0, "Actual Startup Time": 0.001, "Actual Total Time": 0.001, "Actual Rows": 0, "Actual Loops": 1, "One-Time Filter": "false"}]}, "Triggers": [], "Planner Runtime": 150.358, "Total Runtime": 0.116, "Unique SQL Id": 223205047}}, "(64, '38')": {"explain_plan": {"Plan": {"Node Type": "Aggregate", "Strategy": "Plain", "Startup Cost": 0.02, "Total Cost": 0.03, "Plan Rows": 1, "Plan Width": 96, "Plans": [{"Node Type": "Result", "Parent Relationship": "Outer", "Startup Cost": 0.0, "Total Cost": 0.01, "Plan Rows": 1, "Plan Width": 0, "One-Time Filter": "false"}]}, "Unique SQL Id": 223205047, "Planner Runtime": 144}, "explain_analyze_plan": {"Plan": {"Node Type": "Aggregate", "Strategy": "Plain", "Startup Cost": 0.02, "Total Cost": 0.03, "Plan Rows": 1, "Plan Width": 96, "Actual Startup Time": 0.006, "Actual Total Time": 0.006, "Actual Rows": 1, "Actual Loops": 1, "Plans": [{"Node Type": "Result", "Parent Relationship": "Outer", "Startup Cost": 0.0, "Total Cost": 0.01, "Plan Rows": 1, "Plan Width": 0, "Actual Startup Time": 0.001, "Actual Total Time": 0.001, "Actual Rows": 0, "Actual Loops": 1, "One-Time Filter": "false"}]}, "Triggers": [], "Planner Runtime": 150.358, "Total Runtime": 0.116, "Unique SQL Id": 223205047}}, "(64, '39')": {"explain_plan": {"Plan": {"Node Type": "Aggregate", "Strategy": "Plain", "Startup Cost": 0.02, "Total Cost": 0.03, "Plan Rows": 1, "Plan Width": 96, "Plans": [{"Node Type": "Result", "Parent Relationship": "Outer", "Startup Cost": 0.0, "Total Cost": 0.01, "Plan Rows": 1, "Plan Width": 0, "One-Time Filter": "false"}]}, "Unique SQL Id": 223205047, "Planner Runtime": 117}, "explain_analyze_plan": {"Plan": {"Node Type": "Aggregate", "Strategy": "Plain", "Startup Cost": 0.02, "Total Cost": 0.03, "Plan Rows": 1, "Plan Width": 96, "Actual Startup Time": 0.006, "Actual Total Time": 0.006, "Actual Rows": 1, "Actual Loops": 1, "Plans": [{"Node Type": "Result", "Parent Relationship": "Outer", "Startup Cost": 0.0, "Total Cost": 0.01, "Plan Rows": 1, "Plan Width": 0, "Actual Startup Time": 0.001, "Actual Total Time": 0.001, "Actual Rows": 0, "Actual Loops": 1, "One-Time Filter": "false"}]}, "Triggers": [], "Planner Runtime": 150.358, "Total Runtime": 0.116, "Unique SQL Id": 223205047}}, "(64, '40')": {"explain_plan": {"Plan": {"Node Type": "Aggregate", "Strategy": "Plain", "Startup Cost": 0.02, "Total Cost": 0.03, "Plan Rows": 1, "Plan Width": 96, "Plans": [{"Node Type": "Result", "Parent Relationship": "Outer", "Startup Cost": 0.0, "Total Cost": 0.01, "Plan Rows": 1, "Plan Width": 0, "One-Time Filter": "false"}]}, "Unique SQL Id": 223205047, "Planner Runtime": 145}, "explain_analyze_plan": {"Plan": {"Node Type": "Aggregate", "Strategy": "Plain", "Startup Cost": 0.02, "Total Cost": 0.03, "Plan Rows": 1, "Plan Width": 96, "Actual Startup Time": 0.006, "Actual Total Time": 0.006, "Actual Rows": 1, "Actual Loops": 1, "Plans": [{"Node Type": "Result", "Parent Relationship": "Outer", "Startup Cost": 0.0, "Total Cost": 0.01, "Plan Rows": 1, "Plan Width": 0, "Actual Startup Time": 0.001, "Actual Total Time": 0.001, "Actual Rows": 0, "Actual Loops": 1, "One-Time Filter": "false"}]}, "Triggers": [], "Planner Runtime": 150.358, "Total Runtime": 0.116, "Unique SQL Id": 223205047}}, "(64, '41')": {"explain_plan": {"Plan": {"Node Type": "Aggregate", "Strategy": "Plain", "Startup Cost": 0.02, "Total Cost": 0.03, "Plan Rows": 1, "Plan Width": 96, "Plans": [{"Node Type": "Result", "Parent Relationship": "Outer", "Startup Cost": 0.0, "Total Cost": 0.01, "Plan Rows": 1, "Plan Width": 0, "One-Time Filter": "false"}]}, "Unique SQL Id": 223205047, "Planner Runtime": 128}, "explain_analyze_plan": {"Plan": {"Node Type": "Aggregate", "Strategy": "Plain", "Startup Cost": 0.02, "Total Cost": 0.03, "Plan Rows": 1, "Plan Width": 96, "Actual Startup Time": 0.006, "Actual Total Time": 0.006, "Actual Rows": 1, "Actual Loops": 1, "Plans": [{"Node Type": "Result", "Parent Relationship": "Outer", "Startup Cost": 0.0, "Total Cost": 0.01, "Plan Rows": 1, "Plan Width": 0, "Actual Startup Time": 0.001, "Actual Total Time": 0.001, "Actual Rows": 0, "Actual Loops": 1, "One-Time Filter": "false"}]}, "Triggers": [], "Planner Runtime": 150.358, "Total Runtime": 0.116, "Unique SQL Id": 223205047}}, "(64, '42')": {"explain_plan": {"Plan": {"Node Type": "Aggregate", "Strategy": "Plain", "Startup Cost": 0.02, "Total Cost": 0.03, "Plan Rows": 1, "Plan Width": 96, "Plans": [{"Node Type": "Result", "Parent Relationship": "Outer", "Startup Cost": 0.0, "Total Cost": 0.01, "Plan Rows": 1, "Plan Width": 0, "One-Time Filter": "false"}]}, "Unique SQL Id": 223205047, "Planner Runtime": 145}, "explain_analyze_plan": {"Plan": {"Node Type": "Aggregate", "Strategy": "Plain", "Startup Cost": 0.02, "Total Cost": 0.03, "Plan Rows": 1, "Plan Width": 96, "Actual Startup Time": 0.006, "Actual Total Time": 0.006, "Actual Rows": 1, "Actual Loops": 1, "Plans": [{"Node Type": "Result", "Parent Relationship": "Outer", "Startup Cost": 0.0, "Total Cost": 0.01, "Plan Rows": 1, "Plan Width": 0, "Actual Startup Time": 0.001, "Actual Total Time": 0.001, "Actual Rows": 0, "Actual Loops": 1, "One-Time Filter": "false"}]}, "Triggers": [], "Planner Runtime": 150.358, "Total Runtime": 0.116, "Unique SQL Id": 223205047}}, "(64, '43')": {"explain_plan": {"Plan": {"Node Type": "Aggregate", "Strategy": "Plain", "Startup Cost": 0.02, "Total Cost": 0.03, "Plan Rows": 1, "Plan Width": 96, "Plans": [{"Node Type": "Result", "Parent Relationship": "Outer", "Startup Cost": 0.0, "Total Cost": 0.01, "Plan Rows": 1, "Plan Width": 0, "One-Time Filter": "false"}]}, "Unique SQL Id": 223205047, "Planner Runtime": 116}, "explain_analyze_plan": {"Plan": {"Node Type": "Aggregate", "Strategy": "Plain", "Startup Cost": 0.02, "Total Cost": 0.03, "Plan Rows": 1, "Plan Width": 96, "Actual Startup Time": 0.006, "Actual Total Time": 0.006, "Actual Rows": 1, "Actual Loops": 1, "Plans": [{"Node Type": "Result", "Parent Relationship": "Outer", "Startup Cost": 0.0, "Total Cost": 0.01, "Plan Rows": 1, "Plan Width": 0, "Actual Startup Time": 0.001, "Actual Total Time": 0.001, "Actual Rows": 0, "Actual Loops": 1, "One-Time Filter": "false"}]}, "Triggers": [], "Planner Runtime": 150.358, "Total Runtime": 0.116, "Unique SQL Id": 223205047}}, "(64, '44')": {"explain_plan": {"Plan": {"Node Type": "Aggregate", "Strategy": "Plain", "Startup Cost": 0.02, "Total Cost": 0.03, "Plan Rows": 1, "Plan Width": 96, "Plans": [{"Node Type": "Result", "Parent Relationship": "Outer", "Startup Cost": 0.0, "Total Cost": 0.01, "Plan Rows": 1, "Plan Width": 0, "One-Time Filter": "false"}]}, "Unique SQL Id": 223205047, "Planner Runtime": 144}, "explain_analyze_plan": {"Plan": {"Node Type": "Aggregate", "Strategy": "Plain", "Startup Cost": 0.02, "Total Cost": 0.03, "Plan Rows": 1, "Plan Width": 96, "Actual Startup Time": 0.006, "Actual Total Time": 0.006, "Actual Rows": 1, "Actual Loops": 1, "Plans": [{"Node Type": "Result", "Parent Relationship": "Outer", "Startup Cost": 0.0, "Total Cost": 0.01, "Plan Rows": 1, "Plan Width": 0, "Actual Startup Time": 0.001, "Actual Total Time": 0.001, "Actual Rows": 0, "Actual Loops": 1, "One-Time Filter": "false"}]}, "Triggers": [], "Planner Runtime": 150.358, "Total Runtime": 0.116, "Unique SQL Id": 223205047}}, "(64, '45')": {"explain_plan": {"Plan": {"Node Type": "Aggregate", "Strategy": "Plain", "Startup Cost": 0.02, "Total Cost": 0.03, "Plan Rows": 1, "Plan Width": 96, "Plans": [{"Node Type": "Result", "Parent Relationship": "Outer", "Startup Cost": 0.0, "Total Cost": 0.01, "Plan Rows": 1, "Plan Width": 0, "One-Time Filter": "false"}]}, "Unique SQL Id": 223205047, "Planner Runtime": 116}, "explain_analyze_plan": {"Plan": {"Node Type": "Aggregate", "Strategy": "Plain", "Startup Cost": 0.02, "Total Cost": 0.03, "Plan Rows": 1, "Plan Width": 96, "Actual Startup Time": 0.006, "Actual Total Time": 0.006, "Actual Rows": 1, "Actual Loops": 1, "Plans": [{"Node Type": "Result", "Parent Relationship": "Outer", "Startup Cost": 0.0, "Total Cost": 0.01, "Plan Rows": 1, "Plan Width": 0, "Actual Startup Time": 0.001, "Actual Total Time": 0.001, "Actual Rows": 0, "Actual Loops": 1, "One-Time Filter": "false"}]}, "Triggers": [], "Planner Runtime": 150.358, "Total Runtime": 0.116, "Unique SQL Id": 223205047}}, "(64, '46')": {"explain_plan": {"Plan": {"Node Type": "Aggregate", "Strategy": "Plain", "Startup Cost": 0.02, "Total Cost": 0.03, "Plan Rows": 1, "Plan Width": 96, "Plans": [{"Node Type": "Result", "Parent Relationship": "Outer", "Startup Cost": 0.0, "Total Cost": 0.01, "Plan Rows": 1, "Plan Width": 0, "One-Time Filter": "false"}]}, "Unique SQL Id": 223205047, "Planner Runtime": 145}, "explain_analyze_plan": {"Plan": {"Node Type": "Aggregate", "Strategy": "Plain", "Startup Cost": 0.02, "Total Cost": 0.03, "Plan Rows": 1, "Plan Width": 96, "Actual Startup Time": 0.006, "Actual Total Time": 0.006, "Actual Rows": 1, "Actual Loops": 1, "Plans": [{"Node Type": "Result", "Parent Relationship": "Outer", "Startup Cost": 0.0, "Total Cost": 0.01, "Plan Rows": 1, "Plan Width": 0, "Actual Startup Time": 0.001, "Actual Total Time": 0.001, "Actual Rows": 0, "Actual Loops": 1, "One-Time Filter": "false"}]}, "Triggers": [], "Planner Runtime": 150.358, "Total Runtime": 0.116, "Unique SQL Id": 223205047}}, "(64, '47')": {"explain_plan": {"Plan": {"Node Type": "Aggregate", "Strategy": "Plain", "Startup Cost": 0.02, "Total Cost": 0.03, "Plan Rows": 1, "Plan Width": 96, "Plans": [{"Node Type": "Result", "Parent Relationship": "Outer", "Startup Cost": 0.0, "Total Cost": 0.01, "Plan Rows": 1, "Plan Width": 0, "One-Time Filter": "false"}]}, "Unique SQL Id": 223205047, "Planner Runtime": 116}, "explain_analyze_plan": {"Plan": {"Node Type": "Aggregate", "Strategy": "Plain", "Startup Cost": 0.02, "Total Cost": 0.03, "Plan Rows": 1, "Plan Width": 96, "Actual Startup Time": 0.006, "Actual Total Time": 0.006, "Actual Rows": 1, "Actual Loops": 1, "Plans": [{"Node Type": "Result", "Parent Relationship": "Outer", "Startup Cost": 0.0, "Total Cost": 0.01, "Plan Rows": 1, "Plan Width": 0, "Actual Startup Time": 0.001, "Actual Total Time": 0.001, "Actual Rows": 0, "Actual Loops": 1, "One-Time Filter": "false"}]}, "Triggers": [], "Planner Runtime": 150.358, "Total Runtime": 0.116, "Unique SQL Id": 223205047}}, "(64, '48')": {"explain_plan": {"Plan": {"Node Type": "Aggregate", "Strategy": "Plain", "Startup Cost": 0.02, "Total Cost": 0.03, "Plan Rows": 1, "Plan Width": 96, "Plans": [{"Node Type": "Result", "Parent Relationship": "Outer", "Startup Cost": 0.0, "Total Cost": 0.01, "Plan Rows": 1, "Plan Width": 0, "One-Time Filter": "false"}]}, "Unique SQL Id": 223205047, "Planner Runtime": 145}, "explain_analyze_plan": {"Plan": {"Node Type": "Aggregate", "Strategy": "Plain", "Startup Cost": 0.02, "Total Cost": 0.03, "Plan Rows": 1, "Plan Width": 96, "Actual Startup Time": 0.006, "Actual Total Time": 0.006, "Actual Rows": 1, "Actual Loops": 1, "Plans": [{"Node Type": "Result", "Parent Relationship": "Outer", "Startup Cost": 0.0, "Total Cost": 0.01, "Plan Rows": 1, "Plan Width": 0, "Actual Startup Time": 0.001, "Actual Total Time": 0.001, "Actual Rows": 0, "Actual Loops": 1, "One-Time Filter": "false"}]}, "Triggers": [], "Planner Runtime": 150.358, "Total Runtime": 0.116, "Unique SQL Id": 223205047}}, "(64, '49')": {"explain_plan": {"Plan": {"Node Type": "Aggregate", "Strategy": "Plain", "Startup Cost": 0.02, "Total Cost": 0.03, "Plan Rows": 1, "Plan Width": 96, "Plans": [{"Node Type": "Result", "Parent Relationship": "Outer", "Startup Cost": 0.0, "Total Cost": 0.01, "Plan Rows": 1, "Plan Width": 0, "One-Time Filter": "false"}]}, "Unique SQL Id": 223205047, "Planner Runtime": 128}, "explain_analyze_plan": {"Plan": {"Node Type": "Aggregate", "Strategy": "Plain", "Startup Cost": 0.02, "Total Cost": 0.03, "Plan Rows": 1, "Plan Width": 96, "Actual Startup Time": 0.006, "Actual Total Time": 0.006, "Actual Rows": 1, "Actual Loops": 1, "Plans": [{"Node Type": "Result", "Parent Relationship": "Outer", "Startup Cost": 0.0, "Total Cost": 0.01, "Plan Rows": 1, "Plan Width": 0, "Actual Startup Time": 0.001, "Actual Total Time": 0.001, "Actual Rows": 0, "Actual Loops": 1, "One-Time Filter": "false"}]}, "Triggers": [], "Planner Runtime": 150.358, "Total Runtime": 0.116, "Unique SQL Id": 223205047}}, "(64, '50')": {"explain_plan": {"Plan": {"Node Type": "Aggregate", "Strategy": "Plain", "Startup Cost": 0.02, "Total Cost": 0.03, "Plan Rows": 1, "Plan Width": 96, "Plans": [{"Node Type": "Result", "Parent Relationship": "Outer", "Startup Cost": 0.0, "Total Cost": 0.01, "Plan Rows": 1, "Plan Width": 0, "One-Time Filter": "false"}]}, "Unique SQL Id": 223205047, "Planner Runtime": 150}, "explain_analyze_plan": {"Plan": {"Node Type": "Aggregate", "Strategy": "Plain", "Startup Cost": 0.02, "Total Cost": 0.03, "Plan Rows": 1, "Plan Width": 96, "Actual Startup Time": 0.006, "Actual Total Time": 0.006, "Actual Rows": 1, "Actual Loops": 1, "Plans": [{"Node Type": "Result", "Parent Relationship": "Outer", "Startup Cost": 0.0, "Total Cost": 0.01, "Plan Rows": 1, "Plan Width": 0, "Actual Startup Time": 0.001, "Actual Total Time": 0.001, "Actual Rows": 0, "Actual Loops": 1, "One-Time Filter": "false"}]}, "Triggers": [], "Planner Runtime": 150.358, "Total Runtime": 0.116, "Unique SQL Id": 223205047}}, "(64, '51')": {"explain_plan": {"Plan": {"Node Type": "Aggregate", "Strategy": "Plain", "Startup Cost": 0.02, "Total Cost": 0.03, "Plan Rows": 1, "Plan Width": 96, "Plans": [{"Node Type": "Result", "Parent Relationship": "Outer", "Startup Cost": 0.0, "Total Cost": 0.01, "Plan Rows": 1, "Plan Width": 0, "One-Time Filter": "false"}]}, "Unique SQL Id": 223205047, "Planner Runtime": 87}, "explain_analyze_plan": {"Plan": {"Node Type": "Aggregate", "Strategy": "Plain", "Startup Cost": 0.02, "Total Cost": 0.03, "Plan Rows": 1, "Plan Width": 96, "Actual Startup Time": 0.006, "Actual Total Time": 0.006, "Actual Rows": 1, "Actual Loops": 1, "Plans": [{"Node Type": "Result", "Parent Relationship": "Outer", "Startup Cost": 0.0, "Total Cost": 0.01, "Plan Rows": 1, "Plan Width": 0, "Actual Startup Time": 0.001, "Actual Total Time": 0.001, "Actual Rows": 0, "Actual Loops": 1, "One-Time Filter": "false"}]}, "Triggers": [], "Planner Runtime": 150.358, "Total Runtime": 0.116, "Unique SQL Id": 223205047}}, "(64, '52')": {"explain_plan": {"Plan": {"Node Type": "Aggregate", "Strategy": "Plain", "Startup Cost": 0.02, "Total Cost": 0.03, "Plan Rows": 1, "Plan Width": 96, "Plans": [{"Node Type": "Result", "Parent Relationship": "Outer", "Startup Cost": 0.0, "Total Cost": 0.01, "Plan Rows": 1, "Plan Width": 0, "One-Time Filter": "false"}]}, "Unique SQL Id": 223205047, "Planner Runtime": 148}, "explain_analyze_plan": {"Plan": {"Node Type": "Aggregate", "Strategy": "Plain", "Startup Cost": 0.02, "Total Cost": 0.03, "Plan Rows": 1, "Plan Width": 96, "Actual Startup Time": 0.006, "Actual Total Time": 0.006, "Actual Rows": 1, "Actual Loops": 1, "Plans": [{"Node Type": "Result", "Parent Relationship": "Outer", "Startup Cost": 0.0, "Total Cost": 0.01, "Plan Rows": 1, "Plan Width": 0, "Actual Startup Time": 0.001, "Actual Total Time": 0.001, "Actual Rows": 0, "Actual Loops": 1, "One-Time Filter": "false"}]}, "Triggers": [], "Planner Runtime": 150.358, "Total Runtime": 0.116, "Unique SQL Id": 223205047}}, "(64, '53')": {"explain_plan": {"Plan": {"Node Type": "Aggregate", "Strategy": "Plain", "Startup Cost": 0.02, "Total Cost": 0.03, "Plan Rows": 1, "Plan Width": 96, "Plans": [{"Node Type": "Result", "Parent Relationship": "Outer", "Startup Cost": 0.0, "Total Cost": 0.01, "Plan Rows": 1, "Plan Width": 0, "One-Time Filter": "false"}]}, "Unique SQL Id": 223205047, "Planner Runtime": 119}, "explain_analyze_plan": {"Plan": {"Node Type": "Aggregate", "Strategy": "Plain", "Startup Cost": 0.02, "Total Cost": 0.03, "Plan Rows": 1, "Plan Width": 96, "Actual Startup Time": 0.006, "Actual Total Time": 0.006, "Actual Rows": 1, "Actual Loops": 1, "Plans": [{"Node Type": "Result", "Parent Relationship": "Outer", "Startup Cost": 0.0, "Total Cost": 0.01, "Plan Rows": 1, "Plan Width": 0, "Actual Startup Time": 0.001, "Actual Total Time": 0.001, "Actual Rows": 0, "Actual Loops": 1, "One-Time Filter": "false"}]}, "Triggers": [], "Planner Runtime": 150.358, "Total Runtime": 0.116, "Unique SQL Id": 223205047}}, "(64, '54')": {"explain_plan": {"Plan": {"Node Type": "Aggregate", "Strategy": "Plain", "Startup Cost": 0.02, "Total Cost": 0.03, "Plan Rows": 1, "Plan Width": 96, "Plans": [{"Node Type": "Result", "Parent Relationship": "Outer", "Startup Cost": 0.0, "Total Cost": 0.01, "Plan Rows": 1, "Plan Width": 0, "One-Time Filter": "false"}]}, "Unique SQL Id": 223205047, "Planner Runtime": 149}, "explain_analyze_plan": {"Plan": {"Node Type": "Aggregate", "Strategy": "Plain", "Startup Cost": 0.02, "Total Cost": 0.03, "Plan Rows": 1, "Plan Width": 96, "Actual Startup Time": 0.006, "Actual Total Time": 0.006, "Actual Rows": 1, "Actual Loops": 1, "Plans": [{"Node Type": "Result", "Parent Relationship": "Outer", "Startup Cost": 0.0, "Total Cost": 0.01, "Plan Rows": 1, "Plan Width": 0, "Actual Startup Time": 0.001, "Actual Total Time": 0.001, "Actual Rows": 0, "Actual Loops": 1, "One-Time Filter": "false"}]}, "Triggers": [], "Planner Runtime": 150.358, "Total Runtime": 0.116, "Unique SQL Id": 223205047}}, "(64, '55')": {"explain_plan": {"Plan": {"Node Type": "Aggregate", "Strategy": "Plain", "Startup Cost": 0.02, "Total Cost": 0.03, "Plan Rows": 1, "Plan Width": 96, "Plans": [{"Node Type": "Result", "Parent Relationship": "Outer", "Startup Cost": 0.0, "Total Cost": 0.01, "Plan Rows": 1, "Plan Width": 0, "One-Time Filter": "false"}]}, "Unique SQL Id": 223205047, "Planner Runtime": 119}, "explain_analyze_plan": {"Plan": {"Node Type": "Aggregate", "Strategy": "Plain", "Startup Cost": 0.02, "Total Cost": 0.03, "Plan Rows": 1, "Plan Width": 96, "Actual Startup Time": 0.006, "Actual Total Time": 0.006, "Actual Rows": 1, "Actual Loops": 1, "Plans": [{"Node Type": "Result", "Parent Relationship": "Outer", "Startup Cost": 0.0, "Total Cost": 0.01, "Plan Rows": 1, "Plan Width": 0, "Actual Startup Time": 0.001, "Actual Total Time": 0.001, "Actual Rows": 0, "Actual Loops": 1, "One-Time Filter": "false"}]}, "Triggers": [], "Planner Runtime": 150.358, "Total Runtime": 0.116, "Unique SQL Id": 223205047}}, "(64, '56')": {"explain_plan": {"Plan": {"Node Type": "Aggregate", "Strategy": "Plain", "Startup Cost": 0.02, "Total Cost": 0.03, "Plan Rows": 1, "Plan Width": 96, "Plans": [{"Node Type": "Result", "Parent Relationship": "Outer", "Startup Cost": 0.0, "Total Cost": 0.01, "Plan Rows": 1, "Plan Width": 0, "One-Time Filter": "false"}]}, "Unique SQL Id": 223205047, "Planner Runtime": 149}, "explain_analyze_plan": {"Plan": {"Node Type": "Aggregate", "Strategy": "Plain", "Startup Cost": 0.02, "Total Cost": 0.03, "Plan Rows": 1, "Plan Width": 96, "Actual Startup Time": 0.006, "Actual Total Time": 0.006, "Actual Rows": 1, "Actual Loops": 1, "Plans": [{"Node Type": "Result", "Parent Relationship": "Outer", "Startup Cost": 0.0, "Total Cost": 0.01, "Plan Rows": 1, "Plan Width": 0, "Actual Startup Time": 0.001, "Actual Total Time": 0.001, "Actual Rows": 0, "Actual Loops": 1, "One-Time Filter": "false"}]}, "Triggers": [], "Planner Runtime": 150.358, "Total Runtime": 0.116, "Unique SQL Id": 223205047}}, "(64, '57')": {"explain_plan": {"Plan": {"Node Type": "Aggregate", "Strategy": "Plain", "Startup Cost": 0.02, "Total Cost": 0.03, "Plan Rows": 1, "Plan Width": 96, "Plans": [{"Node Type": "Result", "Parent Relationship": "Outer", "Startup Cost": 0.0, "Total Cost": 0.01, "Plan Rows": 1, "Plan Width": 0, "One-Time Filter": "false"}]}, "Unique SQL Id": 223205047, "Planner Runtime": 130}, "explain_analyze_plan": {"Plan": {"Node Type": "Aggregate", "Strategy": "Plain", "Startup Cost": 0.02, "Total Cost": 0.03, "Plan Rows": 1, "Plan Width": 96, "Actual Startup Time": 0.006, "Actual Total Time": 0.006, "Actual Rows": 1, "Actual Loops": 1, "Plans": [{"Node Type": "Result", "Parent Relationship": "Outer", "Startup Cost": 0.0, "Total Cost": 0.01, "Plan Rows": 1, "Plan Width": 0, "Actual Startup Time": 0.001, "Actual Total Time": 0.001, "Actual Rows": 0, "Actual Loops": 1, "One-Time Filter": "false"}]}, "Triggers": [], "Planner Runtime": 150.358, "Total Runtime": 0.116, "Unique SQL Id": 223205047}}, "(64, '58')": {"explain_plan": {"Plan": {"Node Type": "Aggregate", "Strategy": "Plain", "Startup Cost": 0.02, "Total Cost": 0.03, "Plan Rows": 1, "Plan Width": 96, "Plans": [{"Node Type": "Result", "Parent Relationship": "Outer", "Startup Cost": 0.0, "Total Cost": 0.01, "Plan Rows": 1, "Plan Width": 0, "One-Time Filter": "false"}]}, "Unique SQL Id": 223205047, "Planner Runtime": 149}, "explain_analyze_plan": {"Plan": {"Node Type": "Aggregate", "Strategy": "Plain", "Startup Cost": 0.02, "Total Cost": 0.03, "Plan Rows": 1, "Plan Width": 96, "Actual Startup Time": 0.006, "Actual Total Time": 0.006, "Actual Rows": 1, "Actual Loops": 1, "Plans": [{"Node Type": "Result", "Parent Relationship": "Outer", "Startup Cost": 0.0, "Total Cost": 0.01, "Plan Rows": 1, "Plan Width": 0, "Actual Startup Time": 0.001, "Actual Total Time": 0.001, "Actual Rows": 0, "Actual Loops": 1, "One-Time Filter": "false"}]}, "Triggers": [], "Planner Runtime": 150.358, "Total Runtime": 0.116, "Unique SQL Id": 223205047}}, "(64, '59')": {"explain_plan": {"Plan": {"Node Type": "Aggregate", "Strategy": "Plain", "Startup Cost": 0.02, "Total Cost": 0.03, "Plan Rows": 1, "Plan Width": 96, "Plans": [{"Node Type": "Result", "Parent Relationship": "Outer", "Startup Cost": 0.0, "Total Cost": 0.01, "Plan Rows": 1, "Plan Width": 0, "One-Time Filter": "false"}]}, "Unique SQL Id": 223205047, "Planner Runtime": 119}, "explain_analyze_plan": {"Plan": {"Node Type": "Aggregate", "Strategy": "Plain", "Startup Cost": 0.02, "Total Cost": 0.03, "Plan Rows": 1, "Plan Width": 96, "Actual Startup Time": 0.006, "Actual Total Time": 0.006, "Actual Rows": 1, "Actual Loops": 1, "Plans": [{"Node Type": "Result", "Parent Relationship": "Outer", "Startup Cost": 0.0, "Total Cost": 0.01, "Plan Rows": 1, "Plan Width": 0, "Actual Startup Time": 0.001, "Actual Total Time": 0.001, "Actual Rows": 0, "Actual Loops": 1, "One-Time Filter": "false"}]}, "Triggers": [], "Planner Runtime": 150.358, "Total Runtime": 0.116, "Unique SQL Id": 223205047}}, "(64, '60')": {"explain_plan": {"Plan": {"Node Type": "Aggregate", "Strategy": "Plain", "Startup Cost": 0.02, "Total Cost": 0.03, "Plan Rows": 1, "Plan Width": 96, "Plans": [{"Node Type": "Result", "Parent Relationship": "Outer", "Startup Cost": 0.0, "Total Cost": 0.01, "Plan Rows": 1, "Plan Width": 0, "One-Time Filter": "false"}]}, "Unique SQL Id": 223205047, "Planner Runtime": 149}, "explain_analyze_plan": {"Plan": {"Node Type": "Aggregate", "Strategy": "Plain", "Startup Cost": 0.02, "Total Cost": 0.03, "Plan Rows": 1, "Plan Width": 96, "Actual Startup Time": 0.006, "Actual Total Time": 0.006, "Actual Rows": 1, "Actual Loops": 1, "Plans": [{"Node Type": "Result", "Parent Relationship": "Outer", "Startup Cost": 0.0, "Total Cost": 0.01, "Plan Rows": 1, "Plan Width": 0, "Actual Startup Time": 0.001, "Actual Total Time": 0.001, "Actual Rows": 0, "Actual Loops": 1, "One-Time Filter": "false"}]}, "Triggers": [], "Planner Runtime": 150.358, "Total Runtime": 0.116, "Unique SQL Id": 223205047}}, "(64, '61')": {"explain_plan": {"Plan": {"Node Type": "Aggregate", "Strategy": "Plain", "Startup Cost": 0.02, "Total Cost": 0.03, "Plan Rows": 1, "Plan Width": 96, "Plans": [{"Node Type": "Result", "Parent Relationship": "Outer", "Startup Cost": 0.0, "Total Cost": 0.01, "Plan Rows": 1, "Plan Width": 0, "One-Time Filter": "false"}]}, "Unique SQL Id": 223205047, "Planner Runtime": 120}, "explain_analyze_plan": {"Plan": {"Node Type": "Aggregate", "Strategy": "Plain", "Startup Cost": 0.02, "Total Cost": 0.03, "Plan Rows": 1, "Plan Width": 96, "Actual Startup Time": 0.006, "Actual Total Time": 0.006, "Actual Rows": 1, "Actual Loops": 1, "Plans": [{"Node Type": "Result", "Parent Relationship": "Outer", "Startup Cost": 0.0, "Total Cost": 0.01, "Plan Rows": 1, "Plan Width": 0, "Actual Startup Time": 0.001, "Actual Total Time": 0.001, "Actual Rows": 0, "Actual Loops": 1, "One-Time Filter": "false"}]}, "Triggers": [], "Planner Runtime": 150.358, "Total Runtime": 0.116, "Unique SQL Id": 223205047}}, "(64, '62')": {"explain_plan": {"Plan": {"Node Type": "Aggregate", "Strategy": "Plain", "Startup Cost": 0.02, "Total Cost": 0.03, "Plan Rows": 1, "Plan Width": 96, "Plans": [{"Node Type": "Result", "Parent Relationship": "Outer", "Startup Cost": 0.0, "Total Cost": 0.01, "Plan Rows": 1, "Plan Width": 0, "One-Time Filter": "false"}]}, "Unique SQL Id": 223205047, "Planner Runtime": 151}, "explain_analyze_plan": {"Plan": {"Node Type": "Aggregate", "Strategy": "Plain", "Startup Cost": 0.02, "Total Cost": 0.03, "Plan Rows": 1, "Plan Width": 96, "Actual Startup Time": 0.006, "Actual Total Time": 0.006, "Actual Rows": 1, "Actual Loops": 1, "Plans": [{"Node Type": "Result", "Parent Relationship": "Outer", "Startup Cost": 0.0, "Total Cost": 0.01, "Plan Rows": 1, "Plan Width": 0, "Actual Startup Time": 0.001, "Actual Total Time": 0.001, "Actual Rows": 0, "Actual Loops": 1, "One-Time Filter": "false"}]}, "Triggers": [], "Planner Runtime": 150.358, "Total Runtime": 0.116, "Unique SQL Id": 223205047}}, "(64, '63')": {"explain_plan": {"Plan": {"Node Type": "Aggregate", "Strategy": "Plain", "Startup Cost": 0.02, "Total Cost": 0.03, "Plan Rows": 1, "Plan Width": 96, "Plans": [{"Node Type": "Result", "Parent Relationship": "Outer", "Startup Cost": 0.0, "Total Cost": 0.01, "Plan Rows": 1, "Plan Width": 0, "One-Time Filter": "false"}]}, "Unique SQL Id": 223205047, "Planner Runtime": 116}, "explain_analyze_plan": {"Plan": {"Node Type": "Aggregate", "Strategy": "Plain", "Startup Cost": 0.02, "Total Cost": 0.03, "Plan Rows": 1, "Plan Width": 96, "Actual Startup Time": 0.006, "Actual Total Time": 0.006, "Actual Rows": 1, "Actual Loops": 1, "Plans": [{"Node Type": "Result", "Parent Relationship": "Outer", "Startup Cost": 0.0, "Total Cost": 0.01, "Plan Rows": 1, "Plan Width": 0, "Actual Startup Time": 0.001, "Actual Total Time": 0.001, "Actual Rows": 0, "Actual Loops": 1, "One-Time Filter": "false"}]}, "Triggers": [], "Planner Runtime": 150.358, "Total Runtime": 0.116, "Unique SQL Id": 223205047}}, "(64, '64')": {"explain_plan": {"Plan": {"Node Type": "Aggregate", "Strategy": "Plain", "Startup Cost": 0.02, "Total Cost": 0.03, "Plan Rows": 1, "Plan Width": 96, "Plans": [{"Node Type": "Result", "Parent Relationship": "Outer", "Startup Cost": 0.0, "Total Cost": 0.01, "Plan Rows": 1, "Plan Width": 0, "One-Time Filter": "false"}]}, "Unique SQL Id": 223205047, "Planner Runtime": 145}, "explain_analyze_plan": {"Plan": {"Node Type": "Aggregate", "Strategy": "Plain", "Startup Cost": 0.02, "Total Cost": 0.03, "Plan Rows": 1, "Plan Width": 96, "Actual Startup Time": 0.006, "Actual Total Time": 0.006, "Actual Rows": 1, "Actual Loops": 1, "Plans": [{"Node Type": "Result", "Parent Relationship": "Outer", "Startup Cost": 0.0, "Total Cost": 0.01, "Plan Rows": 1, "Plan Width": 0, "Actual Startup Time": 0.001, "Actual Total Time": 0.001, "Actual Rows": 0, "Actual Loops": 1, "One-Time Filter": "false"}]}, "Triggers": [], "Planner Runtime": 150.358, "Total Runtime": 0.116, "Unique SQL Id": 223205047}}, "(64, '65')": {"explain_plan": {"Plan": {"Node Type": "Aggregate", "Strategy": "Plain", "Startup Cost": 0.02, "Total Cost": 0.03, "Plan Rows": 1, "Plan Width": 96, "Plans": [{"Node Type": "Result", "Parent Relationship": "Outer", "Startup Cost": 0.0, "Total Cost": 0.01, "Plan Rows": 1, "Plan Width": 0, "One-Time Filter": "false"}]}, "Unique SQL Id": 223205047, "Planner Runtime": 127}, "explain_analyze_plan": {"Plan": {"Node Type": "Aggregate", "Strategy": "Plain", "Startup Cost": 0.02, "Total Cost": 0.03, "Plan Rows": 1, "Plan Width": 96, "Actual Startup Time": 0.006, "Actual Total Time": 0.006, "Actual Rows": 1, "Actual Loops": 1, "Plans": [{"Node Type": "Result", "Parent Relationship": "Outer", "Startup Cost": 0.0, "Total Cost": 0.01, "Plan Rows": 1, "Plan Width": 0, "Actual Startup Time": 0.001, "Actual Total Time": 0.001, "Actual Rows": 0, "Actual Loops": 1, "One-Time Filter": "false"}]}, "Triggers": [], "Planner Runtime": 150.358, "Total Runtime": 0.116, "Unique SQL Id": 223205047}}, "(64, '66')": {"explain_plan": {"Plan": {"Node Type": "Aggregate", "Strategy": "Plain", "Startup Cost": 0.02, "Total Cost": 0.03, "Plan Rows": 1, "Plan Width": 96, "Plans": [{"Node Type": "Result", "Parent Relationship": "Outer", "Startup Cost": 0.0, "Total Cost": 0.01, "Plan Rows": 1, "Plan Width": 0, "One-Time Filter": "false"}]}, "Unique SQL Id": 223205047, "Planner Runtime": 144}, "explain_analyze_plan": {"Plan": {"Node Type": "Aggregate", "Strategy": "Plain", "Startup Cost": 0.02, "Total Cost": 0.03, "Plan Rows": 1, "Plan Width": 96, "Actual Startup Time": 0.006, "Actual Total Time": 0.006, "Actual Rows": 1, "Actual Loops": 1, "Plans": [{"Node Type": "Result", "Parent Relationship": "Outer", "Startup Cost": 0.0, "Total Cost": 0.01, "Plan Rows": 1, "Plan Width": 0, "Actual Startup Time": 0.001, "Actual Total Time": 0.001, "Actual Rows": 0, "Actual Loops": 1, "One-Time Filter": "false"}]}, "Triggers": [], "Planner Runtime": 150.358, "Total Runtime": 0.116, "Unique SQL Id": 223205047}}, "(64, '67')": {"explain_plan": {"Plan": {"Node Type": "Aggregate", "Strategy": "Plain", "Startup Cost": 0.02, "Total Cost": 0.03, "Plan Rows": 1, "Plan Width": 96, "Plans": [{"Node Type": "Result", "Parent Relationship": "Outer", "Startup Cost": 0.0, "Total Cost": 0.01, "Plan Rows": 1, "Plan Width": 0, "One-Time Filter": "false"}]}, "Unique SQL Id": 223205047, "Planner Runtime": 85}, "explain_analyze_plan": {"Plan": {"Node Type": "Aggregate", "Strategy": "Plain", "Startup Cost": 0.02, "Total Cost": 0.03, "Plan Rows": 1, "Plan Width": 96, "Actual Startup Time": 0.006, "Actual Total Time": 0.006, "Actual Rows": 1, "Actual Loops": 1, "Plans": [{"Node Type": "Result", "Parent Relationship": "Outer", "Startup Cost": 0.0, "Total Cost": 0.01, "Plan Rows": 1, "Plan Width": 0, "Actual Startup Time": 0.001, "Actual Total Time": 0.001, "Actual Rows": 0, "Actual Loops": 1, "One-Time Filter": "false"}]}, "Triggers": [], "Planner Runtime": 150.358, "Total Runtime": 0.116, "Unique SQL Id": 223205047}}, "(64, '68')": {"explain_plan": {"Plan": {"Node Type": "Aggregate", "Strategy": "Plain", "Startup Cost": 0.02, "Total Cost": 0.03, "Plan Rows": 1, "Plan Width": 96, "Plans": [{"Node Type": "Result", "Parent Relationship": "Outer", "Startup Cost": 0.0, "Total Cost": 0.01, "Plan Rows": 1, "Plan Width": 0, "One-Time Filter": "false"}]}, "Unique SQL Id": 223205047, "Planner Runtime": 147}, "explain_analyze_plan": {"Plan": {"Node Type": "Aggregate", "Strategy": "Plain", "Startup Cost": 0.02, "Total Cost": 0.03, "Plan Rows": 1, "Plan Width": 96, "Actual Startup Time": 0.006, "Actual Total Time": 0.006, "Actual Rows": 1, "Actual Loops": 1, "Plans": [{"Node Type": "Result", "Parent Relationship": "Outer", "Startup Cost": 0.0, "Total Cost": 0.01, "Plan Rows": 1, "Plan Width": 0, "Actual Startup Time": 0.001, "Actual Total Time": 0.001, "Actual Rows": 0, "Actual Loops": 1, "One-Time Filter": "false"}]}, "Triggers": [], "Planner Runtime": 150.358, "Total Runtime": 0.116, "Unique SQL Id": 223205047}}, "(64, '69')": {"explain_plan": {"Plan": {"Node Type": "Aggregate", "Strategy": "Plain", "Startup Cost": 0.02, "Total Cost": 0.03, "Plan Rows": 1, "Plan Width": 96, "Plans": [{"Node Type": "Result", "Parent Relationship": "Outer", "Startup Cost": 0.0, "Total Cost": 0.01, "Plan Rows": 1, "Plan Width": 0, "One-Time Filter": "false"}]}, "Unique SQL Id": 223205047, "Planner Runtime": 119}, "explain_analyze_plan": {"Plan": {"Node Type": "Aggregate", "Strategy": "Plain", "Startup Cost": 0.02, "Total Cost": 0.03, "Plan Rows": 1, "Plan Width": 96, "Actual Startup Time": 0.006, "Actual Total Time": 0.006, "Actual Rows": 1, "Actual Loops": 1, "Plans": [{"Node Type": "Result", "Parent Relationship": "Outer", "Startup Cost": 0.0, "Total Cost": 0.01, "Plan Rows": 1, "Plan Width": 0, "Actual Startup Time": 0.001, "Actual Total Time": 0.001, "Actual Rows": 0, "Actual Loops": 1, "One-Time Filter": "false"}]}, "Triggers": [], "Planner Runtime": 150.358, "Total Runtime": 0.116, "Unique SQL Id": 223205047}}, "(64, '70')": {"explain_plan": {"Plan": {"Node Type": "Aggregate", "Strategy": "Plain", "Startup Cost": 0.02, "Total Cost": 0.03, "Plan Rows": 1, "Plan Width": 96, "Plans": [{"Node Type": "Result", "Parent Relationship": "Outer", "Startup Cost": 0.0, "Total Cost": 0.01, "Plan Rows": 1, "Plan Width": 0, "One-Time Filter": "false"}]}, "Unique SQL Id": 223205047, "Planner Runtime": 151}, "explain_analyze_plan": {"Plan": {"Node Type": "Aggregate", "Strategy": "Plain", "Startup Cost": 0.02, "Total Cost": 0.03, "Plan Rows": 1, "Plan Width": 96, "Actual Startup Time": 0.006, "Actual Total Time": 0.006, "Actual Rows": 1, "Actual Loops": 1, "Plans": [{"Node Type": "Result", "Parent Relationship": "Outer", "Startup Cost": 0.0, "Total Cost": 0.01, "Plan Rows": 1, "Plan Width": 0, "Actual Startup Time": 0.001, "Actual Total Time": 0.001, "Actual Rows": 0, "Actual Loops": 1, "One-Time Filter": "false"}]}, "Triggers": [], "Planner Runtime": 150.358, "Total Runtime": 0.116, "Unique SQL Id": 223205047}}, "(64, '71')": {"explain_plan": {"Plan": {"Node Type": "Aggregate", "Strategy": "Plain", "Startup Cost": 0.02, "Total Cost": 0.03, "Plan Rows": 1, "Plan Width": 96, "Plans": [{"Node Type": "Result", "Parent Relationship": "Outer", "Startup Cost": 0.0, "Total Cost": 0.01, "Plan Rows": 1, "Plan Width": 0, "One-Time Filter": "false"}]}, "Unique SQL Id": 223205047, "Planner Runtime": 116}, "explain_analyze_plan": {"Plan": {"Node Type": "Aggregate", "Strategy": "Plain", "Startup Cost": 0.02, "Total Cost": 0.03, "Plan Rows": 1, "Plan Width": 96, "Actual Startup Time": 0.006, "Actual Total Time": 0.006, "Actual Rows": 1, "Actual Loops": 1, "Plans": [{"Node Type": "Result", "Parent Relationship": "Outer", "Startup Cost": 0.0, "Total Cost": 0.01, "Plan Rows": 1, "Plan Width": 0, "Actual Startup Time": 0.001, "Actual Total Time": 0.001, "Actual Rows": 0, "Actual Loops": 1, "One-Time Filter": "false"}]}, "Triggers": [], "Planner Runtime": 150.358, "Total Runtime": 0.116, "Unique SQL Id": 223205047}}, "(64, '72')": {"explain_plan": {"Plan": {"Node Type": "Aggregate", "Strategy": "Plain", "Startup Cost": 0.02, "Total Cost": 0.03, "Plan Rows": 1, "Plan Width": 96, "Plans": [{"Node Type": "Result", "Parent Relationship": "Outer", "Startup Cost": 0.0, "Total Cost": 0.01, "Plan Rows": 1, "Plan Width": 0, "One-Time Filter": "false"}]}, "Unique SQL Id": 223205047, "Planner Runtime": 145}, "explain_analyze_plan": {"Plan": {"Node Type": "Aggregate", "Strategy": "Plain", "Startup Cost": 0.02, "Total Cost": 0.03, "Plan Rows": 1, "Plan Width": 96, "Actual Startup Time": 0.006, "Actual Total Time": 0.006, "Actual Rows": 1, "Actual Loops": 1, "Plans": [{"Node Type": "Result", "Parent Relationship": "Outer", "Startup Cost": 0.0, "Total Cost": 0.01, "Plan Rows": 1, "Plan Width": 0, "Actual Startup Time": 0.001, "Actual Total Time": 0.001, "Actual Rows": 0, "Actual Loops": 1, "One-Time Filter": "false"}]}, "Triggers": [], "Planner Runtime": 150.358, "Total Runtime": 0.116, "Unique SQL Id": 223205047}}, "(64, '73')": {"explain_plan": {"Plan": {"Node Type": "Aggregate", "Strategy": "Plain", "Startup Cost": 0.02, "Total Cost": 0.03, "Plan Rows": 1, "Plan Width": 96, "Plans": [{"Node Type": "Result", "Parent Relationship": "Outer", "Startup Cost": 0.0, "Total Cost": 0.01, "Plan Rows": 1, "Plan Width": 0, "One-Time Filter": "false"}]}, "Unique SQL Id": 223205047, "Planner Runtime": 127}, "explain_analyze_plan": {"Plan": {"Node Type": "Aggregate", "Strategy": "Plain", "Startup Cost": 0.02, "Total Cost": 0.03, "Plan Rows": 1, "Plan Width": 96, "Actual Startup Time": 0.006, "Actual Total Time": 0.006, "Actual Rows": 1, "Actual Loops": 1, "Plans": [{"Node Type": "Result", "Parent Relationship": "Outer", "Startup Cost": 0.0, "Total Cost": 0.01, "Plan Rows": 1, "Plan Width": 0, "Actual Startup Time": 0.001, "Actual Total Time": 0.001, "Actual Rows": 0, "Actual Loops": 1, "One-Time Filter": "false"}]}, "Triggers": [], "Planner Runtime": 150.358, "Total Runtime": 0.116, "Unique SQL Id": 223205047}}, "(64, '74')": {"explain_plan": {"Plan": {"Node Type": "Aggregate", "Strategy": "Plain", "Startup Cost": 0.02, "Total Cost": 0.03, "Plan Rows": 1, "Plan Width": 96, "Plans": [{"Node Type": "Result", "Parent Relationship": "Outer", "Startup Cost": 0.0, "Total Cost": 0.01, "Plan Rows": 1, "Plan Width": 0, "One-Time Filter": "false"}]}, "Unique SQL Id": 223205047, "Planner Runtime": 145}, "explain_analyze_plan": {"Plan": {"Node Type": "Aggregate", "Strategy": "Plain", "Startup Cost": 0.02, "Total Cost": 0.03, "Plan Rows": 1, "Plan Width": 96, "Actual Startup Time": 0.006, "Actual Total Time": 0.006, "Actual Rows": 1, "Actual Loops": 1, "Plans": [{"Node Type": "Result", "Parent Relationship": "Outer", "Startup Cost": 0.0, "Total Cost": 0.01, "Plan Rows": 1, "Plan Width": 0, "Actual Startup Time": 0.001, "Actual Total Time": 0.001, "Actual Rows": 0, "Actual Loops": 1, "One-Time Filter": "false"}]}, "Triggers": [], "Planner Runtime": 150.358, "Total Runtime": 0.116, "Unique SQL Id": 223205047}}, "(64, '75')": {"explain_plan": {"Plan": {"Node Type": "Aggregate", "Strategy": "Plain", "Startup Cost": 0.02, "Total Cost": 0.03, "Plan Rows": 1, "Plan Width": 96, "Plans": [{"Node Type": "Result", "Parent Relationship": "Outer", "Startup Cost": 0.0, "Total Cost": 0.01, "Plan Rows": 1, "Plan Width": 0, "One-Time Filter": "false"}]}, "Unique SQL Id": 223205047, "Planner Runtime": 116}, "explain_analyze_plan": {"Plan": {"Node Type": "Aggregate", "Strategy": "Plain", "Startup Cost": 0.02, "Total Cost": 0.03, "Plan Rows": 1, "Plan Width": 96, "Actual Startup Time": 0.006, "Actual Total Time": 0.006, "Actual Rows": 1, "Actual Loops": 1, "Plans": [{"Node Type": "Result", "Parent Relationship": "Outer", "Startup Cost": 0.0, "Total Cost": 0.01, "Plan Rows": 1, "Plan Width": 0, "Actual Startup Time": 0.001, "Actual Total Time": 0.001, "Actual Rows": 0, "Actual Loops": 1, "One-Time Filter": "false"}]}, "Triggers": [], "Planner Runtime": 150.358, "Total Runtime": 0.116, "Unique SQL Id": 223205047}}, "(64, '76')": {"explain_plan": {"Plan": {"Node Type": "Aggregate", "Strategy": "Plain", "Startup Cost": 0.02, "Total Cost": 0.03, "Plan Rows": 1, "Plan Width": 96, "Plans": [{"Node Type": "Result", "Parent Relationship": "Outer", "Startup Cost": 0.0, "Total Cost": 0.01, "Plan Rows": 1, "Plan Width": 0, "One-Time Filter": "false"}]}, "Unique SQL Id": 223205047, "Planner Runtime": 148}, "explain_analyze_plan": {"Plan": {"Node Type": "Aggregate", "Strategy": "Plain", "Startup Cost": 0.02, "Total Cost": 0.03, "Plan Rows": 1, "Plan Width": 96, "Actual Startup Time": 0.006, "Actual Total Time": 0.006, "Actual Rows": 1, "Actual Loops": 1, "Plans": [{"Node Type": "Result", "Parent Relationship": "Outer", "Startup Cost": 0.0, "Total Cost": 0.01, "Plan Rows": 1, "Plan Width": 0, "Actual Startup Time": 0.001, "Actual Total Time": 0.001, "Actual Rows": 0, "Actual Loops": 1, "One-Time Filter": "false"}]}, "Triggers": [], "Planner Runtime": 150.358, "Total Runtime": 0.116, "Unique SQL Id": 223205047}}, "(64, '77')": {"explain_plan": {"Plan": {"Node Type": "Aggregate", "Strategy": "Plain", "Startup Cost": 0.02, "Total Cost": 0.03, "Plan Rows": 1, "Plan Width": 96, "Plans": [{"Node Type": "Result", "Parent Relationship": "Outer", "Startup Cost": 0.0, "Total Cost": 0.01, "Plan Rows": 1, "Plan Width": 0, "One-Time Filter": "false"}]}, "Unique SQL Id": 223205047, "Planner Runtime": 116}, "explain_analyze_plan": {"Plan": {"Node Type": "Aggregate", "Strategy": "Plain", "Startup Cost": 0.02, "Total Cost": 0.03, "Plan Rows": 1, "Plan Width": 96, "Actual Startup Time": 0.006, "Actual Total Time": 0.006, "Actual Rows": 1, "Actual Loops": 1, "Plans": [{"Node Type": "Result", "Parent Relationship": "Outer", "Startup Cost": 0.0, "Total Cost": 0.01, "Plan Rows": 1, "Plan Width": 0, "Actual Startup Time": 0.001, "Actual Total Time": 0.001, "Actual Rows": 0, "Actual Loops": 1, "One-Time Filter": "false"}]}, "Triggers": [], "Planner Runtime": 150.358, "Total Runtime": 0.116, "Unique SQL Id": 223205047}}, "(64, '78')": {"explain_plan": {"Plan": {"Node Type": "Aggregate", "Strategy": "Plain", "Startup Cost": 0.02, "Total Cost": 0.03, "Plan Rows": 1, "Plan Width": 96, "Plans": [{"Node Type": "Result", "Parent Relationship": "Outer", "Startup Cost": 0.0, "Total Cost": 0.01, "Plan Rows": 1, "Plan Width": 0, "One-Time Filter": "false"}]}, "Unique SQL Id": 223205047, "Planner Runtime": 145}, "explain_analyze_plan": {"Plan": {"Node Type": "Aggregate", "Strategy": "Plain", "Startup Cost": 0.02, "Total Cost": 0.03, "Plan Rows": 1, "Plan Width": 96, "Actual Startup Time": 0.006, "Actual Total Time": 0.006, "Actual Rows": 1, "Actual Loops": 1, "Plans": [{"Node Type": "Result", "Parent Relationship": "Outer", "Startup Cost": 0.0, "Total Cost": 0.01, "Plan Rows": 1, "Plan Width": 0, "Actual Startup Time": 0.001, "Actual Total Time": 0.001, "Actual Rows": 0, "Actual Loops": 1, "One-Time Filter": "false"}]}, "Triggers": [], "Planner Runtime": 150.358, "Total Runtime": 0.116, "Unique SQL Id": 223205047}}, "(64, '79')": {"explain_plan": {"Plan": {"Node Type": "Aggregate", "Strategy": "Plain", "Startup Cost": 0.02, "Total Cost": 0.03, "Plan Rows": 1, "Plan Width": 96, "Plans": [{"Node Type": "Result", "Parent Relationship": "Outer", "Startup Cost": 0.0, "Total Cost": 0.01, "Plan Rows": 1, "Plan Width": 0, "One-Time Filter": "false"}]}, "Unique SQL Id": 223205047, "Planner Runtime": 116}, "explain_analyze_plan": {"Plan": {"Node Type": "Aggregate", "Strategy": "Plain", "Startup Cost": 0.02, "Total Cost": 0.03, "Plan Rows": 1, "Plan Width": 96, "Actual Startup Time": 0.006, "Actual Total Time": 0.006, "Actual Rows": 1, "Actual Loops": 1, "Plans": [{"Node Type": "Result", "Parent Relationship": "Outer", "Startup Cost": 0.0, "Total Cost": 0.01, "Plan Rows": 1, "Plan Width": 0, "Actual Startup Time": 0.001, "Actual Total Time": 0.001, "Actual Rows": 0, "Actual Loops": 1, "One-Time Filter": "false"}]}, "Triggers": [], "Planner Runtime": 150.358, "Total Runtime": 0.116, "Unique SQL Id": 223205047}}, "(64, '80')": {"explain_plan": {"Plan": {"Node Type": "Aggregate", "Strategy": "Plain", "Startup Cost": 0.02, "Total Cost": 0.03, "Plan Rows": 1, "Plan Width": 96, "Plans": [{"Node Type": "Result", "Parent Relationship": "Outer", "Startup Cost": 0.0, "Total Cost": 0.01, "Plan Rows": 1, "Plan Width": 0, "One-Time Filter": "false"}]}, "Unique SQL Id": 223205047, "Planner Runtime": 144}, "explain_analyze_plan": {"Plan": {"Node Type": "Aggregate", "Strategy": "Plain", "Startup Cost": 0.02, "Total Cost": 0.03, "Plan Rows": 1, "Plan Width": 96, "Actual Startup Time": 0.006, "Actual Total Time": 0.006, "Actual Rows": 1, "Actual Loops": 1, "Plans": [{"Node Type": "Result", "Parent Relationship": "Outer", "Startup Cost": 0.0, "Total Cost": 0.01, "Plan Rows": 1, "Plan Width": 0, "Actual Startup Time": 0.001, "Actual Total Time": 0.001, "Actual Rows": 0, "Actual Loops": 1, "One-Time Filter": "false"}]}, "Triggers": [], "Planner Runtime": 150.358, "Total Runtime": 0.116, "Unique SQL Id": 223205047}}, "(64, '81')": {"explain_plan": {"Plan": {"Node Type": "Aggregate", "Strategy": "Plain", "Startup Cost": 0.02, "Total Cost": 0.03, "Plan Rows": 1, "Plan Width": 96, "Plans": [{"Node Type": "Result", "Parent Relationship": "Outer", "Startup Cost": 0.0, "Total Cost": 0.01, "Plan Rows": 1, "Plan Width": 0, "One-Time Filter": "false"}]}, "Unique SQL Id": 223205047, "Planner Runtime": 127}, "explain_analyze_plan": {"Plan": {"Node Type": "Aggregate", "Strategy": "Plain", "Startup Cost": 0.02, "Total Cost": 0.03, "Plan Rows": 1, "Plan Width": 96, "Actual Startup Time": 0.006, "Actual Total Time": 0.006, "Actual Rows": 1, "Actual Loops": 1, "Plans": [{"Node Type": "Result", "Parent Relationship": "Outer", "Startup Cost": 0.0, "Total Cost": 0.01, "Plan Rows": 1, "Plan Width": 0, "Actual Startup Time": 0.001, "Actual Total Time": 0.001, "Actual Rows": 0, "Actual Loops": 1, "One-Time Filter": "false"}]}, "Triggers": [], "Planner Runtime": 150.358, "Total Runtime": 0.116, "Unique SQL Id": 223205047}}, "(64, '82')": {"explain_plan": {"Plan": {"Node Type": "Aggregate", "Strategy": "Plain", "Startup Cost": 0.02, "Total Cost": 0.03, "Plan Rows": 1, "Plan Width": 96, "Plans": [{"Node Type": "Result", "Parent Relationship": "Outer", "Startup Cost": 0.0, "Total Cost": 0.01, "Plan Rows": 1, "Plan Width": 0, "One-Time Filter": "false"}]}, "Unique SQL Id": 223205047, "Planner Runtime": 146}, "explain_analyze_plan": {"Plan": {"Node Type": "Aggregate", "Strategy": "Plain", "Startup Cost": 0.02, "Total Cost": 0.03, "Plan Rows": 1, "Plan Width": 96, "Actual Startup Time": 0.006, "Actual Total Time": 0.006, "Actual Rows": 1, "Actual Loops": 1, "Plans": [{"Node Type": "Result", "Parent Relationship": "Outer", "Startup Cost": 0.0, "Total Cost": 0.01, "Plan Rows": 1, "Plan Width": 0, "Actual Startup Time": 0.001, "Actual Total Time": 0.001, "Actual Rows": 0, "Actual Loops": 1, "One-Time Filter": "false"}]}, "Triggers": [], "Planner Runtime": 150.358, "Total Runtime": 0.116, "Unique SQL Id": 223205047}}, "(64, '83')": {"explain_plan": {"Plan": {"Node Type": "Aggregate", "Strategy": "Plain", "Startup Cost": 0.02, "Total Cost": 0.03, "Plan Rows": 1, "Plan Width": 96, "Plans": [{"Node Type": "Result", "Parent Relationship": "Outer", "Startup Cost": 0.0, "Total Cost": 0.01, "Plan Rows": 1, "Plan Width": 0, "One-Time Filter": "false"}]}, "Unique SQL Id": 223205047, "Planner Runtime": 87}, "explain_analyze_plan": {"Plan": {"Node Type": "Aggregate", "Strategy": "Plain", "Startup Cost": 0.02, "Total Cost": 0.03, "Plan Rows": 1, "Plan Width": 96, "Actual Startup Time": 0.006, "Actual Total Time": 0.006, "Actual Rows": 1, "Actual Loops": 1, "Plans": [{"Node Type": "Result", "Parent Relationship": "Outer", "Startup Cost": 0.0, "Total Cost": 0.01, "Plan Rows": 1, "Plan Width": 0, "Actual Startup Time": 0.001, "Actual Total Time": 0.001, "Actual Rows": 0, "Actual Loops": 1, "One-Time Filter": "false"}]}, "Triggers": [], "Planner Runtime": 150.358, "Total Runtime": 0.116, "Unique SQL Id": 223205047}}, "(64, '84')": {"explain_plan": {"Plan": {"Node Type": "Aggregate", "Strategy": "Plain", "Startup Cost": 0.02, "Total Cost": 0.03, "Plan Rows": 1, "Plan Width": 96, "Plans": [{"Node Type": "Result", "Parent Relationship": "Outer", "Startup Cost": 0.0, "Total Cost": 0.01, "Plan Rows": 1, "Plan Width": 0, "One-Time Filter": "false"}]}, "Unique SQL Id": 223205047, "Planner Runtime": 150}, "explain_analyze_plan": {"Plan": {"Node Type": "Aggregate", "Strategy": "Plain", "Startup Cost": 0.02, "Total Cost": 0.03, "Plan Rows": 1, "Plan Width": 96, "Actual Startup Time": 0.006, "Actual Total Time": 0.006, "Actual Rows": 1, "Actual Loops": 1, "Plans": [{"Node Type": "Result", "Parent Relationship": "Outer", "Startup Cost": 0.0, "Total Cost": 0.01, "Plan Rows": 1, "Plan Width": 0, "Actual Startup Time": 0.001, "Actual Total Time": 0.001, "Actual Rows": 0, "Actual Loops": 1, "One-Time Filter": "false"}]}, "Triggers": [], "Planner Runtime": 150.358, "Total Runtime": 0.116, "Unique SQL Id": 223205047}}, "(64, '85')": {"explain_plan": {"Plan": {"Node Type": "Aggregate", "Strategy": "Plain", "Startup Cost": 0.02, "Total Cost": 0.03, "Plan Rows": 1, "Plan Width": 96, "Plans": [{"Node Type": "Result", "Parent Relationship": "Outer", "Startup Cost": 0.0, "Total Cost": 0.01, "Plan Rows": 1, "Plan Width": 0, "One-Time Filter": "false"}]}, "Unique SQL Id": 223205047, "Planner Runtime": 119}, "explain_analyze_plan": {"Plan": {"Node Type": "Aggregate", "Strategy": "Plain", "Startup Cost": 0.02, "Total Cost": 0.03, "Plan Rows": 1, "Plan Width": 96, "Actual Startup Time": 0.006, "Actual Total Time": 0.006, "Actual Rows": 1, "Actual Loops": 1, "Plans": [{"Node Type": "Result", "Parent Relationship": "Outer", "Startup Cost": 0.0, "Total Cost": 0.01, "Plan Rows": 1, "Plan Width": 0, "Actual Startup Time": 0.001, "Actual Total Time": 0.001, "Actual Rows": 0, "Actual Loops": 1, "One-Time Filter": "false"}]}, "Triggers": [], "Planner Runtime": 150.358, "Total Runtime": 0.116, "Unique SQL Id": 223205047}}, "(64, '86')": {"explain_plan": {"Plan": {"Node Type": "Aggregate", "Strategy": "Plain", "Startup Cost": 0.02, "Total Cost": 0.03, "Plan Rows": 1, "Plan Width": 96, "Plans": [{"Node Type": "Result", "Parent Relationship": "Outer", "Startup Cost": 0.0, "Total Cost": 0.01, "Plan Rows": 1, "Plan Width": 0, "One-Time Filter": "false"}]}, "Unique SQL Id": 223205047, "Planner Runtime": 149}, "explain_analyze_plan": {"Plan": {"Node Type": "Aggregate", "Strategy": "Plain", "Startup Cost": 0.02, "Total Cost": 0.03, "Plan Rows": 1, "Plan Width": 96, "Actual Startup Time": 0.006, "Actual Total Time": 0.006, "Actual Rows": 1, "Actual Loops": 1, "Plans": [{"Node Type": "Result", "Parent Relationship": "Outer", "Startup Cost": 0.0, "Total Cost": 0.01, "Plan Rows": 1, "Plan Width": 0, "Actual Startup Time": 0.001, "Actual Total Time": 0.001, "Actual Rows": 0, "Actual Loops": 1, "One-Time Filter": "false"}]}, "Triggers": [], "Planner Runtime": 150.358, "Total Runtime": 0.116, "Unique SQL Id": 223205047}}, "(64, '87')": {"explain_plan": {"Plan": {"Node Type": "Aggregate", "Strategy": "Plain", "Startup Cost": 0.02, "Total Cost": 0.03, "Plan Rows": 1, "Plan Width": 96, "Plans": [{"Node Type": "Result", "Parent Relationship": "Outer", "Startup Cost": 0.0, "Total Cost": 0.01, "Plan Rows": 1, "Plan Width": 0, "One-Time Filter": "false"}]}, "Unique SQL Id": 223205047, "Planner Runtime": 119}, "explain_analyze_plan": {"Plan": {"Node Type": "Aggregate", "Strategy": "Plain", "Startup Cost": 0.02, "Total Cost": 0.03, "Plan Rows": 1, "Plan Width": 96, "Actual Startup Time": 0.006, "Actual Total Time": 0.006, "Actual Rows": 1, "Actual Loops": 1, "Plans": [{"Node Type": "Result", "Parent Relationship": "Outer", "Startup Cost": 0.0, "Total Cost": 0.01, "Plan Rows": 1, "Plan Width": 0, "Actual Startup Time": 0.001, "Actual Total Time": 0.001, "Actual Rows": 0, "Actual Loops": 1, "One-Time Filter": "false"}]}, "Triggers": [], "Planner Runtime": 150.358, "Total Runtime": 0.116, "Unique SQL Id": 223205047}}, "(64, '88')": {"explain_plan": {"Plan": {"Node Type": "Aggregate", "Strategy": "Plain", "Startup Cost": 0.02, "Total Cost": 0.03, "Plan Rows": 1, "Plan Width": 96, "Plans": [{"Node Type": "Result", "Parent Relationship": "Outer", "Startup Cost": 0.0, "Total Cost": 0.01, "Plan Rows": 1, "Plan Width": 0, "One-Time Filter": "false"}]}, "Unique SQL Id": 223205047, "Planner Runtime": 152}, "explain_analyze_plan": {"Plan": {"Node Type": "Aggregate", "Strategy": "Plain", "Startup Cost": 0.02, "Total Cost": 0.03, "Plan Rows": 1, "Plan Width": 96, "Actual Startup Time": 0.006, "Actual Total Time": 0.006, "Actual Rows": 1, "Actual Loops": 1, "Plans": [{"Node Type": "Result", "Parent Relationship": "Outer", "Startup Cost": 0.0, "Total Cost": 0.01, "Plan Rows": 1, "Plan Width": 0, "Actual Startup Time": 0.001, "Actual Total Time": 0.001, "Actual Rows": 0, "Actual Loops": 1, "One-Time Filter": "false"}]}, "Triggers": [], "Planner Runtime": 150.358, "Total Runtime": 0.116, "Unique SQL Id": 223205047}}, "(64, '89')": {"explain_plan": {"Plan": {"Node Type": "Aggregate", "Strategy": "Plain", "Startup Cost": 0.02, "Total Cost": 0.03, "Plan Rows": 1, "Plan Width": 96, "Plans": [{"Node Type": "Result", "Parent Relationship": "Outer", "Startup Cost": 0.0, "Total Cost": 0.01, "Plan Rows": 1, "Plan Width": 0, "One-Time Filter": "false"}]}, "Unique SQL Id": 223205047, "Planner Runtime": 128}, "explain_analyze_plan": {"Plan": {"Node Type": "Aggregate", "Strategy": "Plain", "Startup Cost": 0.02, "Total Cost": 0.03, "Plan Rows": 1, "Plan Width": 96, "Actual Startup Time": 0.006, "Actual Total Time": 0.006, "Actual Rows": 1, "Actual Loops": 1, "Plans": [{"Node Type": "Result", "Parent Relationship": "Outer", "Startup Cost": 0.0, "Total Cost": 0.01, "Plan Rows": 1, "Plan Width": 0, "Actual Startup Time": 0.001, "Actual Total Time": 0.001, "Actual Rows": 0, "Actual Loops": 1, "One-Time Filter": "false"}]}, "Triggers": [], "Planner Runtime": 150.358, "Total Runtime": 0.116, "Unique SQL Id": 223205047}}, "(64, '90')": {"explain_plan": {"Plan": {"Node Type": "Aggregate", "Strategy": "Plain", "Startup Cost": 0.02, "Total Cost": 0.03, "Plan Rows": 1, "Plan Width": 96, "Plans": [{"Node Type": "Result", "Parent Relationship": "Outer", "Startup Cost": 0.0, "Total Cost": 0.01, "Plan Rows": 1, "Plan Width": 0, "One-Time Filter": "false"}]}, "Unique SQL Id": 223205047, "Planner Runtime": 145}, "explain_analyze_plan": {"Plan": {"Node Type": "Aggregate", "Strategy": "Plain", "Startup Cost": 0.02, "Total Cost": 0.03, "Plan Rows": 1, "Plan Width": 96, "Actual Startup Time": 0.006, "Actual Total Time": 0.006, "Actual Rows": 1, "Actual Loops": 1, "Plans": [{"Node Type": "Result", "Parent Relationship": "Outer", "Startup Cost": 0.0, "Total Cost": 0.01, "Plan Rows": 1, "Plan Width": 0, "Actual Startup Time": 0.001, "Actual Total Time": 0.001, "Actual Rows": 0, "Actual Loops": 1, "One-Time Filter": "false"}]}, "Triggers": [], "Planner Runtime": 150.358, "Total Runtime": 0.116, "Unique SQL Id": 223205047}}, "(64, '91')": {"explain_plan": {"Plan": {"Node Type": "Aggregate", "Strategy": "Plain", "Startup Cost": 0.02, "Total Cost": 0.03, "Plan Rows": 1, "Plan Width": 96, "Plans": [{"Node Type": "Result", "Parent Relationship": "Outer", "Startup Cost": 0.0, "Total Cost": 0.01, "Plan Rows": 1, "Plan Width": 0, "One-Time Filter": "false"}]}, "Unique SQL Id": 223205047, "Planner Runtime": 115}, "explain_analyze_plan": {"Plan": {"Node Type": "Aggregate", "Strategy": "Plain", "Startup Cost": 0.02, "Total Cost": 0.03, "Plan Rows": 1, "Plan Width": 96, "Actual Startup Time": 0.006, "Actual Total Time": 0.006, "Actual Rows": 1, "Actual Loops": 1, "Plans": [{"Node Type": "Result", "Parent Relationship": "Outer", "Startup Cost": 0.0, "Total Cost": 0.01, "Plan Rows": 1, "Plan Width": 0, "Actual Startup Time": 0.001, "Actual Total Time": 0.001, "Actual Rows": 0, "Actual Loops": 1, "One-Time Filter": "false"}]}, "Triggers": [], "Planner Runtime": 150.358, "Total Runtime": 0.116, "Unique SQL Id": 223205047}}, "(64, '92')": {"explain_plan": {"Plan": {"Node Type": "Aggregate", "Strategy": "Plain", "Startup Cost": 0.02, "Total Cost": 0.03, "Plan Rows": 1, "Plan Width": 96, "Plans": [{"Node Type": "Result", "Parent Relationship": "Outer", "Startup Cost": 0.0, "Total Cost": 0.01, "Plan Rows": 1, "Plan Width": 0, "One-Time Filter": "false"}]}, "Unique SQL Id": 223205047, "Planner Runtime": 144}, "explain_analyze_plan": {"Plan": {"Node Type": "Aggregate", "Strategy": "Plain", "Startup Cost": 0.02, "Total Cost": 0.03, "Plan Rows": 1, "Plan Width": 96, "Actual Startup Time": 0.006, "Actual Total Time": 0.006, "Actual Rows": 1, "Actual Loops": 1, "Plans": [{"Node Type": "Result", "Parent Relationship": "Outer", "Startup Cost": 0.0, "Total Cost": 0.01, "Plan Rows": 1, "Plan Width": 0, "Actual Startup Time": 0.001, "Actual Total Time": 0.001, "Actual Rows": 0, "Actual Loops": 1, "One-Time Filter": "false"}]}, "Triggers": [], "Planner Runtime": 150.358, "Total Runtime": 0.116, "Unique SQL Id": 223205047}}, "(64, '93')": {"explain_plan": {"Plan": {"Node Type": "Aggregate", "Strategy": "Plain", "Startup Cost": 0.02, "Total Cost": 0.03, "Plan Rows": 1, "Plan Width": 96, "Plans": [{"Node Type": "Result", "Parent Relationship": "Outer", "Startup Cost": 0.0, "Total Cost": 0.01, "Plan Rows": 1, "Plan Width": 0, "One-Time Filter": "false"}]}, "Unique SQL Id": 223205047, "Planner Runtime": 115}, "explain_analyze_plan": {"Plan": {"Node Type": "Aggregate", "Strategy": "Plain", "Startup Cost": 0.02, "Total Cost": 0.03, "Plan Rows": 1, "Plan Width": 96, "Actual Startup Time": 0.006, "Actual Total Time": 0.006, "Actual Rows": 1, "Actual Loops": 1, "Plans": [{"Node Type": "Result", "Parent Relationship": "Outer", "Startup Cost": 0.0, "Total Cost": 0.01, "Plan Rows": 1, "Plan Width": 0, "Actual Startup Time": 0.001, "Actual Total Time": 0.001, "Actual Rows": 0, "Actual Loops": 1, "One-Time Filter": "false"}]}, "Triggers": [], "Planner Runtime": 150.358, "Total Runtime": 0.116, "Unique SQL Id": 223205047}}, "(64, '94')": {"explain_plan": {"Plan": {"Node Type": "Aggregate", "Strategy": "Plain", "Startup Cost": 0.02, "Total Cost": 0.03, "Plan Rows": 1, "Plan Width": 96, "Plans": [{"Node Type": "Result", "Parent Relationship": "Outer", "Startup Cost": 0.0, "Total Cost": 0.01, "Plan Rows": 1, "Plan Width": 0, "One-Time Filter": "false"}]}, "Unique SQL Id": 223205047, "Planner Runtime": 143}, "explain_analyze_plan": {"Plan": {"Node Type": "Aggregate", "Strategy": "Plain", "Startup Cost": 0.02, "Total Cost": 0.03, "Plan Rows": 1, "Plan Width": 96, "Actual Startup Time": 0.006, "Actual Total Time": 0.006, "Actual Rows": 1, "Actual Loops": 1, "Plans": [{"Node Type": "Result", "Parent Relationship": "Outer", "Startup Cost": 0.0, "Total Cost": 0.01, "Plan Rows": 1, "Plan Width": 0, "Actual Startup Time": 0.001, "Actual Total Time": 0.001, "Actual Rows": 0, "Actual Loops": 1, "One-Time Filter": "false"}]}, "Triggers": [], "Planner Runtime": 150.358, "Total Runtime": 0.116, "Unique SQL Id": 223205047}}, "(64, '95')": {"explain_plan": {"Plan": {"Node Type": "Aggregate", "Strategy": "Plain", "Startup Cost": 0.02, "Total Cost": 0.03, "Plan Rows": 1, "Plan Width": 96, "Plans": [{"Node Type": "Result", "Parent Relationship": "Outer", "Startup Cost": 0.0, "Total Cost": 0.01, "Plan Rows": 1, "Plan Width": 0, "One-Time Filter": "false"}]}, "Unique SQL Id": 223205047, "Planner Runtime": 115}, "explain_analyze_plan": {"Plan": {"Node Type": "Aggregate", "Strategy": "Plain", "Startup Cost": 0.02, "Total Cost": 0.03, "Plan Rows": 1, "Plan Width": 96, "Actual Startup Time": 0.006, "Actual Total Time": 0.006, "Actual Rows": 1, "Actual Loops": 1, "Plans": [{"Node Type": "Result", "Parent Relationship": "Outer", "Startup Cost": 0.0, "Total Cost": 0.01, "Plan Rows": 1, "Plan Width": 0, "Actual Startup Time": 0.001, "Actual Total Time": 0.001, "Actual Rows": 0, "Actual Loops": 1, "One-Time Filter": "false"}]}, "Triggers": [], "Planner Runtime": 150.358, "Total Runtime": 0.116, "Unique SQL Id": 223205047}}, "(64, '96')": {"explain_plan": {"Plan": {"Node Type": "Aggregate", "Strategy": "Plain", "Startup Cost": 0.02, "Total Cost": 0.03, "Plan Rows": 1, "Plan Width": 96, "Plans": [{"Node Type": "Result", "Parent Relationship": "Outer", "Startup Cost": 0.0, "Total Cost": 0.01, "Plan Rows": 1, "Plan Width": 0, "One-Time Filter": "false"}]}, "Unique SQL Id": 223205047, "Planner Runtime": 144}, "explain_analyze_plan": {"Plan": {"Node Type": "Aggregate", "Strategy": "Plain", "Startup Cost": 0.02, "Total Cost": 0.03, "Plan Rows": 1, "Plan Width": 96, "Actual Startup Time": 0.006, "Actual Total Time": 0.006, "Actual Rows": 1, "Actual Loops": 1, "Plans": [{"Node Type": "Result", "Parent Relationship": "Outer", "Startup Cost": 0.0, "Total Cost": 0.01, "Plan Rows": 1, "Plan Width": 0, "Actual Startup Time": 0.001, "Actual Total Time": 0.001, "Actual Rows": 0, "Actual Loops": 1, "One-Time Filter": "false"}]}, "Triggers": [], "Planner Runtime": 150.358, "Total Runtime": 0.116, "Unique SQL Id": 223205047}}, "(64, '97')": {"explain_plan": {"Plan": {"Node Type": "Aggregate", "Strategy": "Plain", "Startup Cost": 0.02, "Total Cost": 0.03, "Plan Rows": 1, "Plan Width": 96, "Plans": [{"Node Type": "Result", "Parent Relationship": "Outer", "Startup Cost": 0.0, "Total Cost": 0.01, "Plan Rows": 1, "Plan Width": 0, "One-Time Filter": "false"}]}, "Unique SQL Id": 223205047, "Planner Runtime": 129}, "explain_analyze_plan": {"Plan": {"Node Type": "Aggregate", "Strategy": "Plain", "Startup Cost": 0.02, "Total Cost": 0.03, "Plan Rows": 1, "Plan Width": 96, "Actual Startup Time": 0.006, "Actual Total Time": 0.006, "Actual Rows": 1, "Actual Loops": 1, "Plans": [{"Node Type": "Result", "Parent Relationship": "Outer", "Startup Cost": 0.0, "Total Cost": 0.01, "Plan Rows": 1, "Plan Width": 0, "Actual Startup Time": 0.001, "Actual Total Time": 0.001, "Actual Rows": 0, "Actual Loops": 1, "One-Time Filter": "false"}]}, "Triggers": [], "Planner Runtime": 150.358, "Total Runtime": 0.116, "Unique SQL Id": 223205047}}, "(64, '98')": {"explain_plan": {"Plan": {"Node Type": "Aggregate", "Strategy": "Plain", "Startup Cost": 0.02, "Total Cost": 0.03, "Plan Rows": 1, "Plan Width": 96, "Plans": [{"Node Type": "Result", "Parent Relationship": "Outer", "Startup Cost": 0.0, "Total Cost": 0.01, "Plan Rows": 1, "Plan Width": 0, "One-Time Filter": "false"}]}, "Unique SQL Id": 223205047, "Planner Runtime": 149}, "explain_analyze_plan": {"Plan": {"Node Type": "Aggregate", "Strategy": "Plain", "Startup Cost": 0.02, "Total Cost": 0.03, "Plan Rows": 1, "Plan Width": 96, "Actual Startup Time": 0.006, "Actual Total Time": 0.006, "Actual Rows": 1, "Actual Loops": 1, "Plans": [{"Node Type": "Result", "Parent Relationship": "Outer", "Startup Cost": 0.0, "Total Cost": 0.01, "Plan Rows": 1, "Plan Width": 0, "Actual Startup Time": 0.001, "Actual Total Time": 0.001, "Actual Rows": 0, "Actual Loops": 1, "One-Time Filter": "false"}]}, "Triggers": [], "Planner Runtime": 150.358, "Total Runtime": 0.116, "Unique SQL Id": 223205047}}, "(64, '99')": {"explain_plan": {"Plan": {"Node Type": "Aggregate", "Strategy": "Plain", "Startup Cost": 0.02, "Total Cost": 0.03, "Plan Rows": 1, "Plan Width": 96, "Plans": [{"Node Type": "Result", "Parent Relationship": "Outer", "Startup Cost": 0.0, "Total Cost": 0.01, "Plan Rows": 1, "Plan Width": 0, "One-Time Filter": "false"}]}, "Unique SQL Id": 223205047, "Planner Runtime": 88}, "explain_analyze_plan": {"Plan": {"Node Type": "Aggregate", "Strategy": "Plain", "Startup Cost": 0.02, "Total Cost": 0.03, "Plan Rows": 1, "Plan Width": 96, "Actual Startup Time": 0.006, "Actual Total Time": 0.006, "Actual Rows": 1, "Actual Loops": 1, "Plans": [{"Node Type": "Result", "Parent Relationship": "Outer", "Startup Cost": 0.0, "Total Cost": 0.01, "Plan Rows": 1, "Plan Width": 0, "Actual Startup Time": 0.001, "Actual Total Time": 0.001, "Actual Rows": 0, "Actual Loops": 1, "One-Time Filter": "false"}]}, "Triggers": [], "Planner Runtime": 150.358, "Total Runtime": 0.116, "Unique SQL Id": 223205047}}, "(64, '100')": {"explain_plan": {"Plan": {"Node Type": "Aggregate", "Strategy": "Plain", "Startup Cost": 0.02, "Total Cost": 0.03, "Plan Rows": 1, "Plan Width": 96, "Plans": [{"Node Type": "Result", "Parent Relationship": "Outer", "Startup Cost": 0.0, "Total Cost": 0.01, "Plan Rows": 1, "Plan Width": 0, "One-Time Filter": "false"}]}, "Unique SQL Id": 223205047, "Planner Runtime": 148}, "explain_analyze_plan": {"Plan": {"Node Type": "Aggregate", "Strategy": "Plain", "Startup Cost": 0.02, "Total Cost": 0.03, "Plan Rows": 1, "Plan Width": 96, "Actual Startup Time": 0.006, "Actual Total Time": 0.006, "Actual Rows": 1, "Actual Loops": 1, "Plans": [{"Node Type": "Result", "Parent Relationship": "Outer", "Startup Cost": 0.0, "Total Cost": 0.01, "Plan Rows": 1, "Plan Width": 0, "Actual Startup Time": 0.001, "Actual Total Time": 0.001, "Actual Rows": 0, "Actual Loops": 1, "One-Time Filter": "false"}]}, "Triggers": [], "Planner Runtime": 150.358, "Total Runtime": 0.116, "Unique SQL Id": 223205047}}, "(64, '101')": {"explain_plan": {"Plan": {"Node Type": "Aggregate", "Strategy": "Plain", "Startup Cost": 0.02, "Total Cost": 0.03, "Plan Rows": 1, "Plan Width": 96, "Plans": [{"Node Type": "Result", "Parent Relationship": "Outer", "Startup Cost": 0.0, "Total Cost": 0.01, "Plan Rows": 1, "Plan Width": 0, "One-Time Filter": "false"}]}, "Unique SQL Id": 223205047, "Planner Runtime": 120}, "explain_analyze_plan": {"Plan": {"Node Type": "Aggregate", "Strategy": "Plain", "Startup Cost": 0.02, "Total Cost": 0.03, "Plan Rows": 1, "Plan Width": 96, "Actual Startup Time": 0.006, "Actual Total Time": 0.006, "Actual Rows": 1, "Actual Loops": 1, "Plans": [{"Node Type": "Result", "Parent Relationship": "Outer", "Startup Cost": 0.0, "Total Cost": 0.01, "Plan Rows": 1, "Plan Width": 0, "Actual Startup Time": 0.001, "Actual Total Time": 0.001, "Actual Rows": 0, "Actual Loops": 1, "One-Time Filter": "false"}]}, "Triggers": [], "Planner Runtime": 150.358, "Total Runtime": 0.116, "Unique SQL Id": 223205047}}, "(64, '102')": {"explain_plan": {"Plan": {"Node Type": "Aggregate", "Strategy": "Plain", "Startup Cost": 0.02, "Total Cost": 0.03, "Plan Rows": 1, "Plan Width": 96, "Plans": [{"Node Type": "Result", "Parent Relationship": "Outer", "Startup Cost": 0.0, "Total Cost": 0.01, "Plan Rows": 1, "Plan Width": 0, "One-Time Filter": "false"}]}, "Unique SQL Id": 223205047, "Planner Runtime": 149}, "explain_analyze_plan": {"Plan": {"Node Type": "Aggregate", "Strategy": "Plain", "Startup Cost": 0.02, "Total Cost": 0.03, "Plan Rows": 1, "Plan Width": 96, "Actual Startup Time": 0.006, "Actual Total Time": 0.006, "Actual Rows": 1, "Actual Loops": 1, "Plans": [{"Node Type": "Result", "Parent Relationship": "Outer", "Startup Cost": 0.0, "Total Cost": 0.01, "Plan Rows": 1, "Plan Width": 0, "Actual Startup Time": 0.001, "Actual Total Time": 0.001, "Actual Rows": 0, "Actual Loops": 1, "One-Time Filter": "false"}]}, "Triggers": [], "Planner Runtime": 150.358, "Total Runtime": 0.116, "Unique SQL Id": 223205047}}, "(64, '103')": {"explain_plan": {"Plan": {"Node Type": "Aggregate", "Strategy": "Plain", "Startup Cost": 0.02, "Total Cost": 0.03, "Plan Rows": 1, "Plan Width": 96, "Plans": [{"Node Type": "Result", "Parent Relationship": "Outer", "Startup Cost": 0.0, "Total Cost": 0.01, "Plan Rows": 1, "Plan Width": 0, "One-Time Filter": "false"}]}, "Unique SQL Id": 223205047, "Planner Runtime": 120}, "explain_analyze_plan": {"Plan": {"Node Type": "Aggregate", "Strategy": "Plain", "Startup Cost": 0.02, "Total Cost": 0.03, "Plan Rows": 1, "Plan Width": 96, "Actual Startup Time": 0.006, "Actual Total Time": 0.006, "Actual Rows": 1, "Actual Loops": 1, "Plans": [{"Node Type": "Result", "Parent Relationship": "Outer", "Startup Cost": 0.0, "Total Cost": 0.01, "Plan Rows": 1, "Plan Width": 0, "Actual Startup Time": 0.001, "Actual Total Time": 0.001, "Actual Rows": 0, "Actual Loops": 1, "One-Time Filter": "false"}]}, "Triggers": [], "Planner Runtime": 150.358, "Total Runtime": 0.116, "Unique SQL Id": 223205047}}, "(64, '104')": {"explain_plan": {"Plan": {"Node Type": "Aggregate", "Strategy": "Plain", "Startup Cost": 0.02, "Total Cost": 0.03, "Plan Rows": 1, "Plan Width": 96, "Plans": [{"Node Type": "Result", "Parent Relationship": "Outer", "Startup Cost": 0.0, "Total Cost": 0.01, "Plan Rows": 1, "Plan Width": 0, "One-Time Filter": "false"}]}, "Unique SQL Id": 223205047, "Planner Runtime": 149}, "explain_analyze_plan": {"Plan": {"Node Type": "Aggregate", "Strategy": "Plain", "Startup Cost": 0.02, "Total Cost": 0.03, "Plan Rows": 1, "Plan Width": 96, "Actual Startup Time": 0.006, "Actual Total Time": 0.006, "Actual Rows": 1, "Actual Loops": 1, "Plans": [{"Node Type": "Result", "Parent Relationship": "Outer", "Startup Cost": 0.0, "Total Cost": 0.01, "Plan Rows": 1, "Plan Width": 0, "Actual Startup Time": 0.001, "Actual Total Time": 0.001, "Actual Rows": 0, "Actual Loops": 1, "One-Time Filter": "false"}]}, "Triggers": [], "Planner Runtime": 150.358, "Total Runtime": 0.116, "Unique SQL Id": 223205047}}, "(64, '105')": {"explain_plan": {"Plan": {"Node Type": "Aggregate", "Strategy": "Plain", "Startup Cost": 0.02, "Total Cost": 0.03, "Plan Rows": 1, "Plan Width": 96, "Plans": [{"Node Type": "Result", "Parent Relationship": "Outer", "Startup Cost": 0.0, "Total Cost": 0.01, "Plan Rows": 1, "Plan Width": 0, "One-Time Filter": "false"}]}, "Unique SQL Id": 223205047, "Planner Runtime": 127}, "explain_analyze_plan": {"Plan": {"Node Type": "Aggregate", "Strategy": "Plain", "Startup Cost": 0.02, "Total Cost": 0.03, "Plan Rows": 1, "Plan Width": 96, "Actual Startup Time": 0.006, "Actual Total Time": 0.006, "Actual Rows": 1, "Actual Loops": 1, "Plans": [{"Node Type": "Result", "Parent Relationship": "Outer", "Startup Cost": 0.0, "Total Cost": 0.01, "Plan Rows": 1, "Plan Width": 0, "Actual Startup Time": 0.001, "Actual Total Time": 0.001, "Actual Rows": 0, "Actual Loops": 1, "One-Time Filter": "false"}]}, "Triggers": [], "Planner Runtime": 150.358, "Total Runtime": 0.116, "Unique SQL Id": 223205047}}, "(64, '106')": {"explain_plan": {"Plan": {"Node Type": "Aggregate", "Strategy": "Plain", "Startup Cost": 0.02, "Total Cost": 0.03, "Plan Rows": 1, "Plan Width": 96, "Plans": [{"Node Type": "Result", "Parent Relationship": "Outer", "Startup Cost": 0.0, "Total Cost": 0.01, "Plan Rows": 1, "Plan Width": 0, "One-Time Filter": "false"}]}, "Unique SQL Id": 223205047, "Planner Runtime": 144}, "explain_analyze_plan": {"Plan": {"Node Type": "Aggregate", "Strategy": "Plain", "Startup Cost": 0.02, "Total Cost": 0.03, "Plan Rows": 1, "Plan Width": 96, "Actual Startup Time": 0.006, "Actual Total Time": 0.006, "Actual Rows": 1, "Actual Loops": 1, "Plans": [{"Node Type": "Result", "Parent Relationship": "Outer", "Startup Cost": 0.0, "Total Cost": 0.01, "Plan Rows": 1, "Plan Width": 0, "Actual Startup Time": 0.001, "Actual Total Time": 0.001, "Actual Rows": 0, "Actual Loops": 1, "One-Time Filter": "false"}]}, "Triggers": [], "Planner Runtime": 150.358, "Total Runtime": 0.116, "Unique SQL Id": 223205047}}, "(64, '107')": {"explain_plan": {"Plan": {"Node Type": "Aggregate", "Strategy": "Plain", "Startup Cost": 0.02, "Total Cost": 0.03, "Plan Rows": 1, "Plan Width": 96, "Plans": [{"Node Type": "Result", "Parent Relationship": "Outer", "Startup Cost": 0.0, "Total Cost": 0.01, "Plan Rows": 1, "Plan Width": 0, "One-Time Filter": "false"}]}, "Unique SQL Id": 223205047, "Planner Runtime": 115}, "explain_analyze_plan": {"Plan": {"Node Type": "Aggregate", "Strategy": "Plain", "Startup Cost": 0.02, "Total Cost": 0.03, "Plan Rows": 1, "Plan Width": 96, "Actual Startup Time": 0.006, "Actual Total Time": 0.006, "Actual Rows": 1, "Actual Loops": 1, "Plans": [{"Node Type": "Result", "Parent Relationship": "Outer", "Startup Cost": 0.0, "Total Cost": 0.01, "Plan Rows": 1, "Plan Width": 0, "Actual Startup Time": 0.001, "Actual Total Time": 0.001, "Actual Rows": 0, "Actual Loops": 1, "One-Time Filter": "false"}]}, "Triggers": [], "Planner Runtime": 150.358, "Total Runtime": 0.116, "Unique SQL Id": 223205047}}, "(64, '108')": {"explain_plan": {"Plan": {"Node Type": "Aggregate", "Strategy": "Plain", "Startup Cost": 0.02, "Total Cost": 0.03, "Plan Rows": 1, "Plan Width": 96, "Plans": [{"Node Type": "Result", "Parent Relationship": "Outer", "Startup Cost": 0.0, "Total Cost": 0.01, "Plan Rows": 1, "Plan Width": 0, "One-Time Filter": "false"}]}, "Unique SQL Id": 223205047, "Planner Runtime": 144}, "explain_analyze_plan": {"Plan": {"Node Type": "Aggregate", "Strategy": "Plain", "Startup Cost": 0.02, "Total Cost": 0.03, "Plan Rows": 1, "Plan Width": 96, "Actual Startup Time": 0.006, "Actual Total Time": 0.006, "Actual Rows": 1, "Actual Loops": 1, "Plans": [{"Node Type": "Result", "Parent Relationship": "Outer", "Startup Cost": 0.0, "Total Cost": 0.01, "Plan Rows": 1, "Plan Width": 0, "Actual Startup Time": 0.001, "Actual Total Time": 0.001, "Actual Rows": 0, "Actual Loops": 1, "One-Time Filter": "false"}]}, "Triggers": [], "Planner Runtime": 150.358, "Total Runtime": 0.116, "Unique SQL Id": 223205047}}, "(64, '109')": {"explain_plan": {"Plan": {"Node Type": "Aggregate", "Strategy": "Plain", "Startup Cost": 0.02, "Total Cost": 0.03, "Plan Rows": 1, "Plan Width": 96, "Plans": [{"Node Type": "Result", "Parent Relationship": "Outer", "Startup Cost": 0.0, "Total Cost": 0.01, "Plan Rows": 1, "Plan Width": 0, "One-Time Filter": "false"}]}, "Unique SQL Id": 223205047, "Planner Runtime": 116}, "explain_analyze_plan": {"Plan": {"Node Type": "Aggregate", "Strategy": "Plain", "Startup Cost": 0.02, "Total Cost": 0.03, "Plan Rows": 1, "Plan Width": 96, "Actual Startup Time": 0.006, "Actual Total Time": 0.006, "Actual Rows": 1, "Actual Loops": 1, "Plans": [{"Node Type": "Result", "Parent Relationship": "Outer", "Startup Cost": 0.0, "Total Cost": 0.01, "Plan Rows": 1, "Plan Width": 0, "Actual Startup Time": 0.001, "Actual Total Time": 0.001, "Actual Rows": 0, "Actual Loops": 1, "One-Time Filter": "false"}]}, "Triggers": [], "Planner Runtime": 150.358, "Total Runtime": 0.116, "Unique SQL Id": 223205047}}, "(64, '110')": {"explain_plan": {"Plan": {"Node Type": "Aggregate", "Strategy": "Plain", "Startup Cost": 0.02, "Total Cost": 0.03, "Plan Rows": 1, "Plan Width": 96, "Plans": [{"Node Type": "Result", "Parent Relationship": "Outer", "Startup Cost": 0.0, "Total Cost": 0.01, "Plan Rows": 1, "Plan Width": 0, "One-Time Filter": "false"}]}, "Unique SQL Id": 223205047, "Planner Runtime": 148}, "explain_analyze_plan": {"Plan": {"Node Type": "Aggregate", "Strategy": "Plain", "Startup Cost": 0.02, "Total Cost": 0.03, "Plan Rows": 1, "Plan Width": 96, "Actual Startup Time": 0.006, "Actual Total Time": 0.006, "Actual Rows": 1, "Actual Loops": 1, "Plans": [{"Node Type": "Result", "Parent Relationship": "Outer", "Startup Cost": 0.0, "Total Cost": 0.01, "Plan Rows": 1, "Plan Width": 0, "Actual Startup Time": 0.001, "Actual Total Time": 0.001, "Actual Rows": 0, "Actual Loops": 1, "One-Time Filter": "false"}]}, "Triggers": [], "Planner Runtime": 150.358, "Total Runtime": 0.116, "Unique SQL Id": 223205047}}, "(64, '111')": {"explain_plan": {"Plan": {"Node Type": "Aggregate", "Strategy": "Plain", "Startup Cost": 0.02, "Total Cost": 0.03, "Plan Rows": 1, "Plan Width": 96, "Plans": [{"Node Type": "Result", "Parent Relationship": "Outer", "Startup Cost": 0.0, "Total Cost": 0.01, "Plan Rows": 1, "Plan Width": 0, "One-Time Filter": "false"}]}, "Unique SQL Id": 223205047, "Planner Runtime": 118}, "explain_analyze_plan": {"Plan": {"Node Type": "Aggregate", "Strategy": "Plain", "Startup Cost": 0.02, "Total Cost": 0.03, "Plan Rows": 1, "Plan Width": 96, "Actual Startup Time": 0.006, "Actual Total Time": 0.006, "Actual Rows": 1, "Actual Loops": 1, "Plans": [{"Node Type": "Result", "Parent Relationship": "Outer", "Startup Cost": 0.0, "Total Cost": 0.01, "Plan Rows": 1, "Plan Width": 0, "Actual Startup Time": 0.001, "Actual Total Time": 0.001, "Actual Rows": 0, "Actual Loops": 1, "One-Time Filter": "false"}]}, "Triggers": [], "Planner Runtime": 150.358, "Total Runtime": 0.116, "Unique SQL Id": 223205047}}, "(64, '112')": {"explain_plan": {"Plan": {"Node Type": "Aggregate", "Strategy": "Plain", "Startup Cost": 0.02, "Total Cost": 0.03, "Plan Rows": 1, "Plan Width": 96, "Plans": [{"Node Type": "Result", "Parent Relationship": "Outer", "Startup Cost": 0.0, "Total Cost": 0.01, "Plan Rows": 1, "Plan Width": 0, "One-Time Filter": "false"}]}, "Unique SQL Id": 223205047, "Planner Runtime": 149}, "explain_analyze_plan": {"Plan": {"Node Type": "Aggregate", "Strategy": "Plain", "Startup Cost": 0.02, "Total Cost": 0.03, "Plan Rows": 1, "Plan Width": 96, "Actual Startup Time": 0.006, "Actual Total Time": 0.006, "Actual Rows": 1, "Actual Loops": 1, "Plans": [{"Node Type": "Result", "Parent Relationship": "Outer", "Startup Cost": 0.0, "Total Cost": 0.01, "Plan Rows": 1, "Plan Width": 0, "Actual Startup Time": 0.001, "Actual Total Time": 0.001, "Actual Rows": 0, "Actual Loops": 1, "One-Time Filter": "false"}]}, "Triggers": [], "Planner Runtime": 150.358, "Total Runtime": 0.116, "Unique SQL Id": 223205047}}, "(64, '113')": {"explain_plan": {"Plan": {"Node Type": "Aggregate", "Strategy": "Plain", "Startup Cost": 0.02, "Total Cost": 0.03, "Plan Rows": 1, "Plan Width": 96, "Plans": [{"Node Type": "Result", "Parent Relationship": "Outer", "Startup Cost": 0.0, "Total Cost": 0.01, "Plan Rows": 1, "Plan Width": 0, "One-Time Filter": "false"}]}, "Unique SQL Id": 223205047, "Planner Runtime": 131}, "explain_analyze_plan": {"Plan": {"Node Type": "Aggregate", "Strategy": "Plain", "Startup Cost": 0.02, "Total Cost": 0.03, "Plan Rows": 1, "Plan Width": 96, "Actual Startup Time": 0.006, "Actual Total Time": 0.006, "Actual Rows": 1, "Actual Loops": 1, "Plans": [{"Node Type": "Result", "Parent Relationship": "Outer", "Startup Cost": 0.0, "Total Cost": 0.01, "Plan Rows": 1, "Plan Width": 0, "Actual Startup Time": 0.001, "Actual Total Time": 0.001, "Actual Rows": 0, "Actual Loops": 1, "One-Time Filter": "false"}]}, "Triggers": [], "Planner Runtime": 150.358, "Total Runtime": 0.116, "Unique SQL Id": 223205047}}, "(64, '114')": {"explain_plan": {"Plan": {"Node Type": "Aggregate", "Strategy": "Plain", "Startup Cost": 0.02, "Total Cost": 0.03, "Plan Rows": 1, "Plan Width": 96, "Plans": [{"Node Type": "Result", "Parent Relationship": "Outer", "Startup Cost": 0.0, "Total Cost": 0.01, "Plan Rows": 1, "Plan Width": 0, "One-Time Filter": "false"}]}, "Unique SQL Id": 223205047, "Planner Runtime": 151}, "explain_analyze_plan": {"Plan": {"Node Type": "Aggregate", "Strategy": "Plain", "Startup Cost": 0.02, "Total Cost": 0.03, "Plan Rows": 1, "Plan Width": 96, "Actual Startup Time": 0.006, "Actual Total Time": 0.006, "Actual Rows": 1, "Actual Loops": 1, "Plans": [{"Node Type": "Result", "Parent Relationship": "Outer", "Startup Cost": 0.0, "Total Cost": 0.01, "Plan Rows": 1, "Plan Width": 0, "Actual Startup Time": 0.001, "Actual Total Time": 0.001, "Actual Rows": 0, "Actual Loops": 1, "One-Time Filter": "false"}]}, "Triggers": [], "Planner Runtime": 150.358, "Total Runtime": 0.116, "Unique SQL Id": 223205047}}, "(64, '115')": {"explain_plan": {"Plan": {"Node Type": "Aggregate", "Strategy": "Plain", "Startup Cost": 0.02, "Total Cost": 0.03, "Plan Rows": 1, "Plan Width": 96, "Plans": [{"Node Type": "Result", "Parent Relationship": "Outer", "Startup Cost": 0.0, "Total Cost": 0.01, "Plan Rows": 1, "Plan Width": 0, "One-Time Filter": "false"}]}, "Unique SQL Id": 223205047, "Planner Runtime": 86}, "explain_analyze_plan": {"Plan": {"Node Type": "Aggregate", "Strategy": "Plain", "Startup Cost": 0.02, "Total Cost": 0.03, "Plan Rows": 1, "Plan Width": 96, "Actual Startup Time": 0.006, "Actual Total Time": 0.006, "Actual Rows": 1, "Actual Loops": 1, "Plans": [{"Node Type": "Result", "Parent Relationship": "Outer", "Startup Cost": 0.0, "Total Cost": 0.01, "Plan Rows": 1, "Plan Width": 0, "Actual Startup Time": 0.001, "Actual Total Time": 0.001, "Actual Rows": 0, "Actual Loops": 1, "One-Time Filter": "false"}]}, "Triggers": [], "Planner Runtime": 150.358, "Total Runtime": 0.116, "Unique SQL Id": 223205047}}, "(64, '116')": {"explain_plan": {"Plan": {"Node Type": "Aggregate", "Strategy": "Plain", "Startup Cost": 0.02, "Total Cost": 0.03, "Plan Rows": 1, "Plan Width": 96, "Plans": [{"Node Type": "Result", "Parent Relationship": "Outer", "Startup Cost": 0.0, "Total Cost": 0.01, "Plan Rows": 1, "Plan Width": 0, "One-Time Filter": "false"}]}, "Unique SQL Id": 223205047, "Planner Runtime": 148}, "explain_analyze_plan": {"Plan": {"Node Type": "Aggregate", "Strategy": "Plain", "Startup Cost": 0.02, "Total Cost": 0.03, "Plan Rows": 1, "Plan Width": 96, "Actual Startup Time": 0.006, "Actual Total Time": 0.006, "Actual Rows": 1, "Actual Loops": 1, "Plans": [{"Node Type": "Result", "Parent Relationship": "Outer", "Startup Cost": 0.0, "Total Cost": 0.01, "Plan Rows": 1, "Plan Width": 0, "Actual Startup Time": 0.001, "Actual Total Time": 0.001, "Actual Rows": 0, "Actual Loops": 1, "One-Time Filter": "false"}]}, "Triggers": [], "Planner Runtime": 150.358, "Total Runtime": 0.116, "Unique SQL Id": 223205047}}, "(64, '117')": {"explain_plan": {"Plan": {"Node Type": "Aggregate", "Strategy": "Plain", "Startup Cost": 0.02, "Total Cost": 0.03, "Plan Rows": 1, "Plan Width": 96, "Plans": [{"Node Type": "Result", "Parent Relationship": "Outer", "Startup Cost": 0.0, "Total Cost": 0.01, "Plan Rows": 1, "Plan Width": 0, "One-Time Filter": "false"}]}, "Unique SQL Id": 223205047, "Planner Runtime": 120}, "explain_analyze_plan": {"Plan": {"Node Type": "Aggregate", "Strategy": "Plain", "Startup Cost": 0.02, "Total Cost": 0.03, "Plan Rows": 1, "Plan Width": 96, "Actual Startup Time": 0.006, "Actual Total Time": 0.006, "Actual Rows": 1, "Actual Loops": 1, "Plans": [{"Node Type": "Result", "Parent Relationship": "Outer", "Startup Cost": 0.0, "Total Cost": 0.01, "Plan Rows": 1, "Plan Width": 0, "Actual Startup Time": 0.001, "Actual Total Time": 0.001, "Actual Rows": 0, "Actual Loops": 1, "One-Time Filter": "false"}]}, "Triggers": [], "Planner Runtime": 150.358, "Total Runtime": 0.116, "Unique SQL Id": 223205047}}, "(64, '118')": {"explain_plan": {"Plan": {"Node Type": "Aggregate", "Strategy": "Plain", "Startup Cost": 0.02, "Total Cost": 0.03, "Plan Rows": 1, "Plan Width": 96, "Plans": [{"Node Type": "Result", "Parent Relationship": "Outer", "Startup Cost": 0.0, "Total Cost": 0.01, "Plan Rows": 1, "Plan Width": 0, "One-Time Filter": "false"}]}, "Unique SQL Id": 223205047, "Planner Runtime": 150}, "explain_analyze_plan": {"Plan": {"Node Type": "Aggregate", "Strategy": "Plain", "Startup Cost": 0.02, "Total Cost": 0.03, "Plan Rows": 1, "Plan Width": 96, "Actual Startup Time": 0.006, "Actual Total Time": 0.006, "Actual Rows": 1, "Actual Loops": 1, "Plans": [{"Node Type": "Result", "Parent Relationship": "Outer", "Startup Cost": 0.0, "Total Cost": 0.01, "Plan Rows": 1, "Plan Width": 0, "Actual Startup Time": 0.001, "Actual Total Time": 0.001, "Actual Rows": 0, "Actual Loops": 1, "One-Time Filter": "false"}]}, "Triggers": [], "Planner Runtime": 150.358, "Total Runtime": 0.116, "Unique SQL Id": 223205047}}, "(64, '119')": {"explain_plan": {"Plan": {"Node Type": "Aggregate", "Strategy": "Plain", "Startup Cost": 0.02, "Total Cost": 0.03, "Plan Rows": 1, "Plan Width": 96, "Plans": [{"Node Type": "Result", "Parent Relationship": "Outer", "Startup Cost": 0.0, "Total Cost": 0.01, "Plan Rows": 1, "Plan Width": 0, "One-Time Filter": "false"}]}, "Unique SQL Id": 223205047, "Planner Runtime": 119}, "explain_analyze_plan": {"Plan": {"Node Type": "Aggregate", "Strategy": "Plain", "Startup Cost": 0.02, "Total Cost": 0.03, "Plan Rows": 1, "Plan Width": 96, "Actual Startup Time": 0.006, "Actual Total Time": 0.006, "Actual Rows": 1, "Actual Loops": 1, "Plans": [{"Node Type": "Result", "Parent Relationship": "Outer", "Startup Cost": 0.0, "Total Cost": 0.01, "Plan Rows": 1, "Plan Width": 0, "Actual Startup Time": 0.001, "Actual Total Time": 0.001, "Actual Rows": 0, "Actual Loops": 1, "One-Time Filter": "false"}]}, "Triggers": [], "Planner Runtime": 150.358, "Total Runtime": 0.116, "Unique SQL Id": 223205047}}, "(64, '120')": {"explain_plan": {"Plan": {"Node Type": "Aggregate", "Strategy": "Plain", "Startup Cost": 0.02, "Total Cost": 0.03, "Plan Rows": 1, "Plan Width": 96, "Plans": [{"Node Type": "Result", "Parent Relationship": "Outer", "Startup Cost": 0.0, "Total Cost": 0.01, "Plan Rows": 1, "Plan Width": 0, "One-Time Filter": "false"}]}, "Unique SQL Id": 223205047, "Planner Runtime": 149}, "explain_analyze_plan": {"Plan": {"Node Type": "Aggregate", "Strategy": "Plain", "Startup Cost": 0.02, "Total Cost": 0.03, "Plan Rows": 1, "Plan Width": 96, "Actual Startup Time": 0.006, "Actual Total Time": 0.006, "Actual Rows": 1, "Actual Loops": 1, "Plans": [{"Node Type": "Result", "Parent Relationship": "Outer", "Startup Cost": 0.0, "Total Cost": 0.01, "Plan Rows": 1, "Plan Width": 0, "Actual Startup Time": 0.001, "Actual Total Time": 0.001, "Actual Rows": 0, "Actual Loops": 1, "One-Time Filter": "false"}]}, "Triggers": [], "Planner Runtime": 150.358, "Total Runtime": 0.116, "Unique SQL Id": 223205047}}, "(64, '121')": {"explain_plan": {"Plan": {"Node Type": "Aggregate", "Strategy": "Plain", "Startup Cost": 0.02, "Total Cost": 0.03, "Plan Rows": 1, "Plan Width": 96, "Plans": [{"Node Type": "Result", "Parent Relationship": "Outer", "Startup Cost": 0.0, "Total Cost": 0.01, "Plan Rows": 1, "Plan Width": 0, "One-Time Filter": "false"}]}, "Unique SQL Id": 223205047, "Planner Runtime": 131}, "explain_analyze_plan": {"Plan": {"Node Type": "Aggregate", "Strategy": "Plain", "Startup Cost": 0.02, "Total Cost": 0.03, "Plan Rows": 1, "Plan Width": 96, "Actual Startup Time": 0.006, "Actual Total Time": 0.006, "Actual Rows": 1, "Actual Loops": 1, "Plans": [{"Node Type": "Result", "Parent Relationship": "Outer", "Startup Cost": 0.0, "Total Cost": 0.01, "Plan Rows": 1, "Plan Width": 0, "Actual Startup Time": 0.001, "Actual Total Time": 0.001, "Actual Rows": 0, "Actual Loops": 1, "One-Time Filter": "false"}]}, "Triggers": [], "Planner Runtime": 150.358, "Total Runtime": 0.116, "Unique SQL Id": 223205047}}, "(64, '122')": {"explain_plan": {"Plan": {"Node Type": "Aggregate", "Strategy": "Plain", "Startup Cost": 0.02, "Total Cost": 0.03, "Plan Rows": 1, "Plan Width": 96, "Plans": [{"Node Type": "Result", "Parent Relationship": "Outer", "Startup Cost": 0.0, "Total Cost": 0.01, "Plan Rows": 1, "Plan Width": 0, "One-Time Filter": "false"}]}, "Unique SQL Id": 223205047, "Planner Runtime": 149}, "explain_analyze_plan": {"Plan": {"Node Type": "Aggregate", "Strategy": "Plain", "Startup Cost": 0.02, "Total Cost": 0.03, "Plan Rows": 1, "Plan Width": 96, "Actual Startup Time": 0.006, "Actual Total Time": 0.006, "Actual Rows": 1, "Actual Loops": 1, "Plans": [{"Node Type": "Result", "Parent Relationship": "Outer", "Startup Cost": 0.0, "Total Cost": 0.01, "Plan Rows": 1, "Plan Width": 0, "Actual Startup Time": 0.001, "Actual Total Time": 0.001, "Actual Rows": 0, "Actual Loops": 1, "One-Time Filter": "false"}]}, "Triggers": [], "Planner Runtime": 150.358, "Total Runtime": 0.116, "Unique SQL Id": 223205047}}, "(64, '123')": {"explain_plan": {"Plan": {"Node Type": "Aggregate", "Strategy": "Plain", "Startup Cost": 0.02, "Total Cost": 0.03, "Plan Rows": 1, "Plan Width": 96, "Plans": [{"Node Type": "Result", "Parent Relationship": "Outer", "Startup Cost": 0.0, "Total Cost": 0.01, "Plan Rows": 1, "Plan Width": 0, "One-Time Filter": "false"}]}, "Unique SQL Id": 223205047, "Planner Runtime": 120}, "explain_analyze_plan": {"Plan": {"Node Type": "Aggregate", "Strategy": "Plain", "Startup Cost": 0.02, "Total Cost": 0.03, "Plan Rows": 1, "Plan Width": 96, "Actual Startup Time": 0.006, "Actual Total Time": 0.006, "Actual Rows": 1, "Actual Loops": 1, "Plans": [{"Node Type": "Result", "Parent Relationship": "Outer", "Startup Cost": 0.0, "Total Cost": 0.01, "Plan Rows": 1, "Plan Width": 0, "Actual Startup Time": 0.001, "Actual Total Time": 0.001, "Actual Rows": 0, "Actual Loops": 1, "One-Time Filter": "false"}]}, "Triggers": [], "Planner Runtime": 150.358, "Total Runtime": 0.116, "Unique SQL Id": 223205047}}, "(64, '124')": {"explain_plan": {"Plan": {"Node Type": "Aggregate", "Strategy": "Plain", "Startup Cost": 0.02, "Total Cost": 0.03, "Plan Rows": 1, "Plan Width": 96, "Plans": [{"Node Type": "Result", "Parent Relationship": "Outer", "Startup Cost": 0.0, "Total Cost": 0.01, "Plan Rows": 1, "Plan Width": 0, "One-Time Filter": "false"}]}, "Unique SQL Id": 223205047, "Planner Runtime": 149}, "explain_analyze_plan": {"Plan": {"Node Type": "Aggregate", "Strategy": "Plain", "Startup Cost": 0.02, "Total Cost": 0.03, "Plan Rows": 1, "Plan Width": 96, "Actual Startup Time": 0.006, "Actual Total Time": 0.006, "Actual Rows": 1, "Actual Loops": 1, "Plans": [{"Node Type": "Result", "Parent Relationship": "Outer", "Startup Cost": 0.0, "Total Cost": 0.01, "Plan Rows": 1, "Plan Width": 0, "Actual Startup Time": 0.001, "Actual Total Time": 0.001, "Actual Rows": 0, "Actual Loops": 1, "One-Time Filter": "false"}]}, "Triggers": [], "Planner Runtime": 150.358, "Total Runtime": 0.116, "Unique SQL Id": 223205047}}, "(64, '125')": {"explain_plan": {"Plan": {"Node Type": "Aggregate", "Strategy": "Plain", "Startup Cost": 0.02, "Total Cost": 0.03, "Plan Rows": 1, "Plan Width": 96, "Plans": [{"Node Type": "Result", "Parent Relationship": "Outer", "Startup Cost": 0.0, "Total Cost": 0.01, "Plan Rows": 1, "Plan Width": 0, "One-Time Filter": "false"}]}, "Unique SQL Id": 223205047, "Planner Runtime": 119}, "explain_analyze_plan": {"Plan": {"Node Type": "Aggregate", "Strategy": "Plain", "Startup Cost": 0.02, "Total Cost": 0.03, "Plan Rows": 1, "Plan Width": 96, "Actual Startup Time": 0.006, "Actual Total Time": 0.006, "Actual Rows": 1, "Actual Loops": 1, "Plans": [{"Node Type": "Result", "Parent Relationship": "Outer", "Startup Cost": 0.0, "Total Cost": 0.01, "Plan Rows": 1, "Plan Width": 0, "Actual Startup Time": 0.001, "Actual Total Time": 0.001, "Actual Rows": 0, "Actual Loops": 1, "One-Time Filter": "false"}]}, "Triggers": [], "Planner Runtime": 150.358, "Total Runtime": 0.116, "Unique SQL Id": 223205047}}, "(64, '126')": {"explain_plan": {"Plan": {"Node Type": "Aggregate", "Strategy": "Plain", "Startup Cost": 0.02, "Total Cost": 0.03, "Plan Rows": 1, "Plan Width": 96, "Plans": [{"Node Type": "Result", "Parent Relationship": "Outer", "Startup Cost": 0.0, "Total Cost": 0.01, "Plan Rows": 1, "Plan Width": 0, "One-Time Filter": "false"}]}, "Unique SQL Id": 223205047, "Planner Runtime": 149}, "explain_analyze_plan": {"Plan": {"Node Type": "Aggregate", "Strategy": "Plain", "Startup Cost": 0.02, "Total Cost": 0.03, "Plan Rows": 1, "Plan Width": 96, "Actual Startup Time": 0.006, "Actual Total Time": 0.006, "Actual Rows": 1, "Actual Loops": 1, "Plans": [{"Node Type": "Result", "Parent Relationship": "Outer", "Startup Cost": 0.0, "Total Cost": 0.01, "Plan Rows": 1, "Plan Width": 0, "Actual Startup Time": 0.001, "Actual Total Time": 0.001, "Actual Rows": 0, "Actual Loops": 1, "One-Time Filter": "false"}]}, "Triggers": [], "Planner Runtime": 150.358, "Total Runtime": 0.116, "Unique SQL Id": 223205047}}, "(64, '127')": {"explain_plan": {"Plan": {"Node Type": "Aggregate", "Strategy": "Plain", "Startup Cost": 0.02, "Total Cost": 0.03, "Plan Rows": 1, "Plan Width": 96, "Plans": [{"Node Type": "Result", "Parent Relationship": "Outer", "Startup Cost": 0.0, "Total Cost": 0.01, "Plan Rows": 1, "Plan Width": 0, "One-Time Filter": "false"}]}, "Unique SQL Id": 223205047, "Planner Runtime": 117}, "explain_analyze_plan": {"Plan": {"Node Type": "Aggregate", "Strategy": "Plain", "Startup Cost": 0.02, "Total Cost": 0.03, "Plan Rows": 1, "Plan Width": 96, "Actual Startup Time": 0.006, "Actual Total Time": 0.006, "Actual Rows": 1, "Actual Loops": 1, "Plans": [{"Node Type": "Result", "Parent Relationship": "Outer", "Startup Cost": 0.0, "Total Cost": 0.01, "Plan Rows": 1, "Plan Width": 0, "Actual Startup Time": 0.001, "Actual Total Time": 0.001, "Actual Rows": 0, "Actual Loops": 1, "One-Time Filter": "false"}]}, "Triggers": [], "Planner Runtime": 150.358, "Total Runtime": 0.116, "Unique SQL Id": 223205047}}}